<?xml version="1.0" encoding="UTF-8"?>
<!-- Generated by org.testng.reporters.JUnitReportReporter -->
<testsuite hostname="xingzhifangdeMacBook-Pro.local" name="macaca.client.DesktopSampleTest" tests="3" failures="0" timestamp="26 Jun 2017 03:02:47 GMT" time="12.369" errors="2">
  <testcase name="test_case_2" time="4.176" classname="macaca.client.DesktopSampleTest">
    <error type="java.lang.AssertionError" message="expected [a string containing &quot;&lt;html&gt;&quot;] but found [&lt;html&gt;&lt;head&gt;
    
    &lt;meta http-equiv=&quot;content-type&quot; content=&quot;text/html;charset=utf-8&quot;&gt;&lt;style data-for=&quot;result&quot; id=&quot;css_result&quot; type=&quot;text/css&quot;&gt;body{color:#333;background:#fff;padding:6px 0 0;margin:0;position:relative;min-width:900px}body,th,td,.p1,.p2{font-family:arial}p,form,ol,ul,li,dl,dt,dd,h3{margin:0;padding:0;list-style:none}input{padding-top:0;padding-bottom:0;-moz-box-sizing:border-box;-webkit-box-sizing:border-box;box-sizing:border-box}table,img{border:0}td{font-size:9pt;line-height:18px}em{font-style:normal;color:#c00}a em{text-decoration:underline}cite{font-style:normal;color:green}.m,a.m{color:#666}a.m:visited{color:#606}.g,a.g{color:green}.c{color:#77c}.f14{font-size:14px}.f10{font-size:10.5pt}.f16{font-size:16px}.f13{font-size:13px}.bg{background-image:url(https://ss1.bdstatic.com/5eN1bjq8AAUYm2zgoY3K/r/www/cache/static/protocol/https/global/img/icons_5859e57.png);_background-image:url(https://ss1.bdstatic.com/5eN1bjq8AAUYm2zgoY3K/r/www/cache/static/protocol/https/global/img/icons_d5b04cc.gif);background-repeat:no-repeat}#u,#head,#tool,#search,#foot{font-size:12px}.logo{width:117px;height:38px;cursor:pointer}.p1{line-height:120%;margin-left:-12pt}.p2{width:100%;line-height:120%;margin-left:-12pt}#wrapper{_zoom:1}#container{word-break:break-all;word-wrap:break-word}.container_s{width:1002px}.container_l{width:1222px}#content_left{width:636px;float:left;padding-left:35px}#content_right{border-left:1px solid #e1e1e1;float:right}.container_s #content_right{width:271px}.container_l #content_right{width:434px}.content_none{padding-left:35px}#u{color:#999;white-space:nowrap;position:absolute;right:10px;top:4px;z-index:299}#u a{color:#00c;margin:0 5px}#u .reg{margin:0}#u .last{margin-right:0}#u .un{font-weight:700;margin-right:5px}#u ul{width:100%;background:#fff;border:1px solid #9b9b9b}#u li{height:25px}#u li a{width:100%;height:25px;line-height:25px;display:block;text-align:left;text-decoration:none;text-indent:6px;margin:0;filter:none\9}#u li a:hover{background:#ebebeb}#u li.nl{border-top:1px solid #ebebeb}#user{display:inline-block}#user_center{position:relative;display:inline-block}#user_center .user_center_btn{margin-right:5px}.userMenu{width:64px;position:absolute;right:7px;_right:2px;top:15px;top:14px\9;*top:15px;padding-top:4px;display:none;*background:#fff}#head{padding-left:35px;margin-bottom:20px;width:900px}.fm{clear:both;position:relative;z-index:297}.nv a,.nv b,.btn,#page,#more{font-size:14px}.s_nav{height:45px}.s_nav .s_logo{margin-right:20px;float:left}.s_nav .s_logo img{border:0;display:block}.s_tab{line-height:18px;padding:20px 0 0;float:left}.s_nav a{color:#00c;font-size:14px}.s_nav b{font-size:14px}.s_ipt_wr{width:536px;height:30px;display:inline-block;margin-right:5px;background-position:0 -96px;border:1px solid #b6b6b6;border-color:#7b7b7b #b6b6b6 #b6b6b6 #7b7b7b;vertical-align:top}.s_ipt{width:523px;height:22px;font:16px/18px arial;line-height:22px\9;margin:5px 0 0 7px;padding:0;background:#fff;border:0;outline:0;-webkit-appearance:none}.s_btn{width:95px;height:32px;padding-top:2px\9;font-size:14px;padding:0;background-color:#ddd;background-position:0 -48px;border:0;cursor:pointer}.s_btn_h{background-position:-240px -48px}.s_btn_wr{width:97px;height:34px;display:inline-block;background-position:-120px -48px;*position:relative;z-index:0;vertical-align:top}.sethf{padding:0;margin:0;font-size:14px}.set_h{display:none;behavior:url(#default#homepage)}.set_f{display:none}.shouji{margin-left:19px}.shouji a{text-decoration:none}#head .bdsug{top:33px}#search form{position:relative}#search form .bdsug{bottom:33px}.bdsug{display:none;position:absolute;z-index:1;width:538px;background:#fff;border:1px solid #ccc;_overflow:hidden;box-shadow:1px 1px 3px #ededed;-webkit-box-shadow:1px 1px 3px #ededed;-moz-box-shadow:1px 1px 3px #ededed;-o-box-shadow:1px 1px 3px #ededed}.bdsug.bdsugbg ul{background:url(https://ss1.bdstatic.com/5eN1bjq8AAUYm2zgoY3K/r/www/cache/static/protocol/https/home/img/sugbg_1762fe7.png) 100% 100% no-repeat;background-size:100px 110px;background-image:url(https://ss1.bdstatic.com/5eN1bjq8AAUYm2zgoY3K/r/www/cache/static/protocol/https/home/img/sugbg_90fc9cf.gif)\9}.bdsug li{width:522px;color:#000;font:14px arial;line-height:22px;padding:0 8px;position:relative;cursor:default}.bdsug li.bdsug-s{background:#f0f0f0}.bdsug-store span,.bdsug-store b{color:#7A77C8}.bdsug-store-del{font-size:12px;color:#666;text-decoration:underline;position:absolute;right:8px;top:0;cursor:pointer;display:none}.bdsug-s .bdsug-store-del{display:inline-block}.bdsug-ala{display:inline-block;border-bottom:1px solid #e6e6e6}.bdsug-ala h3{line-height:14px;background:url(//www.baidu.com/img/sug_bd.png) no-repeat left center;margin:8px 0 5px;font-size:12px;font-weight:400;color:#7B7B7B;padding-left:20px}.bdsug-ala p{font-size:14px;font-weight:700;padding-left:20px}.bdsug .bdsug-direct{width:auto;padding:0;border-bottom:1px solid #f1f1f1}.bdsug .bdsug-direct p{color:#00c;font-weight:700;line-height:34px;padding:0 8px;cursor:pointer;white-space:nowrap;overflow:hidden}.bdsug .bdsug-direct p img{width:16px;height:16px;margin:7px 6px 9px 0;vertical-align:middle}.bdsug .bdsug-direct p span{margin-left:8px}.bdsug .bdsug-direct p i{font-size:12px;line-height:100%;font-style:normal;font-weight:400;color:#fff;background-color:#2b99ff;display:inline;text-align:center;padding:1px 5px;*padding:2px 5px 0;margin-left:8px;overflow:hidden}.bdsug .bdsug-pcDirect{color:#000;font-size:14px;line-height:30px;height:30px;background-color:#f8f8f8}.bdsug .bdsug-pc-direct-tip{position:absolute;right:15px;top:8px;width:55px;height:15px;display:block;background:url(https://ss1.bdstatic.com/5eN1bjq8AAUYm2zgoY3K/r/www/cache/static/protocol/https/global/img/pc_direct_42d6311.png) no-repeat 0 0}.bdsug li.bdsug-pcDirect-s{background-color:#f0f0f0}.bdsug .bdsug-pcDirect-is{color:#000;font-size:14px;line-height:22px;background-color:#f8f8f8}.bdsug .bdsug-pc-direct-tip-is{position:absolute;right:15px;top:3px;width:55px;height:15px;display:block;background:url(https://ss1.bdstatic.com/5eN1bjq8AAUYm2zgoY3K/r/www/cache/static/protocol/https/global/img/pc_direct_42d6311.png) no-repeat 0 0}.bdsug li.bdsug-pcDirect-is-s{background-color:#f0f0f0}.bdsug .bdsug-pcDirect-s .bdsug-pc-direct-tip,.bdsug .bdsug-pcDirect-is-s .bdsug-pc-direct-tip-is{background-position:0 -15px}.bdsug .bdsug-newicon{color:#929292;opacity:.7;font-size:12px;display:inline-block;line-height:22px;letter-spacing:2px}.bdsug .bdsug-s .bdsug-newicon{opacity:1}.bdsug .bdsug-newicon i{letter-spacing:0;font-style:normal}.toggle-underline{text-decoration:none}.toggle-underline:hover{text-decoration:underline}#tb_mr{color:#00c;cursor:pointer;position:relative;z-index:298}#tb_mr b{font-weight:400;text-decoration:underline}#tb_mr small{font-size:11px}#page{font:14px arial;white-space:nowrap;padding-left:35px}#page a,#page strong{display:inline-block;vertical-align:text-bottom;height:66px;text-align:center;line-height:34px;text-decoration:none;overflow:hidden;margin-right:9px;background:#fff}#page a{cursor:pointer}#page a:hover{background:0 0}#page .n:hover,#page a:hover .pc{background:#f2f8ff;border:1px solid #38f}#page .n{height:34px;padding:0 18px;border:1px solid #e1e2e3}#page span{display:block}#page .pc{width:34px;height:34px;border:1px solid #e1e2e3;cursor:pointer}#page .fk{width:24px;height:24px;margin-bottom:6px;margin-left:6px;cursor:pointer}#page strong .fk,#page strong .pc{cursor:auto}#page .fk .c-icon-bear-pn{top:-3px;position:relative}#page .fkd .c-icon-bear-pn{top:3px;position:relative}#page .fk_cur .c-icon-bear-p{top:-2px;position:relative}#page strong .pc{border:0;width:36px;height:36px;line-height:36px}#page .nums{display:inline-block;vertical-align:text-bottom;height:36px;line-height:36px;margin-left:10px}#rs{width:900px;background:#fff;padding:8px 0;margin:20px 0 0 15px}#rs td{width:5%}#rs th{font-size:14px;font-weight:400;line-height:19px;white-space:nowrap;text-align:left;vertical-align:top}#rs .tt{font-weight:700;padding:0 10px 0 20px}#rs_top{font-size:14px;margin-bottom:22px}#rs_top a{margin-right:18px}#container .rs{margin:30px 0 20px;padding:5px 0 15px;font-size:14px;width:540px;padding-left:121px;position:relative;background-color:#fafafa}#container .noback{background-color:#fff}#content_left .rs{margin-left:-121px}#container .rs table{width:540px}#container .rs td{width:5px}#container .rs th{font-size:14px;font-weight:400;white-space:nowrap;text-align:left;vertical-align:top;width:175px;line-height:22px}#container .rs .tt{font-weight:700;padding:0 10px 0 20px;padding:0;line-height:30px;font-size:16px}#container .rs a{margin:0;height:24px;width:173px;display:inline-block;line-height:25px;border:1px solid #ebebeb;text-align:center;vertical-align:middle;overflow:hidden;outline:0;color:#333;background-color:#fff;text-decoration:none}#container .rs a:hover{border-color:#388bff}.c-tip-con .c-tip-menu-b ul{width:100px}.c-tip-con .c-tip-menu-b ul{text-align:center}.c-tip-con .c-tip-menu-b li a{display:block;text-decoration:none;cursor:pointer;background-color:#fff;padding:3px 0;color:#666}.c-tip-con .c-tip-menu-b li a:hover{display:block;background-color:#ebebeb}#search{width:900px;padding:35px 0 16px 35px}#search .s_help{position:relative;top:10px}#foot{height:20px;line-height:20px;color:#77c;background:#e6e6e6;text-align:center}#foot span{color:#666}.site_tip{font-size:12px;margin-bottom:20px}.site_tip_icon{width:56px;height:56px;background:url(//www.baidu.com/aladdin/img/tools/tools-3.png) -288px 0 no-repeat}.to_zhidao,.to_tieba,.to_zhidao_bottom{font-size:16px;line-height:24px;margin:20px 0 0 35px}.to_tieba .c-icon-tieba{float:left}.f{line-height:115%;*line-height:120%;font-size:100%;width:33.7em;word-break:break-all;word-wrap:break-word}.h{margin-left:8px;width:100%}.r{word-break:break-all;cursor:hand;width:238px}.t{font-weight:400;font-size:medium;margin-bottom:1px}.pl{padding-left:3px;height:8px;padding-right:2px;font-size:14px}.mo,a.mo:link,a.mo:visited{color:#666;font-size:100%;line-height:10px}.htb{margin-bottom:5px}.jc a{color:#c00}a font[size=&quot;3&quot;] font,font[size=&quot;3&quot;] a font{text-decoration:underline}div.blog,div.bbs{color:#707070;padding-top:2px;font-size:13px}.result{width:33.7em;table-layout:fixed}.result-op .f{word-wrap:normal}.nums{font-size:12px;color:#999}.tools{position:absolute;top:10px;white-space:nowrap}#mHolder{width:62px;position:relative;z-index:296;top:-18px;margin-left:9px;margin-right:-12px;display:none}#mCon{height:18px;position:absolute;top:3px;top:6px\9;cursor:pointer;line-height:18px}.wrapper_l #mCon{right:7px}#mCon span{color:#00c;display:block}#mCon .hw{text-decoration:underline;cursor:pointer;display:inline-block}#mCon .pinyin{display:inline-block}#mCon .c-icon-chevron-unfold2{margin-left:5px}#mMenu{width:56px;border:1px solid #9b9b9b;position:absolute;right:7px;top:23px;display:none;background:#fff}#mMenu a{width:100%;height:100%;color:#00c;display:block;line-height:22px;text-indent:6px;text-decoration:none;filter:none\9}#mMenu a:hover{background:#ebebeb}#mMenu .ln{height:1px;background:#ebebeb;overflow:hidden;font-size:1px;line-height:1px;margin-top:-1px}.op_LAMP{background:url(//www.baidu.com/cache/global/img/aladdinIcon-1.0.gif) no-repeat 0 2px;color:#77C;display:inline-block;font-size:13px;height:12px;*height:14px;width:16px;text-decoration:none;zoom:1}.EC_mr15{margin-left:0}.pd15{padding-left:0}.map_1{width:30em;font-size:80%;line-height:145%}.map_2{width:25em;font-size:80%;line-height:145%}.favurl{background-repeat:no-repeat;background-position:0 1px;padding-left:20px}.dan_tip{font-size:12px;margin-top:4px}.dan_tip a{color:#b95b07}#more,#u ul,#mMenu,.msg_holder{box-shadow:1px 1px 2px #ccc;-moz-box-shadow:1px 1px 2px #ccc;-webkit-box-shadow:1px 1px 2px #ccc;filter:progid:DXImageTransform.Microsoft.Shadow(Strength=2, Direction=135, Color=#cccccc)\9}.hit_top{line-height:18px;margin:0 15px 10px 0;width:516px}.hit_top .c-icon-bear{height:18px;margin-right:4px}#rs_top_new,.hit_top_new{width:538px;font-size:13px;line-height:1.54;word-wrap:break-word;word-break:break-all;margin:0 0 14px}.zhannei-si{margin:0 0 10px 121px}.zhannei-si-none{margin:10px 0 -10px 121px}.zhannei-search{margin:10px 0 0 121px;color:#999;font-size:14px}.f a font[size=&quot;3&quot;] font,.f font[size=&quot;-1&quot;] a font{text-decoration:underline}h3 a font{text-decoration:underline}.c-title{font-weight:400;font-size:16px}.c-title-size{font-size:16px}.c-abstract{font-size:13px}.c-abstract-size{font-size:13px}.c-showurl{color:green;font-size:13px}.c-showurl-color{color:green}.c-cache-color{color:#666}.c-lightblue{color:#77c}.c-highlight-color{color:#c00}.c-clearfix:after{content:&quot;.&quot;;display:block;height:0;clear:both;visibility:hidden}.c-clearfix{zoom:1}.c-wrap{word-break:break-all;word-wrap:break-word}.c-icons-outer{overflow:hidden;display:inline-block;vertical-align:bottom;*vertical-align:-1px;_vertical-align:bottom}.c-icons-inner{margin-left:-4px}.c-container table.result,.c-container table.result-op{width:100%}.c-container td.f{font-size:13px;line-height:1.54;width:auto}.c-container .vd_newest_main{width:auto}.c-customicon{display:inline-block;width:16px;height:16px;vertical-align:text-bottom;font-style:normal;overflow:hidden}.c-tip-icon i{display:inline-block;cursor:pointer}.c-tip-con{position:absolute;z-index:1;top:22px;left:-35px;background:#fff;border:1px solid #dcdcdc;border:1px solid rgba(0,0,0,.2);-webkit-transition:opacity .218s;transition:opacity .218s;-webkit-box-shadow:0 2px 4px rgba(0,0,0,.2);box-shadow:0 2px 4px rgba(0,0,0,.2);padding:5px 0;display:none;font-size:12px;line-height:20px}.c-tip-arrow{width:0;height:0;font-size:0;line-height:0;display:block;position:absolute;top:-16px}.c-tip-arrow-down{top:auto;bottom:0}.c-tip-arrow em,.c-tip-arrow ins{width:0;height:0;font-size:0;line-height:0;display:block;position:absolute;border:8px solid transparent;border-style:dashed dashed solid}.c-tip-arrow em{border-bottom-color:#d8d8d8}.c-tip-arrow ins{border-bottom-color:#fff;top:2px}.c-tip-arrow-down em,.c-tip-arrow-down ins{border-style:solid dashed dashed;border-color:transparent}.c-tip-arrow-down em{border-top-color:#d8d8d8}.c-tip-arrow-down ins{border-top-color:#fff;top:-2px}.c-tip-arrow .c-tip-arrow-r{border-bottom-color:#82c9fa;top:2px}.c-tip-arrow-down .c-tip-arrow-r{border-bottom-color:transparent;top:-2px}.c-tip-arrow .c-tip-arrow-c{border-bottom-color:#fecc47;top:2px}.c-tip-arrow-down .c-tip-arrow-c{border-bottom-color:transparent;top:-2px}.c-tip-con h3{font-size:12px}.c-tip-con .c-tip-title{margin:0 10px;display:inline-block;width:239px}.c-tip-con .c-tip-info{color:#666;margin:0 10px 1px;width:239px}.c-tip-con .c-tip-cer{width:370px;color:#666;margin:0 10px 1px}.c-tip-con .c-tip-title{width:auto;_width:354px}.c-tip-con .c-tip-item-i{padding:3px 0 3px 20px;line-height:14px}.c-tip-con .c-tip-item-i .c-tip-item-icon{margin-left:-20px}.c-tip-con .c-tip-menu ul{width:74px}.c-tip-con .c-tip-menu ul{text-align:center}.c-tip-con .c-tip-menu li a{display:block;text-decoration:none;cursor:pointer;background-color:#fff;padding:3px 0;color:#0000d0}.c-tip-con .c-tip-menu li a:hover{display:block;background-color:#ebebeb}.c-tip-con .c-tip-notice{width:239px;padding:0 10px}.c-tip-con .c-tip-notice .c-tip-notice-succ{color:#4cbd37}.c-tip-con .c-tip-notice .c-tip-notice-fail{color:#f13F40}.c-tip-con .c-tip-notice .c-tip-item-succ{color:#444}.c-tip-con .c-tip-notice .c-tip-item-fail{color:#aaa}.c-tip-con .c-tip-notice .c-tip-item-fail a{color:#aaa}.c-tip-close{right:10px;position:absolute;cursor:pointer}.ecard{height:86px;overflow:hidden}.c-tools{display:inline}.c-tools-share{width:239px;padding:0 10px}.c-fanyi{display:none;width:20px;height:20px;border:solid 1px #d1d1d1;cursor:pointer;position:absolute;margin-left:516px;text-align:center;color:#333;line-height:22px;opacity:.9;background-color:#fff}.c-fanyi:hover{background-color:#39f;color:#fff;border-color:#39f;opacity:1}.c-fanyi-title,.c-fanyi-abstract{display:none}.icp_info{color:#666;margin-top:2px;font-size:13px}.icon-gw,.icon-unsafe-icon{background:#2c99ff;vertical-align:text-bottom;*vertical-align:baseline;height:16px;padding-top:0;padding-bottom:0;padding-left:6px;padding-right:6px;line-height:16px;_padding-top:2px;_height:14px;_line-height:14px;font-size:12px;font-family:simsun;margin-left:10px;overflow:hidden;display:inline-block;-moz-border-radius:1px;-webkit-border-radius:1px;border-radius:1px;color:#fff}a.icon-gw{color:#fff;background:#2196ff;text-decoration:none;cursor:pointer}a.icon-gw:hover{background:#1e87ef}a.icon-gw:active{height:15px;_height:13px;line-height:15px;_line-height:13px;padding-left:5px;background:#1c80d9;border-left:1px solid #145997;border-top:1px solid #145997}.icon-unsafe-icon{background:#e54d4b}#con-at{margin-bottom:9px;padding-left:121px;border-bottom:1px #ebebeb solid}#con-at .result-op{font-size:13px;line-height:1.52em}.wrapper_l #con-at .result-op{width:1058px}.wrapper_s #con-at .result-op{width:869px}#con-ar{margin-bottom:40px}#con-ar .result-op{margin-bottom:28px;font-size:13px;line-height:1.52em}.result_hidden{position:absolute;top:-10000px;left:-10000px}#content_left .result-op,#content_left .result{margin-bottom:14px;border-collapse:collapse}#content_left .c-border .result-op,#content_left .c-border .result{margin-bottom:25px}#content_left .c-border .result-op:last-child,#content_left .c-border .result:last-child{margin-bottom:12px}#content_left .result .f,#content_left .result-op .f{padding:0}.subLink_factory{border-collapse:collapse}.subLink_factory td{padding:0}.subLink_factory td.middle,.subLink_factory td.last{color:#666}.subLink_factory td a{text-decoration:underline}.subLink_factory td.rightTd{text-align:right}.subLink_factory_right{width:100%}.subLink_factory_left td{padding-right:26px}.subLink_factory_left td.last{padding:0}.subLink_factory_left td.first{padding-right:75px}.subLink_factory_right td{width:90px}.subLink_factory_right td.first{width:auto}.general_image_pic a{background:#fff no-repeat center center;text-decoration:none;display:block;overflow:hidden;text-align:left}.res_top_banner{height:36px;text-align:left;border-bottom:1px solid #e3e3e3;background:#f7f7f7;font-size:13px;padding-left:8px;color:#333;position:relative;z-index:302}.res_top_banner span{_zoom:1}.res_top_banner .res_top_banner_icon{background-position:0 -216px;width:18px;height:18px;margin:9px 10px 0 0}.res_top_banner .res_top_banner_icon_baiduapp{background:url(https://ss1.bdstatic.com/5eN1bjq8AAUYm2zgoY3K/r/www/cache/static/protocol/https/global/img/baiduappLogo_de45621.png) no-repeat 0 0;width:24px;height:24px;margin:3px 10px 0 0;position:relative;top:3px}.res_top_banner .res_top_banner_icon_windows{background:url(https://ss1.bdstatic.com/5eN1bjq8AAUYm2zgoY3K/r/www/cache/static/protocol/https/global/img/winlogo_e925689.png) no-repeat 0 0;width:18px;height:18px;margin:9px 10px 0 0}.res_top_banner .res_top_banner_download{display:inline-block;width:65px;line-height:21px;_padding-top:1px;margin:0 0 0 10px;color:#333;background:#fbfbfb;border:1px solid #b4b6b8;text-align:center;text-decoration:none}.res_top_banner .res_top_banner_download:hover{border:1px solid #38f}.res_top_banner .res_top_banner_download:active{background:#f0f0f0;border:1px solid #b4b6b8}.res_top_banner .res_top_banner_close{background-position:-672px -144px;cursor:pointer;position:absolute;right:10px;top:10px}.res_top_banner_for_win{height:34px;text-align:left;border-bottom:1px solid #f0f0f0;background:#fdfdfd;font-size:13px;padding-left:12px;color:#333;position:relative;z-index:302}.res_top_banner_for_win span{_zoom:1;color:#666}.res_top_banner_for_win .res_top_banner_download{display:inline-block;width:auto;line-height:21px;_padding-top:1px;margin:0 0 0 16px;color:#333;text-align:left;text-decoration:underline}.res_top_banner_for_win .res_top_banner_icon_windows{background:url(https://ss1.bdstatic.com/5eN1bjq8AAUYm2zgoY3K/r/www/cache/static/protocol/https/global/img/winlogo_e925689.png) no-repeat 0 0;width:18px;height:18px;margin:8px 8px 0 0}.res_top_banner_for_win .res_top_banner_close{background-position:-672px -144px;cursor:pointer;position:absolute;right:10px;top:10px}.res-gap-right16{margin-right:16px}.res-border-top{border-top:1px solid #f3f3f3}.res-border-bottom{border-bottom:1px solid #f3f3f3}.res-queryext-pos{position:relative;top:1px;_top:0}.c-trust-ecard{height:86px;_height:97px;overflow:hidden}@-moz-document url-prefix(){.result,.f{width:538px}}body{min-width:1000px}#ftCon{display:none}#qrcode{display:none}#pad-version{display:none}#index_guide{display:none}#index_logo{display:none}#u1{display:none}.s_ipt_wr{height:32px}body{padding:0}.s_form:after,.s_tab:after{content:&quot;.&quot;;display:block;height:0;clear:both;visibility:hidden}.s_form{zoom:1;height:55px;padding:0 0 0 10px}#result_logo{float:left;margin:7px 0 0}#result_logo img{width:101px}#head{padding:0;margin:0;width:100%;position:absolute;z-index:301;min-width:1000px;background:#fff;border-bottom:1px solid #ebebeb;position:fixed;_position:absolute;-webkit-transform:translateZ(0)}#head .head_wrapper{_width:1000px}#head.s_down{box-shadow:0 0 5px #888}.fm{clear:none;float:left;margin:11px 0 0 10px}#s_tab{background:#f8f8f8;line-height:36px;height:38px;padding:55px 0 0 121px;float:none;zoom:1}#s_tab a,#s_tab b{width:54px;display:inline-block;text-decoration:none;text-align:center;color:#666;font-size:14px}#s_tab b{border-bottom:2px solid #38f;font-weight:700;color:#323232}#s_tab a:hover{color:#323232}#content_left{width:540px;padding-left:121px;padding-top:5px}#content_right{margin-top:45px}#content_bottom{width:540px;padding-left:121px}#page{padding:0 0 0 121px;margin:30px 0 40px}.to_tieba,.to_zhidao_bottom{margin:10px 0 0 121px;padding-top:5px}.nums{margin:0 0 0 121px;height:42px;line-height:42px}#rs{padding:0;margin:6px 0 0 121px;width:600px}#rs th{width:175px;line-height:22px}#rs .tt{padding:0;line-height:30px}#rs td{width:5px}#rs table{width:540px}#help{background:#f5f6f5;zoom:1;padding:0 0 0 50px;float:right}#help a{color:#777;padding:0 15px;text-decoration:none}#help a:hover{color:#333}#foot{background:#f5f6f5;border-top:1px solid #ebebeb;text-align:left;height:42px;line-height:42px;margin-top:40px;*margin-top:0}#foot .foot_c{float:left;padding:0 0 0 121px}.content_none{padding:45px 0 25px 121px}.nors p{font-size:18px;font-family:microsoft yahei;color:#000}.nors p em{color:#c00}.nors .tip_head{color:#666;font-size:13px;line-height:28px}.nors li{color:#333;line-height:28px;font-size:13px;font-family:&#039;宋体&#039;;padding-left:30px;list-style-position:inside;list-style-type:disc}#mCon{top:5px}.s_ipt_wr.bg,.s_btn_wr.bg,#su.bg{background-image:none}.s_ipt_wr.bg{background:0 0}.s_btn_wr{width:auto;height:auto;border-bottom:1px solid transparent;*border-bottom:0}.s_btn{width:100px;height:34px;color:#fff;letter-spacing:1px;background:#3385ff;border-bottom:1px solid #2d78f4;outline:medium;*border-bottom:0;-webkit-appearance:none;-webkit-border-radius:0}.s_btn.btnhover{background:#317ef3;border-bottom:1px solid #2868c8;*border-bottom:0;box-shadow:1px 1px 1px #ccc}.s_btn_h{background:#3075dc;box-shadow:inset 1px 1px 3px #2964bb;-webkit-box-shadow:inset 1px 1px 3px #2964bb;-moz-box-shadow:inset 1px 1px 3px #2964bb;-o-box-shadow:inset 1px 1px 3px #2964bb}#wrapper_wrapper .container_l .EC_ppim_top,#wrapper_wrapper .container_xl .EC_ppim_top{width:640px}#wrapper_wrapper .container_s .EC_ppim_top{width:570px}#head .c-icon-bear-round{display:none}.container_l #content_right{width:384px}.container_l{width:1212px}.container_xl #content_right{width:384px}.container_xl{width:1257px}.index_tab_top{display:none}.index_tab_bottom{display:none}#lg{display:none}#m{display:none}#ftCon{display:none}#ent_sug{position:absolute;margin:141px 0 0 130px;font-size:13px;color:#666}.foot_fixed_bottom{position:fixed;bottom:0;width:100%;_position:absolute;_bottom:auto}#head .headBlock{margin:-5px 0 6px 121px}#content_left .leftBlock{margin-bottom:14px;padding-bottom:5px;border-bottom:1px solid #f3f3f3}.hint_toprq_tips{position:relative;width:537px;height:19px;line-height:19px;overflow:hidden;display:none}.hint_toprq_tips span{color:#666}.hint_toprq_icon{margin:0 4px 0 0}.hint_toprq_tips_items{width:444px;_width:440px;max-height:38px;position:absolute;left:95px;top:1px}.hint_toprq_tips_items div{display:inline-block;float:left;height:19px;margin-right:18px;white-space:nowrap;word-break:keep-all}.translateContent{max-width:350px}.translateContent .translateTool{height:16px;margin:-3px 2px}.translateContent .action-translate,.translateContent .action-search{display:inline-block;width:20px;height:16px;background:url(https://ss1.bdstatic.com/5eN1bjq8AAUYm2zgoY3K/r/www/cache/static/protocol/https/global/img/translate_tool_icon_57087b6.gif) no-repeat}.translateContent .action-translate{background-position:0 0;border-right:1px solid #dcdcdc}.translateContent .action-translate:hover{background-position:0 -20px}.translateContent .action-search{background-position:-20px 0}.translateContent .action-search:hover{background-position:-20px -20px}.nums{width:538px}.search_tool{_padding-top:15px}.head_nums_cont_outer{height:40px;overflow:hidden;position:relative}.head_nums_cont_inner{position:relative}.search_tool_conter .c-gap-left{margin-left:23px}.search_tool_conter .c-icon-triangle-down{opacity:.6}.search_tool_conter .c-icon-triangle-down:hover{opacity:1}.search_tool,.search_tool_close{float:right}.search_tool,.search_tool_conter span{cursor:pointer;color:#666}.search_tool:hover,.search_tool_conter span:hover{color:#333}.search_tool_conter{font-size:12px;color:#666;margin:0 0 0 121px;height:42px;width:538px;line-height:42px;*height:auto;*line-height:normal;*padding:14px 0}.search_tool_conter span strong{color:#666}.c-tip-con .c-tip-langfilter ul{width:80px;text-align:left;color:#666}.c-tip-con .c-tip-langfilter li a{text-indent:15px;color:#666}.c-tip-con .c-tip-langfilter li span{text-indent:15px;padding:3px 0;color:#999;display:block}.c-tip-con .c-tip-timerfilter ul{width:115px;text-align:left;color:#666}.c-tip-con .c-tip-timerfilter-ft ul{width:180px}.c-tip-con .c-tip-timerfilter-si ul{width:206px;padding:7px 10px 10px}.c-tip-con .c-tip-timerfilter li a{text-indent:15px;color:#666}.c-tip-con .c-tip-timerfilter li span{text-indent:15px;padding:3px 0;color:#999;display:block}.c-tip-con .c-tip-timerfilter-ft li a,.c-tip-con .c-tip-timerfilter-ft li span{text-indent:20px}.c-tip-custom{padding:0 15px 10px;position:relative;zoom:1}.c-tip-custom hr{border:0;height:0;border-top:1px solid #ebebeb}.c-tip-custom p{color:#b6b6b6;height:25px;line-height:25px;margin:2px 0}.c-tip-custom .c-tip-custom-et{margin-bottom:7px}.c-tip-custom-input,.c-tip-si-input{display:inline-block;font-size:11px;color:#333;margin-left:4px;padding:0 2px;width:74%;height:16px;line-height:16px\9;border:1px solid #ebebeb;outline:0;box-sizing:content-box;-webkit-box-sizing:content-box;-moz-box-sizing:content-box;overflow:hidden;position:relative}.c-tip-custom-input-init{color:#d4d4d4}.c-tip-custom-input-focus,.c-tip-si-input-focus{border:1px solid #3385ff}.c-tip-timerfilter-si .c-tip-si-input{width:138px;height:22px;line-height:22px;vertical-align:0;*vertical-align:-6px;_vertical-align:-5px;padding:0 5px;margin-left:0}.c-tip-con .c-tip-timerfilter li .c-tip-custom-submit,.c-tip-con .c-tip-timerfilter li .c-tip-timerfilter-si-submit{display:inline;padding:4px 10px;margin:0;color:#333;border:1px solid #d8d8d8;font-family:inherit;font-weight:400;text-align:center;vertical-align:0;background-color:#f9f9f9;outline:0}.c-tip-con .c-tip-timerfilter li .c-tip-custom-submit:hover,.c-tip-con .c-tip-timerfilter li .c-tip-timerfilter-si-submit:hover{display:inline;border-color:#388bff}.c-tip-timerfilter-si-error,.c-tip-timerfilter-custom-error{display:none;color:#3385FF;padding-left:4px}.c-tip-timerfilter-custom-error{padding:0;margin:-5px -13px 7px 0}#c-tip-custom-calenderCont{position:absolute;background:#fff;white-space:nowrap;padding:5px 10px;color:#000;border:1px solid #e4e4e4;-webkit-box-shadow:0 2px 4px rgba(0,0,0,.2);box-shadow:0 2px 4px rgba(0,0,0,.2)}#c-tip-custom-calenderCont p{text-align:center;padding:2px 0 4px;*padding:4px 0}#c-tip-custom-calenderCont p i{color:#8e9977;cursor:pointer;text-decoration:underline;font-size:13px}#c-tip-custom-calenderCont .op_cal{background:#fff}.op_cal table{background:#eeefea;margin:0;border-collapse:separate}.op_btn_pre_month,.op_btn_next_month{cursor:pointer;display:block;margin-top:6px}.op_btn_pre_month{float:left;background-position:0 -46px}.op_btn_next_month{float:right;background-position:-18px -46px}.op_cal .op_mon_pre1{padding:0}.op_mon th{text-align:center;font-size:12px;background:#FFF;font-weight:700;border:1px solid #FFF;padding:0}.op_mon td{text-align:center;cursor:pointer}.op_mon h5{margin:0;padding:0 4px;text-align:center;font-size:14px;background:#FFF;height:28px;line-height:28px;border-bottom:1px solid #f5f5f5;margin-bottom:5px}.op_mon strong{font-weight:700}.op_mon td{padding:0 5px;border:1px solid #fff;font-size:12px;background:#fff;height:100%}.op_mon td.op_mon_pre_month{color:#a4a4a4}.op_mon td.op_mon_cur_month{color:#00c}.op_mon td.op_mon_next_month{color:#a4a4a4}.op_mon td.op_mon_day_hover{color:#000;border:1px solid #278df2}.op_mon td.op_mon_day_selected{color:#FFF;border:1px solid #278df2;background:#278df2}.op_mon td.op_mon_day_disabled{cursor:not-allowed;color:#ddd}.zhannei-si-none,.zhannei-si,.hit_quet,.zhannei-search{display:none}#c-tip-custom-calenderCont .op_mon td.op_mon_cur_month{color:#000}#c-tip-custom-calenderCont .op_mon td.op_mon_day_selected{color:#fff}.c-icon-toen{width:24px;height:24px;line-height:24px;background-color:#1cb7fd;color:#fff;font-size:14px;font-weight:700;font-style:normal;display:block;display:inline-block;float:left;text-align:center}.hint_common_restop{width:538px;color:#999;font-size:12px;text-align:left;margin:5px 0 10px 121px}#con-at~#wrapper_wrapper .hint_common_restop{padding-top:7px}.sitelink{overflow:auto;zoom:1}.sitelink_summary{float:left;width:47%;padding-right:30px}.sitelink_summary a{font-size:1.1em;position:relative}.sitelink_summary_last{padding-right:0}.sitelink_en{overflow:auto;zoom:1}.sitelink_en_summary{float:left;width:47%;padding-right:30px}.sitelink_en_summary a{font-size:1.1em;position:relative}.sitelink_en_summary_last{padding-right:0}.sitelink_en_summary_title,.sitelink_en_summary .m{height:22px;overflow:hidden}.without-summary-sitelink-en-container{overflow:hidden;height:22px}.without-summary-sitelink-en{float:left}.without-summary-sitelink-en-delimiter{margin-right:5px;margin-left:5px}.c-frame{margin-bottom:18px}.c-offset{padding-left:10px}.c-gray{color:#666}.c-gap-top-small{margin-top:5px}.c-gap-top{margin-top:10px}.c-gap-bottom-small{margin-bottom:5px}.c-gap-bottom{margin-bottom:10px}.c-gap-left{margin-left:12px}.c-gap-left-small{margin-left:6px}.c-gap-right{margin-right:12px}.c-gap-right-small{margin-right:6px}.c-gap-right-large{margin-right:16px}.c-gap-left-large{margin-left:16px}.c-gap-icon-right-small{margin-right:5px}.c-gap-icon-right{margin-right:10px}.c-gap-icon-left-small{margin-left:5px}.c-gap-icon-left{margin-left:10px}.c-container{width:538px;font-size:13px;line-height:1.54;word-wrap:break-word;word-break:break-word}.c-container .c-container{width:auto}.c-container table{border-collapse:collapse;border-spacing:0}.c-container td{font-size:13px;line-height:1.54}.c-default{font-size:13px;line-height:1.54;word-wrap:break-word;word-break:break-all}.c-container .t,.c-default .t{line-height:1.54}.c-default .t{margin-bottom:0}.cr-content{width:259px;font-size:13px;line-height:1.54;color:#333;word-wrap:break-word;word-break:normal}.cr-content table{border-collapse:collapse;border-spacing:0}.cr-content td{font-size:13px;line-height:1.54;vertical-align:top}.cr-offset{padding-left:17px}.cr-title{font-size:14px;line-height:1.29;font-weight:700}.cr-title-sub{float:right;font-size:13px;font-weight:400}.c-row{*zoom:1}.c-row:after{display:block;height:0;content:&quot;&quot;;clear:both;visibility:hidden}.c-span2{width:29px}.c-span3{width:52px}.c-span4{width:75px}.c-span5{width:98px}.c-span6{width:121px}.c-span7{width:144px}.c-span8{width:167px}.c-span9{width:190px}.c-span10{width:213px}.c-span11{width:236px}.c-span12{width:259px}.c-span13{width:282px}.c-span14{width:305px}.c-span15{width:328px}.c-span16{width:351px}.c-span17{width:374px}.c-span18{width:397px}.c-span19{width:420px}.c-span20{width:443px}.c-span21{width:466px}.c-span22{width:489px}.c-span23{width:512px}.c-span24{width:535px}.c-span2,.c-span3,.c-span4,.c-span5,.c-span6,.c-span7,.c-span8,.c-span9,.c-span10,.c-span11,.c-span12,.c-span13,.c-span14,.c-span15,.c-span16,.c-span17,.c-span18,.c-span19,.c-span20,.c-span21,.c-span22,.c-span23,.c-span24{float:left;_display:inline;margin-right:17px;list-style:none}.c-span-last{margin-right:0}.c-span-last-s{margin-right:0}.container_l .cr-content{width:351px}.container_l .cr-content .c-span-last-s{margin-right:17px}.container_l .cr-content-narrow{width:259px}.container_l .cr-content-narrow .c-span-last-s{margin-right:0}.c-border{width:518px;padding:9px;border:1px solid #e3e3e3;border-bottom-color:#e0e0e0;border-right-color:#ececec;box-shadow:1px 2px 1px rgba(0,0,0,.072);-webkit-box-shadow:1px 2px 1px rgba(0,0,0,.072);-moz-box-shadow:1px 2px 1px rgba(0,0,0,.072);-o-box-shadow:1px 2px 1px rgba(0,0,0,.072)}.c-border .c-gap-left{margin-left:10px}.c-border .c-gap-left-small{margin-left:5px}.c-border .c-gap-right{margin-right:10px}.c-border .c-gap-right-small{margin-right:5px}.c-border .c-border{width:auto;padding:0;border:0;box-shadow:none;-webkit-box-shadow:none;-moz-box-shadow:none;-o-box-shadow:none}.c-border .c-span2{width:34px}.c-border .c-span3{width:56px}.c-border .c-span4{width:78px}.c-border .c-span5{width:100px}.c-border .c-span6{width:122px}.c-border .c-span7{width:144px}.c-border .c-span8{width:166px}.c-border .c-span9{width:188px}.c-border .c-span10{width:210px}.c-border .c-span11{width:232px}.c-border .c-span12{width:254px}.c-border .c-span13{width:276px}.c-border .c-span14{width:298px}.c-border .c-span15{width:320px}.c-border .c-span16{width:342px}.c-border .c-span17{width:364px}.c-border .c-span18{width:386px}.c-border .c-span19{width:408px}.c-border .c-span20{width:430px}.c-border .c-span21{width:452px}.c-border .c-span22{width:474px}.c-border .c-span23{width:496px}.c-border .c-span24{width:518px}.c-border .c-span2,.c-border .c-span3,.c-border .c-span4,.c-border .c-span5,.c-border .c-span6,.c-border .c-span7,.c-border .c-span8,.c-border .c-span9,.c-border .c-span10,.c-border .c-span11,.c-border .c-span12,.c-border .c-span13,.c-border .c-span14,.c-border .c-span15,.c-border .c-span16,.c-border .c-span17,.c-border .c-span18,.c-border .c-span19,.c-border .c-span20,.c-border .c-span21,.c-border .c-span22,.c-border .c-span23,.c-border .c-span24{margin-right:10px}.c-border .c-span-last{margin-right:0}.c-loading{display:block;width:50px;height:50px;background:url(//www.baidu.com/aladdin/img/tools/loading.gif) no-repeat 0 0}.c-vline{display:inline-block;margin:0 3px;border-left:1px solid #ddd;width:0;height:12px;_vertical-align:middle;_overflow:hidden}.c-icon{background:url(https://ss1.bdstatic.com/5eN1bjq8AAUYm2zgoY3K/r/www/cache/static/protocol/https/global/img/icons_5859e57.png) no-repeat 0 0;_background-image:url(https://ss1.bdstatic.com/5eN1bjq8AAUYm2zgoY3K/r/www/cache/static/protocol/https/global/img/icons_d5b04cc.gif)}.c-icon{display:inline-block;width:14px;height:14px;vertical-align:text-bottom;font-style:normal;overflow:hidden}.c-icon-unfold,.c-icon-fold,.c-icon-chevron-unfold,.c-icon-chevron-fold{width:12px;height:12px}.c-icon-star,.c-icon-star-gray{width:60px}.c-icon-qa-empty,.c-icon-safeguard,.c-icon-register-empty,.c-icon-zan,.c-icon-music,.c-icon-music-gray,.c-icon-location,.c-icon-warning,.c-icon-doc,.c-icon-xls,.c-icon-ppt,.c-icon-pdf,.c-icon-txt,.c-icon-play-black,.c-icon-gift,.c-icon-baidu-share,.c-icon-bear,.c-icon-bear-border,.c-icon-location-blue,.c-icon-hotAirBall,.c-icon-moon,.c-icon-streetMap,.c-icon-mv,.c-icon-zhidao-s,.c-icon-shopping{width:16px;height:16px}.c-icon-bear-circle,.c-icon-warning-circle,.c-icon-warning-triangle,.c-icon-warning-circle-gray{width:18px;height:18px}.c-icon-tieba,.c-icon-zhidao,.c-icon-bear-p,.c-icon-bear-pn{width:24px;height:24px}.c-icon-ball-blue,.c-icon-ball-red{width:38px;height:38px}.c-icon-unfold:hover,.c-icon-fold:hover,.c-icon-chevron-unfold:hover,.c-icon-chevron-fold:hover,.c-icon-download:hover,.c-icon-lyric:hover,.c-icon-v:hover,.c-icon-hui:hover,.c-icon-bao:hover,.c-icon-person:hover,.c-icon-high-v:hover,.c-icon-phone:hover,.c-icon-nuo:hover,.c-icon-fan:hover,.c-icon-med:hover,.c-icon-air:hover,.c-icon-share2:hover,.c-icon-v1:hover,.c-icon-v2:hover,.c-icon-write:hover,.c-icon-R:hover{border-color:#388bff}.c-icon-unfold:active,.c-icon-fold:active,.c-icon-chevron-unfold:active,.c-icon-chevron-fold:active,.c-icon-download:active,.c-icon-lyric:active,.c-icon-v:active,.c-icon-hui:active,.c-icon-bao:active,.c-icon-person:active,.c-icon-high-v:active,.c-icon-phone:active,.c-icon-nuo:active,.c-icon-fan:active,.c-icon-med:active,.c-icon-air:active,.c-icon-share2:active,.c-icon-v1:active,.c-icon-v2:active,.c-icon-write:active,.c-icon-R:active{border-color:#a2a6ab;background-color:#f0f0f0;box-shadow:inset 1px 1px 1px #c7c7c7;-webkit-box-shadow:inset 1px 1px 1px #c7c7c7;-moz-box-shadow:inset 1px 1px 1px #c7c7c7;-o-box-shadow:inset 1px 1px 1px #c7c7c7}.c-icon-v3:hover{border-color:#ffb300}.c-icon-v3:active{border-color:#a2a6ab;background-color:#f0f0f0;box-shadow:inset 1px 1px 1px #c7c7c7;-webkit-box-shadow:inset 1px 1px 1px #c7c7c7;-moz-box-shadow:inset 1px 1px 1px #c7c7c7;-o-box-shadow:inset 1px 1px 1px #c7c7c7}.c-icon-unfold,.c-icon-fold,.c-icon-chevron-unfold,.c-icon-chevron-fold,.c-icon-download,.c-icon-lyric{border:1px solid #d8d8d8;cursor:pointer}.c-icon-v,.c-icon-hui,.c-icon-bao,.c-icon-person,.c-icon-high-v,.c-icon-phone,.c-icon-nuo,.c-icon-fan,.c-icon-med,.c-icon-air,.c-icon-share2,.c-icon-v1,.c-icon-v2,.c-icon-v3,.c-icon-write,.c-icon-R{border:1px solid #d8d8d8;cursor:pointer;border-color:transparent;_border-color:tomato;_filter:chroma(color=#ff6347)}.c-icon-v1,.c-icon-v2,.c-icon-v3,.c-icon-v1-noborder,.c-icon-v2-noborder,.c-icon-v3-noborder,.c-icon-v1-noborder-disable,.c-icon-v2-noborder-disable,.c-icon-v3-noborder-disable{width:19px}.c-icon-download,.c-icon-lyric{width:16px;height:16px}.c-icon-play-circle,.c-icon-stop-circle{width:18px;height:18px}.c-icon-play-circle-middle,.c-icon-stop-circle-middle{width:24px;height:24px}.c-icon-play-black-large,.c-icon-stop-black-large{width:36px;height:36px}.c-icon-play-black-larger,.c-icon-stop-black-larger{width:52px;height:52px}.c-icon-flag{background-position:0 -144px}.c-icon-bus{background-position:-24px -144px}.c-icon-calendar{background-position:-48px -144px}.c-icon-street{background-position:-72px -144px}.c-icon-map{background-position:-96px -144px}.c-icon-bag{background-position:-120px -144px}.c-icon-money{background-position:-144px -144px}.c-icon-game{background-position:-168px -144px}.c-icon-user{background-position:-192px -144px}.c-icon-globe{background-position:-216px -144px}.c-icon-lock{background-position:-240px -144px}.c-icon-plane{background-position:-264px -144px}.c-icon-list{background-position:-288px -144px}.c-icon-star-gray{background-position:-312px -144px}.c-icon-circle-gray{background-position:-384px -144px}.c-icon-triangle-down{background-position:-408px -144px}.c-icon-triangle-up{background-position:-432px -144px}.c-icon-triangle-up-empty{background-position:-456px -144px}.c-icon-sort-gray{background-position:-480px -144px}.c-icon-sort-up{background-position:-504px -144px}.c-icon-sort-down{background-position:-528px -144px}.c-icon-down-gray{background-position:-552px -144px}.c-icon-up-gray{background-position:-576px -144px}.c-icon-download-noborder{background-position:-600px -144px}.c-icon-lyric-noborder{background-position:-624px -144px}.c-icon-download-white{background-position:-648px -144px}.c-icon-close{background-position:-672px -144px}.c-icon-fail{background-position:-696px -144px}.c-icon-success{background-position:-720px -144px}.c-icon-triangle-down-g{background-position:-744px -144px}.c-icon-refresh{background-position:-768px -144px}.c-icon-chevron-left-gray{background-position:-816px -144px}.c-icon-chevron-right-gray{background-position:-840px -144px}.c-icon-setting{background-position:-864px -144px}.c-icon-close2{background-position:-888px -144px}.c-icon-chevron-top-gray-s{background-position:-912px -144px}.c-icon-fullscreen{background-position:0 -168px}.c-icon-safe{background-position:-24px -168px}.c-icon-exchange{background-position:-48px -168px}.c-icon-chevron-bottom{background-position:-72px -168px}.c-icon-chevron-top{background-position:-96px -168px}.c-icon-unfold{background-position:-120px -168px}.c-icon-fold{background-position:-144px -168px}.c-icon-chevron-unfold{background-position:-168px -168px}.c-icon-qa{background-position:-192px -168px}.c-icon-register{background-position:-216px -168px}.c-icon-star{background-position:-240px -168px}.c-icon-star-gray{position:relative}.c-icon-star-gray .c-icon-star{position:absolute;top:0;left:0}.c-icon-play-blue{background-position:-312px -168px}.c-icon-pic{width:16px;background-position:-336px -168px}.c-icon-chevron-fold{background-position:-360px -168px}.c-icon-video{width:18px;background-position:-384px -168px}.c-icon-circle-blue{background-position:-408px -168px}.c-icon-circle-yellow{background-position:-432px -168px}.c-icon-play-white{background-position:-456px -168px}.c-icon-triangle-down-blue{background-position:-480px -168px}.c-icon-chevron-unfold2{background-position:-504px -168px}.c-icon-right{background-position:-528px -168px}.c-icon-right-empty{background-position:-552px -168px}.c-icon-new-corner{width:15px;background-position:-576px -168px}.c-icon-horn{background-position:-600px -168px}.c-icon-right-large{width:18px;background-position:-624px -168px}.c-icon-wrong-large{background-position:-648px -168px}.c-icon-circle-blue-s{background-position:-672px -168px}.c-icon-play-gray{background-position:-696px -168px}.c-icon-up{background-position:-720px -168px}.c-icon-down{background-position:-744px -168px}.c-icon-stable{background-position:-768px -168px}.c-icon-calendar-blue{background-position:-792px -168px}.c-icon-triangle-down-blue2{background-position:-816px -168px}.c-icon-triangle-up-blue2{background-position:-840px -168px}.c-icon-down-blue{background-position:-864px -168px}.c-icon-up-blue{background-position:-888px -168px}.c-icon-ting{background-position:-912px -168px}.c-icon-piao{background-position:-936px -168px}.c-icon-wrong-empty{background-position:-960px -168px}.c-icon-warning-circle-s{background-position:-984px -168px}.c-icon-chevron-left{background-position:-1008px -168px}.c-icon-chevron-right{background-position:-1032px -168px}.c-icon-circle-gray-s{background-position:-1056px -168px}.c-icon-v,.c-icon-v-noborder{background-position:0 -192px}.c-icon-hui{background-position:-24px -192px}.c-icon-bao{background-position:-48px -192px}.c-icon-phone{background-position:-72px -192px}.c-icon-qa-empty{background-position:-96px -192px}.c-icon-safeguard{background-position:-120px -192px}.c-icon-register-empty{background-position:-144px -192px}.c-icon-zan{background-position:-168px -192px}.c-icon-music{background-position:-192px -192px}.c-icon-music-gray{background-position:-216px -192px}.c-icon-location{background-position:-240px -192px}.c-icon-warning{background-position:-264px -192px}.c-icon-doc{background-position:-288px -192px}.c-icon-xls{background-position:-312px -192px}.c-icon-ppt{background-position:-336px -192px}.c-icon-pdf{background-position:-360px -192px}.c-icon-txt{background-position:-384px -192px}.c-icon-play-black{background-position:-408px -192px}.c-icon-play-black:hover{background-position:-432px -192px}.c-icon-gift{background-position:-456px -192px}.c-icon-baidu-share{background-position:-480px -192px}.c-icon-bear{background-position:-504px -192px}.c-icon-R{background-position:-528px -192px}.c-icon-bear-border{background-position:-576px -192px}.c-icon-person,.c-icon-person-noborder{background-position:-600px -192px}.c-icon-location-blue{background-position:-624px -192px}.c-icon-hotAirBall{background-position:-648px -192px}.c-icon-moon{background-position:-672px -192px}.c-icon-streetMap{background-position:-696px -192px}.c-icon-high-v,.c-icon-high-v-noborder{background-position:-720px -192px}.c-icon-nuo{background-position:-744px -192px}.c-icon-mv{background-position:-768px -192px}.c-icon-fan{background-position:-792px -192px}.c-icon-med{background-position:-816px -192px}.c-icon-air{background-position:-840px -192px}.c-icon-share2{background-position:-864px -192px}.c-icon-v1,.c-icon-v1-noborder{background-position:-888px -192px}.c-icon-v2,.c-icon-v2-noborder{background-position:-912px -192px}.c-icon-v3,.c-icon-v3-noborder{background-position:-936px -192px}.c-icon-v1-noborder-disable{background-position:-960px -192px}.c-icon-v2-noborder-disable{background-position:-984px -192px}.c-icon-v3-noborder-disable{background-position:-1008px -192px}.c-icon-write{background-position:-1032px -192px}.c-icon-zhidao-s{background-position:-1056px -192px}.c-icon-shopping{background-position:-1080px -192px}.c-icon-bear-circle{background-position:0 -216px}.c-icon-warning-circle{background-position:-24px -216px}.c-icon-warning-triangle{width:24px;background-position:-48px -216px}.c-icon-warning-circle-gray{background-position:-72px -216px}.c-icon-ball-red{background-position:0 -240px}.c-icon-ball-blue{background-position:-48px -240px}.c-icon-tieba{background-position:0 -288px}.c-icon-zhidao{background-position:-48px -288px}.c-icon-bear-p{background-position:-96px -288px}.c-icon-bear-pn{background-position:-144px -288px}.c-icon-download{background-position:0 -336px}.c-icon-lyric{background-position:-24px -336px}.c-icon-play-circle{background-position:-48px -336px}.c-icon-play-circle:hover{background-position:-72px -336px}.c-icon-stop-circle{background-position:-96px -336px}.c-icon-stop-circle:hover{background-position:-120px -336px}.c-icon-play-circle-middle{background-position:0 -360px}.c-icon-play-circle-middle:hover{background-position:-48px -360px}.c-icon-stop-circle-middle{background-position:-96px -360px}.c-icon-stop-circle-middle:hover{background-position:-144px -360px}.c-icon-play-black-large{background-position:0 -408px}.c-icon-play-black-large:hover{background-position:-48px -408px}.c-icon-stop-black-large{background-position:-96px -408px}.c-icon-stop-black-large:hover{background-position:-144px -408px}.c-icon-play-black-larger{background-position:0 -456px}.c-icon-play-black-larger:hover{background-position:-72px -456px}.c-icon-stop-black-larger{background-position:-144px -456px}.c-icon-stop-black-larger:hover{background-position:-216px -456px}.c-recommend{font-size:0;padding:5px 0;border:1px solid #f3f3f3;border-left:0;border-right:0}.c-recommend .c-icon{margin-bottom:-4px}.c-recommend .c-gray,.c-recommend a{font-size:13px}.c-recommend-notopline{padding-top:0;border-top:0}.c-recommend-vline{display:inline-block;margin:0 10px -2px;border-left:1px solid #d8d8d8;width:0;height:12px;_vertical-align:middle;_overflow:hidden}.c-text{display:inline-block;padding:2px;text-align:center;vertical-align:text-bottom;font-size:12px;line-height:100%;font-style:normal;font-weight:400;color:#fff;overflow:hidden}a.c-text{text-decoration:none}.c-text-new{background-color:#f13f40}.c-text-info{padding-left:0;padding-right:0;font-weight:700;color:#2b99ff;*vertical-align:baseline;_position:relative;_top:2px}.c-text-info b{_position:relative;_top:-1px}.c-text-info span{padding:0 2px;font-weight:400}.c-text-important{background-color:#1cb7fd}.c-text-public{background-color:#2b99ff}.c-text-warning{background-color:#ff830f}.c-text-prompt{background-color:#f5c537}.c-text-danger{background-color:#f13f40}.c-text-safe{background-color:#52c277}.c-text-empty{padding-top:1px;padding-bottom:1px;border:1px solid #d8d8d8;cursor:pointer;color:#23b9fd;background-color:#fff}.c-text-empty:hover{border-color:#388bff}.c-text-empty:active{border-color:#a2a6ab;background-color:#f0f0f0;box-shadow:inset 1px 1px 1px #c7c7c7;-webkit-box-shadow:inset 1px 1px 1px #c7c7c7;-moz-box-shadow:inset 1px 1px 1px #c7c7c7;-o-box-shadow:inset 1px 1px 1px #c7c7c7}.c-text-mult{padding-left:5px;padding-right:5px}.c-text-gray{background-color:#666}.c-btn,.c-btn:visited{color:#333!important}.c-btn{display:inline-block;padding:0 14px;margin:0;height:24px;line-height:25px;font-size:13px;filter:chroma(color=#000000);*zoom:1;border:1px solid #d8d8d8;cursor:pointer;font-family:inherit;font-weight:400;text-align:center;vertical-align:middle;background-color:#f9f9f9;overflow:hidden;outline:0}.c-btn:hover{border-color:#388bff}.c-btn:active{border-color:#a2a6ab;background-color:#f0f0f0;box-shadow:inset 1px 1px 1px #c7c7c7;-webkit-box-shadow:inset 1px 1px 1px #c7c7c7;-moz-box-shadow:inset 1px 1px 1px #c7c7c7;-o-box-shadow:inset 1px 1px 1px #c7c7c7}a.c-btn{text-decoration:none}button.c-btn{height:26px;_line-height:18px;*overflow:visible}button.c-btn::-moz-focus-inner{padding:0;border:0}.c-btn .c-icon{margin-top:5px}.c-btn-disable{color:#999!important}.c-btn-disable:visited{color:#999!important}.c-btn-disable:hover{border:1px solid #d8d8d8;cursor:default}.c-btn-disable:active{border-color:#d8d8d8;background-color:#f9f9f9;box-shadow:none;-webkit-box-shadow:none;-moz-box-shadow:none;-o-box-shadow:none}.c-btn-mini{padding-left:5px;padding-right:5px;height:18px;line-height:18px;font-size:12px}button.c-btn-mini{height:20px;_height:18px;_line-height:14px}.c-btn-mini .c-icon{margin-top:2px}.c-btn-large{height:28px;line-height:28px;font-size:14px;font-family:&quot;微软雅黑&quot;,&quot;黑体&quot;}button.c-btn-large{height:30px;_line-height:24px}.c-btn-large .c-icon{margin-top:7px;_margin-top:6px}.c-btn-primary,.c-btn-primary:visited{color:#fff!important}.c-btn-primary{background-color:#388bff;border-color:#3c8dff #408ffe #3680e6}.c-btn-primary:hover{border-color:#2678ec #2575e7 #1c6fe2 #2677e7;background-color:#388bff;background-image:url(data:image/png;base64,iVBORw0KGgoAAAANSUhEUgAAAAEAAAACCAMAAACuX0YVAAAABlBMVEVnpv85i/9PO5r4AAAAD0lEQVR42gEEAPv/AAAAAQAFAAIros7PAAAAAElFTkSuQmCC);*background-image:none;background-repeat:repeat-x;box-shadow:1px 1px 1px rgba(0,0,0,.4);-webkit-box-shadow:1px 1px 1px rgba(0,0,0,.4);-moz-box-shadow:1px 1px 1px rgba(0,0,0,.4);-o-box-shadow:1px 1px 1px rgba(0,0,0,.4)}.c-btn-primary:active{border-color:#178ee3 #1784d0 #177bbf #1780ca;background-color:#388bff;background-image:none;box-shadow:inset 1px 1px 1px rgba(0,0,0,.15);-webkit-box-shadow:inset 1px 1px 1px rgba(0,0,0,.15);-moz-box-shadow:inset 1px 1px 1px rgba(0,0,0,.15);-o-box-shadow:inset 1px 1px 1px rgba(0,0,0,.15)}.c-btn .c-icon{float:left}.c-dropdown2{position:relative;display:inline-block;width:100%;height:26px;line-height:26px;font-size:13px;vertical-align:middle;outline:0;_font-family:SimSun;background-color:#fff;word-wrap:normal;word-break:normal}.c-dropdown2 .c-dropdown2-btn-group{position:relative;height:24px;border:1px solid #999;border-bottom-color:#d8d8d8;border-right-color:#d8d8d8;-moz-user-select:none;-webkit-user-select:none;user-select:none}.c-dropdown2:hover .c-dropdown2-btn-group,.c-dropdown2-hover .c-dropdown2-btn-group{box-shadow:inset 1px 1px 0 0 #d8d8d8;-webkit-box-shadow:inset 1px 1px 0 0 #d8d8d8;-moz-box-shadow:inset 1px 1px 0 0 #d8d8d8;-o-box-shadow:inset 1px 1px 0 0 #d8d8d8}.c-dropdown2:hover .c-dropdown2-btn-icon,.c-dropdown2-hover .c-dropdown2-btn-icon{box-shadow:inset 0 1px 0 0 #d8d8d8;-webkit-box-shadow:inset 0 1px 0 0 #d8d8d8;-moz-box-shadow:inset 0 1px 0 0 #d8d8d8;-o-box-shadow:inset 0 1px 0 0 #d8d8d8}.c-dropdown2:hover .c-dropdown2-btn-icon-border,.c-dropdown2-hover .c-dropdown2-btn-icon-border{background-color:#f2f2f2}.c-dropdown2 .c-dropdown2-btn{height:24px;padding-left:10px;padding-right:10px;cursor:default;overflow:hidden;white-space:nowrap}.c-dropdown2 .c-dropdown2-btn-icon{position:absolute;top:0;right:0;width:23px;height:24px;line-height:24px;background-color:#fff;padding:0 1px 0 10px}.c-dropdown2 .c-dropdown2-btn-icon-border{height:24px;width:23px;border-left:1px solid #d9d9d9;text-align:center;zoom:1}.c-dropdown2 .c-icon-triangle-down{*margin-top:5px;_margin-left:2px}.c-dropdown2 .c-dropdown2-menu{position:absolute;left:0;top:100%;_margin-top:0;width:100%;overflow:hidden;border:1px solid #bbb;background:#fff;visibility:hidden}.c-dropdown2 .c-dropdown2-menu-inner{overflow:hidden}.c-dropdown2 .c-dropdown2-option{background-color:#fff;cursor:pointer}.c-dropdown2 .c-dropdown2-selected{background-color:#f5f5f5}.c-dropdown2-common ul,.c-dropdown2-common li{margin:0;padding:0;list-style:none}.c-dropdown2-common .c-dropdown2-option{height:26px;line-height:26px;font-size:12px;color:#333;white-space:nowrap;cursor:pointer;padding-left:10px}.c-dropdown2-common .c-dropdown2-selected{background-color:#f5f5f5}.c-dropdown2-common .c-dropdown2-menu-group .c-dropdown2-group{padding-left:10px;font-weight:700;cursor:default}.c-dropdown2-common .c-dropdown2-menu-group .c-dropdown2-option{padding-left:20px}.c-img{display:block;min-height:1px;border:0 0}.c-img3{width:52px}.c-img4{width:75px}.c-img6{width:121px}.c-img7{width:144px}.c-img12{width:259px}.c-img15{width:328px}.c-img18{width:397px}.c-border .c-img3{width:56px}.c-border .c-img4{width:78px}.c-border .c-img7{width:144px}.c-border .c-img12{width:254px}.c-border .c-img15{width:320px}.c-border .c-img18{width:386px}.c-index{display:inline-block;padding:1px 0;color:#fff;width:14px;line-height:100%;font-size:12px;text-align:center;background-color:#8eb9f5}.c-index-hot,.c-index-hot1{background-color:#f54545}.c-index-hot2{background-color:#ff8547}.c-index-hot3{background-color:#ffac38}.c-input{display:inline-block;padding:0 4px;height:24px;line-height:24px\9;font-size:13px;border:1px solid #999;border-bottom-color:#d8d8d8;border-right-color:#d8d8d8;outline:0;box-sizing:content-box;-webkit-box-sizing:content-box;-moz-box-sizing:content-box;vertical-align:top;overflow:hidden}.c-input:hover{box-shadow:inset 1px 1px 1px 0 #d8d8d8;-webkit-box-shadow:inset 1px 1px 1px 0 #d8d8d8;-moz-box-shadow:inset 1px 1px 1px 0 #d8d8d8;-o-box-shadow:inset 1px 1px 1px 0 #d8d8d8}.c-input .c-icon{float:right;margin-top:6px}.c-input .c-icon-left{float:left;margin-right:4px}.c-input input{float:left;height:22px;*padding-top:4px;margin-top:2px;font-size:13px;border:0;outline:0}.c-input{width:180px}.c-input input{width:162px}.c-input-xmini{width:65px}.c-input-xmini input{width:47px}.c-input-mini{width:88px}.c-input-mini input{width:70px}.c-input-small{width:157px}.c-input-small input{width:139px}.c-input-large{width:203px}.c-input-large input{width:185px}.c-input-xlarge{width:341px}.c-input-xlarge input{width:323px}.c-input12{width:249px}.c-input12 input{width:231px}.c-input20{width:433px}.c-input20 input{width:415px}.c-border .c-input{width:178px}.c-border .c-input input{width:160px}.c-border .c-input-xmini{width:68px}.c-border .c-input-xmini input{width:50px}.c-border .c-input-mini{width:90px}.c-border .c-input-mini input{width:72px}.c-border .c-input-small{width:156px}.c-border .c-input-small input{width:138px}.c-border .c-input-large{width:200px}.c-border .c-input-large input{width:182px}.c-border .c-input-xlarge{width:332px}.c-border .c-input-xlarge input{width:314px}.c-border .c-input12{width:244px}.c-border .c-input12 input{width:226px}.c-border .c-input20{width:420px}.c-border .c-input20 input{width:402px}.c-numberset{*zoom:1}.c-numberset:after{display:block;height:0;content:&quot;&quot;;clear:both;visibility:hidden}.c-numberset li{float:left;margin-right:17px;list-style:none}.c-numberset .c-numberset-last{margin-right:0}.c-numberset a{display:block;width:50px;text-decoration:none;text-align:center;border:1px solid #d8d8d8;cursor:pointer}.c-numberset a:hover{border-color:#388bff}.c-border .c-numberset li{margin-right:10px}.c-border .c-numberset .c-numberset-last{margin-right:0}.c-border .c-numberset a{width:54px}.c-table{width:100%;border-collapse:collapse;border-spacing:0}.c-table th,.c-table td{padding-left:10px;line-height:1.54;font-size:13px;border-bottom:1px solid #f3f3f3;text-align:left}.cr-content .c-table th:first-child,.cr-content .c-table td:first-child{padding-left:0}.c-table th{padding-top:4px;padding-bottom:4px;font-weight:400;color:#666;border-color:#f0f0f0;white-space:nowrap;background-color:#fafafa}.c-table td{padding-top:6.5px;padding-bottom:6.5px}.c-table-hasimg td{padding-top:10px;padding-bottom:10px}.c-table a,.c-table em{text-decoration:none}.c-table a:hover,.c-table a:hover em{text-decoration:underline}.c-table a.c-icon:hover{text-decoration:none}.c-table .c-btn:hover,.c-table .c-btn:hover em{text-decoration:none}.c-table-nohihead th{background-color:transparent}.c-table-noborder td{border-bottom:0}.c-tabs-nav-movetop{margin:-10px -9px 0 -10px;position:relative}.c-tabs-nav{border-bottom:1px solid #d9d9d9;background-color:#fafafa;line-height:1.54;font-size:0;*zoom:1;_overflow-x:hidden;_position:relative}.c-tabs-nav:after{display:block;height:0;content:&quot;&quot;;clear:both;visibility:hidden}.c-tabs-nav .c-tabs-nav-btn{float:right;_position:absolute;_top:0;_right:0;_z-index:1;background:#fafafa}.c-tabs-nav .c-tabs-nav-btn .c-tabs-nav-btn-prev,.c-tabs-nav .c-tabs-nav-btn .c-tabs-nav-btn-next{float:left;padding:6px 2px;cursor:pointer}.c-tabs-nav .c-tabs-nav-btn .c-tabs-nav-btn-disable{cursor:default}.c-tabs-nav .c-tabs-nav-view{_position:relative;overflow:hidden;*zoom:1;margin-bottom:-1px}.c-tabs-nav .c-tabs-nav-view .c-tabs-nav-li{margin-bottom:0}.c-tabs-nav .c-tabs-nav-more{float:left;white-space:nowrap}.c-tabs-nav li,.c-tabs-nav a{color:#666;font-size:13px;*zoom:1}.c-tabs-nav li{display:inline-block;margin-bottom:-1px;*display:inline;padding:3px 15px;vertical-align:bottom;border-style:solid;border-width:2px 1px 0;border-color:transparent;_border-color:tomato;_filter:chroma(color=#ff6347);list-style:none;cursor:pointer;white-space:nowrap;overflow:hidden}.c-tabs-nav a{text-decoration:none}.c-tabs-nav .c-tabs-nav-sep{height:16px;width:0;padding:0;margin-bottom:4px;border-style:solid;border-width:0 1px;border-color:transparent #fff transparent #dedede}.c-tabs-nav .c-tabs-nav-selected{_position:relative;border-color:#2c99ff #e4e4e4 #fff #dedede;background-color:#fff;color:#000;cursor:default}.c-tabs-nav-one .c-tabs-nav-selected{border-color:transparent;_border-color:tomato;_filter:chroma(color=#ff6347);background-color:transparent;color:#666}.c-tabs .c-tabs .c-tabs-nav{padding:10px 0 5px;border:0 0;background-color:#fff}.c-tabs .c-tabs .c-tabs-nav li,.c-tabs .c-tabs .c-tabs-nav a{color:#00c}.c-tabs .c-tabs .c-tabs-nav li{padding:0 5px;position:static;margin:0 10px;border:0 0;cursor:pointer;white-space:nowrap}.c-tabs .c-tabs .c-tabs-nav .c-tabs-nav-sep{height:11px;width:0;padding:0;margin:0 0 4px;border:0 0;border-left:1px solid #d8d8d8}.c-tabs .c-tabs .c-tabs-nav .c-tabs-nav-selected{background-color:#2c99ff;color:#fff;cursor:default}.c-tag{padding-top:3px;margin-bottom:3px;height:1.7em;font-size:13px;line-height:1.4em;transition:height .3s ease-in;-webkit-transition:height .3s ease-in;-moz-transition:height .3s ease-in;-ms-transition:height .3s ease-in;-o-transition:height .3s ease-in;*zoom:1;overflow:hidden}.c-tag:after{display:block;height:0;content:&quot;&quot;;clear:both;visibility:hidden}.c-tag-cont{overflow:hidden;*zoom:1}.c-tag-type,.c-tag-li,.c-tag-more,.c-tag-cont span{margin:2px 0}.c-tag-type,.c-tag-li,.c-tag-cont span{float:left}.c-tag-type,.c-tag-more{color:#666}.c-tag-li,.c-tag-cont span{padding:0 4px;display:inline-block;margin-right:12px;white-space:nowrap;cursor:pointer;color:#00c}.c-tag .c-tag-selected{background:#388bff;color:#fff}.c-tag-more{float:right;background:#fff;cursor:pointer;*height:18px}.c-tool{display:inline-block;width:56px;height:56px;background:url(//www.baidu.com/aladdin/img/tools/tools-5.png) no-repeat}.c-tool-region{background-position:0 0}.c-tool-calendar{background-position:-72px 0}.c-tool-city{background-position:-144px 0}.c-tool-phone-pos{background-position:-216px 0}.c-tool-other{background-position:-288px 0}.c-tool-midnight{background-position:-360px 0}.c-tool-kefu{width:121px;background-position:-432px 0}.c-tool-phone{background-position:-576px 0}.c-tool-car{background-position:-648px 0}.c-tool-station{background-position:0 -72px}.c-tool-cheat{background-position:-72px -72px}.c-tool-counter{background-position:-144px -72px}.c-tool-time{background-position:-216px -72px}.c-tool-zip{background-position:-288px -72px}.c-tool-warning{background-position:-360px -72px}.c-tool-ip{background-position:0 -144px}.c-tool-unit{background-position:-72px -144px}.c-tool-rate{background-position:-144px -144px}.c-tool-conversion{background-position:-288px -144px}.c-tool-ads{background-position:-360px -144px}.soutu-input{padding-left:55px!important}.soutu-input-image{position:absolute;left:1px;top:1px;height:28px;width:49px;z-index:1;padding:0;background:#e6e6e6;border:1px solid #e6e6e6}.soutu-input-thumb{height:28px;width:28px;min-width:1px}.soutu-input-close{position:absolute;right:0;top:0;cursor:pointer;display:block;width:22px;height:28px}.soutu-input-close::after{content:&quot; &quot;;position:absolute;right:3px;top:50%;cursor:pointer;margin-top:-7px;display:block;width:14px;height:14px;background:url(https://ss1.bdstatic.com/5eN1bjq8AAUYm2zgoY3K/r/www/cache/static/protocol/https/soutu/img/soutu_icons_new_8abaf8a.png) no-repeat -163px 0}.soutu-input-image:hover .soutu-input-close::after{background-position:-215px 2px}.fb-hint{margin-top:5px;transition-duration:.9s;opacity:0;display:none;color:red}.fb-img{display:none}.fb-hint-tip{height:44px;line-height:24px;background-color:#38f;color:#fff;box-sizing:border-box;width:269px;font-size:16px;padding:10px;padding-left:14px;position:absolute;top:-65px;right:-15px;border-radius:3px;z-index:299}.fb-hint-tip::before{content:&quot;&quot;;width:0;height:0;display:block;position:absolute;border-left:8px solid transparent;border-right:8px solid transparent;border-top:8px solid #38f;bottom:-8px;right:25px}.fb-mask,.fb-mask-light{position:absolute;top:0;left:0;bottom:0;right:0;z-index:296;background-color:#000;filter:alpha(opacity=60);background-color:rgba(0,0,0,.6)}.fb-mask-light{background-color:#fff;filter:alpha(opacity=0);background-color:rgba(255,255,255,0)}.fb-success .fb-success-text{text-align:center;color:#333;font-size:13px;margin-bottom:14px}.fb-success-text.fb-success-text-title{color:#3b6;font-size:16px;margin-bottom:16px}.fb-success-text-title i{width:16px;height:16px;margin-right:5px}.fb-list-container{box-sizing:border-box;padding:4px 8px;position:absolute;top:0;left:0;bottom:0;right:0;z-index:298;display:block;width:100%;cursor:pointer;margin-top:-5px;margin-left:-5px}.fb-list-container-hover{background-color:#fff;border:2px #38f solid}.fb-list-container-first{box-sizing:border-box;padding-left:10px;padding-top:5px;position:absolute;top:0;left:0;bottom:0;right:0;z-index:297;display:block;width:100%;cursor:pointer;margin-top:-5px;margin-left:-5px;border:3px #f5f5f5 dashed;border-radius:3px}.fb-des-content{font-size:13px!important;color:#000}.fb-des-content::-webkit-input-placeholder{font-size:13px!important;color:#9a9a9a}.fb-des-content:-moz-placeholder{font-size:13px!important;color:#9a9a9a}.fb-des-content::-moz-placeholder{font-size:13px!important;color:#9a9a9a}.fb-des-content:-ms-input-placeholder{font-size:13px!important;color:#9a9a9a}.fb-btn,.fb-btn:visited{color:#333!important}.fb-select{position:relative;background-color:#fff;border:1px solid #ccc}.fb-select i{position:absolute;right:2px;top:7px}.fb-type{width:350px;box-sizing:border-box;height:28px;font-size:13px;line-height:28px;border:0;word-break:normal;word-wrap:normal;position:relative;appearance:none;-moz-appearance:none;-webkit-appearance:none;display:inline-block;vertical-align:middle;line-height:normal;color:#333;background-color:transparent;border-radius:0;overflow:hidden;outline:0;padding-left:5px}.fb-type::-ms-expand{display:none}.fb-btn{display:inline-block;padding:0 14px;margin:0;height:24px;line-height:25px;font-size:13px;filter:chroma(color=#000000);*zoom:1;border:1px solid #d8d8d8;cursor:pointer;font-family:inherit;font-weight:400;text-align:center;vertical-align:middle;background-color:#f9f9f9;overflow:hidden;outline:0}.fb-btn:hover{border-color:#388bff}.fb-btn:active{border-color:#a2a6ab;background-color:#f0f0f0;box-shadow:inset 1px 1px 1px #c7c7c7;-webkit-box-shadow:inset 1px 1px 1px #c7c7c7;-moz-box-shadow:inset 1px 1px 1px #c7c7c7;-o-box-shadow:inset 1px 1px 1px #c7c7c7}a.fb-btn{text-decoration:none}button.fb-btn{height:26px;_line-height:18px;*overflow:visible}button.fb-btn::-moz-focus-inner{padding:0;border:0}.fb-btn .c-icon{margin-top:5px}.fb-btn-primary,.fb-btn-primary:visited{color:#fff!important}.fb-btn-primary{background-color:#388bff;_width:82px;border-color:#3c8dff #408ffe #3680e6}.fb-btn-primary:hover{border-color:#2678ec #2575e7 #1c6fe2 #2677e7;background-color:#388bff;background-image:url(data:image/png;base64,iVBORw0KGgoAAAANSUhEUgAAAAEAAAACCAMAAACuX0YVAAAABlBMVEVnpv85i/9PO5r4AAAAD0lEQVR42gEEAPv/AAAAAQAFAAIros7PAAAAAElFTkSuQmCC);background-repeat:repeat-x;box-shadow:1px 1px 1px rgba(0,0,0,.4);-webkit-box-shadow:1px 1px 1px rgba(0,0,0,.4);-moz-box-shadow:1px 1px 1px rgba(0,0,0,.4);-o-box-shadow:1px 1px 1px rgba(0,0,0,.4)}.fb-btn-primary:active{border-color:#178ee3 #1784d0 #177bbf #1780ca;background-color:#388bff;background-image:none;box-shadow:inset 1px 1px 1px rgba(0,0,0,.15);-webkit-box-shadow:inset 1px 1px 1px rgba(0,0,0,.15);-moz-box-shadow:inset 1px 1px 1px rgba(0,0,0,.15);-o-box-shadow:inset 1px 1px 1px rgba(0,0,0,.15)}.fb-feedback-right-dialog{position:fixed;z-index:299;bottom:0;right:0}.fb-feedback-list-dialog,.fb-feedback-list-dialog-left{position:absolute;z-index:299}.fb-feedback-list-dialog:before{content:&quot;&quot;;width:0;height:0;display:block;position:absolute;top:15px;left:-6px;border-top:8px solid transparent;border-bottom:8px solid transparent;border-right:8px solid #fff}.fb-feedback-list-dialog-left:before{content:&quot;&quot;;width:0;height:0;display:block;position:absolute;top:15px;right:-6px;border-top:8px solid transparent;border-bottom:8px solid transparent;border-left:8px solid #fff}.fb-header{padding-left:20px;padding-right:20px;margin-top:14px;text-align:left;-moz-user-select:none}.fb-header .fb-close{opacity:.2;filter:alpha(opacity=20)}.fb-close{text-decoration:none;margin-top:2px;float:right;font-size:20px;font-weight:700;line-height:18px;color:#666;text-shadow:0 1px 0 #fff}.fb-header a.fb-close:hover{text-decoration:none}.fb-header-tips{font-size:16px;margin:0;color:#333;text-rendering:optimizelegibility}.fb-body{margin-bottom:0;padding:20px;padding-top:10px;overflow:hidden;text-align:left}.fb-modal,.fb-success{background-color:#fff;cursor:default;top:100%;left:100%;width:390px;overflow:hidden;border:1px solid #999;*border:1px solid #ddd;font-size:13px;line-height:1.54}.fb-textarea textarea{width:350px;height:64px;padding:4px;margin:10px 0;vertical-align:top;resize:none;overflow:auto;box-sizing:border-box;display:inline-block;border:1px solid #ccc;-webkit-border-radius:0;-moz-border-radius:0;border-radius:0;-webkit-box-shadow:inset 0 1px 1px rgba(0,0,0,.075);-moz-box-shadow:inset 0 1px 1px rgba(0,0,0,.075);box-shadow:inset 0 1px 1px rgba(0,0,0,.075);-webkit-transition:border linear .2s,box-shadow linear .2s;-moz-transition:border linear .2s,box-shadow linear .2s;-ms-transition:border linear .2s,box-shadow linear .2s;-o-transition:border linear .2s,box-shadow linear .2s;transition:border linear .2s,box-shadow linear .2s}.fb-guide{padding-top:10px;color:#9a9a9a;margin-left:-20px;padding-left:20px;border-right-width:0;margin-right:-20px;padding-right:25px;margin-bottom:-20px;padding-bottom:15px}.fb-footer{padding-top:10px;text-align:left}.fb-block{overflow:hidden;position:relative}.fb-block .fb-email{height:28px;line-height:26px;width:350px;border:1px solid #ccc;padding:4px;padding-top:0;box-sizing:border-box;padding-bottom:0;display:inline-block;font-family:&#039;Helvetica Neue&#039;,Helvetica,Arial,sans-serif;vertical-align:middle!important;-webkit-border-radius:0;-moz-border-radius:0;border-radius:0;-webkit-box-shadow:inset 0 1px 1px rgba(0,0,0,.075);-moz-box-shadow:inset 0 1px 1px rgba(0,0,0,.075);box-shadow:inset 0 1px 1px rgba(0,0,0,.075);-webkit-transition:border linear .2s,box-shadow linear .2s;-moz-transition:border linear .2s,box-shadow linear .2s;-ms-transition:border linear .2s,box-shadow linear .2s;-o-transition:border linear .2s,box-shadow linear .2s;transition:border linear .2s,box-shadow linear .2s}.fb-email{font-size:13px!important;color:#000}.fb-email::-webkit-input-placeholder{font-size:13px!important;color:#9a9a9a}.fb-email:-moz-placeholder{font-size:13px!important;color:#9a9a9a}.fb-email::-moz-placeholder{font-size:13px!important;color:#9a9a9a}.fb-email:-ms-input-placeholder{font-size:13px!important;color:#9a9a9a}.fb-cut-block{height:15px;padding-bottom:10px}.fb-canvas-block{height:172px;border:1px solid #ccc;margin-bottom:10px;position:relative;overflow:hidden;width:100%;background-position:center;box-sizing:border-box}.fb-canvas-block img{width:350px;position:absolute}.fb-canvas-block img[src=&quot;&quot;]{opacity:0}.fb-cut-input{width:14px;height:14px;margin:0;margin-right:10px;display:inline-block;border:1px solid #ccc}.fb-cut-btn{width:60px!important}#fb_tips_span{vertical-align:middle}#fb_popwindow{display:block;left:457px;top:69.5px;position:absolute;width:450px;z-index:999999;background:none repeat scroll 0 0 #fff;border:1px solid #999;border-radius:3px;box-shadow:0 0 9px #999;padding:0}#feedback_dialog_content{text-align:center}#fb_right_post_save:hover{background-image:url(data:image/png;base64,iVBORw0KGgoAAAANSUhEUgAAAAEAAAACCAMAAACuX0YVAAAABlBMVEVnpv85i/9PO5r4AAAAD0lEQVR42gEEAPv/AAAAAQAFAAIros7PAAAAAElFTkSuQmCC);background-repeat:repeat-x;box-shadow:1px 1px 1px rgba(0,0,0,.4);-webkit-box-shadow:1px 1px 1px rgba(0,0,0,.4);-moz-box-shadow:1px 1px 1px rgba(0,0,0,.4);-o-box-shadow:1px 1px 1px rgba(0,0,0,.4)}.fb-select-icon{position:absolute;bottom:6px;right:5px;width:16px;height:16px;box-sizing:content-box;background-position:center center;background-repeat:no-repeat;background-size:7px 4px;-webkit-background-size:7px 4px;background-image:url(data:image/png;base64,iVBORw0KGgoAAAANSUhEUgAAAAcAAAAECAYAAABCxiV9AAAABGdBTUEAALGPC/xhBQAAACBjSFJNAAB6JgAAgIQAAPoAAACA6AAAdTAAAOpgAAA6mAAAF3CculE8AAAABmJLR0QAAAAAAAD5Q7t/AAAACXBIWXMAAAsSAAALEgHS3X78AAAAKElEQVQI12Ps7Or6z4ADMDIwMDBgU1BeVsbICOMgKygvK2PEMAbdBAAhxA08t5Q3VgAAAABJRU5ErkJggg==)}.fb-select-shorter{position:relative;min-height:28px}.fb-type-container{line-height:28px;position:absolute;top:28px;width:100%;background-color:#fff;border:1px solid #ccc;z-index:300;margin-left:-1px;display:none}.fb-type-item,.fb-type-selected{height:28px;line-height:30px;padding-left:4px}.fb-type-item:hover{background:#f5F5F5}&lt;/style&gt;
    &lt;meta http-equiv=&quot;X-UA-Compatible&quot; content=&quot;IE=Edge&quot;&gt;
	&lt;meta content=&quot;always&quot; name=&quot;referrer&quot;&gt;
    &lt;meta name=&quot;theme-color&quot; content=&quot;#2932e1&quot;&gt;
    
     
    
	
	
	
	
	
	
	
	
	
	
    
    &lt;title&gt;macaca_百度搜索&lt;/title&gt;
    



&lt;!--[if lte IE 8]&gt;
&lt;style index=&quot;index&quot; data-compress=&quot;strip&quot;&gt;
.s_form{top:260px}
&lt;/style&gt;
&lt;![endif]--&gt;
&lt;!--[if IE 8]&gt;
&lt;style index=&quot;index&quot; data-compress=&quot;strip&quot;&gt;
#u1 a.mnav,#u1 a.mnav:visited,#u1 a.lb,#u1 a.lb:visited,#u1 a.pf,#u1 a.pf:visited,#u1 a.bri,#u1 a.bri:visited{font-family:simsun;}
&lt;/style&gt;
&lt;![endif]--&gt;
&lt;style data-for=&quot;debug&quot;&gt;
#debug{display:none!important;}
&lt;/style&gt;
&lt;style data-for=&quot;result&quot; id=&quot;css_index_result&quot; type=&quot;text/css&quot;&gt;#seth{display:inline;behavior:url(#default#homepage)}
#setf{display:inline}
#sekj{margin-left:14px}
#st,#sekj{display:none}
.s_ipt_wr{border:1px solid #b6b6b6;border-color:#7b7b7b #b6b6b6 #b6b6b6 #7b7b7b;background:#fff;display:inline-block;vertical-align:top;width:539px;margin-right:0;border-right-width:0;border-color:#b8b8b8 transparent #ccc #b8b8b8;overflow:hidden}
.wrapper_s .s_ipt_wr{width:439px}
.wrapper_s .s_ipt{width:434px}
.wrapper_s .s_ipt_tip{width:434px}
.s_ipt_wr:hover,.s_ipt_wr.ipthover{border-color:#999 transparent #b3b3b3 #999}
.s_ipt_wr.iptfocus{border-color:#4791ff transparent #4791ff #4791ff}
.s_ipt_tip{color:#aaa;position:absolute;z-index:-10;font:16px/22px arial;height:32px;line-height:32px;padding-left:7px;overflow:hidden;width:526px}
.s_ipt{width:526px;height:22px;font:16px/18px arial;line-height:22px\9;margin:6px 0 0 7px;padding:0;background:transparent;border:0;outline:0;-webkit-appearance:none}
#kw{position:relative}
#u .username i{background-position:-408px -144px}
.bdpfmenu,.usermenu{border:1px solid #d1d1d1;position:absolute;width:105px;top:36px;z-index:302;box-shadow:1px 1px 5px #d1d1d1;-webkit-box-shadow:1px 1px 5px #d1d1d1;-moz-box-shadow:1px 1px 5px #d1d1d1;-o-box-shadow:1px 1px 5px #d1d1d1}
.bdpfmenu{font-size:12px;background-color:#fff}
.bdpfmenu a,.usermenu a{display:block;text-align:left;margin:0!important;padding:0 9px;line-height:26px;text-decoration:none}
.briiconsbg{background-repeat:no-repeat;background-size:300px 18px;background-image:url(https://ss1.bdstatic.com/5eN1bjq8AAUYm2zgoY3K/r/www/cache/static/protocol/https/home/img/icons_0c37e9b.png);background-image:url(https://ss1.bdstatic.com/5eN1bjq8AAUYm2zgoY3K/r/www/cache/static/protocol/https/home/img/icons_809ae65.gif)\9}
#u{z-index:301;position:absolute;right:0;top:0;margin:21px 9px 5px 0;padding:0}
.wrapper_s #u{margin-right:3px}
#u a{text-decoration:underline;color:#333;margin:0 7px}
.wrapper_s #u a{margin-right:0 6px}
#u div a{text-decoration:none}
#u a:hover{text-decoration:underline}
#u .back_org{color:#666;float:left;display:inline-block;height:24px;line-height:24px}
#u .bri{display:inline-block;width:24px;height:24px;float:left;line-height:24px;color:transparent;background:url(https://ss1.bdstatic.com/5eN1bjq8AAUYm2zgoY3K/r/www/cache/static/protocol/https/home/img/icons_0c37e9b.png) no-repeat 4px 3px;background-size:300px 18px;background-image:url(https://ss1.bdstatic.com/5eN1bjq8AAUYm2zgoY3K/r/www/cache/static/protocol/https/home/img/icons_809ae65.gif)\9;overflow:hidden}
#u .bri:hover,#u .bri.brihover{background-position:-18px 3px}
#mCon #imeSIcon{background-position:-408px -144px;margin-left:0}
#mCon span{color:#333}
.bdpfmenu a:link,.bdpfmenu a:visited,#u .usermenu a:link,#u .usermenu a:visited{background:#fff;color:#333}
.bdpfmenu a:hover,.bdpfmenu a:active,#u .usermenu a:hover,#u .usermenu a:active{background:#38f;text-decoration:none;color:#fff}
.bdpfmenu{width:70px}
.usermenu{width:68px;right:8px}
#wrapper .bdnuarrow{width:0;height:0;font-size:0;line-height:0;display:block;position:absolute;top:-10px;left:50%;margin-left:-5px}
#wrapper .bdnuarrow em,#wrapper .bdnuarrow i{width:0;height:0;font-size:0;line-height:0;display:block;position:absolute;border:5px solid transparent;border-style:dashed dashed solid}
#wrapper .bdnuarrow em{border-bottom-color:#d8d8d8;top:-1px}
#wrapper .bdnuarrow i{border-bottom-color:#fff;top:0}
#prefpanel{background:#fafafa;display:none;opacity:0;position:fixed;_position:absolute;top:-359px;z-index:500;width:100%;min-width:960px;border-bottom:1px solid #ebebeb}
#prefpanel form{_width:850px}
#kw_tip{cursor:default;display:none;margin-top:1px}
#bds-message-wrapper{top:43px}
.quickdelete-wrap{position:relative}
.quickdelete-wrap input{width:500px}
.wrapper_l .quickdelete-wrap input{width:500px}
.wrapper_s .quickdelete-wrap input{width:402px}
input::-ms-clear{display:none}
.quickdelete{width:32px;height:32px;background:url(https://ss1.bdstatic.com/5eN1bjq8AAUYm2zgoY3K/r/www/cache/static/protocol/https/global/img/quickdelete_33e3eb8.png) no-repeat;background-position:10px 10px;position:absolute;display:block}
.quickdelete:hover{background-position:10px -24px}
#lh a{margin-left:25px}
.bdbriwrapper-tuiguang{display:none!important}&lt;/style&gt;
&lt;!--[if IE 8]&gt;
&lt;style index=&quot;index&quot; data-compress=&quot;strip&quot;&gt;
.s_ipt{background-color:#FFF;}
&lt;/style&gt;
&lt;![endif]--&gt;

    




    
&lt;script data-require-id=&quot;plugins/swfobject&quot; src=&quot;https://ss1.bdstatic.com/5eN1bjq8AAUYm2zgoY3K/r/www/cache/static/protocol/https/plugins/swfobject_0178953.js&quot; async=&quot;&quot;&gt;&lt;/script&gt;&lt;script data-require-id=&quot;soutu/js/tu&quot; src=&quot;https://ss1.bdstatic.com/5eN1bjq8AAUYm2zgoY3K/r/www/cache/static/protocol/https/soutu/js/tu_329aca4.js&quot; async=&quot;&quot;&gt;&lt;/script&gt;&lt;script data-require-id=&quot;voice/js/voice&quot; src=&quot;https://ss1.bdstatic.com/5eN1bjq8AAUYm2zgoY3K/r/www/cache/static/protocol/https/voice/js/voice_1e62c0f.js&quot; async=&quot;&quot;&gt;&lt;/script&gt;&lt;link rel=&quot;stylesheet&quot; href=&quot;https://ss1.bdstatic.com/5eN1bjq8AAUYm2zgoY3K/r/www/cache/static/protocol/https/soutu/css/soutu.css&quot; type=&quot;text/css&quot; data-for=&quot;result&quot;&gt;&lt;style type=&quot;text/css&quot; data-for=&quot;result&quot;&gt;.ipt_rec{z-index:1;display:none;position:absolute;right:0;height:34px;width:24px;background:url(data:image/png;base64,iVBORw0KGgoAAAANSUhEUgAAAA0AAAASCAYAAACAa1QyAAAAAXNSR0IArs4c6QAAAAlwSFlzAAALEwAACxMBAJqcGAAAAVlpVFh0WE1MOmNvbS5hZG9iZS54bXAAAAAAADx4OnhtcG1ldGEgeG1sbnM6eD0iYWRvYmU6bnM6bWV0YS8iIHg6eG1wdGs9IlhNUCBDb3JlIDUuNC4wIj4KICAgPHJkZjpSREYgeG1sbnM6cmRmPSJodHRwOi8vd3d3LnczLm9yZy8xOTk5LzAyLzIyLXJkZi1zeW50YXgtbnMjIj4KICAgICAgPHJkZjpEZXNjcmlwdGlvbiByZGY6YWJvdXQ9IiIKICAgICAgICAgICAgeG1sbnM6dGlmZj0iaHR0cDovL25zLmFkb2JlLmNvbS90aWZmLzEuMC8iPgogICAgICAgICA8dGlmZjpPcmllbnRhdGlvbj4xPC90aWZmOk9yaWVudGF0aW9uPgogICAgICA8L3JkZjpEZXNjcmlwdGlvbj4KICAgPC9yZGY6UkRGPgo8L3g6eG1wbWV0YT4KTMInWQAAAXlJREFUKBW9kr1Kw1AUx5OYVWiRGqqLiPgIios4qg+QobhI7QdYH6CKk4IPUCRNQhFRHPIAnRykIIqre7cMsUMHp0Jt/J2ShiYWxx44/M/53/N17z2qkhLbtgtQl+g62kWvKpXKExiLFlsYzWbzCLgOw7A2HA6XVFU9Ez/i41A9tjAIutA0rVAqld4j/tl13cJoNLrHf5zEJjpBbvq+/zE5FIz8jWkuYXOfMEFETppPd5qV84ebX5Iu82azWd00zR+Zg+fmEdWZd/M8b6Hf7w9kvKDX661Eg3cdx9mK7DFQdBtDPlkhYRUI5J86uq4fgA4d6nR6sCzrOAiCN8MwduDvhAdF9tFX/lJrYNRbrdZiuVz2SDqHs/P5/EBQfOHlXOIkXsVQGMnicI2OZrFY/BZuWiSBtfLo6FPgZLxGmUymxrwNDj65ww3YzuVycleDQof4Ml6bONlFZdxpUpXF3MU+peIeuIx+McELeFutVjvg/5Jeneno+W3ELz3Rmg23qA6NAAAAAElFTkSuQmCC) no-repeat center;background-image: -webkit-image-set(url(data:image/png;base64,iVBORw0KGgoAAAANSUhEUgAAAA0AAAASCAYAAACAa1QyAAAAAXNSR0IArs4c6QAAAAlwSFlzAAALEwAACxMBAJqcGAAAAVlpVFh0WE1MOmNvbS5hZG9iZS54bXAAAAAAADx4OnhtcG1ldGEgeG1sbnM6eD0iYWRvYmU6bnM6bWV0YS8iIHg6eG1wdGs9IlhNUCBDb3JlIDUuNC4wIj4KICAgPHJkZjpSREYgeG1sbnM6cmRmPSJodHRwOi8vd3d3LnczLm9yZy8xOTk5LzAyLzIyLXJkZi1zeW50YXgtbnMjIj4KICAgICAgPHJkZjpEZXNjcmlwdGlvbiByZGY6YWJvdXQ9IiIKICAgICAgICAgICAgeG1sbnM6dGlmZj0iaHR0cDovL25zLmFkb2JlLmNvbS90aWZmLzEuMC8iPgogICAgICAgICA8dGlmZjpPcmllbnRhdGlvbj4xPC90aWZmOk9yaWVudGF0aW9uPgogICAgICA8L3JkZjpEZXNjcmlwdGlvbj4KICAgPC9yZGY6UkRGPgo8L3g6eG1wbWV0YT4KTMInWQAAAXlJREFUKBW9kr1Kw1AUx5OYVWiRGqqLiPgIios4qg+QobhI7QdYH6CKk4IPUCRNQhFRHPIAnRykIIqre7cMsUMHp0Jt/J2ShiYWxx44/M/53/N17z2qkhLbtgtQl+g62kWvKpXKExiLFlsYzWbzCLgOw7A2HA6XVFU9Ez/i41A9tjAIutA0rVAqld4j/tl13cJoNLrHf5zEJjpBbvq+/zE5FIz8jWkuYXOfMEFETppPd5qV84ebX5Iu82azWd00zR+Zg+fmEdWZd/M8b6Hf7w9kvKDX661Eg3cdx9mK7DFQdBtDPlkhYRUI5J86uq4fgA4d6nR6sCzrOAiCN8MwduDvhAdF9tFX/lJrYNRbrdZiuVz2SDqHs/P5/EBQfOHlXOIkXsVQGMnicI2OZrFY/BZuWiSBtfLo6FPgZLxGmUymxrwNDj65ww3YzuVycleDQof4Ml6bONlFZdxpUpXF3MU+peIeuIx+McELeFutVjvg/5Jeneno+W3ELz3Rmg23qA6NAAAAAElFTkSuQmCC) 1x,url(data:image/png;base64,iVBORw0KGgoAAAANSUhEUgAAABoAAAAkCAMAAACg5NohAAAA7VBMVEUAAACqqqqZmZmqqqqfn5+Ojo6ZmZmVlZWdnZ2ZmZmfn5+WlpadnZ2Xl5ebm5uVlZWZmZmXl5eZmZmampqXl5eZmZmampqZmZmampqbm5uXl5eZmZmampqYmJiZmZmampqampqYmJiZmZmYmJiampqZmZmampqZmZmZmZmZmZmYmJiZmZmampqZmZmZmZmZmZmZmZmZmZmZmZmampqZmZmZmZmYmJiZmZmampqZmZmZmZmZmZmZmZmZmZmZmZmZmZmZmZmZmZmZmZmZmZmZmZmZmZmZmZmZmZmZmZmZmZmZmZmZmZmZmZmZmZmZmZlntL8zAAAATnRSTlMAAwUGCAkKDA0PEBEaGxwdHiAjJiwtMDc6PUBBTE1aXWBhZG1vcH5/goWGh4iKjo+UmZump6iuvr/AxcbI0tPZ297f5uft7vL09fb5+/48nAt9AAABHElEQVQoz93S21ZBURjF8T855BiSw06UUqiEcipKOW7s+f6P04XWGOw8QKN5Ndf4jfHdrAkm8Yf39XpUi/MrxaUkScuiW8pS9zwYtLpyyvsSt1XZtors/ZuP6pjaUWOPpJypOX24yG+qX3LR4f4vaSPvIfJqw1rHgOQx4pGAI62Z6BSYKmsoqylwogl9XQANvRh61hNQUJ+qmkDS1s1WrmUngaaqZDQLAZeOuvlAIN+VcwWEZsrAq+oApcV2NosSQF1vgKXVGUDsfmTbo/soQHolC6ClcXR/RLGxWgAEhvpM70r6S8PAtkaGWtXCBsK1lYYR8/K1Hc2bhYTXmyg051Lbt3PDGjj6iTOwXMtO3fUm0qR3m+JQXD/1N+gbnHtANlxuv2EAAAAASUVORK5CYII=) 2x);background-image: -moz-image-set(url(data:image/png;base64,iVBORw0KGgoAAAANSUhEUgAAAA0AAAASCAYAAACAa1QyAAAAAXNSR0IArs4c6QAAAAlwSFlzAAALEwAACxMBAJqcGAAAAVlpVFh0WE1MOmNvbS5hZG9iZS54bXAAAAAAADx4OnhtcG1ldGEgeG1sbnM6eD0iYWRvYmU6bnM6bWV0YS8iIHg6eG1wdGs9IlhNUCBDb3JlIDUuNC4wIj4KICAgPHJkZjpSREYgeG1sbnM6cmRmPSJodHRwOi8vd3d3LnczLm9yZy8xOTk5LzAyLzIyLXJkZi1zeW50YXgtbnMjIj4KICAgICAgPHJkZjpEZXNjcmlwdGlvbiByZGY6YWJvdXQ9IiIKICAgICAgICAgICAgeG1sbnM6dGlmZj0iaHR0cDovL25zLmFkb2JlLmNvbS90aWZmLzEuMC8iPgogICAgICAgICA8dGlmZjpPcmllbnRhdGlvbj4xPC90aWZmOk9yaWVudGF0aW9uPgogICAgICA8L3JkZjpEZXNjcmlwdGlvbj4KICAgPC9yZGY6UkRGPgo8L3g6eG1wbWV0YT4KTMInWQAAAXlJREFUKBW9kr1Kw1AUx5OYVWiRGqqLiPgIios4qg+QobhI7QdYH6CKk4IPUCRNQhFRHPIAnRykIIqre7cMsUMHp0Jt/J2ShiYWxx44/M/53/N17z2qkhLbtgtQl+g62kWvKpXKExiLFlsYzWbzCLgOw7A2HA6XVFU9Ez/i41A9tjAIutA0rVAqld4j/tl13cJoNLrHf5zEJjpBbvq+/zE5FIz8jWkuYXOfMEFETppPd5qV84ebX5Iu82azWd00zR+Zg+fmEdWZd/M8b6Hf7w9kvKDX661Eg3cdx9mK7DFQdBtDPlkhYRUI5J86uq4fgA4d6nR6sCzrOAiCN8MwduDvhAdF9tFX/lJrYNRbrdZiuVz2SDqHs/P5/EBQfOHlXOIkXsVQGMnicI2OZrFY/BZuWiSBtfLo6FPgZLxGmUymxrwNDj65ww3YzuVycleDQof4Ml6bONlFZdxpUpXF3MU+peIeuIx+McELeFutVjvg/5Jeneno+W3ELz3Rmg23qA6NAAAAAElFTkSuQmCC) 1x,url(data:image/png;base64,iVBORw0KGgoAAAANSUhEUgAAABoAAAAkCAMAAACg5NohAAAA7VBMVEUAAACqqqqZmZmqqqqfn5+Ojo6ZmZmVlZWdnZ2ZmZmfn5+WlpadnZ2Xl5ebm5uVlZWZmZmXl5eZmZmampqXl5eZmZmampqZmZmampqbm5uXl5eZmZmampqYmJiZmZmampqampqYmJiZmZmYmJiampqZmZmampqZmZmZmZmZmZmYmJiZmZmampqZmZmZmZmZmZmZmZmZmZmZmZmampqZmZmZmZmYmJiZmZmampqZmZmZmZmZmZmZmZmZmZmZmZmZmZmZmZmZmZmZmZmZmZmZmZmZmZmZmZmZmZmZmZmZmZmZmZmZmZmZmZmZmZmZmZlntL8zAAAATnRSTlMAAwUGCAkKDA0PEBEaGxwdHiAjJiwtMDc6PUBBTE1aXWBhZG1vcH5/goWGh4iKjo+UmZump6iuvr/AxcbI0tPZ297f5uft7vL09fb5+/48nAt9AAABHElEQVQoz93S21ZBURjF8T855BiSw06UUqiEcipKOW7s+f6P04XWGOw8QKN5Ndf4jfHdrAkm8Yf39XpUi/MrxaUkScuiW8pS9zwYtLpyyvsSt1XZtors/ZuP6pjaUWOPpJypOX24yG+qX3LR4f4vaSPvIfJqw1rHgOQx4pGAI62Z6BSYKmsoqylwogl9XQANvRh61hNQUJ+qmkDS1s1WrmUngaaqZDQLAZeOuvlAIN+VcwWEZsrAq+oApcV2NosSQF1vgKXVGUDsfmTbo/soQHolC6ClcXR/RLGxWgAEhvpM70r6S8PAtkaGWtXCBsK1lYYR8/K1Hc2bhYTXmyg051Lbt3PDGjj6iTOwXMtO3fUm0qR3m+JQXD/1N+gbnHtANlxuv2EAAAAASUVORK5CYII=) 2x);background-image: -o-image-set(url(data:image/png;base64,iVBORw0KGgoAAAANSUhEUgAAAA0AAAASCAYAAACAa1QyAAAAAXNSR0IArs4c6QAAAAlwSFlzAAALEwAACxMBAJqcGAAAAVlpVFh0WE1MOmNvbS5hZG9iZS54bXAAAAAAADx4OnhtcG1ldGEgeG1sbnM6eD0iYWRvYmU6bnM6bWV0YS8iIHg6eG1wdGs9IlhNUCBDb3JlIDUuNC4wIj4KICAgPHJkZjpSREYgeG1sbnM6cmRmPSJodHRwOi8vd3d3LnczLm9yZy8xOTk5LzAyLzIyLXJkZi1zeW50YXgtbnMjIj4KICAgICAgPHJkZjpEZXNjcmlwdGlvbiByZGY6YWJvdXQ9IiIKICAgICAgICAgICAgeG1sbnM6dGlmZj0iaHR0cDovL25zLmFkb2JlLmNvbS90aWZmLzEuMC8iPgogICAgICAgICA8dGlmZjpPcmllbnRhdGlvbj4xPC90aWZmOk9yaWVudGF0aW9uPgogICAgICA8L3JkZjpEZXNjcmlwdGlvbj4KICAgPC9yZGY6UkRGPgo8L3g6eG1wbWV0YT4KTMInWQAAAXlJREFUKBW9kr1Kw1AUx5OYVWiRGqqLiPgIios4qg+QobhI7QdYH6CKk4IPUCRNQhFRHPIAnRykIIqre7cMsUMHp0Jt/J2ShiYWxx44/M/53/N17z2qkhLbtgtQl+g62kWvKpXKExiLFlsYzWbzCLgOw7A2HA6XVFU9Ez/i41A9tjAIutA0rVAqld4j/tl13cJoNLrHf5zEJjpBbvq+/zE5FIz8jWkuYXOfMEFETppPd5qV84ebX5Iu82azWd00zR+Zg+fmEdWZd/M8b6Hf7w9kvKDX661Eg3cdx9mK7DFQdBtDPlkhYRUI5J86uq4fgA4d6nR6sCzrOAiCN8MwduDvhAdF9tFX/lJrYNRbrdZiuVz2SDqHs/P5/EBQfOHlXOIkXsVQGMnicI2OZrFY/BZuWiSBtfLo6FPgZLxGmUymxrwNDj65ww3YzuVycleDQof4Ml6bONlFZdxpUpXF3MU+peIeuIx+McELeFutVjvg/5Jeneno+W3ELz3Rmg23qA6NAAAAAElFTkSuQmCC) 1x,url(data:image/png;base64,iVBORw0KGgoAAAANSUhEUgAAABoAAAAkCAMAAACg5NohAAAA7VBMVEUAAACqqqqZmZmqqqqfn5+Ojo6ZmZmVlZWdnZ2ZmZmfn5+WlpadnZ2Xl5ebm5uVlZWZmZmXl5eZmZmampqXl5eZmZmampqZmZmampqbm5uXl5eZmZmampqYmJiZmZmampqampqYmJiZmZmYmJiampqZmZmampqZmZmZmZmZmZmYmJiZmZmampqZmZmZmZmZmZmZmZmZmZmZmZmampqZmZmZmZmYmJiZmZmampqZmZmZmZmZmZmZmZmZmZmZmZmZmZmZmZmZmZmZmZmZmZmZmZmZmZmZmZmZmZmZmZmZmZmZmZmZmZmZmZmZmZmZmZlntL8zAAAATnRSTlMAAwUGCAkKDA0PEBEaGxwdHiAjJiwtMDc6PUBBTE1aXWBhZG1vcH5/goWGh4iKjo+UmZump6iuvr/AxcbI0tPZ297f5uft7vL09fb5+/48nAt9AAABHElEQVQoz93S21ZBURjF8T855BiSw06UUqiEcipKOW7s+f6P04XWGOw8QKN5Ndf4jfHdrAkm8Yf39XpUi/MrxaUkScuiW8pS9zwYtLpyyvsSt1XZtors/ZuP6pjaUWOPpJypOX24yG+qX3LR4f4vaSPvIfJqw1rHgOQx4pGAI62Z6BSYKmsoqylwogl9XQANvRh61hNQUJ+qmkDS1s1WrmUngaaqZDQLAZeOuvlAIN+VcwWEZsrAq+oApcV2NosSQF1vgKXVGUDsfmTbo/soQHolC6ClcXR/RLGxWgAEhvpM70r6S8PAtkaGWtXCBsK1lYYR8/K1Hc2bhYTXmyg051Lbt3PDGjj6iTOwXMtO3fUm0qR3m+JQXD/1N+gbnHtANlxuv2EAAAAASUVORK5CYII=) 2x);background-image: -ms-image-set(url(data:image/png;base64,iVBORw0KGgoAAAANSUhEUgAAAA0AAAASCAYAAACAa1QyAAAAAXNSR0IArs4c6QAAAAlwSFlzAAALEwAACxMBAJqcGAAAAVlpVFh0WE1MOmNvbS5hZG9iZS54bXAAAAAAADx4OnhtcG1ldGEgeG1sbnM6eD0iYWRvYmU6bnM6bWV0YS8iIHg6eG1wdGs9IlhNUCBDb3JlIDUuNC4wIj4KICAgPHJkZjpSREYgeG1sbnM6cmRmPSJodHRwOi8vd3d3LnczLm9yZy8xOTk5LzAyLzIyLXJkZi1zeW50YXgtbnMjIj4KICAgICAgPHJkZjpEZXNjcmlwdGlvbiByZGY6YWJvdXQ9IiIKICAgICAgICAgICAgeG1sbnM6dGlmZj0iaHR0cDovL25zLmFkb2JlLmNvbS90aWZmLzEuMC8iPgogICAgICAgICA8dGlmZjpPcmllbnRhdGlvbj4xPC90aWZmOk9yaWVudGF0aW9uPgogICAgICA8L3JkZjpEZXNjcmlwdGlvbj4KICAgPC9yZGY6UkRGPgo8L3g6eG1wbWV0YT4KTMInWQAAAXlJREFUKBW9kr1Kw1AUx5OYVWiRGqqLiPgIios4qg+QobhI7QdYH6CKk4IPUCRNQhFRHPIAnRykIIqre7cMsUMHp0Jt/J2ShiYWxx44/M/53/N17z2qkhLbtgtQl+g62kWvKpXKExiLFlsYzWbzCLgOw7A2HA6XVFU9Ez/i41A9tjAIutA0rVAqld4j/tl13cJoNLrHf5zEJjpBbvq+/zE5FIz8jWkuYXOfMEFETppPd5qV84ebX5Iu82azWd00zR+Zg+fmEdWZd/M8b6Hf7w9kvKDX661Eg3cdx9mK7DFQdBtDPlkhYRUI5J86uq4fgA4d6nR6sCzrOAiCN8MwduDvhAdF9tFX/lJrYNRbrdZiuVz2SDqHs/P5/EBQfOHlXOIkXsVQGMnicI2OZrFY/BZuWiSBtfLo6FPgZLxGmUymxrwNDj65ww3YzuVycleDQof4Ml6bONlFZdxpUpXF3MU+peIeuIx+McELeFutVjvg/5Jeneno+W3ELz3Rmg23qA6NAAAAAElFTkSuQmCC) 1x,url(data:image/png;base64,iVBORw0KGgoAAAANSUhEUgAAABoAAAAkCAMAAACg5NohAAAA7VBMVEUAAACqqqqZmZmqqqqfn5+Ojo6ZmZmVlZWdnZ2ZmZmfn5+WlpadnZ2Xl5ebm5uVlZWZmZmXl5eZmZmampqXl5eZmZmampqZmZmampqbm5uXl5eZmZmampqYmJiZmZmampqampqYmJiZmZmYmJiampqZmZmampqZmZmZmZmZmZmYmJiZmZmampqZmZmZmZmZmZmZmZmZmZmZmZmampqZmZmZmZmYmJiZmZmampqZmZmZmZmZmZmZmZmZmZmZmZmZmZmZmZmZmZmZmZmZmZmZmZmZmZmZmZmZmZmZmZmZmZmZmZmZmZmZmZmZmZmZmZlntL8zAAAATnRSTlMAAwUGCAkKDA0PEBEaGxwdHiAjJiwtMDc6PUBBTE1aXWBhZG1vcH5/goWGh4iKjo+UmZump6iuvr/AxcbI0tPZ297f5uft7vL09fb5+/48nAt9AAABHElEQVQoz93S21ZBURjF8T855BiSw06UUqiEcipKOW7s+f6P04XWGOw8QKN5Ndf4jfHdrAkm8Yf39XpUi/MrxaUkScuiW8pS9zwYtLpyyvsSt1XZtors/ZuP6pjaUWOPpJypOX24yG+qX3LR4f4vaSPvIfJqw1rHgOQx4pGAI62Z6BSYKmsoqylwogl9XQANvRh61hNQUJ+qmkDS1s1WrmUngaaqZDQLAZeOuvlAIN+VcwWEZsrAq+oApcV2NosSQF1vgKXVGUDsfmTbo/soQHolC6ClcXR/RLGxWgAEhvpM70r6S8PAtkaGWtXCBsK1lYYR8/K1Hc2bhYTXmyg051Lbt3PDGjj6iTOwXMtO3fUm0qR3m+JQXD/1N+gbnHtANlxuv2EAAAAASUVORK5CYII=) 2x);background-size:13px 18px;background-position:0 50%;cursor:pointer;}.ipt_rec:hover{background-image:url(data:image/png;base64,iVBORw0KGgoAAAANSUhEUgAAAA0AAAASCAMAAAC3taQAAAAAhFBMVEX///8zhf8zhf8zhf8zhf8zhf8zhf8zhf8zhf8zhf8zhf8zhf8zhf8zhf8zhf8zhf8zhf8zhf8zhf8zhf8zhf8zhf8zhf8zhf8zhf8zhf8zhf8zhf8zhf8zhf8zhf8zhf8zhf8zhf8zhf8zhf8zhf8zhf8zhf8zhf8zhf8zhf8zhf8zhf+04UQDAAAAK3RSTlMAAQIDBgwNHR43ODs9PkNEVFZaXGZnlpecqaq31NfZ2t3e3+Dl6On5+/z9BL131wAAAHdJREFUCB0FwYcCgQAUAMBTFGWPaCGb9///5w5s+3e/BdgNy8lq2AH6AsUZ8EuQ/AABAhAgAAECECAgUjGCkH49c9cZZlfTh2ZvcymT8rKxb8xvmXX36day25xjm4GsPSGt7od8nB/uVQoW9Ste9QKAAAABAAL4AzokCI8/h6hiAAAAAElFTkSuQmCC);background-image: -webkit-image-set(url(data:image/png;base64,iVBORw0KGgoAAAANSUhEUgAAAA0AAAASCAMAAAC3taQAAAAAhFBMVEX///8zhf8zhf8zhf8zhf8zhf8zhf8zhf8zhf8zhf8zhf8zhf8zhf8zhf8zhf8zhf8zhf8zhf8zhf8zhf8zhf8zhf8zhf8zhf8zhf8zhf8zhf8zhf8zhf8zhf8zhf8zhf8zhf8zhf8zhf8zhf8zhf8zhf8zhf8zhf8zhf8zhf8zhf8zhf+04UQDAAAAK3RSTlMAAQIDBgwNHR43ODs9PkNEVFZaXGZnlpecqaq31NfZ2t3e3+Dl6On5+/z9BL131wAAAHdJREFUCB0FwYcCgQAUAMBTFGWPaCGb9///5w5s+3e/BdgNy8lq2AH6AsUZ8EuQ/AABAhAgAAECECAgUjGCkH49c9cZZlfTh2ZvcymT8rKxb8xvmXX36day25xjm4GsPSGt7od8nB/uVQoW9Ste9QKAAAABAAL4AzokCI8/h6hiAAAAAElFTkSuQmCC) 1x,url(data:image/png;base64,iVBORw0KGgoAAAANSUhEUgAAABoAAAAkCAMAAACg5NohAAAA8FBMVEUsgf////8sgf8sgf8sgf8sgf8sgf8sgf8sgf8sgf8sgf8sgf8sgf8sgf8sgf8sgf8sgf8sgf8sgf8sgf8sgf8sgf8sgf8sgf8sgf8sgf8sgf8sgf8sgf8sgf8sgf8sgf8sgf8sgf8sgf8sgf8sgf8sgf8sgf8sgf8sgf8sgf8sgf8sgf8sgf8sgf8sgf8sgf8sgf8sgf8sgf8sgf8sgf8sgf8sgf8sgf8sgf8sgf8sgf8sgf8sgf8sgf8sgf8sgf8sgf8sgf8sgf8sgf8sgf8sgf8sgf8sgf8sgf8sgf8sgf8sgf8sgf8sgf8sgf8sgf+F30pxAAAAT3RSTlMAAAMFBggJCgwNDxARGhscHR4gIyYsLTA3Oj1AQUxNWl1gYWRtb3B+f4KFhoeIio6PlJmbpqeorr6/wMXGyNLT2dve3+bn7e7y9PX2+fv+wE6fLAAAASxJREFUKM/d01dWAkEUBNAqkCBBBETCiKAoSlAElKSgKHGAqf3vxg/oQ9AFeKzPvh/vdPVr0CTy8L5cDsoRbEIYyc0lSZrnDqkgtS/8fqstp7BPEVvF9UlRdmSPHtUyM1qq7ZGUNpTWxwF5DXmlA6Ih/Htayf0bubXCUsckJZcRlwTgSEuMdEZyrJShlMYATjVCV5cka3ox9KwnAFl1UVKdZMzW7VpuZMcA1FVCUpMAyStH7YzPl2nLuQYQmCgJvqpCkvnZem1meQCo6I2gpcU5SZ5UB7Y9qIYBILGQRZANDcPk9l7AyVANEKSvr8/ELiW+1Petiwr1tSgHDQTLC/VDpkNP09G0no263dFsfSo1PTv1Wj1Hmzg962Dn4/edkTTq3MV/fAdun+Nv0TegC0JUU1yQZAAAAABJRU5ErkJggg==) 2x);background-image: -moz-image-set(url(data:image/png;base64,iVBORw0KGgoAAAANSUhEUgAAAA0AAAASCAMAAAC3taQAAAAAhFBMVEX///8zhf8zhf8zhf8zhf8zhf8zhf8zhf8zhf8zhf8zhf8zhf8zhf8zhf8zhf8zhf8zhf8zhf8zhf8zhf8zhf8zhf8zhf8zhf8zhf8zhf8zhf8zhf8zhf8zhf8zhf8zhf8zhf8zhf8zhf8zhf8zhf8zhf8zhf8zhf8zhf8zhf8zhf8zhf+04UQDAAAAK3RSTlMAAQIDBgwNHR43ODs9PkNEVFZaXGZnlpecqaq31NfZ2t3e3+Dl6On5+/z9BL131wAAAHdJREFUCB0FwYcCgQAUAMBTFGWPaCGb9///5w5s+3e/BdgNy8lq2AH6AsUZ8EuQ/AABAhAgAAECECAgUjGCkH49c9cZZlfTh2ZvcymT8rKxb8xvmXX36day25xjm4GsPSGt7od8nB/uVQoW9Ste9QKAAAABAAL4AzokCI8/h6hiAAAAAElFTkSuQmCC) 1x,url(data:image/png;base64,iVBORw0KGgoAAAANSUhEUgAAABoAAAAkCAMAAACg5NohAAAA8FBMVEUsgf////8sgf8sgf8sgf8sgf8sgf8sgf8sgf8sgf8sgf8sgf8sgf8sgf8sgf8sgf8sgf8sgf8sgf8sgf8sgf8sgf8sgf8sgf8sgf8sgf8sgf8sgf8sgf8sgf8sgf8sgf8sgf8sgf8sgf8sgf8sgf8sgf8sgf8sgf8sgf8sgf8sgf8sgf8sgf8sgf8sgf8sgf8sgf8sgf8sgf8sgf8sgf8sgf8sgf8sgf8sgf8sgf8sgf8sgf8sgf8sgf8sgf8sgf8sgf8sgf8sgf8sgf8sgf8sgf8sgf8sgf8sgf8sgf8sgf8sgf8sgf8sgf8sgf8sgf+F30pxAAAAT3RSTlMAAAMFBggJCgwNDxARGhscHR4gIyYsLTA3Oj1AQUxNWl1gYWRtb3B+f4KFhoeIio6PlJmbpqeorr6/wMXGyNLT2dve3+bn7e7y9PX2+fv+wE6fLAAAASxJREFUKM/d01dWAkEUBNAqkCBBBETCiKAoSlAElKSgKHGAqf3vxg/oQ9AFeKzPvh/vdPVr0CTy8L5cDsoRbEIYyc0lSZrnDqkgtS/8fqstp7BPEVvF9UlRdmSPHtUyM1qq7ZGUNpTWxwF5DXmlA6Ih/Htayf0bubXCUsckJZcRlwTgSEuMdEZyrJShlMYATjVCV5cka3ox9KwnAFl1UVKdZMzW7VpuZMcA1FVCUpMAyStH7YzPl2nLuQYQmCgJvqpCkvnZem1meQCo6I2gpcU5SZ5UB7Y9qIYBILGQRZANDcPk9l7AyVANEKSvr8/ELiW+1Petiwr1tSgHDQTLC/VDpkNP09G0no263dFsfSo1PTv1Wj1Hmzg962Dn4/edkTTq3MV/fAdun+Nv0TegC0JUU1yQZAAAAABJRU5ErkJggg==) 2x);background-image: -o-image-set(url(data:image/png;base64,iVBORw0KGgoAAAANSUhEUgAAAA0AAAASCAMAAAC3taQAAAAAhFBMVEX///8zhf8zhf8zhf8zhf8zhf8zhf8zhf8zhf8zhf8zhf8zhf8zhf8zhf8zhf8zhf8zhf8zhf8zhf8zhf8zhf8zhf8zhf8zhf8zhf8zhf8zhf8zhf8zhf8zhf8zhf8zhf8zhf8zhf8zhf8zhf8zhf8zhf8zhf8zhf8zhf8zhf8zhf8zhf+04UQDAAAAK3RSTlMAAQIDBgwNHR43ODs9PkNEVFZaXGZnlpecqaq31NfZ2t3e3+Dl6On5+/z9BL131wAAAHdJREFUCB0FwYcCgQAUAMBTFGWPaCGb9///5w5s+3e/BdgNy8lq2AH6AsUZ8EuQ/AABAhAgAAECECAgUjGCkH49c9cZZlfTh2ZvcymT8rKxb8xvmXX36day25xjm4GsPSGt7od8nB/uVQoW9Ste9QKAAAABAAL4AzokCI8/h6hiAAAAAElFTkSuQmCC) 1x,url(data:image/png;base64,iVBORw0KGgoAAAANSUhEUgAAABoAAAAkCAMAAACg5NohAAAA8FBMVEUsgf////8sgf8sgf8sgf8sgf8sgf8sgf8sgf8sgf8sgf8sgf8sgf8sgf8sgf8sgf8sgf8sgf8sgf8sgf8sgf8sgf8sgf8sgf8sgf8sgf8sgf8sgf8sgf8sgf8sgf8sgf8sgf8sgf8sgf8sgf8sgf8sgf8sgf8sgf8sgf8sgf8sgf8sgf8sgf8sgf8sgf8sgf8sgf8sgf8sgf8sgf8sgf8sgf8sgf8sgf8sgf8sgf8sgf8sgf8sgf8sgf8sgf8sgf8sgf8sgf8sgf8sgf8sgf8sgf8sgf8sgf8sgf8sgf8sgf8sgf8sgf8sgf8sgf8sgf+F30pxAAAAT3RSTlMAAAMFBggJCgwNDxARGhscHR4gIyYsLTA3Oj1AQUxNWl1gYWRtb3B+f4KFhoeIio6PlJmbpqeorr6/wMXGyNLT2dve3+bn7e7y9PX2+fv+wE6fLAAAASxJREFUKM/d01dWAkEUBNAqkCBBBETCiKAoSlAElKSgKHGAqf3vxg/oQ9AFeKzPvh/vdPVr0CTy8L5cDsoRbEIYyc0lSZrnDqkgtS/8fqstp7BPEVvF9UlRdmSPHtUyM1qq7ZGUNpTWxwF5DXmlA6Ih/Htayf0bubXCUsckJZcRlwTgSEuMdEZyrJShlMYATjVCV5cka3ox9KwnAFl1UVKdZMzW7VpuZMcA1FVCUpMAyStH7YzPl2nLuQYQmCgJvqpCkvnZem1meQCo6I2gpcU5SZ5UB7Y9qIYBILGQRZANDcPk9l7AyVANEKSvr8/ELiW+1Petiwr1tSgHDQTLC/VDpkNP09G0no263dFsfSo1PTv1Wj1Hmzg962Dn4/edkTTq3MV/fAdun+Nv0TegC0JUU1yQZAAAAABJRU5ErkJggg==) 2x);background-image: -ms-image-set(url(data:image/png;base64,iVBORw0KGgoAAAANSUhEUgAAAA0AAAASCAMAAAC3taQAAAAAhFBMVEX///8zhf8zhf8zhf8zhf8zhf8zhf8zhf8zhf8zhf8zhf8zhf8zhf8zhf8zhf8zhf8zhf8zhf8zhf8zhf8zhf8zhf8zhf8zhf8zhf8zhf8zhf8zhf8zhf8zhf8zhf8zhf8zhf8zhf8zhf8zhf8zhf8zhf8zhf8zhf8zhf8zhf8zhf8zhf+04UQDAAAAK3RSTlMAAQIDBgwNHR43ODs9PkNEVFZaXGZnlpecqaq31NfZ2t3e3+Dl6On5+/z9BL131wAAAHdJREFUCB0FwYcCgQAUAMBTFGWPaCGb9///5w5s+3e/BdgNy8lq2AH6AsUZ8EuQ/AABAhAgAAECECAgUjGCkH49c9cZZlfTh2ZvcymT8rKxb8xvmXX36day25xjm4GsPSGt7od8nB/uVQoW9Ste9QKAAAABAAL4AzokCI8/h6hiAAAAAElFTkSuQmCC) 1x,url(data:image/png;base64,iVBORw0KGgoAAAANSUhEUgAAABoAAAAkCAMAAACg5NohAAAA8FBMVEUsgf////8sgf8sgf8sgf8sgf8sgf8sgf8sgf8sgf8sgf8sgf8sgf8sgf8sgf8sgf8sgf8sgf8sgf8sgf8sgf8sgf8sgf8sgf8sgf8sgf8sgf8sgf8sgf8sgf8sgf8sgf8sgf8sgf8sgf8sgf8sgf8sgf8sgf8sgf8sgf8sgf8sgf8sgf8sgf8sgf8sgf8sgf8sgf8sgf8sgf8sgf8sgf8sgf8sgf8sgf8sgf8sgf8sgf8sgf8sgf8sgf8sgf8sgf8sgf8sgf8sgf8sgf8sgf8sgf8sgf8sgf8sgf8sgf8sgf8sgf8sgf8sgf8sgf8sgf+F30pxAAAAT3RSTlMAAAMFBggJCgwNDxARGhscHR4gIyYsLTA3Oj1AQUxNWl1gYWRtb3B+f4KFhoeIio6PlJmbpqeorr6/wMXGyNLT2dve3+bn7e7y9PX2+fv+wE6fLAAAASxJREFUKM/d01dWAkEUBNAqkCBBBETCiKAoSlAElKSgKHGAqf3vxg/oQ9AFeKzPvh/vdPVr0CTy8L5cDsoRbEIYyc0lSZrnDqkgtS/8fqstp7BPEVvF9UlRdmSPHtUyM1qq7ZGUNpTWxwF5DXmlA6Ih/Htayf0bubXCUsckJZcRlwTgSEuMdEZyrJShlMYATjVCV5cka3ox9KwnAFl1UVKdZMzW7VpuZMcA1FVCUpMAyStH7YzPl2nLuQYQmCgJvqpCkvnZem1meQCo6I2gpcU5SZ5UB7Y9qIYBILGQRZANDcPk9l7AyVANEKSvr8/ELiW+1Petiwr1tSgHDQTLC/VDpkNP09G0no263dFsfSo1PTv1Wj1Hmzg962Dn4/edkTTq3MV/fAdun+Nv0TegC0JUU1yQZAAAAABJRU5ErkJggg==) 2x);}&lt;/style&gt;&lt;style type=&quot;text/css&quot; data-for=&quot;result&quot;&gt;#voice{font-family:&quot;microsoft yahei&quot;;z-index:1000;box-shadow:0 5px 5px #888;position:fixed;width:100%;height:38.2%;min-height:229.2px;background:#fff;font-size:16px;bottom:0}#voice .close{position:absolute;right:30px;top:20px;font-size:24px;color:#333;cursor:pointer;text-indent:-10000px;background:url(https://ss1.bdstatic.com/5eN1bjq8AAUYm2zgoY3K/r/www/cache/static/protocol/https/voice/imgs/close_btn_04bc664.png) no-repeat;background-size:18px 38px;width:20px;height:20px}#voice .close:hover{color:#999;background-position:0 -21px}#voice .voice_inner{margin:-40px auto 0;width:0}#voice .result{width:100%;font-size:22px;margin:40px 0 0 63px;text-align:left;}#voice .result .tip{color:#999;font-size:14px;}#voice .btn{position:absolute;width:105px;height:105px;margin:69px 0 0 -52px;z-index:3;cursor:pointer;background:none}#voice .box{width:56px;height:56px;position:absolute;z-index:2;background:#35d2ff;margin:92px 0 0 -28px}#voice .box_inner{width:100%;height:56px;background:#fff}@keyframes myfirst{from{border:1px solid rgba(0,0,255,1);width:100px;height:100px;border-radius:100px;margin:70px 0 0 -50px}to{border:1px solid rgba(0,0,255,0);width:200px;height:200px;border-radius:200px;margin:20px 0 0 -100px}}@-webkit-keyframes myfirst{from{border:1px solid rgba(194,224,253,1);width:100px;height:100px;border-radius:100px;margin:70px 0 0 -50px}to{border:1px solid rgba(194,224,253,0);width:300px;height:300px;border-radius:300px;margin:-30px 0 0 -150px}}@-moz-keyframes myfirst{from{border:1px solid rgba(0,0,255,1);width:100px;height:100px;border-radius:100px;margin:70px 0 0 -50px}to{border:1px solid rgba(0,0,255,0);width:200px;height:200px;border-radius:200px;margin:20px 0 0 -100px}}@-o-keyframes myfirst{from{border:1px solid rgba(0,0,255,1);width:100px;height:100px;border-radius:100px;margin:70px 0 0 -50px}to{border:1px solid rgba(0,0,255,0);width:200px;height:200px;border-radius:200px;margin:20px 0 0 -100px}}#voice .round1,#voice .round2{position:absolute;border:0 solid rgba(0,0,255,1);border-radius:200px;width:0;height:0;line-height:0;animation:myfirst 3s linear 0s infinite;-webkit-animation:myfirst 3s linear 0s infinite;-moz-animation:myfirst 3s linear 0s infinite;-o-animation:myfirst 3s linear 0s infinite}#voice .round2{animation-delay:1.5s;-webkit-animation-delay:1.5s;-moz-animation-delay:1.5s;-o-animation-delay:1.5s}#voice .round3{position:absolute;background:#c2e0fd;width:0;height:0;line-height:0}&lt;/style&gt;&lt;style&gt;
			    											 .op_dict3_gap_small{margin-right:7px}.op_dict3_chinese_result span{float:left;height:24px;line-height:24px;margin-bottom:12px;overflow:hidden}.op_dict3_chinsetxt{font-size:14px}.op_dict3_howread{font-size:24px;font-family:arial;_font-family:&quot;lucida sans unicode&quot;}.op_dict3_marginBottom{margin-bottom:12px}.op_dict3_marginRight{margin-right:15px}.op_dict_table .op_dict3_englishtxt{white-space:normal}.op_dict_table .op_dict3_englishtxt span{height:auto}.op_dict3_english_result_table{line-height:20px;margin-bottom:9px}.op_dict3_english_result_table td{vertical-align:top}.op_dict3_english_result_table .op_dict_exp{color:#333;margin-right:0}.op_dict3_english_result_table .op_dict_text1{float:left;min-width:37px;*width:37px;color:#999;white-space:nowrap}.op_dict3_english_result_table .op_dict_text2{float:left;margin:0;padding:0;max-height:60px;overflow:hidden;word-break:normal}.op_dict_text2 a{color:#333;text-decoration:none;font-size:13px}.op_dict_text2 .op_dict3_blue{color:#00C;text-decoration:underline}.op_dict_text2 .op_dict3_blue:hover{color:#00C}.op_dict3_else_items a{color:#333;text-decoration:none;font-size:13px}.op_dict_text2 a:hover{color:#333;text-decoration:underline}.op_dict3_chineselong_result{font-size:24px;line-height:24px;width:518px;overflow:hidden;white-space:nowrap;text-overflow:ellipsis}.op_dict_fmp_flash_div{height:1px;width:1px;position:absolute;right:0;overflow:hidden}.op_dict3_how_read,.op_dict3_mp3_play{display:block;width:14px;height:11px;overflow:hidden;background:url(//www.baidu.com/aladdin/img/dic3/iconall.gif) no-repeat;text-decoration:none;margin-right:8px;margin-top:7px;*margin-top:9px;_margin-top:11px;*position:relative;*top:-2px}.op_dict3_mp3_play{background-position:0 -14px}.op_dict3_font24{font-size:24px;font-family:arial;_font-family:&quot;lucida sans unicode&quot;;height:24px;line-height:24px;_height:28px;_line-height:28px}.op_dict3_font20{font-size:20px}.op_dict3_font14{font-size:14px;position:relative;*top:-2px}.op_dict3_font16{font-size:16px;position:relative;*top:-2px}.op_dict3_how_read a,.op_dict3_how_read span{display:block}.op_dict3_how_read a{width:15px;height:15px}.op_dict3_lineone_result,.op_dict3_linetwo_result{display:none;width:518px;overflow:hidden;text-overflow:ellipsis;word-break:normal;line-height:20px}.op_dict3_linetwo_result{width:480px}.op_dict3_lineone_result span{float:left;width:471px}.op_dict3_lineone_result span.op_dict3_lineone_result_tip{width:47px;color:#999}.op_dict3_linetwo_result{padding-left:47px;margin-bottom:9px}.op_dict3_etext,.op_dict3_lineone_result{word-break:normal}.op_dict3_read1{float:left}.op_dict3_readline{line-height:24px;margin-bottom:12px}.op_dict3_read1 span{height:24px;line-height:24px;float:left;_height:28px;_line-height:28px}.op_dict_table td{white-space:nowrap}.op_dict3_extra{border-top:1px solid #f2f2f2;padding-top:13px;margin-top:13px}.op_dict3_extra_transform{word-break:keep-all}.op_dict3_extra_transform span{display:inline-block;*display:inline;color:#666;margin-right:12px}.op_dict3_extra_confused,.op_dict3_extra_polyphone{color:#666}.op_dict3_extra_polyphone a{display:inline-block;*display:inline;margin-right:12px}.op_dict3_other_line td{padding-top:5px}.op_dict3_highlight{color:#c00}.op_dict_text2 span{margin-right:12px;display:inline-block;margin-bottom:2px}.op_dict3_morelink a{margin-right:12px;display:inline-block}.op_dict3_morelink{margin-bottom:2px;padding-left:47px}.op_dict3_exectrans_more{display:none}.op_dict3_extra .op_dict3_morelink{padding-left:0}.op_dict3_extra_confused_p span{margin-right:4px;word-break:break-all}.op_dict3_extra_confused_p{margin-right:6px;margin-bottom:4px}.op_dict3_extra_confused_p a{text-decoration:none}.op_dict3_tabs_nav{background:#fff;padding-bottom:12px}.op_dict3_tabs_content{padding-top:12px;border-top:1px solid #f2f2f2}.op_dict3_duoyinzi{float:left}.op_dict3_tabs_nav .op_dict3_nav_li{color:#00c;height:14px;line-height:14px;text-align:center;padding:2px;margin-right:12px;margin-left:8px;display:inline-block;cursor:pointer}.op_dict3_polyphone{margin-bottom:12px}.op_dict3_netmeans{overflow:hidden;text-overflow:ellipsis}.op_dict3_xingjinci a{margin-right:4px}.op_dict3_liju_read{display:inline-block;position:relative;top:2px;left:4px;margin-top:-2px}.op_dict3_inlineblock{display:inline-block;color:#333}.op_dict3_englishlink{color:#333}.op_dict3_extra_confused_firstp{margin-bottom:4px}.op-dict3-repeat{display:block;width:16px;height:16px;overflow:hidden;background-repeat:no-repeat;text-decoration:none;margin-right:6px;margin-left:-2px}.op-dict3-repeat-off{background-image:url(//www.baidu.com/aladdin/tpl/dict3/repeat_small.c6d62112.png);background-image:-webkit-image-set(url(//www.baidu.com/aladdin/tpl/dict3/repeat_small.c6d62112.png) 1x,url(//www.baidu.com/aladdin/tpl/dict3/repeat.541f421a.png) 2x);background-size:12px 12px;background-position:center}.op-dict3-repeat-on{background-image:url(//www.baidu.com/aladdin/tpl/dict3/repeat_ing_small.5090db6f.gif);background-image:-webkit-image-set(url(//www.baidu.com/aladdin/tpl/dict3/repeat_ing_small.5090db6f.gif) 1x,url(//www.baidu.com/aladdin/tpl/dict3/repeat_ing.b117d860.gif) 2x);background-size:16px 16px;background-position:center}.opr-recommends-merge-title{text-decoration:none}.opr-recommends-merge-title:hover{text-decoration:underline}.opr-recommends-merge-imgtext{display:block}.opr-recommends-merge-hide{display:none}.opr-recommends-merge-p{position:relative;_zoom:1}.opr-recommends-merge-d{min-height:20px;color:#999}.opr-recommends-merge-width-text{width:70px;text-align:center;margin:3px auto 0;font-size:12px;line-height:18px;word-break:break-all}.opr-recommends-merge-item{text-align:center}.opr-recommends-merge-mask{position:absolute;top:0;left:0;width:100%;_background:0 0;background:-webkit-radial-gradient(center,closest-side,rgba(255,255,255,0),rgba(0,0,0,.03));background:-moz-radial-gradient(center,closest-side,rgba(255,255,255,0),rgba(0,0,0,.03));background:-o-radial-gradient(center,closest-side,rgba(255,255,255,0),rgba(0,0,0,.03));background:-ms-radial-gradient(center,closest-side,rgba(255,255,255,0),rgba(0,0,0,.03))}.opr-recommends-merge-more-btn i{cursor:pointer}.opr-recommends-merge-layerbtn{position:absolute;right:0;bottom:0;width:1.23em;height:1.23em;background:url(//www.baidu.com/aladdin/img/right_recommends/layericon.png) no-repeat;_background-image:url(//www.baidu.com/aladdin/img/right_recommends/layericon.gif)}.opr-recommends-merge-layerbtn1,.opr-recommends-merge-layerbtn2{background-position:-48px 0}.opr-recommends-merge-layerbtn1,.opr-recommends-merge-layerbtn3{background-color:#999}.opr-recommends-merge-layerbtn1:hover,.opr-recommends-merge-layerbtn2,.opr-recommends-merge-layerbtn3:hover,.opr-recommends-merge-layerbtn4{background-color:#38f}.opr-recommends-merge-layerbtn3:hover,.opr-recommends-merge-layerbtn4:hover{background-position:-24px 0}.opr-recommends-merge-layer{padding:4px 9px;width:350px}.opr-recommends-merge-layer table{border-collapse:collapse;border-padding:0}.opr-recommends-merge-layer td{font-size:1em;line-height:1.67;vertical-align:top}.opr-recommends-merge-lastspan{display:none}.opr-recommends-merge-mbGap{margin-bottom:28px}.container_l .opr-recommends-merge-lastspan{display:block}.container_l .cr-content-narrow .opr-recommends-merge-lastspan{display:none}.opr-recommends-merge-dodge-wrap{margin-bottom:24px;font-size:1.1em}.opr-recommends-merge-user-layer{width:235px;position:absolute;border:1px solid #eee;border-radius:2px;margin-top:10px;margin-left:-60px;*margin-left:-140px;z-index:998;background:#fff;color:#333;font-size:13px;text-align:center;padding:14px 15px}.opr-recommends-merge-user-layer button{margin-top:12px;font-size:12px}.opr-recommends-merge-user-layer img{top:2px;position:relative}.opr-recommends-merge-user-secondBtn{margin-left:8px}.opr-recommends-merge-user-secondBtn i{-ms-transform:rotate(180deg);-moz-transform:rotate(180deg);-webkit-transform:rotate(180deg);-o-transform:rotate(180deg)}.opr-recommends-merge-user-layer-tips{position:absolute;margin-top:5px;margin-left:67px;*margin-left:-22px;border-left:6px solid transparent;border-right:6px solid transparent;border-bottom:6px solid #eee;width:0;height:0;z-index:999}.opr-recommends-merge-content{position:relative}.opr-recommends-merge-user-layer-tips-fff{margin-top:6px;border-bottom:6px solid #fff}.opr-recommends-merge-user-layer-hide{display:none}.opr-recommends-merge-user-layer-icon{position:relative;top:2px;width:14px;height:14px}.opr-recommends-merge-user-layer-con{position:absolute;width:312px;height:140px;top:0;padding-top:20px;z-index:999}
								    			&lt;/style&gt;&lt;/head&gt;

&lt;body link=&quot;#0000cc&quot;&gt;
	&lt;script&gt;
	if (/Chrome\/37.0.2062.94/i.test(navigator.userAgent) &amp;&amp; (/(windows 7)|(windows nt 6.1)/i.test(navigator.userAgent))) {
		var _chrome_37_fix = document.createElement(&quot;style&quot;); 
		_chrome_37_fix.type=&quot;text/css&quot;;
		_chrome_37_fix.setAttribute(&quot;data-for&quot;,&quot;result&quot;);
		_chrome_37_fix.innerHTML = &quot;.t,.f16,#kw,.s_ipt,.c-title,.c-title-size,.to_zhidao,.to_tieba,.to_zhidao_bottom{font-size:15px;} .ec-hospital-info-main h2,.ad-widget-gx_sck-ylzx-doctor-info h2,.ec-card-main h2,.ad-widget-h1 h2,.ad-widget-title h2,.ad-widget-small-head h2,.ad-widget-small-head h2 a,.ad-widget-header .ec-figcaption h2{font-size: 15px !important;}&quot;;
		document.getElementsByTagName(&quot;head&quot;)[0].appendChild(_chrome_37_fix); 
	}
	&lt;/script&gt;
    &lt;div id=&quot;wrapper&quot; style=&quot;display: block;&quot; class=&quot;wrapper_l&quot;&gt;
        

        
        


&lt;script&gt;if(window.bds&amp;&amp;bds.util&amp;&amp;bds.util.setContainerWidth){bds.util.setContainerWidth();}&lt;/script&gt;&lt;div id=&quot;head&quot;&gt;&lt;div class=&quot;head_wrapper&quot;&gt;&lt;div class=&quot;s_form&quot;&gt;&lt;div class=&quot;s_form_wrapper soutu-env-mac soutu-env-index&quot;&gt;&lt;div id=&quot;lg&quot;&gt;&lt;img hidefocus=&quot;true&quot; src=&quot;//www.baidu.com/img/bd_logo1.png&quot; width=&quot;270&quot; height=&quot;129&quot;&gt;&lt;/div&gt;&lt;a href=&quot;/&quot; id=&quot;result_logo&quot; onmousedown=&quot;return c({&#039;fm&#039;:&#039;tab&#039;,&#039;tab&#039;:&#039;logo&#039;})&quot;&gt;&lt;img src=&quot;//www.baidu.com/img/baidu_jgylogo3.gif&quot; alt=&quot;到百度首页&quot; title=&quot;到百度首页&quot;&gt;&lt;/a&gt;&lt;form id=&quot;form&quot; name=&quot;f&quot; action=&quot;/s&quot; class=&quot;fm&quot;&gt;&lt;div class=&quot;bdsug&quot; style=&quot;height: auto; display: block;&quot;&gt;&lt;ul&gt;&lt;li data-key=&quot;macaca 自动化测试&quot; class=&quot;bdsug-overflow&quot;&gt;macaca&lt;b&gt; 自动化测试&lt;/b&gt;&lt;/li&gt;&lt;li data-key=&quot;macaca环境搭建&quot; class=&quot;bdsug-overflow&quot;&gt;macaca&lt;b&gt;环境搭建&lt;/b&gt;&lt;/li&gt;&lt;li data-key=&quot;macaca ios&quot; class=&quot;bdsug-overflow&quot;&gt;macaca&lt;b&gt; ios&lt;/b&gt;&lt;/li&gt;&lt;li data-key=&quot;macaca ios10.3&quot; class=&quot;bdsug-overflow&quot;&gt;macaca&lt;b&gt; ios10.3&lt;/b&gt;&lt;/li&gt;&lt;/ul&gt;&lt;/div&gt;&lt;input type=&quot;hidden&quot; name=&quot;ie&quot; value=&quot;utf-8&quot;&gt;&lt;input type=&quot;hidden&quot; name=&quot;f&quot; value=&quot;8&quot;&gt;&lt;input type=&quot;hidden&quot; name=&quot;rsv_bp&quot; value=&quot;0&quot;&gt;&lt;input type=&quot;hidden&quot; name=&quot;rsv_idx&quot; value=&quot;1&quot;&gt;&lt;input type=&quot;hidden&quot; name=&quot;ch&quot; value=&quot;&quot;&gt;&lt;input type=&quot;hidden&quot; name=&quot;tn&quot; value=&quot;baidu&quot;&gt;&lt;input type=&quot;hidden&quot; name=&quot;bar&quot; value=&quot;&quot;&gt;&lt;span class=&quot;bg s_ipt_wr iptfocus quickdelete-wrap&quot;&gt;&lt;span class=&quot;ipt_rec&quot; style=&quot;display: block;&quot;&gt;&lt;/span&gt;&lt;span class=&quot;soutu-btn&quot;&gt;&lt;/span&gt;&lt;div id=&quot;kw_tip&quot; style=&quot;width: initial; margin-left: 67px; max-width: 468px; display: block;&quot; unselectable=&quot;on&quot; onselectstart=&quot;return false;&quot; class=&quot;s_ipt_tip&quot;&gt;macaca&lt;/div&gt;&lt;input id=&quot;kw&quot; name=&quot;wd&quot; class=&quot;s_ipt&quot; value=&quot;&quot; maxlength=&quot;255&quot; autocomplete=&quot;off&quot;&gt;&lt;a href=&quot;javascript:;&quot; id=&quot;quickdelete&quot; title=&quot;清空&quot; class=&quot;quickdelete&quot; style=&quot;top: 0px; right: 0px; display: inline;&quot;&gt;&lt;/a&gt;&lt;/span&gt;&lt;span class=&quot;bg s_btn_wr&quot;&gt;&lt;input type=&quot;submit&quot; id=&quot;su&quot; value=&quot;百度一下&quot; class=&quot;bg s_btn&quot;&gt;&lt;/span&gt;&lt;span class=&quot;tools&quot;&gt;&lt;span id=&quot;mHolder&quot;&gt;&lt;div id=&quot;mCon&quot;&gt;&lt;span&gt;输入法&lt;/span&gt;&lt;/div&gt;&lt;ul id=&quot;mMenu&quot;&gt;&lt;li&gt;&lt;a href=&quot;javascript:;&quot; name=&quot;ime_hw&quot;&gt;手写&lt;/a&gt;&lt;/li&gt;&lt;li&gt;&lt;a href=&quot;javascript:;&quot; name=&quot;ime_py&quot;&gt;拼音&lt;/a&gt;&lt;/li&gt;&lt;li class=&quot;ln&quot;&gt;&lt;/li&gt;&lt;li&gt;&lt;a href=&quot;javascript:;&quot; name=&quot;ime_cl&quot;&gt;关闭&lt;/a&gt;&lt;/li&gt;&lt;/ul&gt;&lt;/span&gt;&lt;/span&gt;&lt;input type=&quot;hidden&quot; name=&quot;rn&quot; value=&quot;&quot;&gt;&lt;input type=&quot;hidden&quot; name=&quot;oq&quot; value=&quot;&quot;&gt;&lt;input type=&quot;hidden&quot; name=&quot;rsv_pq&quot; value=&quot;c7c0c7f3001b0b95&quot;&gt;&lt;input type=&quot;hidden&quot; name=&quot;rsv_t&quot; value=&quot;3022oAtgxIe6a36KikozwWy8tgF1AMLE112d1rlRgedPNLqxaNAbITdpLLo&quot;&gt;&lt;input type=&quot;hidden&quot; name=&quot;rqlang&quot; value=&quot;cn&quot;&gt;&lt;input type=&quot;hidden&quot; name=&quot;rsv_enter&quot; value=&quot;1&quot;&gt;&lt;input type=&quot;hidden&quot; name=&quot;rsv_sug3&quot; value=&quot;8&quot;&gt;&lt;input type=&quot;hidden&quot; name=&quot;rsv_sug1&quot; value=&quot;1&quot;&gt;&lt;input type=&quot;hidden&quot; name=&quot;rsv_sug7&quot; value=&quot;100&quot;&gt;&lt;/form&gt;&lt;div id=&quot;m&quot;&gt;&lt;/div&gt;&lt;/div&gt;&lt;/div&gt;&lt;div id=&quot;u&quot;&gt;&lt;a class=&quot;toindex&quot; href=&quot;/&quot;&gt;百度首页&lt;/a&gt;&lt;a href=&quot;javascript:;&quot; name=&quot;tj_settingicon&quot; class=&quot;pf&quot;&gt;设置&lt;i class=&quot;c-icon c-icon-triangle-down&quot;&gt;&lt;/i&gt;&lt;/a&gt;&lt;a href=&quot;https://passport.baidu.com/v2/?login&amp;amp;tpl=mn&amp;amp;u=http%3A%2F%2Fwww.baidu.com%2F&quot; name=&quot;tj_login&quot; class=&quot;lb&quot; onclick=&quot;return false;&quot;&gt;登录&lt;/a&gt;&lt;/div&gt;&lt;div id=&quot;u1&quot;&gt;&lt;a href=&quot;http://news.baidu.com&quot; name=&quot;tj_trnews&quot; class=&quot;mnav&quot;&gt;新闻&lt;/a&gt;&lt;a href=&quot;http://www.hao123.com&quot; name=&quot;tj_trhao123&quot; class=&quot;mnav&quot;&gt;hao123&lt;/a&gt;&lt;a href=&quot;http://map.baidu.com&quot; name=&quot;tj_trmap&quot; class=&quot;mnav&quot;&gt;地图&lt;/a&gt;&lt;a href=&quot;http://v.baidu.com&quot; name=&quot;tj_trvideo&quot; class=&quot;mnav&quot;&gt;视频&lt;/a&gt;&lt;a href=&quot;http://tieba.baidu.com&quot; name=&quot;tj_trtieba&quot; class=&quot;mnav&quot;&gt;贴吧&lt;/a&gt;&lt;a href=&quot;http://xueshu.baidu.com&quot; name=&quot;tj_trxueshu&quot; class=&quot;mnav&quot;&gt;学术&lt;/a&gt;&lt;a href=&quot;https://passport.baidu.com/v2/?login&amp;amp;tpl=mn&amp;amp;u=http%3A%2F%2Fwww.baidu.com%2F&quot; name=&quot;tj_login&quot; class=&quot;lb&quot; onclick=&quot;return false;&quot;&gt;登录&lt;/a&gt;&lt;a href=&quot;http://www.baidu.com/gaoji/preferences.html&quot; name=&quot;tj_settingicon&quot; class=&quot;pf&quot;&gt;设置&lt;/a&gt;&lt;a href=&quot;http://www.baidu.com/more/&quot; name=&quot;tj_briicon&quot; class=&quot;bri&quot; style=&quot;display: block;&quot;&gt;更多产品&lt;/a&gt;&lt;/div&gt;&lt;/div&gt;&lt;div class=&quot;headBlock&quot; style=&quot;display: none;&quot;&gt;&lt;div class=&quot;hint_toprq_tips f13 se_common_hint&quot; data-id=&quot;28300&quot; data-tpl=&quot;hint_toprq_tips&quot;&gt;
		&lt;span class=&quot;hint_toprq_icon&quot;&gt;&lt;i class=&quot;c-icon c-icon-bear-circle c-gap-right-small res-queryext-pos&quot;&gt;&lt;/i&gt;为您推荐:&lt;/span&gt;
		&lt;span class=&quot;hint_toprq_tips_items&quot;&gt;
							&lt;div&gt;&lt;a target=&quot;_blank&quot; href=&quot;/s?rsv_idx=1&amp;amp;wd=macaca%E8%87%AA%E5%8A%A8%E5%8C%96%E6%A1%86%E6%9E%B6&amp;amp;usm=1&amp;amp;ie=utf-8&amp;amp;rsv_rq=2&amp;amp;rsv_cq=macaca&quot;&gt;macaca自动化框架&lt;/a&gt;&lt;/div&gt;
							&lt;div&gt;&lt;a target=&quot;_blank&quot; href=&quot;/s?rsv_idx=1&amp;amp;wd=macaca+%E8%87%AA%E5%8A%A8%E5%8C%96%E6%B5%8B%E8%AF%95&amp;amp;usm=1&amp;amp;ie=utf-8&amp;amp;rsv_rq=2&amp;amp;rsv_cq=macaca&quot;&gt;macaca 自动化测试&lt;/a&gt;&lt;/div&gt;
							&lt;div&gt;&lt;a target=&quot;_blank&quot; href=&quot;/s?rsv_idx=1&amp;amp;wd=macaca+appium&amp;amp;usm=1&amp;amp;ie=utf-8&amp;amp;rsv_rq=2&amp;amp;rsv_cq=macaca&quot;&gt;macaca appium&lt;/a&gt;&lt;/div&gt;
							&lt;div&gt;&lt;a target=&quot;_blank&quot; href=&quot;/s?rsv_idx=1&amp;amp;wd=macaca%E5%AE%98%E7%BD%91&amp;amp;usm=1&amp;amp;ie=utf-8&amp;amp;rsv_rq=2&amp;amp;rsv_cq=macaca&quot;&gt;macaca官网&lt;/a&gt;&lt;/div&gt;
							&lt;div&gt;&lt;a target=&quot;_blank&quot; href=&quot;/s?rsv_idx=1&amp;amp;wd=macaca%E7%BF%BB%E8%AF%91&amp;amp;usm=1&amp;amp;ie=utf-8&amp;amp;rsv_rq=2&amp;amp;rsv_cq=macaca&quot;&gt;macaca翻译&lt;/a&gt;&lt;/div&gt;
							&lt;div&gt;&lt;a target=&quot;_blank&quot; href=&quot;/s?rsv_idx=1&amp;amp;wd=macaca%E5%BA%94%E7%94%A8&amp;amp;usm=1&amp;amp;ie=utf-8&amp;amp;rsv_rq=2&amp;amp;rsv_cq=macaca&quot;&gt;macaca应用&lt;/a&gt;&lt;/div&gt;
					&lt;/span&gt;
	&lt;/div&gt;&lt;/div&gt;&lt;/div&gt;



&lt;div class=&quot;s_tab&quot; id=&quot;s_tab&quot;&gt;&lt;b&gt;网页&lt;/b&gt;&lt;a href=&quot;http://news.baidu.com/ns?cl=2&amp;amp;rn=20&amp;amp;tn=news&amp;amp;word=macaca&quot; wdfield=&quot;word&quot; onmousedown=&quot;return c({&#039;fm&#039;:&#039;tab&#039;,&#039;tab&#039;:&#039;news&#039;})&quot;&gt;新闻&lt;/a&gt;&lt;a href=&quot;http://tieba.baidu.com/f?kw=macaca&amp;amp;fr=wwwt&quot; wdfield=&quot;kw&quot; onmousedown=&quot;return c({&#039;fm&#039;:&#039;tab&#039;,&#039;tab&#039;:&#039;tieba&#039;})&quot;&gt;贴吧&lt;/a&gt;&lt;a href=&quot;http://zhidao.baidu.com/q?ct=17&amp;amp;pn=0&amp;amp;tn=ikaslist&amp;amp;rn=10&amp;amp;word=macaca&amp;amp;fr=wwwt&quot; wdfield=&quot;word&quot; onmousedown=&quot;return c({&#039;fm&#039;:&#039;tab&#039;,&#039;tab&#039;:&#039;zhidao&#039;})&quot;&gt;知道&lt;/a&gt;&lt;a href=&quot;http://music.baidu.com/search?fr=ps&amp;amp;ie=utf-8&amp;amp;key=macaca&quot; wdfield=&quot;key&quot; onmousedown=&quot;return c({&#039;fm&#039;:&#039;tab&#039;,&#039;tab&#039;:&#039;music&#039;})&quot;&gt;音乐&lt;/a&gt;&lt;a href=&quot;http://image.baidu.com/search/index?tn=baiduimage&amp;amp;ps=1&amp;amp;ct=201326592&amp;amp;lm=-1&amp;amp;cl=2&amp;amp;nc=1&amp;amp;ie=utf-8&amp;amp;word=macaca&quot; wdfield=&quot;word&quot; onmousedown=&quot;return c({&#039;fm&#039;:&#039;tab&#039;,&#039;tab&#039;:&#039;pic&#039;})&quot;&gt;图片&lt;/a&gt;&lt;a href=&quot;http://v.baidu.com/v?ct=301989888&amp;amp;rn=20&amp;amp;pn=0&amp;amp;db=0&amp;amp;s=25&amp;amp;ie=utf-8&amp;amp;word=macaca&quot; wdfield=&quot;word&quot; onmousedown=&quot;return c({&#039;fm&#039;:&#039;tab&#039;,&#039;tab&#039;:&#039;video&#039;})&quot;&gt;视频&lt;/a&gt;&lt;a href=&quot;http://map.baidu.com/m?word=macaca&amp;amp;fr=ps01000&quot; wdfield=&quot;word&quot; onmousedown=&quot;return c({&#039;fm&#039;:&#039;tab&#039;,&#039;tab&#039;:&#039;map&#039;})&quot;&gt;地图&lt;/a&gt;&lt;a href=&quot;http://wenku.baidu.com/search?word=macaca&amp;amp;lm=0&amp;amp;od=0&amp;amp;ie=utf-8&quot; wdfield=&quot;word&quot; onmousedown=&quot;return c({&#039;fm&#039;:&#039;tab&#039;,&#039;tab&#039;:&#039;wenku&#039;})&quot;&gt;文库&lt;/a&gt;&lt;a href=&quot;//www.baidu.com/more/&quot; onmousedown=&quot;return c({&#039;fm&#039;:&#039;tab&#039;,&#039;tab&#039;:&#039;more&#039;})&quot;&gt;更多»&lt;/a&gt;&lt;/div&gt;

        

&lt;div class=&quot;qrcodeCon&quot;&gt;
	&lt;div id=&quot;qrcode&quot;&gt;
		&lt;div class=&quot;qrcode-item qrcode-item-1&quot;&gt;
			&lt;div class=&quot;qrcode-img&quot;&gt;&lt;/div&gt;
			&lt;div class=&quot;qrcode-text&quot;&gt;
					&lt;p&gt;&lt;b&gt;手机百度&lt;/b&gt;&lt;/p&gt;
			&lt;/div&gt;
		&lt;/div&gt;
	&lt;/div&gt;
&lt;/div&gt;
&lt;div id=&quot;ftCon&quot;&gt;

&lt;div class=&quot;ftCon-Wrapper&quot;&gt;&lt;div id=&quot;ftConw&quot;&gt;&lt;p id=&quot;lh&quot;&gt;&lt;a id=&quot;setf&quot; href=&quot;//www.baidu.com/cache/sethelp/help.html&quot; onmousedown=&quot;return ns_c({&#039;fm&#039;:&#039;behs&#039;,&#039;tab&#039;:&#039;favorites&#039;,&#039;pos&#039;:0})&quot; target=&quot;_blank&quot;&gt;把百度设为主页&lt;/a&gt;&lt;a onmousedown=&quot;return ns_c({&#039;fm&#039;:&#039;behs&#039;,&#039;tab&#039;:&#039;tj_about&#039;})&quot; href=&quot;http://home.baidu.com&quot;&gt;关于百度&lt;/a&gt;&lt;a onmousedown=&quot;return ns_c({&#039;fm&#039;:&#039;behs&#039;,&#039;tab&#039;:&#039;tj_about_en&#039;})&quot; href=&quot;http://ir.baidu.com&quot;&gt;About&amp;nbsp;&amp;nbsp;Baidu&lt;/a&gt;&lt;a onmousedown=&quot;return ns_c({&#039;fm&#039;:&#039;behs&#039;,&#039;tab&#039;:&#039;tj_tuiguang&#039;})&quot; href=&quot;http://e.baidu.com/?refer=888&quot;&gt;百度推广&lt;/a&gt;&lt;/p&gt;&lt;p id=&quot;cp&quot;&gt;©2017&amp;nbsp;Baidu&amp;nbsp;&lt;a href=&quot;http://www.baidu.com/duty/&quot; onmousedown=&quot;return ns_c({&#039;fm&#039;:&#039;behs&#039;,&#039;tab&#039;:&#039;tj_duty&#039;})&quot;&gt;使用百度前必读&lt;/a&gt;&amp;nbsp;&lt;a href=&quot;http://jianyi.baidu.com/&quot; class=&quot;cp-feedback&quot; onmousedown=&quot;return ns_c({&#039;fm&#039;:&#039;behs&#039;,&#039;tab&#039;:&#039;tj_homefb&#039;})&quot;&gt;意见反馈&lt;/a&gt;&amp;nbsp;京ICP证030173号&amp;nbsp;&lt;i class=&quot;c-icon-icrlogo&quot;&gt;&lt;/i&gt;&amp;nbsp;&lt;a id=&quot;jgwab&quot; target=&quot;_blank&quot; href=&quot;http://www.beian.gov.cn/portal/registerSystemInfo?recordcode=11000002000001&quot;&gt;京公网安备11000002000001号&lt;/a&gt;&amp;nbsp;&lt;i class=&quot;c-icon-jgwablogo&quot;&gt;&lt;/i&gt;&lt;/p&gt;&lt;/div&gt;&lt;/div&gt;&lt;/div&gt;
        &lt;div id=&quot;wrapper_wrapper&quot; style=&quot;display: block;&quot;&gt;&lt;div id=&quot;container&quot; class=&quot;container_l&quot;&gt;
        

	
	
	    &lt;div id=&quot;content_right&quot; class=&quot;cr-offset&quot;&gt;
        &lt;table cellpadding=&quot;0&quot; cellspacing=&quot;0&quot;&gt;&lt;tbody&gt;&lt;tr&gt;
            &lt;td align=&quot;left&quot;&gt;
	        
	
	
  		    
  	        


  		    
            
	

            &lt;div id=&quot;con-ar&quot; class=&quot;result_hidden&quot; style=&quot;position: static;&quot;&gt;
                                                                    
	                                

        &lt;div class=&quot;result-op xpath-log&quot; tpl=&quot;right_recommends_merge&quot; data-click=&quot;{&amp;quot;fm&amp;quot;:&amp;quot;alxr&amp;quot;,&amp;quot;p1&amp;quot;:1,&amp;quot;mu&amp;quot;:&amp;quot;http://www.baidu.com/s?wd=macaca&amp;amp;srcid=21102&amp;quot;,&amp;quot;rsv_stl&amp;quot;:0,&amp;quot;rsv_srcid&amp;quot;:21102,&amp;quot;rsv_catid&amp;quot;:101,&amp;quot;rsv_cardid&amp;quot;:20010,&amp;quot;rsv_uri&amp;quot;:&amp;quot;macaca&amp;quot;,&amp;quot;p5&amp;quot;:1}&quot;&gt; 

    












































    
        		    		    		                	        	        	        
        
        
                                                        
	
     
                        
    	    
    

    
    
    

&lt;div class=&quot;cr-content &quot;&gt;
    

&lt;style&gt;
    .opr-recommends-merge-p,.opr-recommends-merge-img,.opr-recommends-merge-mask{height:75px;}
    .opr-recommends-merge-item-vertical .opr-recommends-merge-p,.opr-recommends-merge-item-vertical .opr-recommends-merge-img{height:100px;}
        &lt;/style&gt;


&lt;div class=&quot;opr-recommends-merge-content&quot;&gt;
 
	&lt;div class=&quot;cr-title c-clearfix&quot;&gt;
            &lt;a class=&quot;cr-title-sub opr-recommends-merge-more-btn&quot; href=&quot;javascript:;&quot; onclick=&quot;return false;&quot; data-click=&quot;{&#039;fm&#039;:&#039;beha&#039;}&quot;&gt;&lt;span&gt;展开&lt;/span&gt;&lt;i class=&quot;c-icon c-icon-chevron-bottom c-gap-left-small&quot;&gt;&lt;/i&gt;&lt;/a&gt;     
        &lt;span title=&quot;相关词汇&quot;&gt;相关词汇&lt;/span&gt;
            &lt;/div&gt;

&lt;div class=&quot;opr-recommends-merge-panel opr-recommends-merge-mbGap&quot;&gt;
        
&lt;div class=&quot;c-row c-gap-top&quot;&gt;
    
    &lt;div class=&quot;c-span4  opr-recommends-merge-item &quot; data-click=&quot;{&#039;rsv_re_ename&#039;:&#039;android&#039;,&#039;rsv_re_uri&#039;:&#039;f1f1721f4e5444cd9360c6364079a24a&#039;}&quot;&gt;
                                                	&lt;div class=&quot;opr-recommends-merge-p&quot;&gt;
            &lt;a target=&quot;_blank&quot; href=&quot;/s?rsv_idx=1&amp;amp;wd=android&amp;amp;usm=1&amp;amp;ie=utf-8&amp;amp;rsv_cq=macaca&amp;amp;rsv_dl=0_right_recommends_merge_21102&amp;amp;cq=macaca&amp;amp;srcid=28310&amp;amp;rt=%E7%9B%B8%E5%85%B3%E8%AF%8D%E6%B1%87&amp;amp;recid=21102&amp;amp;euri=f1f1721f4e5444cd9360c6364079a24a&quot;&gt;&lt;img data-b64il-id=&quot;808812832_1816796069_58&quot; data-src=&quot;https://ss1.baidu.com/6ONXsjip0QIZ8tyhnq/it/u=808812832,1816796069&amp;amp;fm=58&quot; class=&quot;c-img c-img4 opr-recommends-merge-img&quot; src=&quot;data:image/jpeg;base64,/9j/4AAQSkZJRgABAQEAAQABAAD/2wBDAAUDBAQEAwUEBAQFBQUGBwwIBwcHBw8LCwkMEQ8SEhEPERETFhwXExQaFRERGCEYGh0dHx8fExciJCIeJBweHx7/2wBDAQUFBQcGBw4ICA4eFBEUHh4eHh4eHh4eHh4eHh4eHh4eHh4eHh4eHh4eHh4eHh4eHh4eHh4eHh4eHh4eHh4eHh7/wAARCABLAEsDASIAAhEBAxEB/8QAHAAAAwACAwEAAAAAAAAAAAAAAAYHBAUBAgMI/8QAPRAAAQMDAwMBBAYFDQAAAAAAAQIDBAAFEQYSIQcxQRMiUWFxFBWBlLHSFjJWkbMjJjQ1NjdTYnJzdHXC/8QAGwEBAAIDAQEAAAAAAAAAAAAAAAQGAQIDBQf/xAAsEQABAwEGBAUFAAAAAAAAAAABAAIDEQQFEiExYSJBUdEGEzKR4RQjYqHw/9oADAMBAAIRAxEAPwD7LxRiiiiIxWBd5qre23KWlBiJXiSonltJ4C/kDjPw58Vn1HNSamavWpEonqkfUjLpT6LJwVgZG4+8k/uHavNvO3tscYr6nZDuduq0e7CFRHdZaYadLaruwVA4JSFKH7wMV7x75FuEuOxaH2Je7231pVkNNjjn/MTwB8z4qGSiwZTpihwMbz6QWfaCc8Z+OK2LE6JBgQ5FsXMj3ht1Red3ewU+AB58cfPPiq7H4kmc4h4FB0rXXlX4XETHmr1ijFabRt6+vbCzNUkIeBLbyR2Cx3x8Dwftrc1cIZWzMEjNDmpANRVGKMUUV0WUVwtQQhSz2Aya5rzlf0Zz/QfwrBNAiRNM67k3e+KgPQWW2XUOFkpJKk7UlXte/IHjFJw1MzgfzZsH3Y/mo6d/2ti/7b38JVL4/VHyr5zPeNpkgY97qmruQ/HbdQy8kBMH6Ss/szYPux/NR+krP7M2D7sfzUv0VC+un6/odlrjKotn1Yq36Nk3GPaYDDhmhhDbCChvJQDuUM5PA/CmvQl/c1DaFyX2EMvNOltYQTtPAIIz86l6P7unf+2T/CNO3Rj+oZn/ACv/AAmrPdVunfaY4i7hLdPddo3EuAT1RRRVtUhFdXE721IJxuBFdqKIprpXRV1tF+VOlrY+jx23AhSFZLmUlI48d881OR2Hyr6PWkLQUKGQRg1HtcaPa07Cblszlvodf9NLamwCkYJ7557e6qXfN0eRC0wDhbUnPrTso0kdBklGim3R2j06gtT043BUb03S3sDW7OEg5zke+tHpu2C73yNbS8WQ8pQ3hO7GEk9vsqvmxTARkj16aZ/265YTlumLTNllX3QkyLDUgPN3AOpCzgKw2ARnx3p46d2KXYrK4xNUj13ni4UoOQkYAAz5PFZekNPtadtq4jb631OOFxa1J25OAOB44Fbqr3dt1tgDJZBxgU1yUpjKUJ1RRRRXsroiilXU3ULSOnbkbbdLslExKQpbLTS3VIB7bggHbn41kaf1tpq+2qddLfcgYcA4lOutqaDfs7ud4HiiJipZ6i2SZfLIhiDsL7TwcCFKxuGCCM+/msPT3UzSF9vDdrhXB1Mh/P0YvxltIkY/w1KACq73/qTo+xXd+1XS5OsSo5HqpER1YTkBQ9pKSOxFcbRA20ROifoVgioosrp7Y5dksC4s7YHnXVOKSlWdgIAxnyeKXNH6Ku1s1Y3Ml+iIscrKXEryXMggYHcd/NNc7V2nommEalXcUOWpzbskMIU6FbjgcJBPfjtx5rE0vr/Sepbiq3Wi6h2WEFwMuMraUpI7lIWBux8Khm6oCIhn9vT59lrgGWyaKKSr71R0fZru9bJU59x2MrbKXHjLdbjn3LUkYB/Ct9I1LZWVWgKnIWLw56cBTaStLx27uCOAMDOTXpLdbeikmb1V0NCuD0GXeFsOsOqZdK4jwShSTg5VtxjI79qcoz7MmO3IjuoeZdSFtuIVuSpJ5BBHcURSvTl8haEvt+tupbfPZlXG6uSmLg3DW8iW24RsG9IOCntg9qX9RMvLsfUhr0XSl/UsVKkhB/lEFTIUPiMZzV3ooinvXGKgaUtTkePh2LeYRYLaOWh6oB247DHFbDUfUjS9jukm1T1T1ymMBbbVvdcCsgEAKCcHgjzTlRRFMenVt1VD0ZdpllgQ7VIud2cmwYNySoIjsKI4UlHKSQCQPGRWDFb1VJ6yaeb1oi3t/RYkl63uWtpZadWUhK0rUrkYSc47Gq5RRFE9I6hb6f2e5aS1Bpu6ybkqU+tsx4anm7kHFEpO4ccg4Oew+PFcWqx3Ox2/pbb7kytuS3dn3XGhlQjhaHFBBPjAUB86ttFEU/v3U7STX020uRblcZKCuOqG3bXVesoEpKASnaQTxntXt0r0/e7VoC1QZ0hcJ9Da1Kj/AK3ohS1KSjOfAUB9lPVFEX//2Q==&quot;&gt;&lt;/a&gt;
            &lt;a class=&quot;opr-recommends-merge-mask&quot; target=&quot;_blank&quot; href=&quot;/s?rsv_idx=1&amp;amp;wd=android&amp;amp;usm=1&amp;amp;ie=utf-8&amp;amp;rsv_cq=macaca&amp;amp;rsv_dl=0_right_recommends_merge_21102&amp;amp;cq=macaca&amp;amp;srcid=28310&amp;amp;rt=%E7%9B%B8%E5%85%B3%E8%AF%8D%E6%B1%87&amp;amp;recid=21102&amp;amp;euri=f1f1721f4e5444cd9360c6364079a24a&quot;&gt;&lt;/a&gt;                    &lt;/div&gt;
        &lt;div class=&quot;c-gap-top-small&quot;&gt;&lt;a target=&quot;_blank&quot; title=&quot;android&quot; href=&quot;/s?rsv_idx=1&amp;amp;wd=android&amp;amp;usm=1&amp;amp;ie=utf-8&amp;amp;rsv_cq=macaca&amp;amp;rsv_dl=0_right_recommends_merge_21102&amp;amp;cq=macaca&amp;amp;srcid=28310&amp;amp;rt=%E7%9B%B8%E5%85%B3%E8%AF%8D%E6%B1%87&amp;amp;recid=21102&amp;amp;euri=f1f1721f4e5444cd9360c6364079a24a&quot;&gt;android&lt;/a&gt;&lt;/div&gt;
                        &lt;div class=&quot;opr-recommends-merge-d&quot;&gt;
        	            	&lt;p class=&quot;opr-recommends-merge-width-text&quot;&gt;手机操作系统&lt;/p&gt;
                    &lt;/div&gt;
                            &lt;/div&gt;   

 

        
    
    &lt;div class=&quot;c-span4  opr-recommends-merge-item &quot; data-click=&quot;{&#039;rsv_re_ename&#039;:&#039;drop&#039;,&#039;rsv_re_uri&#039;:&#039;fd60981b0f8b486b9e0d485f04dabccd&#039;}&quot;&gt;
                                                	&lt;div class=&quot;opr-recommends-merge-p&quot;&gt;
            &lt;a target=&quot;_blank&quot; href=&quot;/s?rsv_idx=1&amp;amp;wd=drop&amp;amp;usm=1&amp;amp;ie=utf-8&amp;amp;rsv_cq=macaca&amp;amp;rsv_dl=0_right_recommends_merge_21102&amp;amp;cq=macaca&amp;amp;srcid=28310&amp;amp;rt=%E7%9B%B8%E5%85%B3%E8%AF%8D%E6%B1%87&amp;amp;recid=21102&amp;amp;euri=fd60981b0f8b486b9e0d485f04dabccd&quot;&gt;&lt;img data-b64il-id=&quot;1071433895_4137962803_58&quot; data-src=&quot;https://ss2.baidu.com/6ONYsjip0QIZ8tyhnq/it/u=1071433895,4137962803&amp;amp;fm=58&quot; class=&quot;c-img c-img4 opr-recommends-merge-img&quot; src=&quot;data:image/jpeg;base64,/9j/4AAQSkZJRgABAQEAAQABAAD/2wBDAAUDBAQEAwUEBAQFBQUGBwwIBwcHBw8LCwkMEQ8SEhEPERETFhwXExQaFRERGCEYGh0dHx8fExciJCIeJBweHx7/2wBDAQUFBQcGBw4ICA4eFBEUHh4eHh4eHh4eHh4eHh4eHh4eHh4eHh4eHh4eHh4eHh4eHh4eHh4eHh4eHh4eHh4eHh7/wAARCABLAEsDASIAAhEBAxEB/8QAHAAAAgMBAQEBAAAAAAAAAAAABAUCAwYHAQgA/8QANRAAAgEDAgMGBAQGAwAAAAAAAQIDAAQRBSEGEjEHEyJBUWEUMnGhFXKB0TNCQ1KRsWKCkv/EABoBAAIDAQEAAAAAAAAAAAAAAAIDAAEEBQb/xAAlEQACAgIBBQABBQAAAAAAAAABAgADESESBBMxMkEFFFFhcYH/2gAMAwEAAhEDEQA/APOHdGsXgjZ0iYkZOa6/2TaXpMVw8cdjGxIzkJXztp/ED2uNiwHlXUuyTtc0nQrqWPWreaKGQDlljTnxjyI617j8jVa9TcN/xOJ07KGHKb7t0sdPXRUQ6cgkLeFyo/3XzJqcXLIwCgb113tr7YNM4htodP0GKZ4VbneaaPk3xgAA71xO41LvnLNjJq/xitV0/G3Rk6kh7MrBJ1wT4RQE+d8UVc3KnOKDkkz50ywiCoMCmnZTvQ5vGB60RcsPTNCMsZ6isTk50Y4YhMV82OtT/ED6/egGjjxs2KpaLf56HuuJfEGbQKyjeTFTSGa9LWVpLJ38kblO7+fYZ296H/BNSl/rn9KYaZ2Z8Z65BcXPDfw9ze2aFxbyzCN5lOxVMkZPsSAelb7bGrQsV1EIoY4B3K5dHsdKaV5tQY2s9isolFx36pKV5lB3PK2RgjruaUchx82/1p7r3B/HNxLbLr3BEPD9rbQpBMSixieRVxzjxsXJ2yRgbeVL24d1BP58n6UqpjavJF1CYcDhjuLJUc1Q0MvrTVtHvVO5H60RaaHPK4EjYHsaPsOx8SuYH2ZqSGfOwzUGs7srkRGuraJwBHeJ3nxsSkeTNg02m4FSCE4u4GIHrQfp0zhml9w/BOCzRzxt4kYVTlvU10viDQhbMedVYeorNtYQ8x8ApNnRMp0Ya3AzVXnFVnaEpDavMw9OlfuHuKtX1DWobXTOFbnUpnPhgglZHb9R0ow29iHAMKyyEZwBtUdK4nTRNbhkiS4sAjYaW0KiUA7bFtv810blswTyx/kzIVz4nvGOrcVadqoi1Tg+60hmXmWG4meUkevMTvSqPii4yBPprD8ua1XaRxODrkKpc6lqWYFYzahPHI2DvgBBgCl2nTLexGV7NFAGSwoaA5UAtv8AqE5GfEv0XvdbRvgrWaVlGWTly2KrkgjDspDRupwR0INMNL1y70eXv9LnjicDHygg1kuJde1S6103twELyHLlRgN+laGsavbeIsKG8eY5JnT+FPJt6NQV3c3wOPipAfLJqoX2cOppipSVBzIGVhnBpmn8QNjzMpql5qQyJJHYe5zSn4+et7faZG9uWQZGOhrKz2MQlYFcb1gvpcHIM0I6/RGE1xd2VtaztJbTmdObljc88RBI5WyAM7ZwCeoojXtNg16ytb7T7ruJSnLdwzAqYnHTBHzAjcVKPTJYDmMnHmDg5/zR9g1zb8zLaRYOzFFKE/8AlgPtTjU7Di2xA5gbERpwrcRlFi1APIy+HvFYAn0GRTjijUYbSG20nR8tDbxKLu5ZeQSTY8QXO/KOm/vR+oDUo+QK7R95Eso7uYNgMNs4Ox9QdxSVrKRiefG/U4GanYx6ak559oHPz26RlNQikV4w7jlK8jHPh36/X3oQ281yFkEokB8x0p5DpMB37nvD7jIplBpjEDmXA9OlF2CfYyuf7TP2VnLIyxgHlX5ia0NtD8oA2GwoyKzRBjA+gq5YwvlTVAQagEkyLxckPKcdKzd1HH8Q+w6051PUorSMg8rN6GsbdXtxLcPINuY5oHsCjcJVzOhvh+ox/wBaiIwAQCoz18NAw392cZmz9VH7UbFczMpJZSfyD9qMqRBzmS7sb/Ic9fDU0gU7CJT9BQt1eXCIxRwuB5KP2pbJf3j5DXMmPY4/1VhSZMiPjEU3ICfUgVTLcW8Yy8yZ9F3P2rI6pdXCbrK2fU70mmuJ5Bh5pCPzGkvYFOIaqTNvd65aQZy8a+7tj7CkGpcXwqpWJnkP/FeUVl5lXrig5QM1ks6th6jEatQ+xsdejnkLToVH1zVo1TTyM959qRIinqoqfdx/2ikDqLPsYa1n/9k=&quot;&gt;&lt;/a&gt;
            &lt;a class=&quot;opr-recommends-merge-mask&quot; target=&quot;_blank&quot; href=&quot;/s?rsv_idx=1&amp;amp;wd=drop&amp;amp;usm=1&amp;amp;ie=utf-8&amp;amp;rsv_cq=macaca&amp;amp;rsv_dl=0_right_recommends_merge_21102&amp;amp;cq=macaca&amp;amp;srcid=28310&amp;amp;rt=%E7%9B%B8%E5%85%B3%E8%AF%8D%E6%B1%87&amp;amp;recid=21102&amp;amp;euri=fd60981b0f8b486b9e0d485f04dabccd&quot;&gt;&lt;/a&gt;                    &lt;/div&gt;
        &lt;div class=&quot;c-gap-top-small&quot;&gt;&lt;a target=&quot;_blank&quot; title=&quot;drop&quot; href=&quot;/s?rsv_idx=1&amp;amp;wd=drop&amp;amp;usm=1&amp;amp;ie=utf-8&amp;amp;rsv_cq=macaca&amp;amp;rsv_dl=0_right_recommends_merge_21102&amp;amp;cq=macaca&amp;amp;srcid=28310&amp;amp;rt=%E7%9B%B8%E5%85%B3%E8%AF%8D%E6%B1%87&amp;amp;recid=21102&amp;amp;euri=fd60981b0f8b486b9e0d485f04dabccd&quot;&gt;drop&lt;/a&gt;&lt;/div&gt;
                        &lt;div class=&quot;opr-recommends-merge-d&quot;&gt;
        	            	&lt;p class=&quot;opr-recommends-merge-width-text&quot;&gt;单词丢弃删除等意思&lt;/p&gt;
                    &lt;/div&gt;
                            &lt;/div&gt;   

 

        
    
    &lt;div class=&quot;c-span4  c-span-last-s opr-recommends-merge-item &quot; data-click=&quot;{&#039;rsv_re_ename&#039;:&#039;sdk&#039;,&#039;rsv_re_uri&#039;:&#039;f22edb98350f4b6b944740d6983e7e4f&#039;}&quot;&gt;
                                                	&lt;div class=&quot;opr-recommends-merge-p&quot;&gt;
            &lt;a target=&quot;_blank&quot; href=&quot;/s?rsv_idx=1&amp;amp;wd=sdk&amp;amp;usm=1&amp;amp;ie=utf-8&amp;amp;rsv_cq=macaca&amp;amp;rsv_dl=0_right_recommends_merge_21102&amp;amp;cq=macaca&amp;amp;srcid=28310&amp;amp;rt=%E7%9B%B8%E5%85%B3%E8%AF%8D%E6%B1%87&amp;amp;recid=21102&amp;amp;euri=f22edb98350f4b6b944740d6983e7e4f&quot;&gt;&lt;img data-b64il-id=&quot;3438483572_2917718162_58&quot; data-src=&quot;https://ss2.baidu.com/6ONYsjip0QIZ8tyhnq/it/u=3438483572,2917718162&amp;amp;fm=58&quot; class=&quot;c-img c-img4 opr-recommends-merge-img&quot; src=&quot;data:image/jpeg;base64,/9j/4AAQSkZJRgABAQAAAQABAAD/2wBDAAIBAQEBAQIBAQECAgICAgQDAgICAgUEBAMEBgUGBgYFBgYGBwkIBgcJBwYGCAsICQoKCgoKBggLDAsKDAkKCgr/2wBDAQICAgICAgUDAwUKBwYHCgoKCgoKCgoKCgoKCgoKCgoKCgoKCgoKCgoKCgoKCgoKCgoKCgoKCgoKCgoKCgoKCgr/wAARCABLAEsDASIAAhEBAxEB/8QAHwAAAQUBAQEBAQEAAAAAAAAAAAECAwQFBgcICQoL/8QAtRAAAgEDAwIEAwUFBAQAAAF9AQIDAAQRBRIhMUEGE1FhByJxFDKBkaEII0KxwRVS0fAkM2JyggkKFhcYGRolJicoKSo0NTY3ODk6Q0RFRkdISUpTVFVWV1hZWmNkZWZnaGlqc3R1dnd4eXqDhIWGh4iJipKTlJWWl5iZmqKjpKWmp6ipqrKztLW2t7i5usLDxMXGx8jJytLT1NXW19jZ2uHi4+Tl5ufo6erx8vP09fb3+Pn6/8QAHwEAAwEBAQEBAQEBAQAAAAAAAAECAwQFBgcICQoL/8QAtREAAgECBAQDBAcFBAQAAQJ3AAECAxEEBSExBhJBUQdhcRMiMoEIFEKRobHBCSMzUvAVYnLRChYkNOEl8RcYGRomJygpKjU2Nzg5OkNERUZHSElKU1RVVldYWVpjZGVmZ2hpanN0dXZ3eHl6goOEhYaHiImKkpOUlZaXmJmaoqOkpaanqKmqsrO0tba3uLm6wsPExcbHyMnK0tPU1dbX2Nna4uPk5ebn6Onq8vP09fb3+Pn6/9oADAMBAAIRAxEAPwD9+9i+lcr8YvjV8J/2f/A9z8R/jH450/w/o1pxJe6hNtDMc4RFGWkc4OEUFjjgVH8ePjh8Pv2cvhTq/wAYvifq/wBj0fR4A8zKN0krswSOKNf4pHdlRR3LDoOa/D79qHxp4/8A+Ckn7SC+Lfix8TNQk0OGZYfD3gTT54Y7HTrdllY+azgudph3yyqMsRGh+Vkx1UKFN051675aUFeT7ffZf5HJiq9WlFKjFSm9Em7fkm/klr5H0d+1l/wctaLoXi+L4bfsffClNdvri2W4gv8AV4nuZbmJ1LR+RaQOu4so3gtLwCu9Fydvzrdf8Fqv+Cm3irWr26uvifq3he1iuvLgtE8CaaGHqdklvJLsIIYM2B2+bhjU8a/scfswfB34E6t8VrbxJqesyW2kQaXc6jLeyWl3bxSrFcwpBIgQg7niO3HViCOWU+j/ALB/7Dn7MHxW/Zf8LX97qE2o3EVpv1O+k8favayS3siIZyRb3MKFN4+QAEADruL55stznJZy9sv3sG5RSi07OPK3dvTaS+/Y5Mylj6dRYWknGrZS1X2dVfR9zrv2SP8Ags7+3f4uGp/8J9oWna5Fp2oR28VxqWgCBblHjLJ/x7CMpKxSUAYYcLwM8fcH7Nf/AAVU/Z/+NvjGD4R+Pi3gfxrcReZbaNrE5NtejcRm2uSqLIenykKw3rwdwz+Rn/BQ34R/AL9nX44+EfiJ8K/Hv9ia9eahc6fr1zH4x1KazTTrqOWOSeTzHkaGKGXax8jhM7sblTHhPxS8QaX47tb/AMP+Cv2w9Mu5tI1G2Oia/q097BEdUVJ1a0WS+tw0Y2klmnaONxjDhlIrxKss1rZpUr4JxeHb0hO6lHRXSaTT11Xk7dLnrUMTQnlChKDWJhdN7Rk91fdq8WtVfvZ7H9RK7GGRS7F9K/Nv/gjR/wAFCPEWp+F9C/Z1+PnizUNTW5hitfB/ibVtjSGfyxJ/Z08yMVZgkkKxsScsdm47o1H6Sg5GRXuzo16NlWjytpO17/itzDDV1iKSnaz6rs+wmxfSjYvpS0VBufj/AP8ABwT+1xqviz9ozwt+xJ4M8RXNoNGs7XVby3tCvmahq15IY7S3VXYAlItzBuga4H93jxD9nv8A4JqfEfQviBrHxKn/AGh9LtPGPiSxwLNNMM626KU2p5kj75kBUBm2KWyeh5rhP+Cmv7dsh/4KxPa+OvBGk6vpPhL4gNpb6/Np6SX+mWgvp4IooGVdzBHillbOSQ6quMAHrv2k/wBkD43/ABf+KnhP/goF+w58WodQ8TeGYI59L0YXYks9ShVdrJGyttYOm9WQnDbiMrkkaZlOGPyaWWV6adGa95fza3162v0OPD4RQzB4pzvK65e0flsVdc0/4+/FP9qHw3+wr8SvEt/4a1S58V2cEmvWke3MjDdb3duqFAI03BwdxYsFy3yLX3/8EP8Agjv8WPgN4Ai+H/hX9rawuzFI81uLrwuYmcN/excMTyPvYye+a/J39j741ftL/Fz/AILTfBDxB+1D40a+8SQ+Ljp15o7abFZiwVMMsRjTDEBm3qcsOARkHn27/g5/tvjDa/8ABUb4J+MPg98QLzw/qOi/Da3v4biz1CaBvMg1a5YHMXU8459TXz2U5XkeT5bDD4GiqdOHNtfVya5m+7dkvJJJaI3eDrRzGpi69RzqVOrtaMdLRilZWVr97tu+pyX/AAUr/Z2/a3+A3xevfh38YSun2niHQbzSrPxX4fuWlt9U06+3w3KkPtwQrsHiKqeAckbCPK/+Ckf/AATA+Fv/AAT58G+EPCd94R1j4qat8S9eS31nVNN1GfTJ47i3TatxHGplhEj/AGrkyK4D+Yc4fav6lf8ABeXxl4q8L+CP2bfix4Y+wnW7/wAVaho139vtvMhntNS8P3Szoyd8OkMq/wB2SFGHKirf7cH7Pvhz4sfFnwB8U/E8Mc8XgGPUrqwt5Oc3lwlskUmP9hY5DnsdvBycelgsPHBufLJvmfNr00SsrW00Rjh8J7CpVm5uTnLmd7aaJWVktEkj8q/FvwU1z9jrQ9N1a2+KxsNa1eCdDElvFDJFdiSSaGSOd8iN7dWtoy0So8n2fdld52/0MfsA/tH3H7WH7Ingj44apCsWqaroyJrkKrgLfRZjnKjsjupkT1SRCODX4wah8VE8ca54n+EfxC8AaPqa3viNLu1tL7SI7qWzNvHJbxREsrfeW5diOgZmxw3P6S/8ENvjLq3xD+A3inwDqICW3hDxBHa6LbraeQLewMIjhiVMAqg+zttBHyqQo4UAfa5nDEyyKhKvBXW0r6uLSsmrbK61vc8PLuRZ9XdKq+RrWFtFK71Ur9bS0tbr6/btFFFfKn05/OB/wU2/Ze0Xwl/wWZ1Pwj8Qvihp2h/8J74p/tnTbSCSO5eSOe6uJrMTRh1McjXJkAUnlXjbHYav7M/wT/bQ/Yq/4KC+FPh78BrLX/EHwo8Vagj+KZLxFawRHUm4uCB8ttJHkFWXBcoEbcCM/bP/AAcA/s0ab4d8RaZ+1pB4fubvT9csotB8Ti0lMZguYS72lzuAJDMrSR5xjMUY4JGfhT4V/tjf8FEI31HwV8LfiB4TvodLS3W21zxPogNyyTBhF+88yOOV/lwSVZjuUnJbnysbm2Ew1b2VaTTSTVk22vRLbf7mzuoYCvUo+1pq6enoz2L9qTwJ4atP+DjD9mLxF4B0Mpc3MUFz41u7O2JjSYPLHAZiowrsnljJ5wyk8V6r/wAF0P2HP2vf2qv+Cjfwu1z4A/ArW/EGhwfDiPTNT8QQQhbGwmk1KdiJZWIC7Uw5AyQCDjkZ+O/2dvAf7dfgL44at+1F4os9Z8WePdNjfWri81q2H2dr6EI0EVsAwWdNq7QkeFAwD2r6k8Af8FOP+C5PxR+Ftl8QNK1H4UaXperiRLDVofBk05GHMYZB9qZWO5W4I4KnIxXrYjAyU5UZf3W7NNe9drVXV9HpuupxSqQSi1K+/RrbfRpPTvt2Z7J/wX5n0dLT9mz4K3viFba50zxZc6zqd7HaNMtta2umSWys6DlRLPOkak/7TdEbHnv/AAWc/bD8dfsm+Lvg2dB0mW48PeIvFFzH4we1tTLMLSKBFCADgAmcsSeQY1I6EH5N/aj+CP7adj8WdI+Nf7SnxT1v4j+NvGatJZma3VLWG3tJEZlgtYiFjgjSVZH2KqgSHk5JrM/ax8Y/tQfthafpen/tWfEPw3bf2dJcnw1D4f0w2U8ztEpk2h3cyELGvTGOTwASPVweQZhjYOrRjdaa373SXrocFXMMNRlyzev9f5nV/tcaX8NvCc0/xt1r4saXpNve6jZx2Ntf3SJDdM8M0jTIScMMW9vlRndnPev01/4ILfDfUtA/Zo174r6hf2FzB411i1utHn0+8jmWSwSyhaKRihOCzTSNhjvwQT1r8o9P+C/iD4l/CDw78Ffjl4bvPEd+JoLGx8IvZNHNJd+awtUWQBXQrE8MRQkMJTLGwwhr99v2Mv2edO/ZT/Zb8D/s/wBh5Jbwz4et7S7kt1xG9wFzKUHUJvLBQeihR2oxGeYqtgVlkrNU3e/Xslfbp+Rx4fIsPQzaWZRnK81bl+z3b73/AM2enUUUV5J7Rznxb+FHgT44/DrVfhV8TNAh1PRNZtjBfWc3RhkMrKRyrqwVlYcqygjkCvxc/bs/Z/8AjF+wHrmueCvEXwh0nxF8OfE00DaXr1rK0bSNAJHhb7OIDGLqLewMe/c6FmjV2VRX7jVkeO/AHgn4n+FbzwP8RPCthrWj6hEY73TdTtVmhmX3VgRx1B6ggEciuLE5Xl2OxFOpioN8l7Wk4vVWez106O63NYYnFUINUZWv+n9dD+fzwH+35p2s/DTxNa6p8GfHM1ro/h5Vd5ba3lXWYpykSpaXCzsl1KwmR9ineUV2CkI+2X9jXxh+014B+Evg6Lxt8NfjEPBcCalanwrF8OdQuo4b1LdpDxbxiVEM90kitvUNlxyFkSvtv9r3/g3P/Zk8W3U3iz9nn4lQfD6/kkWX+ztW02O/tndZXlQpISJ0YM74kYzOA2AcKgX5l07/AII+/wDBQP4T+HtY+HHw5+IPw9uNKv2keC+h1W7H2F5V/euI3towd7ZYKNgUscHGMfUZWsDl8JKnVupRd+aF9V8Ntd3rrfR+Wp4mYUa+YODnFxcXpyytdO176arTbqeB/H3xL+034++PfhLw98UtC8ea63gvV7wDUfFGiNYWFoka/vUtZ5ESGR2aGPZhgrtGg3hSWXzvSvEf7W03xPvPHdx4W8LL4rv5IrHwjpcuqpeJpw3BlcrHuTyY3RZJMh2mfyYgm1vl+1v2dv8Agg5+1hqwv7D4y/tmeEdDt9SjiinudIs7q8u0VXL5USCKNXO5lDCQ7EdlTG9y/wCk/wCx5/wSz/ZV/ZJvYfHHhrRZ/E/i1LSOBfF3iSVbi4ijUsVWBQAkKgs3Kguc/M7V11s+xlPDP2VTlk9VGKSina3btro99rbnPhctp0qqg4OUV9qTvJ9f+Btt9x5T/wAEp/2DvjV4Y0TS/wBpX9um8i1f4itbrJpUE0k0klm5WRHvJ2mO57mWNxw4Bjy5wGcqn3bQAAMCivl4wjG9lvqe+22FFFFUIK5rxX4l1PDaf4fRw2MPOEzj6HoPr+QroSSRgmo/sltz/o6c9flo1WwHlj+EtdvxLcX8E8kgAKl5lPmHOSDwSO5zkngD6WdK8Pr9hFuuilnlLmTzLwD5cDH/ACzPv9OK9KFrbAYEC4/3aRLCyjbdHaxgjoQgq41JrdkOK6Hlr+GYIbpoF0YiGXKhhJvOMkgYwMc+/H51b0O/1bw9cGbS5LhIhgTW8sZK4/vYz19cc16MNOsAcizjGOnyCl+wWWS32SPJ6nYOaHJWt0GovdmH4Z1bxDfae+peX9pkMrIls8oUxpuOGJwAcgDHHH4nFvU7jxbfWD21ppJtZHA2zJdIxXnkYPqB19604reCA5hhVOMfKMcVJk+pqCjnLLRfF73HlXerXccbZ+cyIwXg9gc9cd+5+tbNrpd7BAsUusSyMM5cjrz7k1ayfU0ZPqaAP//Z&quot;&gt;&lt;/a&gt;
            &lt;a class=&quot;opr-recommends-merge-mask&quot; target=&quot;_blank&quot; href=&quot;/s?rsv_idx=1&amp;amp;wd=sdk&amp;amp;usm=1&amp;amp;ie=utf-8&amp;amp;rsv_cq=macaca&amp;amp;rsv_dl=0_right_recommends_merge_21102&amp;amp;cq=macaca&amp;amp;srcid=28310&amp;amp;rt=%E7%9B%B8%E5%85%B3%E8%AF%8D%E6%B1%87&amp;amp;recid=21102&amp;amp;euri=f22edb98350f4b6b944740d6983e7e4f&quot;&gt;&lt;/a&gt;                    &lt;/div&gt;
        &lt;div class=&quot;c-gap-top-small&quot;&gt;&lt;a target=&quot;_blank&quot; title=&quot;sdk&quot; href=&quot;/s?rsv_idx=1&amp;amp;wd=sdk&amp;amp;usm=1&amp;amp;ie=utf-8&amp;amp;rsv_cq=macaca&amp;amp;rsv_dl=0_right_recommends_merge_21102&amp;amp;cq=macaca&amp;amp;srcid=28310&amp;amp;rt=%E7%9B%B8%E5%85%B3%E8%AF%8D%E6%B1%87&amp;amp;recid=21102&amp;amp;euri=f22edb98350f4b6b944740d6983e7e4f&quot;&gt;sdk&lt;/a&gt;&lt;/div&gt;
                        &lt;div class=&quot;opr-recommends-merge-d&quot;&gt;
        	            	&lt;p class=&quot;opr-recommends-merge-width-text&quot;&gt;汉译为软件开发工具包&lt;/p&gt;
                    &lt;/div&gt;
                            &lt;/div&gt;   

 

        
    
    &lt;div class=&quot;c-span4  c-span-last opr-recommends-merge-lastspan opr-recommends-merge-item &quot; data-click=&quot;{&#039;rsv_re_ename&#039;:&#039;json&#039;,&#039;rsv_re_uri&#039;:&#039;f77c84e56fd048c09fd76b4b343c84c1&#039;}&quot;&gt;
                                                	&lt;div class=&quot;opr-recommends-merge-p&quot;&gt;
            &lt;a target=&quot;_blank&quot; href=&quot;/s?rsv_idx=1&amp;amp;wd=json&amp;amp;usm=1&amp;amp;ie=utf-8&amp;amp;rsv_cq=macaca&amp;amp;rsv_dl=0_right_recommends_merge_21102&amp;amp;cq=macaca&amp;amp;srcid=28310&amp;amp;rt=%E7%9B%B8%E5%85%B3%E8%AF%8D%E6%B1%87&amp;amp;recid=21102&amp;amp;euri=f77c84e56fd048c09fd76b4b343c84c1&quot;&gt;&lt;img data-b64il-id=&quot;1779914080_3228675734_58&quot; data-src=&quot;https://ss1.baidu.com/6ONXsjip0QIZ8tyhnq/it/u=1779914080,3228675734&amp;amp;fm=58&quot; class=&quot;c-img c-img4 opr-recommends-merge-img&quot; src=&quot;data:image/jpeg;base64,/9j/4AAQSkZJRgABAQEAAQABAAD/2wBDAAUDBAQEAwUEBAQFBQUGBwwIBwcHBw8LCwkMEQ8SEhEPERETFhwXExQaFRERGCEYGh0dHx8fExciJCIeJBweHx7/2wBDAQUFBQcGBw4ICA4eFBEUHh4eHh4eHh4eHh4eHh4eHh4eHh4eHh4eHh4eHh4eHh4eHh4eHh4eHh4eHh4eHh4eHh7/wAARCABLAEsDASIAAhEBAxEB/8QAGwAAAgMBAQEAAAAAAAAAAAAAAAQCAwUBBgj/xAAzEAACAQMDAQYGAAUFAAAAAAABAgMABBEFEiExBhMiQVFhFDJxgZGhFTNCUrEWIyTB0f/EABcBAAMBAAAAAAAAAAAAAAAAAAECAwD/xAAlEQACAgEEAQMFAAAAAAAAAAAAAQIREgMTITEiBEFRYXGBkaH/2gAMAwEAAhEDEQA/APp24/1U0lzb23dxgRysszhTuZmfZtyeMAJxjHJzWxeLfd3am3nZdhPfZRSWGw4JHs2CQv2pCS67Tb1VNNtRkkFi2QByMnxA+QOBng+RFOarNewR2SQurTSXKJJtjOGX+o+e0efNHUhxV/oMvUb3GNV9KEopu0soLCC3hyqEq6/LkAkDnkjoc4H3p3uL5mNzdXRRot/dx2uSjqRwWUglmHlisw3va4xx7NJtFfYC+5uM45x4vMjGPIEEk8gOibVW1G2huUW2jkE3MJ3gkBdm4kcHlj7kVGGniny2BILdtdPd7o4FTbGDvbLfL4j+fI+tSibXCoMsduMjkKQSvj8vInb9Bke/HbifWYndYbOOdQ4EbFgMr5lufPrwK5YSa3OxjvreG1UocSRHJznyBJH5qa7q2MdvDq8UHexBZXBlOxVGAMHYOviOcfuuw2uoTswvbyWJQ0bp8Oyr0zlTxnB4z+jTJ+LdJ2yYmR3EQCjDjb4SeT5/Tp0rHCa8tlcYeYyEr3WSSQMHP35x9qMvCV8s3Zs6b8Z8L/zu777e2Nn9mTtz5bsYzjjNM1nRSXNppZu7n4u5kjjYtCqAySHPAA454wOg55q25tLqSZnj1S5gU9I1SMgflSatk6uhRyisB9dvP5qaVdbFEo7sxMGfbs2tnHAO5uD/AGnFMjUdRZ7dv4YEiefu33SEsBsJzgLjlgADnHPlVXBoktaDdI1qK85Hr12ILWT4dLoy2a3DpDnepMiqwxyfCGPHUlT0q22169kvBHLoV3FACd83iO3AJ+XbyeMHHqMZpLKm9RWJd63dQSSBdGu5kDqImRW8YPUkbfD9D+qVPaHUnsriVtGmsnihMgM5yrkEYQcAkt09iRwafCVWS3oZY+/2Z6WioXEiwQyTOG2xqWIAycD/ALpXTp7qaRluI1Tu40D4B/mEbiB7AED6mkKjtFeW07W9Ya4uYry2RTEhwTGwBIPX1xz+qDr+pJhSloDgZ3LIT09hilyQaY0/aZP5iWs7RASgrtIdimzBX2O49RxtPpTK6xO0kBGmzLFLP3TPJIAR4C3AGc8gAeua18n1P5oyfU1Vyj8EVCfvL+HnE18ww21zLZqy3Fmlwxg5IBkVcepC7+eCTzgeVQuO1e1J+60u7BjjdhJIMICqsQGxyPlwR5V6GKCCKQyRQxo5GCyqASM5xn6kn71ORVkjaORQ6MCrKwyCD1BHpU+SondXstpsM0JlVyBmIHw8DcSD79AKQPaOMttGm3jr1DbRtJzjz/Oa20ARQqAKqjAA4AFSyfU0kozb4kFUZt/eXUEtoqi3UXMzxgvnwARM6k8+q8+1dh1F5tJsrtYcTXaxbIyTwWAJ+wGT9BTk0EMxUywxyFc7S6g4yMHGfUcVZgYAwOOlOA8zq3aO+tHgeK1Q20+TG5z0DYBPpkDP3qd92kuILp4kgtyFx81xg9PSvR4HoPxRgegrIxjt2isIpHiuO9ikEjoqFMlyrKuB5ZJYcenPSp2HaHSr6KaSC4bZCNzF0K7hhvlz1+Run9pqj43QYBImyNoSZjNK67wGBTepLZJJ3r6g8D0q4ajo7ywpHGJO8l2K62xKhgjNnOMfLu59z60+Evgnuw6spn7V6LAitJPKCwztERLDxYwR5HNM2evadebFtZXkeQsIlMbL3hUZ4JGMe9LjVNIxBLcWqwi4gWZWkhHKs4VeQPMsD7Z5xV9prejSXa2Vtcx99I2QixsAxxnOcY5wcHzxxms3Brg0FqKXk00NRXbSXMlusDb4mjD5deAwzn7dKutZkuLdJ4wwV843DB646fakZtX0i2nnElxHFLG6pKdhBz0HOOf3ik7PXdAg09l0x0eK3jMhhhQqVQHLHBA9S3qeetKoTSth3YXVqzeooYhQWJAUck+WPWlbK9iu2AjSQZiWU7gOA2doPuQM49Kw41RWHp/aW0vJJY1guEaJSWBAJBBwRj16f4+s17Q2xUH4O+ORnKwkj94oWjFQn7L7fAliYlWQs6xjYoyob8kqOPamre/0S5cRRSQPsnUKShCmVk3LhiMElT6+1c1jSrB7O1gNuBHDLFDGFYrtQyJlRg9PCv4pxNL0+IK0drGu2QSqP6Q4AUMB0BAAFO2ysoaChcU7/BSmj6coVDB3kaw9wscjFkVN27aAfcD8AVYNM00bsWFr4s7v9oc5zn/J/JpuilJCsmm6dJt7ywtn2/LmIHFQfStOaF4hZwxpIu1xGu3cuc4OOoPpTtFG30LjG7ojNGk0TxSqGRwVYHzB6iuRxRxs7IgUyEFiPMgAD9ACp0UBhMaVpwkeRbOINICGIBGc1B9F0t23NZRk+uW/9p+ihSNZ/9k=&quot;&gt;&lt;/a&gt;
            &lt;a class=&quot;opr-recommends-merge-mask&quot; target=&quot;_blank&quot; href=&quot;/s?rsv_idx=1&amp;amp;wd=json&amp;amp;usm=1&amp;amp;ie=utf-8&amp;amp;rsv_cq=macaca&amp;amp;rsv_dl=0_right_recommends_merge_21102&amp;amp;cq=macaca&amp;amp;srcid=28310&amp;amp;rt=%E7%9B%B8%E5%85%B3%E8%AF%8D%E6%B1%87&amp;amp;recid=21102&amp;amp;euri=f77c84e56fd048c09fd76b4b343c84c1&quot;&gt;&lt;/a&gt;                    &lt;/div&gt;
        &lt;div class=&quot;c-gap-top-small&quot;&gt;&lt;a target=&quot;_blank&quot; title=&quot;json&quot; href=&quot;/s?rsv_idx=1&amp;amp;wd=json&amp;amp;usm=1&amp;amp;ie=utf-8&amp;amp;rsv_cq=macaca&amp;amp;rsv_dl=0_right_recommends_merge_21102&amp;amp;cq=macaca&amp;amp;srcid=28310&amp;amp;rt=%E7%9B%B8%E5%85%B3%E8%AF%8D%E6%B1%87&amp;amp;recid=21102&amp;amp;euri=f77c84e56fd048c09fd76b4b343c84c1&quot;&gt;json&lt;/a&gt;&lt;/div&gt;
                        &lt;div class=&quot;opr-recommends-merge-d&quot;&gt;
        	            	&lt;p class=&quot;opr-recommends-merge-width-text&quot;&gt;轻量级的数据交换格式&lt;/p&gt;
                    &lt;/div&gt;
                            &lt;/div&gt;   

    &lt;/div&gt;
 

&lt;textarea class=&quot;opr-recommends-merge-hide opr-recommends-merge-more-textarea&quot;&gt;    &amp;lt;div class=&quot;opr-recommends-merge-morelists&quot;&amp;gt;
        
&amp;lt;div class=&quot;c-row c-gap-top&quot;&amp;gt;
    
    &amp;lt;div class=&quot;c-span4  opr-recommends-merge-item &quot; data-click=&quot;{&#039;rsv_re_ename&#039;:&#039;app&#039;,&#039;rsv_re_uri&#039;:&#039;70853b85f4b94033aae3f597fb2314da&#039;}&quot;&amp;gt;
                                                	&amp;lt;div class=&quot;opr-recommends-merge-p&quot;&amp;gt;
            &amp;lt;a target=&quot;_blank&quot; href=&quot;/s?rsv_idx=1&amp;amp;wd=app&amp;amp;usm=1&amp;amp;ie=utf-8&amp;amp;rsv_cq=macaca&amp;amp;rsv_dl=0_right_recommends_merge_21102&amp;amp;cq=macaca&amp;amp;srcid=28310&amp;amp;rt=%E7%9B%B8%E5%85%B3%E8%AF%8D%E6%B1%87&amp;amp;recid=21102&amp;amp;euri=70853b85f4b94033aae3f597fb2314da&quot;&amp;gt;&amp;lt;img  data-img=&quot;https://ss1.baidu.com/6ONXsjip0QIZ8tyhnq/it/u=826271317,575677042&amp;amp;fm=58&quot; class=&quot;c-img c-img4 opr-recommends-merge-img&quot;/&amp;gt;&amp;lt;/a&amp;gt;
            &amp;lt;a class=&quot;opr-recommends-merge-mask&quot; target=&quot;_blank&quot; href=&quot;/s?rsv_idx=1&amp;amp;wd=app&amp;amp;usm=1&amp;amp;ie=utf-8&amp;amp;rsv_cq=macaca&amp;amp;rsv_dl=0_right_recommends_merge_21102&amp;amp;cq=macaca&amp;amp;srcid=28310&amp;amp;rt=%E7%9B%B8%E5%85%B3%E8%AF%8D%E6%B1%87&amp;amp;recid=21102&amp;amp;euri=70853b85f4b94033aae3f597fb2314da&quot;&amp;gt;&amp;lt;/a&amp;gt;                    &amp;lt;/div&amp;gt;
        &amp;lt;div class=&quot;c-gap-top-small&quot;&amp;gt;&amp;lt;a target=&quot;_blank&quot; title=&quot;app&quot; href=&quot;/s?rsv_idx=1&amp;amp;wd=app&amp;amp;usm=1&amp;amp;ie=utf-8&amp;amp;rsv_cq=macaca&amp;amp;rsv_dl=0_right_recommends_merge_21102&amp;amp;cq=macaca&amp;amp;srcid=28310&amp;amp;rt=%E7%9B%B8%E5%85%B3%E8%AF%8D%E6%B1%87&amp;amp;recid=21102&amp;amp;euri=70853b85f4b94033aae3f597fb2314da&quot;&amp;gt;app&amp;lt;/a&amp;gt;&amp;lt;/div&amp;gt;
                                    &amp;lt;/div&amp;gt;   

 

        
    
    &amp;lt;div class=&quot;c-span4  opr-recommends-merge-item &quot; data-click=&quot;{&#039;rsv_re_ename&#039;:&#039;interface&#039;,&#039;rsv_re_uri&#039;:&#039;7e7c8a81675f46d8b701ed66b36d1434&#039;}&quot;&amp;gt;
                                                	&amp;lt;div class=&quot;opr-recommends-merge-p&quot;&amp;gt;
            &amp;lt;a target=&quot;_blank&quot; href=&quot;/s?rsv_idx=1&amp;amp;wd=interface&amp;amp;usm=1&amp;amp;ie=utf-8&amp;amp;rsv_cq=macaca&amp;amp;rsv_dl=0_right_recommends_merge_21102&amp;amp;cq=macaca&amp;amp;srcid=28310&amp;amp;rt=%E7%9B%B8%E5%85%B3%E8%AF%8D%E6%B1%87&amp;amp;recid=21102&amp;amp;euri=7e7c8a81675f46d8b701ed66b36d1434&quot;&amp;gt;&amp;lt;img  data-img=&quot;https://ss2.baidu.com/6ONYsjip0QIZ8tyhnq/it/u=1829634047,578157122&amp;amp;fm=58&quot; class=&quot;c-img c-img4 opr-recommends-merge-img&quot;/&amp;gt;&amp;lt;/a&amp;gt;
            &amp;lt;a class=&quot;opr-recommends-merge-mask&quot; target=&quot;_blank&quot; href=&quot;/s?rsv_idx=1&amp;amp;wd=interface&amp;amp;usm=1&amp;amp;ie=utf-8&amp;amp;rsv_cq=macaca&amp;amp;rsv_dl=0_right_recommends_merge_21102&amp;amp;cq=macaca&amp;amp;srcid=28310&amp;amp;rt=%E7%9B%B8%E5%85%B3%E8%AF%8D%E6%B1%87&amp;amp;recid=21102&amp;amp;euri=7e7c8a81675f46d8b701ed66b36d1434&quot;&amp;gt;&amp;lt;/a&amp;gt;                    &amp;lt;/div&amp;gt;
        &amp;lt;div class=&quot;c-gap-top-small&quot;&amp;gt;&amp;lt;a target=&quot;_blank&quot; title=&quot;interface&quot; href=&quot;/s?rsv_idx=1&amp;amp;wd=interface&amp;amp;usm=1&amp;amp;ie=utf-8&amp;amp;rsv_cq=macaca&amp;amp;rsv_dl=0_right_recommends_merge_21102&amp;amp;cq=macaca&amp;amp;srcid=28310&amp;amp;rt=%E7%9B%B8%E5%85%B3%E8%AF%8D%E6%B1%87&amp;amp;recid=21102&amp;amp;euri=7e7c8a81675f46d8b701ed66b36d1434&quot;&amp;gt;interface&amp;lt;/a&amp;gt;&amp;lt;/div&amp;gt;
                                    &amp;lt;/div&amp;gt;   

 

        
    
    &amp;lt;div class=&quot;c-span4  c-span-last-s opr-recommends-merge-item &quot; data-click=&quot;{&#039;rsv_re_ename&#039;:&#039;monkey&#039;,&#039;rsv_re_uri&#039;:&#039;9235a5de8f71412596fd29162bbf894e&#039;}&quot;&amp;gt;
                                                	&amp;lt;div class=&quot;opr-recommends-merge-p&quot;&amp;gt;
            &amp;lt;a target=&quot;_blank&quot; href=&quot;/s?rsv_idx=1&amp;amp;wd=monkey&amp;amp;usm=1&amp;amp;ie=utf-8&amp;amp;rsv_cq=macaca&amp;amp;rsv_dl=0_right_recommends_merge_21102&amp;amp;cq=macaca&amp;amp;srcid=28310&amp;amp;rt=%E7%9B%B8%E5%85%B3%E8%AF%8D%E6%B1%87&amp;amp;recid=21102&amp;amp;euri=9235a5de8f71412596fd29162bbf894e&quot;&amp;gt;&amp;lt;img  data-img=&quot;https://ss2.baidu.com/6ONYsjip0QIZ8tyhnq/it/u=1311901025,691245948&amp;amp;fm=58&quot; class=&quot;c-img c-img4 opr-recommends-merge-img&quot;/&amp;gt;&amp;lt;/a&amp;gt;
            &amp;lt;a class=&quot;opr-recommends-merge-mask&quot; target=&quot;_blank&quot; href=&quot;/s?rsv_idx=1&amp;amp;wd=monkey&amp;amp;usm=1&amp;amp;ie=utf-8&amp;amp;rsv_cq=macaca&amp;amp;rsv_dl=0_right_recommends_merge_21102&amp;amp;cq=macaca&amp;amp;srcid=28310&amp;amp;rt=%E7%9B%B8%E5%85%B3%E8%AF%8D%E6%B1%87&amp;amp;recid=21102&amp;amp;euri=9235a5de8f71412596fd29162bbf894e&quot;&amp;gt;&amp;lt;/a&amp;gt;                    &amp;lt;/div&amp;gt;
        &amp;lt;div class=&quot;c-gap-top-small&quot;&amp;gt;&amp;lt;a target=&quot;_blank&quot; title=&quot;monkey&quot; href=&quot;/s?rsv_idx=1&amp;amp;wd=monkey&amp;amp;usm=1&amp;amp;ie=utf-8&amp;amp;rsv_cq=macaca&amp;amp;rsv_dl=0_right_recommends_merge_21102&amp;amp;cq=macaca&amp;amp;srcid=28310&amp;amp;rt=%E7%9B%B8%E5%85%B3%E8%AF%8D%E6%B1%87&amp;amp;recid=21102&amp;amp;euri=9235a5de8f71412596fd29162bbf894e&quot;&amp;gt;monkey&amp;lt;/a&amp;gt;&amp;lt;/div&amp;gt;
                                    &amp;lt;/div&amp;gt;   

 

        
    
    &amp;lt;div class=&quot;c-span4  c-span-last opr-recommends-merge-lastspan opr-recommends-merge-item &quot; data-click=&quot;{&#039;rsv_re_ename&#039;:&#039;bos&#039;,&#039;rsv_re_uri&#039;:&#039;f8c5c5dd402c4053a5514b158a75f50a&#039;}&quot;&amp;gt;
                                                	&amp;lt;div class=&quot;opr-recommends-merge-p&quot;&amp;gt;
            &amp;lt;a target=&quot;_blank&quot; href=&quot;/s?rsv_idx=1&amp;amp;wd=bos&amp;amp;usm=1&amp;amp;ie=utf-8&amp;amp;rsv_cq=macaca&amp;amp;rsv_dl=0_right_recommends_merge_21102&amp;amp;cq=macaca&amp;amp;srcid=28310&amp;amp;rt=%E7%9B%B8%E5%85%B3%E8%AF%8D%E6%B1%87&amp;amp;recid=21102&amp;amp;euri=f8c5c5dd402c4053a5514b158a75f50a&quot;&amp;gt;&amp;lt;img  data-img=&quot;https://ss2.baidu.com/6ONYsjip0QIZ8tyhnq/it/u=3186760730,415049517&amp;amp;fm=58&quot; class=&quot;c-img c-img4 opr-recommends-merge-img&quot;/&amp;gt;&amp;lt;/a&amp;gt;
            &amp;lt;a class=&quot;opr-recommends-merge-mask&quot; target=&quot;_blank&quot; href=&quot;/s?rsv_idx=1&amp;amp;wd=bos&amp;amp;usm=1&amp;amp;ie=utf-8&amp;amp;rsv_cq=macaca&amp;amp;rsv_dl=0_right_recommends_merge_21102&amp;amp;cq=macaca&amp;amp;srcid=28310&amp;amp;rt=%E7%9B%B8%E5%85%B3%E8%AF%8D%E6%B1%87&amp;amp;recid=21102&amp;amp;euri=f8c5c5dd402c4053a5514b158a75f50a&quot;&amp;gt;&amp;lt;/a&amp;gt;                    &amp;lt;/div&amp;gt;
        &amp;lt;div class=&quot;c-gap-top-small&quot;&amp;gt;&amp;lt;a target=&quot;_blank&quot; title=&quot;bos&quot; href=&quot;/s?rsv_idx=1&amp;amp;wd=bos&amp;amp;usm=1&amp;amp;ie=utf-8&amp;amp;rsv_cq=macaca&amp;amp;rsv_dl=0_right_recommends_merge_21102&amp;amp;cq=macaca&amp;amp;srcid=28310&amp;amp;rt=%E7%9B%B8%E5%85%B3%E8%AF%8D%E6%B1%87&amp;amp;recid=21102&amp;amp;euri=f8c5c5dd402c4053a5514b158a75f50a&quot;&amp;gt;bos&amp;lt;/a&amp;gt;&amp;lt;/div&amp;gt;
                                    &amp;lt;/div&amp;gt;   

    &amp;lt;/div&amp;gt;
 

        
&amp;lt;div class=&quot;c-row c-gap-top&quot;&amp;gt;
    
    &amp;lt;div class=&quot;c-span4  opr-recommends-merge-item &quot; data-click=&quot;{&#039;rsv_re_ename&#039;:&#039;性能测试&#039;,&#039;rsv_re_uri&#039;:&#039;71f394d12a5d44d9b3d5942465a9617c&#039;}&quot;&amp;gt;
                                                	&amp;lt;div class=&quot;opr-recommends-merge-p&quot;&amp;gt;
            &amp;lt;a target=&quot;_blank&quot; href=&quot;/s?rsv_idx=1&amp;amp;wd=%E6%80%A7%E8%83%BD%E6%B5%8B%E8%AF%95&amp;amp;usm=1&amp;amp;ie=utf-8&amp;amp;rsv_cq=macaca&amp;amp;rsv_dl=0_right_recommends_merge_21102&amp;amp;cq=macaca&amp;amp;srcid=28310&amp;amp;rt=%E7%9B%B8%E5%85%B3%E8%AF%8D%E6%B1%87&amp;amp;recid=21102&amp;amp;euri=71f394d12a5d44d9b3d5942465a9617c&quot;&amp;gt;&amp;lt;img  data-img=&quot;https://ss0.baidu.com/6ONWsjip0QIZ8tyhnq/it/u=4160963310,1006577361&amp;amp;fm=58&quot; class=&quot;c-img c-img4 opr-recommends-merge-img&quot;/&amp;gt;&amp;lt;/a&amp;gt;
            &amp;lt;a class=&quot;opr-recommends-merge-mask&quot; target=&quot;_blank&quot; href=&quot;/s?rsv_idx=1&amp;amp;wd=%E6%80%A7%E8%83%BD%E6%B5%8B%E8%AF%95&amp;amp;usm=1&amp;amp;ie=utf-8&amp;amp;rsv_cq=macaca&amp;amp;rsv_dl=0_right_recommends_merge_21102&amp;amp;cq=macaca&amp;amp;srcid=28310&amp;amp;rt=%E7%9B%B8%E5%85%B3%E8%AF%8D%E6%B1%87&amp;amp;recid=21102&amp;amp;euri=71f394d12a5d44d9b3d5942465a9617c&quot;&amp;gt;&amp;lt;/a&amp;gt;                    &amp;lt;/div&amp;gt;
        &amp;lt;div class=&quot;c-gap-top-small&quot;&amp;gt;&amp;lt;a target=&quot;_blank&quot; title=&quot;性能测试&quot; href=&quot;/s?rsv_idx=1&amp;amp;wd=%E6%80%A7%E8%83%BD%E6%B5%8B%E8%AF%95&amp;amp;usm=1&amp;amp;ie=utf-8&amp;amp;rsv_cq=macaca&amp;amp;rsv_dl=0_right_recommends_merge_21102&amp;amp;cq=macaca&amp;amp;srcid=28310&amp;amp;rt=%E7%9B%B8%E5%85%B3%E8%AF%8D%E6%B1%87&amp;amp;recid=21102&amp;amp;euri=71f394d12a5d44d9b3d5942465a9617c&quot;&amp;gt;性能测试&amp;lt;/a&amp;gt;&amp;lt;/div&amp;gt;
                                    &amp;lt;/div&amp;gt;   

    &amp;lt;/div&amp;gt;
 
&amp;lt;/div&amp;gt;
&lt;/textarea&gt;

&lt;/div&gt;
 
	&lt;div class=&quot;cr-title c-clearfix&quot;&gt;
            &lt;span title=&quot;相关程序设计语言&quot;&gt;相关程序设计语言&lt;/span&gt;
            &lt;/div&gt;

&lt;div class=&quot;opr-recommends-merge-panel opr-recommends-merge-mbGap&quot;&gt;
        
&lt;div class=&quot;c-row c-gap-top&quot;&gt;
    
    &lt;div class=&quot;c-span4  opr-recommends-merge-item &quot; data-click=&quot;{&#039;rsv_re_ename&#039;:&#039;python&#039;,&#039;rsv_re_uri&#039;:&#039;f325de8a216142a9aab5b48aa60c87d2&#039;}&quot;&gt;
                                                	&lt;div class=&quot;opr-recommends-merge-p&quot;&gt;
            &lt;a target=&quot;_blank&quot; href=&quot;/s?rsv_idx=1&amp;amp;wd=python&amp;amp;usm=1&amp;amp;ie=utf-8&amp;amp;rsv_cq=macaca&amp;amp;rsv_dl=0_right_recommends_merge_21102&amp;amp;euri=f325de8a216142a9aab5b48aa60c87d2&quot;&gt;&lt;img data-b64il-id=&quot;3396620748_2448931146_58&quot; data-src=&quot;https://ss0.baidu.com/6ONWsjip0QIZ8tyhnq/it/u=3396620748,2448931146&amp;amp;fm=58&quot; class=&quot;c-img c-img4 opr-recommends-merge-img&quot; src=&quot;data:image/jpeg;base64,/9j/4AAQSkZJRgABAQAAAQABAAD/2wBDAAIBAQEBAQIBAQECAgICAgQDAgICAgUEBAMEBgUGBgYFBgYGBwkIBgcJBwYGCAsICQoKCgoKBggLDAsKDAkKCgr/2wBDAQICAgICAgUDAwUKBwYHCgoKCgoKCgoKCgoKCgoKCgoKCgoKCgoKCgoKCgoKCgoKCgoKCgoKCgoKCgoKCgoKCgr/wAARCABLAEsDASIAAhEBAxEB/8QAHwAAAQUBAQEBAQEAAAAAAAAAAAECAwQFBgcICQoL/8QAtRAAAgEDAwIEAwUFBAQAAAF9AQIDAAQRBRIhMUEGE1FhByJxFDKBkaEII0KxwRVS0fAkM2JyggkKFhcYGRolJicoKSo0NTY3ODk6Q0RFRkdISUpTVFVWV1hZWmNkZWZnaGlqc3R1dnd4eXqDhIWGh4iJipKTlJWWl5iZmqKjpKWmp6ipqrKztLW2t7i5usLDxMXGx8jJytLT1NXW19jZ2uHi4+Tl5ufo6erx8vP09fb3+Pn6/8QAHwEAAwEBAQEBAQEBAQAAAAAAAAECAwQFBgcICQoL/8QAtREAAgECBAQDBAcFBAQAAQJ3AAECAxEEBSExBhJBUQdhcRMiMoEIFEKRobHBCSMzUvAVYnLRChYkNOEl8RcYGRomJygpKjU2Nzg5OkNERUZHSElKU1RVVldYWVpjZGVmZ2hpanN0dXZ3eHl6goOEhYaHiImKkpOUlZaXmJmaoqOkpaanqKmqsrO0tba3uLm6wsPExcbHyMnK0tPU1dbX2Nna4uPk5ebn6Onq8vP09fb3+Pn6/9oADAMBAAIRAxEAPwD9/KKKKAPmL/gpp/wUm8Lf8E/Ph/pMOleEJPFnj/xfcPa+DPCcEpXznXAa4mK5YRIWUbV+aRjtBUB5E/OP4wap/wAFef2lPhfcftE/tGfHHxZ4T+HjuS9n8PIfsdhbRFtuJDC6vNCG+XzZPNUHrIcZr0r/AIK/wXetf8Fffh1pUyPNFb/Bqaa1i25CP9pv8uo9cd66dv22fj8v7Gcv7JLfB2yku30V9DXxW2ojZ/ZxUx5Nt5f+v8s7c7tufm/2a+6ynL40sHSrU6cZyk1zOTtaPdX7fP0fT4fNsfKrjKtGpUlCMU+XlV7y7P1+XquvwFcfBD4OzXn9oXvjfxzdX2cnUX1V/Mz69K9A+FHxD/a4+B13Hefsq/t0eLbJ7c7ofDPim8a6sXx/D5Mu+LJ6ZMZ/CtZ/gl4yt4wG0ZUVcDLTDA7da5678Ny20jxuu2SFyMqfusD1B+or62rh8FWhytJr5M+UpYnGUJcybT+aP1E/4JW/8FSdR/bTuNb+BHx58F23hX4s+EbYXGp6fZsfsurWm5V+124YkptLoGTcwxIjqxDMkf2ZX4w/8E7Y5tL/AOCy/gBYWKNefDS/F0R1lUW85Xd68qD+Ffs9X5fneEo4PHctJWTSdu2/+R+m5Li62LwXNV1adr9/6uFFFFeQeseD/wDBSP8AbS0v9gz9k/XvjvJp0d/rAZNO8K6XLnbeanPuESsAQWVQrysoILLEyggkGvyU1v4QfGv4yvF8S/2xP2t/iJeeMdajF5d6Xo2qmG10pZPmW3RFGxNoOCqKiKchV4zX0p/wWO8dRftBf8FDfgr+x+d0mk+EZbnxL4isiw2XLrDHNEWHbaqYGf8Ano3rXzV8dP2mrIeJNQsfh35F/dG5dbjWZk3QRkEgrEv/AC0IOfmPy56Zr9E4XypSw6mo3lLW/ZdPTv5n59xNmrhiHDmtGOlu76/5HOeIf2IvgfqtwviDxJ8cPiE80cXlpqF7qyh0QfwCRlyByeAcc1zV5+y7+yFYuYrn9qTxojA4KjXy3/oKmuV1/Xtc8U3ZvvEusXOoTOcA3MhfnsFXoPoBVqy+G/jXULcXFroDRx9vOcJn8K+y/sunCPvz/I+P/tWrOXuwv952Hw6+HP7JXwf8e6d8RdJ/aJ8X6pc6ZI7RWN9dS3EEu5ChDoEG7hiR7gVX8d/HjRfMux4H0iWd5JJDHe6gmxFBJIIjzkn6kCuYk+FHjsjP9lw9f+fkUxPhV4r8xTq6Wtnag5uLmW6XbGg6n8vWlHC4Wk781/V/5BLFYqqrctvRf5non7N3x58W/A3/AIKMeFPi3pEFrqGo23gS+YrqSu0bloJEOQjKcAMcAEdBX6uWfx4/4KY3VpDqUHwK+HMsM0KzRqurOGdGUMMA3PBII61+P37L3hjUf2jf2uJNZ+H1pLd6dp1hH4b0i4jQlby8uDtOw9wq75D6Iue9fuTrNj9hng0u0uWK2NnDbrIjkbtiBc/pmv4v8auJM0o8cVaWBxdSNOjSoxlGnKKSqSdWbTvGWvs3TduzR/QHAWApLh2E61KLlOc2nJN+6lCK2a05lJeqYz9mL9ryL416/qnwq+I3gm48IePNDUPqPh+7fImj4/ewseo5BxzwylWYZI9pr44/afuG+Gvxc+EX7TdgPJuLTxEug6/Oh2+bZy5wHPfCmYDPTdX2MrK6h0YEEZBB617Hh5xFjs6wVbD46fPVouPvWSc4TipQlJLRS3jKySvG/U6s5wVLDVIVKStGd9OzTs0vLZr1Pxm/4LDeEdc+Hv8AwVj0P4hu9xa23jbwe9jbTq2BMsdqkUkYIPQkAGvkTUYDaXtxauu0xXDqR6YY1+on/BxH8CPFHiL4FeB/2rfA2jPeXvwn8SmfVYoEJcabdeWsr8DkLJFCD2AkZjgA1+b2q+Fz8Qyvjf4bz2+oaZqqCZGjmAaNiPmVh2I6EHkHNf1LwbjKdXLFFvVafdt+B+EcY4OpTzNyS0eq+e/4mDrviZfhN4Y07VdO0D+1/FniO4+z+GdK2bsEkAOVHJ6j6kgZAya9m+BH/BJP9p39prw+3xA8ca34i1eWZiN+n6rFYabbsDhoopJCPOKnKkxrsBGATivM9NsRdftp6HZ30TD+zPAdxNYKRjyJSpG9fQjJwRX72WemeHvh94A0jSYZoNN0fSdHtoIATsRFWJQFAHUn0HJJNfhfi1xpxFT4inlWBxTw1GjShVqTjyc8nUlUjGPNOMowhBUpSlJLmd0rpJ3/AEPgPhvKqmUrG4ikqs5zcIp35VyqLbtFpybckkr2Vtm7W/Jv/hwB8YW/5cdcH/c+29S2X/Bvd8T7+7ittZttQa1aQect94/i8ojP8WxGbH0Ga/SbxB8cUWRrfwtYfKDxd3zHLe4jB4H1P4Vzd38TfGl4T5nimZAf4IGVF/ICv5ezTx0eCqOlTzjG1mtG6c6aj8pOnB/ON12Z+r4fgXC1UpPBUY+sZN/dzNfJ/cZH7Gn7A3ww/Yz0OGXSY7PUPEMVs8FpJYWpSz0tH/1ggVss8j/xzOd7DgBRkH2C+itdPia81S6jgTq0k7bc/n1/CvLX8beJJV2S+J7sg9R9pI/lVKfUWuZPNuLp5nz1kkLH8MmvznG+KOWVKbWHwsm7t3nO7cpO8pzfvSnKT1k3K77o+jpcO4iLXPNW0WitZLZJaJJdElZGP+314g0/W/2Vbv8As8lY7bxVYNBM4w0jh2HyjsME+5r69+Hk9xdfD/Qrm7UrLJo9q0oPZjEpP618Y/HTQ5/iX4/+F37LGnjfNrGtrrXiGNefKtIt33h2+USsM9dgr7jt4IbWBLa3jCRxoFRFHCgDAFfvvgosxxlTGY/E/wAtGnorLmSlNxX+FTiu+urufH8UewpQp0Yd5S+WiT+fK2RavpGleINKutB17TLe9sb23e3vbK7hWSK4idSrxujAh1ZSQVIIIJBr4R+JX/Bul+wX418VXXibwbr/AMQPBMd5MZZdI8L+I41s0Y9di3EMrqM9t5A6AAYFfek80dvC08pwqLkmvE/jZ+0deeFoZYNJPlBQfmX7x/Gv6Ew+LxOFbdGbjfsfEV8LhsUkqsVK3c+H/j1/wRi/Zr/Yd8FP8ffhx8U/H2s6/HKNNgtPEuq2s0DwzKxkyEtkfcqxl1+cD5WGDkY+qPip4p1LxDq9hJfzkQxaXAba1VjshygyQPU9z1/CvmD9pH9pTXPiboz+BLu7lmM2ppNHDnJdxbXUSD6l5kUe7CvoLUr+Hxn4d0Xx/wCFpBfaVfaPAYrm2O4AhQGBA5BByD6EEHFfx19IzH5tXzutT5pSjKjh20uqhOvvbdRcr66Ju72Vv1HgLCYLD4SChFRtKdvVqH4tL8PUm8Qah8W7H4YQXvwU8KaRq+tHVSstvrUgjiFvzvYNkfMDtwM9zXJf8JV/wUA/6Ih4B/8ABkP/AI5WiuovGNiXkiAfwiUrj8M13n7Peh+D/GnjO40zxtfSSxx2e+ztJLt0Sd84bJBGSowdue5POK/GeE83ln2Y4PJcOuWpPlpqUqqhC6W79yTV7aJXbdkrtn12ZYNYKhVxc9Yq7so3e/8AiX9anjHxA+OH7aPwt8NP4v8AG/wa8D2+nx3MVu0kF0ZW8yRtqAKsmeT37V31pof/AAUQ1Gwt9T0f4N/DySK7gSW3uU1HIVWUMrYaQE8HpXP/ALf0/g3wJ8P7nwBpGtiY6h4ht73TbVrgySLbwDzJzkkkxqRtDHqWCgk10HwD/av8RCy07QprxmFlp9raSITld0UKRt7dVNfunh/wJh+JMxx2GzGtUi8PyL93OLXM5VFL3nB8ytCLi0ouzu99Pjc6zeWBoUqlCMXz33TTslG2nNo9Wnvsem/snfsneKvhd4q1f44/HLxVb694916IQyzWif6Pp1uMYhhyB2CjgAADaM5Zm95rE8D+Mrfxhpi3SJskCgsB0PvW3X9MZHkeXcO5dHBYKNoRu9XdtvVyk3q23u/krJJHweLxdfG13Vqu7+5JLZJdEhk8EdzC0EoyrrgivEvjd+zlfeJoJrjSR5ysCdqjn8q9wor1zmPzA+N37F/jCS7kuLaxlV1JIO0j+X8xz6Vyvgm9/ag+B91M3hS8ulWWTfcQZBjuHzy8kMimKR8dXBhY/wARc5Y/rFeaZp2oKUvrCGYHqJIwf51ga18Lfh7eRGS58JWbE9Tsx/KvmuI+Ech4qpRhmFK8oX5ZxbjON97Si07OyuneLsrp2R34HMsZl0m6MrJ7p6p+qf57n57w/thfHeAi31r4HadqMwHzXH9lyLuPriCWVfyP5VW1f9p39qHxTZ/Y/Dfgi10GN22ubbToldR6h5XkdSPUQmvuy5+DnwxMvPg206+jf41paL8IPhpHIpTwdaDn+6f8a+Bp+CPC0a3PLEV5Ls5wV/JuNNS/8mPZlxZmLhZQgvk/ycmvwPza0j4F/Gf4ha22teJ7i7uru5dWnupneR3KnKlpH+Z9pwVACIpAIjDAMPpT4B/sjeJNNWF5bF0VcfMy4A/GvrjT/CHhbSv+QfoFrFjoVhH9a0gAo2qAAOgFfpmSZDlHDmBWEy6iqdO97K7bfeTd3J6JXk27JK+h4GLxmJx1X2leXM/60S2S8kYfgbwZB4P0xbVXDyFcMR0FblFFeucx/9k=&quot;&gt;&lt;/a&gt;
            &lt;a class=&quot;opr-recommends-merge-mask&quot; target=&quot;_blank&quot; href=&quot;/s?rsv_idx=1&amp;amp;wd=python&amp;amp;usm=1&amp;amp;ie=utf-8&amp;amp;rsv_cq=macaca&amp;amp;rsv_dl=0_right_recommends_merge_21102&amp;amp;euri=f325de8a216142a9aab5b48aa60c87d2&quot;&gt;&lt;/a&gt;                    &lt;/div&gt;
        &lt;div class=&quot;c-gap-top-small&quot;&gt;&lt;a target=&quot;_blank&quot; title=&quot;python&quot; href=&quot;/s?rsv_idx=1&amp;amp;wd=python&amp;amp;usm=1&amp;amp;ie=utf-8&amp;amp;rsv_cq=macaca&amp;amp;rsv_dl=0_right_recommends_merge_21102&amp;amp;euri=f325de8a216142a9aab5b48aa60c87d2&quot;&gt;python&lt;/a&gt;&lt;/div&gt;
                        &lt;div class=&quot;opr-recommends-merge-d&quot;&gt;
        	            	&lt;p class=&quot;opr-recommends-merge-width-text&quot;&gt;方便快捷的脚本语言&lt;/p&gt;
                    &lt;/div&gt;
                            &lt;/div&gt;   

 

        
    
    &lt;div class=&quot;c-span4  opr-recommends-merge-item &quot; data-click=&quot;{&#039;rsv_re_ename&#039;:&#039;javascript&#039;,&#039;rsv_re_uri&#039;:&#039;10b1512f375d4bc098f07725c90bb9b8&#039;}&quot;&gt;
                                                	&lt;div class=&quot;opr-recommends-merge-p&quot;&gt;
            &lt;a target=&quot;_blank&quot; href=&quot;/s?rsv_idx=1&amp;amp;wd=javascript&amp;amp;usm=1&amp;amp;ie=utf-8&amp;amp;rsv_cq=macaca&amp;amp;rsv_dl=0_right_recommends_merge_21102&amp;amp;euri=10b1512f375d4bc098f07725c90bb9b8&quot;&gt;&lt;img data-b64il-id=&quot;2401881700_2342273471_58&quot; data-src=&quot;https://ss1.baidu.com/6ONXsjip0QIZ8tyhnq/it/u=2401881700,2342273471&amp;amp;fm=58&quot; class=&quot;c-img c-img4 opr-recommends-merge-img&quot; src=&quot;data:image/jpeg;base64,/9j/4AAQSkZJRgABAQAAAQABAAD/2wBDAAIBAQEBAQIBAQECAgICAgQDAgICAgUEBAMEBgUGBgYFBgYGBwkIBgcJBwYGCAsICQoKCgoKBggLDAsKDAkKCgr/2wBDAQICAgICAgUDAwUKBwYHCgoKCgoKCgoKCgoKCgoKCgoKCgoKCgoKCgoKCgoKCgoKCgoKCgoKCgoKCgoKCgoKCgr/wAARCABLAEsDASIAAhEBAxEB/8QAHwAAAQUBAQEBAQEAAAAAAAAAAAECAwQFBgcICQoL/8QAtRAAAgEDAwIEAwUFBAQAAAF9AQIDAAQRBRIhMUEGE1FhByJxFDKBkaEII0KxwRVS0fAkM2JyggkKFhcYGRolJicoKSo0NTY3ODk6Q0RFRkdISUpTVFVWV1hZWmNkZWZnaGlqc3R1dnd4eXqDhIWGh4iJipKTlJWWl5iZmqKjpKWmp6ipqrKztLW2t7i5usLDxMXGx8jJytLT1NXW19jZ2uHi4+Tl5ufo6erx8vP09fb3+Pn6/8QAHwEAAwEBAQEBAQEBAQAAAAAAAAECAwQFBgcICQoL/8QAtREAAgECBAQDBAcFBAQAAQJ3AAECAxEEBSExBhJBUQdhcRMiMoEIFEKRobHBCSMzUvAVYnLRChYkNOEl8RcYGRomJygpKjU2Nzg5OkNERUZHSElKU1RVVldYWVpjZGVmZ2hpanN0dXZ3eHl6goOEhYaHiImKkpOUlZaXmJmaoqOkpaanqKmqsrO0tba3uLm6wsPExcbHyMnK0tPU1dbX2Nna4uPk5ebn6Onq8vP09fb3+Pn6/9oADAMBAAIRAxEAPwD4Poor0L4Gfsw/Fr9oK/MfgfRUisYn23OsahIYrWLpkbsEuRkZVAxGRnFf0PnWeZPw5l08wzSvChRh8U5yUYr5vq9klq3olc+UwmDxWPxEaGGg5zeySuzz2ivtzwv/AMEmPCsNkG8bfGS8nuSMsukaekcaeo3SFi31wPpVu5/4JG+CbuOT+x/jJqsTEfujcaXHIF+uGXP4Yr8Iq/Su8D6WIdN5jKy05vYVuV+nuX/D0PtI+GfGUqan9XXpzwv/AOlG7/wTc/bug8RpZ/A74sawI9ZgQRaFqlxJgaggGBC5P/LYDof4x/tfe+2Nd0SLWoDrelqouNuZ4c4Eo9fZvfv0NfmT4t/4JRftDeG5jqPgfxVoWsLCweDZcyWtwSOQQGUop/7aV9N/sg/tMfGnwo9p8FP2t/BOq6RqqFbfSPE91ButNRPRYZJ0zH53QA7sScDhvvfxV448BeHnEmJrcV+HOYUcRCd518LCSVSD3lVpUpcs3DrOCjeD96Pu3UP0/hTN8+wEYYDO6M4SjpCo1eMv7spK6v2d9dt9X7w6QzReRKDgkgZGCh/ofUVlamJIx9nmb5wv7tx/GO2K6vXtKW8U3+nqu/qy9A//ANf3rl9V23MDW0+UYH5GI+ZG+n+c1/JmHjKNRdV+R+s4aopWa+ZZg1lfEPhOQN813px3snd1wQfzGfxFZtr8R9Bt7dIL6djKowxC5yOx/LFczpHi4+G/F4S6kChj5dyueCp6MPboaqa94O8QDWLg6Gtu1o0haEyPggHnH4EkfQV76ynCyqezxL5Ytc0Xey81f8fRnR9XgpNdHqv1PySr9F/2H/hzp2t/Bzw//wAIrqcl3ZGzDt5V40bR3DMzTIcHBxIXGOMfrX50V7P+xz+2D4n/AGW/GIaaGXUPDd9MDqumK3zoeB58OTgSAdQeGAwccMP9efpF+HvEfiHwC8Pkc/8AaKEvaxptpKraLTjfS07N8jbSvdO17r+RuBM9wWQ517XFL3Jrl5v5btO9uq0169VtY/TVfh6+kwCMXl7EwHSSUt/6FnNWNP03U7M/Jd+YB0DqAT+I/wAK0fgR+018IPjx4bXUvAviyx1aLYDc26/LcWxPaWJsOv1IwccZ612moeDNE1GP7TYN5J6hom4/75PSv8es3w2cZbi6mCzClKlWg7ShUi4yi+zTSaP6ewua0KtNTi1KD2lFpp/NHIW0xQYuLdkOOWXkfpUV00LDdGVYfxYrU1Pw7rulAssa3EePvIefyP8AiaxLmazd9k0Zjk7ggqf8/hXz8KU1Uvb7v6uenScKvvRdyP8A4TC78NJmdHuLPuFGXi/D+IfqPematq2g+K9NOp6HqULttxvVsg/7Len8xWD4wkureyklsrgHP8Eoyp/EdPxzXzP8XPi/rnw21Z9Zill06X/n4hbMcvs46N+PNffcP8NVM/sqMuWa27Pya/VfcXWjRw0Pay0Nn9ob4yaV4L1LytSv1tdQteUWZseYmeme4PY//Xqv4a/bt8BXWhWs11qymTysOfOHUcevtXyD+2J+2D4f8aeGUfxboFxMAWR9R09QfsrcBWPO4BuexGQM9RXxXqPj+5kvpZNP8RzPAzkxuIZRkfgOtf1Jw34P4TO8kprHxcJx+a87O97eT/E/O8446llOOcKFqkWu9mv68j6QooqWysrzUryLT9OtJbi4nkEcEEMZZ5HJwFVRySTwAK/0+lKMIuUnZI/lxJt2Ra8M+KfEvgvWofEfhDxBeaXqFs26C9sLlopYz7MpBFfVPwM/4K9fHDwAkWj/ABX0O08W2CgKbpSLW9A92UGN8D1QE92rJ+A//BMH4l+Po4Nd+LOuReGNPcbvsMaia/devKj5Is/7RLDutfTnw8/4JrfspeD2We+8IXuvSrjE2uagzj/viPYh/FTX8aeNfjN9GjGxll+f0FmdWCavQgpSh5RxHNTS135Kj810P1LhbhLj6mlXwkvq8Xr77sn6wtK/zijtfhH/AMFOv2VPijbRwTePB4dvXA3WHiWMW20+0uTEf++8+1elarrfhvxJEt7p17DPDNGHSS3IdHBGQQRwQRzkVzfhP4DfBrwLKt14L+Efh3S5lHy3FnosMcn/AH2F3frW/c30dmSJrmJcdmYD+tf5tcY4/gXGZlzcLYXEUaT1tXqQm15R5KaaS/vSk/M/dsjwma0Kf+3VISn/AHE4/fdu/wAkjjPG+j7rNntNT8o7TtWRDj/61fG/7XeieLbzRbyzie3nR0I3RuMj8O9fcWseIdIngYNOsgxz5Slv5A181/tNeK/CulWMwm0yYvgkZ092z/47X2XhvmGKoZjCPsm3puv+Aj28zpLEYCUaj5Vbc/JPx74Z+JHhW9vr3UYA+nrG/no7goVIPGDzz0wK5HSvCLRadCJfDOn3DMgbzTqO8kHkAlJwMgHBGARjB5Br6O/a++M3/Cx/Aj/DODTbewS21D7akkGleW1yyxugRsYA++SDjr1zXkvwo/as8TfDjwDYeC7PWNfiisfNCR2WpokShpXf5VMDY+96nnP0r+8Mux2c4rKI11h0qjdnHma922kr2/C35H8543C5fQzGVL2rcEtHa+t1dW/U+m/+FDXX/Qyx/wDgKf8A4qvVP2Zx4O+AmrzeJ9X8OPrOrOCkF4JhF9mjPURgq21j0LdccDHOfqP/AIJ5W1vJ+zZ+05czQI7R/C4CNnQHaSZ+R6Vd/Zw/4J+/CX4/fArU/F1rd/E631qz8G3etL4mn8NRW3htLmFc/YFeTMty/BzIjKuAeMjFf1RxZg+G+IMsxWU5xCX1duMJ8k5x5lKKlZuDjJR1s1f3uz2PwjKc34kweIo4rBVI+0acleMHazcdFJNN6XTtp+JzNn+33odjbiGD4WXHyjgf2suPx/dGnf8ADwyQthPAEsK4/wCWF+u782Q/yrT8Af8ABPHQPi1p3wC8SfDnxVqt3pfxPu7u08ZXEgiB0aezYvdLHhcKPJjmZN+7JjBPDAVe/ZT/AGIv2cv2jviHq3hXS9Q+LGsae/i670vSdY8N+Hrf7Dptkh/cXt9dyAofMBB8qNVZQCehXP4hV+jR9HGEZ1Z5ZJ8t+b99iHa0pR1vV01i7X3t6H19PxR8U6kowWKj71rfu6Wt0pae52kvvOdH7fmmzsFufh1qExJ6NrQ5+gEYp0f7fHhSLr8IbhiO51Zc/mIs16l+w1deAfgwvxi/Z18K/G3w14F+MUPiltN8H+PvE+nxfZ57a2nMUkEbyq6wNIUbPUnzUIDlOMLxH+yd+0x+0X+1vrnhz9uvxpFpA8DeBJNd8S+JtL022P2nR4GdlltxAiJM7szgOy7gI2DAlNlYP6NH0f44qrTq5U4Qgr3eJxSlJWTvGKnZq7tpK99GkdH/ABFTxNlh4Sp428pO1lSo8sXdq0pW0el9Va2zOKuf2/fD0ybF+E03Tjdqqn+cVcV8RvjZq3xQ8NXOv2vwqvLfSbeURXOpQIzxQyNjCNJs2qTkcHk5Fei/s/fss/sb/tXfHa/8BfCTx98QtF8OaZ4B1DWtQ1DxZb2JuLe5gljVeLcMrw7H3sMBuwPerfiH4XfDiP8AYi+J/jL9nz42+OLnwRpvjvSLCDRtYSCGDVpXhtjJdTRKm5Ssu7yxuyFVN2TmvSwf0dPAfKsZFYXK5xqXhfmrYnTnlZb1Grvov0MV4q+JtShKUsbFwtLaFF35Vd/Zvbuz4r1r4R/DPxNro1bxFoElzHuy8RlGW9s4wB+FeAfEH/gm9pPiPxtqeveDfHQ0bS7y8eWy0uS3ec2qMc7N+8bgDnBIzj161+y+s/8ABMX9kRv2nNZ/Yu8O/Gfx7/wnp0E6joN5e6faf2ZE4txMIJ2UCSViMvlAihTjLMOcD9nT4ffsXXPwX0N/HejeOJNaWGVNWa30/TXj+0LNIsgRnO4oGBC55wBX3OA4R8Ostpe1wWGqvSOjqVmuWV3GSUpta8rV0r6PoeHiuI+M8XU5MTXpqzlqo01rFpNNxjurp6njnhv9sHwj8Mv2XNc+Afwe+CMej6740sIbPxz4zvddkupL+CNmby4ICipbhgxBwW4Y99pX1Twl/wAFU/BWjTaBq/iD9mGS+1LT/hr/AMIRqk1v41mgt5tO8vaTbW4hKW0jsELN85wuBjrXxrRX6jXyDKsTf2kG3Jtt80rttJPW97WSSWysrJHwdLN8fRtySSskkuWNkk77Wte7bb3d9T6R+Bv/AAUS1v4CfAPx18BfCPw2R7XxJf3l14V1CfWSZfDRurdraTZmImZvJIAbKfNubB3EVpfs/wD/AAUY0D4NfCj4feANf+An9u3/AMNvEtzqug6hF4plsoJvtEpeT7RbpGRNKoZljcthflyrAMr/AC5Qe1OrkOVVlPmp/G+Z6yTb5XG9077NprZ3berCnm2YU+Xln8KstE7K6fVd0vSy6I+g5f2mP2P/ABL8TfGHjv4lfsU3esw+JtdbVLOJPiRdW81g7jdNHvjhAkWSRnc5UFdwUHAFddD/AMFVfFU/7Rt78WtZ+Dml3HhK/wDAf/CFz+A11GRU/sUFmEX2naWMoZn/AHhTkOV2jgj5OrY0DSrC9tvMuoNx3YzuI/ka48xy/J8JQ9piISkrcqXNKVk0tk5WT0Wqs/M1wuYZhUny0pKLvzfDFXfnZa7vR3R7t8Pv22fg/wDBT4n6v4z+B/7LCaDpeqfD3UPDL6bJ4xuLmd5LqRHN5JNLGwYoF2iNUUEdW4rjfA37TL+Hf2UfEH7J6+ChMPEvjCz1htd/tHaYPJEa+V5PlndnZndvGM9DiuOm8NaIqqVsurc/vG/xqneaLpkNqZYrbDAZB3t/jXmwzDIW/wCHNtuLu227wd4ttzbdm/n1OhQzKa0lFK0lZJJWlo9FG2p+g3/BQD9svwL+yr+2r421z4e/AZJ/idJ4atdPtPHV94ikeC0ims4j5iWXl7RKqkKDvwduSOWDfDPg39o7x54I8N2/hjSrexkgtjIUe4iZnYu7OSTu55Y1zOm2sWraox1MvOSmS0krEnHvnNah8MaGCf8AQf8AyK3+NYYGvkeVYWNCcJTkoxTk9b8qsrXm7JXdorRXdjbH1MxxWJlUUlFNtpLpzO72Su9rt6ux/9k=&quot;&gt;&lt;/a&gt;
            &lt;a class=&quot;opr-recommends-merge-mask&quot; target=&quot;_blank&quot; href=&quot;/s?rsv_idx=1&amp;amp;wd=javascript&amp;amp;usm=1&amp;amp;ie=utf-8&amp;amp;rsv_cq=macaca&amp;amp;rsv_dl=0_right_recommends_merge_21102&amp;amp;euri=10b1512f375d4bc098f07725c90bb9b8&quot;&gt;&lt;/a&gt;                    &lt;/div&gt;
        &lt;div class=&quot;c-gap-top-small&quot;&gt;&lt;a target=&quot;_blank&quot; title=&quot;javascript&quot; href=&quot;/s?rsv_idx=1&amp;amp;wd=javascript&amp;amp;usm=1&amp;amp;ie=utf-8&amp;amp;rsv_cq=macaca&amp;amp;rsv_dl=0_right_recommends_merge_21102&amp;amp;euri=10b1512f375d4bc098f07725c90bb9b8&quot;&gt;javascript&lt;/a&gt;&lt;/div&gt;
                        &lt;div class=&quot;opr-recommends-merge-d&quot;&gt;
        	            	&lt;p class=&quot;opr-recommends-merge-width-text&quot;&gt;浏览器支持的脚本语言&lt;/p&gt;
                    &lt;/div&gt;
                            &lt;/div&gt;   

 

        
    
    &lt;div class=&quot;c-span4  c-span-last-s opr-recommends-merge-item &quot; data-click=&quot;{&#039;rsv_re_ename&#039;:&#039;swift&#039;,&#039;rsv_re_uri&#039;:&#039;658829ff74de4da58055284485561400&#039;}&quot;&gt;
                                                	&lt;div class=&quot;opr-recommends-merge-p&quot;&gt;
            &lt;a target=&quot;_blank&quot; href=&quot;/s?rsv_idx=1&amp;amp;wd=swift&amp;amp;usm=1&amp;amp;ie=utf-8&amp;amp;rsv_cq=macaca&amp;amp;rsv_dl=0_right_recommends_merge_21102&amp;amp;euri=658829ff74de4da58055284485561400&quot;&gt;&lt;img data-b64il-id=&quot;3018121158_192449720_58&quot; data-src=&quot;https://ss0.baidu.com/6ONWsjip0QIZ8tyhnq/it/u=3018121158,192449720&amp;amp;fm=58&quot; class=&quot;c-img c-img4 opr-recommends-merge-img&quot; src=&quot;data:image/jpeg;base64,/9j/4AAQSkZJRgABAQEAAQABAAD/2wBDAAUDBAQEAwUEBAQFBQUGBwwIBwcHBw8LCwkMEQ8SEhEPERETFhwXExQaFRERGCEYGh0dHx8fExciJCIeJBweHx7/2wBDAQUFBQcGBw4ICA4eFBEUHh4eHh4eHh4eHh4eHh4eHh4eHh4eHh4eHh4eHh4eHh4eHh4eHh4eHh4eHh4eHh4eHh7/wAARCABLAEsDASIAAhEBAxEB/8QAGwAAAgMBAQEAAAAAAAAAAAAABQcEBggAAwH/xAA/EAABAgQCBwIKCQQDAAAAAAABAgMABAURBjEHEhMhQVFhFCIVJFNxgZGTssHRIzJCQ1JigqGxCCUzVBdzov/EABsBAAIDAQEBAAAAAAAAAAAAAAUGAwQHAQIA/8QAMhEAAQIEAwUGBQUAAAAAAAAAAQIDAAQFERIhUQYxQWFxExQiobHhFYHB0fAWIzRSYv/aAAwDAQACEQMRAD8A1dizETFDlkjVDs04Po27/wDo9IW1TxJVp5ZU9POhJyQ2rUSPQIi4vqap/EU6+VXSHC22OSU7hARb8ZtV6q/NPqSlRCBkAOPWH+l0dtllKlJuo5wQcn5j/Ye9ofnEZyfmP9l72h+cQHH4juP9YEjHrBgSyNIPSdXeUQ05MOhX2TrnfEztj/l3faGKW6/1iy4RbdrjExLS7mvPy6doGTm83xKT+IcRxBEegw64bIuTEL7LTScagAIn9rf8u77Qx6sVOeYWFszsw2ocQ4YFqWUqKVApUDYgixBj5tRFcLcSciRHO6oUNwhhYWxo4X0SlXUlSFkBMxaxSfzdOsX64jP+0EM7C+KWRQJRE1dbqEailXzsSB+wEOlArK1AszCr23E+kK9apAbs6yN+8QoKg/45Mb/vV+8Y8GHmFPpTMuKbaVuLiRfU/NbiBxHKItRetOzG/wC9X7xiEt7rC0UWWTzh9QzdsDlB6ZbeotRDFTltrLupBOoruvNnJbaufEHnuPGPDEtKfpQYmUOdqp02NeVm0DuuDkfwrHFMFsD1ylT8unCeKAFU91XicwTZUq4eAVwSfVfPcYPtU6ZwS+9RcTMipYPn127Tq7pZZyUofY6nLiDmIMsyCHm8ST4df6nQ8jr7wEfnXJd3CseIcOCxqn/Q0+WeUKp1/rEjDVdcoeIpGqtqPi7wUsA/WQdyh6UkxYNJej+oYa16lIFc/Rld4PJ3qZBy17cPzDdztC4feulQvmIrKl3ZV0BQsRBFt1ieYJQbpOXsY0zpIw23OSSq9TEAvJTrvJQP8qLfWHUD1iFhtesPLAjq5rBFEed3qckGSq/HuCE9j2liiYnmZRsarC7Os9EK4eg3EXtoKekYZpsWxb+usL2zk4VKVJuG5Tu6DhA7a9YMUx4iSQArir+TFb2sGKYu8kjzq/kwBlU+IwwzzX7Y6xUKupTdQmL5F5dj+owOce6wSqZS5OTKFC42y/eMdUcK1VNITWqY0upU1X13GE6y2FDNLiBvSRzFwc4uIaU4pWEXtBQuNsoR2htfdfWAjj27nDh0P6RWJxpGFMTOIWVjZSr71il0ZbJd+PInPLPNGOP3vY3tEV16Lkm+uVXiT8xrFOpU1qfZ7Ne/geIMbWpFJlqXJqkZbX7HvDbCzrJaSc0Jvv1eQOWQ3boVOkzQszUVOVDCS2pKYWbuSbhsyq+ZQfsHpl5oFaGdMCttLYZxS4txSyGpOdsVKJyCHAN56K9fOH2IbkiXn2Rll5iM1d77R5k52PkR+fOItHk0U6lSlPb3olmEMpPRKQPhCz09spQ9SZu3eUHGiegsR8Ya8KL+oV9Yco7OzVswHV69u6T3Ra/O2+Ia0kdxWOnqIm2bxLqjfO/oYWu1g3SnPEW9/FXvGKxtIOUlzxBvzq94wkSyPEY0yoNWbHWK5UHP7hM/9y/eMGMEYuqGFap2qUO1YcsJiXUbJdT8FDgfhATErK5HEVSk3QQtmacSR+owP2nWJ7rZdxJNiDBYSjU3KhDgulQHpGj5GnaOtIkoZ7wVIzD9vpklGzmGz+YpsfTvBiP/AMLaPi5rmlTBH4e2O2/mM/yFRm6fNom5GadlphB7rjSylQ9IhjYe00VyTQlqrScvU0D7wHZOemwKT6hDBL1OWd/kIAOtvwwjT+ytTlrmQdJRpexH0PlDiw1g7DGGzrUSiScm5axcQi7h/Wbq/eDsKqX04YeU3d+lVRtXJIQoevWEQKvpyltmpNJobylnJc06EgehNyfXBUVKTbTkoW5Qs/pqsPueJok6kj1JhyxW9JFEbruEJ6VKQX22y9Lq4pcSLj17x6YzpiPG2I68+pyfqj4bv3WGVFttPmSD+5vE7AuParhyoJ2s1MTdOcul+WcWVbiM03yUP3geutMPEtKScJyv7Qdb2Jn5VImELHaJzsOXC/taK+HbgHnB+juf25vfxV7xiqKdBUTlckwx8GYUqNSw1KTzMupTbuuUm2Y11D4QvybBW4QmHWsuty7CVum1z9DBXT5gebM4vFdJYU82tI7c0hN1IIFg4BxFs+Vr84SodFo20RCu0rYKwsZE1JFGl2ppxR13GSpvW6kJIEMNQpIWoutm2ohQ2Z2w7BtMnMpKgMgRvtob6axnfaiO2oixTFHpyHCEsKAB8qr5x5+CZDyJ9or5wE7mrWNDFVYIvY+X3gDtRHbUQe8EyHkT7RXzjvBMh5E+0V84+7mrWO/FGND5feAO0jtpB4UmQv8A4Ve0V84t+jvCWHqnWGWp6n7ds5pU85Y+pUe25Ba1BIIivNV2Wlmy4pJsOn3ioYIwzVMW1lun09pQbBHaJgjuMp4knnyGZjV9Fp0tSKTK0yTTqS8s0ltA6AZnrxjqRTKdSJRMlTJJiTl0ZNtICR5+p6xMMM8jIJk0nio7zGRbRbROVh0WGFCdw+p5+kf/2Q==&quot;&gt;&lt;/a&gt;
            &lt;a class=&quot;opr-recommends-merge-mask&quot; target=&quot;_blank&quot; href=&quot;/s?rsv_idx=1&amp;amp;wd=swift&amp;amp;usm=1&amp;amp;ie=utf-8&amp;amp;rsv_cq=macaca&amp;amp;rsv_dl=0_right_recommends_merge_21102&amp;amp;euri=658829ff74de4da58055284485561400&quot;&gt;&lt;/a&gt;                    &lt;/div&gt;
        &lt;div class=&quot;c-gap-top-small&quot;&gt;&lt;a target=&quot;_blank&quot; title=&quot;swift&quot; href=&quot;/s?rsv_idx=1&amp;amp;wd=swift&amp;amp;usm=1&amp;amp;ie=utf-8&amp;amp;rsv_cq=macaca&amp;amp;rsv_dl=0_right_recommends_merge_21102&amp;amp;euri=658829ff74de4da58055284485561400&quot;&gt;swift&lt;/a&gt;&lt;/div&gt;
                        &lt;div class=&quot;opr-recommends-merge-d&quot;&gt;
        	            	&lt;p class=&quot;opr-recommends-merge-width-text&quot;&gt;Apple系统编程语言&lt;/p&gt;
                    &lt;/div&gt;
                            &lt;/div&gt;   

    &lt;/div&gt;
 

&lt;/div&gt;
 
	&lt;div class=&quot;cr-title c-clearfix&quot;&gt;
            &lt;a class=&quot;cr-title-sub opr-recommends-merge-more-btn&quot; href=&quot;javascript:;&quot; onclick=&quot;return false;&quot; data-click=&quot;{&#039;fm&#039;:&#039;beha&#039;}&quot;&gt;&lt;span&gt;展开&lt;/span&gt;&lt;i class=&quot;c-icon c-icon-chevron-bottom c-gap-left-small&quot;&gt;&lt;/i&gt;&lt;/a&gt;     
        &lt;span title=&quot;计算机术语&quot;&gt;计算机术语&lt;/span&gt;
            &lt;/div&gt;

&lt;div class=&quot;opr-recommends-merge-panel&quot;&gt;
        
&lt;div class=&quot;c-row c-gap-top&quot;&gt;
    
    &lt;div class=&quot;c-span4  opr-recommends-merge-item &quot; data-click=&quot;{&#039;rsv_re_ename&#039;:&#039;scala&#039;,&#039;rsv_re_uri&#039;:&#039;d734461681b2402d9d840e5d5bd380f9&#039;}&quot;&gt;
                                                	&lt;div class=&quot;opr-recommends-merge-p&quot;&gt;
            &lt;a target=&quot;_blank&quot; href=&quot;/s?rsv_idx=1&amp;amp;wd=scala&amp;amp;usm=1&amp;amp;ie=utf-8&amp;amp;rsv_cq=macaca&amp;amp;rsv_dl=0_right_recommends_merge_21102&amp;amp;cq=macaca&amp;amp;srcid=28310&amp;amp;rt=%E8%AE%A1%E7%AE%97%E6%9C%BA%E6%9C%AF%E8%AF%AD&amp;amp;recid=21102&amp;amp;euri=d734461681b2402d9d840e5d5bd380f9&quot;&gt;&lt;img data-b64il-id=&quot;1494342098_3408698951_58&quot; data-src=&quot;https://ss2.baidu.com/6ONYsjip0QIZ8tyhnq/it/u=1494342098,3408698951&amp;amp;fm=58&quot; class=&quot;c-img c-img4 opr-recommends-merge-img&quot; src=&quot;data:image/jpeg;base64,/9j/4AAQSkZJRgABAQEAAQABAAD/2wBDAAUDBAQEAwUEBAQFBQUGBwwIBwcHBw8LCwkMEQ8SEhEPERETFhwXExQaFRERGCEYGh0dHx8fExciJCIeJBweHx7/2wBDAQUFBQcGBw4ICA4eFBEUHh4eHh4eHh4eHh4eHh4eHh4eHh4eHh4eHh4eHh4eHh4eHh4eHh4eHh4eHh4eHh4eHh7/wAARCABLAEsDASIAAhEBAxEB/8QAGwABAAIDAQEAAAAAAAAAAAAAAAUGAQcIAgP/xAAuEAABAwQCAgEDAwMFAAAAAAABAgMFAAQGEQcSEyEIFDFBFiJRCReBIzJCUvD/xAAUAQEAAAAAAAAAAAAAAAAAAAAA/8QAFBEBAAAAAAAAAAAAAAAAAAAAAP/aAAwDAQACEQMRAD8A7KpSlApSlApSlApSlApSlBis1rLCL+/5Enchk7++ubSCiJe4iLKMtnS0XlsEJcfuFp0tXZRPVsEJCQCQon1IY9lDj+LSOV+FNnB2b1y1b2bDfZ9xLDqmlKcUr0kqUhR66/aNFSvvoL7SqHyfyhE8cR0RdZHGS1yqUufp20RdsbkIVoH9x/b/AD6A9n3oHRq+JUFJChvRG/YIoFKKUEpKvfobrWfCPNWL8t3EwzjtjLWqonxef61pCAryFYHXqtW/9h3vX4oNmUrO/wD2qboMUrO6UFR/Ry4zJ77IcXkBGuyaw7JWTjXltLt0JCQ91BCm3eoAKknSgB2SogGpWMgba1uri9baFo/drLl21bOHwvLIAK1II12IHtQAJ/JNTNKDkT+ohJSWPx2DtQUheRTa3L3smzfUyDoM62EkfbZ1/G6gfktJT7vycwGAj8lmIm3ko+NYcXZ3SkFPlfcQpYG9d9H7kH8V0ZztwvjnMDUQ3kEjK2Qiy8WfoVtp7eQI327oV/0Gta/NaU+SHEGWZj8jMQvo+BkLrGmbWwtL6/YeS2WUJfX5CFbCgpKVBWwKCI+MsrO4l8oss40RPSUtBI+sbSm8fLpSpkgoc9+gvW0qI1vf29DUJ8G5RiFxvluVuJgQzdtY27hvyz5fptfUacCP+ZB0Qn8nQq0cOLwjirOc0ftoSbkZttTlmy5KSbJkblarptlKEsFCOqXnFoV5uyx1AKinejL41g+C8QYRIx2ZRU3ajObtEVfWNxJM3YYYT23dJcZbR1bR5NqJG0nr/kOdcnkZRWIXGcwMzyReutzIt/1Hf36bZlRKSoNpaStS/J63sLIA9ED1W2PkXe5n/aTizmGwnJFu9XYWrMoWX1oQ471DrTikJIT7UHAfXvYFT2NfH3jG7gs6jZXIcutonGJZba3X5BstM+Nht5b6UBsJBKF9SSCdJ9a3XrOpWdyP49QXH3HnHMvkkLexYs3Lm7UBcxlww8EhDyUpCQ4nqD76jRB+xoLD8e5K65i5czrkO4upFGNJt2oqNtC+tCEqUhJcUEg6CgE739/9WugorGrCOsW7Nl+/cbQVEKeu1uL9qKvalHZ+/r+BoVU/jfgDnG3EcRjd2lsSWlXMgW1bBfcO1DY+/UdUb/PWtjUGN03SlA3T/FKUFBe4gwG5kJK9vYh++XItPNOou5C4ebaS6sOOeJKlkMlS0pVtHUgga1Xxf4X47vGUNS0K9Mhtl1lBlb9+8UgOK2tSS6tRCzofuHvSR/FbEpQa5VwrgK37912ylHRIpQm+aXL3KmrkJDYHkb79VEhpAJI2QNHezVlw3DMaw4X6Mai2oxi+eS+9bsKIZ8gSE9ko31SSAN6A3rZ91YaUDdN0pQKUpQKUpQKUpQKUpQKUpQf/2Q==&quot;&gt;&lt;/a&gt;
            &lt;a class=&quot;opr-recommends-merge-mask&quot; target=&quot;_blank&quot; href=&quot;/s?rsv_idx=1&amp;amp;wd=scala&amp;amp;usm=1&amp;amp;ie=utf-8&amp;amp;rsv_cq=macaca&amp;amp;rsv_dl=0_right_recommends_merge_21102&amp;amp;cq=macaca&amp;amp;srcid=28310&amp;amp;rt=%E8%AE%A1%E7%AE%97%E6%9C%BA%E6%9C%AF%E8%AF%AD&amp;amp;recid=21102&amp;amp;euri=d734461681b2402d9d840e5d5bd380f9&quot;&gt;&lt;/a&gt;                    &lt;/div&gt;
        &lt;div class=&quot;c-gap-top-small&quot;&gt;&lt;a target=&quot;_blank&quot; title=&quot;scala&quot; href=&quot;/s?rsv_idx=1&amp;amp;wd=scala&amp;amp;usm=1&amp;amp;ie=utf-8&amp;amp;rsv_cq=macaca&amp;amp;rsv_dl=0_right_recommends_merge_21102&amp;amp;cq=macaca&amp;amp;srcid=28310&amp;amp;rt=%E8%AE%A1%E7%AE%97%E6%9C%BA%E6%9C%AF%E8%AF%AD&amp;amp;recid=21102&amp;amp;euri=d734461681b2402d9d840e5d5bd380f9&quot;&gt;scala&lt;/a&gt;&lt;/div&gt;
                        &lt;div class=&quot;opr-recommends-merge-d&quot;&gt;
        	            	&lt;p class=&quot;opr-recommends-merge-width-text&quot;&gt;多范式的编程语言&lt;/p&gt;
                    &lt;/div&gt;
                            &lt;/div&gt;   

 

        
    
    &lt;div class=&quot;c-span4  opr-recommends-merge-item &quot; data-click=&quot;{&#039;rsv_re_ename&#039;:&#039;opencv&#039;,&#039;rsv_re_uri&#039;:&#039;1b1cab2889d442cbbe674d0ac8297117&#039;}&quot;&gt;
                                                	&lt;div class=&quot;opr-recommends-merge-p&quot;&gt;
            &lt;a target=&quot;_blank&quot; href=&quot;/s?rsv_idx=1&amp;amp;wd=opencv&amp;amp;usm=1&amp;amp;ie=utf-8&amp;amp;rsv_cq=macaca&amp;amp;rsv_dl=0_right_recommends_merge_21102&amp;amp;cq=macaca&amp;amp;srcid=28310&amp;amp;rt=%E8%AE%A1%E7%AE%97%E6%9C%BA%E6%9C%AF%E8%AF%AD&amp;amp;recid=21102&amp;amp;euri=1b1cab2889d442cbbe674d0ac8297117&quot;&gt;&lt;img data-b64il-id=&quot;3726601697_3879667342_58&quot; data-src=&quot;https://ss2.baidu.com/6ONYsjip0QIZ8tyhnq/it/u=3726601697,3879667342&amp;amp;fm=58&quot; class=&quot;c-img c-img4 opr-recommends-merge-img&quot; src=&quot;data:image/jpeg;base64,/9j/4AAQSkZJRgABAQAAAQABAAD/2wBDAAIBAQEBAQIBAQECAgICAgQDAgICAgUEBAMEBgUGBgYFBgYGBwkIBgcJBwYGCAsICQoKCgoKBggLDAsKDAkKCgr/2wBDAQICAgICAgUDAwUKBwYHCgoKCgoKCgoKCgoKCgoKCgoKCgoKCgoKCgoKCgoKCgoKCgoKCgoKCgoKCgoKCgoKCgr/wAARCABLAEsDASIAAhEBAxEB/8QAHwAAAQUBAQEBAQEAAAAAAAAAAAECAwQFBgcICQoL/8QAtRAAAgEDAwIEAwUFBAQAAAF9AQIDAAQRBRIhMUEGE1FhByJxFDKBkaEII0KxwRVS0fAkM2JyggkKFhcYGRolJicoKSo0NTY3ODk6Q0RFRkdISUpTVFVWV1hZWmNkZWZnaGlqc3R1dnd4eXqDhIWGh4iJipKTlJWWl5iZmqKjpKWmp6ipqrKztLW2t7i5usLDxMXGx8jJytLT1NXW19jZ2uHi4+Tl5ufo6erx8vP09fb3+Pn6/8QAHwEAAwEBAQEBAQEBAQAAAAAAAAECAwQFBgcICQoL/8QAtREAAgECBAQDBAcFBAQAAQJ3AAECAxEEBSExBhJBUQdhcRMiMoEIFEKRobHBCSMzUvAVYnLRChYkNOEl8RcYGRomJygpKjU2Nzg5OkNERUZHSElKU1RVVldYWVpjZGVmZ2hpanN0dXZ3eHl6goOEhYaHiImKkpOUlZaXmJmaoqOkpaanqKmqsrO0tba3uLm6wsPExcbHyMnK0tPU1dbX2Nna4uPk5ebn6Onq8vP09fb3+Pn6/9oADAMBAAIRAxEAPwD9/KKKKAPzY/4OUfjrrXgv9nfwZ8CdEvXgj8a67Nd6t5bEeba2KxsIm/2TNPE/1hFfkJ8D/hF4q+Pvxg8N/BbwQkZ1XxPrEGn2TSk7I2kcKZGx0VRlj7Ka/Vn/AIOb/hjrGp/Dj4XfGCzt3ey0fWNQ0q/dVyI2uo4pYifQH7LKM+pA71+YH7JXx1k/Zl/aV8FfHpdMN7H4Y1+C8urNCA08AO2ZFJ4DGNnAJ6EivwzjJqfFvLiW1T9xekbK9vvfzP8AVP6NkJYT6PSrZJFSxb+sytprXUpqmpesVTWv2bH7Y/Cf/ggb/wAE+PA/w7h8LePPh9f+L9Ya3C3/AIi1HXLu3lklx8zRx28qJEuc7RhiBjLMea/L7/grh/wTjs/+Cffxl0u28C61d6h4L8W201x4fl1Bla4tZImUTW0jKAH2+ZGyvgZVwDypJ/fL4OfF3wJ8efhfovxg+GOrNfaF4gsVu9NuXt3iZ4ySOUcBlIIIII6ivxi/4OD/ANsfwd8fvj9ovwF8BCWa2+GTXtvrN7NA0fmalM0ayxIGAJWIQqu7GCzNjIAJ+r4xyvIMLw/7SlTjGXu8jja7u11W65bu7v3PwH6N3HXi5nni+8FmGLr16LVV4mFWUpRp8qaTUZaU5KryxSio7uNrbeZf8EPPjprfwZ/4KF+EdGtbx10zxqJtA1i3BOJRLGXgOOmVuEiOfQsO9f0IDpX86H/BHD4Za18T/wDgo38NbTSbd2i0XVZNZ1CZVyIYLWJ5dzegZxHH9ZBX9F46Cujw5lWlks1L4VN2+5X/ABPH+mfQy2l4m4WdC3tZYaDqW7qpUUW/PlVvRLyCgUUV+gH8hBRXKfGL4zeAvgb4Kn8c/EDVfs1rGdkMSDdLcykcRxr/ABMfyABJIAJr4f8Air/wVD+Nvii/lg+GVjY+GtPDEQM0C3N0w9WaQFB9AvGep618Hxh4kcLcEtU8wqt1ZK6pwXNO3dq6SXZyav0ufmfHvi3wV4dONPNazdaSuqVNc07d2rpRXZyavra9mfZX7Un7OXgH9rH4FeIfgL8SLYtpuvWflrcxqDLZzqQ0NxHn+ONwrDscYPBIr8PvAv8AwRk/aXj/AG7tH/ZQ+J3hi7g0Ka6e9vPGVjCxsbnR4WBlnikxgSMCkYjPzJJKgYY5P2VoH/BQ39rDQ74Xc/xFj1FA2WttQ0u3ZG9jsRWA+hFfoT8CPF/jfx/8KNE8afETw1b6TqupWYnmsbZmKorHKHDcqWXDbSTtzjPFfKZFxTwf4r462Gp1YVKKUpc0Uk4X+FuMpLV7ap72vqfq/wBG76aOIpYbM8n4YhUUalNyca0LKlNrkjVhKEpxU1p7svjUVp7t1u+EPCXh3wJ4U03wT4R0mGw0rSLCGz02xt12pbwRIEjjUdgFUAfSvys/4L9f8E5PFXijx7on7WXwC8CXurX/AIhuoNG8W6To9k000t2RstboIgJO9QIWPqsXdia/WWvAf+Ch3/BSH9m//gmr8GD8Wvj5rkr3N67weGvDGm7Xv9auVXJjhQkBUUEF5WIRARklmVW/YpcJYnjaVPJcHRlUq1WlTjBXlzdLL0vfole9kfZeHniTnPhjxZDiLBtSlFSU4yb5akZfFGT31dpJ78yTPIv+CNP/AATIvP2Hfhve/Ej4uWsDfEbxbbIl/DE4kXR7IEMtmrjhnLYaRlO0sqqMhNzfbdeWfsWftZ/DX9uL9mbwp+058KpiNM8TacJZbGSUPLp90pKT2khGPnilV0JwA2Aw4YV6bqGoWOlWE+qaneR29tbRNLcXEzhUiRRlmZjwAACST0Aq4ZDPhqcsplSdOdGThKL+JTi7ST8+a9/M8Xi3i/OOO+IK+e5pU561Z3bWkUrWjGK6RjGyS7LVt3ZNRXxT+wH/AMF2f2Mv2/fjt4m/Z08D6hdaF4k0vVbuPwtHrEiiLxTYwuQLq0fj5yi+YbdgHCHcNwV9v2tXvcQcNZ/wpmH1HOMNOhWspcs1Z8sldNdGn3XVNPVNHy9KtSrw5qbuj8yP29vjfqXxe+Pep6VFesdH8NTvp2mwK3yb0bE0uPVnBGf7qqO1cf8AAD9nD4kftHeJpfD/AICsoVitFV9R1K8crBaqxIXcQCSxwcKAScHsCRzfxHtL6x+IWvWOqZN1DrN0lxkclxKwb9c19s/8Em9e8My/CvxF4Zt3iXV4ddFxdx5G9oHiRY29SAySD2P1r/O/hnLKXiP4oVKWcVGlUlUlJXs3y3tBPpZK3lFOx/mdwfk1Dxb8ZqtHP6skqs6s5K9pPkvy04vokklpqoxaVnque+G3/BK7XvDXxL0XW/HHjbStX0G0uPP1GzhgkSSYrykeGyGQtgNyOMjHNfaSqEAVFAAHAFQapqWn6Lp8+rapdR29tbQtLcTysFWNFGSxJ6AAE18Hax/wVc+MMesXceh+CPDL2S3Mgs3ntrje0W47C2Jhztxn3r+mauK8O/BfDKkk6SxEm7LmqSfKktW22oq+nS7dj+w62M8Kfo94RUFGVFYuTlZc1ST5FFattyUVfS7teTtuz74dlRCzNgAZJJ6V/I1/wWF/bq8U/t+ft2eMviteazNN4a0nUpdG8DWJkJitdLt5GSN1Xs0xDTueu6UjOFUD+m/9mX44/Ez9qD9nzxP4p17R9P07UGku9P0k6akioT9mUq53sxyHfHHpX8ed9Z3enXs2n38DRTwStHNE4wyOpIIPuCDX+l30C6GQ8T4jMeJaS5pRp0o0nJWajVdRylZ7N+zSvva62Z9tV4hwfEeQ4XMMC26Fdc8W04trpdPVdz9t/wDg0F8bftSC9+JXgOHwncXnwcJjupdauLgJFp3iDEY8mBT/AKxpbfaZQv3PKgJxvG77o/4OHfEX7Vuhf8ExvG1t+y54VmvhfxeR491Cyudtzpvh7axvJYo+sgZQscmOVheVsYBI83/4NVviR8LvFH/BMK38AeDrm1TxD4Y8Y6mni+0RgJjNcS+dbzuvXa1uY41boTbsAfkIH3t+0n8Rfhp8JP2f/GnxK+Ml9a2/hbRvDN7c6695go9ssLb48H7xcfIE6sWCjJIFfm3ilxNUofSNxGZLLouVDFQSotP986bjGMpK+sqtlJWVneN1LXm+mwVG+UKHPvHftf8AyP4w/Avjrxh8MfGuk/EXwB4iutJ1zQtQhvtI1OylKTWtxE4eORGHQqwBr+vX/gnp+2v4c/bM/Yr+HX7S2pahZWWoeJ/D6vrFosgVYr+GR7a7VQTkILiGXbn+HFfx7SlGkYxptXcdq5zgelft7/wSH/Zz/aW8af8ABO/4eeJ/Aou10q7Gqm0CHAwNWvFYjJ7sGNf1x9LbhDJM+4Vy/MMVUjQrU63IpvrCcJylDz1hFrtrbdng5DiKtKvOEVdNX+5r/M+vP+CkP7OOrfD/AOJs/wAY9B0930HxHKJLuWNcraXpHzq3oHxvB7ksOwz8/wDgX4g+Nvhl4ji8WeAfEl1peoQghLm1kwSp6qw6MpwMqQQfSv1/8SeG9A8XaHc+G/E2j29/YXkZjurS6iDxyKexBr5R+K3/AASi8Ja1qEmq/CTx7Lo6SMWGl6nbm4iTPZJAwdR/vBz71/gp4i+DGff27POuGXdzlzuCkoThNu7lBtpWb1tdNPa62/l7xX+j7xM+JqnEPCDu6kvaOmpKnUhUbu5U5NxTTfvW5lKLdldbfLvxM/a3/aG+Lmgnwv46+I91c6c+POs7eCK3SbH98RKu8exyPauL8HeDvEnxA8UWXgzwhpUt7qOoTiG1tohyzHuT2AGSSeAASelfVOhf8EkPG8t8o8T/ABc0q3tgfnawsJJpCPQBygH519N/s+fsmfCP9nKzZ/B2lPc6nPHsuta1Ah7mQf3QQAI1/wBlQM4Gc4zXzGUeD3iHxZm8K/EU5Qpq3NOpNTqOK+zFc0rfOyW+uz+NyHwD8VOOc8hieLKk6dJWUp1aiqVXFfZguabXk5Wir312ex+z18ILH4GfCDRvhtZyrLJZW26+nUYE1w5LSP8ATcTjPYAdq/m3/wCDh3/gmN4w/Ym/bA1n43+EPDczfDD4m6vNqeiajBETDp2ozFpbnT5COEIkMkkQOA0TADJjfH9P1cv8Zvgr8KP2hvhvqnwh+NvgHTPE3hrWYPK1LR9WthLFKucg4PKspwyupDKwDKQQDX+kXgX4l1/BLiGliMHS58JyKlUpJ2vTVuVxb054WvFvfWLtzNr+7P7BwNHKKWX4WPJClGMYLsoqyXpZH8cf7NP7Wf7R/wCx34/HxP8A2Zvi/rHg/WjD5M9zpc42XMWc+XNE4aOdM87ZFYAgHGRXf/tbf8FUf2/P25fDtv4N/ab/AGkNX8QaJbyrKmhwWttYWTyL92SSC0jiSVh1DOGK9sZr9bf2ov8Ag0D+EXizxDc+I/2SP2nNR8I2s0hdPDXizSP7TghJOdsd1HJHKqDoA6St6sa4H4T/APBnP4wk1+Gf45/tq6bDpaSAz2vhPwrJJcTpnlVluJVWI4/iMcmP7pr/AEEj4+fRtzOtT4gxM6axcErSnhZPERtslJU5aro4zaXc8L+y84gnSinyvtLT8z8nP2PP2R/jL+3B+0FoH7OfwN8OyX2s63dATXBQ+Rp1qCPNvJ2H3IY1O5j1PCrlmUH+vz9mP9nrwT+yr+z54O/Zz+HUZ/sbwboFvplnLIoDz+WgDzPjjfI+6RsfxOa4T9hD/gm1+yX/AME5vAEvgf8AZq+Ha2dxfKn9t+JdSkFxqmqsv3TPOQPlBJIjQLGpJKqCST7xX8ZfSB8cp+Lua0cPgKcqWAw7bgpW5pzejqTSbS00jG7sm23eVl9FlWWfUKbcneT38vI/Ff8AZK+BXx+/4LmftYftNfFP41/8FE/jr4C8EfDP4x3vg/wF4N+E/jM6Pax2ls8iiSQBGVnMawktt3MzOSx4A6f9kD4k/HD/AIJU/wDBY/x3/wAE+/ij+2B8TPi58I5v2f7j4gaMfiLq/wDamqaZNaszyLFK+3rHBdjYuxG3R5G5d1db/wAGxAEOtftm2MQxFF+1Vrnlp/d+Zh/ID8q84/bkiju/+DjXx+9yu82v7Bevtbk/wExXoP6O351/Ox659GTf8HLn7C4+D2lftGWHwP8Aj5e/De+KJqnxEsvhRNJomhytMYfKu7sS+XvDbciEy4Lqh/eZQeu/tNf8Fkv2Wf2dPiT4U+C/hvwT8Sfi14y8ZeDovFejeFfg34Lk1y8/sSVisWoSAPGiQuQcEtnoSAGXPwN8HrK0t/8AgysvIIbZFQ/CzXJCoXjefEV05b67iT9a+FPj18V/ix8K/wBsf4PeIvhV8VvFHhTUZf2HPh5bS6j4X8R3Wm3EkJ0+1cxNLbSI7IWVWKk4JUHGQKAP3Kt/+C6n7Esv7Fnj/wDbgvdO8eafofwt8Sw+H/iD4Q1bwqbTxFoepS3ENutvPZzSKFbdOhJEhAAcZ3IyiDwD/wAF2/2P/G/7QHgr4Dar8NPi94Vh+Jmo/YPht498ZfDi403w94puGA8tLK6kbfKJNybGMaq29DnDKT+O3iSya6/4IZftuePtV1XU9S1zxN4w8D32v6xrGrXF7c39ydXjBlkknd2ZiOpzz3r9H/8AgtZBDB4i/wCCekcMKosf7UvhJUVVACr5I4HoOB+VAHjP7Onwj/aJ/wCC4P7ev7Vd38Zv+ChHxu+HPgP4L/FSXwf4K8F/CXxd/Y0HlwTXcDSzYRldiLZGLFSzNK3zBQq1peNf+CX/APwVp/Z6+Hn7VfwK8IftofFTxd8JLj4VLrvwV8X6/wDEiWbxNbeJbBra8+xxvE6zQpOFvLdtuyOQGMlc816J/wAG88EVn+2r/wAFCbG2XZEn7TF2yoDwC11qRJ/E19IeEP2nPjhrP/BZvxh+yZqfjYS/D7TPhJDrNl4fOmWoEd60torS+eIvObIlkG0uV+bpwMAHjf7Lf/BXOO5/4NzY/wDgox4o8Ri88V+DPhlc6Zqs15LvkuPEtmTp8BmLE5a4ufs0pzklbkHvXn3/AASm/wCCWvxe+P8A/wAE8fhX8df2mf22fjkvjLxl4dOt6gI/ilq6j7PdXEs9nx9p4P2R7fPvmvyY+OXiPXfAX/BKz9pv4B+DtUm0/wAHW/7fFrpsGgW7YgS0NpqzmEZ527rCzbr1t1Prn+rrwt4d0Pwh4Y07wn4Z0yKy03S7CG00+zgXCQQRoEjjUdgqqAPYUAf/2Q==&quot;&gt;&lt;/a&gt;
            &lt;a class=&quot;opr-recommends-merge-mask&quot; target=&quot;_blank&quot; href=&quot;/s?rsv_idx=1&amp;amp;wd=opencv&amp;amp;usm=1&amp;amp;ie=utf-8&amp;amp;rsv_cq=macaca&amp;amp;rsv_dl=0_right_recommends_merge_21102&amp;amp;cq=macaca&amp;amp;srcid=28310&amp;amp;rt=%E8%AE%A1%E7%AE%97%E6%9C%BA%E6%9C%AF%E8%AF%AD&amp;amp;recid=21102&amp;amp;euri=1b1cab2889d442cbbe674d0ac8297117&quot;&gt;&lt;/a&gt;                    &lt;/div&gt;
        &lt;div class=&quot;c-gap-top-small&quot;&gt;&lt;a target=&quot;_blank&quot; title=&quot;opencv&quot; href=&quot;/s?rsv_idx=1&amp;amp;wd=opencv&amp;amp;usm=1&amp;amp;ie=utf-8&amp;amp;rsv_cq=macaca&amp;amp;rsv_dl=0_right_recommends_merge_21102&amp;amp;cq=macaca&amp;amp;srcid=28310&amp;amp;rt=%E8%AE%A1%E7%AE%97%E6%9C%BA%E6%9C%AF%E8%AF%AD&amp;amp;recid=21102&amp;amp;euri=1b1cab2889d442cbbe674d0ac8297117&quot;&gt;opencv&lt;/a&gt;&lt;/div&gt;
                        &lt;div class=&quot;opr-recommends-merge-d&quot;&gt;
        	            	&lt;p class=&quot;opr-recommends-merge-width-text&quot;&gt;跨平台计算机视觉库&lt;/p&gt;
                    &lt;/div&gt;
                            &lt;/div&gt;   

 

        
    
    &lt;div class=&quot;c-span4  c-span-last-s opr-recommends-merge-item &quot; data-click=&quot;{&#039;rsv_re_ename&#039;:&#039;coding&#039;,&#039;rsv_re_uri&#039;:&#039;f76210fc53954694bf3fbdaabd01ce80&#039;}&quot;&gt;
                                                	&lt;div class=&quot;opr-recommends-merge-p&quot;&gt;
            &lt;a target=&quot;_blank&quot; href=&quot;/s?rsv_idx=1&amp;amp;wd=coding&amp;amp;usm=1&amp;amp;ie=utf-8&amp;amp;rsv_cq=macaca&amp;amp;rsv_dl=0_right_recommends_merge_21102&amp;amp;cq=macaca&amp;amp;srcid=28310&amp;amp;rt=%E8%AE%A1%E7%AE%97%E6%9C%BA%E6%9C%AF%E8%AF%AD&amp;amp;recid=21102&amp;amp;euri=f76210fc53954694bf3fbdaabd01ce80&quot;&gt;&lt;img data-b64il-id=&quot;2796342683_489166640_58&quot; data-src=&quot;https://ss2.baidu.com/6ONYsjip0QIZ8tyhnq/it/u=2796342683,489166640&amp;amp;fm=58&quot; class=&quot;c-img c-img4 opr-recommends-merge-img&quot; src=&quot;data:image/jpeg;base64,/9j/4AAQSkZJRgABAQAAAQABAAD/2wBDAAIBAQEBAQIBAQECAgICAgQDAgICAgUEBAMEBgUGBgYFBgYGBwkIBgcJBwYGCAsICQoKCgoKBggLDAsKDAkKCgr/2wBDAQICAgICAgUDAwUKBwYHCgoKCgoKCgoKCgoKCgoKCgoKCgoKCgoKCgoKCgoKCgoKCgoKCgoKCgoKCgoKCgoKCgr/wAARCABLAEsDASIAAhEBAxEB/8QAHwAAAQUBAQEBAQEAAAAAAAAAAAECAwQFBgcICQoL/8QAtRAAAgEDAwIEAwUFBAQAAAF9AQIDAAQRBRIhMUEGE1FhByJxFDKBkaEII0KxwRVS0fAkM2JyggkKFhcYGRolJicoKSo0NTY3ODk6Q0RFRkdISUpTVFVWV1hZWmNkZWZnaGlqc3R1dnd4eXqDhIWGh4iJipKTlJWWl5iZmqKjpKWmp6ipqrKztLW2t7i5usLDxMXGx8jJytLT1NXW19jZ2uHi4+Tl5ufo6erx8vP09fb3+Pn6/8QAHwEAAwEBAQEBAQEBAQAAAAAAAAECAwQFBgcICQoL/8QAtREAAgECBAQDBAcFBAQAAQJ3AAECAxEEBSExBhJBUQdhcRMiMoEIFEKRobHBCSMzUvAVYnLRChYkNOEl8RcYGRomJygpKjU2Nzg5OkNERUZHSElKU1RVVldYWVpjZGVmZ2hpanN0dXZ3eHl6goOEhYaHiImKkpOUlZaXmJmaoqOkpaanqKmqsrO0tba3uLm6wsPExcbHyMnK0tPU1dbX2Nna4uPk5ebn6Onq8vP09fb3+Pn6/9oADAMBAAIRAxEAPwD9+KKfsX0o2L6UAMop+xfSmu8MYyxH50AJRXw5/wAFF/8Agut+yd+wZ458KfDZvFdl4q1zUfEtvD4s0/Qbhbl9B0okie4lKEgSjI2wk7mwTgDGfrP4KfH/AODH7RHgS1+JfwU+Jei+J9DvIlkg1DR75JkGRna+05Rh3VgGGMEA0AdhRT9q+lGxfSgBlFP2L6UbF9KAFooooA43xP8AtEfAfwT8QLD4U+MfjJ4Y0rxNqsDTaboGoa5BDeXMYzlkidgzD5TyB2Poa/AP/gs5/wAF4fjb+1v8UtX/AGXP2LfEmqaR8OrC6ksZ9S8PmRb/AMVSKSrvuj+dbUkELGuN4G5s5Cr3v/Be7/gn58bPCfxm+Of7aHiL4Ia34p0fVbfQ9S8GfEnSvFi28fhCOEw2tza3FmfnmDkgIV+7kPn74H1x/wAG/wD+wf4R+B37A/w9/aK+H/gTwzqPj34iXaap4r8Q69CzzW+kNNIot7RlBMbrEqELwrOzbj0wFKy1P5z/ABV4T8ZeEtS+x+NvDOqaZeS/P5Oq2ckMjZ5ziQAmvTP2efjX+2R+xN4psPj18DtU8XeEGR1ZdRSynSxvkyP3cquvlTxnjKsCPxr+uj4ofs4/Ab41y6VP8XfhF4e8Svol+l7pL61pMVwbSdPuyIXU7SKb8Vvh9L4p0PTvBth4I8L6roV5fC38UaZ4gszJE+mGKQOsMYUq0m/ygA427d3fFA3Ns+VP+CX/APwWv/Z+/bX/AGUbr4x/Gbxl4e8BeIvCMsFl47tdW1SO1tIp5ARFcQvKw/dTbW2qSWVlZecAn7U8N+JvDvjHQ7TxN4T1y01PTb+3S4sb+wuVmhuImGVdHUlWUjkEHBr+bb9sL/gm34N+En/BbTUv2S/g78ANZ+IHg/W7EeJLD4Z+HfEY02WSF7GaYwC4fIjSKZZGAPPljYDkg1+2n/BG/wDZe+L37Hf7APgr4E/HKQJ4i05by4uNPW7+0Lpkc93LNHZiTo/lo4BI43FsZHJCXY+o6KKKBBRXm37Qn7WPwQ/Zjt9IX4q+LDBqHiG8Np4c0HTrOW81HV5xgmO2tYVaSUgEEkLhQckgVB8F/wBqrwf8a/F+r+AtO8DeM/D+r6NYwXl1ZeL/AAnc6aZIJmdUkiaVQsozGwO0krxnGRQB0nxz+Dngf9oT4Q+I/gj8S9L+2aB4p0a40zVbfOC0MqFSVPZhnKnsQD2r84v2X/iZ+1L/AMENtFl/ZZ/ap+E3iP4gfAvTr+Z/APxY8F6W99LpFrJI0httQtUy6KrMx3DgZIG4YC/Znib/AIKP/s56B4j8SeH9FbxP4oTwZO0HjLU/BvhG81Sy0SZRueK4nt42QOg5dFLMo+8BXXaj+1J8K9S+Cul/HrwEdS8c+GNbVDptx4I0mTVHuUcN84SIEhQVIYnG08HB4oA8v8Jf8Fm/+CYXjDS11ax/bQ8FWilAXt9Wvms509mjnVWB9sVwvxW/4Lp/smWnmeEP2T9P8Q/HPxrONml+HPh1os9zFJKeF866KCKJM9Wy2BzitnT/ANpP/gm58TfjZpnwd+LHwBtPDHjTxExPh62+J/wr/s6TWJBjKW89zDsmk5Hyhtxz0r2a3+Jv7Pvwe+Nnh39l3w/4Ys9E8QeJtKudR0mx0bRY4Ld4IAfMLNGAqn5TgY5xQB8y/wDBMf8A4J+/HrTP2kPGn/BTb9vYWUfxd8f2wtNI8L6fL5tv4U0r5QtsHyQ0pSONSQSAA3JLtX3p0ryT4BftrfAT9oz4nePfgv8AD3xNOPFPw21g6d4p0LU7GS1uYGyQsyJIAZYGx8sq5U8eozsfDL9p34S/FfwJ4i+JfhvxCLfRPC3iHV9G1vUNVjNrHbXOm3Elvdkl8Dy0eJ/n6FRnpQB6HRXzto3/AAUz/Z+8TaXaeK/CPh3x7rXhi+1GKytPGuleAL+XR5XklESyLc+Xhod5AMwBjA53Y5r6JHIFAH54/GzWLL4D/wDBefwn8b/2lZBZ+BvFXwVk8MfDbxRqQ26dpOu/bhLPbNI3yQTzQ78OSC4kVATyB9vav4r8N+ONL17wp8NvHukzeIYdGfYLO+jlksnlR1glcISVUupIJ67TjpVP4nae3jB7zwd4j+HGn+INCk0gy/2fqukLdQXU/wC8/duHJQY2xfKVJbzMgjaayPBng/R/hHeL4e+CHwO0Lw7ol3YfapbPRfD0dgjXPlyn5/KCKrArCu0qWPmk5AQ0AfJn/BEf4o/Cf9nz/gnxcfB346eItN8IeNfhprutR/FfTvEd2lvcw3bXs8/2uXzCDKksLxssoyrAYBO3FfO/g/wp4+8H/wDBAv8Aan+IMmk6joPhjxh4v8QeIvhfpdwj28lnoU95b+QyIcGJHZZJFXA4bd/Fk/pX4q+Fngv4o+NNB8TfEH9nHwprFyrS51PXvCcNzdWqI58srNKC0JwAwGCTnjB5rqfiPog8V3Fp8Otc+Hema74W1S3eLWrDVNKW5t3QYIR1YmMKMA7WRt2ABjFAH50f8FHpfDHxq/4Ja/s+/s+/DK5g174x+Ix4Lk+HVnplws1/YXUMFs9zfEqS0MUcIkEkjYUbhk+np/x8N/Zf8F+f2adOvdRLv/wpnxJ9pKthZZBHKC2OnWvpf4M/CTwt8MINI1nwB+zR4N8K6jqm+DXLjw54Wh05rZFwyhtiqzLhWXqRuZCOM1t+GNDj8R+ItA+JnxA+EGkHxVb6fd29vrY0MG700Eri3SaQF443VpdxB2sQPWgD83bb9mj4+6no/i7/AIKWfsf6jc3fxk+F/wAbvGunX2hzzs0XjHwxDqsxfSJB/E6JnyepGAo5Ee3El/4W5+2D/wAG9vxj8XfAPwtqyal4t+LfibxFP4cgBN7Jpr+JXvLq0wvLOIC4ZBy+xlwd1fp74GtfGOgW9tZeGfhpo+jwahr813rYttLFqr+YEkmnKK/MzSNKDIdxkZAxADZFHwc/j7wfp13p3hr4M6N4dtn8RlpYNO07Ec4leaSa8KQkZd28ssx53MxbPYA+df2rf+Ck/wAOPgp/wSbuf2s/2H7vwrqraVp2hWnhjwvcnetuJr+0s3spLaJ1kSWKOV1MfBVk5GAa+39Fubm90e0vLyLZNLbRvKmMbWKgkYPTmvGW+Anga/8AHWp+OZP2X/Adr4htdWt5dL8Uy+EbWa6nja5kR5TIAsgkSJVfO7PzA99o9vGcDNADMn1NJk+tFFAC5PqaTJ9aKKADJ9aXJ9TSUUAGT60ZPrRRQAZPrS5PqaSigD//2Q==&quot;&gt;&lt;/a&gt;
            &lt;a class=&quot;opr-recommends-merge-mask&quot; target=&quot;_blank&quot; href=&quot;/s?rsv_idx=1&amp;amp;wd=coding&amp;amp;usm=1&amp;amp;ie=utf-8&amp;amp;rsv_cq=macaca&amp;amp;rsv_dl=0_right_recommends_merge_21102&amp;amp;cq=macaca&amp;amp;srcid=28310&amp;amp;rt=%E8%AE%A1%E7%AE%97%E6%9C%BA%E6%9C%AF%E8%AF%AD&amp;amp;recid=21102&amp;amp;euri=f76210fc53954694bf3fbdaabd01ce80&quot;&gt;&lt;/a&gt;                    &lt;/div&gt;
        &lt;div class=&quot;c-gap-top-small&quot;&gt;&lt;a target=&quot;_blank&quot; title=&quot;coding&quot; href=&quot;/s?rsv_idx=1&amp;amp;wd=coding&amp;amp;usm=1&amp;amp;ie=utf-8&amp;amp;rsv_cq=macaca&amp;amp;rsv_dl=0_right_recommends_merge_21102&amp;amp;cq=macaca&amp;amp;srcid=28310&amp;amp;rt=%E8%AE%A1%E7%AE%97%E6%9C%BA%E6%9C%AF%E8%AF%AD&amp;amp;recid=21102&amp;amp;euri=f76210fc53954694bf3fbdaabd01ce80&quot;&gt;coding&lt;/a&gt;&lt;/div&gt;
                        &lt;div class=&quot;opr-recommends-merge-d&quot;&gt;
        	            	&lt;p class=&quot;opr-recommends-merge-width-text&quot;&gt;云端开发平台&lt;/p&gt;
                    &lt;/div&gt;
                            &lt;/div&gt;   

 

        
    
    &lt;div class=&quot;c-span4  c-span-last opr-recommends-merge-lastspan opr-recommends-merge-item &quot; data-click=&quot;{&#039;rsv_re_ename&#039;:&#039;sql注入&#039;,&#039;rsv_re_uri&#039;:&#039;5fd53a8da41245bfa0c0708d2d199a6e&#039;}&quot;&gt;
                                                	&lt;div class=&quot;opr-recommends-merge-p&quot;&gt;
            &lt;a target=&quot;_blank&quot; href=&quot;/s?rsv_idx=1&amp;amp;wd=sql%E6%B3%A8%E5%85%A5&amp;amp;usm=1&amp;amp;ie=utf-8&amp;amp;rsv_cq=macaca&amp;amp;rsv_dl=0_right_recommends_merge_21102&amp;amp;cq=macaca&amp;amp;srcid=28310&amp;amp;rt=%E8%AE%A1%E7%AE%97%E6%9C%BA%E6%9C%AF%E8%AF%AD&amp;amp;recid=21102&amp;amp;euri=5fd53a8da41245bfa0c0708d2d199a6e&quot;&gt;&lt;img data-b64il-id=&quot;1361376233_3530061416_58&quot; data-src=&quot;https://ss2.baidu.com/6ONYsjip0QIZ8tyhnq/it/u=1361376233,3530061416&amp;amp;fm=58&quot; class=&quot;c-img c-img4 opr-recommends-merge-img&quot; src=&quot;data:image/jpeg;base64,/9j/4AAQSkZJRgABAQAAAQABAAD/2wBDAAIBAQEBAQIBAQECAgICAgQDAgICAgUEBAMEBgUGBgYFBgYGBwkIBgcJBwYGCAsICQoKCgoKBggLDAsKDAkKCgr/2wBDAQICAgICAgUDAwUKBwYHCgoKCgoKCgoKCgoKCgoKCgoKCgoKCgoKCgoKCgoKCgoKCgoKCgoKCgoKCgoKCgoKCgr/wAARCABLAEsDASIAAhEBAxEB/8QAHwAAAQUBAQEBAQEAAAAAAAAAAAECAwQFBgcICQoL/8QAtRAAAgEDAwIEAwUFBAQAAAF9AQIDAAQRBRIhMUEGE1FhByJxFDKBkaEII0KxwRVS0fAkM2JyggkKFhcYGRolJicoKSo0NTY3ODk6Q0RFRkdISUpTVFVWV1hZWmNkZWZnaGlqc3R1dnd4eXqDhIWGh4iJipKTlJWWl5iZmqKjpKWmp6ipqrKztLW2t7i5usLDxMXGx8jJytLT1NXW19jZ2uHi4+Tl5ufo6erx8vP09fb3+Pn6/8QAHwEAAwEBAQEBAQEBAQAAAAAAAAECAwQFBgcICQoL/8QAtREAAgECBAQDBAcFBAQAAQJ3AAECAxEEBSExBhJBUQdhcRMiMoEIFEKRobHBCSMzUvAVYnLRChYkNOEl8RcYGRomJygpKjU2Nzg5OkNERUZHSElKU1RVVldYWVpjZGVmZ2hpanN0dXZ3eHl6goOEhYaHiImKkpOUlZaXmJmaoqOkpaanqKmqsrO0tba3uLm6wsPExcbHyMnK0tPU1dbX2Nna4uPk5ebn6Onq8vP09fb3+Pn6/9oADAMBAAIRAxEAPwD134R/s7/so3muXeteGrDQm02BJm0OabUZT52o+Zeq8Uod/mtFUWvlswCuAuWbdJXp2g+EP2d/AyTw+DNJ0bT4V1TVSLiUuVmG2JrYys5OYg7SpHn5fu5HXPc6Pe/AiPWtNbwlpWjpZ22oWuLGHw4AFlSdvtMwzHgwtCUCR/w4XCjFYk/iPw9pf/CPWttolpMlh42mluzJoqupsm8vhsxkyEZfCnLKQOBgV+H1cbjMbB15ylyvpc+xw3LSgqMXJerR4Z8a1+CviX4jQxLY6Q9+h1dNKNxZM8Xll7VrIzghtyiM3SJkHBUZHc8V8SbD9mbwtqcVxp03h6KwkuJY9OsL/TPOube3a0uFma5VkJZjOYGhZssi527ea978R+LPBPhqPQ/FN9abrGDVtPj+wR+GxLJI6zXhuyP3Z88PDPBhBuZfK6KUUnxLw38TfAsOn+ELmw8H3c0i6pao9vB4WEogjhW9GoGNyh85pxPbkhfmXyADt2Ln38oc6kIuzsu3zZvicfOjTUIpu+lm1Y8A0rxz8MNNi8Nx6r4Y0SUQ+DNc03V5JfDsTMZpEuvskrfuyWn3tDiYfOoJ+ZRTNc+J/wACINDgsNJ0HRkNz4T1ay58LoZLMyaPFHbRvI8WWmGoRu4nUkqJcl8MQPT/AIa+LorXw14Z0i/8M64L2HTNVg07VdN8O+bJBF9rs7jfEBt84eVDdROQcgTncSCRWReeLNU17W9B1LQfhj4mSzm8P+JdPt7Sy0l2WSzuhdeTFEV4kij86PdjoV6GvqfbOE3B393u0fP1cJDETTdO3o0cjcfG79mK1skjTw/a7vPE7LH4YG7+xljUNoxOwZlZg7faORkA+Zmuc+JH7Svww8T6X4i8M6fosktrrnhi9jtZoPDiRm0ia+hmsbQ4XJW3iWRDKp2/MFBYKK7DwPr3irSH8JRX3w/8Y3N3aeFYDDNaaezvdWlvq8lyI495+a1kjIt2YcA4G1xw3Czah8YrpdNsT4K8Vztc/Ci80qe3MUuLuzmkuxaygMf3luhkhVQc8xYUHAzzzp4apUvJarvLzQsFl31SvzU3daXTej16mp4T8S6F8RfE81k2jatcT69oOjpqU8OiJ5eoiPRfsLiXGBHCly0dwsmNp2ZADBa4H9qbU/E3xY+OWrePdK8FeIPIvbWwVWuLCRGcx2METPgDkMULBv4gQe9e3fsz3fxftBrvj/XvD/iAR6R8FRb3I1CZsXkbSuLa5JY8xhT8pPI8s4AGK6Ky+LurgT3Z+H/jS2a9vri8ktoPFEUSQPPM8zRquMqqs5UA4OByAcgfIZpJuuoW5rebPuskyrBUeavhqCTklf3uvlc/RPw/4uTw9aaY+maTqzC28cT3kPlWDFnhc4aNPVvvZXqPwrW0Lx8raNp99YeGddQRa2haGCyIjXZdTyyujA5MrpJsK9tpGalN/wDEBrOwuNO8IavN/Znjee8WFJY0LQlmDIMuMDO7J6HnmsCPxn8V9aWwFr8OtZgkOvxwSRLqMMUSQw3cshdRv4Z8mMnGDtPJ4pZzjcBgJxpqmnFaRSel+7f6H59h3Ou+Zb311/roeY/Er48eIIvEHhmPwr8MfGcqW+t2It4bGwbydkE13NM0JU5aeaO4MbocACMgsRwPKfCHx51C3k8H+HtB+HfiVtUi1K1m/sy2lCiW0snvRK9ugIYmUXZWXIC5jIJbJx9B6ve/FKW88PXHh74X3xmbV7NJidYhiiEFvcXEoKqWBV5DJJGSeG29TmvmbxX+3X4G/wCCb3xG0Lxj4j/YovNZ8SfEe7hsNV+Juu+N7PT7Xw3YJK1uLWya4Vju2RC7khTyxKZQS5wqpvw97PM5yg1ZpN6PXTpY6p1KdOzcFv8AzamB4d8R/Ebwm/w407Uvh74iSXTdb1ZNOhuWNu2pRXEcTfZYBJjO0RyNtAw2cjNamg+MviPZ+GdM8EXP7OniKaTW9Os/OMV+tu0i6U1vHG9qXjPkhngjEu7OWYBcHBra+Mn/AAUj+Cv7bvxom/Yw8b/se32t6Xo1pHrPhT4saX8QLOW/0m6jthIDtjDPbQSSKLV5FllV/OYEHoOwvdN+Lt34o03RvFPgPQWk8R6hr3nWTeJPKy/2u3umgDqjeW6SQIAPm3qei5yO7NacMKqclrzRvZ3X5M6aeIjiZSgqcfdv9p9r+R4PpV98eP7Q0m+vf2eNTukkhkmWOO/W1y66umpQAMynylEhjiEbDc6uNmCVNcR4cuvjZpM2hpN8FTdNaeGm1q0jOqRwGWK01W51BLnuVRXdo2h++yp8pVtpH0/beIvi/wDEm0ttdm8D+E5LTxbAup67cTa5NHEZLKaCK3DFEJt2V1gUou/fuOSnVedl+CPxX0y/8P8A9rnw2mpJpustqU8lxIEjN5eTwvDJsQkOJrxhtXK9MnANeHVzeFNtSUU/U9LB0Kbk1XUYr1f+ZgfBLwH8StG/ZLjuU8A2kt/q/hea0sib+LF1bTT3Rik+9hX825dRHncSgGMmvIbf9mz46/FaEfEh/wBmTT9SfWs3Ut/B4xWFZ3Y5ZvLDnyznOUzlTkHBBFffXhH4HeMPB3w90DwXe/2GkPh+zgt7uO5MzeVdtcrdRBwgGX8y4HK5XG7PINX/AA/4ib4LaNb/AA1vNa0S3l0+PdJBJps8jIZT5xBZRgn9524rsxWEx8JqqoRs0t313NMNxBgaKlD3Xrp102O5s/ib8TpI4X/4VtcC6l1YKHzIN6LMZvLA2/e6jPSsvxT4j+M8tzby6D8HJ5CdUjYuGbmOOZpFhxjghmPzdK3R+0/4ZSUQxaFqMgF4VUrakkL5YGR6tnPyjmkt/wBrrSdUvotN0jwVr0r3Mv2Tf9jIUBeN685J9RwRWGPpZSsPDDzo3k3dNSu7+lz4nDxx0antFh0ku97eu55/4j8b/HBptMtIvg46Xj6hEyzvuBmFvI8qQkEDbtLHLemK+VPiBYfszftKft0+DPgR/wAFCP2fPi0z+HLeCXwV4g8D298NKW9luJSbfUDADtdR5ZjlXbtDMWYBxX23rPxm1htQF5J4E1a9t7i/ljV4IiWCNGFwuP4sryPekb46a9qdu88Pwe1qUXObWYKpGY1DfcGPv85P8+mOXLP7RyPNJSWEbaTsm9Vfrc9GrKdbDLlpxj5p/wCbPir9qr4Nf8E8f2N/2tvBHij9jr9mL4nal8RfFF/BpskctvqEPhay0+e5Ed1cXIlQIrBd+1FKjzGR2AyGPs0Xg79prxH4v8P63qPhO2iuLfWtRv7B5wg8yV8GZCpccALgDjjnJr1FPi74uv71X1L4V6g1vfXl0pgCOHmiaNQY0+XhhsyTWUPH3xA8YeJNE1S3+G92q2mvT3VsqK2JVK7GiB2/wgHJ9q7cxxuOzqrTlKilNK2j3/HQ2wft8Im5KNt7trzWmpxfwr8EfGnQrTQ9O0Dw9YDT3ivW0y2uWidbhTIkspk3N1DorKODkfhXP/DdP2hfFvxH0bVvLsHg1VdQurMXLwOJYvPE0ocMfvCQIVBwQQMd673UPEnj3wp4e8PpofgK5uJ7fWLq40+Pa378Ny6dOMYxn3ri/hzd/FvwXonh+5s/hfcPdQ6pfS6d50bopRmBm356AHgcgnFcNbAxwuNhTrKN4+9P9FuexDEVK1OpJKF5aLVeeu56VYaz8c9fjsNSttbs2gu7aSeOeVoNsgRo03THB+dSIwu7kYXpzWLqo+KNhfPZ6/rfhhLuNVEqaxDavcqNo2h2ZST8uMZPTFc38OPiH8b9P8MQW9x8NWlWS5voNGsLi32m6jLxs4YEjaEdFOTj8aljT4/eJAdb8SfDbT7y+ndjcXFzDsdiCRgjzBjAAXp2r1c64hdTDUoUIxberu0reX9dDxqWXyhWlzOml0POf2df+Cu3i7xv8V/BPw/8d/ssWFlp3jCe7urjXdA+I2m6qmj5MpXfHBy6gABnGAN5A3FWUQ+Av+Czf7QnxP8AhZpvx6/Zw/4Jt3XibwlqT3f2W+l+IdnaXX+jytE5MDwk4Yo2Nuc4IxkDPnmif8EiPjZc/tHfBP4yeL7L4AeDdO+HetwXevRfDjTtQhub0RSMVtk84YaMqFwrbSrSScsCBWF4K/YJ/wCCwX7NX7O2gfs8/s/ftIfBX/hGfCOq6hJo+6G5S91iC6nmle3ujNA0O1jMxwMMvQP6/Y0MkyahXVVU9V5v8D5OdbCVZWX6n1H+zP8A8Fp/h/8AHzxf8H/BVj8GZ9Jb4q+C9Q8QXE1xqQc6L9kubq3mjwsWJiZIYyD8mVlPGVw3oX7Yf/BTzwB+y6/g+a28Errtn4j1qay1ll1iC1udPtIoGkkura2kBkv5ABnyYVLYz0LKG+StP/4JuftSfAfVPgP8Rv2QfiZ8KbfWPhn8N9R8PanbeP5LuSCS7v72a8nWEW6kyLG0zRo7PuIjBOSSa9B+Kvww/bm+KGhfDHUfi3afBrV9a8NeJvEN94lufB5W2kMD6WYrCGxmv4mktLh5nlWS4jZWj/cuM7TXXUpYWT5YQvfTdnLGjhJST5dCn8Af+C2vgH9or9qbVP2fdc+F+u+Hr/Q/GAj0C6trW6uU1C2+xzNKbjNugtWUoSA5w+4Bc4yfRtS/bsk8B/toeCf2V7zwky6br2l6r4h0vWhdsZ3ninIeyEW3AQQs0m7OSRgAc18o/sQ/szftX/Bz/go7rn7Q3jb4CalpfhXXdRZba7vfjnDeQWoh0y4to5L63Qu+oGR2QqXG6AybvnIyet1b9kL9or4gW+qftwfFz4xado/x7TxVFf8Ag7QPD90JdL8O2FujRx2EJc+WZWDFnkb5Jf8AVSkpNKazo5VgcFUdSNO2m/8Aw56LnCyoundfPc6X9q3/AIKw6n+zP8ZtL+Dmv/s267q2g6rb6he2via31yKLFuGH2lYYWQs8kW6PCA5kZwqAkgVxPwf/AOCyOp/GnQZtI+Jn7Nviax1vS/Cd3r2r6VoksclubOZo4oEtppHUGaV9wAbADJIpIIxWf+1t8K/20v2ldU8CfEvT7j4WR6z4J0LVhrWjXKTXEWsveJtudLQyoYktZ0TAlZlZTNgk+WHbwr9l/wDZu8Y/sv8AgP4wfCP41eFvAHiOLx34Pih0TVob17+PRrqEzTQabHb3UZR4I53372OwsqZLgkjxMVlvDuIpyr4mNpT3953eu3Q9SOGr8zdOi35LU9v8D/8ABbxdb+J3jKx8W/seeLIdE0NY/wCzIIr61+3k3UKM9u6GXyxJlVdSjMNu4vtJAPo3iH9uTSfEWuXeu6d8DNdmhu52kSQq5JyeQcKRkHIPuK/MHx74J+KJuNT1KD9lv4Y2NveabaWOnaDbyRzxaRcqyG4v4YHQwefOqhXPoq7eFXH35B/wUg+APhm3i8OWnhfVEh0+JbaFbeyAQIihV2jPAwBXl55gMFRw9OOBpReuvV7Ld3CUauCS9phJVL+bVj7z0TQvAr2MdwiRzIhBYSzEmN/fnoecV1emfD34UapEh+xxbgd+0ucbuMnrzX5ofAX4y/FLV/E+naZqXjm/mgvby6huo2l4kREYqD9CBg9eK9q+CvxC8cajcWy3viy/kBu2B3XLcgE4H0rwMLmOcYHFxpSrOUX3PLeU4irR5nVs/I+zYPht8LZfIii063LRSlwc55Jwc561NH4D+FqOkR0u0BjnZhnHXPf1r5Qk8T+JNM8YyrY+IL2MHU2O0XTkdPQmvR4dOg1S2huL6a5aR775nW8kU8j/AGWFfdYPHVq1CU1JppdzOWQYtNXxDsz2HX9L+EGhokken2LbZdxJ243H1z/KsK4u/ghZ6Sl7d2ensI7nKoVU/Oe2T7mvDdS0HTriFUn89w+tMjh7yU5A/wCBfrWHeeDfD0+Laa0laNtUCshu5cEf99V8tis2zSvJ3qaPp0Pfw3CslSUvbyvc9g1rxD8JFspbe3g0qG2FwxRVKj956E+vUYrxvxh4u/Z6S/8AsF3FoiTWuqZQMqD986ZGfwNcVqPw98IX8M6XmlNIF15owGupcbQ3A+9Xm/iH4S/Dy5tJZrjw2jt/wlzW5Zp5OYlIwv3uleTDKq2Mrc9etJ/16mmKyV4WlNuvOyTeh2XjD4l/szWuqNpt5JoEclnrSyJJ5aAJPJEPm9Op5zWFf/Gz9iXT72W01y+8M/bEkP2jMUeSxOSfxzmuM8bfs/8AwdS23r4FtQW12JWPmScqduV+905PHTmuS1v9nP4J3Oqzzy/D603O+W2ySKM49A2BXswyih7Ne/L7z88x9PBOceerVfzR/9k=&quot;&gt;&lt;/a&gt;
            &lt;a class=&quot;opr-recommends-merge-mask&quot; target=&quot;_blank&quot; href=&quot;/s?rsv_idx=1&amp;amp;wd=sql%E6%B3%A8%E5%85%A5&amp;amp;usm=1&amp;amp;ie=utf-8&amp;amp;rsv_cq=macaca&amp;amp;rsv_dl=0_right_recommends_merge_21102&amp;amp;cq=macaca&amp;amp;srcid=28310&amp;amp;rt=%E8%AE%A1%E7%AE%97%E6%9C%BA%E6%9C%AF%E8%AF%AD&amp;amp;recid=21102&amp;amp;euri=5fd53a8da41245bfa0c0708d2d199a6e&quot;&gt;&lt;/a&gt;                    &lt;/div&gt;
        &lt;div class=&quot;c-gap-top-small&quot;&gt;&lt;a target=&quot;_blank&quot; title=&quot;sql注入&quot; href=&quot;/s?rsv_idx=1&amp;amp;wd=sql%E6%B3%A8%E5%85%A5&amp;amp;usm=1&amp;amp;ie=utf-8&amp;amp;rsv_cq=macaca&amp;amp;rsv_dl=0_right_recommends_merge_21102&amp;amp;cq=macaca&amp;amp;srcid=28310&amp;amp;rt=%E8%AE%A1%E7%AE%97%E6%9C%BA%E6%9C%AF%E8%AF%AD&amp;amp;recid=21102&amp;amp;euri=5fd53a8da41245bfa0c0708d2d199a6e&quot;&gt;sql注入&lt;/a&gt;&lt;/div&gt;
                        &lt;div class=&quot;opr-recommends-merge-d&quot;&gt;
        	            	&lt;p class=&quot;opr-recommends-merge-width-text&quot;&gt;常见的数据库损失命令&lt;/p&gt;
                    &lt;/div&gt;
                            &lt;/div&gt;   

    &lt;/div&gt;
 

&lt;textarea class=&quot;opr-recommends-merge-hide opr-recommends-merge-more-textarea&quot;&gt;    &amp;lt;div class=&quot;opr-recommends-merge-morelists&quot;&amp;gt;
        
&amp;lt;div class=&quot;c-row c-gap-top&quot;&amp;gt;
    
    &amp;lt;div class=&quot;c-span4  opr-recommends-merge-item &quot; data-click=&quot;{&#039;rsv_re_ename&#039;:&#039;idea&#039;,&#039;rsv_re_uri&#039;:&#039;228c038aefe841918d3238c75e9357f4&#039;}&quot;&amp;gt;
                                                	&amp;lt;div class=&quot;opr-recommends-merge-p&quot;&amp;gt;
            &amp;lt;a target=&quot;_blank&quot; href=&quot;/s?rsv_idx=1&amp;amp;wd=idea&amp;amp;usm=1&amp;amp;ie=utf-8&amp;amp;rsv_cq=macaca&amp;amp;rsv_dl=0_right_recommends_merge_21102&amp;amp;cq=macaca&amp;amp;srcid=28310&amp;amp;rt=%E8%AE%A1%E7%AE%97%E6%9C%BA%E6%9C%AF%E8%AF%AD&amp;amp;recid=21102&amp;amp;euri=228c038aefe841918d3238c75e9357f4&quot;&amp;gt;&amp;lt;img  data-img=&quot;https://ss1.baidu.com/6ONXsjip0QIZ8tyhnq/it/u=991386922,2817180916&amp;amp;fm=58&quot; class=&quot;c-img c-img4 opr-recommends-merge-img&quot;/&amp;gt;&amp;lt;/a&amp;gt;
            &amp;lt;a class=&quot;opr-recommends-merge-mask&quot; target=&quot;_blank&quot; href=&quot;/s?rsv_idx=1&amp;amp;wd=idea&amp;amp;usm=1&amp;amp;ie=utf-8&amp;amp;rsv_cq=macaca&amp;amp;rsv_dl=0_right_recommends_merge_21102&amp;amp;cq=macaca&amp;amp;srcid=28310&amp;amp;rt=%E8%AE%A1%E7%AE%97%E6%9C%BA%E6%9C%AF%E8%AF%AD&amp;amp;recid=21102&amp;amp;euri=228c038aefe841918d3238c75e9357f4&quot;&amp;gt;&amp;lt;/a&amp;gt;                    &amp;lt;/div&amp;gt;
        &amp;lt;div class=&quot;c-gap-top-small&quot;&amp;gt;&amp;lt;a target=&quot;_blank&quot; title=&quot;idea&quot; href=&quot;/s?rsv_idx=1&amp;amp;wd=idea&amp;amp;usm=1&amp;amp;ie=utf-8&amp;amp;rsv_cq=macaca&amp;amp;rsv_dl=0_right_recommends_merge_21102&amp;amp;cq=macaca&amp;amp;srcid=28310&amp;amp;rt=%E8%AE%A1%E7%AE%97%E6%9C%BA%E6%9C%AF%E8%AF%AD&amp;amp;recid=21102&amp;amp;euri=228c038aefe841918d3238c75e9357f4&quot;&amp;gt;idea&amp;lt;/a&amp;gt;&amp;lt;/div&amp;gt;
                                    &amp;lt;/div&amp;gt;   

 

        
    
    &amp;lt;div class=&quot;c-span4  opr-recommends-merge-item &quot; data-click=&quot;{&#039;rsv_re_ename&#039;:&#039;maven&#039;,&#039;rsv_re_uri&#039;:&#039;90cccbdb03934e3bb55df03314c8378a&#039;}&quot;&amp;gt;
                                                	&amp;lt;div class=&quot;opr-recommends-merge-p&quot;&amp;gt;
            &amp;lt;a target=&quot;_blank&quot; href=&quot;/s?rsv_idx=1&amp;amp;wd=maven&amp;amp;usm=1&amp;amp;ie=utf-8&amp;amp;rsv_cq=macaca&amp;amp;rsv_dl=0_right_recommends_merge_21102&amp;amp;cq=macaca&amp;amp;srcid=28310&amp;amp;rt=%E8%AE%A1%E7%AE%97%E6%9C%BA%E6%9C%AF%E8%AF%AD&amp;amp;recid=21102&amp;amp;euri=90cccbdb03934e3bb55df03314c8378a&quot;&amp;gt;&amp;lt;img  data-img=&quot;https://ss1.baidu.com/6ONXsjip0QIZ8tyhnq/it/u=3540079861,881891119&amp;amp;fm=58&quot; class=&quot;c-img c-img4 opr-recommends-merge-img&quot;/&amp;gt;&amp;lt;/a&amp;gt;
            &amp;lt;a class=&quot;opr-recommends-merge-mask&quot; target=&quot;_blank&quot; href=&quot;/s?rsv_idx=1&amp;amp;wd=maven&amp;amp;usm=1&amp;amp;ie=utf-8&amp;amp;rsv_cq=macaca&amp;amp;rsv_dl=0_right_recommends_merge_21102&amp;amp;cq=macaca&amp;amp;srcid=28310&amp;amp;rt=%E8%AE%A1%E7%AE%97%E6%9C%BA%E6%9C%AF%E8%AF%AD&amp;amp;recid=21102&amp;amp;euri=90cccbdb03934e3bb55df03314c8378a&quot;&amp;gt;&amp;lt;/a&amp;gt;                    &amp;lt;/div&amp;gt;
        &amp;lt;div class=&quot;c-gap-top-small&quot;&amp;gt;&amp;lt;a target=&quot;_blank&quot; title=&quot;maven&quot; href=&quot;/s?rsv_idx=1&amp;amp;wd=maven&amp;amp;usm=1&amp;amp;ie=utf-8&amp;amp;rsv_cq=macaca&amp;amp;rsv_dl=0_right_recommends_merge_21102&amp;amp;cq=macaca&amp;amp;srcid=28310&amp;amp;rt=%E8%AE%A1%E7%AE%97%E6%9C%BA%E6%9C%AF%E8%AF%AD&amp;amp;recid=21102&amp;amp;euri=90cccbdb03934e3bb55df03314c8378a&quot;&amp;gt;maven&amp;lt;/a&amp;gt;&amp;lt;/div&amp;gt;
                                    &amp;lt;/div&amp;gt;   

 

        
    
    &amp;lt;div class=&quot;c-span4  c-span-last-s opr-recommends-merge-item &quot; data-click=&quot;{&#039;rsv_re_ename&#039;:&#039;redis&#039;,&#039;rsv_re_uri&#039;:&#039;f9422943dc924eda899b7841b58b23d5&#039;}&quot;&amp;gt;
                                                	&amp;lt;div class=&quot;opr-recommends-merge-p&quot;&amp;gt;
            &amp;lt;a target=&quot;_blank&quot; href=&quot;/s?rsv_idx=1&amp;amp;wd=redis&amp;amp;usm=1&amp;amp;ie=utf-8&amp;amp;rsv_cq=macaca&amp;amp;rsv_dl=0_right_recommends_merge_21102&amp;amp;cq=macaca&amp;amp;srcid=28310&amp;amp;rt=%E8%AE%A1%E7%AE%97%E6%9C%BA%E6%9C%AF%E8%AF%AD&amp;amp;recid=21102&amp;amp;euri=f9422943dc924eda899b7841b58b23d5&quot;&amp;gt;&amp;lt;img  data-img=&quot;https://ss0.baidu.com/6ONWsjip0QIZ8tyhnq/it/u=2017741431,408636055&amp;amp;fm=58&quot; class=&quot;c-img c-img4 opr-recommends-merge-img&quot;/&amp;gt;&amp;lt;/a&amp;gt;
            &amp;lt;a class=&quot;opr-recommends-merge-mask&quot; target=&quot;_blank&quot; href=&quot;/s?rsv_idx=1&amp;amp;wd=redis&amp;amp;usm=1&amp;amp;ie=utf-8&amp;amp;rsv_cq=macaca&amp;amp;rsv_dl=0_right_recommends_merge_21102&amp;amp;cq=macaca&amp;amp;srcid=28310&amp;amp;rt=%E8%AE%A1%E7%AE%97%E6%9C%BA%E6%9C%AF%E8%AF%AD&amp;amp;recid=21102&amp;amp;euri=f9422943dc924eda899b7841b58b23d5&quot;&amp;gt;&amp;lt;/a&amp;gt;                    &amp;lt;/div&amp;gt;
        &amp;lt;div class=&quot;c-gap-top-small&quot;&amp;gt;&amp;lt;a target=&quot;_blank&quot; title=&quot;redis&quot; href=&quot;/s?rsv_idx=1&amp;amp;wd=redis&amp;amp;usm=1&amp;amp;ie=utf-8&amp;amp;rsv_cq=macaca&amp;amp;rsv_dl=0_right_recommends_merge_21102&amp;amp;cq=macaca&amp;amp;srcid=28310&amp;amp;rt=%E8%AE%A1%E7%AE%97%E6%9C%BA%E6%9C%AF%E8%AF%AD&amp;amp;recid=21102&amp;amp;euri=f9422943dc924eda899b7841b58b23d5&quot;&amp;gt;redis&amp;lt;/a&amp;gt;&amp;lt;/div&amp;gt;
                                    &amp;lt;/div&amp;gt;   

 

        
    
    &amp;lt;div class=&quot;c-span4  c-span-last opr-recommends-merge-lastspan opr-recommends-merge-item &quot; data-click=&quot;{&#039;rsv_re_ename&#039;:&#039;groovy&#039;,&#039;rsv_re_uri&#039;:&#039;96a2b3dc11c847ee9e28c4df2c2be661&#039;}&quot;&amp;gt;
                                                	&amp;lt;div class=&quot;opr-recommends-merge-p&quot;&amp;gt;
            &amp;lt;a target=&quot;_blank&quot; href=&quot;/s?rsv_idx=1&amp;amp;wd=groovy&amp;amp;usm=1&amp;amp;ie=utf-8&amp;amp;rsv_cq=macaca&amp;amp;rsv_dl=0_right_recommends_merge_21102&amp;amp;cq=macaca&amp;amp;srcid=28310&amp;amp;rt=%E8%AE%A1%E7%AE%97%E6%9C%BA%E6%9C%AF%E8%AF%AD&amp;amp;recid=21102&amp;amp;euri=96a2b3dc11c847ee9e28c4df2c2be661&quot;&amp;gt;&amp;lt;img  data-img=&quot;https://ss2.baidu.com/6ONYsjip0QIZ8tyhnq/it/u=2355203615,558509497&amp;amp;fm=58&quot; class=&quot;c-img c-img4 opr-recommends-merge-img&quot;/&amp;gt;&amp;lt;/a&amp;gt;
            &amp;lt;a class=&quot;opr-recommends-merge-mask&quot; target=&quot;_blank&quot; href=&quot;/s?rsv_idx=1&amp;amp;wd=groovy&amp;amp;usm=1&amp;amp;ie=utf-8&amp;amp;rsv_cq=macaca&amp;amp;rsv_dl=0_right_recommends_merge_21102&amp;amp;cq=macaca&amp;amp;srcid=28310&amp;amp;rt=%E8%AE%A1%E7%AE%97%E6%9C%BA%E6%9C%AF%E8%AF%AD&amp;amp;recid=21102&amp;amp;euri=96a2b3dc11c847ee9e28c4df2c2be661&quot;&amp;gt;&amp;lt;/a&amp;gt;                    &amp;lt;/div&amp;gt;
        &amp;lt;div class=&quot;c-gap-top-small&quot;&amp;gt;&amp;lt;a target=&quot;_blank&quot; title=&quot;groovy&quot; href=&quot;/s?rsv_idx=1&amp;amp;wd=groovy&amp;amp;usm=1&amp;amp;ie=utf-8&amp;amp;rsv_cq=macaca&amp;amp;rsv_dl=0_right_recommends_merge_21102&amp;amp;cq=macaca&amp;amp;srcid=28310&amp;amp;rt=%E8%AE%A1%E7%AE%97%E6%9C%BA%E6%9C%AF%E8%AF%AD&amp;amp;recid=21102&amp;amp;euri=96a2b3dc11c847ee9e28c4df2c2be661&quot;&amp;gt;groovy&amp;lt;/a&amp;gt;&amp;lt;/div&amp;gt;
                                    &amp;lt;/div&amp;gt;   

    &amp;lt;/div&amp;gt;
 

        
&amp;lt;div class=&quot;c-row c-gap-top&quot;&amp;gt;
    
    &amp;lt;div class=&quot;c-span4  opr-recommends-merge-item &quot; data-click=&quot;{&#039;rsv_re_ename&#039;:&#039;自动化测试&#039;,&#039;rsv_re_uri&#039;:&#039;792719fb9f714c0bb810c23eaf711a8c&#039;}&quot;&amp;gt;
                                                	&amp;lt;div class=&quot;opr-recommends-merge-p&quot;&amp;gt;
            &amp;lt;a target=&quot;_blank&quot; href=&quot;/s?rsv_idx=1&amp;amp;wd=%E8%87%AA%E5%8A%A8%E5%8C%96%E6%B5%8B%E8%AF%95&amp;amp;usm=1&amp;amp;ie=utf-8&amp;amp;rsv_cq=macaca&amp;amp;rsv_dl=0_right_recommends_merge_21102&amp;amp;cq=macaca&amp;amp;srcid=28310&amp;amp;rt=%E8%AE%A1%E7%AE%97%E6%9C%BA%E6%9C%AF%E8%AF%AD&amp;amp;recid=21102&amp;amp;euri=792719fb9f714c0bb810c23eaf711a8c&quot;&amp;gt;&amp;lt;img  data-img=&quot;https://ss2.baidu.com/6ONYsjip0QIZ8tyhnq/it/u=606641951,3124249927&amp;amp;fm=58&quot; class=&quot;c-img c-img4 opr-recommends-merge-img&quot;/&amp;gt;&amp;lt;/a&amp;gt;
            &amp;lt;a class=&quot;opr-recommends-merge-mask&quot; target=&quot;_blank&quot; href=&quot;/s?rsv_idx=1&amp;amp;wd=%E8%87%AA%E5%8A%A8%E5%8C%96%E6%B5%8B%E8%AF%95&amp;amp;usm=1&amp;amp;ie=utf-8&amp;amp;rsv_cq=macaca&amp;amp;rsv_dl=0_right_recommends_merge_21102&amp;amp;cq=macaca&amp;amp;srcid=28310&amp;amp;rt=%E8%AE%A1%E7%AE%97%E6%9C%BA%E6%9C%AF%E8%AF%AD&amp;amp;recid=21102&amp;amp;euri=792719fb9f714c0bb810c23eaf711a8c&quot;&amp;gt;&amp;lt;/a&amp;gt;                    &amp;lt;/div&amp;gt;
        &amp;lt;div class=&quot;c-gap-top-small&quot;&amp;gt;&amp;lt;a target=&quot;_blank&quot; title=&quot;自动化测试&quot; href=&quot;/s?rsv_idx=1&amp;amp;wd=%E8%87%AA%E5%8A%A8%E5%8C%96%E6%B5%8B%E8%AF%95&amp;amp;usm=1&amp;amp;ie=utf-8&amp;amp;rsv_cq=macaca&amp;amp;rsv_dl=0_right_recommends_merge_21102&amp;amp;cq=macaca&amp;amp;srcid=28310&amp;amp;rt=%E8%AE%A1%E7%AE%97%E6%9C%BA%E6%9C%AF%E8%AF%AD&amp;amp;recid=21102&amp;amp;euri=792719fb9f714c0bb810c23eaf711a8c&quot;&amp;gt;自动化测试&amp;lt;/a&amp;gt;&amp;lt;/div&amp;gt;
                                    &amp;lt;/div&amp;gt;   

 

        
    
    &amp;lt;div class=&quot;c-span4  opr-recommends-merge-item &quot; data-click=&quot;{&#039;rsv_re_ename&#039;:&#039;eclipse&#039;,&#039;rsv_re_uri&#039;:&#039;42571a2ebee841c5a399def2709bdc35&#039;}&quot;&amp;gt;
                                                	&amp;lt;div class=&quot;opr-recommends-merge-p&quot;&amp;gt;
            &amp;lt;a target=&quot;_blank&quot; href=&quot;/s?rsv_idx=1&amp;amp;wd=eclipse&amp;amp;usm=1&amp;amp;ie=utf-8&amp;amp;rsv_cq=macaca&amp;amp;rsv_dl=0_right_recommends_merge_21102&amp;amp;cq=macaca&amp;amp;srcid=28310&amp;amp;rt=%E8%AE%A1%E7%AE%97%E6%9C%BA%E6%9C%AF%E8%AF%AD&amp;amp;recid=21102&amp;amp;euri=42571a2ebee841c5a399def2709bdc35&quot;&amp;gt;&amp;lt;img  data-img=&quot;https://ss1.baidu.com/6ONXsjip0QIZ8tyhnq/it/u=2434560235,935681266&amp;amp;fm=58&quot; class=&quot;c-img c-img4 opr-recommends-merge-img&quot;/&amp;gt;&amp;lt;/a&amp;gt;
            &amp;lt;a class=&quot;opr-recommends-merge-mask&quot; target=&quot;_blank&quot; href=&quot;/s?rsv_idx=1&amp;amp;wd=eclipse&amp;amp;usm=1&amp;amp;ie=utf-8&amp;amp;rsv_cq=macaca&amp;amp;rsv_dl=0_right_recommends_merge_21102&amp;amp;cq=macaca&amp;amp;srcid=28310&amp;amp;rt=%E8%AE%A1%E7%AE%97%E6%9C%BA%E6%9C%AF%E8%AF%AD&amp;amp;recid=21102&amp;amp;euri=42571a2ebee841c5a399def2709bdc35&quot;&amp;gt;&amp;lt;/a&amp;gt;                    &amp;lt;/div&amp;gt;
        &amp;lt;div class=&quot;c-gap-top-small&quot;&amp;gt;&amp;lt;a target=&quot;_blank&quot; title=&quot;eclipse&quot; href=&quot;/s?rsv_idx=1&amp;amp;wd=eclipse&amp;amp;usm=1&amp;amp;ie=utf-8&amp;amp;rsv_cq=macaca&amp;amp;rsv_dl=0_right_recommends_merge_21102&amp;amp;cq=macaca&amp;amp;srcid=28310&amp;amp;rt=%E8%AE%A1%E7%AE%97%E6%9C%BA%E6%9C%AF%E8%AF%AD&amp;amp;recid=21102&amp;amp;euri=42571a2ebee841c5a399def2709bdc35&quot;&amp;gt;eclipse&amp;lt;/a&amp;gt;&amp;lt;/div&amp;gt;
                                    &amp;lt;/div&amp;gt;   

    &amp;lt;/div&amp;gt;
 
&amp;lt;/div&amp;gt;
&lt;/textarea&gt;

&lt;/div&gt;
&lt;/div&gt;
&lt;script&gt;
    A.setup({platform:&quot;pc&quot;,showType:&quot;&quot;});
&lt;/script&gt;


&lt;/div&gt;
&lt;/div&gt;
														
			    	
    
&lt;/div&gt;

            
            


            
            
	
	

            
            
&lt;div&gt;
&lt;/div&gt;


            
        &lt;/td&gt;&lt;/tr&gt;&lt;/tbody&gt;&lt;/table&gt;
    &lt;/div&gt;
		

	
	

				
				






&lt;div class=&quot;head_nums_cont_outer OP_LOG&quot;&gt;&lt;div class=&quot;head_nums_cont_inner&quot; style=&quot;top:-40px&quot;&gt;&lt;div class=&quot;search_tool_conter&quot;&gt;&lt;span class=&quot;c-gap-left-samll search_tool_close&quot;&gt;&lt;i class=&quot;c-icon searchTool-up c-icon-chevron-top-gray-s&quot;&gt;&lt;/i&gt;收起工具&lt;/span&gt;&lt;span class=&quot;search_tool_la&quot;&gt;所有网页&lt;i class=&quot;c-icon c-icon-triangle-down&quot;&gt;&lt;/i&gt;&lt;/span&gt;&lt;span class=&quot;search_tool_tf c-gap-left&quot;&gt;时间不限&lt;i class=&quot;c-icon c-icon-triangle-down&quot;&gt;&lt;/i&gt;&lt;/span&gt;&lt;span class=&quot;search_tool_ft c-gap-left&quot;&gt;所有网页和文件&lt;i class=&quot;c-icon c-icon-triangle-down&quot;&gt;&lt;/i&gt;&lt;/span&gt;&lt;span class=&quot;search_tool_si c-gap-left&quot;&gt;站点内检索&lt;i class=&quot;c-icon c-icon-triangle-down&quot;&gt;&lt;/i&gt;&lt;/span&gt;&lt;/div&gt;&lt;div class=&quot;nums&quot;&gt;&lt;div class=&quot;search_tool&quot;&gt;&lt;i class=&quot;c-icon searchTool-spanner c-icon-setting&quot;&gt;&lt;/i&gt;搜索工具&lt;/div&gt;百度为您找到相关结果约396,000个&lt;/div&gt;&lt;/div&gt;&lt;/div&gt;
&lt;script type=&quot;text/javascript&quot;&gt;
	bds.comm.search_tool = {};
	bds.comm.search_tool.sl_lang = &quot;cn&quot;;
	bds.comm.search_tool.st = &quot;&quot;;
	bds.comm.search_tool.et = &quot;&quot;;
	bds.comm.search_tool.stftype = &quot;&quot;;
	bds.comm.search_tool.ft = &quot;&quot;;
	bds.comm.search_tool.si = &quot;&quot;;
	bds.comm.search_tool.exact = &quot;&quot;;
	bds.comm.search_tool.oneDay = &quot;1498359278&quot;;
	bds.comm.search_tool.oneWeek = &quot;1497840878&quot;;
	bds.comm.search_tool.oneMonth = &quot;1495767278&quot;;
	bds.comm.search_tool.oneYear = &quot;1466909678&quot;;
	bds.comm.search_tool.thisDay = &quot;1498320000&quot;;
	bds.comm.search_tool.thisWeek = &quot;1497801600&quot;;
	bds.comm.search_tool.thisMonth = &quot;1495728000&quot;;
	bds.comm.search_tool.thisYear = &quot;1466870400&quot;;
	bds.comm.search_tool.actualResultLang = &quot;cn&quot;;
&lt;/script&gt;










&lt;div id=&quot;content_left&quot;&gt;
	

	
		
			
	
	

	
	
				
				
			
	

	
	
											
						
	            			
						

			
		
		

								

		
				
														
																																									&lt;div class=&quot;result c-container &quot; id=&quot;1&quot; srcid=&quot;1599&quot; tpl=&quot;se_com_default&quot; data-click=&quot;{&amp;quot;rsv_bdr&amp;quot;:&amp;quot;0&amp;quot;,&amp;quot;p5&amp;quot;:1}&quot;&gt;&lt;h3 class=&quot;t c-title-en&quot;&gt;&lt;a data-click=&quot;{
			&#039;F&#039;:&#039;778317EA&#039;,
			&#039;F1&#039;:&#039;9D73F1E4&#039;,
			&#039;F2&#039;:&#039;4CA6DE6B&#039;,
			&#039;F3&#039;:&#039;54E5243F&#039;,
			&#039;T&#039;:&#039;1498445678&#039;,
						&#039;y&#039;:&#039;9EBFE7FF&#039;
			 
									}&quot; href=&quot;http://www.baidu.com/link?url=1gADakX8oNDfi_ol0Rflg0E9o6aNRCget5Mx02YmN-S&quot; target=&quot;_blank&quot;&gt;&lt;em&gt;Macaca&lt;/em&gt; • Solution for Automation Test with Ease&lt;/a&gt;&lt;/h3&gt;&lt;div class=&quot;m&quot;&gt;查看此网页的中文翻译，请点击&amp;nbsp;&lt;a href=&quot;http://www.baidu.com/link?url=kpzvha0-9kLQOwtZQWWhA_TIgjokAmyncLMBPmgXeqzDZABlk6FZlKKci-uFBso0soxalTVH6iQhYQ33X6EbEGQoavTMicYVyF94CDffQw_InJK_dX-7Va39WYbgNDtqBXUANlrH12v6GoaIAdjV8H90zf9HH1gMQJiAp6VsJGVjcQ_mJLKH7InDtC9fCcnw&quot; target=&quot;_blank&quot; class=&quot;m&quot;&gt;翻译此页&lt;/a&gt;&lt;/div&gt;&lt;div class=&quot;c-abstract c-abstract-en&quot;&gt;Distributed CI Fast deployment with continuous integration (CI) serviceReleased under the MIT License © 2015-2017 &lt;em&gt;Macaca&lt;/em&gt; ...&lt;/div&gt;&lt;div class=&quot;f13&quot;&gt;&lt;a target=&quot;_blank&quot; href=&quot;http://www.baidu.com/link?url=1gADakX8oNDfi_ol0Rflg0E9o6aNRCget5Mx02YmN-S&quot; class=&quot;c-showurl&quot; style=&quot;text-decoration:none;&quot;&gt;&lt;b&gt;macaca&lt;/b&gt;js.com/&amp;nbsp;&lt;/a&gt;&lt;div class=&quot;c-tools&quot; id=&quot;tools_13249367972464295053_1&quot; data-tools=&quot;{&amp;quot;title&amp;quot;:&amp;quot;Macaca • Solution for Automation Test with Ease&amp;quot;,&amp;quot;url&amp;quot;:&amp;quot;http://www.baidu.com/link?url=1gADakX8oNDfi_ol0Rflg0E9o6aNRCget5Mx02YmN-S&amp;quot;}&quot;&gt;&lt;a class=&quot;c-tip-icon&quot;&gt;&lt;i class=&quot;c-icon c-icon-triangle-down-g&quot;&gt;&lt;/i&gt;&lt;/a&gt;&lt;/div&gt;&lt;span class=&quot;c-icons-outer&quot;&gt;&lt;span class=&quot;c-icons-inner&quot;&gt;&lt;/span&gt;&lt;/span&gt;&amp;nbsp;-&amp;nbsp;&lt;a data-click=&quot;{&#039;rsv_snapshot&#039;:&#039;1&#039;}&quot; href=&quot;http://cache.baiducontent.com/c?m=9d78d513d99c12fe0bbcc76a4a5689694312c6212bd6a308628bc019c03508190671e3cc767f4f19&amp;amp;p=9779d61bca934eac59ebd72d0214c9&amp;amp;newp=9172de15d9c040a903fbc7710f5e8b231610db2151d6d6166b82c825d7331b001c3bbfb423241104d9c27b620aa54b57e8f73273300927a3dda5c91d9fb4c57479d331&amp;amp;user=baidu&amp;amp;fm=sc&amp;amp;query=macaca&amp;amp;qid=c3ff7752001a2d27&amp;amp;p1=1&quot; target=&quot;_blank&quot; class=&quot;m&quot;&gt;百度快照&lt;/a&gt;&lt;/div&gt;&lt;/div&gt;
											
		
						
			
		

								

		
				
														
																																									&lt;div class=&quot;result c-container &quot; id=&quot;2&quot; srcid=&quot;1599&quot; tpl=&quot;se_com_default&quot; data-click=&quot;{&amp;quot;rsv_bdr&amp;quot;:&amp;quot;0&amp;quot;,&amp;quot;p5&amp;quot;:2}&quot;&gt;&lt;h3 class=&quot;t&quot;&gt;&lt;a data-click=&quot;{
			&#039;F&#039;:&#039;778317EA&#039;,
			&#039;F1&#039;:&#039;9D73F1E4&#039;,
			&#039;F2&#039;:&#039;4CA6DD6B&#039;,
			&#039;F3&#039;:&#039;54E5343F&#039;,
			&#039;T&#039;:&#039;1498445678&#039;,
						&#039;y&#039;:&#039;FBF7FF9B&#039;
			 
									}&quot; href=&quot;http://www.baidu.com/link?url=CeNdH11gS30Gn5HfiXgxNPIu8-lMgqkKrieaVwDOaGPa3m3jDxnW_OkiZZFYS2c_&quot; target=&quot;_blank&quot;&gt;&lt;em&gt;Macaca&lt;/em&gt;首页、文档和下载 - 自动化测试解决方案 - 开源中国社区&lt;/a&gt;&lt;/h3&gt;&lt;div class=&quot;c-abstract&quot;&gt;官方网站: 链接 &lt;em&gt;Macaca&lt;/em&gt;是一套完整的自动化测试解决方案。 特性: 支持移动端和PC端 支持Native, Hybrid, H5 等多种应用类型 提供客户端工具和持续集成服务 客户端...&lt;/div&gt;&lt;div class=&quot;f13&quot;&gt;&lt;a target=&quot;_blank&quot; href=&quot;http://www.baidu.com/link?url=CeNdH11gS30Gn5HfiXgxNPIu8-lMgqkKrieaVwDOaGPa3m3jDxnW_OkiZZFYS2c_&quot; class=&quot;c-showurl&quot; style=&quot;text-decoration:none;&quot;&gt;www.oschina.net/p/&lt;b&gt;macaca&lt;/b&gt;&amp;nbsp;&lt;/a&gt;&lt;div class=&quot;c-tools&quot; id=&quot;tools_11278799904976578789_2&quot; data-tools=&quot;{&amp;quot;title&amp;quot;:&amp;quot;Macaca首页、文档和下载 - 自动化测试解决方案 - 开源中国社区&amp;quot;,&amp;quot;url&amp;quot;:&amp;quot;http://www.baidu.com/link?url=CeNdH11gS30Gn5HfiXgxNPIu8-lMgqkKrieaVwDOaGPa3m3jDxnW_OkiZZFYS2c_&amp;quot;}&quot;&gt;&lt;a class=&quot;c-tip-icon&quot;&gt;&lt;i class=&quot;c-icon c-icon-triangle-down-g&quot;&gt;&lt;/i&gt;&lt;/a&gt;&lt;/div&gt;&lt;span class=&quot;c-icons-outer&quot;&gt;&lt;span class=&quot;c-icons-inner&quot;&gt;&lt;/span&gt;&lt;/span&gt;&amp;nbsp;-&amp;nbsp;&lt;a data-click=&quot;{&#039;rsv_snapshot&#039;:&#039;1&#039;}&quot; href=&quot;http://cache.baiducontent.com/c?m=9f65cb4a8c8507ed4fece763105392230e54f73e7d868a4e23878448e4380c075a24fee47473435580d1393a41f94603b9a1652364&amp;amp;p=c9759a46d7c01ee81aa2c52d0214c6&amp;amp;newp=8b2a9712839e59ff57ee957d5f7a8f231610db2151d6d3106b82c825d7331b001c3bbfb423241104d3cf796d02a94f5dedf63371360723a3dda5c91d9fb4c57479df726968&amp;amp;user=baidu&amp;amp;fm=sc&amp;amp;query=macaca&amp;amp;qid=c3ff7752001a2d27&amp;amp;p1=2&quot; target=&quot;_blank&quot; class=&quot;m&quot;&gt;百度快照&lt;/a&gt;&lt;/div&gt;&lt;div class=&quot;c-gap-top c-recommend&quot; style=&quot;display:none;&quot; data-extquery=&quot;macaca自动化测试&amp;nbsp;macaca 测试&amp;nbsp;macaca appium&amp;nbsp;appium&amp;nbsp;&quot;&gt;&lt;i class=&quot;c-icon c-icon-bear-circle c-gap-right-small&quot;&gt;&lt;/i&gt;&lt;span class=&quot;c-gray&quot;&gt;为您推荐：&lt;/span&gt;&lt;a href=&quot;/s?rsv_idx=1&amp;amp;wd=macaca%E8%87%AA%E5%8A%A8%E5%8C%96%E6%B5%8B%E8%AF%95&amp;amp;usm=1&amp;amp;ie=utf-8&amp;amp;rsv_crq=7&amp;amp;bs=macaca&quot; target=&quot;_blank&quot; class=&quot;res-gap-right16&quot;&gt;macaca自动化测试&lt;/a&gt;&lt;a href=&quot;/s?rsv_idx=1&amp;amp;wd=macaca+%E6%B5%8B%E8%AF%95&amp;amp;usm=1&amp;amp;ie=utf-8&amp;amp;rsv_crq=7&amp;amp;bs=macaca&quot; target=&quot;_blank&quot; class=&quot;res-gap-right16&quot;&gt;macaca 测试&lt;/a&gt;&lt;a href=&quot;/s?rsv_idx=1&amp;amp;wd=macaca+appium&amp;amp;usm=1&amp;amp;ie=utf-8&amp;amp;rsv_crq=7&amp;amp;bs=macaca&quot; target=&quot;_blank&quot; class=&quot;res-gap-right16&quot;&gt;macaca appium&lt;/a&gt;&lt;a href=&quot;/s?rsv_idx=1&amp;amp;wd=appium&amp;amp;usm=1&amp;amp;ie=utf-8&amp;amp;rsv_crq=7&amp;amp;bs=macaca&quot; target=&quot;_blank&quot;&gt;appium&lt;/a&gt;&lt;/div&gt;&lt;/div&gt;
											
		
						
			
		

								

		
				
														
																																									&lt;div class=&quot;result c-container &quot; id=&quot;3&quot; srcid=&quot;1599&quot; tpl=&quot;se_com_default&quot; data-click=&quot;{&amp;quot;rsv_bdr&amp;quot;:&amp;quot;0&amp;quot;,&amp;quot;p5&amp;quot;:3}&quot;&gt;&lt;h3 class=&quot;t&quot;&gt;&lt;a data-click=&quot;{
			&#039;F&#039;:&#039;778317EA&#039;,
			&#039;F1&#039;:&#039;9D73F1E4&#039;,
			&#039;F2&#039;:&#039;4CA6DE6B&#039;,
			&#039;F3&#039;:&#039;54E5343F&#039;,
			&#039;T&#039;:&#039;1498445678&#039;,
						&#039;y&#039;:&#039;D7FFBF7D&#039;
			 
									}&quot; href=&quot;http://www.baidu.com/link?url=eAkhpBY6wuvKIQDCjFKrOn3NZ4BlH4ypF3kEBtX-w_Hr9DhqSpTf3Q2Gf6iT7JI5&quot; target=&quot;_blank&quot;&gt;&lt;em&gt;Macaca&lt;/em&gt; · 社区 · TesterHome&lt;/a&gt;&lt;/h3&gt;&lt;div class=&quot;c-abstract&quot;&gt;&lt;span class=&quot; newTimeFactor_before_abs m&quot;&gt;6天前&amp;nbsp;-&amp;nbsp;&lt;/span&gt;34 &lt;em&gt;Macaca&lt;/em&gt; ubuntu16.04 和 win10 环境正确部署 &lt;em&gt;macaca&lt;/em&gt;-android2.0.2 和 app-inspector1.2.28  harsayer • 最后由 xmlbw 回复于 2017年06月19日  5 &lt;em&gt;Ma&lt;/em&gt;...&lt;/div&gt;&lt;div class=&quot;f13&quot;&gt;&lt;a target=&quot;_blank&quot; href=&quot;http://www.baidu.com/link?url=eAkhpBY6wuvKIQDCjFKrOn3NZ4BlH4ypF3kEBtX-w_Hr9DhqSpTf3Q2Gf6iT7JI5&quot; class=&quot;c-showurl&quot; style=&quot;text-decoration:none;&quot;&gt;testerhome.com/topics/...&amp;nbsp;&lt;/a&gt;&lt;div class=&quot;c-tools&quot; id=&quot;tools_8998940690372164307_3&quot; data-tools=&quot;{&amp;quot;title&amp;quot;:&amp;quot;Macaca · 社区 · TesterHome&amp;quot;,&amp;quot;url&amp;quot;:&amp;quot;http://www.baidu.com/link?url=eAkhpBY6wuvKIQDCjFKrOn3NZ4BlH4ypF3kEBtX-w_Hr9DhqSpTf3Q2Gf6iT7JI5&amp;quot;}&quot;&gt;&lt;a class=&quot;c-tip-icon&quot;&gt;&lt;i class=&quot;c-icon c-icon-triangle-down-g&quot;&gt;&lt;/i&gt;&lt;/a&gt;&lt;/div&gt;&lt;span class=&quot;c-icons-outer&quot;&gt;&lt;span class=&quot;c-icons-inner&quot;&gt;&lt;/span&gt;&lt;/span&gt;&amp;nbsp;-&amp;nbsp;&lt;a data-click=&quot;{&#039;rsv_snapshot&#039;:&#039;1&#039;}&quot; href=&quot;http://cache.baiducontent.com/c?m=9f65cb4a8c8507ed4fece763105080275f03c039618887027fa3c215cc791d1c053db2fa3a7e4d5284c1767344f2090ae5af6523645273&amp;amp;p=882a9645d4df57bc09be9b7c485782&amp;amp;newp=882a9645d49f15fc57ef8e3a1e4c83231610db2151d4d1176b82c825d7331b001c3bbfb423241105d6c17a6107a44258e9f437793c0225a3dda5c91d9fb4c57479d473&amp;amp;user=baidu&amp;amp;fm=sc&amp;amp;query=macaca&amp;amp;qid=c3ff7752001a2d27&amp;amp;p1=3&quot; target=&quot;_blank&quot; class=&quot;m&quot;&gt;百度快照&lt;/a&gt;&lt;/div&gt;&lt;/div&gt;
											
		
						
			
		

								

		
				
														
																																									&lt;div class=&quot;result c-container &quot; id=&quot;4&quot; srcid=&quot;1599&quot; tpl=&quot;se_com_default&quot; data-click=&quot;{&amp;quot;rsv_bdr&amp;quot;:&amp;quot;0&amp;quot;,&amp;quot;p5&amp;quot;:4}&quot;&gt;&lt;h3 class=&quot;t&quot;&gt;&lt;a data-click=&quot;{
			&#039;F&#039;:&#039;778317EA&#039;,
			&#039;F1&#039;:&#039;9D73F1E4&#039;,
			&#039;F2&#039;:&#039;4CA6DE6B&#039;,
			&#039;F3&#039;:&#039;54E5343F&#039;,
			&#039;T&#039;:&#039;1498445678&#039;,
						&#039;y&#039;:&#039;B77EEE8F&#039;
			 
									}&quot; href=&quot;http://www.baidu.com/link?url=Xu_AsHPE66uVu9V8_mNIJc-BRYjW-Vg3-76n-B8-NFjmFFNXGTUOG1FawJYVyYcY5cpTYuPz6LIRyz7YCcdhhK&quot; target=&quot;_blank&quot;&gt;&lt;em&gt;Macaca&lt;/em&gt;自动化测试之Android测试 - 虫师 - 博客园&lt;/a&gt;&lt;/h3&gt;&lt;div class=&quot;c-row c-gap-top-small&quot;&gt;&lt;div class=&quot;general_image_pic c-span6&quot;&gt;&lt;a class=&quot;c-img6&quot; style=&quot;height:75px&quot; href=&quot;http://www.baidu.com/link?url=Xu_AsHPE66uVu9V8_mNIJc-BRYjW-Vg3-76n-B8-NFjmFFNXGTUOG1FawJYVyYcY5cpTYuPz6LIRyz7YCcdhhK&quot; target=&quot;_blank&quot;&gt;&lt;img class=&quot;c-img c-img6&quot; src=&quot;https://ss0.baidu.com/73x1bjeh1BF3odCf/it/u=1190414170,571750852&amp;amp;fm=85&amp;amp;s=869835CA43FEB6690049EC0C000070C2&quot; style=&quot;height:75px;&quot;&gt;&lt;/a&gt;&lt;/div&gt;&lt;div class=&quot;c-span18 c-span-last&quot;&gt;&lt;div class=&quot;c-abstract&quot;&gt;&lt;span class=&quot; newTimeFactor_before_abs m&quot;&gt;2016年10月3日&amp;nbsp;-&amp;nbsp;&lt;/span&gt;&lt;em&gt;Macaca&lt;/em&gt; PC端Web自动化测试非常类似于Selenium,而移动端自动化测试非常类似于Appium,如果你搭建过Appium环境,&lt;em&gt;Macaca&lt;/em&gt;移动端环境的搭建将非常简单。在安装之前看看&lt;em&gt;Macaca&lt;/em&gt;的...&lt;/div&gt;&lt;div class=&quot;f13&quot;&gt;&lt;a target=&quot;_blank&quot; href=&quot;http://www.baidu.com/link?url=Xu_AsHPE66uVu9V8_mNIJc-BRYjW-Vg3-76n-B8-NFjmFFNXGTUOG1FawJYVyYcY5cpTYuPz6LIRyz7YCcdhhK&quot; class=&quot;c-showurl&quot; style=&quot;text-decoration:none;&quot;&gt;www.cnblogs.com/fnng/p...&amp;nbsp;&lt;/a&gt;&lt;div class=&quot;c-tools&quot; id=&quot;tools_9372391574803139322_4&quot; data-tools=&quot;{&amp;quot;title&amp;quot;:&amp;quot;Macaca自动化测试之Android测试 - 虫师 - 博客园&amp;quot;,&amp;quot;url&amp;quot;:&amp;quot;http://www.baidu.com/link?url=Xu_AsHPE66uVu9V8_mNIJc-BRYjW-Vg3-76n-B8-NFjmFFNXGTUOG1FawJYVyYcY5cpTYuPz6LIRyz7YCcdhhK&amp;quot;}&quot;&gt;&lt;a class=&quot;c-tip-icon&quot;&gt;&lt;i class=&quot;c-icon c-icon-triangle-down-g&quot;&gt;&lt;/i&gt;&lt;/a&gt;&lt;/div&gt;&lt;span class=&quot;c-icons-outer&quot;&gt;&lt;span class=&quot;c-icons-inner&quot;&gt;&lt;/span&gt;&lt;/span&gt;&amp;nbsp;-&amp;nbsp;&lt;a data-click=&quot;{&#039;rsv_snapshot&#039;:&#039;1&#039;}&quot; href=&quot;http://cache.baiducontent.com/c?m=9d78d513d99c12fe0bbcc76a4a5689694312c6212bd6a3086291d60d84642c101b36bde672630704a49421381cfb1500bfed746f300820bc91ce885dddccc86e70d6&amp;amp;p=b4348f16d9c115ff57ee947c155ec9&amp;amp;newp=8c36d10f86cc42af5aa7c7710f49a5231610db2151d4d6176b82c825d7331b001c3bbfb423241105d6c17a6107a44258e9f437793c0225a3dda5c91d9fb4c57479c2&amp;amp;user=baidu&amp;amp;fm=sc&amp;amp;query=macaca&amp;amp;qid=c3ff7752001a2d27&amp;amp;p1=4&quot; target=&quot;_blank&quot; class=&quot;m&quot;&gt;百度快照&lt;/a&gt;&lt;/div&gt;&lt;/div&gt;&lt;/div&gt;&lt;/div&gt;
											
		
						
			
		

								

		
				
														
																																									&lt;div class=&quot;result c-container &quot; id=&quot;5&quot; srcid=&quot;1599&quot; tpl=&quot;se_com_default&quot; data-click=&quot;{&amp;quot;rsv_bdr&amp;quot;:&amp;quot;0&amp;quot;,&amp;quot;p5&amp;quot;:5}&quot;&gt;&lt;h3 class=&quot;t&quot;&gt;&lt;a data-click=&quot;{
			&#039;F&#039;:&#039;778317EA&#039;,
			&#039;F1&#039;:&#039;9D73F1E4&#039;,
			&#039;F2&#039;:&#039;4CA6DD6B&#039;,
			&#039;F3&#039;:&#039;54E5343F&#039;,
			&#039;T&#039;:&#039;1498445678&#039;,
						&#039;y&#039;:&#039;BFEF6C5E&#039;
			 
									}&quot; href=&quot;http://www.baidu.com/link?url=9RNMyR-ys5VPcQLI_Ko_7Bor2FvgCe8pfPVvgbm9ygcyDT_44xrUCdNfdu3YYPbS&quot; target=&quot;_blank&quot;&gt;阿里完整自动化测试解决方案 &lt;em&gt;macaca&lt;/em&gt; 开源啦-博客-云栖社区-阿里云&lt;/a&gt;&lt;/h3&gt;&lt;div class=&quot;c-row c-gap-top-small&quot;&gt;&lt;div class=&quot;general_image_pic c-span6&quot;&gt;&lt;a class=&quot;c-img6&quot; style=&quot;height:75px&quot; href=&quot;http://www.baidu.com/link?url=9RNMyR-ys5VPcQLI_Ko_7Bor2FvgCe8pfPVvgbm9ygcyDT_44xrUCdNfdu3YYPbS&quot; target=&quot;_blank&quot;&gt;&lt;img class=&quot;c-img c-img6&quot; src=&quot;https://ss0.baidu.com/73F1bjeh1BF3odCf/it/u=2009544687,3036849659&amp;amp;fm=85&amp;amp;s=219851321E3C708E04D144CA0100F0B2&quot; style=&quot;height:75px;&quot;&gt;&lt;/a&gt;&lt;/div&gt;&lt;div class=&quot;c-span18 c-span-last&quot;&gt;&lt;div class=&quot;c-abstract&quot;&gt;&lt;em&gt;macaca&lt;/em&gt; 是阿里开源的完整自动化测试解决方案,该方案能够支持移动端和PC端,同时也支持Native,Hybrid,H5等多种应用类型并且能提供客户端工具和持续集成服务。&lt;/div&gt;&lt;div class=&quot;f13&quot;&gt;&lt;a target=&quot;_blank&quot; href=&quot;http://www.baidu.com/link?url=9RNMyR-ys5VPcQLI_Ko_7Bor2FvgCe8pfPVvgbm9ygcyDT_44xrUCdNfdu3YYPbS&quot; class=&quot;c-showurl&quot; style=&quot;text-decoration:none;&quot;&gt;https://yq.aliyun.com/articles...&amp;nbsp;&lt;/a&gt;&lt;div class=&quot;c-tools&quot; id=&quot;tools_15399719392178092000_5&quot; data-tools=&quot;{&amp;quot;title&amp;quot;:&amp;quot;阿里完整自动化测试解决方案 macaca 开源啦-博客-云栖社区-阿里云 &amp;quot;,&amp;quot;url&amp;quot;:&amp;quot;http://www.baidu.com/link?url=9RNMyR-ys5VPcQLI_Ko_7Bor2FvgCe8pfPVvgbm9ygcyDT_44xrUCdNfdu3YYPbS&amp;quot;}&quot;&gt;&lt;a class=&quot;c-tip-icon&quot;&gt;&lt;i class=&quot;c-icon c-icon-triangle-down-g&quot;&gt;&lt;/i&gt;&lt;/a&gt;&lt;/div&gt;&lt;span class=&quot;c-icons-outer&quot;&gt;&lt;span class=&quot;c-icons-inner&quot;&gt;&lt;/span&gt;&lt;/span&gt;&lt;/div&gt;&lt;/div&gt;&lt;/div&gt;&lt;div class=&quot;c-gap-top c-recommend&quot; style=&quot;display:none;&quot; data-extquery=&quot;阿里自动化测试平台&amp;nbsp;macaca 怎么用&amp;nbsp;macaca怎么安装&amp;nbsp;reliable&amp;nbsp;&quot;&gt;&lt;i class=&quot;c-icon c-icon-bear-circle c-gap-right-small&quot;&gt;&lt;/i&gt;&lt;span class=&quot;c-gray&quot;&gt;为您推荐：&lt;/span&gt;&lt;a href=&quot;/s?rsv_idx=1&amp;amp;wd=%E9%98%BF%E9%87%8C%E8%87%AA%E5%8A%A8%E5%8C%96%E6%B5%8B%E8%AF%95%E5%B9%B3%E5%8F%B0&amp;amp;usm=1&amp;amp;ie=utf-8&amp;amp;rsv_crq=7&amp;amp;bs=macaca&quot; target=&quot;_blank&quot; class=&quot;res-gap-right16&quot;&gt;阿里自动化测试平台&lt;/a&gt;&lt;a href=&quot;/s?rsv_idx=1&amp;amp;wd=macaca+%E6%80%8E%E4%B9%88%E7%94%A8&amp;amp;usm=1&amp;amp;ie=utf-8&amp;amp;rsv_crq=7&amp;amp;bs=macaca&quot; target=&quot;_blank&quot; class=&quot;res-gap-right16&quot;&gt;macaca 怎么用&lt;/a&gt;&lt;a href=&quot;/s?rsv_idx=1&amp;amp;wd=macaca%E6%80%8E%E4%B9%88%E5%AE%89%E8%A3%85&amp;amp;usm=1&amp;amp;ie=utf-8&amp;amp;rsv_crq=7&amp;amp;bs=macaca&quot; target=&quot;_blank&quot; class=&quot;res-gap-right16&quot;&gt;macaca怎么安装&lt;/a&gt;&lt;a href=&quot;/s?rsv_idx=1&amp;amp;wd=reliable&amp;amp;usm=1&amp;amp;ie=utf-8&amp;amp;rsv_crq=7&amp;amp;bs=macaca&quot; target=&quot;_blank&quot;&gt;reliable&lt;/a&gt;&lt;/div&gt;&lt;/div&gt;
											
		
						
			
		

								

		
				
														
																																									&lt;div class=&quot;result c-container &quot; id=&quot;6&quot; srcid=&quot;1599&quot; tpl=&quot;se_com_default&quot; data-click=&quot;{&amp;quot;rsv_bdr&amp;quot;:&amp;quot;0&amp;quot;,&amp;quot;p5&amp;quot;:6}&quot;&gt;&lt;h3 class=&quot;t&quot;&gt;&lt;a data-click=&quot;{
			&#039;F&#039;:&#039;778317EA&#039;,
			&#039;F1&#039;:&#039;9D73F1E4&#039;,
			&#039;F2&#039;:&#039;4CA6DD6B&#039;,
			&#039;F3&#039;:&#039;54E5343F&#039;,
			&#039;T&#039;:&#039;1498445678&#039;,
						&#039;y&#039;:&#039;EE77FDEF&#039;
			 
									}&quot; href=&quot;http://www.baidu.com/link?url=4GK_8zj2p8rfSiIR9cZwtg4cgo_PPkkrBhALuVmhc10hheBlV30of1FzxHj-XrkG&quot; target=&quot;_blank&quot;&gt;&lt;em&gt;Macaca&lt;/em&gt;基础原理解析-博客-云栖社区-阿里云&lt;/a&gt;&lt;/h3&gt;&lt;div class=&quot;c-row c-gap-top-small&quot;&gt;&lt;div class=&quot;general_image_pic c-span6&quot;&gt;&lt;a class=&quot;c-img6&quot; style=&quot;height:75px&quot; href=&quot;http://www.baidu.com/link?url=4GK_8zj2p8rfSiIR9cZwtg4cgo_PPkkrBhALuVmhc10hheBlV30of1FzxHj-XrkG&quot; target=&quot;_blank&quot;&gt;&lt;img class=&quot;c-img c-img6&quot; src=&quot;https://ss0.baidu.com/73x1bjeh1BF3odCf/it/u=502442860,3867028406&amp;amp;fm=85&amp;amp;s=4D7082468D40855754F99111020060C1&quot; style=&quot;height:75px;&quot;&gt;&lt;/a&gt;&lt;/div&gt;&lt;div class=&quot;c-span18 c-span-last&quot;&gt;&lt;div class=&quot;c-abstract&quot;&gt;&lt;span class=&quot; newTimeFactor_before_abs m&quot;&gt;2016年12月13日&amp;nbsp;-&amp;nbsp;&lt;/span&gt;## 导语前面几篇文章介绍了在&lt;em&gt;Macaca&lt;/em&gt;实践中的一些实用技巧与解决方案,今天简单分析一下&lt;em&gt;Macaca&lt;/em&gt;的基础原理。这篇文章将以前面所分享的[UI自动化&lt;em&gt;Macaca&lt;/em&gt;-Java版实践心得]...&lt;/div&gt;&lt;div class=&quot;f13&quot;&gt;&lt;a target=&quot;_blank&quot; href=&quot;http://www.baidu.com/link?url=4GK_8zj2p8rfSiIR9cZwtg4cgo_PPkkrBhALuVmhc10hheBlV30of1FzxHj-XrkG&quot; class=&quot;c-showurl&quot; style=&quot;text-decoration:none;&quot;&gt;https://yq.aliyun.com/articles...&amp;nbsp;&lt;/a&gt;&lt;div class=&quot;c-tools&quot; id=&quot;tools_15626947054989842380_6&quot; data-tools=&quot;{&amp;quot;title&amp;quot;:&amp;quot;Macaca基础原理解析-博客-云栖社区-阿里云 &amp;quot;,&amp;quot;url&amp;quot;:&amp;quot;http://www.baidu.com/link?url=4GK_8zj2p8rfSiIR9cZwtg4cgo_PPkkrBhALuVmhc10hheBlV30of1FzxHj-XrkG&amp;quot;}&quot;&gt;&lt;a class=&quot;c-tip-icon&quot;&gt;&lt;i class=&quot;c-icon c-icon-triangle-down-g&quot;&gt;&lt;/i&gt;&lt;/a&gt;&lt;/div&gt;&lt;span class=&quot;c-icons-outer&quot;&gt;&lt;span class=&quot;c-icons-inner&quot;&gt;&lt;/span&gt;&lt;/span&gt;&lt;/div&gt;&lt;/div&gt;&lt;/div&gt;&lt;/div&gt;
											
		
						
			
		

								

		
				
														
																																									&lt;div class=&quot;result c-container &quot; id=&quot;7&quot; srcid=&quot;1599&quot; tpl=&quot;se_com_default&quot; data-click=&quot;{&amp;quot;rsv_bdr&amp;quot;:&amp;quot;0&amp;quot;,&amp;quot;p5&amp;quot;:7}&quot;&gt;&lt;h3 class=&quot;t&quot;&gt;&lt;a data-click=&quot;{
			&#039;F&#039;:&#039;778317EA&#039;,
			&#039;F1&#039;:&#039;9D73F1E4&#039;,
			&#039;F2&#039;:&#039;4CA6DE6B&#039;,
			&#039;F3&#039;:&#039;54E5243F&#039;,
			&#039;T&#039;:&#039;1498445678&#039;,
						&#039;y&#039;:&#039;FDFDFDBE&#039;
			 
									}&quot; href=&quot;http://www.baidu.com/link?url=C8f8-9wIvGBO_GDrqlQBaGiM52piPGAiOEEe6fJ2YXDIZwPnA47iHyjlsdvGv16V&quot; target=&quot;_blank&quot;&gt;&lt;em&gt;MACACA&lt;/em&gt;輕運動生活服&lt;/a&gt;&lt;/h3&gt;&lt;div class=&quot;c-abstract&quot;&gt;Shop (0) | Shop Info | Member | Q&amp;amp;A | ContactPRODUCTS/產品分類 LOOKBOOK ACTIVITY/運動類型 BLOG/生活誌Top...&lt;/div&gt;&lt;div class=&quot;f13&quot;&gt;&lt;a target=&quot;_blank&quot; href=&quot;http://www.baidu.com/link?url=C8f8-9wIvGBO_GDrqlQBaGiM52piPGAiOEEe6fJ2YXDIZwPnA47iHyjlsdvGv16V&quot; class=&quot;c-showurl&quot; style=&quot;text-decoration:none;&quot;&gt;www.&lt;b&gt;macaca&lt;/b&gt;.com.tw/&amp;nbsp;&lt;/a&gt;&lt;div class=&quot;c-tools&quot; id=&quot;tools_6982440597047688521_7&quot; data-tools=&quot;{&amp;quot;title&amp;quot;:&amp;quot;MACACA輕運動生活服&amp;quot;,&amp;quot;url&amp;quot;:&amp;quot;http://www.baidu.com/link?url=C8f8-9wIvGBO_GDrqlQBaGiM52piPGAiOEEe6fJ2YXDIZwPnA47iHyjlsdvGv16V&amp;quot;}&quot;&gt;&lt;a class=&quot;c-tip-icon&quot;&gt;&lt;i class=&quot;c-icon c-icon-triangle-down-g&quot;&gt;&lt;/i&gt;&lt;/a&gt;&lt;/div&gt;&lt;span class=&quot;c-icons-outer&quot;&gt;&lt;span class=&quot;c-icons-inner&quot;&gt;&lt;/span&gt;&lt;/span&gt;&amp;nbsp;-&amp;nbsp;&lt;a data-click=&quot;{&#039;rsv_snapshot&#039;:&#039;1&#039;}&quot; href=&quot;http://cache.baiducontent.com/c?m=9f65cb4a8c8507ed4fece763105392230e54f73c6f8683442cc3933fc23904564711a5fe3a3655599393733852fe1a0db9&amp;amp;p=8b2a970aa4934eac58edc235425189&amp;amp;newp=81788e15d9c041af42badb2d021491231610db2151d7d2116b82c825d7331b001c3bbfb423241107d4c57c6c03ab4e5ce1fa3177300225a3dda5c91d9fb4c5747992707b&amp;amp;user=baidu&amp;amp;fm=sc&amp;amp;query=macaca&amp;amp;qid=c3ff7752001a2d27&amp;amp;p1=7&quot; target=&quot;_blank&quot; class=&quot;m&quot;&gt;百度快照&lt;/a&gt;&lt;/div&gt;&lt;/div&gt;
											
		
						
			
		

								

		
				
														
																																									&lt;div class=&quot;result c-container &quot; id=&quot;8&quot; srcid=&quot;1599&quot; tpl=&quot;se_com_default&quot; data-click=&quot;{&amp;quot;rsv_bdr&amp;quot;:&amp;quot;0&amp;quot;,&amp;quot;p5&amp;quot;:8}&quot;&gt;&lt;h3 class=&quot;t&quot;&gt;&lt;a data-click=&quot;{
			&#039;F&#039;:&#039;778317EA&#039;,
			&#039;F1&#039;:&#039;9D73F1E4&#039;,
			&#039;F2&#039;:&#039;4CA6DE6B&#039;,
			&#039;F3&#039;:&#039;54E5343F&#039;,
			&#039;T&#039;:&#039;1498445678&#039;,
						&#039;y&#039;:&#039;CDFFE673&#039;
			 
									}&quot; href=&quot;http://www.baidu.com/link?url=OHzj_vj20nF68r2LaVmwKWL9llGyVvwuPXs4We5lfDDXbfoWbB94pS0XeNSJtsHoPk0rvSkDwbK83pFGFVMB3K&quot; target=&quot;_blank&quot;&gt;&lt;em&gt;Macaca&lt;/em&gt; 文档正式开放啦 - CNode技术社区&lt;/a&gt;&lt;/h3&gt;&lt;div class=&quot;c-abstract&quot;&gt;&lt;em&gt;Macaca&lt;/em&gt; 文档开放啦 &lt;em&gt;Macaca&lt;/em&gt; 文档点此查看 之前&lt;em&gt;Macaca&lt;/em&gt; 团队的同学分别贴出了 iOS 和 Android 应用使用 &lt;em&gt;Macaca&lt;/em&gt; 测试的例子。 [自动化平台系列] - 使用 &lt;em&gt;Macaca&lt;/em&gt; 测试...&lt;/div&gt;&lt;div class=&quot;f13&quot;&gt;&lt;a target=&quot;_blank&quot; href=&quot;http://www.baidu.com/link?url=OHzj_vj20nF68r2LaVmwKWL9llGyVvwuPXs4We5lfDDXbfoWbB94pS0XeNSJtsHoPk0rvSkDwbK83pFGFVMB3K&quot; class=&quot;c-showurl&quot; style=&quot;text-decoration:none;&quot;&gt;cnodejs.org/topic/56f1...&amp;nbsp;&lt;/a&gt;&lt;div class=&quot;c-tools&quot; id=&quot;tools_6188963068427245150_8&quot; data-tools=&quot;{&amp;quot;title&amp;quot;:&amp;quot;Macaca 文档正式开放啦 - CNode技术社区&amp;quot;,&amp;quot;url&amp;quot;:&amp;quot;http://www.baidu.com/link?url=OHzj_vj20nF68r2LaVmwKWL9llGyVvwuPXs4We5lfDDXbfoWbB94pS0XeNSJtsHoPk0rvSkDwbK83pFGFVMB3K&amp;quot;}&quot;&gt;&lt;a class=&quot;c-tip-icon&quot;&gt;&lt;i class=&quot;c-icon c-icon-triangle-down-g&quot;&gt;&lt;/i&gt;&lt;/a&gt;&lt;/div&gt;&lt;span class=&quot;c-icons-outer&quot;&gt;&lt;span class=&quot;c-icons-inner&quot;&gt;&lt;/span&gt;&lt;/span&gt;&amp;nbsp;-&amp;nbsp;&lt;a data-click=&quot;{&#039;rsv_snapshot&#039;:&#039;1&#039;}&quot; href=&quot;http://cache.baiducontent.com/c?m=9f65cb4a8c8507ed4fece76310478b3b4f03d8222bd7a7483f818e0ece2600105a61e7ef24211450d2c27d670bae420debf165793c5522e7cadccd179ded9d777cd9746523&amp;amp;p=aa7fcc16d9c159dd04bd9b75067a&amp;amp;newp=8b2a971c9e8033fe11bd9b75064f92695d0fc20e3cd7d401298ffe0cc4241a1a1a3aecbf2123130ed9ce7e6001a9425fe0f63575360634f1f689df08d2ecce7e76c064462155&amp;amp;user=baidu&amp;amp;fm=sc&amp;amp;query=macaca&amp;amp;qid=c3ff7752001a2d27&amp;amp;p1=8&quot; target=&quot;_blank&quot; class=&quot;m&quot;&gt;百度快照&lt;/a&gt;&lt;/div&gt;&lt;div class=&quot;c-gap-top c-recommend&quot; style=&quot;display:none;&quot; data-extquery=&quot;macaca windows安装&amp;nbsp;cnpm 安装&amp;nbsp;mac cnpm 安装&amp;nbsp;&quot;&gt;&lt;i class=&quot;c-icon c-icon-bear-circle c-gap-right-small&quot;&gt;&lt;/i&gt;&lt;span class=&quot;c-gray&quot;&gt;为您推荐：&lt;/span&gt;&lt;a href=&quot;/s?rsv_idx=1&amp;amp;wd=macaca+windows%E5%AE%89%E8%A3%85&amp;amp;usm=1&amp;amp;ie=utf-8&amp;amp;rsv_crq=7&amp;amp;bs=macaca&quot; target=&quot;_blank&quot; class=&quot;res-gap-right16&quot;&gt;macaca windows安装&lt;/a&gt;&lt;a href=&quot;/s?rsv_idx=1&amp;amp;wd=cnpm+%E5%AE%89%E8%A3%85&amp;amp;usm=1&amp;amp;ie=utf-8&amp;amp;rsv_crq=7&amp;amp;bs=macaca&quot; target=&quot;_blank&quot; class=&quot;res-gap-right16&quot;&gt;cnpm 安装&lt;/a&gt;&lt;a href=&quot;/s?rsv_idx=1&amp;amp;wd=mac+cnpm+%E5%AE%89%E8%A3%85&amp;amp;usm=1&amp;amp;ie=utf-8&amp;amp;rsv_crq=7&amp;amp;bs=macaca&quot; target=&quot;_blank&quot;&gt;mac cnpm 安装&lt;/a&gt;&lt;/div&gt;&lt;/div&gt;
											
		
						
			
		

								

		
				
														
																																									&lt;div class=&quot;result c-container &quot; id=&quot;9&quot; srcid=&quot;1599&quot; tpl=&quot;se_com_default&quot; data-click=&quot;{&amp;quot;rsv_bdr&amp;quot;:&amp;quot;0&amp;quot;,&amp;quot;p5&amp;quot;:9}&quot;&gt;&lt;h3 class=&quot;t&quot;&gt;&lt;a data-click=&quot;{
			&#039;F&#039;:&#039;778317EA&#039;,
			&#039;F1&#039;:&#039;9D73F1E4&#039;,
			&#039;F2&#039;:&#039;4CA6DE6B&#039;,
			&#039;F3&#039;:&#039;54E5343F&#039;,
			&#039;T&#039;:&#039;1498445678&#039;,
						&#039;y&#039;:&#039;D6F3DEBB&#039;
			 
									}&quot; href=&quot;http://www.baidu.com/link?url=7DeJlLaCt7N8sMfBK0s-_lqUPygIyxr6gAQ0LHZuaFJeCFucETJnxhf_rCewkZigMqUAxblnWzHLrQJ3FvFbQa&quot; target=&quot;_blank&quot;&gt;&lt;em&gt;Macaca&lt;/em&gt; 测试 Android 原理解析 - UIAutomator 篇 - 推酷&lt;/a&gt;&lt;/h3&gt;&lt;div class=&quot;c-row c-gap-top-small&quot;&gt;&lt;div class=&quot;general_image_pic c-span6&quot;&gt;&lt;a class=&quot;c-img6&quot; style=&quot;height:75px&quot; href=&quot;http://www.baidu.com/link?url=7DeJlLaCt7N8sMfBK0s-_lqUPygIyxr6gAQ0LHZuaFJeCFucETJnxhf_rCewkZigMqUAxblnWzHLrQJ3FvFbQa&quot; target=&quot;_blank&quot;&gt;&lt;img class=&quot;c-img c-img6&quot; src=&quot;https://ss0.baidu.com/73F1bjeh1BF3odCf/it/u=458059380,3311817194&amp;amp;fm=85&amp;amp;s=32829C4D86B4B66E0CD0400D0000A0C0&quot; style=&quot;height:75px;&quot;&gt;&lt;/a&gt;&lt;/div&gt;&lt;div class=&quot;c-span18 c-span-last&quot;&gt;&lt;div class=&quot;c-abstract&quot;&gt;&lt;span class=&quot; newTimeFactor_before_abs m&quot;&gt;2016年5月1日&amp;nbsp;-&amp;nbsp;&lt;/span&gt;用&lt;em&gt;Macaca&lt;/em&gt; 可以快速、便捷地进行安卓 native 的自动化测试,用简洁的 js 语法,写下用例,然后执行 &lt;em&gt;Macaca&lt;/em&gt; CLI 命令,就可以看到安卓的手机在按照你的指令自动进行用例...&lt;/div&gt;&lt;div class=&quot;f13&quot;&gt;&lt;a target=&quot;_blank&quot; href=&quot;http://www.baidu.com/link?url=7DeJlLaCt7N8sMfBK0s-_lqUPygIyxr6gAQ0LHZuaFJeCFucETJnxhf_rCewkZigMqUAxblnWzHLrQJ3FvFbQa&quot; class=&quot;c-showurl&quot; style=&quot;text-decoration:none;&quot;&gt;www.tuicool.com/articl...&amp;nbsp;&lt;/a&gt;&lt;div class=&quot;c-tools&quot; id=&quot;tools_8173510531334698887_9&quot; data-tools=&quot;{&amp;quot;title&amp;quot;:&amp;quot;Macaca 测试 Android 原理解析 - UIAutomator 篇 - 推酷 &amp;quot;,&amp;quot;url&amp;quot;:&amp;quot;http://www.baidu.com/link?url=7DeJlLaCt7N8sMfBK0s-_lqUPygIyxr6gAQ0LHZuaFJeCFucETJnxhf_rCewkZigMqUAxblnWzHLrQJ3FvFbQa&amp;quot;}&quot;&gt;&lt;a class=&quot;c-tip-icon&quot;&gt;&lt;i class=&quot;c-icon c-icon-triangle-down-g&quot;&gt;&lt;/i&gt;&lt;/a&gt;&lt;/div&gt;&lt;span class=&quot;c-icons-outer&quot;&gt;&lt;span class=&quot;c-icons-inner&quot;&gt;&lt;/span&gt;&lt;/span&gt;&amp;nbsp;-&amp;nbsp;&lt;a data-click=&quot;{&#039;rsv_snapshot&#039;:&#039;1&#039;}&quot; href=&quot;http://cache.baiducontent.com/c?m=9f65cb4a8c8507ed4fece763105392230e54f7257b8c8148228a8448e435061e5a35a3fd7c734e5392d8201471f7360caee4732f77552fe8c899db1b8e&amp;amp;p=8b2a9753c08700fa18bd9b7d0c178d&amp;amp;newp=8673c54ad5c240b119abf82d021493231610db2151d6d41e6b82c825d7331b001c3bbfb423241104d9c27b620aa54b57e8f73273300927a3dda5c91d9fb4c574799666721c&amp;amp;user=baidu&amp;amp;fm=sc&amp;amp;query=macaca&amp;amp;qid=c3ff7752001a2d27&amp;amp;p1=9&quot; target=&quot;_blank&quot; class=&quot;m&quot;&gt;百度快照&lt;/a&gt;&lt;/div&gt;&lt;/div&gt;&lt;/div&gt;&lt;div class=&quot;c-gap-top c-recommend&quot; style=&quot;display:none;&quot; data-extquery=&quot;uiautomator 教程&amp;nbsp;uiautomator实现原理&amp;nbsp;macaca 使用&amp;nbsp;appium&amp;nbsp;&quot;&gt;&lt;i class=&quot;c-icon c-icon-bear-circle c-gap-right-small&quot;&gt;&lt;/i&gt;&lt;span class=&quot;c-gray&quot;&gt;为您推荐：&lt;/span&gt;&lt;a href=&quot;/s?rsv_idx=1&amp;amp;wd=uiautomator+%E6%95%99%E7%A8%8B&amp;amp;usm=1&amp;amp;ie=utf-8&amp;amp;rsv_crq=7&amp;amp;bs=macaca&quot; target=&quot;_blank&quot; class=&quot;res-gap-right16&quot;&gt;uiautomator 教程&lt;/a&gt;&lt;a href=&quot;/s?rsv_idx=1&amp;amp;wd=uiautomator%E5%AE%9E%E7%8E%B0%E5%8E%9F%E7%90%86&amp;amp;usm=1&amp;amp;ie=utf-8&amp;amp;rsv_crq=7&amp;amp;bs=macaca&quot; target=&quot;_blank&quot; class=&quot;res-gap-right16&quot;&gt;uiautomator实现原理&lt;/a&gt;&lt;a href=&quot;/s?rsv_idx=1&amp;amp;wd=macaca+%E4%BD%BF%E7%94%A8&amp;amp;usm=1&amp;amp;ie=utf-8&amp;amp;rsv_crq=7&amp;amp;bs=macaca&quot; target=&quot;_blank&quot; class=&quot;res-gap-right16&quot;&gt;macaca 使用&lt;/a&gt;&lt;a href=&quot;/s?rsv_idx=1&amp;amp;wd=appium&amp;amp;usm=1&amp;amp;ie=utf-8&amp;amp;rsv_crq=7&amp;amp;bs=macaca&quot; target=&quot;_blank&quot;&gt;appium&lt;/a&gt;&lt;/div&gt;&lt;/div&gt;
											
		
						
			
		

								

		
					        
		                             

    














































    
    


&lt;div class=&quot;result-op c-container xpath-log&quot; srcid=&quot;85&quot; fk=&quot;macaca&quot; id=&quot;10&quot; tpl=&quot;dict3&quot; mu=&quot;http://fanyi.baidu.com/#en/zh/macaca&quot; data-op=&quot;{&#039;y&#039;:&#039;BFF7AFFD&#039;}&quot; data-click=&quot;{&amp;quot;p1&amp;quot;:&amp;quot;10&amp;quot;,&amp;quot;rsv_bdr&amp;quot;:&amp;quot;0&amp;quot;,&amp;quot;fm&amp;quot;:&amp;quot;alop&amp;quot;,&amp;quot;rsv_stl&amp;quot;:&amp;quot;0&amp;quot;,&amp;quot;p5&amp;quot;:10}&quot;&gt;
            
&lt;h3 class=&quot;t c-gap-bottom-small&quot;&gt;
&lt;a href=&quot;http://www.baidu.com/link?url=HrJPc8Q27RXGPTlCYGI9xD7N9JQMUT3ezscWul7p9R_cNa-CCpwkMP0Hl7tKCJgKVlnV018UCN1Geg7P8Blja_&quot; target=&quot;_blank&quot;&gt;&lt;em&gt;macaca&lt;/em&gt;_百度翻译&lt;/a&gt;
&lt;/h3&gt;

        &lt;div class=&quot;c-border&quot;&gt;
&lt;div class=&quot;op_dict_content&quot; lang=&quot;EN-US&quot; xml:lang=&quot;EN-US&quot;&gt;
                        &lt;div class=&quot;op_dict3_readline c-clearfix&quot;&gt;
                                                &lt;div class=&quot;op_dict3_read1&quot;&gt;
                    &lt;table border=&quot;0&quot; cellspacing=&quot;0&quot; cellpadding=&quot;0&quot; class=&quot;op_dict_table&quot;&gt;
                        &lt;tbody&gt;&lt;tr&gt;
                            &lt;td class=&quot;op_dict3_englishtxt&quot;&gt;&lt;span class=&quot;op_dict3_font24 op_dict3_marginRight&quot;&gt;macaca&lt;/span&gt;&lt;/td&gt;
                                                    &lt;td&gt;
                                                                                                                                                            &lt;span class=&quot;op_dict3_font14 op_dict3_gap_small&quot;&gt;英&lt;/span&gt;
                                                                                            &lt;span class=&quot;op_dict3_font16 op_dict3_gap_small&quot;&gt;[mə&#039;kækə]&lt;/span&gt;
                                                                                                &lt;span&gt;&lt;a class=&quot;op_dict3_how_read&quot; data-click=&quot;{fm:&#039;beha&#039;}&quot; url=&quot;https://sp0.baidu.com/-rM1hT4a2gU2pMbgoY3K/gettts?lan=uk&amp;amp;text=macaca&amp;amp;spd=2&amp;amp;source=alading&quot; href=&quot;javascript:;&quot; onclick=&quot;return false;&quot; hidefocus=&quot;true&quot;&gt;&lt;/a&gt;&lt;/span&gt;
                                &lt;span&gt;&lt;a class=&quot;op-dict3-repeat op-dict3-repeat-off c-gap-top-small&quot; data-click=&quot;{fm:&#039;beha&#039;}&quot; phono=&quot;[mə&#039;kækə]&quot; url=&quot;https://sp0.baidu.com/-rM1hT4a2gU2pMbgoY3K/gettts?lan=uk&amp;amp;text=macaca&amp;amp;spd=2&amp;amp;source=alading&quot; href=&quot;javascript:;&quot; onclick=&quot;return false;&quot; hidefocus=&quot;true&quot;&gt;&lt;/a&gt;&lt;/span&gt;
                                                            &lt;/td&gt;
                                                    &lt;td&gt;
                                                                                                                                                                &lt;span class=&quot;op_dict3_font14 op_dict3_gap_small&quot;&gt;美&lt;/span&gt;
                                                                                                &lt;span class=&quot;op_dict3_font16 op_dict3_gap_small&quot;&gt;[mə&#039;kækə]&lt;/span&gt;
                                                                                                &lt;span&gt;&lt;a class=&quot;op_dict3_how_read&quot; data-click=&quot;{fm:&#039;beha&#039;}&quot; url=&quot;https://sp0.baidu.com/-rM1hT4a2gU2pMbgoY3K/gettts?lan=en&amp;amp;text=macaca&amp;amp;spd=2&amp;amp;source=alading&quot; href=&quot;javascript:;&quot; onclick=&quot;return false;&quot; hidefocus=&quot;true&quot;&gt;&lt;/a&gt;&lt;/span&gt;
                                &lt;span&gt;&lt;a class=&quot;op-dict3-repeat op-dict3-repeat-off c-gap-top-small&quot; data-click=&quot;{fm:&#039;beha&#039;}&quot; phono=&quot;[mə&#039;kækə]&quot; url=&quot;https://sp0.baidu.com/-rM1hT4a2gU2pMbgoY3K/gettts?lan=en&amp;amp;text=macaca&amp;amp;spd=2&amp;amp;source=alading&quot; href=&quot;javascript:;&quot; onclick=&quot;return false;&quot; hidefocus=&quot;true&quot;&gt;&lt;/a&gt;&lt;/span&gt;
                                                            &lt;/td&gt;
                        &lt;/tr&gt;
                    &lt;/tbody&gt;&lt;/table&gt;
                &lt;/div&gt;
            &lt;/div&gt;
                                                        &lt;table border=&quot;0&quot; cellspacing=&quot;0&quot; cellpadding=&quot;0&quot; class=&quot;op_dict3_english_result_table&quot;&gt;
            &lt;tbody&gt;&lt;tr&gt;
                                                &lt;td&gt;&lt;span class=&quot;op_dict_text1 c-gap-right&quot;&gt;[词典]&lt;/span&gt;&lt;/td&gt;
                                                &lt;td&gt;
                    &lt;span class=&quot;op_dict_text2&quot;&gt;
                                                                                                                        弥猴属;
                                                                    &lt;/span&gt;
                &lt;/td&gt;
                            &lt;/tr&gt;
        &lt;/tbody&gt;&lt;/table&gt;
                                &lt;div class=&quot;op_dict3_lineone_result c-clearfix&quot; style=&quot;display: block;&quot;&gt;&lt;span class=&quot;op_dict3_lineone_result_tip&quot;&gt;[例句]&lt;/span&gt;&lt;span&gt;Objective To study a BV antibody surveillance model for establishment and maintenance of &lt;em class=&quot;op_dict3_highlight&quot;&gt;Macaca&lt;/em&gt; mulatta SPF &lt;em class=&quot;op_dict3_inlineblock&quot;&gt;colony.&lt;a class=&quot;op_dict3_how_read op_dict3_liju_read&quot; data-click=&quot;{fm:beha}&quot; url=&quot;https://sp0.baidu.com/-rM1hT4a2gU2pMbgoY3K/gettts?lan=en&amp;amp;text=Objective%20To%20study%20a%20BV%20antibody%20surveillance%20model%20for%20establishment%20and%20maintenance%20of%20Macaca%20mulatta%20SPF%20colony.&amp;amp;spd=2&amp;amp;source=alading&quot; href=&quot;javascript:;&quot; onclick=&quot;return false;&quot; hidefocus=&quot;true&quot;&gt;&lt;/a&gt;&lt;/em&gt;&lt;/span&gt;&lt;/div&gt;
        &lt;div class=&quot;op_dict3_linetwo_result&quot; style=&quot;display: block;&quot;&gt;结论该模式能有效监测猕猴BV抗体变化，为本中心在国内建立猕猴SPF种群提供了有力的技术保障。&lt;/div&gt;    
                                                        &lt;div class=&quot;op_dict3_extra&quot;&gt;
                &lt;p class=&quot;op_dict3_morelink&quot;&gt;
                                        &lt;a target=&quot;_blank&quot; hidefocus=&quot;true&quot; href=&quot;http://www.baidu.com/link?url=wYYLCs1FffYxBTWM1_rQVu4agrMrUbvZ1Iq4KNpoAgT-Vd2_botYyMWE1UIBZ2sXXTVr7YBI8EWskU9lF8qppnIJOQ3apx3iSffFS9JBD45bfeFOFkV2V5hY3LMSZ5Fv&quot;&gt;双语例句&lt;/a&gt;
                                                                                &lt;a target=&quot;_blank&quot; hidefocus=&quot;true&quot; href=&quot;http://www.baidu.com/link?url=kpzvha0-9kLQOwtZQWWhA_TIgjokAmyncLMBPmgXeq5PonOySciZZNDhU4hs8LZpr3ewhdwm9Y-tvezmEowau6QC9-shUILT6t7iDGzJsMonzf00Kt5zdboFzcBTtiKZ&quot;&gt;英英释义&lt;/a&gt;
                                                                            &lt;/p&gt;
            &lt;/div&gt;
                        &lt;p class=&quot;op_dict3_exectrans_more&quot;&gt;&lt;a target=&quot;_blank&quot; hidefocus=&quot;true&quot; href=&quot;http://www.baidu.com/link?url=HrJPc8Q27RXGPTlCYGI9xD7N9JQMUT3ezscWul7p9R_cNa-CCpwkMP0Hl7tKCJgKX16lSbmKSzDd1b0-CXPfxkaXz-lbecGiarjZWq_Tgrm&quot;&gt;进行更多翻译&lt;/a&gt;&lt;/p&gt;
                
        
&lt;/div&gt;
&lt;div class=&quot;op_dict_fmp_flash_div&quot;&gt;&lt;audio id=&quot;op-dict-audio&quot; style=&quot;display: none&quot;&gt;&lt;/audio&gt;&lt;/div&gt;
&lt;script data-compress=&quot;off&quot;&gt;
    A.setup({
        wd: &#039;macaca&#039;,
        sensearchUrl: &#039;https://sp1.baidu.com/5b11fzupBgM18t7jm9iCKT-xh_/sensearch&#039;,
        dictUrl: &#039;https://sp0.baidu.com/-rM1hT4a2gU2pMbgoY3K/static/webpage/flash/bt.swf?v=090105a&#039;,
        contUrl: &#039;https://sp1.baidu.com/8qUJcD3n0sgCo2Kml5_Y_D3/v.gif&#039;,
        englishtxt: &#039;\&quot;macaca\&quot;&#039;,
        chinesetxtlong: &#039;\&quot;\&quot;&#039;,
        fanyiTTSUrl: &#039;https://sp0.baidu.com/-rM1hT4a2gU2pMbgoY3K/gettts&#039;
    });
&lt;/script&gt;

&lt;/div&gt;                
        
        &lt;div class=&quot;c-gap-top-small&quot;&gt;&lt;span class=&quot;c-showurl&quot;&gt;fanyi.baidu.com &lt;/span&gt;&lt;span class=&quot;c-tools&quot; id=&quot;tools_12991445509015342431_10&quot; data-tools=&quot;{title:&#039;macaca_百度翻译&#039;,url:&#039;http://fanyi.baidu.com/#en/zh/macaca&#039;}&quot;&gt;&lt;a class=&quot;c-tip-icon&quot;&gt;&lt;i class=&quot;c-icon c-icon-triangle-down-g&quot;&gt;&lt;/i&gt;&lt;/a&gt;&lt;/span&gt;&lt;/div&gt; 
        
    
            
        
    &lt;div class=&quot;c-gap-top c-recommend&quot; style=&quot;display:none;&quot;&gt;
        &lt;i class=&quot;c-icon c-icon-bear-circle c-gap-right-small&quot;&gt;&lt;/i&gt;
        &lt;span class=&quot;c-gray&quot;&gt;为您推荐：&lt;/span&gt;
                
                                                &lt;a target=&quot;_blank&quot; href=&quot;/s?rsv_idx=1&amp;amp;wd=macaca+%E6%80%8E%E4%B9%88%E7%94%A8&amp;amp;usm=1&amp;amp;ie=utf-8&amp;amp;rsv_cq=macaca&amp;amp;rsv_dl=0_left_dict3_85_24660&quot; title=&quot;macaca 怎么用&quot;&gt;macaca 怎么用&lt;/a&gt;                                        &lt;a class=&quot;c-gap-left-large&quot; target=&quot;_blank&quot; href=&quot;/s?rsv_idx=1&amp;amp;wd=mac+%E7%BB%88%E7%AB%AF%E5%BF%AB%E6%8D%B7%E9%94%AE&amp;amp;usm=1&amp;amp;ie=utf-8&amp;amp;rsv_cq=macaca&amp;amp;rsv_dl=0_left_dict3_85_24660&quot; title=&quot;mac 终端快捷键&quot;&gt;mac 终端快捷键&lt;/a&gt;                                        &lt;a class=&quot;c-gap-left-large&quot; target=&quot;_blank&quot; href=&quot;/s?rsv_idx=1&amp;amp;wd=mac+%E7%BB%88%E7%AB%AF%E6%9C%80%E5%A4%A7%E5%8C%96%E5%90%8E%2C%E5%A6%82%E4%BD%95%E6%81%A2%E5%A4%8D&amp;amp;usm=1&amp;amp;ie=utf-8&amp;amp;rsv_cq=macaca&amp;amp;rsv_dl=0_left_dict3_85_24660&quot; title=&quot;mac 终端最大化后,如何恢复&quot;&gt;mac 终端最大化后,如何恢复&lt;/a&gt;                                    &lt;/div&gt;

&lt;/div&gt;

    
	    	

								
		
						
			
	
	
				
	
	
	
	

	
	

&lt;/div&gt;

	
        &lt;div style=&quot;clear:both;height:0;&quot;&gt;&lt;/div&gt;
	    
        
    &lt;div id=&quot;rs&quot;&gt;&lt;div class=&quot;tt&quot;&gt;相关搜索&lt;/div&gt;&lt;table cellpadding=&quot;0&quot;&gt;&lt;tbody&gt;&lt;tr&gt;&lt;th&gt;&lt;a href=&quot;/s?wd=macaca%E8%87%AA%E5%8A%A8%E5%8C%96%E6%A1%86%E6%9E%B6&amp;amp;rsf=1&amp;amp;rsp=0&amp;amp;f=1&amp;amp;oq=macaca&amp;amp;ie=utf-8&amp;amp;usm=1&amp;amp;rsv_idx=1&amp;amp;rsv_pq=c3ff7752001a2d27&amp;amp;rsv_t=3022oAtgxIe6a36KikozwWy8tgF1AMLE112d1rlRgedPNLqxaNAbITdpLLo&amp;amp;rqlang=cn&amp;amp;rs_src=0&amp;amp;rsv_pq=c3ff7752001a2d27&amp;amp;rsv_t=3022oAtgxIe6a36KikozwWy8tgF1AMLE112d1rlRgedPNLqxaNAbITdpLLo&quot;&gt;macaca自动化框架&lt;/a&gt;&lt;/th&gt;&lt;td&gt;&lt;/td&gt;&lt;th&gt;&lt;a href=&quot;/s?wd=macaca%E5%8E%9F%E7%90%86&amp;amp;rsf=1&amp;amp;rsp=1&amp;amp;f=1&amp;amp;oq=macaca&amp;amp;ie=utf-8&amp;amp;usm=1&amp;amp;rsv_idx=1&amp;amp;rsv_pq=c3ff7752001a2d27&amp;amp;rsv_t=3022oAtgxIe6a36KikozwWy8tgF1AMLE112d1rlRgedPNLqxaNAbITdpLLo&amp;amp;rqlang=cn&amp;amp;rs_src=0&amp;amp;rsv_pq=c3ff7752001a2d27&amp;amp;rsv_t=3022oAtgxIe6a36KikozwWy8tgF1AMLE112d1rlRgedPNLqxaNAbITdpLLo&quot;&gt;macaca原理&lt;/a&gt;&lt;/th&gt;&lt;td&gt;&lt;/td&gt;&lt;th&gt;&lt;a href=&quot;/s?wd=macaca%20monkey&amp;amp;rsf=1&amp;amp;rsp=2&amp;amp;f=1&amp;amp;oq=macaca&amp;amp;ie=utf-8&amp;amp;usm=1&amp;amp;rsv_idx=1&amp;amp;rsv_pq=c3ff7752001a2d27&amp;amp;rsv_t=3022oAtgxIe6a36KikozwWy8tgF1AMLE112d1rlRgedPNLqxaNAbITdpLLo&amp;amp;rqlang=cn&amp;amp;rs_src=0&amp;amp;rsv_pq=c3ff7752001a2d27&amp;amp;rsv_t=3022oAtgxIe6a36KikozwWy8tgF1AMLE112d1rlRgedPNLqxaNAbITdpLLo&quot;&gt;macaca monkey&lt;/a&gt;&lt;/th&gt;&lt;/tr&gt;&lt;tr&gt;&lt;th&gt;&lt;a href=&quot;/s?wd=macaca%20appium&amp;amp;rsf=1&amp;amp;rsp=3&amp;amp;f=1&amp;amp;oq=macaca&amp;amp;ie=utf-8&amp;amp;usm=1&amp;amp;rsv_idx=1&amp;amp;rsv_pq=c3ff7752001a2d27&amp;amp;rsv_t=3022oAtgxIe6a36KikozwWy8tgF1AMLE112d1rlRgedPNLqxaNAbITdpLLo&amp;amp;rqlang=cn&amp;amp;rs_src=0&amp;amp;rsv_pq=c3ff7752001a2d27&amp;amp;rsv_t=3022oAtgxIe6a36KikozwWy8tgF1AMLE112d1rlRgedPNLqxaNAbITdpLLo&quot;&gt;macaca appium&lt;/a&gt;&lt;/th&gt;&lt;td&gt;&lt;/td&gt;&lt;th&gt;&lt;a href=&quot;/s?wd=macaca%20%E8%87%AA%E5%8A%A8%E5%8C%96%E6%B5%8B%E8%AF%95&amp;amp;rsf=1&amp;amp;rsp=4&amp;amp;f=1&amp;amp;oq=macaca&amp;amp;ie=utf-8&amp;amp;usm=1&amp;amp;rsv_idx=1&amp;amp;rsv_pq=c3ff7752001a2d27&amp;amp;rsv_t=3022oAtgxIe6a36KikozwWy8tgF1AMLE112d1rlRgedPNLqxaNAbITdpLLo&amp;amp;rqlang=cn&amp;amp;rs_src=0&amp;amp;rsv_pq=c3ff7752001a2d27&amp;amp;rsv_t=3022oAtgxIe6a36KikozwWy8tgF1AMLE112d1rlRgedPNLqxaNAbITdpLLo&quot;&gt;macaca 自动化测试&lt;/a&gt;&lt;/th&gt;&lt;td&gt;&lt;/td&gt;&lt;th&gt;&lt;a href=&quot;/s?wd=macaca%E4%B8%8D%E5%AE%89%E8%A3%85&amp;amp;rsf=1&amp;amp;rsp=5&amp;amp;f=1&amp;amp;oq=macaca&amp;amp;ie=utf-8&amp;amp;usm=1&amp;amp;rsv_idx=1&amp;amp;rsv_pq=c3ff7752001a2d27&amp;amp;rsv_t=3022oAtgxIe6a36KikozwWy8tgF1AMLE112d1rlRgedPNLqxaNAbITdpLLo&amp;amp;rqlang=cn&amp;amp;rs_src=0&amp;amp;rsv_pq=c3ff7752001a2d27&amp;amp;rsv_t=3022oAtgxIe6a36KikozwWy8tgF1AMLE112d1rlRgedPNLqxaNAbITdpLLo&quot;&gt;macaca不安装&lt;/a&gt;&lt;/th&gt;&lt;/tr&gt;&lt;tr&gt;&lt;th&gt;&lt;a href=&quot;/s?wd=macaca%20js&amp;amp;rsf=2&amp;amp;rsp=6&amp;amp;f=1&amp;amp;oq=macaca&amp;amp;ie=utf-8&amp;amp;usm=1&amp;amp;rsv_idx=1&amp;amp;rsv_pq=c3ff7752001a2d27&amp;amp;rsv_t=3022oAtgxIe6a36KikozwWy8tgF1AMLE112d1rlRgedPNLqxaNAbITdpLLo&amp;amp;rqlang=cn&amp;amp;rs_src=0&amp;amp;rsv_pq=c3ff7752001a2d27&amp;amp;rsv_t=3022oAtgxIe6a36KikozwWy8tgF1AMLE112d1rlRgedPNLqxaNAbITdpLLo&quot;&gt;macaca js&lt;/a&gt;&lt;/th&gt;&lt;td&gt;&lt;/td&gt;&lt;th&gt;&lt;a href=&quot;/s?wd=macaca%20GitHub&amp;amp;rsf=1&amp;amp;rsp=7&amp;amp;f=1&amp;amp;oq=macaca&amp;amp;ie=utf-8&amp;amp;usm=1&amp;amp;rsv_idx=1&amp;amp;rsv_pq=c3ff7752001a2d27&amp;amp;rsv_t=3022oAtgxIe6a36KikozwWy8tgF1AMLE112d1rlRgedPNLqxaNAbITdpLLo&amp;amp;rqlang=cn&amp;amp;rs_src=0&amp;amp;rsv_pq=c3ff7752001a2d27&amp;amp;rsv_t=3022oAtgxIe6a36KikozwWy8tgF1AMLE112d1rlRgedPNLqxaNAbITdpLLo&quot;&gt;macaca GitHub&lt;/a&gt;&lt;/th&gt;&lt;td&gt;&lt;/td&gt;&lt;th&gt;&lt;a href=&quot;/s?wd=macaca%20java&amp;amp;rsf=1&amp;amp;rsp=8&amp;amp;f=1&amp;amp;oq=macaca&amp;amp;ie=utf-8&amp;amp;usm=1&amp;amp;rsv_idx=1&amp;amp;rsv_pq=c3ff7752001a2d27&amp;amp;rsv_t=3022oAtgxIe6a36KikozwWy8tgF1AMLE112d1rlRgedPNLqxaNAbITdpLLo&amp;amp;rqlang=cn&amp;amp;rs_src=0&amp;amp;rsv_pq=c3ff7752001a2d27&amp;amp;rsv_t=3022oAtgxIe6a36KikozwWy8tgF1AMLE112d1rlRgedPNLqxaNAbITdpLLo&quot;&gt;macaca java&lt;/a&gt;&lt;/th&gt;&lt;/tr&gt;&lt;/tbody&gt;&lt;/table&gt;&lt;/div&gt;

&lt;div id=&quot;page&quot;&gt;


	    &lt;strong&gt;&lt;span class=&quot;fk fk_cur&quot;&gt;&lt;i class=&quot;c-icon c-icon-bear-p&quot;&gt;&lt;/i&gt;&lt;/span&gt;&lt;span class=&quot;pc&quot;&gt;1&lt;/span&gt;&lt;/strong&gt;&lt;a href=&quot;/s?wd=macaca&amp;amp;pn=10&amp;amp;oq=macaca&amp;amp;ie=utf-8&amp;amp;usm=1&amp;amp;rsv_idx=1&amp;amp;rsv_pq=c3ff7752001a2d27&amp;amp;rsv_t=3022oAtgxIe6a36KikozwWy8tgF1AMLE112d1rlRgedPNLqxaNAbITdpLLo&quot;&gt;&lt;span class=&quot;fk fkd&quot;&gt;&lt;i class=&quot;c-icon c-icon-bear-pn&quot;&gt;&lt;/i&gt;&lt;/span&gt;&lt;span class=&quot;pc&quot;&gt;2&lt;/span&gt;&lt;/a&gt;&lt;a href=&quot;/s?wd=macaca&amp;amp;pn=20&amp;amp;oq=macaca&amp;amp;ie=utf-8&amp;amp;usm=1&amp;amp;rsv_idx=1&amp;amp;rsv_pq=c3ff7752001a2d27&amp;amp;rsv_t=3022oAtgxIe6a36KikozwWy8tgF1AMLE112d1rlRgedPNLqxaNAbITdpLLo&quot;&gt;&lt;span class=&quot;fk&quot;&gt;&lt;i class=&quot;c-icon c-icon-bear-pn&quot;&gt;&lt;/i&gt;&lt;/span&gt;&lt;span class=&quot;pc&quot;&gt;3&lt;/span&gt;&lt;/a&gt;&lt;a href=&quot;/s?wd=macaca&amp;amp;pn=30&amp;amp;oq=macaca&amp;amp;ie=utf-8&amp;amp;usm=1&amp;amp;rsv_idx=1&amp;amp;rsv_pq=c3ff7752001a2d27&amp;amp;rsv_t=3022oAtgxIe6a36KikozwWy8tgF1AMLE112d1rlRgedPNLqxaNAbITdpLLo&quot;&gt;&lt;span class=&quot;fk fkd&quot;&gt;&lt;i class=&quot;c-icon c-icon-bear-pn&quot;&gt;&lt;/i&gt;&lt;/span&gt;&lt;span class=&quot;pc&quot;&gt;4&lt;/span&gt;&lt;/a&gt;&lt;a href=&quot;/s?wd=macaca&amp;amp;pn=40&amp;amp;oq=macaca&amp;amp;ie=utf-8&amp;amp;usm=1&amp;amp;rsv_idx=1&amp;amp;rsv_pq=c3ff7752001a2d27&amp;amp;rsv_t=3022oAtgxIe6a36KikozwWy8tgF1AMLE112d1rlRgedPNLqxaNAbITdpLLo&quot;&gt;&lt;span class=&quot;fk&quot;&gt;&lt;i class=&quot;c-icon c-icon-bear-pn&quot;&gt;&lt;/i&gt;&lt;/span&gt;&lt;span class=&quot;pc&quot;&gt;5&lt;/span&gt;&lt;/a&gt;&lt;a href=&quot;/s?wd=macaca&amp;amp;pn=50&amp;amp;oq=macaca&amp;amp;ie=utf-8&amp;amp;usm=1&amp;amp;rsv_idx=1&amp;amp;rsv_pq=c3ff7752001a2d27&amp;amp;rsv_t=3022oAtgxIe6a36KikozwWy8tgF1AMLE112d1rlRgedPNLqxaNAbITdpLLo&quot;&gt;&lt;span class=&quot;fk fkd&quot;&gt;&lt;i class=&quot;c-icon c-icon-bear-pn&quot;&gt;&lt;/i&gt;&lt;/span&gt;&lt;span class=&quot;pc&quot;&gt;6&lt;/span&gt;&lt;/a&gt;&lt;a href=&quot;/s?wd=macaca&amp;amp;pn=60&amp;amp;oq=macaca&amp;amp;ie=utf-8&amp;amp;usm=1&amp;amp;rsv_idx=1&amp;amp;rsv_pq=c3ff7752001a2d27&amp;amp;rsv_t=3022oAtgxIe6a36KikozwWy8tgF1AMLE112d1rlRgedPNLqxaNAbITdpLLo&quot;&gt;&lt;span class=&quot;fk&quot;&gt;&lt;i class=&quot;c-icon c-icon-bear-pn&quot;&gt;&lt;/i&gt;&lt;/span&gt;&lt;span class=&quot;pc&quot;&gt;7&lt;/span&gt;&lt;/a&gt;&lt;a href=&quot;/s?wd=macaca&amp;amp;pn=70&amp;amp;oq=macaca&amp;amp;ie=utf-8&amp;amp;usm=1&amp;amp;rsv_idx=1&amp;amp;rsv_pq=c3ff7752001a2d27&amp;amp;rsv_t=3022oAtgxIe6a36KikozwWy8tgF1AMLE112d1rlRgedPNLqxaNAbITdpLLo&quot;&gt;&lt;span class=&quot;fk fkd&quot;&gt;&lt;i class=&quot;c-icon c-icon-bear-pn&quot;&gt;&lt;/i&gt;&lt;/span&gt;&lt;span class=&quot;pc&quot;&gt;8&lt;/span&gt;&lt;/a&gt;&lt;a href=&quot;/s?wd=macaca&amp;amp;pn=80&amp;amp;oq=macaca&amp;amp;ie=utf-8&amp;amp;usm=1&amp;amp;rsv_idx=1&amp;amp;rsv_pq=c3ff7752001a2d27&amp;amp;rsv_t=3022oAtgxIe6a36KikozwWy8tgF1AMLE112d1rlRgedPNLqxaNAbITdpLLo&quot;&gt;&lt;span class=&quot;fk&quot;&gt;&lt;i class=&quot;c-icon c-icon-bear-pn&quot;&gt;&lt;/i&gt;&lt;/span&gt;&lt;span class=&quot;pc&quot;&gt;9&lt;/span&gt;&lt;/a&gt;&lt;a href=&quot;/s?wd=macaca&amp;amp;pn=90&amp;amp;oq=macaca&amp;amp;ie=utf-8&amp;amp;usm=1&amp;amp;rsv_idx=1&amp;amp;rsv_pq=c3ff7752001a2d27&amp;amp;rsv_t=3022oAtgxIe6a36KikozwWy8tgF1AMLE112d1rlRgedPNLqxaNAbITdpLLo&quot;&gt;&lt;span class=&quot;fk fkd&quot;&gt;&lt;i class=&quot;c-icon c-icon-bear-pn&quot;&gt;&lt;/i&gt;&lt;/span&gt;&lt;span class=&quot;pc&quot;&gt;10&lt;/span&gt;&lt;/a&gt;&lt;a href=&quot;/s?wd=macaca&amp;amp;pn=10&amp;amp;oq=macaca&amp;amp;ie=utf-8&amp;amp;usm=1&amp;amp;rsv_idx=1&amp;amp;rsv_pq=c3ff7752001a2d27&amp;amp;rsv_t=3022oAtgxIe6a36KikozwWy8tgF1AMLE112d1rlRgedPNLqxaNAbITdpLLo&amp;amp;rsv_page=1&quot; class=&quot;n&quot;&gt;下一页&amp;gt;&lt;/a&gt;


&lt;/div&gt;
&lt;div id=&quot;content_bottom&quot;&gt;



&lt;/div&gt;
    


    &lt;/div&gt;&lt;script&gt;
try{document.cookie=&quot;WWW_ST=;expires=Sat, 01 Jan 2000 00:00:00 GMT&quot;;}catch(e){}
&lt;/script&gt;&lt;div id=&quot;foot&quot;&gt;&lt;span id=&quot;help&quot; style=&quot;float:left;padding-left:121px&quot;&gt;&lt;a href=&quot;http://help.baidu.com/question&quot; target=&quot;_blank&quot; onmousedown=&quot;return c({&#039;fm&#039;:&#039;behb&#039;,&#039;tab&#039;:&#039;help&#039;,&#039;url&#039;:this.href,&#039;title&#039;:this.innerHTML})&quot;&gt;帮助&lt;/a&gt;&lt;a href=&quot;http://www.baidu.com/search/jubao.html&quot; target=&quot;_blank&quot; onmousedown=&quot;return c({&#039;fm&#039;:&#039;behb&#039;,&#039;tab&#039;:&#039;jubao&#039;,&#039;url&#039;:this.href,&#039;title&#039;:this.innerHTML})&quot;&gt;举报&lt;/a&gt;&lt;a class=&quot;feedback&quot; onclick=&quot;return false;&quot; href=&quot;javascript:;&quot; target=&quot;_blank&quot; onmousedown=&quot;return ns_c({&#039;fm&#039;:&#039;behb&#039;,&#039;tab&#039;:&#039;feedback&#039;})&quot;&gt;用户反馈&lt;/a&gt;&lt;/span&gt;&lt;/div&gt;&lt;script&gt;
	bds.ready(function(){
		var initScrollTop   = $(window).scrollTop(),
		bottomScrollTop = $(document).height() - $(window).height(),	/*//滑动条移动到底部时的scrollTop值*/
			hintToprqShow   = 0;										/*	//toprq出现状态*/
		var $dom_head = $(&#039;#head&#039;),
			$dom_left = $(&#039;#content_left&#039;),
			$dom_hintToprqTips = $(&#039;.hint_toprq_tips&#039;),
			$dom_headBlock = $(&#039;&lt;div&gt;&#039;,{&#039;class&#039;:&#039;headBlock&#039;}),
			$dom_leftBlock = $(&#039;&lt;div&gt;&#039;,{&#039;class&#039;:&#039;leftBlock&#039;});

		$dom_hintToprqTips.appendTo($dom_headBlock);
		$dom_headBlock.hide().appendTo($dom_head);

		/*// swap_begin时清除事件&amp;DOM*/
		$(window).one(&#039;swap_begin&#039;, function(){
			$(window).off(&#039;scroll&#039;, scrollEvent);
			hideHeadHint();
			$dom_headBlock.remove();
			$dom_leftBlock.detach();
		});

		/*// 绑定scroll事件*/
		$(window).on(&#039;scroll&#039;, scrollEvent);

		/*//绑定结果click事件,避让点击后推荐*/
		$(document).on(&#039;click&#039;,&#039;.t&gt;a,.op-se-listen-recommend&#039;,function(){
			hideHeadHint();
			$dom_leftBlock.hide();
		});

		function scrollEvent(){
			var nowScrollTop = $(window).scrollTop(),
				headHeight = 90 + $(&#039;.res_top_banner&#039;).outerHeight() + $(&#039;#con-at&#039;).outerHeight() + $(&#039;.res_top_banner_for_win&#039;).outerHeight() + ($(&#039;.hint_common_restop&#039;).length ? 29 : 0);
			if (nowScrollTop &lt;= headHeight || nowScrollTop &gt; bottomScrollTop) {
				hideHeadHint();
				initScrollTop = nowScrollTop;
			} else if (nowScrollTop &gt; initScrollTop) {
				hideHeadHint();
				initScrollTop = nowScrollTop;
			} else if (nowScrollTop &lt; initScrollTop - 50) {
				showHeadHint();
				initScrollTop = nowScrollTop;
			};
		}

		function showHeadHint(){
			if (!hintToprqShow) {
				$dom_hintToprqTips.show();
				$dom_headBlock.slideDown(200,function(){
					var nowScrollTop = $(window).scrollTop();
					if (nowScrollTop &lt;= 90+$(&#039;.res_top_banner&#039;).outerHeight() + $(&#039;#con-at&#039;).outerHeight() + ($(&#039;.hint_common_restop&#039;).length ? 29 : 0) || nowScrollTop &gt; bottomScrollTop) {
						hideHeadHint();
					}
				});
				sendNSC();
				showLeftHint();
				$dom_leftBlock.show();
				hintToprqShow = 1;
				/* 出顶部提示的时候隐藏点击后推荐 */
				$(&#039;.result, .result-op&#039;).find(&#039;.c-recommend&#039;).hide();
			};
		}

		function hideHeadHint(){
			if (hintToprqShow) {
				$dom_headBlock.hide();
				hintToprqShow = 0;
			};
		}

		function showLeftHint(){
			$dom_hintToprqTips.clone().prependTo($dom_leftBlock);
			$dom_leftBlock.prependTo($dom_left);
			showLeftHint = function(){};
		}

		function sendNSC(){
			ns_c({
		        &#039;fm&#039;       : &#039;behs&#039;,
		        &#039;qid&#039;	   : bds.comm.qid,
		        &#039;rsv_disp&#039; : 1
		    });
		    sendNSC = function(){};
		}

	});
	&lt;/script&gt;&lt;div class=&quot;c-tips-container&quot; id=&quot;c-tips-container&quot;&gt;&lt;/div&gt;&lt;/div&gt;
    &lt;/div&gt;
    &lt;div class=&quot;c-tips-container&quot; id=&quot;c-tips-container&quot;&gt;&lt;/div&gt;
    
    &lt;script&gt;
        window.__async_strategy=2;
        //window.__switch_add_mask=false;
    &lt;/script&gt;
    
    
&lt;script&gt;
var bds={
    se:{},
    su:{
        urdata:[],
                urSendClick:function(){}
    },
    util:{},
    use:{},
    comm : {
        domain:&quot;http://www.baidu.com&quot;,
        ubsurl : &quot;https://sp0.baidu.com/5bU_dTmfKgQFm2e88IuM_a/w.gif&quot;,
        tn:&quot;baidu&quot;,
        queryEnc:&quot;&quot;,
        queryId:&quot;&quot;,
        inter:&quot;&quot;,
        templateName:&quot;&quot;,
        sugHost : &quot;https://sp0.baidu.com/5a1Fazu8AA54nxGko9WTAnF6hhy/su&quot;,
        query : &quot;&quot;,
        qid : &quot;c7c0c7f3001b0b95&quot;,
        cid : &quot;0&quot;,
        sid : &quot;23200_1466_21118_17001_20719&quot;,
        indexSid : &quot;23200_1466_21118_17001_20719&quot;,
        stoken : &quot;&quot;,
        serverTime : &quot;1498445677&quot;,
        user : &quot;&quot;,
        username : &quot;&quot;,
        userid : &quot;0&quot;,
        loginAction : [],
        useFavo : &quot;&quot;,
        pinyin : &quot;&quot;,
        favoOn : &quot;&quot;,
        cookie : {&quot;BAIDUID&quot;:&quot;D2830863F1487E190CB18DFEDA23D3D7:FG=1&quot;,&quot;BIDUPSID&quot;:&quot;D2830863F1487E190CB18DFEDA23D3D7&quot;,&quot;PSTM&quot;:&quot;1498190007&quot;,&quot;BD_HOME&quot;:&quot;0&quot;,&quot;BD_UPN&quot;:&quot;123253&quot;,&quot;H_PS_645EC&quot;:&quot;6ec3MrkuvnODFp6sR3g6JeZOPuujP5gGfqRClanSrn2K4xNYYATDc5t+VU4&quot;,&quot;WWW_ST&quot;:&quot;1498445974897&quot;,&quot;BDORZ&quot;:&quot;B490B5EBF6F3CD402E515D22BCDA1598&quot;,&quot;BD_CK_SAM&quot;:&quot;1&quot;,&quot;PSINO&quot;:&quot;3&quot;,&quot;BDSVRTM&quot;:&quot;104&quot;,&quot;H_PS_PSSID&quot;:&quot;23200_1466_21118_17001_20719&quot;,&quot;__bsi&quot;:&quot;14573461489314084132_00_0_I_R_106_0303_C02F_N_I_I_0&quot;},
        userAgent : &quot;Mozilla/5.0 (Macintosh; Intel Mac OS X 10_11_6) AppleWebKit/537.36 (KHTML, like Gecko) Chrome/49.0.2623.75 Electron/0.37.8 Safari/537.36&quot;,
                curResultNum:&quot;0&quot;,
        rightResultExist:false,
        protectNum:0,
        zxlNum:0,
        pageNum:1,
        pageSize:10,
        newindex:0,
        async:2,
        maxPreloadThread:5,
        maxPreloadTimes:10,
        preloadMouseMoveDistance:5,
        switchAddMask:false,
        isDebug:false,
        ishome : 1,
        flagTranslateResult:0,
        globalLogFlag:0
	,encTn:&#039;41abErKMM3BZPGhmonqL4HD3TRj+EDn4H6GfMP9OicASSsKRcdms5zVOnDU&#039;    }
};



    


//防止从结果页打开的页面中通过opener.xxx来影响百度页面


var name,navigate,al_arr=[];
var selfOpen = window.open;eval(&quot;var open = selfOpen;&quot;);
var isIE=navigator.userAgent.indexOf(&quot;MSIE&quot;)!=-1&amp;&amp;!window.opera;
var E = bds.ecom= {};

bds.se.mon = {&#039;loadedItems&#039;:[],&#039;load&#039;:function(){},&#039;srvt&#039;:-1};

try {
    bds.se.mon.srvt = parseInt(document.cookie.match(new RegExp(&quot;(^| )BDSVRTM=([^;]*)(;|$)&quot;))[2]);
    document.cookie=&quot;BDSVRTM=;expires=Sat, 01 Jan 2000 00:00:00 GMT&quot;;
}catch(e){}

//兼容之前一些变量
var
bdUser        = bds.comm.user?bds.comm.user:null,
bdQuery       = bds.comm.query,
bdUseFavo     = bds.comm.useFavo,
bdFavoOn      = bds.comm.favoOn,
bdCid         = bds.comm.cid,
bdSid         = bds.comm.sid,
bdServerTime  = bds.comm.serverTime,
bdQid         = bds.comm.queryId,
bdstoken      = bds.comm.stoken,
login_success = [];



&lt;/script&gt;
&lt;script&gt;
/* https域名转换工具 */
bds.util.domain = (function(){
	    																					            																							var list = {
        &quot;graph.baidu.com&quot;: &quot;https://sp0.baidu.com/-aYHfD0a2gU2pMbgoY3K&quot;,
		&quot;p.qiao.baidu.com&quot;:&quot;https://sp0.baidu.com/5PoXdTebKgQFm2e88IuM_a&quot;,
		&quot;vse.baidu.com&quot;:&quot;https://sp3.baidu.com/6qUDsjip0QIZ8tyhnq&quot;,
		&quot;hdpreload.baidu.com&quot;:&quot;https://sp3.baidu.com/7LAWfjuc_wUI8t7jm9iCKT-xh_&quot;,
		&quot;lcr.open.baidu.com&quot;:&quot;https://sp2.baidu.com/8LUYsjW91Qh3otqbppnN2DJv&quot;,
		&quot;kankan.baidu.com&quot;:&quot;https://sp3.baidu.com/7bM1dzeaKgQFm2e88IuM_a&quot;,
		&quot;xapp.baidu.com&quot;:&quot;https://sp2.baidu.com/yLMWfHSm2Q5IlBGlnYG&quot;,
		&quot;dr.dh.baidu.com&quot;:&quot;https://sp0.baidu.com/-KZ1aD0a2gU2pMbgoY3K&quot;,
		&quot;xiaodu.baidu.com&quot;:&quot;https://sp0.baidu.com/yLsHczq6KgQFm2e88IuM_a&quot;,
		&quot;sensearch.baidu.com&quot;:&quot;https://sp1.baidu.com/5b11fzupBgM18t7jm9iCKT-xh_&quot;,
		&quot;s1.bdstatic.com&quot;:&quot;https://ss1.bdstatic.com/5eN1bjq8AAUYm2zgoY3K&quot;,
		&quot;olime.baidu.com&quot;:&quot;https://sp0.baidu.com/8bg4cTva2gU2pMbgoY3K&quot;,
		&quot;app.baidu.com&quot;:&quot;https://sp2.baidu.com/9_QWsjip0QIZ8tyhnq&quot;,
		&quot;i.baidu.com&quot;:&quot;https://sp0.baidu.com/74oIbT3kAMgDnd_&quot;,
		&quot;c.baidu.com&quot;:&quot;https://sp0.baidu.com/9foIbT3kAMgDnd_&quot;,
		&quot;sclick.baidu.com&quot;:&quot;https://sp0.baidu.com/5bU_dTmfKgQFm2e88IuM_a&quot;,
		&quot;nsclick.baidu.com&quot;:&quot;https://sp1.baidu.com/8qUJcD3n0sgCo2Kml5_Y_D3&quot;,
		&quot;sestat.baidu.com&quot;:&quot;https://sp1.baidu.com/5b1ZeDe5KgQFm2e88IuM_a&quot;,
		&quot;eclick.baidu.com&quot;:&quot;https://sp3.baidu.com/-0U_dTmfKgQFm2e88IuM_a&quot;,
		&quot;api.map.baidu.com&quot;:&quot;https://sp2.baidu.com/9_Q4sjOpB1gCo2Kml5_Y_D3&quot;,
		&quot;ecma.bdimg.com&quot;:&quot;https://ss1.bdstatic.com/-0U0bXSm1A5BphGlnYG&quot;,
		&quot;ecmb.bdimg.com&quot;:&quot;https://ss0.bdstatic.com/-0U0bnSm1A5BphGlnYG&quot;,
        &quot;t1.baidu.com&quot;:&quot;https://ss0.baidu.com/6ON1bjeh1BF3odCf&quot;,
        &quot;t2.baidu.com&quot;:&quot;https://ss1.baidu.com/6OZ1bjeh1BF3odCf&quot;,
        &quot;t3.baidu.com&quot;:&quot;https://ss2.baidu.com/6OV1bjeh1BF3odCf&quot;,
		&quot;t10.baidu.com&quot;:&quot;https://ss0.baidu.com/6ONWsjip0QIZ8tyhnq&quot;,
		&quot;t11.baidu.com&quot;:&quot;https://ss1.baidu.com/6ONXsjip0QIZ8tyhnq&quot;,
		&quot;t12.baidu.com&quot;:&quot;https://ss2.baidu.com/6ONYsjip0QIZ8tyhnq&quot;,
		&quot;i7.baidu.com&quot;:&quot;https://ss0.baidu.com/73F1bjeh1BF3odCf&quot;,
		&quot;i8.baidu.com&quot;:&quot;https://ss0.baidu.com/73x1bjeh1BF3odCf&quot;,
		&quot;i9.baidu.com&quot;:&quot;https://ss0.baidu.com/73t1bjeh1BF3odCf&quot;,
		&quot;b1.bdstatic.com&quot;:&quot;https://ss0.bdstatic.com/9uN1bjq8AAUYm2zgoY3K&quot;,
		&quot;ss.bdimg.com&quot;:&quot;https://ss1.bdstatic.com/5aV1bjqh_Q23odCf&quot;,
		&quot;opendata.baidu.com&quot;:&quot;https://sp0.baidu.com/8aQDcjqpAAV3otqbppnN2DJv&quot;,
		&quot;api.open.baidu.com&quot;:&quot;https://sp0.baidu.com/9_Q4sjW91Qh3otqbppnN2DJv&quot;,
		&quot;tag.baidu.com&quot;:&quot;https://sp1.baidu.com/6LMFsjip0QIZ8tyhnq&quot;,
		&quot;f3.baidu.com&quot;:&quot;https://sp2.baidu.com/-uV1bjeh1BF3odCf&quot;,
		&quot;s.share.baidu.com&quot;:&quot;https://sp0.baidu.com/5foZdDe71MgCo2Kml5_Y_D3&quot;,	
		&quot;bdimg.share.baidu.com&quot;:&quot;https://ss1.baidu.com/9rA4cT8aBw9FktbgoI7O1ygwehsv&quot;,
        &quot;1.su.bdimg.com&quot;:&quot;https://ss0.bdstatic.com/k4oZeXSm1A5BphGlnYG&quot;,
        &quot;2.su.bdimg.com&quot;:&quot;https://ss1.bdstatic.com/kvoZeXSm1A5BphGlnYG&quot;,
        &quot;3.su.bdimg.com&quot;:&quot;https://ss2.bdstatic.com/kfoZeXSm1A5BphGlnYG&quot;,
        &quot;4.su.bdimg.com&quot;:&quot;https://ss3.bdstatic.com/lPoZeXSm1A5BphGlnYG&quot;,
        &quot;5.su.bdimg.com&quot;:&quot;https://ss0.bdstatic.com/l4oZeXSm1A5BphGlnYG&quot;,
        &quot;6.su.bdimg.com&quot;:&quot;https://ss1.bdstatic.com/lvoZeXSm1A5BphGlnYG&quot;,
        &quot;7.su.bdimg.com&quot;:&quot;https://ss2.bdstatic.com/lfoZeXSm1A5BphGlnYG&quot;,
        &quot;8.su.bdimg.com&quot;:&quot;https://ss3.bdstatic.com/iPoZeXSm1A5BphGlnYG&quot;
	};


	var get = function(url) {
		if(location.protocol === &quot;http&quot;) {
			return url;
		}
		var reg = /^(http[s]?:\/\/)?([^\/]+)(.*)/,
		matches = url.match(reg);
		/* 判断传入参数是域名还是地址，分别做处理 */
		url = list.hasOwnProperty(matches[2])&amp;&amp;(list[matches[2]] + matches[3]) || url;
		return url;
	},
	set = function(kdomain,vdomain) {
		list[kdomain] = vdomain;
	};
	return {
		get : get,
		set : set
	}
})();
&lt;/script&gt;
&lt;script&gt;
//让用户更快看到首页
if(!location.hash.match(/[^a-zA-Z0-9]wd=/)){
    document.getElementById(&quot;wrapper&quot;).style.display=&#039;block&#039;;
    setTimeout(function(){
        try{
            var kw=document.getElementById(&quot;kw&quot;);
            kw.focus();
			kw.parentNode.className=&quot;bg s_ipt_wr iptfocus quickdelete-wrap&quot;;
        }catch(e){}
    },0);
}

&lt;/script&gt;
&lt;script type=&quot;text/javascript&quot; src=&quot;https://ss1.bdstatic.com/5eN1bjq8AAUYm2zgoY3K/r/www/cache/static/protocol/https/jquery/jquery-1.10.2.min_65682a2.js&quot;&gt;&lt;/script&gt;




&lt;script&gt;
(function(){

    var result_common_css=&quot;&lt;style data-for=\&quot;result\&quot; id=\&quot;css_result\&quot; type=\&quot;text\/css\&quot;&gt;body{color:#333;background:#fff;padding:6px 0 0;margin:0;position:relative;min-width:900px}body,th,td,.p1,.p2{font-family:arial}p,form,ol,ul,li,dl,dt,dd,h3{margin:0;padding:0;list-style:none}input{padding-top:0;padding-bottom:0;-moz-box-sizing:border-box;-webkit-box-sizing:border-box;box-sizing:border-box}table,img{border:0}td{font-size:9pt;line-height:18px}em{font-style:normal;color:#c00}a em{text-decoration:underline}cite{font-style:normal;color:green}.m,a.m{color:#666}a.m:visited{color:#606}.g,a.g{color:green}.c{color:#77c}.f14{font-size:14px}.f10{font-size:10.5pt}.f16{font-size:16px}.f13{font-size:13px}.bg{background-image:url(https:\/\/ss1.bdstatic.com\/5eN1bjq8AAUYm2zgoY3K\/r\/www\/cache\/static\/protocol\/https\/global\/img\/icons_5859e57.png);_background-image:url(https:\/\/ss1.bdstatic.com\/5eN1bjq8AAUYm2zgoY3K\/r\/www\/cache\/static\/protocol\/https\/global\/img\/icons_d5b04cc.gif);background-repeat:no-repeat}#u,#head,#tool,#search,#foot{font-size:12px}.logo{width:117px;height:38px;cursor:pointer}.p1{line-height:120%;margin-left:-12pt}.p2{width:100%;line-height:120%;margin-left:-12pt}#wrapper{_zoom:1}#container{word-break:break-all;word-wrap:break-word}.container_s{width:1002px}.container_l{width:1222px}#content_left{width:636px;float:left;padding-left:35px}#content_right{border-left:1px solid #e1e1e1;float:right}.container_s #content_right{width:271px}.container_l #content_right{width:434px}.content_none{padding-left:35px}#u{color:#999;white-space:nowrap;position:absolute;right:10px;top:4px;z-index:299}#u a{color:#00c;margin:0 5px}#u .reg{margin:0}#u .last{margin-right:0}#u .un{font-weight:700;margin-right:5px}#u ul{width:100%;background:#fff;border:1px solid #9b9b9b}#u li{height:25px}#u li a{width:100%;height:25px;line-height:25px;display:block;text-align:left;text-decoration:none;text-indent:6px;margin:0;filter:none\\9}#u li a:hover{background:#ebebeb}#u li.nl{border-top:1px solid #ebebeb}#user{display:inline-block}#user_center{position:relative;display:inline-block}#user_center .user_center_btn{margin-right:5px}.userMenu{width:64px;position:absolute;right:7px;_right:2px;top:15px;top:14px\\9;*top:15px;padding-top:4px;display:none;*background:#fff}#head{padding-left:35px;margin-bottom:20px;width:900px}.fm{clear:both;position:relative;z-index:297}.nv a,.nv b,.btn,#page,#more{font-size:14px}.s_nav{height:45px}.s_nav .s_logo{margin-right:20px;float:left}.s_nav .s_logo img{border:0;display:block}.s_tab{line-height:18px;padding:20px 0 0;float:left}.s_nav a{color:#00c;font-size:14px}.s_nav b{font-size:14px}.s_ipt_wr{width:536px;height:30px;display:inline-block;margin-right:5px;background-position:0 -96px;border:1px solid #b6b6b6;border-color:#7b7b7b #b6b6b6 #b6b6b6 #7b7b7b;vertical-align:top}.s_ipt{width:523px;height:22px;font:16px\/18px arial;line-height:22px\\9;margin:5px 0 0 7px;padding:0;background:#fff;border:0;outline:0;-webkit-appearance:none}.s_btn{width:95px;height:32px;padding-top:2px\\9;font-size:14px;padding:0;background-color:#ddd;background-position:0 -48px;border:0;cursor:pointer}.s_btn_h{background-position:-240px -48px}.s_btn_wr{width:97px;height:34px;display:inline-block;background-position:-120px -48px;*position:relative;z-index:0;vertical-align:top}.sethf{padding:0;margin:0;font-size:14px}.set_h{display:none;behavior:url(#default#homepage)}.set_f{display:none}.shouji{margin-left:19px}.shouji a{text-decoration:none}#head .bdsug{top:33px}#search form{position:relative}#search form .bdsug{bottom:33px}.bdsug{display:none;position:absolute;z-index:1;width:538px;background:#fff;border:1px solid #ccc;_overflow:hidden;box-shadow:1px 1px 3px #ededed;-webkit-box-shadow:1px 1px 3px #ededed;-moz-box-shadow:1px 1px 3px #ededed;-o-box-shadow:1px 1px 3px #ededed}.bdsug.bdsugbg ul{background:url(https:\/\/ss1.bdstatic.com\/5eN1bjq8AAUYm2zgoY3K\/r\/www\/cache\/static\/protocol\/https\/home\/img\/sugbg_1762fe7.png) 100% 100% no-repeat;background-size:100px 110px;background-image:url(https:\/\/ss1.bdstatic.com\/5eN1bjq8AAUYm2zgoY3K\/r\/www\/cache\/static\/protocol\/https\/home\/img\/sugbg_90fc9cf.gif)\\9}.bdsug li{width:522px;color:#000;font:14px arial;line-height:22px;padding:0 8px;position:relative;cursor:default}.bdsug li.bdsug-s{background:#f0f0f0}.bdsug-store span,.bdsug-store b{color:#7A77C8}.bdsug-store-del{font-size:12px;color:#666;text-decoration:underline;position:absolute;right:8px;top:0;cursor:pointer;display:none}.bdsug-s .bdsug-store-del{display:inline-block}.bdsug-ala{display:inline-block;border-bottom:1px solid #e6e6e6}.bdsug-ala h3{line-height:14px;background:url(\/\/www.baidu.com\/img\/sug_bd.png) no-repeat left center;margin:8px 0 5px;font-size:12px;font-weight:400;color:#7B7B7B;padding-left:20px}.bdsug-ala p{font-size:14px;font-weight:700;padding-left:20px}.bdsug .bdsug-direct{width:auto;padding:0;border-bottom:1px solid #f1f1f1}.bdsug .bdsug-direct p{color:#00c;font-weight:700;line-height:34px;padding:0 8px;cursor:pointer;white-space:nowrap;overflow:hidden}.bdsug .bdsug-direct p img{width:16px;height:16px;margin:7px 6px 9px 0;vertical-align:middle}.bdsug .bdsug-direct p span{margin-left:8px}.bdsug .bdsug-direct p i{font-size:12px;line-height:100%;font-style:normal;font-weight:400;color:#fff;background-color:#2b99ff;display:inline;text-align:center;padding:1px 5px;*padding:2px 5px 0;margin-left:8px;overflow:hidden}.bdsug .bdsug-pcDirect{color:#000;font-size:14px;line-height:30px;height:30px;background-color:#f8f8f8}.bdsug .bdsug-pc-direct-tip{position:absolute;right:15px;top:8px;width:55px;height:15px;display:block;background:url(https:\/\/ss1.bdstatic.com\/5eN1bjq8AAUYm2zgoY3K\/r\/www\/cache\/static\/protocol\/https\/global\/img\/pc_direct_42d6311.png) no-repeat 0 0}.bdsug li.bdsug-pcDirect-s{background-color:#f0f0f0}.bdsug .bdsug-pcDirect-is{color:#000;font-size:14px;line-height:22px;background-color:#f8f8f8}.bdsug .bdsug-pc-direct-tip-is{position:absolute;right:15px;top:3px;width:55px;height:15px;display:block;background:url(https:\/\/ss1.bdstatic.com\/5eN1bjq8AAUYm2zgoY3K\/r\/www\/cache\/static\/protocol\/https\/global\/img\/pc_direct_42d6311.png) no-repeat 0 0}.bdsug li.bdsug-pcDirect-is-s{background-color:#f0f0f0}.bdsug .bdsug-pcDirect-s .bdsug-pc-direct-tip,.bdsug .bdsug-pcDirect-is-s .bdsug-pc-direct-tip-is{background-position:0 -15px}.bdsug .bdsug-newicon{color:#929292;opacity:.7;font-size:12px;display:inline-block;line-height:22px;letter-spacing:2px}.bdsug .bdsug-s .bdsug-newicon{opacity:1}.bdsug .bdsug-newicon i{letter-spacing:0;font-style:normal}.toggle-underline{text-decoration:none}.toggle-underline:hover{text-decoration:underline}#tb_mr{color:#00c;cursor:pointer;position:relative;z-index:298}#tb_mr b{font-weight:400;text-decoration:underline}#tb_mr small{font-size:11px}#page{font:14px arial;white-space:nowrap;padding-left:35px}#page a,#page strong{display:inline-block;vertical-align:text-bottom;height:66px;text-align:center;line-height:34px;text-decoration:none;overflow:hidden;margin-right:9px;background:#fff}#page a{cursor:pointer}#page a:hover{background:0 0}#page .n:hover,#page a:hover .pc{background:#f2f8ff;border:1px solid #38f}#page .n{height:34px;padding:0 18px;border:1px solid #e1e2e3}#page span{display:block}#page .pc{width:34px;height:34px;border:1px solid #e1e2e3;cursor:pointer}#page .fk{width:24px;height:24px;margin-bottom:6px;margin-left:6px;cursor:pointer}#page strong .fk,#page strong .pc{cursor:auto}#page .fk .c-icon-bear-pn{top:-3px;position:relative}#page .fkd .c-icon-bear-pn{top:3px;position:relative}#page .fk_cur .c-icon-bear-p{top:-2px;position:relative}#page strong .pc{border:0;width:36px;height:36px;line-height:36px}#page .nums{display:inline-block;vertical-align:text-bottom;height:36px;line-height:36px;margin-left:10px}#rs{width:900px;background:#fff;padding:8px 0;margin:20px 0 0 15px}#rs td{width:5%}#rs th{font-size:14px;font-weight:400;line-height:19px;white-space:nowrap;text-align:left;vertical-align:top}#rs .tt{font-weight:700;padding:0 10px 0 20px}#rs_top{font-size:14px;margin-bottom:22px}#rs_top a{margin-right:18px}#container .rs{margin:30px 0 20px;padding:5px 0 15px;font-size:14px;width:540px;padding-left:121px;position:relative;background-color:#fafafa}#container .noback{background-color:#fff}#content_left .rs{margin-left:-121px}#container .rs table{width:540px}#container .rs td{width:5px}#container .rs th{font-size:14px;font-weight:400;white-space:nowrap;text-align:left;vertical-align:top;width:175px;line-height:22px}#container .rs .tt{font-weight:700;padding:0 10px 0 20px;padding:0;line-height:30px;font-size:16px}#container .rs a{margin:0;height:24px;width:173px;display:inline-block;line-height:25px;border:1px solid #ebebeb;text-align:center;vertical-align:middle;overflow:hidden;outline:0;color:#333;background-color:#fff;text-decoration:none}#container .rs a:hover{border-color:#388bff}.c-tip-con .c-tip-menu-b ul{width:100px}.c-tip-con .c-tip-menu-b ul{text-align:center}.c-tip-con .c-tip-menu-b li a{display:block;text-decoration:none;cursor:pointer;background-color:#fff;padding:3px 0;color:#666}.c-tip-con .c-tip-menu-b li a:hover{display:block;background-color:#ebebeb}#search{width:900px;padding:35px 0 16px 35px}#search .s_help{position:relative;top:10px}#foot{height:20px;line-height:20px;color:#77c;background:#e6e6e6;text-align:center}#foot span{color:#666}.site_tip{font-size:12px;margin-bottom:20px}.site_tip_icon{width:56px;height:56px;background:url(\/\/www.baidu.com\/aladdin\/img\/tools\/tools-3.png) -288px 0 no-repeat}.to_zhidao,.to_tieba,.to_zhidao_bottom{font-size:16px;line-height:24px;margin:20px 0 0 35px}.to_tieba .c-icon-tieba{float:left}.f{line-height:115%;*line-height:120%;font-size:100%;width:33.7em;word-break:break-all;word-wrap:break-word}.h{margin-left:8px;width:100%}.r{word-break:break-all;cursor:hand;width:238px}.t{font-weight:400;font-size:medium;margin-bottom:1px}.pl{padding-left:3px;height:8px;padding-right:2px;font-size:14px}.mo,a.mo:link,a.mo:visited{color:#666;font-size:100%;line-height:10px}.htb{margin-bottom:5px}.jc a{color:#c00}a font[size=\&quot;3\&quot;] font,font[size=\&quot;3\&quot;] a font{text-decoration:underline}div.blog,div.bbs{color:#707070;padding-top:2px;font-size:13px}.result{width:33.7em;table-layout:fixed}.result-op .f{word-wrap:normal}.nums{font-size:12px;color:#999}.tools{position:absolute;top:10px;white-space:nowrap}#mHolder{width:62px;position:relative;z-index:296;top:-18px;margin-left:9px;margin-right:-12px;display:none}#mCon{height:18px;position:absolute;top:3px;top:6px\\9;cursor:pointer;line-height:18px}.wrapper_l #mCon{right:7px}#mCon span{color:#00c;display:block}#mCon .hw{text-decoration:underline;cursor:pointer;display:inline-block}#mCon .pinyin{display:inline-block}#mCon .c-icon-chevron-unfold2{margin-left:5px}#mMenu{width:56px;border:1px solid #9b9b9b;position:absolute;right:7px;top:23px;display:none;background:#fff}#mMenu a{width:100%;height:100%;color:#00c;display:block;line-height:22px;text-indent:6px;text-decoration:none;filter:none\\9}#mMenu a:hover{background:#ebebeb}#mMenu .ln{height:1px;background:#ebebeb;overflow:hidden;font-size:1px;line-height:1px;margin-top:-1px}.op_LAMP{background:url(\/\/www.baidu.com\/cache\/global\/img\/aladdinIcon-1.0.gif) no-repeat 0 2px;color:#77C;display:inline-block;font-size:13px;height:12px;*height:14px;width:16px;text-decoration:none;zoom:1}.EC_mr15{margin-left:0}.pd15{padding-left:0}.map_1{width:30em;font-size:80%;line-height:145%}.map_2{width:25em;font-size:80%;line-height:145%}.favurl{background-repeat:no-repeat;background-position:0 1px;padding-left:20px}.dan_tip{font-size:12px;margin-top:4px}.dan_tip a{color:#b95b07}#more,#u ul,#mMenu,.msg_holder{box-shadow:1px 1px 2px #ccc;-moz-box-shadow:1px 1px 2px #ccc;-webkit-box-shadow:1px 1px 2px #ccc;filter:progid:DXImageTransform.Microsoft.Shadow(Strength=2, Direction=135, Color=#cccccc)\\9}.hit_top{line-height:18px;margin:0 15px 10px 0;width:516px}.hit_top .c-icon-bear{height:18px;margin-right:4px}#rs_top_new,.hit_top_new{width:538px;font-size:13px;line-height:1.54;word-wrap:break-word;word-break:break-all;margin:0 0 14px}.zhannei-si{margin:0 0 10px 121px}.zhannei-si-none{margin:10px 0 -10px 121px}.zhannei-search{margin:10px 0 0 121px;color:#999;font-size:14px}.f a font[size=\&quot;3\&quot;] font,.f font[size=\&quot;-1\&quot;] a font{text-decoration:underline}h3 a font{text-decoration:underline}.c-title{font-weight:400;font-size:16px}.c-title-size{font-size:16px}.c-abstract{font-size:13px}.c-abstract-size{font-size:13px}.c-showurl{color:green;font-size:13px}.c-showurl-color{color:green}.c-cache-color{color:#666}.c-lightblue{color:#77c}.c-highlight-color{color:#c00}.c-clearfix:after{content:\&quot;.\&quot;;display:block;height:0;clear:both;visibility:hidden}.c-clearfix{zoom:1}.c-wrap{word-break:break-all;word-wrap:break-word}.c-icons-outer{overflow:hidden;display:inline-block;vertical-align:bottom;*vertical-align:-1px;_vertical-align:bottom}.c-icons-inner{margin-left:-4px}.c-container table.result,.c-container table.result-op{width:100%}.c-container td.f{font-size:13px;line-height:1.54;width:auto}.c-container .vd_newest_main{width:auto}.c-customicon{display:inline-block;width:16px;height:16px;vertical-align:text-bottom;font-style:normal;overflow:hidden}.c-tip-icon i{display:inline-block;cursor:pointer}.c-tip-con{position:absolute;z-index:1;top:22px;left:-35px;background:#fff;border:1px solid #dcdcdc;border:1px solid rgba(0,0,0,.2);-webkit-transition:opacity .218s;transition:opacity .218s;-webkit-box-shadow:0 2px 4px rgba(0,0,0,.2);box-shadow:0 2px 4px rgba(0,0,0,.2);padding:5px 0;display:none;font-size:12px;line-height:20px}.c-tip-arrow{width:0;height:0;font-size:0;line-height:0;display:block;position:absolute;top:-16px}.c-tip-arrow-down{top:auto;bottom:0}.c-tip-arrow em,.c-tip-arrow ins{width:0;height:0;font-size:0;line-height:0;display:block;position:absolute;border:8px solid transparent;border-style:dashed dashed solid}.c-tip-arrow em{border-bottom-color:#d8d8d8}.c-tip-arrow ins{border-bottom-color:#fff;top:2px}.c-tip-arrow-down em,.c-tip-arrow-down ins{border-style:solid dashed dashed;border-color:transparent}.c-tip-arrow-down em{border-top-color:#d8d8d8}.c-tip-arrow-down ins{border-top-color:#fff;top:-2px}.c-tip-arrow .c-tip-arrow-r{border-bottom-color:#82c9fa;top:2px}.c-tip-arrow-down .c-tip-arrow-r{border-bottom-color:transparent;top:-2px}.c-tip-arrow .c-tip-arrow-c{border-bottom-color:#fecc47;top:2px}.c-tip-arrow-down .c-tip-arrow-c{border-bottom-color:transparent;top:-2px}.c-tip-con h3{font-size:12px}.c-tip-con .c-tip-title{margin:0 10px;display:inline-block;width:239px}.c-tip-con .c-tip-info{color:#666;margin:0 10px 1px;width:239px}.c-tip-con .c-tip-cer{width:370px;color:#666;margin:0 10px 1px}.c-tip-con .c-tip-title{width:auto;_width:354px}.c-tip-con .c-tip-item-i{padding:3px 0 3px 20px;line-height:14px}.c-tip-con .c-tip-item-i .c-tip-item-icon{margin-left:-20px}.c-tip-con .c-tip-menu ul{width:74px}.c-tip-con .c-tip-menu ul{text-align:center}.c-tip-con .c-tip-menu li a{display:block;text-decoration:none;cursor:pointer;background-color:#fff;padding:3px 0;color:#0000d0}.c-tip-con .c-tip-menu li a:hover{display:block;background-color:#ebebeb}.c-tip-con .c-tip-notice{width:239px;padding:0 10px}.c-tip-con .c-tip-notice .c-tip-notice-succ{color:#4cbd37}.c-tip-con .c-tip-notice .c-tip-notice-fail{color:#f13F40}.c-tip-con .c-tip-notice .c-tip-item-succ{color:#444}.c-tip-con .c-tip-notice .c-tip-item-fail{color:#aaa}.c-tip-con .c-tip-notice .c-tip-item-fail a{color:#aaa}.c-tip-close{right:10px;position:absolute;cursor:pointer}.ecard{height:86px;overflow:hidden}.c-tools{display:inline}.c-tools-share{width:239px;padding:0 10px}.c-fanyi{display:none;width:20px;height:20px;border:solid 1px #d1d1d1;cursor:pointer;position:absolute;margin-left:516px;text-align:center;color:#333;line-height:22px;opacity:.9;background-color:#fff}.c-fanyi:hover{background-color:#39f;color:#fff;border-color:#39f;opacity:1}.c-fanyi-title,.c-fanyi-abstract{display:none}.icp_info{color:#666;margin-top:2px;font-size:13px}.icon-gw,.icon-unsafe-icon{background:#2c99ff;vertical-align:text-bottom;*vertical-align:baseline;height:16px;padding-top:0;padding-bottom:0;padding-left:6px;padding-right:6px;line-height:16px;_padding-top:2px;_height:14px;_line-height:14px;font-size:12px;font-family:simsun;margin-left:10px;overflow:hidden;display:inline-block;-moz-border-radius:1px;-webkit-border-radius:1px;border-radius:1px;color:#fff}a.icon-gw{color:#fff;background:#2196ff;text-decoration:none;cursor:pointer}a.icon-gw:hover{background:#1e87ef}a.icon-gw:active{height:15px;_height:13px;line-height:15px;_line-height:13px;padding-left:5px;background:#1c80d9;border-left:1px solid #145997;border-top:1px solid #145997}.icon-unsafe-icon{background:#e54d4b}#con-at{margin-bottom:9px;padding-left:121px;border-bottom:1px #ebebeb solid}#con-at .result-op{font-size:13px;line-height:1.52em}.wrapper_l #con-at .result-op{width:1058px}.wrapper_s #con-at .result-op{width:869px}#con-ar{margin-bottom:40px}#con-ar .result-op{margin-bottom:28px;font-size:13px;line-height:1.52em}.result_hidden{position:absolute;top:-10000px;left:-10000px}#content_left .result-op,#content_left .result{margin-bottom:14px;border-collapse:collapse}#content_left .c-border .result-op,#content_left .c-border .result{margin-bottom:25px}#content_left .c-border .result-op:last-child,#content_left .c-border .result:last-child{margin-bottom:12px}#content_left .result .f,#content_left .result-op .f{padding:0}.subLink_factory{border-collapse:collapse}.subLink_factory td{padding:0}.subLink_factory td.middle,.subLink_factory td.last{color:#666}.subLink_factory td a{text-decoration:underline}.subLink_factory td.rightTd{text-align:right}.subLink_factory_right{width:100%}.subLink_factory_left td{padding-right:26px}.subLink_factory_left td.last{padding:0}.subLink_factory_left td.first{padding-right:75px}.subLink_factory_right td{width:90px}.subLink_factory_right td.first{width:auto}.general_image_pic a{background:#fff no-repeat center center;text-decoration:none;display:block;overflow:hidden;text-align:left}.res_top_banner{height:36px;text-align:left;border-bottom:1px solid #e3e3e3;background:#f7f7f7;font-size:13px;padding-left:8px;color:#333;position:relative;z-index:302}.res_top_banner span{_zoom:1}.res_top_banner .res_top_banner_icon{background-position:0 -216px;width:18px;height:18px;margin:9px 10px 0 0}.res_top_banner .res_top_banner_icon_baiduapp{background:url(https:\/\/ss1.bdstatic.com\/5eN1bjq8AAUYm2zgoY3K\/r\/www\/cache\/static\/protocol\/https\/global\/img\/baiduappLogo_de45621.png) no-repeat 0 0;width:24px;height:24px;margin:3px 10px 0 0;position:relative;top:3px}.res_top_banner .res_top_banner_icon_windows{background:url(https:\/\/ss1.bdstatic.com\/5eN1bjq8AAUYm2zgoY3K\/r\/www\/cache\/static\/protocol\/https\/global\/img\/winlogo_e925689.png) no-repeat 0 0;width:18px;height:18px;margin:9px 10px 0 0}.res_top_banner .res_top_banner_download{display:inline-block;width:65px;line-height:21px;_padding-top:1px;margin:0 0 0 10px;color:#333;background:#fbfbfb;border:1px solid #b4b6b8;text-align:center;text-decoration:none}.res_top_banner .res_top_banner_download:hover{border:1px solid #38f}.res_top_banner .res_top_banner_download:active{background:#f0f0f0;border:1px solid #b4b6b8}.res_top_banner .res_top_banner_close{background-position:-672px -144px;cursor:pointer;position:absolute;right:10px;top:10px}.res_top_banner_for_win{height:34px;text-align:left;border-bottom:1px solid #f0f0f0;background:#fdfdfd;font-size:13px;padding-left:12px;color:#333;position:relative;z-index:302}.res_top_banner_for_win span{_zoom:1;color:#666}.res_top_banner_for_win .res_top_banner_download{display:inline-block;width:auto;line-height:21px;_padding-top:1px;margin:0 0 0 16px;color:#333;text-align:left;text-decoration:underline}.res_top_banner_for_win .res_top_banner_icon_windows{background:url(https:\/\/ss1.bdstatic.com\/5eN1bjq8AAUYm2zgoY3K\/r\/www\/cache\/static\/protocol\/https\/global\/img\/winlogo_e925689.png) no-repeat 0 0;width:18px;height:18px;margin:8px 8px 0 0}.res_top_banner_for_win .res_top_banner_close{background-position:-672px -144px;cursor:pointer;position:absolute;right:10px;top:10px}.res-gap-right16{margin-right:16px}.res-border-top{border-top:1px solid #f3f3f3}.res-border-bottom{border-bottom:1px solid #f3f3f3}.res-queryext-pos{position:relative;top:1px;_top:0}.c-trust-ecard{height:86px;_height:97px;overflow:hidden}@-moz-document url-prefix(){.result,.f{width:538px}}body{min-width:1000px}#ftCon{display:none}#qrcode{display:none}#pad-version{display:none}#index_guide{display:none}#index_logo{display:none}#u1{display:none}.s_ipt_wr{height:32px}body{padding:0}.s_form:after,.s_tab:after{content:\&quot;.\&quot;;display:block;height:0;clear:both;visibility:hidden}.s_form{zoom:1;height:55px;padding:0 0 0 10px}#result_logo{float:left;margin:7px 0 0}#result_logo img{width:101px}#head{padding:0;margin:0;width:100%;position:absolute;z-index:301;min-width:1000px;background:#fff;border-bottom:1px solid #ebebeb;position:fixed;_position:absolute;-webkit-transform:translateZ(0)}#head .head_wrapper{_width:1000px}#head.s_down{box-shadow:0 0 5px #888}.fm{clear:none;float:left;margin:11px 0 0 10px}#s_tab{background:#f8f8f8;line-height:36px;height:38px;padding:55px 0 0 121px;float:none;zoom:1}#s_tab a,#s_tab b{width:54px;display:inline-block;text-decoration:none;text-align:center;color:#666;font-size:14px}#s_tab b{border-bottom:2px solid #38f;font-weight:700;color:#323232}#s_tab a:hover{color:#323232}#content_left{width:540px;padding-left:121px;padding-top:5px}#content_right{margin-top:45px}#content_bottom{width:540px;padding-left:121px}#page{padding:0 0 0 121px;margin:30px 0 40px}.to_tieba,.to_zhidao_bottom{margin:10px 0 0 121px;padding-top:5px}.nums{margin:0 0 0 121px;height:42px;line-height:42px}#rs{padding:0;margin:6px 0 0 121px;width:600px}#rs th{width:175px;line-height:22px}#rs .tt{padding:0;line-height:30px}#rs td{width:5px}#rs table{width:540px}#help{background:#f5f6f5;zoom:1;padding:0 0 0 50px;float:right}#help a{color:#777;padding:0 15px;text-decoration:none}#help a:hover{color:#333}#foot{background:#f5f6f5;border-top:1px solid #ebebeb;text-align:left;height:42px;line-height:42px;margin-top:40px;*margin-top:0}#foot .foot_c{float:left;padding:0 0 0 121px}.content_none{padding:45px 0 25px 121px}.nors p{font-size:18px;font-family:microsoft yahei;color:#000}.nors p em{color:#c00}.nors .tip_head{color:#666;font-size:13px;line-height:28px}.nors li{color:#333;line-height:28px;font-size:13px;font-family:&#039;\u5b8b\u4f53&#039;;padding-left:30px;list-style-position:inside;list-style-type:disc}#mCon{top:5px}.s_ipt_wr.bg,.s_btn_wr.bg,#su.bg{background-image:none}.s_ipt_wr.bg{background:0 0}.s_btn_wr{width:auto;height:auto;border-bottom:1px solid transparent;*border-bottom:0}.s_btn{width:100px;height:34px;color:#fff;letter-spacing:1px;background:#3385ff;border-bottom:1px solid #2d78f4;outline:medium;*border-bottom:0;-webkit-appearance:none;-webkit-border-radius:0}.s_btn.btnhover{background:#317ef3;border-bottom:1px solid #2868c8;*border-bottom:0;box-shadow:1px 1px 1px #ccc}.s_btn_h{background:#3075dc;box-shadow:inset 1px 1px 3px #2964bb;-webkit-box-shadow:inset 1px 1px 3px #2964bb;-moz-box-shadow:inset 1px 1px 3px #2964bb;-o-box-shadow:inset 1px 1px 3px #2964bb}#wrapper_wrapper .container_l .EC_ppim_top,#wrapper_wrapper .container_xl .EC_ppim_top{width:640px}#wrapper_wrapper .container_s .EC_ppim_top{width:570px}#head .c-icon-bear-round{display:none}.container_l #content_right{width:384px}.container_l{width:1212px}.container_xl #content_right{width:384px}.container_xl{width:1257px}.index_tab_top{display:none}.index_tab_bottom{display:none}#lg{display:none}#m{display:none}#ftCon{display:none}#ent_sug{position:absolute;margin:141px 0 0 130px;font-size:13px;color:#666}.foot_fixed_bottom{position:fixed;bottom:0;width:100%;_position:absolute;_bottom:auto}#head .headBlock{margin:-5px 0 6px 121px}#content_left .leftBlock{margin-bottom:14px;padding-bottom:5px;border-bottom:1px solid #f3f3f3}.hint_toprq_tips{position:relative;width:537px;height:19px;line-height:19px;overflow:hidden;display:none}.hint_toprq_tips span{color:#666}.hint_toprq_icon{margin:0 4px 0 0}.hint_toprq_tips_items{width:444px;_width:440px;max-height:38px;position:absolute;left:95px;top:1px}.hint_toprq_tips_items div{display:inline-block;float:left;height:19px;margin-right:18px;white-space:nowrap;word-break:keep-all}.translateContent{max-width:350px}.translateContent .translateTool{height:16px;margin:-3px 2px}.translateContent .action-translate,.translateContent .action-search{display:inline-block;width:20px;height:16px;background:url(https:\/\/ss1.bdstatic.com\/5eN1bjq8AAUYm2zgoY3K\/r\/www\/cache\/static\/protocol\/https\/global\/img\/translate_tool_icon_57087b6.gif) no-repeat}.translateContent .action-translate{background-position:0 0;border-right:1px solid #dcdcdc}.translateContent .action-translate:hover{background-position:0 -20px}.translateContent .action-search{background-position:-20px 0}.translateContent .action-search:hover{background-position:-20px -20px}.nums{width:538px}.search_tool{_padding-top:15px}.head_nums_cont_outer{height:40px;overflow:hidden;position:relative}.head_nums_cont_inner{position:relative}.search_tool_conter .c-gap-left{margin-left:23px}.search_tool_conter .c-icon-triangle-down{opacity:.6}.search_tool_conter .c-icon-triangle-down:hover{opacity:1}.search_tool,.search_tool_close{float:right}.search_tool,.search_tool_conter span{cursor:pointer;color:#666}.search_tool:hover,.search_tool_conter span:hover{color:#333}.search_tool_conter{font-size:12px;color:#666;margin:0 0 0 121px;height:42px;width:538px;line-height:42px;*height:auto;*line-height:normal;*padding:14px 0}.search_tool_conter span strong{color:#666}.c-tip-con .c-tip-langfilter ul{width:80px;text-align:left;color:#666}.c-tip-con .c-tip-langfilter li a{text-indent:15px;color:#666}.c-tip-con .c-tip-langfilter li span{text-indent:15px;padding:3px 0;color:#999;display:block}.c-tip-con .c-tip-timerfilter ul{width:115px;text-align:left;color:#666}.c-tip-con .c-tip-timerfilter-ft ul{width:180px}.c-tip-con .c-tip-timerfilter-si ul{width:206px;padding:7px 10px 10px}.c-tip-con .c-tip-timerfilter li a{text-indent:15px;color:#666}.c-tip-con .c-tip-timerfilter li span{text-indent:15px;padding:3px 0;color:#999;display:block}.c-tip-con .c-tip-timerfilter-ft li a,.c-tip-con .c-tip-timerfilter-ft li span{text-indent:20px}.c-tip-custom{padding:0 15px 10px;position:relative;zoom:1}.c-tip-custom hr{border:0;height:0;border-top:1px solid #ebebeb}.c-tip-custom p{color:#b6b6b6;height:25px;line-height:25px;margin:2px 0}.c-tip-custom .c-tip-custom-et{margin-bottom:7px}.c-tip-custom-input,.c-tip-si-input{display:inline-block;font-size:11px;color:#333;margin-left:4px;padding:0 2px;width:74%;height:16px;line-height:16px\\9;border:1px solid #ebebeb;outline:0;box-sizing:content-box;-webkit-box-sizing:content-box;-moz-box-sizing:content-box;overflow:hidden;position:relative}.c-tip-custom-input-init{color:#d4d4d4}.c-tip-custom-input-focus,.c-tip-si-input-focus{border:1px solid #3385ff}.c-tip-timerfilter-si .c-tip-si-input{width:138px;height:22px;line-height:22px;vertical-align:0;*vertical-align:-6px;_vertical-align:-5px;padding:0 5px;margin-left:0}.c-tip-con .c-tip-timerfilter li .c-tip-custom-submit,.c-tip-con .c-tip-timerfilter li .c-tip-timerfilter-si-submit{display:inline;padding:4px 10px;margin:0;color:#333;border:1px solid #d8d8d8;font-family:inherit;font-weight:400;text-align:center;vertical-align:0;background-color:#f9f9f9;outline:0}.c-tip-con .c-tip-timerfilter li .c-tip-custom-submit:hover,.c-tip-con .c-tip-timerfilter li .c-tip-timerfilter-si-submit:hover{display:inline;border-color:#388bff}.c-tip-timerfilter-si-error,.c-tip-timerfilter-custom-error{display:none;color:#3385FF;padding-left:4px}.c-tip-timerfilter-custom-error{padding:0;margin:-5px -13px 7px 0}#c-tip-custom-calenderCont{position:absolute;background:#fff;white-space:nowrap;padding:5px 10px;color:#000;border:1px solid #e4e4e4;-webkit-box-shadow:0 2px 4px rgba(0,0,0,.2);box-shadow:0 2px 4px rgba(0,0,0,.2)}#c-tip-custom-calenderCont p{text-align:center;padding:2px 0 4px;*padding:4px 0}#c-tip-custom-calenderCont p i{color:#8e9977;cursor:pointer;text-decoration:underline;font-size:13px}#c-tip-custom-calenderCont .op_cal{background:#fff}.op_cal table{background:#eeefea;margin:0;border-collapse:separate}.op_btn_pre_month,.op_btn_next_month{cursor:pointer;display:block;margin-top:6px}.op_btn_pre_month{float:left;background-position:0 -46px}.op_btn_next_month{float:right;background-position:-18px -46px}.op_cal .op_mon_pre1{padding:0}.op_mon th{text-align:center;font-size:12px;background:#FFF;font-weight:700;border:1px solid #FFF;padding:0}.op_mon td{text-align:center;cursor:pointer}.op_mon h5{margin:0;padding:0 4px;text-align:center;font-size:14px;background:#FFF;height:28px;line-height:28px;border-bottom:1px solid #f5f5f5;margin-bottom:5px}.op_mon strong{font-weight:700}.op_mon td{padding:0 5px;border:1px solid #fff;font-size:12px;background:#fff;height:100%}.op_mon td.op_mon_pre_month{color:#a4a4a4}.op_mon td.op_mon_cur_month{color:#00c}.op_mon td.op_mon_next_month{color:#a4a4a4}.op_mon td.op_mon_day_hover{color:#000;border:1px solid #278df2}.op_mon td.op_mon_day_selected{color:#FFF;border:1px solid #278df2;background:#278df2}.op_mon td.op_mon_day_disabled{cursor:not-allowed;color:#ddd}.zhannei-si-none,.zhannei-si,.hit_quet,.zhannei-search{display:none}#c-tip-custom-calenderCont .op_mon td.op_mon_cur_month{color:#000}#c-tip-custom-calenderCont .op_mon td.op_mon_day_selected{color:#fff}.c-icon-toen{width:24px;height:24px;line-height:24px;background-color:#1cb7fd;color:#fff;font-size:14px;font-weight:700;font-style:normal;display:block;display:inline-block;float:left;text-align:center}.hint_common_restop{width:538px;color:#999;font-size:12px;text-align:left;margin:5px 0 10px 121px}#con-at~#wrapper_wrapper .hint_common_restop{padding-top:7px}.sitelink{overflow:auto;zoom:1}.sitelink_summary{float:left;width:47%;padding-right:30px}.sitelink_summary a{font-size:1.1em;position:relative}.sitelink_summary_last{padding-right:0}.sitelink_en{overflow:auto;zoom:1}.sitelink_en_summary{float:left;width:47%;padding-right:30px}.sitelink_en_summary a{font-size:1.1em;position:relative}.sitelink_en_summary_last{padding-right:0}.sitelink_en_summary_title,.sitelink_en_summary .m{height:22px;overflow:hidden}.without-summary-sitelink-en-container{overflow:hidden;height:22px}.without-summary-sitelink-en{float:left}.without-summary-sitelink-en-delimiter{margin-right:5px;margin-left:5px}.c-frame{margin-bottom:18px}.c-offset{padding-left:10px}.c-gray{color:#666}.c-gap-top-small{margin-top:5px}.c-gap-top{margin-top:10px}.c-gap-bottom-small{margin-bottom:5px}.c-gap-bottom{margin-bottom:10px}.c-gap-left{margin-left:12px}.c-gap-left-small{margin-left:6px}.c-gap-right{margin-right:12px}.c-gap-right-small{margin-right:6px}.c-gap-right-large{margin-right:16px}.c-gap-left-large{margin-left:16px}.c-gap-icon-right-small{margin-right:5px}.c-gap-icon-right{margin-right:10px}.c-gap-icon-left-small{margin-left:5px}.c-gap-icon-left{margin-left:10px}.c-container{width:538px;font-size:13px;line-height:1.54;word-wrap:break-word;word-break:break-word}.c-container .c-container{width:auto}.c-container table{border-collapse:collapse;border-spacing:0}.c-container td{font-size:13px;line-height:1.54}.c-default{font-size:13px;line-height:1.54;word-wrap:break-word;word-break:break-all}.c-container .t,.c-default .t{line-height:1.54}.c-default .t{margin-bottom:0}.cr-content{width:259px;font-size:13px;line-height:1.54;color:#333;word-wrap:break-word;word-break:normal}.cr-content table{border-collapse:collapse;border-spacing:0}.cr-content td{font-size:13px;line-height:1.54;vertical-align:top}.cr-offset{padding-left:17px}.cr-title{font-size:14px;line-height:1.29;font-weight:700}.cr-title-sub{float:right;font-size:13px;font-weight:400}.c-row{*zoom:1}.c-row:after{display:block;height:0;content:\&quot;\&quot;;clear:both;visibility:hidden}.c-span2{width:29px}.c-span3{width:52px}.c-span4{width:75px}.c-span5{width:98px}.c-span6{width:121px}.c-span7{width:144px}.c-span8{width:167px}.c-span9{width:190px}.c-span10{width:213px}.c-span11{width:236px}.c-span12{width:259px}.c-span13{width:282px}.c-span14{width:305px}.c-span15{width:328px}.c-span16{width:351px}.c-span17{width:374px}.c-span18{width:397px}.c-span19{width:420px}.c-span20{width:443px}.c-span21{width:466px}.c-span22{width:489px}.c-span23{width:512px}.c-span24{width:535px}.c-span2,.c-span3,.c-span4,.c-span5,.c-span6,.c-span7,.c-span8,.c-span9,.c-span10,.c-span11,.c-span12,.c-span13,.c-span14,.c-span15,.c-span16,.c-span17,.c-span18,.c-span19,.c-span20,.c-span21,.c-span22,.c-span23,.c-span24{float:left;_display:inline;margin-right:17px;list-style:none}.c-span-last{margin-right:0}.c-span-last-s{margin-right:0}.container_l .cr-content{width:351px}.container_l .cr-content .c-span-last-s{margin-right:17px}.container_l .cr-content-narrow{width:259px}.container_l .cr-content-narrow .c-span-last-s{margin-right:0}.c-border{width:518px;padding:9px;border:1px solid #e3e3e3;border-bottom-color:#e0e0e0;border-right-color:#ececec;box-shadow:1px 2px 1px rgba(0,0,0,.072);-webkit-box-shadow:1px 2px 1px rgba(0,0,0,.072);-moz-box-shadow:1px 2px 1px rgba(0,0,0,.072);-o-box-shadow:1px 2px 1px rgba(0,0,0,.072)}.c-border .c-gap-left{margin-left:10px}.c-border .c-gap-left-small{margin-left:5px}.c-border .c-gap-right{margin-right:10px}.c-border .c-gap-right-small{margin-right:5px}.c-border .c-border{width:auto;padding:0;border:0;box-shadow:none;-webkit-box-shadow:none;-moz-box-shadow:none;-o-box-shadow:none}.c-border .c-span2{width:34px}.c-border .c-span3{width:56px}.c-border .c-span4{width:78px}.c-border .c-span5{width:100px}.c-border .c-span6{width:122px}.c-border .c-span7{width:144px}.c-border .c-span8{width:166px}.c-border .c-span9{width:188px}.c-border .c-span10{width:210px}.c-border .c-span11{width:232px}.c-border .c-span12{width:254px}.c-border .c-span13{width:276px}.c-border .c-span14{width:298px}.c-border .c-span15{width:320px}.c-border .c-span16{width:342px}.c-border .c-span17{width:364px}.c-border .c-span18{width:386px}.c-border .c-span19{width:408px}.c-border .c-span20{width:430px}.c-border .c-span21{width:452px}.c-border .c-span22{width:474px}.c-border .c-span23{width:496px}.c-border .c-span24{width:518px}.c-border .c-span2,.c-border .c-span3,.c-border .c-span4,.c-border .c-span5,.c-border .c-span6,.c-border .c-span7,.c-border .c-span8,.c-border .c-span9,.c-border .c-span10,.c-border .c-span11,.c-border .c-span12,.c-border .c-span13,.c-border .c-span14,.c-border .c-span15,.c-border .c-span16,.c-border .c-span17,.c-border .c-span18,.c-border .c-span19,.c-border .c-span20,.c-border .c-span21,.c-border .c-span22,.c-border .c-span23,.c-border .c-span24{margin-right:10px}.c-border .c-span-last{margin-right:0}.c-loading{display:block;width:50px;height:50px;background:url(\/\/www.baidu.com\/aladdin\/img\/tools\/loading.gif) no-repeat 0 0}.c-vline{display:inline-block;margin:0 3px;border-left:1px solid #ddd;width:0;height:12px;_vertical-align:middle;_overflow:hidden}.c-icon{background:url(https:\/\/ss1.bdstatic.com\/5eN1bjq8AAUYm2zgoY3K\/r\/www\/cache\/static\/protocol\/https\/global\/img\/icons_5859e57.png) no-repeat 0 0;_background-image:url(https:\/\/ss1.bdstatic.com\/5eN1bjq8AAUYm2zgoY3K\/r\/www\/cache\/static\/protocol\/https\/global\/img\/icons_d5b04cc.gif)}.c-icon{display:inline-block;width:14px;height:14px;vertical-align:text-bottom;font-style:normal;overflow:hidden}.c-icon-unfold,.c-icon-fold,.c-icon-chevron-unfold,.c-icon-chevron-fold{width:12px;height:12px}.c-icon-star,.c-icon-star-gray{width:60px}.c-icon-qa-empty,.c-icon-safeguard,.c-icon-register-empty,.c-icon-zan,.c-icon-music,.c-icon-music-gray,.c-icon-location,.c-icon-warning,.c-icon-doc,.c-icon-xls,.c-icon-ppt,.c-icon-pdf,.c-icon-txt,.c-icon-play-black,.c-icon-gift,.c-icon-baidu-share,.c-icon-bear,.c-icon-bear-border,.c-icon-location-blue,.c-icon-hotAirBall,.c-icon-moon,.c-icon-streetMap,.c-icon-mv,.c-icon-zhidao-s,.c-icon-shopping{width:16px;height:16px}.c-icon-bear-circle,.c-icon-warning-circle,.c-icon-warning-triangle,.c-icon-warning-circle-gray{width:18px;height:18px}.c-icon-tieba,.c-icon-zhidao,.c-icon-bear-p,.c-icon-bear-pn{width:24px;height:24px}.c-icon-ball-blue,.c-icon-ball-red{width:38px;height:38px}.c-icon-unfold:hover,.c-icon-fold:hover,.c-icon-chevron-unfold:hover,.c-icon-chevron-fold:hover,.c-icon-download:hover,.c-icon-lyric:hover,.c-icon-v:hover,.c-icon-hui:hover,.c-icon-bao:hover,.c-icon-person:hover,.c-icon-high-v:hover,.c-icon-phone:hover,.c-icon-nuo:hover,.c-icon-fan:hover,.c-icon-med:hover,.c-icon-air:hover,.c-icon-share2:hover,.c-icon-v1:hover,.c-icon-v2:hover,.c-icon-write:hover,.c-icon-R:hover{border-color:#388bff}.c-icon-unfold:active,.c-icon-fold:active,.c-icon-chevron-unfold:active,.c-icon-chevron-fold:active,.c-icon-download:active,.c-icon-lyric:active,.c-icon-v:active,.c-icon-hui:active,.c-icon-bao:active,.c-icon-person:active,.c-icon-high-v:active,.c-icon-phone:active,.c-icon-nuo:active,.c-icon-fan:active,.c-icon-med:active,.c-icon-air:active,.c-icon-share2:active,.c-icon-v1:active,.c-icon-v2:active,.c-icon-write:active,.c-icon-R:active{border-color:#a2a6ab;background-color:#f0f0f0;box-shadow:inset 1px 1px 1px #c7c7c7;-webkit-box-shadow:inset 1px 1px 1px #c7c7c7;-moz-box-shadow:inset 1px 1px 1px #c7c7c7;-o-box-shadow:inset 1px 1px 1px #c7c7c7}.c-icon-v3:hover{border-color:#ffb300}.c-icon-v3:active{border-color:#a2a6ab;background-color:#f0f0f0;box-shadow:inset 1px 1px 1px #c7c7c7;-webkit-box-shadow:inset 1px 1px 1px #c7c7c7;-moz-box-shadow:inset 1px 1px 1px #c7c7c7;-o-box-shadow:inset 1px 1px 1px #c7c7c7}.c-icon-unfold,.c-icon-fold,.c-icon-chevron-unfold,.c-icon-chevron-fold,.c-icon-download,.c-icon-lyric{border:1px solid #d8d8d8;cursor:pointer}.c-icon-v,.c-icon-hui,.c-icon-bao,.c-icon-person,.c-icon-high-v,.c-icon-phone,.c-icon-nuo,.c-icon-fan,.c-icon-med,.c-icon-air,.c-icon-share2,.c-icon-v1,.c-icon-v2,.c-icon-v3,.c-icon-write,.c-icon-R{border:1px solid #d8d8d8;cursor:pointer;border-color:transparent;_border-color:tomato;_filter:chroma(color=#ff6347)}.c-icon-v1,.c-icon-v2,.c-icon-v3,.c-icon-v1-noborder,.c-icon-v2-noborder,.c-icon-v3-noborder,.c-icon-v1-noborder-disable,.c-icon-v2-noborder-disable,.c-icon-v3-noborder-disable{width:19px}.c-icon-download,.c-icon-lyric{width:16px;height:16px}.c-icon-play-circle,.c-icon-stop-circle{width:18px;height:18px}.c-icon-play-circle-middle,.c-icon-stop-circle-middle{width:24px;height:24px}.c-icon-play-black-large,.c-icon-stop-black-large{width:36px;height:36px}.c-icon-play-black-larger,.c-icon-stop-black-larger{width:52px;height:52px}.c-icon-flag{background-position:0 -144px}.c-icon-bus{background-position:-24px -144px}.c-icon-calendar{background-position:-48px -144px}.c-icon-street{background-position:-72px -144px}.c-icon-map{background-position:-96px -144px}.c-icon-bag{background-position:-120px -144px}.c-icon-money{background-position:-144px -144px}.c-icon-game{background-position:-168px -144px}.c-icon-user{background-position:-192px -144px}.c-icon-globe{background-position:-216px -144px}.c-icon-lock{background-position:-240px -144px}.c-icon-plane{background-position:-264px -144px}.c-icon-list{background-position:-288px -144px}.c-icon-star-gray{background-position:-312px -144px}.c-icon-circle-gray{background-position:-384px -144px}.c-icon-triangle-down{background-position:-408px -144px}.c-icon-triangle-up{background-position:-432px -144px}.c-icon-triangle-up-empty{background-position:-456px -144px}.c-icon-sort-gray{background-position:-480px -144px}.c-icon-sort-up{background-position:-504px -144px}.c-icon-sort-down{background-position:-528px -144px}.c-icon-down-gray{background-position:-552px -144px}.c-icon-up-gray{background-position:-576px -144px}.c-icon-download-noborder{background-position:-600px -144px}.c-icon-lyric-noborder{background-position:-624px -144px}.c-icon-download-white{background-position:-648px -144px}.c-icon-close{background-position:-672px -144px}.c-icon-fail{background-position:-696px -144px}.c-icon-success{background-position:-720px -144px}.c-icon-triangle-down-g{background-position:-744px -144px}.c-icon-refresh{background-position:-768px -144px}.c-icon-chevron-left-gray{background-position:-816px -144px}.c-icon-chevron-right-gray{background-position:-840px -144px}.c-icon-setting{background-position:-864px -144px}.c-icon-close2{background-position:-888px -144px}.c-icon-chevron-top-gray-s{background-position:-912px -144px}.c-icon-fullscreen{background-position:0 -168px}.c-icon-safe{background-position:-24px -168px}.c-icon-exchange{background-position:-48px -168px}.c-icon-chevron-bottom{background-position:-72px -168px}.c-icon-chevron-top{background-position:-96px -168px}.c-icon-unfold{background-position:-120px -168px}.c-icon-fold{background-position:-144px -168px}.c-icon-chevron-unfold{background-position:-168px -168px}.c-icon-qa{background-position:-192px -168px}.c-icon-register{background-position:-216px -168px}.c-icon-star{background-position:-240px -168px}.c-icon-star-gray{position:relative}.c-icon-star-gray .c-icon-star{position:absolute;top:0;left:0}.c-icon-play-blue{background-position:-312px -168px}.c-icon-pic{width:16px;background-position:-336px -168px}.c-icon-chevron-fold{background-position:-360px -168px}.c-icon-video{width:18px;background-position:-384px -168px}.c-icon-circle-blue{background-position:-408px -168px}.c-icon-circle-yellow{background-position:-432px -168px}.c-icon-play-white{background-position:-456px -168px}.c-icon-triangle-down-blue{background-position:-480px -168px}.c-icon-chevron-unfold2{background-position:-504px -168px}.c-icon-right{background-position:-528px -168px}.c-icon-right-empty{background-position:-552px -168px}.c-icon-new-corner{width:15px;background-position:-576px -168px}.c-icon-horn{background-position:-600px -168px}.c-icon-right-large{width:18px;background-position:-624px -168px}.c-icon-wrong-large{background-position:-648px -168px}.c-icon-circle-blue-s{background-position:-672px -168px}.c-icon-play-gray{background-position:-696px -168px}.c-icon-up{background-position:-720px -168px}.c-icon-down{background-position:-744px -168px}.c-icon-stable{background-position:-768px -168px}.c-icon-calendar-blue{background-position:-792px -168px}.c-icon-triangle-down-blue2{background-position:-816px -168px}.c-icon-triangle-up-blue2{background-position:-840px -168px}.c-icon-down-blue{background-position:-864px -168px}.c-icon-up-blue{background-position:-888px -168px}.c-icon-ting{background-position:-912px -168px}.c-icon-piao{background-position:-936px -168px}.c-icon-wrong-empty{background-position:-960px -168px}.c-icon-warning-circle-s{background-position:-984px -168px}.c-icon-chevron-left{background-position:-1008px -168px}.c-icon-chevron-right{background-position:-1032px -168px}.c-icon-circle-gray-s{background-position:-1056px -168px}.c-icon-v,.c-icon-v-noborder{background-position:0 -192px}.c-icon-hui{background-position:-24px -192px}.c-icon-bao{background-position:-48px -192px}.c-icon-phone{background-position:-72px -192px}.c-icon-qa-empty{background-position:-96px -192px}.c-icon-safeguard{background-position:-120px -192px}.c-icon-register-empty{background-position:-144px -192px}.c-icon-zan{background-position:-168px -192px}.c-icon-music{background-position:-192px -192px}.c-icon-music-gray{background-position:-216px -192px}.c-icon-location{background-position:-240px -192px}.c-icon-warning{background-position:-264px -192px}.c-icon-doc{background-position:-288px -192px}.c-icon-xls{background-position:-312px -192px}.c-icon-ppt{background-position:-336px -192px}.c-icon-pdf{background-position:-360px -192px}.c-icon-txt{background-position:-384px -192px}.c-icon-play-black{background-position:-408px -192px}.c-icon-play-black:hover{background-position:-432px -192px}.c-icon-gift{background-position:-456px -192px}.c-icon-baidu-share{background-position:-480px -192px}.c-icon-bear{background-position:-504px -192px}.c-icon-R{background-position:-528px -192px}.c-icon-bear-border{background-position:-576px -192px}.c-icon-person,.c-icon-person-noborder{background-position:-600px -192px}.c-icon-location-blue{background-position:-624px -192px}.c-icon-hotAirBall{background-position:-648px -192px}.c-icon-moon{background-position:-672px -192px}.c-icon-streetMap{background-position:-696px -192px}.c-icon-high-v,.c-icon-high-v-noborder{background-position:-720px -192px}.c-icon-nuo{background-position:-744px -192px}.c-icon-mv{background-position:-768px -192px}.c-icon-fan{background-position:-792px -192px}.c-icon-med{background-position:-816px -192px}.c-icon-air{background-position:-840px -192px}.c-icon-share2{background-position:-864px -192px}.c-icon-v1,.c-icon-v1-noborder{background-position:-888px -192px}.c-icon-v2,.c-icon-v2-noborder{background-position:-912px -192px}.c-icon-v3,.c-icon-v3-noborder{background-position:-936px -192px}.c-icon-v1-noborder-disable{background-position:-960px -192px}.c-icon-v2-noborder-disable{background-position:-984px -192px}.c-icon-v3-noborder-disable{background-position:-1008px -192px}.c-icon-write{background-position:-1032px -192px}.c-icon-zhidao-s{background-position:-1056px -192px}.c-icon-shopping{background-position:-1080px -192px}.c-icon-bear-circle{background-position:0 -216px}.c-icon-warning-circle{background-position:-24px -216px}.c-icon-warning-triangle{width:24px;background-position:-48px -216px}.c-icon-warning-circle-gray{background-position:-72px -216px}.c-icon-ball-red{background-position:0 -240px}.c-icon-ball-blue{background-position:-48px -240px}.c-icon-tieba{background-position:0 -288px}.c-icon-zhidao{background-position:-48px -288px}.c-icon-bear-p{background-position:-96px -288px}.c-icon-bear-pn{background-position:-144px -288px}.c-icon-download{background-position:0 -336px}.c-icon-lyric{background-position:-24px -336px}.c-icon-play-circle{background-position:-48px -336px}.c-icon-play-circle:hover{background-position:-72px -336px}.c-icon-stop-circle{background-position:-96px -336px}.c-icon-stop-circle:hover{background-position:-120px -336px}.c-icon-play-circle-middle{background-position:0 -360px}.c-icon-play-circle-middle:hover{background-position:-48px -360px}.c-icon-stop-circle-middle{background-position:-96px -360px}.c-icon-stop-circle-middle:hover{background-position:-144px -360px}.c-icon-play-black-large{background-position:0 -408px}.c-icon-play-black-large:hover{background-position:-48px -408px}.c-icon-stop-black-large{background-position:-96px -408px}.c-icon-stop-black-large:hover{background-position:-144px -408px}.c-icon-play-black-larger{background-position:0 -456px}.c-icon-play-black-larger:hover{background-position:-72px -456px}.c-icon-stop-black-larger{background-position:-144px -456px}.c-icon-stop-black-larger:hover{background-position:-216px -456px}.c-recommend{font-size:0;padding:5px 0;border:1px solid #f3f3f3;border-left:0;border-right:0}.c-recommend .c-icon{margin-bottom:-4px}.c-recommend .c-gray,.c-recommend a{font-size:13px}.c-recommend-notopline{padding-top:0;border-top:0}.c-recommend-vline{display:inline-block;margin:0 10px -2px;border-left:1px solid #d8d8d8;width:0;height:12px;_vertical-align:middle;_overflow:hidden}.c-text{display:inline-block;padding:2px;text-align:center;vertical-align:text-bottom;font-size:12px;line-height:100%;font-style:normal;font-weight:400;color:#fff;overflow:hidden}a.c-text{text-decoration:none}.c-text-new{background-color:#f13f40}.c-text-info{padding-left:0;padding-right:0;font-weight:700;color:#2b99ff;*vertical-align:baseline;_position:relative;_top:2px}.c-text-info b{_position:relative;_top:-1px}.c-text-info span{padding:0 2px;font-weight:400}.c-text-important{background-color:#1cb7fd}.c-text-public{background-color:#2b99ff}.c-text-warning{background-color:#ff830f}.c-text-prompt{background-color:#f5c537}.c-text-danger{background-color:#f13f40}.c-text-safe{background-color:#52c277}.c-text-empty{padding-top:1px;padding-bottom:1px;border:1px solid #d8d8d8;cursor:pointer;color:#23b9fd;background-color:#fff}.c-text-empty:hover{border-color:#388bff}.c-text-empty:active{border-color:#a2a6ab;background-color:#f0f0f0;box-shadow:inset 1px 1px 1px #c7c7c7;-webkit-box-shadow:inset 1px 1px 1px #c7c7c7;-moz-box-shadow:inset 1px 1px 1px #c7c7c7;-o-box-shadow:inset 1px 1px 1px #c7c7c7}.c-text-mult{padding-left:5px;padding-right:5px}.c-text-gray{background-color:#666}.c-btn,.c-btn:visited{color:#333!important}.c-btn{display:inline-block;padding:0 14px;margin:0;height:24px;line-height:25px;font-size:13px;filter:chroma(color=#000000);*zoom:1;border:1px solid #d8d8d8;cursor:pointer;font-family:inherit;font-weight:400;text-align:center;vertical-align:middle;background-color:#f9f9f9;overflow:hidden;outline:0}.c-btn:hover{border-color:#388bff}.c-btn:active{border-color:#a2a6ab;background-color:#f0f0f0;box-shadow:inset 1px 1px 1px #c7c7c7;-webkit-box-shadow:inset 1px 1px 1px #c7c7c7;-moz-box-shadow:inset 1px 1px 1px #c7c7c7;-o-box-shadow:inset 1px 1px 1px #c7c7c7}a.c-btn{text-decoration:none}button.c-btn{height:26px;_line-height:18px;*overflow:visible}button.c-btn::-moz-focus-inner{padding:0;border:0}.c-btn .c-icon{margin-top:5px}.c-btn-disable{color:#999!important}.c-btn-disable:visited{color:#999!important}.c-btn-disable:hover{border:1px solid #d8d8d8;cursor:default}.c-btn-disable:active{border-color:#d8d8d8;background-color:#f9f9f9;box-shadow:none;-webkit-box-shadow:none;-moz-box-shadow:none;-o-box-shadow:none}.c-btn-mini{padding-left:5px;padding-right:5px;height:18px;line-height:18px;font-size:12px}button.c-btn-mini{height:20px;_height:18px;_line-height:14px}.c-btn-mini .c-icon{margin-top:2px}.c-btn-large{height:28px;line-height:28px;font-size:14px;font-family:\&quot;\u5fae\u8f6f\u96c5\u9ed1\&quot;,\&quot;\u9ed1\u4f53\&quot;}button.c-btn-large{height:30px;_line-height:24px}.c-btn-large .c-icon{margin-top:7px;_margin-top:6px}.c-btn-primary,.c-btn-primary:visited{color:#fff!important}.c-btn-primary{background-color:#388bff;border-color:#3c8dff #408ffe #3680e6}.c-btn-primary:hover{border-color:#2678ec #2575e7 #1c6fe2 #2677e7;background-color:#388bff;background-image:url(data:image\/png;base64,iVBORw0KGgoAAAANSUhEUgAAAAEAAAACCAMAAACuX0YVAAAABlBMVEVnpv85i\/9PO5r4AAAAD0lEQVR42gEEAPv\/AAAAAQAFAAIros7PAAAAAElFTkSuQmCC);*background-image:none;background-repeat:repeat-x;box-shadow:1px 1px 1px rgba(0,0,0,.4);-webkit-box-shadow:1px 1px 1px rgba(0,0,0,.4);-moz-box-shadow:1px 1px 1px rgba(0,0,0,.4);-o-box-shadow:1px 1px 1px rgba(0,0,0,.4)}.c-btn-primary:active{border-color:#178ee3 #1784d0 #177bbf #1780ca;background-color:#388bff;background-image:none;box-shadow:inset 1px 1px 1px rgba(0,0,0,.15);-webkit-box-shadow:inset 1px 1px 1px rgba(0,0,0,.15);-moz-box-shadow:inset 1px 1px 1px rgba(0,0,0,.15);-o-box-shadow:inset 1px 1px 1px rgba(0,0,0,.15)}.c-btn .c-icon{float:left}.c-dropdown2{position:relative;display:inline-block;width:100%;height:26px;line-height:26px;font-size:13px;vertical-align:middle;outline:0;_font-family:SimSun;background-color:#fff;word-wrap:normal;word-break:normal}.c-dropdown2 .c-dropdown2-btn-group{position:relative;height:24px;border:1px solid #999;border-bottom-color:#d8d8d8;border-right-color:#d8d8d8;-moz-user-select:none;-webkit-user-select:none;user-select:none}.c-dropdown2:hover .c-dropdown2-btn-group,.c-dropdown2-hover .c-dropdown2-btn-group{box-shadow:inset 1px 1px 0 0 #d8d8d8;-webkit-box-shadow:inset 1px 1px 0 0 #d8d8d8;-moz-box-shadow:inset 1px 1px 0 0 #d8d8d8;-o-box-shadow:inset 1px 1px 0 0 #d8d8d8}.c-dropdown2:hover .c-dropdown2-btn-icon,.c-dropdown2-hover .c-dropdown2-btn-icon{box-shadow:inset 0 1px 0 0 #d8d8d8;-webkit-box-shadow:inset 0 1px 0 0 #d8d8d8;-moz-box-shadow:inset 0 1px 0 0 #d8d8d8;-o-box-shadow:inset 0 1px 0 0 #d8d8d8}.c-dropdown2:hover .c-dropdown2-btn-icon-border,.c-dropdown2-hover .c-dropdown2-btn-icon-border{background-color:#f2f2f2}.c-dropdown2 .c-dropdown2-btn{height:24px;padding-left:10px;padding-right:10px;cursor:default;overflow:hidden;white-space:nowrap}.c-dropdown2 .c-dropdown2-btn-icon{position:absolute;top:0;right:0;width:23px;height:24px;line-height:24px;background-color:#fff;padding:0 1px 0 10px}.c-dropdown2 .c-dropdown2-btn-icon-border{height:24px;width:23px;border-left:1px solid #d9d9d9;text-align:center;zoom:1}.c-dropdown2 .c-icon-triangle-down{*margin-top:5px;_margin-left:2px}.c-dropdown2 .c-dropdown2-menu{position:absolute;left:0;top:100%;_margin-top:0;width:100%;overflow:hidden;border:1px solid #bbb;background:#fff;visibility:hidden}.c-dropdown2 .c-dropdown2-menu-inner{overflow:hidden}.c-dropdown2 .c-dropdown2-option{background-color:#fff;cursor:pointer}.c-dropdown2 .c-dropdown2-selected{background-color:#f5f5f5}.c-dropdown2-common ul,.c-dropdown2-common li{margin:0;padding:0;list-style:none}.c-dropdown2-common .c-dropdown2-option{height:26px;line-height:26px;font-size:12px;color:#333;white-space:nowrap;cursor:pointer;padding-left:10px}.c-dropdown2-common .c-dropdown2-selected{background-color:#f5f5f5}.c-dropdown2-common .c-dropdown2-menu-group .c-dropdown2-group{padding-left:10px;font-weight:700;cursor:default}.c-dropdown2-common .c-dropdown2-menu-group .c-dropdown2-option{padding-left:20px}.c-img{display:block;min-height:1px;border:0 0}.c-img3{width:52px}.c-img4{width:75px}.c-img6{width:121px}.c-img7{width:144px}.c-img12{width:259px}.c-img15{width:328px}.c-img18{width:397px}.c-border .c-img3{width:56px}.c-border .c-img4{width:78px}.c-border .c-img7{width:144px}.c-border .c-img12{width:254px}.c-border .c-img15{width:320px}.c-border .c-img18{width:386px}.c-index{display:inline-block;padding:1px 0;color:#fff;width:14px;line-height:100%;font-size:12px;text-align:center;background-color:#8eb9f5}.c-index-hot,.c-index-hot1{background-color:#f54545}.c-index-hot2{background-color:#ff8547}.c-index-hot3{background-color:#ffac38}.c-input{display:inline-block;padding:0 4px;height:24px;line-height:24px\\9;font-size:13px;border:1px solid #999;border-bottom-color:#d8d8d8;border-right-color:#d8d8d8;outline:0;box-sizing:content-box;-webkit-box-sizing:content-box;-moz-box-sizing:content-box;vertical-align:top;overflow:hidden}.c-input:hover{box-shadow:inset 1px 1px 1px 0 #d8d8d8;-webkit-box-shadow:inset 1px 1px 1px 0 #d8d8d8;-moz-box-shadow:inset 1px 1px 1px 0 #d8d8d8;-o-box-shadow:inset 1px 1px 1px 0 #d8d8d8}.c-input .c-icon{float:right;margin-top:6px}.c-input .c-icon-left{float:left;margin-right:4px}.c-input input{float:left;height:22px;*padding-top:4px;margin-top:2px;font-size:13px;border:0;outline:0}.c-input{width:180px}.c-input input{width:162px}.c-input-xmini{width:65px}.c-input-xmini input{width:47px}.c-input-mini{width:88px}.c-input-mini input{width:70px}.c-input-small{width:157px}.c-input-small input{width:139px}.c-input-large{width:203px}.c-input-large input{width:185px}.c-input-xlarge{width:341px}.c-input-xlarge input{width:323px}.c-input12{width:249px}.c-input12 input{width:231px}.c-input20{width:433px}.c-input20 input{width:415px}.c-border .c-input{width:178px}.c-border .c-input input{width:160px}.c-border .c-input-xmini{width:68px}.c-border .c-input-xmini input{width:50px}.c-border .c-input-mini{width:90px}.c-border .c-input-mini input{width:72px}.c-border .c-input-small{width:156px}.c-border .c-input-small input{width:138px}.c-border .c-input-large{width:200px}.c-border .c-input-large input{width:182px}.c-border .c-input-xlarge{width:332px}.c-border .c-input-xlarge input{width:314px}.c-border .c-input12{width:244px}.c-border .c-input12 input{width:226px}.c-border .c-input20{width:420px}.c-border .c-input20 input{width:402px}.c-numberset{*zoom:1}.c-numberset:after{display:block;height:0;content:\&quot;\&quot;;clear:both;visibility:hidden}.c-numberset li{float:left;margin-right:17px;list-style:none}.c-numberset .c-numberset-last{margin-right:0}.c-numberset a{display:block;width:50px;text-decoration:none;text-align:center;border:1px solid #d8d8d8;cursor:pointer}.c-numberset a:hover{border-color:#388bff}.c-border .c-numberset li{margin-right:10px}.c-border .c-numberset .c-numberset-last{margin-right:0}.c-border .c-numberset a{width:54px}.c-table{width:100%;border-collapse:collapse;border-spacing:0}.c-table th,.c-table td{padding-left:10px;line-height:1.54;font-size:13px;border-bottom:1px solid #f3f3f3;text-align:left}.cr-content .c-table th:first-child,.cr-content .c-table td:first-child{padding-left:0}.c-table th{padding-top:4px;padding-bottom:4px;font-weight:400;color:#666;border-color:#f0f0f0;white-space:nowrap;background-color:#fafafa}.c-table td{padding-top:6.5px;padding-bottom:6.5px}.c-table-hasimg td{padding-top:10px;padding-bottom:10px}.c-table a,.c-table em{text-decoration:none}.c-table a:hover,.c-table a:hover em{text-decoration:underline}.c-table a.c-icon:hover{text-decoration:none}.c-table .c-btn:hover,.c-table .c-btn:hover em{text-decoration:none}.c-table-nohihead th{background-color:transparent}.c-table-noborder td{border-bottom:0}.c-tabs-nav-movetop{margin:-10px -9px 0 -10px;position:relative}.c-tabs-nav{border-bottom:1px solid #d9d9d9;background-color:#fafafa;line-height:1.54;font-size:0;*zoom:1;_overflow-x:hidden;_position:relative}.c-tabs-nav:after{display:block;height:0;content:\&quot;\&quot;;clear:both;visibility:hidden}.c-tabs-nav .c-tabs-nav-btn{float:right;_position:absolute;_top:0;_right:0;_z-index:1;background:#fafafa}.c-tabs-nav .c-tabs-nav-btn .c-tabs-nav-btn-prev,.c-tabs-nav .c-tabs-nav-btn .c-tabs-nav-btn-next{float:left;padding:6px 2px;cursor:pointer}.c-tabs-nav .c-tabs-nav-btn .c-tabs-nav-btn-disable{cursor:default}.c-tabs-nav .c-tabs-nav-view{_position:relative;overflow:hidden;*zoom:1;margin-bottom:-1px}.c-tabs-nav .c-tabs-nav-view .c-tabs-nav-li{margin-bottom:0}.c-tabs-nav .c-tabs-nav-more{float:left;white-space:nowrap}.c-tabs-nav li,.c-tabs-nav a{color:#666;font-size:13px;*zoom:1}.c-tabs-nav li{display:inline-block;margin-bottom:-1px;*display:inline;padding:3px 15px;vertical-align:bottom;border-style:solid;border-width:2px 1px 0;border-color:transparent;_border-color:tomato;_filter:chroma(color=#ff6347);list-style:none;cursor:pointer;white-space:nowrap;overflow:hidden}.c-tabs-nav a{text-decoration:none}.c-tabs-nav .c-tabs-nav-sep{height:16px;width:0;padding:0;margin-bottom:4px;border-style:solid;border-width:0 1px;border-color:transparent #fff transparent #dedede}.c-tabs-nav .c-tabs-nav-selected{_position:relative;border-color:#2c99ff #e4e4e4 #fff #dedede;background-color:#fff;color:#000;cursor:default}.c-tabs-nav-one .c-tabs-nav-selected{border-color:transparent;_border-color:tomato;_filter:chroma(color=#ff6347);background-color:transparent;color:#666}.c-tabs .c-tabs .c-tabs-nav{padding:10px 0 5px;border:0 0;background-color:#fff}.c-tabs .c-tabs .c-tabs-nav li,.c-tabs .c-tabs .c-tabs-nav a{color:#00c}.c-tabs .c-tabs .c-tabs-nav li{padding:0 5px;position:static;margin:0 10px;border:0 0;cursor:pointer;white-space:nowrap}.c-tabs .c-tabs .c-tabs-nav .c-tabs-nav-sep{height:11px;width:0;padding:0;margin:0 0 4px;border:0 0;border-left:1px solid #d8d8d8}.c-tabs .c-tabs .c-tabs-nav .c-tabs-nav-selected{background-color:#2c99ff;color:#fff;cursor:default}.c-tag{padding-top:3px;margin-bottom:3px;height:1.7em;font-size:13px;line-height:1.4em;transition:height .3s ease-in;-webkit-transition:height .3s ease-in;-moz-transition:height .3s ease-in;-ms-transition:height .3s ease-in;-o-transition:height .3s ease-in;*zoom:1;overflow:hidden}.c-tag:after{display:block;height:0;content:\&quot;\&quot;;clear:both;visibility:hidden}.c-tag-cont{overflow:hidden;*zoom:1}.c-tag-type,.c-tag-li,.c-tag-more,.c-tag-cont span{margin:2px 0}.c-tag-type,.c-tag-li,.c-tag-cont span{float:left}.c-tag-type,.c-tag-more{color:#666}.c-tag-li,.c-tag-cont span{padding:0 4px;display:inline-block;margin-right:12px;white-space:nowrap;cursor:pointer;color:#00c}.c-tag .c-tag-selected{background:#388bff;color:#fff}.c-tag-more{float:right;background:#fff;cursor:pointer;*height:18px}.c-tool{display:inline-block;width:56px;height:56px;background:url(\/\/www.baidu.com\/aladdin\/img\/tools\/tools-5.png) no-repeat}.c-tool-region{background-position:0 0}.c-tool-calendar{background-position:-72px 0}.c-tool-city{background-position:-144px 0}.c-tool-phone-pos{background-position:-216px 0}.c-tool-other{background-position:-288px 0}.c-tool-midnight{background-position:-360px 0}.c-tool-kefu{width:121px;background-position:-432px 0}.c-tool-phone{background-position:-576px 0}.c-tool-car{background-position:-648px 0}.c-tool-station{background-position:0 -72px}.c-tool-cheat{background-position:-72px -72px}.c-tool-counter{background-position:-144px -72px}.c-tool-time{background-position:-216px -72px}.c-tool-zip{background-position:-288px -72px}.c-tool-warning{background-position:-360px -72px}.c-tool-ip{background-position:0 -144px}.c-tool-unit{background-position:-72px -144px}.c-tool-rate{background-position:-144px -144px}.c-tool-conversion{background-position:-288px -144px}.c-tool-ads{background-position:-360px -144px}.soutu-input{padding-left:55px!important}.soutu-input-image{position:absolute;left:1px;top:1px;height:28px;width:49px;z-index:1;padding:0;background:#e6e6e6;border:1px solid #e6e6e6}.soutu-input-thumb{height:28px;width:28px;min-width:1px}.soutu-input-close{position:absolute;right:0;top:0;cursor:pointer;display:block;width:22px;height:28px}.soutu-input-close::after{content:\&quot; \&quot;;position:absolute;right:3px;top:50%;cursor:pointer;margin-top:-7px;display:block;width:14px;height:14px;background:url(https:\/\/ss1.bdstatic.com\/5eN1bjq8AAUYm2zgoY3K\/r\/www\/cache\/static\/protocol\/https\/soutu\/img\/soutu_icons_new_8abaf8a.png) no-repeat -163px 0}.soutu-input-image:hover .soutu-input-close::after{background-position:-215px 2px}.fb-hint{margin-top:5px;transition-duration:.9s;opacity:0;display:none;color:red}.fb-img{display:none}.fb-hint-tip{height:44px;line-height:24px;background-color:#38f;color:#fff;box-sizing:border-box;width:269px;font-size:16px;padding:10px;padding-left:14px;position:absolute;top:-65px;right:-15px;border-radius:3px;z-index:299}.fb-hint-tip::before{content:\&quot;\&quot;;width:0;height:0;display:block;position:absolute;border-left:8px solid transparent;border-right:8px solid transparent;border-top:8px solid #38f;bottom:-8px;right:25px}.fb-mask,.fb-mask-light{position:absolute;top:0;left:0;bottom:0;right:0;z-index:296;background-color:#000;filter:alpha(opacity=60);background-color:rgba(0,0,0,.6)}.fb-mask-light{background-color:#fff;filter:alpha(opacity=0);background-color:rgba(255,255,255,0)}.fb-success .fb-success-text{text-align:center;color:#333;font-size:13px;margin-bottom:14px}.fb-success-text.fb-success-text-title{color:#3b6;font-size:16px;margin-bottom:16px}.fb-success-text-title i{width:16px;height:16px;margin-right:5px}.fb-list-container{box-sizing:border-box;padding:4px 8px;position:absolute;top:0;left:0;bottom:0;right:0;z-index:298;display:block;width:100%;cursor:pointer;margin-top:-5px;margin-left:-5px}.fb-list-container-hover{background-color:#fff;border:2px #38f solid}.fb-list-container-first{box-sizing:border-box;padding-left:10px;padding-top:5px;position:absolute;top:0;left:0;bottom:0;right:0;z-index:297;display:block;width:100%;cursor:pointer;margin-top:-5px;margin-left:-5px;border:3px #f5f5f5 dashed;border-radius:3px}.fb-des-content{font-size:13px!important;color:#000}.fb-des-content::-webkit-input-placeholder{font-size:13px!important;color:#9a9a9a}.fb-des-content:-moz-placeholder{font-size:13px!important;color:#9a9a9a}.fb-des-content::-moz-placeholder{font-size:13px!important;color:#9a9a9a}.fb-des-content:-ms-input-placeholder{font-size:13px!important;color:#9a9a9a}.fb-btn,.fb-btn:visited{color:#333!important}.fb-select{position:relative;background-color:#fff;border:1px solid #ccc}.fb-select i{position:absolute;right:2px;top:7px}.fb-type{width:350px;box-sizing:border-box;height:28px;font-size:13px;line-height:28px;border:0;word-break:normal;word-wrap:normal;position:relative;appearance:none;-moz-appearance:none;-webkit-appearance:none;display:inline-block;vertical-align:middle;line-height:normal;color:#333;background-color:transparent;border-radius:0;overflow:hidden;outline:0;padding-left:5px}.fb-type::-ms-expand{display:none}.fb-btn{display:inline-block;padding:0 14px;margin:0;height:24px;line-height:25px;font-size:13px;filter:chroma(color=#000000);*zoom:1;border:1px solid #d8d8d8;cursor:pointer;font-family:inherit;font-weight:400;text-align:center;vertical-align:middle;background-color:#f9f9f9;overflow:hidden;outline:0}.fb-btn:hover{border-color:#388bff}.fb-btn:active{border-color:#a2a6ab;background-color:#f0f0f0;box-shadow:inset 1px 1px 1px #c7c7c7;-webkit-box-shadow:inset 1px 1px 1px #c7c7c7;-moz-box-shadow:inset 1px 1px 1px #c7c7c7;-o-box-shadow:inset 1px 1px 1px #c7c7c7}a.fb-btn{text-decoration:none}button.fb-btn{height:26px;_line-height:18px;*overflow:visible}button.fb-btn::-moz-focus-inner{padding:0;border:0}.fb-btn .c-icon{margin-top:5px}.fb-btn-primary,.fb-btn-primary:visited{color:#fff!important}.fb-btn-primary{background-color:#388bff;_width:82px;border-color:#3c8dff #408ffe #3680e6}.fb-btn-primary:hover{border-color:#2678ec #2575e7 #1c6fe2 #2677e7;background-color:#388bff;background-image:url(data:image\/png;base64,iVBORw0KGgoAAAANSUhEUgAAAAEAAAACCAMAAACuX0YVAAAABlBMVEVnpv85i\/9PO5r4AAAAD0lEQVR42gEEAPv\/AAAAAQAFAAIros7PAAAAAElFTkSuQmCC);background-repeat:repeat-x;box-shadow:1px 1px 1px rgba(0,0,0,.4);-webkit-box-shadow:1px 1px 1px rgba(0,0,0,.4);-moz-box-shadow:1px 1px 1px rgba(0,0,0,.4);-o-box-shadow:1px 1px 1px rgba(0,0,0,.4)}.fb-btn-primary:active{border-color:#178ee3 #1784d0 #177bbf #1780ca;background-color:#388bff;background-image:none;box-shadow:inset 1px 1px 1px rgba(0,0,0,.15);-webkit-box-shadow:inset 1px 1px 1px rgba(0,0,0,.15);-moz-box-shadow:inset 1px 1px 1px rgba(0,0,0,.15);-o-box-shadow:inset 1px 1px 1px rgba(0,0,0,.15)}.fb-feedback-right-dialog{position:fixed;z-index:299;bottom:0;right:0}.fb-feedback-list-dialog,.fb-feedback-list-dialog-left{position:absolute;z-index:299}.fb-feedback-list-dialog:before{content:\&quot;\&quot;;width:0;height:0;display:block;position:absolute;top:15px;left:-6px;border-top:8px solid transparent;border-bottom:8px solid transparent;border-right:8px solid #fff}.fb-feedback-list-dialog-left:before{content:\&quot;\&quot;;width:0;height:0;display:block;position:absolute;top:15px;right:-6px;border-top:8px solid transparent;border-bottom:8px solid transparent;border-left:8px solid #fff}.fb-header{padding-left:20px;padding-right:20px;margin-top:14px;text-align:left;-moz-user-select:none}.fb-header .fb-close{opacity:.2;filter:alpha(opacity=20)}.fb-close{text-decoration:none;margin-top:2px;float:right;font-size:20px;font-weight:700;line-height:18px;color:#666;text-shadow:0 1px 0 #fff}.fb-header a.fb-close:hover{text-decoration:none}.fb-header-tips{font-size:16px;margin:0;color:#333;text-rendering:optimizelegibility}.fb-body{margin-bottom:0;padding:20px;padding-top:10px;overflow:hidden;text-align:left}.fb-modal,.fb-success{background-color:#fff;cursor:default;top:100%;left:100%;width:390px;overflow:hidden;border:1px solid #999;*border:1px solid #ddd;font-size:13px;line-height:1.54}.fb-textarea textarea{width:350px;height:64px;padding:4px;margin:10px 0;vertical-align:top;resize:none;overflow:auto;box-sizing:border-box;display:inline-block;border:1px solid #ccc;-webkit-border-radius:0;-moz-border-radius:0;border-radius:0;-webkit-box-shadow:inset 0 1px 1px rgba(0,0,0,.075);-moz-box-shadow:inset 0 1px 1px rgba(0,0,0,.075);box-shadow:inset 0 1px 1px rgba(0,0,0,.075);-webkit-transition:border linear .2s,box-shadow linear .2s;-moz-transition:border linear .2s,box-shadow linear .2s;-ms-transition:border linear .2s,box-shadow linear .2s;-o-transition:border linear .2s,box-shadow linear .2s;transition:border linear .2s,box-shadow linear .2s}.fb-guide{padding-top:10px;color:#9a9a9a;margin-left:-20px;padding-left:20px;border-right-width:0;margin-right:-20px;padding-right:25px;margin-bottom:-20px;padding-bottom:15px}.fb-footer{padding-top:10px;text-align:left}.fb-block{overflow:hidden;position:relative}.fb-block .fb-email{height:28px;line-height:26px;width:350px;border:1px solid #ccc;padding:4px;padding-top:0;box-sizing:border-box;padding-bottom:0;display:inline-block;font-family:&#039;Helvetica Neue&#039;,Helvetica,Arial,sans-serif;vertical-align:middle!important;-webkit-border-radius:0;-moz-border-radius:0;border-radius:0;-webkit-box-shadow:inset 0 1px 1px rgba(0,0,0,.075);-moz-box-shadow:inset 0 1px 1px rgba(0,0,0,.075);box-shadow:inset 0 1px 1px rgba(0,0,0,.075);-webkit-transition:border linear .2s,box-shadow linear .2s;-moz-transition:border linear .2s,box-shadow linear .2s;-ms-transition:border linear .2s,box-shadow linear .2s;-o-transition:border linear .2s,box-shadow linear .2s;transition:border linear .2s,box-shadow linear .2s}.fb-email{font-size:13px!important;color:#000}.fb-email::-webkit-input-placeholder{font-size:13px!important;color:#9a9a9a}.fb-email:-moz-placeholder{font-size:13px!important;color:#9a9a9a}.fb-email::-moz-placeholder{font-size:13px!important;color:#9a9a9a}.fb-email:-ms-input-placeholder{font-size:13px!important;color:#9a9a9a}.fb-cut-block{height:15px;padding-bottom:10px}.fb-canvas-block{height:172px;border:1px solid #ccc;margin-bottom:10px;position:relative;overflow:hidden;width:100%;background-position:center;box-sizing:border-box}.fb-canvas-block img{width:350px;position:absolute}.fb-canvas-block img[src=\&quot;\&quot;]{opacity:0}.fb-cut-input{width:14px;height:14px;margin:0;margin-right:10px;display:inline-block;border:1px solid #ccc}.fb-cut-btn{width:60px!important}#fb_tips_span{vertical-align:middle}#fb_popwindow{display:block;left:457px;top:69.5px;position:absolute;width:450px;z-index:999999;background:none repeat scroll 0 0 #fff;border:1px solid #999;border-radius:3px;box-shadow:0 0 9px #999;padding:0}#feedback_dialog_content{text-align:center}#fb_right_post_save:hover{background-image:url(data:image\/png;base64,iVBORw0KGgoAAAANSUhEUgAAAAEAAAACCAMAAACuX0YVAAAABlBMVEVnpv85i\/9PO5r4AAAAD0lEQVR42gEEAPv\/AAAAAQAFAAIros7PAAAAAElFTkSuQmCC);background-repeat:repeat-x;box-shadow:1px 1px 1px rgba(0,0,0,.4);-webkit-box-shadow:1px 1px 1px rgba(0,0,0,.4);-moz-box-shadow:1px 1px 1px rgba(0,0,0,.4);-o-box-shadow:1px 1px 1px rgba(0,0,0,.4)}.fb-select-icon{position:absolute;bottom:6px;right:5px;width:16px;height:16px;box-sizing:content-box;background-position:center center;background-repeat:no-repeat;background-size:7px 4px;-webkit-background-size:7px 4px;background-image:url(data:image\/png;base64,iVBORw0KGgoAAAANSUhEUgAAAAcAAAAECAYAAABCxiV9AAAABGdBTUEAALGPC\/xhBQAAACBjSFJNAAB6JgAAgIQAAPoAAACA6AAAdTAAAOpgAAA6mAAAF3CculE8AAAABmJLR0QAAAAAAAD5Q7t\/AAAACXBIWXMAAAsSAAALEgHS3X78AAAAKElEQVQI12Ps7Or6z4ADMDIwMDBgU1BeVsbICOMgKygvK2PEMAbdBAAhxA08t5Q3VgAAAABJRU5ErkJggg==)}.fb-select-shorter{position:relative;min-height:28px}.fb-type-container{line-height:28px;position:absolute;top:28px;width:100%;background-color:#fff;border:1px solid #ccc;z-index:300;margin-left:-1px;display:none}.fb-type-item,.fb-type-selected{height:28px;line-height:30px;padding-left:4px}.fb-type-item:hover{background:#f5F5F5}&lt;\/style&gt;&quot;;
    result_common_css=$(result_common_css);
    result_common_css.attr(&quot;data-for&quot;,&quot;result&quot;);

    var index_css= $(&#039;head [index]&#039;);
    var wrapper=$(&quot;#wrapper&quot;);
    window.index_on=function(){
        index_css.insertAfter(&quot;meta:eq(0)&quot;);
        result_common_css.remove();
        wrapper.show();
        if(bds.su&amp;&amp;bds.su.U&amp;&amp;bds.su.U.homeInit){
            bds.su.U.homeInit();
        }
        //$(&quot;#wrapper_wrapper&quot;).remove();
    };
    window.index_off=function(){
        //不能操作dom，只能改css，否则会丢失输入法状态
        result_common_css.insertAfter(&quot;meta:eq(0)&quot;);
        wrapper.show();
        index_css.remove();

        //$(&quot;&lt;div id=&#039;wrapper_wrapper&#039;&gt;&lt;/div&gt;&quot;).appendTo(&quot;#wrapper&quot;);
    };
})();

//首页UA diff 监控
$(window).on(&quot;load&quot;,function() {

	var rand = Math.random();

	if(rand &lt; 0.01) {
		try {
		var baseUrl = &quot;//www.baidu.com/nocache/fesplg/s.gif?log_type=hm&amp;type=uamonitor&amp;&quot;,
			queryString = &quot;&quot;;

		queryString += &quot;&amp;c_ua=&quot; + encodeURIComponent(navigator.userAgent);
		queryString += &quot;&amp;s_ua=&quot; + encodeURIComponent(bds.comm.userAgent);

		var url=baseUrl+queryString,
			img = new Image(),
			img_rand=&quot;_LOG_&quot;+new Date().getTime();
		img.onload=function(){
			delete window[img_rand];
		};
		window[img_rand]=img;
		img.src=url;
		} catch(e) {};
	}
});

&lt;/script&gt;

&lt;script type=&quot;text/javascript&quot;&gt;var Cookie={set:function(e,t,o,i,s,n){document.cookie=e+&quot;=&quot;+(n?t:escape(t))+(s?&quot;; expires=&quot;+s.toGMTString():&quot;&quot;)+(i?&quot;; path=&quot;+i:&quot;; path=/&quot;)+(o?&quot;; domain=&quot;+o:&quot;&quot;)},get:function(e,t){var o=document.cookie.match(new RegExp(&quot;(^| )&quot;+e+&quot;=([^;]*)(;|$)&quot;));return null!=o?unescape(o[2]):t},clear:function(e,t,o){this.get(e)&amp;&amp;(document.cookie=e+&quot;=&quot;+(t?&quot;; path=&quot;+t:&quot;; path=/&quot;)+(o?&quot;; domain=&quot;+o:&quot;&quot;)+&quot;;expires=Fri, 02-Jan-1970 00:00:00 GMT&quot;)}};!function(){function save(e){var t=[];for(tmpName in options)options.hasOwnProperty(tmpName)&amp;&amp;&quot;duRobotState&quot;!==tmpName&amp;&amp;t.push(&#039;&quot;&#039;+tmpName+&#039;&quot;:&quot;&#039;+options[tmpName]+&#039;&quot;&#039;);
var o=&quot;{&quot;+t.join(&quot;,&quot;)+&quot;}&quot;;bds.comm.personalData?$.ajax({url:&quot;//www.baidu.com/ups/submit/addtips/?product=ps&amp;tips=&quot;+encodeURIComponent(o)+&quot;&amp;_r=&quot;+(new Date).getTime(),success:function(){writeCookie(),&quot;function&quot;==typeof e&amp;&amp;e()}}):(writeCookie(),&quot;function&quot;==typeof e&amp;&amp;setTimeout(e,0))}function set(e,t){options[e]=t}function get(e){return options[e]}function writeCookie(){if(options.hasOwnProperty(&quot;sugSet&quot;)){var e=&quot;0&quot;==options.sugSet?&quot;0&quot;:&quot;3&quot;;clearCookie(&quot;sug&quot;),Cookie.set(&quot;sug&quot;,e,document.domain,&quot;/&quot;,expire30y)
}if(options.hasOwnProperty(&quot;sugStoreSet&quot;)){var e=0==options.sugStoreSet?&quot;0&quot;:&quot;1&quot;;clearCookie(&quot;sugstore&quot;),Cookie.set(&quot;sugstore&quot;,e,document.domain,&quot;/&quot;,expire30y)}if(options.hasOwnProperty(&quot;isSwitch&quot;)){var t={0:&quot;2&quot;,1:&quot;0&quot;,2:&quot;1&quot;},e=t[options.isSwitch];clearCookie(&quot;ORIGIN&quot;),Cookie.set(&quot;ORIGIN&quot;,e,document.domain,&quot;/&quot;,expire30y)}if(options.hasOwnProperty(&quot;imeSwitch&quot;)){var e=options.imeSwitch;clearCookie(&quot;bdime&quot;),Cookie.set(&quot;bdime&quot;,e,document.domain,&quot;/&quot;,expire30y)}}function writeBAIDUID(){var e,t,o,i=Cookie.get(&quot;BAIDUID&quot;);
/FG=(\d+)/.test(i)&amp;&amp;(t=RegExp.$1),/SL=(\d+)/.test(i)&amp;&amp;(o=RegExp.$1),/NR=(\d+)/.test(i)&amp;&amp;(e=RegExp.$1),options.hasOwnProperty(&quot;resultNum&quot;)&amp;&amp;(e=options.resultNum),options.hasOwnProperty(&quot;resultLang&quot;)&amp;&amp;(o=options.resultLang),Cookie.set(&quot;BAIDUID&quot;,i.replace(/:.*$/,&quot;&quot;)+(&quot;undefined&quot;!=typeof o?&quot;:SL=&quot;+o:&quot;&quot;)+(&quot;undefined&quot;!=typeof e?&quot;:NR=&quot;+e:&quot;&quot;)+(&quot;undefined&quot;!=typeof t?&quot;:FG=&quot;+t:&quot;&quot;),&quot;.baidu.com&quot;,&quot;/&quot;,expire30y,!0)}function clearCookie(e){Cookie.clear(e,&quot;/&quot;),Cookie.clear(e,&quot;/&quot;,document.domain),Cookie.clear(e,&quot;/&quot;,&quot;.&quot;+document.domain),Cookie.clear(e,&quot;/&quot;,&quot;.baidu.com&quot;)
}function reset(e){options=defaultOptions,save(e)}var defaultOptions={sugSet:1,sugStoreSet:1,isSwitch:1,isJumpHttps:1,imeSwitch:0,resultNum:10,skinOpen:1,resultLang:0,duRobotState:&quot;000&quot;},options={},tmpName,expire30y=new Date;expire30y.setTime(expire30y.getTime()+94608e7);try{if(bds&amp;&amp;bds.comm&amp;&amp;bds.comm.personalData){if(&quot;string&quot;==typeof bds.comm.personalData&amp;&amp;(bds.comm.personalData=eval(&quot;(&quot;+bds.comm.personalData+&quot;)&quot;)),!bds.comm.personalData)return;for(tmpName in bds.comm.personalData)defaultOptions.hasOwnProperty(tmpName)&amp;&amp;bds.comm.personalData.hasOwnProperty(tmpName)&amp;&amp;&quot;SUCCESS&quot;==bds.comm.personalData[tmpName].ErrMsg&amp;&amp;(options[tmpName]=bds.comm.personalData[tmpName].value)
}try{parseInt(options.resultNum)||delete options.resultNum,parseInt(options.resultLang)||&quot;0&quot;==options.resultLang||delete options.resultLang}catch(e){}writeCookie(),&quot;sugSet&quot;in options||(options.sugSet=3!=Cookie.get(&quot;sug&quot;,3)?0:1),&quot;sugStoreSet&quot;in options||(options.sugStoreSet=Cookie.get(&quot;sugstore&quot;,0));var BAIDUID=Cookie.get(&quot;BAIDUID&quot;);&quot;resultNum&quot;in options||(options.resultNum=/NR=(\d+)/.test(BAIDUID)&amp;&amp;RegExp.$1?parseInt(RegExp.$1):10),&quot;resultLang&quot;in options||(options.resultLang=/SL=(\d+)/.test(BAIDUID)&amp;&amp;RegExp.$1?parseInt(RegExp.$1):0),&quot;isSwitch&quot;in options||(options.isSwitch=2==Cookie.get(&quot;ORIGIN&quot;,0)?0:1==Cookie.get(&quot;ORIGIN&quot;,0)?2:1),&quot;imeSwitch&quot;in options||(options.imeSwitch=Cookie.get(&quot;bdime&quot;,0))
}catch(e){}window.UPS={writeBAIDUID:writeBAIDUID,reset:reset,get:get,set:set,save:save}}(),function(){var e=&quot;https://ss1.bdstatic.com/5eN1bjq8AAUYm2zgoY3K/r/www/cache/static/protocol/https/plugins/every_cookie_a70bc15.js&quot;;(&quot;Mac68K&quot;==navigator.platform||&quot;MacPPC&quot;==navigator.platform||&quot;Macintosh&quot;==navigator.platform||&quot;MacIntel&quot;==navigator.platform)&amp;&amp;(e=&quot;https://ss1.bdstatic.com/5eN1bjq8AAUYm2zgoY3K/r/www/cache/static/protocol/https/plugins/every_cookie_mac_82990d4.js&quot;),setTimeout(function(){$.ajax({url:e,cache:!0,dataType:&quot;script&quot;})},0);var t=navigator&amp;&amp;navigator.userAgent?navigator.userAgent:&quot;&quot;,o=document&amp;&amp;document.cookie?document.cookie:&quot;&quot;,i=!!(t.match(/(msie [2-8])/i)||t.match(/windows.*safari/i)&amp;&amp;!t.match(/chrome/i)||t.match(/(linux.*firefox)/i)||t.match(/Chrome\/29/i)||t.match(/mac os x.*firefox/i)||o.match(/\bISSW=1/)||0==UPS.get(&quot;isSwitch&quot;));
bds&amp;&amp;bds.comm&amp;&amp;(bds.comm.supportis=!i,bds.comm.isui=!0),window.__restart_confirm_timeout=!0,window.__confirm_timeout=8e3,window.__disable_is_guide=!0,window.__disable_swap_to_empty=!0,window.__switch_add_mask=!0;var s=&quot;https://ss1.bdstatic.com/5eN1bjq8AAUYm2zgoY3K/r/www/cache/static/protocol/https/global/js/all_async_search_bea551a.js&quot;,n=&quot;/script&quot;;document.write(&quot;&lt;script src=&#039;&quot;+s+&quot;&#039;&gt;&lt;&quot;+n+&quot;&gt;&quot;),bds.comm.newindex&amp;&amp;$(window).on(&quot;index_off&quot;,function(){$(&#039;&lt;div class=&quot;c-tips-container&quot; id=&quot;c-tips-container&quot;&gt;&lt;/div&gt;&#039;).insertAfter(&quot;#wrapper&quot;),window.__sample_dynamic_tab&amp;&amp;$(&quot;#s_tab&quot;).remove()
}),bds.comm&amp;&amp;bds.comm.ishome&amp;&amp;Cookie.get(&quot;H_PS_PSSID&quot;)&amp;&amp;(bds.comm.indexSid=Cookie.get(&quot;H_PS_PSSID&quot;))}();&lt;/script&gt;&lt;script src=&quot;https://ss1.bdstatic.com/5eN1bjq8AAUYm2zgoY3K/r/www/cache/static/protocol/https/global/js/all_async_search_bea551a.js&quot;&gt;&lt;/script&gt;



&lt;script&gt;
if(bds.comm.supportis){
    window.__restart_confirm_timeout=true;
    window.__confirm_timeout=8000;
    window.__disable_is_guide=true;
    window.__disable_swap_to_empty=true;
}
initPreload({
    &#039;isui&#039;:true,
    &#039;index_form&#039;:&quot;#form&quot;,
    &#039;index_kw&#039;:&quot;#kw&quot;,
    &#039;result_form&#039;:&quot;#form&quot;,
    &#039;result_kw&#039;:&quot;#kw&quot;
});
&lt;/script&gt;

&lt;script&gt;
if(navigator.cookieEnabled){
	document.cookie=&quot;NOJS=;expires=Sat, 01 Jan 2000 00:00:00 GMT&quot;;
}
&lt;/script&gt;










&lt;div data-for=&quot;result&quot; style=&quot;clear:both;display:block;visibility:hidden;position:absolute;top:0;&quot;&gt;&lt;span style=&quot;width;inherit;margin:0;font:16px/22px arial;&quot;&gt;macaca&lt;/span&gt;&lt;/div&gt;&lt;/body&gt;&lt;/html&gt;]">
      <![CDATA[java.lang.AssertionError: expected [a string containing "<html>"] but found [<html><head>
    
    <meta http-equiv="content-type" content="text/html;charset=utf-8"><style data-for="result" id="css_result" type="text/css">body{color:#333;background:#fff;padding:6px 0 0;margin:0;position:relative;min-width:900px}body,th,td,.p1,.p2{font-family:arial}p,form,ol,ul,li,dl,dt,dd,h3{margin:0;padding:0;list-style:none}input{padding-top:0;padding-bottom:0;-moz-box-sizing:border-box;-webkit-box-sizing:border-box;box-sizing:border-box}table,img{border:0}td{font-size:9pt;line-height:18px}em{font-style:normal;color:#c00}a em{text-decoration:underline}cite{font-style:normal;color:green}.m,a.m{color:#666}a.m:visited{color:#606}.g,a.g{color:green}.c{color:#77c}.f14{font-size:14px}.f10{font-size:10.5pt}.f16{font-size:16px}.f13{font-size:13px}.bg{background-image:url(https://ss1.bdstatic.com/5eN1bjq8AAUYm2zgoY3K/r/www/cache/static/protocol/https/global/img/icons_5859e57.png);_background-image:url(https://ss1.bdstatic.com/5eN1bjq8AAUYm2zgoY3K/r/www/cache/static/protocol/https/global/img/icons_d5b04cc.gif);background-repeat:no-repeat}#u,#head,#tool,#search,#foot{font-size:12px}.logo{width:117px;height:38px;cursor:pointer}.p1{line-height:120%;margin-left:-12pt}.p2{width:100%;line-height:120%;margin-left:-12pt}#wrapper{_zoom:1}#container{word-break:break-all;word-wrap:break-word}.container_s{width:1002px}.container_l{width:1222px}#content_left{width:636px;float:left;padding-left:35px}#content_right{border-left:1px solid #e1e1e1;float:right}.container_s #content_right{width:271px}.container_l #content_right{width:434px}.content_none{padding-left:35px}#u{color:#999;white-space:nowrap;position:absolute;right:10px;top:4px;z-index:299}#u a{color:#00c;margin:0 5px}#u .reg{margin:0}#u .last{margin-right:0}#u .un{font-weight:700;margin-right:5px}#u ul{width:100%;background:#fff;border:1px solid #9b9b9b}#u li{height:25px}#u li a{width:100%;height:25px;line-height:25px;display:block;text-align:left;text-decoration:none;text-indent:6px;margin:0;filter:none\9}#u li a:hover{background:#ebebeb}#u li.nl{border-top:1px solid #ebebeb}#user{display:inline-block}#user_center{position:relative;display:inline-block}#user_center .user_center_btn{margin-right:5px}.userMenu{width:64px;position:absolute;right:7px;_right:2px;top:15px;top:14px\9;*top:15px;padding-top:4px;display:none;*background:#fff}#head{padding-left:35px;margin-bottom:20px;width:900px}.fm{clear:both;position:relative;z-index:297}.nv a,.nv b,.btn,#page,#more{font-size:14px}.s_nav{height:45px}.s_nav .s_logo{margin-right:20px;float:left}.s_nav .s_logo img{border:0;display:block}.s_tab{line-height:18px;padding:20px 0 0;float:left}.s_nav a{color:#00c;font-size:14px}.s_nav b{font-size:14px}.s_ipt_wr{width:536px;height:30px;display:inline-block;margin-right:5px;background-position:0 -96px;border:1px solid #b6b6b6;border-color:#7b7b7b #b6b6b6 #b6b6b6 #7b7b7b;vertical-align:top}.s_ipt{width:523px;height:22px;font:16px/18px arial;line-height:22px\9;margin:5px 0 0 7px;padding:0;background:#fff;border:0;outline:0;-webkit-appearance:none}.s_btn{width:95px;height:32px;padding-top:2px\9;font-size:14px;padding:0;background-color:#ddd;background-position:0 -48px;border:0;cursor:pointer}.s_btn_h{background-position:-240px -48px}.s_btn_wr{width:97px;height:34px;display:inline-block;background-position:-120px -48px;*position:relative;z-index:0;vertical-align:top}.sethf{padding:0;margin:0;font-size:14px}.set_h{display:none;behavior:url(#default#homepage)}.set_f{display:none}.shouji{margin-left:19px}.shouji a{text-decoration:none}#head .bdsug{top:33px}#search form{position:relative}#search form .bdsug{bottom:33px}.bdsug{display:none;position:absolute;z-index:1;width:538px;background:#fff;border:1px solid #ccc;_overflow:hidden;box-shadow:1px 1px 3px #ededed;-webkit-box-shadow:1px 1px 3px #ededed;-moz-box-shadow:1px 1px 3px #ededed;-o-box-shadow:1px 1px 3px #ededed}.bdsug.bdsugbg ul{background:url(https://ss1.bdstatic.com/5eN1bjq8AAUYm2zgoY3K/r/www/cache/static/protocol/https/home/img/sugbg_1762fe7.png) 100% 100% no-repeat;background-size:100px 110px;background-image:url(https://ss1.bdstatic.com/5eN1bjq8AAUYm2zgoY3K/r/www/cache/static/protocol/https/home/img/sugbg_90fc9cf.gif)\9}.bdsug li{width:522px;color:#000;font:14px arial;line-height:22px;padding:0 8px;position:relative;cursor:default}.bdsug li.bdsug-s{background:#f0f0f0}.bdsug-store span,.bdsug-store b{color:#7A77C8}.bdsug-store-del{font-size:12px;color:#666;text-decoration:underline;position:absolute;right:8px;top:0;cursor:pointer;display:none}.bdsug-s .bdsug-store-del{display:inline-block}.bdsug-ala{display:inline-block;border-bottom:1px solid #e6e6e6}.bdsug-ala h3{line-height:14px;background:url(//www.baidu.com/img/sug_bd.png) no-repeat left center;margin:8px 0 5px;font-size:12px;font-weight:400;color:#7B7B7B;padding-left:20px}.bdsug-ala p{font-size:14px;font-weight:700;padding-left:20px}.bdsug .bdsug-direct{width:auto;padding:0;border-bottom:1px solid #f1f1f1}.bdsug .bdsug-direct p{color:#00c;font-weight:700;line-height:34px;padding:0 8px;cursor:pointer;white-space:nowrap;overflow:hidden}.bdsug .bdsug-direct p img{width:16px;height:16px;margin:7px 6px 9px 0;vertical-align:middle}.bdsug .bdsug-direct p span{margin-left:8px}.bdsug .bdsug-direct p i{font-size:12px;line-height:100%;font-style:normal;font-weight:400;color:#fff;background-color:#2b99ff;display:inline;text-align:center;padding:1px 5px;*padding:2px 5px 0;margin-left:8px;overflow:hidden}.bdsug .bdsug-pcDirect{color:#000;font-size:14px;line-height:30px;height:30px;background-color:#f8f8f8}.bdsug .bdsug-pc-direct-tip{position:absolute;right:15px;top:8px;width:55px;height:15px;display:block;background:url(https://ss1.bdstatic.com/5eN1bjq8AAUYm2zgoY3K/r/www/cache/static/protocol/https/global/img/pc_direct_42d6311.png) no-repeat 0 0}.bdsug li.bdsug-pcDirect-s{background-color:#f0f0f0}.bdsug .bdsug-pcDirect-is{color:#000;font-size:14px;line-height:22px;background-color:#f8f8f8}.bdsug .bdsug-pc-direct-tip-is{position:absolute;right:15px;top:3px;width:55px;height:15px;display:block;background:url(https://ss1.bdstatic.com/5eN1bjq8AAUYm2zgoY3K/r/www/cache/static/protocol/https/global/img/pc_direct_42d6311.png) no-repeat 0 0}.bdsug li.bdsug-pcDirect-is-s{background-color:#f0f0f0}.bdsug .bdsug-pcDirect-s .bdsug-pc-direct-tip,.bdsug .bdsug-pcDirect-is-s .bdsug-pc-direct-tip-is{background-position:0 -15px}.bdsug .bdsug-newicon{color:#929292;opacity:.7;font-size:12px;display:inline-block;line-height:22px;letter-spacing:2px}.bdsug .bdsug-s .bdsug-newicon{opacity:1}.bdsug .bdsug-newicon i{letter-spacing:0;font-style:normal}.toggle-underline{text-decoration:none}.toggle-underline:hover{text-decoration:underline}#tb_mr{color:#00c;cursor:pointer;position:relative;z-index:298}#tb_mr b{font-weight:400;text-decoration:underline}#tb_mr small{font-size:11px}#page{font:14px arial;white-space:nowrap;padding-left:35px}#page a,#page strong{display:inline-block;vertical-align:text-bottom;height:66px;text-align:center;line-height:34px;text-decoration:none;overflow:hidden;margin-right:9px;background:#fff}#page a{cursor:pointer}#page a:hover{background:0 0}#page .n:hover,#page a:hover .pc{background:#f2f8ff;border:1px solid #38f}#page .n{height:34px;padding:0 18px;border:1px solid #e1e2e3}#page span{display:block}#page .pc{width:34px;height:34px;border:1px solid #e1e2e3;cursor:pointer}#page .fk{width:24px;height:24px;margin-bottom:6px;margin-left:6px;cursor:pointer}#page strong .fk,#page strong .pc{cursor:auto}#page .fk .c-icon-bear-pn{top:-3px;position:relative}#page .fkd .c-icon-bear-pn{top:3px;position:relative}#page .fk_cur .c-icon-bear-p{top:-2px;position:relative}#page strong .pc{border:0;width:36px;height:36px;line-height:36px}#page .nums{display:inline-block;vertical-align:text-bottom;height:36px;line-height:36px;margin-left:10px}#rs{width:900px;background:#fff;padding:8px 0;margin:20px 0 0 15px}#rs td{width:5%}#rs th{font-size:14px;font-weight:400;line-height:19px;white-space:nowrap;text-align:left;vertical-align:top}#rs .tt{font-weight:700;padding:0 10px 0 20px}#rs_top{font-size:14px;margin-bottom:22px}#rs_top a{margin-right:18px}#container .rs{margin:30px 0 20px;padding:5px 0 15px;font-size:14px;width:540px;padding-left:121px;position:relative;background-color:#fafafa}#container .noback{background-color:#fff}#content_left .rs{margin-left:-121px}#container .rs table{width:540px}#container .rs td{width:5px}#container .rs th{font-size:14px;font-weight:400;white-space:nowrap;text-align:left;vertical-align:top;width:175px;line-height:22px}#container .rs .tt{font-weight:700;padding:0 10px 0 20px;padding:0;line-height:30px;font-size:16px}#container .rs a{margin:0;height:24px;width:173px;display:inline-block;line-height:25px;border:1px solid #ebebeb;text-align:center;vertical-align:middle;overflow:hidden;outline:0;color:#333;background-color:#fff;text-decoration:none}#container .rs a:hover{border-color:#388bff}.c-tip-con .c-tip-menu-b ul{width:100px}.c-tip-con .c-tip-menu-b ul{text-align:center}.c-tip-con .c-tip-menu-b li a{display:block;text-decoration:none;cursor:pointer;background-color:#fff;padding:3px 0;color:#666}.c-tip-con .c-tip-menu-b li a:hover{display:block;background-color:#ebebeb}#search{width:900px;padding:35px 0 16px 35px}#search .s_help{position:relative;top:10px}#foot{height:20px;line-height:20px;color:#77c;background:#e6e6e6;text-align:center}#foot span{color:#666}.site_tip{font-size:12px;margin-bottom:20px}.site_tip_icon{width:56px;height:56px;background:url(//www.baidu.com/aladdin/img/tools/tools-3.png) -288px 0 no-repeat}.to_zhidao,.to_tieba,.to_zhidao_bottom{font-size:16px;line-height:24px;margin:20px 0 0 35px}.to_tieba .c-icon-tieba{float:left}.f{line-height:115%;*line-height:120%;font-size:100%;width:33.7em;word-break:break-all;word-wrap:break-word}.h{margin-left:8px;width:100%}.r{word-break:break-all;cursor:hand;width:238px}.t{font-weight:400;font-size:medium;margin-bottom:1px}.pl{padding-left:3px;height:8px;padding-right:2px;font-size:14px}.mo,a.mo:link,a.mo:visited{color:#666;font-size:100%;line-height:10px}.htb{margin-bottom:5px}.jc a{color:#c00}a font[size="3"] font,font[size="3"] a font{text-decoration:underline}div.blog,div.bbs{color:#707070;padding-top:2px;font-size:13px}.result{width:33.7em;table-layout:fixed}.result-op .f{word-wrap:normal}.nums{font-size:12px;color:#999}.tools{position:absolute;top:10px;white-space:nowrap}#mHolder{width:62px;position:relative;z-index:296;top:-18px;margin-left:9px;margin-right:-12px;display:none}#mCon{height:18px;position:absolute;top:3px;top:6px\9;cursor:pointer;line-height:18px}.wrapper_l #mCon{right:7px}#mCon span{color:#00c;display:block}#mCon .hw{text-decoration:underline;cursor:pointer;display:inline-block}#mCon .pinyin{display:inline-block}#mCon .c-icon-chevron-unfold2{margin-left:5px}#mMenu{width:56px;border:1px solid #9b9b9b;position:absolute;right:7px;top:23px;display:none;background:#fff}#mMenu a{width:100%;height:100%;color:#00c;display:block;line-height:22px;text-indent:6px;text-decoration:none;filter:none\9}#mMenu a:hover{background:#ebebeb}#mMenu .ln{height:1px;background:#ebebeb;overflow:hidden;font-size:1px;line-height:1px;margin-top:-1px}.op_LAMP{background:url(//www.baidu.com/cache/global/img/aladdinIcon-1.0.gif) no-repeat 0 2px;color:#77C;display:inline-block;font-size:13px;height:12px;*height:14px;width:16px;text-decoration:none;zoom:1}.EC_mr15{margin-left:0}.pd15{padding-left:0}.map_1{width:30em;font-size:80%;line-height:145%}.map_2{width:25em;font-size:80%;line-height:145%}.favurl{background-repeat:no-repeat;background-position:0 1px;padding-left:20px}.dan_tip{font-size:12px;margin-top:4px}.dan_tip a{color:#b95b07}#more,#u ul,#mMenu,.msg_holder{box-shadow:1px 1px 2px #ccc;-moz-box-shadow:1px 1px 2px #ccc;-webkit-box-shadow:1px 1px 2px #ccc;filter:progid:DXImageTransform.Microsoft.Shadow(Strength=2, Direction=135, Color=#cccccc)\9}.hit_top{line-height:18px;margin:0 15px 10px 0;width:516px}.hit_top .c-icon-bear{height:18px;margin-right:4px}#rs_top_new,.hit_top_new{width:538px;font-size:13px;line-height:1.54;word-wrap:break-word;word-break:break-all;margin:0 0 14px}.zhannei-si{margin:0 0 10px 121px}.zhannei-si-none{margin:10px 0 -10px 121px}.zhannei-search{margin:10px 0 0 121px;color:#999;font-size:14px}.f a font[size="3"] font,.f font[size="-1"] a font{text-decoration:underline}h3 a font{text-decoration:underline}.c-title{font-weight:400;font-size:16px}.c-title-size{font-size:16px}.c-abstract{font-size:13px}.c-abstract-size{font-size:13px}.c-showurl{color:green;font-size:13px}.c-showurl-color{color:green}.c-cache-color{color:#666}.c-lightblue{color:#77c}.c-highlight-color{color:#c00}.c-clearfix:after{content:".";display:block;height:0;clear:both;visibility:hidden}.c-clearfix{zoom:1}.c-wrap{word-break:break-all;word-wrap:break-word}.c-icons-outer{overflow:hidden;display:inline-block;vertical-align:bottom;*vertical-align:-1px;_vertical-align:bottom}.c-icons-inner{margin-left:-4px}.c-container table.result,.c-container table.result-op{width:100%}.c-container td.f{font-size:13px;line-height:1.54;width:auto}.c-container .vd_newest_main{width:auto}.c-customicon{display:inline-block;width:16px;height:16px;vertical-align:text-bottom;font-style:normal;overflow:hidden}.c-tip-icon i{display:inline-block;cursor:pointer}.c-tip-con{position:absolute;z-index:1;top:22px;left:-35px;background:#fff;border:1px solid #dcdcdc;border:1px solid rgba(0,0,0,.2);-webkit-transition:opacity .218s;transition:opacity .218s;-webkit-box-shadow:0 2px 4px rgba(0,0,0,.2);box-shadow:0 2px 4px rgba(0,0,0,.2);padding:5px 0;display:none;font-size:12px;line-height:20px}.c-tip-arrow{width:0;height:0;font-size:0;line-height:0;display:block;position:absolute;top:-16px}.c-tip-arrow-down{top:auto;bottom:0}.c-tip-arrow em,.c-tip-arrow ins{width:0;height:0;font-size:0;line-height:0;display:block;position:absolute;border:8px solid transparent;border-style:dashed dashed solid}.c-tip-arrow em{border-bottom-color:#d8d8d8}.c-tip-arrow ins{border-bottom-color:#fff;top:2px}.c-tip-arrow-down em,.c-tip-arrow-down ins{border-style:solid dashed dashed;border-color:transparent}.c-tip-arrow-down em{border-top-color:#d8d8d8}.c-tip-arrow-down ins{border-top-color:#fff;top:-2px}.c-tip-arrow .c-tip-arrow-r{border-bottom-color:#82c9fa;top:2px}.c-tip-arrow-down .c-tip-arrow-r{border-bottom-color:transparent;top:-2px}.c-tip-arrow .c-tip-arrow-c{border-bottom-color:#fecc47;top:2px}.c-tip-arrow-down .c-tip-arrow-c{border-bottom-color:transparent;top:-2px}.c-tip-con h3{font-size:12px}.c-tip-con .c-tip-title{margin:0 10px;display:inline-block;width:239px}.c-tip-con .c-tip-info{color:#666;margin:0 10px 1px;width:239px}.c-tip-con .c-tip-cer{width:370px;color:#666;margin:0 10px 1px}.c-tip-con .c-tip-title{width:auto;_width:354px}.c-tip-con .c-tip-item-i{padding:3px 0 3px 20px;line-height:14px}.c-tip-con .c-tip-item-i .c-tip-item-icon{margin-left:-20px}.c-tip-con .c-tip-menu ul{width:74px}.c-tip-con .c-tip-menu ul{text-align:center}.c-tip-con .c-tip-menu li a{display:block;text-decoration:none;cursor:pointer;background-color:#fff;padding:3px 0;color:#0000d0}.c-tip-con .c-tip-menu li a:hover{display:block;background-color:#ebebeb}.c-tip-con .c-tip-notice{width:239px;padding:0 10px}.c-tip-con .c-tip-notice .c-tip-notice-succ{color:#4cbd37}.c-tip-con .c-tip-notice .c-tip-notice-fail{color:#f13F40}.c-tip-con .c-tip-notice .c-tip-item-succ{color:#444}.c-tip-con .c-tip-notice .c-tip-item-fail{color:#aaa}.c-tip-con .c-tip-notice .c-tip-item-fail a{color:#aaa}.c-tip-close{right:10px;position:absolute;cursor:pointer}.ecard{height:86px;overflow:hidden}.c-tools{display:inline}.c-tools-share{width:239px;padding:0 10px}.c-fanyi{display:none;width:20px;height:20px;border:solid 1px #d1d1d1;cursor:pointer;position:absolute;margin-left:516px;text-align:center;color:#333;line-height:22px;opacity:.9;background-color:#fff}.c-fanyi:hover{background-color:#39f;color:#fff;border-color:#39f;opacity:1}.c-fanyi-title,.c-fanyi-abstract{display:none}.icp_info{color:#666;margin-top:2px;font-size:13px}.icon-gw,.icon-unsafe-icon{background:#2c99ff;vertical-align:text-bottom;*vertical-align:baseline;height:16px;padding-top:0;padding-bottom:0;padding-left:6px;padding-right:6px;line-height:16px;_padding-top:2px;_height:14px;_line-height:14px;font-size:12px;font-family:simsun;margin-left:10px;overflow:hidden;display:inline-block;-moz-border-radius:1px;-webkit-border-radius:1px;border-radius:1px;color:#fff}a.icon-gw{color:#fff;background:#2196ff;text-decoration:none;cursor:pointer}a.icon-gw:hover{background:#1e87ef}a.icon-gw:active{height:15px;_height:13px;line-height:15px;_line-height:13px;padding-left:5px;background:#1c80d9;border-left:1px solid #145997;border-top:1px solid #145997}.icon-unsafe-icon{background:#e54d4b}#con-at{margin-bottom:9px;padding-left:121px;border-bottom:1px #ebebeb solid}#con-at .result-op{font-size:13px;line-height:1.52em}.wrapper_l #con-at .result-op{width:1058px}.wrapper_s #con-at .result-op{width:869px}#con-ar{margin-bottom:40px}#con-ar .result-op{margin-bottom:28px;font-size:13px;line-height:1.52em}.result_hidden{position:absolute;top:-10000px;left:-10000px}#content_left .result-op,#content_left .result{margin-bottom:14px;border-collapse:collapse}#content_left .c-border .result-op,#content_left .c-border .result{margin-bottom:25px}#content_left .c-border .result-op:last-child,#content_left .c-border .result:last-child{margin-bottom:12px}#content_left .result .f,#content_left .result-op .f{padding:0}.subLink_factory{border-collapse:collapse}.subLink_factory td{padding:0}.subLink_factory td.middle,.subLink_factory td.last{color:#666}.subLink_factory td a{text-decoration:underline}.subLink_factory td.rightTd{text-align:right}.subLink_factory_right{width:100%}.subLink_factory_left td{padding-right:26px}.subLink_factory_left td.last{padding:0}.subLink_factory_left td.first{padding-right:75px}.subLink_factory_right td{width:90px}.subLink_factory_right td.first{width:auto}.general_image_pic a{background:#fff no-repeat center center;text-decoration:none;display:block;overflow:hidden;text-align:left}.res_top_banner{height:36px;text-align:left;border-bottom:1px solid #e3e3e3;background:#f7f7f7;font-size:13px;padding-left:8px;color:#333;position:relative;z-index:302}.res_top_banner span{_zoom:1}.res_top_banner .res_top_banner_icon{background-position:0 -216px;width:18px;height:18px;margin:9px 10px 0 0}.res_top_banner .res_top_banner_icon_baiduapp{background:url(https://ss1.bdstatic.com/5eN1bjq8AAUYm2zgoY3K/r/www/cache/static/protocol/https/global/img/baiduappLogo_de45621.png) no-repeat 0 0;width:24px;height:24px;margin:3px 10px 0 0;position:relative;top:3px}.res_top_banner .res_top_banner_icon_windows{background:url(https://ss1.bdstatic.com/5eN1bjq8AAUYm2zgoY3K/r/www/cache/static/protocol/https/global/img/winlogo_e925689.png) no-repeat 0 0;width:18px;height:18px;margin:9px 10px 0 0}.res_top_banner .res_top_banner_download{display:inline-block;width:65px;line-height:21px;_padding-top:1px;margin:0 0 0 10px;color:#333;background:#fbfbfb;border:1px solid #b4b6b8;text-align:center;text-decoration:none}.res_top_banner .res_top_banner_download:hover{border:1px solid #38f}.res_top_banner .res_top_banner_download:active{background:#f0f0f0;border:1px solid #b4b6b8}.res_top_banner .res_top_banner_close{background-position:-672px -144px;cursor:pointer;position:absolute;right:10px;top:10px}.res_top_banner_for_win{height:34px;text-align:left;border-bottom:1px solid #f0f0f0;background:#fdfdfd;font-size:13px;padding-left:12px;color:#333;position:relative;z-index:302}.res_top_banner_for_win span{_zoom:1;color:#666}.res_top_banner_for_win .res_top_banner_download{display:inline-block;width:auto;line-height:21px;_padding-top:1px;margin:0 0 0 16px;color:#333;text-align:left;text-decoration:underline}.res_top_banner_for_win .res_top_banner_icon_windows{background:url(https://ss1.bdstatic.com/5eN1bjq8AAUYm2zgoY3K/r/www/cache/static/protocol/https/global/img/winlogo_e925689.png) no-repeat 0 0;width:18px;height:18px;margin:8px 8px 0 0}.res_top_banner_for_win .res_top_banner_close{background-position:-672px -144px;cursor:pointer;position:absolute;right:10px;top:10px}.res-gap-right16{margin-right:16px}.res-border-top{border-top:1px solid #f3f3f3}.res-border-bottom{border-bottom:1px solid #f3f3f3}.res-queryext-pos{position:relative;top:1px;_top:0}.c-trust-ecard{height:86px;_height:97px;overflow:hidden}@-moz-document url-prefix(){.result,.f{width:538px}}body{min-width:1000px}#ftCon{display:none}#qrcode{display:none}#pad-version{display:none}#index_guide{display:none}#index_logo{display:none}#u1{display:none}.s_ipt_wr{height:32px}body{padding:0}.s_form:after,.s_tab:after{content:".";display:block;height:0;clear:both;visibility:hidden}.s_form{zoom:1;height:55px;padding:0 0 0 10px}#result_logo{float:left;margin:7px 0 0}#result_logo img{width:101px}#head{padding:0;margin:0;width:100%;position:absolute;z-index:301;min-width:1000px;background:#fff;border-bottom:1px solid #ebebeb;position:fixed;_position:absolute;-webkit-transform:translateZ(0)}#head .head_wrapper{_width:1000px}#head.s_down{box-shadow:0 0 5px #888}.fm{clear:none;float:left;margin:11px 0 0 10px}#s_tab{background:#f8f8f8;line-height:36px;height:38px;padding:55px 0 0 121px;float:none;zoom:1}#s_tab a,#s_tab b{width:54px;display:inline-block;text-decoration:none;text-align:center;color:#666;font-size:14px}#s_tab b{border-bottom:2px solid #38f;font-weight:700;color:#323232}#s_tab a:hover{color:#323232}#content_left{width:540px;padding-left:121px;padding-top:5px}#content_right{margin-top:45px}#content_bottom{width:540px;padding-left:121px}#page{padding:0 0 0 121px;margin:30px 0 40px}.to_tieba,.to_zhidao_bottom{margin:10px 0 0 121px;padding-top:5px}.nums{margin:0 0 0 121px;height:42px;line-height:42px}#rs{padding:0;margin:6px 0 0 121px;width:600px}#rs th{width:175px;line-height:22px}#rs .tt{padding:0;line-height:30px}#rs td{width:5px}#rs table{width:540px}#help{background:#f5f6f5;zoom:1;padding:0 0 0 50px;float:right}#help a{color:#777;padding:0 15px;text-decoration:none}#help a:hover{color:#333}#foot{background:#f5f6f5;border-top:1px solid #ebebeb;text-align:left;height:42px;line-height:42px;margin-top:40px;*margin-top:0}#foot .foot_c{float:left;padding:0 0 0 121px}.content_none{padding:45px 0 25px 121px}.nors p{font-size:18px;font-family:microsoft yahei;color:#000}.nors p em{color:#c00}.nors .tip_head{color:#666;font-size:13px;line-height:28px}.nors li{color:#333;line-height:28px;font-size:13px;font-family:'宋体';padding-left:30px;list-style-position:inside;list-style-type:disc}#mCon{top:5px}.s_ipt_wr.bg,.s_btn_wr.bg,#su.bg{background-image:none}.s_ipt_wr.bg{background:0 0}.s_btn_wr{width:auto;height:auto;border-bottom:1px solid transparent;*border-bottom:0}.s_btn{width:100px;height:34px;color:#fff;letter-spacing:1px;background:#3385ff;border-bottom:1px solid #2d78f4;outline:medium;*border-bottom:0;-webkit-appearance:none;-webkit-border-radius:0}.s_btn.btnhover{background:#317ef3;border-bottom:1px solid #2868c8;*border-bottom:0;box-shadow:1px 1px 1px #ccc}.s_btn_h{background:#3075dc;box-shadow:inset 1px 1px 3px #2964bb;-webkit-box-shadow:inset 1px 1px 3px #2964bb;-moz-box-shadow:inset 1px 1px 3px #2964bb;-o-box-shadow:inset 1px 1px 3px #2964bb}#wrapper_wrapper .container_l .EC_ppim_top,#wrapper_wrapper .container_xl .EC_ppim_top{width:640px}#wrapper_wrapper .container_s .EC_ppim_top{width:570px}#head .c-icon-bear-round{display:none}.container_l #content_right{width:384px}.container_l{width:1212px}.container_xl #content_right{width:384px}.container_xl{width:1257px}.index_tab_top{display:none}.index_tab_bottom{display:none}#lg{display:none}#m{display:none}#ftCon{display:none}#ent_sug{position:absolute;margin:141px 0 0 130px;font-size:13px;color:#666}.foot_fixed_bottom{position:fixed;bottom:0;width:100%;_position:absolute;_bottom:auto}#head .headBlock{margin:-5px 0 6px 121px}#content_left .leftBlock{margin-bottom:14px;padding-bottom:5px;border-bottom:1px solid #f3f3f3}.hint_toprq_tips{position:relative;width:537px;height:19px;line-height:19px;overflow:hidden;display:none}.hint_toprq_tips span{color:#666}.hint_toprq_icon{margin:0 4px 0 0}.hint_toprq_tips_items{width:444px;_width:440px;max-height:38px;position:absolute;left:95px;top:1px}.hint_toprq_tips_items div{display:inline-block;float:left;height:19px;margin-right:18px;white-space:nowrap;word-break:keep-all}.translateContent{max-width:350px}.translateContent .translateTool{height:16px;margin:-3px 2px}.translateContent .action-translate,.translateContent .action-search{display:inline-block;width:20px;height:16px;background:url(https://ss1.bdstatic.com/5eN1bjq8AAUYm2zgoY3K/r/www/cache/static/protocol/https/global/img/translate_tool_icon_57087b6.gif) no-repeat}.translateContent .action-translate{background-position:0 0;border-right:1px solid #dcdcdc}.translateContent .action-translate:hover{background-position:0 -20px}.translateContent .action-search{background-position:-20px 0}.translateContent .action-search:hover{background-position:-20px -20px}.nums{width:538px}.search_tool{_padding-top:15px}.head_nums_cont_outer{height:40px;overflow:hidden;position:relative}.head_nums_cont_inner{position:relative}.search_tool_conter .c-gap-left{margin-left:23px}.search_tool_conter .c-icon-triangle-down{opacity:.6}.search_tool_conter .c-icon-triangle-down:hover{opacity:1}.search_tool,.search_tool_close{float:right}.search_tool,.search_tool_conter span{cursor:pointer;color:#666}.search_tool:hover,.search_tool_conter span:hover{color:#333}.search_tool_conter{font-size:12px;color:#666;margin:0 0 0 121px;height:42px;width:538px;line-height:42px;*height:auto;*line-height:normal;*padding:14px 0}.search_tool_conter span strong{color:#666}.c-tip-con .c-tip-langfilter ul{width:80px;text-align:left;color:#666}.c-tip-con .c-tip-langfilter li a{text-indent:15px;color:#666}.c-tip-con .c-tip-langfilter li span{text-indent:15px;padding:3px 0;color:#999;display:block}.c-tip-con .c-tip-timerfilter ul{width:115px;text-align:left;color:#666}.c-tip-con .c-tip-timerfilter-ft ul{width:180px}.c-tip-con .c-tip-timerfilter-si ul{width:206px;padding:7px 10px 10px}.c-tip-con .c-tip-timerfilter li a{text-indent:15px;color:#666}.c-tip-con .c-tip-timerfilter li span{text-indent:15px;padding:3px 0;color:#999;display:block}.c-tip-con .c-tip-timerfilter-ft li a,.c-tip-con .c-tip-timerfilter-ft li span{text-indent:20px}.c-tip-custom{padding:0 15px 10px;position:relative;zoom:1}.c-tip-custom hr{border:0;height:0;border-top:1px solid #ebebeb}.c-tip-custom p{color:#b6b6b6;height:25px;line-height:25px;margin:2px 0}.c-tip-custom .c-tip-custom-et{margin-bottom:7px}.c-tip-custom-input,.c-tip-si-input{display:inline-block;font-size:11px;color:#333;margin-left:4px;padding:0 2px;width:74%;height:16px;line-height:16px\9;border:1px solid #ebebeb;outline:0;box-sizing:content-box;-webkit-box-sizing:content-box;-moz-box-sizing:content-box;overflow:hidden;position:relative}.c-tip-custom-input-init{color:#d4d4d4}.c-tip-custom-input-focus,.c-tip-si-input-focus{border:1px solid #3385ff}.c-tip-timerfilter-si .c-tip-si-input{width:138px;height:22px;line-height:22px;vertical-align:0;*vertical-align:-6px;_vertical-align:-5px;padding:0 5px;margin-left:0}.c-tip-con .c-tip-timerfilter li .c-tip-custom-submit,.c-tip-con .c-tip-timerfilter li .c-tip-timerfilter-si-submit{display:inline;padding:4px 10px;margin:0;color:#333;border:1px solid #d8d8d8;font-family:inherit;font-weight:400;text-align:center;vertical-align:0;background-color:#f9f9f9;outline:0}.c-tip-con .c-tip-timerfilter li .c-tip-custom-submit:hover,.c-tip-con .c-tip-timerfilter li .c-tip-timerfilter-si-submit:hover{display:inline;border-color:#388bff}.c-tip-timerfilter-si-error,.c-tip-timerfilter-custom-error{display:none;color:#3385FF;padding-left:4px}.c-tip-timerfilter-custom-error{padding:0;margin:-5px -13px 7px 0}#c-tip-custom-calenderCont{position:absolute;background:#fff;white-space:nowrap;padding:5px 10px;color:#000;border:1px solid #e4e4e4;-webkit-box-shadow:0 2px 4px rgba(0,0,0,.2);box-shadow:0 2px 4px rgba(0,0,0,.2)}#c-tip-custom-calenderCont p{text-align:center;padding:2px 0 4px;*padding:4px 0}#c-tip-custom-calenderCont p i{color:#8e9977;cursor:pointer;text-decoration:underline;font-size:13px}#c-tip-custom-calenderCont .op_cal{background:#fff}.op_cal table{background:#eeefea;margin:0;border-collapse:separate}.op_btn_pre_month,.op_btn_next_month{cursor:pointer;display:block;margin-top:6px}.op_btn_pre_month{float:left;background-position:0 -46px}.op_btn_next_month{float:right;background-position:-18px -46px}.op_cal .op_mon_pre1{padding:0}.op_mon th{text-align:center;font-size:12px;background:#FFF;font-weight:700;border:1px solid #FFF;padding:0}.op_mon td{text-align:center;cursor:pointer}.op_mon h5{margin:0;padding:0 4px;text-align:center;font-size:14px;background:#FFF;height:28px;line-height:28px;border-bottom:1px solid #f5f5f5;margin-bottom:5px}.op_mon strong{font-weight:700}.op_mon td{padding:0 5px;border:1px solid #fff;font-size:12px;background:#fff;height:100%}.op_mon td.op_mon_pre_month{color:#a4a4a4}.op_mon td.op_mon_cur_month{color:#00c}.op_mon td.op_mon_next_month{color:#a4a4a4}.op_mon td.op_mon_day_hover{color:#000;border:1px solid #278df2}.op_mon td.op_mon_day_selected{color:#FFF;border:1px solid #278df2;background:#278df2}.op_mon td.op_mon_day_disabled{cursor:not-allowed;color:#ddd}.zhannei-si-none,.zhannei-si,.hit_quet,.zhannei-search{display:none}#c-tip-custom-calenderCont .op_mon td.op_mon_cur_month{color:#000}#c-tip-custom-calenderCont .op_mon td.op_mon_day_selected{color:#fff}.c-icon-toen{width:24px;height:24px;line-height:24px;background-color:#1cb7fd;color:#fff;font-size:14px;font-weight:700;font-style:normal;display:block;display:inline-block;float:left;text-align:center}.hint_common_restop{width:538px;color:#999;font-size:12px;text-align:left;margin:5px 0 10px 121px}#con-at~#wrapper_wrapper .hint_common_restop{padding-top:7px}.sitelink{overflow:auto;zoom:1}.sitelink_summary{float:left;width:47%;padding-right:30px}.sitelink_summary a{font-size:1.1em;position:relative}.sitelink_summary_last{padding-right:0}.sitelink_en{overflow:auto;zoom:1}.sitelink_en_summary{float:left;width:47%;padding-right:30px}.sitelink_en_summary a{font-size:1.1em;position:relative}.sitelink_en_summary_last{padding-right:0}.sitelink_en_summary_title,.sitelink_en_summary .m{height:22px;overflow:hidden}.without-summary-sitelink-en-container{overflow:hidden;height:22px}.without-summary-sitelink-en{float:left}.without-summary-sitelink-en-delimiter{margin-right:5px;margin-left:5px}.c-frame{margin-bottom:18px}.c-offset{padding-left:10px}.c-gray{color:#666}.c-gap-top-small{margin-top:5px}.c-gap-top{margin-top:10px}.c-gap-bottom-small{margin-bottom:5px}.c-gap-bottom{margin-bottom:10px}.c-gap-left{margin-left:12px}.c-gap-left-small{margin-left:6px}.c-gap-right{margin-right:12px}.c-gap-right-small{margin-right:6px}.c-gap-right-large{margin-right:16px}.c-gap-left-large{margin-left:16px}.c-gap-icon-right-small{margin-right:5px}.c-gap-icon-right{margin-right:10px}.c-gap-icon-left-small{margin-left:5px}.c-gap-icon-left{margin-left:10px}.c-container{width:538px;font-size:13px;line-height:1.54;word-wrap:break-word;word-break:break-word}.c-container .c-container{width:auto}.c-container table{border-collapse:collapse;border-spacing:0}.c-container td{font-size:13px;line-height:1.54}.c-default{font-size:13px;line-height:1.54;word-wrap:break-word;word-break:break-all}.c-container .t,.c-default .t{line-height:1.54}.c-default .t{margin-bottom:0}.cr-content{width:259px;font-size:13px;line-height:1.54;color:#333;word-wrap:break-word;word-break:normal}.cr-content table{border-collapse:collapse;border-spacing:0}.cr-content td{font-size:13px;line-height:1.54;vertical-align:top}.cr-offset{padding-left:17px}.cr-title{font-size:14px;line-height:1.29;font-weight:700}.cr-title-sub{float:right;font-size:13px;font-weight:400}.c-row{*zoom:1}.c-row:after{display:block;height:0;content:"";clear:both;visibility:hidden}.c-span2{width:29px}.c-span3{width:52px}.c-span4{width:75px}.c-span5{width:98px}.c-span6{width:121px}.c-span7{width:144px}.c-span8{width:167px}.c-span9{width:190px}.c-span10{width:213px}.c-span11{width:236px}.c-span12{width:259px}.c-span13{width:282px}.c-span14{width:305px}.c-span15{width:328px}.c-span16{width:351px}.c-span17{width:374px}.c-span18{width:397px}.c-span19{width:420px}.c-span20{width:443px}.c-span21{width:466px}.c-span22{width:489px}.c-span23{width:512px}.c-span24{width:535px}.c-span2,.c-span3,.c-span4,.c-span5,.c-span6,.c-span7,.c-span8,.c-span9,.c-span10,.c-span11,.c-span12,.c-span13,.c-span14,.c-span15,.c-span16,.c-span17,.c-span18,.c-span19,.c-span20,.c-span21,.c-span22,.c-span23,.c-span24{float:left;_display:inline;margin-right:17px;list-style:none}.c-span-last{margin-right:0}.c-span-last-s{margin-right:0}.container_l .cr-content{width:351px}.container_l .cr-content .c-span-last-s{margin-right:17px}.container_l .cr-content-narrow{width:259px}.container_l .cr-content-narrow .c-span-last-s{margin-right:0}.c-border{width:518px;padding:9px;border:1px solid #e3e3e3;border-bottom-color:#e0e0e0;border-right-color:#ececec;box-shadow:1px 2px 1px rgba(0,0,0,.072);-webkit-box-shadow:1px 2px 1px rgba(0,0,0,.072);-moz-box-shadow:1px 2px 1px rgba(0,0,0,.072);-o-box-shadow:1px 2px 1px rgba(0,0,0,.072)}.c-border .c-gap-left{margin-left:10px}.c-border .c-gap-left-small{margin-left:5px}.c-border .c-gap-right{margin-right:10px}.c-border .c-gap-right-small{margin-right:5px}.c-border .c-border{width:auto;padding:0;border:0;box-shadow:none;-webkit-box-shadow:none;-moz-box-shadow:none;-o-box-shadow:none}.c-border .c-span2{width:34px}.c-border .c-span3{width:56px}.c-border .c-span4{width:78px}.c-border .c-span5{width:100px}.c-border .c-span6{width:122px}.c-border .c-span7{width:144px}.c-border .c-span8{width:166px}.c-border .c-span9{width:188px}.c-border .c-span10{width:210px}.c-border .c-span11{width:232px}.c-border .c-span12{width:254px}.c-border .c-span13{width:276px}.c-border .c-span14{width:298px}.c-border .c-span15{width:320px}.c-border .c-span16{width:342px}.c-border .c-span17{width:364px}.c-border .c-span18{width:386px}.c-border .c-span19{width:408px}.c-border .c-span20{width:430px}.c-border .c-span21{width:452px}.c-border .c-span22{width:474px}.c-border .c-span23{width:496px}.c-border .c-span24{width:518px}.c-border .c-span2,.c-border .c-span3,.c-border .c-span4,.c-border .c-span5,.c-border .c-span6,.c-border .c-span7,.c-border .c-span8,.c-border .c-span9,.c-border .c-span10,.c-border .c-span11,.c-border .c-span12,.c-border .c-span13,.c-border .c-span14,.c-border .c-span15,.c-border .c-span16,.c-border .c-span17,.c-border .c-span18,.c-border .c-span19,.c-border .c-span20,.c-border .c-span21,.c-border .c-span22,.c-border .c-span23,.c-border .c-span24{margin-right:10px}.c-border .c-span-last{margin-right:0}.c-loading{display:block;width:50px;height:50px;background:url(//www.baidu.com/aladdin/img/tools/loading.gif) no-repeat 0 0}.c-vline{display:inline-block;margin:0 3px;border-left:1px solid #ddd;width:0;height:12px;_vertical-align:middle;_overflow:hidden}.c-icon{background:url(https://ss1.bdstatic.com/5eN1bjq8AAUYm2zgoY3K/r/www/cache/static/protocol/https/global/img/icons_5859e57.png) no-repeat 0 0;_background-image:url(https://ss1.bdstatic.com/5eN1bjq8AAUYm2zgoY3K/r/www/cache/static/protocol/https/global/img/icons_d5b04cc.gif)}.c-icon{display:inline-block;width:14px;height:14px;vertical-align:text-bottom;font-style:normal;overflow:hidden}.c-icon-unfold,.c-icon-fold,.c-icon-chevron-unfold,.c-icon-chevron-fold{width:12px;height:12px}.c-icon-star,.c-icon-star-gray{width:60px}.c-icon-qa-empty,.c-icon-safeguard,.c-icon-register-empty,.c-icon-zan,.c-icon-music,.c-icon-music-gray,.c-icon-location,.c-icon-warning,.c-icon-doc,.c-icon-xls,.c-icon-ppt,.c-icon-pdf,.c-icon-txt,.c-icon-play-black,.c-icon-gift,.c-icon-baidu-share,.c-icon-bear,.c-icon-bear-border,.c-icon-location-blue,.c-icon-hotAirBall,.c-icon-moon,.c-icon-streetMap,.c-icon-mv,.c-icon-zhidao-s,.c-icon-shopping{width:16px;height:16px}.c-icon-bear-circle,.c-icon-warning-circle,.c-icon-warning-triangle,.c-icon-warning-circle-gray{width:18px;height:18px}.c-icon-tieba,.c-icon-zhidao,.c-icon-bear-p,.c-icon-bear-pn{width:24px;height:24px}.c-icon-ball-blue,.c-icon-ball-red{width:38px;height:38px}.c-icon-unfold:hover,.c-icon-fold:hover,.c-icon-chevron-unfold:hover,.c-icon-chevron-fold:hover,.c-icon-download:hover,.c-icon-lyric:hover,.c-icon-v:hover,.c-icon-hui:hover,.c-icon-bao:hover,.c-icon-person:hover,.c-icon-high-v:hover,.c-icon-phone:hover,.c-icon-nuo:hover,.c-icon-fan:hover,.c-icon-med:hover,.c-icon-air:hover,.c-icon-share2:hover,.c-icon-v1:hover,.c-icon-v2:hover,.c-icon-write:hover,.c-icon-R:hover{border-color:#388bff}.c-icon-unfold:active,.c-icon-fold:active,.c-icon-chevron-unfold:active,.c-icon-chevron-fold:active,.c-icon-download:active,.c-icon-lyric:active,.c-icon-v:active,.c-icon-hui:active,.c-icon-bao:active,.c-icon-person:active,.c-icon-high-v:active,.c-icon-phone:active,.c-icon-nuo:active,.c-icon-fan:active,.c-icon-med:active,.c-icon-air:active,.c-icon-share2:active,.c-icon-v1:active,.c-icon-v2:active,.c-icon-write:active,.c-icon-R:active{border-color:#a2a6ab;background-color:#f0f0f0;box-shadow:inset 1px 1px 1px #c7c7c7;-webkit-box-shadow:inset 1px 1px 1px #c7c7c7;-moz-box-shadow:inset 1px 1px 1px #c7c7c7;-o-box-shadow:inset 1px 1px 1px #c7c7c7}.c-icon-v3:hover{border-color:#ffb300}.c-icon-v3:active{border-color:#a2a6ab;background-color:#f0f0f0;box-shadow:inset 1px 1px 1px #c7c7c7;-webkit-box-shadow:inset 1px 1px 1px #c7c7c7;-moz-box-shadow:inset 1px 1px 1px #c7c7c7;-o-box-shadow:inset 1px 1px 1px #c7c7c7}.c-icon-unfold,.c-icon-fold,.c-icon-chevron-unfold,.c-icon-chevron-fold,.c-icon-download,.c-icon-lyric{border:1px solid #d8d8d8;cursor:pointer}.c-icon-v,.c-icon-hui,.c-icon-bao,.c-icon-person,.c-icon-high-v,.c-icon-phone,.c-icon-nuo,.c-icon-fan,.c-icon-med,.c-icon-air,.c-icon-share2,.c-icon-v1,.c-icon-v2,.c-icon-v3,.c-icon-write,.c-icon-R{border:1px solid #d8d8d8;cursor:pointer;border-color:transparent;_border-color:tomato;_filter:chroma(color=#ff6347)}.c-icon-v1,.c-icon-v2,.c-icon-v3,.c-icon-v1-noborder,.c-icon-v2-noborder,.c-icon-v3-noborder,.c-icon-v1-noborder-disable,.c-icon-v2-noborder-disable,.c-icon-v3-noborder-disable{width:19px}.c-icon-download,.c-icon-lyric{width:16px;height:16px}.c-icon-play-circle,.c-icon-stop-circle{width:18px;height:18px}.c-icon-play-circle-middle,.c-icon-stop-circle-middle{width:24px;height:24px}.c-icon-play-black-large,.c-icon-stop-black-large{width:36px;height:36px}.c-icon-play-black-larger,.c-icon-stop-black-larger{width:52px;height:52px}.c-icon-flag{background-position:0 -144px}.c-icon-bus{background-position:-24px -144px}.c-icon-calendar{background-position:-48px -144px}.c-icon-street{background-position:-72px -144px}.c-icon-map{background-position:-96px -144px}.c-icon-bag{background-position:-120px -144px}.c-icon-money{background-position:-144px -144px}.c-icon-game{background-position:-168px -144px}.c-icon-user{background-position:-192px -144px}.c-icon-globe{background-position:-216px -144px}.c-icon-lock{background-position:-240px -144px}.c-icon-plane{background-position:-264px -144px}.c-icon-list{background-position:-288px -144px}.c-icon-star-gray{background-position:-312px -144px}.c-icon-circle-gray{background-position:-384px -144px}.c-icon-triangle-down{background-position:-408px -144px}.c-icon-triangle-up{background-position:-432px -144px}.c-icon-triangle-up-empty{background-position:-456px -144px}.c-icon-sort-gray{background-position:-480px -144px}.c-icon-sort-up{background-position:-504px -144px}.c-icon-sort-down{background-position:-528px -144px}.c-icon-down-gray{background-position:-552px -144px}.c-icon-up-gray{background-position:-576px -144px}.c-icon-download-noborder{background-position:-600px -144px}.c-icon-lyric-noborder{background-position:-624px -144px}.c-icon-download-white{background-position:-648px -144px}.c-icon-close{background-position:-672px -144px}.c-icon-fail{background-position:-696px -144px}.c-icon-success{background-position:-720px -144px}.c-icon-triangle-down-g{background-position:-744px -144px}.c-icon-refresh{background-position:-768px -144px}.c-icon-chevron-left-gray{background-position:-816px -144px}.c-icon-chevron-right-gray{background-position:-840px -144px}.c-icon-setting{background-position:-864px -144px}.c-icon-close2{background-position:-888px -144px}.c-icon-chevron-top-gray-s{background-position:-912px -144px}.c-icon-fullscreen{background-position:0 -168px}.c-icon-safe{background-position:-24px -168px}.c-icon-exchange{background-position:-48px -168px}.c-icon-chevron-bottom{background-position:-72px -168px}.c-icon-chevron-top{background-position:-96px -168px}.c-icon-unfold{background-position:-120px -168px}.c-icon-fold{background-position:-144px -168px}.c-icon-chevron-unfold{background-position:-168px -168px}.c-icon-qa{background-position:-192px -168px}.c-icon-register{background-position:-216px -168px}.c-icon-star{background-position:-240px -168px}.c-icon-star-gray{position:relative}.c-icon-star-gray .c-icon-star{position:absolute;top:0;left:0}.c-icon-play-blue{background-position:-312px -168px}.c-icon-pic{width:16px;background-position:-336px -168px}.c-icon-chevron-fold{background-position:-360px -168px}.c-icon-video{width:18px;background-position:-384px -168px}.c-icon-circle-blue{background-position:-408px -168px}.c-icon-circle-yellow{background-position:-432px -168px}.c-icon-play-white{background-position:-456px -168px}.c-icon-triangle-down-blue{background-position:-480px -168px}.c-icon-chevron-unfold2{background-position:-504px -168px}.c-icon-right{background-position:-528px -168px}.c-icon-right-empty{background-position:-552px -168px}.c-icon-new-corner{width:15px;background-position:-576px -168px}.c-icon-horn{background-position:-600px -168px}.c-icon-right-large{width:18px;background-position:-624px -168px}.c-icon-wrong-large{background-position:-648px -168px}.c-icon-circle-blue-s{background-position:-672px -168px}.c-icon-play-gray{background-position:-696px -168px}.c-icon-up{background-position:-720px -168px}.c-icon-down{background-position:-744px -168px}.c-icon-stable{background-position:-768px -168px}.c-icon-calendar-blue{background-position:-792px -168px}.c-icon-triangle-down-blue2{background-position:-816px -168px}.c-icon-triangle-up-blue2{background-position:-840px -168px}.c-icon-down-blue{background-position:-864px -168px}.c-icon-up-blue{background-position:-888px -168px}.c-icon-ting{background-position:-912px -168px}.c-icon-piao{background-position:-936px -168px}.c-icon-wrong-empty{background-position:-960px -168px}.c-icon-warning-circle-s{background-position:-984px -168px}.c-icon-chevron-left{background-position:-1008px -168px}.c-icon-chevron-right{background-position:-1032px -168px}.c-icon-circle-gray-s{background-position:-1056px -168px}.c-icon-v,.c-icon-v-noborder{background-position:0 -192px}.c-icon-hui{background-position:-24px -192px}.c-icon-bao{background-position:-48px -192px}.c-icon-phone{background-position:-72px -192px}.c-icon-qa-empty{background-position:-96px -192px}.c-icon-safeguard{background-position:-120px -192px}.c-icon-register-empty{background-position:-144px -192px}.c-icon-zan{background-position:-168px -192px}.c-icon-music{background-position:-192px -192px}.c-icon-music-gray{background-position:-216px -192px}.c-icon-location{background-position:-240px -192px}.c-icon-warning{background-position:-264px -192px}.c-icon-doc{background-position:-288px -192px}.c-icon-xls{background-position:-312px -192px}.c-icon-ppt{background-position:-336px -192px}.c-icon-pdf{background-position:-360px -192px}.c-icon-txt{background-position:-384px -192px}.c-icon-play-black{background-position:-408px -192px}.c-icon-play-black:hover{background-position:-432px -192px}.c-icon-gift{background-position:-456px -192px}.c-icon-baidu-share{background-position:-480px -192px}.c-icon-bear{background-position:-504px -192px}.c-icon-R{background-position:-528px -192px}.c-icon-bear-border{background-position:-576px -192px}.c-icon-person,.c-icon-person-noborder{background-position:-600px -192px}.c-icon-location-blue{background-position:-624px -192px}.c-icon-hotAirBall{background-position:-648px -192px}.c-icon-moon{background-position:-672px -192px}.c-icon-streetMap{background-position:-696px -192px}.c-icon-high-v,.c-icon-high-v-noborder{background-position:-720px -192px}.c-icon-nuo{background-position:-744px -192px}.c-icon-mv{background-position:-768px -192px}.c-icon-fan{background-position:-792px -192px}.c-icon-med{background-position:-816px -192px}.c-icon-air{background-position:-840px -192px}.c-icon-share2{background-position:-864px -192px}.c-icon-v1,.c-icon-v1-noborder{background-position:-888px -192px}.c-icon-v2,.c-icon-v2-noborder{background-position:-912px -192px}.c-icon-v3,.c-icon-v3-noborder{background-position:-936px -192px}.c-icon-v1-noborder-disable{background-position:-960px -192px}.c-icon-v2-noborder-disable{background-position:-984px -192px}.c-icon-v3-noborder-disable{background-position:-1008px -192px}.c-icon-write{background-position:-1032px -192px}.c-icon-zhidao-s{background-position:-1056px -192px}.c-icon-shopping{background-position:-1080px -192px}.c-icon-bear-circle{background-position:0 -216px}.c-icon-warning-circle{background-position:-24px -216px}.c-icon-warning-triangle{width:24px;background-position:-48px -216px}.c-icon-warning-circle-gray{background-position:-72px -216px}.c-icon-ball-red{background-position:0 -240px}.c-icon-ball-blue{background-position:-48px -240px}.c-icon-tieba{background-position:0 -288px}.c-icon-zhidao{background-position:-48px -288px}.c-icon-bear-p{background-position:-96px -288px}.c-icon-bear-pn{background-position:-144px -288px}.c-icon-download{background-position:0 -336px}.c-icon-lyric{background-position:-24px -336px}.c-icon-play-circle{background-position:-48px -336px}.c-icon-play-circle:hover{background-position:-72px -336px}.c-icon-stop-circle{background-position:-96px -336px}.c-icon-stop-circle:hover{background-position:-120px -336px}.c-icon-play-circle-middle{background-position:0 -360px}.c-icon-play-circle-middle:hover{background-position:-48px -360px}.c-icon-stop-circle-middle{background-position:-96px -360px}.c-icon-stop-circle-middle:hover{background-position:-144px -360px}.c-icon-play-black-large{background-position:0 -408px}.c-icon-play-black-large:hover{background-position:-48px -408px}.c-icon-stop-black-large{background-position:-96px -408px}.c-icon-stop-black-large:hover{background-position:-144px -408px}.c-icon-play-black-larger{background-position:0 -456px}.c-icon-play-black-larger:hover{background-position:-72px -456px}.c-icon-stop-black-larger{background-position:-144px -456px}.c-icon-stop-black-larger:hover{background-position:-216px -456px}.c-recommend{font-size:0;padding:5px 0;border:1px solid #f3f3f3;border-left:0;border-right:0}.c-recommend .c-icon{margin-bottom:-4px}.c-recommend .c-gray,.c-recommend a{font-size:13px}.c-recommend-notopline{padding-top:0;border-top:0}.c-recommend-vline{display:inline-block;margin:0 10px -2px;border-left:1px solid #d8d8d8;width:0;height:12px;_vertical-align:middle;_overflow:hidden}.c-text{display:inline-block;padding:2px;text-align:center;vertical-align:text-bottom;font-size:12px;line-height:100%;font-style:normal;font-weight:400;color:#fff;overflow:hidden}a.c-text{text-decoration:none}.c-text-new{background-color:#f13f40}.c-text-info{padding-left:0;padding-right:0;font-weight:700;color:#2b99ff;*vertical-align:baseline;_position:relative;_top:2px}.c-text-info b{_position:relative;_top:-1px}.c-text-info span{padding:0 2px;font-weight:400}.c-text-important{background-color:#1cb7fd}.c-text-public{background-color:#2b99ff}.c-text-warning{background-color:#ff830f}.c-text-prompt{background-color:#f5c537}.c-text-danger{background-color:#f13f40}.c-text-safe{background-color:#52c277}.c-text-empty{padding-top:1px;padding-bottom:1px;border:1px solid #d8d8d8;cursor:pointer;color:#23b9fd;background-color:#fff}.c-text-empty:hover{border-color:#388bff}.c-text-empty:active{border-color:#a2a6ab;background-color:#f0f0f0;box-shadow:inset 1px 1px 1px #c7c7c7;-webkit-box-shadow:inset 1px 1px 1px #c7c7c7;-moz-box-shadow:inset 1px 1px 1px #c7c7c7;-o-box-shadow:inset 1px 1px 1px #c7c7c7}.c-text-mult{padding-left:5px;padding-right:5px}.c-text-gray{background-color:#666}.c-btn,.c-btn:visited{color:#333!important}.c-btn{display:inline-block;padding:0 14px;margin:0;height:24px;line-height:25px;font-size:13px;filter:chroma(color=#000000);*zoom:1;border:1px solid #d8d8d8;cursor:pointer;font-family:inherit;font-weight:400;text-align:center;vertical-align:middle;background-color:#f9f9f9;overflow:hidden;outline:0}.c-btn:hover{border-color:#388bff}.c-btn:active{border-color:#a2a6ab;background-color:#f0f0f0;box-shadow:inset 1px 1px 1px #c7c7c7;-webkit-box-shadow:inset 1px 1px 1px #c7c7c7;-moz-box-shadow:inset 1px 1px 1px #c7c7c7;-o-box-shadow:inset 1px 1px 1px #c7c7c7}a.c-btn{text-decoration:none}button.c-btn{height:26px;_line-height:18px;*overflow:visible}button.c-btn::-moz-focus-inner{padding:0;border:0}.c-btn .c-icon{margin-top:5px}.c-btn-disable{color:#999!important}.c-btn-disable:visited{color:#999!important}.c-btn-disable:hover{border:1px solid #d8d8d8;cursor:default}.c-btn-disable:active{border-color:#d8d8d8;background-color:#f9f9f9;box-shadow:none;-webkit-box-shadow:none;-moz-box-shadow:none;-o-box-shadow:none}.c-btn-mini{padding-left:5px;padding-right:5px;height:18px;line-height:18px;font-size:12px}button.c-btn-mini{height:20px;_height:18px;_line-height:14px}.c-btn-mini .c-icon{margin-top:2px}.c-btn-large{height:28px;line-height:28px;font-size:14px;font-family:"微软雅黑","黑体"}button.c-btn-large{height:30px;_line-height:24px}.c-btn-large .c-icon{margin-top:7px;_margin-top:6px}.c-btn-primary,.c-btn-primary:visited{color:#fff!important}.c-btn-primary{background-color:#388bff;border-color:#3c8dff #408ffe #3680e6}.c-btn-primary:hover{border-color:#2678ec #2575e7 #1c6fe2 #2677e7;background-color:#388bff;background-image:url(data:image/png;base64,iVBORw0KGgoAAAANSUhEUgAAAAEAAAACCAMAAACuX0YVAAAABlBMVEVnpv85i/9PO5r4AAAAD0lEQVR42gEEAPv/AAAAAQAFAAIros7PAAAAAElFTkSuQmCC);*background-image:none;background-repeat:repeat-x;box-shadow:1px 1px 1px rgba(0,0,0,.4);-webkit-box-shadow:1px 1px 1px rgba(0,0,0,.4);-moz-box-shadow:1px 1px 1px rgba(0,0,0,.4);-o-box-shadow:1px 1px 1px rgba(0,0,0,.4)}.c-btn-primary:active{border-color:#178ee3 #1784d0 #177bbf #1780ca;background-color:#388bff;background-image:none;box-shadow:inset 1px 1px 1px rgba(0,0,0,.15);-webkit-box-shadow:inset 1px 1px 1px rgba(0,0,0,.15);-moz-box-shadow:inset 1px 1px 1px rgba(0,0,0,.15);-o-box-shadow:inset 1px 1px 1px rgba(0,0,0,.15)}.c-btn .c-icon{float:left}.c-dropdown2{position:relative;display:inline-block;width:100%;height:26px;line-height:26px;font-size:13px;vertical-align:middle;outline:0;_font-family:SimSun;background-color:#fff;word-wrap:normal;word-break:normal}.c-dropdown2 .c-dropdown2-btn-group{position:relative;height:24px;border:1px solid #999;border-bottom-color:#d8d8d8;border-right-color:#d8d8d8;-moz-user-select:none;-webkit-user-select:none;user-select:none}.c-dropdown2:hover .c-dropdown2-btn-group,.c-dropdown2-hover .c-dropdown2-btn-group{box-shadow:inset 1px 1px 0 0 #d8d8d8;-webkit-box-shadow:inset 1px 1px 0 0 #d8d8d8;-moz-box-shadow:inset 1px 1px 0 0 #d8d8d8;-o-box-shadow:inset 1px 1px 0 0 #d8d8d8}.c-dropdown2:hover .c-dropdown2-btn-icon,.c-dropdown2-hover .c-dropdown2-btn-icon{box-shadow:inset 0 1px 0 0 #d8d8d8;-webkit-box-shadow:inset 0 1px 0 0 #d8d8d8;-moz-box-shadow:inset 0 1px 0 0 #d8d8d8;-o-box-shadow:inset 0 1px 0 0 #d8d8d8}.c-dropdown2:hover .c-dropdown2-btn-icon-border,.c-dropdown2-hover .c-dropdown2-btn-icon-border{background-color:#f2f2f2}.c-dropdown2 .c-dropdown2-btn{height:24px;padding-left:10px;padding-right:10px;cursor:default;overflow:hidden;white-space:nowrap}.c-dropdown2 .c-dropdown2-btn-icon{position:absolute;top:0;right:0;width:23px;height:24px;line-height:24px;background-color:#fff;padding:0 1px 0 10px}.c-dropdown2 .c-dropdown2-btn-icon-border{height:24px;width:23px;border-left:1px solid #d9d9d9;text-align:center;zoom:1}.c-dropdown2 .c-icon-triangle-down{*margin-top:5px;_margin-left:2px}.c-dropdown2 .c-dropdown2-menu{position:absolute;left:0;top:100%;_margin-top:0;width:100%;overflow:hidden;border:1px solid #bbb;background:#fff;visibility:hidden}.c-dropdown2 .c-dropdown2-menu-inner{overflow:hidden}.c-dropdown2 .c-dropdown2-option{background-color:#fff;cursor:pointer}.c-dropdown2 .c-dropdown2-selected{background-color:#f5f5f5}.c-dropdown2-common ul,.c-dropdown2-common li{margin:0;padding:0;list-style:none}.c-dropdown2-common .c-dropdown2-option{height:26px;line-height:26px;font-size:12px;color:#333;white-space:nowrap;cursor:pointer;padding-left:10px}.c-dropdown2-common .c-dropdown2-selected{background-color:#f5f5f5}.c-dropdown2-common .c-dropdown2-menu-group .c-dropdown2-group{padding-left:10px;font-weight:700;cursor:default}.c-dropdown2-common .c-dropdown2-menu-group .c-dropdown2-option{padding-left:20px}.c-img{display:block;min-height:1px;border:0 0}.c-img3{width:52px}.c-img4{width:75px}.c-img6{width:121px}.c-img7{width:144px}.c-img12{width:259px}.c-img15{width:328px}.c-img18{width:397px}.c-border .c-img3{width:56px}.c-border .c-img4{width:78px}.c-border .c-img7{width:144px}.c-border .c-img12{width:254px}.c-border .c-img15{width:320px}.c-border .c-img18{width:386px}.c-index{display:inline-block;padding:1px 0;color:#fff;width:14px;line-height:100%;font-size:12px;text-align:center;background-color:#8eb9f5}.c-index-hot,.c-index-hot1{background-color:#f54545}.c-index-hot2{background-color:#ff8547}.c-index-hot3{background-color:#ffac38}.c-input{display:inline-block;padding:0 4px;height:24px;line-height:24px\9;font-size:13px;border:1px solid #999;border-bottom-color:#d8d8d8;border-right-color:#d8d8d8;outline:0;box-sizing:content-box;-webkit-box-sizing:content-box;-moz-box-sizing:content-box;vertical-align:top;overflow:hidden}.c-input:hover{box-shadow:inset 1px 1px 1px 0 #d8d8d8;-webkit-box-shadow:inset 1px 1px 1px 0 #d8d8d8;-moz-box-shadow:inset 1px 1px 1px 0 #d8d8d8;-o-box-shadow:inset 1px 1px 1px 0 #d8d8d8}.c-input .c-icon{float:right;margin-top:6px}.c-input .c-icon-left{float:left;margin-right:4px}.c-input input{float:left;height:22px;*padding-top:4px;margin-top:2px;font-size:13px;border:0;outline:0}.c-input{width:180px}.c-input input{width:162px}.c-input-xmini{width:65px}.c-input-xmini input{width:47px}.c-input-mini{width:88px}.c-input-mini input{width:70px}.c-input-small{width:157px}.c-input-small input{width:139px}.c-input-large{width:203px}.c-input-large input{width:185px}.c-input-xlarge{width:341px}.c-input-xlarge input{width:323px}.c-input12{width:249px}.c-input12 input{width:231px}.c-input20{width:433px}.c-input20 input{width:415px}.c-border .c-input{width:178px}.c-border .c-input input{width:160px}.c-border .c-input-xmini{width:68px}.c-border .c-input-xmini input{width:50px}.c-border .c-input-mini{width:90px}.c-border .c-input-mini input{width:72px}.c-border .c-input-small{width:156px}.c-border .c-input-small input{width:138px}.c-border .c-input-large{width:200px}.c-border .c-input-large input{width:182px}.c-border .c-input-xlarge{width:332px}.c-border .c-input-xlarge input{width:314px}.c-border .c-input12{width:244px}.c-border .c-input12 input{width:226px}.c-border .c-input20{width:420px}.c-border .c-input20 input{width:402px}.c-numberset{*zoom:1}.c-numberset:after{display:block;height:0;content:"";clear:both;visibility:hidden}.c-numberset li{float:left;margin-right:17px;list-style:none}.c-numberset .c-numberset-last{margin-right:0}.c-numberset a{display:block;width:50px;text-decoration:none;text-align:center;border:1px solid #d8d8d8;cursor:pointer}.c-numberset a:hover{border-color:#388bff}.c-border .c-numberset li{margin-right:10px}.c-border .c-numberset .c-numberset-last{margin-right:0}.c-border .c-numberset a{width:54px}.c-table{width:100%;border-collapse:collapse;border-spacing:0}.c-table th,.c-table td{padding-left:10px;line-height:1.54;font-size:13px;border-bottom:1px solid #f3f3f3;text-align:left}.cr-content .c-table th:first-child,.cr-content .c-table td:first-child{padding-left:0}.c-table th{padding-top:4px;padding-bottom:4px;font-weight:400;color:#666;border-color:#f0f0f0;white-space:nowrap;background-color:#fafafa}.c-table td{padding-top:6.5px;padding-bottom:6.5px}.c-table-hasimg td{padding-top:10px;padding-bottom:10px}.c-table a,.c-table em{text-decoration:none}.c-table a:hover,.c-table a:hover em{text-decoration:underline}.c-table a.c-icon:hover{text-decoration:none}.c-table .c-btn:hover,.c-table .c-btn:hover em{text-decoration:none}.c-table-nohihead th{background-color:transparent}.c-table-noborder td{border-bottom:0}.c-tabs-nav-movetop{margin:-10px -9px 0 -10px;position:relative}.c-tabs-nav{border-bottom:1px solid #d9d9d9;background-color:#fafafa;line-height:1.54;font-size:0;*zoom:1;_overflow-x:hidden;_position:relative}.c-tabs-nav:after{display:block;height:0;content:"";clear:both;visibility:hidden}.c-tabs-nav .c-tabs-nav-btn{float:right;_position:absolute;_top:0;_right:0;_z-index:1;background:#fafafa}.c-tabs-nav .c-tabs-nav-btn .c-tabs-nav-btn-prev,.c-tabs-nav .c-tabs-nav-btn .c-tabs-nav-btn-next{float:left;padding:6px 2px;cursor:pointer}.c-tabs-nav .c-tabs-nav-btn .c-tabs-nav-btn-disable{cursor:default}.c-tabs-nav .c-tabs-nav-view{_position:relative;overflow:hidden;*zoom:1;margin-bottom:-1px}.c-tabs-nav .c-tabs-nav-view .c-tabs-nav-li{margin-bottom:0}.c-tabs-nav .c-tabs-nav-more{float:left;white-space:nowrap}.c-tabs-nav li,.c-tabs-nav a{color:#666;font-size:13px;*zoom:1}.c-tabs-nav li{display:inline-block;margin-bottom:-1px;*display:inline;padding:3px 15px;vertical-align:bottom;border-style:solid;border-width:2px 1px 0;border-color:transparent;_border-color:tomato;_filter:chroma(color=#ff6347);list-style:none;cursor:pointer;white-space:nowrap;overflow:hidden}.c-tabs-nav a{text-decoration:none}.c-tabs-nav .c-tabs-nav-sep{height:16px;width:0;padding:0;margin-bottom:4px;border-style:solid;border-width:0 1px;border-color:transparent #fff transparent #dedede}.c-tabs-nav .c-tabs-nav-selected{_position:relative;border-color:#2c99ff #e4e4e4 #fff #dedede;background-color:#fff;color:#000;cursor:default}.c-tabs-nav-one .c-tabs-nav-selected{border-color:transparent;_border-color:tomato;_filter:chroma(color=#ff6347);background-color:transparent;color:#666}.c-tabs .c-tabs .c-tabs-nav{padding:10px 0 5px;border:0 0;background-color:#fff}.c-tabs .c-tabs .c-tabs-nav li,.c-tabs .c-tabs .c-tabs-nav a{color:#00c}.c-tabs .c-tabs .c-tabs-nav li{padding:0 5px;position:static;margin:0 10px;border:0 0;cursor:pointer;white-space:nowrap}.c-tabs .c-tabs .c-tabs-nav .c-tabs-nav-sep{height:11px;width:0;padding:0;margin:0 0 4px;border:0 0;border-left:1px solid #d8d8d8}.c-tabs .c-tabs .c-tabs-nav .c-tabs-nav-selected{background-color:#2c99ff;color:#fff;cursor:default}.c-tag{padding-top:3px;margin-bottom:3px;height:1.7em;font-size:13px;line-height:1.4em;transition:height .3s ease-in;-webkit-transition:height .3s ease-in;-moz-transition:height .3s ease-in;-ms-transition:height .3s ease-in;-o-transition:height .3s ease-in;*zoom:1;overflow:hidden}.c-tag:after{display:block;height:0;content:"";clear:both;visibility:hidden}.c-tag-cont{overflow:hidden;*zoom:1}.c-tag-type,.c-tag-li,.c-tag-more,.c-tag-cont span{margin:2px 0}.c-tag-type,.c-tag-li,.c-tag-cont span{float:left}.c-tag-type,.c-tag-more{color:#666}.c-tag-li,.c-tag-cont span{padding:0 4px;display:inline-block;margin-right:12px;white-space:nowrap;cursor:pointer;color:#00c}.c-tag .c-tag-selected{background:#388bff;color:#fff}.c-tag-more{float:right;background:#fff;cursor:pointer;*height:18px}.c-tool{display:inline-block;width:56px;height:56px;background:url(//www.baidu.com/aladdin/img/tools/tools-5.png) no-repeat}.c-tool-region{background-position:0 0}.c-tool-calendar{background-position:-72px 0}.c-tool-city{background-position:-144px 0}.c-tool-phone-pos{background-position:-216px 0}.c-tool-other{background-position:-288px 0}.c-tool-midnight{background-position:-360px 0}.c-tool-kefu{width:121px;background-position:-432px 0}.c-tool-phone{background-position:-576px 0}.c-tool-car{background-position:-648px 0}.c-tool-station{background-position:0 -72px}.c-tool-cheat{background-position:-72px -72px}.c-tool-counter{background-position:-144px -72px}.c-tool-time{background-position:-216px -72px}.c-tool-zip{background-position:-288px -72px}.c-tool-warning{background-position:-360px -72px}.c-tool-ip{background-position:0 -144px}.c-tool-unit{background-position:-72px -144px}.c-tool-rate{background-position:-144px -144px}.c-tool-conversion{background-position:-288px -144px}.c-tool-ads{background-position:-360px -144px}.soutu-input{padding-left:55px!important}.soutu-input-image{position:absolute;left:1px;top:1px;height:28px;width:49px;z-index:1;padding:0;background:#e6e6e6;border:1px solid #e6e6e6}.soutu-input-thumb{height:28px;width:28px;min-width:1px}.soutu-input-close{position:absolute;right:0;top:0;cursor:pointer;display:block;width:22px;height:28px}.soutu-input-close::after{content:" ";position:absolute;right:3px;top:50%;cursor:pointer;margin-top:-7px;display:block;width:14px;height:14px;background:url(https://ss1.bdstatic.com/5eN1bjq8AAUYm2zgoY3K/r/www/cache/static/protocol/https/soutu/img/soutu_icons_new_8abaf8a.png) no-repeat -163px 0}.soutu-input-image:hover .soutu-input-close::after{background-position:-215px 2px}.fb-hint{margin-top:5px;transition-duration:.9s;opacity:0;display:none;color:red}.fb-img{display:none}.fb-hint-tip{height:44px;line-height:24px;background-color:#38f;color:#fff;box-sizing:border-box;width:269px;font-size:16px;padding:10px;padding-left:14px;position:absolute;top:-65px;right:-15px;border-radius:3px;z-index:299}.fb-hint-tip::before{content:"";width:0;height:0;display:block;position:absolute;border-left:8px solid transparent;border-right:8px solid transparent;border-top:8px solid #38f;bottom:-8px;right:25px}.fb-mask,.fb-mask-light{position:absolute;top:0;left:0;bottom:0;right:0;z-index:296;background-color:#000;filter:alpha(opacity=60);background-color:rgba(0,0,0,.6)}.fb-mask-light{background-color:#fff;filter:alpha(opacity=0);background-color:rgba(255,255,255,0)}.fb-success .fb-success-text{text-align:center;color:#333;font-size:13px;margin-bottom:14px}.fb-success-text.fb-success-text-title{color:#3b6;font-size:16px;margin-bottom:16px}.fb-success-text-title i{width:16px;height:16px;margin-right:5px}.fb-list-container{box-sizing:border-box;padding:4px 8px;position:absolute;top:0;left:0;bottom:0;right:0;z-index:298;display:block;width:100%;cursor:pointer;margin-top:-5px;margin-left:-5px}.fb-list-container-hover{background-color:#fff;border:2px #38f solid}.fb-list-container-first{box-sizing:border-box;padding-left:10px;padding-top:5px;position:absolute;top:0;left:0;bottom:0;right:0;z-index:297;display:block;width:100%;cursor:pointer;margin-top:-5px;margin-left:-5px;border:3px #f5f5f5 dashed;border-radius:3px}.fb-des-content{font-size:13px!important;color:#000}.fb-des-content::-webkit-input-placeholder{font-size:13px!important;color:#9a9a9a}.fb-des-content:-moz-placeholder{font-size:13px!important;color:#9a9a9a}.fb-des-content::-moz-placeholder{font-size:13px!important;color:#9a9a9a}.fb-des-content:-ms-input-placeholder{font-size:13px!important;color:#9a9a9a}.fb-btn,.fb-btn:visited{color:#333!important}.fb-select{position:relative;background-color:#fff;border:1px solid #ccc}.fb-select i{position:absolute;right:2px;top:7px}.fb-type{width:350px;box-sizing:border-box;height:28px;font-size:13px;line-height:28px;border:0;word-break:normal;word-wrap:normal;position:relative;appearance:none;-moz-appearance:none;-webkit-appearance:none;display:inline-block;vertical-align:middle;line-height:normal;color:#333;background-color:transparent;border-radius:0;overflow:hidden;outline:0;padding-left:5px}.fb-type::-ms-expand{display:none}.fb-btn{display:inline-block;padding:0 14px;margin:0;height:24px;line-height:25px;font-size:13px;filter:chroma(color=#000000);*zoom:1;border:1px solid #d8d8d8;cursor:pointer;font-family:inherit;font-weight:400;text-align:center;vertical-align:middle;background-color:#f9f9f9;overflow:hidden;outline:0}.fb-btn:hover{border-color:#388bff}.fb-btn:active{border-color:#a2a6ab;background-color:#f0f0f0;box-shadow:inset 1px 1px 1px #c7c7c7;-webkit-box-shadow:inset 1px 1px 1px #c7c7c7;-moz-box-shadow:inset 1px 1px 1px #c7c7c7;-o-box-shadow:inset 1px 1px 1px #c7c7c7}a.fb-btn{text-decoration:none}button.fb-btn{height:26px;_line-height:18px;*overflow:visible}button.fb-btn::-moz-focus-inner{padding:0;border:0}.fb-btn .c-icon{margin-top:5px}.fb-btn-primary,.fb-btn-primary:visited{color:#fff!important}.fb-btn-primary{background-color:#388bff;_width:82px;border-color:#3c8dff #408ffe #3680e6}.fb-btn-primary:hover{border-color:#2678ec #2575e7 #1c6fe2 #2677e7;background-color:#388bff;background-image:url(data:image/png;base64,iVBORw0KGgoAAAANSUhEUgAAAAEAAAACCAMAAACuX0YVAAAABlBMVEVnpv85i/9PO5r4AAAAD0lEQVR42gEEAPv/AAAAAQAFAAIros7PAAAAAElFTkSuQmCC);background-repeat:repeat-x;box-shadow:1px 1px 1px rgba(0,0,0,.4);-webkit-box-shadow:1px 1px 1px rgba(0,0,0,.4);-moz-box-shadow:1px 1px 1px rgba(0,0,0,.4);-o-box-shadow:1px 1px 1px rgba(0,0,0,.4)}.fb-btn-primary:active{border-color:#178ee3 #1784d0 #177bbf #1780ca;background-color:#388bff;background-image:none;box-shadow:inset 1px 1px 1px rgba(0,0,0,.15);-webkit-box-shadow:inset 1px 1px 1px rgba(0,0,0,.15);-moz-box-shadow:inset 1px 1px 1px rgba(0,0,0,.15);-o-box-shadow:inset 1px 1px 1px rgba(0,0,0,.15)}.fb-feedback-right-dialog{position:fixed;z-index:299;bottom:0;right:0}.fb-feedback-list-dialog,.fb-feedback-list-dialog-left{position:absolute;z-index:299}.fb-feedback-list-dialog:before{content:"";width:0;height:0;display:block;position:absolute;top:15px;left:-6px;border-top:8px solid transparent;border-bottom:8px solid transparent;border-right:8px solid #fff}.fb-feedback-list-dialog-left:before{content:"";width:0;height:0;display:block;position:absolute;top:15px;right:-6px;border-top:8px solid transparent;border-bottom:8px solid transparent;border-left:8px solid #fff}.fb-header{padding-left:20px;padding-right:20px;margin-top:14px;text-align:left;-moz-user-select:none}.fb-header .fb-close{opacity:.2;filter:alpha(opacity=20)}.fb-close{text-decoration:none;margin-top:2px;float:right;font-size:20px;font-weight:700;line-height:18px;color:#666;text-shadow:0 1px 0 #fff}.fb-header a.fb-close:hover{text-decoration:none}.fb-header-tips{font-size:16px;margin:0;color:#333;text-rendering:optimizelegibility}.fb-body{margin-bottom:0;padding:20px;padding-top:10px;overflow:hidden;text-align:left}.fb-modal,.fb-success{background-color:#fff;cursor:default;top:100%;left:100%;width:390px;overflow:hidden;border:1px solid #999;*border:1px solid #ddd;font-size:13px;line-height:1.54}.fb-textarea textarea{width:350px;height:64px;padding:4px;margin:10px 0;vertical-align:top;resize:none;overflow:auto;box-sizing:border-box;display:inline-block;border:1px solid #ccc;-webkit-border-radius:0;-moz-border-radius:0;border-radius:0;-webkit-box-shadow:inset 0 1px 1px rgba(0,0,0,.075);-moz-box-shadow:inset 0 1px 1px rgba(0,0,0,.075);box-shadow:inset 0 1px 1px rgba(0,0,0,.075);-webkit-transition:border linear .2s,box-shadow linear .2s;-moz-transition:border linear .2s,box-shadow linear .2s;-ms-transition:border linear .2s,box-shadow linear .2s;-o-transition:border linear .2s,box-shadow linear .2s;transition:border linear .2s,box-shadow linear .2s}.fb-guide{padding-top:10px;color:#9a9a9a;margin-left:-20px;padding-left:20px;border-right-width:0;margin-right:-20px;padding-right:25px;margin-bottom:-20px;padding-bottom:15px}.fb-footer{padding-top:10px;text-align:left}.fb-block{overflow:hidden;position:relative}.fb-block .fb-email{height:28px;line-height:26px;width:350px;border:1px solid #ccc;padding:4px;padding-top:0;box-sizing:border-box;padding-bottom:0;display:inline-block;font-family:'Helvetica Neue',Helvetica,Arial,sans-serif;vertical-align:middle!important;-webkit-border-radius:0;-moz-border-radius:0;border-radius:0;-webkit-box-shadow:inset 0 1px 1px rgba(0,0,0,.075);-moz-box-shadow:inset 0 1px 1px rgba(0,0,0,.075);box-shadow:inset 0 1px 1px rgba(0,0,0,.075);-webkit-transition:border linear .2s,box-shadow linear .2s;-moz-transition:border linear .2s,box-shadow linear .2s;-ms-transition:border linear .2s,box-shadow linear .2s;-o-transition:border linear .2s,box-shadow linear .2s;transition:border linear .2s,box-shadow linear .2s}.fb-email{font-size:13px!important;color:#000}.fb-email::-webkit-input-placeholder{font-size:13px!important;color:#9a9a9a}.fb-email:-moz-placeholder{font-size:13px!important;color:#9a9a9a}.fb-email::-moz-placeholder{font-size:13px!important;color:#9a9a9a}.fb-email:-ms-input-placeholder{font-size:13px!important;color:#9a9a9a}.fb-cut-block{height:15px;padding-bottom:10px}.fb-canvas-block{height:172px;border:1px solid #ccc;margin-bottom:10px;position:relative;overflow:hidden;width:100%;background-position:center;box-sizing:border-box}.fb-canvas-block img{width:350px;position:absolute}.fb-canvas-block img[src=""]{opacity:0}.fb-cut-input{width:14px;height:14px;margin:0;margin-right:10px;display:inline-block;border:1px solid #ccc}.fb-cut-btn{width:60px!important}#fb_tips_span{vertical-align:middle}#fb_popwindow{display:block;left:457px;top:69.5px;position:absolute;width:450px;z-index:999999;background:none repeat scroll 0 0 #fff;border:1px solid #999;border-radius:3px;box-shadow:0 0 9px #999;padding:0}#feedback_dialog_content{text-align:center}#fb_right_post_save:hover{background-image:url(data:image/png;base64,iVBORw0KGgoAAAANSUhEUgAAAAEAAAACCAMAAACuX0YVAAAABlBMVEVnpv85i/9PO5r4AAAAD0lEQVR42gEEAPv/AAAAAQAFAAIros7PAAAAAElFTkSuQmCC);background-repeat:repeat-x;box-shadow:1px 1px 1px rgba(0,0,0,.4);-webkit-box-shadow:1px 1px 1px rgba(0,0,0,.4);-moz-box-shadow:1px 1px 1px rgba(0,0,0,.4);-o-box-shadow:1px 1px 1px rgba(0,0,0,.4)}.fb-select-icon{position:absolute;bottom:6px;right:5px;width:16px;height:16px;box-sizing:content-box;background-position:center center;background-repeat:no-repeat;background-size:7px 4px;-webkit-background-size:7px 4px;background-image:url(data:image/png;base64,iVBORw0KGgoAAAANSUhEUgAAAAcAAAAECAYAAABCxiV9AAAABGdBTUEAALGPC/xhBQAAACBjSFJNAAB6JgAAgIQAAPoAAACA6AAAdTAAAOpgAAA6mAAAF3CculE8AAAABmJLR0QAAAAAAAD5Q7t/AAAACXBIWXMAAAsSAAALEgHS3X78AAAAKElEQVQI12Ps7Or6z4ADMDIwMDBgU1BeVsbICOMgKygvK2PEMAbdBAAhxA08t5Q3VgAAAABJRU5ErkJggg==)}.fb-select-shorter{position:relative;min-height:28px}.fb-type-container{line-height:28px;position:absolute;top:28px;width:100%;background-color:#fff;border:1px solid #ccc;z-index:300;margin-left:-1px;display:none}.fb-type-item,.fb-type-selected{height:28px;line-height:30px;padding-left:4px}.fb-type-item:hover{background:#f5F5F5}</style>
    <meta http-equiv="X-UA-Compatible" content="IE=Edge">
	<meta content="always" name="referrer">
    <meta name="theme-color" content="#2932e1">
    
     
    
	
	
	
	
	
	
	
	
	
	
    
    <title>macaca_百度搜索</title>
    



<!--[if lte IE 8]>
<style index="index" data-compress="strip">
.s_form{top:260px}
</style>
<![endif]-->
<!--[if IE 8]>
<style index="index" data-compress="strip">
#u1 a.mnav,#u1 a.mnav:visited,#u1 a.lb,#u1 a.lb:visited,#u1 a.pf,#u1 a.pf:visited,#u1 a.bri,#u1 a.bri:visited{font-family:simsun;}
</style>
<![endif]-->
<style data-for="debug">
#debug{display:none!important;}
</style>
<style data-for="result" id="css_index_result" type="text/css">#seth{display:inline;behavior:url(#default#homepage)}
#setf{display:inline}
#sekj{margin-left:14px}
#st,#sekj{display:none}
.s_ipt_wr{border:1px solid #b6b6b6;border-color:#7b7b7b #b6b6b6 #b6b6b6 #7b7b7b;background:#fff;display:inline-block;vertical-align:top;width:539px;margin-right:0;border-right-width:0;border-color:#b8b8b8 transparent #ccc #b8b8b8;overflow:hidden}
.wrapper_s .s_ipt_wr{width:439px}
.wrapper_s .s_ipt{width:434px}
.wrapper_s .s_ipt_tip{width:434px}
.s_ipt_wr:hover,.s_ipt_wr.ipthover{border-color:#999 transparent #b3b3b3 #999}
.s_ipt_wr.iptfocus{border-color:#4791ff transparent #4791ff #4791ff}
.s_ipt_tip{color:#aaa;position:absolute;z-index:-10;font:16px/22px arial;height:32px;line-height:32px;padding-left:7px;overflow:hidden;width:526px}
.s_ipt{width:526px;height:22px;font:16px/18px arial;line-height:22px\9;margin:6px 0 0 7px;padding:0;background:transparent;border:0;outline:0;-webkit-appearance:none}
#kw{position:relative}
#u .username i{background-position:-408px -144px}
.bdpfmenu,.usermenu{border:1px solid #d1d1d1;position:absolute;width:105px;top:36px;z-index:302;box-shadow:1px 1px 5px #d1d1d1;-webkit-box-shadow:1px 1px 5px #d1d1d1;-moz-box-shadow:1px 1px 5px #d1d1d1;-o-box-shadow:1px 1px 5px #d1d1d1}
.bdpfmenu{font-size:12px;background-color:#fff}
.bdpfmenu a,.usermenu a{display:block;text-align:left;margin:0!important;padding:0 9px;line-height:26px;text-decoration:none}
.briiconsbg{background-repeat:no-repeat;background-size:300px 18px;background-image:url(https://ss1.bdstatic.com/5eN1bjq8AAUYm2zgoY3K/r/www/cache/static/protocol/https/home/img/icons_0c37e9b.png);background-image:url(https://ss1.bdstatic.com/5eN1bjq8AAUYm2zgoY3K/r/www/cache/static/protocol/https/home/img/icons_809ae65.gif)\9}
#u{z-index:301;position:absolute;right:0;top:0;margin:21px 9px 5px 0;padding:0}
.wrapper_s #u{margin-right:3px}
#u a{text-decoration:underline;color:#333;margin:0 7px}
.wrapper_s #u a{margin-right:0 6px}
#u div a{text-decoration:none}
#u a:hover{text-decoration:underline}
#u .back_org{color:#666;float:left;display:inline-block;height:24px;line-height:24px}
#u .bri{display:inline-block;width:24px;height:24px;float:left;line-height:24px;color:transparent;background:url(https://ss1.bdstatic.com/5eN1bjq8AAUYm2zgoY3K/r/www/cache/static/protocol/https/home/img/icons_0c37e9b.png) no-repeat 4px 3px;background-size:300px 18px;background-image:url(https://ss1.bdstatic.com/5eN1bjq8AAUYm2zgoY3K/r/www/cache/static/protocol/https/home/img/icons_809ae65.gif)\9;overflow:hidden}
#u .bri:hover,#u .bri.brihover{background-position:-18px 3px}
#mCon #imeSIcon{background-position:-408px -144px;margin-left:0}
#mCon span{color:#333}
.bdpfmenu a:link,.bdpfmenu a:visited,#u .usermenu a:link,#u .usermenu a:visited{background:#fff;color:#333}
.bdpfmenu a:hover,.bdpfmenu a:active,#u .usermenu a:hover,#u .usermenu a:active{background:#38f;text-decoration:none;color:#fff}
.bdpfmenu{width:70px}
.usermenu{width:68px;right:8px}
#wrapper .bdnuarrow{width:0;height:0;font-size:0;line-height:0;display:block;position:absolute;top:-10px;left:50%;margin-left:-5px}
#wrapper .bdnuarrow em,#wrapper .bdnuarrow i{width:0;height:0;font-size:0;line-height:0;display:block;position:absolute;border:5px solid transparent;border-style:dashed dashed solid}
#wrapper .bdnuarrow em{border-bottom-color:#d8d8d8;top:-1px}
#wrapper .bdnuarrow i{border-bottom-color:#fff;top:0}
#prefpanel{background:#fafafa;display:none;opacity:0;position:fixed;_position:absolute;top:-359px;z-index:500;width:100%;min-width:960px;border-bottom:1px solid #ebebeb}
#prefpanel form{_width:850px}
#kw_tip{cursor:default;display:none;margin-top:1px}
#bds-message-wrapper{top:43px}
.quickdelete-wrap{position:relative}
.quickdelete-wrap input{width:500px}
.wrapper_l .quickdelete-wrap input{width:500px}
.wrapper_s .quickdelete-wrap input{width:402px}
input::-ms-clear{display:none}
.quickdelete{width:32px;height:32px;background:url(https://ss1.bdstatic.com/5eN1bjq8AAUYm2zgoY3K/r/www/cache/static/protocol/https/global/img/quickdelete_33e3eb8.png) no-repeat;background-position:10px 10px;position:absolute;display:block}
.quickdelete:hover{background-position:10px -24px}
#lh a{margin-left:25px}
.bdbriwrapper-tuiguang{display:none!important}</style>
<!--[if IE 8]>
<style index="index" data-compress="strip">
.s_ipt{background-color:#FFF;}
</style>
<![endif]-->

    




    
<script data-require-id="plugins/swfobject" src="https://ss1.bdstatic.com/5eN1bjq8AAUYm2zgoY3K/r/www/cache/static/protocol/https/plugins/swfobject_0178953.js" async=""></script><script data-require-id="soutu/js/tu" src="https://ss1.bdstatic.com/5eN1bjq8AAUYm2zgoY3K/r/www/cache/static/protocol/https/soutu/js/tu_329aca4.js" async=""></script><script data-require-id="voice/js/voice" src="https://ss1.bdstatic.com/5eN1bjq8AAUYm2zgoY3K/r/www/cache/static/protocol/https/voice/js/voice_1e62c0f.js" async=""></script><link rel="stylesheet" href="https://ss1.bdstatic.com/5eN1bjq8AAUYm2zgoY3K/r/www/cache/static/protocol/https/soutu/css/soutu.css" type="text/css" data-for="result"><style type="text/css" data-for="result">.ipt_rec{z-index:1;display:none;position:absolute;right:0;height:34px;width:24px;background:url(data:image/png;base64,iVBORw0KGgoAAAANSUhEUgAAAA0AAAASCAYAAACAa1QyAAAAAXNSR0IArs4c6QAAAAlwSFlzAAALEwAACxMBAJqcGAAAAVlpVFh0WE1MOmNvbS5hZG9iZS54bXAAAAAAADx4OnhtcG1ldGEgeG1sbnM6eD0iYWRvYmU6bnM6bWV0YS8iIHg6eG1wdGs9IlhNUCBDb3JlIDUuNC4wIj4KICAgPHJkZjpSREYgeG1sbnM6cmRmPSJodHRwOi8vd3d3LnczLm9yZy8xOTk5LzAyLzIyLXJkZi1zeW50YXgtbnMjIj4KICAgICAgPHJkZjpEZXNjcmlwdGlvbiByZGY6YWJvdXQ9IiIKICAgICAgICAgICAgeG1sbnM6dGlmZj0iaHR0cDovL25zLmFkb2JlLmNvbS90aWZmLzEuMC8iPgogICAgICAgICA8dGlmZjpPcmllbnRhdGlvbj4xPC90aWZmOk9yaWVudGF0aW9uPgogICAgICA8L3JkZjpEZXNjcmlwdGlvbj4KICAgPC9yZGY6UkRGPgo8L3g6eG1wbWV0YT4KTMInWQAAAXlJREFUKBW9kr1Kw1AUx5OYVWiRGqqLiPgIios4qg+QobhI7QdYH6CKk4IPUCRNQhFRHPIAnRykIIqre7cMsUMHp0Jt/J2ShiYWxx44/M/53/N17z2qkhLbtgtQl+g62kWvKpXKExiLFlsYzWbzCLgOw7A2HA6XVFU9Ez/i41A9tjAIutA0rVAqld4j/tl13cJoNLrHf5zEJjpBbvq+/zE5FIz8jWkuYXOfMEFETppPd5qV84ebX5Iu82azWd00zR+Zg+fmEdWZd/M8b6Hf7w9kvKDX661Eg3cdx9mK7DFQdBtDPlkhYRUI5J86uq4fgA4d6nR6sCzrOAiCN8MwduDvhAdF9tFX/lJrYNRbrdZiuVz2SDqHs/P5/EBQfOHlXOIkXsVQGMnicI2OZrFY/BZuWiSBtfLo6FPgZLxGmUymxrwNDj65ww3YzuVycleDQof4Ml6bONlFZdxpUpXF3MU+peIeuIx+McELeFutVjvg/5Jeneno+W3ELz3Rmg23qA6NAAAAAElFTkSuQmCC) no-repeat center;background-image: -webkit-image-set(url(data:image/png;base64,iVBORw0KGgoAAAANSUhEUgAAAA0AAAASCAYAAACAa1QyAAAAAXNSR0IArs4c6QAAAAlwSFlzAAALEwAACxMBAJqcGAAAAVlpVFh0WE1MOmNvbS5hZG9iZS54bXAAAAAAADx4OnhtcG1ldGEgeG1sbnM6eD0iYWRvYmU6bnM6bWV0YS8iIHg6eG1wdGs9IlhNUCBDb3JlIDUuNC4wIj4KICAgPHJkZjpSREYgeG1sbnM6cmRmPSJodHRwOi8vd3d3LnczLm9yZy8xOTk5LzAyLzIyLXJkZi1zeW50YXgtbnMjIj4KICAgICAgPHJkZjpEZXNjcmlwdGlvbiByZGY6YWJvdXQ9IiIKICAgICAgICAgICAgeG1sbnM6dGlmZj0iaHR0cDovL25zLmFkb2JlLmNvbS90aWZmLzEuMC8iPgogICAgICAgICA8dGlmZjpPcmllbnRhdGlvbj4xPC90aWZmOk9yaWVudGF0aW9uPgogICAgICA8L3JkZjpEZXNjcmlwdGlvbj4KICAgPC9yZGY6UkRGPgo8L3g6eG1wbWV0YT4KTMInWQAAAXlJREFUKBW9kr1Kw1AUx5OYVWiRGqqLiPgIios4qg+QobhI7QdYH6CKk4IPUCRNQhFRHPIAnRykIIqre7cMsUMHp0Jt/J2ShiYWxx44/M/53/N17z2qkhLbtgtQl+g62kWvKpXKExiLFlsYzWbzCLgOw7A2HA6XVFU9Ez/i41A9tjAIutA0rVAqld4j/tl13cJoNLrHf5zEJjpBbvq+/zE5FIz8jWkuYXOfMEFETppPd5qV84ebX5Iu82azWd00zR+Zg+fmEdWZd/M8b6Hf7w9kvKDX661Eg3cdx9mK7DFQdBtDPlkhYRUI5J86uq4fgA4d6nR6sCzrOAiCN8MwduDvhAdF9tFX/lJrYNRbrdZiuVz2SDqHs/P5/EBQfOHlXOIkXsVQGMnicI2OZrFY/BZuWiSBtfLo6FPgZLxGmUymxrwNDj65ww3YzuVycleDQof4Ml6bONlFZdxpUpXF3MU+peIeuIx+McELeFutVjvg/5Jeneno+W3ELz3Rmg23qA6NAAAAAElFTkSuQmCC) 1x,url(data:image/png;base64,iVBORw0KGgoAAAANSUhEUgAAABoAAAAkCAMAAACg5NohAAAA7VBMVEUAAACqqqqZmZmqqqqfn5+Ojo6ZmZmVlZWdnZ2ZmZmfn5+WlpadnZ2Xl5ebm5uVlZWZmZmXl5eZmZmampqXl5eZmZmampqZmZmampqbm5uXl5eZmZmampqYmJiZmZmampqampqYmJiZmZmYmJiampqZmZmampqZmZmZmZmZmZmYmJiZmZmampqZmZmZmZmZmZmZmZmZmZmZmZmampqZmZmZmZmYmJiZmZmampqZmZmZmZmZmZmZmZmZmZmZmZmZmZmZmZmZmZmZmZmZmZmZmZmZmZmZmZmZmZmZmZmZmZmZmZmZmZmZmZmZmZmZmZlntL8zAAAATnRSTlMAAwUGCAkKDA0PEBEaGxwdHiAjJiwtMDc6PUBBTE1aXWBhZG1vcH5/goWGh4iKjo+UmZump6iuvr/AxcbI0tPZ297f5uft7vL09fb5+/48nAt9AAABHElEQVQoz93S21ZBURjF8T855BiSw06UUqiEcipKOW7s+f6P04XWGOw8QKN5Ndf4jfHdrAkm8Yf39XpUi/MrxaUkScuiW8pS9zwYtLpyyvsSt1XZtors/ZuP6pjaUWOPpJypOX24yG+qX3LR4f4vaSPvIfJqw1rHgOQx4pGAI62Z6BSYKmsoqylwogl9XQANvRh61hNQUJ+qmkDS1s1WrmUngaaqZDQLAZeOuvlAIN+VcwWEZsrAq+oApcV2NosSQF1vgKXVGUDsfmTbo/soQHolC6ClcXR/RLGxWgAEhvpM70r6S8PAtkaGWtXCBsK1lYYR8/K1Hc2bhYTXmyg051Lbt3PDGjj6iTOwXMtO3fUm0qR3m+JQXD/1N+gbnHtANlxuv2EAAAAASUVORK5CYII=) 2x);background-image: -moz-image-set(url(data:image/png;base64,iVBORw0KGgoAAAANSUhEUgAAAA0AAAASCAYAAACAa1QyAAAAAXNSR0IArs4c6QAAAAlwSFlzAAALEwAACxMBAJqcGAAAAVlpVFh0WE1MOmNvbS5hZG9iZS54bXAAAAAAADx4OnhtcG1ldGEgeG1sbnM6eD0iYWRvYmU6bnM6bWV0YS8iIHg6eG1wdGs9IlhNUCBDb3JlIDUuNC4wIj4KICAgPHJkZjpSREYgeG1sbnM6cmRmPSJodHRwOi8vd3d3LnczLm9yZy8xOTk5LzAyLzIyLXJkZi1zeW50YXgtbnMjIj4KICAgICAgPHJkZjpEZXNjcmlwdGlvbiByZGY6YWJvdXQ9IiIKICAgICAgICAgICAgeG1sbnM6dGlmZj0iaHR0cDovL25zLmFkb2JlLmNvbS90aWZmLzEuMC8iPgogICAgICAgICA8dGlmZjpPcmllbnRhdGlvbj4xPC90aWZmOk9yaWVudGF0aW9uPgogICAgICA8L3JkZjpEZXNjcmlwdGlvbj4KICAgPC9yZGY6UkRGPgo8L3g6eG1wbWV0YT4KTMInWQAAAXlJREFUKBW9kr1Kw1AUx5OYVWiRGqqLiPgIios4qg+QobhI7QdYH6CKk4IPUCRNQhFRHPIAnRykIIqre7cMsUMHp0Jt/J2ShiYWxx44/M/53/N17z2qkhLbtgtQl+g62kWvKpXKExiLFlsYzWbzCLgOw7A2HA6XVFU9Ez/i41A9tjAIutA0rVAqld4j/tl13cJoNLrHf5zEJjpBbvq+/zE5FIz8jWkuYXOfMEFETppPd5qV84ebX5Iu82azWd00zR+Zg+fmEdWZd/M8b6Hf7w9kvKDX661Eg3cdx9mK7DFQdBtDPlkhYRUI5J86uq4fgA4d6nR6sCzrOAiCN8MwduDvhAdF9tFX/lJrYNRbrdZiuVz2SDqHs/P5/EBQfOHlXOIkXsVQGMnicI2OZrFY/BZuWiSBtfLo6FPgZLxGmUymxrwNDj65ww3YzuVycleDQof4Ml6bONlFZdxpUpXF3MU+peIeuIx+McELeFutVjvg/5Jeneno+W3ELz3Rmg23qA6NAAAAAElFTkSuQmCC) 1x,url(data:image/png;base64,iVBORw0KGgoAAAANSUhEUgAAABoAAAAkCAMAAACg5NohAAAA7VBMVEUAAACqqqqZmZmqqqqfn5+Ojo6ZmZmVlZWdnZ2ZmZmfn5+WlpadnZ2Xl5ebm5uVlZWZmZmXl5eZmZmampqXl5eZmZmampqZmZmampqbm5uXl5eZmZmampqYmJiZmZmampqampqYmJiZmZmYmJiampqZmZmampqZmZmZmZmZmZmYmJiZmZmampqZmZmZmZmZmZmZmZmZmZmZmZmampqZmZmZmZmYmJiZmZmampqZmZmZmZmZmZmZmZmZmZmZmZmZmZmZmZmZmZmZmZmZmZmZmZmZmZmZmZmZmZmZmZmZmZmZmZmZmZmZmZmZmZmZmZlntL8zAAAATnRSTlMAAwUGCAkKDA0PEBEaGxwdHiAjJiwtMDc6PUBBTE1aXWBhZG1vcH5/goWGh4iKjo+UmZump6iuvr/AxcbI0tPZ297f5uft7vL09fb5+/48nAt9AAABHElEQVQoz93S21ZBURjF8T855BiSw06UUqiEcipKOW7s+f6P04XWGOw8QKN5Ndf4jfHdrAkm8Yf39XpUi/MrxaUkScuiW8pS9zwYtLpyyvsSt1XZtors/ZuP6pjaUWOPpJypOX24yG+qX3LR4f4vaSPvIfJqw1rHgOQx4pGAI62Z6BSYKmsoqylwogl9XQANvRh61hNQUJ+qmkDS1s1WrmUngaaqZDQLAZeOuvlAIN+VcwWEZsrAq+oApcV2NosSQF1vgKXVGUDsfmTbo/soQHolC6ClcXR/RLGxWgAEhvpM70r6S8PAtkaGWtXCBsK1lYYR8/K1Hc2bhYTXmyg051Lbt3PDGjj6iTOwXMtO3fUm0qR3m+JQXD/1N+gbnHtANlxuv2EAAAAASUVORK5CYII=) 2x);background-image: -o-image-set(url(data:image/png;base64,iVBORw0KGgoAAAANSUhEUgAAAA0AAAASCAYAAACAa1QyAAAAAXNSR0IArs4c6QAAAAlwSFlzAAALEwAACxMBAJqcGAAAAVlpVFh0WE1MOmNvbS5hZG9iZS54bXAAAAAAADx4OnhtcG1ldGEgeG1sbnM6eD0iYWRvYmU6bnM6bWV0YS8iIHg6eG1wdGs9IlhNUCBDb3JlIDUuNC4wIj4KICAgPHJkZjpSREYgeG1sbnM6cmRmPSJodHRwOi8vd3d3LnczLm9yZy8xOTk5LzAyLzIyLXJkZi1zeW50YXgtbnMjIj4KICAgICAgPHJkZjpEZXNjcmlwdGlvbiByZGY6YWJvdXQ9IiIKICAgICAgICAgICAgeG1sbnM6dGlmZj0iaHR0cDovL25zLmFkb2JlLmNvbS90aWZmLzEuMC8iPgogICAgICAgICA8dGlmZjpPcmllbnRhdGlvbj4xPC90aWZmOk9yaWVudGF0aW9uPgogICAgICA8L3JkZjpEZXNjcmlwdGlvbj4KICAgPC9yZGY6UkRGPgo8L3g6eG1wbWV0YT4KTMInWQAAAXlJREFUKBW9kr1Kw1AUx5OYVWiRGqqLiPgIios4qg+QobhI7QdYH6CKk4IPUCRNQhFRHPIAnRykIIqre7cMsUMHp0Jt/J2ShiYWxx44/M/53/N17z2qkhLbtgtQl+g62kWvKpXKExiLFlsYzWbzCLgOw7A2HA6XVFU9Ez/i41A9tjAIutA0rVAqld4j/tl13cJoNLrHf5zEJjpBbvq+/zE5FIz8jWkuYXOfMEFETppPd5qV84ebX5Iu82azWd00zR+Zg+fmEdWZd/M8b6Hf7w9kvKDX661Eg3cdx9mK7DFQdBtDPlkhYRUI5J86uq4fgA4d6nR6sCzrOAiCN8MwduDvhAdF9tFX/lJrYNRbrdZiuVz2SDqHs/P5/EBQfOHlXOIkXsVQGMnicI2OZrFY/BZuWiSBtfLo6FPgZLxGmUymxrwNDj65ww3YzuVycleDQof4Ml6bONlFZdxpUpXF3MU+peIeuIx+McELeFutVjvg/5Jeneno+W3ELz3Rmg23qA6NAAAAAElFTkSuQmCC) 1x,url(data:image/png;base64,iVBORw0KGgoAAAANSUhEUgAAABoAAAAkCAMAAACg5NohAAAA7VBMVEUAAACqqqqZmZmqqqqfn5+Ojo6ZmZmVlZWdnZ2ZmZmfn5+WlpadnZ2Xl5ebm5uVlZWZmZmXl5eZmZmampqXl5eZmZmampqZmZmampqbm5uXl5eZmZmampqYmJiZmZmampqampqYmJiZmZmYmJiampqZmZmampqZmZmZmZmZmZmYmJiZmZmampqZmZmZmZmZmZmZmZmZmZmZmZmampqZmZmZmZmYmJiZmZmampqZmZmZmZmZmZmZmZmZmZmZmZmZmZmZmZmZmZmZmZmZmZmZmZmZmZmZmZmZmZmZmZmZmZmZmZmZmZmZmZmZmZmZmZlntL8zAAAATnRSTlMAAwUGCAkKDA0PEBEaGxwdHiAjJiwtMDc6PUBBTE1aXWBhZG1vcH5/goWGh4iKjo+UmZump6iuvr/AxcbI0tPZ297f5uft7vL09fb5+/48nAt9AAABHElEQVQoz93S21ZBURjF8T855BiSw06UUqiEcipKOW7s+f6P04XWGOw8QKN5Ndf4jfHdrAkm8Yf39XpUi/MrxaUkScuiW8pS9zwYtLpyyvsSt1XZtors/ZuP6pjaUWOPpJypOX24yG+qX3LR4f4vaSPvIfJqw1rHgOQx4pGAI62Z6BSYKmsoqylwogl9XQANvRh61hNQUJ+qmkDS1s1WrmUngaaqZDQLAZeOuvlAIN+VcwWEZsrAq+oApcV2NosSQF1vgKXVGUDsfmTbo/soQHolC6ClcXR/RLGxWgAEhvpM70r6S8PAtkaGWtXCBsK1lYYR8/K1Hc2bhYTXmyg051Lbt3PDGjj6iTOwXMtO3fUm0qR3m+JQXD/1N+gbnHtANlxuv2EAAAAASUVORK5CYII=) 2x);background-image: -ms-image-set(url(data:image/png;base64,iVBORw0KGgoAAAANSUhEUgAAAA0AAAASCAYAAACAa1QyAAAAAXNSR0IArs4c6QAAAAlwSFlzAAALEwAACxMBAJqcGAAAAVlpVFh0WE1MOmNvbS5hZG9iZS54bXAAAAAAADx4OnhtcG1ldGEgeG1sbnM6eD0iYWRvYmU6bnM6bWV0YS8iIHg6eG1wdGs9IlhNUCBDb3JlIDUuNC4wIj4KICAgPHJkZjpSREYgeG1sbnM6cmRmPSJodHRwOi8vd3d3LnczLm9yZy8xOTk5LzAyLzIyLXJkZi1zeW50YXgtbnMjIj4KICAgICAgPHJkZjpEZXNjcmlwdGlvbiByZGY6YWJvdXQ9IiIKICAgICAgICAgICAgeG1sbnM6dGlmZj0iaHR0cDovL25zLmFkb2JlLmNvbS90aWZmLzEuMC8iPgogICAgICAgICA8dGlmZjpPcmllbnRhdGlvbj4xPC90aWZmOk9yaWVudGF0aW9uPgogICAgICA8L3JkZjpEZXNjcmlwdGlvbj4KICAgPC9yZGY6UkRGPgo8L3g6eG1wbWV0YT4KTMInWQAAAXlJREFUKBW9kr1Kw1AUx5OYVWiRGqqLiPgIios4qg+QobhI7QdYH6CKk4IPUCRNQhFRHPIAnRykIIqre7cMsUMHp0Jt/J2ShiYWxx44/M/53/N17z2qkhLbtgtQl+g62kWvKpXKExiLFlsYzWbzCLgOw7A2HA6XVFU9Ez/i41A9tjAIutA0rVAqld4j/tl13cJoNLrHf5zEJjpBbvq+/zE5FIz8jWkuYXOfMEFETppPd5qV84ebX5Iu82azWd00zR+Zg+fmEdWZd/M8b6Hf7w9kvKDX661Eg3cdx9mK7DFQdBtDPlkhYRUI5J86uq4fgA4d6nR6sCzrOAiCN8MwduDvhAdF9tFX/lJrYNRbrdZiuVz2SDqHs/P5/EBQfOHlXOIkXsVQGMnicI2OZrFY/BZuWiSBtfLo6FPgZLxGmUymxrwNDj65ww3YzuVycleDQof4Ml6bONlFZdxpUpXF3MU+peIeuIx+McELeFutVjvg/5Jeneno+W3ELz3Rmg23qA6NAAAAAElFTkSuQmCC) 1x,url(data:image/png;base64,iVBORw0KGgoAAAANSUhEUgAAABoAAAAkCAMAAACg5NohAAAA7VBMVEUAAACqqqqZmZmqqqqfn5+Ojo6ZmZmVlZWdnZ2ZmZmfn5+WlpadnZ2Xl5ebm5uVlZWZmZmXl5eZmZmampqXl5eZmZmampqZmZmampqbm5uXl5eZmZmampqYmJiZmZmampqampqYmJiZmZmYmJiampqZmZmampqZmZmZmZmZmZmYmJiZmZmampqZmZmZmZmZmZmZmZmZmZmZmZmampqZmZmZmZmYmJiZmZmampqZmZmZmZmZmZmZmZmZmZmZmZmZmZmZmZmZmZmZmZmZmZmZmZmZmZmZmZmZmZmZmZmZmZmZmZmZmZmZmZmZmZmZmZlntL8zAAAATnRSTlMAAwUGCAkKDA0PEBEaGxwdHiAjJiwtMDc6PUBBTE1aXWBhZG1vcH5/goWGh4iKjo+UmZump6iuvr/AxcbI0tPZ297f5uft7vL09fb5+/48nAt9AAABHElEQVQoz93S21ZBURjF8T855BiSw06UUqiEcipKOW7s+f6P04XWGOw8QKN5Ndf4jfHdrAkm8Yf39XpUi/MrxaUkScuiW8pS9zwYtLpyyvsSt1XZtors/ZuP6pjaUWOPpJypOX24yG+qX3LR4f4vaSPvIfJqw1rHgOQx4pGAI62Z6BSYKmsoqylwogl9XQANvRh61hNQUJ+qmkDS1s1WrmUngaaqZDQLAZeOuvlAIN+VcwWEZsrAq+oApcV2NosSQF1vgKXVGUDsfmTbo/soQHolC6ClcXR/RLGxWgAEhvpM70r6S8PAtkaGWtXCBsK1lYYR8/K1Hc2bhYTXmyg051Lbt3PDGjj6iTOwXMtO3fUm0qR3m+JQXD/1N+gbnHtANlxuv2EAAAAASUVORK5CYII=) 2x);background-size:13px 18px;background-position:0 50%;cursor:pointer;}.ipt_rec:hover{background-image:url(data:image/png;base64,iVBORw0KGgoAAAANSUhEUgAAAA0AAAASCAMAAAC3taQAAAAAhFBMVEX///8zhf8zhf8zhf8zhf8zhf8zhf8zhf8zhf8zhf8zhf8zhf8zhf8zhf8zhf8zhf8zhf8zhf8zhf8zhf8zhf8zhf8zhf8zhf8zhf8zhf8zhf8zhf8zhf8zhf8zhf8zhf8zhf8zhf8zhf8zhf8zhf8zhf8zhf8zhf8zhf8zhf8zhf8zhf+04UQDAAAAK3RSTlMAAQIDBgwNHR43ODs9PkNEVFZaXGZnlpecqaq31NfZ2t3e3+Dl6On5+/z9BL131wAAAHdJREFUCB0FwYcCgQAUAMBTFGWPaCGb9///5w5s+3e/BdgNy8lq2AH6AsUZ8EuQ/AABAhAgAAECECAgUjGCkH49c9cZZlfTh2ZvcymT8rKxb8xvmXX36day25xjm4GsPSGt7od8nB/uVQoW9Ste9QKAAAABAAL4AzokCI8/h6hiAAAAAElFTkSuQmCC);background-image: -webkit-image-set(url(data:image/png;base64,iVBORw0KGgoAAAANSUhEUgAAAA0AAAASCAMAAAC3taQAAAAAhFBMVEX///8zhf8zhf8zhf8zhf8zhf8zhf8zhf8zhf8zhf8zhf8zhf8zhf8zhf8zhf8zhf8zhf8zhf8zhf8zhf8zhf8zhf8zhf8zhf8zhf8zhf8zhf8zhf8zhf8zhf8zhf8zhf8zhf8zhf8zhf8zhf8zhf8zhf8zhf8zhf8zhf8zhf8zhf8zhf+04UQDAAAAK3RSTlMAAQIDBgwNHR43ODs9PkNEVFZaXGZnlpecqaq31NfZ2t3e3+Dl6On5+/z9BL131wAAAHdJREFUCB0FwYcCgQAUAMBTFGWPaCGb9///5w5s+3e/BdgNy8lq2AH6AsUZ8EuQ/AABAhAgAAECECAgUjGCkH49c9cZZlfTh2ZvcymT8rKxb8xvmXX36day25xjm4GsPSGt7od8nB/uVQoW9Ste9QKAAAABAAL4AzokCI8/h6hiAAAAAElFTkSuQmCC) 1x,url(data:image/png;base64,iVBORw0KGgoAAAANSUhEUgAAABoAAAAkCAMAAACg5NohAAAA8FBMVEUsgf////8sgf8sgf8sgf8sgf8sgf8sgf8sgf8sgf8sgf8sgf8sgf8sgf8sgf8sgf8sgf8sgf8sgf8sgf8sgf8sgf8sgf8sgf8sgf8sgf8sgf8sgf8sgf8sgf8sgf8sgf8sgf8sgf8sgf8sgf8sgf8sgf8sgf8sgf8sgf8sgf8sgf8sgf8sgf8sgf8sgf8sgf8sgf8sgf8sgf8sgf8sgf8sgf8sgf8sgf8sgf8sgf8sgf8sgf8sgf8sgf8sgf8sgf8sgf8sgf8sgf8sgf8sgf8sgf8sgf8sgf8sgf8sgf8sgf8sgf8sgf8sgf8sgf8sgf+F30pxAAAAT3RSTlMAAAMFBggJCgwNDxARGhscHR4gIyYsLTA3Oj1AQUxNWl1gYWRtb3B+f4KFhoeIio6PlJmbpqeorr6/wMXGyNLT2dve3+bn7e7y9PX2+fv+wE6fLAAAASxJREFUKM/d01dWAkEUBNAqkCBBBETCiKAoSlAElKSgKHGAqf3vxg/oQ9AFeKzPvh/vdPVr0CTy8L5cDsoRbEIYyc0lSZrnDqkgtS/8fqstp7BPEVvF9UlRdmSPHtUyM1qq7ZGUNpTWxwF5DXmlA6Ih/Htayf0bubXCUsckJZcRlwTgSEuMdEZyrJShlMYATjVCV5cka3ox9KwnAFl1UVKdZMzW7VpuZMcA1FVCUpMAyStH7YzPl2nLuQYQmCgJvqpCkvnZem1meQCo6I2gpcU5SZ5UB7Y9qIYBILGQRZANDcPk9l7AyVANEKSvr8/ELiW+1Petiwr1tSgHDQTLC/VDpkNP09G0no263dFsfSo1PTv1Wj1Hmzg962Dn4/edkTTq3MV/fAdun+Nv0TegC0JUU1yQZAAAAABJRU5ErkJggg==) 2x);background-image: -moz-image-set(url(data:image/png;base64,iVBORw0KGgoAAAANSUhEUgAAAA0AAAASCAMAAAC3taQAAAAAhFBMVEX///8zhf8zhf8zhf8zhf8zhf8zhf8zhf8zhf8zhf8zhf8zhf8zhf8zhf8zhf8zhf8zhf8zhf8zhf8zhf8zhf8zhf8zhf8zhf8zhf8zhf8zhf8zhf8zhf8zhf8zhf8zhf8zhf8zhf8zhf8zhf8zhf8zhf8zhf8zhf8zhf8zhf8zhf8zhf+04UQDAAAAK3RSTlMAAQIDBgwNHR43ODs9PkNEVFZaXGZnlpecqaq31NfZ2t3e3+Dl6On5+/z9BL131wAAAHdJREFUCB0FwYcCgQAUAMBTFGWPaCGb9///5w5s+3e/BdgNy8lq2AH6AsUZ8EuQ/AABAhAgAAECECAgUjGCkH49c9cZZlfTh2ZvcymT8rKxb8xvmXX36day25xjm4GsPSGt7od8nB/uVQoW9Ste9QKAAAABAAL4AzokCI8/h6hiAAAAAElFTkSuQmCC) 1x,url(data:image/png;base64,iVBORw0KGgoAAAANSUhEUgAAABoAAAAkCAMAAACg5NohAAAA8FBMVEUsgf////8sgf8sgf8sgf8sgf8sgf8sgf8sgf8sgf8sgf8sgf8sgf8sgf8sgf8sgf8sgf8sgf8sgf8sgf8sgf8sgf8sgf8sgf8sgf8sgf8sgf8sgf8sgf8sgf8sgf8sgf8sgf8sgf8sgf8sgf8sgf8sgf8sgf8sgf8sgf8sgf8sgf8sgf8sgf8sgf8sgf8sgf8sgf8sgf8sgf8sgf8sgf8sgf8sgf8sgf8sgf8sgf8sgf8sgf8sgf8sgf8sgf8sgf8sgf8sgf8sgf8sgf8sgf8sgf8sgf8sgf8sgf8sgf8sgf8sgf8sgf8sgf8sgf8sgf+F30pxAAAAT3RSTlMAAAMFBggJCgwNDxARGhscHR4gIyYsLTA3Oj1AQUxNWl1gYWRtb3B+f4KFhoeIio6PlJmbpqeorr6/wMXGyNLT2dve3+bn7e7y9PX2+fv+wE6fLAAAASxJREFUKM/d01dWAkEUBNAqkCBBBETCiKAoSlAElKSgKHGAqf3vxg/oQ9AFeKzPvh/vdPVr0CTy8L5cDsoRbEIYyc0lSZrnDqkgtS/8fqstp7BPEVvF9UlRdmSPHtUyM1qq7ZGUNpTWxwF5DXmlA6Ih/Htayf0bubXCUsckJZcRlwTgSEuMdEZyrJShlMYATjVCV5cka3ox9KwnAFl1UVKdZMzW7VpuZMcA1FVCUpMAyStH7YzPl2nLuQYQmCgJvqpCkvnZem1meQCo6I2gpcU5SZ5UB7Y9qIYBILGQRZANDcPk9l7AyVANEKSvr8/ELiW+1Petiwr1tSgHDQTLC/VDpkNP09G0no263dFsfSo1PTv1Wj1Hmzg962Dn4/edkTTq3MV/fAdun+Nv0TegC0JUU1yQZAAAAABJRU5ErkJggg==) 2x);background-image: -o-image-set(url(data:image/png;base64,iVBORw0KGgoAAAANSUhEUgAAAA0AAAASCAMAAAC3taQAAAAAhFBMVEX///8zhf8zhf8zhf8zhf8zhf8zhf8zhf8zhf8zhf8zhf8zhf8zhf8zhf8zhf8zhf8zhf8zhf8zhf8zhf8zhf8zhf8zhf8zhf8zhf8zhf8zhf8zhf8zhf8zhf8zhf8zhf8zhf8zhf8zhf8zhf8zhf8zhf8zhf8zhf8zhf8zhf8zhf8zhf+04UQDAAAAK3RSTlMAAQIDBgwNHR43ODs9PkNEVFZaXGZnlpecqaq31NfZ2t3e3+Dl6On5+/z9BL131wAAAHdJREFUCB0FwYcCgQAUAMBTFGWPaCGb9///5w5s+3e/BdgNy8lq2AH6AsUZ8EuQ/AABAhAgAAECECAgUjGCkH49c9cZZlfTh2ZvcymT8rKxb8xvmXX36day25xjm4GsPSGt7od8nB/uVQoW9Ste9QKAAAABAAL4AzokCI8/h6hiAAAAAElFTkSuQmCC) 1x,url(data:image/png;base64,iVBORw0KGgoAAAANSUhEUgAAABoAAAAkCAMAAACg5NohAAAA8FBMVEUsgf////8sgf8sgf8sgf8sgf8sgf8sgf8sgf8sgf8sgf8sgf8sgf8sgf8sgf8sgf8sgf8sgf8sgf8sgf8sgf8sgf8sgf8sgf8sgf8sgf8sgf8sgf8sgf8sgf8sgf8sgf8sgf8sgf8sgf8sgf8sgf8sgf8sgf8sgf8sgf8sgf8sgf8sgf8sgf8sgf8sgf8sgf8sgf8sgf8sgf8sgf8sgf8sgf8sgf8sgf8sgf8sgf8sgf8sgf8sgf8sgf8sgf8sgf8sgf8sgf8sgf8sgf8sgf8sgf8sgf8sgf8sgf8sgf8sgf8sgf8sgf8sgf8sgf8sgf+F30pxAAAAT3RSTlMAAAMFBggJCgwNDxARGhscHR4gIyYsLTA3Oj1AQUxNWl1gYWRtb3B+f4KFhoeIio6PlJmbpqeorr6/wMXGyNLT2dve3+bn7e7y9PX2+fv+wE6fLAAAASxJREFUKM/d01dWAkEUBNAqkCBBBETCiKAoSlAElKSgKHGAqf3vxg/oQ9AFeKzPvh/vdPVr0CTy8L5cDsoRbEIYyc0lSZrnDqkgtS/8fqstp7BPEVvF9UlRdmSPHtUyM1qq7ZGUNpTWxwF5DXmlA6Ih/Htayf0bubXCUsckJZcRlwTgSEuMdEZyrJShlMYATjVCV5cka3ox9KwnAFl1UVKdZMzW7VpuZMcA1FVCUpMAyStH7YzPl2nLuQYQmCgJvqpCkvnZem1meQCo6I2gpcU5SZ5UB7Y9qIYBILGQRZANDcPk9l7AyVANEKSvr8/ELiW+1Petiwr1tSgHDQTLC/VDpkNP09G0no263dFsfSo1PTv1Wj1Hmzg962Dn4/edkTTq3MV/fAdun+Nv0TegC0JUU1yQZAAAAABJRU5ErkJggg==) 2x);background-image: -ms-image-set(url(data:image/png;base64,iVBORw0KGgoAAAANSUhEUgAAAA0AAAASCAMAAAC3taQAAAAAhFBMVEX///8zhf8zhf8zhf8zhf8zhf8zhf8zhf8zhf8zhf8zhf8zhf8zhf8zhf8zhf8zhf8zhf8zhf8zhf8zhf8zhf8zhf8zhf8zhf8zhf8zhf8zhf8zhf8zhf8zhf8zhf8zhf8zhf8zhf8zhf8zhf8zhf8zhf8zhf8zhf8zhf8zhf8zhf8zhf+04UQDAAAAK3RSTlMAAQIDBgwNHR43ODs9PkNEVFZaXGZnlpecqaq31NfZ2t3e3+Dl6On5+/z9BL131wAAAHdJREFUCB0FwYcCgQAUAMBTFGWPaCGb9///5w5s+3e/BdgNy8lq2AH6AsUZ8EuQ/AABAhAgAAECECAgUjGCkH49c9cZZlfTh2ZvcymT8rKxb8xvmXX36day25xjm4GsPSGt7od8nB/uVQoW9Ste9QKAAAABAAL4AzokCI8/h6hiAAAAAElFTkSuQmCC) 1x,url(data:image/png;base64,iVBORw0KGgoAAAANSUhEUgAAABoAAAAkCAMAAACg5NohAAAA8FBMVEUsgf////8sgf8sgf8sgf8sgf8sgf8sgf8sgf8sgf8sgf8sgf8sgf8sgf8sgf8sgf8sgf8sgf8sgf8sgf8sgf8sgf8sgf8sgf8sgf8sgf8sgf8sgf8sgf8sgf8sgf8sgf8sgf8sgf8sgf8sgf8sgf8sgf8sgf8sgf8sgf8sgf8sgf8sgf8sgf8sgf8sgf8sgf8sgf8sgf8sgf8sgf8sgf8sgf8sgf8sgf8sgf8sgf8sgf8sgf8sgf8sgf8sgf8sgf8sgf8sgf8sgf8sgf8sgf8sgf8sgf8sgf8sgf8sgf8sgf8sgf8sgf8sgf8sgf8sgf+F30pxAAAAT3RSTlMAAAMFBggJCgwNDxARGhscHR4gIyYsLTA3Oj1AQUxNWl1gYWRtb3B+f4KFhoeIio6PlJmbpqeorr6/wMXGyNLT2dve3+bn7e7y9PX2+fv+wE6fLAAAASxJREFUKM/d01dWAkEUBNAqkCBBBETCiKAoSlAElKSgKHGAqf3vxg/oQ9AFeKzPvh/vdPVr0CTy8L5cDsoRbEIYyc0lSZrnDqkgtS/8fqstp7BPEVvF9UlRdmSPHtUyM1qq7ZGUNpTWxwF5DXmlA6Ih/Htayf0bubXCUsckJZcRlwTgSEuMdEZyrJShlMYATjVCV5cka3ox9KwnAFl1UVKdZMzW7VpuZMcA1FVCUpMAyStH7YzPl2nLuQYQmCgJvqpCkvnZem1meQCo6I2gpcU5SZ5UB7Y9qIYBILGQRZANDcPk9l7AyVANEKSvr8/ELiW+1Petiwr1tSgHDQTLC/VDpkNP09G0no263dFsfSo1PTv1Wj1Hmzg962Dn4/edkTTq3MV/fAdun+Nv0TegC0JUU1yQZAAAAABJRU5ErkJggg==) 2x);}</style><style type="text/css" data-for="result">#voice{font-family:"microsoft yahei";z-index:1000;box-shadow:0 5px 5px #888;position:fixed;width:100%;height:38.2%;min-height:229.2px;background:#fff;font-size:16px;bottom:0}#voice .close{position:absolute;right:30px;top:20px;font-size:24px;color:#333;cursor:pointer;text-indent:-10000px;background:url(https://ss1.bdstatic.com/5eN1bjq8AAUYm2zgoY3K/r/www/cache/static/protocol/https/voice/imgs/close_btn_04bc664.png) no-repeat;background-size:18px 38px;width:20px;height:20px}#voice .close:hover{color:#999;background-position:0 -21px}#voice .voice_inner{margin:-40px auto 0;width:0}#voice .result{width:100%;font-size:22px;margin:40px 0 0 63px;text-align:left;}#voice .result .tip{color:#999;font-size:14px;}#voice .btn{position:absolute;width:105px;height:105px;margin:69px 0 0 -52px;z-index:3;cursor:pointer;background:none}#voice .box{width:56px;height:56px;position:absolute;z-index:2;background:#35d2ff;margin:92px 0 0 -28px}#voice .box_inner{width:100%;height:56px;background:#fff}@keyframes myfirst{from{border:1px solid rgba(0,0,255,1);width:100px;height:100px;border-radius:100px;margin:70px 0 0 -50px}to{border:1px solid rgba(0,0,255,0);width:200px;height:200px;border-radius:200px;margin:20px 0 0 -100px}}@-webkit-keyframes myfirst{from{border:1px solid rgba(194,224,253,1);width:100px;height:100px;border-radius:100px;margin:70px 0 0 -50px}to{border:1px solid rgba(194,224,253,0);width:300px;height:300px;border-radius:300px;margin:-30px 0 0 -150px}}@-moz-keyframes myfirst{from{border:1px solid rgba(0,0,255,1);width:100px;height:100px;border-radius:100px;margin:70px 0 0 -50px}to{border:1px solid rgba(0,0,255,0);width:200px;height:200px;border-radius:200px;margin:20px 0 0 -100px}}@-o-keyframes myfirst{from{border:1px solid rgba(0,0,255,1);width:100px;height:100px;border-radius:100px;margin:70px 0 0 -50px}to{border:1px solid rgba(0,0,255,0);width:200px;height:200px;border-radius:200px;margin:20px 0 0 -100px}}#voice .round1,#voice .round2{position:absolute;border:0 solid rgba(0,0,255,1);border-radius:200px;width:0;height:0;line-height:0;animation:myfirst 3s linear 0s infinite;-webkit-animation:myfirst 3s linear 0s infinite;-moz-animation:myfirst 3s linear 0s infinite;-o-animation:myfirst 3s linear 0s infinite}#voice .round2{animation-delay:1.5s;-webkit-animation-delay:1.5s;-moz-animation-delay:1.5s;-o-animation-delay:1.5s}#voice .round3{position:absolute;background:#c2e0fd;width:0;height:0;line-height:0}</style><style>
			    											 .op_dict3_gap_small{margin-right:7px}.op_dict3_chinese_result span{float:left;height:24px;line-height:24px;margin-bottom:12px;overflow:hidden}.op_dict3_chinsetxt{font-size:14px}.op_dict3_howread{font-size:24px;font-family:arial;_font-family:"lucida sans unicode"}.op_dict3_marginBottom{margin-bottom:12px}.op_dict3_marginRight{margin-right:15px}.op_dict_table .op_dict3_englishtxt{white-space:normal}.op_dict_table .op_dict3_englishtxt span{height:auto}.op_dict3_english_result_table{line-height:20px;margin-bottom:9px}.op_dict3_english_result_table td{vertical-align:top}.op_dict3_english_result_table .op_dict_exp{color:#333;margin-right:0}.op_dict3_english_result_table .op_dict_text1{float:left;min-width:37px;*width:37px;color:#999;white-space:nowrap}.op_dict3_english_result_table .op_dict_text2{float:left;margin:0;padding:0;max-height:60px;overflow:hidden;word-break:normal}.op_dict_text2 a{color:#333;text-decoration:none;font-size:13px}.op_dict_text2 .op_dict3_blue{color:#00C;text-decoration:underline}.op_dict_text2 .op_dict3_blue:hover{color:#00C}.op_dict3_else_items a{color:#333;text-decoration:none;font-size:13px}.op_dict_text2 a:hover{color:#333;text-decoration:underline}.op_dict3_chineselong_result{font-size:24px;line-height:24px;width:518px;overflow:hidden;white-space:nowrap;text-overflow:ellipsis}.op_dict_fmp_flash_div{height:1px;width:1px;position:absolute;right:0;overflow:hidden}.op_dict3_how_read,.op_dict3_mp3_play{display:block;width:14px;height:11px;overflow:hidden;background:url(//www.baidu.com/aladdin/img/dic3/iconall.gif) no-repeat;text-decoration:none;margin-right:8px;margin-top:7px;*margin-top:9px;_margin-top:11px;*position:relative;*top:-2px}.op_dict3_mp3_play{background-position:0 -14px}.op_dict3_font24{font-size:24px;font-family:arial;_font-family:"lucida sans unicode";height:24px;line-height:24px;_height:28px;_line-height:28px}.op_dict3_font20{font-size:20px}.op_dict3_font14{font-size:14px;position:relative;*top:-2px}.op_dict3_font16{font-size:16px;position:relative;*top:-2px}.op_dict3_how_read a,.op_dict3_how_read span{display:block}.op_dict3_how_read a{width:15px;height:15px}.op_dict3_lineone_result,.op_dict3_linetwo_result{display:none;width:518px;overflow:hidden;text-overflow:ellipsis;word-break:normal;line-height:20px}.op_dict3_linetwo_result{width:480px}.op_dict3_lineone_result span{float:left;width:471px}.op_dict3_lineone_result span.op_dict3_lineone_result_tip{width:47px;color:#999}.op_dict3_linetwo_result{padding-left:47px;margin-bottom:9px}.op_dict3_etext,.op_dict3_lineone_result{word-break:normal}.op_dict3_read1{float:left}.op_dict3_readline{line-height:24px;margin-bottom:12px}.op_dict3_read1 span{height:24px;line-height:24px;float:left;_height:28px;_line-height:28px}.op_dict_table td{white-space:nowrap}.op_dict3_extra{border-top:1px solid #f2f2f2;padding-top:13px;margin-top:13px}.op_dict3_extra_transform{word-break:keep-all}.op_dict3_extra_transform span{display:inline-block;*display:inline;color:#666;margin-right:12px}.op_dict3_extra_confused,.op_dict3_extra_polyphone{color:#666}.op_dict3_extra_polyphone a{display:inline-block;*display:inline;margin-right:12px}.op_dict3_other_line td{padding-top:5px}.op_dict3_highlight{color:#c00}.op_dict_text2 span{margin-right:12px;display:inline-block;margin-bottom:2px}.op_dict3_morelink a{margin-right:12px;display:inline-block}.op_dict3_morelink{margin-bottom:2px;padding-left:47px}.op_dict3_exectrans_more{display:none}.op_dict3_extra .op_dict3_morelink{padding-left:0}.op_dict3_extra_confused_p span{margin-right:4px;word-break:break-all}.op_dict3_extra_confused_p{margin-right:6px;margin-bottom:4px}.op_dict3_extra_confused_p a{text-decoration:none}.op_dict3_tabs_nav{background:#fff;padding-bottom:12px}.op_dict3_tabs_content{padding-top:12px;border-top:1px solid #f2f2f2}.op_dict3_duoyinzi{float:left}.op_dict3_tabs_nav .op_dict3_nav_li{color:#00c;height:14px;line-height:14px;text-align:center;padding:2px;margin-right:12px;margin-left:8px;display:inline-block;cursor:pointer}.op_dict3_polyphone{margin-bottom:12px}.op_dict3_netmeans{overflow:hidden;text-overflow:ellipsis}.op_dict3_xingjinci a{margin-right:4px}.op_dict3_liju_read{display:inline-block;position:relative;top:2px;left:4px;margin-top:-2px}.op_dict3_inlineblock{display:inline-block;color:#333}.op_dict3_englishlink{color:#333}.op_dict3_extra_confused_firstp{margin-bottom:4px}.op-dict3-repeat{display:block;width:16px;height:16px;overflow:hidden;background-repeat:no-repeat;text-decoration:none;margin-right:6px;margin-left:-2px}.op-dict3-repeat-off{background-image:url(//www.baidu.com/aladdin/tpl/dict3/repeat_small.c6d62112.png);background-image:-webkit-image-set(url(//www.baidu.com/aladdin/tpl/dict3/repeat_small.c6d62112.png) 1x,url(//www.baidu.com/aladdin/tpl/dict3/repeat.541f421a.png) 2x);background-size:12px 12px;background-position:center}.op-dict3-repeat-on{background-image:url(//www.baidu.com/aladdin/tpl/dict3/repeat_ing_small.5090db6f.gif);background-image:-webkit-image-set(url(//www.baidu.com/aladdin/tpl/dict3/repeat_ing_small.5090db6f.gif) 1x,url(//www.baidu.com/aladdin/tpl/dict3/repeat_ing.b117d860.gif) 2x);background-size:16px 16px;background-position:center}.opr-recommends-merge-title{text-decoration:none}.opr-recommends-merge-title:hover{text-decoration:underline}.opr-recommends-merge-imgtext{display:block}.opr-recommends-merge-hide{display:none}.opr-recommends-merge-p{position:relative;_zoom:1}.opr-recommends-merge-d{min-height:20px;color:#999}.opr-recommends-merge-width-text{width:70px;text-align:center;margin:3px auto 0;font-size:12px;line-height:18px;word-break:break-all}.opr-recommends-merge-item{text-align:center}.opr-recommends-merge-mask{position:absolute;top:0;left:0;width:100%;_background:0 0;background:-webkit-radial-gradient(center,closest-side,rgba(255,255,255,0),rgba(0,0,0,.03));background:-moz-radial-gradient(center,closest-side,rgba(255,255,255,0),rgba(0,0,0,.03));background:-o-radial-gradient(center,closest-side,rgba(255,255,255,0),rgba(0,0,0,.03));background:-ms-radial-gradient(center,closest-side,rgba(255,255,255,0),rgba(0,0,0,.03))}.opr-recommends-merge-more-btn i{cursor:pointer}.opr-recommends-merge-layerbtn{position:absolute;right:0;bottom:0;width:1.23em;height:1.23em;background:url(//www.baidu.com/aladdin/img/right_recommends/layericon.png) no-repeat;_background-image:url(//www.baidu.com/aladdin/img/right_recommends/layericon.gif)}.opr-recommends-merge-layerbtn1,.opr-recommends-merge-layerbtn2{background-position:-48px 0}.opr-recommends-merge-layerbtn1,.opr-recommends-merge-layerbtn3{background-color:#999}.opr-recommends-merge-layerbtn1:hover,.opr-recommends-merge-layerbtn2,.opr-recommends-merge-layerbtn3:hover,.opr-recommends-merge-layerbtn4{background-color:#38f}.opr-recommends-merge-layerbtn3:hover,.opr-recommends-merge-layerbtn4:hover{background-position:-24px 0}.opr-recommends-merge-layer{padding:4px 9px;width:350px}.opr-recommends-merge-layer table{border-collapse:collapse;border-padding:0}.opr-recommends-merge-layer td{font-size:1em;line-height:1.67;vertical-align:top}.opr-recommends-merge-lastspan{display:none}.opr-recommends-merge-mbGap{margin-bottom:28px}.container_l .opr-recommends-merge-lastspan{display:block}.container_l .cr-content-narrow .opr-recommends-merge-lastspan{display:none}.opr-recommends-merge-dodge-wrap{margin-bottom:24px;font-size:1.1em}.opr-recommends-merge-user-layer{width:235px;position:absolute;border:1px solid #eee;border-radius:2px;margin-top:10px;margin-left:-60px;*margin-left:-140px;z-index:998;background:#fff;color:#333;font-size:13px;text-align:center;padding:14px 15px}.opr-recommends-merge-user-layer button{margin-top:12px;font-size:12px}.opr-recommends-merge-user-layer img{top:2px;position:relative}.opr-recommends-merge-user-secondBtn{margin-left:8px}.opr-recommends-merge-user-secondBtn i{-ms-transform:rotate(180deg);-moz-transform:rotate(180deg);-webkit-transform:rotate(180deg);-o-transform:rotate(180deg)}.opr-recommends-merge-user-layer-tips{position:absolute;margin-top:5px;margin-left:67px;*margin-left:-22px;border-left:6px solid transparent;border-right:6px solid transparent;border-bottom:6px solid #eee;width:0;height:0;z-index:999}.opr-recommends-merge-content{position:relative}.opr-recommends-merge-user-layer-tips-fff{margin-top:6px;border-bottom:6px solid #fff}.opr-recommends-merge-user-layer-hide{display:none}.opr-recommends-merge-user-layer-icon{position:relative;top:2px;width:14px;height:14px}.opr-recommends-merge-user-layer-con{position:absolute;width:312px;height:140px;top:0;padding-top:20px;z-index:999}
								    			</style></head>

<body link="#0000cc">
	<script>
	if (/Chrome\/37.0.2062.94/i.test(navigator.userAgent) && (/(windows 7)|(windows nt 6.1)/i.test(navigator.userAgent))) {
		var _chrome_37_fix = document.createElement("style"); 
		_chrome_37_fix.type="text/css";
		_chrome_37_fix.setAttribute("data-for","result");
		_chrome_37_fix.innerHTML = ".t,.f16,#kw,.s_ipt,.c-title,.c-title-size,.to_zhidao,.to_tieba,.to_zhidao_bottom{font-size:15px;} .ec-hospital-info-main h2,.ad-widget-gx_sck-ylzx-doctor-info h2,.ec-card-main h2,.ad-widget-h1 h2,.ad-widget-title h2,.ad-widget-small-head h2,.ad-widget-small-head h2 a,.ad-widget-header .ec-figcaption h2{font-size: 15px !important;}";
		document.getElementsByTagName("head")[0].appendChild(_chrome_37_fix); 
	}
	</script>
    <div id="wrapper" style="display: block;" class="wrapper_l">
        

        
        


<script>if(window.bds&&bds.util&&bds.util.setContainerWidth){bds.util.setContainerWidth();}</script><div id="head"><div class="head_wrapper"><div class="s_form"><div class="s_form_wrapper soutu-env-mac soutu-env-index"><div id="lg"><img hidefocus="true" src="//www.baidu.com/img/bd_logo1.png" width="270" height="129"></div><a href="/" id="result_logo" onmousedown="return c({'fm':'tab','tab':'logo'})"><img src="//www.baidu.com/img/baidu_jgylogo3.gif" alt="到百度首页" title="到百度首页"></a><form id="form" name="f" action="/s" class="fm"><div class="bdsug" style="height: auto; display: block;"><ul><li data-key="macaca 自动化测试" class="bdsug-overflow">macaca<b> 自动化测试</b></li><li data-key="macaca环境搭建" class="bdsug-overflow">macaca<b>环境搭建</b></li><li data-key="macaca ios" class="bdsug-overflow">macaca<b> ios</b></li><li data-key="macaca ios10.3" class="bdsug-overflow">macaca<b> ios10.3</b></li></ul></div><input type="hidden" name="ie" value="utf-8"><input type="hidden" name="f" value="8"><input type="hidden" name="rsv_bp" value="0"><input type="hidden" name="rsv_idx" value="1"><input type="hidden" name="ch" value=""><input type="hidden" name="tn" value="baidu"><input type="hidden" name="bar" value=""><span class="bg s_ipt_wr iptfocus quickdelete-wrap"><span class="ipt_rec" style="display: block;"></span><span class="soutu-btn"></span><div id="kw_tip" style="width: initial; margin-left: 67px; max-width: 468px; display: block;" unselectable="on" onselectstart="return false;" class="s_ipt_tip">macaca</div><input id="kw" name="wd" class="s_ipt" value="" maxlength="255" autocomplete="off"><a href="javascript:;" id="quickdelete" title="清空" class="quickdelete" style="top: 0px; right: 0px; display: inline;"></a></span><span class="bg s_btn_wr"><input type="submit" id="su" value="百度一下" class="bg s_btn"></span><span class="tools"><span id="mHolder"><div id="mCon"><span>输入法</span></div><ul id="mMenu"><li><a href="javascript:;" name="ime_hw">手写</a></li><li><a href="javascript:;" name="ime_py">拼音</a></li><li class="ln"></li><li><a href="javascript:;" name="ime_cl">关闭</a></li></ul></span></span><input type="hidden" name="rn" value=""><input type="hidden" name="oq" value=""><input type="hidden" name="rsv_pq" value="c7c0c7f3001b0b95"><input type="hidden" name="rsv_t" value="3022oAtgxIe6a36KikozwWy8tgF1AMLE112d1rlRgedPNLqxaNAbITdpLLo"><input type="hidden" name="rqlang" value="cn"><input type="hidden" name="rsv_enter" value="1"><input type="hidden" name="rsv_sug3" value="8"><input type="hidden" name="rsv_sug1" value="1"><input type="hidden" name="rsv_sug7" value="100"></form><div id="m"></div></div></div><div id="u"><a class="toindex" href="/">百度首页</a><a href="javascript:;" name="tj_settingicon" class="pf">设置<i class="c-icon c-icon-triangle-down"></i></a><a href="https://passport.baidu.com/v2/?login&amp;tpl=mn&amp;u=http%3A%2F%2Fwww.baidu.com%2F" name="tj_login" class="lb" onclick="return false;">登录</a></div><div id="u1"><a href="http://news.baidu.com" name="tj_trnews" class="mnav">新闻</a><a href="http://www.hao123.com" name="tj_trhao123" class="mnav">hao123</a><a href="http://map.baidu.com" name="tj_trmap" class="mnav">地图</a><a href="http://v.baidu.com" name="tj_trvideo" class="mnav">视频</a><a href="http://tieba.baidu.com" name="tj_trtieba" class="mnav">贴吧</a><a href="http://xueshu.baidu.com" name="tj_trxueshu" class="mnav">学术</a><a href="https://passport.baidu.com/v2/?login&amp;tpl=mn&amp;u=http%3A%2F%2Fwww.baidu.com%2F" name="tj_login" class="lb" onclick="return false;">登录</a><a href="http://www.baidu.com/gaoji/preferences.html" name="tj_settingicon" class="pf">设置</a><a href="http://www.baidu.com/more/" name="tj_briicon" class="bri" style="display: block;">更多产品</a></div></div><div class="headBlock" style="display: none;"><div class="hint_toprq_tips f13 se_common_hint" data-id="28300" data-tpl="hint_toprq_tips">
		<span class="hint_toprq_icon"><i class="c-icon c-icon-bear-circle c-gap-right-small res-queryext-pos"></i>为您推荐:</span>
		<span class="hint_toprq_tips_items">
							<div><a target="_blank" href="/s?rsv_idx=1&amp;wd=macaca%E8%87%AA%E5%8A%A8%E5%8C%96%E6%A1%86%E6%9E%B6&amp;usm=1&amp;ie=utf-8&amp;rsv_rq=2&amp;rsv_cq=macaca">macaca自动化框架</a></div>
							<div><a target="_blank" href="/s?rsv_idx=1&amp;wd=macaca+%E8%87%AA%E5%8A%A8%E5%8C%96%E6%B5%8B%E8%AF%95&amp;usm=1&amp;ie=utf-8&amp;rsv_rq=2&amp;rsv_cq=macaca">macaca 自动化测试</a></div>
							<div><a target="_blank" href="/s?rsv_idx=1&amp;wd=macaca+appium&amp;usm=1&amp;ie=utf-8&amp;rsv_rq=2&amp;rsv_cq=macaca">macaca appium</a></div>
							<div><a target="_blank" href="/s?rsv_idx=1&amp;wd=macaca%E5%AE%98%E7%BD%91&amp;usm=1&amp;ie=utf-8&amp;rsv_rq=2&amp;rsv_cq=macaca">macaca官网</a></div>
							<div><a target="_blank" href="/s?rsv_idx=1&amp;wd=macaca%E7%BF%BB%E8%AF%91&amp;usm=1&amp;ie=utf-8&amp;rsv_rq=2&amp;rsv_cq=macaca">macaca翻译</a></div>
							<div><a target="_blank" href="/s?rsv_idx=1&amp;wd=macaca%E5%BA%94%E7%94%A8&amp;usm=1&amp;ie=utf-8&amp;rsv_rq=2&amp;rsv_cq=macaca">macaca应用</a></div>
					</span>
	</div></div></div>



<div class="s_tab" id="s_tab"><b>网页</b><a href="http://news.baidu.com/ns?cl=2&amp;rn=20&amp;tn=news&amp;word=macaca" wdfield="word" onmousedown="return c({'fm':'tab','tab':'news'})">新闻</a><a href="http://tieba.baidu.com/f?kw=macaca&amp;fr=wwwt" wdfield="kw" onmousedown="return c({'fm':'tab','tab':'tieba'})">贴吧</a><a href="http://zhidao.baidu.com/q?ct=17&amp;pn=0&amp;tn=ikaslist&amp;rn=10&amp;word=macaca&amp;fr=wwwt" wdfield="word" onmousedown="return c({'fm':'tab','tab':'zhidao'})">知道</a><a href="http://music.baidu.com/search?fr=ps&amp;ie=utf-8&amp;key=macaca" wdfield="key" onmousedown="return c({'fm':'tab','tab':'music'})">音乐</a><a href="http://image.baidu.com/search/index?tn=baiduimage&amp;ps=1&amp;ct=201326592&amp;lm=-1&amp;cl=2&amp;nc=1&amp;ie=utf-8&amp;word=macaca" wdfield="word" onmousedown="return c({'fm':'tab','tab':'pic'})">图片</a><a href="http://v.baidu.com/v?ct=301989888&amp;rn=20&amp;pn=0&amp;db=0&amp;s=25&amp;ie=utf-8&amp;word=macaca" wdfield="word" onmousedown="return c({'fm':'tab','tab':'video'})">视频</a><a href="http://map.baidu.com/m?word=macaca&amp;fr=ps01000" wdfield="word" onmousedown="return c({'fm':'tab','tab':'map'})">地图</a><a href="http://wenku.baidu.com/search?word=macaca&amp;lm=0&amp;od=0&amp;ie=utf-8" wdfield="word" onmousedown="return c({'fm':'tab','tab':'wenku'})">文库</a><a href="//www.baidu.com/more/" onmousedown="return c({'fm':'tab','tab':'more'})">更多»</a></div>

        

<div class="qrcodeCon">
	<div id="qrcode">
		<div class="qrcode-item qrcode-item-1">
			<div class="qrcode-img"></div>
			<div class="qrcode-text">
					<p><b>手机百度</b></p>
			</div>
		</div>
	</div>
</div>
<div id="ftCon">

<div class="ftCon-Wrapper"><div id="ftConw"><p id="lh"><a id="setf" href="//www.baidu.com/cache/sethelp/help.html" onmousedown="return ns_c({'fm':'behs','tab':'favorites','pos':0})" target="_blank">把百度设为主页</a><a onmousedown="return ns_c({'fm':'behs','tab':'tj_about'})" href="http://home.baidu.com">关于百度</a><a onmousedown="return ns_c({'fm':'behs','tab':'tj_about_en'})" href="http://ir.baidu.com">About&nbsp;&nbsp;Baidu</a><a onmousedown="return ns_c({'fm':'behs','tab':'tj_tuiguang'})" href="http://e.baidu.com/?refer=888">百度推广</a></p><p id="cp">©2017&nbsp;Baidu&nbsp;<a href="http://www.baidu.com/duty/" onmousedown="return ns_c({'fm':'behs','tab':'tj_duty'})">使用百度前必读</a>&nbsp;<a href="http://jianyi.baidu.com/" class="cp-feedback" onmousedown="return ns_c({'fm':'behs','tab':'tj_homefb'})">意见反馈</a>&nbsp;京ICP证030173号&nbsp;<i class="c-icon-icrlogo"></i>&nbsp;<a id="jgwab" target="_blank" href="http://www.beian.gov.cn/portal/registerSystemInfo?recordcode=11000002000001">京公网安备11000002000001号</a>&nbsp;<i class="c-icon-jgwablogo"></i></p></div></div></div>
        <div id="wrapper_wrapper" style="display: block;"><div id="container" class="container_l">
        

	
	
	    <div id="content_right" class="cr-offset">
        <table cellpadding="0" cellspacing="0"><tbody><tr>
            <td align="left">
	        
	
	
  		    
  	        


  		    
            
	

            <div id="con-ar" class="result_hidden" style="position: static;">
                                                                    
	                                

        <div class="result-op xpath-log" tpl="right_recommends_merge" data-click="{&quot;fm&quot;:&quot;alxr&quot;,&quot;p1&quot;:1,&quot;mu&quot;:&quot;http://www.baidu.com/s?wd=macaca&amp;srcid=21102&quot;,&quot;rsv_stl&quot;:0,&quot;rsv_srcid&quot;:21102,&quot;rsv_catid&quot;:101,&quot;rsv_cardid&quot;:20010,&quot;rsv_uri&quot;:&quot;macaca&quot;,&quot;p5&quot;:1}"> 

    












































    
        		    		    		                	        	        	        
        
        
                                                        
	
     
                        
    	    
    

    
    
    

<div class="cr-content ">
    

<style>
    .opr-recommends-merge-p,.opr-recommends-merge-img,.opr-recommends-merge-mask{height:75px;}
    .opr-recommends-merge-item-vertical .opr-recommends-merge-p,.opr-recommends-merge-item-vertical .opr-recommends-merge-img{height:100px;}
        </style>


<div class="opr-recommends-merge-content">
 
	<div class="cr-title c-clearfix">
            <a class="cr-title-sub opr-recommends-merge-more-btn" href="javascript:;" onclick="return false;" data-click="{'fm':'beha'}"><span>展开</span><i class="c-icon c-icon-chevron-bottom c-gap-left-small"></i></a>     
        <span title="相关词汇">相关词汇</span>
            </div>

<div class="opr-recommends-merge-panel opr-recommends-merge-mbGap">
        
<div class="c-row c-gap-top">
    
    <div class="c-span4  opr-recommends-merge-item " data-click="{'rsv_re_ename':'android','rsv_re_uri':'f1f1721f4e5444cd9360c6364079a24a'}">
                                                	<div class="opr-recommends-merge-p">
            <a target="_blank" href="/s?rsv_idx=1&amp;wd=android&amp;usm=1&amp;ie=utf-8&amp;rsv_cq=macaca&amp;rsv_dl=0_right_recommends_merge_21102&amp;cq=macaca&amp;srcid=28310&amp;rt=%E7%9B%B8%E5%85%B3%E8%AF%8D%E6%B1%87&amp;recid=21102&amp;euri=f1f1721f4e5444cd9360c6364079a24a"><img data-b64il-id="808812832_1816796069_58" data-src="https://ss1.baidu.com/6ONXsjip0QIZ8tyhnq/it/u=808812832,1816796069&amp;fm=58" class="c-img c-img4 opr-recommends-merge-img" src="data:image/jpeg;base64,/9j/4AAQSkZJRgABAQEAAQABAAD/2wBDAAUDBAQEAwUEBAQFBQUGBwwIBwcHBw8LCwkMEQ8SEhEPERETFhwXExQaFRERGCEYGh0dHx8fExciJCIeJBweHx7/2wBDAQUFBQcGBw4ICA4eFBEUHh4eHh4eHh4eHh4eHh4eHh4eHh4eHh4eHh4eHh4eHh4eHh4eHh4eHh4eHh4eHh4eHh7/wAARCABLAEsDASIAAhEBAxEB/8QAHAAAAwACAwEAAAAAAAAAAAAAAAYHBAUBAgMI/8QAPRAAAQMDAwMBBAYFDQAAAAAAAQIDBAAFEQYSIQcxQRMiUWFxFBWBlLHSFjJWkbMjJjQ1NjdTYnJzdHXC/8QAGwEBAAIDAQEAAAAAAAAAAAAAAAQGAQIDBQf/xAAsEQABAwEGBAUFAAAAAAAAAAABAAIDEQQFEiExYSJBUdEGEzKR4RQjYqHw/9oADAMBAAIRAxEAPwD7LxRiiiiIxWBd5qre23KWlBiJXiSonltJ4C/kDjPw58Vn1HNSamavWpEonqkfUjLpT6LJwVgZG4+8k/uHavNvO3tscYr6nZDuduq0e7CFRHdZaYadLaruwVA4JSFKH7wMV7x75FuEuOxaH2Je7231pVkNNjjn/MTwB8z4qGSiwZTpihwMbz6QWfaCc8Z+OK2LE6JBgQ5FsXMj3ht1Red3ewU+AB58cfPPiq7H4kmc4h4FB0rXXlX4XETHmr1ijFabRt6+vbCzNUkIeBLbyR2Cx3x8Dwftrc1cIZWzMEjNDmpANRVGKMUUV0WUVwtQQhSz2Aya5rzlf0Zz/QfwrBNAiRNM67k3e+KgPQWW2XUOFkpJKk7UlXte/IHjFJw1MzgfzZsH3Y/mo6d/2ti/7b38JVL4/VHyr5zPeNpkgY97qmruQ/HbdQy8kBMH6Ss/szYPux/NR+krP7M2D7sfzUv0VC+un6/odlrjKotn1Yq36Nk3GPaYDDhmhhDbCChvJQDuUM5PA/CmvQl/c1DaFyX2EMvNOltYQTtPAIIz86l6P7unf+2T/CNO3Rj+oZn/ACv/AAmrPdVunfaY4i7hLdPddo3EuAT1RRRVtUhFdXE721IJxuBFdqKIprpXRV1tF+VOlrY+jx23AhSFZLmUlI48d881OR2Hyr6PWkLQUKGQRg1HtcaPa07Cblszlvodf9NLamwCkYJ7557e6qXfN0eRC0wDhbUnPrTso0kdBklGim3R2j06gtT043BUb03S3sDW7OEg5zke+tHpu2C73yNbS8WQ8pQ3hO7GEk9vsqvmxTARkj16aZ/265YTlumLTNllX3QkyLDUgPN3AOpCzgKw2ARnx3p46d2KXYrK4xNUj13ni4UoOQkYAAz5PFZekNPtadtq4jb631OOFxa1J25OAOB44Fbqr3dt1tgDJZBxgU1yUpjKUJ1RRRRXsroiilXU3ULSOnbkbbdLslExKQpbLTS3VIB7bggHbn41kaf1tpq+2qddLfcgYcA4lOutqaDfs7ud4HiiJipZ6i2SZfLIhiDsL7TwcCFKxuGCCM+/msPT3UzSF9vDdrhXB1Mh/P0YvxltIkY/w1KACq73/qTo+xXd+1XS5OsSo5HqpER1YTkBQ9pKSOxFcbRA20ROifoVgioosrp7Y5dksC4s7YHnXVOKSlWdgIAxnyeKXNH6Ku1s1Y3Ml+iIscrKXEryXMggYHcd/NNc7V2nommEalXcUOWpzbskMIU6FbjgcJBPfjtx5rE0vr/Sepbiq3Wi6h2WEFwMuMraUpI7lIWBux8Khm6oCIhn9vT59lrgGWyaKKSr71R0fZru9bJU59x2MrbKXHjLdbjn3LUkYB/Ct9I1LZWVWgKnIWLw56cBTaStLx27uCOAMDOTXpLdbeikmb1V0NCuD0GXeFsOsOqZdK4jwShSTg5VtxjI79qcoz7MmO3IjuoeZdSFtuIVuSpJ5BBHcURSvTl8haEvt+tupbfPZlXG6uSmLg3DW8iW24RsG9IOCntg9qX9RMvLsfUhr0XSl/UsVKkhB/lEFTIUPiMZzV3ooinvXGKgaUtTkePh2LeYRYLaOWh6oB247DHFbDUfUjS9jukm1T1T1ymMBbbVvdcCsgEAKCcHgjzTlRRFMenVt1VD0ZdpllgQ7VIud2cmwYNySoIjsKI4UlHKSQCQPGRWDFb1VJ6yaeb1oi3t/RYkl63uWtpZadWUhK0rUrkYSc47Gq5RRFE9I6hb6f2e5aS1Bpu6ybkqU+tsx4anm7kHFEpO4ccg4Oew+PFcWqx3Ox2/pbb7kytuS3dn3XGhlQjhaHFBBPjAUB86ttFEU/v3U7STX020uRblcZKCuOqG3bXVesoEpKASnaQTxntXt0r0/e7VoC1QZ0hcJ9Da1Kj/AK3ohS1KSjOfAUB9lPVFEX//2Q=="></a>
            <a class="opr-recommends-merge-mask" target="_blank" href="/s?rsv_idx=1&amp;wd=android&amp;usm=1&amp;ie=utf-8&amp;rsv_cq=macaca&amp;rsv_dl=0_right_recommends_merge_21102&amp;cq=macaca&amp;srcid=28310&amp;rt=%E7%9B%B8%E5%85%B3%E8%AF%8D%E6%B1%87&amp;recid=21102&amp;euri=f1f1721f4e5444cd9360c6364079a24a"></a>                    </div>
        <div class="c-gap-top-small"><a target="_blank" title="android" href="/s?rsv_idx=1&amp;wd=android&amp;usm=1&amp;ie=utf-8&amp;rsv_cq=macaca&amp;rsv_dl=0_right_recommends_merge_21102&amp;cq=macaca&amp;srcid=28310&amp;rt=%E7%9B%B8%E5%85%B3%E8%AF%8D%E6%B1%87&amp;recid=21102&amp;euri=f1f1721f4e5444cd9360c6364079a24a">android</a></div>
                        <div class="opr-recommends-merge-d">
        	            	<p class="opr-recommends-merge-width-text">手机操作系统</p>
                    </div>
                            </div>   

 

        
    
    <div class="c-span4  opr-recommends-merge-item " data-click="{'rsv_re_ename':'drop','rsv_re_uri':'fd60981b0f8b486b9e0d485f04dabccd'}">
                                                	<div class="opr-recommends-merge-p">
            <a target="_blank" href="/s?rsv_idx=1&amp;wd=drop&amp;usm=1&amp;ie=utf-8&amp;rsv_cq=macaca&amp;rsv_dl=0_right_recommends_merge_21102&amp;cq=macaca&amp;srcid=28310&amp;rt=%E7%9B%B8%E5%85%B3%E8%AF%8D%E6%B1%87&amp;recid=21102&amp;euri=fd60981b0f8b486b9e0d485f04dabccd"><img data-b64il-id="1071433895_4137962803_58" data-src="https://ss2.baidu.com/6ONYsjip0QIZ8tyhnq/it/u=1071433895,4137962803&amp;fm=58" class="c-img c-img4 opr-recommends-merge-img" src="data:image/jpeg;base64,/9j/4AAQSkZJRgABAQEAAQABAAD/2wBDAAUDBAQEAwUEBAQFBQUGBwwIBwcHBw8LCwkMEQ8SEhEPERETFhwXExQaFRERGCEYGh0dHx8fExciJCIeJBweHx7/2wBDAQUFBQcGBw4ICA4eFBEUHh4eHh4eHh4eHh4eHh4eHh4eHh4eHh4eHh4eHh4eHh4eHh4eHh4eHh4eHh4eHh4eHh7/wAARCABLAEsDASIAAhEBAxEB/8QAHAAAAgMBAQEBAAAAAAAAAAAABAUCAwYHAQgA/8QANRAAAgEDAgMGBAQGAwAAAAAAAQIDAAQRBSEGEjEHEyJBUWEUMnGhFXKB0TNCQ1KRsWKCkv/EABoBAAIDAQEAAAAAAAAAAAAAAAIDAAEEBQb/xAAlEQACAgIBBQABBQAAAAAAAAABAgADESESBBMxMkEFFFFhcYH/2gAMAwEAAhEDEQA/APOHdGsXgjZ0iYkZOa6/2TaXpMVw8cdjGxIzkJXztp/ED2uNiwHlXUuyTtc0nQrqWPWreaKGQDlljTnxjyI617j8jVa9TcN/xOJ07KGHKb7t0sdPXRUQ6cgkLeFyo/3XzJqcXLIwCgb113tr7YNM4htodP0GKZ4VbneaaPk3xgAA71xO41LvnLNjJq/xitV0/G3Rk6kh7MrBJ1wT4RQE+d8UVc3KnOKDkkz50ywiCoMCmnZTvQ5vGB60RcsPTNCMsZ6isTk50Y4YhMV82OtT/ED6/egGjjxs2KpaLf56HuuJfEGbQKyjeTFTSGa9LWVpLJ38kblO7+fYZ296H/BNSl/rn9KYaZ2Z8Z65BcXPDfw9ze2aFxbyzCN5lOxVMkZPsSAelb7bGrQsV1EIoY4B3K5dHsdKaV5tQY2s9isolFx36pKV5lB3PK2RgjruaUchx82/1p7r3B/HNxLbLr3BEPD9rbQpBMSixieRVxzjxsXJ2yRgbeVL24d1BP58n6UqpjavJF1CYcDhjuLJUc1Q0MvrTVtHvVO5H60RaaHPK4EjYHsaPsOx8SuYH2ZqSGfOwzUGs7srkRGuraJwBHeJ3nxsSkeTNg02m4FSCE4u4GIHrQfp0zhml9w/BOCzRzxt4kYVTlvU10viDQhbMedVYeorNtYQ8x8ApNnRMp0Ya3AzVXnFVnaEpDavMw9OlfuHuKtX1DWobXTOFbnUpnPhgglZHb9R0ow29iHAMKyyEZwBtUdK4nTRNbhkiS4sAjYaW0KiUA7bFtv810blswTyx/kzIVz4nvGOrcVadqoi1Tg+60hmXmWG4meUkevMTvSqPii4yBPprD8ua1XaRxODrkKpc6lqWYFYzahPHI2DvgBBgCl2nTLexGV7NFAGSwoaA5UAtv8AqE5GfEv0XvdbRvgrWaVlGWTly2KrkgjDspDRupwR0INMNL1y70eXv9LnjicDHygg1kuJde1S6103twELyHLlRgN+laGsavbeIsKG8eY5JnT+FPJt6NQV3c3wOPipAfLJqoX2cOppipSVBzIGVhnBpmn8QNjzMpql5qQyJJHYe5zSn4+et7faZG9uWQZGOhrKz2MQlYFcb1gvpcHIM0I6/RGE1xd2VtaztJbTmdObljc88RBI5WyAM7ZwCeoojXtNg16ytb7T7ruJSnLdwzAqYnHTBHzAjcVKPTJYDmMnHmDg5/zR9g1zb8zLaRYOzFFKE/8AlgPtTjU7Di2xA5gbERpwrcRlFi1APIy+HvFYAn0GRTjijUYbSG20nR8tDbxKLu5ZeQSTY8QXO/KOm/vR+oDUo+QK7R95Eso7uYNgMNs4Ox9QdxSVrKRiefG/U4GanYx6ak559oHPz26RlNQikV4w7jlK8jHPh36/X3oQ281yFkEokB8x0p5DpMB37nvD7jIplBpjEDmXA9OlF2CfYyuf7TP2VnLIyxgHlX5ia0NtD8oA2GwoyKzRBjA+gq5YwvlTVAQagEkyLxckPKcdKzd1HH8Q+w6051PUorSMg8rN6GsbdXtxLcPINuY5oHsCjcJVzOhvh+ox/wBaiIwAQCoz18NAw392cZmz9VH7UbFczMpJZSfyD9qMqRBzmS7sb/Ic9fDU0gU7CJT9BQt1eXCIxRwuB5KP2pbJf3j5DXMmPY4/1VhSZMiPjEU3ICfUgVTLcW8Yy8yZ9F3P2rI6pdXCbrK2fU70mmuJ5Bh5pCPzGkvYFOIaqTNvd65aQZy8a+7tj7CkGpcXwqpWJnkP/FeUVl5lXrig5QM1ks6th6jEatQ+xsdejnkLToVH1zVo1TTyM959qRIinqoqfdx/2ikDqLPsYa1n/9k="></a>
            <a class="opr-recommends-merge-mask" target="_blank" href="/s?rsv_idx=1&amp;wd=drop&amp;usm=1&amp;ie=utf-8&amp;rsv_cq=macaca&amp;rsv_dl=0_right_recommends_merge_21102&amp;cq=macaca&amp;srcid=28310&amp;rt=%E7%9B%B8%E5%85%B3%E8%AF%8D%E6%B1%87&amp;recid=21102&amp;euri=fd60981b0f8b486b9e0d485f04dabccd"></a>                    </div>
        <div class="c-gap-top-small"><a target="_blank" title="drop" href="/s?rsv_idx=1&amp;wd=drop&amp;usm=1&amp;ie=utf-8&amp;rsv_cq=macaca&amp;rsv_dl=0_right_recommends_merge_21102&amp;cq=macaca&amp;srcid=28310&amp;rt=%E7%9B%B8%E5%85%B3%E8%AF%8D%E6%B1%87&amp;recid=21102&amp;euri=fd60981b0f8b486b9e0d485f04dabccd">drop</a></div>
                        <div class="opr-recommends-merge-d">
        	            	<p class="opr-recommends-merge-width-text">单词丢弃删除等意思</p>
                    </div>
                            </div>   

 

        
    
    <div class="c-span4  c-span-last-s opr-recommends-merge-item " data-click="{'rsv_re_ename':'sdk','rsv_re_uri':'f22edb98350f4b6b944740d6983e7e4f'}">
                                                	<div class="opr-recommends-merge-p">
            <a target="_blank" href="/s?rsv_idx=1&amp;wd=sdk&amp;usm=1&amp;ie=utf-8&amp;rsv_cq=macaca&amp;rsv_dl=0_right_recommends_merge_21102&amp;cq=macaca&amp;srcid=28310&amp;rt=%E7%9B%B8%E5%85%B3%E8%AF%8D%E6%B1%87&amp;recid=21102&amp;euri=f22edb98350f4b6b944740d6983e7e4f"><img data-b64il-id="3438483572_2917718162_58" data-src="https://ss2.baidu.com/6ONYsjip0QIZ8tyhnq/it/u=3438483572,2917718162&amp;fm=58" class="c-img c-img4 opr-recommends-merge-img" src="data:image/jpeg;base64,/9j/4AAQSkZJRgABAQAAAQABAAD/2wBDAAIBAQEBAQIBAQECAgICAgQDAgICAgUEBAMEBgUGBgYFBgYGBwkIBgcJBwYGCAsICQoKCgoKBggLDAsKDAkKCgr/2wBDAQICAgICAgUDAwUKBwYHCgoKCgoKCgoKCgoKCgoKCgoKCgoKCgoKCgoKCgoKCgoKCgoKCgoKCgoKCgoKCgoKCgr/wAARCABLAEsDASIAAhEBAxEB/8QAHwAAAQUBAQEBAQEAAAAAAAAAAAECAwQFBgcICQoL/8QAtRAAAgEDAwIEAwUFBAQAAAF9AQIDAAQRBRIhMUEGE1FhByJxFDKBkaEII0KxwRVS0fAkM2JyggkKFhcYGRolJicoKSo0NTY3ODk6Q0RFRkdISUpTVFVWV1hZWmNkZWZnaGlqc3R1dnd4eXqDhIWGh4iJipKTlJWWl5iZmqKjpKWmp6ipqrKztLW2t7i5usLDxMXGx8jJytLT1NXW19jZ2uHi4+Tl5ufo6erx8vP09fb3+Pn6/8QAHwEAAwEBAQEBAQEBAQAAAAAAAAECAwQFBgcICQoL/8QAtREAAgECBAQDBAcFBAQAAQJ3AAECAxEEBSExBhJBUQdhcRMiMoEIFEKRobHBCSMzUvAVYnLRChYkNOEl8RcYGRomJygpKjU2Nzg5OkNERUZHSElKU1RVVldYWVpjZGVmZ2hpanN0dXZ3eHl6goOEhYaHiImKkpOUlZaXmJmaoqOkpaanqKmqsrO0tba3uLm6wsPExcbHyMnK0tPU1dbX2Nna4uPk5ebn6Onq8vP09fb3+Pn6/9oADAMBAAIRAxEAPwD9+9i+lcr8YvjV8J/2f/A9z8R/jH450/w/o1pxJe6hNtDMc4RFGWkc4OEUFjjgVH8ePjh8Pv2cvhTq/wAYvifq/wBj0fR4A8zKN0krswSOKNf4pHdlRR3LDoOa/D79qHxp4/8A+Ckn7SC+Lfix8TNQk0OGZYfD3gTT54Y7HTrdllY+azgudph3yyqMsRGh+Vkx1UKFN051675aUFeT7ffZf5HJiq9WlFKjFSm9Em7fkm/klr5H0d+1l/wctaLoXi+L4bfsffClNdvri2W4gv8AV4nuZbmJ1LR+RaQOu4so3gtLwCu9Fydvzrdf8Fqv+Cm3irWr26uvifq3he1iuvLgtE8CaaGHqdklvJLsIIYM2B2+bhjU8a/scfswfB34E6t8VrbxJqesyW2kQaXc6jLeyWl3bxSrFcwpBIgQg7niO3HViCOWU+j/ALB/7Dn7MHxW/Zf8LX97qE2o3EVpv1O+k8favayS3siIZyRb3MKFN4+QAEADruL55stznJZy9sv3sG5RSi07OPK3dvTaS+/Y5Mylj6dRYWknGrZS1X2dVfR9zrv2SP8Ags7+3f4uGp/8J9oWna5Fp2oR28VxqWgCBblHjLJ/x7CMpKxSUAYYcLwM8fcH7Nf/AAVU/Z/+NvjGD4R+Pi3gfxrcReZbaNrE5NtejcRm2uSqLIenykKw3rwdwz+Rn/BQ34R/AL9nX44+EfiJ8K/Hv9ia9eahc6fr1zH4x1KazTTrqOWOSeTzHkaGKGXax8jhM7sblTHhPxS8QaX47tb/AMP+Cv2w9Mu5tI1G2Oia/q097BEdUVJ1a0WS+tw0Y2klmnaONxjDhlIrxKss1rZpUr4JxeHb0hO6lHRXSaTT11Xk7dLnrUMTQnlChKDWJhdN7Rk91fdq8WtVfvZ7H9RK7GGRS7F9K/Nv/gjR/wAFCPEWp+F9C/Z1+PnizUNTW5hitfB/ibVtjSGfyxJ/Z08yMVZgkkKxsScsdm47o1H6Sg5GRXuzo16NlWjytpO17/itzDDV1iKSnaz6rs+wmxfSjYvpS0VBufj/AP8ABwT+1xqviz9ozwt+xJ4M8RXNoNGs7XVby3tCvmahq15IY7S3VXYAlItzBuga4H93jxD9nv8A4JqfEfQviBrHxKn/AGh9LtPGPiSxwLNNMM626KU2p5kj75kBUBm2KWyeh5rhP+Cmv7dsh/4KxPa+OvBGk6vpPhL4gNpb6/Np6SX+mWgvp4IooGVdzBHillbOSQ6quMAHrv2k/wBkD43/ABf+KnhP/goF+w58WodQ8TeGYI59L0YXYks9ShVdrJGyttYOm9WQnDbiMrkkaZlOGPyaWWV6adGa95fza3162v0OPD4RQzB4pzvK65e0flsVdc0/4+/FP9qHw3+wr8SvEt/4a1S58V2cEmvWke3MjDdb3duqFAI03BwdxYsFy3yLX3/8EP8Agjv8WPgN4Ai+H/hX9rawuzFI81uLrwuYmcN/excMTyPvYye+a/J39j741ftL/Fz/AILTfBDxB+1D40a+8SQ+Ljp15o7abFZiwVMMsRjTDEBm3qcsOARkHn27/g5/tvjDa/8ABUb4J+MPg98QLzw/qOi/Da3v4biz1CaBvMg1a5YHMXU8459TXz2U5XkeT5bDD4GiqdOHNtfVya5m+7dkvJJJaI3eDrRzGpi69RzqVOrtaMdLRilZWVr97tu+pyX/AAUr/Z2/a3+A3xevfh38YSun2niHQbzSrPxX4fuWlt9U06+3w3KkPtwQrsHiKqeAckbCPK/+Ckf/AATA+Fv/AAT58G+EPCd94R1j4qat8S9eS31nVNN1GfTJ47i3TatxHGplhEj/AGrkyK4D+Yc4fav6lf8ABeXxl4q8L+CP2bfix4Y+wnW7/wAVaho139vtvMhntNS8P3Szoyd8OkMq/wB2SFGHKirf7cH7Pvhz4sfFnwB8U/E8Mc8XgGPUrqwt5Oc3lwlskUmP9hY5DnsdvBycelgsPHBufLJvmfNr00SsrW00Rjh8J7CpVm5uTnLmd7aaJWVktEkj8q/FvwU1z9jrQ9N1a2+KxsNa1eCdDElvFDJFdiSSaGSOd8iN7dWtoy0So8n2fdld52/0MfsA/tH3H7WH7Ingj44apCsWqaroyJrkKrgLfRZjnKjsjupkT1SRCODX4wah8VE8ca54n+EfxC8AaPqa3viNLu1tL7SI7qWzNvHJbxREsrfeW5diOgZmxw3P6S/8ENvjLq3xD+A3inwDqICW3hDxBHa6LbraeQLewMIjhiVMAqg+zttBHyqQo4UAfa5nDEyyKhKvBXW0r6uLSsmrbK61vc8PLuRZ9XdKq+RrWFtFK71Ur9bS0tbr6/btFFFfKn05/OB/wU2/Ze0Xwl/wWZ1Pwj8Qvihp2h/8J74p/tnTbSCSO5eSOe6uJrMTRh1McjXJkAUnlXjbHYav7M/wT/bQ/Yq/4KC+FPh78BrLX/EHwo8Vagj+KZLxFawRHUm4uCB8ttJHkFWXBcoEbcCM/bP/AAcA/s0ab4d8RaZ+1pB4fubvT9csotB8Ti0lMZguYS72lzuAJDMrSR5xjMUY4JGfhT4V/tjf8FEI31HwV8LfiB4TvodLS3W21zxPogNyyTBhF+88yOOV/lwSVZjuUnJbnysbm2Ew1b2VaTTSTVk22vRLbf7mzuoYCvUo+1pq6enoz2L9qTwJ4atP+DjD9mLxF4B0Mpc3MUFz41u7O2JjSYPLHAZiowrsnljJ5wyk8V6r/wAF0P2HP2vf2qv+Cjfwu1z4A/ArW/EGhwfDiPTNT8QQQhbGwmk1KdiJZWIC7Uw5AyQCDjkZ+O/2dvAf7dfgL44at+1F4os9Z8WePdNjfWri81q2H2dr6EI0EVsAwWdNq7QkeFAwD2r6k8Af8FOP+C5PxR+Ftl8QNK1H4UaXperiRLDVofBk05GHMYZB9qZWO5W4I4KnIxXrYjAyU5UZf3W7NNe9drVXV9HpuupxSqQSi1K+/RrbfRpPTvt2Z7J/wX5n0dLT9mz4K3viFba50zxZc6zqd7HaNMtta2umSWys6DlRLPOkak/7TdEbHnv/AAWc/bD8dfsm+Lvg2dB0mW48PeIvFFzH4we1tTLMLSKBFCADgAmcsSeQY1I6EH5N/aj+CP7adj8WdI+Nf7SnxT1v4j+NvGatJZma3VLWG3tJEZlgtYiFjgjSVZH2KqgSHk5JrM/ax8Y/tQfthafpen/tWfEPw3bf2dJcnw1D4f0w2U8ztEpk2h3cyELGvTGOTwASPVweQZhjYOrRjdaa373SXrocFXMMNRlyzev9f5nV/tcaX8NvCc0/xt1r4saXpNve6jZx2Ntf3SJDdM8M0jTIScMMW9vlRndnPev01/4ILfDfUtA/Zo174r6hf2FzB411i1utHn0+8jmWSwSyhaKRihOCzTSNhjvwQT1r8o9P+C/iD4l/CDw78Ffjl4bvPEd+JoLGx8IvZNHNJd+awtUWQBXQrE8MRQkMJTLGwwhr99v2Mv2edO/ZT/Zb8D/s/wBh5Jbwz4et7S7kt1xG9wFzKUHUJvLBQeihR2oxGeYqtgVlkrNU3e/Xslfbp+Rx4fIsPQzaWZRnK81bl+z3b73/AM2enUUUV5J7Rznxb+FHgT44/DrVfhV8TNAh1PRNZtjBfWc3RhkMrKRyrqwVlYcqygjkCvxc/bs/Z/8AjF+wHrmueCvEXwh0nxF8OfE00DaXr1rK0bSNAJHhb7OIDGLqLewMe/c6FmjV2VRX7jVkeO/AHgn4n+FbzwP8RPCthrWj6hEY73TdTtVmhmX3VgRx1B6ggEciuLE5Xl2OxFOpioN8l7Wk4vVWez106O63NYYnFUINUZWv+n9dD+fzwH+35p2s/DTxNa6p8GfHM1ro/h5Vd5ba3lXWYpykSpaXCzsl1KwmR9ineUV2CkI+2X9jXxh+014B+Evg6Lxt8NfjEPBcCalanwrF8OdQuo4b1LdpDxbxiVEM90kitvUNlxyFkSvtv9r3/g3P/Zk8W3U3iz9nn4lQfD6/kkWX+ztW02O/tndZXlQpISJ0YM74kYzOA2AcKgX5l07/AII+/wDBQP4T+HtY+HHw5+IPw9uNKv2keC+h1W7H2F5V/euI3towd7ZYKNgUscHGMfUZWsDl8JKnVupRd+aF9V8Ntd3rrfR+Wp4mYUa+YODnFxcXpyytdO176arTbqeB/H3xL+034++PfhLw98UtC8ea63gvV7wDUfFGiNYWFoka/vUtZ5ESGR2aGPZhgrtGg3hSWXzvSvEf7W03xPvPHdx4W8LL4rv5IrHwjpcuqpeJpw3BlcrHuTyY3RZJMh2mfyYgm1vl+1v2dv8Agg5+1hqwv7D4y/tmeEdDt9SjiinudIs7q8u0VXL5USCKNXO5lDCQ7EdlTG9y/wCk/wCx5/wSz/ZV/ZJvYfHHhrRZ/E/i1LSOBfF3iSVbi4ijUsVWBQAkKgs3Kguc/M7V11s+xlPDP2VTlk9VGKSina3btro99rbnPhctp0qqg4OUV9qTvJ9f+Btt9x5T/wAEp/2DvjV4Y0TS/wBpX9um8i1f4itbrJpUE0k0klm5WRHvJ2mO57mWNxw4Bjy5wGcqn3bQAAMCivl4wjG9lvqe+22FFFFUIK5rxX4l1PDaf4fRw2MPOEzj6HoPr+QroSSRgmo/sltz/o6c9flo1WwHlj+EtdvxLcX8E8kgAKl5lPmHOSDwSO5zkngD6WdK8Pr9hFuuilnlLmTzLwD5cDH/ACzPv9OK9KFrbAYEC4/3aRLCyjbdHaxgjoQgq41JrdkOK6Hlr+GYIbpoF0YiGXKhhJvOMkgYwMc+/H51b0O/1bw9cGbS5LhIhgTW8sZK4/vYz19cc16MNOsAcizjGOnyCl+wWWS32SPJ6nYOaHJWt0GovdmH4Z1bxDfae+peX9pkMrIls8oUxpuOGJwAcgDHHH4nFvU7jxbfWD21ppJtZHA2zJdIxXnkYPqB19604reCA5hhVOMfKMcVJk+pqCjnLLRfF73HlXerXccbZ+cyIwXg9gc9cd+5+tbNrpd7BAsUusSyMM5cjrz7k1ayfU0ZPqaAP//Z"></a>
            <a class="opr-recommends-merge-mask" target="_blank" href="/s?rsv_idx=1&amp;wd=sdk&amp;usm=1&amp;ie=utf-8&amp;rsv_cq=macaca&amp;rsv_dl=0_right_recommends_merge_21102&amp;cq=macaca&amp;srcid=28310&amp;rt=%E7%9B%B8%E5%85%B3%E8%AF%8D%E6%B1%87&amp;recid=21102&amp;euri=f22edb98350f4b6b944740d6983e7e4f"></a>                    </div>
        <div class="c-gap-top-small"><a target="_blank" title="sdk" href="/s?rsv_idx=1&amp;wd=sdk&amp;usm=1&amp;ie=utf-8&amp;rsv_cq=macaca&amp;rsv_dl=0_right_recommends_merge_21102&amp;cq=macaca&amp;srcid=28310&amp;rt=%E7%9B%B8%E5%85%B3%E8%AF%8D%E6%B1%87&amp;recid=21102&amp;euri=f22edb98350f4b6b944740d6983e7e4f">sdk</a></div>
                        <div class="opr-recommends-merge-d">
        	            	<p class="opr-recommends-merge-width-text">汉译为软件开发工具包</p>
                    </div>
                            </div>   

 

        
    
    <div class="c-span4  c-span-last opr-recommends-merge-lastspan opr-recommends-merge-item " data-click="{'rsv_re_ename':'json','rsv_re_uri':'f77c84e56fd048c09fd76b4b343c84c1'}">
                                                	<div class="opr-recommends-merge-p">
            <a target="_blank" href="/s?rsv_idx=1&amp;wd=json&amp;usm=1&amp;ie=utf-8&amp;rsv_cq=macaca&amp;rsv_dl=0_right_recommends_merge_21102&amp;cq=macaca&amp;srcid=28310&amp;rt=%E7%9B%B8%E5%85%B3%E8%AF%8D%E6%B1%87&amp;recid=21102&amp;euri=f77c84e56fd048c09fd76b4b343c84c1"><img data-b64il-id="1779914080_3228675734_58" data-src="https://ss1.baidu.com/6ONXsjip0QIZ8tyhnq/it/u=1779914080,3228675734&amp;fm=58" class="c-img c-img4 opr-recommends-merge-img" src="data:image/jpeg;base64,/9j/4AAQSkZJRgABAQEAAQABAAD/2wBDAAUDBAQEAwUEBAQFBQUGBwwIBwcHBw8LCwkMEQ8SEhEPERETFhwXExQaFRERGCEYGh0dHx8fExciJCIeJBweHx7/2wBDAQUFBQcGBw4ICA4eFBEUHh4eHh4eHh4eHh4eHh4eHh4eHh4eHh4eHh4eHh4eHh4eHh4eHh4eHh4eHh4eHh4eHh7/wAARCABLAEsDASIAAhEBAxEB/8QAGwAAAgMBAQEAAAAAAAAAAAAAAAQCAwUBBgj/xAAzEAACAQMDAQYGAAUFAAAAAAABAgMABBEFEiExBhMiQVFhFDJxgZGhFTNCUrEWIyTB0f/EABcBAAMBAAAAAAAAAAAAAAAAAAECAwD/xAAlEQACAgEEAQMFAAAAAAAAAAAAAQIREgMTITEiBEFRYXGBkaH/2gAMAwEAAhEDEQA/APp24/1U0lzb23dxgRysszhTuZmfZtyeMAJxjHJzWxeLfd3am3nZdhPfZRSWGw4JHs2CQv2pCS67Tb1VNNtRkkFi2QByMnxA+QOBng+RFOarNewR2SQurTSXKJJtjOGX+o+e0efNHUhxV/oMvUb3GNV9KEopu0soLCC3hyqEq6/LkAkDnkjoc4H3p3uL5mNzdXRRot/dx2uSjqRwWUglmHlisw3va4xx7NJtFfYC+5uM45x4vMjGPIEEk8gOibVW1G2huUW2jkE3MJ3gkBdm4kcHlj7kVGGniny2BILdtdPd7o4FTbGDvbLfL4j+fI+tSibXCoMsduMjkKQSvj8vInb9Bke/HbifWYndYbOOdQ4EbFgMr5lufPrwK5YSa3OxjvreG1UocSRHJznyBJH5qa7q2MdvDq8UHexBZXBlOxVGAMHYOviOcfuuw2uoTswvbyWJQ0bp8Oyr0zlTxnB4z+jTJ+LdJ2yYmR3EQCjDjb4SeT5/Tp0rHCa8tlcYeYyEr3WSSQMHP35x9qMvCV8s3Zs6b8Z8L/zu777e2Nn9mTtz5bsYzjjNM1nRSXNppZu7n4u5kjjYtCqAySHPAA454wOg55q25tLqSZnj1S5gU9I1SMgflSatk6uhRyisB9dvP5qaVdbFEo7sxMGfbs2tnHAO5uD/AGnFMjUdRZ7dv4YEiefu33SEsBsJzgLjlgADnHPlVXBoktaDdI1qK85Hr12ILWT4dLoy2a3DpDnepMiqwxyfCGPHUlT0q22169kvBHLoV3FACd83iO3AJ+XbyeMHHqMZpLKm9RWJd63dQSSBdGu5kDqImRW8YPUkbfD9D+qVPaHUnsriVtGmsnihMgM5yrkEYQcAkt09iRwafCVWS3oZY+/2Z6WioXEiwQyTOG2xqWIAycD/ALpXTp7qaRluI1Tu40D4B/mEbiB7AED6mkKjtFeW07W9Ya4uYry2RTEhwTGwBIPX1xz+qDr+pJhSloDgZ3LIT09hilyQaY0/aZP5iWs7RASgrtIdimzBX2O49RxtPpTK6xO0kBGmzLFLP3TPJIAR4C3AGc8gAeua18n1P5oyfU1Vyj8EVCfvL+HnE18ww21zLZqy3Fmlwxg5IBkVcepC7+eCTzgeVQuO1e1J+60u7BjjdhJIMICqsQGxyPlwR5V6GKCCKQyRQxo5GCyqASM5xn6kn71ORVkjaORQ6MCrKwyCD1BHpU+SondXstpsM0JlVyBmIHw8DcSD79AKQPaOMttGm3jr1DbRtJzjz/Oa20ARQqAKqjAA4AFSyfU0kozb4kFUZt/eXUEtoqi3UXMzxgvnwARM6k8+q8+1dh1F5tJsrtYcTXaxbIyTwWAJ+wGT9BTk0EMxUywxyFc7S6g4yMHGfUcVZgYAwOOlOA8zq3aO+tHgeK1Q20+TG5z0DYBPpkDP3qd92kuILp4kgtyFx81xg9PSvR4HoPxRgegrIxjt2isIpHiuO9ikEjoqFMlyrKuB5ZJYcenPSp2HaHSr6KaSC4bZCNzF0K7hhvlz1+Run9pqj43QYBImyNoSZjNK67wGBTepLZJJ3r6g8D0q4ajo7ywpHGJO8l2K62xKhgjNnOMfLu59z60+Evgnuw6spn7V6LAitJPKCwztERLDxYwR5HNM2evadebFtZXkeQsIlMbL3hUZ4JGMe9LjVNIxBLcWqwi4gWZWkhHKs4VeQPMsD7Z5xV9prejSXa2Vtcx99I2QixsAxxnOcY5wcHzxxms3Brg0FqKXk00NRXbSXMlusDb4mjD5deAwzn7dKutZkuLdJ4wwV843DB646fakZtX0i2nnElxHFLG6pKdhBz0HOOf3ik7PXdAg09l0x0eK3jMhhhQqVQHLHBA9S3qeetKoTSth3YXVqzeooYhQWJAUck+WPWlbK9iu2AjSQZiWU7gOA2doPuQM49Kw41RWHp/aW0vJJY1guEaJSWBAJBBwRj16f4+s17Q2xUH4O+ORnKwkj94oWjFQn7L7fAliYlWQs6xjYoyob8kqOPamre/0S5cRRSQPsnUKShCmVk3LhiMElT6+1c1jSrB7O1gNuBHDLFDGFYrtQyJlRg9PCv4pxNL0+IK0drGu2QSqP6Q4AUMB0BAAFO2ysoaChcU7/BSmj6coVDB3kaw9wscjFkVN27aAfcD8AVYNM00bsWFr4s7v9oc5zn/J/JpuilJCsmm6dJt7ywtn2/LmIHFQfStOaF4hZwxpIu1xGu3cuc4OOoPpTtFG30LjG7ojNGk0TxSqGRwVYHzB6iuRxRxs7IgUyEFiPMgAD9ACp0UBhMaVpwkeRbOINICGIBGc1B9F0t23NZRk+uW/9p+ihSNZ/9k="></a>
            <a class="opr-recommends-merge-mask" target="_blank" href="/s?rsv_idx=1&amp;wd=json&amp;usm=1&amp;ie=utf-8&amp;rsv_cq=macaca&amp;rsv_dl=0_right_recommends_merge_21102&amp;cq=macaca&amp;srcid=28310&amp;rt=%E7%9B%B8%E5%85%B3%E8%AF%8D%E6%B1%87&amp;recid=21102&amp;euri=f77c84e56fd048c09fd76b4b343c84c1"></a>                    </div>
        <div class="c-gap-top-small"><a target="_blank" title="json" href="/s?rsv_idx=1&amp;wd=json&amp;usm=1&amp;ie=utf-8&amp;rsv_cq=macaca&amp;rsv_dl=0_right_recommends_merge_21102&amp;cq=macaca&amp;srcid=28310&amp;rt=%E7%9B%B8%E5%85%B3%E8%AF%8D%E6%B1%87&amp;recid=21102&amp;euri=f77c84e56fd048c09fd76b4b343c84c1">json</a></div>
                        <div class="opr-recommends-merge-d">
        	            	<p class="opr-recommends-merge-width-text">轻量级的数据交换格式</p>
                    </div>
                            </div>   

    </div>
 

<textarea class="opr-recommends-merge-hide opr-recommends-merge-more-textarea">    &lt;div class="opr-recommends-merge-morelists"&gt;
        
&lt;div class="c-row c-gap-top"&gt;
    
    &lt;div class="c-span4  opr-recommends-merge-item " data-click="{'rsv_re_ename':'app','rsv_re_uri':'70853b85f4b94033aae3f597fb2314da'}"&gt;
                                                	&lt;div class="opr-recommends-merge-p"&gt;
            &lt;a target="_blank" href="/s?rsv_idx=1&amp;wd=app&amp;usm=1&amp;ie=utf-8&amp;rsv_cq=macaca&amp;rsv_dl=0_right_recommends_merge_21102&amp;cq=macaca&amp;srcid=28310&amp;rt=%E7%9B%B8%E5%85%B3%E8%AF%8D%E6%B1%87&amp;recid=21102&amp;euri=70853b85f4b94033aae3f597fb2314da"&gt;&lt;img  data-img="https://ss1.baidu.com/6ONXsjip0QIZ8tyhnq/it/u=826271317,575677042&amp;fm=58" class="c-img c-img4 opr-recommends-merge-img"/&gt;&lt;/a&gt;
            &lt;a class="opr-recommends-merge-mask" target="_blank" href="/s?rsv_idx=1&amp;wd=app&amp;usm=1&amp;ie=utf-8&amp;rsv_cq=macaca&amp;rsv_dl=0_right_recommends_merge_21102&amp;cq=macaca&amp;srcid=28310&amp;rt=%E7%9B%B8%E5%85%B3%E8%AF%8D%E6%B1%87&amp;recid=21102&amp;euri=70853b85f4b94033aae3f597fb2314da"&gt;&lt;/a&gt;                    &lt;/div&gt;
        &lt;div class="c-gap-top-small"&gt;&lt;a target="_blank" title="app" href="/s?rsv_idx=1&amp;wd=app&amp;usm=1&amp;ie=utf-8&amp;rsv_cq=macaca&amp;rsv_dl=0_right_recommends_merge_21102&amp;cq=macaca&amp;srcid=28310&amp;rt=%E7%9B%B8%E5%85%B3%E8%AF%8D%E6%B1%87&amp;recid=21102&amp;euri=70853b85f4b94033aae3f597fb2314da"&gt;app&lt;/a&gt;&lt;/div&gt;
                                    &lt;/div&gt;   

 

        
    
    &lt;div class="c-span4  opr-recommends-merge-item " data-click="{'rsv_re_ename':'interface','rsv_re_uri':'7e7c8a81675f46d8b701ed66b36d1434'}"&gt;
                                                	&lt;div class="opr-recommends-merge-p"&gt;
            &lt;a target="_blank" href="/s?rsv_idx=1&amp;wd=interface&amp;usm=1&amp;ie=utf-8&amp;rsv_cq=macaca&amp;rsv_dl=0_right_recommends_merge_21102&amp;cq=macaca&amp;srcid=28310&amp;rt=%E7%9B%B8%E5%85%B3%E8%AF%8D%E6%B1%87&amp;recid=21102&amp;euri=7e7c8a81675f46d8b701ed66b36d1434"&gt;&lt;img  data-img="https://ss2.baidu.com/6ONYsjip0QIZ8tyhnq/it/u=1829634047,578157122&amp;fm=58" class="c-img c-img4 opr-recommends-merge-img"/&gt;&lt;/a&gt;
            &lt;a class="opr-recommends-merge-mask" target="_blank" href="/s?rsv_idx=1&amp;wd=interface&amp;usm=1&amp;ie=utf-8&amp;rsv_cq=macaca&amp;rsv_dl=0_right_recommends_merge_21102&amp;cq=macaca&amp;srcid=28310&amp;rt=%E7%9B%B8%E5%85%B3%E8%AF%8D%E6%B1%87&amp;recid=21102&amp;euri=7e7c8a81675f46d8b701ed66b36d1434"&gt;&lt;/a&gt;                    &lt;/div&gt;
        &lt;div class="c-gap-top-small"&gt;&lt;a target="_blank" title="interface" href="/s?rsv_idx=1&amp;wd=interface&amp;usm=1&amp;ie=utf-8&amp;rsv_cq=macaca&amp;rsv_dl=0_right_recommends_merge_21102&amp;cq=macaca&amp;srcid=28310&amp;rt=%E7%9B%B8%E5%85%B3%E8%AF%8D%E6%B1%87&amp;recid=21102&amp;euri=7e7c8a81675f46d8b701ed66b36d1434"&gt;interface&lt;/a&gt;&lt;/div&gt;
                                    &lt;/div&gt;   

 

        
    
    &lt;div class="c-span4  c-span-last-s opr-recommends-merge-item " data-click="{'rsv_re_ename':'monkey','rsv_re_uri':'9235a5de8f71412596fd29162bbf894e'}"&gt;
                                                	&lt;div class="opr-recommends-merge-p"&gt;
            &lt;a target="_blank" href="/s?rsv_idx=1&amp;wd=monkey&amp;usm=1&amp;ie=utf-8&amp;rsv_cq=macaca&amp;rsv_dl=0_right_recommends_merge_21102&amp;cq=macaca&amp;srcid=28310&amp;rt=%E7%9B%B8%E5%85%B3%E8%AF%8D%E6%B1%87&amp;recid=21102&amp;euri=9235a5de8f71412596fd29162bbf894e"&gt;&lt;img  data-img="https://ss2.baidu.com/6ONYsjip0QIZ8tyhnq/it/u=1311901025,691245948&amp;fm=58" class="c-img c-img4 opr-recommends-merge-img"/&gt;&lt;/a&gt;
            &lt;a class="opr-recommends-merge-mask" target="_blank" href="/s?rsv_idx=1&amp;wd=monkey&amp;usm=1&amp;ie=utf-8&amp;rsv_cq=macaca&amp;rsv_dl=0_right_recommends_merge_21102&amp;cq=macaca&amp;srcid=28310&amp;rt=%E7%9B%B8%E5%85%B3%E8%AF%8D%E6%B1%87&amp;recid=21102&amp;euri=9235a5de8f71412596fd29162bbf894e"&gt;&lt;/a&gt;                    &lt;/div&gt;
        &lt;div class="c-gap-top-small"&gt;&lt;a target="_blank" title="monkey" href="/s?rsv_idx=1&amp;wd=monkey&amp;usm=1&amp;ie=utf-8&amp;rsv_cq=macaca&amp;rsv_dl=0_right_recommends_merge_21102&amp;cq=macaca&amp;srcid=28310&amp;rt=%E7%9B%B8%E5%85%B3%E8%AF%8D%E6%B1%87&amp;recid=21102&amp;euri=9235a5de8f71412596fd29162bbf894e"&gt;monkey&lt;/a&gt;&lt;/div&gt;
                                    &lt;/div&gt;   

 

        
    
    &lt;div class="c-span4  c-span-last opr-recommends-merge-lastspan opr-recommends-merge-item " data-click="{'rsv_re_ename':'bos','rsv_re_uri':'f8c5c5dd402c4053a5514b158a75f50a'}"&gt;
                                                	&lt;div class="opr-recommends-merge-p"&gt;
            &lt;a target="_blank" href="/s?rsv_idx=1&amp;wd=bos&amp;usm=1&amp;ie=utf-8&amp;rsv_cq=macaca&amp;rsv_dl=0_right_recommends_merge_21102&amp;cq=macaca&amp;srcid=28310&amp;rt=%E7%9B%B8%E5%85%B3%E8%AF%8D%E6%B1%87&amp;recid=21102&amp;euri=f8c5c5dd402c4053a5514b158a75f50a"&gt;&lt;img  data-img="https://ss2.baidu.com/6ONYsjip0QIZ8tyhnq/it/u=3186760730,415049517&amp;fm=58" class="c-img c-img4 opr-recommends-merge-img"/&gt;&lt;/a&gt;
            &lt;a class="opr-recommends-merge-mask" target="_blank" href="/s?rsv_idx=1&amp;wd=bos&amp;usm=1&amp;ie=utf-8&amp;rsv_cq=macaca&amp;rsv_dl=0_right_recommends_merge_21102&amp;cq=macaca&amp;srcid=28310&amp;rt=%E7%9B%B8%E5%85%B3%E8%AF%8D%E6%B1%87&amp;recid=21102&amp;euri=f8c5c5dd402c4053a5514b158a75f50a"&gt;&lt;/a&gt;                    &lt;/div&gt;
        &lt;div class="c-gap-top-small"&gt;&lt;a target="_blank" title="bos" href="/s?rsv_idx=1&amp;wd=bos&amp;usm=1&amp;ie=utf-8&amp;rsv_cq=macaca&amp;rsv_dl=0_right_recommends_merge_21102&amp;cq=macaca&amp;srcid=28310&amp;rt=%E7%9B%B8%E5%85%B3%E8%AF%8D%E6%B1%87&amp;recid=21102&amp;euri=f8c5c5dd402c4053a5514b158a75f50a"&gt;bos&lt;/a&gt;&lt;/div&gt;
                                    &lt;/div&gt;   

    &lt;/div&gt;
 

        
&lt;div class="c-row c-gap-top"&gt;
    
    &lt;div class="c-span4  opr-recommends-merge-item " data-click="{'rsv_re_ename':'性能测试','rsv_re_uri':'71f394d12a5d44d9b3d5942465a9617c'}"&gt;
                                                	&lt;div class="opr-recommends-merge-p"&gt;
            &lt;a target="_blank" href="/s?rsv_idx=1&amp;wd=%E6%80%A7%E8%83%BD%E6%B5%8B%E8%AF%95&amp;usm=1&amp;ie=utf-8&amp;rsv_cq=macaca&amp;rsv_dl=0_right_recommends_merge_21102&amp;cq=macaca&amp;srcid=28310&amp;rt=%E7%9B%B8%E5%85%B3%E8%AF%8D%E6%B1%87&amp;recid=21102&amp;euri=71f394d12a5d44d9b3d5942465a9617c"&gt;&lt;img  data-img="https://ss0.baidu.com/6ONWsjip0QIZ8tyhnq/it/u=4160963310,1006577361&amp;fm=58" class="c-img c-img4 opr-recommends-merge-img"/&gt;&lt;/a&gt;
            &lt;a class="opr-recommends-merge-mask" target="_blank" href="/s?rsv_idx=1&amp;wd=%E6%80%A7%E8%83%BD%E6%B5%8B%E8%AF%95&amp;usm=1&amp;ie=utf-8&amp;rsv_cq=macaca&amp;rsv_dl=0_right_recommends_merge_21102&amp;cq=macaca&amp;srcid=28310&amp;rt=%E7%9B%B8%E5%85%B3%E8%AF%8D%E6%B1%87&amp;recid=21102&amp;euri=71f394d12a5d44d9b3d5942465a9617c"&gt;&lt;/a&gt;                    &lt;/div&gt;
        &lt;div class="c-gap-top-small"&gt;&lt;a target="_blank" title="性能测试" href="/s?rsv_idx=1&amp;wd=%E6%80%A7%E8%83%BD%E6%B5%8B%E8%AF%95&amp;usm=1&amp;ie=utf-8&amp;rsv_cq=macaca&amp;rsv_dl=0_right_recommends_merge_21102&amp;cq=macaca&amp;srcid=28310&amp;rt=%E7%9B%B8%E5%85%B3%E8%AF%8D%E6%B1%87&amp;recid=21102&amp;euri=71f394d12a5d44d9b3d5942465a9617c"&gt;性能测试&lt;/a&gt;&lt;/div&gt;
                                    &lt;/div&gt;   

    &lt;/div&gt;
 
&lt;/div&gt;
</textarea>

</div>
 
	<div class="cr-title c-clearfix">
            <span title="相关程序设计语言">相关程序设计语言</span>
            </div>

<div class="opr-recommends-merge-panel opr-recommends-merge-mbGap">
        
<div class="c-row c-gap-top">
    
    <div class="c-span4  opr-recommends-merge-item " data-click="{'rsv_re_ename':'python','rsv_re_uri':'f325de8a216142a9aab5b48aa60c87d2'}">
                                                	<div class="opr-recommends-merge-p">
            <a target="_blank" href="/s?rsv_idx=1&amp;wd=python&amp;usm=1&amp;ie=utf-8&amp;rsv_cq=macaca&amp;rsv_dl=0_right_recommends_merge_21102&amp;euri=f325de8a216142a9aab5b48aa60c87d2"><img data-b64il-id="3396620748_2448931146_58" data-src="https://ss0.baidu.com/6ONWsjip0QIZ8tyhnq/it/u=3396620748,2448931146&amp;fm=58" class="c-img c-img4 opr-recommends-merge-img" src="data:image/jpeg;base64,/9j/4AAQSkZJRgABAQAAAQABAAD/2wBDAAIBAQEBAQIBAQECAgICAgQDAgICAgUEBAMEBgUGBgYFBgYGBwkIBgcJBwYGCAsICQoKCgoKBggLDAsKDAkKCgr/2wBDAQICAgICAgUDAwUKBwYHCgoKCgoKCgoKCgoKCgoKCgoKCgoKCgoKCgoKCgoKCgoKCgoKCgoKCgoKCgoKCgoKCgr/wAARCABLAEsDASIAAhEBAxEB/8QAHwAAAQUBAQEBAQEAAAAAAAAAAAECAwQFBgcICQoL/8QAtRAAAgEDAwIEAwUFBAQAAAF9AQIDAAQRBRIhMUEGE1FhByJxFDKBkaEII0KxwRVS0fAkM2JyggkKFhcYGRolJicoKSo0NTY3ODk6Q0RFRkdISUpTVFVWV1hZWmNkZWZnaGlqc3R1dnd4eXqDhIWGh4iJipKTlJWWl5iZmqKjpKWmp6ipqrKztLW2t7i5usLDxMXGx8jJytLT1NXW19jZ2uHi4+Tl5ufo6erx8vP09fb3+Pn6/8QAHwEAAwEBAQEBAQEBAQAAAAAAAAECAwQFBgcICQoL/8QAtREAAgECBAQDBAcFBAQAAQJ3AAECAxEEBSExBhJBUQdhcRMiMoEIFEKRobHBCSMzUvAVYnLRChYkNOEl8RcYGRomJygpKjU2Nzg5OkNERUZHSElKU1RVVldYWVpjZGVmZ2hpanN0dXZ3eHl6goOEhYaHiImKkpOUlZaXmJmaoqOkpaanqKmqsrO0tba3uLm6wsPExcbHyMnK0tPU1dbX2Nna4uPk5ebn6Onq8vP09fb3+Pn6/9oADAMBAAIRAxEAPwD9/KKKKAPmL/gpp/wUm8Lf8E/Ph/pMOleEJPFnj/xfcPa+DPCcEpXznXAa4mK5YRIWUbV+aRjtBUB5E/OP4wap/wAFef2lPhfcftE/tGfHHxZ4T+HjuS9n8PIfsdhbRFtuJDC6vNCG+XzZPNUHrIcZr0r/AIK/wXetf8Fffh1pUyPNFb/Bqaa1i25CP9pv8uo9cd66dv22fj8v7Gcv7JLfB2yku30V9DXxW2ojZ/ZxUx5Nt5f+v8s7c7tufm/2a+6ynL40sHSrU6cZyk1zOTtaPdX7fP0fT4fNsfKrjKtGpUlCMU+XlV7y7P1+XquvwFcfBD4OzXn9oXvjfxzdX2cnUX1V/Mz69K9A+FHxD/a4+B13Hefsq/t0eLbJ7c7ofDPim8a6sXx/D5Mu+LJ6ZMZ/CtZ/gl4yt4wG0ZUVcDLTDA7da5678Ny20jxuu2SFyMqfusD1B+or62rh8FWhytJr5M+UpYnGUJcybT+aP1E/4JW/8FSdR/bTuNb+BHx58F23hX4s+EbYXGp6fZsfsurWm5V+124YkptLoGTcwxIjqxDMkf2ZX4w/8E7Y5tL/AOCy/gBYWKNefDS/F0R1lUW85Xd68qD+Ffs9X5fneEo4PHctJWTSdu2/+R+m5Li62LwXNV1adr9/6uFFFFeQeseD/wDBSP8AbS0v9gz9k/XvjvJp0d/rAZNO8K6XLnbeanPuESsAQWVQrysoILLEyggkGvyU1v4QfGv4yvF8S/2xP2t/iJeeMdajF5d6Xo2qmG10pZPmW3RFGxNoOCqKiKchV4zX0p/wWO8dRftBf8FDfgr+x+d0mk+EZbnxL4isiw2XLrDHNEWHbaqYGf8Ano3rXzV8dP2mrIeJNQsfh35F/dG5dbjWZk3QRkEgrEv/AC0IOfmPy56Zr9E4XypSw6mo3lLW/ZdPTv5n59xNmrhiHDmtGOlu76/5HOeIf2IvgfqtwviDxJ8cPiE80cXlpqF7qyh0QfwCRlyByeAcc1zV5+y7+yFYuYrn9qTxojA4KjXy3/oKmuV1/Xtc8U3ZvvEusXOoTOcA3MhfnsFXoPoBVqy+G/jXULcXFroDRx9vOcJn8K+y/sunCPvz/I+P/tWrOXuwv952Hw6+HP7JXwf8e6d8RdJ/aJ8X6pc6ZI7RWN9dS3EEu5ChDoEG7hiR7gVX8d/HjRfMux4H0iWd5JJDHe6gmxFBJIIjzkn6kCuYk+FHjsjP9lw9f+fkUxPhV4r8xTq6Wtnag5uLmW6XbGg6n8vWlHC4Wk781/V/5BLFYqqrctvRf5non7N3x58W/A3/AIKMeFPi3pEFrqGo23gS+YrqSu0bloJEOQjKcAMcAEdBX6uWfx4/4KY3VpDqUHwK+HMsM0KzRqurOGdGUMMA3PBII61+P37L3hjUf2jf2uJNZ+H1pLd6dp1hH4b0i4jQlby8uDtOw9wq75D6Iue9fuTrNj9hng0u0uWK2NnDbrIjkbtiBc/pmv4v8auJM0o8cVaWBxdSNOjSoxlGnKKSqSdWbTvGWvs3TduzR/QHAWApLh2E61KLlOc2nJN+6lCK2a05lJeqYz9mL9ryL416/qnwq+I3gm48IePNDUPqPh+7fImj4/ewseo5BxzwylWYZI9pr44/afuG+Gvxc+EX7TdgPJuLTxEug6/Oh2+bZy5wHPfCmYDPTdX2MrK6h0YEEZBB617Hh5xFjs6wVbD46fPVouPvWSc4TipQlJLRS3jKySvG/U6s5wVLDVIVKStGd9OzTs0vLZr1Pxm/4LDeEdc+Hv8AwVj0P4hu9xa23jbwe9jbTq2BMsdqkUkYIPQkAGvkTUYDaXtxauu0xXDqR6YY1+on/BxH8CPFHiL4FeB/2rfA2jPeXvwn8SmfVYoEJcabdeWsr8DkLJFCD2AkZjgA1+b2q+Fz8Qyvjf4bz2+oaZqqCZGjmAaNiPmVh2I6EHkHNf1LwbjKdXLFFvVafdt+B+EcY4OpTzNyS0eq+e/4mDrviZfhN4Y07VdO0D+1/FniO4+z+GdK2bsEkAOVHJ6j6kgZAya9m+BH/BJP9p39prw+3xA8ca34i1eWZiN+n6rFYabbsDhoopJCPOKnKkxrsBGATivM9NsRdftp6HZ30TD+zPAdxNYKRjyJSpG9fQjJwRX72WemeHvh94A0jSYZoNN0fSdHtoIATsRFWJQFAHUn0HJJNfhfi1xpxFT4inlWBxTw1GjShVqTjyc8nUlUjGPNOMowhBUpSlJLmd0rpJ3/AEPgPhvKqmUrG4ikqs5zcIp35VyqLbtFpybckkr2Vtm7W/Jv/hwB8YW/5cdcH/c+29S2X/Bvd8T7+7ittZttQa1aQect94/i8ojP8WxGbH0Ga/SbxB8cUWRrfwtYfKDxd3zHLe4jB4H1P4Vzd38TfGl4T5nimZAf4IGVF/ICv5ezTx0eCqOlTzjG1mtG6c6aj8pOnB/ON12Z+r4fgXC1UpPBUY+sZN/dzNfJ/cZH7Gn7A3ww/Yz0OGXSY7PUPEMVs8FpJYWpSz0tH/1ggVss8j/xzOd7DgBRkH2C+itdPia81S6jgTq0k7bc/n1/CvLX8beJJV2S+J7sg9R9pI/lVKfUWuZPNuLp5nz1kkLH8MmvznG+KOWVKbWHwsm7t3nO7cpO8pzfvSnKT1k3K77o+jpcO4iLXPNW0WitZLZJaJJdElZGP+314g0/W/2Vbv8As8lY7bxVYNBM4w0jh2HyjsME+5r69+Hk9xdfD/Qrm7UrLJo9q0oPZjEpP618Y/HTQ5/iX4/+F37LGnjfNrGtrrXiGNefKtIt33h2+USsM9dgr7jt4IbWBLa3jCRxoFRFHCgDAFfvvgosxxlTGY/E/wAtGnorLmSlNxX+FTiu+urufH8UewpQp0Yd5S+WiT+fK2RavpGleINKutB17TLe9sb23e3vbK7hWSK4idSrxujAh1ZSQVIIIJBr4R+JX/Bul+wX418VXXibwbr/AMQPBMd5MZZdI8L+I41s0Y9di3EMrqM9t5A6AAYFfek80dvC08pwqLkmvE/jZ+0deeFoZYNJPlBQfmX7x/Gv6Ew+LxOFbdGbjfsfEV8LhsUkqsVK3c+H/j1/wRi/Zr/Yd8FP8ffhx8U/H2s6/HKNNgtPEuq2s0DwzKxkyEtkfcqxl1+cD5WGDkY+qPip4p1LxDq9hJfzkQxaXAba1VjshygyQPU9z1/CvmD9pH9pTXPiboz+BLu7lmM2ppNHDnJdxbXUSD6l5kUe7CvoLUr+Hxn4d0Xx/wCFpBfaVfaPAYrm2O4AhQGBA5BByD6EEHFfx19IzH5tXzutT5pSjKjh20uqhOvvbdRcr66Ju72Vv1HgLCYLD4SChFRtKdvVqH4tL8PUm8Qah8W7H4YQXvwU8KaRq+tHVSstvrUgjiFvzvYNkfMDtwM9zXJf8JV/wUA/6Ih4B/8ABkP/AI5WiuovGNiXkiAfwiUrj8M13n7Peh+D/GnjO40zxtfSSxx2e+ztJLt0Sd84bJBGSowdue5POK/GeE83ln2Y4PJcOuWpPlpqUqqhC6W79yTV7aJXbdkrtn12ZYNYKhVxc9Yq7so3e/8AiX9anjHxA+OH7aPwt8NP4v8AG/wa8D2+nx3MVu0kF0ZW8yRtqAKsmeT37V31pof/AAUQ1Gwt9T0f4N/DySK7gSW3uU1HIVWUMrYaQE8HpXP/ALf0/g3wJ8P7nwBpGtiY6h4ht73TbVrgySLbwDzJzkkkxqRtDHqWCgk10HwD/av8RCy07QprxmFlp9raSITld0UKRt7dVNfunh/wJh+JMxx2GzGtUi8PyL93OLXM5VFL3nB8ytCLi0ouzu99Pjc6zeWBoUqlCMXz33TTslG2nNo9Wnvsem/snfsneKvhd4q1f44/HLxVb694916IQyzWif6Pp1uMYhhyB2CjgAADaM5Zm95rE8D+Mrfxhpi3SJskCgsB0PvW3X9MZHkeXcO5dHBYKNoRu9XdtvVyk3q23u/krJJHweLxdfG13Vqu7+5JLZJdEhk8EdzC0EoyrrgivEvjd+zlfeJoJrjSR5ysCdqjn8q9wor1zmPzA+N37F/jCS7kuLaxlV1JIO0j+X8xz6Vyvgm9/ag+B91M3hS8ulWWTfcQZBjuHzy8kMimKR8dXBhY/wARc5Y/rFeaZp2oKUvrCGYHqJIwf51ga18Lfh7eRGS58JWbE9Tsx/KvmuI+Ech4qpRhmFK8oX5ZxbjON97Si07OyuneLsrp2R34HMsZl0m6MrJ7p6p+qf57n57w/thfHeAi31r4HadqMwHzXH9lyLuPriCWVfyP5VW1f9p39qHxTZ/Y/Dfgi10GN22ubbToldR6h5XkdSPUQmvuy5+DnwxMvPg206+jf41paL8IPhpHIpTwdaDn+6f8a+Bp+CPC0a3PLEV5Ls5wV/JuNNS/8mPZlxZmLhZQgvk/ycmvwPza0j4F/Gf4ha22teJ7i7uru5dWnupneR3KnKlpH+Z9pwVACIpAIjDAMPpT4B/sjeJNNWF5bF0VcfMy4A/GvrjT/CHhbSv+QfoFrFjoVhH9a0gAo2qAAOgFfpmSZDlHDmBWEy6iqdO97K7bfeTd3J6JXk27JK+h4GLxmJx1X2leXM/60S2S8kYfgbwZB4P0xbVXDyFcMR0FblFFeucx/9k="></a>
            <a class="opr-recommends-merge-mask" target="_blank" href="/s?rsv_idx=1&amp;wd=python&amp;usm=1&amp;ie=utf-8&amp;rsv_cq=macaca&amp;rsv_dl=0_right_recommends_merge_21102&amp;euri=f325de8a216142a9aab5b48aa60c87d2"></a>                    </div>
        <div class="c-gap-top-small"><a target="_blank" title="python" href="/s?rsv_idx=1&amp;wd=python&amp;usm=1&amp;ie=utf-8&amp;rsv_cq=macaca&amp;rsv_dl=0_right_recommends_merge_21102&amp;euri=f325de8a216142a9aab5b48aa60c87d2">python</a></div>
                        <div class="opr-recommends-merge-d">
        	            	<p class="opr-recommends-merge-width-text">方便快捷的脚本语言</p>
                    </div>
                            </div>   

 

        
    
    <div class="c-span4  opr-recommends-merge-item " data-click="{'rsv_re_ename':'javascript','rsv_re_uri':'10b1512f375d4bc098f07725c90bb9b8'}">
                                                	<div class="opr-recommends-merge-p">
            <a target="_blank" href="/s?rsv_idx=1&amp;wd=javascript&amp;usm=1&amp;ie=utf-8&amp;rsv_cq=macaca&amp;rsv_dl=0_right_recommends_merge_21102&amp;euri=10b1512f375d4bc098f07725c90bb9b8"><img data-b64il-id="2401881700_2342273471_58" data-src="https://ss1.baidu.com/6ONXsjip0QIZ8tyhnq/it/u=2401881700,2342273471&amp;fm=58" class="c-img c-img4 opr-recommends-merge-img" src="data:image/jpeg;base64,/9j/4AAQSkZJRgABAQAAAQABAAD/2wBDAAIBAQEBAQIBAQECAgICAgQDAgICAgUEBAMEBgUGBgYFBgYGBwkIBgcJBwYGCAsICQoKCgoKBggLDAsKDAkKCgr/2wBDAQICAgICAgUDAwUKBwYHCgoKCgoKCgoKCgoKCgoKCgoKCgoKCgoKCgoKCgoKCgoKCgoKCgoKCgoKCgoKCgoKCgr/wAARCABLAEsDASIAAhEBAxEB/8QAHwAAAQUBAQEBAQEAAAAAAAAAAAECAwQFBgcICQoL/8QAtRAAAgEDAwIEAwUFBAQAAAF9AQIDAAQRBRIhMUEGE1FhByJxFDKBkaEII0KxwRVS0fAkM2JyggkKFhcYGRolJicoKSo0NTY3ODk6Q0RFRkdISUpTVFVWV1hZWmNkZWZnaGlqc3R1dnd4eXqDhIWGh4iJipKTlJWWl5iZmqKjpKWmp6ipqrKztLW2t7i5usLDxMXGx8jJytLT1NXW19jZ2uHi4+Tl5ufo6erx8vP09fb3+Pn6/8QAHwEAAwEBAQEBAQEBAQAAAAAAAAECAwQFBgcICQoL/8QAtREAAgECBAQDBAcFBAQAAQJ3AAECAxEEBSExBhJBUQdhcRMiMoEIFEKRobHBCSMzUvAVYnLRChYkNOEl8RcYGRomJygpKjU2Nzg5OkNERUZHSElKU1RVVldYWVpjZGVmZ2hpanN0dXZ3eHl6goOEhYaHiImKkpOUlZaXmJmaoqOkpaanqKmqsrO0tba3uLm6wsPExcbHyMnK0tPU1dbX2Nna4uPk5ebn6Onq8vP09fb3+Pn6/9oADAMBAAIRAxEAPwD4Poor0L4Gfsw/Fr9oK/MfgfRUisYn23OsahIYrWLpkbsEuRkZVAxGRnFf0PnWeZPw5l08wzSvChRh8U5yUYr5vq9klq3olc+UwmDxWPxEaGGg5zeySuzz2ivtzwv/AMEmPCsNkG8bfGS8nuSMsukaekcaeo3SFi31wPpVu5/4JG+CbuOT+x/jJqsTEfujcaXHIF+uGXP4Yr8Iq/Su8D6WIdN5jKy05vYVuV+nuX/D0PtI+GfGUqan9XXpzwv/AOlG7/wTc/bug8RpZ/A74sawI9ZgQRaFqlxJgaggGBC5P/LYDof4x/tfe+2Nd0SLWoDrelqouNuZ4c4Eo9fZvfv0NfmT4t/4JRftDeG5jqPgfxVoWsLCweDZcyWtwSOQQGUop/7aV9N/sg/tMfGnwo9p8FP2t/BOq6RqqFbfSPE91ButNRPRYZJ0zH53QA7sScDhvvfxV448BeHnEmJrcV+HOYUcRCd518LCSVSD3lVpUpcs3DrOCjeD96Pu3UP0/hTN8+wEYYDO6M4SjpCo1eMv7spK6v2d9dt9X7w6QzReRKDgkgZGCh/ofUVlamJIx9nmb5wv7tx/GO2K6vXtKW8U3+nqu/qy9A//ANf3rl9V23MDW0+UYH5GI+ZG+n+c1/JmHjKNRdV+R+s4aopWa+ZZg1lfEPhOQN813px3snd1wQfzGfxFZtr8R9Bt7dIL6djKowxC5yOx/LFczpHi4+G/F4S6kChj5dyueCp6MPboaqa94O8QDWLg6Gtu1o0haEyPggHnH4EkfQV76ynCyqezxL5Ytc0Xey81f8fRnR9XgpNdHqv1PySr9F/2H/hzp2t/Bzw//wAIrqcl3ZGzDt5V40bR3DMzTIcHBxIXGOMfrX50V7P+xz+2D4n/AGW/GIaaGXUPDd9MDqumK3zoeB58OTgSAdQeGAwccMP9efpF+HvEfiHwC8Pkc/8AaKEvaxptpKraLTjfS07N8jbSvdO17r+RuBM9wWQ517XFL3Jrl5v5btO9uq0169VtY/TVfh6+kwCMXl7EwHSSUt/6FnNWNP03U7M/Jd+YB0DqAT+I/wAK0fgR+018IPjx4bXUvAviyx1aLYDc26/LcWxPaWJsOv1IwccZ612moeDNE1GP7TYN5J6hom4/75PSv8es3w2cZbi6mCzClKlWg7ShUi4yi+zTSaP6ewua0KtNTi1KD2lFpp/NHIW0xQYuLdkOOWXkfpUV00LDdGVYfxYrU1Pw7rulAssa3EePvIefyP8AiaxLmazd9k0Zjk7ggqf8/hXz8KU1Uvb7v6uenScKvvRdyP8A4TC78NJmdHuLPuFGXi/D+IfqPematq2g+K9NOp6HqULttxvVsg/7Len8xWD4wkureyklsrgHP8Eoyp/EdPxzXzP8XPi/rnw21Z9Zill06X/n4hbMcvs46N+PNffcP8NVM/sqMuWa27Pya/VfcXWjRw0Pay0Nn9ob4yaV4L1LytSv1tdQteUWZseYmeme4PY//Xqv4a/bt8BXWhWs11qymTysOfOHUcevtXyD+2J+2D4f8aeGUfxboFxMAWR9R09QfsrcBWPO4BuexGQM9RXxXqPj+5kvpZNP8RzPAzkxuIZRkfgOtf1Jw34P4TO8kprHxcJx+a87O97eT/E/O8446llOOcKFqkWu9mv68j6QooqWysrzUryLT9OtJbi4nkEcEEMZZ5HJwFVRySTwAK/0+lKMIuUnZI/lxJt2Ra8M+KfEvgvWofEfhDxBeaXqFs26C9sLlopYz7MpBFfVPwM/4K9fHDwAkWj/ABX0O08W2CgKbpSLW9A92UGN8D1QE92rJ+A//BMH4l+Po4Nd+LOuReGNPcbvsMaia/devKj5Is/7RLDutfTnw8/4JrfspeD2We+8IXuvSrjE2uagzj/viPYh/FTX8aeNfjN9GjGxll+f0FmdWCavQgpSh5RxHNTS135Kj810P1LhbhLj6mlXwkvq8Xr77sn6wtK/zijtfhH/AMFOv2VPijbRwTePB4dvXA3WHiWMW20+0uTEf++8+1elarrfhvxJEt7p17DPDNGHSS3IdHBGQQRwQRzkVzfhP4DfBrwLKt14L+Efh3S5lHy3FnosMcn/AH2F3frW/c30dmSJrmJcdmYD+tf5tcY4/gXGZlzcLYXEUaT1tXqQm15R5KaaS/vSk/M/dsjwma0Kf+3VISn/AHE4/fdu/wAkjjPG+j7rNntNT8o7TtWRDj/61fG/7XeieLbzRbyzie3nR0I3RuMj8O9fcWseIdIngYNOsgxz5Slv5A181/tNeK/CulWMwm0yYvgkZ092z/47X2XhvmGKoZjCPsm3puv+Aj28zpLEYCUaj5Vbc/JPx74Z+JHhW9vr3UYA+nrG/no7goVIPGDzz0wK5HSvCLRadCJfDOn3DMgbzTqO8kHkAlJwMgHBGARjB5Br6O/a++M3/Cx/Aj/DODTbewS21D7akkGleW1yyxugRsYA++SDjr1zXkvwo/as8TfDjwDYeC7PWNfiisfNCR2WpokShpXf5VMDY+96nnP0r+8Mux2c4rKI11h0qjdnHma922kr2/C35H8543C5fQzGVL2rcEtHa+t1dW/U+m/+FDXX/Qyx/wDgKf8A4qvVP2Zx4O+AmrzeJ9X8OPrOrOCkF4JhF9mjPURgq21j0LdccDHOfqP/AIJ5W1vJ+zZ+05czQI7R/C4CNnQHaSZ+R6Vd/Zw/4J+/CX4/fArU/F1rd/E631qz8G3etL4mn8NRW3htLmFc/YFeTMty/BzIjKuAeMjFf1RxZg+G+IMsxWU5xCX1duMJ8k5x5lKKlZuDjJR1s1f3uz2PwjKc34kweIo4rBVI+0acleMHazcdFJNN6XTtp+JzNn+33odjbiGD4WXHyjgf2suPx/dGnf8ADwyQthPAEsK4/wCWF+u782Q/yrT8Af8ABPHQPi1p3wC8SfDnxVqt3pfxPu7u08ZXEgiB0aezYvdLHhcKPJjmZN+7JjBPDAVe/ZT/AGIv2cv2jviHq3hXS9Q+LGsae/i670vSdY8N+Hrf7Dptkh/cXt9dyAofMBB8qNVZQCehXP4hV+jR9HGEZ1Z5ZJ8t+b99iHa0pR1vV01i7X3t6H19PxR8U6kowWKj71rfu6Wt0pae52kvvOdH7fmmzsFufh1qExJ6NrQ5+gEYp0f7fHhSLr8IbhiO51Zc/mIs16l+w1deAfgwvxi/Z18K/G3w14F+MUPiltN8H+PvE+nxfZ57a2nMUkEbyq6wNIUbPUnzUIDlOMLxH+yd+0x+0X+1vrnhz9uvxpFpA8DeBJNd8S+JtL022P2nR4GdlltxAiJM7szgOy7gI2DAlNlYP6NH0f44qrTq5U4Qgr3eJxSlJWTvGKnZq7tpK99GkdH/ABFTxNlh4Sp428pO1lSo8sXdq0pW0el9Va2zOKuf2/fD0ybF+E03Tjdqqn+cVcV8RvjZq3xQ8NXOv2vwqvLfSbeURXOpQIzxQyNjCNJs2qTkcHk5Fei/s/fss/sb/tXfHa/8BfCTx98QtF8OaZ4B1DWtQ1DxZb2JuLe5gljVeLcMrw7H3sMBuwPerfiH4XfDiP8AYi+J/jL9nz42+OLnwRpvjvSLCDRtYSCGDVpXhtjJdTRKm5Ssu7yxuyFVN2TmvSwf0dPAfKsZFYXK5xqXhfmrYnTnlZb1Grvov0MV4q+JtShKUsbFwtLaFF35Vd/Zvbuz4r1r4R/DPxNro1bxFoElzHuy8RlGW9s4wB+FeAfEH/gm9pPiPxtqeveDfHQ0bS7y8eWy0uS3ec2qMc7N+8bgDnBIzj161+y+s/8ABMX9kRv2nNZ/Yu8O/Gfx7/wnp0E6joN5e6faf2ZE4txMIJ2UCSViMvlAihTjLMOcD9nT4ffsXXPwX0N/HejeOJNaWGVNWa30/TXj+0LNIsgRnO4oGBC55wBX3OA4R8Ostpe1wWGqvSOjqVmuWV3GSUpta8rV0r6PoeHiuI+M8XU5MTXpqzlqo01rFpNNxjurp6njnhv9sHwj8Mv2XNc+Afwe+CMej6740sIbPxz4zvddkupL+CNmby4ICipbhgxBwW4Y99pX1Twl/wAFU/BWjTaBq/iD9mGS+1LT/hr/AMIRqk1v41mgt5tO8vaTbW4hKW0jsELN85wuBjrXxrRX6jXyDKsTf2kG3Jtt80rttJPW97WSSWysrJHwdLN8fRtySSskkuWNkk77Wte7bb3d9T6R+Bv/AAUS1v4CfAPx18BfCPw2R7XxJf3l14V1CfWSZfDRurdraTZmImZvJIAbKfNubB3EVpfs/wD/AAUY0D4NfCj4feANf+An9u3/AMNvEtzqug6hF4plsoJvtEpeT7RbpGRNKoZljcthflyrAMr/AC5Qe1OrkOVVlPmp/G+Z6yTb5XG9077NprZ3berCnm2YU+Xln8KstE7K6fVd0vSy6I+g5f2mP2P/ABL8TfGHjv4lfsU3esw+JtdbVLOJPiRdW81g7jdNHvjhAkWSRnc5UFdwUHAFddD/AMFVfFU/7Rt78WtZ+Dml3HhK/wDAf/CFz+A11GRU/sUFmEX2naWMoZn/AHhTkOV2jgj5OrY0DSrC9tvMuoNx3YzuI/ka48xy/J8JQ9piISkrcqXNKVk0tk5WT0Wqs/M1wuYZhUny0pKLvzfDFXfnZa7vR3R7t8Pv22fg/wDBT4n6v4z+B/7LCaDpeqfD3UPDL6bJ4xuLmd5LqRHN5JNLGwYoF2iNUUEdW4rjfA37TL+Hf2UfEH7J6+ChMPEvjCz1htd/tHaYPJEa+V5PlndnZndvGM9DiuOm8NaIqqVsurc/vG/xqneaLpkNqZYrbDAZB3t/jXmwzDIW/wCHNtuLu227wd4ttzbdm/n1OhQzKa0lFK0lZJJWlo9FG2p+g3/BQD9svwL+yr+2r421z4e/AZJ/idJ4atdPtPHV94ikeC0ims4j5iWXl7RKqkKDvwduSOWDfDPg39o7x54I8N2/hjSrexkgtjIUe4iZnYu7OSTu55Y1zOm2sWraox1MvOSmS0krEnHvnNah8MaGCf8AQf8AyK3+NYYGvkeVYWNCcJTkoxTk9b8qsrXm7JXdorRXdjbH1MxxWJlUUlFNtpLpzO72Su9rt6ux/9k="></a>
            <a class="opr-recommends-merge-mask" target="_blank" href="/s?rsv_idx=1&amp;wd=javascript&amp;usm=1&amp;ie=utf-8&amp;rsv_cq=macaca&amp;rsv_dl=0_right_recommends_merge_21102&amp;euri=10b1512f375d4bc098f07725c90bb9b8"></a>                    </div>
        <div class="c-gap-top-small"><a target="_blank" title="javascript" href="/s?rsv_idx=1&amp;wd=javascript&amp;usm=1&amp;ie=utf-8&amp;rsv_cq=macaca&amp;rsv_dl=0_right_recommends_merge_21102&amp;euri=10b1512f375d4bc098f07725c90bb9b8">javascript</a></div>
                        <div class="opr-recommends-merge-d">
        	            	<p class="opr-recommends-merge-width-text">浏览器支持的脚本语言</p>
                    </div>
                            </div>   

 

        
    
    <div class="c-span4  c-span-last-s opr-recommends-merge-item " data-click="{'rsv_re_ename':'swift','rsv_re_uri':'658829ff74de4da58055284485561400'}">
                                                	<div class="opr-recommends-merge-p">
            <a target="_blank" href="/s?rsv_idx=1&amp;wd=swift&amp;usm=1&amp;ie=utf-8&amp;rsv_cq=macaca&amp;rsv_dl=0_right_recommends_merge_21102&amp;euri=658829ff74de4da58055284485561400"><img data-b64il-id="3018121158_192449720_58" data-src="https://ss0.baidu.com/6ONWsjip0QIZ8tyhnq/it/u=3018121158,192449720&amp;fm=58" class="c-img c-img4 opr-recommends-merge-img" src="data:image/jpeg;base64,/9j/4AAQSkZJRgABAQEAAQABAAD/2wBDAAUDBAQEAwUEBAQFBQUGBwwIBwcHBw8LCwkMEQ8SEhEPERETFhwXExQaFRERGCEYGh0dHx8fExciJCIeJBweHx7/2wBDAQUFBQcGBw4ICA4eFBEUHh4eHh4eHh4eHh4eHh4eHh4eHh4eHh4eHh4eHh4eHh4eHh4eHh4eHh4eHh4eHh4eHh7/wAARCABLAEsDASIAAhEBAxEB/8QAGwAAAgMBAQEAAAAAAAAAAAAABQcEBggAAwH/xAA/EAABAgQCBwIKCQQDAAAAAAABAgMABAURBjEHEhMhQVFhFCIVJFNxgZGTssHRIzJCQ1JigqGxCCUzVBdzov/EABsBAAIDAQEBAAAAAAAAAAAAAAUGAwQHAQIA/8QAMhEAAQIEAwUGBQUAAAAAAAAAAQIDAAQFERIhUQYxQWFxExQiobHhFYHB0fAWIzRSYv/aAAwDAQACEQMRAD8A1dizETFDlkjVDs04Po27/wDo9IW1TxJVp5ZU9POhJyQ2rUSPQIi4vqap/EU6+VXSHC22OSU7hARb8ZtV6q/NPqSlRCBkAOPWH+l0dtllKlJuo5wQcn5j/Ye9ofnEZyfmP9l72h+cQHH4juP9YEjHrBgSyNIPSdXeUQ05MOhX2TrnfEztj/l3faGKW6/1iy4RbdrjExLS7mvPy6doGTm83xKT+IcRxBEegw64bIuTEL7LTScagAIn9rf8u77Qx6sVOeYWFszsw2ocQ4YFqWUqKVApUDYgixBj5tRFcLcSciRHO6oUNwhhYWxo4X0SlXUlSFkBMxaxSfzdOsX64jP+0EM7C+KWRQJRE1dbqEailXzsSB+wEOlArK1AszCr23E+kK9apAbs6yN+8QoKg/45Mb/vV+8Y8GHmFPpTMuKbaVuLiRfU/NbiBxHKItRetOzG/wC9X7xiEt7rC0UWWTzh9QzdsDlB6ZbeotRDFTltrLupBOoruvNnJbaufEHnuPGPDEtKfpQYmUOdqp02NeVm0DuuDkfwrHFMFsD1ylT8unCeKAFU91XicwTZUq4eAVwSfVfPcYPtU6ZwS+9RcTMipYPn127Tq7pZZyUofY6nLiDmIMsyCHm8ST4df6nQ8jr7wEfnXJd3CseIcOCxqn/Q0+WeUKp1/rEjDVdcoeIpGqtqPi7wUsA/WQdyh6UkxYNJej+oYa16lIFc/Rld4PJ3qZBy17cPzDdztC4feulQvmIrKl3ZV0BQsRBFt1ieYJQbpOXsY0zpIw23OSSq9TEAvJTrvJQP8qLfWHUD1iFhtesPLAjq5rBFEed3qckGSq/HuCE9j2liiYnmZRsarC7Os9EK4eg3EXtoKekYZpsWxb+usL2zk4VKVJuG5Tu6DhA7a9YMUx4iSQArir+TFb2sGKYu8kjzq/kwBlU+IwwzzX7Y6xUKupTdQmL5F5dj+owOce6wSqZS5OTKFC42y/eMdUcK1VNITWqY0upU1X13GE6y2FDNLiBvSRzFwc4uIaU4pWEXtBQuNsoR2htfdfWAjj27nDh0P6RWJxpGFMTOIWVjZSr71il0ZbJd+PInPLPNGOP3vY3tEV16Lkm+uVXiT8xrFOpU1qfZ7Ne/geIMbWpFJlqXJqkZbX7HvDbCzrJaSc0Jvv1eQOWQ3boVOkzQszUVOVDCS2pKYWbuSbhsyq+ZQfsHpl5oFaGdMCttLYZxS4txSyGpOdsVKJyCHAN56K9fOH2IbkiXn2Rll5iM1d77R5k52PkR+fOItHk0U6lSlPb3olmEMpPRKQPhCz09spQ9SZu3eUHGiegsR8Ya8KL+oV9Yco7OzVswHV69u6T3Ra/O2+Ia0kdxWOnqIm2bxLqjfO/oYWu1g3SnPEW9/FXvGKxtIOUlzxBvzq94wkSyPEY0yoNWbHWK5UHP7hM/9y/eMGMEYuqGFap2qUO1YcsJiXUbJdT8FDgfhATErK5HEVSk3QQtmacSR+owP2nWJ7rZdxJNiDBYSjU3KhDgulQHpGj5GnaOtIkoZ7wVIzD9vpklGzmGz+YpsfTvBiP/AMLaPi5rmlTBH4e2O2/mM/yFRm6fNom5GadlphB7rjSylQ9IhjYe00VyTQlqrScvU0D7wHZOemwKT6hDBL1OWd/kIAOtvwwjT+ytTlrmQdJRpexH0PlDiw1g7DGGzrUSiScm5axcQi7h/Wbq/eDsKqX04YeU3d+lVRtXJIQoevWEQKvpyltmpNJobylnJc06EgehNyfXBUVKTbTkoW5Qs/pqsPueJok6kj1JhyxW9JFEbruEJ6VKQX22y9Lq4pcSLj17x6YzpiPG2I68+pyfqj4bv3WGVFttPmSD+5vE7AuParhyoJ2s1MTdOcul+WcWVbiM03yUP3geutMPEtKScJyv7Qdb2Jn5VImELHaJzsOXC/taK+HbgHnB+juf25vfxV7xiqKdBUTlckwx8GYUqNSw1KTzMupTbuuUm2Y11D4QvybBW4QmHWsuty7CVum1z9DBXT5gebM4vFdJYU82tI7c0hN1IIFg4BxFs+Vr84SodFo20RCu0rYKwsZE1JFGl2ppxR13GSpvW6kJIEMNQpIWoutm2ohQ2Z2w7BtMnMpKgMgRvtob6axnfaiO2oixTFHpyHCEsKAB8qr5x5+CZDyJ9or5wE7mrWNDFVYIvY+X3gDtRHbUQe8EyHkT7RXzjvBMh5E+0V84+7mrWO/FGND5feAO0jtpB4UmQv8A4Ve0V84t+jvCWHqnWGWp6n7ds5pU85Y+pUe25Ba1BIIivNV2Wlmy4pJsOn3ioYIwzVMW1lun09pQbBHaJgjuMp4knnyGZjV9Fp0tSKTK0yTTqS8s0ltA6AZnrxjqRTKdSJRMlTJJiTl0ZNtICR5+p6xMMM8jIJk0nio7zGRbRbROVh0WGFCdw+p5+kf/2Q=="></a>
            <a class="opr-recommends-merge-mask" target="_blank" href="/s?rsv_idx=1&amp;wd=swift&amp;usm=1&amp;ie=utf-8&amp;rsv_cq=macaca&amp;rsv_dl=0_right_recommends_merge_21102&amp;euri=658829ff74de4da58055284485561400"></a>                    </div>
        <div class="c-gap-top-small"><a target="_blank" title="swift" href="/s?rsv_idx=1&amp;wd=swift&amp;usm=1&amp;ie=utf-8&amp;rsv_cq=macaca&amp;rsv_dl=0_right_recommends_merge_21102&amp;euri=658829ff74de4da58055284485561400">swift</a></div>
                        <div class="opr-recommends-merge-d">
        	            	<p class="opr-recommends-merge-width-text">Apple系统编程语言</p>
                    </div>
                            </div>   

    </div>
 

</div>
 
	<div class="cr-title c-clearfix">
            <a class="cr-title-sub opr-recommends-merge-more-btn" href="javascript:;" onclick="return false;" data-click="{'fm':'beha'}"><span>展开</span><i class="c-icon c-icon-chevron-bottom c-gap-left-small"></i></a>     
        <span title="计算机术语">计算机术语</span>
            </div>

<div class="opr-recommends-merge-panel">
        
<div class="c-row c-gap-top">
    
    <div class="c-span4  opr-recommends-merge-item " data-click="{'rsv_re_ename':'scala','rsv_re_uri':'d734461681b2402d9d840e5d5bd380f9'}">
                                                	<div class="opr-recommends-merge-p">
            <a target="_blank" href="/s?rsv_idx=1&amp;wd=scala&amp;usm=1&amp;ie=utf-8&amp;rsv_cq=macaca&amp;rsv_dl=0_right_recommends_merge_21102&amp;cq=macaca&amp;srcid=28310&amp;rt=%E8%AE%A1%E7%AE%97%E6%9C%BA%E6%9C%AF%E8%AF%AD&amp;recid=21102&amp;euri=d734461681b2402d9d840e5d5bd380f9"><img data-b64il-id="1494342098_3408698951_58" data-src="https://ss2.baidu.com/6ONYsjip0QIZ8tyhnq/it/u=1494342098,3408698951&amp;fm=58" class="c-img c-img4 opr-recommends-merge-img" src="data:image/jpeg;base64,/9j/4AAQSkZJRgABAQEAAQABAAD/2wBDAAUDBAQEAwUEBAQFBQUGBwwIBwcHBw8LCwkMEQ8SEhEPERETFhwXExQaFRERGCEYGh0dHx8fExciJCIeJBweHx7/2wBDAQUFBQcGBw4ICA4eFBEUHh4eHh4eHh4eHh4eHh4eHh4eHh4eHh4eHh4eHh4eHh4eHh4eHh4eHh4eHh4eHh4eHh7/wAARCABLAEsDASIAAhEBAxEB/8QAGwABAAIDAQEAAAAAAAAAAAAAAAUGAQcIAgP/xAAuEAABAwQCAgEDAwMFAAAAAAABAgMFAAQGEQcSEyEIFDFBFiJRCReBIzJCUvD/xAAUAQEAAAAAAAAAAAAAAAAAAAAA/8QAFBEBAAAAAAAAAAAAAAAAAAAAAP/aAAwDAQACEQMRAD8A7KpSlApSlApSlApSlApSlBis1rLCL+/5Enchk7++ubSCiJe4iLKMtnS0XlsEJcfuFp0tXZRPVsEJCQCQon1IY9lDj+LSOV+FNnB2b1y1b2bDfZ9xLDqmlKcUr0kqUhR66/aNFSvvoL7SqHyfyhE8cR0RdZHGS1yqUufp20RdsbkIVoH9x/b/AD6A9n3oHRq+JUFJChvRG/YIoFKKUEpKvfobrWfCPNWL8t3EwzjtjLWqonxef61pCAryFYHXqtW/9h3vX4oNmUrO/wD2qboMUrO6UFR/Ry4zJ77IcXkBGuyaw7JWTjXltLt0JCQ91BCm3eoAKknSgB2SogGpWMgba1uri9baFo/drLl21bOHwvLIAK1II12IHtQAJ/JNTNKDkT+ohJSWPx2DtQUheRTa3L3smzfUyDoM62EkfbZ1/G6gfktJT7vycwGAj8lmIm3ko+NYcXZ3SkFPlfcQpYG9d9H7kH8V0ZztwvjnMDUQ3kEjK2Qiy8WfoVtp7eQI327oV/0Gta/NaU+SHEGWZj8jMQvo+BkLrGmbWwtL6/YeS2WUJfX5CFbCgpKVBWwKCI+MsrO4l8oss40RPSUtBI+sbSm8fLpSpkgoc9+gvW0qI1vf29DUJ8G5RiFxvluVuJgQzdtY27hvyz5fptfUacCP+ZB0Qn8nQq0cOLwjirOc0ftoSbkZttTlmy5KSbJkblarptlKEsFCOqXnFoV5uyx1AKinejL41g+C8QYRIx2ZRU3ajObtEVfWNxJM3YYYT23dJcZbR1bR5NqJG0nr/kOdcnkZRWIXGcwMzyReutzIt/1Hf36bZlRKSoNpaStS/J63sLIA9ED1W2PkXe5n/aTizmGwnJFu9XYWrMoWX1oQ471DrTikJIT7UHAfXvYFT2NfH3jG7gs6jZXIcutonGJZba3X5BstM+Nht5b6UBsJBKF9SSCdJ9a3XrOpWdyP49QXH3HnHMvkkLexYs3Lm7UBcxlww8EhDyUpCQ4nqD76jRB+xoLD8e5K65i5czrkO4upFGNJt2oqNtC+tCEqUhJcUEg6CgE739/9WugorGrCOsW7Nl+/cbQVEKeu1uL9qKvalHZ+/r+BoVU/jfgDnG3EcRjd2lsSWlXMgW1bBfcO1DY+/UdUb/PWtjUGN03SlA3T/FKUFBe4gwG5kJK9vYh++XItPNOou5C4ebaS6sOOeJKlkMlS0pVtHUgga1Xxf4X47vGUNS0K9Mhtl1lBlb9+8UgOK2tSS6tRCzofuHvSR/FbEpQa5VwrgK37912ylHRIpQm+aXL3KmrkJDYHkb79VEhpAJI2QNHezVlw3DMaw4X6Mai2oxi+eS+9bsKIZ8gSE9ko31SSAN6A3rZ91YaUDdN0pQKUpQKUpQKUpQKUpQKUpQf/2Q=="></a>
            <a class="opr-recommends-merge-mask" target="_blank" href="/s?rsv_idx=1&amp;wd=scala&amp;usm=1&amp;ie=utf-8&amp;rsv_cq=macaca&amp;rsv_dl=0_right_recommends_merge_21102&amp;cq=macaca&amp;srcid=28310&amp;rt=%E8%AE%A1%E7%AE%97%E6%9C%BA%E6%9C%AF%E8%AF%AD&amp;recid=21102&amp;euri=d734461681b2402d9d840e5d5bd380f9"></a>                    </div>
        <div class="c-gap-top-small"><a target="_blank" title="scala" href="/s?rsv_idx=1&amp;wd=scala&amp;usm=1&amp;ie=utf-8&amp;rsv_cq=macaca&amp;rsv_dl=0_right_recommends_merge_21102&amp;cq=macaca&amp;srcid=28310&amp;rt=%E8%AE%A1%E7%AE%97%E6%9C%BA%E6%9C%AF%E8%AF%AD&amp;recid=21102&amp;euri=d734461681b2402d9d840e5d5bd380f9">scala</a></div>
                        <div class="opr-recommends-merge-d">
        	            	<p class="opr-recommends-merge-width-text">多范式的编程语言</p>
                    </div>
                            </div>   

 

        
    
    <div class="c-span4  opr-recommends-merge-item " data-click="{'rsv_re_ename':'opencv','rsv_re_uri':'1b1cab2889d442cbbe674d0ac8297117'}">
                                                	<div class="opr-recommends-merge-p">
            <a target="_blank" href="/s?rsv_idx=1&amp;wd=opencv&amp;usm=1&amp;ie=utf-8&amp;rsv_cq=macaca&amp;rsv_dl=0_right_recommends_merge_21102&amp;cq=macaca&amp;srcid=28310&amp;rt=%E8%AE%A1%E7%AE%97%E6%9C%BA%E6%9C%AF%E8%AF%AD&amp;recid=21102&amp;euri=1b1cab2889d442cbbe674d0ac8297117"><img data-b64il-id="3726601697_3879667342_58" data-src="https://ss2.baidu.com/6ONYsjip0QIZ8tyhnq/it/u=3726601697,3879667342&amp;fm=58" class="c-img c-img4 opr-recommends-merge-img" src="data:image/jpeg;base64,/9j/4AAQSkZJRgABAQAAAQABAAD/2wBDAAIBAQEBAQIBAQECAgICAgQDAgICAgUEBAMEBgUGBgYFBgYGBwkIBgcJBwYGCAsICQoKCgoKBggLDAsKDAkKCgr/2wBDAQICAgICAgUDAwUKBwYHCgoKCgoKCgoKCgoKCgoKCgoKCgoKCgoKCgoKCgoKCgoKCgoKCgoKCgoKCgoKCgoKCgr/wAARCABLAEsDASIAAhEBAxEB/8QAHwAAAQUBAQEBAQEAAAAAAAAAAAECAwQFBgcICQoL/8QAtRAAAgEDAwIEAwUFBAQAAAF9AQIDAAQRBRIhMUEGE1FhByJxFDKBkaEII0KxwRVS0fAkM2JyggkKFhcYGRolJicoKSo0NTY3ODk6Q0RFRkdISUpTVFVWV1hZWmNkZWZnaGlqc3R1dnd4eXqDhIWGh4iJipKTlJWWl5iZmqKjpKWmp6ipqrKztLW2t7i5usLDxMXGx8jJytLT1NXW19jZ2uHi4+Tl5ufo6erx8vP09fb3+Pn6/8QAHwEAAwEBAQEBAQEBAQAAAAAAAAECAwQFBgcICQoL/8QAtREAAgECBAQDBAcFBAQAAQJ3AAECAxEEBSExBhJBUQdhcRMiMoEIFEKRobHBCSMzUvAVYnLRChYkNOEl8RcYGRomJygpKjU2Nzg5OkNERUZHSElKU1RVVldYWVpjZGVmZ2hpanN0dXZ3eHl6goOEhYaHiImKkpOUlZaXmJmaoqOkpaanqKmqsrO0tba3uLm6wsPExcbHyMnK0tPU1dbX2Nna4uPk5ebn6Onq8vP09fb3+Pn6/9oADAMBAAIRAxEAPwD9/KKKKAPzY/4OUfjrrXgv9nfwZ8CdEvXgj8a67Nd6t5bEeba2KxsIm/2TNPE/1hFfkJ8D/hF4q+Pvxg8N/BbwQkZ1XxPrEGn2TSk7I2kcKZGx0VRlj7Ka/Vn/AIOb/hjrGp/Dj4XfGCzt3ey0fWNQ0q/dVyI2uo4pYifQH7LKM+pA71+YH7JXx1k/Zl/aV8FfHpdMN7H4Y1+C8urNCA08AO2ZFJ4DGNnAJ6EivwzjJqfFvLiW1T9xekbK9vvfzP8AVP6NkJYT6PSrZJFSxb+sytprXUpqmpesVTWv2bH7Y/Cf/ggb/wAE+PA/w7h8LePPh9f+L9Ya3C3/AIi1HXLu3lklx8zRx28qJEuc7RhiBjLMea/L7/grh/wTjs/+Cffxl0u28C61d6h4L8W201x4fl1Bla4tZImUTW0jKAH2+ZGyvgZVwDypJ/fL4OfF3wJ8efhfovxg+GOrNfaF4gsVu9NuXt3iZ4ySOUcBlIIIII6ivxi/4OD/ANsfwd8fvj9ovwF8BCWa2+GTXtvrN7NA0fmalM0ayxIGAJWIQqu7GCzNjIAJ+r4xyvIMLw/7SlTjGXu8jja7u11W65bu7v3PwH6N3HXi5nni+8FmGLr16LVV4mFWUpRp8qaTUZaU5KryxSio7uNrbeZf8EPPjprfwZ/4KF+EdGtbx10zxqJtA1i3BOJRLGXgOOmVuEiOfQsO9f0IDpX86H/BHD4Za18T/wDgo38NbTSbd2i0XVZNZ1CZVyIYLWJ5dzegZxHH9ZBX9F46Cujw5lWlks1L4VN2+5X/ABPH+mfQy2l4m4WdC3tZYaDqW7qpUUW/PlVvRLyCgUUV+gH8hBRXKfGL4zeAvgb4Kn8c/EDVfs1rGdkMSDdLcykcRxr/ABMfyABJIAJr4f8Air/wVD+Nvii/lg+GVjY+GtPDEQM0C3N0w9WaQFB9AvGep618Hxh4kcLcEtU8wqt1ZK6pwXNO3dq6SXZyav0ufmfHvi3wV4dONPNazdaSuqVNc07d2rpRXZyavra9mfZX7Un7OXgH9rH4FeIfgL8SLYtpuvWflrcxqDLZzqQ0NxHn+ONwrDscYPBIr8PvAv8AwRk/aXj/AG7tH/ZQ+J3hi7g0Ka6e9vPGVjCxsbnR4WBlnikxgSMCkYjPzJJKgYY5P2VoH/BQ39rDQ74Xc/xFj1FA2WttQ0u3ZG9jsRWA+hFfoT8CPF/jfx/8KNE8afETw1b6TqupWYnmsbZmKorHKHDcqWXDbSTtzjPFfKZFxTwf4r462Gp1YVKKUpc0Uk4X+FuMpLV7ap72vqfq/wBG76aOIpYbM8n4YhUUalNyca0LKlNrkjVhKEpxU1p7svjUVp7t1u+EPCXh3wJ4U03wT4R0mGw0rSLCGz02xt12pbwRIEjjUdgFUAfSvys/4L9f8E5PFXijx7on7WXwC8CXurX/AIhuoNG8W6To9k000t2RstboIgJO9QIWPqsXdia/WWvAf+Ch3/BSH9m//gmr8GD8Wvj5rkr3N67weGvDGm7Xv9auVXJjhQkBUUEF5WIRARklmVW/YpcJYnjaVPJcHRlUq1WlTjBXlzdLL0vfole9kfZeHniTnPhjxZDiLBtSlFSU4yb5akZfFGT31dpJ78yTPIv+CNP/AATIvP2Hfhve/Ej4uWsDfEbxbbIl/DE4kXR7IEMtmrjhnLYaRlO0sqqMhNzfbdeWfsWftZ/DX9uL9mbwp+058KpiNM8TacJZbGSUPLp90pKT2khGPnilV0JwA2Aw4YV6bqGoWOlWE+qaneR29tbRNLcXEzhUiRRlmZjwAACST0Aq4ZDPhqcsplSdOdGThKL+JTi7ST8+a9/M8Xi3i/OOO+IK+e5pU561Z3bWkUrWjGK6RjGyS7LVt3ZNRXxT+wH/AMF2f2Mv2/fjt4m/Z08D6hdaF4k0vVbuPwtHrEiiLxTYwuQLq0fj5yi+YbdgHCHcNwV9v2tXvcQcNZ/wpmH1HOMNOhWspcs1Z8sldNdGn3XVNPVNHy9KtSrw5qbuj8yP29vjfqXxe+Pep6VFesdH8NTvp2mwK3yb0bE0uPVnBGf7qqO1cf8AAD9nD4kftHeJpfD/AICsoVitFV9R1K8crBaqxIXcQCSxwcKAScHsCRzfxHtL6x+IWvWOqZN1DrN0lxkclxKwb9c19s/8Em9e8My/CvxF4Zt3iXV4ddFxdx5G9oHiRY29SAySD2P1r/O/hnLKXiP4oVKWcVGlUlUlJXs3y3tBPpZK3lFOx/mdwfk1Dxb8ZqtHP6skqs6s5K9pPkvy04vokklpqoxaVnque+G3/BK7XvDXxL0XW/HHjbStX0G0uPP1GzhgkSSYrykeGyGQtgNyOMjHNfaSqEAVFAAHAFQapqWn6Lp8+rapdR29tbQtLcTysFWNFGSxJ6AAE18Hax/wVc+MMesXceh+CPDL2S3Mgs3ntrje0W47C2Jhztxn3r+mauK8O/BfDKkk6SxEm7LmqSfKktW22oq+nS7dj+w62M8Kfo94RUFGVFYuTlZc1ST5FFattyUVfS7teTtuz74dlRCzNgAZJJ6V/I1/wWF/bq8U/t+ft2eMviteazNN4a0nUpdG8DWJkJitdLt5GSN1Xs0xDTueu6UjOFUD+m/9mX44/Ez9qD9nzxP4p17R9P07UGku9P0k6akioT9mUq53sxyHfHHpX8ed9Z3enXs2n38DRTwStHNE4wyOpIIPuCDX+l30C6GQ8T4jMeJaS5pRp0o0nJWajVdRylZ7N+zSvva62Z9tV4hwfEeQ4XMMC26Fdc8W04trpdPVdz9t/wDg0F8bftSC9+JXgOHwncXnwcJjupdauLgJFp3iDEY8mBT/AKxpbfaZQv3PKgJxvG77o/4OHfEX7Vuhf8ExvG1t+y54VmvhfxeR491Cyudtzpvh7axvJYo+sgZQscmOVheVsYBI83/4NVviR8LvFH/BMK38AeDrm1TxD4Y8Y6mni+0RgJjNcS+dbzuvXa1uY41boTbsAfkIH3t+0n8Rfhp8JP2f/GnxK+Ml9a2/hbRvDN7c6695go9ssLb48H7xcfIE6sWCjJIFfm3ilxNUofSNxGZLLouVDFQSotP986bjGMpK+sqtlJWVneN1LXm+mwVG+UKHPvHftf8AyP4w/Avjrxh8MfGuk/EXwB4iutJ1zQtQhvtI1OylKTWtxE4eORGHQqwBr+vX/gnp+2v4c/bM/Yr+HX7S2pahZWWoeJ/D6vrFosgVYr+GR7a7VQTkILiGXbn+HFfx7SlGkYxptXcdq5zgelft7/wSH/Zz/aW8af8ABO/4eeJ/Aou10q7Gqm0CHAwNWvFYjJ7sGNf1x9LbhDJM+4Vy/MMVUjQrU63IpvrCcJylDz1hFrtrbdng5DiKtKvOEVdNX+5r/M+vP+CkP7OOrfD/AOJs/wAY9B0930HxHKJLuWNcraXpHzq3oHxvB7ksOwz8/wDgX4g+Nvhl4ji8WeAfEl1peoQghLm1kwSp6qw6MpwMqQQfSv1/8SeG9A8XaHc+G/E2j29/YXkZjurS6iDxyKexBr5R+K3/AASi8Ja1qEmq/CTx7Lo6SMWGl6nbm4iTPZJAwdR/vBz71/gp4i+DGff27POuGXdzlzuCkoThNu7lBtpWb1tdNPa62/l7xX+j7xM+JqnEPCDu6kvaOmpKnUhUbu5U5NxTTfvW5lKLdldbfLvxM/a3/aG+Lmgnwv46+I91c6c+POs7eCK3SbH98RKu8exyPauL8HeDvEnxA8UWXgzwhpUt7qOoTiG1tohyzHuT2AGSSeAASelfVOhf8EkPG8t8o8T/ABc0q3tgfnawsJJpCPQBygH519N/s+fsmfCP9nKzZ/B2lPc6nPHsuta1Ah7mQf3QQAI1/wBlQM4Gc4zXzGUeD3iHxZm8K/EU5Qpq3NOpNTqOK+zFc0rfOyW+uz+NyHwD8VOOc8hieLKk6dJWUp1aiqVXFfZguabXk5Wir312ex+z18ILH4GfCDRvhtZyrLJZW26+nUYE1w5LSP8ATcTjPYAdq/m3/wCDh3/gmN4w/Ym/bA1n43+EPDczfDD4m6vNqeiajBETDp2ozFpbnT5COEIkMkkQOA0TADJjfH9P1cv8Zvgr8KP2hvhvqnwh+NvgHTPE3hrWYPK1LR9WthLFKucg4PKspwyupDKwDKQQDX+kXgX4l1/BLiGliMHS58JyKlUpJ2vTVuVxb054WvFvfWLtzNr+7P7BwNHKKWX4WPJClGMYLsoqyXpZH8cf7NP7Wf7R/wCx34/HxP8A2Zvi/rHg/WjD5M9zpc42XMWc+XNE4aOdM87ZFYAgHGRXf/tbf8FUf2/P25fDtv4N/ab/AGkNX8QaJbyrKmhwWttYWTyL92SSC0jiSVh1DOGK9sZr9bf2ov8Ag0D+EXizxDc+I/2SP2nNR8I2s0hdPDXizSP7TghJOdsd1HJHKqDoA6St6sa4H4T/APBnP4wk1+Gf45/tq6bDpaSAz2vhPwrJJcTpnlVluJVWI4/iMcmP7pr/AEEj4+fRtzOtT4gxM6axcErSnhZPERtslJU5aro4zaXc8L+y84gnSinyvtLT8z8nP2PP2R/jL+3B+0FoH7OfwN8OyX2s63dATXBQ+Rp1qCPNvJ2H3IY1O5j1PCrlmUH+vz9mP9nrwT+yr+z54O/Zz+HUZ/sbwboFvplnLIoDz+WgDzPjjfI+6RsfxOa4T9hD/gm1+yX/AME5vAEvgf8AZq+Ha2dxfKn9t+JdSkFxqmqsv3TPOQPlBJIjQLGpJKqCST7xX8ZfSB8cp+Lua0cPgKcqWAw7bgpW5pzejqTSbS00jG7sm23eVl9FlWWfUKbcneT38vI/Ff8AZK+BXx+/4LmftYftNfFP41/8FE/jr4C8EfDP4x3vg/wF4N+E/jM6Pax2ls8iiSQBGVnMawktt3MzOSx4A6f9kD4k/HD/AIJU/wDBY/x3/wAE+/ij+2B8TPi58I5v2f7j4gaMfiLq/wDamqaZNaszyLFK+3rHBdjYuxG3R5G5d1db/wAGxAEOtftm2MQxFF+1Vrnlp/d+Zh/ID8q84/bkiju/+DjXx+9yu82v7Bevtbk/wExXoP6O351/Ox659GTf8HLn7C4+D2lftGWHwP8Aj5e/De+KJqnxEsvhRNJomhytMYfKu7sS+XvDbciEy4Lqh/eZQeu/tNf8Fkv2Wf2dPiT4U+C/hvwT8Sfi14y8ZeDovFejeFfg34Lk1y8/sSVisWoSAPGiQuQcEtnoSAGXPwN8HrK0t/8AgysvIIbZFQ/CzXJCoXjefEV05b67iT9a+FPj18V/ix8K/wBsf4PeIvhV8VvFHhTUZf2HPh5bS6j4X8R3Wm3EkJ0+1cxNLbSI7IWVWKk4JUHGQKAP3Kt/+C6n7Esv7Fnj/wDbgvdO8eafofwt8Sw+H/iD4Q1bwqbTxFoepS3ENutvPZzSKFbdOhJEhAAcZ3IyiDwD/wAF2/2P/G/7QHgr4Dar8NPi94Vh+Jmo/YPht498ZfDi403w94puGA8tLK6kbfKJNybGMaq29DnDKT+O3iSya6/4IZftuePtV1XU9S1zxN4w8D32v6xrGrXF7c39ydXjBlkknd2ZiOpzz3r9H/8AgtZBDB4i/wCCekcMKosf7UvhJUVVACr5I4HoOB+VAHjP7Onwj/aJ/wCC4P7ev7Vd38Zv+ChHxu+HPgP4L/FSXwf4K8F/CXxd/Y0HlwTXcDSzYRldiLZGLFSzNK3zBQq1peNf+CX/APwVp/Z6+Hn7VfwK8IftofFTxd8JLj4VLrvwV8X6/wDEiWbxNbeJbBra8+xxvE6zQpOFvLdtuyOQGMlc816J/wAG88EVn+2r/wAFCbG2XZEn7TF2yoDwC11qRJ/E19IeEP2nPjhrP/BZvxh+yZqfjYS/D7TPhJDrNl4fOmWoEd60torS+eIvObIlkG0uV+bpwMAHjf7Lf/BXOO5/4NzY/wDgox4o8Ri88V+DPhlc6Zqs15LvkuPEtmTp8BmLE5a4ufs0pzklbkHvXn3/AASm/wCCWvxe+P8A/wAE8fhX8df2mf22fjkvjLxl4dOt6gI/ilq6j7PdXEs9nx9p4P2R7fPvmvyY+OXiPXfAX/BKz9pv4B+DtUm0/wAHW/7fFrpsGgW7YgS0NpqzmEZ527rCzbr1t1Prn+rrwt4d0Pwh4Y07wn4Z0yKy03S7CG00+zgXCQQRoEjjUdgqqAPYUAf/2Q=="></a>
            <a class="opr-recommends-merge-mask" target="_blank" href="/s?rsv_idx=1&amp;wd=opencv&amp;usm=1&amp;ie=utf-8&amp;rsv_cq=macaca&amp;rsv_dl=0_right_recommends_merge_21102&amp;cq=macaca&amp;srcid=28310&amp;rt=%E8%AE%A1%E7%AE%97%E6%9C%BA%E6%9C%AF%E8%AF%AD&amp;recid=21102&amp;euri=1b1cab2889d442cbbe674d0ac8297117"></a>                    </div>
        <div class="c-gap-top-small"><a target="_blank" title="opencv" href="/s?rsv_idx=1&amp;wd=opencv&amp;usm=1&amp;ie=utf-8&amp;rsv_cq=macaca&amp;rsv_dl=0_right_recommends_merge_21102&amp;cq=macaca&amp;srcid=28310&amp;rt=%E8%AE%A1%E7%AE%97%E6%9C%BA%E6%9C%AF%E8%AF%AD&amp;recid=21102&amp;euri=1b1cab2889d442cbbe674d0ac8297117">opencv</a></div>
                        <div class="opr-recommends-merge-d">
        	            	<p class="opr-recommends-merge-width-text">跨平台计算机视觉库</p>
                    </div>
                            </div>   

 

        
    
    <div class="c-span4  c-span-last-s opr-recommends-merge-item " data-click="{'rsv_re_ename':'coding','rsv_re_uri':'f76210fc53954694bf3fbdaabd01ce80'}">
                                                	<div class="opr-recommends-merge-p">
            <a target="_blank" href="/s?rsv_idx=1&amp;wd=coding&amp;usm=1&amp;ie=utf-8&amp;rsv_cq=macaca&amp;rsv_dl=0_right_recommends_merge_21102&amp;cq=macaca&amp;srcid=28310&amp;rt=%E8%AE%A1%E7%AE%97%E6%9C%BA%E6%9C%AF%E8%AF%AD&amp;recid=21102&amp;euri=f76210fc53954694bf3fbdaabd01ce80"><img data-b64il-id="2796342683_489166640_58" data-src="https://ss2.baidu.com/6ONYsjip0QIZ8tyhnq/it/u=2796342683,489166640&amp;fm=58" class="c-img c-img4 opr-recommends-merge-img" src="data:image/jpeg;base64,/9j/4AAQSkZJRgABAQAAAQABAAD/2wBDAAIBAQEBAQIBAQECAgICAgQDAgICAgUEBAMEBgUGBgYFBgYGBwkIBgcJBwYGCAsICQoKCgoKBggLDAsKDAkKCgr/2wBDAQICAgICAgUDAwUKBwYHCgoKCgoKCgoKCgoKCgoKCgoKCgoKCgoKCgoKCgoKCgoKCgoKCgoKCgoKCgoKCgoKCgr/wAARCABLAEsDASIAAhEBAxEB/8QAHwAAAQUBAQEBAQEAAAAAAAAAAAECAwQFBgcICQoL/8QAtRAAAgEDAwIEAwUFBAQAAAF9AQIDAAQRBRIhMUEGE1FhByJxFDKBkaEII0KxwRVS0fAkM2JyggkKFhcYGRolJicoKSo0NTY3ODk6Q0RFRkdISUpTVFVWV1hZWmNkZWZnaGlqc3R1dnd4eXqDhIWGh4iJipKTlJWWl5iZmqKjpKWmp6ipqrKztLW2t7i5usLDxMXGx8jJytLT1NXW19jZ2uHi4+Tl5ufo6erx8vP09fb3+Pn6/8QAHwEAAwEBAQEBAQEBAQAAAAAAAAECAwQFBgcICQoL/8QAtREAAgECBAQDBAcFBAQAAQJ3AAECAxEEBSExBhJBUQdhcRMiMoEIFEKRobHBCSMzUvAVYnLRChYkNOEl8RcYGRomJygpKjU2Nzg5OkNERUZHSElKU1RVVldYWVpjZGVmZ2hpanN0dXZ3eHl6goOEhYaHiImKkpOUlZaXmJmaoqOkpaanqKmqsrO0tba3uLm6wsPExcbHyMnK0tPU1dbX2Nna4uPk5ebn6Onq8vP09fb3+Pn6/9oADAMBAAIRAxEAPwD9+KKfsX0o2L6UAMop+xfSmu8MYyxH50AJRXw5/wAFF/8Agut+yd+wZ458KfDZvFdl4q1zUfEtvD4s0/Qbhbl9B0okie4lKEgSjI2wk7mwTgDGfrP4KfH/AODH7RHgS1+JfwU+Jei+J9DvIlkg1DR75JkGRna+05Rh3VgGGMEA0AdhRT9q+lGxfSgBlFP2L6UbF9KAFooooA43xP8AtEfAfwT8QLD4U+MfjJ4Y0rxNqsDTaboGoa5BDeXMYzlkidgzD5TyB2Poa/AP/gs5/wAF4fjb+1v8UtX/AGXP2LfEmqaR8OrC6ksZ9S8PmRb/AMVSKSrvuj+dbUkELGuN4G5s5Cr3v/Be7/gn58bPCfxm+Of7aHiL4Ia34p0fVbfQ9S8GfEnSvFi28fhCOEw2tza3FmfnmDkgIV+7kPn74H1x/wAG/wD+wf4R+B37A/w9/aK+H/gTwzqPj34iXaap4r8Q69CzzW+kNNIot7RlBMbrEqELwrOzbj0wFKy1P5z/ABV4T8ZeEtS+x+NvDOqaZeS/P5Oq2ckMjZ5ziQAmvTP2efjX+2R+xN4psPj18DtU8XeEGR1ZdRSynSxvkyP3cquvlTxnjKsCPxr+uj4ofs4/Ab41y6VP8XfhF4e8Svol+l7pL61pMVwbSdPuyIXU7SKb8Vvh9L4p0PTvBth4I8L6roV5fC38UaZ4gszJE+mGKQOsMYUq0m/ygA427d3fFA3Ns+VP+CX/APwWv/Z+/bX/AGUbr4x/Gbxl4e8BeIvCMsFl47tdW1SO1tIp5ARFcQvKw/dTbW2qSWVlZecAn7U8N+JvDvjHQ7TxN4T1y01PTb+3S4sb+wuVmhuImGVdHUlWUjkEHBr+bb9sL/gm34N+En/BbTUv2S/g78ANZ+IHg/W7EeJLD4Z+HfEY02WSF7GaYwC4fIjSKZZGAPPljYDkg1+2n/BG/wDZe+L37Hf7APgr4E/HKQJ4i05by4uNPW7+0Lpkc93LNHZiTo/lo4BI43FsZHJCXY+o6KKKBBRXm37Qn7WPwQ/Zjt9IX4q+LDBqHiG8Np4c0HTrOW81HV5xgmO2tYVaSUgEEkLhQckgVB8F/wBqrwf8a/F+r+AtO8DeM/D+r6NYwXl1ZeL/AAnc6aZIJmdUkiaVQsozGwO0krxnGRQB0nxz+Dngf9oT4Q+I/gj8S9L+2aB4p0a40zVbfOC0MqFSVPZhnKnsQD2r84v2X/iZ+1L/AMENtFl/ZZ/ap+E3iP4gfAvTr+Z/APxY8F6W99LpFrJI0httQtUy6KrMx3DgZIG4YC/Znib/AIKP/s56B4j8SeH9FbxP4oTwZO0HjLU/BvhG81Sy0SZRueK4nt42QOg5dFLMo+8BXXaj+1J8K9S+Cul/HrwEdS8c+GNbVDptx4I0mTVHuUcN84SIEhQVIYnG08HB4oA8v8Jf8Fm/+CYXjDS11ax/bQ8FWilAXt9Wvms509mjnVWB9sVwvxW/4Lp/smWnmeEP2T9P8Q/HPxrONml+HPh1os9zFJKeF866KCKJM9Wy2BzitnT/ANpP/gm58TfjZpnwd+LHwBtPDHjTxExPh62+J/wr/s6TWJBjKW89zDsmk5Hyhtxz0r2a3+Jv7Pvwe+Nnh39l3w/4Ys9E8QeJtKudR0mx0bRY4Ld4IAfMLNGAqn5TgY5xQB8y/wDBMf8A4J+/HrTP2kPGn/BTb9vYWUfxd8f2wtNI8L6fL5tv4U0r5QtsHyQ0pSONSQSAA3JLtX3p0ryT4BftrfAT9oz4nePfgv8AD3xNOPFPw21g6d4p0LU7GS1uYGyQsyJIAZYGx8sq5U8eozsfDL9p34S/FfwJ4i+JfhvxCLfRPC3iHV9G1vUNVjNrHbXOm3Elvdkl8Dy0eJ/n6FRnpQB6HRXzto3/AAUz/Z+8TaXaeK/CPh3x7rXhi+1GKytPGuleAL+XR5XklESyLc+Xhod5AMwBjA53Y5r6JHIFAH54/GzWLL4D/wDBefwn8b/2lZBZ+BvFXwVk8MfDbxRqQ26dpOu/bhLPbNI3yQTzQ78OSC4kVATyB9vav4r8N+ONL17wp8NvHukzeIYdGfYLO+jlksnlR1glcISVUupIJ67TjpVP4nae3jB7zwd4j+HGn+INCk0gy/2fqukLdQXU/wC8/duHJQY2xfKVJbzMgjaayPBng/R/hHeL4e+CHwO0Lw7ol3YfapbPRfD0dgjXPlyn5/KCKrArCu0qWPmk5AQ0AfJn/BEf4o/Cf9nz/gnxcfB346eItN8IeNfhprutR/FfTvEd2lvcw3bXs8/2uXzCDKksLxssoyrAYBO3FfO/g/wp4+8H/wDBAv8Aan+IMmk6joPhjxh4v8QeIvhfpdwj28lnoU95b+QyIcGJHZZJFXA4bd/Fk/pX4q+Fngv4o+NNB8TfEH9nHwprFyrS51PXvCcNzdWqI58srNKC0JwAwGCTnjB5rqfiPog8V3Fp8Otc+Hema74W1S3eLWrDVNKW5t3QYIR1YmMKMA7WRt2ABjFAH50f8FHpfDHxq/4Ja/s+/s+/DK5g174x+Ix4Lk+HVnplws1/YXUMFs9zfEqS0MUcIkEkjYUbhk+np/x8N/Zf8F+f2adOvdRLv/wpnxJ9pKthZZBHKC2OnWvpf4M/CTwt8MINI1nwB+zR4N8K6jqm+DXLjw54Wh05rZFwyhtiqzLhWXqRuZCOM1t+GNDj8R+ItA+JnxA+EGkHxVb6fd29vrY0MG700Eri3SaQF443VpdxB2sQPWgD83bb9mj4+6no/i7/AIKWfsf6jc3fxk+F/wAbvGunX2hzzs0XjHwxDqsxfSJB/E6JnyepGAo5Ee3El/4W5+2D/wAG9vxj8XfAPwtqyal4t+LfibxFP4cgBN7Jpr+JXvLq0wvLOIC4ZBy+xlwd1fp74GtfGOgW9tZeGfhpo+jwahr813rYttLFqr+YEkmnKK/MzSNKDIdxkZAxADZFHwc/j7wfp13p3hr4M6N4dtn8RlpYNO07Ec4leaSa8KQkZd28ssx53MxbPYA+df2rf+Ck/wAOPgp/wSbuf2s/2H7vwrqraVp2hWnhjwvcnetuJr+0s3spLaJ1kSWKOV1MfBVk5GAa+39Fubm90e0vLyLZNLbRvKmMbWKgkYPTmvGW+Anga/8AHWp+OZP2X/Adr4htdWt5dL8Uy+EbWa6nja5kR5TIAsgkSJVfO7PzA99o9vGcDNADMn1NJk+tFFAC5PqaTJ9aKKADJ9aXJ9TSUUAGT60ZPrRRQAZPrS5PqaSigD//2Q=="></a>
            <a class="opr-recommends-merge-mask" target="_blank" href="/s?rsv_idx=1&amp;wd=coding&amp;usm=1&amp;ie=utf-8&amp;rsv_cq=macaca&amp;rsv_dl=0_right_recommends_merge_21102&amp;cq=macaca&amp;srcid=28310&amp;rt=%E8%AE%A1%E7%AE%97%E6%9C%BA%E6%9C%AF%E8%AF%AD&amp;recid=21102&amp;euri=f76210fc53954694bf3fbdaabd01ce80"></a>                    </div>
        <div class="c-gap-top-small"><a target="_blank" title="coding" href="/s?rsv_idx=1&amp;wd=coding&amp;usm=1&amp;ie=utf-8&amp;rsv_cq=macaca&amp;rsv_dl=0_right_recommends_merge_21102&amp;cq=macaca&amp;srcid=28310&amp;rt=%E8%AE%A1%E7%AE%97%E6%9C%BA%E6%9C%AF%E8%AF%AD&amp;recid=21102&amp;euri=f76210fc53954694bf3fbdaabd01ce80">coding</a></div>
                        <div class="opr-recommends-merge-d">
        	            	<p class="opr-recommends-merge-width-text">云端开发平台</p>
                    </div>
                            </div>   

 

        
    
    <div class="c-span4  c-span-last opr-recommends-merge-lastspan opr-recommends-merge-item " data-click="{'rsv_re_ename':'sql注入','rsv_re_uri':'5fd53a8da41245bfa0c0708d2d199a6e'}">
                                                	<div class="opr-recommends-merge-p">
            <a target="_blank" href="/s?rsv_idx=1&amp;wd=sql%E6%B3%A8%E5%85%A5&amp;usm=1&amp;ie=utf-8&amp;rsv_cq=macaca&amp;rsv_dl=0_right_recommends_merge_21102&amp;cq=macaca&amp;srcid=28310&amp;rt=%E8%AE%A1%E7%AE%97%E6%9C%BA%E6%9C%AF%E8%AF%AD&amp;recid=21102&amp;euri=5fd53a8da41245bfa0c0708d2d199a6e"><img data-b64il-id="1361376233_3530061416_58" data-src="https://ss2.baidu.com/6ONYsjip0QIZ8tyhnq/it/u=1361376233,3530061416&amp;fm=58" class="c-img c-img4 opr-recommends-merge-img" src="data:image/jpeg;base64,/9j/4AAQSkZJRgABAQAAAQABAAD/2wBDAAIBAQEBAQIBAQECAgICAgQDAgICAgUEBAMEBgUGBgYFBgYGBwkIBgcJBwYGCAsICQoKCgoKBggLDAsKDAkKCgr/2wBDAQICAgICAgUDAwUKBwYHCgoKCgoKCgoKCgoKCgoKCgoKCgoKCgoKCgoKCgoKCgoKCgoKCgoKCgoKCgoKCgoKCgr/wAARCABLAEsDASIAAhEBAxEB/8QAHwAAAQUBAQEBAQEAAAAAAAAAAAECAwQFBgcICQoL/8QAtRAAAgEDAwIEAwUFBAQAAAF9AQIDAAQRBRIhMUEGE1FhByJxFDKBkaEII0KxwRVS0fAkM2JyggkKFhcYGRolJicoKSo0NTY3ODk6Q0RFRkdISUpTVFVWV1hZWmNkZWZnaGlqc3R1dnd4eXqDhIWGh4iJipKTlJWWl5iZmqKjpKWmp6ipqrKztLW2t7i5usLDxMXGx8jJytLT1NXW19jZ2uHi4+Tl5ufo6erx8vP09fb3+Pn6/8QAHwEAAwEBAQEBAQEBAQAAAAAAAAECAwQFBgcICQoL/8QAtREAAgECBAQDBAcFBAQAAQJ3AAECAxEEBSExBhJBUQdhcRMiMoEIFEKRobHBCSMzUvAVYnLRChYkNOEl8RcYGRomJygpKjU2Nzg5OkNERUZHSElKU1RVVldYWVpjZGVmZ2hpanN0dXZ3eHl6goOEhYaHiImKkpOUlZaXmJmaoqOkpaanqKmqsrO0tba3uLm6wsPExcbHyMnK0tPU1dbX2Nna4uPk5ebn6Onq8vP09fb3+Pn6/9oADAMBAAIRAxEAPwD134R/s7/so3muXeteGrDQm02BJm0OabUZT52o+Zeq8Uod/mtFUWvlswCuAuWbdJXp2g+EP2d/AyTw+DNJ0bT4V1TVSLiUuVmG2JrYys5OYg7SpHn5fu5HXPc6Pe/AiPWtNbwlpWjpZ22oWuLGHw4AFlSdvtMwzHgwtCUCR/w4XCjFYk/iPw9pf/CPWttolpMlh42mluzJoqupsm8vhsxkyEZfCnLKQOBgV+H1cbjMbB15ylyvpc+xw3LSgqMXJerR4Z8a1+CviX4jQxLY6Q9+h1dNKNxZM8Xll7VrIzghtyiM3SJkHBUZHc8V8SbD9mbwtqcVxp03h6KwkuJY9OsL/TPOube3a0uFma5VkJZjOYGhZssi527ea978R+LPBPhqPQ/FN9abrGDVtPj+wR+GxLJI6zXhuyP3Z88PDPBhBuZfK6KUUnxLw38TfAsOn+ELmw8H3c0i6pao9vB4WEogjhW9GoGNyh85pxPbkhfmXyADt2Ln38oc6kIuzsu3zZvicfOjTUIpu+lm1Y8A0rxz8MNNi8Nx6r4Y0SUQ+DNc03V5JfDsTMZpEuvskrfuyWn3tDiYfOoJ+ZRTNc+J/wACINDgsNJ0HRkNz4T1ay58LoZLMyaPFHbRvI8WWmGoRu4nUkqJcl8MQPT/AIa+LorXw14Z0i/8M64L2HTNVg07VdN8O+bJBF9rs7jfEBt84eVDdROQcgTncSCRWReeLNU17W9B1LQfhj4mSzm8P+JdPt7Sy0l2WSzuhdeTFEV4kij86PdjoV6GvqfbOE3B393u0fP1cJDETTdO3o0cjcfG79mK1skjTw/a7vPE7LH4YG7+xljUNoxOwZlZg7faORkA+Zmuc+JH7Svww8T6X4i8M6fosktrrnhi9jtZoPDiRm0ia+hmsbQ4XJW3iWRDKp2/MFBYKK7DwPr3irSH8JRX3w/8Y3N3aeFYDDNaaezvdWlvq8lyI495+a1kjIt2YcA4G1xw3Czah8YrpdNsT4K8Vztc/Ci80qe3MUuLuzmkuxaygMf3luhkhVQc8xYUHAzzzp4apUvJarvLzQsFl31SvzU3daXTej16mp4T8S6F8RfE81k2jatcT69oOjpqU8OiJ5eoiPRfsLiXGBHCly0dwsmNp2ZADBa4H9qbU/E3xY+OWrePdK8FeIPIvbWwVWuLCRGcx2METPgDkMULBv4gQe9e3fsz3fxftBrvj/XvD/iAR6R8FRb3I1CZsXkbSuLa5JY8xhT8pPI8s4AGK6Ky+LurgT3Z+H/jS2a9vri8ktoPFEUSQPPM8zRquMqqs5UA4OByAcgfIZpJuuoW5rebPuskyrBUeavhqCTklf3uvlc/RPw/4uTw9aaY+maTqzC28cT3kPlWDFnhc4aNPVvvZXqPwrW0Lx8raNp99YeGddQRa2haGCyIjXZdTyyujA5MrpJsK9tpGalN/wDEBrOwuNO8IavN/Znjee8WFJY0LQlmDIMuMDO7J6HnmsCPxn8V9aWwFr8OtZgkOvxwSRLqMMUSQw3cshdRv4Z8mMnGDtPJ4pZzjcBgJxpqmnFaRSel+7f6H59h3Ou+Zb311/roeY/Er48eIIvEHhmPwr8MfGcqW+t2It4bGwbydkE13NM0JU5aeaO4MbocACMgsRwPKfCHx51C3k8H+HtB+HfiVtUi1K1m/sy2lCiW0snvRK9ugIYmUXZWXIC5jIJbJx9B6ve/FKW88PXHh74X3xmbV7NJidYhiiEFvcXEoKqWBV5DJJGSeG29TmvmbxX+3X4G/wCCb3xG0Lxj4j/YovNZ8SfEe7hsNV+Juu+N7PT7Xw3YJK1uLWya4Vju2RC7khTyxKZQS5wqpvw97PM5yg1ZpN6PXTpY6p1KdOzcFv8AzamB4d8R/Ebwm/w407Uvh74iSXTdb1ZNOhuWNu2pRXEcTfZYBJjO0RyNtAw2cjNamg+MviPZ+GdM8EXP7OniKaTW9Os/OMV+tu0i6U1vHG9qXjPkhngjEu7OWYBcHBra+Mn/AAUj+Cv7bvxom/Yw8b/se32t6Xo1pHrPhT4saX8QLOW/0m6jthIDtjDPbQSSKLV5FllV/OYEHoOwvdN+Lt34o03RvFPgPQWk8R6hr3nWTeJPKy/2u3umgDqjeW6SQIAPm3qei5yO7NacMKqclrzRvZ3X5M6aeIjiZSgqcfdv9p9r+R4PpV98eP7Q0m+vf2eNTukkhkmWOO/W1y66umpQAMynylEhjiEbDc6uNmCVNcR4cuvjZpM2hpN8FTdNaeGm1q0jOqRwGWK01W51BLnuVRXdo2h++yp8pVtpH0/beIvi/wDEm0ttdm8D+E5LTxbAup67cTa5NHEZLKaCK3DFEJt2V1gUou/fuOSnVedl+CPxX0y/8P8A9rnw2mpJpustqU8lxIEjN5eTwvDJsQkOJrxhtXK9MnANeHVzeFNtSUU/U9LB0Kbk1XUYr1f+ZgfBLwH8StG/ZLjuU8A2kt/q/hea0sib+LF1bTT3Rik+9hX825dRHncSgGMmvIbf9mz46/FaEfEh/wBmTT9SfWs3Ut/B4xWFZ3Y5ZvLDnyznOUzlTkHBBFffXhH4HeMPB3w90DwXe/2GkPh+zgt7uO5MzeVdtcrdRBwgGX8y4HK5XG7PINX/AA/4ib4LaNb/AA1vNa0S3l0+PdJBJps8jIZT5xBZRgn9524rsxWEx8JqqoRs0t313NMNxBgaKlD3Xrp102O5s/ib8TpI4X/4VtcC6l1YKHzIN6LMZvLA2/e6jPSsvxT4j+M8tzby6D8HJ5CdUjYuGbmOOZpFhxjghmPzdK3R+0/4ZSUQxaFqMgF4VUrakkL5YGR6tnPyjmkt/wBrrSdUvotN0jwVr0r3Mv2Tf9jIUBeN685J9RwRWGPpZSsPDDzo3k3dNSu7+lz4nDxx0antFh0ku97eu55/4j8b/HBptMtIvg46Xj6hEyzvuBmFvI8qQkEDbtLHLemK+VPiBYfszftKft0+DPgR/wAFCP2fPi0z+HLeCXwV4g8D298NKW9luJSbfUDADtdR5ZjlXbtDMWYBxX23rPxm1htQF5J4E1a9t7i/ljV4IiWCNGFwuP4sryPekb46a9qdu88Pwe1qUXObWYKpGY1DfcGPv85P8+mOXLP7RyPNJSWEbaTsm9Vfrc9GrKdbDLlpxj5p/wCbPir9qr4Nf8E8f2N/2tvBHij9jr9mL4nal8RfFF/BpskctvqEPhay0+e5Ed1cXIlQIrBd+1FKjzGR2AyGPs0Xg79prxH4v8P63qPhO2iuLfWtRv7B5wg8yV8GZCpccALgDjjnJr1FPi74uv71X1L4V6g1vfXl0pgCOHmiaNQY0+XhhsyTWUPH3xA8YeJNE1S3+G92q2mvT3VsqK2JVK7GiB2/wgHJ9q7cxxuOzqrTlKilNK2j3/HQ2wft8Im5KNt7trzWmpxfwr8EfGnQrTQ9O0Dw9YDT3ivW0y2uWidbhTIkspk3N1DorKODkfhXP/DdP2hfFvxH0bVvLsHg1VdQurMXLwOJYvPE0ocMfvCQIVBwQQMd673UPEnj3wp4e8PpofgK5uJ7fWLq40+Pa378Ny6dOMYxn3ri/hzd/FvwXonh+5s/hfcPdQ6pfS6d50bopRmBm356AHgcgnFcNbAxwuNhTrKN4+9P9FuexDEVK1OpJKF5aLVeeu56VYaz8c9fjsNSttbs2gu7aSeOeVoNsgRo03THB+dSIwu7kYXpzWLqo+KNhfPZ6/rfhhLuNVEqaxDavcqNo2h2ZST8uMZPTFc38OPiH8b9P8MQW9x8NWlWS5voNGsLi32m6jLxs4YEjaEdFOTj8aljT4/eJAdb8SfDbT7y+ndjcXFzDsdiCRgjzBjAAXp2r1c64hdTDUoUIxberu0reX9dDxqWXyhWlzOml0POf2df+Cu3i7xv8V/BPw/8d/ssWFlp3jCe7urjXdA+I2m6qmj5MpXfHBy6gABnGAN5A3FWUQ+Av+Czf7QnxP8AhZpvx6/Zw/4Jt3XibwlqT3f2W+l+IdnaXX+jytE5MDwk4Yo2Nuc4IxkDPnmif8EiPjZc/tHfBP4yeL7L4AeDdO+HetwXevRfDjTtQhub0RSMVtk84YaMqFwrbSrSScsCBWF4K/YJ/wCCwX7NX7O2gfs8/s/ftIfBX/hGfCOq6hJo+6G5S91iC6nmle3ujNA0O1jMxwMMvQP6/Y0MkyahXVVU9V5v8D5OdbCVZWX6n1H+zP8A8Fp/h/8AHzxf8H/BVj8GZ9Jb4q+C9Q8QXE1xqQc6L9kubq3mjwsWJiZIYyD8mVlPGVw3oX7Yf/BTzwB+y6/g+a28Errtn4j1qay1ll1iC1udPtIoGkkura2kBkv5ABnyYVLYz0LKG+StP/4JuftSfAfVPgP8Rv2QfiZ8KbfWPhn8N9R8PanbeP5LuSCS7v72a8nWEW6kyLG0zRo7PuIjBOSSa9B+Kvww/bm+KGhfDHUfi3afBrV9a8NeJvEN94lufB5W2kMD6WYrCGxmv4mktLh5nlWS4jZWj/cuM7TXXUpYWT5YQvfTdnLGjhJST5dCn8Af+C2vgH9or9qbVP2fdc+F+u+Hr/Q/GAj0C6trW6uU1C2+xzNKbjNugtWUoSA5w+4Bc4yfRtS/bsk8B/toeCf2V7zwky6br2l6r4h0vWhdsZ3ninIeyEW3AQQs0m7OSRgAc18o/sQ/szftX/Bz/go7rn7Q3jb4CalpfhXXdRZba7vfjnDeQWoh0y4to5L63Qu+oGR2QqXG6AybvnIyet1b9kL9or4gW+qftwfFz4xado/x7TxVFf8Ag7QPD90JdL8O2FujRx2EJc+WZWDFnkb5Jf8AVSkpNKazo5VgcFUdSNO2m/8Aw56LnCyoundfPc6X9q3/AIKw6n+zP8ZtL+Dmv/s267q2g6rb6he2via31yKLFuGH2lYYWQs8kW6PCA5kZwqAkgVxPwf/AOCyOp/GnQZtI+Jn7Nviax1vS/Cd3r2r6VoksclubOZo4oEtppHUGaV9wAbADJIpIIxWf+1t8K/20v2ldU8CfEvT7j4WR6z4J0LVhrWjXKTXEWsveJtudLQyoYktZ0TAlZlZTNgk+WHbwr9l/wDZu8Y/sv8AgP4wfCP41eFvAHiOLx34Pih0TVob17+PRrqEzTQabHb3UZR4I53372OwsqZLgkjxMVlvDuIpyr4mNpT3953eu3Q9SOGr8zdOi35LU9v8D/8ABbxdb+J3jKx8W/seeLIdE0NY/wCzIIr61+3k3UKM9u6GXyxJlVdSjMNu4vtJAPo3iH9uTSfEWuXeu6d8DNdmhu52kSQq5JyeQcKRkHIPuK/MHx74J+KJuNT1KD9lv4Y2NveabaWOnaDbyRzxaRcqyG4v4YHQwefOqhXPoq7eFXH35B/wUg+APhm3i8OWnhfVEh0+JbaFbeyAQIihV2jPAwBXl55gMFRw9OOBpReuvV7Ld3CUauCS9phJVL+bVj7z0TQvAr2MdwiRzIhBYSzEmN/fnoecV1emfD34UapEh+xxbgd+0ucbuMnrzX5ofAX4y/FLV/E+naZqXjm/mgvby6huo2l4kREYqD9CBg9eK9q+CvxC8cajcWy3viy/kBu2B3XLcgE4H0rwMLmOcYHFxpSrOUX3PLeU4irR5nVs/I+zYPht8LZfIii063LRSlwc55Jwc561NH4D+FqOkR0u0BjnZhnHXPf1r5Qk8T+JNM8YyrY+IL2MHU2O0XTkdPQmvR4dOg1S2huL6a5aR775nW8kU8j/AGWFfdYPHVq1CU1JppdzOWQYtNXxDsz2HX9L+EGhokken2LbZdxJ243H1z/KsK4u/ghZ6Sl7d2ensI7nKoVU/Oe2T7mvDdS0HTriFUn89w+tMjh7yU5A/wCBfrWHeeDfD0+Laa0laNtUCshu5cEf99V8tis2zSvJ3qaPp0Pfw3CslSUvbyvc9g1rxD8JFspbe3g0qG2FwxRVKj956E+vUYrxvxh4u/Z6S/8AsF3FoiTWuqZQMqD986ZGfwNcVqPw98IX8M6XmlNIF15owGupcbQ3A+9Xm/iH4S/Dy5tJZrjw2jt/wlzW5Zp5OYlIwv3uleTDKq2Mrc9etJ/16mmKyV4WlNuvOyTeh2XjD4l/szWuqNpt5JoEclnrSyJJ5aAJPJEPm9Op5zWFf/Gz9iXT72W01y+8M/bEkP2jMUeSxOSfxzmuM8bfs/8AwdS23r4FtQW12JWPmScqduV+905PHTmuS1v9nP4J3Oqzzy/D603O+W2ySKM49A2BXswyih7Ne/L7z88x9PBOceerVfzR/9k="></a>
            <a class="opr-recommends-merge-mask" target="_blank" href="/s?rsv_idx=1&amp;wd=sql%E6%B3%A8%E5%85%A5&amp;usm=1&amp;ie=utf-8&amp;rsv_cq=macaca&amp;rsv_dl=0_right_recommends_merge_21102&amp;cq=macaca&amp;srcid=28310&amp;rt=%E8%AE%A1%E7%AE%97%E6%9C%BA%E6%9C%AF%E8%AF%AD&amp;recid=21102&amp;euri=5fd53a8da41245bfa0c0708d2d199a6e"></a>                    </div>
        <div class="c-gap-top-small"><a target="_blank" title="sql注入" href="/s?rsv_idx=1&amp;wd=sql%E6%B3%A8%E5%85%A5&amp;usm=1&amp;ie=utf-8&amp;rsv_cq=macaca&amp;rsv_dl=0_right_recommends_merge_21102&amp;cq=macaca&amp;srcid=28310&amp;rt=%E8%AE%A1%E7%AE%97%E6%9C%BA%E6%9C%AF%E8%AF%AD&amp;recid=21102&amp;euri=5fd53a8da41245bfa0c0708d2d199a6e">sql注入</a></div>
                        <div class="opr-recommends-merge-d">
        	            	<p class="opr-recommends-merge-width-text">常见的数据库损失命令</p>
                    </div>
                            </div>   

    </div>
 

<textarea class="opr-recommends-merge-hide opr-recommends-merge-more-textarea">    &lt;div class="opr-recommends-merge-morelists"&gt;
        
&lt;div class="c-row c-gap-top"&gt;
    
    &lt;div class="c-span4  opr-recommends-merge-item " data-click="{'rsv_re_ename':'idea','rsv_re_uri':'228c038aefe841918d3238c75e9357f4'}"&gt;
                                                	&lt;div class="opr-recommends-merge-p"&gt;
            &lt;a target="_blank" href="/s?rsv_idx=1&amp;wd=idea&amp;usm=1&amp;ie=utf-8&amp;rsv_cq=macaca&amp;rsv_dl=0_right_recommends_merge_21102&amp;cq=macaca&amp;srcid=28310&amp;rt=%E8%AE%A1%E7%AE%97%E6%9C%BA%E6%9C%AF%E8%AF%AD&amp;recid=21102&amp;euri=228c038aefe841918d3238c75e9357f4"&gt;&lt;img  data-img="https://ss1.baidu.com/6ONXsjip0QIZ8tyhnq/it/u=991386922,2817180916&amp;fm=58" class="c-img c-img4 opr-recommends-merge-img"/&gt;&lt;/a&gt;
            &lt;a class="opr-recommends-merge-mask" target="_blank" href="/s?rsv_idx=1&amp;wd=idea&amp;usm=1&amp;ie=utf-8&amp;rsv_cq=macaca&amp;rsv_dl=0_right_recommends_merge_21102&amp;cq=macaca&amp;srcid=28310&amp;rt=%E8%AE%A1%E7%AE%97%E6%9C%BA%E6%9C%AF%E8%AF%AD&amp;recid=21102&amp;euri=228c038aefe841918d3238c75e9357f4"&gt;&lt;/a&gt;                    &lt;/div&gt;
        &lt;div class="c-gap-top-small"&gt;&lt;a target="_blank" title="idea" href="/s?rsv_idx=1&amp;wd=idea&amp;usm=1&amp;ie=utf-8&amp;rsv_cq=macaca&amp;rsv_dl=0_right_recommends_merge_21102&amp;cq=macaca&amp;srcid=28310&amp;rt=%E8%AE%A1%E7%AE%97%E6%9C%BA%E6%9C%AF%E8%AF%AD&amp;recid=21102&amp;euri=228c038aefe841918d3238c75e9357f4"&gt;idea&lt;/a&gt;&lt;/div&gt;
                                    &lt;/div&gt;   

 

        
    
    &lt;div class="c-span4  opr-recommends-merge-item " data-click="{'rsv_re_ename':'maven','rsv_re_uri':'90cccbdb03934e3bb55df03314c8378a'}"&gt;
                                                	&lt;div class="opr-recommends-merge-p"&gt;
            &lt;a target="_blank" href="/s?rsv_idx=1&amp;wd=maven&amp;usm=1&amp;ie=utf-8&amp;rsv_cq=macaca&amp;rsv_dl=0_right_recommends_merge_21102&amp;cq=macaca&amp;srcid=28310&amp;rt=%E8%AE%A1%E7%AE%97%E6%9C%BA%E6%9C%AF%E8%AF%AD&amp;recid=21102&amp;euri=90cccbdb03934e3bb55df03314c8378a"&gt;&lt;img  data-img="https://ss1.baidu.com/6ONXsjip0QIZ8tyhnq/it/u=3540079861,881891119&amp;fm=58" class="c-img c-img4 opr-recommends-merge-img"/&gt;&lt;/a&gt;
            &lt;a class="opr-recommends-merge-mask" target="_blank" href="/s?rsv_idx=1&amp;wd=maven&amp;usm=1&amp;ie=utf-8&amp;rsv_cq=macaca&amp;rsv_dl=0_right_recommends_merge_21102&amp;cq=macaca&amp;srcid=28310&amp;rt=%E8%AE%A1%E7%AE%97%E6%9C%BA%E6%9C%AF%E8%AF%AD&amp;recid=21102&amp;euri=90cccbdb03934e3bb55df03314c8378a"&gt;&lt;/a&gt;                    &lt;/div&gt;
        &lt;div class="c-gap-top-small"&gt;&lt;a target="_blank" title="maven" href="/s?rsv_idx=1&amp;wd=maven&amp;usm=1&amp;ie=utf-8&amp;rsv_cq=macaca&amp;rsv_dl=0_right_recommends_merge_21102&amp;cq=macaca&amp;srcid=28310&amp;rt=%E8%AE%A1%E7%AE%97%E6%9C%BA%E6%9C%AF%E8%AF%AD&amp;recid=21102&amp;euri=90cccbdb03934e3bb55df03314c8378a"&gt;maven&lt;/a&gt;&lt;/div&gt;
                                    &lt;/div&gt;   

 

        
    
    &lt;div class="c-span4  c-span-last-s opr-recommends-merge-item " data-click="{'rsv_re_ename':'redis','rsv_re_uri':'f9422943dc924eda899b7841b58b23d5'}"&gt;
                                                	&lt;div class="opr-recommends-merge-p"&gt;
            &lt;a target="_blank" href="/s?rsv_idx=1&amp;wd=redis&amp;usm=1&amp;ie=utf-8&amp;rsv_cq=macaca&amp;rsv_dl=0_right_recommends_merge_21102&amp;cq=macaca&amp;srcid=28310&amp;rt=%E8%AE%A1%E7%AE%97%E6%9C%BA%E6%9C%AF%E8%AF%AD&amp;recid=21102&amp;euri=f9422943dc924eda899b7841b58b23d5"&gt;&lt;img  data-img="https://ss0.baidu.com/6ONWsjip0QIZ8tyhnq/it/u=2017741431,408636055&amp;fm=58" class="c-img c-img4 opr-recommends-merge-img"/&gt;&lt;/a&gt;
            &lt;a class="opr-recommends-merge-mask" target="_blank" href="/s?rsv_idx=1&amp;wd=redis&amp;usm=1&amp;ie=utf-8&amp;rsv_cq=macaca&amp;rsv_dl=0_right_recommends_merge_21102&amp;cq=macaca&amp;srcid=28310&amp;rt=%E8%AE%A1%E7%AE%97%E6%9C%BA%E6%9C%AF%E8%AF%AD&amp;recid=21102&amp;euri=f9422943dc924eda899b7841b58b23d5"&gt;&lt;/a&gt;                    &lt;/div&gt;
        &lt;div class="c-gap-top-small"&gt;&lt;a target="_blank" title="redis" href="/s?rsv_idx=1&amp;wd=redis&amp;usm=1&amp;ie=utf-8&amp;rsv_cq=macaca&amp;rsv_dl=0_right_recommends_merge_21102&amp;cq=macaca&amp;srcid=28310&amp;rt=%E8%AE%A1%E7%AE%97%E6%9C%BA%E6%9C%AF%E8%AF%AD&amp;recid=21102&amp;euri=f9422943dc924eda899b7841b58b23d5"&gt;redis&lt;/a&gt;&lt;/div&gt;
                                    &lt;/div&gt;   

 

        
    
    &lt;div class="c-span4  c-span-last opr-recommends-merge-lastspan opr-recommends-merge-item " data-click="{'rsv_re_ename':'groovy','rsv_re_uri':'96a2b3dc11c847ee9e28c4df2c2be661'}"&gt;
                                                	&lt;div class="opr-recommends-merge-p"&gt;
            &lt;a target="_blank" href="/s?rsv_idx=1&amp;wd=groovy&amp;usm=1&amp;ie=utf-8&amp;rsv_cq=macaca&amp;rsv_dl=0_right_recommends_merge_21102&amp;cq=macaca&amp;srcid=28310&amp;rt=%E8%AE%A1%E7%AE%97%E6%9C%BA%E6%9C%AF%E8%AF%AD&amp;recid=21102&amp;euri=96a2b3dc11c847ee9e28c4df2c2be661"&gt;&lt;img  data-img="https://ss2.baidu.com/6ONYsjip0QIZ8tyhnq/it/u=2355203615,558509497&amp;fm=58" class="c-img c-img4 opr-recommends-merge-img"/&gt;&lt;/a&gt;
            &lt;a class="opr-recommends-merge-mask" target="_blank" href="/s?rsv_idx=1&amp;wd=groovy&amp;usm=1&amp;ie=utf-8&amp;rsv_cq=macaca&amp;rsv_dl=0_right_recommends_merge_21102&amp;cq=macaca&amp;srcid=28310&amp;rt=%E8%AE%A1%E7%AE%97%E6%9C%BA%E6%9C%AF%E8%AF%AD&amp;recid=21102&amp;euri=96a2b3dc11c847ee9e28c4df2c2be661"&gt;&lt;/a&gt;                    &lt;/div&gt;
        &lt;div class="c-gap-top-small"&gt;&lt;a target="_blank" title="groovy" href="/s?rsv_idx=1&amp;wd=groovy&amp;usm=1&amp;ie=utf-8&amp;rsv_cq=macaca&amp;rsv_dl=0_right_recommends_merge_21102&amp;cq=macaca&amp;srcid=28310&amp;rt=%E8%AE%A1%E7%AE%97%E6%9C%BA%E6%9C%AF%E8%AF%AD&amp;recid=21102&amp;euri=96a2b3dc11c847ee9e28c4df2c2be661"&gt;groovy&lt;/a&gt;&lt;/div&gt;
                                    &lt;/div&gt;   

    &lt;/div&gt;
 

        
&lt;div class="c-row c-gap-top"&gt;
    
    &lt;div class="c-span4  opr-recommends-merge-item " data-click="{'rsv_re_ename':'自动化测试','rsv_re_uri':'792719fb9f714c0bb810c23eaf711a8c'}"&gt;
                                                	&lt;div class="opr-recommends-merge-p"&gt;
            &lt;a target="_blank" href="/s?rsv_idx=1&amp;wd=%E8%87%AA%E5%8A%A8%E5%8C%96%E6%B5%8B%E8%AF%95&amp;usm=1&amp;ie=utf-8&amp;rsv_cq=macaca&amp;rsv_dl=0_right_recommends_merge_21102&amp;cq=macaca&amp;srcid=28310&amp;rt=%E8%AE%A1%E7%AE%97%E6%9C%BA%E6%9C%AF%E8%AF%AD&amp;recid=21102&amp;euri=792719fb9f714c0bb810c23eaf711a8c"&gt;&lt;img  data-img="https://ss2.baidu.com/6ONYsjip0QIZ8tyhnq/it/u=606641951,3124249927&amp;fm=58" class="c-img c-img4 opr-recommends-merge-img"/&gt;&lt;/a&gt;
            &lt;a class="opr-recommends-merge-mask" target="_blank" href="/s?rsv_idx=1&amp;wd=%E8%87%AA%E5%8A%A8%E5%8C%96%E6%B5%8B%E8%AF%95&amp;usm=1&amp;ie=utf-8&amp;rsv_cq=macaca&amp;rsv_dl=0_right_recommends_merge_21102&amp;cq=macaca&amp;srcid=28310&amp;rt=%E8%AE%A1%E7%AE%97%E6%9C%BA%E6%9C%AF%E8%AF%AD&amp;recid=21102&amp;euri=792719fb9f714c0bb810c23eaf711a8c"&gt;&lt;/a&gt;                    &lt;/div&gt;
        &lt;div class="c-gap-top-small"&gt;&lt;a target="_blank" title="自动化测试" href="/s?rsv_idx=1&amp;wd=%E8%87%AA%E5%8A%A8%E5%8C%96%E6%B5%8B%E8%AF%95&amp;usm=1&amp;ie=utf-8&amp;rsv_cq=macaca&amp;rsv_dl=0_right_recommends_merge_21102&amp;cq=macaca&amp;srcid=28310&amp;rt=%E8%AE%A1%E7%AE%97%E6%9C%BA%E6%9C%AF%E8%AF%AD&amp;recid=21102&amp;euri=792719fb9f714c0bb810c23eaf711a8c"&gt;自动化测试&lt;/a&gt;&lt;/div&gt;
                                    &lt;/div&gt;   

 

        
    
    &lt;div class="c-span4  opr-recommends-merge-item " data-click="{'rsv_re_ename':'eclipse','rsv_re_uri':'42571a2ebee841c5a399def2709bdc35'}"&gt;
                                                	&lt;div class="opr-recommends-merge-p"&gt;
            &lt;a target="_blank" href="/s?rsv_idx=1&amp;wd=eclipse&amp;usm=1&amp;ie=utf-8&amp;rsv_cq=macaca&amp;rsv_dl=0_right_recommends_merge_21102&amp;cq=macaca&amp;srcid=28310&amp;rt=%E8%AE%A1%E7%AE%97%E6%9C%BA%E6%9C%AF%E8%AF%AD&amp;recid=21102&amp;euri=42571a2ebee841c5a399def2709bdc35"&gt;&lt;img  data-img="https://ss1.baidu.com/6ONXsjip0QIZ8tyhnq/it/u=2434560235,935681266&amp;fm=58" class="c-img c-img4 opr-recommends-merge-img"/&gt;&lt;/a&gt;
            &lt;a class="opr-recommends-merge-mask" target="_blank" href="/s?rsv_idx=1&amp;wd=eclipse&amp;usm=1&amp;ie=utf-8&amp;rsv_cq=macaca&amp;rsv_dl=0_right_recommends_merge_21102&amp;cq=macaca&amp;srcid=28310&amp;rt=%E8%AE%A1%E7%AE%97%E6%9C%BA%E6%9C%AF%E8%AF%AD&amp;recid=21102&amp;euri=42571a2ebee841c5a399def2709bdc35"&gt;&lt;/a&gt;                    &lt;/div&gt;
        &lt;div class="c-gap-top-small"&gt;&lt;a target="_blank" title="eclipse" href="/s?rsv_idx=1&amp;wd=eclipse&amp;usm=1&amp;ie=utf-8&amp;rsv_cq=macaca&amp;rsv_dl=0_right_recommends_merge_21102&amp;cq=macaca&amp;srcid=28310&amp;rt=%E8%AE%A1%E7%AE%97%E6%9C%BA%E6%9C%AF%E8%AF%AD&amp;recid=21102&amp;euri=42571a2ebee841c5a399def2709bdc35"&gt;eclipse&lt;/a&gt;&lt;/div&gt;
                                    &lt;/div&gt;   

    &lt;/div&gt;
 
&lt;/div&gt;
</textarea>

</div>
</div>
<script>
    A.setup({platform:"pc",showType:""});
</script>


</div>
</div>
														
			    	
    
</div>

            
            


            
            
	
	

            
            
<div>
</div>


            
        </td></tr></tbody></table>
    </div>
		

	
	

				
				






<div class="head_nums_cont_outer OP_LOG"><div class="head_nums_cont_inner" style="top:-40px"><div class="search_tool_conter"><span class="c-gap-left-samll search_tool_close"><i class="c-icon searchTool-up c-icon-chevron-top-gray-s"></i>收起工具</span><span class="search_tool_la">所有网页<i class="c-icon c-icon-triangle-down"></i></span><span class="search_tool_tf c-gap-left">时间不限<i class="c-icon c-icon-triangle-down"></i></span><span class="search_tool_ft c-gap-left">所有网页和文件<i class="c-icon c-icon-triangle-down"></i></span><span class="search_tool_si c-gap-left">站点内检索<i class="c-icon c-icon-triangle-down"></i></span></div><div class="nums"><div class="search_tool"><i class="c-icon searchTool-spanner c-icon-setting"></i>搜索工具</div>百度为您找到相关结果约396,000个</div></div></div>
<script type="text/javascript">
	bds.comm.search_tool = {};
	bds.comm.search_tool.sl_lang = "cn";
	bds.comm.search_tool.st = "";
	bds.comm.search_tool.et = "";
	bds.comm.search_tool.stftype = "";
	bds.comm.search_tool.ft = "";
	bds.comm.search_tool.si = "";
	bds.comm.search_tool.exact = "";
	bds.comm.search_tool.oneDay = "1498359278";
	bds.comm.search_tool.oneWeek = "1497840878";
	bds.comm.search_tool.oneMonth = "1495767278";
	bds.comm.search_tool.oneYear = "1466909678";
	bds.comm.search_tool.thisDay = "1498320000";
	bds.comm.search_tool.thisWeek = "1497801600";
	bds.comm.search_tool.thisMonth = "1495728000";
	bds.comm.search_tool.thisYear = "1466870400";
	bds.comm.search_tool.actualResultLang = "cn";
</script>










<div id="content_left">
	

	
		
			
	
	

	
	
				
				
			
	

	
	
											
						
	            			
						

			
		
		

								

		
				
														
																																									<div class="result c-container " id="1" srcid="1599" tpl="se_com_default" data-click="{&quot;rsv_bdr&quot;:&quot;0&quot;,&quot;p5&quot;:1}"><h3 class="t c-title-en"><a data-click="{
			'F':'778317EA',
			'F1':'9D73F1E4',
			'F2':'4CA6DE6B',
			'F3':'54E5243F',
			'T':'1498445678',
						'y':'9EBFE7FF'
			 
									}" href="http://www.baidu.com/link?url=1gADakX8oNDfi_ol0Rflg0E9o6aNRCget5Mx02YmN-S" target="_blank"><em>Macaca</em> • Solution for Automation Test with Ease</a></h3><div class="m">查看此网页的中文翻译，请点击&nbsp;<a href="http://www.baidu.com/link?url=kpzvha0-9kLQOwtZQWWhA_TIgjokAmyncLMBPmgXeqzDZABlk6FZlKKci-uFBso0soxalTVH6iQhYQ33X6EbEGQoavTMicYVyF94CDffQw_InJK_dX-7Va39WYbgNDtqBXUANlrH12v6GoaIAdjV8H90zf9HH1gMQJiAp6VsJGVjcQ_mJLKH7InDtC9fCcnw" target="_blank" class="m">翻译此页</a></div><div class="c-abstract c-abstract-en">Distributed CI Fast deployment with continuous integration (CI) serviceReleased under the MIT License © 2015-2017 <em>Macaca</em> ...</div><div class="f13"><a target="_blank" href="http://www.baidu.com/link?url=1gADakX8oNDfi_ol0Rflg0E9o6aNRCget5Mx02YmN-S" class="c-showurl" style="text-decoration:none;"><b>macaca</b>js.com/&nbsp;</a><div class="c-tools" id="tools_13249367972464295053_1" data-tools="{&quot;title&quot;:&quot;Macaca • Solution for Automation Test with Ease&quot;,&quot;url&quot;:&quot;http://www.baidu.com/link?url=1gADakX8oNDfi_ol0Rflg0E9o6aNRCget5Mx02YmN-S&quot;}"><a class="c-tip-icon"><i class="c-icon c-icon-triangle-down-g"></i></a></div><span class="c-icons-outer"><span class="c-icons-inner"></span></span>&nbsp;-&nbsp;<a data-click="{'rsv_snapshot':'1'}" href="http://cache.baiducontent.com/c?m=9d78d513d99c12fe0bbcc76a4a5689694312c6212bd6a308628bc019c03508190671e3cc767f4f19&amp;p=9779d61bca934eac59ebd72d0214c9&amp;newp=9172de15d9c040a903fbc7710f5e8b231610db2151d6d6166b82c825d7331b001c3bbfb423241104d9c27b620aa54b57e8f73273300927a3dda5c91d9fb4c57479d331&amp;user=baidu&amp;fm=sc&amp;query=macaca&amp;qid=c3ff7752001a2d27&amp;p1=1" target="_blank" class="m">百度快照</a></div></div>
											
		
						
			
		

								

		
				
														
																																									<div class="result c-container " id="2" srcid="1599" tpl="se_com_default" data-click="{&quot;rsv_bdr&quot;:&quot;0&quot;,&quot;p5&quot;:2}"><h3 class="t"><a data-click="{
			'F':'778317EA',
			'F1':'9D73F1E4',
			'F2':'4CA6DD6B',
			'F3':'54E5343F',
			'T':'1498445678',
						'y':'FBF7FF9B'
			 
									}" href="http://www.baidu.com/link?url=CeNdH11gS30Gn5HfiXgxNPIu8-lMgqkKrieaVwDOaGPa3m3jDxnW_OkiZZFYS2c_" target="_blank"><em>Macaca</em>首页、文档和下载 - 自动化测试解决方案 - 开源中国社区</a></h3><div class="c-abstract">官方网站: 链接 <em>Macaca</em>是一套完整的自动化测试解决方案。 特性: 支持移动端和PC端 支持Native, Hybrid, H5 等多种应用类型 提供客户端工具和持续集成服务 客户端...</div><div class="f13"><a target="_blank" href="http://www.baidu.com/link?url=CeNdH11gS30Gn5HfiXgxNPIu8-lMgqkKrieaVwDOaGPa3m3jDxnW_OkiZZFYS2c_" class="c-showurl" style="text-decoration:none;">www.oschina.net/p/<b>macaca</b>&nbsp;</a><div class="c-tools" id="tools_11278799904976578789_2" data-tools="{&quot;title&quot;:&quot;Macaca首页、文档和下载 - 自动化测试解决方案 - 开源中国社区&quot;,&quot;url&quot;:&quot;http://www.baidu.com/link?url=CeNdH11gS30Gn5HfiXgxNPIu8-lMgqkKrieaVwDOaGPa3m3jDxnW_OkiZZFYS2c_&quot;}"><a class="c-tip-icon"><i class="c-icon c-icon-triangle-down-g"></i></a></div><span class="c-icons-outer"><span class="c-icons-inner"></span></span>&nbsp;-&nbsp;<a data-click="{'rsv_snapshot':'1'}" href="http://cache.baiducontent.com/c?m=9f65cb4a8c8507ed4fece763105392230e54f73e7d868a4e23878448e4380c075a24fee47473435580d1393a41f94603b9a1652364&amp;p=c9759a46d7c01ee81aa2c52d0214c6&amp;newp=8b2a9712839e59ff57ee957d5f7a8f231610db2151d6d3106b82c825d7331b001c3bbfb423241104d3cf796d02a94f5dedf63371360723a3dda5c91d9fb4c57479df726968&amp;user=baidu&amp;fm=sc&amp;query=macaca&amp;qid=c3ff7752001a2d27&amp;p1=2" target="_blank" class="m">百度快照</a></div><div class="c-gap-top c-recommend" style="display:none;" data-extquery="macaca自动化测试&nbsp;macaca 测试&nbsp;macaca appium&nbsp;appium&nbsp;"><i class="c-icon c-icon-bear-circle c-gap-right-small"></i><span class="c-gray">为您推荐：</span><a href="/s?rsv_idx=1&amp;wd=macaca%E8%87%AA%E5%8A%A8%E5%8C%96%E6%B5%8B%E8%AF%95&amp;usm=1&amp;ie=utf-8&amp;rsv_crq=7&amp;bs=macaca" target="_blank" class="res-gap-right16">macaca自动化测试</a><a href="/s?rsv_idx=1&amp;wd=macaca+%E6%B5%8B%E8%AF%95&amp;usm=1&amp;ie=utf-8&amp;rsv_crq=7&amp;bs=macaca" target="_blank" class="res-gap-right16">macaca 测试</a><a href="/s?rsv_idx=1&amp;wd=macaca+appium&amp;usm=1&amp;ie=utf-8&amp;rsv_crq=7&amp;bs=macaca" target="_blank" class="res-gap-right16">macaca appium</a><a href="/s?rsv_idx=1&amp;wd=appium&amp;usm=1&amp;ie=utf-8&amp;rsv_crq=7&amp;bs=macaca" target="_blank">appium</a></div></div>
											
		
						
			
		

								

		
				
														
																																									<div class="result c-container " id="3" srcid="1599" tpl="se_com_default" data-click="{&quot;rsv_bdr&quot;:&quot;0&quot;,&quot;p5&quot;:3}"><h3 class="t"><a data-click="{
			'F':'778317EA',
			'F1':'9D73F1E4',
			'F2':'4CA6DE6B',
			'F3':'54E5343F',
			'T':'1498445678',
						'y':'D7FFBF7D'
			 
									}" href="http://www.baidu.com/link?url=eAkhpBY6wuvKIQDCjFKrOn3NZ4BlH4ypF3kEBtX-w_Hr9DhqSpTf3Q2Gf6iT7JI5" target="_blank"><em>Macaca</em> · 社区 · TesterHome</a></h3><div class="c-abstract"><span class=" newTimeFactor_before_abs m">6天前&nbsp;-&nbsp;</span>34 <em>Macaca</em> ubuntu16.04 和 win10 环境正确部署 <em>macaca</em>-android2.0.2 和 app-inspector1.2.28  harsayer • 最后由 xmlbw 回复于 2017年06月19日  5 <em>Ma</em>...</div><div class="f13"><a target="_blank" href="http://www.baidu.com/link?url=eAkhpBY6wuvKIQDCjFKrOn3NZ4BlH4ypF3kEBtX-w_Hr9DhqSpTf3Q2Gf6iT7JI5" class="c-showurl" style="text-decoration:none;">testerhome.com/topics/...&nbsp;</a><div class="c-tools" id="tools_8998940690372164307_3" data-tools="{&quot;title&quot;:&quot;Macaca · 社区 · TesterHome&quot;,&quot;url&quot;:&quot;http://www.baidu.com/link?url=eAkhpBY6wuvKIQDCjFKrOn3NZ4BlH4ypF3kEBtX-w_Hr9DhqSpTf3Q2Gf6iT7JI5&quot;}"><a class="c-tip-icon"><i class="c-icon c-icon-triangle-down-g"></i></a></div><span class="c-icons-outer"><span class="c-icons-inner"></span></span>&nbsp;-&nbsp;<a data-click="{'rsv_snapshot':'1'}" href="http://cache.baiducontent.com/c?m=9f65cb4a8c8507ed4fece763105080275f03c039618887027fa3c215cc791d1c053db2fa3a7e4d5284c1767344f2090ae5af6523645273&amp;p=882a9645d4df57bc09be9b7c485782&amp;newp=882a9645d49f15fc57ef8e3a1e4c83231610db2151d4d1176b82c825d7331b001c3bbfb423241105d6c17a6107a44258e9f437793c0225a3dda5c91d9fb4c57479d473&amp;user=baidu&amp;fm=sc&amp;query=macaca&amp;qid=c3ff7752001a2d27&amp;p1=3" target="_blank" class="m">百度快照</a></div></div>
											
		
						
			
		

								

		
				
														
																																									<div class="result c-container " id="4" srcid="1599" tpl="se_com_default" data-click="{&quot;rsv_bdr&quot;:&quot;0&quot;,&quot;p5&quot;:4}"><h3 class="t"><a data-click="{
			'F':'778317EA',
			'F1':'9D73F1E4',
			'F2':'4CA6DE6B',
			'F3':'54E5343F',
			'T':'1498445678',
						'y':'B77EEE8F'
			 
									}" href="http://www.baidu.com/link?url=Xu_AsHPE66uVu9V8_mNIJc-BRYjW-Vg3-76n-B8-NFjmFFNXGTUOG1FawJYVyYcY5cpTYuPz6LIRyz7YCcdhhK" target="_blank"><em>Macaca</em>自动化测试之Android测试 - 虫师 - 博客园</a></h3><div class="c-row c-gap-top-small"><div class="general_image_pic c-span6"><a class="c-img6" style="height:75px" href="http://www.baidu.com/link?url=Xu_AsHPE66uVu9V8_mNIJc-BRYjW-Vg3-76n-B8-NFjmFFNXGTUOG1FawJYVyYcY5cpTYuPz6LIRyz7YCcdhhK" target="_blank"><img class="c-img c-img6" src="https://ss0.baidu.com/73x1bjeh1BF3odCf/it/u=1190414170,571750852&amp;fm=85&amp;s=869835CA43FEB6690049EC0C000070C2" style="height:75px;"></a></div><div class="c-span18 c-span-last"><div class="c-abstract"><span class=" newTimeFactor_before_abs m">2016年10月3日&nbsp;-&nbsp;</span><em>Macaca</em> PC端Web自动化测试非常类似于Selenium,而移动端自动化测试非常类似于Appium,如果你搭建过Appium环境,<em>Macaca</em>移动端环境的搭建将非常简单。在安装之前看看<em>Macaca</em>的...</div><div class="f13"><a target="_blank" href="http://www.baidu.com/link?url=Xu_AsHPE66uVu9V8_mNIJc-BRYjW-Vg3-76n-B8-NFjmFFNXGTUOG1FawJYVyYcY5cpTYuPz6LIRyz7YCcdhhK" class="c-showurl" style="text-decoration:none;">www.cnblogs.com/fnng/p...&nbsp;</a><div class="c-tools" id="tools_9372391574803139322_4" data-tools="{&quot;title&quot;:&quot;Macaca自动化测试之Android测试 - 虫师 - 博客园&quot;,&quot;url&quot;:&quot;http://www.baidu.com/link?url=Xu_AsHPE66uVu9V8_mNIJc-BRYjW-Vg3-76n-B8-NFjmFFNXGTUOG1FawJYVyYcY5cpTYuPz6LIRyz7YCcdhhK&quot;}"><a class="c-tip-icon"><i class="c-icon c-icon-triangle-down-g"></i></a></div><span class="c-icons-outer"><span class="c-icons-inner"></span></span>&nbsp;-&nbsp;<a data-click="{'rsv_snapshot':'1'}" href="http://cache.baiducontent.com/c?m=9d78d513d99c12fe0bbcc76a4a5689694312c6212bd6a3086291d60d84642c101b36bde672630704a49421381cfb1500bfed746f300820bc91ce885dddccc86e70d6&amp;p=b4348f16d9c115ff57ee947c155ec9&amp;newp=8c36d10f86cc42af5aa7c7710f49a5231610db2151d4d6176b82c825d7331b001c3bbfb423241105d6c17a6107a44258e9f437793c0225a3dda5c91d9fb4c57479c2&amp;user=baidu&amp;fm=sc&amp;query=macaca&amp;qid=c3ff7752001a2d27&amp;p1=4" target="_blank" class="m">百度快照</a></div></div></div></div>
											
		
						
			
		

								

		
				
														
																																									<div class="result c-container " id="5" srcid="1599" tpl="se_com_default" data-click="{&quot;rsv_bdr&quot;:&quot;0&quot;,&quot;p5&quot;:5}"><h3 class="t"><a data-click="{
			'F':'778317EA',
			'F1':'9D73F1E4',
			'F2':'4CA6DD6B',
			'F3':'54E5343F',
			'T':'1498445678',
						'y':'BFEF6C5E'
			 
									}" href="http://www.baidu.com/link?url=9RNMyR-ys5VPcQLI_Ko_7Bor2FvgCe8pfPVvgbm9ygcyDT_44xrUCdNfdu3YYPbS" target="_blank">阿里完整自动化测试解决方案 <em>macaca</em> 开源啦-博客-云栖社区-阿里云</a></h3><div class="c-row c-gap-top-small"><div class="general_image_pic c-span6"><a class="c-img6" style="height:75px" href="http://www.baidu.com/link?url=9RNMyR-ys5VPcQLI_Ko_7Bor2FvgCe8pfPVvgbm9ygcyDT_44xrUCdNfdu3YYPbS" target="_blank"><img class="c-img c-img6" src="https://ss0.baidu.com/73F1bjeh1BF3odCf/it/u=2009544687,3036849659&amp;fm=85&amp;s=219851321E3C708E04D144CA0100F0B2" style="height:75px;"></a></div><div class="c-span18 c-span-last"><div class="c-abstract"><em>macaca</em> 是阿里开源的完整自动化测试解决方案,该方案能够支持移动端和PC端,同时也支持Native,Hybrid,H5等多种应用类型并且能提供客户端工具和持续集成服务。</div><div class="f13"><a target="_blank" href="http://www.baidu.com/link?url=9RNMyR-ys5VPcQLI_Ko_7Bor2FvgCe8pfPVvgbm9ygcyDT_44xrUCdNfdu3YYPbS" class="c-showurl" style="text-decoration:none;">https://yq.aliyun.com/articles...&nbsp;</a><div class="c-tools" id="tools_15399719392178092000_5" data-tools="{&quot;title&quot;:&quot;阿里完整自动化测试解决方案 macaca 开源啦-博客-云栖社区-阿里云 &quot;,&quot;url&quot;:&quot;http://www.baidu.com/link?url=9RNMyR-ys5VPcQLI_Ko_7Bor2FvgCe8pfPVvgbm9ygcyDT_44xrUCdNfdu3YYPbS&quot;}"><a class="c-tip-icon"><i class="c-icon c-icon-triangle-down-g"></i></a></div><span class="c-icons-outer"><span class="c-icons-inner"></span></span></div></div></div><div class="c-gap-top c-recommend" style="display:none;" data-extquery="阿里自动化测试平台&nbsp;macaca 怎么用&nbsp;macaca怎么安装&nbsp;reliable&nbsp;"><i class="c-icon c-icon-bear-circle c-gap-right-small"></i><span class="c-gray">为您推荐：</span><a href="/s?rsv_idx=1&amp;wd=%E9%98%BF%E9%87%8C%E8%87%AA%E5%8A%A8%E5%8C%96%E6%B5%8B%E8%AF%95%E5%B9%B3%E5%8F%B0&amp;usm=1&amp;ie=utf-8&amp;rsv_crq=7&amp;bs=macaca" target="_blank" class="res-gap-right16">阿里自动化测试平台</a><a href="/s?rsv_idx=1&amp;wd=macaca+%E6%80%8E%E4%B9%88%E7%94%A8&amp;usm=1&amp;ie=utf-8&amp;rsv_crq=7&amp;bs=macaca" target="_blank" class="res-gap-right16">macaca 怎么用</a><a href="/s?rsv_idx=1&amp;wd=macaca%E6%80%8E%E4%B9%88%E5%AE%89%E8%A3%85&amp;usm=1&amp;ie=utf-8&amp;rsv_crq=7&amp;bs=macaca" target="_blank" class="res-gap-right16">macaca怎么安装</a><a href="/s?rsv_idx=1&amp;wd=reliable&amp;usm=1&amp;ie=utf-8&amp;rsv_crq=7&amp;bs=macaca" target="_blank">reliable</a></div></div>
											
		
						
			
		

								

		
				
														
																																									<div class="result c-container " id="6" srcid="1599" tpl="se_com_default" data-click="{&quot;rsv_bdr&quot;:&quot;0&quot;,&quot;p5&quot;:6}"><h3 class="t"><a data-click="{
			'F':'778317EA',
			'F1':'9D73F1E4',
			'F2':'4CA6DD6B',
			'F3':'54E5343F',
			'T':'1498445678',
						'y':'EE77FDEF'
			 
									}" href="http://www.baidu.com/link?url=4GK_8zj2p8rfSiIR9cZwtg4cgo_PPkkrBhALuVmhc10hheBlV30of1FzxHj-XrkG" target="_blank"><em>Macaca</em>基础原理解析-博客-云栖社区-阿里云</a></h3><div class="c-row c-gap-top-small"><div class="general_image_pic c-span6"><a class="c-img6" style="height:75px" href="http://www.baidu.com/link?url=4GK_8zj2p8rfSiIR9cZwtg4cgo_PPkkrBhALuVmhc10hheBlV30of1FzxHj-XrkG" target="_blank"><img class="c-img c-img6" src="https://ss0.baidu.com/73x1bjeh1BF3odCf/it/u=502442860,3867028406&amp;fm=85&amp;s=4D7082468D40855754F99111020060C1" style="height:75px;"></a></div><div class="c-span18 c-span-last"><div class="c-abstract"><span class=" newTimeFactor_before_abs m">2016年12月13日&nbsp;-&nbsp;</span>## 导语前面几篇文章介绍了在<em>Macaca</em>实践中的一些实用技巧与解决方案,今天简单分析一下<em>Macaca</em>的基础原理。这篇文章将以前面所分享的[UI自动化<em>Macaca</em>-Java版实践心得]...</div><div class="f13"><a target="_blank" href="http://www.baidu.com/link?url=4GK_8zj2p8rfSiIR9cZwtg4cgo_PPkkrBhALuVmhc10hheBlV30of1FzxHj-XrkG" class="c-showurl" style="text-decoration:none;">https://yq.aliyun.com/articles...&nbsp;</a><div class="c-tools" id="tools_15626947054989842380_6" data-tools="{&quot;title&quot;:&quot;Macaca基础原理解析-博客-云栖社区-阿里云 &quot;,&quot;url&quot;:&quot;http://www.baidu.com/link?url=4GK_8zj2p8rfSiIR9cZwtg4cgo_PPkkrBhALuVmhc10hheBlV30of1FzxHj-XrkG&quot;}"><a class="c-tip-icon"><i class="c-icon c-icon-triangle-down-g"></i></a></div><span class="c-icons-outer"><span class="c-icons-inner"></span></span></div></div></div></div>
											
		
						
			
		

								

		
				
														
																																									<div class="result c-container " id="7" srcid="1599" tpl="se_com_default" data-click="{&quot;rsv_bdr&quot;:&quot;0&quot;,&quot;p5&quot;:7}"><h3 class="t"><a data-click="{
			'F':'778317EA',
			'F1':'9D73F1E4',
			'F2':'4CA6DE6B',
			'F3':'54E5243F',
			'T':'1498445678',
						'y':'FDFDFDBE'
			 
									}" href="http://www.baidu.com/link?url=C8f8-9wIvGBO_GDrqlQBaGiM52piPGAiOEEe6fJ2YXDIZwPnA47iHyjlsdvGv16V" target="_blank"><em>MACACA</em>輕運動生活服</a></h3><div class="c-abstract">Shop (0) | Shop Info | Member | Q&amp;A | ContactPRODUCTS/產品分類 LOOKBOOK ACTIVITY/運動類型 BLOG/生活誌Top...</div><div class="f13"><a target="_blank" href="http://www.baidu.com/link?url=C8f8-9wIvGBO_GDrqlQBaGiM52piPGAiOEEe6fJ2YXDIZwPnA47iHyjlsdvGv16V" class="c-showurl" style="text-decoration:none;">www.<b>macaca</b>.com.tw/&nbsp;</a><div class="c-tools" id="tools_6982440597047688521_7" data-tools="{&quot;title&quot;:&quot;MACACA輕運動生活服&quot;,&quot;url&quot;:&quot;http://www.baidu.com/link?url=C8f8-9wIvGBO_GDrqlQBaGiM52piPGAiOEEe6fJ2YXDIZwPnA47iHyjlsdvGv16V&quot;}"><a class="c-tip-icon"><i class="c-icon c-icon-triangle-down-g"></i></a></div><span class="c-icons-outer"><span class="c-icons-inner"></span></span>&nbsp;-&nbsp;<a data-click="{'rsv_snapshot':'1'}" href="http://cache.baiducontent.com/c?m=9f65cb4a8c8507ed4fece763105392230e54f73c6f8683442cc3933fc23904564711a5fe3a3655599393733852fe1a0db9&amp;p=8b2a970aa4934eac58edc235425189&amp;newp=81788e15d9c041af42badb2d021491231610db2151d7d2116b82c825d7331b001c3bbfb423241107d4c57c6c03ab4e5ce1fa3177300225a3dda5c91d9fb4c5747992707b&amp;user=baidu&amp;fm=sc&amp;query=macaca&amp;qid=c3ff7752001a2d27&amp;p1=7" target="_blank" class="m">百度快照</a></div></div>
											
		
						
			
		

								

		
				
														
																																									<div class="result c-container " id="8" srcid="1599" tpl="se_com_default" data-click="{&quot;rsv_bdr&quot;:&quot;0&quot;,&quot;p5&quot;:8}"><h3 class="t"><a data-click="{
			'F':'778317EA',
			'F1':'9D73F1E4',
			'F2':'4CA6DE6B',
			'F3':'54E5343F',
			'T':'1498445678',
						'y':'CDFFE673'
			 
									}" href="http://www.baidu.com/link?url=OHzj_vj20nF68r2LaVmwKWL9llGyVvwuPXs4We5lfDDXbfoWbB94pS0XeNSJtsHoPk0rvSkDwbK83pFGFVMB3K" target="_blank"><em>Macaca</em> 文档正式开放啦 - CNode技术社区</a></h3><div class="c-abstract"><em>Macaca</em> 文档开放啦 <em>Macaca</em> 文档点此查看 之前<em>Macaca</em> 团队的同学分别贴出了 iOS 和 Android 应用使用 <em>Macaca</em> 测试的例子。 [自动化平台系列] - 使用 <em>Macaca</em> 测试...</div><div class="f13"><a target="_blank" href="http://www.baidu.com/link?url=OHzj_vj20nF68r2LaVmwKWL9llGyVvwuPXs4We5lfDDXbfoWbB94pS0XeNSJtsHoPk0rvSkDwbK83pFGFVMB3K" class="c-showurl" style="text-decoration:none;">cnodejs.org/topic/56f1...&nbsp;</a><div class="c-tools" id="tools_6188963068427245150_8" data-tools="{&quot;title&quot;:&quot;Macaca 文档正式开放啦 - CNode技术社区&quot;,&quot;url&quot;:&quot;http://www.baidu.com/link?url=OHzj_vj20nF68r2LaVmwKWL9llGyVvwuPXs4We5lfDDXbfoWbB94pS0XeNSJtsHoPk0rvSkDwbK83pFGFVMB3K&quot;}"><a class="c-tip-icon"><i class="c-icon c-icon-triangle-down-g"></i></a></div><span class="c-icons-outer"><span class="c-icons-inner"></span></span>&nbsp;-&nbsp;<a data-click="{'rsv_snapshot':'1'}" href="http://cache.baiducontent.com/c?m=9f65cb4a8c8507ed4fece76310478b3b4f03d8222bd7a7483f818e0ece2600105a61e7ef24211450d2c27d670bae420debf165793c5522e7cadccd179ded9d777cd9746523&amp;p=aa7fcc16d9c159dd04bd9b75067a&amp;newp=8b2a971c9e8033fe11bd9b75064f92695d0fc20e3cd7d401298ffe0cc4241a1a1a3aecbf2123130ed9ce7e6001a9425fe0f63575360634f1f689df08d2ecce7e76c064462155&amp;user=baidu&amp;fm=sc&amp;query=macaca&amp;qid=c3ff7752001a2d27&amp;p1=8" target="_blank" class="m">百度快照</a></div><div class="c-gap-top c-recommend" style="display:none;" data-extquery="macaca windows安装&nbsp;cnpm 安装&nbsp;mac cnpm 安装&nbsp;"><i class="c-icon c-icon-bear-circle c-gap-right-small"></i><span class="c-gray">为您推荐：</span><a href="/s?rsv_idx=1&amp;wd=macaca+windows%E5%AE%89%E8%A3%85&amp;usm=1&amp;ie=utf-8&amp;rsv_crq=7&amp;bs=macaca" target="_blank" class="res-gap-right16">macaca windows安装</a><a href="/s?rsv_idx=1&amp;wd=cnpm+%E5%AE%89%E8%A3%85&amp;usm=1&amp;ie=utf-8&amp;rsv_crq=7&amp;bs=macaca" target="_blank" class="res-gap-right16">cnpm 安装</a><a href="/s?rsv_idx=1&amp;wd=mac+cnpm+%E5%AE%89%E8%A3%85&amp;usm=1&amp;ie=utf-8&amp;rsv_crq=7&amp;bs=macaca" target="_blank">mac cnpm 安装</a></div></div>
											
		
						
			
		

								

		
				
														
																																									<div class="result c-container " id="9" srcid="1599" tpl="se_com_default" data-click="{&quot;rsv_bdr&quot;:&quot;0&quot;,&quot;p5&quot;:9}"><h3 class="t"><a data-click="{
			'F':'778317EA',
			'F1':'9D73F1E4',
			'F2':'4CA6DE6B',
			'F3':'54E5343F',
			'T':'1498445678',
						'y':'D6F3DEBB'
			 
									}" href="http://www.baidu.com/link?url=7DeJlLaCt7N8sMfBK0s-_lqUPygIyxr6gAQ0LHZuaFJeCFucETJnxhf_rCewkZigMqUAxblnWzHLrQJ3FvFbQa" target="_blank"><em>Macaca</em> 测试 Android 原理解析 - UIAutomator 篇 - 推酷</a></h3><div class="c-row c-gap-top-small"><div class="general_image_pic c-span6"><a class="c-img6" style="height:75px" href="http://www.baidu.com/link?url=7DeJlLaCt7N8sMfBK0s-_lqUPygIyxr6gAQ0LHZuaFJeCFucETJnxhf_rCewkZigMqUAxblnWzHLrQJ3FvFbQa" target="_blank"><img class="c-img c-img6" src="https://ss0.baidu.com/73F1bjeh1BF3odCf/it/u=458059380,3311817194&amp;fm=85&amp;s=32829C4D86B4B66E0CD0400D0000A0C0" style="height:75px;"></a></div><div class="c-span18 c-span-last"><div class="c-abstract"><span class=" newTimeFactor_before_abs m">2016年5月1日&nbsp;-&nbsp;</span>用<em>Macaca</em> 可以快速、便捷地进行安卓 native 的自动化测试,用简洁的 js 语法,写下用例,然后执行 <em>Macaca</em> CLI 命令,就可以看到安卓的手机在按照你的指令自动进行用例...</div><div class="f13"><a target="_blank" href="http://www.baidu.com/link?url=7DeJlLaCt7N8sMfBK0s-_lqUPygIyxr6gAQ0LHZuaFJeCFucETJnxhf_rCewkZigMqUAxblnWzHLrQJ3FvFbQa" class="c-showurl" style="text-decoration:none;">www.tuicool.com/articl...&nbsp;</a><div class="c-tools" id="tools_8173510531334698887_9" data-tools="{&quot;title&quot;:&quot;Macaca 测试 Android 原理解析 - UIAutomator 篇 - 推酷 &quot;,&quot;url&quot;:&quot;http://www.baidu.com/link?url=7DeJlLaCt7N8sMfBK0s-_lqUPygIyxr6gAQ0LHZuaFJeCFucETJnxhf_rCewkZigMqUAxblnWzHLrQJ3FvFbQa&quot;}"><a class="c-tip-icon"><i class="c-icon c-icon-triangle-down-g"></i></a></div><span class="c-icons-outer"><span class="c-icons-inner"></span></span>&nbsp;-&nbsp;<a data-click="{'rsv_snapshot':'1'}" href="http://cache.baiducontent.com/c?m=9f65cb4a8c8507ed4fece763105392230e54f7257b8c8148228a8448e435061e5a35a3fd7c734e5392d8201471f7360caee4732f77552fe8c899db1b8e&amp;p=8b2a9753c08700fa18bd9b7d0c178d&amp;newp=8673c54ad5c240b119abf82d021493231610db2151d6d41e6b82c825d7331b001c3bbfb423241104d9c27b620aa54b57e8f73273300927a3dda5c91d9fb4c574799666721c&amp;user=baidu&amp;fm=sc&amp;query=macaca&amp;qid=c3ff7752001a2d27&amp;p1=9" target="_blank" class="m">百度快照</a></div></div></div><div class="c-gap-top c-recommend" style="display:none;" data-extquery="uiautomator 教程&nbsp;uiautomator实现原理&nbsp;macaca 使用&nbsp;appium&nbsp;"><i class="c-icon c-icon-bear-circle c-gap-right-small"></i><span class="c-gray">为您推荐：</span><a href="/s?rsv_idx=1&amp;wd=uiautomator+%E6%95%99%E7%A8%8B&amp;usm=1&amp;ie=utf-8&amp;rsv_crq=7&amp;bs=macaca" target="_blank" class="res-gap-right16">uiautomator 教程</a><a href="/s?rsv_idx=1&amp;wd=uiautomator%E5%AE%9E%E7%8E%B0%E5%8E%9F%E7%90%86&amp;usm=1&amp;ie=utf-8&amp;rsv_crq=7&amp;bs=macaca" target="_blank" class="res-gap-right16">uiautomator实现原理</a><a href="/s?rsv_idx=1&amp;wd=macaca+%E4%BD%BF%E7%94%A8&amp;usm=1&amp;ie=utf-8&amp;rsv_crq=7&amp;bs=macaca" target="_blank" class="res-gap-right16">macaca 使用</a><a href="/s?rsv_idx=1&amp;wd=appium&amp;usm=1&amp;ie=utf-8&amp;rsv_crq=7&amp;bs=macaca" target="_blank">appium</a></div></div>
											
		
						
			
		

								

		
					        
		                             

    














































    
    


<div class="result-op c-container xpath-log" srcid="85" fk="macaca" id="10" tpl="dict3" mu="http://fanyi.baidu.com/#en/zh/macaca" data-op="{'y':'BFF7AFFD'}" data-click="{&quot;p1&quot;:&quot;10&quot;,&quot;rsv_bdr&quot;:&quot;0&quot;,&quot;fm&quot;:&quot;alop&quot;,&quot;rsv_stl&quot;:&quot;0&quot;,&quot;p5&quot;:10}">
            
<h3 class="t c-gap-bottom-small">
<a href="http://www.baidu.com/link?url=HrJPc8Q27RXGPTlCYGI9xD7N9JQMUT3ezscWul7p9R_cNa-CCpwkMP0Hl7tKCJgKVlnV018UCN1Geg7P8Blja_" target="_blank"><em>macaca</em>_百度翻译</a>
</h3>

        <div class="c-border">
<div class="op_dict_content" lang="EN-US" xml:lang="EN-US">
                        <div class="op_dict3_readline c-clearfix">
                                                <div class="op_dict3_read1">
                    <table border="0" cellspacing="0" cellpadding="0" class="op_dict_table">
                        <tbody><tr>
                            <td class="op_dict3_englishtxt"><span class="op_dict3_font24 op_dict3_marginRight">macaca</span></td>
                                                    <td>
                                                                                                                                                            <span class="op_dict3_font14 op_dict3_gap_small">英</span>
                                                                                            <span class="op_dict3_font16 op_dict3_gap_small">[mə'kækə]</span>
                                                                                                <span><a class="op_dict3_how_read" data-click="{fm:'beha'}" url="https://sp0.baidu.com/-rM1hT4a2gU2pMbgoY3K/gettts?lan=uk&amp;text=macaca&amp;spd=2&amp;source=alading" href="javascript:;" onclick="return false;" hidefocus="true"></a></span>
                                <span><a class="op-dict3-repeat op-dict3-repeat-off c-gap-top-small" data-click="{fm:'beha'}" phono="[mə'kækə]" url="https://sp0.baidu.com/-rM1hT4a2gU2pMbgoY3K/gettts?lan=uk&amp;text=macaca&amp;spd=2&amp;source=alading" href="javascript:;" onclick="return false;" hidefocus="true"></a></span>
                                                            </td>
                                                    <td>
                                                                                                                                                                <span class="op_dict3_font14 op_dict3_gap_small">美</span>
                                                                                                <span class="op_dict3_font16 op_dict3_gap_small">[mə'kækə]</span>
                                                                                                <span><a class="op_dict3_how_read" data-click="{fm:'beha'}" url="https://sp0.baidu.com/-rM1hT4a2gU2pMbgoY3K/gettts?lan=en&amp;text=macaca&amp;spd=2&amp;source=alading" href="javascript:;" onclick="return false;" hidefocus="true"></a></span>
                                <span><a class="op-dict3-repeat op-dict3-repeat-off c-gap-top-small" data-click="{fm:'beha'}" phono="[mə'kækə]" url="https://sp0.baidu.com/-rM1hT4a2gU2pMbgoY3K/gettts?lan=en&amp;text=macaca&amp;spd=2&amp;source=alading" href="javascript:;" onclick="return false;" hidefocus="true"></a></span>
                                                            </td>
                        </tr>
                    </tbody></table>
                </div>
            </div>
                                                        <table border="0" cellspacing="0" cellpadding="0" class="op_dict3_english_result_table">
            <tbody><tr>
                                                <td><span class="op_dict_text1 c-gap-right">[词典]</span></td>
                                                <td>
                    <span class="op_dict_text2">
                                                                                                                        弥猴属;
                                                                    </span>
                </td>
                            </tr>
        </tbody></table>
                                <div class="op_dict3_lineone_result c-clearfix" style="display: block;"><span class="op_dict3_lineone_result_tip">[例句]</span><span>Objective To study a BV antibody surveillance model for establishment and maintenance of <em class="op_dict3_highlight">Macaca</em> mulatta SPF <em class="op_dict3_inlineblock">colony.<a class="op_dict3_how_read op_dict3_liju_read" data-click="{fm:beha}" url="https://sp0.baidu.com/-rM1hT4a2gU2pMbgoY3K/gettts?lan=en&amp;text=Objective%20To%20study%20a%20BV%20antibody%20surveillance%20model%20for%20establishment%20and%20maintenance%20of%20Macaca%20mulatta%20SPF%20colony.&amp;spd=2&amp;source=alading" href="javascript:;" onclick="return false;" hidefocus="true"></a></em></span></div>
        <div class="op_dict3_linetwo_result" style="display: block;">结论该模式能有效监测猕猴BV抗体变化，为本中心在国内建立猕猴SPF种群提供了有力的技术保障。</div>    
                                                        <div class="op_dict3_extra">
                <p class="op_dict3_morelink">
                                        <a target="_blank" hidefocus="true" href="http://www.baidu.com/link?url=wYYLCs1FffYxBTWM1_rQVu4agrMrUbvZ1Iq4KNpoAgT-Vd2_botYyMWE1UIBZ2sXXTVr7YBI8EWskU9lF8qppnIJOQ3apx3iSffFS9JBD45bfeFOFkV2V5hY3LMSZ5Fv">双语例句</a>
                                                                                <a target="_blank" hidefocus="true" href="http://www.baidu.com/link?url=kpzvha0-9kLQOwtZQWWhA_TIgjokAmyncLMBPmgXeq5PonOySciZZNDhU4hs8LZpr3ewhdwm9Y-tvezmEowau6QC9-shUILT6t7iDGzJsMonzf00Kt5zdboFzcBTtiKZ">英英释义</a>
                                                                            </p>
            </div>
                        <p class="op_dict3_exectrans_more"><a target="_blank" hidefocus="true" href="http://www.baidu.com/link?url=HrJPc8Q27RXGPTlCYGI9xD7N9JQMUT3ezscWul7p9R_cNa-CCpwkMP0Hl7tKCJgKX16lSbmKSzDd1b0-CXPfxkaXz-lbecGiarjZWq_Tgrm">进行更多翻译</a></p>
                
        
</div>
<div class="op_dict_fmp_flash_div"><audio id="op-dict-audio" style="display: none"></audio></div>
<script data-compress="off">
    A.setup({
        wd: 'macaca',
        sensearchUrl: 'https://sp1.baidu.com/5b11fzupBgM18t7jm9iCKT-xh_/sensearch',
        dictUrl: 'https://sp0.baidu.com/-rM1hT4a2gU2pMbgoY3K/static/webpage/flash/bt.swf?v=090105a',
        contUrl: 'https://sp1.baidu.com/8qUJcD3n0sgCo2Kml5_Y_D3/v.gif',
        englishtxt: '\"macaca\"',
        chinesetxtlong: '\"\"',
        fanyiTTSUrl: 'https://sp0.baidu.com/-rM1hT4a2gU2pMbgoY3K/gettts'
    });
</script>

</div>                
        
        <div class="c-gap-top-small"><span class="c-showurl">fanyi.baidu.com </span><span class="c-tools" id="tools_12991445509015342431_10" data-tools="{title:'macaca_百度翻译',url:'http://fanyi.baidu.com/#en/zh/macaca'}"><a class="c-tip-icon"><i class="c-icon c-icon-triangle-down-g"></i></a></span></div> 
        
    
            
        
    <div class="c-gap-top c-recommend" style="display:none;">
        <i class="c-icon c-icon-bear-circle c-gap-right-small"></i>
        <span class="c-gray">为您推荐：</span>
                
                                                <a target="_blank" href="/s?rsv_idx=1&amp;wd=macaca+%E6%80%8E%E4%B9%88%E7%94%A8&amp;usm=1&amp;ie=utf-8&amp;rsv_cq=macaca&amp;rsv_dl=0_left_dict3_85_24660" title="macaca 怎么用">macaca 怎么用</a>                                        <a class="c-gap-left-large" target="_blank" href="/s?rsv_idx=1&amp;wd=mac+%E7%BB%88%E7%AB%AF%E5%BF%AB%E6%8D%B7%E9%94%AE&amp;usm=1&amp;ie=utf-8&amp;rsv_cq=macaca&amp;rsv_dl=0_left_dict3_85_24660" title="mac 终端快捷键">mac 终端快捷键</a>                                        <a class="c-gap-left-large" target="_blank" href="/s?rsv_idx=1&amp;wd=mac+%E7%BB%88%E7%AB%AF%E6%9C%80%E5%A4%A7%E5%8C%96%E5%90%8E%2C%E5%A6%82%E4%BD%95%E6%81%A2%E5%A4%8D&amp;usm=1&amp;ie=utf-8&amp;rsv_cq=macaca&amp;rsv_dl=0_left_dict3_85_24660" title="mac 终端最大化后,如何恢复">mac 终端最大化后,如何恢复</a>                                    </div>

</div>

    
	    	

								
		
						
			
	
	
				
	
	
	
	

	
	

</div>

	
        <div style="clear:both;height:0;"></div>
	    
        
    <div id="rs"><div class="tt">相关搜索</div><table cellpadding="0"><tbody><tr><th><a href="/s?wd=macaca%E8%87%AA%E5%8A%A8%E5%8C%96%E6%A1%86%E6%9E%B6&amp;rsf=1&amp;rsp=0&amp;f=1&amp;oq=macaca&amp;ie=utf-8&amp;usm=1&amp;rsv_idx=1&amp;rsv_pq=c3ff7752001a2d27&amp;rsv_t=3022oAtgxIe6a36KikozwWy8tgF1AMLE112d1rlRgedPNLqxaNAbITdpLLo&amp;rqlang=cn&amp;rs_src=0&amp;rsv_pq=c3ff7752001a2d27&amp;rsv_t=3022oAtgxIe6a36KikozwWy8tgF1AMLE112d1rlRgedPNLqxaNAbITdpLLo">macaca自动化框架</a></th><td></td><th><a href="/s?wd=macaca%E5%8E%9F%E7%90%86&amp;rsf=1&amp;rsp=1&amp;f=1&amp;oq=macaca&amp;ie=utf-8&amp;usm=1&amp;rsv_idx=1&amp;rsv_pq=c3ff7752001a2d27&amp;rsv_t=3022oAtgxIe6a36KikozwWy8tgF1AMLE112d1rlRgedPNLqxaNAbITdpLLo&amp;rqlang=cn&amp;rs_src=0&amp;rsv_pq=c3ff7752001a2d27&amp;rsv_t=3022oAtgxIe6a36KikozwWy8tgF1AMLE112d1rlRgedPNLqxaNAbITdpLLo">macaca原理</a></th><td></td><th><a href="/s?wd=macaca%20monkey&amp;rsf=1&amp;rsp=2&amp;f=1&amp;oq=macaca&amp;ie=utf-8&amp;usm=1&amp;rsv_idx=1&amp;rsv_pq=c3ff7752001a2d27&amp;rsv_t=3022oAtgxIe6a36KikozwWy8tgF1AMLE112d1rlRgedPNLqxaNAbITdpLLo&amp;rqlang=cn&amp;rs_src=0&amp;rsv_pq=c3ff7752001a2d27&amp;rsv_t=3022oAtgxIe6a36KikozwWy8tgF1AMLE112d1rlRgedPNLqxaNAbITdpLLo">macaca monkey</a></th></tr><tr><th><a href="/s?wd=macaca%20appium&amp;rsf=1&amp;rsp=3&amp;f=1&amp;oq=macaca&amp;ie=utf-8&amp;usm=1&amp;rsv_idx=1&amp;rsv_pq=c3ff7752001a2d27&amp;rsv_t=3022oAtgxIe6a36KikozwWy8tgF1AMLE112d1rlRgedPNLqxaNAbITdpLLo&amp;rqlang=cn&amp;rs_src=0&amp;rsv_pq=c3ff7752001a2d27&amp;rsv_t=3022oAtgxIe6a36KikozwWy8tgF1AMLE112d1rlRgedPNLqxaNAbITdpLLo">macaca appium</a></th><td></td><th><a href="/s?wd=macaca%20%E8%87%AA%E5%8A%A8%E5%8C%96%E6%B5%8B%E8%AF%95&amp;rsf=1&amp;rsp=4&amp;f=1&amp;oq=macaca&amp;ie=utf-8&amp;usm=1&amp;rsv_idx=1&amp;rsv_pq=c3ff7752001a2d27&amp;rsv_t=3022oAtgxIe6a36KikozwWy8tgF1AMLE112d1rlRgedPNLqxaNAbITdpLLo&amp;rqlang=cn&amp;rs_src=0&amp;rsv_pq=c3ff7752001a2d27&amp;rsv_t=3022oAtgxIe6a36KikozwWy8tgF1AMLE112d1rlRgedPNLqxaNAbITdpLLo">macaca 自动化测试</a></th><td></td><th><a href="/s?wd=macaca%E4%B8%8D%E5%AE%89%E8%A3%85&amp;rsf=1&amp;rsp=5&amp;f=1&amp;oq=macaca&amp;ie=utf-8&amp;usm=1&amp;rsv_idx=1&amp;rsv_pq=c3ff7752001a2d27&amp;rsv_t=3022oAtgxIe6a36KikozwWy8tgF1AMLE112d1rlRgedPNLqxaNAbITdpLLo&amp;rqlang=cn&amp;rs_src=0&amp;rsv_pq=c3ff7752001a2d27&amp;rsv_t=3022oAtgxIe6a36KikozwWy8tgF1AMLE112d1rlRgedPNLqxaNAbITdpLLo">macaca不安装</a></th></tr><tr><th><a href="/s?wd=macaca%20js&amp;rsf=2&amp;rsp=6&amp;f=1&amp;oq=macaca&amp;ie=utf-8&amp;usm=1&amp;rsv_idx=1&amp;rsv_pq=c3ff7752001a2d27&amp;rsv_t=3022oAtgxIe6a36KikozwWy8tgF1AMLE112d1rlRgedPNLqxaNAbITdpLLo&amp;rqlang=cn&amp;rs_src=0&amp;rsv_pq=c3ff7752001a2d27&amp;rsv_t=3022oAtgxIe6a36KikozwWy8tgF1AMLE112d1rlRgedPNLqxaNAbITdpLLo">macaca js</a></th><td></td><th><a href="/s?wd=macaca%20GitHub&amp;rsf=1&amp;rsp=7&amp;f=1&amp;oq=macaca&amp;ie=utf-8&amp;usm=1&amp;rsv_idx=1&amp;rsv_pq=c3ff7752001a2d27&amp;rsv_t=3022oAtgxIe6a36KikozwWy8tgF1AMLE112d1rlRgedPNLqxaNAbITdpLLo&amp;rqlang=cn&amp;rs_src=0&amp;rsv_pq=c3ff7752001a2d27&amp;rsv_t=3022oAtgxIe6a36KikozwWy8tgF1AMLE112d1rlRgedPNLqxaNAbITdpLLo">macaca GitHub</a></th><td></td><th><a href="/s?wd=macaca%20java&amp;rsf=1&amp;rsp=8&amp;f=1&amp;oq=macaca&amp;ie=utf-8&amp;usm=1&amp;rsv_idx=1&amp;rsv_pq=c3ff7752001a2d27&amp;rsv_t=3022oAtgxIe6a36KikozwWy8tgF1AMLE112d1rlRgedPNLqxaNAbITdpLLo&amp;rqlang=cn&amp;rs_src=0&amp;rsv_pq=c3ff7752001a2d27&amp;rsv_t=3022oAtgxIe6a36KikozwWy8tgF1AMLE112d1rlRgedPNLqxaNAbITdpLLo">macaca java</a></th></tr></tbody></table></div>

<div id="page">


	    <strong><span class="fk fk_cur"><i class="c-icon c-icon-bear-p"></i></span><span class="pc">1</span></strong><a href="/s?wd=macaca&amp;pn=10&amp;oq=macaca&amp;ie=utf-8&amp;usm=1&amp;rsv_idx=1&amp;rsv_pq=c3ff7752001a2d27&amp;rsv_t=3022oAtgxIe6a36KikozwWy8tgF1AMLE112d1rlRgedPNLqxaNAbITdpLLo"><span class="fk fkd"><i class="c-icon c-icon-bear-pn"></i></span><span class="pc">2</span></a><a href="/s?wd=macaca&amp;pn=20&amp;oq=macaca&amp;ie=utf-8&amp;usm=1&amp;rsv_idx=1&amp;rsv_pq=c3ff7752001a2d27&amp;rsv_t=3022oAtgxIe6a36KikozwWy8tgF1AMLE112d1rlRgedPNLqxaNAbITdpLLo"><span class="fk"><i class="c-icon c-icon-bear-pn"></i></span><span class="pc">3</span></a><a href="/s?wd=macaca&amp;pn=30&amp;oq=macaca&amp;ie=utf-8&amp;usm=1&amp;rsv_idx=1&amp;rsv_pq=c3ff7752001a2d27&amp;rsv_t=3022oAtgxIe6a36KikozwWy8tgF1AMLE112d1rlRgedPNLqxaNAbITdpLLo"><span class="fk fkd"><i class="c-icon c-icon-bear-pn"></i></span><span class="pc">4</span></a><a href="/s?wd=macaca&amp;pn=40&amp;oq=macaca&amp;ie=utf-8&amp;usm=1&amp;rsv_idx=1&amp;rsv_pq=c3ff7752001a2d27&amp;rsv_t=3022oAtgxIe6a36KikozwWy8tgF1AMLE112d1rlRgedPNLqxaNAbITdpLLo"><span class="fk"><i class="c-icon c-icon-bear-pn"></i></span><span class="pc">5</span></a><a href="/s?wd=macaca&amp;pn=50&amp;oq=macaca&amp;ie=utf-8&amp;usm=1&amp;rsv_idx=1&amp;rsv_pq=c3ff7752001a2d27&amp;rsv_t=3022oAtgxIe6a36KikozwWy8tgF1AMLE112d1rlRgedPNLqxaNAbITdpLLo"><span class="fk fkd"><i class="c-icon c-icon-bear-pn"></i></span><span class="pc">6</span></a><a href="/s?wd=macaca&amp;pn=60&amp;oq=macaca&amp;ie=utf-8&amp;usm=1&amp;rsv_idx=1&amp;rsv_pq=c3ff7752001a2d27&amp;rsv_t=3022oAtgxIe6a36KikozwWy8tgF1AMLE112d1rlRgedPNLqxaNAbITdpLLo"><span class="fk"><i class="c-icon c-icon-bear-pn"></i></span><span class="pc">7</span></a><a href="/s?wd=macaca&amp;pn=70&amp;oq=macaca&amp;ie=utf-8&amp;usm=1&amp;rsv_idx=1&amp;rsv_pq=c3ff7752001a2d27&amp;rsv_t=3022oAtgxIe6a36KikozwWy8tgF1AMLE112d1rlRgedPNLqxaNAbITdpLLo"><span class="fk fkd"><i class="c-icon c-icon-bear-pn"></i></span><span class="pc">8</span></a><a href="/s?wd=macaca&amp;pn=80&amp;oq=macaca&amp;ie=utf-8&amp;usm=1&amp;rsv_idx=1&amp;rsv_pq=c3ff7752001a2d27&amp;rsv_t=3022oAtgxIe6a36KikozwWy8tgF1AMLE112d1rlRgedPNLqxaNAbITdpLLo"><span class="fk"><i class="c-icon c-icon-bear-pn"></i></span><span class="pc">9</span></a><a href="/s?wd=macaca&amp;pn=90&amp;oq=macaca&amp;ie=utf-8&amp;usm=1&amp;rsv_idx=1&amp;rsv_pq=c3ff7752001a2d27&amp;rsv_t=3022oAtgxIe6a36KikozwWy8tgF1AMLE112d1rlRgedPNLqxaNAbITdpLLo"><span class="fk fkd"><i class="c-icon c-icon-bear-pn"></i></span><span class="pc">10</span></a><a href="/s?wd=macaca&amp;pn=10&amp;oq=macaca&amp;ie=utf-8&amp;usm=1&amp;rsv_idx=1&amp;rsv_pq=c3ff7752001a2d27&amp;rsv_t=3022oAtgxIe6a36KikozwWy8tgF1AMLE112d1rlRgedPNLqxaNAbITdpLLo&amp;rsv_page=1" class="n">下一页&gt;</a>


</div>
<div id="content_bottom">



</div>
    


    </div><script>
try{document.cookie="WWW_ST=;expires=Sat, 01 Jan 2000 00:00:00 GMT";}catch(e){}
</script><div id="foot"><span id="help" style="float:left;padding-left:121px"><a href="http://help.baidu.com/question" target="_blank" onmousedown="return c({'fm':'behb','tab':'help','url':this.href,'title':this.innerHTML})">帮助</a><a href="http://www.baidu.com/search/jubao.html" target="_blank" onmousedown="return c({'fm':'behb','tab':'jubao','url':this.href,'title':this.innerHTML})">举报</a><a class="feedback" onclick="return false;" href="javascript:;" target="_blank" onmousedown="return ns_c({'fm':'behb','tab':'feedback'})">用户反馈</a></span></div><script>
	bds.ready(function(){
		var initScrollTop   = $(window).scrollTop(),
		bottomScrollTop = $(document).height() - $(window).height(),	/*//滑动条移动到底部时的scrollTop值*/
			hintToprqShow   = 0;										/*	//toprq出现状态*/
		var $dom_head = $('#head'),
			$dom_left = $('#content_left'),
			$dom_hintToprqTips = $('.hint_toprq_tips'),
			$dom_headBlock = $('<div>',{'class':'headBlock'}),
			$dom_leftBlock = $('<div>',{'class':'leftBlock'});

		$dom_hintToprqTips.appendTo($dom_headBlock);
		$dom_headBlock.hide().appendTo($dom_head);

		/*// swap_begin时清除事件&DOM*/
		$(window).one('swap_begin', function(){
			$(window).off('scroll', scrollEvent);
			hideHeadHint();
			$dom_headBlock.remove();
			$dom_leftBlock.detach();
		});

		/*// 绑定scroll事件*/
		$(window).on('scroll', scrollEvent);

		/*//绑定结果click事件,避让点击后推荐*/
		$(document).on('click','.t>a,.op-se-listen-recommend',function(){
			hideHeadHint();
			$dom_leftBlock.hide();
		});

		function scrollEvent(){
			var nowScrollTop = $(window).scrollTop(),
				headHeight = 90 + $('.res_top_banner').outerHeight() + $('#con-at').outerHeight() + $('.res_top_banner_for_win').outerHeight() + ($('.hint_common_restop').length ? 29 : 0);
			if (nowScrollTop <= headHeight || nowScrollTop > bottomScrollTop) {
				hideHeadHint();
				initScrollTop = nowScrollTop;
			} else if (nowScrollTop > initScrollTop) {
				hideHeadHint();
				initScrollTop = nowScrollTop;
			} else if (nowScrollTop < initScrollTop - 50) {
				showHeadHint();
				initScrollTop = nowScrollTop;
			};
		}

		function showHeadHint(){
			if (!hintToprqShow) {
				$dom_hintToprqTips.show();
				$dom_headBlock.slideDown(200,function(){
					var nowScrollTop = $(window).scrollTop();
					if (nowScrollTop <= 90+$('.res_top_banner').outerHeight() + $('#con-at').outerHeight() + ($('.hint_common_restop').length ? 29 : 0) || nowScrollTop > bottomScrollTop) {
						hideHeadHint();
					}
				});
				sendNSC();
				showLeftHint();
				$dom_leftBlock.show();
				hintToprqShow = 1;
				/* 出顶部提示的时候隐藏点击后推荐 */
				$('.result, .result-op').find('.c-recommend').hide();
			};
		}

		function hideHeadHint(){
			if (hintToprqShow) {
				$dom_headBlock.hide();
				hintToprqShow = 0;
			};
		}

		function showLeftHint(){
			$dom_hintToprqTips.clone().prependTo($dom_leftBlock);
			$dom_leftBlock.prependTo($dom_left);
			showLeftHint = function(){};
		}

		function sendNSC(){
			ns_c({
		        'fm'       : 'behs',
		        'qid'	   : bds.comm.qid,
		        'rsv_disp' : 1
		    });
		    sendNSC = function(){};
		}

	});
	</script><div class="c-tips-container" id="c-tips-container"></div></div>
    </div>
    <div class="c-tips-container" id="c-tips-container"></div>
    
    <script>
        window.__async_strategy=2;
        //window.__switch_add_mask=false;
    </script>
    
    
<script>
var bds={
    se:{},
    su:{
        urdata:[],
                urSendClick:function(){}
    },
    util:{},
    use:{},
    comm : {
        domain:"http://www.baidu.com",
        ubsurl : "https://sp0.baidu.com/5bU_dTmfKgQFm2e88IuM_a/w.gif",
        tn:"baidu",
        queryEnc:"",
        queryId:"",
        inter:"",
        templateName:"",
        sugHost : "https://sp0.baidu.com/5a1Fazu8AA54nxGko9WTAnF6hhy/su",
        query : "",
        qid : "c7c0c7f3001b0b95",
        cid : "0",
        sid : "23200_1466_21118_17001_20719",
        indexSid : "23200_1466_21118_17001_20719",
        stoken : "",
        serverTime : "1498445677",
        user : "",
        username : "",
        userid : "0",
        loginAction : [],
        useFavo : "",
        pinyin : "",
        favoOn : "",
        cookie : {"BAIDUID":"D2830863F1487E190CB18DFEDA23D3D7:FG=1","BIDUPSID":"D2830863F1487E190CB18DFEDA23D3D7","PSTM":"1498190007","BD_HOME":"0","BD_UPN":"123253","H_PS_645EC":"6ec3MrkuvnODFp6sR3g6JeZOPuujP5gGfqRClanSrn2K4xNYYATDc5t+VU4","WWW_ST":"1498445974897","BDORZ":"B490B5EBF6F3CD402E515D22BCDA1598","BD_CK_SAM":"1","PSINO":"3","BDSVRTM":"104","H_PS_PSSID":"23200_1466_21118_17001_20719","__bsi":"14573461489314084132_00_0_I_R_106_0303_C02F_N_I_I_0"},
        userAgent : "Mozilla/5.0 (Macintosh; Intel Mac OS X 10_11_6) AppleWebKit/537.36 (KHTML, like Gecko) Chrome/49.0.2623.75 Electron/0.37.8 Safari/537.36",
                curResultNum:"0",
        rightResultExist:false,
        protectNum:0,
        zxlNum:0,
        pageNum:1,
        pageSize:10,
        newindex:0,
        async:2,
        maxPreloadThread:5,
        maxPreloadTimes:10,
        preloadMouseMoveDistance:5,
        switchAddMask:false,
        isDebug:false,
        ishome : 1,
        flagTranslateResult:0,
        globalLogFlag:0
	,encTn:'41abErKMM3BZPGhmonqL4HD3TRj+EDn4H6GfMP9OicASSsKRcdms5zVOnDU'    }
};



    


//防止从结果页打开的页面中通过opener.xxx来影响百度页面


var name,navigate,al_arr=[];
var selfOpen = window.open;eval("var open = selfOpen;");
var isIE=navigator.userAgent.indexOf("MSIE")!=-1&&!window.opera;
var E = bds.ecom= {};

bds.se.mon = {'loadedItems':[],'load':function(){},'srvt':-1};

try {
    bds.se.mon.srvt = parseInt(document.cookie.match(new RegExp("(^| )BDSVRTM=([^;]*)(;|$)"))[2]);
    document.cookie="BDSVRTM=;expires=Sat, 01 Jan 2000 00:00:00 GMT";
}catch(e){}

//兼容之前一些变量
var
bdUser        = bds.comm.user?bds.comm.user:null,
bdQuery       = bds.comm.query,
bdUseFavo     = bds.comm.useFavo,
bdFavoOn      = bds.comm.favoOn,
bdCid         = bds.comm.cid,
bdSid         = bds.comm.sid,
bdServerTime  = bds.comm.serverTime,
bdQid         = bds.comm.queryId,
bdstoken      = bds.comm.stoken,
login_success = [];



</script>
<script>
/* https域名转换工具 */
bds.util.domain = (function(){
	    																					            																							var list = {
        "graph.baidu.com": "https://sp0.baidu.com/-aYHfD0a2gU2pMbgoY3K",
		"p.qiao.baidu.com":"https://sp0.baidu.com/5PoXdTebKgQFm2e88IuM_a",
		"vse.baidu.com":"https://sp3.baidu.com/6qUDsjip0QIZ8tyhnq",
		"hdpreload.baidu.com":"https://sp3.baidu.com/7LAWfjuc_wUI8t7jm9iCKT-xh_",
		"lcr.open.baidu.com":"https://sp2.baidu.com/8LUYsjW91Qh3otqbppnN2DJv",
		"kankan.baidu.com":"https://sp3.baidu.com/7bM1dzeaKgQFm2e88IuM_a",
		"xapp.baidu.com":"https://sp2.baidu.com/yLMWfHSm2Q5IlBGlnYG",
		"dr.dh.baidu.com":"https://sp0.baidu.com/-KZ1aD0a2gU2pMbgoY3K",
		"xiaodu.baidu.com":"https://sp0.baidu.com/yLsHczq6KgQFm2e88IuM_a",
		"sensearch.baidu.com":"https://sp1.baidu.com/5b11fzupBgM18t7jm9iCKT-xh_",
		"s1.bdstatic.com":"https://ss1.bdstatic.com/5eN1bjq8AAUYm2zgoY3K",
		"olime.baidu.com":"https://sp0.baidu.com/8bg4cTva2gU2pMbgoY3K",
		"app.baidu.com":"https://sp2.baidu.com/9_QWsjip0QIZ8tyhnq",
		"i.baidu.com":"https://sp0.baidu.com/74oIbT3kAMgDnd_",
		"c.baidu.com":"https://sp0.baidu.com/9foIbT3kAMgDnd_",
		"sclick.baidu.com":"https://sp0.baidu.com/5bU_dTmfKgQFm2e88IuM_a",
		"nsclick.baidu.com":"https://sp1.baidu.com/8qUJcD3n0sgCo2Kml5_Y_D3",
		"sestat.baidu.com":"https://sp1.baidu.com/5b1ZeDe5KgQFm2e88IuM_a",
		"eclick.baidu.com":"https://sp3.baidu.com/-0U_dTmfKgQFm2e88IuM_a",
		"api.map.baidu.com":"https://sp2.baidu.com/9_Q4sjOpB1gCo2Kml5_Y_D3",
		"ecma.bdimg.com":"https://ss1.bdstatic.com/-0U0bXSm1A5BphGlnYG",
		"ecmb.bdimg.com":"https://ss0.bdstatic.com/-0U0bnSm1A5BphGlnYG",
        "t1.baidu.com":"https://ss0.baidu.com/6ON1bjeh1BF3odCf",
        "t2.baidu.com":"https://ss1.baidu.com/6OZ1bjeh1BF3odCf",
        "t3.baidu.com":"https://ss2.baidu.com/6OV1bjeh1BF3odCf",
		"t10.baidu.com":"https://ss0.baidu.com/6ONWsjip0QIZ8tyhnq",
		"t11.baidu.com":"https://ss1.baidu.com/6ONXsjip0QIZ8tyhnq",
		"t12.baidu.com":"https://ss2.baidu.com/6ONYsjip0QIZ8tyhnq",
		"i7.baidu.com":"https://ss0.baidu.com/73F1bjeh1BF3odCf",
		"i8.baidu.com":"https://ss0.baidu.com/73x1bjeh1BF3odCf",
		"i9.baidu.com":"https://ss0.baidu.com/73t1bjeh1BF3odCf",
		"b1.bdstatic.com":"https://ss0.bdstatic.com/9uN1bjq8AAUYm2zgoY3K",
		"ss.bdimg.com":"https://ss1.bdstatic.com/5aV1bjqh_Q23odCf",
		"opendata.baidu.com":"https://sp0.baidu.com/8aQDcjqpAAV3otqbppnN2DJv",
		"api.open.baidu.com":"https://sp0.baidu.com/9_Q4sjW91Qh3otqbppnN2DJv",
		"tag.baidu.com":"https://sp1.baidu.com/6LMFsjip0QIZ8tyhnq",
		"f3.baidu.com":"https://sp2.baidu.com/-uV1bjeh1BF3odCf",
		"s.share.baidu.com":"https://sp0.baidu.com/5foZdDe71MgCo2Kml5_Y_D3",	
		"bdimg.share.baidu.com":"https://ss1.baidu.com/9rA4cT8aBw9FktbgoI7O1ygwehsv",
        "1.su.bdimg.com":"https://ss0.bdstatic.com/k4oZeXSm1A5BphGlnYG",
        "2.su.bdimg.com":"https://ss1.bdstatic.com/kvoZeXSm1A5BphGlnYG",
        "3.su.bdimg.com":"https://ss2.bdstatic.com/kfoZeXSm1A5BphGlnYG",
        "4.su.bdimg.com":"https://ss3.bdstatic.com/lPoZeXSm1A5BphGlnYG",
        "5.su.bdimg.com":"https://ss0.bdstatic.com/l4oZeXSm1A5BphGlnYG",
        "6.su.bdimg.com":"https://ss1.bdstatic.com/lvoZeXSm1A5BphGlnYG",
        "7.su.bdimg.com":"https://ss2.bdstatic.com/lfoZeXSm1A5BphGlnYG",
        "8.su.bdimg.com":"https://ss3.bdstatic.com/iPoZeXSm1A5BphGlnYG"
	};


	var get = function(url) {
		if(location.protocol === "http") {
			return url;
		}
		var reg = /^(http[s]?:\/\/)?([^\/]+)(.*)/,
		matches = url.match(reg);
		/* 判断传入参数是域名还是地址，分别做处理 */
		url = list.hasOwnProperty(matches[2])&&(list[matches[2]] + matches[3]) || url;
		return url;
	},
	set = function(kdomain,vdomain) {
		list[kdomain] = vdomain;
	};
	return {
		get : get,
		set : set
	}
})();
</script>
<script>
//让用户更快看到首页
if(!location.hash.match(/[^a-zA-Z0-9]wd=/)){
    document.getElementById("wrapper").style.display='block';
    setTimeout(function(){
        try{
            var kw=document.getElementById("kw");
            kw.focus();
			kw.parentNode.className="bg s_ipt_wr iptfocus quickdelete-wrap";
        }catch(e){}
    },0);
}

</script>
<script type="text/javascript" src="https://ss1.bdstatic.com/5eN1bjq8AAUYm2zgoY3K/r/www/cache/static/protocol/https/jquery/jquery-1.10.2.min_65682a2.js"></script>




<script>
(function(){

    var result_common_css="<style data-for=\"result\" id=\"css_result\" type=\"text\/css\">body{color:#333;background:#fff;padding:6px 0 0;margin:0;position:relative;min-width:900px}body,th,td,.p1,.p2{font-family:arial}p,form,ol,ul,li,dl,dt,dd,h3{margin:0;padding:0;list-style:none}input{padding-top:0;padding-bottom:0;-moz-box-sizing:border-box;-webkit-box-sizing:border-box;box-sizing:border-box}table,img{border:0}td{font-size:9pt;line-height:18px}em{font-style:normal;color:#c00}a em{text-decoration:underline}cite{font-style:normal;color:green}.m,a.m{color:#666}a.m:visited{color:#606}.g,a.g{color:green}.c{color:#77c}.f14{font-size:14px}.f10{font-size:10.5pt}.f16{font-size:16px}.f13{font-size:13px}.bg{background-image:url(https:\/\/ss1.bdstatic.com\/5eN1bjq8AAUYm2zgoY3K\/r\/www\/cache\/static\/protocol\/https\/global\/img\/icons_5859e57.png);_background-image:url(https:\/\/ss1.bdstatic.com\/5eN1bjq8AAUYm2zgoY3K\/r\/www\/cache\/static\/protocol\/https\/global\/img\/icons_d5b04cc.gif);background-repeat:no-repeat}#u,#head,#tool,#search,#foot{font-size:12px}.logo{width:117px;height:38px;cursor:pointer}.p1{line-height:120%;margin-left:-12pt}.p2{width:100%;line-height:120%;margin-left:-12pt}#wrapper{_zoom:1}#container{word-break:break-all;word-wrap:break-word}.container_s{width:1002px}.container_l{width:1222px}#content_left{width:636px;float:left;padding-left:35px}#content_right{border-left:1px solid #e1e1e1;float:right}.container_s #content_right{width:271px}.container_l #content_right{width:434px}.content_none{padding-left:35px}#u{color:#999;white-space:nowrap;position:absolute;right:10px;top:4px;z-index:299}#u a{color:#00c;margin:0 5px}#u .reg{margin:0}#u .last{margin-right:0}#u .un{font-weight:700;margin-right:5px}#u ul{width:100%;background:#fff;border:1px solid #9b9b9b}#u li{height:25px}#u li a{width:100%;height:25px;line-height:25px;display:block;text-align:left;text-decoration:none;text-indent:6px;margin:0;filter:none\\9}#u li a:hover{background:#ebebeb}#u li.nl{border-top:1px solid #ebebeb}#user{display:inline-block}#user_center{position:relative;display:inline-block}#user_center .user_center_btn{margin-right:5px}.userMenu{width:64px;position:absolute;right:7px;_right:2px;top:15px;top:14px\\9;*top:15px;padding-top:4px;display:none;*background:#fff}#head{padding-left:35px;margin-bottom:20px;width:900px}.fm{clear:both;position:relative;z-index:297}.nv a,.nv b,.btn,#page,#more{font-size:14px}.s_nav{height:45px}.s_nav .s_logo{margin-right:20px;float:left}.s_nav .s_logo img{border:0;display:block}.s_tab{line-height:18px;padding:20px 0 0;float:left}.s_nav a{color:#00c;font-size:14px}.s_nav b{font-size:14px}.s_ipt_wr{width:536px;height:30px;display:inline-block;margin-right:5px;background-position:0 -96px;border:1px solid #b6b6b6;border-color:#7b7b7b #b6b6b6 #b6b6b6 #7b7b7b;vertical-align:top}.s_ipt{width:523px;height:22px;font:16px\/18px arial;line-height:22px\\9;margin:5px 0 0 7px;padding:0;background:#fff;border:0;outline:0;-webkit-appearance:none}.s_btn{width:95px;height:32px;padding-top:2px\\9;font-size:14px;padding:0;background-color:#ddd;background-position:0 -48px;border:0;cursor:pointer}.s_btn_h{background-position:-240px -48px}.s_btn_wr{width:97px;height:34px;display:inline-block;background-position:-120px -48px;*position:relative;z-index:0;vertical-align:top}.sethf{padding:0;margin:0;font-size:14px}.set_h{display:none;behavior:url(#default#homepage)}.set_f{display:none}.shouji{margin-left:19px}.shouji a{text-decoration:none}#head .bdsug{top:33px}#search form{position:relative}#search form .bdsug{bottom:33px}.bdsug{display:none;position:absolute;z-index:1;width:538px;background:#fff;border:1px solid #ccc;_overflow:hidden;box-shadow:1px 1px 3px #ededed;-webkit-box-shadow:1px 1px 3px #ededed;-moz-box-shadow:1px 1px 3px #ededed;-o-box-shadow:1px 1px 3px #ededed}.bdsug.bdsugbg ul{background:url(https:\/\/ss1.bdstatic.com\/5eN1bjq8AAUYm2zgoY3K\/r\/www\/cache\/static\/protocol\/https\/home\/img\/sugbg_1762fe7.png) 100% 100% no-repeat;background-size:100px 110px;background-image:url(https:\/\/ss1.bdstatic.com\/5eN1bjq8AAUYm2zgoY3K\/r\/www\/cache\/static\/protocol\/https\/home\/img\/sugbg_90fc9cf.gif)\\9}.bdsug li{width:522px;color:#000;font:14px arial;line-height:22px;padding:0 8px;position:relative;cursor:default}.bdsug li.bdsug-s{background:#f0f0f0}.bdsug-store span,.bdsug-store b{color:#7A77C8}.bdsug-store-del{font-size:12px;color:#666;text-decoration:underline;position:absolute;right:8px;top:0;cursor:pointer;display:none}.bdsug-s .bdsug-store-del{display:inline-block}.bdsug-ala{display:inline-block;border-bottom:1px solid #e6e6e6}.bdsug-ala h3{line-height:14px;background:url(\/\/www.baidu.com\/img\/sug_bd.png) no-repeat left center;margin:8px 0 5px;font-size:12px;font-weight:400;color:#7B7B7B;padding-left:20px}.bdsug-ala p{font-size:14px;font-weight:700;padding-left:20px}.bdsug .bdsug-direct{width:auto;padding:0;border-bottom:1px solid #f1f1f1}.bdsug .bdsug-direct p{color:#00c;font-weight:700;line-height:34px;padding:0 8px;cursor:pointer;white-space:nowrap;overflow:hidden}.bdsug .bdsug-direct p img{width:16px;height:16px;margin:7px 6px 9px 0;vertical-align:middle}.bdsug .bdsug-direct p span{margin-left:8px}.bdsug .bdsug-direct p i{font-size:12px;line-height:100%;font-style:normal;font-weight:400;color:#fff;background-color:#2b99ff;display:inline;text-align:center;padding:1px 5px;*padding:2px 5px 0;margin-left:8px;overflow:hidden}.bdsug .bdsug-pcDirect{color:#000;font-size:14px;line-height:30px;height:30px;background-color:#f8f8f8}.bdsug .bdsug-pc-direct-tip{position:absolute;right:15px;top:8px;width:55px;height:15px;display:block;background:url(https:\/\/ss1.bdstatic.com\/5eN1bjq8AAUYm2zgoY3K\/r\/www\/cache\/static\/protocol\/https\/global\/img\/pc_direct_42d6311.png) no-repeat 0 0}.bdsug li.bdsug-pcDirect-s{background-color:#f0f0f0}.bdsug .bdsug-pcDirect-is{color:#000;font-size:14px;line-height:22px;background-color:#f8f8f8}.bdsug .bdsug-pc-direct-tip-is{position:absolute;right:15px;top:3px;width:55px;height:15px;display:block;background:url(https:\/\/ss1.bdstatic.com\/5eN1bjq8AAUYm2zgoY3K\/r\/www\/cache\/static\/protocol\/https\/global\/img\/pc_direct_42d6311.png) no-repeat 0 0}.bdsug li.bdsug-pcDirect-is-s{background-color:#f0f0f0}.bdsug .bdsug-pcDirect-s .bdsug-pc-direct-tip,.bdsug .bdsug-pcDirect-is-s .bdsug-pc-direct-tip-is{background-position:0 -15px}.bdsug .bdsug-newicon{color:#929292;opacity:.7;font-size:12px;display:inline-block;line-height:22px;letter-spacing:2px}.bdsug .bdsug-s .bdsug-newicon{opacity:1}.bdsug .bdsug-newicon i{letter-spacing:0;font-style:normal}.toggle-underline{text-decoration:none}.toggle-underline:hover{text-decoration:underline}#tb_mr{color:#00c;cursor:pointer;position:relative;z-index:298}#tb_mr b{font-weight:400;text-decoration:underline}#tb_mr small{font-size:11px}#page{font:14px arial;white-space:nowrap;padding-left:35px}#page a,#page strong{display:inline-block;vertical-align:text-bottom;height:66px;text-align:center;line-height:34px;text-decoration:none;overflow:hidden;margin-right:9px;background:#fff}#page a{cursor:pointer}#page a:hover{background:0 0}#page .n:hover,#page a:hover .pc{background:#f2f8ff;border:1px solid #38f}#page .n{height:34px;padding:0 18px;border:1px solid #e1e2e3}#page span{display:block}#page .pc{width:34px;height:34px;border:1px solid #e1e2e3;cursor:pointer}#page .fk{width:24px;height:24px;margin-bottom:6px;margin-left:6px;cursor:pointer}#page strong .fk,#page strong .pc{cursor:auto}#page .fk .c-icon-bear-pn{top:-3px;position:relative}#page .fkd .c-icon-bear-pn{top:3px;position:relative}#page .fk_cur .c-icon-bear-p{top:-2px;position:relative}#page strong .pc{border:0;width:36px;height:36px;line-height:36px}#page .nums{display:inline-block;vertical-align:text-bottom;height:36px;line-height:36px;margin-left:10px}#rs{width:900px;background:#fff;padding:8px 0;margin:20px 0 0 15px}#rs td{width:5%}#rs th{font-size:14px;font-weight:400;line-height:19px;white-space:nowrap;text-align:left;vertical-align:top}#rs .tt{font-weight:700;padding:0 10px 0 20px}#rs_top{font-size:14px;margin-bottom:22px}#rs_top a{margin-right:18px}#container .rs{margin:30px 0 20px;padding:5px 0 15px;font-size:14px;width:540px;padding-left:121px;position:relative;background-color:#fafafa}#container .noback{background-color:#fff}#content_left .rs{margin-left:-121px}#container .rs table{width:540px}#container .rs td{width:5px}#container .rs th{font-size:14px;font-weight:400;white-space:nowrap;text-align:left;vertical-align:top;width:175px;line-height:22px}#container .rs .tt{font-weight:700;padding:0 10px 0 20px;padding:0;line-height:30px;font-size:16px}#container .rs a{margin:0;height:24px;width:173px;display:inline-block;line-height:25px;border:1px solid #ebebeb;text-align:center;vertical-align:middle;overflow:hidden;outline:0;color:#333;background-color:#fff;text-decoration:none}#container .rs a:hover{border-color:#388bff}.c-tip-con .c-tip-menu-b ul{width:100px}.c-tip-con .c-tip-menu-b ul{text-align:center}.c-tip-con .c-tip-menu-b li a{display:block;text-decoration:none;cursor:pointer;background-color:#fff;padding:3px 0;color:#666}.c-tip-con .c-tip-menu-b li a:hover{display:block;background-color:#ebebeb}#search{width:900px;padding:35px 0 16px 35px}#search .s_help{position:relative;top:10px}#foot{height:20px;line-height:20px;color:#77c;background:#e6e6e6;text-align:center}#foot span{color:#666}.site_tip{font-size:12px;margin-bottom:20px}.site_tip_icon{width:56px;height:56px;background:url(\/\/www.baidu.com\/aladdin\/img\/tools\/tools-3.png) -288px 0 no-repeat}.to_zhidao,.to_tieba,.to_zhidao_bottom{font-size:16px;line-height:24px;margin:20px 0 0 35px}.to_tieba .c-icon-tieba{float:left}.f{line-height:115%;*line-height:120%;font-size:100%;width:33.7em;word-break:break-all;word-wrap:break-word}.h{margin-left:8px;width:100%}.r{word-break:break-all;cursor:hand;width:238px}.t{font-weight:400;font-size:medium;margin-bottom:1px}.pl{padding-left:3px;height:8px;padding-right:2px;font-size:14px}.mo,a.mo:link,a.mo:visited{color:#666;font-size:100%;line-height:10px}.htb{margin-bottom:5px}.jc a{color:#c00}a font[size=\"3\"] font,font[size=\"3\"] a font{text-decoration:underline}div.blog,div.bbs{color:#707070;padding-top:2px;font-size:13px}.result{width:33.7em;table-layout:fixed}.result-op .f{word-wrap:normal}.nums{font-size:12px;color:#999}.tools{position:absolute;top:10px;white-space:nowrap}#mHolder{width:62px;position:relative;z-index:296;top:-18px;margin-left:9px;margin-right:-12px;display:none}#mCon{height:18px;position:absolute;top:3px;top:6px\\9;cursor:pointer;line-height:18px}.wrapper_l #mCon{right:7px}#mCon span{color:#00c;display:block}#mCon .hw{text-decoration:underline;cursor:pointer;display:inline-block}#mCon .pinyin{display:inline-block}#mCon .c-icon-chevron-unfold2{margin-left:5px}#mMenu{width:56px;border:1px solid #9b9b9b;position:absolute;right:7px;top:23px;display:none;background:#fff}#mMenu a{width:100%;height:100%;color:#00c;display:block;line-height:22px;text-indent:6px;text-decoration:none;filter:none\\9}#mMenu a:hover{background:#ebebeb}#mMenu .ln{height:1px;background:#ebebeb;overflow:hidden;font-size:1px;line-height:1px;margin-top:-1px}.op_LAMP{background:url(\/\/www.baidu.com\/cache\/global\/img\/aladdinIcon-1.0.gif) no-repeat 0 2px;color:#77C;display:inline-block;font-size:13px;height:12px;*height:14px;width:16px;text-decoration:none;zoom:1}.EC_mr15{margin-left:0}.pd15{padding-left:0}.map_1{width:30em;font-size:80%;line-height:145%}.map_2{width:25em;font-size:80%;line-height:145%}.favurl{background-repeat:no-repeat;background-position:0 1px;padding-left:20px}.dan_tip{font-size:12px;margin-top:4px}.dan_tip a{color:#b95b07}#more,#u ul,#mMenu,.msg_holder{box-shadow:1px 1px 2px #ccc;-moz-box-shadow:1px 1px 2px #ccc;-webkit-box-shadow:1px 1px 2px #ccc;filter:progid:DXImageTransform.Microsoft.Shadow(Strength=2, Direction=135, Color=#cccccc)\\9}.hit_top{line-height:18px;margin:0 15px 10px 0;width:516px}.hit_top .c-icon-bear{height:18px;margin-right:4px}#rs_top_new,.hit_top_new{width:538px;font-size:13px;line-height:1.54;word-wrap:break-word;word-break:break-all;margin:0 0 14px}.zhannei-si{margin:0 0 10px 121px}.zhannei-si-none{margin:10px 0 -10px 121px}.zhannei-search{margin:10px 0 0 121px;color:#999;font-size:14px}.f a font[size=\"3\"] font,.f font[size=\"-1\"] a font{text-decoration:underline}h3 a font{text-decoration:underline}.c-title{font-weight:400;font-size:16px}.c-title-size{font-size:16px}.c-abstract{font-size:13px}.c-abstract-size{font-size:13px}.c-showurl{color:green;font-size:13px}.c-showurl-color{color:green}.c-cache-color{color:#666}.c-lightblue{color:#77c}.c-highlight-color{color:#c00}.c-clearfix:after{content:\".\";display:block;height:0;clear:both;visibility:hidden}.c-clearfix{zoom:1}.c-wrap{word-break:break-all;word-wrap:break-word}.c-icons-outer{overflow:hidden;display:inline-block;vertical-align:bottom;*vertical-align:-1px;_vertical-align:bottom}.c-icons-inner{margin-left:-4px}.c-container table.result,.c-container table.result-op{width:100%}.c-container td.f{font-size:13px;line-height:1.54;width:auto}.c-container .vd_newest_main{width:auto}.c-customicon{display:inline-block;width:16px;height:16px;vertical-align:text-bottom;font-style:normal;overflow:hidden}.c-tip-icon i{display:inline-block;cursor:pointer}.c-tip-con{position:absolute;z-index:1;top:22px;left:-35px;background:#fff;border:1px solid #dcdcdc;border:1px solid rgba(0,0,0,.2);-webkit-transition:opacity .218s;transition:opacity .218s;-webkit-box-shadow:0 2px 4px rgba(0,0,0,.2);box-shadow:0 2px 4px rgba(0,0,0,.2);padding:5px 0;display:none;font-size:12px;line-height:20px}.c-tip-arrow{width:0;height:0;font-size:0;line-height:0;display:block;position:absolute;top:-16px}.c-tip-arrow-down{top:auto;bottom:0}.c-tip-arrow em,.c-tip-arrow ins{width:0;height:0;font-size:0;line-height:0;display:block;position:absolute;border:8px solid transparent;border-style:dashed dashed solid}.c-tip-arrow em{border-bottom-color:#d8d8d8}.c-tip-arrow ins{border-bottom-color:#fff;top:2px}.c-tip-arrow-down em,.c-tip-arrow-down ins{border-style:solid dashed dashed;border-color:transparent}.c-tip-arrow-down em{border-top-color:#d8d8d8}.c-tip-arrow-down ins{border-top-color:#fff;top:-2px}.c-tip-arrow .c-tip-arrow-r{border-bottom-color:#82c9fa;top:2px}.c-tip-arrow-down .c-tip-arrow-r{border-bottom-color:transparent;top:-2px}.c-tip-arrow .c-tip-arrow-c{border-bottom-color:#fecc47;top:2px}.c-tip-arrow-down .c-tip-arrow-c{border-bottom-color:transparent;top:-2px}.c-tip-con h3{font-size:12px}.c-tip-con .c-tip-title{margin:0 10px;display:inline-block;width:239px}.c-tip-con .c-tip-info{color:#666;margin:0 10px 1px;width:239px}.c-tip-con .c-tip-cer{width:370px;color:#666;margin:0 10px 1px}.c-tip-con .c-tip-title{width:auto;_width:354px}.c-tip-con .c-tip-item-i{padding:3px 0 3px 20px;line-height:14px}.c-tip-con .c-tip-item-i .c-tip-item-icon{margin-left:-20px}.c-tip-con .c-tip-menu ul{width:74px}.c-tip-con .c-tip-menu ul{text-align:center}.c-tip-con .c-tip-menu li a{display:block;text-decoration:none;cursor:pointer;background-color:#fff;padding:3px 0;color:#0000d0}.c-tip-con .c-tip-menu li a:hover{display:block;background-color:#ebebeb}.c-tip-con .c-tip-notice{width:239px;padding:0 10px}.c-tip-con .c-tip-notice .c-tip-notice-succ{color:#4cbd37}.c-tip-con .c-tip-notice .c-tip-notice-fail{color:#f13F40}.c-tip-con .c-tip-notice .c-tip-item-succ{color:#444}.c-tip-con .c-tip-notice .c-tip-item-fail{color:#aaa}.c-tip-con .c-tip-notice .c-tip-item-fail a{color:#aaa}.c-tip-close{right:10px;position:absolute;cursor:pointer}.ecard{height:86px;overflow:hidden}.c-tools{display:inline}.c-tools-share{width:239px;padding:0 10px}.c-fanyi{display:none;width:20px;height:20px;border:solid 1px #d1d1d1;cursor:pointer;position:absolute;margin-left:516px;text-align:center;color:#333;line-height:22px;opacity:.9;background-color:#fff}.c-fanyi:hover{background-color:#39f;color:#fff;border-color:#39f;opacity:1}.c-fanyi-title,.c-fanyi-abstract{display:none}.icp_info{color:#666;margin-top:2px;font-size:13px}.icon-gw,.icon-unsafe-icon{background:#2c99ff;vertical-align:text-bottom;*vertical-align:baseline;height:16px;padding-top:0;padding-bottom:0;padding-left:6px;padding-right:6px;line-height:16px;_padding-top:2px;_height:14px;_line-height:14px;font-size:12px;font-family:simsun;margin-left:10px;overflow:hidden;display:inline-block;-moz-border-radius:1px;-webkit-border-radius:1px;border-radius:1px;color:#fff}a.icon-gw{color:#fff;background:#2196ff;text-decoration:none;cursor:pointer}a.icon-gw:hover{background:#1e87ef}a.icon-gw:active{height:15px;_height:13px;line-height:15px;_line-height:13px;padding-left:5px;background:#1c80d9;border-left:1px solid #145997;border-top:1px solid #145997}.icon-unsafe-icon{background:#e54d4b}#con-at{margin-bottom:9px;padding-left:121px;border-bottom:1px #ebebeb solid}#con-at .result-op{font-size:13px;line-height:1.52em}.wrapper_l #con-at .result-op{width:1058px}.wrapper_s #con-at .result-op{width:869px}#con-ar{margin-bottom:40px}#con-ar .result-op{margin-bottom:28px;font-size:13px;line-height:1.52em}.result_hidden{position:absolute;top:-10000px;left:-10000px}#content_left .result-op,#content_left .result{margin-bottom:14px;border-collapse:collapse}#content_left .c-border .result-op,#content_left .c-border .result{margin-bottom:25px}#content_left .c-border .result-op:last-child,#content_left .c-border .result:last-child{margin-bottom:12px}#content_left .result .f,#content_left .result-op .f{padding:0}.subLink_factory{border-collapse:collapse}.subLink_factory td{padding:0}.subLink_factory td.middle,.subLink_factory td.last{color:#666}.subLink_factory td a{text-decoration:underline}.subLink_factory td.rightTd{text-align:right}.subLink_factory_right{width:100%}.subLink_factory_left td{padding-right:26px}.subLink_factory_left td.last{padding:0}.subLink_factory_left td.first{padding-right:75px}.subLink_factory_right td{width:90px}.subLink_factory_right td.first{width:auto}.general_image_pic a{background:#fff no-repeat center center;text-decoration:none;display:block;overflow:hidden;text-align:left}.res_top_banner{height:36px;text-align:left;border-bottom:1px solid #e3e3e3;background:#f7f7f7;font-size:13px;padding-left:8px;color:#333;position:relative;z-index:302}.res_top_banner span{_zoom:1}.res_top_banner .res_top_banner_icon{background-position:0 -216px;width:18px;height:18px;margin:9px 10px 0 0}.res_top_banner .res_top_banner_icon_baiduapp{background:url(https:\/\/ss1.bdstatic.com\/5eN1bjq8AAUYm2zgoY3K\/r\/www\/cache\/static\/protocol\/https\/global\/img\/baiduappLogo_de45621.png) no-repeat 0 0;width:24px;height:24px;margin:3px 10px 0 0;position:relative;top:3px}.res_top_banner .res_top_banner_icon_windows{background:url(https:\/\/ss1.bdstatic.com\/5eN1bjq8AAUYm2zgoY3K\/r\/www\/cache\/static\/protocol\/https\/global\/img\/winlogo_e925689.png) no-repeat 0 0;width:18px;height:18px;margin:9px 10px 0 0}.res_top_banner .res_top_banner_download{display:inline-block;width:65px;line-height:21px;_padding-top:1px;margin:0 0 0 10px;color:#333;background:#fbfbfb;border:1px solid #b4b6b8;text-align:center;text-decoration:none}.res_top_banner .res_top_banner_download:hover{border:1px solid #38f}.res_top_banner .res_top_banner_download:active{background:#f0f0f0;border:1px solid #b4b6b8}.res_top_banner .res_top_banner_close{background-position:-672px -144px;cursor:pointer;position:absolute;right:10px;top:10px}.res_top_banner_for_win{height:34px;text-align:left;border-bottom:1px solid #f0f0f0;background:#fdfdfd;font-size:13px;padding-left:12px;color:#333;position:relative;z-index:302}.res_top_banner_for_win span{_zoom:1;color:#666}.res_top_banner_for_win .res_top_banner_download{display:inline-block;width:auto;line-height:21px;_padding-top:1px;margin:0 0 0 16px;color:#333;text-align:left;text-decoration:underline}.res_top_banner_for_win .res_top_banner_icon_windows{background:url(https:\/\/ss1.bdstatic.com\/5eN1bjq8AAUYm2zgoY3K\/r\/www\/cache\/static\/protocol\/https\/global\/img\/winlogo_e925689.png) no-repeat 0 0;width:18px;height:18px;margin:8px 8px 0 0}.res_top_banner_for_win .res_top_banner_close{background-position:-672px -144px;cursor:pointer;position:absolute;right:10px;top:10px}.res-gap-right16{margin-right:16px}.res-border-top{border-top:1px solid #f3f3f3}.res-border-bottom{border-bottom:1px solid #f3f3f3}.res-queryext-pos{position:relative;top:1px;_top:0}.c-trust-ecard{height:86px;_height:97px;overflow:hidden}@-moz-document url-prefix(){.result,.f{width:538px}}body{min-width:1000px}#ftCon{display:none}#qrcode{display:none}#pad-version{display:none}#index_guide{display:none}#index_logo{display:none}#u1{display:none}.s_ipt_wr{height:32px}body{padding:0}.s_form:after,.s_tab:after{content:\".\";display:block;height:0;clear:both;visibility:hidden}.s_form{zoom:1;height:55px;padding:0 0 0 10px}#result_logo{float:left;margin:7px 0 0}#result_logo img{width:101px}#head{padding:0;margin:0;width:100%;position:absolute;z-index:301;min-width:1000px;background:#fff;border-bottom:1px solid #ebebeb;position:fixed;_position:absolute;-webkit-transform:translateZ(0)}#head .head_wrapper{_width:1000px}#head.s_down{box-shadow:0 0 5px #888}.fm{clear:none;float:left;margin:11px 0 0 10px}#s_tab{background:#f8f8f8;line-height:36px;height:38px;padding:55px 0 0 121px;float:none;zoom:1}#s_tab a,#s_tab b{width:54px;display:inline-block;text-decoration:none;text-align:center;color:#666;font-size:14px}#s_tab b{border-bottom:2px solid #38f;font-weight:700;color:#323232}#s_tab a:hover{color:#323232}#content_left{width:540px;padding-left:121px;padding-top:5px}#content_right{margin-top:45px}#content_bottom{width:540px;padding-left:121px}#page{padding:0 0 0 121px;margin:30px 0 40px}.to_tieba,.to_zhidao_bottom{margin:10px 0 0 121px;padding-top:5px}.nums{margin:0 0 0 121px;height:42px;line-height:42px}#rs{padding:0;margin:6px 0 0 121px;width:600px}#rs th{width:175px;line-height:22px}#rs .tt{padding:0;line-height:30px}#rs td{width:5px}#rs table{width:540px}#help{background:#f5f6f5;zoom:1;padding:0 0 0 50px;float:right}#help a{color:#777;padding:0 15px;text-decoration:none}#help a:hover{color:#333}#foot{background:#f5f6f5;border-top:1px solid #ebebeb;text-align:left;height:42px;line-height:42px;margin-top:40px;*margin-top:0}#foot .foot_c{float:left;padding:0 0 0 121px}.content_none{padding:45px 0 25px 121px}.nors p{font-size:18px;font-family:microsoft yahei;color:#000}.nors p em{color:#c00}.nors .tip_head{color:#666;font-size:13px;line-height:28px}.nors li{color:#333;line-height:28px;font-size:13px;font-family:'\u5b8b\u4f53';padding-left:30px;list-style-position:inside;list-style-type:disc}#mCon{top:5px}.s_ipt_wr.bg,.s_btn_wr.bg,#su.bg{background-image:none}.s_ipt_wr.bg{background:0 0}.s_btn_wr{width:auto;height:auto;border-bottom:1px solid transparent;*border-bottom:0}.s_btn{width:100px;height:34px;color:#fff;letter-spacing:1px;background:#3385ff;border-bottom:1px solid #2d78f4;outline:medium;*border-bottom:0;-webkit-appearance:none;-webkit-border-radius:0}.s_btn.btnhover{background:#317ef3;border-bottom:1px solid #2868c8;*border-bottom:0;box-shadow:1px 1px 1px #ccc}.s_btn_h{background:#3075dc;box-shadow:inset 1px 1px 3px #2964bb;-webkit-box-shadow:inset 1px 1px 3px #2964bb;-moz-box-shadow:inset 1px 1px 3px #2964bb;-o-box-shadow:inset 1px 1px 3px #2964bb}#wrapper_wrapper .container_l .EC_ppim_top,#wrapper_wrapper .container_xl .EC_ppim_top{width:640px}#wrapper_wrapper .container_s .EC_ppim_top{width:570px}#head .c-icon-bear-round{display:none}.container_l #content_right{width:384px}.container_l{width:1212px}.container_xl #content_right{width:384px}.container_xl{width:1257px}.index_tab_top{display:none}.index_tab_bottom{display:none}#lg{display:none}#m{display:none}#ftCon{display:none}#ent_sug{position:absolute;margin:141px 0 0 130px;font-size:13px;color:#666}.foot_fixed_bottom{position:fixed;bottom:0;width:100%;_position:absolute;_bottom:auto}#head .headBlock{margin:-5px 0 6px 121px}#content_left .leftBlock{margin-bottom:14px;padding-bottom:5px;border-bottom:1px solid #f3f3f3}.hint_toprq_tips{position:relative;width:537px;height:19px;line-height:19px;overflow:hidden;display:none}.hint_toprq_tips span{color:#666}.hint_toprq_icon{margin:0 4px 0 0}.hint_toprq_tips_items{width:444px;_width:440px;max-height:38px;position:absolute;left:95px;top:1px}.hint_toprq_tips_items div{display:inline-block;float:left;height:19px;margin-right:18px;white-space:nowrap;word-break:keep-all}.translateContent{max-width:350px}.translateContent .translateTool{height:16px;margin:-3px 2px}.translateContent .action-translate,.translateContent .action-search{display:inline-block;width:20px;height:16px;background:url(https:\/\/ss1.bdstatic.com\/5eN1bjq8AAUYm2zgoY3K\/r\/www\/cache\/static\/protocol\/https\/global\/img\/translate_tool_icon_57087b6.gif) no-repeat}.translateContent .action-translate{background-position:0 0;border-right:1px solid #dcdcdc}.translateContent .action-translate:hover{background-position:0 -20px}.translateContent .action-search{background-position:-20px 0}.translateContent .action-search:hover{background-position:-20px -20px}.nums{width:538px}.search_tool{_padding-top:15px}.head_nums_cont_outer{height:40px;overflow:hidden;position:relative}.head_nums_cont_inner{position:relative}.search_tool_conter .c-gap-left{margin-left:23px}.search_tool_conter .c-icon-triangle-down{opacity:.6}.search_tool_conter .c-icon-triangle-down:hover{opacity:1}.search_tool,.search_tool_close{float:right}.search_tool,.search_tool_conter span{cursor:pointer;color:#666}.search_tool:hover,.search_tool_conter span:hover{color:#333}.search_tool_conter{font-size:12px;color:#666;margin:0 0 0 121px;height:42px;width:538px;line-height:42px;*height:auto;*line-height:normal;*padding:14px 0}.search_tool_conter span strong{color:#666}.c-tip-con .c-tip-langfilter ul{width:80px;text-align:left;color:#666}.c-tip-con .c-tip-langfilter li a{text-indent:15px;color:#666}.c-tip-con .c-tip-langfilter li span{text-indent:15px;padding:3px 0;color:#999;display:block}.c-tip-con .c-tip-timerfilter ul{width:115px;text-align:left;color:#666}.c-tip-con .c-tip-timerfilter-ft ul{width:180px}.c-tip-con .c-tip-timerfilter-si ul{width:206px;padding:7px 10px 10px}.c-tip-con .c-tip-timerfilter li a{text-indent:15px;color:#666}.c-tip-con .c-tip-timerfilter li span{text-indent:15px;padding:3px 0;color:#999;display:block}.c-tip-con .c-tip-timerfilter-ft li a,.c-tip-con .c-tip-timerfilter-ft li span{text-indent:20px}.c-tip-custom{padding:0 15px 10px;position:relative;zoom:1}.c-tip-custom hr{border:0;height:0;border-top:1px solid #ebebeb}.c-tip-custom p{color:#b6b6b6;height:25px;line-height:25px;margin:2px 0}.c-tip-custom .c-tip-custom-et{margin-bottom:7px}.c-tip-custom-input,.c-tip-si-input{display:inline-block;font-size:11px;color:#333;margin-left:4px;padding:0 2px;width:74%;height:16px;line-height:16px\\9;border:1px solid #ebebeb;outline:0;box-sizing:content-box;-webkit-box-sizing:content-box;-moz-box-sizing:content-box;overflow:hidden;position:relative}.c-tip-custom-input-init{color:#d4d4d4}.c-tip-custom-input-focus,.c-tip-si-input-focus{border:1px solid #3385ff}.c-tip-timerfilter-si .c-tip-si-input{width:138px;height:22px;line-height:22px;vertical-align:0;*vertical-align:-6px;_vertical-align:-5px;padding:0 5px;margin-left:0}.c-tip-con .c-tip-timerfilter li .c-tip-custom-submit,.c-tip-con .c-tip-timerfilter li .c-tip-timerfilter-si-submit{display:inline;padding:4px 10px;margin:0;color:#333;border:1px solid #d8d8d8;font-family:inherit;font-weight:400;text-align:center;vertical-align:0;background-color:#f9f9f9;outline:0}.c-tip-con .c-tip-timerfilter li .c-tip-custom-submit:hover,.c-tip-con .c-tip-timerfilter li .c-tip-timerfilter-si-submit:hover{display:inline;border-color:#388bff}.c-tip-timerfilter-si-error,.c-tip-timerfilter-custom-error{display:none;color:#3385FF;padding-left:4px}.c-tip-timerfilter-custom-error{padding:0;margin:-5px -13px 7px 0}#c-tip-custom-calenderCont{position:absolute;background:#fff;white-space:nowrap;padding:5px 10px;color:#000;border:1px solid #e4e4e4;-webkit-box-shadow:0 2px 4px rgba(0,0,0,.2);box-shadow:0 2px 4px rgba(0,0,0,.2)}#c-tip-custom-calenderCont p{text-align:center;padding:2px 0 4px;*padding:4px 0}#c-tip-custom-calenderCont p i{color:#8e9977;cursor:pointer;text-decoration:underline;font-size:13px}#c-tip-custom-calenderCont .op_cal{background:#fff}.op_cal table{background:#eeefea;margin:0;border-collapse:separate}.op_btn_pre_month,.op_btn_next_month{cursor:pointer;display:block;margin-top:6px}.op_btn_pre_month{float:left;background-position:0 -46px}.op_btn_next_month{float:right;background-position:-18px -46px}.op_cal .op_mon_pre1{padding:0}.op_mon th{text-align:center;font-size:12px;background:#FFF;font-weight:700;border:1px solid #FFF;padding:0}.op_mon td{text-align:center;cursor:pointer}.op_mon h5{margin:0;padding:0 4px;text-align:center;font-size:14px;background:#FFF;height:28px;line-height:28px;border-bottom:1px solid #f5f5f5;margin-bottom:5px}.op_mon strong{font-weight:700}.op_mon td{padding:0 5px;border:1px solid #fff;font-size:12px;background:#fff;height:100%}.op_mon td.op_mon_pre_month{color:#a4a4a4}.op_mon td.op_mon_cur_month{color:#00c}.op_mon td.op_mon_next_month{color:#a4a4a4}.op_mon td.op_mon_day_hover{color:#000;border:1px solid #278df2}.op_mon td.op_mon_day_selected{color:#FFF;border:1px solid #278df2;background:#278df2}.op_mon td.op_mon_day_disabled{cursor:not-allowed;color:#ddd}.zhannei-si-none,.zhannei-si,.hit_quet,.zhannei-search{display:none}#c-tip-custom-calenderCont .op_mon td.op_mon_cur_month{color:#000}#c-tip-custom-calenderCont .op_mon td.op_mon_day_selected{color:#fff}.c-icon-toen{width:24px;height:24px;line-height:24px;background-color:#1cb7fd;color:#fff;font-size:14px;font-weight:700;font-style:normal;display:block;display:inline-block;float:left;text-align:center}.hint_common_restop{width:538px;color:#999;font-size:12px;text-align:left;margin:5px 0 10px 121px}#con-at~#wrapper_wrapper .hint_common_restop{padding-top:7px}.sitelink{overflow:auto;zoom:1}.sitelink_summary{float:left;width:47%;padding-right:30px}.sitelink_summary a{font-size:1.1em;position:relative}.sitelink_summary_last{padding-right:0}.sitelink_en{overflow:auto;zoom:1}.sitelink_en_summary{float:left;width:47%;padding-right:30px}.sitelink_en_summary a{font-size:1.1em;position:relative}.sitelink_en_summary_last{padding-right:0}.sitelink_en_summary_title,.sitelink_en_summary .m{height:22px;overflow:hidden}.without-summary-sitelink-en-container{overflow:hidden;height:22px}.without-summary-sitelink-en{float:left}.without-summary-sitelink-en-delimiter{margin-right:5px;margin-left:5px}.c-frame{margin-bottom:18px}.c-offset{padding-left:10px}.c-gray{color:#666}.c-gap-top-small{margin-top:5px}.c-gap-top{margin-top:10px}.c-gap-bottom-small{margin-bottom:5px}.c-gap-bottom{margin-bottom:10px}.c-gap-left{margin-left:12px}.c-gap-left-small{margin-left:6px}.c-gap-right{margin-right:12px}.c-gap-right-small{margin-right:6px}.c-gap-right-large{margin-right:16px}.c-gap-left-large{margin-left:16px}.c-gap-icon-right-small{margin-right:5px}.c-gap-icon-right{margin-right:10px}.c-gap-icon-left-small{margin-left:5px}.c-gap-icon-left{margin-left:10px}.c-container{width:538px;font-size:13px;line-height:1.54;word-wrap:break-word;word-break:break-word}.c-container .c-container{width:auto}.c-container table{border-collapse:collapse;border-spacing:0}.c-container td{font-size:13px;line-height:1.54}.c-default{font-size:13px;line-height:1.54;word-wrap:break-word;word-break:break-all}.c-container .t,.c-default .t{line-height:1.54}.c-default .t{margin-bottom:0}.cr-content{width:259px;font-size:13px;line-height:1.54;color:#333;word-wrap:break-word;word-break:normal}.cr-content table{border-collapse:collapse;border-spacing:0}.cr-content td{font-size:13px;line-height:1.54;vertical-align:top}.cr-offset{padding-left:17px}.cr-title{font-size:14px;line-height:1.29;font-weight:700}.cr-title-sub{float:right;font-size:13px;font-weight:400}.c-row{*zoom:1}.c-row:after{display:block;height:0;content:\"\";clear:both;visibility:hidden}.c-span2{width:29px}.c-span3{width:52px}.c-span4{width:75px}.c-span5{width:98px}.c-span6{width:121px}.c-span7{width:144px}.c-span8{width:167px}.c-span9{width:190px}.c-span10{width:213px}.c-span11{width:236px}.c-span12{width:259px}.c-span13{width:282px}.c-span14{width:305px}.c-span15{width:328px}.c-span16{width:351px}.c-span17{width:374px}.c-span18{width:397px}.c-span19{width:420px}.c-span20{width:443px}.c-span21{width:466px}.c-span22{width:489px}.c-span23{width:512px}.c-span24{width:535px}.c-span2,.c-span3,.c-span4,.c-span5,.c-span6,.c-span7,.c-span8,.c-span9,.c-span10,.c-span11,.c-span12,.c-span13,.c-span14,.c-span15,.c-span16,.c-span17,.c-span18,.c-span19,.c-span20,.c-span21,.c-span22,.c-span23,.c-span24{float:left;_display:inline;margin-right:17px;list-style:none}.c-span-last{margin-right:0}.c-span-last-s{margin-right:0}.container_l .cr-content{width:351px}.container_l .cr-content .c-span-last-s{margin-right:17px}.container_l .cr-content-narrow{width:259px}.container_l .cr-content-narrow .c-span-last-s{margin-right:0}.c-border{width:518px;padding:9px;border:1px solid #e3e3e3;border-bottom-color:#e0e0e0;border-right-color:#ececec;box-shadow:1px 2px 1px rgba(0,0,0,.072);-webkit-box-shadow:1px 2px 1px rgba(0,0,0,.072);-moz-box-shadow:1px 2px 1px rgba(0,0,0,.072);-o-box-shadow:1px 2px 1px rgba(0,0,0,.072)}.c-border .c-gap-left{margin-left:10px}.c-border .c-gap-left-small{margin-left:5px}.c-border .c-gap-right{margin-right:10px}.c-border .c-gap-right-small{margin-right:5px}.c-border .c-border{width:auto;padding:0;border:0;box-shadow:none;-webkit-box-shadow:none;-moz-box-shadow:none;-o-box-shadow:none}.c-border .c-span2{width:34px}.c-border .c-span3{width:56px}.c-border .c-span4{width:78px}.c-border .c-span5{width:100px}.c-border .c-span6{width:122px}.c-border .c-span7{width:144px}.c-border .c-span8{width:166px}.c-border .c-span9{width:188px}.c-border .c-span10{width:210px}.c-border .c-span11{width:232px}.c-border .c-span12{width:254px}.c-border .c-span13{width:276px}.c-border .c-span14{width:298px}.c-border .c-span15{width:320px}.c-border .c-span16{width:342px}.c-border .c-span17{width:364px}.c-border .c-span18{width:386px}.c-border .c-span19{width:408px}.c-border .c-span20{width:430px}.c-border .c-span21{width:452px}.c-border .c-span22{width:474px}.c-border .c-span23{width:496px}.c-border .c-span24{width:518px}.c-border .c-span2,.c-border .c-span3,.c-border .c-span4,.c-border .c-span5,.c-border .c-span6,.c-border .c-span7,.c-border .c-span8,.c-border .c-span9,.c-border .c-span10,.c-border .c-span11,.c-border .c-span12,.c-border .c-span13,.c-border .c-span14,.c-border .c-span15,.c-border .c-span16,.c-border .c-span17,.c-border .c-span18,.c-border .c-span19,.c-border .c-span20,.c-border .c-span21,.c-border .c-span22,.c-border .c-span23,.c-border .c-span24{margin-right:10px}.c-border .c-span-last{margin-right:0}.c-loading{display:block;width:50px;height:50px;background:url(\/\/www.baidu.com\/aladdin\/img\/tools\/loading.gif) no-repeat 0 0}.c-vline{display:inline-block;margin:0 3px;border-left:1px solid #ddd;width:0;height:12px;_vertical-align:middle;_overflow:hidden}.c-icon{background:url(https:\/\/ss1.bdstatic.com\/5eN1bjq8AAUYm2zgoY3K\/r\/www\/cache\/static\/protocol\/https\/global\/img\/icons_5859e57.png) no-repeat 0 0;_background-image:url(https:\/\/ss1.bdstatic.com\/5eN1bjq8AAUYm2zgoY3K\/r\/www\/cache\/static\/protocol\/https\/global\/img\/icons_d5b04cc.gif)}.c-icon{display:inline-block;width:14px;height:14px;vertical-align:text-bottom;font-style:normal;overflow:hidden}.c-icon-unfold,.c-icon-fold,.c-icon-chevron-unfold,.c-icon-chevron-fold{width:12px;height:12px}.c-icon-star,.c-icon-star-gray{width:60px}.c-icon-qa-empty,.c-icon-safeguard,.c-icon-register-empty,.c-icon-zan,.c-icon-music,.c-icon-music-gray,.c-icon-location,.c-icon-warning,.c-icon-doc,.c-icon-xls,.c-icon-ppt,.c-icon-pdf,.c-icon-txt,.c-icon-play-black,.c-icon-gift,.c-icon-baidu-share,.c-icon-bear,.c-icon-bear-border,.c-icon-location-blue,.c-icon-hotAirBall,.c-icon-moon,.c-icon-streetMap,.c-icon-mv,.c-icon-zhidao-s,.c-icon-shopping{width:16px;height:16px}.c-icon-bear-circle,.c-icon-warning-circle,.c-icon-warning-triangle,.c-icon-warning-circle-gray{width:18px;height:18px}.c-icon-tieba,.c-icon-zhidao,.c-icon-bear-p,.c-icon-bear-pn{width:24px;height:24px}.c-icon-ball-blue,.c-icon-ball-red{width:38px;height:38px}.c-icon-unfold:hover,.c-icon-fold:hover,.c-icon-chevron-unfold:hover,.c-icon-chevron-fold:hover,.c-icon-download:hover,.c-icon-lyric:hover,.c-icon-v:hover,.c-icon-hui:hover,.c-icon-bao:hover,.c-icon-person:hover,.c-icon-high-v:hover,.c-icon-phone:hover,.c-icon-nuo:hover,.c-icon-fan:hover,.c-icon-med:hover,.c-icon-air:hover,.c-icon-share2:hover,.c-icon-v1:hover,.c-icon-v2:hover,.c-icon-write:hover,.c-icon-R:hover{border-color:#388bff}.c-icon-unfold:active,.c-icon-fold:active,.c-icon-chevron-unfold:active,.c-icon-chevron-fold:active,.c-icon-download:active,.c-icon-lyric:active,.c-icon-v:active,.c-icon-hui:active,.c-icon-bao:active,.c-icon-person:active,.c-icon-high-v:active,.c-icon-phone:active,.c-icon-nuo:active,.c-icon-fan:active,.c-icon-med:active,.c-icon-air:active,.c-icon-share2:active,.c-icon-v1:active,.c-icon-v2:active,.c-icon-write:active,.c-icon-R:active{border-color:#a2a6ab;background-color:#f0f0f0;box-shadow:inset 1px 1px 1px #c7c7c7;-webkit-box-shadow:inset 1px 1px 1px #c7c7c7;-moz-box-shadow:inset 1px 1px 1px #c7c7c7;-o-box-shadow:inset 1px 1px 1px #c7c7c7}.c-icon-v3:hover{border-color:#ffb300}.c-icon-v3:active{border-color:#a2a6ab;background-color:#f0f0f0;box-shadow:inset 1px 1px 1px #c7c7c7;-webkit-box-shadow:inset 1px 1px 1px #c7c7c7;-moz-box-shadow:inset 1px 1px 1px #c7c7c7;-o-box-shadow:inset 1px 1px 1px #c7c7c7}.c-icon-unfold,.c-icon-fold,.c-icon-chevron-unfold,.c-icon-chevron-fold,.c-icon-download,.c-icon-lyric{border:1px solid #d8d8d8;cursor:pointer}.c-icon-v,.c-icon-hui,.c-icon-bao,.c-icon-person,.c-icon-high-v,.c-icon-phone,.c-icon-nuo,.c-icon-fan,.c-icon-med,.c-icon-air,.c-icon-share2,.c-icon-v1,.c-icon-v2,.c-icon-v3,.c-icon-write,.c-icon-R{border:1px solid #d8d8d8;cursor:pointer;border-color:transparent;_border-color:tomato;_filter:chroma(color=#ff6347)}.c-icon-v1,.c-icon-v2,.c-icon-v3,.c-icon-v1-noborder,.c-icon-v2-noborder,.c-icon-v3-noborder,.c-icon-v1-noborder-disable,.c-icon-v2-noborder-disable,.c-icon-v3-noborder-disable{width:19px}.c-icon-download,.c-icon-lyric{width:16px;height:16px}.c-icon-play-circle,.c-icon-stop-circle{width:18px;height:18px}.c-icon-play-circle-middle,.c-icon-stop-circle-middle{width:24px;height:24px}.c-icon-play-black-large,.c-icon-stop-black-large{width:36px;height:36px}.c-icon-play-black-larger,.c-icon-stop-black-larger{width:52px;height:52px}.c-icon-flag{background-position:0 -144px}.c-icon-bus{background-position:-24px -144px}.c-icon-calendar{background-position:-48px -144px}.c-icon-street{background-position:-72px -144px}.c-icon-map{background-position:-96px -144px}.c-icon-bag{background-position:-120px -144px}.c-icon-money{background-position:-144px -144px}.c-icon-game{background-position:-168px -144px}.c-icon-user{background-position:-192px -144px}.c-icon-globe{background-position:-216px -144px}.c-icon-lock{background-position:-240px -144px}.c-icon-plane{background-position:-264px -144px}.c-icon-list{background-position:-288px -144px}.c-icon-star-gray{background-position:-312px -144px}.c-icon-circle-gray{background-position:-384px -144px}.c-icon-triangle-down{background-position:-408px -144px}.c-icon-triangle-up{background-position:-432px -144px}.c-icon-triangle-up-empty{background-position:-456px -144px}.c-icon-sort-gray{background-position:-480px -144px}.c-icon-sort-up{background-position:-504px -144px}.c-icon-sort-down{background-position:-528px -144px}.c-icon-down-gray{background-position:-552px -144px}.c-icon-up-gray{background-position:-576px -144px}.c-icon-download-noborder{background-position:-600px -144px}.c-icon-lyric-noborder{background-position:-624px -144px}.c-icon-download-white{background-position:-648px -144px}.c-icon-close{background-position:-672px -144px}.c-icon-fail{background-position:-696px -144px}.c-icon-success{background-position:-720px -144px}.c-icon-triangle-down-g{background-position:-744px -144px}.c-icon-refresh{background-position:-768px -144px}.c-icon-chevron-left-gray{background-position:-816px -144px}.c-icon-chevron-right-gray{background-position:-840px -144px}.c-icon-setting{background-position:-864px -144px}.c-icon-close2{background-position:-888px -144px}.c-icon-chevron-top-gray-s{background-position:-912px -144px}.c-icon-fullscreen{background-position:0 -168px}.c-icon-safe{background-position:-24px -168px}.c-icon-exchange{background-position:-48px -168px}.c-icon-chevron-bottom{background-position:-72px -168px}.c-icon-chevron-top{background-position:-96px -168px}.c-icon-unfold{background-position:-120px -168px}.c-icon-fold{background-position:-144px -168px}.c-icon-chevron-unfold{background-position:-168px -168px}.c-icon-qa{background-position:-192px -168px}.c-icon-register{background-position:-216px -168px}.c-icon-star{background-position:-240px -168px}.c-icon-star-gray{position:relative}.c-icon-star-gray .c-icon-star{position:absolute;top:0;left:0}.c-icon-play-blue{background-position:-312px -168px}.c-icon-pic{width:16px;background-position:-336px -168px}.c-icon-chevron-fold{background-position:-360px -168px}.c-icon-video{width:18px;background-position:-384px -168px}.c-icon-circle-blue{background-position:-408px -168px}.c-icon-circle-yellow{background-position:-432px -168px}.c-icon-play-white{background-position:-456px -168px}.c-icon-triangle-down-blue{background-position:-480px -168px}.c-icon-chevron-unfold2{background-position:-504px -168px}.c-icon-right{background-position:-528px -168px}.c-icon-right-empty{background-position:-552px -168px}.c-icon-new-corner{width:15px;background-position:-576px -168px}.c-icon-horn{background-position:-600px -168px}.c-icon-right-large{width:18px;background-position:-624px -168px}.c-icon-wrong-large{background-position:-648px -168px}.c-icon-circle-blue-s{background-position:-672px -168px}.c-icon-play-gray{background-position:-696px -168px}.c-icon-up{background-position:-720px -168px}.c-icon-down{background-position:-744px -168px}.c-icon-stable{background-position:-768px -168px}.c-icon-calendar-blue{background-position:-792px -168px}.c-icon-triangle-down-blue2{background-position:-816px -168px}.c-icon-triangle-up-blue2{background-position:-840px -168px}.c-icon-down-blue{background-position:-864px -168px}.c-icon-up-blue{background-position:-888px -168px}.c-icon-ting{background-position:-912px -168px}.c-icon-piao{background-position:-936px -168px}.c-icon-wrong-empty{background-position:-960px -168px}.c-icon-warning-circle-s{background-position:-984px -168px}.c-icon-chevron-left{background-position:-1008px -168px}.c-icon-chevron-right{background-position:-1032px -168px}.c-icon-circle-gray-s{background-position:-1056px -168px}.c-icon-v,.c-icon-v-noborder{background-position:0 -192px}.c-icon-hui{background-position:-24px -192px}.c-icon-bao{background-position:-48px -192px}.c-icon-phone{background-position:-72px -192px}.c-icon-qa-empty{background-position:-96px -192px}.c-icon-safeguard{background-position:-120px -192px}.c-icon-register-empty{background-position:-144px -192px}.c-icon-zan{background-position:-168px -192px}.c-icon-music{background-position:-192px -192px}.c-icon-music-gray{background-position:-216px -192px}.c-icon-location{background-position:-240px -192px}.c-icon-warning{background-position:-264px -192px}.c-icon-doc{background-position:-288px -192px}.c-icon-xls{background-position:-312px -192px}.c-icon-ppt{background-position:-336px -192px}.c-icon-pdf{background-position:-360px -192px}.c-icon-txt{background-position:-384px -192px}.c-icon-play-black{background-position:-408px -192px}.c-icon-play-black:hover{background-position:-432px -192px}.c-icon-gift{background-position:-456px -192px}.c-icon-baidu-share{background-position:-480px -192px}.c-icon-bear{background-position:-504px -192px}.c-icon-R{background-position:-528px -192px}.c-icon-bear-border{background-position:-576px -192px}.c-icon-person,.c-icon-person-noborder{background-position:-600px -192px}.c-icon-location-blue{background-position:-624px -192px}.c-icon-hotAirBall{background-position:-648px -192px}.c-icon-moon{background-position:-672px -192px}.c-icon-streetMap{background-position:-696px -192px}.c-icon-high-v,.c-icon-high-v-noborder{background-position:-720px -192px}.c-icon-nuo{background-position:-744px -192px}.c-icon-mv{background-position:-768px -192px}.c-icon-fan{background-position:-792px -192px}.c-icon-med{background-position:-816px -192px}.c-icon-air{background-position:-840px -192px}.c-icon-share2{background-position:-864px -192px}.c-icon-v1,.c-icon-v1-noborder{background-position:-888px -192px}.c-icon-v2,.c-icon-v2-noborder{background-position:-912px -192px}.c-icon-v3,.c-icon-v3-noborder{background-position:-936px -192px}.c-icon-v1-noborder-disable{background-position:-960px -192px}.c-icon-v2-noborder-disable{background-position:-984px -192px}.c-icon-v3-noborder-disable{background-position:-1008px -192px}.c-icon-write{background-position:-1032px -192px}.c-icon-zhidao-s{background-position:-1056px -192px}.c-icon-shopping{background-position:-1080px -192px}.c-icon-bear-circle{background-position:0 -216px}.c-icon-warning-circle{background-position:-24px -216px}.c-icon-warning-triangle{width:24px;background-position:-48px -216px}.c-icon-warning-circle-gray{background-position:-72px -216px}.c-icon-ball-red{background-position:0 -240px}.c-icon-ball-blue{background-position:-48px -240px}.c-icon-tieba{background-position:0 -288px}.c-icon-zhidao{background-position:-48px -288px}.c-icon-bear-p{background-position:-96px -288px}.c-icon-bear-pn{background-position:-144px -288px}.c-icon-download{background-position:0 -336px}.c-icon-lyric{background-position:-24px -336px}.c-icon-play-circle{background-position:-48px -336px}.c-icon-play-circle:hover{background-position:-72px -336px}.c-icon-stop-circle{background-position:-96px -336px}.c-icon-stop-circle:hover{background-position:-120px -336px}.c-icon-play-circle-middle{background-position:0 -360px}.c-icon-play-circle-middle:hover{background-position:-48px -360px}.c-icon-stop-circle-middle{background-position:-96px -360px}.c-icon-stop-circle-middle:hover{background-position:-144px -360px}.c-icon-play-black-large{background-position:0 -408px}.c-icon-play-black-large:hover{background-position:-48px -408px}.c-icon-stop-black-large{background-position:-96px -408px}.c-icon-stop-black-large:hover{background-position:-144px -408px}.c-icon-play-black-larger{background-position:0 -456px}.c-icon-play-black-larger:hover{background-position:-72px -456px}.c-icon-stop-black-larger{background-position:-144px -456px}.c-icon-stop-black-larger:hover{background-position:-216px -456px}.c-recommend{font-size:0;padding:5px 0;border:1px solid #f3f3f3;border-left:0;border-right:0}.c-recommend .c-icon{margin-bottom:-4px}.c-recommend .c-gray,.c-recommend a{font-size:13px}.c-recommend-notopline{padding-top:0;border-top:0}.c-recommend-vline{display:inline-block;margin:0 10px -2px;border-left:1px solid #d8d8d8;width:0;height:12px;_vertical-align:middle;_overflow:hidden}.c-text{display:inline-block;padding:2px;text-align:center;vertical-align:text-bottom;font-size:12px;line-height:100%;font-style:normal;font-weight:400;color:#fff;overflow:hidden}a.c-text{text-decoration:none}.c-text-new{background-color:#f13f40}.c-text-info{padding-left:0;padding-right:0;font-weight:700;color:#2b99ff;*vertical-align:baseline;_position:relative;_top:2px}.c-text-info b{_position:relative;_top:-1px}.c-text-info span{padding:0 2px;font-weight:400}.c-text-important{background-color:#1cb7fd}.c-text-public{background-color:#2b99ff}.c-text-warning{background-color:#ff830f}.c-text-prompt{background-color:#f5c537}.c-text-danger{background-color:#f13f40}.c-text-safe{background-color:#52c277}.c-text-empty{padding-top:1px;padding-bottom:1px;border:1px solid #d8d8d8;cursor:pointer;color:#23b9fd;background-color:#fff}.c-text-empty:hover{border-color:#388bff}.c-text-empty:active{border-color:#a2a6ab;background-color:#f0f0f0;box-shadow:inset 1px 1px 1px #c7c7c7;-webkit-box-shadow:inset 1px 1px 1px #c7c7c7;-moz-box-shadow:inset 1px 1px 1px #c7c7c7;-o-box-shadow:inset 1px 1px 1px #c7c7c7}.c-text-mult{padding-left:5px;padding-right:5px}.c-text-gray{background-color:#666}.c-btn,.c-btn:visited{color:#333!important}.c-btn{display:inline-block;padding:0 14px;margin:0;height:24px;line-height:25px;font-size:13px;filter:chroma(color=#000000);*zoom:1;border:1px solid #d8d8d8;cursor:pointer;font-family:inherit;font-weight:400;text-align:center;vertical-align:middle;background-color:#f9f9f9;overflow:hidden;outline:0}.c-btn:hover{border-color:#388bff}.c-btn:active{border-color:#a2a6ab;background-color:#f0f0f0;box-shadow:inset 1px 1px 1px #c7c7c7;-webkit-box-shadow:inset 1px 1px 1px #c7c7c7;-moz-box-shadow:inset 1px 1px 1px #c7c7c7;-o-box-shadow:inset 1px 1px 1px #c7c7c7}a.c-btn{text-decoration:none}button.c-btn{height:26px;_line-height:18px;*overflow:visible}button.c-btn::-moz-focus-inner{padding:0;border:0}.c-btn .c-icon{margin-top:5px}.c-btn-disable{color:#999!important}.c-btn-disable:visited{color:#999!important}.c-btn-disable:hover{border:1px solid #d8d8d8;cursor:default}.c-btn-disable:active{border-color:#d8d8d8;background-color:#f9f9f9;box-shadow:none;-webkit-box-shadow:none;-moz-box-shadow:none;-o-box-shadow:none}.c-btn-mini{padding-left:5px;padding-right:5px;height:18px;line-height:18px;font-size:12px}button.c-btn-mini{height:20px;_height:18px;_line-height:14px}.c-btn-mini .c-icon{margin-top:2px}.c-btn-large{height:28px;line-height:28px;font-size:14px;font-family:\"\u5fae\u8f6f\u96c5\u9ed1\",\"\u9ed1\u4f53\"}button.c-btn-large{height:30px;_line-height:24px}.c-btn-large .c-icon{margin-top:7px;_margin-top:6px}.c-btn-primary,.c-btn-primary:visited{color:#fff!important}.c-btn-primary{background-color:#388bff;border-color:#3c8dff #408ffe #3680e6}.c-btn-primary:hover{border-color:#2678ec #2575e7 #1c6fe2 #2677e7;background-color:#388bff;background-image:url(data:image\/png;base64,iVBORw0KGgoAAAANSUhEUgAAAAEAAAACCAMAAACuX0YVAAAABlBMVEVnpv85i\/9PO5r4AAAAD0lEQVR42gEEAPv\/AAAAAQAFAAIros7PAAAAAElFTkSuQmCC);*background-image:none;background-repeat:repeat-x;box-shadow:1px 1px 1px rgba(0,0,0,.4);-webkit-box-shadow:1px 1px 1px rgba(0,0,0,.4);-moz-box-shadow:1px 1px 1px rgba(0,0,0,.4);-o-box-shadow:1px 1px 1px rgba(0,0,0,.4)}.c-btn-primary:active{border-color:#178ee3 #1784d0 #177bbf #1780ca;background-color:#388bff;background-image:none;box-shadow:inset 1px 1px 1px rgba(0,0,0,.15);-webkit-box-shadow:inset 1px 1px 1px rgba(0,0,0,.15);-moz-box-shadow:inset 1px 1px 1px rgba(0,0,0,.15);-o-box-shadow:inset 1px 1px 1px rgba(0,0,0,.15)}.c-btn .c-icon{float:left}.c-dropdown2{position:relative;display:inline-block;width:100%;height:26px;line-height:26px;font-size:13px;vertical-align:middle;outline:0;_font-family:SimSun;background-color:#fff;word-wrap:normal;word-break:normal}.c-dropdown2 .c-dropdown2-btn-group{position:relative;height:24px;border:1px solid #999;border-bottom-color:#d8d8d8;border-right-color:#d8d8d8;-moz-user-select:none;-webkit-user-select:none;user-select:none}.c-dropdown2:hover .c-dropdown2-btn-group,.c-dropdown2-hover .c-dropdown2-btn-group{box-shadow:inset 1px 1px 0 0 #d8d8d8;-webkit-box-shadow:inset 1px 1px 0 0 #d8d8d8;-moz-box-shadow:inset 1px 1px 0 0 #d8d8d8;-o-box-shadow:inset 1px 1px 0 0 #d8d8d8}.c-dropdown2:hover .c-dropdown2-btn-icon,.c-dropdown2-hover .c-dropdown2-btn-icon{box-shadow:inset 0 1px 0 0 #d8d8d8;-webkit-box-shadow:inset 0 1px 0 0 #d8d8d8;-moz-box-shadow:inset 0 1px 0 0 #d8d8d8;-o-box-shadow:inset 0 1px 0 0 #d8d8d8}.c-dropdown2:hover .c-dropdown2-btn-icon-border,.c-dropdown2-hover .c-dropdown2-btn-icon-border{background-color:#f2f2f2}.c-dropdown2 .c-dropdown2-btn{height:24px;padding-left:10px;padding-right:10px;cursor:default;overflow:hidden;white-space:nowrap}.c-dropdown2 .c-dropdown2-btn-icon{position:absolute;top:0;right:0;width:23px;height:24px;line-height:24px;background-color:#fff;padding:0 1px 0 10px}.c-dropdown2 .c-dropdown2-btn-icon-border{height:24px;width:23px;border-left:1px solid #d9d9d9;text-align:center;zoom:1}.c-dropdown2 .c-icon-triangle-down{*margin-top:5px;_margin-left:2px}.c-dropdown2 .c-dropdown2-menu{position:absolute;left:0;top:100%;_margin-top:0;width:100%;overflow:hidden;border:1px solid #bbb;background:#fff;visibility:hidden}.c-dropdown2 .c-dropdown2-menu-inner{overflow:hidden}.c-dropdown2 .c-dropdown2-option{background-color:#fff;cursor:pointer}.c-dropdown2 .c-dropdown2-selected{background-color:#f5f5f5}.c-dropdown2-common ul,.c-dropdown2-common li{margin:0;padding:0;list-style:none}.c-dropdown2-common .c-dropdown2-option{height:26px;line-height:26px;font-size:12px;color:#333;white-space:nowrap;cursor:pointer;padding-left:10px}.c-dropdown2-common .c-dropdown2-selected{background-color:#f5f5f5}.c-dropdown2-common .c-dropdown2-menu-group .c-dropdown2-group{padding-left:10px;font-weight:700;cursor:default}.c-dropdown2-common .c-dropdown2-menu-group .c-dropdown2-option{padding-left:20px}.c-img{display:block;min-height:1px;border:0 0}.c-img3{width:52px}.c-img4{width:75px}.c-img6{width:121px}.c-img7{width:144px}.c-img12{width:259px}.c-img15{width:328px}.c-img18{width:397px}.c-border .c-img3{width:56px}.c-border .c-img4{width:78px}.c-border .c-img7{width:144px}.c-border .c-img12{width:254px}.c-border .c-img15{width:320px}.c-border .c-img18{width:386px}.c-index{display:inline-block;padding:1px 0;color:#fff;width:14px;line-height:100%;font-size:12px;text-align:center;background-color:#8eb9f5}.c-index-hot,.c-index-hot1{background-color:#f54545}.c-index-hot2{background-color:#ff8547}.c-index-hot3{background-color:#ffac38}.c-input{display:inline-block;padding:0 4px;height:24px;line-height:24px\\9;font-size:13px;border:1px solid #999;border-bottom-color:#d8d8d8;border-right-color:#d8d8d8;outline:0;box-sizing:content-box;-webkit-box-sizing:content-box;-moz-box-sizing:content-box;vertical-align:top;overflow:hidden}.c-input:hover{box-shadow:inset 1px 1px 1px 0 #d8d8d8;-webkit-box-shadow:inset 1px 1px 1px 0 #d8d8d8;-moz-box-shadow:inset 1px 1px 1px 0 #d8d8d8;-o-box-shadow:inset 1px 1px 1px 0 #d8d8d8}.c-input .c-icon{float:right;margin-top:6px}.c-input .c-icon-left{float:left;margin-right:4px}.c-input input{float:left;height:22px;*padding-top:4px;margin-top:2px;font-size:13px;border:0;outline:0}.c-input{width:180px}.c-input input{width:162px}.c-input-xmini{width:65px}.c-input-xmini input{width:47px}.c-input-mini{width:88px}.c-input-mini input{width:70px}.c-input-small{width:157px}.c-input-small input{width:139px}.c-input-large{width:203px}.c-input-large input{width:185px}.c-input-xlarge{width:341px}.c-input-xlarge input{width:323px}.c-input12{width:249px}.c-input12 input{width:231px}.c-input20{width:433px}.c-input20 input{width:415px}.c-border .c-input{width:178px}.c-border .c-input input{width:160px}.c-border .c-input-xmini{width:68px}.c-border .c-input-xmini input{width:50px}.c-border .c-input-mini{width:90px}.c-border .c-input-mini input{width:72px}.c-border .c-input-small{width:156px}.c-border .c-input-small input{width:138px}.c-border .c-input-large{width:200px}.c-border .c-input-large input{width:182px}.c-border .c-input-xlarge{width:332px}.c-border .c-input-xlarge input{width:314px}.c-border .c-input12{width:244px}.c-border .c-input12 input{width:226px}.c-border .c-input20{width:420px}.c-border .c-input20 input{width:402px}.c-numberset{*zoom:1}.c-numberset:after{display:block;height:0;content:\"\";clear:both;visibility:hidden}.c-numberset li{float:left;margin-right:17px;list-style:none}.c-numberset .c-numberset-last{margin-right:0}.c-numberset a{display:block;width:50px;text-decoration:none;text-align:center;border:1px solid #d8d8d8;cursor:pointer}.c-numberset a:hover{border-color:#388bff}.c-border .c-numberset li{margin-right:10px}.c-border .c-numberset .c-numberset-last{margin-right:0}.c-border .c-numberset a{width:54px}.c-table{width:100%;border-collapse:collapse;border-spacing:0}.c-table th,.c-table td{padding-left:10px;line-height:1.54;font-size:13px;border-bottom:1px solid #f3f3f3;text-align:left}.cr-content .c-table th:first-child,.cr-content .c-table td:first-child{padding-left:0}.c-table th{padding-top:4px;padding-bottom:4px;font-weight:400;color:#666;border-color:#f0f0f0;white-space:nowrap;background-color:#fafafa}.c-table td{padding-top:6.5px;padding-bottom:6.5px}.c-table-hasimg td{padding-top:10px;padding-bottom:10px}.c-table a,.c-table em{text-decoration:none}.c-table a:hover,.c-table a:hover em{text-decoration:underline}.c-table a.c-icon:hover{text-decoration:none}.c-table .c-btn:hover,.c-table .c-btn:hover em{text-decoration:none}.c-table-nohihead th{background-color:transparent}.c-table-noborder td{border-bottom:0}.c-tabs-nav-movetop{margin:-10px -9px 0 -10px;position:relative}.c-tabs-nav{border-bottom:1px solid #d9d9d9;background-color:#fafafa;line-height:1.54;font-size:0;*zoom:1;_overflow-x:hidden;_position:relative}.c-tabs-nav:after{display:block;height:0;content:\"\";clear:both;visibility:hidden}.c-tabs-nav .c-tabs-nav-btn{float:right;_position:absolute;_top:0;_right:0;_z-index:1;background:#fafafa}.c-tabs-nav .c-tabs-nav-btn .c-tabs-nav-btn-prev,.c-tabs-nav .c-tabs-nav-btn .c-tabs-nav-btn-next{float:left;padding:6px 2px;cursor:pointer}.c-tabs-nav .c-tabs-nav-btn .c-tabs-nav-btn-disable{cursor:default}.c-tabs-nav .c-tabs-nav-view{_position:relative;overflow:hidden;*zoom:1;margin-bottom:-1px}.c-tabs-nav .c-tabs-nav-view .c-tabs-nav-li{margin-bottom:0}.c-tabs-nav .c-tabs-nav-more{float:left;white-space:nowrap}.c-tabs-nav li,.c-tabs-nav a{color:#666;font-size:13px;*zoom:1}.c-tabs-nav li{display:inline-block;margin-bottom:-1px;*display:inline;padding:3px 15px;vertical-align:bottom;border-style:solid;border-width:2px 1px 0;border-color:transparent;_border-color:tomato;_filter:chroma(color=#ff6347);list-style:none;cursor:pointer;white-space:nowrap;overflow:hidden}.c-tabs-nav a{text-decoration:none}.c-tabs-nav .c-tabs-nav-sep{height:16px;width:0;padding:0;margin-bottom:4px;border-style:solid;border-width:0 1px;border-color:transparent #fff transparent #dedede}.c-tabs-nav .c-tabs-nav-selected{_position:relative;border-color:#2c99ff #e4e4e4 #fff #dedede;background-color:#fff;color:#000;cursor:default}.c-tabs-nav-one .c-tabs-nav-selected{border-color:transparent;_border-color:tomato;_filter:chroma(color=#ff6347);background-color:transparent;color:#666}.c-tabs .c-tabs .c-tabs-nav{padding:10px 0 5px;border:0 0;background-color:#fff}.c-tabs .c-tabs .c-tabs-nav li,.c-tabs .c-tabs .c-tabs-nav a{color:#00c}.c-tabs .c-tabs .c-tabs-nav li{padding:0 5px;position:static;margin:0 10px;border:0 0;cursor:pointer;white-space:nowrap}.c-tabs .c-tabs .c-tabs-nav .c-tabs-nav-sep{height:11px;width:0;padding:0;margin:0 0 4px;border:0 0;border-left:1px solid #d8d8d8}.c-tabs .c-tabs .c-tabs-nav .c-tabs-nav-selected{background-color:#2c99ff;color:#fff;cursor:default}.c-tag{padding-top:3px;margin-bottom:3px;height:1.7em;font-size:13px;line-height:1.4em;transition:height .3s ease-in;-webkit-transition:height .3s ease-in;-moz-transition:height .3s ease-in;-ms-transition:height .3s ease-in;-o-transition:height .3s ease-in;*zoom:1;overflow:hidden}.c-tag:after{display:block;height:0;content:\"\";clear:both;visibility:hidden}.c-tag-cont{overflow:hidden;*zoom:1}.c-tag-type,.c-tag-li,.c-tag-more,.c-tag-cont span{margin:2px 0}.c-tag-type,.c-tag-li,.c-tag-cont span{float:left}.c-tag-type,.c-tag-more{color:#666}.c-tag-li,.c-tag-cont span{padding:0 4px;display:inline-block;margin-right:12px;white-space:nowrap;cursor:pointer;color:#00c}.c-tag .c-tag-selected{background:#388bff;color:#fff}.c-tag-more{float:right;background:#fff;cursor:pointer;*height:18px}.c-tool{display:inline-block;width:56px;height:56px;background:url(\/\/www.baidu.com\/aladdin\/img\/tools\/tools-5.png) no-repeat}.c-tool-region{background-position:0 0}.c-tool-calendar{background-position:-72px 0}.c-tool-city{background-position:-144px 0}.c-tool-phone-pos{background-position:-216px 0}.c-tool-other{background-position:-288px 0}.c-tool-midnight{background-position:-360px 0}.c-tool-kefu{width:121px;background-position:-432px 0}.c-tool-phone{background-position:-576px 0}.c-tool-car{background-position:-648px 0}.c-tool-station{background-position:0 -72px}.c-tool-cheat{background-position:-72px -72px}.c-tool-counter{background-position:-144px -72px}.c-tool-time{background-position:-216px -72px}.c-tool-zip{background-position:-288px -72px}.c-tool-warning{background-position:-360px -72px}.c-tool-ip{background-position:0 -144px}.c-tool-unit{background-position:-72px -144px}.c-tool-rate{background-position:-144px -144px}.c-tool-conversion{background-position:-288px -144px}.c-tool-ads{background-position:-360px -144px}.soutu-input{padding-left:55px!important}.soutu-input-image{position:absolute;left:1px;top:1px;height:28px;width:49px;z-index:1;padding:0;background:#e6e6e6;border:1px solid #e6e6e6}.soutu-input-thumb{height:28px;width:28px;min-width:1px}.soutu-input-close{position:absolute;right:0;top:0;cursor:pointer;display:block;width:22px;height:28px}.soutu-input-close::after{content:\" \";position:absolute;right:3px;top:50%;cursor:pointer;margin-top:-7px;display:block;width:14px;height:14px;background:url(https:\/\/ss1.bdstatic.com\/5eN1bjq8AAUYm2zgoY3K\/r\/www\/cache\/static\/protocol\/https\/soutu\/img\/soutu_icons_new_8abaf8a.png) no-repeat -163px 0}.soutu-input-image:hover .soutu-input-close::after{background-position:-215px 2px}.fb-hint{margin-top:5px;transition-duration:.9s;opacity:0;display:none;color:red}.fb-img{display:none}.fb-hint-tip{height:44px;line-height:24px;background-color:#38f;color:#fff;box-sizing:border-box;width:269px;font-size:16px;padding:10px;padding-left:14px;position:absolute;top:-65px;right:-15px;border-radius:3px;z-index:299}.fb-hint-tip::before{content:\"\";width:0;height:0;display:block;position:absolute;border-left:8px solid transparent;border-right:8px solid transparent;border-top:8px solid #38f;bottom:-8px;right:25px}.fb-mask,.fb-mask-light{position:absolute;top:0;left:0;bottom:0;right:0;z-index:296;background-color:#000;filter:alpha(opacity=60);background-color:rgba(0,0,0,.6)}.fb-mask-light{background-color:#fff;filter:alpha(opacity=0);background-color:rgba(255,255,255,0)}.fb-success .fb-success-text{text-align:center;color:#333;font-size:13px;margin-bottom:14px}.fb-success-text.fb-success-text-title{color:#3b6;font-size:16px;margin-bottom:16px}.fb-success-text-title i{width:16px;height:16px;margin-right:5px}.fb-list-container{box-sizing:border-box;padding:4px 8px;position:absolute;top:0;left:0;bottom:0;right:0;z-index:298;display:block;width:100%;cursor:pointer;margin-top:-5px;margin-left:-5px}.fb-list-container-hover{background-color:#fff;border:2px #38f solid}.fb-list-container-first{box-sizing:border-box;padding-left:10px;padding-top:5px;position:absolute;top:0;left:0;bottom:0;right:0;z-index:297;display:block;width:100%;cursor:pointer;margin-top:-5px;margin-left:-5px;border:3px #f5f5f5 dashed;border-radius:3px}.fb-des-content{font-size:13px!important;color:#000}.fb-des-content::-webkit-input-placeholder{font-size:13px!important;color:#9a9a9a}.fb-des-content:-moz-placeholder{font-size:13px!important;color:#9a9a9a}.fb-des-content::-moz-placeholder{font-size:13px!important;color:#9a9a9a}.fb-des-content:-ms-input-placeholder{font-size:13px!important;color:#9a9a9a}.fb-btn,.fb-btn:visited{color:#333!important}.fb-select{position:relative;background-color:#fff;border:1px solid #ccc}.fb-select i{position:absolute;right:2px;top:7px}.fb-type{width:350px;box-sizing:border-box;height:28px;font-size:13px;line-height:28px;border:0;word-break:normal;word-wrap:normal;position:relative;appearance:none;-moz-appearance:none;-webkit-appearance:none;display:inline-block;vertical-align:middle;line-height:normal;color:#333;background-color:transparent;border-radius:0;overflow:hidden;outline:0;padding-left:5px}.fb-type::-ms-expand{display:none}.fb-btn{display:inline-block;padding:0 14px;margin:0;height:24px;line-height:25px;font-size:13px;filter:chroma(color=#000000);*zoom:1;border:1px solid #d8d8d8;cursor:pointer;font-family:inherit;font-weight:400;text-align:center;vertical-align:middle;background-color:#f9f9f9;overflow:hidden;outline:0}.fb-btn:hover{border-color:#388bff}.fb-btn:active{border-color:#a2a6ab;background-color:#f0f0f0;box-shadow:inset 1px 1px 1px #c7c7c7;-webkit-box-shadow:inset 1px 1px 1px #c7c7c7;-moz-box-shadow:inset 1px 1px 1px #c7c7c7;-o-box-shadow:inset 1px 1px 1px #c7c7c7}a.fb-btn{text-decoration:none}button.fb-btn{height:26px;_line-height:18px;*overflow:visible}button.fb-btn::-moz-focus-inner{padding:0;border:0}.fb-btn .c-icon{margin-top:5px}.fb-btn-primary,.fb-btn-primary:visited{color:#fff!important}.fb-btn-primary{background-color:#388bff;_width:82px;border-color:#3c8dff #408ffe #3680e6}.fb-btn-primary:hover{border-color:#2678ec #2575e7 #1c6fe2 #2677e7;background-color:#388bff;background-image:url(data:image\/png;base64,iVBORw0KGgoAAAANSUhEUgAAAAEAAAACCAMAAACuX0YVAAAABlBMVEVnpv85i\/9PO5r4AAAAD0lEQVR42gEEAPv\/AAAAAQAFAAIros7PAAAAAElFTkSuQmCC);background-repeat:repeat-x;box-shadow:1px 1px 1px rgba(0,0,0,.4);-webkit-box-shadow:1px 1px 1px rgba(0,0,0,.4);-moz-box-shadow:1px 1px 1px rgba(0,0,0,.4);-o-box-shadow:1px 1px 1px rgba(0,0,0,.4)}.fb-btn-primary:active{border-color:#178ee3 #1784d0 #177bbf #1780ca;background-color:#388bff;background-image:none;box-shadow:inset 1px 1px 1px rgba(0,0,0,.15);-webkit-box-shadow:inset 1px 1px 1px rgba(0,0,0,.15);-moz-box-shadow:inset 1px 1px 1px rgba(0,0,0,.15);-o-box-shadow:inset 1px 1px 1px rgba(0,0,0,.15)}.fb-feedback-right-dialog{position:fixed;z-index:299;bottom:0;right:0}.fb-feedback-list-dialog,.fb-feedback-list-dialog-left{position:absolute;z-index:299}.fb-feedback-list-dialog:before{content:\"\";width:0;height:0;display:block;position:absolute;top:15px;left:-6px;border-top:8px solid transparent;border-bottom:8px solid transparent;border-right:8px solid #fff}.fb-feedback-list-dialog-left:before{content:\"\";width:0;height:0;display:block;position:absolute;top:15px;right:-6px;border-top:8px solid transparent;border-bottom:8px solid transparent;border-left:8px solid #fff}.fb-header{padding-left:20px;padding-right:20px;margin-top:14px;text-align:left;-moz-user-select:none}.fb-header .fb-close{opacity:.2;filter:alpha(opacity=20)}.fb-close{text-decoration:none;margin-top:2px;float:right;font-size:20px;font-weight:700;line-height:18px;color:#666;text-shadow:0 1px 0 #fff}.fb-header a.fb-close:hover{text-decoration:none}.fb-header-tips{font-size:16px;margin:0;color:#333;text-rendering:optimizelegibility}.fb-body{margin-bottom:0;padding:20px;padding-top:10px;overflow:hidden;text-align:left}.fb-modal,.fb-success{background-color:#fff;cursor:default;top:100%;left:100%;width:390px;overflow:hidden;border:1px solid #999;*border:1px solid #ddd;font-size:13px;line-height:1.54}.fb-textarea textarea{width:350px;height:64px;padding:4px;margin:10px 0;vertical-align:top;resize:none;overflow:auto;box-sizing:border-box;display:inline-block;border:1px solid #ccc;-webkit-border-radius:0;-moz-border-radius:0;border-radius:0;-webkit-box-shadow:inset 0 1px 1px rgba(0,0,0,.075);-moz-box-shadow:inset 0 1px 1px rgba(0,0,0,.075);box-shadow:inset 0 1px 1px rgba(0,0,0,.075);-webkit-transition:border linear .2s,box-shadow linear .2s;-moz-transition:border linear .2s,box-shadow linear .2s;-ms-transition:border linear .2s,box-shadow linear .2s;-o-transition:border linear .2s,box-shadow linear .2s;transition:border linear .2s,box-shadow linear .2s}.fb-guide{padding-top:10px;color:#9a9a9a;margin-left:-20px;padding-left:20px;border-right-width:0;margin-right:-20px;padding-right:25px;margin-bottom:-20px;padding-bottom:15px}.fb-footer{padding-top:10px;text-align:left}.fb-block{overflow:hidden;position:relative}.fb-block .fb-email{height:28px;line-height:26px;width:350px;border:1px solid #ccc;padding:4px;padding-top:0;box-sizing:border-box;padding-bottom:0;display:inline-block;font-family:'Helvetica Neue',Helvetica,Arial,sans-serif;vertical-align:middle!important;-webkit-border-radius:0;-moz-border-radius:0;border-radius:0;-webkit-box-shadow:inset 0 1px 1px rgba(0,0,0,.075);-moz-box-shadow:inset 0 1px 1px rgba(0,0,0,.075);box-shadow:inset 0 1px 1px rgba(0,0,0,.075);-webkit-transition:border linear .2s,box-shadow linear .2s;-moz-transition:border linear .2s,box-shadow linear .2s;-ms-transition:border linear .2s,box-shadow linear .2s;-o-transition:border linear .2s,box-shadow linear .2s;transition:border linear .2s,box-shadow linear .2s}.fb-email{font-size:13px!important;color:#000}.fb-email::-webkit-input-placeholder{font-size:13px!important;color:#9a9a9a}.fb-email:-moz-placeholder{font-size:13px!important;color:#9a9a9a}.fb-email::-moz-placeholder{font-size:13px!important;color:#9a9a9a}.fb-email:-ms-input-placeholder{font-size:13px!important;color:#9a9a9a}.fb-cut-block{height:15px;padding-bottom:10px}.fb-canvas-block{height:172px;border:1px solid #ccc;margin-bottom:10px;position:relative;overflow:hidden;width:100%;background-position:center;box-sizing:border-box}.fb-canvas-block img{width:350px;position:absolute}.fb-canvas-block img[src=\"\"]{opacity:0}.fb-cut-input{width:14px;height:14px;margin:0;margin-right:10px;display:inline-block;border:1px solid #ccc}.fb-cut-btn{width:60px!important}#fb_tips_span{vertical-align:middle}#fb_popwindow{display:block;left:457px;top:69.5px;position:absolute;width:450px;z-index:999999;background:none repeat scroll 0 0 #fff;border:1px solid #999;border-radius:3px;box-shadow:0 0 9px #999;padding:0}#feedback_dialog_content{text-align:center}#fb_right_post_save:hover{background-image:url(data:image\/png;base64,iVBORw0KGgoAAAANSUhEUgAAAAEAAAACCAMAAACuX0YVAAAABlBMVEVnpv85i\/9PO5r4AAAAD0lEQVR42gEEAPv\/AAAAAQAFAAIros7PAAAAAElFTkSuQmCC);background-repeat:repeat-x;box-shadow:1px 1px 1px rgba(0,0,0,.4);-webkit-box-shadow:1px 1px 1px rgba(0,0,0,.4);-moz-box-shadow:1px 1px 1px rgba(0,0,0,.4);-o-box-shadow:1px 1px 1px rgba(0,0,0,.4)}.fb-select-icon{position:absolute;bottom:6px;right:5px;width:16px;height:16px;box-sizing:content-box;background-position:center center;background-repeat:no-repeat;background-size:7px 4px;-webkit-background-size:7px 4px;background-image:url(data:image\/png;base64,iVBORw0KGgoAAAANSUhEUgAAAAcAAAAECAYAAABCxiV9AAAABGdBTUEAALGPC\/xhBQAAACBjSFJNAAB6JgAAgIQAAPoAAACA6AAAdTAAAOpgAAA6mAAAF3CculE8AAAABmJLR0QAAAAAAAD5Q7t\/AAAACXBIWXMAAAsSAAALEgHS3X78AAAAKElEQVQI12Ps7Or6z4ADMDIwMDBgU1BeVsbICOMgKygvK2PEMAbdBAAhxA08t5Q3VgAAAABJRU5ErkJggg==)}.fb-select-shorter{position:relative;min-height:28px}.fb-type-container{line-height:28px;position:absolute;top:28px;width:100%;background-color:#fff;border:1px solid #ccc;z-index:300;margin-left:-1px;display:none}.fb-type-item,.fb-type-selected{height:28px;line-height:30px;padding-left:4px}.fb-type-item:hover{background:#f5F5F5}<\/style>";
    result_common_css=$(result_common_css);
    result_common_css.attr("data-for","result");

    var index_css= $('head [index]');
    var wrapper=$("#wrapper");
    window.index_on=function(){
        index_css.insertAfter("meta:eq(0)");
        result_common_css.remove();
        wrapper.show();
        if(bds.su&&bds.su.U&&bds.su.U.homeInit){
            bds.su.U.homeInit();
        }
        //$("#wrapper_wrapper").remove();
    };
    window.index_off=function(){
        //不能操作dom，只能改css，否则会丢失输入法状态
        result_common_css.insertAfter("meta:eq(0)");
        wrapper.show();
        index_css.remove();

        //$("<div id='wrapper_wrapper'></div>").appendTo("#wrapper");
    };
})();

//首页UA diff 监控
$(window).on("load",function() {

	var rand = Math.random();

	if(rand < 0.01) {
		try {
		var baseUrl = "//www.baidu.com/nocache/fesplg/s.gif?log_type=hm&type=uamonitor&",
			queryString = "";

		queryString += "&c_ua=" + encodeURIComponent(navigator.userAgent);
		queryString += "&s_ua=" + encodeURIComponent(bds.comm.userAgent);

		var url=baseUrl+queryString,
			img = new Image(),
			img_rand="_LOG_"+new Date().getTime();
		img.onload=function(){
			delete window[img_rand];
		};
		window[img_rand]=img;
		img.src=url;
		} catch(e) {};
	}
});

</script>

<script type="text/javascript">var Cookie={set:function(e,t,o,i,s,n){document.cookie=e+"="+(n?t:escape(t))+(s?"; expires="+s.toGMTString():"")+(i?"; path="+i:"; path=/")+(o?"; domain="+o:"")},get:function(e,t){var o=document.cookie.match(new RegExp("(^| )"+e+"=([^;]*)(;|$)"));return null!=o?unescape(o[2]):t},clear:function(e,t,o){this.get(e)&&(document.cookie=e+"="+(t?"; path="+t:"; path=/")+(o?"; domain="+o:"")+";expires=Fri, 02-Jan-1970 00:00:00 GMT")}};!function(){function save(e){var t=[];for(tmpName in options)options.hasOwnProperty(tmpName)&&"duRobotState"!==tmpName&&t.push('"'+tmpName+'":"'+options[tmpName]+'"');
var o="{"+t.join(",")+"}";bds.comm.personalData?$.ajax({url:"//www.baidu.com/ups/submit/addtips/?product=ps&tips="+encodeURIComponent(o)+"&_r="+(new Date).getTime(),success:function(){writeCookie(),"function"==typeof e&&e()}}):(writeCookie(),"function"==typeof e&&setTimeout(e,0))}function set(e,t){options[e]=t}function get(e){return options[e]}function writeCookie(){if(options.hasOwnProperty("sugSet")){var e="0"==options.sugSet?"0":"3";clearCookie("sug"),Cookie.set("sug",e,document.domain,"/",expire30y)
}if(options.hasOwnProperty("sugStoreSet")){var e=0==options.sugStoreSet?"0":"1";clearCookie("sugstore"),Cookie.set("sugstore",e,document.domain,"/",expire30y)}if(options.hasOwnProperty("isSwitch")){var t={0:"2",1:"0",2:"1"},e=t[options.isSwitch];clearCookie("ORIGIN"),Cookie.set("ORIGIN",e,document.domain,"/",expire30y)}if(options.hasOwnProperty("imeSwitch")){var e=options.imeSwitch;clearCookie("bdime"),Cookie.set("bdime",e,document.domain,"/",expire30y)}}function writeBAIDUID(){var e,t,o,i=Cookie.get("BAIDUID");
/FG=(\d+)/.test(i)&&(t=RegExp.$1),/SL=(\d+)/.test(i)&&(o=RegExp.$1),/NR=(\d+)/.test(i)&&(e=RegExp.$1),options.hasOwnProperty("resultNum")&&(e=options.resultNum),options.hasOwnProperty("resultLang")&&(o=options.resultLang),Cookie.set("BAIDUID",i.replace(/:.*$/,"")+("undefined"!=typeof o?":SL="+o:"")+("undefined"!=typeof e?":NR="+e:"")+("undefined"!=typeof t?":FG="+t:""),".baidu.com","/",expire30y,!0)}function clearCookie(e){Cookie.clear(e,"/"),Cookie.clear(e,"/",document.domain),Cookie.clear(e,"/","."+document.domain),Cookie.clear(e,"/",".baidu.com")
}function reset(e){options=defaultOptions,save(e)}var defaultOptions={sugSet:1,sugStoreSet:1,isSwitch:1,isJumpHttps:1,imeSwitch:0,resultNum:10,skinOpen:1,resultLang:0,duRobotState:"000"},options={},tmpName,expire30y=new Date;expire30y.setTime(expire30y.getTime()+94608e7);try{if(bds&&bds.comm&&bds.comm.personalData){if("string"==typeof bds.comm.personalData&&(bds.comm.personalData=eval("("+bds.comm.personalData+")")),!bds.comm.personalData)return;for(tmpName in bds.comm.personalData)defaultOptions.hasOwnProperty(tmpName)&&bds.comm.personalData.hasOwnProperty(tmpName)&&"SUCCESS"==bds.comm.personalData[tmpName].ErrMsg&&(options[tmpName]=bds.comm.personalData[tmpName].value)
}try{parseInt(options.resultNum)||delete options.resultNum,parseInt(options.resultLang)||"0"==options.resultLang||delete options.resultLang}catch(e){}writeCookie(),"sugSet"in options||(options.sugSet=3!=Cookie.get("sug",3)?0:1),"sugStoreSet"in options||(options.sugStoreSet=Cookie.get("sugstore",0));var BAIDUID=Cookie.get("BAIDUID");"resultNum"in options||(options.resultNum=/NR=(\d+)/.test(BAIDUID)&&RegExp.$1?parseInt(RegExp.$1):10),"resultLang"in options||(options.resultLang=/SL=(\d+)/.test(BAIDUID)&&RegExp.$1?parseInt(RegExp.$1):0),"isSwitch"in options||(options.isSwitch=2==Cookie.get("ORIGIN",0)?0:1==Cookie.get("ORIGIN",0)?2:1),"imeSwitch"in options||(options.imeSwitch=Cookie.get("bdime",0))
}catch(e){}window.UPS={writeBAIDUID:writeBAIDUID,reset:reset,get:get,set:set,save:save}}(),function(){var e="https://ss1.bdstatic.com/5eN1bjq8AAUYm2zgoY3K/r/www/cache/static/protocol/https/plugins/every_cookie_a70bc15.js";("Mac68K"==navigator.platform||"MacPPC"==navigator.platform||"Macintosh"==navigator.platform||"MacIntel"==navigator.platform)&&(e="https://ss1.bdstatic.com/5eN1bjq8AAUYm2zgoY3K/r/www/cache/static/protocol/https/plugins/every_cookie_mac_82990d4.js"),setTimeout(function(){$.ajax({url:e,cache:!0,dataType:"script"})},0);var t=navigator&&navigator.userAgent?navigator.userAgent:"",o=document&&document.cookie?document.cookie:"",i=!!(t.match(/(msie [2-8])/i)||t.match(/windows.*safari/i)&&!t.match(/chrome/i)||t.match(/(linux.*firefox)/i)||t.match(/Chrome\/29/i)||t.match(/mac os x.*firefox/i)||o.match(/\bISSW=1/)||0==UPS.get("isSwitch"));
bds&&bds.comm&&(bds.comm.supportis=!i,bds.comm.isui=!0),window.__restart_confirm_timeout=!0,window.__confirm_timeout=8e3,window.__disable_is_guide=!0,window.__disable_swap_to_empty=!0,window.__switch_add_mask=!0;var s="https://ss1.bdstatic.com/5eN1bjq8AAUYm2zgoY3K/r/www/cache/static/protocol/https/global/js/all_async_search_bea551a.js",n="/script";document.write("<script src='"+s+"'><"+n+">"),bds.comm.newindex&&$(window).on("index_off",function(){$('<div class="c-tips-container" id="c-tips-container"></div>').insertAfter("#wrapper"),window.__sample_dynamic_tab&&$("#s_tab").remove()
}),bds.comm&&bds.comm.ishome&&Cookie.get("H_PS_PSSID")&&(bds.comm.indexSid=Cookie.get("H_PS_PSSID"))}();</script><script src="https://ss1.bdstatic.com/5eN1bjq8AAUYm2zgoY3K/r/www/cache/static/protocol/https/global/js/all_async_search_bea551a.js"></script>



<script>
if(bds.comm.supportis){
    window.__restart_confirm_timeout=true;
    window.__confirm_timeout=8000;
    window.__disable_is_guide=true;
    window.__disable_swap_to_empty=true;
}
initPreload({
    'isui':true,
    'index_form':"#form",
    'index_kw':"#kw",
    'result_form':"#form",
    'result_kw':"#kw"
});
</script>

<script>
if(navigator.cookieEnabled){
	document.cookie="NOJS=;expires=Sat, 01 Jan 2000 00:00:00 GMT";
}
</script>










<div data-for="result" style="clear:both;display:block;visibility:hidden;position:absolute;top:0;"><span style="width;inherit;margin:0;font:16px/22px arial;">macaca</span></div></body></html>]
	at org.testng.Assert.fail(Assert.java:94)
	at org.testng.Assert.failNotEquals(Assert.java:494)
	at org.testng.Assert.assertEquals(Assert.java:123)
	at org.testng.Assert.assertEquals(Assert.java:165)
	at macaca.client.DesktopSampleTest.test_case_2(DesktopSampleTest.java:59)
	at sun.reflect.NativeMethodAccessorImpl.invoke0(Native Method)
	at sun.reflect.NativeMethodAccessorImpl.invoke(NativeMethodAccessorImpl.java:62)
	at sun.reflect.DelegatingMethodAccessorImpl.invoke(DelegatingMethodAccessorImpl.java:43)
	at java.lang.reflect.Method.invoke(Method.java:498)
	at org.testng.internal.MethodInvocationHelper.invokeMethod(MethodInvocationHelper.java:84)
	at org.testng.internal.Invoker.invokeMethod(Invoker.java:714)
	at org.testng.internal.Invoker.invokeTestMethod(Invoker.java:901)
	at org.testng.internal.Invoker.invokeTestMethods(Invoker.java:1231)
	at org.testng.internal.TestMethodWorker.invokeTestMethods(TestMethodWorker.java:127)
	at org.testng.internal.TestMethodWorker.run(TestMethodWorker.java:111)
	at org.testng.TestRunner.privateRun(TestRunner.java:767)
	at org.testng.TestRunner.run(TestRunner.java:617)
	at org.testng.SuiteRunner.runTest(SuiteRunner.java:335)
	at org.testng.SuiteRunner.runSequentially(SuiteRunner.java:330)
	at org.testng.SuiteRunner.privateRun(SuiteRunner.java:291)
	at org.testng.SuiteRunner.run(SuiteRunner.java:240)
	at org.testng.SuiteRunnerWorker.runSuite(SuiteRunnerWorker.java:52)
	at org.testng.SuiteRunnerWorker.run(SuiteRunnerWorker.java:86)
	at org.testng.TestNG.runSuitesSequentially(TestNG.java:1224)
	at org.testng.TestNG.runSuitesLocally(TestNG.java:1149)
	at org.testng.TestNG.run(TestNG.java:1057)
	at org.testng.remote.RemoteTestNG.run(RemoteTestNG.java:111)
	at org.testng.remote.RemoteTestNG.initAndRun(RemoteTestNG.java:204)
	at org.testng.remote.RemoteTestNG.main(RemoteTestNG.java:175)
]]>
    </error>
  </testcase> <!-- test_case_2 -->
  <testcase name="test_case_1" time="4.441" classname="macaca.client.DesktopSampleTest">
    <error type="java.lang.AssertionError" message="expected [a string containing &quot;&lt;html&gt;&quot;] but found [&lt;html&gt;&lt;head&gt;
    
    &lt;meta http-equiv=&quot;content-type&quot; content=&quot;text/html;charset=utf-8&quot;&gt;&lt;style data-for=&quot;result&quot; id=&quot;css_result&quot; type=&quot;text/css&quot;&gt;body{color:#333;background:#fff;padding:6px 0 0;margin:0;position:relative;min-width:900px}body,th,td,.p1,.p2{font-family:arial}p,form,ol,ul,li,dl,dt,dd,h3{margin:0;padding:0;list-style:none}input{padding-top:0;padding-bottom:0;-moz-box-sizing:border-box;-webkit-box-sizing:border-box;box-sizing:border-box}table,img{border:0}td{font-size:9pt;line-height:18px}em{font-style:normal;color:#c00}a em{text-decoration:underline}cite{font-style:normal;color:green}.m,a.m{color:#666}a.m:visited{color:#606}.g,a.g{color:green}.c{color:#77c}.f14{font-size:14px}.f10{font-size:10.5pt}.f16{font-size:16px}.f13{font-size:13px}.bg{background-image:url(https://ss1.bdstatic.com/5eN1bjq8AAUYm2zgoY3K/r/www/cache/static/protocol/https/global/img/icons_5859e57.png);_background-image:url(https://ss1.bdstatic.com/5eN1bjq8AAUYm2zgoY3K/r/www/cache/static/protocol/https/global/img/icons_d5b04cc.gif);background-repeat:no-repeat}#u,#head,#tool,#search,#foot{font-size:12px}.logo{width:117px;height:38px;cursor:pointer}.p1{line-height:120%;margin-left:-12pt}.p2{width:100%;line-height:120%;margin-left:-12pt}#wrapper{_zoom:1}#container{word-break:break-all;word-wrap:break-word}.container_s{width:1002px}.container_l{width:1222px}#content_left{width:636px;float:left;padding-left:35px}#content_right{border-left:1px solid #e1e1e1;float:right}.container_s #content_right{width:271px}.container_l #content_right{width:434px}.content_none{padding-left:35px}#u{color:#999;white-space:nowrap;position:absolute;right:10px;top:4px;z-index:299}#u a{color:#00c;margin:0 5px}#u .reg{margin:0}#u .last{margin-right:0}#u .un{font-weight:700;margin-right:5px}#u ul{width:100%;background:#fff;border:1px solid #9b9b9b}#u li{height:25px}#u li a{width:100%;height:25px;line-height:25px;display:block;text-align:left;text-decoration:none;text-indent:6px;margin:0;filter:none\9}#u li a:hover{background:#ebebeb}#u li.nl{border-top:1px solid #ebebeb}#user{display:inline-block}#user_center{position:relative;display:inline-block}#user_center .user_center_btn{margin-right:5px}.userMenu{width:64px;position:absolute;right:7px;_right:2px;top:15px;top:14px\9;*top:15px;padding-top:4px;display:none;*background:#fff}#head{padding-left:35px;margin-bottom:20px;width:900px}.fm{clear:both;position:relative;z-index:297}.nv a,.nv b,.btn,#page,#more{font-size:14px}.s_nav{height:45px}.s_nav .s_logo{margin-right:20px;float:left}.s_nav .s_logo img{border:0;display:block}.s_tab{line-height:18px;padding:20px 0 0;float:left}.s_nav a{color:#00c;font-size:14px}.s_nav b{font-size:14px}.s_ipt_wr{width:536px;height:30px;display:inline-block;margin-right:5px;background-position:0 -96px;border:1px solid #b6b6b6;border-color:#7b7b7b #b6b6b6 #b6b6b6 #7b7b7b;vertical-align:top}.s_ipt{width:523px;height:22px;font:16px/18px arial;line-height:22px\9;margin:5px 0 0 7px;padding:0;background:#fff;border:0;outline:0;-webkit-appearance:none}.s_btn{width:95px;height:32px;padding-top:2px\9;font-size:14px;padding:0;background-color:#ddd;background-position:0 -48px;border:0;cursor:pointer}.s_btn_h{background-position:-240px -48px}.s_btn_wr{width:97px;height:34px;display:inline-block;background-position:-120px -48px;*position:relative;z-index:0;vertical-align:top}.sethf{padding:0;margin:0;font-size:14px}.set_h{display:none;behavior:url(#default#homepage)}.set_f{display:none}.shouji{margin-left:19px}.shouji a{text-decoration:none}#head .bdsug{top:33px}#search form{position:relative}#search form .bdsug{bottom:33px}.bdsug{display:none;position:absolute;z-index:1;width:538px;background:#fff;border:1px solid #ccc;_overflow:hidden;box-shadow:1px 1px 3px #ededed;-webkit-box-shadow:1px 1px 3px #ededed;-moz-box-shadow:1px 1px 3px #ededed;-o-box-shadow:1px 1px 3px #ededed}.bdsug.bdsugbg ul{background:url(https://ss1.bdstatic.com/5eN1bjq8AAUYm2zgoY3K/r/www/cache/static/protocol/https/home/img/sugbg_1762fe7.png) 100% 100% no-repeat;background-size:100px 110px;background-image:url(https://ss1.bdstatic.com/5eN1bjq8AAUYm2zgoY3K/r/www/cache/static/protocol/https/home/img/sugbg_90fc9cf.gif)\9}.bdsug li{width:522px;color:#000;font:14px arial;line-height:22px;padding:0 8px;position:relative;cursor:default}.bdsug li.bdsug-s{background:#f0f0f0}.bdsug-store span,.bdsug-store b{color:#7A77C8}.bdsug-store-del{font-size:12px;color:#666;text-decoration:underline;position:absolute;right:8px;top:0;cursor:pointer;display:none}.bdsug-s .bdsug-store-del{display:inline-block}.bdsug-ala{display:inline-block;border-bottom:1px solid #e6e6e6}.bdsug-ala h3{line-height:14px;background:url(//www.baidu.com/img/sug_bd.png) no-repeat left center;margin:8px 0 5px;font-size:12px;font-weight:400;color:#7B7B7B;padding-left:20px}.bdsug-ala p{font-size:14px;font-weight:700;padding-left:20px}.bdsug .bdsug-direct{width:auto;padding:0;border-bottom:1px solid #f1f1f1}.bdsug .bdsug-direct p{color:#00c;font-weight:700;line-height:34px;padding:0 8px;cursor:pointer;white-space:nowrap;overflow:hidden}.bdsug .bdsug-direct p img{width:16px;height:16px;margin:7px 6px 9px 0;vertical-align:middle}.bdsug .bdsug-direct p span{margin-left:8px}.bdsug .bdsug-direct p i{font-size:12px;line-height:100%;font-style:normal;font-weight:400;color:#fff;background-color:#2b99ff;display:inline;text-align:center;padding:1px 5px;*padding:2px 5px 0;margin-left:8px;overflow:hidden}.bdsug .bdsug-pcDirect{color:#000;font-size:14px;line-height:30px;height:30px;background-color:#f8f8f8}.bdsug .bdsug-pc-direct-tip{position:absolute;right:15px;top:8px;width:55px;height:15px;display:block;background:url(https://ss1.bdstatic.com/5eN1bjq8AAUYm2zgoY3K/r/www/cache/static/protocol/https/global/img/pc_direct_42d6311.png) no-repeat 0 0}.bdsug li.bdsug-pcDirect-s{background-color:#f0f0f0}.bdsug .bdsug-pcDirect-is{color:#000;font-size:14px;line-height:22px;background-color:#f8f8f8}.bdsug .bdsug-pc-direct-tip-is{position:absolute;right:15px;top:3px;width:55px;height:15px;display:block;background:url(https://ss1.bdstatic.com/5eN1bjq8AAUYm2zgoY3K/r/www/cache/static/protocol/https/global/img/pc_direct_42d6311.png) no-repeat 0 0}.bdsug li.bdsug-pcDirect-is-s{background-color:#f0f0f0}.bdsug .bdsug-pcDirect-s .bdsug-pc-direct-tip,.bdsug .bdsug-pcDirect-is-s .bdsug-pc-direct-tip-is{background-position:0 -15px}.bdsug .bdsug-newicon{color:#929292;opacity:.7;font-size:12px;display:inline-block;line-height:22px;letter-spacing:2px}.bdsug .bdsug-s .bdsug-newicon{opacity:1}.bdsug .bdsug-newicon i{letter-spacing:0;font-style:normal}.toggle-underline{text-decoration:none}.toggle-underline:hover{text-decoration:underline}#tb_mr{color:#00c;cursor:pointer;position:relative;z-index:298}#tb_mr b{font-weight:400;text-decoration:underline}#tb_mr small{font-size:11px}#page{font:14px arial;white-space:nowrap;padding-left:35px}#page a,#page strong{display:inline-block;vertical-align:text-bottom;height:66px;text-align:center;line-height:34px;text-decoration:none;overflow:hidden;margin-right:9px;background:#fff}#page a{cursor:pointer}#page a:hover{background:0 0}#page .n:hover,#page a:hover .pc{background:#f2f8ff;border:1px solid #38f}#page .n{height:34px;padding:0 18px;border:1px solid #e1e2e3}#page span{display:block}#page .pc{width:34px;height:34px;border:1px solid #e1e2e3;cursor:pointer}#page .fk{width:24px;height:24px;margin-bottom:6px;margin-left:6px;cursor:pointer}#page strong .fk,#page strong .pc{cursor:auto}#page .fk .c-icon-bear-pn{top:-3px;position:relative}#page .fkd .c-icon-bear-pn{top:3px;position:relative}#page .fk_cur .c-icon-bear-p{top:-2px;position:relative}#page strong .pc{border:0;width:36px;height:36px;line-height:36px}#page .nums{display:inline-block;vertical-align:text-bottom;height:36px;line-height:36px;margin-left:10px}#rs{width:900px;background:#fff;padding:8px 0;margin:20px 0 0 15px}#rs td{width:5%}#rs th{font-size:14px;font-weight:400;line-height:19px;white-space:nowrap;text-align:left;vertical-align:top}#rs .tt{font-weight:700;padding:0 10px 0 20px}#rs_top{font-size:14px;margin-bottom:22px}#rs_top a{margin-right:18px}#container .rs{margin:30px 0 20px;padding:5px 0 15px;font-size:14px;width:540px;padding-left:121px;position:relative;background-color:#fafafa}#container .noback{background-color:#fff}#content_left .rs{margin-left:-121px}#container .rs table{width:540px}#container .rs td{width:5px}#container .rs th{font-size:14px;font-weight:400;white-space:nowrap;text-align:left;vertical-align:top;width:175px;line-height:22px}#container .rs .tt{font-weight:700;padding:0 10px 0 20px;padding:0;line-height:30px;font-size:16px}#container .rs a{margin:0;height:24px;width:173px;display:inline-block;line-height:25px;border:1px solid #ebebeb;text-align:center;vertical-align:middle;overflow:hidden;outline:0;color:#333;background-color:#fff;text-decoration:none}#container .rs a:hover{border-color:#388bff}.c-tip-con .c-tip-menu-b ul{width:100px}.c-tip-con .c-tip-menu-b ul{text-align:center}.c-tip-con .c-tip-menu-b li a{display:block;text-decoration:none;cursor:pointer;background-color:#fff;padding:3px 0;color:#666}.c-tip-con .c-tip-menu-b li a:hover{display:block;background-color:#ebebeb}#search{width:900px;padding:35px 0 16px 35px}#search .s_help{position:relative;top:10px}#foot{height:20px;line-height:20px;color:#77c;background:#e6e6e6;text-align:center}#foot span{color:#666}.site_tip{font-size:12px;margin-bottom:20px}.site_tip_icon{width:56px;height:56px;background:url(//www.baidu.com/aladdin/img/tools/tools-3.png) -288px 0 no-repeat}.to_zhidao,.to_tieba,.to_zhidao_bottom{font-size:16px;line-height:24px;margin:20px 0 0 35px}.to_tieba .c-icon-tieba{float:left}.f{line-height:115%;*line-height:120%;font-size:100%;width:33.7em;word-break:break-all;word-wrap:break-word}.h{margin-left:8px;width:100%}.r{word-break:break-all;cursor:hand;width:238px}.t{font-weight:400;font-size:medium;margin-bottom:1px}.pl{padding-left:3px;height:8px;padding-right:2px;font-size:14px}.mo,a.mo:link,a.mo:visited{color:#666;font-size:100%;line-height:10px}.htb{margin-bottom:5px}.jc a{color:#c00}a font[size=&quot;3&quot;] font,font[size=&quot;3&quot;] a font{text-decoration:underline}div.blog,div.bbs{color:#707070;padding-top:2px;font-size:13px}.result{width:33.7em;table-layout:fixed}.result-op .f{word-wrap:normal}.nums{font-size:12px;color:#999}.tools{position:absolute;top:10px;white-space:nowrap}#mHolder{width:62px;position:relative;z-index:296;top:-18px;margin-left:9px;margin-right:-12px;display:none}#mCon{height:18px;position:absolute;top:3px;top:6px\9;cursor:pointer;line-height:18px}.wrapper_l #mCon{right:7px}#mCon span{color:#00c;display:block}#mCon .hw{text-decoration:underline;cursor:pointer;display:inline-block}#mCon .pinyin{display:inline-block}#mCon .c-icon-chevron-unfold2{margin-left:5px}#mMenu{width:56px;border:1px solid #9b9b9b;position:absolute;right:7px;top:23px;display:none;background:#fff}#mMenu a{width:100%;height:100%;color:#00c;display:block;line-height:22px;text-indent:6px;text-decoration:none;filter:none\9}#mMenu a:hover{background:#ebebeb}#mMenu .ln{height:1px;background:#ebebeb;overflow:hidden;font-size:1px;line-height:1px;margin-top:-1px}.op_LAMP{background:url(//www.baidu.com/cache/global/img/aladdinIcon-1.0.gif) no-repeat 0 2px;color:#77C;display:inline-block;font-size:13px;height:12px;*height:14px;width:16px;text-decoration:none;zoom:1}.EC_mr15{margin-left:0}.pd15{padding-left:0}.map_1{width:30em;font-size:80%;line-height:145%}.map_2{width:25em;font-size:80%;line-height:145%}.favurl{background-repeat:no-repeat;background-position:0 1px;padding-left:20px}.dan_tip{font-size:12px;margin-top:4px}.dan_tip a{color:#b95b07}#more,#u ul,#mMenu,.msg_holder{box-shadow:1px 1px 2px #ccc;-moz-box-shadow:1px 1px 2px #ccc;-webkit-box-shadow:1px 1px 2px #ccc;filter:progid:DXImageTransform.Microsoft.Shadow(Strength=2, Direction=135, Color=#cccccc)\9}.hit_top{line-height:18px;margin:0 15px 10px 0;width:516px}.hit_top .c-icon-bear{height:18px;margin-right:4px}#rs_top_new,.hit_top_new{width:538px;font-size:13px;line-height:1.54;word-wrap:break-word;word-break:break-all;margin:0 0 14px}.zhannei-si{margin:0 0 10px 121px}.zhannei-si-none{margin:10px 0 -10px 121px}.zhannei-search{margin:10px 0 0 121px;color:#999;font-size:14px}.f a font[size=&quot;3&quot;] font,.f font[size=&quot;-1&quot;] a font{text-decoration:underline}h3 a font{text-decoration:underline}.c-title{font-weight:400;font-size:16px}.c-title-size{font-size:16px}.c-abstract{font-size:13px}.c-abstract-size{font-size:13px}.c-showurl{color:green;font-size:13px}.c-showurl-color{color:green}.c-cache-color{color:#666}.c-lightblue{color:#77c}.c-highlight-color{color:#c00}.c-clearfix:after{content:&quot;.&quot;;display:block;height:0;clear:both;visibility:hidden}.c-clearfix{zoom:1}.c-wrap{word-break:break-all;word-wrap:break-word}.c-icons-outer{overflow:hidden;display:inline-block;vertical-align:bottom;*vertical-align:-1px;_vertical-align:bottom}.c-icons-inner{margin-left:-4px}.c-container table.result,.c-container table.result-op{width:100%}.c-container td.f{font-size:13px;line-height:1.54;width:auto}.c-container .vd_newest_main{width:auto}.c-customicon{display:inline-block;width:16px;height:16px;vertical-align:text-bottom;font-style:normal;overflow:hidden}.c-tip-icon i{display:inline-block;cursor:pointer}.c-tip-con{position:absolute;z-index:1;top:22px;left:-35px;background:#fff;border:1px solid #dcdcdc;border:1px solid rgba(0,0,0,.2);-webkit-transition:opacity .218s;transition:opacity .218s;-webkit-box-shadow:0 2px 4px rgba(0,0,0,.2);box-shadow:0 2px 4px rgba(0,0,0,.2);padding:5px 0;display:none;font-size:12px;line-height:20px}.c-tip-arrow{width:0;height:0;font-size:0;line-height:0;display:block;position:absolute;top:-16px}.c-tip-arrow-down{top:auto;bottom:0}.c-tip-arrow em,.c-tip-arrow ins{width:0;height:0;font-size:0;line-height:0;display:block;position:absolute;border:8px solid transparent;border-style:dashed dashed solid}.c-tip-arrow em{border-bottom-color:#d8d8d8}.c-tip-arrow ins{border-bottom-color:#fff;top:2px}.c-tip-arrow-down em,.c-tip-arrow-down ins{border-style:solid dashed dashed;border-color:transparent}.c-tip-arrow-down em{border-top-color:#d8d8d8}.c-tip-arrow-down ins{border-top-color:#fff;top:-2px}.c-tip-arrow .c-tip-arrow-r{border-bottom-color:#82c9fa;top:2px}.c-tip-arrow-down .c-tip-arrow-r{border-bottom-color:transparent;top:-2px}.c-tip-arrow .c-tip-arrow-c{border-bottom-color:#fecc47;top:2px}.c-tip-arrow-down .c-tip-arrow-c{border-bottom-color:transparent;top:-2px}.c-tip-con h3{font-size:12px}.c-tip-con .c-tip-title{margin:0 10px;display:inline-block;width:239px}.c-tip-con .c-tip-info{color:#666;margin:0 10px 1px;width:239px}.c-tip-con .c-tip-cer{width:370px;color:#666;margin:0 10px 1px}.c-tip-con .c-tip-title{width:auto;_width:354px}.c-tip-con .c-tip-item-i{padding:3px 0 3px 20px;line-height:14px}.c-tip-con .c-tip-item-i .c-tip-item-icon{margin-left:-20px}.c-tip-con .c-tip-menu ul{width:74px}.c-tip-con .c-tip-menu ul{text-align:center}.c-tip-con .c-tip-menu li a{display:block;text-decoration:none;cursor:pointer;background-color:#fff;padding:3px 0;color:#0000d0}.c-tip-con .c-tip-menu li a:hover{display:block;background-color:#ebebeb}.c-tip-con .c-tip-notice{width:239px;padding:0 10px}.c-tip-con .c-tip-notice .c-tip-notice-succ{color:#4cbd37}.c-tip-con .c-tip-notice .c-tip-notice-fail{color:#f13F40}.c-tip-con .c-tip-notice .c-tip-item-succ{color:#444}.c-tip-con .c-tip-notice .c-tip-item-fail{color:#aaa}.c-tip-con .c-tip-notice .c-tip-item-fail a{color:#aaa}.c-tip-close{right:10px;position:absolute;cursor:pointer}.ecard{height:86px;overflow:hidden}.c-tools{display:inline}.c-tools-share{width:239px;padding:0 10px}.c-fanyi{display:none;width:20px;height:20px;border:solid 1px #d1d1d1;cursor:pointer;position:absolute;margin-left:516px;text-align:center;color:#333;line-height:22px;opacity:.9;background-color:#fff}.c-fanyi:hover{background-color:#39f;color:#fff;border-color:#39f;opacity:1}.c-fanyi-title,.c-fanyi-abstract{display:none}.icp_info{color:#666;margin-top:2px;font-size:13px}.icon-gw,.icon-unsafe-icon{background:#2c99ff;vertical-align:text-bottom;*vertical-align:baseline;height:16px;padding-top:0;padding-bottom:0;padding-left:6px;padding-right:6px;line-height:16px;_padding-top:2px;_height:14px;_line-height:14px;font-size:12px;font-family:simsun;margin-left:10px;overflow:hidden;display:inline-block;-moz-border-radius:1px;-webkit-border-radius:1px;border-radius:1px;color:#fff}a.icon-gw{color:#fff;background:#2196ff;text-decoration:none;cursor:pointer}a.icon-gw:hover{background:#1e87ef}a.icon-gw:active{height:15px;_height:13px;line-height:15px;_line-height:13px;padding-left:5px;background:#1c80d9;border-left:1px solid #145997;border-top:1px solid #145997}.icon-unsafe-icon{background:#e54d4b}#con-at{margin-bottom:9px;padding-left:121px;border-bottom:1px #ebebeb solid}#con-at .result-op{font-size:13px;line-height:1.52em}.wrapper_l #con-at .result-op{width:1058px}.wrapper_s #con-at .result-op{width:869px}#con-ar{margin-bottom:40px}#con-ar .result-op{margin-bottom:28px;font-size:13px;line-height:1.52em}.result_hidden{position:absolute;top:-10000px;left:-10000px}#content_left .result-op,#content_left .result{margin-bottom:14px;border-collapse:collapse}#content_left .c-border .result-op,#content_left .c-border .result{margin-bottom:25px}#content_left .c-border .result-op:last-child,#content_left .c-border .result:last-child{margin-bottom:12px}#content_left .result .f,#content_left .result-op .f{padding:0}.subLink_factory{border-collapse:collapse}.subLink_factory td{padding:0}.subLink_factory td.middle,.subLink_factory td.last{color:#666}.subLink_factory td a{text-decoration:underline}.subLink_factory td.rightTd{text-align:right}.subLink_factory_right{width:100%}.subLink_factory_left td{padding-right:26px}.subLink_factory_left td.last{padding:0}.subLink_factory_left td.first{padding-right:75px}.subLink_factory_right td{width:90px}.subLink_factory_right td.first{width:auto}.general_image_pic a{background:#fff no-repeat center center;text-decoration:none;display:block;overflow:hidden;text-align:left}.res_top_banner{height:36px;text-align:left;border-bottom:1px solid #e3e3e3;background:#f7f7f7;font-size:13px;padding-left:8px;color:#333;position:relative;z-index:302}.res_top_banner span{_zoom:1}.res_top_banner .res_top_banner_icon{background-position:0 -216px;width:18px;height:18px;margin:9px 10px 0 0}.res_top_banner .res_top_banner_icon_baiduapp{background:url(https://ss1.bdstatic.com/5eN1bjq8AAUYm2zgoY3K/r/www/cache/static/protocol/https/global/img/baiduappLogo_de45621.png) no-repeat 0 0;width:24px;height:24px;margin:3px 10px 0 0;position:relative;top:3px}.res_top_banner .res_top_banner_icon_windows{background:url(https://ss1.bdstatic.com/5eN1bjq8AAUYm2zgoY3K/r/www/cache/static/protocol/https/global/img/winlogo_e925689.png) no-repeat 0 0;width:18px;height:18px;margin:9px 10px 0 0}.res_top_banner .res_top_banner_download{display:inline-block;width:65px;line-height:21px;_padding-top:1px;margin:0 0 0 10px;color:#333;background:#fbfbfb;border:1px solid #b4b6b8;text-align:center;text-decoration:none}.res_top_banner .res_top_banner_download:hover{border:1px solid #38f}.res_top_banner .res_top_banner_download:active{background:#f0f0f0;border:1px solid #b4b6b8}.res_top_banner .res_top_banner_close{background-position:-672px -144px;cursor:pointer;position:absolute;right:10px;top:10px}.res_top_banner_for_win{height:34px;text-align:left;border-bottom:1px solid #f0f0f0;background:#fdfdfd;font-size:13px;padding-left:12px;color:#333;position:relative;z-index:302}.res_top_banner_for_win span{_zoom:1;color:#666}.res_top_banner_for_win .res_top_banner_download{display:inline-block;width:auto;line-height:21px;_padding-top:1px;margin:0 0 0 16px;color:#333;text-align:left;text-decoration:underline}.res_top_banner_for_win .res_top_banner_icon_windows{background:url(https://ss1.bdstatic.com/5eN1bjq8AAUYm2zgoY3K/r/www/cache/static/protocol/https/global/img/winlogo_e925689.png) no-repeat 0 0;width:18px;height:18px;margin:8px 8px 0 0}.res_top_banner_for_win .res_top_banner_close{background-position:-672px -144px;cursor:pointer;position:absolute;right:10px;top:10px}.res-gap-right16{margin-right:16px}.res-border-top{border-top:1px solid #f3f3f3}.res-border-bottom{border-bottom:1px solid #f3f3f3}.res-queryext-pos{position:relative;top:1px;_top:0}.c-trust-ecard{height:86px;_height:97px;overflow:hidden}@-moz-document url-prefix(){.result,.f{width:538px}}body{min-width:1000px}#ftCon{display:none}#qrcode{display:none}#pad-version{display:none}#index_guide{display:none}#index_logo{display:none}#u1{display:none}.s_ipt_wr{height:32px}body{padding:0}.s_form:after,.s_tab:after{content:&quot;.&quot;;display:block;height:0;clear:both;visibility:hidden}.s_form{zoom:1;height:55px;padding:0 0 0 10px}#result_logo{float:left;margin:7px 0 0}#result_logo img{width:101px}#head{padding:0;margin:0;width:100%;position:absolute;z-index:301;min-width:1000px;background:#fff;border-bottom:1px solid #ebebeb;position:fixed;_position:absolute;-webkit-transform:translateZ(0)}#head .head_wrapper{_width:1000px}#head.s_down{box-shadow:0 0 5px #888}.fm{clear:none;float:left;margin:11px 0 0 10px}#s_tab{background:#f8f8f8;line-height:36px;height:38px;padding:55px 0 0 121px;float:none;zoom:1}#s_tab a,#s_tab b{width:54px;display:inline-block;text-decoration:none;text-align:center;color:#666;font-size:14px}#s_tab b{border-bottom:2px solid #38f;font-weight:700;color:#323232}#s_tab a:hover{color:#323232}#content_left{width:540px;padding-left:121px;padding-top:5px}#content_right{margin-top:45px}#content_bottom{width:540px;padding-left:121px}#page{padding:0 0 0 121px;margin:30px 0 40px}.to_tieba,.to_zhidao_bottom{margin:10px 0 0 121px;padding-top:5px}.nums{margin:0 0 0 121px;height:42px;line-height:42px}#rs{padding:0;margin:6px 0 0 121px;width:600px}#rs th{width:175px;line-height:22px}#rs .tt{padding:0;line-height:30px}#rs td{width:5px}#rs table{width:540px}#help{background:#f5f6f5;zoom:1;padding:0 0 0 50px;float:right}#help a{color:#777;padding:0 15px;text-decoration:none}#help a:hover{color:#333}#foot{background:#f5f6f5;border-top:1px solid #ebebeb;text-align:left;height:42px;line-height:42px;margin-top:40px;*margin-top:0}#foot .foot_c{float:left;padding:0 0 0 121px}.content_none{padding:45px 0 25px 121px}.nors p{font-size:18px;font-family:microsoft yahei;color:#000}.nors p em{color:#c00}.nors .tip_head{color:#666;font-size:13px;line-height:28px}.nors li{color:#333;line-height:28px;font-size:13px;font-family:&#039;宋体&#039;;padding-left:30px;list-style-position:inside;list-style-type:disc}#mCon{top:5px}.s_ipt_wr.bg,.s_btn_wr.bg,#su.bg{background-image:none}.s_ipt_wr.bg{background:0 0}.s_btn_wr{width:auto;height:auto;border-bottom:1px solid transparent;*border-bottom:0}.s_btn{width:100px;height:34px;color:#fff;letter-spacing:1px;background:#3385ff;border-bottom:1px solid #2d78f4;outline:medium;*border-bottom:0;-webkit-appearance:none;-webkit-border-radius:0}.s_btn.btnhover{background:#317ef3;border-bottom:1px solid #2868c8;*border-bottom:0;box-shadow:1px 1px 1px #ccc}.s_btn_h{background:#3075dc;box-shadow:inset 1px 1px 3px #2964bb;-webkit-box-shadow:inset 1px 1px 3px #2964bb;-moz-box-shadow:inset 1px 1px 3px #2964bb;-o-box-shadow:inset 1px 1px 3px #2964bb}#wrapper_wrapper .container_l .EC_ppim_top,#wrapper_wrapper .container_xl .EC_ppim_top{width:640px}#wrapper_wrapper .container_s .EC_ppim_top{width:570px}#head .c-icon-bear-round{display:none}.container_l #content_right{width:384px}.container_l{width:1212px}.container_xl #content_right{width:384px}.container_xl{width:1257px}.index_tab_top{display:none}.index_tab_bottom{display:none}#lg{display:none}#m{display:none}#ftCon{display:none}#ent_sug{position:absolute;margin:141px 0 0 130px;font-size:13px;color:#666}.foot_fixed_bottom{position:fixed;bottom:0;width:100%;_position:absolute;_bottom:auto}#head .headBlock{margin:-5px 0 6px 121px}#content_left .leftBlock{margin-bottom:14px;padding-bottom:5px;border-bottom:1px solid #f3f3f3}.hint_toprq_tips{position:relative;width:537px;height:19px;line-height:19px;overflow:hidden;display:none}.hint_toprq_tips span{color:#666}.hint_toprq_icon{margin:0 4px 0 0}.hint_toprq_tips_items{width:444px;_width:440px;max-height:38px;position:absolute;left:95px;top:1px}.hint_toprq_tips_items div{display:inline-block;float:left;height:19px;margin-right:18px;white-space:nowrap;word-break:keep-all}.translateContent{max-width:350px}.translateContent .translateTool{height:16px;margin:-3px 2px}.translateContent .action-translate,.translateContent .action-search{display:inline-block;width:20px;height:16px;background:url(https://ss1.bdstatic.com/5eN1bjq8AAUYm2zgoY3K/r/www/cache/static/protocol/https/global/img/translate_tool_icon_57087b6.gif) no-repeat}.translateContent .action-translate{background-position:0 0;border-right:1px solid #dcdcdc}.translateContent .action-translate:hover{background-position:0 -20px}.translateContent .action-search{background-position:-20px 0}.translateContent .action-search:hover{background-position:-20px -20px}.nums{width:538px}.search_tool{_padding-top:15px}.head_nums_cont_outer{height:40px;overflow:hidden;position:relative}.head_nums_cont_inner{position:relative}.search_tool_conter .c-gap-left{margin-left:23px}.search_tool_conter .c-icon-triangle-down{opacity:.6}.search_tool_conter .c-icon-triangle-down:hover{opacity:1}.search_tool,.search_tool_close{float:right}.search_tool,.search_tool_conter span{cursor:pointer;color:#666}.search_tool:hover,.search_tool_conter span:hover{color:#333}.search_tool_conter{font-size:12px;color:#666;margin:0 0 0 121px;height:42px;width:538px;line-height:42px;*height:auto;*line-height:normal;*padding:14px 0}.search_tool_conter span strong{color:#666}.c-tip-con .c-tip-langfilter ul{width:80px;text-align:left;color:#666}.c-tip-con .c-tip-langfilter li a{text-indent:15px;color:#666}.c-tip-con .c-tip-langfilter li span{text-indent:15px;padding:3px 0;color:#999;display:block}.c-tip-con .c-tip-timerfilter ul{width:115px;text-align:left;color:#666}.c-tip-con .c-tip-timerfilter-ft ul{width:180px}.c-tip-con .c-tip-timerfilter-si ul{width:206px;padding:7px 10px 10px}.c-tip-con .c-tip-timerfilter li a{text-indent:15px;color:#666}.c-tip-con .c-tip-timerfilter li span{text-indent:15px;padding:3px 0;color:#999;display:block}.c-tip-con .c-tip-timerfilter-ft li a,.c-tip-con .c-tip-timerfilter-ft li span{text-indent:20px}.c-tip-custom{padding:0 15px 10px;position:relative;zoom:1}.c-tip-custom hr{border:0;height:0;border-top:1px solid #ebebeb}.c-tip-custom p{color:#b6b6b6;height:25px;line-height:25px;margin:2px 0}.c-tip-custom .c-tip-custom-et{margin-bottom:7px}.c-tip-custom-input,.c-tip-si-input{display:inline-block;font-size:11px;color:#333;margin-left:4px;padding:0 2px;width:74%;height:16px;line-height:16px\9;border:1px solid #ebebeb;outline:0;box-sizing:content-box;-webkit-box-sizing:content-box;-moz-box-sizing:content-box;overflow:hidden;position:relative}.c-tip-custom-input-init{color:#d4d4d4}.c-tip-custom-input-focus,.c-tip-si-input-focus{border:1px solid #3385ff}.c-tip-timerfilter-si .c-tip-si-input{width:138px;height:22px;line-height:22px;vertical-align:0;*vertical-align:-6px;_vertical-align:-5px;padding:0 5px;margin-left:0}.c-tip-con .c-tip-timerfilter li .c-tip-custom-submit,.c-tip-con .c-tip-timerfilter li .c-tip-timerfilter-si-submit{display:inline;padding:4px 10px;margin:0;color:#333;border:1px solid #d8d8d8;font-family:inherit;font-weight:400;text-align:center;vertical-align:0;background-color:#f9f9f9;outline:0}.c-tip-con .c-tip-timerfilter li .c-tip-custom-submit:hover,.c-tip-con .c-tip-timerfilter li .c-tip-timerfilter-si-submit:hover{display:inline;border-color:#388bff}.c-tip-timerfilter-si-error,.c-tip-timerfilter-custom-error{display:none;color:#3385FF;padding-left:4px}.c-tip-timerfilter-custom-error{padding:0;margin:-5px -13px 7px 0}#c-tip-custom-calenderCont{position:absolute;background:#fff;white-space:nowrap;padding:5px 10px;color:#000;border:1px solid #e4e4e4;-webkit-box-shadow:0 2px 4px rgba(0,0,0,.2);box-shadow:0 2px 4px rgba(0,0,0,.2)}#c-tip-custom-calenderCont p{text-align:center;padding:2px 0 4px;*padding:4px 0}#c-tip-custom-calenderCont p i{color:#8e9977;cursor:pointer;text-decoration:underline;font-size:13px}#c-tip-custom-calenderCont .op_cal{background:#fff}.op_cal table{background:#eeefea;margin:0;border-collapse:separate}.op_btn_pre_month,.op_btn_next_month{cursor:pointer;display:block;margin-top:6px}.op_btn_pre_month{float:left;background-position:0 -46px}.op_btn_next_month{float:right;background-position:-18px -46px}.op_cal .op_mon_pre1{padding:0}.op_mon th{text-align:center;font-size:12px;background:#FFF;font-weight:700;border:1px solid #FFF;padding:0}.op_mon td{text-align:center;cursor:pointer}.op_mon h5{margin:0;padding:0 4px;text-align:center;font-size:14px;background:#FFF;height:28px;line-height:28px;border-bottom:1px solid #f5f5f5;margin-bottom:5px}.op_mon strong{font-weight:700}.op_mon td{padding:0 5px;border:1px solid #fff;font-size:12px;background:#fff;height:100%}.op_mon td.op_mon_pre_month{color:#a4a4a4}.op_mon td.op_mon_cur_month{color:#00c}.op_mon td.op_mon_next_month{color:#a4a4a4}.op_mon td.op_mon_day_hover{color:#000;border:1px solid #278df2}.op_mon td.op_mon_day_selected{color:#FFF;border:1px solid #278df2;background:#278df2}.op_mon td.op_mon_day_disabled{cursor:not-allowed;color:#ddd}.zhannei-si-none,.zhannei-si,.hit_quet,.zhannei-search{display:none}#c-tip-custom-calenderCont .op_mon td.op_mon_cur_month{color:#000}#c-tip-custom-calenderCont .op_mon td.op_mon_day_selected{color:#fff}.c-icon-toen{width:24px;height:24px;line-height:24px;background-color:#1cb7fd;color:#fff;font-size:14px;font-weight:700;font-style:normal;display:block;display:inline-block;float:left;text-align:center}.hint_common_restop{width:538px;color:#999;font-size:12px;text-align:left;margin:5px 0 10px 121px}#con-at~#wrapper_wrapper .hint_common_restop{padding-top:7px}.sitelink{overflow:auto;zoom:1}.sitelink_summary{float:left;width:47%;padding-right:30px}.sitelink_summary a{font-size:1.1em;position:relative}.sitelink_summary_last{padding-right:0}.sitelink_en{overflow:auto;zoom:1}.sitelink_en_summary{float:left;width:47%;padding-right:30px}.sitelink_en_summary a{font-size:1.1em;position:relative}.sitelink_en_summary_last{padding-right:0}.sitelink_en_summary_title,.sitelink_en_summary .m{height:22px;overflow:hidden}.without-summary-sitelink-en-container{overflow:hidden;height:22px}.without-summary-sitelink-en{float:left}.without-summary-sitelink-en-delimiter{margin-right:5px;margin-left:5px}.c-frame{margin-bottom:18px}.c-offset{padding-left:10px}.c-gray{color:#666}.c-gap-top-small{margin-top:5px}.c-gap-top{margin-top:10px}.c-gap-bottom-small{margin-bottom:5px}.c-gap-bottom{margin-bottom:10px}.c-gap-left{margin-left:12px}.c-gap-left-small{margin-left:6px}.c-gap-right{margin-right:12px}.c-gap-right-small{margin-right:6px}.c-gap-right-large{margin-right:16px}.c-gap-left-large{margin-left:16px}.c-gap-icon-right-small{margin-right:5px}.c-gap-icon-right{margin-right:10px}.c-gap-icon-left-small{margin-left:5px}.c-gap-icon-left{margin-left:10px}.c-container{width:538px;font-size:13px;line-height:1.54;word-wrap:break-word;word-break:break-word}.c-container .c-container{width:auto}.c-container table{border-collapse:collapse;border-spacing:0}.c-container td{font-size:13px;line-height:1.54}.c-default{font-size:13px;line-height:1.54;word-wrap:break-word;word-break:break-all}.c-container .t,.c-default .t{line-height:1.54}.c-default .t{margin-bottom:0}.cr-content{width:259px;font-size:13px;line-height:1.54;color:#333;word-wrap:break-word;word-break:normal}.cr-content table{border-collapse:collapse;border-spacing:0}.cr-content td{font-size:13px;line-height:1.54;vertical-align:top}.cr-offset{padding-left:17px}.cr-title{font-size:14px;line-height:1.29;font-weight:700}.cr-title-sub{float:right;font-size:13px;font-weight:400}.c-row{*zoom:1}.c-row:after{display:block;height:0;content:&quot;&quot;;clear:both;visibility:hidden}.c-span2{width:29px}.c-span3{width:52px}.c-span4{width:75px}.c-span5{width:98px}.c-span6{width:121px}.c-span7{width:144px}.c-span8{width:167px}.c-span9{width:190px}.c-span10{width:213px}.c-span11{width:236px}.c-span12{width:259px}.c-span13{width:282px}.c-span14{width:305px}.c-span15{width:328px}.c-span16{width:351px}.c-span17{width:374px}.c-span18{width:397px}.c-span19{width:420px}.c-span20{width:443px}.c-span21{width:466px}.c-span22{width:489px}.c-span23{width:512px}.c-span24{width:535px}.c-span2,.c-span3,.c-span4,.c-span5,.c-span6,.c-span7,.c-span8,.c-span9,.c-span10,.c-span11,.c-span12,.c-span13,.c-span14,.c-span15,.c-span16,.c-span17,.c-span18,.c-span19,.c-span20,.c-span21,.c-span22,.c-span23,.c-span24{float:left;_display:inline;margin-right:17px;list-style:none}.c-span-last{margin-right:0}.c-span-last-s{margin-right:0}.container_l .cr-content{width:351px}.container_l .cr-content .c-span-last-s{margin-right:17px}.container_l .cr-content-narrow{width:259px}.container_l .cr-content-narrow .c-span-last-s{margin-right:0}.c-border{width:518px;padding:9px;border:1px solid #e3e3e3;border-bottom-color:#e0e0e0;border-right-color:#ececec;box-shadow:1px 2px 1px rgba(0,0,0,.072);-webkit-box-shadow:1px 2px 1px rgba(0,0,0,.072);-moz-box-shadow:1px 2px 1px rgba(0,0,0,.072);-o-box-shadow:1px 2px 1px rgba(0,0,0,.072)}.c-border .c-gap-left{margin-left:10px}.c-border .c-gap-left-small{margin-left:5px}.c-border .c-gap-right{margin-right:10px}.c-border .c-gap-right-small{margin-right:5px}.c-border .c-border{width:auto;padding:0;border:0;box-shadow:none;-webkit-box-shadow:none;-moz-box-shadow:none;-o-box-shadow:none}.c-border .c-span2{width:34px}.c-border .c-span3{width:56px}.c-border .c-span4{width:78px}.c-border .c-span5{width:100px}.c-border .c-span6{width:122px}.c-border .c-span7{width:144px}.c-border .c-span8{width:166px}.c-border .c-span9{width:188px}.c-border .c-span10{width:210px}.c-border .c-span11{width:232px}.c-border .c-span12{width:254px}.c-border .c-span13{width:276px}.c-border .c-span14{width:298px}.c-border .c-span15{width:320px}.c-border .c-span16{width:342px}.c-border .c-span17{width:364px}.c-border .c-span18{width:386px}.c-border .c-span19{width:408px}.c-border .c-span20{width:430px}.c-border .c-span21{width:452px}.c-border .c-span22{width:474px}.c-border .c-span23{width:496px}.c-border .c-span24{width:518px}.c-border .c-span2,.c-border .c-span3,.c-border .c-span4,.c-border .c-span5,.c-border .c-span6,.c-border .c-span7,.c-border .c-span8,.c-border .c-span9,.c-border .c-span10,.c-border .c-span11,.c-border .c-span12,.c-border .c-span13,.c-border .c-span14,.c-border .c-span15,.c-border .c-span16,.c-border .c-span17,.c-border .c-span18,.c-border .c-span19,.c-border .c-span20,.c-border .c-span21,.c-border .c-span22,.c-border .c-span23,.c-border .c-span24{margin-right:10px}.c-border .c-span-last{margin-right:0}.c-loading{display:block;width:50px;height:50px;background:url(//www.baidu.com/aladdin/img/tools/loading.gif) no-repeat 0 0}.c-vline{display:inline-block;margin:0 3px;border-left:1px solid #ddd;width:0;height:12px;_vertical-align:middle;_overflow:hidden}.c-icon{background:url(https://ss1.bdstatic.com/5eN1bjq8AAUYm2zgoY3K/r/www/cache/static/protocol/https/global/img/icons_5859e57.png) no-repeat 0 0;_background-image:url(https://ss1.bdstatic.com/5eN1bjq8AAUYm2zgoY3K/r/www/cache/static/protocol/https/global/img/icons_d5b04cc.gif)}.c-icon{display:inline-block;width:14px;height:14px;vertical-align:text-bottom;font-style:normal;overflow:hidden}.c-icon-unfold,.c-icon-fold,.c-icon-chevron-unfold,.c-icon-chevron-fold{width:12px;height:12px}.c-icon-star,.c-icon-star-gray{width:60px}.c-icon-qa-empty,.c-icon-safeguard,.c-icon-register-empty,.c-icon-zan,.c-icon-music,.c-icon-music-gray,.c-icon-location,.c-icon-warning,.c-icon-doc,.c-icon-xls,.c-icon-ppt,.c-icon-pdf,.c-icon-txt,.c-icon-play-black,.c-icon-gift,.c-icon-baidu-share,.c-icon-bear,.c-icon-bear-border,.c-icon-location-blue,.c-icon-hotAirBall,.c-icon-moon,.c-icon-streetMap,.c-icon-mv,.c-icon-zhidao-s,.c-icon-shopping{width:16px;height:16px}.c-icon-bear-circle,.c-icon-warning-circle,.c-icon-warning-triangle,.c-icon-warning-circle-gray{width:18px;height:18px}.c-icon-tieba,.c-icon-zhidao,.c-icon-bear-p,.c-icon-bear-pn{width:24px;height:24px}.c-icon-ball-blue,.c-icon-ball-red{width:38px;height:38px}.c-icon-unfold:hover,.c-icon-fold:hover,.c-icon-chevron-unfold:hover,.c-icon-chevron-fold:hover,.c-icon-download:hover,.c-icon-lyric:hover,.c-icon-v:hover,.c-icon-hui:hover,.c-icon-bao:hover,.c-icon-person:hover,.c-icon-high-v:hover,.c-icon-phone:hover,.c-icon-nuo:hover,.c-icon-fan:hover,.c-icon-med:hover,.c-icon-air:hover,.c-icon-share2:hover,.c-icon-v1:hover,.c-icon-v2:hover,.c-icon-write:hover,.c-icon-R:hover{border-color:#388bff}.c-icon-unfold:active,.c-icon-fold:active,.c-icon-chevron-unfold:active,.c-icon-chevron-fold:active,.c-icon-download:active,.c-icon-lyric:active,.c-icon-v:active,.c-icon-hui:active,.c-icon-bao:active,.c-icon-person:active,.c-icon-high-v:active,.c-icon-phone:active,.c-icon-nuo:active,.c-icon-fan:active,.c-icon-med:active,.c-icon-air:active,.c-icon-share2:active,.c-icon-v1:active,.c-icon-v2:active,.c-icon-write:active,.c-icon-R:active{border-color:#a2a6ab;background-color:#f0f0f0;box-shadow:inset 1px 1px 1px #c7c7c7;-webkit-box-shadow:inset 1px 1px 1px #c7c7c7;-moz-box-shadow:inset 1px 1px 1px #c7c7c7;-o-box-shadow:inset 1px 1px 1px #c7c7c7}.c-icon-v3:hover{border-color:#ffb300}.c-icon-v3:active{border-color:#a2a6ab;background-color:#f0f0f0;box-shadow:inset 1px 1px 1px #c7c7c7;-webkit-box-shadow:inset 1px 1px 1px #c7c7c7;-moz-box-shadow:inset 1px 1px 1px #c7c7c7;-o-box-shadow:inset 1px 1px 1px #c7c7c7}.c-icon-unfold,.c-icon-fold,.c-icon-chevron-unfold,.c-icon-chevron-fold,.c-icon-download,.c-icon-lyric{border:1px solid #d8d8d8;cursor:pointer}.c-icon-v,.c-icon-hui,.c-icon-bao,.c-icon-person,.c-icon-high-v,.c-icon-phone,.c-icon-nuo,.c-icon-fan,.c-icon-med,.c-icon-air,.c-icon-share2,.c-icon-v1,.c-icon-v2,.c-icon-v3,.c-icon-write,.c-icon-R{border:1px solid #d8d8d8;cursor:pointer;border-color:transparent;_border-color:tomato;_filter:chroma(color=#ff6347)}.c-icon-v1,.c-icon-v2,.c-icon-v3,.c-icon-v1-noborder,.c-icon-v2-noborder,.c-icon-v3-noborder,.c-icon-v1-noborder-disable,.c-icon-v2-noborder-disable,.c-icon-v3-noborder-disable{width:19px}.c-icon-download,.c-icon-lyric{width:16px;height:16px}.c-icon-play-circle,.c-icon-stop-circle{width:18px;height:18px}.c-icon-play-circle-middle,.c-icon-stop-circle-middle{width:24px;height:24px}.c-icon-play-black-large,.c-icon-stop-black-large{width:36px;height:36px}.c-icon-play-black-larger,.c-icon-stop-black-larger{width:52px;height:52px}.c-icon-flag{background-position:0 -144px}.c-icon-bus{background-position:-24px -144px}.c-icon-calendar{background-position:-48px -144px}.c-icon-street{background-position:-72px -144px}.c-icon-map{background-position:-96px -144px}.c-icon-bag{background-position:-120px -144px}.c-icon-money{background-position:-144px -144px}.c-icon-game{background-position:-168px -144px}.c-icon-user{background-position:-192px -144px}.c-icon-globe{background-position:-216px -144px}.c-icon-lock{background-position:-240px -144px}.c-icon-plane{background-position:-264px -144px}.c-icon-list{background-position:-288px -144px}.c-icon-star-gray{background-position:-312px -144px}.c-icon-circle-gray{background-position:-384px -144px}.c-icon-triangle-down{background-position:-408px -144px}.c-icon-triangle-up{background-position:-432px -144px}.c-icon-triangle-up-empty{background-position:-456px -144px}.c-icon-sort-gray{background-position:-480px -144px}.c-icon-sort-up{background-position:-504px -144px}.c-icon-sort-down{background-position:-528px -144px}.c-icon-down-gray{background-position:-552px -144px}.c-icon-up-gray{background-position:-576px -144px}.c-icon-download-noborder{background-position:-600px -144px}.c-icon-lyric-noborder{background-position:-624px -144px}.c-icon-download-white{background-position:-648px -144px}.c-icon-close{background-position:-672px -144px}.c-icon-fail{background-position:-696px -144px}.c-icon-success{background-position:-720px -144px}.c-icon-triangle-down-g{background-position:-744px -144px}.c-icon-refresh{background-position:-768px -144px}.c-icon-chevron-left-gray{background-position:-816px -144px}.c-icon-chevron-right-gray{background-position:-840px -144px}.c-icon-setting{background-position:-864px -144px}.c-icon-close2{background-position:-888px -144px}.c-icon-chevron-top-gray-s{background-position:-912px -144px}.c-icon-fullscreen{background-position:0 -168px}.c-icon-safe{background-position:-24px -168px}.c-icon-exchange{background-position:-48px -168px}.c-icon-chevron-bottom{background-position:-72px -168px}.c-icon-chevron-top{background-position:-96px -168px}.c-icon-unfold{background-position:-120px -168px}.c-icon-fold{background-position:-144px -168px}.c-icon-chevron-unfold{background-position:-168px -168px}.c-icon-qa{background-position:-192px -168px}.c-icon-register{background-position:-216px -168px}.c-icon-star{background-position:-240px -168px}.c-icon-star-gray{position:relative}.c-icon-star-gray .c-icon-star{position:absolute;top:0;left:0}.c-icon-play-blue{background-position:-312px -168px}.c-icon-pic{width:16px;background-position:-336px -168px}.c-icon-chevron-fold{background-position:-360px -168px}.c-icon-video{width:18px;background-position:-384px -168px}.c-icon-circle-blue{background-position:-408px -168px}.c-icon-circle-yellow{background-position:-432px -168px}.c-icon-play-white{background-position:-456px -168px}.c-icon-triangle-down-blue{background-position:-480px -168px}.c-icon-chevron-unfold2{background-position:-504px -168px}.c-icon-right{background-position:-528px -168px}.c-icon-right-empty{background-position:-552px -168px}.c-icon-new-corner{width:15px;background-position:-576px -168px}.c-icon-horn{background-position:-600px -168px}.c-icon-right-large{width:18px;background-position:-624px -168px}.c-icon-wrong-large{background-position:-648px -168px}.c-icon-circle-blue-s{background-position:-672px -168px}.c-icon-play-gray{background-position:-696px -168px}.c-icon-up{background-position:-720px -168px}.c-icon-down{background-position:-744px -168px}.c-icon-stable{background-position:-768px -168px}.c-icon-calendar-blue{background-position:-792px -168px}.c-icon-triangle-down-blue2{background-position:-816px -168px}.c-icon-triangle-up-blue2{background-position:-840px -168px}.c-icon-down-blue{background-position:-864px -168px}.c-icon-up-blue{background-position:-888px -168px}.c-icon-ting{background-position:-912px -168px}.c-icon-piao{background-position:-936px -168px}.c-icon-wrong-empty{background-position:-960px -168px}.c-icon-warning-circle-s{background-position:-984px -168px}.c-icon-chevron-left{background-position:-1008px -168px}.c-icon-chevron-right{background-position:-1032px -168px}.c-icon-circle-gray-s{background-position:-1056px -168px}.c-icon-v,.c-icon-v-noborder{background-position:0 -192px}.c-icon-hui{background-position:-24px -192px}.c-icon-bao{background-position:-48px -192px}.c-icon-phone{background-position:-72px -192px}.c-icon-qa-empty{background-position:-96px -192px}.c-icon-safeguard{background-position:-120px -192px}.c-icon-register-empty{background-position:-144px -192px}.c-icon-zan{background-position:-168px -192px}.c-icon-music{background-position:-192px -192px}.c-icon-music-gray{background-position:-216px -192px}.c-icon-location{background-position:-240px -192px}.c-icon-warning{background-position:-264px -192px}.c-icon-doc{background-position:-288px -192px}.c-icon-xls{background-position:-312px -192px}.c-icon-ppt{background-position:-336px -192px}.c-icon-pdf{background-position:-360px -192px}.c-icon-txt{background-position:-384px -192px}.c-icon-play-black{background-position:-408px -192px}.c-icon-play-black:hover{background-position:-432px -192px}.c-icon-gift{background-position:-456px -192px}.c-icon-baidu-share{background-position:-480px -192px}.c-icon-bear{background-position:-504px -192px}.c-icon-R{background-position:-528px -192px}.c-icon-bear-border{background-position:-576px -192px}.c-icon-person,.c-icon-person-noborder{background-position:-600px -192px}.c-icon-location-blue{background-position:-624px -192px}.c-icon-hotAirBall{background-position:-648px -192px}.c-icon-moon{background-position:-672px -192px}.c-icon-streetMap{background-position:-696px -192px}.c-icon-high-v,.c-icon-high-v-noborder{background-position:-720px -192px}.c-icon-nuo{background-position:-744px -192px}.c-icon-mv{background-position:-768px -192px}.c-icon-fan{background-position:-792px -192px}.c-icon-med{background-position:-816px -192px}.c-icon-air{background-position:-840px -192px}.c-icon-share2{background-position:-864px -192px}.c-icon-v1,.c-icon-v1-noborder{background-position:-888px -192px}.c-icon-v2,.c-icon-v2-noborder{background-position:-912px -192px}.c-icon-v3,.c-icon-v3-noborder{background-position:-936px -192px}.c-icon-v1-noborder-disable{background-position:-960px -192px}.c-icon-v2-noborder-disable{background-position:-984px -192px}.c-icon-v3-noborder-disable{background-position:-1008px -192px}.c-icon-write{background-position:-1032px -192px}.c-icon-zhidao-s{background-position:-1056px -192px}.c-icon-shopping{background-position:-1080px -192px}.c-icon-bear-circle{background-position:0 -216px}.c-icon-warning-circle{background-position:-24px -216px}.c-icon-warning-triangle{width:24px;background-position:-48px -216px}.c-icon-warning-circle-gray{background-position:-72px -216px}.c-icon-ball-red{background-position:0 -240px}.c-icon-ball-blue{background-position:-48px -240px}.c-icon-tieba{background-position:0 -288px}.c-icon-zhidao{background-position:-48px -288px}.c-icon-bear-p{background-position:-96px -288px}.c-icon-bear-pn{background-position:-144px -288px}.c-icon-download{background-position:0 -336px}.c-icon-lyric{background-position:-24px -336px}.c-icon-play-circle{background-position:-48px -336px}.c-icon-play-circle:hover{background-position:-72px -336px}.c-icon-stop-circle{background-position:-96px -336px}.c-icon-stop-circle:hover{background-position:-120px -336px}.c-icon-play-circle-middle{background-position:0 -360px}.c-icon-play-circle-middle:hover{background-position:-48px -360px}.c-icon-stop-circle-middle{background-position:-96px -360px}.c-icon-stop-circle-middle:hover{background-position:-144px -360px}.c-icon-play-black-large{background-position:0 -408px}.c-icon-play-black-large:hover{background-position:-48px -408px}.c-icon-stop-black-large{background-position:-96px -408px}.c-icon-stop-black-large:hover{background-position:-144px -408px}.c-icon-play-black-larger{background-position:0 -456px}.c-icon-play-black-larger:hover{background-position:-72px -456px}.c-icon-stop-black-larger{background-position:-144px -456px}.c-icon-stop-black-larger:hover{background-position:-216px -456px}.c-recommend{font-size:0;padding:5px 0;border:1px solid #f3f3f3;border-left:0;border-right:0}.c-recommend .c-icon{margin-bottom:-4px}.c-recommend .c-gray,.c-recommend a{font-size:13px}.c-recommend-notopline{padding-top:0;border-top:0}.c-recommend-vline{display:inline-block;margin:0 10px -2px;border-left:1px solid #d8d8d8;width:0;height:12px;_vertical-align:middle;_overflow:hidden}.c-text{display:inline-block;padding:2px;text-align:center;vertical-align:text-bottom;font-size:12px;line-height:100%;font-style:normal;font-weight:400;color:#fff;overflow:hidden}a.c-text{text-decoration:none}.c-text-new{background-color:#f13f40}.c-text-info{padding-left:0;padding-right:0;font-weight:700;color:#2b99ff;*vertical-align:baseline;_position:relative;_top:2px}.c-text-info b{_position:relative;_top:-1px}.c-text-info span{padding:0 2px;font-weight:400}.c-text-important{background-color:#1cb7fd}.c-text-public{background-color:#2b99ff}.c-text-warning{background-color:#ff830f}.c-text-prompt{background-color:#f5c537}.c-text-danger{background-color:#f13f40}.c-text-safe{background-color:#52c277}.c-text-empty{padding-top:1px;padding-bottom:1px;border:1px solid #d8d8d8;cursor:pointer;color:#23b9fd;background-color:#fff}.c-text-empty:hover{border-color:#388bff}.c-text-empty:active{border-color:#a2a6ab;background-color:#f0f0f0;box-shadow:inset 1px 1px 1px #c7c7c7;-webkit-box-shadow:inset 1px 1px 1px #c7c7c7;-moz-box-shadow:inset 1px 1px 1px #c7c7c7;-o-box-shadow:inset 1px 1px 1px #c7c7c7}.c-text-mult{padding-left:5px;padding-right:5px}.c-text-gray{background-color:#666}.c-btn,.c-btn:visited{color:#333!important}.c-btn{display:inline-block;padding:0 14px;margin:0;height:24px;line-height:25px;font-size:13px;filter:chroma(color=#000000);*zoom:1;border:1px solid #d8d8d8;cursor:pointer;font-family:inherit;font-weight:400;text-align:center;vertical-align:middle;background-color:#f9f9f9;overflow:hidden;outline:0}.c-btn:hover{border-color:#388bff}.c-btn:active{border-color:#a2a6ab;background-color:#f0f0f0;box-shadow:inset 1px 1px 1px #c7c7c7;-webkit-box-shadow:inset 1px 1px 1px #c7c7c7;-moz-box-shadow:inset 1px 1px 1px #c7c7c7;-o-box-shadow:inset 1px 1px 1px #c7c7c7}a.c-btn{text-decoration:none}button.c-btn{height:26px;_line-height:18px;*overflow:visible}button.c-btn::-moz-focus-inner{padding:0;border:0}.c-btn .c-icon{margin-top:5px}.c-btn-disable{color:#999!important}.c-btn-disable:visited{color:#999!important}.c-btn-disable:hover{border:1px solid #d8d8d8;cursor:default}.c-btn-disable:active{border-color:#d8d8d8;background-color:#f9f9f9;box-shadow:none;-webkit-box-shadow:none;-moz-box-shadow:none;-o-box-shadow:none}.c-btn-mini{padding-left:5px;padding-right:5px;height:18px;line-height:18px;font-size:12px}button.c-btn-mini{height:20px;_height:18px;_line-height:14px}.c-btn-mini .c-icon{margin-top:2px}.c-btn-large{height:28px;line-height:28px;font-size:14px;font-family:&quot;微软雅黑&quot;,&quot;黑体&quot;}button.c-btn-large{height:30px;_line-height:24px}.c-btn-large .c-icon{margin-top:7px;_margin-top:6px}.c-btn-primary,.c-btn-primary:visited{color:#fff!important}.c-btn-primary{background-color:#388bff;border-color:#3c8dff #408ffe #3680e6}.c-btn-primary:hover{border-color:#2678ec #2575e7 #1c6fe2 #2677e7;background-color:#388bff;background-image:url(data:image/png;base64,iVBORw0KGgoAAAANSUhEUgAAAAEAAAACCAMAAACuX0YVAAAABlBMVEVnpv85i/9PO5r4AAAAD0lEQVR42gEEAPv/AAAAAQAFAAIros7PAAAAAElFTkSuQmCC);*background-image:none;background-repeat:repeat-x;box-shadow:1px 1px 1px rgba(0,0,0,.4);-webkit-box-shadow:1px 1px 1px rgba(0,0,0,.4);-moz-box-shadow:1px 1px 1px rgba(0,0,0,.4);-o-box-shadow:1px 1px 1px rgba(0,0,0,.4)}.c-btn-primary:active{border-color:#178ee3 #1784d0 #177bbf #1780ca;background-color:#388bff;background-image:none;box-shadow:inset 1px 1px 1px rgba(0,0,0,.15);-webkit-box-shadow:inset 1px 1px 1px rgba(0,0,0,.15);-moz-box-shadow:inset 1px 1px 1px rgba(0,0,0,.15);-o-box-shadow:inset 1px 1px 1px rgba(0,0,0,.15)}.c-btn .c-icon{float:left}.c-dropdown2{position:relative;display:inline-block;width:100%;height:26px;line-height:26px;font-size:13px;vertical-align:middle;outline:0;_font-family:SimSun;background-color:#fff;word-wrap:normal;word-break:normal}.c-dropdown2 .c-dropdown2-btn-group{position:relative;height:24px;border:1px solid #999;border-bottom-color:#d8d8d8;border-right-color:#d8d8d8;-moz-user-select:none;-webkit-user-select:none;user-select:none}.c-dropdown2:hover .c-dropdown2-btn-group,.c-dropdown2-hover .c-dropdown2-btn-group{box-shadow:inset 1px 1px 0 0 #d8d8d8;-webkit-box-shadow:inset 1px 1px 0 0 #d8d8d8;-moz-box-shadow:inset 1px 1px 0 0 #d8d8d8;-o-box-shadow:inset 1px 1px 0 0 #d8d8d8}.c-dropdown2:hover .c-dropdown2-btn-icon,.c-dropdown2-hover .c-dropdown2-btn-icon{box-shadow:inset 0 1px 0 0 #d8d8d8;-webkit-box-shadow:inset 0 1px 0 0 #d8d8d8;-moz-box-shadow:inset 0 1px 0 0 #d8d8d8;-o-box-shadow:inset 0 1px 0 0 #d8d8d8}.c-dropdown2:hover .c-dropdown2-btn-icon-border,.c-dropdown2-hover .c-dropdown2-btn-icon-border{background-color:#f2f2f2}.c-dropdown2 .c-dropdown2-btn{height:24px;padding-left:10px;padding-right:10px;cursor:default;overflow:hidden;white-space:nowrap}.c-dropdown2 .c-dropdown2-btn-icon{position:absolute;top:0;right:0;width:23px;height:24px;line-height:24px;background-color:#fff;padding:0 1px 0 10px}.c-dropdown2 .c-dropdown2-btn-icon-border{height:24px;width:23px;border-left:1px solid #d9d9d9;text-align:center;zoom:1}.c-dropdown2 .c-icon-triangle-down{*margin-top:5px;_margin-left:2px}.c-dropdown2 .c-dropdown2-menu{position:absolute;left:0;top:100%;_margin-top:0;width:100%;overflow:hidden;border:1px solid #bbb;background:#fff;visibility:hidden}.c-dropdown2 .c-dropdown2-menu-inner{overflow:hidden}.c-dropdown2 .c-dropdown2-option{background-color:#fff;cursor:pointer}.c-dropdown2 .c-dropdown2-selected{background-color:#f5f5f5}.c-dropdown2-common ul,.c-dropdown2-common li{margin:0;padding:0;list-style:none}.c-dropdown2-common .c-dropdown2-option{height:26px;line-height:26px;font-size:12px;color:#333;white-space:nowrap;cursor:pointer;padding-left:10px}.c-dropdown2-common .c-dropdown2-selected{background-color:#f5f5f5}.c-dropdown2-common .c-dropdown2-menu-group .c-dropdown2-group{padding-left:10px;font-weight:700;cursor:default}.c-dropdown2-common .c-dropdown2-menu-group .c-dropdown2-option{padding-left:20px}.c-img{display:block;min-height:1px;border:0 0}.c-img3{width:52px}.c-img4{width:75px}.c-img6{width:121px}.c-img7{width:144px}.c-img12{width:259px}.c-img15{width:328px}.c-img18{width:397px}.c-border .c-img3{width:56px}.c-border .c-img4{width:78px}.c-border .c-img7{width:144px}.c-border .c-img12{width:254px}.c-border .c-img15{width:320px}.c-border .c-img18{width:386px}.c-index{display:inline-block;padding:1px 0;color:#fff;width:14px;line-height:100%;font-size:12px;text-align:center;background-color:#8eb9f5}.c-index-hot,.c-index-hot1{background-color:#f54545}.c-index-hot2{background-color:#ff8547}.c-index-hot3{background-color:#ffac38}.c-input{display:inline-block;padding:0 4px;height:24px;line-height:24px\9;font-size:13px;border:1px solid #999;border-bottom-color:#d8d8d8;border-right-color:#d8d8d8;outline:0;box-sizing:content-box;-webkit-box-sizing:content-box;-moz-box-sizing:content-box;vertical-align:top;overflow:hidden}.c-input:hover{box-shadow:inset 1px 1px 1px 0 #d8d8d8;-webkit-box-shadow:inset 1px 1px 1px 0 #d8d8d8;-moz-box-shadow:inset 1px 1px 1px 0 #d8d8d8;-o-box-shadow:inset 1px 1px 1px 0 #d8d8d8}.c-input .c-icon{float:right;margin-top:6px}.c-input .c-icon-left{float:left;margin-right:4px}.c-input input{float:left;height:22px;*padding-top:4px;margin-top:2px;font-size:13px;border:0;outline:0}.c-input{width:180px}.c-input input{width:162px}.c-input-xmini{width:65px}.c-input-xmini input{width:47px}.c-input-mini{width:88px}.c-input-mini input{width:70px}.c-input-small{width:157px}.c-input-small input{width:139px}.c-input-large{width:203px}.c-input-large input{width:185px}.c-input-xlarge{width:341px}.c-input-xlarge input{width:323px}.c-input12{width:249px}.c-input12 input{width:231px}.c-input20{width:433px}.c-input20 input{width:415px}.c-border .c-input{width:178px}.c-border .c-input input{width:160px}.c-border .c-input-xmini{width:68px}.c-border .c-input-xmini input{width:50px}.c-border .c-input-mini{width:90px}.c-border .c-input-mini input{width:72px}.c-border .c-input-small{width:156px}.c-border .c-input-small input{width:138px}.c-border .c-input-large{width:200px}.c-border .c-input-large input{width:182px}.c-border .c-input-xlarge{width:332px}.c-border .c-input-xlarge input{width:314px}.c-border .c-input12{width:244px}.c-border .c-input12 input{width:226px}.c-border .c-input20{width:420px}.c-border .c-input20 input{width:402px}.c-numberset{*zoom:1}.c-numberset:after{display:block;height:0;content:&quot;&quot;;clear:both;visibility:hidden}.c-numberset li{float:left;margin-right:17px;list-style:none}.c-numberset .c-numberset-last{margin-right:0}.c-numberset a{display:block;width:50px;text-decoration:none;text-align:center;border:1px solid #d8d8d8;cursor:pointer}.c-numberset a:hover{border-color:#388bff}.c-border .c-numberset li{margin-right:10px}.c-border .c-numberset .c-numberset-last{margin-right:0}.c-border .c-numberset a{width:54px}.c-table{width:100%;border-collapse:collapse;border-spacing:0}.c-table th,.c-table td{padding-left:10px;line-height:1.54;font-size:13px;border-bottom:1px solid #f3f3f3;text-align:left}.cr-content .c-table th:first-child,.cr-content .c-table td:first-child{padding-left:0}.c-table th{padding-top:4px;padding-bottom:4px;font-weight:400;color:#666;border-color:#f0f0f0;white-space:nowrap;background-color:#fafafa}.c-table td{padding-top:6.5px;padding-bottom:6.5px}.c-table-hasimg td{padding-top:10px;padding-bottom:10px}.c-table a,.c-table em{text-decoration:none}.c-table a:hover,.c-table a:hover em{text-decoration:underline}.c-table a.c-icon:hover{text-decoration:none}.c-table .c-btn:hover,.c-table .c-btn:hover em{text-decoration:none}.c-table-nohihead th{background-color:transparent}.c-table-noborder td{border-bottom:0}.c-tabs-nav-movetop{margin:-10px -9px 0 -10px;position:relative}.c-tabs-nav{border-bottom:1px solid #d9d9d9;background-color:#fafafa;line-height:1.54;font-size:0;*zoom:1;_overflow-x:hidden;_position:relative}.c-tabs-nav:after{display:block;height:0;content:&quot;&quot;;clear:both;visibility:hidden}.c-tabs-nav .c-tabs-nav-btn{float:right;_position:absolute;_top:0;_right:0;_z-index:1;background:#fafafa}.c-tabs-nav .c-tabs-nav-btn .c-tabs-nav-btn-prev,.c-tabs-nav .c-tabs-nav-btn .c-tabs-nav-btn-next{float:left;padding:6px 2px;cursor:pointer}.c-tabs-nav .c-tabs-nav-btn .c-tabs-nav-btn-disable{cursor:default}.c-tabs-nav .c-tabs-nav-view{_position:relative;overflow:hidden;*zoom:1;margin-bottom:-1px}.c-tabs-nav .c-tabs-nav-view .c-tabs-nav-li{margin-bottom:0}.c-tabs-nav .c-tabs-nav-more{float:left;white-space:nowrap}.c-tabs-nav li,.c-tabs-nav a{color:#666;font-size:13px;*zoom:1}.c-tabs-nav li{display:inline-block;margin-bottom:-1px;*display:inline;padding:3px 15px;vertical-align:bottom;border-style:solid;border-width:2px 1px 0;border-color:transparent;_border-color:tomato;_filter:chroma(color=#ff6347);list-style:none;cursor:pointer;white-space:nowrap;overflow:hidden}.c-tabs-nav a{text-decoration:none}.c-tabs-nav .c-tabs-nav-sep{height:16px;width:0;padding:0;margin-bottom:4px;border-style:solid;border-width:0 1px;border-color:transparent #fff transparent #dedede}.c-tabs-nav .c-tabs-nav-selected{_position:relative;border-color:#2c99ff #e4e4e4 #fff #dedede;background-color:#fff;color:#000;cursor:default}.c-tabs-nav-one .c-tabs-nav-selected{border-color:transparent;_border-color:tomato;_filter:chroma(color=#ff6347);background-color:transparent;color:#666}.c-tabs .c-tabs .c-tabs-nav{padding:10px 0 5px;border:0 0;background-color:#fff}.c-tabs .c-tabs .c-tabs-nav li,.c-tabs .c-tabs .c-tabs-nav a{color:#00c}.c-tabs .c-tabs .c-tabs-nav li{padding:0 5px;position:static;margin:0 10px;border:0 0;cursor:pointer;white-space:nowrap}.c-tabs .c-tabs .c-tabs-nav .c-tabs-nav-sep{height:11px;width:0;padding:0;margin:0 0 4px;border:0 0;border-left:1px solid #d8d8d8}.c-tabs .c-tabs .c-tabs-nav .c-tabs-nav-selected{background-color:#2c99ff;color:#fff;cursor:default}.c-tag{padding-top:3px;margin-bottom:3px;height:1.7em;font-size:13px;line-height:1.4em;transition:height .3s ease-in;-webkit-transition:height .3s ease-in;-moz-transition:height .3s ease-in;-ms-transition:height .3s ease-in;-o-transition:height .3s ease-in;*zoom:1;overflow:hidden}.c-tag:after{display:block;height:0;content:&quot;&quot;;clear:both;visibility:hidden}.c-tag-cont{overflow:hidden;*zoom:1}.c-tag-type,.c-tag-li,.c-tag-more,.c-tag-cont span{margin:2px 0}.c-tag-type,.c-tag-li,.c-tag-cont span{float:left}.c-tag-type,.c-tag-more{color:#666}.c-tag-li,.c-tag-cont span{padding:0 4px;display:inline-block;margin-right:12px;white-space:nowrap;cursor:pointer;color:#00c}.c-tag .c-tag-selected{background:#388bff;color:#fff}.c-tag-more{float:right;background:#fff;cursor:pointer;*height:18px}.c-tool{display:inline-block;width:56px;height:56px;background:url(//www.baidu.com/aladdin/img/tools/tools-5.png) no-repeat}.c-tool-region{background-position:0 0}.c-tool-calendar{background-position:-72px 0}.c-tool-city{background-position:-144px 0}.c-tool-phone-pos{background-position:-216px 0}.c-tool-other{background-position:-288px 0}.c-tool-midnight{background-position:-360px 0}.c-tool-kefu{width:121px;background-position:-432px 0}.c-tool-phone{background-position:-576px 0}.c-tool-car{background-position:-648px 0}.c-tool-station{background-position:0 -72px}.c-tool-cheat{background-position:-72px -72px}.c-tool-counter{background-position:-144px -72px}.c-tool-time{background-position:-216px -72px}.c-tool-zip{background-position:-288px -72px}.c-tool-warning{background-position:-360px -72px}.c-tool-ip{background-position:0 -144px}.c-tool-unit{background-position:-72px -144px}.c-tool-rate{background-position:-144px -144px}.c-tool-conversion{background-position:-288px -144px}.c-tool-ads{background-position:-360px -144px}.soutu-input{padding-left:55px!important}.soutu-input-image{position:absolute;left:1px;top:1px;height:28px;width:49px;z-index:1;padding:0;background:#e6e6e6;border:1px solid #e6e6e6}.soutu-input-thumb{height:28px;width:28px;min-width:1px}.soutu-input-close{position:absolute;right:0;top:0;cursor:pointer;display:block;width:22px;height:28px}.soutu-input-close::after{content:&quot; &quot;;position:absolute;right:3px;top:50%;cursor:pointer;margin-top:-7px;display:block;width:14px;height:14px;background:url(https://ss1.bdstatic.com/5eN1bjq8AAUYm2zgoY3K/r/www/cache/static/protocol/https/soutu/img/soutu_icons_new_8abaf8a.png) no-repeat -163px 0}.soutu-input-image:hover .soutu-input-close::after{background-position:-215px 2px}.fb-hint{margin-top:5px;transition-duration:.9s;opacity:0;display:none;color:red}.fb-img{display:none}.fb-hint-tip{height:44px;line-height:24px;background-color:#38f;color:#fff;box-sizing:border-box;width:269px;font-size:16px;padding:10px;padding-left:14px;position:absolute;top:-65px;right:-15px;border-radius:3px;z-index:299}.fb-hint-tip::before{content:&quot;&quot;;width:0;height:0;display:block;position:absolute;border-left:8px solid transparent;border-right:8px solid transparent;border-top:8px solid #38f;bottom:-8px;right:25px}.fb-mask,.fb-mask-light{position:absolute;top:0;left:0;bottom:0;right:0;z-index:296;background-color:#000;filter:alpha(opacity=60);background-color:rgba(0,0,0,.6)}.fb-mask-light{background-color:#fff;filter:alpha(opacity=0);background-color:rgba(255,255,255,0)}.fb-success .fb-success-text{text-align:center;color:#333;font-size:13px;margin-bottom:14px}.fb-success-text.fb-success-text-title{color:#3b6;font-size:16px;margin-bottom:16px}.fb-success-text-title i{width:16px;height:16px;margin-right:5px}.fb-list-container{box-sizing:border-box;padding:4px 8px;position:absolute;top:0;left:0;bottom:0;right:0;z-index:298;display:block;width:100%;cursor:pointer;margin-top:-5px;margin-left:-5px}.fb-list-container-hover{background-color:#fff;border:2px #38f solid}.fb-list-container-first{box-sizing:border-box;padding-left:10px;padding-top:5px;position:absolute;top:0;left:0;bottom:0;right:0;z-index:297;display:block;width:100%;cursor:pointer;margin-top:-5px;margin-left:-5px;border:3px #f5f5f5 dashed;border-radius:3px}.fb-des-content{font-size:13px!important;color:#000}.fb-des-content::-webkit-input-placeholder{font-size:13px!important;color:#9a9a9a}.fb-des-content:-moz-placeholder{font-size:13px!important;color:#9a9a9a}.fb-des-content::-moz-placeholder{font-size:13px!important;color:#9a9a9a}.fb-des-content:-ms-input-placeholder{font-size:13px!important;color:#9a9a9a}.fb-btn,.fb-btn:visited{color:#333!important}.fb-select{position:relative;background-color:#fff;border:1px solid #ccc}.fb-select i{position:absolute;right:2px;top:7px}.fb-type{width:350px;box-sizing:border-box;height:28px;font-size:13px;line-height:28px;border:0;word-break:normal;word-wrap:normal;position:relative;appearance:none;-moz-appearance:none;-webkit-appearance:none;display:inline-block;vertical-align:middle;line-height:normal;color:#333;background-color:transparent;border-radius:0;overflow:hidden;outline:0;padding-left:5px}.fb-type::-ms-expand{display:none}.fb-btn{display:inline-block;padding:0 14px;margin:0;height:24px;line-height:25px;font-size:13px;filter:chroma(color=#000000);*zoom:1;border:1px solid #d8d8d8;cursor:pointer;font-family:inherit;font-weight:400;text-align:center;vertical-align:middle;background-color:#f9f9f9;overflow:hidden;outline:0}.fb-btn:hover{border-color:#388bff}.fb-btn:active{border-color:#a2a6ab;background-color:#f0f0f0;box-shadow:inset 1px 1px 1px #c7c7c7;-webkit-box-shadow:inset 1px 1px 1px #c7c7c7;-moz-box-shadow:inset 1px 1px 1px #c7c7c7;-o-box-shadow:inset 1px 1px 1px #c7c7c7}a.fb-btn{text-decoration:none}button.fb-btn{height:26px;_line-height:18px;*overflow:visible}button.fb-btn::-moz-focus-inner{padding:0;border:0}.fb-btn .c-icon{margin-top:5px}.fb-btn-primary,.fb-btn-primary:visited{color:#fff!important}.fb-btn-primary{background-color:#388bff;_width:82px;border-color:#3c8dff #408ffe #3680e6}.fb-btn-primary:hover{border-color:#2678ec #2575e7 #1c6fe2 #2677e7;background-color:#388bff;background-image:url(data:image/png;base64,iVBORw0KGgoAAAANSUhEUgAAAAEAAAACCAMAAACuX0YVAAAABlBMVEVnpv85i/9PO5r4AAAAD0lEQVR42gEEAPv/AAAAAQAFAAIros7PAAAAAElFTkSuQmCC);background-repeat:repeat-x;box-shadow:1px 1px 1px rgba(0,0,0,.4);-webkit-box-shadow:1px 1px 1px rgba(0,0,0,.4);-moz-box-shadow:1px 1px 1px rgba(0,0,0,.4);-o-box-shadow:1px 1px 1px rgba(0,0,0,.4)}.fb-btn-primary:active{border-color:#178ee3 #1784d0 #177bbf #1780ca;background-color:#388bff;background-image:none;box-shadow:inset 1px 1px 1px rgba(0,0,0,.15);-webkit-box-shadow:inset 1px 1px 1px rgba(0,0,0,.15);-moz-box-shadow:inset 1px 1px 1px rgba(0,0,0,.15);-o-box-shadow:inset 1px 1px 1px rgba(0,0,0,.15)}.fb-feedback-right-dialog{position:fixed;z-index:299;bottom:0;right:0}.fb-feedback-list-dialog,.fb-feedback-list-dialog-left{position:absolute;z-index:299}.fb-feedback-list-dialog:before{content:&quot;&quot;;width:0;height:0;display:block;position:absolute;top:15px;left:-6px;border-top:8px solid transparent;border-bottom:8px solid transparent;border-right:8px solid #fff}.fb-feedback-list-dialog-left:before{content:&quot;&quot;;width:0;height:0;display:block;position:absolute;top:15px;right:-6px;border-top:8px solid transparent;border-bottom:8px solid transparent;border-left:8px solid #fff}.fb-header{padding-left:20px;padding-right:20px;margin-top:14px;text-align:left;-moz-user-select:none}.fb-header .fb-close{opacity:.2;filter:alpha(opacity=20)}.fb-close{text-decoration:none;margin-top:2px;float:right;font-size:20px;font-weight:700;line-height:18px;color:#666;text-shadow:0 1px 0 #fff}.fb-header a.fb-close:hover{text-decoration:none}.fb-header-tips{font-size:16px;margin:0;color:#333;text-rendering:optimizelegibility}.fb-body{margin-bottom:0;padding:20px;padding-top:10px;overflow:hidden;text-align:left}.fb-modal,.fb-success{background-color:#fff;cursor:default;top:100%;left:100%;width:390px;overflow:hidden;border:1px solid #999;*border:1px solid #ddd;font-size:13px;line-height:1.54}.fb-textarea textarea{width:350px;height:64px;padding:4px;margin:10px 0;vertical-align:top;resize:none;overflow:auto;box-sizing:border-box;display:inline-block;border:1px solid #ccc;-webkit-border-radius:0;-moz-border-radius:0;border-radius:0;-webkit-box-shadow:inset 0 1px 1px rgba(0,0,0,.075);-moz-box-shadow:inset 0 1px 1px rgba(0,0,0,.075);box-shadow:inset 0 1px 1px rgba(0,0,0,.075);-webkit-transition:border linear .2s,box-shadow linear .2s;-moz-transition:border linear .2s,box-shadow linear .2s;-ms-transition:border linear .2s,box-shadow linear .2s;-o-transition:border linear .2s,box-shadow linear .2s;transition:border linear .2s,box-shadow linear .2s}.fb-guide{padding-top:10px;color:#9a9a9a;margin-left:-20px;padding-left:20px;border-right-width:0;margin-right:-20px;padding-right:25px;margin-bottom:-20px;padding-bottom:15px}.fb-footer{padding-top:10px;text-align:left}.fb-block{overflow:hidden;position:relative}.fb-block .fb-email{height:28px;line-height:26px;width:350px;border:1px solid #ccc;padding:4px;padding-top:0;box-sizing:border-box;padding-bottom:0;display:inline-block;font-family:&#039;Helvetica Neue&#039;,Helvetica,Arial,sans-serif;vertical-align:middle!important;-webkit-border-radius:0;-moz-border-radius:0;border-radius:0;-webkit-box-shadow:inset 0 1px 1px rgba(0,0,0,.075);-moz-box-shadow:inset 0 1px 1px rgba(0,0,0,.075);box-shadow:inset 0 1px 1px rgba(0,0,0,.075);-webkit-transition:border linear .2s,box-shadow linear .2s;-moz-transition:border linear .2s,box-shadow linear .2s;-ms-transition:border linear .2s,box-shadow linear .2s;-o-transition:border linear .2s,box-shadow linear .2s;transition:border linear .2s,box-shadow linear .2s}.fb-email{font-size:13px!important;color:#000}.fb-email::-webkit-input-placeholder{font-size:13px!important;color:#9a9a9a}.fb-email:-moz-placeholder{font-size:13px!important;color:#9a9a9a}.fb-email::-moz-placeholder{font-size:13px!important;color:#9a9a9a}.fb-email:-ms-input-placeholder{font-size:13px!important;color:#9a9a9a}.fb-cut-block{height:15px;padding-bottom:10px}.fb-canvas-block{height:172px;border:1px solid #ccc;margin-bottom:10px;position:relative;overflow:hidden;width:100%;background-position:center;box-sizing:border-box}.fb-canvas-block img{width:350px;position:absolute}.fb-canvas-block img[src=&quot;&quot;]{opacity:0}.fb-cut-input{width:14px;height:14px;margin:0;margin-right:10px;display:inline-block;border:1px solid #ccc}.fb-cut-btn{width:60px!important}#fb_tips_span{vertical-align:middle}#fb_popwindow{display:block;left:457px;top:69.5px;position:absolute;width:450px;z-index:999999;background:none repeat scroll 0 0 #fff;border:1px solid #999;border-radius:3px;box-shadow:0 0 9px #999;padding:0}#feedback_dialog_content{text-align:center}#fb_right_post_save:hover{background-image:url(data:image/png;base64,iVBORw0KGgoAAAANSUhEUgAAAAEAAAACCAMAAACuX0YVAAAABlBMVEVnpv85i/9PO5r4AAAAD0lEQVR42gEEAPv/AAAAAQAFAAIros7PAAAAAElFTkSuQmCC);background-repeat:repeat-x;box-shadow:1px 1px 1px rgba(0,0,0,.4);-webkit-box-shadow:1px 1px 1px rgba(0,0,0,.4);-moz-box-shadow:1px 1px 1px rgba(0,0,0,.4);-o-box-shadow:1px 1px 1px rgba(0,0,0,.4)}.fb-select-icon{position:absolute;bottom:6px;right:5px;width:16px;height:16px;box-sizing:content-box;background-position:center center;background-repeat:no-repeat;background-size:7px 4px;-webkit-background-size:7px 4px;background-image:url(data:image/png;base64,iVBORw0KGgoAAAANSUhEUgAAAAcAAAAECAYAAABCxiV9AAAABGdBTUEAALGPC/xhBQAAACBjSFJNAAB6JgAAgIQAAPoAAACA6AAAdTAAAOpgAAA6mAAAF3CculE8AAAABmJLR0QAAAAAAAD5Q7t/AAAACXBIWXMAAAsSAAALEgHS3X78AAAAKElEQVQI12Ps7Or6z4ADMDIwMDBgU1BeVsbICOMgKygvK2PEMAbdBAAhxA08t5Q3VgAAAABJRU5ErkJggg==)}.fb-select-shorter{position:relative;min-height:28px}.fb-type-container{line-height:28px;position:absolute;top:28px;width:100%;background-color:#fff;border:1px solid #ccc;z-index:300;margin-left:-1px;display:none}.fb-type-item,.fb-type-selected{height:28px;line-height:30px;padding-left:4px}.fb-type-item:hover{background:#f5F5F5}&lt;/style&gt;
    &lt;meta http-equiv=&quot;X-UA-Compatible&quot; content=&quot;IE=Edge&quot;&gt;
	&lt;meta content=&quot;always&quot; name=&quot;referrer&quot;&gt;
    &lt;meta name=&quot;theme-color&quot; content=&quot;#2932e1&quot;&gt;
    
     
    
	
	
	
	
	
	
	
	
	
	
    
    &lt;title&gt;中文_百度搜索&lt;/title&gt;
    



&lt;!--[if lte IE 8]&gt;
&lt;style index=&quot;index&quot; data-compress=&quot;strip&quot;&gt;
.s_form{top:260px}
&lt;/style&gt;
&lt;![endif]--&gt;
&lt;!--[if IE 8]&gt;
&lt;style index=&quot;index&quot; data-compress=&quot;strip&quot;&gt;
#u1 a.mnav,#u1 a.mnav:visited,#u1 a.lb,#u1 a.lb:visited,#u1 a.pf,#u1 a.pf:visited,#u1 a.bri,#u1 a.bri:visited{font-family:simsun;}
&lt;/style&gt;
&lt;![endif]--&gt;
&lt;style data-for=&quot;debug&quot;&gt;
#debug{display:none!important;}
&lt;/style&gt;
&lt;style data-for=&quot;result&quot; id=&quot;css_index_result&quot; type=&quot;text/css&quot;&gt;#seth{display:inline;behavior:url(#default#homepage)}
#setf{display:inline}
#sekj{margin-left:14px}
#st,#sekj{display:none}
.s_ipt_wr{border:1px solid #b6b6b6;border-color:#7b7b7b #b6b6b6 #b6b6b6 #7b7b7b;background:#fff;display:inline-block;vertical-align:top;width:539px;margin-right:0;border-right-width:0;border-color:#b8b8b8 transparent #ccc #b8b8b8;overflow:hidden}
.wrapper_s .s_ipt_wr{width:439px}
.wrapper_s .s_ipt{width:434px}
.wrapper_s .s_ipt_tip{width:434px}
.s_ipt_wr:hover,.s_ipt_wr.ipthover{border-color:#999 transparent #b3b3b3 #999}
.s_ipt_wr.iptfocus{border-color:#4791ff transparent #4791ff #4791ff}
.s_ipt_tip{color:#aaa;position:absolute;z-index:-10;font:16px/22px arial;height:32px;line-height:32px;padding-left:7px;overflow:hidden;width:526px}
.s_ipt{width:526px;height:22px;font:16px/18px arial;line-height:22px\9;margin:6px 0 0 7px;padding:0;background:transparent;border:0;outline:0;-webkit-appearance:none}
#kw{position:relative}
#u .username i{background-position:-408px -144px}
.bdpfmenu,.usermenu{border:1px solid #d1d1d1;position:absolute;width:105px;top:36px;z-index:302;box-shadow:1px 1px 5px #d1d1d1;-webkit-box-shadow:1px 1px 5px #d1d1d1;-moz-box-shadow:1px 1px 5px #d1d1d1;-o-box-shadow:1px 1px 5px #d1d1d1}
.bdpfmenu{font-size:12px;background-color:#fff}
.bdpfmenu a,.usermenu a{display:block;text-align:left;margin:0!important;padding:0 9px;line-height:26px;text-decoration:none}
.briiconsbg{background-repeat:no-repeat;background-size:300px 18px;background-image:url(https://ss1.bdstatic.com/5eN1bjq8AAUYm2zgoY3K/r/www/cache/static/protocol/https/home/img/icons_0c37e9b.png);background-image:url(https://ss1.bdstatic.com/5eN1bjq8AAUYm2zgoY3K/r/www/cache/static/protocol/https/home/img/icons_809ae65.gif)\9}
#u{z-index:301;position:absolute;right:0;top:0;margin:21px 9px 5px 0;padding:0}
.wrapper_s #u{margin-right:3px}
#u a{text-decoration:underline;color:#333;margin:0 7px}
.wrapper_s #u a{margin-right:0 6px}
#u div a{text-decoration:none}
#u a:hover{text-decoration:underline}
#u .back_org{color:#666;float:left;display:inline-block;height:24px;line-height:24px}
#u .bri{display:inline-block;width:24px;height:24px;float:left;line-height:24px;color:transparent;background:url(https://ss1.bdstatic.com/5eN1bjq8AAUYm2zgoY3K/r/www/cache/static/protocol/https/home/img/icons_0c37e9b.png) no-repeat 4px 3px;background-size:300px 18px;background-image:url(https://ss1.bdstatic.com/5eN1bjq8AAUYm2zgoY3K/r/www/cache/static/protocol/https/home/img/icons_809ae65.gif)\9;overflow:hidden}
#u .bri:hover,#u .bri.brihover{background-position:-18px 3px}
#mCon #imeSIcon{background-position:-408px -144px;margin-left:0}
#mCon span{color:#333}
.bdpfmenu a:link,.bdpfmenu a:visited,#u .usermenu a:link,#u .usermenu a:visited{background:#fff;color:#333}
.bdpfmenu a:hover,.bdpfmenu a:active,#u .usermenu a:hover,#u .usermenu a:active{background:#38f;text-decoration:none;color:#fff}
.bdpfmenu{width:70px}
.usermenu{width:68px;right:8px}
#wrapper .bdnuarrow{width:0;height:0;font-size:0;line-height:0;display:block;position:absolute;top:-10px;left:50%;margin-left:-5px}
#wrapper .bdnuarrow em,#wrapper .bdnuarrow i{width:0;height:0;font-size:0;line-height:0;display:block;position:absolute;border:5px solid transparent;border-style:dashed dashed solid}
#wrapper .bdnuarrow em{border-bottom-color:#d8d8d8;top:-1px}
#wrapper .bdnuarrow i{border-bottom-color:#fff;top:0}
#prefpanel{background:#fafafa;display:none;opacity:0;position:fixed;_position:absolute;top:-359px;z-index:500;width:100%;min-width:960px;border-bottom:1px solid #ebebeb}
#prefpanel form{_width:850px}
#kw_tip{cursor:default;display:none;margin-top:1px}
#bds-message-wrapper{top:43px}
.quickdelete-wrap{position:relative}
.quickdelete-wrap input{width:500px}
.wrapper_l .quickdelete-wrap input{width:500px}
.wrapper_s .quickdelete-wrap input{width:402px}
input::-ms-clear{display:none}
.quickdelete{width:32px;height:32px;background:url(https://ss1.bdstatic.com/5eN1bjq8AAUYm2zgoY3K/r/www/cache/static/protocol/https/global/img/quickdelete_33e3eb8.png) no-repeat;background-position:10px 10px;position:absolute;display:block}
.quickdelete:hover{background-position:10px -24px}
#lh a{margin-left:25px}
.bdbriwrapper-tuiguang{display:none!important}&lt;/style&gt;
&lt;!--[if IE 8]&gt;
&lt;style index=&quot;index&quot; data-compress=&quot;strip&quot;&gt;
.s_ipt{background-color:#FFF;}
&lt;/style&gt;
&lt;![endif]--&gt;

    




    
&lt;script data-require-id=&quot;plugins/swfobject&quot; src=&quot;https://ss1.bdstatic.com/5eN1bjq8AAUYm2zgoY3K/r/www/cache/static/protocol/https/plugins/swfobject_0178953.js&quot; async=&quot;&quot;&gt;&lt;/script&gt;&lt;script data-require-id=&quot;soutu/js/tu&quot; src=&quot;https://ss1.bdstatic.com/5eN1bjq8AAUYm2zgoY3K/r/www/cache/static/protocol/https/soutu/js/tu_329aca4.js&quot; async=&quot;&quot;&gt;&lt;/script&gt;&lt;script data-require-id=&quot;voice/js/voice&quot; src=&quot;https://ss1.bdstatic.com/5eN1bjq8AAUYm2zgoY3K/r/www/cache/static/protocol/https/voice/js/voice_1e62c0f.js&quot; async=&quot;&quot;&gt;&lt;/script&gt;&lt;link rel=&quot;stylesheet&quot; href=&quot;https://ss1.bdstatic.com/5eN1bjq8AAUYm2zgoY3K/r/www/cache/static/protocol/https/soutu/css/soutu.css&quot; type=&quot;text/css&quot; data-for=&quot;result&quot;&gt;&lt;style type=&quot;text/css&quot; data-for=&quot;result&quot;&gt;.ipt_rec{z-index:1;display:none;position:absolute;right:0;height:34px;width:24px;background:url(data:image/png;base64,iVBORw0KGgoAAAANSUhEUgAAAA0AAAASCAYAAACAa1QyAAAAAXNSR0IArs4c6QAAAAlwSFlzAAALEwAACxMBAJqcGAAAAVlpVFh0WE1MOmNvbS5hZG9iZS54bXAAAAAAADx4OnhtcG1ldGEgeG1sbnM6eD0iYWRvYmU6bnM6bWV0YS8iIHg6eG1wdGs9IlhNUCBDb3JlIDUuNC4wIj4KICAgPHJkZjpSREYgeG1sbnM6cmRmPSJodHRwOi8vd3d3LnczLm9yZy8xOTk5LzAyLzIyLXJkZi1zeW50YXgtbnMjIj4KICAgICAgPHJkZjpEZXNjcmlwdGlvbiByZGY6YWJvdXQ9IiIKICAgICAgICAgICAgeG1sbnM6dGlmZj0iaHR0cDovL25zLmFkb2JlLmNvbS90aWZmLzEuMC8iPgogICAgICAgICA8dGlmZjpPcmllbnRhdGlvbj4xPC90aWZmOk9yaWVudGF0aW9uPgogICAgICA8L3JkZjpEZXNjcmlwdGlvbj4KICAgPC9yZGY6UkRGPgo8L3g6eG1wbWV0YT4KTMInWQAAAXlJREFUKBW9kr1Kw1AUx5OYVWiRGqqLiPgIios4qg+QobhI7QdYH6CKk4IPUCRNQhFRHPIAnRykIIqre7cMsUMHp0Jt/J2ShiYWxx44/M/53/N17z2qkhLbtgtQl+g62kWvKpXKExiLFlsYzWbzCLgOw7A2HA6XVFU9Ez/i41A9tjAIutA0rVAqld4j/tl13cJoNLrHf5zEJjpBbvq+/zE5FIz8jWkuYXOfMEFETppPd5qV84ebX5Iu82azWd00zR+Zg+fmEdWZd/M8b6Hf7w9kvKDX661Eg3cdx9mK7DFQdBtDPlkhYRUI5J86uq4fgA4d6nR6sCzrOAiCN8MwduDvhAdF9tFX/lJrYNRbrdZiuVz2SDqHs/P5/EBQfOHlXOIkXsVQGMnicI2OZrFY/BZuWiSBtfLo6FPgZLxGmUymxrwNDj65ww3YzuVycleDQof4Ml6bONlFZdxpUpXF3MU+peIeuIx+McELeFutVjvg/5Jeneno+W3ELz3Rmg23qA6NAAAAAElFTkSuQmCC) no-repeat center;background-image: -webkit-image-set(url(data:image/png;base64,iVBORw0KGgoAAAANSUhEUgAAAA0AAAASCAYAAACAa1QyAAAAAXNSR0IArs4c6QAAAAlwSFlzAAALEwAACxMBAJqcGAAAAVlpVFh0WE1MOmNvbS5hZG9iZS54bXAAAAAAADx4OnhtcG1ldGEgeG1sbnM6eD0iYWRvYmU6bnM6bWV0YS8iIHg6eG1wdGs9IlhNUCBDb3JlIDUuNC4wIj4KICAgPHJkZjpSREYgeG1sbnM6cmRmPSJodHRwOi8vd3d3LnczLm9yZy8xOTk5LzAyLzIyLXJkZi1zeW50YXgtbnMjIj4KICAgICAgPHJkZjpEZXNjcmlwdGlvbiByZGY6YWJvdXQ9IiIKICAgICAgICAgICAgeG1sbnM6dGlmZj0iaHR0cDovL25zLmFkb2JlLmNvbS90aWZmLzEuMC8iPgogICAgICAgICA8dGlmZjpPcmllbnRhdGlvbj4xPC90aWZmOk9yaWVudGF0aW9uPgogICAgICA8L3JkZjpEZXNjcmlwdGlvbj4KICAgPC9yZGY6UkRGPgo8L3g6eG1wbWV0YT4KTMInWQAAAXlJREFUKBW9kr1Kw1AUx5OYVWiRGqqLiPgIios4qg+QobhI7QdYH6CKk4IPUCRNQhFRHPIAnRykIIqre7cMsUMHp0Jt/J2ShiYWxx44/M/53/N17z2qkhLbtgtQl+g62kWvKpXKExiLFlsYzWbzCLgOw7A2HA6XVFU9Ez/i41A9tjAIutA0rVAqld4j/tl13cJoNLrHf5zEJjpBbvq+/zE5FIz8jWkuYXOfMEFETppPd5qV84ebX5Iu82azWd00zR+Zg+fmEdWZd/M8b6Hf7w9kvKDX661Eg3cdx9mK7DFQdBtDPlkhYRUI5J86uq4fgA4d6nR6sCzrOAiCN8MwduDvhAdF9tFX/lJrYNRbrdZiuVz2SDqHs/P5/EBQfOHlXOIkXsVQGMnicI2OZrFY/BZuWiSBtfLo6FPgZLxGmUymxrwNDj65ww3YzuVycleDQof4Ml6bONlFZdxpUpXF3MU+peIeuIx+McELeFutVjvg/5Jeneno+W3ELz3Rmg23qA6NAAAAAElFTkSuQmCC) 1x,url(data:image/png;base64,iVBORw0KGgoAAAANSUhEUgAAABoAAAAkCAMAAACg5NohAAAA7VBMVEUAAACqqqqZmZmqqqqfn5+Ojo6ZmZmVlZWdnZ2ZmZmfn5+WlpadnZ2Xl5ebm5uVlZWZmZmXl5eZmZmampqXl5eZmZmampqZmZmampqbm5uXl5eZmZmampqYmJiZmZmampqampqYmJiZmZmYmJiampqZmZmampqZmZmZmZmZmZmYmJiZmZmampqZmZmZmZmZmZmZmZmZmZmZmZmampqZmZmZmZmYmJiZmZmampqZmZmZmZmZmZmZmZmZmZmZmZmZmZmZmZmZmZmZmZmZmZmZmZmZmZmZmZmZmZmZmZmZmZmZmZmZmZmZmZmZmZmZmZlntL8zAAAATnRSTlMAAwUGCAkKDA0PEBEaGxwdHiAjJiwtMDc6PUBBTE1aXWBhZG1vcH5/goWGh4iKjo+UmZump6iuvr/AxcbI0tPZ297f5uft7vL09fb5+/48nAt9AAABHElEQVQoz93S21ZBURjF8T855BiSw06UUqiEcipKOW7s+f6P04XWGOw8QKN5Ndf4jfHdrAkm8Yf39XpUi/MrxaUkScuiW8pS9zwYtLpyyvsSt1XZtors/ZuP6pjaUWOPpJypOX24yG+qX3LR4f4vaSPvIfJqw1rHgOQx4pGAI62Z6BSYKmsoqylwogl9XQANvRh61hNQUJ+qmkDS1s1WrmUngaaqZDQLAZeOuvlAIN+VcwWEZsrAq+oApcV2NosSQF1vgKXVGUDsfmTbo/soQHolC6ClcXR/RLGxWgAEhvpM70r6S8PAtkaGWtXCBsK1lYYR8/K1Hc2bhYTXmyg051Lbt3PDGjj6iTOwXMtO3fUm0qR3m+JQXD/1N+gbnHtANlxuv2EAAAAASUVORK5CYII=) 2x);background-image: -moz-image-set(url(data:image/png;base64,iVBORw0KGgoAAAANSUhEUgAAAA0AAAASCAYAAACAa1QyAAAAAXNSR0IArs4c6QAAAAlwSFlzAAALEwAACxMBAJqcGAAAAVlpVFh0WE1MOmNvbS5hZG9iZS54bXAAAAAAADx4OnhtcG1ldGEgeG1sbnM6eD0iYWRvYmU6bnM6bWV0YS8iIHg6eG1wdGs9IlhNUCBDb3JlIDUuNC4wIj4KICAgPHJkZjpSREYgeG1sbnM6cmRmPSJodHRwOi8vd3d3LnczLm9yZy8xOTk5LzAyLzIyLXJkZi1zeW50YXgtbnMjIj4KICAgICAgPHJkZjpEZXNjcmlwdGlvbiByZGY6YWJvdXQ9IiIKICAgICAgICAgICAgeG1sbnM6dGlmZj0iaHR0cDovL25zLmFkb2JlLmNvbS90aWZmLzEuMC8iPgogICAgICAgICA8dGlmZjpPcmllbnRhdGlvbj4xPC90aWZmOk9yaWVudGF0aW9uPgogICAgICA8L3JkZjpEZXNjcmlwdGlvbj4KICAgPC9yZGY6UkRGPgo8L3g6eG1wbWV0YT4KTMInWQAAAXlJREFUKBW9kr1Kw1AUx5OYVWiRGqqLiPgIios4qg+QobhI7QdYH6CKk4IPUCRNQhFRHPIAnRykIIqre7cMsUMHp0Jt/J2ShiYWxx44/M/53/N17z2qkhLbtgtQl+g62kWvKpXKExiLFlsYzWbzCLgOw7A2HA6XVFU9Ez/i41A9tjAIutA0rVAqld4j/tl13cJoNLrHf5zEJjpBbvq+/zE5FIz8jWkuYXOfMEFETppPd5qV84ebX5Iu82azWd00zR+Zg+fmEdWZd/M8b6Hf7w9kvKDX661Eg3cdx9mK7DFQdBtDPlkhYRUI5J86uq4fgA4d6nR6sCzrOAiCN8MwduDvhAdF9tFX/lJrYNRbrdZiuVz2SDqHs/P5/EBQfOHlXOIkXsVQGMnicI2OZrFY/BZuWiSBtfLo6FPgZLxGmUymxrwNDj65ww3YzuVycleDQof4Ml6bONlFZdxpUpXF3MU+peIeuIx+McELeFutVjvg/5Jeneno+W3ELz3Rmg23qA6NAAAAAElFTkSuQmCC) 1x,url(data:image/png;base64,iVBORw0KGgoAAAANSUhEUgAAABoAAAAkCAMAAACg5NohAAAA7VBMVEUAAACqqqqZmZmqqqqfn5+Ojo6ZmZmVlZWdnZ2ZmZmfn5+WlpadnZ2Xl5ebm5uVlZWZmZmXl5eZmZmampqXl5eZmZmampqZmZmampqbm5uXl5eZmZmampqYmJiZmZmampqampqYmJiZmZmYmJiampqZmZmampqZmZmZmZmZmZmYmJiZmZmampqZmZmZmZmZmZmZmZmZmZmZmZmampqZmZmZmZmYmJiZmZmampqZmZmZmZmZmZmZmZmZmZmZmZmZmZmZmZmZmZmZmZmZmZmZmZmZmZmZmZmZmZmZmZmZmZmZmZmZmZmZmZmZmZmZmZlntL8zAAAATnRSTlMAAwUGCAkKDA0PEBEaGxwdHiAjJiwtMDc6PUBBTE1aXWBhZG1vcH5/goWGh4iKjo+UmZump6iuvr/AxcbI0tPZ297f5uft7vL09fb5+/48nAt9AAABHElEQVQoz93S21ZBURjF8T855BiSw06UUqiEcipKOW7s+f6P04XWGOw8QKN5Ndf4jfHdrAkm8Yf39XpUi/MrxaUkScuiW8pS9zwYtLpyyvsSt1XZtors/ZuP6pjaUWOPpJypOX24yG+qX3LR4f4vaSPvIfJqw1rHgOQx4pGAI62Z6BSYKmsoqylwogl9XQANvRh61hNQUJ+qmkDS1s1WrmUngaaqZDQLAZeOuvlAIN+VcwWEZsrAq+oApcV2NosSQF1vgKXVGUDsfmTbo/soQHolC6ClcXR/RLGxWgAEhvpM70r6S8PAtkaGWtXCBsK1lYYR8/K1Hc2bhYTXmyg051Lbt3PDGjj6iTOwXMtO3fUm0qR3m+JQXD/1N+gbnHtANlxuv2EAAAAASUVORK5CYII=) 2x);background-image: -o-image-set(url(data:image/png;base64,iVBORw0KGgoAAAANSUhEUgAAAA0AAAASCAYAAACAa1QyAAAAAXNSR0IArs4c6QAAAAlwSFlzAAALEwAACxMBAJqcGAAAAVlpVFh0WE1MOmNvbS5hZG9iZS54bXAAAAAAADx4OnhtcG1ldGEgeG1sbnM6eD0iYWRvYmU6bnM6bWV0YS8iIHg6eG1wdGs9IlhNUCBDb3JlIDUuNC4wIj4KICAgPHJkZjpSREYgeG1sbnM6cmRmPSJodHRwOi8vd3d3LnczLm9yZy8xOTk5LzAyLzIyLXJkZi1zeW50YXgtbnMjIj4KICAgICAgPHJkZjpEZXNjcmlwdGlvbiByZGY6YWJvdXQ9IiIKICAgICAgICAgICAgeG1sbnM6dGlmZj0iaHR0cDovL25zLmFkb2JlLmNvbS90aWZmLzEuMC8iPgogICAgICAgICA8dGlmZjpPcmllbnRhdGlvbj4xPC90aWZmOk9yaWVudGF0aW9uPgogICAgICA8L3JkZjpEZXNjcmlwdGlvbj4KICAgPC9yZGY6UkRGPgo8L3g6eG1wbWV0YT4KTMInWQAAAXlJREFUKBW9kr1Kw1AUx5OYVWiRGqqLiPgIios4qg+QobhI7QdYH6CKk4IPUCRNQhFRHPIAnRykIIqre7cMsUMHp0Jt/J2ShiYWxx44/M/53/N17z2qkhLbtgtQl+g62kWvKpXKExiLFlsYzWbzCLgOw7A2HA6XVFU9Ez/i41A9tjAIutA0rVAqld4j/tl13cJoNLrHf5zEJjpBbvq+/zE5FIz8jWkuYXOfMEFETppPd5qV84ebX5Iu82azWd00zR+Zg+fmEdWZd/M8b6Hf7w9kvKDX661Eg3cdx9mK7DFQdBtDPlkhYRUI5J86uq4fgA4d6nR6sCzrOAiCN8MwduDvhAdF9tFX/lJrYNRbrdZiuVz2SDqHs/P5/EBQfOHlXOIkXsVQGMnicI2OZrFY/BZuWiSBtfLo6FPgZLxGmUymxrwNDj65ww3YzuVycleDQof4Ml6bONlFZdxpUpXF3MU+peIeuIx+McELeFutVjvg/5Jeneno+W3ELz3Rmg23qA6NAAAAAElFTkSuQmCC) 1x,url(data:image/png;base64,iVBORw0KGgoAAAANSUhEUgAAABoAAAAkCAMAAACg5NohAAAA7VBMVEUAAACqqqqZmZmqqqqfn5+Ojo6ZmZmVlZWdnZ2ZmZmfn5+WlpadnZ2Xl5ebm5uVlZWZmZmXl5eZmZmampqXl5eZmZmampqZmZmampqbm5uXl5eZmZmampqYmJiZmZmampqampqYmJiZmZmYmJiampqZmZmampqZmZmZmZmZmZmYmJiZmZmampqZmZmZmZmZmZmZmZmZmZmZmZmampqZmZmZmZmYmJiZmZmampqZmZmZmZmZmZmZmZmZmZmZmZmZmZmZmZmZmZmZmZmZmZmZmZmZmZmZmZmZmZmZmZmZmZmZmZmZmZmZmZmZmZmZmZlntL8zAAAATnRSTlMAAwUGCAkKDA0PEBEaGxwdHiAjJiwtMDc6PUBBTE1aXWBhZG1vcH5/goWGh4iKjo+UmZump6iuvr/AxcbI0tPZ297f5uft7vL09fb5+/48nAt9AAABHElEQVQoz93S21ZBURjF8T855BiSw06UUqiEcipKOW7s+f6P04XWGOw8QKN5Ndf4jfHdrAkm8Yf39XpUi/MrxaUkScuiW8pS9zwYtLpyyvsSt1XZtors/ZuP6pjaUWOPpJypOX24yG+qX3LR4f4vaSPvIfJqw1rHgOQx4pGAI62Z6BSYKmsoqylwogl9XQANvRh61hNQUJ+qmkDS1s1WrmUngaaqZDQLAZeOuvlAIN+VcwWEZsrAq+oApcV2NosSQF1vgKXVGUDsfmTbo/soQHolC6ClcXR/RLGxWgAEhvpM70r6S8PAtkaGWtXCBsK1lYYR8/K1Hc2bhYTXmyg051Lbt3PDGjj6iTOwXMtO3fUm0qR3m+JQXD/1N+gbnHtANlxuv2EAAAAASUVORK5CYII=) 2x);background-image: -ms-image-set(url(data:image/png;base64,iVBORw0KGgoAAAANSUhEUgAAAA0AAAASCAYAAACAa1QyAAAAAXNSR0IArs4c6QAAAAlwSFlzAAALEwAACxMBAJqcGAAAAVlpVFh0WE1MOmNvbS5hZG9iZS54bXAAAAAAADx4OnhtcG1ldGEgeG1sbnM6eD0iYWRvYmU6bnM6bWV0YS8iIHg6eG1wdGs9IlhNUCBDb3JlIDUuNC4wIj4KICAgPHJkZjpSREYgeG1sbnM6cmRmPSJodHRwOi8vd3d3LnczLm9yZy8xOTk5LzAyLzIyLXJkZi1zeW50YXgtbnMjIj4KICAgICAgPHJkZjpEZXNjcmlwdGlvbiByZGY6YWJvdXQ9IiIKICAgICAgICAgICAgeG1sbnM6dGlmZj0iaHR0cDovL25zLmFkb2JlLmNvbS90aWZmLzEuMC8iPgogICAgICAgICA8dGlmZjpPcmllbnRhdGlvbj4xPC90aWZmOk9yaWVudGF0aW9uPgogICAgICA8L3JkZjpEZXNjcmlwdGlvbj4KICAgPC9yZGY6UkRGPgo8L3g6eG1wbWV0YT4KTMInWQAAAXlJREFUKBW9kr1Kw1AUx5OYVWiRGqqLiPgIios4qg+QobhI7QdYH6CKk4IPUCRNQhFRHPIAnRykIIqre7cMsUMHp0Jt/J2ShiYWxx44/M/53/N17z2qkhLbtgtQl+g62kWvKpXKExiLFlsYzWbzCLgOw7A2HA6XVFU9Ez/i41A9tjAIutA0rVAqld4j/tl13cJoNLrHf5zEJjpBbvq+/zE5FIz8jWkuYXOfMEFETppPd5qV84ebX5Iu82azWd00zR+Zg+fmEdWZd/M8b6Hf7w9kvKDX661Eg3cdx9mK7DFQdBtDPlkhYRUI5J86uq4fgA4d6nR6sCzrOAiCN8MwduDvhAdF9tFX/lJrYNRbrdZiuVz2SDqHs/P5/EBQfOHlXOIkXsVQGMnicI2OZrFY/BZuWiSBtfLo6FPgZLxGmUymxrwNDj65ww3YzuVycleDQof4Ml6bONlFZdxpUpXF3MU+peIeuIx+McELeFutVjvg/5Jeneno+W3ELz3Rmg23qA6NAAAAAElFTkSuQmCC) 1x,url(data:image/png;base64,iVBORw0KGgoAAAANSUhEUgAAABoAAAAkCAMAAACg5NohAAAA7VBMVEUAAACqqqqZmZmqqqqfn5+Ojo6ZmZmVlZWdnZ2ZmZmfn5+WlpadnZ2Xl5ebm5uVlZWZmZmXl5eZmZmampqXl5eZmZmampqZmZmampqbm5uXl5eZmZmampqYmJiZmZmampqampqYmJiZmZmYmJiampqZmZmampqZmZmZmZmZmZmYmJiZmZmampqZmZmZmZmZmZmZmZmZmZmZmZmampqZmZmZmZmYmJiZmZmampqZmZmZmZmZmZmZmZmZmZmZmZmZmZmZmZmZmZmZmZmZmZmZmZmZmZmZmZmZmZmZmZmZmZmZmZmZmZmZmZmZmZmZmZlntL8zAAAATnRSTlMAAwUGCAkKDA0PEBEaGxwdHiAjJiwtMDc6PUBBTE1aXWBhZG1vcH5/goWGh4iKjo+UmZump6iuvr/AxcbI0tPZ297f5uft7vL09fb5+/48nAt9AAABHElEQVQoz93S21ZBURjF8T855BiSw06UUqiEcipKOW7s+f6P04XWGOw8QKN5Ndf4jfHdrAkm8Yf39XpUi/MrxaUkScuiW8pS9zwYtLpyyvsSt1XZtors/ZuP6pjaUWOPpJypOX24yG+qX3LR4f4vaSPvIfJqw1rHgOQx4pGAI62Z6BSYKmsoqylwogl9XQANvRh61hNQUJ+qmkDS1s1WrmUngaaqZDQLAZeOuvlAIN+VcwWEZsrAq+oApcV2NosSQF1vgKXVGUDsfmTbo/soQHolC6ClcXR/RLGxWgAEhvpM70r6S8PAtkaGWtXCBsK1lYYR8/K1Hc2bhYTXmyg051Lbt3PDGjj6iTOwXMtO3fUm0qR3m+JQXD/1N+gbnHtANlxuv2EAAAAASUVORK5CYII=) 2x);background-size:13px 18px;background-position:0 50%;cursor:pointer;}.ipt_rec:hover{background-image:url(data:image/png;base64,iVBORw0KGgoAAAANSUhEUgAAAA0AAAASCAMAAAC3taQAAAAAhFBMVEX///8zhf8zhf8zhf8zhf8zhf8zhf8zhf8zhf8zhf8zhf8zhf8zhf8zhf8zhf8zhf8zhf8zhf8zhf8zhf8zhf8zhf8zhf8zhf8zhf8zhf8zhf8zhf8zhf8zhf8zhf8zhf8zhf8zhf8zhf8zhf8zhf8zhf8zhf8zhf8zhf8zhf8zhf8zhf+04UQDAAAAK3RSTlMAAQIDBgwNHR43ODs9PkNEVFZaXGZnlpecqaq31NfZ2t3e3+Dl6On5+/z9BL131wAAAHdJREFUCB0FwYcCgQAUAMBTFGWPaCGb9///5w5s+3e/BdgNy8lq2AH6AsUZ8EuQ/AABAhAgAAECECAgUjGCkH49c9cZZlfTh2ZvcymT8rKxb8xvmXX36day25xjm4GsPSGt7od8nB/uVQoW9Ste9QKAAAABAAL4AzokCI8/h6hiAAAAAElFTkSuQmCC);background-image: -webkit-image-set(url(data:image/png;base64,iVBORw0KGgoAAAANSUhEUgAAAA0AAAASCAMAAAC3taQAAAAAhFBMVEX///8zhf8zhf8zhf8zhf8zhf8zhf8zhf8zhf8zhf8zhf8zhf8zhf8zhf8zhf8zhf8zhf8zhf8zhf8zhf8zhf8zhf8zhf8zhf8zhf8zhf8zhf8zhf8zhf8zhf8zhf8zhf8zhf8zhf8zhf8zhf8zhf8zhf8zhf8zhf8zhf8zhf8zhf8zhf+04UQDAAAAK3RSTlMAAQIDBgwNHR43ODs9PkNEVFZaXGZnlpecqaq31NfZ2t3e3+Dl6On5+/z9BL131wAAAHdJREFUCB0FwYcCgQAUAMBTFGWPaCGb9///5w5s+3e/BdgNy8lq2AH6AsUZ8EuQ/AABAhAgAAECECAgUjGCkH49c9cZZlfTh2ZvcymT8rKxb8xvmXX36day25xjm4GsPSGt7od8nB/uVQoW9Ste9QKAAAABAAL4AzokCI8/h6hiAAAAAElFTkSuQmCC) 1x,url(data:image/png;base64,iVBORw0KGgoAAAANSUhEUgAAABoAAAAkCAMAAACg5NohAAAA8FBMVEUsgf////8sgf8sgf8sgf8sgf8sgf8sgf8sgf8sgf8sgf8sgf8sgf8sgf8sgf8sgf8sgf8sgf8sgf8sgf8sgf8sgf8sgf8sgf8sgf8sgf8sgf8sgf8sgf8sgf8sgf8sgf8sgf8sgf8sgf8sgf8sgf8sgf8sgf8sgf8sgf8sgf8sgf8sgf8sgf8sgf8sgf8sgf8sgf8sgf8sgf8sgf8sgf8sgf8sgf8sgf8sgf8sgf8sgf8sgf8sgf8sgf8sgf8sgf8sgf8sgf8sgf8sgf8sgf8sgf8sgf8sgf8sgf8sgf8sgf8sgf8sgf8sgf8sgf8sgf+F30pxAAAAT3RSTlMAAAMFBggJCgwNDxARGhscHR4gIyYsLTA3Oj1AQUxNWl1gYWRtb3B+f4KFhoeIio6PlJmbpqeorr6/wMXGyNLT2dve3+bn7e7y9PX2+fv+wE6fLAAAASxJREFUKM/d01dWAkEUBNAqkCBBBETCiKAoSlAElKSgKHGAqf3vxg/oQ9AFeKzPvh/vdPVr0CTy8L5cDsoRbEIYyc0lSZrnDqkgtS/8fqstp7BPEVvF9UlRdmSPHtUyM1qq7ZGUNpTWxwF5DXmlA6Ih/Htayf0bubXCUsckJZcRlwTgSEuMdEZyrJShlMYATjVCV5cka3ox9KwnAFl1UVKdZMzW7VpuZMcA1FVCUpMAyStH7YzPl2nLuQYQmCgJvqpCkvnZem1meQCo6I2gpcU5SZ5UB7Y9qIYBILGQRZANDcPk9l7AyVANEKSvr8/ELiW+1Petiwr1tSgHDQTLC/VDpkNP09G0no263dFsfSo1PTv1Wj1Hmzg962Dn4/edkTTq3MV/fAdun+Nv0TegC0JUU1yQZAAAAABJRU5ErkJggg==) 2x);background-image: -moz-image-set(url(data:image/png;base64,iVBORw0KGgoAAAANSUhEUgAAAA0AAAASCAMAAAC3taQAAAAAhFBMVEX///8zhf8zhf8zhf8zhf8zhf8zhf8zhf8zhf8zhf8zhf8zhf8zhf8zhf8zhf8zhf8zhf8zhf8zhf8zhf8zhf8zhf8zhf8zhf8zhf8zhf8zhf8zhf8zhf8zhf8zhf8zhf8zhf8zhf8zhf8zhf8zhf8zhf8zhf8zhf8zhf8zhf8zhf8zhf+04UQDAAAAK3RSTlMAAQIDBgwNHR43ODs9PkNEVFZaXGZnlpecqaq31NfZ2t3e3+Dl6On5+/z9BL131wAAAHdJREFUCB0FwYcCgQAUAMBTFGWPaCGb9///5w5s+3e/BdgNy8lq2AH6AsUZ8EuQ/AABAhAgAAECECAgUjGCkH49c9cZZlfTh2ZvcymT8rKxb8xvmXX36day25xjm4GsPSGt7od8nB/uVQoW9Ste9QKAAAABAAL4AzokCI8/h6hiAAAAAElFTkSuQmCC) 1x,url(data:image/png;base64,iVBORw0KGgoAAAANSUhEUgAAABoAAAAkCAMAAACg5NohAAAA8FBMVEUsgf////8sgf8sgf8sgf8sgf8sgf8sgf8sgf8sgf8sgf8sgf8sgf8sgf8sgf8sgf8sgf8sgf8sgf8sgf8sgf8sgf8sgf8sgf8sgf8sgf8sgf8sgf8sgf8sgf8sgf8sgf8sgf8sgf8sgf8sgf8sgf8sgf8sgf8sgf8sgf8sgf8sgf8sgf8sgf8sgf8sgf8sgf8sgf8sgf8sgf8sgf8sgf8sgf8sgf8sgf8sgf8sgf8sgf8sgf8sgf8sgf8sgf8sgf8sgf8sgf8sgf8sgf8sgf8sgf8sgf8sgf8sgf8sgf8sgf8sgf8sgf8sgf8sgf8sgf+F30pxAAAAT3RSTlMAAAMFBggJCgwNDxARGhscHR4gIyYsLTA3Oj1AQUxNWl1gYWRtb3B+f4KFhoeIio6PlJmbpqeorr6/wMXGyNLT2dve3+bn7e7y9PX2+fv+wE6fLAAAASxJREFUKM/d01dWAkEUBNAqkCBBBETCiKAoSlAElKSgKHGAqf3vxg/oQ9AFeKzPvh/vdPVr0CTy8L5cDsoRbEIYyc0lSZrnDqkgtS/8fqstp7BPEVvF9UlRdmSPHtUyM1qq7ZGUNpTWxwF5DXmlA6Ih/Htayf0bubXCUsckJZcRlwTgSEuMdEZyrJShlMYATjVCV5cka3ox9KwnAFl1UVKdZMzW7VpuZMcA1FVCUpMAyStH7YzPl2nLuQYQmCgJvqpCkvnZem1meQCo6I2gpcU5SZ5UB7Y9qIYBILGQRZANDcPk9l7AyVANEKSvr8/ELiW+1Petiwr1tSgHDQTLC/VDpkNP09G0no263dFsfSo1PTv1Wj1Hmzg962Dn4/edkTTq3MV/fAdun+Nv0TegC0JUU1yQZAAAAABJRU5ErkJggg==) 2x);background-image: -o-image-set(url(data:image/png;base64,iVBORw0KGgoAAAANSUhEUgAAAA0AAAASCAMAAAC3taQAAAAAhFBMVEX///8zhf8zhf8zhf8zhf8zhf8zhf8zhf8zhf8zhf8zhf8zhf8zhf8zhf8zhf8zhf8zhf8zhf8zhf8zhf8zhf8zhf8zhf8zhf8zhf8zhf8zhf8zhf8zhf8zhf8zhf8zhf8zhf8zhf8zhf8zhf8zhf8zhf8zhf8zhf8zhf8zhf8zhf8zhf+04UQDAAAAK3RSTlMAAQIDBgwNHR43ODs9PkNEVFZaXGZnlpecqaq31NfZ2t3e3+Dl6On5+/z9BL131wAAAHdJREFUCB0FwYcCgQAUAMBTFGWPaCGb9///5w5s+3e/BdgNy8lq2AH6AsUZ8EuQ/AABAhAgAAECECAgUjGCkH49c9cZZlfTh2ZvcymT8rKxb8xvmXX36day25xjm4GsPSGt7od8nB/uVQoW9Ste9QKAAAABAAL4AzokCI8/h6hiAAAAAElFTkSuQmCC) 1x,url(data:image/png;base64,iVBORw0KGgoAAAANSUhEUgAAABoAAAAkCAMAAACg5NohAAAA8FBMVEUsgf////8sgf8sgf8sgf8sgf8sgf8sgf8sgf8sgf8sgf8sgf8sgf8sgf8sgf8sgf8sgf8sgf8sgf8sgf8sgf8sgf8sgf8sgf8sgf8sgf8sgf8sgf8sgf8sgf8sgf8sgf8sgf8sgf8sgf8sgf8sgf8sgf8sgf8sgf8sgf8sgf8sgf8sgf8sgf8sgf8sgf8sgf8sgf8sgf8sgf8sgf8sgf8sgf8sgf8sgf8sgf8sgf8sgf8sgf8sgf8sgf8sgf8sgf8sgf8sgf8sgf8sgf8sgf8sgf8sgf8sgf8sgf8sgf8sgf8sgf8sgf8sgf8sgf8sgf+F30pxAAAAT3RSTlMAAAMFBggJCgwNDxARGhscHR4gIyYsLTA3Oj1AQUxNWl1gYWRtb3B+f4KFhoeIio6PlJmbpqeorr6/wMXGyNLT2dve3+bn7e7y9PX2+fv+wE6fLAAAASxJREFUKM/d01dWAkEUBNAqkCBBBETCiKAoSlAElKSgKHGAqf3vxg/oQ9AFeKzPvh/vdPVr0CTy8L5cDsoRbEIYyc0lSZrnDqkgtS/8fqstp7BPEVvF9UlRdmSPHtUyM1qq7ZGUNpTWxwF5DXmlA6Ih/Htayf0bubXCUsckJZcRlwTgSEuMdEZyrJShlMYATjVCV5cka3ox9KwnAFl1UVKdZMzW7VpuZMcA1FVCUpMAyStH7YzPl2nLuQYQmCgJvqpCkvnZem1meQCo6I2gpcU5SZ5UB7Y9qIYBILGQRZANDcPk9l7AyVANEKSvr8/ELiW+1Petiwr1tSgHDQTLC/VDpkNP09G0no263dFsfSo1PTv1Wj1Hmzg962Dn4/edkTTq3MV/fAdun+Nv0TegC0JUU1yQZAAAAABJRU5ErkJggg==) 2x);background-image: -ms-image-set(url(data:image/png;base64,iVBORw0KGgoAAAANSUhEUgAAAA0AAAASCAMAAAC3taQAAAAAhFBMVEX///8zhf8zhf8zhf8zhf8zhf8zhf8zhf8zhf8zhf8zhf8zhf8zhf8zhf8zhf8zhf8zhf8zhf8zhf8zhf8zhf8zhf8zhf8zhf8zhf8zhf8zhf8zhf8zhf8zhf8zhf8zhf8zhf8zhf8zhf8zhf8zhf8zhf8zhf8zhf8zhf8zhf8zhf8zhf+04UQDAAAAK3RSTlMAAQIDBgwNHR43ODs9PkNEVFZaXGZnlpecqaq31NfZ2t3e3+Dl6On5+/z9BL131wAAAHdJREFUCB0FwYcCgQAUAMBTFGWPaCGb9///5w5s+3e/BdgNy8lq2AH6AsUZ8EuQ/AABAhAgAAECECAgUjGCkH49c9cZZlfTh2ZvcymT8rKxb8xvmXX36day25xjm4GsPSGt7od8nB/uVQoW9Ste9QKAAAABAAL4AzokCI8/h6hiAAAAAElFTkSuQmCC) 1x,url(data:image/png;base64,iVBORw0KGgoAAAANSUhEUgAAABoAAAAkCAMAAACg5NohAAAA8FBMVEUsgf////8sgf8sgf8sgf8sgf8sgf8sgf8sgf8sgf8sgf8sgf8sgf8sgf8sgf8sgf8sgf8sgf8sgf8sgf8sgf8sgf8sgf8sgf8sgf8sgf8sgf8sgf8sgf8sgf8sgf8sgf8sgf8sgf8sgf8sgf8sgf8sgf8sgf8sgf8sgf8sgf8sgf8sgf8sgf8sgf8sgf8sgf8sgf8sgf8sgf8sgf8sgf8sgf8sgf8sgf8sgf8sgf8sgf8sgf8sgf8sgf8sgf8sgf8sgf8sgf8sgf8sgf8sgf8sgf8sgf8sgf8sgf8sgf8sgf8sgf8sgf8sgf8sgf8sgf+F30pxAAAAT3RSTlMAAAMFBggJCgwNDxARGhscHR4gIyYsLTA3Oj1AQUxNWl1gYWRtb3B+f4KFhoeIio6PlJmbpqeorr6/wMXGyNLT2dve3+bn7e7y9PX2+fv+wE6fLAAAASxJREFUKM/d01dWAkEUBNAqkCBBBETCiKAoSlAElKSgKHGAqf3vxg/oQ9AFeKzPvh/vdPVr0CTy8L5cDsoRbEIYyc0lSZrnDqkgtS/8fqstp7BPEVvF9UlRdmSPHtUyM1qq7ZGUNpTWxwF5DXmlA6Ih/Htayf0bubXCUsckJZcRlwTgSEuMdEZyrJShlMYATjVCV5cka3ox9KwnAFl1UVKdZMzW7VpuZMcA1FVCUpMAyStH7YzPl2nLuQYQmCgJvqpCkvnZem1meQCo6I2gpcU5SZ5UB7Y9qIYBILGQRZANDcPk9l7AyVANEKSvr8/ELiW+1Petiwr1tSgHDQTLC/VDpkNP09G0no263dFsfSo1PTv1Wj1Hmzg962Dn4/edkTTq3MV/fAdun+Nv0TegC0JUU1yQZAAAAABJRU5ErkJggg==) 2x);}&lt;/style&gt;&lt;style type=&quot;text/css&quot; data-for=&quot;result&quot;&gt;#voice{font-family:&quot;microsoft yahei&quot;;z-index:1000;box-shadow:0 5px 5px #888;position:fixed;width:100%;height:38.2%;min-height:229.2px;background:#fff;font-size:16px;bottom:0}#voice .close{position:absolute;right:30px;top:20px;font-size:24px;color:#333;cursor:pointer;text-indent:-10000px;background:url(https://ss1.bdstatic.com/5eN1bjq8AAUYm2zgoY3K/r/www/cache/static/protocol/https/voice/imgs/close_btn_04bc664.png) no-repeat;background-size:18px 38px;width:20px;height:20px}#voice .close:hover{color:#999;background-position:0 -21px}#voice .voice_inner{margin:-40px auto 0;width:0}#voice .result{width:100%;font-size:22px;margin:40px 0 0 63px;text-align:left;}#voice .result .tip{color:#999;font-size:14px;}#voice .btn{position:absolute;width:105px;height:105px;margin:69px 0 0 -52px;z-index:3;cursor:pointer;background:none}#voice .box{width:56px;height:56px;position:absolute;z-index:2;background:#35d2ff;margin:92px 0 0 -28px}#voice .box_inner{width:100%;height:56px;background:#fff}@keyframes myfirst{from{border:1px solid rgba(0,0,255,1);width:100px;height:100px;border-radius:100px;margin:70px 0 0 -50px}to{border:1px solid rgba(0,0,255,0);width:200px;height:200px;border-radius:200px;margin:20px 0 0 -100px}}@-webkit-keyframes myfirst{from{border:1px solid rgba(194,224,253,1);width:100px;height:100px;border-radius:100px;margin:70px 0 0 -50px}to{border:1px solid rgba(194,224,253,0);width:300px;height:300px;border-radius:300px;margin:-30px 0 0 -150px}}@-moz-keyframes myfirst{from{border:1px solid rgba(0,0,255,1);width:100px;height:100px;border-radius:100px;margin:70px 0 0 -50px}to{border:1px solid rgba(0,0,255,0);width:200px;height:200px;border-radius:200px;margin:20px 0 0 -100px}}@-o-keyframes myfirst{from{border:1px solid rgba(0,0,255,1);width:100px;height:100px;border-radius:100px;margin:70px 0 0 -50px}to{border:1px solid rgba(0,0,255,0);width:200px;height:200px;border-radius:200px;margin:20px 0 0 -100px}}#voice .round1,#voice .round2{position:absolute;border:0 solid rgba(0,0,255,1);border-radius:200px;width:0;height:0;line-height:0;animation:myfirst 3s linear 0s infinite;-webkit-animation:myfirst 3s linear 0s infinite;-moz-animation:myfirst 3s linear 0s infinite;-o-animation:myfirst 3s linear 0s infinite}#voice .round2{animation-delay:1.5s;-webkit-animation-delay:1.5s;-moz-animation-delay:1.5s;-o-animation-delay:1.5s}#voice .round3{position:absolute;background:#c2e0fd;width:0;height:0;line-height:0}&lt;/style&gt;&lt;style&gt;
			    											 .op-bk-polysemy-bold{font-weight:700}.op-bk-polysemy-other span{display:block}.op-bk-polysemy-space{white-space:nowrap}.op-bk-polysemy-oneother .op-bk-polysemy-move,.op-bk-polysemy-oneother span{margin-left:0}.op-bk-polysemy-focus{height:22px;_height:24px;line-height:1.69em;margin-bottom:2px;overflow:hidden}.op-bk-polysemy-focustext{float:left;display:inline-block;height:22px;padding:0 8px 0 30px;background:url(//www.baidu.com/aladdin/img/bk_polysemy/bk_polyicon.png) 5px 0 no-repeat #3288ff;_background:url(//www.baidu.com/aladdin/img/bk_polysemy/bk_polyicon1.gif) 5px center no-repeat #3288ff;color:#fff}.op-bk-polysemy-focus a{display:inline-block;height:22px;line-height:1.69em;float:left;border-right:2px solid #fff;background:#f5f5f5;padding:0 8px;text-decoration:none;color:#333}.op-bk-polysemy-focus a.op-bk-polysemy_focusafirst{background:url(//www.baidu.com/aladdin/img/bk_polysemy/bk_polyicon.png) 0 -22px no-repeat #f5f5f5}.op-bk-polysemy-focusf{height:23px;_height:25px;line-height:1.69em;margin-bottom:2px;overflow:hidden}.op-bk-polysemy-focusleft{float:left;display:inline-block;height:21px;border:1px solid #38f}.op-bk-polysemy-focusrightf,.op-bk-polysemy-focustextf{border-top:1px solid #f0f0f0;border-bottom:1px solid #f0f0f0}.op-bk-polysemy-focustextf{float:left;display:inline-block;height:21px;padding-left:10px}.op-bk-polysemy-focustextf span{color:#38f}.op-bk-polysemy-focusrightf{float:left;display:inline-block;height:21px;border-right:1px solid #f0f0f0}.op-bk-polysemy-focusrightf span{display:inline-block;float:left;color:#ccc}.op-bk-polysemy-focusrightf a{display:inline-block;height:21px;line-height:1.54em;text-decoration:underline;border:none;background:#fff;float:left;padding:0 8px;color:#00c}.op-bk-polysemy-focusrightf a.op-bk-polysemy_focusrfirst{padding-left:4px;background:#fff;color:#00c}.op-bk-polysemy-album{position:relative;width:100%;display:block}.op-bk-polysemy-albumPr{position:relative}.op-bk-polysemy-albumMore{display:block;width:100%;height:18px;line-height:18px;background:#525252;background:rgba(82,82,82,.6);color:#fff;position:absolute;bottom:0;left:0;text-align:center;filter:alpha(opacity=60)}.op-bk-polysemy-albumBorder{width:99%;height:99%;position:absolute;border-right:1px solid #bfbfbf;border-bottom:1px solid #bfbfbf;right:-2px;bottom:-2px;overflow:hidden;z-index:59;_right:-3px}.op-bk-polysemy-albumBorderSec{right:-4px;bottom:-4px;_right:-5px}.op-tieba-general-chapter,.op-tieba-general-otherbar,.op-tieba-general-table td{line-height:24px;height:24px}.op-tieba-general-otherbar{margin-top:-2px;position:relative}.op-tieba-general-guanzhu,.op-tieba-general-subtitle{line-height:14px;height:14px;font-size:1em;margin-bottom:5px}.op-tieba-general-otherbar span{margin-left:5px;margin-right:5px;color:#999}.op-tieba-general-addnum i,.op-tieba-general-replay-time i{font-style:normal}.op-tieba-general-mainpic{position:relative}.op-tieba-general-photo{position:absolute;left:0;top:0;_display:none;z-index:-1}.op-tieba-general-photo-link{line-height:0}.op-tieba-general-linktxt{display:inline-block}.op-tieba-general-addnum,.op-tieba-general-replay-time{color:#666}.op-tieba-general-pline{margin-bottom:3px;*margin-bottom:5px}.op-tieba-general-maintable i{font-style:normal}.op-tieba-general-maintable{padding-top:2px}.op-tieba-general-mainpl{padding-left:10px}.op-tieba-general-maintable td{padding-bottom:2px;padding-top:2px}.op-tieba-general-graycolor{color:#666}.op-tieba-general-main-col{margin-top:-4px;position:relative}.op-tieba-general-main-col p{margin-top:1px}.op-tieba-general-right{margin-right:15px}.op-tieba-general-lookmore{height:24px;line-height:24px;margin-top:-2px;position:relative}.op-tieba-general-mainpic-toleft{width:79px;float:right;height:79px;overflow:hidden;position:relative}.op-tieba-general-xuan{margin-right:13px}.op_dict3_gap_small{margin-right:7px}.op_dict3_chinese_result span{float:left;height:24px;line-height:24px;margin-bottom:12px;overflow:hidden}.op_dict3_chinsetxt{font-size:14px}.op_dict3_howread{font-size:24px;font-family:arial;_font-family:&quot;lucida sans unicode&quot;}.op_dict3_marginBottom{margin-bottom:12px}.op_dict3_marginRight{margin-right:15px}.op_dict_table .op_dict3_englishtxt{white-space:normal}.op_dict_table .op_dict3_englishtxt span{height:auto}.op_dict3_english_result_table{line-height:20px;margin-bottom:9px}.op_dict3_english_result_table td{vertical-align:top}.op_dict3_english_result_table .op_dict_exp{color:#333;margin-right:0}.op_dict3_english_result_table .op_dict_text1{float:left;min-width:37px;*width:37px;color:#999;white-space:nowrap}.op_dict3_english_result_table .op_dict_text2{float:left;margin:0;padding:0;max-height:60px;overflow:hidden;word-break:normal}.op_dict_text2 a{color:#333;text-decoration:none;font-size:13px}.op_dict_text2 .op_dict3_blue{color:#00C;text-decoration:underline}.op_dict_text2 .op_dict3_blue:hover{color:#00C}.op_dict3_else_items a{color:#333;text-decoration:none;font-size:13px}.op_dict_text2 a:hover{color:#333;text-decoration:underline}.op_dict3_chineselong_result{font-size:24px;line-height:24px;width:518px;overflow:hidden;white-space:nowrap;text-overflow:ellipsis}.op_dict_fmp_flash_div{height:1px;width:1px;position:absolute;right:0;overflow:hidden}.op_dict3_how_read,.op_dict3_mp3_play{display:block;width:14px;height:11px;overflow:hidden;background:url(//www.baidu.com/aladdin/img/dic3/iconall.gif) no-repeat;text-decoration:none;margin-right:8px;margin-top:7px;*margin-top:9px;_margin-top:11px;*position:relative;*top:-2px}.op_dict3_mp3_play{background-position:0 -14px}.op_dict3_font24{font-size:24px;font-family:arial;_font-family:&quot;lucida sans unicode&quot;;height:24px;line-height:24px;_height:28px;_line-height:28px}.op_dict3_font20{font-size:20px}.op_dict3_font14{font-size:14px;position:relative;*top:-2px}.op_dict3_font16{font-size:16px;position:relative;*top:-2px}.op_dict3_how_read a,.op_dict3_how_read span{display:block}.op_dict3_how_read a{width:15px;height:15px}.op_dict3_lineone_result,.op_dict3_linetwo_result{display:none;width:518px;overflow:hidden;text-overflow:ellipsis;word-break:normal;line-height:20px}.op_dict3_linetwo_result{width:480px}.op_dict3_lineone_result span{float:left;width:471px}.op_dict3_lineone_result span.op_dict3_lineone_result_tip{width:47px;color:#999}.op_dict3_linetwo_result{padding-left:47px;margin-bottom:9px}.op_dict3_etext,.op_dict3_lineone_result{word-break:normal}.op_dict3_read1{float:left}.op_dict3_readline{line-height:24px;margin-bottom:12px}.op_dict3_read1 span{height:24px;line-height:24px;float:left;_height:28px;_line-height:28px}.op_dict_table td{white-space:nowrap}.op_dict3_extra{border-top:1px solid #f2f2f2;padding-top:13px;margin-top:13px}.op_dict3_extra_transform{word-break:keep-all}.op_dict3_extra_transform span{display:inline-block;*display:inline;color:#666;margin-right:12px}.op_dict3_extra_confused,.op_dict3_extra_polyphone{color:#666}.op_dict3_extra_polyphone a{display:inline-block;*display:inline;margin-right:12px}.op_dict3_other_line td{padding-top:5px}.op_dict3_highlight{color:#c00}.op_dict_text2 span{margin-right:12px;display:inline-block;margin-bottom:2px}.op_dict3_morelink a{margin-right:12px;display:inline-block}.op_dict3_morelink{margin-bottom:2px;padding-left:47px}.op_dict3_exectrans_more{display:none}.op_dict3_extra .op_dict3_morelink{padding-left:0}.op_dict3_extra_confused_p span{margin-right:4px;word-break:break-all}.op_dict3_extra_confused_p{margin-right:6px;margin-bottom:4px}.op_dict3_extra_confused_p a{text-decoration:none}.op_dict3_tabs_nav{background:#fff;padding-bottom:12px}.op_dict3_tabs_content{padding-top:12px;border-top:1px solid #f2f2f2}.op_dict3_duoyinzi{float:left}.op_dict3_tabs_nav .op_dict3_nav_li{color:#00c;height:14px;line-height:14px;text-align:center;padding:2px;margin-right:12px;margin-left:8px;display:inline-block;cursor:pointer}.op_dict3_polyphone{margin-bottom:12px}.op_dict3_netmeans{overflow:hidden;text-overflow:ellipsis}.op_dict3_xingjinci a{margin-right:4px}.op_dict3_liju_read{display:inline-block;position:relative;top:2px;left:4px;margin-top:-2px}.op_dict3_inlineblock{display:inline-block;color:#333}.op_dict3_englishlink{color:#333}.op_dict3_extra_confused_firstp{margin-bottom:4px}.op-dict3-repeat{display:block;width:16px;height:16px;overflow:hidden;background-repeat:no-repeat;text-decoration:none;margin-right:6px;margin-left:-2px}.op-dict3-repeat-off{background-image:url(//www.baidu.com/aladdin/tpl/dict3/repeat_small.c6d62112.png);background-image:-webkit-image-set(url(//www.baidu.com/aladdin/tpl/dict3/repeat_small.c6d62112.png) 1x,url(//www.baidu.com/aladdin/tpl/dict3/repeat.541f421a.png) 2x);background-size:12px 12px;background-position:center}.op-dict3-repeat-on{background-image:url(//www.baidu.com/aladdin/tpl/dict3/repeat_ing_small.5090db6f.gif);background-image:-webkit-image-set(url(//www.baidu.com/aladdin/tpl/dict3/repeat_ing_small.5090db6f.gif) 1x,url(//www.baidu.com/aladdin/tpl/dict3/repeat_ing.b117d860.gif) 2x);background-size:16px 16px;background-position:center}.op_sp_realtime_bigpic5_img_con{position:relative}.op_sp_realtime_bigpic5_subTitle_0{font-size:1.69em;font-family:Microsoft YaHei;font-weight:400;line-height:22px}.op_sp_realtime_bigpic5_imgTitle{text-decoration:none;overflow:hidden;white-space:nowrap;text-overflow:ellipsis;position:absolute;bottom:0;left:0;width:100%;color:#fff;height:30px;line-height:31px;text-indent:10px;filter:progid:DXImageTransform.Microsoft.gradient(enabled=&#039;true&#039;, startColorstr=&#039;#99000000&#039;, endColorstr=&#039;#99000000&#039;);background-color:rgba(0,0,0,.6)}:root .op_sp_realtime_bigpic5_imgTitle{filter:none;background-color:rgba(0,0,0,.6)}.op_sp_realtime_bigpic5_imgTitle span:hover{text-decoration:underline}.op_sp_realtime_bigpic5_img_con_icon{position:absolute;top:0;right:0;padding:5px}.op_sp_realtime_bigpic5_first_abs{text-indent:2em}.op_sp_realtime_bigpic5_list{padding-top:6px}.op_sp_realtime_bigpic5_list div{line-height:1.7}.op_sp_realtime_bigpic5_list_last span{padding-bottom:5px}.op_sp_realtime_bigpic5_list_date{float:left;padding-right:10px;*padding-right:0;margin-right:8px;border-right:1px solid #ddd;display:inline}.op_sp_realtime_bigpic5_list_info{clear:right}.op_sp_realtime_bigpic5_more-cont-date{display:block;position:relative}.op_sp_realtime_bigpic5_more-cont-dot{display:inline-block;width:5px;height:12px;position:absolute;right:-13px;*right:-3px;_right:-2px;top:4px;*top:0;background:#fff url(//www.baidu.com/aladdin/img/right_timeline/timeline-1.1.png) no-repeat -59px 0;_background-position:-58px 0}.op_sp_realtime_bigpic5_more-cont-date{float:right;width:65px;text-align:right;overflow:hidden;white-space:nowrap;text-overflow:ellipsis}.op_sp_realtime_bigpic5_subTitle_con{text-overflow:ellipsis;white-space:nowrap;width:100%}.op_sp_realtime_bigpic5_preBox{text-decoration:none;position:relative;overflow:hidden}.op_sp_realtime_bigpic5_preBox img{vertical-align:top;float:left;height:81px}.op_sp_realtime_bigpic5_preBox b,.op_sp_realtime_bigpic5_preBox span{display:block;position:absolute;bottom:0;left:1px;height:20px;cursor:pointer}.op_sp_realtime_bigpic5_preBox span{display:block;background:#000;opacity:.65;filter:alpha(opacity=65);width:119px}.op_sp_realtime_bigpic5_preBox b{font:400 13px/20px arial;color:#fff;background:url(//www.baidu.com/aladdin/img/sp_realtime/play-1.0.png) no-repeat 4px center;padding-left:20px}.opr-recommends-merge-title{text-decoration:none}.opr-recommends-merge-title:hover{text-decoration:underline}.opr-recommends-merge-imgtext{display:block}.opr-recommends-merge-hide{display:none}.opr-recommends-merge-p{position:relative;_zoom:1}.opr-recommends-merge-d{min-height:20px;color:#999}.opr-recommends-merge-width-text{width:70px;text-align:center;margin:3px auto 0;font-size:12px;line-height:18px;word-break:break-all}.opr-recommends-merge-item{text-align:center}.opr-recommends-merge-mask{position:absolute;top:0;left:0;width:100%;_background:0 0;background:-webkit-radial-gradient(center,closest-side,rgba(255,255,255,0),rgba(0,0,0,.03));background:-moz-radial-gradient(center,closest-side,rgba(255,255,255,0),rgba(0,0,0,.03));background:-o-radial-gradient(center,closest-side,rgba(255,255,255,0),rgba(0,0,0,.03));background:-ms-radial-gradient(center,closest-side,rgba(255,255,255,0),rgba(0,0,0,.03))}.opr-recommends-merge-more-btn i{cursor:pointer}.opr-recommends-merge-layerbtn{position:absolute;right:0;bottom:0;width:1.23em;height:1.23em;background:url(//www.baidu.com/aladdin/img/right_recommends/layericon.png) no-repeat;_background-image:url(//www.baidu.com/aladdin/img/right_recommends/layericon.gif)}.opr-recommends-merge-layerbtn1,.opr-recommends-merge-layerbtn2{background-position:-48px 0}.opr-recommends-merge-layerbtn1,.opr-recommends-merge-layerbtn3{background-color:#999}.opr-recommends-merge-layerbtn1:hover,.opr-recommends-merge-layerbtn2,.opr-recommends-merge-layerbtn3:hover,.opr-recommends-merge-layerbtn4{background-color:#38f}.opr-recommends-merge-layerbtn3:hover,.opr-recommends-merge-layerbtn4:hover{background-position:-24px 0}.opr-recommends-merge-layer{padding:4px 9px;width:350px}.opr-recommends-merge-layer table{border-collapse:collapse;border-padding:0}.opr-recommends-merge-layer td{font-size:1em;line-height:1.67;vertical-align:top}.opr-recommends-merge-lastspan{display:none}.opr-recommends-merge-mbGap{margin-bottom:28px}.container_l .opr-recommends-merge-lastspan{display:block}.container_l .cr-content-narrow .opr-recommends-merge-lastspan{display:none}.opr-recommends-merge-dodge-wrap{margin-bottom:24px;font-size:1.1em}.opr-recommends-merge-user-layer{width:235px;position:absolute;border:1px solid #eee;border-radius:2px;margin-top:10px;margin-left:-60px;*margin-left:-140px;z-index:998;background:#fff;color:#333;font-size:13px;text-align:center;padding:14px 15px}.opr-recommends-merge-user-layer button{margin-top:12px;font-size:12px}.opr-recommends-merge-user-layer img{top:2px;position:relative}.opr-recommends-merge-user-secondBtn{margin-left:8px}.opr-recommends-merge-user-secondBtn i{-ms-transform:rotate(180deg);-moz-transform:rotate(180deg);-webkit-transform:rotate(180deg);-o-transform:rotate(180deg)}.opr-recommends-merge-user-layer-tips{position:absolute;margin-top:5px;margin-left:67px;*margin-left:-22px;border-left:6px solid transparent;border-right:6px solid transparent;border-bottom:6px solid #eee;width:0;height:0;z-index:999}.opr-recommends-merge-content{position:relative}.opr-recommends-merge-user-layer-tips-fff{margin-top:6px;border-bottom:6px solid #fff}.opr-recommends-merge-user-layer-hide{display:none}.opr-recommends-merge-user-layer-icon{position:relative;top:2px;width:14px;height:14px}.opr-recommends-merge-user-layer-con{position:absolute;width:312px;height:140px;top:0;padding-top:20px;z-index:999}
								    			&lt;/style&gt;&lt;/head&gt;

&lt;body link=&quot;#0000cc&quot;&gt;
	&lt;script&gt;
	if (/Chrome\/37.0.2062.94/i.test(navigator.userAgent) &amp;&amp; (/(windows 7)|(windows nt 6.1)/i.test(navigator.userAgent))) {
		var _chrome_37_fix = document.createElement(&quot;style&quot;); 
		_chrome_37_fix.type=&quot;text/css&quot;;
		_chrome_37_fix.setAttribute(&quot;data-for&quot;,&quot;result&quot;);
		_chrome_37_fix.innerHTML = &quot;.t,.f16,#kw,.s_ipt,.c-title,.c-title-size,.to_zhidao,.to_tieba,.to_zhidao_bottom{font-size:15px;} .ec-hospital-info-main h2,.ad-widget-gx_sck-ylzx-doctor-info h2,.ec-card-main h2,.ad-widget-h1 h2,.ad-widget-title h2,.ad-widget-small-head h2,.ad-widget-small-head h2 a,.ad-widget-header .ec-figcaption h2{font-size: 15px !important;}&quot;;
		document.getElementsByTagName(&quot;head&quot;)[0].appendChild(_chrome_37_fix); 
	}
	&lt;/script&gt;
    &lt;div id=&quot;wrapper&quot; style=&quot;display: block;&quot; class=&quot;wrapper_l&quot;&gt;
        

        
        


&lt;script&gt;if(window.bds&amp;&amp;bds.util&amp;&amp;bds.util.setContainerWidth){bds.util.setContainerWidth();}&lt;/script&gt;&lt;div id=&quot;head&quot;&gt;&lt;div class=&quot;head_wrapper&quot;&gt;&lt;div class=&quot;s_form&quot;&gt;&lt;div class=&quot;s_form_wrapper soutu-env-mac soutu-env-index&quot;&gt;&lt;div id=&quot;lg&quot;&gt;&lt;img hidefocus=&quot;true&quot; src=&quot;//www.baidu.com/img/bd_logo1.png&quot; width=&quot;270&quot; height=&quot;129&quot;&gt;&lt;/div&gt;&lt;a href=&quot;/&quot; id=&quot;result_logo&quot; onmousedown=&quot;return c({&#039;fm&#039;:&#039;tab&#039;,&#039;tab&#039;:&#039;logo&#039;})&quot;&gt;&lt;img src=&quot;//www.baidu.com/img/baidu_jgylogo3.gif&quot; alt=&quot;到百度首页&quot; title=&quot;到百度首页&quot;&gt;&lt;/a&gt;&lt;form id=&quot;form&quot; name=&quot;f&quot; action=&quot;/s&quot; class=&quot;fm&quot;&gt;&lt;div class=&quot;bdsug&quot; style=&quot;height: auto; display: none;&quot;&gt;&lt;ul&gt;&lt;li data-key=&quot;中文&quot; class=&quot;bdsug-store bdsug-overflow&quot;&gt;&lt;span&gt;中文&lt;/span&gt;&lt;u class=&quot;bdsug-store-del &quot; title=&quot;如您不需要此搜索历史提示，
可在右上角搜索设置中关闭&quot;&gt;删除&lt;/u&gt;&lt;/li&gt;&lt;li data-key=&quot;中文翻译英文&quot; class=&quot;bdsug-overflow&quot;&gt;中文&lt;b&gt;翻译英文&lt;/b&gt;&lt;/li&gt;&lt;li data-key=&quot;中文翻译&quot; class=&quot;bdsug-overflow&quot;&gt;中文&lt;b&gt;翻译&lt;/b&gt;&lt;/li&gt;&lt;li data-key=&quot;中文在线&quot; class=&quot;bdsug-overflow&quot;&gt;中文&lt;b&gt;在线&lt;/b&gt;&lt;/li&gt;&lt;/ul&gt;&lt;/div&gt;&lt;input type=&quot;hidden&quot; name=&quot;ie&quot; value=&quot;utf-8&quot;&gt;&lt;input type=&quot;hidden&quot; name=&quot;f&quot; value=&quot;8&quot;&gt;&lt;input type=&quot;hidden&quot; name=&quot;rsv_bp&quot; value=&quot;1&quot;&gt;&lt;input type=&quot;hidden&quot; name=&quot;rsv_idx&quot; value=&quot;1&quot;&gt;&lt;input type=&quot;hidden&quot; name=&quot;ch&quot; value=&quot;&quot;&gt;&lt;input type=&quot;hidden&quot; name=&quot;tn&quot; value=&quot;baidu&quot;&gt;&lt;input type=&quot;hidden&quot; name=&quot;bar&quot; value=&quot;&quot;&gt;&lt;span class=&quot;bg s_ipt_wr quickdelete-wrap&quot;&gt;&lt;span class=&quot;ipt_rec&quot; style=&quot;display: block;&quot;&gt;&lt;/span&gt;&lt;span class=&quot;soutu-btn&quot;&gt;&lt;/span&gt;&lt;div id=&quot;kw_tip&quot; style=&quot;width: initial; margin-left: 42px; max-width: 493px; display: none;&quot; unselectable=&quot;on&quot; onselectstart=&quot;return false;&quot; class=&quot;s_ipt_tip&quot;&gt;&lt;/div&gt;&lt;input id=&quot;kw&quot; name=&quot;wd&quot; class=&quot;s_ipt&quot; value=&quot;&quot; maxlength=&quot;255&quot; autocomplete=&quot;off&quot;&gt;&lt;a href=&quot;javascript:;&quot; id=&quot;quickdelete&quot; title=&quot;清空&quot; class=&quot;quickdelete&quot; style=&quot;top: 0px; right: 0px; display: inline;&quot;&gt;&lt;/a&gt;&lt;/span&gt;&lt;span class=&quot;bg s_btn_wr&quot;&gt;&lt;input type=&quot;submit&quot; id=&quot;su&quot; value=&quot;百度一下&quot; class=&quot;bg s_btn btnhover&quot;&gt;&lt;/span&gt;&lt;span class=&quot;tools&quot;&gt;&lt;span id=&quot;mHolder&quot;&gt;&lt;div id=&quot;mCon&quot;&gt;&lt;span&gt;输入法&lt;/span&gt;&lt;/div&gt;&lt;ul id=&quot;mMenu&quot;&gt;&lt;li&gt;&lt;a href=&quot;javascript:;&quot; name=&quot;ime_hw&quot;&gt;手写&lt;/a&gt;&lt;/li&gt;&lt;li&gt;&lt;a href=&quot;javascript:;&quot; name=&quot;ime_py&quot;&gt;拼音&lt;/a&gt;&lt;/li&gt;&lt;li class=&quot;ln&quot;&gt;&lt;/li&gt;&lt;li&gt;&lt;a href=&quot;javascript:;&quot; name=&quot;ime_cl&quot;&gt;关闭&lt;/a&gt;&lt;/li&gt;&lt;/ul&gt;&lt;/span&gt;&lt;/span&gt;&lt;input type=&quot;hidden&quot; name=&quot;rn&quot; value=&quot;&quot;&gt;&lt;input type=&quot;hidden&quot; name=&quot;oq&quot; value=&quot;&quot;&gt;&lt;input type=&quot;hidden&quot; name=&quot;rsv_pq&quot; value=&quot;924156b5001a69fa&quot;&gt;&lt;input type=&quot;hidden&quot; name=&quot;rsv_t&quot; value=&quot;6ec3MrkuvnODFp6sR3g6JeZOPuujP5gGfqRClanSrn2K4xNYYATDc5t+VU4&quot;&gt;&lt;input type=&quot;hidden&quot; name=&quot;rqlang&quot; value=&quot;cn&quot;&gt;&lt;input type=&quot;hidden&quot; name=&quot;rsv_enter&quot; value=&quot;0&quot;&gt;&lt;input type=&quot;hidden&quot; name=&quot;inputT&quot; value=&quot;1139&quot;&gt;&lt;/form&gt;&lt;div id=&quot;m&quot;&gt;&lt;/div&gt;&lt;/div&gt;&lt;/div&gt;&lt;div id=&quot;u&quot;&gt;&lt;a class=&quot;toindex&quot; href=&quot;/&quot;&gt;百度首页&lt;/a&gt;&lt;a href=&quot;javascript:;&quot; name=&quot;tj_settingicon&quot; class=&quot;pf&quot;&gt;设置&lt;i class=&quot;c-icon c-icon-triangle-down&quot;&gt;&lt;/i&gt;&lt;/a&gt;&lt;a href=&quot;https://passport.baidu.com/v2/?login&amp;amp;tpl=mn&amp;amp;u=http%3A%2F%2Fwww.baidu.com%2F&quot; name=&quot;tj_login&quot; class=&quot;lb&quot; onclick=&quot;return false;&quot;&gt;登录&lt;/a&gt;&lt;/div&gt;&lt;div id=&quot;u1&quot;&gt;&lt;a href=&quot;http://news.baidu.com&quot; name=&quot;tj_trnews&quot; class=&quot;mnav&quot;&gt;新闻&lt;/a&gt;&lt;a href=&quot;http://www.hao123.com&quot; name=&quot;tj_trhao123&quot; class=&quot;mnav&quot;&gt;hao123&lt;/a&gt;&lt;a href=&quot;http://map.baidu.com&quot; name=&quot;tj_trmap&quot; class=&quot;mnav&quot;&gt;地图&lt;/a&gt;&lt;a href=&quot;http://v.baidu.com&quot; name=&quot;tj_trvideo&quot; class=&quot;mnav&quot;&gt;视频&lt;/a&gt;&lt;a href=&quot;http://tieba.baidu.com&quot; name=&quot;tj_trtieba&quot; class=&quot;mnav&quot;&gt;贴吧&lt;/a&gt;&lt;a href=&quot;http://xueshu.baidu.com&quot; name=&quot;tj_trxueshu&quot; class=&quot;mnav&quot;&gt;学术&lt;/a&gt;&lt;a href=&quot;https://passport.baidu.com/v2/?login&amp;amp;tpl=mn&amp;amp;u=http%3A%2F%2Fwww.baidu.com%2F&quot; name=&quot;tj_login&quot; class=&quot;lb&quot; onclick=&quot;return false;&quot;&gt;登录&lt;/a&gt;&lt;a href=&quot;http://www.baidu.com/gaoji/preferences.html&quot; name=&quot;tj_settingicon&quot; class=&quot;pf&quot;&gt;设置&lt;/a&gt;&lt;a href=&quot;http://www.baidu.com/more/&quot; name=&quot;tj_briicon&quot; class=&quot;bri&quot; style=&quot;display: block;&quot;&gt;更多产品&lt;/a&gt;&lt;/div&gt;&lt;/div&gt;&lt;div class=&quot;headBlock&quot; style=&quot;display: none;&quot;&gt;&lt;div class=&quot;hint_toprq_tips f13 se_common_hint&quot; data-id=&quot;28300&quot; data-tpl=&quot;hint_toprq_tips&quot;&gt;
		&lt;span class=&quot;hint_toprq_icon&quot;&gt;&lt;i class=&quot;c-icon c-icon-bear-circle c-gap-right-small res-queryext-pos&quot;&gt;&lt;/i&gt;为您推荐:&lt;/span&gt;
		&lt;span class=&quot;hint_toprq_tips_items&quot;&gt;
							&lt;div&gt;&lt;a target=&quot;_blank&quot; href=&quot;/s?rsv_idx=1&amp;amp;wd=%E4%B8%AD%E6%96%87%E5%8D%81%E7%BA%A7%E6%98%AF%E4%BB%80%E4%B9%88%E6%B0%B4%E5%B9%B3&amp;amp;usm=4&amp;amp;ie=utf-8&amp;amp;rsv_rq=2&amp;amp;rsv_cq=%E4%B8%AD%E6%96%87&quot;&gt;中文十级是什么水平&lt;/a&gt;&lt;/div&gt;
							&lt;div&gt;&lt;a target=&quot;_blank&quot; href=&quot;/s?rsv_idx=1&amp;amp;wd=%E4%B8%AD%E6%96%87%E8%BE%93%E5%85%A5%E6%B3%95%E4%B8%8B%E8%BD%BD&amp;amp;usm=4&amp;amp;ie=utf-8&amp;amp;rsv_rq=2&amp;amp;rsv_cq=%E4%B8%AD%E6%96%87&quot;&gt;中文输入法下载&lt;/a&gt;&lt;/div&gt;
							&lt;div&gt;&lt;a target=&quot;_blank&quot; href=&quot;/s?rsv_idx=1&amp;amp;wd=%E4%B8%AD%E6%96%87%E7%BF%BB%E8%AF%91%E8%8B%B1%E6%96%87&amp;amp;usm=4&amp;amp;ie=utf-8&amp;amp;rsv_rq=2&amp;amp;rsv_cq=%E4%B8%AD%E6%96%87&quot;&gt;中文翻译英文&lt;/a&gt;&lt;/div&gt;
							&lt;div&gt;&lt;a target=&quot;_blank&quot; href=&quot;/s?rsv_idx=1&amp;amp;wd=%E6%B1%89%E8%AF%AD&amp;amp;usm=4&amp;amp;ie=utf-8&amp;amp;rsv_rq=2&amp;amp;rsv_cq=%E4%B8%AD%E6%96%87&quot;&gt;汉语&lt;/a&gt;&lt;/div&gt;
							&lt;div&gt;&lt;a target=&quot;_blank&quot; href=&quot;/s?rsv_idx=1&amp;amp;wd=%E8%8B%B1%E8%AF%AD&amp;amp;usm=4&amp;amp;ie=utf-8&amp;amp;rsv_rq=2&amp;amp;rsv_cq=%E4%B8%AD%E6%96%87&quot;&gt;英语&lt;/a&gt;&lt;/div&gt;
							&lt;div&gt;&lt;a target=&quot;_blank&quot; href=&quot;/s?rsv_idx=1&amp;amp;wd=%E6%97%A5%E8%AF%AD&amp;amp;usm=4&amp;amp;ie=utf-8&amp;amp;rsv_rq=2&amp;amp;rsv_cq=%E4%B8%AD%E6%96%87&quot;&gt;日语&lt;/a&gt;&lt;/div&gt;
					&lt;/span&gt;
	&lt;/div&gt;&lt;/div&gt;&lt;/div&gt;



&lt;div class=&quot;s_tab&quot; id=&quot;s_tab&quot;&gt;&lt;b&gt;网页&lt;/b&gt;&lt;a href=&quot;http://news.baidu.com/ns?cl=2&amp;amp;rn=20&amp;amp;tn=news&amp;amp;word=%D6%D0%CE%C4&quot; wdfield=&quot;word&quot; onmousedown=&quot;return c({&#039;fm&#039;:&#039;tab&#039;,&#039;tab&#039;:&#039;news&#039;})&quot;&gt;新闻&lt;/a&gt;&lt;a href=&quot;http://tieba.baidu.com/f?kw=%D6%D0%CE%C4&amp;amp;fr=wwwt&quot; wdfield=&quot;kw&quot; onmousedown=&quot;return c({&#039;fm&#039;:&#039;tab&#039;,&#039;tab&#039;:&#039;tieba&#039;})&quot;&gt;贴吧&lt;/a&gt;&lt;a href=&quot;http://zhidao.baidu.com/q?ct=17&amp;amp;pn=0&amp;amp;tn=ikaslist&amp;amp;rn=10&amp;amp;word=%D6%D0%CE%C4&amp;amp;fr=wwwt&quot; wdfield=&quot;word&quot; onmousedown=&quot;return c({&#039;fm&#039;:&#039;tab&#039;,&#039;tab&#039;:&#039;zhidao&#039;})&quot;&gt;知道&lt;/a&gt;&lt;a href=&quot;http://music.baidu.com/search?fr=ps&amp;amp;ie=utf-8&amp;amp;key=%D6%D0%CE%C4&quot; wdfield=&quot;key&quot; onmousedown=&quot;return c({&#039;fm&#039;:&#039;tab&#039;,&#039;tab&#039;:&#039;music&#039;})&quot;&gt;音乐&lt;/a&gt;&lt;a href=&quot;http://image.baidu.com/search/index?tn=baiduimage&amp;amp;ps=1&amp;amp;ct=201326592&amp;amp;lm=-1&amp;amp;cl=2&amp;amp;nc=1&amp;amp;ie=utf-8&amp;amp;word=%D6%D0%CE%C4&quot; wdfield=&quot;word&quot; onmousedown=&quot;return c({&#039;fm&#039;:&#039;tab&#039;,&#039;tab&#039;:&#039;pic&#039;})&quot;&gt;图片&lt;/a&gt;&lt;a href=&quot;http://v.baidu.com/v?ct=301989888&amp;amp;rn=20&amp;amp;pn=0&amp;amp;db=0&amp;amp;s=25&amp;amp;ie=utf-8&amp;amp;word=%D6%D0%CE%C4&quot; wdfield=&quot;word&quot; onmousedown=&quot;return c({&#039;fm&#039;:&#039;tab&#039;,&#039;tab&#039;:&#039;video&#039;})&quot;&gt;视频&lt;/a&gt;&lt;a href=&quot;http://map.baidu.com/m?word=%D6%D0%CE%C4&amp;amp;fr=ps01000&quot; wdfield=&quot;word&quot; onmousedown=&quot;return c({&#039;fm&#039;:&#039;tab&#039;,&#039;tab&#039;:&#039;map&#039;})&quot;&gt;地图&lt;/a&gt;&lt;a href=&quot;http://wenku.baidu.com/search?word=%D6%D0%CE%C4&amp;amp;lm=0&amp;amp;od=0&amp;amp;ie=utf-8&quot; wdfield=&quot;word&quot; onmousedown=&quot;return c({&#039;fm&#039;:&#039;tab&#039;,&#039;tab&#039;:&#039;wenku&#039;})&quot;&gt;文库&lt;/a&gt;&lt;a href=&quot;//www.baidu.com/more/&quot; onmousedown=&quot;return c({&#039;fm&#039;:&#039;tab&#039;,&#039;tab&#039;:&#039;more&#039;})&quot;&gt;更多»&lt;/a&gt;&lt;/div&gt;

        

&lt;div class=&quot;qrcodeCon&quot;&gt;
	&lt;div id=&quot;qrcode&quot;&gt;
		&lt;div class=&quot;qrcode-item qrcode-item-1&quot;&gt;
			&lt;div class=&quot;qrcode-img&quot;&gt;&lt;/div&gt;
			&lt;div class=&quot;qrcode-text&quot;&gt;
					&lt;p&gt;&lt;b&gt;手机百度&lt;/b&gt;&lt;/p&gt;
			&lt;/div&gt;
		&lt;/div&gt;
	&lt;/div&gt;
&lt;/div&gt;
&lt;div id=&quot;ftCon&quot;&gt;

&lt;div class=&quot;ftCon-Wrapper&quot;&gt;&lt;div id=&quot;ftConw&quot;&gt;&lt;p id=&quot;lh&quot;&gt;&lt;a id=&quot;setf&quot; href=&quot;//www.baidu.com/cache/sethelp/help.html&quot; onmousedown=&quot;return ns_c({&#039;fm&#039;:&#039;behs&#039;,&#039;tab&#039;:&#039;favorites&#039;,&#039;pos&#039;:0})&quot; target=&quot;_blank&quot;&gt;把百度设为主页&lt;/a&gt;&lt;a onmousedown=&quot;return ns_c({&#039;fm&#039;:&#039;behs&#039;,&#039;tab&#039;:&#039;tj_about&#039;})&quot; href=&quot;http://home.baidu.com&quot;&gt;关于百度&lt;/a&gt;&lt;a onmousedown=&quot;return ns_c({&#039;fm&#039;:&#039;behs&#039;,&#039;tab&#039;:&#039;tj_about_en&#039;})&quot; href=&quot;http://ir.baidu.com&quot;&gt;About&amp;nbsp;&amp;nbsp;Baidu&lt;/a&gt;&lt;a onmousedown=&quot;return ns_c({&#039;fm&#039;:&#039;behs&#039;,&#039;tab&#039;:&#039;tj_tuiguang&#039;})&quot; href=&quot;http://e.baidu.com/?refer=888&quot;&gt;百度推广&lt;/a&gt;&lt;/p&gt;&lt;p id=&quot;cp&quot;&gt;©2017&amp;nbsp;Baidu&amp;nbsp;&lt;a href=&quot;http://www.baidu.com/duty/&quot; onmousedown=&quot;return ns_c({&#039;fm&#039;:&#039;behs&#039;,&#039;tab&#039;:&#039;tj_duty&#039;})&quot;&gt;使用百度前必读&lt;/a&gt;&amp;nbsp;&lt;a href=&quot;http://jianyi.baidu.com/&quot; class=&quot;cp-feedback&quot; onmousedown=&quot;return ns_c({&#039;fm&#039;:&#039;behs&#039;,&#039;tab&#039;:&#039;tj_homefb&#039;})&quot;&gt;意见反馈&lt;/a&gt;&amp;nbsp;京ICP证030173号&amp;nbsp;&lt;i class=&quot;c-icon-icrlogo&quot;&gt;&lt;/i&gt;&amp;nbsp;&lt;a id=&quot;jgwab&quot; target=&quot;_blank&quot; href=&quot;http://www.beian.gov.cn/portal/registerSystemInfo?recordcode=11000002000001&quot;&gt;京公网安备11000002000001号&lt;/a&gt;&amp;nbsp;&lt;i class=&quot;c-icon-jgwablogo&quot;&gt;&lt;/i&gt;&lt;/p&gt;&lt;/div&gt;&lt;/div&gt;&lt;/div&gt;
        &lt;div id=&quot;wrapper_wrapper&quot; style=&quot;display: block;&quot;&gt;&lt;div id=&quot;container&quot; class=&quot;container_l&quot;&gt;
        

	
	
	    &lt;div id=&quot;content_right&quot; class=&quot;cr-offset&quot;&gt;
        &lt;table cellpadding=&quot;0&quot; cellspacing=&quot;0&quot;&gt;&lt;tbody&gt;&lt;tr&gt;
            &lt;td align=&quot;left&quot;&gt;
	        
	
	
  		    &lt;!--[bd_nocache_start]--&gt;
  	        


  		    &lt;!--[bd_nocache_end]--&gt;
            
	

            &lt;div id=&quot;con-ar&quot; class=&quot;result_hidden&quot; style=&quot;position: static;&quot;&gt;
                                                                    
	                                

        &lt;div class=&quot;result-op xpath-log&quot; tpl=&quot;right_recommends_merge&quot; data-click=&quot;{&amp;quot;fm&amp;quot;:&amp;quot;alxr&amp;quot;,&amp;quot;p1&amp;quot;:1,&amp;quot;mu&amp;quot;:&amp;quot;http://www.baidu.com/s?wd=%E4%B8%AD%E6%96%87&amp;amp;srcid=21102&amp;quot;,&amp;quot;rsv_stl&amp;quot;:0,&amp;quot;rsv_srcid&amp;quot;:21102,&amp;quot;rsv_catid&amp;quot;:101,&amp;quot;rsv_cardid&amp;quot;:20010,&amp;quot;rsv_uri&amp;quot;:&amp;quot;%E4%B8%AD%E6%96%87&amp;quot;,&amp;quot;p5&amp;quot;:1}&quot;&gt; 

    












































    
        		    		    		                	        	        	        
        
        
                                                        
	
     
                        
    	    
    

    
    
    

&lt;div class=&quot;cr-content &quot;&gt;
    

&lt;style&gt;
    .opr-recommends-merge-p,.opr-recommends-merge-img,.opr-recommends-merge-mask{height:75px;}
    .opr-recommends-merge-item-vertical .opr-recommends-merge-p,.opr-recommends-merge-item-vertical .opr-recommends-merge-img{height:100px;}
        &lt;/style&gt;


&lt;div class=&quot;opr-recommends-merge-content&quot;&gt;
 
	&lt;div class=&quot;cr-title c-clearfix&quot;&gt;
            &lt;a class=&quot;cr-title-sub opr-recommends-merge-more-btn&quot; href=&quot;javascript:;&quot; onclick=&quot;return false;&quot; data-click=&quot;{&#039;fm&#039;:&#039;beha&#039;}&quot;&gt;&lt;span&gt;展开&lt;/span&gt;&lt;i class=&quot;c-icon c-icon-chevron-bottom c-gap-left-small&quot;&gt;&lt;/i&gt;&lt;/a&gt;     
        &lt;span title=&quot;相关动漫作品&quot;&gt;相关动漫作品&lt;/span&gt;
            &lt;/div&gt;

&lt;div class=&quot;opr-recommends-merge-panel opr-recommends-merge-mbGap&quot;&gt;
        
&lt;div class=&quot;c-row c-gap-top&quot;&gt;
    
    &lt;div class=&quot;c-span4  opr-recommends-merge-item opr-recommends-merge-item-vertical&quot; data-click=&quot;{&#039;rsv_re_ename&#039;:&#039;奥特曼&#039;,&#039;rsv_re_uri&#039;:&#039;23ec71e9a5e34e6283991b0d4adb5263&#039;}&quot;&gt;
                                                	&lt;div class=&quot;opr-recommends-merge-p&quot;&gt;
            &lt;a target=&quot;_blank&quot; href=&quot;/s?rsv_idx=1&amp;amp;wd=%E5%A5%A5%E7%89%B9%E6%9B%BC&amp;amp;usm=4&amp;amp;ie=utf-8&amp;amp;rsv_cq=%E4%B8%AD%E6%96%87&amp;amp;rsv_dl=0_right_recommends_merge_21102&amp;amp;euri=23ec71e9a5e34e6283991b0d4adb5263&quot;&gt;&lt;img data-b64il-id=&quot;192212640_3855720522_58&quot; data-src=&quot;https://ss0.baidu.com/6ONWsjip0QIZ8tyhnq/it/u=192212640,3855720522&amp;amp;fm=58&quot; class=&quot;c-img c-img4 opr-recommends-merge-img&quot; src=&quot;data:image/jpeg;base64,/9j/4AAQSkZJRgABAQEAAQABAAD/2wBDAAUDBAQEAwUEBAQFBQUGBwwIBwcHBw8LCwkMEQ8SEhEPERETFhwXExQaFRERGCEYGh0dHx8fExciJCIeJBweHx7/2wBDAQUFBQcGBw4ICA4eFBEUHh4eHh4eHh4eHh4eHh4eHh4eHh4eHh4eHh4eHh4eHh4eHh4eHh4eHh4eHh4eHh4eHh7/wAARCABkAEsDASIAAhEBAxEB/8QAGwABAQACAwEAAAAAAAAAAAAAAAcGCAEEBQP/xAAyEAABBAEEAQIFAwMEAwAAAAABAgMEBREABhIhMQcTCBQiQVEVI2EyQnEWF1KBM0OR/8QAGQEBAAMBAQAAAAAAAAAAAAAAAAIDBAUB/8QAKhEAAQMCBAQGAwAAAAAAAAAAAQACAxEhBBIxQWFxgcEFE5Gx4fAiMqH/2gAMAwEAAhEDEQA/ANytNcEgedNEXOmmmiJpppoiaaaaImmmmiLrWkKNPiFmSMJSpLiFg4U2tJylaT9iCM61w9W7Tde3X7Dbifmp6nK9TDFiia40tv3Xi4052MdKPA4VnpGCNVb1I3LuyrpL1mPsmROabYcUiYxObDXy/A8lkH9z3U9n2wkg/ZX41Wmb1u72thSJ81Tcp6IlxstwXH1Os/UggFPIJaJbWFJX9WP4wNVva9wIaFswnlseHSadeyq3+8dipm1Q3TW7r6qqO08v3QpMReShb7hCcJTkpOQTnkehjQep27L+tZFbW3AmNVzkV0xAZHv8vZKXkhCcEkLVgZyMAjz3KlX+45tPZXEOgUP1SII88Oc20NMpQAkIWrClkpBJ5Dzk+Ma9VW8JNUw3uJUCXUuRGlx2FAJU0mEpxJW62EHl7uQEKx0Mpx47i0SOpVXvGHBOUaX+PWo5XVJ2t6vy5sB+haRcv2dfZNLdkFPH3meZCwArBGFpKOBz3nxrqzvXqXdN2k3b1Bd+w+40zBU8v2UpLbh5ElX0Arx1hR8fVrCmNwy7mUucqKbKQmD86t+NFcjJWX1qUtt3IICgBxGM5Vk5JGdeNBmT5CbNl/bNrHhvqbclIhftJbUAlIAWsgoBKkHKin7ZPY0ifch2vdVvwt6j9Qf5/FRrf1ms6uXOsrCnnSFLhNQpKorxSIaic+8SR7eConikHkBkknOveV6mbyhW9azbbfnPBNM47LXDcCmXEOYU3JCgCnAH045cuR8Y71JrW1ttxXj8ow5vGKBBQiY0v9h/6QeHMcSpPAjIH5+3evrum+3LVVynLlTcmRHc+UlR1tEFSwgBkyUoUEuAIBCCDglWe8HVTpXA12WwYSJ8YaG/l16fPMLYf0wsNybjiVqpqUMV8JfuBwyCHnkpStCAUDOUlRKuROCEJxk5OqdrVD0tvN5RvUwVVFDrocqS6oS478V4xfa9lS0IQ/jOAtKiAMgELxgedqYSZCIjSZbiHXwge4tCeKVK+5A+w1paahcd4yuooV6w733tV0LezbWGaedbS1Rf9SxWFPQ0xDlSnENpKnA6EDiUKGB2rljxMq7cVPWSn61dTfRn18IUKQPaEeQMf+U4xxJyVFQyMKVnx3s/vnZ0XdD8N+dc2kFiCHVJRDdQ1krbU2tSllJUPoWodEYznyAdadblX6eUljulqDuhN8xHQ8zDrnWluNYLmWA2+T4QchRB+oHonVT/AMbkroYdjZwGNbfgDr29lmNHe0U5oxma915uA+qM66t5pSUPvEqU2tsZ5lK0/SsdEEjXm71ES52bXbRdZQxcS2ASDIUXG3P/AFoCRkFIQkJUP6hnHautTXbVlKcq4Fb+i+7FctHZLTz05ESI+s44hxZGf2+ShgHsKAP85jt+/pt32RvdxAx5tQn37BSpamo/FKylKU4+pRPjH4BOpDEE0ymhCnP4c6NpcRUb8NR17WvqqJW7jpaPZkNF8YrSHbNLWGltpC1pwpaSkLBTj3AOByR1/OvJqamyj7v3TZXLz36WLFuBa1iH0qZnsPcWmSg4IPt5TyHXgDOc4xjde4q6XsByw3BSQZVtGgTXlpkR0pUzLVIbQObZ7BCSAB+MfbXm7fesY+wIO2t62SWE2rLbkAh4h+O3zHFwkA4GcJwewMH+3XkUWdw1G6hM8QtcQQSajTjtwpTtSiyC03OWEN7dnvOypIKA5JiuOrcCi5xDykKHWccSUd9ZP5PNrf07dl+iW/zU6HYKW5ZvwG/aZYZWsIDYcUDzU222FBeMZyBjomd3dnexaqruS4WIseS/WVU1bylP8GcKdCQOy2FLx2SMkgDydcO2drI3Siotpy7FuYptEpNYge7I95IUpCCcfuELCcYxnr7aPa1smWRwHr23WrC4aSSESxMLuo1G+ot94mp7Q3jDgeqNWaJQ+WgzJC5jgW22wqOsIbJCAD+7xAOAfAP3yTs9tC+ttx7ciXjNWzFYmBTrDb7i0ue1yPBSgU9EpwrH2zqMfDTQVG4qubawmJ9Kj5dypnQ1cFplo7AeSsjmFpJKeQx2nvOOtg6iEa+riwVSpEsx2UNe/IUC67xAHJZAAKjjJOB3qUdxUaLmYtgZIW0uNee6nPxEPWEul29tCukvxRui7ZrJb7BAcRFKFuPcT9iUoI/xnWGepPp3suoXtDYe09vV7dzOVJMd19vnlpLRDq33MFRH1DHnCsYHWNWK62pGt920+4ZlhYZplLchxG1pSwHVoUhTigE8lHiogAnA/HZ1jFpEW361f6uuIorqGkoHIqLKXIbbaW886hSuIKsgJQnBUcdkjXjm3qVZDLRoaDsTzOg5qG7M2CudS37l3HRTnbsmRYR2nWEhDEpKVFeR4U3n2QB4Pt5HWozHXFl+o9LUzHWUR5ctn9WW4gHmp13mvmcd4C8f/dVLdu/7rcldOp6KZIuLHdN887BigZDcVtwojoIOPp6LmD1gIz0Dr1bv4UbBrYqLGHfuS93JBfktLUAw6o9lCFeQof8AJXRP/HWc3uwaLuh4Ywx4lwGaw4UFPepO1brsfF8/sWkvZjs2ijSLd+Cy4yqPGbCy4SpA9xw9gBKEkDHf/Q1Cbvc0a62PQurjGPZRGFxQ808rl7SXOSDk/wB3MnP24geMa+vq0xuBe9v0qdZm4jsNsxH5LrXJYW2lKCkE5J76GPx41ZvSb4dqCXumdV7ispFjXwEB5pthRYUpbgHSj2eOOxjByDnV0cszXWt8hZTB4eyIPLqmm9bkEVp8qcbarXPUDbwetrNNTtnaNNLlPuMoBLbzji1BCUHypauH8YT9iRrJvh82HHu5c6pnUTzO8K0NzmH5vL5ZphTIUyFN/dS1LSQT2AM9FOD9/WT0js/Saa7eUiJFzsqWtpFjFWs80oDiV+24RjolI4ufnAUPzatjXFG98Q1pcRpZbY3Rtquk1xdQUJkEc8pQT0VJQEEpHfn8HUS0OkznWt/vspS4l7MMY4/0IsRwItz1rVeX6e3yIuxInqRNYXCsK2U5V7kiREJS2txDntlfEdJIJQSehgk/bu/pUFJCh4IyNTrY+0ZkJ3f9Da1pZqbu1fnRpTUhCg4iQ2lK0hP9SFpUknsY+oYzjWXVtRNgQGITd3LeQwgIQt5ttaykeOSsdnH31cytLrhYjL5hLNDf1XsannxB72ibG9OJli40zInSFCPXsuNhYU+ewopOchIBV/0B99UPUt3tsa+3T61bYu5yYS9r0Tan0tLdKlOSCFd+3jGQfbIOf7dJK5aBWYMR+aHS6C/Om3Veb8N3po9tupVu3dTBe3bbZdecePJcZtXYbH4UfKsfnH21RvUSxkVOxrqxiKQmQxCcU0pachKuOASPuATnGveHjWLeqn6YvY1jEtJyojUlotoKHOClr8pQPyDjsfjOdetYGjKFCbEOml8x/wB+FqDURNzUUvY/qPdR0tw5N+hJKvrKlKUkuOH+0JJKwnvP0k9a2DqF2u1fiEso0wNuVN8w2YZzhTfEAdfYjJII89ZGe9GfTwb/APh32/tWVOkUyktMOlwMhakqbUrrBI6OfOR9jrrbwpr6ik7Dd3BfxriVGuGoaJaYpYcdbUOgsc1BSuj2MZ/Ge9QyESFaZMQx+HYLVFRSm1a1HWu6rO7aSJuXbFlQT+QjWEZcdwp8pChjI/keR/jUo+GDdVZH23/trZ2jA3Ft6XJhBlxXFUlpDiylxoH+oBOQcdjHfWNWvXwchRHJbctyKwuQ3ng6psFac9dHGR51MtvVZmTAROjcLG44FffTTTUlQuM6Z000RM6686FCnJQmbDjyUtr5oDzaVhKvyMjo/wA67GmiJnWP7220NyxojPzqoio0gPpWGgs5Hjyev86yDTREB60zppoiZ0zppoiaaaaImmmmiJpppoiaaaaImmmmiL//2Q==&quot;&gt;&lt;/a&gt;
                                &lt;/div&gt;
        &lt;div class=&quot;c-gap-top-small&quot;&gt;&lt;a target=&quot;_blank&quot; title=&quot;奥特曼&quot; href=&quot;/s?rsv_idx=1&amp;amp;wd=%E5%A5%A5%E7%89%B9%E6%9B%BC&amp;amp;usm=4&amp;amp;ie=utf-8&amp;amp;rsv_cq=%E4%B8%AD%E6%96%87&amp;amp;rsv_dl=0_right_recommends_merge_21102&amp;amp;euri=23ec71e9a5e34e6283991b0d4adb5263&quot;&gt;奥特曼&lt;/a&gt;&lt;/div&gt;
                        &lt;div class=&quot;opr-recommends-merge-d&quot;&gt;
        	            	&lt;p class=&quot;opr-recommends-merge-width-text&quot;&gt;科学空想特摄连续剧&lt;/p&gt;
                    &lt;/div&gt;
                            &lt;/div&gt;   

 

        
    
    &lt;div class=&quot;c-span4  opr-recommends-merge-item opr-recommends-merge-item-vertical&quot; data-click=&quot;{&#039;rsv_re_ename&#039;:&#039;一拳超人&#039;,&#039;rsv_re_uri&#039;:&#039;5b6e5b320e8f4a3c95c39a3f727482d3&#039;}&quot;&gt;
                                                	&lt;div class=&quot;opr-recommends-merge-p&quot;&gt;
            &lt;a target=&quot;_blank&quot; href=&quot;/s?rsv_idx=1&amp;amp;wd=%E4%B8%80%E6%8B%B3%E8%B6%85%E4%BA%BA&amp;amp;usm=4&amp;amp;ie=utf-8&amp;amp;rsv_cq=%E4%B8%AD%E6%96%87&amp;amp;rsv_dl=0_right_recommends_merge_21102&amp;amp;euri=5b6e5b320e8f4a3c95c39a3f727482d3&quot;&gt;&lt;img data-b64il-id=&quot;4026792708_2116941883_58&quot; data-src=&quot;https://ss0.baidu.com/6ONWsjip0QIZ8tyhnq/it/u=4026792708,2116941883&amp;amp;fm=58&quot; class=&quot;c-img c-img4 opr-recommends-merge-img&quot; src=&quot;data:image/jpeg;base64,/9j/4AAQSkZJRgABAQEAAQABAAD/2wBDAAUDBAQEAwUEBAQFBQUGBwwIBwcHBw8LCwkMEQ8SEhEPERETFhwXExQaFRERGCEYGh0dHx8fExciJCIeJBweHx7/2wBDAQUFBQcGBw4ICA4eFBEUHh4eHh4eHh4eHh4eHh4eHh4eHh4eHh4eHh4eHh4eHh4eHh4eHh4eHh4eHh4eHh4eHh7/wAARCABkAEsDASIAAhEBAxEB/8QAHAAAAgIDAQEAAAAAAAAAAAAABgcEBQADCAEC/8QAOhAAAQQBBAEDAgQFAgMJAAAAAQIDBBEFAAYSITEHE0EiYRQjMlEVFkJxgZGhCCRSJTM1Y4OxwdHh/8QAGwEAAgMBAQEAAAAAAAAAAAAABAUCAwYHAAH/xAAyEQABAwMCAgkCBgMAAAAAAAABAgMRAAQhEjEFYQYTIkFRcYGR0aHwFDIzscHhFSNi/9oADAMBAAIRAxEAPwBh+mMFphvOzF4yPMW1EQphMxhKgFe4Aej/AH1e7zzu1dpP/hGYTLzypcktwGGwS/zRxBA8UlV9mgOxfxqJs/8A8F3COKi2qC2nik2mi7R6+DROj1WMwYxUzCzITD6FLkKQp5AUeTaUnkL8EXYrxWtFxV5f4hUfeB/dYjo/atJtEav7nUf3x7Ui8r6u5hDrH4b04xzkOCoq9pKSsfpKSVBCSm/no9HRd6beqe1vUOQiA9hIcPKNuRUtxFISpK0e6EuKbVQPXJNpPj7izoxfVHlYZpqTtoraLSfe9tXAhVCyAB++uZfULB/yF6g431G2m5JfbxU9EnIYmQni8WQr6loP9Yq0muxYJ0lQ+vVKprTrtkKSQkDPLlFdWZfEMnEuvpYaeiNRJSA0tsUF+8KI+fHIdfGtMyDhZU2TGGMx7a4smQ0G0soBUn8NyBr+6tZN3RjZvp5Mm41QlsPwFy2C1RJbccPFRF+AFJUfteqXaAdkZ9e4JCW1S1IfK3vHM+0SBx8dcfiuq6+dSF6hDgaWTJ1RH8/WqV8PccaL7YGkadU784x3YxIoWyeAaVvPb7MFtPNzCNOra42hZ9tVqrxd/Oq/I4ZvC5JJkwWVqAiMoL7YVfJxSSo/etMhzc4i7uwn8RfiRILuKRMkPLSEUr2ligfgd+NAe/tz7Ryc515vPvKYSY6w4iI4tI9tZWfA6Hjv76A4242y6jWvTIGJ/wCqb9Fip5lxKUagFEatO3YGJzyqfPhbfbwinYsGOtSoU9pX5IpKy5aFePIo0fjSwa2g662HEhuj/wCZo7kT9uo2lL/h2VbkzUx5Dy2aKFC1LrpVGv8A6P7aDMZn3noDTqYrVKTf6NOejXE+wsKIInEZrOdNeBJU40pkEGDM4zjuimnuvF5XYeTayO3siWIs1SY6Q4QuifINggjq7/vqsw+7n2c49N3bknHsfEDzySzGADylJSPAANEUaP7aO985LGzsZDhOxETUvuWELB4gjwSR4/tYOkF607nj7czIx2JcW5M9tLjiXGqRFN/TQUPrVQ5CxQsHvrRDV31zOl4dopImBJ7hnfz+aCe4Uba4C7dUICknTJgbk9mY3gjn4Cm8vfe58lDVPxe24WJxQFpmZh4p5D9whNXpGesPq7hHUOYrcEXD5Md1IxqnGH2lfBQSVAn/AE1B3C1v2T6Wz9xZHKTHy4A62w79a/bWr6njXizXVeO+hWuV5qpLkxX4rmXyqlBQo3pCGg2SB9K1SCXBmuofRTdWfyeH/gOOzEpzACSWYbqmAy82lVqcZURYUg3dDwSQDRrTwhIfw2Oi/gsm9HkO82EtJAWhxZSsigoGvpsGq8A/GkT6Y5jD7dc2ts1biELjRlzJPOrfkuK6Ar4CQo915GjD1K9RMY3urY0bDvJeMTKyBKbQsWChmuJP/qDvWYfu783Y6pMASRjwn07UZ9K0/wDjmQ3+GWO0qARPeYj2nHvUzeWUlZmVEYMcyzHYS2hcpz2WG0BKkBBCAVOmlE11XXd9aqWsRItoORsRIDPt8WmmXY9JSQQArmsfA/Uk+Oq86tHQ0+hEkNFsOjkE3dCzqZjQgpWsclrT4Sbo/brv/Pxrob3RTgiLdd1cJUrV2iSpUifAJjbYQJ864sjpZx5F0LFtYToOmABGMGSZ3iTmKHdzzW041yLi2n4eReIM98pCTCT+lKEGuK1qSCkVaePJR7IBoom41RIzcZMVBDaQkHlpg7qmtSsXFxbojoR7RTy9pQ9kFSf1LJPL9PRHfZ+K0tp2K9qY62ypt1tKyErF9jSbhfCLfhTakW85JknJ3wO7AG3zNbW4v3r0gvmYAiNsgE/Wt+O3zvvdecgyIbs4QY8povvIQlttJ5DugKKqPSeyTXR1s9TYcx/f0jMZ18S0IkNRlpU4n3W+AFB1KUjwkEXQ5fbQjKjZ+K9Bmylut4FD6CpcRH5aUJcSVpCm7CT0TdiyB9tas7k5yPUeUHXXZqA5+DW0+ogFPHhx6SACLsECur8d6KLp68I5E8sESJ8c1GQWzO5IrpLYudYpEiW9F9mI0hay64kBwoBNDsX1RFdk/wBtcq7qlOetf/ECuVtvAmBFdeSAyr6VpZbPbjpvpR+QPHQF1ph+jGAxuW3xExeWkKyobDj6StXFBUjtNJ8nujZ/wNe4JuFtTe7k7AwEwIzvvSVuuJ5qkthSjZKroGgOIPRv50FerKELSye1E8p+accEs1XVw2lXPJ5CfrtV/Ox/p16ZNGTPnJyG4sg402U8g57nYTwSk+AL8/v8nV16mbVTkWsPl4eMg/xBEQsgFXtD2SvkaIHSrCRf/TYFXobweG2TthpzcL0RWc3DkEu+9MnAqMIqBASwz4oXQV2r9q1rf39Ky2SCPeZajxWwwltbtFFikkAAlSr+Pjr7nSljhi7G+aeuSVAhWr1EAAef3sKNueKu3bLirSA4lSSknIkHUScZ8qNMbEUWYzTw4ENpRaTYsADr/OrdzDy8ZGWqbDkoIacfQeNBVdXf2NffsaHcumdGwOP3nj6lxMXJEh9lV8UhLhAKgE2U0L5i+jY+NMyZuFndHp3HnxELAZcQ4UB36ksqSSlVgfKeuurs/HW0e403et9QhEoOCDXPGOjCrVw3NwvtyTjbnv8AGKA9wQW8ljsdFDk8e0yTbwTwBFAcAPI8+e6r99LnIw1xprsduUtaW1cQSPP++mk0IYZUGmlIdSVAnnfNR4/UB4H6T9+9a0YyGtAW8kNrULKVKTY0SuyJTqAzJ896Ha4poc0KMiBttsPHNc/bT3Bk8MtQXEchwVPhcltDyWw4kfqb+oEm0gir++rLL5Da0bfPu5Vr2W4csryboZU5zWgEVSboLXVj/wBtD20I8qZlYDrUdh1z8czQk0Pcb9ylrKiSKNVXE0LOrz1Mm7fxO8MwXnI0wL4f8nAbtkPkdqUQE8VeTxqxdfvrNXOkvh5BMgEe5HwfsVsbZhQTpXgb1twe89mYj1Hk7s27nXXvaUtwRnmFMpcQpP1pFj97q619M7myeb9RNuLZi/gsM5l2klpxJU3IZfkJC0WRSkhSlURdf3GhX00wWHyGbd/ijDTCHXEhhJSClKyQocu6PVgfetPzYowoxkGBn8h+ElYzIQp2PkrVbSGgCS0PhAJBIvqyPkaCcfQhyNzTFu3UpGoUsN6bo/mH1HzrMHFN4zbcCQthEiOCKaQ6Gi4o31yN1Q+QANEezYbsll6GxDElUN1K5MREYJUG1de6CoKKgDXJIogG+9A3qVjcjBhyNtbafcmS3MwZk1zoOOkuK/DtBIJBQk2QP6lK8dUGsvcsn0qjt5PcbCIGTlFSJUb8KlTpkKCF2l/9Ab/6vIA+OQrUb5KzAyTt7VZYluCRAG/vV9DzETbWMzLMv2n1NRnvykqKmlIWAFcVKo2pXDjV9JoHsah+gmOlYXbeRxLrsmRMmBuSmGlQcZZaV+lNHoqUVC/AT/rpVbokZBEV6XlHPw2RnSVOogR+AbaaJKySkWryr6QfvpvbW2Bmch6XQ5jeddg5p5hchhxcUe42t02ErWTakmkGyOrJGmFraotmyXTJV4Ukev1XdxDIISnxqYlElOQOPdZTDfSspRzNhsjzf7geL0ZM4fbSmUKmvBcgpBcUJIAJI8gX41yZEdzWF3wYst6Wdwe6Y77c1wk8v1UT+3VjyCDopcVnnXFOOSY3NRs/Ws//ABrVKeXdJBQdJHhWTt7BiyKg6nrJ21d3p486W23ZbmOyTGRZcQpWOfClsuDkHWyoknifIAN/2JGt+9pf8c3FlZkWMI4f4LcQyDx9wNqtzroklI+qhd+Bqds7bP8AFvxj8vJM4tERr3m3FqFu+ekixfdC/uNG23dp4lnOIk5iGHor0dLTrLLhSplRT0tJTQ5igeJBBBPzrGXdyzbqVqO1dEsrK4u0Atpml1DbnSITTy45MlaR7o4e2lsV1SR5qj8gWq/igfY/NLyP4LG5SO8/KSyhhEmKr8xKBR4KshKwPN2CP9tHTuH9PIzbkx2SGYCiVCM++qmzQuwBdf3J0pvVLeO38k+jH7JZUwxFppxRZKUSSLK1kH6imuIBVVUer0Iw41fKISkgDviPSrbhp+wTKiNR7vmmztzfmw9hPJd3JMTlMlDbKmSVIee5mymuJNnugfHfn50o9/ep+Y9RM1Iy+QhBjGrbXDhw3UoWlEdRPuKHyHCa+oD+no9dwcBstAxStwZXAuZabJVyaYeeV2VfoWpCDYTXiz+11fTIZyuMwGKS0/j8bEeU0VBP4Jn3EkJNJPSj56snTIIDpkDVGN6Vk9QkwYJztS33Q1PYxmH3G5Ll+8pYZYQ6zTTaW0/l8FH9X0iiCKNk2bOur9nb0hZjYUcO+3BysSGh4w+kghKApPAHstqAFHynwfglIsbp9qUlc5mDkcQ0ptbjTsRPJIUhNkrux5IBI418Vq939Fht5J7J7emmPjHOL8172kkBIbtsnlZV9VJKLqwfnvUjctvL6kiCNqgm0cZQHdUg7/NU23cx/MPqo8vNR4Ht56T7TvBNhtRHFtSFK+pJCgkhXR+PHWjebsTcESU5GbmRFobPFKnOKVEfcV50lsblG2Y7cMxJynzNRIYfitp9xniPq4q7KvKfprykHXRWL3VjZ+MiS81AxuRnuMIL0pLS/wA76QAo1VGgLHwbHxpuq7XbKhnb3pIxZJvG9VxvMiMen81yhh/+0NwYhlxIcemTw04SpIsGj0D9IPmvi600MNuSMy1LYjuNNR5Ev8EBwBcCkeFLbT2lRBHjom9IbMTHImWZXGcUG2nElCh0Ur6II+4P+taIX84he4clHXjS3j8m4l18NMqDjCwkWtokePt/+aQ8Ts03i9Ktvv8Ar2rV8Iv3LBGpvc/Yqy9UZzs/OtQo77aIC1cDJSOATx6W2Ae0ru+QPff31BWIsVsMRQgJFHpPXX21oYYckOufxJ9txtf1R5stji6oigKV1ysV+o1831r6iYnJOBUqTHfTFQ5wCuJ4vEeeHEWofdP+3nVzFqppsJ8KGub0PulZMk0Yx93Lj4dDcvJqAu1KSlKFDqqsV8dfv99VkZjMbwnc9rYh1cdvt2bJcDTACbJKnV0PHwL1A/lzE7nbajY1D+JmLUoN++lbnuED4UbJ/wAf6avtkYaLlthZLB5jIrx8jFuOIeZLhSFLTyro+Sb/AG7BA8a9d3Ztm9oEicVOw4eL12AZMGM/SpWzMLnIWXzGOmy4yMlFbbQGFvJcZQ2W7QUr8FCgoWLF96v9pQp25dsStuzHoSIcRx2Sl6I8mQsI5WkJQ1yAKTxHAdkE0U/K59Nsq9h8jHZcL8VuVY95xHT7YcISuzd9gi6/p++r3NZ3c+LycfMOvqYxrU1KFY9tAQy0nnSXEpSB5PR5AkhQ/wAUuJCFh0bn9xU2/wDYgtEYH7GpOHQcO8Yzkhn35ZQuBMiqKkSmylxCmQoCwFlSQU9K6I6u9TshtaM5NdX/ADhM2soq+vDyGloXCX/U3V9gKuj8ij860z8c/gs9ksJHbUjHbgi/icUpwBv82+TP5hFoKFFQNECwL1oj7k9PJUZl/JYPOiYptIe9jMBLZUAASkLQpQBq6JOmerrQFDvpQEhnsHEUpZsl6PkFpaUAHkOMKsA/S4niqvvWjOZvzLImxJSYsILMWzQcAv8AL76X1/3aehQ7PWs1mqHf1DRjH6YqZu7eWVyeBw0Z9mIhGPQsNcEKN8mAwbClEfo/YDvvV09vzLR28TERGiFuPDQ0LU9agltKAT+Z10gXxoE3rNZojSI2oQrVq3+8V69vLJQsXipSI8Vx2al1x4uKdIFFYCUgLHAfUSeNE9WToQzGVlbv3BOyuVIRNGJlvrdjlSC6ttaigr7+qga78jzes1mqFgRRLSjNEULBwJmSmwFpW3GjKiSmG2jx9svtkuISfIRaQQnwCOtTtqbhzCMDkVGc64YsVSmeZ5cSlXFJ7/a7A8X8fGs1moJ/IqpK/OnzqIvJZLcPoq1nczkJMzJwMq2liS64VLAebUVgk/FtJI/Y3o2wu0dr7lxUbOT8FFakymwpxMYrbbsfTYSFdXVn9ySdZrNetydHqa+PgdZ6Cv/Z&quot;&gt;&lt;/a&gt;
                                &lt;/div&gt;
        &lt;div class=&quot;c-gap-top-small&quot;&gt;&lt;a target=&quot;_blank&quot; title=&quot;一拳超人&quot; href=&quot;/s?rsv_idx=1&amp;amp;wd=%E4%B8%80%E6%8B%B3%E8%B6%85%E4%BA%BA&amp;amp;usm=4&amp;amp;ie=utf-8&amp;amp;rsv_cq=%E4%B8%AD%E6%96%87&amp;amp;rsv_dl=0_right_recommends_merge_21102&amp;amp;euri=5b6e5b320e8f4a3c95c39a3f727482d3&quot;&gt;一拳超人&lt;/a&gt;&lt;/div&gt;
                        &lt;div class=&quot;opr-recommends-merge-d&quot;&gt;
        	            	&lt;p class=&quot;opr-recommends-merge-width-text&quot;&gt;ONE原作的网络漫画&lt;/p&gt;
                    &lt;/div&gt;
                            &lt;/div&gt;   

 

        
    
    &lt;div class=&quot;c-span4  c-span-last-s opr-recommends-merge-item opr-recommends-merge-item-vertical&quot; data-click=&quot;{&#039;rsv_re_ename&#039;:&#039;熊出没&#039;,&#039;rsv_re_uri&#039;:&#039;0685bcc1e9d140b9a2c16a78b6f38c46&#039;}&quot;&gt;
                                                	&lt;div class=&quot;opr-recommends-merge-p&quot;&gt;
            &lt;a target=&quot;_blank&quot; href=&quot;/s?rsv_idx=1&amp;amp;wd=%E7%86%8A%E5%87%BA%E6%B2%A1&amp;amp;usm=4&amp;amp;ie=utf-8&amp;amp;rsv_cq=%E4%B8%AD%E6%96%87&amp;amp;rsv_dl=0_right_recommends_merge_21102&amp;amp;euri=0685bcc1e9d140b9a2c16a78b6f38c46&quot;&gt;&lt;img data-b64il-id=&quot;3654940663_1987498580_58&quot; data-src=&quot;https://ss1.baidu.com/6ONXsjip0QIZ8tyhnq/it/u=3654940663,1987498580&amp;amp;fm=58&quot; class=&quot;c-img c-img4 opr-recommends-merge-img&quot; src=&quot;data:image/jpeg;base64,/9j/4AAQSkZJRgABAQAAAQABAAD/2wBDAAIBAQEBAQIBAQECAgICAgQDAgICAgUEBAMEBgUGBgYFBgYGBwkIBgcJBwYGCAsICQoKCgoKBggLDAsKDAkKCgr/2wBDAQICAgICAgUDAwUKBwYHCgoKCgoKCgoKCgoKCgoKCgoKCgoKCgoKCgoKCgoKCgoKCgoKCgoKCgoKCgoKCgoKCgr/wAARCABkAEsDASIAAhEBAxEB/8QAHwAAAQUBAQEBAQEAAAAAAAAAAAECAwQFBgcICQoL/8QAtRAAAgEDAwIEAwUFBAQAAAF9AQIDAAQRBRIhMUEGE1FhByJxFDKBkaEII0KxwRVS0fAkM2JyggkKFhcYGRolJicoKSo0NTY3ODk6Q0RFRkdISUpTVFVWV1hZWmNkZWZnaGlqc3R1dnd4eXqDhIWGh4iJipKTlJWWl5iZmqKjpKWmp6ipqrKztLW2t7i5usLDxMXGx8jJytLT1NXW19jZ2uHi4+Tl5ufo6erx8vP09fb3+Pn6/8QAHwEAAwEBAQEBAQEBAQAAAAAAAAECAwQFBgcICQoL/8QAtREAAgECBAQDBAcFBAQAAQJ3AAECAxEEBSExBhJBUQdhcRMiMoEIFEKRobHBCSMzUvAVYnLRChYkNOEl8RcYGRomJygpKjU2Nzg5OkNERUZHSElKU1RVVldYWVpjZGVmZ2hpanN0dXZ3eHl6goOEhYaHiImKkpOUlZaXmJmaoqOkpaanqKmqsrO0tba3uLm6wsPExcbHyMnK0tPU1dbX2Nna4uPk5ebn6Onq8vP09fb3+Pn6/9oADAMBAAIRAxEAPwD9g/h7rGmXYk0fU/E0+mPp8KpHFKiOsq4/hyuVwAP4iO/FQX/jDQtIgmvLKweWW448ya6ZyPmK9+xwSAMdK4L4o61b6fo1jqWmfaoJ3BEpeaNVlwScoo5IAIBc9xg9q4TSfFmo+IfECm8vI1RPlQRuW/AkZ9K78JiZVqlOTd07P8D5DNHDBwqUrWavZ9tfPstOh2/7R3i3w9pvw1uJ5vB//CRalNCFt9NYNs+bALuw+6o4yByenAyR8ueEf2adX8NfD6TxUzafc6tf6kI20+0laV7JTGzB1OSuCSMkbuVT5gQRX2zo/wAOvDPiqxtNb8RWM2tzwQL9isby422okXhWMS4VsdywJIFfD2j+Kv2qPhl+2Prmv+OJ5/C+h23iWT+2rrxXFLDpVxYCc4jtEZSb1zED5YtwxXgsyA5PHxHxJXyfDxjGk5KT1fSKXVv/ADKyHgzCZ/j3i6tSKdOOia1lfp3b/q3U9E+GOi+AfCOrWvwm+M3jTS7fxjrE6Na3XmyJcK7D5EnuYThC3G3erE7hk4217f4e+FviTwT4Z/4QjUJCZn1GVllRmYru24wZAC3c8gZ5r4g+N/wZ8N33xf8AEN746+P114fGtXMmo2d5rngS+E00U8jtkIsm4FTkc7QccY5A7H47eJ/j1+0D+0r4e1v4E+KNQ8Z6Do+paWukapo0nyaef3JkmvI1CtasW8x2aRFDgEIWC7R8HV8QMzzKLjVUZL2kXHkkn7t+tm/66H6BgfDzJMq5J4aUo/u5KTmmk20nZOyvf16H2t4L8KeOPAVnPbeIdWs7ywiJYzS2knnkZJO4ZII98msHWPiTJ411WTT4NVvktVQmPB8uJmXnAWPcXHbLNxnpXpfjnxbI3hc3vhhFnkmj+USqj4yOQQzLnHIPXoeK8Ml1GHWdN1BbaW2uGgt4ZZjJbxpH5h375IcIMDAACrgZz1xX6vOtKrQ9o10v+Fz8+pYWFOv7GLdlbS/nax2Oi6y+l6rc6wNS8gyW6vHMApVFBC5Abhjz37HiuH1nXbG+1Se7ADCSQkGQMzH6kAA/lVZ/EGr3EUqaJcqrJZgMHY4Pzr+R/wAKdDrnxceJWHidEGMBMJ8vtyK8jLcVKadm76beiPTzvDRo1IxcbLX835nnfxA+OvgK7uY9L1rQda1S6it4/stjY3axKG8sZ8z92S4zg8dgeRniDwf8U9G134t6d4b86107T7iOKPzvLMEcB64BO9mGSV3uWJ7kDpgW3ja08LeINH1zVtHSSOxEPnRJF5hkRHIbaQDlTgDkcECua+Lnj228X/Gmbx/pVzqUmlRzQxMj2cSpYRDhYlw7YO0lipAILHIGc15+V5hhHl1Oo5axko2+dk2/yueVn+XZnDPq+HnJaqUlp8a5ea3V2Vne17b6H3X4a1U2E8cVvdp5EZQK6NkMCQMg9xzXw/8AEj473fj7/goSfHfjKGXW9I8M+JZdL0TTYwmPKjaSCAoGIXd5rLMCSMsBkjqPcvhz8ULeKyuEt7mS4gsbBbmEA/fQK0gwD6+WPzr48+BeiaJ4v1C88deIvizY6Dqem3wurCz1K2lZdVuX3ttLxBmVV+8SqseQeNhr4DxazhVakcvg/dSTk1fd3VtP6W5954SUqeIyrEY+cdWuRLfddLdP0PoD4+fB9vjn8TxJrvjaKG3ttNha71q5mVYEglnZoo448KqbULbhvLONrbsnFfP3w3+Lk37I/wAez420zXfteiw3slrrcsEbKt5ppfEjBTyWCKJVHXei9iRXuWhftBWN1Zl9R8R3sscNtHo2sSW3hxW/tCcRl3uIpHuMeYTcy7g6Hczr8g214p+0/pfw7tf2Z/tNh4htDqEN1eXfkPfxNNsniiBjaNPnDIIgCXCKCjbS4ZSfxrKKtbC4+nFbJrb/AIb+lY/VMOqjwsqNeLcZLlXZaO7+8/QXxbqll4Q8a3NudSMdvqTGa3jkfapkJJkAz0J4bHqWrz7xb40jl8Q3tvZTtsuLEb7lFyrBCBsXnBzv5I6DI6njP+LXj/QLvS/CNrr48/7fo9uupxzESKkjQgE4PQ7wfpXCeJteg0944Y9QDiOJo0lkfe04BQKcknnAGSMDg4wCBX9f42tWeQKrBq0tdPOLdvTXTbt5v+bsuxGEnn1akm+aC7XWk4q/quq17+nUaZrduuoapBbznfEu5wz/ACyJ8vytnjHXkVqDXdQtQIDqloNo6GOUkd+qgg/nXkeheMIbj4ga9pvnt50WkeYkcTZAIyOR2IwD9KqxfGa/miWUwTrlRgQ3GVxjtkZr4TK8RiqkL0FzNxi3v1Xo/wCvkfoXEtPC0XD28lFXkle3Rru0PtbkxeBdH1O/n8iO7tpbZXWYKZCecb8cH5u5A4IPbPAfGb47fDvwhpTfD2xv401camsVpo1ukZmlKQ7vM2gqBEwAbzDxjgZOAe90XTG1bwXafDe3vYJ76z1Ke5XUnkK28sUhJCqCM4I55AzuHTFfFP8AwUm/af02PxhcaJ4X0vUPDd/YXc8F/e6JrkNlLr6F+GeaVDiJCijEfz4C5BwCvi4X2OaxhhqOJcYzm21G17QanHfXWVv629HF4KdHP54iWGTcaaanK9uaSlBrT+7ur9U1bW/2D8O/irPpGp2Pi+80hrSO6063M1jLbmNMFR0VidyEHgkkEHqapeNtOHwYaG88FeB73WPC2q38uoafqNr5jx6b5kaBrebCsEKmLAYkF1K8nBA+Y/2TvjF8V/2kdSOr+LvFOoaw9rPFbxyTSmTMHlAMNxHzjK/KTgnAxjivrn4bfFy1+EltqelaN4wkjkkt9kEBcEJKG3FFbPYHGfXI6V8vxC8vr1sQsVJ+2j21Utl8n17Mx4YyTNcix0IYVKeFqPVSduR669Lq+itqr6rqYnwa+MHhy6iuorv4g6FZPqV7dW5F7rAiNs01m4FwqRgGJgV8rzwcj7S3ykLXG+Nf2cvEnjP4o6v4p8VQWdp8ObfX5HvtemYLBqtt5m8wWaEsZd6HYX5jQFvmZkKH174aftFfHLxzd3Vl4e1wMsN8wuJnk8sRpsUszk9ADu5z/Ovmv9pb47fGD9pvTr+w8D6/cS29kzLb6e85iF26E9QxwrHng4xxnHJrifC8cohSxTqpuavZ293azZ9hw/mmK4gzvF4KjSdONNWlO10/KO13b1PSNE+Od9+058b2+HHg7UrOKS61bbazSKWRc9NqKMsFVdxA4AB9q4XV9X+LXwm8W6l+z2bQavqnhy6EVvetq8d1DauTiSK7dJZJVYBsgsq7iQvGwk/MmoXXib4L+HP+Fh6jol7HYaossd5cCEmS0dlMEqOByrJIEJHXBJ5BBOL+w98VvGvw7+M9t8Vr2GHxJPaaXKLnVL/Rwsj6dHteQtPk7m8uPyw4GVVmzhcq36RgpOvkTnXru0HaydkrK1klvdO2qbsedUyPLcszqdDB4VN1FrJpOUm38TlL4bNfZcUnq+z/AEC0yw8V33xX1nXfCOgSywah4ZCRC0BlIn+UbSqZbPJ56fyqj4d+C/x2udFglbwJfSNtIZxp87ZIJB52eor6T+E37TWh/tAfD2Lxv4JSPTdJlgSXVQwUNa8fMGkwMgjpjHXpnp0E/wC1b4K0aU6UmuWUYgwgRCjhcDpkSAE/ToeMnrXsZNgKFKl7ahUdpJJXttHTbp2fXToflHGWdQxuJ+pZhhuR0pNuzlfml0vZJq2t1o76Nnw38Iv2k9LHxD8JaL4n1WSFfEviCz02FGuHzdSyqsZZGbBMeCoUEcMWJwykD7J8df8ABG79kn4n2za54k8ZanNo1yPtFxZXEMb/ADHqQ5+63OAQoIP5V+bPgb4T/Da1/ac8DWup663ii78J6r9qXXvs0kMcbIWcRqCzKSrugYgnkHJzmv1E1L4t6Xa+BH08azCIHcEw+chDNgAE/MOMYycY4I45x+I/XMBleI96PNJq+7VtXa1nt3vqfuGOoYvFQj7OVo3t0d9t/NeR4j+0HJ+zf+xh8H7j4X/sy+C7HQLZlYX2pBvNvbwgY/eTNlsHA6EDgehFfk74Q/b7+JGpftE6/wCGrT4fazrul2DxmQaNYPPJaIZNnmOo6AuwGemSBX2V/wAFC/i9b6vZXUNsUwQYxskPUDBwcdPoBjaOe7fFfwj+Dmt/AHx9rvxn8R6266N4i0y1aCWOymhds20U8mC4+YRSzmPcM5eDcOMV7eVQw+OwdfEYiCk2tFtrdbGE8PiMNWo06MrK/vPfTrc/Sbwr8Vfhx4MtI59Z8RaTpky2J+0wXF9EryXBj+8wznO7H0HFeJ/tIfF/4cWHhmL4ieENQtLjUNOu3fVl029jka4hMjZkKockBShxzgK54BwM/Rv2D/gePgF4e+PR+Ks/iG51iUSC8CC8Cx+dIJB5MatNN8piUeWmBuJbbtAb5c/aJ+HXgbw/8PLHxz4E1UpNeTtazmOMQyTyMsiyAoDuUYMZCuAy7vQBm8/LeGaVDGqrKs5Nuzur31em91/kfplfiHAewdOjQcYx2alZaLd6We+z3a36npWr/t4fDPxLpL6HLfvLBPGwdbhcqMjGCDxXzB4a/apvPgN4zvfC+281PSJJ5E05/Mh8v7MxBVSqxglucHLY7YrsvgL+xF4J8c3sV9498U3cUTnP2K0cA468uQfyA79a+jtU/wCCf37K2r+GlsG8GLbKsOyO7tLuQT9/mJZiGP1Br6+OacP5JUlRtKSlvptbZ7rbyPmqs+I85pwrQUKc4bO+6e6as9H5nMfBL9u3wHq+iQ6JemKKKRlzaQqYxEwPBUjG049K+vNO/ZZ13XdOttci1XTNl7bxzxmXUSG2uoYZyeuCK8o/4J4f8EsP2U9RvNZvfGvh648T6pourpPp/wBuuZUjNs6/IkkUbBZNroxyeu8AggV9+zeCfDVi4sk0LT41iVUWNLVgFAAAAAPAxX5zxhjMNVxMXldXkWt+bRO+qsr/AH7Hu4HEV6lJRx9OPtF2Sb+e3y3Py6+Gvij/AIRDRJtQ0zWpVt4tRMVvbzygPDMcPIhBJKnJGeQCQSOc16Je/tZOvhhIp76Xfv7Mv0xgYbHv09BivGvjj4Ut/BXhmbxVpHinUHXUXVRa3+kvaS2+yNssxyySbt2PlY42DOK+Tb/9oTXI/Ei+F4o57mWQlVjgBdic9ABya+ppZFTzWXtGrtdz4mrmUcJSipLf/M+tPjL4r8Z+MfDtz4ti0q9m0pSVe8SzYxKRk43AbR05GO3IHWuS/ai+IfiH45fCTRvDvwJ8WzeOPE+rXlnNq2kWulTvqFnI1qI5/tM5jCRxrLHtQB9r7g2Bg16R8M/2p9Pu/gNo/jPwh+zpeT6B4asrPTvFB1SUy2l/O4mwGKxKpS4nEjHzGZgITGuVClPHfhV+1rp/wE+MOr+MfC3w303T21K/kOueHRATb/ZZHBaCIOSYsYG0g8Eeny19FlWBp4arFRjzcmttLP8AutX1/A8fHZlUqUpqCcVJcrfXXXT5bbnsvjL9qf4afC74C/D7Rf2gfAsk1r9jmjgtfCd9LBb6ddR29vmJjZSo5+W4UGVWYmS35DZJr5g+Nura34r8X+BtH+D/AIY1G70jXdQma30ljJLMJporadZGZ2ZgDFIMbmOFjJJHNH7eP7Q+ifFHxRF4Q0r4aad4O0bw5qN9NY6fpYuJVup5WQG5SVifkKxp5cYwEAJJJY1b0z4keEbn4hR/GT4Py39m8XlrYQanYRxpaxJD5PkCMO4ePYWUlsblIG0dT77y2pleGp4mtT96Tm5Q+zFu/Lovhdnprpbub0Z4jGT+pUW4QiocsmrNpJX8mk1bzufXXjP4c+Af2Z/gXoUt3q9lqmvyySW19eaRfqYbe581n+YnLSr5KBEAVAGMpJOAo4vSv2kbeeAWZkVV2gEmUHoe1fNfxh+Mnxv/AGkviDpnh/w74Z/tLUSDbaVpPhu0mmlnc8thWaSRmOM4zgY4AFeean4h+JXgPxpeeA/HWjXujavp05hvdP1CFopYJF6qynBBr5qXDyxseepbmte19bH0dPOoYKv7FX3P2K/4JS674z8e/FPxT/whun293FZaFG9611EroitOu0/Mp28Bhmvr691pxdOtxP4eMittkKWlpjcOD1iz1r89P+CI2seLLfwj428XWl9NFb6n9n0+eaKaNHcoruQpk9N69Pxr9APC/wAcr/w74ds9Bh+Efg64FnbrCbi9tI5JpivBkkbadzMcsT6k18ni8kynE4idJ4n2dSNrpxcla3SyunseXm/EtfC5lJKgpxstVo76bt6Hwv8A8FV/HvwC8U/su6n4K8C+FPDmna9plzFe6dPpljHC8xTKPESigsGR24JxuVSema+Mv+CI2p/C7wD+0x4o+OXxh8K297daJYJa6HDdn/j0uJ2PmTpnOHEaFQewlb60ssOq/FbWEu/EFmlzn5G80bgRkMV56jJ6UeLbvRfhPo0mgeEdIhiu5Pv/AGeMRqDt+820e/6V9XlmAr5fgHgnVc5y+07abX26H4b/AK2Vlg402nKpfdtWXl32Pub9tiL9mf4kfslePPh58Abe28La5qmp2vjLVrGKTbFOkMDqp6BYlkaTO1eA7l8ZY5+AdK/Z48Gv4etvGXxY8Q6pBrv2carf3do7X1rJbJMY3glKqBASHhHmOxBZsKMkZ5fT/Evjjxb40lhutfvZI3txDdl7hwnkqflTr0B5x6YHStzxf4ygh0K/+FXw31SGyj12eCDV3uo5J/PSNyV2rvVFAYsR36c44r08rwOKy7GU+arzR5lKX+HS69Glt+W59R/rfktXCxpezkpq13fR2tdvr3sfqd+z5/wTm/YH0L9mJPGP7U954U1PXPE+lx6vrmoasWjGkpNEGjtIJ15j8pGAJVgXky3TaF/JnV/hdp2rfHDUvgx8DdXbULZPFFxY6Ff3RCfarDzWEVxMcAL+7ALEgY5+le2/tL/F/wCK3jj4a2Hh3U/Gdw9rpgj2W8Eu2N2jjC5ZBwfXnOK+V/DvxQl0bxZF4ghsb631G2yjvbXcaLcMSSXb9zuYnP8AezjivTybHZ1jMLi6mYVVOdVu0Vdxi73T1f5JaaHHguM8PSpzqa+01tf4dtNU29/JH74fsEfsp/s4/sNfDuC08B+GdH1bxPf2ijX/ABheqJLm8cgFkRsnyYc9I1wMAFtzZY/mR/wcQ+D7TUf2v/D3xa8J+EoLIa34djtdSmtlAinuYJGAkYj+IxPEmOuIvatv9mf9u59SEOieMJpolZWTzJJTkHgflWb+0141l8b6ZqNhqV1BdWlvue1Yp82ApPUnnOc18nl0swweeOeIp69Xd6p/0tDx/wDXeusR+8pX1/m/LQ+1P+CTvxZ/Y98B/sq+GPhFB4ysB4hSE3PiKK7XaZL+TBkAyCGCjbGD3CA96+rJPGP7Ntw5muI7SR2+8/8AZZbP47ea/n98I67J4dnt9c8OSm2feWDRfKS2epx+P5177p3/AAUg17SrCHTbnQnmkhjCPKk5wxA6152e8M5jVxPtcDZ8zbaktb+uhWL41xVWu5UqSt5u7+/QpfD+xg07Sg1oCrbzls8n5TXB/FE+f4gIcAZiYnHfmiivpMLripNnwq/iGN4e0+2t5CkCbTMwEjADJ6Hr+NWLPwjolr4x0+4itvnE3UnPdv8AAUUV6Em1F+j/ACKlsen694a0290mNboyOJo8uGf2Ir5w8ceFdGsPEs4tbfZgZ4x159vYUUVjlTfM0Kk3zmaZp7C4hNpOycq3ynHXGelb1p4z8SalCtlf6pLLE5wyPISOFGO9FFerOKerRtVOT167uI9XmEUpQYyNhxjk1ANQv8D/AEyTp60UV1RScEKB/9k=&quot;&gt;&lt;/a&gt;
                                &lt;/div&gt;
        &lt;div class=&quot;c-gap-top-small&quot;&gt;&lt;a target=&quot;_blank&quot; title=&quot;熊出没&quot; href=&quot;/s?rsv_idx=1&amp;amp;wd=%E7%86%8A%E5%87%BA%E6%B2%A1&amp;amp;usm=4&amp;amp;ie=utf-8&amp;amp;rsv_cq=%E4%B8%AD%E6%96%87&amp;amp;rsv_dl=0_right_recommends_merge_21102&amp;amp;euri=0685bcc1e9d140b9a2c16a78b6f38c46&quot;&gt;熊出没&lt;/a&gt;&lt;/div&gt;
                        &lt;div class=&quot;opr-recommends-merge-d&quot;&gt;
        	            	&lt;p class=&quot;opr-recommends-merge-width-text&quot;&gt;中国低龄动漫&lt;/p&gt;
                    &lt;/div&gt;
                            &lt;/div&gt;   

 

        
    
    &lt;div class=&quot;c-span4  c-span-last opr-recommends-merge-lastspan opr-recommends-merge-item opr-recommends-merge-item-vertical&quot; data-click=&quot;{&#039;rsv_re_ename&#039;:&#039;小公主苏菲亚&#039;,&#039;rsv_re_uri&#039;:&#039;1a747683a74a4f7e9813beec9bd01230&#039;}&quot;&gt;
                                                	&lt;div class=&quot;opr-recommends-merge-p&quot;&gt;
            &lt;a target=&quot;_blank&quot; href=&quot;/s?rsv_idx=1&amp;amp;wd=%E5%B0%8F%E5%85%AC%E4%B8%BB%E8%8B%8F%E8%8F%B2%E4%BA%9A&amp;amp;usm=4&amp;amp;ie=utf-8&amp;amp;rsv_cq=%E4%B8%AD%E6%96%87&amp;amp;rsv_dl=0_right_recommends_merge_21102&amp;amp;euri=1a747683a74a4f7e9813beec9bd01230&quot;&gt;&lt;img data-b64il-id=&quot;3679731788_133940342_58&quot; data-src=&quot;https://ss2.baidu.com/6ONYsjip0QIZ8tyhnq/it/u=3679731788,133940342&amp;amp;fm=58&quot; class=&quot;c-img c-img4 opr-recommends-merge-img&quot; src=&quot;data:image/jpeg;base64,/9j/4AAQSkZJRgABAQEAAQABAAD/2wBDAAUDBAQEAwUEBAQFBQUGBwwIBwcHBw8LCwkMEQ8SEhEPERETFhwXExQaFRERGCEYGh0dHx8fExciJCIeJBweHx7/2wBDAQUFBQcGBw4ICA4eFBEUHh4eHh4eHh4eHh4eHh4eHh4eHh4eHh4eHh4eHh4eHh4eHh4eHh4eHh4eHh4eHh4eHh7/wAARCABkAEsDASIAAhEBAxEB/8QAHAAAAgIDAQEAAAAAAAAAAAAABQYEBwADCAEC/8QAOBAAAgEDAwMCBQIFBAAHAAAAAQIDBAURABIhBhMxIkEHFDJRYXGBFSNCkaEWM1JiJJKx0eHw8f/EABoBAAIDAQEAAAAAAAAAAAAAAAQFAgMGAQf/xAAxEQABAgQFAgUDAwUAAAAAAAABAgMABBEhBRIxQVETYXGhwdHwBoGxB5HxFCIyQlL/2gAMAwEAAhEDEQA/AOcZKqSrZ2UhQWOSOP1x9tEz0teEtsdzktdXDSswVZZFKBifH1Yzqwvg70HCs1q6mvE69vPfhpWiyDz6GfPt74x9tXf1L0tR9W2OShmikKs6SrIGPpZc8+fUOfGi0yDq2ytVuIqXMIa/sbAJjlqkqb9aqyKWgeZSFBCZ+oY5OP786bbD1PS18i/OUamsXG2Rh6lP3Izhvv8AfTZfugLnZOk62jiW0z1UVSO7WACMxQShQuWb1YBD5Cgn6vOlil6HqzZBdKyrRUjr/loWimxsw+DIzeBGTkqcerBOQBpZlFMqrEWiReBNaRJq6KupaOOqaNkpSSIJCm4yHPPP9z7aK9OdDXLq2sip5rZVCj3YmrlX0Rrjna3gnx78e+jvTnTV4s4q6y70Z+Wt9Ozy07SmSOao7gjTcBwAA4YgHkY9mOneKnHVFnRbX1OYJDFFHNbqqBo0WRVxtjkUbAGOTt4znUktlCQ45ZNaE3tpwD7dxBCJcPg+VqxJ6ItPSPRcKU1hqoLnWmILPXTSM75yS4Q4IQEnwOP10H64+HHR/WFetfBTC0XWaQSyU8HHzUS+liqkAbvT7ck5z50z2Ol6fs93iotxqD3oY0IO7uq6lZcqPpKNznwPB8g6Dw0dFcLbbpJ4H/iEEbxOr99EDGo5cH8R/SAeSffGqAuWS8FgqoKX3Nam4Fqd9jwYNXKpcbKCn5zEO2WCLp2gS3U0EsMQJfEgILMeS2MD/HGt+tH8Ur7PepaSSOqntBqzB2ali4KliBtY/wBWBnI0RuUKUlwqKYZcRSMgbHkA63UlMJcQMotSopGHxXDHJRQUpWYGA9JaKqGGFHp5KaEKFQyIQAAOANMHTtfSwrLBHWtN2pDHLznttgHH+Rp9qDTuFikRZUByQRka5+hobt0Z8RL1Q1200Ff/AOIjrGcbVXcdrlf+WCQRx4z40BM4i2ygKdFE79uIa4dh8xiCloYuulQOb3v2F4ti62GkvlZQirjWWirs0shJK87WaMgjkH/cXP8A31t6N+Edr6at7QUoiujtUmpLVkC/y28KqAcBQMcHPPPvoV0V1W/V1jq4LTa6tYqONHS4yL24ZamPDKIU5Yjcvk44P51cHT9zpK2ghq48duaNZFP2DAEA/wB9LFpbU51UitY6ptbaum5YjWE2CKmnvlwttdTKYrhSq7xuOCyfy5B+6mI/tnUKq6Pp7NYzDa4ayo2Sdzsq6ZlG7cql2xjB9/OPY4B19dfXCKm6thqqWQB6SSMzhTwqS/yzn+6N+w0Ue63ib5cW2egjKlu+tVGzbvGACvI986tdleskA6VCvnnFsvOKaVQGKg6guM9ruTR1lhSku3Lmd5D9TEEsoHDrnxknGSNMFqmr66AS09mgrZoKOnjeRnQL3AHyCXJBxuU4X2XnThdLgapkW4fwueKnmaKoR7dO5LA53JgEfSDyOCdR6SruNWstLbVtMjRxZj201REi+pRj1gDwScD3GuKlm1ADLSnj8A7QzVOnJUC/lAz5S3wxwmpSGeqhEbKe0NiyKD6vyMkkgYBIHka0NGjMWMpYsSSSckk+Tpg+Skam2XB6d6nJ3GNSq4zxjPPjQ2SzpvODgfro6UZbZSQCYRTU084qqgD4QZYFlZQzISCAy+R+R+dAOmei7LaElzHJWyyVUlU89Y3dkdn9mZvIAAH7a86R6wtPUVliukUyQRyRrIA7j6T75/B4I9jpYq/ifTy3g0Vt7rQxyyRbkBZpMNsyqjzk5C6An5xiXaDrgrxB2GSczMuFpkkcxbFIyqqpEqxqgG0KMAfbA0ty9LxXham0CuqKWOlq1M0cb7RUUzHuxp+CGLqG9tpGka41PxFjop6+1QVtGgdRCtymVe7IzYWNQNxLMeAOB7Z1Y1ru0c9Vbq8wPHLWw/KytyoWRA7lSD9irgH86ClcXTMkFKSk6X3r7Wi6dwVyTJOcKGpptTnxvSI03TA+U6geogqaaCrGYJKipWVmymNv/IbSBjP2Ghdsq5pbfTVob1SIC+P6XHDD/wAwOnirrEliMUu2VMepSMjSdQU8UdNdkji7TU1R3whk4MUg3cZ/7bx+2nLcyEuhCzcj8c+cJVsqdaLiRQAj9zxBI9S1FNb27W96jjtxpklsHJ/wDpxpLhBWQq4clXAYBvODqv7dHZqnsVMV0AmeCXur38RwgAH1bRkZwfP/AOwrldDRPNbqKvQ1UCNKzykhWIO7YuBzx6f2zoJc42p5Q0G3299oYJknEspOp3+/tvFh3KjimU7fJ8Y0CloKpJGUh+D9tErVfXeGKmloJYY+wssdScFJTyGIPnz4z5GtMvVdjSRle5QKwPIZudFodIsICW0Cb2jjj4RdQVMTzdOSy5gUNPCQfpHBYZ8++f76avhPX0FF1isVZSPJKpkMU3aYnt5JJXA9wfbkaq74PSVb9bRLTU7VEppZv5avsLgoQRu9s50/W64TRK0NbbknaRTT05k9JGHzke+fA/U6xuLqV00CnPpG7+nUpKnb8et46Ttd0rk6XnmRrfWVrOZKaHeYoNhbMYbePSVGMj7jjnQL4gXipprP85FVRo8Vekvejj7iAKvJGfblv11WPSnRFfbKmpu0wpoqzYwpaZZMqhc+pifAbGQPOMk5012meoq3NtvQaCNkKLGeV5Urkezeck+eB+mm+H4PMAJeWKa20OloXTeJSLpWw0rN31ruf2g7fOqZ46NaO3SmeU4ZqkxAA+/jwf08D862dFy32PqWnu1wulPWRzRvTdqKQBBOFLxpIQuF9LO2Of8AGh1AKaS309bu7+xYy8cbYKsMD1fYbgRxn9tFbffno6lqvuVCBxtO0jtj8YAwNHuYcspJZWb3JOp+CFLLqlmryAALADQDmJ/VVpr6Klga10diqauo2Ryzs/baRs5wB9QA/Xn8aAV1wvvTtAbubRZ5Jbfj5iSOJ2cj6CDnHnnn99OCX62YWpCI8vbw4kjUiRj5JPt+o183uCrgs9NBDQsTcfmaueAz9texEg9D/cYc+k++M+NAOM/0rRW4CT89INCy8ugoIrCq+JVTerdS2240k1NR07MN1IrCRkPO0ktjjOedM8E/wj7EXzF6ubzbF7jEy/VgZ/p++dIV4vv8ZeNbfDDR0EQIgiZQojB8secFiM8c68oeho6ukjqYbk0kcg3KyKuCPxxq9iVcdTeteBtAb77bKjcHud4qv4D3qyWC9VdRdKSeaoqgIIe19UYzlsL7knH7DVvUEnTKXOV4Yw9e0pqMVse2SMtzlVYekfpqqLFHZ7V1KJrpVieor9yMc5xltr7T/U3IORqxeuLf3rBR1dTR26WvpJO3FU0AkBSIcKZS5zljjAGQuPPONCtzK2FhVMwGx57cRS5JrdbUpCiCeNxx3hxWpldA4V9reCqHB/fUSOteeveJXJEZ2hSeSTx41QVX1FfJKmSjqK6pLROIyoqAhwD5IGAT/wC+rQ+Gdp6jrLNLRtd2t1RWRLLCwQCeCE8qWl427gc7eTjB04YxkuZuoigArY/x/MLZCTyOgk19IbaWrjoJK+0SsBWyy5WnJw6RMVkLsPYbjgfvqfTVLwuJExkHOCOD+CPtqL0P0RZ+nblc5t0lfKVCT1DuWYEDduyfPJ/Un240Y6hijjlRhH25cYlB4LNgHdtHAHPGiJSZDgCSmlb+3lDpwUNosC203TMUVJcobTTR1dW0awHBIV3x4UnAxz7e2hPVNc3UlZfLZDM8EcKNQqrx4XtMw3sHHOHKEZP2I1E6QpbldDTnIpYbfCUp3mBIMpHMmBzgDgD350cuzHpujp0t7vUxBdsjSclz5Jb9SSf31k3VLD2XPXKTqa72EMG0JKaFOo8IpGWzWqiuTQVFFTK0LejGHTP34ONM0NWBEoWJMAcbTgftrT8SUttqkhu9BTU1TJWEEU8hbA9jgKeDn78ar7/X1+i/lwtQxxj6U7ajaPt509OPNNpAbbJO+gHrGRmZB5L6kuLsNN7RX/UtF2LTaJ6qUCrSch0SYAsDyQH9sBeG09dJdUd5qGyTfM1clziKtPM6MDEhIKejjf4/vnzwFCz2+Cqv5ul2aatpjMzBYhkge7ZPuPIH2yPJ0T6ltU8RSlgtxhaCY1EDRoQUQn0tIR6YwSx4J8jPGRpIsgitLfiNCh49MupFQKVpz4d9o1dRdL1tB1LUGrt1PJQTylaepmXb3eAwTPgMBnOfca86Ve807vF0xcK5d47WaeRgARzjB4wMnn8ac/h9frfeaaK39USzSsziaCFFUSZXI8sCAfPOnOy9TzQx26ntNueslANVW0sdMtTUpEMZiJG0LuyOSocbTwwIOpNBJSc8QTJh09QKNDe23tEP4fU/WJpXhr4nkkPBkkkMrSj2L8fV/wDGrEsnS1yrbhHWXoNIEAAj2kZx4zqTT9cUUFxp6MdHX+hapljih3U6r3GcnGP0CsSSRgDnHsd6O6p/1LBWzfw6vtvyVU1I/wA2VCvMhIdUOcsBgerAB3cZwdXuTz6UZUim1bVp4wahloEAX8YOLTxQxIkaJCAP9v2/uNCepaanmtFSHjO5RuBV8+NFGkRg6SzQlv6V99Un1l8ZhT3ytsVssYro4CYpKhptqlgcHaAOR45/XSn/AGBEXOvIYTVZpFZdU1V5rup7jRR3EQwUzNEhHIT3UNnAAPOTnggec6VZOnw7lqmXsy5wySGR2BH3I4z+mmWo69rXpryaJrHSi4QyU1VTRwBXcKMlyzE+vBwCeOeBu5Cs/Zdt9XW1qzt6nFNEJowT/wAXJBYfnTJph0LyqokEV1T23NRodNYz56bqC6lVSSbGtfMev2glFFHFYJqtFIeOZUChiAVOSVOPbjWq3dSXunor/QU9xmhpGAjlhQ7VlAAxvxy31HzrNZrgtIKI/wChA6FHpaxM6ah/iFDHJUyyF4YA0RB+j+YwwPxjRKqr6youK1087SVAAbe3klduP/QazWaWzP8Ain7x6d+niElD6iL0T6x7Tos3zM75LxoZUOfpYsoyP2J1Fpn7UTpGNqu3cIDHG9sZfGfqOPOs1mhuB81j0dSEkqURcE0PFhpDd8OCwNfcg8nzcI2xybySu/cG8+c499V1NUyxX1mBDFmfcW5z/wDfxrNZo2XSCEW1948i+vCTPAHQU/AgvRQxWmwxXOjRVqakNTuzqGwpAJK58E5/wPzqdZunqGptdPM7zBmXwCv6e41ms1pcLYacJC0g23EI5htIbZFLZa+cf//Z&quot;&gt;&lt;/a&gt;
                                &lt;/div&gt;
        &lt;div class=&quot;c-gap-top-small&quot;&gt;&lt;a target=&quot;_blank&quot; title=&quot;小公主苏菲亚&quot; href=&quot;/s?rsv_idx=1&amp;amp;wd=%E5%B0%8F%E5%85%AC%E4%B8%BB%E8%8B%8F%E8%8F%B2%E4%BA%9A&amp;amp;usm=4&amp;amp;ie=utf-8&amp;amp;rsv_cq=%E4%B8%AD%E6%96%87&amp;amp;rsv_dl=0_right_recommends_merge_21102&amp;amp;euri=1a747683a74a4f7e9813beec9bd01230&quot;&gt;小公主苏菲亚&lt;/a&gt;&lt;/div&gt;
                        &lt;div class=&quot;opr-recommends-merge-d&quot;&gt;
        	            	&lt;p class=&quot;opr-recommends-merge-width-text&quot;&gt;动画卡通系列&lt;/p&gt;
                    &lt;/div&gt;
                            &lt;/div&gt;   

    &lt;/div&gt;
 

&lt;textarea class=&quot;opr-recommends-merge-hide opr-recommends-merge-more-textarea&quot;&gt;    &amp;lt;div class=&quot;opr-recommends-merge-morelists&quot;&amp;gt;
        
&amp;lt;div class=&quot;c-row c-gap-top&quot;&amp;gt;
    
    &amp;lt;div class=&quot;c-span4  opr-recommends-merge-item opr-recommends-merge-item-vertical&quot; data-click=&quot;{&#039;rsv_re_ename&#039;:&#039;芭比之梦想豪宅&#039;,&#039;rsv_re_uri&#039;:&#039;94e4f6c90485415b9700a1d6a2a86c52&#039;}&quot;&amp;gt;
                                                	&amp;lt;div class=&quot;opr-recommends-merge-p&quot;&amp;gt;
            &amp;lt;a target=&quot;_blank&quot; href=&quot;/s?rsv_idx=1&amp;amp;wd=%E8%8A%AD%E6%AF%94%E4%B9%8B%E6%A2%A6%E6%83%B3%E8%B1%AA%E5%AE%85&amp;amp;usm=4&amp;amp;ie=utf-8&amp;amp;rsv_cq=%E4%B8%AD%E6%96%87&amp;amp;rsv_dl=0_right_recommends_merge_21102&amp;amp;euri=94e4f6c90485415b9700a1d6a2a86c52&quot;&amp;gt;&amp;lt;img  data-img=&quot;https://ss0.baidu.com/6ONWsjip0QIZ8tyhnq/it/u=3741829383,2108658552&amp;amp;fm=58&quot; class=&quot;c-img c-img4 opr-recommends-merge-img&quot;/&amp;gt;&amp;lt;/a&amp;gt;
                                &amp;lt;/div&amp;gt;
        &amp;lt;div class=&quot;c-gap-top-small&quot;&amp;gt;&amp;lt;a target=&quot;_blank&quot; title=&quot;芭比之梦想豪宅&quot; href=&quot;/s?rsv_idx=1&amp;amp;wd=%E8%8A%AD%E6%AF%94%E4%B9%8B%E6%A2%A6%E6%83%B3%E8%B1%AA%E5%AE%85&amp;amp;usm=4&amp;amp;ie=utf-8&amp;amp;rsv_cq=%E4%B8%AD%E6%96%87&amp;amp;rsv_dl=0_right_recommends_merge_21102&amp;amp;euri=94e4f6c90485415b9700a1d6a2a86c52&quot;&amp;gt;芭比之梦想豪宅&amp;lt;/a&amp;gt;&amp;lt;/div&amp;gt;
                                    &amp;lt;/div&amp;gt;   

 

        
    
    &amp;lt;div class=&quot;c-span4  opr-recommends-merge-item opr-recommends-merge-item-vertical&quot; data-click=&quot;{&#039;rsv_re_ename&#039;:&#039;超级飞侠&#039;,&#039;rsv_re_uri&#039;:&#039;abad474f1b3340a7bed51ee593a1618e&#039;}&quot;&amp;gt;
                                                	&amp;lt;div class=&quot;opr-recommends-merge-p&quot;&amp;gt;
            &amp;lt;a target=&quot;_blank&quot; href=&quot;/s?rsv_idx=1&amp;amp;wd=%E8%B6%85%E7%BA%A7%E9%A3%9E%E4%BE%A0&amp;amp;usm=4&amp;amp;ie=utf-8&amp;amp;rsv_cq=%E4%B8%AD%E6%96%87&amp;amp;rsv_dl=0_right_recommends_merge_21102&amp;amp;euri=abad474f1b3340a7bed51ee593a1618e&quot;&amp;gt;&amp;lt;img  data-img=&quot;https://ss1.baidu.com/6ONXsjip0QIZ8tyhnq/it/u=2367933187,365798727&amp;amp;fm=58&quot; class=&quot;c-img c-img4 opr-recommends-merge-img&quot;/&amp;gt;&amp;lt;/a&amp;gt;
                                &amp;lt;/div&amp;gt;
        &amp;lt;div class=&quot;c-gap-top-small&quot;&amp;gt;&amp;lt;a target=&quot;_blank&quot; title=&quot;超级飞侠&quot; href=&quot;/s?rsv_idx=1&amp;amp;wd=%E8%B6%85%E7%BA%A7%E9%A3%9E%E4%BE%A0&amp;amp;usm=4&amp;amp;ie=utf-8&amp;amp;rsv_cq=%E4%B8%AD%E6%96%87&amp;amp;rsv_dl=0_right_recommends_merge_21102&amp;amp;euri=abad474f1b3340a7bed51ee593a1618e&quot;&amp;gt;超级飞侠&amp;lt;/a&amp;gt;&amp;lt;/div&amp;gt;
                                    &amp;lt;/div&amp;gt;   

    &amp;lt;/div&amp;gt;
 
&amp;lt;/div&amp;gt;
&lt;/textarea&gt;

&lt;/div&gt;
 
	&lt;div class=&quot;cr-title c-clearfix&quot;&gt;
            &lt;a class=&quot;cr-title-sub opr-recommends-merge-more-btn&quot; href=&quot;javascript:;&quot; onclick=&quot;return false;&quot; data-click=&quot;{&#039;fm&#039;:&#039;beha&#039;}&quot;&gt;&lt;span&gt;展开&lt;/span&gt;&lt;i class=&quot;c-icon c-icon-chevron-bottom c-gap-left-small&quot;&gt;&lt;/i&gt;&lt;/a&gt;     
        &lt;span title=&quot;相关书籍&quot;&gt;相关书籍&lt;/span&gt;
            &lt;/div&gt;

&lt;div class=&quot;opr-recommends-merge-panel opr-recommends-merge-mbGap&quot;&gt;
        
&lt;div class=&quot;c-row c-gap-top&quot;&gt;
    
    &lt;div class=&quot;c-span4  opr-recommends-merge-item &quot; data-click=&quot;{&#039;rsv_re_ename&#039;:&#039;小猪佩奇&#039;,&#039;rsv_re_uri&#039;:&#039;d71ed41cb30a4b5d97528d53f27802d3&#039;}&quot;&gt;
                                                	&lt;div class=&quot;opr-recommends-merge-p&quot;&gt;
            &lt;a target=&quot;_blank&quot; href=&quot;/s?rsv_idx=1&amp;amp;wd=%E5%B0%8F%E7%8C%AA%E4%BD%A9%E5%A5%87&amp;amp;usm=4&amp;amp;ie=utf-8&amp;amp;rsv_cq=%E4%B8%AD%E6%96%87&amp;amp;rsv_dl=0_right_recommends_merge_21102&amp;amp;cq=%E4%B8%AD%E6%96%87&amp;amp;srcid=28310&amp;amp;rt=%E7%9B%B8%E5%85%B3%E4%B9%A6%E7%B1%8D&amp;amp;recid=21102&amp;amp;euri=d71ed41cb30a4b5d97528d53f27802d3&quot;&gt;&lt;img data-b64il-id=&quot;1813543513_473852610_58&quot; data-src=&quot;https://ss1.baidu.com/6ONXsjip0QIZ8tyhnq/it/u=1813543513,473852610&amp;amp;fm=58&quot; class=&quot;c-img c-img4 opr-recommends-merge-img&quot; src=&quot;data:image/jpeg;base64,/9j/4AAQSkZJRgABAQAAAQABAAD/2wBDAAIBAQEBAQIBAQECAgICAgQDAgICAgUEBAMEBgUGBgYFBgYGBwkIBgcJBwYGCAsICQoKCgoKBggLDAsKDAkKCgr/2wBDAQICAgICAgUDAwUKBwYHCgoKCgoKCgoKCgoKCgoKCgoKCgoKCgoKCgoKCgoKCgoKCgoKCgoKCgoKCgoKCgoKCgr/wAARCABLAEsDASIAAhEBAxEB/8QAHwAAAQUBAQEBAQEAAAAAAAAAAAECAwQFBgcICQoL/8QAtRAAAgEDAwIEAwUFBAQAAAF9AQIDAAQRBRIhMUEGE1FhByJxFDKBkaEII0KxwRVS0fAkM2JyggkKFhcYGRolJicoKSo0NTY3ODk6Q0RFRkdISUpTVFVWV1hZWmNkZWZnaGlqc3R1dnd4eXqDhIWGh4iJipKTlJWWl5iZmqKjpKWmp6ipqrKztLW2t7i5usLDxMXGx8jJytLT1NXW19jZ2uHi4+Tl5ufo6erx8vP09fb3+Pn6/8QAHwEAAwEBAQEBAQEBAQAAAAAAAAECAwQFBgcICQoL/8QAtREAAgECBAQDBAcFBAQAAQJ3AAECAxEEBSExBhJBUQdhcRMiMoEIFEKRobHBCSMzUvAVYnLRChYkNOEl8RcYGRomJygpKjU2Nzg5OkNERUZHSElKU1RVVldYWVpjZGVmZ2hpanN0dXZ3eHl6goOEhYaHiImKkpOUlZaXmJmaoqOkpaanqKmqsrO0tba3uLm6wsPExcbHyMnK0tPU1dbX2Nna4uPk5ebn6Onq8vP09fb3+Pn6/9oADAMBAAIRAxEAPwD9/KKKKACiiigCO6laC2knWMuUQsFUcnA6V8t/ED9o0fFz4car4W8XaNbaQJ1S70zN0XS6MMqSNZyAqMSMqkADILAjjGD9TS48ps9MV8Q+O9d8HeIfiRqfieD7NZi+u5P7OgRgoC52+cAThXkI3kjrn6k9WGipNto+64Fy/D4/GVHUptyhyyjJfZad0reduvRPq0afg39r65+Cfw4/sL+zLEWqa0lppt3quoCNLc3DxxxQ7MjGZnKqGdMb1WrXiD9rz4wfaLeS48U2mnwz7BCljoO9nkaQRhCHMhwGZQTxjdnIArjfD3g1NItBZXepXN4scsskM1xeSvJHvleQqru5KRqZGVI1wqJ8qjFaVp4U1LxlrNr4K8E6RPNqqR77QWxEaW8YwrO7kFVQZGRgnkYBOK6+SnfmaP0FZLkyq1MXiaEFzaycves9bttvls9HolbXfp9K/sxfHG9+NPgt9S13S2tNRtHQXUZgaLeroGR/LbLRk8goScFTz0r06uD+A/wdtvhN4TOn3Opvf6ndyifVL5gAJZdoACjHCKBgD6nqTXeV5tTk53y7H4pm0sDLMqrwStSv7vp89bXvbyML4g/E34e/Cjw1ceMviX400zQdKtRm41HVr1IIU9AWcgZPYdTXzTrv/Bbv/gm9oesnRj8c57wo+17mw8NX8sIOeocQ4Ye65Ffl5+0J8evih/wU/wD2i9X8V+KvE15YeBtFumXQNFjkwlnakkR4T7pnkVSzyEEjp0Ciudg/Z6/Zs8Uzy+G/C/jNv7SjDKPI1RJZMr1+RgQ2O+3H4V+n4TgvI8BBQzerUdWyco0krU76pSbT1tvZfefJ5ZgeP+L8EsfkNLD06E5SjSeIqckq7i7S9lG6ur3Wu9j9yPgZ+2j+yz+0nF/xZP43aFrs4Te2nw3Xl3aL6tbyhZQPcrivThKjDIP6V/MH8QPBvij4HfEH+zoNZnhurQrc6bqdlK0TlcnZIpU5RgQRweCDg96+h/hD/wAFuv8AgoF8JvDi+GD8RdP8T28MYS3m8V6WLqeMdB++RkkkPvIzGuzH+FGIrUo4jJ8QqlOWqU9Hb1Ss/mlY+Cj4mVcnzCrlvEGFlRr0pOMlHVKSdmmm9PVOSe5+4nx1+O3wl/Z8+HGofEf4x+N7TQtHtIiHubp/mkcg4jjQZaSQ9kUFj6V8H+G7HS/i54U0Xx54O1tJbG+0+Jkd1wSgAw2Oxx1HbNfBvx61H9sL9so6Z8df2kfi9pSeHbmFm0vU9V1qC3sLEcBoYrWDc4lGPmVY2kOPm6Zrpv2VP2kfFv7O2lzeGvDviJfFPhl591j59o9sAOjtGH+YKX3YDYJABwuSK+U4kynKODsnpVcVilKvOfK1FXikk7694u1+uq07/wBH/R8xXGnGXEuOoZfgXTw8KUanPNqMm27QVn0qKUnF7e49T7l1b4lan4R8QT+HtY+HeuzWqIn9mappNk15HdDaNyuIxuhcNkfONpGDu5IHV/sz+KtW0r4taNr3xF1S10M6jqt09vp+oXsSG2sxZlFhZt21naRVlIBOC+Mnbmvl/U/+Cj6mxI0b4bSC5I4ae6GzP4A18sftM+NfFn7Qvi/Tdd+JPxCi0jTlZ4Ekmglks7FmBKOUiVnwzAIWCsRkHGAa+Vy/O+HsdmdHB1K3KqslHmUXLlb0Ttpu7J27n7/xjwJxtg+B8xxuFwMZVaVKUuWVRJzSXvcr95RajeWujasmr2P3L+Lv7cv7I/wE0iXUvif+0D4YsGiXIs4tTS4upOP4IIS0jfgpr5A8S/8ABx3+zTpmvXVh4c+CfjDVLKGXbb6g720BnX+95bOSoznAPOMZA6D8sfG37MfxJ8D+DJfiXdXGjXvhxZ0htdb0rXreeG7kY/diVW8xmA5ZSgZQDkDFWfBP7K/jnx34XtPFthqNlFDeozxJcSMHADFcnA74z9DX7fg/D3grB4b22OxTqJvlvflSe9rK7vbdN6dj/OijnninxNmbwGT5e41Iw9o4qPNJwuo815WXK29Glr0bR6p+yj4S1Xwrpvi7wjrkJg1HT9cewvUI5jmiDIw/Bt1c78N/2UfHfhn4h2fiDXtes4rHTb5bkTW0rF5wh3BcYAUHAzk8DPWvUtL+Ivhz4m/E74y/FTwbGE0rW/iDqmoaaVXBaCRmkR8diwYMR2JNeKfCDwH8QPjXoVzqHi34k6vb+HbRmjkWS9kkMxChioVjjCgjJII6DB7dka+P+s46vKsqMZKmp3jzO8obRS67q3+R+04DA5DiOFOEME8uq47ExjiKlBU6qpQSp1U3KrKWig/dd001a2t7GR+1f480Txr8SVHh66S4g06yFsbiJsrI4ZmYqR1A3AZ749K8uQ4brj39K9x8T/s9/DHV/h/qni/4UeKtSuJtHjdrqHUU2h9q7mGGjQg4yQeQcY968NC5OMivv+G8Rl88uWHwvNalaLUlaV99V53ufzH4w5ZxVR4uqZtncafNjW6sJUpqpTcb8toyW/Lbld9dL9T3DR/CPhDxj+zdeeJ/Hn7Q6T6rpVpu8JeGZtaybVwdskJgkUtlkiiClCqY24LHKjR0LT4tJ0m104IAsFusa8egrwKKcwsMDlSCrZ6HOc16B4b8fWUfgjxT4m8c/EuPT7rTdPt/7AsJbu1ie8upLqNT8rpmREhEzEKODsyRnB/DPF7w84n4hx1Gvg5xdCCekpKHLKckrJWtZ2jq+t2f199E7x+8MfDzIMXhM4p1KeMqtNuEJVFOnRpykpSk5NppyqJRStblS6HpIaM8DH5Vj+PrWPU/B9/aKQW+zs8eB/Eo3j+VeWxfF3xjOqzQeIPNRgCrpHCwI9iE5q78ePjV4M+HPiTTPDmn/FmC4Gq+HdNuXtGlgmmiuZ7ZDNCyxRkptlMigEAgYz6n8kq+DPGuAqQlUdKHNrFupFK6t176q3c/qen9MrwRzPDVVTniKijZSisPNu0rrbto0+2hjp438W2nhybwXaeJ76PRrmYzT6Wt24gkc+WdzRg7WOYo+SP4F9K+xvglAsXwi8OKseAdIgP5qD/WviOY5fucKAMnsBivuT4OAp8KPDihf+YLbd/+ma1/TXiFGrTyfDXSUnK8rd+XXXr6n8PfRIrUqvHmbyw8nKnGko0+a91D2t4q13bRLTZM+cfgl8dPDvw08B6/4b1WxuZbm/Jez8kLtLmPYQxJGOcc8967b9n/AMSa5rfwNvPCXw01i1tfEmnXZkjjuAp8yNmBzhgRgjK57EDkZBryXw9+zn8f/GPiB/DHhX4JeLdS1GOTZLY2Xhy5kljPcMqplfxAr0jV/wDgnd/wUB+F3hiX4n6h+zf4w02ys4TNLe2sQM0CAZLtHE5lUAdTtGB14zXt5vl/D9VzX1iEKtWUZ+9KLTlHRLlbV01e6R+O8EeKXF+R1sJHEYedTC4ahWw/7pSp1I060lKUo1EnapGSi4tqyUbNatln4lD9pj/hWepal498S6Zp1kAIprGJUE1yrNt2goCMHOcBhkA54q/PbfAr4I+APDkPjH4dRancaxYCWe4+xRzSb9iM5LSEYGXwAPT8/Ate8deMPFDRr4m8S39+I/8AVreXjyBT6gE8V9LfE4fApPDfheD4xTSrJDpStYpF53zLsjDg+WPUL159K8rMcFWy2OHw9ZXjOU240IuLdoqy0d3Z6ts/WeDeJMDxhUzjN8BNRq4ahh6dOrmdWNaMXOs/aOTlFxhzxXIowjq1fds84+Ofwh8CxeGNK+K3wuBh0zU51iks3zhGYNgqG5XlWUqScHGK7D46eI/g58O/7L+FXiz4IaR4g01tOWUw3lrC6xgsUJCyRtuc7CS2QeetcR8YPjT4a8cR6J8Ofh1pLWeh2F5EVDR7DIwO1dq5JCgE8nkk5IHf1H44/EX4KeEvGNvafEPwJPquopYpLbzLaxyIIy74U7nH8QY42kc1xYuhja1PCYbMKM6yftGoX9+10oczutUvuPdyrGcMYWrn+Z8M43C4Jr6lCeIdPmw/tGqjrqjBwlaFRrRWs2tGtDhPE/7Ovwi0jxF4IuPh3oMOk6B4iuU87SrePy1UMFkyo/hLAkEdj0rV1/4v+GPA3xmk+Htj8LtBi0lbiK1vJU09Fmk3qu58jggbuhByB15rzn4u/tA678Q/F1hrWk2x0630aUPpcKvkq4YHe3GCTtXjoAMc8k9rB+0b8FvEV1a+LPiB8KZX8QWu0/aLVEaN3XADcuufYMGx0ycV1yyPMKeCw6xeHdaMYSioJ605N+491e0bK/Sx4GF8QeDKuf5muHcwo5fOpiKNV1qlJqniKcafLWhFcs3CMqvNUUGlzKVrrpwn7SXgPTfAfxUvNL0Gy8iynhjuLeEDiMMOQPbcGx6dK9E+H/7YPhbwn4J0vwzqnhfUJp7CzSB5YZE2ttGARkg9AK5341fHzwP8X/B8Vq3gma11qG5zBdO6sI4cn5d4wTkY+XGAec+vjx5Oa+hwuULPMmpUM3pSU6emstW0rXunrdfifludcf1PDTxFx+ZcBY6nLD4tcycafuxjKXP7PknFcrg1pZfDb0X9Vv2aDAHkrx04pJraOZSjKCCMYNSUV/JTSZ+22R+Dv/BZH9gfXf2V/wBoe/8Aif4Q8NSL4C8Z373em3VrBiDT7t8vNZtjhPm3PGOAUOB9xseA/tEfFLwt8SNL8Mf8I68vn2OnMl+jxlfLchMJnvjaeRxyPpX9IXj3wB4I+KXhS/8AA3xH8KWGuaPfxGK803U7ZZoZV9CrAjggEHqCARzX8/f/AAUh+CXww+Bv7bmo/Cr4WeFxpOgJcQBNPW8mlChz8wDyuzge2eO1fv8AwFxNDP6lDDYuL9thotxknpKNlH3lve1vXc/D+McDjuEsqx9DL5Q+q5i6aqRafNGVOftIuD2Sve9+jtbZnz1pl1PZajb30ce9op1dVI4JBBxXu/xz+EP7Rvxymsvip4O/Ze+IX9ixaUkbagfCV08T/Mzlg6oVKjdjOe2eK/ZD9hn9hH9kL4T/AA50H4g+CPgJocOu3WnxXEmsX0b3tykhUEtHJctI0XPZCor6XMUaxgKgHbivLzrxToRzWNXDYS8qXNG8pW330jddN236HocPcCZrS4VxGWVsYo0cU6dSUYwT1p35HzSs1bmd0rXP5XLq0u7O4e1vLaSKWNyskciFWRgcEEHofambiTn+lful/wAFlf2W/wBnzxZ+y/4s+OGt/CnS28XaHppk07xBbo0FyrZUDzGiK+cACcLJuA7Cvxe/Zy8L6F46+PvgzwX4qsftWmar4msbW/tvMaPzYZJ0V13IQy5BIypBHY1+lcMcXUOI8nnjlScPZ35ldPVK+j0v87H5HxNwnX4czeGBdVT57Wdmt3ZXWtvlc7b9jv8AYU/aB/bc8Yt4a+D/AIaVbG0df7X8Q6jmOxsVP99wCWcjpGgZj1xgEj9DdA/4NrvhoujWw8UftLa5LqHlD7W9hoUMcJfvsV2ZgO3JOevHSv0N+EHwl+GvwV8CWHw/+FHguw0HRrCMLbWGnw7FGerE9XYnksxLMeSSa66vxTO/E/iDMMW3gZ+xpLZKzb85Oz+5aLz3P27IvC7IMDheXHR9tUe7baS8opW+96vy2P/Z&quot;&gt;&lt;/a&gt;
            &lt;a class=&quot;opr-recommends-merge-mask&quot; target=&quot;_blank&quot; href=&quot;/s?rsv_idx=1&amp;amp;wd=%E5%B0%8F%E7%8C%AA%E4%BD%A9%E5%A5%87&amp;amp;usm=4&amp;amp;ie=utf-8&amp;amp;rsv_cq=%E4%B8%AD%E6%96%87&amp;amp;rsv_dl=0_right_recommends_merge_21102&amp;amp;cq=%E4%B8%AD%E6%96%87&amp;amp;srcid=28310&amp;amp;rt=%E7%9B%B8%E5%85%B3%E4%B9%A6%E7%B1%8D&amp;amp;recid=21102&amp;amp;euri=d71ed41cb30a4b5d97528d53f27802d3&quot;&gt;&lt;/a&gt;                    &lt;/div&gt;
        &lt;div class=&quot;c-gap-top-small&quot;&gt;&lt;a target=&quot;_blank&quot; title=&quot;小猪佩奇&quot; href=&quot;/s?rsv_idx=1&amp;amp;wd=%E5%B0%8F%E7%8C%AA%E4%BD%A9%E5%A5%87&amp;amp;usm=4&amp;amp;ie=utf-8&amp;amp;rsv_cq=%E4%B8%AD%E6%96%87&amp;amp;rsv_dl=0_right_recommends_merge_21102&amp;amp;cq=%E4%B8%AD%E6%96%87&amp;amp;srcid=28310&amp;amp;rt=%E7%9B%B8%E5%85%B3%E4%B9%A6%E7%B1%8D&amp;amp;recid=21102&amp;amp;euri=d71ed41cb30a4b5d97528d53f27802d3&quot;&gt;小猪佩奇&lt;/a&gt;&lt;/div&gt;
                        &lt;div class=&quot;opr-recommends-merge-d&quot;&gt;
        	            	&lt;p class=&quot;opr-recommends-merge-width-text&quot;&gt;小粉红猪与家人的故事&lt;/p&gt;
                    &lt;/div&gt;
                            &lt;/div&gt;   

 

        
    
    &lt;div class=&quot;c-span4  opr-recommends-merge-item &quot; data-click=&quot;{&#039;rsv_re_ename&#039;:&#039;汉语入门&#039;,&#039;rsv_re_uri&#039;:&#039;1ad7e41370fd4ab18403370713e24f91&#039;}&quot;&gt;
                                                	&lt;div class=&quot;opr-recommends-merge-p&quot;&gt;
            &lt;a target=&quot;_blank&quot; href=&quot;/s?rsv_idx=1&amp;amp;wd=%E6%B1%89%E8%AF%AD%E5%85%A5%E9%97%A8&amp;amp;usm=4&amp;amp;ie=utf-8&amp;amp;rsv_cq=%E4%B8%AD%E6%96%87&amp;amp;rsv_dl=0_right_recommends_merge_21102&amp;amp;cq=%E4%B8%AD%E6%96%87&amp;amp;srcid=28310&amp;amp;rt=%E7%9B%B8%E5%85%B3%E4%B9%A6%E7%B1%8D&amp;amp;recid=21102&amp;amp;euri=1ad7e41370fd4ab18403370713e24f91&quot;&gt;&lt;img data-b64il-id=&quot;1021073473_2690133323_58&quot; data-src=&quot;https://ss1.baidu.com/6ONXsjip0QIZ8tyhnq/it/u=1021073473,2690133323&amp;amp;fm=58&quot; class=&quot;c-img c-img4 opr-recommends-merge-img&quot; src=&quot;data:image/jpeg;base64,/9j/4AAQSkZJRgABAQAAAQABAAD/2wBDAAIBAQEBAQIBAQECAgICAgQDAgICAgUEBAMEBgUGBgYFBgYGBwkIBgcJBwYGCAsICQoKCgoKBggLDAsKDAkKCgr/2wBDAQICAgICAgUDAwUKBwYHCgoKCgoKCgoKCgoKCgoKCgoKCgoKCgoKCgoKCgoKCgoKCgoKCgoKCgoKCgoKCgoKCgr/wAARCABLAEsDASIAAhEBAxEB/8QAHwAAAQUBAQEBAQEAAAAAAAAAAAECAwQFBgcICQoL/8QAtRAAAgEDAwIEAwUFBAQAAAF9AQIDAAQRBRIhMUEGE1FhByJxFDKBkaEII0KxwRVS0fAkM2JyggkKFhcYGRolJicoKSo0NTY3ODk6Q0RFRkdISUpTVFVWV1hZWmNkZWZnaGlqc3R1dnd4eXqDhIWGh4iJipKTlJWWl5iZmqKjpKWmp6ipqrKztLW2t7i5usLDxMXGx8jJytLT1NXW19jZ2uHi4+Tl5ufo6erx8vP09fb3+Pn6/8QAHwEAAwEBAQEBAQEBAQAAAAAAAAECAwQFBgcICQoL/8QAtREAAgECBAQDBAcFBAQAAQJ3AAECAxEEBSExBhJBUQdhcRMiMoEIFEKRobHBCSMzUvAVYnLRChYkNOEl8RcYGRomJygpKjU2Nzg5OkNERUZHSElKU1RVVldYWVpjZGVmZ2hpanN0dXZ3eHl6goOEhYaHiImKkpOUlZaXmJmaoqOkpaanqKmqsrO0tba3uLm6wsPExcbHyMnK0tPU1dbX2Nna4uPk5ebn6Onq8vP09fb3+Pn6/9oADAMBAAIRAxEAPwD13xD/AMFSP2P7y1fS/CPxhm0aKQlmuz4Nu5pck8ssYVUB9yWrO8Nftof8E7fh/exeNPE/xF8R67q1/GZrXUNX8OXJkP8A00CMvyoeisM5wQCAMV8Dfs5fGT4XeA/EZi+NfwysfEOkmNjFO2nRz3VvIE2oB5jKrx4yNjdCVI+6BXqH7OcvwU8a+NEun+HXh3UPD/iL4o6fYaxpnifwteTJ4X0yeQxW12t7a3MW2NmnmWS3LqMxRFd+Mr9WvCXhHKMLVwmFhWp0pJc7hNRdS/2ZVLe0a/uuXI9rbHj1eJs0zHGQxWL5J1IO8OZc0YecYfBF/wB5R5vM+mPA3/BQ79jfSPiDe+JNb+MmqRaW1tNDYaXbeGrxliEjqecrycDqa6m3/wCCk3/BO228Pnwvb/EzX1sy24oPDd3ktkEnPUZxzXy18X/hV8OB+0t8FvhF4k+FnhX4S+J76zjm8cWFho99qNlbX0+oT/Ybee0ubmZ2DwR2hdd4G27JIwK+mfE37P3w4H7Gmu3Fn4K+COmeOYodZngj/s/wmUjtY1jEECyyX73SOySysruDOj2zJIFPlmT5/iLwj8Os3r4etiKdWFoRhBRqKMVGLai9Iu/Vt3bd7vc9jJeMuJ8opVqVGcZc0pVJSkuZuUrX3at0SWiSVkbd3/wUq/4J3eL7ywN38QNZF5p5JsXXwzcIrd8N054AHboKe3/BVn9g1o2RvilrpJ7/APCK3FfC3/BN74M2v7RfxM8V/A/VPB2h31nrvgW/VdZ1cBH0S+UKNOuIJsgxu9+9pblQcSLcFCDnjlP2OPA+lan8e55/HHh6C7Xwb4d1rxHc6Bq1gssF/JpdjPeGxuI3HEcpgMT/AMShiRyBRT+j54a4THOuvbOpQ5Zr94tdbr7Pda39eptV8S+K8RhXRm4clS8X7uyejW/mfo7Zf8FZv2BLW3VP+Fm6+zLnAHhSf1+tewfBP9oX4Z/tGfD0/FH4Q6vdXujrq02nPLe2D2z+fGkTsNrHO3bKnP19K/LjwZ8Svh78bf2e/ivoN3+y78N9BuPCXgG01HRde0LSblNRWYazplrl5pbhw5aK4kDHYCS2eOlfY3/BGjYf2G5XZR/yUbUuP+3Sxri8bMBPIuEK+c4GrVpV4VIR+KLi+ezbaS7eZ7/hvxHmOJzPD5TUcXRjB20191WWp9aRXnn2ZfGD6AVj+aO+T+FaNrPB5BjLKDuJwarvZ2m47Zmx7MK/njPspzXjvh/LMTQxFOVSEJKpzzSfM2t130P3ijKGHqTTVl0PwU0XwH418TaFqfijw94Yu7zT9Ikt01G5gj3CFp32RAgcks/AwDzXsXwI+OmgfCL4aan8KPGP7K914quotcXxJqkN5eTwRSvbW3l2C3kSRbzaQtcXMzxh0EpmjBZQvPP/AAR+IXxW8J+DpNJ+H3xC03TILrUZpr20vNMgky0f2UJIzurNtBff2CLDK4ycirnhb4y/FG7W48YTfEmSC78TWtvpetX621t5cNvGVto43DYbzPKYuCuSVByD87J/c2YZpm06telKlSlTjJKHv1IyvpbmtB9ptNN7RW+p/ImHwOC9lSnzTUmrvSLXXb3l3itUurOp+MH7SvxH+MXxp8H/ALSnjf8AZwu1+IHh3U7O98a6rb21xBbeJDBJC1pJLbrGBayGKExs0ZCyAKwVSGz6/wCJP+CnviD4m/B/WvA178B/iDZahdeDta8PXuk+FPEz2fha3l1S5vXgkk0hLUhpEF4iK7Sh3MSnk8nx0ftDfHKW+tL/AFL4reHLuKO+s9ljPaRQwSeXqE8kefKVWijVotx2nO1woO1iKpfDz4h/GHwT40vPEWg/EPQQ+teK1vtYhu7D/Wzx4vFjbIEgG5NhjRvlIAyNwJ8KeYY6dB+1w1JSpq8F7SpbR6q/s01ZXtpbZenYsDhVUThVnaT973Y320fxddL/ADZl2fxN+Lfhn4Gab8EfhT8EtY8N3ba6l94u8SWVtdPfa7fQO81lESV/cR26fOsKfekUytkquzqdb/aX8S6/8Zta/aB1H9l+60/V/EXww1TSvFr6Qk8Nvf3+p2N1ZNrRRoisAk80SNEgCPIkhVhvOOdP7Wfxv8ZaBd+Hr34haRpsUUxtZJ7bTII3uYZ4TaFQzbdkccK4GzaRkMeRuGFe/tg/tCadNdaZb+OLdlEItDOuj2od0QyANuEZOT5jEnJycHJ2g16lKpxViHJPCUFPW/72ptK19fZ63VrLpZbbHDVo5NTin7ao49Pcj08ub8epsfCWPxv8M/g9478D33wB8QXGs/EyOx8LaNrE9ybaCwZb+zvJIZYXjy0kjR2qoWeMAO5+bt+kf/BND4F/E/8AZw/ZSl+Gfxy8FPoevHxzf3wsJbmGZvs721oiPuidl5aNxjOfl6dK/MzwD+0x8dvFnxB0Dw4JLbUYbjxXZ3n9iWthb2iXc63NtLjckY8ss1tFl8HGCTnLZ++PjN/wWQ8NfD7UJH1v9lO+upUuvKvja+LbuBbaVgWRGN3pMW/eqsVKbgQhOa+V48w/G2Z5L/Z+Go4d4irPm5ZNyi1FJL4rWdr9GnbSzZ9RwXjOG8ozR46rVqKMI2V49Xe+1/L7z65RbScBY7YHHcp0qB4NODkSQgHuN2KXQdftvEvgLQPHGmaY9tHr3h+y1SOzaYSNALi3SXyy2F3Fd+M4GcdBVB3umcl1Oe+5Tmv5y4qzn/VLD0MLisup4jEvWbjStTj5J2d38/N2ukf0Vgp08bRVanO0Gk1d7pnwn8Cv+CWf7M+hfEPT/F3xj+JPiPxd4UspX/tjQrPww1kblWicIPtEV6Xiw5V8gHOzHevqnVP+CVX/AAS51uxtrv4dfAmC3Jy10virx3rURKEAr5YgdySeQd2McdecVvBN3PoqaX4UsbKWWee8S51SSCQfuRvACMACcABd3TB4z1r1SOV23sZDzn5SuMV15/4peImU0KeMljeflhFzUoSjF1JP4IunFJuCd5NyVmnFvZH5Pl/CvC+Y4qeGhQceaclBxmpPkivjkpNtKTT5bLaztuzx/U/+CdP/AASJS+sItF+GfhuaKR5RqTXHxA8Rq8WLlFi8oBcOTbmRmyV2yKqjIJYfLOm/8Eh/gpr/AMQdY8FWPxx8f2R02+WGO8vPhRLHZzhwWDQztc7ZEXGC5wM4617naylNVQ7jxMOp/wBquY8ZftOfGjR/GOr6ZYeNJEgg1OeKGM2cLBVWRlABKHsK+j4B4t8YPEvEYjD5JiaVGdKKk3U5mnzOyteNXaz00362PnvEWj4eeF+Hw2IzWlVqxrSklyct1ypN396Hdd9jtv2jvhHB8OPDema98PdA0Z9O0zTrWx1AHw/bKS0caxi4xsON5GWGThj1OTjD/ZV8UtqfxCl0/wAQfDHRdW02a0P2mQ+GbR1tGBBWQlkAUfeBHU56HFcdqv7T/wAaNZ02fR9X8UJNbXEbRTxPp1uQ6MMEH5PTNN+HXxo+IWjxx+FdL8TQWGmqjGaCOzgUyDGDltu4k55Oc9fSv2ijlPibwv4XYujmyw9fFU1Jxq80/g31SpqUpxekUrJq12ra/gNDjHgjO/FfB43KKmIo0JyjzUnGDTnezWtTlUJR1le7WtlqrfXOqxfC+z8N3niTSPhr4VdLeymljlh0W1iztQnh1TKdMbh0r548IftNfs9+AP2xdY/Zi074H3K63qPk3Wpa9qtgs8Nw4tldVjMqsdqrvX+EEq2CSeZfBPxW8d+MNRb4VyXJg8+8itYD5ayoysS0h27R0jVn/nXtviP9nf4L+L9ZufE2v/DTSJdWvrJ7W61dLFEuXjdSp/eKN2cMcHORX8iZjxjnuWZrPCcWVJtOF4qhNK3NGMoSvCS5lZ3V5Oz3R/ZVDD5XxHgIY7IoQVpNPnp2fuycZxtKN07q17ejPQDqckkC+bCm1IwiIqhQiqMBQBwABxgelMF7ZsNxhYZ/2R/jWJ4U0SfwpoEehS6nJdW9igitJ7qVnm8lVAXzXYkuwwQXPLAAnnJNeTxl4SZyx8Q2nP8A08L/AI18NhfE3jLLU6FLE+1gno5xUnbpq9fvbPuaWDozppuHL5Loea/A64W48TziO2RP9CJZ0diW+dOuSRXroRASvmkkqMj0rxL4PeJI9D8Spp8lnvOoMkAfuhLDn6Yzx7CvbgIo1Kpxj26138R55ldTgzBYGNaTxCdXmgopRUZTi05Sa1fu3Sjvu2rWfyuCybMaPGWKxcqSVFqnyycm23GMk+WN/wC9ZuXyTvdfNFtHnVkQ8/vx/wChV6fefsofBrVdVudZ1DRLmW4uZ3mlY38gBZ2JPAIxyTUHivQNGi0/whPp/hm2kvdUijSRyXXcwEeCQjAE/Mck5rt/ib8TvA3wt046r4p1QW5wRFbqQZZ2/uonf68AdyK9TA5Vxzkc6n+r+NnTrS9nHkouop1XNc8YrlWrind62W7aOvivBcG5hgVX4hoUp0aN5c1ZRcYdG/e0V9vM818e/s/fs5fD7wvc+KPEXh2VYLaPhBqU+6Rv4UUb+ST/AI9Aa+WToNx4t1u5bQrOKyt1lMiQtOSsEZPAyxLNjpnmuw+Nfxw1/wCMesefeH7Pp9vkWOmo+VQf3mP8Tn1/KuK0y+0vTpVvpPEFxa39jc289rb29kkvn7ZQzB2kBSNcLj5lfJbG0jJH9ueHvCviBwdwNXxecY6riMyrJcsJylWjTu0owUXJJyd/fnflj1fLF3/z4494k4B4w42oYTK8FTw+XUW3KcIxoyqJK8puSi2oq3uxtzPouaSt9D/Anw5rHgvxDH4y8Q2Lz2dvafZZbm3U7hcHbuZ16YCADqeXIOCuK7/SLya4+Kkb+ZIIpL12VGJHBUnkVB+zP8ZPCnxQ8KR6XZxx2up6cm2/sd+S+eswJ5YMxJJPIZjnqCa+pa2mgfEWfV2tvN8i9c+WG256jGcGv88eMsDnuX8UYrC5vRdLEQbUouyXk1bTld7xa0ttof6G8FY/I804Zw2JyiqqlCUVyyTbb6O99eZPSV9b3vqetXkObdyMbSpB4zXgUlvGHI3d/SvRJ/jNObE3B8LOInyqyG5OD+O3Fec7w537epr5mhQrUm+dWvY+njdLUofDvUtOn+IGm2i38LTQ30RliWQbkyQRkdR1HX1r6LZlCNs5yOfWvkm6srHwrr0PjHw/YwW2qS3atLfLCpkchVHJYHI/dR8dPkX0r2/Q/HXiq+ZDdarv3FQf3CDqiE9F9Sa9HM8BKtKNSk9Nd+632v8AI5qmMUJqE1r5dg8X6y2iaP4J1FFZgtk6hlxuj3RxrvXIIDLnIyCMgcGvnr9pr4XeLvh14yF74u8SzataXyGSz1e9ckuoPKMSflZcjgcYII64G/8AtE+L/EN58MNIiub8OlppEc8CNAmA6vbkZG35h6q2QehBr37wJ8PPBmveAfCniTXtCjv7y10y3ktZb52mED+Qq5RXJVDgdgMHJ6kmv6w4N4+r+HmYY/HzpKrShRpy5bJS5vZ046Tauk7q62strn434qeHuC8T8opYJ1JUqkJXjO75bOXvKUE7S0vZ7p21tc+J/EPhbxToS2Qu9HktEv7UXME9wB88JJAZVzk5x3wPr0rpvhR8Ch8T/DPiWfw8WGqaUtvPBFgD7Vu8zerf7RCLg+ox349I/bfA/wCFgaVx/wAwcf8Ao2StH9g+GNr7xQCvW3tSfzmr9tzjxMzur4Gx40opU8Q/ZzsleKX1iMXGz3TjdPVN36H8gZX4c5JS8ZnwfVvUwy9pBt6Sb9g5KV1s1KzWllZaPr5J8NH0vw5ax+I/Bl1d2fjvTtSSOzsoi7x6hGxXerqeFG0uG5AAFfUFt448AX0MV/rvgsrfTRh7tFRJAshALAMT8wBzzgZ9KJvh74KsvFlxrln4ctobu7U/aZ4lKl8k5PB6nuepPPWsS40qwTxemlLb4g+0Kuzceh6jOc1/Mv0kOKsJxPn2GhHDqE6SknO/vyXu+63/ACptuKd2rvVXsf1F9HXg+vwtklfnxDlGpytQWkI25vet/PJWUmrJ2Wjtd9/4K8Z+A7wz6LZWSWMTIXKXCoiSHoe+M4ry/wARppUWvXiaM+61Fy/kFem3PGPb0r0Kx8B+E5/tCzaQGC27suZn4I6H71eYOAsjKBwGOPzr8ixeYYqrwlgqE4RcYyqcsrtytdXi9LJXelm/lbX+g7whWk1fof/Z&quot;&gt;&lt;/a&gt;
            &lt;a class=&quot;opr-recommends-merge-mask&quot; target=&quot;_blank&quot; href=&quot;/s?rsv_idx=1&amp;amp;wd=%E6%B1%89%E8%AF%AD%E5%85%A5%E9%97%A8&amp;amp;usm=4&amp;amp;ie=utf-8&amp;amp;rsv_cq=%E4%B8%AD%E6%96%87&amp;amp;rsv_dl=0_right_recommends_merge_21102&amp;amp;cq=%E4%B8%AD%E6%96%87&amp;amp;srcid=28310&amp;amp;rt=%E7%9B%B8%E5%85%B3%E4%B9%A6%E7%B1%8D&amp;amp;recid=21102&amp;amp;euri=1ad7e41370fd4ab18403370713e24f91&quot;&gt;&lt;/a&gt;                    &lt;/div&gt;
        &lt;div class=&quot;c-gap-top-small&quot;&gt;&lt;a target=&quot;_blank&quot; title=&quot;汉语入门&quot; href=&quot;/s?rsv_idx=1&amp;amp;wd=%E6%B1%89%E8%AF%AD%E5%85%A5%E9%97%A8&amp;amp;usm=4&amp;amp;ie=utf-8&amp;amp;rsv_cq=%E4%B8%AD%E6%96%87&amp;amp;rsv_dl=0_right_recommends_merge_21102&amp;amp;cq=%E4%B8%AD%E6%96%87&amp;amp;srcid=28310&amp;amp;rt=%E7%9B%B8%E5%85%B3%E4%B9%A6%E7%B1%8D&amp;amp;recid=21102&amp;amp;euri=1ad7e41370fd4ab18403370713e24f91&quot;&gt;汉语入门&lt;/a&gt;&lt;/div&gt;
                        &lt;div class=&quot;opr-recommends-merge-d&quot;&gt;
        	            	&lt;p class=&quot;opr-recommends-merge-width-text&quot;&gt;社会科学理论图书&lt;/p&gt;
                    &lt;/div&gt;
                            &lt;/div&gt;   

 

        
    
    &lt;div class=&quot;c-span4  c-span-last-s opr-recommends-merge-item &quot; data-click=&quot;{&#039;rsv_re_ename&#039;:&#039;日本人学汉语&#039;,&#039;rsv_re_uri&#039;:&#039;65d0ecb6126f46da9f2a7526a817ff64&#039;}&quot;&gt;
                                                	&lt;div class=&quot;opr-recommends-merge-p&quot;&gt;
            &lt;a target=&quot;_blank&quot; href=&quot;/s?rsv_idx=1&amp;amp;wd=%E6%97%A5%E6%9C%AC%E4%BA%BA%E5%AD%A6%E6%B1%89%E8%AF%AD&amp;amp;usm=4&amp;amp;ie=utf-8&amp;amp;rsv_cq=%E4%B8%AD%E6%96%87&amp;amp;rsv_dl=0_right_recommends_merge_21102&amp;amp;cq=%E4%B8%AD%E6%96%87&amp;amp;srcid=28310&amp;amp;rt=%E7%9B%B8%E5%85%B3%E4%B9%A6%E7%B1%8D&amp;amp;recid=21102&amp;amp;euri=65d0ecb6126f46da9f2a7526a817ff64&quot;&gt;&lt;img data-b64il-id=&quot;2796365937_519436399_58&quot; data-src=&quot;https://ss0.baidu.com/6ONWsjip0QIZ8tyhnq/it/u=2796365937,519436399&amp;amp;fm=58&quot; class=&quot;c-img c-img4 opr-recommends-merge-img&quot; src=&quot;data:image/jpeg;base64,/9j/4AAQSkZJRgABAQAAAQABAAD/2wBDAAIBAQEBAQIBAQECAgICAgQDAgICAgUEBAMEBgUGBgYFBgYGBwkIBgcJBwYGCAsICQoKCgoKBggLDAsKDAkKCgr/2wBDAQICAgICAgUDAwUKBwYHCgoKCgoKCgoKCgoKCgoKCgoKCgoKCgoKCgoKCgoKCgoKCgoKCgoKCgoKCgoKCgoKCgr/wAARCABLAEsDASIAAhEBAxEB/8QAHwAAAQUBAQEBAQEAAAAAAAAAAAECAwQFBgcICQoL/8QAtRAAAgEDAwIEAwUFBAQAAAF9AQIDAAQRBRIhMUEGE1FhByJxFDKBkaEII0KxwRVS0fAkM2JyggkKFhcYGRolJicoKSo0NTY3ODk6Q0RFRkdISUpTVFVWV1hZWmNkZWZnaGlqc3R1dnd4eXqDhIWGh4iJipKTlJWWl5iZmqKjpKWmp6ipqrKztLW2t7i5usLDxMXGx8jJytLT1NXW19jZ2uHi4+Tl5ufo6erx8vP09fb3+Pn6/8QAHwEAAwEBAQEBAQEBAQAAAAAAAAECAwQFBgcICQoL/8QAtREAAgECBAQDBAcFBAQAAQJ3AAECAxEEBSExBhJBUQdhcRMiMoEIFEKRobHBCSMzUvAVYnLRChYkNOEl8RcYGRomJygpKjU2Nzg5OkNERUZHSElKU1RVVldYWVpjZGVmZ2hpanN0dXZ3eHl6goOEhYaHiImKkpOUlZaXmJmaoqOkpaanqKmqsrO0tba3uLm6wsPExcbHyMnK0tPU1dbX2Nna4uPk5ebn6Onq8vP09fb3+Pn6/9oADAMBAAIRAxEAPwDyv4C/s2eDfif4F1zx34k8G+IdduLfxN9gis9E8a6ZowhTyjIZGN9DJ5pJIGExjHOc8d/o/wDwT1+BuqeFvi7rkvj3xqrfDnX7zTooY9BtJnn+zXUnm+QftUYu3jtUWSX5Y9u8EA5UHw7wX8fdB8EeHtS+H/jH4LaD4v0+bXDqFuNVv7+2e2m2GNirWlxFuBULw2eRx1ru7P8A4KcftA2EHiGLTLbQbOTVdVm1HS2h8P2jf2XcTXpupWRpImdySxAZmLDapzlRX9O5jg+KZ4mf1STUbxtdpK147fF5392P/b2x8Hga3DqwlNYi3NZ30k3fW17cq7dX8tzza1+CCXv7OviT46aOt3PbaR42sdIsppFVA9tJBdPLI0Y3YYMLMHDEKZwDneDXovjT9hLwh4T8F29lc/GaSPxwLDUL/UdLutGI0+C3spYorvE6O0jCJzdL5gjIkaxmVV5Rn5WX9rPUpL+20aX4eaVD4T/sS507VPCVkDDb3puWWW4uSVHyzm4jhmRgNsZt4UVfLjCVSm/bH+M1z4g1Lxb4ivLHV9V1a1srK+1DU7FZHksrd1k+yYGFWKV0Qy4AaTB3H5mz11KPEtWalTfIk27XTutEovRrSzlK1t0lfW3JCeQ01KM3zNpJNKSSe7dt30jG/a7VjtvFX7AtpefFbTfht8JPizpmrzpqejaD4mtgX+0WGrXKKs7xROkbXNqkoclwA8YOHUbd7WPF3/BNvxd4b8bWGgWvj/S7iytbOzXxvc6fK17PoN9LbLMLYwhIzK8xISBVOHdvLZ12s1c14b/bZv8AQtcs/iHd/Bjw1f8AjayvbuYeLrua78y5jupLh5op7dZhBLuF1Kocpu27eTtqxd/8FAPjdpz3+reHYrTSfEfiDWp9Z8WeIVtw02r3UkckcTmNh5cQhWV2i8tQVkYyA7gu3jjHi7mjCnJWUWry5dZdXo3olqna92k42u31cvC3xtu107Lm0Xb4Vq9mr6atPZHYaV/wT1+HeqfFC2ttL+P/ANs8Ex+K20C+1iTR2iuZL+K/s7WW2iWN5UIZb2B0nzt+cgr8pz1n7PX/AATV+EvxIhubzxF488XeIrS8tftXh658C6Vt3Qp9tWQTxzQSMr+ZZsiAABmZRklgB4l8Kv24Pi/8K/EPhGbwqYbPSPC7RibRLGIBNSU3UVxcPMZA5aaZ4UzIcldqKu1UVR6P8A/+Cmsvw+1e+1v42fDGTxpqK3CyaBeRasNPfS08q4ieNVjiK4Zbh+QAQzM3UgjnzClxnGjONGrzNJWs4c2+9uVK73bva2iTZ04OXC06y51a7681ttr3vZbbXuux6x4N/wCCPvwv8V6lqV9B478Y/wBl2s5WGzk05kvog2lW99Gkwjs5irhnkjYeWM70UAOoSTgfCHgS5+HWnXXgGSwu7Y6LrepWQg1BgZ0EV7OgDkKgZsAfMFUHqAM4rbP/AAWC02Ya5YWHwa1bSLLVruJ7YeH/ABattNp8UdpFbq0Ja2dFm/dBTJtwYyUCjrWN4L8ep8SdLuviGdOFmNd1zUtQWzD7xbrNfTyCIHjIUMFHA4FeZThxQoS/tRvk93lu4vWz/l+ZtjlkEacfqDXNd3s3t8+ny+Z8h63n+1rnAwPPfqP9o1WTb8xbgD0Wui0Twsni7xs2hza9p+mpNdMGu9SnEcSZfGSx44Bz9AcZOAe0i/Zy0U72j+KFoUEavvaO3HJDny9v2ndv+Q8AEcrzzkfe5lxDlGUVY0sVUcZNX+GT09Ypo+Cw+FxOJi3TV16pfmzytZAFJYEkgYHSmP8APzn9a7PQvhNDrfjv/hCm8a6XZIqxt9v1C4SNDuVTsyGKlxvwVDEZUjPGa7O7/ZKt4Xd4Pi/odyiPjEDo7SABSWUCQ5XLAZJHKScYXnDF8VZDgJRjXq8rklJe7N6PbaL+56lQweLrJuEb203W/wB5Q8SftG2XiT4eeHPAl14UvGXQbnTZZHfVzslFpbPCAg2/ud2/OVz05ycGtH4u/tN+D/jT4h0PWvGPwqnYaDawpCkGrlTOY4kXyH+QgxFkBLnMxBIMh+Xb5Vq+mR6PrN7pCXcdyLa6khFxEDslCsV3rnscZHsaqv3BBz7V4lHw64XlKnXpqonHncWqtRW9rrLaS328lodss/zC0oScbOya5Yv4dunQ9i8D/tI/Drw78Spvijq3w7un1DW283xTbwmCS2ln87zXMCSoWjWVgrEb/wB24yu5cIHaH+1noek+L7rxrefDiZrq71eO/nt7bUYoUnkEIjYSlYBuBb94DjJO7cz72J8dVGKb15XHHP8AOmPEpJXbn1Nc9bwo4SxeInVq+1lKcYx1rVNIx2S97ZKy72S1vdu6fE+Z0oKEXFJNv4Y7vd7fP5+h7j4I/an+HngzwBrHgS0+H11fJfafeWkUt6wTzonaRohKInUhtzKzuhB++FxnNdX+zwWPwd0fkj/j44H/AF8SV8x20LMBkDOPSvp79nyJl+EOkD3uO5/5+JK1nwRlPDeEqzwbm3WqKUuecpapS2vot+g4ZriszqxhWtaEXayS6r7zwLSdfm8KeMZtZh0qyu2jnYrDf2/mxn5weV79OR0IJBBBIPorftX6r9nFm/w10N18so0khmaRgdxzuZyQwLfeH90eleY6skX9rXBZsZuHzx7mq7ND2bcR1+Wvpcy4bybOasamMpc0oq28l+TR4tDMcVhIuNOdk/T9TorL4my2Hjqbxq/hHR71pipaw1S1M8HG3kqSMk7ef941d8a/Gm48Y6BPoN58PfDtqZlTZd2GnmKSHa5b5MNgDkrjHQ85OSeTWJrmWOC2geSSRgscaR5ZiTgAAdST2r0Twl+y38RvFAmfVHtdHENqk5jv3/elWLAfKvCnKHIYqQCDjmufMcNwzlbp4nF8sHDlUW5O9o2Ssr3dtOj8zbBwzXMZOlhYud73stNe72R5YE2nv1pwtZmZumM8V6jpHwS8C22qaba+J/iI8MGoadJNJJbxR/uJk27kYlyCB8+QOflHrmqcfwRbVraW68J6xLfNNqE6aXBG9u++3QpiWZhKDF8rMSNpwQoONwrtpcR5NUes2l3cWlq2t2unK79inkuap2UE32TTeyeyfmvvPPjbtHFyqnPXNRG3fflo+Bg11GvfD7xX4d+03E+mST2lpKscuoWyl4MuiuvzY4yrqef7w9RWNKFwQR25Fe/gq2GxNP2lGSku6dzzK8MRhqjhVg4vzViCKPA3BAPqa+mf2e1P/CoNI/dj/l4/9KJK+bIo1KnI7cV9Lfs/EJ8ItJUBjj7Rzj/p4kry+JFbAx/xL8mdOWVJfWW/L9UfOOrW5Oq3IzgCd8fnTLLSL7UpnttPtpJpEjaR1jXJCgZJq3qsRbVbkKetw/8AM13nw8bwLpnw6vrnUrMvqjzO0U0reUUKKCDBIf8AlooYtjqSwH8QrbM8XUy7CqrGm5ybUUku/V7aLqYZXhaeY4p0p1FCKTk23a9ley83sjnPBmu2Hga0uv7b8LxXc9/ahrK4dwfKUq65x7k84KnAIzzU/if4xePfFUcK+IvGFxp2mRx+Q8lrGVQKRl1wpBkZiN20tgk/wqMjJmh1rxbrkdsLsTXt1+7t/PON7hTsjGAeSQFAA5JA716P+zh8AdY1b4uXHw/8S+BE8UX/AIRvZIJ9IvHE9tJdASQNLKmVEqrIobbuCkooZWU7a+I4trUsBh69TC04Tx8aamlL3uVN8t4xfkna1rtbao9/I6lWvOnRqVJRwjk46WjfS9pNeq3vZPyPG01DwzerI+l+JTNOgUtDc26oXJX5gpV2ywbgAgbhk5B+Wr1rdXelzre2N49vMnKTQuVZT7EV9qft5+HfhpefAa1jg8T2sOraDJZtp1rfsVlvrXcYI4bdQ2xmhMl0JSo48kAkk7n5L/gn38O/gjpvxA8L6x+0F4BtdauPFOt/ZfB+m6hzbzzrDKIluFbK+VJOYUHyOSzIflXO/wAPgvjnMK/BlXM8z5sRNVHFRjBRlayvdaJpXbbtok73Z28Q5DhKPEVPB4O1FOKldzbV9bWe6b6K+ulrHj/hj46eIrLRJfhx8RvtTaXfbGvZsFbjyj+96MDuEgKDIxuXHPORwnjGHw0PEt8nhLf/AGasxW1aQn5lHG7JOecbucdegr7w/wCCwXwQ8N6oLX9pq7trTw3qmoNbWNpYuhQ+JIwGJeKLaJEa1jEUbTSKscqGLaVZVEvwJJCDlQp69K+24JrZVmuDeaYKDpOpdTgrqPPpd7Wb0Wq0tpo7ni8R1cww1RYDFSVTktyyfxKOto3votW7d/KxBBE3IBBwOa+lf2f4w3wj0kgL/wAvHU/9PElfPmnaK0pEW8KzoWLScDrjrX0X8AY1X4S6SrIoINxxn/p4krtz3McDi8L7KlNSlGSul0+Jfmn9xx4XL8fhHGtVg1GSdn3+F/k195866qn/ABM7lcYPnv2/2jUz3xk0i30oRYEM8spbP3mcID+iCo9U41W4/wCvhv5mkgAL819QoRlGN+mv4f8ABPmfayu0nv8A8AWC60fTzLc67YXcypbyfZmstUNo8FxtJhm3hGLBJArGMbd4G3cuc1738H4te1jwxb/FTWvh8bmwtoZRJ4+imnfTtRfIbZeOqENPufP74BtwcnGDj5W+KnMWmtk5F/xz/stXtP7LniHxLoOu2F94a8VatpNz5HlG60fVZ7OYxl2JQyQurFcs3yk45r864ubjjXKlTi5tJNy10S5rLt16O71PqcloQr4ZKpOSinf3dNXpfzPatN8CfEfxBrp8T/s+eBtS1iXUdBlb7Np2kT3flXAwFXCKVQMDGMOcBY3xgkmub+KH7JP7YngG30r4i/HbwTqWmW1tKBpWmaNfW41GFid6tbwRlgGyu7DESEgAZOMfe/7Ivm240S1s7y5to2jkVktLp4QQAmAdhGQP8fWqn/BSgM+kano0ksjwaVBBc6bvlZnt5TGW3I5O4YPTnAHAwOK/K5ZzmGX16+CwnLCNVyadveg7aqL6JvXVN6u1j9BwOV5bWq4bEYmPPKkoxd9VNXdnJXV2k0tGk0lc/Mv9ojxD458R+LLfxF4/+KviPxde3cWE1DxEk/mRx4yEDTMScEOCAqqrA4z1rgCnz7q7H9r7xZ4hurX4e6Vcakzw3FxLLNuRd7MbgEnfjdglmJGcHJrjiTgc9q/W/C/H5jmHDS+uOLcZWi0re7ZWTSSV1rfufBcaUcPh87m6KsnuvO+ttXZdl0NLSI71Jg4ulbbbttjJ3c9Rx9dufbPevoL4BWwPwm0on1uO/wD08SV8+aFGk9wElGQsTAc9B8xxX0J8BFB+E+lEjvcf+lEledOl7HE4iLUbqUfhjyrV1X3evf8Apnu5nXlLKsLOLlZ83xScn8NPutux/9k=&quot;&gt;&lt;/a&gt;
            &lt;a class=&quot;opr-recommends-merge-mask&quot; target=&quot;_blank&quot; href=&quot;/s?rsv_idx=1&amp;amp;wd=%E6%97%A5%E6%9C%AC%E4%BA%BA%E5%AD%A6%E6%B1%89%E8%AF%AD&amp;amp;usm=4&amp;amp;ie=utf-8&amp;amp;rsv_cq=%E4%B8%AD%E6%96%87&amp;amp;rsv_dl=0_right_recommends_merge_21102&amp;amp;cq=%E4%B8%AD%E6%96%87&amp;amp;srcid=28310&amp;amp;rt=%E7%9B%B8%E5%85%B3%E4%B9%A6%E7%B1%8D&amp;amp;recid=21102&amp;amp;euri=65d0ecb6126f46da9f2a7526a817ff64&quot;&gt;&lt;/a&gt;                    &lt;/div&gt;
        &lt;div class=&quot;c-gap-top-small&quot;&gt;&lt;a target=&quot;_blank&quot; title=&quot;日本人学汉语&quot; href=&quot;/s?rsv_idx=1&amp;amp;wd=%E6%97%A5%E6%9C%AC%E4%BA%BA%E5%AD%A6%E6%B1%89%E8%AF%AD&amp;amp;usm=4&amp;amp;ie=utf-8&amp;amp;rsv_cq=%E4%B8%AD%E6%96%87&amp;amp;rsv_dl=0_right_recommends_merge_21102&amp;amp;cq=%E4%B8%AD%E6%96%87&amp;amp;srcid=28310&amp;amp;rt=%E7%9B%B8%E5%85%B3%E4%B9%A6%E7%B1%8D&amp;amp;recid=21102&amp;amp;euri=65d0ecb6126f46da9f2a7526a817ff64&quot;&gt;日本人学汉语&lt;/a&gt;&lt;/div&gt;
                        &lt;div class=&quot;opr-recommends-merge-d&quot;&gt;
        	            	&lt;p class=&quot;opr-recommends-merge-width-text&quot;&gt;对外汉语图书&lt;/p&gt;
                    &lt;/div&gt;
                            &lt;/div&gt;   

 

        
    
    &lt;div class=&quot;c-span4  c-span-last opr-recommends-merge-lastspan opr-recommends-merge-item &quot; data-click=&quot;{&#039;rsv_re_ename&#039;:&#039;中文论坛&#039;,&#039;rsv_re_uri&#039;:&#039;11b699e2ba9b4638bfca5fd58417aa80&#039;}&quot;&gt;
                                                	&lt;div class=&quot;opr-recommends-merge-p&quot;&gt;
            &lt;a target=&quot;_blank&quot; href=&quot;/s?rsv_idx=1&amp;amp;wd=%E4%B8%AD%E6%96%87%E8%AE%BA%E5%9D%9B&amp;amp;usm=4&amp;amp;ie=utf-8&amp;amp;rsv_cq=%E4%B8%AD%E6%96%87&amp;amp;rsv_dl=0_right_recommends_merge_21102&amp;amp;cq=%E4%B8%AD%E6%96%87&amp;amp;srcid=28310&amp;amp;rt=%E7%9B%B8%E5%85%B3%E4%B9%A6%E7%B1%8D&amp;amp;recid=21102&amp;amp;euri=11b699e2ba9b4638bfca5fd58417aa80&quot;&gt;&lt;img data-b64il-id=&quot;2410722197_473032432_58&quot; data-src=&quot;https://ss2.baidu.com/6ONYsjip0QIZ8tyhnq/it/u=2410722197,473032432&amp;amp;fm=58&quot; class=&quot;c-img c-img4 opr-recommends-merge-img&quot; src=&quot;data:image/jpeg;base64,/9j/4AAQSkZJRgABAQAAAQABAAD/2wBDAAIBAQEBAQIBAQECAgICAgQDAgICAgUEBAMEBgUGBgYFBgYGBwkIBgcJBwYGCAsICQoKCgoKBggLDAsKDAkKCgr/2wBDAQICAgICAgUDAwUKBwYHCgoKCgoKCgoKCgoKCgoKCgoKCgoKCgoKCgoKCgoKCgoKCgoKCgoKCgoKCgoKCgoKCgr/wAARCABLAEsDASIAAhEBAxEB/8QAHwAAAQUBAQEBAQEAAAAAAAAAAAECAwQFBgcICQoL/8QAtRAAAgEDAwIEAwUFBAQAAAF9AQIDAAQRBRIhMUEGE1FhByJxFDKBkaEII0KxwRVS0fAkM2JyggkKFhcYGRolJicoKSo0NTY3ODk6Q0RFRkdISUpTVFVWV1hZWmNkZWZnaGlqc3R1dnd4eXqDhIWGh4iJipKTlJWWl5iZmqKjpKWmp6ipqrKztLW2t7i5usLDxMXGx8jJytLT1NXW19jZ2uHi4+Tl5ufo6erx8vP09fb3+Pn6/8QAHwEAAwEBAQEBAQEBAQAAAAAAAAECAwQFBgcICQoL/8QAtREAAgECBAQDBAcFBAQAAQJ3AAECAxEEBSExBhJBUQdhcRMiMoEIFEKRobHBCSMzUvAVYnLRChYkNOEl8RcYGRomJygpKjU2Nzg5OkNERUZHSElKU1RVVldYWVpjZGVmZ2hpanN0dXZ3eHl6goOEhYaHiImKkpOUlZaXmJmaoqOkpaanqKmqsrO0tba3uLm6wsPExcbHyMnK0tPU1dbX2Nna4uPk5ebn6Onq8vP09fb3+Pn6/9oADAMBAAIRAxEAPwD9LvBmnL/wiGkvv2mPTYWlLuFEmIh3/HPQ8V1VlbTeRFFEoBbOSjAHAHXgYrA8FzvD4I0oSXEbbdPh3KV4yUHIP4iuj0+Rp3EaT4UYDAHke5zz/wDrr8wgoc2h+hYlycn6stWdqVckK6qoIVnOSeAPXjn1q0ImRIzEyuGIJbPHvj8cfrVXEhdfKX5UwckjgDjBH51OYI/OMyxMryL94LywHTJrojZbHDK/UllRSyK7EkHiNlJzz6irLsEDOqZLMAVA6cdfYVlXRFwPP011EknEcwiLjdjILbT93gcZGatrLP5u0Qk54BckfXt+HTvWsZWbIlG6RaiiLOY2Y7jlSN3b2560eGbRrHQ7KKSNo50toRMjDkEKAQf1FeL/ALYX7RV18AfCstvFNotlJrXhfVn0nWdc8Q/2bbw39ukBjgWQRSsZXjkuJI9q5zbbf4tyeOf8Ezv2zv2jvj1ZeBfh14w8NR+I9OT4Oadrni74hzrPA8ep3BC29riRFS5lZEmeQxDavHzE8N1QpTdH2ltDmlUjzch9l6/LtiYlMEnBIAwTg81m6bbA2aFvKJJJJ8s88n3rB8Hat4g1yfxPd63qbzwW3iCazsraQRERxoiE4ZEQkEseGLEYxuPbctkuWhBhijK8gF5jnrXHNtV9ex1U0vY/M8+8CzG68H6aLMxFlsYQgBwufLXPT611OlyWks6WkszF0BYHccZxyQT04PHPSuR8GNfW3hTTySVH9nw5WQ5UAxqeO/I59efTFdNF9jgdSCsYbgnJAH6cfy/lXlUqjUz18TFObXqatteXDXbQCSRY0G8SbidzHOQfoAOP9r2q39qSfFrh3CONzH0x1z36jp0rJsZYg89viIEMqny5C5C54z0xwTxzj3q3BEolW4SONpXG3PcDPcdTxXSqjOKUFcu3E8sLI8TiNduSSP0J7cfyqX+00hj2HnBBH7s9SMDFUpzHvc3EhRU5fqQwx0/n+fapIlimAaN8AjKgKfm9MHPsa1U5tuzMnGNldFb4g+Hbbxb8P9Y0aeSGCS60i5tYriWMHyDJA8ZfJ+6AHOT3Fcr+yn4Psfhj+zJ8O/h5pPiWw1uz8OeCdJ0y01zTXElvfxwWccYuImH3kcLuBHGGFY/7XniHX/Bfwxn8TeE9Vkl163UjQvCsd1PEdfuAQwtE+yMtwJXVXRXUskQkaWSN1jOOR/4J++OfgD4t+H8Gj+D4dI0j4i6DpsGmfEvwvb2wsrvS9RhULLHLa7sBFk3BJVDI6kFXYGulKfsLp6XOduCqWe56P4CiNtqXi21EEdsG8UT3fmQvIfPEihS7LJ9w7kcHbgEKCBggnpdKwbCPddlyAQW8plzgkZwTxWD8MvD76a3i6efSltWvfF13KGKlDcLsiAceox/F7e1dLYW5W1UQOqLlsLluOT7Vz1L/AFhvy/yOim17C3mcB4G12xu/CekK2pFpFsYiqElskIvT36/04rohcykpsVGLMdpTP3cE5B+n/wBauN+FenWp8K6beXxhbFlF5crqMAFB0zyO3c9Pxrr4YrW+sYrqzunVYnL74kQeauCNp3A/Lzn5cfdHOOD5NOUpvXc9nExjGq0u5o6c8d1suGV1+bLAnhucDr/Kr2Y96lJmLYwGj7cHvVDTbe9SQGG4U5G4Bs5HPXk4PH9avQ742Zr6EHB5cAlV59h7V1Rvax580r6D7mW5VxsR3O4guoBAA9ckemOPX8ad9thgcNNKsZTKhWXg9Cfwxz/OmOk20E3SAnOWUE+3Hp/+v61yHxQjZta0CzvbQTxSW+pg7onlRlNm+VaNSC+QfugEnoMGumnHmkYTfLE3fHXi7QfBl5pGt3PhK91J9SvFsE1HTYIWFjEwaRpZnd0KQKELMRu+6DjOK8j+AVr+xh+1/wCIrf8AbG8F/CPw1c+MrUC0m1PVdIhXWdN8skQmUZZoi8e2SJ2wzQyRkHaQKh+Mv7MHg/4z/tB/C/WfEHwetdR07w14O1VrzXH3R2y5SC2h08RFs/vEubslXXHlq6kknFc7+w54Dtdb8QaV4q+Nfw48Z6n8UtD8M20WqeN/FHg2TSY7JlihgbTIJ22tfKGR5mcGaJneV1ZA6xjuUKcabkpO9unz0/q3ozkcpc6TWn/DHsHwZLXEXiy91fSYba4bxffRuRFDudVK4y8Y+fqcbiWAIB6V01j9r+zD7JHmPc2wtLjI3H2rB+Fmk6eYPFVrpjzqsPjO/acXGoGYsxKE4PBUHspPy9Mmut0/TrM2i4Rxy3HTufUiuGpGX1h27f5HXTlFUNTzz4ePBH4OsHg3spsYziNeoCKMk9j+NdJYBRaRQunEZDRmCUBeOinHbPGOhrnvAKWy+GdKBnBkayhZfKcqCNijtnPJAP1rrIoLTEsTWiHzWHndwePp1/DFebSi02z1cS/fa8yzY28irvhdS23gKeAD1Gcew5qcNKjeT9nPzLku3IXHbr9ap2UENnBIlnpccZklLNEjAdhzzwO5/PvVuKSNCjM670THAOHOeSBk+/PvXSkl1OGV2TTRLJCxTK7kCgoef0wR+FcD8Wb660fXfCui293FFZS2errqH2lCSY0sHYEyBGkjwQMuroxB/j6V6BLbm5iSR0LvsIV1OORyeh4BxXM/EXw3e6t/Zt9olrdzXVtLJAPst1FA0EVwnkyXHmOjfNHGSygYJIxz0rppNRnd+Zzzu4WR5V+1f+2Bf/swXHwa8P8Ahvw1e6ivjnxvY6Vqsn9h3l3bw6WbSdp2S4UBEmUpHIquxZkSVtpCsRseGv2zvDGvfGseApfGPweTQp7wWunanZ/GK3utUvpXKpAqaetsBueRghQz5B5G/gE+PH7O3jz41fEf4evrMySeD/ARm14NFrUsOo6zra201pBayFECxWxhubh3kDFpGZU2qoJbjP2Zf2eP2t/hz4htvi5qeleEfDd/4v8AiAdS8feE9JuzdQwaGLKWGzsYZDDGkL2mLY4hQiaTznMm1wo74Rw86Sb3t363f6fLY45yqxnptf8AyPb/AIY5uNR8YXrRJ5qeK7mDzIp5WJ2qhBKu7KDliMKFGAOCcmux0yGeOyRPt6rgkAEBuMnuawvCHhW+8JN4hS4trXdq3iS4v7T7MxO+OREA8zgYf5SD2xjknrq2+ltJCJDdpGWySnoc8joa4qkuWtc6YfwrM88+HllJ/wAIvpsV3HEC2nxbdseCMKDgZ7Yxn/Irf0yeGaNr+11I3UM7BoSrgxLxj5SvGPxPX8K53wjo2maz4Y8P6hqdoJpra0VIXZjwrxAMMA4OR61r/DjT7Gy8Iw6ZZ2qRW8TERxIMADzW/wD1/XmvPpqCpyu/eurdrWd7+d9rJqx6eKlUeKXLbls+a+6ldWtvdWvdtp3srNam5axO0n2cKxYKR5jjI5z1q9HAzJ5QCsI+CSR8o9OPwqnpNnbS3BM0QfEm4BznBIPr/KrrhWaCAqNjYDLjttJ/mK0pWkk/OxzTbTHxWyx/MsxQKM4GOmOB69PWlCEwrJtIj2ndkYz36daaIoyXUrwrKqrngDHpVjTCUjdASQHYDcc8ZHr9a3ha2pi27FizijlgCQg+WOeUGFGM8D8f1rm/hLLrsttqlzq3iaLUI/OiWzt44gGt08lMxsQxy27ceg4IyM5J6fT0Xa6Y43ZxnvzzXO/CPw5oWjW9/faVpcVvLeukt3JEuDK/kRnc3qfmPPpx0ArrgouH9dznnszqEjiMe4ozbWJUj0/+tmqtrseBXZjk5JGxDjnpnIzjpVq1RH89XXIUHaPTqKzY/kXYgwATgD60r2mv67DjrFn/2Q==&quot;&gt;&lt;/a&gt;
            &lt;a class=&quot;opr-recommends-merge-mask&quot; target=&quot;_blank&quot; href=&quot;/s?rsv_idx=1&amp;amp;wd=%E4%B8%AD%E6%96%87%E8%AE%BA%E5%9D%9B&amp;amp;usm=4&amp;amp;ie=utf-8&amp;amp;rsv_cq=%E4%B8%AD%E6%96%87&amp;amp;rsv_dl=0_right_recommends_merge_21102&amp;amp;cq=%E4%B8%AD%E6%96%87&amp;amp;srcid=28310&amp;amp;rt=%E7%9B%B8%E5%85%B3%E4%B9%A6%E7%B1%8D&amp;amp;recid=21102&amp;amp;euri=11b699e2ba9b4638bfca5fd58417aa80&quot;&gt;&lt;/a&gt;                    &lt;/div&gt;
        &lt;div class=&quot;c-gap-top-small&quot;&gt;&lt;a target=&quot;_blank&quot; title=&quot;中文论坛&quot; href=&quot;/s?rsv_idx=1&amp;amp;wd=%E4%B8%AD%E6%96%87%E8%AE%BA%E5%9D%9B&amp;amp;usm=4&amp;amp;ie=utf-8&amp;amp;rsv_cq=%E4%B8%AD%E6%96%87&amp;amp;rsv_dl=0_right_recommends_merge_21102&amp;amp;cq=%E4%B8%AD%E6%96%87&amp;amp;srcid=28310&amp;amp;rt=%E7%9B%B8%E5%85%B3%E4%B9%A6%E7%B1%8D&amp;amp;recid=21102&amp;amp;euri=11b699e2ba9b4638bfca5fd58417aa80&quot;&gt;中文论坛&lt;/a&gt;&lt;/div&gt;
                        &lt;div class=&quot;opr-recommends-merge-d&quot;&gt;
        	            	&lt;p class=&quot;opr-recommends-merge-width-text&quot;&gt;社会科学类学术辑刊&lt;/p&gt;
                    &lt;/div&gt;
                            &lt;/div&gt;   

    &lt;/div&gt;
 

&lt;textarea class=&quot;opr-recommends-merge-hide opr-recommends-merge-more-textarea&quot;&gt;    &amp;lt;div class=&quot;opr-recommends-merge-morelists&quot;&amp;gt;
        
&amp;lt;div class=&quot;c-row c-gap-top&quot;&amp;gt;
    
    &amp;lt;div class=&quot;c-span4  opr-recommends-merge-item &quot; data-click=&quot;{&#039;rsv_re_ename&#039;:&#039;中文核心期刊&#039;,&#039;rsv_re_uri&#039;:&#039;354070aa6e094720861dbae0e70ae73b&#039;}&quot;&amp;gt;
                                                	&amp;lt;div class=&quot;opr-recommends-merge-p&quot;&amp;gt;
            &amp;lt;a target=&quot;_blank&quot; href=&quot;/s?rsv_idx=1&amp;amp;wd=%E4%B8%AD%E6%96%87%E6%A0%B8%E5%BF%83%E6%9C%9F%E5%88%8A&amp;amp;usm=4&amp;amp;ie=utf-8&amp;amp;rsv_cq=%E4%B8%AD%E6%96%87&amp;amp;rsv_dl=0_right_recommends_merge_21102&amp;amp;cq=%E4%B8%AD%E6%96%87&amp;amp;srcid=28310&amp;amp;rt=%E7%9B%B8%E5%85%B3%E4%B9%A6%E7%B1%8D&amp;amp;recid=21102&amp;amp;euri=354070aa6e094720861dbae0e70ae73b&quot;&amp;gt;&amp;lt;img  data-img=&quot;https://ss1.baidu.com/6ONXsjip0QIZ8tyhnq/it/u=2318261560,1466628241&amp;amp;fm=58&quot; class=&quot;c-img c-img4 opr-recommends-merge-img&quot;/&amp;gt;&amp;lt;/a&amp;gt;
            &amp;lt;a class=&quot;opr-recommends-merge-mask&quot; target=&quot;_blank&quot; href=&quot;/s?rsv_idx=1&amp;amp;wd=%E4%B8%AD%E6%96%87%E6%A0%B8%E5%BF%83%E6%9C%9F%E5%88%8A&amp;amp;usm=4&amp;amp;ie=utf-8&amp;amp;rsv_cq=%E4%B8%AD%E6%96%87&amp;amp;rsv_dl=0_right_recommends_merge_21102&amp;amp;cq=%E4%B8%AD%E6%96%87&amp;amp;srcid=28310&amp;amp;rt=%E7%9B%B8%E5%85%B3%E4%B9%A6%E7%B1%8D&amp;amp;recid=21102&amp;amp;euri=354070aa6e094720861dbae0e70ae73b&quot;&amp;gt;&amp;lt;/a&amp;gt;                    &amp;lt;/div&amp;gt;
        &amp;lt;div class=&quot;c-gap-top-small&quot;&amp;gt;&amp;lt;a target=&quot;_blank&quot; title=&quot;中文核心期刊&quot; href=&quot;/s?rsv_idx=1&amp;amp;wd=%E4%B8%AD%E6%96%87%E6%A0%B8%E5%BF%83%E6%9C%9F%E5%88%8A&amp;amp;usm=4&amp;amp;ie=utf-8&amp;amp;rsv_cq=%E4%B8%AD%E6%96%87&amp;amp;rsv_dl=0_right_recommends_merge_21102&amp;amp;cq=%E4%B8%AD%E6%96%87&amp;amp;srcid=28310&amp;amp;rt=%E7%9B%B8%E5%85%B3%E4%B9%A6%E7%B1%8D&amp;amp;recid=21102&amp;amp;euri=354070aa6e094720861dbae0e70ae73b&quot;&amp;gt;中文核心期刊&amp;lt;/a&amp;gt;&amp;lt;/div&amp;gt;
                                    &amp;lt;/div&amp;gt;   

 

        
    
    &amp;lt;div class=&quot;c-span4  opr-recommends-merge-item &quot; data-click=&quot;{&#039;rsv_re_ename&#039;:&#039;中文电码&#039;,&#039;rsv_re_uri&#039;:&#039;125ea9fc111144709c0e822285be6a61&#039;}&quot;&amp;gt;
                                                	&amp;lt;div class=&quot;opr-recommends-merge-p&quot;&amp;gt;
            &amp;lt;a target=&quot;_blank&quot; href=&quot;/s?rsv_idx=1&amp;amp;wd=%E4%B8%AD%E6%96%87%E7%94%B5%E7%A0%81&amp;amp;usm=4&amp;amp;ie=utf-8&amp;amp;rsv_cq=%E4%B8%AD%E6%96%87&amp;amp;rsv_dl=0_right_recommends_merge_21102&amp;amp;cq=%E4%B8%AD%E6%96%87&amp;amp;srcid=28310&amp;amp;rt=%E7%9B%B8%E5%85%B3%E4%B9%A6%E7%B1%8D&amp;amp;recid=21102&amp;amp;euri=125ea9fc111144709c0e822285be6a61&quot;&amp;gt;&amp;lt;img  data-img=&quot;https://ss1.baidu.com/6ONXsjip0QIZ8tyhnq/it/u=1517878963,3954955052&amp;amp;fm=58&quot; class=&quot;c-img c-img4 opr-recommends-merge-img&quot;/&amp;gt;&amp;lt;/a&amp;gt;
            &amp;lt;a class=&quot;opr-recommends-merge-mask&quot; target=&quot;_blank&quot; href=&quot;/s?rsv_idx=1&amp;amp;wd=%E4%B8%AD%E6%96%87%E7%94%B5%E7%A0%81&amp;amp;usm=4&amp;amp;ie=utf-8&amp;amp;rsv_cq=%E4%B8%AD%E6%96%87&amp;amp;rsv_dl=0_right_recommends_merge_21102&amp;amp;cq=%E4%B8%AD%E6%96%87&amp;amp;srcid=28310&amp;amp;rt=%E7%9B%B8%E5%85%B3%E4%B9%A6%E7%B1%8D&amp;amp;recid=21102&amp;amp;euri=125ea9fc111144709c0e822285be6a61&quot;&amp;gt;&amp;lt;/a&amp;gt;                    &amp;lt;/div&amp;gt;
        &amp;lt;div class=&quot;c-gap-top-small&quot;&amp;gt;&amp;lt;a target=&quot;_blank&quot; title=&quot;中文电码&quot; href=&quot;/s?rsv_idx=1&amp;amp;wd=%E4%B8%AD%E6%96%87%E7%94%B5%E7%A0%81&amp;amp;usm=4&amp;amp;ie=utf-8&amp;amp;rsv_cq=%E4%B8%AD%E6%96%87&amp;amp;rsv_dl=0_right_recommends_merge_21102&amp;amp;cq=%E4%B8%AD%E6%96%87&amp;amp;srcid=28310&amp;amp;rt=%E7%9B%B8%E5%85%B3%E4%B9%A6%E7%B1%8D&amp;amp;recid=21102&amp;amp;euri=125ea9fc111144709c0e822285be6a61&quot;&amp;gt;中文电码&amp;lt;/a&amp;gt;&amp;lt;/div&amp;gt;
                                    &amp;lt;/div&amp;gt;   

 

        
    
    &amp;lt;div class=&quot;c-span4  c-span-last-s opr-recommends-merge-item &quot; data-click=&quot;{&#039;rsv_re_ename&#039;:&#039;英汉互译&#039;,&#039;rsv_re_uri&#039;:&#039;2ebd52f40a684cd9b408d35803dc3e27&#039;}&quot;&amp;gt;
                                                	&amp;lt;div class=&quot;opr-recommends-merge-p&quot;&amp;gt;
            &amp;lt;a target=&quot;_blank&quot; href=&quot;/s?rsv_idx=1&amp;amp;wd=%E8%8B%B1%E6%B1%89%E4%BA%92%E8%AF%91&amp;amp;usm=4&amp;amp;ie=utf-8&amp;amp;rsv_cq=%E4%B8%AD%E6%96%87&amp;amp;rsv_dl=0_right_recommends_merge_21102&amp;amp;cq=%E4%B8%AD%E6%96%87&amp;amp;srcid=28310&amp;amp;rt=%E7%9B%B8%E5%85%B3%E4%B9%A6%E7%B1%8D&amp;amp;recid=21102&amp;amp;euri=2ebd52f40a684cd9b408d35803dc3e27&quot;&amp;gt;&amp;lt;img  data-img=&quot;https://ss2.baidu.com/6ONYsjip0QIZ8tyhnq/it/u=434352239,3112150024&amp;amp;fm=58&quot; class=&quot;c-img c-img4 opr-recommends-merge-img&quot;/&amp;gt;&amp;lt;/a&amp;gt;
            &amp;lt;a class=&quot;opr-recommends-merge-mask&quot; target=&quot;_blank&quot; href=&quot;/s?rsv_idx=1&amp;amp;wd=%E8%8B%B1%E6%B1%89%E4%BA%92%E8%AF%91&amp;amp;usm=4&amp;amp;ie=utf-8&amp;amp;rsv_cq=%E4%B8%AD%E6%96%87&amp;amp;rsv_dl=0_right_recommends_merge_21102&amp;amp;cq=%E4%B8%AD%E6%96%87&amp;amp;srcid=28310&amp;amp;rt=%E7%9B%B8%E5%85%B3%E4%B9%A6%E7%B1%8D&amp;amp;recid=21102&amp;amp;euri=2ebd52f40a684cd9b408d35803dc3e27&quot;&amp;gt;&amp;lt;/a&amp;gt;                    &amp;lt;/div&amp;gt;
        &amp;lt;div class=&quot;c-gap-top-small&quot;&amp;gt;&amp;lt;a target=&quot;_blank&quot; title=&quot;英汉互译&quot; href=&quot;/s?rsv_idx=1&amp;amp;wd=%E8%8B%B1%E6%B1%89%E4%BA%92%E8%AF%91&amp;amp;usm=4&amp;amp;ie=utf-8&amp;amp;rsv_cq=%E4%B8%AD%E6%96%87&amp;amp;rsv_dl=0_right_recommends_merge_21102&amp;amp;cq=%E4%B8%AD%E6%96%87&amp;amp;srcid=28310&amp;amp;rt=%E7%9B%B8%E5%85%B3%E4%B9%A6%E7%B1%8D&amp;amp;recid=21102&amp;amp;euri=2ebd52f40a684cd9b408d35803dc3e27&quot;&amp;gt;英汉互译&amp;lt;/a&amp;gt;&amp;lt;/div&amp;gt;
                                    &amp;lt;/div&amp;gt;   

 

        
    
    &amp;lt;div class=&quot;c-span4  c-span-last opr-recommends-merge-lastspan opr-recommends-merge-item &quot; data-click=&quot;{&#039;rsv_re_ename&#039;:&#039;翻译在线&#039;,&#039;rsv_re_uri&#039;:&#039;53c7c84a76d94b78b4d869b7c9634732&#039;}&quot;&amp;gt;
                                                	&amp;lt;div class=&quot;opr-recommends-merge-p&quot;&amp;gt;
            &amp;lt;a target=&quot;_blank&quot; href=&quot;/s?rsv_idx=1&amp;amp;wd=%E7%BF%BB%E8%AF%91%E5%9C%A8%E7%BA%BF&amp;amp;usm=4&amp;amp;ie=utf-8&amp;amp;rsv_cq=%E4%B8%AD%E6%96%87&amp;amp;rsv_dl=0_right_recommends_merge_21102&amp;amp;cq=%E4%B8%AD%E6%96%87&amp;amp;srcid=28310&amp;amp;rt=%E7%9B%B8%E5%85%B3%E4%B9%A6%E7%B1%8D&amp;amp;recid=21102&amp;amp;euri=53c7c84a76d94b78b4d869b7c9634732&quot;&amp;gt;&amp;lt;img  data-img=&quot;https://ss2.baidu.com/6ONYsjip0QIZ8tyhnq/it/u=4147341281,1948615944&amp;amp;fm=58&quot; class=&quot;c-img c-img4 opr-recommends-merge-img&quot;/&amp;gt;&amp;lt;/a&amp;gt;
            &amp;lt;a class=&quot;opr-recommends-merge-mask&quot; target=&quot;_blank&quot; href=&quot;/s?rsv_idx=1&amp;amp;wd=%E7%BF%BB%E8%AF%91%E5%9C%A8%E7%BA%BF&amp;amp;usm=4&amp;amp;ie=utf-8&amp;amp;rsv_cq=%E4%B8%AD%E6%96%87&amp;amp;rsv_dl=0_right_recommends_merge_21102&amp;amp;cq=%E4%B8%AD%E6%96%87&amp;amp;srcid=28310&amp;amp;rt=%E7%9B%B8%E5%85%B3%E4%B9%A6%E7%B1%8D&amp;amp;recid=21102&amp;amp;euri=53c7c84a76d94b78b4d869b7c9634732&quot;&amp;gt;&amp;lt;/a&amp;gt;                    &amp;lt;/div&amp;gt;
        &amp;lt;div class=&quot;c-gap-top-small&quot;&amp;gt;&amp;lt;a target=&quot;_blank&quot; title=&quot;翻译在线&quot; href=&quot;/s?rsv_idx=1&amp;amp;wd=%E7%BF%BB%E8%AF%91%E5%9C%A8%E7%BA%BF&amp;amp;usm=4&amp;amp;ie=utf-8&amp;amp;rsv_cq=%E4%B8%AD%E6%96%87&amp;amp;rsv_dl=0_right_recommends_merge_21102&amp;amp;cq=%E4%B8%AD%E6%96%87&amp;amp;srcid=28310&amp;amp;rt=%E7%9B%B8%E5%85%B3%E4%B9%A6%E7%B1%8D&amp;amp;recid=21102&amp;amp;euri=53c7c84a76d94b78b4d869b7c9634732&quot;&amp;gt;翻译在线&amp;lt;/a&amp;gt;&amp;lt;/div&amp;gt;
                                    &amp;lt;/div&amp;gt;   

    &amp;lt;/div&amp;gt;
 

        
&amp;lt;div class=&quot;c-row c-gap-top&quot;&amp;gt;
    
    &amp;lt;div class=&quot;c-span4  opr-recommends-merge-item &quot; data-click=&quot;{&#039;rsv_re_ename&#039;:&#039;中文核心期刊目录&#039;,&#039;rsv_re_uri&#039;:&#039;d76ccc0eb4e54f049a24c657272625c4&#039;}&quot;&amp;gt;
                                                	&amp;lt;div class=&quot;opr-recommends-merge-p&quot;&amp;gt;
            &amp;lt;a target=&quot;_blank&quot; href=&quot;/s?rsv_idx=1&amp;amp;wd=%E4%B8%AD%E6%96%87%E6%A0%B8%E5%BF%83%E6%9C%9F%E5%88%8A%E7%9B%AE%E5%BD%95&amp;amp;usm=4&amp;amp;ie=utf-8&amp;amp;rsv_cq=%E4%B8%AD%E6%96%87&amp;amp;rsv_dl=0_right_recommends_merge_21102&amp;amp;cq=%E4%B8%AD%E6%96%87&amp;amp;srcid=28310&amp;amp;rt=%E7%9B%B8%E5%85%B3%E4%B9%A6%E7%B1%8D&amp;amp;recid=21102&amp;amp;euri=d76ccc0eb4e54f049a24c657272625c4&quot;&amp;gt;&amp;lt;img  data-img=&quot;https://ss0.baidu.com/6ONWsjip0QIZ8tyhnq/it/u=2656787433,777204603&amp;amp;fm=58&quot; class=&quot;c-img c-img4 opr-recommends-merge-img&quot;/&amp;gt;&amp;lt;/a&amp;gt;
            &amp;lt;a class=&quot;opr-recommends-merge-mask&quot; target=&quot;_blank&quot; href=&quot;/s?rsv_idx=1&amp;amp;wd=%E4%B8%AD%E6%96%87%E6%A0%B8%E5%BF%83%E6%9C%9F%E5%88%8A%E7%9B%AE%E5%BD%95&amp;amp;usm=4&amp;amp;ie=utf-8&amp;amp;rsv_cq=%E4%B8%AD%E6%96%87&amp;amp;rsv_dl=0_right_recommends_merge_21102&amp;amp;cq=%E4%B8%AD%E6%96%87&amp;amp;srcid=28310&amp;amp;rt=%E7%9B%B8%E5%85%B3%E4%B9%A6%E7%B1%8D&amp;amp;recid=21102&amp;amp;euri=d76ccc0eb4e54f049a24c657272625c4&quot;&amp;gt;&amp;lt;/a&amp;gt;                    &amp;lt;/div&amp;gt;
        &amp;lt;div class=&quot;c-gap-top-small&quot;&amp;gt;&amp;lt;a target=&quot;_blank&quot; title=&quot;中文核心期刊目录&quot; href=&quot;/s?rsv_idx=1&amp;amp;wd=%E4%B8%AD%E6%96%87%E6%A0%B8%E5%BF%83%E6%9C%9F%E5%88%8A%E7%9B%AE%E5%BD%95&amp;amp;usm=4&amp;amp;ie=utf-8&amp;amp;rsv_cq=%E4%B8%AD%E6%96%87&amp;amp;rsv_dl=0_right_recommends_merge_21102&amp;amp;cq=%E4%B8%AD%E6%96%87&amp;amp;srcid=28310&amp;amp;rt=%E7%9B%B8%E5%85%B3%E4%B9%A6%E7%B1%8D&amp;amp;recid=21102&amp;amp;euri=d76ccc0eb4e54f049a24c657272625c4&quot;&amp;gt;中文核心期刊目录&amp;lt;/a&amp;gt;&amp;lt;/div&amp;gt;
                                    &amp;lt;/div&amp;gt;   

 

        
    
    &amp;lt;div class=&quot;c-span4  opr-recommends-merge-item &quot; data-click=&quot;{&#039;rsv_re_ename&#039;:&#039;中文传媒&#039;,&#039;rsv_re_uri&#039;:&#039;6f2a518d049746569f9ae53eaddbf849&#039;}&quot;&amp;gt;
                                                	&amp;lt;div class=&quot;opr-recommends-merge-p&quot;&amp;gt;
            &amp;lt;a target=&quot;_blank&quot; href=&quot;/s?rsv_idx=1&amp;amp;wd=%E4%B8%AD%E6%96%87%E4%BC%A0%E5%AA%92&amp;amp;usm=4&amp;amp;ie=utf-8&amp;amp;rsv_cq=%E4%B8%AD%E6%96%87&amp;amp;rsv_dl=0_right_recommends_merge_21102&amp;amp;cq=%E4%B8%AD%E6%96%87&amp;amp;srcid=28310&amp;amp;rt=%E7%9B%B8%E5%85%B3%E4%B9%A6%E7%B1%8D&amp;amp;recid=21102&amp;amp;euri=6f2a518d049746569f9ae53eaddbf849&quot;&amp;gt;&amp;lt;img  data-img=&quot;https://ss2.baidu.com/6ONYsjip0QIZ8tyhnq/it/u=2104846691,3504258277&amp;amp;fm=58&quot; class=&quot;c-img c-img4 opr-recommends-merge-img&quot;/&amp;gt;&amp;lt;/a&amp;gt;
            &amp;lt;a class=&quot;opr-recommends-merge-mask&quot; target=&quot;_blank&quot; href=&quot;/s?rsv_idx=1&amp;amp;wd=%E4%B8%AD%E6%96%87%E4%BC%A0%E5%AA%92&amp;amp;usm=4&amp;amp;ie=utf-8&amp;amp;rsv_cq=%E4%B8%AD%E6%96%87&amp;amp;rsv_dl=0_right_recommends_merge_21102&amp;amp;cq=%E4%B8%AD%E6%96%87&amp;amp;srcid=28310&amp;amp;rt=%E7%9B%B8%E5%85%B3%E4%B9%A6%E7%B1%8D&amp;amp;recid=21102&amp;amp;euri=6f2a518d049746569f9ae53eaddbf849&quot;&amp;gt;&amp;lt;/a&amp;gt;                    &amp;lt;/div&amp;gt;
        &amp;lt;div class=&quot;c-gap-top-small&quot;&amp;gt;&amp;lt;a target=&quot;_blank&quot; title=&quot;中文传媒&quot; href=&quot;/s?rsv_idx=1&amp;amp;wd=%E4%B8%AD%E6%96%87%E4%BC%A0%E5%AA%92&amp;amp;usm=4&amp;amp;ie=utf-8&amp;amp;rsv_cq=%E4%B8%AD%E6%96%87&amp;amp;rsv_dl=0_right_recommends_merge_21102&amp;amp;cq=%E4%B8%AD%E6%96%87&amp;amp;srcid=28310&amp;amp;rt=%E7%9B%B8%E5%85%B3%E4%B9%A6%E7%B1%8D&amp;amp;recid=21102&amp;amp;euri=6f2a518d049746569f9ae53eaddbf849&quot;&amp;gt;中文传媒&amp;lt;/a&amp;gt;&amp;lt;/div&amp;gt;
                                    &amp;lt;/div&amp;gt;   

    &amp;lt;/div&amp;gt;
 
&amp;lt;/div&amp;gt;
&lt;/textarea&gt;

&lt;/div&gt;
 
	&lt;div class=&quot;cr-title c-clearfix&quot;&gt;
            &lt;a class=&quot;cr-title-sub opr-recommends-merge-more-btn&quot; href=&quot;javascript:;&quot; onclick=&quot;return false;&quot; data-click=&quot;{&#039;fm&#039;:&#039;beha&#039;}&quot;&gt;&lt;span&gt;展开&lt;/span&gt;&lt;i class=&quot;c-icon c-icon-chevron-bottom c-gap-left-small&quot;&gt;&lt;/i&gt;&lt;/a&gt;     
        &lt;span title=&quot;世界各地域的语言&quot;&gt;世界各地域的语言&lt;/span&gt;
            &lt;/div&gt;

&lt;div class=&quot;opr-recommends-merge-panel&quot;&gt;
        
&lt;div class=&quot;c-row c-gap-top&quot;&gt;
    
    &lt;div class=&quot;c-span4  opr-recommends-merge-item &quot; data-click=&quot;{&#039;rsv_re_ename&#039;:&#039;朝鲜语&#039;,&#039;rsv_re_uri&#039;:&#039;537f7667aa434447950d267071f0bbbe&#039;}&quot;&gt;
                                                	&lt;div class=&quot;opr-recommends-merge-p&quot;&gt;
            &lt;a target=&quot;_blank&quot; href=&quot;/s?rsv_idx=1&amp;amp;wd=%E6%9C%9D%E9%B2%9C%E8%AF%AD&amp;amp;usm=4&amp;amp;ie=utf-8&amp;amp;rsv_cq=%E4%B8%AD%E6%96%87&amp;amp;rsv_dl=0_right_recommends_merge_21102&amp;amp;cq=%E4%B8%AD%E6%96%87&amp;amp;srcid=28310&amp;amp;rt=%E4%B8%96%E7%95%8C%E5%90%84%E5%9C%B0%E5%9F%9F%E7%9A%84%E8%AF%AD%E8%A8%80&amp;amp;recid=21102&amp;amp;euri=537f7667aa434447950d267071f0bbbe&quot;&gt;&lt;img data-b64il-id=&quot;1827238237_2636051350_58&quot; data-src=&quot;https://ss1.baidu.com/6ONXsjip0QIZ8tyhnq/it/u=1827238237,2636051350&amp;amp;fm=58&quot; class=&quot;c-img c-img4 opr-recommends-merge-img&quot; src=&quot;data:image/jpeg;base64,/9j/4AAQSkZJRgABAQEAAQABAAD/2wBDAAUDBAQEAwUEBAQFBQUGBwwIBwcHBw8LCwkMEQ8SEhEPERETFhwXExQaFRERGCEYGh0dHx8fExciJCIeJBweHx7/2wBDAQUFBQcGBw4ICA4eFBEUHh4eHh4eHh4eHh4eHh4eHh4eHh4eHh4eHh4eHh4eHh4eHh4eHh4eHh4eHh4eHh4eHh7/wAARCABLAEsDASIAAhEBAxEB/8QAHAAAAgIDAQEAAAAAAAAAAAAABQYDBAECCAcA/8QAQhAAAgEDAwEFBAcEBgsAAAAAAQIDBAURABIhBhMiMUFRBzKR0ggUFSNSYXFCgaGxFjNVYpLBJCVFU3WEhZSVwtH/xAAZAQEBAAMBAAAAAAAAAAAAAAABAAIDBAX/xAAfEQACAgIDAAMAAAAAAAAAAAAAAQISAxMRMUEEFCH/2gAMAwEAAhEDEQA/AOeaD2Y9e1iJJT9J3JkdQysVVQQf1I0dofYj7TKnG3plowfOWrhX/wBtdYzV1ps88dFVSOJgq4VYi2ckhRn1O08eOi0F/t0SH7mpwknZElUQB8Z2ZZx3vy8deYvkZH4drwQXpy7a/o3e0OqAM7WSiB/3laXI/wACHTXaPosXWQKbp1fQQHzWmo3k/izL/LXvqdU0pEgho5W7KZYJAZowVkYgBCAzHPPp/LW03VUkQqOyoFdqeURSIrSSMGJxwFjAI9SDgcZPOrdkHXjR4X1T9FtqGzGosvVklbXkgRQVNGsSSMTgLvDHb+pBGld/oz+0tY1P+oGYjlRcDkfl7mNdUVt5q3uVqoaiki2zVsMZkRZFALDcMFhhvDkcH4as0vWFBVzGGCjmLhd+0zQhghfYGIL5AJxjPPI0rLkJ48ZyG/0bvacGI+q2XA8/tIfLqCT6OftMU80tl/8AJL8uuyai+RR1poXttYKnYZTH2kG7YCAWx2nhkjnQep6stRWmbsp8VYU057SD77JwNv3nPJ1bsga4HJI+jp7RS2JFscQ9Wr8j+CHWh+jp18DgzWP/ALx/k11rBeoq6F5aK3VdTGpxuiaFgD6EiTx/LUBqqlu99lVvPPvw/Po+xkHTAAVVFJV9TvXBS8cFS5KLTlzIIowgCvkbTvL448Tz44MUdLPGKVKejqA01xmmllp6OONcYBHjyMBsZ8ThifXVS21ELUtXW1M8DSCidTmGTcjSsHdCVPeAZxkD9PEZ1ephS/WrMghpjDHRNIStPIVEjR5Jz5KQDlfHy8tY9EYlozPDEsU1RTGsumyUxSwqzg7uchve8Tj+A1PVVVJLHMUq6A7riiz9pcDIFBLKp7oAVuPdBwACTjGTU6et6VMXTySyxsEmlqGVLe6jjhd2QezI8OSCMA54wb1hFTW2qGooxXqXucobsaaKJnjViAGGCGjHJUcsR4Z8dJBOWKMdfWcB6Rna5QM3ZSkurCNw25T6kDkcDGPE6o22iq4qie4msqWozaT90IEZcbnyASSO6WLAMuCT+/RBBI3tItivU3BhFcjtjn2mNvupG3Ljw8duOOADjVW0UtC8dRVH7NYfY+yX7tmlO9RjeFXcw4HAOcYHqNS/DGRcY1FReLVLb466SheicdqaOLC5ypJCjh14G33eQPM6r2W310Mdtpa0uzwV8glWWkpxvDR9oCwU4zwdu3k43YwMa+tLWyT7BQUtEWekKyb1cZiZ9h2gjjccnk8Z89D6iC2W2gt9dT2+0oI7oC/1cTOpYDapTkFW2nbk5zjOOdPKJBGaluNppKtEq6rmvWo7WKSI9xnG6E7gAABjI5OCMEc6aKen7SBGAHugcc+GgFroqGru11ttVTWyaCOYS9iIhkvkt2h4BPj+458+dEqiiolmZGipjt7o3s2cDgfwxrXJcmyIi0lVcq6z3Q0UFc8lRWrEqPUr92uVBKumCAAMYH68+Ot7tSTxXe93NBcCq0awQLFVooBYKCq+Oxh4jIycn8swW65VcNRaLfWtbXqa12qd0MUjqygDawbyIB53Hju+Q1mvlje1Vc8aWIfW6tFBSYMjsx/aJHvcDD8HBJwAM6fQ4NqenqPrVtkneU0lPajPJJPXAuneYe8vdJG4AN4YJJ8ANW+mqaD6hZ0pRa2lnnc7aqreoDuvdPZnOMBFPj5+GCealJPGl0r46ypsMjUNvEFRL2TB1OBncoG1h44VeOR66PUFVb6e5WSjWoom3gyLimVVYHgMee5gjOFGCwJ4GNKYEXTU9NP7SYGhMJ7W5zVeUkZmA7IR4cMOG7p8PIj01b6cpq2SlSGOrvMSyWdHgC4aEtsxhVz5EqRnGSSPI5h6cqYZuureiVcNTN2lXUyulI0B3OI/eBJycY9OAPXJp9NxV0tdUKlArxt03Tp3m2pLlO4rMGyozu5wPPnjJegfSCcNXUU83TEdRLcRPV1VR2w7MdkhYcq45AXOFUghRjIHlrZoK2a37nnuTla+KYJJGrSIVbJVtyqNieOF5PgPEZGVtJU0k/T/ANRo17H6xJFTr27FhHlXVc7skbRI+DnG304NiKCt+y7pTVVvDrFVAsDXvN3+1DZPfyOCjBQVJyP0K0CYXt9VIes6uBqmtlQ04ZY5IyIozx7pK8kg+GfM+ecXq12FU43OPD+Wg0M0sXW6CphqYnko03zPUFlklz/VkDu8ZJBAGTuP5aaF2Y78ak+pGtLN0TySjudNLdEo/r1FGaK3l3iWiLdi+B96rY73vDuj1I5PhItS8VrooheTKZ5WkSI29cum5VEeP2VH4gDnOQcaM0fTwYK5uV37QALntVBx6Z2ZxorD092gVZa+6vs5VjNyOMfh449NKnEKsTaqplhXqOrF22vHKY90MZ7QKWXKpkeGBgEftbv10xWyeF+oKFZrxXyyNQqd6ktGQrEk5wO+y+eM4U+uNHIenIMnfWXmQtw2ax+R+4DjWZ7PaKFAHqbkrgd0NcJzj9Bu41OaRVbFvoiqar6pt1QbhUVv+h1JYzrtkVg6qdwycZABH5Y1906k7pTN9Utsiz2pIVlSNlm3imRsSNIOzfHHGTgMMjx0wWuz0kHUEFwglrp3kieLM0zSAKQWOM85zjn8tSUHSJoRH2N0q22RrGvaUkbZAQJkjGCSoAJxkgalNMqMXaJ55bJ080lNYGkeo3orMkeF3qMw7cAHA58+RnPgd6hbez9RP2dukMk4lRZY2CukeN7sDwzB8j1PAHGmCXpUsoUVkW1XMir9lx91j4lcEYzx4eg9NU5ujiUqgLmEaqGJ2S3hS/OfEPx+7GmyCrK0UhkqrQ88VmYFDJE8LOpypyvZqBgAIcYJ8yNMrSMWO1RjPHjoCvTEkSUwNxjkalBFO0ltRjFkY4Ytnw1YNNec8Xxj+f2dH/8AdYSkmZJNHAUd3vC8rdrkD+VXJ82pUvd6H+2bqP8AnZfm0l7m/E3x1kM34m+OvVocF2OMt0ukp3SXS4Of71VIf89bRXe7xf1d2uKD+7VyD/PSaXf8bfHWN7/jb4nVrTK7HxOpOoVcFL9d0OcjbXSjHwbWT1l1JyV6qvgGf7Rm+b8tIYd+O+/+I6wWbJ7x+OnWiux9/pt1SBx1dfR/1Kb5tbHrjqwZH9Lr6D6faU3za8/3t+JvjrO98e+3x1a0V2PsnXnVwbA6wv44/tKb5taDrzrLy6x6gx/xKb5tIm98+83x19vf8bfHTrQWZ//Z&quot;&gt;&lt;/a&gt;
            &lt;a class=&quot;opr-recommends-merge-mask&quot; target=&quot;_blank&quot; href=&quot;/s?rsv_idx=1&amp;amp;wd=%E6%9C%9D%E9%B2%9C%E8%AF%AD&amp;amp;usm=4&amp;amp;ie=utf-8&amp;amp;rsv_cq=%E4%B8%AD%E6%96%87&amp;amp;rsv_dl=0_right_recommends_merge_21102&amp;amp;cq=%E4%B8%AD%E6%96%87&amp;amp;srcid=28310&amp;amp;rt=%E4%B8%96%E7%95%8C%E5%90%84%E5%9C%B0%E5%9F%9F%E7%9A%84%E8%AF%AD%E8%A8%80&amp;amp;recid=21102&amp;amp;euri=537f7667aa434447950d267071f0bbbe&quot;&gt;&lt;/a&gt;                    &lt;/div&gt;
        &lt;div class=&quot;c-gap-top-small&quot;&gt;&lt;a target=&quot;_blank&quot; title=&quot;朝鲜语&quot; href=&quot;/s?rsv_idx=1&amp;amp;wd=%E6%9C%9D%E9%B2%9C%E8%AF%AD&amp;amp;usm=4&amp;amp;ie=utf-8&amp;amp;rsv_cq=%E4%B8%AD%E6%96%87&amp;amp;rsv_dl=0_right_recommends_merge_21102&amp;amp;cq=%E4%B8%AD%E6%96%87&amp;amp;srcid=28310&amp;amp;rt=%E4%B8%96%E7%95%8C%E5%90%84%E5%9C%B0%E5%9F%9F%E7%9A%84%E8%AF%AD%E8%A8%80&amp;amp;recid=21102&amp;amp;euri=537f7667aa434447950d267071f0bbbe&quot;&gt;朝鲜语&lt;/a&gt;&lt;/div&gt;
                        &lt;div class=&quot;opr-recommends-merge-d&quot;&gt;
        	            	&lt;p class=&quot;opr-recommends-merge-width-text&quot;&gt;朝鲜族的通用语言&lt;/p&gt;
                    &lt;/div&gt;
                            &lt;/div&gt;   

 

        
    
    &lt;div class=&quot;c-span4  opr-recommends-merge-item &quot; data-click=&quot;{&#039;rsv_re_ename&#039;:&#039;汉语&#039;,&#039;rsv_re_uri&#039;:&#039;0cdf030400384f7d8bb05ba768fa1214&#039;}&quot;&gt;
                                                	&lt;div class=&quot;opr-recommends-merge-p&quot;&gt;
            &lt;a target=&quot;_blank&quot; href=&quot;/s?rsv_idx=1&amp;amp;wd=%E6%B1%89%E8%AF%AD&amp;amp;usm=4&amp;amp;ie=utf-8&amp;amp;rsv_cq=%E4%B8%AD%E6%96%87&amp;amp;rsv_dl=0_right_recommends_merge_21102&amp;amp;cq=%E4%B8%AD%E6%96%87&amp;amp;srcid=28310&amp;amp;rt=%E4%B8%96%E7%95%8C%E5%90%84%E5%9C%B0%E5%9F%9F%E7%9A%84%E8%AF%AD%E8%A8%80&amp;amp;recid=21102&amp;amp;euri=0cdf030400384f7d8bb05ba768fa1214&quot;&gt;&lt;img data-b64il-id=&quot;167923412_1260132339_58&quot; data-src=&quot;https://ss2.baidu.com/6ONYsjip0QIZ8tyhnq/it/u=167923412,1260132339&amp;amp;fm=58&quot; class=&quot;c-img c-img4 opr-recommends-merge-img&quot; src=&quot;data:image/jpeg;base64,/9j/4AAQSkZJRgABAQEAAQABAAD/2wBDAAUDBAQEAwUEBAQFBQUGBwwIBwcHBw8LCwkMEQ8SEhEPERETFhwXExQaFRERGCEYGh0dHx8fExciJCIeJBweHx7/2wBDAQUFBQcGBw4ICA4eFBEUHh4eHh4eHh4eHh4eHh4eHh4eHh4eHh4eHh4eHh4eHh4eHh4eHh4eHh4eHh4eHh4eHh7/wAARCABLAEsDASIAAhEBAxEB/8QAGwAAAwEBAQEBAAAAAAAAAAAABAUGAwIBAAf/xAAxEAACAgEEAgIBAwIFBQEAAAABAgMEEQAFEiEGMRNBIhRRYQcjMjNCcZEVJFJigbH/xAAaAQADAQADAAAAAAAAAAAAAAABAgMABAYH/8QAJxEAAgIBAwIGAwEAAAAAAAAAAQIAERIDITFRYSJBcZHB8BMy0eH/2gAMAwEAAhEDEQA/AP2Sqw44ZBosJGwwVA0ACwOBoiOQjo+9ecNOxgTPd5q22bbNfmgnmjhXkyV4+bkfwMjr7JJAAySdBeNbnHvvztFtlqtHE5j5yvE2XBwyYR2IYfYP7+9G3LQrVzNJBPOoYKUii+QkE47H7D2f2GToTw6tDt+xQQVdxm3GLk8gsvJy5kuSSPoDOeh1nOPeiMfxk1vNvlE7eZbLJPSSmDcgt7g9IWI3AijCJykkZmwBxPXH2cHGqdq6/QwdR1KGpQ8ipVdr8Zir1G3e4ZZGgVxA/wASqZYmU4iEjewcs35Egd4O832fefIJqdChukW3Ua8i27RBJlndGBiiIUgrFleTEHJwFH2dVfTTJQNh1iqzUSd5SpURgGBHY969NNR3pT4luO/3EsjfKG3RqrA1rlCz8kNpTnJCElkI/Ykg/R+ta7VvrbjNcik2ncqH6Wb4s2o1Czf+0bKzBh+/og9EagUKk9o4a4Y0caDGNL5Xb5DjGjZpo2Bx2dCcQe+9MphIhaEZ7A1P+T+QWKE+5VYo4qiVdobcP18xDorfIEC/GCCR77JH/wCnTW5uW3bdUa1uFlIIgyqWc4HJmCqB/JJAGlO8Wqdjb03rbtlr7vXvUGR55bIhjMKkOsbBvWcuQ2MKV/Igdi2mniBIsSTNtsZh5Nt1OwlTzG1udqOntsX6m3Aq/IkkUQZmVVB/HJyWIJ5BVHodtfAptobZXp7RJOYKsmMTLxfDqJFPH2FKuCuQDj61tRC1/GlrW6FKJJMwxVY5jPEyO2EBZgOWQwLfXZwT71hsD0tt3Wx47R2jcoEjzYa3L+cUzN7bmXLdnIGQP8JA9azHJCvTjjiYbMDBmeRvNl2yPbpWqQobrTOGQfLIxy6uXw4BwCgU4LDsetY7xt9u1d3yq9ijWm3Kj8Vd3rtKgjGY1MucBsmVv7eceiM5I11vt3bo/OdurTWbVO8YP+3naZP07mRuPxfGWy0jBT2AMBc50d5ntcu77fVqNaiq1EuRT2XfPPijBl4N/pbkB3/wQdYGit7WPmbkGCeKbZu2x+IWaG6SVrE8SymExzlVKcPxUnivD1/pGAD160B/TaluVepM1+tRpK0FVEq1G/FGWM8mKZPAsGTokk4yT3ppuKWqnjE8O4TxEyTKhZeX9uOSVQVLMcnAYjPXWOtdbZStQeU7zelSn+ivLAyLGGEhdFZW5567XiMj6GgXtXvz+KhC0R2mWw+TeOb9bertW6JZlV5V/BG4t8bcXIbHErnoEHBwcacsiKcfIetSG2UKO3eQCKLcd0ml2unDC68QkTK7PxDcAFZsY6I6CKeiSTVgtjpzoOqK1JxCpYi2ireII7EUcjxGX9M5nCKis0hVT+ILdDIJGf56x71O7jslqb+nVKvsUMdqeKsGig3DI/sun5RDHSsBjBIPa9js6fbms8+32I4LJrsY3HMKD/pP7g47/gnrUtLW3G3t/iKbNJBNtla0o3FDF0iBD+WGIbKsR19E5PrGuRpMaG9b/wBkWG/Eods261X2DZ6nNGlqWYZZwZXPQYswJcliw5D37I+hgBzt0e0xXbNynHVFqwQbEkRBdyOsn/jGp/wrYqe27HbqHao6i2bU7SxkhvkTkVQkj3/bC4+wMD61t4vYearub/oKte3Beng+JC2WCn8ObnslhxYn1hh+2o6m+VH77yi7VPGqV91vwbpQ3arJep7t8s80WJVCqvBq/R6IjIHfoknHet/LP0Nqtudfc6tRKtivCFmlJ4yujO+JOPaxpxUliMAMffrUv4sd6qrttOabb6lpL9x7NSCFK4tRcikbEKuABkfyeK9k50x/qMUrVK+4213WxUh5p8G3UjYkMrjijkD6H0D1ywdPiRqhb9Pf7UAIxJqVVq7XXZ3s2GCwBQsjIhIU5C5UEZwG9HH0D60tqPcTymzGTuT146EcMk1l1EUsoOQ8ag4LEFg5CqMge+sEVLIk2mvNc+aDlChkFpVjkToZDqCVB/cZxnU74ztO60t8Rtx3BJYhtiQLFLP8szOJGYsWIBOB7OMEn646ggGLSh5ELis7dD5taEZ5S2YRG5/Uch8iEsV4Fvx6Ochcfz3p/wDqk/8AB/8AjSPbKjR+UXrL3opnijWMxpCq/Hy7GTxzk/Y5H/Ah+8ByGyO2GdHU5FdBAsDm+WStLHDIElYYRj2Af50gmFWbwjcBcpT2a1uSw08JxyUNIRgDGT2OhgnvTqOUZIzoK/t8R8Zn26OFroEZ+OOdy5d88l5EkE/lj2frTo4FA9RAy2CYTT3iCl45Tu25LM/yMsQCQGSRpGcqF4qoxg9egBjs4GdB+Cbpudzx+iN0js2bgeaOxZav8IyjtxJUn7HEfjkZ++s6JpI22+MpDTq3C8Vb8YUZTMWIyRljjlyJ9nGg/Bl3WOlN/wBVvWrcnyBedmdZXV16dQVVV4ggegMnPQ1jjgxA84BeQhn62C55HXmrNRs16sU0c036gF4JQQOIT+cOCT64nGg/Kb+5Vt6gsVbHCrUrO94IpZoImYZkx2HbCNhT6wTg+tTXi/iP6HcZb8exR0lTd2lirSWOWIiv+byBPJ+TMwB9ZI/nVP5XTo2dnuQWFkdZUaeWFZTGLHFcBXcYIXPHHY7A/wBixGmmoADY+9/8mGRUk7T2dYN4/p7MN/nR6lyrl3jUxtJExBQEOOnYFVIxjJ696+21I6nnc0Zt0ZJLG2x8qysolgZGPI47ZlPJQOwFC+jnOiQRF4/I+3HiHhaaP5C8oBYcvQPLHfpf/mk/j+yUtv8AK5dxgVZ55qEWbNlC1nA/HJlIy3IBeWcEcV956VWGLj1+ISDYlS0MSXprQ+T5ZVVW5OSoC5xgeh7P++u/mQdFxn+NZSSEjGseWOsagCTzKVAYmAbv99HRNyA70CgHPGPZ0bTA5EfWqMLi8TcMPrWFSutZZQjyuskzy4kflxLHJVf2XOTj6ydFhV+QdfWtQq8vX1qfaGS1bat5jsVJW3iSaOG/NNJHIf8AMhfmFXIAJK8lwD+PX8A6y8hbep7N+pWq2BWG3M0MsZR1mlyPwKMBhsAgflggkn61XuoGMDGTrnguT1pxq+LIgTYbVE+yCxBs1KKzz+ZYEEnM5YNgZBP8Hr/5olm6yM6LmRfWBoaRQB61M+Jrh/UTBpsHB178sf2+sph2dc/FGeyo0+NTA3P/2Q==&quot;&gt;&lt;/a&gt;
            &lt;a class=&quot;opr-recommends-merge-mask&quot; target=&quot;_blank&quot; href=&quot;/s?rsv_idx=1&amp;amp;wd=%E6%B1%89%E8%AF%AD&amp;amp;usm=4&amp;amp;ie=utf-8&amp;amp;rsv_cq=%E4%B8%AD%E6%96%87&amp;amp;rsv_dl=0_right_recommends_merge_21102&amp;amp;cq=%E4%B8%AD%E6%96%87&amp;amp;srcid=28310&amp;amp;rt=%E4%B8%96%E7%95%8C%E5%90%84%E5%9C%B0%E5%9F%9F%E7%9A%84%E8%AF%AD%E8%A8%80&amp;amp;recid=21102&amp;amp;euri=0cdf030400384f7d8bb05ba768fa1214&quot;&gt;&lt;/a&gt;                    &lt;/div&gt;
        &lt;div class=&quot;c-gap-top-small&quot;&gt;&lt;a target=&quot;_blank&quot; title=&quot;汉语&quot; href=&quot;/s?rsv_idx=1&amp;amp;wd=%E6%B1%89%E8%AF%AD&amp;amp;usm=4&amp;amp;ie=utf-8&amp;amp;rsv_cq=%E4%B8%AD%E6%96%87&amp;amp;rsv_dl=0_right_recommends_merge_21102&amp;amp;cq=%E4%B8%AD%E6%96%87&amp;amp;srcid=28310&amp;amp;rt=%E4%B8%96%E7%95%8C%E5%90%84%E5%9C%B0%E5%9F%9F%E7%9A%84%E8%AF%AD%E8%A8%80&amp;amp;recid=21102&amp;amp;euri=0cdf030400384f7d8bb05ba768fa1214&quot;&gt;汉语&lt;/a&gt;&lt;/div&gt;
                        &lt;div class=&quot;opr-recommends-merge-d&quot;&gt;
        	            	&lt;p class=&quot;opr-recommends-merge-width-text&quot;&gt;中国新加坡的官方语言&lt;/p&gt;
                    &lt;/div&gt;
                            &lt;/div&gt;   

 

        
    
    &lt;div class=&quot;c-span4  c-span-last-s opr-recommends-merge-item &quot; data-click=&quot;{&#039;rsv_re_ename&#039;:&#039;冰岛语&#039;,&#039;rsv_re_uri&#039;:&#039;67ddba2c823346109d100198de26bfc9&#039;}&quot;&gt;
                                                	&lt;div class=&quot;opr-recommends-merge-p&quot;&gt;
            &lt;a target=&quot;_blank&quot; href=&quot;/s?rsv_idx=1&amp;amp;wd=%E5%86%B0%E5%B2%9B%E8%AF%AD&amp;amp;usm=4&amp;amp;ie=utf-8&amp;amp;rsv_cq=%E4%B8%AD%E6%96%87&amp;amp;rsv_dl=0_right_recommends_merge_21102&amp;amp;cq=%E4%B8%AD%E6%96%87&amp;amp;srcid=28310&amp;amp;rt=%E4%B8%96%E7%95%8C%E5%90%84%E5%9C%B0%E5%9F%9F%E7%9A%84%E8%AF%AD%E8%A8%80&amp;amp;recid=21102&amp;amp;euri=67ddba2c823346109d100198de26bfc9&quot;&gt;&lt;img data-b64il-id=&quot;3286208694_3837854323_58&quot; data-src=&quot;https://ss0.baidu.com/6ONWsjip0QIZ8tyhnq/it/u=3286208694,3837854323&amp;amp;fm=58&quot; class=&quot;c-img c-img4 opr-recommends-merge-img&quot; src=&quot;data:image/jpeg;base64,/9j/4AAQSkZJRgABAQEAAQABAAD/2wBDAAUDBAQEAwUEBAQFBQUGBwwIBwcHBw8LCwkMEQ8SEhEPERETFhwXExQaFRERGCEYGh0dHx8fExciJCIeJBweHx7/2wBDAQUFBQcGBw4ICA4eFBEUHh4eHh4eHh4eHh4eHh4eHh4eHh4eHh4eHh4eHh4eHh4eHh4eHh4eHh4eHh4eHh4eHh7/wAARCABLAEsDASIAAhEBAxEB/8QAGwAAAgMBAQEAAAAAAAAAAAAABAUBAgMABgj/xAA2EAACAQMDAwIEBgAEBwAAAAABAgMEESEAEjETIkEFURQjMmFScZGSobEGgcHRFSQzQmJy0v/EABYBAQEBAAAAAAAAAAAAAAAAAAEAAv/EABoRAQEBAQEBAQAAAAAAAAAAAAABESESMQL/2gAMAwEAAhEDEQA/APp2qHqCzVLyz07UhkX4dEiZZIzbIZr2P6DnQ25/xt+463MdJL6nXH4CqhnjUGWoFMbTqBcBTezEcWtfGiIKBJoEmDVMYcXCyRBWHOSL44/nWp8Zv0Duf8bfuOu3P+Nv3HR03p6xzRxE1BaQkAiIELYE3Yg2Axj89VSjjcx2NWBJexaC22xI7s44x760OktV6nLDP0vgq+UdWOPei3U7r917/StsnW1DVyVULSNDU05EjJslwxsbbvyPI03pfT46mATRyVCKeBJFsYZtkHI1ZfTYm27Z5e/6bx/37al0u3v+Nv3HXb3/ABv+46Yt6Yq2vJOC2AOlcjnmxwMc/cauPSEJxUOcZtHwcf76Niyle5/xt+46ben5pEJJJzyfudV/4QgFzUPyQezxn/bREEAgiEYckDyRY5zrP6umSh6OGsX1SaSaaKSkc/IiFOQ0Ztm7X7gebW/z0SFk6adTY7BB1isRAbB+n2zbSv0+Kgb1/wBR6dDURVTi1TM0ThJ1242tfaTawxY40VGlNHD6eiwzxjaDTKyMDGbH6s+xPN/OqQ0Vslv39M5O8CM9y920D7jF/wAjrtsm4FzGQCeoFiPcM7QPa2L++haFKQQ05p6aaJWZxGHiYFCSS265xe2L/bU08FNG9N0aWSNkD9ElD2Zs18+bedasGiUSSw67KzD/AKmyKwfOLXyLarHHUDZ1mjew+dthI3m422zi3n30NGtMj0kcdDURgqwiPSIEQ8h84JueedW9PWmSOmWlpZYks3SDxkdPI3BrnF9VilHMFu14xfbnt/8Abj+NV2vc2EdzfZeI2Axg5yec6FWOlqI6aTpOoWRmhDKylX+ZcnPnu599XraOkko5YqiMvAWLyL3ZbcDcZ9zfGjOpuVO4kABLnaOnkNc5v7cYtrgLAAi5tk7bXPvrN6KI1EkjwrvdOk8liAUBPbz41rGixRrHEVCKLLb20UwBQR1o9VqHqJ4JqRn+RElOVeLGQzXs3k8DnR0ysH7Ixst83chuRY2tbF7250jSpoY/WK+SnpJUrk2x1EjwOiyKRja/0ta44zjWi1e1KdFhAFOAI/mN7EZz3YPnVIrTZUnCWmVHYD5pWMi4za2ceL6iNKgD56xNz1dkbC4udu3PtzfS0V5XbtgjG0kr3Ngm9/OeTzqPjbNGRTxgxklLM2L3v5zz51rBpltqFdRJHG62PWYIQb/9u0f3fVoknCKKlUZwAJikZAJxa1+NKvjlV43FPErRXEfc3bfnzm/310VcE6ZigjtECE72NvfznjzqwaaSLP2EpGrA/NBQm692F+/0/wA66dajpt8OsPVv2dRDtC9uDbN+f40tFeVVVFPGApuvcxsc55/8jqT6izBlMEZDG7C5ycf/ACNWHTCdjEGkdI1gH0ko1w9zz9uOM86mCVJIVftJIyVUgX82Bza+ldVXPURMjRIpY3LAm/N9Gemg/Bp/n/Z0WcW9CTU/qklVUq7wTUrSA00ccLLImO4MxNm8nAHOqGhrBe9O4sLnjVKGm9LqvX/UoR6VPFUudtTPJTusdQLAja97N4GLHt9hptDTwUaJFDB0Q3cqhCdrbTfcbnxjVLxWdLDQ1gvencW541BoasXvTvjnjTb4dQ0ZETgxlihIJ2E7rk58+OedVkpqVKqBTEiyoWaC0Zsl/qODYXv5/vT6Hl56q/w5HUTmeb09mkEscxbcfrS4Q8+LnW1F6M9DC0NNRtEhdpCAb9zG5PPk6eQxLOIqnpSxPHuCLItitzY3ANs2xrSSCN6qOcIrPGCI3VTZQbX8+f8ATVpzSc0FZn/l3wLnjXfAVlwPhnyL+NN40QRKEhaFQSUTpEbTd8kA8HJzjOsauGmqInFRSvIiNd16TXY4G4WORbVowt+Bq7XNO9r28aZUMckdKiOhBF/71ZIYIqwyLAVlWIJvEZ2mMEkKM2uPbnRFybMOCLjtt/Gi0yF9IlaPU5Xllp5aQk9KNYmDo1uGa9iOfF83+2tyKkJAJOiX2j4iysA+D9HtmxzqtP6R6bFWy18dKq1NXuSeQE3cEHnP2GtvgKRUgCwgClS8GT2Egj/XzomGsgKrs6nQbvbq7VbuXu2hfuMX/I6hRVfL3tA3c3VCq3eM7Qv3GL/kdarQ0sZUpFbpEsnccE3v/WuShpYymyK3SuU7ji976dgys6dazapqOhLz1WiQgc9tv6OohSrV4RUSQvZT1wsZBdrixX2AzfREVFTRIBHHtEd9g3HG7nVYKGlp9nShC9IWTJNgTc86tiysVWrEcAklhZwT12EZs692F9jx+mtmD7H2sgbcdhKmyrdcH72v+o1YUdMiRosQCw5jFz2nu1JoqVkeFoVKSEu49zdTf9dWxdVdH3sUFkIIQFDh7tk/bj9DqyghVDZaw3G3J8n9dS9LA8sk7R3kkHSdrnKXY2/k66OKOGNIYl2pGoVRe9gBYaC//9k=&quot;&gt;&lt;/a&gt;
            &lt;a class=&quot;opr-recommends-merge-mask&quot; target=&quot;_blank&quot; href=&quot;/s?rsv_idx=1&amp;amp;wd=%E5%86%B0%E5%B2%9B%E8%AF%AD&amp;amp;usm=4&amp;amp;ie=utf-8&amp;amp;rsv_cq=%E4%B8%AD%E6%96%87&amp;amp;rsv_dl=0_right_recommends_merge_21102&amp;amp;cq=%E4%B8%AD%E6%96%87&amp;amp;srcid=28310&amp;amp;rt=%E4%B8%96%E7%95%8C%E5%90%84%E5%9C%B0%E5%9F%9F%E7%9A%84%E8%AF%AD%E8%A8%80&amp;amp;recid=21102&amp;amp;euri=67ddba2c823346109d100198de26bfc9&quot;&gt;&lt;/a&gt;                    &lt;/div&gt;
        &lt;div class=&quot;c-gap-top-small&quot;&gt;&lt;a target=&quot;_blank&quot; title=&quot;冰岛语&quot; href=&quot;/s?rsv_idx=1&amp;amp;wd=%E5%86%B0%E5%B2%9B%E8%AF%AD&amp;amp;usm=4&amp;amp;ie=utf-8&amp;amp;rsv_cq=%E4%B8%AD%E6%96%87&amp;amp;rsv_dl=0_right_recommends_merge_21102&amp;amp;cq=%E4%B8%AD%E6%96%87&amp;amp;srcid=28310&amp;amp;rt=%E4%B8%96%E7%95%8C%E5%90%84%E5%9C%B0%E5%9F%9F%E7%9A%84%E8%AF%AD%E8%A8%80&amp;amp;recid=21102&amp;amp;euri=67ddba2c823346109d100198de26bfc9&quot;&gt;冰岛语&lt;/a&gt;&lt;/div&gt;
                        &lt;div class=&quot;opr-recommends-merge-d&quot;&gt;
        	            	&lt;p class=&quot;opr-recommends-merge-width-text&quot;&gt;冰岛的官方语言&lt;/p&gt;
                    &lt;/div&gt;
                            &lt;/div&gt;   

 

        
    
    &lt;div class=&quot;c-span4  c-span-last opr-recommends-merge-lastspan opr-recommends-merge-item &quot; data-click=&quot;{&#039;rsv_re_ename&#039;:&#039;西班牙语&#039;,&#039;rsv_re_uri&#039;:&#039;d6ec24176c4842f88f51b4132f2eedfa&#039;}&quot;&gt;
                                                	&lt;div class=&quot;opr-recommends-merge-p&quot;&gt;
            &lt;a target=&quot;_blank&quot; href=&quot;/s?rsv_idx=1&amp;amp;wd=%E8%A5%BF%E7%8F%AD%E7%89%99%E8%AF%AD&amp;amp;usm=4&amp;amp;ie=utf-8&amp;amp;rsv_cq=%E4%B8%AD%E6%96%87&amp;amp;rsv_dl=0_right_recommends_merge_21102&amp;amp;cq=%E4%B8%AD%E6%96%87&amp;amp;srcid=28310&amp;amp;rt=%E4%B8%96%E7%95%8C%E5%90%84%E5%9C%B0%E5%9F%9F%E7%9A%84%E8%AF%AD%E8%A8%80&amp;amp;recid=21102&amp;amp;euri=d6ec24176c4842f88f51b4132f2eedfa&quot;&gt;&lt;img data-b64il-id=&quot;2809495989_3260066395_58&quot; data-src=&quot;https://ss0.baidu.com/6ONWsjip0QIZ8tyhnq/it/u=2809495989,3260066395&amp;amp;fm=58&quot; class=&quot;c-img c-img4 opr-recommends-merge-img&quot; src=&quot;data:image/jpeg;base64,/9j/4AAQSkZJRgABAQEAAQABAAD/2wBDAAUDBAQEAwUEBAQFBQUGBwwIBwcHBw8LCwkMEQ8SEhEPERETFhwXExQaFRERGCEYGh0dHx8fExciJCIeJBweHx7/2wBDAQUFBQcGBw4ICA4eFBEUHh4eHh4eHh4eHh4eHh4eHh4eHh4eHh4eHh4eHh4eHh4eHh4eHh4eHh4eHh4eHh4eHh7/wAARCABLAEsDASIAAhEBAxEB/8QAHAABAAICAwEAAAAAAAAAAAAAAAUGBAcBAgMI/8QAMRAAAgEEAQIEBAYBBQAAAAAAAQIDAAQFERIGIRMUMUEiMlFhBxUjQnGBFiQzUmLR/8QAGAEBAQEBAQAAAAAAAAAAAAAAAAMEAQL/xAAoEQACAgEDAQcFAAAAAAAAAAABAgADERIhMQQTQVFxocHwM2GBkdH/2gAMAwEAAhEDEQA/APsqlKUiKUpSIpSlIilK4ZgqlmIAHckmkTmldY5EkjWSN1dGGwynYI+u67Uied5M1vbPMsEk5X0jj1yb+NkCsWLJh9K1pdxSaBKyREAb125fLvv7H2NefVU0dv0/dzSl1REBJSMOfUftPY/3VX8GywWaiaS/WOa7eaOd2XiJVVA2yO4UBiTsa9dVnusZNh4Staq2xlrvczjrOaSK5nKNHwDAIzfNvXoD/wATXL5SJcj5Jbe4dgAXkVRwTYJGyTv29gaos95cveXk+PW3mkAaRUFtHO5HMnQPPf7u2h/NePTmS8eS1tJMctq0dzDPI/KNFHfsSi/KWGj6nsAe26C8GeVXJxLreZiRcnawW6xmFteOWUlhsAqBo9jo+9QF11Tkb0Rx2duEhnifkU34kPYkEN8u9DeqjsldzWnUeICZB47bi65Dhcdo3CkASjfoNfTdd8yvDJ4u7tpJx5t1/UDKVjXkFJUqDrW/robH1rMepbAzKrSbG0JzMv8AO5IJElM1rbvPN5oxy3RjPhPEmiO2m7huxHt6d6x8tfm+soLe6mu7wWxivGmhMZ5EjQUaUAj4/cd6x57u6VsvdwSMIhNJwkVuXIeImtE+g+IjVUfrXqTK4u2tLLqPJTY22uJOMst41tA1yqS8i6IQCrJxQBdt69uSnZEu65U4/Eoa6630FSx8/I902VjLu5bIQ2aQ5GOIMOz8dbVWHE6VRxIIIH/X7VeV+UfxWg+j+ssvnsl41h1Ha5GW2dZrtLTy8hFuIyUZmXfFmKlXABIJ/bob34hJQEgAkd6r0qMpJY+mPnMleRkALpkB1dFlZ4JIrbyLWLxcZluF5bOz/RHpUDJDfvmLGW6lxzy2MjOI459PvjxYa9yVGu9RWWxf4lRxpGc3EVmdkeZ5kEUR+MqxXw/k3x7bJ+VRrZrixj6v2PM9QCeIGVJUdBIn+2AB2i0/xk99/Q965bXh9ZbAmpNkwME+s98Tl7me3tciclfIkpi/QLxszA72CCgOvv7g1HYTH3RjbjZzIIyIxytH4OeTMWjbgAAT+1dj7mpO3huLqK9s4gpZL2NU4geHGAhGgO3EdwQNCqtFhmeZjF1Dk5LeC7lhkUc28URlA5LB9gNzUa7/AC1lFJvLAnAE5QERVsGxHMsmVsr5bm8yMmdmjs4pTxX8vgdzyC6ViTvZ9Rseh3WRHPjLm4xTz3NzNcWAVQfLhAzgsxPHR7/CfQ+333VDuMXc2OPN83Uc6ytd2/KVgzhgs8KvLIfE+hDMCP2L3ABr3x3XXUS4+5upJ8baFRG7Gfm0hXUJE0au+v1Fd+IZkUkKoYndabqnsGEI+feXqA05Tc8Z49pL3OTIYtDmctawlxzhbHu6FwoVRvej6b0N9/v3qsfiVLD07k8DmhddKvcNip4pFy+PuZpJYmlEvirFBG/hhSdFzoEkj2GrRjepMhnbq/ivJ5UmhRmso7YSxNBKJplEEo5jbtHAjjfEjn9CDVd6+t87c4exvocf1tYXmTxEtjeeWxkFz/pncnwZxPOCsoZnIZW+VqtVXtgyfTVvXdlzsZN9L33UdtlMvi3sujvzSx8LnBg7K4S406tpiZFQGM7GnUkA8hsGtyWJl8lB4wIk8JeYJ7g6G/WtAdO2+Rvo8hl+oLfqqW88GC0WW/xdtZQ+X8VnMcCQPJykL6ZidnQ7VuPBYJHwtm8l3kYXaFS0cN1NGikj0CseS/wdf1XkEraVUdwmbrPqYlhniiniaKaNJI27MrqCD/RqI/IhFHMLW4MRkkZwqrxRdkdgB9B239hUzum6uyK3MzBiOJBf4tjnxPkJ1WXcxmaUxLyL7JB0QQCAdfwKyHwaF5mW+vIhKzsyxuoUlvfWj3/8FSu6bruhfCAxHEotxiczDkoJ5UuZk4tGHjnAaPkEQaIHYkjZ0NV3Wx288as0F88MnOVsnPIikgqT8oUsO51oa9au+66sqM6uVBZd8T9Kn2WnOkz2rgcia/yMBmuTZyQNf3MZWSzR5yIpSsHDizkEhWcAE699+1a3zfTnU+e6jtMpl/wv6TylvZWctqmOuOo/GRHZxJzUGLs/sex2CPTXf6JKoX58By1rlrvr6VjQ2NvB4xgUxmaUyvo72xAB9fQaA7CuCoruMEzRX1ZrGAPU+xE0r+EuEvMZ1Nmcl/hcPR1tc4+GFLOwlZ7eaRJSzSP8CBXAYKNDuN9z7b1qAtul8fa26C23FdqgRroAM7+m9htjvrvU9uuohDlj4AfrP9kbrjacnmKUpVpGKUpSIpSlIilKUiKUpSJ//9k=&quot;&gt;&lt;/a&gt;
            &lt;a class=&quot;opr-recommends-merge-mask&quot; target=&quot;_blank&quot; href=&quot;/s?rsv_idx=1&amp;amp;wd=%E8%A5%BF%E7%8F%AD%E7%89%99%E8%AF%AD&amp;amp;usm=4&amp;amp;ie=utf-8&amp;amp;rsv_cq=%E4%B8%AD%E6%96%87&amp;amp;rsv_dl=0_right_recommends_merge_21102&amp;amp;cq=%E4%B8%AD%E6%96%87&amp;amp;srcid=28310&amp;amp;rt=%E4%B8%96%E7%95%8C%E5%90%84%E5%9C%B0%E5%9F%9F%E7%9A%84%E8%AF%AD%E8%A8%80&amp;amp;recid=21102&amp;amp;euri=d6ec24176c4842f88f51b4132f2eedfa&quot;&gt;&lt;/a&gt;                    &lt;/div&gt;
        &lt;div class=&quot;c-gap-top-small&quot;&gt;&lt;a target=&quot;_blank&quot; title=&quot;西班牙语&quot; href=&quot;/s?rsv_idx=1&amp;amp;wd=%E8%A5%BF%E7%8F%AD%E7%89%99%E8%AF%AD&amp;amp;usm=4&amp;amp;ie=utf-8&amp;amp;rsv_cq=%E4%B8%AD%E6%96%87&amp;amp;rsv_dl=0_right_recommends_merge_21102&amp;amp;cq=%E4%B8%AD%E6%96%87&amp;amp;srcid=28310&amp;amp;rt=%E4%B8%96%E7%95%8C%E5%90%84%E5%9C%B0%E5%9F%9F%E7%9A%84%E8%AF%AD%E8%A8%80&amp;amp;recid=21102&amp;amp;euri=d6ec24176c4842f88f51b4132f2eedfa&quot;&gt;西班牙语&lt;/a&gt;&lt;/div&gt;
                        &lt;div class=&quot;opr-recommends-merge-d&quot;&gt;
        	            	&lt;p class=&quot;opr-recommends-merge-width-text&quot;&gt;与上帝对话的语言&lt;/p&gt;
                    &lt;/div&gt;
                            &lt;/div&gt;   

    &lt;/div&gt;
 

&lt;textarea class=&quot;opr-recommends-merge-hide opr-recommends-merge-more-textarea&quot;&gt;    &amp;lt;div class=&quot;opr-recommends-merge-morelists&quot;&amp;gt;
        
&amp;lt;div class=&quot;c-row c-gap-top&quot;&amp;gt;
    
    &amp;lt;div class=&quot;c-span4  opr-recommends-merge-item &quot; data-click=&quot;{&#039;rsv_re_ename&#039;:&#039;拉丁语&#039;,&#039;rsv_re_uri&#039;:&#039;87454b5bd5d54615bbb4de3b60d98ddf&#039;}&quot;&amp;gt;
                                                	&amp;lt;div class=&quot;opr-recommends-merge-p&quot;&amp;gt;
            &amp;lt;a target=&quot;_blank&quot; href=&quot;/s?rsv_idx=1&amp;amp;wd=%E6%8B%89%E4%B8%81%E8%AF%AD&amp;amp;usm=4&amp;amp;ie=utf-8&amp;amp;rsv_cq=%E4%B8%AD%E6%96%87&amp;amp;rsv_dl=0_right_recommends_merge_21102&amp;amp;cq=%E4%B8%AD%E6%96%87&amp;amp;srcid=28310&amp;amp;rt=%E4%B8%96%E7%95%8C%E5%90%84%E5%9C%B0%E5%9F%9F%E7%9A%84%E8%AF%AD%E8%A8%80&amp;amp;recid=21102&amp;amp;euri=87454b5bd5d54615bbb4de3b60d98ddf&quot;&amp;gt;&amp;lt;img  data-img=&quot;https://ss0.baidu.com/6ONWsjip0QIZ8tyhnq/it/u=476362143,1588709063&amp;amp;fm=58&quot; class=&quot;c-img c-img4 opr-recommends-merge-img&quot;/&amp;gt;&amp;lt;/a&amp;gt;
            &amp;lt;a class=&quot;opr-recommends-merge-mask&quot; target=&quot;_blank&quot; href=&quot;/s?rsv_idx=1&amp;amp;wd=%E6%8B%89%E4%B8%81%E8%AF%AD&amp;amp;usm=4&amp;amp;ie=utf-8&amp;amp;rsv_cq=%E4%B8%AD%E6%96%87&amp;amp;rsv_dl=0_right_recommends_merge_21102&amp;amp;cq=%E4%B8%AD%E6%96%87&amp;amp;srcid=28310&amp;amp;rt=%E4%B8%96%E7%95%8C%E5%90%84%E5%9C%B0%E5%9F%9F%E7%9A%84%E8%AF%AD%E8%A8%80&amp;amp;recid=21102&amp;amp;euri=87454b5bd5d54615bbb4de3b60d98ddf&quot;&amp;gt;&amp;lt;/a&amp;gt;                    &amp;lt;/div&amp;gt;
        &amp;lt;div class=&quot;c-gap-top-small&quot;&amp;gt;&amp;lt;a target=&quot;_blank&quot; title=&quot;拉丁语&quot; href=&quot;/s?rsv_idx=1&amp;amp;wd=%E6%8B%89%E4%B8%81%E8%AF%AD&amp;amp;usm=4&amp;amp;ie=utf-8&amp;amp;rsv_cq=%E4%B8%AD%E6%96%87&amp;amp;rsv_dl=0_right_recommends_merge_21102&amp;amp;cq=%E4%B8%AD%E6%96%87&amp;amp;srcid=28310&amp;amp;rt=%E4%B8%96%E7%95%8C%E5%90%84%E5%9C%B0%E5%9F%9F%E7%9A%84%E8%AF%AD%E8%A8%80&amp;amp;recid=21102&amp;amp;euri=87454b5bd5d54615bbb4de3b60d98ddf&quot;&amp;gt;拉丁语&amp;lt;/a&amp;gt;&amp;lt;/div&amp;gt;
                                    &amp;lt;/div&amp;gt;   

 

        
    
    &amp;lt;div class=&quot;c-span4  opr-recommends-merge-item &quot; data-click=&quot;{&#039;rsv_re_ename&#039;:&#039;俄语&#039;,&#039;rsv_re_uri&#039;:&#039;99abd899e36949d492e3a2de8b9dcc01&#039;}&quot;&amp;gt;
                                                	&amp;lt;div class=&quot;opr-recommends-merge-p&quot;&amp;gt;
            &amp;lt;a target=&quot;_blank&quot; href=&quot;/s?rsv_idx=1&amp;amp;wd=%E4%BF%84%E8%AF%AD&amp;amp;usm=4&amp;amp;ie=utf-8&amp;amp;rsv_cq=%E4%B8%AD%E6%96%87&amp;amp;rsv_dl=0_right_recommends_merge_21102&amp;amp;cq=%E4%B8%AD%E6%96%87&amp;amp;srcid=28310&amp;amp;rt=%E4%B8%96%E7%95%8C%E5%90%84%E5%9C%B0%E5%9F%9F%E7%9A%84%E8%AF%AD%E8%A8%80&amp;amp;recid=21102&amp;amp;euri=99abd899e36949d492e3a2de8b9dcc01&quot;&amp;gt;&amp;lt;img  data-img=&quot;https://ss0.baidu.com/6ONWsjip0QIZ8tyhnq/it/u=1734721563,3572574567&amp;amp;fm=58&quot; class=&quot;c-img c-img4 opr-recommends-merge-img&quot;/&amp;gt;&amp;lt;/a&amp;gt;
            &amp;lt;a class=&quot;opr-recommends-merge-mask&quot; target=&quot;_blank&quot; href=&quot;/s?rsv_idx=1&amp;amp;wd=%E4%BF%84%E8%AF%AD&amp;amp;usm=4&amp;amp;ie=utf-8&amp;amp;rsv_cq=%E4%B8%AD%E6%96%87&amp;amp;rsv_dl=0_right_recommends_merge_21102&amp;amp;cq=%E4%B8%AD%E6%96%87&amp;amp;srcid=28310&amp;amp;rt=%E4%B8%96%E7%95%8C%E5%90%84%E5%9C%B0%E5%9F%9F%E7%9A%84%E8%AF%AD%E8%A8%80&amp;amp;recid=21102&amp;amp;euri=99abd899e36949d492e3a2de8b9dcc01&quot;&amp;gt;&amp;lt;/a&amp;gt;                    &amp;lt;/div&amp;gt;
        &amp;lt;div class=&quot;c-gap-top-small&quot;&amp;gt;&amp;lt;a target=&quot;_blank&quot; title=&quot;俄语&quot; href=&quot;/s?rsv_idx=1&amp;amp;wd=%E4%BF%84%E8%AF%AD&amp;amp;usm=4&amp;amp;ie=utf-8&amp;amp;rsv_cq=%E4%B8%AD%E6%96%87&amp;amp;rsv_dl=0_right_recommends_merge_21102&amp;amp;cq=%E4%B8%AD%E6%96%87&amp;amp;srcid=28310&amp;amp;rt=%E4%B8%96%E7%95%8C%E5%90%84%E5%9C%B0%E5%9F%9F%E7%9A%84%E8%AF%AD%E8%A8%80&amp;amp;recid=21102&amp;amp;euri=99abd899e36949d492e3a2de8b9dcc01&quot;&amp;gt;俄语&amp;lt;/a&amp;gt;&amp;lt;/div&amp;gt;
                                    &amp;lt;/div&amp;gt;   

 

        
    
    &amp;lt;div class=&quot;c-span4  c-span-last-s opr-recommends-merge-item &quot; data-click=&quot;{&#039;rsv_re_ename&#039;:&#039;日语&#039;,&#039;rsv_re_uri&#039;:&#039;4dbc9e0cb8ba47c281677d66df555f4c&#039;}&quot;&amp;gt;
                                                	&amp;lt;div class=&quot;opr-recommends-merge-p&quot;&amp;gt;
            &amp;lt;a target=&quot;_blank&quot; href=&quot;/s?rsv_idx=1&amp;amp;wd=%E6%97%A5%E8%AF%AD&amp;amp;usm=4&amp;amp;ie=utf-8&amp;amp;rsv_cq=%E4%B8%AD%E6%96%87&amp;amp;rsv_dl=0_right_recommends_merge_21102&amp;amp;cq=%E4%B8%AD%E6%96%87&amp;amp;srcid=28310&amp;amp;rt=%E4%B8%96%E7%95%8C%E5%90%84%E5%9C%B0%E5%9F%9F%E7%9A%84%E8%AF%AD%E8%A8%80&amp;amp;recid=21102&amp;amp;euri=4dbc9e0cb8ba47c281677d66df555f4c&quot;&amp;gt;&amp;lt;img  data-img=&quot;https://ss0.baidu.com/6ONWsjip0QIZ8tyhnq/it/u=1393737570,3480405432&amp;amp;fm=58&quot; class=&quot;c-img c-img4 opr-recommends-merge-img&quot;/&amp;gt;&amp;lt;/a&amp;gt;
            &amp;lt;a class=&quot;opr-recommends-merge-mask&quot; target=&quot;_blank&quot; href=&quot;/s?rsv_idx=1&amp;amp;wd=%E6%97%A5%E8%AF%AD&amp;amp;usm=4&amp;amp;ie=utf-8&amp;amp;rsv_cq=%E4%B8%AD%E6%96%87&amp;amp;rsv_dl=0_right_recommends_merge_21102&amp;amp;cq=%E4%B8%AD%E6%96%87&amp;amp;srcid=28310&amp;amp;rt=%E4%B8%96%E7%95%8C%E5%90%84%E5%9C%B0%E5%9F%9F%E7%9A%84%E8%AF%AD%E8%A8%80&amp;amp;recid=21102&amp;amp;euri=4dbc9e0cb8ba47c281677d66df555f4c&quot;&amp;gt;&amp;lt;/a&amp;gt;                    &amp;lt;/div&amp;gt;
        &amp;lt;div class=&quot;c-gap-top-small&quot;&amp;gt;&amp;lt;a target=&quot;_blank&quot; title=&quot;日语&quot; href=&quot;/s?rsv_idx=1&amp;amp;wd=%E6%97%A5%E8%AF%AD&amp;amp;usm=4&amp;amp;ie=utf-8&amp;amp;rsv_cq=%E4%B8%AD%E6%96%87&amp;amp;rsv_dl=0_right_recommends_merge_21102&amp;amp;cq=%E4%B8%AD%E6%96%87&amp;amp;srcid=28310&amp;amp;rt=%E4%B8%96%E7%95%8C%E5%90%84%E5%9C%B0%E5%9F%9F%E7%9A%84%E8%AF%AD%E8%A8%80&amp;amp;recid=21102&amp;amp;euri=4dbc9e0cb8ba47c281677d66df555f4c&quot;&amp;gt;日语&amp;lt;/a&amp;gt;&amp;lt;/div&amp;gt;
                                    &amp;lt;/div&amp;gt;   

 

        
    
    &amp;lt;div class=&quot;c-span4  c-span-last opr-recommends-merge-lastspan opr-recommends-merge-item &quot; data-click=&quot;{&#039;rsv_re_ename&#039;:&#039;阿拉伯语&#039;,&#039;rsv_re_uri&#039;:&#039;19544433cf14425e9986c6d42fb65679&#039;}&quot;&amp;gt;
                                                	&amp;lt;div class=&quot;opr-recommends-merge-p&quot;&amp;gt;
            &amp;lt;a target=&quot;_blank&quot; href=&quot;/s?rsv_idx=1&amp;amp;wd=%E9%98%BF%E6%8B%89%E4%BC%AF%E8%AF%AD&amp;amp;usm=4&amp;amp;ie=utf-8&amp;amp;rsv_cq=%E4%B8%AD%E6%96%87&amp;amp;rsv_dl=0_right_recommends_merge_21102&amp;amp;cq=%E4%B8%AD%E6%96%87&amp;amp;srcid=28310&amp;amp;rt=%E4%B8%96%E7%95%8C%E5%90%84%E5%9C%B0%E5%9F%9F%E7%9A%84%E8%AF%AD%E8%A8%80&amp;amp;recid=21102&amp;amp;euri=19544433cf14425e9986c6d42fb65679&quot;&amp;gt;&amp;lt;img  data-img=&quot;https://ss0.baidu.com/6ONWsjip0QIZ8tyhnq/it/u=2938799304,806777580&amp;amp;fm=58&quot; class=&quot;c-img c-img4 opr-recommends-merge-img&quot;/&amp;gt;&amp;lt;/a&amp;gt;
            &amp;lt;a class=&quot;opr-recommends-merge-mask&quot; target=&quot;_blank&quot; href=&quot;/s?rsv_idx=1&amp;amp;wd=%E9%98%BF%E6%8B%89%E4%BC%AF%E8%AF%AD&amp;amp;usm=4&amp;amp;ie=utf-8&amp;amp;rsv_cq=%E4%B8%AD%E6%96%87&amp;amp;rsv_dl=0_right_recommends_merge_21102&amp;amp;cq=%E4%B8%AD%E6%96%87&amp;amp;srcid=28310&amp;amp;rt=%E4%B8%96%E7%95%8C%E5%90%84%E5%9C%B0%E5%9F%9F%E7%9A%84%E8%AF%AD%E8%A8%80&amp;amp;recid=21102&amp;amp;euri=19544433cf14425e9986c6d42fb65679&quot;&amp;gt;&amp;lt;/a&amp;gt;                    &amp;lt;/div&amp;gt;
        &amp;lt;div class=&quot;c-gap-top-small&quot;&amp;gt;&amp;lt;a target=&quot;_blank&quot; title=&quot;阿拉伯语&quot; href=&quot;/s?rsv_idx=1&amp;amp;wd=%E9%98%BF%E6%8B%89%E4%BC%AF%E8%AF%AD&amp;amp;usm=4&amp;amp;ie=utf-8&amp;amp;rsv_cq=%E4%B8%AD%E6%96%87&amp;amp;rsv_dl=0_right_recommends_merge_21102&amp;amp;cq=%E4%B8%AD%E6%96%87&amp;amp;srcid=28310&amp;amp;rt=%E4%B8%96%E7%95%8C%E5%90%84%E5%9C%B0%E5%9F%9F%E7%9A%84%E8%AF%AD%E8%A8%80&amp;amp;recid=21102&amp;amp;euri=19544433cf14425e9986c6d42fb65679&quot;&amp;gt;阿拉伯语&amp;lt;/a&amp;gt;&amp;lt;/div&amp;gt;
                                    &amp;lt;/div&amp;gt;   

    &amp;lt;/div&amp;gt;
 

        
&amp;lt;div class=&quot;c-row c-gap-top&quot;&amp;gt;
    
    &amp;lt;div class=&quot;c-span4  opr-recommends-merge-item &quot; data-click=&quot;{&#039;rsv_re_ename&#039;:&#039;波斯语&#039;,&#039;rsv_re_uri&#039;:&#039;8ce0c87a8a8245c0a016c98e1bfeafe1&#039;}&quot;&amp;gt;
                                                	&amp;lt;div class=&quot;opr-recommends-merge-p&quot;&amp;gt;
            &amp;lt;a target=&quot;_blank&quot; href=&quot;/s?rsv_idx=1&amp;amp;wd=%E6%B3%A2%E6%96%AF%E8%AF%AD&amp;amp;usm=4&amp;amp;ie=utf-8&amp;amp;rsv_cq=%E4%B8%AD%E6%96%87&amp;amp;rsv_dl=0_right_recommends_merge_21102&amp;amp;cq=%E4%B8%AD%E6%96%87&amp;amp;srcid=28310&amp;amp;rt=%E4%B8%96%E7%95%8C%E5%90%84%E5%9C%B0%E5%9F%9F%E7%9A%84%E8%AF%AD%E8%A8%80&amp;amp;recid=21102&amp;amp;euri=8ce0c87a8a8245c0a016c98e1bfeafe1&quot;&amp;gt;&amp;lt;img  data-img=&quot;https://ss0.baidu.com/6ONWsjip0QIZ8tyhnq/it/u=1765802097,2421744874&amp;amp;fm=58&quot; class=&quot;c-img c-img4 opr-recommends-merge-img&quot;/&amp;gt;&amp;lt;/a&amp;gt;
            &amp;lt;a class=&quot;opr-recommends-merge-mask&quot; target=&quot;_blank&quot; href=&quot;/s?rsv_idx=1&amp;amp;wd=%E6%B3%A2%E6%96%AF%E8%AF%AD&amp;amp;usm=4&amp;amp;ie=utf-8&amp;amp;rsv_cq=%E4%B8%AD%E6%96%87&amp;amp;rsv_dl=0_right_recommends_merge_21102&amp;amp;cq=%E4%B8%AD%E6%96%87&amp;amp;srcid=28310&amp;amp;rt=%E4%B8%96%E7%95%8C%E5%90%84%E5%9C%B0%E5%9F%9F%E7%9A%84%E8%AF%AD%E8%A8%80&amp;amp;recid=21102&amp;amp;euri=8ce0c87a8a8245c0a016c98e1bfeafe1&quot;&amp;gt;&amp;lt;/a&amp;gt;                    &amp;lt;/div&amp;gt;
        &amp;lt;div class=&quot;c-gap-top-small&quot;&amp;gt;&amp;lt;a target=&quot;_blank&quot; title=&quot;波斯语&quot; href=&quot;/s?rsv_idx=1&amp;amp;wd=%E6%B3%A2%E6%96%AF%E8%AF%AD&amp;amp;usm=4&amp;amp;ie=utf-8&amp;amp;rsv_cq=%E4%B8%AD%E6%96%87&amp;amp;rsv_dl=0_right_recommends_merge_21102&amp;amp;cq=%E4%B8%AD%E6%96%87&amp;amp;srcid=28310&amp;amp;rt=%E4%B8%96%E7%95%8C%E5%90%84%E5%9C%B0%E5%9F%9F%E7%9A%84%E8%AF%AD%E8%A8%80&amp;amp;recid=21102&amp;amp;euri=8ce0c87a8a8245c0a016c98e1bfeafe1&quot;&amp;gt;波斯语&amp;lt;/a&amp;gt;&amp;lt;/div&amp;gt;
                                    &amp;lt;/div&amp;gt;   

    &amp;lt;/div&amp;gt;
 
&amp;lt;/div&amp;gt;
&lt;/textarea&gt;

&lt;/div&gt;
&lt;/div&gt;
&lt;script&gt;
    A.setup({platform:&quot;pc&quot;,showType:&quot;&quot;});
&lt;/script&gt;


&lt;/div&gt;
&lt;/div&gt;
														
			    	
    
&lt;/div&gt;

            &lt;!--[bd_nocache_start]--&gt;
            


            &lt;!--[bd_nocache_end]--&gt;
            
	
	

            &lt;!--[bd_nocache_start]--&gt;
            
&lt;div&gt;
&lt;/div&gt;


            &lt;!--[bd_nocache_end]--&gt;
        &lt;/td&gt;&lt;/tr&gt;&lt;/tbody&gt;&lt;/table&gt;
    &lt;/div&gt;
		

	
	


				






&lt;div class=&quot;head_nums_cont_outer OP_LOG&quot;&gt;&lt;div class=&quot;head_nums_cont_inner&quot; style=&quot;top:-40px&quot;&gt;&lt;div class=&quot;search_tool_conter&quot;&gt;&lt;span class=&quot;c-gap-left-samll search_tool_close&quot;&gt;&lt;i class=&quot;c-icon searchTool-up c-icon-chevron-top-gray-s&quot;&gt;&lt;/i&gt;收起工具&lt;/span&gt;&lt;span class=&quot;search_tool_tf &quot;&gt;时间不限&lt;i class=&quot;c-icon c-icon-triangle-down&quot;&gt;&lt;/i&gt;&lt;/span&gt;&lt;span class=&quot;search_tool_ft c-gap-left&quot;&gt;所有网页和文件&lt;i class=&quot;c-icon c-icon-triangle-down&quot;&gt;&lt;/i&gt;&lt;/span&gt;&lt;span class=&quot;search_tool_si c-gap-left&quot;&gt;站点内检索&lt;i class=&quot;c-icon c-icon-triangle-down&quot;&gt;&lt;/i&gt;&lt;/span&gt;&lt;/div&gt;&lt;div class=&quot;nums&quot;&gt;&lt;div class=&quot;search_tool&quot;&gt;&lt;i class=&quot;c-icon searchTool-spanner c-icon-setting&quot;&gt;&lt;/i&gt;搜索工具&lt;/div&gt;百度为您找到相关结果约100,000,000个&lt;/div&gt;&lt;/div&gt;&lt;/div&gt;
&lt;script type=&quot;text/javascript&quot;&gt;
	bds.comm.search_tool = {};
	bds.comm.search_tool.sl_lang = &quot;&quot;;
	bds.comm.search_tool.st = &quot;&quot;;
	bds.comm.search_tool.et = &quot;&quot;;
	bds.comm.search_tool.stftype = &quot;&quot;;
	bds.comm.search_tool.ft = &quot;&quot;;
	bds.comm.search_tool.si = &quot;&quot;;
	bds.comm.search_tool.exact = &quot;&quot;;
	bds.comm.search_tool.oneDay = &quot;1498359272&quot;;
	bds.comm.search_tool.oneWeek = &quot;1497840872&quot;;
	bds.comm.search_tool.oneMonth = &quot;1495767272&quot;;
	bds.comm.search_tool.oneYear = &quot;1466909672&quot;;
	bds.comm.search_tool.thisDay = &quot;1498320000&quot;;
	bds.comm.search_tool.thisWeek = &quot;1497801600&quot;;
	bds.comm.search_tool.thisMonth = &quot;1495728000&quot;;
	bds.comm.search_tool.thisYear = &quot;1466870400&quot;;
	bds.comm.search_tool.actualResultLang = &quot;cn&quot;;
&lt;/script&gt;










&lt;div id=&quot;content_left&quot;&gt;
	

	
		
			
	
	

	
	
				&lt;!--[bd_nocache_start]--&gt;
				&lt;!--[bd_nocache_end]--&gt;
			
	

	
	
											
						&lt;!--[bd_nocache_start]--&gt;
	            			&lt;!--[bd_nocache_end]--&gt;
						

			
		
		

								

		
					        
		                             

    











































 
 
 
 


         
        						        	    
                                                                                

    	          



    
    


&lt;div class=&quot;result-op c-container xpath-log&quot; srcid=&quot;91&quot; fk=&quot;中文&quot; id=&quot;1&quot; tpl=&quot;bk_polysemy&quot; mu=&quot;http://baike.baidu.com/item/%E4%B8%AD%E6%96%87/887536?fr=aladdin&quot; data-op=&quot;{&#039;y&#039;:&#039;DAFD7EEF&#039;}&quot; data-click=&quot;{&amp;quot;p1&amp;quot;:&amp;quot;1&amp;quot;,&amp;quot;rsv_bdr&amp;quot;:&amp;quot;0&amp;quot;,&amp;quot;fm&amp;quot;:&amp;quot;albk&amp;quot;,&amp;quot;rsv_stl&amp;quot;:&amp;quot;0&amp;quot;,&amp;quot;p5&amp;quot;:1}&quot;&gt;
            
        &lt;h3 class=&quot;t c-gap-bottom-small&quot;&gt;
        &lt;a href=&quot;http://www.baidu.com/link?url=Mbd3kPV-Nk-DS1fq2nx7BZlSYLHLBo0-5Udjkw3so1iURRLqzy0SYm516rVokK4LRb46Yy9WpBALtKZ6IFtTBWPeKLboFOhWJqrMuZhep7a&quot; target=&quot;_blank&quot;&gt;&lt;em&gt;中文&lt;/em&gt;_百度百科&lt;/a&gt;
        &lt;/h3&gt;
        
        
    &lt;div class=&quot;c-row&quot;&gt;
                        &lt;div class=&quot;c-span6&quot;&gt;
            &lt;a href=&quot;http://www.baidu.com/link?url=Mbd3kPV-Nk-DS1fq2nx7BZlSYLHLBo0-5Udjkw3so1iURRLqzy0SYm516rVokK4LRb46Yy9WpBALtKZ6IFtTBWPeKLboFOhWJqrMuZhep7a&quot; target=&quot;_blank&quot; class=&quot;op-bk-polysemy-album op-se-listen-recommend&quot; style=&quot;_height:121px&quot;&gt;
                &lt;img class=&quot;c-img c-img6&quot; src=&quot;https://ss2.baidu.com/6ONYsjip0QIZ8tyhnq/it/u=1092662633,1214830985&amp;amp;fm=58&quot;&gt;
                            &lt;/a&gt;
        &lt;/div&gt;
        &lt;div class=&quot;c-span18 c-span-last&quot;&gt;
                                                                            
                            &lt;p&gt;
                    &lt;em&gt;中文&lt;/em&gt;（Chinese），广义上是汉字的别称，狭义上就仅仅指代中国大陆的简体汉字。广义上的&lt;em&gt;中文&lt;/em&gt;（汉字）的使用人数在17亿以上，范围包括中国全境（大陆、港澳、台湾）和新加坡、马来西亚、日本、朝鲜、韩国、印度尼西亚、泰国、越南、柬埔寨、...   
                &lt;/p&gt;
                            
                               
                &lt;p&gt;
                                                                                                                            &lt;a class=&quot;c-gap-right-small op-se-listen-recommend&quot; href=&quot;http://www.baidu.com/link?url=RAJTAAO2MH3tlVInfUNmafz-1dD4SHs5P1Vg7S1tTOL0YVYGPautX2LOG8wRCDB2UdeP27ls6GkFJ0dqRhgaRFfClmhvI6ROSW4v090GvGC&quot; target=&quot;_blank&quot; title=&quot;语系介绍&quot;&gt;语系介绍&lt;/a&gt;
                                                                                                        &lt;a class=&quot;c-gap-right-small op-se-listen-recommend&quot; href=&quot;http://www.baidu.com/link?url=RAJTAAO2MH3tlVInfUNmafz-1dD4SHs5P1Vg7S1tTOL0YVYGPautX2LOG8wRCDB2UdeP27ls6GkFJ0dqRhgaRCs5h0PfI8wXyWA7eksJ3ZC&quot; target=&quot;_blank&quot; title=&quot;解字说文&quot;&gt;解字说文&lt;/a&gt;
                                                                                                        &lt;a class=&quot;c-gap-right-small op-se-listen-recommend&quot; href=&quot;http://www.baidu.com/link?url=RAJTAAO2MH3tlVInfUNmafz-1dD4SHs5P1Vg7S1tTOL0YVYGPautX2LOG8wRCDB2UdeP27ls6GkFJ0dqRhgaRHJFOlOOHEQ5fBLGdG-jwje&quot; target=&quot;_blank&quot; title=&quot;使用地区&quot;&gt;使用地区&lt;/a&gt;
                                                                                                        &lt;a class=&quot;c-gap-right-small op-se-listen-recommend&quot; href=&quot;http://www.baidu.com/link?url=RAJTAAO2MH3tlVInfUNmafz-1dD4SHs5P1Vg7S1tTOL0YVYGPautX2LOG8wRCDB2UdeP27ls6GkFJ0dqRhgaR_vi2wl8V3ZBMf4t3fb_99m&quot; target=&quot;_blank&quot; title=&quot;语系沿革&quot;&gt;语系沿革&lt;/a&gt;
                                                                                                        &lt;a class=&quot;c-gap-right-small op-se-listen-recommend&quot; href=&quot;http://www.baidu.com/link?url=RAJTAAO2MH3tlVInfUNmafz-1dD4SHs5P1Vg7S1tTOL0YVYGPautX2LOG8wRCDB2UdeP27ls6GkFJ0dqRhgaR13t_WRwh89cE4itWDyYOQy&quot; target=&quot;_blank&quot; title=&quot;汉语历史&quot;&gt;汉语历史&lt;/a&gt;
                                                                                                        &lt;a href=&quot;http://www.baidu.com/link?url=Mbd3kPV-Nk-DS1fq2nx7BZlSYLHLBo0-5Udjkw3so1iURRLqzy0SYm516rVokK4LRb46Yy9WpBALtKZ6IFtTBWPeKLboFOhWJqrMuZhep7a&quot; target=&quot;_blank&quot; class=&quot;op-se-listen-recommend&quot;&gt;更多&amp;gt;&amp;gt;&lt;/a&gt;
                                        &lt;/p&gt;
                        
                                                &lt;p class=&quot; op-bk-polysemy-move&quot;&gt;&lt;span class=&quot;c-showurl&quot;&gt;baike.baidu.com/ &lt;/span&gt;&lt;span class=&quot;c-tools&quot; id=&quot;tools_11016313943319797384_1&quot; data-tools=&quot;{title:&#039;中文_百度百科&#039;,url:&#039;http://baike.baidu.com/item/%E4%B8%AD%E6%96%87/887536?fr=aladdin&#039;}&quot;&gt;&lt;a class=&quot;c-tip-icon&quot;&gt;&lt;i class=&quot;c-icon c-icon-triangle-down-g&quot;&gt;&lt;/i&gt;&lt;/a&gt;&lt;/span&gt; - &lt;a target=&quot;_blank&quot; href=&quot;http://open.baidu.com/&quot; class=&quot;op_LAMP&quot;&gt;&lt;/a&gt;&lt;/p&gt; 
        &lt;/div&gt;
            
    &lt;/div&gt;
       
       
                
        

    
            
        
    &lt;div class=&quot;c-gap-top c-recommend&quot; style=&quot;display:none;&quot;&gt;
        &lt;i class=&quot;c-icon c-icon-bear-circle c-gap-right-small&quot;&gt;&lt;/i&gt;
        &lt;span class=&quot;c-gray&quot;&gt;为您推荐：&lt;/span&gt;
                
                                                &lt;a target=&quot;_blank&quot; href=&quot;/s?rsv_idx=1&amp;amp;wd=%E8%8B%B1%E8%AF%AD&amp;amp;usm=4&amp;amp;ie=utf-8&amp;amp;rsv_cq=%E4%B8%AD%E6%96%87&amp;amp;rsv_dl=0_left_bk_polysemy_91_24660&quot; title=&quot;英语&quot;&gt;英语&lt;/a&gt;                                        &lt;a class=&quot;c-gap-left-large&quot; target=&quot;_blank&quot; href=&quot;/s?rsv_idx=1&amp;amp;wd=%E9%9F%A9%E8%AF%AD&amp;amp;usm=4&amp;amp;ie=utf-8&amp;amp;rsv_cq=%E4%B8%AD%E6%96%87&amp;amp;rsv_dl=0_left_bk_polysemy_91_24660&quot; title=&quot;韩语&quot;&gt;韩语&lt;/a&gt;                                        &lt;a class=&quot;c-gap-left-large&quot; target=&quot;_blank&quot; href=&quot;/s?rsv_idx=1&amp;amp;wd=%E8%8B%B1%E6%96%87&amp;amp;usm=4&amp;amp;ie=utf-8&amp;amp;rsv_cq=%E4%B8%AD%E6%96%87&amp;amp;rsv_dl=0_left_bk_polysemy_91_24660&quot; title=&quot;英文&quot;&gt;英文&lt;/a&gt;                                        &lt;a class=&quot;c-gap-left-large&quot; target=&quot;_blank&quot; href=&quot;/s?rsv_idx=1&amp;amp;wd=%E6%97%A5%E8%AF%AD&amp;amp;usm=4&amp;amp;ie=utf-8&amp;amp;rsv_cq=%E4%B8%AD%E6%96%87&amp;amp;rsv_dl=0_left_bk_polysemy_91_24660&quot; title=&quot;日语&quot;&gt;日语&lt;/a&gt;                                        &lt;a class=&quot;c-gap-left-large&quot; target=&quot;_blank&quot; href=&quot;/s?rsv_idx=1&amp;amp;wd=%E6%B1%89%E5%AD%97&amp;amp;usm=4&amp;amp;ie=utf-8&amp;amp;rsv_cq=%E4%B8%AD%E6%96%87&amp;amp;rsv_dl=0_left_bk_polysemy_91_24660&quot; title=&quot;汉字&quot;&gt;汉字&lt;/a&gt;                                        &lt;a class=&quot;c-gap-left-large&quot; target=&quot;_blank&quot; href=&quot;/s?rsv_idx=1&amp;amp;wd=%E6%B3%95%E8%AF%AD&amp;amp;usm=4&amp;amp;ie=utf-8&amp;amp;rsv_cq=%E4%B8%AD%E6%96%87&amp;amp;rsv_dl=0_left_bk_polysemy_91_24660&quot; title=&quot;法语&quot;&gt;法语&lt;/a&gt;                                        &lt;a class=&quot;c-gap-left-large&quot; target=&quot;_blank&quot; href=&quot;/s?rsv_idx=1&amp;amp;wd=%E9%9F%A9%E6%96%87&amp;amp;usm=4&amp;amp;ie=utf-8&amp;amp;rsv_cq=%E4%B8%AD%E6%96%87&amp;amp;rsv_dl=0_left_bk_polysemy_91_24660&quot; title=&quot;韩文&quot;&gt;韩文&lt;/a&gt;                                        &lt;a class=&quot;c-gap-left-large&quot; target=&quot;_blank&quot; href=&quot;/s?rsv_idx=1&amp;amp;wd=%E5%BE%B7%E8%AF%AD&amp;amp;usm=4&amp;amp;ie=utf-8&amp;amp;rsv_cq=%E4%B8%AD%E6%96%87&amp;amp;rsv_dl=0_left_bk_polysemy_91_24660&quot; title=&quot;德语&quot;&gt;德语&lt;/a&gt;    &lt;/div&gt;

&lt;/div&gt;

    
	    	

								
		
						
			
		

								

		
				
														
																																									&lt;div class=&quot;result c-container &quot; id=&quot;2&quot; srcid=&quot;1599&quot; tpl=&quot;se_com_default&quot; data-click=&quot;{&amp;quot;rsv_bdr&amp;quot;:&amp;quot;0&amp;quot;,&amp;quot;p5&amp;quot;:2}&quot;&gt;&lt;h3 class=&quot;t&quot;&gt;&lt;a data-click=&quot;{
			&#039;F&#039;:&#039;778317EA&#039;,
			&#039;F1&#039;:&#039;9D73F1C4&#039;,
			&#039;F2&#039;:&#039;4CA6DD6B&#039;,
			&#039;F3&#039;:&#039;54E5243F&#039;,
			&#039;T&#039;:&#039;1498445672&#039;,
						&#039;y&#039;:&#039;FEFA1FA9&#039;
			 
									}&quot; href=&quot;http://www.baidu.com/link?url=RECGjfGc8gRsj0UCTJoYing55U5ZUaC-evWwlEIZB6_&quot; target=&quot;_blank&quot;&gt;cnBeta.COM_&lt;em&gt;中文&lt;/em&gt;业界资讯站&lt;/a&gt;&lt;/h3&gt;&lt;div class=&quot;c-row c-gap-top-small&quot;&gt;&lt;div class=&quot;general_image_pic c-span6&quot;&gt;&lt;a class=&quot;c-img6&quot; style=&quot;height:75px&quot; href=&quot;http://www.baidu.com/link?url=RECGjfGc8gRsj0UCTJoYing55U5ZUaC-evWwlEIZB6_&quot; target=&quot;_blank&quot;&gt;&lt;img class=&quot;c-img c-img6&quot; src=&quot;https://ss1.baidu.com/6ONXsjip0QIZ8tyhnq/it/u=3278255869,1985475196&amp;amp;fm=58&amp;amp;s=37B0CC22269AFE2069B589C6030070B3&amp;amp;bpow=121&amp;amp;bpoh=75&quot; style=&quot;height:75px;&quot;&gt;&lt;/a&gt;&lt;/div&gt;&lt;div class=&quot;c-span18 c-span-last&quot;&gt;&lt;div class=&quot;c-abstract&quot;&gt;cnBeta.COM是互联网IT新闻业界的后起之秀,是国内领先的即时科技资讯站点和网友交流平台。消息速度快,报导立场公正中立,网友讨论气氛浓厚,在IT业界拥有独特的影响力。&lt;/div&gt;&lt;div class=&quot;f13&quot;&gt;&lt;a target=&quot;_blank&quot; href=&quot;http://www.baidu.com/link?url=RECGjfGc8gRsj0UCTJoYing55U5ZUaC-evWwlEIZB6_&quot; class=&quot;c-showurl&quot; style=&quot;text-decoration:none;&quot;&gt;www.cnbeta.com/&amp;nbsp;&lt;/a&gt;&lt;div class=&quot;c-tools&quot; id=&quot;tools_11997263177163477943_2&quot; data-tools=&quot;{&amp;quot;title&amp;quot;:&amp;quot;cnBeta.COM_中文业界资讯站&amp;quot;,&amp;quot;url&amp;quot;:&amp;quot;http://www.baidu.com/link?url=RECGjfGc8gRsj0UCTJoYing55U5ZUaC-evWwlEIZB6_&amp;quot;}&quot;&gt;&lt;a class=&quot;c-tip-icon&quot;&gt;&lt;i class=&quot;c-icon c-icon-triangle-down-g&quot;&gt;&lt;/i&gt;&lt;/a&gt;&lt;/div&gt;&lt;span class=&quot;c-icons-outer&quot;&gt;&lt;span class=&quot;c-icons-inner&quot;&gt;&lt;/span&gt;&lt;/span&gt;&amp;nbsp;-&amp;nbsp;&lt;a data-click=&quot;{&#039;rsv_snapshot&#039;:&#039;1&#039;}&quot; href=&quot;http://cache.baiducontent.com/c?m=9f65cb4a8c8507ed4fece763105392230e54f732608787532cc3933fc239045c5323befb712d0772d7d20a6516de3e4b9bf6&amp;amp;p=8972c70289904ead19bd9b7d0f1181&amp;amp;newp=8072c64ad4801eff57ee9679504788231610db2151d6d0136b82c825d7331b001c3bbfb423241104d9c27b620aa54b57e8f73273300927a3dda5c91d9fb4c57479cb78&amp;amp;user=baidu&amp;amp;fm=sc&amp;amp;query=%D6%D0%CE%C4&amp;amp;qid=b6763077001857dd&amp;amp;p1=2&quot; target=&quot;_blank&quot; class=&quot;m&quot;&gt;百度快照&lt;/a&gt;&lt;span class=&quot;c-pingjia&quot;&gt;&amp;nbsp;-&amp;nbsp;&lt;a href=&quot;https://www.baidu.com/tools?url=http%3A%2F%2Fwww.baidu.com%2Flink%3Furl%3DRECGjfGc8gRsj0UCTJoYing55U5ZUaC-evWwlEIZB6_&amp;amp;jump=https%3A%2F%2Fkoubei.baidu.com%2Fp%2Fsentry%3Ftitle%3D%01cnBeta%01.%01COM%01_%02%E4%B8%AD%E6%96%87%03%E4%B8%9A%E7%95%8C%01%E8%B5%84%E8%AE%AF%01%E7%AB%99%01%26q%3D%E4%B8%AD%E6%96%87%26from%3Dps_pc4&amp;amp;key=surl&quot; target=&quot;_blank&quot; class=&quot;m&quot; data-click=&quot;{&#039;rsv_comments&#039;:&#039;1&#039;}&quot; data-from=&quot;ps_pc4&quot;&gt;74条评价&lt;/a&gt;&lt;/span&gt;&lt;/div&gt;&lt;/div&gt;&lt;/div&gt;&lt;div class=&quot;c-gap-top c-recommend&quot; style=&quot;display:none;&quot; data-extquery=&quot;瘾科技&amp;nbsp;it之家&amp;nbsp;zealer&amp;nbsp;爱范儿&amp;nbsp;雪中悍刀行&amp;nbsp;雷锋网&amp;nbsp;&quot;&gt;&lt;i class=&quot;c-icon c-icon-bear-circle c-gap-right-small&quot;&gt;&lt;/i&gt;&lt;span class=&quot;c-gray&quot;&gt;为您推荐：&lt;/span&gt;&lt;a href=&quot;/s?rsv_idx=1&amp;amp;wd=%E7%98%BE%E7%A7%91%E6%8A%80&amp;amp;usm=4&amp;amp;ie=utf-8&amp;amp;rsv_crq=7&amp;amp;bs=%E4%B8%AD%E6%96%87&quot; target=&quot;_blank&quot; class=&quot;res-gap-right16&quot;&gt;瘾科技&lt;/a&gt;&lt;a href=&quot;/s?rsv_idx=1&amp;amp;wd=it%E4%B9%8B%E5%AE%B6&amp;amp;usm=4&amp;amp;ie=utf-8&amp;amp;rsv_crq=7&amp;amp;bs=%E4%B8%AD%E6%96%87&quot; target=&quot;_blank&quot; class=&quot;res-gap-right16&quot;&gt;it之家&lt;/a&gt;&lt;a href=&quot;/s?rsv_idx=1&amp;amp;wd=zealer&amp;amp;usm=4&amp;amp;ie=utf-8&amp;amp;rsv_crq=7&amp;amp;bs=%E4%B8%AD%E6%96%87&quot; target=&quot;_blank&quot; class=&quot;res-gap-right16&quot;&gt;zealer&lt;/a&gt;&lt;a href=&quot;/s?rsv_idx=1&amp;amp;wd=%E7%88%B1%E8%8C%83%E5%84%BF&amp;amp;usm=4&amp;amp;ie=utf-8&amp;amp;rsv_crq=7&amp;amp;bs=%E4%B8%AD%E6%96%87&quot; target=&quot;_blank&quot; class=&quot;res-gap-right16&quot;&gt;爱范儿&lt;/a&gt;&lt;a href=&quot;/s?rsv_idx=1&amp;amp;wd=%E9%9B%AA%E4%B8%AD%E6%82%8D%E5%88%80%E8%A1%8C&amp;amp;usm=4&amp;amp;ie=utf-8&amp;amp;rsv_crq=7&amp;amp;bs=%E4%B8%AD%E6%96%87&quot; target=&quot;_blank&quot; class=&quot;res-gap-right16&quot;&gt;雪中悍刀行&lt;/a&gt;&lt;a href=&quot;/s?rsv_idx=1&amp;amp;wd=%E9%9B%B7%E9%94%8B%E7%BD%91&amp;amp;usm=4&amp;amp;ie=utf-8&amp;amp;rsv_crq=7&amp;amp;bs=%E4%B8%AD%E6%96%87&quot; target=&quot;_blank&quot;&gt;雷锋网&lt;/a&gt;&lt;/div&gt;&lt;/div&gt;
											
		
						
			
		

								

		
					        
		                             

    












































	


    
    


&lt;div class=&quot;result-op c-container xpath-log&quot; srcid=&quot;10&quot; fk=&quot;中文&quot; id=&quot;3&quot; tpl=&quot;tieba_general&quot; mu=&quot;http://tieba.baidu.com/f?kw=%BA%BA%D3%EF&amp;amp;fr=ala0&amp;amp;loc=rec&quot; data-op=&quot;{&#039;y&#039;:&#039;5FF7FD11&#039;}&quot; data-click=&quot;{&amp;quot;p1&amp;quot;:&amp;quot;3&amp;quot;,&amp;quot;rsv_bdr&amp;quot;:&amp;quot;0&amp;quot;,&amp;quot;fm&amp;quot;:&amp;quot;alop&amp;quot;,&amp;quot;rsv_stl&amp;quot;:&amp;quot;5&amp;quot;,&amp;quot;p5&amp;quot;:3}&quot;&gt;
            
&lt;h3 class=&quot;t c-gap-bottom-small&quot;&gt;
&lt;a href=&quot;http://www.baidu.com/link?url=345pLzxMUHr_d0PfIGTw-ckokF-EdTyoIG60JZE-S4u77NtwlUXE6N3XsJiTN03QJRWSEr5uZ_3r3KNm-Ry2nq&quot; target=&quot;_blank&quot;&gt;&lt;em&gt;中文&lt;/em&gt;吧_百度贴吧&lt;/a&gt;
&lt;/h3&gt;

        


&lt;style&gt;
	    .op-tieba-general-mainpic{width:75px;margin-right:17px;float:left;}
    .op-tieba-general-main-con{width:259px;float:left;}
    .op-tieba-general-main-col{width:443px;}
    .op-tieba-general-leftimg-main{width:351px;}
    &lt;/style&gt;
	                   &lt;table border=&quot;0&quot; cellspacing=&quot;0&quot; cellpadding=&quot;0&quot; class=&quot;op-tieba-general-maintable&quot; width=&quot;100%&quot;&gt;
        &lt;tbody&gt;&lt;tr&gt;
        &lt;td class=&quot;op-tieba-general-firsttd&quot; colspan=&quot;3&quot;&gt;
                        &lt;div class=&quot;op-tieba-general-mainpic&quot;&gt;&lt;a class=&quot;op-tieba-general-photo-link&quot; href=&quot;http://www.baidu.com/link?url=345pLzxMUHr_d0PfIGTw-ckokF-EdTyoIG60JZE-S4u77NtwlUXE6N3XsJiTN03QJRWSEr5uZ_3r3KNm-Ry2nq&quot; target=&quot;_blank&quot;&gt;&lt;img class=&quot;c-img4&quot; src=&quot;https://ss1.baidu.com/70cFfyinKgQFm2e88IuM_a/forum/abpic/item/2f1257d0f703918fad2fa89d503d269758eec4a4.jpg&quot;&gt;&lt;/a&gt;&lt;/div&gt; 
                                            &lt;div class=&quot;op-tieba-general-main-col op-tieba-general-main-con&quot;&gt;
                        &lt;p class=&quot;c-gray&quot;&gt;汉语文化交流分享的地方&lt;/p&gt;                                                &lt;p&gt;&lt;span&gt;关注用户：&lt;strong&gt;3万&lt;/strong&gt;人&lt;/span&gt;&lt;/p&gt;&lt;p&gt;&lt;span&gt;累计发贴：&lt;strong&gt;48万&lt;/strong&gt;&lt;/span&gt;&lt;/p&gt;
                                                                            &lt;p&gt;
                            &lt;a href=&quot;http://www.baidu.com/link?url=i6MTryZqi4uW8OfPOU-AVpTTM_ptsuUEnKFtK92swMKkMZ8N_h-NJkuM2U4peyoSsD3Rw7NqNh5rtxy5kqxzPgWUWlNJSYlqgWqdIaekqCK&quot; class=&quot;op-tieba-general-right&quot; target=&quot;_blank&quot;&gt;精品贴&lt;/a&gt;&lt;a href=&quot;http://www.baidu.com/link?url=345pLzxMUHr_d0PfIGTw-ckokF-EdTyoIG60JZE-S4xAT0WmlmaBrvCruZcpHgIbRkMNA0n0KlBgVcNHfMd87pmHigNR3IkaRCZzotHjg7K&quot; class=&quot;op-tieba-general-right&quot; target=&quot;_blank&quot;&gt;图片&lt;/a&gt;                            &lt;/p&gt;
                                            &lt;/div&gt;
                   
        &lt;/td&gt;
    &lt;/tr&gt;
    	 
 	    &lt;tr&gt;
            &lt;td class=&quot;op-tieba-general-firsttd op-tieba-general-mainpl&quot;&gt;&lt;a href=&quot;http://www.baidu.com/link?url=QW5Pkg328PB6kPaSoSoSGte82hFxLncskBYuvY6VLe6W3VaRKokbcuZeY-UQQJXEUNG0MljytW9aOxVnrrkwUa4nkFsB6jR3IgB7tcDPB4Exg5YD4WiFpJXwF3eEMnoh&quot; target=&quot;_blank&quot; class=&quot;op-tieba-general-linktxt&quot;&gt;任剑涛 许章润：如何看待汉语语言的更新？&lt;/a&gt;&lt;/td&gt;
            &lt;td class=&quot;op-tieba-general-graycolor&quot;&gt;&lt;span class=&quot;c-gap-right-small&quot;&gt;点击：&lt;i class=&quot;op-mthread1-clicknum&quot;&gt;122&lt;/i&gt;&lt;/span&gt;&lt;/td&gt;
            &lt;td class=&quot;op-tieba-general-graycolor&quot;&gt;&lt;span&gt;回复：&lt;i class=&quot;op-mthread1-replaynumber&quot;&gt;16&lt;/i&gt;&lt;/span&gt;&lt;/td&gt;
        &lt;/tr&gt;
        &lt;tr&gt;
        &lt;td class=&quot;op-tieba-general-firsttd op-tieba-general-mainpl&quot;&gt;&lt;a href=&quot;http://www.baidu.com/link?url=BFMxInYM8eWruLo43ussKMeZJaMPpL1yb4Qz5vS2It63DTCXgLQySmVOzPM8KW7FNjAK-P-9-4E-y1KEMH0Uau1KgXNgdX0HAHuKKy3sVX3&quot; target=&quot;_blank&quot; class=&quot;op-tieba-general-linktxt&quot;&gt;所谓汉字不可拼音化的原因其实是我们不懂汉字&lt;/a&gt;&lt;/td&gt;
        &lt;td class=&quot;op-tieba-general-graycolor&quot;&gt;&lt;span class=&quot;c-gap-right-small&quot;&gt;点击：&lt;i class=&quot;op-mthread2-clicknum&quot;&gt;652&lt;/i&gt;&lt;/span&gt;&lt;/td&gt;
        &lt;td class=&quot;op-tieba-general-graycolor&quot;&gt;&lt;span&gt;回复：&lt;i class=&quot;op-mthread2-replaynumber&quot;&gt;93&lt;/i&gt;&lt;/span&gt;&lt;/td&gt;
    &lt;/tr&gt;
    &lt;tr&gt;
        &lt;td class=&quot;op-tieba-general-firsttd op-tieba-general-mainpl&quot;&gt;&lt;a href=&quot;http://www.baidu.com/link?url=hRJ_B1iWSepWakFOQGC4BLVitwKsBPDy9oe9DxuPh1ZbAzabhQ_oN_2GZWiEpLYeCtFHC4-Or7DFRUxfc50Oa-g6Y2AuAYMlPcuvuXw7h-W&quot; target=&quot;_blank&quot; class=&quot;op-tieba-general-linktxt&quot;&gt;为什么汉语里没有fi,gi,ki,hi的音？&lt;/a&gt;&lt;/td&gt;
        &lt;td class=&quot;op-tieba-general-graycolor&quot;&gt;&lt;span class=&quot;c-gap-right-small&quot;&gt;点击：&lt;i class=&quot;op-mthread3-clicknum&quot;&gt;309&lt;/i&gt;&lt;/span&gt;&lt;/td&gt;
        &lt;td class=&quot;op-tieba-general-graycolor&quot;&gt;&lt;span&gt;回复：&lt;i class=&quot;op-mthread3-replaynumber&quot;&gt;27&lt;/i&gt;&lt;/span&gt;&lt;/td&gt;
    &lt;/tr&gt;
&lt;/tbody&gt;&lt;/table&gt;
    &lt;div class=&quot;op-tieba-general-lookmore op-tieba-general-mainpl&quot;&gt;&lt;a href=&quot;http://www.baidu.com/link?url=345pLzxMUHr_d0PfIGTw-ckokF-EdTyoIG60JZE-S4u77NtwlUXE6N3XsJiTN03QJRWSEr5uZ_3r3KNm-Ry2nq&quot; target=&quot;_blank&quot;&gt;查看更多&lt;em&gt;中文&lt;/em&gt;吧的内容&amp;gt;&amp;gt;&lt;/a&gt;&lt;/div&gt;
&lt;div class=&quot;c-showurl op-tieba-general-mainpl&quot;&gt;&lt;span class=&quot;c-showurl&quot;&gt;tieba.baidu.com/ &lt;/span&gt;&lt;span class=&quot;c-tools&quot; id=&quot;tools_15301412248842826450_3&quot; data-tools=&quot;{title:&#039;中文&#039;,url:&#039;http://tieba.baidu.com/f?kw=%BA%BA%D3%EF&amp;amp;fr=ala0&amp;amp;loc=rec&#039;}&quot;&gt;&lt;a class=&quot;c-tip-icon&quot;&gt;&lt;i class=&quot;c-icon c-icon-triangle-down-g&quot;&gt;&lt;/i&gt;&lt;/a&gt;&lt;/span&gt; - &lt;a target=&quot;_blank&quot; href=&quot;http://open.baidu.com/&quot; class=&quot;op_LAMP&quot;&gt;&lt;/a&gt;&lt;/div&gt;&lt;script data-compress=&quot;off&quot;&gt;
    A.setup({
    	membernum:&#039;25055&#039;,
        postnum:&#039;484856&#039;,
        mthread1clicknum:&#039;122&#039;,
        mthread2clicknum:&#039;652&#039;,
        mthread3clicknum:&#039;309&#039;,
        mthread1replaynumber:&#039;16&#039;,
        mthread2replaynumber:&#039;93&#039;,
        mthread3replaynumber:&#039;27&#039;
        
    });
&lt;/script&gt;

                
        
        	
    
    
            
        
    &lt;div class=&quot;c-gap-top c-recommend&quot; style=&quot;display:none;&quot;&gt;
        &lt;i class=&quot;c-icon c-icon-bear-circle c-gap-right-small&quot;&gt;&lt;/i&gt;
        &lt;span class=&quot;c-gray&quot;&gt;为您推荐：&lt;/span&gt;
                
                                                &lt;a target=&quot;_blank&quot; href=&quot;/s?rsv_idx=1&amp;amp;wd=%E6%BF%92%E5%8D%B1%E8%AF%AD%E8%A8%80&amp;amp;usm=4&amp;amp;ie=utf-8&amp;amp;rsv_cq=%E4%B8%AD%E6%96%87&amp;amp;rsv_dl=0_left_tieba_general_10_24660&quot; title=&quot;濒危语言&quot;&gt;濒危语言&lt;/a&gt;                                        &lt;a class=&quot;c-gap-left-large&quot; target=&quot;_blank&quot; href=&quot;/s?rsv_idx=1&amp;amp;wd=%E5%8D%81%E5%A4%A7%E6%9C%80%E9%9A%BE%E5%AD%A6%E7%9A%84%E8%AF%AD%E8%A8%80&amp;amp;usm=4&amp;amp;ie=utf-8&amp;amp;rsv_cq=%E4%B8%AD%E6%96%87&amp;amp;rsv_dl=0_left_tieba_general_10_24660&quot; title=&quot;十大最难学的语言&quot;&gt;十大最难学的语言&lt;/a&gt;                                        &lt;a class=&quot;c-gap-left-large&quot; target=&quot;_blank&quot; href=&quot;/s?rsv_idx=1&amp;amp;wd=%E4%B8%AD%E5%80%BA%E8%B5%84%E4%BF%A1&amp;amp;usm=4&amp;amp;ie=utf-8&amp;amp;rsv_cq=%E4%B8%AD%E6%96%87&amp;amp;rsv_dl=0_left_tieba_general_10_24660&quot; title=&quot;中债资信&quot;&gt;中债资信&lt;/a&gt;    &lt;/div&gt;

&lt;/div&gt;

    
	    	

								
		
						
			
		

								

		
					        
		                             

    














































    
    


&lt;div class=&quot;result-op c-container&quot; srcid=&quot;28232&quot; id=&quot;4&quot; tpl=&quot;dict3&quot; mu=&quot;http://hanyu.baidu.com/zici/s?wd=%E4%B8%AD%E6%96%87&amp;amp;query=%E4%B8%AD%E6%96%87&amp;amp;srcid=28232&amp;amp;from=kg0&amp;amp;from=kg0&quot; data-op=&quot;{&#039;y&#039;:&#039;EF3FB7F5&#039;}&quot; data-click=&quot;{&amp;quot;p1&amp;quot;:&amp;quot;4&amp;quot;,&amp;quot;rsv_bdr&amp;quot;:&amp;quot;0&amp;quot;,&amp;quot;fm&amp;quot;:&amp;quot;alop&amp;quot;,&amp;quot;rsv_stl&amp;quot;:&amp;quot;0&amp;quot;,&amp;quot;p5&amp;quot;:4}&quot;&gt;
            
                &lt;h3 class=&quot;t c-gap-bottom-small&quot;&gt;
&lt;a href=&quot;http://www.baidu.com/link?url=Tcxe2k8-JOAkjnVAhk54Dc1uiUjmoUpsHkUvu0DUJLOXauN9_qvUUduQEvkSrZG2a4YTolVu5ckwVHRLkShVxvz0esBDCp5Szyf6F8-S-Mf0vzOwJht5cggTiHrFsIDs8ipjVny74ZCEDObwJ1IT7R01qxnIwHO0FiHWrZOw_7e&quot; target=&quot;_blank&quot;&gt;&lt;em&gt;中文&lt;/em&gt;_百度汉语&lt;/a&gt;
&lt;/h3&gt;

        &lt;div class=&quot;c-border&quot;&gt;
&lt;div class=&quot;op_dict_content&quot; lang=&quot;EN-US&quot; xml:lang=&quot;EN-US&quot;&gt;
            &lt;div class=&quot;c-clearfix&quot;&gt;
            &lt;div class=&quot;op_dict3_read1&quot;&gt;
                &lt;table border=&quot;0&quot; cellspacing=&quot;0&quot; cellpadding=&quot;0&quot; class=&quot;op_dict3_marginBottom&quot;&gt;
                    &lt;tbody&gt;&lt;tr&gt;
                                                &lt;td&gt;&lt;span class=&quot;op_dict3_chinsetxt c-gap-right-small&quot;&gt;中文&lt;/span&gt;&lt;/td&gt;
                                                                        &lt;td&gt;&lt;span class=&quot;op_dict3_howread c-gap-right-small&quot;&gt;[zhōng wén]&lt;/span&gt;&lt;/td&gt;
                                        
                                            &lt;/tr&gt;
                &lt;/tbody&gt;&lt;/table&gt; 
            &lt;/div&gt;
        &lt;/div&gt;
                &lt;table border=&quot;0&quot; cellspacing=&quot;0&quot; cellpadding=&quot;0&quot; class=&quot;op_dict3_chinese_result_table&quot;&gt;
            &lt;tbody&gt;&lt;tr&gt;
                                &lt;td&gt;&lt;span class=&quot;op_dict_text1 c-gap-right&quot;&gt;[释义]&lt;/span&gt;&lt;/td&gt;
                                &lt;td&gt;&lt;span class=&quot;op_dict_text2&quot;&gt; 中国的语言文字，特指汉族的语言文字&lt;/span&gt;&lt;/td&gt;
            &lt;/tr&gt;
        &lt;/tbody&gt;&lt;/table&gt;
                                
&lt;/div&gt;
&lt;div class=&quot;op_dict_fmp_flash_div&quot;&gt;&lt;audio id=&quot;op-dict-audio&quot; style=&quot;display: none&quot;&gt;&lt;/audio&gt;&lt;/div&gt;
&lt;script data-compress=&quot;off&quot;&gt;
    A.setup({
        wd: &#039;&#039;,
        sensearchUrl: &#039;https://sp1.baidu.com/5b11fzupBgM18t7jm9iCKT-xh_/sensearch&#039;,
        dictUrl: &#039;https://sp0.baidu.com/-rM1hT4a2gU2pMbgoY3K/static/webpage/flash/bt.swf?v=090105a&#039;,
        contUrl: &#039;https://sp1.baidu.com/8qUJcD3n0sgCo2Kml5_Y_D3/v.gif&#039;,
        englishtxt: &#039;null&#039;,
        chinesetxtlong: &#039;null&#039;,
        fanyiTTSUrl: &#039;https://sp0.baidu.com/-rM1hT4a2gU2pMbgoY3K/gettts&#039;
    });
&lt;/script&gt;

&lt;/div&gt;                
        
        &lt;div class=&quot;c-gap-top-small&quot;&gt;&lt;span class=&quot;c-showurl&quot;&gt;hanyu.baidu.com &lt;/span&gt;&lt;span class=&quot;c-tools&quot; id=&quot;tools_10575127138722178250_4&quot; data-tools=&quot;{title:&#039;中文_百度汉语&#039;,url:&#039;http://hanyu.baidu.com/zici/s?wd=%E4%B8%AD%E6%96%87&amp;amp;query=%E4%B8%AD%E6%96%87&amp;amp;srcid=28232&amp;amp;from=kg0&amp;amp;from=kg0&#039;}&quot;&gt;&lt;a class=&quot;c-tip-icon&quot;&gt;&lt;i class=&quot;c-icon c-icon-triangle-down-g&quot;&gt;&lt;/i&gt;&lt;/a&gt;&lt;/span&gt;&lt;/div&gt; 
        
    
&lt;/div&gt;

    
	    	

								
		
						
			
		

								

		
				
														
																																									&lt;div class=&quot;result c-container &quot; id=&quot;5&quot; srcid=&quot;1599&quot; tpl=&quot;se_com_default&quot; data-click=&quot;{&amp;quot;rsv_bdr&amp;quot;:&amp;quot;0&amp;quot;,&amp;quot;p5&amp;quot;:5}&quot;&gt;&lt;h3 class=&quot;t&quot;&gt;&lt;a class=&quot;favurl&quot; style=&quot;background-image:url(https://ss0.baidu.com/6ONWsjip0QIZ8tyhnq/it/u=1855763412,2848409096&amp;amp;fm=58)&quot; fav-url=&quot;http://t10.baidu.com/it/u=1855763412,2848409096&amp;amp;fm=58&quot; data-click=&quot;{
			&#039;F&#039;:&#039;778317EA&#039;,
			&#039;F1&#039;:&#039;9D73F1C4&#039;,
			&#039;F2&#039;:&#039;4CA6DD6B&#039;,
			&#039;F3&#039;:&#039;54E5243F&#039;,
			&#039;T&#039;:&#039;1498445672&#039;,
						&#039;y&#039;:&#039;CBF8F7EF&#039;
			 
									}&quot; href=&quot;http://www.baidu.com/link?url=PcyzOmtBxGBtigdLLJmL5etaci2zrZGnIkj38OJ6o36xEMS509LPN53LfZkEOF1f&quot; target=&quot;_blank&quot;&gt;在线翻译_有道&lt;/a&gt;&lt;/h3&gt;&lt;div class=&quot;c-row c-gap-top-small&quot;&gt;&lt;div class=&quot;general_image_pic c-span6&quot;&gt;&lt;a class=&quot;c-img6&quot; style=&quot;height:75px&quot; href=&quot;http://www.baidu.com/link?url=PcyzOmtBxGBtigdLLJmL5etaci2zrZGnIkj38OJ6o36xEMS509LPN53LfZkEOF1f&quot; target=&quot;_blank&quot;&gt;&lt;img class=&quot;c-img c-img6&quot; src=&quot;https://ss0.baidu.com/6ONWsjip0QIZ8tyhnq/it/u=3156704277,4221589279&amp;amp;fm=96&quot; style=&quot;height:75px;&quot;&gt;&lt;/a&gt;&lt;/div&gt;&lt;div class=&quot;c-span18 c-span-last&quot;&gt;&lt;div class=&quot;c-abstract&quot;&gt;有道翻译提供即时免费的中、英、日、韩、法、俄、西班牙、葡萄牙文全文翻译、网页翻译服务。&lt;/div&gt;&lt;div class=&quot;f13&quot;&gt;&lt;a target=&quot;_blank&quot; href=&quot;http://www.baidu.com/link?url=PcyzOmtBxGBtigdLLJmL5etaci2zrZGnIkj38OJ6o36xEMS509LPN53LfZkEOF1f&quot; class=&quot;c-showurl&quot; style=&quot;text-decoration:none;&quot;&gt;fanyi.youdao.com/&amp;nbsp;&lt;/a&gt;&lt;div class=&quot;c-tools&quot; id=&quot;tools_11212532679893788931_5&quot; data-tools=&quot;{&amp;quot;title&amp;quot;:&amp;quot;在线翻译_有道&amp;quot;,&amp;quot;url&amp;quot;:&amp;quot;http://www.baidu.com/link?url=PcyzOmtBxGBtigdLLJmL5etaci2zrZGnIkj38OJ6o36xEMS509LPN53LfZkEOF1f&amp;quot;}&quot;&gt;&lt;a class=&quot;c-tip-icon&quot;&gt;&lt;i class=&quot;c-icon c-icon-triangle-down-g&quot;&gt;&lt;/i&gt;&lt;/a&gt;&lt;/div&gt;&lt;span class=&quot;c-icons-outer&quot;&gt;&lt;span class=&quot;c-icons-inner&quot;&gt;&lt;/span&gt;&lt;/span&gt;&amp;nbsp;-&amp;nbsp;&lt;a data-click=&quot;{&#039;rsv_snapshot&#039;:&#039;1&#039;}&quot; href=&quot;http://cache.baiducontent.com/c?m=9f65cb4a8c8507ed4fece7631042843a520f97634b9c8d522987ce5f93130a1c187bf7fe7a62460bc4b3787077ad5e2d9de74774&amp;amp;p=8972c70289904ead19bd9b7d0c1681&amp;amp;newp=8072c64ad4801eff57ee957e504788231610db2151d6d31f6b82c825d7331b001c3bbfb423241104d3cf796d02a94f5dedf63371360723a3dda5c91d9fb4c57479cb78&amp;amp;user=baidu&amp;amp;fm=sc&amp;amp;query=%D6%D0%CE%C4&amp;amp;qid=b6763077001857dd&amp;amp;p1=5&quot; target=&quot;_blank&quot; class=&quot;m&quot;&gt;百度快照&lt;/a&gt;&lt;/div&gt;&lt;/div&gt;&lt;/div&gt;&lt;/div&gt;
											
		
						
			
		

								

		
				
														
																																									&lt;div class=&quot;result c-container &quot; id=&quot;6&quot; srcid=&quot;1599&quot; tpl=&quot;se_com_default&quot; data-click=&quot;{&amp;quot;rsv_bdr&amp;quot;:&amp;quot;0&amp;quot;,&amp;quot;p5&amp;quot;:6}&quot;&gt;&lt;h3 class=&quot;t&quot;&gt;&lt;a data-click=&quot;{
			&#039;F&#039;:&#039;778317EA&#039;,
			&#039;F1&#039;:&#039;9D73F1C4&#039;,
			&#039;F2&#039;:&#039;4CA6DE6B&#039;,
			&#039;F3&#039;:&#039;54E5243F&#039;,
			&#039;T&#039;:&#039;1498445672&#039;,
						&#039;y&#039;:&#039;BFEE7DDF&#039;
			 
									}&quot; href=&quot;http://www.baidu.com/link?url=CY3jH8PU66yG0Dtu9mBEBiNYMu_b_5IQBLt3UG7tGeBHI4tH6cEyRgCYq5xbD_o4&quot; target=&quot;_blank&quot;&gt;InfoQ - 促进软件开发领域知识与创新的传播&lt;/a&gt;&lt;/h3&gt;&lt;div class=&quot;c-row c-gap-top-small&quot;&gt;&lt;div class=&quot;general_image_pic c-span6&quot;&gt;&lt;a class=&quot;c-img6&quot; style=&quot;height:75px&quot; href=&quot;http://www.baidu.com/link?url=CY3jH8PU66yG0Dtu9mBEBiNYMu_b_5IQBLt3UG7tGeBHI4tH6cEyRgCYq5xbD_o4&quot; target=&quot;_blank&quot;&gt;&lt;img class=&quot;c-img c-img6&quot; src=&quot;https://ss0.baidu.com/73x1bjeh1BF3odCf/it/u=2751420586,107905187&amp;amp;fm=85&amp;amp;s=EC22B05542633515969C9DA303006009&quot; style=&quot;height:75px;&quot;&gt;&lt;/a&gt;&lt;/div&gt;&lt;div class=&quot;c-span18 c-span-last&quot;&gt;&lt;div class=&quot;c-abstract&quot;&gt;架构师特刊:大前端 InfoQ&lt;em&gt;中文&lt;/em&gt;站 架构师(2017年6月) InfoQ&lt;em&gt;中文&lt;/em&gt;站  共赢:科技创新重塑传统金融 InfoQ&lt;em&gt;中文&lt;/em&gt;站  架构师(2017年5月) InfoQ&lt;em&gt;中文&lt;/em&gt;站  架构师(2017年4月...&lt;/div&gt;&lt;div class=&quot;f13&quot;&gt;&lt;a target=&quot;_blank&quot; href=&quot;http://www.baidu.com/link?url=CY3jH8PU66yG0Dtu9mBEBiNYMu_b_5IQBLt3UG7tGeBHI4tH6cEyRgCYq5xbD_o4&quot; class=&quot;c-showurl&quot; style=&quot;text-decoration:none;&quot;&gt;www.infoq.com/cn&amp;nbsp;&lt;/a&gt;&lt;div class=&quot;c-tools&quot; id=&quot;tools_5282255078554307866_6&quot; data-tools=&quot;{&amp;quot;title&amp;quot;:&amp;quot;InfoQ - 促进软件开发领域知识与创新的传播 &amp;quot;,&amp;quot;url&amp;quot;:&amp;quot;http://www.baidu.com/link?url=CY3jH8PU66yG0Dtu9mBEBiNYMu_b_5IQBLt3UG7tGeBHI4tH6cEyRgCYq5xbD_o4&amp;quot;}&quot;&gt;&lt;a class=&quot;c-tip-icon&quot;&gt;&lt;i class=&quot;c-icon c-icon-triangle-down-g&quot;&gt;&lt;/i&gt;&lt;/a&gt;&lt;/div&gt;&lt;span class=&quot;c-icons-outer&quot;&gt;&lt;span class=&quot;c-icons-inner&quot;&gt;&lt;/span&gt;&lt;/span&gt;&amp;nbsp;-&amp;nbsp;&lt;a data-click=&quot;{&#039;rsv_snapshot&#039;:&#039;1&#039;}&quot; href=&quot;http://cache.baiducontent.com/c?m=9f65cb4a8c8507ed4fece763105392230e54f73860838d5668d4e419ce3b46101b72a6e667741f13a5c16b1103b8382bfd8130&amp;amp;p=8a759a46d6c513b92a9fc7710f4cc1&amp;amp;newp=81759a46d6c507f503a5d22d02149f231610db2151dcd601298ffe0cc4241a1a1a3aecbf21231102d3c47a6002ad485de9f53070340634f1f689df08d2ecce7e69d27c7c36&amp;amp;user=baidu&amp;amp;fm=sc&amp;amp;query=%D6%D0%CE%C4&amp;amp;qid=b6763077001857dd&amp;amp;p1=6&quot; target=&quot;_blank&quot; class=&quot;m&quot;&gt;百度快照&lt;/a&gt;&lt;/div&gt;&lt;/div&gt;&lt;/div&gt;&lt;div class=&quot;c-gap-top c-recommend&quot; style=&quot;display:none;&quot; data-extquery=&quot;51cto&amp;nbsp;csdn&amp;nbsp;disruptor&amp;nbsp;docker&amp;nbsp;github&amp;nbsp;infoq大咖说&amp;nbsp;&quot;&gt;&lt;i class=&quot;c-icon c-icon-bear-circle c-gap-right-small&quot;&gt;&lt;/i&gt;&lt;span class=&quot;c-gray&quot;&gt;为您推荐：&lt;/span&gt;&lt;a href=&quot;/s?rsv_idx=1&amp;amp;wd=51cto&amp;amp;usm=4&amp;amp;ie=utf-8&amp;amp;rsv_crq=7&amp;amp;bs=%E4%B8%AD%E6%96%87&quot; target=&quot;_blank&quot; class=&quot;res-gap-right16&quot;&gt;51cto&lt;/a&gt;&lt;a href=&quot;/s?rsv_idx=1&amp;amp;wd=csdn&amp;amp;usm=4&amp;amp;ie=utf-8&amp;amp;rsv_crq=7&amp;amp;bs=%E4%B8%AD%E6%96%87&quot; target=&quot;_blank&quot; class=&quot;res-gap-right16&quot;&gt;csdn&lt;/a&gt;&lt;a href=&quot;/s?rsv_idx=1&amp;amp;wd=disruptor&amp;amp;usm=4&amp;amp;ie=utf-8&amp;amp;rsv_crq=7&amp;amp;bs=%E4%B8%AD%E6%96%87&quot; target=&quot;_blank&quot; class=&quot;res-gap-right16&quot;&gt;disruptor&lt;/a&gt;&lt;a href=&quot;/s?rsv_idx=1&amp;amp;wd=docker&amp;amp;usm=4&amp;amp;ie=utf-8&amp;amp;rsv_crq=7&amp;amp;bs=%E4%B8%AD%E6%96%87&quot; target=&quot;_blank&quot; class=&quot;res-gap-right16&quot;&gt;docker&lt;/a&gt;&lt;a href=&quot;/s?rsv_idx=1&amp;amp;wd=github&amp;amp;usm=4&amp;amp;ie=utf-8&amp;amp;rsv_crq=7&amp;amp;bs=%E4%B8%AD%E6%96%87&quot; target=&quot;_blank&quot; class=&quot;res-gap-right16&quot;&gt;github&lt;/a&gt;&lt;a href=&quot;/s?rsv_idx=1&amp;amp;wd=infoq%E5%A4%A7%E5%92%96%E8%AF%B4&amp;amp;usm=4&amp;amp;ie=utf-8&amp;amp;rsv_crq=7&amp;amp;bs=%E4%B8%AD%E6%96%87&quot; target=&quot;_blank&quot;&gt;infoq大咖说&lt;/a&gt;&lt;/div&gt;&lt;/div&gt;
											
		
						
			
		

								

		
					        
		                             

    

















































    
    


&lt;div class=&quot;result-op c-container xpath-log&quot; srcid=&quot;19&quot; id=&quot;7&quot; tpl=&quot;sp_realtime_bigpic5&quot; mu=&quot;http://www.baidu.com/s?tn=baidurt&amp;amp;rtt=1&amp;amp;bsst=1&amp;amp;wd=%D6%D0%CE%C4&quot; data-op=&quot;{&#039;y&#039;:&#039;B42FF9E8&#039;}&quot; data-click=&quot;{&amp;quot;p1&amp;quot;:&amp;quot;7&amp;quot;,&amp;quot;rsv_bdr&amp;quot;:&amp;quot;0&amp;quot;,&amp;quot;fm&amp;quot;:&amp;quot;alop&amp;quot;,&amp;quot;rsv_stl&amp;quot;:&amp;quot;4&amp;quot;,&amp;quot;p5&amp;quot;:7}&quot;&gt;
            
&lt;h3 class=&quot;t&quot;&gt;
&lt;a href=&quot;http://www.baidu.com/link?url=PzKFBxY1_VwVLjb8eSFV0HcFhPm4n3wDM7hvwCgapBCSKW68Rq6EMGBPDIdWkPWG5_d68T1UMG9YJNzXINzTvZvf5TdkEapkGXRVPmPeLpEdo_B950d4qq8pMjLvH_UQ&quot; target=&quot;_blank&quot;&gt;&lt;em&gt;中文&lt;/em&gt;的最新相关信息&lt;/a&gt;
&lt;/h3&gt;

        
 





          &lt;div class=&quot;c-offset&quot;&gt;
                      
          &lt;div class=&quot;c-gap-bottom-small&quot;&gt;
            &lt;a href=&quot;http://www.baidu.com/link?url=hRJ_B1iWSepWakFOQGC4BRSlZKZjMDcSWjbXSjvPtxeZL9g3GAQ5DA5mj2EF2Qo6P_Ap42LnEXnuZ_VLiBox7K&quot; target=&quot;_blank&quot;&gt;
           
              霍金警告人类不要尝试登月?&lt;em&gt;中文&lt;/em&gt;媒体又丢人了
            &lt;/a&gt;
          &lt;/div&gt;
          &lt;div class=&quot;c-row c-gap-bottom-small&quot;&gt;
                            &lt;a href=&quot;http://www.baidu.com/link?url=hRJ_B1iWSepWakFOQGC4BRSlZKZjMDcSWjbXSjvPtxeZL9g3GAQ5DA5mj2EF2Qo6P_Ap42LnEXnuZ_VLiBox7K&quot; target=&quot;_blank&quot; class=&quot;op_sp_realtime_bigpic5_preBox c-span6&quot; data-click=&quot;{&#039;title&#039;:&#039;中文的最新相关信息&#039;}&quot;&gt;

                &lt;img src=&quot;https://ss1.baidu.com/6ONXsjip0QIZ8tyhnq/it/u=548408218,3559872164&amp;amp;fm=55&amp;amp;s=4C40B80B56063AE2162C41F90300B000&amp;amp;w=121&amp;amp;h=81&amp;amp;img.JPEG&quot; class=&quot;c-img c-img6&quot;&gt;
                              &lt;/a&gt;
                            &lt;div class=&quot;c-span-last&quot;&gt;
                                          网易科学讯 6月19日消息,今日&lt;em&gt;中文&lt;/em&gt;互联网上有大量媒体转载《霍金再发警告不要登月 科学家证实外星人就在月球背面》,此后又有人说这是BBC报道的,但经...
                                                    &lt;br&gt;&lt;span style=&quot;color:#008000&quot;&gt;网易科技&lt;/span&gt;
                                      &amp;nbsp;&lt;span style=&quot;color:#666;&quot;&gt;6天前&lt;/span&gt;
                        &lt;/div&gt;
          &lt;/div&gt;
        
      
                                    
              &lt;div class=&quot;c-row&quot;&gt;

                  &lt;span style=&quot;color:#666;float:right&quot;&gt;6天前&lt;/span&gt;
        
        &lt;a href=&quot;http://www.baidu.com/link?url=dlCzrKN0wrf5Um-H0LaHhhpu6JrM-QDYcrBEQtV_VFVgpKKkw_v9frtcAWtb-RwbXuZ-kEwq_PO0bEiXA1dimW0tN0VlxA7N-ivDqIgtFZq&quot; target=&quot;_blank&quot;&gt;
                      警告人类不要登月 外星人谣言原来是&lt;em&gt;中文&lt;/em&gt;...
                  &lt;/a&gt;

                  &amp;nbsp;&lt;span style=&quot;color:#008000&quot;&gt;东海资讯&lt;/span&gt;
        
        &lt;/div&gt;
            
                                    
              &lt;div class=&quot;c-row&quot;&gt;

                  &lt;span style=&quot;color:#666;float:right&quot;&gt;6月15日&lt;/span&gt;
        
        &lt;a href=&quot;http://www.baidu.com/link?url=hRJ_B1iWSepWakFOQGC4BO_ibr-qs_gL-XllqvXXy767ej-3KYoJj0CYm3ezOMNF0fUT9EmOxSFNrSQIzQuGH_&quot; target=&quot;_blank&quot;&gt;
                      服!外国人违章假装听不懂&lt;em&gt;中文&lt;/em&gt; 警察蜀黍飚...
                  &lt;/a&gt;

                  &amp;nbsp;&lt;span style=&quot;color:#008000&quot;&gt;网易&lt;/span&gt;
        
        &lt;/div&gt;
            
                                    
              &lt;div class=&quot;c-row&quot;&gt;

                  &lt;span style=&quot;color:#666;float:right&quot;&gt;6月14日&lt;/span&gt;
        
        &lt;a href=&quot;http://www.baidu.com/link?url=BFMxInYM8eWruLo43ussKUl-eMecL8jtGx_Khhv8eKESvSbIbYj4XbRSopXC-cd-deCTZkWBgyEhATNeDCcH2q&quot; target=&quot;_blank&quot;&gt;
                      中国电视剧在日本大火,有观众甚至为了看...
                  &lt;/a&gt;

                  &amp;nbsp;&lt;span style=&quot;color:#008000&quot;&gt;中国青年网&lt;/span&gt;
        
        &lt;/div&gt;
            
                                    
                  	
      
      &lt;/div&gt;

                
    
            
        
    &lt;div class=&quot;c-gap-top c-recommend&quot; style=&quot;display:none;&quot;&gt;
        &lt;i class=&quot;c-icon c-icon-bear-circle c-gap-right-small&quot;&gt;&lt;/i&gt;
        &lt;span class=&quot;c-gray&quot;&gt;为您推荐：&lt;/span&gt;
                
                                                &lt;a target=&quot;_blank&quot; href=&quot;/s?rsv_idx=1&amp;amp;wd=%E6%97%A5%E8%AF%AD&amp;amp;usm=4&amp;amp;ie=utf-8&amp;amp;rsv_cq=%E4%B8%AD%E6%96%87&amp;amp;rsv_dl=0_left_sp_realtime_bigpic5_19_24660&quot; title=&quot;日语&quot;&gt;日语&lt;/a&gt;                                        &lt;a class=&quot;c-gap-left-large&quot; target=&quot;_blank&quot; href=&quot;/s?rsv_idx=1&amp;amp;wd=%E4%B8%AD%E6%96%87%E6%89%8B%E5%86%99%E5%AD%97%E4%BD%93%E4%B8%8B%E8%BD%BD&amp;amp;usm=4&amp;amp;ie=utf-8&amp;amp;rsv_cq=%E4%B8%AD%E6%96%87&amp;amp;rsv_dl=0_left_sp_realtime_bigpic5_19_24660&quot; title=&quot;中文手写字体下载&quot;&gt;中文手写字体下载&lt;/a&gt;                                        &lt;a class=&quot;c-gap-left-large&quot; target=&quot;_blank&quot; href=&quot;/s?rsv_idx=1&amp;amp;wd=%E4%B8%AD%E6%96%87%E5%BD%B1%E5%93%8D%E5%8A%9B&amp;amp;usm=4&amp;amp;ie=utf-8&amp;amp;rsv_cq=%E4%B8%AD%E6%96%87&amp;amp;rsv_dl=0_left_sp_realtime_bigpic5_19_24660&quot; title=&quot;中文影响力&quot;&gt;中文影响力&lt;/a&gt;                                        &lt;a class=&quot;c-gap-left-large&quot; target=&quot;_blank&quot; href=&quot;/s?rsv_idx=1&amp;amp;wd=%E4%B8%AD%E6%96%87%E6%89%93%E5%AD%97%E6%B3%95%E4%B8%8B%E8%BD%BD&amp;amp;usm=4&amp;amp;ie=utf-8&amp;amp;rsv_cq=%E4%B8%AD%E6%96%87&amp;amp;rsv_dl=0_left_sp_realtime_bigpic5_19_24660&quot; title=&quot;中文打字法下载&quot;&gt;中文打字法下载&lt;/a&gt;                                    &lt;/div&gt;

&lt;/div&gt;

    
	    	

								
		
						
			
		

								

		
				
														
																																									&lt;div class=&quot;result c-container &quot; id=&quot;8&quot; srcid=&quot;1599&quot; tpl=&quot;se_com_default&quot; data-click=&quot;{&amp;quot;rsv_bdr&amp;quot;:&amp;quot;0&amp;quot;,&amp;quot;p5&amp;quot;:8}&quot;&gt;&lt;h3 class=&quot;t&quot;&gt;&lt;a data-click=&quot;{
			&#039;F&#039;:&#039;778317EA&#039;,
			&#039;F1&#039;:&#039;9D73F1C4&#039;,
			&#039;F2&#039;:&#039;4CA6DC6B&#039;,
			&#039;F3&#039;:&#039;54E5243F&#039;,
			&#039;T&#039;:&#039;1498445672&#039;,
						&#039;y&#039;:&#039;FFC9776A&#039;
			 
									}&quot; href=&quot;http://www.baidu.com/link?url=D_t2mQ6HHvxNr5nqfgP5_P76OGfG2L66Ms_YS3bXP8G&quot; target=&quot;_blank&quot;&gt;在线新华字典&lt;/a&gt;&lt;/h3&gt;&lt;div class=&quot;c-row c-gap-top-small&quot;&gt;&lt;div class=&quot;general_image_pic c-span6&quot;&gt;&lt;a class=&quot;c-img6&quot; style=&quot;height:75px&quot; href=&quot;http://www.baidu.com/link?url=D_t2mQ6HHvxNr5nqfgP5_P76OGfG2L66Ms_YS3bXP8G&quot; target=&quot;_blank&quot;&gt;&lt;img class=&quot;c-img c-img6&quot; src=&quot;https://ss0.baidu.com/6ONWsjip0QIZ8tyhnq/it/u=2186723814,2379128022&amp;amp;fm=58&amp;amp;s=CAE7009A91F05D904ECC39CE0300C0B0&amp;amp;bpow=121&amp;amp;bpoh=75&quot; style=&quot;height:75px;&quot;&gt;&lt;/a&gt;&lt;/div&gt;&lt;div class=&quot;c-span18 c-span-last&quot;&gt;&lt;div class=&quot;c-abstract&quot;&gt;最大最全的在线汉语字典... 工具导航: 成语词典 反义词查询 近义词查询 文言文翻译 歇后语大全 唐诗三百首 万年历 &lt;em&gt;中文&lt;/em&gt;转拼音 简繁转换 火星文 区位码 语文网  手...&lt;/div&gt;&lt;div class=&quot;f13&quot;&gt;&lt;a target=&quot;_blank&quot; href=&quot;http://www.baidu.com/link?url=D_t2mQ6HHvxNr5nqfgP5_P76OGfG2L66Ms_YS3bXP8G&quot; class=&quot;c-showurl&quot; style=&quot;text-decoration:none;&quot;&gt;xh.5156edu.com/&amp;nbsp;&lt;/a&gt;&lt;div class=&quot;c-tools&quot; id=&quot;tools_547896944748975776_8&quot; data-tools=&quot;{&amp;quot;title&amp;quot;:&amp;quot;在线新华字典&amp;quot;,&amp;quot;url&amp;quot;:&amp;quot;http://www.baidu.com/link?url=D_t2mQ6HHvxNr5nqfgP5_P76OGfG2L66Ms_YS3bXP8G&amp;quot;}&quot;&gt;&lt;a class=&quot;c-tip-icon&quot;&gt;&lt;i class=&quot;c-icon c-icon-triangle-down-g&quot;&gt;&lt;/i&gt;&lt;/a&gt;&lt;/div&gt;&lt;span class=&quot;c-icons-outer&quot;&gt;&lt;span class=&quot;c-icons-inner&quot;&gt;&lt;/span&gt;&lt;/span&gt;&amp;nbsp;-&amp;nbsp;&lt;a data-click=&quot;{&#039;rsv_snapshot&#039;:&#039;1&#039;}&quot; href=&quot;http://cache.baiducontent.com/c?m=9f65cb4a8c8507ed4fece763105c8d71192387603bd3874338c3933fc239045c5323befb712d0772d7d20a6516de3e4b9bf6&amp;amp;p=882a9644d0d257f80be2963c505493&amp;amp;newp=c4769a47c8934eac59ebc3385f0d90231610db2151d6d5176b82c825d7331b001c3bbfb423241104d9c27b620aa54b57e8f73273300927a3dda5c91d9fb4c5747996&amp;amp;user=baidu&amp;amp;fm=sc&amp;amp;query=%D6%D0%CE%C4&amp;amp;qid=b6763077001857dd&amp;amp;p1=8&quot; target=&quot;_blank&quot; class=&quot;m&quot;&gt;百度快照&lt;/a&gt;&lt;/div&gt;&lt;/div&gt;&lt;/div&gt;&lt;/div&gt;
											
		
						
			
		

								

		
				
														
																																									&lt;div class=&quot;result c-container &quot; id=&quot;9&quot; srcid=&quot;1599&quot; tpl=&quot;se_com_default&quot; data-click=&quot;{&amp;quot;rsv_bdr&amp;quot;:&amp;quot;0&amp;quot;,&amp;quot;p5&amp;quot;:9}&quot;&gt;&lt;h3 class=&quot;t&quot;&gt;&lt;a data-click=&quot;{
			&#039;F&#039;:&#039;778317EA&#039;,
			&#039;F1&#039;:&#039;9D73F1C4&#039;,
			&#039;F2&#039;:&#039;4CA6DD6B&#039;,
			&#039;F3&#039;:&#039;54E5243F&#039;,
			&#039;T&#039;:&#039;1498445672&#039;,
						&#039;y&#039;:&#039;1F38F4BF&#039;
			 
									}&quot; href=&quot;http://www.baidu.com/link?url=vsc27ZBQJVz-oM5k_roWno1CV0TuH_M8g--ESoAmwRbYcoMOsgwTIcndJF27OJ77&quot; target=&quot;_blank&quot;&gt;FT&lt;em&gt;中文&lt;/em&gt;网 - 全球财经精粹&lt;/a&gt;&lt;/h3&gt;&lt;div class=&quot;c-abstract&quot;&gt;FT&lt;em&gt;中文&lt;/em&gt;网是英国《金融时报》唯一的非英语网站,致力于向中国商业菁英和企业决策者及时提供来自全球的商业、经济、市场、管理和科技新闻,同时报道和评论对中国经济和...&lt;/div&gt;&lt;div class=&quot;f13&quot;&gt;&lt;a target=&quot;_blank&quot; href=&quot;http://www.baidu.com/link?url=vsc27ZBQJVz-oM5k_roWno1CV0TuH_M8g--ESoAmwRbYcoMOsgwTIcndJF27OJ77&quot; class=&quot;c-showurl&quot; style=&quot;text-decoration:none;&quot;&gt;www.ftchinese.com/&amp;nbsp;&lt;/a&gt;&lt;div class=&quot;c-tools&quot; id=&quot;tools_9827903866244967716_9&quot; data-tools=&quot;{&amp;quot;title&amp;quot;:&amp;quot;FT中文网 - 全球财经精粹&amp;quot;,&amp;quot;url&amp;quot;:&amp;quot;http://www.baidu.com/link?url=vsc27ZBQJVz-oM5k_roWno1CV0TuH_M8g--ESoAmwRbYcoMOsgwTIcndJF27OJ77&amp;quot;}&quot;&gt;&lt;a class=&quot;c-tip-icon&quot;&gt;&lt;i class=&quot;c-icon c-icon-triangle-down-g&quot;&gt;&lt;/i&gt;&lt;/a&gt;&lt;/div&gt;&lt;span class=&quot;c-icons-outer&quot;&gt;&lt;span class=&quot;c-icons-inner&quot;&gt;&lt;/span&gt;&lt;/span&gt;&amp;nbsp;-&amp;nbsp;&lt;a data-click=&quot;{&#039;rsv_snapshot&#039;:&#039;1&#039;}&quot; href=&quot;http://cache.baiducontent.com/c?m=9f65cb4a8c8507ed4fece763105392230e54f7377a868a4e2383d21f84642c101a39feaf627f5052dcd20a6316d94b4b9b87210331&amp;amp;p=8a759a46d6c413b92a9fc7710f4cc1&amp;amp;newp=81759a46d6c407f503a5d22d02149f231610db2151d7d2176b82c825d7331b001c3bbfb423241107d4c57c6c03ab4e5ce1fa3177300225a3dda5c91d9fb4c57479ce7d6f385a&amp;amp;user=baidu&amp;amp;fm=sc&amp;amp;query=%D6%D0%CE%C4&amp;amp;qid=b6763077001857dd&amp;amp;p1=9&quot; target=&quot;_blank&quot; class=&quot;m&quot;&gt;百度快照&lt;/a&gt;&lt;span class=&quot;c-pingjia&quot;&gt;&amp;nbsp;-&amp;nbsp;&lt;a href=&quot;https://www.baidu.com/tools?url=http%3A%2F%2Fwww.baidu.com%2Flink%3Furl%3Dvsc27ZBQJVz-oM5k_roWno1CV0TuH_M8g--ESoAmwRbYcoMOsgwTIcndJF27OJ77&amp;amp;jump=https%3A%2F%2Fkoubei.baidu.com%2Fp%2Fsentry%3Ftitle%3D%01FT%02%E4%B8%AD%E6%96%87%03%E7%BD%91%01%20%01-%01%20%01%E5%85%A8%E7%90%83%01%E8%B4%A2%E7%BB%8F%01%E7%B2%BE%E7%B2%B9%01%26q%3D%E4%B8%AD%E6%96%87%26from%3Dps_pc4&amp;amp;key=surl&quot; target=&quot;_blank&quot; class=&quot;m&quot; data-click=&quot;{&#039;rsv_comments&#039;:&#039;1&#039;}&quot; data-from=&quot;ps_pc4&quot;&gt;37条评价&lt;/a&gt;&lt;/span&gt;&lt;/div&gt;&lt;div class=&quot;c-gap-top c-recommend&quot; style=&quot;display:none;&quot; data-extquery=&quot;日经中文网&amp;nbsp;路透中文网&amp;nbsp;联合早报&amp;nbsp;彭博新闻中文网&amp;nbsp;&quot;&gt;&lt;i class=&quot;c-icon c-icon-bear-circle c-gap-right-small&quot;&gt;&lt;/i&gt;&lt;span class=&quot;c-gray&quot;&gt;为您推荐：&lt;/span&gt;&lt;a href=&quot;/s?rsv_idx=1&amp;amp;wd=%E6%97%A5%E7%BB%8F%E4%B8%AD%E6%96%87%E7%BD%91&amp;amp;usm=4&amp;amp;ie=utf-8&amp;amp;rsv_crq=7&amp;amp;bs=%E4%B8%AD%E6%96%87&quot; target=&quot;_blank&quot; class=&quot;res-gap-right16&quot;&gt;日经中文网&lt;/a&gt;&lt;a href=&quot;/s?rsv_idx=1&amp;amp;wd=%E8%B7%AF%E9%80%8F%E4%B8%AD%E6%96%87%E7%BD%91&amp;amp;usm=4&amp;amp;ie=utf-8&amp;amp;rsv_crq=7&amp;amp;bs=%E4%B8%AD%E6%96%87&quot; target=&quot;_blank&quot; class=&quot;res-gap-right16&quot;&gt;路透中文网&lt;/a&gt;&lt;a href=&quot;/s?rsv_idx=1&amp;amp;wd=%E8%81%94%E5%90%88%E6%97%A9%E6%8A%A5&amp;amp;usm=4&amp;amp;ie=utf-8&amp;amp;rsv_crq=7&amp;amp;bs=%E4%B8%AD%E6%96%87&quot; target=&quot;_blank&quot; class=&quot;res-gap-right16&quot;&gt;联合早报&lt;/a&gt;&lt;a href=&quot;/s?rsv_idx=1&amp;amp;wd=%E5%BD%AD%E5%8D%9A%E6%96%B0%E9%97%BB%E4%B8%AD%E6%96%87%E7%BD%91&amp;amp;usm=4&amp;amp;ie=utf-8&amp;amp;rsv_crq=7&amp;amp;bs=%E4%B8%AD%E6%96%87&quot; target=&quot;_blank&quot;&gt;彭博新闻中文网&lt;/a&gt;&lt;/div&gt;&lt;/div&gt;
											
		
						
			
		

								

		
				
														
																																									&lt;div class=&quot;result c-container &quot; id=&quot;10&quot; srcid=&quot;1599&quot; tpl=&quot;se_com_default&quot; data-click=&quot;{&amp;quot;rsv_bdr&amp;quot;:&amp;quot;0&amp;quot;,&amp;quot;p5&amp;quot;:10}&quot;&gt;&lt;h3 class=&quot;t&quot;&gt;&lt;a data-click=&quot;{
			&#039;F&#039;:&#039;778317EA&#039;,
			&#039;F1&#039;:&#039;9D73F1C4&#039;,
			&#039;F2&#039;:&#039;4CA6DD6B&#039;,
			&#039;F3&#039;:&#039;54E5343F&#039;,
			&#039;T&#039;:&#039;1498445672&#039;,
						&#039;y&#039;:&#039;FF77FFBF&#039;
			 
									}&quot; href=&quot;http://www.baidu.com/link?url=oHj-sxjKVi0NHH15r8_Af1yoMF4SHm09Gk-wxCEdx2xx88hp_8YZEE4lp6Xqjd0pLUNqeBD6v4ZgjNaVARh4b_&quot; target=&quot;_blank&quot;&gt;&lt;em&gt;中文&lt;/em&gt;Minecraft Wiki - 最详细的官方我的世界百科&lt;/a&gt;&lt;/h3&gt;&lt;div class=&quot;c-abstract&quot;&gt;&lt;em&gt;中文&lt;/em&gt;Minecraft Wiki是关于我的世界的官方百科全书,囊括合成、方块、生物以至PE版本的详尽攻略。&lt;/div&gt;&lt;div class=&quot;f13&quot;&gt;&lt;a target=&quot;_blank&quot; href=&quot;http://www.baidu.com/link?url=oHj-sxjKVi0NHH15r8_Af1yoMF4SHm09Gk-wxCEdx2xx88hp_8YZEE4lp6Xqjd0pLUNqeBD6v4ZgjNaVARh4b_&quot; class=&quot;c-showurl&quot; style=&quot;text-decoration:none;&quot;&gt;https://minecraft-zh.gamepedia...&amp;nbsp;&lt;/a&gt;&lt;div class=&quot;c-tools&quot; id=&quot;tools_15123312445356147072_10&quot; data-tools=&quot;{&amp;quot;title&amp;quot;:&amp;quot;中文Minecraft Wiki - 最详细的官方我的世界百科&amp;quot;,&amp;quot;url&amp;quot;:&amp;quot;http://www.baidu.com/link?url=oHj-sxjKVi0NHH15r8_Af1yoMF4SHm09Gk-wxCEdx2xx88hp_8YZEE4lp6Xqjd0pLUNqeBD6v4ZgjNaVARh4b_&amp;quot;}&quot;&gt;&lt;a class=&quot;c-tip-icon&quot;&gt;&lt;i class=&quot;c-icon c-icon-triangle-down-g&quot;&gt;&lt;/i&gt;&lt;/a&gt;&lt;/div&gt;&lt;span class=&quot;c-icons-outer&quot;&gt;&lt;span class=&quot;c-icons-inner&quot;&gt;&lt;/span&gt;&lt;/span&gt;&amp;nbsp;-&amp;nbsp;&lt;a data-click=&quot;{&#039;rsv_snapshot&#039;:&#039;1&#039;}&quot; href=&quot;http://cache.baiducontent.com/c?m=9f65cb4a8c8507ed19fa950d100b883d4503d1236f8396027fa2db1284642c141439b4f970744b57c4c50b365cf05423b1ac6123775074f18ccffc2f86e2c93c6ad567627f0bf04505a51bb8ba3132b026&amp;amp;p=882a9645d2d257f80be2963c505493&amp;amp;newp=c4769a47c8934eac58e9c3385f0d90231610db2151d4d0116b82c825d7331b001c3bbfb423241105d6c17a6107a44258e9f437793c0225a3dda5c91d9fb4c5747996&amp;amp;user=baidu&amp;amp;fm=sc&amp;amp;query=%D6%D0%CE%C4&amp;amp;qid=b6763077001857dd&amp;amp;p1=10&quot; target=&quot;_blank&quot; class=&quot;m&quot;&gt;百度快照&lt;/a&gt;&lt;/div&gt;&lt;div class=&quot;c-gap-top c-recommend&quot; style=&quot;display:none;&quot; data-extquery=&quot;我的世界小黑怎么驯服&amp;nbsp;我的世界怎么去月球&amp;nbsp;minecraft wiki&amp;nbsp;&quot;&gt;&lt;i class=&quot;c-icon c-icon-bear-circle c-gap-right-small&quot;&gt;&lt;/i&gt;&lt;span class=&quot;c-gray&quot;&gt;为您推荐：&lt;/span&gt;&lt;a href=&quot;/s?rsv_idx=1&amp;amp;wd=%E6%88%91%E7%9A%84%E4%B8%96%E7%95%8C%E5%B0%8F%E9%BB%91%E6%80%8E%E4%B9%88%E9%A9%AF%E6%9C%8D&amp;amp;usm=4&amp;amp;ie=utf-8&amp;amp;rsv_crq=7&amp;amp;bs=%E4%B8%AD%E6%96%87&quot; target=&quot;_blank&quot; class=&quot;res-gap-right16&quot;&gt;我的世界小黑怎么驯服&lt;/a&gt;&lt;a href=&quot;/s?rsv_idx=1&amp;amp;wd=%E6%88%91%E7%9A%84%E4%B8%96%E7%95%8C%E6%80%8E%E4%B9%88%E5%8E%BB%E6%9C%88%E7%90%83&amp;amp;usm=4&amp;amp;ie=utf-8&amp;amp;rsv_crq=7&amp;amp;bs=%E4%B8%AD%E6%96%87&quot; target=&quot;_blank&quot; class=&quot;res-gap-right16&quot;&gt;我的世界怎么去月球&lt;/a&gt;&lt;a href=&quot;/s?rsv_idx=1&amp;amp;wd=minecraft+wiki&amp;amp;usm=4&amp;amp;ie=utf-8&amp;amp;rsv_crq=7&amp;amp;bs=%E4%B8%AD%E6%96%87&quot; target=&quot;_blank&quot;&gt;minecraft wiki&lt;/a&gt;&lt;/div&gt;&lt;/div&gt;
											
		
						
			
	
	&lt;!--[bd_nocache_start]--&gt;
				&lt;!--[bd_nocache_end]--&gt;
	
	
	
	

	
	

&lt;/div&gt;

	
        &lt;div style=&quot;clear:both;height:0;&quot;&gt;&lt;/div&gt;
	    
        
    &lt;div id=&quot;rs&quot;&gt;&lt;div class=&quot;tt&quot;&gt;相关搜索&lt;/div&gt;&lt;table cellpadding=&quot;0&quot;&gt;&lt;tbody&gt;&lt;tr&gt;&lt;th&gt;&lt;a href=&quot;/s?wd=%E8%B5%B7%E7%82%B9%E4%B8%AD%E6%96%87%E7%BD%91&amp;amp;rsf=9&amp;amp;rsp=0&amp;amp;f=1&amp;amp;oq=%E4%B8%AD%E6%96%87&amp;amp;ie=utf-8&amp;amp;usm=4&amp;amp;rsv_idx=1&amp;amp;rsv_pq=b6763077001857dd&amp;amp;rsv_t=6ec3MrkuvnODFp6sR3g6JeZOPuujP5gGfqRClanSrn2K4xNYYATDc5t%2BVU4&amp;amp;rqlang=cn&amp;amp;rs_src=0&amp;amp;rsv_pq=b6763077001857dd&amp;amp;rsv_t=6ec3MrkuvnODFp6sR3g6JeZOPuujP5gGfqRClanSrn2K4xNYYATDc5t%2BVU4&quot;&gt;起点中文网&lt;/a&gt;&lt;/th&gt;&lt;td&gt;&lt;/td&gt;&lt;th&gt;&lt;a href=&quot;/s?wd=%E4%B8%AD%E8%8B%B1%E6%96%87%E5%9C%A8%E7%BA%BF%E7%BF%BB%E8%AF%91&amp;amp;rsf=9&amp;amp;rsp=1&amp;amp;f=1&amp;amp;oq=%E4%B8%AD%E6%96%87&amp;amp;ie=utf-8&amp;amp;usm=4&amp;amp;rsv_idx=1&amp;amp;rsv_pq=b6763077001857dd&amp;amp;rsv_t=6ec3MrkuvnODFp6sR3g6JeZOPuujP5gGfqRClanSrn2K4xNYYATDc5t%2BVU4&amp;amp;rqlang=cn&amp;amp;rs_src=0&amp;amp;rsv_pq=b6763077001857dd&amp;amp;rsv_t=6ec3MrkuvnODFp6sR3g6JeZOPuujP5gGfqRClanSrn2K4xNYYATDc5t%2BVU4&quot;&gt;中英文在线翻译&lt;/a&gt;&lt;/th&gt;&lt;td&gt;&lt;/td&gt;&lt;th&gt;&lt;a href=&quot;/s?wd=%E4%B9%9D%E5%85%AD%E4%B8%AD%E6%96%87%E7%BD%91&amp;amp;rsf=9&amp;amp;rsp=2&amp;amp;f=1&amp;amp;oq=%E4%B8%AD%E6%96%87&amp;amp;ie=utf-8&amp;amp;usm=4&amp;amp;rsv_idx=1&amp;amp;rsv_pq=b6763077001857dd&amp;amp;rsv_t=6ec3MrkuvnODFp6sR3g6JeZOPuujP5gGfqRClanSrn2K4xNYYATDc5t%2BVU4&amp;amp;rqlang=cn&amp;amp;rs_src=0&amp;amp;rsv_pq=b6763077001857dd&amp;amp;rsv_t=6ec3MrkuvnODFp6sR3g6JeZOPuujP5gGfqRClanSrn2K4xNYYATDc5t%2BVU4&quot;&gt;九六中文网&lt;/a&gt;&lt;/th&gt;&lt;/tr&gt;&lt;tr&gt;&lt;th&gt;&lt;a href=&quot;/s?wd=%E4%B9%85%E8%8D%89%E5%9C%A8%E7%BA%BF%20%E4%B8%AD%E6%96%87%E5%AD%97%E5%B9%95&amp;amp;rsf=9&amp;amp;rsp=3&amp;amp;f=1&amp;amp;oq=%E4%B8%AD%E6%96%87&amp;amp;ie=utf-8&amp;amp;usm=4&amp;amp;rsv_idx=1&amp;amp;rsv_pq=b6763077001857dd&amp;amp;rsv_t=6ec3MrkuvnODFp6sR3g6JeZOPuujP5gGfqRClanSrn2K4xNYYATDc5t%2BVU4&amp;amp;rqlang=cn&amp;amp;rs_src=0&amp;amp;rsv_pq=b6763077001857dd&amp;amp;rsv_t=6ec3MrkuvnODFp6sR3g6JeZOPuujP5gGfqRClanSrn2K4xNYYATDc5t%2BVU4&quot;&gt;久草在线 中文字幕&lt;/a&gt;&lt;/th&gt;&lt;td&gt;&lt;/td&gt;&lt;th&gt;&lt;a href=&quot;/s?wd=avidolz%E4%B8%AD%E6%96%87%E7%89%88&amp;amp;rsf=9&amp;amp;rsp=4&amp;amp;f=1&amp;amp;oq=%E4%B8%AD%E6%96%87&amp;amp;ie=utf-8&amp;amp;usm=4&amp;amp;rsv_idx=1&amp;amp;rsv_pq=b6763077001857dd&amp;amp;rsv_t=6ec3MrkuvnODFp6sR3g6JeZOPuujP5gGfqRClanSrn2K4xNYYATDc5t%2BVU4&amp;amp;rqlang=cn&amp;amp;rs_src=0&amp;amp;rsv_pq=b6763077001857dd&amp;amp;rsv_t=6ec3MrkuvnODFp6sR3g6JeZOPuujP5gGfqRClanSrn2K4xNYYATDc5t%2BVU4&quot;&gt;avidolz中文版&lt;/a&gt;&lt;/th&gt;&lt;td&gt;&lt;/td&gt;&lt;th&gt;&lt;a href=&quot;/s?wd=%E5%85%AB%E8%B7%AF%E4%B8%AD%E6%96%87&amp;amp;rsf=9&amp;amp;rsp=5&amp;amp;f=1&amp;amp;oq=%E4%B8%AD%E6%96%87&amp;amp;ie=utf-8&amp;amp;usm=4&amp;amp;rsv_idx=1&amp;amp;rsv_pq=b6763077001857dd&amp;amp;rsv_t=6ec3MrkuvnODFp6sR3g6JeZOPuujP5gGfqRClanSrn2K4xNYYATDc5t%2BVU4&amp;amp;rqlang=cn&amp;amp;rs_src=0&amp;amp;rsv_pq=b6763077001857dd&amp;amp;rsv_t=6ec3MrkuvnODFp6sR3g6JeZOPuujP5gGfqRClanSrn2K4xNYYATDc5t%2BVU4&quot;&gt;八路中文&lt;/a&gt;&lt;/th&gt;&lt;/tr&gt;&lt;tr&gt;&lt;th&gt;&lt;a href=&quot;/s?wd=%E5%85%AB%E8%B7%AF%E4%B8%AD%E6%96%87%E7%BD%91&amp;amp;rsf=9&amp;amp;rsp=6&amp;amp;f=1&amp;amp;oq=%E4%B8%AD%E6%96%87&amp;amp;ie=utf-8&amp;amp;usm=4&amp;amp;rsv_idx=1&amp;amp;rsv_pq=b6763077001857dd&amp;amp;rsv_t=6ec3MrkuvnODFp6sR3g6JeZOPuujP5gGfqRClanSrn2K4xNYYATDc5t%2BVU4&amp;amp;rqlang=cn&amp;amp;rs_src=0&amp;amp;rsv_pq=b6763077001857dd&amp;amp;rsv_t=6ec3MrkuvnODFp6sR3g6JeZOPuujP5gGfqRClanSrn2K4xNYYATDc5t%2BVU4&quot;&gt;八路中文网&lt;/a&gt;&lt;/th&gt;&lt;td&gt;&lt;/td&gt;&lt;th&gt;&lt;a href=&quot;/s?wd=%E7%89%9B%E9%B2%A8%E4%B8%AD%E6%96%87%E7%BD%91&amp;amp;rsf=9&amp;amp;rsp=7&amp;amp;f=1&amp;amp;oq=%E4%B8%AD%E6%96%87&amp;amp;ie=utf-8&amp;amp;usm=4&amp;amp;rsv_idx=1&amp;amp;rsv_pq=b6763077001857dd&amp;amp;rsv_t=6ec3MrkuvnODFp6sR3g6JeZOPuujP5gGfqRClanSrn2K4xNYYATDc5t%2BVU4&amp;amp;rqlang=cn&amp;amp;rs_src=0&amp;amp;rsv_pq=b6763077001857dd&amp;amp;rsv_t=6ec3MrkuvnODFp6sR3g6JeZOPuujP5gGfqRClanSrn2K4xNYYATDc5t%2BVU4&quot;&gt;牛鲨中文网&lt;/a&gt;&lt;/th&gt;&lt;td&gt;&lt;/td&gt;&lt;th&gt;&lt;a href=&quot;/s?wd=%E4%BA%9A%E8%88%AA%E4%B8%AD%E6%96%87%E5%AE%98%E7%BD%91&amp;amp;rsf=9&amp;amp;rsp=8&amp;amp;f=1&amp;amp;oq=%E4%B8%AD%E6%96%87&amp;amp;ie=utf-8&amp;amp;usm=4&amp;amp;rsv_idx=1&amp;amp;rsv_pq=b6763077001857dd&amp;amp;rsv_t=6ec3MrkuvnODFp6sR3g6JeZOPuujP5gGfqRClanSrn2K4xNYYATDc5t%2BVU4&amp;amp;rqlang=cn&amp;amp;rs_src=0&amp;amp;rsv_pq=b6763077001857dd&amp;amp;rsv_t=6ec3MrkuvnODFp6sR3g6JeZOPuujP5gGfqRClanSrn2K4xNYYATDc5t%2BVU4&quot;&gt;亚航中文官网&lt;/a&gt;&lt;/th&gt;&lt;/tr&gt;&lt;/tbody&gt;&lt;/table&gt;&lt;/div&gt;

&lt;div id=&quot;page&quot;&gt;


	    &lt;strong&gt;&lt;span class=&quot;fk fk_cur&quot;&gt;&lt;i class=&quot;c-icon c-icon-bear-p&quot;&gt;&lt;/i&gt;&lt;/span&gt;&lt;span class=&quot;pc&quot;&gt;1&lt;/span&gt;&lt;/strong&gt;&lt;a href=&quot;/s?wd=%E4%B8%AD%E6%96%87&amp;amp;pn=10&amp;amp;oq=%E4%B8%AD%E6%96%87&amp;amp;ie=utf-8&amp;amp;usm=4&amp;amp;rsv_idx=1&amp;amp;rsv_pq=b6763077001857dd&amp;amp;rsv_t=6ec3MrkuvnODFp6sR3g6JeZOPuujP5gGfqRClanSrn2K4xNYYATDc5t%2BVU4&quot;&gt;&lt;span class=&quot;fk fkd&quot;&gt;&lt;i class=&quot;c-icon c-icon-bear-pn&quot;&gt;&lt;/i&gt;&lt;/span&gt;&lt;span class=&quot;pc&quot;&gt;2&lt;/span&gt;&lt;/a&gt;&lt;a href=&quot;/s?wd=%E4%B8%AD%E6%96%87&amp;amp;pn=20&amp;amp;oq=%E4%B8%AD%E6%96%87&amp;amp;ie=utf-8&amp;amp;usm=4&amp;amp;rsv_idx=1&amp;amp;rsv_pq=b6763077001857dd&amp;amp;rsv_t=6ec3MrkuvnODFp6sR3g6JeZOPuujP5gGfqRClanSrn2K4xNYYATDc5t%2BVU4&quot;&gt;&lt;span class=&quot;fk&quot;&gt;&lt;i class=&quot;c-icon c-icon-bear-pn&quot;&gt;&lt;/i&gt;&lt;/span&gt;&lt;span class=&quot;pc&quot;&gt;3&lt;/span&gt;&lt;/a&gt;&lt;a href=&quot;/s?wd=%E4%B8%AD%E6%96%87&amp;amp;pn=30&amp;amp;oq=%E4%B8%AD%E6%96%87&amp;amp;ie=utf-8&amp;amp;usm=4&amp;amp;rsv_idx=1&amp;amp;rsv_pq=b6763077001857dd&amp;amp;rsv_t=6ec3MrkuvnODFp6sR3g6JeZOPuujP5gGfqRClanSrn2K4xNYYATDc5t%2BVU4&quot;&gt;&lt;span class=&quot;fk fkd&quot;&gt;&lt;i class=&quot;c-icon c-icon-bear-pn&quot;&gt;&lt;/i&gt;&lt;/span&gt;&lt;span class=&quot;pc&quot;&gt;4&lt;/span&gt;&lt;/a&gt;&lt;a href=&quot;/s?wd=%E4%B8%AD%E6%96%87&amp;amp;pn=40&amp;amp;oq=%E4%B8%AD%E6%96%87&amp;amp;ie=utf-8&amp;amp;usm=4&amp;amp;rsv_idx=1&amp;amp;rsv_pq=b6763077001857dd&amp;amp;rsv_t=6ec3MrkuvnODFp6sR3g6JeZOPuujP5gGfqRClanSrn2K4xNYYATDc5t%2BVU4&quot;&gt;&lt;span class=&quot;fk&quot;&gt;&lt;i class=&quot;c-icon c-icon-bear-pn&quot;&gt;&lt;/i&gt;&lt;/span&gt;&lt;span class=&quot;pc&quot;&gt;5&lt;/span&gt;&lt;/a&gt;&lt;a href=&quot;/s?wd=%E4%B8%AD%E6%96%87&amp;amp;pn=50&amp;amp;oq=%E4%B8%AD%E6%96%87&amp;amp;ie=utf-8&amp;amp;usm=4&amp;amp;rsv_idx=1&amp;amp;rsv_pq=b6763077001857dd&amp;amp;rsv_t=6ec3MrkuvnODFp6sR3g6JeZOPuujP5gGfqRClanSrn2K4xNYYATDc5t%2BVU4&quot;&gt;&lt;span class=&quot;fk fkd&quot;&gt;&lt;i class=&quot;c-icon c-icon-bear-pn&quot;&gt;&lt;/i&gt;&lt;/span&gt;&lt;span class=&quot;pc&quot;&gt;6&lt;/span&gt;&lt;/a&gt;&lt;a href=&quot;/s?wd=%E4%B8%AD%E6%96%87&amp;amp;pn=60&amp;amp;oq=%E4%B8%AD%E6%96%87&amp;amp;ie=utf-8&amp;amp;usm=4&amp;amp;rsv_idx=1&amp;amp;rsv_pq=b6763077001857dd&amp;amp;rsv_t=6ec3MrkuvnODFp6sR3g6JeZOPuujP5gGfqRClanSrn2K4xNYYATDc5t%2BVU4&quot;&gt;&lt;span class=&quot;fk&quot;&gt;&lt;i class=&quot;c-icon c-icon-bear-pn&quot;&gt;&lt;/i&gt;&lt;/span&gt;&lt;span class=&quot;pc&quot;&gt;7&lt;/span&gt;&lt;/a&gt;&lt;a href=&quot;/s?wd=%E4%B8%AD%E6%96%87&amp;amp;pn=70&amp;amp;oq=%E4%B8%AD%E6%96%87&amp;amp;ie=utf-8&amp;amp;usm=4&amp;amp;rsv_idx=1&amp;amp;rsv_pq=b6763077001857dd&amp;amp;rsv_t=6ec3MrkuvnODFp6sR3g6JeZOPuujP5gGfqRClanSrn2K4xNYYATDc5t%2BVU4&quot;&gt;&lt;span class=&quot;fk fkd&quot;&gt;&lt;i class=&quot;c-icon c-icon-bear-pn&quot;&gt;&lt;/i&gt;&lt;/span&gt;&lt;span class=&quot;pc&quot;&gt;8&lt;/span&gt;&lt;/a&gt;&lt;a href=&quot;/s?wd=%E4%B8%AD%E6%96%87&amp;amp;pn=80&amp;amp;oq=%E4%B8%AD%E6%96%87&amp;amp;ie=utf-8&amp;amp;usm=4&amp;amp;rsv_idx=1&amp;amp;rsv_pq=b6763077001857dd&amp;amp;rsv_t=6ec3MrkuvnODFp6sR3g6JeZOPuujP5gGfqRClanSrn2K4xNYYATDc5t%2BVU4&quot;&gt;&lt;span class=&quot;fk&quot;&gt;&lt;i class=&quot;c-icon c-icon-bear-pn&quot;&gt;&lt;/i&gt;&lt;/span&gt;&lt;span class=&quot;pc&quot;&gt;9&lt;/span&gt;&lt;/a&gt;&lt;a href=&quot;/s?wd=%E4%B8%AD%E6%96%87&amp;amp;pn=90&amp;amp;oq=%E4%B8%AD%E6%96%87&amp;amp;ie=utf-8&amp;amp;usm=4&amp;amp;rsv_idx=1&amp;amp;rsv_pq=b6763077001857dd&amp;amp;rsv_t=6ec3MrkuvnODFp6sR3g6JeZOPuujP5gGfqRClanSrn2K4xNYYATDc5t%2BVU4&quot;&gt;&lt;span class=&quot;fk fkd&quot;&gt;&lt;i class=&quot;c-icon c-icon-bear-pn&quot;&gt;&lt;/i&gt;&lt;/span&gt;&lt;span class=&quot;pc&quot;&gt;10&lt;/span&gt;&lt;/a&gt;&lt;a href=&quot;/s?wd=%E4%B8%AD%E6%96%87&amp;amp;pn=10&amp;amp;oq=%E4%B8%AD%E6%96%87&amp;amp;ie=utf-8&amp;amp;usm=4&amp;amp;rsv_idx=1&amp;amp;rsv_pq=b6763077001857dd&amp;amp;rsv_t=6ec3MrkuvnODFp6sR3g6JeZOPuujP5gGfqRClanSrn2K4xNYYATDc5t%2BVU4&amp;amp;rsv_page=1&quot; class=&quot;n&quot;&gt;下一页&amp;gt;&lt;/a&gt;


&lt;/div&gt;
&lt;div id=&quot;content_bottom&quot;&gt;
&lt;!--[bd_nocache_start]--&gt;

&lt;!--[bd_nocache_end]--&gt;
&lt;/div&gt;
    


    &lt;/div&gt;&lt;script&gt;
try{document.cookie=&quot;WWW_ST=;expires=Sat, 01 Jan 2000 00:00:00 GMT&quot;;}catch(e){}
&lt;/script&gt;&lt;div id=&quot;foot&quot;&gt;&lt;span id=&quot;help&quot; style=&quot;float:left;padding-left:121px&quot;&gt;&lt;a href=&quot;http://help.baidu.com/question&quot; target=&quot;_blank&quot; onmousedown=&quot;return c({&#039;fm&#039;:&#039;behb&#039;,&#039;tab&#039;:&#039;help&#039;,&#039;url&#039;:this.href,&#039;title&#039;:this.innerHTML})&quot;&gt;帮助&lt;/a&gt;&lt;a href=&quot;http://www.baidu.com/search/jubao.html&quot; target=&quot;_blank&quot; onmousedown=&quot;return c({&#039;fm&#039;:&#039;behb&#039;,&#039;tab&#039;:&#039;jubao&#039;,&#039;url&#039;:this.href,&#039;title&#039;:this.innerHTML})&quot;&gt;举报&lt;/a&gt;&lt;a class=&quot;feedback&quot; onclick=&quot;return false;&quot; href=&quot;javascript:;&quot; target=&quot;_blank&quot; onmousedown=&quot;return ns_c({&#039;fm&#039;:&#039;behb&#039;,&#039;tab&#039;:&#039;feedback&#039;})&quot;&gt;用户反馈&lt;/a&gt;&lt;/span&gt;&lt;/div&gt;&lt;script&gt;
	bds.ready(function(){
		var initScrollTop   = $(window).scrollTop(),
		bottomScrollTop = $(document).height() - $(window).height(),	/*//滑动条移动到底部时的scrollTop值*/
			hintToprqShow   = 0;										/*	//toprq出现状态*/
		var $dom_head = $(&#039;#head&#039;),
			$dom_left = $(&#039;#content_left&#039;),
			$dom_hintToprqTips = $(&#039;.hint_toprq_tips&#039;),
			$dom_headBlock = $(&#039;&lt;div&gt;&#039;,{&#039;class&#039;:&#039;headBlock&#039;}),
			$dom_leftBlock = $(&#039;&lt;div&gt;&#039;,{&#039;class&#039;:&#039;leftBlock&#039;});

		$dom_hintToprqTips.appendTo($dom_headBlock);
		$dom_headBlock.hide().appendTo($dom_head);

		/*// swap_begin时清除事件&amp;DOM*/
		$(window).one(&#039;swap_begin&#039;, function(){
			$(window).off(&#039;scroll&#039;, scrollEvent);
			hideHeadHint();
			$dom_headBlock.remove();
			$dom_leftBlock.detach();
		});

		/*// 绑定scroll事件*/
		$(window).on(&#039;scroll&#039;, scrollEvent);

		/*//绑定结果click事件,避让点击后推荐*/
		$(document).on(&#039;click&#039;,&#039;.t&gt;a,.op-se-listen-recommend&#039;,function(){
			hideHeadHint();
			$dom_leftBlock.hide();
		});

		function scrollEvent(){
			var nowScrollTop = $(window).scrollTop(),
				headHeight = 90 + $(&#039;.res_top_banner&#039;).outerHeight() + $(&#039;#con-at&#039;).outerHeight() + $(&#039;.res_top_banner_for_win&#039;).outerHeight() + ($(&#039;.hint_common_restop&#039;).length ? 29 : 0);
			if (nowScrollTop &lt;= headHeight || nowScrollTop &gt; bottomScrollTop) {
				hideHeadHint();
				initScrollTop = nowScrollTop;
			} else if (nowScrollTop &gt; initScrollTop) {
				hideHeadHint();
				initScrollTop = nowScrollTop;
			} else if (nowScrollTop &lt; initScrollTop - 50) {
				showHeadHint();
				initScrollTop = nowScrollTop;
			};
		}

		function showHeadHint(){
			if (!hintToprqShow) {
				$dom_hintToprqTips.show();
				$dom_headBlock.slideDown(200,function(){
					var nowScrollTop = $(window).scrollTop();
					if (nowScrollTop &lt;= 90+$(&#039;.res_top_banner&#039;).outerHeight() + $(&#039;#con-at&#039;).outerHeight() + ($(&#039;.hint_common_restop&#039;).length ? 29 : 0) || nowScrollTop &gt; bottomScrollTop) {
						hideHeadHint();
					}
				});
				sendNSC();
				showLeftHint();
				$dom_leftBlock.show();
				hintToprqShow = 1;
				/* 出顶部提示的时候隐藏点击后推荐 */
				$(&#039;.result, .result-op&#039;).find(&#039;.c-recommend&#039;).hide();
			};
		}

		function hideHeadHint(){
			if (hintToprqShow) {
				$dom_headBlock.hide();
				hintToprqShow = 0;
			};
		}

		function showLeftHint(){
			$dom_hintToprqTips.clone().prependTo($dom_leftBlock);
			$dom_leftBlock.prependTo($dom_left);
			showLeftHint = function(){};
		}

		function sendNSC(){
			ns_c({
		        &#039;fm&#039;       : &#039;behs&#039;,
		        &#039;qid&#039;	   : bds.comm.qid,
		        &#039;rsv_disp&#039; : 1
		    });
		    sendNSC = function(){};
		}

	});
	&lt;/script&gt;&lt;div class=&quot;c-tips-container&quot; id=&quot;c-tips-container&quot;&gt;&lt;/div&gt;&lt;/div&gt;
    &lt;/div&gt;
    &lt;div class=&quot;c-tips-container&quot; id=&quot;c-tips-container&quot;&gt;&lt;/div&gt;
    
    &lt;script&gt;
        window.__async_strategy=2;
        //window.__switch_add_mask=false;
    &lt;/script&gt;
    
    
&lt;script&gt;
var bds={
    se:{},
    su:{
        urdata:[],
                urSendClick:function(){}
    },
    util:{},
    use:{},
    comm : {
        domain:&quot;http://www.baidu.com&quot;,
        ubsurl : &quot;https://sp0.baidu.com/5bU_dTmfKgQFm2e88IuM_a/w.gif&quot;,
        tn:&quot;baidu&quot;,
        queryEnc:&quot;&quot;,
        queryId:&quot;&quot;,
        inter:&quot;&quot;,
        templateName:&quot;&quot;,
        sugHost : &quot;https://sp0.baidu.com/5a1Fazu8AA54nxGko9WTAnF6hhy/su&quot;,
        query : &quot;&quot;,
        qid : &quot;924156b5001a69fa&quot;,
        cid : &quot;0&quot;,
        sid : &quot;23199_1463_21090_20930&quot;,
        indexSid : &quot;23199_1463_21090_20930&quot;,
        stoken : &quot;&quot;,
        serverTime : &quot;1498445647&quot;,
        user : &quot;&quot;,
        username : &quot;&quot;,
        userid : &quot;0&quot;,
        loginAction : [],
        useFavo : &quot;&quot;,
        pinyin : &quot;&quot;,
        favoOn : &quot;&quot;,
        cookie : {&quot;BAIDUID&quot;:&quot;EC82BE9FA54D758F6400B5C26BD2FEFE:FG=1&quot;,&quot;PSTM&quot;:&quot;1498034604&quot;,&quot;BIDUPSID&quot;:&quot;195B59032CC1646C47A9B6C275F922D3&quot;,&quot;BD_HOME&quot;:&quot;0&quot;,&quot;H_PS_PSSID&quot;:&quot;23199_1463_21090_20930&quot;,&quot;BD_UPN&quot;:&quot;12314153&quot;},
        userAgent : &quot;Mozilla/5.0 (Windows NT 5.1) AppleWebKit/537.36 (KHTML, like Gecko) Chrome/45.0.2454.101 Safari/537.36&quot;,
                curResultNum:&quot;0&quot;,
        rightResultExist:false,
        protectNum:0,
        zxlNum:0,
        pageNum:1,
        pageSize:10,
        newindex:0,
        async:2,
        maxPreloadThread:5,
        maxPreloadTimes:10,
        preloadMouseMoveDistance:5,
        switchAddMask:false,
        isDebug:false,
        ishome : 1,
        flagTranslateResult:0,
        globalLogFlag:0
	,encTn:&#039;4b7ej1EKM2jsFjQSKjOW1ymH+BkTG62UyQtGveMDIlaUlE2qw0F2wi5oKEg&#039;    }
};



    


//防止从结果页打开的页面中通过opener.xxx来影响百度页面


var name,navigate,al_arr=[];
var selfOpen = window.open;eval(&quot;var open = selfOpen;&quot;);
var isIE=navigator.userAgent.indexOf(&quot;MSIE&quot;)!=-1&amp;&amp;!window.opera;
var E = bds.ecom= {};

bds.se.mon = {&#039;loadedItems&#039;:[],&#039;load&#039;:function(){},&#039;srvt&#039;:-1};

try {
    bds.se.mon.srvt = parseInt(document.cookie.match(new RegExp(&quot;(^| )BDSVRTM=([^;]*)(;|$)&quot;))[2]);
    document.cookie=&quot;BDSVRTM=;expires=Sat, 01 Jan 2000 00:00:00 GMT&quot;;
}catch(e){}

//兼容之前一些变量
var
bdUser        = bds.comm.user?bds.comm.user:null,
bdQuery       = bds.comm.query,
bdUseFavo     = bds.comm.useFavo,
bdFavoOn      = bds.comm.favoOn,
bdCid         = bds.comm.cid,
bdSid         = bds.comm.sid,
bdServerTime  = bds.comm.serverTime,
bdQid         = bds.comm.queryId,
bdstoken      = bds.comm.stoken,
login_success = [];



&lt;/script&gt;
&lt;script&gt;
/* https域名转换工具 */
bds.util.domain = (function(){
	    																					            																							var list = {
        &quot;graph.baidu.com&quot;: &quot;https://sp0.baidu.com/-aYHfD0a2gU2pMbgoY3K&quot;,
		&quot;p.qiao.baidu.com&quot;:&quot;https://sp0.baidu.com/5PoXdTebKgQFm2e88IuM_a&quot;,
		&quot;vse.baidu.com&quot;:&quot;https://sp3.baidu.com/6qUDsjip0QIZ8tyhnq&quot;,
		&quot;hdpreload.baidu.com&quot;:&quot;https://sp3.baidu.com/7LAWfjuc_wUI8t7jm9iCKT-xh_&quot;,
		&quot;lcr.open.baidu.com&quot;:&quot;https://sp2.baidu.com/8LUYsjW91Qh3otqbppnN2DJv&quot;,
		&quot;kankan.baidu.com&quot;:&quot;https://sp3.baidu.com/7bM1dzeaKgQFm2e88IuM_a&quot;,
		&quot;xapp.baidu.com&quot;:&quot;https://sp2.baidu.com/yLMWfHSm2Q5IlBGlnYG&quot;,
		&quot;dr.dh.baidu.com&quot;:&quot;https://sp0.baidu.com/-KZ1aD0a2gU2pMbgoY3K&quot;,
		&quot;xiaodu.baidu.com&quot;:&quot;https://sp0.baidu.com/yLsHczq6KgQFm2e88IuM_a&quot;,
		&quot;sensearch.baidu.com&quot;:&quot;https://sp1.baidu.com/5b11fzupBgM18t7jm9iCKT-xh_&quot;,
		&quot;s1.bdstatic.com&quot;:&quot;https://ss1.bdstatic.com/5eN1bjq8AAUYm2zgoY3K&quot;,
		&quot;olime.baidu.com&quot;:&quot;https://sp0.baidu.com/8bg4cTva2gU2pMbgoY3K&quot;,
		&quot;app.baidu.com&quot;:&quot;https://sp2.baidu.com/9_QWsjip0QIZ8tyhnq&quot;,
		&quot;i.baidu.com&quot;:&quot;https://sp0.baidu.com/74oIbT3kAMgDnd_&quot;,
		&quot;c.baidu.com&quot;:&quot;https://sp0.baidu.com/9foIbT3kAMgDnd_&quot;,
		&quot;sclick.baidu.com&quot;:&quot;https://sp0.baidu.com/5bU_dTmfKgQFm2e88IuM_a&quot;,
		&quot;nsclick.baidu.com&quot;:&quot;https://sp1.baidu.com/8qUJcD3n0sgCo2Kml5_Y_D3&quot;,
		&quot;sestat.baidu.com&quot;:&quot;https://sp1.baidu.com/5b1ZeDe5KgQFm2e88IuM_a&quot;,
		&quot;eclick.baidu.com&quot;:&quot;https://sp3.baidu.com/-0U_dTmfKgQFm2e88IuM_a&quot;,
		&quot;api.map.baidu.com&quot;:&quot;https://sp2.baidu.com/9_Q4sjOpB1gCo2Kml5_Y_D3&quot;,
		&quot;ecma.bdimg.com&quot;:&quot;https://ss1.bdstatic.com/-0U0bXSm1A5BphGlnYG&quot;,
		&quot;ecmb.bdimg.com&quot;:&quot;https://ss0.bdstatic.com/-0U0bnSm1A5BphGlnYG&quot;,
        &quot;t1.baidu.com&quot;:&quot;https://ss0.baidu.com/6ON1bjeh1BF3odCf&quot;,
        &quot;t2.baidu.com&quot;:&quot;https://ss1.baidu.com/6OZ1bjeh1BF3odCf&quot;,
        &quot;t3.baidu.com&quot;:&quot;https://ss2.baidu.com/6OV1bjeh1BF3odCf&quot;,
		&quot;t10.baidu.com&quot;:&quot;https://ss0.baidu.com/6ONWsjip0QIZ8tyhnq&quot;,
		&quot;t11.baidu.com&quot;:&quot;https://ss1.baidu.com/6ONXsjip0QIZ8tyhnq&quot;,
		&quot;t12.baidu.com&quot;:&quot;https://ss2.baidu.com/6ONYsjip0QIZ8tyhnq&quot;,
		&quot;i7.baidu.com&quot;:&quot;https://ss0.baidu.com/73F1bjeh1BF3odCf&quot;,
		&quot;i8.baidu.com&quot;:&quot;https://ss0.baidu.com/73x1bjeh1BF3odCf&quot;,
		&quot;i9.baidu.com&quot;:&quot;https://ss0.baidu.com/73t1bjeh1BF3odCf&quot;,
		&quot;b1.bdstatic.com&quot;:&quot;https://ss0.bdstatic.com/9uN1bjq8AAUYm2zgoY3K&quot;,
		&quot;ss.bdimg.com&quot;:&quot;https://ss1.bdstatic.com/5aV1bjqh_Q23odCf&quot;,
		&quot;opendata.baidu.com&quot;:&quot;https://sp0.baidu.com/8aQDcjqpAAV3otqbppnN2DJv&quot;,
		&quot;api.open.baidu.com&quot;:&quot;https://sp0.baidu.com/9_Q4sjW91Qh3otqbppnN2DJv&quot;,
		&quot;tag.baidu.com&quot;:&quot;https://sp1.baidu.com/6LMFsjip0QIZ8tyhnq&quot;,
		&quot;f3.baidu.com&quot;:&quot;https://sp2.baidu.com/-uV1bjeh1BF3odCf&quot;,
		&quot;s.share.baidu.com&quot;:&quot;https://sp0.baidu.com/5foZdDe71MgCo2Kml5_Y_D3&quot;,	
		&quot;bdimg.share.baidu.com&quot;:&quot;https://ss1.baidu.com/9rA4cT8aBw9FktbgoI7O1ygwehsv&quot;,
        &quot;1.su.bdimg.com&quot;:&quot;https://ss0.bdstatic.com/k4oZeXSm1A5BphGlnYG&quot;,
        &quot;2.su.bdimg.com&quot;:&quot;https://ss1.bdstatic.com/kvoZeXSm1A5BphGlnYG&quot;,
        &quot;3.su.bdimg.com&quot;:&quot;https://ss2.bdstatic.com/kfoZeXSm1A5BphGlnYG&quot;,
        &quot;4.su.bdimg.com&quot;:&quot;https://ss3.bdstatic.com/lPoZeXSm1A5BphGlnYG&quot;,
        &quot;5.su.bdimg.com&quot;:&quot;https://ss0.bdstatic.com/l4oZeXSm1A5BphGlnYG&quot;,
        &quot;6.su.bdimg.com&quot;:&quot;https://ss1.bdstatic.com/lvoZeXSm1A5BphGlnYG&quot;,
        &quot;7.su.bdimg.com&quot;:&quot;https://ss2.bdstatic.com/lfoZeXSm1A5BphGlnYG&quot;,
        &quot;8.su.bdimg.com&quot;:&quot;https://ss3.bdstatic.com/iPoZeXSm1A5BphGlnYG&quot;
	};


	var get = function(url) {
		if(location.protocol === &quot;http&quot;) {
			return url;
		}
		var reg = /^(http[s]?:\/\/)?([^\/]+)(.*)/,
		matches = url.match(reg);
		/* 判断传入参数是域名还是地址，分别做处理 */
		url = list.hasOwnProperty(matches[2])&amp;&amp;(list[matches[2]] + matches[3]) || url;
		return url;
	},
	set = function(kdomain,vdomain) {
		list[kdomain] = vdomain;
	};
	return {
		get : get,
		set : set
	}
})();
&lt;/script&gt;
&lt;script&gt;
//让用户更快看到首页
if(!location.hash.match(/[^a-zA-Z0-9]wd=/)){
    document.getElementById(&quot;wrapper&quot;).style.display=&#039;block&#039;;
    setTimeout(function(){
        try{
            var kw=document.getElementById(&quot;kw&quot;);
            kw.focus();
			kw.parentNode.className=&quot;bg s_ipt_wr iptfocus quickdelete-wrap&quot;;
        }catch(e){}
    },0);
}

&lt;/script&gt;
&lt;script type=&quot;text/javascript&quot; src=&quot;https://ss1.bdstatic.com/5eN1bjq8AAUYm2zgoY3K/r/www/cache/static/protocol/https/jquery/jquery-1.10.2.min_65682a2.js&quot;&gt;&lt;/script&gt;




&lt;script&gt;
(function(){

    var result_common_css=&quot;&lt;style data-for=\&quot;result\&quot; id=\&quot;css_result\&quot; type=\&quot;text\/css\&quot;&gt;body{color:#333;background:#fff;padding:6px 0 0;margin:0;position:relative;min-width:900px}body,th,td,.p1,.p2{font-family:arial}p,form,ol,ul,li,dl,dt,dd,h3{margin:0;padding:0;list-style:none}input{padding-top:0;padding-bottom:0;-moz-box-sizing:border-box;-webkit-box-sizing:border-box;box-sizing:border-box}table,img{border:0}td{font-size:9pt;line-height:18px}em{font-style:normal;color:#c00}a em{text-decoration:underline}cite{font-style:normal;color:green}.m,a.m{color:#666}a.m:visited{color:#606}.g,a.g{color:green}.c{color:#77c}.f14{font-size:14px}.f10{font-size:10.5pt}.f16{font-size:16px}.f13{font-size:13px}.bg{background-image:url(https:\/\/ss1.bdstatic.com\/5eN1bjq8AAUYm2zgoY3K\/r\/www\/cache\/static\/protocol\/https\/global\/img\/icons_5859e57.png);_background-image:url(https:\/\/ss1.bdstatic.com\/5eN1bjq8AAUYm2zgoY3K\/r\/www\/cache\/static\/protocol\/https\/global\/img\/icons_d5b04cc.gif);background-repeat:no-repeat}#u,#head,#tool,#search,#foot{font-size:12px}.logo{width:117px;height:38px;cursor:pointer}.p1{line-height:120%;margin-left:-12pt}.p2{width:100%;line-height:120%;margin-left:-12pt}#wrapper{_zoom:1}#container{word-break:break-all;word-wrap:break-word}.container_s{width:1002px}.container_l{width:1222px}#content_left{width:636px;float:left;padding-left:35px}#content_right{border-left:1px solid #e1e1e1;float:right}.container_s #content_right{width:271px}.container_l #content_right{width:434px}.content_none{padding-left:35px}#u{color:#999;white-space:nowrap;position:absolute;right:10px;top:4px;z-index:299}#u a{color:#00c;margin:0 5px}#u .reg{margin:0}#u .last{margin-right:0}#u .un{font-weight:700;margin-right:5px}#u ul{width:100%;background:#fff;border:1px solid #9b9b9b}#u li{height:25px}#u li a{width:100%;height:25px;line-height:25px;display:block;text-align:left;text-decoration:none;text-indent:6px;margin:0;filter:none\\9}#u li a:hover{background:#ebebeb}#u li.nl{border-top:1px solid #ebebeb}#user{display:inline-block}#user_center{position:relative;display:inline-block}#user_center .user_center_btn{margin-right:5px}.userMenu{width:64px;position:absolute;right:7px;_right:2px;top:15px;top:14px\\9;*top:15px;padding-top:4px;display:none;*background:#fff}#head{padding-left:35px;margin-bottom:20px;width:900px}.fm{clear:both;position:relative;z-index:297}.nv a,.nv b,.btn,#page,#more{font-size:14px}.s_nav{height:45px}.s_nav .s_logo{margin-right:20px;float:left}.s_nav .s_logo img{border:0;display:block}.s_tab{line-height:18px;padding:20px 0 0;float:left}.s_nav a{color:#00c;font-size:14px}.s_nav b{font-size:14px}.s_ipt_wr{width:536px;height:30px;display:inline-block;margin-right:5px;background-position:0 -96px;border:1px solid #b6b6b6;border-color:#7b7b7b #b6b6b6 #b6b6b6 #7b7b7b;vertical-align:top}.s_ipt{width:523px;height:22px;font:16px\/18px arial;line-height:22px\\9;margin:5px 0 0 7px;padding:0;background:#fff;border:0;outline:0;-webkit-appearance:none}.s_btn{width:95px;height:32px;padding-top:2px\\9;font-size:14px;padding:0;background-color:#ddd;background-position:0 -48px;border:0;cursor:pointer}.s_btn_h{background-position:-240px -48px}.s_btn_wr{width:97px;height:34px;display:inline-block;background-position:-120px -48px;*position:relative;z-index:0;vertical-align:top}.sethf{padding:0;margin:0;font-size:14px}.set_h{display:none;behavior:url(#default#homepage)}.set_f{display:none}.shouji{margin-left:19px}.shouji a{text-decoration:none}#head .bdsug{top:33px}#search form{position:relative}#search form .bdsug{bottom:33px}.bdsug{display:none;position:absolute;z-index:1;width:538px;background:#fff;border:1px solid #ccc;_overflow:hidden;box-shadow:1px 1px 3px #ededed;-webkit-box-shadow:1px 1px 3px #ededed;-moz-box-shadow:1px 1px 3px #ededed;-o-box-shadow:1px 1px 3px #ededed}.bdsug.bdsugbg ul{background:url(https:\/\/ss1.bdstatic.com\/5eN1bjq8AAUYm2zgoY3K\/r\/www\/cache\/static\/protocol\/https\/home\/img\/sugbg_1762fe7.png) 100% 100% no-repeat;background-size:100px 110px;background-image:url(https:\/\/ss1.bdstatic.com\/5eN1bjq8AAUYm2zgoY3K\/r\/www\/cache\/static\/protocol\/https\/home\/img\/sugbg_90fc9cf.gif)\\9}.bdsug li{width:522px;color:#000;font:14px arial;line-height:22px;padding:0 8px;position:relative;cursor:default}.bdsug li.bdsug-s{background:#f0f0f0}.bdsug-store span,.bdsug-store b{color:#7A77C8}.bdsug-store-del{font-size:12px;color:#666;text-decoration:underline;position:absolute;right:8px;top:0;cursor:pointer;display:none}.bdsug-s .bdsug-store-del{display:inline-block}.bdsug-ala{display:inline-block;border-bottom:1px solid #e6e6e6}.bdsug-ala h3{line-height:14px;background:url(\/\/www.baidu.com\/img\/sug_bd.png) no-repeat left center;margin:8px 0 5px;font-size:12px;font-weight:400;color:#7B7B7B;padding-left:20px}.bdsug-ala p{font-size:14px;font-weight:700;padding-left:20px}.bdsug .bdsug-direct{width:auto;padding:0;border-bottom:1px solid #f1f1f1}.bdsug .bdsug-direct p{color:#00c;font-weight:700;line-height:34px;padding:0 8px;cursor:pointer;white-space:nowrap;overflow:hidden}.bdsug .bdsug-direct p img{width:16px;height:16px;margin:7px 6px 9px 0;vertical-align:middle}.bdsug .bdsug-direct p span{margin-left:8px}.bdsug .bdsug-direct p i{font-size:12px;line-height:100%;font-style:normal;font-weight:400;color:#fff;background-color:#2b99ff;display:inline;text-align:center;padding:1px 5px;*padding:2px 5px 0;margin-left:8px;overflow:hidden}.bdsug .bdsug-pcDirect{color:#000;font-size:14px;line-height:30px;height:30px;background-color:#f8f8f8}.bdsug .bdsug-pc-direct-tip{position:absolute;right:15px;top:8px;width:55px;height:15px;display:block;background:url(https:\/\/ss1.bdstatic.com\/5eN1bjq8AAUYm2zgoY3K\/r\/www\/cache\/static\/protocol\/https\/global\/img\/pc_direct_42d6311.png) no-repeat 0 0}.bdsug li.bdsug-pcDirect-s{background-color:#f0f0f0}.bdsug .bdsug-pcDirect-is{color:#000;font-size:14px;line-height:22px;background-color:#f8f8f8}.bdsug .bdsug-pc-direct-tip-is{position:absolute;right:15px;top:3px;width:55px;height:15px;display:block;background:url(https:\/\/ss1.bdstatic.com\/5eN1bjq8AAUYm2zgoY3K\/r\/www\/cache\/static\/protocol\/https\/global\/img\/pc_direct_42d6311.png) no-repeat 0 0}.bdsug li.bdsug-pcDirect-is-s{background-color:#f0f0f0}.bdsug .bdsug-pcDirect-s .bdsug-pc-direct-tip,.bdsug .bdsug-pcDirect-is-s .bdsug-pc-direct-tip-is{background-position:0 -15px}.bdsug .bdsug-newicon{color:#929292;opacity:.7;font-size:12px;display:inline-block;line-height:22px;letter-spacing:2px}.bdsug .bdsug-s .bdsug-newicon{opacity:1}.bdsug .bdsug-newicon i{letter-spacing:0;font-style:normal}.toggle-underline{text-decoration:none}.toggle-underline:hover{text-decoration:underline}#tb_mr{color:#00c;cursor:pointer;position:relative;z-index:298}#tb_mr b{font-weight:400;text-decoration:underline}#tb_mr small{font-size:11px}#page{font:14px arial;white-space:nowrap;padding-left:35px}#page a,#page strong{display:inline-block;vertical-align:text-bottom;height:66px;text-align:center;line-height:34px;text-decoration:none;overflow:hidden;margin-right:9px;background:#fff}#page a{cursor:pointer}#page a:hover{background:0 0}#page .n:hover,#page a:hover .pc{background:#f2f8ff;border:1px solid #38f}#page .n{height:34px;padding:0 18px;border:1px solid #e1e2e3}#page span{display:block}#page .pc{width:34px;height:34px;border:1px solid #e1e2e3;cursor:pointer}#page .fk{width:24px;height:24px;margin-bottom:6px;margin-left:6px;cursor:pointer}#page strong .fk,#page strong .pc{cursor:auto}#page .fk .c-icon-bear-pn{top:-3px;position:relative}#page .fkd .c-icon-bear-pn{top:3px;position:relative}#page .fk_cur .c-icon-bear-p{top:-2px;position:relative}#page strong .pc{border:0;width:36px;height:36px;line-height:36px}#page .nums{display:inline-block;vertical-align:text-bottom;height:36px;line-height:36px;margin-left:10px}#rs{width:900px;background:#fff;padding:8px 0;margin:20px 0 0 15px}#rs td{width:5%}#rs th{font-size:14px;font-weight:400;line-height:19px;white-space:nowrap;text-align:left;vertical-align:top}#rs .tt{font-weight:700;padding:0 10px 0 20px}#rs_top{font-size:14px;margin-bottom:22px}#rs_top a{margin-right:18px}#container .rs{margin:30px 0 20px;padding:5px 0 15px;font-size:14px;width:540px;padding-left:121px;position:relative;background-color:#fafafa}#container .noback{background-color:#fff}#content_left .rs{margin-left:-121px}#container .rs table{width:540px}#container .rs td{width:5px}#container .rs th{font-size:14px;font-weight:400;white-space:nowrap;text-align:left;vertical-align:top;width:175px;line-height:22px}#container .rs .tt{font-weight:700;padding:0 10px 0 20px;padding:0;line-height:30px;font-size:16px}#container .rs a{margin:0;height:24px;width:173px;display:inline-block;line-height:25px;border:1px solid #ebebeb;text-align:center;vertical-align:middle;overflow:hidden;outline:0;color:#333;background-color:#fff;text-decoration:none}#container .rs a:hover{border-color:#388bff}.c-tip-con .c-tip-menu-b ul{width:100px}.c-tip-con .c-tip-menu-b ul{text-align:center}.c-tip-con .c-tip-menu-b li a{display:block;text-decoration:none;cursor:pointer;background-color:#fff;padding:3px 0;color:#666}.c-tip-con .c-tip-menu-b li a:hover{display:block;background-color:#ebebeb}#search{width:900px;padding:35px 0 16px 35px}#search .s_help{position:relative;top:10px}#foot{height:20px;line-height:20px;color:#77c;background:#e6e6e6;text-align:center}#foot span{color:#666}.site_tip{font-size:12px;margin-bottom:20px}.site_tip_icon{width:56px;height:56px;background:url(\/\/www.baidu.com\/aladdin\/img\/tools\/tools-3.png) -288px 0 no-repeat}.to_zhidao,.to_tieba,.to_zhidao_bottom{font-size:16px;line-height:24px;margin:20px 0 0 35px}.to_tieba .c-icon-tieba{float:left}.f{line-height:115%;*line-height:120%;font-size:100%;width:33.7em;word-break:break-all;word-wrap:break-word}.h{margin-left:8px;width:100%}.r{word-break:break-all;cursor:hand;width:238px}.t{font-weight:400;font-size:medium;margin-bottom:1px}.pl{padding-left:3px;height:8px;padding-right:2px;font-size:14px}.mo,a.mo:link,a.mo:visited{color:#666;font-size:100%;line-height:10px}.htb{margin-bottom:5px}.jc a{color:#c00}a font[size=\&quot;3\&quot;] font,font[size=\&quot;3\&quot;] a font{text-decoration:underline}div.blog,div.bbs{color:#707070;padding-top:2px;font-size:13px}.result{width:33.7em;table-layout:fixed}.result-op .f{word-wrap:normal}.nums{font-size:12px;color:#999}.tools{position:absolute;top:10px;white-space:nowrap}#mHolder{width:62px;position:relative;z-index:296;top:-18px;margin-left:9px;margin-right:-12px;display:none}#mCon{height:18px;position:absolute;top:3px;top:6px\\9;cursor:pointer;line-height:18px}.wrapper_l #mCon{right:7px}#mCon span{color:#00c;display:block}#mCon .hw{text-decoration:underline;cursor:pointer;display:inline-block}#mCon .pinyin{display:inline-block}#mCon .c-icon-chevron-unfold2{margin-left:5px}#mMenu{width:56px;border:1px solid #9b9b9b;position:absolute;right:7px;top:23px;display:none;background:#fff}#mMenu a{width:100%;height:100%;color:#00c;display:block;line-height:22px;text-indent:6px;text-decoration:none;filter:none\\9}#mMenu a:hover{background:#ebebeb}#mMenu .ln{height:1px;background:#ebebeb;overflow:hidden;font-size:1px;line-height:1px;margin-top:-1px}.op_LAMP{background:url(\/\/www.baidu.com\/cache\/global\/img\/aladdinIcon-1.0.gif) no-repeat 0 2px;color:#77C;display:inline-block;font-size:13px;height:12px;*height:14px;width:16px;text-decoration:none;zoom:1}.EC_mr15{margin-left:0}.pd15{padding-left:0}.map_1{width:30em;font-size:80%;line-height:145%}.map_2{width:25em;font-size:80%;line-height:145%}.favurl{background-repeat:no-repeat;background-position:0 1px;padding-left:20px}.dan_tip{font-size:12px;margin-top:4px}.dan_tip a{color:#b95b07}#more,#u ul,#mMenu,.msg_holder{box-shadow:1px 1px 2px #ccc;-moz-box-shadow:1px 1px 2px #ccc;-webkit-box-shadow:1px 1px 2px #ccc;filter:progid:DXImageTransform.Microsoft.Shadow(Strength=2, Direction=135, Color=#cccccc)\\9}.hit_top{line-height:18px;margin:0 15px 10px 0;width:516px}.hit_top .c-icon-bear{height:18px;margin-right:4px}#rs_top_new,.hit_top_new{width:538px;font-size:13px;line-height:1.54;word-wrap:break-word;word-break:break-all;margin:0 0 14px}.zhannei-si{margin:0 0 10px 121px}.zhannei-si-none{margin:10px 0 -10px 121px}.zhannei-search{margin:10px 0 0 121px;color:#999;font-size:14px}.f a font[size=\&quot;3\&quot;] font,.f font[size=\&quot;-1\&quot;] a font{text-decoration:underline}h3 a font{text-decoration:underline}.c-title{font-weight:400;font-size:16px}.c-title-size{font-size:16px}.c-abstract{font-size:13px}.c-abstract-size{font-size:13px}.c-showurl{color:green;font-size:13px}.c-showurl-color{color:green}.c-cache-color{color:#666}.c-lightblue{color:#77c}.c-highlight-color{color:#c00}.c-clearfix:after{content:\&quot;.\&quot;;display:block;height:0;clear:both;visibility:hidden}.c-clearfix{zoom:1}.c-wrap{word-break:break-all;word-wrap:break-word}.c-icons-outer{overflow:hidden;display:inline-block;vertical-align:bottom;*vertical-align:-1px;_vertical-align:bottom}.c-icons-inner{margin-left:-4px}.c-container table.result,.c-container table.result-op{width:100%}.c-container td.f{font-size:13px;line-height:1.54;width:auto}.c-container .vd_newest_main{width:auto}.c-customicon{display:inline-block;width:16px;height:16px;vertical-align:text-bottom;font-style:normal;overflow:hidden}.c-tip-icon i{display:inline-block;cursor:pointer}.c-tip-con{position:absolute;z-index:1;top:22px;left:-35px;background:#fff;border:1px solid #dcdcdc;border:1px solid rgba(0,0,0,.2);-webkit-transition:opacity .218s;transition:opacity .218s;-webkit-box-shadow:0 2px 4px rgba(0,0,0,.2);box-shadow:0 2px 4px rgba(0,0,0,.2);padding:5px 0;display:none;font-size:12px;line-height:20px}.c-tip-arrow{width:0;height:0;font-size:0;line-height:0;display:block;position:absolute;top:-16px}.c-tip-arrow-down{top:auto;bottom:0}.c-tip-arrow em,.c-tip-arrow ins{width:0;height:0;font-size:0;line-height:0;display:block;position:absolute;border:8px solid transparent;border-style:dashed dashed solid}.c-tip-arrow em{border-bottom-color:#d8d8d8}.c-tip-arrow ins{border-bottom-color:#fff;top:2px}.c-tip-arrow-down em,.c-tip-arrow-down ins{border-style:solid dashed dashed;border-color:transparent}.c-tip-arrow-down em{border-top-color:#d8d8d8}.c-tip-arrow-down ins{border-top-color:#fff;top:-2px}.c-tip-arrow .c-tip-arrow-r{border-bottom-color:#82c9fa;top:2px}.c-tip-arrow-down .c-tip-arrow-r{border-bottom-color:transparent;top:-2px}.c-tip-arrow .c-tip-arrow-c{border-bottom-color:#fecc47;top:2px}.c-tip-arrow-down .c-tip-arrow-c{border-bottom-color:transparent;top:-2px}.c-tip-con h3{font-size:12px}.c-tip-con .c-tip-title{margin:0 10px;display:inline-block;width:239px}.c-tip-con .c-tip-info{color:#666;margin:0 10px 1px;width:239px}.c-tip-con .c-tip-cer{width:370px;color:#666;margin:0 10px 1px}.c-tip-con .c-tip-title{width:auto;_width:354px}.c-tip-con .c-tip-item-i{padding:3px 0 3px 20px;line-height:14px}.c-tip-con .c-tip-item-i .c-tip-item-icon{margin-left:-20px}.c-tip-con .c-tip-menu ul{width:74px}.c-tip-con .c-tip-menu ul{text-align:center}.c-tip-con .c-tip-menu li a{display:block;text-decoration:none;cursor:pointer;background-color:#fff;padding:3px 0;color:#0000d0}.c-tip-con .c-tip-menu li a:hover{display:block;background-color:#ebebeb}.c-tip-con .c-tip-notice{width:239px;padding:0 10px}.c-tip-con .c-tip-notice .c-tip-notice-succ{color:#4cbd37}.c-tip-con .c-tip-notice .c-tip-notice-fail{color:#f13F40}.c-tip-con .c-tip-notice .c-tip-item-succ{color:#444}.c-tip-con .c-tip-notice .c-tip-item-fail{color:#aaa}.c-tip-con .c-tip-notice .c-tip-item-fail a{color:#aaa}.c-tip-close{right:10px;position:absolute;cursor:pointer}.ecard{height:86px;overflow:hidden}.c-tools{display:inline}.c-tools-share{width:239px;padding:0 10px}.c-fanyi{display:none;width:20px;height:20px;border:solid 1px #d1d1d1;cursor:pointer;position:absolute;margin-left:516px;text-align:center;color:#333;line-height:22px;opacity:.9;background-color:#fff}.c-fanyi:hover{background-color:#39f;color:#fff;border-color:#39f;opacity:1}.c-fanyi-title,.c-fanyi-abstract{display:none}.icp_info{color:#666;margin-top:2px;font-size:13px}.icon-gw,.icon-unsafe-icon{background:#2c99ff;vertical-align:text-bottom;*vertical-align:baseline;height:16px;padding-top:0;padding-bottom:0;padding-left:6px;padding-right:6px;line-height:16px;_padding-top:2px;_height:14px;_line-height:14px;font-size:12px;font-family:simsun;margin-left:10px;overflow:hidden;display:inline-block;-moz-border-radius:1px;-webkit-border-radius:1px;border-radius:1px;color:#fff}a.icon-gw{color:#fff;background:#2196ff;text-decoration:none;cursor:pointer}a.icon-gw:hover{background:#1e87ef}a.icon-gw:active{height:15px;_height:13px;line-height:15px;_line-height:13px;padding-left:5px;background:#1c80d9;border-left:1px solid #145997;border-top:1px solid #145997}.icon-unsafe-icon{background:#e54d4b}#con-at{margin-bottom:9px;padding-left:121px;border-bottom:1px #ebebeb solid}#con-at .result-op{font-size:13px;line-height:1.52em}.wrapper_l #con-at .result-op{width:1058px}.wrapper_s #con-at .result-op{width:869px}#con-ar{margin-bottom:40px}#con-ar .result-op{margin-bottom:28px;font-size:13px;line-height:1.52em}.result_hidden{position:absolute;top:-10000px;left:-10000px}#content_left .result-op,#content_left .result{margin-bottom:14px;border-collapse:collapse}#content_left .c-border .result-op,#content_left .c-border .result{margin-bottom:25px}#content_left .c-border .result-op:last-child,#content_left .c-border .result:last-child{margin-bottom:12px}#content_left .result .f,#content_left .result-op .f{padding:0}.subLink_factory{border-collapse:collapse}.subLink_factory td{padding:0}.subLink_factory td.middle,.subLink_factory td.last{color:#666}.subLink_factory td a{text-decoration:underline}.subLink_factory td.rightTd{text-align:right}.subLink_factory_right{width:100%}.subLink_factory_left td{padding-right:26px}.subLink_factory_left td.last{padding:0}.subLink_factory_left td.first{padding-right:75px}.subLink_factory_right td{width:90px}.subLink_factory_right td.first{width:auto}.general_image_pic a{background:#fff no-repeat center center;text-decoration:none;display:block;overflow:hidden;text-align:left}.res_top_banner{height:36px;text-align:left;border-bottom:1px solid #e3e3e3;background:#f7f7f7;font-size:13px;padding-left:8px;color:#333;position:relative;z-index:302}.res_top_banner span{_zoom:1}.res_top_banner .res_top_banner_icon{background-position:0 -216px;width:18px;height:18px;margin:9px 10px 0 0}.res_top_banner .res_top_banner_icon_baiduapp{background:url(https:\/\/ss1.bdstatic.com\/5eN1bjq8AAUYm2zgoY3K\/r\/www\/cache\/static\/protocol\/https\/global\/img\/baiduappLogo_de45621.png) no-repeat 0 0;width:24px;height:24px;margin:3px 10px 0 0;position:relative;top:3px}.res_top_banner .res_top_banner_icon_windows{background:url(https:\/\/ss1.bdstatic.com\/5eN1bjq8AAUYm2zgoY3K\/r\/www\/cache\/static\/protocol\/https\/global\/img\/winlogo_e925689.png) no-repeat 0 0;width:18px;height:18px;margin:9px 10px 0 0}.res_top_banner .res_top_banner_download{display:inline-block;width:65px;line-height:21px;_padding-top:1px;margin:0 0 0 10px;color:#333;background:#fbfbfb;border:1px solid #b4b6b8;text-align:center;text-decoration:none}.res_top_banner .res_top_banner_download:hover{border:1px solid #38f}.res_top_banner .res_top_banner_download:active{background:#f0f0f0;border:1px solid #b4b6b8}.res_top_banner .res_top_banner_close{background-position:-672px -144px;cursor:pointer;position:absolute;right:10px;top:10px}.res_top_banner_for_win{height:34px;text-align:left;border-bottom:1px solid #f0f0f0;background:#fdfdfd;font-size:13px;padding-left:12px;color:#333;position:relative;z-index:302}.res_top_banner_for_win span{_zoom:1;color:#666}.res_top_banner_for_win .res_top_banner_download{display:inline-block;width:auto;line-height:21px;_padding-top:1px;margin:0 0 0 16px;color:#333;text-align:left;text-decoration:underline}.res_top_banner_for_win .res_top_banner_icon_windows{background:url(https:\/\/ss1.bdstatic.com\/5eN1bjq8AAUYm2zgoY3K\/r\/www\/cache\/static\/protocol\/https\/global\/img\/winlogo_e925689.png) no-repeat 0 0;width:18px;height:18px;margin:8px 8px 0 0}.res_top_banner_for_win .res_top_banner_close{background-position:-672px -144px;cursor:pointer;position:absolute;right:10px;top:10px}.res-gap-right16{margin-right:16px}.res-border-top{border-top:1px solid #f3f3f3}.res-border-bottom{border-bottom:1px solid #f3f3f3}.res-queryext-pos{position:relative;top:1px;_top:0}.c-trust-ecard{height:86px;_height:97px;overflow:hidden}@-moz-document url-prefix(){.result,.f{width:538px}}body{min-width:1000px}#ftCon{display:none}#qrcode{display:none}#pad-version{display:none}#index_guide{display:none}#index_logo{display:none}#u1{display:none}.s_ipt_wr{height:32px}body{padding:0}.s_form:after,.s_tab:after{content:\&quot;.\&quot;;display:block;height:0;clear:both;visibility:hidden}.s_form{zoom:1;height:55px;padding:0 0 0 10px}#result_logo{float:left;margin:7px 0 0}#result_logo img{width:101px}#head{padding:0;margin:0;width:100%;position:absolute;z-index:301;min-width:1000px;background:#fff;border-bottom:1px solid #ebebeb;position:fixed;_position:absolute;-webkit-transform:translateZ(0)}#head .head_wrapper{_width:1000px}#head.s_down{box-shadow:0 0 5px #888}.fm{clear:none;float:left;margin:11px 0 0 10px}#s_tab{background:#f8f8f8;line-height:36px;height:38px;padding:55px 0 0 121px;float:none;zoom:1}#s_tab a,#s_tab b{width:54px;display:inline-block;text-decoration:none;text-align:center;color:#666;font-size:14px}#s_tab b{border-bottom:2px solid #38f;font-weight:700;color:#323232}#s_tab a:hover{color:#323232}#content_left{width:540px;padding-left:121px;padding-top:5px}#content_right{margin-top:45px}#content_bottom{width:540px;padding-left:121px}#page{padding:0 0 0 121px;margin:30px 0 40px}.to_tieba,.to_zhidao_bottom{margin:10px 0 0 121px;padding-top:5px}.nums{margin:0 0 0 121px;height:42px;line-height:42px}#rs{padding:0;margin:6px 0 0 121px;width:600px}#rs th{width:175px;line-height:22px}#rs .tt{padding:0;line-height:30px}#rs td{width:5px}#rs table{width:540px}#help{background:#f5f6f5;zoom:1;padding:0 0 0 50px;float:right}#help a{color:#777;padding:0 15px;text-decoration:none}#help a:hover{color:#333}#foot{background:#f5f6f5;border-top:1px solid #ebebeb;text-align:left;height:42px;line-height:42px;margin-top:40px;*margin-top:0}#foot .foot_c{float:left;padding:0 0 0 121px}.content_none{padding:45px 0 25px 121px}.nors p{font-size:18px;font-family:microsoft yahei;color:#000}.nors p em{color:#c00}.nors .tip_head{color:#666;font-size:13px;line-height:28px}.nors li{color:#333;line-height:28px;font-size:13px;font-family:&#039;\u5b8b\u4f53&#039;;padding-left:30px;list-style-position:inside;list-style-type:disc}#mCon{top:5px}.s_ipt_wr.bg,.s_btn_wr.bg,#su.bg{background-image:none}.s_ipt_wr.bg{background:0 0}.s_btn_wr{width:auto;height:auto;border-bottom:1px solid transparent;*border-bottom:0}.s_btn{width:100px;height:34px;color:#fff;letter-spacing:1px;background:#3385ff;border-bottom:1px solid #2d78f4;outline:medium;*border-bottom:0;-webkit-appearance:none;-webkit-border-radius:0}.s_btn.btnhover{background:#317ef3;border-bottom:1px solid #2868c8;*border-bottom:0;box-shadow:1px 1px 1px #ccc}.s_btn_h{background:#3075dc;box-shadow:inset 1px 1px 3px #2964bb;-webkit-box-shadow:inset 1px 1px 3px #2964bb;-moz-box-shadow:inset 1px 1px 3px #2964bb;-o-box-shadow:inset 1px 1px 3px #2964bb}#wrapper_wrapper .container_l .EC_ppim_top,#wrapper_wrapper .container_xl .EC_ppim_top{width:640px}#wrapper_wrapper .container_s .EC_ppim_top{width:570px}#head .c-icon-bear-round{display:none}.container_l #content_right{width:384px}.container_l{width:1212px}.container_xl #content_right{width:384px}.container_xl{width:1257px}.index_tab_top{display:none}.index_tab_bottom{display:none}#lg{display:none}#m{display:none}#ftCon{display:none}#ent_sug{position:absolute;margin:141px 0 0 130px;font-size:13px;color:#666}.foot_fixed_bottom{position:fixed;bottom:0;width:100%;_position:absolute;_bottom:auto}#head .headBlock{margin:-5px 0 6px 121px}#content_left .leftBlock{margin-bottom:14px;padding-bottom:5px;border-bottom:1px solid #f3f3f3}.hint_toprq_tips{position:relative;width:537px;height:19px;line-height:19px;overflow:hidden;display:none}.hint_toprq_tips span{color:#666}.hint_toprq_icon{margin:0 4px 0 0}.hint_toprq_tips_items{width:444px;_width:440px;max-height:38px;position:absolute;left:95px;top:1px}.hint_toprq_tips_items div{display:inline-block;float:left;height:19px;margin-right:18px;white-space:nowrap;word-break:keep-all}.translateContent{max-width:350px}.translateContent .translateTool{height:16px;margin:-3px 2px}.translateContent .action-translate,.translateContent .action-search{display:inline-block;width:20px;height:16px;background:url(https:\/\/ss1.bdstatic.com\/5eN1bjq8AAUYm2zgoY3K\/r\/www\/cache\/static\/protocol\/https\/global\/img\/translate_tool_icon_57087b6.gif) no-repeat}.translateContent .action-translate{background-position:0 0;border-right:1px solid #dcdcdc}.translateContent .action-translate:hover{background-position:0 -20px}.translateContent .action-search{background-position:-20px 0}.translateContent .action-search:hover{background-position:-20px -20px}.nums{width:538px}.search_tool{_padding-top:15px}.head_nums_cont_outer{height:40px;overflow:hidden;position:relative}.head_nums_cont_inner{position:relative}.search_tool_conter .c-gap-left{margin-left:23px}.search_tool_conter .c-icon-triangle-down{opacity:.6}.search_tool_conter .c-icon-triangle-down:hover{opacity:1}.search_tool,.search_tool_close{float:right}.search_tool,.search_tool_conter span{cursor:pointer;color:#666}.search_tool:hover,.search_tool_conter span:hover{color:#333}.search_tool_conter{font-size:12px;color:#666;margin:0 0 0 121px;height:42px;width:538px;line-height:42px;*height:auto;*line-height:normal;*padding:14px 0}.search_tool_conter span strong{color:#666}.c-tip-con .c-tip-langfilter ul{width:80px;text-align:left;color:#666}.c-tip-con .c-tip-langfilter li a{text-indent:15px;color:#666}.c-tip-con .c-tip-langfilter li span{text-indent:15px;padding:3px 0;color:#999;display:block}.c-tip-con .c-tip-timerfilter ul{width:115px;text-align:left;color:#666}.c-tip-con .c-tip-timerfilter-ft ul{width:180px}.c-tip-con .c-tip-timerfilter-si ul{width:206px;padding:7px 10px 10px}.c-tip-con .c-tip-timerfilter li a{text-indent:15px;color:#666}.c-tip-con .c-tip-timerfilter li span{text-indent:15px;padding:3px 0;color:#999;display:block}.c-tip-con .c-tip-timerfilter-ft li a,.c-tip-con .c-tip-timerfilter-ft li span{text-indent:20px}.c-tip-custom{padding:0 15px 10px;position:relative;zoom:1}.c-tip-custom hr{border:0;height:0;border-top:1px solid #ebebeb}.c-tip-custom p{color:#b6b6b6;height:25px;line-height:25px;margin:2px 0}.c-tip-custom .c-tip-custom-et{margin-bottom:7px}.c-tip-custom-input,.c-tip-si-input{display:inline-block;font-size:11px;color:#333;margin-left:4px;padding:0 2px;width:74%;height:16px;line-height:16px\\9;border:1px solid #ebebeb;outline:0;box-sizing:content-box;-webkit-box-sizing:content-box;-moz-box-sizing:content-box;overflow:hidden;position:relative}.c-tip-custom-input-init{color:#d4d4d4}.c-tip-custom-input-focus,.c-tip-si-input-focus{border:1px solid #3385ff}.c-tip-timerfilter-si .c-tip-si-input{width:138px;height:22px;line-height:22px;vertical-align:0;*vertical-align:-6px;_vertical-align:-5px;padding:0 5px;margin-left:0}.c-tip-con .c-tip-timerfilter li .c-tip-custom-submit,.c-tip-con .c-tip-timerfilter li .c-tip-timerfilter-si-submit{display:inline;padding:4px 10px;margin:0;color:#333;border:1px solid #d8d8d8;font-family:inherit;font-weight:400;text-align:center;vertical-align:0;background-color:#f9f9f9;outline:0}.c-tip-con .c-tip-timerfilter li .c-tip-custom-submit:hover,.c-tip-con .c-tip-timerfilter li .c-tip-timerfilter-si-submit:hover{display:inline;border-color:#388bff}.c-tip-timerfilter-si-error,.c-tip-timerfilter-custom-error{display:none;color:#3385FF;padding-left:4px}.c-tip-timerfilter-custom-error{padding:0;margin:-5px -13px 7px 0}#c-tip-custom-calenderCont{position:absolute;background:#fff;white-space:nowrap;padding:5px 10px;color:#000;border:1px solid #e4e4e4;-webkit-box-shadow:0 2px 4px rgba(0,0,0,.2);box-shadow:0 2px 4px rgba(0,0,0,.2)}#c-tip-custom-calenderCont p{text-align:center;padding:2px 0 4px;*padding:4px 0}#c-tip-custom-calenderCont p i{color:#8e9977;cursor:pointer;text-decoration:underline;font-size:13px}#c-tip-custom-calenderCont .op_cal{background:#fff}.op_cal table{background:#eeefea;margin:0;border-collapse:separate}.op_btn_pre_month,.op_btn_next_month{cursor:pointer;display:block;margin-top:6px}.op_btn_pre_month{float:left;background-position:0 -46px}.op_btn_next_month{float:right;background-position:-18px -46px}.op_cal .op_mon_pre1{padding:0}.op_mon th{text-align:center;font-size:12px;background:#FFF;font-weight:700;border:1px solid #FFF;padding:0}.op_mon td{text-align:center;cursor:pointer}.op_mon h5{margin:0;padding:0 4px;text-align:center;font-size:14px;background:#FFF;height:28px;line-height:28px;border-bottom:1px solid #f5f5f5;margin-bottom:5px}.op_mon strong{font-weight:700}.op_mon td{padding:0 5px;border:1px solid #fff;font-size:12px;background:#fff;height:100%}.op_mon td.op_mon_pre_month{color:#a4a4a4}.op_mon td.op_mon_cur_month{color:#00c}.op_mon td.op_mon_next_month{color:#a4a4a4}.op_mon td.op_mon_day_hover{color:#000;border:1px solid #278df2}.op_mon td.op_mon_day_selected{color:#FFF;border:1px solid #278df2;background:#278df2}.op_mon td.op_mon_day_disabled{cursor:not-allowed;color:#ddd}.zhannei-si-none,.zhannei-si,.hit_quet,.zhannei-search{display:none}#c-tip-custom-calenderCont .op_mon td.op_mon_cur_month{color:#000}#c-tip-custom-calenderCont .op_mon td.op_mon_day_selected{color:#fff}.c-icon-toen{width:24px;height:24px;line-height:24px;background-color:#1cb7fd;color:#fff;font-size:14px;font-weight:700;font-style:normal;display:block;display:inline-block;float:left;text-align:center}.hint_common_restop{width:538px;color:#999;font-size:12px;text-align:left;margin:5px 0 10px 121px}#con-at~#wrapper_wrapper .hint_common_restop{padding-top:7px}.sitelink{overflow:auto;zoom:1}.sitelink_summary{float:left;width:47%;padding-right:30px}.sitelink_summary a{font-size:1.1em;position:relative}.sitelink_summary_last{padding-right:0}.sitelink_en{overflow:auto;zoom:1}.sitelink_en_summary{float:left;width:47%;padding-right:30px}.sitelink_en_summary a{font-size:1.1em;position:relative}.sitelink_en_summary_last{padding-right:0}.sitelink_en_summary_title,.sitelink_en_summary .m{height:22px;overflow:hidden}.without-summary-sitelink-en-container{overflow:hidden;height:22px}.without-summary-sitelink-en{float:left}.without-summary-sitelink-en-delimiter{margin-right:5px;margin-left:5px}.c-frame{margin-bottom:18px}.c-offset{padding-left:10px}.c-gray{color:#666}.c-gap-top-small{margin-top:5px}.c-gap-top{margin-top:10px}.c-gap-bottom-small{margin-bottom:5px}.c-gap-bottom{margin-bottom:10px}.c-gap-left{margin-left:12px}.c-gap-left-small{margin-left:6px}.c-gap-right{margin-right:12px}.c-gap-right-small{margin-right:6px}.c-gap-right-large{margin-right:16px}.c-gap-left-large{margin-left:16px}.c-gap-icon-right-small{margin-right:5px}.c-gap-icon-right{margin-right:10px}.c-gap-icon-left-small{margin-left:5px}.c-gap-icon-left{margin-left:10px}.c-container{width:538px;font-size:13px;line-height:1.54;word-wrap:break-word;word-break:break-word}.c-container .c-container{width:auto}.c-container table{border-collapse:collapse;border-spacing:0}.c-container td{font-size:13px;line-height:1.54}.c-default{font-size:13px;line-height:1.54;word-wrap:break-word;word-break:break-all}.c-container .t,.c-default .t{line-height:1.54}.c-default .t{margin-bottom:0}.cr-content{width:259px;font-size:13px;line-height:1.54;color:#333;word-wrap:break-word;word-break:normal}.cr-content table{border-collapse:collapse;border-spacing:0}.cr-content td{font-size:13px;line-height:1.54;vertical-align:top}.cr-offset{padding-left:17px}.cr-title{font-size:14px;line-height:1.29;font-weight:700}.cr-title-sub{float:right;font-size:13px;font-weight:400}.c-row{*zoom:1}.c-row:after{display:block;height:0;content:\&quot;\&quot;;clear:both;visibility:hidden}.c-span2{width:29px}.c-span3{width:52px}.c-span4{width:75px}.c-span5{width:98px}.c-span6{width:121px}.c-span7{width:144px}.c-span8{width:167px}.c-span9{width:190px}.c-span10{width:213px}.c-span11{width:236px}.c-span12{width:259px}.c-span13{width:282px}.c-span14{width:305px}.c-span15{width:328px}.c-span16{width:351px}.c-span17{width:374px}.c-span18{width:397px}.c-span19{width:420px}.c-span20{width:443px}.c-span21{width:466px}.c-span22{width:489px}.c-span23{width:512px}.c-span24{width:535px}.c-span2,.c-span3,.c-span4,.c-span5,.c-span6,.c-span7,.c-span8,.c-span9,.c-span10,.c-span11,.c-span12,.c-span13,.c-span14,.c-span15,.c-span16,.c-span17,.c-span18,.c-span19,.c-span20,.c-span21,.c-span22,.c-span23,.c-span24{float:left;_display:inline;margin-right:17px;list-style:none}.c-span-last{margin-right:0}.c-span-last-s{margin-right:0}.container_l .cr-content{width:351px}.container_l .cr-content .c-span-last-s{margin-right:17px}.container_l .cr-content-narrow{width:259px}.container_l .cr-content-narrow .c-span-last-s{margin-right:0}.c-border{width:518px;padding:9px;border:1px solid #e3e3e3;border-bottom-color:#e0e0e0;border-right-color:#ececec;box-shadow:1px 2px 1px rgba(0,0,0,.072);-webkit-box-shadow:1px 2px 1px rgba(0,0,0,.072);-moz-box-shadow:1px 2px 1px rgba(0,0,0,.072);-o-box-shadow:1px 2px 1px rgba(0,0,0,.072)}.c-border .c-gap-left{margin-left:10px}.c-border .c-gap-left-small{margin-left:5px}.c-border .c-gap-right{margin-right:10px}.c-border .c-gap-right-small{margin-right:5px}.c-border .c-border{width:auto;padding:0;border:0;box-shadow:none;-webkit-box-shadow:none;-moz-box-shadow:none;-o-box-shadow:none}.c-border .c-span2{width:34px}.c-border .c-span3{width:56px}.c-border .c-span4{width:78px}.c-border .c-span5{width:100px}.c-border .c-span6{width:122px}.c-border .c-span7{width:144px}.c-border .c-span8{width:166px}.c-border .c-span9{width:188px}.c-border .c-span10{width:210px}.c-border .c-span11{width:232px}.c-border .c-span12{width:254px}.c-border .c-span13{width:276px}.c-border .c-span14{width:298px}.c-border .c-span15{width:320px}.c-border .c-span16{width:342px}.c-border .c-span17{width:364px}.c-border .c-span18{width:386px}.c-border .c-span19{width:408px}.c-border .c-span20{width:430px}.c-border .c-span21{width:452px}.c-border .c-span22{width:474px}.c-border .c-span23{width:496px}.c-border .c-span24{width:518px}.c-border .c-span2,.c-border .c-span3,.c-border .c-span4,.c-border .c-span5,.c-border .c-span6,.c-border .c-span7,.c-border .c-span8,.c-border .c-span9,.c-border .c-span10,.c-border .c-span11,.c-border .c-span12,.c-border .c-span13,.c-border .c-span14,.c-border .c-span15,.c-border .c-span16,.c-border .c-span17,.c-border .c-span18,.c-border .c-span19,.c-border .c-span20,.c-border .c-span21,.c-border .c-span22,.c-border .c-span23,.c-border .c-span24{margin-right:10px}.c-border .c-span-last{margin-right:0}.c-loading{display:block;width:50px;height:50px;background:url(\/\/www.baidu.com\/aladdin\/img\/tools\/loading.gif) no-repeat 0 0}.c-vline{display:inline-block;margin:0 3px;border-left:1px solid #ddd;width:0;height:12px;_vertical-align:middle;_overflow:hidden}.c-icon{background:url(https:\/\/ss1.bdstatic.com\/5eN1bjq8AAUYm2zgoY3K\/r\/www\/cache\/static\/protocol\/https\/global\/img\/icons_5859e57.png) no-repeat 0 0;_background-image:url(https:\/\/ss1.bdstatic.com\/5eN1bjq8AAUYm2zgoY3K\/r\/www\/cache\/static\/protocol\/https\/global\/img\/icons_d5b04cc.gif)}.c-icon{display:inline-block;width:14px;height:14px;vertical-align:text-bottom;font-style:normal;overflow:hidden}.c-icon-unfold,.c-icon-fold,.c-icon-chevron-unfold,.c-icon-chevron-fold{width:12px;height:12px}.c-icon-star,.c-icon-star-gray{width:60px}.c-icon-qa-empty,.c-icon-safeguard,.c-icon-register-empty,.c-icon-zan,.c-icon-music,.c-icon-music-gray,.c-icon-location,.c-icon-warning,.c-icon-doc,.c-icon-xls,.c-icon-ppt,.c-icon-pdf,.c-icon-txt,.c-icon-play-black,.c-icon-gift,.c-icon-baidu-share,.c-icon-bear,.c-icon-bear-border,.c-icon-location-blue,.c-icon-hotAirBall,.c-icon-moon,.c-icon-streetMap,.c-icon-mv,.c-icon-zhidao-s,.c-icon-shopping{width:16px;height:16px}.c-icon-bear-circle,.c-icon-warning-circle,.c-icon-warning-triangle,.c-icon-warning-circle-gray{width:18px;height:18px}.c-icon-tieba,.c-icon-zhidao,.c-icon-bear-p,.c-icon-bear-pn{width:24px;height:24px}.c-icon-ball-blue,.c-icon-ball-red{width:38px;height:38px}.c-icon-unfold:hover,.c-icon-fold:hover,.c-icon-chevron-unfold:hover,.c-icon-chevron-fold:hover,.c-icon-download:hover,.c-icon-lyric:hover,.c-icon-v:hover,.c-icon-hui:hover,.c-icon-bao:hover,.c-icon-person:hover,.c-icon-high-v:hover,.c-icon-phone:hover,.c-icon-nuo:hover,.c-icon-fan:hover,.c-icon-med:hover,.c-icon-air:hover,.c-icon-share2:hover,.c-icon-v1:hover,.c-icon-v2:hover,.c-icon-write:hover,.c-icon-R:hover{border-color:#388bff}.c-icon-unfold:active,.c-icon-fold:active,.c-icon-chevron-unfold:active,.c-icon-chevron-fold:active,.c-icon-download:active,.c-icon-lyric:active,.c-icon-v:active,.c-icon-hui:active,.c-icon-bao:active,.c-icon-person:active,.c-icon-high-v:active,.c-icon-phone:active,.c-icon-nuo:active,.c-icon-fan:active,.c-icon-med:active,.c-icon-air:active,.c-icon-share2:active,.c-icon-v1:active,.c-icon-v2:active,.c-icon-write:active,.c-icon-R:active{border-color:#a2a6ab;background-color:#f0f0f0;box-shadow:inset 1px 1px 1px #c7c7c7;-webkit-box-shadow:inset 1px 1px 1px #c7c7c7;-moz-box-shadow:inset 1px 1px 1px #c7c7c7;-o-box-shadow:inset 1px 1px 1px #c7c7c7}.c-icon-v3:hover{border-color:#ffb300}.c-icon-v3:active{border-color:#a2a6ab;background-color:#f0f0f0;box-shadow:inset 1px 1px 1px #c7c7c7;-webkit-box-shadow:inset 1px 1px 1px #c7c7c7;-moz-box-shadow:inset 1px 1px 1px #c7c7c7;-o-box-shadow:inset 1px 1px 1px #c7c7c7}.c-icon-unfold,.c-icon-fold,.c-icon-chevron-unfold,.c-icon-chevron-fold,.c-icon-download,.c-icon-lyric{border:1px solid #d8d8d8;cursor:pointer}.c-icon-v,.c-icon-hui,.c-icon-bao,.c-icon-person,.c-icon-high-v,.c-icon-phone,.c-icon-nuo,.c-icon-fan,.c-icon-med,.c-icon-air,.c-icon-share2,.c-icon-v1,.c-icon-v2,.c-icon-v3,.c-icon-write,.c-icon-R{border:1px solid #d8d8d8;cursor:pointer;border-color:transparent;_border-color:tomato;_filter:chroma(color=#ff6347)}.c-icon-v1,.c-icon-v2,.c-icon-v3,.c-icon-v1-noborder,.c-icon-v2-noborder,.c-icon-v3-noborder,.c-icon-v1-noborder-disable,.c-icon-v2-noborder-disable,.c-icon-v3-noborder-disable{width:19px}.c-icon-download,.c-icon-lyric{width:16px;height:16px}.c-icon-play-circle,.c-icon-stop-circle{width:18px;height:18px}.c-icon-play-circle-middle,.c-icon-stop-circle-middle{width:24px;height:24px}.c-icon-play-black-large,.c-icon-stop-black-large{width:36px;height:36px}.c-icon-play-black-larger,.c-icon-stop-black-larger{width:52px;height:52px}.c-icon-flag{background-position:0 -144px}.c-icon-bus{background-position:-24px -144px}.c-icon-calendar{background-position:-48px -144px}.c-icon-street{background-position:-72px -144px}.c-icon-map{background-position:-96px -144px}.c-icon-bag{background-position:-120px -144px}.c-icon-money{background-position:-144px -144px}.c-icon-game{background-position:-168px -144px}.c-icon-user{background-position:-192px -144px}.c-icon-globe{background-position:-216px -144px}.c-icon-lock{background-position:-240px -144px}.c-icon-plane{background-position:-264px -144px}.c-icon-list{background-position:-288px -144px}.c-icon-star-gray{background-position:-312px -144px}.c-icon-circle-gray{background-position:-384px -144px}.c-icon-triangle-down{background-position:-408px -144px}.c-icon-triangle-up{background-position:-432px -144px}.c-icon-triangle-up-empty{background-position:-456px -144px}.c-icon-sort-gray{background-position:-480px -144px}.c-icon-sort-up{background-position:-504px -144px}.c-icon-sort-down{background-position:-528px -144px}.c-icon-down-gray{background-position:-552px -144px}.c-icon-up-gray{background-position:-576px -144px}.c-icon-download-noborder{background-position:-600px -144px}.c-icon-lyric-noborder{background-position:-624px -144px}.c-icon-download-white{background-position:-648px -144px}.c-icon-close{background-position:-672px -144px}.c-icon-fail{background-position:-696px -144px}.c-icon-success{background-position:-720px -144px}.c-icon-triangle-down-g{background-position:-744px -144px}.c-icon-refresh{background-position:-768px -144px}.c-icon-chevron-left-gray{background-position:-816px -144px}.c-icon-chevron-right-gray{background-position:-840px -144px}.c-icon-setting{background-position:-864px -144px}.c-icon-close2{background-position:-888px -144px}.c-icon-chevron-top-gray-s{background-position:-912px -144px}.c-icon-fullscreen{background-position:0 -168px}.c-icon-safe{background-position:-24px -168px}.c-icon-exchange{background-position:-48px -168px}.c-icon-chevron-bottom{background-position:-72px -168px}.c-icon-chevron-top{background-position:-96px -168px}.c-icon-unfold{background-position:-120px -168px}.c-icon-fold{background-position:-144px -168px}.c-icon-chevron-unfold{background-position:-168px -168px}.c-icon-qa{background-position:-192px -168px}.c-icon-register{background-position:-216px -168px}.c-icon-star{background-position:-240px -168px}.c-icon-star-gray{position:relative}.c-icon-star-gray .c-icon-star{position:absolute;top:0;left:0}.c-icon-play-blue{background-position:-312px -168px}.c-icon-pic{width:16px;background-position:-336px -168px}.c-icon-chevron-fold{background-position:-360px -168px}.c-icon-video{width:18px;background-position:-384px -168px}.c-icon-circle-blue{background-position:-408px -168px}.c-icon-circle-yellow{background-position:-432px -168px}.c-icon-play-white{background-position:-456px -168px}.c-icon-triangle-down-blue{background-position:-480px -168px}.c-icon-chevron-unfold2{background-position:-504px -168px}.c-icon-right{background-position:-528px -168px}.c-icon-right-empty{background-position:-552px -168px}.c-icon-new-corner{width:15px;background-position:-576px -168px}.c-icon-horn{background-position:-600px -168px}.c-icon-right-large{width:18px;background-position:-624px -168px}.c-icon-wrong-large{background-position:-648px -168px}.c-icon-circle-blue-s{background-position:-672px -168px}.c-icon-play-gray{background-position:-696px -168px}.c-icon-up{background-position:-720px -168px}.c-icon-down{background-position:-744px -168px}.c-icon-stable{background-position:-768px -168px}.c-icon-calendar-blue{background-position:-792px -168px}.c-icon-triangle-down-blue2{background-position:-816px -168px}.c-icon-triangle-up-blue2{background-position:-840px -168px}.c-icon-down-blue{background-position:-864px -168px}.c-icon-up-blue{background-position:-888px -168px}.c-icon-ting{background-position:-912px -168px}.c-icon-piao{background-position:-936px -168px}.c-icon-wrong-empty{background-position:-960px -168px}.c-icon-warning-circle-s{background-position:-984px -168px}.c-icon-chevron-left{background-position:-1008px -168px}.c-icon-chevron-right{background-position:-1032px -168px}.c-icon-circle-gray-s{background-position:-1056px -168px}.c-icon-v,.c-icon-v-noborder{background-position:0 -192px}.c-icon-hui{background-position:-24px -192px}.c-icon-bao{background-position:-48px -192px}.c-icon-phone{background-position:-72px -192px}.c-icon-qa-empty{background-position:-96px -192px}.c-icon-safeguard{background-position:-120px -192px}.c-icon-register-empty{background-position:-144px -192px}.c-icon-zan{background-position:-168px -192px}.c-icon-music{background-position:-192px -192px}.c-icon-music-gray{background-position:-216px -192px}.c-icon-location{background-position:-240px -192px}.c-icon-warning{background-position:-264px -192px}.c-icon-doc{background-position:-288px -192px}.c-icon-xls{background-position:-312px -192px}.c-icon-ppt{background-position:-336px -192px}.c-icon-pdf{background-position:-360px -192px}.c-icon-txt{background-position:-384px -192px}.c-icon-play-black{background-position:-408px -192px}.c-icon-play-black:hover{background-position:-432px -192px}.c-icon-gift{background-position:-456px -192px}.c-icon-baidu-share{background-position:-480px -192px}.c-icon-bear{background-position:-504px -192px}.c-icon-R{background-position:-528px -192px}.c-icon-bear-border{background-position:-576px -192px}.c-icon-person,.c-icon-person-noborder{background-position:-600px -192px}.c-icon-location-blue{background-position:-624px -192px}.c-icon-hotAirBall{background-position:-648px -192px}.c-icon-moon{background-position:-672px -192px}.c-icon-streetMap{background-position:-696px -192px}.c-icon-high-v,.c-icon-high-v-noborder{background-position:-720px -192px}.c-icon-nuo{background-position:-744px -192px}.c-icon-mv{background-position:-768px -192px}.c-icon-fan{background-position:-792px -192px}.c-icon-med{background-position:-816px -192px}.c-icon-air{background-position:-840px -192px}.c-icon-share2{background-position:-864px -192px}.c-icon-v1,.c-icon-v1-noborder{background-position:-888px -192px}.c-icon-v2,.c-icon-v2-noborder{background-position:-912px -192px}.c-icon-v3,.c-icon-v3-noborder{background-position:-936px -192px}.c-icon-v1-noborder-disable{background-position:-960px -192px}.c-icon-v2-noborder-disable{background-position:-984px -192px}.c-icon-v3-noborder-disable{background-position:-1008px -192px}.c-icon-write{background-position:-1032px -192px}.c-icon-zhidao-s{background-position:-1056px -192px}.c-icon-shopping{background-position:-1080px -192px}.c-icon-bear-circle{background-position:0 -216px}.c-icon-warning-circle{background-position:-24px -216px}.c-icon-warning-triangle{width:24px;background-position:-48px -216px}.c-icon-warning-circle-gray{background-position:-72px -216px}.c-icon-ball-red{background-position:0 -240px}.c-icon-ball-blue{background-position:-48px -240px}.c-icon-tieba{background-position:0 -288px}.c-icon-zhidao{background-position:-48px -288px}.c-icon-bear-p{background-position:-96px -288px}.c-icon-bear-pn{background-position:-144px -288px}.c-icon-download{background-position:0 -336px}.c-icon-lyric{background-position:-24px -336px}.c-icon-play-circle{background-position:-48px -336px}.c-icon-play-circle:hover{background-position:-72px -336px}.c-icon-stop-circle{background-position:-96px -336px}.c-icon-stop-circle:hover{background-position:-120px -336px}.c-icon-play-circle-middle{background-position:0 -360px}.c-icon-play-circle-middle:hover{background-position:-48px -360px}.c-icon-stop-circle-middle{background-position:-96px -360px}.c-icon-stop-circle-middle:hover{background-position:-144px -360px}.c-icon-play-black-large{background-position:0 -408px}.c-icon-play-black-large:hover{background-position:-48px -408px}.c-icon-stop-black-large{background-position:-96px -408px}.c-icon-stop-black-large:hover{background-position:-144px -408px}.c-icon-play-black-larger{background-position:0 -456px}.c-icon-play-black-larger:hover{background-position:-72px -456px}.c-icon-stop-black-larger{background-position:-144px -456px}.c-icon-stop-black-larger:hover{background-position:-216px -456px}.c-recommend{font-size:0;padding:5px 0;border:1px solid #f3f3f3;border-left:0;border-right:0}.c-recommend .c-icon{margin-bottom:-4px}.c-recommend .c-gray,.c-recommend a{font-size:13px}.c-recommend-notopline{padding-top:0;border-top:0}.c-recommend-vline{display:inline-block;margin:0 10px -2px;border-left:1px solid #d8d8d8;width:0;height:12px;_vertical-align:middle;_overflow:hidden}.c-text{display:inline-block;padding:2px;text-align:center;vertical-align:text-bottom;font-size:12px;line-height:100%;font-style:normal;font-weight:400;color:#fff;overflow:hidden}a.c-text{text-decoration:none}.c-text-new{background-color:#f13f40}.c-text-info{padding-left:0;padding-right:0;font-weight:700;color:#2b99ff;*vertical-align:baseline;_position:relative;_top:2px}.c-text-info b{_position:relative;_top:-1px}.c-text-info span{padding:0 2px;font-weight:400}.c-text-important{background-color:#1cb7fd}.c-text-public{background-color:#2b99ff}.c-text-warning{background-color:#ff830f}.c-text-prompt{background-color:#f5c537}.c-text-danger{background-color:#f13f40}.c-text-safe{background-color:#52c277}.c-text-empty{padding-top:1px;padding-bottom:1px;border:1px solid #d8d8d8;cursor:pointer;color:#23b9fd;background-color:#fff}.c-text-empty:hover{border-color:#388bff}.c-text-empty:active{border-color:#a2a6ab;background-color:#f0f0f0;box-shadow:inset 1px 1px 1px #c7c7c7;-webkit-box-shadow:inset 1px 1px 1px #c7c7c7;-moz-box-shadow:inset 1px 1px 1px #c7c7c7;-o-box-shadow:inset 1px 1px 1px #c7c7c7}.c-text-mult{padding-left:5px;padding-right:5px}.c-text-gray{background-color:#666}.c-btn,.c-btn:visited{color:#333!important}.c-btn{display:inline-block;padding:0 14px;margin:0;height:24px;line-height:25px;font-size:13px;filter:chroma(color=#000000);*zoom:1;border:1px solid #d8d8d8;cursor:pointer;font-family:inherit;font-weight:400;text-align:center;vertical-align:middle;background-color:#f9f9f9;overflow:hidden;outline:0}.c-btn:hover{border-color:#388bff}.c-btn:active{border-color:#a2a6ab;background-color:#f0f0f0;box-shadow:inset 1px 1px 1px #c7c7c7;-webkit-box-shadow:inset 1px 1px 1px #c7c7c7;-moz-box-shadow:inset 1px 1px 1px #c7c7c7;-o-box-shadow:inset 1px 1px 1px #c7c7c7}a.c-btn{text-decoration:none}button.c-btn{height:26px;_line-height:18px;*overflow:visible}button.c-btn::-moz-focus-inner{padding:0;border:0}.c-btn .c-icon{margin-top:5px}.c-btn-disable{color:#999!important}.c-btn-disable:visited{color:#999!important}.c-btn-disable:hover{border:1px solid #d8d8d8;cursor:default}.c-btn-disable:active{border-color:#d8d8d8;background-color:#f9f9f9;box-shadow:none;-webkit-box-shadow:none;-moz-box-shadow:none;-o-box-shadow:none}.c-btn-mini{padding-left:5px;padding-right:5px;height:18px;line-height:18px;font-size:12px}button.c-btn-mini{height:20px;_height:18px;_line-height:14px}.c-btn-mini .c-icon{margin-top:2px}.c-btn-large{height:28px;line-height:28px;font-size:14px;font-family:\&quot;\u5fae\u8f6f\u96c5\u9ed1\&quot;,\&quot;\u9ed1\u4f53\&quot;}button.c-btn-large{height:30px;_line-height:24px}.c-btn-large .c-icon{margin-top:7px;_margin-top:6px}.c-btn-primary,.c-btn-primary:visited{color:#fff!important}.c-btn-primary{background-color:#388bff;border-color:#3c8dff #408ffe #3680e6}.c-btn-primary:hover{border-color:#2678ec #2575e7 #1c6fe2 #2677e7;background-color:#388bff;background-image:url(data:image\/png;base64,iVBORw0KGgoAAAANSUhEUgAAAAEAAAACCAMAAACuX0YVAAAABlBMVEVnpv85i\/9PO5r4AAAAD0lEQVR42gEEAPv\/AAAAAQAFAAIros7PAAAAAElFTkSuQmCC);*background-image:none;background-repeat:repeat-x;box-shadow:1px 1px 1px rgba(0,0,0,.4);-webkit-box-shadow:1px 1px 1px rgba(0,0,0,.4);-moz-box-shadow:1px 1px 1px rgba(0,0,0,.4);-o-box-shadow:1px 1px 1px rgba(0,0,0,.4)}.c-btn-primary:active{border-color:#178ee3 #1784d0 #177bbf #1780ca;background-color:#388bff;background-image:none;box-shadow:inset 1px 1px 1px rgba(0,0,0,.15);-webkit-box-shadow:inset 1px 1px 1px rgba(0,0,0,.15);-moz-box-shadow:inset 1px 1px 1px rgba(0,0,0,.15);-o-box-shadow:inset 1px 1px 1px rgba(0,0,0,.15)}.c-btn .c-icon{float:left}.c-dropdown2{position:relative;display:inline-block;width:100%;height:26px;line-height:26px;font-size:13px;vertical-align:middle;outline:0;_font-family:SimSun;background-color:#fff;word-wrap:normal;word-break:normal}.c-dropdown2 .c-dropdown2-btn-group{position:relative;height:24px;border:1px solid #999;border-bottom-color:#d8d8d8;border-right-color:#d8d8d8;-moz-user-select:none;-webkit-user-select:none;user-select:none}.c-dropdown2:hover .c-dropdown2-btn-group,.c-dropdown2-hover .c-dropdown2-btn-group{box-shadow:inset 1px 1px 0 0 #d8d8d8;-webkit-box-shadow:inset 1px 1px 0 0 #d8d8d8;-moz-box-shadow:inset 1px 1px 0 0 #d8d8d8;-o-box-shadow:inset 1px 1px 0 0 #d8d8d8}.c-dropdown2:hover .c-dropdown2-btn-icon,.c-dropdown2-hover .c-dropdown2-btn-icon{box-shadow:inset 0 1px 0 0 #d8d8d8;-webkit-box-shadow:inset 0 1px 0 0 #d8d8d8;-moz-box-shadow:inset 0 1px 0 0 #d8d8d8;-o-box-shadow:inset 0 1px 0 0 #d8d8d8}.c-dropdown2:hover .c-dropdown2-btn-icon-border,.c-dropdown2-hover .c-dropdown2-btn-icon-border{background-color:#f2f2f2}.c-dropdown2 .c-dropdown2-btn{height:24px;padding-left:10px;padding-right:10px;cursor:default;overflow:hidden;white-space:nowrap}.c-dropdown2 .c-dropdown2-btn-icon{position:absolute;top:0;right:0;width:23px;height:24px;line-height:24px;background-color:#fff;padding:0 1px 0 10px}.c-dropdown2 .c-dropdown2-btn-icon-border{height:24px;width:23px;border-left:1px solid #d9d9d9;text-align:center;zoom:1}.c-dropdown2 .c-icon-triangle-down{*margin-top:5px;_margin-left:2px}.c-dropdown2 .c-dropdown2-menu{position:absolute;left:0;top:100%;_margin-top:0;width:100%;overflow:hidden;border:1px solid #bbb;background:#fff;visibility:hidden}.c-dropdown2 .c-dropdown2-menu-inner{overflow:hidden}.c-dropdown2 .c-dropdown2-option{background-color:#fff;cursor:pointer}.c-dropdown2 .c-dropdown2-selected{background-color:#f5f5f5}.c-dropdown2-common ul,.c-dropdown2-common li{margin:0;padding:0;list-style:none}.c-dropdown2-common .c-dropdown2-option{height:26px;line-height:26px;font-size:12px;color:#333;white-space:nowrap;cursor:pointer;padding-left:10px}.c-dropdown2-common .c-dropdown2-selected{background-color:#f5f5f5}.c-dropdown2-common .c-dropdown2-menu-group .c-dropdown2-group{padding-left:10px;font-weight:700;cursor:default}.c-dropdown2-common .c-dropdown2-menu-group .c-dropdown2-option{padding-left:20px}.c-img{display:block;min-height:1px;border:0 0}.c-img3{width:52px}.c-img4{width:75px}.c-img6{width:121px}.c-img7{width:144px}.c-img12{width:259px}.c-img15{width:328px}.c-img18{width:397px}.c-border .c-img3{width:56px}.c-border .c-img4{width:78px}.c-border .c-img7{width:144px}.c-border .c-img12{width:254px}.c-border .c-img15{width:320px}.c-border .c-img18{width:386px}.c-index{display:inline-block;padding:1px 0;color:#fff;width:14px;line-height:100%;font-size:12px;text-align:center;background-color:#8eb9f5}.c-index-hot,.c-index-hot1{background-color:#f54545}.c-index-hot2{background-color:#ff8547}.c-index-hot3{background-color:#ffac38}.c-input{display:inline-block;padding:0 4px;height:24px;line-height:24px\\9;font-size:13px;border:1px solid #999;border-bottom-color:#d8d8d8;border-right-color:#d8d8d8;outline:0;box-sizing:content-box;-webkit-box-sizing:content-box;-moz-box-sizing:content-box;vertical-align:top;overflow:hidden}.c-input:hover{box-shadow:inset 1px 1px 1px 0 #d8d8d8;-webkit-box-shadow:inset 1px 1px 1px 0 #d8d8d8;-moz-box-shadow:inset 1px 1px 1px 0 #d8d8d8;-o-box-shadow:inset 1px 1px 1px 0 #d8d8d8}.c-input .c-icon{float:right;margin-top:6px}.c-input .c-icon-left{float:left;margin-right:4px}.c-input input{float:left;height:22px;*padding-top:4px;margin-top:2px;font-size:13px;border:0;outline:0}.c-input{width:180px}.c-input input{width:162px}.c-input-xmini{width:65px}.c-input-xmini input{width:47px}.c-input-mini{width:88px}.c-input-mini input{width:70px}.c-input-small{width:157px}.c-input-small input{width:139px}.c-input-large{width:203px}.c-input-large input{width:185px}.c-input-xlarge{width:341px}.c-input-xlarge input{width:323px}.c-input12{width:249px}.c-input12 input{width:231px}.c-input20{width:433px}.c-input20 input{width:415px}.c-border .c-input{width:178px}.c-border .c-input input{width:160px}.c-border .c-input-xmini{width:68px}.c-border .c-input-xmini input{width:50px}.c-border .c-input-mini{width:90px}.c-border .c-input-mini input{width:72px}.c-border .c-input-small{width:156px}.c-border .c-input-small input{width:138px}.c-border .c-input-large{width:200px}.c-border .c-input-large input{width:182px}.c-border .c-input-xlarge{width:332px}.c-border .c-input-xlarge input{width:314px}.c-border .c-input12{width:244px}.c-border .c-input12 input{width:226px}.c-border .c-input20{width:420px}.c-border .c-input20 input{width:402px}.c-numberset{*zoom:1}.c-numberset:after{display:block;height:0;content:\&quot;\&quot;;clear:both;visibility:hidden}.c-numberset li{float:left;margin-right:17px;list-style:none}.c-numberset .c-numberset-last{margin-right:0}.c-numberset a{display:block;width:50px;text-decoration:none;text-align:center;border:1px solid #d8d8d8;cursor:pointer}.c-numberset a:hover{border-color:#388bff}.c-border .c-numberset li{margin-right:10px}.c-border .c-numberset .c-numberset-last{margin-right:0}.c-border .c-numberset a{width:54px}.c-table{width:100%;border-collapse:collapse;border-spacing:0}.c-table th,.c-table td{padding-left:10px;line-height:1.54;font-size:13px;border-bottom:1px solid #f3f3f3;text-align:left}.cr-content .c-table th:first-child,.cr-content .c-table td:first-child{padding-left:0}.c-table th{padding-top:4px;padding-bottom:4px;font-weight:400;color:#666;border-color:#f0f0f0;white-space:nowrap;background-color:#fafafa}.c-table td{padding-top:6.5px;padding-bottom:6.5px}.c-table-hasimg td{padding-top:10px;padding-bottom:10px}.c-table a,.c-table em{text-decoration:none}.c-table a:hover,.c-table a:hover em{text-decoration:underline}.c-table a.c-icon:hover{text-decoration:none}.c-table .c-btn:hover,.c-table .c-btn:hover em{text-decoration:none}.c-table-nohihead th{background-color:transparent}.c-table-noborder td{border-bottom:0}.c-tabs-nav-movetop{margin:-10px -9px 0 -10px;position:relative}.c-tabs-nav{border-bottom:1px solid #d9d9d9;background-color:#fafafa;line-height:1.54;font-size:0;*zoom:1;_overflow-x:hidden;_position:relative}.c-tabs-nav:after{display:block;height:0;content:\&quot;\&quot;;clear:both;visibility:hidden}.c-tabs-nav .c-tabs-nav-btn{float:right;_position:absolute;_top:0;_right:0;_z-index:1;background:#fafafa}.c-tabs-nav .c-tabs-nav-btn .c-tabs-nav-btn-prev,.c-tabs-nav .c-tabs-nav-btn .c-tabs-nav-btn-next{float:left;padding:6px 2px;cursor:pointer}.c-tabs-nav .c-tabs-nav-btn .c-tabs-nav-btn-disable{cursor:default}.c-tabs-nav .c-tabs-nav-view{_position:relative;overflow:hidden;*zoom:1;margin-bottom:-1px}.c-tabs-nav .c-tabs-nav-view .c-tabs-nav-li{margin-bottom:0}.c-tabs-nav .c-tabs-nav-more{float:left;white-space:nowrap}.c-tabs-nav li,.c-tabs-nav a{color:#666;font-size:13px;*zoom:1}.c-tabs-nav li{display:inline-block;margin-bottom:-1px;*display:inline;padding:3px 15px;vertical-align:bottom;border-style:solid;border-width:2px 1px 0;border-color:transparent;_border-color:tomato;_filter:chroma(color=#ff6347);list-style:none;cursor:pointer;white-space:nowrap;overflow:hidden}.c-tabs-nav a{text-decoration:none}.c-tabs-nav .c-tabs-nav-sep{height:16px;width:0;padding:0;margin-bottom:4px;border-style:solid;border-width:0 1px;border-color:transparent #fff transparent #dedede}.c-tabs-nav .c-tabs-nav-selected{_position:relative;border-color:#2c99ff #e4e4e4 #fff #dedede;background-color:#fff;color:#000;cursor:default}.c-tabs-nav-one .c-tabs-nav-selected{border-color:transparent;_border-color:tomato;_filter:chroma(color=#ff6347);background-color:transparent;color:#666}.c-tabs .c-tabs .c-tabs-nav{padding:10px 0 5px;border:0 0;background-color:#fff}.c-tabs .c-tabs .c-tabs-nav li,.c-tabs .c-tabs .c-tabs-nav a{color:#00c}.c-tabs .c-tabs .c-tabs-nav li{padding:0 5px;position:static;margin:0 10px;border:0 0;cursor:pointer;white-space:nowrap}.c-tabs .c-tabs .c-tabs-nav .c-tabs-nav-sep{height:11px;width:0;padding:0;margin:0 0 4px;border:0 0;border-left:1px solid #d8d8d8}.c-tabs .c-tabs .c-tabs-nav .c-tabs-nav-selected{background-color:#2c99ff;color:#fff;cursor:default}.c-tag{padding-top:3px;margin-bottom:3px;height:1.7em;font-size:13px;line-height:1.4em;transition:height .3s ease-in;-webkit-transition:height .3s ease-in;-moz-transition:height .3s ease-in;-ms-transition:height .3s ease-in;-o-transition:height .3s ease-in;*zoom:1;overflow:hidden}.c-tag:after{display:block;height:0;content:\&quot;\&quot;;clear:both;visibility:hidden}.c-tag-cont{overflow:hidden;*zoom:1}.c-tag-type,.c-tag-li,.c-tag-more,.c-tag-cont span{margin:2px 0}.c-tag-type,.c-tag-li,.c-tag-cont span{float:left}.c-tag-type,.c-tag-more{color:#666}.c-tag-li,.c-tag-cont span{padding:0 4px;display:inline-block;margin-right:12px;white-space:nowrap;cursor:pointer;color:#00c}.c-tag .c-tag-selected{background:#388bff;color:#fff}.c-tag-more{float:right;background:#fff;cursor:pointer;*height:18px}.c-tool{display:inline-block;width:56px;height:56px;background:url(\/\/www.baidu.com\/aladdin\/img\/tools\/tools-5.png) no-repeat}.c-tool-region{background-position:0 0}.c-tool-calendar{background-position:-72px 0}.c-tool-city{background-position:-144px 0}.c-tool-phone-pos{background-position:-216px 0}.c-tool-other{background-position:-288px 0}.c-tool-midnight{background-position:-360px 0}.c-tool-kefu{width:121px;background-position:-432px 0}.c-tool-phone{background-position:-576px 0}.c-tool-car{background-position:-648px 0}.c-tool-station{background-position:0 -72px}.c-tool-cheat{background-position:-72px -72px}.c-tool-counter{background-position:-144px -72px}.c-tool-time{background-position:-216px -72px}.c-tool-zip{background-position:-288px -72px}.c-tool-warning{background-position:-360px -72px}.c-tool-ip{background-position:0 -144px}.c-tool-unit{background-position:-72px -144px}.c-tool-rate{background-position:-144px -144px}.c-tool-conversion{background-position:-288px -144px}.c-tool-ads{background-position:-360px -144px}.soutu-input{padding-left:55px!important}.soutu-input-image{position:absolute;left:1px;top:1px;height:28px;width:49px;z-index:1;padding:0;background:#e6e6e6;border:1px solid #e6e6e6}.soutu-input-thumb{height:28px;width:28px;min-width:1px}.soutu-input-close{position:absolute;right:0;top:0;cursor:pointer;display:block;width:22px;height:28px}.soutu-input-close::after{content:\&quot; \&quot;;position:absolute;right:3px;top:50%;cursor:pointer;margin-top:-7px;display:block;width:14px;height:14px;background:url(https:\/\/ss1.bdstatic.com\/5eN1bjq8AAUYm2zgoY3K\/r\/www\/cache\/static\/protocol\/https\/soutu\/img\/soutu_icons_new_8abaf8a.png) no-repeat -163px 0}.soutu-input-image:hover .soutu-input-close::after{background-position:-215px 2px}.fb-hint{margin-top:5px;transition-duration:.9s;opacity:0;display:none;color:red}.fb-img{display:none}.fb-hint-tip{height:44px;line-height:24px;background-color:#38f;color:#fff;box-sizing:border-box;width:269px;font-size:16px;padding:10px;padding-left:14px;position:absolute;top:-65px;right:-15px;border-radius:3px;z-index:299}.fb-hint-tip::before{content:\&quot;\&quot;;width:0;height:0;display:block;position:absolute;border-left:8px solid transparent;border-right:8px solid transparent;border-top:8px solid #38f;bottom:-8px;right:25px}.fb-mask,.fb-mask-light{position:absolute;top:0;left:0;bottom:0;right:0;z-index:296;background-color:#000;filter:alpha(opacity=60);background-color:rgba(0,0,0,.6)}.fb-mask-light{background-color:#fff;filter:alpha(opacity=0);background-color:rgba(255,255,255,0)}.fb-success .fb-success-text{text-align:center;color:#333;font-size:13px;margin-bottom:14px}.fb-success-text.fb-success-text-title{color:#3b6;font-size:16px;margin-bottom:16px}.fb-success-text-title i{width:16px;height:16px;margin-right:5px}.fb-list-container{box-sizing:border-box;padding:4px 8px;position:absolute;top:0;left:0;bottom:0;right:0;z-index:298;display:block;width:100%;cursor:pointer;margin-top:-5px;margin-left:-5px}.fb-list-container-hover{background-color:#fff;border:2px #38f solid}.fb-list-container-first{box-sizing:border-box;padding-left:10px;padding-top:5px;position:absolute;top:0;left:0;bottom:0;right:0;z-index:297;display:block;width:100%;cursor:pointer;margin-top:-5px;margin-left:-5px;border:3px #f5f5f5 dashed;border-radius:3px}.fb-des-content{font-size:13px!important;color:#000}.fb-des-content::-webkit-input-placeholder{font-size:13px!important;color:#9a9a9a}.fb-des-content:-moz-placeholder{font-size:13px!important;color:#9a9a9a}.fb-des-content::-moz-placeholder{font-size:13px!important;color:#9a9a9a}.fb-des-content:-ms-input-placeholder{font-size:13px!important;color:#9a9a9a}.fb-btn,.fb-btn:visited{color:#333!important}.fb-select{position:relative;background-color:#fff;border:1px solid #ccc}.fb-select i{position:absolute;right:2px;top:7px}.fb-type{width:350px;box-sizing:border-box;height:28px;font-size:13px;line-height:28px;border:0;word-break:normal;word-wrap:normal;position:relative;appearance:none;-moz-appearance:none;-webkit-appearance:none;display:inline-block;vertical-align:middle;line-height:normal;color:#333;background-color:transparent;border-radius:0;overflow:hidden;outline:0;padding-left:5px}.fb-type::-ms-expand{display:none}.fb-btn{display:inline-block;padding:0 14px;margin:0;height:24px;line-height:25px;font-size:13px;filter:chroma(color=#000000);*zoom:1;border:1px solid #d8d8d8;cursor:pointer;font-family:inherit;font-weight:400;text-align:center;vertical-align:middle;background-color:#f9f9f9;overflow:hidden;outline:0}.fb-btn:hover{border-color:#388bff}.fb-btn:active{border-color:#a2a6ab;background-color:#f0f0f0;box-shadow:inset 1px 1px 1px #c7c7c7;-webkit-box-shadow:inset 1px 1px 1px #c7c7c7;-moz-box-shadow:inset 1px 1px 1px #c7c7c7;-o-box-shadow:inset 1px 1px 1px #c7c7c7}a.fb-btn{text-decoration:none}button.fb-btn{height:26px;_line-height:18px;*overflow:visible}button.fb-btn::-moz-focus-inner{padding:0;border:0}.fb-btn .c-icon{margin-top:5px}.fb-btn-primary,.fb-btn-primary:visited{color:#fff!important}.fb-btn-primary{background-color:#388bff;_width:82px;border-color:#3c8dff #408ffe #3680e6}.fb-btn-primary:hover{border-color:#2678ec #2575e7 #1c6fe2 #2677e7;background-color:#388bff;background-image:url(data:image\/png;base64,iVBORw0KGgoAAAANSUhEUgAAAAEAAAACCAMAAACuX0YVAAAABlBMVEVnpv85i\/9PO5r4AAAAD0lEQVR42gEEAPv\/AAAAAQAFAAIros7PAAAAAElFTkSuQmCC);background-repeat:repeat-x;box-shadow:1px 1px 1px rgba(0,0,0,.4);-webkit-box-shadow:1px 1px 1px rgba(0,0,0,.4);-moz-box-shadow:1px 1px 1px rgba(0,0,0,.4);-o-box-shadow:1px 1px 1px rgba(0,0,0,.4)}.fb-btn-primary:active{border-color:#178ee3 #1784d0 #177bbf #1780ca;background-color:#388bff;background-image:none;box-shadow:inset 1px 1px 1px rgba(0,0,0,.15);-webkit-box-shadow:inset 1px 1px 1px rgba(0,0,0,.15);-moz-box-shadow:inset 1px 1px 1px rgba(0,0,0,.15);-o-box-shadow:inset 1px 1px 1px rgba(0,0,0,.15)}.fb-feedback-right-dialog{position:fixed;z-index:299;bottom:0;right:0}.fb-feedback-list-dialog,.fb-feedback-list-dialog-left{position:absolute;z-index:299}.fb-feedback-list-dialog:before{content:\&quot;\&quot;;width:0;height:0;display:block;position:absolute;top:15px;left:-6px;border-top:8px solid transparent;border-bottom:8px solid transparent;border-right:8px solid #fff}.fb-feedback-list-dialog-left:before{content:\&quot;\&quot;;width:0;height:0;display:block;position:absolute;top:15px;right:-6px;border-top:8px solid transparent;border-bottom:8px solid transparent;border-left:8px solid #fff}.fb-header{padding-left:20px;padding-right:20px;margin-top:14px;text-align:left;-moz-user-select:none}.fb-header .fb-close{opacity:.2;filter:alpha(opacity=20)}.fb-close{text-decoration:none;margin-top:2px;float:right;font-size:20px;font-weight:700;line-height:18px;color:#666;text-shadow:0 1px 0 #fff}.fb-header a.fb-close:hover{text-decoration:none}.fb-header-tips{font-size:16px;margin:0;color:#333;text-rendering:optimizelegibility}.fb-body{margin-bottom:0;padding:20px;padding-top:10px;overflow:hidden;text-align:left}.fb-modal,.fb-success{background-color:#fff;cursor:default;top:100%;left:100%;width:390px;overflow:hidden;border:1px solid #999;*border:1px solid #ddd;font-size:13px;line-height:1.54}.fb-textarea textarea{width:350px;height:64px;padding:4px;margin:10px 0;vertical-align:top;resize:none;overflow:auto;box-sizing:border-box;display:inline-block;border:1px solid #ccc;-webkit-border-radius:0;-moz-border-radius:0;border-radius:0;-webkit-box-shadow:inset 0 1px 1px rgba(0,0,0,.075);-moz-box-shadow:inset 0 1px 1px rgba(0,0,0,.075);box-shadow:inset 0 1px 1px rgba(0,0,0,.075);-webkit-transition:border linear .2s,box-shadow linear .2s;-moz-transition:border linear .2s,box-shadow linear .2s;-ms-transition:border linear .2s,box-shadow linear .2s;-o-transition:border linear .2s,box-shadow linear .2s;transition:border linear .2s,box-shadow linear .2s}.fb-guide{padding-top:10px;color:#9a9a9a;margin-left:-20px;padding-left:20px;border-right-width:0;margin-right:-20px;padding-right:25px;margin-bottom:-20px;padding-bottom:15px}.fb-footer{padding-top:10px;text-align:left}.fb-block{overflow:hidden;position:relative}.fb-block .fb-email{height:28px;line-height:26px;width:350px;border:1px solid #ccc;padding:4px;padding-top:0;box-sizing:border-box;padding-bottom:0;display:inline-block;font-family:&#039;Helvetica Neue&#039;,Helvetica,Arial,sans-serif;vertical-align:middle!important;-webkit-border-radius:0;-moz-border-radius:0;border-radius:0;-webkit-box-shadow:inset 0 1px 1px rgba(0,0,0,.075);-moz-box-shadow:inset 0 1px 1px rgba(0,0,0,.075);box-shadow:inset 0 1px 1px rgba(0,0,0,.075);-webkit-transition:border linear .2s,box-shadow linear .2s;-moz-transition:border linear .2s,box-shadow linear .2s;-ms-transition:border linear .2s,box-shadow linear .2s;-o-transition:border linear .2s,box-shadow linear .2s;transition:border linear .2s,box-shadow linear .2s}.fb-email{font-size:13px!important;color:#000}.fb-email::-webkit-input-placeholder{font-size:13px!important;color:#9a9a9a}.fb-email:-moz-placeholder{font-size:13px!important;color:#9a9a9a}.fb-email::-moz-placeholder{font-size:13px!important;color:#9a9a9a}.fb-email:-ms-input-placeholder{font-size:13px!important;color:#9a9a9a}.fb-cut-block{height:15px;padding-bottom:10px}.fb-canvas-block{height:172px;border:1px solid #ccc;margin-bottom:10px;position:relative;overflow:hidden;width:100%;background-position:center;box-sizing:border-box}.fb-canvas-block img{width:350px;position:absolute}.fb-canvas-block img[src=\&quot;\&quot;]{opacity:0}.fb-cut-input{width:14px;height:14px;margin:0;margin-right:10px;display:inline-block;border:1px solid #ccc}.fb-cut-btn{width:60px!important}#fb_tips_span{vertical-align:middle}#fb_popwindow{display:block;left:457px;top:69.5px;position:absolute;width:450px;z-index:999999;background:none repeat scroll 0 0 #fff;border:1px solid #999;border-radius:3px;box-shadow:0 0 9px #999;padding:0}#feedback_dialog_content{text-align:center}#fb_right_post_save:hover{background-image:url(data:image\/png;base64,iVBORw0KGgoAAAANSUhEUgAAAAEAAAACCAMAAACuX0YVAAAABlBMVEVnpv85i\/9PO5r4AAAAD0lEQVR42gEEAPv\/AAAAAQAFAAIros7PAAAAAElFTkSuQmCC);background-repeat:repeat-x;box-shadow:1px 1px 1px rgba(0,0,0,.4);-webkit-box-shadow:1px 1px 1px rgba(0,0,0,.4);-moz-box-shadow:1px 1px 1px rgba(0,0,0,.4);-o-box-shadow:1px 1px 1px rgba(0,0,0,.4)}.fb-select-icon{position:absolute;bottom:6px;right:5px;width:16px;height:16px;box-sizing:content-box;background-position:center center;background-repeat:no-repeat;background-size:7px 4px;-webkit-background-size:7px 4px;background-image:url(data:image\/png;base64,iVBORw0KGgoAAAANSUhEUgAAAAcAAAAECAYAAABCxiV9AAAABGdBTUEAALGPC\/xhBQAAACBjSFJNAAB6JgAAgIQAAPoAAACA6AAAdTAAAOpgAAA6mAAAF3CculE8AAAABmJLR0QAAAAAAAD5Q7t\/AAAACXBIWXMAAAsSAAALEgHS3X78AAAAKElEQVQI12Ps7Or6z4ADMDIwMDBgU1BeVsbICOMgKygvK2PEMAbdBAAhxA08t5Q3VgAAAABJRU5ErkJggg==)}.fb-select-shorter{position:relative;min-height:28px}.fb-type-container{line-height:28px;position:absolute;top:28px;width:100%;background-color:#fff;border:1px solid #ccc;z-index:300;margin-left:-1px;display:none}.fb-type-item,.fb-type-selected{height:28px;line-height:30px;padding-left:4px}.fb-type-item:hover{background:#f5F5F5}&lt;\/style&gt;&quot;;
    result_common_css=$(result_common_css);
    result_common_css.attr(&quot;data-for&quot;,&quot;result&quot;);

    var index_css= $(&#039;head [index]&#039;);
    var wrapper=$(&quot;#wrapper&quot;);
    window.index_on=function(){
        index_css.insertAfter(&quot;meta:eq(0)&quot;);
        result_common_css.remove();
        wrapper.show();
        if(bds.su&amp;&amp;bds.su.U&amp;&amp;bds.su.U.homeInit){
            bds.su.U.homeInit();
        }
        //$(&quot;#wrapper_wrapper&quot;).remove();
    };
    window.index_off=function(){
        //不能操作dom，只能改css，否则会丢失输入法状态
        result_common_css.insertAfter(&quot;meta:eq(0)&quot;);
        wrapper.show();
        index_css.remove();

        //$(&quot;&lt;div id=&#039;wrapper_wrapper&#039;&gt;&lt;/div&gt;&quot;).appendTo(&quot;#wrapper&quot;);
    };
})();

//首页UA diff 监控
$(window).on(&quot;load&quot;,function() {

	var rand = Math.random();

	if(rand &lt; 0.01) {
		try {
		var baseUrl = &quot;//www.baidu.com/nocache/fesplg/s.gif?log_type=hm&amp;type=uamonitor&amp;&quot;,
			queryString = &quot;&quot;;

		queryString += &quot;&amp;c_ua=&quot; + encodeURIComponent(navigator.userAgent);
		queryString += &quot;&amp;s_ua=&quot; + encodeURIComponent(bds.comm.userAgent);

		var url=baseUrl+queryString,
			img = new Image(),
			img_rand=&quot;_LOG_&quot;+new Date().getTime();
		img.onload=function(){
			delete window[img_rand];
		};
		window[img_rand]=img;
		img.src=url;
		} catch(e) {};
	}
});

&lt;/script&gt;

&lt;script type=&quot;text/javascript&quot;&gt;var Cookie={set:function(e,t,o,i,s,n){document.cookie=e+&quot;=&quot;+(n?t:escape(t))+(s?&quot;; expires=&quot;+s.toGMTString():&quot;&quot;)+(i?&quot;; path=&quot;+i:&quot;; path=/&quot;)+(o?&quot;; domain=&quot;+o:&quot;&quot;)},get:function(e,t){var o=document.cookie.match(new RegExp(&quot;(^| )&quot;+e+&quot;=([^;]*)(;|$)&quot;));return null!=o?unescape(o[2]):t},clear:function(e,t,o){this.get(e)&amp;&amp;(document.cookie=e+&quot;=&quot;+(t?&quot;; path=&quot;+t:&quot;; path=/&quot;)+(o?&quot;; domain=&quot;+o:&quot;&quot;)+&quot;;expires=Fri, 02-Jan-1970 00:00:00 GMT&quot;)}};!function(){function save(e){var t=[];for(tmpName in options)options.hasOwnProperty(tmpName)&amp;&amp;&quot;duRobotState&quot;!==tmpName&amp;&amp;t.push(&#039;&quot;&#039;+tmpName+&#039;&quot;:&quot;&#039;+options[tmpName]+&#039;&quot;&#039;);
var o=&quot;{&quot;+t.join(&quot;,&quot;)+&quot;}&quot;;bds.comm.personalData?$.ajax({url:&quot;//www.baidu.com/ups/submit/addtips/?product=ps&amp;tips=&quot;+encodeURIComponent(o)+&quot;&amp;_r=&quot;+(new Date).getTime(),success:function(){writeCookie(),&quot;function&quot;==typeof e&amp;&amp;e()}}):(writeCookie(),&quot;function&quot;==typeof e&amp;&amp;setTimeout(e,0))}function set(e,t){options[e]=t}function get(e){return options[e]}function writeCookie(){if(options.hasOwnProperty(&quot;sugSet&quot;)){var e=&quot;0&quot;==options.sugSet?&quot;0&quot;:&quot;3&quot;;clearCookie(&quot;sug&quot;),Cookie.set(&quot;sug&quot;,e,document.domain,&quot;/&quot;,expire30y)
}if(options.hasOwnProperty(&quot;sugStoreSet&quot;)){var e=0==options.sugStoreSet?&quot;0&quot;:&quot;1&quot;;clearCookie(&quot;sugstore&quot;),Cookie.set(&quot;sugstore&quot;,e,document.domain,&quot;/&quot;,expire30y)}if(options.hasOwnProperty(&quot;isSwitch&quot;)){var t={0:&quot;2&quot;,1:&quot;0&quot;,2:&quot;1&quot;},e=t[options.isSwitch];clearCookie(&quot;ORIGIN&quot;),Cookie.set(&quot;ORIGIN&quot;,e,document.domain,&quot;/&quot;,expire30y)}if(options.hasOwnProperty(&quot;imeSwitch&quot;)){var e=options.imeSwitch;clearCookie(&quot;bdime&quot;),Cookie.set(&quot;bdime&quot;,e,document.domain,&quot;/&quot;,expire30y)}}function writeBAIDUID(){var e,t,o,i=Cookie.get(&quot;BAIDUID&quot;);
/FG=(\d+)/.test(i)&amp;&amp;(t=RegExp.$1),/SL=(\d+)/.test(i)&amp;&amp;(o=RegExp.$1),/NR=(\d+)/.test(i)&amp;&amp;(e=RegExp.$1),options.hasOwnProperty(&quot;resultNum&quot;)&amp;&amp;(e=options.resultNum),options.hasOwnProperty(&quot;resultLang&quot;)&amp;&amp;(o=options.resultLang),Cookie.set(&quot;BAIDUID&quot;,i.replace(/:.*$/,&quot;&quot;)+(&quot;undefined&quot;!=typeof o?&quot;:SL=&quot;+o:&quot;&quot;)+(&quot;undefined&quot;!=typeof e?&quot;:NR=&quot;+e:&quot;&quot;)+(&quot;undefined&quot;!=typeof t?&quot;:FG=&quot;+t:&quot;&quot;),&quot;.baidu.com&quot;,&quot;/&quot;,expire30y,!0)}function clearCookie(e){Cookie.clear(e,&quot;/&quot;),Cookie.clear(e,&quot;/&quot;,document.domain),Cookie.clear(e,&quot;/&quot;,&quot;.&quot;+document.domain),Cookie.clear(e,&quot;/&quot;,&quot;.baidu.com&quot;)
}function reset(e){options=defaultOptions,save(e)}var defaultOptions={sugSet:1,sugStoreSet:1,isSwitch:1,isJumpHttps:1,imeSwitch:0,resultNum:10,skinOpen:1,resultLang:0,duRobotState:&quot;000&quot;},options={},tmpName,expire30y=new Date;expire30y.setTime(expire30y.getTime()+94608e7);try{if(bds&amp;&amp;bds.comm&amp;&amp;bds.comm.personalData){if(&quot;string&quot;==typeof bds.comm.personalData&amp;&amp;(bds.comm.personalData=eval(&quot;(&quot;+bds.comm.personalData+&quot;)&quot;)),!bds.comm.personalData)return;for(tmpName in bds.comm.personalData)defaultOptions.hasOwnProperty(tmpName)&amp;&amp;bds.comm.personalData.hasOwnProperty(tmpName)&amp;&amp;&quot;SUCCESS&quot;==bds.comm.personalData[tmpName].ErrMsg&amp;&amp;(options[tmpName]=bds.comm.personalData[tmpName].value)
}try{parseInt(options.resultNum)||delete options.resultNum,parseInt(options.resultLang)||&quot;0&quot;==options.resultLang||delete options.resultLang}catch(e){}writeCookie(),&quot;sugSet&quot;in options||(options.sugSet=3!=Cookie.get(&quot;sug&quot;,3)?0:1),&quot;sugStoreSet&quot;in options||(options.sugStoreSet=Cookie.get(&quot;sugstore&quot;,0));var BAIDUID=Cookie.get(&quot;BAIDUID&quot;);&quot;resultNum&quot;in options||(options.resultNum=/NR=(\d+)/.test(BAIDUID)&amp;&amp;RegExp.$1?parseInt(RegExp.$1):10),&quot;resultLang&quot;in options||(options.resultLang=/SL=(\d+)/.test(BAIDUID)&amp;&amp;RegExp.$1?parseInt(RegExp.$1):0),&quot;isSwitch&quot;in options||(options.isSwitch=2==Cookie.get(&quot;ORIGIN&quot;,0)?0:1==Cookie.get(&quot;ORIGIN&quot;,0)?2:1),&quot;imeSwitch&quot;in options||(options.imeSwitch=Cookie.get(&quot;bdime&quot;,0))
}catch(e){}window.UPS={writeBAIDUID:writeBAIDUID,reset:reset,get:get,set:set,save:save}}(),function(){var e=&quot;https://ss1.bdstatic.com/5eN1bjq8AAUYm2zgoY3K/r/www/cache/static/protocol/https/plugins/every_cookie_a70bc15.js&quot;;(&quot;Mac68K&quot;==navigator.platform||&quot;MacPPC&quot;==navigator.platform||&quot;Macintosh&quot;==navigator.platform||&quot;MacIntel&quot;==navigator.platform)&amp;&amp;(e=&quot;https://ss1.bdstatic.com/5eN1bjq8AAUYm2zgoY3K/r/www/cache/static/protocol/https/plugins/every_cookie_mac_82990d4.js&quot;),setTimeout(function(){$.ajax({url:e,cache:!0,dataType:&quot;script&quot;})},0);var t=navigator&amp;&amp;navigator.userAgent?navigator.userAgent:&quot;&quot;,o=document&amp;&amp;document.cookie?document.cookie:&quot;&quot;,i=!!(t.match(/(msie [2-8])/i)||t.match(/windows.*safari/i)&amp;&amp;!t.match(/chrome/i)||t.match(/(linux.*firefox)/i)||t.match(/Chrome\/29/i)||t.match(/mac os x.*firefox/i)||o.match(/\bISSW=1/)||0==UPS.get(&quot;isSwitch&quot;));
bds&amp;&amp;bds.comm&amp;&amp;(bds.comm.supportis=!i,bds.comm.isui=!0),window.__restart_confirm_timeout=!0,window.__confirm_timeout=8e3,window.__disable_is_guide=!0,window.__disable_swap_to_empty=!0,window.__switch_add_mask=!0;var s=&quot;https://ss1.bdstatic.com/5eN1bjq8AAUYm2zgoY3K/r/www/cache/static/protocol/https/global/js/all_async_search_bea551a.js&quot;,n=&quot;/script&quot;;document.write(&quot;&lt;script src=&#039;&quot;+s+&quot;&#039;&gt;&lt;&quot;+n+&quot;&gt;&quot;),bds.comm.newindex&amp;&amp;$(window).on(&quot;index_off&quot;,function(){$(&#039;&lt;div class=&quot;c-tips-container&quot; id=&quot;c-tips-container&quot;&gt;&lt;/div&gt;&#039;).insertAfter(&quot;#wrapper&quot;),window.__sample_dynamic_tab&amp;&amp;$(&quot;#s_tab&quot;).remove()
}),bds.comm&amp;&amp;bds.comm.ishome&amp;&amp;Cookie.get(&quot;H_PS_PSSID&quot;)&amp;&amp;(bds.comm.indexSid=Cookie.get(&quot;H_PS_PSSID&quot;))}();&lt;/script&gt;&lt;script src=&quot;https://ss1.bdstatic.com/5eN1bjq8AAUYm2zgoY3K/r/www/cache/static/protocol/https/global/js/all_async_search_bea551a.js&quot;&gt;&lt;/script&gt;



&lt;script&gt;
if(bds.comm.supportis){
    window.__restart_confirm_timeout=true;
    window.__confirm_timeout=8000;
    window.__disable_is_guide=true;
    window.__disable_swap_to_empty=true;
}
initPreload({
    &#039;isui&#039;:true,
    &#039;index_form&#039;:&quot;#form&quot;,
    &#039;index_kw&#039;:&quot;#kw&quot;,
    &#039;result_form&#039;:&quot;#form&quot;,
    &#039;result_kw&#039;:&quot;#kw&quot;
});
&lt;/script&gt;

&lt;script&gt;
if(navigator.cookieEnabled){
	document.cookie=&quot;NOJS=;expires=Sat, 01 Jan 2000 00:00:00 GMT&quot;;
}
&lt;/script&gt;










&lt;div data-for=&quot;result&quot; style=&quot;clear:both;display:block;visibility:hidden;position:absolute;top:0;&quot;&gt;&lt;span style=&quot;width;inherit;margin:0;font:16px/22px arial;&quot;&gt;中文&lt;/span&gt;&lt;/div&gt;&lt;/body&gt;&lt;/html&gt;]">
      <![CDATA[java.lang.AssertionError: expected [a string containing "<html>"] but found [<html><head>
    
    <meta http-equiv="content-type" content="text/html;charset=utf-8"><style data-for="result" id="css_result" type="text/css">body{color:#333;background:#fff;padding:6px 0 0;margin:0;position:relative;min-width:900px}body,th,td,.p1,.p2{font-family:arial}p,form,ol,ul,li,dl,dt,dd,h3{margin:0;padding:0;list-style:none}input{padding-top:0;padding-bottom:0;-moz-box-sizing:border-box;-webkit-box-sizing:border-box;box-sizing:border-box}table,img{border:0}td{font-size:9pt;line-height:18px}em{font-style:normal;color:#c00}a em{text-decoration:underline}cite{font-style:normal;color:green}.m,a.m{color:#666}a.m:visited{color:#606}.g,a.g{color:green}.c{color:#77c}.f14{font-size:14px}.f10{font-size:10.5pt}.f16{font-size:16px}.f13{font-size:13px}.bg{background-image:url(https://ss1.bdstatic.com/5eN1bjq8AAUYm2zgoY3K/r/www/cache/static/protocol/https/global/img/icons_5859e57.png);_background-image:url(https://ss1.bdstatic.com/5eN1bjq8AAUYm2zgoY3K/r/www/cache/static/protocol/https/global/img/icons_d5b04cc.gif);background-repeat:no-repeat}#u,#head,#tool,#search,#foot{font-size:12px}.logo{width:117px;height:38px;cursor:pointer}.p1{line-height:120%;margin-left:-12pt}.p2{width:100%;line-height:120%;margin-left:-12pt}#wrapper{_zoom:1}#container{word-break:break-all;word-wrap:break-word}.container_s{width:1002px}.container_l{width:1222px}#content_left{width:636px;float:left;padding-left:35px}#content_right{border-left:1px solid #e1e1e1;float:right}.container_s #content_right{width:271px}.container_l #content_right{width:434px}.content_none{padding-left:35px}#u{color:#999;white-space:nowrap;position:absolute;right:10px;top:4px;z-index:299}#u a{color:#00c;margin:0 5px}#u .reg{margin:0}#u .last{margin-right:0}#u .un{font-weight:700;margin-right:5px}#u ul{width:100%;background:#fff;border:1px solid #9b9b9b}#u li{height:25px}#u li a{width:100%;height:25px;line-height:25px;display:block;text-align:left;text-decoration:none;text-indent:6px;margin:0;filter:none\9}#u li a:hover{background:#ebebeb}#u li.nl{border-top:1px solid #ebebeb}#user{display:inline-block}#user_center{position:relative;display:inline-block}#user_center .user_center_btn{margin-right:5px}.userMenu{width:64px;position:absolute;right:7px;_right:2px;top:15px;top:14px\9;*top:15px;padding-top:4px;display:none;*background:#fff}#head{padding-left:35px;margin-bottom:20px;width:900px}.fm{clear:both;position:relative;z-index:297}.nv a,.nv b,.btn,#page,#more{font-size:14px}.s_nav{height:45px}.s_nav .s_logo{margin-right:20px;float:left}.s_nav .s_logo img{border:0;display:block}.s_tab{line-height:18px;padding:20px 0 0;float:left}.s_nav a{color:#00c;font-size:14px}.s_nav b{font-size:14px}.s_ipt_wr{width:536px;height:30px;display:inline-block;margin-right:5px;background-position:0 -96px;border:1px solid #b6b6b6;border-color:#7b7b7b #b6b6b6 #b6b6b6 #7b7b7b;vertical-align:top}.s_ipt{width:523px;height:22px;font:16px/18px arial;line-height:22px\9;margin:5px 0 0 7px;padding:0;background:#fff;border:0;outline:0;-webkit-appearance:none}.s_btn{width:95px;height:32px;padding-top:2px\9;font-size:14px;padding:0;background-color:#ddd;background-position:0 -48px;border:0;cursor:pointer}.s_btn_h{background-position:-240px -48px}.s_btn_wr{width:97px;height:34px;display:inline-block;background-position:-120px -48px;*position:relative;z-index:0;vertical-align:top}.sethf{padding:0;margin:0;font-size:14px}.set_h{display:none;behavior:url(#default#homepage)}.set_f{display:none}.shouji{margin-left:19px}.shouji a{text-decoration:none}#head .bdsug{top:33px}#search form{position:relative}#search form .bdsug{bottom:33px}.bdsug{display:none;position:absolute;z-index:1;width:538px;background:#fff;border:1px solid #ccc;_overflow:hidden;box-shadow:1px 1px 3px #ededed;-webkit-box-shadow:1px 1px 3px #ededed;-moz-box-shadow:1px 1px 3px #ededed;-o-box-shadow:1px 1px 3px #ededed}.bdsug.bdsugbg ul{background:url(https://ss1.bdstatic.com/5eN1bjq8AAUYm2zgoY3K/r/www/cache/static/protocol/https/home/img/sugbg_1762fe7.png) 100% 100% no-repeat;background-size:100px 110px;background-image:url(https://ss1.bdstatic.com/5eN1bjq8AAUYm2zgoY3K/r/www/cache/static/protocol/https/home/img/sugbg_90fc9cf.gif)\9}.bdsug li{width:522px;color:#000;font:14px arial;line-height:22px;padding:0 8px;position:relative;cursor:default}.bdsug li.bdsug-s{background:#f0f0f0}.bdsug-store span,.bdsug-store b{color:#7A77C8}.bdsug-store-del{font-size:12px;color:#666;text-decoration:underline;position:absolute;right:8px;top:0;cursor:pointer;display:none}.bdsug-s .bdsug-store-del{display:inline-block}.bdsug-ala{display:inline-block;border-bottom:1px solid #e6e6e6}.bdsug-ala h3{line-height:14px;background:url(//www.baidu.com/img/sug_bd.png) no-repeat left center;margin:8px 0 5px;font-size:12px;font-weight:400;color:#7B7B7B;padding-left:20px}.bdsug-ala p{font-size:14px;font-weight:700;padding-left:20px}.bdsug .bdsug-direct{width:auto;padding:0;border-bottom:1px solid #f1f1f1}.bdsug .bdsug-direct p{color:#00c;font-weight:700;line-height:34px;padding:0 8px;cursor:pointer;white-space:nowrap;overflow:hidden}.bdsug .bdsug-direct p img{width:16px;height:16px;margin:7px 6px 9px 0;vertical-align:middle}.bdsug .bdsug-direct p span{margin-left:8px}.bdsug .bdsug-direct p i{font-size:12px;line-height:100%;font-style:normal;font-weight:400;color:#fff;background-color:#2b99ff;display:inline;text-align:center;padding:1px 5px;*padding:2px 5px 0;margin-left:8px;overflow:hidden}.bdsug .bdsug-pcDirect{color:#000;font-size:14px;line-height:30px;height:30px;background-color:#f8f8f8}.bdsug .bdsug-pc-direct-tip{position:absolute;right:15px;top:8px;width:55px;height:15px;display:block;background:url(https://ss1.bdstatic.com/5eN1bjq8AAUYm2zgoY3K/r/www/cache/static/protocol/https/global/img/pc_direct_42d6311.png) no-repeat 0 0}.bdsug li.bdsug-pcDirect-s{background-color:#f0f0f0}.bdsug .bdsug-pcDirect-is{color:#000;font-size:14px;line-height:22px;background-color:#f8f8f8}.bdsug .bdsug-pc-direct-tip-is{position:absolute;right:15px;top:3px;width:55px;height:15px;display:block;background:url(https://ss1.bdstatic.com/5eN1bjq8AAUYm2zgoY3K/r/www/cache/static/protocol/https/global/img/pc_direct_42d6311.png) no-repeat 0 0}.bdsug li.bdsug-pcDirect-is-s{background-color:#f0f0f0}.bdsug .bdsug-pcDirect-s .bdsug-pc-direct-tip,.bdsug .bdsug-pcDirect-is-s .bdsug-pc-direct-tip-is{background-position:0 -15px}.bdsug .bdsug-newicon{color:#929292;opacity:.7;font-size:12px;display:inline-block;line-height:22px;letter-spacing:2px}.bdsug .bdsug-s .bdsug-newicon{opacity:1}.bdsug .bdsug-newicon i{letter-spacing:0;font-style:normal}.toggle-underline{text-decoration:none}.toggle-underline:hover{text-decoration:underline}#tb_mr{color:#00c;cursor:pointer;position:relative;z-index:298}#tb_mr b{font-weight:400;text-decoration:underline}#tb_mr small{font-size:11px}#page{font:14px arial;white-space:nowrap;padding-left:35px}#page a,#page strong{display:inline-block;vertical-align:text-bottom;height:66px;text-align:center;line-height:34px;text-decoration:none;overflow:hidden;margin-right:9px;background:#fff}#page a{cursor:pointer}#page a:hover{background:0 0}#page .n:hover,#page a:hover .pc{background:#f2f8ff;border:1px solid #38f}#page .n{height:34px;padding:0 18px;border:1px solid #e1e2e3}#page span{display:block}#page .pc{width:34px;height:34px;border:1px solid #e1e2e3;cursor:pointer}#page .fk{width:24px;height:24px;margin-bottom:6px;margin-left:6px;cursor:pointer}#page strong .fk,#page strong .pc{cursor:auto}#page .fk .c-icon-bear-pn{top:-3px;position:relative}#page .fkd .c-icon-bear-pn{top:3px;position:relative}#page .fk_cur .c-icon-bear-p{top:-2px;position:relative}#page strong .pc{border:0;width:36px;height:36px;line-height:36px}#page .nums{display:inline-block;vertical-align:text-bottom;height:36px;line-height:36px;margin-left:10px}#rs{width:900px;background:#fff;padding:8px 0;margin:20px 0 0 15px}#rs td{width:5%}#rs th{font-size:14px;font-weight:400;line-height:19px;white-space:nowrap;text-align:left;vertical-align:top}#rs .tt{font-weight:700;padding:0 10px 0 20px}#rs_top{font-size:14px;margin-bottom:22px}#rs_top a{margin-right:18px}#container .rs{margin:30px 0 20px;padding:5px 0 15px;font-size:14px;width:540px;padding-left:121px;position:relative;background-color:#fafafa}#container .noback{background-color:#fff}#content_left .rs{margin-left:-121px}#container .rs table{width:540px}#container .rs td{width:5px}#container .rs th{font-size:14px;font-weight:400;white-space:nowrap;text-align:left;vertical-align:top;width:175px;line-height:22px}#container .rs .tt{font-weight:700;padding:0 10px 0 20px;padding:0;line-height:30px;font-size:16px}#container .rs a{margin:0;height:24px;width:173px;display:inline-block;line-height:25px;border:1px solid #ebebeb;text-align:center;vertical-align:middle;overflow:hidden;outline:0;color:#333;background-color:#fff;text-decoration:none}#container .rs a:hover{border-color:#388bff}.c-tip-con .c-tip-menu-b ul{width:100px}.c-tip-con .c-tip-menu-b ul{text-align:center}.c-tip-con .c-tip-menu-b li a{display:block;text-decoration:none;cursor:pointer;background-color:#fff;padding:3px 0;color:#666}.c-tip-con .c-tip-menu-b li a:hover{display:block;background-color:#ebebeb}#search{width:900px;padding:35px 0 16px 35px}#search .s_help{position:relative;top:10px}#foot{height:20px;line-height:20px;color:#77c;background:#e6e6e6;text-align:center}#foot span{color:#666}.site_tip{font-size:12px;margin-bottom:20px}.site_tip_icon{width:56px;height:56px;background:url(//www.baidu.com/aladdin/img/tools/tools-3.png) -288px 0 no-repeat}.to_zhidao,.to_tieba,.to_zhidao_bottom{font-size:16px;line-height:24px;margin:20px 0 0 35px}.to_tieba .c-icon-tieba{float:left}.f{line-height:115%;*line-height:120%;font-size:100%;width:33.7em;word-break:break-all;word-wrap:break-word}.h{margin-left:8px;width:100%}.r{word-break:break-all;cursor:hand;width:238px}.t{font-weight:400;font-size:medium;margin-bottom:1px}.pl{padding-left:3px;height:8px;padding-right:2px;font-size:14px}.mo,a.mo:link,a.mo:visited{color:#666;font-size:100%;line-height:10px}.htb{margin-bottom:5px}.jc a{color:#c00}a font[size="3"] font,font[size="3"] a font{text-decoration:underline}div.blog,div.bbs{color:#707070;padding-top:2px;font-size:13px}.result{width:33.7em;table-layout:fixed}.result-op .f{word-wrap:normal}.nums{font-size:12px;color:#999}.tools{position:absolute;top:10px;white-space:nowrap}#mHolder{width:62px;position:relative;z-index:296;top:-18px;margin-left:9px;margin-right:-12px;display:none}#mCon{height:18px;position:absolute;top:3px;top:6px\9;cursor:pointer;line-height:18px}.wrapper_l #mCon{right:7px}#mCon span{color:#00c;display:block}#mCon .hw{text-decoration:underline;cursor:pointer;display:inline-block}#mCon .pinyin{display:inline-block}#mCon .c-icon-chevron-unfold2{margin-left:5px}#mMenu{width:56px;border:1px solid #9b9b9b;position:absolute;right:7px;top:23px;display:none;background:#fff}#mMenu a{width:100%;height:100%;color:#00c;display:block;line-height:22px;text-indent:6px;text-decoration:none;filter:none\9}#mMenu a:hover{background:#ebebeb}#mMenu .ln{height:1px;background:#ebebeb;overflow:hidden;font-size:1px;line-height:1px;margin-top:-1px}.op_LAMP{background:url(//www.baidu.com/cache/global/img/aladdinIcon-1.0.gif) no-repeat 0 2px;color:#77C;display:inline-block;font-size:13px;height:12px;*height:14px;width:16px;text-decoration:none;zoom:1}.EC_mr15{margin-left:0}.pd15{padding-left:0}.map_1{width:30em;font-size:80%;line-height:145%}.map_2{width:25em;font-size:80%;line-height:145%}.favurl{background-repeat:no-repeat;background-position:0 1px;padding-left:20px}.dan_tip{font-size:12px;margin-top:4px}.dan_tip a{color:#b95b07}#more,#u ul,#mMenu,.msg_holder{box-shadow:1px 1px 2px #ccc;-moz-box-shadow:1px 1px 2px #ccc;-webkit-box-shadow:1px 1px 2px #ccc;filter:progid:DXImageTransform.Microsoft.Shadow(Strength=2, Direction=135, Color=#cccccc)\9}.hit_top{line-height:18px;margin:0 15px 10px 0;width:516px}.hit_top .c-icon-bear{height:18px;margin-right:4px}#rs_top_new,.hit_top_new{width:538px;font-size:13px;line-height:1.54;word-wrap:break-word;word-break:break-all;margin:0 0 14px}.zhannei-si{margin:0 0 10px 121px}.zhannei-si-none{margin:10px 0 -10px 121px}.zhannei-search{margin:10px 0 0 121px;color:#999;font-size:14px}.f a font[size="3"] font,.f font[size="-1"] a font{text-decoration:underline}h3 a font{text-decoration:underline}.c-title{font-weight:400;font-size:16px}.c-title-size{font-size:16px}.c-abstract{font-size:13px}.c-abstract-size{font-size:13px}.c-showurl{color:green;font-size:13px}.c-showurl-color{color:green}.c-cache-color{color:#666}.c-lightblue{color:#77c}.c-highlight-color{color:#c00}.c-clearfix:after{content:".";display:block;height:0;clear:both;visibility:hidden}.c-clearfix{zoom:1}.c-wrap{word-break:break-all;word-wrap:break-word}.c-icons-outer{overflow:hidden;display:inline-block;vertical-align:bottom;*vertical-align:-1px;_vertical-align:bottom}.c-icons-inner{margin-left:-4px}.c-container table.result,.c-container table.result-op{width:100%}.c-container td.f{font-size:13px;line-height:1.54;width:auto}.c-container .vd_newest_main{width:auto}.c-customicon{display:inline-block;width:16px;height:16px;vertical-align:text-bottom;font-style:normal;overflow:hidden}.c-tip-icon i{display:inline-block;cursor:pointer}.c-tip-con{position:absolute;z-index:1;top:22px;left:-35px;background:#fff;border:1px solid #dcdcdc;border:1px solid rgba(0,0,0,.2);-webkit-transition:opacity .218s;transition:opacity .218s;-webkit-box-shadow:0 2px 4px rgba(0,0,0,.2);box-shadow:0 2px 4px rgba(0,0,0,.2);padding:5px 0;display:none;font-size:12px;line-height:20px}.c-tip-arrow{width:0;height:0;font-size:0;line-height:0;display:block;position:absolute;top:-16px}.c-tip-arrow-down{top:auto;bottom:0}.c-tip-arrow em,.c-tip-arrow ins{width:0;height:0;font-size:0;line-height:0;display:block;position:absolute;border:8px solid transparent;border-style:dashed dashed solid}.c-tip-arrow em{border-bottom-color:#d8d8d8}.c-tip-arrow ins{border-bottom-color:#fff;top:2px}.c-tip-arrow-down em,.c-tip-arrow-down ins{border-style:solid dashed dashed;border-color:transparent}.c-tip-arrow-down em{border-top-color:#d8d8d8}.c-tip-arrow-down ins{border-top-color:#fff;top:-2px}.c-tip-arrow .c-tip-arrow-r{border-bottom-color:#82c9fa;top:2px}.c-tip-arrow-down .c-tip-arrow-r{border-bottom-color:transparent;top:-2px}.c-tip-arrow .c-tip-arrow-c{border-bottom-color:#fecc47;top:2px}.c-tip-arrow-down .c-tip-arrow-c{border-bottom-color:transparent;top:-2px}.c-tip-con h3{font-size:12px}.c-tip-con .c-tip-title{margin:0 10px;display:inline-block;width:239px}.c-tip-con .c-tip-info{color:#666;margin:0 10px 1px;width:239px}.c-tip-con .c-tip-cer{width:370px;color:#666;margin:0 10px 1px}.c-tip-con .c-tip-title{width:auto;_width:354px}.c-tip-con .c-tip-item-i{padding:3px 0 3px 20px;line-height:14px}.c-tip-con .c-tip-item-i .c-tip-item-icon{margin-left:-20px}.c-tip-con .c-tip-menu ul{width:74px}.c-tip-con .c-tip-menu ul{text-align:center}.c-tip-con .c-tip-menu li a{display:block;text-decoration:none;cursor:pointer;background-color:#fff;padding:3px 0;color:#0000d0}.c-tip-con .c-tip-menu li a:hover{display:block;background-color:#ebebeb}.c-tip-con .c-tip-notice{width:239px;padding:0 10px}.c-tip-con .c-tip-notice .c-tip-notice-succ{color:#4cbd37}.c-tip-con .c-tip-notice .c-tip-notice-fail{color:#f13F40}.c-tip-con .c-tip-notice .c-tip-item-succ{color:#444}.c-tip-con .c-tip-notice .c-tip-item-fail{color:#aaa}.c-tip-con .c-tip-notice .c-tip-item-fail a{color:#aaa}.c-tip-close{right:10px;position:absolute;cursor:pointer}.ecard{height:86px;overflow:hidden}.c-tools{display:inline}.c-tools-share{width:239px;padding:0 10px}.c-fanyi{display:none;width:20px;height:20px;border:solid 1px #d1d1d1;cursor:pointer;position:absolute;margin-left:516px;text-align:center;color:#333;line-height:22px;opacity:.9;background-color:#fff}.c-fanyi:hover{background-color:#39f;color:#fff;border-color:#39f;opacity:1}.c-fanyi-title,.c-fanyi-abstract{display:none}.icp_info{color:#666;margin-top:2px;font-size:13px}.icon-gw,.icon-unsafe-icon{background:#2c99ff;vertical-align:text-bottom;*vertical-align:baseline;height:16px;padding-top:0;padding-bottom:0;padding-left:6px;padding-right:6px;line-height:16px;_padding-top:2px;_height:14px;_line-height:14px;font-size:12px;font-family:simsun;margin-left:10px;overflow:hidden;display:inline-block;-moz-border-radius:1px;-webkit-border-radius:1px;border-radius:1px;color:#fff}a.icon-gw{color:#fff;background:#2196ff;text-decoration:none;cursor:pointer}a.icon-gw:hover{background:#1e87ef}a.icon-gw:active{height:15px;_height:13px;line-height:15px;_line-height:13px;padding-left:5px;background:#1c80d9;border-left:1px solid #145997;border-top:1px solid #145997}.icon-unsafe-icon{background:#e54d4b}#con-at{margin-bottom:9px;padding-left:121px;border-bottom:1px #ebebeb solid}#con-at .result-op{font-size:13px;line-height:1.52em}.wrapper_l #con-at .result-op{width:1058px}.wrapper_s #con-at .result-op{width:869px}#con-ar{margin-bottom:40px}#con-ar .result-op{margin-bottom:28px;font-size:13px;line-height:1.52em}.result_hidden{position:absolute;top:-10000px;left:-10000px}#content_left .result-op,#content_left .result{margin-bottom:14px;border-collapse:collapse}#content_left .c-border .result-op,#content_left .c-border .result{margin-bottom:25px}#content_left .c-border .result-op:last-child,#content_left .c-border .result:last-child{margin-bottom:12px}#content_left .result .f,#content_left .result-op .f{padding:0}.subLink_factory{border-collapse:collapse}.subLink_factory td{padding:0}.subLink_factory td.middle,.subLink_factory td.last{color:#666}.subLink_factory td a{text-decoration:underline}.subLink_factory td.rightTd{text-align:right}.subLink_factory_right{width:100%}.subLink_factory_left td{padding-right:26px}.subLink_factory_left td.last{padding:0}.subLink_factory_left td.first{padding-right:75px}.subLink_factory_right td{width:90px}.subLink_factory_right td.first{width:auto}.general_image_pic a{background:#fff no-repeat center center;text-decoration:none;display:block;overflow:hidden;text-align:left}.res_top_banner{height:36px;text-align:left;border-bottom:1px solid #e3e3e3;background:#f7f7f7;font-size:13px;padding-left:8px;color:#333;position:relative;z-index:302}.res_top_banner span{_zoom:1}.res_top_banner .res_top_banner_icon{background-position:0 -216px;width:18px;height:18px;margin:9px 10px 0 0}.res_top_banner .res_top_banner_icon_baiduapp{background:url(https://ss1.bdstatic.com/5eN1bjq8AAUYm2zgoY3K/r/www/cache/static/protocol/https/global/img/baiduappLogo_de45621.png) no-repeat 0 0;width:24px;height:24px;margin:3px 10px 0 0;position:relative;top:3px}.res_top_banner .res_top_banner_icon_windows{background:url(https://ss1.bdstatic.com/5eN1bjq8AAUYm2zgoY3K/r/www/cache/static/protocol/https/global/img/winlogo_e925689.png) no-repeat 0 0;width:18px;height:18px;margin:9px 10px 0 0}.res_top_banner .res_top_banner_download{display:inline-block;width:65px;line-height:21px;_padding-top:1px;margin:0 0 0 10px;color:#333;background:#fbfbfb;border:1px solid #b4b6b8;text-align:center;text-decoration:none}.res_top_banner .res_top_banner_download:hover{border:1px solid #38f}.res_top_banner .res_top_banner_download:active{background:#f0f0f0;border:1px solid #b4b6b8}.res_top_banner .res_top_banner_close{background-position:-672px -144px;cursor:pointer;position:absolute;right:10px;top:10px}.res_top_banner_for_win{height:34px;text-align:left;border-bottom:1px solid #f0f0f0;background:#fdfdfd;font-size:13px;padding-left:12px;color:#333;position:relative;z-index:302}.res_top_banner_for_win span{_zoom:1;color:#666}.res_top_banner_for_win .res_top_banner_download{display:inline-block;width:auto;line-height:21px;_padding-top:1px;margin:0 0 0 16px;color:#333;text-align:left;text-decoration:underline}.res_top_banner_for_win .res_top_banner_icon_windows{background:url(https://ss1.bdstatic.com/5eN1bjq8AAUYm2zgoY3K/r/www/cache/static/protocol/https/global/img/winlogo_e925689.png) no-repeat 0 0;width:18px;height:18px;margin:8px 8px 0 0}.res_top_banner_for_win .res_top_banner_close{background-position:-672px -144px;cursor:pointer;position:absolute;right:10px;top:10px}.res-gap-right16{margin-right:16px}.res-border-top{border-top:1px solid #f3f3f3}.res-border-bottom{border-bottom:1px solid #f3f3f3}.res-queryext-pos{position:relative;top:1px;_top:0}.c-trust-ecard{height:86px;_height:97px;overflow:hidden}@-moz-document url-prefix(){.result,.f{width:538px}}body{min-width:1000px}#ftCon{display:none}#qrcode{display:none}#pad-version{display:none}#index_guide{display:none}#index_logo{display:none}#u1{display:none}.s_ipt_wr{height:32px}body{padding:0}.s_form:after,.s_tab:after{content:".";display:block;height:0;clear:both;visibility:hidden}.s_form{zoom:1;height:55px;padding:0 0 0 10px}#result_logo{float:left;margin:7px 0 0}#result_logo img{width:101px}#head{padding:0;margin:0;width:100%;position:absolute;z-index:301;min-width:1000px;background:#fff;border-bottom:1px solid #ebebeb;position:fixed;_position:absolute;-webkit-transform:translateZ(0)}#head .head_wrapper{_width:1000px}#head.s_down{box-shadow:0 0 5px #888}.fm{clear:none;float:left;margin:11px 0 0 10px}#s_tab{background:#f8f8f8;line-height:36px;height:38px;padding:55px 0 0 121px;float:none;zoom:1}#s_tab a,#s_tab b{width:54px;display:inline-block;text-decoration:none;text-align:center;color:#666;font-size:14px}#s_tab b{border-bottom:2px solid #38f;font-weight:700;color:#323232}#s_tab a:hover{color:#323232}#content_left{width:540px;padding-left:121px;padding-top:5px}#content_right{margin-top:45px}#content_bottom{width:540px;padding-left:121px}#page{padding:0 0 0 121px;margin:30px 0 40px}.to_tieba,.to_zhidao_bottom{margin:10px 0 0 121px;padding-top:5px}.nums{margin:0 0 0 121px;height:42px;line-height:42px}#rs{padding:0;margin:6px 0 0 121px;width:600px}#rs th{width:175px;line-height:22px}#rs .tt{padding:0;line-height:30px}#rs td{width:5px}#rs table{width:540px}#help{background:#f5f6f5;zoom:1;padding:0 0 0 50px;float:right}#help a{color:#777;padding:0 15px;text-decoration:none}#help a:hover{color:#333}#foot{background:#f5f6f5;border-top:1px solid #ebebeb;text-align:left;height:42px;line-height:42px;margin-top:40px;*margin-top:0}#foot .foot_c{float:left;padding:0 0 0 121px}.content_none{padding:45px 0 25px 121px}.nors p{font-size:18px;font-family:microsoft yahei;color:#000}.nors p em{color:#c00}.nors .tip_head{color:#666;font-size:13px;line-height:28px}.nors li{color:#333;line-height:28px;font-size:13px;font-family:'宋体';padding-left:30px;list-style-position:inside;list-style-type:disc}#mCon{top:5px}.s_ipt_wr.bg,.s_btn_wr.bg,#su.bg{background-image:none}.s_ipt_wr.bg{background:0 0}.s_btn_wr{width:auto;height:auto;border-bottom:1px solid transparent;*border-bottom:0}.s_btn{width:100px;height:34px;color:#fff;letter-spacing:1px;background:#3385ff;border-bottom:1px solid #2d78f4;outline:medium;*border-bottom:0;-webkit-appearance:none;-webkit-border-radius:0}.s_btn.btnhover{background:#317ef3;border-bottom:1px solid #2868c8;*border-bottom:0;box-shadow:1px 1px 1px #ccc}.s_btn_h{background:#3075dc;box-shadow:inset 1px 1px 3px #2964bb;-webkit-box-shadow:inset 1px 1px 3px #2964bb;-moz-box-shadow:inset 1px 1px 3px #2964bb;-o-box-shadow:inset 1px 1px 3px #2964bb}#wrapper_wrapper .container_l .EC_ppim_top,#wrapper_wrapper .container_xl .EC_ppim_top{width:640px}#wrapper_wrapper .container_s .EC_ppim_top{width:570px}#head .c-icon-bear-round{display:none}.container_l #content_right{width:384px}.container_l{width:1212px}.container_xl #content_right{width:384px}.container_xl{width:1257px}.index_tab_top{display:none}.index_tab_bottom{display:none}#lg{display:none}#m{display:none}#ftCon{display:none}#ent_sug{position:absolute;margin:141px 0 0 130px;font-size:13px;color:#666}.foot_fixed_bottom{position:fixed;bottom:0;width:100%;_position:absolute;_bottom:auto}#head .headBlock{margin:-5px 0 6px 121px}#content_left .leftBlock{margin-bottom:14px;padding-bottom:5px;border-bottom:1px solid #f3f3f3}.hint_toprq_tips{position:relative;width:537px;height:19px;line-height:19px;overflow:hidden;display:none}.hint_toprq_tips span{color:#666}.hint_toprq_icon{margin:0 4px 0 0}.hint_toprq_tips_items{width:444px;_width:440px;max-height:38px;position:absolute;left:95px;top:1px}.hint_toprq_tips_items div{display:inline-block;float:left;height:19px;margin-right:18px;white-space:nowrap;word-break:keep-all}.translateContent{max-width:350px}.translateContent .translateTool{height:16px;margin:-3px 2px}.translateContent .action-translate,.translateContent .action-search{display:inline-block;width:20px;height:16px;background:url(https://ss1.bdstatic.com/5eN1bjq8AAUYm2zgoY3K/r/www/cache/static/protocol/https/global/img/translate_tool_icon_57087b6.gif) no-repeat}.translateContent .action-translate{background-position:0 0;border-right:1px solid #dcdcdc}.translateContent .action-translate:hover{background-position:0 -20px}.translateContent .action-search{background-position:-20px 0}.translateContent .action-search:hover{background-position:-20px -20px}.nums{width:538px}.search_tool{_padding-top:15px}.head_nums_cont_outer{height:40px;overflow:hidden;position:relative}.head_nums_cont_inner{position:relative}.search_tool_conter .c-gap-left{margin-left:23px}.search_tool_conter .c-icon-triangle-down{opacity:.6}.search_tool_conter .c-icon-triangle-down:hover{opacity:1}.search_tool,.search_tool_close{float:right}.search_tool,.search_tool_conter span{cursor:pointer;color:#666}.search_tool:hover,.search_tool_conter span:hover{color:#333}.search_tool_conter{font-size:12px;color:#666;margin:0 0 0 121px;height:42px;width:538px;line-height:42px;*height:auto;*line-height:normal;*padding:14px 0}.search_tool_conter span strong{color:#666}.c-tip-con .c-tip-langfilter ul{width:80px;text-align:left;color:#666}.c-tip-con .c-tip-langfilter li a{text-indent:15px;color:#666}.c-tip-con .c-tip-langfilter li span{text-indent:15px;padding:3px 0;color:#999;display:block}.c-tip-con .c-tip-timerfilter ul{width:115px;text-align:left;color:#666}.c-tip-con .c-tip-timerfilter-ft ul{width:180px}.c-tip-con .c-tip-timerfilter-si ul{width:206px;padding:7px 10px 10px}.c-tip-con .c-tip-timerfilter li a{text-indent:15px;color:#666}.c-tip-con .c-tip-timerfilter li span{text-indent:15px;padding:3px 0;color:#999;display:block}.c-tip-con .c-tip-timerfilter-ft li a,.c-tip-con .c-tip-timerfilter-ft li span{text-indent:20px}.c-tip-custom{padding:0 15px 10px;position:relative;zoom:1}.c-tip-custom hr{border:0;height:0;border-top:1px solid #ebebeb}.c-tip-custom p{color:#b6b6b6;height:25px;line-height:25px;margin:2px 0}.c-tip-custom .c-tip-custom-et{margin-bottom:7px}.c-tip-custom-input,.c-tip-si-input{display:inline-block;font-size:11px;color:#333;margin-left:4px;padding:0 2px;width:74%;height:16px;line-height:16px\9;border:1px solid #ebebeb;outline:0;box-sizing:content-box;-webkit-box-sizing:content-box;-moz-box-sizing:content-box;overflow:hidden;position:relative}.c-tip-custom-input-init{color:#d4d4d4}.c-tip-custom-input-focus,.c-tip-si-input-focus{border:1px solid #3385ff}.c-tip-timerfilter-si .c-tip-si-input{width:138px;height:22px;line-height:22px;vertical-align:0;*vertical-align:-6px;_vertical-align:-5px;padding:0 5px;margin-left:0}.c-tip-con .c-tip-timerfilter li .c-tip-custom-submit,.c-tip-con .c-tip-timerfilter li .c-tip-timerfilter-si-submit{display:inline;padding:4px 10px;margin:0;color:#333;border:1px solid #d8d8d8;font-family:inherit;font-weight:400;text-align:center;vertical-align:0;background-color:#f9f9f9;outline:0}.c-tip-con .c-tip-timerfilter li .c-tip-custom-submit:hover,.c-tip-con .c-tip-timerfilter li .c-tip-timerfilter-si-submit:hover{display:inline;border-color:#388bff}.c-tip-timerfilter-si-error,.c-tip-timerfilter-custom-error{display:none;color:#3385FF;padding-left:4px}.c-tip-timerfilter-custom-error{padding:0;margin:-5px -13px 7px 0}#c-tip-custom-calenderCont{position:absolute;background:#fff;white-space:nowrap;padding:5px 10px;color:#000;border:1px solid #e4e4e4;-webkit-box-shadow:0 2px 4px rgba(0,0,0,.2);box-shadow:0 2px 4px rgba(0,0,0,.2)}#c-tip-custom-calenderCont p{text-align:center;padding:2px 0 4px;*padding:4px 0}#c-tip-custom-calenderCont p i{color:#8e9977;cursor:pointer;text-decoration:underline;font-size:13px}#c-tip-custom-calenderCont .op_cal{background:#fff}.op_cal table{background:#eeefea;margin:0;border-collapse:separate}.op_btn_pre_month,.op_btn_next_month{cursor:pointer;display:block;margin-top:6px}.op_btn_pre_month{float:left;background-position:0 -46px}.op_btn_next_month{float:right;background-position:-18px -46px}.op_cal .op_mon_pre1{padding:0}.op_mon th{text-align:center;font-size:12px;background:#FFF;font-weight:700;border:1px solid #FFF;padding:0}.op_mon td{text-align:center;cursor:pointer}.op_mon h5{margin:0;padding:0 4px;text-align:center;font-size:14px;background:#FFF;height:28px;line-height:28px;border-bottom:1px solid #f5f5f5;margin-bottom:5px}.op_mon strong{font-weight:700}.op_mon td{padding:0 5px;border:1px solid #fff;font-size:12px;background:#fff;height:100%}.op_mon td.op_mon_pre_month{color:#a4a4a4}.op_mon td.op_mon_cur_month{color:#00c}.op_mon td.op_mon_next_month{color:#a4a4a4}.op_mon td.op_mon_day_hover{color:#000;border:1px solid #278df2}.op_mon td.op_mon_day_selected{color:#FFF;border:1px solid #278df2;background:#278df2}.op_mon td.op_mon_day_disabled{cursor:not-allowed;color:#ddd}.zhannei-si-none,.zhannei-si,.hit_quet,.zhannei-search{display:none}#c-tip-custom-calenderCont .op_mon td.op_mon_cur_month{color:#000}#c-tip-custom-calenderCont .op_mon td.op_mon_day_selected{color:#fff}.c-icon-toen{width:24px;height:24px;line-height:24px;background-color:#1cb7fd;color:#fff;font-size:14px;font-weight:700;font-style:normal;display:block;display:inline-block;float:left;text-align:center}.hint_common_restop{width:538px;color:#999;font-size:12px;text-align:left;margin:5px 0 10px 121px}#con-at~#wrapper_wrapper .hint_common_restop{padding-top:7px}.sitelink{overflow:auto;zoom:1}.sitelink_summary{float:left;width:47%;padding-right:30px}.sitelink_summary a{font-size:1.1em;position:relative}.sitelink_summary_last{padding-right:0}.sitelink_en{overflow:auto;zoom:1}.sitelink_en_summary{float:left;width:47%;padding-right:30px}.sitelink_en_summary a{font-size:1.1em;position:relative}.sitelink_en_summary_last{padding-right:0}.sitelink_en_summary_title,.sitelink_en_summary .m{height:22px;overflow:hidden}.without-summary-sitelink-en-container{overflow:hidden;height:22px}.without-summary-sitelink-en{float:left}.without-summary-sitelink-en-delimiter{margin-right:5px;margin-left:5px}.c-frame{margin-bottom:18px}.c-offset{padding-left:10px}.c-gray{color:#666}.c-gap-top-small{margin-top:5px}.c-gap-top{margin-top:10px}.c-gap-bottom-small{margin-bottom:5px}.c-gap-bottom{margin-bottom:10px}.c-gap-left{margin-left:12px}.c-gap-left-small{margin-left:6px}.c-gap-right{margin-right:12px}.c-gap-right-small{margin-right:6px}.c-gap-right-large{margin-right:16px}.c-gap-left-large{margin-left:16px}.c-gap-icon-right-small{margin-right:5px}.c-gap-icon-right{margin-right:10px}.c-gap-icon-left-small{margin-left:5px}.c-gap-icon-left{margin-left:10px}.c-container{width:538px;font-size:13px;line-height:1.54;word-wrap:break-word;word-break:break-word}.c-container .c-container{width:auto}.c-container table{border-collapse:collapse;border-spacing:0}.c-container td{font-size:13px;line-height:1.54}.c-default{font-size:13px;line-height:1.54;word-wrap:break-word;word-break:break-all}.c-container .t,.c-default .t{line-height:1.54}.c-default .t{margin-bottom:0}.cr-content{width:259px;font-size:13px;line-height:1.54;color:#333;word-wrap:break-word;word-break:normal}.cr-content table{border-collapse:collapse;border-spacing:0}.cr-content td{font-size:13px;line-height:1.54;vertical-align:top}.cr-offset{padding-left:17px}.cr-title{font-size:14px;line-height:1.29;font-weight:700}.cr-title-sub{float:right;font-size:13px;font-weight:400}.c-row{*zoom:1}.c-row:after{display:block;height:0;content:"";clear:both;visibility:hidden}.c-span2{width:29px}.c-span3{width:52px}.c-span4{width:75px}.c-span5{width:98px}.c-span6{width:121px}.c-span7{width:144px}.c-span8{width:167px}.c-span9{width:190px}.c-span10{width:213px}.c-span11{width:236px}.c-span12{width:259px}.c-span13{width:282px}.c-span14{width:305px}.c-span15{width:328px}.c-span16{width:351px}.c-span17{width:374px}.c-span18{width:397px}.c-span19{width:420px}.c-span20{width:443px}.c-span21{width:466px}.c-span22{width:489px}.c-span23{width:512px}.c-span24{width:535px}.c-span2,.c-span3,.c-span4,.c-span5,.c-span6,.c-span7,.c-span8,.c-span9,.c-span10,.c-span11,.c-span12,.c-span13,.c-span14,.c-span15,.c-span16,.c-span17,.c-span18,.c-span19,.c-span20,.c-span21,.c-span22,.c-span23,.c-span24{float:left;_display:inline;margin-right:17px;list-style:none}.c-span-last{margin-right:0}.c-span-last-s{margin-right:0}.container_l .cr-content{width:351px}.container_l .cr-content .c-span-last-s{margin-right:17px}.container_l .cr-content-narrow{width:259px}.container_l .cr-content-narrow .c-span-last-s{margin-right:0}.c-border{width:518px;padding:9px;border:1px solid #e3e3e3;border-bottom-color:#e0e0e0;border-right-color:#ececec;box-shadow:1px 2px 1px rgba(0,0,0,.072);-webkit-box-shadow:1px 2px 1px rgba(0,0,0,.072);-moz-box-shadow:1px 2px 1px rgba(0,0,0,.072);-o-box-shadow:1px 2px 1px rgba(0,0,0,.072)}.c-border .c-gap-left{margin-left:10px}.c-border .c-gap-left-small{margin-left:5px}.c-border .c-gap-right{margin-right:10px}.c-border .c-gap-right-small{margin-right:5px}.c-border .c-border{width:auto;padding:0;border:0;box-shadow:none;-webkit-box-shadow:none;-moz-box-shadow:none;-o-box-shadow:none}.c-border .c-span2{width:34px}.c-border .c-span3{width:56px}.c-border .c-span4{width:78px}.c-border .c-span5{width:100px}.c-border .c-span6{width:122px}.c-border .c-span7{width:144px}.c-border .c-span8{width:166px}.c-border .c-span9{width:188px}.c-border .c-span10{width:210px}.c-border .c-span11{width:232px}.c-border .c-span12{width:254px}.c-border .c-span13{width:276px}.c-border .c-span14{width:298px}.c-border .c-span15{width:320px}.c-border .c-span16{width:342px}.c-border .c-span17{width:364px}.c-border .c-span18{width:386px}.c-border .c-span19{width:408px}.c-border .c-span20{width:430px}.c-border .c-span21{width:452px}.c-border .c-span22{width:474px}.c-border .c-span23{width:496px}.c-border .c-span24{width:518px}.c-border .c-span2,.c-border .c-span3,.c-border .c-span4,.c-border .c-span5,.c-border .c-span6,.c-border .c-span7,.c-border .c-span8,.c-border .c-span9,.c-border .c-span10,.c-border .c-span11,.c-border .c-span12,.c-border .c-span13,.c-border .c-span14,.c-border .c-span15,.c-border .c-span16,.c-border .c-span17,.c-border .c-span18,.c-border .c-span19,.c-border .c-span20,.c-border .c-span21,.c-border .c-span22,.c-border .c-span23,.c-border .c-span24{margin-right:10px}.c-border .c-span-last{margin-right:0}.c-loading{display:block;width:50px;height:50px;background:url(//www.baidu.com/aladdin/img/tools/loading.gif) no-repeat 0 0}.c-vline{display:inline-block;margin:0 3px;border-left:1px solid #ddd;width:0;height:12px;_vertical-align:middle;_overflow:hidden}.c-icon{background:url(https://ss1.bdstatic.com/5eN1bjq8AAUYm2zgoY3K/r/www/cache/static/protocol/https/global/img/icons_5859e57.png) no-repeat 0 0;_background-image:url(https://ss1.bdstatic.com/5eN1bjq8AAUYm2zgoY3K/r/www/cache/static/protocol/https/global/img/icons_d5b04cc.gif)}.c-icon{display:inline-block;width:14px;height:14px;vertical-align:text-bottom;font-style:normal;overflow:hidden}.c-icon-unfold,.c-icon-fold,.c-icon-chevron-unfold,.c-icon-chevron-fold{width:12px;height:12px}.c-icon-star,.c-icon-star-gray{width:60px}.c-icon-qa-empty,.c-icon-safeguard,.c-icon-register-empty,.c-icon-zan,.c-icon-music,.c-icon-music-gray,.c-icon-location,.c-icon-warning,.c-icon-doc,.c-icon-xls,.c-icon-ppt,.c-icon-pdf,.c-icon-txt,.c-icon-play-black,.c-icon-gift,.c-icon-baidu-share,.c-icon-bear,.c-icon-bear-border,.c-icon-location-blue,.c-icon-hotAirBall,.c-icon-moon,.c-icon-streetMap,.c-icon-mv,.c-icon-zhidao-s,.c-icon-shopping{width:16px;height:16px}.c-icon-bear-circle,.c-icon-warning-circle,.c-icon-warning-triangle,.c-icon-warning-circle-gray{width:18px;height:18px}.c-icon-tieba,.c-icon-zhidao,.c-icon-bear-p,.c-icon-bear-pn{width:24px;height:24px}.c-icon-ball-blue,.c-icon-ball-red{width:38px;height:38px}.c-icon-unfold:hover,.c-icon-fold:hover,.c-icon-chevron-unfold:hover,.c-icon-chevron-fold:hover,.c-icon-download:hover,.c-icon-lyric:hover,.c-icon-v:hover,.c-icon-hui:hover,.c-icon-bao:hover,.c-icon-person:hover,.c-icon-high-v:hover,.c-icon-phone:hover,.c-icon-nuo:hover,.c-icon-fan:hover,.c-icon-med:hover,.c-icon-air:hover,.c-icon-share2:hover,.c-icon-v1:hover,.c-icon-v2:hover,.c-icon-write:hover,.c-icon-R:hover{border-color:#388bff}.c-icon-unfold:active,.c-icon-fold:active,.c-icon-chevron-unfold:active,.c-icon-chevron-fold:active,.c-icon-download:active,.c-icon-lyric:active,.c-icon-v:active,.c-icon-hui:active,.c-icon-bao:active,.c-icon-person:active,.c-icon-high-v:active,.c-icon-phone:active,.c-icon-nuo:active,.c-icon-fan:active,.c-icon-med:active,.c-icon-air:active,.c-icon-share2:active,.c-icon-v1:active,.c-icon-v2:active,.c-icon-write:active,.c-icon-R:active{border-color:#a2a6ab;background-color:#f0f0f0;box-shadow:inset 1px 1px 1px #c7c7c7;-webkit-box-shadow:inset 1px 1px 1px #c7c7c7;-moz-box-shadow:inset 1px 1px 1px #c7c7c7;-o-box-shadow:inset 1px 1px 1px #c7c7c7}.c-icon-v3:hover{border-color:#ffb300}.c-icon-v3:active{border-color:#a2a6ab;background-color:#f0f0f0;box-shadow:inset 1px 1px 1px #c7c7c7;-webkit-box-shadow:inset 1px 1px 1px #c7c7c7;-moz-box-shadow:inset 1px 1px 1px #c7c7c7;-o-box-shadow:inset 1px 1px 1px #c7c7c7}.c-icon-unfold,.c-icon-fold,.c-icon-chevron-unfold,.c-icon-chevron-fold,.c-icon-download,.c-icon-lyric{border:1px solid #d8d8d8;cursor:pointer}.c-icon-v,.c-icon-hui,.c-icon-bao,.c-icon-person,.c-icon-high-v,.c-icon-phone,.c-icon-nuo,.c-icon-fan,.c-icon-med,.c-icon-air,.c-icon-share2,.c-icon-v1,.c-icon-v2,.c-icon-v3,.c-icon-write,.c-icon-R{border:1px solid #d8d8d8;cursor:pointer;border-color:transparent;_border-color:tomato;_filter:chroma(color=#ff6347)}.c-icon-v1,.c-icon-v2,.c-icon-v3,.c-icon-v1-noborder,.c-icon-v2-noborder,.c-icon-v3-noborder,.c-icon-v1-noborder-disable,.c-icon-v2-noborder-disable,.c-icon-v3-noborder-disable{width:19px}.c-icon-download,.c-icon-lyric{width:16px;height:16px}.c-icon-play-circle,.c-icon-stop-circle{width:18px;height:18px}.c-icon-play-circle-middle,.c-icon-stop-circle-middle{width:24px;height:24px}.c-icon-play-black-large,.c-icon-stop-black-large{width:36px;height:36px}.c-icon-play-black-larger,.c-icon-stop-black-larger{width:52px;height:52px}.c-icon-flag{background-position:0 -144px}.c-icon-bus{background-position:-24px -144px}.c-icon-calendar{background-position:-48px -144px}.c-icon-street{background-position:-72px -144px}.c-icon-map{background-position:-96px -144px}.c-icon-bag{background-position:-120px -144px}.c-icon-money{background-position:-144px -144px}.c-icon-game{background-position:-168px -144px}.c-icon-user{background-position:-192px -144px}.c-icon-globe{background-position:-216px -144px}.c-icon-lock{background-position:-240px -144px}.c-icon-plane{background-position:-264px -144px}.c-icon-list{background-position:-288px -144px}.c-icon-star-gray{background-position:-312px -144px}.c-icon-circle-gray{background-position:-384px -144px}.c-icon-triangle-down{background-position:-408px -144px}.c-icon-triangle-up{background-position:-432px -144px}.c-icon-triangle-up-empty{background-position:-456px -144px}.c-icon-sort-gray{background-position:-480px -144px}.c-icon-sort-up{background-position:-504px -144px}.c-icon-sort-down{background-position:-528px -144px}.c-icon-down-gray{background-position:-552px -144px}.c-icon-up-gray{background-position:-576px -144px}.c-icon-download-noborder{background-position:-600px -144px}.c-icon-lyric-noborder{background-position:-624px -144px}.c-icon-download-white{background-position:-648px -144px}.c-icon-close{background-position:-672px -144px}.c-icon-fail{background-position:-696px -144px}.c-icon-success{background-position:-720px -144px}.c-icon-triangle-down-g{background-position:-744px -144px}.c-icon-refresh{background-position:-768px -144px}.c-icon-chevron-left-gray{background-position:-816px -144px}.c-icon-chevron-right-gray{background-position:-840px -144px}.c-icon-setting{background-position:-864px -144px}.c-icon-close2{background-position:-888px -144px}.c-icon-chevron-top-gray-s{background-position:-912px -144px}.c-icon-fullscreen{background-position:0 -168px}.c-icon-safe{background-position:-24px -168px}.c-icon-exchange{background-position:-48px -168px}.c-icon-chevron-bottom{background-position:-72px -168px}.c-icon-chevron-top{background-position:-96px -168px}.c-icon-unfold{background-position:-120px -168px}.c-icon-fold{background-position:-144px -168px}.c-icon-chevron-unfold{background-position:-168px -168px}.c-icon-qa{background-position:-192px -168px}.c-icon-register{background-position:-216px -168px}.c-icon-star{background-position:-240px -168px}.c-icon-star-gray{position:relative}.c-icon-star-gray .c-icon-star{position:absolute;top:0;left:0}.c-icon-play-blue{background-position:-312px -168px}.c-icon-pic{width:16px;background-position:-336px -168px}.c-icon-chevron-fold{background-position:-360px -168px}.c-icon-video{width:18px;background-position:-384px -168px}.c-icon-circle-blue{background-position:-408px -168px}.c-icon-circle-yellow{background-position:-432px -168px}.c-icon-play-white{background-position:-456px -168px}.c-icon-triangle-down-blue{background-position:-480px -168px}.c-icon-chevron-unfold2{background-position:-504px -168px}.c-icon-right{background-position:-528px -168px}.c-icon-right-empty{background-position:-552px -168px}.c-icon-new-corner{width:15px;background-position:-576px -168px}.c-icon-horn{background-position:-600px -168px}.c-icon-right-large{width:18px;background-position:-624px -168px}.c-icon-wrong-large{background-position:-648px -168px}.c-icon-circle-blue-s{background-position:-672px -168px}.c-icon-play-gray{background-position:-696px -168px}.c-icon-up{background-position:-720px -168px}.c-icon-down{background-position:-744px -168px}.c-icon-stable{background-position:-768px -168px}.c-icon-calendar-blue{background-position:-792px -168px}.c-icon-triangle-down-blue2{background-position:-816px -168px}.c-icon-triangle-up-blue2{background-position:-840px -168px}.c-icon-down-blue{background-position:-864px -168px}.c-icon-up-blue{background-position:-888px -168px}.c-icon-ting{background-position:-912px -168px}.c-icon-piao{background-position:-936px -168px}.c-icon-wrong-empty{background-position:-960px -168px}.c-icon-warning-circle-s{background-position:-984px -168px}.c-icon-chevron-left{background-position:-1008px -168px}.c-icon-chevron-right{background-position:-1032px -168px}.c-icon-circle-gray-s{background-position:-1056px -168px}.c-icon-v,.c-icon-v-noborder{background-position:0 -192px}.c-icon-hui{background-position:-24px -192px}.c-icon-bao{background-position:-48px -192px}.c-icon-phone{background-position:-72px -192px}.c-icon-qa-empty{background-position:-96px -192px}.c-icon-safeguard{background-position:-120px -192px}.c-icon-register-empty{background-position:-144px -192px}.c-icon-zan{background-position:-168px -192px}.c-icon-music{background-position:-192px -192px}.c-icon-music-gray{background-position:-216px -192px}.c-icon-location{background-position:-240px -192px}.c-icon-warning{background-position:-264px -192px}.c-icon-doc{background-position:-288px -192px}.c-icon-xls{background-position:-312px -192px}.c-icon-ppt{background-position:-336px -192px}.c-icon-pdf{background-position:-360px -192px}.c-icon-txt{background-position:-384px -192px}.c-icon-play-black{background-position:-408px -192px}.c-icon-play-black:hover{background-position:-432px -192px}.c-icon-gift{background-position:-456px -192px}.c-icon-baidu-share{background-position:-480px -192px}.c-icon-bear{background-position:-504px -192px}.c-icon-R{background-position:-528px -192px}.c-icon-bear-border{background-position:-576px -192px}.c-icon-person,.c-icon-person-noborder{background-position:-600px -192px}.c-icon-location-blue{background-position:-624px -192px}.c-icon-hotAirBall{background-position:-648px -192px}.c-icon-moon{background-position:-672px -192px}.c-icon-streetMap{background-position:-696px -192px}.c-icon-high-v,.c-icon-high-v-noborder{background-position:-720px -192px}.c-icon-nuo{background-position:-744px -192px}.c-icon-mv{background-position:-768px -192px}.c-icon-fan{background-position:-792px -192px}.c-icon-med{background-position:-816px -192px}.c-icon-air{background-position:-840px -192px}.c-icon-share2{background-position:-864px -192px}.c-icon-v1,.c-icon-v1-noborder{background-position:-888px -192px}.c-icon-v2,.c-icon-v2-noborder{background-position:-912px -192px}.c-icon-v3,.c-icon-v3-noborder{background-position:-936px -192px}.c-icon-v1-noborder-disable{background-position:-960px -192px}.c-icon-v2-noborder-disable{background-position:-984px -192px}.c-icon-v3-noborder-disable{background-position:-1008px -192px}.c-icon-write{background-position:-1032px -192px}.c-icon-zhidao-s{background-position:-1056px -192px}.c-icon-shopping{background-position:-1080px -192px}.c-icon-bear-circle{background-position:0 -216px}.c-icon-warning-circle{background-position:-24px -216px}.c-icon-warning-triangle{width:24px;background-position:-48px -216px}.c-icon-warning-circle-gray{background-position:-72px -216px}.c-icon-ball-red{background-position:0 -240px}.c-icon-ball-blue{background-position:-48px -240px}.c-icon-tieba{background-position:0 -288px}.c-icon-zhidao{background-position:-48px -288px}.c-icon-bear-p{background-position:-96px -288px}.c-icon-bear-pn{background-position:-144px -288px}.c-icon-download{background-position:0 -336px}.c-icon-lyric{background-position:-24px -336px}.c-icon-play-circle{background-position:-48px -336px}.c-icon-play-circle:hover{background-position:-72px -336px}.c-icon-stop-circle{background-position:-96px -336px}.c-icon-stop-circle:hover{background-position:-120px -336px}.c-icon-play-circle-middle{background-position:0 -360px}.c-icon-play-circle-middle:hover{background-position:-48px -360px}.c-icon-stop-circle-middle{background-position:-96px -360px}.c-icon-stop-circle-middle:hover{background-position:-144px -360px}.c-icon-play-black-large{background-position:0 -408px}.c-icon-play-black-large:hover{background-position:-48px -408px}.c-icon-stop-black-large{background-position:-96px -408px}.c-icon-stop-black-large:hover{background-position:-144px -408px}.c-icon-play-black-larger{background-position:0 -456px}.c-icon-play-black-larger:hover{background-position:-72px -456px}.c-icon-stop-black-larger{background-position:-144px -456px}.c-icon-stop-black-larger:hover{background-position:-216px -456px}.c-recommend{font-size:0;padding:5px 0;border:1px solid #f3f3f3;border-left:0;border-right:0}.c-recommend .c-icon{margin-bottom:-4px}.c-recommend .c-gray,.c-recommend a{font-size:13px}.c-recommend-notopline{padding-top:0;border-top:0}.c-recommend-vline{display:inline-block;margin:0 10px -2px;border-left:1px solid #d8d8d8;width:0;height:12px;_vertical-align:middle;_overflow:hidden}.c-text{display:inline-block;padding:2px;text-align:center;vertical-align:text-bottom;font-size:12px;line-height:100%;font-style:normal;font-weight:400;color:#fff;overflow:hidden}a.c-text{text-decoration:none}.c-text-new{background-color:#f13f40}.c-text-info{padding-left:0;padding-right:0;font-weight:700;color:#2b99ff;*vertical-align:baseline;_position:relative;_top:2px}.c-text-info b{_position:relative;_top:-1px}.c-text-info span{padding:0 2px;font-weight:400}.c-text-important{background-color:#1cb7fd}.c-text-public{background-color:#2b99ff}.c-text-warning{background-color:#ff830f}.c-text-prompt{background-color:#f5c537}.c-text-danger{background-color:#f13f40}.c-text-safe{background-color:#52c277}.c-text-empty{padding-top:1px;padding-bottom:1px;border:1px solid #d8d8d8;cursor:pointer;color:#23b9fd;background-color:#fff}.c-text-empty:hover{border-color:#388bff}.c-text-empty:active{border-color:#a2a6ab;background-color:#f0f0f0;box-shadow:inset 1px 1px 1px #c7c7c7;-webkit-box-shadow:inset 1px 1px 1px #c7c7c7;-moz-box-shadow:inset 1px 1px 1px #c7c7c7;-o-box-shadow:inset 1px 1px 1px #c7c7c7}.c-text-mult{padding-left:5px;padding-right:5px}.c-text-gray{background-color:#666}.c-btn,.c-btn:visited{color:#333!important}.c-btn{display:inline-block;padding:0 14px;margin:0;height:24px;line-height:25px;font-size:13px;filter:chroma(color=#000000);*zoom:1;border:1px solid #d8d8d8;cursor:pointer;font-family:inherit;font-weight:400;text-align:center;vertical-align:middle;background-color:#f9f9f9;overflow:hidden;outline:0}.c-btn:hover{border-color:#388bff}.c-btn:active{border-color:#a2a6ab;background-color:#f0f0f0;box-shadow:inset 1px 1px 1px #c7c7c7;-webkit-box-shadow:inset 1px 1px 1px #c7c7c7;-moz-box-shadow:inset 1px 1px 1px #c7c7c7;-o-box-shadow:inset 1px 1px 1px #c7c7c7}a.c-btn{text-decoration:none}button.c-btn{height:26px;_line-height:18px;*overflow:visible}button.c-btn::-moz-focus-inner{padding:0;border:0}.c-btn .c-icon{margin-top:5px}.c-btn-disable{color:#999!important}.c-btn-disable:visited{color:#999!important}.c-btn-disable:hover{border:1px solid #d8d8d8;cursor:default}.c-btn-disable:active{border-color:#d8d8d8;background-color:#f9f9f9;box-shadow:none;-webkit-box-shadow:none;-moz-box-shadow:none;-o-box-shadow:none}.c-btn-mini{padding-left:5px;padding-right:5px;height:18px;line-height:18px;font-size:12px}button.c-btn-mini{height:20px;_height:18px;_line-height:14px}.c-btn-mini .c-icon{margin-top:2px}.c-btn-large{height:28px;line-height:28px;font-size:14px;font-family:"微软雅黑","黑体"}button.c-btn-large{height:30px;_line-height:24px}.c-btn-large .c-icon{margin-top:7px;_margin-top:6px}.c-btn-primary,.c-btn-primary:visited{color:#fff!important}.c-btn-primary{background-color:#388bff;border-color:#3c8dff #408ffe #3680e6}.c-btn-primary:hover{border-color:#2678ec #2575e7 #1c6fe2 #2677e7;background-color:#388bff;background-image:url(data:image/png;base64,iVBORw0KGgoAAAANSUhEUgAAAAEAAAACCAMAAACuX0YVAAAABlBMVEVnpv85i/9PO5r4AAAAD0lEQVR42gEEAPv/AAAAAQAFAAIros7PAAAAAElFTkSuQmCC);*background-image:none;background-repeat:repeat-x;box-shadow:1px 1px 1px rgba(0,0,0,.4);-webkit-box-shadow:1px 1px 1px rgba(0,0,0,.4);-moz-box-shadow:1px 1px 1px rgba(0,0,0,.4);-o-box-shadow:1px 1px 1px rgba(0,0,0,.4)}.c-btn-primary:active{border-color:#178ee3 #1784d0 #177bbf #1780ca;background-color:#388bff;background-image:none;box-shadow:inset 1px 1px 1px rgba(0,0,0,.15);-webkit-box-shadow:inset 1px 1px 1px rgba(0,0,0,.15);-moz-box-shadow:inset 1px 1px 1px rgba(0,0,0,.15);-o-box-shadow:inset 1px 1px 1px rgba(0,0,0,.15)}.c-btn .c-icon{float:left}.c-dropdown2{position:relative;display:inline-block;width:100%;height:26px;line-height:26px;font-size:13px;vertical-align:middle;outline:0;_font-family:SimSun;background-color:#fff;word-wrap:normal;word-break:normal}.c-dropdown2 .c-dropdown2-btn-group{position:relative;height:24px;border:1px solid #999;border-bottom-color:#d8d8d8;border-right-color:#d8d8d8;-moz-user-select:none;-webkit-user-select:none;user-select:none}.c-dropdown2:hover .c-dropdown2-btn-group,.c-dropdown2-hover .c-dropdown2-btn-group{box-shadow:inset 1px 1px 0 0 #d8d8d8;-webkit-box-shadow:inset 1px 1px 0 0 #d8d8d8;-moz-box-shadow:inset 1px 1px 0 0 #d8d8d8;-o-box-shadow:inset 1px 1px 0 0 #d8d8d8}.c-dropdown2:hover .c-dropdown2-btn-icon,.c-dropdown2-hover .c-dropdown2-btn-icon{box-shadow:inset 0 1px 0 0 #d8d8d8;-webkit-box-shadow:inset 0 1px 0 0 #d8d8d8;-moz-box-shadow:inset 0 1px 0 0 #d8d8d8;-o-box-shadow:inset 0 1px 0 0 #d8d8d8}.c-dropdown2:hover .c-dropdown2-btn-icon-border,.c-dropdown2-hover .c-dropdown2-btn-icon-border{background-color:#f2f2f2}.c-dropdown2 .c-dropdown2-btn{height:24px;padding-left:10px;padding-right:10px;cursor:default;overflow:hidden;white-space:nowrap}.c-dropdown2 .c-dropdown2-btn-icon{position:absolute;top:0;right:0;width:23px;height:24px;line-height:24px;background-color:#fff;padding:0 1px 0 10px}.c-dropdown2 .c-dropdown2-btn-icon-border{height:24px;width:23px;border-left:1px solid #d9d9d9;text-align:center;zoom:1}.c-dropdown2 .c-icon-triangle-down{*margin-top:5px;_margin-left:2px}.c-dropdown2 .c-dropdown2-menu{position:absolute;left:0;top:100%;_margin-top:0;width:100%;overflow:hidden;border:1px solid #bbb;background:#fff;visibility:hidden}.c-dropdown2 .c-dropdown2-menu-inner{overflow:hidden}.c-dropdown2 .c-dropdown2-option{background-color:#fff;cursor:pointer}.c-dropdown2 .c-dropdown2-selected{background-color:#f5f5f5}.c-dropdown2-common ul,.c-dropdown2-common li{margin:0;padding:0;list-style:none}.c-dropdown2-common .c-dropdown2-option{height:26px;line-height:26px;font-size:12px;color:#333;white-space:nowrap;cursor:pointer;padding-left:10px}.c-dropdown2-common .c-dropdown2-selected{background-color:#f5f5f5}.c-dropdown2-common .c-dropdown2-menu-group .c-dropdown2-group{padding-left:10px;font-weight:700;cursor:default}.c-dropdown2-common .c-dropdown2-menu-group .c-dropdown2-option{padding-left:20px}.c-img{display:block;min-height:1px;border:0 0}.c-img3{width:52px}.c-img4{width:75px}.c-img6{width:121px}.c-img7{width:144px}.c-img12{width:259px}.c-img15{width:328px}.c-img18{width:397px}.c-border .c-img3{width:56px}.c-border .c-img4{width:78px}.c-border .c-img7{width:144px}.c-border .c-img12{width:254px}.c-border .c-img15{width:320px}.c-border .c-img18{width:386px}.c-index{display:inline-block;padding:1px 0;color:#fff;width:14px;line-height:100%;font-size:12px;text-align:center;background-color:#8eb9f5}.c-index-hot,.c-index-hot1{background-color:#f54545}.c-index-hot2{background-color:#ff8547}.c-index-hot3{background-color:#ffac38}.c-input{display:inline-block;padding:0 4px;height:24px;line-height:24px\9;font-size:13px;border:1px solid #999;border-bottom-color:#d8d8d8;border-right-color:#d8d8d8;outline:0;box-sizing:content-box;-webkit-box-sizing:content-box;-moz-box-sizing:content-box;vertical-align:top;overflow:hidden}.c-input:hover{box-shadow:inset 1px 1px 1px 0 #d8d8d8;-webkit-box-shadow:inset 1px 1px 1px 0 #d8d8d8;-moz-box-shadow:inset 1px 1px 1px 0 #d8d8d8;-o-box-shadow:inset 1px 1px 1px 0 #d8d8d8}.c-input .c-icon{float:right;margin-top:6px}.c-input .c-icon-left{float:left;margin-right:4px}.c-input input{float:left;height:22px;*padding-top:4px;margin-top:2px;font-size:13px;border:0;outline:0}.c-input{width:180px}.c-input input{width:162px}.c-input-xmini{width:65px}.c-input-xmini input{width:47px}.c-input-mini{width:88px}.c-input-mini input{width:70px}.c-input-small{width:157px}.c-input-small input{width:139px}.c-input-large{width:203px}.c-input-large input{width:185px}.c-input-xlarge{width:341px}.c-input-xlarge input{width:323px}.c-input12{width:249px}.c-input12 input{width:231px}.c-input20{width:433px}.c-input20 input{width:415px}.c-border .c-input{width:178px}.c-border .c-input input{width:160px}.c-border .c-input-xmini{width:68px}.c-border .c-input-xmini input{width:50px}.c-border .c-input-mini{width:90px}.c-border .c-input-mini input{width:72px}.c-border .c-input-small{width:156px}.c-border .c-input-small input{width:138px}.c-border .c-input-large{width:200px}.c-border .c-input-large input{width:182px}.c-border .c-input-xlarge{width:332px}.c-border .c-input-xlarge input{width:314px}.c-border .c-input12{width:244px}.c-border .c-input12 input{width:226px}.c-border .c-input20{width:420px}.c-border .c-input20 input{width:402px}.c-numberset{*zoom:1}.c-numberset:after{display:block;height:0;content:"";clear:both;visibility:hidden}.c-numberset li{float:left;margin-right:17px;list-style:none}.c-numberset .c-numberset-last{margin-right:0}.c-numberset a{display:block;width:50px;text-decoration:none;text-align:center;border:1px solid #d8d8d8;cursor:pointer}.c-numberset a:hover{border-color:#388bff}.c-border .c-numberset li{margin-right:10px}.c-border .c-numberset .c-numberset-last{margin-right:0}.c-border .c-numberset a{width:54px}.c-table{width:100%;border-collapse:collapse;border-spacing:0}.c-table th,.c-table td{padding-left:10px;line-height:1.54;font-size:13px;border-bottom:1px solid #f3f3f3;text-align:left}.cr-content .c-table th:first-child,.cr-content .c-table td:first-child{padding-left:0}.c-table th{padding-top:4px;padding-bottom:4px;font-weight:400;color:#666;border-color:#f0f0f0;white-space:nowrap;background-color:#fafafa}.c-table td{padding-top:6.5px;padding-bottom:6.5px}.c-table-hasimg td{padding-top:10px;padding-bottom:10px}.c-table a,.c-table em{text-decoration:none}.c-table a:hover,.c-table a:hover em{text-decoration:underline}.c-table a.c-icon:hover{text-decoration:none}.c-table .c-btn:hover,.c-table .c-btn:hover em{text-decoration:none}.c-table-nohihead th{background-color:transparent}.c-table-noborder td{border-bottom:0}.c-tabs-nav-movetop{margin:-10px -9px 0 -10px;position:relative}.c-tabs-nav{border-bottom:1px solid #d9d9d9;background-color:#fafafa;line-height:1.54;font-size:0;*zoom:1;_overflow-x:hidden;_position:relative}.c-tabs-nav:after{display:block;height:0;content:"";clear:both;visibility:hidden}.c-tabs-nav .c-tabs-nav-btn{float:right;_position:absolute;_top:0;_right:0;_z-index:1;background:#fafafa}.c-tabs-nav .c-tabs-nav-btn .c-tabs-nav-btn-prev,.c-tabs-nav .c-tabs-nav-btn .c-tabs-nav-btn-next{float:left;padding:6px 2px;cursor:pointer}.c-tabs-nav .c-tabs-nav-btn .c-tabs-nav-btn-disable{cursor:default}.c-tabs-nav .c-tabs-nav-view{_position:relative;overflow:hidden;*zoom:1;margin-bottom:-1px}.c-tabs-nav .c-tabs-nav-view .c-tabs-nav-li{margin-bottom:0}.c-tabs-nav .c-tabs-nav-more{float:left;white-space:nowrap}.c-tabs-nav li,.c-tabs-nav a{color:#666;font-size:13px;*zoom:1}.c-tabs-nav li{display:inline-block;margin-bottom:-1px;*display:inline;padding:3px 15px;vertical-align:bottom;border-style:solid;border-width:2px 1px 0;border-color:transparent;_border-color:tomato;_filter:chroma(color=#ff6347);list-style:none;cursor:pointer;white-space:nowrap;overflow:hidden}.c-tabs-nav a{text-decoration:none}.c-tabs-nav .c-tabs-nav-sep{height:16px;width:0;padding:0;margin-bottom:4px;border-style:solid;border-width:0 1px;border-color:transparent #fff transparent #dedede}.c-tabs-nav .c-tabs-nav-selected{_position:relative;border-color:#2c99ff #e4e4e4 #fff #dedede;background-color:#fff;color:#000;cursor:default}.c-tabs-nav-one .c-tabs-nav-selected{border-color:transparent;_border-color:tomato;_filter:chroma(color=#ff6347);background-color:transparent;color:#666}.c-tabs .c-tabs .c-tabs-nav{padding:10px 0 5px;border:0 0;background-color:#fff}.c-tabs .c-tabs .c-tabs-nav li,.c-tabs .c-tabs .c-tabs-nav a{color:#00c}.c-tabs .c-tabs .c-tabs-nav li{padding:0 5px;position:static;margin:0 10px;border:0 0;cursor:pointer;white-space:nowrap}.c-tabs .c-tabs .c-tabs-nav .c-tabs-nav-sep{height:11px;width:0;padding:0;margin:0 0 4px;border:0 0;border-left:1px solid #d8d8d8}.c-tabs .c-tabs .c-tabs-nav .c-tabs-nav-selected{background-color:#2c99ff;color:#fff;cursor:default}.c-tag{padding-top:3px;margin-bottom:3px;height:1.7em;font-size:13px;line-height:1.4em;transition:height .3s ease-in;-webkit-transition:height .3s ease-in;-moz-transition:height .3s ease-in;-ms-transition:height .3s ease-in;-o-transition:height .3s ease-in;*zoom:1;overflow:hidden}.c-tag:after{display:block;height:0;content:"";clear:both;visibility:hidden}.c-tag-cont{overflow:hidden;*zoom:1}.c-tag-type,.c-tag-li,.c-tag-more,.c-tag-cont span{margin:2px 0}.c-tag-type,.c-tag-li,.c-tag-cont span{float:left}.c-tag-type,.c-tag-more{color:#666}.c-tag-li,.c-tag-cont span{padding:0 4px;display:inline-block;margin-right:12px;white-space:nowrap;cursor:pointer;color:#00c}.c-tag .c-tag-selected{background:#388bff;color:#fff}.c-tag-more{float:right;background:#fff;cursor:pointer;*height:18px}.c-tool{display:inline-block;width:56px;height:56px;background:url(//www.baidu.com/aladdin/img/tools/tools-5.png) no-repeat}.c-tool-region{background-position:0 0}.c-tool-calendar{background-position:-72px 0}.c-tool-city{background-position:-144px 0}.c-tool-phone-pos{background-position:-216px 0}.c-tool-other{background-position:-288px 0}.c-tool-midnight{background-position:-360px 0}.c-tool-kefu{width:121px;background-position:-432px 0}.c-tool-phone{background-position:-576px 0}.c-tool-car{background-position:-648px 0}.c-tool-station{background-position:0 -72px}.c-tool-cheat{background-position:-72px -72px}.c-tool-counter{background-position:-144px -72px}.c-tool-time{background-position:-216px -72px}.c-tool-zip{background-position:-288px -72px}.c-tool-warning{background-position:-360px -72px}.c-tool-ip{background-position:0 -144px}.c-tool-unit{background-position:-72px -144px}.c-tool-rate{background-position:-144px -144px}.c-tool-conversion{background-position:-288px -144px}.c-tool-ads{background-position:-360px -144px}.soutu-input{padding-left:55px!important}.soutu-input-image{position:absolute;left:1px;top:1px;height:28px;width:49px;z-index:1;padding:0;background:#e6e6e6;border:1px solid #e6e6e6}.soutu-input-thumb{height:28px;width:28px;min-width:1px}.soutu-input-close{position:absolute;right:0;top:0;cursor:pointer;display:block;width:22px;height:28px}.soutu-input-close::after{content:" ";position:absolute;right:3px;top:50%;cursor:pointer;margin-top:-7px;display:block;width:14px;height:14px;background:url(https://ss1.bdstatic.com/5eN1bjq8AAUYm2zgoY3K/r/www/cache/static/protocol/https/soutu/img/soutu_icons_new_8abaf8a.png) no-repeat -163px 0}.soutu-input-image:hover .soutu-input-close::after{background-position:-215px 2px}.fb-hint{margin-top:5px;transition-duration:.9s;opacity:0;display:none;color:red}.fb-img{display:none}.fb-hint-tip{height:44px;line-height:24px;background-color:#38f;color:#fff;box-sizing:border-box;width:269px;font-size:16px;padding:10px;padding-left:14px;position:absolute;top:-65px;right:-15px;border-radius:3px;z-index:299}.fb-hint-tip::before{content:"";width:0;height:0;display:block;position:absolute;border-left:8px solid transparent;border-right:8px solid transparent;border-top:8px solid #38f;bottom:-8px;right:25px}.fb-mask,.fb-mask-light{position:absolute;top:0;left:0;bottom:0;right:0;z-index:296;background-color:#000;filter:alpha(opacity=60);background-color:rgba(0,0,0,.6)}.fb-mask-light{background-color:#fff;filter:alpha(opacity=0);background-color:rgba(255,255,255,0)}.fb-success .fb-success-text{text-align:center;color:#333;font-size:13px;margin-bottom:14px}.fb-success-text.fb-success-text-title{color:#3b6;font-size:16px;margin-bottom:16px}.fb-success-text-title i{width:16px;height:16px;margin-right:5px}.fb-list-container{box-sizing:border-box;padding:4px 8px;position:absolute;top:0;left:0;bottom:0;right:0;z-index:298;display:block;width:100%;cursor:pointer;margin-top:-5px;margin-left:-5px}.fb-list-container-hover{background-color:#fff;border:2px #38f solid}.fb-list-container-first{box-sizing:border-box;padding-left:10px;padding-top:5px;position:absolute;top:0;left:0;bottom:0;right:0;z-index:297;display:block;width:100%;cursor:pointer;margin-top:-5px;margin-left:-5px;border:3px #f5f5f5 dashed;border-radius:3px}.fb-des-content{font-size:13px!important;color:#000}.fb-des-content::-webkit-input-placeholder{font-size:13px!important;color:#9a9a9a}.fb-des-content:-moz-placeholder{font-size:13px!important;color:#9a9a9a}.fb-des-content::-moz-placeholder{font-size:13px!important;color:#9a9a9a}.fb-des-content:-ms-input-placeholder{font-size:13px!important;color:#9a9a9a}.fb-btn,.fb-btn:visited{color:#333!important}.fb-select{position:relative;background-color:#fff;border:1px solid #ccc}.fb-select i{position:absolute;right:2px;top:7px}.fb-type{width:350px;box-sizing:border-box;height:28px;font-size:13px;line-height:28px;border:0;word-break:normal;word-wrap:normal;position:relative;appearance:none;-moz-appearance:none;-webkit-appearance:none;display:inline-block;vertical-align:middle;line-height:normal;color:#333;background-color:transparent;border-radius:0;overflow:hidden;outline:0;padding-left:5px}.fb-type::-ms-expand{display:none}.fb-btn{display:inline-block;padding:0 14px;margin:0;height:24px;line-height:25px;font-size:13px;filter:chroma(color=#000000);*zoom:1;border:1px solid #d8d8d8;cursor:pointer;font-family:inherit;font-weight:400;text-align:center;vertical-align:middle;background-color:#f9f9f9;overflow:hidden;outline:0}.fb-btn:hover{border-color:#388bff}.fb-btn:active{border-color:#a2a6ab;background-color:#f0f0f0;box-shadow:inset 1px 1px 1px #c7c7c7;-webkit-box-shadow:inset 1px 1px 1px #c7c7c7;-moz-box-shadow:inset 1px 1px 1px #c7c7c7;-o-box-shadow:inset 1px 1px 1px #c7c7c7}a.fb-btn{text-decoration:none}button.fb-btn{height:26px;_line-height:18px;*overflow:visible}button.fb-btn::-moz-focus-inner{padding:0;border:0}.fb-btn .c-icon{margin-top:5px}.fb-btn-primary,.fb-btn-primary:visited{color:#fff!important}.fb-btn-primary{background-color:#388bff;_width:82px;border-color:#3c8dff #408ffe #3680e6}.fb-btn-primary:hover{border-color:#2678ec #2575e7 #1c6fe2 #2677e7;background-color:#388bff;background-image:url(data:image/png;base64,iVBORw0KGgoAAAANSUhEUgAAAAEAAAACCAMAAACuX0YVAAAABlBMVEVnpv85i/9PO5r4AAAAD0lEQVR42gEEAPv/AAAAAQAFAAIros7PAAAAAElFTkSuQmCC);background-repeat:repeat-x;box-shadow:1px 1px 1px rgba(0,0,0,.4);-webkit-box-shadow:1px 1px 1px rgba(0,0,0,.4);-moz-box-shadow:1px 1px 1px rgba(0,0,0,.4);-o-box-shadow:1px 1px 1px rgba(0,0,0,.4)}.fb-btn-primary:active{border-color:#178ee3 #1784d0 #177bbf #1780ca;background-color:#388bff;background-image:none;box-shadow:inset 1px 1px 1px rgba(0,0,0,.15);-webkit-box-shadow:inset 1px 1px 1px rgba(0,0,0,.15);-moz-box-shadow:inset 1px 1px 1px rgba(0,0,0,.15);-o-box-shadow:inset 1px 1px 1px rgba(0,0,0,.15)}.fb-feedback-right-dialog{position:fixed;z-index:299;bottom:0;right:0}.fb-feedback-list-dialog,.fb-feedback-list-dialog-left{position:absolute;z-index:299}.fb-feedback-list-dialog:before{content:"";width:0;height:0;display:block;position:absolute;top:15px;left:-6px;border-top:8px solid transparent;border-bottom:8px solid transparent;border-right:8px solid #fff}.fb-feedback-list-dialog-left:before{content:"";width:0;height:0;display:block;position:absolute;top:15px;right:-6px;border-top:8px solid transparent;border-bottom:8px solid transparent;border-left:8px solid #fff}.fb-header{padding-left:20px;padding-right:20px;margin-top:14px;text-align:left;-moz-user-select:none}.fb-header .fb-close{opacity:.2;filter:alpha(opacity=20)}.fb-close{text-decoration:none;margin-top:2px;float:right;font-size:20px;font-weight:700;line-height:18px;color:#666;text-shadow:0 1px 0 #fff}.fb-header a.fb-close:hover{text-decoration:none}.fb-header-tips{font-size:16px;margin:0;color:#333;text-rendering:optimizelegibility}.fb-body{margin-bottom:0;padding:20px;padding-top:10px;overflow:hidden;text-align:left}.fb-modal,.fb-success{background-color:#fff;cursor:default;top:100%;left:100%;width:390px;overflow:hidden;border:1px solid #999;*border:1px solid #ddd;font-size:13px;line-height:1.54}.fb-textarea textarea{width:350px;height:64px;padding:4px;margin:10px 0;vertical-align:top;resize:none;overflow:auto;box-sizing:border-box;display:inline-block;border:1px solid #ccc;-webkit-border-radius:0;-moz-border-radius:0;border-radius:0;-webkit-box-shadow:inset 0 1px 1px rgba(0,0,0,.075);-moz-box-shadow:inset 0 1px 1px rgba(0,0,0,.075);box-shadow:inset 0 1px 1px rgba(0,0,0,.075);-webkit-transition:border linear .2s,box-shadow linear .2s;-moz-transition:border linear .2s,box-shadow linear .2s;-ms-transition:border linear .2s,box-shadow linear .2s;-o-transition:border linear .2s,box-shadow linear .2s;transition:border linear .2s,box-shadow linear .2s}.fb-guide{padding-top:10px;color:#9a9a9a;margin-left:-20px;padding-left:20px;border-right-width:0;margin-right:-20px;padding-right:25px;margin-bottom:-20px;padding-bottom:15px}.fb-footer{padding-top:10px;text-align:left}.fb-block{overflow:hidden;position:relative}.fb-block .fb-email{height:28px;line-height:26px;width:350px;border:1px solid #ccc;padding:4px;padding-top:0;box-sizing:border-box;padding-bottom:0;display:inline-block;font-family:'Helvetica Neue',Helvetica,Arial,sans-serif;vertical-align:middle!important;-webkit-border-radius:0;-moz-border-radius:0;border-radius:0;-webkit-box-shadow:inset 0 1px 1px rgba(0,0,0,.075);-moz-box-shadow:inset 0 1px 1px rgba(0,0,0,.075);box-shadow:inset 0 1px 1px rgba(0,0,0,.075);-webkit-transition:border linear .2s,box-shadow linear .2s;-moz-transition:border linear .2s,box-shadow linear .2s;-ms-transition:border linear .2s,box-shadow linear .2s;-o-transition:border linear .2s,box-shadow linear .2s;transition:border linear .2s,box-shadow linear .2s}.fb-email{font-size:13px!important;color:#000}.fb-email::-webkit-input-placeholder{font-size:13px!important;color:#9a9a9a}.fb-email:-moz-placeholder{font-size:13px!important;color:#9a9a9a}.fb-email::-moz-placeholder{font-size:13px!important;color:#9a9a9a}.fb-email:-ms-input-placeholder{font-size:13px!important;color:#9a9a9a}.fb-cut-block{height:15px;padding-bottom:10px}.fb-canvas-block{height:172px;border:1px solid #ccc;margin-bottom:10px;position:relative;overflow:hidden;width:100%;background-position:center;box-sizing:border-box}.fb-canvas-block img{width:350px;position:absolute}.fb-canvas-block img[src=""]{opacity:0}.fb-cut-input{width:14px;height:14px;margin:0;margin-right:10px;display:inline-block;border:1px solid #ccc}.fb-cut-btn{width:60px!important}#fb_tips_span{vertical-align:middle}#fb_popwindow{display:block;left:457px;top:69.5px;position:absolute;width:450px;z-index:999999;background:none repeat scroll 0 0 #fff;border:1px solid #999;border-radius:3px;box-shadow:0 0 9px #999;padding:0}#feedback_dialog_content{text-align:center}#fb_right_post_save:hover{background-image:url(data:image/png;base64,iVBORw0KGgoAAAANSUhEUgAAAAEAAAACCAMAAACuX0YVAAAABlBMVEVnpv85i/9PO5r4AAAAD0lEQVR42gEEAPv/AAAAAQAFAAIros7PAAAAAElFTkSuQmCC);background-repeat:repeat-x;box-shadow:1px 1px 1px rgba(0,0,0,.4);-webkit-box-shadow:1px 1px 1px rgba(0,0,0,.4);-moz-box-shadow:1px 1px 1px rgba(0,0,0,.4);-o-box-shadow:1px 1px 1px rgba(0,0,0,.4)}.fb-select-icon{position:absolute;bottom:6px;right:5px;width:16px;height:16px;box-sizing:content-box;background-position:center center;background-repeat:no-repeat;background-size:7px 4px;-webkit-background-size:7px 4px;background-image:url(data:image/png;base64,iVBORw0KGgoAAAANSUhEUgAAAAcAAAAECAYAAABCxiV9AAAABGdBTUEAALGPC/xhBQAAACBjSFJNAAB6JgAAgIQAAPoAAACA6AAAdTAAAOpgAAA6mAAAF3CculE8AAAABmJLR0QAAAAAAAD5Q7t/AAAACXBIWXMAAAsSAAALEgHS3X78AAAAKElEQVQI12Ps7Or6z4ADMDIwMDBgU1BeVsbICOMgKygvK2PEMAbdBAAhxA08t5Q3VgAAAABJRU5ErkJggg==)}.fb-select-shorter{position:relative;min-height:28px}.fb-type-container{line-height:28px;position:absolute;top:28px;width:100%;background-color:#fff;border:1px solid #ccc;z-index:300;margin-left:-1px;display:none}.fb-type-item,.fb-type-selected{height:28px;line-height:30px;padding-left:4px}.fb-type-item:hover{background:#f5F5F5}</style>
    <meta http-equiv="X-UA-Compatible" content="IE=Edge">
	<meta content="always" name="referrer">
    <meta name="theme-color" content="#2932e1">
    
     
    
	
	
	
	
	
	
	
	
	
	
    
    <title>中文_百度搜索</title>
    



<!--[if lte IE 8]>
<style index="index" data-compress="strip">
.s_form{top:260px}
</style>
<![endif]-->
<!--[if IE 8]>
<style index="index" data-compress="strip">
#u1 a.mnav,#u1 a.mnav:visited,#u1 a.lb,#u1 a.lb:visited,#u1 a.pf,#u1 a.pf:visited,#u1 a.bri,#u1 a.bri:visited{font-family:simsun;}
</style>
<![endif]-->
<style data-for="debug">
#debug{display:none!important;}
</style>
<style data-for="result" id="css_index_result" type="text/css">#seth{display:inline;behavior:url(#default#homepage)}
#setf{display:inline}
#sekj{margin-left:14px}
#st,#sekj{display:none}
.s_ipt_wr{border:1px solid #b6b6b6;border-color:#7b7b7b #b6b6b6 #b6b6b6 #7b7b7b;background:#fff;display:inline-block;vertical-align:top;width:539px;margin-right:0;border-right-width:0;border-color:#b8b8b8 transparent #ccc #b8b8b8;overflow:hidden}
.wrapper_s .s_ipt_wr{width:439px}
.wrapper_s .s_ipt{width:434px}
.wrapper_s .s_ipt_tip{width:434px}
.s_ipt_wr:hover,.s_ipt_wr.ipthover{border-color:#999 transparent #b3b3b3 #999}
.s_ipt_wr.iptfocus{border-color:#4791ff transparent #4791ff #4791ff}
.s_ipt_tip{color:#aaa;position:absolute;z-index:-10;font:16px/22px arial;height:32px;line-height:32px;padding-left:7px;overflow:hidden;width:526px}
.s_ipt{width:526px;height:22px;font:16px/18px arial;line-height:22px\9;margin:6px 0 0 7px;padding:0;background:transparent;border:0;outline:0;-webkit-appearance:none}
#kw{position:relative}
#u .username i{background-position:-408px -144px}
.bdpfmenu,.usermenu{border:1px solid #d1d1d1;position:absolute;width:105px;top:36px;z-index:302;box-shadow:1px 1px 5px #d1d1d1;-webkit-box-shadow:1px 1px 5px #d1d1d1;-moz-box-shadow:1px 1px 5px #d1d1d1;-o-box-shadow:1px 1px 5px #d1d1d1}
.bdpfmenu{font-size:12px;background-color:#fff}
.bdpfmenu a,.usermenu a{display:block;text-align:left;margin:0!important;padding:0 9px;line-height:26px;text-decoration:none}
.briiconsbg{background-repeat:no-repeat;background-size:300px 18px;background-image:url(https://ss1.bdstatic.com/5eN1bjq8AAUYm2zgoY3K/r/www/cache/static/protocol/https/home/img/icons_0c37e9b.png);background-image:url(https://ss1.bdstatic.com/5eN1bjq8AAUYm2zgoY3K/r/www/cache/static/protocol/https/home/img/icons_809ae65.gif)\9}
#u{z-index:301;position:absolute;right:0;top:0;margin:21px 9px 5px 0;padding:0}
.wrapper_s #u{margin-right:3px}
#u a{text-decoration:underline;color:#333;margin:0 7px}
.wrapper_s #u a{margin-right:0 6px}
#u div a{text-decoration:none}
#u a:hover{text-decoration:underline}
#u .back_org{color:#666;float:left;display:inline-block;height:24px;line-height:24px}
#u .bri{display:inline-block;width:24px;height:24px;float:left;line-height:24px;color:transparent;background:url(https://ss1.bdstatic.com/5eN1bjq8AAUYm2zgoY3K/r/www/cache/static/protocol/https/home/img/icons_0c37e9b.png) no-repeat 4px 3px;background-size:300px 18px;background-image:url(https://ss1.bdstatic.com/5eN1bjq8AAUYm2zgoY3K/r/www/cache/static/protocol/https/home/img/icons_809ae65.gif)\9;overflow:hidden}
#u .bri:hover,#u .bri.brihover{background-position:-18px 3px}
#mCon #imeSIcon{background-position:-408px -144px;margin-left:0}
#mCon span{color:#333}
.bdpfmenu a:link,.bdpfmenu a:visited,#u .usermenu a:link,#u .usermenu a:visited{background:#fff;color:#333}
.bdpfmenu a:hover,.bdpfmenu a:active,#u .usermenu a:hover,#u .usermenu a:active{background:#38f;text-decoration:none;color:#fff}
.bdpfmenu{width:70px}
.usermenu{width:68px;right:8px}
#wrapper .bdnuarrow{width:0;height:0;font-size:0;line-height:0;display:block;position:absolute;top:-10px;left:50%;margin-left:-5px}
#wrapper .bdnuarrow em,#wrapper .bdnuarrow i{width:0;height:0;font-size:0;line-height:0;display:block;position:absolute;border:5px solid transparent;border-style:dashed dashed solid}
#wrapper .bdnuarrow em{border-bottom-color:#d8d8d8;top:-1px}
#wrapper .bdnuarrow i{border-bottom-color:#fff;top:0}
#prefpanel{background:#fafafa;display:none;opacity:0;position:fixed;_position:absolute;top:-359px;z-index:500;width:100%;min-width:960px;border-bottom:1px solid #ebebeb}
#prefpanel form{_width:850px}
#kw_tip{cursor:default;display:none;margin-top:1px}
#bds-message-wrapper{top:43px}
.quickdelete-wrap{position:relative}
.quickdelete-wrap input{width:500px}
.wrapper_l .quickdelete-wrap input{width:500px}
.wrapper_s .quickdelete-wrap input{width:402px}
input::-ms-clear{display:none}
.quickdelete{width:32px;height:32px;background:url(https://ss1.bdstatic.com/5eN1bjq8AAUYm2zgoY3K/r/www/cache/static/protocol/https/global/img/quickdelete_33e3eb8.png) no-repeat;background-position:10px 10px;position:absolute;display:block}
.quickdelete:hover{background-position:10px -24px}
#lh a{margin-left:25px}
.bdbriwrapper-tuiguang{display:none!important}</style>
<!--[if IE 8]>
<style index="index" data-compress="strip">
.s_ipt{background-color:#FFF;}
</style>
<![endif]-->

    




    
<script data-require-id="plugins/swfobject" src="https://ss1.bdstatic.com/5eN1bjq8AAUYm2zgoY3K/r/www/cache/static/protocol/https/plugins/swfobject_0178953.js" async=""></script><script data-require-id="soutu/js/tu" src="https://ss1.bdstatic.com/5eN1bjq8AAUYm2zgoY3K/r/www/cache/static/protocol/https/soutu/js/tu_329aca4.js" async=""></script><script data-require-id="voice/js/voice" src="https://ss1.bdstatic.com/5eN1bjq8AAUYm2zgoY3K/r/www/cache/static/protocol/https/voice/js/voice_1e62c0f.js" async=""></script><link rel="stylesheet" href="https://ss1.bdstatic.com/5eN1bjq8AAUYm2zgoY3K/r/www/cache/static/protocol/https/soutu/css/soutu.css" type="text/css" data-for="result"><style type="text/css" data-for="result">.ipt_rec{z-index:1;display:none;position:absolute;right:0;height:34px;width:24px;background:url(data:image/png;base64,iVBORw0KGgoAAAANSUhEUgAAAA0AAAASCAYAAACAa1QyAAAAAXNSR0IArs4c6QAAAAlwSFlzAAALEwAACxMBAJqcGAAAAVlpVFh0WE1MOmNvbS5hZG9iZS54bXAAAAAAADx4OnhtcG1ldGEgeG1sbnM6eD0iYWRvYmU6bnM6bWV0YS8iIHg6eG1wdGs9IlhNUCBDb3JlIDUuNC4wIj4KICAgPHJkZjpSREYgeG1sbnM6cmRmPSJodHRwOi8vd3d3LnczLm9yZy8xOTk5LzAyLzIyLXJkZi1zeW50YXgtbnMjIj4KICAgICAgPHJkZjpEZXNjcmlwdGlvbiByZGY6YWJvdXQ9IiIKICAgICAgICAgICAgeG1sbnM6dGlmZj0iaHR0cDovL25zLmFkb2JlLmNvbS90aWZmLzEuMC8iPgogICAgICAgICA8dGlmZjpPcmllbnRhdGlvbj4xPC90aWZmOk9yaWVudGF0aW9uPgogICAgICA8L3JkZjpEZXNjcmlwdGlvbj4KICAgPC9yZGY6UkRGPgo8L3g6eG1wbWV0YT4KTMInWQAAAXlJREFUKBW9kr1Kw1AUx5OYVWiRGqqLiPgIios4qg+QobhI7QdYH6CKk4IPUCRNQhFRHPIAnRykIIqre7cMsUMHp0Jt/J2ShiYWxx44/M/53/N17z2qkhLbtgtQl+g62kWvKpXKExiLFlsYzWbzCLgOw7A2HA6XVFU9Ez/i41A9tjAIutA0rVAqld4j/tl13cJoNLrHf5zEJjpBbvq+/zE5FIz8jWkuYXOfMEFETppPd5qV84ebX5Iu82azWd00zR+Zg+fmEdWZd/M8b6Hf7w9kvKDX661Eg3cdx9mK7DFQdBtDPlkhYRUI5J86uq4fgA4d6nR6sCzrOAiCN8MwduDvhAdF9tFX/lJrYNRbrdZiuVz2SDqHs/P5/EBQfOHlXOIkXsVQGMnicI2OZrFY/BZuWiSBtfLo6FPgZLxGmUymxrwNDj65ww3YzuVycleDQof4Ml6bONlFZdxpUpXF3MU+peIeuIx+McELeFutVjvg/5Jeneno+W3ELz3Rmg23qA6NAAAAAElFTkSuQmCC) no-repeat center;background-image: -webkit-image-set(url(data:image/png;base64,iVBORw0KGgoAAAANSUhEUgAAAA0AAAASCAYAAACAa1QyAAAAAXNSR0IArs4c6QAAAAlwSFlzAAALEwAACxMBAJqcGAAAAVlpVFh0WE1MOmNvbS5hZG9iZS54bXAAAAAAADx4OnhtcG1ldGEgeG1sbnM6eD0iYWRvYmU6bnM6bWV0YS8iIHg6eG1wdGs9IlhNUCBDb3JlIDUuNC4wIj4KICAgPHJkZjpSREYgeG1sbnM6cmRmPSJodHRwOi8vd3d3LnczLm9yZy8xOTk5LzAyLzIyLXJkZi1zeW50YXgtbnMjIj4KICAgICAgPHJkZjpEZXNjcmlwdGlvbiByZGY6YWJvdXQ9IiIKICAgICAgICAgICAgeG1sbnM6dGlmZj0iaHR0cDovL25zLmFkb2JlLmNvbS90aWZmLzEuMC8iPgogICAgICAgICA8dGlmZjpPcmllbnRhdGlvbj4xPC90aWZmOk9yaWVudGF0aW9uPgogICAgICA8L3JkZjpEZXNjcmlwdGlvbj4KICAgPC9yZGY6UkRGPgo8L3g6eG1wbWV0YT4KTMInWQAAAXlJREFUKBW9kr1Kw1AUx5OYVWiRGqqLiPgIios4qg+QobhI7QdYH6CKk4IPUCRNQhFRHPIAnRykIIqre7cMsUMHp0Jt/J2ShiYWxx44/M/53/N17z2qkhLbtgtQl+g62kWvKpXKExiLFlsYzWbzCLgOw7A2HA6XVFU9Ez/i41A9tjAIutA0rVAqld4j/tl13cJoNLrHf5zEJjpBbvq+/zE5FIz8jWkuYXOfMEFETppPd5qV84ebX5Iu82azWd00zR+Zg+fmEdWZd/M8b6Hf7w9kvKDX661Eg3cdx9mK7DFQdBtDPlkhYRUI5J86uq4fgA4d6nR6sCzrOAiCN8MwduDvhAdF9tFX/lJrYNRbrdZiuVz2SDqHs/P5/EBQfOHlXOIkXsVQGMnicI2OZrFY/BZuWiSBtfLo6FPgZLxGmUymxrwNDj65ww3YzuVycleDQof4Ml6bONlFZdxpUpXF3MU+peIeuIx+McELeFutVjvg/5Jeneno+W3ELz3Rmg23qA6NAAAAAElFTkSuQmCC) 1x,url(data:image/png;base64,iVBORw0KGgoAAAANSUhEUgAAABoAAAAkCAMAAACg5NohAAAA7VBMVEUAAACqqqqZmZmqqqqfn5+Ojo6ZmZmVlZWdnZ2ZmZmfn5+WlpadnZ2Xl5ebm5uVlZWZmZmXl5eZmZmampqXl5eZmZmampqZmZmampqbm5uXl5eZmZmampqYmJiZmZmampqampqYmJiZmZmYmJiampqZmZmampqZmZmZmZmZmZmYmJiZmZmampqZmZmZmZmZmZmZmZmZmZmZmZmampqZmZmZmZmYmJiZmZmampqZmZmZmZmZmZmZmZmZmZmZmZmZmZmZmZmZmZmZmZmZmZmZmZmZmZmZmZmZmZmZmZmZmZmZmZmZmZmZmZmZmZmZmZlntL8zAAAATnRSTlMAAwUGCAkKDA0PEBEaGxwdHiAjJiwtMDc6PUBBTE1aXWBhZG1vcH5/goWGh4iKjo+UmZump6iuvr/AxcbI0tPZ297f5uft7vL09fb5+/48nAt9AAABHElEQVQoz93S21ZBURjF8T855BiSw06UUqiEcipKOW7s+f6P04XWGOw8QKN5Ndf4jfHdrAkm8Yf39XpUi/MrxaUkScuiW8pS9zwYtLpyyvsSt1XZtors/ZuP6pjaUWOPpJypOX24yG+qX3LR4f4vaSPvIfJqw1rHgOQx4pGAI62Z6BSYKmsoqylwogl9XQANvRh61hNQUJ+qmkDS1s1WrmUngaaqZDQLAZeOuvlAIN+VcwWEZsrAq+oApcV2NosSQF1vgKXVGUDsfmTbo/soQHolC6ClcXR/RLGxWgAEhvpM70r6S8PAtkaGWtXCBsK1lYYR8/K1Hc2bhYTXmyg051Lbt3PDGjj6iTOwXMtO3fUm0qR3m+JQXD/1N+gbnHtANlxuv2EAAAAASUVORK5CYII=) 2x);background-image: -moz-image-set(url(data:image/png;base64,iVBORw0KGgoAAAANSUhEUgAAAA0AAAASCAYAAACAa1QyAAAAAXNSR0IArs4c6QAAAAlwSFlzAAALEwAACxMBAJqcGAAAAVlpVFh0WE1MOmNvbS5hZG9iZS54bXAAAAAAADx4OnhtcG1ldGEgeG1sbnM6eD0iYWRvYmU6bnM6bWV0YS8iIHg6eG1wdGs9IlhNUCBDb3JlIDUuNC4wIj4KICAgPHJkZjpSREYgeG1sbnM6cmRmPSJodHRwOi8vd3d3LnczLm9yZy8xOTk5LzAyLzIyLXJkZi1zeW50YXgtbnMjIj4KICAgICAgPHJkZjpEZXNjcmlwdGlvbiByZGY6YWJvdXQ9IiIKICAgICAgICAgICAgeG1sbnM6dGlmZj0iaHR0cDovL25zLmFkb2JlLmNvbS90aWZmLzEuMC8iPgogICAgICAgICA8dGlmZjpPcmllbnRhdGlvbj4xPC90aWZmOk9yaWVudGF0aW9uPgogICAgICA8L3JkZjpEZXNjcmlwdGlvbj4KICAgPC9yZGY6UkRGPgo8L3g6eG1wbWV0YT4KTMInWQAAAXlJREFUKBW9kr1Kw1AUx5OYVWiRGqqLiPgIios4qg+QobhI7QdYH6CKk4IPUCRNQhFRHPIAnRykIIqre7cMsUMHp0Jt/J2ShiYWxx44/M/53/N17z2qkhLbtgtQl+g62kWvKpXKExiLFlsYzWbzCLgOw7A2HA6XVFU9Ez/i41A9tjAIutA0rVAqld4j/tl13cJoNLrHf5zEJjpBbvq+/zE5FIz8jWkuYXOfMEFETppPd5qV84ebX5Iu82azWd00zR+Zg+fmEdWZd/M8b6Hf7w9kvKDX661Eg3cdx9mK7DFQdBtDPlkhYRUI5J86uq4fgA4d6nR6sCzrOAiCN8MwduDvhAdF9tFX/lJrYNRbrdZiuVz2SDqHs/P5/EBQfOHlXOIkXsVQGMnicI2OZrFY/BZuWiSBtfLo6FPgZLxGmUymxrwNDj65ww3YzuVycleDQof4Ml6bONlFZdxpUpXF3MU+peIeuIx+McELeFutVjvg/5Jeneno+W3ELz3Rmg23qA6NAAAAAElFTkSuQmCC) 1x,url(data:image/png;base64,iVBORw0KGgoAAAANSUhEUgAAABoAAAAkCAMAAACg5NohAAAA7VBMVEUAAACqqqqZmZmqqqqfn5+Ojo6ZmZmVlZWdnZ2ZmZmfn5+WlpadnZ2Xl5ebm5uVlZWZmZmXl5eZmZmampqXl5eZmZmampqZmZmampqbm5uXl5eZmZmampqYmJiZmZmampqampqYmJiZmZmYmJiampqZmZmampqZmZmZmZmZmZmYmJiZmZmampqZmZmZmZmZmZmZmZmZmZmZmZmampqZmZmZmZmYmJiZmZmampqZmZmZmZmZmZmZmZmZmZmZmZmZmZmZmZmZmZmZmZmZmZmZmZmZmZmZmZmZmZmZmZmZmZmZmZmZmZmZmZmZmZmZmZlntL8zAAAATnRSTlMAAwUGCAkKDA0PEBEaGxwdHiAjJiwtMDc6PUBBTE1aXWBhZG1vcH5/goWGh4iKjo+UmZump6iuvr/AxcbI0tPZ297f5uft7vL09fb5+/48nAt9AAABHElEQVQoz93S21ZBURjF8T855BiSw06UUqiEcipKOW7s+f6P04XWGOw8QKN5Ndf4jfHdrAkm8Yf39XpUi/MrxaUkScuiW8pS9zwYtLpyyvsSt1XZtors/ZuP6pjaUWOPpJypOX24yG+qX3LR4f4vaSPvIfJqw1rHgOQx4pGAI62Z6BSYKmsoqylwogl9XQANvRh61hNQUJ+qmkDS1s1WrmUngaaqZDQLAZeOuvlAIN+VcwWEZsrAq+oApcV2NosSQF1vgKXVGUDsfmTbo/soQHolC6ClcXR/RLGxWgAEhvpM70r6S8PAtkaGWtXCBsK1lYYR8/K1Hc2bhYTXmyg051Lbt3PDGjj6iTOwXMtO3fUm0qR3m+JQXD/1N+gbnHtANlxuv2EAAAAASUVORK5CYII=) 2x);background-image: -o-image-set(url(data:image/png;base64,iVBORw0KGgoAAAANSUhEUgAAAA0AAAASCAYAAACAa1QyAAAAAXNSR0IArs4c6QAAAAlwSFlzAAALEwAACxMBAJqcGAAAAVlpVFh0WE1MOmNvbS5hZG9iZS54bXAAAAAAADx4OnhtcG1ldGEgeG1sbnM6eD0iYWRvYmU6bnM6bWV0YS8iIHg6eG1wdGs9IlhNUCBDb3JlIDUuNC4wIj4KICAgPHJkZjpSREYgeG1sbnM6cmRmPSJodHRwOi8vd3d3LnczLm9yZy8xOTk5LzAyLzIyLXJkZi1zeW50YXgtbnMjIj4KICAgICAgPHJkZjpEZXNjcmlwdGlvbiByZGY6YWJvdXQ9IiIKICAgICAgICAgICAgeG1sbnM6dGlmZj0iaHR0cDovL25zLmFkb2JlLmNvbS90aWZmLzEuMC8iPgogICAgICAgICA8dGlmZjpPcmllbnRhdGlvbj4xPC90aWZmOk9yaWVudGF0aW9uPgogICAgICA8L3JkZjpEZXNjcmlwdGlvbj4KICAgPC9yZGY6UkRGPgo8L3g6eG1wbWV0YT4KTMInWQAAAXlJREFUKBW9kr1Kw1AUx5OYVWiRGqqLiPgIios4qg+QobhI7QdYH6CKk4IPUCRNQhFRHPIAnRykIIqre7cMsUMHp0Jt/J2ShiYWxx44/M/53/N17z2qkhLbtgtQl+g62kWvKpXKExiLFlsYzWbzCLgOw7A2HA6XVFU9Ez/i41A9tjAIutA0rVAqld4j/tl13cJoNLrHf5zEJjpBbvq+/zE5FIz8jWkuYXOfMEFETppPd5qV84ebX5Iu82azWd00zR+Zg+fmEdWZd/M8b6Hf7w9kvKDX661Eg3cdx9mK7DFQdBtDPlkhYRUI5J86uq4fgA4d6nR6sCzrOAiCN8MwduDvhAdF9tFX/lJrYNRbrdZiuVz2SDqHs/P5/EBQfOHlXOIkXsVQGMnicI2OZrFY/BZuWiSBtfLo6FPgZLxGmUymxrwNDj65ww3YzuVycleDQof4Ml6bONlFZdxpUpXF3MU+peIeuIx+McELeFutVjvg/5Jeneno+W3ELz3Rmg23qA6NAAAAAElFTkSuQmCC) 1x,url(data:image/png;base64,iVBORw0KGgoAAAANSUhEUgAAABoAAAAkCAMAAACg5NohAAAA7VBMVEUAAACqqqqZmZmqqqqfn5+Ojo6ZmZmVlZWdnZ2ZmZmfn5+WlpadnZ2Xl5ebm5uVlZWZmZmXl5eZmZmampqXl5eZmZmampqZmZmampqbm5uXl5eZmZmampqYmJiZmZmampqampqYmJiZmZmYmJiampqZmZmampqZmZmZmZmZmZmYmJiZmZmampqZmZmZmZmZmZmZmZmZmZmZmZmampqZmZmZmZmYmJiZmZmampqZmZmZmZmZmZmZmZmZmZmZmZmZmZmZmZmZmZmZmZmZmZmZmZmZmZmZmZmZmZmZmZmZmZmZmZmZmZmZmZmZmZmZmZlntL8zAAAATnRSTlMAAwUGCAkKDA0PEBEaGxwdHiAjJiwtMDc6PUBBTE1aXWBhZG1vcH5/goWGh4iKjo+UmZump6iuvr/AxcbI0tPZ297f5uft7vL09fb5+/48nAt9AAABHElEQVQoz93S21ZBURjF8T855BiSw06UUqiEcipKOW7s+f6P04XWGOw8QKN5Ndf4jfHdrAkm8Yf39XpUi/MrxaUkScuiW8pS9zwYtLpyyvsSt1XZtors/ZuP6pjaUWOPpJypOX24yG+qX3LR4f4vaSPvIfJqw1rHgOQx4pGAI62Z6BSYKmsoqylwogl9XQANvRh61hNQUJ+qmkDS1s1WrmUngaaqZDQLAZeOuvlAIN+VcwWEZsrAq+oApcV2NosSQF1vgKXVGUDsfmTbo/soQHolC6ClcXR/RLGxWgAEhvpM70r6S8PAtkaGWtXCBsK1lYYR8/K1Hc2bhYTXmyg051Lbt3PDGjj6iTOwXMtO3fUm0qR3m+JQXD/1N+gbnHtANlxuv2EAAAAASUVORK5CYII=) 2x);background-image: -ms-image-set(url(data:image/png;base64,iVBORw0KGgoAAAANSUhEUgAAAA0AAAASCAYAAACAa1QyAAAAAXNSR0IArs4c6QAAAAlwSFlzAAALEwAACxMBAJqcGAAAAVlpVFh0WE1MOmNvbS5hZG9iZS54bXAAAAAAADx4OnhtcG1ldGEgeG1sbnM6eD0iYWRvYmU6bnM6bWV0YS8iIHg6eG1wdGs9IlhNUCBDb3JlIDUuNC4wIj4KICAgPHJkZjpSREYgeG1sbnM6cmRmPSJodHRwOi8vd3d3LnczLm9yZy8xOTk5LzAyLzIyLXJkZi1zeW50YXgtbnMjIj4KICAgICAgPHJkZjpEZXNjcmlwdGlvbiByZGY6YWJvdXQ9IiIKICAgICAgICAgICAgeG1sbnM6dGlmZj0iaHR0cDovL25zLmFkb2JlLmNvbS90aWZmLzEuMC8iPgogICAgICAgICA8dGlmZjpPcmllbnRhdGlvbj4xPC90aWZmOk9yaWVudGF0aW9uPgogICAgICA8L3JkZjpEZXNjcmlwdGlvbj4KICAgPC9yZGY6UkRGPgo8L3g6eG1wbWV0YT4KTMInWQAAAXlJREFUKBW9kr1Kw1AUx5OYVWiRGqqLiPgIios4qg+QobhI7QdYH6CKk4IPUCRNQhFRHPIAnRykIIqre7cMsUMHp0Jt/J2ShiYWxx44/M/53/N17z2qkhLbtgtQl+g62kWvKpXKExiLFlsYzWbzCLgOw7A2HA6XVFU9Ez/i41A9tjAIutA0rVAqld4j/tl13cJoNLrHf5zEJjpBbvq+/zE5FIz8jWkuYXOfMEFETppPd5qV84ebX5Iu82azWd00zR+Zg+fmEdWZd/M8b6Hf7w9kvKDX661Eg3cdx9mK7DFQdBtDPlkhYRUI5J86uq4fgA4d6nR6sCzrOAiCN8MwduDvhAdF9tFX/lJrYNRbrdZiuVz2SDqHs/P5/EBQfOHlXOIkXsVQGMnicI2OZrFY/BZuWiSBtfLo6FPgZLxGmUymxrwNDj65ww3YzuVycleDQof4Ml6bONlFZdxpUpXF3MU+peIeuIx+McELeFutVjvg/5Jeneno+W3ELz3Rmg23qA6NAAAAAElFTkSuQmCC) 1x,url(data:image/png;base64,iVBORw0KGgoAAAANSUhEUgAAABoAAAAkCAMAAACg5NohAAAA7VBMVEUAAACqqqqZmZmqqqqfn5+Ojo6ZmZmVlZWdnZ2ZmZmfn5+WlpadnZ2Xl5ebm5uVlZWZmZmXl5eZmZmampqXl5eZmZmampqZmZmampqbm5uXl5eZmZmampqYmJiZmZmampqampqYmJiZmZmYmJiampqZmZmampqZmZmZmZmZmZmYmJiZmZmampqZmZmZmZmZmZmZmZmZmZmZmZmampqZmZmZmZmYmJiZmZmampqZmZmZmZmZmZmZmZmZmZmZmZmZmZmZmZmZmZmZmZmZmZmZmZmZmZmZmZmZmZmZmZmZmZmZmZmZmZmZmZmZmZmZmZlntL8zAAAATnRSTlMAAwUGCAkKDA0PEBEaGxwdHiAjJiwtMDc6PUBBTE1aXWBhZG1vcH5/goWGh4iKjo+UmZump6iuvr/AxcbI0tPZ297f5uft7vL09fb5+/48nAt9AAABHElEQVQoz93S21ZBURjF8T855BiSw06UUqiEcipKOW7s+f6P04XWGOw8QKN5Ndf4jfHdrAkm8Yf39XpUi/MrxaUkScuiW8pS9zwYtLpyyvsSt1XZtors/ZuP6pjaUWOPpJypOX24yG+qX3LR4f4vaSPvIfJqw1rHgOQx4pGAI62Z6BSYKmsoqylwogl9XQANvRh61hNQUJ+qmkDS1s1WrmUngaaqZDQLAZeOuvlAIN+VcwWEZsrAq+oApcV2NosSQF1vgKXVGUDsfmTbo/soQHolC6ClcXR/RLGxWgAEhvpM70r6S8PAtkaGWtXCBsK1lYYR8/K1Hc2bhYTXmyg051Lbt3PDGjj6iTOwXMtO3fUm0qR3m+JQXD/1N+gbnHtANlxuv2EAAAAASUVORK5CYII=) 2x);background-size:13px 18px;background-position:0 50%;cursor:pointer;}.ipt_rec:hover{background-image:url(data:image/png;base64,iVBORw0KGgoAAAANSUhEUgAAAA0AAAASCAMAAAC3taQAAAAAhFBMVEX///8zhf8zhf8zhf8zhf8zhf8zhf8zhf8zhf8zhf8zhf8zhf8zhf8zhf8zhf8zhf8zhf8zhf8zhf8zhf8zhf8zhf8zhf8zhf8zhf8zhf8zhf8zhf8zhf8zhf8zhf8zhf8zhf8zhf8zhf8zhf8zhf8zhf8zhf8zhf8zhf8zhf8zhf8zhf+04UQDAAAAK3RSTlMAAQIDBgwNHR43ODs9PkNEVFZaXGZnlpecqaq31NfZ2t3e3+Dl6On5+/z9BL131wAAAHdJREFUCB0FwYcCgQAUAMBTFGWPaCGb9///5w5s+3e/BdgNy8lq2AH6AsUZ8EuQ/AABAhAgAAECECAgUjGCkH49c9cZZlfTh2ZvcymT8rKxb8xvmXX36day25xjm4GsPSGt7od8nB/uVQoW9Ste9QKAAAABAAL4AzokCI8/h6hiAAAAAElFTkSuQmCC);background-image: -webkit-image-set(url(data:image/png;base64,iVBORw0KGgoAAAANSUhEUgAAAA0AAAASCAMAAAC3taQAAAAAhFBMVEX///8zhf8zhf8zhf8zhf8zhf8zhf8zhf8zhf8zhf8zhf8zhf8zhf8zhf8zhf8zhf8zhf8zhf8zhf8zhf8zhf8zhf8zhf8zhf8zhf8zhf8zhf8zhf8zhf8zhf8zhf8zhf8zhf8zhf8zhf8zhf8zhf8zhf8zhf8zhf8zhf8zhf8zhf8zhf+04UQDAAAAK3RSTlMAAQIDBgwNHR43ODs9PkNEVFZaXGZnlpecqaq31NfZ2t3e3+Dl6On5+/z9BL131wAAAHdJREFUCB0FwYcCgQAUAMBTFGWPaCGb9///5w5s+3e/BdgNy8lq2AH6AsUZ8EuQ/AABAhAgAAECECAgUjGCkH49c9cZZlfTh2ZvcymT8rKxb8xvmXX36day25xjm4GsPSGt7od8nB/uVQoW9Ste9QKAAAABAAL4AzokCI8/h6hiAAAAAElFTkSuQmCC) 1x,url(data:image/png;base64,iVBORw0KGgoAAAANSUhEUgAAABoAAAAkCAMAAACg5NohAAAA8FBMVEUsgf////8sgf8sgf8sgf8sgf8sgf8sgf8sgf8sgf8sgf8sgf8sgf8sgf8sgf8sgf8sgf8sgf8sgf8sgf8sgf8sgf8sgf8sgf8sgf8sgf8sgf8sgf8sgf8sgf8sgf8sgf8sgf8sgf8sgf8sgf8sgf8sgf8sgf8sgf8sgf8sgf8sgf8sgf8sgf8sgf8sgf8sgf8sgf8sgf8sgf8sgf8sgf8sgf8sgf8sgf8sgf8sgf8sgf8sgf8sgf8sgf8sgf8sgf8sgf8sgf8sgf8sgf8sgf8sgf8sgf8sgf8sgf8sgf8sgf8sgf8sgf8sgf8sgf8sgf+F30pxAAAAT3RSTlMAAAMFBggJCgwNDxARGhscHR4gIyYsLTA3Oj1AQUxNWl1gYWRtb3B+f4KFhoeIio6PlJmbpqeorr6/wMXGyNLT2dve3+bn7e7y9PX2+fv+wE6fLAAAASxJREFUKM/d01dWAkEUBNAqkCBBBETCiKAoSlAElKSgKHGAqf3vxg/oQ9AFeKzPvh/vdPVr0CTy8L5cDsoRbEIYyc0lSZrnDqkgtS/8fqstp7BPEVvF9UlRdmSPHtUyM1qq7ZGUNpTWxwF5DXmlA6Ih/Htayf0bubXCUsckJZcRlwTgSEuMdEZyrJShlMYATjVCV5cka3ox9KwnAFl1UVKdZMzW7VpuZMcA1FVCUpMAyStH7YzPl2nLuQYQmCgJvqpCkvnZem1meQCo6I2gpcU5SZ5UB7Y9qIYBILGQRZANDcPk9l7AyVANEKSvr8/ELiW+1Petiwr1tSgHDQTLC/VDpkNP09G0no263dFsfSo1PTv1Wj1Hmzg962Dn4/edkTTq3MV/fAdun+Nv0TegC0JUU1yQZAAAAABJRU5ErkJggg==) 2x);background-image: -moz-image-set(url(data:image/png;base64,iVBORw0KGgoAAAANSUhEUgAAAA0AAAASCAMAAAC3taQAAAAAhFBMVEX///8zhf8zhf8zhf8zhf8zhf8zhf8zhf8zhf8zhf8zhf8zhf8zhf8zhf8zhf8zhf8zhf8zhf8zhf8zhf8zhf8zhf8zhf8zhf8zhf8zhf8zhf8zhf8zhf8zhf8zhf8zhf8zhf8zhf8zhf8zhf8zhf8zhf8zhf8zhf8zhf8zhf8zhf8zhf+04UQDAAAAK3RSTlMAAQIDBgwNHR43ODs9PkNEVFZaXGZnlpecqaq31NfZ2t3e3+Dl6On5+/z9BL131wAAAHdJREFUCB0FwYcCgQAUAMBTFGWPaCGb9///5w5s+3e/BdgNy8lq2AH6AsUZ8EuQ/AABAhAgAAECECAgUjGCkH49c9cZZlfTh2ZvcymT8rKxb8xvmXX36day25xjm4GsPSGt7od8nB/uVQoW9Ste9QKAAAABAAL4AzokCI8/h6hiAAAAAElFTkSuQmCC) 1x,url(data:image/png;base64,iVBORw0KGgoAAAANSUhEUgAAABoAAAAkCAMAAACg5NohAAAA8FBMVEUsgf////8sgf8sgf8sgf8sgf8sgf8sgf8sgf8sgf8sgf8sgf8sgf8sgf8sgf8sgf8sgf8sgf8sgf8sgf8sgf8sgf8sgf8sgf8sgf8sgf8sgf8sgf8sgf8sgf8sgf8sgf8sgf8sgf8sgf8sgf8sgf8sgf8sgf8sgf8sgf8sgf8sgf8sgf8sgf8sgf8sgf8sgf8sgf8sgf8sgf8sgf8sgf8sgf8sgf8sgf8sgf8sgf8sgf8sgf8sgf8sgf8sgf8sgf8sgf8sgf8sgf8sgf8sgf8sgf8sgf8sgf8sgf8sgf8sgf8sgf8sgf8sgf8sgf8sgf+F30pxAAAAT3RSTlMAAAMFBggJCgwNDxARGhscHR4gIyYsLTA3Oj1AQUxNWl1gYWRtb3B+f4KFhoeIio6PlJmbpqeorr6/wMXGyNLT2dve3+bn7e7y9PX2+fv+wE6fLAAAASxJREFUKM/d01dWAkEUBNAqkCBBBETCiKAoSlAElKSgKHGAqf3vxg/oQ9AFeKzPvh/vdPVr0CTy8L5cDsoRbEIYyc0lSZrnDqkgtS/8fqstp7BPEVvF9UlRdmSPHtUyM1qq7ZGUNpTWxwF5DXmlA6Ih/Htayf0bubXCUsckJZcRlwTgSEuMdEZyrJShlMYATjVCV5cka3ox9KwnAFl1UVKdZMzW7VpuZMcA1FVCUpMAyStH7YzPl2nLuQYQmCgJvqpCkvnZem1meQCo6I2gpcU5SZ5UB7Y9qIYBILGQRZANDcPk9l7AyVANEKSvr8/ELiW+1Petiwr1tSgHDQTLC/VDpkNP09G0no263dFsfSo1PTv1Wj1Hmzg962Dn4/edkTTq3MV/fAdun+Nv0TegC0JUU1yQZAAAAABJRU5ErkJggg==) 2x);background-image: -o-image-set(url(data:image/png;base64,iVBORw0KGgoAAAANSUhEUgAAAA0AAAASCAMAAAC3taQAAAAAhFBMVEX///8zhf8zhf8zhf8zhf8zhf8zhf8zhf8zhf8zhf8zhf8zhf8zhf8zhf8zhf8zhf8zhf8zhf8zhf8zhf8zhf8zhf8zhf8zhf8zhf8zhf8zhf8zhf8zhf8zhf8zhf8zhf8zhf8zhf8zhf8zhf8zhf8zhf8zhf8zhf8zhf8zhf8zhf8zhf+04UQDAAAAK3RSTlMAAQIDBgwNHR43ODs9PkNEVFZaXGZnlpecqaq31NfZ2t3e3+Dl6On5+/z9BL131wAAAHdJREFUCB0FwYcCgQAUAMBTFGWPaCGb9///5w5s+3e/BdgNy8lq2AH6AsUZ8EuQ/AABAhAgAAECECAgUjGCkH49c9cZZlfTh2ZvcymT8rKxb8xvmXX36day25xjm4GsPSGt7od8nB/uVQoW9Ste9QKAAAABAAL4AzokCI8/h6hiAAAAAElFTkSuQmCC) 1x,url(data:image/png;base64,iVBORw0KGgoAAAANSUhEUgAAABoAAAAkCAMAAACg5NohAAAA8FBMVEUsgf////8sgf8sgf8sgf8sgf8sgf8sgf8sgf8sgf8sgf8sgf8sgf8sgf8sgf8sgf8sgf8sgf8sgf8sgf8sgf8sgf8sgf8sgf8sgf8sgf8sgf8sgf8sgf8sgf8sgf8sgf8sgf8sgf8sgf8sgf8sgf8sgf8sgf8sgf8sgf8sgf8sgf8sgf8sgf8sgf8sgf8sgf8sgf8sgf8sgf8sgf8sgf8sgf8sgf8sgf8sgf8sgf8sgf8sgf8sgf8sgf8sgf8sgf8sgf8sgf8sgf8sgf8sgf8sgf8sgf8sgf8sgf8sgf8sgf8sgf8sgf8sgf8sgf8sgf+F30pxAAAAT3RSTlMAAAMFBggJCgwNDxARGhscHR4gIyYsLTA3Oj1AQUxNWl1gYWRtb3B+f4KFhoeIio6PlJmbpqeorr6/wMXGyNLT2dve3+bn7e7y9PX2+fv+wE6fLAAAASxJREFUKM/d01dWAkEUBNAqkCBBBETCiKAoSlAElKSgKHGAqf3vxg/oQ9AFeKzPvh/vdPVr0CTy8L5cDsoRbEIYyc0lSZrnDqkgtS/8fqstp7BPEVvF9UlRdmSPHtUyM1qq7ZGUNpTWxwF5DXmlA6Ih/Htayf0bubXCUsckJZcRlwTgSEuMdEZyrJShlMYATjVCV5cka3ox9KwnAFl1UVKdZMzW7VpuZMcA1FVCUpMAyStH7YzPl2nLuQYQmCgJvqpCkvnZem1meQCo6I2gpcU5SZ5UB7Y9qIYBILGQRZANDcPk9l7AyVANEKSvr8/ELiW+1Petiwr1tSgHDQTLC/VDpkNP09G0no263dFsfSo1PTv1Wj1Hmzg962Dn4/edkTTq3MV/fAdun+Nv0TegC0JUU1yQZAAAAABJRU5ErkJggg==) 2x);background-image: -ms-image-set(url(data:image/png;base64,iVBORw0KGgoAAAANSUhEUgAAAA0AAAASCAMAAAC3taQAAAAAhFBMVEX///8zhf8zhf8zhf8zhf8zhf8zhf8zhf8zhf8zhf8zhf8zhf8zhf8zhf8zhf8zhf8zhf8zhf8zhf8zhf8zhf8zhf8zhf8zhf8zhf8zhf8zhf8zhf8zhf8zhf8zhf8zhf8zhf8zhf8zhf8zhf8zhf8zhf8zhf8zhf8zhf8zhf8zhf8zhf+04UQDAAAAK3RSTlMAAQIDBgwNHR43ODs9PkNEVFZaXGZnlpecqaq31NfZ2t3e3+Dl6On5+/z9BL131wAAAHdJREFUCB0FwYcCgQAUAMBTFGWPaCGb9///5w5s+3e/BdgNy8lq2AH6AsUZ8EuQ/AABAhAgAAECECAgUjGCkH49c9cZZlfTh2ZvcymT8rKxb8xvmXX36day25xjm4GsPSGt7od8nB/uVQoW9Ste9QKAAAABAAL4AzokCI8/h6hiAAAAAElFTkSuQmCC) 1x,url(data:image/png;base64,iVBORw0KGgoAAAANSUhEUgAAABoAAAAkCAMAAACg5NohAAAA8FBMVEUsgf////8sgf8sgf8sgf8sgf8sgf8sgf8sgf8sgf8sgf8sgf8sgf8sgf8sgf8sgf8sgf8sgf8sgf8sgf8sgf8sgf8sgf8sgf8sgf8sgf8sgf8sgf8sgf8sgf8sgf8sgf8sgf8sgf8sgf8sgf8sgf8sgf8sgf8sgf8sgf8sgf8sgf8sgf8sgf8sgf8sgf8sgf8sgf8sgf8sgf8sgf8sgf8sgf8sgf8sgf8sgf8sgf8sgf8sgf8sgf8sgf8sgf8sgf8sgf8sgf8sgf8sgf8sgf8sgf8sgf8sgf8sgf8sgf8sgf8sgf8sgf8sgf8sgf8sgf+F30pxAAAAT3RSTlMAAAMFBggJCgwNDxARGhscHR4gIyYsLTA3Oj1AQUxNWl1gYWRtb3B+f4KFhoeIio6PlJmbpqeorr6/wMXGyNLT2dve3+bn7e7y9PX2+fv+wE6fLAAAASxJREFUKM/d01dWAkEUBNAqkCBBBETCiKAoSlAElKSgKHGAqf3vxg/oQ9AFeKzPvh/vdPVr0CTy8L5cDsoRbEIYyc0lSZrnDqkgtS/8fqstp7BPEVvF9UlRdmSPHtUyM1qq7ZGUNpTWxwF5DXmlA6Ih/Htayf0bubXCUsckJZcRlwTgSEuMdEZyrJShlMYATjVCV5cka3ox9KwnAFl1UVKdZMzW7VpuZMcA1FVCUpMAyStH7YzPl2nLuQYQmCgJvqpCkvnZem1meQCo6I2gpcU5SZ5UB7Y9qIYBILGQRZANDcPk9l7AyVANEKSvr8/ELiW+1Petiwr1tSgHDQTLC/VDpkNP09G0no263dFsfSo1PTv1Wj1Hmzg962Dn4/edkTTq3MV/fAdun+Nv0TegC0JUU1yQZAAAAABJRU5ErkJggg==) 2x);}</style><style type="text/css" data-for="result">#voice{font-family:"microsoft yahei";z-index:1000;box-shadow:0 5px 5px #888;position:fixed;width:100%;height:38.2%;min-height:229.2px;background:#fff;font-size:16px;bottom:0}#voice .close{position:absolute;right:30px;top:20px;font-size:24px;color:#333;cursor:pointer;text-indent:-10000px;background:url(https://ss1.bdstatic.com/5eN1bjq8AAUYm2zgoY3K/r/www/cache/static/protocol/https/voice/imgs/close_btn_04bc664.png) no-repeat;background-size:18px 38px;width:20px;height:20px}#voice .close:hover{color:#999;background-position:0 -21px}#voice .voice_inner{margin:-40px auto 0;width:0}#voice .result{width:100%;font-size:22px;margin:40px 0 0 63px;text-align:left;}#voice .result .tip{color:#999;font-size:14px;}#voice .btn{position:absolute;width:105px;height:105px;margin:69px 0 0 -52px;z-index:3;cursor:pointer;background:none}#voice .box{width:56px;height:56px;position:absolute;z-index:2;background:#35d2ff;margin:92px 0 0 -28px}#voice .box_inner{width:100%;height:56px;background:#fff}@keyframes myfirst{from{border:1px solid rgba(0,0,255,1);width:100px;height:100px;border-radius:100px;margin:70px 0 0 -50px}to{border:1px solid rgba(0,0,255,0);width:200px;height:200px;border-radius:200px;margin:20px 0 0 -100px}}@-webkit-keyframes myfirst{from{border:1px solid rgba(194,224,253,1);width:100px;height:100px;border-radius:100px;margin:70px 0 0 -50px}to{border:1px solid rgba(194,224,253,0);width:300px;height:300px;border-radius:300px;margin:-30px 0 0 -150px}}@-moz-keyframes myfirst{from{border:1px solid rgba(0,0,255,1);width:100px;height:100px;border-radius:100px;margin:70px 0 0 -50px}to{border:1px solid rgba(0,0,255,0);width:200px;height:200px;border-radius:200px;margin:20px 0 0 -100px}}@-o-keyframes myfirst{from{border:1px solid rgba(0,0,255,1);width:100px;height:100px;border-radius:100px;margin:70px 0 0 -50px}to{border:1px solid rgba(0,0,255,0);width:200px;height:200px;border-radius:200px;margin:20px 0 0 -100px}}#voice .round1,#voice .round2{position:absolute;border:0 solid rgba(0,0,255,1);border-radius:200px;width:0;height:0;line-height:0;animation:myfirst 3s linear 0s infinite;-webkit-animation:myfirst 3s linear 0s infinite;-moz-animation:myfirst 3s linear 0s infinite;-o-animation:myfirst 3s linear 0s infinite}#voice .round2{animation-delay:1.5s;-webkit-animation-delay:1.5s;-moz-animation-delay:1.5s;-o-animation-delay:1.5s}#voice .round3{position:absolute;background:#c2e0fd;width:0;height:0;line-height:0}</style><style>
			    											 .op-bk-polysemy-bold{font-weight:700}.op-bk-polysemy-other span{display:block}.op-bk-polysemy-space{white-space:nowrap}.op-bk-polysemy-oneother .op-bk-polysemy-move,.op-bk-polysemy-oneother span{margin-left:0}.op-bk-polysemy-focus{height:22px;_height:24px;line-height:1.69em;margin-bottom:2px;overflow:hidden}.op-bk-polysemy-focustext{float:left;display:inline-block;height:22px;padding:0 8px 0 30px;background:url(//www.baidu.com/aladdin/img/bk_polysemy/bk_polyicon.png) 5px 0 no-repeat #3288ff;_background:url(//www.baidu.com/aladdin/img/bk_polysemy/bk_polyicon1.gif) 5px center no-repeat #3288ff;color:#fff}.op-bk-polysemy-focus a{display:inline-block;height:22px;line-height:1.69em;float:left;border-right:2px solid #fff;background:#f5f5f5;padding:0 8px;text-decoration:none;color:#333}.op-bk-polysemy-focus a.op-bk-polysemy_focusafirst{background:url(//www.baidu.com/aladdin/img/bk_polysemy/bk_polyicon.png) 0 -22px no-repeat #f5f5f5}.op-bk-polysemy-focusf{height:23px;_height:25px;line-height:1.69em;margin-bottom:2px;overflow:hidden}.op-bk-polysemy-focusleft{float:left;display:inline-block;height:21px;border:1px solid #38f}.op-bk-polysemy-focusrightf,.op-bk-polysemy-focustextf{border-top:1px solid #f0f0f0;border-bottom:1px solid #f0f0f0}.op-bk-polysemy-focustextf{float:left;display:inline-block;height:21px;padding-left:10px}.op-bk-polysemy-focustextf span{color:#38f}.op-bk-polysemy-focusrightf{float:left;display:inline-block;height:21px;border-right:1px solid #f0f0f0}.op-bk-polysemy-focusrightf span{display:inline-block;float:left;color:#ccc}.op-bk-polysemy-focusrightf a{display:inline-block;height:21px;line-height:1.54em;text-decoration:underline;border:none;background:#fff;float:left;padding:0 8px;color:#00c}.op-bk-polysemy-focusrightf a.op-bk-polysemy_focusrfirst{padding-left:4px;background:#fff;color:#00c}.op-bk-polysemy-album{position:relative;width:100%;display:block}.op-bk-polysemy-albumPr{position:relative}.op-bk-polysemy-albumMore{display:block;width:100%;height:18px;line-height:18px;background:#525252;background:rgba(82,82,82,.6);color:#fff;position:absolute;bottom:0;left:0;text-align:center;filter:alpha(opacity=60)}.op-bk-polysemy-albumBorder{width:99%;height:99%;position:absolute;border-right:1px solid #bfbfbf;border-bottom:1px solid #bfbfbf;right:-2px;bottom:-2px;overflow:hidden;z-index:59;_right:-3px}.op-bk-polysemy-albumBorderSec{right:-4px;bottom:-4px;_right:-5px}.op-tieba-general-chapter,.op-tieba-general-otherbar,.op-tieba-general-table td{line-height:24px;height:24px}.op-tieba-general-otherbar{margin-top:-2px;position:relative}.op-tieba-general-guanzhu,.op-tieba-general-subtitle{line-height:14px;height:14px;font-size:1em;margin-bottom:5px}.op-tieba-general-otherbar span{margin-left:5px;margin-right:5px;color:#999}.op-tieba-general-addnum i,.op-tieba-general-replay-time i{font-style:normal}.op-tieba-general-mainpic{position:relative}.op-tieba-general-photo{position:absolute;left:0;top:0;_display:none;z-index:-1}.op-tieba-general-photo-link{line-height:0}.op-tieba-general-linktxt{display:inline-block}.op-tieba-general-addnum,.op-tieba-general-replay-time{color:#666}.op-tieba-general-pline{margin-bottom:3px;*margin-bottom:5px}.op-tieba-general-maintable i{font-style:normal}.op-tieba-general-maintable{padding-top:2px}.op-tieba-general-mainpl{padding-left:10px}.op-tieba-general-maintable td{padding-bottom:2px;padding-top:2px}.op-tieba-general-graycolor{color:#666}.op-tieba-general-main-col{margin-top:-4px;position:relative}.op-tieba-general-main-col p{margin-top:1px}.op-tieba-general-right{margin-right:15px}.op-tieba-general-lookmore{height:24px;line-height:24px;margin-top:-2px;position:relative}.op-tieba-general-mainpic-toleft{width:79px;float:right;height:79px;overflow:hidden;position:relative}.op-tieba-general-xuan{margin-right:13px}.op_dict3_gap_small{margin-right:7px}.op_dict3_chinese_result span{float:left;height:24px;line-height:24px;margin-bottom:12px;overflow:hidden}.op_dict3_chinsetxt{font-size:14px}.op_dict3_howread{font-size:24px;font-family:arial;_font-family:"lucida sans unicode"}.op_dict3_marginBottom{margin-bottom:12px}.op_dict3_marginRight{margin-right:15px}.op_dict_table .op_dict3_englishtxt{white-space:normal}.op_dict_table .op_dict3_englishtxt span{height:auto}.op_dict3_english_result_table{line-height:20px;margin-bottom:9px}.op_dict3_english_result_table td{vertical-align:top}.op_dict3_english_result_table .op_dict_exp{color:#333;margin-right:0}.op_dict3_english_result_table .op_dict_text1{float:left;min-width:37px;*width:37px;color:#999;white-space:nowrap}.op_dict3_english_result_table .op_dict_text2{float:left;margin:0;padding:0;max-height:60px;overflow:hidden;word-break:normal}.op_dict_text2 a{color:#333;text-decoration:none;font-size:13px}.op_dict_text2 .op_dict3_blue{color:#00C;text-decoration:underline}.op_dict_text2 .op_dict3_blue:hover{color:#00C}.op_dict3_else_items a{color:#333;text-decoration:none;font-size:13px}.op_dict_text2 a:hover{color:#333;text-decoration:underline}.op_dict3_chineselong_result{font-size:24px;line-height:24px;width:518px;overflow:hidden;white-space:nowrap;text-overflow:ellipsis}.op_dict_fmp_flash_div{height:1px;width:1px;position:absolute;right:0;overflow:hidden}.op_dict3_how_read,.op_dict3_mp3_play{display:block;width:14px;height:11px;overflow:hidden;background:url(//www.baidu.com/aladdin/img/dic3/iconall.gif) no-repeat;text-decoration:none;margin-right:8px;margin-top:7px;*margin-top:9px;_margin-top:11px;*position:relative;*top:-2px}.op_dict3_mp3_play{background-position:0 -14px}.op_dict3_font24{font-size:24px;font-family:arial;_font-family:"lucida sans unicode";height:24px;line-height:24px;_height:28px;_line-height:28px}.op_dict3_font20{font-size:20px}.op_dict3_font14{font-size:14px;position:relative;*top:-2px}.op_dict3_font16{font-size:16px;position:relative;*top:-2px}.op_dict3_how_read a,.op_dict3_how_read span{display:block}.op_dict3_how_read a{width:15px;height:15px}.op_dict3_lineone_result,.op_dict3_linetwo_result{display:none;width:518px;overflow:hidden;text-overflow:ellipsis;word-break:normal;line-height:20px}.op_dict3_linetwo_result{width:480px}.op_dict3_lineone_result span{float:left;width:471px}.op_dict3_lineone_result span.op_dict3_lineone_result_tip{width:47px;color:#999}.op_dict3_linetwo_result{padding-left:47px;margin-bottom:9px}.op_dict3_etext,.op_dict3_lineone_result{word-break:normal}.op_dict3_read1{float:left}.op_dict3_readline{line-height:24px;margin-bottom:12px}.op_dict3_read1 span{height:24px;line-height:24px;float:left;_height:28px;_line-height:28px}.op_dict_table td{white-space:nowrap}.op_dict3_extra{border-top:1px solid #f2f2f2;padding-top:13px;margin-top:13px}.op_dict3_extra_transform{word-break:keep-all}.op_dict3_extra_transform span{display:inline-block;*display:inline;color:#666;margin-right:12px}.op_dict3_extra_confused,.op_dict3_extra_polyphone{color:#666}.op_dict3_extra_polyphone a{display:inline-block;*display:inline;margin-right:12px}.op_dict3_other_line td{padding-top:5px}.op_dict3_highlight{color:#c00}.op_dict_text2 span{margin-right:12px;display:inline-block;margin-bottom:2px}.op_dict3_morelink a{margin-right:12px;display:inline-block}.op_dict3_morelink{margin-bottom:2px;padding-left:47px}.op_dict3_exectrans_more{display:none}.op_dict3_extra .op_dict3_morelink{padding-left:0}.op_dict3_extra_confused_p span{margin-right:4px;word-break:break-all}.op_dict3_extra_confused_p{margin-right:6px;margin-bottom:4px}.op_dict3_extra_confused_p a{text-decoration:none}.op_dict3_tabs_nav{background:#fff;padding-bottom:12px}.op_dict3_tabs_content{padding-top:12px;border-top:1px solid #f2f2f2}.op_dict3_duoyinzi{float:left}.op_dict3_tabs_nav .op_dict3_nav_li{color:#00c;height:14px;line-height:14px;text-align:center;padding:2px;margin-right:12px;margin-left:8px;display:inline-block;cursor:pointer}.op_dict3_polyphone{margin-bottom:12px}.op_dict3_netmeans{overflow:hidden;text-overflow:ellipsis}.op_dict3_xingjinci a{margin-right:4px}.op_dict3_liju_read{display:inline-block;position:relative;top:2px;left:4px;margin-top:-2px}.op_dict3_inlineblock{display:inline-block;color:#333}.op_dict3_englishlink{color:#333}.op_dict3_extra_confused_firstp{margin-bottom:4px}.op-dict3-repeat{display:block;width:16px;height:16px;overflow:hidden;background-repeat:no-repeat;text-decoration:none;margin-right:6px;margin-left:-2px}.op-dict3-repeat-off{background-image:url(//www.baidu.com/aladdin/tpl/dict3/repeat_small.c6d62112.png);background-image:-webkit-image-set(url(//www.baidu.com/aladdin/tpl/dict3/repeat_small.c6d62112.png) 1x,url(//www.baidu.com/aladdin/tpl/dict3/repeat.541f421a.png) 2x);background-size:12px 12px;background-position:center}.op-dict3-repeat-on{background-image:url(//www.baidu.com/aladdin/tpl/dict3/repeat_ing_small.5090db6f.gif);background-image:-webkit-image-set(url(//www.baidu.com/aladdin/tpl/dict3/repeat_ing_small.5090db6f.gif) 1x,url(//www.baidu.com/aladdin/tpl/dict3/repeat_ing.b117d860.gif) 2x);background-size:16px 16px;background-position:center}.op_sp_realtime_bigpic5_img_con{position:relative}.op_sp_realtime_bigpic5_subTitle_0{font-size:1.69em;font-family:Microsoft YaHei;font-weight:400;line-height:22px}.op_sp_realtime_bigpic5_imgTitle{text-decoration:none;overflow:hidden;white-space:nowrap;text-overflow:ellipsis;position:absolute;bottom:0;left:0;width:100%;color:#fff;height:30px;line-height:31px;text-indent:10px;filter:progid:DXImageTransform.Microsoft.gradient(enabled='true', startColorstr='#99000000', endColorstr='#99000000');background-color:rgba(0,0,0,.6)}:root .op_sp_realtime_bigpic5_imgTitle{filter:none;background-color:rgba(0,0,0,.6)}.op_sp_realtime_bigpic5_imgTitle span:hover{text-decoration:underline}.op_sp_realtime_bigpic5_img_con_icon{position:absolute;top:0;right:0;padding:5px}.op_sp_realtime_bigpic5_first_abs{text-indent:2em}.op_sp_realtime_bigpic5_list{padding-top:6px}.op_sp_realtime_bigpic5_list div{line-height:1.7}.op_sp_realtime_bigpic5_list_last span{padding-bottom:5px}.op_sp_realtime_bigpic5_list_date{float:left;padding-right:10px;*padding-right:0;margin-right:8px;border-right:1px solid #ddd;display:inline}.op_sp_realtime_bigpic5_list_info{clear:right}.op_sp_realtime_bigpic5_more-cont-date{display:block;position:relative}.op_sp_realtime_bigpic5_more-cont-dot{display:inline-block;width:5px;height:12px;position:absolute;right:-13px;*right:-3px;_right:-2px;top:4px;*top:0;background:#fff url(//www.baidu.com/aladdin/img/right_timeline/timeline-1.1.png) no-repeat -59px 0;_background-position:-58px 0}.op_sp_realtime_bigpic5_more-cont-date{float:right;width:65px;text-align:right;overflow:hidden;white-space:nowrap;text-overflow:ellipsis}.op_sp_realtime_bigpic5_subTitle_con{text-overflow:ellipsis;white-space:nowrap;width:100%}.op_sp_realtime_bigpic5_preBox{text-decoration:none;position:relative;overflow:hidden}.op_sp_realtime_bigpic5_preBox img{vertical-align:top;float:left;height:81px}.op_sp_realtime_bigpic5_preBox b,.op_sp_realtime_bigpic5_preBox span{display:block;position:absolute;bottom:0;left:1px;height:20px;cursor:pointer}.op_sp_realtime_bigpic5_preBox span{display:block;background:#000;opacity:.65;filter:alpha(opacity=65);width:119px}.op_sp_realtime_bigpic5_preBox b{font:400 13px/20px arial;color:#fff;background:url(//www.baidu.com/aladdin/img/sp_realtime/play-1.0.png) no-repeat 4px center;padding-left:20px}.opr-recommends-merge-title{text-decoration:none}.opr-recommends-merge-title:hover{text-decoration:underline}.opr-recommends-merge-imgtext{display:block}.opr-recommends-merge-hide{display:none}.opr-recommends-merge-p{position:relative;_zoom:1}.opr-recommends-merge-d{min-height:20px;color:#999}.opr-recommends-merge-width-text{width:70px;text-align:center;margin:3px auto 0;font-size:12px;line-height:18px;word-break:break-all}.opr-recommends-merge-item{text-align:center}.opr-recommends-merge-mask{position:absolute;top:0;left:0;width:100%;_background:0 0;background:-webkit-radial-gradient(center,closest-side,rgba(255,255,255,0),rgba(0,0,0,.03));background:-moz-radial-gradient(center,closest-side,rgba(255,255,255,0),rgba(0,0,0,.03));background:-o-radial-gradient(center,closest-side,rgba(255,255,255,0),rgba(0,0,0,.03));background:-ms-radial-gradient(center,closest-side,rgba(255,255,255,0),rgba(0,0,0,.03))}.opr-recommends-merge-more-btn i{cursor:pointer}.opr-recommends-merge-layerbtn{position:absolute;right:0;bottom:0;width:1.23em;height:1.23em;background:url(//www.baidu.com/aladdin/img/right_recommends/layericon.png) no-repeat;_background-image:url(//www.baidu.com/aladdin/img/right_recommends/layericon.gif)}.opr-recommends-merge-layerbtn1,.opr-recommends-merge-layerbtn2{background-position:-48px 0}.opr-recommends-merge-layerbtn1,.opr-recommends-merge-layerbtn3{background-color:#999}.opr-recommends-merge-layerbtn1:hover,.opr-recommends-merge-layerbtn2,.opr-recommends-merge-layerbtn3:hover,.opr-recommends-merge-layerbtn4{background-color:#38f}.opr-recommends-merge-layerbtn3:hover,.opr-recommends-merge-layerbtn4:hover{background-position:-24px 0}.opr-recommends-merge-layer{padding:4px 9px;width:350px}.opr-recommends-merge-layer table{border-collapse:collapse;border-padding:0}.opr-recommends-merge-layer td{font-size:1em;line-height:1.67;vertical-align:top}.opr-recommends-merge-lastspan{display:none}.opr-recommends-merge-mbGap{margin-bottom:28px}.container_l .opr-recommends-merge-lastspan{display:block}.container_l .cr-content-narrow .opr-recommends-merge-lastspan{display:none}.opr-recommends-merge-dodge-wrap{margin-bottom:24px;font-size:1.1em}.opr-recommends-merge-user-layer{width:235px;position:absolute;border:1px solid #eee;border-radius:2px;margin-top:10px;margin-left:-60px;*margin-left:-140px;z-index:998;background:#fff;color:#333;font-size:13px;text-align:center;padding:14px 15px}.opr-recommends-merge-user-layer button{margin-top:12px;font-size:12px}.opr-recommends-merge-user-layer img{top:2px;position:relative}.opr-recommends-merge-user-secondBtn{margin-left:8px}.opr-recommends-merge-user-secondBtn i{-ms-transform:rotate(180deg);-moz-transform:rotate(180deg);-webkit-transform:rotate(180deg);-o-transform:rotate(180deg)}.opr-recommends-merge-user-layer-tips{position:absolute;margin-top:5px;margin-left:67px;*margin-left:-22px;border-left:6px solid transparent;border-right:6px solid transparent;border-bottom:6px solid #eee;width:0;height:0;z-index:999}.opr-recommends-merge-content{position:relative}.opr-recommends-merge-user-layer-tips-fff{margin-top:6px;border-bottom:6px solid #fff}.opr-recommends-merge-user-layer-hide{display:none}.opr-recommends-merge-user-layer-icon{position:relative;top:2px;width:14px;height:14px}.opr-recommends-merge-user-layer-con{position:absolute;width:312px;height:140px;top:0;padding-top:20px;z-index:999}
								    			</style></head>

<body link="#0000cc">
	<script>
	if (/Chrome\/37.0.2062.94/i.test(navigator.userAgent) && (/(windows 7)|(windows nt 6.1)/i.test(navigator.userAgent))) {
		var _chrome_37_fix = document.createElement("style"); 
		_chrome_37_fix.type="text/css";
		_chrome_37_fix.setAttribute("data-for","result");
		_chrome_37_fix.innerHTML = ".t,.f16,#kw,.s_ipt,.c-title,.c-title-size,.to_zhidao,.to_tieba,.to_zhidao_bottom{font-size:15px;} .ec-hospital-info-main h2,.ad-widget-gx_sck-ylzx-doctor-info h2,.ec-card-main h2,.ad-widget-h1 h2,.ad-widget-title h2,.ad-widget-small-head h2,.ad-widget-small-head h2 a,.ad-widget-header .ec-figcaption h2{font-size: 15px !important;}";
		document.getElementsByTagName("head")[0].appendChild(_chrome_37_fix); 
	}
	</script>
    <div id="wrapper" style="display: block;" class="wrapper_l">
        

        
        


<script>if(window.bds&&bds.util&&bds.util.setContainerWidth){bds.util.setContainerWidth();}</script><div id="head"><div class="head_wrapper"><div class="s_form"><div class="s_form_wrapper soutu-env-mac soutu-env-index"><div id="lg"><img hidefocus="true" src="//www.baidu.com/img/bd_logo1.png" width="270" height="129"></div><a href="/" id="result_logo" onmousedown="return c({'fm':'tab','tab':'logo'})"><img src="//www.baidu.com/img/baidu_jgylogo3.gif" alt="到百度首页" title="到百度首页"></a><form id="form" name="f" action="/s" class="fm"><div class="bdsug" style="height: auto; display: none;"><ul><li data-key="中文" class="bdsug-store bdsug-overflow"><span>中文</span><u class="bdsug-store-del " title="如您不需要此搜索历史提示，
可在右上角搜索设置中关闭">删除</u></li><li data-key="中文翻译英文" class="bdsug-overflow">中文<b>翻译英文</b></li><li data-key="中文翻译" class="bdsug-overflow">中文<b>翻译</b></li><li data-key="中文在线" class="bdsug-overflow">中文<b>在线</b></li></ul></div><input type="hidden" name="ie" value="utf-8"><input type="hidden" name="f" value="8"><input type="hidden" name="rsv_bp" value="1"><input type="hidden" name="rsv_idx" value="1"><input type="hidden" name="ch" value=""><input type="hidden" name="tn" value="baidu"><input type="hidden" name="bar" value=""><span class="bg s_ipt_wr quickdelete-wrap"><span class="ipt_rec" style="display: block;"></span><span class="soutu-btn"></span><div id="kw_tip" style="width: initial; margin-left: 42px; max-width: 493px; display: none;" unselectable="on" onselectstart="return false;" class="s_ipt_tip"></div><input id="kw" name="wd" class="s_ipt" value="" maxlength="255" autocomplete="off"><a href="javascript:;" id="quickdelete" title="清空" class="quickdelete" style="top: 0px; right: 0px; display: inline;"></a></span><span class="bg s_btn_wr"><input type="submit" id="su" value="百度一下" class="bg s_btn btnhover"></span><span class="tools"><span id="mHolder"><div id="mCon"><span>输入法</span></div><ul id="mMenu"><li><a href="javascript:;" name="ime_hw">手写</a></li><li><a href="javascript:;" name="ime_py">拼音</a></li><li class="ln"></li><li><a href="javascript:;" name="ime_cl">关闭</a></li></ul></span></span><input type="hidden" name="rn" value=""><input type="hidden" name="oq" value=""><input type="hidden" name="rsv_pq" value="924156b5001a69fa"><input type="hidden" name="rsv_t" value="6ec3MrkuvnODFp6sR3g6JeZOPuujP5gGfqRClanSrn2K4xNYYATDc5t+VU4"><input type="hidden" name="rqlang" value="cn"><input type="hidden" name="rsv_enter" value="0"><input type="hidden" name="inputT" value="1139"></form><div id="m"></div></div></div><div id="u"><a class="toindex" href="/">百度首页</a><a href="javascript:;" name="tj_settingicon" class="pf">设置<i class="c-icon c-icon-triangle-down"></i></a><a href="https://passport.baidu.com/v2/?login&amp;tpl=mn&amp;u=http%3A%2F%2Fwww.baidu.com%2F" name="tj_login" class="lb" onclick="return false;">登录</a></div><div id="u1"><a href="http://news.baidu.com" name="tj_trnews" class="mnav">新闻</a><a href="http://www.hao123.com" name="tj_trhao123" class="mnav">hao123</a><a href="http://map.baidu.com" name="tj_trmap" class="mnav">地图</a><a href="http://v.baidu.com" name="tj_trvideo" class="mnav">视频</a><a href="http://tieba.baidu.com" name="tj_trtieba" class="mnav">贴吧</a><a href="http://xueshu.baidu.com" name="tj_trxueshu" class="mnav">学术</a><a href="https://passport.baidu.com/v2/?login&amp;tpl=mn&amp;u=http%3A%2F%2Fwww.baidu.com%2F" name="tj_login" class="lb" onclick="return false;">登录</a><a href="http://www.baidu.com/gaoji/preferences.html" name="tj_settingicon" class="pf">设置</a><a href="http://www.baidu.com/more/" name="tj_briicon" class="bri" style="display: block;">更多产品</a></div></div><div class="headBlock" style="display: none;"><div class="hint_toprq_tips f13 se_common_hint" data-id="28300" data-tpl="hint_toprq_tips">
		<span class="hint_toprq_icon"><i class="c-icon c-icon-bear-circle c-gap-right-small res-queryext-pos"></i>为您推荐:</span>
		<span class="hint_toprq_tips_items">
							<div><a target="_blank" href="/s?rsv_idx=1&amp;wd=%E4%B8%AD%E6%96%87%E5%8D%81%E7%BA%A7%E6%98%AF%E4%BB%80%E4%B9%88%E6%B0%B4%E5%B9%B3&amp;usm=4&amp;ie=utf-8&amp;rsv_rq=2&amp;rsv_cq=%E4%B8%AD%E6%96%87">中文十级是什么水平</a></div>
							<div><a target="_blank" href="/s?rsv_idx=1&amp;wd=%E4%B8%AD%E6%96%87%E8%BE%93%E5%85%A5%E6%B3%95%E4%B8%8B%E8%BD%BD&amp;usm=4&amp;ie=utf-8&amp;rsv_rq=2&amp;rsv_cq=%E4%B8%AD%E6%96%87">中文输入法下载</a></div>
							<div><a target="_blank" href="/s?rsv_idx=1&amp;wd=%E4%B8%AD%E6%96%87%E7%BF%BB%E8%AF%91%E8%8B%B1%E6%96%87&amp;usm=4&amp;ie=utf-8&amp;rsv_rq=2&amp;rsv_cq=%E4%B8%AD%E6%96%87">中文翻译英文</a></div>
							<div><a target="_blank" href="/s?rsv_idx=1&amp;wd=%E6%B1%89%E8%AF%AD&amp;usm=4&amp;ie=utf-8&amp;rsv_rq=2&amp;rsv_cq=%E4%B8%AD%E6%96%87">汉语</a></div>
							<div><a target="_blank" href="/s?rsv_idx=1&amp;wd=%E8%8B%B1%E8%AF%AD&amp;usm=4&amp;ie=utf-8&amp;rsv_rq=2&amp;rsv_cq=%E4%B8%AD%E6%96%87">英语</a></div>
							<div><a target="_blank" href="/s?rsv_idx=1&amp;wd=%E6%97%A5%E8%AF%AD&amp;usm=4&amp;ie=utf-8&amp;rsv_rq=2&amp;rsv_cq=%E4%B8%AD%E6%96%87">日语</a></div>
					</span>
	</div></div></div>



<div class="s_tab" id="s_tab"><b>网页</b><a href="http://news.baidu.com/ns?cl=2&amp;rn=20&amp;tn=news&amp;word=%D6%D0%CE%C4" wdfield="word" onmousedown="return c({'fm':'tab','tab':'news'})">新闻</a><a href="http://tieba.baidu.com/f?kw=%D6%D0%CE%C4&amp;fr=wwwt" wdfield="kw" onmousedown="return c({'fm':'tab','tab':'tieba'})">贴吧</a><a href="http://zhidao.baidu.com/q?ct=17&amp;pn=0&amp;tn=ikaslist&amp;rn=10&amp;word=%D6%D0%CE%C4&amp;fr=wwwt" wdfield="word" onmousedown="return c({'fm':'tab','tab':'zhidao'})">知道</a><a href="http://music.baidu.com/search?fr=ps&amp;ie=utf-8&amp;key=%D6%D0%CE%C4" wdfield="key" onmousedown="return c({'fm':'tab','tab':'music'})">音乐</a><a href="http://image.baidu.com/search/index?tn=baiduimage&amp;ps=1&amp;ct=201326592&amp;lm=-1&amp;cl=2&amp;nc=1&amp;ie=utf-8&amp;word=%D6%D0%CE%C4" wdfield="word" onmousedown="return c({'fm':'tab','tab':'pic'})">图片</a><a href="http://v.baidu.com/v?ct=301989888&amp;rn=20&amp;pn=0&amp;db=0&amp;s=25&amp;ie=utf-8&amp;word=%D6%D0%CE%C4" wdfield="word" onmousedown="return c({'fm':'tab','tab':'video'})">视频</a><a href="http://map.baidu.com/m?word=%D6%D0%CE%C4&amp;fr=ps01000" wdfield="word" onmousedown="return c({'fm':'tab','tab':'map'})">地图</a><a href="http://wenku.baidu.com/search?word=%D6%D0%CE%C4&amp;lm=0&amp;od=0&amp;ie=utf-8" wdfield="word" onmousedown="return c({'fm':'tab','tab':'wenku'})">文库</a><a href="//www.baidu.com/more/" onmousedown="return c({'fm':'tab','tab':'more'})">更多»</a></div>

        

<div class="qrcodeCon">
	<div id="qrcode">
		<div class="qrcode-item qrcode-item-1">
			<div class="qrcode-img"></div>
			<div class="qrcode-text">
					<p><b>手机百度</b></p>
			</div>
		</div>
	</div>
</div>
<div id="ftCon">

<div class="ftCon-Wrapper"><div id="ftConw"><p id="lh"><a id="setf" href="//www.baidu.com/cache/sethelp/help.html" onmousedown="return ns_c({'fm':'behs','tab':'favorites','pos':0})" target="_blank">把百度设为主页</a><a onmousedown="return ns_c({'fm':'behs','tab':'tj_about'})" href="http://home.baidu.com">关于百度</a><a onmousedown="return ns_c({'fm':'behs','tab':'tj_about_en'})" href="http://ir.baidu.com">About&nbsp;&nbsp;Baidu</a><a onmousedown="return ns_c({'fm':'behs','tab':'tj_tuiguang'})" href="http://e.baidu.com/?refer=888">百度推广</a></p><p id="cp">©2017&nbsp;Baidu&nbsp;<a href="http://www.baidu.com/duty/" onmousedown="return ns_c({'fm':'behs','tab':'tj_duty'})">使用百度前必读</a>&nbsp;<a href="http://jianyi.baidu.com/" class="cp-feedback" onmousedown="return ns_c({'fm':'behs','tab':'tj_homefb'})">意见反馈</a>&nbsp;京ICP证030173号&nbsp;<i class="c-icon-icrlogo"></i>&nbsp;<a id="jgwab" target="_blank" href="http://www.beian.gov.cn/portal/registerSystemInfo?recordcode=11000002000001">京公网安备11000002000001号</a>&nbsp;<i class="c-icon-jgwablogo"></i></p></div></div></div>
        <div id="wrapper_wrapper" style="display: block;"><div id="container" class="container_l">
        

	
	
	    <div id="content_right" class="cr-offset">
        <table cellpadding="0" cellspacing="0"><tbody><tr>
            <td align="left">
	        
	
	
  		    <!--[bd_nocache_start]-->
  	        


  		    <!--[bd_nocache_end]-->
            
	

            <div id="con-ar" class="result_hidden" style="position: static;">
                                                                    
	                                

        <div class="result-op xpath-log" tpl="right_recommends_merge" data-click="{&quot;fm&quot;:&quot;alxr&quot;,&quot;p1&quot;:1,&quot;mu&quot;:&quot;http://www.baidu.com/s?wd=%E4%B8%AD%E6%96%87&amp;srcid=21102&quot;,&quot;rsv_stl&quot;:0,&quot;rsv_srcid&quot;:21102,&quot;rsv_catid&quot;:101,&quot;rsv_cardid&quot;:20010,&quot;rsv_uri&quot;:&quot;%E4%B8%AD%E6%96%87&quot;,&quot;p5&quot;:1}"> 

    












































    
        		    		    		                	        	        	        
        
        
                                                        
	
     
                        
    	    
    

    
    
    

<div class="cr-content ">
    

<style>
    .opr-recommends-merge-p,.opr-recommends-merge-img,.opr-recommends-merge-mask{height:75px;}
    .opr-recommends-merge-item-vertical .opr-recommends-merge-p,.opr-recommends-merge-item-vertical .opr-recommends-merge-img{height:100px;}
        </style>


<div class="opr-recommends-merge-content">
 
	<div class="cr-title c-clearfix">
            <a class="cr-title-sub opr-recommends-merge-more-btn" href="javascript:;" onclick="return false;" data-click="{'fm':'beha'}"><span>展开</span><i class="c-icon c-icon-chevron-bottom c-gap-left-small"></i></a>     
        <span title="相关动漫作品">相关动漫作品</span>
            </div>

<div class="opr-recommends-merge-panel opr-recommends-merge-mbGap">
        
<div class="c-row c-gap-top">
    
    <div class="c-span4  opr-recommends-merge-item opr-recommends-merge-item-vertical" data-click="{'rsv_re_ename':'奥特曼','rsv_re_uri':'23ec71e9a5e34e6283991b0d4adb5263'}">
                                                	<div class="opr-recommends-merge-p">
            <a target="_blank" href="/s?rsv_idx=1&amp;wd=%E5%A5%A5%E7%89%B9%E6%9B%BC&amp;usm=4&amp;ie=utf-8&amp;rsv_cq=%E4%B8%AD%E6%96%87&amp;rsv_dl=0_right_recommends_merge_21102&amp;euri=23ec71e9a5e34e6283991b0d4adb5263"><img data-b64il-id="192212640_3855720522_58" data-src="https://ss0.baidu.com/6ONWsjip0QIZ8tyhnq/it/u=192212640,3855720522&amp;fm=58" class="c-img c-img4 opr-recommends-merge-img" src="data:image/jpeg;base64,/9j/4AAQSkZJRgABAQEAAQABAAD/2wBDAAUDBAQEAwUEBAQFBQUGBwwIBwcHBw8LCwkMEQ8SEhEPERETFhwXExQaFRERGCEYGh0dHx8fExciJCIeJBweHx7/2wBDAQUFBQcGBw4ICA4eFBEUHh4eHh4eHh4eHh4eHh4eHh4eHh4eHh4eHh4eHh4eHh4eHh4eHh4eHh4eHh4eHh4eHh7/wAARCABkAEsDASIAAhEBAxEB/8QAGwABAQACAwEAAAAAAAAAAAAAAAcGCAEEBQP/xAAyEAABBAEEAQIFAwMEAwAAAAABAgMEBREABhIhMQcTCBQiQVEVI2EyQnEWF1KBM0OR/8QAGQEBAAMBAQAAAAAAAAAAAAAAAAIDBAUB/8QAKhEAAQMCBAQGAwAAAAAAAAAAAQACAxEhBBIxQWFxgcEFE5Gx4fAiMqH/2gAMAwEAAhEDEQA/ANytNcEgedNEXOmmmiJpppoiaaaaImmmmiLrWkKNPiFmSMJSpLiFg4U2tJylaT9iCM61w9W7Tde3X7Dbifmp6nK9TDFiia40tv3Xi4052MdKPA4VnpGCNVb1I3LuyrpL1mPsmROabYcUiYxObDXy/A8lkH9z3U9n2wkg/ZX41Wmb1u72thSJ81Tcp6IlxstwXH1Os/UggFPIJaJbWFJX9WP4wNVva9wIaFswnlseHSadeyq3+8dipm1Q3TW7r6qqO08v3QpMReShb7hCcJTkpOQTnkehjQep27L+tZFbW3AmNVzkV0xAZHv8vZKXkhCcEkLVgZyMAjz3KlX+45tPZXEOgUP1SII88Oc20NMpQAkIWrClkpBJ5Dzk+Ma9VW8JNUw3uJUCXUuRGlx2FAJU0mEpxJW62EHl7uQEKx0Mpx47i0SOpVXvGHBOUaX+PWo5XVJ2t6vy5sB+haRcv2dfZNLdkFPH3meZCwArBGFpKOBz3nxrqzvXqXdN2k3b1Bd+w+40zBU8v2UpLbh5ElX0Arx1hR8fVrCmNwy7mUucqKbKQmD86t+NFcjJWX1qUtt3IICgBxGM5Vk5JGdeNBmT5CbNl/bNrHhvqbclIhftJbUAlIAWsgoBKkHKin7ZPY0ifch2vdVvwt6j9Qf5/FRrf1ms6uXOsrCnnSFLhNQpKorxSIaic+8SR7eConikHkBkknOveV6mbyhW9azbbfnPBNM47LXDcCmXEOYU3JCgCnAH045cuR8Y71JrW1ttxXj8ow5vGKBBQiY0v9h/6QeHMcSpPAjIH5+3evrum+3LVVynLlTcmRHc+UlR1tEFSwgBkyUoUEuAIBCCDglWe8HVTpXA12WwYSJ8YaG/l16fPMLYf0wsNybjiVqpqUMV8JfuBwyCHnkpStCAUDOUlRKuROCEJxk5OqdrVD0tvN5RvUwVVFDrocqS6oS478V4xfa9lS0IQ/jOAtKiAMgELxgedqYSZCIjSZbiHXwge4tCeKVK+5A+w1paahcd4yuooV6w733tV0LezbWGaedbS1Rf9SxWFPQ0xDlSnENpKnA6EDiUKGB2rljxMq7cVPWSn61dTfRn18IUKQPaEeQMf+U4xxJyVFQyMKVnx3s/vnZ0XdD8N+dc2kFiCHVJRDdQ1krbU2tSllJUPoWodEYznyAdadblX6eUljulqDuhN8xHQ8zDrnWluNYLmWA2+T4QchRB+oHonVT/AMbkroYdjZwGNbfgDr29lmNHe0U5oxma915uA+qM66t5pSUPvEqU2tsZ5lK0/SsdEEjXm71ES52bXbRdZQxcS2ASDIUXG3P/AFoCRkFIQkJUP6hnHautTXbVlKcq4Fb+i+7FctHZLTz05ESI+s44hxZGf2+ShgHsKAP85jt+/pt32RvdxAx5tQn37BSpamo/FKylKU4+pRPjH4BOpDEE0ymhCnP4c6NpcRUb8NR17WvqqJW7jpaPZkNF8YrSHbNLWGltpC1pwpaSkLBTj3AOByR1/OvJqamyj7v3TZXLz36WLFuBa1iH0qZnsPcWmSg4IPt5TyHXgDOc4xjde4q6XsByw3BSQZVtGgTXlpkR0pUzLVIbQObZ7BCSAB+MfbXm7fesY+wIO2t62SWE2rLbkAh4h+O3zHFwkA4GcJwewMH+3XkUWdw1G6hM8QtcQQSajTjtwpTtSiyC03OWEN7dnvOypIKA5JiuOrcCi5xDykKHWccSUd9ZP5PNrf07dl+iW/zU6HYKW5ZvwG/aZYZWsIDYcUDzU222FBeMZyBjomd3dnexaqruS4WIseS/WVU1bylP8GcKdCQOy2FLx2SMkgDydcO2drI3Siotpy7FuYptEpNYge7I95IUpCCcfuELCcYxnr7aPa1smWRwHr23WrC4aSSESxMLuo1G+ot94mp7Q3jDgeqNWaJQ+WgzJC5jgW22wqOsIbJCAD+7xAOAfAP3yTs9tC+ttx7ciXjNWzFYmBTrDb7i0ue1yPBSgU9EpwrH2zqMfDTQVG4qubawmJ9Kj5dypnQ1cFplo7AeSsjmFpJKeQx2nvOOtg6iEa+riwVSpEsx2UNe/IUC67xAHJZAAKjjJOB3qUdxUaLmYtgZIW0uNee6nPxEPWEul29tCukvxRui7ZrJb7BAcRFKFuPcT9iUoI/xnWGepPp3suoXtDYe09vV7dzOVJMd19vnlpLRDq33MFRH1DHnCsYHWNWK62pGt920+4ZlhYZplLchxG1pSwHVoUhTigE8lHiogAnA/HZ1jFpEW361f6uuIorqGkoHIqLKXIbbaW886hSuIKsgJQnBUcdkjXjm3qVZDLRoaDsTzOg5qG7M2CudS37l3HRTnbsmRYR2nWEhDEpKVFeR4U3n2QB4Pt5HWozHXFl+o9LUzHWUR5ctn9WW4gHmp13mvmcd4C8f/dVLdu/7rcldOp6KZIuLHdN887BigZDcVtwojoIOPp6LmD1gIz0Dr1bv4UbBrYqLGHfuS93JBfktLUAw6o9lCFeQof8AJXRP/HWc3uwaLuh4Ywx4lwGaw4UFPepO1brsfF8/sWkvZjs2ijSLd+Cy4yqPGbCy4SpA9xw9gBKEkDHf/Q1Cbvc0a62PQurjGPZRGFxQ808rl7SXOSDk/wB3MnP24geMa+vq0xuBe9v0qdZm4jsNsxH5LrXJYW2lKCkE5J76GPx41ZvSb4dqCXumdV7ispFjXwEB5pthRYUpbgHSj2eOOxjByDnV0cszXWt8hZTB4eyIPLqmm9bkEVp8qcbarXPUDbwetrNNTtnaNNLlPuMoBLbzji1BCUHypauH8YT9iRrJvh82HHu5c6pnUTzO8K0NzmH5vL5ZphTIUyFN/dS1LSQT2AM9FOD9/WT0js/Saa7eUiJFzsqWtpFjFWs80oDiV+24RjolI4ufnAUPzatjXFG98Q1pcRpZbY3Rtquk1xdQUJkEc8pQT0VJQEEpHfn8HUS0OkznWt/vspS4l7MMY4/0IsRwItz1rVeX6e3yIuxInqRNYXCsK2U5V7kiREJS2txDntlfEdJIJQSehgk/bu/pUFJCh4IyNTrY+0ZkJ3f9Da1pZqbu1fnRpTUhCg4iQ2lK0hP9SFpUknsY+oYzjWXVtRNgQGITd3LeQwgIQt5ttaykeOSsdnH31cytLrhYjL5hLNDf1XsannxB72ibG9OJli40zInSFCPXsuNhYU+ewopOchIBV/0B99UPUt3tsa+3T61bYu5yYS9r0Tan0tLdKlOSCFd+3jGQfbIOf7dJK5aBWYMR+aHS6C/Om3Veb8N3po9tupVu3dTBe3bbZdecePJcZtXYbH4UfKsfnH21RvUSxkVOxrqxiKQmQxCcU0pachKuOASPuATnGveHjWLeqn6YvY1jEtJyojUlotoKHOClr8pQPyDjsfjOdetYGjKFCbEOml8x/wB+FqDURNzUUvY/qPdR0tw5N+hJKvrKlKUkuOH+0JJKwnvP0k9a2DqF2u1fiEso0wNuVN8w2YZzhTfEAdfYjJII89ZGe9GfTwb/APh32/tWVOkUyktMOlwMhakqbUrrBI6OfOR9jrrbwpr6ik7Dd3BfxriVGuGoaJaYpYcdbUOgsc1BSuj2MZ/Ge9QyESFaZMQx+HYLVFRSm1a1HWu6rO7aSJuXbFlQT+QjWEZcdwp8pChjI/keR/jUo+GDdVZH23/trZ2jA3Ft6XJhBlxXFUlpDiylxoH+oBOQcdjHfWNWvXwchRHJbctyKwuQ3ng6psFac9dHGR51MtvVZmTAROjcLG44FffTTTUlQuM6Z000RM6686FCnJQmbDjyUtr5oDzaVhKvyMjo/wA67GmiJnWP7220NyxojPzqoio0gPpWGgs5Hjyev86yDTREB60zppoiZ0zppoiaaaaImmmmiJpppoiaaaaImmmmiL//2Q=="></a>
                                </div>
        <div class="c-gap-top-small"><a target="_blank" title="奥特曼" href="/s?rsv_idx=1&amp;wd=%E5%A5%A5%E7%89%B9%E6%9B%BC&amp;usm=4&amp;ie=utf-8&amp;rsv_cq=%E4%B8%AD%E6%96%87&amp;rsv_dl=0_right_recommends_merge_21102&amp;euri=23ec71e9a5e34e6283991b0d4adb5263">奥特曼</a></div>
                        <div class="opr-recommends-merge-d">
        	            	<p class="opr-recommends-merge-width-text">科学空想特摄连续剧</p>
                    </div>
                            </div>   

 

        
    
    <div class="c-span4  opr-recommends-merge-item opr-recommends-merge-item-vertical" data-click="{'rsv_re_ename':'一拳超人','rsv_re_uri':'5b6e5b320e8f4a3c95c39a3f727482d3'}">
                                                	<div class="opr-recommends-merge-p">
            <a target="_blank" href="/s?rsv_idx=1&amp;wd=%E4%B8%80%E6%8B%B3%E8%B6%85%E4%BA%BA&amp;usm=4&amp;ie=utf-8&amp;rsv_cq=%E4%B8%AD%E6%96%87&amp;rsv_dl=0_right_recommends_merge_21102&amp;euri=5b6e5b320e8f4a3c95c39a3f727482d3"><img data-b64il-id="4026792708_2116941883_58" data-src="https://ss0.baidu.com/6ONWsjip0QIZ8tyhnq/it/u=4026792708,2116941883&amp;fm=58" class="c-img c-img4 opr-recommends-merge-img" src="data:image/jpeg;base64,/9j/4AAQSkZJRgABAQEAAQABAAD/2wBDAAUDBAQEAwUEBAQFBQUGBwwIBwcHBw8LCwkMEQ8SEhEPERETFhwXExQaFRERGCEYGh0dHx8fExciJCIeJBweHx7/2wBDAQUFBQcGBw4ICA4eFBEUHh4eHh4eHh4eHh4eHh4eHh4eHh4eHh4eHh4eHh4eHh4eHh4eHh4eHh4eHh4eHh4eHh7/wAARCABkAEsDASIAAhEBAxEB/8QAHAAAAgIDAQEAAAAAAAAAAAAABgcEBQADCAEC/8QAOhAAAQQBBAEDAgQFAgMJAAAAAQIDBBEFAAYSITEHE0EiYRQjMlEVFkJxgZGhCCRSJTM1Y4OxwdHh/8QAGwEAAgMBAQEAAAAAAAAAAAAABAUCAwYHAAH/xAAyEQABAwMCAgkCBgMAAAAAAAABAgMRAAQhEjEFYQYTIkFRcYGR0aHwFDIzscHhFSNi/9oADAMBAAIRAxEAPwBh+mMFphvOzF4yPMW1EQphMxhKgFe4Aej/AH1e7zzu1dpP/hGYTLzypcktwGGwS/zRxBA8UlV9mgOxfxqJs/8A8F3COKi2qC2nik2mi7R6+DROj1WMwYxUzCzITD6FLkKQp5AUeTaUnkL8EXYrxWtFxV5f4hUfeB/dYjo/atJtEav7nUf3x7Ui8r6u5hDrH4b04xzkOCoq9pKSsfpKSVBCSm/no9HRd6beqe1vUOQiA9hIcPKNuRUtxFISpK0e6EuKbVQPXJNpPj7izoxfVHlYZpqTtoraLSfe9tXAhVCyAB++uZfULB/yF6g431G2m5JfbxU9EnIYmQni8WQr6loP9Yq0muxYJ0lQ+vVKprTrtkKSQkDPLlFdWZfEMnEuvpYaeiNRJSA0tsUF+8KI+fHIdfGtMyDhZU2TGGMx7a4smQ0G0soBUn8NyBr+6tZN3RjZvp5Mm41QlsPwFy2C1RJbccPFRF+AFJUfteqXaAdkZ9e4JCW1S1IfK3vHM+0SBx8dcfiuq6+dSF6hDgaWTJ1RH8/WqV8PccaL7YGkadU784x3YxIoWyeAaVvPb7MFtPNzCNOra42hZ9tVqrxd/Oq/I4ZvC5JJkwWVqAiMoL7YVfJxSSo/etMhzc4i7uwn8RfiRILuKRMkPLSEUr2ligfgd+NAe/tz7Ryc515vPvKYSY6w4iI4tI9tZWfA6Hjv76A4242y6jWvTIGJ/wCqb9Fip5lxKUagFEatO3YGJzyqfPhbfbwinYsGOtSoU9pX5IpKy5aFePIo0fjSwa2g662HEhuj/wCZo7kT9uo2lL/h2VbkzUx5Dy2aKFC1LrpVGv8A6P7aDMZn3noDTqYrVKTf6NOejXE+wsKIInEZrOdNeBJU40pkEGDM4zjuimnuvF5XYeTayO3siWIs1SY6Q4QuifINggjq7/vqsw+7n2c49N3bknHsfEDzySzGADylJSPAANEUaP7aO985LGzsZDhOxETUvuWELB4gjwSR4/tYOkF607nj7czIx2JcW5M9tLjiXGqRFN/TQUPrVQ5CxQsHvrRDV31zOl4dopImBJ7hnfz+aCe4Uba4C7dUICknTJgbk9mY3gjn4Cm8vfe58lDVPxe24WJxQFpmZh4p5D9whNXpGesPq7hHUOYrcEXD5Md1IxqnGH2lfBQSVAn/AE1B3C1v2T6Wz9xZHKTHy4A62w79a/bWr6njXizXVeO+hWuV5qpLkxX4rmXyqlBQo3pCGg2SB9K1SCXBmuofRTdWfyeH/gOOzEpzACSWYbqmAy82lVqcZURYUg3dDwSQDRrTwhIfw2Oi/gsm9HkO82EtJAWhxZSsigoGvpsGq8A/GkT6Y5jD7dc2ts1biELjRlzJPOrfkuK6Ar4CQo915GjD1K9RMY3urY0bDvJeMTKyBKbQsWChmuJP/qDvWYfu783Y6pMASRjwn07UZ9K0/wDjmQ3+GWO0qARPeYj2nHvUzeWUlZmVEYMcyzHYS2hcpz2WG0BKkBBCAVOmlE11XXd9aqWsRItoORsRIDPt8WmmXY9JSQQArmsfA/Uk+Oq86tHQ0+hEkNFsOjkE3dCzqZjQgpWsclrT4Sbo/brv/Pxrob3RTgiLdd1cJUrV2iSpUifAJjbYQJ864sjpZx5F0LFtYToOmABGMGSZ3iTmKHdzzW041yLi2n4eReIM98pCTCT+lKEGuK1qSCkVaePJR7IBoom41RIzcZMVBDaQkHlpg7qmtSsXFxbojoR7RTy9pQ9kFSf1LJPL9PRHfZ+K0tp2K9qY62ypt1tKyErF9jSbhfCLfhTakW85JknJ3wO7AG3zNbW4v3r0gvmYAiNsgE/Wt+O3zvvdecgyIbs4QY8povvIQlttJ5DugKKqPSeyTXR1s9TYcx/f0jMZ18S0IkNRlpU4n3W+AFB1KUjwkEXQ5fbQjKjZ+K9Bmylut4FD6CpcRH5aUJcSVpCm7CT0TdiyB9tas7k5yPUeUHXXZqA5+DW0+ogFPHhx6SACLsECur8d6KLp68I5E8sESJ8c1GQWzO5IrpLYudYpEiW9F9mI0hay64kBwoBNDsX1RFdk/wBtcq7qlOetf/ECuVtvAmBFdeSAyr6VpZbPbjpvpR+QPHQF1ph+jGAxuW3xExeWkKyobDj6StXFBUjtNJ8nujZ/wNe4JuFtTe7k7AwEwIzvvSVuuJ5qkthSjZKroGgOIPRv50FerKELSye1E8p+accEs1XVw2lXPJ5CfrtV/Ox/p16ZNGTPnJyG4sg402U8g57nYTwSk+AL8/v8nV16mbVTkWsPl4eMg/xBEQsgFXtD2SvkaIHSrCRf/TYFXobweG2TthpzcL0RWc3DkEu+9MnAqMIqBASwz4oXQV2r9q1rf39Ky2SCPeZajxWwwltbtFFikkAAlSr+Pjr7nSljhi7G+aeuSVAhWr1EAAef3sKNueKu3bLirSA4lSSknIkHUScZ8qNMbEUWYzTw4ENpRaTYsADr/OrdzDy8ZGWqbDkoIacfQeNBVdXf2NffsaHcumdGwOP3nj6lxMXJEh9lV8UhLhAKgE2U0L5i+jY+NMyZuFndHp3HnxELAZcQ4UB36ksqSSlVgfKeuurs/HW0e403et9QhEoOCDXPGOjCrVw3NwvtyTjbnv8AGKA9wQW8ljsdFDk8e0yTbwTwBFAcAPI8+e6r99LnIw1xprsduUtaW1cQSPP++mk0IYZUGmlIdSVAnnfNR4/UB4H6T9+9a0YyGtAW8kNrULKVKTY0SuyJTqAzJ896Ha4poc0KMiBttsPHNc/bT3Bk8MtQXEchwVPhcltDyWw4kfqb+oEm0gir++rLL5Da0bfPu5Vr2W4csryboZU5zWgEVSboLXVj/wBtD20I8qZlYDrUdh1z8czQk0Pcb9ylrKiSKNVXE0LOrz1Mm7fxO8MwXnI0wL4f8nAbtkPkdqUQE8VeTxqxdfvrNXOkvh5BMgEe5HwfsVsbZhQTpXgb1twe89mYj1Hk7s27nXXvaUtwRnmFMpcQpP1pFj97q619M7myeb9RNuLZi/gsM5l2klpxJU3IZfkJC0WRSkhSlURdf3GhX00wWHyGbd/ijDTCHXEhhJSClKyQocu6PVgfetPzYowoxkGBn8h+ElYzIQp2PkrVbSGgCS0PhAJBIvqyPkaCcfQhyNzTFu3UpGoUsN6bo/mH1HzrMHFN4zbcCQthEiOCKaQ6Gi4o31yN1Q+QANEezYbsll6GxDElUN1K5MREYJUG1de6CoKKgDXJIogG+9A3qVjcjBhyNtbafcmS3MwZk1zoOOkuK/DtBIJBQk2QP6lK8dUGsvcsn0qjt5PcbCIGTlFSJUb8KlTpkKCF2l/9Ab/6vIA+OQrUb5KzAyTt7VZYluCRAG/vV9DzETbWMzLMv2n1NRnvykqKmlIWAFcVKo2pXDjV9JoHsah+gmOlYXbeRxLrsmRMmBuSmGlQcZZaV+lNHoqUVC/AT/rpVbokZBEV6XlHPw2RnSVOogR+AbaaJKySkWryr6QfvpvbW2Bmch6XQ5jeddg5p5hchhxcUe42t02ErWTakmkGyOrJGmFraotmyXTJV4Ukev1XdxDIISnxqYlElOQOPdZTDfSspRzNhsjzf7geL0ZM4fbSmUKmvBcgpBcUJIAJI8gX41yZEdzWF3wYst6Wdwe6Y77c1wk8v1UT+3VjyCDopcVnnXFOOSY3NRs/Ws//ABrVKeXdJBQdJHhWTt7BiyKg6nrJ21d3p486W23ZbmOyTGRZcQpWOfClsuDkHWyoknifIAN/2JGt+9pf8c3FlZkWMI4f4LcQyDx9wNqtzroklI+qhd+Bqds7bP8AFvxj8vJM4tERr3m3FqFu+ekixfdC/uNG23dp4lnOIk5iGHor0dLTrLLhSplRT0tJTQ5igeJBBBPzrGXdyzbqVqO1dEsrK4u0Atpml1DbnSITTy45MlaR7o4e2lsV1SR5qj8gWq/igfY/NLyP4LG5SO8/KSyhhEmKr8xKBR4KshKwPN2CP9tHTuH9PIzbkx2SGYCiVCM++qmzQuwBdf3J0pvVLeO38k+jH7JZUwxFppxRZKUSSLK1kH6imuIBVVUer0Iw41fKISkgDviPSrbhp+wTKiNR7vmmztzfmw9hPJd3JMTlMlDbKmSVIee5mymuJNnugfHfn50o9/ep+Y9RM1Iy+QhBjGrbXDhw3UoWlEdRPuKHyHCa+oD+no9dwcBstAxStwZXAuZabJVyaYeeV2VfoWpCDYTXiz+11fTIZyuMwGKS0/j8bEeU0VBP4Jn3EkJNJPSj56snTIIDpkDVGN6Vk9QkwYJztS33Q1PYxmH3G5Ll+8pYZYQ6zTTaW0/l8FH9X0iiCKNk2bOur9nb0hZjYUcO+3BysSGh4w+kghKApPAHstqAFHynwfglIsbp9qUlc5mDkcQ0ptbjTsRPJIUhNkrux5IBI418Vq939Fht5J7J7emmPjHOL8172kkBIbtsnlZV9VJKLqwfnvUjctvL6kiCNqgm0cZQHdUg7/NU23cx/MPqo8vNR4Ht56T7TvBNhtRHFtSFK+pJCgkhXR+PHWjebsTcESU5GbmRFobPFKnOKVEfcV50lsblG2Y7cMxJynzNRIYfitp9xniPq4q7KvKfprykHXRWL3VjZ+MiS81AxuRnuMIL0pLS/wA76QAo1VGgLHwbHxpuq7XbKhnb3pIxZJvG9VxvMiMen81yhh/+0NwYhlxIcemTw04SpIsGj0D9IPmvi600MNuSMy1LYjuNNR5Ev8EBwBcCkeFLbT2lRBHjom9IbMTHImWZXGcUG2nElCh0Ur6II+4P+taIX84he4clHXjS3j8m4l18NMqDjCwkWtokePt/+aQ8Ts03i9Ktvv8Ar2rV8Iv3LBGpvc/Yqy9UZzs/OtQo77aIC1cDJSOATx6W2Ae0ru+QPff31BWIsVsMRQgJFHpPXX21oYYckOufxJ9txtf1R5stji6oigKV1ysV+o1831r6iYnJOBUqTHfTFQ5wCuJ4vEeeHEWofdP+3nVzFqppsJ8KGub0PulZMk0Yx93Lj4dDcvJqAu1KSlKFDqqsV8dfv99VkZjMbwnc9rYh1cdvt2bJcDTACbJKnV0PHwL1A/lzE7nbajY1D+JmLUoN++lbnuED4UbJ/wAf6avtkYaLlthZLB5jIrx8jFuOIeZLhSFLTyro+Sb/AG7BA8a9d3Ztm9oEicVOw4eL12AZMGM/SpWzMLnIWXzGOmy4yMlFbbQGFvJcZQ2W7QUr8FCgoWLF96v9pQp25dsStuzHoSIcRx2Sl6I8mQsI5WkJQ1yAKTxHAdkE0U/K59Nsq9h8jHZcL8VuVY95xHT7YcISuzd9gi6/p++r3NZ3c+LycfMOvqYxrU1KFY9tAQy0nnSXEpSB5PR5AkhQ/wAUuJCFh0bn9xU2/wDYgtEYH7GpOHQcO8Yzkhn35ZQuBMiqKkSmylxCmQoCwFlSQU9K6I6u9TshtaM5NdX/ADhM2soq+vDyGloXCX/U3V9gKuj8ij860z8c/gs9ksJHbUjHbgi/icUpwBv82+TP5hFoKFFQNECwL1oj7k9PJUZl/JYPOiYptIe9jMBLZUAASkLQpQBq6JOmerrQFDvpQEhnsHEUpZsl6PkFpaUAHkOMKsA/S4niqvvWjOZvzLImxJSYsILMWzQcAv8AL76X1/3aehQ7PWs1mqHf1DRjH6YqZu7eWVyeBw0Z9mIhGPQsNcEKN8mAwbClEfo/YDvvV09vzLR28TERGiFuPDQ0LU9agltKAT+Z10gXxoE3rNZojSI2oQrVq3+8V69vLJQsXipSI8Vx2al1x4uKdIFFYCUgLHAfUSeNE9WToQzGVlbv3BOyuVIRNGJlvrdjlSC6ttaigr7+qga78jzes1mqFgRRLSjNEULBwJmSmwFpW3GjKiSmG2jx9svtkuISfIRaQQnwCOtTtqbhzCMDkVGc64YsVSmeZ5cSlXFJ7/a7A8X8fGs1moJ/IqpK/OnzqIvJZLcPoq1nczkJMzJwMq2liS64VLAebUVgk/FtJI/Y3o2wu0dr7lxUbOT8FFakymwpxMYrbbsfTYSFdXVn9ySdZrNetydHqa+PgdZ6Cv/Z"></a>
                                </div>
        <div class="c-gap-top-small"><a target="_blank" title="一拳超人" href="/s?rsv_idx=1&amp;wd=%E4%B8%80%E6%8B%B3%E8%B6%85%E4%BA%BA&amp;usm=4&amp;ie=utf-8&amp;rsv_cq=%E4%B8%AD%E6%96%87&amp;rsv_dl=0_right_recommends_merge_21102&amp;euri=5b6e5b320e8f4a3c95c39a3f727482d3">一拳超人</a></div>
                        <div class="opr-recommends-merge-d">
        	            	<p class="opr-recommends-merge-width-text">ONE原作的网络漫画</p>
                    </div>
                            </div>   

 

        
    
    <div class="c-span4  c-span-last-s opr-recommends-merge-item opr-recommends-merge-item-vertical" data-click="{'rsv_re_ename':'熊出没','rsv_re_uri':'0685bcc1e9d140b9a2c16a78b6f38c46'}">
                                                	<div class="opr-recommends-merge-p">
            <a target="_blank" href="/s?rsv_idx=1&amp;wd=%E7%86%8A%E5%87%BA%E6%B2%A1&amp;usm=4&amp;ie=utf-8&amp;rsv_cq=%E4%B8%AD%E6%96%87&amp;rsv_dl=0_right_recommends_merge_21102&amp;euri=0685bcc1e9d140b9a2c16a78b6f38c46"><img data-b64il-id="3654940663_1987498580_58" data-src="https://ss1.baidu.com/6ONXsjip0QIZ8tyhnq/it/u=3654940663,1987498580&amp;fm=58" class="c-img c-img4 opr-recommends-merge-img" src="data:image/jpeg;base64,/9j/4AAQSkZJRgABAQAAAQABAAD/2wBDAAIBAQEBAQIBAQECAgICAgQDAgICAgUEBAMEBgUGBgYFBgYGBwkIBgcJBwYGCAsICQoKCgoKBggLDAsKDAkKCgr/2wBDAQICAgICAgUDAwUKBwYHCgoKCgoKCgoKCgoKCgoKCgoKCgoKCgoKCgoKCgoKCgoKCgoKCgoKCgoKCgoKCgoKCgr/wAARCABkAEsDASIAAhEBAxEB/8QAHwAAAQUBAQEBAQEAAAAAAAAAAAECAwQFBgcICQoL/8QAtRAAAgEDAwIEAwUFBAQAAAF9AQIDAAQRBRIhMUEGE1FhByJxFDKBkaEII0KxwRVS0fAkM2JyggkKFhcYGRolJicoKSo0NTY3ODk6Q0RFRkdISUpTVFVWV1hZWmNkZWZnaGlqc3R1dnd4eXqDhIWGh4iJipKTlJWWl5iZmqKjpKWmp6ipqrKztLW2t7i5usLDxMXGx8jJytLT1NXW19jZ2uHi4+Tl5ufo6erx8vP09fb3+Pn6/8QAHwEAAwEBAQEBAQEBAQAAAAAAAAECAwQFBgcICQoL/8QAtREAAgECBAQDBAcFBAQAAQJ3AAECAxEEBSExBhJBUQdhcRMiMoEIFEKRobHBCSMzUvAVYnLRChYkNOEl8RcYGRomJygpKjU2Nzg5OkNERUZHSElKU1RVVldYWVpjZGVmZ2hpanN0dXZ3eHl6goOEhYaHiImKkpOUlZaXmJmaoqOkpaanqKmqsrO0tba3uLm6wsPExcbHyMnK0tPU1dbX2Nna4uPk5ebn6Onq8vP09fb3+Pn6/9oADAMBAAIRAxEAPwD9g/h7rGmXYk0fU/E0+mPp8KpHFKiOsq4/hyuVwAP4iO/FQX/jDQtIgmvLKweWW448ya6ZyPmK9+xwSAMdK4L4o61b6fo1jqWmfaoJ3BEpeaNVlwScoo5IAIBc9xg9q4TSfFmo+IfECm8vI1RPlQRuW/AkZ9K78JiZVqlOTd07P8D5DNHDBwqUrWavZ9tfPstOh2/7R3i3w9pvw1uJ5vB//CRalNCFt9NYNs+bALuw+6o4yByenAyR8ueEf2adX8NfD6TxUzafc6tf6kI20+0laV7JTGzB1OSuCSMkbuVT5gQRX2zo/wAOvDPiqxtNb8RWM2tzwQL9isby422okXhWMS4VsdywJIFfD2j+Kv2qPhl+2Prmv+OJ5/C+h23iWT+2rrxXFLDpVxYCc4jtEZSb1zED5YtwxXgsyA5PHxHxJXyfDxjGk5KT1fSKXVv/ADKyHgzCZ/j3i6tSKdOOia1lfp3b/q3U9E+GOi+AfCOrWvwm+M3jTS7fxjrE6Na3XmyJcK7D5EnuYThC3G3erE7hk4217f4e+FviTwT4Z/4QjUJCZn1GVllRmYru24wZAC3c8gZ5r4g+N/wZ8N33xf8AEN746+P114fGtXMmo2d5rngS+E00U8jtkIsm4FTkc7QccY5A7H47eJ/j1+0D+0r4e1v4E+KNQ8Z6Do+paWukapo0nyaef3JkmvI1CtasW8x2aRFDgEIWC7R8HV8QMzzKLjVUZL2kXHkkn7t+tm/66H6BgfDzJMq5J4aUo/u5KTmmk20nZOyvf16H2t4L8KeOPAVnPbeIdWs7ywiJYzS2knnkZJO4ZII98msHWPiTJ411WTT4NVvktVQmPB8uJmXnAWPcXHbLNxnpXpfjnxbI3hc3vhhFnkmj+USqj4yOQQzLnHIPXoeK8Ml1GHWdN1BbaW2uGgt4ZZjJbxpH5h375IcIMDAACrgZz1xX6vOtKrQ9o10v+Fz8+pYWFOv7GLdlbS/nax2Oi6y+l6rc6wNS8gyW6vHMApVFBC5Abhjz37HiuH1nXbG+1Se7ADCSQkGQMzH6kAA/lVZ/EGr3EUqaJcqrJZgMHY4Pzr+R/wAKdDrnxceJWHidEGMBMJ8vtyK8jLcVKadm76beiPTzvDRo1IxcbLX835nnfxA+OvgK7uY9L1rQda1S6it4/stjY3axKG8sZ8z92S4zg8dgeRniDwf8U9G134t6d4b86107T7iOKPzvLMEcB64BO9mGSV3uWJ7kDpgW3ja08LeINH1zVtHSSOxEPnRJF5hkRHIbaQDlTgDkcECua+Lnj228X/Gmbx/pVzqUmlRzQxMj2cSpYRDhYlw7YO0lipAILHIGc15+V5hhHl1Oo5axko2+dk2/yueVn+XZnDPq+HnJaqUlp8a5ea3V2Vne17b6H3X4a1U2E8cVvdp5EZQK6NkMCQMg9xzXw/8AEj473fj7/goSfHfjKGXW9I8M+JZdL0TTYwmPKjaSCAoGIXd5rLMCSMsBkjqPcvhz8ULeKyuEt7mS4gsbBbmEA/fQK0gwD6+WPzr48+BeiaJ4v1C88deIvizY6Dqem3wurCz1K2lZdVuX3ttLxBmVV+8SqseQeNhr4DxazhVakcvg/dSTk1fd3VtP6W5954SUqeIyrEY+cdWuRLfddLdP0PoD4+fB9vjn8TxJrvjaKG3ttNha71q5mVYEglnZoo448KqbULbhvLONrbsnFfP3w3+Lk37I/wAez420zXfteiw3slrrcsEbKt5ppfEjBTyWCKJVHXei9iRXuWhftBWN1Zl9R8R3sscNtHo2sSW3hxW/tCcRl3uIpHuMeYTcy7g6Hczr8g214p+0/pfw7tf2Z/tNh4htDqEN1eXfkPfxNNsniiBjaNPnDIIgCXCKCjbS4ZSfxrKKtbC4+nFbJrb/AIb+lY/VMOqjwsqNeLcZLlXZaO7+8/QXxbqll4Q8a3NudSMdvqTGa3jkfapkJJkAz0J4bHqWrz7xb40jl8Q3tvZTtsuLEb7lFyrBCBsXnBzv5I6DI6njP+LXj/QLvS/CNrr48/7fo9uupxzESKkjQgE4PQ7wfpXCeJteg0944Y9QDiOJo0lkfe04BQKcknnAGSMDg4wCBX9f42tWeQKrBq0tdPOLdvTXTbt5v+bsuxGEnn1akm+aC7XWk4q/quq17+nUaZrduuoapBbznfEu5wz/ACyJ8vytnjHXkVqDXdQtQIDqloNo6GOUkd+qgg/nXkeheMIbj4ga9pvnt50WkeYkcTZAIyOR2IwD9KqxfGa/miWUwTrlRgQ3GVxjtkZr4TK8RiqkL0FzNxi3v1Xo/wCvkfoXEtPC0XD28lFXkle3Rru0PtbkxeBdH1O/n8iO7tpbZXWYKZCecb8cH5u5A4IPbPAfGb47fDvwhpTfD2xv401camsVpo1ukZmlKQ7vM2gqBEwAbzDxjgZOAe90XTG1bwXafDe3vYJ76z1Ke5XUnkK28sUhJCqCM4I55AzuHTFfFP8AwUm/af02PxhcaJ4X0vUPDd/YXc8F/e6JrkNlLr6F+GeaVDiJCijEfz4C5BwCvi4X2OaxhhqOJcYzm21G17QanHfXWVv629HF4KdHP54iWGTcaaanK9uaSlBrT+7ur9U1bW/2D8O/irPpGp2Pi+80hrSO6063M1jLbmNMFR0VidyEHgkkEHqapeNtOHwYaG88FeB73WPC2q38uoafqNr5jx6b5kaBrebCsEKmLAYkF1K8nBA+Y/2TvjF8V/2kdSOr+LvFOoaw9rPFbxyTSmTMHlAMNxHzjK/KTgnAxjivrn4bfFy1+EltqelaN4wkjkkt9kEBcEJKG3FFbPYHGfXI6V8vxC8vr1sQsVJ+2j21Utl8n17Mx4YyTNcix0IYVKeFqPVSduR669Lq+itqr6rqYnwa+MHhy6iuorv4g6FZPqV7dW5F7rAiNs01m4FwqRgGJgV8rzwcj7S3ykLXG+Nf2cvEnjP4o6v4p8VQWdp8ObfX5HvtemYLBqtt5m8wWaEsZd6HYX5jQFvmZkKH174aftFfHLxzd3Vl4e1wMsN8wuJnk8sRpsUszk9ADu5z/Ovmv9pb47fGD9pvTr+w8D6/cS29kzLb6e85iF26E9QxwrHng4xxnHJrifC8cohSxTqpuavZ293azZ9hw/mmK4gzvF4KjSdONNWlO10/KO13b1PSNE+Od9+058b2+HHg7UrOKS61bbazSKWRc9NqKMsFVdxA4AB9q4XV9X+LXwm8W6l+z2bQavqnhy6EVvetq8d1DauTiSK7dJZJVYBsgsq7iQvGwk/MmoXXib4L+HP+Fh6jol7HYaossd5cCEmS0dlMEqOByrJIEJHXBJ5BBOL+w98VvGvw7+M9t8Vr2GHxJPaaXKLnVL/Rwsj6dHteQtPk7m8uPyw4GVVmzhcq36RgpOvkTnXru0HaydkrK1klvdO2qbsedUyPLcszqdDB4VN1FrJpOUm38TlL4bNfZcUnq+z/AEC0yw8V33xX1nXfCOgSywah4ZCRC0BlIn+UbSqZbPJ56fyqj4d+C/x2udFglbwJfSNtIZxp87ZIJB52eor6T+E37TWh/tAfD2Lxv4JSPTdJlgSXVQwUNa8fMGkwMgjpjHXpnp0E/wC1b4K0aU6UmuWUYgwgRCjhcDpkSAE/ToeMnrXsZNgKFKl7ahUdpJJXttHTbp2fXToflHGWdQxuJ+pZhhuR0pNuzlfml0vZJq2t1o76Nnw38Iv2k9LHxD8JaL4n1WSFfEviCz02FGuHzdSyqsZZGbBMeCoUEcMWJwykD7J8df8ABG79kn4n2za54k8ZanNo1yPtFxZXEMb/ADHqQ5+63OAQoIP5V+bPgb4T/Da1/ac8DWup663ii78J6r9qXXvs0kMcbIWcRqCzKSrugYgnkHJzmv1E1L4t6Xa+BH08azCIHcEw+chDNgAE/MOMYycY4I45x+I/XMBleI96PNJq+7VtXa1nt3vqfuGOoYvFQj7OVo3t0d9t/NeR4j+0HJ+zf+xh8H7j4X/sy+C7HQLZlYX2pBvNvbwgY/eTNlsHA6EDgehFfk74Q/b7+JGpftE6/wCGrT4fazrul2DxmQaNYPPJaIZNnmOo6AuwGemSBX2V/wAFC/i9b6vZXUNsUwQYxskPUDBwcdPoBjaOe7fFfwj+Dmt/AHx9rvxn8R6266N4i0y1aCWOymhds20U8mC4+YRSzmPcM5eDcOMV7eVQw+OwdfEYiCk2tFtrdbGE8PiMNWo06MrK/vPfTrc/Sbwr8Vfhx4MtI59Z8RaTpky2J+0wXF9EryXBj+8wznO7H0HFeJ/tIfF/4cWHhmL4ieENQtLjUNOu3fVl029jka4hMjZkKockBShxzgK54BwM/Rv2D/gePgF4e+PR+Ks/iG51iUSC8CC8Cx+dIJB5MatNN8piUeWmBuJbbtAb5c/aJ+HXgbw/8PLHxz4E1UpNeTtazmOMQyTyMsiyAoDuUYMZCuAy7vQBm8/LeGaVDGqrKs5Nuzur31em91/kfplfiHAewdOjQcYx2alZaLd6We+z3a36npWr/t4fDPxLpL6HLfvLBPGwdbhcqMjGCDxXzB4a/apvPgN4zvfC+281PSJJ5E05/Mh8v7MxBVSqxglucHLY7YrsvgL+xF4J8c3sV9498U3cUTnP2K0cA468uQfyA79a+jtU/wCCf37K2r+GlsG8GLbKsOyO7tLuQT9/mJZiGP1Br6+OacP5JUlRtKSlvptbZ7rbyPmqs+I85pwrQUKc4bO+6e6as9H5nMfBL9u3wHq+iQ6JemKKKRlzaQqYxEwPBUjG049K+vNO/ZZ13XdOttci1XTNl7bxzxmXUSG2uoYZyeuCK8o/4J4f8EsP2U9RvNZvfGvh648T6pourpPp/wBuuZUjNs6/IkkUbBZNroxyeu8AggV9+zeCfDVi4sk0LT41iVUWNLVgFAAAAAPAxX5zxhjMNVxMXldXkWt+bRO+qsr/AH7Hu4HEV6lJRx9OPtF2Sb+e3y3Py6+Gvij/AIRDRJtQ0zWpVt4tRMVvbzygPDMcPIhBJKnJGeQCQSOc16Je/tZOvhhIp76Xfv7Mv0xgYbHv09BivGvjj4Ut/BXhmbxVpHinUHXUXVRa3+kvaS2+yNssxyySbt2PlY42DOK+Tb/9oTXI/Ei+F4o57mWQlVjgBdic9ABya+ppZFTzWXtGrtdz4mrmUcJSipLf/M+tPjL4r8Z+MfDtz4ti0q9m0pSVe8SzYxKRk43AbR05GO3IHWuS/ai+IfiH45fCTRvDvwJ8WzeOPE+rXlnNq2kWulTvqFnI1qI5/tM5jCRxrLHtQB9r7g2Bg16R8M/2p9Pu/gNo/jPwh+zpeT6B4asrPTvFB1SUy2l/O4mwGKxKpS4nEjHzGZgITGuVClPHfhV+1rp/wE+MOr+MfC3w303T21K/kOueHRATb/ZZHBaCIOSYsYG0g8Eeny19FlWBp4arFRjzcmttLP8AutX1/A8fHZlUqUpqCcVJcrfXXXT5bbnsvjL9qf4afC74C/D7Rf2gfAsk1r9jmjgtfCd9LBb6ddR29vmJjZSo5+W4UGVWYmS35DZJr5g+Nura34r8X+BtH+D/AIY1G70jXdQma30ljJLMJporadZGZ2ZgDFIMbmOFjJJHNH7eP7Q+ifFHxRF4Q0r4aad4O0bw5qN9NY6fpYuJVup5WQG5SVifkKxp5cYwEAJJJY1b0z4keEbn4hR/GT4Py39m8XlrYQanYRxpaxJD5PkCMO4ePYWUlsblIG0dT77y2pleGp4mtT96Tm5Q+zFu/Lovhdnprpbub0Z4jGT+pUW4QiocsmrNpJX8mk1bzufXXjP4c+Af2Z/gXoUt3q9lqmvyySW19eaRfqYbe581n+YnLSr5KBEAVAGMpJOAo4vSv2kbeeAWZkVV2gEmUHoe1fNfxh+Mnxv/AGkviDpnh/w74Z/tLUSDbaVpPhu0mmlnc8thWaSRmOM4zgY4AFeean4h+JXgPxpeeA/HWjXujavp05hvdP1CFopYJF6qynBBr5qXDyxseepbmte19bH0dPOoYKv7FX3P2K/4JS674z8e/FPxT/whun293FZaFG9611EroitOu0/Mp28Bhmvr691pxdOtxP4eMittkKWlpjcOD1iz1r89P+CI2seLLfwj428XWl9NFb6n9n0+eaKaNHcoruQpk9N69Pxr9APC/wAcr/w74ds9Bh+Efg64FnbrCbi9tI5JpivBkkbadzMcsT6k18ni8kynE4idJ4n2dSNrpxcla3SyunseXm/EtfC5lJKgpxstVo76bt6Hwv8A8FV/HvwC8U/su6n4K8C+FPDmna9plzFe6dPpljHC8xTKPESigsGR24JxuVSema+Mv+CI2p/C7wD+0x4o+OXxh8K297daJYJa6HDdn/j0uJ2PmTpnOHEaFQewlb60ssOq/FbWEu/EFmlzn5G80bgRkMV56jJ6UeLbvRfhPo0mgeEdIhiu5Pv/AGeMRqDt+820e/6V9XlmAr5fgHgnVc5y+07abX26H4b/AK2Vlg402nKpfdtWXl32Pub9tiL9mf4kfslePPh58Abe28La5qmp2vjLVrGKTbFOkMDqp6BYlkaTO1eA7l8ZY5+AdK/Z48Gv4etvGXxY8Q6pBrv2carf3do7X1rJbJMY3glKqBASHhHmOxBZsKMkZ5fT/Evjjxb40lhutfvZI3txDdl7hwnkqflTr0B5x6YHStzxf4ygh0K/+FXw31SGyj12eCDV3uo5J/PSNyV2rvVFAYsR36c44r08rwOKy7GU+arzR5lKX+HS69Glt+W59R/rfktXCxpezkpq13fR2tdvr3sfqd+z5/wTm/YH0L9mJPGP7U954U1PXPE+lx6vrmoasWjGkpNEGjtIJ15j8pGAJVgXky3TaF/JnV/hdp2rfHDUvgx8DdXbULZPFFxY6Ff3RCfarDzWEVxMcAL+7ALEgY5+le2/tL/F/wCK3jj4a2Hh3U/Gdw9rpgj2W8Eu2N2jjC5ZBwfXnOK+V/DvxQl0bxZF4ghsb631G2yjvbXcaLcMSSXb9zuYnP8AezjivTybHZ1jMLi6mYVVOdVu0Vdxi73T1f5JaaHHguM8PSpzqa+01tf4dtNU29/JH74fsEfsp/s4/sNfDuC08B+GdH1bxPf2ijX/ABheqJLm8cgFkRsnyYc9I1wMAFtzZY/mR/wcQ+D7TUf2v/D3xa8J+EoLIa34djtdSmtlAinuYJGAkYj+IxPEmOuIvatv9mf9u59SEOieMJpolZWTzJJTkHgflWb+0141l8b6ZqNhqV1BdWlvue1Yp82ApPUnnOc18nl0swweeOeIp69Xd6p/0tDx/wDXeusR+8pX1/m/LQ+1P+CTvxZ/Y98B/sq+GPhFB4ysB4hSE3PiKK7XaZL+TBkAyCGCjbGD3CA96+rJPGP7Ntw5muI7SR2+8/8AZZbP47ea/n98I67J4dnt9c8OSm2feWDRfKS2epx+P5177p3/AAUg17SrCHTbnQnmkhjCPKk5wxA6152e8M5jVxPtcDZ8zbaktb+uhWL41xVWu5UqSt5u7+/QpfD+xg07Sg1oCrbzls8n5TXB/FE+f4gIcAZiYnHfmiivpMLripNnwq/iGN4e0+2t5CkCbTMwEjADJ6Hr+NWLPwjolr4x0+4itvnE3UnPdv8AAUUV6Em1F+j/ACKlsen694a0290mNboyOJo8uGf2Ir5w8ceFdGsPEs4tbfZgZ4x159vYUUVjlTfM0Kk3zmaZp7C4hNpOycq3ynHXGelb1p4z8SalCtlf6pLLE5wyPISOFGO9FFerOKerRtVOT167uI9XmEUpQYyNhxjk1ANQv8D/AEyTp60UV1RScEKB/9k="></a>
                                </div>
        <div class="c-gap-top-small"><a target="_blank" title="熊出没" href="/s?rsv_idx=1&amp;wd=%E7%86%8A%E5%87%BA%E6%B2%A1&amp;usm=4&amp;ie=utf-8&amp;rsv_cq=%E4%B8%AD%E6%96%87&amp;rsv_dl=0_right_recommends_merge_21102&amp;euri=0685bcc1e9d140b9a2c16a78b6f38c46">熊出没</a></div>
                        <div class="opr-recommends-merge-d">
        	            	<p class="opr-recommends-merge-width-text">中国低龄动漫</p>
                    </div>
                            </div>   

 

        
    
    <div class="c-span4  c-span-last opr-recommends-merge-lastspan opr-recommends-merge-item opr-recommends-merge-item-vertical" data-click="{'rsv_re_ename':'小公主苏菲亚','rsv_re_uri':'1a747683a74a4f7e9813beec9bd01230'}">
                                                	<div class="opr-recommends-merge-p">
            <a target="_blank" href="/s?rsv_idx=1&amp;wd=%E5%B0%8F%E5%85%AC%E4%B8%BB%E8%8B%8F%E8%8F%B2%E4%BA%9A&amp;usm=4&amp;ie=utf-8&amp;rsv_cq=%E4%B8%AD%E6%96%87&amp;rsv_dl=0_right_recommends_merge_21102&amp;euri=1a747683a74a4f7e9813beec9bd01230"><img data-b64il-id="3679731788_133940342_58" data-src="https://ss2.baidu.com/6ONYsjip0QIZ8tyhnq/it/u=3679731788,133940342&amp;fm=58" class="c-img c-img4 opr-recommends-merge-img" src="data:image/jpeg;base64,/9j/4AAQSkZJRgABAQEAAQABAAD/2wBDAAUDBAQEAwUEBAQFBQUGBwwIBwcHBw8LCwkMEQ8SEhEPERETFhwXExQaFRERGCEYGh0dHx8fExciJCIeJBweHx7/2wBDAQUFBQcGBw4ICA4eFBEUHh4eHh4eHh4eHh4eHh4eHh4eHh4eHh4eHh4eHh4eHh4eHh4eHh4eHh4eHh4eHh4eHh7/wAARCABkAEsDASIAAhEBAxEB/8QAHAAAAgIDAQEAAAAAAAAAAAAABQYEBwADCAEC/8QAOBAAAgEDAwMCBQIFBAAHAAAAAQIDBAURABIhBhMxIkEHFDJRYXGBFSNCkaEWM1JiJJKx0eHw8f/EABoBAAIDAQEAAAAAAAAAAAAAAAQFAgMGAQf/xAAxEQABAgQFAgUDAwUAAAAAAAABAgMABBEhBRIxQVETYXGhwdHwBoGxB5HxFCIyQlL/2gAMAwEAAhEDEQA/AOcZKqSrZ2UhQWOSOP1x9tEz0teEtsdzktdXDSswVZZFKBifH1Yzqwvg70HCs1q6mvE69vPfhpWiyDz6GfPt74x9tXf1L0tR9W2OShmikKs6SrIGPpZc8+fUOfGi0yDq2ytVuIqXMIa/sbAJjlqkqb9aqyKWgeZSFBCZ+oY5OP786bbD1PS18i/OUamsXG2Rh6lP3Izhvv8AfTZfugLnZOk62jiW0z1UVSO7WACMxQShQuWb1YBD5Cgn6vOlil6HqzZBdKyrRUjr/loWimxsw+DIzeBGTkqcerBOQBpZlFMqrEWiReBNaRJq6KupaOOqaNkpSSIJCm4yHPPP9z7aK9OdDXLq2sip5rZVCj3YmrlX0Rrjna3gnx78e+jvTnTV4s4q6y70Z+Wt9Ozy07SmSOao7gjTcBwAA4YgHkY9mOneKnHVFnRbX1OYJDFFHNbqqBo0WRVxtjkUbAGOTt4znUktlCQ45ZNaE3tpwD7dxBCJcPg+VqxJ6ItPSPRcKU1hqoLnWmILPXTSM75yS4Q4IQEnwOP10H64+HHR/WFetfBTC0XWaQSyU8HHzUS+liqkAbvT7ck5z50z2Ol6fs93iotxqD3oY0IO7uq6lZcqPpKNznwPB8g6Dw0dFcLbbpJ4H/iEEbxOr99EDGo5cH8R/SAeSffGqAuWS8FgqoKX3Nam4Fqd9jwYNXKpcbKCn5zEO2WCLp2gS3U0EsMQJfEgILMeS2MD/HGt+tH8Ur7PepaSSOqntBqzB2ali4KliBtY/wBWBnI0RuUKUlwqKYZcRSMgbHkA63UlMJcQMotSopGHxXDHJRQUpWYGA9JaKqGGFHp5KaEKFQyIQAAOANMHTtfSwrLBHWtN2pDHLznttgHH+Rp9qDTuFikRZUByQRka5+hobt0Z8RL1Q1200Ff/AOIjrGcbVXcdrlf+WCQRx4z40BM4i2ygKdFE79uIa4dh8xiCloYuulQOb3v2F4ti62GkvlZQirjWWirs0shJK87WaMgjkH/cXP8A31t6N+Edr6at7QUoiujtUmpLVkC/y28KqAcBQMcHPPPvoV0V1W/V1jq4LTa6tYqONHS4yL24ZamPDKIU5Yjcvk44P51cHT9zpK2ghq48duaNZFP2DAEA/wB9LFpbU51UitY6ptbaum5YjWE2CKmnvlwttdTKYrhSq7xuOCyfy5B+6mI/tnUKq6Pp7NYzDa4ayo2Sdzsq6ZlG7cql2xjB9/OPY4B19dfXCKm6thqqWQB6SSMzhTwqS/yzn+6N+w0Ue63ib5cW2egjKlu+tVGzbvGACvI986tdleskA6VCvnnFsvOKaVQGKg6guM9ruTR1lhSku3Lmd5D9TEEsoHDrnxknGSNMFqmr66AS09mgrZoKOnjeRnQL3AHyCXJBxuU4X2XnThdLgapkW4fwueKnmaKoR7dO5LA53JgEfSDyOCdR6SruNWstLbVtMjRxZj201REi+pRj1gDwScD3GuKlm1ADLSnj8A7QzVOnJUC/lAz5S3wxwmpSGeqhEbKe0NiyKD6vyMkkgYBIHka0NGjMWMpYsSSSckk+Tpg+Skam2XB6d6nJ3GNSq4zxjPPjQ2SzpvODgfro6UZbZSQCYRTU084qqgD4QZYFlZQzISCAy+R+R+dAOmei7LaElzHJWyyVUlU89Y3dkdn9mZvIAAH7a86R6wtPUVliukUyQRyRrIA7j6T75/B4I9jpYq/ifTy3g0Vt7rQxyyRbkBZpMNsyqjzk5C6An5xiXaDrgrxB2GSczMuFpkkcxbFIyqqpEqxqgG0KMAfbA0ty9LxXham0CuqKWOlq1M0cb7RUUzHuxp+CGLqG9tpGka41PxFjop6+1QVtGgdRCtymVe7IzYWNQNxLMeAOB7Z1Y1ru0c9Vbq8wPHLWw/KytyoWRA7lSD9irgH86ClcXTMkFKSk6X3r7Wi6dwVyTJOcKGpptTnxvSI03TA+U6geogqaaCrGYJKipWVmymNv/IbSBjP2Ghdsq5pbfTVob1SIC+P6XHDD/wAwOnirrEliMUu2VMepSMjSdQU8UdNdkji7TU1R3whk4MUg3cZ/7bx+2nLcyEuhCzcj8c+cJVsqdaLiRQAj9zxBI9S1FNb27W96jjtxpklsHJ/wDpxpLhBWQq4clXAYBvODqv7dHZqnsVMV0AmeCXur38RwgAH1bRkZwfP/AOwrldDRPNbqKvQ1UCNKzykhWIO7YuBzx6f2zoJc42p5Q0G3299oYJknEspOp3+/tvFh3KjimU7fJ8Y0CloKpJGUh+D9tErVfXeGKmloJYY+wssdScFJTyGIPnz4z5GtMvVdjSRle5QKwPIZudFodIsICW0Cb2jjj4RdQVMTzdOSy5gUNPCQfpHBYZ8++f76avhPX0FF1isVZSPJKpkMU3aYnt5JJXA9wfbkaq74PSVb9bRLTU7VEppZv5avsLgoQRu9s50/W64TRK0NbbknaRTT05k9JGHzke+fA/U6xuLqV00CnPpG7+nUpKnb8et46Ttd0rk6XnmRrfWVrOZKaHeYoNhbMYbePSVGMj7jjnQL4gXipprP85FVRo8Vekvejj7iAKvJGfblv11WPSnRFfbKmpu0wpoqzYwpaZZMqhc+pifAbGQPOMk5012meoq3NtvQaCNkKLGeV5Urkezeck+eB+mm+H4PMAJeWKa20OloXTeJSLpWw0rN31ruf2g7fOqZ46NaO3SmeU4ZqkxAA+/jwf08D862dFy32PqWnu1wulPWRzRvTdqKQBBOFLxpIQuF9LO2Of8AGh1AKaS309bu7+xYy8cbYKsMD1fYbgRxn9tFbffno6lqvuVCBxtO0jtj8YAwNHuYcspJZWb3JOp+CFLLqlmryAALADQDmJ/VVpr6Klga10diqauo2Ryzs/baRs5wB9QA/Xn8aAV1wvvTtAbubRZ5Jbfj5iSOJ2cj6CDnHnnn99OCX62YWpCI8vbw4kjUiRj5JPt+o183uCrgs9NBDQsTcfmaueAz9texEg9D/cYc+k++M+NAOM/0rRW4CT89INCy8ugoIrCq+JVTerdS2240k1NR07MN1IrCRkPO0ktjjOedM8E/wj7EXzF6ubzbF7jEy/VgZ/p++dIV4vv8ZeNbfDDR0EQIgiZQojB8secFiM8c68oeho6ukjqYbk0kcg3KyKuCPxxq9iVcdTeteBtAb77bKjcHud4qv4D3qyWC9VdRdKSeaoqgIIe19UYzlsL7knH7DVvUEnTKXOV4Yw9e0pqMVse2SMtzlVYekfpqqLFHZ7V1KJrpVieor9yMc5xltr7T/U3IORqxeuLf3rBR1dTR26WvpJO3FU0AkBSIcKZS5zljjAGQuPPONCtzK2FhVMwGx57cRS5JrdbUpCiCeNxx3hxWpldA4V9reCqHB/fUSOteeveJXJEZ2hSeSTx41QVX1FfJKmSjqK6pLROIyoqAhwD5IGAT/wC+rQ+Gdp6jrLNLRtd2t1RWRLLCwQCeCE8qWl427gc7eTjB04YxkuZuoigArY/x/MLZCTyOgk19IbaWrjoJK+0SsBWyy5WnJw6RMVkLsPYbjgfvqfTVLwuJExkHOCOD+CPtqL0P0RZ+nblc5t0lfKVCT1DuWYEDduyfPJ/Un240Y6hijjlRhH25cYlB4LNgHdtHAHPGiJSZDgCSmlb+3lDpwUNosC203TMUVJcobTTR1dW0awHBIV3x4UnAxz7e2hPVNc3UlZfLZDM8EcKNQqrx4XtMw3sHHOHKEZP2I1E6QpbldDTnIpYbfCUp3mBIMpHMmBzgDgD350cuzHpujp0t7vUxBdsjSclz5Jb9SSf31k3VLD2XPXKTqa72EMG0JKaFOo8IpGWzWqiuTQVFFTK0LejGHTP34ONM0NWBEoWJMAcbTgftrT8SUttqkhu9BTU1TJWEEU8hbA9jgKeDn78ar7/X1+i/lwtQxxj6U7ajaPt509OPNNpAbbJO+gHrGRmZB5L6kuLsNN7RX/UtF2LTaJ6qUCrSch0SYAsDyQH9sBeG09dJdUd5qGyTfM1clziKtPM6MDEhIKejjf4/vnzwFCz2+Cqv5ul2aatpjMzBYhkge7ZPuPIH2yPJ0T6ltU8RSlgtxhaCY1EDRoQUQn0tIR6YwSx4J8jPGRpIsgitLfiNCh49MupFQKVpz4d9o1dRdL1tB1LUGrt1PJQTylaepmXb3eAwTPgMBnOfca86Ve807vF0xcK5d47WaeRgARzjB4wMnn8ac/h9frfeaaK39USzSsziaCFFUSZXI8sCAfPOnOy9TzQx26ntNueslANVW0sdMtTUpEMZiJG0LuyOSocbTwwIOpNBJSc8QTJh09QKNDe23tEP4fU/WJpXhr4nkkPBkkkMrSj2L8fV/wDGrEsnS1yrbhHWXoNIEAAj2kZx4zqTT9cUUFxp6MdHX+hapljih3U6r3GcnGP0CsSSRgDnHsd6O6p/1LBWzfw6vtvyVU1I/wA2VCvMhIdUOcsBgerAB3cZwdXuTz6UZUim1bVp4wahloEAX8YOLTxQxIkaJCAP9v2/uNCepaanmtFSHjO5RuBV8+NFGkRg6SzQlv6V99Un1l8ZhT3ytsVssYro4CYpKhptqlgcHaAOR45/XSn/AGBEXOvIYTVZpFZdU1V5rup7jRR3EQwUzNEhHIT3UNnAAPOTnggec6VZOnw7lqmXsy5wySGR2BH3I4z+mmWo69rXpryaJrHSi4QyU1VTRwBXcKMlyzE+vBwCeOeBu5Cs/Zdt9XW1qzt6nFNEJowT/wAXJBYfnTJph0LyqokEV1T23NRodNYz56bqC6lVSSbGtfMev2glFFHFYJqtFIeOZUChiAVOSVOPbjWq3dSXunor/QU9xmhpGAjlhQ7VlAAxvxy31HzrNZrgtIKI/wChA6FHpaxM6ah/iFDHJUyyF4YA0RB+j+YwwPxjRKqr6youK1087SVAAbe3klduP/QazWaWzP8Ain7x6d+niElD6iL0T6x7Tos3zM75LxoZUOfpYsoyP2J1Fpn7UTpGNqu3cIDHG9sZfGfqOPOs1mhuB81j0dSEkqURcE0PFhpDd8OCwNfcg8nzcI2xybySu/cG8+c499V1NUyxX1mBDFmfcW5z/wDfxrNZo2XSCEW1948i+vCTPAHQU/AgvRQxWmwxXOjRVqakNTuzqGwpAJK58E5/wPzqdZunqGptdPM7zBmXwCv6e41ms1pcLYacJC0g23EI5htIbZFLZa+cf//Z"></a>
                                </div>
        <div class="c-gap-top-small"><a target="_blank" title="小公主苏菲亚" href="/s?rsv_idx=1&amp;wd=%E5%B0%8F%E5%85%AC%E4%B8%BB%E8%8B%8F%E8%8F%B2%E4%BA%9A&amp;usm=4&amp;ie=utf-8&amp;rsv_cq=%E4%B8%AD%E6%96%87&amp;rsv_dl=0_right_recommends_merge_21102&amp;euri=1a747683a74a4f7e9813beec9bd01230">小公主苏菲亚</a></div>
                        <div class="opr-recommends-merge-d">
        	            	<p class="opr-recommends-merge-width-text">动画卡通系列</p>
                    </div>
                            </div>   

    </div>
 

<textarea class="opr-recommends-merge-hide opr-recommends-merge-more-textarea">    &lt;div class="opr-recommends-merge-morelists"&gt;
        
&lt;div class="c-row c-gap-top"&gt;
    
    &lt;div class="c-span4  opr-recommends-merge-item opr-recommends-merge-item-vertical" data-click="{'rsv_re_ename':'芭比之梦想豪宅','rsv_re_uri':'94e4f6c90485415b9700a1d6a2a86c52'}"&gt;
                                                	&lt;div class="opr-recommends-merge-p"&gt;
            &lt;a target="_blank" href="/s?rsv_idx=1&amp;wd=%E8%8A%AD%E6%AF%94%E4%B9%8B%E6%A2%A6%E6%83%B3%E8%B1%AA%E5%AE%85&amp;usm=4&amp;ie=utf-8&amp;rsv_cq=%E4%B8%AD%E6%96%87&amp;rsv_dl=0_right_recommends_merge_21102&amp;euri=94e4f6c90485415b9700a1d6a2a86c52"&gt;&lt;img  data-img="https://ss0.baidu.com/6ONWsjip0QIZ8tyhnq/it/u=3741829383,2108658552&amp;fm=58" class="c-img c-img4 opr-recommends-merge-img"/&gt;&lt;/a&gt;
                                &lt;/div&gt;
        &lt;div class="c-gap-top-small"&gt;&lt;a target="_blank" title="芭比之梦想豪宅" href="/s?rsv_idx=1&amp;wd=%E8%8A%AD%E6%AF%94%E4%B9%8B%E6%A2%A6%E6%83%B3%E8%B1%AA%E5%AE%85&amp;usm=4&amp;ie=utf-8&amp;rsv_cq=%E4%B8%AD%E6%96%87&amp;rsv_dl=0_right_recommends_merge_21102&amp;euri=94e4f6c90485415b9700a1d6a2a86c52"&gt;芭比之梦想豪宅&lt;/a&gt;&lt;/div&gt;
                                    &lt;/div&gt;   

 

        
    
    &lt;div class="c-span4  opr-recommends-merge-item opr-recommends-merge-item-vertical" data-click="{'rsv_re_ename':'超级飞侠','rsv_re_uri':'abad474f1b3340a7bed51ee593a1618e'}"&gt;
                                                	&lt;div class="opr-recommends-merge-p"&gt;
            &lt;a target="_blank" href="/s?rsv_idx=1&amp;wd=%E8%B6%85%E7%BA%A7%E9%A3%9E%E4%BE%A0&amp;usm=4&amp;ie=utf-8&amp;rsv_cq=%E4%B8%AD%E6%96%87&amp;rsv_dl=0_right_recommends_merge_21102&amp;euri=abad474f1b3340a7bed51ee593a1618e"&gt;&lt;img  data-img="https://ss1.baidu.com/6ONXsjip0QIZ8tyhnq/it/u=2367933187,365798727&amp;fm=58" class="c-img c-img4 opr-recommends-merge-img"/&gt;&lt;/a&gt;
                                &lt;/div&gt;
        &lt;div class="c-gap-top-small"&gt;&lt;a target="_blank" title="超级飞侠" href="/s?rsv_idx=1&amp;wd=%E8%B6%85%E7%BA%A7%E9%A3%9E%E4%BE%A0&amp;usm=4&amp;ie=utf-8&amp;rsv_cq=%E4%B8%AD%E6%96%87&amp;rsv_dl=0_right_recommends_merge_21102&amp;euri=abad474f1b3340a7bed51ee593a1618e"&gt;超级飞侠&lt;/a&gt;&lt;/div&gt;
                                    &lt;/div&gt;   

    &lt;/div&gt;
 
&lt;/div&gt;
</textarea>

</div>
 
	<div class="cr-title c-clearfix">
            <a class="cr-title-sub opr-recommends-merge-more-btn" href="javascript:;" onclick="return false;" data-click="{'fm':'beha'}"><span>展开</span><i class="c-icon c-icon-chevron-bottom c-gap-left-small"></i></a>     
        <span title="相关书籍">相关书籍</span>
            </div>

<div class="opr-recommends-merge-panel opr-recommends-merge-mbGap">
        
<div class="c-row c-gap-top">
    
    <div class="c-span4  opr-recommends-merge-item " data-click="{'rsv_re_ename':'小猪佩奇','rsv_re_uri':'d71ed41cb30a4b5d97528d53f27802d3'}">
                                                	<div class="opr-recommends-merge-p">
            <a target="_blank" href="/s?rsv_idx=1&amp;wd=%E5%B0%8F%E7%8C%AA%E4%BD%A9%E5%A5%87&amp;usm=4&amp;ie=utf-8&amp;rsv_cq=%E4%B8%AD%E6%96%87&amp;rsv_dl=0_right_recommends_merge_21102&amp;cq=%E4%B8%AD%E6%96%87&amp;srcid=28310&amp;rt=%E7%9B%B8%E5%85%B3%E4%B9%A6%E7%B1%8D&amp;recid=21102&amp;euri=d71ed41cb30a4b5d97528d53f27802d3"><img data-b64il-id="1813543513_473852610_58" data-src="https://ss1.baidu.com/6ONXsjip0QIZ8tyhnq/it/u=1813543513,473852610&amp;fm=58" class="c-img c-img4 opr-recommends-merge-img" src="data:image/jpeg;base64,/9j/4AAQSkZJRgABAQAAAQABAAD/2wBDAAIBAQEBAQIBAQECAgICAgQDAgICAgUEBAMEBgUGBgYFBgYGBwkIBgcJBwYGCAsICQoKCgoKBggLDAsKDAkKCgr/2wBDAQICAgICAgUDAwUKBwYHCgoKCgoKCgoKCgoKCgoKCgoKCgoKCgoKCgoKCgoKCgoKCgoKCgoKCgoKCgoKCgoKCgr/wAARCABLAEsDASIAAhEBAxEB/8QAHwAAAQUBAQEBAQEAAAAAAAAAAAECAwQFBgcICQoL/8QAtRAAAgEDAwIEAwUFBAQAAAF9AQIDAAQRBRIhMUEGE1FhByJxFDKBkaEII0KxwRVS0fAkM2JyggkKFhcYGRolJicoKSo0NTY3ODk6Q0RFRkdISUpTVFVWV1hZWmNkZWZnaGlqc3R1dnd4eXqDhIWGh4iJipKTlJWWl5iZmqKjpKWmp6ipqrKztLW2t7i5usLDxMXGx8jJytLT1NXW19jZ2uHi4+Tl5ufo6erx8vP09fb3+Pn6/8QAHwEAAwEBAQEBAQEBAQAAAAAAAAECAwQFBgcICQoL/8QAtREAAgECBAQDBAcFBAQAAQJ3AAECAxEEBSExBhJBUQdhcRMiMoEIFEKRobHBCSMzUvAVYnLRChYkNOEl8RcYGRomJygpKjU2Nzg5OkNERUZHSElKU1RVVldYWVpjZGVmZ2hpanN0dXZ3eHl6goOEhYaHiImKkpOUlZaXmJmaoqOkpaanqKmqsrO0tba3uLm6wsPExcbHyMnK0tPU1dbX2Nna4uPk5ebn6Onq8vP09fb3+Pn6/9oADAMBAAIRAxEAPwD9/KKKKACiiigCO6laC2knWMuUQsFUcnA6V8t/ED9o0fFz4car4W8XaNbaQJ1S70zN0XS6MMqSNZyAqMSMqkADILAjjGD9TS48ps9MV8Q+O9d8HeIfiRqfieD7NZi+u5P7OgRgoC52+cAThXkI3kjrn6k9WGipNto+64Fy/D4/GVHUptyhyyjJfZad0reduvRPq0afg39r65+Cfw4/sL+zLEWqa0lppt3quoCNLc3DxxxQ7MjGZnKqGdMb1WrXiD9rz4wfaLeS48U2mnwz7BCljoO9nkaQRhCHMhwGZQTxjdnIArjfD3g1NItBZXepXN4scsskM1xeSvJHvleQqru5KRqZGVI1wqJ8qjFaVp4U1LxlrNr4K8E6RPNqqR77QWxEaW8YwrO7kFVQZGRgnkYBOK6+SnfmaP0FZLkyq1MXiaEFzaycves9bttvls9HolbXfp9K/sxfHG9+NPgt9S13S2tNRtHQXUZgaLeroGR/LbLRk8goScFTz0r06uD+A/wdtvhN4TOn3Opvf6ndyifVL5gAJZdoACjHCKBgD6nqTXeV5tTk53y7H4pm0sDLMqrwStSv7vp89bXvbyML4g/E34e/Cjw1ceMviX400zQdKtRm41HVr1IIU9AWcgZPYdTXzTrv/Bbv/gm9oesnRj8c57wo+17mw8NX8sIOeocQ4Ye65Ffl5+0J8evih/wU/wD2i9X8V+KvE15YeBtFumXQNFjkwlnakkR4T7pnkVSzyEEjp0Ciudg/Z6/Zs8Uzy+G/C/jNv7SjDKPI1RJZMr1+RgQ2O+3H4V+n4TgvI8BBQzerUdWyco0krU76pSbT1tvZfefJ5ZgeP+L8EsfkNLD06E5SjSeIqckq7i7S9lG6ur3Wu9j9yPgZ+2j+yz+0nF/xZP43aFrs4Te2nw3Xl3aL6tbyhZQPcrivThKjDIP6V/MH8QPBvij4HfEH+zoNZnhurQrc6bqdlK0TlcnZIpU5RgQRweCDg96+h/hD/wAFuv8AgoF8JvDi+GD8RdP8T28MYS3m8V6WLqeMdB++RkkkPvIzGuzH+FGIrUo4jJ8QqlOWqU9Hb1Ss/mlY+Cj4mVcnzCrlvEGFlRr0pOMlHVKSdmmm9PVOSe5+4nx1+O3wl/Z8+HGofEf4x+N7TQtHtIiHubp/mkcg4jjQZaSQ9kUFj6V8H+G7HS/i54U0Xx54O1tJbG+0+Jkd1wSgAw2Oxx1HbNfBvx61H9sL9so6Z8df2kfi9pSeHbmFm0vU9V1qC3sLEcBoYrWDc4lGPmVY2kOPm6Zrpv2VP2kfFv7O2lzeGvDviJfFPhl591j59o9sAOjtGH+YKX3YDYJABwuSK+U4kynKODsnpVcVilKvOfK1FXikk7694u1+uq07/wBH/R8xXGnGXEuOoZfgXTw8KUanPNqMm27QVn0qKUnF7e49T7l1b4lan4R8QT+HtY+HeuzWqIn9mappNk15HdDaNyuIxuhcNkfONpGDu5IHV/sz+KtW0r4taNr3xF1S10M6jqt09vp+oXsSG2sxZlFhZt21naRVlIBOC+Mnbmvl/U/+Cj6mxI0b4bSC5I4ae6GzP4A18sftM+NfFn7Qvi/Tdd+JPxCi0jTlZ4Ekmglks7FmBKOUiVnwzAIWCsRkHGAa+Vy/O+HsdmdHB1K3KqslHmUXLlb0Ttpu7J27n7/xjwJxtg+B8xxuFwMZVaVKUuWVRJzSXvcr95RajeWujasmr2P3L+Lv7cv7I/wE0iXUvif+0D4YsGiXIs4tTS4upOP4IIS0jfgpr5A8S/8ABx3+zTpmvXVh4c+CfjDVLKGXbb6g720BnX+95bOSoznAPOMZA6D8sfG37MfxJ8D+DJfiXdXGjXvhxZ0htdb0rXreeG7kY/diVW8xmA5ZSgZQDkDFWfBP7K/jnx34XtPFthqNlFDeozxJcSMHADFcnA74z9DX7fg/D3grB4b22OxTqJvlvflSe9rK7vbdN6dj/OijnninxNmbwGT5e41Iw9o4qPNJwuo815WXK29Glr0bR6p+yj4S1Xwrpvi7wjrkJg1HT9cewvUI5jmiDIw/Bt1c78N/2UfHfhn4h2fiDXtes4rHTb5bkTW0rF5wh3BcYAUHAzk8DPWvUtL+Ivhz4m/E74y/FTwbGE0rW/iDqmoaaVXBaCRmkR8diwYMR2JNeKfCDwH8QPjXoVzqHi34k6vb+HbRmjkWS9kkMxChioVjjCgjJII6DB7dka+P+s46vKsqMZKmp3jzO8obRS67q3+R+04DA5DiOFOEME8uq47ExjiKlBU6qpQSp1U3KrKWig/dd001a2t7GR+1f480Txr8SVHh66S4g06yFsbiJsrI4ZmYqR1A3AZ749K8uQ4brj39K9x8T/s9/DHV/h/qni/4UeKtSuJtHjdrqHUU2h9q7mGGjQg4yQeQcY968NC5OMivv+G8Rl88uWHwvNalaLUlaV99V53ufzH4w5ZxVR4uqZtncafNjW6sJUpqpTcb8toyW/Lbld9dL9T3DR/CPhDxj+zdeeJ/Hn7Q6T6rpVpu8JeGZtaybVwdskJgkUtlkiiClCqY24LHKjR0LT4tJ0m104IAsFusa8egrwKKcwsMDlSCrZ6HOc16B4b8fWUfgjxT4m8c/EuPT7rTdPt/7AsJbu1ie8upLqNT8rpmREhEzEKODsyRnB/DPF7w84n4hx1Gvg5xdCCekpKHLKckrJWtZ2jq+t2f199E7x+8MfDzIMXhM4p1KeMqtNuEJVFOnRpykpSk5NppyqJRStblS6HpIaM8DH5Vj+PrWPU/B9/aKQW+zs8eB/Eo3j+VeWxfF3xjOqzQeIPNRgCrpHCwI9iE5q78ePjV4M+HPiTTPDmn/FmC4Gq+HdNuXtGlgmmiuZ7ZDNCyxRkptlMigEAgYz6n8kq+DPGuAqQlUdKHNrFupFK6t176q3c/qen9MrwRzPDVVTniKijZSisPNu0rrbto0+2hjp438W2nhybwXaeJ76PRrmYzT6Wt24gkc+WdzRg7WOYo+SP4F9K+xvglAsXwi8OKseAdIgP5qD/WviOY5fucKAMnsBivuT4OAp8KPDihf+YLbd/+ma1/TXiFGrTyfDXSUnK8rd+XXXr6n8PfRIrUqvHmbyw8nKnGko0+a91D2t4q13bRLTZM+cfgl8dPDvw08B6/4b1WxuZbm/Jez8kLtLmPYQxJGOcc8967b9n/AMSa5rfwNvPCXw01i1tfEmnXZkjjuAp8yNmBzhgRgjK57EDkZBryXw9+zn8f/GPiB/DHhX4JeLdS1GOTZLY2Xhy5kljPcMqplfxAr0jV/wDgnd/wUB+F3hiX4n6h+zf4w02ys4TNLe2sQM0CAZLtHE5lUAdTtGB14zXt5vl/D9VzX1iEKtWUZ+9KLTlHRLlbV01e6R+O8EeKXF+R1sJHEYedTC4ahWw/7pSp1I060lKUo1EnapGSi4tqyUbNatln4lD9pj/hWepal498S6Zp1kAIprGJUE1yrNt2goCMHOcBhkA54q/PbfAr4I+APDkPjH4dRancaxYCWe4+xRzSb9iM5LSEYGXwAPT8/Ate8deMPFDRr4m8S39+I/8AVreXjyBT6gE8V9LfE4fApPDfheD4xTSrJDpStYpF53zLsjDg+WPUL159K8rMcFWy2OHw9ZXjOU240IuLdoqy0d3Z6ts/WeDeJMDxhUzjN8BNRq4ahh6dOrmdWNaMXOs/aOTlFxhzxXIowjq1fds84+Ofwh8CxeGNK+K3wuBh0zU51iks3zhGYNgqG5XlWUqScHGK7D46eI/g58O/7L+FXiz4IaR4g01tOWUw3lrC6xgsUJCyRtuc7CS2QeetcR8YPjT4a8cR6J8Ofh1pLWeh2F5EVDR7DIwO1dq5JCgE8nkk5IHf1H44/EX4KeEvGNvafEPwJPquopYpLbzLaxyIIy74U7nH8QY42kc1xYuhja1PCYbMKM6yftGoX9+10oczutUvuPdyrGcMYWrn+Z8M43C4Jr6lCeIdPmw/tGqjrqjBwlaFRrRWs2tGtDhPE/7Ovwi0jxF4IuPh3oMOk6B4iuU87SrePy1UMFkyo/hLAkEdj0rV1/4v+GPA3xmk+Htj8LtBi0lbiK1vJU09Fmk3qu58jggbuhByB15rzn4u/tA678Q/F1hrWk2x0630aUPpcKvkq4YHe3GCTtXjoAMc8k9rB+0b8FvEV1a+LPiB8KZX8QWu0/aLVEaN3XADcuufYMGx0ycV1yyPMKeCw6xeHdaMYSioJ605N+491e0bK/Sx4GF8QeDKuf5muHcwo5fOpiKNV1qlJqniKcafLWhFcs3CMqvNUUGlzKVrrpwn7SXgPTfAfxUvNL0Gy8iynhjuLeEDiMMOQPbcGx6dK9E+H/7YPhbwn4J0vwzqnhfUJp7CzSB5YZE2ttGARkg9AK5341fHzwP8X/B8Vq3gma11qG5zBdO6sI4cn5d4wTkY+XGAec+vjx5Oa+hwuULPMmpUM3pSU6emstW0rXunrdfifludcf1PDTxFx+ZcBY6nLD4tcycafuxjKXP7PknFcrg1pZfDb0X9Vv2aDAHkrx04pJraOZSjKCCMYNSUV/JTSZ+22R+Dv/BZH9gfXf2V/wBoe/8Aif4Q8NSL4C8Z373em3VrBiDT7t8vNZtjhPm3PGOAUOB9xseA/tEfFLwt8SNL8Mf8I68vn2OnMl+jxlfLchMJnvjaeRxyPpX9IXj3wB4I+KXhS/8AA3xH8KWGuaPfxGK803U7ZZoZV9CrAjggEHqCARzX8/f/AAUh+CXww+Bv7bmo/Cr4WeFxpOgJcQBNPW8mlChz8wDyuzge2eO1fv8AwFxNDP6lDDYuL9thotxknpKNlH3lve1vXc/D+McDjuEsqx9DL5Q+q5i6aqRafNGVOftIuD2Sve9+jtbZnz1pl1PZajb30ce9op1dVI4JBBxXu/xz+EP7Rvxymsvip4O/Ze+IX9ixaUkbagfCV08T/Mzlg6oVKjdjOe2eK/ZD9hn9hH9kL4T/AA50H4g+CPgJocOu3WnxXEmsX0b3tykhUEtHJctI0XPZCor6XMUaxgKgHbivLzrxToRzWNXDYS8qXNG8pW330jddN236HocPcCZrS4VxGWVsYo0cU6dSUYwT1p35HzSs1bmd0rXP5XLq0u7O4e1vLaSKWNyskciFWRgcEEHofambiTn+lful/wAFlf2W/wBnzxZ+y/4s+OGt/CnS28XaHppk07xBbo0FyrZUDzGiK+cACcLJuA7Cvxe/Zy8L6F46+PvgzwX4qsftWmar4msbW/tvMaPzYZJ0V13IQy5BIypBHY1+lcMcXUOI8nnjlScPZ35ldPVK+j0v87H5HxNwnX4czeGBdVT57Wdmt3ZXWtvlc7b9jv8AYU/aB/bc8Yt4a+D/AIaVbG0df7X8Q6jmOxsVP99wCWcjpGgZj1xgEj9DdA/4NrvhoujWw8UftLa5LqHlD7W9hoUMcJfvsV2ZgO3JOevHSv0N+EHwl+GvwV8CWHw/+FHguw0HRrCMLbWGnw7FGerE9XYnksxLMeSSa66vxTO/E/iDMMW3gZ+xpLZKzb85Oz+5aLz3P27IvC7IMDheXHR9tUe7baS8opW+96vy2P/Z"></a>
            <a class="opr-recommends-merge-mask" target="_blank" href="/s?rsv_idx=1&amp;wd=%E5%B0%8F%E7%8C%AA%E4%BD%A9%E5%A5%87&amp;usm=4&amp;ie=utf-8&amp;rsv_cq=%E4%B8%AD%E6%96%87&amp;rsv_dl=0_right_recommends_merge_21102&amp;cq=%E4%B8%AD%E6%96%87&amp;srcid=28310&amp;rt=%E7%9B%B8%E5%85%B3%E4%B9%A6%E7%B1%8D&amp;recid=21102&amp;euri=d71ed41cb30a4b5d97528d53f27802d3"></a>                    </div>
        <div class="c-gap-top-small"><a target="_blank" title="小猪佩奇" href="/s?rsv_idx=1&amp;wd=%E5%B0%8F%E7%8C%AA%E4%BD%A9%E5%A5%87&amp;usm=4&amp;ie=utf-8&amp;rsv_cq=%E4%B8%AD%E6%96%87&amp;rsv_dl=0_right_recommends_merge_21102&amp;cq=%E4%B8%AD%E6%96%87&amp;srcid=28310&amp;rt=%E7%9B%B8%E5%85%B3%E4%B9%A6%E7%B1%8D&amp;recid=21102&amp;euri=d71ed41cb30a4b5d97528d53f27802d3">小猪佩奇</a></div>
                        <div class="opr-recommends-merge-d">
        	            	<p class="opr-recommends-merge-width-text">小粉红猪与家人的故事</p>
                    </div>
                            </div>   

 

        
    
    <div class="c-span4  opr-recommends-merge-item " data-click="{'rsv_re_ename':'汉语入门','rsv_re_uri':'1ad7e41370fd4ab18403370713e24f91'}">
                                                	<div class="opr-recommends-merge-p">
            <a target="_blank" href="/s?rsv_idx=1&amp;wd=%E6%B1%89%E8%AF%AD%E5%85%A5%E9%97%A8&amp;usm=4&amp;ie=utf-8&amp;rsv_cq=%E4%B8%AD%E6%96%87&amp;rsv_dl=0_right_recommends_merge_21102&amp;cq=%E4%B8%AD%E6%96%87&amp;srcid=28310&amp;rt=%E7%9B%B8%E5%85%B3%E4%B9%A6%E7%B1%8D&amp;recid=21102&amp;euri=1ad7e41370fd4ab18403370713e24f91"><img data-b64il-id="1021073473_2690133323_58" data-src="https://ss1.baidu.com/6ONXsjip0QIZ8tyhnq/it/u=1021073473,2690133323&amp;fm=58" class="c-img c-img4 opr-recommends-merge-img" src="data:image/jpeg;base64,/9j/4AAQSkZJRgABAQAAAQABAAD/2wBDAAIBAQEBAQIBAQECAgICAgQDAgICAgUEBAMEBgUGBgYFBgYGBwkIBgcJBwYGCAsICQoKCgoKBggLDAsKDAkKCgr/2wBDAQICAgICAgUDAwUKBwYHCgoKCgoKCgoKCgoKCgoKCgoKCgoKCgoKCgoKCgoKCgoKCgoKCgoKCgoKCgoKCgoKCgr/wAARCABLAEsDASIAAhEBAxEB/8QAHwAAAQUBAQEBAQEAAAAAAAAAAAECAwQFBgcICQoL/8QAtRAAAgEDAwIEAwUFBAQAAAF9AQIDAAQRBRIhMUEGE1FhByJxFDKBkaEII0KxwRVS0fAkM2JyggkKFhcYGRolJicoKSo0NTY3ODk6Q0RFRkdISUpTVFVWV1hZWmNkZWZnaGlqc3R1dnd4eXqDhIWGh4iJipKTlJWWl5iZmqKjpKWmp6ipqrKztLW2t7i5usLDxMXGx8jJytLT1NXW19jZ2uHi4+Tl5ufo6erx8vP09fb3+Pn6/8QAHwEAAwEBAQEBAQEBAQAAAAAAAAECAwQFBgcICQoL/8QAtREAAgECBAQDBAcFBAQAAQJ3AAECAxEEBSExBhJBUQdhcRMiMoEIFEKRobHBCSMzUvAVYnLRChYkNOEl8RcYGRomJygpKjU2Nzg5OkNERUZHSElKU1RVVldYWVpjZGVmZ2hpanN0dXZ3eHl6goOEhYaHiImKkpOUlZaXmJmaoqOkpaanqKmqsrO0tba3uLm6wsPExcbHyMnK0tPU1dbX2Nna4uPk5ebn6Onq8vP09fb3+Pn6/9oADAMBAAIRAxEAPwD13xD/AMFSP2P7y1fS/CPxhm0aKQlmuz4Nu5pck8ssYVUB9yWrO8Nftof8E7fh/exeNPE/xF8R67q1/GZrXUNX8OXJkP8A00CMvyoeisM5wQCAMV8Dfs5fGT4XeA/EZi+NfwysfEOkmNjFO2nRz3VvIE2oB5jKrx4yNjdCVI+6BXqH7OcvwU8a+NEun+HXh3UPD/iL4o6fYaxpnifwteTJ4X0yeQxW12t7a3MW2NmnmWS3LqMxRFd+Mr9WvCXhHKMLVwmFhWp0pJc7hNRdS/2ZVLe0a/uuXI9rbHj1eJs0zHGQxWL5J1IO8OZc0YecYfBF/wB5R5vM+mPA3/BQ79jfSPiDe+JNb+MmqRaW1tNDYaXbeGrxliEjqecrycDqa6m3/wCCk3/BO228Pnwvb/EzX1sy24oPDd3ktkEnPUZxzXy18X/hV8OB+0t8FvhF4k+FnhX4S+J76zjm8cWFho99qNlbX0+oT/Ybee0ubmZ2DwR2hdd4G27JIwK+mfE37P3w4H7Gmu3Fn4K+COmeOYodZngj/s/wmUjtY1jEECyyX73SOySysruDOj2zJIFPlmT5/iLwj8Os3r4etiKdWFoRhBRqKMVGLai9Iu/Vt3bd7vc9jJeMuJ8opVqVGcZc0pVJSkuZuUrX3at0SWiSVkbd3/wUq/4J3eL7ywN38QNZF5p5JsXXwzcIrd8N054AHboKe3/BVn9g1o2RvilrpJ7/APCK3FfC3/BN74M2v7RfxM8V/A/VPB2h31nrvgW/VdZ1cBH0S+UKNOuIJsgxu9+9pblQcSLcFCDnjlP2OPA+lan8e55/HHh6C7Xwb4d1rxHc6Bq1gssF/JpdjPeGxuI3HEcpgMT/AMShiRyBRT+j54a4THOuvbOpQ5Zr94tdbr7Pda39eptV8S+K8RhXRm4clS8X7uyejW/mfo7Zf8FZv2BLW3VP+Fm6+zLnAHhSf1+tewfBP9oX4Z/tGfD0/FH4Q6vdXujrq02nPLe2D2z+fGkTsNrHO3bKnP19K/LjwZ8Svh78bf2e/ivoN3+y78N9BuPCXgG01HRde0LSblNRWYazplrl5pbhw5aK4kDHYCS2eOlfY3/BGjYf2G5XZR/yUbUuP+3Sxri8bMBPIuEK+c4GrVpV4VIR+KLi+ezbaS7eZ7/hvxHmOJzPD5TUcXRjB20191WWp9aRXnn2ZfGD6AVj+aO+T+FaNrPB5BjLKDuJwarvZ2m47Zmx7MK/njPspzXjvh/LMTQxFOVSEJKpzzSfM2t130P3ijKGHqTTVl0PwU0XwH418TaFqfijw94Yu7zT9Ikt01G5gj3CFp32RAgcks/AwDzXsXwI+OmgfCL4aan8KPGP7K914quotcXxJqkN5eTwRSvbW3l2C3kSRbzaQtcXMzxh0EpmjBZQvPP/AAR+IXxW8J+DpNJ+H3xC03TILrUZpr20vNMgky0f2UJIzurNtBff2CLDK4ycirnhb4y/FG7W48YTfEmSC78TWtvpetX621t5cNvGVto43DYbzPKYuCuSVByD87J/c2YZpm06telKlSlTjJKHv1IyvpbmtB9ptNN7RW+p/ImHwOC9lSnzTUmrvSLXXb3l3itUurOp+MH7SvxH+MXxp8H/ALSnjf8AZwu1+IHh3U7O98a6rb21xBbeJDBJC1pJLbrGBayGKExs0ZCyAKwVSGz6/wCJP+CnviD4m/B/WvA178B/iDZahdeDta8PXuk+FPEz2fha3l1S5vXgkk0hLUhpEF4iK7Sh3MSnk8nx0ftDfHKW+tL/AFL4reHLuKO+s9ljPaRQwSeXqE8kefKVWijVotx2nO1woO1iKpfDz4h/GHwT40vPEWg/EPQQ+teK1vtYhu7D/Wzx4vFjbIEgG5NhjRvlIAyNwJ8KeYY6dB+1w1JSpq8F7SpbR6q/s01ZXtpbZenYsDhVUThVnaT973Y320fxddL/ADZl2fxN+Lfhn4Gab8EfhT8EtY8N3ba6l94u8SWVtdPfa7fQO81lESV/cR26fOsKfekUytkquzqdb/aX8S6/8Zta/aB1H9l+60/V/EXww1TSvFr6Qk8Nvf3+p2N1ZNrRRoisAk80SNEgCPIkhVhvOOdP7Wfxv8ZaBd+Hr34haRpsUUxtZJ7bTII3uYZ4TaFQzbdkccK4GzaRkMeRuGFe/tg/tCadNdaZb+OLdlEItDOuj2od0QyANuEZOT5jEnJycHJ2g16lKpxViHJPCUFPW/72ptK19fZ63VrLpZbbHDVo5NTin7ao49Pcj08ub8epsfCWPxv8M/g9478D33wB8QXGs/EyOx8LaNrE9ybaCwZb+zvJIZYXjy0kjR2qoWeMAO5+bt+kf/BND4F/E/8AZw/ZSl+Gfxy8FPoevHxzf3wsJbmGZvs721oiPuidl5aNxjOfl6dK/MzwD+0x8dvFnxB0Dw4JLbUYbjxXZ3n9iWthb2iXc63NtLjckY8ss1tFl8HGCTnLZ++PjN/wWQ8NfD7UJH1v9lO+upUuvKvja+LbuBbaVgWRGN3pMW/eqsVKbgQhOa+V48w/G2Z5L/Z+Go4d4irPm5ZNyi1FJL4rWdr9GnbSzZ9RwXjOG8ozR46rVqKMI2V49Xe+1/L7z65RbScBY7YHHcp0qB4NODkSQgHuN2KXQdftvEvgLQPHGmaY9tHr3h+y1SOzaYSNALi3SXyy2F3Fd+M4GcdBVB3umcl1Oe+5Tmv5y4qzn/VLD0MLisup4jEvWbjStTj5J2d38/N2ukf0Vgp08bRVanO0Gk1d7pnwn8Cv+CWf7M+hfEPT/F3xj+JPiPxd4UspX/tjQrPww1kblWicIPtEV6Xiw5V8gHOzHevqnVP+CVX/AAS51uxtrv4dfAmC3Jy10virx3rURKEAr5YgdySeQd2McdecVvBN3PoqaX4UsbKWWee8S51SSCQfuRvACMACcABd3TB4z1r1SOV23sZDzn5SuMV15/4peImU0KeMljeflhFzUoSjF1JP4IunFJuCd5NyVmnFvZH5Pl/CvC+Y4qeGhQceaclBxmpPkivjkpNtKTT5bLaztuzx/U/+CdP/AASJS+sItF+GfhuaKR5RqTXHxA8Rq8WLlFi8oBcOTbmRmyV2yKqjIJYfLOm/8Eh/gpr/AMQdY8FWPxx8f2R02+WGO8vPhRLHZzhwWDQztc7ZEXGC5wM4617naylNVQ7jxMOp/wBquY8ZftOfGjR/GOr6ZYeNJEgg1OeKGM2cLBVWRlABKHsK+j4B4t8YPEvEYjD5JiaVGdKKk3U5mnzOyteNXaz00362PnvEWj4eeF+Hw2IzWlVqxrSklyct1ypN396Hdd9jtv2jvhHB8OPDema98PdA0Z9O0zTrWx1AHw/bKS0caxi4xsON5GWGThj1OTjD/ZV8UtqfxCl0/wAQfDHRdW02a0P2mQ+GbR1tGBBWQlkAUfeBHU56HFcdqv7T/wAaNZ02fR9X8UJNbXEbRTxPp1uQ6MMEH5PTNN+HXxo+IWjxx+FdL8TQWGmqjGaCOzgUyDGDltu4k55Oc9fSv2ijlPibwv4XYujmyw9fFU1Jxq80/g31SpqUpxekUrJq12ra/gNDjHgjO/FfB43KKmIo0JyjzUnGDTnezWtTlUJR1le7WtlqrfXOqxfC+z8N3niTSPhr4VdLeymljlh0W1iztQnh1TKdMbh0r548IftNfs9+AP2xdY/Zi074H3K63qPk3Wpa9qtgs8Nw4tldVjMqsdqrvX+EEq2CSeZfBPxW8d+MNRb4VyXJg8+8itYD5ayoysS0h27R0jVn/nXtviP9nf4L+L9ZufE2v/DTSJdWvrJ7W61dLFEuXjdSp/eKN2cMcHORX8iZjxjnuWZrPCcWVJtOF4qhNK3NGMoSvCS5lZ3V5Oz3R/ZVDD5XxHgIY7IoQVpNPnp2fuycZxtKN07q17ejPQDqckkC+bCm1IwiIqhQiqMBQBwABxgelMF7ZsNxhYZ/2R/jWJ4U0SfwpoEehS6nJdW9igitJ7qVnm8lVAXzXYkuwwQXPLAAnnJNeTxl4SZyx8Q2nP8A08L/AI18NhfE3jLLU6FLE+1gno5xUnbpq9fvbPuaWDozppuHL5Loea/A64W48TziO2RP9CJZ0diW+dOuSRXroRASvmkkqMj0rxL4PeJI9D8Spp8lnvOoMkAfuhLDn6Yzx7CvbgIo1Kpxj26138R55ldTgzBYGNaTxCdXmgopRUZTi05Sa1fu3Sjvu2rWfyuCybMaPGWKxcqSVFqnyycm23GMk+WN/wC9ZuXyTvdfNFtHnVkQ8/vx/wChV6fefsofBrVdVudZ1DRLmW4uZ3mlY38gBZ2JPAIxyTUHivQNGi0/whPp/hm2kvdUijSRyXXcwEeCQjAE/Mck5rt/ib8TvA3wt046r4p1QW5wRFbqQZZ2/uonf68AdyK9TA5Vxzkc6n+r+NnTrS9nHkouop1XNc8YrlWrind62W7aOvivBcG5hgVX4hoUp0aN5c1ZRcYdG/e0V9vM818e/s/fs5fD7wvc+KPEXh2VYLaPhBqU+6Rv4UUb+ST/AI9Aa+WToNx4t1u5bQrOKyt1lMiQtOSsEZPAyxLNjpnmuw+Nfxw1/wCMesefeH7Pp9vkWOmo+VQf3mP8Tn1/KuK0y+0vTpVvpPEFxa39jc289rb29kkvn7ZQzB2kBSNcLj5lfJbG0jJH9ueHvCviBwdwNXxecY6riMyrJcsJylWjTu0owUXJJyd/fnflj1fLF3/z4494k4B4w42oYTK8FTw+XUW3KcIxoyqJK8puSi2oq3uxtzPouaSt9D/Anw5rHgvxDH4y8Q2Lz2dvafZZbm3U7hcHbuZ16YCADqeXIOCuK7/SLya4+Kkb+ZIIpL12VGJHBUnkVB+zP8ZPCnxQ8KR6XZxx2up6cm2/sd+S+eswJ5YMxJJPIZjnqCa+pa2mgfEWfV2tvN8i9c+WG256jGcGv88eMsDnuX8UYrC5vRdLEQbUouyXk1bTld7xa0ttof6G8FY/I804Zw2JyiqqlCUVyyTbb6O99eZPSV9b3vqetXkObdyMbSpB4zXgUlvGHI3d/SvRJ/jNObE3B8LOInyqyG5OD+O3Fec7w537epr5mhQrUm+dWvY+njdLUofDvUtOn+IGm2i38LTQ30RliWQbkyQRkdR1HX1r6LZlCNs5yOfWvkm6srHwrr0PjHw/YwW2qS3atLfLCpkchVHJYHI/dR8dPkX0r2/Q/HXiq+ZDdarv3FQf3CDqiE9F9Sa9HM8BKtKNSk9Nd+632v8AI5qmMUJqE1r5dg8X6y2iaP4J1FFZgtk6hlxuj3RxrvXIIDLnIyCMgcGvnr9pr4XeLvh14yF74u8SzataXyGSz1e9ckuoPKMSflZcjgcYII64G/8AtE+L/EN58MNIiub8OlppEc8CNAmA6vbkZG35h6q2QehBr37wJ8PPBmveAfCniTXtCjv7y10y3ktZb52mED+Qq5RXJVDgdgMHJ6kmv6w4N4+r+HmYY/HzpKrShRpy5bJS5vZ046Tauk7q62strn434qeHuC8T8opYJ1JUqkJXjO75bOXvKUE7S0vZ7p21tc+J/EPhbxToS2Qu9HktEv7UXME9wB88JJAZVzk5x3wPr0rpvhR8Ch8T/DPiWfw8WGqaUtvPBFgD7Vu8zerf7RCLg+ox349I/bfA/wCFgaVx/wAwcf8Ao2StH9g+GNr7xQCvW3tSfzmr9tzjxMzur4Gx40opU8Q/ZzsleKX1iMXGz3TjdPVN36H8gZX4c5JS8ZnwfVvUwy9pBt6Sb9g5KV1s1KzWllZaPr5J8NH0vw5ax+I/Bl1d2fjvTtSSOzsoi7x6hGxXerqeFG0uG5AAFfUFt448AX0MV/rvgsrfTRh7tFRJAshALAMT8wBzzgZ9KJvh74KsvFlxrln4ctobu7U/aZ4lKl8k5PB6nuepPPWsS40qwTxemlLb4g+0Kuzceh6jOc1/Mv0kOKsJxPn2GhHDqE6SknO/vyXu+63/ACptuKd2rvVXsf1F9HXg+vwtklfnxDlGpytQWkI25vet/PJWUmrJ2Wjtd9/4K8Z+A7wz6LZWSWMTIXKXCoiSHoe+M4ry/wARppUWvXiaM+61Fy/kFem3PGPb0r0Kx8B+E5/tCzaQGC27suZn4I6H71eYOAsjKBwGOPzr8ixeYYqrwlgqE4RcYyqcsrtytdXi9LJXelm/lbX+g7whWk1fof/Z"></a>
            <a class="opr-recommends-merge-mask" target="_blank" href="/s?rsv_idx=1&amp;wd=%E6%B1%89%E8%AF%AD%E5%85%A5%E9%97%A8&amp;usm=4&amp;ie=utf-8&amp;rsv_cq=%E4%B8%AD%E6%96%87&amp;rsv_dl=0_right_recommends_merge_21102&amp;cq=%E4%B8%AD%E6%96%87&amp;srcid=28310&amp;rt=%E7%9B%B8%E5%85%B3%E4%B9%A6%E7%B1%8D&amp;recid=21102&amp;euri=1ad7e41370fd4ab18403370713e24f91"></a>                    </div>
        <div class="c-gap-top-small"><a target="_blank" title="汉语入门" href="/s?rsv_idx=1&amp;wd=%E6%B1%89%E8%AF%AD%E5%85%A5%E9%97%A8&amp;usm=4&amp;ie=utf-8&amp;rsv_cq=%E4%B8%AD%E6%96%87&amp;rsv_dl=0_right_recommends_merge_21102&amp;cq=%E4%B8%AD%E6%96%87&amp;srcid=28310&amp;rt=%E7%9B%B8%E5%85%B3%E4%B9%A6%E7%B1%8D&amp;recid=21102&amp;euri=1ad7e41370fd4ab18403370713e24f91">汉语入门</a></div>
                        <div class="opr-recommends-merge-d">
        	            	<p class="opr-recommends-merge-width-text">社会科学理论图书</p>
                    </div>
                            </div>   

 

        
    
    <div class="c-span4  c-span-last-s opr-recommends-merge-item " data-click="{'rsv_re_ename':'日本人学汉语','rsv_re_uri':'65d0ecb6126f46da9f2a7526a817ff64'}">
                                                	<div class="opr-recommends-merge-p">
            <a target="_blank" href="/s?rsv_idx=1&amp;wd=%E6%97%A5%E6%9C%AC%E4%BA%BA%E5%AD%A6%E6%B1%89%E8%AF%AD&amp;usm=4&amp;ie=utf-8&amp;rsv_cq=%E4%B8%AD%E6%96%87&amp;rsv_dl=0_right_recommends_merge_21102&amp;cq=%E4%B8%AD%E6%96%87&amp;srcid=28310&amp;rt=%E7%9B%B8%E5%85%B3%E4%B9%A6%E7%B1%8D&amp;recid=21102&amp;euri=65d0ecb6126f46da9f2a7526a817ff64"><img data-b64il-id="2796365937_519436399_58" data-src="https://ss0.baidu.com/6ONWsjip0QIZ8tyhnq/it/u=2796365937,519436399&amp;fm=58" class="c-img c-img4 opr-recommends-merge-img" src="data:image/jpeg;base64,/9j/4AAQSkZJRgABAQAAAQABAAD/2wBDAAIBAQEBAQIBAQECAgICAgQDAgICAgUEBAMEBgUGBgYFBgYGBwkIBgcJBwYGCAsICQoKCgoKBggLDAsKDAkKCgr/2wBDAQICAgICAgUDAwUKBwYHCgoKCgoKCgoKCgoKCgoKCgoKCgoKCgoKCgoKCgoKCgoKCgoKCgoKCgoKCgoKCgoKCgr/wAARCABLAEsDASIAAhEBAxEB/8QAHwAAAQUBAQEBAQEAAAAAAAAAAAECAwQFBgcICQoL/8QAtRAAAgEDAwIEAwUFBAQAAAF9AQIDAAQRBRIhMUEGE1FhByJxFDKBkaEII0KxwRVS0fAkM2JyggkKFhcYGRolJicoKSo0NTY3ODk6Q0RFRkdISUpTVFVWV1hZWmNkZWZnaGlqc3R1dnd4eXqDhIWGh4iJipKTlJWWl5iZmqKjpKWmp6ipqrKztLW2t7i5usLDxMXGx8jJytLT1NXW19jZ2uHi4+Tl5ufo6erx8vP09fb3+Pn6/8QAHwEAAwEBAQEBAQEBAQAAAAAAAAECAwQFBgcICQoL/8QAtREAAgECBAQDBAcFBAQAAQJ3AAECAxEEBSExBhJBUQdhcRMiMoEIFEKRobHBCSMzUvAVYnLRChYkNOEl8RcYGRomJygpKjU2Nzg5OkNERUZHSElKU1RVVldYWVpjZGVmZ2hpanN0dXZ3eHl6goOEhYaHiImKkpOUlZaXmJmaoqOkpaanqKmqsrO0tba3uLm6wsPExcbHyMnK0tPU1dbX2Nna4uPk5ebn6Onq8vP09fb3+Pn6/9oADAMBAAIRAxEAPwDyv4C/s2eDfif4F1zx34k8G+IdduLfxN9gis9E8a6ZowhTyjIZGN9DJ5pJIGExjHOc8d/o/wDwT1+BuqeFvi7rkvj3xqrfDnX7zTooY9BtJnn+zXUnm+QftUYu3jtUWSX5Y9u8EA5UHw7wX8fdB8EeHtS+H/jH4LaD4v0+bXDqFuNVv7+2e2m2GNirWlxFuBULw2eRx1ru7P8A4KcftA2EHiGLTLbQbOTVdVm1HS2h8P2jf2XcTXpupWRpImdySxAZmLDapzlRX9O5jg+KZ4mf1STUbxtdpK147fF5392P/b2x8Hga3DqwlNYi3NZ30k3fW17cq7dX8tzza1+CCXv7OviT46aOt3PbaR42sdIsppFVA9tJBdPLI0Y3YYMLMHDEKZwDneDXovjT9hLwh4T8F29lc/GaSPxwLDUL/UdLutGI0+C3spYorvE6O0jCJzdL5gjIkaxmVV5Rn5WX9rPUpL+20aX4eaVD4T/sS507VPCVkDDb3puWWW4uSVHyzm4jhmRgNsZt4UVfLjCVSm/bH+M1z4g1Lxb4ivLHV9V1a1srK+1DU7FZHksrd1k+yYGFWKV0Qy4AaTB3H5mz11KPEtWalTfIk27XTutEovRrSzlK1t0lfW3JCeQ01KM3zNpJNKSSe7dt30jG/a7VjtvFX7AtpefFbTfht8JPizpmrzpqejaD4mtgX+0WGrXKKs7xROkbXNqkoclwA8YOHUbd7WPF3/BNvxd4b8bWGgWvj/S7iytbOzXxvc6fK17PoN9LbLMLYwhIzK8xISBVOHdvLZ12s1c14b/bZv8AQtcs/iHd/Bjw1f8AjayvbuYeLrua78y5jupLh5op7dZhBLuF1Kocpu27eTtqxd/8FAPjdpz3+reHYrTSfEfiDWp9Z8WeIVtw02r3UkckcTmNh5cQhWV2i8tQVkYyA7gu3jjHi7mjCnJWUWry5dZdXo3olqna92k42u31cvC3xtu107Lm0Xb4Vq9mr6atPZHYaV/wT1+HeqfFC2ttL+P/ANs8Ex+K20C+1iTR2iuZL+K/s7WW2iWN5UIZb2B0nzt+cgr8pz1n7PX/AATV+EvxIhubzxF488XeIrS8tftXh658C6Vt3Qp9tWQTxzQSMr+ZZsiAABmZRklgB4l8Kv24Pi/8K/EPhGbwqYbPSPC7RibRLGIBNSU3UVxcPMZA5aaZ4UzIcldqKu1UVR6P8A/+Cmsvw+1e+1v42fDGTxpqK3CyaBeRasNPfS08q4ieNVjiK4Zbh+QAQzM3UgjnzClxnGjONGrzNJWs4c2+9uVK73bva2iTZ04OXC06y51a7681ttr3vZbbXuux6x4N/wCCPvwv8V6lqV9B478Y/wBl2s5WGzk05kvog2lW99Gkwjs5irhnkjYeWM70UAOoSTgfCHgS5+HWnXXgGSwu7Y6LrepWQg1BgZ0EV7OgDkKgZsAfMFUHqAM4rbP/AAWC02Ya5YWHwa1bSLLVruJ7YeH/ABattNp8UdpFbq0Ja2dFm/dBTJtwYyUCjrWN4L8ep8SdLuviGdOFmNd1zUtQWzD7xbrNfTyCIHjIUMFHA4FeZThxQoS/tRvk93lu4vWz/l+ZtjlkEacfqDXNd3s3t8+ny+Z8h63n+1rnAwPPfqP9o1WTb8xbgD0Wui0Twsni7xs2hza9p+mpNdMGu9SnEcSZfGSx44Bz9AcZOAe0i/Zy0U72j+KFoUEavvaO3HJDny9v2ndv+Q8AEcrzzkfe5lxDlGUVY0sVUcZNX+GT09Ypo+Cw+FxOJi3TV16pfmzytZAFJYEkgYHSmP8APzn9a7PQvhNDrfjv/hCm8a6XZIqxt9v1C4SNDuVTsyGKlxvwVDEZUjPGa7O7/ZKt4Xd4Pi/odyiPjEDo7SABSWUCQ5XLAZJHKScYXnDF8VZDgJRjXq8rklJe7N6PbaL+56lQweLrJuEb203W/wB5Q8SftG2XiT4eeHPAl14UvGXQbnTZZHfVzslFpbPCAg2/ud2/OVz05ycGtH4u/tN+D/jT4h0PWvGPwqnYaDawpCkGrlTOY4kXyH+QgxFkBLnMxBIMh+Xb5Vq+mR6PrN7pCXcdyLa6khFxEDslCsV3rnscZHsaqv3BBz7V4lHw64XlKnXpqonHncWqtRW9rrLaS328lodss/zC0oScbOya5Yv4dunQ9i8D/tI/Drw78Spvijq3w7un1DW283xTbwmCS2ln87zXMCSoWjWVgrEb/wB24yu5cIHaH+1noek+L7rxrefDiZrq71eO/nt7bUYoUnkEIjYSlYBuBb94DjJO7cz72J8dVGKb15XHHP8AOmPEpJXbn1Nc9bwo4SxeInVq+1lKcYx1rVNIx2S97ZKy72S1vdu6fE+Z0oKEXFJNv4Y7vd7fP5+h7j4I/an+HngzwBrHgS0+H11fJfafeWkUt6wTzonaRohKInUhtzKzuhB++FxnNdX+zwWPwd0fkj/j44H/AF8SV8x20LMBkDOPSvp79nyJl+EOkD3uO5/5+JK1nwRlPDeEqzwbm3WqKUuecpapS2vot+g4ZriszqxhWtaEXayS6r7zwLSdfm8KeMZtZh0qyu2jnYrDf2/mxn5weV79OR0IJBBBIPorftX6r9nFm/w10N18so0khmaRgdxzuZyQwLfeH90eleY6skX9rXBZsZuHzx7mq7ND2bcR1+Wvpcy4bybOasamMpc0oq28l+TR4tDMcVhIuNOdk/T9TorL4my2Hjqbxq/hHR71pipaw1S1M8HG3kqSMk7ef941d8a/Gm48Y6BPoN58PfDtqZlTZd2GnmKSHa5b5MNgDkrjHQ85OSeTWJrmWOC2geSSRgscaR5ZiTgAAdST2r0Twl+y38RvFAmfVHtdHENqk5jv3/elWLAfKvCnKHIYqQCDjmufMcNwzlbp4nF8sHDlUW5O9o2Ssr3dtOj8zbBwzXMZOlhYud73stNe72R5YE2nv1pwtZmZumM8V6jpHwS8C22qaba+J/iI8MGoadJNJJbxR/uJk27kYlyCB8+QOflHrmqcfwRbVraW68J6xLfNNqE6aXBG9u++3QpiWZhKDF8rMSNpwQoONwrtpcR5NUes2l3cWlq2t2unK79inkuap2UE32TTeyeyfmvvPPjbtHFyqnPXNRG3fflo+Bg11GvfD7xX4d+03E+mST2lpKscuoWyl4MuiuvzY4yrqef7w9RWNKFwQR25Fe/gq2GxNP2lGSku6dzzK8MRhqjhVg4vzViCKPA3BAPqa+mf2e1P/CoNI/dj/l4/9KJK+bIo1KnI7cV9Lfs/EJ8ItJUBjj7Rzj/p4kry+JFbAx/xL8mdOWVJfWW/L9UfOOrW5Oq3IzgCd8fnTLLSL7UpnttPtpJpEjaR1jXJCgZJq3qsRbVbkKetw/8AM13nw8bwLpnw6vrnUrMvqjzO0U0reUUKKCDBIf8AlooYtjqSwH8QrbM8XUy7CqrGm5ybUUku/V7aLqYZXhaeY4p0p1FCKTk23a9ley83sjnPBmu2Hga0uv7b8LxXc9/ahrK4dwfKUq65x7k84KnAIzzU/if4xePfFUcK+IvGFxp2mRx+Q8lrGVQKRl1wpBkZiN20tgk/wqMjJmh1rxbrkdsLsTXt1+7t/PON7hTsjGAeSQFAA5JA716P+zh8AdY1b4uXHw/8S+BE8UX/AIRvZIJ9IvHE9tJdASQNLKmVEqrIobbuCkooZWU7a+I4trUsBh69TC04Tx8aamlL3uVN8t4xfkna1rtbao9/I6lWvOnRqVJRwjk46WjfS9pNeq3vZPyPG01DwzerI+l+JTNOgUtDc26oXJX5gpV2ywbgAgbhk5B+Wr1rdXelzre2N49vMnKTQuVZT7EV9qft5+HfhpefAa1jg8T2sOraDJZtp1rfsVlvrXcYI4bdQ2xmhMl0JSo48kAkk7n5L/gn38O/gjpvxA8L6x+0F4BtdauPFOt/ZfB+m6hzbzzrDKIluFbK+VJOYUHyOSzIflXO/wAPgvjnMK/BlXM8z5sRNVHFRjBRlayvdaJpXbbtok73Z28Q5DhKPEVPB4O1FOKldzbV9bWe6b6K+ulrHj/hj46eIrLRJfhx8RvtTaXfbGvZsFbjyj+96MDuEgKDIxuXHPORwnjGHw0PEt8nhLf/AGasxW1aQn5lHG7JOecbucdegr7w/wCCwXwQ8N6oLX9pq7trTw3qmoNbWNpYuhQ+JIwGJeKLaJEa1jEUbTSKscqGLaVZVEvwJJCDlQp69K+24JrZVmuDeaYKDpOpdTgrqPPpd7Wb0Wq0tpo7ni8R1cww1RYDFSVTktyyfxKOto3votW7d/KxBBE3IBBwOa+lf2f4w3wj0kgL/wAvHU/9PElfPmnaK0pEW8KzoWLScDrjrX0X8AY1X4S6SrIoINxxn/p4krtz3McDi8L7KlNSlGSul0+Jfmn9xx4XL8fhHGtVg1GSdn3+F/k195866qn/ABM7lcYPnv2/2jUz3xk0i30oRYEM8spbP3mcID+iCo9U41W4/wCvhv5mkgAL819QoRlGN+mv4f8ABPmfayu0nv8A8AWC60fTzLc67YXcypbyfZmstUNo8FxtJhm3hGLBJArGMbd4G3cuc1738H4te1jwxb/FTWvh8bmwtoZRJ4+imnfTtRfIbZeOqENPufP74BtwcnGDj5W+KnMWmtk5F/xz/stXtP7LniHxLoOu2F94a8VatpNz5HlG60fVZ7OYxl2JQyQurFcs3yk45r864ubjjXKlTi5tJNy10S5rLt16O71PqcloQr4ZKpOSinf3dNXpfzPatN8CfEfxBrp8T/s+eBtS1iXUdBlb7Np2kT3flXAwFXCKVQMDGMOcBY3xgkmub+KH7JP7YngG30r4i/HbwTqWmW1tKBpWmaNfW41GFid6tbwRlgGyu7DESEgAZOMfe/7Ivm240S1s7y5to2jkVktLp4QQAmAdhGQP8fWqn/BSgM+kano0ksjwaVBBc6bvlZnt5TGW3I5O4YPTnAHAwOK/K5ZzmGX16+CwnLCNVyadveg7aqL6JvXVN6u1j9BwOV5bWq4bEYmPPKkoxd9VNXdnJXV2k0tGk0lc/Mv9ojxD458R+LLfxF4/+KviPxde3cWE1DxEk/mRx4yEDTMScEOCAqqrA4z1rgCnz7q7H9r7xZ4hurX4e6Vcakzw3FxLLNuRd7MbgEnfjdglmJGcHJrjiTgc9q/W/C/H5jmHDS+uOLcZWi0re7ZWTSSV1rfufBcaUcPh87m6KsnuvO+ttXZdl0NLSI71Jg4ulbbbttjJ3c9Rx9dufbPevoL4BWwPwm0on1uO/wD08SV8+aFGk9wElGQsTAc9B8xxX0J8BFB+E+lEjvcf+lEledOl7HE4iLUbqUfhjyrV1X3evf8Apnu5nXlLKsLOLlZ83xScn8NPutux/9k="></a>
            <a class="opr-recommends-merge-mask" target="_blank" href="/s?rsv_idx=1&amp;wd=%E6%97%A5%E6%9C%AC%E4%BA%BA%E5%AD%A6%E6%B1%89%E8%AF%AD&amp;usm=4&amp;ie=utf-8&amp;rsv_cq=%E4%B8%AD%E6%96%87&amp;rsv_dl=0_right_recommends_merge_21102&amp;cq=%E4%B8%AD%E6%96%87&amp;srcid=28310&amp;rt=%E7%9B%B8%E5%85%B3%E4%B9%A6%E7%B1%8D&amp;recid=21102&amp;euri=65d0ecb6126f46da9f2a7526a817ff64"></a>                    </div>
        <div class="c-gap-top-small"><a target="_blank" title="日本人学汉语" href="/s?rsv_idx=1&amp;wd=%E6%97%A5%E6%9C%AC%E4%BA%BA%E5%AD%A6%E6%B1%89%E8%AF%AD&amp;usm=4&amp;ie=utf-8&amp;rsv_cq=%E4%B8%AD%E6%96%87&amp;rsv_dl=0_right_recommends_merge_21102&amp;cq=%E4%B8%AD%E6%96%87&amp;srcid=28310&amp;rt=%E7%9B%B8%E5%85%B3%E4%B9%A6%E7%B1%8D&amp;recid=21102&amp;euri=65d0ecb6126f46da9f2a7526a817ff64">日本人学汉语</a></div>
                        <div class="opr-recommends-merge-d">
        	            	<p class="opr-recommends-merge-width-text">对外汉语图书</p>
                    </div>
                            </div>   

 

        
    
    <div class="c-span4  c-span-last opr-recommends-merge-lastspan opr-recommends-merge-item " data-click="{'rsv_re_ename':'中文论坛','rsv_re_uri':'11b699e2ba9b4638bfca5fd58417aa80'}">
                                                	<div class="opr-recommends-merge-p">
            <a target="_blank" href="/s?rsv_idx=1&amp;wd=%E4%B8%AD%E6%96%87%E8%AE%BA%E5%9D%9B&amp;usm=4&amp;ie=utf-8&amp;rsv_cq=%E4%B8%AD%E6%96%87&amp;rsv_dl=0_right_recommends_merge_21102&amp;cq=%E4%B8%AD%E6%96%87&amp;srcid=28310&amp;rt=%E7%9B%B8%E5%85%B3%E4%B9%A6%E7%B1%8D&amp;recid=21102&amp;euri=11b699e2ba9b4638bfca5fd58417aa80"><img data-b64il-id="2410722197_473032432_58" data-src="https://ss2.baidu.com/6ONYsjip0QIZ8tyhnq/it/u=2410722197,473032432&amp;fm=58" class="c-img c-img4 opr-recommends-merge-img" src="data:image/jpeg;base64,/9j/4AAQSkZJRgABAQAAAQABAAD/2wBDAAIBAQEBAQIBAQECAgICAgQDAgICAgUEBAMEBgUGBgYFBgYGBwkIBgcJBwYGCAsICQoKCgoKBggLDAsKDAkKCgr/2wBDAQICAgICAgUDAwUKBwYHCgoKCgoKCgoKCgoKCgoKCgoKCgoKCgoKCgoKCgoKCgoKCgoKCgoKCgoKCgoKCgoKCgr/wAARCABLAEsDASIAAhEBAxEB/8QAHwAAAQUBAQEBAQEAAAAAAAAAAAECAwQFBgcICQoL/8QAtRAAAgEDAwIEAwUFBAQAAAF9AQIDAAQRBRIhMUEGE1FhByJxFDKBkaEII0KxwRVS0fAkM2JyggkKFhcYGRolJicoKSo0NTY3ODk6Q0RFRkdISUpTVFVWV1hZWmNkZWZnaGlqc3R1dnd4eXqDhIWGh4iJipKTlJWWl5iZmqKjpKWmp6ipqrKztLW2t7i5usLDxMXGx8jJytLT1NXW19jZ2uHi4+Tl5ufo6erx8vP09fb3+Pn6/8QAHwEAAwEBAQEBAQEBAQAAAAAAAAECAwQFBgcICQoL/8QAtREAAgECBAQDBAcFBAQAAQJ3AAECAxEEBSExBhJBUQdhcRMiMoEIFEKRobHBCSMzUvAVYnLRChYkNOEl8RcYGRomJygpKjU2Nzg5OkNERUZHSElKU1RVVldYWVpjZGVmZ2hpanN0dXZ3eHl6goOEhYaHiImKkpOUlZaXmJmaoqOkpaanqKmqsrO0tba3uLm6wsPExcbHyMnK0tPU1dbX2Nna4uPk5ebn6Onq8vP09fb3+Pn6/9oADAMBAAIRAxEAPwD9LvBmnL/wiGkvv2mPTYWlLuFEmIh3/HPQ8V1VlbTeRFFEoBbOSjAHAHXgYrA8FzvD4I0oSXEbbdPh3KV4yUHIP4iuj0+Rp3EaT4UYDAHke5zz/wDrr8wgoc2h+hYlycn6stWdqVckK6qoIVnOSeAPXjn1q0ImRIzEyuGIJbPHvj8cfrVXEhdfKX5UwckjgDjBH51OYI/OMyxMryL94LywHTJrojZbHDK/UllRSyK7EkHiNlJzz6irLsEDOqZLMAVA6cdfYVlXRFwPP011EknEcwiLjdjILbT93gcZGatrLP5u0Qk54BckfXt+HTvWsZWbIlG6RaiiLOY2Y7jlSN3b2560eGbRrHQ7KKSNo50toRMjDkEKAQf1FeL/ALYX7RV18AfCstvFNotlJrXhfVn0nWdc8Q/2bbw39ukBjgWQRSsZXjkuJI9q5zbbf4tyeOf8Ezv2zv2jvj1ZeBfh14w8NR+I9OT4Oadrni74hzrPA8ep3BC29riRFS5lZEmeQxDavHzE8N1QpTdH2ltDmlUjzch9l6/LtiYlMEnBIAwTg81m6bbA2aFvKJJJJ8s88n3rB8Hat4g1yfxPd63qbzwW3iCazsraQRERxoiE4ZEQkEseGLEYxuPbctkuWhBhijK8gF5jnrXHNtV9ex1U0vY/M8+8CzG68H6aLMxFlsYQgBwufLXPT611OlyWks6WkszF0BYHccZxyQT04PHPSuR8GNfW3hTTySVH9nw5WQ5UAxqeO/I59efTFdNF9jgdSCsYbgnJAH6cfy/lXlUqjUz18TFObXqatteXDXbQCSRY0G8SbidzHOQfoAOP9r2q39qSfFrh3CONzH0x1z36jp0rJsZYg89viIEMqny5C5C54z0xwTxzj3q3BEolW4SONpXG3PcDPcdTxXSqjOKUFcu3E8sLI8TiNduSSP0J7cfyqX+00hj2HnBBH7s9SMDFUpzHvc3EhRU5fqQwx0/n+fapIlimAaN8AjKgKfm9MHPsa1U5tuzMnGNldFb4g+Hbbxb8P9Y0aeSGCS60i5tYriWMHyDJA8ZfJ+6AHOT3Fcr+yn4Psfhj+zJ8O/h5pPiWw1uz8OeCdJ0y01zTXElvfxwWccYuImH3kcLuBHGGFY/7XniHX/Bfwxn8TeE9Vkl163UjQvCsd1PEdfuAQwtE+yMtwJXVXRXUskQkaWSN1jOOR/4J++OfgD4t+H8Gj+D4dI0j4i6DpsGmfEvwvb2wsrvS9RhULLHLa7sBFk3BJVDI6kFXYGulKfsLp6XOduCqWe56P4CiNtqXi21EEdsG8UT3fmQvIfPEihS7LJ9w7kcHbgEKCBggnpdKwbCPddlyAQW8plzgkZwTxWD8MvD76a3i6efSltWvfF13KGKlDcLsiAceox/F7e1dLYW5W1UQOqLlsLluOT7Vz1L/AFhvy/yOim17C3mcB4G12xu/CekK2pFpFsYiqElskIvT36/04rohcykpsVGLMdpTP3cE5B+n/wBauN+FenWp8K6beXxhbFlF5crqMAFB0zyO3c9Pxrr4YrW+sYrqzunVYnL74kQeauCNp3A/Lzn5cfdHOOD5NOUpvXc9nExjGq0u5o6c8d1suGV1+bLAnhucDr/Kr2Y96lJmLYwGj7cHvVDTbe9SQGG4U5G4Bs5HPXk4PH9avQ742Zr6EHB5cAlV59h7V1Rvax580r6D7mW5VxsR3O4guoBAA9ckemOPX8ad9thgcNNKsZTKhWXg9Cfwxz/OmOk20E3SAnOWUE+3Hp/+v61yHxQjZta0CzvbQTxSW+pg7onlRlNm+VaNSC+QfugEnoMGumnHmkYTfLE3fHXi7QfBl5pGt3PhK91J9SvFsE1HTYIWFjEwaRpZnd0KQKELMRu+6DjOK8j+AVr+xh+1/wCIrf8AbG8F/CPw1c+MrUC0m1PVdIhXWdN8skQmUZZoi8e2SJ2wzQyRkHaQKh+Mv7MHg/4z/tB/C/WfEHwetdR07w14O1VrzXH3R2y5SC2h08RFs/vEubslXXHlq6kknFc7+w54Dtdb8QaV4q+Nfw48Z6n8UtD8M20WqeN/FHg2TSY7JlihgbTIJ22tfKGR5mcGaJneV1ZA6xjuUKcabkpO9unz0/q3ozkcpc6TWn/DHsHwZLXEXiy91fSYba4bxffRuRFDudVK4y8Y+fqcbiWAIB6V01j9r+zD7JHmPc2wtLjI3H2rB+Fmk6eYPFVrpjzqsPjO/acXGoGYsxKE4PBUHspPy9Mmut0/TrM2i4Rxy3HTufUiuGpGX1h27f5HXTlFUNTzz4ePBH4OsHg3spsYziNeoCKMk9j+NdJYBRaRQunEZDRmCUBeOinHbPGOhrnvAKWy+GdKBnBkayhZfKcqCNijtnPJAP1rrIoLTEsTWiHzWHndwePp1/DFebSi02z1cS/fa8yzY28irvhdS23gKeAD1Gcew5qcNKjeT9nPzLku3IXHbr9ap2UENnBIlnpccZklLNEjAdhzzwO5/PvVuKSNCjM670THAOHOeSBk+/PvXSkl1OGV2TTRLJCxTK7kCgoef0wR+FcD8Wb660fXfCui293FFZS2errqH2lCSY0sHYEyBGkjwQMuroxB/j6V6BLbm5iSR0LvsIV1OORyeh4BxXM/EXw3e6t/Zt9olrdzXVtLJAPst1FA0EVwnkyXHmOjfNHGSygYJIxz0rppNRnd+Zzzu4WR5V+1f+2Bf/swXHwa8P8Ahvw1e6ivjnxvY6Vqsn9h3l3bw6WbSdp2S4UBEmUpHIquxZkSVtpCsRseGv2zvDGvfGseApfGPweTQp7wWunanZ/GK3utUvpXKpAqaetsBueRghQz5B5G/gE+PH7O3jz41fEf4evrMySeD/ARm14NFrUsOo6zra201pBayFECxWxhubh3kDFpGZU2qoJbjP2Zf2eP2t/hz4htvi5qeleEfDd/4v8AiAdS8feE9JuzdQwaGLKWGzsYZDDGkL2mLY4hQiaTznMm1wo74Rw86Sb3t363f6fLY45yqxnptf8AyPb/AIY5uNR8YXrRJ5qeK7mDzIp5WJ2qhBKu7KDliMKFGAOCcmux0yGeOyRPt6rgkAEBuMnuawvCHhW+8JN4hS4trXdq3iS4v7T7MxO+OREA8zgYf5SD2xjknrq2+ltJCJDdpGWySnoc8joa4qkuWtc6YfwrM88+HllJ/wAIvpsV3HEC2nxbdseCMKDgZ7Yxn/Irf0yeGaNr+11I3UM7BoSrgxLxj5SvGPxPX8K53wjo2maz4Y8P6hqdoJpra0VIXZjwrxAMMA4OR61r/DjT7Gy8Iw6ZZ2qRW8TERxIMADzW/wD1/XmvPpqCpyu/eurdrWd7+d9rJqx6eKlUeKXLbls+a+6ldWtvdWvdtp3srNam5axO0n2cKxYKR5jjI5z1q9HAzJ5QCsI+CSR8o9OPwqnpNnbS3BM0QfEm4BznBIPr/KrrhWaCAqNjYDLjttJ/mK0pWkk/OxzTbTHxWyx/MsxQKM4GOmOB69PWlCEwrJtIj2ndkYz36daaIoyXUrwrKqrngDHpVjTCUjdASQHYDcc8ZHr9a3ha2pi27FizijlgCQg+WOeUGFGM8D8f1rm/hLLrsttqlzq3iaLUI/OiWzt44gGt08lMxsQxy27ceg4IyM5J6fT0Xa6Y43ZxnvzzXO/CPw5oWjW9/faVpcVvLeukt3JEuDK/kRnc3qfmPPpx0ArrgouH9dznnszqEjiMe4ozbWJUj0/+tmqtrseBXZjk5JGxDjnpnIzjpVq1RH89XXIUHaPTqKzY/kXYgwATgD60r2mv67DjrFn/2Q=="></a>
            <a class="opr-recommends-merge-mask" target="_blank" href="/s?rsv_idx=1&amp;wd=%E4%B8%AD%E6%96%87%E8%AE%BA%E5%9D%9B&amp;usm=4&amp;ie=utf-8&amp;rsv_cq=%E4%B8%AD%E6%96%87&amp;rsv_dl=0_right_recommends_merge_21102&amp;cq=%E4%B8%AD%E6%96%87&amp;srcid=28310&amp;rt=%E7%9B%B8%E5%85%B3%E4%B9%A6%E7%B1%8D&amp;recid=21102&amp;euri=11b699e2ba9b4638bfca5fd58417aa80"></a>                    </div>
        <div class="c-gap-top-small"><a target="_blank" title="中文论坛" href="/s?rsv_idx=1&amp;wd=%E4%B8%AD%E6%96%87%E8%AE%BA%E5%9D%9B&amp;usm=4&amp;ie=utf-8&amp;rsv_cq=%E4%B8%AD%E6%96%87&amp;rsv_dl=0_right_recommends_merge_21102&amp;cq=%E4%B8%AD%E6%96%87&amp;srcid=28310&amp;rt=%E7%9B%B8%E5%85%B3%E4%B9%A6%E7%B1%8D&amp;recid=21102&amp;euri=11b699e2ba9b4638bfca5fd58417aa80">中文论坛</a></div>
                        <div class="opr-recommends-merge-d">
        	            	<p class="opr-recommends-merge-width-text">社会科学类学术辑刊</p>
                    </div>
                            </div>   

    </div>
 

<textarea class="opr-recommends-merge-hide opr-recommends-merge-more-textarea">    &lt;div class="opr-recommends-merge-morelists"&gt;
        
&lt;div class="c-row c-gap-top"&gt;
    
    &lt;div class="c-span4  opr-recommends-merge-item " data-click="{'rsv_re_ename':'中文核心期刊','rsv_re_uri':'354070aa6e094720861dbae0e70ae73b'}"&gt;
                                                	&lt;div class="opr-recommends-merge-p"&gt;
            &lt;a target="_blank" href="/s?rsv_idx=1&amp;wd=%E4%B8%AD%E6%96%87%E6%A0%B8%E5%BF%83%E6%9C%9F%E5%88%8A&amp;usm=4&amp;ie=utf-8&amp;rsv_cq=%E4%B8%AD%E6%96%87&amp;rsv_dl=0_right_recommends_merge_21102&amp;cq=%E4%B8%AD%E6%96%87&amp;srcid=28310&amp;rt=%E7%9B%B8%E5%85%B3%E4%B9%A6%E7%B1%8D&amp;recid=21102&amp;euri=354070aa6e094720861dbae0e70ae73b"&gt;&lt;img  data-img="https://ss1.baidu.com/6ONXsjip0QIZ8tyhnq/it/u=2318261560,1466628241&amp;fm=58" class="c-img c-img4 opr-recommends-merge-img"/&gt;&lt;/a&gt;
            &lt;a class="opr-recommends-merge-mask" target="_blank" href="/s?rsv_idx=1&amp;wd=%E4%B8%AD%E6%96%87%E6%A0%B8%E5%BF%83%E6%9C%9F%E5%88%8A&amp;usm=4&amp;ie=utf-8&amp;rsv_cq=%E4%B8%AD%E6%96%87&amp;rsv_dl=0_right_recommends_merge_21102&amp;cq=%E4%B8%AD%E6%96%87&amp;srcid=28310&amp;rt=%E7%9B%B8%E5%85%B3%E4%B9%A6%E7%B1%8D&amp;recid=21102&amp;euri=354070aa6e094720861dbae0e70ae73b"&gt;&lt;/a&gt;                    &lt;/div&gt;
        &lt;div class="c-gap-top-small"&gt;&lt;a target="_blank" title="中文核心期刊" href="/s?rsv_idx=1&amp;wd=%E4%B8%AD%E6%96%87%E6%A0%B8%E5%BF%83%E6%9C%9F%E5%88%8A&amp;usm=4&amp;ie=utf-8&amp;rsv_cq=%E4%B8%AD%E6%96%87&amp;rsv_dl=0_right_recommends_merge_21102&amp;cq=%E4%B8%AD%E6%96%87&amp;srcid=28310&amp;rt=%E7%9B%B8%E5%85%B3%E4%B9%A6%E7%B1%8D&amp;recid=21102&amp;euri=354070aa6e094720861dbae0e70ae73b"&gt;中文核心期刊&lt;/a&gt;&lt;/div&gt;
                                    &lt;/div&gt;   

 

        
    
    &lt;div class="c-span4  opr-recommends-merge-item " data-click="{'rsv_re_ename':'中文电码','rsv_re_uri':'125ea9fc111144709c0e822285be6a61'}"&gt;
                                                	&lt;div class="opr-recommends-merge-p"&gt;
            &lt;a target="_blank" href="/s?rsv_idx=1&amp;wd=%E4%B8%AD%E6%96%87%E7%94%B5%E7%A0%81&amp;usm=4&amp;ie=utf-8&amp;rsv_cq=%E4%B8%AD%E6%96%87&amp;rsv_dl=0_right_recommends_merge_21102&amp;cq=%E4%B8%AD%E6%96%87&amp;srcid=28310&amp;rt=%E7%9B%B8%E5%85%B3%E4%B9%A6%E7%B1%8D&amp;recid=21102&amp;euri=125ea9fc111144709c0e822285be6a61"&gt;&lt;img  data-img="https://ss1.baidu.com/6ONXsjip0QIZ8tyhnq/it/u=1517878963,3954955052&amp;fm=58" class="c-img c-img4 opr-recommends-merge-img"/&gt;&lt;/a&gt;
            &lt;a class="opr-recommends-merge-mask" target="_blank" href="/s?rsv_idx=1&amp;wd=%E4%B8%AD%E6%96%87%E7%94%B5%E7%A0%81&amp;usm=4&amp;ie=utf-8&amp;rsv_cq=%E4%B8%AD%E6%96%87&amp;rsv_dl=0_right_recommends_merge_21102&amp;cq=%E4%B8%AD%E6%96%87&amp;srcid=28310&amp;rt=%E7%9B%B8%E5%85%B3%E4%B9%A6%E7%B1%8D&amp;recid=21102&amp;euri=125ea9fc111144709c0e822285be6a61"&gt;&lt;/a&gt;                    &lt;/div&gt;
        &lt;div class="c-gap-top-small"&gt;&lt;a target="_blank" title="中文电码" href="/s?rsv_idx=1&amp;wd=%E4%B8%AD%E6%96%87%E7%94%B5%E7%A0%81&amp;usm=4&amp;ie=utf-8&amp;rsv_cq=%E4%B8%AD%E6%96%87&amp;rsv_dl=0_right_recommends_merge_21102&amp;cq=%E4%B8%AD%E6%96%87&amp;srcid=28310&amp;rt=%E7%9B%B8%E5%85%B3%E4%B9%A6%E7%B1%8D&amp;recid=21102&amp;euri=125ea9fc111144709c0e822285be6a61"&gt;中文电码&lt;/a&gt;&lt;/div&gt;
                                    &lt;/div&gt;   

 

        
    
    &lt;div class="c-span4  c-span-last-s opr-recommends-merge-item " data-click="{'rsv_re_ename':'英汉互译','rsv_re_uri':'2ebd52f40a684cd9b408d35803dc3e27'}"&gt;
                                                	&lt;div class="opr-recommends-merge-p"&gt;
            &lt;a target="_blank" href="/s?rsv_idx=1&amp;wd=%E8%8B%B1%E6%B1%89%E4%BA%92%E8%AF%91&amp;usm=4&amp;ie=utf-8&amp;rsv_cq=%E4%B8%AD%E6%96%87&amp;rsv_dl=0_right_recommends_merge_21102&amp;cq=%E4%B8%AD%E6%96%87&amp;srcid=28310&amp;rt=%E7%9B%B8%E5%85%B3%E4%B9%A6%E7%B1%8D&amp;recid=21102&amp;euri=2ebd52f40a684cd9b408d35803dc3e27"&gt;&lt;img  data-img="https://ss2.baidu.com/6ONYsjip0QIZ8tyhnq/it/u=434352239,3112150024&amp;fm=58" class="c-img c-img4 opr-recommends-merge-img"/&gt;&lt;/a&gt;
            &lt;a class="opr-recommends-merge-mask" target="_blank" href="/s?rsv_idx=1&amp;wd=%E8%8B%B1%E6%B1%89%E4%BA%92%E8%AF%91&amp;usm=4&amp;ie=utf-8&amp;rsv_cq=%E4%B8%AD%E6%96%87&amp;rsv_dl=0_right_recommends_merge_21102&amp;cq=%E4%B8%AD%E6%96%87&amp;srcid=28310&amp;rt=%E7%9B%B8%E5%85%B3%E4%B9%A6%E7%B1%8D&amp;recid=21102&amp;euri=2ebd52f40a684cd9b408d35803dc3e27"&gt;&lt;/a&gt;                    &lt;/div&gt;
        &lt;div class="c-gap-top-small"&gt;&lt;a target="_blank" title="英汉互译" href="/s?rsv_idx=1&amp;wd=%E8%8B%B1%E6%B1%89%E4%BA%92%E8%AF%91&amp;usm=4&amp;ie=utf-8&amp;rsv_cq=%E4%B8%AD%E6%96%87&amp;rsv_dl=0_right_recommends_merge_21102&amp;cq=%E4%B8%AD%E6%96%87&amp;srcid=28310&amp;rt=%E7%9B%B8%E5%85%B3%E4%B9%A6%E7%B1%8D&amp;recid=21102&amp;euri=2ebd52f40a684cd9b408d35803dc3e27"&gt;英汉互译&lt;/a&gt;&lt;/div&gt;
                                    &lt;/div&gt;   

 

        
    
    &lt;div class="c-span4  c-span-last opr-recommends-merge-lastspan opr-recommends-merge-item " data-click="{'rsv_re_ename':'翻译在线','rsv_re_uri':'53c7c84a76d94b78b4d869b7c9634732'}"&gt;
                                                	&lt;div class="opr-recommends-merge-p"&gt;
            &lt;a target="_blank" href="/s?rsv_idx=1&amp;wd=%E7%BF%BB%E8%AF%91%E5%9C%A8%E7%BA%BF&amp;usm=4&amp;ie=utf-8&amp;rsv_cq=%E4%B8%AD%E6%96%87&amp;rsv_dl=0_right_recommends_merge_21102&amp;cq=%E4%B8%AD%E6%96%87&amp;srcid=28310&amp;rt=%E7%9B%B8%E5%85%B3%E4%B9%A6%E7%B1%8D&amp;recid=21102&amp;euri=53c7c84a76d94b78b4d869b7c9634732"&gt;&lt;img  data-img="https://ss2.baidu.com/6ONYsjip0QIZ8tyhnq/it/u=4147341281,1948615944&amp;fm=58" class="c-img c-img4 opr-recommends-merge-img"/&gt;&lt;/a&gt;
            &lt;a class="opr-recommends-merge-mask" target="_blank" href="/s?rsv_idx=1&amp;wd=%E7%BF%BB%E8%AF%91%E5%9C%A8%E7%BA%BF&amp;usm=4&amp;ie=utf-8&amp;rsv_cq=%E4%B8%AD%E6%96%87&amp;rsv_dl=0_right_recommends_merge_21102&amp;cq=%E4%B8%AD%E6%96%87&amp;srcid=28310&amp;rt=%E7%9B%B8%E5%85%B3%E4%B9%A6%E7%B1%8D&amp;recid=21102&amp;euri=53c7c84a76d94b78b4d869b7c9634732"&gt;&lt;/a&gt;                    &lt;/div&gt;
        &lt;div class="c-gap-top-small"&gt;&lt;a target="_blank" title="翻译在线" href="/s?rsv_idx=1&amp;wd=%E7%BF%BB%E8%AF%91%E5%9C%A8%E7%BA%BF&amp;usm=4&amp;ie=utf-8&amp;rsv_cq=%E4%B8%AD%E6%96%87&amp;rsv_dl=0_right_recommends_merge_21102&amp;cq=%E4%B8%AD%E6%96%87&amp;srcid=28310&amp;rt=%E7%9B%B8%E5%85%B3%E4%B9%A6%E7%B1%8D&amp;recid=21102&amp;euri=53c7c84a76d94b78b4d869b7c9634732"&gt;翻译在线&lt;/a&gt;&lt;/div&gt;
                                    &lt;/div&gt;   

    &lt;/div&gt;
 

        
&lt;div class="c-row c-gap-top"&gt;
    
    &lt;div class="c-span4  opr-recommends-merge-item " data-click="{'rsv_re_ename':'中文核心期刊目录','rsv_re_uri':'d76ccc0eb4e54f049a24c657272625c4'}"&gt;
                                                	&lt;div class="opr-recommends-merge-p"&gt;
            &lt;a target="_blank" href="/s?rsv_idx=1&amp;wd=%E4%B8%AD%E6%96%87%E6%A0%B8%E5%BF%83%E6%9C%9F%E5%88%8A%E7%9B%AE%E5%BD%95&amp;usm=4&amp;ie=utf-8&amp;rsv_cq=%E4%B8%AD%E6%96%87&amp;rsv_dl=0_right_recommends_merge_21102&amp;cq=%E4%B8%AD%E6%96%87&amp;srcid=28310&amp;rt=%E7%9B%B8%E5%85%B3%E4%B9%A6%E7%B1%8D&amp;recid=21102&amp;euri=d76ccc0eb4e54f049a24c657272625c4"&gt;&lt;img  data-img="https://ss0.baidu.com/6ONWsjip0QIZ8tyhnq/it/u=2656787433,777204603&amp;fm=58" class="c-img c-img4 opr-recommends-merge-img"/&gt;&lt;/a&gt;
            &lt;a class="opr-recommends-merge-mask" target="_blank" href="/s?rsv_idx=1&amp;wd=%E4%B8%AD%E6%96%87%E6%A0%B8%E5%BF%83%E6%9C%9F%E5%88%8A%E7%9B%AE%E5%BD%95&amp;usm=4&amp;ie=utf-8&amp;rsv_cq=%E4%B8%AD%E6%96%87&amp;rsv_dl=0_right_recommends_merge_21102&amp;cq=%E4%B8%AD%E6%96%87&amp;srcid=28310&amp;rt=%E7%9B%B8%E5%85%B3%E4%B9%A6%E7%B1%8D&amp;recid=21102&amp;euri=d76ccc0eb4e54f049a24c657272625c4"&gt;&lt;/a&gt;                    &lt;/div&gt;
        &lt;div class="c-gap-top-small"&gt;&lt;a target="_blank" title="中文核心期刊目录" href="/s?rsv_idx=1&amp;wd=%E4%B8%AD%E6%96%87%E6%A0%B8%E5%BF%83%E6%9C%9F%E5%88%8A%E7%9B%AE%E5%BD%95&amp;usm=4&amp;ie=utf-8&amp;rsv_cq=%E4%B8%AD%E6%96%87&amp;rsv_dl=0_right_recommends_merge_21102&amp;cq=%E4%B8%AD%E6%96%87&amp;srcid=28310&amp;rt=%E7%9B%B8%E5%85%B3%E4%B9%A6%E7%B1%8D&amp;recid=21102&amp;euri=d76ccc0eb4e54f049a24c657272625c4"&gt;中文核心期刊目录&lt;/a&gt;&lt;/div&gt;
                                    &lt;/div&gt;   

 

        
    
    &lt;div class="c-span4  opr-recommends-merge-item " data-click="{'rsv_re_ename':'中文传媒','rsv_re_uri':'6f2a518d049746569f9ae53eaddbf849'}"&gt;
                                                	&lt;div class="opr-recommends-merge-p"&gt;
            &lt;a target="_blank" href="/s?rsv_idx=1&amp;wd=%E4%B8%AD%E6%96%87%E4%BC%A0%E5%AA%92&amp;usm=4&amp;ie=utf-8&amp;rsv_cq=%E4%B8%AD%E6%96%87&amp;rsv_dl=0_right_recommends_merge_21102&amp;cq=%E4%B8%AD%E6%96%87&amp;srcid=28310&amp;rt=%E7%9B%B8%E5%85%B3%E4%B9%A6%E7%B1%8D&amp;recid=21102&amp;euri=6f2a518d049746569f9ae53eaddbf849"&gt;&lt;img  data-img="https://ss2.baidu.com/6ONYsjip0QIZ8tyhnq/it/u=2104846691,3504258277&amp;fm=58" class="c-img c-img4 opr-recommends-merge-img"/&gt;&lt;/a&gt;
            &lt;a class="opr-recommends-merge-mask" target="_blank" href="/s?rsv_idx=1&amp;wd=%E4%B8%AD%E6%96%87%E4%BC%A0%E5%AA%92&amp;usm=4&amp;ie=utf-8&amp;rsv_cq=%E4%B8%AD%E6%96%87&amp;rsv_dl=0_right_recommends_merge_21102&amp;cq=%E4%B8%AD%E6%96%87&amp;srcid=28310&amp;rt=%E7%9B%B8%E5%85%B3%E4%B9%A6%E7%B1%8D&amp;recid=21102&amp;euri=6f2a518d049746569f9ae53eaddbf849"&gt;&lt;/a&gt;                    &lt;/div&gt;
        &lt;div class="c-gap-top-small"&gt;&lt;a target="_blank" title="中文传媒" href="/s?rsv_idx=1&amp;wd=%E4%B8%AD%E6%96%87%E4%BC%A0%E5%AA%92&amp;usm=4&amp;ie=utf-8&amp;rsv_cq=%E4%B8%AD%E6%96%87&amp;rsv_dl=0_right_recommends_merge_21102&amp;cq=%E4%B8%AD%E6%96%87&amp;srcid=28310&amp;rt=%E7%9B%B8%E5%85%B3%E4%B9%A6%E7%B1%8D&amp;recid=21102&amp;euri=6f2a518d049746569f9ae53eaddbf849"&gt;中文传媒&lt;/a&gt;&lt;/div&gt;
                                    &lt;/div&gt;   

    &lt;/div&gt;
 
&lt;/div&gt;
</textarea>

</div>
 
	<div class="cr-title c-clearfix">
            <a class="cr-title-sub opr-recommends-merge-more-btn" href="javascript:;" onclick="return false;" data-click="{'fm':'beha'}"><span>展开</span><i class="c-icon c-icon-chevron-bottom c-gap-left-small"></i></a>     
        <span title="世界各地域的语言">世界各地域的语言</span>
            </div>

<div class="opr-recommends-merge-panel">
        
<div class="c-row c-gap-top">
    
    <div class="c-span4  opr-recommends-merge-item " data-click="{'rsv_re_ename':'朝鲜语','rsv_re_uri':'537f7667aa434447950d267071f0bbbe'}">
                                                	<div class="opr-recommends-merge-p">
            <a target="_blank" href="/s?rsv_idx=1&amp;wd=%E6%9C%9D%E9%B2%9C%E8%AF%AD&amp;usm=4&amp;ie=utf-8&amp;rsv_cq=%E4%B8%AD%E6%96%87&amp;rsv_dl=0_right_recommends_merge_21102&amp;cq=%E4%B8%AD%E6%96%87&amp;srcid=28310&amp;rt=%E4%B8%96%E7%95%8C%E5%90%84%E5%9C%B0%E5%9F%9F%E7%9A%84%E8%AF%AD%E8%A8%80&amp;recid=21102&amp;euri=537f7667aa434447950d267071f0bbbe"><img data-b64il-id="1827238237_2636051350_58" data-src="https://ss1.baidu.com/6ONXsjip0QIZ8tyhnq/it/u=1827238237,2636051350&amp;fm=58" class="c-img c-img4 opr-recommends-merge-img" src="data:image/jpeg;base64,/9j/4AAQSkZJRgABAQEAAQABAAD/2wBDAAUDBAQEAwUEBAQFBQUGBwwIBwcHBw8LCwkMEQ8SEhEPERETFhwXExQaFRERGCEYGh0dHx8fExciJCIeJBweHx7/2wBDAQUFBQcGBw4ICA4eFBEUHh4eHh4eHh4eHh4eHh4eHh4eHh4eHh4eHh4eHh4eHh4eHh4eHh4eHh4eHh4eHh4eHh7/wAARCABLAEsDASIAAhEBAxEB/8QAHAAAAgIDAQEAAAAAAAAAAAAABQYDBAECCAcA/8QAQhAAAgEDAwEFBAcEBgsAAAAAAQIDBAURABIhBhMiMUFRBzKR0ggUFSNSYXFCgaGxFjNVYpLBJCVFU3WEhZSVwtH/xAAZAQEBAAMBAAAAAAAAAAAAAAABAAIDBAX/xAAfEQACAgIDAAMAAAAAAAAAAAAAAQISAxMRMUEEFCH/2gAMAwEAAhEDEQA/AOeaD2Y9e1iJJT9J3JkdQysVVQQf1I0dofYj7TKnG3plowfOWrhX/wBtdYzV1ps88dFVSOJgq4VYi2ckhRn1O08eOi0F/t0SH7mpwknZElUQB8Z2ZZx3vy8deYvkZH4drwQXpy7a/o3e0OqAM7WSiB/3laXI/wACHTXaPosXWQKbp1fQQHzWmo3k/izL/LXvqdU0pEgho5W7KZYJAZowVkYgBCAzHPPp/LW03VUkQqOyoFdqeURSIrSSMGJxwFjAI9SDgcZPOrdkHXjR4X1T9FtqGzGosvVklbXkgRQVNGsSSMTgLvDHb+pBGld/oz+0tY1P+oGYjlRcDkfl7mNdUVt5q3uVqoaiki2zVsMZkRZFALDcMFhhvDkcH4as0vWFBVzGGCjmLhd+0zQhghfYGIL5AJxjPPI0rLkJ48ZyG/0bvacGI+q2XA8/tIfLqCT6OftMU80tl/8AJL8uuyai+RR1poXttYKnYZTH2kG7YCAWx2nhkjnQep6stRWmbsp8VYU057SD77JwNv3nPJ1bsga4HJI+jp7RS2JFscQ9Wr8j+CHWh+jp18DgzWP/ALx/k11rBeoq6F5aK3VdTGpxuiaFgD6EiTx/LUBqqlu99lVvPPvw/Po+xkHTAAVVFJV9TvXBS8cFS5KLTlzIIowgCvkbTvL448Tz44MUdLPGKVKejqA01xmmllp6OONcYBHjyMBsZ8ThifXVS21ELUtXW1M8DSCidTmGTcjSsHdCVPeAZxkD9PEZ1ephS/WrMghpjDHRNIStPIVEjR5Jz5KQDlfHy8tY9EYlozPDEsU1RTGsumyUxSwqzg7uchve8Tj+A1PVVVJLHMUq6A7riiz9pcDIFBLKp7oAVuPdBwACTjGTU6et6VMXTySyxsEmlqGVLe6jjhd2QezI8OSCMA54wb1hFTW2qGooxXqXucobsaaKJnjViAGGCGjHJUcsR4Z8dJBOWKMdfWcB6Rna5QM3ZSkurCNw25T6kDkcDGPE6o22iq4qie4msqWozaT90IEZcbnyASSO6WLAMuCT+/RBBI3tItivU3BhFcjtjn2mNvupG3Ljw8duOOADjVW0UtC8dRVH7NYfY+yX7tmlO9RjeFXcw4HAOcYHqNS/DGRcY1FReLVLb466SheicdqaOLC5ypJCjh14G33eQPM6r2W310Mdtpa0uzwV8glWWkpxvDR9oCwU4zwdu3k43YwMa+tLWyT7BQUtEWekKyb1cZiZ9h2gjjccnk8Z89D6iC2W2gt9dT2+0oI7oC/1cTOpYDapTkFW2nbk5zjOOdPKJBGaluNppKtEq6rmvWo7WKSI9xnG6E7gAABjI5OCMEc6aKen7SBGAHugcc+GgFroqGru11ttVTWyaCOYS9iIhkvkt2h4BPj+458+dEqiiolmZGipjt7o3s2cDgfwxrXJcmyIi0lVcq6z3Q0UFc8lRWrEqPUr92uVBKumCAAMYH68+Ot7tSTxXe93NBcCq0awQLFVooBYKCq+Oxh4jIycn8swW65VcNRaLfWtbXqa12qd0MUjqygDawbyIB53Hju+Q1mvlje1Vc8aWIfW6tFBSYMjsx/aJHvcDD8HBJwAM6fQ4NqenqPrVtkneU0lPajPJJPXAuneYe8vdJG4AN4YJJ8ANW+mqaD6hZ0pRa2lnnc7aqreoDuvdPZnOMBFPj5+GCealJPGl0r46ypsMjUNvEFRL2TB1OBncoG1h44VeOR66PUFVb6e5WSjWoom3gyLimVVYHgMee5gjOFGCwJ4GNKYEXTU9NP7SYGhMJ7W5zVeUkZmA7IR4cMOG7p8PIj01b6cpq2SlSGOrvMSyWdHgC4aEtsxhVz5EqRnGSSPI5h6cqYZuureiVcNTN2lXUyulI0B3OI/eBJycY9OAPXJp9NxV0tdUKlArxt03Tp3m2pLlO4rMGyozu5wPPnjJegfSCcNXUU83TEdRLcRPV1VR2w7MdkhYcq45AXOFUghRjIHlrZoK2a37nnuTla+KYJJGrSIVbJVtyqNieOF5PgPEZGVtJU0k/T/ANRo17H6xJFTr27FhHlXVc7skbRI+DnG304NiKCt+y7pTVVvDrFVAsDXvN3+1DZPfyOCjBQVJyP0K0CYXt9VIes6uBqmtlQ04ZY5IyIozx7pK8kg+GfM+ecXq12FU43OPD+Wg0M0sXW6CphqYnko03zPUFlklz/VkDu8ZJBAGTuP5aaF2Y78ak+pGtLN0TySjudNLdEo/r1FGaK3l3iWiLdi+B96rY73vDuj1I5PhItS8VrooheTKZ5WkSI29cum5VEeP2VH4gDnOQcaM0fTwYK5uV37QALntVBx6Z2ZxorD092gVZa+6vs5VjNyOMfh449NKnEKsTaqplhXqOrF22vHKY90MZ7QKWXKpkeGBgEftbv10xWyeF+oKFZrxXyyNQqd6ktGQrEk5wO+y+eM4U+uNHIenIMnfWXmQtw2ax+R+4DjWZ7PaKFAHqbkrgd0NcJzj9Bu41OaRVbFvoiqar6pt1QbhUVv+h1JYzrtkVg6qdwycZABH5Y1906k7pTN9Utsiz2pIVlSNlm3imRsSNIOzfHHGTgMMjx0wWuz0kHUEFwglrp3kieLM0zSAKQWOM85zjn8tSUHSJoRH2N0q22RrGvaUkbZAQJkjGCSoAJxkgalNMqMXaJ55bJ080lNYGkeo3orMkeF3qMw7cAHA58+RnPgd6hbez9RP2dukMk4lRZY2CukeN7sDwzB8j1PAHGmCXpUsoUVkW1XMir9lx91j4lcEYzx4eg9NU5ujiUqgLmEaqGJ2S3hS/OfEPx+7GmyCrK0UhkqrQ88VmYFDJE8LOpypyvZqBgAIcYJ8yNMrSMWO1RjPHjoCvTEkSUwNxjkalBFO0ltRjFkY4Ytnw1YNNec8Xxj+f2dH/8AdYSkmZJNHAUd3vC8rdrkD+VXJ82pUvd6H+2bqP8AnZfm0l7m/E3x1kM34m+OvVocF2OMt0ukp3SXS4Of71VIf89bRXe7xf1d2uKD+7VyD/PSaXf8bfHWN7/jb4nVrTK7HxOpOoVcFL9d0OcjbXSjHwbWT1l1JyV6qvgGf7Rm+b8tIYd+O+/+I6wWbJ7x+OnWiux9/pt1SBx1dfR/1Kb5tbHrjqwZH9Lr6D6faU3za8/3t+JvjrO98e+3x1a0V2PsnXnVwbA6wv44/tKb5taDrzrLy6x6gx/xKb5tIm98+83x19vf8bfHTrQWZ//Z"></a>
            <a class="opr-recommends-merge-mask" target="_blank" href="/s?rsv_idx=1&amp;wd=%E6%9C%9D%E9%B2%9C%E8%AF%AD&amp;usm=4&amp;ie=utf-8&amp;rsv_cq=%E4%B8%AD%E6%96%87&amp;rsv_dl=0_right_recommends_merge_21102&amp;cq=%E4%B8%AD%E6%96%87&amp;srcid=28310&amp;rt=%E4%B8%96%E7%95%8C%E5%90%84%E5%9C%B0%E5%9F%9F%E7%9A%84%E8%AF%AD%E8%A8%80&amp;recid=21102&amp;euri=537f7667aa434447950d267071f0bbbe"></a>                    </div>
        <div class="c-gap-top-small"><a target="_blank" title="朝鲜语" href="/s?rsv_idx=1&amp;wd=%E6%9C%9D%E9%B2%9C%E8%AF%AD&amp;usm=4&amp;ie=utf-8&amp;rsv_cq=%E4%B8%AD%E6%96%87&amp;rsv_dl=0_right_recommends_merge_21102&amp;cq=%E4%B8%AD%E6%96%87&amp;srcid=28310&amp;rt=%E4%B8%96%E7%95%8C%E5%90%84%E5%9C%B0%E5%9F%9F%E7%9A%84%E8%AF%AD%E8%A8%80&amp;recid=21102&amp;euri=537f7667aa434447950d267071f0bbbe">朝鲜语</a></div>
                        <div class="opr-recommends-merge-d">
        	            	<p class="opr-recommends-merge-width-text">朝鲜族的通用语言</p>
                    </div>
                            </div>   

 

        
    
    <div class="c-span4  opr-recommends-merge-item " data-click="{'rsv_re_ename':'汉语','rsv_re_uri':'0cdf030400384f7d8bb05ba768fa1214'}">
                                                	<div class="opr-recommends-merge-p">
            <a target="_blank" href="/s?rsv_idx=1&amp;wd=%E6%B1%89%E8%AF%AD&amp;usm=4&amp;ie=utf-8&amp;rsv_cq=%E4%B8%AD%E6%96%87&amp;rsv_dl=0_right_recommends_merge_21102&amp;cq=%E4%B8%AD%E6%96%87&amp;srcid=28310&amp;rt=%E4%B8%96%E7%95%8C%E5%90%84%E5%9C%B0%E5%9F%9F%E7%9A%84%E8%AF%AD%E8%A8%80&amp;recid=21102&amp;euri=0cdf030400384f7d8bb05ba768fa1214"><img data-b64il-id="167923412_1260132339_58" data-src="https://ss2.baidu.com/6ONYsjip0QIZ8tyhnq/it/u=167923412,1260132339&amp;fm=58" class="c-img c-img4 opr-recommends-merge-img" src="data:image/jpeg;base64,/9j/4AAQSkZJRgABAQEAAQABAAD/2wBDAAUDBAQEAwUEBAQFBQUGBwwIBwcHBw8LCwkMEQ8SEhEPERETFhwXExQaFRERGCEYGh0dHx8fExciJCIeJBweHx7/2wBDAQUFBQcGBw4ICA4eFBEUHh4eHh4eHh4eHh4eHh4eHh4eHh4eHh4eHh4eHh4eHh4eHh4eHh4eHh4eHh4eHh4eHh7/wAARCABLAEsDASIAAhEBAxEB/8QAGwAAAwEBAQEBAAAAAAAAAAAABAUGAwIBAAf/xAAxEAACAgEEAgIBAwIFBQEAAAABAgMEEQAFEiEGMRNBIhRRYQcjMjNCcZEVJFJigbH/xAAaAQADAQADAAAAAAAAAAAAAAABAgMABAYH/8QAJxEAAgIBAwIGAwEAAAAAAAAAAQIAERIDITFRYSJBcZHB8BMy0eH/2gAMAwEAAhEDEQA/AP2Sqw44ZBosJGwwVA0ACwOBoiOQjo+9ecNOxgTPd5q22bbNfmgnmjhXkyV4+bkfwMjr7JJAAySdBeNbnHvvztFtlqtHE5j5yvE2XBwyYR2IYfYP7+9G3LQrVzNJBPOoYKUii+QkE47H7D2f2GToTw6tDt+xQQVdxm3GLk8gsvJy5kuSSPoDOeh1nOPeiMfxk1vNvlE7eZbLJPSSmDcgt7g9IWI3AijCJykkZmwBxPXH2cHGqdq6/QwdR1KGpQ8ipVdr8Zir1G3e4ZZGgVxA/wASqZYmU4iEjewcs35Egd4O832fefIJqdChukW3Ua8i27RBJlndGBiiIUgrFleTEHJwFH2dVfTTJQNh1iqzUSd5SpURgGBHY969NNR3pT4luO/3EsjfKG3RqrA1rlCz8kNpTnJCElkI/Ykg/R+ta7VvrbjNcik2ncqH6Wb4s2o1Czf+0bKzBh+/og9EagUKk9o4a4Y0caDGNL5Xb5DjGjZpo2Bx2dCcQe+9MphIhaEZ7A1P+T+QWKE+5VYo4qiVdobcP18xDorfIEC/GCCR77JH/wCnTW5uW3bdUa1uFlIIgyqWc4HJmCqB/JJAGlO8Wqdjb03rbtlr7vXvUGR55bIhjMKkOsbBvWcuQ2MKV/Igdi2mniBIsSTNtsZh5Nt1OwlTzG1udqOntsX6m3Aq/IkkUQZmVVB/HJyWIJ5BVHodtfAptobZXp7RJOYKsmMTLxfDqJFPH2FKuCuQDj61tRC1/GlrW6FKJJMwxVY5jPEyO2EBZgOWQwLfXZwT71hsD0tt3Wx47R2jcoEjzYa3L+cUzN7bmXLdnIGQP8JA9azHJCvTjjiYbMDBmeRvNl2yPbpWqQobrTOGQfLIxy6uXw4BwCgU4LDsetY7xt9u1d3yq9ijWm3Kj8Vd3rtKgjGY1MucBsmVv7eceiM5I11vt3bo/OdurTWbVO8YP+3naZP07mRuPxfGWy0jBT2AMBc50d5ntcu77fVqNaiq1EuRT2XfPPijBl4N/pbkB3/wQdYGit7WPmbkGCeKbZu2x+IWaG6SVrE8SymExzlVKcPxUnivD1/pGAD160B/TaluVepM1+tRpK0FVEq1G/FGWM8mKZPAsGTokk4yT3ppuKWqnjE8O4TxEyTKhZeX9uOSVQVLMcnAYjPXWOtdbZStQeU7zelSn+ivLAyLGGEhdFZW5567XiMj6GgXtXvz+KhC0R2mWw+TeOb9bertW6JZlV5V/BG4t8bcXIbHErnoEHBwcacsiKcfIetSG2UKO3eQCKLcd0ml2unDC68QkTK7PxDcAFZsY6I6CKeiSTVgtjpzoOqK1JxCpYi2ireII7EUcjxGX9M5nCKis0hVT+ILdDIJGf56x71O7jslqb+nVKvsUMdqeKsGig3DI/sun5RDHSsBjBIPa9js6fbms8+32I4LJrsY3HMKD/pP7g47/gnrUtLW3G3t/iKbNJBNtla0o3FDF0iBD+WGIbKsR19E5PrGuRpMaG9b/wBkWG/Eods261X2DZ6nNGlqWYZZwZXPQYswJcliw5D37I+hgBzt0e0xXbNynHVFqwQbEkRBdyOsn/jGp/wrYqe27HbqHao6i2bU7SxkhvkTkVQkj3/bC4+wMD61t4vYearub/oKte3Beng+JC2WCn8ObnslhxYn1hh+2o6m+VH77yi7VPGqV91vwbpQ3arJep7t8s80WJVCqvBq/R6IjIHfoknHet/LP0Nqtudfc6tRKtivCFmlJ4yujO+JOPaxpxUliMAMffrUv4sd6qrttOabb6lpL9x7NSCFK4tRcikbEKuABkfyeK9k50x/qMUrVK+4213WxUh5p8G3UjYkMrjijkD6H0D1ywdPiRqhb9Pf7UAIxJqVVq7XXZ3s2GCwBQsjIhIU5C5UEZwG9HH0D60tqPcTymzGTuT146EcMk1l1EUsoOQ8ag4LEFg5CqMge+sEVLIk2mvNc+aDlChkFpVjkToZDqCVB/cZxnU74ztO60t8Rtx3BJYhtiQLFLP8szOJGYsWIBOB7OMEn646ggGLSh5ELis7dD5taEZ5S2YRG5/Uch8iEsV4Fvx6Ochcfz3p/wDqk/8AB/8AjSPbKjR+UXrL3opnijWMxpCq/Hy7GTxzk/Y5H/Ah+8ByGyO2GdHU5FdBAsDm+WStLHDIElYYRj2Af50gmFWbwjcBcpT2a1uSw08JxyUNIRgDGT2OhgnvTqOUZIzoK/t8R8Zn26OFroEZ+OOdy5d88l5EkE/lj2frTo4FA9RAy2CYTT3iCl45Tu25LM/yMsQCQGSRpGcqF4qoxg9egBjs4GdB+Cbpudzx+iN0js2bgeaOxZav8IyjtxJUn7HEfjkZ++s6JpI22+MpDTq3C8Vb8YUZTMWIyRljjlyJ9nGg/Bl3WOlN/wBVvWrcnyBedmdZXV16dQVVV4ggegMnPQ1jjgxA84BeQhn62C55HXmrNRs16sU0c036gF4JQQOIT+cOCT64nGg/Kb+5Vt6gsVbHCrUrO94IpZoImYZkx2HbCNhT6wTg+tTXi/iP6HcZb8exR0lTd2lirSWOWIiv+byBPJ+TMwB9ZI/nVP5XTo2dnuQWFkdZUaeWFZTGLHFcBXcYIXPHHY7A/wBixGmmoADY+9/8mGRUk7T2dYN4/p7MN/nR6lyrl3jUxtJExBQEOOnYFVIxjJ696+21I6nnc0Zt0ZJLG2x8qysolgZGPI47ZlPJQOwFC+jnOiQRF4/I+3HiHhaaP5C8oBYcvQPLHfpf/mk/j+yUtv8AK5dxgVZ55qEWbNlC1nA/HJlIy3IBeWcEcV956VWGLj1+ISDYlS0MSXprQ+T5ZVVW5OSoC5xgeh7P++u/mQdFxn+NZSSEjGseWOsagCTzKVAYmAbv99HRNyA70CgHPGPZ0bTA5EfWqMLi8TcMPrWFSutZZQjyuskzy4kflxLHJVf2XOTj6ydFhV+QdfWtQq8vX1qfaGS1bat5jsVJW3iSaOG/NNJHIf8AMhfmFXIAJK8lwD+PX8A6y8hbep7N+pWq2BWG3M0MsZR1mlyPwKMBhsAgflggkn61XuoGMDGTrnguT1pxq+LIgTYbVE+yCxBs1KKzz+ZYEEnM5YNgZBP8Hr/5olm6yM6LmRfWBoaRQB61M+Jrh/UTBpsHB178sf2+sph2dc/FGeyo0+NTA3P/2Q=="></a>
            <a class="opr-recommends-merge-mask" target="_blank" href="/s?rsv_idx=1&amp;wd=%E6%B1%89%E8%AF%AD&amp;usm=4&amp;ie=utf-8&amp;rsv_cq=%E4%B8%AD%E6%96%87&amp;rsv_dl=0_right_recommends_merge_21102&amp;cq=%E4%B8%AD%E6%96%87&amp;srcid=28310&amp;rt=%E4%B8%96%E7%95%8C%E5%90%84%E5%9C%B0%E5%9F%9F%E7%9A%84%E8%AF%AD%E8%A8%80&amp;recid=21102&amp;euri=0cdf030400384f7d8bb05ba768fa1214"></a>                    </div>
        <div class="c-gap-top-small"><a target="_blank" title="汉语" href="/s?rsv_idx=1&amp;wd=%E6%B1%89%E8%AF%AD&amp;usm=4&amp;ie=utf-8&amp;rsv_cq=%E4%B8%AD%E6%96%87&amp;rsv_dl=0_right_recommends_merge_21102&amp;cq=%E4%B8%AD%E6%96%87&amp;srcid=28310&amp;rt=%E4%B8%96%E7%95%8C%E5%90%84%E5%9C%B0%E5%9F%9F%E7%9A%84%E8%AF%AD%E8%A8%80&amp;recid=21102&amp;euri=0cdf030400384f7d8bb05ba768fa1214">汉语</a></div>
                        <div class="opr-recommends-merge-d">
        	            	<p class="opr-recommends-merge-width-text">中国新加坡的官方语言</p>
                    </div>
                            </div>   

 

        
    
    <div class="c-span4  c-span-last-s opr-recommends-merge-item " data-click="{'rsv_re_ename':'冰岛语','rsv_re_uri':'67ddba2c823346109d100198de26bfc9'}">
                                                	<div class="opr-recommends-merge-p">
            <a target="_blank" href="/s?rsv_idx=1&amp;wd=%E5%86%B0%E5%B2%9B%E8%AF%AD&amp;usm=4&amp;ie=utf-8&amp;rsv_cq=%E4%B8%AD%E6%96%87&amp;rsv_dl=0_right_recommends_merge_21102&amp;cq=%E4%B8%AD%E6%96%87&amp;srcid=28310&amp;rt=%E4%B8%96%E7%95%8C%E5%90%84%E5%9C%B0%E5%9F%9F%E7%9A%84%E8%AF%AD%E8%A8%80&amp;recid=21102&amp;euri=67ddba2c823346109d100198de26bfc9"><img data-b64il-id="3286208694_3837854323_58" data-src="https://ss0.baidu.com/6ONWsjip0QIZ8tyhnq/it/u=3286208694,3837854323&amp;fm=58" class="c-img c-img4 opr-recommends-merge-img" src="data:image/jpeg;base64,/9j/4AAQSkZJRgABAQEAAQABAAD/2wBDAAUDBAQEAwUEBAQFBQUGBwwIBwcHBw8LCwkMEQ8SEhEPERETFhwXExQaFRERGCEYGh0dHx8fExciJCIeJBweHx7/2wBDAQUFBQcGBw4ICA4eFBEUHh4eHh4eHh4eHh4eHh4eHh4eHh4eHh4eHh4eHh4eHh4eHh4eHh4eHh4eHh4eHh4eHh7/wAARCABLAEsDASIAAhEBAxEB/8QAGwAAAgMBAQEAAAAAAAAAAAAABAUBAgMABgj/xAA2EAACAQMDAwIEBgAEBwAAAAABAgMEESEAEjETIkEFURQjMmFScZGSobEGgcHRFSQzQmJy0v/EABYBAQEBAAAAAAAAAAAAAAAAAAEAAv/EABoRAQEBAQEBAQAAAAAAAAAAAAABESESMQL/2gAMAwEAAhEDEQA/APp2qHqCzVLyz07UhkX4dEiZZIzbIZr2P6DnQ25/xt+463MdJL6nXH4CqhnjUGWoFMbTqBcBTezEcWtfGiIKBJoEmDVMYcXCyRBWHOSL44/nWp8Zv0Duf8bfuOu3P+Nv3HR03p6xzRxE1BaQkAiIELYE3Yg2Axj89VSjjcx2NWBJexaC22xI7s44x760OktV6nLDP0vgq+UdWOPei3U7r917/StsnW1DVyVULSNDU05EjJslwxsbbvyPI03pfT46mATRyVCKeBJFsYZtkHI1ZfTYm27Z5e/6bx/37al0u3v+Nv3HXb3/ABv+46Yt6Yq2vJOC2AOlcjnmxwMc/cauPSEJxUOcZtHwcf76Niyle5/xt+46ben5pEJJJzyfudV/4QgFzUPyQezxn/bREEAgiEYckDyRY5zrP6umSh6OGsX1SaSaaKSkc/IiFOQ0Ztm7X7gebW/z0SFk6adTY7BB1isRAbB+n2zbSv0+Kgb1/wBR6dDURVTi1TM0ThJ1242tfaTawxY40VGlNHD6eiwzxjaDTKyMDGbH6s+xPN/OqQ0Vslv39M5O8CM9y920D7jF/wAjrtsm4FzGQCeoFiPcM7QPa2L++haFKQQ05p6aaJWZxGHiYFCSS265xe2L/bU08FNG9N0aWSNkD9ElD2Zs18+bedasGiUSSw67KzD/AKmyKwfOLXyLarHHUDZ1mjew+dthI3m422zi3n30NGtMj0kcdDURgqwiPSIEQ8h84JueedW9PWmSOmWlpZYks3SDxkdPI3BrnF9VilHMFu14xfbnt/8Abj+NV2vc2EdzfZeI2Axg5yec6FWOlqI6aTpOoWRmhDKylX+ZcnPnu599XraOkko5YqiMvAWLyL3ZbcDcZ9zfGjOpuVO4kABLnaOnkNc5v7cYtrgLAAi5tk7bXPvrN6KI1EkjwrvdOk8liAUBPbz41rGixRrHEVCKLLb20UwBQR1o9VqHqJ4JqRn+RElOVeLGQzXs3k8DnR0ysH7Ixst83chuRY2tbF7250jSpoY/WK+SnpJUrk2x1EjwOiyKRja/0ta44zjWi1e1KdFhAFOAI/mN7EZz3YPnVIrTZUnCWmVHYD5pWMi4za2ceL6iNKgD56xNz1dkbC4udu3PtzfS0V5XbtgjG0kr3Ngm9/OeTzqPjbNGRTxgxklLM2L3v5zz51rBpltqFdRJHG62PWYIQb/9u0f3fVoknCKKlUZwAJikZAJxa1+NKvjlV43FPErRXEfc3bfnzm/310VcE6ZigjtECE72NvfznjzqwaaSLP2EpGrA/NBQm692F+/0/wA66dajpt8OsPVv2dRDtC9uDbN+f40tFeVVVFPGApuvcxsc55/8jqT6izBlMEZDG7C5ycf/ACNWHTCdjEGkdI1gH0ko1w9zz9uOM86mCVJIVftJIyVUgX82Bza+ldVXPURMjRIpY3LAm/N9Gemg/Bp/n/Z0WcW9CTU/qklVUq7wTUrSA00ccLLImO4MxNm8nAHOqGhrBe9O4sLnjVKGm9LqvX/UoR6VPFUudtTPJTusdQLAja97N4GLHt9hptDTwUaJFDB0Q3cqhCdrbTfcbnxjVLxWdLDQ1gvencW541BoasXvTvjnjTb4dQ0ZETgxlihIJ2E7rk58+OedVkpqVKqBTEiyoWaC0Zsl/qODYXv5/vT6Hl56q/w5HUTmeb09mkEscxbcfrS4Q8+LnW1F6M9DC0NNRtEhdpCAb9zG5PPk6eQxLOIqnpSxPHuCLItitzY3ANs2xrSSCN6qOcIrPGCI3VTZQbX8+f8ATVpzSc0FZn/l3wLnjXfAVlwPhnyL+NN40QRKEhaFQSUTpEbTd8kA8HJzjOsauGmqInFRSvIiNd16TXY4G4WORbVowt+Bq7XNO9r28aZUMckdKiOhBF/71ZIYIqwyLAVlWIJvEZ2mMEkKM2uPbnRFybMOCLjtt/Gi0yF9IlaPU5Xllp5aQk9KNYmDo1uGa9iOfF83+2tyKkJAJOiX2j4iysA+D9HtmxzqtP6R6bFWy18dKq1NXuSeQE3cEHnP2GtvgKRUgCwgClS8GT2Egj/XzomGsgKrs6nQbvbq7VbuXu2hfuMX/I6hRVfL3tA3c3VCq3eM7Qv3GL/kdarQ0sZUpFbpEsnccE3v/WuShpYymyK3SuU7ji976dgys6dazapqOhLz1WiQgc9tv6OohSrV4RUSQvZT1wsZBdrixX2AzfREVFTRIBHHtEd9g3HG7nVYKGlp9nShC9IWTJNgTc86tiysVWrEcAklhZwT12EZs692F9jx+mtmD7H2sgbcdhKmyrdcH72v+o1YUdMiRosQCw5jFz2nu1JoqVkeFoVKSEu49zdTf9dWxdVdH3sUFkIIQFDh7tk/bj9DqyghVDZaw3G3J8n9dS9LA8sk7R3kkHSdrnKXY2/k66OKOGNIYl2pGoVRe9gBYaC//9k="></a>
            <a class="opr-recommends-merge-mask" target="_blank" href="/s?rsv_idx=1&amp;wd=%E5%86%B0%E5%B2%9B%E8%AF%AD&amp;usm=4&amp;ie=utf-8&amp;rsv_cq=%E4%B8%AD%E6%96%87&amp;rsv_dl=0_right_recommends_merge_21102&amp;cq=%E4%B8%AD%E6%96%87&amp;srcid=28310&amp;rt=%E4%B8%96%E7%95%8C%E5%90%84%E5%9C%B0%E5%9F%9F%E7%9A%84%E8%AF%AD%E8%A8%80&amp;recid=21102&amp;euri=67ddba2c823346109d100198de26bfc9"></a>                    </div>
        <div class="c-gap-top-small"><a target="_blank" title="冰岛语" href="/s?rsv_idx=1&amp;wd=%E5%86%B0%E5%B2%9B%E8%AF%AD&amp;usm=4&amp;ie=utf-8&amp;rsv_cq=%E4%B8%AD%E6%96%87&amp;rsv_dl=0_right_recommends_merge_21102&amp;cq=%E4%B8%AD%E6%96%87&amp;srcid=28310&amp;rt=%E4%B8%96%E7%95%8C%E5%90%84%E5%9C%B0%E5%9F%9F%E7%9A%84%E8%AF%AD%E8%A8%80&amp;recid=21102&amp;euri=67ddba2c823346109d100198de26bfc9">冰岛语</a></div>
                        <div class="opr-recommends-merge-d">
        	            	<p class="opr-recommends-merge-width-text">冰岛的官方语言</p>
                    </div>
                            </div>   

 

        
    
    <div class="c-span4  c-span-last opr-recommends-merge-lastspan opr-recommends-merge-item " data-click="{'rsv_re_ename':'西班牙语','rsv_re_uri':'d6ec24176c4842f88f51b4132f2eedfa'}">
                                                	<div class="opr-recommends-merge-p">
            <a target="_blank" href="/s?rsv_idx=1&amp;wd=%E8%A5%BF%E7%8F%AD%E7%89%99%E8%AF%AD&amp;usm=4&amp;ie=utf-8&amp;rsv_cq=%E4%B8%AD%E6%96%87&amp;rsv_dl=0_right_recommends_merge_21102&amp;cq=%E4%B8%AD%E6%96%87&amp;srcid=28310&amp;rt=%E4%B8%96%E7%95%8C%E5%90%84%E5%9C%B0%E5%9F%9F%E7%9A%84%E8%AF%AD%E8%A8%80&amp;recid=21102&amp;euri=d6ec24176c4842f88f51b4132f2eedfa"><img data-b64il-id="2809495989_3260066395_58" data-src="https://ss0.baidu.com/6ONWsjip0QIZ8tyhnq/it/u=2809495989,3260066395&amp;fm=58" class="c-img c-img4 opr-recommends-merge-img" src="data:image/jpeg;base64,/9j/4AAQSkZJRgABAQEAAQABAAD/2wBDAAUDBAQEAwUEBAQFBQUGBwwIBwcHBw8LCwkMEQ8SEhEPERETFhwXExQaFRERGCEYGh0dHx8fExciJCIeJBweHx7/2wBDAQUFBQcGBw4ICA4eFBEUHh4eHh4eHh4eHh4eHh4eHh4eHh4eHh4eHh4eHh4eHh4eHh4eHh4eHh4eHh4eHh4eHh7/wAARCABLAEsDASIAAhEBAxEB/8QAHAABAAICAwEAAAAAAAAAAAAAAAUGBAcBAgMI/8QAMRAAAgEEAQIEBAYBBQAAAAAAAQIDAAQFERIGIRMUMUEiMlFhBxUjQnGBFiQzUmLR/8QAGAEBAQEBAQAAAAAAAAAAAAAAAAMEAQL/xAAoEQACAgEDAQcFAAAAAAAAAAABAgADERIhMQQTQVFxocHwM2GBkdH/2gAMAwEAAhEDEQA/APsqlKUiKUpSIpSlIilK4ZgqlmIAHckmkTmldY5EkjWSN1dGGwynYI+u67Uied5M1vbPMsEk5X0jj1yb+NkCsWLJh9K1pdxSaBKyREAb125fLvv7H2NefVU0dv0/dzSl1REBJSMOfUftPY/3VX8GywWaiaS/WOa7eaOd2XiJVVA2yO4UBiTsa9dVnusZNh4Staq2xlrvczjrOaSK5nKNHwDAIzfNvXoD/wATXL5SJcj5Jbe4dgAXkVRwTYJGyTv29gaos95cveXk+PW3mkAaRUFtHO5HMnQPPf7u2h/NePTmS8eS1tJMctq0dzDPI/KNFHfsSi/KWGj6nsAe26C8GeVXJxLreZiRcnawW6xmFteOWUlhsAqBo9jo+9QF11Tkb0Rx2duEhnifkU34kPYkEN8u9DeqjsldzWnUeICZB47bi65Dhcdo3CkASjfoNfTdd8yvDJ4u7tpJx5t1/UDKVjXkFJUqDrW/robH1rMepbAzKrSbG0JzMv8AO5IJElM1rbvPN5oxy3RjPhPEmiO2m7huxHt6d6x8tfm+soLe6mu7wWxivGmhMZ5EjQUaUAj4/cd6x57u6VsvdwSMIhNJwkVuXIeImtE+g+IjVUfrXqTK4u2tLLqPJTY22uJOMst41tA1yqS8i6IQCrJxQBdt69uSnZEu65U4/Eoa6630FSx8/I902VjLu5bIQ2aQ5GOIMOz8dbVWHE6VRxIIIH/X7VeV+UfxWg+j+ssvnsl41h1Ha5GW2dZrtLTy8hFuIyUZmXfFmKlXABIJ/bob34hJQEgAkd6r0qMpJY+mPnMleRkALpkB1dFlZ4JIrbyLWLxcZluF5bOz/RHpUDJDfvmLGW6lxzy2MjOI459PvjxYa9yVGu9RWWxf4lRxpGc3EVmdkeZ5kEUR+MqxXw/k3x7bJ+VRrZrixj6v2PM9QCeIGVJUdBIn+2AB2i0/xk99/Q965bXh9ZbAmpNkwME+s98Tl7me3tciclfIkpi/QLxszA72CCgOvv7g1HYTH3RjbjZzIIyIxytH4OeTMWjbgAAT+1dj7mpO3huLqK9s4gpZL2NU4geHGAhGgO3EdwQNCqtFhmeZjF1Dk5LeC7lhkUc28URlA5LB9gNzUa7/AC1lFJvLAnAE5QERVsGxHMsmVsr5bm8yMmdmjs4pTxX8vgdzyC6ViTvZ9Rseh3WRHPjLm4xTz3NzNcWAVQfLhAzgsxPHR7/CfQ+333VDuMXc2OPN83Uc6ytd2/KVgzhgs8KvLIfE+hDMCP2L3ABr3x3XXUS4+5upJ8baFRG7Gfm0hXUJE0au+v1Fd+IZkUkKoYndabqnsGEI+feXqA05Tc8Z49pL3OTIYtDmctawlxzhbHu6FwoVRvej6b0N9/v3qsfiVLD07k8DmhddKvcNip4pFy+PuZpJYmlEvirFBG/hhSdFzoEkj2GrRjepMhnbq/ivJ5UmhRmso7YSxNBKJplEEo5jbtHAjjfEjn9CDVd6+t87c4exvocf1tYXmTxEtjeeWxkFz/pncnwZxPOCsoZnIZW+VqtVXtgyfTVvXdlzsZN9L33UdtlMvi3sujvzSx8LnBg7K4S406tpiZFQGM7GnUkA8hsGtyWJl8lB4wIk8JeYJ7g6G/WtAdO2+Rvo8hl+oLfqqW88GC0WW/xdtZQ+X8VnMcCQPJykL6ZidnQ7VuPBYJHwtm8l3kYXaFS0cN1NGikj0CseS/wdf1XkEraVUdwmbrPqYlhniiniaKaNJI27MrqCD/RqI/IhFHMLW4MRkkZwqrxRdkdgB9B239hUzum6uyK3MzBiOJBf4tjnxPkJ1WXcxmaUxLyL7JB0QQCAdfwKyHwaF5mW+vIhKzsyxuoUlvfWj3/8FSu6bruhfCAxHEotxiczDkoJ5UuZk4tGHjnAaPkEQaIHYkjZ0NV3Wx288as0F88MnOVsnPIikgqT8oUsO51oa9au+66sqM6uVBZd8T9Kn2WnOkz2rgcia/yMBmuTZyQNf3MZWSzR5yIpSsHDizkEhWcAE699+1a3zfTnU+e6jtMpl/wv6TylvZWctqmOuOo/GRHZxJzUGLs/sex2CPTXf6JKoX58By1rlrvr6VjQ2NvB4xgUxmaUyvo72xAB9fQaA7CuCoruMEzRX1ZrGAPU+xE0r+EuEvMZ1Nmcl/hcPR1tc4+GFLOwlZ7eaRJSzSP8CBXAYKNDuN9z7b1qAtul8fa26C23FdqgRroAM7+m9htjvrvU9uuohDlj4AfrP9kbrjacnmKUpVpGKUpSIpSlIilKUiKUpSJ//9k="></a>
            <a class="opr-recommends-merge-mask" target="_blank" href="/s?rsv_idx=1&amp;wd=%E8%A5%BF%E7%8F%AD%E7%89%99%E8%AF%AD&amp;usm=4&amp;ie=utf-8&amp;rsv_cq=%E4%B8%AD%E6%96%87&amp;rsv_dl=0_right_recommends_merge_21102&amp;cq=%E4%B8%AD%E6%96%87&amp;srcid=28310&amp;rt=%E4%B8%96%E7%95%8C%E5%90%84%E5%9C%B0%E5%9F%9F%E7%9A%84%E8%AF%AD%E8%A8%80&amp;recid=21102&amp;euri=d6ec24176c4842f88f51b4132f2eedfa"></a>                    </div>
        <div class="c-gap-top-small"><a target="_blank" title="西班牙语" href="/s?rsv_idx=1&amp;wd=%E8%A5%BF%E7%8F%AD%E7%89%99%E8%AF%AD&amp;usm=4&amp;ie=utf-8&amp;rsv_cq=%E4%B8%AD%E6%96%87&amp;rsv_dl=0_right_recommends_merge_21102&amp;cq=%E4%B8%AD%E6%96%87&amp;srcid=28310&amp;rt=%E4%B8%96%E7%95%8C%E5%90%84%E5%9C%B0%E5%9F%9F%E7%9A%84%E8%AF%AD%E8%A8%80&amp;recid=21102&amp;euri=d6ec24176c4842f88f51b4132f2eedfa">西班牙语</a></div>
                        <div class="opr-recommends-merge-d">
        	            	<p class="opr-recommends-merge-width-text">与上帝对话的语言</p>
                    </div>
                            </div>   

    </div>
 

<textarea class="opr-recommends-merge-hide opr-recommends-merge-more-textarea">    &lt;div class="opr-recommends-merge-morelists"&gt;
        
&lt;div class="c-row c-gap-top"&gt;
    
    &lt;div class="c-span4  opr-recommends-merge-item " data-click="{'rsv_re_ename':'拉丁语','rsv_re_uri':'87454b5bd5d54615bbb4de3b60d98ddf'}"&gt;
                                                	&lt;div class="opr-recommends-merge-p"&gt;
            &lt;a target="_blank" href="/s?rsv_idx=1&amp;wd=%E6%8B%89%E4%B8%81%E8%AF%AD&amp;usm=4&amp;ie=utf-8&amp;rsv_cq=%E4%B8%AD%E6%96%87&amp;rsv_dl=0_right_recommends_merge_21102&amp;cq=%E4%B8%AD%E6%96%87&amp;srcid=28310&amp;rt=%E4%B8%96%E7%95%8C%E5%90%84%E5%9C%B0%E5%9F%9F%E7%9A%84%E8%AF%AD%E8%A8%80&amp;recid=21102&amp;euri=87454b5bd5d54615bbb4de3b60d98ddf"&gt;&lt;img  data-img="https://ss0.baidu.com/6ONWsjip0QIZ8tyhnq/it/u=476362143,1588709063&amp;fm=58" class="c-img c-img4 opr-recommends-merge-img"/&gt;&lt;/a&gt;
            &lt;a class="opr-recommends-merge-mask" target="_blank" href="/s?rsv_idx=1&amp;wd=%E6%8B%89%E4%B8%81%E8%AF%AD&amp;usm=4&amp;ie=utf-8&amp;rsv_cq=%E4%B8%AD%E6%96%87&amp;rsv_dl=0_right_recommends_merge_21102&amp;cq=%E4%B8%AD%E6%96%87&amp;srcid=28310&amp;rt=%E4%B8%96%E7%95%8C%E5%90%84%E5%9C%B0%E5%9F%9F%E7%9A%84%E8%AF%AD%E8%A8%80&amp;recid=21102&amp;euri=87454b5bd5d54615bbb4de3b60d98ddf"&gt;&lt;/a&gt;                    &lt;/div&gt;
        &lt;div class="c-gap-top-small"&gt;&lt;a target="_blank" title="拉丁语" href="/s?rsv_idx=1&amp;wd=%E6%8B%89%E4%B8%81%E8%AF%AD&amp;usm=4&amp;ie=utf-8&amp;rsv_cq=%E4%B8%AD%E6%96%87&amp;rsv_dl=0_right_recommends_merge_21102&amp;cq=%E4%B8%AD%E6%96%87&amp;srcid=28310&amp;rt=%E4%B8%96%E7%95%8C%E5%90%84%E5%9C%B0%E5%9F%9F%E7%9A%84%E8%AF%AD%E8%A8%80&amp;recid=21102&amp;euri=87454b5bd5d54615bbb4de3b60d98ddf"&gt;拉丁语&lt;/a&gt;&lt;/div&gt;
                                    &lt;/div&gt;   

 

        
    
    &lt;div class="c-span4  opr-recommends-merge-item " data-click="{'rsv_re_ename':'俄语','rsv_re_uri':'99abd899e36949d492e3a2de8b9dcc01'}"&gt;
                                                	&lt;div class="opr-recommends-merge-p"&gt;
            &lt;a target="_blank" href="/s?rsv_idx=1&amp;wd=%E4%BF%84%E8%AF%AD&amp;usm=4&amp;ie=utf-8&amp;rsv_cq=%E4%B8%AD%E6%96%87&amp;rsv_dl=0_right_recommends_merge_21102&amp;cq=%E4%B8%AD%E6%96%87&amp;srcid=28310&amp;rt=%E4%B8%96%E7%95%8C%E5%90%84%E5%9C%B0%E5%9F%9F%E7%9A%84%E8%AF%AD%E8%A8%80&amp;recid=21102&amp;euri=99abd899e36949d492e3a2de8b9dcc01"&gt;&lt;img  data-img="https://ss0.baidu.com/6ONWsjip0QIZ8tyhnq/it/u=1734721563,3572574567&amp;fm=58" class="c-img c-img4 opr-recommends-merge-img"/&gt;&lt;/a&gt;
            &lt;a class="opr-recommends-merge-mask" target="_blank" href="/s?rsv_idx=1&amp;wd=%E4%BF%84%E8%AF%AD&amp;usm=4&amp;ie=utf-8&amp;rsv_cq=%E4%B8%AD%E6%96%87&amp;rsv_dl=0_right_recommends_merge_21102&amp;cq=%E4%B8%AD%E6%96%87&amp;srcid=28310&amp;rt=%E4%B8%96%E7%95%8C%E5%90%84%E5%9C%B0%E5%9F%9F%E7%9A%84%E8%AF%AD%E8%A8%80&amp;recid=21102&amp;euri=99abd899e36949d492e3a2de8b9dcc01"&gt;&lt;/a&gt;                    &lt;/div&gt;
        &lt;div class="c-gap-top-small"&gt;&lt;a target="_blank" title="俄语" href="/s?rsv_idx=1&amp;wd=%E4%BF%84%E8%AF%AD&amp;usm=4&amp;ie=utf-8&amp;rsv_cq=%E4%B8%AD%E6%96%87&amp;rsv_dl=0_right_recommends_merge_21102&amp;cq=%E4%B8%AD%E6%96%87&amp;srcid=28310&amp;rt=%E4%B8%96%E7%95%8C%E5%90%84%E5%9C%B0%E5%9F%9F%E7%9A%84%E8%AF%AD%E8%A8%80&amp;recid=21102&amp;euri=99abd899e36949d492e3a2de8b9dcc01"&gt;俄语&lt;/a&gt;&lt;/div&gt;
                                    &lt;/div&gt;   

 

        
    
    &lt;div class="c-span4  c-span-last-s opr-recommends-merge-item " data-click="{'rsv_re_ename':'日语','rsv_re_uri':'4dbc9e0cb8ba47c281677d66df555f4c'}"&gt;
                                                	&lt;div class="opr-recommends-merge-p"&gt;
            &lt;a target="_blank" href="/s?rsv_idx=1&amp;wd=%E6%97%A5%E8%AF%AD&amp;usm=4&amp;ie=utf-8&amp;rsv_cq=%E4%B8%AD%E6%96%87&amp;rsv_dl=0_right_recommends_merge_21102&amp;cq=%E4%B8%AD%E6%96%87&amp;srcid=28310&amp;rt=%E4%B8%96%E7%95%8C%E5%90%84%E5%9C%B0%E5%9F%9F%E7%9A%84%E8%AF%AD%E8%A8%80&amp;recid=21102&amp;euri=4dbc9e0cb8ba47c281677d66df555f4c"&gt;&lt;img  data-img="https://ss0.baidu.com/6ONWsjip0QIZ8tyhnq/it/u=1393737570,3480405432&amp;fm=58" class="c-img c-img4 opr-recommends-merge-img"/&gt;&lt;/a&gt;
            &lt;a class="opr-recommends-merge-mask" target="_blank" href="/s?rsv_idx=1&amp;wd=%E6%97%A5%E8%AF%AD&amp;usm=4&amp;ie=utf-8&amp;rsv_cq=%E4%B8%AD%E6%96%87&amp;rsv_dl=0_right_recommends_merge_21102&amp;cq=%E4%B8%AD%E6%96%87&amp;srcid=28310&amp;rt=%E4%B8%96%E7%95%8C%E5%90%84%E5%9C%B0%E5%9F%9F%E7%9A%84%E8%AF%AD%E8%A8%80&amp;recid=21102&amp;euri=4dbc9e0cb8ba47c281677d66df555f4c"&gt;&lt;/a&gt;                    &lt;/div&gt;
        &lt;div class="c-gap-top-small"&gt;&lt;a target="_blank" title="日语" href="/s?rsv_idx=1&amp;wd=%E6%97%A5%E8%AF%AD&amp;usm=4&amp;ie=utf-8&amp;rsv_cq=%E4%B8%AD%E6%96%87&amp;rsv_dl=0_right_recommends_merge_21102&amp;cq=%E4%B8%AD%E6%96%87&amp;srcid=28310&amp;rt=%E4%B8%96%E7%95%8C%E5%90%84%E5%9C%B0%E5%9F%9F%E7%9A%84%E8%AF%AD%E8%A8%80&amp;recid=21102&amp;euri=4dbc9e0cb8ba47c281677d66df555f4c"&gt;日语&lt;/a&gt;&lt;/div&gt;
                                    &lt;/div&gt;   

 

        
    
    &lt;div class="c-span4  c-span-last opr-recommends-merge-lastspan opr-recommends-merge-item " data-click="{'rsv_re_ename':'阿拉伯语','rsv_re_uri':'19544433cf14425e9986c6d42fb65679'}"&gt;
                                                	&lt;div class="opr-recommends-merge-p"&gt;
            &lt;a target="_blank" href="/s?rsv_idx=1&amp;wd=%E9%98%BF%E6%8B%89%E4%BC%AF%E8%AF%AD&amp;usm=4&amp;ie=utf-8&amp;rsv_cq=%E4%B8%AD%E6%96%87&amp;rsv_dl=0_right_recommends_merge_21102&amp;cq=%E4%B8%AD%E6%96%87&amp;srcid=28310&amp;rt=%E4%B8%96%E7%95%8C%E5%90%84%E5%9C%B0%E5%9F%9F%E7%9A%84%E8%AF%AD%E8%A8%80&amp;recid=21102&amp;euri=19544433cf14425e9986c6d42fb65679"&gt;&lt;img  data-img="https://ss0.baidu.com/6ONWsjip0QIZ8tyhnq/it/u=2938799304,806777580&amp;fm=58" class="c-img c-img4 opr-recommends-merge-img"/&gt;&lt;/a&gt;
            &lt;a class="opr-recommends-merge-mask" target="_blank" href="/s?rsv_idx=1&amp;wd=%E9%98%BF%E6%8B%89%E4%BC%AF%E8%AF%AD&amp;usm=4&amp;ie=utf-8&amp;rsv_cq=%E4%B8%AD%E6%96%87&amp;rsv_dl=0_right_recommends_merge_21102&amp;cq=%E4%B8%AD%E6%96%87&amp;srcid=28310&amp;rt=%E4%B8%96%E7%95%8C%E5%90%84%E5%9C%B0%E5%9F%9F%E7%9A%84%E8%AF%AD%E8%A8%80&amp;recid=21102&amp;euri=19544433cf14425e9986c6d42fb65679"&gt;&lt;/a&gt;                    &lt;/div&gt;
        &lt;div class="c-gap-top-small"&gt;&lt;a target="_blank" title="阿拉伯语" href="/s?rsv_idx=1&amp;wd=%E9%98%BF%E6%8B%89%E4%BC%AF%E8%AF%AD&amp;usm=4&amp;ie=utf-8&amp;rsv_cq=%E4%B8%AD%E6%96%87&amp;rsv_dl=0_right_recommends_merge_21102&amp;cq=%E4%B8%AD%E6%96%87&amp;srcid=28310&amp;rt=%E4%B8%96%E7%95%8C%E5%90%84%E5%9C%B0%E5%9F%9F%E7%9A%84%E8%AF%AD%E8%A8%80&amp;recid=21102&amp;euri=19544433cf14425e9986c6d42fb65679"&gt;阿拉伯语&lt;/a&gt;&lt;/div&gt;
                                    &lt;/div&gt;   

    &lt;/div&gt;
 

        
&lt;div class="c-row c-gap-top"&gt;
    
    &lt;div class="c-span4  opr-recommends-merge-item " data-click="{'rsv_re_ename':'波斯语','rsv_re_uri':'8ce0c87a8a8245c0a016c98e1bfeafe1'}"&gt;
                                                	&lt;div class="opr-recommends-merge-p"&gt;
            &lt;a target="_blank" href="/s?rsv_idx=1&amp;wd=%E6%B3%A2%E6%96%AF%E8%AF%AD&amp;usm=4&amp;ie=utf-8&amp;rsv_cq=%E4%B8%AD%E6%96%87&amp;rsv_dl=0_right_recommends_merge_21102&amp;cq=%E4%B8%AD%E6%96%87&amp;srcid=28310&amp;rt=%E4%B8%96%E7%95%8C%E5%90%84%E5%9C%B0%E5%9F%9F%E7%9A%84%E8%AF%AD%E8%A8%80&amp;recid=21102&amp;euri=8ce0c87a8a8245c0a016c98e1bfeafe1"&gt;&lt;img  data-img="https://ss0.baidu.com/6ONWsjip0QIZ8tyhnq/it/u=1765802097,2421744874&amp;fm=58" class="c-img c-img4 opr-recommends-merge-img"/&gt;&lt;/a&gt;
            &lt;a class="opr-recommends-merge-mask" target="_blank" href="/s?rsv_idx=1&amp;wd=%E6%B3%A2%E6%96%AF%E8%AF%AD&amp;usm=4&amp;ie=utf-8&amp;rsv_cq=%E4%B8%AD%E6%96%87&amp;rsv_dl=0_right_recommends_merge_21102&amp;cq=%E4%B8%AD%E6%96%87&amp;srcid=28310&amp;rt=%E4%B8%96%E7%95%8C%E5%90%84%E5%9C%B0%E5%9F%9F%E7%9A%84%E8%AF%AD%E8%A8%80&amp;recid=21102&amp;euri=8ce0c87a8a8245c0a016c98e1bfeafe1"&gt;&lt;/a&gt;                    &lt;/div&gt;
        &lt;div class="c-gap-top-small"&gt;&lt;a target="_blank" title="波斯语" href="/s?rsv_idx=1&amp;wd=%E6%B3%A2%E6%96%AF%E8%AF%AD&amp;usm=4&amp;ie=utf-8&amp;rsv_cq=%E4%B8%AD%E6%96%87&amp;rsv_dl=0_right_recommends_merge_21102&amp;cq=%E4%B8%AD%E6%96%87&amp;srcid=28310&amp;rt=%E4%B8%96%E7%95%8C%E5%90%84%E5%9C%B0%E5%9F%9F%E7%9A%84%E8%AF%AD%E8%A8%80&amp;recid=21102&amp;euri=8ce0c87a8a8245c0a016c98e1bfeafe1"&gt;波斯语&lt;/a&gt;&lt;/div&gt;
                                    &lt;/div&gt;   

    &lt;/div&gt;
 
&lt;/div&gt;
</textarea>

</div>
</div>
<script>
    A.setup({platform:"pc",showType:""});
</script>


</div>
</div>
														
			    	
    
</div>

            <!--[bd_nocache_start]-->
            


            <!--[bd_nocache_end]-->
            
	
	

            <!--[bd_nocache_start]-->
            
<div>
</div>


            <!--[bd_nocache_end]-->
        </td></tr></tbody></table>
    </div>
		

	
	


				






<div class="head_nums_cont_outer OP_LOG"><div class="head_nums_cont_inner" style="top:-40px"><div class="search_tool_conter"><span class="c-gap-left-samll search_tool_close"><i class="c-icon searchTool-up c-icon-chevron-top-gray-s"></i>收起工具</span><span class="search_tool_tf ">时间不限<i class="c-icon c-icon-triangle-down"></i></span><span class="search_tool_ft c-gap-left">所有网页和文件<i class="c-icon c-icon-triangle-down"></i></span><span class="search_tool_si c-gap-left">站点内检索<i class="c-icon c-icon-triangle-down"></i></span></div><div class="nums"><div class="search_tool"><i class="c-icon searchTool-spanner c-icon-setting"></i>搜索工具</div>百度为您找到相关结果约100,000,000个</div></div></div>
<script type="text/javascript">
	bds.comm.search_tool = {};
	bds.comm.search_tool.sl_lang = "";
	bds.comm.search_tool.st = "";
	bds.comm.search_tool.et = "";
	bds.comm.search_tool.stftype = "";
	bds.comm.search_tool.ft = "";
	bds.comm.search_tool.si = "";
	bds.comm.search_tool.exact = "";
	bds.comm.search_tool.oneDay = "1498359272";
	bds.comm.search_tool.oneWeek = "1497840872";
	bds.comm.search_tool.oneMonth = "1495767272";
	bds.comm.search_tool.oneYear = "1466909672";
	bds.comm.search_tool.thisDay = "1498320000";
	bds.comm.search_tool.thisWeek = "1497801600";
	bds.comm.search_tool.thisMonth = "1495728000";
	bds.comm.search_tool.thisYear = "1466870400";
	bds.comm.search_tool.actualResultLang = "cn";
</script>










<div id="content_left">
	

	
		
			
	
	

	
	
				<!--[bd_nocache_start]-->
				<!--[bd_nocache_end]-->
			
	

	
	
											
						<!--[bd_nocache_start]-->
	            			<!--[bd_nocache_end]-->
						

			
		
		

								

		
					        
		                             

    











































 
 
 
 


         
        						        	    
                                                                                

    	          



    
    


<div class="result-op c-container xpath-log" srcid="91" fk="中文" id="1" tpl="bk_polysemy" mu="http://baike.baidu.com/item/%E4%B8%AD%E6%96%87/887536?fr=aladdin" data-op="{'y':'DAFD7EEF'}" data-click="{&quot;p1&quot;:&quot;1&quot;,&quot;rsv_bdr&quot;:&quot;0&quot;,&quot;fm&quot;:&quot;albk&quot;,&quot;rsv_stl&quot;:&quot;0&quot;,&quot;p5&quot;:1}">
            
        <h3 class="t c-gap-bottom-small">
        <a href="http://www.baidu.com/link?url=Mbd3kPV-Nk-DS1fq2nx7BZlSYLHLBo0-5Udjkw3so1iURRLqzy0SYm516rVokK4LRb46Yy9WpBALtKZ6IFtTBWPeKLboFOhWJqrMuZhep7a" target="_blank"><em>中文</em>_百度百科</a>
        </h3>
        
        
    <div class="c-row">
                        <div class="c-span6">
            <a href="http://www.baidu.com/link?url=Mbd3kPV-Nk-DS1fq2nx7BZlSYLHLBo0-5Udjkw3so1iURRLqzy0SYm516rVokK4LRb46Yy9WpBALtKZ6IFtTBWPeKLboFOhWJqrMuZhep7a" target="_blank" class="op-bk-polysemy-album op-se-listen-recommend" style="_height:121px">
                <img class="c-img c-img6" src="https://ss2.baidu.com/6ONYsjip0QIZ8tyhnq/it/u=1092662633,1214830985&amp;fm=58">
                            </a>
        </div>
        <div class="c-span18 c-span-last">
                                                                            
                            <p>
                    <em>中文</em>（Chinese），广义上是汉字的别称，狭义上就仅仅指代中国大陆的简体汉字。广义上的<em>中文</em>（汉字）的使用人数在17亿以上，范围包括中国全境（大陆、港澳、台湾）和新加坡、马来西亚、日本、朝鲜、韩国、印度尼西亚、泰国、越南、柬埔寨、...   
                </p>
                            
                               
                <p>
                                                                                                                            <a class="c-gap-right-small op-se-listen-recommend" href="http://www.baidu.com/link?url=RAJTAAO2MH3tlVInfUNmafz-1dD4SHs5P1Vg7S1tTOL0YVYGPautX2LOG8wRCDB2UdeP27ls6GkFJ0dqRhgaRFfClmhvI6ROSW4v090GvGC" target="_blank" title="语系介绍">语系介绍</a>
                                                                                                        <a class="c-gap-right-small op-se-listen-recommend" href="http://www.baidu.com/link?url=RAJTAAO2MH3tlVInfUNmafz-1dD4SHs5P1Vg7S1tTOL0YVYGPautX2LOG8wRCDB2UdeP27ls6GkFJ0dqRhgaRCs5h0PfI8wXyWA7eksJ3ZC" target="_blank" title="解字说文">解字说文</a>
                                                                                                        <a class="c-gap-right-small op-se-listen-recommend" href="http://www.baidu.com/link?url=RAJTAAO2MH3tlVInfUNmafz-1dD4SHs5P1Vg7S1tTOL0YVYGPautX2LOG8wRCDB2UdeP27ls6GkFJ0dqRhgaRHJFOlOOHEQ5fBLGdG-jwje" target="_blank" title="使用地区">使用地区</a>
                                                                                                        <a class="c-gap-right-small op-se-listen-recommend" href="http://www.baidu.com/link?url=RAJTAAO2MH3tlVInfUNmafz-1dD4SHs5P1Vg7S1tTOL0YVYGPautX2LOG8wRCDB2UdeP27ls6GkFJ0dqRhgaR_vi2wl8V3ZBMf4t3fb_99m" target="_blank" title="语系沿革">语系沿革</a>
                                                                                                        <a class="c-gap-right-small op-se-listen-recommend" href="http://www.baidu.com/link?url=RAJTAAO2MH3tlVInfUNmafz-1dD4SHs5P1Vg7S1tTOL0YVYGPautX2LOG8wRCDB2UdeP27ls6GkFJ0dqRhgaR13t_WRwh89cE4itWDyYOQy" target="_blank" title="汉语历史">汉语历史</a>
                                                                                                        <a href="http://www.baidu.com/link?url=Mbd3kPV-Nk-DS1fq2nx7BZlSYLHLBo0-5Udjkw3so1iURRLqzy0SYm516rVokK4LRb46Yy9WpBALtKZ6IFtTBWPeKLboFOhWJqrMuZhep7a" target="_blank" class="op-se-listen-recommend">更多&gt;&gt;</a>
                                        </p>
                        
                                                <p class=" op-bk-polysemy-move"><span class="c-showurl">baike.baidu.com/ </span><span class="c-tools" id="tools_11016313943319797384_1" data-tools="{title:'中文_百度百科',url:'http://baike.baidu.com/item/%E4%B8%AD%E6%96%87/887536?fr=aladdin'}"><a class="c-tip-icon"><i class="c-icon c-icon-triangle-down-g"></i></a></span> - <a target="_blank" href="http://open.baidu.com/" class="op_LAMP"></a></p> 
        </div>
            
    </div>
       
       
                
        

    
            
        
    <div class="c-gap-top c-recommend" style="display:none;">
        <i class="c-icon c-icon-bear-circle c-gap-right-small"></i>
        <span class="c-gray">为您推荐：</span>
                
                                                <a target="_blank" href="/s?rsv_idx=1&amp;wd=%E8%8B%B1%E8%AF%AD&amp;usm=4&amp;ie=utf-8&amp;rsv_cq=%E4%B8%AD%E6%96%87&amp;rsv_dl=0_left_bk_polysemy_91_24660" title="英语">英语</a>                                        <a class="c-gap-left-large" target="_blank" href="/s?rsv_idx=1&amp;wd=%E9%9F%A9%E8%AF%AD&amp;usm=4&amp;ie=utf-8&amp;rsv_cq=%E4%B8%AD%E6%96%87&amp;rsv_dl=0_left_bk_polysemy_91_24660" title="韩语">韩语</a>                                        <a class="c-gap-left-large" target="_blank" href="/s?rsv_idx=1&amp;wd=%E8%8B%B1%E6%96%87&amp;usm=4&amp;ie=utf-8&amp;rsv_cq=%E4%B8%AD%E6%96%87&amp;rsv_dl=0_left_bk_polysemy_91_24660" title="英文">英文</a>                                        <a class="c-gap-left-large" target="_blank" href="/s?rsv_idx=1&amp;wd=%E6%97%A5%E8%AF%AD&amp;usm=4&amp;ie=utf-8&amp;rsv_cq=%E4%B8%AD%E6%96%87&amp;rsv_dl=0_left_bk_polysemy_91_24660" title="日语">日语</a>                                        <a class="c-gap-left-large" target="_blank" href="/s?rsv_idx=1&amp;wd=%E6%B1%89%E5%AD%97&amp;usm=4&amp;ie=utf-8&amp;rsv_cq=%E4%B8%AD%E6%96%87&amp;rsv_dl=0_left_bk_polysemy_91_24660" title="汉字">汉字</a>                                        <a class="c-gap-left-large" target="_blank" href="/s?rsv_idx=1&amp;wd=%E6%B3%95%E8%AF%AD&amp;usm=4&amp;ie=utf-8&amp;rsv_cq=%E4%B8%AD%E6%96%87&amp;rsv_dl=0_left_bk_polysemy_91_24660" title="法语">法语</a>                                        <a class="c-gap-left-large" target="_blank" href="/s?rsv_idx=1&amp;wd=%E9%9F%A9%E6%96%87&amp;usm=4&amp;ie=utf-8&amp;rsv_cq=%E4%B8%AD%E6%96%87&amp;rsv_dl=0_left_bk_polysemy_91_24660" title="韩文">韩文</a>                                        <a class="c-gap-left-large" target="_blank" href="/s?rsv_idx=1&amp;wd=%E5%BE%B7%E8%AF%AD&amp;usm=4&amp;ie=utf-8&amp;rsv_cq=%E4%B8%AD%E6%96%87&amp;rsv_dl=0_left_bk_polysemy_91_24660" title="德语">德语</a>    </div>

</div>

    
	    	

								
		
						
			
		

								

		
				
														
																																									<div class="result c-container " id="2" srcid="1599" tpl="se_com_default" data-click="{&quot;rsv_bdr&quot;:&quot;0&quot;,&quot;p5&quot;:2}"><h3 class="t"><a data-click="{
			'F':'778317EA',
			'F1':'9D73F1C4',
			'F2':'4CA6DD6B',
			'F3':'54E5243F',
			'T':'1498445672',
						'y':'FEFA1FA9'
			 
									}" href="http://www.baidu.com/link?url=RECGjfGc8gRsj0UCTJoYing55U5ZUaC-evWwlEIZB6_" target="_blank">cnBeta.COM_<em>中文</em>业界资讯站</a></h3><div class="c-row c-gap-top-small"><div class="general_image_pic c-span6"><a class="c-img6" style="height:75px" href="http://www.baidu.com/link?url=RECGjfGc8gRsj0UCTJoYing55U5ZUaC-evWwlEIZB6_" target="_blank"><img class="c-img c-img6" src="https://ss1.baidu.com/6ONXsjip0QIZ8tyhnq/it/u=3278255869,1985475196&amp;fm=58&amp;s=37B0CC22269AFE2069B589C6030070B3&amp;bpow=121&amp;bpoh=75" style="height:75px;"></a></div><div class="c-span18 c-span-last"><div class="c-abstract">cnBeta.COM是互联网IT新闻业界的后起之秀,是国内领先的即时科技资讯站点和网友交流平台。消息速度快,报导立场公正中立,网友讨论气氛浓厚,在IT业界拥有独特的影响力。</div><div class="f13"><a target="_blank" href="http://www.baidu.com/link?url=RECGjfGc8gRsj0UCTJoYing55U5ZUaC-evWwlEIZB6_" class="c-showurl" style="text-decoration:none;">www.cnbeta.com/&nbsp;</a><div class="c-tools" id="tools_11997263177163477943_2" data-tools="{&quot;title&quot;:&quot;cnBeta.COM_中文业界资讯站&quot;,&quot;url&quot;:&quot;http://www.baidu.com/link?url=RECGjfGc8gRsj0UCTJoYing55U5ZUaC-evWwlEIZB6_&quot;}"><a class="c-tip-icon"><i class="c-icon c-icon-triangle-down-g"></i></a></div><span class="c-icons-outer"><span class="c-icons-inner"></span></span>&nbsp;-&nbsp;<a data-click="{'rsv_snapshot':'1'}" href="http://cache.baiducontent.com/c?m=9f65cb4a8c8507ed4fece763105392230e54f732608787532cc3933fc239045c5323befb712d0772d7d20a6516de3e4b9bf6&amp;p=8972c70289904ead19bd9b7d0f1181&amp;newp=8072c64ad4801eff57ee9679504788231610db2151d6d0136b82c825d7331b001c3bbfb423241104d9c27b620aa54b57e8f73273300927a3dda5c91d9fb4c57479cb78&amp;user=baidu&amp;fm=sc&amp;query=%D6%D0%CE%C4&amp;qid=b6763077001857dd&amp;p1=2" target="_blank" class="m">百度快照</a><span class="c-pingjia">&nbsp;-&nbsp;<a href="https://www.baidu.com/tools?url=http%3A%2F%2Fwww.baidu.com%2Flink%3Furl%3DRECGjfGc8gRsj0UCTJoYing55U5ZUaC-evWwlEIZB6_&amp;jump=https%3A%2F%2Fkoubei.baidu.com%2Fp%2Fsentry%3Ftitle%3D%01cnBeta%01.%01COM%01_%02%E4%B8%AD%E6%96%87%03%E4%B8%9A%E7%95%8C%01%E8%B5%84%E8%AE%AF%01%E7%AB%99%01%26q%3D%E4%B8%AD%E6%96%87%26from%3Dps_pc4&amp;key=surl" target="_blank" class="m" data-click="{'rsv_comments':'1'}" data-from="ps_pc4">74条评价</a></span></div></div></div><div class="c-gap-top c-recommend" style="display:none;" data-extquery="瘾科技&nbsp;it之家&nbsp;zealer&nbsp;爱范儿&nbsp;雪中悍刀行&nbsp;雷锋网&nbsp;"><i class="c-icon c-icon-bear-circle c-gap-right-small"></i><span class="c-gray">为您推荐：</span><a href="/s?rsv_idx=1&amp;wd=%E7%98%BE%E7%A7%91%E6%8A%80&amp;usm=4&amp;ie=utf-8&amp;rsv_crq=7&amp;bs=%E4%B8%AD%E6%96%87" target="_blank" class="res-gap-right16">瘾科技</a><a href="/s?rsv_idx=1&amp;wd=it%E4%B9%8B%E5%AE%B6&amp;usm=4&amp;ie=utf-8&amp;rsv_crq=7&amp;bs=%E4%B8%AD%E6%96%87" target="_blank" class="res-gap-right16">it之家</a><a href="/s?rsv_idx=1&amp;wd=zealer&amp;usm=4&amp;ie=utf-8&amp;rsv_crq=7&amp;bs=%E4%B8%AD%E6%96%87" target="_blank" class="res-gap-right16">zealer</a><a href="/s?rsv_idx=1&amp;wd=%E7%88%B1%E8%8C%83%E5%84%BF&amp;usm=4&amp;ie=utf-8&amp;rsv_crq=7&amp;bs=%E4%B8%AD%E6%96%87" target="_blank" class="res-gap-right16">爱范儿</a><a href="/s?rsv_idx=1&amp;wd=%E9%9B%AA%E4%B8%AD%E6%82%8D%E5%88%80%E8%A1%8C&amp;usm=4&amp;ie=utf-8&amp;rsv_crq=7&amp;bs=%E4%B8%AD%E6%96%87" target="_blank" class="res-gap-right16">雪中悍刀行</a><a href="/s?rsv_idx=1&amp;wd=%E9%9B%B7%E9%94%8B%E7%BD%91&amp;usm=4&amp;ie=utf-8&amp;rsv_crq=7&amp;bs=%E4%B8%AD%E6%96%87" target="_blank">雷锋网</a></div></div>
											
		
						
			
		

								

		
					        
		                             

    












































	


    
    


<div class="result-op c-container xpath-log" srcid="10" fk="中文" id="3" tpl="tieba_general" mu="http://tieba.baidu.com/f?kw=%BA%BA%D3%EF&amp;fr=ala0&amp;loc=rec" data-op="{'y':'5FF7FD11'}" data-click="{&quot;p1&quot;:&quot;3&quot;,&quot;rsv_bdr&quot;:&quot;0&quot;,&quot;fm&quot;:&quot;alop&quot;,&quot;rsv_stl&quot;:&quot;5&quot;,&quot;p5&quot;:3}">
            
<h3 class="t c-gap-bottom-small">
<a href="http://www.baidu.com/link?url=345pLzxMUHr_d0PfIGTw-ckokF-EdTyoIG60JZE-S4u77NtwlUXE6N3XsJiTN03QJRWSEr5uZ_3r3KNm-Ry2nq" target="_blank"><em>中文</em>吧_百度贴吧</a>
</h3>

        


<style>
	    .op-tieba-general-mainpic{width:75px;margin-right:17px;float:left;}
    .op-tieba-general-main-con{width:259px;float:left;}
    .op-tieba-general-main-col{width:443px;}
    .op-tieba-general-leftimg-main{width:351px;}
    </style>
	                   <table border="0" cellspacing="0" cellpadding="0" class="op-tieba-general-maintable" width="100%">
        <tbody><tr>
        <td class="op-tieba-general-firsttd" colspan="3">
                        <div class="op-tieba-general-mainpic"><a class="op-tieba-general-photo-link" href="http://www.baidu.com/link?url=345pLzxMUHr_d0PfIGTw-ckokF-EdTyoIG60JZE-S4u77NtwlUXE6N3XsJiTN03QJRWSEr5uZ_3r3KNm-Ry2nq" target="_blank"><img class="c-img4" src="https://ss1.baidu.com/70cFfyinKgQFm2e88IuM_a/forum/abpic/item/2f1257d0f703918fad2fa89d503d269758eec4a4.jpg"></a></div> 
                                            <div class="op-tieba-general-main-col op-tieba-general-main-con">
                        <p class="c-gray">汉语文化交流分享的地方</p>                                                <p><span>关注用户：<strong>3万</strong>人</span></p><p><span>累计发贴：<strong>48万</strong></span></p>
                                                                            <p>
                            <a href="http://www.baidu.com/link?url=i6MTryZqi4uW8OfPOU-AVpTTM_ptsuUEnKFtK92swMKkMZ8N_h-NJkuM2U4peyoSsD3Rw7NqNh5rtxy5kqxzPgWUWlNJSYlqgWqdIaekqCK" class="op-tieba-general-right" target="_blank">精品贴</a><a href="http://www.baidu.com/link?url=345pLzxMUHr_d0PfIGTw-ckokF-EdTyoIG60JZE-S4xAT0WmlmaBrvCruZcpHgIbRkMNA0n0KlBgVcNHfMd87pmHigNR3IkaRCZzotHjg7K" class="op-tieba-general-right" target="_blank">图片</a>                            </p>
                                            </div>
                   
        </td>
    </tr>
    	 
 	    <tr>
            <td class="op-tieba-general-firsttd op-tieba-general-mainpl"><a href="http://www.baidu.com/link?url=QW5Pkg328PB6kPaSoSoSGte82hFxLncskBYuvY6VLe6W3VaRKokbcuZeY-UQQJXEUNG0MljytW9aOxVnrrkwUa4nkFsB6jR3IgB7tcDPB4Exg5YD4WiFpJXwF3eEMnoh" target="_blank" class="op-tieba-general-linktxt">任剑涛 许章润：如何看待汉语语言的更新？</a></td>
            <td class="op-tieba-general-graycolor"><span class="c-gap-right-small">点击：<i class="op-mthread1-clicknum">122</i></span></td>
            <td class="op-tieba-general-graycolor"><span>回复：<i class="op-mthread1-replaynumber">16</i></span></td>
        </tr>
        <tr>
        <td class="op-tieba-general-firsttd op-tieba-general-mainpl"><a href="http://www.baidu.com/link?url=BFMxInYM8eWruLo43ussKMeZJaMPpL1yb4Qz5vS2It63DTCXgLQySmVOzPM8KW7FNjAK-P-9-4E-y1KEMH0Uau1KgXNgdX0HAHuKKy3sVX3" target="_blank" class="op-tieba-general-linktxt">所谓汉字不可拼音化的原因其实是我们不懂汉字</a></td>
        <td class="op-tieba-general-graycolor"><span class="c-gap-right-small">点击：<i class="op-mthread2-clicknum">652</i></span></td>
        <td class="op-tieba-general-graycolor"><span>回复：<i class="op-mthread2-replaynumber">93</i></span></td>
    </tr>
    <tr>
        <td class="op-tieba-general-firsttd op-tieba-general-mainpl"><a href="http://www.baidu.com/link?url=hRJ_B1iWSepWakFOQGC4BLVitwKsBPDy9oe9DxuPh1ZbAzabhQ_oN_2GZWiEpLYeCtFHC4-Or7DFRUxfc50Oa-g6Y2AuAYMlPcuvuXw7h-W" target="_blank" class="op-tieba-general-linktxt">为什么汉语里没有fi,gi,ki,hi的音？</a></td>
        <td class="op-tieba-general-graycolor"><span class="c-gap-right-small">点击：<i class="op-mthread3-clicknum">309</i></span></td>
        <td class="op-tieba-general-graycolor"><span>回复：<i class="op-mthread3-replaynumber">27</i></span></td>
    </tr>
</tbody></table>
    <div class="op-tieba-general-lookmore op-tieba-general-mainpl"><a href="http://www.baidu.com/link?url=345pLzxMUHr_d0PfIGTw-ckokF-EdTyoIG60JZE-S4u77NtwlUXE6N3XsJiTN03QJRWSEr5uZ_3r3KNm-Ry2nq" target="_blank">查看更多<em>中文</em>吧的内容&gt;&gt;</a></div>
<div class="c-showurl op-tieba-general-mainpl"><span class="c-showurl">tieba.baidu.com/ </span><span class="c-tools" id="tools_15301412248842826450_3" data-tools="{title:'中文',url:'http://tieba.baidu.com/f?kw=%BA%BA%D3%EF&amp;fr=ala0&amp;loc=rec'}"><a class="c-tip-icon"><i class="c-icon c-icon-triangle-down-g"></i></a></span> - <a target="_blank" href="http://open.baidu.com/" class="op_LAMP"></a></div><script data-compress="off">
    A.setup({
    	membernum:'25055',
        postnum:'484856',
        mthread1clicknum:'122',
        mthread2clicknum:'652',
        mthread3clicknum:'309',
        mthread1replaynumber:'16',
        mthread2replaynumber:'93',
        mthread3replaynumber:'27'
        
    });
</script>

                
        
        	
    
    
            
        
    <div class="c-gap-top c-recommend" style="display:none;">
        <i class="c-icon c-icon-bear-circle c-gap-right-small"></i>
        <span class="c-gray">为您推荐：</span>
                
                                                <a target="_blank" href="/s?rsv_idx=1&amp;wd=%E6%BF%92%E5%8D%B1%E8%AF%AD%E8%A8%80&amp;usm=4&amp;ie=utf-8&amp;rsv_cq=%E4%B8%AD%E6%96%87&amp;rsv_dl=0_left_tieba_general_10_24660" title="濒危语言">濒危语言</a>                                        <a class="c-gap-left-large" target="_blank" href="/s?rsv_idx=1&amp;wd=%E5%8D%81%E5%A4%A7%E6%9C%80%E9%9A%BE%E5%AD%A6%E7%9A%84%E8%AF%AD%E8%A8%80&amp;usm=4&amp;ie=utf-8&amp;rsv_cq=%E4%B8%AD%E6%96%87&amp;rsv_dl=0_left_tieba_general_10_24660" title="十大最难学的语言">十大最难学的语言</a>                                        <a class="c-gap-left-large" target="_blank" href="/s?rsv_idx=1&amp;wd=%E4%B8%AD%E5%80%BA%E8%B5%84%E4%BF%A1&amp;usm=4&amp;ie=utf-8&amp;rsv_cq=%E4%B8%AD%E6%96%87&amp;rsv_dl=0_left_tieba_general_10_24660" title="中债资信">中债资信</a>    </div>

</div>

    
	    	

								
		
						
			
		

								

		
					        
		                             

    














































    
    


<div class="result-op c-container" srcid="28232" id="4" tpl="dict3" mu="http://hanyu.baidu.com/zici/s?wd=%E4%B8%AD%E6%96%87&amp;query=%E4%B8%AD%E6%96%87&amp;srcid=28232&amp;from=kg0&amp;from=kg0" data-op="{'y':'EF3FB7F5'}" data-click="{&quot;p1&quot;:&quot;4&quot;,&quot;rsv_bdr&quot;:&quot;0&quot;,&quot;fm&quot;:&quot;alop&quot;,&quot;rsv_stl&quot;:&quot;0&quot;,&quot;p5&quot;:4}">
            
                <h3 class="t c-gap-bottom-small">
<a href="http://www.baidu.com/link?url=Tcxe2k8-JOAkjnVAhk54Dc1uiUjmoUpsHkUvu0DUJLOXauN9_qvUUduQEvkSrZG2a4YTolVu5ckwVHRLkShVxvz0esBDCp5Szyf6F8-S-Mf0vzOwJht5cggTiHrFsIDs8ipjVny74ZCEDObwJ1IT7R01qxnIwHO0FiHWrZOw_7e" target="_blank"><em>中文</em>_百度汉语</a>
</h3>

        <div class="c-border">
<div class="op_dict_content" lang="EN-US" xml:lang="EN-US">
            <div class="c-clearfix">
            <div class="op_dict3_read1">
                <table border="0" cellspacing="0" cellpadding="0" class="op_dict3_marginBottom">
                    <tbody><tr>
                                                <td><span class="op_dict3_chinsetxt c-gap-right-small">中文</span></td>
                                                                        <td><span class="op_dict3_howread c-gap-right-small">[zhōng wén]</span></td>
                                        
                                            </tr>
                </tbody></table> 
            </div>
        </div>
                <table border="0" cellspacing="0" cellpadding="0" class="op_dict3_chinese_result_table">
            <tbody><tr>
                                <td><span class="op_dict_text1 c-gap-right">[释义]</span></td>
                                <td><span class="op_dict_text2"> 中国的语言文字，特指汉族的语言文字</span></td>
            </tr>
        </tbody></table>
                                
</div>
<div class="op_dict_fmp_flash_div"><audio id="op-dict-audio" style="display: none"></audio></div>
<script data-compress="off">
    A.setup({
        wd: '',
        sensearchUrl: 'https://sp1.baidu.com/5b11fzupBgM18t7jm9iCKT-xh_/sensearch',
        dictUrl: 'https://sp0.baidu.com/-rM1hT4a2gU2pMbgoY3K/static/webpage/flash/bt.swf?v=090105a',
        contUrl: 'https://sp1.baidu.com/8qUJcD3n0sgCo2Kml5_Y_D3/v.gif',
        englishtxt: 'null',
        chinesetxtlong: 'null',
        fanyiTTSUrl: 'https://sp0.baidu.com/-rM1hT4a2gU2pMbgoY3K/gettts'
    });
</script>

</div>                
        
        <div class="c-gap-top-small"><span class="c-showurl">hanyu.baidu.com </span><span class="c-tools" id="tools_10575127138722178250_4" data-tools="{title:'中文_百度汉语',url:'http://hanyu.baidu.com/zici/s?wd=%E4%B8%AD%E6%96%87&amp;query=%E4%B8%AD%E6%96%87&amp;srcid=28232&amp;from=kg0&amp;from=kg0'}"><a class="c-tip-icon"><i class="c-icon c-icon-triangle-down-g"></i></a></span></div> 
        
    
</div>

    
	    	

								
		
						
			
		

								

		
				
														
																																									<div class="result c-container " id="5" srcid="1599" tpl="se_com_default" data-click="{&quot;rsv_bdr&quot;:&quot;0&quot;,&quot;p5&quot;:5}"><h3 class="t"><a class="favurl" style="background-image:url(https://ss0.baidu.com/6ONWsjip0QIZ8tyhnq/it/u=1855763412,2848409096&amp;fm=58)" fav-url="http://t10.baidu.com/it/u=1855763412,2848409096&amp;fm=58" data-click="{
			'F':'778317EA',
			'F1':'9D73F1C4',
			'F2':'4CA6DD6B',
			'F3':'54E5243F',
			'T':'1498445672',
						'y':'CBF8F7EF'
			 
									}" href="http://www.baidu.com/link?url=PcyzOmtBxGBtigdLLJmL5etaci2zrZGnIkj38OJ6o36xEMS509LPN53LfZkEOF1f" target="_blank">在线翻译_有道</a></h3><div class="c-row c-gap-top-small"><div class="general_image_pic c-span6"><a class="c-img6" style="height:75px" href="http://www.baidu.com/link?url=PcyzOmtBxGBtigdLLJmL5etaci2zrZGnIkj38OJ6o36xEMS509LPN53LfZkEOF1f" target="_blank"><img class="c-img c-img6" src="https://ss0.baidu.com/6ONWsjip0QIZ8tyhnq/it/u=3156704277,4221589279&amp;fm=96" style="height:75px;"></a></div><div class="c-span18 c-span-last"><div class="c-abstract">有道翻译提供即时免费的中、英、日、韩、法、俄、西班牙、葡萄牙文全文翻译、网页翻译服务。</div><div class="f13"><a target="_blank" href="http://www.baidu.com/link?url=PcyzOmtBxGBtigdLLJmL5etaci2zrZGnIkj38OJ6o36xEMS509LPN53LfZkEOF1f" class="c-showurl" style="text-decoration:none;">fanyi.youdao.com/&nbsp;</a><div class="c-tools" id="tools_11212532679893788931_5" data-tools="{&quot;title&quot;:&quot;在线翻译_有道&quot;,&quot;url&quot;:&quot;http://www.baidu.com/link?url=PcyzOmtBxGBtigdLLJmL5etaci2zrZGnIkj38OJ6o36xEMS509LPN53LfZkEOF1f&quot;}"><a class="c-tip-icon"><i class="c-icon c-icon-triangle-down-g"></i></a></div><span class="c-icons-outer"><span class="c-icons-inner"></span></span>&nbsp;-&nbsp;<a data-click="{'rsv_snapshot':'1'}" href="http://cache.baiducontent.com/c?m=9f65cb4a8c8507ed4fece7631042843a520f97634b9c8d522987ce5f93130a1c187bf7fe7a62460bc4b3787077ad5e2d9de74774&amp;p=8972c70289904ead19bd9b7d0c1681&amp;newp=8072c64ad4801eff57ee957e504788231610db2151d6d31f6b82c825d7331b001c3bbfb423241104d3cf796d02a94f5dedf63371360723a3dda5c91d9fb4c57479cb78&amp;user=baidu&amp;fm=sc&amp;query=%D6%D0%CE%C4&amp;qid=b6763077001857dd&amp;p1=5" target="_blank" class="m">百度快照</a></div></div></div></div>
											
		
						
			
		

								

		
				
														
																																									<div class="result c-container " id="6" srcid="1599" tpl="se_com_default" data-click="{&quot;rsv_bdr&quot;:&quot;0&quot;,&quot;p5&quot;:6}"><h3 class="t"><a data-click="{
			'F':'778317EA',
			'F1':'9D73F1C4',
			'F2':'4CA6DE6B',
			'F3':'54E5243F',
			'T':'1498445672',
						'y':'BFEE7DDF'
			 
									}" href="http://www.baidu.com/link?url=CY3jH8PU66yG0Dtu9mBEBiNYMu_b_5IQBLt3UG7tGeBHI4tH6cEyRgCYq5xbD_o4" target="_blank">InfoQ - 促进软件开发领域知识与创新的传播</a></h3><div class="c-row c-gap-top-small"><div class="general_image_pic c-span6"><a class="c-img6" style="height:75px" href="http://www.baidu.com/link?url=CY3jH8PU66yG0Dtu9mBEBiNYMu_b_5IQBLt3UG7tGeBHI4tH6cEyRgCYq5xbD_o4" target="_blank"><img class="c-img c-img6" src="https://ss0.baidu.com/73x1bjeh1BF3odCf/it/u=2751420586,107905187&amp;fm=85&amp;s=EC22B05542633515969C9DA303006009" style="height:75px;"></a></div><div class="c-span18 c-span-last"><div class="c-abstract">架构师特刊:大前端 InfoQ<em>中文</em>站 架构师(2017年6月) InfoQ<em>中文</em>站  共赢:科技创新重塑传统金融 InfoQ<em>中文</em>站  架构师(2017年5月) InfoQ<em>中文</em>站  架构师(2017年4月...</div><div class="f13"><a target="_blank" href="http://www.baidu.com/link?url=CY3jH8PU66yG0Dtu9mBEBiNYMu_b_5IQBLt3UG7tGeBHI4tH6cEyRgCYq5xbD_o4" class="c-showurl" style="text-decoration:none;">www.infoq.com/cn&nbsp;</a><div class="c-tools" id="tools_5282255078554307866_6" data-tools="{&quot;title&quot;:&quot;InfoQ - 促进软件开发领域知识与创新的传播 &quot;,&quot;url&quot;:&quot;http://www.baidu.com/link?url=CY3jH8PU66yG0Dtu9mBEBiNYMu_b_5IQBLt3UG7tGeBHI4tH6cEyRgCYq5xbD_o4&quot;}"><a class="c-tip-icon"><i class="c-icon c-icon-triangle-down-g"></i></a></div><span class="c-icons-outer"><span class="c-icons-inner"></span></span>&nbsp;-&nbsp;<a data-click="{'rsv_snapshot':'1'}" href="http://cache.baiducontent.com/c?m=9f65cb4a8c8507ed4fece763105392230e54f73860838d5668d4e419ce3b46101b72a6e667741f13a5c16b1103b8382bfd8130&amp;p=8a759a46d6c513b92a9fc7710f4cc1&amp;newp=81759a46d6c507f503a5d22d02149f231610db2151dcd601298ffe0cc4241a1a1a3aecbf21231102d3c47a6002ad485de9f53070340634f1f689df08d2ecce7e69d27c7c36&amp;user=baidu&amp;fm=sc&amp;query=%D6%D0%CE%C4&amp;qid=b6763077001857dd&amp;p1=6" target="_blank" class="m">百度快照</a></div></div></div><div class="c-gap-top c-recommend" style="display:none;" data-extquery="51cto&nbsp;csdn&nbsp;disruptor&nbsp;docker&nbsp;github&nbsp;infoq大咖说&nbsp;"><i class="c-icon c-icon-bear-circle c-gap-right-small"></i><span class="c-gray">为您推荐：</span><a href="/s?rsv_idx=1&amp;wd=51cto&amp;usm=4&amp;ie=utf-8&amp;rsv_crq=7&amp;bs=%E4%B8%AD%E6%96%87" target="_blank" class="res-gap-right16">51cto</a><a href="/s?rsv_idx=1&amp;wd=csdn&amp;usm=4&amp;ie=utf-8&amp;rsv_crq=7&amp;bs=%E4%B8%AD%E6%96%87" target="_blank" class="res-gap-right16">csdn</a><a href="/s?rsv_idx=1&amp;wd=disruptor&amp;usm=4&amp;ie=utf-8&amp;rsv_crq=7&amp;bs=%E4%B8%AD%E6%96%87" target="_blank" class="res-gap-right16">disruptor</a><a href="/s?rsv_idx=1&amp;wd=docker&amp;usm=4&amp;ie=utf-8&amp;rsv_crq=7&amp;bs=%E4%B8%AD%E6%96%87" target="_blank" class="res-gap-right16">docker</a><a href="/s?rsv_idx=1&amp;wd=github&amp;usm=4&amp;ie=utf-8&amp;rsv_crq=7&amp;bs=%E4%B8%AD%E6%96%87" target="_blank" class="res-gap-right16">github</a><a href="/s?rsv_idx=1&amp;wd=infoq%E5%A4%A7%E5%92%96%E8%AF%B4&amp;usm=4&amp;ie=utf-8&amp;rsv_crq=7&amp;bs=%E4%B8%AD%E6%96%87" target="_blank">infoq大咖说</a></div></div>
											
		
						
			
		

								

		
					        
		                             

    

















































    
    


<div class="result-op c-container xpath-log" srcid="19" id="7" tpl="sp_realtime_bigpic5" mu="http://www.baidu.com/s?tn=baidurt&amp;rtt=1&amp;bsst=1&amp;wd=%D6%D0%CE%C4" data-op="{'y':'B42FF9E8'}" data-click="{&quot;p1&quot;:&quot;7&quot;,&quot;rsv_bdr&quot;:&quot;0&quot;,&quot;fm&quot;:&quot;alop&quot;,&quot;rsv_stl&quot;:&quot;4&quot;,&quot;p5&quot;:7}">
            
<h3 class="t">
<a href="http://www.baidu.com/link?url=PzKFBxY1_VwVLjb8eSFV0HcFhPm4n3wDM7hvwCgapBCSKW68Rq6EMGBPDIdWkPWG5_d68T1UMG9YJNzXINzTvZvf5TdkEapkGXRVPmPeLpEdo_B950d4qq8pMjLvH_UQ" target="_blank"><em>中文</em>的最新相关信息</a>
</h3>

        
 





          <div class="c-offset">
                      
          <div class="c-gap-bottom-small">
            <a href="http://www.baidu.com/link?url=hRJ_B1iWSepWakFOQGC4BRSlZKZjMDcSWjbXSjvPtxeZL9g3GAQ5DA5mj2EF2Qo6P_Ap42LnEXnuZ_VLiBox7K" target="_blank">
           
              霍金警告人类不要尝试登月?<em>中文</em>媒体又丢人了
            </a>
          </div>
          <div class="c-row c-gap-bottom-small">
                            <a href="http://www.baidu.com/link?url=hRJ_B1iWSepWakFOQGC4BRSlZKZjMDcSWjbXSjvPtxeZL9g3GAQ5DA5mj2EF2Qo6P_Ap42LnEXnuZ_VLiBox7K" target="_blank" class="op_sp_realtime_bigpic5_preBox c-span6" data-click="{'title':'中文的最新相关信息'}">

                <img src="https://ss1.baidu.com/6ONXsjip0QIZ8tyhnq/it/u=548408218,3559872164&amp;fm=55&amp;s=4C40B80B56063AE2162C41F90300B000&amp;w=121&amp;h=81&amp;img.JPEG" class="c-img c-img6">
                              </a>
                            <div class="c-span-last">
                                          网易科学讯 6月19日消息,今日<em>中文</em>互联网上有大量媒体转载《霍金再发警告不要登月 科学家证实外星人就在月球背面》,此后又有人说这是BBC报道的,但经...
                                                    <br><span style="color:#008000">网易科技</span>
                                      &nbsp;<span style="color:#666;">6天前</span>
                        </div>
          </div>
        
      
                                    
              <div class="c-row">

                  <span style="color:#666;float:right">6天前</span>
        
        <a href="http://www.baidu.com/link?url=dlCzrKN0wrf5Um-H0LaHhhpu6JrM-QDYcrBEQtV_VFVgpKKkw_v9frtcAWtb-RwbXuZ-kEwq_PO0bEiXA1dimW0tN0VlxA7N-ivDqIgtFZq" target="_blank">
                      警告人类不要登月 外星人谣言原来是<em>中文</em>...
                  </a>

                  &nbsp;<span style="color:#008000">东海资讯</span>
        
        </div>
            
                                    
              <div class="c-row">

                  <span style="color:#666;float:right">6月15日</span>
        
        <a href="http://www.baidu.com/link?url=hRJ_B1iWSepWakFOQGC4BO_ibr-qs_gL-XllqvXXy767ej-3KYoJj0CYm3ezOMNF0fUT9EmOxSFNrSQIzQuGH_" target="_blank">
                      服!外国人违章假装听不懂<em>中文</em> 警察蜀黍飚...
                  </a>

                  &nbsp;<span style="color:#008000">网易</span>
        
        </div>
            
                                    
              <div class="c-row">

                  <span style="color:#666;float:right">6月14日</span>
        
        <a href="http://www.baidu.com/link?url=BFMxInYM8eWruLo43ussKUl-eMecL8jtGx_Khhv8eKESvSbIbYj4XbRSopXC-cd-deCTZkWBgyEhATNeDCcH2q" target="_blank">
                      中国电视剧在日本大火,有观众甚至为了看...
                  </a>

                  &nbsp;<span style="color:#008000">中国青年网</span>
        
        </div>
            
                                    
                  	
      
      </div>

                
    
            
        
    <div class="c-gap-top c-recommend" style="display:none;">
        <i class="c-icon c-icon-bear-circle c-gap-right-small"></i>
        <span class="c-gray">为您推荐：</span>
                
                                                <a target="_blank" href="/s?rsv_idx=1&amp;wd=%E6%97%A5%E8%AF%AD&amp;usm=4&amp;ie=utf-8&amp;rsv_cq=%E4%B8%AD%E6%96%87&amp;rsv_dl=0_left_sp_realtime_bigpic5_19_24660" title="日语">日语</a>                                        <a class="c-gap-left-large" target="_blank" href="/s?rsv_idx=1&amp;wd=%E4%B8%AD%E6%96%87%E6%89%8B%E5%86%99%E5%AD%97%E4%BD%93%E4%B8%8B%E8%BD%BD&amp;usm=4&amp;ie=utf-8&amp;rsv_cq=%E4%B8%AD%E6%96%87&amp;rsv_dl=0_left_sp_realtime_bigpic5_19_24660" title="中文手写字体下载">中文手写字体下载</a>                                        <a class="c-gap-left-large" target="_blank" href="/s?rsv_idx=1&amp;wd=%E4%B8%AD%E6%96%87%E5%BD%B1%E5%93%8D%E5%8A%9B&amp;usm=4&amp;ie=utf-8&amp;rsv_cq=%E4%B8%AD%E6%96%87&amp;rsv_dl=0_left_sp_realtime_bigpic5_19_24660" title="中文影响力">中文影响力</a>                                        <a class="c-gap-left-large" target="_blank" href="/s?rsv_idx=1&amp;wd=%E4%B8%AD%E6%96%87%E6%89%93%E5%AD%97%E6%B3%95%E4%B8%8B%E8%BD%BD&amp;usm=4&amp;ie=utf-8&amp;rsv_cq=%E4%B8%AD%E6%96%87&amp;rsv_dl=0_left_sp_realtime_bigpic5_19_24660" title="中文打字法下载">中文打字法下载</a>                                    </div>

</div>

    
	    	

								
		
						
			
		

								

		
				
														
																																									<div class="result c-container " id="8" srcid="1599" tpl="se_com_default" data-click="{&quot;rsv_bdr&quot;:&quot;0&quot;,&quot;p5&quot;:8}"><h3 class="t"><a data-click="{
			'F':'778317EA',
			'F1':'9D73F1C4',
			'F2':'4CA6DC6B',
			'F3':'54E5243F',
			'T':'1498445672',
						'y':'FFC9776A'
			 
									}" href="http://www.baidu.com/link?url=D_t2mQ6HHvxNr5nqfgP5_P76OGfG2L66Ms_YS3bXP8G" target="_blank">在线新华字典</a></h3><div class="c-row c-gap-top-small"><div class="general_image_pic c-span6"><a class="c-img6" style="height:75px" href="http://www.baidu.com/link?url=D_t2mQ6HHvxNr5nqfgP5_P76OGfG2L66Ms_YS3bXP8G" target="_blank"><img class="c-img c-img6" src="https://ss0.baidu.com/6ONWsjip0QIZ8tyhnq/it/u=2186723814,2379128022&amp;fm=58&amp;s=CAE7009A91F05D904ECC39CE0300C0B0&amp;bpow=121&amp;bpoh=75" style="height:75px;"></a></div><div class="c-span18 c-span-last"><div class="c-abstract">最大最全的在线汉语字典... 工具导航: 成语词典 反义词查询 近义词查询 文言文翻译 歇后语大全 唐诗三百首 万年历 <em>中文</em>转拼音 简繁转换 火星文 区位码 语文网  手...</div><div class="f13"><a target="_blank" href="http://www.baidu.com/link?url=D_t2mQ6HHvxNr5nqfgP5_P76OGfG2L66Ms_YS3bXP8G" class="c-showurl" style="text-decoration:none;">xh.5156edu.com/&nbsp;</a><div class="c-tools" id="tools_547896944748975776_8" data-tools="{&quot;title&quot;:&quot;在线新华字典&quot;,&quot;url&quot;:&quot;http://www.baidu.com/link?url=D_t2mQ6HHvxNr5nqfgP5_P76OGfG2L66Ms_YS3bXP8G&quot;}"><a class="c-tip-icon"><i class="c-icon c-icon-triangle-down-g"></i></a></div><span class="c-icons-outer"><span class="c-icons-inner"></span></span>&nbsp;-&nbsp;<a data-click="{'rsv_snapshot':'1'}" href="http://cache.baiducontent.com/c?m=9f65cb4a8c8507ed4fece763105c8d71192387603bd3874338c3933fc239045c5323befb712d0772d7d20a6516de3e4b9bf6&amp;p=882a9644d0d257f80be2963c505493&amp;newp=c4769a47c8934eac59ebc3385f0d90231610db2151d6d5176b82c825d7331b001c3bbfb423241104d9c27b620aa54b57e8f73273300927a3dda5c91d9fb4c5747996&amp;user=baidu&amp;fm=sc&amp;query=%D6%D0%CE%C4&amp;qid=b6763077001857dd&amp;p1=8" target="_blank" class="m">百度快照</a></div></div></div></div>
											
		
						
			
		

								

		
				
														
																																									<div class="result c-container " id="9" srcid="1599" tpl="se_com_default" data-click="{&quot;rsv_bdr&quot;:&quot;0&quot;,&quot;p5&quot;:9}"><h3 class="t"><a data-click="{
			'F':'778317EA',
			'F1':'9D73F1C4',
			'F2':'4CA6DD6B',
			'F3':'54E5243F',
			'T':'1498445672',
						'y':'1F38F4BF'
			 
									}" href="http://www.baidu.com/link?url=vsc27ZBQJVz-oM5k_roWno1CV0TuH_M8g--ESoAmwRbYcoMOsgwTIcndJF27OJ77" target="_blank">FT<em>中文</em>网 - 全球财经精粹</a></h3><div class="c-abstract">FT<em>中文</em>网是英国《金融时报》唯一的非英语网站,致力于向中国商业菁英和企业决策者及时提供来自全球的商业、经济、市场、管理和科技新闻,同时报道和评论对中国经济和...</div><div class="f13"><a target="_blank" href="http://www.baidu.com/link?url=vsc27ZBQJVz-oM5k_roWno1CV0TuH_M8g--ESoAmwRbYcoMOsgwTIcndJF27OJ77" class="c-showurl" style="text-decoration:none;">www.ftchinese.com/&nbsp;</a><div class="c-tools" id="tools_9827903866244967716_9" data-tools="{&quot;title&quot;:&quot;FT中文网 - 全球财经精粹&quot;,&quot;url&quot;:&quot;http://www.baidu.com/link?url=vsc27ZBQJVz-oM5k_roWno1CV0TuH_M8g--ESoAmwRbYcoMOsgwTIcndJF27OJ77&quot;}"><a class="c-tip-icon"><i class="c-icon c-icon-triangle-down-g"></i></a></div><span class="c-icons-outer"><span class="c-icons-inner"></span></span>&nbsp;-&nbsp;<a data-click="{'rsv_snapshot':'1'}" href="http://cache.baiducontent.com/c?m=9f65cb4a8c8507ed4fece763105392230e54f7377a868a4e2383d21f84642c101a39feaf627f5052dcd20a6316d94b4b9b87210331&amp;p=8a759a46d6c413b92a9fc7710f4cc1&amp;newp=81759a46d6c407f503a5d22d02149f231610db2151d7d2176b82c825d7331b001c3bbfb423241107d4c57c6c03ab4e5ce1fa3177300225a3dda5c91d9fb4c57479ce7d6f385a&amp;user=baidu&amp;fm=sc&amp;query=%D6%D0%CE%C4&amp;qid=b6763077001857dd&amp;p1=9" target="_blank" class="m">百度快照</a><span class="c-pingjia">&nbsp;-&nbsp;<a href="https://www.baidu.com/tools?url=http%3A%2F%2Fwww.baidu.com%2Flink%3Furl%3Dvsc27ZBQJVz-oM5k_roWno1CV0TuH_M8g--ESoAmwRbYcoMOsgwTIcndJF27OJ77&amp;jump=https%3A%2F%2Fkoubei.baidu.com%2Fp%2Fsentry%3Ftitle%3D%01FT%02%E4%B8%AD%E6%96%87%03%E7%BD%91%01%20%01-%01%20%01%E5%85%A8%E7%90%83%01%E8%B4%A2%E7%BB%8F%01%E7%B2%BE%E7%B2%B9%01%26q%3D%E4%B8%AD%E6%96%87%26from%3Dps_pc4&amp;key=surl" target="_blank" class="m" data-click="{'rsv_comments':'1'}" data-from="ps_pc4">37条评价</a></span></div><div class="c-gap-top c-recommend" style="display:none;" data-extquery="日经中文网&nbsp;路透中文网&nbsp;联合早报&nbsp;彭博新闻中文网&nbsp;"><i class="c-icon c-icon-bear-circle c-gap-right-small"></i><span class="c-gray">为您推荐：</span><a href="/s?rsv_idx=1&amp;wd=%E6%97%A5%E7%BB%8F%E4%B8%AD%E6%96%87%E7%BD%91&amp;usm=4&amp;ie=utf-8&amp;rsv_crq=7&amp;bs=%E4%B8%AD%E6%96%87" target="_blank" class="res-gap-right16">日经中文网</a><a href="/s?rsv_idx=1&amp;wd=%E8%B7%AF%E9%80%8F%E4%B8%AD%E6%96%87%E7%BD%91&amp;usm=4&amp;ie=utf-8&amp;rsv_crq=7&amp;bs=%E4%B8%AD%E6%96%87" target="_blank" class="res-gap-right16">路透中文网</a><a href="/s?rsv_idx=1&amp;wd=%E8%81%94%E5%90%88%E6%97%A9%E6%8A%A5&amp;usm=4&amp;ie=utf-8&amp;rsv_crq=7&amp;bs=%E4%B8%AD%E6%96%87" target="_blank" class="res-gap-right16">联合早报</a><a href="/s?rsv_idx=1&amp;wd=%E5%BD%AD%E5%8D%9A%E6%96%B0%E9%97%BB%E4%B8%AD%E6%96%87%E7%BD%91&amp;usm=4&amp;ie=utf-8&amp;rsv_crq=7&amp;bs=%E4%B8%AD%E6%96%87" target="_blank">彭博新闻中文网</a></div></div>
											
		
						
			
		

								

		
				
														
																																									<div class="result c-container " id="10" srcid="1599" tpl="se_com_default" data-click="{&quot;rsv_bdr&quot;:&quot;0&quot;,&quot;p5&quot;:10}"><h3 class="t"><a data-click="{
			'F':'778317EA',
			'F1':'9D73F1C4',
			'F2':'4CA6DD6B',
			'F3':'54E5343F',
			'T':'1498445672',
						'y':'FF77FFBF'
			 
									}" href="http://www.baidu.com/link?url=oHj-sxjKVi0NHH15r8_Af1yoMF4SHm09Gk-wxCEdx2xx88hp_8YZEE4lp6Xqjd0pLUNqeBD6v4ZgjNaVARh4b_" target="_blank"><em>中文</em>Minecraft Wiki - 最详细的官方我的世界百科</a></h3><div class="c-abstract"><em>中文</em>Minecraft Wiki是关于我的世界的官方百科全书,囊括合成、方块、生物以至PE版本的详尽攻略。</div><div class="f13"><a target="_blank" href="http://www.baidu.com/link?url=oHj-sxjKVi0NHH15r8_Af1yoMF4SHm09Gk-wxCEdx2xx88hp_8YZEE4lp6Xqjd0pLUNqeBD6v4ZgjNaVARh4b_" class="c-showurl" style="text-decoration:none;">https://minecraft-zh.gamepedia...&nbsp;</a><div class="c-tools" id="tools_15123312445356147072_10" data-tools="{&quot;title&quot;:&quot;中文Minecraft Wiki - 最详细的官方我的世界百科&quot;,&quot;url&quot;:&quot;http://www.baidu.com/link?url=oHj-sxjKVi0NHH15r8_Af1yoMF4SHm09Gk-wxCEdx2xx88hp_8YZEE4lp6Xqjd0pLUNqeBD6v4ZgjNaVARh4b_&quot;}"><a class="c-tip-icon"><i class="c-icon c-icon-triangle-down-g"></i></a></div><span class="c-icons-outer"><span class="c-icons-inner"></span></span>&nbsp;-&nbsp;<a data-click="{'rsv_snapshot':'1'}" href="http://cache.baiducontent.com/c?m=9f65cb4a8c8507ed19fa950d100b883d4503d1236f8396027fa2db1284642c141439b4f970744b57c4c50b365cf05423b1ac6123775074f18ccffc2f86e2c93c6ad567627f0bf04505a51bb8ba3132b026&amp;p=882a9645d2d257f80be2963c505493&amp;newp=c4769a47c8934eac58e9c3385f0d90231610db2151d4d0116b82c825d7331b001c3bbfb423241105d6c17a6107a44258e9f437793c0225a3dda5c91d9fb4c5747996&amp;user=baidu&amp;fm=sc&amp;query=%D6%D0%CE%C4&amp;qid=b6763077001857dd&amp;p1=10" target="_blank" class="m">百度快照</a></div><div class="c-gap-top c-recommend" style="display:none;" data-extquery="我的世界小黑怎么驯服&nbsp;我的世界怎么去月球&nbsp;minecraft wiki&nbsp;"><i class="c-icon c-icon-bear-circle c-gap-right-small"></i><span class="c-gray">为您推荐：</span><a href="/s?rsv_idx=1&amp;wd=%E6%88%91%E7%9A%84%E4%B8%96%E7%95%8C%E5%B0%8F%E9%BB%91%E6%80%8E%E4%B9%88%E9%A9%AF%E6%9C%8D&amp;usm=4&amp;ie=utf-8&amp;rsv_crq=7&amp;bs=%E4%B8%AD%E6%96%87" target="_blank" class="res-gap-right16">我的世界小黑怎么驯服</a><a href="/s?rsv_idx=1&amp;wd=%E6%88%91%E7%9A%84%E4%B8%96%E7%95%8C%E6%80%8E%E4%B9%88%E5%8E%BB%E6%9C%88%E7%90%83&amp;usm=4&amp;ie=utf-8&amp;rsv_crq=7&amp;bs=%E4%B8%AD%E6%96%87" target="_blank" class="res-gap-right16">我的世界怎么去月球</a><a href="/s?rsv_idx=1&amp;wd=minecraft+wiki&amp;usm=4&amp;ie=utf-8&amp;rsv_crq=7&amp;bs=%E4%B8%AD%E6%96%87" target="_blank">minecraft wiki</a></div></div>
											
		
						
			
	
	<!--[bd_nocache_start]-->
				<!--[bd_nocache_end]-->
	
	
	
	

	
	

</div>

	
        <div style="clear:both;height:0;"></div>
	    
        
    <div id="rs"><div class="tt">相关搜索</div><table cellpadding="0"><tbody><tr><th><a href="/s?wd=%E8%B5%B7%E7%82%B9%E4%B8%AD%E6%96%87%E7%BD%91&amp;rsf=9&amp;rsp=0&amp;f=1&amp;oq=%E4%B8%AD%E6%96%87&amp;ie=utf-8&amp;usm=4&amp;rsv_idx=1&amp;rsv_pq=b6763077001857dd&amp;rsv_t=6ec3MrkuvnODFp6sR3g6JeZOPuujP5gGfqRClanSrn2K4xNYYATDc5t%2BVU4&amp;rqlang=cn&amp;rs_src=0&amp;rsv_pq=b6763077001857dd&amp;rsv_t=6ec3MrkuvnODFp6sR3g6JeZOPuujP5gGfqRClanSrn2K4xNYYATDc5t%2BVU4">起点中文网</a></th><td></td><th><a href="/s?wd=%E4%B8%AD%E8%8B%B1%E6%96%87%E5%9C%A8%E7%BA%BF%E7%BF%BB%E8%AF%91&amp;rsf=9&amp;rsp=1&amp;f=1&amp;oq=%E4%B8%AD%E6%96%87&amp;ie=utf-8&amp;usm=4&amp;rsv_idx=1&amp;rsv_pq=b6763077001857dd&amp;rsv_t=6ec3MrkuvnODFp6sR3g6JeZOPuujP5gGfqRClanSrn2K4xNYYATDc5t%2BVU4&amp;rqlang=cn&amp;rs_src=0&amp;rsv_pq=b6763077001857dd&amp;rsv_t=6ec3MrkuvnODFp6sR3g6JeZOPuujP5gGfqRClanSrn2K4xNYYATDc5t%2BVU4">中英文在线翻译</a></th><td></td><th><a href="/s?wd=%E4%B9%9D%E5%85%AD%E4%B8%AD%E6%96%87%E7%BD%91&amp;rsf=9&amp;rsp=2&amp;f=1&amp;oq=%E4%B8%AD%E6%96%87&amp;ie=utf-8&amp;usm=4&amp;rsv_idx=1&amp;rsv_pq=b6763077001857dd&amp;rsv_t=6ec3MrkuvnODFp6sR3g6JeZOPuujP5gGfqRClanSrn2K4xNYYATDc5t%2BVU4&amp;rqlang=cn&amp;rs_src=0&amp;rsv_pq=b6763077001857dd&amp;rsv_t=6ec3MrkuvnODFp6sR3g6JeZOPuujP5gGfqRClanSrn2K4xNYYATDc5t%2BVU4">九六中文网</a></th></tr><tr><th><a href="/s?wd=%E4%B9%85%E8%8D%89%E5%9C%A8%E7%BA%BF%20%E4%B8%AD%E6%96%87%E5%AD%97%E5%B9%95&amp;rsf=9&amp;rsp=3&amp;f=1&amp;oq=%E4%B8%AD%E6%96%87&amp;ie=utf-8&amp;usm=4&amp;rsv_idx=1&amp;rsv_pq=b6763077001857dd&amp;rsv_t=6ec3MrkuvnODFp6sR3g6JeZOPuujP5gGfqRClanSrn2K4xNYYATDc5t%2BVU4&amp;rqlang=cn&amp;rs_src=0&amp;rsv_pq=b6763077001857dd&amp;rsv_t=6ec3MrkuvnODFp6sR3g6JeZOPuujP5gGfqRClanSrn2K4xNYYATDc5t%2BVU4">久草在线 中文字幕</a></th><td></td><th><a href="/s?wd=avidolz%E4%B8%AD%E6%96%87%E7%89%88&amp;rsf=9&amp;rsp=4&amp;f=1&amp;oq=%E4%B8%AD%E6%96%87&amp;ie=utf-8&amp;usm=4&amp;rsv_idx=1&amp;rsv_pq=b6763077001857dd&amp;rsv_t=6ec3MrkuvnODFp6sR3g6JeZOPuujP5gGfqRClanSrn2K4xNYYATDc5t%2BVU4&amp;rqlang=cn&amp;rs_src=0&amp;rsv_pq=b6763077001857dd&amp;rsv_t=6ec3MrkuvnODFp6sR3g6JeZOPuujP5gGfqRClanSrn2K4xNYYATDc5t%2BVU4">avidolz中文版</a></th><td></td><th><a href="/s?wd=%E5%85%AB%E8%B7%AF%E4%B8%AD%E6%96%87&amp;rsf=9&amp;rsp=5&amp;f=1&amp;oq=%E4%B8%AD%E6%96%87&amp;ie=utf-8&amp;usm=4&amp;rsv_idx=1&amp;rsv_pq=b6763077001857dd&amp;rsv_t=6ec3MrkuvnODFp6sR3g6JeZOPuujP5gGfqRClanSrn2K4xNYYATDc5t%2BVU4&amp;rqlang=cn&amp;rs_src=0&amp;rsv_pq=b6763077001857dd&amp;rsv_t=6ec3MrkuvnODFp6sR3g6JeZOPuujP5gGfqRClanSrn2K4xNYYATDc5t%2BVU4">八路中文</a></th></tr><tr><th><a href="/s?wd=%E5%85%AB%E8%B7%AF%E4%B8%AD%E6%96%87%E7%BD%91&amp;rsf=9&amp;rsp=6&amp;f=1&amp;oq=%E4%B8%AD%E6%96%87&amp;ie=utf-8&amp;usm=4&amp;rsv_idx=1&amp;rsv_pq=b6763077001857dd&amp;rsv_t=6ec3MrkuvnODFp6sR3g6JeZOPuujP5gGfqRClanSrn2K4xNYYATDc5t%2BVU4&amp;rqlang=cn&amp;rs_src=0&amp;rsv_pq=b6763077001857dd&amp;rsv_t=6ec3MrkuvnODFp6sR3g6JeZOPuujP5gGfqRClanSrn2K4xNYYATDc5t%2BVU4">八路中文网</a></th><td></td><th><a href="/s?wd=%E7%89%9B%E9%B2%A8%E4%B8%AD%E6%96%87%E7%BD%91&amp;rsf=9&amp;rsp=7&amp;f=1&amp;oq=%E4%B8%AD%E6%96%87&amp;ie=utf-8&amp;usm=4&amp;rsv_idx=1&amp;rsv_pq=b6763077001857dd&amp;rsv_t=6ec3MrkuvnODFp6sR3g6JeZOPuujP5gGfqRClanSrn2K4xNYYATDc5t%2BVU4&amp;rqlang=cn&amp;rs_src=0&amp;rsv_pq=b6763077001857dd&amp;rsv_t=6ec3MrkuvnODFp6sR3g6JeZOPuujP5gGfqRClanSrn2K4xNYYATDc5t%2BVU4">牛鲨中文网</a></th><td></td><th><a href="/s?wd=%E4%BA%9A%E8%88%AA%E4%B8%AD%E6%96%87%E5%AE%98%E7%BD%91&amp;rsf=9&amp;rsp=8&amp;f=1&amp;oq=%E4%B8%AD%E6%96%87&amp;ie=utf-8&amp;usm=4&amp;rsv_idx=1&amp;rsv_pq=b6763077001857dd&amp;rsv_t=6ec3MrkuvnODFp6sR3g6JeZOPuujP5gGfqRClanSrn2K4xNYYATDc5t%2BVU4&amp;rqlang=cn&amp;rs_src=0&amp;rsv_pq=b6763077001857dd&amp;rsv_t=6ec3MrkuvnODFp6sR3g6JeZOPuujP5gGfqRClanSrn2K4xNYYATDc5t%2BVU4">亚航中文官网</a></th></tr></tbody></table></div>

<div id="page">


	    <strong><span class="fk fk_cur"><i class="c-icon c-icon-bear-p"></i></span><span class="pc">1</span></strong><a href="/s?wd=%E4%B8%AD%E6%96%87&amp;pn=10&amp;oq=%E4%B8%AD%E6%96%87&amp;ie=utf-8&amp;usm=4&amp;rsv_idx=1&amp;rsv_pq=b6763077001857dd&amp;rsv_t=6ec3MrkuvnODFp6sR3g6JeZOPuujP5gGfqRClanSrn2K4xNYYATDc5t%2BVU4"><span class="fk fkd"><i class="c-icon c-icon-bear-pn"></i></span><span class="pc">2</span></a><a href="/s?wd=%E4%B8%AD%E6%96%87&amp;pn=20&amp;oq=%E4%B8%AD%E6%96%87&amp;ie=utf-8&amp;usm=4&amp;rsv_idx=1&amp;rsv_pq=b6763077001857dd&amp;rsv_t=6ec3MrkuvnODFp6sR3g6JeZOPuujP5gGfqRClanSrn2K4xNYYATDc5t%2BVU4"><span class="fk"><i class="c-icon c-icon-bear-pn"></i></span><span class="pc">3</span></a><a href="/s?wd=%E4%B8%AD%E6%96%87&amp;pn=30&amp;oq=%E4%B8%AD%E6%96%87&amp;ie=utf-8&amp;usm=4&amp;rsv_idx=1&amp;rsv_pq=b6763077001857dd&amp;rsv_t=6ec3MrkuvnODFp6sR3g6JeZOPuujP5gGfqRClanSrn2K4xNYYATDc5t%2BVU4"><span class="fk fkd"><i class="c-icon c-icon-bear-pn"></i></span><span class="pc">4</span></a><a href="/s?wd=%E4%B8%AD%E6%96%87&amp;pn=40&amp;oq=%E4%B8%AD%E6%96%87&amp;ie=utf-8&amp;usm=4&amp;rsv_idx=1&amp;rsv_pq=b6763077001857dd&amp;rsv_t=6ec3MrkuvnODFp6sR3g6JeZOPuujP5gGfqRClanSrn2K4xNYYATDc5t%2BVU4"><span class="fk"><i class="c-icon c-icon-bear-pn"></i></span><span class="pc">5</span></a><a href="/s?wd=%E4%B8%AD%E6%96%87&amp;pn=50&amp;oq=%E4%B8%AD%E6%96%87&amp;ie=utf-8&amp;usm=4&amp;rsv_idx=1&amp;rsv_pq=b6763077001857dd&amp;rsv_t=6ec3MrkuvnODFp6sR3g6JeZOPuujP5gGfqRClanSrn2K4xNYYATDc5t%2BVU4"><span class="fk fkd"><i class="c-icon c-icon-bear-pn"></i></span><span class="pc">6</span></a><a href="/s?wd=%E4%B8%AD%E6%96%87&amp;pn=60&amp;oq=%E4%B8%AD%E6%96%87&amp;ie=utf-8&amp;usm=4&amp;rsv_idx=1&amp;rsv_pq=b6763077001857dd&amp;rsv_t=6ec3MrkuvnODFp6sR3g6JeZOPuujP5gGfqRClanSrn2K4xNYYATDc5t%2BVU4"><span class="fk"><i class="c-icon c-icon-bear-pn"></i></span><span class="pc">7</span></a><a href="/s?wd=%E4%B8%AD%E6%96%87&amp;pn=70&amp;oq=%E4%B8%AD%E6%96%87&amp;ie=utf-8&amp;usm=4&amp;rsv_idx=1&amp;rsv_pq=b6763077001857dd&amp;rsv_t=6ec3MrkuvnODFp6sR3g6JeZOPuujP5gGfqRClanSrn2K4xNYYATDc5t%2BVU4"><span class="fk fkd"><i class="c-icon c-icon-bear-pn"></i></span><span class="pc">8</span></a><a href="/s?wd=%E4%B8%AD%E6%96%87&amp;pn=80&amp;oq=%E4%B8%AD%E6%96%87&amp;ie=utf-8&amp;usm=4&amp;rsv_idx=1&amp;rsv_pq=b6763077001857dd&amp;rsv_t=6ec3MrkuvnODFp6sR3g6JeZOPuujP5gGfqRClanSrn2K4xNYYATDc5t%2BVU4"><span class="fk"><i class="c-icon c-icon-bear-pn"></i></span><span class="pc">9</span></a><a href="/s?wd=%E4%B8%AD%E6%96%87&amp;pn=90&amp;oq=%E4%B8%AD%E6%96%87&amp;ie=utf-8&amp;usm=4&amp;rsv_idx=1&amp;rsv_pq=b6763077001857dd&amp;rsv_t=6ec3MrkuvnODFp6sR3g6JeZOPuujP5gGfqRClanSrn2K4xNYYATDc5t%2BVU4"><span class="fk fkd"><i class="c-icon c-icon-bear-pn"></i></span><span class="pc">10</span></a><a href="/s?wd=%E4%B8%AD%E6%96%87&amp;pn=10&amp;oq=%E4%B8%AD%E6%96%87&amp;ie=utf-8&amp;usm=4&amp;rsv_idx=1&amp;rsv_pq=b6763077001857dd&amp;rsv_t=6ec3MrkuvnODFp6sR3g6JeZOPuujP5gGfqRClanSrn2K4xNYYATDc5t%2BVU4&amp;rsv_page=1" class="n">下一页&gt;</a>


</div>
<div id="content_bottom">
<!--[bd_nocache_start]-->

<!--[bd_nocache_end]-->
</div>
    


    </div><script>
try{document.cookie="WWW_ST=;expires=Sat, 01 Jan 2000 00:00:00 GMT";}catch(e){}
</script><div id="foot"><span id="help" style="float:left;padding-left:121px"><a href="http://help.baidu.com/question" target="_blank" onmousedown="return c({'fm':'behb','tab':'help','url':this.href,'title':this.innerHTML})">帮助</a><a href="http://www.baidu.com/search/jubao.html" target="_blank" onmousedown="return c({'fm':'behb','tab':'jubao','url':this.href,'title':this.innerHTML})">举报</a><a class="feedback" onclick="return false;" href="javascript:;" target="_blank" onmousedown="return ns_c({'fm':'behb','tab':'feedback'})">用户反馈</a></span></div><script>
	bds.ready(function(){
		var initScrollTop   = $(window).scrollTop(),
		bottomScrollTop = $(document).height() - $(window).height(),	/*//滑动条移动到底部时的scrollTop值*/
			hintToprqShow   = 0;										/*	//toprq出现状态*/
		var $dom_head = $('#head'),
			$dom_left = $('#content_left'),
			$dom_hintToprqTips = $('.hint_toprq_tips'),
			$dom_headBlock = $('<div>',{'class':'headBlock'}),
			$dom_leftBlock = $('<div>',{'class':'leftBlock'});

		$dom_hintToprqTips.appendTo($dom_headBlock);
		$dom_headBlock.hide().appendTo($dom_head);

		/*// swap_begin时清除事件&DOM*/
		$(window).one('swap_begin', function(){
			$(window).off('scroll', scrollEvent);
			hideHeadHint();
			$dom_headBlock.remove();
			$dom_leftBlock.detach();
		});

		/*// 绑定scroll事件*/
		$(window).on('scroll', scrollEvent);

		/*//绑定结果click事件,避让点击后推荐*/
		$(document).on('click','.t>a,.op-se-listen-recommend',function(){
			hideHeadHint();
			$dom_leftBlock.hide();
		});

		function scrollEvent(){
			var nowScrollTop = $(window).scrollTop(),
				headHeight = 90 + $('.res_top_banner').outerHeight() + $('#con-at').outerHeight() + $('.res_top_banner_for_win').outerHeight() + ($('.hint_common_restop').length ? 29 : 0);
			if (nowScrollTop <= headHeight || nowScrollTop > bottomScrollTop) {
				hideHeadHint();
				initScrollTop = nowScrollTop;
			} else if (nowScrollTop > initScrollTop) {
				hideHeadHint();
				initScrollTop = nowScrollTop;
			} else if (nowScrollTop < initScrollTop - 50) {
				showHeadHint();
				initScrollTop = nowScrollTop;
			};
		}

		function showHeadHint(){
			if (!hintToprqShow) {
				$dom_hintToprqTips.show();
				$dom_headBlock.slideDown(200,function(){
					var nowScrollTop = $(window).scrollTop();
					if (nowScrollTop <= 90+$('.res_top_banner').outerHeight() + $('#con-at').outerHeight() + ($('.hint_common_restop').length ? 29 : 0) || nowScrollTop > bottomScrollTop) {
						hideHeadHint();
					}
				});
				sendNSC();
				showLeftHint();
				$dom_leftBlock.show();
				hintToprqShow = 1;
				/* 出顶部提示的时候隐藏点击后推荐 */
				$('.result, .result-op').find('.c-recommend').hide();
			};
		}

		function hideHeadHint(){
			if (hintToprqShow) {
				$dom_headBlock.hide();
				hintToprqShow = 0;
			};
		}

		function showLeftHint(){
			$dom_hintToprqTips.clone().prependTo($dom_leftBlock);
			$dom_leftBlock.prependTo($dom_left);
			showLeftHint = function(){};
		}

		function sendNSC(){
			ns_c({
		        'fm'       : 'behs',
		        'qid'	   : bds.comm.qid,
		        'rsv_disp' : 1
		    });
		    sendNSC = function(){};
		}

	});
	</script><div class="c-tips-container" id="c-tips-container"></div></div>
    </div>
    <div class="c-tips-container" id="c-tips-container"></div>
    
    <script>
        window.__async_strategy=2;
        //window.__switch_add_mask=false;
    </script>
    
    
<script>
var bds={
    se:{},
    su:{
        urdata:[],
                urSendClick:function(){}
    },
    util:{},
    use:{},
    comm : {
        domain:"http://www.baidu.com",
        ubsurl : "https://sp0.baidu.com/5bU_dTmfKgQFm2e88IuM_a/w.gif",
        tn:"baidu",
        queryEnc:"",
        queryId:"",
        inter:"",
        templateName:"",
        sugHost : "https://sp0.baidu.com/5a1Fazu8AA54nxGko9WTAnF6hhy/su",
        query : "",
        qid : "924156b5001a69fa",
        cid : "0",
        sid : "23199_1463_21090_20930",
        indexSid : "23199_1463_21090_20930",
        stoken : "",
        serverTime : "1498445647",
        user : "",
        username : "",
        userid : "0",
        loginAction : [],
        useFavo : "",
        pinyin : "",
        favoOn : "",
        cookie : {"BAIDUID":"EC82BE9FA54D758F6400B5C26BD2FEFE:FG=1","PSTM":"1498034604","BIDUPSID":"195B59032CC1646C47A9B6C275F922D3","BD_HOME":"0","H_PS_PSSID":"23199_1463_21090_20930","BD_UPN":"12314153"},
        userAgent : "Mozilla/5.0 (Windows NT 5.1) AppleWebKit/537.36 (KHTML, like Gecko) Chrome/45.0.2454.101 Safari/537.36",
                curResultNum:"0",
        rightResultExist:false,
        protectNum:0,
        zxlNum:0,
        pageNum:1,
        pageSize:10,
        newindex:0,
        async:2,
        maxPreloadThread:5,
        maxPreloadTimes:10,
        preloadMouseMoveDistance:5,
        switchAddMask:false,
        isDebug:false,
        ishome : 1,
        flagTranslateResult:0,
        globalLogFlag:0
	,encTn:'4b7ej1EKM2jsFjQSKjOW1ymH+BkTG62UyQtGveMDIlaUlE2qw0F2wi5oKEg'    }
};



    


//防止从结果页打开的页面中通过opener.xxx来影响百度页面


var name,navigate,al_arr=[];
var selfOpen = window.open;eval("var open = selfOpen;");
var isIE=navigator.userAgent.indexOf("MSIE")!=-1&&!window.opera;
var E = bds.ecom= {};

bds.se.mon = {'loadedItems':[],'load':function(){},'srvt':-1};

try {
    bds.se.mon.srvt = parseInt(document.cookie.match(new RegExp("(^| )BDSVRTM=([^;]*)(;|$)"))[2]);
    document.cookie="BDSVRTM=;expires=Sat, 01 Jan 2000 00:00:00 GMT";
}catch(e){}

//兼容之前一些变量
var
bdUser        = bds.comm.user?bds.comm.user:null,
bdQuery       = bds.comm.query,
bdUseFavo     = bds.comm.useFavo,
bdFavoOn      = bds.comm.favoOn,
bdCid         = bds.comm.cid,
bdSid         = bds.comm.sid,
bdServerTime  = bds.comm.serverTime,
bdQid         = bds.comm.queryId,
bdstoken      = bds.comm.stoken,
login_success = [];



</script>
<script>
/* https域名转换工具 */
bds.util.domain = (function(){
	    																					            																							var list = {
        "graph.baidu.com": "https://sp0.baidu.com/-aYHfD0a2gU2pMbgoY3K",
		"p.qiao.baidu.com":"https://sp0.baidu.com/5PoXdTebKgQFm2e88IuM_a",
		"vse.baidu.com":"https://sp3.baidu.com/6qUDsjip0QIZ8tyhnq",
		"hdpreload.baidu.com":"https://sp3.baidu.com/7LAWfjuc_wUI8t7jm9iCKT-xh_",
		"lcr.open.baidu.com":"https://sp2.baidu.com/8LUYsjW91Qh3otqbppnN2DJv",
		"kankan.baidu.com":"https://sp3.baidu.com/7bM1dzeaKgQFm2e88IuM_a",
		"xapp.baidu.com":"https://sp2.baidu.com/yLMWfHSm2Q5IlBGlnYG",
		"dr.dh.baidu.com":"https://sp0.baidu.com/-KZ1aD0a2gU2pMbgoY3K",
		"xiaodu.baidu.com":"https://sp0.baidu.com/yLsHczq6KgQFm2e88IuM_a",
		"sensearch.baidu.com":"https://sp1.baidu.com/5b11fzupBgM18t7jm9iCKT-xh_",
		"s1.bdstatic.com":"https://ss1.bdstatic.com/5eN1bjq8AAUYm2zgoY3K",
		"olime.baidu.com":"https://sp0.baidu.com/8bg4cTva2gU2pMbgoY3K",
		"app.baidu.com":"https://sp2.baidu.com/9_QWsjip0QIZ8tyhnq",
		"i.baidu.com":"https://sp0.baidu.com/74oIbT3kAMgDnd_",
		"c.baidu.com":"https://sp0.baidu.com/9foIbT3kAMgDnd_",
		"sclick.baidu.com":"https://sp0.baidu.com/5bU_dTmfKgQFm2e88IuM_a",
		"nsclick.baidu.com":"https://sp1.baidu.com/8qUJcD3n0sgCo2Kml5_Y_D3",
		"sestat.baidu.com":"https://sp1.baidu.com/5b1ZeDe5KgQFm2e88IuM_a",
		"eclick.baidu.com":"https://sp3.baidu.com/-0U_dTmfKgQFm2e88IuM_a",
		"api.map.baidu.com":"https://sp2.baidu.com/9_Q4sjOpB1gCo2Kml5_Y_D3",
		"ecma.bdimg.com":"https://ss1.bdstatic.com/-0U0bXSm1A5BphGlnYG",
		"ecmb.bdimg.com":"https://ss0.bdstatic.com/-0U0bnSm1A5BphGlnYG",
        "t1.baidu.com":"https://ss0.baidu.com/6ON1bjeh1BF3odCf",
        "t2.baidu.com":"https://ss1.baidu.com/6OZ1bjeh1BF3odCf",
        "t3.baidu.com":"https://ss2.baidu.com/6OV1bjeh1BF3odCf",
		"t10.baidu.com":"https://ss0.baidu.com/6ONWsjip0QIZ8tyhnq",
		"t11.baidu.com":"https://ss1.baidu.com/6ONXsjip0QIZ8tyhnq",
		"t12.baidu.com":"https://ss2.baidu.com/6ONYsjip0QIZ8tyhnq",
		"i7.baidu.com":"https://ss0.baidu.com/73F1bjeh1BF3odCf",
		"i8.baidu.com":"https://ss0.baidu.com/73x1bjeh1BF3odCf",
		"i9.baidu.com":"https://ss0.baidu.com/73t1bjeh1BF3odCf",
		"b1.bdstatic.com":"https://ss0.bdstatic.com/9uN1bjq8AAUYm2zgoY3K",
		"ss.bdimg.com":"https://ss1.bdstatic.com/5aV1bjqh_Q23odCf",
		"opendata.baidu.com":"https://sp0.baidu.com/8aQDcjqpAAV3otqbppnN2DJv",
		"api.open.baidu.com":"https://sp0.baidu.com/9_Q4sjW91Qh3otqbppnN2DJv",
		"tag.baidu.com":"https://sp1.baidu.com/6LMFsjip0QIZ8tyhnq",
		"f3.baidu.com":"https://sp2.baidu.com/-uV1bjeh1BF3odCf",
		"s.share.baidu.com":"https://sp0.baidu.com/5foZdDe71MgCo2Kml5_Y_D3",	
		"bdimg.share.baidu.com":"https://ss1.baidu.com/9rA4cT8aBw9FktbgoI7O1ygwehsv",
        "1.su.bdimg.com":"https://ss0.bdstatic.com/k4oZeXSm1A5BphGlnYG",
        "2.su.bdimg.com":"https://ss1.bdstatic.com/kvoZeXSm1A5BphGlnYG",
        "3.su.bdimg.com":"https://ss2.bdstatic.com/kfoZeXSm1A5BphGlnYG",
        "4.su.bdimg.com":"https://ss3.bdstatic.com/lPoZeXSm1A5BphGlnYG",
        "5.su.bdimg.com":"https://ss0.bdstatic.com/l4oZeXSm1A5BphGlnYG",
        "6.su.bdimg.com":"https://ss1.bdstatic.com/lvoZeXSm1A5BphGlnYG",
        "7.su.bdimg.com":"https://ss2.bdstatic.com/lfoZeXSm1A5BphGlnYG",
        "8.su.bdimg.com":"https://ss3.bdstatic.com/iPoZeXSm1A5BphGlnYG"
	};


	var get = function(url) {
		if(location.protocol === "http") {
			return url;
		}
		var reg = /^(http[s]?:\/\/)?([^\/]+)(.*)/,
		matches = url.match(reg);
		/* 判断传入参数是域名还是地址，分别做处理 */
		url = list.hasOwnProperty(matches[2])&&(list[matches[2]] + matches[3]) || url;
		return url;
	},
	set = function(kdomain,vdomain) {
		list[kdomain] = vdomain;
	};
	return {
		get : get,
		set : set
	}
})();
</script>
<script>
//让用户更快看到首页
if(!location.hash.match(/[^a-zA-Z0-9]wd=/)){
    document.getElementById("wrapper").style.display='block';
    setTimeout(function(){
        try{
            var kw=document.getElementById("kw");
            kw.focus();
			kw.parentNode.className="bg s_ipt_wr iptfocus quickdelete-wrap";
        }catch(e){}
    },0);
}

</script>
<script type="text/javascript" src="https://ss1.bdstatic.com/5eN1bjq8AAUYm2zgoY3K/r/www/cache/static/protocol/https/jquery/jquery-1.10.2.min_65682a2.js"></script>




<script>
(function(){

    var result_common_css="<style data-for=\"result\" id=\"css_result\" type=\"text\/css\">body{color:#333;background:#fff;padding:6px 0 0;margin:0;position:relative;min-width:900px}body,th,td,.p1,.p2{font-family:arial}p,form,ol,ul,li,dl,dt,dd,h3{margin:0;padding:0;list-style:none}input{padding-top:0;padding-bottom:0;-moz-box-sizing:border-box;-webkit-box-sizing:border-box;box-sizing:border-box}table,img{border:0}td{font-size:9pt;line-height:18px}em{font-style:normal;color:#c00}a em{text-decoration:underline}cite{font-style:normal;color:green}.m,a.m{color:#666}a.m:visited{color:#606}.g,a.g{color:green}.c{color:#77c}.f14{font-size:14px}.f10{font-size:10.5pt}.f16{font-size:16px}.f13{font-size:13px}.bg{background-image:url(https:\/\/ss1.bdstatic.com\/5eN1bjq8AAUYm2zgoY3K\/r\/www\/cache\/static\/protocol\/https\/global\/img\/icons_5859e57.png);_background-image:url(https:\/\/ss1.bdstatic.com\/5eN1bjq8AAUYm2zgoY3K\/r\/www\/cache\/static\/protocol\/https\/global\/img\/icons_d5b04cc.gif);background-repeat:no-repeat}#u,#head,#tool,#search,#foot{font-size:12px}.logo{width:117px;height:38px;cursor:pointer}.p1{line-height:120%;margin-left:-12pt}.p2{width:100%;line-height:120%;margin-left:-12pt}#wrapper{_zoom:1}#container{word-break:break-all;word-wrap:break-word}.container_s{width:1002px}.container_l{width:1222px}#content_left{width:636px;float:left;padding-left:35px}#content_right{border-left:1px solid #e1e1e1;float:right}.container_s #content_right{width:271px}.container_l #content_right{width:434px}.content_none{padding-left:35px}#u{color:#999;white-space:nowrap;position:absolute;right:10px;top:4px;z-index:299}#u a{color:#00c;margin:0 5px}#u .reg{margin:0}#u .last{margin-right:0}#u .un{font-weight:700;margin-right:5px}#u ul{width:100%;background:#fff;border:1px solid #9b9b9b}#u li{height:25px}#u li a{width:100%;height:25px;line-height:25px;display:block;text-align:left;text-decoration:none;text-indent:6px;margin:0;filter:none\\9}#u li a:hover{background:#ebebeb}#u li.nl{border-top:1px solid #ebebeb}#user{display:inline-block}#user_center{position:relative;display:inline-block}#user_center .user_center_btn{margin-right:5px}.userMenu{width:64px;position:absolute;right:7px;_right:2px;top:15px;top:14px\\9;*top:15px;padding-top:4px;display:none;*background:#fff}#head{padding-left:35px;margin-bottom:20px;width:900px}.fm{clear:both;position:relative;z-index:297}.nv a,.nv b,.btn,#page,#more{font-size:14px}.s_nav{height:45px}.s_nav .s_logo{margin-right:20px;float:left}.s_nav .s_logo img{border:0;display:block}.s_tab{line-height:18px;padding:20px 0 0;float:left}.s_nav a{color:#00c;font-size:14px}.s_nav b{font-size:14px}.s_ipt_wr{width:536px;height:30px;display:inline-block;margin-right:5px;background-position:0 -96px;border:1px solid #b6b6b6;border-color:#7b7b7b #b6b6b6 #b6b6b6 #7b7b7b;vertical-align:top}.s_ipt{width:523px;height:22px;font:16px\/18px arial;line-height:22px\\9;margin:5px 0 0 7px;padding:0;background:#fff;border:0;outline:0;-webkit-appearance:none}.s_btn{width:95px;height:32px;padding-top:2px\\9;font-size:14px;padding:0;background-color:#ddd;background-position:0 -48px;border:0;cursor:pointer}.s_btn_h{background-position:-240px -48px}.s_btn_wr{width:97px;height:34px;display:inline-block;background-position:-120px -48px;*position:relative;z-index:0;vertical-align:top}.sethf{padding:0;margin:0;font-size:14px}.set_h{display:none;behavior:url(#default#homepage)}.set_f{display:none}.shouji{margin-left:19px}.shouji a{text-decoration:none}#head .bdsug{top:33px}#search form{position:relative}#search form .bdsug{bottom:33px}.bdsug{display:none;position:absolute;z-index:1;width:538px;background:#fff;border:1px solid #ccc;_overflow:hidden;box-shadow:1px 1px 3px #ededed;-webkit-box-shadow:1px 1px 3px #ededed;-moz-box-shadow:1px 1px 3px #ededed;-o-box-shadow:1px 1px 3px #ededed}.bdsug.bdsugbg ul{background:url(https:\/\/ss1.bdstatic.com\/5eN1bjq8AAUYm2zgoY3K\/r\/www\/cache\/static\/protocol\/https\/home\/img\/sugbg_1762fe7.png) 100% 100% no-repeat;background-size:100px 110px;background-image:url(https:\/\/ss1.bdstatic.com\/5eN1bjq8AAUYm2zgoY3K\/r\/www\/cache\/static\/protocol\/https\/home\/img\/sugbg_90fc9cf.gif)\\9}.bdsug li{width:522px;color:#000;font:14px arial;line-height:22px;padding:0 8px;position:relative;cursor:default}.bdsug li.bdsug-s{background:#f0f0f0}.bdsug-store span,.bdsug-store b{color:#7A77C8}.bdsug-store-del{font-size:12px;color:#666;text-decoration:underline;position:absolute;right:8px;top:0;cursor:pointer;display:none}.bdsug-s .bdsug-store-del{display:inline-block}.bdsug-ala{display:inline-block;border-bottom:1px solid #e6e6e6}.bdsug-ala h3{line-height:14px;background:url(\/\/www.baidu.com\/img\/sug_bd.png) no-repeat left center;margin:8px 0 5px;font-size:12px;font-weight:400;color:#7B7B7B;padding-left:20px}.bdsug-ala p{font-size:14px;font-weight:700;padding-left:20px}.bdsug .bdsug-direct{width:auto;padding:0;border-bottom:1px solid #f1f1f1}.bdsug .bdsug-direct p{color:#00c;font-weight:700;line-height:34px;padding:0 8px;cursor:pointer;white-space:nowrap;overflow:hidden}.bdsug .bdsug-direct p img{width:16px;height:16px;margin:7px 6px 9px 0;vertical-align:middle}.bdsug .bdsug-direct p span{margin-left:8px}.bdsug .bdsug-direct p i{font-size:12px;line-height:100%;font-style:normal;font-weight:400;color:#fff;background-color:#2b99ff;display:inline;text-align:center;padding:1px 5px;*padding:2px 5px 0;margin-left:8px;overflow:hidden}.bdsug .bdsug-pcDirect{color:#000;font-size:14px;line-height:30px;height:30px;background-color:#f8f8f8}.bdsug .bdsug-pc-direct-tip{position:absolute;right:15px;top:8px;width:55px;height:15px;display:block;background:url(https:\/\/ss1.bdstatic.com\/5eN1bjq8AAUYm2zgoY3K\/r\/www\/cache\/static\/protocol\/https\/global\/img\/pc_direct_42d6311.png) no-repeat 0 0}.bdsug li.bdsug-pcDirect-s{background-color:#f0f0f0}.bdsug .bdsug-pcDirect-is{color:#000;font-size:14px;line-height:22px;background-color:#f8f8f8}.bdsug .bdsug-pc-direct-tip-is{position:absolute;right:15px;top:3px;width:55px;height:15px;display:block;background:url(https:\/\/ss1.bdstatic.com\/5eN1bjq8AAUYm2zgoY3K\/r\/www\/cache\/static\/protocol\/https\/global\/img\/pc_direct_42d6311.png) no-repeat 0 0}.bdsug li.bdsug-pcDirect-is-s{background-color:#f0f0f0}.bdsug .bdsug-pcDirect-s .bdsug-pc-direct-tip,.bdsug .bdsug-pcDirect-is-s .bdsug-pc-direct-tip-is{background-position:0 -15px}.bdsug .bdsug-newicon{color:#929292;opacity:.7;font-size:12px;display:inline-block;line-height:22px;letter-spacing:2px}.bdsug .bdsug-s .bdsug-newicon{opacity:1}.bdsug .bdsug-newicon i{letter-spacing:0;font-style:normal}.toggle-underline{text-decoration:none}.toggle-underline:hover{text-decoration:underline}#tb_mr{color:#00c;cursor:pointer;position:relative;z-index:298}#tb_mr b{font-weight:400;text-decoration:underline}#tb_mr small{font-size:11px}#page{font:14px arial;white-space:nowrap;padding-left:35px}#page a,#page strong{display:inline-block;vertical-align:text-bottom;height:66px;text-align:center;line-height:34px;text-decoration:none;overflow:hidden;margin-right:9px;background:#fff}#page a{cursor:pointer}#page a:hover{background:0 0}#page .n:hover,#page a:hover .pc{background:#f2f8ff;border:1px solid #38f}#page .n{height:34px;padding:0 18px;border:1px solid #e1e2e3}#page span{display:block}#page .pc{width:34px;height:34px;border:1px solid #e1e2e3;cursor:pointer}#page .fk{width:24px;height:24px;margin-bottom:6px;margin-left:6px;cursor:pointer}#page strong .fk,#page strong .pc{cursor:auto}#page .fk .c-icon-bear-pn{top:-3px;position:relative}#page .fkd .c-icon-bear-pn{top:3px;position:relative}#page .fk_cur .c-icon-bear-p{top:-2px;position:relative}#page strong .pc{border:0;width:36px;height:36px;line-height:36px}#page .nums{display:inline-block;vertical-align:text-bottom;height:36px;line-height:36px;margin-left:10px}#rs{width:900px;background:#fff;padding:8px 0;margin:20px 0 0 15px}#rs td{width:5%}#rs th{font-size:14px;font-weight:400;line-height:19px;white-space:nowrap;text-align:left;vertical-align:top}#rs .tt{font-weight:700;padding:0 10px 0 20px}#rs_top{font-size:14px;margin-bottom:22px}#rs_top a{margin-right:18px}#container .rs{margin:30px 0 20px;padding:5px 0 15px;font-size:14px;width:540px;padding-left:121px;position:relative;background-color:#fafafa}#container .noback{background-color:#fff}#content_left .rs{margin-left:-121px}#container .rs table{width:540px}#container .rs td{width:5px}#container .rs th{font-size:14px;font-weight:400;white-space:nowrap;text-align:left;vertical-align:top;width:175px;line-height:22px}#container .rs .tt{font-weight:700;padding:0 10px 0 20px;padding:0;line-height:30px;font-size:16px}#container .rs a{margin:0;height:24px;width:173px;display:inline-block;line-height:25px;border:1px solid #ebebeb;text-align:center;vertical-align:middle;overflow:hidden;outline:0;color:#333;background-color:#fff;text-decoration:none}#container .rs a:hover{border-color:#388bff}.c-tip-con .c-tip-menu-b ul{width:100px}.c-tip-con .c-tip-menu-b ul{text-align:center}.c-tip-con .c-tip-menu-b li a{display:block;text-decoration:none;cursor:pointer;background-color:#fff;padding:3px 0;color:#666}.c-tip-con .c-tip-menu-b li a:hover{display:block;background-color:#ebebeb}#search{width:900px;padding:35px 0 16px 35px}#search .s_help{position:relative;top:10px}#foot{height:20px;line-height:20px;color:#77c;background:#e6e6e6;text-align:center}#foot span{color:#666}.site_tip{font-size:12px;margin-bottom:20px}.site_tip_icon{width:56px;height:56px;background:url(\/\/www.baidu.com\/aladdin\/img\/tools\/tools-3.png) -288px 0 no-repeat}.to_zhidao,.to_tieba,.to_zhidao_bottom{font-size:16px;line-height:24px;margin:20px 0 0 35px}.to_tieba .c-icon-tieba{float:left}.f{line-height:115%;*line-height:120%;font-size:100%;width:33.7em;word-break:break-all;word-wrap:break-word}.h{margin-left:8px;width:100%}.r{word-break:break-all;cursor:hand;width:238px}.t{font-weight:400;font-size:medium;margin-bottom:1px}.pl{padding-left:3px;height:8px;padding-right:2px;font-size:14px}.mo,a.mo:link,a.mo:visited{color:#666;font-size:100%;line-height:10px}.htb{margin-bottom:5px}.jc a{color:#c00}a font[size=\"3\"] font,font[size=\"3\"] a font{text-decoration:underline}div.blog,div.bbs{color:#707070;padding-top:2px;font-size:13px}.result{width:33.7em;table-layout:fixed}.result-op .f{word-wrap:normal}.nums{font-size:12px;color:#999}.tools{position:absolute;top:10px;white-space:nowrap}#mHolder{width:62px;position:relative;z-index:296;top:-18px;margin-left:9px;margin-right:-12px;display:none}#mCon{height:18px;position:absolute;top:3px;top:6px\\9;cursor:pointer;line-height:18px}.wrapper_l #mCon{right:7px}#mCon span{color:#00c;display:block}#mCon .hw{text-decoration:underline;cursor:pointer;display:inline-block}#mCon .pinyin{display:inline-block}#mCon .c-icon-chevron-unfold2{margin-left:5px}#mMenu{width:56px;border:1px solid #9b9b9b;position:absolute;right:7px;top:23px;display:none;background:#fff}#mMenu a{width:100%;height:100%;color:#00c;display:block;line-height:22px;text-indent:6px;text-decoration:none;filter:none\\9}#mMenu a:hover{background:#ebebeb}#mMenu .ln{height:1px;background:#ebebeb;overflow:hidden;font-size:1px;line-height:1px;margin-top:-1px}.op_LAMP{background:url(\/\/www.baidu.com\/cache\/global\/img\/aladdinIcon-1.0.gif) no-repeat 0 2px;color:#77C;display:inline-block;font-size:13px;height:12px;*height:14px;width:16px;text-decoration:none;zoom:1}.EC_mr15{margin-left:0}.pd15{padding-left:0}.map_1{width:30em;font-size:80%;line-height:145%}.map_2{width:25em;font-size:80%;line-height:145%}.favurl{background-repeat:no-repeat;background-position:0 1px;padding-left:20px}.dan_tip{font-size:12px;margin-top:4px}.dan_tip a{color:#b95b07}#more,#u ul,#mMenu,.msg_holder{box-shadow:1px 1px 2px #ccc;-moz-box-shadow:1px 1px 2px #ccc;-webkit-box-shadow:1px 1px 2px #ccc;filter:progid:DXImageTransform.Microsoft.Shadow(Strength=2, Direction=135, Color=#cccccc)\\9}.hit_top{line-height:18px;margin:0 15px 10px 0;width:516px}.hit_top .c-icon-bear{height:18px;margin-right:4px}#rs_top_new,.hit_top_new{width:538px;font-size:13px;line-height:1.54;word-wrap:break-word;word-break:break-all;margin:0 0 14px}.zhannei-si{margin:0 0 10px 121px}.zhannei-si-none{margin:10px 0 -10px 121px}.zhannei-search{margin:10px 0 0 121px;color:#999;font-size:14px}.f a font[size=\"3\"] font,.f font[size=\"-1\"] a font{text-decoration:underline}h3 a font{text-decoration:underline}.c-title{font-weight:400;font-size:16px}.c-title-size{font-size:16px}.c-abstract{font-size:13px}.c-abstract-size{font-size:13px}.c-showurl{color:green;font-size:13px}.c-showurl-color{color:green}.c-cache-color{color:#666}.c-lightblue{color:#77c}.c-highlight-color{color:#c00}.c-clearfix:after{content:\".\";display:block;height:0;clear:both;visibility:hidden}.c-clearfix{zoom:1}.c-wrap{word-break:break-all;word-wrap:break-word}.c-icons-outer{overflow:hidden;display:inline-block;vertical-align:bottom;*vertical-align:-1px;_vertical-align:bottom}.c-icons-inner{margin-left:-4px}.c-container table.result,.c-container table.result-op{width:100%}.c-container td.f{font-size:13px;line-height:1.54;width:auto}.c-container .vd_newest_main{width:auto}.c-customicon{display:inline-block;width:16px;height:16px;vertical-align:text-bottom;font-style:normal;overflow:hidden}.c-tip-icon i{display:inline-block;cursor:pointer}.c-tip-con{position:absolute;z-index:1;top:22px;left:-35px;background:#fff;border:1px solid #dcdcdc;border:1px solid rgba(0,0,0,.2);-webkit-transition:opacity .218s;transition:opacity .218s;-webkit-box-shadow:0 2px 4px rgba(0,0,0,.2);box-shadow:0 2px 4px rgba(0,0,0,.2);padding:5px 0;display:none;font-size:12px;line-height:20px}.c-tip-arrow{width:0;height:0;font-size:0;line-height:0;display:block;position:absolute;top:-16px}.c-tip-arrow-down{top:auto;bottom:0}.c-tip-arrow em,.c-tip-arrow ins{width:0;height:0;font-size:0;line-height:0;display:block;position:absolute;border:8px solid transparent;border-style:dashed dashed solid}.c-tip-arrow em{border-bottom-color:#d8d8d8}.c-tip-arrow ins{border-bottom-color:#fff;top:2px}.c-tip-arrow-down em,.c-tip-arrow-down ins{border-style:solid dashed dashed;border-color:transparent}.c-tip-arrow-down em{border-top-color:#d8d8d8}.c-tip-arrow-down ins{border-top-color:#fff;top:-2px}.c-tip-arrow .c-tip-arrow-r{border-bottom-color:#82c9fa;top:2px}.c-tip-arrow-down .c-tip-arrow-r{border-bottom-color:transparent;top:-2px}.c-tip-arrow .c-tip-arrow-c{border-bottom-color:#fecc47;top:2px}.c-tip-arrow-down .c-tip-arrow-c{border-bottom-color:transparent;top:-2px}.c-tip-con h3{font-size:12px}.c-tip-con .c-tip-title{margin:0 10px;display:inline-block;width:239px}.c-tip-con .c-tip-info{color:#666;margin:0 10px 1px;width:239px}.c-tip-con .c-tip-cer{width:370px;color:#666;margin:0 10px 1px}.c-tip-con .c-tip-title{width:auto;_width:354px}.c-tip-con .c-tip-item-i{padding:3px 0 3px 20px;line-height:14px}.c-tip-con .c-tip-item-i .c-tip-item-icon{margin-left:-20px}.c-tip-con .c-tip-menu ul{width:74px}.c-tip-con .c-tip-menu ul{text-align:center}.c-tip-con .c-tip-menu li a{display:block;text-decoration:none;cursor:pointer;background-color:#fff;padding:3px 0;color:#0000d0}.c-tip-con .c-tip-menu li a:hover{display:block;background-color:#ebebeb}.c-tip-con .c-tip-notice{width:239px;padding:0 10px}.c-tip-con .c-tip-notice .c-tip-notice-succ{color:#4cbd37}.c-tip-con .c-tip-notice .c-tip-notice-fail{color:#f13F40}.c-tip-con .c-tip-notice .c-tip-item-succ{color:#444}.c-tip-con .c-tip-notice .c-tip-item-fail{color:#aaa}.c-tip-con .c-tip-notice .c-tip-item-fail a{color:#aaa}.c-tip-close{right:10px;position:absolute;cursor:pointer}.ecard{height:86px;overflow:hidden}.c-tools{display:inline}.c-tools-share{width:239px;padding:0 10px}.c-fanyi{display:none;width:20px;height:20px;border:solid 1px #d1d1d1;cursor:pointer;position:absolute;margin-left:516px;text-align:center;color:#333;line-height:22px;opacity:.9;background-color:#fff}.c-fanyi:hover{background-color:#39f;color:#fff;border-color:#39f;opacity:1}.c-fanyi-title,.c-fanyi-abstract{display:none}.icp_info{color:#666;margin-top:2px;font-size:13px}.icon-gw,.icon-unsafe-icon{background:#2c99ff;vertical-align:text-bottom;*vertical-align:baseline;height:16px;padding-top:0;padding-bottom:0;padding-left:6px;padding-right:6px;line-height:16px;_padding-top:2px;_height:14px;_line-height:14px;font-size:12px;font-family:simsun;margin-left:10px;overflow:hidden;display:inline-block;-moz-border-radius:1px;-webkit-border-radius:1px;border-radius:1px;color:#fff}a.icon-gw{color:#fff;background:#2196ff;text-decoration:none;cursor:pointer}a.icon-gw:hover{background:#1e87ef}a.icon-gw:active{height:15px;_height:13px;line-height:15px;_line-height:13px;padding-left:5px;background:#1c80d9;border-left:1px solid #145997;border-top:1px solid #145997}.icon-unsafe-icon{background:#e54d4b}#con-at{margin-bottom:9px;padding-left:121px;border-bottom:1px #ebebeb solid}#con-at .result-op{font-size:13px;line-height:1.52em}.wrapper_l #con-at .result-op{width:1058px}.wrapper_s #con-at .result-op{width:869px}#con-ar{margin-bottom:40px}#con-ar .result-op{margin-bottom:28px;font-size:13px;line-height:1.52em}.result_hidden{position:absolute;top:-10000px;left:-10000px}#content_left .result-op,#content_left .result{margin-bottom:14px;border-collapse:collapse}#content_left .c-border .result-op,#content_left .c-border .result{margin-bottom:25px}#content_left .c-border .result-op:last-child,#content_left .c-border .result:last-child{margin-bottom:12px}#content_left .result .f,#content_left .result-op .f{padding:0}.subLink_factory{border-collapse:collapse}.subLink_factory td{padding:0}.subLink_factory td.middle,.subLink_factory td.last{color:#666}.subLink_factory td a{text-decoration:underline}.subLink_factory td.rightTd{text-align:right}.subLink_factory_right{width:100%}.subLink_factory_left td{padding-right:26px}.subLink_factory_left td.last{padding:0}.subLink_factory_left td.first{padding-right:75px}.subLink_factory_right td{width:90px}.subLink_factory_right td.first{width:auto}.general_image_pic a{background:#fff no-repeat center center;text-decoration:none;display:block;overflow:hidden;text-align:left}.res_top_banner{height:36px;text-align:left;border-bottom:1px solid #e3e3e3;background:#f7f7f7;font-size:13px;padding-left:8px;color:#333;position:relative;z-index:302}.res_top_banner span{_zoom:1}.res_top_banner .res_top_banner_icon{background-position:0 -216px;width:18px;height:18px;margin:9px 10px 0 0}.res_top_banner .res_top_banner_icon_baiduapp{background:url(https:\/\/ss1.bdstatic.com\/5eN1bjq8AAUYm2zgoY3K\/r\/www\/cache\/static\/protocol\/https\/global\/img\/baiduappLogo_de45621.png) no-repeat 0 0;width:24px;height:24px;margin:3px 10px 0 0;position:relative;top:3px}.res_top_banner .res_top_banner_icon_windows{background:url(https:\/\/ss1.bdstatic.com\/5eN1bjq8AAUYm2zgoY3K\/r\/www\/cache\/static\/protocol\/https\/global\/img\/winlogo_e925689.png) no-repeat 0 0;width:18px;height:18px;margin:9px 10px 0 0}.res_top_banner .res_top_banner_download{display:inline-block;width:65px;line-height:21px;_padding-top:1px;margin:0 0 0 10px;color:#333;background:#fbfbfb;border:1px solid #b4b6b8;text-align:center;text-decoration:none}.res_top_banner .res_top_banner_download:hover{border:1px solid #38f}.res_top_banner .res_top_banner_download:active{background:#f0f0f0;border:1px solid #b4b6b8}.res_top_banner .res_top_banner_close{background-position:-672px -144px;cursor:pointer;position:absolute;right:10px;top:10px}.res_top_banner_for_win{height:34px;text-align:left;border-bottom:1px solid #f0f0f0;background:#fdfdfd;font-size:13px;padding-left:12px;color:#333;position:relative;z-index:302}.res_top_banner_for_win span{_zoom:1;color:#666}.res_top_banner_for_win .res_top_banner_download{display:inline-block;width:auto;line-height:21px;_padding-top:1px;margin:0 0 0 16px;color:#333;text-align:left;text-decoration:underline}.res_top_banner_for_win .res_top_banner_icon_windows{background:url(https:\/\/ss1.bdstatic.com\/5eN1bjq8AAUYm2zgoY3K\/r\/www\/cache\/static\/protocol\/https\/global\/img\/winlogo_e925689.png) no-repeat 0 0;width:18px;height:18px;margin:8px 8px 0 0}.res_top_banner_for_win .res_top_banner_close{background-position:-672px -144px;cursor:pointer;position:absolute;right:10px;top:10px}.res-gap-right16{margin-right:16px}.res-border-top{border-top:1px solid #f3f3f3}.res-border-bottom{border-bottom:1px solid #f3f3f3}.res-queryext-pos{position:relative;top:1px;_top:0}.c-trust-ecard{height:86px;_height:97px;overflow:hidden}@-moz-document url-prefix(){.result,.f{width:538px}}body{min-width:1000px}#ftCon{display:none}#qrcode{display:none}#pad-version{display:none}#index_guide{display:none}#index_logo{display:none}#u1{display:none}.s_ipt_wr{height:32px}body{padding:0}.s_form:after,.s_tab:after{content:\".\";display:block;height:0;clear:both;visibility:hidden}.s_form{zoom:1;height:55px;padding:0 0 0 10px}#result_logo{float:left;margin:7px 0 0}#result_logo img{width:101px}#head{padding:0;margin:0;width:100%;position:absolute;z-index:301;min-width:1000px;background:#fff;border-bottom:1px solid #ebebeb;position:fixed;_position:absolute;-webkit-transform:translateZ(0)}#head .head_wrapper{_width:1000px}#head.s_down{box-shadow:0 0 5px #888}.fm{clear:none;float:left;margin:11px 0 0 10px}#s_tab{background:#f8f8f8;line-height:36px;height:38px;padding:55px 0 0 121px;float:none;zoom:1}#s_tab a,#s_tab b{width:54px;display:inline-block;text-decoration:none;text-align:center;color:#666;font-size:14px}#s_tab b{border-bottom:2px solid #38f;font-weight:700;color:#323232}#s_tab a:hover{color:#323232}#content_left{width:540px;padding-left:121px;padding-top:5px}#content_right{margin-top:45px}#content_bottom{width:540px;padding-left:121px}#page{padding:0 0 0 121px;margin:30px 0 40px}.to_tieba,.to_zhidao_bottom{margin:10px 0 0 121px;padding-top:5px}.nums{margin:0 0 0 121px;height:42px;line-height:42px}#rs{padding:0;margin:6px 0 0 121px;width:600px}#rs th{width:175px;line-height:22px}#rs .tt{padding:0;line-height:30px}#rs td{width:5px}#rs table{width:540px}#help{background:#f5f6f5;zoom:1;padding:0 0 0 50px;float:right}#help a{color:#777;padding:0 15px;text-decoration:none}#help a:hover{color:#333}#foot{background:#f5f6f5;border-top:1px solid #ebebeb;text-align:left;height:42px;line-height:42px;margin-top:40px;*margin-top:0}#foot .foot_c{float:left;padding:0 0 0 121px}.content_none{padding:45px 0 25px 121px}.nors p{font-size:18px;font-family:microsoft yahei;color:#000}.nors p em{color:#c00}.nors .tip_head{color:#666;font-size:13px;line-height:28px}.nors li{color:#333;line-height:28px;font-size:13px;font-family:'\u5b8b\u4f53';padding-left:30px;list-style-position:inside;list-style-type:disc}#mCon{top:5px}.s_ipt_wr.bg,.s_btn_wr.bg,#su.bg{background-image:none}.s_ipt_wr.bg{background:0 0}.s_btn_wr{width:auto;height:auto;border-bottom:1px solid transparent;*border-bottom:0}.s_btn{width:100px;height:34px;color:#fff;letter-spacing:1px;background:#3385ff;border-bottom:1px solid #2d78f4;outline:medium;*border-bottom:0;-webkit-appearance:none;-webkit-border-radius:0}.s_btn.btnhover{background:#317ef3;border-bottom:1px solid #2868c8;*border-bottom:0;box-shadow:1px 1px 1px #ccc}.s_btn_h{background:#3075dc;box-shadow:inset 1px 1px 3px #2964bb;-webkit-box-shadow:inset 1px 1px 3px #2964bb;-moz-box-shadow:inset 1px 1px 3px #2964bb;-o-box-shadow:inset 1px 1px 3px #2964bb}#wrapper_wrapper .container_l .EC_ppim_top,#wrapper_wrapper .container_xl .EC_ppim_top{width:640px}#wrapper_wrapper .container_s .EC_ppim_top{width:570px}#head .c-icon-bear-round{display:none}.container_l #content_right{width:384px}.container_l{width:1212px}.container_xl #content_right{width:384px}.container_xl{width:1257px}.index_tab_top{display:none}.index_tab_bottom{display:none}#lg{display:none}#m{display:none}#ftCon{display:none}#ent_sug{position:absolute;margin:141px 0 0 130px;font-size:13px;color:#666}.foot_fixed_bottom{position:fixed;bottom:0;width:100%;_position:absolute;_bottom:auto}#head .headBlock{margin:-5px 0 6px 121px}#content_left .leftBlock{margin-bottom:14px;padding-bottom:5px;border-bottom:1px solid #f3f3f3}.hint_toprq_tips{position:relative;width:537px;height:19px;line-height:19px;overflow:hidden;display:none}.hint_toprq_tips span{color:#666}.hint_toprq_icon{margin:0 4px 0 0}.hint_toprq_tips_items{width:444px;_width:440px;max-height:38px;position:absolute;left:95px;top:1px}.hint_toprq_tips_items div{display:inline-block;float:left;height:19px;margin-right:18px;white-space:nowrap;word-break:keep-all}.translateContent{max-width:350px}.translateContent .translateTool{height:16px;margin:-3px 2px}.translateContent .action-translate,.translateContent .action-search{display:inline-block;width:20px;height:16px;background:url(https:\/\/ss1.bdstatic.com\/5eN1bjq8AAUYm2zgoY3K\/r\/www\/cache\/static\/protocol\/https\/global\/img\/translate_tool_icon_57087b6.gif) no-repeat}.translateContent .action-translate{background-position:0 0;border-right:1px solid #dcdcdc}.translateContent .action-translate:hover{background-position:0 -20px}.translateContent .action-search{background-position:-20px 0}.translateContent .action-search:hover{background-position:-20px -20px}.nums{width:538px}.search_tool{_padding-top:15px}.head_nums_cont_outer{height:40px;overflow:hidden;position:relative}.head_nums_cont_inner{position:relative}.search_tool_conter .c-gap-left{margin-left:23px}.search_tool_conter .c-icon-triangle-down{opacity:.6}.search_tool_conter .c-icon-triangle-down:hover{opacity:1}.search_tool,.search_tool_close{float:right}.search_tool,.search_tool_conter span{cursor:pointer;color:#666}.search_tool:hover,.search_tool_conter span:hover{color:#333}.search_tool_conter{font-size:12px;color:#666;margin:0 0 0 121px;height:42px;width:538px;line-height:42px;*height:auto;*line-height:normal;*padding:14px 0}.search_tool_conter span strong{color:#666}.c-tip-con .c-tip-langfilter ul{width:80px;text-align:left;color:#666}.c-tip-con .c-tip-langfilter li a{text-indent:15px;color:#666}.c-tip-con .c-tip-langfilter li span{text-indent:15px;padding:3px 0;color:#999;display:block}.c-tip-con .c-tip-timerfilter ul{width:115px;text-align:left;color:#666}.c-tip-con .c-tip-timerfilter-ft ul{width:180px}.c-tip-con .c-tip-timerfilter-si ul{width:206px;padding:7px 10px 10px}.c-tip-con .c-tip-timerfilter li a{text-indent:15px;color:#666}.c-tip-con .c-tip-timerfilter li span{text-indent:15px;padding:3px 0;color:#999;display:block}.c-tip-con .c-tip-timerfilter-ft li a,.c-tip-con .c-tip-timerfilter-ft li span{text-indent:20px}.c-tip-custom{padding:0 15px 10px;position:relative;zoom:1}.c-tip-custom hr{border:0;height:0;border-top:1px solid #ebebeb}.c-tip-custom p{color:#b6b6b6;height:25px;line-height:25px;margin:2px 0}.c-tip-custom .c-tip-custom-et{margin-bottom:7px}.c-tip-custom-input,.c-tip-si-input{display:inline-block;font-size:11px;color:#333;margin-left:4px;padding:0 2px;width:74%;height:16px;line-height:16px\\9;border:1px solid #ebebeb;outline:0;box-sizing:content-box;-webkit-box-sizing:content-box;-moz-box-sizing:content-box;overflow:hidden;position:relative}.c-tip-custom-input-init{color:#d4d4d4}.c-tip-custom-input-focus,.c-tip-si-input-focus{border:1px solid #3385ff}.c-tip-timerfilter-si .c-tip-si-input{width:138px;height:22px;line-height:22px;vertical-align:0;*vertical-align:-6px;_vertical-align:-5px;padding:0 5px;margin-left:0}.c-tip-con .c-tip-timerfilter li .c-tip-custom-submit,.c-tip-con .c-tip-timerfilter li .c-tip-timerfilter-si-submit{display:inline;padding:4px 10px;margin:0;color:#333;border:1px solid #d8d8d8;font-family:inherit;font-weight:400;text-align:center;vertical-align:0;background-color:#f9f9f9;outline:0}.c-tip-con .c-tip-timerfilter li .c-tip-custom-submit:hover,.c-tip-con .c-tip-timerfilter li .c-tip-timerfilter-si-submit:hover{display:inline;border-color:#388bff}.c-tip-timerfilter-si-error,.c-tip-timerfilter-custom-error{display:none;color:#3385FF;padding-left:4px}.c-tip-timerfilter-custom-error{padding:0;margin:-5px -13px 7px 0}#c-tip-custom-calenderCont{position:absolute;background:#fff;white-space:nowrap;padding:5px 10px;color:#000;border:1px solid #e4e4e4;-webkit-box-shadow:0 2px 4px rgba(0,0,0,.2);box-shadow:0 2px 4px rgba(0,0,0,.2)}#c-tip-custom-calenderCont p{text-align:center;padding:2px 0 4px;*padding:4px 0}#c-tip-custom-calenderCont p i{color:#8e9977;cursor:pointer;text-decoration:underline;font-size:13px}#c-tip-custom-calenderCont .op_cal{background:#fff}.op_cal table{background:#eeefea;margin:0;border-collapse:separate}.op_btn_pre_month,.op_btn_next_month{cursor:pointer;display:block;margin-top:6px}.op_btn_pre_month{float:left;background-position:0 -46px}.op_btn_next_month{float:right;background-position:-18px -46px}.op_cal .op_mon_pre1{padding:0}.op_mon th{text-align:center;font-size:12px;background:#FFF;font-weight:700;border:1px solid #FFF;padding:0}.op_mon td{text-align:center;cursor:pointer}.op_mon h5{margin:0;padding:0 4px;text-align:center;font-size:14px;background:#FFF;height:28px;line-height:28px;border-bottom:1px solid #f5f5f5;margin-bottom:5px}.op_mon strong{font-weight:700}.op_mon td{padding:0 5px;border:1px solid #fff;font-size:12px;background:#fff;height:100%}.op_mon td.op_mon_pre_month{color:#a4a4a4}.op_mon td.op_mon_cur_month{color:#00c}.op_mon td.op_mon_next_month{color:#a4a4a4}.op_mon td.op_mon_day_hover{color:#000;border:1px solid #278df2}.op_mon td.op_mon_day_selected{color:#FFF;border:1px solid #278df2;background:#278df2}.op_mon td.op_mon_day_disabled{cursor:not-allowed;color:#ddd}.zhannei-si-none,.zhannei-si,.hit_quet,.zhannei-search{display:none}#c-tip-custom-calenderCont .op_mon td.op_mon_cur_month{color:#000}#c-tip-custom-calenderCont .op_mon td.op_mon_day_selected{color:#fff}.c-icon-toen{width:24px;height:24px;line-height:24px;background-color:#1cb7fd;color:#fff;font-size:14px;font-weight:700;font-style:normal;display:block;display:inline-block;float:left;text-align:center}.hint_common_restop{width:538px;color:#999;font-size:12px;text-align:left;margin:5px 0 10px 121px}#con-at~#wrapper_wrapper .hint_common_restop{padding-top:7px}.sitelink{overflow:auto;zoom:1}.sitelink_summary{float:left;width:47%;padding-right:30px}.sitelink_summary a{font-size:1.1em;position:relative}.sitelink_summary_last{padding-right:0}.sitelink_en{overflow:auto;zoom:1}.sitelink_en_summary{float:left;width:47%;padding-right:30px}.sitelink_en_summary a{font-size:1.1em;position:relative}.sitelink_en_summary_last{padding-right:0}.sitelink_en_summary_title,.sitelink_en_summary .m{height:22px;overflow:hidden}.without-summary-sitelink-en-container{overflow:hidden;height:22px}.without-summary-sitelink-en{float:left}.without-summary-sitelink-en-delimiter{margin-right:5px;margin-left:5px}.c-frame{margin-bottom:18px}.c-offset{padding-left:10px}.c-gray{color:#666}.c-gap-top-small{margin-top:5px}.c-gap-top{margin-top:10px}.c-gap-bottom-small{margin-bottom:5px}.c-gap-bottom{margin-bottom:10px}.c-gap-left{margin-left:12px}.c-gap-left-small{margin-left:6px}.c-gap-right{margin-right:12px}.c-gap-right-small{margin-right:6px}.c-gap-right-large{margin-right:16px}.c-gap-left-large{margin-left:16px}.c-gap-icon-right-small{margin-right:5px}.c-gap-icon-right{margin-right:10px}.c-gap-icon-left-small{margin-left:5px}.c-gap-icon-left{margin-left:10px}.c-container{width:538px;font-size:13px;line-height:1.54;word-wrap:break-word;word-break:break-word}.c-container .c-container{width:auto}.c-container table{border-collapse:collapse;border-spacing:0}.c-container td{font-size:13px;line-height:1.54}.c-default{font-size:13px;line-height:1.54;word-wrap:break-word;word-break:break-all}.c-container .t,.c-default .t{line-height:1.54}.c-default .t{margin-bottom:0}.cr-content{width:259px;font-size:13px;line-height:1.54;color:#333;word-wrap:break-word;word-break:normal}.cr-content table{border-collapse:collapse;border-spacing:0}.cr-content td{font-size:13px;line-height:1.54;vertical-align:top}.cr-offset{padding-left:17px}.cr-title{font-size:14px;line-height:1.29;font-weight:700}.cr-title-sub{float:right;font-size:13px;font-weight:400}.c-row{*zoom:1}.c-row:after{display:block;height:0;content:\"\";clear:both;visibility:hidden}.c-span2{width:29px}.c-span3{width:52px}.c-span4{width:75px}.c-span5{width:98px}.c-span6{width:121px}.c-span7{width:144px}.c-span8{width:167px}.c-span9{width:190px}.c-span10{width:213px}.c-span11{width:236px}.c-span12{width:259px}.c-span13{width:282px}.c-span14{width:305px}.c-span15{width:328px}.c-span16{width:351px}.c-span17{width:374px}.c-span18{width:397px}.c-span19{width:420px}.c-span20{width:443px}.c-span21{width:466px}.c-span22{width:489px}.c-span23{width:512px}.c-span24{width:535px}.c-span2,.c-span3,.c-span4,.c-span5,.c-span6,.c-span7,.c-span8,.c-span9,.c-span10,.c-span11,.c-span12,.c-span13,.c-span14,.c-span15,.c-span16,.c-span17,.c-span18,.c-span19,.c-span20,.c-span21,.c-span22,.c-span23,.c-span24{float:left;_display:inline;margin-right:17px;list-style:none}.c-span-last{margin-right:0}.c-span-last-s{margin-right:0}.container_l .cr-content{width:351px}.container_l .cr-content .c-span-last-s{margin-right:17px}.container_l .cr-content-narrow{width:259px}.container_l .cr-content-narrow .c-span-last-s{margin-right:0}.c-border{width:518px;padding:9px;border:1px solid #e3e3e3;border-bottom-color:#e0e0e0;border-right-color:#ececec;box-shadow:1px 2px 1px rgba(0,0,0,.072);-webkit-box-shadow:1px 2px 1px rgba(0,0,0,.072);-moz-box-shadow:1px 2px 1px rgba(0,0,0,.072);-o-box-shadow:1px 2px 1px rgba(0,0,0,.072)}.c-border .c-gap-left{margin-left:10px}.c-border .c-gap-left-small{margin-left:5px}.c-border .c-gap-right{margin-right:10px}.c-border .c-gap-right-small{margin-right:5px}.c-border .c-border{width:auto;padding:0;border:0;box-shadow:none;-webkit-box-shadow:none;-moz-box-shadow:none;-o-box-shadow:none}.c-border .c-span2{width:34px}.c-border .c-span3{width:56px}.c-border .c-span4{width:78px}.c-border .c-span5{width:100px}.c-border .c-span6{width:122px}.c-border .c-span7{width:144px}.c-border .c-span8{width:166px}.c-border .c-span9{width:188px}.c-border .c-span10{width:210px}.c-border .c-span11{width:232px}.c-border .c-span12{width:254px}.c-border .c-span13{width:276px}.c-border .c-span14{width:298px}.c-border .c-span15{width:320px}.c-border .c-span16{width:342px}.c-border .c-span17{width:364px}.c-border .c-span18{width:386px}.c-border .c-span19{width:408px}.c-border .c-span20{width:430px}.c-border .c-span21{width:452px}.c-border .c-span22{width:474px}.c-border .c-span23{width:496px}.c-border .c-span24{width:518px}.c-border .c-span2,.c-border .c-span3,.c-border .c-span4,.c-border .c-span5,.c-border .c-span6,.c-border .c-span7,.c-border .c-span8,.c-border .c-span9,.c-border .c-span10,.c-border .c-span11,.c-border .c-span12,.c-border .c-span13,.c-border .c-span14,.c-border .c-span15,.c-border .c-span16,.c-border .c-span17,.c-border .c-span18,.c-border .c-span19,.c-border .c-span20,.c-border .c-span21,.c-border .c-span22,.c-border .c-span23,.c-border .c-span24{margin-right:10px}.c-border .c-span-last{margin-right:0}.c-loading{display:block;width:50px;height:50px;background:url(\/\/www.baidu.com\/aladdin\/img\/tools\/loading.gif) no-repeat 0 0}.c-vline{display:inline-block;margin:0 3px;border-left:1px solid #ddd;width:0;height:12px;_vertical-align:middle;_overflow:hidden}.c-icon{background:url(https:\/\/ss1.bdstatic.com\/5eN1bjq8AAUYm2zgoY3K\/r\/www\/cache\/static\/protocol\/https\/global\/img\/icons_5859e57.png) no-repeat 0 0;_background-image:url(https:\/\/ss1.bdstatic.com\/5eN1bjq8AAUYm2zgoY3K\/r\/www\/cache\/static\/protocol\/https\/global\/img\/icons_d5b04cc.gif)}.c-icon{display:inline-block;width:14px;height:14px;vertical-align:text-bottom;font-style:normal;overflow:hidden}.c-icon-unfold,.c-icon-fold,.c-icon-chevron-unfold,.c-icon-chevron-fold{width:12px;height:12px}.c-icon-star,.c-icon-star-gray{width:60px}.c-icon-qa-empty,.c-icon-safeguard,.c-icon-register-empty,.c-icon-zan,.c-icon-music,.c-icon-music-gray,.c-icon-location,.c-icon-warning,.c-icon-doc,.c-icon-xls,.c-icon-ppt,.c-icon-pdf,.c-icon-txt,.c-icon-play-black,.c-icon-gift,.c-icon-baidu-share,.c-icon-bear,.c-icon-bear-border,.c-icon-location-blue,.c-icon-hotAirBall,.c-icon-moon,.c-icon-streetMap,.c-icon-mv,.c-icon-zhidao-s,.c-icon-shopping{width:16px;height:16px}.c-icon-bear-circle,.c-icon-warning-circle,.c-icon-warning-triangle,.c-icon-warning-circle-gray{width:18px;height:18px}.c-icon-tieba,.c-icon-zhidao,.c-icon-bear-p,.c-icon-bear-pn{width:24px;height:24px}.c-icon-ball-blue,.c-icon-ball-red{width:38px;height:38px}.c-icon-unfold:hover,.c-icon-fold:hover,.c-icon-chevron-unfold:hover,.c-icon-chevron-fold:hover,.c-icon-download:hover,.c-icon-lyric:hover,.c-icon-v:hover,.c-icon-hui:hover,.c-icon-bao:hover,.c-icon-person:hover,.c-icon-high-v:hover,.c-icon-phone:hover,.c-icon-nuo:hover,.c-icon-fan:hover,.c-icon-med:hover,.c-icon-air:hover,.c-icon-share2:hover,.c-icon-v1:hover,.c-icon-v2:hover,.c-icon-write:hover,.c-icon-R:hover{border-color:#388bff}.c-icon-unfold:active,.c-icon-fold:active,.c-icon-chevron-unfold:active,.c-icon-chevron-fold:active,.c-icon-download:active,.c-icon-lyric:active,.c-icon-v:active,.c-icon-hui:active,.c-icon-bao:active,.c-icon-person:active,.c-icon-high-v:active,.c-icon-phone:active,.c-icon-nuo:active,.c-icon-fan:active,.c-icon-med:active,.c-icon-air:active,.c-icon-share2:active,.c-icon-v1:active,.c-icon-v2:active,.c-icon-write:active,.c-icon-R:active{border-color:#a2a6ab;background-color:#f0f0f0;box-shadow:inset 1px 1px 1px #c7c7c7;-webkit-box-shadow:inset 1px 1px 1px #c7c7c7;-moz-box-shadow:inset 1px 1px 1px #c7c7c7;-o-box-shadow:inset 1px 1px 1px #c7c7c7}.c-icon-v3:hover{border-color:#ffb300}.c-icon-v3:active{border-color:#a2a6ab;background-color:#f0f0f0;box-shadow:inset 1px 1px 1px #c7c7c7;-webkit-box-shadow:inset 1px 1px 1px #c7c7c7;-moz-box-shadow:inset 1px 1px 1px #c7c7c7;-o-box-shadow:inset 1px 1px 1px #c7c7c7}.c-icon-unfold,.c-icon-fold,.c-icon-chevron-unfold,.c-icon-chevron-fold,.c-icon-download,.c-icon-lyric{border:1px solid #d8d8d8;cursor:pointer}.c-icon-v,.c-icon-hui,.c-icon-bao,.c-icon-person,.c-icon-high-v,.c-icon-phone,.c-icon-nuo,.c-icon-fan,.c-icon-med,.c-icon-air,.c-icon-share2,.c-icon-v1,.c-icon-v2,.c-icon-v3,.c-icon-write,.c-icon-R{border:1px solid #d8d8d8;cursor:pointer;border-color:transparent;_border-color:tomato;_filter:chroma(color=#ff6347)}.c-icon-v1,.c-icon-v2,.c-icon-v3,.c-icon-v1-noborder,.c-icon-v2-noborder,.c-icon-v3-noborder,.c-icon-v1-noborder-disable,.c-icon-v2-noborder-disable,.c-icon-v3-noborder-disable{width:19px}.c-icon-download,.c-icon-lyric{width:16px;height:16px}.c-icon-play-circle,.c-icon-stop-circle{width:18px;height:18px}.c-icon-play-circle-middle,.c-icon-stop-circle-middle{width:24px;height:24px}.c-icon-play-black-large,.c-icon-stop-black-large{width:36px;height:36px}.c-icon-play-black-larger,.c-icon-stop-black-larger{width:52px;height:52px}.c-icon-flag{background-position:0 -144px}.c-icon-bus{background-position:-24px -144px}.c-icon-calendar{background-position:-48px -144px}.c-icon-street{background-position:-72px -144px}.c-icon-map{background-position:-96px -144px}.c-icon-bag{background-position:-120px -144px}.c-icon-money{background-position:-144px -144px}.c-icon-game{background-position:-168px -144px}.c-icon-user{background-position:-192px -144px}.c-icon-globe{background-position:-216px -144px}.c-icon-lock{background-position:-240px -144px}.c-icon-plane{background-position:-264px -144px}.c-icon-list{background-position:-288px -144px}.c-icon-star-gray{background-position:-312px -144px}.c-icon-circle-gray{background-position:-384px -144px}.c-icon-triangle-down{background-position:-408px -144px}.c-icon-triangle-up{background-position:-432px -144px}.c-icon-triangle-up-empty{background-position:-456px -144px}.c-icon-sort-gray{background-position:-480px -144px}.c-icon-sort-up{background-position:-504px -144px}.c-icon-sort-down{background-position:-528px -144px}.c-icon-down-gray{background-position:-552px -144px}.c-icon-up-gray{background-position:-576px -144px}.c-icon-download-noborder{background-position:-600px -144px}.c-icon-lyric-noborder{background-position:-624px -144px}.c-icon-download-white{background-position:-648px -144px}.c-icon-close{background-position:-672px -144px}.c-icon-fail{background-position:-696px -144px}.c-icon-success{background-position:-720px -144px}.c-icon-triangle-down-g{background-position:-744px -144px}.c-icon-refresh{background-position:-768px -144px}.c-icon-chevron-left-gray{background-position:-816px -144px}.c-icon-chevron-right-gray{background-position:-840px -144px}.c-icon-setting{background-position:-864px -144px}.c-icon-close2{background-position:-888px -144px}.c-icon-chevron-top-gray-s{background-position:-912px -144px}.c-icon-fullscreen{background-position:0 -168px}.c-icon-safe{background-position:-24px -168px}.c-icon-exchange{background-position:-48px -168px}.c-icon-chevron-bottom{background-position:-72px -168px}.c-icon-chevron-top{background-position:-96px -168px}.c-icon-unfold{background-position:-120px -168px}.c-icon-fold{background-position:-144px -168px}.c-icon-chevron-unfold{background-position:-168px -168px}.c-icon-qa{background-position:-192px -168px}.c-icon-register{background-position:-216px -168px}.c-icon-star{background-position:-240px -168px}.c-icon-star-gray{position:relative}.c-icon-star-gray .c-icon-star{position:absolute;top:0;left:0}.c-icon-play-blue{background-position:-312px -168px}.c-icon-pic{width:16px;background-position:-336px -168px}.c-icon-chevron-fold{background-position:-360px -168px}.c-icon-video{width:18px;background-position:-384px -168px}.c-icon-circle-blue{background-position:-408px -168px}.c-icon-circle-yellow{background-position:-432px -168px}.c-icon-play-white{background-position:-456px -168px}.c-icon-triangle-down-blue{background-position:-480px -168px}.c-icon-chevron-unfold2{background-position:-504px -168px}.c-icon-right{background-position:-528px -168px}.c-icon-right-empty{background-position:-552px -168px}.c-icon-new-corner{width:15px;background-position:-576px -168px}.c-icon-horn{background-position:-600px -168px}.c-icon-right-large{width:18px;background-position:-624px -168px}.c-icon-wrong-large{background-position:-648px -168px}.c-icon-circle-blue-s{background-position:-672px -168px}.c-icon-play-gray{background-position:-696px -168px}.c-icon-up{background-position:-720px -168px}.c-icon-down{background-position:-744px -168px}.c-icon-stable{background-position:-768px -168px}.c-icon-calendar-blue{background-position:-792px -168px}.c-icon-triangle-down-blue2{background-position:-816px -168px}.c-icon-triangle-up-blue2{background-position:-840px -168px}.c-icon-down-blue{background-position:-864px -168px}.c-icon-up-blue{background-position:-888px -168px}.c-icon-ting{background-position:-912px -168px}.c-icon-piao{background-position:-936px -168px}.c-icon-wrong-empty{background-position:-960px -168px}.c-icon-warning-circle-s{background-position:-984px -168px}.c-icon-chevron-left{background-position:-1008px -168px}.c-icon-chevron-right{background-position:-1032px -168px}.c-icon-circle-gray-s{background-position:-1056px -168px}.c-icon-v,.c-icon-v-noborder{background-position:0 -192px}.c-icon-hui{background-position:-24px -192px}.c-icon-bao{background-position:-48px -192px}.c-icon-phone{background-position:-72px -192px}.c-icon-qa-empty{background-position:-96px -192px}.c-icon-safeguard{background-position:-120px -192px}.c-icon-register-empty{background-position:-144px -192px}.c-icon-zan{background-position:-168px -192px}.c-icon-music{background-position:-192px -192px}.c-icon-music-gray{background-position:-216px -192px}.c-icon-location{background-position:-240px -192px}.c-icon-warning{background-position:-264px -192px}.c-icon-doc{background-position:-288px -192px}.c-icon-xls{background-position:-312px -192px}.c-icon-ppt{background-position:-336px -192px}.c-icon-pdf{background-position:-360px -192px}.c-icon-txt{background-position:-384px -192px}.c-icon-play-black{background-position:-408px -192px}.c-icon-play-black:hover{background-position:-432px -192px}.c-icon-gift{background-position:-456px -192px}.c-icon-baidu-share{background-position:-480px -192px}.c-icon-bear{background-position:-504px -192px}.c-icon-R{background-position:-528px -192px}.c-icon-bear-border{background-position:-576px -192px}.c-icon-person,.c-icon-person-noborder{background-position:-600px -192px}.c-icon-location-blue{background-position:-624px -192px}.c-icon-hotAirBall{background-position:-648px -192px}.c-icon-moon{background-position:-672px -192px}.c-icon-streetMap{background-position:-696px -192px}.c-icon-high-v,.c-icon-high-v-noborder{background-position:-720px -192px}.c-icon-nuo{background-position:-744px -192px}.c-icon-mv{background-position:-768px -192px}.c-icon-fan{background-position:-792px -192px}.c-icon-med{background-position:-816px -192px}.c-icon-air{background-position:-840px -192px}.c-icon-share2{background-position:-864px -192px}.c-icon-v1,.c-icon-v1-noborder{background-position:-888px -192px}.c-icon-v2,.c-icon-v2-noborder{background-position:-912px -192px}.c-icon-v3,.c-icon-v3-noborder{background-position:-936px -192px}.c-icon-v1-noborder-disable{background-position:-960px -192px}.c-icon-v2-noborder-disable{background-position:-984px -192px}.c-icon-v3-noborder-disable{background-position:-1008px -192px}.c-icon-write{background-position:-1032px -192px}.c-icon-zhidao-s{background-position:-1056px -192px}.c-icon-shopping{background-position:-1080px -192px}.c-icon-bear-circle{background-position:0 -216px}.c-icon-warning-circle{background-position:-24px -216px}.c-icon-warning-triangle{width:24px;background-position:-48px -216px}.c-icon-warning-circle-gray{background-position:-72px -216px}.c-icon-ball-red{background-position:0 -240px}.c-icon-ball-blue{background-position:-48px -240px}.c-icon-tieba{background-position:0 -288px}.c-icon-zhidao{background-position:-48px -288px}.c-icon-bear-p{background-position:-96px -288px}.c-icon-bear-pn{background-position:-144px -288px}.c-icon-download{background-position:0 -336px}.c-icon-lyric{background-position:-24px -336px}.c-icon-play-circle{background-position:-48px -336px}.c-icon-play-circle:hover{background-position:-72px -336px}.c-icon-stop-circle{background-position:-96px -336px}.c-icon-stop-circle:hover{background-position:-120px -336px}.c-icon-play-circle-middle{background-position:0 -360px}.c-icon-play-circle-middle:hover{background-position:-48px -360px}.c-icon-stop-circle-middle{background-position:-96px -360px}.c-icon-stop-circle-middle:hover{background-position:-144px -360px}.c-icon-play-black-large{background-position:0 -408px}.c-icon-play-black-large:hover{background-position:-48px -408px}.c-icon-stop-black-large{background-position:-96px -408px}.c-icon-stop-black-large:hover{background-position:-144px -408px}.c-icon-play-black-larger{background-position:0 -456px}.c-icon-play-black-larger:hover{background-position:-72px -456px}.c-icon-stop-black-larger{background-position:-144px -456px}.c-icon-stop-black-larger:hover{background-position:-216px -456px}.c-recommend{font-size:0;padding:5px 0;border:1px solid #f3f3f3;border-left:0;border-right:0}.c-recommend .c-icon{margin-bottom:-4px}.c-recommend .c-gray,.c-recommend a{font-size:13px}.c-recommend-notopline{padding-top:0;border-top:0}.c-recommend-vline{display:inline-block;margin:0 10px -2px;border-left:1px solid #d8d8d8;width:0;height:12px;_vertical-align:middle;_overflow:hidden}.c-text{display:inline-block;padding:2px;text-align:center;vertical-align:text-bottom;font-size:12px;line-height:100%;font-style:normal;font-weight:400;color:#fff;overflow:hidden}a.c-text{text-decoration:none}.c-text-new{background-color:#f13f40}.c-text-info{padding-left:0;padding-right:0;font-weight:700;color:#2b99ff;*vertical-align:baseline;_position:relative;_top:2px}.c-text-info b{_position:relative;_top:-1px}.c-text-info span{padding:0 2px;font-weight:400}.c-text-important{background-color:#1cb7fd}.c-text-public{background-color:#2b99ff}.c-text-warning{background-color:#ff830f}.c-text-prompt{background-color:#f5c537}.c-text-danger{background-color:#f13f40}.c-text-safe{background-color:#52c277}.c-text-empty{padding-top:1px;padding-bottom:1px;border:1px solid #d8d8d8;cursor:pointer;color:#23b9fd;background-color:#fff}.c-text-empty:hover{border-color:#388bff}.c-text-empty:active{border-color:#a2a6ab;background-color:#f0f0f0;box-shadow:inset 1px 1px 1px #c7c7c7;-webkit-box-shadow:inset 1px 1px 1px #c7c7c7;-moz-box-shadow:inset 1px 1px 1px #c7c7c7;-o-box-shadow:inset 1px 1px 1px #c7c7c7}.c-text-mult{padding-left:5px;padding-right:5px}.c-text-gray{background-color:#666}.c-btn,.c-btn:visited{color:#333!important}.c-btn{display:inline-block;padding:0 14px;margin:0;height:24px;line-height:25px;font-size:13px;filter:chroma(color=#000000);*zoom:1;border:1px solid #d8d8d8;cursor:pointer;font-family:inherit;font-weight:400;text-align:center;vertical-align:middle;background-color:#f9f9f9;overflow:hidden;outline:0}.c-btn:hover{border-color:#388bff}.c-btn:active{border-color:#a2a6ab;background-color:#f0f0f0;box-shadow:inset 1px 1px 1px #c7c7c7;-webkit-box-shadow:inset 1px 1px 1px #c7c7c7;-moz-box-shadow:inset 1px 1px 1px #c7c7c7;-o-box-shadow:inset 1px 1px 1px #c7c7c7}a.c-btn{text-decoration:none}button.c-btn{height:26px;_line-height:18px;*overflow:visible}button.c-btn::-moz-focus-inner{padding:0;border:0}.c-btn .c-icon{margin-top:5px}.c-btn-disable{color:#999!important}.c-btn-disable:visited{color:#999!important}.c-btn-disable:hover{border:1px solid #d8d8d8;cursor:default}.c-btn-disable:active{border-color:#d8d8d8;background-color:#f9f9f9;box-shadow:none;-webkit-box-shadow:none;-moz-box-shadow:none;-o-box-shadow:none}.c-btn-mini{padding-left:5px;padding-right:5px;height:18px;line-height:18px;font-size:12px}button.c-btn-mini{height:20px;_height:18px;_line-height:14px}.c-btn-mini .c-icon{margin-top:2px}.c-btn-large{height:28px;line-height:28px;font-size:14px;font-family:\"\u5fae\u8f6f\u96c5\u9ed1\",\"\u9ed1\u4f53\"}button.c-btn-large{height:30px;_line-height:24px}.c-btn-large .c-icon{margin-top:7px;_margin-top:6px}.c-btn-primary,.c-btn-primary:visited{color:#fff!important}.c-btn-primary{background-color:#388bff;border-color:#3c8dff #408ffe #3680e6}.c-btn-primary:hover{border-color:#2678ec #2575e7 #1c6fe2 #2677e7;background-color:#388bff;background-image:url(data:image\/png;base64,iVBORw0KGgoAAAANSUhEUgAAAAEAAAACCAMAAACuX0YVAAAABlBMVEVnpv85i\/9PO5r4AAAAD0lEQVR42gEEAPv\/AAAAAQAFAAIros7PAAAAAElFTkSuQmCC);*background-image:none;background-repeat:repeat-x;box-shadow:1px 1px 1px rgba(0,0,0,.4);-webkit-box-shadow:1px 1px 1px rgba(0,0,0,.4);-moz-box-shadow:1px 1px 1px rgba(0,0,0,.4);-o-box-shadow:1px 1px 1px rgba(0,0,0,.4)}.c-btn-primary:active{border-color:#178ee3 #1784d0 #177bbf #1780ca;background-color:#388bff;background-image:none;box-shadow:inset 1px 1px 1px rgba(0,0,0,.15);-webkit-box-shadow:inset 1px 1px 1px rgba(0,0,0,.15);-moz-box-shadow:inset 1px 1px 1px rgba(0,0,0,.15);-o-box-shadow:inset 1px 1px 1px rgba(0,0,0,.15)}.c-btn .c-icon{float:left}.c-dropdown2{position:relative;display:inline-block;width:100%;height:26px;line-height:26px;font-size:13px;vertical-align:middle;outline:0;_font-family:SimSun;background-color:#fff;word-wrap:normal;word-break:normal}.c-dropdown2 .c-dropdown2-btn-group{position:relative;height:24px;border:1px solid #999;border-bottom-color:#d8d8d8;border-right-color:#d8d8d8;-moz-user-select:none;-webkit-user-select:none;user-select:none}.c-dropdown2:hover .c-dropdown2-btn-group,.c-dropdown2-hover .c-dropdown2-btn-group{box-shadow:inset 1px 1px 0 0 #d8d8d8;-webkit-box-shadow:inset 1px 1px 0 0 #d8d8d8;-moz-box-shadow:inset 1px 1px 0 0 #d8d8d8;-o-box-shadow:inset 1px 1px 0 0 #d8d8d8}.c-dropdown2:hover .c-dropdown2-btn-icon,.c-dropdown2-hover .c-dropdown2-btn-icon{box-shadow:inset 0 1px 0 0 #d8d8d8;-webkit-box-shadow:inset 0 1px 0 0 #d8d8d8;-moz-box-shadow:inset 0 1px 0 0 #d8d8d8;-o-box-shadow:inset 0 1px 0 0 #d8d8d8}.c-dropdown2:hover .c-dropdown2-btn-icon-border,.c-dropdown2-hover .c-dropdown2-btn-icon-border{background-color:#f2f2f2}.c-dropdown2 .c-dropdown2-btn{height:24px;padding-left:10px;padding-right:10px;cursor:default;overflow:hidden;white-space:nowrap}.c-dropdown2 .c-dropdown2-btn-icon{position:absolute;top:0;right:0;width:23px;height:24px;line-height:24px;background-color:#fff;padding:0 1px 0 10px}.c-dropdown2 .c-dropdown2-btn-icon-border{height:24px;width:23px;border-left:1px solid #d9d9d9;text-align:center;zoom:1}.c-dropdown2 .c-icon-triangle-down{*margin-top:5px;_margin-left:2px}.c-dropdown2 .c-dropdown2-menu{position:absolute;left:0;top:100%;_margin-top:0;width:100%;overflow:hidden;border:1px solid #bbb;background:#fff;visibility:hidden}.c-dropdown2 .c-dropdown2-menu-inner{overflow:hidden}.c-dropdown2 .c-dropdown2-option{background-color:#fff;cursor:pointer}.c-dropdown2 .c-dropdown2-selected{background-color:#f5f5f5}.c-dropdown2-common ul,.c-dropdown2-common li{margin:0;padding:0;list-style:none}.c-dropdown2-common .c-dropdown2-option{height:26px;line-height:26px;font-size:12px;color:#333;white-space:nowrap;cursor:pointer;padding-left:10px}.c-dropdown2-common .c-dropdown2-selected{background-color:#f5f5f5}.c-dropdown2-common .c-dropdown2-menu-group .c-dropdown2-group{padding-left:10px;font-weight:700;cursor:default}.c-dropdown2-common .c-dropdown2-menu-group .c-dropdown2-option{padding-left:20px}.c-img{display:block;min-height:1px;border:0 0}.c-img3{width:52px}.c-img4{width:75px}.c-img6{width:121px}.c-img7{width:144px}.c-img12{width:259px}.c-img15{width:328px}.c-img18{width:397px}.c-border .c-img3{width:56px}.c-border .c-img4{width:78px}.c-border .c-img7{width:144px}.c-border .c-img12{width:254px}.c-border .c-img15{width:320px}.c-border .c-img18{width:386px}.c-index{display:inline-block;padding:1px 0;color:#fff;width:14px;line-height:100%;font-size:12px;text-align:center;background-color:#8eb9f5}.c-index-hot,.c-index-hot1{background-color:#f54545}.c-index-hot2{background-color:#ff8547}.c-index-hot3{background-color:#ffac38}.c-input{display:inline-block;padding:0 4px;height:24px;line-height:24px\\9;font-size:13px;border:1px solid #999;border-bottom-color:#d8d8d8;border-right-color:#d8d8d8;outline:0;box-sizing:content-box;-webkit-box-sizing:content-box;-moz-box-sizing:content-box;vertical-align:top;overflow:hidden}.c-input:hover{box-shadow:inset 1px 1px 1px 0 #d8d8d8;-webkit-box-shadow:inset 1px 1px 1px 0 #d8d8d8;-moz-box-shadow:inset 1px 1px 1px 0 #d8d8d8;-o-box-shadow:inset 1px 1px 1px 0 #d8d8d8}.c-input .c-icon{float:right;margin-top:6px}.c-input .c-icon-left{float:left;margin-right:4px}.c-input input{float:left;height:22px;*padding-top:4px;margin-top:2px;font-size:13px;border:0;outline:0}.c-input{width:180px}.c-input input{width:162px}.c-input-xmini{width:65px}.c-input-xmini input{width:47px}.c-input-mini{width:88px}.c-input-mini input{width:70px}.c-input-small{width:157px}.c-input-small input{width:139px}.c-input-large{width:203px}.c-input-large input{width:185px}.c-input-xlarge{width:341px}.c-input-xlarge input{width:323px}.c-input12{width:249px}.c-input12 input{width:231px}.c-input20{width:433px}.c-input20 input{width:415px}.c-border .c-input{width:178px}.c-border .c-input input{width:160px}.c-border .c-input-xmini{width:68px}.c-border .c-input-xmini input{width:50px}.c-border .c-input-mini{width:90px}.c-border .c-input-mini input{width:72px}.c-border .c-input-small{width:156px}.c-border .c-input-small input{width:138px}.c-border .c-input-large{width:200px}.c-border .c-input-large input{width:182px}.c-border .c-input-xlarge{width:332px}.c-border .c-input-xlarge input{width:314px}.c-border .c-input12{width:244px}.c-border .c-input12 input{width:226px}.c-border .c-input20{width:420px}.c-border .c-input20 input{width:402px}.c-numberset{*zoom:1}.c-numberset:after{display:block;height:0;content:\"\";clear:both;visibility:hidden}.c-numberset li{float:left;margin-right:17px;list-style:none}.c-numberset .c-numberset-last{margin-right:0}.c-numberset a{display:block;width:50px;text-decoration:none;text-align:center;border:1px solid #d8d8d8;cursor:pointer}.c-numberset a:hover{border-color:#388bff}.c-border .c-numberset li{margin-right:10px}.c-border .c-numberset .c-numberset-last{margin-right:0}.c-border .c-numberset a{width:54px}.c-table{width:100%;border-collapse:collapse;border-spacing:0}.c-table th,.c-table td{padding-left:10px;line-height:1.54;font-size:13px;border-bottom:1px solid #f3f3f3;text-align:left}.cr-content .c-table th:first-child,.cr-content .c-table td:first-child{padding-left:0}.c-table th{padding-top:4px;padding-bottom:4px;font-weight:400;color:#666;border-color:#f0f0f0;white-space:nowrap;background-color:#fafafa}.c-table td{padding-top:6.5px;padding-bottom:6.5px}.c-table-hasimg td{padding-top:10px;padding-bottom:10px}.c-table a,.c-table em{text-decoration:none}.c-table a:hover,.c-table a:hover em{text-decoration:underline}.c-table a.c-icon:hover{text-decoration:none}.c-table .c-btn:hover,.c-table .c-btn:hover em{text-decoration:none}.c-table-nohihead th{background-color:transparent}.c-table-noborder td{border-bottom:0}.c-tabs-nav-movetop{margin:-10px -9px 0 -10px;position:relative}.c-tabs-nav{border-bottom:1px solid #d9d9d9;background-color:#fafafa;line-height:1.54;font-size:0;*zoom:1;_overflow-x:hidden;_position:relative}.c-tabs-nav:after{display:block;height:0;content:\"\";clear:both;visibility:hidden}.c-tabs-nav .c-tabs-nav-btn{float:right;_position:absolute;_top:0;_right:0;_z-index:1;background:#fafafa}.c-tabs-nav .c-tabs-nav-btn .c-tabs-nav-btn-prev,.c-tabs-nav .c-tabs-nav-btn .c-tabs-nav-btn-next{float:left;padding:6px 2px;cursor:pointer}.c-tabs-nav .c-tabs-nav-btn .c-tabs-nav-btn-disable{cursor:default}.c-tabs-nav .c-tabs-nav-view{_position:relative;overflow:hidden;*zoom:1;margin-bottom:-1px}.c-tabs-nav .c-tabs-nav-view .c-tabs-nav-li{margin-bottom:0}.c-tabs-nav .c-tabs-nav-more{float:left;white-space:nowrap}.c-tabs-nav li,.c-tabs-nav a{color:#666;font-size:13px;*zoom:1}.c-tabs-nav li{display:inline-block;margin-bottom:-1px;*display:inline;padding:3px 15px;vertical-align:bottom;border-style:solid;border-width:2px 1px 0;border-color:transparent;_border-color:tomato;_filter:chroma(color=#ff6347);list-style:none;cursor:pointer;white-space:nowrap;overflow:hidden}.c-tabs-nav a{text-decoration:none}.c-tabs-nav .c-tabs-nav-sep{height:16px;width:0;padding:0;margin-bottom:4px;border-style:solid;border-width:0 1px;border-color:transparent #fff transparent #dedede}.c-tabs-nav .c-tabs-nav-selected{_position:relative;border-color:#2c99ff #e4e4e4 #fff #dedede;background-color:#fff;color:#000;cursor:default}.c-tabs-nav-one .c-tabs-nav-selected{border-color:transparent;_border-color:tomato;_filter:chroma(color=#ff6347);background-color:transparent;color:#666}.c-tabs .c-tabs .c-tabs-nav{padding:10px 0 5px;border:0 0;background-color:#fff}.c-tabs .c-tabs .c-tabs-nav li,.c-tabs .c-tabs .c-tabs-nav a{color:#00c}.c-tabs .c-tabs .c-tabs-nav li{padding:0 5px;position:static;margin:0 10px;border:0 0;cursor:pointer;white-space:nowrap}.c-tabs .c-tabs .c-tabs-nav .c-tabs-nav-sep{height:11px;width:0;padding:0;margin:0 0 4px;border:0 0;border-left:1px solid #d8d8d8}.c-tabs .c-tabs .c-tabs-nav .c-tabs-nav-selected{background-color:#2c99ff;color:#fff;cursor:default}.c-tag{padding-top:3px;margin-bottom:3px;height:1.7em;font-size:13px;line-height:1.4em;transition:height .3s ease-in;-webkit-transition:height .3s ease-in;-moz-transition:height .3s ease-in;-ms-transition:height .3s ease-in;-o-transition:height .3s ease-in;*zoom:1;overflow:hidden}.c-tag:after{display:block;height:0;content:\"\";clear:both;visibility:hidden}.c-tag-cont{overflow:hidden;*zoom:1}.c-tag-type,.c-tag-li,.c-tag-more,.c-tag-cont span{margin:2px 0}.c-tag-type,.c-tag-li,.c-tag-cont span{float:left}.c-tag-type,.c-tag-more{color:#666}.c-tag-li,.c-tag-cont span{padding:0 4px;display:inline-block;margin-right:12px;white-space:nowrap;cursor:pointer;color:#00c}.c-tag .c-tag-selected{background:#388bff;color:#fff}.c-tag-more{float:right;background:#fff;cursor:pointer;*height:18px}.c-tool{display:inline-block;width:56px;height:56px;background:url(\/\/www.baidu.com\/aladdin\/img\/tools\/tools-5.png) no-repeat}.c-tool-region{background-position:0 0}.c-tool-calendar{background-position:-72px 0}.c-tool-city{background-position:-144px 0}.c-tool-phone-pos{background-position:-216px 0}.c-tool-other{background-position:-288px 0}.c-tool-midnight{background-position:-360px 0}.c-tool-kefu{width:121px;background-position:-432px 0}.c-tool-phone{background-position:-576px 0}.c-tool-car{background-position:-648px 0}.c-tool-station{background-position:0 -72px}.c-tool-cheat{background-position:-72px -72px}.c-tool-counter{background-position:-144px -72px}.c-tool-time{background-position:-216px -72px}.c-tool-zip{background-position:-288px -72px}.c-tool-warning{background-position:-360px -72px}.c-tool-ip{background-position:0 -144px}.c-tool-unit{background-position:-72px -144px}.c-tool-rate{background-position:-144px -144px}.c-tool-conversion{background-position:-288px -144px}.c-tool-ads{background-position:-360px -144px}.soutu-input{padding-left:55px!important}.soutu-input-image{position:absolute;left:1px;top:1px;height:28px;width:49px;z-index:1;padding:0;background:#e6e6e6;border:1px solid #e6e6e6}.soutu-input-thumb{height:28px;width:28px;min-width:1px}.soutu-input-close{position:absolute;right:0;top:0;cursor:pointer;display:block;width:22px;height:28px}.soutu-input-close::after{content:\" \";position:absolute;right:3px;top:50%;cursor:pointer;margin-top:-7px;display:block;width:14px;height:14px;background:url(https:\/\/ss1.bdstatic.com\/5eN1bjq8AAUYm2zgoY3K\/r\/www\/cache\/static\/protocol\/https\/soutu\/img\/soutu_icons_new_8abaf8a.png) no-repeat -163px 0}.soutu-input-image:hover .soutu-input-close::after{background-position:-215px 2px}.fb-hint{margin-top:5px;transition-duration:.9s;opacity:0;display:none;color:red}.fb-img{display:none}.fb-hint-tip{height:44px;line-height:24px;background-color:#38f;color:#fff;box-sizing:border-box;width:269px;font-size:16px;padding:10px;padding-left:14px;position:absolute;top:-65px;right:-15px;border-radius:3px;z-index:299}.fb-hint-tip::before{content:\"\";width:0;height:0;display:block;position:absolute;border-left:8px solid transparent;border-right:8px solid transparent;border-top:8px solid #38f;bottom:-8px;right:25px}.fb-mask,.fb-mask-light{position:absolute;top:0;left:0;bottom:0;right:0;z-index:296;background-color:#000;filter:alpha(opacity=60);background-color:rgba(0,0,0,.6)}.fb-mask-light{background-color:#fff;filter:alpha(opacity=0);background-color:rgba(255,255,255,0)}.fb-success .fb-success-text{text-align:center;color:#333;font-size:13px;margin-bottom:14px}.fb-success-text.fb-success-text-title{color:#3b6;font-size:16px;margin-bottom:16px}.fb-success-text-title i{width:16px;height:16px;margin-right:5px}.fb-list-container{box-sizing:border-box;padding:4px 8px;position:absolute;top:0;left:0;bottom:0;right:0;z-index:298;display:block;width:100%;cursor:pointer;margin-top:-5px;margin-left:-5px}.fb-list-container-hover{background-color:#fff;border:2px #38f solid}.fb-list-container-first{box-sizing:border-box;padding-left:10px;padding-top:5px;position:absolute;top:0;left:0;bottom:0;right:0;z-index:297;display:block;width:100%;cursor:pointer;margin-top:-5px;margin-left:-5px;border:3px #f5f5f5 dashed;border-radius:3px}.fb-des-content{font-size:13px!important;color:#000}.fb-des-content::-webkit-input-placeholder{font-size:13px!important;color:#9a9a9a}.fb-des-content:-moz-placeholder{font-size:13px!important;color:#9a9a9a}.fb-des-content::-moz-placeholder{font-size:13px!important;color:#9a9a9a}.fb-des-content:-ms-input-placeholder{font-size:13px!important;color:#9a9a9a}.fb-btn,.fb-btn:visited{color:#333!important}.fb-select{position:relative;background-color:#fff;border:1px solid #ccc}.fb-select i{position:absolute;right:2px;top:7px}.fb-type{width:350px;box-sizing:border-box;height:28px;font-size:13px;line-height:28px;border:0;word-break:normal;word-wrap:normal;position:relative;appearance:none;-moz-appearance:none;-webkit-appearance:none;display:inline-block;vertical-align:middle;line-height:normal;color:#333;background-color:transparent;border-radius:0;overflow:hidden;outline:0;padding-left:5px}.fb-type::-ms-expand{display:none}.fb-btn{display:inline-block;padding:0 14px;margin:0;height:24px;line-height:25px;font-size:13px;filter:chroma(color=#000000);*zoom:1;border:1px solid #d8d8d8;cursor:pointer;font-family:inherit;font-weight:400;text-align:center;vertical-align:middle;background-color:#f9f9f9;overflow:hidden;outline:0}.fb-btn:hover{border-color:#388bff}.fb-btn:active{border-color:#a2a6ab;background-color:#f0f0f0;box-shadow:inset 1px 1px 1px #c7c7c7;-webkit-box-shadow:inset 1px 1px 1px #c7c7c7;-moz-box-shadow:inset 1px 1px 1px #c7c7c7;-o-box-shadow:inset 1px 1px 1px #c7c7c7}a.fb-btn{text-decoration:none}button.fb-btn{height:26px;_line-height:18px;*overflow:visible}button.fb-btn::-moz-focus-inner{padding:0;border:0}.fb-btn .c-icon{margin-top:5px}.fb-btn-primary,.fb-btn-primary:visited{color:#fff!important}.fb-btn-primary{background-color:#388bff;_width:82px;border-color:#3c8dff #408ffe #3680e6}.fb-btn-primary:hover{border-color:#2678ec #2575e7 #1c6fe2 #2677e7;background-color:#388bff;background-image:url(data:image\/png;base64,iVBORw0KGgoAAAANSUhEUgAAAAEAAAACCAMAAACuX0YVAAAABlBMVEVnpv85i\/9PO5r4AAAAD0lEQVR42gEEAPv\/AAAAAQAFAAIros7PAAAAAElFTkSuQmCC);background-repeat:repeat-x;box-shadow:1px 1px 1px rgba(0,0,0,.4);-webkit-box-shadow:1px 1px 1px rgba(0,0,0,.4);-moz-box-shadow:1px 1px 1px rgba(0,0,0,.4);-o-box-shadow:1px 1px 1px rgba(0,0,0,.4)}.fb-btn-primary:active{border-color:#178ee3 #1784d0 #177bbf #1780ca;background-color:#388bff;background-image:none;box-shadow:inset 1px 1px 1px rgba(0,0,0,.15);-webkit-box-shadow:inset 1px 1px 1px rgba(0,0,0,.15);-moz-box-shadow:inset 1px 1px 1px rgba(0,0,0,.15);-o-box-shadow:inset 1px 1px 1px rgba(0,0,0,.15)}.fb-feedback-right-dialog{position:fixed;z-index:299;bottom:0;right:0}.fb-feedback-list-dialog,.fb-feedback-list-dialog-left{position:absolute;z-index:299}.fb-feedback-list-dialog:before{content:\"\";width:0;height:0;display:block;position:absolute;top:15px;left:-6px;border-top:8px solid transparent;border-bottom:8px solid transparent;border-right:8px solid #fff}.fb-feedback-list-dialog-left:before{content:\"\";width:0;height:0;display:block;position:absolute;top:15px;right:-6px;border-top:8px solid transparent;border-bottom:8px solid transparent;border-left:8px solid #fff}.fb-header{padding-left:20px;padding-right:20px;margin-top:14px;text-align:left;-moz-user-select:none}.fb-header .fb-close{opacity:.2;filter:alpha(opacity=20)}.fb-close{text-decoration:none;margin-top:2px;float:right;font-size:20px;font-weight:700;line-height:18px;color:#666;text-shadow:0 1px 0 #fff}.fb-header a.fb-close:hover{text-decoration:none}.fb-header-tips{font-size:16px;margin:0;color:#333;text-rendering:optimizelegibility}.fb-body{margin-bottom:0;padding:20px;padding-top:10px;overflow:hidden;text-align:left}.fb-modal,.fb-success{background-color:#fff;cursor:default;top:100%;left:100%;width:390px;overflow:hidden;border:1px solid #999;*border:1px solid #ddd;font-size:13px;line-height:1.54}.fb-textarea textarea{width:350px;height:64px;padding:4px;margin:10px 0;vertical-align:top;resize:none;overflow:auto;box-sizing:border-box;display:inline-block;border:1px solid #ccc;-webkit-border-radius:0;-moz-border-radius:0;border-radius:0;-webkit-box-shadow:inset 0 1px 1px rgba(0,0,0,.075);-moz-box-shadow:inset 0 1px 1px rgba(0,0,0,.075);box-shadow:inset 0 1px 1px rgba(0,0,0,.075);-webkit-transition:border linear .2s,box-shadow linear .2s;-moz-transition:border linear .2s,box-shadow linear .2s;-ms-transition:border linear .2s,box-shadow linear .2s;-o-transition:border linear .2s,box-shadow linear .2s;transition:border linear .2s,box-shadow linear .2s}.fb-guide{padding-top:10px;color:#9a9a9a;margin-left:-20px;padding-left:20px;border-right-width:0;margin-right:-20px;padding-right:25px;margin-bottom:-20px;padding-bottom:15px}.fb-footer{padding-top:10px;text-align:left}.fb-block{overflow:hidden;position:relative}.fb-block .fb-email{height:28px;line-height:26px;width:350px;border:1px solid #ccc;padding:4px;padding-top:0;box-sizing:border-box;padding-bottom:0;display:inline-block;font-family:'Helvetica Neue',Helvetica,Arial,sans-serif;vertical-align:middle!important;-webkit-border-radius:0;-moz-border-radius:0;border-radius:0;-webkit-box-shadow:inset 0 1px 1px rgba(0,0,0,.075);-moz-box-shadow:inset 0 1px 1px rgba(0,0,0,.075);box-shadow:inset 0 1px 1px rgba(0,0,0,.075);-webkit-transition:border linear .2s,box-shadow linear .2s;-moz-transition:border linear .2s,box-shadow linear .2s;-ms-transition:border linear .2s,box-shadow linear .2s;-o-transition:border linear .2s,box-shadow linear .2s;transition:border linear .2s,box-shadow linear .2s}.fb-email{font-size:13px!important;color:#000}.fb-email::-webkit-input-placeholder{font-size:13px!important;color:#9a9a9a}.fb-email:-moz-placeholder{font-size:13px!important;color:#9a9a9a}.fb-email::-moz-placeholder{font-size:13px!important;color:#9a9a9a}.fb-email:-ms-input-placeholder{font-size:13px!important;color:#9a9a9a}.fb-cut-block{height:15px;padding-bottom:10px}.fb-canvas-block{height:172px;border:1px solid #ccc;margin-bottom:10px;position:relative;overflow:hidden;width:100%;background-position:center;box-sizing:border-box}.fb-canvas-block img{width:350px;position:absolute}.fb-canvas-block img[src=\"\"]{opacity:0}.fb-cut-input{width:14px;height:14px;margin:0;margin-right:10px;display:inline-block;border:1px solid #ccc}.fb-cut-btn{width:60px!important}#fb_tips_span{vertical-align:middle}#fb_popwindow{display:block;left:457px;top:69.5px;position:absolute;width:450px;z-index:999999;background:none repeat scroll 0 0 #fff;border:1px solid #999;border-radius:3px;box-shadow:0 0 9px #999;padding:0}#feedback_dialog_content{text-align:center}#fb_right_post_save:hover{background-image:url(data:image\/png;base64,iVBORw0KGgoAAAANSUhEUgAAAAEAAAACCAMAAACuX0YVAAAABlBMVEVnpv85i\/9PO5r4AAAAD0lEQVR42gEEAPv\/AAAAAQAFAAIros7PAAAAAElFTkSuQmCC);background-repeat:repeat-x;box-shadow:1px 1px 1px rgba(0,0,0,.4);-webkit-box-shadow:1px 1px 1px rgba(0,0,0,.4);-moz-box-shadow:1px 1px 1px rgba(0,0,0,.4);-o-box-shadow:1px 1px 1px rgba(0,0,0,.4)}.fb-select-icon{position:absolute;bottom:6px;right:5px;width:16px;height:16px;box-sizing:content-box;background-position:center center;background-repeat:no-repeat;background-size:7px 4px;-webkit-background-size:7px 4px;background-image:url(data:image\/png;base64,iVBORw0KGgoAAAANSUhEUgAAAAcAAAAECAYAAABCxiV9AAAABGdBTUEAALGPC\/xhBQAAACBjSFJNAAB6JgAAgIQAAPoAAACA6AAAdTAAAOpgAAA6mAAAF3CculE8AAAABmJLR0QAAAAAAAD5Q7t\/AAAACXBIWXMAAAsSAAALEgHS3X78AAAAKElEQVQI12Ps7Or6z4ADMDIwMDBgU1BeVsbICOMgKygvK2PEMAbdBAAhxA08t5Q3VgAAAABJRU5ErkJggg==)}.fb-select-shorter{position:relative;min-height:28px}.fb-type-container{line-height:28px;position:absolute;top:28px;width:100%;background-color:#fff;border:1px solid #ccc;z-index:300;margin-left:-1px;display:none}.fb-type-item,.fb-type-selected{height:28px;line-height:30px;padding-left:4px}.fb-type-item:hover{background:#f5F5F5}<\/style>";
    result_common_css=$(result_common_css);
    result_common_css.attr("data-for","result");

    var index_css= $('head [index]');
    var wrapper=$("#wrapper");
    window.index_on=function(){
        index_css.insertAfter("meta:eq(0)");
        result_common_css.remove();
        wrapper.show();
        if(bds.su&&bds.su.U&&bds.su.U.homeInit){
            bds.su.U.homeInit();
        }
        //$("#wrapper_wrapper").remove();
    };
    window.index_off=function(){
        //不能操作dom，只能改css，否则会丢失输入法状态
        result_common_css.insertAfter("meta:eq(0)");
        wrapper.show();
        index_css.remove();

        //$("<div id='wrapper_wrapper'></div>").appendTo("#wrapper");
    };
})();

//首页UA diff 监控
$(window).on("load",function() {

	var rand = Math.random();

	if(rand < 0.01) {
		try {
		var baseUrl = "//www.baidu.com/nocache/fesplg/s.gif?log_type=hm&type=uamonitor&",
			queryString = "";

		queryString += "&c_ua=" + encodeURIComponent(navigator.userAgent);
		queryString += "&s_ua=" + encodeURIComponent(bds.comm.userAgent);

		var url=baseUrl+queryString,
			img = new Image(),
			img_rand="_LOG_"+new Date().getTime();
		img.onload=function(){
			delete window[img_rand];
		};
		window[img_rand]=img;
		img.src=url;
		} catch(e) {};
	}
});

</script>

<script type="text/javascript">var Cookie={set:function(e,t,o,i,s,n){document.cookie=e+"="+(n?t:escape(t))+(s?"; expires="+s.toGMTString():"")+(i?"; path="+i:"; path=/")+(o?"; domain="+o:"")},get:function(e,t){var o=document.cookie.match(new RegExp("(^| )"+e+"=([^;]*)(;|$)"));return null!=o?unescape(o[2]):t},clear:function(e,t,o){this.get(e)&&(document.cookie=e+"="+(t?"; path="+t:"; path=/")+(o?"; domain="+o:"")+";expires=Fri, 02-Jan-1970 00:00:00 GMT")}};!function(){function save(e){var t=[];for(tmpName in options)options.hasOwnProperty(tmpName)&&"duRobotState"!==tmpName&&t.push('"'+tmpName+'":"'+options[tmpName]+'"');
var o="{"+t.join(",")+"}";bds.comm.personalData?$.ajax({url:"//www.baidu.com/ups/submit/addtips/?product=ps&tips="+encodeURIComponent(o)+"&_r="+(new Date).getTime(),success:function(){writeCookie(),"function"==typeof e&&e()}}):(writeCookie(),"function"==typeof e&&setTimeout(e,0))}function set(e,t){options[e]=t}function get(e){return options[e]}function writeCookie(){if(options.hasOwnProperty("sugSet")){var e="0"==options.sugSet?"0":"3";clearCookie("sug"),Cookie.set("sug",e,document.domain,"/",expire30y)
}if(options.hasOwnProperty("sugStoreSet")){var e=0==options.sugStoreSet?"0":"1";clearCookie("sugstore"),Cookie.set("sugstore",e,document.domain,"/",expire30y)}if(options.hasOwnProperty("isSwitch")){var t={0:"2",1:"0",2:"1"},e=t[options.isSwitch];clearCookie("ORIGIN"),Cookie.set("ORIGIN",e,document.domain,"/",expire30y)}if(options.hasOwnProperty("imeSwitch")){var e=options.imeSwitch;clearCookie("bdime"),Cookie.set("bdime",e,document.domain,"/",expire30y)}}function writeBAIDUID(){var e,t,o,i=Cookie.get("BAIDUID");
/FG=(\d+)/.test(i)&&(t=RegExp.$1),/SL=(\d+)/.test(i)&&(o=RegExp.$1),/NR=(\d+)/.test(i)&&(e=RegExp.$1),options.hasOwnProperty("resultNum")&&(e=options.resultNum),options.hasOwnProperty("resultLang")&&(o=options.resultLang),Cookie.set("BAIDUID",i.replace(/:.*$/,"")+("undefined"!=typeof o?":SL="+o:"")+("undefined"!=typeof e?":NR="+e:"")+("undefined"!=typeof t?":FG="+t:""),".baidu.com","/",expire30y,!0)}function clearCookie(e){Cookie.clear(e,"/"),Cookie.clear(e,"/",document.domain),Cookie.clear(e,"/","."+document.domain),Cookie.clear(e,"/",".baidu.com")
}function reset(e){options=defaultOptions,save(e)}var defaultOptions={sugSet:1,sugStoreSet:1,isSwitch:1,isJumpHttps:1,imeSwitch:0,resultNum:10,skinOpen:1,resultLang:0,duRobotState:"000"},options={},tmpName,expire30y=new Date;expire30y.setTime(expire30y.getTime()+94608e7);try{if(bds&&bds.comm&&bds.comm.personalData){if("string"==typeof bds.comm.personalData&&(bds.comm.personalData=eval("("+bds.comm.personalData+")")),!bds.comm.personalData)return;for(tmpName in bds.comm.personalData)defaultOptions.hasOwnProperty(tmpName)&&bds.comm.personalData.hasOwnProperty(tmpName)&&"SUCCESS"==bds.comm.personalData[tmpName].ErrMsg&&(options[tmpName]=bds.comm.personalData[tmpName].value)
}try{parseInt(options.resultNum)||delete options.resultNum,parseInt(options.resultLang)||"0"==options.resultLang||delete options.resultLang}catch(e){}writeCookie(),"sugSet"in options||(options.sugSet=3!=Cookie.get("sug",3)?0:1),"sugStoreSet"in options||(options.sugStoreSet=Cookie.get("sugstore",0));var BAIDUID=Cookie.get("BAIDUID");"resultNum"in options||(options.resultNum=/NR=(\d+)/.test(BAIDUID)&&RegExp.$1?parseInt(RegExp.$1):10),"resultLang"in options||(options.resultLang=/SL=(\d+)/.test(BAIDUID)&&RegExp.$1?parseInt(RegExp.$1):0),"isSwitch"in options||(options.isSwitch=2==Cookie.get("ORIGIN",0)?0:1==Cookie.get("ORIGIN",0)?2:1),"imeSwitch"in options||(options.imeSwitch=Cookie.get("bdime",0))
}catch(e){}window.UPS={writeBAIDUID:writeBAIDUID,reset:reset,get:get,set:set,save:save}}(),function(){var e="https://ss1.bdstatic.com/5eN1bjq8AAUYm2zgoY3K/r/www/cache/static/protocol/https/plugins/every_cookie_a70bc15.js";("Mac68K"==navigator.platform||"MacPPC"==navigator.platform||"Macintosh"==navigator.platform||"MacIntel"==navigator.platform)&&(e="https://ss1.bdstatic.com/5eN1bjq8AAUYm2zgoY3K/r/www/cache/static/protocol/https/plugins/every_cookie_mac_82990d4.js"),setTimeout(function(){$.ajax({url:e,cache:!0,dataType:"script"})},0);var t=navigator&&navigator.userAgent?navigator.userAgent:"",o=document&&document.cookie?document.cookie:"",i=!!(t.match(/(msie [2-8])/i)||t.match(/windows.*safari/i)&&!t.match(/chrome/i)||t.match(/(linux.*firefox)/i)||t.match(/Chrome\/29/i)||t.match(/mac os x.*firefox/i)||o.match(/\bISSW=1/)||0==UPS.get("isSwitch"));
bds&&bds.comm&&(bds.comm.supportis=!i,bds.comm.isui=!0),window.__restart_confirm_timeout=!0,window.__confirm_timeout=8e3,window.__disable_is_guide=!0,window.__disable_swap_to_empty=!0,window.__switch_add_mask=!0;var s="https://ss1.bdstatic.com/5eN1bjq8AAUYm2zgoY3K/r/www/cache/static/protocol/https/global/js/all_async_search_bea551a.js",n="/script";document.write("<script src='"+s+"'><"+n+">"),bds.comm.newindex&&$(window).on("index_off",function(){$('<div class="c-tips-container" id="c-tips-container"></div>').insertAfter("#wrapper"),window.__sample_dynamic_tab&&$("#s_tab").remove()
}),bds.comm&&bds.comm.ishome&&Cookie.get("H_PS_PSSID")&&(bds.comm.indexSid=Cookie.get("H_PS_PSSID"))}();</script><script src="https://ss1.bdstatic.com/5eN1bjq8AAUYm2zgoY3K/r/www/cache/static/protocol/https/global/js/all_async_search_bea551a.js"></script>



<script>
if(bds.comm.supportis){
    window.__restart_confirm_timeout=true;
    window.__confirm_timeout=8000;
    window.__disable_is_guide=true;
    window.__disable_swap_to_empty=true;
}
initPreload({
    'isui':true,
    'index_form':"#form",
    'index_kw':"#kw",
    'result_form':"#form",
    'result_kw':"#kw"
});
</script>

<script>
if(navigator.cookieEnabled){
	document.cookie="NOJS=;expires=Sat, 01 Jan 2000 00:00:00 GMT";
}
</script>










<div data-for="result" style="clear:both;display:block;visibility:hidden;position:absolute;top:0;"><span style="width;inherit;margin:0;font:16px/22px arial;">中文</span></div></body></html>]
	at org.testng.Assert.fail(Assert.java:94)
	at org.testng.Assert.failNotEquals(Assert.java:494)
	at org.testng.Assert.assertEquals(Assert.java:123)
	at org.testng.Assert.assertEquals(Assert.java:165)
	at macaca.client.DesktopSampleTest.test_case_1(DesktopSampleTest.java:43)
	at sun.reflect.NativeMethodAccessorImpl.invoke0(Native Method)
	at sun.reflect.NativeMethodAccessorImpl.invoke(NativeMethodAccessorImpl.java:62)
	at sun.reflect.DelegatingMethodAccessorImpl.invoke(DelegatingMethodAccessorImpl.java:43)
	at java.lang.reflect.Method.invoke(Method.java:498)
	at org.testng.internal.MethodInvocationHelper.invokeMethod(MethodInvocationHelper.java:84)
	at org.testng.internal.Invoker.invokeMethod(Invoker.java:714)
	at org.testng.internal.Invoker.invokeTestMethod(Invoker.java:901)
	at org.testng.internal.Invoker.invokeTestMethods(Invoker.java:1231)
	at org.testng.internal.TestMethodWorker.invokeTestMethods(TestMethodWorker.java:127)
	at org.testng.internal.TestMethodWorker.run(TestMethodWorker.java:111)
	at org.testng.TestRunner.privateRun(TestRunner.java:767)
	at org.testng.TestRunner.run(TestRunner.java:617)
	at org.testng.SuiteRunner.runTest(SuiteRunner.java:335)
	at org.testng.SuiteRunner.runSequentially(SuiteRunner.java:330)
	at org.testng.SuiteRunner.privateRun(SuiteRunner.java:291)
	at org.testng.SuiteRunner.run(SuiteRunner.java:240)
	at org.testng.SuiteRunnerWorker.runSuite(SuiteRunnerWorker.java:52)
	at org.testng.SuiteRunnerWorker.run(SuiteRunnerWorker.java:86)
	at org.testng.TestNG.runSuitesSequentially(TestNG.java:1224)
	at org.testng.TestNG.runSuitesLocally(TestNG.java:1149)
	at org.testng.TestNG.run(TestNG.java:1057)
	at org.testng.remote.RemoteTestNG.run(RemoteTestNG.java:111)
	at org.testng.remote.RemoteTestNG.initAndRun(RemoteTestNG.java:204)
	at org.testng.remote.RemoteTestNG.main(RemoteTestNG.java:175)
]]>
    </error>
  </testcase> <!-- test_case_1 -->
  <testcase name="test_case_3" time="3.752" classname="macaca.client.DesktopSampleTest"/>
</testsuite> <!-- macaca.client.DesktopSampleTest -->
