<?xml version="1.0" encoding="UTF-8"?>
<!-- Generated by org.testng.reporters.JUnitReportReporter -->
<testsuite hostname="xingzhifangdeMacBook-Pro.local" name="xiaqiu.LaunchXiaqiuTest" tests="2" failures="0" timestamp="19 Jun 2017 11:22:53 GMT" time="38.239" errors="0">
  <testcase name="test_case_1" time="12.298" classname="xiaqiu.LaunchXiaqiuTest"/>
  <testcase name="test_case_2" time="25.941" classname="xiaqiu.LaunchXiaqiuTest"/>
</testsuite> <!-- xiaqiu.LaunchXiaqiuTest -->
