<?xml version="1.0" encoding="UTF-8"?>
<!-- Generated by org.testng.reporters.JUnitReportReporter -->
<testsuite hostname="xingzhifangdeMacBook-Pro.local" name="macaca.client.H5SampleTest" tests="1" failures="0" timestamp="26 Jun 2017 03:02:47 GMT" time="11.823" errors="1">
  <testcase name="test_case_1" time="11.823" classname="macaca.client.H5SampleTest">
    <error type="java.lang.AssertionError" message="expected [a string containing &quot;macaca&quot;] but found [&lt;!DOCTYPE html&gt;&lt;html xmlns=&quot;http://www.w3.org/1999/xhtml&quot;&gt;&lt;head&gt;&lt;!--STATUS OK--&gt;&lt;meta name=&quot;referrer&quot; content=&quot;always&quot; /&gt;&lt;meta http-equiv=&quot;Content-Type&quot; content=&quot;text/html; charset=utf-8&quot; /&gt;&lt;meta name=&quot;viewport&quot; content=&quot;width=device-width,minimum-scale=1.0,maximum-scale=1.0,user-scalable=no&quot; /&gt;&lt;meta name=&quot;format-detection&quot; content=&quot;telephone=no&quot; /&gt;&lt;title&gt;macaca - 百度&lt;/title&gt;&lt;noscript&gt;&amp;lt;img src=&quot;https://sp0.baidu.com/-rU_dTmfKgQFm2e88IuM_a/w.gif?tag=noscript&quot; /&amp;gt;&amp;lt;style type=&quot;text/css&quot;&amp;gt;.search-page{display:none;}&amp;lt;/style&amp;gt;&amp;lt;meta http-equiv=&quot;refresh&quot; content=&quot;0; URL=http://m.baidu.com/from=844b/s?word=macaca&amp;amp;amp;ts=5961404&amp;amp;amp;t_kt=0&amp;amp;amp;ie=utf-8&amp;amp;amp;fm_kl=021394be2f&amp;amp;amp;rsv_iqid=3894093009&amp;amp;amp;rsv_t=58e9iHhg22yeYzFNRfoX5eUMwE84pyDq73qAFG1ZFmC9qubxApvDbUl7Nw&amp;amp;amp;sa=ib&amp;amp;amp;ms=1&amp;amp;amp;rsv_pq=3894093009&amp;amp;amp;rsv_sug4=1833&amp;amp;amp;ss=101&amp;amp;amp;inputT=619&amp;amp;amp;pu=sz%401321_480&amp;amp;amp;t_noscript=jump&quot; /&amp;gt;&lt;/noscript&gt;&lt;link rel=&quot;shortcut icon&quot; href=&quot;/se/static/img/iphone/favicon.ico&quot; type=&quot;image/x-icon&quot; /&gt;&lt;link rel=&quot;apple-touch-icon-precomposed&quot; href=&quot;//m.baidu.com/se/static/img/iphone/screen_icon.png&quot; /&gt;&lt;script type=&quot;text/javascript&quot;&gt;(function(){window._uid=&#039;C0F95CD351C3B5B77422AA3B18E9217B:FG=1&#039;;var B = window.B || {};B.comm = B.comm || {};B.comm.domLoadingTime = (window.performance &amp;amp;&amp;amp; window.performance.timing &amp;amp;&amp;amp; window.performance.timing.domLoading) ? window.performance.timing.domLoading : new Date().getTime();B.comm.isAndroid = 1;B.comm.isShowCallBaiduApp = 1;B.comm.lsConf={lsSuportKey:&#039;lssp&#039;,lsVersionKey:&#039;lsv&#039;,lsPrefix:&#039;wise_se_&#039;};window.B = B;window.page = B;})();!function(e,a){function o(e,o,t,n){a.cookie=e+&quot;=&quot;+encodeURIComponent(o)+&quot;;domain=&quot;+t+&quot;;path=/;expires=&quot;+n.toGMTString()+&quot;;&quot;}function t(e,o){var t=a.head||a.getElementsByTagName(&quot;head&quot;)[0],n=a.createElement(&quot;script&quot;);n.dataset.version=o,n.appendChild(a.createTextNode(e)),t.appendChild(n)}function n(e,o){var t=a.head||a.getElementsByTagName(&quot;head&quot;)[0],n=a.createElement(&quot;style&quot;);n.type=&quot;text/css&quot;,n.rel=&quot;stylesheet&quot;,n.dataset.version=o,n.appendChild(a.createTextNode(e)),t.appendChild(n)}function i(){var t=new Date;o(c.lsVersionKey,&quot;&quot;,a.domain,t),o(c.lsVersionKey,&quot;&quot;,&quot;.baidu.com&quot;,t),o(c.lsVersionKey,&quot;&quot;,&quot;.m.baidu.com&quot;,t);var n=0;e.navigator.cookieEnabled&amp;amp;&amp;amp;(n=1);var i=e.location.hash.match(/src_(.*)[\||$]/);if(i)e.location.replace(&quot;/s?iscookie=1&amp;amp;word=&quot;+i[1]);else{var s=e.location.href.replace(/(\/s\?)/,&quot;/s?iscookie=&quot;+n+&quot;&amp;amp;&quot;);e.location.replace(s)}}function s(a,o){try{var s=e.localStorage,r=s.getItem(c.lsPrefix+a);if(r.length&amp;lt;=100)return void i();&quot;js&quot;==o?t(r,a):&quot;css&quot;==o&amp;amp;&amp;amp;n(r,a)}catch(l){i()}}var c={lsSuportKey:&quot;lssp&quot;,lsVersionKey:&quot;lsv&quot;,lsPrefix:&quot;wise_se_&quot;};if(page&amp;amp;&amp;amp;page.comm&amp;amp;&amp;amp;page.comm.lsConf){var c=page.comm.lsConf;e.excuteLSCode=s}}(window,document);;if(window.Zepto){window._Zepto=Zepto;}&lt;/script&gt;&lt;script data-version=&quot;globalTjs_99d50e7&quot; class=&quot;code-fr-ls&quot; data-key=&quot;globalTjs&quot;&gt;excuteLSCode(&#039;globalTjs_99d50e7&#039;,&#039;js&#039;)&lt;/script&gt;&lt;script data-version=&quot;globalTjs_99d50e7&quot;&gt;!function(t){function n(){return e[i]=e[i]||t.apply(this,arguments),e[i]}window.B=window.B||{};var e=B.search=B.search||{},i=&quot;eventManager&quot;;n.apply(this,[])}(function(){function t(t,n){try{t.apply(this,n)}catch(e){window.console&amp;amp;&amp;amp;console.error&amp;amp;&amp;amp;console.error(e)}}function n(n,e,i,o){var a=this;a.hasEvent(n),&quot;pending&quot;==a.events[n].status&amp;amp;&amp;amp;(i&amp;amp;&amp;amp;(a.events[n].status=&quot;fulfilled&quot;),a.callbacks[n].forEach(function(n){(!n.execed||o)&amp;amp;&amp;amp;(n.execed=!0,n.func&amp;amp;&amp;amp;&quot;function&quot;==typeof n.func&amp;amp;&amp;amp;(n.immediate?t(n.func,e):setTimeout(function(){t(n.func,e)},0)))}),a.realize[n]&amp;amp;&amp;amp;a.trigger(a.realize[n]))}var e=function(){this.callbacks={},this.events={},this.realize={ready:&quot;afterready&quot;,load:&quot;afterload&quot;,destroy:&quot;afterdestroy&quot;}};return e.prototype.hasEvent=function(t){var n=this;return void 0===n.events[t]?(n.callbacks[t]=[],n.events[t]={status:&quot;pending&quot;},!1):!0},e.prototype.on=function(t,n,e,i){var o=this;o.hasEvent(t),o.callbacks[t].push({func:n,once:e||!1,immediate:i===!1?!1:!0}),&quot;fulfilled&quot;==o.events[t].status&amp;amp;&amp;amp;o.fire(t)},e.prototype.one=function(t,n,e){this.on(t,n,!0,e)},e.prototype.dispatch=function(t){n.call(this,t,arguments,!1,!0)},e.prototype.trigger=function(t){n.call(this,t,arguments,!0)},e.prototype.fire=function(n){var e=this;e.callbacks[n].forEach(function(n){n.execed||(n.execed=!0,n.func&amp;amp;&amp;amp;&quot;function&quot;==typeof n.func&amp;amp;&amp;amp;(n.immediate?t(n.func,e.arguments):setTimeout(function(){t(n.func,e.arguments)},0)))})},e.prototype.clone=function(){var t=this,n=new e;n.events=t.events;for(var i in n.events)n.events[i].status=&quot;pending&quot;;n.callbacks={};for(var o in t.callbacks)n.callbacks[o]=[],t.callbacks[o].forEach(function(t){t.once||n.callbacks[o].push({func:t.func,execed:!1,immediate:t.immediate})});return n},e}),!function(t){function n(){return e[i]=e[i]||t.apply(this,arguments),e[i]}window.B=window.B||{};var e=B.search=B.search||{},i=&quot;Search&quot;;n.apply(this,[])}(function(){function t(t){return function(){e[t].apply(e,arguments)}}var n=window.B||{},e=new n.search.eventManager,i={on:t(&quot;on&quot;),one:t(&quot;one&quot;),trigger:t(&quot;trigger&quot;),dispatch:t(&quot;dispatch&quot;),restoreEvent:function(){e=e.clone()}};if(n.on=i.on,n.one=i.one,n.onload=function(t){n.one(&quot;load&quot;,t,!1)},n.init=function(t){n.one(&quot;init&quot;,t)},n._fireReady=function(){i.trigger(&quot;ready&quot;)},n._fireInit=function(){i.trigger(&quot;init&quot;)},window.addEventListener(&quot;load&quot;,function(){i.trigger(&quot;load&quot;)},!1),document.addEventListener(&quot;DOMContentLoaded&quot;,function(){i.trigger(&quot;DOMContentLoaded&quot;)},!1),!window.__sam_async_super&amp;amp;&amp;amp;!window.__sam_async_index){var o=[{status:18,time:6e3},{status:17,time:12e3}];o.forEach(function(t){setTimeout(function(){var n=document.getElementsByClassName(&quot;result&quot;).length,e=document.getElementsByClassName(&quot;se-noresult-tips&quot;).length,i=document.getElementsByClassName(&quot;se-page-bd&quot;).length?1:0;if(!n&amp;amp;&amp;amp;!e){var o=new Date;o.setTime(o.getTime()+3e5),document.cookie=&quot;WISEWR=&quot;+t.status+&quot;_&quot;+i+&quot;;domain=.baidu.com;path=/;expires=&quot;+o.toGMTString()+&quot;;&quot;}},t.time)})}return i}),!function(){var t=window.A={};t.onload=B.onload,t.list=[],t.log={settings:{API_URL:&quot;//m.baidu.com/tc?&quot;,PARAMS:{tcreq4log:1,clk_type:1,vit:&quot;osres&quot;,l:1},sPARAMS:{}},send:function(t){var n=+new Date,e=&quot;WISE_ALADDIN_LOG_&quot;+n,i=window[e]=new Image;i.onload=i.onerror=i.onabort=function(){i.onload=i.onerror=i.onabort=null,i=null,window[e]=null},i.src=t},init:function(n,e){if(n)for(var i in n)t.log.settings.PARAMS[i]=n[i];if(e)for(var o in e)t.log.settings.sPARAMS[o]=e[o]},list:{}};var n=null;t._setContainer=function(t){Array.isArray(t)&amp;amp;&amp;amp;(t=t[0]),t&amp;amp;&amp;amp;t.tagName&amp;amp;&amp;amp;(n=t)};var e=function(){for(var t=document.getElementsByTagName(&quot;script&quot;),n=t[t.length-1];n&amp;amp;&amp;amp;n.getAttribute&amp;amp;&amp;amp;!n.getAttribute(&quot;srcid&quot;);)n=n.parentNode;return n&amp;amp;&amp;amp;n.getAttribute?n:document.body},i=!1;B.on(&quot;destroy&quot;,function(){i=!1,n=null,document.body.initIndex=0});var o=function(){var t;return i&amp;amp;&amp;amp;(n=e()),n||(t=e(),t&amp;amp;&amp;amp;(i=!0,n=t)),n};t._alaData=[];var a=function(t,n,e,i){var o;if(t.initIndex?o=i[i.length-1]:(o={container:t,data:{},handlers:[],index:i.length},t.initIndex=i.length+1,i.push(o)),&quot;function&quot;==typeof n)o.handlers.push(n);else if(&quot;object&quot;==typeof n)for(var a in n)n.hasOwnProperty(a)&amp;amp;&amp;amp;(o.data[a]=n[a]);else o[n]=e;return o},r=[];t._tmpAlaData=[],t.merge=function(e,i,o,s){var c=null;if(&quot;&quot;!=o&amp;amp;&amp;amp;(c=document.querySelector(&quot;[srcid=&#039;&quot;+i+&quot;&#039;][order=&#039;&quot;+o+&quot;&#039;]&quot;)),c||(c=document.querySelector(&quot;[srcid=&#039;&quot;+i+&quot;&#039;]&quot;)),Array.isArray(c)&amp;amp;&amp;amp;(c=c[0]),c&amp;amp;&amp;amp;c.tagName){n=c;var u=a(c,{},null,t._tmpAlaData);u.type=s,&quot;&quot;!==s&amp;amp;&amp;amp;(u.subData=[]),r.push(u),1===r.length?t._alaData.push(u):r[r.length-2].subData.push(u),e(),r.pop()}},t.init=t.setup=function(n,e){if(void 0!==n&amp;amp;&amp;amp;null!==n){if(t._initstart)return void(&quot;function&quot;==typeof n&amp;amp;&amp;amp;n.call({container:document.body,data:{},srcid:&quot;&quot;,log:&quot;&quot;}));var i=r.length;if(0===i){var s=o();if(!s)return;a(s,n,e,t._alaData)}else{var c=r[i-1];if(!c||!c.container)return;var u=null;u=1===i?t._alaData:r[i-2].subData,a(c.container,n,e,u)}}};var s=window.Sa={},c=null;s._setContainer=function(t){t&amp;amp;&amp;amp;t.tagName&amp;amp;&amp;amp;(c=t)};var u=function(){return c},d=[],l=function(n,e,i){var r=o();if(r){r.initIndex||a(r,{},null,t._alaData);var s=a(n,e,i,d);if(!s.hasAdded){var c=r.initIndex,u=t._alaData[c-1];!u.santaData&amp;amp;&amp;amp;(u.santaData=[]),u.santaData.push(s),s.hasAdded=!0}}};s.setup=function(t,n){if(t){var e=u();e&amp;amp;&amp;amp;l(e,t,n)}}}(),!function(){window.B=window.B||{};var t=function(t){var n=this;switch(n._point={},n._cost={},n._point.init=n.now(),n._host=&quot;//m.baidu.com/speed/static/tj.gif?&quot;,n.id=n._point.init,n.option=t||{},n.option.type){case&quot;feed_play&quot;:n.strategy={play:{type:&quot;time&quot;,point:&quot;play&quot;,send:!0}};break;case&quot;mip_play&quot;:n.strategy={play:{type:&quot;time&quot;,point:&quot;play&quot;,send:!0}};break;default:n.monitor=n.option.monitor||{fs:{type:&quot;img&quot;,selector:n.option.imgSelector,point:&quot;img&quot;}},n.strategy={net:{type:&quot;time&quot;,point:&quot;init&quot;},firstSc:{type:&quot;time&quot;,point:&quot;fs&quot;,send:!0},imgSc:{type:&quot;time&quot;,point:&quot;img&quot;,send:n.option.imgSelector?!0:!1}};var e=window.performance&amp;amp;&amp;amp;window.performance.timing&amp;amp;&amp;amp;window.performance.timing.navigationStart;e&amp;amp;&amp;amp;(n._point.st=e)}n._send=[];for(var i in n.strategy)n.strategy[i].send&amp;amp;&amp;amp;n._send.push(i)};t.prototype={p:function(t,n){this._point[t]=n||this.now(),this._check(t)},t:function(t,n){this._cost[t]=n,this._check()},b:function(t){this.p(t)},e:function(t){this.p(t+&quot;_end&quot;)},_deal:function(){},now:function(){return(new Date).getTime()},send:function(){var t=this;if(!t.sended){var n=Math.random();if(!(n&amp;gt;=.5&amp;amp;&amp;amp;.52&amp;gt;n))return void(t.sended=!0);var e=t._host+&quot;pagetype=vertical&amp;amp;type=&quot;+t.option.type;for(var i in t.strategy){var o=t.strategy[i];&quot;time&quot;==o.type&amp;amp;&amp;amp;t._point[o.point]&amp;amp;&amp;amp;t._point[o.begin||&quot;st&quot;]?t._cost[i]=t._point[o.point]-t._point[o.begin||&quot;st&quot;]:&quot;point&quot;==o.type&amp;amp;&amp;amp;t._point[o.point]&amp;amp;&amp;amp;(e+=&quot;&amp;amp;&quot;+i+&quot;=&quot;+t._point[o.point])}for(var a in t._cost)e+=&quot;&amp;amp;&quot;+a+&quot;=&quot;+t._cost[a];if(t.option.ext)for(var a in t.option.ext)e+=&quot;&amp;amp;&quot;+a+&quot;=&quot;+t.option.ext[a];t.sended=!0;var r=new Image;r.src=e,delete t}},_imgMonitor:function(t){function n(){a--,0==a&amp;amp;&amp;amp;(e.p(&quot;img&quot;),clearTimeout(s))}for(var e=this,i=document.querySelectorAll(t.selector),o=i.length,a=0,r=0;o&amp;gt;r;r++)i[r].spdId||i[r].complete||(i[r].spdId=e.id,i[r].addEventListener(&quot;load&quot;,n),i[r].addEventListener(&quot;error&quot;,n),a++);if(0==a)e.p(&quot;img&quot;);else var s=setTimeout(function(){e.p(&quot;img&quot;)},3e4)},_check:function(t){var n=this,e=t&amp;amp;&amp;amp;n.monitor&amp;amp;&amp;amp;n.monitor[t];if(e&amp;amp;&amp;amp;&quot;img&quot;==e.type&amp;amp;&amp;amp;e.selector&amp;amp;&amp;amp;n._imgMonitor(e),!this.checked){var i=0;for(var o in n._send){var a=n._send[o],r=n.strategy[a];r.done?i++:r.point&amp;amp;&amp;amp;n._point[r.point]?(r.done=!0,i++):r.end&amp;amp;&amp;amp;n._point[r.end+&quot;_end&quot;]?(r.done=!0,i++):n._cost[a]&amp;amp;&amp;amp;(r.done=!0,i++)}i==n._send.length&amp;amp;&amp;amp;(n.checked=!0,n.send())}}},window.SpeedLog=B.SpeedLog=t}(),!function(){document.addEventListener(&quot;touchstart&quot;,function(){page.comm=page.comm||{},page.comm.enableTotop=!1},!1)}();&lt;/script&gt;&lt;script data-version=&quot;routejs_604d86b&quot; class=&quot;code-fr-ls&quot; data-key=&quot;routejs&quot;&gt;excuteLSCode(&#039;routejs_604d86b&#039;,&#039;js&#039;)&lt;/script&gt;&lt;script data-version=&quot;routejs_604d86b&quot;&gt;window.B=window.B||{},function(t){var a=function(){function a(t,a){m=&quot;virtual&quot;,b.routeStatus={action:&quot;push&quot;,type:&quot;virtual&quot;};var e=t;if(e)if(&quot;base&quot;==t){for(var r in y)d.remove(y[r]);d.set(t,a)}else d.set(t,a)}function e(){m=&quot;virtual&quot;,b.routeStatus={action:&quot;back&quot;,type:&quot;virtual&quot;},history.back()}function r(){}function n(t,a){var e={};&quot;function&quot;==typeof a&amp;amp;&amp;amp;(e.doActivity=a),&quot;object&quot;==typeof a&amp;amp;&amp;amp;(e.doActivity=a.do,e.beforeActivity=a.before,e.afterActivity=a.after,e.destroy=a.destroy,e.ready=a.ready),l.regist(t,e)}function o(t){l.remove(t)}function i(t){var a=t.match(/#(.*)$/),e=a?a[0]:&quot;&quot;;return 0===e.indexOf(&quot;#%7C&quot;)&amp;amp;&amp;amp;(e=e.replace(/%7C/,&quot;|&quot;)),e||&quot;&quot;}function u(t){var a,e,r=t.split(&quot;|&quot;),n={};for(var o in r)a=r[o],&quot;&quot;!=a&amp;amp;&amp;amp;(e=a.split(&quot;=&quot;),2==e.length&amp;amp;&amp;amp;(n[e[0]]=decodeURIComponent(e[1])));return n}function c(t,a,e,r){var n,o,i,u;r.forEach(function(t){var a=t.type;(&quot;removed&quot;==a||&quot;modified&quot;==a)&amp;amp;&amp;amp;(o=t.key,u=t.oldValue),(&quot;added&quot;==a||&quot;modified&quot;==a)&amp;amp;&amp;amp;(n=t.key,i=t.newValue)}),b.last={path:o||&quot;base&quot;,params:u},b.path=n||&quot;base&quot;,b.params=i,l.run(b.path,b).then(function(){m=&quot;natural&quot;,b.routeStatus={action:&quot;history&quot;,type:&quot;natural&quot;}}),h.path=b.path,h.params=b.params}function s(){require([&quot;sf/controller&quot;],function(t){l=t})}function p(){if((d=t.hash)&amp;amp;&amp;amp;v!==!0){d.on(&quot;change&quot;,c);var a=u(i(location.href)),e={last:{path:&quot;&quot;,params:&quot;&quot;},path:&quot;&quot;,params:&quot;&quot;};for(var r in a)e.params=a[r],e.path=r,l.run(r,e).then(function(){m=&quot;natural&quot;}),h.path=r,h.params=a[r];v=!0}}function f(){var t=u(i(location.href)),a=&quot;div.search-page,body div.se-page-hd&quot;;for(var e in t)if(&quot;act&quot;==e||&quot;base&quot;==e&amp;amp;&amp;amp;&quot;feed&quot;==t[e]){var r=document.createElement(&quot;style&quot;);r.id=&quot;activitystyle&quot;,r.innerHTML=a+&quot;{width:100%;position:absolute;top:-99999px;opacity:0;}&quot;,document.head.appendChild(r);break}}var d,l,h={},v=!1,y=[&quot;act&quot;],m=&quot;natural&quot;,b={last:{},path:&quot;&quot;,params:null,routeStatus:{action:&quot;history&quot;,type:&quot;natural&quot;}};return f(),{push:a,replace:r,on:n,init:s,start:p,back:e,current:h,remove:o}};t.route||(t.route=new a)}(B);&lt;/script&gt;&lt;script data-version=&quot;activityControllerjs_815cbd9&quot; class=&quot;code-fr-ls&quot; data-key=&quot;activityControllerjs&quot;&gt;excuteLSCode(&#039;activityControllerjs_815cbd9&#039;,&#039;js&#039;)&lt;/script&gt;&lt;script data-version=&quot;activityControllerjs_815cbd9&quot;&gt;window.page=window.page||{},function(t){function a(){function a(){var t=location.href.match(/#(.*)$/),a=t?t[0]:&quot;&quot;;return 0===a.indexOf(&quot;#%7C&quot;)&amp;amp;&amp;amp;(a=a.replace(/%7C/,&quot;|&quot;)),a||&quot;&quot;}function e(t){t&amp;amp;&amp;amp;t.last&amp;amp;&amp;amp;&quot;base&quot;===t.last.path&amp;amp;&amp;amp;(v=pageYOffset)}function n(t){var a,e,n=t.last.params,r=t.params;return e=u(r),t.last.path===t.path&amp;amp;&amp;amp;(a=u(n)),i(e,a,!1,t)}function r(t){var a=u(t.params);i(a,null,!0,t)}function i(a,e,n,r){var i=[],s=$.Deferred();for(var c in arguments)arguments[c]&amp;amp;&amp;amp;t.amd.exist(arguments[c].name)&amp;amp;&amp;amp;i.push(arguments[c].name);return i.length&amp;gt;0&amp;amp;&amp;amp;(d={from:{path:r.last?r.last.path:null,params:r.last?u(r.last.params):null},to:{path:r.path,params:u(r.params)},status:r.routeStatus},require(i,function(t,r){var i=t===r;r||(r=t);var u={routeState:y,routeScope:d},c=new o;n?(a&amp;amp;&amp;amp;c.push(t.start,t,a.state,u),a&amp;amp;&amp;amp;c.push(t.resume,t,a.state,u)):i?(e&amp;amp;&amp;amp;c.push(r.destroy,r,e.state,u),a&amp;amp;&amp;amp;c.push(t.create,t,a.state,u)):(e&amp;amp;&amp;amp;c.push(r.stop,r,e.state,u),a&amp;amp;&amp;amp;c.push(t.create,t,a.state,u),e&amp;amp;&amp;amp;c.push(r.destroy,r,e.state,u)),c.push(function(){y=&quot;natural&quot;,d={}},this),c.excute(s)})),s}function o(){function t(t){return e=$.Deferred(),e.resolve(),$.each(n,function(){var t=this;e=e.then(function(){return t()})}),n=[],e.then(function(){t.resolve()})}function a(t,a){var e=2 in arguments&amp;amp;&amp;amp;Array.prototype.slice.call(arguments,2);&quot;function&quot;==typeof t&amp;amp;&amp;amp;n.push(function(){return t.apply(a,e?e:[])})}var e,n=[];return{push:a,excute:t}}function s(t){var a=t.last?u(t.last.params):null;i(null,a,!1,t)}function u(t){var a=/([^=]+)=?(.*)/,e=t?t.match(a):null;if(e&amp;amp;&amp;amp;e[1]){var n={};return n.name=e[1],n.state=e[2]?$.parseJSON(decodeURIComponent(e[2])):void 0,n}return!1}function c(a){y=&quot;virtual&quot;,a=a||{};a.silent===!0?!0:!1;if(a.activity)if(&quot;base&quot;===a.activity)t.route.push(&quot;base&quot;);else{var e=a.state;a.activity.indexOf(&quot;activity/&quot;)&amp;lt;0&amp;amp;&amp;amp;(a.activity=&quot;activity/&quot;+a.activity),e=e?a.activity+&quot;=&quot;+encodeURIComponent(JSON.stringify(a.state)):a.activity,t.route.push(&quot;act&quot;,e)}}function p(t){function e(){var a=t.state;a=a?t.activity+&quot;=&quot;+encodeURIComponent(JSON.stringify(t.state)):t.activity;var e=&quot;|act=&quot;+encodeURIComponent(a);return-1===location.href.indexOf(&quot;#&quot;)&amp;amp;&amp;amp;(e=&quot;#&quot;+e),e}function n(t){HASH.mute=!0,window.location.replace(t),setTimeout(function(){HASH.mute=!1},100)}t=t||{};t.silent===!0?!0:!1;if(t.activity){var r=a(),i=r.match(/(.*?)(\|act)\=(.*?)(%3D|$)(.*?)(\||$)(.*?)$/),o=actAfter=&quot;&quot;;if(null==i){if(&quot;base&quot;===t.activity)return;n(window.location.href+e())}else{var s=location.protocol+&quot;//&quot;+location.host+location.pathname+location.search;if(o=i[1],actAfter=i[6]+i[7],&quot;base&quot;===t.activity)s+=o+actAfter;else{if(e()===&quot;|act=&quot;+i[3]+&quot;%3D&quot;+i[5])return;s+=o+e()+actAfter}n(s)}}}function f(){(HASH=t.hash)&amp;amp;&amp;amp;h!==!0&amp;amp;&amp;amp;(t.route.init(),t.route.on(&quot;act&quot;,{before:e,&quot;do&quot;:n,ready:r,destroy:s}),t.route.on(&quot;base&quot;,{&quot;do&quot;:function(t){&quot;base&quot;==t.path&amp;amp;&amp;amp;&quot;feed&quot;!=t.params&amp;amp;&amp;amp;$(&quot;#activitystyle&quot;).remove()},ready:function(){&quot;undefined&quot;!=typeof v&amp;amp;&amp;amp;scrollTo(0,v)},destroy:function(){var t=$(&#039;&amp;lt;style id=&quot;activitystyle&quot;&amp;gt;div.search-page,div.se-page-hd{width:100%;position:absolute;top:-99999px;opacity:0;}&amp;lt;/style&amp;gt;&#039;);$(&quot;head&quot;).append(t)}}),t.route.start(),h=!0)}function l(){y=&quot;virtual&quot;,t.route.back()}var v,h=!1,y=&quot;natural&quot;,d={};return{start:f,pushState:c,replaceState:p,back:l}}t.activity||(t.activity=new a)}(page);&lt;/script&gt;&lt;script data-version=&quot;wwwTcss_bd070eb&quot; class=&quot;code-fr-ls&quot; data-key=&quot;wwwTcss&quot;&gt;excuteLSCode(&#039;wwwTcss_bd070eb&#039;,&#039;css&#039;)&lt;/script&gt;&lt;style type=&quot;text/css&quot; data-version=&quot;wwwTcss_bd070eb&quot;&gt;@font-face{font-family:sicons;src:url(//m.baidu.com/static/search/iconfont/search_iconfont_128e950d.eot);src:url(//m.baidu.com/static/search/iconfont/search_iconfont_128e950d.eot#iefix) format(&#039;embedded-opentype&#039;),url(//m.baidu.com/static/search/iconfont/search_iconfont_128e950d.woff) format(&#039;woff&#039;),url(//m.baidu.com/static/search/iconfont/search_iconfont_128e950d.ttf) format(&#039;truetype&#039;),url(//m.baidu.com/static/search/iconfont/search_iconfont_128e950d.svg?#iconfont) format(&#039;svg&#039;);font-weight:400;font-style:normal}@font-face{font-family:alaicons;src:url(//m.baidu.com/static/search/iconfont/iconfont_58af466f.eot);src:url(//m.baidu.com/static/search/iconfont/iconfont_58af466f.eot#iefix) format(&#039;embedded-opentype&#039;),url(//m.baidu.com/static/search/iconfont/iconfont_58af466f.woff) format(&#039;woff&#039;),url(//m.baidu.com/static/search/iconfont/iconfont_58af466f.ttf) format(&#039;truetype&#039;),url(//m.baidu.com/static/search/iconfont/iconfont_58af466f.svg?#iconfont) format(&#039;svg&#039;);font-weight:400;font-style:normal}[class^=sicon-],[class*=&quot; sicon-&quot;]{font-family:sicons!important;font-style:normal;-webkit-font-smoothing:antialiased;-webkit-text-stroke-width:.2px}[class^=alaicon-],[class*=&quot; alaicon-&quot;]{font-family:alaicons!important;font-style:normal;-webkit-font-smoothing:antialiased;-webkit-text-stroke-width:.2px}*{margin:0;padding:0}body{text-align:center;font-size-adjust:none;-webkit-text-size-adjust:none;font:14px Arial,Helvetica,sans-serif}input[type=search]:focus{background-color:transparent}input[type=search]::-webkit-search-cancel-button{display:none}input,button{border:0;border-radius:0;-webkit-border-radius:0;background-color:transparent;-webkit-appearance:none;-webkit-box-sizing:border-box}.se-page-bd{background-color:#f1f1f1;overflow:hidden}#results{text-align:left;padding:0}#results-top{text-align:left}a{color:#00C;text-decoration:none;-webkit-tap-highlight-color:rgba(23,23,23,.1)}a:visited{color:#606}em{color:#c00;text-decoration:none;font-style:normal}.atext{color:#00C;font-size:120%}.result{-webkit-tap-highlight-color:rgba(0,0,0,0)}.result_title{text-align:left;font-size:120%;word-break:break-all;line-height:20px;padding:6px 6px 8px;margin:0 -6px;display:block}.result_title .result_title_abs{color:#262626;word-break:break-all;font-size:14px;line-height:21px;margin:7px 0 -10px 0}.result .result_snippet,.result .abs{line-height:20px;color:#262626;word-break:break-all;padding:0 0 7px}.result_url{color:#2dbe00}.site,.date,.size{font-size:14px;color:#1f992f}.gray{color:#666}#pinyin{text-align:left;background:#fff;margin:.08rem 0;padding:.1rem .16rem;line-height:18px}#pinyin a{color:#c00}#pinyin a.original-q{color:#00c;word-break:break-all}a.result_title:visited{color:purple}a.result_title:visited .result_title_abs{color:#242424!important}a.result_title:visited .result_title_abs em{color:#c30a00!important}.card-result{border:0!important;padding:0!important}.result,.resitem,.ext-result{padding:5px 10px 9px;margin:6px 0;background:#fff}.result-img-delay{background:#eee url(//m.baidu.com/static/search/sug_logo.png) center no-repeat;background-size:22px auto;-webkit-background-size:22px auto}.rspre,.vc-guide{display:-webkit-box;padding:0 10px}.rspre .rs-title,.rs-link a,.vc-guide .vc-title,.vc-link a{font-size:14px;line-height:40px}.rspre .rs-title{width:60px;color:#262626}.rspre .rs-link,.vc-guide .vc-link{-webkit-box-flex:1;box-flex:1;height:40px;overflow:hidden}.rspre .rs-link a,.vc-guide .vc-link a{color:#00c;margin-left:16px;display:block;float:left}.rspre .rs-link a:first-child,.vc-guide .vc-link a:first-child{margin-left:13px}.result_official{display:inline-block;vertical-align:top;margin-top:3px;text-align:center;background:#7AADF4;height:13px;line-height:13px;font-size:12px;color:#fff;border-radius:1px;-webkit-border-radius:1px;padding:1px 2px}#search-card .se-page-bd .loading,#search-card .se-page-bd .loadedtips{min-height:480px}#search-card .se-page-bd .loading{color:#666;font-size:14px}#search-card .se-page-bd .loading .ico-loading{background:url(//m.baidu.com/static/search/ico-bdlogo.png) left top no-repeat;-webkit-background-size:21px 24px;width:21px;height:24px;margin:145px auto 27px}#search-card .se-page-bd .loading .ico-rotate{border:2px solid #e2e2e2;border-left:2px solid #598edc;width:40px;height:40px;-webkit-border-radius:50em;border-radius:50em;left:-11px;top:-9px;-webkit-animation:rotating 700ms linear infinite}@-webkit-keyframes rotating{0%{-webkit-transform:rotate(0deg)}100%{-webkit-transform:rotate(360deg)}}#search-card .se-page-bd .loadedtips{background:url(//m.baidu.com/static/search/load-bg.jpg) center 112px no-repeat;background-size:63px 51px;-webkit-background-size:63px 51px;padding:173px 0 0}#search-card .se-page-bd .loadedtips .btn{color:#333;border:1px solid #d7d7d7;background:-webkit-gradient(linear,left top,left bottom,from(#f6f6f6),to(#f0f0f0));width:97px;padding:10px 0;margin:10px auto 0;-webkit-box-shadow:0 1px 0 rgba(215,215,215,.3)}.search-page{position:relative}.suggest-div{top:1px!important}.input-hidden{font-family:Arial,Helvetica,sans-serif;border-radius:0;-webkit-border-radius:0;background-color:transparent;-webkit-appearance:none;-webkit-box-sizing:border-box;margin:0;resize:none;padding:7px 39px 7px 6px;text-align:left;font-size:18px;line-height:32px;position:absolute;left:6px;top:0;visibility:hidden;border:1px solid #fff;z-index:-10;height:45px}.input-hidden::-webkit-scrollbar{width:0;background-color:transparent}.adjust-input{margin:0 -74px 0 0;line-height:29px;position:relative;word-break:break-all;word-wrap:nowrap}.adjust-input+.se-inner::before{position:absolute;content:&quot; &quot;;top:0;left:-14px;width:14px;height:37px;z-index:9;background:#fff}.cross,.callicon-wrap{background:#fff}.se-box{position:absolute;width:100%}.result_title_abs_lr{display:-webkit-box;margin:11px 0 -12px 0}.result_title_abs_left{-webkit-box-flex:1;-webkit-line-clamp:3;margin-top:-3px;margin-bottom:3px;line-height:19px;-webkit-box-orient:vertical;overflow:hidden;display:-webkit-box}.result_title_abs_right{width:94px;margin-top:-1px;overflow:hidden}.result_title_abs_right img{height:52px;min-width:84px;margin-left:10px;display:inline-block}.wnor-title-icon{font-size:22px;position:relative;top:2px}.wnor-title-icon-word{color:#1b5fdb}.wnor-title-icon-txt{color:#666}.wnor-title-icon-pdf{color:#c5231f}.wnor-title-icon-excel{color:#0f921b}.wnor-title-icon-ppt{color:#dc6211}.se-page-hd{visibility:hidden}.result-loading{text-align:center;color:#999;margin-top:-39px;z-index:302;position:fixed;width:100%;top:50%}.c-foot-mipicon-wrap{display:inline-block}.c-foot-icon-mip{width:11px;height:15px;top:4px;position:relative}/*!css/pmd.css*/@font-face{font-family:cicons;src:url(//m.baidu.com/se/static/font/cicon_31a5a5e.eot);src:url(//m.baidu.com/se/static/font/cicon_31a5a5e.eot#iefix) format(&#039;embedded-opentype&#039;),url(//m.baidu.com/se/static/font/cicon_bd6c4c1.woff) format(&#039;woff&#039;),url(//m.baidu.com/se/static/font/cicon_83ba231.ttf) format(&#039;truetype&#039;),url(//m.baidu.com/se/static/font/cicon_c5de47f.svg?#cicons) format(&#039;svg&#039;);font-weight:400;font-style:normal}.c-icon{font-family:cicons!important;font-style:normal;-webkit-font-smoothing:antialiased}html{font-size:100px}@media screen and (max-width:360px){html{font-size:90px!important}}.c-result{padding:0;margin:0;background:0 0;border:0 none}.c-blocka{display:block}.c-title{font:18px/26px Arial,Helvetica,sans-serif}.c-title-nowrap{padding-right:32px;width:100%;position:relative;white-space:nowrap;box-sizing:border-box}.c-title-nowrap .c-text{display:inline-block;vertical-align:middle}.c-title-nowrap .c-title-text{display:inline-block;max-width:100%;white-space:nowrap;overflow:hidden;text-overflow:ellipsis;vertical-align:middle}.c-font-large{font:18px/26px Arial,Helvetica,sans-serif}.c-title-wrap{display:block}.c-title-nowrap{display:none}.c-font-medium{font:16px/24px Arial,Helvetica,sans-serif}@media (min-width:376px){.c-title{display:-webkit-box;-webkit-box-orient:vertical;overflow:hidden;text-overflow:ellipsis;-webkit-line-clamp:1;min-height:26px}.c-title-nowrap{display:block}.c-title-wrap{display:none}}.c-abstract{color:#333}.c-showurl{color:#2a9457;font:14px/22px Arial,Helvetica,sans-serif}.c-gray{color:#999;font:13px/21px Arial,Helvetica,sans-serif}.c-moreinfo{color:#666;text-align:right}.c-foot-icon{display:inline-block;position:relative;top:2px;background:url(//m.baidu.com/static/search/sprite.png) no-repeat;-webkit-background-size:190px 142px;background-size:190px 142px}.c-foot-icon-16{width:16px;height:13px}.c-foot-icon-16-aladdin{display:none;background-position:0 -98px}.c-foot-icon-16-lightapp{background-position:-20px -98px}.c-container{margin:.1rem 0;padding:.1rem .17rem .08rem;background-color:#fff;width:auto;color:#333;font:14px/22px Arial,Helvetica,sans-serif;word-break:break-word;word-wrap:break-word;border:0 none}.c-container-tight{padding:.1rem .17rem .08rem;background-color:#fff;width:auto;color:#333;font:14px/22px Arial,Helvetica,sans-serif;word-break:break-word;word-wrap:break-word;border:0 none}.c-container-tile{margin:0;padding:0}.c-flexbox,.c-row{width:auto;display:-webkit-box;-webkit-box-orient:horizontal;-webkit-box-direction:normal;-webkit-box-pack:justify;-webkit-box-align:stretch;-webkit-box-lines:single;display:-webkit-flex;-webkit-flex-direction:row;-webkit-justify-content:space-between;-webkit-align-items:stretch;-webkit-align-content:flex-start;-webkit-flex-wrap:nowrap}.c-row{margin-right:-1.03092784%;margin-left:-1.03092784%}.c-row-tight{margin-right:-1px;margin-left:0}.c-row-tile{position:relative;margin:0 -.17rem}.c-row-tile .c-row{padding:0 .17rem}.c-row-top{position:relative;margin-top:-.1rem}.c-row-top .c-row:first-child{padding-top:.1rem}.c-row-bottom{position:relative;margin-bottom:-.08rem}.c-row-bottom .c-row:last-child{padding-bottom:.08rem}.c-row *,.c-row-tile *,.c-row-top *,.c-row-bottom *{-webkit-box-sizing:border-box;box-sizing:border-box}.c-span1,.c-span2,.c-span3,.c-span4,.c-span5,.c-span6,.c-span7,.c-span8,.c-span9,.c-span10,.c-span11,.c-span12{position:relative;min-height:1px;padding-right:1.03092784%;padding-left:1.03092784%}.c-row-tight .c-span1,.c-row-tight .c-span2,.c-row-tight .c-span3,.c-row-tight .c-span4,.c-row-tight .c-span5,.c-row-tight .c-span6,.c-row-tight .c-span7,.c-row-tight .c-span8,.c-row-tight .c-span9,.c-row-tight .c-span10,.c-row-tight .c-span11,.c-row-tight .c-span12{padding-right:1px;padding-left:0}.c-span1{width:8.33333333%;-webkit-box-flex:1;-webkit-flex:1 1 auto}.c-span2{width:16.66666667%;-webkit-box-flex:2;-webkit-flex:2 2 auto}.c-span3{width:25%;-webkit-box-flex:3;-webkit-flex:3 3 auto}.c-span4{width:33.33333333%;-webkit-box-flex:4;-webkit-flex:4 4 auto}.c-span5{width:41.66666667%;-webkit-box-flex:5;-webkit-flex:5 5 auto}.c-span6{width:50%;-webkit-box-flex:6;-webkit-flex:6 6 auto}.c-span7{width:58.33333333%;-webkit-box-flex:7;-webkit-flex:7 7 auto}.c-span8{width:66.66666667%;-webkit-box-flex:8;-webkit-flex:8 8 auto}.c-span9{width:75%;-webkit-box-flex:9;-webkit-flex:9 9 auto}.c-span10{width:83.33333333%;-webkit-box-flex:10;-webkit-flex:10 10 auto}.c-span11{width:91.66666667%;-webkit-box-flex:11;-webkit-flex:11 11 auto}.c-span12{width:100%;-webkit-box-flex:12;-webkit-flex:12 12 auto}.c-line-clamp2,.c-line-clamp3,.c-line-clamp4,.c-line-clamp5{display:-webkit-box;-webkit-box-orient:vertical;overflow:hidden;text-overflow:ellipsis;margin-bottom:.04rem}.c-line-clamp2{-webkit-line-clamp:2}.c-line-clamp3{-webkit-line-clamp:3}.c-line-clamp4{-webkit-line-clamp:4}.c-line-clamp5{-webkit-line-clamp:5}.c-line-clamp1{display:block;overflow:hidden;text-overflow:ellipsis;white-space:nowrap}.c-line-top{border-top:1px solid #f1f1f1}.c-line-dotted-top{border-top:1px dotted #f1f1f1}.c-line-bottom{border-bottom:1px solid #f1f1f1}.c-line-dotted-bottom{border-bottom:1px dotted #f1f1f1}.c-color{color:#333}.c-color-gray-a{color:#666}.c-color-gray{color:#999}.c-color-link{color:#00c}.c-color-url{color:#2a9457}.c-color-red{color:#e43}.c-color-red:visited{color:#e43}.c-color-orange{color:#f60}.c-color-orange:visited{color:#f60}.c-gap-top{margin-top:.08rem}.c-gap-right{margin-right:.08rem}.c-gap-bottom{margin-bottom:.08rem}.c-gap-left{margin-left:.08rem}.c-gap-top-small{margin-top:.04rem}.c-gap-right-small{margin-right:.04rem}.c-gap-bottom-small{margin-bottom:.04rem}.c-gap-left-small{margin-left:.04rem}.c-gap-top-large{margin-top:.12rem}.c-gap-right-large{margin-right:.12rem}.c-gap-bottom-large{margin-bottom:.12rem}.c-gap-left-large{margin-left:.12rem}.c-img{position:relative;display:block;width:100%;border:0 none;background:#f7f7f7 url(//m.baidu.com/static/search/image_default.png) center center no-repeat;margin:.04rem 0}.c-img img{width:100%}.c-img .c-img-text{position:absolute;left:0;bottom:0;width:100%;height:16px;background:rgba(51,51,51,.4);font-size:12px;line-height:16px;color:#fff;text-align:center}.c-img-s,.c-img-l,.c-img-w,.c-img-x,.c-img-y,.c-img-z{height:0;overflow:hidden}.c-img-s{padding-bottom:100%}.c-img-l{padding-bottom:133.33333333%}.c-img-w{padding-bottom:56.25%}.c-img-x{padding-bottom:75%}.c-img-y{padding-bottom:66.66666667%}.c-img-z{padding-bottom:40%}.c-table{width:100%;border-collapse:collapse;border-spacing:0}.c-table th{white-space:nowrap}.c-table th,.c-table td{border-bottom:1px solid #f1f1f1;text-align:left;font-weight:400;padding:7px 0}.c-table-hihead th{padding:0;border-bottom:0 none;background-color:#f6f6f6;line-height:37px}.c-table-hihead div{background-color:#f6f6f6}.c-table-hihead th:first-child div{margin-left:-.17rem;padding-left:.17rem}.c-table-hihead th:last-child div{margin-right:-.17rem;padding-right:.17rem}.c-table-noborder th,.c-table-noborder td{border-bottom:0 none}.c-table-abstract th{position:relative;color:#999;padding-top:.04rem;padding-bottom:.1rem}.c-table-abstract th:after{content:&#039;&#039;;width:100%;height:0;border-bottom:1px solid #f1f1f1;position:absolute;left:0;top:30px}.c-table-abstract td{padding-top:.02rem;padding-bottom:.02rem}.c-table-abstract th,.c-table-abstract td{border-bottom:0 none;padding-left:1.03092784%;vertical-align:top}.c-table-abstract th:first-of-type,.c-table-abstract td:first-of-type{padding-left:0}.c-table-shaft th{color:#999}.c-table-shaft td,.c-table-shaft th{border-right:1px solid #f1f1f1;text-align:center}.c-table-shaft td:last-child,.c-table-shaft th:last-child{border-right:0}.c-table-shaft tr:last-child td{border-bottom:0}.c-slink{width:auto;display:-webkit-box;-webkit-box-orient:horizontal;-webkit-box-direction:normal;-webkit-box-pack:justify;-webkit-box-align:stretch;-webkit-box-lines:single;display:-webkit-flex;-webkit-flex-direction:row;-webkit-justify-content:space-between;-webkit-align-items:stretch;-webkit-align-content:flex-start;-webkit-flex-wrap:nowrap}.c-slink a,.c-slink .c-slink-elem{position:relative;display:block;-webkit-box-flex:1;-webkit-flex:1 1 auto;width:16.66666667%;height:32px;line-height:32px;padding:0 6px;font-size:14px;text-align:center;text-decoration:none;color:#666;overflow:hidden;text-overflow:ellipsis;white-space:nowrap}.c-slink a:first-child::before,.c-slink .c-slink-elem:first-child::before,.c-slink a::after,.c-slink .c-slink-elem::after{content:&quot;&quot;;width:1px;height:10px;background-color:#eee;position:absolute;top:11px;right:0}.c-slink a:first-child::before,.c-slink .c-slink-elem:first-child::before{left:0}.c-slink-strong{margin-bottom:1px}.c-slink-strong:last-child{margin-bottom:0}.c-slink-strong:last-child a,.c-slink-strong:last-child .c-slink-elem{border-bottom:1px solid #eee}.c-slink-strong a,.c-slink-strong .c-slink-elem{height:38px;margin-right:1px;line-height:38px;background-color:#f8f8f8}.c-slink-strong a:last-child,.c-slink-strong .c-slink-elem:last-child{margin-right:0}.c-slink-strong a:first-child::before,.c-slink-strong .c-slink-elem:first-child::before,.c-slink-strong a::after,.c-slink-strong .c-slink-elem::after{display:none}.c-text{display:inline-block;height:14px;padding:0 2px;margin-bottom:2px;text-decoration:none;vertical-align:middle;color:#fff;font-size:10px;line-height:15px;font-style:normal;font-weight:400;overflow:hidden}.c-text-danger{background-color:#f13f40}.c-text-public{background-color:#2b99ff}.c-text-box{display:inline-block;padding:1px;margin-bottom:2px;text-decoration:none;vertical-align:middle;font-size:10px;line-height:11px;height:10px;font-style:normal;font-weight:400;overflow:hidden;-webkit-box-sizing:content-box;box-sizing:content-box}.c-text-box-gray{color:#999;border:1px solid #e3e3e3}.c-text-box-orange{color:#f60;border:1px solid #f3d9c5}.c-text-box-pink{color:#ff4683;border:1px solid #ffc7da}.c-text-box-red{color:#f13f40;border:1px solid #efb9b9}.c-text-box-blue{color:#2b99ff;border:1px solid #b3d4f3}.c-text-box-green{color:#65b12c;border:1px solid #d7efc6}.c-text-box-yellow{color:#faa90e;border:1px solid #feecc9}.c-text-info{display:inline;color:#999;font-style:normal;font-weight:400;font-family:sans-serif}.c-index{display:inline-block;width:17px;height:15px;margin:0 5px 3px 0;text-align:center;vertical-align:middle;color:#999;font-size:14px;line-height:16px;overflow:hidden}.c-index-hot,.c-index-hot1{color:#fff;background-color:#ff2d46}.c-index-hot2{color:#fff;background-color:#ff7f49}.c-index-hot3{color:#fff;background-color:#ffaa3b}.c-btn{display:inline-block;padding:0 9px;width:100%;height:38px;line-height:37px;font-size:14px;font-weight:400;text-decoration:none;text-align:center;color:#333;background-color:#fff;border:1px solid #d9d9d9;border-bottom-color:#bababa;border-radius:3px;vertical-align:middle;overflow:hidden;outline:0;-webkit-tap-highlight-color:rgba(255,0,0,0)}.c-btn:visited{color:#333}.c-btn:active{border-color:#2b99ff}.c-btn .c-icon{position:relative;top:-1px;vertical-align:middle;font-size:10px;margin:0 6px}.c-btn-primary{background-color:#f8f8f8;border-color:#d0d0d0;border-bottom-color:#b2b2b2;-webkit-box-shadow:0 1px 1px 0 #e1e1e1;box-shadow:0 1px 1px 0 #e1e1e1}.c-btn-primary .c-icon{color:#02aaf8}.c-btn-disable{color:#aaa;background-color:#f9f9f9;border-color:#eee}.c-btn-disable:visited{color:#aaa}.c-btn-disable:active{border-color:#eee}.c-btn-disable .c-icon{color:#c8c8c8}.c-input{word-break:normal;word-wrap:normal;-webkit-appearance:none;appearance:none;display:inline-block;padding:0 12px;width:100%;height:38px;vertical-align:middle;line-height:normal;font-size:14px;color:#333;background-color:#fff;border:1px solid #eee;border-color:#ddd #eee #eee #ddd;border-radius:0;overflow:hidden;outline:0}.c-input::-webkit-input-placeholder{color:#999}.c-input:focus{border-color:#2b99ff}.c-input:disabled{color:#999;background-color:#f9f9f9;border-color:#e7e7e7}.c-dropdown{position:relative;background-color:#fff}.c-dropdown::before{font-family:cicons;content:&quot;\e73c&quot;;display:inline-block;position:absolute;bottom:0;right:12px;color:#333;font-size:12px;width:12px;height:38px;line-height:38px}.c-dropdown&amp;gt;label{display:block;color:#999;background-color:#fff;width:100%;height:26px}.c-dropdown&amp;gt;select{word-break:normal;word-wrap:normal;position:relative;-webkit-appearance:none;appearance:none;display:inline-block;padding:0 28px 0 12px;width:100%;height:38px;vertical-align:middle;line-height:normal;font-size:14px;color:#333;background-color:transparent;border:1px solid #eee;border-color:#ddd #eee #eee #ddd;border-radius:0;overflow:hidden;outline:0}.c-dropdown-disable{background-color:#f9f9f9}.c-dropdown-disable&amp;gt;label{color:#999}.c-dropdown-disable&amp;gt;select{color:#999;border-color:#e7e7e7}@-webkit-keyframes c-loading-rotation{from{-webkit-transform:rotate(1deg)}to{-webkit-transform:rotate(360deg)}}.c-loading,.c-loading-zbios{text-align:center}.c-loading i{display:block;position:relative;font-size:30px;width:54px;height:54px;line-height:52px;color:#f3f3f3;margin:auto}.c-loading i::before{content:&#039;&#039;;display:block;position:absolute;width:50px;height:50px;margin:auto;border-radius:50%;border:2px solid #f3f3f3;border-top-color:#ddd;-webkit-transform-origin:50% 50%;transform-origin:50% 50%;-webkit-animation:c-loading-rotation 1s ease 0s infinite normal;animation:c-loading-rotation 1s ease 0s infinite normal}.c-loading-zbios i{display:block;position:relative;font-size:48px;width:54px;height:54px;line-height:54px;color:#f3f3f3;margin:auto;-webkit-transform-origin:50% 50%;transform-origin:50% 50%;-webkit-animation:c-loading-rotation .5s linear 0s infinite normal;animation:c-loading-rotation .5s linear 0s infinite normal}.c-loading p,.c-loading-zbios p{color:#999;margin-top:8px;text-indent:.5em}.c-tabs{position:relative}.c-tabs-nav{position:relative;min-width:100%;height:38px;padding:0 .17rem;font-size:14px;white-space:nowrap;background-color:#f8f8f8;display:-webkit-box;-webkit-box-orient:horizontal;-webkit-box-direction:normal;-webkit-box-pack:justify;-webkit-box-align:stretch;-webkit-box-lines:single;display:-webkit-flex;-webkit-flex-direction:row;-webkit-justify-content:space-between;-webkit-align-items:stretch;-webkit-align-content:flex-start;-webkit-flex-wrap:nowrap}.c-tabs-nav *{-webkit-box-sizing:border-box;box-sizing:border-box}.c-tabs-nav-li{display:block;-webkit-box-flex:1;-webkit-flex:1 1 auto;width:16.66666667%;list-style:none;text-decoration:none;height:38px;line-height:38px;color:#333;text-align:center;text-overflow:ellipsis;white-space:nowrap;overflow:hidden}.c-tabs-nav .c-tabs-nav-selected{color:#38f;border-bottom:1px solid #38f}.c-tabs-nav-bottom{border-top:1px solid #eee;padding:0}.c-tabs-nav-bottom .c-tabs-nav-li{color:#999}.c-tabs-nav-bottom .c-tabs-nav-icon{display:none}.c-tabs-nav-bottom .c-tabs-nav-selected{position:relative;top:-1px;height:38px;line-height:39px;color:#333;background-color:#fff;border:1px solid #f1f1f1;border-color:#fff #f1f1f1 #38f}.c-tabs-nav-bottom .c-tabs-nav-selected:first-child{margin-left:-1px}.c-tabs-nav-bottom .c-tabs-nav-selected .c-tabs-nav-icon{display:inline-block}.c-tabs-nav-view{position:relative;height:38px;background-color:#f6f6f6;overflow:hidden}.c-tabs-nav-view .c-tabs-nav{display:block}.c-tabs-nav-view .c-tabs-nav .c-tabs-nav-li{display:inline-block;width:auto;padding:0 15px}.c-tabs-nav-toggle{position:absolute;top:0;right:0;z-index:9;display:block;text-align:center;width:38px;height:38px;border-left:1px solid #eee;background-color:#f6f6f6}.c-tabs-nav-toggle::before{display:inline-block;font-family:cicons;content:&quot;\e73c&quot;;font-size:12px;color:#333;line-height:36px}.c-tabs-nav-layer{position:absolute;top:0;z-index:8;width:100%;background-color:#f6f6f6;border-bottom:1px solid #eee}.c-tabs-nav-layer p{color:#999;height:39px;line-height:39px;padding:0 15px;border-bottom:1px solid #eee}.c-tabs-nav-layer-ul .c-tabs-nav-li{display:inline-block;width:16.66666667%;padding:0}.c-tabs-nav-layer-ul .c-tabs-nav-selected{color:#38f}.c-tabs2 .c-tabs-view-content{overflow:hidden}.c-tabs2 .c-tabs-content{position:relative;float:left;display:none}.c-tabs2 .c-tabs-selected{display:block}.c-tabs2 .c-tabs-view-content-anim{transition:height .3s cubic-bezier(0.7,0,.3,1);-webkit-transition:height .3s cubic-bezier(0.7,0,.3,1);-ms-transition:height .3s cubic-bezier(0.7,0,.3,1);-moz-transition:height .3s cubic-bezier(0.7,0,.3,1);-o-transition:height .3s cubic-bezier(0.7,0,.3,1);transform:translate3d(0,0,0);-webkit-transform:translate3d(0,0,0);-ms-transition:translate3d(0,0,0);-moz-transition:translate3d(0,0,0);-o-transition:translate3d(0,0,0)}.c-tabs2 .c-tabs-stopanimate{transition:none;-webkit-transition:none;transform:none;-webkit-transform:none;-ms-transition:none;-moz-transition:none;-o-transition:none}.c-tabs2 .c-tabs-tabcontent{transition:transform .3s cubic-bezier(0.7,0,.3,1);-webkit-transition:transform .3s cubic-bezier(0.7,0,.3,1);-ms-transition:transform .3s cubic-bezier(0.7,0,.3,1);-moz-transition:transform .3s cubic-bezier(0.7,0,.3,1);-o-transition:transform .3s cubic-bezier(0.7,0,.3,1);transform:translate3d(0,0,0);-webkit-transform:translate3d(0,0,0);-ms-transition:translate3d(0,0,0);-moz-transition:translate3d(0,0,0);-o-transition:translate3d(0,0,0)}.c-scroll-wrapper,.c-scroll-wrapper-new{position:relative;overflow:hidden}.c-scroll-wrapper-new .c-scroll-touch{padding-left:.17rem;padding-right:.17rem}.c-scroll-parent-gap{padding:0 .11rem 0 .17rem}.c-scroll-parent-gap .c-scroll-element-gap{padding-right:.1rem}.c-scroll-indicator-wrapper{text-align:center;height:6px}.c-scroll-indicator-wrapper .c-scroll-indicator{vertical-align:top}.c-scroll-indicator{display:inline-block;position:relative;height:6px}.c-scroll-indicator .c-scroll-dotty{position:absolute;width:6px;height:6px;border-radius:50%;background-color:#999}.c-scroll-indicator .c-scroll-dotty-now{background-color:#999}.c-scroll-indicator span{display:block;float:left;width:6px;height:6px;border-radius:50%;background-color:#e1e1e1;margin-right:7px}.c-scroll-indicator span:last-child{margin-right:0}.c-scroll-touch{position:relative;overflow-x:auto;-webkit-overflow-scrolling:touch;padding-bottom:30px;margin-top:-30px;-webkit-transform:translateY(30px);transform:translateY(30px)}.c-location-wrap{overflow:hidden;padding:0 15px;background-color:#f7f7f7}.c-location-header-tips{font-size:13px}.c-location-header-btn{padding-top:8px;-webkit-box-flex:0;-webkit-flex:none}.c-location-header-btn div{display:inline-block}.c-location-header-btn-reload:after{content:&quot;&quot;;display:inline-block;overflow:hidden;width:1px;height:10px;margin:0 8px;background-color:#ccc}.c-location-header-btn-788{display:none}.c-location-header-btn-in,.c-location-header-btn-reload{color:#333}.c-location-header-btn .c-icon{color:#666;vertical-align:top}.c-location-header-tips{color:#999}.c-location-header-tips-err{color:#c00}.c-location-header-tips-success{color:#38f}.c-location-header-btn-reload-ing .c-location-header-btn-787{display:none}.c-location-header-btn-reload-ing .c-location-header-btn-788{display:inline-block;color:#999;-webkit-animation-name:c_location_rotate;-webkit-animation-duration:1.5s;-webkit-animation-iteration-count:infinite;-webkit-animation-timing-function:linear}.c-location-header-btn-reload-ing{color:#999}@-webkit-keyframes c_location_rotate{from{-webkit-transform:rotate(0deg)}to{-webkit-transform:rotate(360deg)}}@keyframes c_location_rotate{from{transform:rotate(0deg)}to{transform:rotate(360deg)}}.c-location-header-btn-in-active,.c-location-header-btn-in-active .c-icon{color:#38f}.c-location-form{position:relative}.c-location-form .c-input{padding-right:70px}.c-location-input-close{position:absolute;z-index:10;top:1px;right:37px;display:none;width:36px;height:36px;line-height:36px;text-align:center;color:#ddd;font-size:16px}.c-location-form .c-input:focus{border-color:#ddd #eee #eee #ddd;background-color:#fff}.c-location-sub{position:absolute;z-index:10;top:1px;right:1px;width:36px;height:36px;border-left:1px solid #eee;line-height:36px;text-align:center;background-color:#fafafa}.c-location-body{display:none;padding-bottom:14px}.c-location-down{display:none;border:1px solid #eee;border-top:0;background-color:#fff;-webkit-tap-highlight-color:rgba(0,0,0,0)}.c-location-down-tips{height:38px;padding-left:12px;line-height:38px;background-color:#fafafa}.c-location-down-tips-close{padding-right:12px}.c-location-down-tips-close:before{content:&quot;&quot;;display:inline-block;width:1px;height:10px;margin-right:8px;background-color:#ddd}.c-location-down li{padding:4px 12px;border-top:1px solid #f1f1f1}.c-navs{position:relative}.c-navs-bar{position:relative;min-width:100%;height:40px;white-space:nowrap;display:-webkit-box;-webkit-box-orient:horizontal;-webkit-box-direction:normal;-webkit-box-pack:justify;-webkit-box-align:stretch;-webkit-box-lines:single;display:-webkit-flex;-webkit-flex-direction:row;-webkit-justify-content:space-between;-webkit-align-items:stretch;-webkit-align-content:flex-start;-webkit-flex-wrap:nowrap}.c-navs .c-row-tile{border-bottom:1px solid #f1f1f1}.c-navs-sub .c-navs-bar{height:38px}.c-navs-bar *{-webkit-box-sizing:border-box;box-sizing:border-box}.c-navs-bar-li{display:block;-webkit-box-flex:1;-webkit-flex:1 1 auto;width:16.66666667%;height:40px;line-height:40px;list-style:none;text-decoration:none;color:#666;text-align:center;font-size:15px;-webkit-tap-highlight-color:transparent;padding:0 17px}.c-navs-sub .c-navs-bar-li{height:38px;line-height:38px}.c-navs-bar-li span{height:100%;display:inline-block;max-width:100%;text-overflow:ellipsis;white-space:nowrap;overflow:hidden}.c-navs-bar .c-navs-bar-selected span{color:#333;font-weight:700;border-bottom:2px solid #333}.c-navs-bar-view{position:relative;overflow:hidden}.c-navs-bar-view .c-navs-bar{display:block}.c-navs-bar-view .c-navs-bar .c-navs-bar-li{display:inline-block;width:auto;padding:0 17px}.c-navs-bar-toggle{position:absolute;top:0;right:0;width:34px;height:40px;background-color:#fff}.c-navs-sub .c-navs-bar-toggle{height:38px}.c-navs-bar-toggle i{width:0;height:0;right:17px;top:17px;border-right:5px solid transparent;border-top:5px solid #999;border-left:5px solid transparent;position:absolute}.c-navs-bar-layer{position:absolute;top:0;z-index:8;width:100%;background-color:#fff;overflow-x:hidden}.c-navs-bar-layer p{color:#999;padding:9px 17px 13px}.c-navs-sub .c-navs-bar-layer p{padding:8px 17px 13px}.c-navs-bar-layer .c-row{margin-bottom:17px}.c-navs-sub .c-navs-bar-toggle i{top:16px}.c-navs-bar-layer .c-navs-bar-toggle i{border-right:5px solid transparent;border-bottom:5px solid #999;border-left:5px solid transparent;border-top:0}.c-navs-bar-layer .c-navs-bar-li{height:33px;line-height:33px;text-align:center;font-size:14px;color:#333;width:33.33333333%;-webkit-box-flex:4;-webkit-flex:4 4 auto;padding-right:1.55367232%;padding-left:1.55367232%}.c-navs-bar-layer .c-span4.c-navs-bar-li span{display:inline-block;width:100%;border:1px solid #f1f1f1;border-bottom:1px solid #f1f1f1}.c-navs-bar-layer .c-span4.c-navs-bar-selected span{border:2px solid #333;line-height:31px}.c-navs-shadow{right:34px;position:absolute;top:0;width:10px;height:40px;background:-webkit-linear-gradient(left,rgba(255,255,255,0),#fff);background:linear-gradient(to right,rgba(255,255,255,0),#fff)}.c-navs-sub .c-navs-shadow{height:38px}.c-navs-bar-mask{position:absolute;z-index:7;top:0;left:0;background:rgba(0,0,0,.65);height:1024px;width:100%}.c-navs-sub .c-navs-bar-li span{border-bottom:0;font-size:14px}.s-group-container{margin-top:.1rem;margin-bottom:.1rem;line-height:22px}.s-cluster-container{margin-top:.1rem;margin-bottom:.1rem;line-height:22px;background:#fff}.s-cluster-content-fold&amp;gt;.c-result:before,.s-cluster-content&amp;gt;.c-result:before,.s-cluster-bar:before{content:&#039;&#039;;display:block;margin:0 .16rem;border-top:1px solid #f1f1f1;height:0;overflow:hidden}.s-cluster-bar:before{margin:0}.s-cluster-content-fold&amp;gt;.c-result:first-child:before,.s-cluster-content&amp;gt;.c-result:first-child:before{display:none}.s-cluster-content-fold&amp;gt;.c-result&amp;gt;.c-container,.s-cluster-content&amp;gt;.c-result&amp;gt;.c-container{margin-top:0;margin-bottom:0}.s-cluster-title{height:.45rem;line-height:.45rem;font-weight:400;background:#fff;padding:0 .16rem;font-size:18px}.s-cluster-title i{float:right}.s-cluster-title-link .s-cluster-title{color:#333}.s-cluster-title-arrow{display:inline-block;-moz-transform:rotate(-90deg);-webkit-transform:rotate(-90deg);transform:rotate(-90deg)}.s-cluster-bar{height:.39rem;line-height:.39rem}.s-cluster-showmore,.s-cluster-hidemore{display:block;width:100%;height:100%;text-align:center;color:#666}.s-cluster-hidemore span{transform:rotate(180deg);-ms-transform:rotate(180deg);-moz-transform:rotate(180deg);-webkit-transform:rotate(180deg);display:inline-block}.s-cluster-hidemore{display:none}.s-cluster-bar-show .s-cluster-hidemore{display:block}.s-cluster-bar-show .s-cluster-showmore{display:none}.s-frame .s-frame-shownone{display:none}.s-frame .s-frame-borderbnone{border-bottom:0}.wnor-fanyi{display:none}.wnor-fanyi-btn{position:absolute;right:12px;bottom:0;padding:12px 12px 0}.wnor-fanyi-arrow{display:inline;position:relative}.wnor-fanyi-arrow::before{content:&quot;\e68d&quot;;font-size:13px;line-height:16px;position:absolute;right:-16px;top:-1px;color:#666}.wnor-fanyi-arrow-show::before{content:&quot;\e68e&quot;}.wnor-fanyi-loading{text-align:center}.wnor-fanyi-loading-icon{display:inline-block;height:24px;line-height:24px;background:url(//m.baidu.com/static/search/ico_loading.gif) no-repeat;background-size:40px 24px;padding-left:44px}.wnor-fanli-a{float:right;color:#666}.wnor-fanli-strong-wrap{display:none}.wnor-fanli-strong-wrap a{padding:4px inherit}.wnor-fanli-strong-wrap .wnor-fanli-strong-mall{-webkit-align-items:center;-webkit-box-align:center}.wnor-fanli-strong-mall .c-img-w{padding-bottom:33.3%}.wnor-fanli-strong-item-right{display:-webkit-box;-webkit-box-orient:vertical;-webkit-box-direction:normal;-webkit-box-align:stretch;-webkit-box-pack:justify}.wnor-fanli-strong-item-right .c-color-link{-webkit-box-flex:1}.wnor-fanli-strong-item-right .wnor-fanli-strong-item-link{-webkit-box-flex:1;margin-top:15px}.wnor-fanli-strong-item-mallname{width:35%;display:inline-block;color:#999}.wnor-fanli-strong-item .wnor-fanli-strong-text{width:65%;display:inline-block}.wnor-fanli-strong-text{color:#999;text-align:right}.wnor-fanli-strong-rate{color:#f60}.wnor-fanli-strong-goto{color:#999;text-align:right}.wnor-fanli-strong-foot a{padding:0 1.81818182%;color:#666}.fluent-fav-logo{width:18px;height:18px;vertical-align:middle;background-size:18px 18px;overflow:hidden;margin-right:4px;margin-top:-2px;display:inline-block}.fluent-icon{background:url(data:image/png;base64,iVBORw0KGgoAAAANSUhEUgAAAGMAAAAqCAYAAACnbOUxAAAACXBIWXMAAAsTAAALEwEAmpwYAAAKTWlDQ1BQaG90b3Nob3AgSUNDIHByb2ZpbGUAAHjanVN3WJP3Fj7f92UPVkLY8LGXbIEAIiOsCMgQWaIQkgBhhBASQMWFiApWFBURnEhVxILVCkidiOKgKLhnQYqIWotVXDjuH9yntX167+3t+9f7vOec5/zOec8PgBESJpHmomoAOVKFPDrYH49PSMTJvYACFUjgBCAQ5svCZwXFAADwA3l4fnSwP/wBr28AAgBw1S4kEsfh/4O6UCZXACCRAOAiEucLAZBSAMguVMgUAMgYALBTs2QKAJQAAGx5fEIiAKoNAOz0ST4FANipk9wXANiiHKkIAI0BAJkoRyQCQLsAYFWBUiwCwMIAoKxAIi4EwK4BgFm2MkcCgL0FAHaOWJAPQGAAgJlCLMwAIDgCAEMeE80DIEwDoDDSv+CpX3CFuEgBAMDLlc2XS9IzFLiV0Bp38vDg4iHiwmyxQmEXKRBmCeQinJebIxNI5wNMzgwAABr50cH+OD+Q5+bk4eZm52zv9MWi/mvwbyI+IfHf/ryMAgQAEE7P79pf5eXWA3DHAbB1v2upWwDaVgBo3/ldM9sJoFoK0Hr5i3k4/EAenqFQyDwdHAoLC+0lYqG9MOOLPv8z4W/gi372/EAe/tt68ABxmkCZrcCjg/1xYW52rlKO58sEQjFu9+cj/seFf/2OKdHiNLFcLBWK8ViJuFAiTcd5uVKRRCHJleIS6X8y8R+W/QmTdw0ArIZPwE62B7XLbMB+7gECiw5Y0nYAQH7zLYwaC5EAEGc0Mnn3AACTv/mPQCsBAM2XpOMAALzoGFyolBdMxggAAESggSqwQQcMwRSswA6cwR28wBcCYQZEQAwkwDwQQgbkgBwKoRiWQRlUwDrYBLWwAxqgEZrhELTBMTgN5+ASXIHrcBcGYBiewhi8hgkEQcgIE2EhOogRYo7YIs4IF5mOBCJhSDSSgKQg6YgUUSLFyHKkAqlCapFdSCPyLXIUOY1cQPqQ28ggMor8irxHMZSBslED1AJ1QLmoHxqKxqBz0XQ0D12AlqJr0Rq0Hj2AtqKn0UvodXQAfYqOY4DRMQ5mjNlhXIyHRWCJWBomxxZj5Vg1Vo81Yx1YN3YVG8CeYe8IJAKLgBPsCF6EEMJsgpCQR1hMWEOoJewjtBK6CFcJg4Qxwicik6hPtCV6EvnEeGI6sZBYRqwm7iEeIZ4lXicOE1+TSCQOyZLkTgohJZAySQtJa0jbSC2kU6Q+0hBpnEwm65Btyd7kCLKArCCXkbeQD5BPkvvJw+S3FDrFiOJMCaIkUqSUEko1ZT/lBKWfMkKZoKpRzame1AiqiDqfWkltoHZQL1OHqRM0dZolzZsWQ8ukLaPV0JppZ2n3aC/pdLoJ3YMeRZfQl9Jr6Afp5+mD9HcMDYYNg8dIYigZaxl7GacYtxkvmUymBdOXmchUMNcyG5lnmA+Yb1VYKvYqfBWRyhKVOpVWlX6V56pUVXNVP9V5qgtUq1UPq15WfaZGVbNQ46kJ1Bar1akdVbupNq7OUndSj1DPUV+jvl/9gvpjDbKGhUaghkijVGO3xhmNIRbGMmXxWELWclYD6yxrmE1iW7L57Ex2Bfsbdi97TFNDc6pmrGaRZp3mcc0BDsax4PA52ZxKziHODc57LQMtPy2x1mqtZq1+rTfaetq+2mLtcu0W7eva73VwnUCdLJ31Om0693UJuja6UbqFutt1z+o+02PreekJ9cr1Dund0Uf1bfSj9Rfq79bv0R83MDQINpAZbDE4Y/DMkGPoa5hpuNHwhOGoEctoupHEaKPRSaMnuCbuh2fjNXgXPmasbxxirDTeZdxrPGFiaTLbpMSkxeS+Kc2Ua5pmutG003TMzMgs3KzYrMnsjjnVnGueYb7ZvNv8jYWlRZzFSos2i8eW2pZ8ywWWTZb3rJhWPlZ5VvVW16xJ1lzrLOtt1ldsUBtXmwybOpvLtqitm63Edptt3xTiFI8p0in1U27aMez87ArsmuwG7Tn2YfYl9m32zx3MHBId1jt0O3xydHXMdmxwvOuk4TTDqcSpw+lXZxtnoXOd8zUXpkuQyxKXdpcXU22niqdun3rLleUa7rrStdP1o5u7m9yt2W3U3cw9xX2r+00umxvJXcM970H08PdY4nHM452nm6fC85DnL152Xlle+70eT7OcJp7WMG3I28Rb4L3Le2A6Pj1l+s7pAz7GPgKfep+Hvqa+It89viN+1n6Zfgf8nvs7+sv9j/i/4XnyFvFOBWABwQHlAb2BGoGzA2sDHwSZBKUHNQWNBbsGLww+FUIMCQ1ZH3KTb8AX8hv5YzPcZyya0RXKCJ0VWhv6MMwmTB7WEY6GzwjfEH5vpvlM6cy2CIjgR2yIuB9pGZkX+X0UKSoyqi7qUbRTdHF09yzWrORZ+2e9jvGPqYy5O9tqtnJ2Z6xqbFJsY+ybuIC4qriBeIf4RfGXEnQTJAntieTE2MQ9ieNzAudsmjOc5JpUlnRjruXcorkX5unOy553PFk1WZB8OIWYEpeyP+WDIEJQLxhP5aduTR0T8oSbhU9FvqKNolGxt7hKPJLmnVaV9jjdO31D+miGT0Z1xjMJT1IreZEZkrkj801WRNberM/ZcdktOZSclJyjUg1plrQr1zC3KLdPZisrkw3keeZtyhuTh8r35CP5c/PbFWyFTNGjtFKuUA4WTC+oK3hbGFt4uEi9SFrUM99m/ur5IwuCFny9kLBQuLCz2Lh4WfHgIr9FuxYji1MXdy4xXVK6ZHhp8NJ9y2jLspb9UOJYUlXyannc8o5Sg9KlpUMrglc0lamUycturvRauWMVYZVkVe9ql9VbVn8qF5VfrHCsqK74sEa45uJXTl/VfPV5bdra3kq3yu3rSOuk626s91m/r0q9akHV0IbwDa0b8Y3lG19tSt50oXpq9Y7NtM3KzQM1YTXtW8y2rNvyoTaj9nqdf13LVv2tq7e+2Sba1r/dd3vzDoMdFTve75TsvLUreFdrvUV99W7S7oLdjxpiG7q/5n7duEd3T8Wej3ulewf2Re/ranRvbNyvv7+yCW1SNo0eSDpw5ZuAb9qb7Zp3tXBaKg7CQeXBJ9+mfHvjUOihzsPcw83fmX+39QjrSHkr0jq/dawto22gPaG97+iMo50dXh1Hvrf/fu8x42N1xzWPV56gnSg98fnkgpPjp2Snnp1OPz3Umdx590z8mWtdUV29Z0PPnj8XdO5Mt1/3yfPe549d8Lxw9CL3Ytslt0utPa49R35w/eFIr1tv62X3y+1XPK509E3rO9Hv03/6asDVc9f41y5dn3m978bsG7duJt0cuCW69fh29u0XdwruTNxdeo94r/y+2v3qB/oP6n+0/rFlwG3g+GDAYM/DWQ/vDgmHnv6U/9OH4dJHzEfVI0YjjY+dHx8bDRq98mTOk+GnsqcTz8p+Vv9563Or59/94vtLz1j82PAL+YvPv655qfNy76uprzrHI8cfvM55PfGm/K3O233vuO+638e9H5ko/ED+UPPR+mPHp9BP9z7nfP78L/eE8/sl0p8zAAAAIGNIUk0AAHolAACAgwAA+f8AAIDpAAB1MAAA6mAAADqYAAAXb5JfxUYAAAvbSURBVHja7Jt5cFXlGYefkLCE1QQJyKYUtDpqXSsCUsWiaIUqVuuOC1hr1RnFEWtVtIhoqwURtS5Yq6LVKriASlHjVnEFUbGiFVCB1opACISQhaR/5DnjN2fOvbm5uRWm+s6cOSdn+c533uX3vu/vu8mrr69n/zvPYRuVAuBSoAq4kf9zaZGjcfYFpgMH5Xh+7YCJGoTvjJGZbARGA68AdwLdcjRuHfAlsOE7Y2QuHwP9PT4beAvYOQfj5gH5QP233RgdgT2bMNabwA0e9wSOycH8tgDVQG0zxugGDAR6NGOMtkJx361hjB2BD4D3gFnAYRmO98fg+MAczK8CWK5B0sm5wCRgBDAWmArcCrwAvA68CoxrxjxaAw8D7wBnNdGIE4ABzTFGFdDK45HA34BfZzBefnD87xw5TKVVVTrpA1wGPGjCPx7YA/hKx0KnylbWAS8BHYDbgjEbkwnAlcDvMi0dk+QLPftpYFex+zpgJTAjw4nspQFLgnd1Bu4AXm5i9DYWGeOcV5EJ/0PPjwaOAy5Qmc3Ni1GUfA/4LM29vYA/AUP9e2lzjIHwMBz4e1AdXQCU6iFVKqqDij8EGBw8f5DbZhNwGfB5Fvhf4zuGCpclwArhp9TxEVLjzjAduMUtUzkKGGKULQzO1wd6eSfN86cBU3S8Gp1kXHONEVn0COBq4KcqczJwQor73wXOdBJLgXLhqg5Y38i7zlK5n1mZDRIOfqAxbgbeBxY5n1ZWbWMSDJEPzPP+C5po/E7AxcCJFjDrgjyKUV2W8NwuAUTWAtcDT+g05MIYkYJHAt8H/gX0NloOAVoCLwKfmjDbAH/OAgKOBu72XcuAfTTK28BaYDVwcKCYnxh1P9SIF8bGu88I2j+LuTzrvodOMde/e7v/KHb/8cDuwOEa8nyNsDIbuiFTiSbxgVs89O/QYBOA8YZqsUpuLEd0C6DlfqmP+Z7bU8VEhmgvBETyQmysS4GTjeQVWRijS6zPiaTc/cLY/T+3ijsYeGNbaPruDz4iCuE1wCiV9YdGnp8bYP+mwBBRF74xmGufoKF8Qy+M5CThYTIwOwdV3OsapFcAU1dZXQ7x79eAfzbXEKExzhRbf5TFGKe6ATwlHYL4+ZDvGAv8Jc0Y5YERDzDcBwG/AHYw4ha6rwoi+q5gjIEm3ffE/GylNkjYE21mPw94twFC0ogAXdoL0XHp6rUmwdQVlmuRty0F7gGea+T5vuYKgEdMenXB9cuBYZacJ6rQGxLGKVOJ3SwOjot9xFc+u174iSSKoKFi/UbgeeC3Gm2DuWeJnr7Z/JNOdg56rVOcxwLL6y5G3nzLfwLIjKibIg11jvpZZE7clKkxTrMxOcik1V/cfRz4VYoGrovXOwLXmCci/B9gFTTYyYXJLskY9cLZ4UChEfYssBj4q1A0JojEqNL71ET9rIofouKWGEUvAts5l//QwAJ/BDwpW7AmYS5FAb1zoh6/WtSoTKiOeqnoQcJkf2mctUb4IXbimzKFqfkq7jAVHMkxcjL40TsGlUWpXe4dwGPSEa9quFmWn2XAJUG0pMtRi2Jl7lSrt+2CGr+rTSjidqXJfbLnFwBHaogZGudzI+sEvbVU51lswZDUsKEyy4yALQG1ktT9V+gA9wLnqcshlt4rfH+Tq6nn3C5SIQ/TQIsDXOvxG97TUyUP8yOjpP24xpnpJNErL9TLU8lbds8lethUQ78mSO6nGpHVwAOBEaMmrLvv/cRo7yCsXRZ8x0PmtaXAo8BusUZ01xQlbCcjrJdONVvY7K6BV8bK2dbA3sF7sy5tpwC363kA/bT0WK3eM/D0nn7gdCmH2hTV1v2NzGVN4NljzEFdxO6R7o/33teDfFEfKGuRMDfMc9MSCEzsZRYA+1kwhNXb9kGEHKZT9hV+ewhZFSJAvcYYZu/zdKxcbxv0Kc3qMyqD44ttyDb4wlOd6EKVlo4UbGNTtCCD+TyhMfbQM9sHyTGskO5KePZRjTdSZRcDpwth8e7/4ACiimLXto/xWqs1QqERO0fYiiBqiQZ5ioa1nOkBrYINcs76jE5SImFn/QBwhri7d6y6ejSBMp5h+dyYzAhIvsVWeV+q0FeErIcSyMp7rahGBznvWhvF3yS8Z6yOuCLmJDsbLVUaYrDnLjIaSq3YKt16ATsJhZN0kqjAGOF8l+WyAx8jD5TEeo43qT4ThP+e4v0BgcH7CHP3ZLB+MVyvfcxzl5hEhxph78SibprN5XkypajQX+oAVbF37BH0CFcFJSrmhHxzzsxYJ97OZ0uD8z2M3sUWL72F42Krq5ctBHJmjLMNtfKEa51jJVsLk3rYALUymXXJcE7LAm8qNjILTdpxtvRpjTwqlpPm6vFJPNkklfuWHFa8byKWQ0I91cXO72v0RToY5XdO9e+bc0mHDLRMvC3F9Y56USQtLUU3JlDPm7PohvMauT4HODZmiMvF/VEJ9w8PomJ8gP2RHJgC56PyelXsW4+SGa4JvnW4jrM2gcdqljGutEZOgqgSqYp1MSqhKmHcOqMj1zI5gDNssCYKWf+I3dseuMnjmQlVTjFfLy/HHaelCv8yhgo7JXBgg72/2KTeJhfGKLEjvjfF9UG+9P3gXFu3sLzdYFLulYGnx6W6kQgZEaPPn7QPSorkS4WhzfYdcdlPg1VbOYayOTBKJIe6nxe791Yj5BJz0GOZ8lMFCWVodzH7fI31cIpn9wp4o5AY62JCC6Nik81VJ5IXZlJJ1PHXpLi+UHJwvWsg+cDPEu4bEBhgnCxrXE5x/65LBKH0U1dbYoXNV3y9sFVgU7ubOeNGnXCOue4ijzOOjH1UGHJSq9L0B0e4fzs4tyXGfEaySu9o6o/bSmJ5h4RxT7aKOl/vXhW7p7U5Jd+qb1qKsSJW9uOEa92D4gRJ1SH2FIWWti/Z48wPeLqnLKP7CWdzA+q9UWN090X9xMRZCRVE1J32t+NdmpCs478AnBXgaTYwlW7dfL8AyjqmYBP6SlWclIIYnBlUUkmUzRa/bUvAnUHDwtJym9WBjnN0rPKcYvOJnXqpTnFEY8ao1cpXBRicCqujjjmU/BT3z1axTV2P3t39hwnXWorPV1holJsvJphYd6RhUevcoERfnwIKjw2qqNkJFV2J+87qbLTf87HsbpQfjktBCt5njpkXoMozkp2DU+WMzibtEtcBnk+hpDOCTjyTerzMcL3FhHYCjf/8hqASqUwR1Z/5Ma/ZdD2pYcY5h8Kg/p+bpq+5XeNenQCJ7c2FUYFypXA7KgO+LZQX3A6VjjldXUdF0jkFCV4S4frjKbB6OA0/BHgkIRG2DRo9EqqMIunrlXrtHBW6McUHtE/TnFYBv4997CDL3R8HjO5vY8sCcSkPoidV3uotRA200buuiYYIpdRtiuMO1yA7FcTCMfwZ54MJA3ULwviahOu7uE9FHE400Y2nYcXsehoWiI6UcCOBukhXTcXlPWmTESbumTT/R9NrNPx6YeXuHPVIZXy9wjkJaBH3uIineT5F91goYfdSrL+I5E1JvJvSTOIVjd7PJq17CqqFIEqb+i8Bs8mdlJlHK8ni5zdNkLqCWCU0TUiYkKKCWU76Hy0so2FRJxP5JEalJMkSo6OcrSvzvomX5G3j/0ZWKGZ/kcC+bm1poQPn6cB15pU8zzcZHgvYtqWS9D8wzsa4bWlYjm3ncTu39m6FXu/gcetga6POWll91WmUwoCXywvyXLXnqqVUKuTyKoKcsVrOa+W2box00lplFtrslbh1dl/kcedAuW1VaPRcm63okMvtUz6QxVi/rRqjo6zn9sG+iAaWuGuw7aDiW3+Dc6vVsyvk3DZZmldYaETbOnPd2mBbZySUGVV1QV9W900bo0UAC13tlHva3/SmYeUs8uziLFjeJKlxq3WrCRS4weMNgUKj8+XuyzwfLbVGBoh+FFdJdms1//OcUaByI6/t5nEfFd5LpbdsZJx6lVIe7MMP3ywWR+vRFbF9dL48UPzGwKO3uNVuS3DQHGPEYaMLDStiHYJk2MGPLrcbftnmKQrlzYGXRVuV++pA6dV8C+S/AwBtwzZ86x6Q4wAAAABJRU5ErkJggg==) no-repeat;background-size:33px 14px;width:33px;height:14px;vertical-align:middle;overflow:hidden;margin-left:8px;display:inline-block}.wnor-piyao-wrap{margin-top:10px;border-top:1px solid #eee}.wnor-piyao-wrap i{float:right}.c-recomm-wrap{display:none}.c-recomm-cnt{max-height:.52rem;padding-left:.18rem;overflow:hidden;word-break:break-all}.c-recomm-wrap span{position:relative}.c-recomm-wrap i{display:inline-block;font-style:normal;font-size:16px;line-height:16px;height:.16rem;width:0;position:relative;left:-.18rem}.c-recomm-wrap a{display:inline;line-height:.27rem;font-size:13px;color:#00c;word-wrap:break-word;word-break:break-all;border-right:solid 1px #c2c2c2;padding-right:.08rem}.c-recomm-wrap a:nth-child(2){margin-left:0}.c-recomm-wrap a:nth-child(2)::before{display:none}.hint-toprq-tips{text-align:left;color:#666;white-space:nowrap}.hint-toprq-tips span,.hint-toprq-tips a{display:inline-block;white-space:nowrap;vertical-align:top;line-height:14px;font-size:14px}.hint-toprq-tips span{margin-left:.16rem;padding-top:.08rem}.hint-toprq-tips a{padding:.12rem;margin-left:.1rem;background-color:#fff;border-radius:3px;color:#333;padding-bottom:.08rem;padding-top:.08rem}.hint-toprq-tips{background-color:#f1f1f1;padding-top:.11rem;padding-bottom:.02rem;height:.29rem}.hint-toprq-tips a:last-child{margin-right:.16rem}.rs-toprq-wrapper{position:relative;background-color:#f1f1f1;display:none}.hint-toprq-cover{position:absolute;top:.1rem;right:0;width:.29rem;height:.32rem;background-image:linear-gradient(to right,rgba(241,241,241,0),#f1f1f1)}.hint-toprq-item-icon{font-size:14px;width:14px;height:14px;color:#9B9FA4;margin-left:.04rem}.scroll-toprq-wrapper{width:100%;background:#fff;-webkit-box-shadow:0 2px 2px rgba(0,0,0,.1);box-shadow:0 2px 2px rgba(0,0,0,.1);position:fixed;top:0;z-index:99;display:none}.scroll-toprq-wrapper .hint-toprq-tips{margin:14px 21px 13px}.scroll-toprq-wrapper .hint-toprq-tips a{display:inline;line-height:21px}.c-recomm-cluster{border-top:.1rem solid #f1f1f1}.se-relativewords{text-align:left;background-color:#fff;margin:.1rem 0}.se-relativewords .rw-title{font-size:17px;height:41px;line-height:45px;color:#262626;padding:0 .16rem;border-bottom:1px solid #f0f0f0}.se-relativewords .rw-list{padding:.07rem .16rem;font-size:14px}.se-relativewords .rw-item{display:inline-block;width:49%;white-space:nowrap;height:35px;line-height:35px;overflow-x:hidden;text-overflow:ellipsis}.se-relativewords .rw-item:nth-child(2n):before{content:&quot;&quot;;border-left:1px solid #dadada;margin-right:8px}.se-relativewords .rw-title-icon{margin-left:3px;font-size:18px;color:#9B9FA4}.new-pagenav{position:relative;height:52px;line-height:52px;margin:.1rem 0;background:#fff}.new-pagenav-left,.new-pagenav-right{width:40%;white-space:nowrap;-webkit-box-flex:1;-webkit-flex:1 1 auto}.new-pagenav-center{-webkit-box-flex:0;-webkit-flex:none}.new-pagenav .c-icon{color:#797979;font-size:13px}.new-pagenav .icon-logo{color:#9b9fa4;font-size:18px}.new-prepage{display:block;text-align:right}.new-prepage .c-icon{margin-right:32%}.new-nextpage{display:block;text-align:left}.new-nextpage .c-icon{margin-left:32%}.new-firstpage{display:inline-block;color:#797979;text-align:right;width:48%}.new-firstpage .c-icon{margin-right:32%}.new-firstpage+.new-prepage{display:inline-block;width:48%}.new-firstpage+.new-prepage .c-icon{margin-right:64%}.new-nextpage-only{position:absolute;display:block;width:100%;color:#333!important;z-index:1}.icon-nextpage{position:absolute;right:25%}.forNoPrefetch{width:100%;text-align:center;letter-spacing:1px}.tagSearch-top-wrapper{position:relative;background-color:#f1f1f1;display:none}.tagSearch-top-tips{background-color:#f1f1f1;padding-top:.12rem;padding-bottom:.02rem;height:29px;text-align:left;color:#666;white-space:nowrap}.tagSearch-top-tips a{padding:0 .12rem;margin-left:.1rem;background-color:#fff;border-radius:3px;color:#333;font-size:14px;height:29px;line-height:29px;display:inline-block;white-space:nowrap;vertical-align:top}.tagSearch-top-tips a:last-child{margin-right:.16rem}.tagSearch-top-item.tagSearch-top-item-select{color:#38f;font-size:14px}.tagSearch-top-item.tagSearch-top-item-select:after{content:&quot;\e61a&quot;;margin-left:4px;font-family:cicons!important;font-style:normal;-webkit-font-smoothing:antialiased}.tagSearch-top-toast .b-toast-wrapper{padding:8px 17px;line-height:34px;border-radius:6px}.hint-tagsearch-cover{position:absolute;top:.1rem;right:0;width:.29rem;height:32px;background-image:linear-gradient(to right,rgba(241,241,241,0),#f1f1f1)}#head,#head .logo,#more,.loading .ico-rotate{position:relative}#head .logo,.h-tab,.loading .ico-rotate,.arrow{display:block}#head{font-size:16px}#head .logo{background:url(//m.baidu.com/se/static/img/iphone/pagelogo.png) no-repeat;width:87px;height:28px;background-size:87px 28px;-webkit-background-size:87px 28px;margin-top:9px;margin-right:3px}#h-tabs{color:#666;height:44px;width:100%;padding:0 .17rem;box-sizing:border-box}.h-tab{display:block;color:#666}.tabTx{position:relative;display:inline-block;height:16px;line-height:16px;padding:21px 0 5px;border-bottom:2px solid transparent;width:39px}.cur{color:#38f;border-bottom:2px solid #38f}#mo{padding-bottom:2px;padding-right:0;width:44px;text-align:right}.more-show{color:#38f}.arrow{display:inline-block;position:relative;top:-2px;right:0}.arrow::before{content:&quot;\e68d&quot;;font-size:13px;display:inline-block;width:9px;height:16px}.arrow-show::before{content:&quot;\e68e&quot;;color:#2d73df}#more{clear:both;display:none;border-top:1px solid #e0e0e0;border-bottom:1px solid #e0e0e0;background:#f9f9f9;-webkit-box-shadow:inset 1px 0 0 #f9f9f9,inset 0 1px 0 #f0f0f0,inset 0 -1px 0 #f0f0f0,inset -1px 0 0 #f9f9f9;padding:16px 0;line-height:22px}.more-links{margin:0 10px;text-align:center}.more-links:last-child{margin-top:19px}.more-links a{display:inline-block;width:25%;color:#666}.se-head-tablink{display:none}.searchboxtop{padding:6px 0}.se-form{position:relative;clear:both;margin-left:.17rem;margin-right:.17rem;background:#fff;height:45px;border:1px solid #d2d2d2;box-sizing:content-box;border-radius:2px;box-shadow:0 2px 0 0 rgba(0,0,0,.03);margin-bottom:2px}.con-wrap{display:box;display:-webkit-box;display:-moz-box}.se-inner{width:82px;position:relative}.se-input,.se-encode{display:block;-webkit-box-flex:1;-moz-box-flex:1;box-flex:1;padding:7px 42px 7px 6px;height:45px;line-height:32px;margin:0;font-size:18px;-webkit-appearance:none;-webkit-box-sizing:border-box;-webkit-tap-highlight-color:rgba(255,255,255,0);background-color:transparent;color:#333;resize:none;overflow:hidden;font-family:Arial,Helvetica,sans-serif;border:0;border-radius:0}.se-bn{display:block;color:#38f;text-align:center;width:82px;height:45px;border-left:1px solid #f1f1f1;letter-spacing:-1px;box-sizing:border-box}.se-bn span{font-weight:700;font-style:normal;font-size:16px}#footer-wrap{padding:.1rem 0 .08rem}.se-bearicon{display:none}&lt;/style&gt;&lt;style type=&quot;text/css&quot; data-version=&quot;wwwBcss_be994c5&quot;&gt;.inapp-tuneup .inapp-btn-wrap{text-align:left;padding-top:6px;padding-bottom:3px}.inapp-tuneup .inapp-btn-wrap.resitem{padding-top:0;padding-bottom:13px}.inapp-tuneup .inapp-btn{display:inline-block;padding:0 10px;line-height:30px;height:30px;border:1px solid #B5D1FB;border-radius:3px;-webkit-border-radius:3px;background-color:#F2F7FF;color:#00c}.inapp-tuneup .inapp-btn .arr{display:inline-block;height:12px;width:12px;margin:0 6px 0 4px;background-image:url(data:image/png;base64,iVBORw0KGgoAAAANSUhEUgAAABkAAAAZCAYAAADE6YVjAAAArElEQVRIx2OwLr1/GIj/E4kZkDCxeg6TophcS/4PiCU2aAaRgtmAeBMxlpBrATMQryDWJ+RYwAjEc9HMaaa2JRPQzJiIHmeUWtKMpn8u1GdUs6QMTe8KaNwwUMuSLCD+h6RvEzR1MVDLElBwbETSsxeIObGoo9gnrEC8DIiPAzE3IfWUxAkzMRZQagnRmJaWUL1YGbVk1BLClthQyQJrSup4sjDdLDlMY0uOAABl1eMfjr1v5wAAAABJRU5ErkJggg==);background-size:12px 12px;-webkit-background-size:12px 12px;vertical-align:-2px}.inapp-tuneup .icon{width:12px;height:12px;margin:0 3px;vertical-align:-2px}.inapp-tuneup .other{color:#999;font-size:12px;margin-left:10px}.inapp-tuneup .title{color:#00c;font-size:17px;padding-bottom:4px;border-bottom:1px solid #F0F0F0;font-weight:400;padding:12px 10px 8px}.inapp-tuneup .wrap-title{margin:0 -10px}.inapp-tuneup .detail{color:#262626;font-size:14px;padding:9px 0 8px}#foot-blank{height:145px;display:none}.cross{position:absolute;top:0;left:-35px;width:35px;height:39px;bottom:0;display:none;background:url(//m.baidu.com/static/search/clear.png) no-repeat center;z-index:2;-webkit-background-size:16px;background-size:16px}.sug-visit{position:absolute;right:0;top:1px;bottom:1px;width:52px;z-index:1}.visit{padding:0 5px;line-height:18px;font-size:12px;right:7px;top:6px;color:#878787;position:absolute;border:1px solid #c8c8c8;border-radius:2px}.touched{background-color:#f2f2f2!important}.suggest-close.touched,.history-clear.touched,.suggest-control-more.touched,.suggest-control-set.touched{background-color:#eef3fe!important}.suggest-div button{display:block;border:0;width:100%;height:100%;background:none transparent;-webkit-appearance:none;margin:0;font-size:18px;line-height:22px;position:relative;text-align:left;color:#333;padding:.14rem 0 .13rem 47px;-webkit-box-sizing:border-box}.suggest-div .sug-his-graph{height:34px;line-height:20px}.sug-his-graph img{width:22px;height:22px;border:0;display:inline-block;vertical-align:middle}.sug-his-graph .sug-his-graph-kw{display:inline-block;vertical-align:middle}.sug-ent-btn .sug-ent-btn-tip{font-weight:400;font-size:12px;color:#aaa;line-height:14px;padding-top:3px}.suggest-div .direct button{padding:6px 5px 6px 17px}.sug-edit,.sug-searchicon{position:absolute;width:16px;height:100%;padding:0 17px;box-sizing:content-box;background-image:url(data:image/png;base64,iVBORw0KGgoAAAANSUhEUgAAADAAAAAwBAMAAAClLOS0AAAAGFBMVEUAAACZmZmZmZmZmZmZmZmZmZmZmZmZmZl5tJwoAAAAB3RSTlMAngL0fHuQYOPttgAAAJhJREFUOMutz7EKAjEUBdGHq9iKja021jaLrb8kC+b3JXBhwEk6bzuchFf/3P7Zfre9elia9yAMxLG1k95PeE/CJUThFqKwC1GoEIcQh06uo9DJeRQgCiEKIQoQhRAFiAJEAUKAKEAUIAoQgggBogAhiBBMCBCCCcGEACGYEEwIEIJIggnBZNlqTA5rTQjzLSafmpB8rN3XL/q9UV5mHa6fAAAAAElFTkSuQmCC);background-position:center center;background-repeat:no-repeat;background-size:16px 16px;-webkit-background-size:16px 16px;z-index:1}.sug-edit{right:0;top:0;bottom:0}.sug-del{width:11px;background-image:url(data:image/png;base64,iVBORw0KGgoAAAANSUhEUgAAACIAAAAiBAMAAADIaRbxAAAAJ1BMVEUAAACZmZmZmZmZmZmZmZmZmZmZmZmZmZmZmZmZmZmZmZmZmZmZmZmahP7BAAAADHRSTlMAAp6XpJ3165GKf+3zalVPAAAAoklEQVQoz1XRMQ4BURSF4SMq3ZBItKLV6DUKC9DbgC3INHpLUGvsAjPVW5Qh5+R/Tv0V98/VfaN6i5PadyM2Wve6lZ3YrLw0LgOClKW0HRDk2Qg0kOOX1Gj+I0YQEMQIYgQBmYBCQFMT0N4EVMpB+kddSIqoS1Hx4ZBVENGpI9p1kNRBFAQxggRBjCCg/AjkN9YoBHQ1CerUmgT1elxUb3L+AL17Xa+DK1b3AAAAAElFTkSuQmCC);background-size:11px 11px;-webkit-background-size:11px 11px}.sug-searchicon{top:0;left:0;background-image:url(data:image/png;base64,iVBORw0KGgoAAAANSUhEUgAAADAAAAAwCAMAAABg3Am1AAAAY1BMVEUAAACZmZmZmZmZmZmZmZmZmZmZmZmZmZmZmZmZmZmZmZmZmZmZmZmZmZmZmZmZmZmZmZmZmZmZmZmZmZmZmZmZmZmZmZmZmZmZmZmZmZmZmZmZmZmZmZmZmZmZmZmZmZmZmZmQGJZ5AAAAIHRSTlMA7TDyxyT45G0GHEH6gqpqNt66UA7Pnyof16KJVUehfaysbnoAAAF+SURBVEjHlZbZkoQgDEUjbiiidrv2Ovz/V851KlNtWyrkvFgKF8hCIm2Z9JjksYvzZNQT+Zjtxa252JlOSO+V21LdUzqgsJkDUa1N2VNfGl1HDmS22F9+cODarUeL7urAsLfJK8ZI0tKWNsH3+EVbnhX2bmiPJoMlz81Hg/m5on1UDoX5Pj/OcyvpiPKGU6Vr2wasj/nHCuwxrLxhcX5FZyjYYT8HwltD5zRYMyWmhj/JB7xb/28AD7VeQYtw8BYPxJf8IOYP+gP52ZGfDrlLCxPyrSA/BTJxYvtr8sG+0QRGfnrRzo3sLxMkMOx9RL0MEszIHwLIuz5I0CMDCSAg5IdnincQ2VDCBrGXpHF48zM40o0ol+AdJc1W6X2wfONc4I2rZuGdvkuqBnyZzYK61C51SVD5DFe+4NqK4TgVVO+l70UquD9onJ8VwR0oaiJWhPW4JCXFiqAu+oM1WBHSp98cL1Z4/gRulp39UZz+a/DwnsIPK3ISKmISMT3ML9AMLp70z1ucAAAAAElFTkSuQmCC)}.sug-hisicon{background-image:url(data:image/png;base64,iVBORw0KGgoAAAANSUhEUgAAADAAAAAwCAMAAABg3Am1AAAAZlBMVEUAAACZmZmZmZmZmZmZmZmZmZmZmZmZmZmZmZmZmZmZmZmZmZmZmZmZmZmZmZmZmZmZmZmZmZmZmZmZmZmZmZmZmZmZmZmZmZmZmZmZmZmZmZmZmZmZmZmZmZmZmZmZmZmZmZmZmZlLhKZbAAAAIXRSTlMA+M8EMPPtFcoScSplUNuPfhpZDEmWuHXZwE5pJcG2hdpTf5STAAABpUlEQVRIx4zP6XKCMABF4RtCZN9RXGqd8/4vWYEZK0VKvp+QM7nRStRWp/PBmMP5VLWRdiRpzEKcJtrWVI4Vd2z0mR2m4+ZSF1libZIV9cVMyWD1wVfAU5Ani4n5/DXTytWNP3qt9GPiCv2Rj2NS+3FqOg7LtXADylAbwhK4LfYAcaRfD/dYPCUGrnrJHMSd3oDRu+5ZuOw1MoAy0jJAC1EJgdVsABPq/0ChgUGTxkGqvUApuEaj43jZfjAOP07rDPTaD9SDiearAvkECubpMeR+QQ6xFIHp/ILOQKMW7vILdIdWFdS+QQ2VTlD4BgV8q4TMN8iglIPEN0jACbC+gQU2gp9SyyAFQBgGghZLBUUQQVDwYP//Sb0NrF0imJuHtWmTzCbVmpuCREpa1JJbKRVz6VxQyKV5VqOQZ6VwTqGFozVixVHrSvMZhTYf7W0Uk7Q3A2QUG5/Pr0dG1ClWGdE2BEh7EAiAmSDADCCzAcgMKgmDyu4ExsQbxqfg3tgluFdDubyh7Goo3y2LmANT/GG7HL2ktrGnpf+7OhDDezkJKhquPzeuVDmNYw5FNQAAAABJRU5ErkJggg==)}.suggest-div{position:absolute;z-index:301;left:-1px;top:0;border:1px solid #e0e0e0;border-top:0;width:100%;background:#FFF;border-bottom-left-radius:2px;border-bottom-right-radius:2px;-webkit-border-bottom-left-radius:2px;-webkit-border-bottom-right-radius:2px;box-shadow:0 1px 3px rgba(0,0,0,.2);-webkit-box-shadow:0 1px 3px rgba(0,0,0,.2)}.suggest-close{position:absolute;right:0;bottom:0;color:#666;font-size:14px;line-height:36px;z-index:2;padding:0 17px;-webkit-tap-highlight-color:rgba(0,0,0,0)}.his,.sug{font-size:16px;line-height:22px;border-bottom:1px solid #e0e0e0;word-break:break-all;text-align:left;-webkit-tap-highlight-color:rgba(0,0,0,0);position:relative;padding-right:50px}.suggest-logo{display:none;margin:7px 0 0 5px}.suggest-title{display:-webkit-box;height:36px;line-height:36px;font-size:14px;color:#666;background:#f8f8f8;position:relative}.suggest-title .history-clear{-webkit-tap-highlight-color:rgba(0,0,0,0)}.history-clear{padding:0 17px;position:relative}.his em,.sug em{font-weight:400;font-style:normal;color:#999}div.direct{height:50px;padding-right:0}.directIcon{position:relative;margin:0 10px 0 0;float:left;vertical-align:middle}.directText{position:relative}.directText p{overflow:hidden;text-overflow:ellipsis;white-space:nowrap}.directText .title{line-height:22px;font-size:18px;color:#333}.directText .info{font-size:12px;line-height:12px;color:#878787;margin:2px 0}.directText .pre{white-space:pre}.directText .num{font-size:20px}.directText .leftBorder{font-size:12px;margin-left:10px;padding-left:10px;color:#878787;border-left:1px solid #BFBFBF}.directIcon1{margin:0 0 0 -3px}.directIcon1 .icon{position:relative;width:42px;height:42px;top:-2px;background-image:none}.directIcon1 i{font-size:40px;line-height:40px}.directIcon1 .sicon-qing{color:#FFB845}.directIcon1 .sicon-yin,.directIcon1 .sicon-nightyin,.directIcon1 .sicon-xue,.directIcon1 .sicon-nightxue,.directIcon1 .sicon-leidian,.directIcon1 .sicon-nightleidian,.directIcon1 .sicon-yu,.directIcon1 .sicon-nightyu,.directIcon1 .sicon-wu,.directIcon1 .sicon-duoyun{color:#00B7FA}.directIcon1 .sicon-wumai,.directIcon1 .sicon-nightwumai,.directIcon1 .sicon-shachen,.directIcon1 .sicon-nightshachen{color:#BABABA}.directIcon1 .sicon-nightqing,.directIcon1 .sicon-nightduoyun,.directIcon1 .sicon-nightwu{color:#4176AD}.directIcon1 .sicon-yin:before,.directIcon1 .sicon-nightyin:before{content:&quot;\e600&quot;}.directIcon1 .sicon-wumai:before,.directIcon1 .sicon-nightwumai:before{content:&quot;\e637&quot;}.directIcon1 .sicon-leidian:before,.directIcon1 .sicon-nightleidian:before{content:&quot;\e601&quot;}.directIcon1 .sicon-qing:before{content:&quot;\e602&quot;}.directIcon1 .sicon-shachen:before,.directIcon1 .sicon-nightshachen:before{content:&quot;\e603&quot;}.directIcon1 .sicon-wu:before{content:&quot;\e604&quot;}.directIcon1 .sicon-xue:before,.directIcon1 .sicon-nightxue:before{content:&quot;\e605&quot;}.directIcon1 .sicon-duoyun:before{content:&quot;\e606&quot;}.directIcon1 .sicon-yu:before,.directIcon1 .sicon-nightyu:before{content:&quot;\e607&quot;}.directIcon1 .sicon-nightqing:before{content:&quot;\e62c&quot;}.directIcon1 .sicon-nightduoyun:before{content:&quot;\e62d&quot;}.directIcon1 .sicon-nightwu:before{content:&quot;\e62e&quot;}.directText1{margin-left:42px}.directText1 .title{font-size:16px}.directText1 .right{padding:0 5px;line-height:18px;font-size:12px;right:2px;top:10px;color:#878787;position:absolute;border:1px solid #c8c8c8;border-radius:2px}.directIcon2 .icon{position:relative;top:10px;width:16px;height:16px;background-image:none}.directText2{margin-left:29px}.directText2 .info{line-height:14px;color:green}.directIcon3 .icon{position:relative;width:36px;height:36px;top:1px;background-image:none}.directText3{top:1px;margin-left:46px}.directText3 .title span{position:relative;top:-2px;border:1px solid #6FA4EF;border-radius:2px;color:#fff;text-shadow:1px 1px 1px #4F7DBD;background-color:#6FA4EF;padding:0 2px;line-height:18px;font-size:12px;margin-left:5px}.sug.direct.d4{min-height:50px;height:100%}.directText4 .ball{position:relative;float:left;font-size:12px;text-align:center;width:18px;height:18px;line-height:18px;margin:2px 2px 2px 0;color:#fff;border-radius:9px}.directText4 .redball{background:#bd0005}.directText4 .blueball{background:#2e569b}div.direct.d8,div.direct.d9,div.direct.d10,div.direct.d14,div.direct.d15{height:35px}.directText15 em{font-size:12px}.directText15 a{margin-left:1px;background:url(//m.baidu.com/static/index/sugtel.png) no-repeat;background-color:#689AF1;background-size:18px 18px;border-radius:10px;color:#fff;padding:0 5px 0 24px;background-position:1px 1px;margin-right:10px;border:1px solid #689AF1;text-decoration:none}.suggest-item-last{border-bottom:0}.animate{-webkit-animation:ChangeColor 300ms linear}@-webkit-keyframes ChangeColor{0%{background:#dae6ff}50%{background:#dae6ff}100%{background:transparent}}.suggest-div button.sugat{padding:6px 0 6px 10px}.suggest-div button.sugat div{position:relative;float:left;top:1px;height:20px;width:20px;margin-right:10px}.sugat img{width:20px;height:20px}.suggest-title .suggest-at{font-size:12px;color:#777;line-height:34px;margin-left:10px}.suggest-title .suggest-at:after{content:&quot;&quot;;position:relative;top:2px;left:6px;display:inline-block;width:10px;height:12px;background:url(//m.baidu.com/static/index/sug_at.png) no-repeat;-webkit-background-size:10px 12px;background-size:10px 12px}.suggest-panel.sug-oper{min-height:140px}.suggest-panel.sug-oper .suggest-content{border-right:1px solid #e4e4e4}.suggest-panel .suggest-oper{position:absolute;top:0;right:0;display:none;border-left:1px solid #e4e4e4}.suggest-panel.sug-oper .suggest-oper{display:block}.suggest-panel .sug-oper-btn{width:73px;height:70px;color:#777;font-size:11px;text-align:center;background:no-repeat center 13px;background-color:#fff;-webkit-background-size:24px 24px;background-size:24px 24px;padding-top:40px;-webkit-box-sizing:border-box;box-sizing:border-box;border-bottom:1px solid #f0f0f0}.suggest-panel .suggest-oper .suggest-oper-his{background-image:url(//m.baidu.com/static/index/sug-oper-his.png);border-bottom:1px solid #e2f0ff}.suggest-panel .suggest-oper.sug-active-his .suggest-oper-his{background-image:url(//m.baidu.com/static/index/sug-oper-his-active.png);background-color:#e2f0ff;color:#0078da}.suggest-panel .suggest-oper .suggest-oper-at{background-image:url(//m.baidu.com/static/index/sug-oper-at.png)}.suggest-panel .suggest-oper.sug-active-at .suggest-oper-at{background-image:url(//m.baidu.com/static/index/sug-oper-at-active.png);background-color:#e2f0ff;color:#0078da;border-bottom:1px solid #e2f0ff}.suggest-oper{display:none!important}.suggest-control-more{position:relative;display:inline-block}.suggest-control-set{display:inline-block}.suggest-control-set .sicon-setting:before{display:none;position:relative;top:1px;content:&quot;\e628&quot;;font-size:18px;line-height:18px;color:#b1b1b1;margin-right:4px}.sicon-logo,.sicon-setting{display:none}.sicon-logo:before{display:none;position:relative;top:1px;color:#b1b1b1;content:&#039;\e681&#039;;font-size:18px;margin-right:4px}.suggest-control-more a,.suggest-control-more a:visited,.suggest-control-set a,.suggest-control-set a:visited{color:#666;padding:0 17px;display:inline-block}.suggest-control-more:after{content:&quot;&quot;;display:inline-block;position:absolute;right:0;border-left:1px solid #e0e0e0;height:18px;top:9px}.suggest-div .pandirect button{padding:2px 5px 0}div.pandirect{height:49px}.pandirectIcon{position:relative;margin:6px 7px 0;float:left;vertical-align:middle}.pandirectIcon img{width:24px;height:24px}.pandirectText{position:relative;font-size:18px;line-height:18px;padding:0 0 0 43px;font-weight:400}.pandirectInfo{font-size:13px;color:#878787;font-weight:400;line-height:13px;padding-right:40px;overflow:hidden;height:13px;margin-top:4px}.pandirectArrow{width:24px;height:24px;position:absolute;right:14px;top:14px}@media only screen and (min-width:568px){.se-page-relative{display:none}.se-page-bd{position:relative;padding-right:32%}.se-page-rcol{-webkit-box-sizing:border-box;position:absolute;overflow:hidden;right:0;top:.1rem;margin-top:-1px;width:32%}.se-reword{text-align:left;margin-bottom:6px;background:#fff;border:1px solid #e0e0e0;margin-right:7px}.se-reword .rw-item{width:100%}.se-reword .rw-item:nth-child(2n):before{content:none}.se-reword .rw-title{font-size:17px;height:41px;line-height:45px;color:#262626;padding:0 10px;border-bottom:1px solid #f0f0f0}.se-reword .rw-list{padding:0 10px;font-size:14px}.se-reword .rw-item{position:relative;display:block;height:48px;line-height:48px;text-overflow:ellipsis;border-bottom:1px solid #f5f5f5;white-space:nowrap;overflow-x:hidden}.se-reword .rw-item:last-child{border-bottom:0}.se-reword .rw-title{background-image:url(//m.baidu.com/tc?tcreq4log=1&amp;amp;ct=22&amp;amp;cst=1)}}@media only screen and (max-width:567px){.se-relativewords{display:block;background-image:url(//m.baidu.com/tc?tcreq4log=1&amp;amp;ct=22&amp;amp;cst=2)}.se-page-rcol{display:none}}.se-ft-promlink{padding:0 .16rem}.se-ft-promlink .footerlinkout{padding:6px 0}.se-ft-promlink .footerlinkbar{display:block;text-align:left;font-size:14px;color:#262626;height:39px;line-height:39px;border:1px solid #e0e0e0;padding-left:10px;background:#f9f9f9;overflow:hidden}.se-ft-promlink .footerlinkbar .baiduico{position:relative;float:left;background:url(//m.baidu.com/static/search/bdsl.png) no-repeat;background-size:25px 25px;-webkit-background-size:25px 25px;width:25px;height:25px;margin:6px 6px 0 0}.se-ft-promlink .footerlinkbar .linkico{position:relative;float:right;background:url(data:image/png;base64,iVBORw0KGgoAAAANSUhEUgAAAAwAAAAQCAYAAAAiYZ4HAAAAGXRFWHRTb2Z0d2FyZQBBZG9iZSBJbWFnZVJlYWR5ccllPAAAAyRpVFh0WE1MOmNvbS5hZG9iZS54bXAAAAAAADw/eHBhY2tldCBiZWdpbj0i77u/IiBpZD0iVzVNME1wQ2VoaUh6cmVTek5UY3prYzlkIj8+IDx4OnhtcG1ldGEgeG1sbnM6eD0iYWRvYmU6bnM6bWV0YS8iIHg6eG1wdGs9IkFkb2JlIFhNUCBDb3JlIDUuMy1jMDExIDY2LjE0NTY2MSwgMjAxMi8wMi8wNi0xNDo1NjoyNyAgICAgICAgIj4gPHJkZjpSREYgeG1sbnM6cmRmPSJodHRwOi8vd3d3LnczLm9yZy8xOTk5LzAyLzIyLXJkZi1zeW50YXgtbnMjIj4gPHJkZjpEZXNjcmlwdGlvbiByZGY6YWJvdXQ9IiIgeG1sbnM6eG1wPSJodHRwOi8vbnMuYWRvYmUuY29tL3hhcC8xLjAvIiB4bWxuczp4bXBNTT0iaHR0cDovL25zLmFkb2JlLmNvbS94YXAvMS4wL21tLyIgeG1sbnM6c3RSZWY9Imh0dHA6Ly9ucy5hZG9iZS5jb20veGFwLzEuMC9zVHlwZS9SZXNvdXJjZVJlZiMiIHhtcDpDcmVhdG9yVG9vbD0iQWRvYmUgUGhvdG9zaG9wIENTNiAoTWFjaW50b3NoKSIgeG1wTU06SW5zdGFuY2VJRD0ieG1wLmlpZDpBMDQ1OEUzMjRGNTAxMUUzQkNCRkM1MTMyODZCNTM4RSIgeG1wTU06RG9jdW1lbnRJRD0ieG1wLmRpZDpBMDQ1OEUzMzRGNTAxMUUzQkNCRkM1MTMyODZCNTM4RSI+IDx4bXBNTTpEZXJpdmVkRnJvbSBzdFJlZjppbnN0YW5jZUlEPSJ4bXAuaWlkOkEwNDU4RTMwNEY1MDExRTNCQ0JGQzUxMzI4NkI1MzhFIiBzdFJlZjpkb2N1bWVudElEPSJ4bXAuZGlkOkEwNDU4RTMxNEY1MDExRTNCQ0JGQzUxMzI4NkI1MzhFIi8+IDwvcmRmOkRlc2NyaXB0aW9uPiA8L3JkZjpSREY+IDwveDp4bXBtZXRhPiA8P3hwYWNrZXQgZW5kPSJyIj8+AJ3vMQAAAORJREFUeNp8kjEKwkAQRceYIoWIFwh4g1Rp01gJOYVgES+gXkDUA2gR8BKxsEljm8q9gXoAwUpQgn9hgmOymw+vmE8+m52/HaVUTEQZ/fQEQ/AggxxwBDPh9cEFeLaA1h5shO+DM3BtAa0FOIg5BKfaN/8DNAW5mEcgbQuUYAwK4U3AyhbQeoMI3IW3BAmZLsV6gQDcQI+9Hbg61K5Pbe7aAh53MRCe7iozBVzuwBfelrtqXNrh3YfC093MbVtKefeVcu7G2MOad16p4E5KUyCRx3IHEXfS+OeYdyyfd8BdNPQVYABi4ikpkErplwAAAABJRU5ErkJggg==);background-size:6px 9px;-webkit-background-size:6px 8px;width:6px;height:8px;margin:15px 12px 0}.return-link{text-align:center;padding:0}.ft-span{padding:0 18px;color:#555;font-size:13px;line-height:33px;display:inline-block;overflow:hidden}.ft-span.login-bot{max-width:110px;text-overflow:ellipsis}.ft-span.brand-item:after{content:&#039;&#039;;display:inline-block;width:1px;background:#ccc;height:13px;left:18px;position:relative;top:2px}.ft-span:last-child:after{display:none}.login-bot .c-icon{position:relative;top:-1px}@media (max-width:359px){.ft-span.login-bot{display:block;margin:0 auto}.ft-span.feedback:after{display:none}}@media (max-width:214px){.ft-span.brand-item:after{display:none}}.se-copyright{padding:1px 0 14px;line-height:18px;font-size:13px;color:#aaa}.se-foot-logo .logo{background:url(//m.baidu.com/se/static/img/iphone/logo.png) no-repeat;width:130px;height:42px;background-size:130px 42px;-webkit-background-size:130px 42px;display:inline-block;margin:14px 0 0}.call{-webkit-tap-highlight-color:rgba(0,0,0,0);display:inline-block;position:relative;height:38px;width:51px;top:0;background-color:#f0f0f0;border:1px solid #cdcdcd;text-align:center}.call:first-child{border-right:0}.callicon-wrap{position:absolute;top:0;left:-39px;width:39px;height:100%;z-index:10}.baiduapp-icon{width:39px;height:100%;text-align:left}.baiduappcall-wrap{position:absolute;width:108px;top:53px;left:-19px;height:40px;text-align:left;display:none}.open .baiduappcall-wrap{display:block}.focus .callicon-wrap{display:none}.call.active:before{content:&quot;&quot;;position:absolute;width:34px;height:34px;background-color:#dedede;top:2px;left:8px;z-index:1}.baiduapp-icon:after,.call:after{background:url(//m.baidu.com/static/index/promB/mmsicon.png) 1px 0 no-repeat;display:inline-block;content:&quot;&quot;;height:20px;margin-top:9px;background-size:33px 19px;overflow:hidden;width:14px}.call:after{position:relative;z-index:2}.qrcode:after{width:22px;background-position:-13px 0;margin-left:3px}.baiduapp-icon:after{margin:13px 0 0}.baiduapp-icon:before{content:&quot;&quot;;position:absolute;height:0;width:0;border:4px solid #fff;border-top-color:#717077;top:21px;right:12px}.open .baiduapp-icon:before{border-color:#fff;border-bottom-color:#717077;top:16px}.baiduappcall-wrap:after,.baiduappcall-wrap:before{content:&quot;&quot;;position:absolute;top:-3px;left:23px;-webkit-transform:rotate(45deg);border:1px solid #cdcdcd;height:4px;width:4px}.baiduappcall-wrap:after{border:0;top:-1px;left:22px;width:8px;height:8px;background-color:#f0f0f0}.fankui-result-cover,.fankui-other-cover{position:absolute;top:0;left:0;right:0;bottom:0;z-index:305}.fankui-other-cover{background-color:rgba(255,255,255,.6)}.fankui-results-cover{z-index:150;background-color:rgba(76,76,76,.7)}.fankui-result-button{height:.36rem;width:.36rem;position:absolute;right:.2rem;bottom:.2rem;border-radius:.25rem;-webkit-border-radius:.25rem;background-color:#4794ff;color:#fff;font-size:.2rem}.fankui-title{margin-bottom:.18rem;margin-top:.08rem;text-align:left;font-size:.18rem;white-space:nowrap}.fankui-title-ala{margin-bottom:.1rem}.fankui-dialog{position:absolute;z-index:9999;width:100%;box-sizing:border-box;margin-top:0}.fankui-dialog .fankui-close{text-align:right}.fankui-dialog textarea{height:1.12rem;overflow:hidden;font-family:Arial,Helvetica,sans-serif;box-sizing:border-box;resize:none;padding:.09rem;margin-bottom:.12rem;margin-top:.14rem}.fankui-dialog .fankui-email{height:.38rem;padding:0 .09rem;margin-bottom:.12rem}.fankui-dialog .fankui-button{height:.54rem;margin-bottom:.12rem;float:right;font-size:.25rem;background-color:#ebebeb;color:#aaa;border-left:0;border:0}.fankui-dialog .fankui-preview-con{height:.54rem;display:none;top:0;right:0;position:absolute;background-repeat:no-repeat;background-position:center;background-size:cover;background-image:url(//m.baidu.com/se/static/img/iphone/preview_default.png)}.fankui-dialog .fankui-preview-img{height:.54rem;width:100%}.fankui-dialog .fankui-filename{height:.54rem;font-size:.14rem;color:#999;padding:0 .1rem;margin-bottom:.12rem;line-height:.54rem;text-align:left;margin-right:-.02rem;width:102%;border:1px solid #eee;border-right:0}.fankui-file,.fankui-frame{display:none}.fankui-dialog .fankui-submit{height:.38rem;color:#333}.fankui-select{height:.38rem!important;padding-left:.09rem!important}.fankui-result-con{position:absolute;top:0;left:0;right:0;bottom:0}.fankui-result-toast{width:1.51rem;height:.9rem;margin:auto;position:absolute;top:0;left:0;right:0;bottom:0;background:#333;border-radius:.06rem;z-index:1;padding-top:.18rem;box-sizing:border-box}.fankui-result-toast i{font-size:.3rem;color:#f60}.fankui-result-toast p{margin-top:.05rem;color:#fff}.fankui-header{position:fixed;top:0;height:.5rem;z-index:315;background:#333;color:#fff;width:100%}.fankui-header p{float:left;width:33%;height:.5rem;line-height:.5rem;text-align:left;padding-left:.15rem;box-sizing:border-box;font-size:.16rem;color:#fff}.fankui-header p.fankui-header-second{text-align:center;padding-left:0;padding-right:.2rem;font-size:.18rem}.fankui-header p.fankui-header-third{text-align:right;padding-right:.05rem}.fankui-header p.fankui-header-third i{margin-right:.04rem}.fankui-header-tip,.fankui-result-tip{height:38px;background-color:rgba(0,0,0,.76);color:#fff;box-sizing:border-box;font-size:.14rem}.fankui-header-tip span,.fankui-result-tip span{line-height:38px}.fankui-header-tip{width:3rem;z-index:310;margin-top:.15rem;right:.2rem;position:absolute;border-radius:.04rem 0 .04rem .04rem}.fankui-result-tip{width:2.2rem;border-radius:.04rem .04rem 0;position:absolute;right:75px;bottom:30px;padding-left:.15rem}.fankui-header-tip:before,.fankui-result-tip:before{content:&quot;&quot;;width:0;height:0;display:block;position:absolute;top:-8px;right:0;border:4px solid #3d3e40;border-color:transparent #3d3e40 #3d3e40 transparent}.fankui-result-tip:before{border-color:transparent transparent #3d3e40 #3d3e40;right:-8px;top:30px}.fankui-footer{margin-top:.18rem;font-size:.14rem}.fankui-footer{color:#999}.fankui-footer a,.fankui-footer a:visited{color:#666}.fankui-footer .fankui-other{text-align:left}.fankui-footer .fankui-mine{text-align:right}.fankui-footer-ala{margin-top:.08rem;margin-bottom:.06rem}.fankui-popup-mask{background:rgba(0,0,0,.7)!important;position:absolute;top:0;left:0;right:0;bottom:0;z-index:999}.fankui-dialog input,.fankui-dialog textarea{color:#333;font-size:.14rem}.fankui-dialog input:-moz-placeholder,.fankui-dialog textarea:-moz-placeholder{color:#999;font-size:.14rem}.fankui-dialog input::-moz-placeholder,.fankui-dialog textarea::-moz-placeholder{color:#999;font-size:.14rem}.fankui-dialog input:-ms-input-placeholder,.fankui-dialog textarea:-ms-input-placeholder{color:#999;font-size:.14rem}.fankui-dialog input::-webkit-input-placeholder,.fankui-dialog textarea::-webkit-input-placeholder{color:#999;font-size:.14rem}.fankui-radio{margin-top:.11rem;padding-bottom:.11rem;border-bottom:1px solid #eee}.fankui-radio-name{float:left;font-size:.14rem}.fankui-radio-icon{float:right;color:#38f;width:.16rem;height:.16rem;font-size:14px;border:1px solid #ddd;position:relative}.fankui-radio-icon i{display:none;font-size:.1rem;position:absolute;top:-.02rem;left:.025rem}.fankui-radio-container .fankui-radio:last-child{border:0!important;padding-bottom:0}&lt;/style&gt;&lt;script data-version=&quot;framejs_b0cb0f5&quot;&gt;var Zepto=function(){function t(t){return null==t?String(t):U[V.call(t)]||&quot;object&quot;}function e(e){return&quot;function&quot;==t(e)}function n(t){return null!=t&amp;amp;&amp;amp;t==t.window}function i(t){return null!=t&amp;amp;&amp;amp;t.nodeType==t.DOCUMENT_NODE}function r(e){return&quot;object&quot;==t(e)}function o(t){return r(t)&amp;amp;&amp;amp;!n(t)&amp;amp;&amp;amp;Object.getPrototypeOf(t)==Object.prototype}function a(t){return&quot;number&quot;==typeof t.length}function s(t){return N.call(t,function(t){return null!=t})}function u(t){return t.length&amp;gt;0?E.fn.concat.apply([],t):t}function c(t){return t.replace(/::/g,&quot;/&quot;).replace(/([A-Z]+)([A-Z][a-z])/g,&quot;$1_$2&quot;).replace(/([a-z\d])([A-Z])/g,&quot;$1_$2&quot;).replace(/_/g,&quot;-&quot;).toLowerCase()}function l(t){return t in A?A[t]:A[t]=new RegExp(&quot;(^|\\s)&quot;+t+&quot;(\\s|$)&quot;)}function f(t,e){return&quot;number&quot;!=typeof e||L[c(t)]?e:e+&quot;px&quot;}function h(t){var e,n;return k[t]||(e=M.createElement(t),M.body.appendChild(e),n=getComputedStyle(e,&quot;&quot;).getPropertyValue(&quot;display&quot;),e.parentNode.removeChild(e),&quot;none&quot;==n&amp;amp;&amp;amp;(n=&quot;block&quot;),k[t]=n),k[t]}function p(t){return&quot;children&quot;in t?O.call(t.children):E.map(t.childNodes,function(t){return 1==t.nodeType?t:void 0})}function d(t,e,n){for(T in e)n&amp;amp;&amp;amp;(o(e[T])||G(e[T]))?(o(e[T])&amp;amp;&amp;amp;!o(t[T])&amp;amp;&amp;amp;(t[T]={}),G(e[T])&amp;amp;&amp;amp;!G(t[T])&amp;amp;&amp;amp;(t[T]=[]),d(t[T],e[T],n)):e[T]!==x&amp;amp;&amp;amp;(t[T]=e[T])}function m(t,e){return null==e?E(t):E(t).filter(e)}function g(t,n,i,r){return e(n)?n.call(t,i,r):n}function v(t,e,n){null==n?t.removeAttribute(e):t.setAttribute(e,n)}function y(t,e){var n=t.className||&quot;&quot;,i=n&amp;amp;&amp;amp;n.baseVal!==x;return e===x?i?n.baseVal:n:void(i?n.baseVal=e:t.className=e)}function b(t){var e;try{return t?&quot;true&quot;==t||(&quot;false&quot;==t?!1:&quot;null&quot;==t?null:/^0/.test(t)||isNaN(e=Number(t))?/^[\[\{]/.test(t)?E.parseJSON(t):t:e):t}catch(n){return t}}function w(t,e){e(t);for(var n=0,i=t.childNodes.length;i&amp;gt;n;n++)w(t.childNodes[n],e)}var x,T,E,S,j,P,C=[],O=C.slice,N=C.filter,M=window.document,k={},A={},L={&quot;column-count&quot;:1,columns:1,&quot;font-weight&quot;:1,&quot;line-height&quot;:1,opacity:1,&quot;z-index&quot;:1,zoom:1},_=/^\s*&amp;lt;(\w+|!)[^&amp;gt;]*&amp;gt;/,D=/^&amp;lt;(\w+)\s*\/?&amp;gt;(?:&amp;lt;\/\1&amp;gt;|)$/,F=/&amp;lt;(?!area|br|col|embed|hr|img|input|link|meta|param)(([\w:]+)[^&amp;gt;]*)\/&amp;gt;/gi,Z=/^(?:body|html)$/i,$=/([A-Z])/g,R=[&quot;val&quot;,&quot;css&quot;,&quot;html&quot;,&quot;text&quot;,&quot;data&quot;,&quot;width&quot;,&quot;height&quot;,&quot;offset&quot;],z=[&quot;after&quot;,&quot;prepend&quot;,&quot;before&quot;,&quot;append&quot;],W=M.createElement(&quot;table&quot;),q=M.createElement(&quot;tr&quot;),I={tr:M.createElement(&quot;tbody&quot;),tbody:W,thead:W,tfoot:W,td:q,th:q,&quot;*&quot;:M.createElement(&quot;div&quot;)},B=/complete|loaded|interactive/,H=/^[\w-]*$/,U={},V=U.toString,X={},Y=M.createElement(&quot;div&quot;),J={tabindex:&quot;tabIndex&quot;,readonly:&quot;readOnly&quot;,&quot;for&quot;:&quot;htmlFor&quot;,&quot;class&quot;:&quot;className&quot;,maxlength:&quot;maxLength&quot;,cellspacing:&quot;cellSpacing&quot;,cellpadding:&quot;cellPadding&quot;,rowspan:&quot;rowSpan&quot;,colspan:&quot;colSpan&quot;,usemap:&quot;useMap&quot;,frameborder:&quot;frameBorder&quot;,contenteditable:&quot;contentEditable&quot;},G=Array.isArray||function(t){return t instanceof Array};return X.matches=function(t,e){if(!e||!t||1!==t.nodeType)return!1;var n=t.webkitMatchesSelector||t.mozMatchesSelector||t.oMatchesSelector||t.matchesSelector;if(n)return n.call(t,e);var i,r=t.parentNode,o=!r;return o&amp;amp;&amp;amp;(r=Y).appendChild(t),i=~X.qsa(r,e).indexOf(t),o&amp;amp;&amp;amp;Y.removeChild(t),i},j=function(t){return t.replace(/-+(.)?/g,function(t,e){return e?e.toUpperCase():&quot;&quot;})},P=function(t){return N.call(t,function(e,n){return t.indexOf(e)==n})},X.fragment=function(t,e,n){var i,r,a;return D.test(t)&amp;amp;&amp;amp;(i=E(M.createElement(RegExp.$1))),i||(t.replace&amp;amp;&amp;amp;(t=t.replace(F,&quot;&amp;lt;$1&amp;gt;&amp;lt;/$2&amp;gt;&quot;)),e===x&amp;amp;&amp;amp;(e=_.test(t)&amp;amp;&amp;amp;RegExp.$1),e in I||(e=&quot;*&quot;),a=I[e],a.innerHTML=&quot;&quot;+t,i=E.each(O.call(a.childNodes),function(){a.removeChild(this)})),o(n)&amp;amp;&amp;amp;(r=E(i),E.each(n,function(t,e){R.indexOf(t)&amp;gt;-1?r[t](e):r.attr(t,e)})),i},X.Z=function(t,e){return t=t||[],t.__proto__=E.fn,t.selector=e||&quot;&quot;,t},X.isZ=function(t){return t instanceof X.Z},X.init=function(t,n){var i;if(!t)return X.Z();if(&quot;string&quot;==typeof t)if(t=t.trim(),&quot;&amp;lt;&quot;==t[0]&amp;amp;&amp;amp;_.test(t))i=X.fragment(t,RegExp.$1,n),t=null;else{if(n!==x)return E(n).find(t);i=X.qsa(M,t)}else{if(e(t))return E(M).ready(t);if(X.isZ(t))return t;if(G(t))i=s(t);else if(r(t))i=[t],t=null;else if(_.test(t))i=X.fragment(t.trim(),RegExp.$1,n),t=null;else{if(n!==x)return E(n).find(t);i=X.qsa(M,t)}}return X.Z(i,t)},E=function(t,e){return X.init(t,e)},E.extend=function(t){var e,n=O.call(arguments,1);return&quot;boolean&quot;==typeof t&amp;amp;&amp;amp;(e=t,t=n.shift()),n.forEach(function(n){d(t,n,e)}),t},X.qsa=function(t,e){var n,r=&quot;#&quot;==e[0],o=!r&amp;amp;&amp;amp;&quot;.&quot;==e[0],a=r||o?e.slice(1):e,s=H.test(a);return i(t)&amp;amp;&amp;amp;s&amp;amp;&amp;amp;r?(n=t.getElementById(a))?[n]:[]:1!==t.nodeType&amp;amp;&amp;amp;9!==t.nodeType?[]:O.call(s&amp;amp;&amp;amp;!r?o?t.getElementsByClassName(a):t.getElementsByTagName(e):t.querySelectorAll(e))},E.contains=M.documentElement.contains?function(t,e){return t!==e&amp;amp;&amp;amp;t.contains(e)}:function(t,e){for(;e&amp;amp;&amp;amp;(e=e.parentNode);)if(e===t)return!0;return!1},E.type=t,E.isFunction=e,E.isWindow=n,E.isArray=G,E.isPlainObject=o,E.isEmptyObject=function(t){var e;for(e in t)return!1;return!0},E.inArray=function(t,e,n){return C.indexOf.call(e,t,n)},E.camelCase=j,E.trim=function(t){return null==t?&quot;&quot;:String.prototype.trim.call(t)},E.uuid=0,E.support={},E.expr={},E.map=function(t,e){var n,i,r,o=[];if(a(t))for(i=0;i&amp;lt;t.length;i++)n=e(t[i],i),null!=n&amp;amp;&amp;amp;o.push(n);else for(r in t)n=e(t[r],r),null!=n&amp;amp;&amp;amp;o.push(n);return u(o)},E.each=function(t,e){var n,i;if(a(t)){for(n=0;n&amp;lt;t.length;n++)if(e.call(t[n],n,t[n])===!1)return t}else for(i in t)if(e.call(t[i],i,t[i])===!1)return t;return t},E.grep=function(t,e){return N.call(t,e)},window.JSON&amp;amp;&amp;amp;(E.parseJSON=JSON.parse),E.each(&quot;Boolean Number String Function Array Date RegExp Object Error&quot;.split(&quot; &quot;),function(t,e){U[&quot;[object &quot;+e+&quot;]&quot;]=e.toLowerCase()}),E.fn={forEach:C.forEach,reduce:C.reduce,push:C.push,sort:C.sort,indexOf:C.indexOf,concat:C.concat,map:function(t){return E(E.map(this,function(e,n){return t.call(e,n,e)}))},slice:function(){return E(O.apply(this,arguments))},ready:function(t){return B.test(M.readyState)&amp;amp;&amp;amp;M.body?t(E):M.addEventListener(&quot;DOMContentLoaded&quot;,function(){t(E)},!1),this},get:function(t){return t===x?O.call(this):this[t&amp;gt;=0?t:t+this.length]},toArray:function(){return this.get()},size:function(){return this.length},remove:function(){return this.each(function(){null!=this.parentNode&amp;amp;&amp;amp;this.parentNode.removeChild(this)})},each:function(t){return C.every.call(this,function(e,n){return t.call(e,n,e)!==!1}),this},filter:function(t){return e(t)?this.not(this.not(t)):E(N.call(this,function(e){return X.matches(e,t)}))},add:function(t,e){return E(P(this.concat(E(t,e))))},is:function(t){return this.length&amp;gt;0&amp;amp;&amp;amp;X.matches(this[0],t)},not:function(t){var n=[];if(e(t)&amp;amp;&amp;amp;t.call!==x)this.each(function(e){t.call(this,e)||n.push(this)});else{var i=&quot;string&quot;==typeof t?this.filter(t):a(t)&amp;amp;&amp;amp;e(t.item)?O.call(t):E(t);this.forEach(function(t){i.indexOf(t)&amp;lt;0&amp;amp;&amp;amp;n.push(t)})}return E(n)},has:function(t){return this.filter(function(){return r(t)?E.contains(this,t):E(this).find(t).size()})},eq:function(t){return-1===t?this.slice(t):this.slice(t,+t+1)},first:function(){var t=this[0];return t&amp;amp;&amp;amp;!r(t)?t:E(t)},last:function(){var t=this[this.length-1];return t&amp;amp;&amp;amp;!r(t)?t:E(t)},find:function(t){var e,n=this;return e=t?&quot;object&quot;==typeof t?E(t).filter(function(){var t=this;return C.some.call(n,function(e){return E.contains(e,t)})}):1==this.length?E(X.qsa(this[0],t)):this.map(function(){return X.qsa(this,t)}):[]},closest:function(t,e){var n=this[0],r=!1;for(&quot;object&quot;==typeof t&amp;amp;&amp;amp;(r=E(t));n&amp;amp;&amp;amp;!(r?r.indexOf(n)&amp;gt;=0:X.matches(n,t));)n=n!==e&amp;amp;&amp;amp;!i(n)&amp;amp;&amp;amp;n.parentNode;return E(n)},parents:function(t){for(var e=[],n=this;n.length&amp;gt;0;)n=E.map(n,function(t){return(t=t.parentNode)&amp;amp;&amp;amp;!i(t)&amp;amp;&amp;amp;e.indexOf(t)&amp;lt;0?(e.push(t),t):void 0});return m(e,t)},parent:function(t){return m(P(this.pluck(&quot;parentNode&quot;)),t)},children:function(t){return m(this.map(function(){return p(this)}),t)},contents:function(){return this.map(function(){return O.call(this.childNodes)})},siblings:function(t){return m(this.map(function(t,e){return N.call(p(e.parentNode),function(t){return t!==e})}),t)},empty:function(){return this.each(function(){this.innerHTML=&quot;&quot;})},pluck:function(t){return E.map(this,function(e){return e[t]})},show:function(){return this.each(function(){&quot;none&quot;==this.style.display&amp;amp;&amp;amp;(this.style.display=&quot;&quot;),&quot;none&quot;==getComputedStyle(this,&quot;&quot;).getPropertyValue(&quot;display&quot;)&amp;amp;&amp;amp;(this.style.display=h(this.nodeName))})},replaceWith:function(t){return this.before(t).remove()},wrap:function(t){var n=e(t);if(this[0]&amp;amp;&amp;amp;!n)var i=E(t).get(0),r=i.parentNode||this.length&amp;gt;1;return this.each(function(e){E(this).wrapAll(n?t.call(this,e):r?i.cloneNode(!0):i)})},wrapAll:function(t){if(this[0]){E(this[0]).before(t=E(t));for(var e;(e=t.children()).length;)t=e.first();E(t).append(this)}return this},wrapInner:function(t){var n=e(t);return this.each(function(e){var i=E(this),r=i.contents(),o=n?t.call(this,e):t;r.length?r.wrapAll(o):i.append(o)})},unwrap:function(){return this.parent().each(function(){E(this).replaceWith(E(this).children())}),this},clone:function(){return this.map(function(){return this.cloneNode(!0)})},hide:function(){return this.css(&quot;display&quot;,&quot;none&quot;)},toggle:function(t){return this.each(function(){var e=E(this);(t===x?&quot;none&quot;==e.css(&quot;display&quot;):t)?e.show():e.hide()})},prev:function(t){return E(this.pluck(&quot;previousElementSibling&quot;)).filter(t||&quot;*&quot;)},next:function(t){return E(this.pluck(&quot;nextElementSibling&quot;)).filter(t||&quot;*&quot;)},html:function(t){return 0 in arguments?this.each(function(e){var n=this.innerHTML;E(this).empty().append(g(this,t,e,n))}):0 in this?this[0].innerHTML:null},text:function(t){return 0 in arguments?this.each(function(e){var n=g(this,t,e,this.textContent);this.textContent=null==n?&quot;&quot;:&quot;&quot;+n}):0 in this?this[0].textContent:null},attr:function(t,e){var n;return&quot;string&quot;!=typeof t||1 in arguments?this.each(function(n){if(1===this.nodeType)if(r(t))for(T in t)v(this,T,t[T]);else v(this,t,g(this,e,n,this.getAttribute(t)))}):this.length&amp;amp;&amp;amp;1===this[0].nodeType?!(n=this[0].getAttribute(t))&amp;amp;&amp;amp;t in this[0]?this[0][t]:n:x},removeAttr:function(t){return this.each(function(){1===this.nodeType&amp;amp;&amp;amp;v(this,t)})},prop:function(t,e){return t=J[t]||t,1 in arguments?this.each(function(n){this[t]=g(this,e,n,this[t])}):this[0]&amp;amp;&amp;amp;this[0][t]},data:function(t,e){var n=&quot;data-&quot;+t.replace($,&quot;-$1&quot;).toLowerCase(),i=1 in arguments?this.attr(n,e):this.attr(n);return null!==i?b(i):x},val:function(t){return 0 in arguments?this.each(function(e){this.value=g(this,t,e,this.value)}):this[0]&amp;amp;&amp;amp;(this[0].multiple?E(this[0]).find(&quot;option&quot;).filter(function(){return this.selected}).pluck(&quot;value&quot;):this[0].value)},offset:function(t){if(t)return this.each(function(e){var n=E(this),i=g(this,t,e,n.offset()),r=n.offsetParent().offset(),o={top:i.top-r.top,left:i.left-r.left};&quot;static&quot;==n.css(&quot;position&quot;)&amp;amp;&amp;amp;(o.position=&quot;relative&quot;),n.css(o)});if(!this.length)return null;var e=this[0].getBoundingClientRect();return{left:e.left+window.pageXOffset,top:e.top+window.pageYOffset,width:Math.round(e.width),height:Math.round(e.height)}},css:function(e,n){if(arguments.length&amp;lt;2){var i=this[0],r=getComputedStyle(i,&quot;&quot;);if(!i)return;if(&quot;string&quot;==typeof e)return i.style[j(e)]||r.getPropertyValue(e);if(G(e)){var o={};return E.each(e,function(t,e){o[e]=i.style[j(e)]||r.getPropertyValue(e)}),o}}var a=&quot;&quot;;if(&quot;string&quot;==t(e))n||0===n?a=c(e)+&quot;:&quot;+f(e,n):this.each(function(){this.style.removeProperty(c(e))});else for(T in e)e[T]||0===e[T]?a+=c(T)+&quot;:&quot;+f(T,e[T])+&quot;;&quot;:this.each(function(){this.style.removeProperty(c(T))});return this.each(function(){this.style.cssText+=&quot;;&quot;+a})},index:function(t){return t?this.indexOf(E(t)[0]):this.parent().children().indexOf(this[0])},hasClass:function(t){return t?C.some.call(this,function(t){return this.test(y(t))},l(t)):!1},addClass:function(t){return t?this.each(function(e){if(&quot;className&quot;in this){S=[];var n=y(this),i=g(this,t,e,n);i.split(/\s+/g).forEach(function(t){E(this).hasClass(t)||S.push(t)},this),S.length&amp;amp;&amp;amp;y(this,n+(n?&quot; &quot;:&quot;&quot;)+S.join(&quot; &quot;))}}):this},removeClass:function(t){return this.each(function(e){if(&quot;className&quot;in this){if(t===x)return y(this,&quot;&quot;);S=y(this),g(this,t,e,S).split(/\s+/g).forEach(function(t){S=S.replace(l(t),&quot; &quot;)}),y(this,S.trim())}})},toggleClass:function(t,e){return t?this.each(function(n){var i=E(this),r=g(this,t,n,y(this));r.split(/\s+/g).forEach(function(t){(e===x?!i.hasClass(t):e)?i.addClass(t):i.removeClass(t)})}):this},scrollTop:function(t){if(this.length){var e=&quot;scrollTop&quot;in this[0];return t===x?e?this[0].scrollTop:this[0].pageYOffset:this.each(e?function(){this.scrollTop=t}:function(){this.scrollTo(this.scrollX,t)})}},scrollLeft:function(t){if(this.length){var e=&quot;scrollLeft&quot;in this[0];return t===x?e?this[0].scrollLeft:this[0].pageXOffset:this.each(e?function(){this.scrollLeft=t}:function(){this.scrollTo(t,this.scrollY)})}},position:function(){if(this.length){var t=this[0],e=this.offsetParent(),n=this.offset(),i=Z.test(e[0].nodeName)?{top:0,left:0}:e.offset();return n.top-=parseFloat(E(t).css(&quot;margin-top&quot;))||0,n.left-=parseFloat(E(t).css(&quot;margin-left&quot;))||0,i.top+=parseFloat(E(e[0]).css(&quot;border-top-width&quot;))||0,i.left+=parseFloat(E(e[0]).css(&quot;border-left-width&quot;))||0,{top:n.top-i.top,left:n.left-i.left}}},offsetParent:function(){return this.map(function(){for(var t=this.offsetParent||M.body;t&amp;amp;&amp;amp;!Z.test(t.nodeName)&amp;amp;&amp;amp;&quot;static&quot;==E(t).css(&quot;position&quot;);)t=t.offsetParent;return t})}},E.fn.detach=E.fn.remove,[&quot;width&quot;,&quot;height&quot;].forEach(function(t){var e=t.replace(/./,function(t){return t[0].toUpperCase()});E.fn[t]=function(r){var o,a=this[0];return r===x?n(a)?a[&quot;inner&quot;+e]:i(a)?a.documentElement[&quot;scroll&quot;+e]:(o=this.offset())&amp;amp;&amp;amp;o[t]:this.each(function(e){a=E(this),a.css(t,g(this,r,e,a[t]()))})}}),z.forEach(function(e,n){var i=n%2;E.fn[e]=function(){var e,r,o=E.map(arguments,function(n){return e=t(n),&quot;object&quot;==e||&quot;array&quot;==e||null==n?n:X.fragment(n)}),a=this.length&amp;gt;1;return o.length&amp;lt;1?this:this.each(function(t,e){r=i?e:e.parentNode,e=0==n?e.nextSibling:1==n?e.firstChild:2==n?e:null;var s=E.contains(M.documentElement,r);o.forEach(function(t){if(a)t=t.cloneNode(!0);else if(!r)return E(t).remove();r.insertBefore(t,e),s&amp;amp;&amp;amp;w(t,function(t){null==t.nodeName||&quot;SCRIPT&quot;!==t.nodeName.toUpperCase()||t.type&amp;amp;&amp;amp;&quot;text/javascript&quot;!==t.type||t.src||window.eval.call(window,t.innerHTML)})})})},E.fn[i?e+&quot;To&quot;:&quot;insert&quot;+(n?&quot;Before&quot;:&quot;After&quot;)]=function(t){return E(t)[e](this),this}}),X.Z.prototype=E.fn,X.uniq=P,X.deserializeValue=b,E.zepto=X,E}();window.$=window.Zepto=Zepto,function(t){function e(t){return t._zid||(t._zid=h++)}function n(t,n,o,a){if(n=i(n),n.ns)var s=r(n.ns);return(g[e(t)]||[]).filter(function(t){return!(!t||n.e&amp;amp;&amp;amp;t.e!=n.e||n.ns&amp;amp;&amp;amp;!s.test(t.ns)||o&amp;amp;&amp;amp;e(t.fn)!==e(o)||a&amp;amp;&amp;amp;t.sel!=a)})}function i(t){var e=(&quot;&quot;+t).split(&quot;.&quot;);return{e:e[0],ns:e.slice(1).sort().join(&quot; &quot;)}}function r(t){return new RegExp(&quot;(?:^| )&quot;+t.replace(&quot; &quot;,&quot; .* ?&quot;)+&quot;(?: |$)&quot;)}function o(t,e){return t.del&amp;amp;&amp;amp;!y&amp;amp;&amp;amp;t.e in b||!!e}function a(t){return w[t]||y&amp;amp;&amp;amp;b[t]||t}function s(n,r,s,u,l,h,p){var d=e(n),m=g[d]||(g[d]=[]);r.split(/\s/).forEach(function(e){if(&quot;ready&quot;==e)return t(document).ready(s);var r=i(e);r.fn=s,r.sel=l,r.e in w&amp;amp;&amp;amp;(s=function(e){var n=e.relatedTarget;return!n||n!==this&amp;amp;&amp;amp;!t.contains(this,n)?r.fn.apply(this,arguments):void 0}),r.del=h;var d=h||s;r.proxy=function(e){if(e=c(e),!e.isImmediatePropagationStopped()){e._data=u,e.data=t.extend({},u,e._args);var i=d.apply(n,e._args==f?[e]:[e].concat(e._args));return i===!1&amp;amp;&amp;amp;(e.preventDefault(),e.stopPropagation()),i}},r.i=m.length,m.push(r),&quot;addEventListener&quot;in n&amp;amp;&amp;amp;n.addEventListener(a(r.e),r.proxy,o(r,p))})}function u(t,i,r,s,u){var c=e(t);(i||&quot;&quot;).split(/\s/).forEach(function(e){n(t,e,r,s).forEach(function(e){delete g[c][e.i],&quot;removeEventListener&quot;in t&amp;amp;&amp;amp;t.removeEventListener(a(e.e),e.proxy,o(e,u))})})}function c(e,n){return(n||!e.isDefaultPrevented)&amp;amp;&amp;amp;(n||(n=e),t.each(S,function(t,i){var r=n[t];e[t]=function(){return this[i]=x,r&amp;amp;&amp;amp;r.apply(n,arguments)},e[i]=T}),(n.defaultPrevented!==f?n.defaultPrevented:&quot;returnValue&quot;in n?n.returnValue===!1:n.getPreventDefault&amp;amp;&amp;amp;n.getPreventDefault())&amp;amp;&amp;amp;(e.isDefaultPrevented=x)),e}function l(t){var e,n={originalEvent:t};for(e in t)E.test(e)||t[e]===f||(n[e]=t[e]);return c(n,t)}var f,h=1,p=Array.prototype.slice,d=t.isFunction,m=function(t){return&quot;string&quot;==typeof t},g={},v={},y=&quot;onfocusin&quot;in window,b={focus:&quot;focusin&quot;,blur:&quot;focusout&quot;},w={mouseenter:&quot;mouseover&quot;,mouseleave:&quot;mouseout&quot;};v.click=v.mousedown=v.mouseup=v.mousemove=&quot;MouseEvents&quot;,t.event={add:s,remove:u},t.proxy=function(n,i){var r=2 in arguments&amp;amp;&amp;amp;p.call(arguments,2);if(d(n)){var o=function(){return n.apply(i,r?r.concat(p.call(arguments)):arguments)};return o._zid=e(n),o}if(m(i))return r?(r.unshift(n[i],n),t.proxy.apply(null,r)):t.proxy(n[i],n);throw new TypeError(&quot;expected function&quot;)},t.fn.bind=function(t,e,n){return this.on(t,e,n)},t.fn.unbind=function(t,e){return this.off(t,e)},t.fn.one=function(t,e,n,i){return this.on(t,e,n,i,1)};var x=function(){return!0},T=function(){return!1},E=/^([A-Z]|returnValue$|layer[XY]$)/,S={preventDefault:&quot;isDefaultPrevented&quot;,stopImmediatePropagation:&quot;isImmediatePropagationStopped&quot;,stopPropagation:&quot;isPropagationStopped&quot;};t.fn.delegate=function(t,e,n){return this.on(e,t,n)},t.fn.undelegate=function(t,e,n){return this.off(e,t,n)},t.fn.live=function(e,n){return t(document.body).delegate(this.selector,e,n),this},t.fn.die=function(e,n){return t(document.body).undelegate(this.selector,e,n),this},t.fn.on=function(e,n,i,r,o){var a,c,h=this;return e&amp;amp;&amp;amp;!m(e)?(t.each(e,function(t,e){h.on(t,n,i,e,o)}),h):(m(n)||d(r)||r===!1||(r=i,i=n,n=f),(d(i)||i===!1)&amp;amp;&amp;amp;(r=i,i=f),r===!1&amp;amp;&amp;amp;(r=T),h.each(function(f,h){o&amp;amp;&amp;amp;(a=function(t){return u(h,t.type,r),r.apply(this,arguments)}),n&amp;amp;&amp;amp;(c=function(e){var i,o=t(e.target).closest(n,h).get(0);return o&amp;amp;&amp;amp;o!==h?(i=t.extend(l(e),{currentTarget:o,liveFired:h}),(a||r).apply(o,[i].concat(p.call(arguments,1)))):void 0}),s(h,e,r,i,n,c||a)}))},t.fn.off=function(e,n,i){var r=this;return e&amp;amp;&amp;amp;!m(e)?(t.each(e,function(t,e){r.off(t,n,e)}),r):(m(n)||d(i)||i===!1||(i=n,n=f),i===!1&amp;amp;&amp;amp;(i=T),r.each(function(){u(this,e,i,n)}))},t.fn.trigger=function(e,n){return e=m(e)||t.isPlainObject(e)?t.Event(e):c(e),e._args=n,e.data=n,e.forwardedTouchEvent=!0,this.each(function(){&quot;dispatchEvent&quot;in this?this.dispatchEvent(e):t(this).triggerHandler(e,n)})},t.fn.triggerHandler=function(e,i){var r,o;return this.each(function(a,s){r=l(m(e)?t.Event(e):e),r._args=i,r.data=i,r.target=s,t.each(n(s,e.type||e),function(t,e){return o=e.proxy(r),r.isImmediatePropagationStopped()?!1:void 0})}),o},&quot;focusin focusout load resize scroll unload click dblclick mousedown mouseup mousemove mouseover mouseout mouseenter mouseleave change select keydown keypress keyup error&quot;.split(&quot; &quot;).forEach(function(e){t.fn[e]=function(t){return t?this.bind(e,t):this.trigger(e)}}),[&quot;focus&quot;,&quot;blur&quot;].forEach(function(e){t.fn[e]=function(t){return t?this.bind(e,t):this.each(function(){try{this[e]()}catch(t){}}),this}}),t.Event=function(t,e){m(t)||(e=t,t=e.type);var n=document.createEvent(v[t]||&quot;Events&quot;),i=!0;if(e)for(var r in e)&quot;bubbles&quot;==r?i=!!e[r]:n[r]=e[r];return n.initEvent(t,i,!0),c(n)}}(Zepto),function(t){function e(e,n,i){var r=t.Event(n);return t(e).trigger(r,i),!r.isDefaultPrevented()}function n(t,n,i,r){return t.global?e(n||y,i,r):void 0}function i(e){e.global&amp;amp;&amp;amp;0===t.active++&amp;amp;&amp;amp;n(e,null,&quot;ajaxStart&quot;)}function r(e){e.global&amp;amp;&amp;amp;!--t.active&amp;amp;&amp;amp;n(e,null,&quot;ajaxStop&quot;)}function o(t,e){var i=e.context;return e.beforeSend.call(i,t,e)===!1||n(e,i,&quot;ajaxBeforeSend&quot;,[t,e])===!1?!1:void n(e,i,&quot;ajaxSend&quot;,[t,e])}function a(t,e,i,r){var o=i.context,a=&quot;success&quot;;i.success.call(o,t,a,e),r&amp;amp;&amp;amp;r.resolveWith(o,[t,a,e]),n(i,o,&quot;ajaxSuccess&quot;,[e,i,t]),u(a,e,i)}function s(t,e,i,r,o){var a=r.context;r.error.call(a,i,e,t),o&amp;amp;&amp;amp;o.rejectWith(a,[i,e,t]),n(r,a,&quot;ajaxError&quot;,[i,r,t||e]),u(e,i,r)}function u(t,e,i){var o=i.context;i.complete.call(o,e,t),n(i,o,&quot;ajaxComplete&quot;,[e,i]),r(i)}function c(){}function l(t){return t&amp;amp;&amp;amp;(t=t.split(&quot;;&quot;,2)[0]),t&amp;amp;&amp;amp;(t==E?&quot;html&quot;:t==T?&quot;json&quot;:w.test(t)?&quot;script&quot;:x.test(t)&amp;amp;&amp;amp;&quot;xml&quot;)||&quot;text&quot;}function f(t,e){return&quot;&quot;==e?t:(t+&quot;&amp;amp;&quot;+e).replace(/[&amp;amp;?]{1,2}/,&quot;?&quot;)}function h(e){e.processData&amp;amp;&amp;amp;e.data&amp;amp;&amp;amp;&quot;string&quot;!=t.type(e.data)&amp;amp;&amp;amp;(e.data=t.param(e.data,e.traditional)),!e.data||e.type&amp;amp;&amp;amp;&quot;GET&quot;!=e.type.toUpperCase()||(e.url=f(e.url,e.data),e.data=void 0)}function p(e,n,i,r){return t.isFunction(n)&amp;amp;&amp;amp;(r=i,i=n,n=void 0),t.isFunction(i)||(r=i,i=void 0),{url:e,data:n,success:i,dataType:r}}function d(e,n,i,r){var o,a=t.isArray(n),s=t.isPlainObject(n);t.each(n,function(n,u){o=t.type(u),r&amp;amp;&amp;amp;(n=i?r:r+&quot;[&quot;+(s||&quot;object&quot;==o||&quot;array&quot;==o?n:&quot;&quot;)+&quot;]&quot;),!r&amp;amp;&amp;amp;a?e.add(u.name,u.value):&quot;array&quot;==o||!i&amp;amp;&amp;amp;&quot;object&quot;==o?d(e,u,i,n):e.add(n,u)})}var m,g,v=0,y=window.document,b=/&amp;lt;script\b[^&amp;lt;]*(?:(?!&amp;lt;\/script&amp;gt;)&amp;lt;[^&amp;lt;]*)*&amp;lt;\/script&amp;gt;/gi,w=/^(?:text|application)\/javascript/i,x=/^(?:text|application)\/xml/i,T=&quot;application/json&quot;,E=&quot;text/html&quot;,S=/^\s*$/;t.active=0,t.ajaxJSONP=function(e,n){if(!(&quot;type&quot;in e))return t.ajax(e);var i,r,u=e.jsonpCallback,c=(t.isFunction(u)?u():u)||&quot;jsonp&quot;+ ++v,l=y.createElement(&quot;script&quot;),f=window[c],h=function(e){t(l).triggerHandler(&quot;error&quot;,e||&quot;abort&quot;)},p={abort:h};return n&amp;amp;&amp;amp;n.promise(p),t(l).on(&quot;load error&quot;,function(o,u){clearTimeout(r),t(l).off().remove(),&quot;error&quot;!=o.type&amp;amp;&amp;amp;i?a(i[0],p,e,n):s(null,u||&quot;error&quot;,p,e,n),window[c]=f,i&amp;amp;&amp;amp;t.isFunction(f)&amp;amp;&amp;amp;f(i[0]),f=i=void 0}),o(p,e)===!1?(h(&quot;abort&quot;),p):(window[c]=function(){i=arguments},l.src=e.url.replace(/\?(.+)=\?/,&quot;?$1=&quot;+c),y.head.appendChild(l),e.timeout&amp;gt;0&amp;amp;&amp;amp;(r=setTimeout(function(){h(&quot;timeout&quot;)},e.timeout)),p)},t.ajaxSettings={type:&quot;GET&quot;,beforeSend:c,success:c,error:c,complete:c,context:null,global:!0,xhr:function(){return new window.XMLHttpRequest},accepts:{script:&quot;text/javascript, application/javascript, application/x-javascript&quot;,json:T,xml:&quot;application/xml, text/xml&quot;,html:E,text:&quot;text/plain&quot;},crossDomain:!1,timeout:0,processData:!0,cache:!0},t.ajax=function(e){var n=t.extend({},e||{}),r=t.Deferred&amp;amp;&amp;amp;t.Deferred();for(m in t.ajaxSettings)void 0===n[m]&amp;amp;&amp;amp;(n[m]=t.ajaxSettings[m]);i(n),n.crossDomain||(n.crossDomain=/^([\w-]+:)?\/\/([^\/]+)/.test(n.url)&amp;amp;&amp;amp;RegExp.$2!=window.location.host),n.url||(n.url=window.location.toString()),h(n);var u=n.dataType,p=/\?.+=\?/.test(n.url);if(p&amp;amp;&amp;amp;(u=&quot;jsonp&quot;),n.cache!==!1&amp;amp;&amp;amp;(e&amp;amp;&amp;amp;e.cache===!0||&quot;script&quot;!=u&amp;amp;&amp;amp;&quot;jsonp&quot;!=u)||(n.url=f(n.url,&quot;_=&quot;+Date.now())),&quot;jsonp&quot;==u)return p||(n.url=f(n.url,n.jsonp?n.jsonp+&quot;=?&quot;:n.jsonp===!1?&quot;&quot;:&quot;callback=?&quot;)),t.ajaxJSONP(n,r);var d,v=n.accepts[u],y={},b=function(t,e){y[t.toLowerCase()]=[t,e]},w=/^([\w-]+:)\/\//.test(n.url)?RegExp.$1:window.location.protocol,x=n.xhr(),T=x.setRequestHeader;if(r&amp;amp;&amp;amp;r.promise(x),n.crossDomain||b(&quot;X-Requested-With&quot;,&quot;XMLHttpRequest&quot;),b(&quot;Accept&quot;,v||&quot;*/*&quot;),(v=n.mimeType||v)&amp;amp;&amp;amp;(v.indexOf(&quot;,&quot;)&amp;gt;-1&amp;amp;&amp;amp;(v=v.split(&quot;,&quot;,2)[0]),x.overrideMimeType&amp;amp;&amp;amp;x.overrideMimeType(v)),(n.contentType||n.contentType!==!1&amp;amp;&amp;amp;n.data&amp;amp;&amp;amp;&quot;GET&quot;!=n.type.toUpperCase())&amp;amp;&amp;amp;b(&quot;Content-Type&quot;,n.contentType||&quot;application/x-www-form-urlencoded&quot;),n.headers)for(g in n.headers)b(g,n.headers[g]);if(x.setRequestHeader=b,x.onreadystatechange=function(){if(4==x.readyState){x.onreadystatechange=c,clearTimeout(d);var e,i=!1;if(x.status&amp;gt;=200&amp;amp;&amp;amp;x.status&amp;lt;300||304==x.status||0==x.status&amp;amp;&amp;amp;&quot;file:&quot;==w){u=u||l(n.mimeType||x.getResponseHeader(&quot;content-type&quot;)),e=x.responseText;try{&quot;script&quot;==u?(1,eval)(e):&quot;xml&quot;==u?e=x.responseXML:&quot;json&quot;==u&amp;amp;&amp;amp;(e=S.test(e)?null:t.parseJSON(e))}catch(o){i=o}i?s(i,&quot;parsererror&quot;,x,n,r):a(e,x,n,r)}else s(x.statusText||null,x.status?&quot;error&quot;:&quot;abort&quot;,x,n,r)}},o(x,n)===!1)return x.abort(),s(null,&quot;abort&quot;,x,n,r),x;if(n.xhrFields)for(g in n.xhrFields)x[g]=n.xhrFields[g];var E=&quot;async&quot;in n?n.async:!0;x.open(n.type,n.url,E,n.username,n.password);for(g in y)T.apply(x,y[g]);return n.timeout&amp;gt;0&amp;amp;&amp;amp;(d=setTimeout(function(){x.onreadystatechange=c,x.abort(),s(null,&quot;timeout&quot;,x,n,r)},n.timeout)),x.send(n.data?n.data:null),x},t.get=function(){return t.ajax(p.apply(null,arguments))},t.post=function(){var e=p.apply(null,arguments);return e.type=&quot;POST&quot;,t.ajax(e)},t.getJSON=function(){var e=p.apply(null,arguments);return e.dataType=&quot;json&quot;,t.ajax(e)},t.fn.load=function(e,n,i){if(!this.length)return this;var r,o=this,a=e.split(/\s/),s=p(e,n,i),u=s.success;return a.length&amp;gt;1&amp;amp;&amp;amp;(s.url=a[0],r=a[1]),s.success=function(e){o.html(r?t(&quot;&amp;lt;div&amp;gt;&quot;).html(e.replace(b,&quot;&quot;)).find(r):e),u&amp;amp;&amp;amp;u.apply(o,arguments)},t.ajax(s),this};var j=encodeURIComponent;t.param=function(t,e){var n=[];return n.add=function(t,e){this.push(j(t)+&quot;=&quot;+j(e))},d(n,t,e),n.join(&quot;&amp;amp;&quot;).replace(/%20/g,&quot;+&quot;)}}(Zepto),function(t){t.fn.serializeArray=function(){var e,n,i=[];return t([].slice.call(this.get(0).elements)).each(function(){e=t(this),n=e.attr(&quot;type&quot;),&quot;fieldset&quot;!=this.nodeName.toLowerCase()&amp;amp;&amp;amp;!this.disabled&amp;amp;&amp;amp;&quot;submit&quot;!=n&amp;amp;&amp;amp;&quot;reset&quot;!=n&amp;amp;&amp;amp;&quot;button&quot;!=n&amp;amp;&amp;amp;(&quot;radio&quot;!=n&amp;amp;&amp;amp;&quot;checkbox&quot;!=n||this.checked)&amp;amp;&amp;amp;i.push({name:e.attr(&quot;name&quot;),value:e.val()})}),i},t.fn.serialize=function(){var t=[];return this.serializeArray().forEach(function(e){t.push(encodeURIComponent(e.name)+&quot;=&quot;+encodeURIComponent(e.value))}),t.join(&quot;&amp;amp;&quot;)},t.fn.submit=function(e){if(e)this.bind(&quot;submit&quot;,e);else if(this.length){var n=t.Event(&quot;submit&quot;);this.eq(0).trigger(n),n.isDefaultPrevented()||this.get(0).submit()}return this}}(Zepto),function(t){function e(t){var e=this.os={},n=this.browser={},i=t.match(/Web[kK]it[\/]{0,1}([\d.]+)/),r=t.match(/(Android);?[\s\/]+([\d.]+)?/),o=!!t.match(/\(Macintosh\; Intel /),a=t.match(/(iPad).*OS\s([\d_]+)/),s=t.match(/(iPod)(.*OS\s([\d_]+))?/),u=!a&amp;amp;&amp;amp;t.match(/(iPhone\sOS)\s([\d_]+)/),c=t.match(/(webOS|hpwOS)[\s\/]([\d.]+)/),l=t.match(/Windows Phone ([\d.]+)/),f=c&amp;amp;&amp;amp;t.match(/TouchPad/),h=t.match(/Kindle\/([\d.]+)/),p=t.match(/Silk\/([\d._]+)/),d=t.match(/(BlackBerry).*Version\/([\d.]+)/),m=t.match(/(BB10).*Version\/([\d.]+)/),g=t.match(/(RIM\sTablet\sOS)\s([\d.]+)/),v=t.match(/PlayBook/),y=t.match(/Chrome\/([\d.]+)/)||t.match(/CriOS\/([\d.]+)/),b=t.match(/Firefox\/([\d.]+)/),w=t.match(/MSIE\s([\d.]+)/)||t.match(/Trident\/[\d](?=[^\?]+).*rv:([0-9.].)/),x=!y&amp;amp;&amp;amp;t.match(/(iPhone|iPod|iPad).*AppleWebKit(?!.*Safari)/),T=x||t.match(/Version\/([\d.]+)([^S](Safari)|[^M]*(Mobile)[^S]*(Safari))/);(n.webkit=!!i)&amp;amp;&amp;amp;(n.version=i[1]),r&amp;amp;&amp;amp;(e.android=!0,e.version=r[2]),u&amp;amp;&amp;amp;!s&amp;amp;&amp;amp;(e.ios=e.iphone=!0,e.version=u[2].replace(/_/g,&quot;.&quot;)),a&amp;amp;&amp;amp;(e.ios=e.ipad=!0,e.version=a[2].replace(/_/g,&quot;.&quot;)),s&amp;amp;&amp;amp;(e.ios=e.ipod=!0,e.version=s[3]?s[3].replace(/_/g,&quot;.&quot;):null),l&amp;amp;&amp;amp;(e.wp=!0,e.version=l[1]),c&amp;amp;&amp;amp;(e.webos=!0,e.version=c[2]),f&amp;amp;&amp;amp;(e.touchpad=!0),d&amp;amp;&amp;amp;(e.blackberry=!0,e.version=d[2]),m&amp;amp;&amp;amp;(e.bb10=!0,e.version=m[2]),g&amp;amp;&amp;amp;(e.rimtabletos=!0,e.version=g[2]),v&amp;amp;&amp;amp;(n.playbook=!0),h&amp;amp;&amp;amp;(e.kindle=!0,e.version=h[1]),p&amp;amp;&amp;amp;(n.silk=!0,n.version=p[1]),!p&amp;amp;&amp;amp;e.android&amp;amp;&amp;amp;t.match(/Kindle Fire/)&amp;amp;&amp;amp;(n.silk=!0),y&amp;amp;&amp;amp;(n.chrome=!0,n.version=y[1]),b&amp;amp;&amp;amp;(n.firefox=!0,n.version=b[1]),w&amp;amp;&amp;amp;(n.ie=!0,n.version=w[1]),T&amp;amp;&amp;amp;(o||e.ios)&amp;amp;&amp;amp;(n.safari=!0,o&amp;amp;&amp;amp;(n.version=T[1])),x&amp;amp;&amp;amp;(n.webview=!0),e.tablet=!!(a||v||r&amp;amp;&amp;amp;!t.match(/Mobile/)||b&amp;amp;&amp;amp;t.match(/Tablet/)||w&amp;amp;&amp;amp;!t.match(/Phone/)&amp;amp;&amp;amp;t.match(/Touch/)),e.phone=!(e.tablet||e.ipod||!(r||u||c||d||m||y&amp;amp;&amp;amp;t.match(/Android/)||y&amp;amp;&amp;amp;t.match(/CriOS\/([\d.]+)/)||b&amp;amp;&amp;amp;t.match(/Mobile/)||w&amp;amp;&amp;amp;t.match(/Touch/)))}e.call(t,navigator.userAgent),t.__detect=e}(Zepto),function(t){t.fn.end=function(){return this.prevObject||t()},t.fn.andSelf=function(){return this.add(this.prevObject||t())},&quot;filter,add,not,eq,first,last,find,closest,parents,parent,children,siblings&quot;.split(&quot;,&quot;).forEach(function(e){var n=t.fn[e];t.fn[e]=function(){var t=n.apply(this,arguments);return t.prevObject=this,t}})}(Zepto),function(t){t.Callbacks=function(e){e=t.extend({},e);var n,i,r,o,a,s,u=[],c=!e.once&amp;amp;&amp;amp;[],l=function(t){for(n=e.memory&amp;amp;&amp;amp;t,i=!0,s=o||0,o=0,a=u.length,r=!0;u&amp;amp;&amp;amp;a&amp;gt;s;++s)if(u[s].apply(t[0],t[1])===!1&amp;amp;&amp;amp;e.stopOnFalse){n=!1;break}r=!1,u&amp;amp;&amp;amp;(c?c.length&amp;amp;&amp;amp;l(c.shift()):n?u.length=0:f.disable())},f={add:function(){if(u){var i=u.length,s=function(n){t.each(n,function(t,n){&quot;function&quot;==typeof n?e.unique&amp;amp;&amp;amp;f.has(n)||u.push(n):n&amp;amp;&amp;amp;n.length&amp;amp;&amp;amp;&quot;string&quot;!=typeof n&amp;amp;&amp;amp;s(n)})};s(arguments),r?a=u.length:n&amp;amp;&amp;amp;(o=i,l(n))}return this},remove:function(){return u&amp;amp;&amp;amp;t.each(arguments,function(e,n){for(var i;(i=t.inArray(n,u,i))&amp;gt;-1;)u.splice(i,1),r&amp;amp;&amp;amp;(a&amp;gt;=i&amp;amp;&amp;amp;--a,s&amp;gt;=i&amp;amp;&amp;amp;--s)}),this},has:function(e){return!(!u||!(e?t.inArray(e,u)&amp;gt;-1:u.length))},empty:function(){return a=u.length=0,this},disable:function(){return u=c=n=void 0,this},disabled:function(){return!u},lock:function(){return c=void 0,n||f.disable(),this},locked:function(){return!c},fireWith:function(t,e){return!u||i&amp;amp;&amp;amp;!c||(e=e||[],e=[t,e.slice?e.slice():e],r?c.push(e):l(e)),this},fire:function(){return f.fireWith(this,arguments)},fired:function(){return!!i}};return f}}(Zepto),function(t){function e(n){var i=[[&quot;resolve&quot;,&quot;done&quot;,t.Callbacks({once:1,memory:1}),&quot;resolved&quot;],[&quot;reject&quot;,&quot;fail&quot;,t.Callbacks({once:1,memory:1}),&quot;rejected&quot;],[&quot;notify&quot;,&quot;progress&quot;,t.Callbacks({memory:1})]],r=&quot;pending&quot;,o={state:function(){return r},always:function(){return a.done(arguments).fail(arguments),this},then:function(){var n=arguments;return e(function(e){t.each(i,function(i,r){var s=t.isFunction(n[i])&amp;amp;&amp;amp;n[i];a[r[1]](function(){var n=s&amp;amp;&amp;amp;s.apply(this,arguments);if(n&amp;amp;&amp;amp;t.isFunction(n.promise))n.promise().done(e.resolve).fail(e.reject).progress(e.notify);else{var i=this===o?e.promise():this,a=s?[n]:arguments;e[r[0]+&quot;With&quot;](i,a)}})}),n=null}).promise()},promise:function(e){return null!=e?t.extend(e,o):o}},a={};return t.each(i,function(t,e){var n=e[2],s=e[3];o[e[1]]=n.add,s&amp;amp;&amp;amp;n.add(function(){r=s},i[1^t][2].disable,i[2][2].lock),a[e[0]]=function(){return a[e[0]+&quot;With&quot;](this===a?o:this,arguments),this},a[e[0]+&quot;With&quot;]=n.fireWith}),o.promise(a),n&amp;amp;&amp;amp;n.call(a,a),a}var n=Array.prototype.slice;t.when=function(i){var r,o,a,s=n.call(arguments),u=s.length,c=0,l=1!==u||i&amp;amp;&amp;amp;t.isFunction(i.promise)?u:0,f=1===l?i:e(),h=function(t,e,i){return function(o){e[t]=this,i[t]=arguments.length&amp;gt;1?n.call(arguments):o,i===r?f.notifyWith(e,i):--l||f.resolveWith(e,i)}};if(u&amp;gt;1)for(r=new Array(u),o=new Array(u),a=new Array(u);u&amp;gt;c;++c)s[c]&amp;amp;&amp;amp;t.isFunction(s[c].promise)?s[c].promise().done(h(c,a,s)).fail(f.reject).progress(h(c,o,r)):--l;return l||f.resolveWith(a,s),f.promise()},t.Deferred=e}(Zepto),function(t){function e(t,e,n,i){return Math.abs(t-e)&amp;gt;=Math.abs(n-i)?t-e&amp;gt;0?&quot;Left&quot;:&quot;Right&quot;:n-i&amp;gt;0?&quot;Up&quot;:&quot;Down&quot;}function n(){l=null,h.last&amp;amp;&amp;amp;(h.el.trigger(&quot;longTap&quot;),h={})}function i(){l&amp;amp;&amp;amp;clearTimeout(l),l=null}function r(){s&amp;amp;&amp;amp;clearTimeout(s),u&amp;amp;&amp;amp;clearTimeout(u),c&amp;amp;&amp;amp;clearTimeout(c),l&amp;amp;&amp;amp;clearTimeout(l),s=u=c=l=null,h={}}function o(t){return(&quot;touch&quot;==t.pointerType||t.pointerType==t.MSPOINTER_TYPE_TOUCH)&amp;amp;&amp;amp;t.isPrimary}function a(t,e){return t.type==&quot;pointer&quot;+e||t.type.toLowerCase()==&quot;mspointer&quot;+e}var s,u,c,l,f,h={},p=750;t(document).ready(function(){var d,m,g,v,y=0,b=0;&quot;MSGesture&quot;in window&amp;amp;&amp;amp;(f=new MSGesture,f.target=document.body),t(document).bind(&quot;MSGestureEnd&quot;,function(t){var e=t.velocityX&amp;gt;1?&quot;Right&quot;:t.velocityX&amp;lt;-1?&quot;Left&quot;:t.velocityY&amp;gt;1?&quot;Down&quot;:t.velocityY&amp;lt;-1?&quot;Up&quot;:null;e&amp;amp;&amp;amp;(h.el.trigger(&quot;swipe&quot;),h.el.trigger(&quot;swipe&quot;+e))}).on(&quot;touchstart MSPointerDown pointerdown&quot;,function(e){(!(v=a(e,&quot;down&quot;))||o(e))&amp;amp;&amp;amp;(g=v?e:e.touches[0],e.touches&amp;amp;&amp;amp;1===e.touches.length&amp;amp;&amp;amp;h.x2&amp;amp;&amp;amp;(h.x2=void 0,h.y2=void 0),d=Date.now(),m=d-(h.last||d),h.el=t(&quot;tagName&quot;in g.target?g.target:g.target.parentNode),s&amp;amp;&amp;amp;clearTimeout(s),h.x1=g.pageX,h.y1=g.pageY,m&amp;gt;0&amp;amp;&amp;amp;250&amp;gt;=m&amp;amp;&amp;amp;(h.isDoubleTap=!0),h.last=d,l=setTimeout(n,p),f&amp;amp;&amp;amp;v&amp;amp;&amp;amp;f.addPointer(e.pointerId))}).on(&quot;touchmove MSPointerMove pointermove&quot;,function(t){(!(v=a(t,&quot;move&quot;))||o(t))&amp;amp;&amp;amp;(g=v?t:t.touches[0],i(),h.x2=g.pageX,h.y2=g.pageY,y+=Math.abs(h.x1-h.x2),b+=Math.abs(h.y1-h.y2))}).on(&quot;touchend MSPointerUp pointerup&quot;,function(n){(!(v=a(n,&quot;up&quot;))||o(n))&amp;amp;&amp;amp;(i(),h.x2&amp;amp;&amp;amp;Math.abs(h.x1-h.x2)&amp;gt;30||h.y2&amp;amp;&amp;amp;Math.abs(h.y1-h.y2)&amp;gt;30?c=setTimeout(function(){h.el&amp;amp;&amp;amp;(h.el.trigger(&quot;swipe&quot;),h.el.trigger(&quot;swipe&quot;+e(h.x1,h.x2,h.y1,h.y2))),h={}},0):&quot;last&quot;in h&amp;amp;&amp;amp;(30&amp;gt;y&amp;amp;&amp;amp;30&amp;gt;b?u=setTimeout(function(){var e=t.Event(&quot;tap&quot;);e.cancelTouch=r,h.el&amp;amp;&amp;amp;h.el.trigger(e),h.isDoubleTap?(h.el&amp;amp;&amp;amp;h.el.trigger(&quot;doubleTap&quot;),h={}):s=setTimeout(function(){s=null,h.el&amp;amp;&amp;amp;h.el.trigger(&quot;singleTap&quot;),h={}},250)},0):h={}),y=b=0)}).on(&quot;touchcancel MSPointerCancel pointercancel&quot;,r),t(window).on(&quot;scroll&quot;,r)}),[&quot;swipe&quot;,&quot;swipeLeft&quot;,&quot;swipeRight&quot;,&quot;swipeUp&quot;,&quot;swipeDown&quot;,&quot;doubleTap&quot;,&quot;tap&quot;,&quot;singleTap&quot;,&quot;longTap&quot;].forEach(function(e){t.fn[e]=function(t){return this.on(e,t)}})}(Zepto),function(t,e){function n(t){return t.replace(/([a-z])([A-Z])/,&quot;$1-$2&quot;).toLowerCase()}function i(t){return r?r+t:t.toLowerCase()}var r,o,a,s,u,c,l,f,h,p,d=&quot;&quot;,m={Webkit:&quot;webkit&quot;,Moz:&quot;&quot;,O:&quot;o&quot;},g=document.createElement(&quot;div&quot;),v=/^((translate|rotate|scale)(X|Y|Z|3d)?|matrix(3d)?|perspective|skew(X|Y)?)$/i,y={};t.each(m,function(t,n){return g.style[t+&quot;TransitionProperty&quot;]!==e?(d=&quot;-&quot;+t.toLowerCase()+&quot;-&quot;,r=n,!1):void 0}),o=d+&quot;transform&quot;,y[a=d+&quot;transition-property&quot;]=y[s=d+&quot;transition-duration&quot;]=y[c=d+&quot;transition-delay&quot;]=y[u=d+&quot;transition-timing-function&quot;]=y[l=d+&quot;animation-name&quot;]=y[f=d+&quot;animation-duration&quot;]=y[p=d+&quot;animation-delay&quot;]=y[h=d+&quot;animation-timing-function&quot;]=&quot;&quot;,t.fx={off:r===e&amp;amp;&amp;amp;g.style.transitionProperty===e,speeds:{_default:400,fast:200,slow:600},cssPrefix:d,transitionEnd:i(&quot;TransitionEnd&quot;),animationEnd:i(&quot;AnimationEnd&quot;)},t.fn.animate=function(n,i,r,o,a){return t.isFunction(i)&amp;amp;&amp;amp;(o=i,r=e,i=e),t.isFunction(r)&amp;amp;&amp;amp;(o=r,r=e),t.isPlainObject(i)&amp;amp;&amp;amp;(r=i.easing,o=i.complete,a=i.delay,i=i.duration),i&amp;amp;&amp;amp;(i=(&quot;number&quot;==typeof i?i:t.fx.speeds[i]||t.fx.speeds._default)/1e3),a&amp;amp;&amp;amp;(a=parseFloat(a)/1e3),this.anim(n,i,r,o,a)},t.fn.anim=function(i,r,d,m,g){var b,w,x,T={},E=&quot;&quot;,S=this,j=t.fx.transitionEnd,P=!1;if(r===e&amp;amp;&amp;amp;(r=t.fx.speeds._default/1e3),g===e&amp;amp;&amp;amp;(g=0),t.fx.off&amp;amp;&amp;amp;(r=0),&quot;string&quot;==typeof i)T[l]=i,T[f]=r+&quot;s&quot;,T[p]=g+&quot;s&quot;,T[h]=d||&quot;linear&quot;,j=t.fx.animationEnd;else{w=[];for(b in i)v.test(b)?E+=b+&quot;(&quot;+i[b]+&quot;) &quot;:(T[b]=i[b],w.push(n(b)));E&amp;amp;&amp;amp;(T[o]=E,w.push(o)),r&amp;gt;0&amp;amp;&amp;amp;&quot;object&quot;==typeof i&amp;amp;&amp;amp;(T[a]=w.join(&quot;, &quot;),T[s]=r+&quot;s&quot;,T[c]=g+&quot;s&quot;,T[u]=d||&quot;linear&quot;)}return x=function(e){if(&quot;undefined&quot;!=typeof e){if(e.target!==e.currentTarget)return;t(e.target).unbind(j,x)}else t(this).unbind(j,x);P=!0,t(this).css(y),m&amp;amp;&amp;amp;m.call(this)},r&amp;gt;0&amp;amp;&amp;amp;(this.bind(j,x),setTimeout(function(){P||x.call(S)},1e3*(r+g)+25)),this.size()&amp;amp;&amp;amp;this.get(0).clientLeft,this.css(T),0&amp;gt;=r&amp;amp;&amp;amp;setTimeout(function(){S.each(function(){x.call(this)})},0),this},g=null}(Zepto);;!function(n){if(!n.esl||!n.require||n.esl.version!==n.require.version||&quot;2.0.6&quot;!==n.esl.version){var e,r,t;!function(n){function i(n){h(n,H)||(P[n]=1)}function o(n,e){function r(n){0===n.indexOf(&quot;.&quot;)&amp;amp;&amp;amp;t.push(n)}var t=[];if(&quot;string&quot;==typeof n?r(n):F(n,function(n){r(n)}),t.length&amp;gt;0)throw new Error(&quot;[REQUIRE_FATAL]Relative ID is not allowed in global require: &quot;+t.join(&quot;, &quot;));var i=J.waitSeconds;return i&amp;amp;&amp;amp;n instanceof Array&amp;amp;&amp;amp;(B&amp;amp;&amp;amp;clearTimeout(B),B=setTimeout(a,1e3*i)),G(n,e)}function a(){function n(a,u){if(!o[a]&amp;amp;&amp;amp;!h(a,H)){o[a]=1,h(a,C)||t[a]||(t[a]=1,e.push(a));var f=L[a];f?u&amp;amp;&amp;amp;(t[a]||(t[a]=1,e.push(a)),F(f.depMs,function(e){n(e.absId,e.hard)})):i[a]||(i[a]=1,r.push(a))}}var e=[],r=[],t={},i={},o={};for(var a in P)n(a,1);if(e.length||r.length)throw new Error(&quot;[MODULE_TIMEOUT]Hang( &quot;+(e.join(&quot;, &quot;)||&quot;none&quot;)+&quot; ) Miss( &quot;+(r.join(&quot;, &quot;)||&quot;none&quot;)+&quot; )&quot;)}function u(n){F(K,function(e){c(n,e.deps,e.factory)}),K.length=0}function f(n,e,r){if(null==r&amp;amp;&amp;amp;(null==e?(r=n,n=null):(r=e,e=null,n instanceof Array&amp;amp;&amp;amp;(e=n,n=null))),null!=r){var t=window.opera;if(!n&amp;amp;&amp;amp;document.attachEvent&amp;amp;&amp;amp;(!t||&quot;[object Opera]&quot;!==t.toString())){var i=D();n=i&amp;amp;&amp;amp;i.getAttribute(&quot;data-require-id&quot;)}n?c(n,e,r):K[0]={deps:e,factory:r}}}function s(){var n=J.config[this.id];return n&amp;amp;&amp;amp;&quot;object&quot;==typeof n?n:{}}function c(n,e,r){L[n]||(L[n]={id:n,depsDec:e,deps:e||[&quot;require&quot;,&quot;exports&quot;,&quot;module&quot;],factoryDeps:[],factory:r,exports:{},config:s,state:N,require:I(n),depMs:[],depMkv:{},depRs:[]})}function l(n){var e=L[n];if(e&amp;amp;&amp;amp;!h(n,_)){var r=e.deps,t=e.factory,i=0;&quot;function&quot;==typeof t&amp;amp;&amp;amp;(i=Math.min(t.length,r.length),!e.depsDec&amp;amp;&amp;amp;t.toString().replace(/(\/\*([\s\S]*?)\*\/|([^:]|^)\/\/(.*)$)/gm,&quot;&quot;).replace(/require\(\s*([&#039;&quot;])([^&#039;&quot;]+)\1\s*\)/g,function(n,e,t){r.push(t)}));var o=[],a=[];F(r,function(r,t){var u,f,s=R(r),c=S(s.mod,n);c&amp;amp;&amp;amp;!Q[c]?(s.res&amp;amp;&amp;amp;(f={id:r,mod:c,res:s.res},a.push(r),e.depRs.push(f)),u=e.depMkv[c],u||(u={id:s.mod,absId:c,hard:i&amp;gt;t},e.depMs.push(u),e.depMkv[c]=u,o.push(c))):u={absId:c},i&amp;gt;t&amp;amp;&amp;amp;e.factoryDeps.push(f||u)}),e.state=_,v(n),x(o),a.length&amp;amp;&amp;amp;e.require(a,function(){F(e.depRs,function(e){e.absId||(e.absId=S(e.id,n))}),p()})}}function p(){for(var n in P)l(n),d(n),g(n)}function d(n){function e(n){if(l(n),!h(n,_))return!1;if(h(n,C)||r[n])return!0;r[n]=1;var t=L[n],i=!0;return F(t.depMs,function(n){return i=e(n.absId)}),i&amp;amp;&amp;amp;F(t.depRs,function(n){return i=!!n.absId}),i&amp;amp;&amp;amp;!h(n,C)&amp;amp;&amp;amp;(t.state=C),i}var r={};e(n)}function v(e){function r(){if(!t&amp;amp;&amp;amp;i.state===C){t=1;var r=1;if(F(i.factoryDeps,function(n){var e=n.absId;return Q[e]?void 0:(g(e),r=h(e,H))}),r){try{var o=i.factory,a=&quot;function&quot;==typeof o?o.apply(n,m(i.factoryDeps,{require:i.require,exports:i.exports,module:i})):o;null!=a&amp;amp;&amp;amp;(i.exports=a),i.invokeFactory=null}catch(u){if(/^\[MODULE_MISS\]&quot;([^&quot;]+)/.test(u.message)){var f=i.depMkv[RegExp.$1];return f&amp;amp;&amp;amp;(f.hard=1),void(t=0)}throw u}b(e)}}}var t,i=L[e];i.invokeFactory=r}function h(n,e){return L[n]&amp;amp;&amp;amp;L[n].state&amp;gt;=e}function g(n){var e=L[n];e&amp;amp;&amp;amp;e.invokeFactory&amp;amp;&amp;amp;e.invokeFactory()}function m(n,e){var r=[];return F(n,function(n,t){&quot;object&quot;==typeof n&amp;amp;&amp;amp;(n=n.absId),r[t]=e[n]||L[n].exports}),r}function y(n,e){if(h(n,H))return void e();var r=V[n];r||(r=V[n]=[]),r.push(e)}function b(n){var e=L[n];e.state=H,delete P[n];for(var r=V[n]||[],t=r.length;t--;)r[t]();r.length=0,V[n]=null}function x(e,r,t){function i(){if(&quot;function&quot;==typeof r&amp;amp;&amp;amp;!o){var t=1;F(e,function(n){return Q[n]?void 0:t=!!h(n,H)}),t&amp;amp;&amp;amp;(o=1,r.apply(n,m(e,Q)))}}var o=0;F(e,function(n){Q[n]||h(n,H)||(y(n,i),(n.indexOf(&quot;!&quot;)&amp;gt;0?w:k)(n,t))}),i()}function k(e){function r(){var n=ne[e];$(n||e,t)}function t(){if(i){var r;&quot;function&quot;==typeof i.init&amp;amp;&amp;amp;(r=i.init.apply(n,m(o,Q))),null==r&amp;amp;&amp;amp;i.exports&amp;amp;&amp;amp;(r=n,F(i.exports.split(&quot;.&quot;),function(n){return r=r[n],!!r})),f(e,o,r||{})}else u(e);p()}if(!W[e]&amp;amp;&amp;amp;!L[e]){W[e]=1;var i=J.shim[e];i instanceof Array&amp;amp;&amp;amp;(J.shim[e]=i={deps:i});var o=i&amp;amp;&amp;amp;(i.deps||[]);o?(F(o,function(n){J.shim[n]||(J.shim[n]={})}),G(o,r)):r()}}function w(n,e){function r(e){a.exports=e||!0,b(n)}function t(t){var i=e?L[e].require:G;t.load(o.res,i,r,s.call({id:n}))}if(!L[n]){var i=ne[n];if(i)return void k(i);var o=R(n),a={id:n,state:_};L[n]=a,r.fromText=function(n,e){new Function(e)(),u(n)},t(G(o.mod))}}function E(n,e){var r=j(n,1,e);return r.sort(z),r}function M(){function n(n){ne[U(n)]=e}J.baseUrl=J.baseUrl.replace(/\/$/,&quot;&quot;)+&quot;/&quot;,X=E(J.paths),Z=E(J.map,1),F(Z,function(n){n.v=E(n.v)}),Y=[],F(J.packages,function(n){var e=n;&quot;string&quot;==typeof n&amp;amp;&amp;amp;(e={name:n.split(&quot;/&quot;)[0],location:n,main:&quot;main&quot;}),e.location=e.location||e.name,e.main=(e.main||&quot;main&quot;).replace(/\.js$/i,&quot;&quot;),e.reg=T(e.name),Y.push(e)}),Y.sort(z),ee=E(J.urlArgs,1),ne={};for(var e in J.bundles)F(J.bundles[e],n)}function q(n,e,r){F(e,function(e){return e.reg.test(n)?(r(e.v,e.k,e),!1):void 0})}function A(n,e){var r=/(\.[a-z0-9]+)$/i,t=/(\?[^#]*)$/,i=&quot;&quot;,o=n,a=&quot;&quot;;t.test(n)&amp;amp;&amp;amp;(a=RegExp.$1,n=n.replace(t,&quot;&quot;)),r.test(n)&amp;amp;&amp;amp;(i=RegExp.$1,o=n.replace(r,&quot;&quot;)),null!=e&amp;amp;&amp;amp;(o=S(o,e));var u,f=o;return q(o,X,function(n,e){f=f.replace(e,n),u=1}),u||q(o,Y,function(n,e,r){f=f.replace(r.name,r.location)}),/^([a-z]{2,10}:\/)?\//i.test(f)||(f=J.baseUrl+f),f+=i+a,q(o,ee,function(n){f+=(f.indexOf(&quot;?&quot;)&amp;gt;0?&quot;&amp;amp;&quot;:&quot;?&quot;)+n}),f}function I(n){function e(e,t){if(&quot;string&quot;==typeof e){if(!r[e]){var o=S(e,n);if(g(o),!h(o,H))throw new Error(&#039;[MODULE_MISS]&quot;&#039;+o+&#039;&quot; is not exists!&#039;);r[e]=L[o].exports}return r[e]}if(e instanceof Array){var a=[],u=[];F(e,function(e,r){var t=R(e),o=S(t.mod,n),f=t.res,s=o;if(f){var c=o+&quot;!&quot;+f;0!==f.indexOf(&quot;.&quot;)&amp;amp;&amp;amp;ne[c]?o=s=c:s=null}u[r]=s,i(o),a.push(o)}),x(a,function(){F(u,function(r,t){null==r&amp;amp;&amp;amp;(r=u[t]=S(e[t],n),i(r))}),x(u,t,n),p()},n),p()}}var r={};return e.toUrl=function(e){return A(e,n||&quot;&quot;)},e}function S(n,e){if(!n)return&quot;&quot;;e=e||&quot;&quot;;var r=R(n);if(!r)return n;var t=r.res,i=O(r.mod,e);if(q(e,Z,function(n){q(i,n,function(n,e){i=i.replace(e,n)})}),i=U(i),t){var o=h(i,H)&amp;amp;&amp;amp;G(i);t=o&amp;amp;&amp;amp;o.normalize?o.normalize(t,function(n){return S(n,e)}):S(t,e),i+=&quot;!&quot;+t}return i}function U(n){return F(Y,function(e){var r=e.name;return r===n?(n=r+&quot;/&quot;+e.main,!1):void 0}),n}function O(n,e){if(0===n.indexOf(&quot;.&quot;)){var r=e.split(&quot;/&quot;),t=n.split(&quot;/&quot;),i=r.length-1,o=t.length,a=0,u=0;n:for(var f=0;o&amp;gt;f;f++)switch(t[f]){case&quot;..&quot;:if(!(i&amp;gt;a))break n;a++,u++;break;case&quot;.&quot;:u++;break;default:break n}return r.length=i-a,t=t.slice(u),r.concat(t).join(&quot;/&quot;)}return n}function R(n){var e=n.split(&quot;!&quot;);return e[0]?{mod:e[0],res:e[1]}:void 0}function j(n,e,r){var t=[];for(var i in n)if(n.hasOwnProperty(i)){var o={k:i,v:n[i]};t.push(o),e&amp;amp;&amp;amp;(o.reg=&quot;*&quot;===i&amp;amp;&amp;amp;r?/^/:T(i))}return t}function D(){if(re)return re;if(te&amp;amp;&amp;amp;&quot;interactive&quot;===te.readyState)return te;for(var n=document.getElementsByTagName(&quot;script&quot;),e=n.length;e--;){var r=n[e];if(&quot;interactive&quot;===r.readyState)return te=r,r}}function $(n,e){function r(){var n=t.readyState;(&quot;undefined&quot;==typeof n||/^(loaded|complete)$/.test(n))&amp;amp;&amp;amp;(t.onload=t.onreadystatechange=null,t=null,e())}var t=document.createElement(&quot;script&quot;);t.setAttribute(&quot;data-require-id&quot;,n),t.src=A(n+&quot;.js&quot;),t.async=!0,t.readyState?t.onreadystatechange=r:t.onload=r,re=t,oe?ie.insertBefore(t,oe):ie.appendChild(t),re=null}function T(n){return new RegExp(&quot;^&quot;+n+&quot;(/|$)&quot;)}function F(n,e){if(n instanceof Array)for(var r=0,t=n.length;t&amp;gt;r&amp;amp;&amp;amp;e(n[r],r)!==!1;r++);}function z(n,e){var r=n.k||n.name,t=e.k||e.name;return&quot;*&quot;===t?-1:&quot;*&quot;===r?1:t.length-r.length}var B,L={},N=1,_=2,C=3,H=4,P={},Q={require:o,exports:1,module:1},G=I(),J={baseUrl:&quot;./&quot;,paths:{},config:{},map:{},packages:[],shim:{},waitSeconds:0,bundles:{},urlArgs:{}};o.version=&quot;2.0.6&quot;,o.loader=&quot;esl&quot;,o.toUrl=G.toUrl;var K=[];f.amd={};var V={},W={};o.config=function(n){if(n){for(var e in J){var r=n[e],t=J[e];if(r)if(&quot;urlArgs&quot;===e&amp;amp;&amp;amp;&quot;string&quot;==typeof r)J.urlArgs[&quot;*&quot;]=r;else if(t instanceof Array)t.push.apply(t,r);else if(&quot;object&quot;==typeof t)for(var i in r)t[i]=r[i];else J[e]=r}M()}},M();var X,Y,Z,ne,ee,re,te,ie=document.getElementsByTagName(&quot;head&quot;)[0],oe=document.getElementsByTagName(&quot;base&quot;)[0];oe&amp;amp;&amp;amp;(ie=oe.parentNode),e||(e=f,r||(r=o),t=o)}(this),n.define=e,n.require=r,n.esl=t}}(window);;!function(t){function e(t,e){for(var n in e)e.hasOwnProperty(n)&amp;amp;&amp;amp;(t[n]=e[n]);return t}function n(){this.raw=[],this.length=0}function r(){return&quot;___&quot;+P++}function i(t,e){var n=new Function;n.prototype=e.prototype,t.prototype=new n,t.prototype.constructor=t}function o(t){return D[t]}function s(t){return&#039;&quot;&#039;+t.replace(/\x5C/g,&quot;\\\\&quot;).replace(/&quot;/g,&#039;\\&quot;&#039;).replace(/\x0A/g,&quot;\\n&quot;).replace(/\x09/g,&quot;\\t&quot;).replace(/\x0D/g,&quot;\\r&quot;)+&#039;&quot;&#039;}function a(t){return t.replace(/[\^\[\]\$\(\)\{\}\?\*\.\+]/g,function(t){return&quot;\\&quot;+t})}function p(t){var e=arguments;return t.replace(/\{([0-9]+)\}/g,function(t,n){return e[n-0+1]})}function h(t){return t=t.replace(/^\s*\*/,&quot;&quot;),p(&#039;gv({0},[&quot;{1}&quot;])&#039;,s(t),t.replace(/\[[&#039;&quot;]?([^&#039;&quot;]+)[&#039;&quot;]?\]/g,function(t,e){return&quot;.&quot;+e}).split(&quot;.&quot;).join(&#039;&quot;,&quot;&#039;))}function l(t,e,n,r,i,o){for(var s=n.length,a=t.split(e),p=0,h=[],l=0,c=a.length;c&amp;gt;l;l++){var u=a[l];if(l){var f=1;for(p++;;){var d=u.indexOf(n);if(0&amp;gt;d){h.push(p&amp;gt;1&amp;amp;&amp;amp;f?e:&quot;&quot;,u);break}if(p=r?p-1:0,h.push(p&amp;gt;0&amp;amp;&amp;amp;f?e:&quot;&quot;,u.slice(0,d),p&amp;gt;0?n:&quot;&quot;),u=u.slice(d+s),f=0,0===p)break}0===p&amp;amp;&amp;amp;(i(h.join(&quot;&quot;)),o(u),h=[])}else u&amp;amp;&amp;amp;o(u)}p&amp;gt;0&amp;amp;&amp;amp;h.length&amp;gt;0&amp;amp;&amp;amp;(o(e),o(h.join(&quot;&quot;)))}function c(t,e,n){var r,i=[],o=e.options,a=&quot;&quot;,p=&quot;&quot;,u=&quot;&quot;,f=&quot;&quot;;return n&amp;amp;&amp;amp;(a=&quot;ts(&quot;,p=&quot;)&quot;,u=_,f=j,r=o.defaultFilter),l(t,o.variableOpen,o.variableClose,1,function(t){n&amp;amp;&amp;amp;t.indexOf(&quot;|&quot;)&amp;lt;0&amp;amp;&amp;amp;r&amp;amp;&amp;amp;(t+=&quot;|&quot;+r);var o=t.indexOf(&quot;|&quot;),s=(o&amp;gt;0?t.slice(0,o):t).replace(/^\s+/,&quot;&quot;).replace(/\s+$/,&quot;&quot;),l=o&amp;gt;0?t.slice(o+1):&quot;&quot;,d=0===s.indexOf(&quot;*&quot;),g=[d?&quot;&quot;:a,h(s),d?&quot;&quot;:p];if(l){l=c(l,e);for(var y=l.split(&quot;|&quot;),v=0,m=y.length;m&amp;gt;v;v++){var R=y[v];/^\s*([a-z0-9_-]+)(\((.*)\))?\s*$/i.test(R)&amp;amp;&amp;amp;(g.unshift(&#039;fs[&quot;&#039;+RegExp.$1+&#039;&quot;](&#039;),RegExp.$3&amp;amp;&amp;amp;g.push(&quot;,&quot;,RegExp.$3),g.push(&quot;)&quot;))}}i.push(u,g.join(&quot;&quot;),f)},function(t){i.push(u,n?s(t):t,f)}),i.join(&quot;&quot;)}function u(t,e){this.value=t,this.engine=e}function f(t,e){this.value=t,this.engine=e,this.children=[],this.cloneProps=[]}function d(t,e){var n=t.stack,r=e?n.find(function(t){return t instanceof e}):n.bottom();if(r){for(var i;(i=n.top())!==r;){if(!i.autoClose)throw new Error(i.type+&quot; must be closed manually: &quot;+i.value);i.autoClose(t)}r.close(t)}return r}function g(t,e){if(!/^\s*([a-z0-9\/_-]+)\s*(\(\s*master\s*=\s*([a-z0-9\/_-]+)\s*\))?\s*/i.test(t))throw new Error(&quot;Invalid &quot;+this.type+&quot; syntax: &quot;+t);this.master=RegExp.$3,this.name=RegExp.$1,f.call(this,t,e),this.blocks={}}function y(t,e){if(!/^\s*([a-z0-9\/_-]+)\s*$/i.test(t))throw new Error(&quot;Invalid &quot;+this.type+&quot; syntax: &quot;+t);this.name=RegExp.$1,f.call(this,t,e),this.cloneProps=[&quot;name&quot;]}function v(t,e){if(!/^\s*([a-z0-9\/_-]+)\s*$/i.test(t))throw new Error(&quot;Invalid &quot;+this.type+&quot; syntax: &quot;+t);this.name=RegExp.$1,f.call(this,t,e),this.cloneProps=[&quot;name&quot;,&quot;state&quot;,&quot;blocks&quot;],this.blocks={}}function m(t,e){if(!/^\s*([a-z0-9_]+)\s*=([\s\S]*)$/i.test(t))throw new Error(&quot;Invalid &quot;+this.type+&quot; syntax: &quot;+t);this.name=RegExp.$1,this.expr=RegExp.$2,f.call(this,t,e),this.cloneProps=[&quot;name&quot;,&quot;expr&quot;]}function R(t,e){if(!/^\s*([a-z0-9_-]+)\s*(\(([\s\S]*)\))?\s*$/i.test(t))throw new Error(&quot;Invalid &quot;+this.type+&quot; syntax: &quot;+t);this.name=RegExp.$1,this.args=RegExp.$3,f.call(this,t,e),this.cloneProps=[&quot;name&quot;,&quot;args&quot;]}function x(t,e){if(!/^\s*([a-z0-9\/_-]+)\s*(\(([\s\S]*)\))?\s*$/i.test(t))throw new Error(&quot;Invalid &quot;+this.type+&quot; syntax: &quot;+t);this.name=RegExp.$1,this.args=RegExp.$3,f.call(this,t,e),this.cloneProps=[&quot;name&quot;,&quot;args&quot;]}function E(t,e){var n=new RegExp(p(&quot;^\\s*({0}[\\s\\S]+{1})\\s+as\\s+{0}([0-9a-z_]+){1}\\s*(,\\s*{0}([0-9a-z_]+){1})?\\s*$&quot;,a(e.options.variableOpen),a(e.options.variableClose)),&quot;i&quot;);if(!n.test(t))throw new Error(&quot;Invalid &quot;+this.type+&quot; syntax: &quot;+t);this.list=RegExp.$1,this.item=RegExp.$2,this.index=RegExp.$4,f.call(this,t,e),this.cloneProps=[&quot;list&quot;,&quot;item&quot;,&quot;index&quot;]}function w(t,e){f.call(this,t,e)}function b(t,e){w.call(this,t,e)}function $(t,e){f.call(this,t,e)}function k(t,e){e.target=t;var n=e.engine,r=t.name;if(n.targets[r])switch(n.options.namingConflict){case&quot;override&quot;:n.targets[r]=t,e.targets.push(r);case&quot;ignore&quot;:break;default:throw new Error(&quot;Target exists: &quot;+r)}else n.targets[r]=t,e.targets.push(r)}function C(t,e){L[t]=e,e.prototype.type=t}function A(t){this.options={commandOpen:&quot;&amp;lt;%&quot;,commandClose:&quot;%&amp;gt;&quot;,commandSyntax:/^\s*(\/)?([a-z]+)\s*(?::([\s\S]*))?$/,variableOpen:&quot;${&quot;,variableClose:&quot;}&quot;,defaultFilter:&quot;html&quot;,namingConflict:&quot;override&quot;},this.config(t),this.targets={},this.filters=e({},B)}function O(t,e){function r(){var t;if(c.length&amp;gt;0&amp;amp;&amp;amp;(t=c.join(&quot;&quot;))){var n=new u(t,e);n.beforeAdd(h),p.top().addChild(n),c=[],e.options.strip&amp;amp;&amp;amp;h.current instanceof f&amp;amp;&amp;amp;(n.value=t.replace(/^[\x20\t\r]*\n/,&quot;&quot;)),h.current=n}}var i,o=e.options.commandOpen,s=e.options.commandClose,a=e.options.commandSyntax,p=new n,h={engine:e,targets:[],stack:p,target:null},c=[];return l(t,o,s,0,function(t){var n=a.exec(t);if(n&amp;amp;&amp;amp;(i=L[n[2].toLowerCase()])&amp;amp;&amp;amp;&quot;function&quot;==typeof i){r();var p=h.current;e.options.strip&amp;amp;&amp;amp;p instanceof u&amp;amp;&amp;amp;(p.value=p.value.replace(/\r?\n[\x20\t]*$/,&quot;\n&quot;)),n[1]?p=d(h,i):(p=new i(n[3],e),&quot;function&quot;==typeof p.beforeOpen&amp;amp;&amp;amp;p.beforeOpen(h),p.open(h)),h.current=p}else/^\s*\/\//.test(t)||c.push(o,t,s);i=null},function(t){c.push(t)}),r(),d(h),h.targets}n.prototype={push:function(t){this.raw[this.length++]=t},pop:function(){if(this.length&amp;gt;0){var t=this.raw[--this.length];return this.raw.length=this.length,t}},top:function(){return this.raw[this.length-1]},bottom:function(){return this.raw[0]},find:function(t){for(var e=this.length;e--;){var n=this.raw[e];if(t(n))return n}}};var P=178245,D={&quot;&amp;amp;&quot;:&quot;&amp;amp;amp;&quot;,&quot;&amp;lt;&quot;:&quot;&amp;amp;lt;&quot;,&quot;&amp;gt;&quot;:&quot;&amp;amp;gt;&quot;,&#039;&quot;&#039;:&quot;&amp;amp;quot;&quot;,&quot;&#039;&quot;:&quot;&amp;amp;#39;&quot;},B={html:function(t){return t.replace(/[&amp;amp;&amp;lt;&amp;gt;&quot;&#039;]/g,o)},url:encodeURIComponent,raw:function(t){return t}},I=&#039;var r=&quot;&quot;;&#039;,_=&quot;r+=&quot;,j=&quot;;&quot;,z=&quot;return r;&quot;;&quot;undefined&quot;!=typeof navigator&amp;amp;&amp;amp;/msie\s*([0-9]+)/i.test(navigator.userAgent)&amp;amp;&amp;amp;RegExp.$1-0&amp;lt;8&amp;amp;&amp;amp;(I=&quot;var r=[],ri=0;&quot;,_=&quot;r[ri++]=&quot;,z=&#039;return r.join(&quot;&quot;);&#039;),u.prototype={getRendererBody:function(){var t=this.value,e=this.engine.options;return!t||e.strip&amp;amp;&amp;amp;/^\s*$/.test(t)?&quot;&quot;:c(t,this.engine,1)},clone:function(){return this}},f.prototype={addChild:function(t){this.children.push(t)},open:function(t){var e=t.stack.top();e&amp;amp;&amp;amp;e.addChild(this),t.stack.push(this)},close:function(t){t.stack.top()===this&amp;amp;&amp;amp;t.stack.pop()},getRendererBody:function(){for(var t=[],e=this.children,n=0;n&amp;lt;e.length;n++)t.push(e[n].getRendererBody());return t.join(&quot;&quot;)},clone:function(){for(var t=new this.constructor(this.value,this.engine),e=0,n=this.children.length;n&amp;gt;e;e++)t.addChild(this.children[e].clone());for(var e=0,n=this.cloneProps.length;n&amp;gt;e;e++){var r=this.cloneProps[e];t[r]=this[r]}return t}};var S=&#039;data=data||{};var v={},fs=engine.filters,hg=typeof data.get==&quot;function&quot;,gv=function(n,ps){var p=ps[0],d=v[p];if(d==null){if(hg){return data.get(n);}d=data[p];}for(var i=1,l=ps.length;i&amp;lt;l;i++)if(d!=null)d = d[ps[i]];return d;},ts=function(s){if(typeof s===&quot;string&quot;){return s;}if(s==null){s=&quot;&quot;;}return &quot;&quot;+s;};&#039;;i(g,f),i(y,f),i(v,f),i(m,f),i(R,f),i(x,f),i(E,f),i(w,f),i(b,w),i($,w);var F={READING:1,READED:2,APPLIED:3,READY:4};v.prototype.applyMaster=g.prototype.applyMaster=function(t){function e(t){var r=t.children;if(r instanceof Array)for(var i=0,o=r.length;o&amp;gt;i;i++){var s=r[i];s instanceof y&amp;amp;&amp;amp;n[s.name]&amp;amp;&amp;amp;(s=r[i]=n[s.name]),e(s)}}if(this.state&amp;gt;=F.APPLIED)return 1;var n=this.blocks,r=this.engine.targets[t];return r&amp;amp;&amp;amp;r.applyMaster(r.master)?(this.children=r.clone().children,e(this),this.state=F.APPLIED,1):void 0},g.prototype.isReady=function(){function t(r){for(var i=0,o=r.children.length;o&amp;gt;i;i++){var s=r.children[i];if(s instanceof v){var a=e.targets[s.name];n=n&amp;amp;&amp;amp;a&amp;amp;&amp;amp;a.isReady(e)}else s instanceof f&amp;amp;&amp;amp;t(s)}}if(this.state&amp;gt;=F.READY)return 1;var e=this.engine,n=1;return this.applyMaster(this.master)?(t(this),n&amp;amp;&amp;amp;(this.state=F.READY),n):void 0},g.prototype.getRenderer=function(){if(this.renderer)return this.renderer;if(this.isReady()){var t=new Function(&quot;data&quot;,&quot;engine&quot;,[S,I,this.getRendererBody(),z].join(&quot;\n&quot;)),e=this.engine;return this.renderer=function(n){return t(n,e)},this.renderer}return null},g.prototype.open=function(t){d(t),f.prototype.open.call(this,t),this.state=F.READING,k(this,t)},m.prototype.open=x.prototype.open=function(t){t.stack.top().addChild(this)},y.prototype.open=function(t){f.prototype.open.call(this,t),(t.imp||t.target).blocks[this.name]=this},b.prototype.open=function(t){var e=new $;e.open(t);var n=d(t,w);n.addChild(this),t.stack.push(this)},$.prototype.open=function(t){var e=d(t,w);e.addChild(this),t.stack.push(this)},v.prototype.open=function(t){this.parent=t.stack.top(),this.target=t.target,f.prototype.open.call(this,t),this.state=F.READING,t.imp=this},x.prototype.close=m.prototype.close=function(){},v.prototype.close=function(t){f.prototype.close.call(this,t),this.state=F.READED,t.imp=null},g.prototype.close=function(t){f.prototype.close.call(this,t),this.state=this.master?F.READED:F.APPLIED,t.target=null},v.prototype.autoClose=function(t){var e=this.parent.children;e.push.apply(e,this.children),this.children.length=0;for(var n in this.blocks)this.target.blocks[n]=this.blocks[n];this.blocks={},this.close(t)},x.prototype.beforeOpen=v.prototype.beforeOpen=m.prototype.beforeOpen=E.prototype.beforeOpen=R.prototype.beforeOpen=y.prototype.beforeOpen=w.prototype.beforeOpen=u.prototype.beforeAdd=function(t){if(!t.stack.bottom()){var e=new g(r(),t.engine);e.open(t)}},v.prototype.getRendererBody=function(){return this.applyMaster(this.name),f.prototype.getRendererBody.call(this)},x.prototype.getRendererBody=function(){return p(&quot;{0}engine.render({2},{{3}}){1}&quot;,_,j,s(this.name),c(this.args,this.engine).replace(/(^|,)\s*([a-z0-9_]+)\s*=/gi,function(t,e,n){return(e||&quot;&quot;)+s(n)+&quot;:&quot;}))},m.prototype.getRendererBody=function(){return this.expr?p(&quot;v[{0}]={1};&quot;,s(this.name),c(this.expr,this.engine)):&quot;&quot;},w.prototype.getRendererBody=function(){return p(&quot;if({0}){{1}}&quot;,c(this.value,this.engine),f.prototype.getRendererBody.call(this))},$.prototype.getRendererBody=function(){return p(&quot;}else{{0}&quot;,f.prototype.getRendererBody.call(this))},E.prototype.getRendererBody=function(){return p(&#039;var {0}={1};if({0} instanceof Array)for (var {4}=0,{5}={0}.length;{4}&amp;lt;{5};{4}++){v[{2}]={4};v[{3}]={0}[{4}];{6}}else if(typeof {0}===&quot;object&quot;)for(var {4} in {0}){v[{2}]={4};v[{3}]={0}[{4}];{6}}&#039;,r(),c(this.list,this.engine),s(this.index||r()),s(this.item),r(),r(),f.prototype.getRendererBody.call(this))},R.prototype.getRendererBody=function(){var t=this.args;return p(&quot;{2}fs[{5}]((function(){{0}{4}{1}})(){6}){3}&quot;,I,z,_,j,f.prototype.getRendererBody.call(this),s(this.name),t?&quot;,&quot;+c(t,this.engine):&quot;&quot;)};var L={};C(&quot;target&quot;,g),C(&quot;block&quot;,y),C(&quot;import&quot;,v),C(&quot;use&quot;,x),C(&quot;var&quot;,m),C(&quot;for&quot;,E),C(&quot;if&quot;,w),C(&quot;elif&quot;,b),C(&quot;else&quot;,$),C(&quot;filter&quot;,R),A.prototype.config=function(t){e(this.options,t)},A.prototype.compile=A.prototype.parse=function(t){if(t){var e=O(t,this);if(e.length)return this.targets[e[0]].getRenderer()}return new Function(&#039;return &quot;&quot;&#039;)},A.prototype.getRenderer=function(t){var e=this.targets[t];return e?e.getRenderer():void 0},A.prototype.render=function(t,e){var n=this.getRenderer(t);return n?n(e):&quot;&quot;},A.prototype.addFilter=function(t,e){&quot;function&quot;==typeof e&amp;amp;&amp;amp;(this.filters[t]=e)};var M=new A;M.Engine=A,&quot;object&quot;==typeof exports&amp;amp;&amp;amp;&quot;object&quot;==typeof module?exports=module.exports=M:&quot;function&quot;==typeof define&amp;amp;&amp;amp;define.amd?define(&quot;dep/etpl&quot;,[],M):t.etpl=M}(this);;!function(A){var B=window.B||{};B.SPA=$.extend(B.SPA?B.SPA:{},{conf:{pid:&quot;.search-page&quot;,tipsid:&quot;.se-page-tips&quot;,rtid:&quot;#results-top&quot;,rid:&quot;.results&quot;,npid:&quot;.se-page-controller&quot;,rsid:&quot;.se-page-relative&quot;,rpsid:&quot;.se-page-rcol&quot;,bid:&quot;.se-page-ft&quot;,copyrightid:&quot;.se-page-copyright&quot;,tablinkid:&quot;#head&quot;,dyMid:&quot;input#commonBase&quot;},operation:!1,CssAttString:&quot;&quot;,DealData:function(data,conf,speed){B.ishome||(B.ishome=1);var _self=this,html=&quot;&quot;,c=conf,inputmark;_self.speed=speed,_self.data=data,_self.pn=c.pn=c.pn?c.pn:0,inputmark=_self.data.inpMark;var base=$(&quot;#commonBase&quot;),newBase=$(inputmark).filter(&quot;input#commonBase&quot;),keys=inputmark.match(/data-[^=]+/g);if(keys&amp;amp;&amp;amp;keys.forEach(function(e){base.attr(e,newBase.attr(e));var t=e.split(&quot;-&quot;)[1].trim();B.comm[t]=newBase.attr(e)}),_self.data.inpMark_comm)try{eval(_self.data.inpMark_comm)}catch(e){}switch(c.pn){case 0:try{if(&quot;search&quot;===$(&quot;body&quot;).data(&quot;curPage&quot;)){var e=document.createEvent(&quot;Event&quot;);e.initEvent(&quot;pageDestroy&quot;,!0,!0),window.dispatchEvent(e)}A._initstart=!1,$(_self.conf.tipsid).empty(),$(_self.conf.rtid).empty(),$(_self.conf.rid).empty(),1==B.ishome&amp;amp;&amp;amp;(_self.DealTablink(),$(&quot;.spa-index-style&quot;).remove()),_self.DealCSS().DealSysTips().DealTopResult().DealADCSS().DealResult().DealCtr().DealRS().DealBtm().DealCopyright().DealJS().DealADJS(),_self.DealInapp(),_self.DealBoxnav(),_self.operation=!0,$(&quot;body&quot;).data(&quot;curPage&quot;,&quot;search&quot;),2==B.ishome&amp;amp;&amp;amp;($(&quot;img[data-imagedelaysrc]&quot;).not(&#039;[data-imageinvisible=&quot;1&quot;]&#039;).imageDelayload(),data.cooder_css_top_onlyshow&amp;amp;&amp;amp;($(&quot;#show_head&quot;).remove(),$(&quot;head&quot;).append(data.cooder_css_top_onlyshow)),require([&quot;search/search&quot;],function(e){e.trigger(&quot;ready&quot;),e.trigger(&quot;init&quot;)}),B.chgParam(decodeURIComponent(B.comm.query))),B.ishome=2}catch(e){_self.operation=!1}break;default:try{_self.DealSpBar().DealResult(),_self.operation=!0}catch(e){_self.operation=!1}}return _self.operation},execScript:function(script,container){if(script&amp;amp;&amp;amp;script.length&amp;gt;6e4)return void eval(script);var tag=document.createElement(&quot;script&quot;);container&amp;amp;&amp;amp;&quot;function&quot;==typeof container.size&amp;amp;&amp;amp;(container=container[0]),container=container||document.body,container.appendChild(tag),tag.innerHTML=script},inCHTMl:function(e,t){if(null!==t){var a,r,i=this,n=e,s=t,c=&quot;&quot;;a=s.match(/&amp;lt;script[\s\S]*?&amp;lt;\/script&amp;gt;/gi),a&amp;amp;&amp;amp;a.forEach(function(e,t){e=e.replace(/(&amp;lt;|&amp;lt;\/)script.*?&amp;gt;/gi,&quot;&quot;),a[t]=e}),s=s.replace(/&amp;lt;script[\s\S]*?&amp;lt;\/script&amp;gt;/gi,&quot;&quot;);var o=$(s);if(c=o.attr(&quot;srcid&quot;),A._setContainer(o,!0),r=a&amp;amp;&amp;amp;a.shift(),c&amp;amp;&amp;amp;r&amp;amp;&amp;amp;-1!=r.indexOf(&quot;A.log&amp;amp;&amp;amp;(A.log.list[&quot;)){$(n).append(o);try{i.execScript(r,o)}catch(l){}a&amp;amp;&amp;amp;$.each(a,function(e,t){try{i.execScript(t,o)}catch(a){}}),$(window).trigger(&quot;resultsComplete&quot;)}else if(c&amp;amp;&amp;amp;r){$(n).append(o);try{i.execScript(r,o)}catch(l){}a&amp;amp;&amp;amp;$.each(a,function(e,t){try{i.execScript(t,o)}catch(a){}})}else{$(n).append(o);try{i.execScript(r,o)}catch(l){}a&amp;amp;&amp;amp;$.each(a,function(e,t){try{i.execScript(t,o)}catch(a){}})}}},DealSysTips:function(){var e=this,t=e.data.SysTips,a=$(e.conf.tipsid);return a.html(t?t:&quot;&quot;),e},DealSpBar:function(){var e,t=this,a=0;for(var r in t.data)-1!=r.search(&quot;Results&quot;)&amp;amp;&amp;amp;(a+=1);return e=&#039;&amp;lt;div class=&quot;sp-rslt-bar&quot;&amp;gt;&#039;+(1+parseInt(t.pn))+&quot;-&quot;+(a+parseInt(t.pn))+&quot;条&amp;lt;/div&amp;gt;&quot;,$(t.conf.rid).append(e),t},DealTopResult:function(){var e=this,t=e.data.Top_result;return t?(e.inCHTMl(e.conf.rtid,t),A._setContainer(null)):$(e.conf.rtid).html(&quot;&quot;),e},DealResult:function(){var e=this,t=e.pn?e.pn:0;!t&amp;amp;&amp;amp;$(e.conf.rid).empty();var a=&quot;&quot;;for(var r in e.data)(0==t||&quot;Results_prevRS&quot;!==r)&amp;amp;&amp;amp;(-1!=r.search(&quot;Results&quot;)&amp;amp;&amp;amp;(a+=e.data[r]),&quot;Results_www_3&quot;===r&amp;amp;&amp;amp;e.speed&amp;amp;&amp;amp;(e.speed.result3=(new Date).getTime()));return e.data.Fold_Result&amp;amp;&amp;amp;(a+=e.data.Fold_Result),e.inCHTMl(e.conf.rid,a),A._setContainer(null),e},DealCtr:function(){var e=this,t=e.data.Html_ctr,a=$(e.conf.npid);return a.html(&quot;&quot;),t?(a.show(),a.html(t)):a.hide(),e},DealRS:function(){var e=this,t=e.data.Html_brs,a=$(e.conf.rsid);a.html(&quot;&quot;),t?(a.show(),a.html(t)):a.hide();var r=e.data.Html_rrs,i=$(e.conf.rpsid);return i.html(&quot;&quot;),r&amp;amp;&amp;amp;i.html(r),e},DealBtm:function(){var e=this,t=e.data.Html_promLink_spr,a=$(e.conf.bid);return t?0===a.children().size()&amp;amp;&amp;amp;(a.show(),a.html(t)):a.hide(),B.search.Search&amp;amp;&amp;amp;B.search.Search.trigger&amp;amp;&amp;amp;B.search.Search.trigger(&quot;ready&quot;),$(window).trigger(&quot;deal-btm&quot;),e},DealCopyright:function(){var e=this,t=e.data.Html_copyright,a=$(e.conf.copyrightid);return t&amp;amp;&amp;amp;a.html(t),e},DealTablink:function(){{var e=this;e.data.Html_tablink,$(e.conf.tablinkid)}return $(&quot;#h-tabs .logo&quot;).length||$($(&quot;#h-tabs .h-tab&quot;)[0]).before($(&quot;#head .logo&quot;)),$(&quot;#h-tabs&quot;).addClass(&quot;c-flexbox&quot;),e},DealADCSS:function(){var e=this,t=e.data,a=$(&quot;#spa-ad-css&quot;),r=t.AD_CSS_1||&quot;&quot;,i=t.AD_CSS_2||&quot;&quot;,n=t.AD_CSS_BTM||&quot;&quot;;return $(&quot;#ec_dynamic_js, #ec_dynamic_css, #ec_ls_css, #ec_ls_js, #ec_ls_css_btm&quot;).remove(),0==a.length&amp;amp;&amp;amp;(a=$(&#039;&amp;lt;div id=&quot;spa-ad-css&quot; /&amp;gt;&#039;).appendTo(&quot;head&quot;)),(r||i||n)&amp;amp;&amp;amp;a.html(r+n+i),e},DealADJS:function(){var e=this,t=e.data,a=$(&quot;#spa-ad-js&quot;);if(0==a.length&amp;amp;&amp;amp;(a=$(&#039;&amp;lt;div id=&quot;spa-ad-js&quot; /&amp;gt;&#039;).appendTo(&quot;head&quot;)),a.html(&quot;&quot;),t.AD_JS)try{a.html(t.AD_JS)}catch(r){}return e},DealCSS:function(){var e=this,t=e.data;&quot;&quot;!==e.CssAttString&amp;amp;&amp;amp;(e.CssAttString=e.CssAttString.slice(0,-1),$(e.CssAttString).remove(),e.CssAttString=&quot;&quot;);for(var a in t)0==a.indexOf(&quot;Css_&quot;)&amp;amp;&amp;amp;t[a]&amp;amp;&amp;amp;(styles=&#039;&amp;lt;style id=&quot;&#039;+a+&#039;&quot;&amp;gt;&#039;+t[a]+&quot;&amp;lt;/style&amp;gt;&quot;,e.CssAttString+=&quot;#&quot;+a+&quot;,&quot;,$(&quot;head&quot;).append(styles));return e},DealJS:function(){var e=this,t=e.data;if(e.js_done)return e;e.js_done=!0;for(var a in t)0==a.indexOf(&quot;Script_&quot;)&amp;amp;&amp;amp;t[a]&amp;amp;&amp;amp;$(e.conf.rid).append(t[a]);return e},DealInapp:function(){var e=this,t=e.data.Html_inapp_spr,a=$(&quot;#spa-inapp&quot;);t?(0==a.length&amp;amp;&amp;amp;(a=$(&#039;&amp;lt;div id=&quot;spa-inapp&quot; /&amp;gt;&#039;).appendTo(&quot;#search-card&quot;)),a.html(t)):a.html(&quot;&quot;)},DealBoxnav:function(){var e=this,t=e.data.Html_boxnav_spr;$(&quot;#search-card #appad&quot;).remove(),t&amp;amp;&amp;amp;$(&quot;#search-card&quot;).append(t)}}),window.B=B}(window.A);;define(&quot;modules/prefetch/register&quot;,[&quot;require&quot;],function(){var e={};return e.regObj={conf:[],regist:function(e){var n=this,r=e;return r instanceof Object&amp;amp;&amp;amp;(r.update=r.update?r.update:function(){},n.conf.push(r)),n},update:function(){for(var e=this,n=e.conf.length;n--;)e.conf[n].update();return e},destory:function(){for(var e=this,n=e.conf.length;n--;)&quot;function&quot;==typeof e.conf[n].destory&amp;amp;&amp;amp;e.conf[n].destory();return e}},e}),require([&quot;modules/prefetch/register&quot;],function(e){var n=window.page||(window.page={});n.regObj=e.regObj});;page.amd = {keys: {},addPaths: function(opt) {/*** 参数必须为obj, opt={&#039;a/b&#039;:&#039;a/b.js&#039;,&#039;a/c&#039;:&#039;a/c.js&#039;}*/if (typeof opt !== &quot;object&quot;) {return;};require.config({paths: opt});$.extend(page.amd.keys, opt);},exist: function(key) {if (key &amp;amp;&amp;amp; typeof page.amd.keys[key] !== &quot;undefined&quot;) {return true;};return false;}};require.config({baseUrl: &#039;//m.baidu.com/se&#039;});page.amd.addPaths({&#039;uiamd/apptips/invokeBox&#039;: &quot;./static/js/uiamd/apptips/invokeBox_bc9e4c4&quot;,&#039;uiamd/apptips/apptips&#039;: &quot;./static/js/uiamd/apptips/apptips_e20a552&quot;,&#039;uiamd/iscroll/bdscroll&#039;: &quot;./static/js/uiamd/iscroll/bdscroll_08bf73c&quot;,&#039;uiamd/iscroll/Bscroll&#039;: &quot;./static/js/uiamd/iscroll/Bscroll_8941c16&quot;,&#039;uiamd/iscroll/iscroll&#039;: &quot;./static/js/uiamd/iscroll/iscroll_467cf8b&quot;,&#039;uiamd/location/location&#039;: &quot;./static/js/uiamd/location/location_94bd998&quot;,&#039;uiamd/fav/fav&#039;: &quot;./static/js/uiamd/fav/fav_c575b98&quot;,&#039;uiamd/tabs/tabs&#039;: &quot;./static/js/uiamd/tabs/tabs_fd83a0d&quot;,&#039;uiamd/chart/zxt&#039;: &quot;./static/js/uiamd/chart/zxt_977cfb3&quot;,&#039;uiamd/AddToIndex/AddToIndex&#039;: &quot;./static/js/uiamd/AddToIndex/AddToIndex_852753e&quot;,&#039;uiamd/share/share&#039;: &quot;./static/js/uiamd/share/share_b33c5bf&quot;,&#039;uiamd/share/aio&#039;: &quot;./static/js/uiamd/share/aio_a5eb6ea&quot;,&#039;uiamd/share/bShare&#039;: &quot;./static/js/uiamd/share/bShare_82907f4&quot;,&#039;uiamd/jplayer/jplayer&#039;: &quot;./static/js/uiamd/jplayer/jplayer_98a076e&quot;,&#039;uiamd/calendar/calendar&#039;: &quot;./static/js/uiamd/calendar/calendar_d874824&quot;,&#039;uiamd/ttsvoice/ttsVoice&#039;: &quot;./static/js/uiamd/ttsvoice/ttsVoice_eb43db5&quot;,&#039;uiamd/afterClick/afterClick&#039;: &quot;./static/js/uiamd/afterClick/afterClick_5ee945c&quot;,&#039;uiamd/afterClick/aftClick&#039;: &quot;./static/js/uiamd/afterClick/aftClick_79ffef4&quot;,&#039;uiamd/video/video&#039;: &quot;./static/js/uiamd/video/video_5db736b&quot;,&#039;uiamd/ttsvoice/ttsVoiceAladdin&#039;: &quot;./static/js/uiamd/ttsvoice/ttsVoiceAladdin_82a84d6&quot;,&#039;uiamd/swipe/swipe&#039;: &quot;./static/js/uiamd/swipe/swipe_6707677&quot;});page.amd.addPaths({&#039;uiamd/scene/infiniteScroll&#039;: &quot;./static/js/uiamd/scene/infiniteScroll_181dfb3&quot;,&#039;uiamd/newux/base&#039;: &quot;./static/js/uiamd/newux/base_343aae1&quot;,&#039;uiamd/newux/eventEmitter&#039;: &quot;./static/js/uiamd/newux/eventEmitter_1bd5632&quot;,&#039;uiamd/newux/showmore&#039;: &quot;./static/js/uiamd/newux/showmore_c31e9af&quot;});/* Fusion组件库 */page.amd.addPaths({&#039;fusion/deps/aio&#039;: &#039;./static/js/fusion/deps/aio_e0b46ac&#039;,&#039;fusion/deps/detect&#039;: &#039;./static/js/fusion/deps/detect_d2dad8e&#039;,&#039;fusion/deps/fusion.best&#039;: &#039;./static/js/fusion/deps/fusion.best_5bb531c&#039;,&#039;fusion/deps/fusion&#039;: &#039;./static/js/fusion/deps/fusion_4f0fdee&#039;,&#039;fusion/deps/iscroll&#039;: &#039;./static/js/fusion/deps/iscroll_d8d3456&#039;,&#039;fusion/deps/naboo&#039;: &#039;./static/js/fusion/deps/naboo_a0624f6&#039;,&#039;fusion/deps/spark&#039;: &#039;./static/js/fusion/deps/spark_10e7396&#039;,&#039;fusion/deps/cookie&#039;: &#039;./static/js/fusion/deps/cookie_fd7d6da&#039;,&#039;fusion/deps/geolocation&#039;: &#039;./static/js/fusion/deps/geolocation_9caecf3&#039;,&#039;fusion/deps/etpl&#039;: &#039;./static/js/fusion/deps/etpl_4827517&#039;,&#039;fusion/deps/bdetpl&#039;: &#039;./static/js/fusion/deps/bdetpl_fb9ed8d&#039;,&#039;fusion/b-tabs/b-tabs&#039;: &#039;./static/js/fusion/b-tabs/b-tabs_d8c3f28&#039;,&#039;fusion/b-tabs2/b-tabs2&#039;: &#039;./static/js/fusion/b-tabs2/b-tabs2_cecdcff&#039;,&#039;fusion/b-dialog/b-dialog&#039;: &#039;./static/js/fusion/b-dialog/b-dialog_95d812e&#039;,&#039;fusion/b-toast/b-toast&#039;: &#039;./static/js/fusion/b-toast/b-toast_245ba0b&#039;,&#039;fusion/b-imgfall/b-imgfall&#039;: &#039;./static/js/fusion/b-imgfall/b-imgfall_820dfbd&#039;,&#039;fusion/b-lightbox/b-lightbox&#039;: &#039;./static/js/fusion/b-lightbox/b-lightbox_1e4e862&#039;,&#039;fusion/b-infinitescroll/b-infinitescroll&#039;: &#039;./static/js/fusion/b-infinitescroll/b-infinitescroll_c153117&#039;,&#039;fusion/b-filter/b-filter&#039;: &#039;./static/js/fusion/b-filter/b-filter_e45bf0e&#039;,&#039;fusion/b-share/b-share&#039;: &#039;./static/js/fusion/b-share/b-share_cff6946&#039;,&#039;fusion/b-popup/b-popup&#039;: &#039;./static/js/fusion/b-popup/b-popup_63ff762&#039;,&#039;fusion/b-scroll/b-scroll&#039;: &#039;./static/js/fusion/b-scroll/b-scroll_4463064&#039;,&#039;fusion/b-scroll/bdscroll&#039;: &#039;./static/js/fusion/b-scroll/bdscroll_10fab41&#039;,&#039;fusion/b-city/b-city&#039;: &#039;./static/js/fusion/b-city/b-city_4201650&#039;,&#039;fusion/b-scroll/scroll&#039;: &#039;./static/js/fusion/b-scroll/scroll_973715e&#039;,&#039;fusion/b-grouplist/b-grouplist&#039;: &#039;./static/js/fusion/b-grouplist/b-grouplist_8707b43&#039;,&#039;fusion/b-tags/b-tags&#039;: &#039;./static/js/fusion/b-tags/b-tags_aba64f4&#039;,&#039;fusion/b-player/b-player&#039;: &#039;./static/js/fusion/b-player/b-player_b1816d4&#039;,&#039;fusion/b-dropdownmenu/b-dropdownmenu&#039;: &#039;./static/js/fusion/b-dropdownmenu/b-dropdownmenu_3f3d35f&#039;,&#039;fusion/b-carousel/b-carousel&#039;: &#039;./static/js/fusion/b-carousel/b-carousel_0f45d51&#039;,&#039;fusion/b-navs/b-navs&#039;: &#039;./static/js/fusion/b-navs/b-navs_2801c90&#039;});/* PMD组件库 */page.amd.addPaths({&#039;pmd/dialog/alert&#039;: &quot;./static/pmd/pmd/dialog/alert_1414167&quot;,&#039;pmd/dialog/confirm&#039;: &quot;./static/pmd/pmd/dialog/confirm_9c0e9e0&quot;,&#039;pmd/dialog/dialog&#039;: &quot;./static/pmd/pmd/dialog/dialog_ae51119&quot;,&#039;pmd/infinitescroll/infiniteScroll&#039;: &quot;./static/pmd/pmd/infinitescroll/infiniteScroll_a1aa829&quot;,&#039;pmd/popup/popup&#039;: &quot;./static/pmd/pmd/popup/popup_625c871&quot;,&#039;pmd/popup/filter&#039;: &quot;./static/pmd/pmd/popup/filter_3fa4786&quot;,&#039;pmd/scroll/bdscroll&#039;: &quot;./static/pmd/pmd/scroll/bdscroll_3ca389f&quot;,&#039;pmd/scroll/scroll&#039;: &quot;./static/pmd/pmd/scroll/scroll_b4c0cc9&quot;,&#039;pmd/scroll/scroll2&#039;: &quot;./static/pmd/pmd/scroll/scroll2_ab2e3f4&quot;,&#039;pmd/scroll/iscroll&#039;: &quot;./static/pmd/pmd/scroll/iscroll_43777fc&quot;,&#039;pmd/tabs/tabs&#039;: &quot;./static/pmd/pmd/tabs/tabs_5ca2d0b&quot;,&#039;pmd/toast/toast&#039;: &quot;./static/pmd/pmd/toast/toast_c692f90&quot;,&#039;pmd/share/share&#039;: &quot;./static/pmd/pmd/share/share_cc26fe3&quot;,&#039;pmd/player/videoPlayer&#039;: &quot;./static/pmd/pmd/player/videoPlayer_2719285&quot;,&#039;pmd/player/bdvideoPlayer&#039;: &quot;./static/pmd/pmd/player/bdvideoPlayer_c90e358&quot;,&#039;pmd/zbImgList/zbImgList&#039;: &quot;./static/pmd/pmd/zbImgList/zbImgList_041f7a8&quot;,&#039;pmd/deps/aio&#039;: &quot;./static/pmd/pmd/deps/aio_50c70c0&quot;,&#039;pmd/deps/detect&#039;: &quot;./static/pmd/pmd/deps/detect_c8b750a&quot;,&#039;pmd/deps/naboo&#039;: &quot;./static/pmd/pmd/deps/naboo_310e59a&quot;,&#039;pmd/deps/spark&#039;: &quot;./static/pmd/pmd/deps/spark_82b7cd9&quot;,&#039;pmd/deps/newux&#039;: &quot;./static/pmd/pmd/deps/newux_e00d10a&quot;});page.amd.addPaths({&#039;sf/sfview&#039;: &quot;./static/js/sf/sfview_f80cf3e&quot;,&#039;sf/sflog&#039;: &quot;./static/js/sf/sflog_7ff3f16&quot;,&#039;sf/route&#039;: &quot;./static/js/sf/route_604d86b&quot;,&#039;sf/controller&#039;: &quot;./static/js/sf/controller_ea3de86&quot;,&#039;sf/activity&#039;: &quot;./static/js/sf/activity_d7aaa93&quot;,&#039;sf/view&#039;: &quot;./static/js/sf/view_7deb4f4&quot;,&#039;sf/dataBridge&#039;: &quot;./static/js/sf/dataBridge_00e96e0&quot;,&#039;sf/message&#039;: &quot;./static/js/sf/message_181d7b2&quot;,&#039;sf/activity/sfActivity&#039;: &quot;./static/js/sf/activity/sfActivity_43e573a&quot;,&#039;sf/activity/searchActivity&#039;: &quot;./static/js/sf/activity/searchActivity_/static/js/sf/activity/searchActivity.js&quot;});page.amd.addPaths({&#039;uiamd/bdbox/base&#039;: &quot;./static/js/uiamd/bdbox/base_bae6da8&quot;,&#039;uiamd/bdbox/card&#039;: &quot;./static/js/uiamd/bdbox/card_97013e6&quot;,&#039;uiamd/bdbox/invokevideo&#039;: &quot;./static/js/uiamd/bdbox/invokevideo_34b0843&quot;,&#039;uiamd/bdbox/log&#039;: &quot;./static/js/uiamd/bdbox/log_7a527a6&quot;,&#039;uiamd/bdbox/moplus&#039;: &quot;./static/js/uiamd/bdbox/moplus_18ecb69&quot;,&#039;uiamd/bdbox/o2o&#039;: &quot;./static/js/uiamd/bdbox/o2o_0a9f000&quot;,&#039;uiamd/bdbox/openapp&#039;: &quot;./static/js/uiamd/bdbox/openapp_184e8ca&quot;,&#039;uiamd/bdbox/plugin&#039;: &quot;./static/js/uiamd/bdbox/plugin_db475d7&quot;,&#039;uiamd/bdbox/invoker&#039;: &quot;./static/js/uiamd/bdbox/invoker_b05d142&quot;,&#039;uiamd/bdbox/wiseAddToIndex&#039;: &quot;./static/js/uiamd/bdbox/wiseAddToIndex_2c1f17b&quot;,&#039;uiamd/bdbox/videoopen&#039;: &quot;./static/js/uiamd/bdbox/videoopen_eea9cb3&quot;,&#039;uiamd/bdbox/util&#039;: &quot;./static/js/uiamd/bdbox/util_e4c87fb&quot;,&#039;uiamd/bdbox/invokeNovel&#039;: &quot;./static/js/uiamd/bdbox/invokeNovel_24f4822&quot;,&#039;uiamd/bdbox/subscribe&#039;: &quot;./static/js/uiamd/bdbox/subscribe_/static/js/uiamd/bdbox/subscribe.js&quot;,&#039;uiamd/bdbox/follow&#039;: &quot;./static/js/uiamd/bdbox/follow_237243c&quot;});page.amd.addPaths({&#039;uiamd/bdboxinvoke/xsearchBdbox_v2&#039;: &quot;./static/js/uiamd/bdboxinvoke/xsearchBdbox_v2_1312efb&quot;,&#039;uiamd/bdboxinvoke/xsearchBdbox_v5&#039;: &quot;./static/js/uiamd/bdboxinvoke/xsearchBdbox_v5_35b1d9c&quot;,&#039;uiamd/bdboxinvoke/xsearchBdboxStart&#039;: &quot;./static/js/uiamd/bdboxinvoke/xsearchBdboxStart_fd3153e&quot;,&#039;uiamd/bdboxinvoke/xsearchBdboxStart_v5&#039;: &quot;./static/js/uiamd/bdboxinvoke/xsearchBdboxStart_v5_0e05c9b&quot;,&#039;uiamd/bdboxinvoke/xsearchInvokerMgr_v2&#039;: &quot;./static/js/uiamd/bdboxinvoke/xsearchInvokerMgr_v2_1287cef&quot;,&#039;uiamd/bdboxinvoke/xsearchInvokerMgr_v4&#039;: &quot;./static/js/uiamd/bdboxinvoke/xsearchInvokerMgr_v4_91bf84a&quot;,&#039;uiamd/bdboxinvoke/xsearchMgr_v2&#039;: &quot;./static/js/uiamd/bdboxinvoke/xsearchMgr_v2_848bc75&quot;,&#039;uiamd/bdboxinvoke/xsearchMgr_v4&#039;: &quot;./static/js/uiamd/bdboxinvoke/xsearchMgr_v4_15b383a&quot;});page.amd.addPaths({&#039;modules/invoke/app/app&#039;: &#039;./static/js/modules/invoke/app/app_5728695&#039;,&#039;modules/invoke/app/banner&#039;: &#039;./static/js/modules/invoke/app/banner_5fa79ba&#039;});page.amd.addPaths({&#039;modules/feedback/feedback&#039;: &#039;./static/js/modules/feedback/feedback_b847024&#039;,&#039;modules/store/store&#039;:&#039;./static/js/modules/store/store_a77a8be&#039;,&#039;modules/share_store/share_store&#039;:&#039;./static/js/modules/share_store/share_store_109e9f4&#039;,&#039;modules/wnor_fanyi/wnor_fanyi&#039;: &#039;./static/js/modules/wnor_fanyi/wnor_fanyi_04f9f64&#039;,&#039;modules/activityEgg&#039;:&#039;./static/js/modules/activityEgg_f32abb5&#039;,&#039;modules/psEvent&#039;:&#039;./static/js/modules/psEvent_31e8a95&#039;,&#039;modules/summertips/summertips&#039;: &quot;./static/js/modules/summertips/summertips_cbe6a91&quot;});;&lt;/script&gt;&lt;script data-version=&quot;globalBjs_f491cfe&quot;&gt;!function(){function e(e,t){var n=e+&quot;:&quot;,r=document.createElement(&quot;test&quot;),i=r.style;return i.cssText=n+t,-1!==i[e].indexOf(t)}if(!e(&quot;display&quot;,&quot;-webkit-flex&quot;)||/MQQBrowser/i.test(navigator.userAgent)&amp;amp;&amp;amp;/android/i.test(navigator.userAgent)){var t=&quot;.c-flexbox .c-img, .c-row .c-img{-webkit-background-clip:padding-box;background-clip:padding-box;border-top:4px solid transparent;border-bottom:4px solid transparent;}&quot;;$(&quot;head&quot;).append(&quot;&amp;lt;style&amp;gt;&quot;+t+&quot;&amp;lt;/style&amp;gt;&quot;)}}(),Zepto(function(e){e.fn.imageDelayload=function(){var t=e(this).filter(&quot;[data-imagedelaysrc]&quot;).add(e(this).find(&quot;[data-imagedelaysrc]&quot;));return t.each(function(){this.src=this.getAttribute(&quot;data-imagedelaysrc&quot;),this.removeAttribute(&quot;data-imagedelaysrc&quot;),this.onload=function(){var t=e(this).closest(&quot;.c-img&quot;);t.length&amp;amp;&amp;amp;t.css({background:&quot;none&quot;})}})},e(&quot;img[data-imagedelaysrc]&quot;).not(&#039;[data-imageinvisible=&quot;1&quot;]&#039;).imageDelayload()}),define(&quot;log/link-base&quot;,[&quot;require&quot;],function(){var e=function(){var e=this;e._init()};return $.extend(e.prototype,{_init:function(){var e=this;e.origin=location.origin},_buildParamsString:function(e,t,n){var r=&quot;&quot;;return $.each(e,function(e,n){r+=t+e+&quot;=&quot;+n}),n?r:r.substring(1)},_buildShareTcUrl:function(e,t){var n,r,i,o=this,a=[&quot;order&quot;,&quot;fm&quot;,&quot;laid&quot;,&quot;appui&quot;,&quot;srd&quot;,&quot;asres&quot;,&quot;dict&quot;,&quot;sec&quot;,&quot;di&quot;,&quot;bdenc&quot;,&quot;nsrc&quot;,&quot;src&quot;],s=[];if(!/^.+\/(tc\?).+/.test(e))return e;n=e.match(/^\w+:\/\/([^\/]+)/),null!=n&amp;amp;&amp;amp;(n=n[0],r=e.match(/l=\w/),null!=r&amp;amp;&amp;amp;(n+=&quot;/&quot;+r),n+=&quot;/tc?&quot;,i=e.split(&quot;tc?&quot;)[1].split(&quot;&amp;amp;&quot;),$.each(i,function(e,t){-1!=a.indexOf(t.split(&quot;=&quot;)[0])&amp;amp;&amp;amp;s.push(t)}),e=n+s.join(&quot;&amp;amp;&quot;));var c=o._buildParamsString(t,&quot;&amp;amp;&quot;,!0);return e+=c},getJumpLinkUrl:function(e){var t=this,n=&quot;/tc?&quot;,r=&quot;http://m.baidu.com&quot;,i={lid:page.comm.lid,ref:page.comm.ref,w_qd:page.comm.w_qd},o=[&quot;nsrc&quot;,&quot;nt&quot;,&quot;sto&quot;,&quot;tj&quot;,&quot;waplogo&quot;,&quot;ref&quot;,&quot;lid&quot;,&quot;fm&quot;,&quot;order&quot;,&quot;dict&quot;,&quot;src&quot;,&quot;di&quot;,&quot;sec&quot;,&quot;clk_info&quot;,&quot;l&quot;,&quot;vipsign&quot;,&quot;module&quot;];if(e){$.each(o,function(t,n){if(e[n]){var r=e[n];i[n]=encodeURIComponent(&quot;object&quot;==typeof r?JSON.stringify(r):r)}});var a={from:page.comm.from||0,ssid:page.comm.ssid||0,uid:page.comm.uid||0,bd_page_type:page.comm.bd_page_type||0,pu:page.comm.pu||0,baiduid:page.comm.baiduid||0,w:page.comm.pn+&quot;_&quot;+page.comm.rn+&quot;_&quot;,t:page.comm.abct||0,l:1};return r+=t._buildParamsString(a,&quot;/&quot;,!0),r+=n,r+=t._buildParamsString(i,&quot;&amp;amp;&quot;,!1)}},getSearchUrl:function(e,t){var n=page.comm.prepath,r=&quot;/s?word=&quot;+encodeURIComponent(e)+&quot;&amp;amp;&quot;+n.replace(/#/g,&quot;&amp;amp;&quot;);r+=&quot;&amp;amp;rqid=&quot;+page.comm.lid;for(var i in t){var o=t[i];r+=&quot;&amp;amp;&quot;+i+&quot;=&quot;+o}return r},_getComponentUrl:function(e,t){var n=this;if(!e||&quot;[object Object]&quot;!=Object.prototype.toString.call(e)||!e.url)return&quot;&quot;;var r=e.loginfo||{};return t=t||{},&quot;[object Object]&quot;==Object.prototype.toString.call(r)&amp;amp;&amp;amp;(t=$.extend(!0,t,r)),n._buildShareTcUrl(e.url,t)},getShareTcUrl:function(e){var t=this,n={ct:42,cst:0};return t._getComponentUrl(e,n)},getCollectTcUrl:function(e){var t=this,n={ct:43,cst:2};return t._getComponentUrl(e,n)},getSfUrl:function(e){var t=page.comm;return-1==e.search(&quot;&amp;amp;word=&quot;)&amp;amp;&amp;amp;(e+=&quot;&amp;amp;word=&quot;+encodeURIComponent(t.query)),-1==e.search(&quot;&amp;amp;title=&quot;)&amp;amp;&amp;amp;(e+=&quot;&amp;amp;title=&quot;+encodeURIComponent(t.query)),e.replace(/^https?:\/\/m.baidu.com/,&quot;&quot;)+&quot;&amp;amp;lid=&quot;+t.lid+&quot;&amp;amp;ms=1&quot;+(t.applid?&quot;&amp;amp;referlid=&quot;+t.applid:&quot;&quot;)}}),e}),function(){require([&quot;log/link-base&quot;],function(e){page.utils=page.utils||{};var t=new e;page.utils.link=t,page.utils.buildSearchUrl=page.utils.link.getSearchUrl})}(),define(&quot;log/tclog&quot;,[&quot;require&quot;],function(){function e(e,n){var r={tcreq4log:&quot;1&amp;amp;&quot;+page.comm.prepath.replace(/#/g,&quot;&amp;amp;&quot;),ct:0,cst:0,ref:page.comm.ref,lid:page.comm.lid,w:page.comm.pn+&quot;_&quot;+page.comm.rn+&quot;_&quot;+encodeURIComponent(page.comm.query)};page.comm.sid&amp;amp;&amp;amp;(r.sid=page.comm.sid),$.extend(r,e),t(&quot;//m.baidu.com/tc&quot;,r,n)}function t(e,t,n){var r=Date.now(),i=window[r]=new Image,o=&quot;&quot;,a=null;i.onload=i.onerror=i.onabort=function(){window[r]=null,a&amp;amp;&amp;amp;(clearTimeout(a),a=null,n())},t=t||{},t.r=r;for(var s in t)t.hasOwnProperty(s)&amp;amp;&amp;amp;(o+=&quot;&amp;amp;&quot;+s+&quot;=&quot;+t[s]);i.src=e+&quot;?&quot;+o.slice(1),&quot;function&quot;==typeof n&amp;amp;&amp;amp;(a=setTimeout(function(){a=null,n()},500))}function n(e){function n(){var t=this;$.extend(t,e,{pagetype:e.pagetype,actiontype:e.actiontype,timing:0,ta_net:e.ta_net,taspeed:e.taspeed}),-1!=t.pagetype.indexOf(&quot;ajax&quot;)&amp;amp;&amp;amp;(t.actionstatus=0)}return n.prototype.start=function(){var e=this;return e.timing=(new Date).getTime(),e},n.prototype.stop=function(){var e=this;return e.timing=(new Date).getTime()-e.timing,e},n.prototype.setStatus=function(e){var t=this;return t.actionstatus=e,t},n.prototype.send=function(e){var n=this;return _u=e?e:&quot;http://111.13.12.43/static/tj.gif&quot;,t(_u,n),n},new n(e)}return{send:e,spSta:n}}),require([&quot;log/tclog&quot;],function(e){var t=window.page||(window.page={});t.log=e}),define(&quot;base/hash/hash_lib&quot;,[&quot;require&quot;],function(){function e(e){return $.extend({},e)}function t(){var e=location.href.match(/#(.*)$/),t=e?e[0]:&quot;&quot;;return 0===t.indexOf(&quot;#%7C&quot;)&amp;amp;&amp;amp;(t=t.replace(/%7C/g,&quot;|&quot;)),t}function n(){var e=t().replace(/^#*/g,&quot;&quot;),n=e.split(/\|+/),r={};return n.forEach(function(e){var t=e.match(/([^=]+)(?:=(.*))?/);t&amp;amp;&amp;amp;(r[t[1]]=decodeURIComponent(t[2]||&quot;&quot;))}),r}function r(e){var t=[];for(var n in e){var r=e[n];t.push(&quot;&quot;===r?n:n+&quot;=&quot;+encodeURIComponent(r))}return&quot;#|&quot;+t.join(&quot;|&quot;)}function i(e,t){var n=[],r=u(e),i=u(t);return i.forEach(function(r){var i=t[r];if(r in e){var o=e[r];o!==i&amp;amp;&amp;amp;n.push({type:&quot;modified&quot;,key:r,oldValue:o,newValue:i})}else n.push({type:&quot;added&quot;,key:r,oldValue:null,newValue:i})}),r.forEach(function(r){var i=e[r];r in t||n.push({type:&quot;removed&quot;,key:r,oldValue:i,newValue:null})}),n}function o(){var t=n();if(!l.mute){var r=i(d,t);r.forEach(function(e){f.trigger(&quot;change:&quot;+e.key,[e.type,e.oldValue,e.newValue])}),r.length&amp;gt;0&amp;amp;&amp;amp;f.trigger(&quot;change&quot;,[e(d),e(t),r])}d=t}function a(){$(window).on(&quot;hashchange&quot;,o)}function s(){$(window).off(&quot;hashchange&quot;,o)}function c(e,t){var n=r(e);l.mute=!!t,s(),location.hash=n,o(),setTimeout(a,0),l.mute=!1}var u=Object.getOwnPropertyNames,l={mute:!0},d={},f=$(&quot;&amp;lt;div &amp;gt;&amp;lt;/div&amp;gt;&quot;);return&quot;on off one&quot;.split(&quot; &quot;).forEach(function(e){l[e]=function(t,n){f[e](t,n)}}),l.get=function(t){return 0===arguments.length?e(d):t in d?d[t]:null},l.set=function(e,t,r){var i=n(),o={};o[e]=t,1==arguments.length?o=e:2==arguments.length&amp;amp;&amp;amp;&quot;boolean&quot;==typeof t&amp;amp;&amp;amp;(o=e,r=t),$.extend(i,o),c(i,r)},l.remove=function(e,t){var r=n();e in r&amp;amp;&amp;amp;(delete r[e],c(r,t))},d=n(),a(),l.mute=!1,l}),require([&quot;base/hash/hash_lib&quot;],function(e){page.hash=e}),define(&quot;utils/cookie&quot;,[&quot;require&quot;],function(){return{cookie:function(e,t,n){var r,i,o,a;return 0==arguments.length?document.cookie:arguments.length&amp;gt;1&amp;amp;&amp;amp;&quot;[object Object]&quot;!==String(t)?(n=n||{},(null===t||void 0===t)&amp;amp;&amp;amp;(n.expires=-1),&quot;number&quot;==typeof n.expires&amp;amp;&amp;amp;(r=n.expires,i=n.expires=new Date,i.setTime(i.getTime()+r)),t=String(t),document.cookie=[encodeURIComponent(e),&quot;=&quot;,n.raw?t:encodeURIComponent(t),n.expires?&quot;; expires=&quot;+n.expires.toUTCString():&quot;&quot;,n.path?&quot;; path=&quot;+n.path:&quot;&quot;,n.domain?&quot;; domain=&quot;+n.domain:&quot;&quot;,n.secure?&quot;; secure&quot;:&quot;&quot;].join(&quot;&quot;)):(n=t||{},a=n.raw?function(e){return e}:decodeURIComponent,(o=new RegExp(&quot;(?:^|; )&quot;+encodeURIComponent(e)+&quot;=([^;]*)&quot;).exec(document.cookie))?a(o[1]):null)}}}),require([&quot;utils/cookie&quot;],function(e){page.utils=page.utils||{},page.utils.cookie=e.cookie,B.cookie=e.cookie}),define(&quot;utils/storage&quot;,[&quot;require&quot;],function(){var e=function(e){var t={};try{window[e].setItem(&quot;_t&quot;,1),window[e].removeItem(&quot;_t&quot;),t.enabled=!0}catch(n){t.enabled=!1}if(!t.enabled)return t.getObj=t.getObjItem=t.setObj=t.setObjItem=t.getItem=t.get=t.key=function(){return null},t.updateObj=t.updateObjItem=t.setItem=t.set=t.removeItem=t.remove=t.clear=function(){},t.length=function(){return 0},t.keys=function(){return[]},t;var r=window[e];return t.getItem=function(e){return r.getItem(e)},t.setItem=function(e,t){r.setItem(e,t)},t.removeItem=function(e){r.removeItem(e)},t.getObjItem=function(e,t){var n=this.getItem(e),r=null;try{r=JSON.parse(n),t&amp;amp;&amp;amp;(r=r[t])}catch(i){}finally{void 0===r&amp;amp;&amp;amp;(r=null)}return r},t.setObjItem=function(e,t){this.setItem(e,JSON.stringify(t))},t.updateObjItem=function(e,t,n){var r=this.getObjItem(e);r[t]=n,this.setObjItem(e,r)},t.get=function(e,n,r){var i=[e,n,r].join(&quot;_&quot;);return t.getItem(i)},t.set=function(e,n,r,i){var o=[e,n,r].join(&quot;_&quot;);t.setItem(o,i)},t.remove=function(e,n,r){var i=[e,n,r].join(&quot;_&quot;);t.removeItem(i)},t.getObj=function(e,t,n,r){var i=[e,t,n].join(&quot;_&quot;);return this.getObjItem(i,r)},t.setObj=function(e,t,n,r){this.setObjItem([e,t,n].join(&quot;_&quot;),r)},t.updateObj=function(e,t,n,r,i){this.updateObjItem([e,t,n].join(&quot;_&quot;),r,i)},t.keys=function(e,t){var n,i=!1;2==arguments.length&amp;amp;&amp;amp;(n=[e,t].join(&quot;_&quot;),i=new RegExp(&quot;^&quot;+n));for(var o=[],a=0,s=r.length;s&amp;gt;a;++a)n=r.key(a),(!i||n.match(i))&amp;amp;&amp;amp;o.push(n);return o},t.clear=function(){r.clear()},t.length=function(){return r.length},t.key=function(e){return r.key(e)},t};return{ls:e(&quot;localStorage&quot;),ss:e(&quot;sessionStorage&quot;)}}),require([&quot;utils/storage&quot;],function(e){page.utils=page.utils||{},page.utils.ls=e.ls,page.utils.ss=e.ss,B.ls=e.ls,B.ss=e.ss}),define(&quot;utils/event_emitter&quot;,[&quot;require&quot;],function(){function e(){this.events={}}function t(e){s[e]=1}function n(){s={}}function r(e,t){a[t]||(a[t]=[]),a[t].push(e)}function i(){return this.data={},this.listeners={},this.length=0,this}var o=e.prototype,a={},s={};return o.on=function(e,t,n){if(&quot;string&quot;==typeof e&amp;amp;&amp;amp;!(&quot;function&quot;!=typeof t||n&amp;amp;&amp;amp;n.name&amp;amp;&amp;amp;&quot;string&quot;!=typeof n.name)){n=n||{};var r=this.getEvent(e),i=r.listeners;r.length+=1;var o=n.name||r.length+&quot;&quot;;i[o]={fn:t,name:o,doAfter:n.doAfter||&quot;&quot;,once:n.once||!1}}},o.one=function(e,t,n){n=n||{},n.once=!0,this.on(e,t,n)},o.off=function(e,t){var n=this.events[e];if(n){var r=n.listeners;if(&quot;string&quot;==typeof t)return void(r[t]&amp;amp;&amp;amp;delete r[t]);if(&quot;function&quot;==typeof t)for(var i in r)r.hasOwnProperty(i)&amp;amp;&amp;amp;r[i].fn===t&amp;amp;&amp;amp;delete r[i]}},o.exec=function(e,n,r,i){var o;try{if(r.fn.call(n,i||{}),r.once===!0&amp;amp;&amp;amp;this.off(e,r.fn),t(r.name),o=a[r.name]){for(var s=0,c=o.length;c&amp;gt;s;s++)this.exec(e,n,o[s],i);delete a[r.name]}}catch(u){}},o.trigger=function(e,t){var i=this.events[e];if(i){var o=i.listeners,c=null;for(var u in o)o.hasOwnProperty(u)&amp;amp;&amp;amp;(c=o[u],1!==s[c.doAfter]&amp;amp;&amp;amp;c.doAfter&amp;amp;&amp;amp;&quot;string&quot;==typeof c.doAfter?r(c,c.doAfter):this.exec(e,i,c,t));var l;for(u in a)if(a.hasOwnProperty(u)){l=a[u];for(var d=0,f=l.length;f&amp;gt;d;d++)this.exec(e,i,l[d],t);delete a[u]}n()}},o.getEvent=function(e){return void 0===this.events[e]&amp;amp;&amp;amp;(this.events[e]=new i),this.events[e]},i.prototype.getData=function(){return this.data},i.prototype.setData=function(e,t){var n=this.data;return&quot;string&quot;==typeof e&amp;amp;&amp;amp;void 0!==t?void(n[e]=t):void(&quot;[object Object]&quot;===String(e)&amp;amp;&amp;amp;(n=$.extend(!0,n,e)))},e}),require([&quot;utils/event_emitter&quot;],function(e){page.event=new e}),define(&quot;base/zeptoext/zeptoext&quot;,[&quot;require&quot;],function(){var e=function(e){$(e.handler).live(&quot;touchstart&quot;,function(){$(&quot;a&quot;).css({&quot;pointer-events&quot;:&quot;none&quot;}),$(e.area).toggle(),!!e.mo_class&amp;amp;&amp;amp;($(e.handler).toggleClass(e.mo_class),$(e.arr).toggleClass(e.arr_class)),setTimeout(function(){$(&quot;a&quot;).css({&quot;pointer-events&quot;:&quot;auto&quot;})},200)})};return{switchOver:e}}),require([&quot;base/zeptoext/zeptoext&quot;],function(e){$.extend($.fn,e)}),define(&quot;base/etpl/bdetpl&quot;,[&quot;dep/etpl&quot;],function(e){return e.addFilter(&quot;linksearch&quot;,function(e,t){return e&amp;amp;&amp;amp;page.utils&amp;amp;&amp;amp;page.utils.link.getSearchUrl?(t=t||{},page.utils.link.getSearchUrl(e,t)):&quot;&quot;}),e.addFilter(&quot;linktc&quot;,function(e,t){return e&amp;amp;&amp;amp;page.utils&amp;amp;&amp;amp;page.utils.link&amp;amp;&amp;amp;page.utils.link.getJumpLinkUrl?(t=t||{},t.nsrc||(t.src=e),page.utils.link.getJumpLinkUrl(t)):&quot;&quot;}),e.addFilter(&quot;https&quot;,function(e){return e&amp;amp;&amp;amp;page.https&amp;amp;&amp;amp;page.https.domain&amp;amp;&amp;amp;page.https.domain.get?page.https.domain.get(e):&quot;&quot;}),e}),require([&quot;base/etpl/bdetpl&quot;],function(e){page.etpl=e}),!function(){function e(e){var t=this,n=&#039;&amp;lt;div id=&quot;onlyshow-placeholder&quot;&amp;gt;&amp;lt;div class=&quot;loadingbar&quot;&amp;gt;&amp;lt;span class=&quot;ico&quot;&amp;gt;&amp;lt;/span&amp;gt;加载中...&amp;lt;/div&amp;gt;&amp;lt;/div&amp;gt;&#039;,r=(t.tglDOM.not(t.showDOMQuery),e);$(&quot;#onlyshow-loading-tips,#onlyshow-placeholder&quot;).remove(),$(&quot;body&quot;).append(n),window.scrollTo(0,document.body.scrollHeight),setTimeout(function(){t.tglDOM.css({display:&quot;block !important&quot;}),r||t.scrollPage(),$(&quot;#onlyshow-placeholder&quot;).remove(),$(t.tglDOM).trigger(&quot;onlyshowMore&quot;),$(&quot;body&quot;).css({background:&quot;&quot;})},300)}function t(e,n,r){var i=e,o=n,a=r;$(&quot;a&quot;).css({&quot;pointer-events&quot;:&quot;none&quot;}),a&amp;gt;i?(i=i+o&amp;gt;=a?a:i+o,window.scrollTo(0,i),setTimeout(function(){t(i,o,a)},15)):setTimeout(function(){$(&quot;a&quot;).css({&quot;pointer-events&quot;:&quot;auto&quot;})},200)}function n(e){var t=e&amp;gt;&amp;gt;0,n=this,r=3===t||4==t?&quot;none&quot;:&quot;block&quot;;n.tglDOM.not(n.showDOMQuery).css({display:r+&quot; !important&quot;})}var r=!0;$(&quot;body&quot;).on(&quot;switcherOn&quot;,function(){r=!0}),$(&quot;body&quot;).on(&quot;switcherOff&quot;,function(){r=!1});var i=function(e,t){function n(e){r&amp;amp;&amp;amp;&quot;bottom&quot;===c&amp;amp;&amp;amp;s.startY&amp;gt;e.touches[0].pageY&amp;amp;&amp;amp;(e.preventDefault(),$(this).on(&quot;touchmove&quot;,i).one(&quot;touchend&quot;,o))}function i(e){e.preventDefault(),s.endY=e.touches[0].pageY-s.startY,s.endY&amp;lt;u?(s.endY=s.endY&amp;lt;=d?d:s.endY,$(p.tip).html(h[1])):$(p.tip).html(h[0]),$(this).css({&quot;-webkit-transition-duration&quot;:&quot;0&quot;,&quot;-webkit-transform&quot;:&quot;translate3d(0, &quot;+s.endY+&quot;px, 0)&quot;})}function o(){var e=$(this);e.css({&quot;-webkit-transform&quot;:&quot;translate3d(0,0,0)&quot;,&quot;-webkit-transition-duration&quot;:&quot;0&quot;}),s.endY&amp;lt;u&amp;amp;&amp;amp;(0==$(p.placeholder).size()&amp;amp;&amp;amp;($(p.tip).remove(),$(&quot;body&quot;).css({background:&quot;#eee&quot;}).append(f.placeholder),$(p.placeholder)),$(p.placeholder).html(h[2]),setTimeout(function(){window.scrollTo(0,document.body.scrollHeight)},0),setTimeout(function(){$(p.placeholder).remove(),l&amp;amp;&amp;amp;l()},300))}var a=e,s={startX:0,startY:0,endX:0,endY:0},c=&quot;top&quot;,u=-70,l=t,d=-120,f={tip:&#039;&amp;lt;div id=&quot;onlyshow-loading-tips&quot;&amp;gt;&amp;lt;/div&amp;gt;&#039;,placeholder:&#039;&amp;lt;div id=&quot;onlyshow-placeholder&quot;&amp;gt;&amp;lt;/div&amp;gt;&#039;},p={tip:&quot;#onlyshow-loading-tips&quot;,placeholder:&quot;#onlyshow-placeholder&quot;},h=[&quot;上拉加载更多&quot;,&quot;松开加载更多&quot;,&#039;&amp;lt;div class=&quot;loadingbar&quot;&amp;gt;&amp;lt;span class=&quot;ico&quot;&amp;gt;&amp;lt;/span&amp;gt;加载中...&amp;lt;/div&amp;gt;&#039;];a.on(&quot;touchstart&quot;,function(e){0===$(p.tip).size()&amp;amp;&amp;amp;(a.css({&quot;z-index&quot;:2}),$(&quot;body&quot;).append(f.tip)),c=window.scrollY&amp;gt;=document.body.offsetHeight-window.innerHeight-10?&quot;bottom&quot;:&quot;top&quot;,s.startX=e.touches[0].pageX,s.startY=e.touches[0].pageY,$(a).one(&quot;touchmove&quot;,n)}).on(&quot;touchend&quot;,function(){$(a).off(&quot;touchmove&quot;,n).off(&quot;touchmove&quot;,i)})};$.newSigma=function(e){var t=this;1===arguments.length&amp;amp;&amp;amp;(page.comm.sigmaConf=page.comm.sigmaConf||{},$.extend(t,{tglDOM:$(e.tglDOM),tglDOMQuery:e.tglDOM,showDOMQuery:e.showDOM,showDOM:$(e.showDOM),hdWrap:$(e.hdWrap),bdWrap:$(e.bdWrap),execute:1,onlyshow:page.comm.sigmaConf.hideOtherResult===!0&amp;amp;&amp;amp;page.comm.sigmaConf.toolbar===!0?&quot;322&quot;:page.comm.sigmaConf.hideOtherResult===!0?&quot;422&quot;:&quot;222&quot;,isFullScreen:page.comm.sigmaConf.fullScreen&amp;amp;&amp;amp;page.comm.sigmaConf.fullScreen!==!1?1:0,wrapper:e.wrapper||&quot;.search-page&quot;,tipDOMQuery:e.tipDOM||&quot;.se-page-tips&quot;,skin:e.skin||!1,barDOMQuery:&quot;#onlyshow-bar&quot;,templateHTML:[],templateACTHTML:&quot;&quot;,templateTextTHTML:&quot;搜索智能聚合&quot;,tabMore:$(e.tabMore),tips:$(e.tips),num:1}),1===t.execute&amp;amp;&amp;amp;t.run())},$.newSigma.prototype={resets:function(){var e=this;return e.templateHTML=[],e.templateACTHTML=&quot;&quot;,e.onlyshow=page.comm.sigmaConf.hideOtherResult===!0&amp;amp;&amp;amp;page.comm.sigmaConf.toolbar===!0?&quot;322&quot;:page.comm.sigmaConf.hideOtherResult===!0?&quot;422&quot;:&quot;222&quot;,e.isFullScreen=page.comm.sigmaConf.fullScreen&amp;amp;&amp;amp;page.comm.sigmaConf.fullScreen!==!1?1:0,e.showDOM=$(e.showDOMQuery),e.tglDOM=$(e.tglDOMQuery),e.execute=1,e.count=0,e.num=1,e},setParams:function(){var e=this;return e.conf=e.onlyshow.split(&quot;&quot;),e},update:function(){var e=this;return e.onlyshow&amp;amp;&amp;amp;1===e.execute&amp;amp;&amp;amp;e.run(),e},run:function(){var e=this;e.setParams().renderPage().attEvent(),e.execute=0},scrollPage:function(){var e=this,n=window.pageYOffset,r=$(&quot;.result&quot;).eq(e.num).length&amp;amp;&amp;amp;$(&quot;.result&quot;).eq(e.num).offset().top-6||0,i=10,o=(r-n)/i&amp;gt;&amp;gt;0;t(n+o,o,r)},finLoad:function(){var e=this;$(e.barDOMQuery+&quot; .bar-l span&quot;).html(e.templateTextTHTML).off(&quot;click&quot;),$(e.barDOMQuery+&quot; section&quot;).html(e.templateHTML[3]),$(e.wrapper).off(&quot;touchstart touchmove touchend&quot;)},unbindEvent:function(){var e=this;$(e.wrapper).off(&quot;touchstart touchmove touchend&quot;),e.hdWrap.off(&quot;touchend&quot;)},attEvent:function(){var e=this,t=e.showDOM.attr(&quot;data-share&quot;),n=null;return&quot;0&quot;!==t&amp;amp;&amp;amp;require([&quot;pmd/share/share&quot;],function(r){var i=decodeURIComponent(page.comm.query),o=e.showDOM.attr(&quot;srcid&quot;)||&quot;&quot;,a={url:window.location.origin+&quot;/s?word=&quot;+page.comm.query+&quot;&amp;amp;sa=share_sigma_&quot;+o,title:&#039;&quot;&#039;+i+&#039;&quot;的百度搜索结果&#039;,content:&#039;您的好友在百度搜索了&quot;&#039;+i+&#039;&quot;，点击查看他搜到的内容。&#039;,loginfo:{clk_from:o}};t&amp;amp;&amp;amp;(a=$.extend(a,JSON.parse(t))),n=new r(a)}),e.hdWrap.on(&quot;touchstart&quot;,function(t){(&quot;更多&quot;===t.target.innerText||&quot;SPAN&quot;===t.target.tagName&amp;amp;&amp;amp;&quot;&quot;===t.target.innerText)&amp;amp;&amp;amp;e.caculateHeight(&quot;tab&quot;)}),e.conf[0]&amp;gt;&amp;gt;0===3?$(e.barDOMQuery+&quot; .bar-l span&quot;).on(&quot;click&quot;,function(){e.switchScroll(e.conf[0]),e.finLoad()}):e.conf[0]&amp;gt;&amp;gt;0===4?$(&quot;.onlyshow-bar-wapper&quot;).on(&quot;click&quot;,function(){e.switchScroll(e.conf[0]),e.finLoad(),$(this).remove(),page.one(&quot;stop&quot;,function(){e.destroy()})}):e.finLoad(),$(e.barDOMQuery+&quot; .bar-r .btn-fb&quot;).on(&quot;click&quot;,function(){var e=$(this).attr(&quot;data-fb&quot;),t=page.comm.query,n=&quot;&quot;,r=page.comm.prepath.split(&quot;#&quot;);r.forEach(function(e){var t=e&amp;amp;&amp;amp;e.split(&quot;=&quot;);&quot;baiduid&quot;==t[0]&amp;amp;&amp;amp;(n=t[1])}),location.href=e?e:&quot;http://ufosdk.baidu.com/?m=Client&amp;amp;a=postView&amp;amp;appid=517&amp;amp;activityId=2&amp;amp;needEmail=false&amp;amp;u=wise&amp;amp;tn=iphone&amp;amp;kw=&quot;+t+&quot;&amp;amp;bw=&quot;+n}),$(e.barDOMQuery+&quot; .bar-r .btn-share&quot;).on(&quot;click&quot;,function(e){e.preventDefault(),n&amp;amp;&amp;amp;n.popup()}),e.conf[0]&amp;gt;&amp;gt;0===3&amp;amp;&amp;amp;i($(e.wrapper),function(){page.log.send({ct:2,cst:1,clk_info:&quot;a1_g1&quot;,clk_from:e.showDOM.attr(&quot;srcid&quot;)}),e.switchScroll(e.conf[0],&quot;stuck&quot;),e.finLoad()}),e},renderPage:function(){var e=this;return 0!==e.tabMore.size()&amp;amp;&amp;amp;e.caculateTabHeight(),e.caculateHeight().makeTemplate(),e.isFullScreen?e.fullScreen():e.showDOM.css({&quot;padding-bottom&quot;:$(e.barDOMQuery).height()+&quot;px&quot;}),e},fullScreen:function(){var e=this,t=e.hdWrap.height(),n=$(e.barDOMQuery).height(),r=e.showDOM.attr(&quot;data-backcolor&quot;);0==t&amp;amp;&amp;amp;(t=-91),e.showDOM.css({&quot;min-height&quot;:$(window).height()-t-n+&quot;px&quot;,&quot;padding-bottom&quot;:n+&quot;px !important&quot;}),r&amp;amp;&amp;amp;e.showDOM.css({&quot;background-color&quot;:r}),e.showDOM.trigger(&quot;onlyshowLoaded&quot;)},makeTemplate:function(){var e=this,t=&quot;&quot;;return{share:e.showDOM.attr(&quot;data-share&quot;),fb:e.showDOM.attr(&quot;data-fb&quot;)},e.switchConfState(e.conf[0],1),t=$(e.tipDOMQuery),$(e.tipDOMQuery).remove(),t.prependTo(e.showDOMQuery),e},caculateTabHeight:function(){var e=this;return e.tabMore.css({position:&quot;absolute&quot;,display:&quot;block&quot;,&quot;z-index&quot;:&quot;-2&quot;,visibility:&quot;hidden&quot;}),e.tabHeight=e.tabMore.height(),e.tabMore.css({position:&quot;static&quot;,display:&quot;none&quot;,visibility:&quot;visible&quot;}),e},caculateHeight:function(e){var t=this,n=t.hdWrap.height();0!==t.tabMore.size()&amp;amp;&amp;amp;(e&amp;amp;&amp;amp;&quot;none&quot;==t.tabMore.css(&quot;display&quot;)&amp;amp;&amp;amp;(n=n+t.tabHeight&amp;gt;&amp;gt;0),e&amp;amp;&amp;amp;&quot;block&quot;==t.tabMore.css(&quot;display&quot;)&amp;amp;&amp;amp;(n=n-t.tabHeight&amp;gt;&amp;gt;0));var r=t.showDOM.find(&quot;.c-onlyshow-toppic&quot;);if(r.length&amp;gt;0)if(&quot;zbios&quot;!==page.comm.tn&amp;amp;&amp;amp;(&quot;1&quot;!=page.comm.tabSampling||&quot;1&quot;==page.comm.tabSampling&amp;amp;&amp;amp;page.ishome)){var i=t.tips.height()+n+5;r.css({&quot;padding-top&quot;:i+&quot;px&quot;,&quot;margin-top&quot;:&quot;-&quot;+i+&quot;px&quot;})}else 0&amp;gt;=n&amp;amp;&amp;amp;(n=8);return&quot;zbios&quot;!==page.comm.tn&amp;amp;&amp;amp;(&quot;1&quot;!=page.comm.tabSampling||&quot;1&quot;==page.comm.tabSampling&amp;amp;&amp;amp;page.ishome)&amp;amp;&amp;amp;t.showDOM.css({&quot;padding-top&quot;:n+&quot;px !important&quot;}),t},destroy:function(){var e=this;return e.resets(),e.resetStyle(),e.unbindEvent(),delete page.comm.onlyshow,delete page.comm.sigmaConf,e.execute=1,this},resetStyle:function(){var e=this;return $(e.wrapper).removeClass(&quot;skin-default onlyshow&quot;),$(&quot;#onlyshow-share-js&quot;).remove(),$(e.barDOMQuery).remove(),e.tglDOM.attr(&quot;style&quot;,&quot;&quot;),e.hdWrap.attr(&quot;style&quot;,&quot;&quot;),e.bdWrap.attr(&quot;style&quot;,&quot;&quot;),e.hdWrap.removeClass(&quot;skin-default skin-light skin-dark&quot;),e},switchConfState:function(e){var t=this,r=e&amp;gt;&amp;gt;0,i=t.skin;t.runState=null,t.runState=n,t.runState(r,i)},switchScroll:function(t,n){var r=this,i=t&amp;gt;&amp;gt;0,o=n||!1;switch(i){case 2:r.runState=r.scrollPage;break;case 3:r.runState=e}r.runState(o)}}}(),define(&quot;modules/foldResult&quot;,[&quot;require&quot;],function(){function e(e,t){function n(e){&quot;bottom&quot;===a&amp;amp;&amp;amp;o.startY&amp;gt;e.touches[0].pageY&amp;amp;&amp;amp;(e.preventDefault(),$(this).on(&quot;touchmove&quot;,r).one(&quot;touchend&quot;,i))}function r(e){e.preventDefault(),o.endY=e.touches[0].pageY-o.startY,o.endY&amp;lt;c&amp;amp;&amp;amp;(o.endY=o.endY&amp;lt;=d?d:o.endY),0==$(p.placeholder).size()&amp;amp;&amp;amp;($(&quot;body&quot;).css({background:&quot;#f1f1f1&quot;}),$(f.placeholder).insertAfter($(s.foldBar))),$(this).css({&quot;-webkit-transition-duration&quot;:&quot;0&quot;,&quot;-webkit-transform&quot;:&quot;translate3d(0, &quot;+o.endY+&quot;px, 0)&quot;})}function i(){var e=$(this);e.css({&quot;-webkit-transform&quot;:&quot;translate3d(0,0,0)&quot;,&quot;-webkit-transition-duration&quot;:&quot;0&quot;}),o.endY&amp;lt;c?setTimeout(function(){$(p.placeholder).remove(),l&amp;amp;&amp;amp;l()},300):($(p.placeholder).remove(),$(&quot;body&quot;).css({background:&quot;#f1f1f1&quot;}))}var o={startY:0,endX:0,endY:0},a=&quot;top&quot;,c=-30,u=e,l=t,d=-120,f={placeholder:&#039;&amp;lt;div id=&quot;foldresult-placeholder&quot; class=&quot;c-loading&quot;&amp;gt;&amp;lt;i class=&quot;c-icon&quot;&amp;gt;&amp;amp;#xe780&amp;lt;/i&amp;gt;&amp;lt;p&amp;gt;加载中…&amp;lt;/p&amp;gt;&amp;lt;/div&amp;gt;&#039;},p={placeholder:&quot;#foldresult-placeholder&quot;};u.on(&quot;touchstart&quot;,function(e){a=window.scrollY&amp;gt;=document.body.offsetHeight-window.innerHeight-10?&quot;bottom&quot;:&quot;top&quot;,o.startY=e.touches[0].pageY,$(u).one(&quot;touchmove&quot;,n)}).on(&quot;touchend&quot;,function(){$(u).off(&quot;touchmove&quot;,n).off(&quot;touchmove&quot;,r)})}function t(e){$(s.tglDOM).css({display:&quot;none !important&quot;});for(var t=0,n=s.showDOM.length;n&amp;gt;t;t++)$(s.showDOM[t]).css({display:&quot;block !important&quot;});$(&quot;body&quot;).css({background:&quot;#f1f1f1&quot;}),window.setTimeout(function(){document.body.offsetHeight&amp;lt;window.innerHeight&amp;amp;&amp;amp;$(s.wrapper).css({height:window.innerHeight+&quot;px&quot;}),&quot;undefined&quot;!=typeof e&amp;amp;&amp;amp;e.call()},300)}function n(e){var t=s,n=&#039;&amp;lt;div id=&quot;foldresult-placeholder&quot; class=&quot;c-loading&quot;&amp;gt;&amp;lt;i class=&quot;c-icon&quot;&amp;gt;&amp;amp;#xe780&amp;lt;/i&amp;gt;&amp;lt;p&amp;gt;加载中…&amp;lt;/p&amp;gt;&amp;lt;/div&amp;gt;&#039;;text=&quot;您展开了全部搜索结果&quot;;var e=e||0,r=e?0:300;$(&quot;#foldresult-placeholder&quot;).remove(),$(&quot;body&quot;).css({background:&quot;#f1f1f1&quot;}),e||$(n).insertAfter($(s.foldBar)),setTimeout(function(){if($(t.tglDOM).css({display:&quot;block !important&quot;}),$(t.foldBar).addClass(&quot;fold-tip-after&quot;).html(text),$(&quot;#foldresult-placeholder&quot;).remove(),$(t.tglDOM).trigger(&quot;onlyshowMore&quot;),$(s.wrapper).css({height:&quot;auto&quot;}),$(&quot;body&quot;).css({background:&quot;#f1f1f1&quot;}),navigator.cookieEnabled&amp;amp;&amp;amp;window.sessionStorage){var e=&quot;foldResult_&quot;+window.location.href;window.sessionStorage.getItem(e)||window.sessionStorage.setItem(e,1)}},r)}function r(){$(s.foldBar).off(&quot;click&quot;),$(s.wrapper).off(&quot;touchstart touchmove touchend&quot;)}function i(){$(s.foldBar).on(&quot;click&quot;,function(e){e.preventDefault(),e.stopPropagation(),page.log.send({ct:27,cst:1}),n(),r()})}function o(){$(document.body).height()-($(s.foldBar).offset().top+$(s.foldBar).height())&amp;gt;$(window).height()&amp;amp;&amp;amp;!s.onlyclick&amp;amp;&amp;amp;(s.onlyclick=1,$(s.foldBar).find(&quot;.tip&quot;).html(&quot;点击查看更多搜索结果&quot;)),s.onlyclick||e($(s.wrapper),function(){page.log.send({ct:27,cst:2}),n(),r()})}function a(e){if(0!=$(e.foldBar).length){e.onlyclick=e.onlyclick,e.foldPos=e.foldPos-0,e.foldNum=e.foldNum-0;var r=-1==e.foldNum?$(&quot;.results .result&quot;).length:e.foldPos+e.foldNum;if(e.showDOM=[e.foldBar],$(&quot;#results&amp;gt;div.result&quot;).each(function(t,n){t&amp;gt;=e.foldPos&amp;amp;&amp;amp;r&amp;gt;t||e.showDOM.push(n)}),$.extend(s,{foldPos:e.foldPos,foldBar:e.foldBar,onlyclick:e.onlyclick,showDOM:e.showDOM,tglDOM:e.tglDOM,wrapper:e.wrapper||$(document.body)}),navigator.cookieEnabled&amp;amp;&amp;amp;window.sessionStorage&amp;amp;&amp;amp;1==window.sessionStorage.getItem(&quot;foldResult_&quot;+window.location.href))return void n(1);t(o),i()}}var s={};return a}),require([&quot;modules/foldResult&quot;],function(e){page.on(&quot;init&quot;,function(){var t={tglDOM:&quot;.results &amp;gt; div,.se-page-ft,.se-page-controller,.se-page-copyright&quot;,foldPos:page.comm.foldPos,foldNum:page.comm.foldNum,onlyclick:page.comm.onlyclick,foldBar:&quot;#fold-tip&quot;};e(t)})}),!function(){function e(n,r){Array.isArray(n.subData)&amp;amp;&amp;amp;n.subData.forEach(function(n){var i=new t._Aladdin(n.container,n.data,n.handlers,n.type,r,n.subData);e(n,i)})}var t=window.A,n=t.$=window.$;t.scrollComponentName=&quot;pmd/scroll/scroll&quot;,t.domReady=!1,n(window.document).ready(function(){t.domReady=!0}),t.windowLoaded=!1,n(window).bind(&quot;load&quot;,function(){t.windowLoaded=!0});var r;t.page=function(){return n(&quot;.search-page&quot;)},t.pageHide=function(){n(&quot;.search-page, .se-page-hd&quot;).hide()},t.pageShow=function(){n(&quot;.search-page, .se-page-hd&quot;).show()};var i=function(e){if(!e)return!1;e=e.replace(/&amp;amp;amp;/g,&quot;&amp;amp;&quot;);var t={};return t.query=e.replace(/([^?]+)\?/g,function(e,n){return t.path=n,&quot;&quot;}).replace(/#.*/,function(e){return t.hash=e,&quot;&quot;}),t.params={},t.query.split(&quot;&amp;amp;&quot;).forEach(function(e){var n=e.split(&quot;=&quot;);n[0]&amp;amp;&amp;amp;(t.params[n[0]]=n.length&amp;gt;1?decodeURIComponent(n[1]):&quot;&quot;)}),t};t.getAlaOrder=function(e,t){var n={};switch(t){case&quot;group&quot;:n.gorder=e;break;case&quot;cluster&quot;:n.corder=e;break;default:n.order=e}return n},t.sendLog=function(e,r){var i,o;if(e instanceof t._Aladdin)o=e;else if(!e||!(i=n(e).attr(&quot;initIndex&quot;)))return;var o=o||t.list[i-1],a=n.extend({srcid:o.container.getAttribute(&quot;new_srcid&quot;)||o.srcid,tplname:o.tplName,type:&quot;o&quot;,t:+new Date},r);delete a.src,a.extra&amp;amp;&amp;amp;(a.extra=(&quot;&quot;+a.extra).slice(0,20)),a.title&amp;amp;&amp;amp;(a.title=(&quot;&quot;+a.title).slice(0,10));var s={fm:o.log.fm||&quot;alop&quot;,clk_info:JSON.stringify(a)},c=o.type,u=t.getAlaOrder(o.order,c);s=n.extend(s,u),c||(s.ala_clk=[o.log.ensrcid,o.order,B.comm.pn,B.comm.rn,&quot;o&quot;].join(&quot;_&quot;)),r.src&amp;amp;&amp;amp;(s.src=r.src),t.log.send(t.getLogUrl(s))},t.getLogUrl=function(e){var r=t.log.settings;return r.API_URL+n.param(r.PARAMS)+&quot;&amp;amp;&quot;+n.param(e)},t._Aladdin=function(e,n,r,i,o,a){e&amp;amp;&amp;amp;(this.container=e,this.data=n,this.handlers=r,this.tplName=e.getAttribute(&quot;tpl&quot;),this.srcid=e.getAttribute(&quot;srcid&quot;),this.order=e.getAttribute(&quot;order&quot;),this.type=i||&quot;&quot;,this.parent=o||null,this._subData=a||null,this.log=t.log.list[this.srcid+&quot;_&quot;+this.order]=new Function(&quot;return &quot;+this.container.getAttribute(&quot;data-log&quot;))()||t.log.list[this.srcid+&quot;_&quot;+this.order],t.list.push(this))},t._Aladdin.prototype={constructor:t._Aladdin,find:function(e){return n(e,this.container)},_triggerHandlers:function(){this.handlers.forEach(function(e){if(&quot;function&quot;==typeof e)try{e.call(this)}catch(t){window.console&amp;amp;&amp;amp;console.warn(&quot;error in &quot;+(this.tplName||this.srcid)+&quot;:&quot;+t)}},this)},makeMipLinkPrefix:function(e){e=n.extend(!0,{title:&quot;百度&quot;,pd:&quot;mms_mip&quot;,sfmipoptions:{view:{_hold:2}},tn:&quot;normal&quot;,type:1,actname:&quot;act_sf_mip&quot;,ltj:&quot;l&quot;},e);var t=e.url,r=/^http:\/\//,i=/^https:\/\//,o=&quot;//mipcache.bdstatic.com&quot;;if(e.class&amp;amp;&amp;amp;(e.class=&#039; class=&quot;&#039;+e.class+&#039;&quot;&#039;),!e.url||!e.nsrc)return&quot;&amp;lt;div&quot;+(e.class||&quot;&quot;)+&quot;&amp;gt;&quot;;1===+e.type&amp;amp;&amp;amp;(t=r.test(t)?o+&quot;/c/&quot;+t.replace(r,&quot;&quot;):i.test(t)?o+&quot;/c/s/&quot;+t.replace(i,&quot;&quot;):o+&quot;/c/s/&quot;+t.replace(/^\/\//,&quot;&quot;));var a={url:encodeURIComponent(t),lid:window.B.comm.lid};e.hSt&amp;amp;&amp;amp;(a.hSt=e.hSt);var s=[&quot;http://m.baidu.com&quot;,&quot;/sf?word=&quot;+window.B.comm.query,&quot;&amp;amp;mod=0&quot;,&quot;&amp;amp;tn=&quot;+e.tn,&quot;&amp;amp;pd=&quot;+e.pd,&quot;&amp;amp;actname=&quot;+e.actname,&quot;&amp;amp;title=&quot;+encodeURIComponent(e.title),&quot;&amp;amp;ext=&quot;+encodeURIComponent(JSON.stringify(a))].join(&quot;&quot;);return&quot;zbios&quot;!==B.comm.tn||&quot;zbios&quot;===B.comm.tn&amp;amp;&amp;amp;B.comm.isAndroid||!e.useStub?this.makeSfLinkPrefix({url:s,&quot;class&quot;:&quot;c-blocka&quot;,attr:&quot;data-sf-options=&#039;&quot;+JSON.stringify(e.sfmipoptions)+&quot;&#039;&quot;,is_mip:e.type,cyc:e.cyc,extra:e.extra,ori_url:e.nsrc}):(s=this.makeTcUrl({extra:e.extra,tjType:e.ltj,src:s.replace(&quot;tn=&quot;+e.tn,&quot;tn=nohead&quot;)}),&quot;&amp;lt;a&quot;+(e.class||&quot;&quot;)+&#039; href=&quot;&#039;+s+&#039;&quot;&amp;gt;&#039;)},makeMipLinkSuffix:function(e){return e&amp;amp;&amp;amp;e.url&amp;amp;&amp;amp;e.nsrc?&quot;&amp;lt;/a&amp;gt;&quot;:&quot;&amp;lt;/div&amp;gt;&quot;},makeSfLinkPrefix:function(e){e=n.extend({},e);var t=e.url;if(!t)return&#039;&amp;lt;div class=&quot;&#039;+(e.class||&quot;&quot;)+&#039;&quot;&amp;gt;&#039;;/word=/.test(t)||(t+=&quot;&amp;amp;word=&quot;+window.B.comm.query),/title=/.test(t)||(t+=&quot;&amp;amp;title=&quot;+window.B.comm.query);var r={};e.cyc&amp;amp;&amp;amp;(r.cyc=e.cyc),e.ori_url&amp;amp;&amp;amp;(r.e=e.ori_url),e.is_mip&amp;amp;&amp;amp;(r.m=e.is_mip);var i=t.replace(/^http(s)?:\/\/m.baidu.com/,&quot;&quot;)+&quot;&amp;amp;lid=&quot;+window.B.comm.lid+&quot;&amp;amp;ms=1&quot;;i+=&quot;&amp;amp;frsrcid=&quot;+(n(this.container).attr(&quot;new_srcid&quot;)||n(this.container).attr(&quot;srcid&quot;)),i+=&quot;&amp;amp;frorder=&quot;+this.order;var o=[];e.attr&amp;amp;&amp;amp;o.push(e.attr),e.extra&amp;amp;&amp;amp;o.push(&quot;data-click=&#039;&quot;+JSON.stringify({clk_info:{extra:e.extra}})+&quot;&#039;&quot;),Object.keys(r).length&amp;amp;&amp;amp;o.push(&quot;data-log=&#039;&quot;+JSON.stringify(r)+&quot;&#039;&quot;);var a={tcUrl:this.makeTcUrl({src:location.protocol+&quot;//&quot;+location.host+i,extra:e.extra}),&quot;class&quot;:&quot;WA_LOG_SF&quot;+(e.class?&quot; &quot;+e.class:&quot;&quot;),attr:o.join(&quot; &quot;),sfUrl:i};return&#039;&amp;lt;a {attr} href=&quot;{tcUrl}&quot; data-sf-href=&quot;{sfUrl}&quot; class=&quot;{class}&quot;&amp;gt;&#039;.replace(/{([^}]+)}/g,function(e,t){return a[t]})},makeSfLinkSuffix:function(e){return e&amp;amp;&amp;amp;e.url?&quot;&amp;lt;/a&amp;gt;&quot;:&quot;&amp;lt;/div&amp;gt;&quot;},makeSearchTcUrl:function(e){e=n.extend({sa:&quot;re_&quot;+this.order+&quot;_&quot;+this.srcid,prefix:location.protocol+&quot;//&quot;+location.host},e),&quot;/&quot;===e.prefix.slice(-1)&amp;amp;&amp;amp;(e.prefix=e.prefix.slice(0,-1));var t={sa:e.sa.substr(0,15)};return[&quot;st&quot;,&quot;euri&quot;,&quot;prese&quot;].forEach(function(n){e[n]&amp;amp;&amp;amp;(t[n]=e[n])}),this.makeTcUrl({src:e.prefix+page.utils.link.getSearchUrl(e.word,t),tjType:e.tjType,tj5:e.tj5})},makeTcUrl:function(e){if(!this._parseTcUrl())throw this.tplName+&quot;: makeTcUrl param error&quot;;!e&amp;amp;&amp;amp;(e={});var t=&quot;l&quot;,r=this.srcid+&quot;_&quot;+this.order+&quot;_&quot;+B.comm.pn+&quot;_&quot;+B.comm.rn+&quot;_&quot;;if(e.tjType&amp;amp;&amp;amp;(t=e.tjType,delete e.tjType),e.tj5)e.tj=r+e.tj5,delete e.tj5;else{if(!this._tjType[t]){var i={};i[t]=0,this.setTjType(i)}e.tj=r+t+this._tjType[t]++}var o=n.extend({},this._tcUrlObj.params,e);n.each(o,function(e,t){(void 0===t||null===t||&quot;&quot;===t)&amp;amp;&amp;amp;delete o[e]}),o.src||o.nsrc||(o.src=&quot;&quot;);var a=n.param(o);return this._tcUrlObj.path+&quot;?&quot;+a},setTjType:function(e){var t=this._tjType;this._tjType||(t=this._tjType={}),n.each(e,function(e,n){t[e]=+n?+n:1})},_parseTcUrl:function(){if(this._tcUrlObj)return!0;var e=this.data._tcUrl;if(!e)return!1;e=e.replace(/&amp;amp;amp;/g,&quot;&amp;amp;&quot;);var t,n=i(e);if(t=n.params.tj){var r,o=t&amp;amp;&amp;amp;t.split(&quot;_&quot;)[4];if(r=o.match(/(\w+)(\d+)/)){var a={};a[r[1]]=r[2],this.setTjType(a)}}return!this._tjType&amp;amp;&amp;amp;this.setTjType({l:0}),this._tcUrlObj=n,!0},makeTimg:function(e){if(!r||!e.src)throw this.tplName+&quot;:makeTimg param error!&quot;;var t;if(e.notimg)t=B.https.domain.get(e.src);else{var i=n.extend({},r.params,{size:e.cuttype||void 0,quality:e.size||void 0,src:e.src,di:e.di,sec:e.sec});t=r.path+&quot;?&quot;+n.param(i)}var o={type:e.type||&quot;s&quot;,imgattr:e.imgattr||&quot;src&quot;,src:t};return&#039;&amp;lt;div class=&quot;c-img c-img-${type}&quot;&amp;gt;&amp;lt;img ${imgattr}=&quot;${src}&quot;/&amp;gt;&amp;lt;/div&amp;gt;&#039;.replace(/\$\{([^}]+)\}/g,function(e,t){return o[t]||&quot;&quot;})},widget:function(e,t){var n=this;if(n.widgetList=n.widgetList||{},&quot;function&quot;==typeof t){var r=new t;r.$el=n.$(&#039;[data-id=&quot;&#039;+e+&#039;&quot;]&#039;),r.$=function(e){return this.$el.find(e)},r.init(),n.widgetList[e]=r}},sendLog:function(e){t.sendLog(this,e)},getClickInfo:function(){return B&amp;amp;&amp;amp;B.comm&amp;amp;&amp;amp;B.comm.clickInfo},addLogData:function(e,t){var r=n(e);r.attr({srcid:this.srcid||&quot;&quot;,initIndex:this.container.initIndex||&quot;&quot;,pageIndex:t||null}).addClass(&quot;WA_LOG_MIDPAGE&quot;)}};var o=function(e,t,n,r){e&amp;amp;&amp;amp;r&amp;amp;&amp;amp;(this.container=e,this.data=t,this.handlers=n,this.parent=r,this.srcid=e.getAttribute(&quot;santaid&quot;),this.order=e.getAttribute(&quot;order&quot;),!r.santaList&amp;amp;&amp;amp;(r.santaList=[]),r.santaList.push(this))},a=t._Aladdin.prototype;o.prototype={constructor:o,find:a.find,_triggerHandlers:a._triggerHandlers,makeTcUrl:function(e){return this.parent.makeTcUrl(e)},makeTimg:function(e){return this.parent.makeTimg(e)},sendLog:function(e){e.santa_order||(e.santa_order=this.order),this.parent.sendLog(e)}},t._init=function(){B.comm.timgPre&amp;amp;&amp;amp;(r=i(B.comm.timgPre)),t._initstart=!0,t._alaData.forEach(function(n){var r=new t._Aladdin(n.container,n.data,n.handlers,n.type,null,n.subData);Array.isArray(n.santaData)&amp;amp;&amp;amp;n.santaData.forEach(function(e){new o(e.container,e.data,e.handlers,r)}),e(n,r)}),t._tmpAlaData=[],t.list.forEach(function(e){e._triggerHandlers(),e.santaList&amp;amp;&amp;amp;e.santaList.forEach(function(e){e._triggerHandlers()})})},t._ajax={settings:{DOMAIN:&quot;m.baidu.com&quot;,API_URL:&quot;//m.baidu.com/openapi?&quot;,ERR_URL:&quot;//open.baidu.com/stat/al_e.gif?ajax_err_url=&quot;,PARAMS:{tn:&quot;wisexmlnew&quot;,dsp:&quot;iphone&quot;,ie:&quot;utf-8&quot;,oe:&quot;utf-8&quot;,format:&quot;json&quot;},TIMEOUT:15e3},jsonpID:1,jsonp:function(e,r){var i=r||{},o=t._ajax.settings,a=document.createElement(&quot;script&quot;),s=+new Date,c=&quot;wise_aladdin_callback_&quot;+t._ajax.jsonpID++,u=[e,&quot;&amp;amp;&quot;,i.cb||&quot;cb&quot;,&quot;=&quot;,c,&quot;&amp;amp;__t=&quot;,s].join(&quot;&quot;),l=function(){clearTimeout(d),n(a).remove(),window[c]=null,delete window[c]},d=setTimeout(function(){l(),i.timeout&amp;amp;&amp;amp;i.timeout(),t.log.send(o.ERR_URL+u)},i.TIMEOUT||o.TIMEOUT);window[c]=function(e){l(),e&amp;amp;&amp;amp;(0==e.status?i.success&amp;amp;&amp;amp;i.success(e.data):i.error&amp;amp;&amp;amp;i.error(e.status)),i.callback&amp;amp;&amp;amp;i.callback(e)},a.charset=i.oe||o.PARAMS.oe,a.src=u,n(&quot;head&quot;).append(a)}},t._Aladdin.prototype.$=function(e){return n(e,this.container)},t._Aladdin.prototype.$$=function(e){return this.$(e).first()},t._Aladdin.prototype.jsonp=function(e,n){t._ajax.jsonp(e,n)},t._Aladdin.prototype.ajax=function(e,r,i){var o=&quot;object&quot;==typeof e?e:i||{},a=t._ajax.settings,s=n.extend({},a.PARAMS,{query:o.query||e,resource_id:o.resource_id||r},o.params||{}),c=o.url||a.API_URL+n.param(s);n.ajax&amp;amp;&amp;amp;a.DOMAIN===window.document.domain?(c=[c,&quot;&amp;amp;t=&quot;,+new Date].join(&quot;&quot;),n.ajax({url:c,dataType:s.format,timeout:o.TIMEOUT||a.TIMEOUT,success:function(e){e&amp;amp;&amp;amp;(0==e.status?o.success&amp;amp;&amp;amp;o.success(e.data):o.error&amp;amp;&amp;amp;o.error(e.status))},error:function(e,n){&quot;timeout&quot;===n?o.timeout&amp;amp;&amp;amp;o.timeout():o.error&amp;amp;&amp;amp;o.error(n),t.log.send(a.ERR_URL+c)}})):this.jsonp(c,o)},B.on(&quot;stop&quot;,function(){t.list=[],t._alaData=[],t._initstart=!1}),B.on(&quot;init&quot;,function(){t._init()})}(),function(){function e(e,t){if(t=t||function(){},l[e])return void t();l[e]=1;var n=s.createElement(&quot;link&quot;);n.rel=&quot;stylesheet&quot;,n.type=&quot;text/css&quot;,n.href=e,c.appendChild(n),t()}function t(e,t){if(t=t||function(){},l[e])return void t();if(d[e]&amp;amp;&amp;amp;f[e])return void f[e].push(t);d[e]=1;var n=f[e]=f[e]||[];n.push(t);var r=s.createElement(&quot;script&quot;);r.type=&quot;text/javascript&quot;,r.src=e,r.charset=&quot;utf-8&quot;,r.unique=u,r.onload=r.onreadystatechange=function(){if(!this.readyState||&quot;complete&quot;===this.readyState||&quot;loaded&quot;===this.readyState){if(u!=r.unique)return!1;for(;n.length;)try{n.shift()()}catch(t){}d[e]=null,delete d[e],f[e]=null,delete f[e],l[e]=1,r.onload=r.onreadystatechange=null}},c.appendChild(r)}function n(e,t){var n=(new Date).getTime();if(!/http[s]?:\/\//i.test(e)){var r=t||{},i=e.split(/[-\.]/),a=i[0],s=i[1]&amp;gt;0&amp;amp;&amp;amp;i[1]||0,c=r.type||&quot;css&quot;===(i[2]||i[1])&amp;amp;&amp;amp;&quot;css&quot;||&quot;js&quot;,u=s&amp;amp;&amp;amp;a+&quot;-&quot;+s||a;e=[o.alaPrefix,r.path||&quot;&quot;,a,&quot;/&quot;,u,&quot;.&quot;,c].join(&quot;&quot;)}return e+=e.indexOf(&quot;?&quot;)&amp;gt;0?&quot;&amp;amp;&quot;:&quot;?&quot;,e+=&quot;ts=&quot;+n}function r(i,o,a){var s=&quot;string&quot;==typeof i?i.split(/\s*,\s*/):i;if(s.length&amp;gt;1)if(o)r(s.shift(),function(){s.length&amp;gt;0&amp;amp;&amp;amp;r(s,o,a)},a);else for(;s.length;)r(s.shift(),a);else{var c=n(s[0],a);/\.js$|\?/i.test(c)?t(c,o):e(c,o)}}function i(e,t,n,i){var s=i||{};o.windowLoaded||s.useImmediately?r(e,t,n):a(window).one(&quot;load&quot;,function(){o.windowLoaded=!0,r(e,t,n)})}var o=window.A,a=o.$,s=window.document,c=s.getElementsByTagName(&quot;head&quot;)[0],u=(new Date).getTime(),l=o.loaded={},d={},f={};o.ui={},o.alaPrefix=&quot;//m.baidu.com/static/ala/&quot;,B.on(&quot;stop&quot;,function(){l=o.loaded={},d={},f={},u=(new Date).getTime()}),o.use=function(e,t,n){i(e,t,{path:&quot;ui/&quot;},n)},o.useUI2=function(e,t,n){i(e,t,{path:&quot;ui2/&quot;},n)},o.js=function(e,t,n){i(e,t,{type:&quot;js&quot;},n)},o.css=function(e,t,n){var r=n||{useImmediately:1};i(e,t,{type:&quot;css&quot;},r)}}(),function(){var e=window.A,t=e.$,n=e.log,r=n.settings,i=&quot;m.baidu.com&quot;,o=/c_\w+_\d+/i,a=&quot;WA_LOG_&quot;,s=[&quot;TAB&quot;,&quot;BTN&quot;,&quot;SF&quot;,&quot;MSC&quot;,&quot;OTHER&quot;],c={TAB:&quot;t&quot;,BTN:&quot;b&quot;,SF:&quot;sf&quot;,MSC:&quot;msc&quot;,OTHER:&quot;o&quot;},u=function(e,t,n){if(n=n||[],t=t||document,e===t||!e||!t)return n;e.parentNode!=t&amp;amp;&amp;amp;(n=u(e.parentNode,t,n));for(var r=1,i=e.previousSibling;i;)1===i.nodeType&amp;amp;&amp;amp;i.nodeName===e.nodeName&amp;amp;&amp;amp;r++,i=i.previousSibling;return 1===e.nodeType&amp;amp;&amp;amp;n.push(e.nodeName.toLowerCase()+(r&amp;gt;1?r:&quot;&quot;)),n},l=function(){return(new Date).getTime()},d=function(e,n){for(var r,i,c=!0,u=[],l=&quot;&quot;,d=e,f=t(d);c&amp;amp;&amp;amp;d&amp;amp;&amp;amp;d!==n;){if(f.attr(&quot;data-nolog&quot;)){c=!1;break}(r=f.attr(&quot;data-click&quot;))&amp;amp;&amp;amp;(u.push(r),/[&#039;&quot;]?sto[&#039;&quot;]?:/.test(r)&amp;amp;&amp;amp;o.test(r)&amp;amp;&amp;amp;(l=new Function(&quot;return &quot;+r)().sto,i=f)),d=d.parentNode,f=t(d)}if(c){for(var p,h,m,g,d=e,v=s.length;!p&amp;amp;&amp;amp;d&amp;amp;&amp;amp;d!==n;){for(var w=0;v&amp;gt;w;w++)if(t(d).hasClass(a+s[w])){p=s[w],g=d;break}d=d.parentNode}if(p&amp;amp;&amp;amp;(t.each(t(&quot;.&quot;+a+p,t(n)),function(e,t){return t===g?(h=e+1,!1):void 0}),i&amp;amp;&amp;amp;t.each(t(&quot;.&quot;+a+p,i),function(e,t){return t===g?(m=e+1,!1):void 0}),h||m))return{isLog:c,type:p,index:h,sto:l,sIndex:m,overrideData:u}}return null},f=function(t,n,r,i,o,a){var s,u=t.getAttribute(&quot;initIndex&quot;);u&amp;amp;&amp;amp;(s=e.list[u-1])&amp;amp;&amp;amp;(o.ref=0,o.xpath=n,o.t=r,a&amp;amp;&amp;amp;(o.type=c[a]||a.charAt(0).toLowerCase()),i&amp;amp;&amp;amp;(o.title=i),e.sendLog(s.container,o))},p=function(e,n){if(!e)return JSON.stringify(n);try{var r=&quot;string&quot;==typeof e?JSON.parse(e):e;return t.extend(r,n),JSON.stringify(r)}catch(i){return e}},h=function(s,h,m,g){var v=s,w=t(h),b=w.attr(&quot;srcid&quot;),y=w.attr(&quot;order&quot;),x=w.attr(&quot;type&quot;),_=b+&quot;_&quot;+y,k=e.getAlaOrder(y,x);if(!n.list[_]){var S=new Function(&quot;return &quot;+h.getAttribute(&quot;data-log&quot;))();if(!S)return;n.list[_]=S}var $=+new Date,T=d(s,h);if(T&amp;amp;&amp;amp;T.isLog){var A=u(s,g?g.get(0):h).join(&quot;-&quot;).slice(0,100),O=l();if(w.hasClass(a+&quot;MIDPAGE&quot;)){var E={};T.overrideData&amp;amp;&amp;amp;t.each(T.overrideData.reverse(),function(e,n){t.extend(E,new Function(&quot;return &quot;+n)())}),f(h,A,O,t(s).text()||&quot;&quot;,E,T.type)}else{var C=r.sPARAMS.pn,q=r.sPARAMS.rn,R=r.API_URL+t.param(r.PARAMS)+&quot;&amp;amp;&quot;,I=n.list[_],U=[I.ensrcid,I.order,C,q].join(&quot;_&quot;),j=new RegExp(U),E={},M=T&amp;amp;&amp;amp;c[T.type]||&quot;o&quot;;for(I.fm&amp;amp;&amp;amp;(E.fm=I.fm),E=t.extend(E,k),I.ala_appid&amp;amp;&amp;amp;(E.ala_appid=I.ala_appid),I.waplogo&amp;amp;&amp;amp;(E.waplogo=I.waplogo),T.index&amp;amp;&amp;amp;(E.ala_clk=[U,M+T.index].join(&quot;_&quot;)),T.sIndex&amp;amp;&amp;amp;(E.sto=&quot;&quot;),E.src=I.mu||i;v&amp;amp;&amp;amp;v.nodeName&amp;amp;&amp;amp;&quot;a&quot;!==v.nodeName.toLowerCase()&amp;amp;&amp;amp;v!=h;)v=v.parentNode;var D=t(v),L=D.data(&quot;log&quot;)||{};L.e&amp;amp;&amp;amp;(delete E.src,E.nsrc=L.e,E.bdenc=1),L.c&amp;amp;&amp;amp;(E.cyc=L.c),I.laid&amp;amp;&amp;amp;(E.laid=I.laid),E.ala_clk_t=t(s).text().slice(0,20),T.overrideData.length&amp;gt;0&amp;amp;&amp;amp;(t.each(T.overrideData.reverse(),function(e,n){E=t.extend(E,new Function(&quot;return &quot;+n)())}),E.ala_clk&amp;amp;&amp;amp;!j.test(E.ala_clk)&amp;amp;&amp;amp;1===E.ala_clk.split(&quot;_&quot;).length&amp;amp;&amp;amp;(E.ala_clk=[U,E.ala_clk].join(&quot;_&quot;))),E.sto&amp;amp;&amp;amp;(o.test(E.sto)?T.sIndex&amp;amp;&amp;amp;(E.sto=[E.sto,M+T.sIndex].join(&quot;_&quot;)):E.sto=[T.sto,E.sto].join(&quot;_&quot;)),E.sec=$;var P={srcid:w.attr(&quot;new_srcid&quot;)|b,tplname:w.attr(&quot;tpl&quot;),t:O};L.m&amp;amp;&amp;amp;(P.mip=1),g?(P.s_xpath=A,P.s_order=g.attr(&quot;order&quot;)):P.xpath=A,P.type=M||&quot;o&quot;,E.clk_info=p(E.clk_info,P),x&amp;amp;&amp;amp;delete E.ala_clk,B&amp;amp;&amp;amp;B.comm&amp;amp;&amp;amp;B.comm.logInfoList&amp;amp;&amp;amp;(B.comm.logInfoList[m]={logUrl:R,data:E})}}},m=function(e,n,r){for(var i=e,o=t(n);i&amp;amp;&amp;amp;i.nodeName&amp;amp;&amp;amp;&quot;a&quot;!==i.nodeName.toLowerCase()&amp;amp;&amp;amp;i!=n;)i=i.parentNode;if(i&amp;amp;&amp;amp;i.href&amp;amp;&amp;amp;i.href.search(/.baidu.com.*?tc\?/)&amp;gt;-1){var a=i.href.match(/clk_info=([^&amp;amp;#]+)/),s={srcid:o.attr(&quot;new_srcid&quot;)||o.attr(&quot;srcid&quot;),tplname:o.attr(&quot;tpl&quot;),t:l()},c=o.attr(&quot;sig&quot;);c&amp;amp;&amp;amp;(s.sig=c),r?(s.s_xpath=u(e,r.get(0)).join(&quot;-&quot;).slice(0,100),s.s_order=r.attr(&quot;order&quot;)):s.xpath=u(e,n).join(&quot;-&quot;).slice(0,100);var d=encodeURIComponent(p(a&amp;amp;&amp;amp;decodeURIComponent(a[1]),s));B&amp;amp;&amp;amp;B.comm&amp;amp;&amp;amp;(B.comm.clickInfo=&quot;&amp;amp;clk_info=&quot;+d),a?i.href=i.href.replace(/clk_info=([^&amp;amp;#]+)/,&quot;clk_info=&quot;+d):i.href+=&quot;&amp;amp;clk_info=&quot;+d}return!0};t(window.document.body).bind({touchend:function(e){var n=e.target,r=t(n),i=r.parents(&quot;[srcid]&quot;)||r;if(n&amp;amp;&amp;amp;i.attr(&quot;srcid&quot;)&amp;amp;&amp;amp;!i.parents(&quot;#super-frame&quot;).length){var o=&quot;k&quot;+(new Date).getTime()+parseInt(89999*Math.random()+1e4,10),a=t(n).parents(&quot;[santaid][order]&quot;),s=!!a.length&amp;amp;&amp;amp;a;window.page&amp;amp;&amp;amp;page.utils&amp;amp;&amp;amp;page.utils.getEventSignature&amp;amp;&amp;amp;&quot;function&quot;==typeof page.utils.getEventSignature&amp;amp;&amp;amp;i.attr(&quot;sig&quot;,page.utils.getEventSignature(e)),r.attr(&quot;data-domkey&quot;,o)&amp;amp;&amp;amp;m(n,i.get(0),s)&amp;amp;&amp;amp;h(n,i.get(0),o,s)}}});var g=&quot;origin-url&quot;,v=&quot;href&quot;;t(window.document.body).bind({click:function(e){var r=e.target,i=t(r),o=1;r&amp;amp;&amp;amp;i.parents(&quot;.result&quot;).length&amp;amp;&amp;amp;window._flyflowNative&amp;amp;&amp;amp;window._flyflowNative.exec&amp;amp;&amp;amp;window._flyflowNative.exec(&quot;bd_wise&quot;,&quot;onMessage&quot;,JSON.stringify({type:1,searchid:page.comm.lid}),null),window.page&amp;amp;&amp;amp;page.utils&amp;amp;&amp;amp;page.utils.getEventSignature&amp;amp;&amp;amp;&quot;function&quot;==typeof page.utils.getEventSignature&amp;amp;&amp;amp;(o=page.utils.getEventSignature(e));var a=i.attr(&quot;data-domkey&quot;);if(!a){var s=i.parents(&quot;[srcid]&quot;)||i;if(r&amp;amp;&amp;amp;s.attr(&quot;srcid&quot;)&amp;amp;&amp;amp;!s.parents(&quot;#super-frame&quot;).length){var a=&quot;k&quot;+(new Date).getTime()+parseInt(89999*Math.random()+1e4,10),c=t(r).parents(&quot;[santaid][order]&quot;),u=!!c.length&amp;amp;&amp;amp;c;i.attr(&quot;data-domkey&quot;,a)&amp;amp;&amp;amp;m(r,s.get(0),u)&amp;amp;&amp;amp;h(r,s.get(0),a,u)}}var l=&quot;&quot;+i.closest(&quot;a&quot;,&quot;.result&quot;).data(&quot;sf-href&quot;),d=l?decodeURIComponent(l).split(&quot;?&quot;)[0]:&quot;&quot;;if(d=d.slice(0,20),a=i.data(&quot;domkey&quot;),B&amp;amp;&amp;amp;B.comm&amp;amp;&amp;amp;B.comm.logInfoList&amp;amp;&amp;amp;B.comm.logInfoList[a]){var f=B.comm.logInfoList[a];f.data&amp;amp;&amp;amp;f.logUrl&amp;amp;&amp;amp;(f.data.clk_info=p(f.data.clk_info,{sig:o,sfpath:d}),n.send(f.logUrl+t.param(f.data)))}var w=i.attr(g),b=i.parents(&quot;[&quot;+g+&quot;]&quot;),y=i.attr(v),x=i.parents(&quot;[&quot;+v+&quot;]&quot;);if(r&amp;amp;&amp;amp;i.parents(&quot;.result&quot;).length&amp;amp;&amp;amp;(w||b.length)&amp;amp;&amp;amp;(y||x.length)){var _=w||b.attr(g),k=y||x.attr(v);if(!_||_===k)return;require([&quot;uiamd/bdbox/util&quot;],function(t){var n=t.sendLogByBox(k,_);n&amp;amp;&amp;amp;e.preventDefault()})}}})}(),define(&quot;sf/controller&quot;,[&quot;require&quot;],function(){function e(){function e(){return deferred=$.Deferred(),deferred.resolve(),$.each(n,function(){var e=this;deferred=deferred.then(function(){return e()})}),n=[],deferred}function t(e,t){var r=2 in arguments&amp;amp;&amp;amp;Array.prototype.slice.call(arguments,2);&quot;function&quot;==typeof e&amp;amp;&amp;amp;n.push(function(){return e.apply(t,r?r:[])})}var n=[];return{push:t,excute:e}}function t(e,t){if(r.hasOwnProperty(e)){var n=r[e];n.destroy(t)}}var n={},r={};n.regist=function(e,t){var n=this.create(t);r[e]=n},n.create=function(e){return i(e)},n.run=function(n,i){proxyList=[];var o=new e;if(r.hasOwnProperty(n)){var a=r[n];o.push(a.beforeActivity,a,i),o.push(a.doActivity,a,i),o.push(a.afterActivity,a,i)}return r.hasOwnProperty(n)&amp;amp;&amp;amp;n!==(i.last&amp;amp;&amp;amp;i.last.path)&amp;amp;&amp;amp;o.push(t,this,i.last.path,i),r.hasOwnProperty(n)&amp;amp;&amp;amp;o.push(a.ready,a,i),o.excute()},n.remove=function(e){r.hasOwnProperty(e)&amp;amp;&amp;amp;delete r[e]};var i=function(e){var t={};return t.doActivity=e.doActivity||function(){},t.beforeActivity=e.beforeActivity||function(){},t.afterActivity=e.afterActivity||function(){},t.destroy=e.destroy||function(){},t.ready=e.ready||function(){},t};return n}),page.init(function(){$(document).ready(function(){page&amp;amp;&amp;amp;page.activity&amp;amp;&amp;amp;page.activity.start()})}),define(&quot;modules/asyn&quot;,[&quot;require&quot;],function(){return function(e){var t=e.rset||&quot;&quot;,n=e.word?encodeURIComponent(e.word):page.comm.query,r=e.cb&amp;amp;&amp;amp;&quot;function&quot;==typeof e.cb?e.cb:null,i=e.fail&amp;amp;&amp;amp;&quot;function&quot;==typeof e.fail?e.fail:null;if(t&amp;amp;&amp;amp;-1!==$.inArray(t,[&quot;ad&quot;,&quot;rcmd&quot;,&quot;srcmd&quot;])&amp;amp;&amp;amp;n){var o=[&quot;adext&quot;],a=&quot;&quot;;a+=&quot;&amp;amp;platform=wise&quot;,a+=&quot;&amp;amp;ms=1&quot;,a+=&quot;&amp;amp;rset=&quot;+encodeURIComponent(t),a+=&quot;&amp;amp;word=&quot;+n,a+=&quot;&amp;amp;qid=&quot;+encodeURIComponent(page.comm.lid),a+=&quot;&amp;amp;rq=&quot;+page.comm.query,a+=&quot;&amp;amp;from=&quot;+encodeURIComponent(page.comm.from),a+=&quot;&amp;amp;baiduid=&quot;+encodeURIComponent(page.cookie(&quot;BAIDUID&quot;)),a+=&quot;&amp;amp;tn=&quot;+encodeURIComponent(page.comm.tn),a+=&quot;&amp;amp;clientWidth=&quot;+document.body.clientWidth,a+=&quot;&amp;amp;t=&quot;+encodeURIComponent((new Date).getTime());for(var s=&quot;&quot;,c=0;4&amp;gt;c;c++)s+=Math.floor(10*Math.random());a+=&quot;&amp;amp;r=&quot;+s;for(var c=0;c&amp;lt;o.length;c++){var u=o[c];e[u]&amp;amp;&amp;amp;(a+=&quot;&amp;amp;&quot;+u+&quot;=&quot;+encodeURIComponent(e[u]))}$.ajax({url:&quot;/rec&quot;,dataType:&quot;json&quot;,data:a,timeout:3e3,success:function(e){if(r){if(e&amp;amp;&amp;amp;0===e.psstatus&amp;amp;&amp;amp;0===e.errcode)return void r(e);i&amp;amp;&amp;amp;e&amp;amp;&amp;amp;i(e)}},error:function(e){i&amp;amp;&amp;amp;e&amp;amp;&amp;amp;i(e)}})}}}),require([&quot;modules/asyn&quot;],function(e){page.asyn=e}),define(&quot;modules/coco_ui&quot;,[&quot;require&quot;],function(){var e={};e.COCO_UI={initdata:[],ui:{},config:{},run:function(t,n,r){return e.COCO_UI[t]?(e.COCO_UI.initdata[r.id]=r,e.COCO_UI.ui[r.id]=new e.COCO_UI[t](n,r),e.COCO_UI.ui[r.id]):void 0},get:function(e,t,n){var r=document.createElement(&quot;script&quot;);r.src=n?e:&quot;//m.baidu.com/static/search/uibase/&quot;+e,r.onload=t,$(&quot;head&quot;).append(r)},addStyle:function(e,t){var n=$(&quot;body&quot;);if(!$(&quot;#&quot;+t+&quot;-style&quot;).length){var r=document.createElement(&quot;style&quot;);r.setAttribute(&quot;type&quot;,&quot;text/css&quot;),r.setAttribute(&quot;class&quot;,&quot;sigma-tabs-style&quot;),r.id=t+&quot;-style&quot;,r.appendChild(document.createTextNode(e)),n.append(r)}},tplConnect:function(t,n){var r=&quot;&quot;;return r=t.replace(/\{([\w|\[|\]]+)\}/gi,function(t,r){return void 0!==n[r]?n[r]:void 0!==e.COCO_UI.config[r]?e.COCO_UI.config[r]:t=t.replace(/\w+\[(\w+)\]/gi,function(e,t){return t})})}},e.startup=function(){$(&quot;.coco-auto&quot;).each(function(){var t=new Function(&quot;return &quot;+this.getAttribute(&quot;wiseui&quot;))();t.id&amp;amp;&amp;amp;t.type&amp;amp;&amp;amp;e.COCO_UI.run(t.type,this,t)})};var t={};return e.channel={listen:function(e,n){t[e]?t[e].push(n):t[e]=[n]},broadcast:function(e,n){if(e in t){var r=t[e].slice();!function i(){for(var e;e=r.shift();)try{e(n),e=null}finally{e&amp;amp;&amp;amp;i()}}()}}},e}),require([&quot;modules/coco_ui&quot;],function(e){page.COCO_UI=e.COCO_UI,page.coco_channel=e.channel,$(e.startup)}),define(&quot;modules/geolocation&quot;,[&quot;require&quot;],function(){function e(e,t,n){navigator.geolocation||r(t,{error:2});var i=null,o=!1;navigator.geolocation.getCurrentPosition(function(t){clearTimeout(i),r(e,t.coords)},function(e){o||(o=!0,clearTimeout(i),e.code===e.PERMISSION_DENIED?r(t,{error:4}):r(t,{error:2}))},{timeout:n,maximumAge:0,enableHighAccuracy:!0}),i=setTimeout(function(){o||(o=!0,clearTimeout(i),r(t,{error:2}))},n)}function t(e,t,n,o){page.log.send({ct:11,cst:1,clk_from:&quot;sgeo&quot;});var s=0,u=2,l=function(e,t,n,o){a({url:c,data:{ptype:1,xyr:e.longitude+&quot;_&quot;+e.latitude+&quot;_&quot;+e.accuracy,addr:&quot;city|district|street|city_code&quot;},timeout:o,onSuccess:function(a){if(void 0!==a){var c=a.point,d=a.addr;if(c&amp;amp;&amp;amp;d&amp;amp;&amp;amp;d.city_code){var f=new i(c.x,c.y,e.accuracy,d.city_code,void 0,a.address,a.address,d);return r(t,f.output())}}return u&amp;gt;s?(s++,l(e,t,n,o)):r(n)},onFail:n})};l(e,t,n,o)}function n(e,t,n,o){a({url:u,data:{x:e.longitude,y:e.latitude},timeout:o,onSuccess:function(o){var a=o&amp;amp;&amp;amp;o.content,s=a&amp;amp;&amp;amp;a.address_detail,c=s&amp;amp;&amp;amp;s.city_code;if(a&amp;amp;&amp;amp;a.surround_poi,a&amp;amp;&amp;amp;s&amp;amp;&amp;amp;c&amp;amp;&amp;amp;0!==c){var u=new i(e.longitude,e.latitude,e.accuracy,c,void 0,a.address,a.address,{city:s.city,district:s.district,street:s.street,cityCode:c});r(t,u.output())}else r(n)},onFail:n})}function r(e,t,n){&quot;function&quot;==typeof e&amp;amp;&amp;amp;e(t,n)}function i(e,t,n,r,i,o,a,s){this.x=parseFloat(e),this.y=parseFloat(t),this.accuracy=parseFloat(n),this.cityCode=parseInt(r,10),this.timestamp=parseInt(i,10)||&quot;&quot;,this.name=o||&quot;&quot;,this.address=a||&quot;&quot;,this.addr=s||void 0}function o(e){for(var t=[].slice.call(arguments,1),n=0;n&amp;lt;t.length;n++)for(var r in t[n])e[r]=t[n][r];return e}function a(e){var t={timeout:8e3,data:{},onSuccess:null,onFail:null};e=o({},t,e);var n=&quot;geojsonp&quot;+ ++f;e.data.callback=n;var i=!1,a=setTimeout(function(){delete window[n],i=!0,r(e.onFail)},e.timeout);window[n]=function(t){clearTimeout(a),i||(r(e.onSuccess,t),delete window[n])};var s=e.url+(e.url.indexOf(&quot;?&quot;)+1?&quot;&amp;amp;&quot;:&quot;?&quot;),c=[];for(var u in e.data)c.push(u+&quot;=&quot;+encodeURIComponent(e.data[u]));s+=c.join(&quot;&amp;amp;&quot;);var l=document.createElement(&quot;script&quot;);l.onerror=function(){clearTimeout(a),r(e.onFail)},l.type=&quot;text/javascript&quot;,l.src=s,document.getElementsByTagName(&quot;head&quot;)[0].appendChild(l)}var s,c=&quot;http://aladdin.wapmap.baidu.com/plugin&quot;,u=&quot;http://api.map.baidu.com/?qt=rgc&amp;amp;dis_poi=100&amp;amp;poi_num=10&amp;amp;ie=utf-8&amp;amp;oue=1&amp;amp;res=api&quot;,l={autoLoc:{expireTime:0,onlyFromCookie:!1,onlyFromHTML5:!1,onlyFromNative:!1,autoSaveToCookie:!0,html5Timeout:8e3,nativeTimeout:8e3,onSuccess:null,onFail:null},search:{timeout:8e3,onSuccess:null,onFail:null}};-1!==location.protocol.indexOf(&quot;https&quot;)&amp;amp;&amp;amp;(c=&quot;https://sp2.baidu.com/90gHaDqh_cgXo1ufo-zN2TxrfQVwcu8e/plugin&quot;,u=&quot;https://sp2.baidu.com/9_Q4sjOpB1gCo2Kml5_Y_D3/?qt=rgc&amp;amp;dis_poi=100&amp;amp;poi_num=10&amp;amp;ie=utf-8&amp;amp;oue=1&amp;amp;res=api&quot;);var d={getPosition:function(n){n=o({},l.autoLoc,n);var i=n.expireTime;if(i&amp;gt;0||0===i&amp;amp;&amp;amp;n.onlyFromCookie===!0){var a=s.get();if(a&amp;amp;&amp;amp;(parseInt(Date.now(),10)-a.timestamp&amp;lt;=i||0===i))return void r(n.onSuccess,a.output(),{from:&quot;cookie&quot;})}if(n.onlyFromCookie===!0)return void r(n.onFail,{error:1});var c=this,u=/android/i.test(navigator.userAgent);n.onlyFromHTML5||!n.onlyFromNative?e(function(e){t(e,function(e){n.autoSaveToCookie===!0&amp;amp;&amp;amp;(e=c.savePosition(e)),r(n.onSuccess,e,{from:&quot;html5&quot;})},function(){u&amp;amp;&amp;amp;!n.onlyFromHTML5?r(n.onFail,{error:3}):r(n.onFail,{error:3})},n.html5Timeout)},function(e){u&amp;amp;&amp;amp;!n.onlyFromHTML5?r(n.onFail,{error:3}):r(n.onFail,e)},n.html5Timeout):r(n.onFail,{error:3})},searchAddress:function(e,t,n){n=o({},l.search,n,{addr:e||&quot;&quot;,city_code:t||0}),page.log.send({ct:11,cst:1,clk_from:&quot;sgeo&quot;}),a({url:c,data:{ptype:2,addr:e||&quot;&quot;,city_code:t||0},timeout:n.timeout,onSuccess:function(e){var t=[];if(e&amp;amp;&amp;amp;e.content)for(var o=e.current_city.code,a=[].concat(e.content),s=0;s&amp;lt;a.length;s++){var c,u,l=a[s],d=l.geo.split(&quot;|&quot;)[2].replace(&quot;;&quot;,&quot;&quot;).split(&quot;,&quot;);null!=l.city_type?c=u=l.cname:(c=l.name,u=l.addr);var f=new i(d[0],d[1],200,o,void 0,c,u);t.push(f.output())}r(n.onSuccess,t)},onFail:function(){r(n.onFail,{error:1})}})},savePosition:function(e){return s.set(e)},clearPosition:function(){return s.remove()},mercatorToAddress:function(e){var t={timeout:8e3,onSuccess:null,onFail:null};e=o({},t,e),n({longitude:e.x,latitude:e.y,accuracy:e.accuracy},function(t){t.accuracy=t.accuracy||200,r(e.onSuccess,t)},function(){r(e.onFail,{error:1})},e.timeout)}};i.prototype.getCookieString=function(){return this.x+&quot;_&quot;+this.y+&quot;_&quot;+this.accuracy+&quot;_&quot;+this.cityCode+&quot;_&quot;+this.timestamp},i.prototype.output=function(){return{x:this.x,y:this.y,accuracy:this.accuracy,cityCode:this.cityCode,timestamp:this.timestamp,name:this.name,address:this.address,addr:this.addr||{}}},i.readFromCookie=function(e){var t=e.split(&quot;_&quot;);return new i(t[0],t[1],t[2],t[3],t[4])},i.readFromObject=function(e){return new i(e.x,e.y,e.accuracy,e.cityCode,e.timestamp,e.name,e.address,e.addr)},s={domain:&quot;.baidu.com&quot;,path:&quot;/&quot;,key:&quot;BAIDULOC&quot;,duration:1728e5,get:function(){if(!navigator.cookieEnabled)return!1;var e=document.cookie.match(new RegExp(this.key+&quot;=([^;]+);?&quot;));return e?i.readFromCookie(e[1]):!1},set:function(e){if(!navigator.cookieEnabled)return!1;e=i.readFromObject(e);var t=new Date;return t.setTime(t.getTime()+this.duration),e.timestamp=parseInt(Date.now(),10),document.cookie=this.key+&quot;=&quot;+e.getCookieString()+&quot;;domain=&quot;+this.domain+&quot;;path=&quot;+this.path+&quot;;expires=&quot;+t.toGMTString(),e.output()},remove:function(){return navigator.cookieEnabled?(document.cookie=this.key+&quot;=;domain=&quot;+this.domain+&quot;;path=&quot;+this.path+&quot;;expires=Thu, 01 Jan 1970 00:00:01 GMT&quot;,!0):!1}};var f=0;return d}),require([&quot;modules/geolocation&quot;],function(e){page.geolocation=A.geolocation=e}),define(&quot;modules/login&quot;,[&quot;require&quot;],function(){return{isLogin:!(!page.comm.user||!page.comm.user.uid),open:function(){var e=page.utils.link.getJumpLinkUrl({src:page.comm.loginUrl});window.location.href=e+&quot;&amp;amp;eqid=&quot;+page.comm.eqid+&quot;&amp;amp;wd=&quot;}}}),require([&quot;modules/login&quot;],function(e){page.utils=page.utils||{},page.utils.login=e}),define(&quot;modules/pageToTop&quot;,[&quot;require&quot;],function(){function e(e){e=e||0,$(&quot;html&quot;).scrollTop(e),$(&quot;body&quot;).scrollTop(e),$(window).scrollTop(e)}var t=Object.prototype.toString,n=function(e){if(!page.comm.onlyshow){this.opt=$.extend({attrs:[{event:&quot;load&quot;,condition:null},{event:&quot;unload&quot;,condition:null}]},e),this.init();var t=this;n=function(){return t}}};return $.extend(n.prototype,{init:function(){this.flags={},this._events=[],this.$win=$(window),this.bindEv()},bindEv:function(n){n=n||this.opt.attrs,n=&quot;[object Array]&quot;!==t.call(n)?[n]:n;for(var r,i=n.length,o=0,a=this;i&amp;gt;o;o++)r=n[o],this._events.push(r.event),this.$win.on(r.event,function(){if(page.comm.enableTotop!==!1){var t;if(t=$.isFunction(r.condition)?r.condition():!!r.condition,t=a.flags[r.event]||t,!t){if(window.performance&amp;amp;&amp;amp;window.performance.navigation&amp;amp;&amp;amp;2==window.performance.navigation.type)return;e()}}})},set:function(e,t){this.flags[e]=!!t},get:function(e){return!!this.flags[e]},setAll:function(e){for(var t=0,n=this._events.length;n&amp;gt;t;t++)this.flags[this._events[t]]=!!e},getAll:function(){return this.flags}}),n}),require([&quot;modules/pageToTop&quot;],function(e){page.utils=page.utils||{},page.utils.pageToTop=e}),!function(e,t){function n(e,t){return d.cleanObj.toString.call(e).slice(8,-1)===t}function r(e){var t=f[e];if(t)return t.exports;throw&quot;module &quot;+e+&quot; is undefined&quot;}function i(e,t){for(var n,i,o=e.split(&quot;:&quot;),a=o.pop().split(&quot;/&quot;),s=d;n=a.shift();)&quot;bdbox&quot;!==n&amp;amp;&amp;amp;(i=n,a.length&amp;amp;&amp;amp;(s=s[n]=s[n]||{}));var c=f[e]={exports:{}},u=d.isFunction(t)?t.apply(c,[r,c.exports,c,d]):t;u&amp;amp;&amp;amp;(c.exports=u),s[i]=c.exports}function o(){h.forEach(function(e){e()}),h.length=0,m=!0}function a(e){var t;return null==e?t=String(e):(t=Object.prototype.toString.call(e).toLowerCase(),t=t.substring(8,t.length-1)),t}function s(t){var n=t.success||w,r={imageUrl:&quot;&quot;,mediaType:&quot;all&quot;,title:&quot;&quot;,content:&quot;&quot;,linkUrl:location.href},i=t.error||w;return d.isFunction(t.success)&amp;amp;&amp;amp;(n=&quot;_xSHARE_SUCCESS_&quot;+d.getId(),e[n]=t.success,r.success=n),d.isFunction(t.error)&amp;amp;&amp;amp;(i=&quot;_xSHARE_FAIL_&quot;+d.getId(),e[i]=t.error,r.error=i),d.each(t,function(e,n){&quot;success&quot;!==n&amp;amp;&amp;amp;&quot;error&quot;!==n&amp;amp;&amp;amp;(n in v?n=v[n]:&quot;content&quot;!==n||t.title||(r.title=e),r[n]=e)}),d.isArray(r.mediaType)&amp;amp;&amp;amp;(r.mediaType=&quot;all&quot;),e.BoxShareData||(e.BoxShareData={successcallback:n,errorcallback:i,options:r}),r}var c=+new Date,u=(c+&quot;&quot;).slice(-3),l=navigator.userAgent,d={isBox:/ baiduboxapp\//i.test(l),isIOS:/(iPhone|iPod|iPad)/.test(l),isAndroid:/(Android);?[\s\/]+([\d.]+)?/.test(l),getId:function(){return u++},emptyArr:[],emptyFn:function(){},cleanObj:{},byId:function(e){return d.isString(e)?t.getElementById(e):e},toArray:function(e){return d.emptyArr.slice.call(e)},$:function(e,n){return n=n&amp;amp;&amp;amp;1===n.nodeType?n:t,d.toArray(n.querySelectorAll(e))}};&quot;Function,String,Array,Number,RegExp&quot;.replace(/[^, ]+/g,function(e){d[&quot;is&quot;+e]=function(t){return n(t,e)}}),d.isBoolean=function(e){return e===!0||e===!1},d.isObject=function(e){return&quot;object&quot;==typeof e},d.isUndefined=function(e){return void 0===e},d.isWindow=function(e){return null!=e&amp;amp;&amp;amp;e==e.window},d.isPlainObject=function(e){return d.isObject(e)&amp;amp;&amp;amp;!d.isWindow(e)&amp;amp;&amp;amp;Object.getPrototypeOf(e)==Object.prototype};var f={};d.define=i;var p=function(e,t,n){for(var r,i,o=e.split(&quot;.&quot;),a=n||p;r=o.shift();)&quot;Box&quot;!==r&amp;amp;&amp;amp;(i=r,o.length&amp;amp;&amp;amp;(a=a[r]=a[r]||{}));return a[i]=t||{},a[i]},h=[],m=!1;if(p.init=function(e){return&quot;function&quot;!=typeof e?this:(m?e():h.push(e),this)},&quot;complete,loaded,interactive&quot;.indexOf(t.readyState)&amp;gt;-1&amp;amp;&amp;amp;t.body?o():t.addEventListener(&quot;DOMContentLoaded&quot;,o,!1),i(&quot;common:bdbox/utils/getVersion&quot;,function(t,n,r){var i=function(){var t=0;if(e.baiduboxapp_version)t=e.baiduboxapp_version;else{var n,r=navigator.userAgent;(n=/([\d+.]+)_(?:diordna|enohpi)_/.exec(r))?(n=n[1].split(&quot;.&quot;),t=n.reverse().join(&quot;.&quot;)):(n=/baiduboxapp\/([\d+.]+)/.exec(r))&amp;amp;&amp;amp;(t=n[1])}return i=function(){return t},t};r.exports=i}),i(&quot;common:bdbox/utils/version_compare&quot;,function(e,t,n){var r=function(e,t){t+=&quot;&quot;,e+=&quot;&quot;;for(var n=e.split(&quot;.&quot;),r=t.split(&quot;.&quot;),i=0,o=Math.max(n.length,r.length);o&amp;gt;i;i++){if(n[i]&amp;amp;&amp;amp;!r[i]&amp;amp;&amp;amp;parseInt(n[i])&amp;gt;0||parseInt(n[i])&amp;gt;parseInt(r[i]))return 1;if(r[i]&amp;amp;&amp;amp;!n[i]&amp;amp;&amp;amp;parseInt(r[i])&amp;gt;0||parseInt(n[i])&amp;lt;parseInt(r[i]))return-1}return 0};n.exports=r}),i(&quot;common:bdbox/ios/invokeApp&quot;,function(n,r,i,o){i.exports=function(n,r,i){if(n&amp;amp;&amp;amp;o.isBox){var a=[];if(o.isFunction(r))i=r;else for(var s in r)a.push(s+&quot;=&quot;+r[s]);if(o.isFunction(i)){var c=&quot;_bdbox_js_&quot;+o.getId();e[c]=function(){i.apply(e,[].slice.call(arguments,0))},a.push(&quot;func=&quot;+c)}else i&amp;amp;&amp;amp;a.push(&quot;func=&quot;+i);a=&quot;baiduboxapp://&quot;+n+&quot;?&quot;+a.join(&quot;&amp;amp;&quot;);var u=t.createElement(&quot;iframe&quot;);u.style.display=&quot;none&quot;,u.src=a;var l=t.body||t.getElementsByTagName(&quot;body&quot;)[0];l.appendChild(u),setTimeout(function(){l.removeChild(u),u=null},0)}}}),i(&quot;common:bdbox/android/invokeApp&quot;,function(t,n,r,i){function o(t,n,r){if(r&amp;amp;&amp;amp;!i.isArray(r)&amp;amp;&amp;amp;(r=Array.prototype.slice.call(arguments,0).slice(2)),e[t]&amp;amp;&amp;amp;e[t][n]){var o=e[t][n].apply(e[t],r);return{error:0,result:o,__from:&quot;js&quot;}}var u=c();if(s(u,4.8)&amp;gt;=0){var l=a(t,n,r);return l=l?JSON.parse(l):{},l.__from=&quot;app&quot;,l}if(&quot;4.7.1&quot;===u||&quot;4.7&quot;==u){var d=a(t,n,r);return{error:0,result:d,__from:&quot;app4.7&quot;}}return{error:200}}function a(t,n,r){if(!i.isBox)return{error:201};if(!i.isAndroid)return{error:202};var o={obj:t,func:n,args:r?r:[]};try{return e.prompt(&quot;BdboxApp:&quot;+JSON.stringify(o))}catch(a){return{error:201}}}var s=t(&quot;common:bdbox/utils/version_compare&quot;),c=t(&quot;common:bdbox/utils/getVersion&quot;);r.exports=o}),i(&quot;common:bdbox/utils/detect&quot;,function(t,n,r,i){function o(t){var n={name:&quot;unknown&quot;,version:0};this===e||this.os||(this.os=n),t=t||navigator.userAgent;var r={Weibo:/weibo/i,Wechat:/micromessenger\//i,QQ:/QQ\//};for(var i in r)r.hasOwnProperty(i)&amp;amp;&amp;amp;(n[&quot;is&quot;+i]=r[i].test(t));n.isUC=t.match(/UC/)||e.ucweb||e.ucbrowser;var o=t.match(/Windows Phone ([\d.]+)/);if(o)return n.win10=!0,n.version=o[1],n.name=&quot;win10&quot;,n;var a=t.match(/(Android);?\s+([\d.]+)?/);if(a)return n.android=!0,n.version=a[2],n.name=&quot;android&quot;,n;var s=t.match(/(iPad).*OS\s([\d_]+)/),c=t.match(/(iPod)(.*OS\s([\d_]+))?/),u=!s&amp;amp;&amp;amp;t.match(/(iPhone\sOS)\s([\d_]+)/);return u&amp;amp;&amp;amp;!c?(n.ios=n.iphone=!0,n.version=u[2].replace(/_/g,&quot;.&quot;),n.name=&quot;ios&quot;,n):s?(n.ios=n.ipad=!0,n.name=&quot;ios&quot;,n.version=s[2].replace(/_/g,&quot;.&quot;),n):c?(n.name=&quot;ios&quot;,n.ios=n.ipod=!0,n.version=c[3]?c[3].replace(/_/g,&quot;.&quot;):null,n):n}o.apply(i),r.exports=o}),i(&quot;common:bdbox/each&quot;,function(e,t,n){function r(e){var t;return null==e?t=String(e):(t=Object.prototype.toString.call(e).toLowerCase(),t=t.substring(8,t.length-1)),t}n.exports=function(e,t,n){if(&quot;object&quot;==typeof e){var i,o,a=r(e);if(n=n||e,&quot;array&quot;===a||&quot;arguments&quot;===a||&quot;nodelist&quot;===a){for(i=0,o=e.length;o&amp;gt;i;i++)if(t.call(n,e[i],i,e)===!1)return}else for(i in e)if(e.hasOwnProperty(i)&amp;amp;&amp;amp;t.call(n,e[i],i,e)===!1)return}}}),i(&quot;common:bdbox/client/nativeShare&quot;,function(n,r,i,o){function a(t){var n={wechatIcon:location.protocol+&quot;//m.baidu.com/static/search/logo300.png&quot;,type:&quot;url&quot;,mediaType:&quot;all&quot;,linkUrl:location.href,title:c.title,success:&quot;console.log&quot;,error:&quot;console.log&quot;};o.each(t||{},function(e,t){n[t]=e}),n.image&amp;amp;&amp;amp;(n.imageUrl=n.image),n.iconUrl&amp;amp;&amp;amp;!n.imageUrl&amp;amp;&amp;amp;&quot;url&quot;===n.type&amp;amp;&amp;amp;(n.imageUrl=n.iconUrl);var r={};[&quot;success&quot;,&quot;error&quot;].forEach(function(t){var i=t;o.isFunction(n[t])&amp;amp;&amp;amp;(i=&quot;_xSHARE_SUCCESS_&quot;+o.getId(),e[i]=n[t]),r[t+&quot;callback&quot;]=i,delete n[t]}),r.options=n,r.options.imageUrl&amp;amp;&amp;amp;o.isAndroid&amp;amp;&amp;amp;s(o.version,&quot;6.5&quot;)&amp;lt;0&amp;amp;&amp;amp;delete r.options.imageUrl,e.BoxShareData=r;var i=n.wechatIcon;if(/micromessenger\//i.test(navigator.userAgent)&amp;amp;&amp;amp;i&amp;amp;&amp;amp;i.length&amp;gt;20){var a=c.createElement(&quot;div&quot;);a.id=&quot;wa-generalevent-wx-logo&quot;,a.style.display=&quot;none&quot;,a.innerHTML=&#039;&amp;lt;img src=&quot;&#039;+i+&#039;&quot;/&amp;gt;&#039;;var u=c.body.firstChild;u?c.body.insertBefore(a,u):c.body.appendChild(a)}}var s=n(&quot;common:bdbox/utils/version_compare&quot;),c=t;i.exports=a}),i(&quot;common:bdbox/utils/ready&quot;,function(e,n,r){function i(){a.forEach(function(e){e()}),a.length=0,s=!0}function o(e){&quot;function&quot;==typeof e&amp;amp;&amp;amp;(s?e():a.push(e))}var a=[],s=!1;&quot;complete,loaded,interactive&quot;.indexOf(t.readyState)&amp;gt;-1&amp;amp;&amp;amp;t.body?i():t.addEventListener(&quot;DOMContentLoaded&quot;,i,!1),r.exports=o}),d.version=d.utils.getVersion(),d.version_compare=d.utils.version_compare,each=d.each,d.nativeShare=d.client.nativeShare,d.type=a,d.canI=function(e,t,n){return d.version_compare(d.version,e)&amp;gt;=0?d.isFunction(t)&amp;amp;&amp;amp;t():d.isFunction(n)&amp;amp;&amp;amp;n(),d},i(&quot;common:bdbox/client/o2o&quot;,function(e,t,n,r){var i=e(&quot;common:bdbox/android/invokeApp&quot;),o=e(&quot;common:bdbox/ios/invokeApp&quot;),a=encodeURIComponent,s=e(&quot;common:bdbox/each&quot;),c=r.isAndroid?function(e,t){r.isObject(e)&amp;amp;&amp;amp;(t=e,e=e.url,delete t.url);var n=[&quot;S.bdsb_light_start_url=&quot;+a(e)];if(r.isObject(t)){var o=t.min_v;delete t.min_v;var c={color:&quot;i.extra_actionbar_color_id&quot;,appid:&quot;S.bdsb_wallet_appid&quot;};s(t,function(e,t){&quot;color&quot;===t&amp;amp;&amp;amp;(e=4278190080|parseInt(&quot;0x&quot;+e)),t=c[t]||t,n.push(t+&quot;=&quot;+e)})}n=n.join(&quot;;&quot;);var u={intent:&quot;intent:#Intent;&quot;+n+&quot;;end&quot;,min_v:o&amp;amp;&amp;amp;&quot;&quot;!=o?o:&quot;16783629&quot;,mode:&quot;0&quot;};t&amp;amp;&amp;amp;t.component&amp;amp;&amp;amp;&quot;&quot;!=t.component||(u.class=&quot;com.baidu.searchbox.wallet.WalletServiceActivity&quot;),i(&quot;Bdbox_android_utils&quot;,&quot;command&quot;,[JSON.stringify(u)])}:function(e,t){r.isObject(e)&amp;amp;&amp;amp;(t=e,e=e.url,delete t.url);var n={openurl:a(e),minver:&quot;5.3.0.0&quot;,isla:0,opentype:1,append:0,rbtnstyle:2};if(r.isObject(t)){var i={color:&quot;barcolor&quot;};s(t,function(e,t){t=i[t]||t,n[t]=e})}n.appid&amp;amp;&amp;amp;(n.isla=1),o(&quot;easybrowse&quot;,n)};n.exports=c}),d.o2o=d.client.o2o,&quot;android&quot;===d.os.name?p(&quot;card&quot;,{query:function(e,t){if(p.version_compare(p.version,&quot;5.0&quot;)&amp;lt;0)return this;var n,r;p.isArray(e)?n=[JSON.stringify(e)]:(r=p.toArray(arguments),t=r.pop(),p.isFunction(t)?n=r:(n=p.toArray(arguments),t=null),n=[JSON.stringify(n)]);var i=p.android.invokeApp(&quot;Bdbox_android_card&quot;,&quot;mquery&quot;,n);return i=0===i.error&amp;amp;&amp;amp;i.result?JSON.parse(i.result):!1,p.isFunction(t)&amp;amp;&amp;amp;t(i),i},add:function(t,n){if(p.version_compare(p.version,&quot;5.0&quot;)&amp;lt;0)return this;var r,i;p.isString(t)?r=[t]:p.isArray(t)?r=[JSON.stringify(t)]:(i=p.toArray(arguments),n=i.pop(),p.isFunction(n)?r=i:(r=p.toArray(arguments),n=null),r=[JSON.stringify(r)]);var o=null;if(p.version_compare(p.version,&quot;5.5&quot;)&amp;gt;=0){var a=&quot;&quot;;p.isFunction(n)&amp;amp;&amp;amp;(a=&quot;__box_card_&quot;+p.getId(),e[a]=function(e){var t=JSON.parse(e),r=!1;for(var i in t){r=t[i].st;break}n(r)}),o=p.android.invokeApp(&quot;Bdbox_android_card&quot;,&quot;madd&quot;,r.concat([a,0]))}else o=p.android.invokeApp(&quot;Bdbox_android_card&quot;,&quot;madd&quot;,r);return o}}):p(&quot;card&quot;,{query:function(e,t){if(p.version_compare(p.version,&quot;5.0&quot;)&amp;lt;0)return this;var n,r;p.isArray(e)?n=[JSON.stringify(e)]:(r=p.toArray(arguments),t=r.pop(),p.isFunction(t)?n=r:(n=p.toArray(arguments),t=null),n=[JSON.stringify(n)]);var i=function(e){p.isFunction(t)&amp;amp;&amp;amp;t(JSON.parse(e)),i=null};p.ios.invokeApp(&quot;cardMquery&quot;,{params:encodeURIComponent(n)},i)},add:function(e,t){if(p.version_compare(p.version,&quot;5.0&quot;)&amp;lt;0)return this;var n,r;p.isString(e)?n=[e]:p.isArray(e)?n=[JSON.stringify(e)]:(r=p.toArray(arguments),t=r.pop(),p.isFunction(t)?n=r:(n=p.toArray(arguments),t=null),n=[JSON.stringify(n)]);var i=function(e){var n=JSON.parse(e),r=!1;for(var o in n){r=n[o].st;break}p.isFunction(t)&amp;amp;&amp;amp;t(r),i=null};return p.ios.invokeApp(&quot;cardMadd&quot;,{params:encodeURIComponent(n),gohome:&quot;0&quot;},i),!0}}),i(&quot;common:bdbox/utils/jsonToQuery&quot;,function(e,t,n,r){n.exports=function(e){if(r.isString(e))return e;var t=[];for(var n in e)t.push(n+&quot;=&quot;+e[n]);return t.join(&quot;&amp;amp;&quot;)}}),i(&quot;common:bdbox/io/loadJS&quot;,function(n,r,i,o){function a(n,r,i){var a,u,l,d=t.createElement(&quot;script&quot;);o.isString(n)?(a=n,o.isFunction(r)&amp;amp;&amp;amp;(i=r,r=null)):(a=n.url,r=n.data,i=n.success,u=n.error||o.emptyFn,l=n.timeout),o.isObject(r)&amp;amp;&amp;amp;(r=c(r)),r&amp;amp;&amp;amp;(a+=(-1===a.indexOf(&quot;?&quot;)?&quot;?&quot;:&quot;&amp;amp;&quot;)+r),a=a.replace(/[&amp;amp;?]{1,2}/,&quot;?&quot;);var f;/=\?/.test(a)&amp;amp;&amp;amp;(f=&quot;_box_jsonp&quot;+o.getId(),a=a.replace(/=\?/,&quot;=&quot;+f));var p=s();l=l||2e4,d.type=&quot;text/javascript&quot;,d.src=a;var h,m=!0,g=function(){f&amp;amp;&amp;amp;delete e[f],h&amp;amp;&amp;amp;clearTimeout(h),d.onload=d.onreadystatechange=d.onerror=null,d=null},v=function(){!d||d.readyState&amp;amp;&amp;amp;!/loaded|complete/.test(d.readyState)||(g(),m&amp;amp;&amp;amp;o.isFunction(i)&amp;amp;&amp;amp;i.apply(null,o.toArray(arguments)),m=!1)},w=function(e){g(),m&amp;amp;&amp;amp;u(e),m=!1};f&amp;amp;&amp;amp;(e[f]=v),h=setTimeout(function(){g(),m&amp;amp;&amp;amp;u(&quot;timeout&quot;),m=!1},l),d.onload=d.onreadystatechange=d.onerror=v,d.onerror=w,p.appendChild(d)}function s(){return t.head||t.getElementsByTagName(&quot;head&quot;)[0]||t.documentElement}var c=n(&quot;common:bdbox/utils/jsonToQuery&quot;);o.emptyFn,i.exports=a}),i(&quot;common:bdbox/utils/queryToJson&quot;,function(e,t,n){n.exports=function(e){var t=e.split(&quot;?&quot;),n=t[1]?t[1]:t[0],r=n.split(&quot;&amp;amp;&quot;),i={};return r.forEach(function(e){if(e=e.split(&quot;=&quot;),e[0].length&amp;gt;0){var t=&quot;&quot;;try{t=decodeURIComponent(e[1])||&quot;&quot;}catch(n){}i[e[0]]=t}}),i}}),i(&quot;common:bdbox/extend&quot;,function(e,t,n,r){function i(e,t,n){for(var r in t)n&amp;amp;&amp;amp;(o(t[r])||a(t[r]))?(o(t[r])&amp;amp;&amp;amp;!o(e[r])&amp;amp;&amp;amp;(e[r]={}),a(t[r])&amp;amp;&amp;amp;!a(e[r])&amp;amp;&amp;amp;(e[r]=[]),i(e[r],t[r],n)):c(t[r])||(e[r]=t[r])}var o=r.isPlainObject,a=r.isArray,s=r.isBoolean,c=r.isUndefined;n.exports=function(e){var t,n=r.emptyArr.slice.call(arguments,1);return s(e)&amp;amp;&amp;amp;(t=e,e=n.shift()),n.forEach(function(n){i(e,n,t)}),e}}),i(&quot;common:bdbox/utils/ready&quot;,function(e,n,r){function i(){a.forEach(function(e){e()}),a.length=0,s=!0}function o(e){&quot;function&quot;==typeof e&amp;amp;&amp;amp;(s?e():a.push(e))}var a=[],s=!1;&quot;complete,loaded,interactive&quot;.indexOf(t.readyState)&amp;gt;-1&amp;amp;&amp;amp;t.body?i():t.addEventListener(&quot;DOMContentLoaded&quot;,i,!1),r.exports=o}),i(&quot;common:bdbox/utils/detect&quot;,function(t,n,r,i){function o(t){var n={name:&quot;unknown&quot;,version:0};this===e||this.os||(this.os=n),t=t||navigator.userAgent;var r={Weibo:/weibo/i,Wechat:/micromessenger\//i,QQ:/QQ\//};for(var i in r)r.hasOwnProperty(i)&amp;amp;&amp;amp;(n[&quot;is&quot;+i]=r[i].test(t));n.isUC=t.match(/UC/)||e.ucweb||e.ucbrowser;var o=t.match(/Windows Phone ([\d.]+)/);if(o)return n.win10=!0,n.version=o[1],n.name=&quot;win10&quot;,n;var a=t.match(/(Android);?\s+([\d.]+)?/);if(a)return n.android=!0,n.version=a[2],n.name=&quot;android&quot;,n;var s=t.match(/(iPad).*OS\s([\d_]+)/),c=t.match(/(iPod)(.*OS\s([\d_]+))?/),u=!s&amp;amp;&amp;amp;t.match(/(iPhone\sOS)\s([\d_]+)/);return u&amp;amp;&amp;amp;!c?(n.ios=n.iphone=!0,n.version=u[2].replace(/_/g,&quot;.&quot;),n.name=&quot;ios&quot;,n):s?(n.ios=n.ipad=!0,n.name=&quot;ios&quot;,n.version=s[2].replace(/_/g,&quot;.&quot;),n):c?(n.name=&quot;ios&quot;,n.ios=n.ipod=!0,n.version=c[3]?c[3].replace(/_/g,&quot;.&quot;):null,n):n}o.apply(i),r.exports=o}),i(&quot;common:bdbox/schema&quot;,function(e,n,r,i){function o(e,n){if(!e)return void n(!0);if(n=n||i.emptyFn,!i.isBox&amp;amp;&amp;amp;i.isIOS&amp;amp;&amp;amp;c(s.version,&quot;9.0&quot;)&amp;gt;=0)return void u(function(){a(e,n)});var r=Date.now(),o=t.createElement(&quot;IFRAME&quot;);o.src=e,o.style.position=&quot;absolute&quot;,o.style.left=&quot;-2000px&quot;,o.style.top=&quot;-1000px&quot;,o.style.width=&quot;1px&quot;,o.style.height=&quot;1px&quot;,o.style.webkitTransition=&quot;all 0.9s&quot;,o.style.transition=&quot;all 0.9s&quot;,t.body.appendChild(o);var l=function(){t.body.removeChild(o),n(Date.now()-r&amp;lt;1500?!0:!1)};o.addEventListener(&quot;webkitTransitionEnd&quot;,l,!1),o.addEventListener(&quot;transitionEnd&quot;,l,!1),setTimeout(function(){o.style.left=&quot;-1000px&quot;},20)}function a(e,t){location.href=e,l&amp;amp;&amp;amp;clearTimeout(l),l=setTimeout(function(){t(!0)},3e3)}var s=e(&quot;common:bdbox/utils/detect&quot;)(),c=e(&quot;common:bdbox/utils/version_compare&quot;),u=e(&quot;common:bdbox/utils/ready&quot;),l=null;r.exports=o}),i(&quot;common:bdbox/monitor&quot;,function(t,n,r,i){var o=encodeURIComponent,a=function(e,t){e+=e.indexOf(&quot;?&quot;)&amp;lt;0?&quot;?&quot;:&quot;&amp;amp;&quot;,this.url=e,this.options=t};a.prototype.report=function(t){t=t||&quot;&quot;;var n=new Image(1,1),r=[];if(i.isObject(t)){for(var a in t)r.push(a+&quot;=&quot;+o(String(t[a])));t=r.join(&quot;&amp;amp;&quot;)}var s=&quot;_box_mt&quot;+i.getId();e[s]=n,n.onload=n.onerror=n.onabort=function(){n.onload=n.onerror=n.onabort=null,e[s]=n=null};var c=this.url+t;return i.isFunction(this.options.customHandler)&amp;amp;&amp;amp;(c=this.options.customHandler(c)),n.src=c+&quot;&amp;amp;_rnd=&quot;+Math.floor(2147483648*Math.random()),this},a.prototype.main=function(e,t){return e&amp;amp;&amp;amp;i.isFunction(this[e])&amp;amp;&amp;amp;this[e].apply(this,i.toArray(t||[])),this},r.exports=function(e,t){return new a(e,t)}}),i(&quot;common:bdbox/clone&quot;,function(e,t,n){var r=Object.prototype.toString,i=function(e,t,n){var r=0;for(var i in e)if(e.hasOwnProperty(i))if(n)t[i]=e[i];else if(t(i,e[i],r++))break},o=function(e){var t;switch(r.call(e)){case&quot;[object Object]&quot;:t={},i(e,function(e,n){t[e]=o(n)});break;case&quot;[object Array]&quot;:t=[],e.forEach(function(e){t.push(o(e))});break;default:t=e}return t};n.exports=o}),i(&quot;common:bdbox/monitor/pblog&quot;,function(t,n,r,i){var o=t(&quot;common:bdbox/monitor&quot;),a=t(&quot;common:bdbox/extend&quot;),s=t(&quot;common:bdbox/utils/queryToJson&quot;),c=t(&quot;common:bdbox/utils/getVersion&quot;),u=t(&quot;common:bdbox/clone&quot;),l=s(location.search),d=navigator.userAgent,f=e.location.protocol;&quot;https:&quot;!=f&amp;amp;&amp;amp;(f=&quot;http:&quot;);var p=f+&quot;//m.baidu.com/tcbox&quot;,h={service:&quot;bdbox&quot;,action:&quot;pblog&quot;,ctv:2,cen:&quot;uid_ua_ut&quot;,data:{appid:&quot;1&quot;,dataid:&quot;2&quot;,actiontype:&quot;1&quot;,actionid:&quot;2&quot;,actiondata:{ref:l.ref||&quot;&quot;,gmv:l.vmgdb||&quot;&quot;,source:l.from||l.ref||&quot;&quot;,boxVersion:c(),boxPlatform:d.match(/(iPad|iPhone|iPod)/gim)?&quot;ios&quot;:&quot;android&quot;}}},m=encodeURIComponent;l.uid&amp;amp;&amp;amp;l.osname&amp;amp;&amp;amp;[&quot;osname&quot;,&quot;ua&quot;,&quot;ut&quot;,&quot;from&quot;,&quot;cfrom&quot;,&quot;uid&quot;,&quot;pkgname&quot;].forEach(function(e){l[e]&amp;amp;&amp;amp;(h[e]=l[e])});var g,v=o(p,{customHandler:function(e){var t=[];if(g)for(var n in g)if(g.hasOwnProperty(n)){var r=g[n];i.isPlainObject(r)&amp;amp;&amp;amp;(r=JSON.stringify(r)),t.push(n+&quot;=&quot;+m(r))}return t.length&amp;amp;&amp;amp;(e+=t.join(&quot;&amp;amp;&quot;)),e}});v.init=function(e,t){i.isPlainObject(t)&amp;amp;&amp;amp;(h=a(h,t)),h.data.cateid=e},v.pv=function(e,t){g=u(h);var n=g.data;n.actionid=&quot;1&quot;;var r={};return r.url=e||location.href,t&amp;amp;&amp;amp;(r.u=t),n.actiondata=a(n.actiondata,r),v.report()},v.event=function(e,t,n){if(!e)throw&quot;monitor.tc.event need a evtName&quot;;if(i.isPlainObject(t)&amp;amp;&amp;amp;!n){var r={evtName:e};for(var o in t)r[o]=t[o]}else var r={evtName:e,evtType:t||&quot;&quot;,evtTag:n||&quot;&quot;};g=u(h);var s=g.data;return s.actionid=&quot;2&quot;,s.actiondata=a(s.actiondata,r),v.report()},r.exports=function(){v.main.apply(v,arguments)}}),i(&quot;common:bdbox/moplus&quot;,function(e,t,n,r){var i=(e(&quot;common:bdbox/utils/jsonToQuery&quot;),e(&quot;common:bdbox/io/loadJS&quot;),e(&quot;common:bdbox/utils/version_compare&quot;),e(&quot;common:bdbox/monitor/pblog&quot;)),o=e(&quot;common:bdbox/schema&quot;),a=&quot;com.baidu.searchbox&quot;,s=&quot;http://127.0.0.1:6259/&quot;,c=&quot;http://127.0.0.1:40310/&quot;,u=&quot;inapp_boxserver&quot;,l=&quot;https:&quot;===location.protocol,d={isSendPv:!1,isHit:!1,parseUA:function(){var e,t,n=navigator.userAgent,r={uc:/UCBrowser\/(\S*) \S*/g,bd:/baidubrowser\/(\S*) \(Baidu/g,qq:/MQQBrowser\/(\S*) Mobile/g,chr:/Chrome\/(\S*) Mobile/g,qh:/360 Aphone Browser \((\S*)\)/g,sg:/SogouMobileBrowser\/(\S*)/g,mi:/MiuiBrowser\/(\S*)/g};for(var i in r){var o=r[i].exec(n);if(o){e=i,t=o[1];break}}return e=e?e:&quot;other&quot;,t=t?t:&quot;0&quot;,{t:e,v:t}},parseHost:function(){return f.curHost===c?1:0},sendEvt:function(e,t,n,r){this.isHit&amp;amp;&amp;amp;this.send(e,t,n,r)},send:function(e,t,n,r){var o=this.parseUA(),a=o.t,s=o.v,c=l?0:1,u=this.parseHost();i(&quot;event&quot;,[e,{evtType:t||&quot;&quot;,brName:a,brVer:s,isHttp:c,isNew:u,source:n||&quot;&quot;,intent:r||&quot;&quot;}])},init:function(){this.isHit=Date.now()%100===1,i(&quot;init&quot;,[2])}},f=function(e,t,n){this.version=&quot;2.0&quot;,this.isHttps=l,this.curHost=n||&quot;&quot;,this.newHost=c,this.oldHost=this.isHttps?c:s,this.MCMDF=t||u,this._infoFuncs=[],this._verFuncs=[],this.minVersion=e?e:0,this.pkgName=a,d.init()};f.prototype={constructor:f,setMcmdf:function(e){return this.MCMDF=e,this},setHost:function(){return this},getHost:function(){},api:function(e,t,n){return n({error:233}),this},getInfo:function(e){return e({error:233}),this},getHVersion:function(e){return e({error:233}),this},parseInfo:function(){return!1},schema:function(e,t){if(!e.intent)throw&quot;schema intent is empty&quot;;e.mcmdf||(e.mcmdf=this.MCMDF);var n=function(){d.sendEvt(&quot;schema&quot;,&quot;success&quot;,e.source,e.intent),r.isFunction(t)&amp;amp;&amp;amp;t({error:0,from:&quot;schema&quot;})},i=function(){d.sendEvt(&quot;schema&quot;,&quot;fail&quot;,e.source,e.intent),r.isFunction(t)&amp;amp;&amp;amp;t({error:20,from:&quot;schema&quot;})},s=e.schema||&quot;&quot;;if(e.intent&amp;amp;&amp;amp;!e.schema){var c=e.intent;-1==c.indexOf(a)&amp;amp;&amp;amp;(d.sendEvt(&quot;defaultPKGName&quot;,&quot;fail&quot;,e.source||&quot;&quot;,e.intent),e.minver=e.minver?e.minver:&quot;6.9.1&quot;)}s||(s=&quot;baiduboxapp://utils?action=sendIntent&amp;amp;params=&quot;+encodeURIComponent(JSON.stringify(e))+&quot;&amp;amp;minver=&quot;+(e.minver?e.minver:&quot;6.9&quot;)),o(s,function(e){e?i():n()})},sendIntent:function(e,t){return t({error:233}),this},request:function(e,t){return t({error:233}),this}},n.exports=function(e,t){return new f(e,t)},n.exports.Moplus=f}),d.version_compare(d.version,&quot;5.3.5&quot;)&amp;gt;=0){var g,v={image:&quot;imageUrl&quot;,url:&quot;linkUrl&quot;,order:&quot;mediaType&quot;},w=&quot;&quot;;e[w]=d.emptyFn,d.isAndroid?(g=function(e){if(e.id&amp;amp;&amp;amp;d.byId(e.id)){var t=e.eventType||&quot;touchstart&quot;;d.byId(e.id).addEventListener(t,function(){n(e)},!0)}var n=function(t){t=s(t||e);var n=t.error,r=t.success;t.iconUrl&amp;amp;&amp;amp;t.imageUrl&amp;amp;&amp;amp;delete t.imageUrl,d.android.invokeApp(&quot;Bdbox_android_utils&quot;,&quot;callShare&quot;,[JSON.stringify(t),r||&quot;console.log&quot;,n||&quot;console.log&quot;])};return n},p(&quot;share&quot;,g)):(g=function(e){if(e.id&amp;amp;&amp;amp;d.byId(e.id)){var t=e.eventType||&quot;touchstart&quot;;d.byId(e.id).addEventListener(t,function(){n(e)},!0)}var n=function(t){t=s(t||e);var n=t.error,r=t.success;t.iconUrl&amp;amp;&amp;amp;!t.imageUrl&amp;amp;&amp;amp;(t.imageUrl=t.iconUrl),t=JSON.stringify(t),d.ios.invokeApp(&quot;callShare&quot;,{options:encodeURIComponent(t),errorcallback:n||&quot;console.log&quot;,successcallback:r||&quot;console.log&quot;})};return n},p(&quot;share&quot;,g))}else{var b=[],y=function(){p._socShare&amp;amp;&amp;amp;p._socShare.init?b.forEach(function(e){p._socShare.init(e)}):setTimeout(y,3e3)};d.io.loadJS(&quot;//m.baidu.com/static/searchbox/openjs/share.js?v=1.2&quot;,y);var x={source:&quot;client_id&quot;,id:&quot;dom_id&quot;,image:&quot;pic_url&quot;,success:&quot;afterRender&quot;},g=function(e){var t={content:&quot;&quot;,client_id:&quot;ZVEpDSsmZ0qxa1gmgDAh1Fje&quot;,theme:&quot;native&quot;,dom_id:&quot;share&quot;,animate:!0,pic_url:&quot;&quot;,url:encodeURIComponent(location.href)};return d.isObject(e)&amp;amp;&amp;amp;d.each(e,function(e,n){if(n in x&amp;amp;&amp;amp;(n=x[n]),&quot;order&quot;===n&amp;amp;&amp;amp;d.isArray(e)){var r=[];e.forEach(function(e){&quot;email&quot;===e&amp;amp;&amp;amp;(e=&quot;mail&quot;),r.push(e)})}t[n]=e}),delete t.success,delete t.error,delete t.afterRender,&quot;all&quot;===t.order?t.order=[&quot;qqdenglu&quot;,&quot;sinaweibo&quot;,&quot;renren&quot;,&quot;kaixin&quot;,&quot;mail&quot;,&quot;sms&quot;]:d.isString(t.order)&amp;amp;&amp;amp;(t.order=t.order.split(&quot;,&quot;)),p._socShare&amp;amp;&amp;amp;p._socShare.init?p._socShare.init(t):b.push(t),function(){p._socShare.ui._shareBtnClickHandler()}};p(&quot;share&quot;,g)}if(i(&quot;common:bdbox/distribute&quot;,function(e,t,n,r){var i=e(&quot;common:bdbox/schema&quot;);e(&quot;common:bdbox/utils/detect&quot;);var o=e(&quot;common:bdbox/each&quot;),a=e(&quot;common:bdbox/moplus&quot;),s=r.emptyFn,c={qqDownloadUrl:&quot;http://a.app.qq.com/o/simple.jsp?pkgname=com.baidu.searchbox&quot;,androidDownloadUrl:&quot;&quot;,iosDownloadUrl:&quot;&quot;,iosFailCallback:s,androidFailCallback:s,iosSchema:&quot;&quot;,androidSchema:&quot;&quot;,androidIntent:&quot;&quot;,inBoxCallback:s},u=function(e){var t=this;e&amp;amp;&amp;amp;o(c,function(t,n){e[n]=e[n]||t});var n=this.url=e.url;n&amp;amp;&amp;amp;&quot;&quot;!==n?(this.androidIntent=&quot;intent://&quot;+n.replace(/^http[s]?:\/\//,&quot;&quot;)+&quot;#Intent;scheme=http;action=com.baidu.searchbox.action.VIEW;category=android.intent.category.DEFAULT;end&quot;,this.iosSchema=&quot;baiduboxapp://easybrowse?openurl=&quot;+encodeURIComponent(n)+&quot;&amp;amp;opentype=0&amp;amp;isla=0&amp;amp;append=0&amp;amp;minver=5.3.0.0&quot;):[&quot;androidIntent&quot;,&quot;iosSchema&quot;,&quot;androidSchema&quot;].forEach(function(n){t[n]=e[n]}),this.options=e,this.fail=function(){if(console.log(r.os.name+&quot; fail&quot;),r.isFunction(e[r.os.name+&quot;FailCallback&quot;])){var t=e[r.os.name+&quot;FailCallback&quot;]();if(r.isBoolean(t)&amp;amp;&amp;amp;!t)return}var n=e[r.os.name+&quot;DownloadUrl&quot;];n&amp;amp;&amp;amp;&quot;&quot;!==n&amp;amp;&amp;amp;(location.href=e[r.os.name+&quot;DownloadUrl&quot;])},this.success=function(){return console.log(r.os.name+&quot; success&quot;),r.isFunction(e[r.os.name+&quot;SuccessCallback&quot;])?e[r.os.name+&quot;SuccessCallback&quot;]():void 0}};u.prototype.wechat=function(){var e=this.options;if(r.isFunction(e.wechatCallback)){var t=e.wechatCallback();if(r.isBoolean(t)&amp;amp;&amp;amp;!t)return}e.qqDownloadUrl&amp;amp;&amp;amp;&quot;&quot;!==e.qqDownloadUrl&amp;amp;&amp;amp;(location.href=e.qqDownloadUrl)},u.prototype.run=function(){var e=this,t=(e.url,e.options);return r.os.isWechat?e.wechat():r.isBox&amp;amp;&amp;amp;r.isFunction(t.inBoxCallback)?t.inBoxCallback():void this.invoke()},u.prototype.invoke=function(){var e=this;if(r.os.android){var t=a();t.getHVersion(function(n){n?t.sendIntent(e.androidIntent,function(t){0==t.error?e.success():e.fail()},1e3):e.androidSchema?i(e.androidSchema,function(t){t?e.fail():e.success()}):e.fail()})}else i(e.iosSchema,function(t){t?e.fail():e.success()})},n.exports=function(e){return new u(e)}}),each(d,function(e,t){p[t]=e}),e.Box&amp;amp;&amp;amp;e.Box.$)for(var _ in p)e.Box[_]=e.Box[_]||p[_];else e.Box=p}(window,document),define(&quot;sf25/components/b-scene-body/b-scene-body&quot;,[&quot;require&quot;,&quot;fusion/deps/fusion.best&quot;,&quot;sfr&quot;,&quot;sf25/view/sceneRender&quot;],function(e){var t=e(&quot;fusion/deps/fusion.best&quot;),n=e(&quot;sfr&quot;),r=e(&quot;sf25/view/sceneRender&quot;),i={css:&quot;b-scene-body{display:block}\n.sfa-body{font:14px/22px Arial,Helvetica,sans-serif;word-break:break-word;word-wrap:break-word;overflow:hidden;text-align:left}\n.sfa-view b-scene-body.sfa-body{padding-top:0}\n.sfa-body .sfa-results .c-result:first-of-type .c-container:first-of-type{margin-top:0}\n.sfa-body .sfa-top-results .c-result .c-container:first-of-type{margin:0;padding:0}&quot;,holdChild:!0,props:{url:{type:String,value:&quot;&quot;,onChange:function(){this.getProp(&quot;fetch&quot;)&amp;amp;&amp;amp;this.fetchResource()}},fetch:{type:Boolean,value:!0}},fetchedResource:null,globals:null,isDOMReady:!1,isSSR:!1};return i.fetchResource=function(e){var t=this.getProp(&quot;url&quot;);if(!t)return Promise.resolve({});if(!e&amp;amp;&amp;amp;this.fetchedResource&amp;amp;&amp;amp;this.fetchedResource.url===t)return this.fetchedResource.promise;var r=n.http.get(t);return this.fetchedResource={url:t,promise:r},r},i.created=function(){this.globals={},$(this.element).addClass(&quot;sfa-body&quot;),$(this.element).children().length&amp;gt;0?(this.isSSR=!0,this.isDOMReady=!0,this.triggerViewEvent(&quot;init&quot;)):this.getProp(&quot;fetch&quot;)&amp;amp;&amp;amp;this.fetchResource()},i.attached=function(){},i.getViewEvent=function(){return this.globals.view?this.globals.view:this.isSSR?window.view:!1},i.onViewEvent=function(e,t){var n=this.getViewEvent();return n&amp;amp;&amp;amp;n.on(e,t),n},i.triggerViewEvent=function(e){var t=this.getViewEvent();return t&amp;amp;&amp;amp;t.trigger(e),t},i.showFromCache=function(){this.isDOMReady&amp;amp;&amp;amp;this.triggerViewEvent(&quot;start&quot;)},i.hideToCache=function(){this.triggerViewEvent(&quot;stop&quot;)},i.detached=function(){this.$(&quot;.sfa-body&quot;).children().remove(),this.isDOMReady=!1},i.startRender=function(e){if(this.isSSR)return void this.triggerViewEvent(&quot;start&quot;);var t=this;this.fetchResource().then(function(n){t.renderBody(n,{options:e}),t.onViewEvent(&quot;init&quot;,function(){t.isDOMReady=!0,setTimeout(function(){t.triggerViewEvent(&quot;start&quot;)})}),$(t.element).trigger(&quot;rendered&quot;)})},i.partialUpdate=function(e,t){$(this.element).attr({url:e}),this.renderBody(null,t),t.view&amp;amp;&amp;amp;t.view.trigger(&quot;destroy&quot;);var n=this;this.fetchResource().then(function(r){n.renderBody(r,t),$(n.element).trigger(&quot;partial-updated&quot;,{url:e})})},i.renderBody=function(e,t){t=t||{};var n=this,i=t.container||$(n.element),o=parseInt(Math.random()*(new Date).getTime(),24),a=document.createElement(&quot;div&quot;);a.setAttribute(&quot;id&quot;,o),i.html(a),n.globals.container=a,n.globals.createdAt=n.createdAt,e&amp;amp;&amp;amp;e.data&amp;amp;&amp;amp;r(e.data,n.globals,t)},t(&quot;b-scene-body&quot;,i)}),define(&quot;sf25/components/b-scene-header/b-scene-header&quot;,[&quot;require&quot;,&quot;fusion/deps/fusion.best&quot;,&quot;sfr&quot;],function(e){var t=e(&quot;fusion/deps/fusion.best&quot;),n=e(&quot;sfr&quot;),r={0:&quot;default&quot;,1:&quot;none&quot;,2:&quot;gray&quot;,3:&quot;black&quot;,4:&quot;white&quot;,5:&quot;blue&quot;,10:&quot;tools&quot;,11:&quot;medical&quot;,12:&quot;edu&quot;,13:&quot;game&quot;,14:&quot;sport&quot;,15:&quot;person&quot;,16:&quot;infant&quot;,17:&quot;car&quot;},i={css:&quot;b-scene-header{display:block;height:44px}\n.sfa-head{position:fixed;top:0;left:0;z-index:500;width:100%;height:44px;line-height:44px;text-align:center;font-size:20px;background-color:#f8f8f8;color:#333;-webkit-user-select:none;user-select:none;-webkit-transform:translate3d(0,0,0);transform:translate3d(0,0,0)}\n.sfa-head .sfa-back,.sfa-head .sfa-close,.sfa-head .sfa-tool{width:50px;height:44px;float:left;text-align:right}\n.sfa-head .sfa-back i{font-size:22px;padding-right:12px}\n.sfa-head .sfa-close{width:43px}\n.sfa-head .sfa-close span,.sfa-head .sfa-back span{font-size:16px;vertical-align:middle}\n.sfa-head .sfa-tool{float:right;text-align:center}\n.sfa-head .sfa-title .c-line-clamp1{padding:0 8px}\n.sfa-head-style-none{display:none}\n.sfa-head-style-black .sfa-head{background-color:#000;color:#fff}\n.sfa-head-style-gray .sfa-head{background-color:#333;color:#fff}\n.sfa-head-style-white .sfa-head{background-color:#fff;color:#333}\n.sfa-head-style-blue .sfa-head{background-color:#09f;color:#fff}\n.sfa-head-style-tools .sfa-head{background-color:#38F;color:#fff}\n.sfa-head-style-medical .sfa-head{background-color:#029CC6;color:#fff}\n.sfa-head-style-edu .sfa-head{background-color:#02336D;color:#fff}\n.sfa-head-style-game .sfa-head{background-color:#DE3E28;color:#fff}\n.sfa-head-style-sport .sfa-head{background-color:#29002D;color:#fff}\n.sfa-head-style-persion .sfa-head{background-color:#2A2727;color:#fff}\n.sfa-head-style-infant .sfa-head{background-color:#fe9a9c;color:#fff}\n.sfa-head-style-car .sfa-head{background-color:#333444;color:#fff}&quot;,tpl:&#039;&amp;lt;div class=&quot;sfa-head&quot;&amp;gt;\n    &amp;lt;div class=&quot;sfa-back&quot;&amp;gt;&amp;lt;i class=&quot;c-icon&quot;&amp;gt;&amp;amp;#xe783&amp;lt;/i&amp;gt;&amp;lt;/div&amp;gt;\n    &amp;lt;div class=&quot;sfa-tool&quot;&amp;gt;${toolhtml|raw}&amp;lt;/div&amp;gt;\n    &amp;lt;div class=&quot;sfa-title&quot;&amp;gt;\n        &amp;lt;div class=&quot;sfa-title-inner c-line-clamp1&quot;&amp;gt;${titlehtml|raw}&amp;lt;/div&amp;gt;\n    &amp;lt;/div&amp;gt;\n&amp;lt;/div&amp;gt;&#039;,headClass:&quot;&quot;,props:{toolhtml:{type:String,value:&quot;&quot;,onChange:function(){this.$(&quot;.sfa-tool&quot;).html(this.getProp(&quot;toolhtml&quot;))}},titlehtml:{type:String,value:&quot;&quot;,onChange:function(){this.$(&quot;.sfa-title-inner&quot;).html(this.getProp(&quot;titlehtml&quot;))}},styleid:{type:Number,value:0,onChange:function(){this.updateHeadStyle()}}}};return i.updateHeadStyle=function(){var e=r[this.getProp(&quot;styleid&quot;)];e&amp;amp;&amp;amp;($(this.element).removeClass(this.headClass),this.headClass=&quot;sfa-head-style-&quot;+e,$(this.element).addClass(this.headClass))},i.created=function(){this.updateHeadStyle()},i.attached=function(){this.$(&quot;.sfa-back&quot;).on(&quot;click&quot;,function(e){n.action.back(),e.preventDefault()})},i.detached=function(){this.$(&quot;.sfa-back&quot;).off(&quot;click&quot;)},t(&quot;b-scene-header&quot;,i)}),define(&quot;sf25/config&quot;,[&quot;require&quot;,&quot;sfr&quot;],function(e){function t(e,t,o){return t&amp;amp;&amp;amp;!r()?!1:o&amp;amp;&amp;amp;!i(o)?!1:n(e)}function n(e){var t=a.get(window.page,&quot;comm.superframe&quot;)||{};return&quot;0&quot;!==t[&quot;sf_&quot;+e+&quot;_enable&quot;]}function r(){return/^(m|www).baidu.com$/.test(location.host)}function i(e){return e===a.get(window.page,&quot;comm.sampleval.WISE_TPL_COMMON_SAMPLE_FLAG&quot;)}function o(){if(null!==s)return s;var e=&quot;_&quot;+Math.random().toString(36).slice(2),t=document.createElement(&quot;script&quot;);return t.innerHTML=&quot;window.&quot;+e+&quot; = !!document.currentScript&quot;,document.body.appendChild(t),document.body.removeChild(t),s=window[e],delete window[e],s}var a=e(&quot;sfr&quot;)._,s=null,c=!!window.view,u={superframe:{loader:{container:c?&quot;sf-app&quot;:&quot;www-wise&quot;,getRealRequireId:function(e){return c?&quot;sf/app/&quot;+e:e}},action:{root:&quot;/&quot;}},mip:{name:&quot;mip&quot;,id:&quot;sf25/service/mipService&quot;,enable:!0},search:{name:&quot;search&quot;,id:&quot;sf25/service/indexService&quot;,enable:!0},marry:{name:&quot;marry&quot;,id:&quot;sf25/service/marry/marryService&quot;,enable:t(&quot;marry&quot;,!1),baseUrl:&quot;https://mct.y.nuomi.com/hotshop/salekey/sfmarry/home/index.html&quot;},marryMeitu:{name:&quot;marry-photo&quot;,id:&quot;sf25/service/marry/meituService&quot;,enable:t(&quot;marry&quot;,!1),baseUrl:&quot;https://mct.y.nuomi.com/hotshop/salekey/sfmarry/photos/index.html&quot;},novel:{name:&quot;novel&quot;,id:&quot;sf25/service/novelService&quot;,suspend:function(){return a.get(window,&quot;Box.isIOS&quot;)||a.get(window,&quot;Box.isBox&quot;)||!1},enable:t(&quot;novel&quot;,!1,&quot;sf_novel_group_a&quot;)},wenku:{name:&quot;wenku&quot;,id:&quot;sf25/service/wenku/wenkuService&quot;,srcUrl:/^https?:\/\/(?:wk|wenku|wapwenku)\.baidu\.com\/(view\/.*)$/,targetUrl:&quot;/sf_edu_wenku/$1&quot;,baseUrl:&quot;https://wk.baidu.com&quot;,enable:t(&quot;wenku&quot;,!1,&quot;sf_wenku_group_b&quot;)&amp;amp;&amp;amp;o()},gaokao:{name:&quot;gaokao&quot;,id:&quot;sf25/service/wenku/gaokaoService&quot;,srcUrl:/^https?:\/\/(?:gaokao|tiku|miti|gk)\.baidu\.com\/(web\/(?:quedetail|singledetail)\/.*)$/,targetUrl:&quot;/sf_edu_gaokao/$1&quot;,baseUrl:&quot;https://tiku.baidu.com&quot;,enable:t(&quot;wenku&quot;,!1,&quot;sf_wenku_group_c&quot;)},gonglve:{name:&quot;gonglve&quot;,id:&quot;sf25/service/wenku/gonglveService&quot;,srcUrl:/^https?:\/\/(?:gl|gonglve|gonglue|miji)\.baidu\.com\/(view\/.*)$/,targetUrl:&quot;/sf_edu_gonglve/$1&quot;,baseUrl:&quot;https://gl.baidu.com&quot;,enable:t(&quot;wenku&quot;,!1,&quot;sf_wenku_group_a&quot;)},yuedu:{name:&quot;yuedu&quot;,id:&quot;sf25/service/wenku/yueduService&quot;,srcUrl:/^https?:\/\/(?:yd|yuedu)\.baidu\.com\/(?:view|detail|ebook)\/(.*)$/,targetUrl:&quot;/sf_edu_yuedu/ebook/$1&quot;,baseUrl:&quot;https://yd.baidu.com&quot;,enable:t(&quot;wenku&quot;,!1,&quot;sf_wenku_group_c&quot;)},baike:{name:&quot;baike&quot;,id:&quot;sf25/service/baikeService&quot;,enable:t(&quot;baike&quot;,!0),baseUrl:&quot;https://wapbaike.baidu.com&quot;},ecom:{name:&quot;ecom&quot;,id:&quot;sf25/service/ecomService&quot;,enable:t(&quot;ecom&quot;),baseUrl:&quot;&quot;},graph:{name:&quot;graph&quot;,id:&quot;sf25/service/graphService&quot;,enable:t(&quot;graph&quot;,!0),baseUrl:&quot;https://graph.baidu.com&quot;},image:{name:&quot;image&quot;,id:&quot;sf25/service/imageService&quot;,enable:t(&quot;image&quot;,!0),baseUrl:&quot;//image.baidu.com&quot;},kuai:{name:&quot;kuai&quot;,id:&quot;sf25/service/kuaiService&quot;,enable:t(&quot;kuaixing&quot;,!0),baseUrl:&quot;//apikuai.baidu.com&quot;},pai:{name:&quot;pai&quot;,id:&quot;sf25/service/paiService&quot;,srcUrl:/^https?:\/\/p\.baidu\.com\/question\/([a-f0-9]{26})/,targetUrl:&quot;/sf_p/question/$1?top=%7B%22sfhs%22%3A4%7D&quot;,enable:t(&quot;pai&quot;,!1),baseUrl:&quot;//p.baidu.com&quot;},scene:{name:&quot;scene&quot;,id:&quot;sf25/service/sceneService&quot;,enable:t(&quot;scene&quot;)},tab:{name:&quot;tab&quot;,id:&quot;sf25/service/tabService&quot;,enable:t(&quot;tab&quot;)},tc:{name:&quot;tc&quot;,id:&quot;sf25/service/tcdom&quot;,enable:t(&quot;tc&quot;),baseUrl:location.protocol+&quot;//&quot;+location.host},zhidao:{name:&quot;zhidao&quot;,id:&quot;sf25/service/zhidaoService&quot;,enable:t(&quot;zhidao&quot;,!0),baseUrl:&quot;https://zhidao.baidu.com&quot;},headline:{name:&quot;headline&quot;,id:&quot;sf25/service/headlineService&quot;,enable:!0,baseUrl:&quot;//mib.bdstatic.com&quot;}};return u}),define(&quot;iframe-shell/utils/debounce&quot;,[&quot;require&quot;],function(){return function(e,t){var n;return function(){var r=this,i=arguments,o=function(){n=null,e.apply(r,i)};clearTimeout(n),n=setTimeout(o,t)}}}),define(&quot;iframe-shell/viewer&quot;,[&quot;iframe-shell/utils/debounce&quot;],function(e){var t=function(t){t=t||{},t.target||(t.target=document.body),t.src||(t.src=&quot;&quot;),this.config={},this.setConfig(t),this.name=&quot;iframe-shell-&quot;+Math.random().toString(36).slice(2);var n=document.createElement(&quot;iframe&quot;);n.setAttribute(&quot;name&quot;,this.name),n.setAttribute(&quot;data-mip-loader&quot;,&quot;view&quot;),n.setAttribute(&quot;scrolling&quot;,&quot;yes&quot;),n.setAttribute(&quot;sandbox&quot;,[&quot;allow-top-navigation&quot;,&quot;allow-popups&quot;,&quot;allow-scripts&quot;,&quot;allow-forms&quot;,&quot;allow-pointer-lock&quot;,&quot;allow-popups-to-escape-sandbox&quot;,&quot;allow-same-origin&quot;,&quot;allow-modals&quot;].join(&quot; &quot;)),this.iframe=n;var r=function(){console.log(&quot;resize&quot;),this.render()};return this.resizeLisenter=e(r.bind(this),50),this};return t.prototype={constructor:t,setConfig:function(e){return e=e||{},e.target&amp;amp;&amp;amp;(this.config.target=e.target),e.src&amp;amp;&amp;amp;this.config.src!==e.src&amp;amp;&amp;amp;(this.config.src=e.src,this.srcUpdated=!0),&quot;function&quot;==typeof e.errorHandler&amp;amp;&amp;amp;(this.errorHandler=e.errorHandler),this.config},render:function(){this.config.src&amp;amp;&amp;amp;(this.srcUpdated&amp;amp;&amp;amp;(this.iframe.src=this.config.src,this.srcUpdated=!1),this.iframe.style.height=&quot;&quot;+this.config.target.clientHeight+&quot;px&quot;)},attach:function(){this._attached||(this._attached=!0,this.iframe.style.display=&quot;block&quot;,this.inDom()||this.config.target.appendChild(this.iframe),window.addEventListener(&quot;resize&quot;,this.resizeLisenter),this.iframe.addEventListener(&quot;error&quot;,this.errorHandler))},inDom:function(){return this.iframe.parentElement===this.config.target},detach:function(e){e&amp;amp;&amp;amp;this.inDom()&amp;amp;&amp;amp;this.config.target.removeChild(this.iframe),this._attached&amp;amp;&amp;amp;(this._attached=!1,this.iframe.style.display=&quot;none&quot;,window.removeEventListener(&quot;resize&quot;,this.resizeLisenter),this.iframe.removeEventListener(&quot;error&quot;,this.errorHandler))},destroy:function(){this.detach(!0),this.iframe=null},errorHandler:function(e){console.error(e)}},t}),function(){function e(){var e=Object.create(n);return e.events={},e}function t(e){this.type=e,this.timeStamp=new Date}var n={};n.on=function(e,t){return this.events.hasOwnProperty(e)?this.events[e].push(t):this.events[e]=[t],this},n.off=function(e,t){return 0===arguments.length?this._offAll():void 0===t?this._offByType(e):this._offByHandler(e,t)},n.trigger=function(e,n){return e instanceof t||(e=new t(e)),this._dispatch(e,n)},n._dispatch=function(e,t){if(this.events.hasOwnProperty(e.type)){t=t||[],t.unshift(e);var n=this.events[e.type]||[];return n.forEach(function(e){return e.apply(null,t)}),this}},n._offByHandler=function(e,t){if(this.events.hasOwnProperty(e)){var n=this.events[e].indexOf(t);return n&amp;gt;-1&amp;amp;&amp;amp;this.events[e].splice(n,1),this}},n._offByType=function(e){return this.events.hasOwnProperty(e)&amp;amp;&amp;amp;delete this.events[e],this},n._offAll=function(){return this.events={},this},e.Event=t,e.mixin=function(t,n){var r=new e;n.map(function(e){t[e]=function(){return r[e].apply(r,arguments)}})},&quot;undefined&quot;!=typeof module&amp;amp;&amp;amp;&quot;undefined&quot;!=typeof module.exports?module.exports=e:&quot;function&quot;==typeof define&amp;amp;&amp;amp;define.amd?define(&quot;node_modules/micro-event/dist/micro-event&quot;,[&quot;require&quot;],function(){return e}):window.Emitter=e}(),define(&quot;iframe-shell/utils/event&quot;,[&quot;node_modules/micro-event/dist/micro-event&quot;],function(e){return function(t){e.mixin(t,[&quot;on&quot;,&quot;off&quot;,&quot;trigger&quot;])}}),define(&quot;iframe-shell/utils/promise&quot;,[&quot;require&quot;],function(){function e(t){if(!(this instanceof e))throw&quot;Promise must be called with new operator&quot;;if(&quot;function&quot;!=typeof t)throw&quot;callback not defined&quot;;this._handlers=[],this._state=&quot;init&quot;,this._errors=[],this._results=[],setTimeout(function(){t(this._onFulfilled.bind(this),this._onRejected.bind(this))}.bind(this))}function t(e){return e&amp;amp;&amp;amp;&quot;function&quot;==typeof e.then}return e.prototype.then=function(e){return&quot;fulfilled&quot;===this._state?this._callHandler(e,this._results):this._handlers.push({type:&quot;then&quot;,cb:e}),this},e.prototype.catch=function(e){return&quot;rejected&quot;===this._state?this._callHandler(e,this._errors):this._handlers.push({type:&quot;catch&quot;,cb:e}),this},e.prototype.finally=function(e){&quot;fulfilled&quot;===this._state?this._callHandler(e,this._results):&quot;rejected&quot;===this._state?this._callHandler(e,this._errors):this._handlers.push({type:&quot;finally&quot;,cb:e})},e.resolve=function(n){var r=arguments;return t(n)?n:new e(function(e){return e.apply(null,r)})},e.reject=function(){var t=arguments;return new e(function(e,n){return n.apply(null,t)})},e.all=function(t){var n=t.map(function(){return void 0}),r=0,i=&quot;pending&quot;;return new e(function(o,a){function s(){&quot;pending&quot;===i&amp;amp;&amp;amp;(i=&quot;fulfilled&quot;,o(n))}function c(){&quot;pending&quot;===i&amp;amp;&amp;amp;(i=&quot;rejected&quot;,a.apply(null,arguments))}t.map(e.resolve).forEach(function(e,i){e.then(function(e){n[i]=e,r++,r===t.length&amp;amp;&amp;amp;s()}).catch(c)})})},e.prototype._onFulfilled=function(e){if(t(e))return e.then(this._onFulfilled.bind(this)).catch(this._onRejected.bind(this));this._results=arguments;var n=this._getNextHandler(&quot;then&quot;);return n?this._callHandler(n,this._results):(n=this._getNextHandler(&quot;finally&quot;))?this._callHandler(n,this._results):void(this._state=&quot;fulfilled&quot;)},e.prototype._onRejected=function(){this._errors=arguments;var e=this._getNextHandler(&quot;catch&quot;);return e?this._callHandler(e,this._errors):(e=this._getNextHandler(&quot;finally&quot;))?this._callHandler(e,this._errors):void(this._state=&quot;rejected&quot;)},e.prototype._callHandler=function(e,t){var n,r=null;try{n=e.apply(null,t)}catch(i){r=i}r?this._onRejected(r):this._onFulfilled(n)},e.prototype._getNextHandler=function(e){for(var t;(t=this._handlers.shift())&amp;amp;&amp;amp;t.type!==e;);return t?t.cb:null},e}),define(&quot;iframe-shell/utils/extend&quot;,[&quot;require&quot;],function(){var e={}.hasOwnProperty;return function(t,n){for(var r in n)e.call(n,r)&amp;amp;&amp;amp;(t[r]=n[r])}}),define(&quot;iframe-shell/messenger&quot;,[&quot;iframe-shell/utils/event&quot;,&quot;iframe-shell/utils/promise&quot;,&quot;iframe-shell/utils/extend&quot;],function(e,t,n){function r(){return(1e3*(new Date).getTime()+Math.ceil(1e3*Math.random())).toString(36)}var i={twoWay:&quot;two-way&quot;},o={request:&quot;PM_REQUEST&quot;,response:&quot;PM_RESPONSE&quot;},a={},s=function(t){return e(this),this.targetWindow=t.targetWindow||top,this.targetOrigin=t.targetOrigin||&quot;*&quot;,this.sourceOrigins=t.sourceOrigins||[&quot;*&quot;],this.timeout=t.timeout||500,this.name=t.name||window.name,this.defers={},this.handlers={},a[this.name]&amp;amp;&amp;amp;console.warn(&quot;The old messenger created for target %O will be replaced by the new one.&quot;,this.name),a[this.name]=this,s.bindHandler(),this},c=function(e){var t=a[e.data.name];if(t)t.processMessageEvent(e);else for(var n in a)a[n].processMessageEvent(e)};return s.bindHandler=function(){window.removeEventListener(&quot;message&quot;,c),window.addEventListener(&quot;message&quot;,c)},s.prototype={processMessageEvent:function(e){for(var t=e.origin||e.originalEvent.origin,r=this,a=!1,s=0;s&amp;lt;r.sourceOrigins.length;s++){var c=r.sourceOrigins[s];if(&quot;*&quot;===c){a=!0;break}if(c===t){a=!0;break}}if(!a)return void console.warn(&quot;Origin &quot;+t+&quot; is not safe, ignore event&quot;,e);var u=e.data;if(!u)return void console.warn(&quot;Event data %O is invalid, missing data.&quot;,e);if(u.type===i.twoWay){if(!u.sentinel||!u.sessionId)return void console.warn(&quot;Event data %O is invalid, missing sentinel or/and sessionId.&quot;,u);if(u.sentinel===o.request){var l={};if(r.handlers[u.event])try{l=r.handlers[u.event].call(r,u)}catch(d){l={error:d}}else console.warn(&quot;Event &quot;+u.event+&quot; has no handler.&quot;);var f=function(e){e=e||{},n(e,{type:i.twoWay,sentinel:o.response,sessionId:u.sessionId,name:r.name}),r.targetWindow.postMessage(e,r.targetOrigin)};l&amp;amp;&amp;amp;&quot;function&quot;==typeof l.then?l.then(function(e){f(e)}).catch(function(e){f({error:e})}):f(l)}else if(u.sentinel===o.response){console.log(&quot;response!&quot;,u);var p=r.defers[u.sessionId];if(delete r.defers[u.sessionId],!p)return void console.warn(&quot;Event session is not found for two-way communication&quot;,u.sessionId);clearTimeout(p.timer),u.error?p.reject(u.error):p.resolve(u)}else console.warn(&quot;Event sentinel is invalid &quot;,u.sentinel)}else{if(!u||!u.event)return void console.warn(&quot;Event data %O is invalid, missing event name.&quot;,u);r.trigger(u.event,[u]),r.trigger(&quot;recivemessage&quot;,[u])}},sendMessage:function(e,a,s){var c=this;return new t(function(t,u){var l={name:c.name,event:e},d=r();s?(n(l,{type:i.twoWay,sentinel:o.request,sessionId:d}),c.defers[d]={resolve:t.bind(this),reject:u.bind(this),timer:setTimeout(function(){delete c.defers[d],u(new Error(&quot;timeout&quot;))},c.timeout)}):setTimeout(t,0),n(l,a),c.targetWindow.postMessage(l,c.targetOrigin)})},setHandler:function(e,t){if(&quot;function&quot;!=typeof t)throw new Error(&quot;Invalid handler for event &quot;+e);this.handlers[e]=t},removeHandler:function(e){this.handlers[e]=void 0},destory:function(){delete a[this.name]}},s.prototype.constructor=s,s}),define(&quot;iframe-shell/loader&quot;,[&quot;iframe-shell/viewer&quot;,&quot;iframe-shell/messenger&quot;,&quot;iframe-shell/utils/event&quot;,&quot;iframe-shell/utils/extend&quot;],function(e,t,n,r){var i=&quot;https:&quot;===location.protocol?&quot;https:&quot;:&quot;http:&quot;,o=function(e){return e=&quot;&quot;+e,0===e.indexOf(&quot;//&quot;)?!0:0===e.indexOf(&quot;https://&quot;)},a=i+&quot;//mipcache.bdstatic.com/c/&quot;,s=function(e){return e=&quot;&quot;+e,!!e.match(/^(https?:)?\/\/mipcache\.bdstatic\.com\/c\//)},c=function(e){var t=e.split(&quot;//&quot;);t.shift();var n=t.join(&quot;//&quot;);return o(e)?a+&quot;s/&quot;+n:a+n},u=function(t,r){return n(this),this.config=t||{},this.Viewer=r||e,this};return u.prototype={getFinalUrl:function(){var e=this.config.url||&quot;&quot;;if(!e)return e;if(s(e))return e;var t=this.config.useMipCache;return t||&quot;https:&quot;!==i||o(e)||(t=!0),t?c(e):e},getRelativeUrl:function(e){var t=this.config.url;if(0===e.indexOf(&quot;//&quot;)){var n=t.match(/(^.*:)\/\//);n=n?n[1]:location.protocol,e=n+e}return e},getViewerConfig:function(){var e={};return r(e,this.config.viewer||{}),e.src=this.getFinalUrl(),e.errorHandler=this.errorHandler.bind(this),e},getMessageHandlers:function(){return this.messageHandlers?this.messageHandlers:(this.messageHandlers={},this.messageHandlers)},attachMessageHandlers:function(){var e=this.getMessageHandlers();for(var t in e)this.messenger.setHandler(t,e[t]);var n=this;this.allMessageHandler=function(t,r){e[r.event]&amp;amp;&amp;amp;e[r.event](r),n.trigger(&quot;mip-&quot;+r.event,[r])},this.messenger.on(&quot;recivemessage&quot;,this.allMessageHandler)},detachMessageHandlers:function(){var e=this.getMessageHandlers();for(var t in e)this.messenger.removeHandler(t);this.messenger.off(&quot;recivemessage&quot;,this.allMessageHandler)},errorHandler:function(e){console.log(e)},setConfig:function(e,t){r(this.config,e),t||this.update()},create:function(){this._created||this._destoyed||(this._created=!0,this.trigger(&quot;create&quot;),this.viewer=new this.Viewer(this.getViewerConfig()),this.messenger=new t({targetWindow:this.viewer.iframe.contentWindow,name:this.viewer.name}),this.trigger(&quot;created&quot;))},attach:function(){this._attached||(this._attached=!0,this.trigger(&quot;attach&quot;),this.viewer.attach(),this.attachMessageHandlers(),this.viewer.render(),this.trigger(&quot;attached&quot;))},update:function(){this._created&amp;amp;&amp;amp;(this.trigger(&quot;update&quot;),this.viewer.setConfig(this.getViewerConfig()),this.viewer.render(),this.trigger(&quot;updated&quot;))},detach:function(){this._attached&amp;amp;&amp;amp;(this._attached=!1,this.trigger(&quot;detach&quot;),this.detachMessageHandlers(),this.viewer.detach(),this.trigger(&quot;detached&quot;))},destroy:function(){this._created&amp;amp;&amp;amp;!this._destoyed&amp;amp;&amp;amp;(this._attached&amp;amp;&amp;amp;this.detach(),this._destoyed=!0,this.trigger(&quot;destroy&quot;),this.messenger.destory(),this.viewer.destroy(),this.viewer=null,this.trigger(&quot;destroyed&quot;))}},u.prototype.constructor=u,u}),define(&quot;sf25/lib/boxLog&quot;,[&quot;require&quot;,&quot;uiamd/bdbox/base&quot;],function(e){var t=e(&quot;uiamd/bdbox/base&quot;);return{start:function(e){try{t.isIOS&amp;amp;&amp;amp;t.ios.invokeApp(&quot;utils&quot;,{action:&quot;ubcReport&quot;,params:encodeURIComponent(JSON.stringify({actionId:&quot;101&quot;,value:JSON.stringify({url:e.url,type:&quot;0&quot;,errorcode:&quot;0&quot;,from:&quot;sf&quot;})})),minver:&quot;7.3.0.0&quot;})}catch(n){}},stop:function(e){try{t.isIOS&amp;amp;&amp;amp;t.ios.invokeApp(&quot;utils&quot;,{action:&quot;ubcReport&quot;,params:encodeURIComponent(JSON.stringify({actionId:&quot;98&quot;,value:JSON.stringify({url:e.url,from:&quot;sf&quot;})})),minver:&quot;7.3.0.0&quot;})}catch(n){}}}}),define(&quot;sf25/lib/cambrianBar&quot;,[&quot;require&quot;,&quot;../../pmd/share/share&quot;,&quot;uiamd/bdbox/base&quot;,&quot;sf25/lib/cambrianBarSub&quot;],function(e){function t(e){return String(e).replace(/[^\x00-\xff]/g,&quot;ci&quot;).length}function n(e,n,r){return e=String(e),r=r||&quot;&quot;,0&amp;gt;n||t(e)&amp;lt;=n?e+r:(e=e.substr(0,n).replace(/([^\x00-\xff])/g,&quot;$1 &quot;).substr(0,n).replace(/[^\x00-\xff]$/,&quot;&quot;).replace(/([^\x00-\xff]) /g,&quot;$1&quot;),e+r)}function r(e,t){return e+=e.indexOf(&quot;?&quot;)&amp;gt;=0?&quot;&amp;amp;&quot;:&quot;?&quot;,e+$.param(t)}function i(e){_.appid=e,$.ajax({type:&quot;GET&quot;,url:w,data:{office_id:e,check_sub:0,homepage_from:&quot;dusite_artdetail_nusub&quot;,url:decodeURIComponent(h.originUrl)},dataType:&quot;jsonp&quot;,success:function(e){e&amp;amp;&amp;amp;0===e.code&amp;amp;&amp;amp;($.extend(_,e.data),c(),u()),o()},error:function(){o()}})}function o(){k.tool&amp;amp;&amp;amp;k.tool.show()}function a(e){e&amp;amp;&amp;amp;&quot;cambrian&quot;===e.type&amp;amp;&amp;amp;(_.name=e.title,_.avatar=e.logo,s())}function s(){var e=h.view.$sfHead.find(&quot;.sfa-title&quot;);k.tool=h.view.$sfHead.find(&quot;.sfa-tool&quot;),k.tool.hide();var r=navigator.userAgent;r.match(/light/i)&amp;amp;&amp;amp;h.view.$sfHead.find(&quot;.sfa-back&quot;).hide();var i=_.name;t(i)&amp;gt;12&amp;amp;&amp;amp;(i=n(_.name,10,&quot;...&quot;));var o=[&#039;&amp;lt;div class=&quot;cambrian-wraper&quot;&amp;gt;&#039;,&#039;&amp;lt;div class=&quot;c-line-clamp1&quot; style=&quot;&#039;+S.content+&#039;&quot;&amp;gt;&#039;,&#039;&amp;lt;a href=&quot;javascript:void(0);&quot; class=&quot;cambrian-wraper-inner&quot;&amp;gt;&#039;,&#039;&amp;lt;img class=&quot;cambrian-avatar&quot; style=&quot;&#039;+S.avatar+&#039;&quot; src=&quot;&#039;+_.avatar+&#039;&quot; width=22 height=22 alt=&quot;&quot;&amp;gt;&#039;,&#039;&amp;lt;span class=&quot;cambrian-title&quot; style=&quot;&#039;+S.nameText+&#039;&quot;&amp;gt;&#039;+i+&quot;&amp;lt;/span&amp;gt;&quot;,&#039;&amp;lt;i class=&quot;c-icon cambrian-arrow&quot; style=&quot;&#039;+S.nameArrow+&#039;&quot;&amp;gt;&amp;amp;#xe732&amp;lt;/i&amp;gt;&#039;,&quot;&amp;lt;/a&amp;gt;&quot;,&quot;&amp;lt;/div&amp;gt;&quot;,&quot;&amp;lt;/div&amp;gt;&quot;];e.html(o.join(&quot;&quot;)),$(&#039;&amp;lt;style id=&quot;cambrianstyle&quot;&amp;gt;&#039;+S.cambrainCss+&quot;&amp;lt;/style&amp;gt;&quot;).appendTo(&quot;#super-frame .sfa-head&quot;),k.titleEl=e,k.wrapperIn=e.find(&quot;.cambrian-wraper-inner&quot;),k.avatar=e.find(&quot;.cambrian-avatar&quot;),k.name=e.find(&quot;.cambrian-title&quot;),k.arrow=e.find(&quot;.cambrian-arrow&quot;),k.arrow.hide()}function c(){k.titleEl||s();var e=_.name;t(e)&amp;gt;12&amp;amp;&amp;amp;(e=n(_.name,10,&quot;...&quot;)),k.name.html(e),k.avatar.attr(&quot;src&quot;,_.avatar),_.homepage&amp;amp;&amp;amp;(k.arrow.css(&quot;display&quot;,&quot;inline-block&quot;).show(),k.wrapperIn.attr(&quot;href&quot;,r(_.homepage,{ct:57,cst:1})))}function u(){var e,t={icon:&quot;&amp;amp;#xe63a&quot;,text:&quot;分享&quot;,click:function(){page.log.send({ct:57,cst:3,clk_extra:JSON.stringify({a:_.appid,u:h.originUrl})});var e={url:_.article.share_url?r(_.article.share_url,{ct:57,cst:17}):location.href.toString().replace(&quot;tn=normal&quot;,&quot;tn=nohead&quot;),title:_.article.title||&quot;来百度关注&quot;+_.name+&quot;有惊喜&quot;,content:&quot;好友给您分享了一篇来自&quot;+_.name+&quot;的文章，点击立即查看精彩内容。&quot;,iconUrl:_.article.thumbnail_url&amp;amp;&amp;amp;_.article.thumbnail_url[0]||_.avatar,loginfo:{clk_from:&quot;mms_mip&quot;}},t=new m(e);t.popup()}},n={icon:&quot;&amp;amp;#xe639&quot;,text:&quot;查看官方号&quot;,click:function(){location.href=r(_.homepage,{ct:57,cst:4})}},i={icon:&quot;&amp;amp;#xe63e&quot;,text:&quot;咨询&quot;,click:function(){page.log.send({ct:57,cst:5,clk_extra:JSON.stringify({a:_.appid,u:h.originUrl})}),_.is_login?l():d()}};e=_.homepage?g.version_compare(g.getVersion(),y)&amp;gt;=0?[t,n,i]:[t,n]:g.version_compare(g.getVersion(),y)&amp;gt;=0?[t,i]:[t],h.view.setHeadActionIcons(e,{maxIcons:1}),k.tool.on(&quot;click&quot;,&quot;.sfa-action-more&quot;,function(){page.log.send({ct:57,cst:2,clk_extra:JSON.stringify({a:_.appid,u:h.originUrl})})})}function l(){g.isIOS?g.ios.invokeApp(&quot;invokePlug&quot;,{action:&quot;open&quot;,params:encodeURIComponent(JSON.stringify({plugin_id:&quot;box.plugin.cambrian&quot;,args:&quot;source_app=baiduboxapp&amp;amp;referer=myduzhan&amp;amp;paid=&quot;+_.pa_uid+&quot;&amp;amp;title=&quot;+_.name+&quot;&amp;amp;method_name=invokeChat&quot;})),minver:y}):g.isAndroid&amp;amp;&amp;amp;g.android.invokeApp(&quot;Bdbox_android_plugin&quot;,&quot;invokePlugin&quot;,[JSON.stringify({package_name:&quot;com.baidu.cambrian&quot;,method_name:&quot;invokeChat&quot;,params:{paid:_.pa_uid,title:_.name}})])}function d(){var e={tpl:&quot;cambrian&quot;,third_login:1};g.isIOS?(e.func=T,g.ios.invokeApp(&quot;account&quot;,{action:&quot;logindialog&quot;,params:JSON.stringify(e),minver:&quot;5.5.0.0&quot;},&quot;&quot;)):g.isAndroid&amp;amp;&amp;amp;g.android.invokeApp(&quot;Bdbox_android_account&quot;,&quot;loginDialog&quot;,[JSON.stringify(e),T])}function f(){a(h.titleExtra),h.loader.on(&quot;mip-cambrian-header&quot;,function(e,t){i(t.data||&quot;&quot;)})}function p(e){var t=new RegExp(&quot;(^|_)&quot;+e+&quot;(_|$)&quot;);return t.test(page.comm.sids)}var h,m=e(&quot;../../pmd/share/share&quot;),g=e(&quot;uiamd/bdbox/base&quot;),v=e(&quot;sf25/lib/cambrianBarSub&quot;),w=&quot;//msite.baidu.com/home/bar&quot;,b=&quot;116766&quot;,y=&quot;8.5.0.0&quot;,x={},_={},k={},S={content:&quot;height: 44px;margin:0 auto;position:relative;&quot;,avatarCon:&quot;display:inline-block;position:relative;overflow:hidden;&quot;,avatar:&quot;border-radius:50%;position:relative;top:-1px;vertical-align: middle;&quot;,nameCon:&quot;display:inline-block;height:44px;overflow:hidden;&quot;,nameText:&quot;overflow:hidden;text-overflow:ellipsis;color:#333;text-decoration:none;vertical-align: middle;margin-left: 10px;&quot;,nameArrow:&quot;font-size: 10px;color:#333;margin-left:3px;display:inline-block;-ms-transform:scale(.6);-moz-transform:scale(.6);-webkit-transform:scale(.6);transform:scale(.6);vertical-align:middle;&quot;,wrapper:&quot;.sfa-title .cambrian-wraper-inner:active{background: rgba(51,51,51,.4);color:#333;}&quot;,cambrainCss:&quot;.sfa-head .sfa-title,.sfa-head .sfa-back,.sfa-head .sfa-tool,.sfa-head .sfa-action-item{-webkit-tap-highlight-color:transparent;}.sfa-head .sfa-title{padding: 0;}.sfa-title .cambrian-wraper{margin: 0 48px 0 52px;}.sfa-title .cambrian-wraper-inner{display:block;text-decoration: none;color:#333;-webkit-tap-highlight-color:rgba(51,51,51,.4);position: absolute;line-height: normal;top: 50%;left: 50%;-webkit-transform: translate(-50%, -50%);-moz-transform: translate(-50%, -50%);-ms-transform: translate(-50%, -50%);-o-transform: translate(-50%, -50%);transform: translate(-50%, -50%);}&quot;},T=&quot;_SF_CAMBRIAN_&quot;+(new Date).getTime()+&quot;_&quot;;return window[T]=function(e){0===parseInt(e,10)&amp;amp;&amp;amp;(_.is_login=!0,l())},x.setup=function(e){g.isBox&amp;amp;&amp;amp;(k={},_={},h=e,p(b)?v.setup(h):f())},x}),define(&quot;sf25/lib/cambrianBarSub&quot;,[&quot;require&quot;,&quot;../../pmd/share/share&quot;,&quot;uiamd/bdbox/base&quot;,&quot;uiamd/bdbox/follow&quot;],function(e){function t(e){return String(e).replace(/[^\x00-\xff]/g,&quot;ci&quot;).length}function n(e,n,r){return e=String(e),r=r||&quot;&quot;,0&amp;gt;n||t(e)&amp;lt;=n?e+r:(e=e.substr(0,n).replace(/([^\x00-\xff])/g,&quot;$1 &quot;).substr(0,n).replace(/[^\x00-\xff]$/,&quot;&quot;).replace(/([^\x00-\xff]) /g,&quot;$1&quot;),e+r)}function r(e,t){return e+=e.indexOf(&quot;?&quot;)&amp;gt;=0?&quot;&amp;amp;&quot;:&quot;?&quot;,e+$.param(t)}function i(e){b.appid=e,$.ajax({type:&quot;GET&quot;,url:g,data:{office_id:e,check_sub:1,homepage_from:&quot;dusite_artdetail_sub&quot;,url:decodeURIComponent(f.originUrl)},dataType:&quot;jsonp&quot;,success:function(e){e&amp;amp;&amp;amp;0===e.code&amp;amp;&amp;amp;($.extend(b,e.data),c(),u()),o()},error:function(){o()}})}function o(){y.tool&amp;amp;&amp;amp;y.tool.show()}function a(e){e&amp;amp;&amp;amp;&quot;cambrian&quot;===e.type&amp;amp;&amp;amp;(b.name=e.title,b.avatar=e.logo,s())}function s(){var e=f.view.$sfHead.find(&quot;.sfa-title&quot;);y.tool=f.view.$sfHead.find(&quot;.sfa-tool&quot;),y.tool.hide();var r=navigator.userAgent;r.match(/light/i)&amp;amp;&amp;amp;f.view.$sfHead.find(&quot;.sfa-back&quot;).hide();var i=b.name;t(i)&amp;gt;10&amp;amp;&amp;amp;(i=n(b.name,8,&quot;...&quot;));var o=[&#039;&amp;lt;div class=&quot;cambrian-wraper&quot;&amp;gt;&#039;,&#039;&amp;lt;div class=&quot;c-line-clamp1&quot; style=&quot;&#039;+x.content+&#039;&quot;&amp;gt;&#039;,&#039;&amp;lt;a class=&quot;cambrian-wraper-inner&quot; href=&quot;javascript:void(0);&quot;&amp;gt;&#039;,&#039;&amp;lt;img class=&quot;cambrian-avatar&quot; style=&quot;&#039;+x.avatar+&#039;&quot; src=&quot;&#039;+b.avatar+&#039;&quot; width=22 height=22 alt=&quot;&quot;&amp;gt;&#039;,&#039;&amp;lt;span class=&quot;cambrian-title&quot; style=&quot;&#039;+x.nameText+&#039;&quot;&amp;gt;&#039;+i+&quot;&amp;lt;/span&amp;gt;&quot;,&quot;&amp;lt;/a&amp;gt;&quot;,&#039;&amp;lt;div class=&quot;cambrain-subscribe&quot; style=&quot;&#039;+x.subscribe+&#039;&quot;&amp;gt;关注&amp;lt;/div&amp;gt;&#039;,&quot;&amp;lt;/div&amp;gt;&quot;,&quot;&amp;lt;/div&amp;gt;&quot;];e.html(o.join(&quot;&quot;)),$(&#039;&amp;lt;style id=&quot;cambrianstyle&quot;&amp;gt;&#039;+x.cambrainCss+&quot;&amp;lt;/style&amp;gt;&quot;).appendTo(&quot;#super-frame .sfa-head&quot;),y.titleEl=e,y.avatar=e.find(&quot;.cambrian-avatar&quot;),y.name=e.find(&quot;.cambrian-title&quot;),y.subscribe=e.find(&quot;.cambrain-subscribe&quot;).hide()}function c(){y.titleEl||s();var e=b.name;t(e)&amp;gt;10&amp;amp;&amp;amp;(e=n(b.name,8,&quot;...&quot;)),y.name.html(e),y.avatar.attr(&quot;src&quot;,b.avatar),b.subscribe&amp;amp;&amp;amp;(y.subscribe.html(&quot;已关注&quot;),y.subscribe.addClass(&quot;cambrain-subscribe-added&quot;)),y.subscribe.show(),b.homepage&amp;amp;&amp;amp;(y.titleEl.find(&quot;.cambrian-wraper-inner&quot;).attr(&quot;href&quot;,r(b.homepage,{ct:57,cst:1})),$(&#039;&amp;lt;style id=&quot;cambrianstyle-active&quot;&amp;gt;&#039;+x.wrapper+&quot;&amp;lt;/style&amp;gt;&quot;).appendTo(&quot;#super-frame .sfa-head&quot;));var i=new m(&quot;cambrian&quot;,{onLine:1}),o=function(){b.subscribe?(y.subscribe.removeClass(&quot;cambrain-subscribe-added&quot;),y.subscribe.html(&quot;关注&quot;),i.toast({type:&quot;tips&quot;,text:&quot;已取消关注&quot;})):(y.subscribe.addClass(&quot;cambrain-subscribe-added&quot;),y.subscribe.html(&quot;已关注&quot;),i.toast({type:&quot;click&quot;})),b.subscribe=!b.subscribe};y.subscribe.on(&quot;click&quot;,function(){var e={type:&quot;dusite&quot;,op_type:b.subscribe?&quot;cancel&quot;:&quot;add&quot;,sfrom:&quot;dusite&quot;,source:&quot;dusite_se_landingpage&quot;,third_id:b.appid};page.log.send(b.subscribe?{ct:57,cst:19,clk_extra:JSON.stringify({a:b.appid,u:f.originUrl})}:{ct:57,cst:18,clk_extra:JSON.stringify({a:b.appid,u:f.originUrl})}),i.subscribe(e,o)})}function u(){var e={icon:&quot;&amp;amp;#xe63a&quot;,text:&quot;分享&quot;,click:function(){page.log.send({ct:57,cst:3,clk_extra:JSON.stringify({a:b.appid,u:f.originUrl})});var e={url:b.article.share_url?r(b.article.share_url,{ct:57,cst:17}):location.href.toString().replace(&quot;tn=normal&quot;,&quot;tn=nohead&quot;),title:b.article.title||&quot;来百度关注&quot;+b.name+&quot;有惊喜&quot;,content:&quot;好友给您分享了一篇来自&quot;+b.name+&quot;的文章，点击立即查看精彩内容。&quot;,iconUrl:b.article.thumbnail_url&amp;amp;&amp;amp;b.article.thumbnail_url[0]||b.avatar,loginfo:{clk_from:&quot;mms_mip&quot;}},t=new p(e);t.popup()}},t={icon:&quot;&amp;amp;#xe63e&quot;,text:&quot;咨询&quot;,click:function(){page.log.send({ct:57,cst:5,clk_extra:JSON.stringify({a:b.appid,u:f.originUrl})}),b.is_login?l():d()}},n=[];n=h.version_compare(h.getVersion(),v)&amp;gt;=0?[e,t]:[e],f.view.setHeadActionIcons(n,{maxIcons:1}),y.tool.on(&quot;click&quot;,&quot;.sfa-action-more&quot;,function(){page.log.send({ct:57,cst:2,clk_extra:JSON.stringify({a:b.appid,u:f.originUrl})})})}function l(){h.isIOS?h.ios.invokeApp(&quot;invokePlug&quot;,{action:&quot;open&quot;,params:encodeURIComponent(JSON.stringify({plugin_id:&quot;box.plugin.cambrian&quot;,args:&quot;source_app=baiduboxapp&amp;amp;referer=myduzhan&amp;amp;paid=&quot;+b.pa_uid+&quot;&amp;amp;title=&quot;+b.name+&quot;&amp;amp;method_name=invokeChat&quot;})),minver:v}):h.isAndroid&amp;amp;&amp;amp;h.android.invokeApp(&quot;Bdbox_android_plugin&quot;,&quot;invokePlugin&quot;,[JSON.stringify({package_name:&quot;com.baidu.cambrian&quot;,method_name:&quot;invokeChat&quot;,params:{paid:b.pa_uid,title:b.name}})])}function d(){var e={tpl:&quot;cambrian&quot;,third_login:1};h.isIOS?(e.func=_,h.ios.invokeApp(&quot;account&quot;,{action:&quot;logindialog&quot;,params:JSON.stringify(e),minver:&quot;5.5.0.0&quot;},&quot;&quot;)):h.isAndroid&amp;amp;&amp;amp;h.android.invokeApp(&quot;Bdbox_android_account&quot;,&quot;loginDialog&quot;,[JSON.stringify(e),_])}var f,p=e(&quot;../../pmd/share/share&quot;),h=e(&quot;uiamd/bdbox/base&quot;),m=e(&quot;uiamd/bdbox/follow&quot;),g=&quot;//msite.baidu.com/home/bar&quot;,v=&quot;8.5.0.0&quot;,w={},b={},y={},x={content:&quot;height: 44px;margin:0 auto;position:relative;&quot;,avatar:&quot;border-radius:50%;position:relative;top:-1px;vertical-align: middle;&quot;,nameText:&quot;overflow:hidden;text-overflow:ellipsis;color:#333;text-decoration:none;vertical-align: middle;margin-left: 10px;&quot;,subscribe:&quot;position:absolute;font-size:12px;-webkit-box-sizing:border-box;-moz-box-sizing:border-box;box-sizing:border-box;text-align:center;line-height:normal;&quot;,wrapper:&quot;.sfa-title .cambrian-wraper-inner:active{color:#333;}&quot;,cambrainCss:&quot;.sfa-head .sfa-title,.sfa-head .sfa-back,.sfa-head .sfa-tool,.sfa-head .sfa-action-item{-webkit-tap-highlight-color:transparent;}.sfa-head .sfa-title{padding: 0;}.sfa-title .cambrian-wraper{margin: 0 48px 0 52px;}.sfa-head .cambrian-wraper-inner{display:block;margin: 0 auto;position: absolute;line-height: normal;top: 50%;left: 50%;-webkit-transform: translate(-50%, -50%);-moz-transform: translate(-50%, -50%);-ms-transform: translate(-50%, -50%);-o-transform: translate(-50%, -50%);transform: translate(-50%, -50%);-webkit-tap-highlight-color:rgba(51,51,51,.4);}.sfa-title .cambrian-title{max-width:100px;background:#fff;}.sfa-title .cambrain-subscribe{width:54px;padding:3px 0;top:10px;right:0;color:#333;border: 1px solid #333;}.sfa-title .cambrain-subscribe:active{background:rgba(0, 0, 0, .05);}.sfa-title .cambrain-subscribe-added{color:#999;border:1px solid #999;}@media screen and (max-width: 320px){.sfa-title .cambrian-title{max-width:88px;}.sfa-title .cambrain-subscribe{width:48px;padding:3px 0;}}&quot;},_=&quot;_SF_CAMBRIAN_&quot;+(new Date).getTime()+&quot;_&quot;;return window[_]=function(e){0===parseInt(e,10)&amp;amp;&amp;amp;(b.is_login=!0,l())},w.setup=function(e){h.isBox&amp;amp;&amp;amp;(y={},b={},f=e,a(f.titleExtra),f.loader.on(&quot;mip-cambrian-header&quot;,function(e,t){i(t.data||&quot;&quot;)}))},w}),define(&quot;sf25/lib/mipperflog&quot;,[&quot;require&quot;],function(){var e=function(e,t){this.baseUrl=page.https.domain.get(&quot;http://sestat.baidu.com/mpwb.gif&quot;),this.timing=e,this.duration={},this.params={type:3,fm:&quot;disp&quot;},this.status=0,this.error=0;try{this.clksig=page.utils.getEventSignature(t.event)}catch(n){}};return e.prototype.setErrorCode=function(e){0===e?(this.status=0,this.error=0):(this.status=1,this.error=e)},e.prototype.sendLog=function(){if(!this.logSent){this.logSent=!0,this.clearSendTimeout();var e=$.extend({},this.duration,{status:this.status,error:this.error,sig:this.clksig}),t=$.extend({},this.params,{data:JSON.stringify(e)});t=$.param(t,!0);var n=new Image;n.src=this.baseUrl+&quot;?&quot;+t}},e.prototype.setDuration=function(e,t,n){if(this.timing[t]&amp;amp;&amp;amp;this.timing[n]){var r=this.timing[n]-this.timing[t];return r&amp;gt;1e4||isNaN(r)||1/0===r?!0:(this.duration[e]=r,!0)}return!1},e.prototype.updateTiming=function(e){for(var t in e)this.timing[t]=e[t];var n=!0;n&amp;amp;=this.setDuration(&quot;stm&quot;,&quot;userClickTime&quot;,&quot;sfMipStartTime&quot;),n&amp;amp;=this.setDuration(&quot;dtm&quot;,&quot;userClickTime&quot;,&quot;MIPStart&quot;),n&amp;amp;=this.setDuration(&quot;atm&quot;,&quot;userClickTime&quot;,&quot;MIPPageShow&quot;),n&amp;amp;=this.setDuration(&quot;rtm&quot;,&quot;MIPStart&quot;,&quot;MIPDomContentLoaded&quot;),n&amp;amp;=this.setDuration(&quot;otm&quot;,&quot;MIPPageShow&quot;,&quot;MIPFirstScreen&quot;),this.setDuration(&quot;ntm&quot;,&quot;fetchStart&quot;,&quot;responseEnd&quot;),n&amp;amp;&amp;amp;this.sendLog()},e.prototype.setSendTimeout=function(e){this.clearSendTimeout();var t=this;this.timeoutId=setTimeout(function(){this.mipCanPerf?(t.duration.ltm=t.duration.ltm||Date.now()-this.timing.userClickTime,t.setErrorCode(1),t.sendLog()):t.sendLog()},e)},e.prototype.clearSendTimeout=function(){this.timeoutId&amp;amp;&amp;amp;clearTimeout(this.timeoutId),this.timeoutId=void 0},e}),define(&quot;sf25/lib/monitor&quot;,[&quot;require&quot;,&quot;sf25/view/viewFactory&quot;],function(e){function t(e){return e?e.service&amp;amp;&amp;amp;e.service.name?e.query&amp;amp;&amp;amp;e.query.actname&amp;amp;&amp;amp;&quot;act_sf_mip&quot;===e.query.actname?&quot;sf-mip&quot;:e.service.name:e.pathPattern?e.pathPattern.toString():&quot;&quot;:&quot;invalid&quot;}function n(e){var n=t(e);if(&quot;scene&quot;===n){var r=o.get(e.url);if(!r||!r.$sfBody)return!1;var i=r.$sfBody.find(&quot;.c-result&quot;).length,a=r.$sfBody.find(&quot;.sfa-noresult-tips&quot;).length;return r.$sfBody.height()&amp;lt;50&amp;amp;&amp;amp;!i&amp;amp;&amp;amp;!a?!0:!1}return&quot;tab&quot;===n?e.service.getContainer(e).find(&quot;b-scene-body&quot;).height()&amp;lt;50:$(&quot;#sfr-app .sfa-body&quot;).height()&amp;lt;50}function r(e,n){e=e||{},e.svc=t(n),e.query=page&amp;amp;&amp;amp;page.comm&amp;amp;&amp;amp;page.comm.query||&quot;&quot;,e.lid=page&amp;amp;&amp;amp;page.comm&amp;amp;&amp;amp;page.comm.lid||&quot;&quot;,e.tanet=page&amp;amp;&amp;amp;page.comm&amp;amp;&amp;amp;page.comm.tanet||0,(&quot;scene&quot;===e.svc||&quot;tab&quot;===e.svc)&amp;amp;&amp;amp;(e.pd=n&amp;amp;&amp;amp;n.query&amp;amp;&amp;amp;n.query.pd||&quot;invalid&quot;,n&amp;amp;&amp;amp;n.query&amp;amp;&amp;amp;n.query.atn&amp;amp;&amp;amp;(e.atn=n.query.atn));var r=&quot;type=sfmonitor&amp;amp;terminal=sf&quot;;for(var o in e)r+=&quot;&amp;amp;&quot;+o+&quot;=&quot;+e[o];var a=new Image;a.src=page.https.domain.get(i+&quot;?&quot;+r)}var i=&quot;http://sestat.baidu.com/cm.gif&quot;,o=e(&quot;sf25/view/viewFactory&quot;),a={},s=[],c=[],u=[{type:&quot;timeout3s&quot;,time:3e3},{type:&quot;timeoutfirst&quot;,time:6e3}];return a.start=function(e){e&amp;amp;&amp;amp;e.options&amp;amp;&amp;amp;void 0!==e.options.id&amp;amp;&amp;amp;(s[e.options.id]||(s[e.options.id]={}),s[e.options.id].startTime=(new Date).getTime(),u.forEach(function(t,i){c[i]||(c[i]=[]),c[i][e.options.id]=setTimeout(function(){n(e)&amp;amp;&amp;amp;r({st:t.type},e)},t.time)}))},a.stop=function(e){if(e&amp;amp;&amp;amp;e.options&amp;amp;&amp;amp;void 0!==e.options.id){s[e.options.id]||(s[e.options.id]={});var t=s[e.options.id].startTime||0;if(n(e)){var i=(new Date).getTime()-t;r({leave:i},e)}delete s[e.options.id],u.forEach(function(t,n){c[n]&amp;amp;&amp;amp;c[n][e.options.id]&amp;amp;&amp;amp;clearTimeout(c[n][e.options.id])})}},a}),define(&quot;sf25/lib/scriptLoader&quot;,[&quot;require&quot;],function(){function e(e){var o=i();if(!o)return console.warn(&quot;Unable to find current script.&quot;),void r(e);var a=o.getAttribute(&quot;data-evaluator-id&quot;);if(!a)return console.warn(&quot;Unable to find fp, dynamic loaded &amp;lt;script&amp;gt;?&quot;,o),void r(e);for(var s=t(a),c=s.pendingScripts,u=0,l=parseInt(o.getAttribute(&quot;data-script-index&quot;),10);u&amp;lt;c.length&amp;amp;&amp;amp;c[u].index&amp;lt;=l;)u++;c.splice(u,0,{index:l,fn:e}),setTimeout(n.bind(null,s))}function t(e){return o[e]||(o[e]={lastIndex:-1,fp:window[e],pendingScripts:[]}),o[e]}function n(e){for(var t=e.pendingScripts;t.length&amp;amp;&amp;amp;t[0].index&amp;lt;=e.lastIndex+1;){var n=t.shift();setTimeout(e.fp.bind(window,n.fn)),e.lastIndex=Math.max(n.index,e.lastIndex)}}function r(e){var t=_SF_?_SF_.vw:{},n=_SF_?_SF_.page:{},r=_SF_?_SF_._global_:{};e.call(window,t,n,r)}function i(){if(document.currentScript)return document.currentScript;for(var e=document.getElementsByTagName(&quot;script&quot;),t=e.length;t--;){var n=e[t];if(&quot;interactive&quot;===n.readyState)return n}return null}var o={};return window._superframeJSLoader=e,{loader:e}}),define(&quot;sf25/lib/webbDisp&quot;,[&quot;require&quot;],function(){function e(e){return e?e.service&amp;amp;&amp;amp;e.service.name?e.service.name:e.pathPattern?e.pathPattern.toString():&quot;&quot;:&quot;invalid&quot;}function t(e){return e&amp;amp;&amp;amp;e.options&amp;amp;&amp;amp;e.options.id?r+e.options.id:r+&quot;00&quot;}function n(e){return e.event&amp;amp;&amp;amp;&quot;object&quot;==typeof page&amp;amp;&amp;amp;page.utils&amp;amp;&amp;amp;page.utils.getEventSignature?page.utils.getEventSignature(e.event):void 0}var r=&quot;&quot;+Date.now()+Math.round(1e3*Math.random()),i=[];return{start:function(r,o){var a={type:&quot;wp_sf&quot;,action:&quot;show&quot;,ext:{pd:e(r),sfname:&quot;2.5&quot;,applid:t(r)}},s=n(o);s&amp;amp;&amp;amp;(a.ext.sig=s),i.push(s),window.webb&amp;amp;&amp;amp;webb.ia&amp;amp;&amp;amp;webb.ia.send(a)},stop:function(n){var r={type:&quot;wp_sf&quot;,action:&quot;close&quot;,ext:{pd:e(n),sfname:&quot;2.5&quot;,applid:t(n),sig:i.pop()}};window.webb&amp;amp;&amp;amp;webb.ia&amp;amp;&amp;amp;webb.ia.send(r)},domready:function(r,i,o){window.webb&amp;amp;&amp;amp;webb.disp&amp;amp;&amp;amp;webb.disp.set(&quot;base_sf25&quot;,function(){var a=e(i),s={size:{doc:{w:r.vw&amp;amp;&amp;amp;r.vw.container?$(r.vw.container).width():0,h:r.vw&amp;amp;&amp;amp;r.vw.container?$(r.vw.container).height():0},wind:{w:$(window).width(),h:$(window).height()},scr:{w:screen.width,h:screen.height}},vsb:document.visibilityState?document.visibilityState:0,applid:t(i),sig:n(o)};return a&amp;amp;&amp;amp;(s.pd=a),s.num=1,s}).sendDisp()}}}),define(&quot;sf25/resource/sceneResource&quot;,[&quot;sfr&quot;],function(e){var t=e.resource,n=e.cache,r=n.create(&quot;sceneResouce&quot;,{limit:20}),i=function(e){return this.url=e,this};return i.prototype.getPage=function(e){return this.queryPromise?e&amp;amp;&amp;amp;new t(this.url).query():(this.resource=new t(this.url),this.queryPromise=this.resource.query()),this.queryPromise},i.getInstance=function(e,t){t=t||&quot;&amp;amp;mod=1&quot;,e+=t;var n;return(n=r.get(e))?n:(n=new i(e),r.set(e,n),n)},i}),define(&quot;sf25/resource/stream&quot;,[&quot;require&quot;],function(){function e(){this.buffer=[],this.events={data:null,end:null,readable:null,error:null},this.state=t,this.err=null}var t=1,n=2,r=3;return e.prototype.on=function(e,t){if(&quot;function&quot;!=typeof t)throw new Error(&quot;callback is not a function:&quot;+t);this.events[e]=t,this.flush()},e.prototype.write=function(e){this.buffer.push(e),this.flush()},e.prototype.error=function(e){this.err=e||new Error(&quot;unkown error&quot;),this.flush()},e.prototype.end=function(){this.state===t&amp;amp;&amp;amp;(this.state=n,this.flush())},e.prototype.read=function(){return this.buffer.shift()},e.prototype.flush=function(){if(this.err)return void(this.events.error&amp;amp;&amp;amp;(this.events.error(this.err),this.events.error=null));for(this.buffer.length&amp;amp;&amp;amp;this.events.readable&amp;amp;&amp;amp;(this.events.readable(),this.events.readable=null);this.buffer.length&amp;amp;&amp;amp;this.events.data;)this.events.data(this.read());this.state===n&amp;amp;&amp;amp;this.events.end&amp;amp;&amp;amp;(this.state=r,this.events.end())},e}),define(&quot;sf25/resource/template&quot;,[&quot;sfr&quot;,&quot;sf25/resource/stream&quot;],function(e,t){function n(e,n){var i,o,a=new t,l=s.createTokenStream(e,n),d=&quot;&quot;;return l.on(&quot;data&quot;,function(e){for(d+=e;(i=c.exec(d))&amp;amp;&amp;amp;(o=u.exec(d));){var t=r(i[0]),n=i.index+i[0].length;t.innerHTML=d.slice(n,o.index),d=d.substr(o.index+o[0].length),a.write(t)}}),l.on(&quot;end&quot;,function(){a.end()}),l.on(&quot;error&quot;,function(e){a.error(e)}),a}function r(e){for(var t,n=e.replace(/^&amp;lt;template/i,&quot;&quot;).replace(new RegExp(&quot;&amp;gt;$&quot;),&quot;&quot;),r=/([\w-]+)(?:=(&#039;[^&#039;]*&#039;|&quot;[^&quot;]*&quot;))?/g,i={};t=r.exec(n);){var o=t[1],a=(t[2]||&quot;&quot;).slice(1,-1);i[o]=a}return i}function i(e,n){function r(){var e=this.responseText.length;if(s!==e){var t=this.responseText.substring(s,e);s=e,i.write(t)}}n=a.defaultsDeep({xhrFields:{onprogress:r}},n);var i=new t,s=0;return n.url=e,o.ajax(e,n).catch(function(e){throw e.code=&quot;EFETCH&quot;,e}).then(function(e){r.call(e),i.end()}).catch(function(t){i.error(t),setTimeout(function(){var n=&quot;EFETCH&quot;===t.code?&quot;fetch error&quot;:&quot;render error&quot;;throw console.error(n,e),t})}),i}var o=e.http,a=e._,s={},c=/&amp;lt;template(\s+[^&amp;gt;]*)?&amp;gt;/i,u=/&amp;lt;\/template&amp;gt;/i;return s.rBeginTemplate=c,s.rEndTemplate=u,s.createReadStream=n,s.createTokenStream=i,s.parseTemplateTag=r,s}),define(&quot;sf25/service/baikeService&quot;,[&quot;require&quot;,&quot;sf25/config&quot;,&quot;sfr&quot;,&quot;sf25/service/commonService&quot;,&quot;sf25/resource/template&quot;,&quot;sf25/view/commonView&quot;],function(e){var t=e(&quot;sf25/config&quot;).baike,n=e(&quot;sfr&quot;).action,r=e(&quot;sf25/service/commonService&quot;),i=e(&quot;sf25/resource/template&quot;),o=e(&quot;sf25/view/commonView&quot;),a=new r;a.name=t.name,a.commonViewOptions={headBackground:&quot;#459df5&quot;,headColor:&quot;#fff&quot;,headTitle:&quot;百度百科&quot;,headHeight:&quot;44px&quot;,backHtml:&quot;&quot;,customClassName:&quot;wa-bk-polysemy-sf&quot;},a.createView=function(){var e=new o,t=e.prepareRender;return e.prepareRender=function(){t.call(this),this.renderer.clientFunction=function(e){return[&quot;function (vw, page, _global_) {&quot;,&quot;    var require = page.require;&quot;,&quot;    var define = page.define;&quot;,e,&quot;}&quot;].join(&quot;\n&quot;)}},e},a.createTemplateStream=function(e){var n=t.baseUrl,r=&quot;&quot;;if(!e.url.match(/^\/sf_bk\//))throw new Error(&quot;cant&#039;t match PATH: Missed keyword(/^/sf_bk//) in this URL(&quot;+e.url+&quot;)&quot;);if(r=e.url.replace(/^.*\/sf_bk/,n),r.match(/\?/)){var o=r.split(&quot;#&quot;)[0],a=r.indexOf(&quot;#&quot;)&amp;gt;0?r.substr(r.indexOf(&quot;#&quot;)):&quot;&quot;;r=o+&quot;&amp;amp;mod=1&quot;+a}else r+=&quot;?mod=1&quot;;return i.createReadStream(r,{xhrFields:{withCredentials:!0}})},n.regist(/^\/sf_bk\//,a)}),define(&quot;sf25/service/commonService&quot;,[&quot;require&quot;,&quot;sfr&quot;,&quot;sf25/view/commonView&quot;,&quot;sf25/resource/template&quot;,&quot;sf25/lib/monitor&quot;,&quot;sf25/lib/webbDisp&quot;,&quot;sf25/lib/boxLog&quot;],function(e){var t=e(&quot;sfr&quot;),n=e(&quot;sf25/view/commonView&quot;),r=e(&quot;sf25/resource/template&quot;),i=e(&quot;sf25/lib/monitor&quot;),o=e(&quot;sf25/lib/webbDisp&quot;),a=t.service,s=t.cache,c=s.create(&quot;commonViews&quot;),u=e(&quot;sf25/lib/boxLog&quot;),l=new a;l.createTemplateStream=function(e){return r.createReadStream(e.url)},l.createView=function(){return new n},l.create=function(e,t,n){i.start(e),u.start(e);var r=c.get(e.url);r||(r=this.createView(e,t,n),c.set(e.url,r));var o=$.extend({},this.commonViewOptions,e.options&amp;amp;&amp;amp;e.options.view);r.renderFrame(o),r.vw.performance.requestStart=Date.now(),r.setTemplateStream(this.createTemplateStream(e,n)),r.enterAnimate=!1;var a=e&amp;amp;&amp;amp;e.options&amp;amp;&amp;amp;e.options.skipAllAnimation,s=e&amp;amp;&amp;amp;e.options&amp;amp;&amp;amp;e.options.src;return a||&quot;history&quot;===s||&quot;back&quot;===s||&quot;sync&quot;===s?e||t||(r.enterAnimate=!0):r.enterAnimate=!0,n&amp;amp;&amp;amp;(&quot;function&quot;==typeof n.enterAnimation&amp;amp;&amp;amp;(r.startEnterAnimate=n.enterAnimation),&quot;function&quot;==typeof n.exitAnimation&amp;amp;&amp;amp;(r.startExitAnimate=n.exitAnimation)),r.startEnterAnimate(e,t,n)},l.attach=function(e,t,n){o.start(e,n);var r=c.get(e.url);scrollTo(0,0),r.render().then(function(){return o.domready(r,e,n),r.attach()}).catch(function(t){var n=t.status;if(&quot;number&quot;!=typeof n&amp;amp;&amp;amp;(n=t.code||901),console.error(&quot;RenderError, redirecting...&quot;,t),&quot;sync&quot;!==e.options.src){var r=location.search+(location.search?&quot;&amp;amp;&quot;:&quot;?&quot;);r+=&quot;sfr_fb=&quot;+n;var i=location.protocol+&quot;//&quot;+location.host+location.pathname+r+location.hash;location.replace(i)}})},l.update=function(e,t){var n=c.get(e.url);return n.update(e,t)},l.detach=function(e,t,n){i.stop(t),o.stop(t,n),u.stop(t);var r=c.get(t.url);return r.detach()},l.destroy=function(e,t,n){var r=c.get(t.url),i=t&amp;amp;&amp;amp;t.options&amp;amp;&amp;amp;t.options.useDOMCache;r.exitAnimate=!1;var o=e&amp;amp;&amp;amp;e.options&amp;amp;&amp;amp;e.options.skipAllAnimation,a=e&amp;amp;&amp;amp;e.options&amp;amp;&amp;amp;e.options.src;return o||&quot;back&quot;!==a?e||t||(r.exitAnimate=!0):r.exitAnimate=!0,r.startExitAnimate(e,t,n).then(function(){i?r.hideView():(r.removeDom(),c.remove(t.url))})},l.getContainer=function(e){var t=c.get(e.url);return t.$container};var d=function(){};return d.prototype=l,d.prototype.constructor=d,d}),define(&quot;sf25/service/ecomService&quot;,[&quot;require&quot;,&quot;sf25/service/commonService&quot;,&quot;sf25/resource/template&quot;,&quot;sf25/config&quot;,&quot;sfr&quot;,&quot;sf25/view/ecomView&quot;],function(e){var t=e(&quot;sf25/service/commonService&quot;),n=e(&quot;sf25/resource/template&quot;),r=e(&quot;sf25/config&quot;).ecom,i=e(&quot;sfr&quot;).action,o=r.baseUrl,a=new t,s=e(&quot;sf25/view/ecomView&quot;);a.createTemplateStream=function(e){var t=o+e.url+&quot;&amp;amp;mod=1&quot;;return n.createReadStream(t)},a.createView=function(){return new s},i.regist(&quot;/ecom&quot;,a)}),define(&quot;sf25/service/graphService&quot;,[&quot;require&quot;,&quot;sf25/config&quot;,&quot;sfr&quot;,&quot;sf25/service/commonService&quot;,&quot;sf25/resource/template&quot;],function(e){var t=e(&quot;sf25/config&quot;).graph,n=e(&quot;sfr&quot;).action,r=e(&quot;sf25/service/commonService&quot;),i=e(&quot;sf25/resource/template&quot;),o=new r,a=t.baseUrl;o.commonViewOptions={headBackground:&quot;#efefef&quot;,headColor:&quot;#333&quot;,headHeight:&quot;0px&quot;,backHtml:&quot;&quot;,customClassName:&quot;graph-sfa-view&quot;},o.createTemplateStream=function(e){var t=/^\/sf_graph\/sf\/sync\?(.*)$/.exec(e.url),n=a+&quot;/sf/async?&quot;+t[1]+&quot;&amp;amp;mod=1&quot;;return i.createReadStream(n,{xhrFields:{withCredentials:!0}})},n.regist(/^\/sf_graph\//,o)}),define(&quot;sf25/service/headlineService&quot;,[&quot;require&quot;,&quot;sfr&quot;,&quot;sf25/config&quot;,&quot;sf25/service/commonService&quot;,&quot;sf25/view/domRenderView&quot;],function(e){function t(e){var t=i.baseUrl,n=e.replace(/^\/sf\/headline/,&quot;&quot;);return t+&quot;/doc/news&quot;+n}function n(e){return e.replace(new RegExp(&quot;&amp;amp;&quot;,&quot;g&quot;),&quot;&amp;amp;amp;&quot;).replace(new RegExp(&#039;&quot;&#039;,&quot;g&quot;),&quot;&amp;amp;quot;&quot;).replace(new RegExp(&quot;&#039;&quot;,&quot;g&quot;),&quot;&amp;amp;#39;&quot;).replace(new RegExp(&quot;&amp;lt;&quot;,&quot;g&quot;),&quot;&amp;amp;lt;&quot;).replace(new RegExp(&quot;&amp;gt;&quot;,&quot;g&quot;),&quot;&amp;amp;gt;&quot;)}var r=e(&quot;sfr&quot;),i=e(&quot;sf25/config&quot;).headline,o=r.action,a=e(&quot;sf25/service/commonService&quot;),s=e(&quot;sf25/view/domRenderView&quot;),c=r.http,u=new a;u.name=&quot;headline&quot;,u.createTemplateStream=function(e){return c.ajax(t(e.url),{xhrFields:{withCredentials:!1}})},u.create=r._.wrap(u.create,function(e,t,r,i){t.options.view=t.options.view||{};var o=n(t.options.headTitle||t.query.title);return t.options.view.headTitle=o,e.call(this,t,r,i)}),u.createView=function(){return new s},o.regist(/^\/sf\/headline\//,u)}),define(&quot;sf25/service/imageService&quot;,[&quot;require&quot;,&quot;sf25/config&quot;,&quot;sfr&quot;,&quot;sf25/service/commonService&quot;,&quot;sf25/resource/template&quot;,&quot;sf25/view/imageView&quot;],function(e){var t=e(&quot;sf25/config&quot;).image,n=e(&quot;sfr&quot;).action,r=e(&quot;sf25/service/commonService&quot;),i=e(&quot;sf25/resource/template&quot;),o=e(&quot;sf25/view/imageView&quot;),a=new r;a.name=t.name,a.commonViewOptions={headTitle:&quot;百度图片&quot;},a.createView=function(e){var t=/type=([^&amp;amp;]+)/.exec(e.url),n=&quot;detail&quot;;return t&amp;amp;&amp;amp;&quot;result&quot;===t[1]&amp;amp;&amp;amp;(n=&quot;result&quot;),new o(n)},a.createTemplateStream=function(e){var n=t.baseUrl,r=/type=([^&amp;amp;]+)/.exec(e.url),o=/^\/sf_image\/search.*\?(.*)$/.exec(e.url);return n+=r&amp;amp;&amp;amp;&quot;result&quot;===r[1]?&quot;/search/wiseala?&quot;+o[1]+&quot;&amp;amp;sfmod=1&quot;:&quot;/search/wiseala?&quot;+o[1]+&quot;&amp;amp;sfmod=1&quot;,i.createReadStream(n,{xhrFields:{withCredentials:!0}})},n.regist(/^\/sf_image\//,a)}),define(&quot;sf25/service/indexService&quot;,[&quot;sfr&quot;],function(e){function t(e,t){return&quot;/.*\\/s$/&quot;===e.pathPattern.toString()&amp;amp;&amp;amp;(&quot;/.*\\/s$/&quot;===t.pathPattern.toString()||&quot;/searchframe&quot;===t.path)}function n(e){if(&quot;undefined&quot;!=typeof Box&amp;amp;&amp;amp;Box.os&amp;amp;&amp;amp;Box.os.name&amp;amp;&amp;amp;Box[Box.os.name])if(&quot;ios&quot;===Box.os.name){var t={type:&quot;text&quot;,query:encodeURIComponent(e)};Box.ios.invokeApp(&quot;setquery&quot;,{params:JSON.stringify(t),minver:&quot;5.5.0.0&quot;},&quot;&quot;)}else if(&quot;android&quot;===Box.os.name)return}function r(e){return e&amp;amp;&amp;amp;&quot;/&quot;===e.pathPattern?!0:void 0}function i(e){return e&amp;amp;&amp;amp;e.path&amp;amp;&amp;amp;(&quot;/s&quot;===e.path||&quot;/searchframe&quot;===e.path||e.path.match(/\/s$/))?!0:void 0}var o,a,s=&quot;&quot;,c=e.service,u=e.action,l=window.page&amp;amp;&amp;amp;page.comm&amp;amp;&amp;amp;page.comm.useNewIs,d=$([&#039;&amp;lt;style id=&quot;activitystyle&quot;&amp;gt;&#039;,&quot;.search-page,body .se-page-hd{width:100%;position:absolute;top:-99999px;opacity:0;z-index:-1;}&quot;,&quot;&amp;lt;/style&amp;gt;&quot;].join(&quot;&quot;)),f=$([&#039;&amp;lt;style id=&quot;activitystyle&quot;&amp;gt;&#039;,&quot;.search-page{width:100%;position:absolute;top:-99999px;opacity:0;z-index:-1;}&quot;,&quot;&amp;lt;/style&amp;gt;&quot;].join(&quot;&quot;)),p=new c;p.create=function(e,n){return r(e)&amp;amp;&amp;amp;i(n)?void 0:window.view?(require([&quot;uiamd/bdbox/util&quot;],function(e){e.fullScreen(!1)}),void location.replace(e.url)):void require([&quot;search/search&quot;],function(r){s?(t(e,n)||require([&quot;uiamd/bdbox/util&quot;],function(e){e.fullScreen(!1)}),l||(a&amp;amp;&amp;amp;a.remove(),a=!1),s===e.url?(r.dispatch(&quot;resume&quot;,{current:e,prev:n}),r.dispatch(&quot;attach&quot;,{current:e,prev:n}),setTimeout(function(){scrollTo(0,o)})):(&quot;/&quot;===n.path?r.indexSearch(e.options.param||e.url):r.search(e.options.param||e.url),s=e.url)):(s=e.url,&quot;/&quot;===n.path&amp;amp;&amp;amp;r.indexSearch(e.options.param||e.url))})},p.attach=function(e){l||(a&amp;amp;&amp;amp;a.remove(),a=!1),e&amp;amp;&amp;amp;e.options&amp;amp;&amp;amp;&quot;sync&quot;!==e.options.src&amp;amp;&amp;amp;n(decodeURIComponent(page.comm.query))},p.detach=function(e,r){t(e,r)===!1&amp;amp;&amp;amp;(require([&quot;search/search&quot;],function(t){t.dispatch(&quot;detach&quot;,{current:e,prev:r})}),n(&quot;&quot;)),o=window.scrollY},p.destroy=function(e,n){if(!t(e,n))if(l);else{if(r(e))return void require([&quot;search/search&quot;],function(e){e.recoverIndex()});a=&quot;/sf/vsearch&quot;===e.pathPattern?f:d,a.appendTo(&quot;head&quot;)}};var h=function(){};h.prototype=p,h.prototype.constructor=h;var m=new h,g=new h;g.searchFrame=!0,u.regist(/.*\/s$/,m),u.regist(/.*\/searchframe$/,g),u.exist(&quot;/&quot;)||(u.regist(&quot;/&quot;,g),&quot;/&quot;===location.pathname&amp;amp;&amp;amp;u.start({root:location.pathname}))}),define(&quot;sf25/service/kuaiService&quot;,[&quot;require&quot;,&quot;sf25/config&quot;,&quot;sfr&quot;,&quot;sf25/service/commonService&quot;,&quot;sf25/resource/template&quot;],function(e){var t=e(&quot;sf25/config&quot;).kuai,n=e(&quot;sfr&quot;).action,r=e(&quot;sf25/service/commonService&quot;),i=e(&quot;sf25/resource/template&quot;),o=new r,a=t.baseUrl;o.commonViewOptions={headBackground:&quot;#fff&quot;,headColor:&quot;#333&quot;,headTitle:&quot;火车票&quot;},o.createTemplateStream=function(e){var t=&quot;&quot;,n=/^\/sf_kuai\/webapp\/train\/(.*)\.html(.*)$/.exec(e.url);if(n&amp;amp;&amp;amp;n[1]){var r=&quot;&quot;;n[2]&amp;amp;&amp;amp;(r=n[2].replace(/\?/gi,&quot;&amp;amp;&quot;)),t=a+&quot;/cserver/sf/async?pagename=&quot;+n[1]+r+&quot;&amp;amp;mod=1&quot;}return i.createReadStream(t,{xhrFields:{withCredentials:!1}})},n.regist(/^\/sf_kuai\//,o)}),define(&quot;sf25/service/marry/marryService&quot;,[&quot;require&quot;,&quot;sfr&quot;,&quot;sf25/service/commonService&quot;,&quot;sf25/view/domRenderView&quot;,&quot;sf25/utils/require&quot;,&quot;sf25/config&quot;],function(e){function t(e){return e.replace(new RegExp(&quot;&amp;amp;&quot;,&quot;g&quot;),&quot;&amp;amp;amp;&quot;).replace(new RegExp(&#039;&quot;&#039;,&quot;g&quot;),&quot;&amp;amp;quot;&quot;).replace(new RegExp(&quot;&#039;&quot;,&quot;g&quot;),&quot;&amp;amp;#39;&quot;).replace(new RegExp(&quot;&amp;lt;&quot;,&quot;g&quot;),&quot;&amp;amp;lt;&quot;).replace(new RegExp(&quot;&amp;gt;&quot;,&quot;g&quot;),&quot;&amp;amp;gt;&quot;)}var n=e(&quot;sfr&quot;),r=n.cache,i=n.action,o=e(&quot;sf25/service/commonService&quot;),a=e(&quot;sf25/view/domRenderView&quot;),s=(e(&quot;sf25/utils/require&quot;),n.http),c=new o,u=e(&quot;sf25/config&quot;),l=r.using(&quot;commonViews&quot;);c.createTemplateStream=function(){return s.ajax(u.marry.baseUrl,{})},c.createView=function(){return new a},c.commonViewOptions={headBackground:&quot;#eb3e3f&quot;,headColor:&quot;#fff&quot;,headTitle:&quot;婚纱摄影&quot;,headHeight:&quot;44px&quot;,customClassName:&quot;wa-marry-polysemy-sf&quot;},c.create=n._.wrap(c.create,function(e,n,r,i){n.options.view=n.options.view||{},1===n.options.headStyle&amp;amp;&amp;amp;(n.options.view.customClassName=&quot;sfa-view-no-head&quot;,n.options.skipAllAnimation=!0);var o=t(n.options.headTitle||n.query.title||&quot;婚纱摄影&quot;);return n.options.view.headTitle=o,e.call(this,n,r,i)}),c.attach=n._.wrap(c.attach,function(e,t,n,r){var i=(l.get(t.url),e.call(this,t,n,r));return i}),c.detach=n._.wrap(c.detach,function(e,t,n,r){var i=l.get(n.url);return i.$sfHead.find(&quot;.sfa-tool&quot;).off(&quot;click&quot;),e.call(this,t,n,r)}),c.name=u.marry.name,i.regist(/^\/sf\/marry$/,c)}),define(&quot;sf25/service/marry/meituService&quot;,[&quot;require&quot;,&quot;sfr&quot;,&quot;sf25/service/commonService&quot;,&quot;sf25/view/domRenderView&quot;,&quot;sf25/utils/require&quot;,&quot;sf25/config&quot;],function(e){function t(e){return e.replace(new RegExp(&quot;&amp;amp;&quot;,&quot;g&quot;),&quot;&amp;amp;amp;&quot;).replace(new RegExp(&#039;&quot;&#039;,&quot;g&quot;),&quot;&amp;amp;quot;&quot;).replace(new RegExp(&quot;&#039;&quot;,&quot;g&quot;),&quot;&amp;amp;#39;&quot;).replace(new RegExp(&quot;&amp;lt;&quot;,&quot;g&quot;),&quot;&amp;amp;lt;&quot;).replace(new RegExp(&quot;&amp;gt;&quot;,&quot;g&quot;),&quot;&amp;amp;gt;&quot;)}var n=e(&quot;sfr&quot;),r=n.cache,i=n.action,o=e(&quot;sf25/service/commonService&quot;),a=e(&quot;sf25/view/domRenderView&quot;),s=(e(&quot;sf25/utils/require&quot;),n.http),c=new o,u=r.using(&quot;commonViews&quot;),l=e(&quot;sf25/config&quot;);c.createTemplateStream=function(){return s.ajax(l.marryMeitu.baseUrl,{})},c.createView=function(){return new a},c.commonViewOptions={headBackground:&quot;#eb3e3f&quot;,headColor:&quot;#fff&quot;,headTitle:&quot;商家相册&quot;,headHeight:&quot;44px&quot;,customClassName:&quot;wa-meitu-polysemy-sf&quot;},c.create=n._.wrap(c.create,function(e,n,r,i){n.options.view=n.options.view||{},1===n.options.headStyle&amp;amp;&amp;amp;(n.options.view.customClassName=&quot;sfa-view-no-head&quot;,n.options.skipAllAnimation=!0);var o=t(n.options.headTitle||n.query.title||&quot;商家相册&quot;);return n.options.view.headTitle=o,e.call(this,n,r,i)}),c.attach=n._.wrap(c.attach,function(e,t,n,r){var i=(u.get(t.url),e.call(this,t,n,r));return i}),c.detach=n._.wrap(c.detach,function(e,t,n,r){var i=u.get(n.url);return i.$sfHead.find(&quot;.sfa-tool&quot;).off(&quot;click&quot;),e.call(this,t,n,r)}),c.name=l.marryMeitu.name,i.regist(&quot;/sf/marry/meitu/:poiId&quot;,c)}),define(&quot;sf25/service/mipService&quot;,[&quot;require&quot;,&quot;sf25/utils/require&quot;,&quot;sf25/view/ifsView&quot;,&quot;iframe-shell/loader&quot;,&quot;sfr&quot;,&quot;../../pmd/deps/detect&quot;,&quot;../../pmd/share/share&quot;,&quot;sf25/lib/mipperflog&quot;,&quot;sf25/lib/webbDisp&quot;,&quot;sf25/lib/cambrianBar&quot;,&quot;sf25/utils/viewLoading&quot;,&quot;sf25/lib/boxLog&quot;],function(e,t){function n(e,n){t([&quot;uiamd/bdbox/base&quot;,&quot;uiamd/bdbox/util&quot;],function(t,r){function i(){return t.isIOS&amp;amp;&amp;amp;1===t.version_compare(t.getVersion(),&quot;8.5.0&quot;)?!0:t.isAndroid&amp;amp;&amp;amp;t.version_compare(t.getVersion(),&quot;8.6&quot;)&amp;gt;=0?!0:!1}t.isBox&amp;amp;&amp;amp;(i()&amp;amp;&amp;amp;e===!0&amp;amp;&amp;amp;(e=!1,n=!0),r.fullScreen(e,n))})}function r(e){t([&quot;uiamd/bdbox/base&quot;],function(t){t.isIOS&amp;amp;&amp;amp;1===t.version_compare(t.getVersion(),&quot;8.5.0&quot;)&amp;amp;&amp;amp;t.ios.invokeApp(&quot;v5/browser/setfullscreen&quot;,{upgrade:0,fullscreen:e?1:0})})}function i(e){if(e&amp;amp;&amp;amp;e.length&amp;lt;8||0!==e.indexOf(&quot;http&quot;)&amp;amp;&amp;amp;0!==e.indexOf(&quot;//&quot;))return e;if(e.match(/^(https?\:)?\/\/mipcache.bdstatic.com/))return e.replace(/^https?\:/,&quot;&quot;);var t=&quot;//mipcache.bdstatic.com/c/&quot;;(0===e.indexOf(&quot;//&quot;)||0===e.indexOf(&quot;https&quot;))&amp;amp;&amp;amp;(t+=&quot;s/&quot;);var n=e.split(&quot;//&quot;);return n.shift(),e=n.join(&quot;//&quot;),t+e}function o(e){return N[e]=N[e]||{url:e}}function a(e){delete N[e]}function s(){j||(history.state?n(!0):n(!1,!0))}function c(){j||n(!1),r(!1)}function u(e){return e.replace(new RegExp(&quot;&amp;amp;&quot;,&quot;g&quot;),&quot;&amp;amp;amp;&quot;).replace(new RegExp(&#039;&quot;&#039;,&quot;g&quot;),&quot;&amp;amp;quot;&quot;).replace(new RegExp(&quot;&#039;&quot;,&quot;g&quot;),&quot;&amp;amp;#39;&quot;).replace(new RegExp(&quot;&amp;lt;&quot;,&quot;g&quot;),&quot;&amp;amp;lt;&quot;).replace(new RegExp(&quot;&amp;gt;&quot;,&quot;g&quot;),&quot;&amp;amp;gt;&quot;)}function l(e,t,n,r){e.logger=new C({userClickTime:n,sfMipStartTime:n},r),e.logger.params.src=w(t.url),e.logger.params.qid=t.lid,e.logger.setSendTimeout(5e3),e.loader.on(&quot;mip-performance_update&quot;,function(t,n){I.close(e.view.$SceneView),e.mipCanPerf=!0,e.logger.updateTiming(n.data)}),e.loader.on(&quot;mip-mippageload&quot;,function(){I.close(e.view.$SceneView),e.logger.duration.ltm=Date.now()-n}),setTimeout(function(){I.close(e.view.$SceneView)},5e3)}function d(e){e.loader.on(&quot;mip-urljump&quot;,function(e,t){location.href=t.data.url}),e.loader.on(&quot;mip-mibm-jumplink&quot;,function(e,t){g(t)}),e.loader.on(&quot;mip-mip_video_jump&quot;,v),e.loader.on(&quot;mip-loadiframe&quot;,m.bind(this,e))}function f(e){e.loader.on(&quot;mip-mipscroll&quot;,function(t,n){var i=n.data.direct;r(1===i?!0:!1),setTimeout(function(){e.afterResize()})})}function p(e,t,n){e.view=new _,e.view.enterAnimate=!1,t&amp;amp;&amp;amp;t.options&amp;amp;&amp;amp;&quot;history&quot;!==t.options.src&amp;amp;&amp;amp;&quot;back&quot;!==t.options.src&amp;amp;&amp;amp;&quot;sync&quot;!==t.options.src?e.view.enterAnimate=!0:t||n||(e.view.enterAnimate=!0),e.view.viewer=e.loader.viewer,O&amp;amp;&amp;amp;O.os&amp;amp;&amp;amp;&quot;ios&quot;===O.os.n&amp;amp;&amp;amp;e.view.viewer.iframe.setAttribute(&quot;scrolling&quot;,&quot;no&quot;)}function h(e){e.view.render(),e.view.renderBody(),$(e.loader.viewer.iframe).css({opacity:0}),e.loader.attach()}function m(e,t,n){var r=n.data,i=4;(r.sfhs||0===r.sfhs)&amp;amp;&amp;amp;(i=parseInt(r.sfhs,10));var o=r.click||{};if(&quot;object&quot;!=typeof o)try{o=JSON.parse(o)}catch(a){o={}}var s={view:{_hold:2}},c=&quot;redirect&quot;;o&amp;amp;&amp;amp;(0===o.anim&amp;amp;&amp;amp;(s.view.useAnimate=!1),1===o.replace&amp;amp;&amp;amp;(c=&quot;reset&quot;));var u=B[r.enc];&quot;function&quot;!=typeof u&amp;amp;&amp;amp;(u=B.mip);var l=u(r),d=b(l);if(e.restful&amp;amp;&amp;amp;d)s.lid=e.ext.lid,r.title&amp;amp;&amp;amp;(s.title=r.title),T[c](&quot;/mip&quot;+d,null,s);else{var f={word:e.uri.query.word,mod:0,tn:&quot;normal&quot;,pd:&quot;mms_mip&quot;,actname:&quot;act_sf_mip&quot;,title:r.title,top:JSON.stringify({sfhs:i}),ext:JSON.stringify({url:l,lid:e.ext.lid,hSt:e.ext.hSt}),ms:1};T[c](&quot;/mip&quot;,f,s)}}function g(e){n(!1);var t=e.data&amp;amp;&amp;amp;e.data.url;if(t){if(1===e.data.isMipNotFind)return void location.replace(decodeURIComponent(t));if(e.data.custom){var r=e.data.custom;r.sfname=&quot;activity/iframe/mip_iframe&quot;,r.srcid=e.data.srcid,t+=&quot;&amp;amp;clk_info=&quot;+encodeURIComponent(JSON.stringify(r))}location.href=t}}function v(e,t){var n={poster:t.data.poster,src:t.data.src},r={pd:&quot;mms_mipvideo&quot;,title:&quot;%E8%A7%86%E9%A2%91&quot;,actname:&quot;act_mip_video2&quot;,ext:encodeURIComponent(JSON.stringify(n))};t.data.url=function(e){var t=&quot;http://transcoder.baidu.com/sf?&quot;;for(var n in e)e.hasOwnProperty(n)&amp;amp;&amp;amp;(t+=n+&quot;=&quot;+e[n]+&quot;&amp;amp;&quot;);return t}(r),g(t)}function w(e){return e?e.replace(&quot;//mipcache.bdstatic.com/c/s/&quot;,&quot;https://&quot;).replace(&quot;//mipcache.bdstatic.com/c/&quot;,&quot;http://&quot;):&quot;&quot;}function b(e){var t=&quot;//mipcache.bdstatic.com/&quot;;if(0!==e.indexOf(t))return!1;var n=e.slice(t.length),r=encodeURIComponent(n);r=r.replace(/%2F/g,&quot;/&quot;);for(var i=0;i&amp;lt;r.length;i++){var o=r.charAt(i),a=r.charAt(i+1);if(&quot;/&quot;!==o||&quot;/&quot;===a)for(;&quot;/&quot;===r.charAt(i)&amp;amp;&amp;amp;i&amp;lt;r.length;)r=r.slice(0,i)+&quot;%2F&quot;+r.slice(i+1),i+=3}return&quot;/&quot;+r}function y(e){var t=e.replace(new RegExp(&quot;/&quot;,&quot;g&quot;),&quot;%2F&quot;);return decodeURIComponent(t)}function x(e,t){var n=new RegExp(&quot;\\?.*&quot;+t+&quot;=([^&amp;amp;]*)(&amp;amp;|$)&quot;),r=n.exec(e);return r?decodeURIComponent(r[1]):&quot;&quot;}var _=e(&quot;sf25/view/ifsView&quot;),k=e(&quot;iframe-shell/loader&quot;),S=e(&quot;sfr&quot;),T=S.action,A=S.service,O=e(&quot;../../pmd/deps/detect&quot;),E=e(&quot;../../pmd/share/share&quot;),C=e(&quot;sf25/lib/mipperflog&quot;),q=e(&quot;sf25/lib/webbDisp&quot;),R=e(&quot;sf25/lib/cambrianBar&quot;),I=e(&quot;sf25/utils/viewLoading&quot;),U=e(&quot;sf25/lib/boxLog&quot;),j=window.page&amp;amp;&amp;amp;page.comm&amp;amp;&amp;amp;page.comm.actname&amp;amp;&amp;amp;&quot;act_sf_mip&quot;===page.comm.actname,M=!0,D=&quot;&quot;;try{D=S._.get(page,&quot;comm.sampleval.WISE_TPL_COMMON_SAMPLE_FLAG&quot;)}catch(L){}var P=new A;P.name=&quot;sf-mip&quot;;var N={};P.create=function(e,t,n){U.start(e);var r=Date.now(),i=o(e.url),a={};try{a=JSON.parse(e.query.ext)}catch(c){a.lid=e.options.lid;var h=e.path.replace(/^\/mip/,&quot;&quot;).replace(/\?.*$/,&quot;&quot;);h=y(h),a.url=&quot;//mipcache.bdstatic.com&quot;+h;var m=h.match(/^\/c(?:\/s)?\/([^\/]*)\//);window.page&amp;amp;&amp;amp;page.title?i.title=page.title:e.options.title?i.title=e.options.title:m&amp;amp;&amp;amp;m[1]&amp;amp;&amp;amp;(i.title=m[1]),i.restful=!0}i.ext=a,i.uri=e;var g=e.options.tcUrl||decodeURIComponent(a.url)||&quot;&quot;,v=&quot;&quot;;if(e.options.mipCustomHash)try{v=decodeURIComponent(e.options.mipCustomHash)}catch(c){v=unescape(e.options.mipCustomHash)}if(page&amp;amp;&amp;amp;page.comm){var b=page.comm.eqid||x(document.referrer,&quot;eqid&quot;),_=page.comm.query||x(document.referrer,&quot;word&quot;);if(b||_){var S=&quot;&quot;;b&amp;amp;&amp;amp;(S+=&quot;&amp;amp;eqid=&quot;+encodeURIComponent(b)),_&amp;amp;&amp;amp;-1===v.indexOf(&quot;word=&quot;)&amp;amp;&amp;amp;(S+=&quot;&amp;amp;word=&quot;+encodeURIComponent(_)),v?v+=S:v=&quot;#&quot;+S.slice(1)}v&amp;amp;&amp;amp;(g+=v)}M&amp;amp;&amp;amp;((new Image).src=g),i.loader=new k({url:g,useMipCache:!1,viewer:{target:document.createElement(&quot;div&quot;)}}),i.title=e.query.title||i.title||&quot;&quot;;try{i.titleExtra=JSON.parse(i.title),i.title=i.titleExtra.title}catch(c){}i.title=u(i.title),i.afterResize=function(){setTimeout(function(){i.view.resize()},50)},l(i,a,r,n),d(i),f(i),i.loader.create(),p(i,e,t),s();var T=i.view.create($.extend({headTitle:i.title,headStyle:4},e.options));i.originUrl=w(i.ext.url);try{R.setup(i)}catch(c){console.error(c)}return T},P.attach=function(e,t,n){q.start(e,n);var r=o(e.url);h(r),$(window).on(&quot;pageshow&quot;,s),$(window).on(&quot;beforeunload&quot;,c),$(window).on(&quot;resize&quot;,r.afterResize),setTimeout(function(){$(r.loader.viewer.iframe).animate({opacity:1},300,function(){q.domready({vw:{container:r.loader.viewer.iframe}},e,n),r.afterResize()})},50),r.view.attach(e,t),r.view.setHeadActionIcons([{icon:&quot;&amp;amp;#xe642;&quot;,click:function(){var e={url:location.href.toString().replace(&quot;tn=normal&quot;,&quot;tn=nohead&quot;),title:r.title||&quot;&quot;,content:&quot;&quot;,loginfo:{clk_from:&quot;mms_mip&quot;}},t=new E(e);t.popup()}}])},P.detach=function(e,t,n){q.stop(t,n),U.stop(t);var r=o(t.url);return $(window).off(&quot;pageshow&quot;,s),$(window).off(&quot;beforeunload&quot;,c),$(window).off(&quot;resize&quot;,r.afterResize),&quot;&quot;+e.pathPattern!=&quot;/^\\/mip/&quot;&amp;amp;&amp;amp;c(),r.view.detach(e,t)},P.destroy=function(e,t){var n=o(t.url);return n.view.exitAnimate=!1,e&amp;amp;&amp;amp;e.options&amp;amp;&amp;amp;&quot;back&quot;===e.options.src?n.view.exitAnimate=!0:e||t||(n.view.exitAnimate=!0),n.view.destroy(e,t).then(function(){n.loader.detach(),n.loader.destroy(),a(t.url)})};var B={mip:function(e){var t=e.url||&quot;&quot;,n=0===t.indexOf(&quot;//&quot;)||0===t.indexOf(&quot;https&quot;);return t&amp;amp;&amp;amp;2!==e.pageType||!n?i(e.url):e.url||&quot;&quot;}},F=e(&quot;sfr&quot;).action;F.regist(/^\/mip/,P)}),define(&quot;sf25/service/novelService&quot;,[&quot;require&quot;,&quot;sfr&quot;,&quot;sf25/config&quot;,&quot;sf25/service/commonService&quot;,&quot;sf25/view/novelView&quot;],function(e){var t=e(&quot;sfr&quot;),n=e(&quot;sf25/config&quot;).novel,r=t.action,i=e(&quot;sf25/service/commonService&quot;),o=e(&quot;sf25/view/novelView&quot;),a=t.http,s=new i;s.createTemplateStream=function(e){var t=e.url,n=t.indexOf(&quot;#&quot;);return n&amp;gt;-1&amp;amp;&amp;amp;(t=t.substr(0,n)),t+=/\?/.test(t)?&quot;&amp;amp;&quot;:&quot;?&quot;,t+=&quot;sfr=true&quot;,a.ajax(t)},s.createView=function(){var e=new o,t=e.prepareRender;return e.prepareRender=function(){t.call(this),this.renderer.clientFunction=function(e){return[&quot;function (vw, page) {&quot;,&quot;    var Bdbox = page.Bdbox;&quot;,&quot;    var require = page.require;&quot;,&quot;    var define = page.define;&quot;,e,&quot;}&quot;].join(&quot;\n&quot;)}},e},s.create=t._.wrap(s.create,function(e,t,n,r){return t.options.view=t.options.view||{},t.options.view.customClassName=&quot;sfa-view-no-head&quot;,e.call(this,t,n,r)}),s.name=n.name,r.regist(&quot;/tcx&quot;,s)}),define(&quot;sf25/service/paiService&quot;,[&quot;require&quot;,&quot;sf25/config&quot;,&quot;sfr&quot;,&quot;sf25/service/commonService&quot;,&quot;sf25/resource/template&quot;],function(e){var t=e(&quot;sf25/config&quot;).pai,n=e(&quot;sfr&quot;).action,r=e(&quot;sf25/service/commonService&quot;),i=e(&quot;sf25/resource/template&quot;),o=t.baseUrl,a=new r;a.commonViewOptions={customClassName:&quot;zd-sf-p&quot;,headTitle:&#039;&amp;lt;p class=&quot;&amp;amp;quot;header-title&amp;amp;quot;&quot;&amp;gt;&amp;lt;span class=&quot;&amp;amp;quot;logo&amp;amp;quot;&quot;&amp;gt;&amp;lt;/span&amp;gt;&amp;lt;/p&amp;gt;&amp;lt;div class=&quot;&amp;amp;quot;share-wrap&amp;amp;quot;&quot;&amp;gt;&amp;lt;/div&amp;gt;&#039;,_hold:2,headBackground:&quot;#fff&quot;,headColor:&quot;#333&quot;},a.createTemplateStream=function(e){var t=o+&quot;/question/&quot;+e.params.qid+&quot;?mod=1&quot;;return i.createReadStream(t,{xhrFields:{withCredentials:!0}})},n.regist(&quot;/sf_p/question/:qid&quot;,a)}),define(&quot;sf25/service/sceneService&quot;,[&quot;require&quot;,&quot;sfr&quot;,&quot;sf25/view/viewFactory&quot;,&quot;sf25/resource/sceneResource&quot;,&quot;sf25/lib/monitor&quot;,&quot;uiamd/bdbox/util&quot;,&quot;sf25/utils/viewLoading&quot;,&quot;sf25/lib/boxLog&quot;],function(e){function t(e){return e.event&amp;amp;&amp;amp;&quot;object&quot;==typeof page&amp;amp;&amp;amp;page.utils&amp;amp;&amp;amp;page.utils.getEventSignature?page.utils.getEventSignature(e.event):void 0}var n=e(&quot;sfr&quot;),r=n.cache,i=e(&quot;sf25/view/viewFactory&quot;),o=e(&quot;sf25/resource/sceneResource&quot;),a=e(&quot;sf25/lib/monitor&quot;),s=e(&quot;uiamd/bdbox/util&quot;),c=e(&quot;sf25/utils/viewLoading&quot;),u=e(&quot;sf25/lib/boxLog&quot;),l=n.service,d=new l,f=r.create(&quot;sceneState&quot;,{limit:20});d.name=&quot;scene&quot;;var p=function(e){var t=f.get(e);return t&amp;amp;&amp;amp;t.scrollY||0},h=function(e,t){var n=f.get(e)||{};n.scrollY=t,f.set(e,n)};d.getResource=function(e,n,r){var i=e.url,a=t(r);return a&amp;amp;&amp;amp;(i+=&quot;&amp;amp;sig=&quot;+a),o.getInstance(i,&quot;&amp;amp;mod=1&quot;)},d.getUpdateResource=function(e,t){return o.getInstance(t.to.url,&quot;&amp;amp;mod=5&amp;amp;p_type=1&quot;)},d.create=function(e,t,n){if(a.start(e),u.start(e),e.options&amp;amp;&amp;amp;&quot;sync&quot;===e.options.src)return this.lastSyncPage=e.url,void window.view.trigger(&quot;start&quot;);if(this.lastSyncPage===e.url)return void window.view.trigger(&quot;start&quot;);var r=i.create(e.url),o=$.extend({headTitle:e.query.title||e.query.word||&quot;&quot;,headStyle:e.query.top?$.parseJSON(e.query.top).sfhs:0},e.options&amp;amp;&amp;amp;e.options.view);r.enterAnimate=!1;var c=e&amp;amp;&amp;amp;e.options&amp;amp;&amp;amp;e.options.src;return o.useAnimate!==!1&amp;amp;&amp;amp;(&quot;history&quot;!==c&amp;amp;&amp;amp;&quot;back&quot;!==c&amp;amp;&amp;amp;&quot;sync&quot;!==c?r.enterAnimate=!0:e||t||(r.enterAnimate=!0)),e&amp;amp;&amp;amp;e.query&amp;amp;&amp;amp;e.query.actname&amp;amp;&amp;amp;&quot;act_sf_mip&quot;===e.query.actname&amp;amp;&amp;amp;s.fullScreen(!0),this.getResource(e,t,n).getPage(!0),r.create(o,e,t)},d.attach=function(e,t,n){if((!e.options||&quot;sync&quot;!==e.options.src)&amp;amp;&amp;amp;this.lastSyncPage!==e.url){var r;return this.getResource(e,t,n).getPage().catch(function(t){var n=t.status;if(&quot;number&quot;!=typeof n&amp;amp;&amp;amp;(n=t.code||901),console.error(&quot;RenderError, redirecting...&quot;,t),&quot;sync&quot;!==e.options.src){var r=location.search+(location.search?&quot;&amp;amp;&quot;:&quot;?&quot;);r+=&quot;sfr_fb=&quot;+n;var i=location.protocol+&quot;//&quot;+location.host+location.pathname+r+location.hash;location.replace(i)}}).then(function(n){return r=i.get(e.url),r.attach(e,t),r.rendered?!1:(r.rendered=!0,r.renderBody(n,e),!0)}).then(function(t){c.close(r.$SceneView),r.$SceneView.css({position:&quot;static&quot;,height:&quot;auto&quot;,&quot;-webkit-transform&quot;:&quot;none&quot;,transform:&quot;none&quot;});var n=p(e.url),i=e&amp;amp;&amp;amp;e.options&amp;amp;&amp;amp;e.options.src;&quot;back&quot;!==i&amp;amp;&amp;amp;&quot;history&quot;!==i||!n?scrollTo(0,0):scrollTo(0,n),setTimeout(function(){r.$sfHead.css({&quot;-webkit-transform&quot;:&quot;none&quot;,transform:&quot;none&quot;})},0);var o=r.globals.view;o&amp;amp;&amp;amp;(t?o.one(&quot;domready&quot;,function(){o.trigger(&quot;start&quot;)}):o.trigger(&quot;start&quot;))}).catch(function(e){throw console.error(e,e.stack),e})}},d.update=function(e,t){var n=i.get(e.url);return n?(n.renderBody(null,t.extra),c.show(n.$SceneView)):($(t.extra.container).html(&quot;&quot;),c.show($(&quot;#sfa-page&quot;))),t.extra.view.trigger(&quot;destroy&quot;),this.getUpdateResource(e,t).getPage().then(function(e){n?(c.close(n.$SceneView),n.renderBody(e,t.extra)):(c.close($(&quot;#sfa-page&quot;)),i.proto.renderBody.call({globals:{}},e,t.extra))})},d.detach=function(e,t){h(t.url,window.scrollY),a.stop(t),u.stop(t);var n=i.get(t.url);return n?n.detach(e,t):void 0},d.destroy=function(e,t){var n=i.get(t.url);return n?(n.globals.view&amp;amp;&amp;amp;n.globals.view.trigger(&quot;stop&quot;),n.exitAnimate=!1,e&amp;amp;&amp;amp;e.options&amp;amp;&amp;amp;&quot;back&quot;===e.options.src?n.exitAnimate=!0:e||t||(n.exitAnimate=!0),n.exitAnimate&amp;amp;&amp;amp;scrollTo(0,p(e.url)),i.destroy({from:t,to:e})):void(window.view&amp;amp;&amp;amp;window.view.trigger(&quot;stop&quot;))};var m=function(){};return m.prototype=d,m.prototype.constructor=m,n.action.regist(&quot;/sf&quot;,new m),m}),define(&quot;sf25/service/tabService&quot;,[&quot;require&quot;,&quot;sfr&quot;,&quot;sf25/view/tabView&quot;,&quot;sf25/utils/viewManager&quot;,&quot;sf25/lib/monitor&quot;,&quot;sf25/utils/tabViewLoading&quot;],function(e){function t(e){return e.event&amp;amp;&amp;amp;&quot;object&quot;==typeof page&amp;amp;&amp;amp;page.utils&amp;amp;&amp;amp;page.utils.getEventSignature?page.utils.getEventSignature(e.event):void 0}var n=e(&quot;sfr&quot;),r=n.promise,i=n.cache,o=e(&quot;sf25/view/tabView&quot;),a=e(&quot;sf25/utils/viewManager&quot;),s=e(&quot;sf25/lib/monitor&quot;),c=e(&quot;sf25/utils/tabViewLoading&quot;),u=n.service,l=new u,d=i.create(&quot;tabState&quot;,{limit:20});l.name=&quot;tab&quot;;var f=new a(o),p=function(e){var t=d.get(e);return t&amp;amp;&amp;amp;t.scrollY||0},h=function(e,t){var n=d.get(e)||{};n.scrollY=t,d.set(e,n)};l.getResourceURL=function(e,n,r){var i=e.url,o=t(r);return o&amp;amp;&amp;amp;(i+=&quot;&amp;amp;sig=&quot;+o),i+&quot;&amp;amp;mod=1&quot;},l.getUpdateResourceURL=function(e,t){return t.to.url+&quot;&amp;amp;mod=5&amp;amp;p_type=1&quot;},l.create=function(e,t,n){if(e.url!==t.url){s.start(e);var r=f.getOrCreate(e.url),i=$.extend({headTitle:e.query.title||e.query.word||&quot;&quot;,headStyle:e.query.top?$.parseJSON(e.query.top).sfhs:0},e.options&amp;amp;&amp;amp;e.options.view);return r.enterAnimate=!1,i.url=this.getResourceURL(e,t,n),$(window).trigger(&quot;tabSwitch&quot;,e),&quot;/sf&quot;===t.pathPattern&amp;amp;&amp;amp;$(&quot;#page-hd&quot;).show(),r.create(i,e,t).then(function(){r.$mainView.css({minHeight:$(window).height()-$(&quot;#page-hd&quot;).height()})})}},l.attach=function(e,t){if(e.url!==t.url){var n;return r.resolve({}).then(function(){n=f.get(e.url),n.attach(e,t)}).then(function(){var t=p(e.url),r=e&amp;amp;&amp;amp;e.options&amp;amp;&amp;amp;e.options.src;&quot;back&quot;!==r&amp;amp;&amp;amp;&quot;history&quot;!==r||!t?scrollTo(0,0):scrollTo(0,t),setTimeout(function(){try{n.$sfHead.css({&quot;-webkit-transform&quot;:&quot;none&quot;,transform:&quot;none&quot;})}catch(e){}},0)}).catch(function(e){throw console.error(e,e.stack),e})}},l.update=function(e,t){var i,o=e.url,a=f.get(e.url);i=a?a.$mainView:$(&quot;#sfa-page&quot;),c.show(i);var s=new r(function(e){a.$sfBody.one(&quot;partial-updated&quot;,function(){e()})});return t.extra.options={disableFadein:!0},a.$sfBody[0].fusion.partialUpdate(this.getUpdateResourceURL(e,t),t.extra),s.then(function(){c.close(i),n.action.reset(o,null,{slient:!0})})},l.detach=function(e,t){if(e.url!==t.url){h(t.url,window.scrollY),s.stop(t);var n=f.get(t.url);return n.detach(e,t)}},l.destroy=function(e,t){if(e.url!==t.url){var n=f.get(t.url);n.exitAnimate=!1,n.exitAnimate&amp;amp;&amp;amp;scrollTo(0,p(e.url));var r={from:t,to:e},i=t.url;return r.from.options&amp;amp;&amp;amp;(r.from.options.view=r.from.options.view?r.from.options.view:{},r.from.options.view._hold=r.from.query.top&amp;amp;&amp;amp;$.parseJSON(r.from.query.top)._hold?$.parseJSON(r.from.query.top)._hold:r.from.options.view._hold&amp;gt;1?r.from.options.view._hold:1,r.from.options.view._hold=2),r.from.options&amp;amp;&amp;amp;r.from.options.view&amp;amp;&amp;amp;1!==r.from.options.view._hold&amp;amp;&amp;amp;f.remove(i),&quot;/sf&quot;===e.pathPattern&amp;amp;&amp;amp;$(&quot;#page-hd&quot;).hide(),n&amp;amp;&amp;amp;n.destroy(r.to,r.from)}},l.getContainer=function(e){var t=f.get(e.url);return t.$mainView};var m=function(){};return m.prototype=l,m.prototype.constructor=m,n.action.regist(&quot;/sf/vsearch&quot;,new m),m}),define(&quot;sf25/service/tcdom&quot;,[&quot;require&quot;,&quot;sfr&quot;,&quot;sf25/config&quot;,&quot;sf25/service/commonService&quot;,&quot;sf25/view/domRenderView&quot;,&quot;sf25/utils/require&quot;],function(e){function t(e){return e.replace(new RegExp(&quot;&amp;amp;&quot;,&quot;g&quot;),&quot;&amp;amp;amp;&quot;).replace(new RegExp(&#039;&quot;&#039;,&quot;g&quot;),&quot;&amp;amp;quot;&quot;).replace(new RegExp(&quot;&#039;&quot;,&quot;g&quot;),&quot;&amp;amp;#39;&quot;).replace(new RegExp(&quot;&amp;lt;&quot;,&quot;g&quot;),&quot;&amp;amp;lt;&quot;).replace(new RegExp(&quot;&amp;gt;&quot;,&quot;g&quot;),&quot;&amp;amp;gt;&quot;)}var n=e(&quot;sfr&quot;),r=e(&quot;sf25/config&quot;).tc,i=n.cache,o=n.action,a=e(&quot;sf25/service/commonService&quot;),s=e(&quot;sf25/view/domRenderView&quot;),c=e(&quot;sf25/utils/require&quot;),u=n.http,l=new a;l.name=&quot;tc&quot;;var d=i.using(&quot;commonViews&quot;);l.createTemplateStream=function(e){return u.ajax(r.baseUrl+e.url,{xhrFields:{withCredentials:!0}})},l.createView=function(){return new s},l.create=n._.wrap(l.create,function(e,n,r,i){n.options.view=n.options.view||{},1===n.options.headStyle&amp;amp;&amp;amp;(n.options.view.customClassName=&quot;sfa-view-no-head&quot;,n.options.skipAllAnimation=!0);var o=t(n.options.headTitle||n.query.title||&quot;百度转码&quot;);return n.options.view.headTitle=o,e.call(this,n,r,i)}),l.attach=n._.wrap(l.attach,function(e,t,n,i){var o=d.get(t.url),a=e.call(this,t,n,i);return o.$sfHead.find(&quot;.sfa-tool&quot;).html(&#039;&amp;lt;i class=&quot;c-icon&quot;&amp;gt;&amp;amp;#xe651&amp;lt;/i&amp;gt;&#039;),c([&quot;pmd/share/share&quot;],function(e){o.$sfHead.find(&quot;.sfa-tool&quot;).click(function(){var n={url:page.utils.link.getShareTcUrl({url:r.baseUrl+t.url,loginfo:{clk_from:&quot;transcoder_sf&quot;}}),title:t.options.view.headTitle||&quot;&quot;,content:&quot;&quot;,loginfo:{clk_from:&quot;transcoder_sf&quot;}},i=new e(n);i.popup()})}),a}),l.detach=n._.wrap(l.detach,function(e,t,n,r){var i=d.get(n.url);return i.$sfHead.find(&quot;.sfa-tool&quot;).off(&quot;click&quot;),e.call(this,t,n,r)}),o.regist(/.*\/tc$/,l)}),define(&quot;sf25/service/tcservice&quot;,[&quot;require&quot;,&quot;sf25/utils/require&quot;,&quot;../../pmd/deps/detect&quot;,&quot;sf25/config&quot;,&quot;sfr&quot;,&quot;sf25/view/ifsView&quot;,&quot;iframe-shell/loader&quot;],function(e,t){function n(e,n){t([&quot;uiamd/bdbox/util&quot;],function(t){i&amp;amp;&amp;amp;i.os&amp;amp;&amp;amp;&quot;android&quot;===i.os.n&amp;amp;&amp;amp;t.fullScreen(e,n)})}function r(e){return e.replace(new RegExp(&quot;&amp;amp;&quot;,&quot;g&quot;),&quot;&amp;amp;amp;&quot;).replace(new RegExp(&#039;&quot;&#039;,&quot;g&quot;),&quot;&amp;amp;quot;&quot;).replace(new RegExp(&quot;&#039;&quot;,&quot;g&quot;),&quot;&amp;amp;#39;&quot;).replace(new RegExp(&quot;&amp;lt;&quot;,&quot;g&quot;),&quot;&amp;amp;lt;&quot;).replace(new RegExp(&quot;&amp;gt;&quot;,&quot;g&quot;),&quot;&amp;amp;gt;&quot;)}var i=e(&quot;../../pmd/deps/detect&quot;),o=e(&quot;sf25/config&quot;).tc,a=e(&quot;sfr&quot;).action,s=e(&quot;sf25/view/ifsView&quot;),c=e(&quot;iframe-shell/loader&quot;),u=e(&quot;sfr&quot;),l=u.service,d=new l,f={},p=function(e){return f[e]=f[e]||{}},h=function(){n(!1,!0)},m=function(){n(!1)};d.create=function(e){var t=p(e.url);t.url=e.url,t.loader=new c({url:o.baseUrl+e.url,useMipCache:!1,viewer:{target:document.createElement(&quot;div&quot;)}}),t.title=r(e.options.headTitle||e.query.title||&quot;百度转码&quot;),t.afterResize=function(){setTimeout(function(){t.view.resize()},50)},t.loader.on(&quot;mip-mibm-jumplink&quot;,function(e,t){n(!1),location.href=t.url}),t.view=new s,t.view.enterAnimate=!1,t.loader.create(),t.view.viewer=t.loader.viewer,setTimeout(function(){t.view.render(),t.view.renderBody(),$(t.loader.viewer.iframe).css({opacity:0}),t.loader.attach(),t.afterResize()});var a={headTitle:t.title,customClassName:&quot;sfc-act-sf-tc-view&quot;};return i&amp;amp;&amp;amp;i.os&amp;amp;&amp;amp;&quot;android&quot;!==i.os.n&amp;amp;&amp;amp;(a.boxNoFullScreen=!0),t.view.create($.extend(a,e.options))},d.attach=function(e,n){var r=p(e.url);h(),window.$(window).on(&quot;pageshow&quot;,h),window.$(window).on(&quot;beforeunload&quot;,m),window.$(window).on(&quot;resize&quot;,r.afterResize),r.view.resize(),setTimeout(function(){$(r.loader.viewer.iframe).animate({opacity:1},300)},50),r.view.attach(e,n),t([&quot;pmd/share/share&quot;],function(e){r.view.$sfHead.find(&quot;.sfa-tool&quot;).html(&#039;&amp;lt;i class=&quot;c-icon&quot;&amp;gt;&amp;amp;#xe651&amp;lt;/i&amp;gt;&#039;).click(function(){var t={url:page.utils.link.getShareTcUrl({url:o.baseUrl+r.url,loginfo:{clk_from:&quot;transcoder_sf&quot;}}),title:r.title||&quot;&quot;,content:&quot;&quot;,loginfo:{clk_from:&quot;transcoder_sf&quot;}},n=new e(t);n.popup()})})},d.detach=function(e,t){window.$(window).off(&quot;pageshow&quot;,h),window.$(window).off(&quot;beforeunload&quot;,m);var n=p(t.url);return n.loader.detach(),window.$(window).off(&quot;resize&quot;,n.afterResize),n.view.detach(e,t)},d.destroy=function(e,t){var n=p(t.url);return n.view.exitAnimate=!1,n.loader.destroy(),n.view.destroy()},a.regist(/.*\/tc$/,d)}),define(&quot;sf25/service/wenku/gaokaoService&quot;,[&quot;require&quot;,&quot;sfr&quot;,&quot;sf25/service/commonService&quot;,&quot;sf25/resource/template&quot;,&quot;sf25/view/commonView&quot;,&quot;fusion/deps/spark&quot;,&quot;sf25/config&quot;],function(e){function t(e,t){var n=e+t,r=n.indexOf(&quot;#&quot;);return r&amp;gt;-1&amp;amp;&amp;amp;(n=n.substr(0,r)),n}function n(e,t){function n(){c.css({&quot;-webkit-transform&quot;:&quot;translate3d(100%, 0, 0)&quot;,transform:&quot;translate3d(100%, 0, 0)&quot;}).appendTo(&quot;body&quot;),s.css3(c[0],{opacity:1,&quot;-webkit-transform&quot;:&quot;translate3d(0, 0, 0)&quot;,transform:&quot;translate3d(0, 0, 0)&quot;},300,&quot;ease&quot;,0,r)}function r(){$.isFunction(t)&amp;amp;&amp;amp;t()}var i=$(window),o=i.width(),a=i.height(),c=$(&quot;&amp;lt;div&amp;gt;&amp;lt;/div&amp;gt;&quot;).css({display:&quot;block&quot;,position:&quot;fixed&quot;,left:0,top:0,width:o,height:a,overflow:&quot;hidden&quot;,opacity:0,background:&quot;#fff&quot;,zIndex:600}),u=$(e.container);u.css(&quot;visibility&quot;,&quot;hidden&quot;),e.once(&quot;beforeRender&quot;,function(){u.css(&quot;visibility&quot;,&quot;visible&quot;),c.hide()}),$([&#039;&amp;lt;div class=&quot;c-container&quot;&amp;gt;&#039;,&#039;&amp;lt;div class=&quot;c-loading&quot;&amp;gt;&#039;,&#039;&amp;lt;i class=&quot;c-icon&quot;&amp;gt;&amp;amp;#xe780&amp;lt;/i&amp;gt;&#039;,&quot;&amp;lt;p&amp;gt;加载中…&amp;lt;/p&amp;gt;&quot;,&quot;&amp;lt;/div&amp;gt;&quot;,&quot;&amp;lt;/div&amp;gt;&quot;].join(&quot;&quot;)).css({position:&quot;absolute&quot;,left:0,top:100,width:&quot;100%&quot;,height:&quot;100%&quot;,boxSizing:&quot;border-box&quot;}).appendTo(c),n()}var r=e(&quot;sfr&quot;),i=e(&quot;sf25/service/commonService&quot;),o=e(&quot;sf25/resource/template&quot;),a=e(&quot;sf25/view/commonView&quot;),s=e(&quot;fusion/deps/spark&quot;),c=e(&quot;sf25/config&quot;),u=new i;return u.commonViewOptions={customClassName:&quot;sf-edu-gaokao&quot;,headBackground:&quot;transparent&quot;,headColor:&quot;transparent&quot;,headHeight:&quot;0&quot;,headTitle:&quot;&quot;,backHtml:&quot;&quot;},u.createTemplateStream=function(e){var n=t(c.gaokao.baseUrl,e.url.split(&quot;sf_edu_gaokao&quot;)[1]);return n+=n.match(/\?/)?&quot;&amp;amp;sf_mod=1&quot;:&quot;?sf_mod=1&quot;,o.createReadStream(n,{xhrFields:{withCredentials:!0}})},u.createView=function(){var e=new a,t=e.vw;return e.startEnterAnimate=function(){var e=new $.Deferred;return n(t,function(){e.resolve()}),e.promise()},e},u.name=c.gaokao.name,r.action.regist(/^\/sf_edu_gaokao\//,u),u}),define(&quot;sf25/service/wenku/gonglveService&quot;,[&quot;require&quot;,&quot;sfr&quot;,&quot;sf25/service/commonService&quot;,&quot;sf25/resource/template&quot;,&quot;sf25/view/commonView&quot;,&quot;fusion/deps/spark&quot;,&quot;sf25/config&quot;],function(e){function t(e,t){var n=e+t,r=n.indexOf(&quot;#&quot;);return r&amp;gt;-1&amp;amp;&amp;amp;(n=n.substr(0,r)),n}function n(e,t){function n(){s.css3(p[0],{opacity:1},250,&quot;ease&quot;,0,r)}function r(){var e=c/f;p.css({&quot;transform-origin&quot;:&quot;50% 50% 0&quot;,&quot;-webkit-transform-origin&quot;:&quot;50% 50% 0&quot;}),s.css3(p[0],{transfrom:&quot;scale(1,&quot;+e+&quot;)&quot;,&quot;-webkit-transform&quot;:&quot;scale(1,&quot;+e+&quot;)&quot;},250,&quot;ease&quot;,0,i)}function i(){d.appendTo(u),$.isFunction(t)&amp;amp;&amp;amp;t()}var o=$(window),a=o.width(),c=o.height(),u=$(&quot;&amp;lt;div&amp;gt;&amp;lt;/div&amp;gt;&quot;).css({position:&quot;fixed&quot;,left:0,top:0,width:a,height:c,zIndex:600}),l=$(e.container);l.css(&quot;visibility&quot;,&quot;hidden&quot;),e.once(&quot;beforeRender&quot;,function(){l.css(&quot;visibility&quot;,&quot;visible&quot;),u.hide()}),$(&quot;&amp;lt;div&amp;gt;&amp;lt;/div&amp;gt;&quot;).css({position:&quot;absolute&quot;,left:0,top:0,width:&quot;100%&quot;,height:&quot;100%&quot;,background:&quot;rgba(0,0,0,.2)&quot;}).prependTo(u);var d=$([&#039;&amp;lt;div class=&quot;c-container&quot;&amp;gt;&#039;,&#039;&amp;lt;div class=&quot;c-loading&quot;&amp;gt;&#039;,&#039;&amp;lt;i class=&quot;c-icon&quot;&amp;gt;&amp;amp;#xe780&amp;lt;/i&amp;gt;&#039;,&quot;&amp;lt;p&amp;gt;加载中…&amp;lt;/p&amp;gt;&quot;,&quot;&amp;lt;/div&amp;gt;&quot;,&quot;&amp;lt;/div&amp;gt;&quot;].join(&quot;&quot;)).css({position:&quot;absolute&quot;,left:0,top:100,width:&quot;100%&quot;,height:&quot;100%&quot;,boxSizing:&quot;border-box&quot;}),f=30,p=$(&quot;&amp;lt;div&amp;gt;&amp;lt;/div&amp;gt;&quot;).css({position:&quot;absolute&quot;,left:0,top:(c-f)/2,width:a,height:f,background:&quot;#fff&quot;,opacity:0}).appendTo(u);u.appendTo(&quot;body&quot;),n()}var r=e(&quot;sfr&quot;),i=e(&quot;sf25/service/commonService&quot;),o=e(&quot;sf25/resource/template&quot;),a=e(&quot;sf25/view/commonView&quot;),s=e(&quot;fusion/deps/spark&quot;),c=e(&quot;sf25/config&quot;),u=new i;return u.commonViewOptions={customClassName:&quot;sf-edu-gonglve&quot;,headBackground:&quot;transparent&quot;,headColor:&quot;transparent&quot;,headHeight:&quot;0&quot;,headTitle:&quot;&quot;,backHtml:&quot;&quot;},u.createTemplateStream=function(e){var n=t(c.gonglve.baseUrl,e.url.split(&quot;sf_edu_gonglve&quot;)[1]);return n+=n.match(/\?/)?&quot;&amp;amp;sf_mod=1&quot;:&quot;?sf_mod=1&quot;,o.createReadStream(n,{xhrFields:{withCredentials:!0}})},u.createView=function(){var e=new a,t=e.vw;return e.startEnterAnimate=function(){var e=new $.Deferred;return n(t,function(){e.resolve()}),e.promise()},e},u.name=c.gonglve.name,r.action.regist(/^\/sf_edu_gonglve\//,u),u}),define(&quot;sf25/service/wenku/wenkuService&quot;,[&quot;require&quot;,&quot;sfr&quot;,&quot;sf25/service/commonService&quot;,&quot;sf25/resource/template&quot;,&quot;sf25/utils/log&quot;,&quot;sf25/view/commonView&quot;,&quot;sf25/config&quot;,&quot;sf25/utils/viewLoading&quot;],function(e){function t(e,t){var n=e+t,r=n.indexOf(&quot;#&quot;);return r&amp;gt;-1&amp;amp;&amp;amp;(n=n.substr(0,r)),n}var n=e(&quot;sfr&quot;),r=e(&quot;sf25/service/commonService&quot;),i=e(&quot;sf25/resource/template&quot;),o=e(&quot;sf25/utils/log&quot;),a=e(&quot;sf25/view/commonView&quot;),s=e(&quot;sf25/config&quot;),c=e(&quot;sf25/utils/viewLoading&quot;),u=new r;return u.commonViewOptions={customClassName:&quot;sf-edu-wenku&quot;,headBackground:&quot;transparent&quot;,headColor:&quot;transparent&quot;,headHeight:&quot;0&quot;,headTitle:&quot;&quot;,backHtml:&quot;&quot;},u.createTemplateStream=function(e,n){var r=t(s.wenku.baseUrl,e.url.split(&quot;sf_edu_wenku&quot;)[1]),a=&quot;sf_mod=1&amp;amp;sf_lid=&quot;+o.getLid()+&quot;&amp;amp;sf_sig=&quot;+o.getSig(n&amp;amp;&amp;amp;n.event);return r+=r.match(/\?/)?&quot;&amp;amp;&quot;:&quot;?&quot;,r+=a,i.createReadStream(r,{xhrFields:{withCredentials:!0}})},u.createView=function(){function e(){c.show(n.$sfBody),n.$container.css(&quot;background-color&quot;,&quot;white&quot;),n.$container.find(&quot;.sfa-loading-icon i.c-icon&quot;).css({&quot;margin-left&quot;:&quot;auto&quot;,&quot;margin-right&quot;:&quot;auto&quot;})}function t(){c.close(n.$sfBody)}var n=new a,r=n.vw,i=n.startEnterAnimate;return n.startEnterAnimate=function(){return e(),r.once(&quot;endRender&quot;,t),i.apply(n,arguments)},n},u.name=s.wenku.name,n.action.regist(/^\/sf_edu_wenku\//,u),u}),define(&quot;sf25/service/wenku/yueduService&quot;,[&quot;require&quot;,&quot;sfr&quot;,&quot;sf25/service/commonService&quot;,&quot;sf25/resource/template&quot;,&quot;sf25/view/commonView&quot;,&quot;fusion/deps/spark&quot;,&quot;sf25/config&quot;],function(e){function t(e,t){var n=e+t,r=n.indexOf(&quot;#&quot;);return r&amp;gt;-1&amp;amp;&amp;amp;(n=n.substr(0,r)),n}function n(e,t){function n(){s.css3(p[0],{opacity:1},250,&quot;ease&quot;,0,r)}function r(){var e=c/f;p.css({&quot;transform-origin&quot;:&quot;50% 50% 0&quot;,&quot;-webkit-transform-origin&quot;:&quot;50% 50% 0&quot;}),s.css3(p[0],{transfrom:&quot;scale(1,&quot;+e+&quot;)&quot;,&quot;-webkit-transform&quot;:&quot;scale(1,&quot;+e+&quot;)&quot;},250,&quot;ease&quot;,0,i)}function i(){d.appendTo(u),$.isFunction(t)&amp;amp;&amp;amp;t()}var o=$(window),a=o.width(),c=o.height(),u=$(&quot;&amp;lt;div&amp;gt;&amp;lt;/div&amp;gt;&quot;).css({position:&quot;fixed&quot;,left:0,top:0,width:a,height:c,zIndex:600}),l=$(e.container);l.css(&quot;visibility&quot;,&quot;hidden&quot;),e.once(&quot;beforeRender&quot;,function(){l.css(&quot;visibility&quot;,&quot;visible&quot;),u.hide()}),$(&quot;&amp;lt;div&amp;gt;&amp;lt;/div&amp;gt;&quot;).css({position:&quot;absolute&quot;,left:0,top:0,width:&quot;100%&quot;,height:&quot;100%&quot;,background:&quot;rgba(0,0,0,.2)&quot;}).prependTo(u);var d=$([&#039;&amp;lt;div class=&quot;c-container&quot;&amp;gt;&#039;,&#039;&amp;lt;div class=&quot;c-loading&quot;&amp;gt;&#039;,&#039;&amp;lt;i class=&quot;c-icon&quot;&amp;gt;&amp;amp;#xe780&amp;lt;/i&amp;gt;&#039;,&quot;&amp;lt;p&amp;gt;加载中…&amp;lt;/p&amp;gt;&quot;,&quot;&amp;lt;/div&amp;gt;&quot;,&quot;&amp;lt;/div&amp;gt;&quot;].join(&quot;&quot;)).css({position:&quot;absolute&quot;,left:0,top:100,width:&quot;100%&quot;,height:&quot;100%&quot;,boxSizing:&quot;border-box&quot;}),f=30,p=$(&quot;&amp;lt;div&amp;gt;&amp;lt;/div&amp;gt;&quot;).css({position:&quot;absolute&quot;,left:0,top:(c-f)/2,width:a,height:f,background:&quot;#fff&quot;,opacity:0}).appendTo(u);u.appendTo(&quot;body&quot;),n()}var r=e(&quot;sfr&quot;),i=e(&quot;sf25/service/commonService&quot;),o=e(&quot;sf25/resource/template&quot;),a=e(&quot;sf25/view/commonView&quot;),s=e(&quot;fusion/deps/spark&quot;),c=e(&quot;sf25/config&quot;),u=new i;return u.commonViewOptions={customClassName:&quot;sf-edu-yuedu&quot;,headBackground:&quot;transparent&quot;,headColor:&quot;transparent&quot;,headHeight:&quot;0&quot;,headTitle:&quot;&quot;,backHtml:&quot;&quot;},u.createTemplateStream=function(e){var n=t(c.yuedu.baseUrl,e.url.split(&quot;sf_edu_yuedu&quot;)[1]);return n+=n.match(/\?/)?&quot;&amp;amp;sf_mod=1&quot;:&quot;?sf_mod=1&quot;,o.createReadStream(n,{xhrFields:{withCredentials:!0}})},u.createView=function(){var e=new a,t=e.vw;return e.startEnterAnimate=function(){var e=new $.Deferred;return n(t,function(){e.resolve()}),e.promise()},e},u.name=c.yuedu.name,r.action.regist(/^\/sf_edu_yuedu\//,u),u}),define(&quot;sf25/service/zhidaoService&quot;,[&quot;require&quot;,&quot;sf25/config&quot;,&quot;sfr&quot;,&quot;sf25/service/commonService&quot;,&quot;sf25/resource/template&quot;],function(e){var t=e(&quot;sf25/config&quot;).zhidao,n=e(&quot;sfr&quot;).action,r=e(&quot;sf25/service/commonService&quot;),i=e(&quot;sf25/resource/template&quot;),o=t.baseUrl,a=new r;a.name=t.name,a.commonViewOptions={headBackground:&quot;#37b059&quot;,headColor:&quot;#fff&quot;,headHeight:&quot;50px&quot;,backHtml:&quot;&quot;,customClassName:&quot;zd-sf-wp&quot;},a.createTemplateStream=function(e){var t=&quot;&quot;;if(!e.url.match(/^\/sf_zd\//))throw new Error(&quot;cant&#039;t match PATH: Missed keyword(/^/sf_zd//) in this URL(&quot;+e.url+&quot;)&quot;);return t=e.url.replace(/^.*\/sf_zd/,o),t+=t.match(/\?/)?&quot;&amp;amp;mod=1&quot;:&quot;?mod=1&quot;,i.createReadStream(t,{xhrFields:{withCredentials:!0}})},n.regist(&quot;/sf_zd/question/:qid&quot;,a)}),!function(){define(&quot;sfr/router/router/URL&quot;,[&quot;require&quot;,&quot;sfr/utils/uri/component/Path&quot;,&quot;sfr/utils/uri/component/Query&quot;,&quot;sfr/utils/uri/component/Fragment&quot;,&quot;sfr/router/router/config&quot;],function(e){function t(e,t){t=t||{},e=(e||&quot;&quot;).trim()||o.path;var c=a.exec(e);c||console.warn(&quot;URI not valid:&quot;);var u=this.token=t.token||s,l=t.root||o.root;&quot;/&quot;===l.charAt(l.length-1)&amp;amp;&amp;amp;(l=l.substring(0,l.length-1)),this.root=l,e=e.split(&quot;#&quot;),this.fragment=new i(e[1]),e=e[0].split(u);var d=t.base||{};this.path=new n(e[0],d.path),this.query=new r(e[1]);var f=this.path.get();this.outRoot=0===f.indexOf(&quot;..&quot;),this.outRoot&amp;amp;&amp;amp;(f=n.resolve(l+&quot;/&quot;,f),0===f.indexOf(l)&amp;amp;&amp;amp;(f=f.substring(l.length),this.path.set(f),this.outRoot=!1)),this.outRoot||&quot;/&quot;===f.charAt(0)||this.path.set(&quot;/&quot;+f),t.query&amp;amp;&amp;amp;this.query.add(t.query)}var n=e(&quot;sfr/utils/uri/component/Path&quot;),r=e(&quot;sfr/utils/uri/component/Query&quot;),i=e(&quot;sfr/utils/uri/component/Fragment&quot;),o=e(&quot;sfr/router/router/config&quot;),a=new RegExp(&quot;^(([^:/?#]+):)?(//([^/?#]*))?([^?#]*)(\\?([^#]*))?(#(.*))?&quot;),s=&quot;?&quot;;return t.prototype.toString=function(){var e=this.root,t=this.path.get();return t=this.outRoot?n.resolve(e+&quot;/&quot;,t):e+t,t+this.query.toString(this.token)+this.fragment.toString()},t.prototype.equalPath=function(e){return this.path.get()===e},t.prototype.equal=function(e){return this.query.equal(e.query)&amp;amp;&amp;amp;this.equalPath(e.path.get())},t.prototype.equalWithFragment=function(e){return this.equal(e)&amp;amp;&amp;amp;this.fragment.equal(e.fragment)},t.prototype.getQuery=function(){return this.query.get()},t.prototype.getPath=function(){return this.path.get()},t}),define(&quot;sfr/router/router/config&quot;,[],{path:&quot;/&quot;,root:&quot;&quot;,mode:&quot;async&quot;}),define(&quot;sfr/router/router/controller&quot;,[&quot;require&quot;,&quot;sfr/lang/underscore&quot;,&quot;sfr/router/router/URL&quot;,&quot;sfr/router/router/config&quot;],function(e){function t(e,t){n(e,t)||(s(e,t),c=e)}function n(e,t){return c&amp;amp;&amp;amp;e.equal(c)&amp;amp;&amp;amp;!t.force}function r(e){var t=d.root;if(&quot;/&quot;===e.charAt(0)&amp;amp;&amp;amp;t)if(0===e.indexOf(t))e=e.replace(t,&quot;&quot;);else{var n=t.split(&quot;/&quot;).slice(1);n=n.map(function(){return&quot;..&quot;}),e=n.join(&quot;/&quot;)+e,c=null}return e}function i(e,t){return e||(e=r(location.pathname)),new l(e,{query:t,base:c})}function o(e,n){if(e=e||{},!u.get(e,&quot;state.disableServiceDispatch&quot;)){var o=r(location.pathname);if(location.search.length&amp;gt;1&amp;amp;&amp;amp;(o+=location.search),o=i(o),o.outRoot)return a(o.toString(),!0);var s=n?{src:&quot;sync&quot;}:u.extend({},e.state,{src:&quot;history&quot;});t(o,s)}}function a(e,t){f.dispose(),t?location.replace(e):location.href=e}var s,c,u=e(&quot;sfr/lang/underscore&quot;),l=e(&quot;sfr/router/router/URL&quot;),d=e(&quot;sfr/router/router/config&quot;),f={};return f.init=function(e){window.addEventListener(&quot;popstate&quot;,o,!1),s=e,o(null,!0)},f.redirect=function(e,r,o){return o=o||{},e=i(e,r),e.outRoot||&quot;page&quot;===d.mode?!n(e,o)&amp;amp;&amp;amp;a(e.toString()):(c.equalWithFragment(e)||o.silent||history.pushState(o,o.title,e.toString()),void t(e,o))},f.reset=function(e,r,o){return o=o||{},e=i(e,r),e.outRoot||&quot;page&quot;===d.mode?!n(e,o)&amp;amp;&amp;amp;a(e.toString()):(o.silent?c=e:t(e,o),void history.replaceState(o,o.title,e.toString()))},f.dispose=function(){window.removeEventListener(&quot;popstate&quot;,o,!1),c=null},f.ignoreRoot=r,f.createURL=i,f}),define(&quot;sfr/router/router&quot;,[&quot;require&quot;,&quot;sfr/lang/underscore&quot;,&quot;sfr/router/router/config&quot;,&quot;sfr/router/router/controller&quot;,&quot;sfr/lang/underscore&quot;],function(e){function t(){function e(e){var t=-1;return e=e.toString(),l.some(function(n,r){return n.raw.toString()===e&amp;amp;&amp;amp;(t=r),-1!==t}),t}function t(e,t){for(var n,r={},i=t.params||[],o=e.match(t.path)||[],a=1;a&amp;lt;o.length;a++)n=i[a-1]||&quot;$&quot;+a,r[n]=decodeURIComponent(o[a]);return r}function a(e,r){r=r||{};var o,a=n({},e.getQuery()),c={},u=e.getPath();if(o=s(e),!o)throw new Error(&quot;can not find route for: &quot;+u);o.path instanceof RegExp&amp;amp;&amp;amp;o.path.test(u)&amp;amp;&amp;amp;(c=t(u,o));var l={path:u,pathPattern:o.raw,query:a,params:c,url:i.ignoreRoot(e.toString()),originalUrl:e.toString(),options:r},f=[l,d];d=l,o.fn.apply(o.thisArg,f)}function s(e){var t,n,r=e.getPath();return l.some(function(i){return i.path instanceof RegExp?i.path.test(r)&amp;amp;&amp;amp;(t=i):e.equalPath(i.path)&amp;amp;&amp;amp;(t=i),i.path||(n=i),!!t}),t||n}function c(e){var t={params:[]};return t.path=e.replace(/:([^\/]+)/g,function(e,n){return t.params.push(n),&quot;([^/]+)&quot;}),t.path=new RegExp(&quot;^&quot;+t.path+&quot;$&quot;),t}var u={},l=[],d={};return u.pathPattern=function(e){e=i.ignoreRoot(e);var t=i.createURL(e),n=s(t);return n?n.raw:null},u.reset=function(e,t,n){i.reset(e,t,n)},u.config=function(e){e=e||{};var t=e.root;t&amp;amp;&amp;amp;&quot;/&quot;===t.charAt(t.length-1)&amp;amp;&amp;amp;(t=e.root=t.substring(0,t.length-1)),t&amp;amp;&amp;amp;&quot;/&quot;!==t.charAt(0)&amp;amp;&amp;amp;(e.root=&quot;/&quot;+t),n(r,e)},u.add=function(t,r,i){if(e(t)&amp;gt;=0)throw new Error(&quot;path already exist&quot;);var a={raw:t,path:t,fn:r,thisArg:i};o.isString(t)&amp;amp;&amp;amp;o.contains(t,&quot;:&quot;)&amp;amp;&amp;amp;(a=n(a,c(t))),l.push(a)},u.remove=function(t){var n=e(t);n&amp;gt;=0&amp;amp;&amp;amp;l.splice(n,1)},u.exist=function(t){return e(t)&amp;gt;=0},u.clear=function(){l=[]},u.redirect=function(e,t,n){i.redirect(e,t,n)},u.start=function(e){u.config(e),i.init(a)},u.stop=function(){i.dispose(),u.clear(),d={}},u.controller=function(e){var t=i;i=e,o.forOwn(t,function(e,t){i.hasOwnProperty(t)||(i[t]=e)})},u.getState=function(){return d},u.ignoreRoot=i.ignoreRoot,u}var n=e(&quot;sfr/lang/underscore&quot;).extend,r=e(&quot;sfr/router/router/config&quot;),i=e(&quot;sfr/router/router/controller&quot;),o=e(&quot;sfr/lang/underscore&quot;);return t}),define(&quot;sfr/utils/di&quot;,[&quot;require&quot;,&quot;sfr/lang/assert&quot;,&quot;sfr/lang/underscore&quot;],function(e){function t(e,t){this.require=t||window.require,this.config=this.normalize(e),this.container=Object.create(null)}var n=e(&quot;sfr/lang/assert&quot;),r=e(&quot;sfr/lang/underscore&quot;);return t.prototype.resolve=function(e){var t=this.config[e];if(n(t,&quot;module declaration not found: &quot;+e),this.container[e]&amp;amp;&amp;amp;t.cache)return this.container[e];switch(void 0===t.value&amp;amp;&amp;amp;t.module&amp;amp;&amp;amp;(t.value=this.require(t.module)),t.type){case&quot;value&quot;:return this.container[e]=t.value;case&quot;factory&quot;:n(&quot;function&quot;==typeof t.value,&quot;entity not injectable: &quot;+t.value);var r=t.args||[];return this.container[e]=this.inject(t.value,r);default:throw new Error(&quot;DI type &quot;+t.type+&quot; not recognized&quot;)}},t.prototype.inject=function(e,t){var n=t.map(function(e){return this.resolve(e)},this);return e.apply(null,n)},t.prototype.normalize=function(e){return r.forOwn(e,function(e){void 0===e.cache&amp;amp;&amp;amp;(e.cache=!0),void 0===e.type&amp;amp;&amp;amp;(e.type=&quot;value&quot;)}),e},t}),define(&quot;sfr/utils/logger&quot;,[&quot;require&quot;],function(){function e(){u=c=Date.now()}function t(){var e=Array.prototype.slice.call(arguments);o&amp;amp;&amp;amp;e.unshift(&quot;[&quot;+n()+&quot;]&quot;);var t,r=new Error(&quot;logger track&quot;).stack||&quot;&quot;,i=r.split(&quot;\n&quot;)[3]||&quot;&quot;,a=&quot;&quot;;t=/at\s+\(?(.*):\d+:\d+\)?$/.exec(i)||[];var s=t[1];t=/([^\/?#]+)([?#]|$)/.exec(s)||[];var c=t[1];a+=c?c+&quot;:&quot;:&quot;&quot;,t=/at ([\w\d.]+)\s*\(/.exec(i)||[];var u=t[1]||&quot;anonymous&quot;;return a+=u,e.unshift(&quot;[&quot;+a+&quot;]&quot;),e}function n(){var e=Date.now(),t=(e-c)/1e3,n=t+&quot;(+&quot;+(e-u)+&quot;)&quot;;return u=e,n}function r(e,t){var n=new Function(&quot;impl&quot;,&quot;args&quot;,&quot;impl.apply(console, args);&quot;);if(n(e,t),s){var r=new Image,i=t.join(&quot; &quot;).replace(/\s+/g,&quot; &quot;).trim();r.src=s+&quot;/sfr/log/&quot;+i}}function i(e,n){return function(){var e=t.apply(null,arguments);r(n,e)}}var o=!!location.search.match(/logger-timming/i),a=location.search.match(/logger-server=([^&amp;amp;]*)/i),s=a?decodeURIComponent(a[1]):!1,c=Date.now(),u=c;return{log:i(&quot;log&quot;,console.log),debug:i(&quot;debug&quot;,console.log),info:i(&quot;info&quot;,console.info),warn:i(&quot;warn&quot;,console.warn),error:i(&quot;error&quot;,console.error),reset:e}}),define(&quot;sfr/utils/http&quot;,[&quot;require&quot;,&quot;sfr/lang/underscore&quot;,&quot;sfr/lang/promise&quot;,&quot;sfr/utils/url&quot;],function(e){function t(e){return e instanceof FormData?&quot;multipart/form-data&quot;:&quot;application/x-www-form-urlencoded&quot;}function n(e){var t;try{t=s.createXHR()}catch(n){return o.reject(n)}return t.open(e.method,e.url,!0),i.forOwn(e.headers,function(e,n){t.setRequestHeader(n,e)}),i.assign(t,e.xhrFields),new o(function(n,i){t.onreadystatechange=function(){4===t.readyState&amp;amp;&amp;amp;(t=r(t),t.status&amp;gt;=200&amp;amp;&amp;amp;t.status&amp;lt;300?n(t):i(t))},t.send(e.data)})}function r(e){var t=e.getAllResponseHeaders().split(&quot;\r\n&quot;).filter(i.negate(i.isEmpty)).map(function(e){return i.split(e,/\s*:\s*/)});if(e.responseHeaders=i.fromPairs(t),e.data=e.responseText,&quot;application/json&quot;===e.responseHeaders[&quot;Content-Type&quot;])try{e.data=JSON.parse(e.responseText)}catch(n){console.warn(&quot;Invalid JSON content with Content-Type: application/json&quot;)}return e}var i=e(&quot;sfr/lang/underscore&quot;),o=e(&quot;sfr/lang/promise&quot;),a=e(&quot;sfr/utils/url&quot;),s={};return s.ajax=function(e,r){return&quot;object&quot;==typeof e&amp;amp;&amp;amp;(r=e,e=&quot;&quot;),r=i.defaultsDeep(r,{url:e,method:r&amp;amp;&amp;amp;r.type||&quot;GET&quot;,headers:{},data:null,jsonp:!1,jsonpCallback:&quot;sf_http_&quot;+Math.random().toString(36).substr(2)}),i.forOwn(r.headers,function(e,t){r.headers[t]=e.toLowerCase(e)}),(r.headers[&quot;content-type&quot;]||r.data)&amp;amp;&amp;amp;(r.headers[&quot;content-type&quot;]=r.headers[&quot;content-type&quot;]||t(r.data)),/application\/json/.test(r.headers[&quot;content-type&quot;])?r.data=JSON.stringify(r.data):/form-urlencoded/.test(r.headers[&quot;content-type&quot;])&amp;amp;&amp;amp;(r.data=a.param(r.data)),n(r)},s.get=function(e,t){return s.ajax(e,{data:t})},s.post=function(e,t){return s.ajax(e,{method:&quot;POST&quot;,data:t})},s.put=function(e,t){return s.ajax(e,{method:&quot;PUT&quot;,data:t})},s.delete=function(e,t){return s.ajax(e,{method:&quot;DELETE&quot;,data:t})},s.createXHR=function(){var e=!1;if(window.XMLHttpRequest?e=new XMLHttpRequest:window.ActiveXObject&amp;amp;&amp;amp;(e=new ActiveXObject(&quot;Microsoft.XMLHTTP&quot;)),!e)throw new Error(&quot;Cannot create an XHR instance&quot;);return e},s}),define(&quot;sfr/utils/url&quot;,[&quot;require&quot;,&quot;sfr/utils/uri/URI&quot;,&quot;sfr/lang/underscore&quot;,&quot;sfr/utils/uri/component/Path&quot;,&quot;sfr/utils/uri/util/uri-parser&quot;],function(e){function t(e){return new n(e)}var n=e(&quot;sfr/utils/uri/URI&quot;),r=e(&quot;sfr/lang/underscore&quot;),i=e(&quot;sfr/utils/uri/component/Path&quot;),o=e(&quot;sfr/utils/uri/util/uri-parser&quot;);return t.parse=function(e){return o(e)},t.resolve=function(e,t){return i.resolve(e,t)},t.param=function(e){return r.isObject(e)?r.map(e,function(e,t){return encodeURIComponent(t)+&quot;=&quot;+encodeURIComponent(e)}).join(&quot;&amp;amp;&quot;):e},t}),define(&quot;sfr/utils/cache&quot;,[&quot;require&quot;,&quot;sfr/lang/assert&quot;,&quot;sfr/utils/cache-namespace&quot;],function(e){function t(e){if(!i.hasOwnProperty(e))throw new Error(&quot;cache namespace &quot;+e+&quot; undefined&quot;);return i[e]}var n=e(&quot;sfr/lang/assert&quot;),r=e(&quot;sfr/utils/cache-namespace&quot;),i={},o={};return o.create=function(e,t){return n(e,&quot;cannot create namespace with empty name&quot;),n(!i[e],&quot;namespace with &quot;+e+&quot; already created&quot;),i[e]=new r(e,t)},o.using=function(e){return t(e)},o.set=function(e,n,r){return t(e).set(n,r)},o.get=function(e,n){return t(e).get(n)},o.rename=function(e,n,r){return t(e).rename(n,r)},o.remove=function(e,n){return t(e).remove(n)},o.clear=function(e){return 0!==arguments.length?t(e).clear():void(i={})},o.contains=function(e,t){if(0===arguments.length)throw new Error(&quot;namespace not specified&quot;);return 1===arguments.length?i.hasOwnProperty(e):i.hasOwnProperty(e)?i[e].contains(t):!1},o}),define(&quot;sfr/utils/cache-namespace&quot;,[&quot;require&quot;,&quot;sfr/lang/underscore&quot;],function(e){function t(){}function n(e,n){this.name=e,this.list=[],this.options=r.assign({limit:3,onRemove:t},n)}var r=e(&quot;sfr/lang/underscore&quot;);return n.prototype={constructor:n,get:function(e){var t=this.findIndexByKey(e);if(-1===t)return void 0;var n=this.list[t];return this.list.splice(t,1),this.list.push(n),n.value},set:function(e,t){if(this.remove(e),this.list.length===this.options.limit){var n=this.list.shift();this.options.onRemove(n.value,n.key,!0)}return this.list.push({key:e,value:t}),this},contains:function(e){return this.findIndexByKey(e)&amp;gt;-1},rename:function(e,t){if(e===t)return this;this.remove(t);var n=this.findIndexByKey(e);if(-1===n)throw new Error(&quot;key not found:&quot;+e);return this.list[n].key=t,this},remove:function(e){var t=this.findIndexByKey(e);if(t&amp;gt;-1){var n=this.list[t];this.options.onRemove(n.value,n.key,!1),this.list.splice(t,1)}return this},clear:function(){return this.list=[],this},findIndexByKey:function(e){return r.findIndex(this.list,function(t){return t.key===e})}},n}),define(&quot;sfr/utils/emitter&quot;,[&quot;require&quot;],function(){function e(){}var t=e.prototype;t._getEvents=function(){return this._events||(this._events={}),this._events},t._getMaxListeners=function(){return isNaN(this.maxListeners)&amp;amp;&amp;amp;(this.maxListeners=10),this.maxListeners},t.on=function(e,t){var n=this._getEvents(),r=this._getMaxListeners();n[e]=n[e]||[];var i=n[e].length;if(i&amp;gt;=r&amp;amp;&amp;amp;0!==r)throw new RangeError(&quot;Warning: possible Emitter memory leak detected. &quot;+i+&quot; listeners added.&quot;);return n[e].push(t),this},t.once=function(e,t){function n(){r.off(e,n),t.apply(this,arguments)}var r=this;return n.listener=t,this.on(e,n),this},t.off=function(e,t){var n=this._getEvents();if(0===arguments.length)return this._events={},this;var r=n[e];if(!r)return this;if(1===arguments.length)return delete n[e],this;for(var i,o=0;o&amp;lt;r.length;o++)if(i=r[o],i===t||i.listener===t){r.splice(o,1);break}return this},t.emit=function(e){for(var t=this._getEvents(),n=t[e],r=[],i=1;i&amp;lt;arguments.length;i++)r.push(arguments[i]);if(n)for(n=n.slice(0),i=0;i&amp;lt;n.length;i++)try{n[i].apply(this,r)}catch(o){console.error(o)}return this},t.listeners=function(e){var t=this._getEvents();return t[e]||[]},t.setMaxListeners=function(e){return this.maxListeners=e,this};var n=Object.keys(t);return e.mixin=function(e){for(var r,i=0,o=n.length;o&amp;gt;i;i++)r=n[i],e[r]=t[r];return e},e}),define(&quot;sfr/lang/underscore&quot;,[&quot;require&quot;,&quot;sfr/lang/assert&quot;],function(e){function t(e,t){var n=e;return(t||&quot;&quot;).split(&quot;.&quot;).forEach(function(e){n=n?n[e]:void 0}),n}function n(e){return e=o(e),e.shift(),e}function r(e){return Object.keys(e)}function i(e,t){e=e||{};for(var n in e)if(e.hasOwnProperty(n)&amp;amp;&amp;amp;t(e[n],n,e)===!1)break;return e}function o(e){return e?q.slice.call(e):[]}function a(e){var t=n(arguments);return q.forEach.apply(e||[],t)}function s(e,t){if(h(e)){var r=[];return i(e,function(){r.push(t.apply(null,arguments))}),r}var o=n(arguments);return q.map.apply(e||[],o)}function c(e){var t=n(arguments);return q.slice.apply(e||[],t)}function u(e){var t=n(arguments);return q.splice.apply(e||[],t)}function l(e){var t=n(arguments);return R.split.apply(e||&quot;&quot;,t)}function d(e,t,n){for(var r=n||0;r&amp;lt;e.length;r++)if(t(e[r],r,e))return r;return-1}function f(e){return n(arguments).reduce(function(e,t){return e.replace(&quot;%s&quot;,t)},e)}function p(){return w.apply(null,c(arguments,0).reverse())}function h(e){return&quot;[object Object]&quot;===Object.prototype.toString.call(e)}function m(e){return e instanceof String||&quot;string&quot;==typeof e}function g(e,t,n){return void 0===n&amp;amp;&amp;amp;(n=0),e.indexOf(t,n)&amp;gt;-1}function v(e){return e instanceof RegExp}function w(e){e=null==e?{}:e;var t=c(arguments,1);return a(t,function(t){y(e,t)}),e}function b(e,t){return e?void i(t,function(t,n){return h(t)&amp;amp;&amp;amp;h(e[n])?b(e[n],t):void(e[n]=t)}):e}function y(e,t){return e?(i(t,function(t,n){e[n]=t}),e):e}function x(){var e={},t=c(arguments,0).reverse();return a(t,function(t){b(e,t)}),e}function _(e){var t={};return s(e,function(e){var n=e[0],r=e[1];t[n]=r}),t}function k(e){return e instanceof Array}function S(e){return k(e)?0===e.length:!e}function $(e){return function(){return!e.apply(null,arguments)}}function T(e){return e.bind.apply(e,c(arguments))}function A(e){var t=c(arguments);return t.shift(),function(){var n=c(arguments),r=[n,arguments.length,0].concat(t);return u.apply(null,r),e.apply(null,n)}}function O(e,t){return C(&quot;function&quot;==typeof t,&quot;wrapper should be a function&quot;),function(){var n=Array.prototype.slice.call(arguments,0);return n.unshift(e),t.apply(this,n)}}function E(e,t){var n=function(){};n.prototype=t.prototype;var r=e.prototype,i=e.prototype=new n;for(var o in r)r.hasOwnProperty(o)&amp;amp;&amp;amp;(i[o]=r[o]);return e.prototype.constructor=e,e}var C=e(&quot;sfr/lang/assert&quot;),q=Array.prototype,R=String.prototype,I={};return I.keysIn=r,I.get=t,I.forOwn=i,I.assign=w,I.merge=w,I.extend=w,I.defaults=p,I.defaultsDeep=x,I.fromPairs=_,I.slice=c,I.splice=u,I.forEach=a,I.map=s,I.toArray=o,I.findIndex=d,I.split=l,I.format=f,I.isArray=k,I.isEmpty=S,I.isString=m,I.isObject=h,I.isRegExp=v,I.inherits=E,I.contains=g,I.partial=T,I.partialRight=A,I.negate=$,I.wrap=O,I}),define(&quot;sfr/lang/promise&quot;,[&quot;require&quot;,&quot;sfr/lang/assert&quot;],function(e){function t(e){if(!(this instanceof t))throw&quot;Promise must be called with new operator&quot;;if(&quot;function&quot;!=typeof e)throw&quot;callback not defined&quot;;this._state=i,this._result,this._fulfilledCbs=[],this._rejectedCbs=[],this._errorPending=!1;var n=this;setTimeout(function(){n._doResolve(e)},1)}function n(e){u(e._state===a,s);var t;t=&quot;function&quot;==typeof window.PromiseRejectionEvent?window.PromiseRejectionEvent:CustomEvent;var n=new t(&quot;unhandledrejection&quot;,{promise:e,reason:e._result});return n.reason=n.reason||e._result,n}function r(e){return e&amp;amp;&amp;amp;&quot;function&quot;==typeof e.then}var i=0,o=1,a=2,s=&quot;cannot make RejectionEvent when promise not rejected&quot;,c={longStackTraces:!1},u=e(&quot;sfr/lang/assert&quot;);return t.prototype._fulfill=function(e){this._result=e,this._state=o,this._flush()},t.prototype._reject=function(e){c.longStackTraces&amp;amp;&amp;amp;e&amp;amp;&amp;amp;(e.stack+=&quot;\n&quot;+this._originalStack),this._result=e,this._state=a,this._errorPending=!0,this._flush()},t.prototype._resolve=function(e){r(e)?this._doResolve(e.then.bind(e)):this._fulfill(e)},t.prototype._doResolve=function(e){var t=!1,n=this;try{e(function(e){t||(t=!0,n._resolve(e))},function(e){t||(t=!0,n._reject(e))})}catch(r){if(t)return;t=!0,n._reject(r)}setTimeout(function(){this._checkUnHandledRejection()}.bind(this))},t.prototype._checkUnHandledRejection=function(){if(this._errorPending){var e=n(this);window.dispatchEvent(e)}},t.prototype._flush=function(){if(this._state!==i){var e=this._state===a?this._rejectedCbs:this._fulfilledCbs;e.forEach(function(e){this._state===a&amp;amp;&amp;amp;this._errorPending&amp;amp;&amp;amp;(this._errorPending=!1),&quot;function&quot;==typeof e&amp;amp;&amp;amp;e(this._result)},this),this._rejectedCbs=[],this._fulfilledCbs=[]}},t.prototype._done=function(e,t){this._fulfilledCbs.push(e),this._rejectedCbs.push(t),this._flush()},t.prototype.then=function(e,n){var r,i=this;return new t(function(t,o){i._done(function(n){if(&quot;function&quot;==typeof e){try{r=e(n)}catch(i){return o(i)}t(r)}else t(n)},function(e){if(&quot;function&quot;==typeof n){try{r=n(e)}catch(i){return o(i)}t(r)}else o(e)})})},t.prototype.catch=function(e){return this.then(function(e){return e},e)},t.prototype.finally=function(e){return this.then(e,e)},t.resolve=function(e){return r(e)?e:new t(function(t){return t(e)})},t.reject=function(e){return new t(function(t,n){n(e)})},t.all=function(e){return new t(function(n,r){function i(){0&amp;gt;=a&amp;amp;&amp;amp;n(o)}var o=e.map(function(){return void 0}),a=e.length;e.map(t.resolve).forEach(function(e,t){e.then(function(e){o[t]=e,a--,i()},r)}),i()})},t.fromCallback=function(e){return new t(function(t){e(function(e){t(e)})})},t.mapSeries=function(e,n){var r=t.resolve(&quot;init&quot;),i=[];return e.forEach(function(t,o){r=r.then(function(){return n(t,o,e)}).then(function(e){return i.push(e)})}),r.then(function(){return i})},t}),define(&quot;sfr/lang/assert&quot;,[&quot;require&quot;],function(){function e(e,t){if(!e)throw new Error(t)}return e}),define(&quot;sfr/lang/map&quot;,[&quot;require&quot;,&quot;sfr/lang/underscore&quot;],function(e){function t(){this.size=0,this._data={}}function n(e){return r.isRegExp(e)?&quot;reg_&quot;+e:r.isString(e)?&quot;str_&quot;+e:&quot;other_&quot;+e}var r=e(&quot;sfr/lang/underscore&quot;);return t.prototype.set=function(e,t){e=n(e),this._data.hasOwnProperty(e)||(this._data[e]=t,this.size++)},t.prototype.has=function(e){return e=n(e),this._data.hasOwnProperty(e)},t.prototype.delete=function(e){e=n(e),this._data.hasOwnProperty(e)&amp;amp;&amp;amp;(delete this._data[e],this.size--)},t.prototype.get=function(e){return e=n(e),this._data[e]},t.prototype.clear=function(){this.size=0,this._data={}},t}),define(&quot;sfr/utils/uri/URI&quot;,[&quot;require&quot;,&quot;sfr/utils/uri/util/uri-parser&quot;,&quot;sfr/utils/uri/component/Scheme&quot;,&quot;sfr/utils/uri/component/UserName&quot;,&quot;sfr/utils/uri/component/Password&quot;,&quot;sfr/utils/uri/component/Host&quot;,&quot;sfr/utils/uri/component/Port&quot;,&quot;sfr/utils/uri/component/Path&quot;,&quot;sfr/utils/uri/component/Query&quot;,&quot;sfr/utils/uri/component/Fragment&quot;],function(e){function t(e){e=r(e);var t,n=this;Object.keys(i).forEach(function(r){t=i[r],n[r]=new t(e[r])})}function n(e){var t=[],n=e.username.toString(),r=e.password.toString(),i=e.host.toString(),o=e.port.toString();return(n||r)&amp;amp;&amp;amp;t.push(n+&quot;:&quot;+r+&quot;@&quot;),t.push(i),t.push(o),t.join(&quot;&quot;)}var r=e(&quot;sfr/utils/uri/util/uri-parser&quot;),i={scheme:e(&quot;sfr/utils/uri/component/Scheme&quot;),username:e(&quot;sfr/utils/uri/component/UserName&quot;),password:e(&quot;sfr/utils/uri/component/Password&quot;),host:e(&quot;sfr/utils/uri/component/Host&quot;),port:e(&quot;sfr/utils/uri/component/Port&quot;),path:e(&quot;sfr/utils/uri/component/Path&quot;),query:e(&quot;sfr/utils/uri/component/Query&quot;),fragment:e(&quot;sfr/utils/uri/component/Fragment&quot;)};return t.prototype.set=function(){var e=0,t={};arguments.length&amp;gt;1&amp;amp;&amp;amp;(t.name=arguments[e++]),t.data=Array.prototype.slice.call(arguments,e);var n=this[t.name];if(n)n.set.apply(n,t.data);else{var o=this,a=r(t.data[0]);Object.keys(i).forEach(function(e){o[e].set(a[e])})}},t.prototype.get=function(){var e={name:arguments[0],data:Array.prototype.slice.call(arguments,1)},t=this[e.name];return t?t.get.apply(t,e.data):void 0},t.prototype.toString=function(e){var t,r=this[e];if(r)t=r.toString();else{t=[];var i=this.scheme.toString();i&amp;amp;&amp;amp;t.push(i+&quot;:&quot;);var o=n(this);i&amp;amp;&amp;amp;o&amp;amp;&amp;amp;t.push(&quot;//&quot;),t.push(o),t.push(this.path.toString()),t.push(this.query.toString()),t.push(this.fragment.toString()),t=t.join(&quot;&quot;)}return t},t.prototype.equal=function(e){e instanceof t||(e=new t(e));for(var n,r=!0,o=Object.keys(i),a=0;r&amp;amp;&amp;amp;(n=o[a]);a++)r=&quot;port&quot;===n?this[n].equal(e[n].get(),this.scheme.get()):this[n].equal(e[n]);return r},t}),define(&quot;sfr/utils/uri/component/Abstract&quot;,[&quot;require&quot;],function(){function e(){var e=Array.prototype.slice.call(arguments);this.set.apply(this,e)}return e.prototype.get=function(){return this.data},e.prototype.set=function(e){this.data=e||&quot;&quot;},e.prototype.add=function(e){this.set(e)},e.prototype.remove=function(){this.data=&quot;&quot;},e.prototype.toString=function(){return this.data.toString()},e.prototype.equal=function(t){return t instanceof e&amp;amp;&amp;amp;(t=t.get()),this.data==t},e}),define(&quot;sfr/utils/uri/component/Fragment&quot;,[&quot;require&quot;,&quot;sfr/lang/underscore&quot;,&quot;sfr/utils/uri/component/Abstract&quot;],function(e){function t(e){r.call(this,e)}var n=e(&quot;sfr/lang/underscore&quot;).inherits,r=e(&quot;sfr/utils/uri/component/Abstract&quot;),i=&quot;#&quot;;return n(t,r),t.prototype.toString=function(e){return e=e||i,this.data?e+this.data:&quot;&quot;},t}),define(&quot;sfr/utils/uri/component/Host&quot;,[&quot;require&quot;,&quot;sfr/lang/underscore&quot;,&quot;sfr/utils/uri/component/Abstract&quot;],function(e){function t(e){r.call(this,e)}var n=e(&quot;sfr/lang/underscore&quot;).inherits,r=e(&quot;sfr/utils/uri/component/Abstract&quot;);return n(t,r),t.prototype.set=function(e){e=e||&quot;&quot;,this.data=e.toLowerCase()},t.prototype.equal=function(e){return e=e instanceof t?e.get():e||&quot;&quot;,this.data===e.toLowerCase()},t}),define(&quot;sfr/utils/uri/component/Password&quot;,[&quot;require&quot;,&quot;sfr/lang/underscore&quot;,&quot;sfr/utils/uri/component/Abstract&quot;],function(e){function t(e){r.call(this,e)}var n=e(&quot;sfr/lang/underscore&quot;).inherits,r=e(&quot;sfr/utils/uri/component/Abstract&quot;);return n(t,r),t}),define(&quot;sfr/utils/uri/component/Path&quot;,[&quot;require&quot;,&quot;sfr/lang/underscore&quot;,&quot;sfr/utils/uri/component/Abstract&quot;],function(e){function t(e){return e||(e=&quot;/&quot;),e}function n(e){return e=e.split(&quot;/&quot;),e.pop(),e.join(&quot;/&quot;)}function r(e,t){for(var n,r=0,i=e.length-1;n=e[i];i--)&quot;.&quot;===n?e.splice(i,1):&quot;..&quot;===n?(e.splice(i,1),r++):r&amp;amp;&amp;amp;(e.splice(i,1),r--);if(t)for(;r--&amp;gt;0;)e.unshift(&quot;..&quot;);return e}function i(e,t){a.call(this,e,t)}var o=e(&quot;sfr/lang/underscore&quot;).inherits,a=e(&quot;sfr/utils/uri/component/Abstract&quot;);return i.resolve=function(e,t){if(t=t||&quot;&quot;,&quot;/&quot;===t.charAt(0))return i.resolve(t);var o=&quot;/&quot;===e.charAt(0),a=!1;t?(e=n(e),a=&quot;/&quot;===t.charAt(t.length-1)):e.length&amp;gt;1&amp;amp;&amp;amp;(a=&quot;/&quot;===e.charAt(e.length-1));var s=e.split(&quot;/&quot;).concat(t.split(&quot;/&quot;)).filter(function(e){return!!e});return s=r(s,!o),(o?&quot;/&quot;:&quot;&quot;)+(s.length&amp;gt;0?s.join(&quot;/&quot;)+(a?&quot;/&quot;:&quot;&quot;):&quot;&quot;)},o(i,a),i.prototype.set=function(e,t){t instanceof i&amp;amp;&amp;amp;(t=t.get());var n=[e||&quot;&quot;];t&amp;amp;&amp;amp;n.unshift(t),this.data=i.resolve.apply(i,n)},i.prototype.equal=function(e){var n=t(this.data);return e=t(e instanceof i?e.get():i.resolve(e||&quot;&quot;)),n===e},i.prototype.resolve=function(e,t){e instanceof i&amp;amp;&amp;amp;(e=e.get());var n=[this.data];t?n.unshift(e):n.push(e),this.data=i.resolve.apply(i,n)},i}),define(&quot;sfr/utils/uri/component/Port&quot;,[&quot;require&quot;,&quot;sfr/lang/underscore&quot;,&quot;sfr/utils/uri/component/Abstract&quot;],function(e){function t(e){r.call(this,e)}var n=e(&quot;sfr/lang/underscore&quot;).inherits,r=e(&quot;sfr/utils/uri/component/Abstract&quot;),i={ftp:&quot;21&quot;,ssh:&quot;22&quot;,telnet:&quot;23&quot;,http:&quot;80&quot;,https:&quot;443&quot;,ws:&quot;80&quot;,wss:&quot;443&quot;};return n(t,r),t.prototype.equal=function(e,n){var r=this.data||i[n];return e instanceof t&amp;amp;&amp;amp;(e=e.get()),e=e||i[n],r===e},t.prototype.toString=function(){return this.data?&quot;:&quot;+this.data:&quot;&quot;},t}),define(&quot;sfr/utils/uri/component/Query&quot;,[&quot;require&quot;,&quot;sfr/lang/underscore&quot;,&quot;sfr/utils/uri/component/Abstract&quot;,&quot;sfr/utils/uri/util/parse-query&quot;,&quot;sfr/utils/uri/util/stringify-query&quot;],function(e){function t(e,t){if(!Array.isArray(e)||!Array.isArray(t))return!1;if(e.length!==t.length)return!1;e=e.slice(0),e=e.slice(0),e.sort(),t.sort();for(var n=!0,r=0,i=e.length;n&amp;amp;&amp;amp;i&amp;gt;r;r++)n=e[r]==t[r];return n}function n(e,n){if(!a.isObject(e)||!a.isObject(n))return!1;var r=Object.keys(e),i=Object.keys(n);if(r.length!==i.length)return!1;for(var o,s,c=!0,u=0;c&amp;amp;&amp;amp;(o=r[u]);u++){if(!n.hasOwnProperty(o)){c=!1;break}s=e[o],c=Array.isArray(s)?t(s,n[o]):s==n[o]}return c}function r(e){return e=Array.isArray(e)?e.map(function(e){return decodeURIComponent(e||&quot;&quot;)}):e||a.isString(e)?decodeURIComponent(e):null}function i(e,t,n){var i=n[e];return t=r(t),i?(Array.isArray(i)||(i=[i]),Array.isArray(t)?i=i.concat(t):i.push(t)):i=t,n[e]=i,n}function o(e){e=e||{},s.call(this,e)}var a=e(&quot;sfr/lang/underscore&quot;),s=e(&quot;sfr/utils/uri/component/Abstract&quot;),c=e(&quot;sfr/utils/uri/util/parse-query&quot;),u=e(&quot;sfr/utils/uri/util/stringify-query&quot;),l=&quot;?&quot;;return a.inherits(o,s),o.prototype.set=function(){if(1===arguments.length){var e=arguments[0];if(a.isObject(e)){var t=this.data={};Object.keys(e).forEach(function(n){t[n]=r(e[n])})}else this.data=c(e)}else this.data[arguments[0]]=r(arguments[1])},o.prototype.get=function(e){return e?this.data[e]:a.extend({},this.data)},o.prototype.toString=function(e){e=e||l;var t=u(this.data);return t?e+t:&quot;&quot;},o.prototype.equal=function(e){return a.isString(e)?e=c(e):e instanceof o&amp;amp;&amp;amp;(e=e.get()),n(this.data,e)},o.prototype.add=function(e,t){var n=this.data;a.isObject(e)?Object.keys(e).forEach(function(t){i(t,e[t],n)}):i(e,t,n),this.data=n},o.prototype.remove=function(e){e?this.data.hasOwnProperty(e)&amp;amp;&amp;amp;delete this.data[e]:this.data={}},o}),define(&quot;sfr/utils/uri/component/Scheme&quot;,[&quot;require&quot;,&quot;sfr/lang/underscore&quot;,&quot;sfr/utils/uri/component/Abstract&quot;],function(e){function t(e){r.call(this,e)}var n=e(&quot;sfr/lang/underscore&quot;),r=e(&quot;sfr/utils/uri/component/Abstract&quot;);return n.inherits(t,r),t.prototype.set=function(e){e=e||&quot;&quot;,this.data=e.toLowerCase()},t.prototype.equal=function(e){return e=e instanceof t?e.get():e||&quot;&quot;,this.data===e.toLowerCase()},t}),define(&quot;sfr/utils/uri/component/UserName&quot;,[&quot;require&quot;,&quot;sfr/lang/underscore&quot;,&quot;sfr/utils/uri/component/Abstract&quot;],function(e){function t(e){r.call(this,e)}var n=e(&quot;sfr/lang/underscore&quot;),r=e(&quot;sfr/utils/uri/component/Abstract&quot;);return n.inherits(t,r),t}),define(&quot;sfr/utils/uri/util/parse-query&quot;,[&quot;require&quot;],function(){function e(e){var t={};e=e.split(&quot;&amp;amp;&quot;);var n,r;return e.forEach(function(e){e&amp;amp;&amp;amp;(e=e.split(&quot;=&quot;),n=e[0],r=e.length&amp;gt;=2?decodeURIComponent(e[1]):null,t[n]?(Array.isArray(t[n])||(t[n]=[t[n]]),t[n].push(r)):t[n]=r)}),t}return e}),define(&quot;sfr/utils/uri/util/stringify-query&quot;,[&quot;require&quot;],function(){function e(e){var t,n=[];return Object.keys(e).forEach(function(r){t=e[r],Array.isArray(t)||(t=[t]),t.forEach(function(e){n.push(null===e?r:r+&quot;=&quot;+encodeURIComponent(e||&quot;&quot;))})}),n.join(&quot;&amp;amp;&quot;)}return e}),define(&quot;sfr/utils/uri/util/uri-parser&quot;,[&quot;require&quot;,&quot;sfr/lang/underscore&quot;],function(e){function t(e){var t={},n=[&quot;scheme&quot;,&quot;username&quot;,&quot;password&quot;,&quot;host&quot;,&quot;port&quot;,&quot;path&quot;,&quot;query&quot;,&quot;fragment&quot;];return n.forEach(function(n){t[n]=e[n]||a}),t}function n(e){var t={};return e.replace(/^([^@]+@)?([^:]+)(:\d+)?$/,function(e,n,r,i){n&amp;amp;&amp;amp;(n=n.slice(0,-1),n=n.split(&quot;:&quot;),t.username=n[0],t.password=n[1]),t.host=r,i&amp;amp;&amp;amp;(t.port=i.substring(1))}),t}function r(e,t){var r=/[^:]+:\d{2,}(\/|$)/.test(e);return r&amp;amp;&amp;amp;(e=e.split(&quot;/&quot;),s(t,n(e.shift())),e.length&amp;gt;0&amp;amp;&amp;amp;(t.path=&quot;/&quot;+e.join(&quot;/&quot;))),r}function i(e,t){var n=e.indexOf(&quot;:&quot;),r=e.indexOf(&quot;/&quot;);r=r&amp;gt;=0?r:e.length;var i=n&amp;gt;=0&amp;amp;&amp;amp;r&amp;gt;n;return i&amp;amp;&amp;amp;(t.scheme=e.substring(0,n),t.path=e.substring(n+1)),i}function o(e){var t={},o=e.indexOf(&quot;#&quot;);return o&amp;gt;=0&amp;amp;&amp;amp;(t.fragment=e.substring(o+1),e=e.substring(0,o)),o=e.indexOf(&quot;?&quot;),o&amp;gt;=0&amp;amp;&amp;amp;(t.query=e.substring(o+1),e=e.substring(0,o)),o=e.indexOf(&quot;://&quot;),o&amp;gt;=0?(t.scheme=e.substring(0,o),e=e.substring(o+3),&quot;file&quot;===t.scheme?t.path=e:(e=e.split(&quot;/&quot;),s(t,n(e.shift())),e.length&amp;gt;0&amp;amp;&amp;amp;(t.path=&quot;/&quot;+e.join(&quot;/&quot;))),t):r(e,t)?t:i(e,t)?t:(e=e.split(&quot;/&quot;),t.host=e.shift(),e.length&amp;gt;0&amp;amp;&amp;amp;(t.path=&quot;/&quot;+e.join(&quot;/&quot;)),t)}var a,s=e(&quot;sfr/lang/underscore&quot;).extend;return function(e){return(&quot;string&quot;==typeof e||e instanceof String)&amp;amp;&amp;amp;(e=o(e)),t(e)}}),define(&quot;sfr/action&quot;,[&quot;require&quot;,&quot;sfr/lang/promise&quot;,&quot;sfr/lang/assert&quot;,&quot;sfr/lang/map&quot;,&quot;sfr/lang/underscore&quot;,&quot;sfr/utils/url&quot;],function(e){function t(e,t,s,c,u,l){function d(e){return&quot;object&quot;==typeof e&amp;amp;&amp;amp;e.create&amp;amp;&amp;amp;e.attach&amp;amp;&amp;amp;e.detach&amp;amp;&amp;amp;e.destroy&amp;amp;&amp;amp;e.update}function f(){function e(e){return o=e,i=(i+1)%r,a}function t(){var e=i;return n.mapSeries(o,function(t){return&quot;function&quot;==typeof t&amp;amp;&amp;amp;e===i?t():void 0}).catch(function(e){setTimeout(function(){throw e})})}var r=1e4,i=0,o=[],a={reset:e,exec:t};return a}function p(e){var t=a.parse(e);return&quot;sfr&quot;===t.scheme&amp;amp;&amp;amp;&quot;index&quot;===t.host?w:e}function h(e){e=e||window.event;var t=m(e.target||e.srcElement,&quot;A&quot;);if(t){var n=t.getAttribute(&quot;data-sf-href&quot;),r=t.getAttribute(&quot;data-sf-options&quot;);if(n){e.preventDefault();try{r=JSON.parse(r)||{}}catch(i){r={}}r.src=&quot;hijack&quot;;var o={event:e,anchor:t};_.redirect(n,null,r,o)}}}function m(e,t){for(var n=e;null!==n&amp;amp;&amp;amp;n.tagName!==t.toUpperCase();)n=n.parentNode;return n}var g,v,w,b,y,x,_=new l,k={},S=f();return _.init=function(){_.serviceMap=g=new i,v=!1,y=&quot;/&quot;,w=&quot;/&quot;,b=!0,x=0},_.getState=function(){return k},_.regist=function(t,n){r(t,&quot;illegal action url&quot;),r(d(n),&quot;illegal service, make sure to extend from sfr/service&quot;),r(!g.has(t),&quot;path already registerd&quot;),e.add(t,this.dispatch),g.set(t,n),_.emit(&quot;registered&quot;,t,n)},_.unregist=function(t){r(t,&quot;illegal action url&quot;),r(g.has(t),&quot;path not registered&quot;),e.remove(t);var n=g.get(t);g.delete(t),_.emit(&quot;unregistered&quot;,t,n)},_.dispatch=function(e,t){r(e,&quot;cannot dispatch with options:&quot;+e);var n=g.get(e.pathPattern);e.service=n;var i=g.get(t.pathPattern);t.service=i;var o=k;return k={},v&amp;amp;&amp;amp;(v=!1,e.options.src=&quot;back&quot;),e.options&amp;amp;&amp;amp;&quot;sync&quot;===e.options.src?w=e.url||&quot;/&quot;:b=!1,c.ensureAttached(),S.reset([function(){return i?i.detach(e,t,o):void 0},function(){return n?n.create(e,t,o):void 0},function(){return i?i.destroy(e,t,o):void 0},function(){return n?n.attach(e,t,o):void 0}]).exec()},_.isIndexPage=function(){return b},_.remove=function(e){return g.delete(e)},_.exist=function(e){return g.has(e)},_.config=function(t){t&amp;amp;&amp;amp;t.root&amp;amp;&amp;amp;(y=t.root),e.config(t)},_.clear=function(){g.clear(),e.clear()},_.redirect=function(n,r,i,s){n=p(n),o.assign(k,s),i=o.assign({},i,{id:x++});try{e.redirect(n,r,i)}catch(c){throw n=a.resolve(y,n),t.replace(n),_.emit(&quot;redirect failed&quot;,n),c}_.emit(&quot;redirected&quot;,n)},_.back=function(){v=!0,s.back()},_.reset=function(t,n,r,i){b&amp;amp;&amp;amp;(w=t),o.assign(k,i),e.reset(t,n,r)},_.start=function(t){arguments.length&amp;amp;&amp;amp;_.config(t),document.body.addEventListener(&quot;click&quot;,h),e.start()},_.stop=function(){document.body.removeEventListener(&quot;click&quot;,h),e.stop()},_.update=function(r,i,o,a){o=o?o:{},o.hasOwnProperty(&quot;silent&quot;)||(o.silent=!0);var s=e.ignoreRoot(t.pathname+t.search+t.hash),c=e.ignoreRoot(r),u=(c||&quot;&quot;).replace(/\?.*/,&quot;&quot;),l=e.pathPattern(r),d=e.getState();if(!g.has(l))throw new Error(&quot;service not found:&quot;+u);var f=g.get(l),p={from:{url:s},to:{url:c,path:u},extra:a};return e.reset(r,i,o),n.resolve().then(function(){return f.update(d,p,a)})},_.init(),_}var n=e(&quot;sfr/lang/promise&quot;),r=e(&quot;sfr/lang/assert&quot;),i=e(&quot;sfr/lang/map&quot;),o=e(&quot;sfr/lang/underscore&quot;),a=e(&quot;sfr/utils/url&quot;);return t}),define(&quot;sfr/service&quot;,[&quot;require&quot;],function(){var e=function(){};return e.prototype.create=function(){},e.prototype.attach=function(){},e.prototype.detach=function(){},e.prototype.destroy=function(){},e.prototype.update=function(){},e}),define(&quot;sfr/resource&quot;,[&quot;sfr/utils/http&quot;,&quot;sfr/lang/underscore&quot;],function(e,t){function n(e){this.url=e}return n.prototype={getUrl:function(e){var n=this.url;return t.forOwn(e,function(e,t){n=n.replace(&quot;:&quot;+t,e)}),n=n.replace(/:[a-zA-Z]\w*/g,&quot;&quot;)},create:function(t,n){var r=this.getUrl(n);return e.post(r,t)},query:function(t){var n=this.getUrl(t);return e.get(n)},update:function(t,n){var r=this.getUrl(n);return e.put(r,t)},&quot;delete&quot;:function(t){var n=this.getUrl(t);return e.delete(n)}},n.prototype.constructor=n,n}),define(&quot;sfr/view&quot;,[&quot;require&quot;],function(){var e=function(){this._init()};return e.prototype={constructor:e,_init:function(){},set:function(){},get:function(){},create:function(){},render:function(){},update:function(){},attach:function(){},detach:function(){},destroy:function(){},on:function(){},off:function(){}},e}),define(&quot;sfr/doc&quot;,[&quot;require&quot;],function(){function e(e){function t(){var t=e.querySelector(&quot;#sfr-app&quot;);t||e.body.appendChild(n)}var n=e.querySelector(&quot;#sfr-app&quot;);return n||(n=e.createElement(&quot;div&quot;),n.setAttribute(&quot;id&quot;,&quot;sfr-app&quot;)),n.ensureAttached=t,n.ensureAttached(),n}return e}),define(&quot;sfr/config&quot;,[&quot;require&quot;],function(){var e={action:{type:&quot;factory&quot;,module:&quot;sfr/action&quot;,args:[&quot;router&quot;,&quot;location&quot;,&quot;history&quot;,&quot;doc&quot;,&quot;logger&quot;,&quot;emitter&quot;]},router:{type:&quot;factory&quot;,module:&quot;sfr/router/router&quot;,args:[&quot;logger&quot;]},view:{type:&quot;value&quot;,module:&quot;sfr/view&quot;},service:{type:&quot;value&quot;,module:&quot;sfr/service&quot;},resource:{type:&quot;value&quot;,module:&quot;sfr/resource&quot;},doc:{type:&quot;factory&quot;,module:&quot;sfr/doc&quot;,args:[&quot;document&quot;]},cache:{type:&quot;value&quot;,module:&quot;sfr/utils/cache&quot;},http:{type:&quot;value&quot;,module:&quot;sfr/utils/http&quot;},url:{type:&quot;value&quot;,module:&quot;sfr/utils/url&quot;},di:{type:&quot;value&quot;,module:&quot;sfr/utils/di&quot;},emitter:{type:&quot;value&quot;,module:&quot;sfr/utils/emitter&quot;},assert:{type:&quot;value&quot;,module:&quot;sfr/lang/assert&quot;},_:{type:&quot;value&quot;,module:&quot;sfr/lang/underscore&quot;},promise:{type:&quot;value&quot;,module:&quot;sfr/lang/promise&quot;},map:{type:&quot;value&quot;,module:&quot;sfr/lang/map&quot;},window:{type:&quot;value&quot;,value:window},document:{type:&quot;value&quot;,value:window.document},location:{type:&quot;value&quot;,value:window.location},history:{type:&quot;value&quot;,value:window.history},logger:{type:&quot;value&quot;,module:&quot;sfr/utils/logger&quot;}};return e}),require([&quot;sfr/utils/di&quot;,&quot;sfr/config&quot;],function(e,t){var n=Object.keys(t).filter(function(e){return t[e].module}).map(function(e){return t[e].module});define(&quot;sfr&quot;,n,function(){var n=new e(t);return Object.keys(t).forEach(n.resolve,n),n.container})})}(),define(&quot;sf25/start&quot;,[&quot;require&quot;,&quot;sf25/utils/animation&quot;,&quot;sf25/lib/scriptLoader&quot;,&quot;uiamd/bdbox/util&quot;,&quot;fusion/deps/naboo&quot;,&quot;fusion/deps/spark&quot;,&quot;fusion/deps/fusion.best&quot;,&quot;../pmd/deps/detect&quot;,&quot;../pmd/share/share&quot;,&quot;sf25/lib/cambrianBar&quot;,&quot;sfr&quot;,&quot;sf25/config&quot;,&quot;sf25/utils/log&quot;,&quot;sf25/utils/require&quot;],function(e){function t(e){var t=r(e);if(t.url){var n=i(t.url);if(n){if(n.enable){if(&quot;function&quot;==typeof n.suspend&amp;amp;&amp;amp;n.suspend())return;return o(t.url,t.title,n,e),void e.preventDefault()}if(n.skipTC){var a=&quot;sf_lid=&quot;+u.getLid()+&quot;&amp;amp;sf_sig=&quot;+u.getSig(event),s=t.url.match(/\?/)?&quot;&amp;amp;&quot;:&quot;?&quot;;location.href=t.url+s+a,e.preventDefault()}}}}function n(e){var t=r(e);if(t.url){var n=i(t.url);n&amp;amp;&amp;amp;n.enable&amp;amp;&amp;amp;(t.$a.hasClass(&quot;WA_LOG_SF&quot;)||t.$a.addClass(&quot;WA_LOG_SF&quot;))}}function r(e){var t=$(e.target).closest(&quot;a[data-url]&quot;);return{url:t.data(&quot;url&quot;),title:t.text(),$a:t}}function i(e){var t;return Object.keys(s).some(function(n){var r=s[n];return r.srcUrl&amp;amp;&amp;amp;r.srcUrl.test(e)?(t=r,!0):void 0}),t}function o(e,t,n,r){var i=e.replace(n.srcUrl,n.targetUrl),o={view:{headTitle:t}},a=$(r.target||r.srcElement).closest(&quot;a&quot;),s={event:r,anchor:a.get(0)};c.redirect(i,null,o,s)}e(&quot;sf25/utils/animation&quot;),e(&quot;sf25/lib/scriptLoader&quot;),e(&quot;uiamd/bdbox/util&quot;),e(&quot;fusion/deps/naboo&quot;),e(&quot;fusion/deps/spark&quot;),e(&quot;fusion/deps/fusion.best&quot;),e(&quot;../pmd/deps/detect&quot;),e(&quot;../pmd/share/share&quot;),e(&quot;sf25/lib/cambrianBar&quot;);var a=e(&quot;sfr&quot;),s=e(&quot;sf25/config&quot;),c=a.action,u=e(&quot;sf25/utils/log&quot;),l=!1;return function(){if(l)return!1;var r=e(&quot;sf25/utils/require&quot;),i=!0;page&amp;amp;&amp;amp;page.comm&amp;amp;&amp;amp;page.comm.superframe&amp;amp;&amp;amp;&quot;0&quot;===page.comm.superframe.sf_enable&amp;amp;&amp;amp;(i=!1);var o=window.fif={};if(o.action=c,i){var a=Object.keys(s);a.forEach(function(e){var t=s[e];return t.enable?void r([t.id]):!1}),c.start(s.superframe.action),window.document.body.addEventListener(&quot;touchstart&quot;,n),window.document.body.addEventListener(&quot;click&quot;,t)}return l=!0,!0}}),define(&quot;sf25/utils/animation&quot;,[&quot;require&quot;,&quot;fusion/deps/naboo&quot;,&quot;fusion/deps/spark&quot;],function(e){var t=e(&quot;fusion/deps/naboo&quot;),n=e(&quot;fusion/deps/spark&quot;);t.register(&quot;enter&quot;,function(e,t,r,i,o){$(t).css({display:&quot;block&quot;,position:&quot;fixed&quot;,top:0,left:0,height:&quot;100%&quot;,overflow:&quot;hidden&quot;,opacity:0,&quot;-webkit-transform&quot;:&quot;translate3d(100%, 0, 0)&quot;,transform:&quot;translate3d(100%, 0, 0)&quot;}),n.css3(t,{opacity:1,&quot;-webkit-transform&quot;:&quot;translate3d(0, 0, 0)&quot;,transform:&quot;translate3d(0, 0, 0)&quot;},r,i,o,function(){e()})}),t.register(&quot;exit&quot;,function(e,t,r,i,o){$(t).css({position:&quot;fixed&quot;,top:0,left:0,height:&quot;100%&quot;,overflow:&quot;hidden&quot;,opacity:1,&quot;-webkit-transform&quot;:&quot;translate3d(0, 0, 0)&quot;,transform:&quot;translate3d(0, 0, 0)&quot;}),n.css3(t,{opacity:0,&quot;-webkit-transform&quot;:&quot;translate3d(100%, 0, 0)&quot;,transform:&quot;translate3d(100%, 0, 0)&quot;},r,i,o,function(){$(t).css({display:&quot;none&quot;,overflow:&quot;auto&quot;,position:&quot;static&quot;,&quot;-webkit-transform&quot;:&quot;none&quot;,transform:&quot;none&quot;}),e()})})}),define(&quot;sf25/utils/log&quot;,[&quot;require&quot;,&quot;sfr&quot;],function(e){function t(){return r.get(page,&quot;comm.lid&quot;)}var n=e(&quot;sfr&quot;),r=n._,i=r.get(page,&quot;utils.getEventSignature&quot;)||function(){return Math.floor(1e5*Math.random())};return{getLid:t,getSig:i}}),define(&quot;sf25/utils/require&quot;,[&quot;require&quot;,&quot;sf25/config&quot;],function(e){var t=e(&quot;sf25/config&quot;).superframe.loader;return function(n,r){var i=n.map(t.getRealRequireId);return e(i,r)}}),define(&quot;sf25/utils/searchbox/searchbox&quot;,[&quot;require&quot;],function(){return{searchClick:function(e,t){return function(){var n=&#039;&amp;lt;form class=&quot;search-box&quot;&amp;gt;\n    &amp;lt;div class=&quot;search-box-input-area&quot;&amp;gt;\n        &amp;lt;div class=&quot;search-icon&quot;&amp;gt;&amp;lt;i class=&quot;c-icon&quot;&amp;gt;&amp;amp;#xe737&amp;lt;/i&amp;gt;&amp;lt;/div&amp;gt;\n        &amp;lt;div class=&quot;search-box-input-container&quot;&amp;gt;\n            &amp;lt;input class=&quot;search-box-input&quot; placeholder=${action.placeholder} autocomplete=&quot;off&quot; type=&quot;text&quot; name=&quot;word&quot;&amp;gt;\n        &amp;lt;/div&amp;gt;\n        &amp;lt;div class=&quot;search-action-cancel-icon&quot; style=&quot;display:none&quot;&amp;gt;&amp;lt;i class=&quot;c-icon&quot;&amp;gt;&amp;amp;#xe601&amp;lt;/i&amp;gt;&amp;lt;/div&amp;gt;\n    &amp;lt;/div&amp;gt;\n    &amp;lt;div class=&quot;search-box-button-area&quot;&amp;gt;\n        &amp;lt;button class=&quot;search-action search-action-cancel&quot;&amp;gt;&amp;lt;span&amp;gt;取消&amp;lt;/span&amp;gt;&amp;lt;/button&amp;gt;\n        &amp;lt;button class=&quot;search-action search-action-submit&quot; style=&quot;display: none&quot;&amp;gt;&amp;lt;span&amp;gt;搜索&amp;lt;/span&amp;gt;&amp;lt;/button&amp;gt;\n    &amp;lt;/div&amp;gt;\n&amp;lt;/form&amp;gt;\n&#039;,r=t.etpl.compile(n),i=r({action:e}),o=t.head,a=o.find(&quot;.sfa-back, .sfa-title, .sfa-tool, .sfa-action-menus&quot;);a.hide(),o.append(i);var s=o.find(&quot;.search-box&quot;),c=s.find(&quot;.search-box-input&quot;);c.on(&quot;focus&quot;,function(){o.css(&quot;position&quot;,&quot;absolute&quot;),s.find(&quot;.search-action-cancel&quot;).hide(),s.find(&quot;.search-action-submit&quot;).show(),s.find(&quot;.search-action-cancel-icon&quot;).show(),scrollTo(0,0)}).on(&quot;blur&quot;,function(){o.css(&quot;position&quot;,&quot;fixed&quot;),setTimeout(function(){s.find(&quot;.search-action-submit&quot;).hide(),s.find(&quot;.search-action-cancel&quot;).show(),s.find(&quot;.search-action-cancel-icon&quot;).hide()},100)}),t.container.on(&quot;touchstart&quot;,function(){c.blur()}),s.on(&quot;submit&quot;,function(t){t.preventDefault(),e.submit()}),s.find(&quot;.search-action-cancel-icon&quot;).on(&quot;click&quot;,function(t){t.preventDefault(),e.clear&amp;amp;&amp;amp;e.clear(),c.val(&quot;&quot;)}),s.find(&quot;.search-action-cancel&quot;).on(&quot;click&quot;,function(t){t.preventDefault(),e.cancel&amp;amp;&amp;amp;e.cancel(),s.remove(),a.show()})}}}}),define(&quot;sf25/utils/tabViewLoading&quot;,[&quot;require&quot;],function(){function e(e){var t=[&#039;&amp;lt;div class=&quot;sfa-loading sfa-loading-tab&quot;&amp;gt;&#039;,&quot;&amp;lt;style&amp;gt;&quot;,&quot;.sfa-view {&quot;,&quot;background-color: #fff;&quot;,&quot;}&quot;,&quot;&amp;lt;/style&amp;gt;&quot;,&#039;&amp;lt;div class=&quot;sfa-loading-icon-tab&quot;&amp;gt;&#039;,&#039;&amp;lt;span class=&quot;sfa-loading-tab-bglogo&quot;&amp;gt;&amp;lt;/span&amp;gt;&#039;,&#039;&amp;lt;span class=&quot;sfa-loading-tab-toplight&quot;&amp;gt;&amp;lt;/span&amp;gt;&#039;,&quot;&amp;lt;/div&amp;gt;&quot;,&quot;&amp;lt;/div&amp;gt;&quot;].join(&quot;&quot;);e.append(t)}function t(e){e&amp;amp;&amp;amp;e.find(&quot;.sfa-loading&quot;).remove()}return{show:e,close:t}}),define(&quot;sf25/utils/titlebar/titlebar&quot;,[&quot;require&quot;,&quot;sf25/utils/searchbox/searchbox&quot;],function(e){function t(e){var t=e.head,r=t.find(&quot;.sfa-tool&quot;),i={};return i.init=function(e){r.off().empty(),t.find(&quot;.sfa-action-menus&quot;).remove(),this.searchAction(e)},i.renderActions=function(t,n,r){r=r||{};var i=e.etpl.compile(t),o=i({actions:n,options:r});return o},i.searchAction=function(t){t.map(function(t){&quot;search&quot;===t.type&amp;amp;&amp;amp;(t.enforce=!0,t.icon=&quot;&amp;amp;#xe641;&quot;,t.click=n.searchClick(t,e))})},i.setEvents=function(e){for(var n=t.find(&quot;.sfa-action-item&quot;),i=0;i&amp;lt;n.length;i++)e[i].click&amp;amp;&amp;amp;&quot;function&quot;==typeof e[i].click&amp;amp;&amp;amp;t.find(n[i]).on(&quot;click&quot;,e[i].click);r.find(&quot;.sfa-action-more&quot;).click(function(){t.find(&quot;.sfa-action-menus&quot;).toggle()}),t.find(&quot;.sfa-action-menus&quot;).click(function(){setTimeout(function(){t.find(&quot;.sfa-action-menus&quot;).hide()},10)})},function(e,n){n=n||{},i.init(e);var o=&#039;&amp;lt;% if: ${actions.length} &amp;gt; (${options.maxIcons} || 2) %&amp;gt;\n    &amp;lt;%if: ${actions.enforce}%&amp;gt;\n        &amp;lt;div class=&quot;sfa-action-item&quot;&amp;gt;&amp;lt;i class=&quot;c-icon&quot;&amp;gt;${action.icon|raw}&amp;lt;/i&amp;gt;&amp;lt;/div&amp;gt;\n    &amp;lt;%/if%&amp;gt;\n    &amp;lt;div class=&quot;sfa-action-more&quot;&amp;gt;&amp;lt;i class=&quot;c-icon&quot;&amp;gt;&amp;amp;#xe63f;&amp;lt;/i&amp;gt;&amp;lt;/div&amp;gt;\n&amp;lt;% else %&amp;gt;\n    &amp;lt;% for: ${actions} as ${action}, ${index} %&amp;gt;\n    &amp;lt;div class=&quot;sfa-action-item&quot; data-index=${index}&amp;gt;\n        &amp;lt;% if: ${action.icon} %&amp;gt;\n        &amp;lt;i class=&quot;c-icon sfa-head-menu-icon&quot;&amp;gt;${action.icon|raw}&amp;lt;/i&amp;gt;\n        &amp;lt;% else %&amp;gt;\n        &amp;lt;span class=&quot;sfa-tool-text&quot;&amp;gt;${action.text}&amp;lt;/span&amp;gt;\n        &amp;lt;% /if %&amp;gt;\n    &amp;lt;/div&amp;gt;\n    &amp;lt;% /for %&amp;gt;\n&amp;lt;% /if %&amp;gt;\n&#039;,a=i.renderActions(o,e,n);if(r.append(a),e.length&amp;gt;(n.maxIcons||2)){var s=&#039;&amp;lt;div class=&quot;sfa-action-menus&quot;&amp;gt;\n    &amp;lt;% for: ${actions} as ${action}, ${index} %&amp;gt;\n    &amp;lt;div class=&quot;sfa-action-item&quot; data-index=${index}&amp;gt;\n    &amp;lt;% if: ${action.icon} %&amp;gt;\n        &amp;lt;i class=&quot;c-icon sfa-head-menu-icon&quot;&amp;gt;${action.icon|raw}&amp;lt;/i&amp;gt;\n    &amp;lt;%/if%&amp;gt;\n        &amp;lt;span class=&quot;sfa-tool-text&quot;&amp;gt;${action.text}&amp;lt;/span&amp;gt;\n    &amp;lt;/div&amp;gt;\n    &amp;lt;% /for %&amp;gt;\n&amp;lt;/div&amp;gt;\n&#039;,c=i.renderActions(s,e);t.append(c)}i.setEvents(e)}}var n=e(&quot;sf25/utils/searchbox/searchbox&quot;);return{setActionIcons:t}}),define(&quot;sf25/utils/viewLoading&quot;,[&quot;require&quot;],function(){function e(e){var t=[&#039;&amp;lt;div class=&quot;sfa-loading&quot;&amp;gt;&#039;,&#039;&amp;lt;div class=&quot;sfa-loading-icon c-loading-zbios&quot;&amp;gt;&amp;lt;i class=&quot;c-icon&quot;&amp;gt;&amp;lt;/i&amp;gt;&amp;lt;/div&amp;gt;&#039;,&quot;&amp;lt;span&amp;gt;正在加载&amp;lt;/span&amp;gt;&quot;,&quot;&amp;lt;/div&amp;gt;&quot;].join(&quot;&quot;);e.append(t)}function t(e){e&amp;amp;&amp;amp;e.find(&quot;.sfa-loading&quot;).remove()}return{show:e,close:t}}),define(&quot;sf25/utils/viewManager&quot;,[&quot;require&quot;,&quot;sfr&quot;],function(e){var t=e(&quot;sfr&quot;).cache,n=function(e){this.ViewClass=e,this.cache=t.create(Math.random().toString().slice(3),{limit:3,onRemove:function(e,t,n){n&amp;amp;&amp;amp;e.destroy()}})};return n.prototype.getOrCreate=function(e){var t=this.get(e);return t||(t=new this.ViewClass(e),this.cache.set(e,t)),t},n.prototype.get=function(e){return this.cache.get(e)},n.prototype.remove=function(e){return this.cache.remove(e)},n}),define(&quot;sf25/view/commonView&quot;,[&quot;require&quot;,&quot;sfr&quot;,&quot;fusion/deps/naboo&quot;,&quot;sf25/view/render&quot;,&quot;sf25/window-guard&quot;],function(e){function t(e,t,n,r){e.addEventListener(t,n,r),this.on(&quot;detach&quot;,function(){e.removeEventListener(t,n,r)})}function n(){var e=t;arguments.length&amp;lt;4&amp;amp;&amp;amp;(e=s.partial(e,window)),e.apply(this,arguments)}var r=e(&quot;sfr&quot;),i=e(&quot;fusion/deps/naboo&quot;),o=e(&quot;sf25/view/render&quot;),a=e(&quot;sf25/window-guard&quot;),s=r._,c=r.view,u=r.action,l=r.promise,d=300,f=0,p=&quot;ease&quot;,h=$(&#039;&amp;lt;style data-for=&quot;sf25/view/commonView&quot;&amp;gt;&amp;lt;/style&amp;gt;&#039;);h.text(&quot;#super-frame{font:14px/22px Arial,Helvetica,sans-serif;word-break:break-word;word-wrap:break-word}\n.sfa-view{z-index:501;width:100%;min-height:100%;background-color:#f2f2f2;overflow:auto}\n.sfa-view .sfa-body{overflow:hidden;text-align:left;padding-top:44px}\n.sfa-view .sfa-head{position:fixed;top:0;left:0;z-index:501;width:100%;height:44px;line-height:44px;text-align:center;font-size:18px;background-color:#fff;color:#333;-webkit-user-select:none;user-select:none;-webkit-transform:translate3d(0,0,0);transform:translate3d(0,0,0)}\n.sfa-view .sfa-back,.sfa-view .sfa-close{width:50px;height:44px;float:left;text-align:center;padding-left:2px}\n.sfa-view .sfa-back i{font-size:21px}\n.sfa-view .sfa-close{width:43px}\n.sfa-view .sfa-close span,.sfa-view .sfa-back span{font-size:16px;vertical-align:middle}\n.sfa-tool .sfa-action-more{overflow:hidden;display:inline-block;font-size:21px;width:44px}\n.active .sfa-tool .sfa-action-more:active,.active .sfa-tool .sfa-action-item:active{background:rgba(51,51,51,.4)}\n.sfa-action-item .sfa-tool-text{color:#666;font-size:14px;display:block;width:100%;overflow:hidden}\n.sfa-view .sfa-tool{min-width:44px;height:44px;float:right;text-align:center;padding-right:4px}\n.sfa-head .sfa-tool .sfa-action-item i{font-size:21px}\n.sfa-view .sfa-title{width:100%;padding:0 98px;box-sizing:border-box}\n.sfa-view .sfa-head-border{border-bottom:1px solid #f1f1f1}\n.sfa-view .sfa-title .c-line-clamp1{padding:0 8px}\n.active .sfa-head .sfa-back:active{background:rgba(51,51,51,.4)}\n.sfa-tool .sfa-action-item{display:inline-block;width:44px;overflow:hidden}\n.sfa-head .sfa-action-menus{display:none;float:right;width:auto;background-color:#fff;margin-right:5px;text-align:left;overflow:auto;box-shadow:0 2px 6px #d6d6d6}\n.sfa-action-menus .sfa-action-item{color:#666;font-size:16px;line-height:44px;padding:0 17px;border-bottom:1px solid #f1f1f1}\n.active .sfa-action-menus .sfa-action-item:active{background:rgba(51,51,51,.4)}\n.sfa-action-menus .sfa-action-item .sfa-head-menu-icon{color:#666;font-size:16px;display:block;line-height:44px;width:16px;overflow:hidden;text-align:left}\n.sfa-action-menus .sfa-action-item .sfa-tool-text{color:#666;font-size:16px;width:auto}\n.sfa-action-menus :last-child{border-bottom:0}\n.sfa-head .sfa-action-menus i{float:left;padding-right:14px}\n.sfa-head .search-box{display:-webkit-box;display:-webkit-flex;display:flex;background-color:#fff;font-size:14px;padding:5px 10px 6px 17px;box-sizing:border-box;height:100%;width:100%}\n.sfa-head .search-box .search-box-input-area{display:-webkit-box;display:-webkit-flex;display:flex;width:100%;box-sizing:border-box;height:34px;line-height:34px;color:#333;margin-right:7px;padding-right:3px;border-radius:16px;background:#f5f5f5}\n.sfa-head .search-box .search-box-button-area{width:46px;height:34px;line-height:34px;color:#333}\n.active .sfa-head .search-box .search-box-button-area:active{background:rgba(51,51,51,.4)}\n.search-box .search-icon{color:#c3c3c3;line-height:35px;padding-right:6px;padding-left:13px;font-size:14px}\n.search-box .search-action{line-height:34px;font-size:14px;outline:0}\n.search-action-cancel-icon{width:34px;color:#e0e0e0;font-size:14px}\n.search-box .search-box-input-container{-webkit-box-flex:1;-webkit-flex:1;flex:1;width:100%;height:100%;box-sizing:border-box;left:0}\n.search-box .search-box-input-container input{width:100%;height:100%;font-size:14px;vertical-align:top;outline:0;color:#333}\n.search-box-input::-webkit-input-placeholder{vertical-align:top;font-size:14px}\n.sfa-view .sfa-loading{position:absolute;top:50%;left:50%;color:#fff;width:161px;height:49px;line-height:49px;margin-top:-24px;margin-left:-80px;border-radius:1px;text-align:center}\n.sfa-loading .sfa-loading-icon{display:inline-block;width:37px;height:23px;margin-top:-4px;vertical-align:middle}\n.sfa-view .sfa-loading.sfa-loading-tab{width:147px;height:48px;margin-left:-73px}\n.sfa-view .sfa-loading .sfa-loading-icon-tab{width:100%;height:100%;overflow:hidden}\n.sfa-view .sfa-loading .sfa-loading-tab-bglogo{background:url(//m.baidu.com/se/static/img/iphone/tab_loading__bg_logo.png) no-repeat;background-size:147px 48px;height:48px;width:147px}\n.sfa-view .sfa-loading .sfa-loading-tab-toplight{background:url(//m.baidu.com/se/static/img/iphone/tab_loading_light.png) no-repeat;animation:1s marvel infinite;background-size:147px 48px;position:relative;height:48px;width:147px;top:-48px;left:-78px}\n@keyframes marvel{0%{left:-78px}\n100%{left:73px}}\n.sfa-view .sfa-loading i{height:23px;width:23px;background-size:23px;background-repeat:no-repeat;background-image:url(data:image/png;base64,iVBORw0KGgoAAAANSUhEUgAAAEUAAABFCAMAAAArU9sbAAAAllBMVEUAAAA5kv85kv85kv85kv85kv85kv85kv85kv85kv85kv85kv85kv85kv85kv85kv85kv85kv85kv85kv85kv85kv85kv85kv85kv85kv85kv85kv85kv85kv85kv85kv85kv85kv85kv85kv85kv85kv85kv85kv85kv85kv85kv85kv85kv85kv85kv85kv85kv85kv98v3f9AAAAMXRSTlMA+u4H8xwSDeG7KBapjYhP28EE9jfmpJoxItOALLFuQcxrZOrXdnPHVDyVe11aSIN5drPNPgAAAx5JREFUWMOlmOl2qlAMhbcyySCiBUFRUazzVXve/+Vuk2NZTgwHvx+uVjBk2MmJopxRkvvecBn0gqXt+ecZ1DEW8654ZO3lLhTQznZHvKNj70dohrWNRDm9rYZ6Rqsiki/7uBhkiZNkg208LLyL/qGOcCkk39eD9hhm5veEZDirdsS/eRGHby9nY+lRZ1VVmJ200XfLb4mlnbmJEhzpsWegCseWEZfcFXJau3vUkX9xsZy3RvjaboJ6Zt/8vNmbK+zJWGsmKZvF/PJEg3PSb6zuMd0emE/v7hSMMGxmjgf6HI5Sr3FQC9yRsSI1qGBNSX7OnSbpjbUBNRydHo2CDbkygCo5faxoTVfnpKgzpA7XIKEW1F2oM6OeWoExyZUr2hBTJ4xALFq5wkzIGdl40xe9qWlvzsFRph20IyPNUBzp7x9LtGRE7ZcD2LGQW8L19QCLEjRBWw6keuBCxUJrRjTbZliwS+0Zchccf19PaA1/3ofNumnPimMJfl9DtGfA46HLJWpPSGcTqNAmKnCT6r7mGpP+raqG64qxW2uFxoKBcjw6vxYjlJHQiYKophfngliGVeJdgg7LqsgtXy4JsVlRI9beoMmSsM7L9cJDb1OniUAQO+nz63mYYttk/msnnVeo/ms1ydEzLpzjWgxPENH5uad1zqspuNT1ZFNB2M5LibojObxzNN9hO/59WOltfPtcqka4sVyci5pKH1bcTgr9mOzkhvl3f1LkI+BaNeVfxMtsqhWHow3ihxJkoSlWn8UcXCjEr2JrcPVX4TURs2fAv1sa+uSMCQWkmPUrubIFI/06QgXtxNvxQy58+vcAFVjMj/uhFZEKTKhxJiNT7WFIkATVMH396fgYqy7NjHk9PYqAvx/84EMc7rQNPiT8kkF9yKBTfJP73EzvgM/IuoKI3Wq5pW5NiqfyzNhY5cVNdbHe17RHfGuO1MA7Jn1dtrNWk5zo73eJ3Hg2sRgKSZA1G0JMMN4MQscwzUm4//F64oZ+0lCPS26X0k2basHcTEtsLFcWFEj86auJ1IEy5mUbD4NIF3r0bR+3lwov/gPz4J/MfidXggAAAABJRU5ErkJggg==)}\n.sfa-view .sfa-loading span{display:inline-block;color:#6b6b6b;font-size:18px;padding-right:3px;vertical-align:middle}\n.sfa-view-no-head .sfa-head{display:none}\n.sfa-view-no-head .sfa-body{padding-top:0}\n.sfa-view-transparent-head .sfa-head{background:-moz-linear-gradient(top,rgba(0,0,0,.3) 0,rgba(0,0,0,.2) 25%,rgba(0,0,0,0) 100%);background:-webkit-linear-gradient(top,rgba(0,0,0,.3) 0,rgba(0,0,0,.2) 25%,rgba(0,0,0,0) 100%);background:linear-gradient(to bottom,rgba(0,0,0,.3) 0,rgba(0,0,0,.2) 25%,rgba(0,0,0,0) 100%);color:#fff;text-shadow:0 0 1px rgba(0,0,0,.4)}\n.sfa-view-transparent-head .sfa-body{padding-top:0}\n.sfa-results .c-result:first-of-type .c-container:first-of-type{margin-top:0}\n.sfa-top-results .c-result .c-container:first-of-type{margin:0;padding:0}&quot;),$(&quot;head&quot;).append(h);var m=function(){c.apply(this,arguments);var e=this,t=Object.create({performance:{}},{head:{writeable:!1,get:function(){return e.$sfHead&amp;amp;&amp;amp;e.$sfHead[0]}},body:{writeable:!1,get:function(){return e.$sfBody&amp;amp;&amp;amp;e.$sfBody[0]}},container:{writeable:!1,get:function(){return e.$container&amp;amp;&amp;amp;e.$container[0]}},render:{writeable:!1,get:function(){return e.renderer}},addEventListener:{writeable:!1,get:function(){return n}}});this.vw=t,r.emitter.mixin(this.vw)},g=function(){};return g.prototype=c.prototype,m.prototype=new g,m.uber=c.prototype,m.prototype.constructor=m,m.prototype.setTemplateStream=function(e){this.ts=e},m.prototype.renderFrame=function(e){if(this.frameRendered)return!1;this.frameRendered=!0;var t=&#039;&amp;lt;i class=&quot;c-icon&quot;&amp;gt;&amp;amp;#xe750;&amp;lt;/i&amp;gt;&#039;;e.hasOwnProperty(&quot;backHtml&quot;)&amp;amp;&amp;amp;(t=e.backHtml),this.$sfHead=$([&#039;&amp;lt;div class=&quot;sfa-head&quot;&amp;gt;&#039;,&#039;&amp;lt;div class=&quot;sfa-back&quot;&amp;gt;&#039;+t+&quot;&amp;lt;/div&amp;gt;&quot;,&#039;&amp;lt;div class=&quot;sfa-tool&quot;&amp;gt;&amp;lt;/div&amp;gt;&#039;,&#039;&amp;lt;div class=&quot;sfa-title&quot;&amp;gt;&#039;,&#039;&amp;lt;div class=&quot;c-line-clamp1&quot;&amp;gt;&#039;+(e.headTitle||&quot;&quot;)+&quot;&amp;lt;/div&amp;gt;&quot;,&quot;&amp;lt;/div&amp;gt;&quot;,&quot;&amp;lt;/div&amp;gt;&quot;].join(&quot;&quot;));var n={};e.headHeight&amp;amp;&amp;amp;(n.height=e.headHeight),e.headBackground&amp;amp;&amp;amp;(n.background=e.headBackground),e.headColor&amp;amp;&amp;amp;(n.color=e.headColor),this.$sfHead.css(n),this.$sfBody=$(&#039;&amp;lt;div class=&quot;sfa-body&quot;&amp;gt;&#039;),this.$container=$(&#039;&amp;lt;div class=&quot;sfa-view&quot;&amp;gt;&#039;),e.customClassName&amp;amp;&amp;amp;this.$container.addClass(e.customClassName),this.$container.append(this.$sfHead).append(this.$sfBody),$(r.doc).append(this.$container)},m.prototype.startEnterAnimate=function(){var e=new $.Deferred;if(this.enterAnimate){var t=this.$container[0];i.enter(t,d,p,f).start(function(){e.resolve()})}else this.$container.css({opacity:1,&quot;-webkit-transform&quot;:&quot;none&quot;,transform:&quot;none&quot;}).show(),e.resolve();return e.promise()},m.prototype.prepareRender=function(){this.$container.css({position:&quot;static&quot;,overflow:&quot;auto&quot;,height:&quot;auto&quot;,&quot;-webkit-transform&quot;:&quot;none&quot;,transform:&quot;none&quot;,&quot;min-height&quot;:$(window).height()}),this.$container.find(&quot;.sfa-back&quot;).on(&quot;click&quot;,function(e){u.back(),e.preventDefault()}),this.renderer||(this.renderer=new o(this.vw)),window._SF_=window._SF_||{},window._SF_._global_=this.renderer.global._global_,window._SF_.page=this.renderer.global.scope,window._SF_.vw=this.vw},m.prototype.renderStream=function(){return console.warn(&quot;view.renderStream is deprecated, use view.render() instead.&quot;),this.render()},m.prototype.render=function(){if(this.prepareRender(),this.streamRenderPromise)return this.streamRenderPromise;this.guardContext=a.createContext();var e=this;return this.streamRenderPromise=new l(function(t,n){var r=l.resolve();e.ts.on(&quot;readable&quot;,function(){e.vw.performance.domLoading=Date.now(),e.vw.emit(&quot;beforeRender&quot;)}),e.ts.on(&quot;data&quot;,function(t){t.innerHTML+=&quot;&amp;lt;rendermark&amp;gt;&amp;lt;/rendermark&amp;gt;&quot;,e.vw.body&amp;amp;&amp;amp;(r=e.renderer.render(t).then(function(){void 0===e.vw.performance.firstTemplateLoaded&amp;amp;&amp;amp;(e.vw.performance.firstTemplateLoaded=Date.now())}))}),e.ts.on(&quot;end&quot;,function(){r.then(function(){e.vw.performance.domInteractive=Date.now(),e.vw.emit(&quot;endRender&quot;),t()})}),e.ts.on(&quot;error&quot;,n)})},m.prototype.attach=function(){var e=this;return new l(function(t){e.vw.emit(&quot;attach&quot;),t()})},m.prototype.detach=function(){var e=new $.Deferred;this.$container&amp;amp;&amp;amp;this.$container.find(&quot;.sfa-back&quot;).off(&quot;click&quot;),this.vw.emit(&quot;detach&quot;),e.resolve();var t=this;return e.promise().then(function(){var e=a.checkContext(t.guardContext);e.totalChanges&amp;gt;1?console.warn(&quot;You have some changes leaved on window!&quot;,e):console.log(&quot;guard pass&quot;)})},m.prototype.startExitAnimate=function(){var e=new $.Deferred;if(this.exitAnimate){var t=this.$container[0];i.exit(t,d,p,f).start(function(){e.resolve()})}else this.$container.css({display:&quot;none&quot;,position:&quot;static&quot;,&quot;-webkit-transform&quot;:&quot;none&quot;,transform:&quot;none&quot;}),e.resolve();return e.promise()},m.prototype.hideView=function(){this.$container.hide()},m.prototype.removeDom=function(){this.$container.remove(),delete this.$container,delete this.$sfHead,delete this.$sfBody},m}),define(&quot;sf25/view/domRenderView&quot;,[&quot;require&quot;,&quot;sf25/view/commonView&quot;,&quot;sfr&quot;,&quot;sf25/window-guard&quot;],function(e){function t(e,t,n){e.prototype[t]=r.wrap(e.uber[t],n)}var n=e(&quot;sf25/view/commonView&quot;),r=e(&quot;sfr&quot;)._,i=e(&quot;sf25/window-guard&quot;),o=window.Zepto,a=function(e){n.apply(this,arguments),this.type=e};return a.prototype=new n,a.uber=n.prototype,a.prototype.constructor=a,a.prototype.setTemplateStream=function(e){this.resourceQueryPromise=e},a.prototype.render=function(){if(this.prepareRender(),this.streamRenderPromise)return this.streamRenderPromise;this.guardContext=i.createContext();var e=this;return this.streamRenderPromise=this.resourceQueryPromise.then(function(t){e.vw.emit(&quot;beforeRender&quot;);var n=t.data+&quot;&amp;lt;rendermark&amp;gt;&amp;lt;/rendermark&amp;gt;&quot;,r=o(&quot;&amp;lt;div&amp;gt;&quot;).html(n);return r.find(&quot;[data-sfr-omit]&quot;).remove(),r.find(&quot;title, meta&quot;).remove(),e.renderer.render({type:&quot;template/body&quot;,innerHTML:r.html()})})},t(a,&quot;renderFrame&quot;,function(e,t){return e.call(this,t)===!1?!1:void 0}),t(a,&quot;attach&quot;,function(e){return this.vw&amp;amp;&amp;amp;this.vw.tc&amp;amp;&amp;amp;(window.tc=this.vw.tc),e.call(this)}),t(a,&quot;detach&quot;,function(e){var t=e.call(this);return this.vw.tc=window.tc,delete window.tc,t}),a}),define(&quot;sf25/view/ecomView&quot;,[&quot;require&quot;,&quot;sf25/view/commonView&quot;,&quot;sfr&quot;],function(e){var t=e(&quot;sf25/view/commonView&quot;),n=e(&quot;sfr&quot;)._,r=function(){t.apply(this,arguments)};return r.prototype=new t,r.uber=t.prototype,r.prototype.constructor=r,r.prototype.renderFrame=n.wrap(t.prototype.renderFrame,function(e,t){return e.call(this,t)===!1?!1:void(t.noHead&amp;amp;&amp;amp;(this.$sfHead.hide(),this.$sfBody.css({&quot;padding-top&quot;:&quot;0&quot;})))}),r}),define(&quot;sf25/view/ifsView&quot;,[&quot;require&quot;,&quot;sf25/view/sceneView&quot;,&quot;../../pmd/deps/detect&quot;,&quot;sf25/utils/titlebar/titlebar&quot;],function(e){function t(e){var t=window.$,n=t(window).height();this.lastHeight=n,e.$SceneView.css(&quot;min-height&quot;,n+&quot;px&quot;);var r=e.$sfHead.height(),i=n-r;e.$sfBody.find(&quot;.sfc-act-sf-mip-container-wrapper&quot;).height(i),e.viewer.render()}function n(e){(u.android&amp;amp;&amp;amp;!u.android4&amp;amp;&amp;amp;!u.uc&amp;amp;&amp;amp;!u.bdbox||u.android4)&amp;amp;&amp;amp;e.$SceneView.addClass(&quot;sfc-act-sf-mip-notransform&quot;)}function r(e){u.android4&amp;amp;&amp;amp;e.$SceneView.addClass(&quot;sfc-act-sf-mip-nooverflow&quot;)}var i=e(&quot;sf25/view/sceneView&quot;),o=e(&quot;../../pmd/deps/detect&quot;),a=function(){i.apply(this,arguments)},s=function(){};s.prototype=i.prototype,a.prototype=new s,a.prototype.constructor=a,a.prototype._super=i.prototype,a.prototype.render=function(t){if(!(this.$SceneView&amp;amp;&amp;amp;this.$SceneView.length&amp;gt;0)){this._super.render.call(this,t);var i=e(&quot;sf25/utils/titlebar/titlebar&quot;);this.setHeadActionIcons=i.setActionIcons({etpl:page.etpl,head:this.$sfHead,container:this.$SceneView}),this.$sfBody.html([&quot;&amp;lt;style&amp;gt;.sf-act-mib-frame .sf-head{background-color:#fff;box-shadow:0 1px 3px rgba(0,0,0,.2)}\n.sfc-act-sf-mip-container{display:block;width:100%;height:100%;overflow:hidden;position:relative;-webkit-tap-highlight-color:rgba(0,0,0,0)}\n.sfc-act-sf-mip-container-wrapper{display:block;height:100%;width:100%;border-right:0 solid #ccc;background-color:#fff;font-size:0;line-height:0;-webkit-overflow-scrolling:touch;overflow-y:scroll;z-index:1;-webkit-transform:translate3d(0,0,0);transform:translate3d(0,0,0)}\n.sfc-act-sf-mip-container iframe{background-color:#fff;border:0;width:1px;min-width:100%;height:100%;-webkit-overflow-scrolling:touch;overflow-y:scroll;overflow-x:hidden}\n.sfc-act-sf-mip-loading{position:absolute;top:150px;left:0;width:100%;text-align:center;z-index:2}\n.sfc-act-sf-mip-notransform .sfc-act-sf-mip-container{position:static}\n.sfc-act-sf-mip-notransform .sfc-act-sf-mip-container-wrapper{-webkit-transform:none;transform:none}\n.sfc-act-sf-mip-nooverflow .sfc-act-sf-mip-container-wrapper{overflow-y:hidden}\n.sfc-act-sf-tc-view.sfa-view{background:#e6e6e6}\n.sfc-act-sf-tc-view .sfc-act-sf-mip-container-wrapper{background:#e6e6e6}\n.sfc-act-sf-tc-view .sfc-act-sf-mip-container iframe{background:#e6e6e6}&amp;lt;/style&amp;gt;&quot;,&#039;&amp;lt;div class=&quot;sfc-act-sf-mip-box&quot;&amp;gt;&#039;,&#039;&amp;lt;div class=&quot;sfc-act-sf-mip-container&quot;&amp;gt;&#039;,&#039;&amp;lt;div class=&quot;sfc-act-sf-mip-container-wrapper&quot;&amp;gt;&#039;].join(&quot;&quot;)),this.$SceneView.css({background:&quot;#fff&quot;}),n(this),r(this)}},a.prototype.renderBody=function(){this.viewer.setConfig({target:this.$sfBody.find(&quot;.sfc-act-sf-mip-container-wrapper&quot;)[0]}),t(this)},a.prototype.resize=function(){t(this)};var c=navigator.userAgent,u={iOS:&quot;ios&quot;===o.os.n,android:&quot;android&quot;===o.os.n,android4:/android.*?(\d\.\d)/i.test(c)&amp;amp;&amp;amp;RegExp.$1&amp;lt;=4.5,uc:/UCBrowser/i.test(c),bdbox:/baiduboxapp/i.test(c)};return a}),define(&quot;sf25/view/imageView&quot;,[&quot;require&quot;,&quot;sf25/view/commonView&quot;,&quot;sfr&quot;,&quot;../../pmd/deps/detect&quot;],function(e){var t=e(&quot;sf25/view/commonView&quot;),n=e(&quot;sfr&quot;)._,r=e(&quot;../../pmd/deps/detect&quot;),i=function(e){t.apply(this,arguments),this.type=e};return i.prototype=new t,i.uber=t.prototype,i.prototype.constructor=i,i.prototype.renderFrame=n.wrap(t.prototype.renderFrame,function(e,t){return e.call(this,t)===!1?!1:void(&quot;detail&quot;===this.type?(this.$container.css({background:&quot;#000&quot;}),this.$sfHead.hide()):&quot;result&quot;===this.type&amp;amp;&amp;amp;this.$sfHead.css({background:&quot;#f7f7f7&quot;,color:&quot;#585858&quot;}))}),i.prototype.prepareRender=n.wrap(t.prototype.prepareRender,function(e){e.call(this),&quot;detail&quot;===this.type&amp;amp;&amp;amp;&quot;android&quot;===r.os.n&amp;amp;&amp;amp;&quot;zbios&quot;===r.browser.n&amp;amp;&amp;amp;(this.$container.css({&quot;min-height&quot;:&quot;100vh&quot;}),$(window).on(&quot;resize&quot;,$.proxy(this.resize,this))),this.renderer.clientFunction=function(e){return[&quot;function(vw, page, _global_){&quot;,&quot;  var require = _global_.require;&quot;,&quot;  var define = _global_.define;&quot;,e,&quot;}&quot;].join(&quot;\n&quot;)}}),i.prototype.resize=function(){this.$container.css({&quot;min-height&quot;:$(window).height()})},i.prototype.detach=n.wrap(t.prototype.detach,function(e){e.call(this),$(window).off(&quot;resize&quot;,$.proxy(this.resize,this))}),i}),define(&quot;sf25/view/novelView&quot;,[&quot;require&quot;,&quot;sf25/view/commonView&quot;,&quot;sfr&quot;,&quot;sf25/window-guard&quot;],function(e){function t(e,t,n){e.prototype[t]=r.wrap(e.uber[t],n)}var n=e(&quot;sf25/view/commonView&quot;),r=e(&quot;sfr&quot;)._,i=e(&quot;sf25/window-guard&quot;),o=window.Zepto,a=function(e){n.apply(this,arguments),this.type=e};return a.prototype=new n,a.uber=n.prototype,a.prototype.constructor=a,a.prototype.setTemplateStream=function(e){this.resourceQueryPromise=e},a.prototype.render=function(){if(this.prepareRender(),this.streamRenderPromise)return this.streamRenderPromise;this.guardContext=i.createContext();var e=this;return this.streamRenderPromise=this.resourceQueryPromise.then(function(t){e.vw.emit(&quot;beforeRender&quot;);var n=t.data+&quot;&amp;lt;rendermark&amp;gt;&amp;lt;/rendermark&amp;gt;&quot;,r=o(&quot;&amp;lt;div&amp;gt;&quot;).html(n);return r.find(&quot;[data-sfr-omit]&quot;).remove(),r.find(&quot;title, meta&quot;).remove(),e.renderer.render({type:&quot;template/body&quot;,&quot;use-loader&quot;:!0,innerHTML:r.html()})})},t(a,&quot;renderFrame&quot;,function(e,t){return e.call(this,t)===!1?!1:void 0}),t(a,&quot;attach&quot;,function(e){return this.vw&amp;amp;&amp;amp;this.vw.tc&amp;amp;&amp;amp;(window.tc=this.vw.tc),e.call(this)}),t(a,&quot;detach&quot;,function(e){var t=e.call(this);return this.vw.tc=window.tc,delete window.tc,t}),a}),define(&quot;sf25/view/render&quot;,[&quot;sfr&quot;],function(e){function t(e){this.global={scope:{},virtualWindow:e};var t=this;this.global._global_=Object.create(null,{container:{writeable:!1,get:function(){return t.global.virtualWindow.container}}}),this.queue=u.resolve()}function n(e,t){for(;e.childNodes.length&amp;gt;0;)t.appendChild(e.childNodes[0])}function r(e,n){var r=c.toArray(e).filter(function(e){return d.test(e.rel)});return new u(function(e){function i(){o--,0===o&amp;amp;&amp;amp;e()}var o=r.length;return 0===o?(o=1,i()):void r.forEach(function(e){n.appendChild(e),t.load(e,i)})})}function i(e){var t=&quot;sf_closure_eval_&quot;+Math.random().toString(36).substr(2);return window[t]=function(t){t(e.virtualWindow,e.scope,e._global_)},t}function o(e){delete window[e]}function a(e,n){function r(){document.head.removeChild(e),n()}document.head.appendChild(e),e.src?t.load(e,r):r()}function s(e){var t=document.createElement(&quot;script&quot;);return t.src=e.src,t}var c=e._,u=e.promise,l=/^$|\/(?:java|ecma)script/i,d=/stylesheet/i;return t.prototype.render=function(e){return this.queue=this.queue.catch(function(e){setTimeout(function(){throw e})}).then(function(){return this.renderer(e)}.bind(this))},t.prototype.setRenderer=function(e){this.global.renderer=e},t.prototype.renderer=function(e){var t=this.global.virtualWindow.head,n=this.global.virtualWindow.body;switch(e.type){case&quot;template/head&quot;:return this.renderPartial(t,e);case&quot;template/body&quot;:return this.renderPartial(n,e);default:return this.renderPartial(n,e)}},t.prototype.renderPartial=function(e,t){var i=t.innerHTML,o=document.createElement(&quot;div&quot;);o.innerHTML=i;var a=o.querySelectorAll(&quot;link&quot;),s=o.querySelectorAll(&quot;script&quot;);return u.resolve().then(function(){return r(a,e)}).then(function(){return n(o,e)}).then(function(){return this.enforceJS(s,t)}.bind(this))},t.prototype.enforceJS=function(e,t){var n=i(this.global),r=-1,d=c.toArray(e).filter(function(e){return l.test(e.type)}).map(function(e){var i;if(e.src)i=s(e),r++;else{var o=t.hasOwnProperty(&quot;use-loader&quot;);o&amp;amp;&amp;amp;r++,i=this.wrapScript(e,o?&quot;_superframeJSLoader&quot;:n)}return i.setAttribute(&quot;data-evaluator-id&quot;,n),i.setAttribute(&quot;data-script-index&quot;,r),i},this);return new u(function(e){function t(){r--,0===r&amp;amp;&amp;amp;(o(n),e())}var r=d.length;return 0===r?(r=1,t()):void d.forEach(function(e){a(e,t)})})},t.prototype.wrapScript=function(e,t){var n=document.createElement(&quot;script&quot;);return n.text=t+&quot;(&quot;+this.clientFunction(e.innerHTML)+&quot;);&quot;,n},t.prototype.clientFunction=function(e){return&quot;function(vw, page, _global_){&quot;+e+&quot;}&quot;},t.load=function(e,t){var n=!1;e.onload=e.onerror=e.onreadystatechange=function(){var r=e.readyState;if(&quot;undefined&quot;==typeof r||/^(loaded|complete)$/.test(r)){if(n)return;n=!0,setTimeout(function(){t(e)})}}},t}),define(&quot;sf25/view/sceneRender&quot;,[&quot;require&quot;],function(){function e(e){var t,n,r,i,o,a,s,c;for(t={},n=e.split(&#039;&amp;lt;template id=&quot;sf_async_&#039;),i=n.length,r=0;i&amp;gt;r;r++)o=n[r],a=o.indexOf(&quot;&amp;gt;&quot;),s=o.lastIndexOf(&quot;&amp;lt;/template&amp;gt;&quot;),a&amp;gt;-1&amp;amp;&amp;amp;s&amp;gt;-1&amp;amp;&amp;amp;(c=o.substring(0,a).match(/([^&amp;gt;]*)[&#039;|&quot;][^&amp;gt;]*/),c&amp;amp;&amp;amp;c[1]&amp;amp;&amp;amp;(t[&quot;sf_async_&quot;+c[1]]=o.substring(a+1,s)));return t}function t(e,t){var n,r,i,o,a,s=[],c=[];for(r=t.length,i=0;r&amp;gt;i;i++)o=t[i],s.push(o[0]),c.push(o[1]);s.push(e);try{n=Function.apply(null,s),a=n.apply(this,c)}catch(u){setTimeout(function(){throw u})}return a}function n(e,t){var n=[];return t&amp;amp;&amp;amp;t.page&amp;amp;&amp;amp;t.view?(n=[[&quot;_global_&quot;,e],[&quot;page&quot;,t.page],[&quot;view&quot;,t.view],[&quot;card&quot;,e.card]],_SF_._global_=e,_SF_.page=t.page,_SF_.view=t.view,_SF_.card=e.card):(n=[[&quot;_global_&quot;,e],[&quot;page&quot;,e.page],[&quot;view&quot;,e.view],[&quot;card&quot;,e.card]],_SF_._global_=e,_SF_.page=e.page,_SF_.view=e.view,_SF_.card=e.card),n}function r(e){var t=document.getElementsByTagName(&quot;link&quot;);if(t&amp;amp;&amp;amp;t.length&amp;gt;0)for(var n=0,r=t.length;r&amp;gt;n;n++)if(t[n].href===e)return!0;return!1}function i(e,t){if(t=t||function(){},r(e))t();else{var n=document.createElement(&quot;link&quot;);n.href=e,n.type=&quot;text/css&quot;,n.rel=&quot;stylesheet&quot;,n.onload=n.onreadystatechange=function(){this.readyState&amp;amp;&amp;amp;&quot;loaded&quot;!==this.readyState&amp;amp;&amp;amp;&quot;complete&quot;!==this.readyState||t()},document.getElementsByTagName(&quot;head&quot;)[0].appendChild(n)}}function o(e,t){for(var n=0,r=0,o=e.length;o&amp;gt;r;r++)i(e[r],function(){n++,n===e.length&amp;amp;&amp;amp;t&amp;amp;&amp;amp;&quot;function&quot;==typeof t&amp;amp;&amp;amp;t()})}function a(e,t){if(t=t||function(){},r(e))t();else{var n=document.createElement(&quot;script&quot;);n.src=e,n.type=&quot;text/javascript&quot;;var i=!1;n.onload=n.onerror=n.onreadystatechange=function(){this.readyState&amp;amp;&amp;amp;&quot;loaded&quot;!==this.readyState&amp;amp;&amp;amp;&quot;complete&quot;!==this.readyState||i||(i=!0,t())},document.getElementsByTagName(&quot;head&quot;)[0].appendChild(n)}}function s(e,r,i){function o(){0&amp;gt;=l&amp;amp;&amp;amp;s()}function s(){setTimeout(function(){u=n(r,i),e.sf_async_foot_js&amp;amp;&amp;amp;t(e.sf_async_foot_js.replace(/&amp;lt;\/?script&amp;gt;/gi,&quot;&quot;),u),setTimeout(function(){var e=new Event(&quot;ContainerContentLoaded&quot;);r.container&amp;amp;&amp;amp;r.container.dispatchEvent(e)})})}r=r||{};var u=n(r,i),l=0;if(e.sf_async_head_js&amp;amp;&amp;amp;t(e.sf_async_head_js.replace(/&amp;lt;\/?script&amp;gt;/gi,&quot;&quot;),u),u=n(r,i),i&amp;amp;&amp;amp;i.options&amp;amp;&amp;amp;1==i.options.vsearch_change&amp;amp;&amp;amp;e.sf_async_searchBox&amp;amp;&amp;amp;c(e.sf_async_searchBox,r,i),e.sf_async_body){r.container&amp;amp;&amp;amp;(r.container.innerHTML+=e.sf_async_body);for(var d=r.container.getElementsByTagName(&quot;script&quot;),f=0,p=d.length;p&amp;gt;f;f++){var h=d[f];h.src?(l++,a(h.src,function(){return l--,o(),function(e){e.parentNode.removeChild(e)}})):(u=n(r,i),t(h.innerHTML,u))}i&amp;amp;&amp;amp;i.options&amp;amp;&amp;amp;i.options.disableFadein||$(r.container).css({opacity:0}).animate({opacity:1},200),r&amp;amp;&amp;amp;r.view&amp;amp;&amp;amp;r.view.on(&quot;domready&quot;,function(){i&amp;amp;&amp;amp;i.state&amp;amp;&amp;amp;i.state.offsetY&amp;amp;&amp;amp;setTimeout(function(){scrollTo(0,i.state.offsetY)},1)})}u=n(r,i),e.sf_async_merge_js&amp;amp;&amp;amp;t(e.sf_async_merge_js.replace(/&amp;lt;\/?script&amp;gt;/gi,&quot;&quot;),u),o()}function c(e){var t=$(&quot;.se-page-hd-content .se-tablink-scroll-touch&quot;),n=$(&quot;.se-page-hd-content .se-tablink-scroll-touch&quot;);t.empty(),t.append(e),n.scrollLeft(0)}function u(t,n,r){var i=e(t),a=i.sf_async_css;if(n=n||{},n.container&amp;amp;&amp;amp;(n.container.innerHTML=&quot;&quot;),a){var c=a.match(/href=([\&#039;\&quot;])(.*?)\1/gi);if(c.length&amp;amp;&amp;amp;c.length&amp;gt;0){for(var u=0,l=c.length;l&amp;gt;u;u++)c[u]=c[u].replace(&quot;href=&quot;,&quot;&quot;).replace(/[\&#039;\&quot;]/g,&quot;&quot;);o(c,function(){s(i,n,r)}),a=a.replace(/&amp;lt;link.*?&amp;gt;/gi,&quot;&quot;)}n.container&amp;amp;&amp;amp;(n.container.innerHTML+=a)}else s(i,n,r)}return window._SF_={},u}),define(&quot;sf25/view/sceneView&quot;,[&quot;require&quot;,&quot;sfr&quot;,&quot;fusion/deps/naboo&quot;,&quot;../../pmd/deps/detect&quot;,&quot;sf25/view/sceneRender&quot;,&quot;sf25/utils/viewLoading&quot;],function(e){var t=e(&quot;sfr&quot;),n=e(&quot;fusion/deps/naboo&quot;),r=e(&quot;../../pmd/deps/detect&quot;),i=e(&quot;sf25/view/sceneRender&quot;),o=e(&quot;sf25/utils/viewLoading&quot;),a=t.view,s=t.action,c=300,u=0,l=&quot;ease&quot;,d=$(&#039;&amp;lt;style data-for=&quot;sf25/view/sceneView&quot;&amp;gt;&amp;lt;/style&amp;gt;&#039;);d.text(&quot;#super-frame{font:14px/22px Arial,Helvetica,sans-serif;word-break:break-word;word-wrap:break-word}\n.sfa-view{z-index:501;width:100%;min-height:100%;background-color:#f2f2f2;overflow:auto}\n.sfa-view .sfa-body{overflow:hidden;text-align:left;padding-top:44px}\n.sfa-view .sfa-head{position:fixed;top:0;left:0;z-index:501;width:100%;height:44px;line-height:44px;text-align:center;font-size:18px;background-color:#fff;color:#333;-webkit-user-select:none;user-select:none;-webkit-transform:translate3d(0,0,0);transform:translate3d(0,0,0)}\n.sfa-view .sfa-back,.sfa-view .sfa-close{width:50px;height:44px;float:left;text-align:center;padding-left:2px}\n.sfa-view .sfa-back i{font-size:21px}\n.sfa-view .sfa-close{width:43px}\n.sfa-view .sfa-close span,.sfa-view .sfa-back span{font-size:16px;vertical-align:middle}\n.sfa-tool .sfa-action-more{overflow:hidden;display:inline-block;font-size:21px;width:44px}\n.active .sfa-tool .sfa-action-more:active,.active .sfa-tool .sfa-action-item:active{background:rgba(51,51,51,.4)}\n.sfa-action-item .sfa-tool-text{color:#666;font-size:14px;display:block;width:100%;overflow:hidden}\n.sfa-view .sfa-tool{min-width:44px;height:44px;float:right;text-align:center;padding-right:4px}\n.sfa-head .sfa-tool .sfa-action-item i{font-size:21px}\n.sfa-view .sfa-title{width:100%;padding:0 98px;box-sizing:border-box}\n.sfa-view .sfa-head-border{border-bottom:1px solid #f1f1f1}\n.sfa-view .sfa-title .c-line-clamp1{padding:0 8px}\n.active .sfa-head .sfa-back:active{background:rgba(51,51,51,.4)}\n.sfa-tool .sfa-action-item{display:inline-block;width:44px;overflow:hidden}\n.sfa-head .sfa-action-menus{display:none;float:right;width:auto;background-color:#fff;margin-right:5px;text-align:left;overflow:auto;box-shadow:0 2px 6px #d6d6d6}\n.sfa-action-menus .sfa-action-item{color:#666;font-size:16px;line-height:44px;padding:0 17px;border-bottom:1px solid #f1f1f1}\n.active .sfa-action-menus .sfa-action-item:active{background:rgba(51,51,51,.4)}\n.sfa-action-menus .sfa-action-item .sfa-head-menu-icon{color:#666;font-size:16px;display:block;line-height:44px;width:16px;overflow:hidden;text-align:left}\n.sfa-action-menus .sfa-action-item .sfa-tool-text{color:#666;font-size:16px;width:auto}\n.sfa-action-menus :last-child{border-bottom:0}\n.sfa-head .sfa-action-menus i{float:left;padding-right:14px}\n.sfa-head .search-box{display:-webkit-box;display:-webkit-flex;display:flex;background-color:#fff;font-size:14px;padding:5px 10px 6px 17px;box-sizing:border-box;height:100%;width:100%}\n.sfa-head .search-box .search-box-input-area{display:-webkit-box;display:-webkit-flex;display:flex;width:100%;box-sizing:border-box;height:34px;line-height:34px;color:#333;margin-right:7px;padding-right:3px;border-radius:16px;background:#f5f5f5}\n.sfa-head .search-box .search-box-button-area{width:46px;height:34px;line-height:34px;color:#333}\n.active .sfa-head .search-box .search-box-button-area:active{background:rgba(51,51,51,.4)}\n.search-box .search-icon{color:#c3c3c3;line-height:35px;padding-right:6px;padding-left:13px;font-size:14px}\n.search-box .search-action{line-height:34px;font-size:14px;outline:0}\n.search-action-cancel-icon{width:34px;color:#e0e0e0;font-size:14px}\n.search-box .search-box-input-container{-webkit-box-flex:1;-webkit-flex:1;flex:1;width:100%;height:100%;box-sizing:border-box;left:0}\n.search-box .search-box-input-container input{width:100%;height:100%;font-size:14px;vertical-align:top;outline:0;color:#333}\n.search-box-input::-webkit-input-placeholder{vertical-align:top;font-size:14px}\n.sfa-view .sfa-loading{position:absolute;top:50%;left:50%;color:#fff;width:161px;height:49px;line-height:49px;margin-top:-24px;margin-left:-80px;border-radius:1px;text-align:center}\n.sfa-loading .sfa-loading-icon{display:inline-block;width:37px;height:23px;margin-top:-4px;vertical-align:middle}\n.sfa-view .sfa-loading.sfa-loading-tab{width:147px;height:48px;margin-left:-73px}\n.sfa-view .sfa-loading .sfa-loading-icon-tab{width:100%;height:100%;overflow:hidden}\n.sfa-view .sfa-loading .sfa-loading-tab-bglogo{background:url(//m.baidu.com/se/static/img/iphone/tab_loading__bg_logo.png) no-repeat;background-size:147px 48px;height:48px;width:147px}\n.sfa-view .sfa-loading .sfa-loading-tab-toplight{background:url(//m.baidu.com/se/static/img/iphone/tab_loading_light.png) no-repeat;animation:1s marvel infinite;background-size:147px 48px;position:relative;height:48px;width:147px;top:-48px;left:-78px}\n@keyframes marvel{0%{left:-78px}\n100%{left:73px}}\n.sfa-view .sfa-loading i{height:23px;width:23px;background-size:23px;background-repeat:no-repeat;background-image:url(data:image/png;base64,iVBORw0KGgoAAAANSUhEUgAAAEUAAABFCAMAAAArU9sbAAAAllBMVEUAAAA5kv85kv85kv85kv85kv85kv85kv85kv85kv85kv85kv85kv85kv85kv85kv85kv85kv85kv85kv85kv85kv85kv85kv85kv85kv85kv85kv85kv85kv85kv85kv85kv85kv85kv85kv85kv85kv85kv85kv85kv85kv85kv85kv85kv85kv85kv85kv85kv85kv98v3f9AAAAMXRSTlMA+u4H8xwSDeG7KBapjYhP28EE9jfmpJoxItOALLFuQcxrZOrXdnPHVDyVe11aSIN5drPNPgAAAx5JREFUWMOlmOl2qlAMhbcyySCiBUFRUazzVXve/+Vuk2NZTgwHvx+uVjBk2MmJopxRkvvecBn0gqXt+ecZ1DEW8654ZO3lLhTQznZHvKNj70dohrWNRDm9rYZ6Rqsiki/7uBhkiZNkg208LLyL/qGOcCkk39eD9hhm5veEZDirdsS/eRGHby9nY+lRZ1VVmJ200XfLb4mlnbmJEhzpsWegCseWEZfcFXJau3vUkX9xsZy3RvjaboJ6Zt/8vNmbK+zJWGsmKZvF/PJEg3PSb6zuMd0emE/v7hSMMGxmjgf6HI5Sr3FQC9yRsSI1qGBNSX7OnSbpjbUBNRydHo2CDbkygCo5faxoTVfnpKgzpA7XIKEW1F2oM6OeWoExyZUr2hBTJ4xALFq5wkzIGdl40xe9qWlvzsFRph20IyPNUBzp7x9LtGRE7ZcD2LGQW8L19QCLEjRBWw6keuBCxUJrRjTbZliwS+0Zchccf19PaA1/3ofNumnPimMJfl9DtGfA46HLJWpPSGcTqNAmKnCT6r7mGpP+raqG64qxW2uFxoKBcjw6vxYjlJHQiYKophfngliGVeJdgg7LqsgtXy4JsVlRI9beoMmSsM7L9cJDb1OniUAQO+nz63mYYttk/msnnVeo/ms1ydEzLpzjWgxPENH5uad1zqspuNT1ZFNB2M5LibojObxzNN9hO/59WOltfPtcqka4sVyci5pKH1bcTgr9mOzkhvl3f1LkI+BaNeVfxMtsqhWHow3ihxJkoSlWn8UcXCjEr2JrcPVX4TURs2fAv1sa+uSMCQWkmPUrubIFI/06QgXtxNvxQy58+vcAFVjMj/uhFZEKTKhxJiNT7WFIkATVMH396fgYqy7NjHk9PYqAvx/84EMc7rQNPiT8kkF9yKBTfJP73EzvgM/IuoKI3Wq5pW5NiqfyzNhY5cVNdbHe17RHfGuO1MA7Jn1dtrNWk5zo73eJ3Hg2sRgKSZA1G0JMMN4MQscwzUm4//F64oZ+0lCPS26X0k2basHcTEtsLFcWFEj86auJ1IEy5mUbD4NIF3r0bR+3lwov/gPz4J/MfidXggAAAABJRU5ErkJggg==)}\n.sfa-view .sfa-loading span{display:inline-block;color:#6b6b6b;font-size:18px;padding-right:3px;vertical-align:middle}\n.sfa-view-no-head .sfa-head{display:none}\n.sfa-view-no-head .sfa-body{padding-top:0}\n.sfa-view-transparent-head .sfa-head{background:-moz-linear-gradient(top,rgba(0,0,0,.3) 0,rgba(0,0,0,.2) 25%,rgba(0,0,0,0) 100%);background:-webkit-linear-gradient(top,rgba(0,0,0,.3) 0,rgba(0,0,0,.2) 25%,rgba(0,0,0,0) 100%);background:linear-gradient(to bottom,rgba(0,0,0,.3) 0,rgba(0,0,0,.2) 25%,rgba(0,0,0,0) 100%);color:#fff;text-shadow:0 0 1px rgba(0,0,0,.4)}\n.sfa-view-transparent-head .sfa-body{padding-top:0}\n.sfa-results .c-result:first-of-type .c-container:first-of-type{margin-top:0}\n.sfa-top-results .c-result .c-container:first-of-type{margin:0;padding:0}&quot;),$(&quot;head&quot;).append(d);var f=[];f[0]=&quot;sfa-view-default-head&quot;,f[1]=&quot;sfa-view-no-head&quot;,f[6]=&quot;sfa-view-transparent-head&quot;;var p=function(){a.apply(this,arguments)},h=function(){};return h.prototype=a.prototype,p.prototype=new h,p.uber=a.prototype,p.prototype.constructor=p,p.prototype.create=function(e){var t=new $.Deferred;this.createdAt=Date.now(),this.opts=e,this.globals=this.globals||{},this.$superframe=$(&quot;#super-frame&quot;),this.$superframe.length||(this.$superframe=$(&#039;&amp;lt;div id=&quot;super-frame&quot;&amp;gt;&amp;lt;/div&amp;gt;&#039;),$(&quot;body&quot;).append(this.$superframe)),this.render(e),this.$superframe.append(this.$SceneView);var r=this;if(this.enterAnimate){var i=this.$SceneView[0];n.enter(i,c,l,u).start(function(){t.resolve(),r.rendered||o.show(r.$SceneView)})}else this.$SceneView.css({opacity:1,&quot;-webkit-transform&quot;:&quot;none&quot;,transform:&quot;none&quot;}).show(),t.resolve();return t.promise()},p.prototype.render=function(e){var t=this;if(!(t.$SceneView&amp;amp;&amp;amp;t.$SceneView.length&amp;gt;0)){var n=[&#039;&amp;lt;div class=&quot;sfa-head sfa-head-border&quot;&amp;gt;&#039;,&#039;&amp;lt;div class=&quot;sfa-back&quot;&amp;gt;&amp;lt;i class=&quot;c-icon&quot;&amp;gt;&amp;amp;#xe750;&amp;lt;/i&amp;gt;&amp;lt;/div&amp;gt;&#039;,&#039;&amp;lt;div class=&quot;sfa-tool&quot;&amp;gt;&#039;+(e.headTool||&quot;&quot;)+&quot;&amp;lt;/div&amp;gt;&quot;,&#039;&amp;lt;div class=&quot;sfa-title&quot;&amp;gt;&#039;,&#039;&amp;lt;div class=&quot;c-line-clamp1&quot;&amp;gt;&#039;+e.headTitle+&quot;&amp;lt;/div&amp;gt;&quot;,&quot;&amp;lt;/div&amp;gt;&quot;,&quot;&amp;lt;/div&amp;gt;&quot;].join(&quot;&quot;),i=[&#039;&amp;lt;div class=&quot;sfa-body&quot;&amp;gt;&#039;,&quot;&amp;lt;div&amp;gt;&quot;].join(&quot;&quot;);t.$SceneView=$(&quot;ios&quot;!==r.os.n||&quot;zbios&quot;!==r.browser.n&amp;amp;&amp;amp;&quot;bmbadr&quot;!==r.browser.n?&#039;&amp;lt;div class=&quot;sfa-view active&quot;&amp;gt;&amp;lt;/div&amp;gt;&#039;:&#039;&amp;lt;div class=&quot;sfa-view no-active&quot;&amp;gt;&amp;lt;/div&amp;gt;&#039;),e.headStyle&amp;amp;&amp;amp;t.$SceneView.addClass(f[e.headStyle]),e.customClassName&amp;amp;&amp;amp;t.$SceneView.addClass(e.customClassName),t.$SceneView.css({&quot;min-height&quot;:$(window).height()}),t.$sfHead=$(n),t.$sfBody=$(i),t.$SceneView.append(t.$sfHead).append(t.$sfBody),t.$superframe.append(t.$SceneView)}},p.prototype.renderBody=function(e,t){var n=t.container||this.$sfBody,r=parseInt(Math.random()*(new Date).getTime(),24),o=document.createElement(&quot;div&quot;);o.setAttribute(&quot;id&quot;,r),n.html(o),e&amp;amp;&amp;amp;e.data&amp;amp;&amp;amp;(this.globals.container=o,this.globals.createdAt=this.createdAt,i(e.data,this.globals,t))},p.prototype.attach=function(){var e=new $.Deferred;return this.$SceneView.find(&quot;.sfa-back&quot;).on(&quot;click&quot;,function(e){s.back(),e.preventDefault()}),this.$SceneView.css({position:&quot;static&quot;,overflow:&quot;auto&quot;,height:&quot;auto&quot;,&quot;-webkit-transform&quot;:&quot;none&quot;,transform:&quot;none&quot;}),e.resolve(),e.promise()},p.prototype.detach=function(){var e=new $.Deferred;return this.$SceneView&amp;amp;&amp;amp;this.$SceneView.find(&quot;.sfa-back&quot;).off(&quot;click&quot;),e.resolve(),e.promise()},p.prototype.destroy=function(e,t){if(this.$SceneView){var r=new $.Deferred;if(t&amp;amp;&amp;amp;this.exitAnimate){var i=this.$SceneView[0];n.exit(i,c,l,u).start(function(){r.resolve()})}else this.$SceneView.css({display:&quot;none&quot;,position:&quot;static&quot;,&quot;-webkit-transform&quot;:&quot;none&quot;,transform:&quot;none&quot;}),r.resolve();var o=this;return r.promise().then(function(){t&amp;amp;&amp;amp;t.options&amp;amp;&amp;amp;t.options.view&amp;amp;&amp;amp;1===t.options.view._hold?o.$SceneView.hide():(o.globals.view&amp;amp;&amp;amp;o.globals.view.trigger(&quot;destroy&quot;),o.$SceneView.remove(),o.$SceneView=null,o.$sfHead=null,o.$sfBody=null)})}},p}),define(&quot;sf25/view/tabView&quot;,[&quot;require&quot;,&quot;sf25/components/b-scene-header/b-scene-header&quot;,&quot;sf25/components/b-scene-body/b-scene-body&quot;,&quot;sfr&quot;,&quot;fusion/deps/naboo&quot;,&quot;sf25/utils/tabViewLoading&quot;],function(e){e(&quot;sf25/components/b-scene-header/b-scene-header&quot;),e(&quot;sf25/components/b-scene-body/b-scene-body&quot;);var t=e(&quot;sfr&quot;),n=e(&quot;fusion/deps/naboo&quot;),r=e(&quot;sf25/utils/tabViewLoading&quot;),i=t.view,o=300,a=0,s=&quot;ease&quot;,c=function(){i.apply(this,arguments)},u=function(){};return u.prototype=i.prototype,c.prototype=new u,c.uber=i.prototype,c.prototype.constructor=c,c.prototype.create=function(e,t){var i=new $.Deferred;this.createdAt=Date.now(),this.opts=e,this.globals=this.globals||{},this.$superframe=$(&quot;#super-frame&quot;),this.$superframe.length||(this.$superframe=$(&#039;&amp;lt;div id=&quot;super-frame&quot;&amp;gt;&amp;lt;/div&amp;gt;&#039;),$(&quot;body&quot;).append(this.$superframe)),this.render(e,t&amp;amp;&amp;amp;t.options&amp;amp;&amp;amp;t.options.src),0===this.$superframe.find(this.$mainView).length&amp;amp;&amp;amp;this.$superframe.append(this.$mainView);var c=this;if(this.enterAnimate){var u=this.$mainView[0];n.enter(u,o,s,a).start(function(){i.resolve()})}else this.$mainView.css({opacity:1,&quot;-webkit-transform&quot;:&quot;none&quot;,transform:&quot;none&quot;}).show(),i.resolve();return i.promise().then(function(){c.rendered||&quot;sync&quot;===t.options.src||r.show(c.$mainView)})},c.prototype.render=function(e,t){var n=this;n.$mainView&amp;amp;&amp;amp;n.$mainView.length&amp;gt;0||(&quot;sync&quot;===t?(n.$mainView=n.$superframe.find(&quot;[data-server-rendered]&quot;),n.$sfHead=n.$mainView.find(&quot;b-scene-header&quot;),n.$sfBody=n.$mainView.find(&quot;b-scene-body&quot;)):(n.$mainView=$(&#039;&amp;lt;div class=&quot;sfa-view&quot;&amp;gt;&amp;lt;/div&amp;gt;&#039;),e.customClassName&amp;amp;&amp;amp;n.$mainView.addClass(e.customClassName),n.$sfHead=$(&quot;&amp;lt;b-scene-header&amp;gt;&quot;).attr({titlehtml:e.headTitle,toolhtml:e.headTool,styleid:e.headStyle}),n.$sfBody=$(&quot;&amp;lt;b-scene-body&amp;gt;&quot;).attr({url:e.url}),n.$mainView.append(n.$sfBody),n.$superframe.append(n.$mainView)))},c.prototype.attach=function(e){var t=new $.Deferred,n=this;this.$mainView.css({position:&quot;static&quot;,overflow:&quot;auto&quot;,height:&quot;auto&quot;,&quot;-webkit-transform&quot;:&quot;none&quot;,transform:&quot;none&quot;});var i=this.$sfBody[0];return this.rendered?i.fusionReady=function(){i.fusion.showFromCache()}:(i.fusionReady=function(){i.fusion.startRender(e.options)},this.$sfBody.one(&quot;rendered&quot;,function(){r.close(n.$mainView)}),this.rendered=!0),t.resolve(),t.promise()},c.prototype.detach=function(){var e=new $.Deferred;return e.resolve(),e.promise()},c.prototype.destroy=function(e,t){if(this.$mainView){var r=new $.Deferred;if(t&amp;amp;&amp;amp;this.exitAnimate){var i=this.$mainView[0];n.exit(i,o,s,a).start(function(){r.resolve()})}else this.$mainView.css({display:&quot;none&quot;,position:&quot;static&quot;,&quot;-webkit-transform&quot;:&quot;none&quot;,transform:&quot;none&quot;}),r.resolve();var c=this;return r.promise().then(function(){t&amp;amp;&amp;amp;t.options&amp;amp;&amp;amp;t.options.view&amp;amp;&amp;amp;1===t.options.view._hold?(c.$sfBody[0].fusion.hideToCache(),c.$mainView.hide()):(t&amp;amp;&amp;amp;c.$sfBody[0].fusion.hideToCache(),c.$mainView.remove(),c.$mainView=null,c.$sfHead=null,c.$sfBody=null,c.rendered=!1)})}},c}),define(&quot;sf25/view/viewFactory&quot;,[&quot;require&quot;,&quot;sf25/view/sceneView&quot;,&quot;sfr&quot;],function(e){function t(e,t){if(t=t||{},&quot;undefined&quot;!=typeof e)return t.key=e,o[e]?o[e]:c.get(e)?(o[e]=c.get(e),o[e]):(o[e]=new a(t),c.set(e,o[e]),o[e]);var n=new a(t);return n}function n(e){return&quot;undefined&quot;!=typeof e?o[e]:!1}function r(e){var t=e.from.url,n=c.get(t);return delete o[t],e.from.options&amp;amp;&amp;amp;(e.from.options.view=e.from.options.view?e.from.options.view:{},e.from.options.view._hold=e.from.query.top&amp;amp;&amp;amp;$.parseJSON(e.from.query.top)._hold?$.parseJSON(e.from.query.top)._hold:e.from.options.view._hold&amp;gt;1?e.from.options.view._hold:1,/android/i.test(window.navigator.userAgent)&amp;amp;&amp;amp;(e.from.options.view._hold=2)),e.from.options&amp;amp;&amp;amp;e.from.options.view&amp;amp;&amp;amp;1!==e.from.options.view._hold&amp;amp;&amp;amp;(c.remove(t),s.remove(&quot;sceneResouce&quot;,t+&quot;&amp;amp;mod=1&quot;)),n&amp;amp;&amp;amp;n.destroy(e.to,e.from)}function i(e,t){o[e]&amp;amp;&amp;amp;(o[t]=o[e],delete o[e]),c.rename(e,t)}var o={},a=e(&quot;sf25/view/sceneView&quot;),s=e(&quot;sfr&quot;).cache,c=s.create(&quot;View&quot;,{limit:3,onRemove:function(e,t,n){delete o[t],n&amp;amp;&amp;amp;e.destroy()}});return{create:t,get:n,destroy:r,rename:i,proto:a.prototype}}),define(&quot;sf25/window-guard&quot;,[&quot;require&quot;],function(){var e={};return e.createContext=function(){try{var e={};for(var t in window)window.hasOwnProperty(t)&amp;amp;&amp;amp;(e[t]=window[t]);return e}catch(n){return console.error(n),{}}},e.checkContext=function(e){var t={changed:[],added:[],removed:[],totalChanges:0};try{var n;for(n in window)window.hasOwnProperty(n)&amp;amp;&amp;amp;(e.hasOwnProperty(n)||t.added.push({key:n,value:window[n]}));for(n in e)e.hasOwnProperty(n)&amp;amp;&amp;amp;(window.hasOwnProperty(n)||t.removed.push({key:n,value:e[n]}),e[n]!==window[n]&amp;amp;&amp;amp;t.changed.push({key:n,value:window[n],valueBefore:e[n]}));t.totalChanges=t.changed.length+t.added.length+t.removed.length}catch(r){console.error(r)}return t},e.revertChanges=function(e){var t,n;for(t=0;t&amp;lt;e.added.length;t++)n=e.added[t],delete window[n.key];for(t=0;t&amp;lt;e.removed.length;t++)n=e.removed[t],window[n.key]=n.value;for(t=0;t&amp;lt;e.changed.length;t++)n=e.changed[t],window[n.key]=n.valueBefore},e}),require([&quot;sf25/start&quot;],function(e){e()}),window.define(&quot;sf/router/router&quot;,[&quot;sfr/router/router&quot;],function(e){return e}),window.define(&quot;sf/action/action&quot;,function(){}),window.define(&quot;sf/action/sfAction&quot;,function(){}),define(&quot;modules/invoke/callback&quot;,[&quot;require&quot;],function(){function e(e,t){return void 0==e?!1:(t=$.extend({name:e,key:&quot;default&quot;,callback:&quot;function&quot;==typeof t?t:null,promise:!1},&quot;object&quot;==typeof t?t:{}),n[e]=n[e]||{},n[e][t.key]={callback:t.callback,promise:t.promise},t)}function t(e){return&quot;object&quot;==typeof e&amp;amp;&amp;amp;e.name&amp;amp;&amp;amp;e.key?(delete n[e.name][e.key],!0):!1}var n={};return window.addEventListener(&quot;baiduboxapp_callback&quot;,function(e){var t=e.callback,r=e.data;if(&quot;string&quot;==typeof r&amp;amp;&amp;amp;0==r.indexOf(&quot;{&quot;)&amp;amp;&amp;amp;window.JSON&amp;amp;&amp;amp;JSON.parse)try{r=JSON.parse(r)}catch(e){}for(var i in n[t]){var o=n[t][i];try{o.callback.call(o,r,e)}catch(e){}}}),{regist:e,unregist:t}}),define(&quot;modules/invoke/applink&quot;,[&quot;require&quot;],function(){return function(){var e=$(this);if(!e.data(&quot;applink&quot;)){e.data(&quot;applink&quot;,!0);var t=e.prop(&quot;href&quot;),n=e.data(&quot;applink-url&quot;),r=[&quot;http://applink.baidu.com/?callback=&quot;,encodeURIComponent(t),&quot;&amp;amp;url=&quot;,encodeURIComponent(n),&quot;&amp;amp;from=wise&quot;].join(&quot;&quot;);e.prop(&quot;href&quot;,r)}}}),require([&quot;modules/invoke/applink&quot;],function(e){page.on(&quot;afterload&quot;,function(){$(&quot;#results&quot;).on(&quot;touchstart&quot;,&quot;a[data-applink-url]&quot;,e),$(&quot;#results&quot;).on(&quot;mousedown&quot;,&quot;a[data-applink-url]&quot;,e)})}),define(&quot;modules/invoke/invokebox&quot;,[&quot;require&quot;],function(){function e(){var e=$.Deferred(),t=+new Date;if(window.OpenBox)return e.resolve(),e.promise();var n=document.createElement(&quot;script&quot;);n.src=&quot;//s.bdstatic.com/common/openjs/openBox.js?_v=&quot;+t,n.async=!0,n.onload=n.onreadystatechange=function(){this.readyState&amp;amp;&amp;amp;&quot;loaded&quot;!==this.readyState&amp;amp;&amp;amp;&quot;complete&quot;!==this.readyState?e.reject():(n.onload=n.onreadystatechange=null,n=null,e.resolve())},n.onerror=function(){n.onerror=null,n=null,e.reject()};var r=document.getElementsByTagName(&quot;head&quot;)[0];return r.appendChild(n),e.promise()}function t(e){this.openBox=null,this.status=&quot;&quot;,this.readyCallbacks=[],this.opt={},this.opt=$.extend(!0,this.opt,e),this.init()}return t.prototype={constructor:t,init:function(){var t=this,n=t.opt;$.when(e()).then(function(){t.openBox=window.OpenBox(n),t.status=&quot;ready&quot;,t.doready()},function(){})},open:function(e){e?(this.opt=$.extend(!0,this.opt,e),this.openBox&amp;amp;&amp;amp;this.openBox.open(this.opt)):this.openBox&amp;amp;&amp;amp;this.openBox.open()},doready:function(){var e=this.readyCallbacks.length;if(e){for(var t=0;e&amp;gt;t;t++)this.readyCallbacks[t].call(this);this.readyCallbacks=[]}},ready:function(e){var t=this;&quot;function&quot;==typeof e&amp;amp;&amp;amp;(&quot;ready&quot;===t.status?e.call(this):t.readyCallbacks.push(e))}},t}),define(&quot;modules/scroll_ctl&quot;,[&quot;require&quot;],function(){function e(e){&quot;function&quot;==typeof e&amp;amp;&amp;amp;u.push(e)}function t(){l||(u=[],s=lastScrollTop=c.scrollTop(),n(),l=!0)}function n(){c.on(&quot;touchmove.scrollfixed scroll.scrollfixed&quot;,function(){r()})}function r(){s=c.scrollTop(),lastScrollTop&amp;gt;s?a=&quot;up&quot;:s&amp;gt;lastScrollTop&amp;amp;&amp;amp;(a=&quot;down&quot;),i(s,a),lastScrollTop=s}function i(e,t){for(var n=u.length-1;n&amp;gt;=0;n--)u[n].call(null,{nowScrollTop:e,scrollDirection:t})}function o(){c.off(&quot;touchmove.scrollfixed scroll.scrollfixed&quot;),s=lastScrollTop=0,u=[],l=!1}var a,s=lastScrollTop=0,c=$(window),u=[],l=!1;return{regist:e,init:t,destroy:o}}),require([&quot;modules/scroll_ctl&quot;],function(e){page.on(&quot;init&quot;,function(){e.init()}),page.on(&quot;destroy&quot;,function(){e.destroy()})}),define(&quot;modules/recmmend/aftclk_rcmd/aft_click/afterClick&quot;,[&quot;require&quot;],function(){function e(){$(&quot;.result&quot;).each(function(e,r){$(r).on(&quot;click&quot;,function(r){var o=$(r.target).closest(&quot;a&quot;);if(o.length){var a=$.trim(o.attr(&quot;href&quot;));a&amp;amp;&amp;amp;(/^javascript.*/.test(a)||(window.sessionStorage.setItem(t,e),$.each(n,function(e,t){t&amp;amp;&amp;amp;$.isFunction(t)&amp;amp;&amp;amp;t(i().index,i().click_card)})))}})})}var t=&quot;afterClick_&quot;+window.location.href,n=[],r=function(e){e&amp;amp;&amp;amp;$.isFunction(e)&amp;amp;&amp;amp;(e(i().index,i().click_card),n.push(e))},i=function(){if(navigator.cookieEnabled&amp;amp;&amp;amp;window.sessionStorage){var e=window.sessionStorage.getItem(t),n=e?$(&quot;.result&quot;).eq(e):!1;return{index:e,click_card:n}}return!1};return page.on(&quot;afterload&quot;,function(){e()}),{afterClick:r}}),define(&quot;modules/recmmend/aftclk_rcmd/aft_click/aftClick&quot;,[&quot;require&quot;],function(){var e=&quot;se_after_click_&quot;+window.location.href,t=function(t,r,i){new n({dom_tag:r,onAfclick:t,product_key:i}),e=&quot;se_after_click_&quot;+window.location.href},n=function(e){var t=this;t.options=$.extend({dom_tag:&quot;&quot;,onAfclick:function(){},product_key:&quot;&quot;},e),page&amp;amp;&amp;amp;page.comm&amp;amp;&amp;amp;page.comm.sampleval&amp;amp;&amp;amp;&quot;sam_afterClick_log&quot;===page.comm.sampleval.WISE_TPL_COMMON_SAMPLE_FLAG&amp;amp;&amp;amp;t._tc(),t._init()};return n.prototype={constructor:n,version:&quot;v1.0&quot;,_init:function(){var e=this;e._checkParam()&amp;amp;&amp;amp;(e._prepareParam(),e._bindEvent(),e._checkProKey()&amp;amp;&amp;amp;e._doClickEvent(&quot;load&quot;))},_tc:function(){$.each($(&quot;.c-recomm-wrap a&quot;),function(e,t){var n=page.utils.link.getJumpLinkUrl({src:$(t).attr(&quot;href&quot;),order:$(t).closest(&quot;.c-result&quot;).attr(&quot;order&quot;)});$(t).attr(&quot;href&quot;,n)})},_checkParam:function(){var e=this,t=e.options.dom_tag,n=e.options.onAfclick,r=e.options.product_key,i=&quot;string&quot;==$.type(t)?$(t):null;return navigator.cookieEnabled&amp;amp;&amp;amp;window.sessionStorage&amp;amp;&amp;amp;t&amp;amp;&amp;amp;&quot;string&quot;==$.type(t)&amp;amp;&amp;amp;i&amp;amp;&amp;amp;n&amp;amp;&amp;amp;$.isFunction(n)&amp;amp;&amp;amp;r&amp;amp;&amp;amp;&quot;string&quot;==$.type(r)?!0:!1},_checkProKey:function(){var t=this,n=t.options.product_key,r=window.sessionStorage.getItem(e);return n!=r?!1:!0},_prepareParam:function(){var e=this;e.$onAfclick=e.options.onAfclick,e.$dom_tag=e.options.dom_tag.replace(/\./g,&quot;&quot;),e.$product_key=e.options.product_key,e.$se_afc_tag=e.$product_key+&quot;_&quot;+location.href},_bindEvent:function(){var e=this,t=e.options.dom_tag;$(&quot;.results&quot;).on(&quot;click&quot;,t,function(n){var r=$(this),i=$(n.target).closest(&quot;a&quot;);if(i.length){var o=$.trim(i.attr(&quot;href&quot;));if(o&amp;amp;&amp;amp;!/^javascript.*/.test(o)&amp;amp;&amp;amp;(&quot;se_afc_ad&quot;!=e.$product_key||e._needAftClick(r))){if(&quot;se_afc_normal&quot;==e.$product_key)var a=e.$se_afc_tag,s=$(t).index(r),c={i:a,v:s};if(&quot;se_afc_ad&quot;==e.$product_key)var a=e.$se_afc_tag,s=e._getEcCardInfo(r[0]),c={i:a,v:s};e._setStorageIndex(c),e._doClickEvent(&quot;click&quot;)}}})},_getClickResult:function(){var e=this,t=e.$dom_tag,n=&quot;&quot;;if(t){var r=window.sessionStorage.getItem(e.$se_afc_tag);return&quot;se_afc_normal&quot;==e.$product_key&amp;amp;&amp;amp;(n=r?$(&quot;.&quot;+t).eq(r):!1),&quot;se_afc_ad&quot;==e.$product_key&amp;amp;&amp;amp;(n=e._getEcCardInfo(r)),n?{index:r,click_card:n}:!1}return!1},_doClickEvent:function(e){var t=this,e=e||&quot;&quot;,n=t._getClickResult(t.$dom_tag);n&amp;amp;&amp;amp;t.$onAfclick(n.index,n.click_card,e)},_setStorageIndex:function(t){var n=this,t=t||{};window.sessionStorage.setItem(t.i,t.v),window.sessionStorage.setItem(e,n.$product_key)},_needAftClick:function(){var e=function(t,n){return t&amp;amp;&amp;amp;!t.hasClass(&quot;ec_resitem&quot;)&amp;amp;&amp;amp;(t.hasClass(n)||e(t.parent(),n))},t=function(t){return e(t,&quot;ec_vlogo&quot;)||e(t,&quot;ec_koubei&quot;)||e(t,&quot;ec-vicon&quot;)||e(t,&quot;ec_tg&quot;)},n=function(e){return t(e)?!1:!0};return n},_getEcCardInfo:function(e){var t=function(e){var t=[],n=function(e){return e.length&amp;lt;=0?[]:$(e[0]).find(&quot;.ec_resitem&quot;).concat(n(e.slice(1)))};return t=n($(&quot;.ec_ad_results&quot;).filter(function(){return parseInt($(this).attr(&quot;posid&quot;),10)===e&amp;amp;&amp;amp;!$(this).hasClass(&quot;ec_newyouxuan&quot;)}))},n=function(e,n){return t(n).indexOf(e)},r=function(e){var t=$(e).closest(&quot;.ec_ad_results&quot;);return t.length&amp;gt;0?parseInt(t.attr(&quot;posid&quot;),10):-1},i=function(e){if(&quot;string&quot;==typeof e&amp;amp;&amp;amp;/^\d+_\d+$/.test(e))return e=e.split(&quot;_&quot;),t(+e[0])[+e[1]];var i=r(e);return i+&quot;_&quot;+n(e,i)};return i(e)},_destroy:function(){}},{afterClick:t}}),define(&quot;modules/recmmend/aftclk_rcmd/click_recomm&quot;,[&quot;require&quot;,&quot;modules/recmmend/aftclk_rcmd/aft_click/aftClick&quot;],function(e){function t(){var t=n,r=e(&quot;modules/recmmend/aftclk_rcmd/aft_click/aftClick&quot;);r.afterClick(t,&quot;.result&quot;,&quot;se_afc_normal&quot;)}function n(e,t,n){function i(){var e=t.find(&quot;.c-recomm-wrap&quot;);e.length&amp;amp;&amp;amp;e.children().length?(r(t),n&amp;amp;&amp;amp;&quot;click&quot;==n&amp;amp;&amp;amp;navigator.cookieEnabled&amp;amp;&amp;amp;window.sessionStorage&amp;amp;&amp;amp;page.utils.ss.enabled&amp;amp;&amp;amp;page.utils.ss.setItem(a,e.html())):page.utils.ss.enabled&amp;amp;&amp;amp;page.utils.ss.setItem(a,&quot;&quot;)}var a=&quot;afterClick_cache_&quot;+window.location.href,s=$(&quot;.c-recomm-wrap&quot;);if(s.filter(&quot;.c-recomm-static&quot;),!e||!t||!t.length)return void o();if(!n||&quot;load&quot;!==n)return void i();try{if(!navigator.cookieEnabled||!page.utils.ss.enabled)return void i();var c=page.utils.ss.getItem(a);if(!c)return void i();if(page.comm.newRec)var u=[&#039;&amp;lt;div class=&quot;c-recomm-wrap new-ux-recom-wrapper&quot;&amp;gt;&#039;,c,&quot;&amp;lt;/div&amp;gt;&quot;].join(&quot;&quot;);else var u=[&#039;&amp;lt;div class=&quot;c-container c-recomm-wrap&quot;&amp;gt;&#039;,c,&quot;&amp;lt;/div&amp;gt;&quot;].join(&quot;&quot;);var l=$(u),d=t.find(&quot;.c-recomm-wrap&quot;);d.remove(),t.append(l),r(t)}catch(f){i()}}function r(e){if(e&amp;amp;&amp;amp;e.length){var t=$(&quot;.c-recomm-wrap&quot;),n=e.find(&quot;.c-recomm-wrap&quot;);n.length&amp;amp;&amp;amp;n.children().length&amp;amp;&amp;amp;(s(e),t.hide(),n.show(),a(n),i(),e.hasClass(&quot;c-clk-recommend&quot;)||e.addClass(&quot;c-clk-recommend&quot;))}}function i(){$(&quot;.rs-toprq-wrapper&quot;).data(&quot;from&quot;)&amp;amp;&amp;amp;&quot;voice_guide&quot;==$(&quot;.rs-toprq-wrapper&quot;).data(&quot;from&quot;)||$(&quot;.rs-toprq-wrapper&quot;).hide()}function o(){var e=$(&quot;.c-recomm-wrap.c-recomm-static&quot;),t=e.eq(0);e.length&amp;amp;&amp;amp;(t.show(),a(t),i())}function a(e){var t=e.find(&quot;.c-recomm-cnt a&quot;),n=e.find(&quot;.c-recomm-cnt&quot;).offset();if(t&amp;amp;&amp;amp;n)for(var r=n.top,i=0;i&amp;lt;t.length;i++){var o=$(t[i]),a=o.height();if(a&amp;gt;20){var s=o.offset().top-r;if(s&amp;gt;10){o.css(&quot;visibility&quot;,&quot;hidden&quot;),o.prev().css(&quot;border&quot;,&quot;none&quot;);break}}i==t.length-1&amp;amp;&amp;amp;o.css(&quot;border&quot;,&quot;none&quot;)}}function s(e){if(e&amp;amp;&amp;amp;e.length){var t=e.closest(&quot;.s-cluster-content&quot;);if(t.length){var n=t.find(&quot;.result&quot;),r=n.length;n.index(e[0]),n.eq(r-1),1===r&amp;amp;&amp;amp;e.find(&quot;.c-recomm-wrap&quot;).addClass(&quot;c-recomm-cluster&quot;)}}}return{init:t}}),page.on(&quot;init&quot;,function(){require([&quot;modules/recmmend/aftclk_rcmd/click_recomm&quot;],function(e){e.init()})}),define(&quot;modules/recmmend/aftclk_rcmd/click_fanli&quot;,[&quot;require&quot;,&quot;modules/recmmend/aftclk_rcmd/aft_click/afterClick&quot;],function(e){function t(){var t=e(&quot;modules/recmmend/aftclk_rcmd/aft_click/afterClick&quot;);t.afterClick(function(e,t){if(window.sessionStorage&amp;amp;&amp;amp;t){var n,r=$(&quot;.wnor-fanli-strong-wrap&quot;),i=t.find(&quot;.wnor-fanli-strong-wrap&quot;),o=&quot;fanli_&quot;+window.location.href,a=i.find(&quot;.c-span3&quot;).data(&quot;md5&quot;),s=!1,c=!1;try{n=JSON.parse(window.sessionStorage.getItem(o))||{prev:-1,history:{}}}catch(u){}if(n&amp;amp;&amp;amp;n.history)for(item in n.history)if(n.history[item]==a){s=!0;break}a&amp;amp;&amp;amp;n.history[e]&amp;amp;&amp;amp;a==n.history[e]&amp;amp;&amp;amp;(c=!0),!i.length||s&amp;amp;&amp;amp;!c?-1!=n.prev&amp;amp;&amp;amp;(r.hide(),$(&quot;.result&quot;).eq(n.prev).find(&quot;.wnor-fanli-strong-wrap&quot;).show(),page.log.send({ct:36,cst:1})):(r.hide(),i.show(),page.log.send({ct:36,cst:1}),n.history[e]=a,n.prev=e,window.sessionStorage.setItem(o,JSON.stringify(n)))}})}return{init:t}}),page.on(&quot;init&quot;,function(){require([&quot;modules/recmmend/aftclk_rcmd/click_fanli&quot;],function(e){e.init()})}),define(&quot;modules/recmmend/aftclk_rcmd/asyn_rcmd&quot;,[&quot;require&quot;],function(e){function t(e){e&amp;amp;&amp;amp;e.rs&amp;amp;&amp;amp;(1==page.comm.newRec?i(e):o(e),page&amp;amp;&amp;amp;page.comm&amp;amp;&amp;amp;page.comm.sampleval&amp;amp;&amp;amp;&quot;sam_rs_recommend&quot;===page.comm.sampleval.WISE_TPL_COMMON_SAMPLE_FLAG&amp;amp;&amp;amp;r(e),n(e))}function n(t){if(t.rs.ent&amp;amp;&amp;amp;t.rs.ent.length){var n=t.rs.ent;e([&quot;modules/recmmend/aftclk_rcmd/sigma_cele_async&quot;],function(e){e.init(n)})}}function r(t){if(t.rs.brs&amp;amp;&amp;amp;t.rs.brs.list&amp;amp;&amp;amp;t.rs.brs.list.length){var n=t.rs.brs.list;e([&quot;modules/recmmend/rs_rcmd/rs_rcmd&quot;],function(e){e.update(n)})}}function i(e){if(e.rs.rcmd&amp;amp;&amp;amp;e.rs.rcmd.list){var t=&#039;&amp;lt;div class=&quot;c-recomm-wrap new-ux-recom-wrapper&quot; style=&quot;display: none;&quot;&amp;gt;&amp;lt;/div&amp;gt;&#039;,n=&#039;&amp;lt;b-scroll&amp;gt;&amp;lt;div class=&quot;hint-rcmd-title&quot;&amp;gt;&amp;lt;span class=&quot;c-gap-left&quot;&amp;gt;大家还搜&amp;lt;i class=&quot;c-icon&quot;&amp;gt;&amp;amp;#xe780&amp;lt;/i&amp;gt;&amp;lt;/span&amp;gt;&amp;lt;/div&amp;gt;&amp;lt;div class=&quot;c-scroll-wrapper hint-rcmd-tips&quot;&amp;gt;&amp;lt;div class=&quot;hint-rcmd-list&quot;&amp;gt;&amp;lt;div class=&quot;hint-rcmd-row-container&quot;&amp;gt;&amp;lt;/div&amp;gt;&amp;lt;div class=&quot;hint-rcmd-row-container&quot;&amp;gt;&amp;lt;/div&amp;gt;&amp;lt;/div&amp;gt;&amp;lt;/div&amp;gt;&amp;lt;/b-scroll&amp;gt;&amp;lt;div class=&quot;hint-rcmd-cover&quot;&amp;gt;&amp;lt;/div&amp;gt;&#039;,r=&quot;&quot;,i=$(&quot;.result&quot;);$.each(e.rs.rcmd.list,function(e,o){var a=&quot;&quot;,s=&quot;&quot;,c=i.eq(o.index),u={sa:o.extern_level?o.extern_level:&quot;re_dl_cr_0&quot;};if(&quot;0&quot;!=o.index||!page.comm.sigmaConf){o.up.length&amp;amp;&amp;amp;$.each(o.up,function(e,t){r=page.utils.buildSearchUrl(t,u),r=page.utils.link.getJumpLinkUrl({src:&quot;https://m.baidu.com&quot;+r,order:o.index+1}),a+=&#039;&amp;lt;div class=&quot;hint-rcmd-item-container&quot;&amp;gt;&amp;lt;a class=&quot;c-gap-right&quot; href=&quot;&#039;+r+&#039;&quot;&amp;gt;&#039;+t+&quot;&amp;lt;/a&amp;gt;&amp;lt;/div&amp;gt;&quot;}),o.down.length&amp;amp;&amp;amp;$.each(o.down,function(e,t){r=page.utils.buildSearchUrl(t,u),r=page.utils.link.getJumpLinkUrl({src:&quot;https://m.baidu.com&quot;+r,order:o.index+1}),s+=&#039;&amp;lt;div class=&quot;hint-rcmd-item-container&quot;&amp;gt;&amp;lt;a class=&quot;c-gap-right&quot; href=&quot;&#039;+r+&#039;&quot;&amp;gt;&#039;+t+&quot;&amp;lt;/a&amp;gt;&amp;lt;/div&amp;gt;&quot;});var l=$(n);a.length&amp;amp;&amp;amp;l.find(&quot;.hint-rcmd-list&quot;).find(&quot;.hint-rcmd-row-container&quot;).eq(0).append(a),s.length&amp;amp;&amp;amp;l.find(&quot;.hint-rcmd-list&quot;).find(&quot;.hint-rcmd-row-container&quot;).eq(1).append(s);var d=$(t).append(l),f=c.find(&quot;.c-recomm-wrap&quot;);c.hasClass(&quot;c-clk-recommend&quot;)||c.addClass(&quot;c-clk-recommend&quot;),f.length&amp;amp;&amp;amp;&quot;block&quot;!=f.css(&quot;display&quot;)?(f.remove(),c.append(d)):f.length||c.append(d)}})}}function o(e){if(e.rs.rcmd&amp;amp;&amp;amp;e.rs.rcmd.list){var t=&#039;&amp;lt;div class=&quot;c-container c-recomm-wrap&quot; style=&quot;display: none;&quot;&amp;gt;&amp;lt;/div&amp;gt;&#039;,n=&#039;&amp;lt;div class=&quot;c-recomm-cnt c-gray&quot;&amp;gt;&amp;lt;/div&amp;gt;&#039;,r=&#039;&amp;lt;span class=&quot;c-gap-right&quot;&amp;gt;&amp;lt;i class=&quot;c-icon&quot;&amp;gt;&amp;amp;#xe780&amp;lt;/i&amp;gt;大家还搜：&amp;lt;/span&amp;gt;&#039;,i=&quot;&quot;,o=$(&quot;.result&quot;);page&amp;amp;&amp;amp;page.comm&amp;amp;&amp;amp;page.comm.sampleval&amp;amp;&amp;amp;&quot;sam_afterclick_update&quot;===page.comm.sampleval.newMainTplName&amp;amp;&amp;amp;(n=&#039;&amp;lt;div class=&quot;c-recomm-cnt c-gray c-recomm-cnt-sam&quot;&amp;gt;&amp;lt;/div&amp;gt;&#039;,r=&#039;&amp;lt;span&amp;gt;大家还搜&amp;lt;i class=&quot;c-icon c-recomm-i-sam&quot;&amp;gt;&amp;amp;#xe780&amp;lt;/i&amp;gt;&amp;lt;/span&amp;gt;&#039;),$.each(e.rs.rcmd.list,function(e,a){var s=&quot;&quot;,c=o.eq(a.index),u={sa:a.extern_level?a.extern_level:&quot;re_dl_cr_0&quot;};if(&quot;0&quot;!=a.index||!page.comm.sigmaConf){$.each(a.data,function(e,t){i=page.utils.buildSearchUrl(t,u),i=page.utils.link.getJumpLinkUrl({src:&quot;https://m.baidu.com&quot;+i,order:a.index+1}),s+=&#039;&amp;lt;a class=&quot;c-gap-right&quot; href=&quot;&#039;+i+&#039;&quot;&amp;gt;&#039;+t+&quot;&amp;lt;/a&amp;gt;&quot;});var l=$(n).append(r).append(s),d=$(t).append(l),f=c.find(&quot;.c-recomm-wrap&quot;);c.hasClass(&quot;c-clk-recommend&quot;)||c.addClass(&quot;c-clk-recommend&quot;),f.length&amp;amp;&amp;amp;&quot;block&quot;!=f.css(&quot;display&quot;)?(f.remove(),c.append(d)):f.length||c.append(d)}})}}function a(){page.comm.rsync_rec_flag&amp;amp;&amp;amp;page.asyn({mod:20,rset:&quot;rcmd&quot;,cb:t})}return{init:a}}),page.on(&quot;init&quot;,function(){require([&quot;modules/recmmend/aftclk_rcmd/asyn_rcmd&quot;],function(e){e.init()})}),define(&quot;modules/recmmend/aftclk_rcmd/click_rs&quot;,[&quot;require&quot;],function(e){function t(){var e=window.sessionStorage.getItem(&quot;click_rs_key&quot;);s=e?Number(e.split(&quot;_&quot;)[1])+1:1,4&amp;gt;s&amp;amp;&amp;amp;!$(&quot;.se-relativewords&quot;).data(&quot;renderRs&quot;)&amp;amp;&amp;amp;!u&amp;amp;&amp;amp;(u=1,page.asyn({mod:20,rset:&quot;srcmd&quot;,cb:n}))}function n(e){u=0,e&amp;amp;&amp;amp;e.rs&amp;amp;&amp;amp;(o+window.innerHeight&amp;gt;$(&quot;.se-page-relative&quot;).offset().top||r(e))}function r(t){if(t.rs.brs&amp;amp;&amp;amp;t.rs.brs.list&amp;amp;&amp;amp;t.rs.brs.list.length){var n=t.rs.brs.list;$(&quot;.se-relativewords&quot;).data(&quot;renderRs&quot;,1),window.sessionStorage.setItem(&quot;click_rs_key&quot;,decodeURIComponent(page.comm.query)+&quot;_&quot;+s),e([&quot;modules/recmmend/rs_rcmd/rs_rcmd&quot;],function(e){e.update(n)})}}function i(){page&amp;amp;&amp;amp;page.comm&amp;amp;&amp;amp;page.comm.sampleval&amp;amp;&amp;amp;&quot;sam_async_rs&quot;===page.comm.sampleval.WISE_TPL_COMMON_SAMPLE_FLAG&amp;amp;&amp;amp;($(&quot;.result&quot;).on(&quot;click&quot;,function(){window.sessionStorage.setItem(&quot;click_rs&quot;,&quot;1&quot;)}),e([&quot;modules/scroll_ctl&quot;],function(e){e.regist(function(e){o=e.nowScrollTop,a=e.scrollDirection,1==window.sessionStorage.getItem(&quot;click_rs&quot;)&amp;amp;&amp;amp;(window.sessionStorage.setItem(&quot;click_rs&quot;,&quot;0&quot;),t()),o&amp;gt;$(&quot;.result&quot;).eq(5).offset().top&amp;amp;&amp;amp;!c&amp;amp;&amp;amp;(c=1,t())})}))}var o,a,s,c=0,u=0;return{init:i}}),page.on(&quot;init&quot;,function(){require([&quot;modules/recmmend/aftclk_rcmd/click_rs&quot;],function(e){e.init()})}),define(&quot;modules/recmmend/scroll_rcmd/scrollHint&quot;,[&quot;require&quot;],function(e){function t(){$(&quot;.scroll-toprq-wrapper&quot;).remove(),$(&quot;.rs-toprq-wrapper&quot;).remove()}function n(){h=$(&quot;.rs-toprq-wrapper&quot;),p=$(&quot;.hint-toprq-tips&quot;),p.length&amp;amp;&amp;amp;(g=p.attr(&quot;data-dsid&quot;)||0,_=0,k=0,S=a(),T=s(),A=o(),v=($(&quot;.se-page-tips&quot;).length?$(&quot;.se-page-tips&quot;).offset().top:0)||$(&quot;#page-hd&quot;).height(),w=$(&quot;.se-page-relative&quot;).offset().top-y.height(),r(),e([&quot;fusion/b-scroll/b-scroll&quot;]))}function r(){var e=null,t=h.find(&quot;.hint-toprq-tips&quot;).clone();t.find(&quot;a[data-float-href]&quot;).each(function(){e=$(this),e.attr(&quot;href&quot;,e.attr(&quot;data-float-href&quot;))}),m=$(&quot;.search-page .scroll-toprq-wrapper&quot;),m.length?(m.html(&quot;&quot;).append(t),i()):(m=$(&#039;&amp;lt;div class=&quot;scroll-toprq-wrapper&quot;&amp;gt;&amp;lt;/div&amp;gt;&#039;),m.append(t),$(&quot;.search-page&quot;).prepend(m),i())}function i(){p&amp;amp;&amp;amp;p.length&amp;amp;&amp;amp;(&quot;6&quot;==page.comm.browserid&amp;amp;&amp;amp;$(&quot;#super-frame&quot;).length&amp;amp;&amp;amp;$(&quot;#super-frame&quot;).children().length||e([&quot;modules/scroll_ctl&quot;],function(e){e.regist(function(e){x=e.nowScrollTop,scrollDirection=e.scrollDirection,(&quot;5&quot;==page.comm.browserid||&quot;6&quot;==page.comm.browserid||0!==x)&amp;amp;&amp;amp;(v&amp;gt;=x?(&quot;up&quot;==scrollDirection&amp;amp;&amp;amp;setTimeout(function(){c()},0),10&amp;gt;=x&amp;amp;&amp;amp;d()):(u(),x&amp;gt;w?d():&quot;down&quot;==scrollDirection?d():&quot;up&quot;==scrollDirection&amp;amp;&amp;amp;l()))})}))}function o(){return $(&quot;.se-results-top&quot;).length?!0:!1}function a(){var e=$(&quot;.wa-sigma-stock-fixed&quot;);return e.length?!0:!1}function s(){return $(&quot;.se-page-tips&quot;).children().length&amp;gt;1?!0:!1}function c(){A||T||k||h.data(&quot;from&quot;)&amp;amp;&amp;amp;&quot;voice_guide&quot;==h.data(&quot;from&quot;)||(k=1,h.show(),$(&quot;.c-recomm-wrap&quot;).hide(),page.log.send({ct:0,cst:0,t_fqrs:g}))}function u(){k&amp;amp;&amp;amp;(k=0)}function l(){b||_||S||($(&quot;.c-recomm-wrap&quot;).hide(),m.show(),f(),_=1)}function d(){_&amp;amp;&amp;amp;(m.hide(),_=0)}function f(){page.log.send({ct:0,cst:0,t_frs:g}),f=function(){}}var p,h,m,g,v,w,b=!0,y=$(window),x=0,_=0,k=0,S=!1,T=!1,A=!1;return page.rcmd=page.rcmd||{},page.rcmd.toprq=page.rcmd.toprq||{},page.rcmd.toprq.update=function(e,t,r){if(h.length&amp;amp;&amp;amp;e&amp;amp;&amp;amp;e.word&amp;amp;&amp;amp;e.word.length){var i=e.from?&quot;_&quot;+e.from:&quot;&quot;,o=e.word.length,a=&#039;&amp;lt;div class=&quot;hint-toprq-tips&quot;&amp;gt;&#039;,s=&quot;&quot;,c=&quot;&quot;;a+=&quot;&amp;lt;span&amp;gt;为您推荐：&amp;lt;/span&amp;gt;&quot;;for(var u=0;o&amp;gt;u;u++)s=page.utils.link.getSearchUrl(e.word[u],{sa:&quot;fqrs_&quot;+u+i,rq:page.comm.query}),c=page.utils.link.getSearchUrl(e.word[u],{sa:&quot;frs_&quot;+u+i}),a+=&#039;&amp;lt;a href=&quot;&#039;+s+&#039;&quot; data-float-href=&quot;&#039;+c+&#039;&quot;&amp;gt;&#039;+e.word[u]+&quot;&amp;lt;/a&amp;gt;&quot;;a+=&quot;&amp;lt;/div&amp;gt;&quot;,h.html(a),n(),t&amp;amp;&amp;amp;t()}else r&amp;amp;&amp;amp;r()},{init:n,destory:t}}),require([&quot;modules/recmmend/scroll_rcmd/scrollHint&quot;],function(e){page.on(&quot;afterload&quot;,function(){e.init()}),page.on(&quot;afterdestroy&quot;,function(){e.destory()})}),define(&quot;modules/recmmend/rs_rcmd/rs_rcmd&quot;,[&quot;require&quot;],function(){function e(e,r,o){t(),i=new n(e,r,o)}function t(){i&amp;amp;&amp;amp;(i.unbindEv(),i=null)}function n(e,t,n){this.isRender=!1,this.data=e,this.succ=t,this.fail=n,this.init()}var r=[],i=null,o=$(&quot;#relativewords&quot;),a=o.find(&quot;.rw-item&quot;),s=$(window);return n.prototype={constructor:n,init:function(){if(!(this.data&amp;amp;&amp;amp;a&amp;amp;&amp;amp;a.length&amp;amp;&amp;amp;o&amp;amp;&amp;amp;$.isArray(this.data)&amp;amp;&amp;amp;0!==this.data.length))return void this.failFn();for(var e=0;e++;e&amp;lt;a.length)if(&quot;a&quot;!==a[e].nodeName.toLocaleLowerCase())return void this.failFn();for(var t=0;t&amp;lt;this.data.length;t++){if(!this.data[t].text||&quot;number&quot;!=typeof this.data[t].index)return void this.failFn();if(this.data[t].url&amp;amp;&amp;amp;!/^http:\/\/|https:\/\//.test(this.data[t].url))return void this.failFn()}this.changeData(this.data)},changeData:function(e){for(var t={},n=!1,i=0,o=0;o&amp;lt;e.length;o++)i=e[o].index,r[i]||(r[i]={}),r[i].text!==e[o].text&amp;amp;&amp;amp;(n=!0,t={sa:&quot;brs_&quot;+(i+1),pos:&quot;asyn_ers_&quot;+(i+1),rsf:e[o].feature},r[i].index=i,r[i].text=e[o].text,r[i].url=e[o].url||B.utils.buildSearchUrl(e[o].text,t));n&amp;amp;&amp;amp;(this.bindEv(),this.isRun()&amp;amp;&amp;amp;this.changeDom(r))},isRun:function(){var e=o.offset().top-s.height(),t=s.scrollTop();return e&amp;gt;t?!0:void 0},changeDom:function(e){for(var t=a.length&amp;lt;e.length?a.length:e.length,n=0;t&amp;gt;n;n++)e[n]&amp;amp;&amp;amp;(a.eq(e[n].index).text(e[n].text),a.eq(e[n].index).prop(&quot;href&quot;,e[n].url));this.isRender=!0,this.succ&amp;amp;&amp;amp;&quot;function&quot;==typeof this.succ&amp;amp;&amp;amp;this.succ()},bindEv:function(){var e=this;B.onload(function(){s.on(&quot;scroll.rsUpdate&quot;,function(){!e.isRender&amp;amp;&amp;amp;0!==r.length&amp;amp;&amp;amp;e.isRun()&amp;amp;&amp;amp;e.changeDom(r)})})},unbindEv:function(){s.off(&quot;scroll.rsUpdate&quot;)},failFn:function(){this.fail&amp;amp;&amp;amp;&quot;function&quot;==typeof this.fail&amp;amp;&amp;amp;this.fail()}},{destroyUpdate:t,update:e}}),require([&quot;modules/recmmend/rs_rcmd/rs_rcmd&quot;],function(e){page.rcmd=page.rcmd||{},page.rcmd.rs=e}),define(&quot;modules/recmmend/aftclk_rcmd/sigma_cele_async&quot;,[&quot;require&quot;],function(){function e(e){var t=$(&#039;.c-result[tpl=&quot;sigma_celebrity_rela&quot;]&#039;).eq(0).find(&quot;.c-scroll-wrapper&quot;).find(&quot;.wa-sigma-celebrity-rela-scroller&quot;);$.each(t,function(n,r){$(r).data(&quot;index&quot;)&amp;amp;&amp;amp;-1!=$(r).data(&quot;index&quot;).toString().split(&quot;,&quot;).indexOf(e.toString())&amp;amp;&amp;amp;(t.hide(),$(&#039;.c-result[tpl=&quot;sigma_celebrity_rela&quot;]&#039;).eq(0).find(&quot;.c-container&quot;).find(&quot;.c-row.c-gap-top-small.c-gap-bottom-large&quot;).hide(),$(r).show())});var n=$(&#039;.c-result[tpl=&quot;sigma_celebrity_rela&quot;]&#039;).eq(0).find(&quot;.c-container &amp;gt;.c-blocka&quot;).find(&quot;.c-title&quot;);$.each(n,function(t,r){$(r).data(&quot;index&quot;)&amp;amp;&amp;amp;-1!=$(r).data(&quot;index&quot;).toString().split(&quot;,&quot;).indexOf(e.toString())&amp;amp;&amp;amp;(n.hide(),$(r).show())})}function t(t){if($(&#039;.c-result[tpl=&quot;sigma_celebrity_rela&quot;]&#039;).eq(0).length){$.each(t,function(e,t){i=&quot;&quot;;var a=151/636*100*t.card.ents.length+&quot;%&quot;;i=i+&#039;&amp;lt;div class=&quot;wa-sigma-celebrity-rela-scroller c-scroll-parent-gap&quot; style=&quot;width:&#039;+a+&#039;&quot;&amp;gt;&#039;,$.each(t.card.ents,function(e,a){n=B.etpl.compile(o);var s=page.utils.buildSearchUrl(a.name)+&quot;&amp;amp;sa=&quot;+a.sa;s=page.utils.link.getJumpLinkUrl({src:&quot;https://m.baidu.com&quot;+s}),a.href=s,a.img=page.https.domain.get(a.img),a.width=1/t.card.ents.length*100+&quot;%&quot;,r=n(a),i+=r}),i+=&quot;&amp;lt;/div&amp;gt;&quot;;var s=$(i);if(s.data(&quot;index&quot;,t.indexes.toString()),s.css(&quot;padding-right&quot;,&quot;0&quot;),s.css(&quot;display&quot;,&quot;none&quot;),$(&#039;.c-result[tpl=&quot;sigma_celebrity_rela&quot;]&#039;).eq(0).find(&quot;.c-scroll-wrapper&quot;).length)$(&#039;.c-result[tpl=&quot;sigma_celebrity_rela&quot;]&#039;).eq(0).find(&quot;.c-scroll-wrapper&quot;).append(s);else{var c=$(&#039;&amp;lt;b-scroll&amp;gt;&amp;lt;div class=&quot;c-row-tile c-scroll-wrapper c-gap-top-small&quot;&amp;gt;&amp;lt;div class=&quot;c-scroll-touch&quot;&amp;gt;&amp;lt;/div&amp;gt;&amp;lt;/div&amp;gt;&amp;lt;/b-scroll&amp;gt;&#039;);c.find(&quot;.c-scroll-touch&quot;).append(s),$(&#039;.c-result[tpl=&quot;sigma_celebrity_rela&quot;]&#039;).eq(0).find(&quot;.c-container&quot;).eq(0).append(c)}i=&quot;&quot;,i=i+&#039;&amp;lt;h3 class=&quot;c-title c-gap-top-small&quot;&amp;gt;&amp;lt;em&amp;gt;&#039;+decodeURIComponent(page.comm.query)+&quot;&amp;lt;/em&amp;gt;_&quot;+t.card.title+&quot;&amp;lt;/h3&amp;gt;&quot;;var s=$(i);s.data(&quot;index&quot;,t.indexes.toString()),s.css(&quot;display&quot;,&quot;none&quot;),$(&#039;.c-result[tpl=&quot;sigma_celebrity_rela&quot;]&#039;).eq(0).find(&quot;.c-blocka&quot;).append(s)}),$(&quot;.results&quot;).on(&quot;click&quot;,&quot;.result&quot;,function(t){var n=Number($(t.currentTarget).attr(&quot;order&quot;))-1;e(n)});var a=Number(window.sessionStorage.getItem(&quot;afterClick_&quot;+window.location.href));e(a)}}var n,r,i=&quot;&quot;,o=&#039;&amp;lt;div class=&quot;wa-sigma-celebrity-rela-entity c-scroll-element-gap&quot; style=&quot;width:${width};&quot;&amp;gt;&amp;lt;a href=&quot;${href}&quot; class=&quot;c-blocka wa-sigma-celebrity-rela-link&quot;&amp;gt;&amp;lt;div class=&quot;c-img c-img-s&quot; style=&quot;background: none;&quot;&amp;gt;&amp;lt;img src=&quot;${img}&quot;&amp;gt;&amp;lt;/div&amp;gt;&amp;lt;p class=&quot;wa-sigma-celebrity-rela-name c-line-clamp2&quot;&amp;gt;${name}&amp;lt;/p&amp;gt;&amp;lt;p class=&quot;wa-sigma-celebrity-rela-reason c-color-gray c-line-clamp2&quot;&amp;gt;${type}&amp;lt;/p&amp;gt;&amp;lt;/a&amp;gt;&amp;lt;/div&amp;gt;&#039;;return{init:t}}),!function(){var e=function(){return page.comm&amp;amp;&amp;amp;page.comm.sampleval&amp;amp;&amp;amp;page.comm.sampleval.WISE_TPL_COMMON_SAMPLE_FLAG};define(&quot;modules/baiduidRecovery&quot;,[&quot;require&quot;,&quot;utils/storage&quot;],function(t){var n=t(&quot;utils/storage&quot;).ls;return function(){var t=n.getItem(&quot;BAIDUID&quot;);if(t){&quot;baiduid_recovery&quot;===e()&amp;amp;&amp;amp;page.log.send({ct:38,cst:1,lsbi:t,isls:1});var r=new Date;r.setTime(r.getTime()+31536e6),document.cookie=&quot;BAIDUID=&quot;+t+&quot;;domain=.baidu.com;path=/;expires=&quot;+r.toGMTString()+&quot;;&quot;}else{&quot;baiduid_recovery&quot;===e()&amp;amp;&amp;amp;page.log.send({ct:38,cst:1,lsbi:0,isls:0});var i=new RegExp(&quot;(^| )BAIDUID=([^;]*)(;|$)&quot;).exec(document.cookie),o=/[A-Fa-f0-9]{32}(:FG=1)?/;if(i&amp;amp;&amp;amp;o.test(i[2])){var a=i[2];n.setItem(&quot;BAIDUID&quot;,a)}}}})}(),page.on(&quot;afterload&quot;,function(){$(&quot;.search-page&quot;).on(&quot;click&quot;,&quot;#results span.wnor-fanyi-btn&quot;,function(){var e=this;require([&quot;modules/wnor_fanyi/wnor_fanyi&quot;],function(t){t.btnInit(e)})}).on(&quot;click&quot;,&quot;#results .wnor-fanyi-retry&quot;,function(){var e=this;require([&quot;modules/wnor_fanyi/wnor_fanyi&quot;],function(t){t.retryInit(e)})})}),define(&quot;sf/dataBridge&quot;,[&quot;require&quot;],function(){function e(e,t){try{if(&quot;object&quot;==typeof t&amp;amp;&amp;amp;(t=JSON.stringify(t)),&quot;string&quot;==typeof t)return n[e]=t,!0}catch(r){}return!1}function t(e){try{return value=JSON.parse(n[e])}catch(t){}return!1}var n={},r={};return r.set=function(t,n){return e(t,n)},r.get=function(e){return t(e)},r}),require([&quot;sf/dataBridge&quot;],function(e){B.dataBridge=e}),define(&quot;sf/message&quot;,[&quot;require&quot;],function(){function e(e,t){t=JSON.stringify(t),n[e]=t}function t(e){try{return value=JSON.parse(n[e]),delete n[e],value}catch(t){}return!1}var n={},r={};return r.send=function(t,n){return e(t,n)},r.receive=function(e){var n=t(e);return n},r}),require([&quot;sf/message&quot;],function(e){B.message=e}),define(&quot;log/utils&quot;,[&quot;require&quot;],function(){return{isObject:function(e){return&quot;object&quot;==typeof e},isString:function(e){return&quot;[object String]&quot;===Object.prototype.toString.call(e)},isArray:function(e){return e.constructor===Array},serialize:function(e){if(!e)return&quot;&quot;;var t=&quot;&quot;,n=&quot;&quot;;if(this.isObject(e)){for(var r in e)n=e[r],&quot;undefined&quot;!=typeof n&amp;amp;&amp;amp;(this.isObject(n)&amp;amp;&amp;amp;(n=JSON.stringify(n)),t+=r+&quot;=&quot;+encodeURIComponent(n)+&quot;&amp;amp;&quot;);t=t.substring(0,t.length-1)}else this.isString(e)&amp;amp;&amp;amp;(t=e);return t},extend:function(e,t,n){if(!this.isObject(e)||!this.isObject(t))return e;if(n)for(var r in t)t.hasOwnProperty(r)&amp;amp;&amp;amp;(this.isObject(t[r])&amp;amp;&amp;amp;(e[r]=this.isArray(t[r])?[]:{},arguments.callee(e[r],t[r],n)),e[r]=t[r]);else for(var i in t)t.hasOwnProperty(i)&amp;amp;&amp;amp;(e[i]=t[i]);return e},imgSendLog:function(e){var t=&quot;BD_PS_C&quot;+(new Date).getTime(),n=window[t]=new Image;n.onload=function(){n.onload=n.onerror=n.onabort=null,window[t]=null,n=null},n.src=e}}}),define(&quot;log/dataStore&quot;,[&quot;require&quot;,&quot;log/utils&quot;],function(e){var t=e(&quot;log/utils&quot;),n=function(e){e=e||{},this.localStorageKey=&quot;search_ls_js_webb&quot;,this.data={},this.syncTime=0,this.isFirstSend=!0,t.extend(this,e),this.storageData={data:this.data,logPrefix:this.logPrefix,syncTime:this.syncTime},this.sync(!0)};return t.extend(n.prototype,{pushLogUnit:function(e,t,n,r){var i=this.data;i[e]=i[e]||{};var o=i[e];o[t]||(o[t]=[[],[]]),o[t][r?0:1].push(JSON.stringify(n)),this.sync()},get:function(e){return this.data[e]},eachLogQueues:function(e,n){function r(e){for(var r in i[s])if(i[s].hasOwnProperty(r)){var o={fm:r,qid:s},a={logQueues:i[s][r],historyQid:c};if(e){if(o.type=4,!this.cache.logPrefix)return;t.extend(o,this.cache.logPrefix)}n(o,a)}}if(!e)return!1;var i=this.data,o=Object.keys(i);o.sort(function(t,n){return t===e?1:n===e?1:0});for(var a=0;a&amp;lt;o.length;a++){var s=o[a],c=s!==e;c?(this.isFirstSend&amp;amp;&amp;amp;new Date(this.cache.syncTime).getDate()==(new Date).getDate()&amp;amp;&amp;amp;r.call(this,!0),this.remove(s)):r.call(this)}this.isFirstSend=!1,this.sync()},clear:function(){this.data=[],this.sync()},remove:function(e){delete this.data[e]},sync:function(e){var n=this.localStorageKey;try{if(e){var r=JSON.parse(window.localStorage.getItem(n))||{};r.data&amp;amp;&amp;amp;t.extend(this.data,r.data),delete r.data,r.syncTime=r.syncTime||(new Date).getTime(),this.cache=r}else this.syncTime=this.storageData.syncTime=(new Date).getTime(),window.localStorage.setItem(n,JSON.stringify(this.storageData))}catch(i){(new Image).src=&quot;/error&quot;}}}),n}),define(&quot;log/webb&quot;,[&quot;require&quot;,&quot;log/utils&quot;,&quot;log/dataStore&quot;],function(e){var t,n=e(&quot;log/utils&quot;),r=e(&quot;log/dataStore&quot;),i=function(e){if(&quot;object&quot;==typeof t)return t;t=this,e=e||{};var r={start:(new Date).getTime(),debug:!1,t:null,cycle:null,MIN_SPEED:2e3,MAX_SPEED:1e4,curSpeed:5e3,stayTime:0,MAX_LEN:2e3,storeLen:-1,MAX_SEND:100,hostEnum:{SESTAT:0},keyMap:{input:0,disp:0,view:0,user:0,ex:0,heart:0},isFirst:!0,sendNum:{},global:window.B||window.page};n.extend(r,e),n.extend(this,r),this.preprocess(),this.bindUnloadLog()};return n.extend(i.prototype,{setCommLog:function(e){var t=e.pd||this.getEnvParma(&quot;pd&quot;)?&quot;sf_&quot;+this.getEnvParma(&quot;pd&quot;):&quot;&quot;;t&amp;amp;&amp;amp;(e.pd=t),e.qid=e.qid||this.getDefaultQid(),e.did=e.did||this.getEnvParma(&quot;did&quot;),e.q=e.q||this.getEnvParma(&quot;query&quot;);var n=this.keyMap[e.fm];return n||(n=0),e.host=n,!0},preprocess:function(){n.extend(this,{hostAddr:[this.logHost?this.logHost:this.getDefaultHostAddress()],did:this.did||this.createDid(),qid:this.qid||this.getDefaultQid()}),this.ds=new r({localStorageKey:this.localStorageKey||&quot;search_ls_js_webb&quot;,logPrefix:{did:this.did}}),this.qid&amp;amp;&amp;amp;(this.sendNum[this.qid]=0)},bindUnloadLog:function(){var e=this;$(window).bind(&quot;unload.webb&quot;,function(){e.flushData(2)})},getDefaultHostAddress:function(){var e=this.global;return(e&amp;amp;&amp;amp;e.https&amp;amp;&amp;amp;e.https.domain&amp;amp;&amp;amp;e.https.domain.get?e.https.domain.get(&quot;http://sestat.baidu.com&quot;):&quot;http://sestat.baidu.com&quot;)+&quot;/mwb.gif?&quot;},getDefaultQid:function(){var e=this.global;return decodeURIComponent(e&amp;amp;&amp;amp;e.comm&amp;amp;&amp;amp;e.comm.lid?e.comm.lid:&quot;&quot;)},createDid:function(){for(var e=&quot;&quot;,t=0;32&amp;gt;t;t++)e+=Math.floor(16*Math.random()).toString(16);return e},flushData:function(e){null!==this.t&amp;amp;&amp;amp;(clearTimeout(this.t),this.t=null);var t=this.fetchData(e);this.startSend(t,!0)},destroy:function(){this.t=null,this.did=this.createDid(),$(window).unbind(&quot;.webb&quot;)},send:function(e){var t=this.makeLogUrl(e);return t.length&amp;gt;0&amp;amp;&amp;amp;t.length&amp;lt;this.MAX_LEN?(n.imgSendLog(t),!0):void 0},makeLogUrl:function(e){this.setCommLog(e);var t=&quot;&quot;,r=e.host;return&quot;ex&quot;==e.fm||e.data&amp;amp;&amp;amp;e.qid?(delete e.host,t+=n.serialize(e),t+=&quot;&amp;amp;t=&quot;+(new Date).getTime(),this.hostAddr[r]+t):&quot;&quot;},sendNow:function(e,t,r){if(e&amp;amp;&amp;amp;n.isString(e)&amp;amp;&amp;amp;e in this.keyMap&amp;amp;&amp;amp;t){var i=n.extend({type:3,fm:e,data:[t]},r);this.send(i)}},pushData:function(e,t,r){if(!(e&amp;amp;&amp;amp;n.isString(e)&amp;amp;&amp;amp;e in this.keyMap&amp;amp;&amp;amp;t))return!1;r=r||{};var i=this.getDefaultQid();return i?void this.ds.pushLogUnit(i,e,t,r.highLevel):!1},getEnvParma:function(e){var t=this.global;return this[e]?this[e]:decodeURIComponent(t&amp;amp;&amp;amp;t.comm&amp;amp;&amp;amp;t.comm[e]?t.comm[e]:&quot;&quot;)},fetchData:function(e,t){var n=[],r=this;return this.ds.eachLogQueues(this.getDefaultQid(),function(i,o){var a=o.historyQid===!1&amp;amp;&amp;amp;0===e;i.type=i.type||e,r.setCommLog(i);var s=r.getBaseUrlLen(i);t=!(o.historyQid===!0||t!==!0),n=n.concat(r.packLog(s,i,o.logQueues[0],a)),t||(n=n.concat(r.packLog(s,i,o.logQueues[1],a)))}),n},packLog:function(e,t,r,i){for(var o=0,a=[],s=[],c=e;0!==r.length&amp;amp;&amp;amp;o&amp;lt;this.MAX_SEND;){var u=r.shift();i&amp;amp;&amp;amp;o++,c+=u.length+3,0===a.length||a.length&amp;gt;=1&amp;amp;&amp;amp;e&amp;lt;this.MAX_LEN&amp;amp;&amp;amp;c&amp;lt;this.MAX_LEN?a.push(u):(t.data=&quot;[&quot;+a.join(&quot;,&quot;)+&quot;]&quot;,s.push(t),a=[u],c=e+u.length+3,t=n.extend({},t))}return a.length&amp;gt;0&amp;amp;&amp;amp;(t=n.extend({},t),t.data=&quot;[&quot;+a.join(&quot;,&quot;)+&quot;]&quot;,s.push(t)),s},getBaseUrlLen:function(e){var t=e.host,r=this.hostAddr[t].length,i=r+(n.serialize(e)+&quot;&amp;amp;t=&quot;+(new Date).getTime()).length;return i+6},startSend:function(e,t){var n=this,r=100;if(t)e.forEach(function(e){this.send(e)},this);else var i=setInterval(function(){if(e.length&amp;lt;=0)return void clearInterval(i);var t=e.shift();n.send(t),t.qid in n.sendNum&amp;amp;&amp;amp;(n.sendNum[t.qid]+=1)},r)},startCycle:function(){this.cycle=1;var e=this;this.t=setTimeout(function(){var t=e.fetchData(0),n=t.length;-1===e.storeLen&amp;amp;&amp;amp;(e.storeLen=n),0!==e.storeLen&amp;amp;&amp;amp;n/e.storeLen&amp;gt;=2&amp;amp;&amp;amp;e.curSpeed&amp;gt;e.MIN_SPEED&amp;amp;&amp;amp;(e.curSpeed-=1e3),(0===n||e.storeLen/n&amp;gt;=2)&amp;amp;&amp;amp;e.curSpeed&amp;lt;e.MAX_SPEED&amp;amp;&amp;amp;(e.curSpeed+=1e3),e.startSend(t,!1),e.startCycle()},this.curSpeed)},sendPack:function(e,t,n){this.pushData(e,t,n),null===this.cycle&amp;amp;&amp;amp;this.startCycle()}}),i}),define(&quot;log/webb-exception&quot;,[&quot;require&quot;,&quot;log/webb&quot;],function(e){var t=e(&quot;log/webb&quot;),n=new t;return{keys:{},trigger:function(e,t){return this.keys[e]&amp;amp;&amp;amp;t&amp;amp;&amp;amp;t.st?(t.en=e,this.keys[e].data=t,n.sendNow(&quot;ex&quot;,t),!0):!1},on:function(e,t){this.keys[e]={option:t}}}}),define(&quot;log/webb-ia&quot;,[&quot;require&quot;,&quot;log/webb&quot;],function(e){var t,n,r=e(&quot;log/webb&quot;),i=(new Date).getTime(),o=0,a=null,s=function(e){e=e||{},t=t||new r(e.env),delete e.env,n=n||{},this.webb=t,this.group=0,this.start=null,this.stayTime=0,this.heartTime=[],this.heartTimer=null,this.scrollTimer=null,this.resizeTimer=null,this.flag=n,this.options={useAll:!1,useFocus:!1,useBlur:!1,useHeart:!1,useVsb:!1},this._init(e)};return $.extend(s.prototype,{send:function(e){e.t||(e.t=(new Date).getTime()),e.o=o,o+=1,e.g=this.group,this._setHistory(e),this.webb.sendPack(&quot;view&quot;,e)},sendNow:function(e){e.t||(e.t=(new Date).getTime()),e.o=o,o+=1,e.g=this.group,this._setHistory(e),this.webb.sendNow(&quot;view&quot;,e)},_init:function(e){this.start=i;for(var t in e)this.options[t]=e[t];this.group=this._getRandomNum()||0,this._initEvents()},_getRandomNum:function(){var e=89999*Math.random()+1e4;return e=parseInt(e,10)},_setHistory:function(e){if(e.type){var t=e.type,n=e.action?e.action:&quot;&quot;;&quot;w&quot;==t&amp;amp;&amp;amp;n&amp;amp;&amp;amp;(t=&quot;w_&quot;+n),a?a[t]?a[t]++:a[t]=1:(a={},a[t]=1)}},_sendFocusLog:function(){var e=this;e.send({type:&quot;w&quot;,action:&quot;focus&quot;,ext:{vsb:document.visibilityState?document.visibilityState:0}})},_sendBlurLog:function(){var e=this;e.send({type:&quot;w&quot;,action:&quot;blur&quot;,ext:{vsb:document.visibilityState?document.visibilityState:0}})},_sendVisibilitychangeLog:function(){var e=this;e.send({type:&quot;w&quot;,action:&quot;vsb&quot;,ext:{vsb:document.visibilityState?document.visibilityState:0}})},_initEvents:function(){var e=this,t=$(window);!e.options.useAll&amp;amp;&amp;amp;!e.options.useFocus||e.flag.focus||(t.bind(&quot;focus.webb_ia&quot;,function(){e._sendFocusLog()}),e.flag.focus=1),!e.options.useAll&amp;amp;&amp;amp;!e.options.useBlur||e.flag.blur||(t.bind(&quot;blur.webb_ia&quot;,function(){e._sendBlurLog()}),e.flag.blur=1),!e.options.useAll&amp;amp;&amp;amp;!e.options.useVsb||e.flag.vsb||($(document).bind(&quot;visibilitychange.webb_ia&quot;,function(){e._sendVisibilitychangeLog()}),e.flag.vsb=1),!e.options.useAll&amp;amp;&amp;amp;!e.options.useResize||e.flag.resize||(t.bind(&quot;resize.webb_ia&quot;,function(t){e.collectPoint(&quot;resize&quot;,t)}),e.flag.resize=1),!e.options.useAll&amp;amp;&amp;amp;!e.options.useHeart||e.flag.heart||(e.startHeart(),e.flag.heart=1),!e.options.useAll&amp;amp;&amp;amp;!e.options.useScroll||e.flag.scroll||(t.bind(&quot;scroll.webb_ia&quot;,function(t){e.collectPoint(&quot;scroll&quot;,t)}),e.flag.scroll=1)},destroy:function(){$(window).unbind(&quot;.webb_ia&quot;),null!==this.heartTimer&amp;amp;&amp;amp;clearTimeout(this.heartTimer),this.heartTimer=null,a=null,o=0,n=null,t.destroy(),t=null},fb:function(){var e,t=this.heartTime.length;return e=0===t||1===t?3e3:this.heartTime[t-1]+this.heartTime[t-2],this.heartTime.push(e),e},sendHeart:function(e){var t=(new Date).getTime(),n=0===e?this.stayTime:t-this.start,r={type:&quot;heart&quot;,stay_time:n,t:t};a&amp;amp;&amp;amp;(r.hist=a),this.sendNow(r)},startHeart:function(){var e=this,t=e.fb();e.stayTime+=t,e.heartTimer=setTimeout(function(){e.sendHeart(0),e.startHeart()},t)},collectPoint:function(e){function t(){i[r]=setTimeout(function(){i.send(n(e)),i[r]=null},1e3)}function n(e){if(&quot;scroll&quot;===e){var t=$(window),n=t.scrollTop(),r=t.scrollLeft();return{type:&quot;w&quot;,action:&quot;scroll&quot;,ext:{y:n,x:r}}}return&quot;resize&quot;===e?{type:&quot;w&quot;,action:&quot;resize&quot;,ext:{w:$(window).width(),h:$(window).height()}}:void 0}var r=e+&quot;Timer&quot;,i=this;null===i[r]&amp;amp;&amp;amp;t()}}),s}),define(&quot;log/webb-disp&quot;,[&quot;require&quot;,&quot;log/utils&quot;,&quot;log/webb&quot;],function(e){var t=e(&quot;log/utils&quot;),n=e(&quot;log/webb&quot;),r=function(e){var r={webb:new n,display:{},ExpirationTime:5e3,errCheckList:[&quot;base_sf&quot;],currentKey:&quot;&quot;,callBacks:{}};t.extend(r,e),t.extend(this,r)};return t.extend(r.prototype,{set:function(e,t){return e&amp;amp;&amp;amp;t?(this.currentKey=e,this.callBacks[e]=t,this.display[e]=t.call(this),this):void 0},sendDisp:function(e){e=e||(new Date).getTime();var t=this.currentKey,n=this;for(var r in this.display){if(n.errCheckList.indexOf(t)&amp;gt;-1){var i=this.display[r].size.doc.h||0;if(50&amp;gt;i){if((new Date).getTime()-e&amp;lt;this.ExpirationTime)setTimeout(function(){n.display[t]=n.callBacks[t].call(this),n.sendDisp(e)},2e3);else{var o={};o[t]={status:&quot;fail&quot;},this.webb.sendNow(&quot;disp&quot;,o)}return}}var a={};a[r]=this.display[r],a.t=(new Date).getTime(),this.webb.sendNow(&quot;disp&quot;,a),delete this.display[r]}return this}}),r}),page.on(&quot;ready&quot;,function(){require([&quot;log/webb-ia&quot;],function(e){window.webb=page.webb=page.webb||{},page.webb.ia=new e({useAll:!0})}),require([&quot;log/webb-disp&quot;],function(e){var t=$(&quot;.se-page-bd&quot;).find(&quot;.result&quot;);window.webb=window.webb||{},webb.disp=(new e).set(&quot;base&quot;,function(){var e={size:{doc:{w:$(document).width(),h:$(document).height()},wind:{w:$(window).width(),h:$(window).height()},scr:{w:screen.width,h:screen.height}},vsb:document.visibilityState?document.visibilityState:0};return e.num=t.length,e}).set(&quot;results&quot;,function(){var e=[];return t.length&amp;gt;0&amp;amp;&amp;amp;t.each(function(t,n){n=$(n);var r=n.height(),i=n.offset().top;e.push({order:n.attr(&quot;order&quot;)||0,top:i||0,height:r||0,tpl:n.attr(&quot;tpl&quot;)||&quot;&quot;,srcid:n.attr(&quot;srcid&quot;)||0,show:&quot;none&quot;==n.css(&quot;display&quot;)?0:1})}),e}).sendDisp()}),require([&quot;log/webb-exception&quot;],function(e){window.webb=window.webb||{},webb.exception=e,e.on(&quot;wiseasync&quot;),e.on(&quot;jserr&quot;),e.on(&quot;cndmointor&quot;),e.on(&quot;base_sf&quot;)})}),page.on(&quot;stop&quot;,function(){webb&amp;amp;&amp;amp;webb.ia&amp;amp;&amp;amp;webb.ia.destroy(),delete webb.ia}),define(&quot;log/js-error/ErrorUtils&quot;,[&quot;require&quot;,&quot;exports&quot;,&quot;module&quot;],function(e,t,n){function r(e){if(!e)return[];var t=e.split(/\n\n/)[0].replace(/[\(\)]|\[.*?\]|^\w+:\s.*?\n/g,&quot;&quot;).split(&quot;\n&quot;);return t=C(t,function(e){var t,n,r;e=e.trim(),/(:(\d+)(:(\d+))?)$/.test(e)&amp;amp;&amp;amp;(n=RegExp.$2,r=RegExp.$4,e=e.slice(0,-RegExp.$1.length)),(k.test(e)||/(.*)(@|\s)[^\s]+$/.test(e))&amp;amp;&amp;amp;(e=e.substring(RegExp.$1.length+1),t=/(at)?\s*(.*)([^\s]+|$)/.test(RegExp.$1)?RegExp.$2:&quot;&quot;);var i={identifier:t,script:e,line:n,column:r};return m&amp;amp;&amp;amp;m(i),i.text=&quot;    at&quot;+(i.identifier?&quot; &quot;+i.identifier+&quot; (&quot;:&quot; &quot;)+i.script+(i.line?&quot;:&quot;+i.line:&quot;&quot;)+(i.column?&quot;:&quot;+i.column:&quot;&quot;)+(i.identifier?&quot;)&quot;:&quot;&quot;),i})}function i(e){if(!e)return{};if(e._originalError)return e;var t=r(e.stackTrace||e.stack),n=!1;if(e.framesToPop){for(var i,o=e.framesToPop;o&amp;gt;0&amp;amp;&amp;amp;t.length&amp;gt;0;)i=t.shift(),o--,n=!0;x.test(e.message)&amp;amp;&amp;amp;2===e.framesToPop&amp;amp;&amp;amp;i&amp;amp;&amp;amp;y.test(i.script)&amp;amp;&amp;amp;(e.message+=&quot; at &quot;+i.script+(i.line?&quot;:&quot;+i.line:&quot;&quot;)+(i.column?&quot;:&quot;+i.column:&quot;&quot;)),delete e.framesToPop}var a={line:e.lineNumber||e.line,column:e.columnNumber||e.column,name:e.name,message:e.message,type:e.type,script:e.fileName||e.sourceURL||e.script,stack:C(t,function(e){return e.text}).join(&quot;\n&quot;),stackFrames:t,guard:e.guard,guardList:e.guardList,extra:e.extra,snapshot:e.snapshot};&quot;string&quot;!=typeof a.message&amp;amp;&amp;amp;(a.messageObject=a.message,a.message=String(a.message)),m&amp;amp;&amp;amp;m(a),n&amp;amp;&amp;amp;(delete a.script,delete a.line,delete a.column),t[0]&amp;amp;&amp;amp;(a.script=a.script||t[0].script,a.line=a.line||t[0].line,a.column=a.column||t[0].column),a._originalError=e;for(var s in a)null==a[s]&amp;amp;&amp;amp;delete a[s];return a}function o(e){if(E)return!1;A.length&amp;gt;0&amp;amp;&amp;amp;(e.guard=e.guard||A[0],e.guardList=A.slice()),e=i(e),$.length&amp;gt;T&amp;amp;&amp;amp;$.splice(T/2,1),$.push(e),E=!0;for(var t=0;t&amp;lt;S.length;t++)try{S[t](e)}catch(n){}return E=!1,!0}function a(){return O}function s(e){A.unshift(e),O=!0}function c(){A.shift(),O=0!==A.length}function u(e,t,n,r,a){s(a||v);var u,l=g.nocatch||/nocatch/.test(location.search);if(l){try{u=e.apply(t,n||[])}finally{c()}return u}try{return u=e.apply(t,n||[])}catch(d){var f=i(d);r&amp;amp;&amp;amp;r(f),e&amp;amp;&amp;amp;(f.callee=e.toString().substring(0,100)),n&amp;amp;&amp;amp;(f.args=Array.prototype.slice.call(n).toString().substring(0,100)),f.guard=A[0],f.guardList=A.slice(),o(f)}finally{c()}}function l(e,t,n){function r(){return u(e,n||this,arguments,null,t)}return t=t||e.name||w,r}function d(e,t,n,r,i){i=i||{},i.message=i.message||e,i.script=i.script||t,i.line=i.line||n,i.column=i.column||r,i.guard=b,i.guardList=[b],o(i)}function f(e,t){S.push(e),t||each($,e)}function p(e){m=e}function h(e,t){g[e]=t}var m,g={},v=&quot;&amp;lt;anonymous guard&amp;gt;&quot;,w=&quot;&amp;lt;generated guard&amp;gt;&quot;,b=&quot;&amp;lt;window.onerror&amp;gt;&quot;,y=/^https?:\/\//i,x=/^Type Mismatch for/,_=[&quot;Unknown script code&quot;,&quot;Function code&quot;,&quot;eval code&quot;],k=new RegExp(&quot;(.*?)(\\s)(?:&quot;+_.join(&quot;|&quot;)+&quot;)$&quot;),S=[],$=[],T=50,A=[],O=!1,E=!1,C=function(e,t){return e.map(t)};window.onerror=d;var q={ANONYMOUS_GUARD_TAG:v,GENERATED_GUARD_TAG:w,GLOBAL_ERROR_HANDLER_TAG:b,addListener:f,setSourceResolver:p,applyWithGuard:u,guard:l,history:$,inGuard:a,normalizeError:i,onerror:d,reportError:o,setConfig:h};n.exports=q}),require([&quot;log/js-error/ErrorUtils&quot;],function(e){&quot;use strict&quot;;var t=1,n=350,r=.001,i=&quot;&quot;,o=0,a=window.page&amp;amp;&amp;amp;page.comm&amp;amp;&amp;amp;page.comm.jsErrorReportConf;a&amp;amp;&amp;amp;a.sam&amp;amp;&amp;amp;(i=a.sam),a&amp;amp;&amp;amp;a.reportScale&amp;amp;&amp;amp;(r=a.reportScale),Math.random()&amp;gt;r||e.addListener(function(e){if(!(++o&amp;gt;t)){var r=e._originalError&amp;amp;&amp;amp;e._originalError.reportType||&quot;0&quot;,a={st:r,info:[e.name,e.message,e.stack.slice(0,n)].join(&quot;:&quot;)};i&amp;amp;&amp;amp;(a.sam=i),window.page&amp;amp;&amp;amp;page.webb&amp;amp;&amp;amp;page.webb.exception&amp;amp;&amp;amp;page.webb.exception.trigger(&quot;jserr&quot;,a)}})}),define(&quot;modules/transcode&quot;,[&quot;require&quot;,&quot;sfr&quot;],function(e){if($(document).delegate(&#039;div[tpl=&quot;www_normal&quot;] a,div[tpl=&quot;insp_normal&quot;] a&#039;,&quot;click&quot;,function(t){var n=$(this),r=n.attr(&quot;href&quot;),i=!1;if(r.match(/srd=1(.*)?dict=([2-3][0-9]|64|72)/)&amp;amp;&amp;amp;!r.match(&quot;h5ad=1&quot;)&amp;amp;&amp;amp;(r.match(&quot;m.baidu.com&quot;)||r.match(&quot;www.baidu.com&quot;))&amp;amp;&amp;amp;(!(page&amp;amp;&amp;amp;page.comm&amp;amp;&amp;amp;page.comm.superframe)||&quot;0&quot;!==page.comm.superframe.sf_enable&amp;amp;&amp;amp;&quot;0&quot;!==page.comm.superframe.sf_tc_enable)&amp;amp;&amp;amp;(i=!0)){var o=n.attr(&quot;href&quot;);o=o.match(/https?:\/\/[^\/]*(.*)/)[1]+&quot;&amp;amp;sfOpen=1&quot;;var a=1;e(&quot;sfr&quot;).action.redirect(o,null,{headStyle:a}),t.preventDefault()}}),&quot;https:&quot;==location.protocol){var t=&quot;https://ss0.baidu.com/6ONWsjip0QIZ8tyhnq/ps_default.gif&quot;,n=Date.now(),r=window[n]=new Image;r.onload=r.onerror=r.onabort=function(){r.onload=r.onerror=r.onabort=null,r=null},r.src=t}}),require([&quot;modules/transcode&quot;]),define(&quot;modules/velocity&quot;,[&quot;require&quot;],function(){function e(){a.end=+new Date,n(this.src,&quot;success&quot;)}function t(){a.end=+new Date,n(this.src,&quot;fail&quot;)}function n(e,t){var n=&quot;//m.baidu.com&quot;,r=[];r.push(&quot;time=&quot;+(a.end-a.start)),r.push(&quot;src=&quot;+e),r.push(&quot;state=&quot;+t),i({url:n,params:r})}function r(n){o=new Image,a.start=+new Date,o.onload=e,o.onerror=t,o.src=n}function i(e){var t=e.url,n=e.params.join(&quot;&amp;amp;&quot;);$.ajax({headers:{&quot;X-Bd-Bwsc&quot;:&quot;result&quot;},type:&quot;get&quot;,url:t+&quot;?&quot;+n})}var o,a={start:0,end:0};return{send:r}}),function(){page.on(&quot;afterload&quot;,function(){var e=Math.random();require([&quot;modules/velocity&quot;],function(t){.01&amp;gt;e&amp;amp;&amp;amp;(t.send(&quot;https://spdytest.baidu.com/static/clientcon_test.gif&quot;),t.send(&quot;https://spdytest1.baidu.com/static/clientcon_test.gif&quot;))})})}(),define(&quot;modules/tclink/tchlog&quot;,[&quot;require&quot;],function(){function e(){return m=document.body,g=0,v=0,w=0,b=0,y=0,_=0,k=0,S=0,$=0,T=0,A=&quot;none&quot;,O=0,E=0,C=&quot;none&quot;,q=124,t(),{getCkValue:d}}function t(){m.addEventListener(&quot;touchstart&quot;,n,!0),m.addEventListener(&quot;touchend&quot;,r,!0),m.addEventListener(&quot;touchmove&quot;,i,!0),window.addEventListener(&quot;scroll&quot;,a,!0)}function n(e){var t=e.touches.item(0);b=parseInt(t.pageX,10),y=parseInt(t.pageY,10),s(),g=p(e)}function r(e){v=p(e),w=v-g}function i(e){o(e)}function o(e){a(e)}function a(e){x||(x=!0,k=window.scrollY);var t=window.scrollY,n=Math.abs(t-_),r=u(_,t)||A,i=p(e);c(n,r)&amp;amp;&amp;amp;(i&amp;gt;$&amp;amp;&amp;amp;($=i),&quot;none&quot;===C&amp;amp;&amp;amp;(C=A,S=i),C!==A&amp;amp;&amp;amp;(l(),S=i,C=A)),_=t}function s(){x&amp;amp;&amp;amp;&quot;none&quot;!==C&amp;amp;&amp;amp;(l(),E=0,x=!1,A=&quot;none&quot;)}function c(e,t){return&quot;none&quot;===A&amp;amp;&amp;amp;(A=t),t!==A?(A=t,E=0):E+=e,E&amp;gt;R}function u(e,t){return t&amp;gt;e?&quot;up&quot;:e&amp;gt;t?&quot;down&quot;:!1}function l(){O++,T+=$-S,C=&quot;none&quot;}function d(){var e=q;if(e!==!1){var t=[e,w,b,y,O,T].join(&quot;.&quot;);return f(),t}return!1}function f(){O=0,T=0}function p(e){if(0!==e.timeStamp)return parseInt(e.timeStamp);var t=new Date;return t.getTime()}var h,m,g,v,w,b,y,x,_,k,S,$,T,A,O,E,C,q,R=10;return{init:function(){h=e()},getTouchValue:function(){return h.getCkValue()}}}),page.on(&quot;init&quot;,function(){require([&quot;modules/tclink/tchlog&quot;],function(e){e.init(),$(&quot;.search-page&quot;).on(&quot;touchstart&quot;,&quot;#results .result a, #results-top .result a&quot;,function(){var t=$(this),n=&quot;&amp;amp;tch=&quot;+e.getTouchValue(),r=t.attr(&quot;href&quot;);if(-1!==r.search(/\/tc\?.*&amp;amp;nsrc=/)){if(-1!==r.search(/&amp;amp;tch=/))var i=r.replace(/&amp;amp;tch=([^&amp;amp;]*)/,n);else var i=r.replace(/&amp;amp;nsrc=/,n+&quot;&amp;amp;nsrc=&quot;);t.attr(&quot;href&quot;,i)}})})}),define(&quot;modules/tclink/tc_speed&quot;,[&quot;require&quot;],function(){return{handleLog:function(){function e(e){var t=+new Date;return e.filter(function(e){return t-e.t&amp;lt;864e5}).filter(function(e){return e.w&amp;lt;14e11})}if(page.ls&amp;amp;&amp;amp;page.ls.enabled){$(document).delegate(&quot;a&quot;,&quot;click&quot;,function(){page.ls.setItem(&quot;tc_time_start&quot;,+new Date)}),page.ls.removeItem(&quot;tc_time_start&quot;);var t=page.ls.getItem(&quot;tc_time_log&quot;);if(t&amp;amp;&amp;amp;(page.ls.removeItem(&quot;tc_time_log&quot;),!(Math.random()&amp;gt;.008)||page.ls.getItem(&quot;test_tc_speed&quot;))){var n=e(JSON.parse(t));n.length&amp;amp;&amp;amp;page.log.send({ct:44,cst:0,clk_info:encodeURIComponent(JSON.stringify(n))})}}}}}),page.init(function(){require([&quot;modules/tclink/tc_speed&quot;],function(e){e.handleLog()})}),define(&quot;modules/tclink/process_url&quot;,[&quot;require&quot;],function(){function e(e,t){var n=e.attr(&quot;href&quot;),r=t.prefix,i=page.comm.query,o=n.indexOf(&quot;/tc?&quot;)&amp;gt;=0;e.attr(&quot;sftc&quot;),r&amp;amp;&amp;amp;n&amp;amp;&amp;amp;0==n.indexOf(r)&amp;amp;&amp;amp;(n=n.substring(r.length),1==page.comm._eclipse&amp;amp;&amp;amp;o&amp;amp;&amp;amp;n.indexOf(&quot;&amp;amp;eqid&quot;)&amp;lt;0&amp;amp;&amp;amp;(1==page.comm._eclipse_w&amp;amp;&amp;amp;(n=n.replace(/\/(w=[0-9]+_[0-9]+_)[^\/]+\//,&quot;/$1/&quot;)),n+=&quot;&amp;amp;eqid=&quot;+page.comm.eqid,e.attr(&quot;data-tc-redirect&quot;)||(n+=&quot;&amp;amp;wd=&quot;)),&quot;https:&quot;===location.protocol&amp;amp;&amp;amp;(0==n.indexOf(&quot;/baidu.php?&quot;)&amp;amp;&amp;amp;(r=&quot;https://m.baidu.com&quot;),n.indexOf(&quot;/l=1/&quot;)&amp;gt;=0&amp;amp;&amp;amp;n.indexOf(&quot;/srd=1/&quot;)&amp;lt;0&amp;amp;&amp;amp;n.indexOf(&quot;&amp;amp;wd=&quot;)&amp;lt;0&amp;amp;&amp;amp;!e.attr(&quot;data-tc-redirect&quot;)&amp;amp;&amp;amp;(n+=&quot;&amp;amp;wd=&quot;+i),o&amp;amp;&amp;amp;(r=&quot;https://m.baidu.com&quot;)),e.attr(&quot;href&quot;,r+n))}function t(){$(&quot;.search-page&quot;).on(&quot;touchstart&quot;,&quot;a&quot;,function(){var t=$(this);t.attr(&quot;href&quot;)&amp;amp;&amp;amp;e(t,{prefix:&quot;http://m.baidu.com&quot;})})}return{init:t}}),page.on(&quot;init&quot;,function(){require([&quot;modules/tclink/process_url&quot;],function(e){e.init()})}),define(&quot;modules/pager&quot;,[&quot;require&quot;],function(require){function init(){var setUrlParam=function(url,key,value){var oUrl=url.toString(),reg=eval(&quot;/(&quot;+key+&quot;=)([^&amp;amp;]*)/gi&quot;);if(reg.test(oUrl)){var nUrl=oUrl.replace(reg,key+&quot;=&quot;+value);return nUrl}return oUrl+&quot;&amp;amp;&quot;+key+&quot;=&quot;+value};$(&quot;.se-page-controller&quot;).on(&quot;touchstart&quot;,&quot;a&quot;,function(){if(window.ecom&amp;amp;&amp;amp;ecom.wise){var e=$(this).attr(&quot;href&quot;)||&quot;&quot;;ecom.wise.PARAMS&amp;amp;&amp;amp;ecom.wise.PARAMS.searchid&amp;amp;&amp;amp;(e=setUrlParam(e,&quot;adid&quot;,encodeURIComponent(ecom.wise.PARAMS.searchid))),$(this).attr(&quot;href&quot;,e)}})}return{init:init}}),page.on(&quot;afterload&quot;,function(){require([&quot;modules/pager&quot;],function(e){e.init()})}),define(&quot;modules/cdnMonitor&quot;,[&quot;require&quot;],function(){function e(){l=Math.random(),l&amp;gt;=.41&amp;amp;&amp;amp;.49&amp;gt;l&amp;amp;&amp;amp;r()}function t(){l&amp;gt;=.51&amp;amp;&amp;amp;.59&amp;gt;l&amp;amp;&amp;amp;(i(),o(),a(),s()),l&amp;gt;=.41&amp;amp;&amp;amp;.49&amp;gt;l&amp;amp;&amp;amp;setTimeout(c,3e3)}function n(){var e=Math.round(1e3*Math.random())%f.length;if(0!=e||&quot;https:&quot;!=location.protocol){var t=new Image,n=new Image,r=f[e];t.onload=function(){n.src=&quot;//www.baidu.com/nocache/fesplg/s.gif?url=&quot;+encodeURIComponent(r)+&quot;&amp;amp;time=&quot;+((new Date).getTime()-i)+&quot;&amp;amp;suc=1&amp;amp;type=aboard&amp;amp;dev=wise&amp;amp;protocol=&quot;+encodeURIComponent(location.protocol)+&quot;&amp;amp;ran=&quot;+(new Date).getTime()},t.onerror=function(){n.src=&quot;//www.baidu.com/nocache/fesplg/s.gif?url=&quot;+encodeURIComponent(r)+&quot;&amp;amp;time=&amp;amp;suc=0&amp;amp;type=aboard&amp;amp;dev=wise&amp;amp;protocol=&quot;+encodeURIComponent(location.protocol)+&quot;&amp;amp;ran=&quot;+(new Date).getTime()};var i=(new Date).getTime();t.src=r+&quot;?&amp;amp;ran=&quot;+(new Date).getTime()}}function r(){var e=$(&quot;.se-page-bd .result img&quot;);e.forEach(function(e){var t=e.onerror;e.onerror=function(){this.loaderror=!0,t&amp;amp;&amp;amp;t.apply(this)}})}function i(){var e=new Image;e.onload=function(){u(&quot;cdntestsuc&quot;)},e.onerror=function(){u(&quot;cdntesterr&quot;)},e.src=&quot;//ss0.bdstatic.com/5bd1bjqh_Q23odCf/static/wiseindex/img/w_icon2.png?ran&quot;}function o(){var e=new Image;e.onload=function(){u(&quot;cdngsstestsuc&quot;)},e.onerror=function(){u(&quot;cdngsstesterr&quot;)},e.src=&quot;//gss0.bdstatic.com/5bd1bjqh_Q23odCf/static/wiseindex/img/w_icon2.png?ran&quot;}function a(){var e=new Image;e.onload=function(){u(&quot;cdnidctestsuc&quot;)},e.onerror=function(){u(&quot;cdnidctesterr&quot;)},e.src=&quot;//m.baidu.com/logo.gif&quot;}function s(){var e=new Image;e.onload=function(){u(&quot;cdnss0bdtestsuc&quot;)},e.onerror=function(){u(&quot;cdnss0bdtesterr&quot;)},e.src=&quot;//ss0.baidu.com/5bd1bjqh_Q23odCf/static/wiseindex/img/w_icon2.png?ran&quot;}function c(){var e={},t=0,n={},r=$(&quot;.se-page-bd .result img[src]&quot;),i=&quot;se-img&quot;;r.forEach(function(e){if(e.loaderror===!0){t++;var r=e.src||&quot;&quot;,o=r.match(/\/\/([^\/]*)\//);o[1]&amp;amp;&amp;amp;(n[o[1]]=n[o[1]]||0,n[o[1]]++,0==o[1].indexOf(&quot;ss&quot;)&amp;amp;&amp;amp;(i=&quot;se-imgcdnerr&quot;))}}),t&amp;amp;&amp;amp;(e.host=n),e.unload=t,e.total=r.length,u(i,e)}function u(e,t){if(e){if(e.indexOf(&quot;suc&quot;)&amp;gt;-1){var n=Math.random();if(!(n&amp;gt;=.5&amp;amp;&amp;amp;.6&amp;gt;n))return}t=t||{},t.st=e;var r=&quot;&amp;amp;terminal=wise&quot;;for(var i in t)r+=&quot;&amp;amp;&quot;+i+&quot;=&quot;+t[i];var o=new Image;o.src=B.https.domain.get(d+r)}}var l,d=&quot;http://sestat.baidu.com/cm.gif?type=cdnmonitor&quot;,f=[&quot;//103.235.47.121/s.gif&quot;,&quot;//sptidchk.baidu.com/s.gif&quot;,&quot;//sptidcsfo.baidu.com/s.gif&quot;,&quot;//sptidcjp.baidu.com/s.gif&quot;,&quot;//sptidcsin.baidu.com/s.gif&quot;,&quot;//sptcdnhkg.baidu.com/nocache/s.gif&quot;,&quot;//sptcdnhkg.baidu.com/cache/s.gif&quot;,&quot;//sptcdnsfo.baidu.com/nocache/s.gif&quot;,&quot;//sptcdnsfo.baidu.com/cache/s.gif&quot;,&quot;//sptcdnsin.baidu.com/nocache/s.gif&quot;,&quot;//sptcdnsin.baidu.com/cache/s.gif&quot;,&quot;//sptcdnhome.baidu.com/r/www/nocache/imgdata/sp613.gif&quot;,&quot;//sptcdnhome.baidu.com/r/www/cache/sp/az.gif&quot;];return{afterload:t,ready:e,foreignTest:n}}),location.protocol.indexOf(&quot;https&quot;)&amp;gt;-1&amp;amp;&amp;amp;(page.on(&quot;ready&quot;,function(){require([&quot;modules/cdnMonitor&quot;],function(e){e.ready()})}),page.on(&quot;afterload&quot;,function(){require([&quot;modules/cdnMonitor&quot;],function(e){e.afterload()})})),&quot;70&quot;==B.comm.bfe_sample&amp;amp;&amp;amp;page.on(&quot;afterload&quot;,function(){require([&quot;modules/cdnMonitor&quot;],function(e){e.foreignTest()})}),define(&quot;modules/ecomMonitor&quot;,[&quot;require&quot;],function(){function e(){r=new RegExp(&quot;(&quot;+i.join(&quot;|&quot;)+&quot;)&quot;),t()}function t(){var e=$(&quot;img[src]&quot;);o=[],e.forEach(function(e){if(e.src&amp;amp;&amp;amp;e.src.match(r)){var t=new Image;t.st=(new Date).getTime(),t.onload=function(){t.end=(new Date).getTime()},t.onerror=function(){t.end=-1},t.orisrc=e.src,t.src=e.src+&quot;?ran=&quot;+t.st,o.push(t)}}),o.length&amp;amp;&amp;amp;setTimeout(n,3e3)}function n(){var e=[];o.forEach(function(t){var n=&quot;&quot;;n=-1==t.end?&quot;-1&quot;:t.end?t.end-t.st:&quot;-2&quot;,e.push(t.orisrc+&quot;#&quot;+n)}),e=e.join(&quot;##&quot;),B.log.send({ct:58,cst:1,clk_extra:encodeURIComponent(e)})}var r,i=[&quot;i1.baidu.com&quot;,&quot;i2.baidu.com&quot;,&quot;i3.baidu.com&quot;,&quot;t1.baidu.com&quot;,&quot;t2.baidu.com&quot;,&quot;t3.baidu.com&quot;,&quot;ss1.baidu.com/73N1bjeh1BF3odCf&quot;,&quot;ss2.baidu.com/73Z1bjeh1BF3odCf&quot;,&quot;ss3.baidu.com/73V1bjeh1BF3odCf&quot;,&quot;ss0.baidu.com/6ON1bjeh1BF3odCf&quot;,&quot;ss1.baidu.com/6OZ1bjeh1BF3odCf&quot;,&quot;ss2.baidu.com/6OV1bjeh1BF3odCf&quot;],o=[];return{afterload:e}}),page.on(&quot;afterload&quot;,function(){ran=Math.random(),ran&amp;gt;=.48&amp;amp;&amp;amp;.49&amp;gt;ran&amp;amp;&amp;amp;require([&quot;modules/ecomMonitor&quot;],function(e){e.afterload()})}),define(&quot;modules/commonNetworkTest&quot;,[&quot;require&quot;],function(){function e(e){var t=&quot;//www.baidu.com/nocache/fesplg/s.gif?log_type=hm&amp;amp;type=wise_bbr_test&amp;amp;&quot;,n=e.join(&quot;&amp;amp;&quot;),r=new Image,i=&quot;_HM_LOG_&quot;+(new Date).getTime();r.onload=function(){delete window[i]},window[i]=r,r.src=t+n}var t={};return Math.random(),t.preConnect=function(e){for(var t=0;t&amp;lt;e.length;t++){var n=new Image;n.src=e[t]}},t.runNetworkTest=function(t){function n(){for(var t in r)!function(e){var t=&quot;_NETWORK_LOG_&quot;+e+&quot;_&quot;+ +new Date,n=new Image,u=new Date;c[e]=$.Deferred(),s.push(c[e]),n.onload=function(){a.push(e+&quot;_&quot;+o+&quot;=&quot;+(new Date-u)),c[e].resolve(),delete window[t]},n.onerror=function(){a.push(e+&quot;_&quot;+o+&quot;=&quot;+(new Date-u)),c[e].resolve(),delete window[t]},n.src=r[e]+i[o]+&quot;?type=&quot;+e+&quot;&amp;amp;_t=&quot;+ +new Date}(t);var n=$.when.apply($,s);n.always(function(){e(a)})}var r=t.testUrlList,i=t.testFileList,o=Math.floor(Math.random()*i.length),a=[],s=[],c={};setTimeout(n,3e3)},t}),page.on(&quot;ready&quot;,function(){var e=Math.random();e&amp;gt;=.1&amp;amp;&amp;amp;.105&amp;gt;e&amp;amp;&amp;amp;require([&quot;modules/commonNetworkTest&quot;],function(e){e.preConnect([&quot;https://gst0.baidu.com/nocache/zw0.gif&quot;,&quot;https://gst1.baidu.com/nocache/zw0.gif&quot;]),e.runNetworkTest({testUrlList:{gst0:&quot;https://gst0.baidu.com/nocache/&quot;,gst1:&quot;https://gst1.baidu.com/nocache/&quot;},testFileList:[&quot;zw10.gif&quot;,&quot;zw20.gif&quot;,&quot;zw50.gif&quot;,&quot;zw100.gif&quot;]})})}),page.one(&quot;afterload&quot;,function(){$(&quot;.feedback&quot;).one(&quot;click.feedback&quot;,function(){require([&quot;modules/feedback/feedback&quot;],function(e){e.init()})})}),require([&quot;modules/feedback/feedback&quot;],function(e){page.comm.feedbackAla=e.alaInit}),define(&quot;modules/activityEgg&quot;,[&quot;require&quot;],function(){function e(){this.container=$(&quot;.search-page&quot;)}return e.prototype.run=function(){var e=this;e.init&amp;amp;&amp;amp;page.one(&quot;init&quot;,function(){e.init()}),e.destroy&amp;amp;&amp;amp;page.one(&quot;destroy&quot;,function(){e.destroy()}),e.attach&amp;amp;&amp;amp;page.one(&quot;attach&quot;,function(){e.attach()}),e.detach&amp;amp;&amp;amp;page.one(&quot;detach&quot;,function(){e.detach()})},e}),define(&quot;modules/psEvent&quot;,[&quot;require&quot;],function(){function e(){}return e.prototype.set=function(e,t,n){return e&amp;amp;&amp;amp;t&amp;amp;&amp;amp;n?e[t]?e[t]:(e[t]=n,n):!1},e.prototype.get=function(e,t){return e&amp;amp;&amp;amp;t?e[t]?e[t]:null:!1},e}),require([&quot;modules/psEvent&quot;],function(e){var t=new e;page.utils=page.utils||{},page.utils.getEventSignature=function(e){return e&amp;amp;&amp;amp;page.comm.domLoadingTime?t.set(e,&quot;psSignature&quot;,new Date-page.comm.domLoadingTime):0}}),!function(){if(B&amp;amp;&amp;amp;B.comm&amp;amp;&amp;amp;B.comm.sids&amp;amp;&amp;amp;-1!==B.comm.sids.indexOf(&quot;108670&quot;)){var e=&#039;&amp;lt;iframe style=&quot;display:none&quot; frameborder=0 width=0 height=0 marginheight=0 marginwidth=0 scrolling=no src=&quot;https://mipcache.bdstatic.com/static/prefetch.html&quot;&amp;gt;&amp;lt;/iframe&amp;gt;&#039;;$(&quot;body&quot;).append(e)}}(),define(&quot;modules/mip/page&quot;,[&quot;require&quot;],function(){function e(){clearTimeout(i),i=setTimeout(function(){var e=document.body.scrollTop,n=e+$(window).height();r.filter(&#039;[data-sf-mip-preload=&quot;0&quot;]&#039;).filter(function(){var t=$(this).offset().top;return t&amp;gt;e&amp;amp;&amp;amp;n&amp;gt;t}).each(function(){t.loadDom($(this))})},300)}var t={},n={};t.loadHtml=function(e){if(!n[e]){var t=new $.Deferred,r=new Image;$(r).on(&quot;load error&quot;,function(){t.resolve(e)}),r.src=e,n[e]=t}return n[e]},t.getStatus=function(e){return n[e]?4===n[e].readyState?2:1:0},t.loadDom=function(e){var n=e.data(&quot;sf-href&quot;),r=n.match(/&amp;amp;ext=([^&amp;amp;]+)&amp;amp;/);if(!r)return!1;try{r=JSON.parse(decodeURIComponent(r[1]))}catch(i){return console.warn(&quot;ext parse error&quot;,i),!1}var o=decodeURIComponent(r.url);if(!o)return!1;e.data(&quot;sf-mip-preload&quot;,1);var a=t.loadHtml(o);a.always(function(){e.data(&quot;sf-mip-preload&quot;,2)})},t.isMipDom=function(e){var t=e.data(&quot;sf-href&quot;);return t?t.indexOf(&quot;&amp;amp;pd=mms_mip&amp;amp;actname=act_sf_mip&quot;)&amp;gt;0:void 0};var r,i;return t.start=function(n){n.on(&quot;afterload&quot;,function(){r=$(&quot;a[data-sf-href]&quot;).filter(function(){return t.isMipDom($(this))}).data(&quot;sf-mip-preload&quot;,0),$(document).on(&quot;scroll&quot;,e),e()}),n.on(&quot;stop&quot;,function(){clearTimeout(i),$(document).off(&quot;scroll&quot;,e)})},t}),define(&quot;modules/mip/entrance&quot;,[&quot;require&quot;,&quot;modules/mip/page&quot;],function(e){function t(e){var t=e.attr(&quot;data-sf-href&quot;)||&quot;&quot;;return t.match(new RegExp(&quot;^/sf?.*&amp;amp;tn=normal&amp;amp;pd=mms_mip&amp;amp;actname=act_sf_mip&quot;))?t:!1}function n(e,t){try{return decodeURIComponent(e.match(new RegExp(&quot;[?&amp;amp;]&quot;+t+&quot;=([^&amp;amp;]+)&quot;))[1])}catch(n){return null}}function r(e){var t=&quot;//mipcache.bdstatic.com/&quot;;if(0!==e.indexOf(t))return!1;var n=e.slice(t.length),r=encodeURIComponent(n);r=r.replace(/%2F/g,&quot;/&quot;);for(var i=0;i&amp;lt;r.length;i++){var o=r.charAt(i),a=r.charAt(i+1);if(&quot;/&quot;!==o||&quot;/&quot;===a)for(;&quot;/&quot;===r.charAt(i)&amp;amp;&amp;amp;i&amp;lt;r.length;)r=r.slice(0,i)+&quot;%2F&quot;+r.slice(i+1),i+=3}return&quot;/&quot;+r}function i(e,t){var r=page&amp;amp;&amp;amp;page.comm&amp;amp;&amp;amp;page.comm.sampleval&amp;amp;&amp;amp;page.comm.sampleval.WISE_TPL_COMMON_SAMPLE_FLAG;if(&quot;sf-mip-service-tc&quot;===r){var i=t.attr(&quot;data-sf-options&quot;);try{i=JSON.parse(i)}catch(o){}if(i&amp;amp;&amp;amp;i.encUrl){var a=t.attr(&quot;href&quot;)||&quot;&quot;;&quot;https:&quot;===location.protocol&amp;amp;&amp;amp;(a=a.replace(/^http:/,&quot;https:&quot;)),a=a.replace(/nsrc=[^&amp;amp;]+/,&quot;nsrc=&quot;+i.encUrl);var s={};try{s=JSON.parse(n(a,&quot;clk_info&quot;))}catch(o){s={}}return s.sig=page.utils.getEventSignature(e),a=a.replace(/clk_info=[^&amp;amp;]+/,&quot;clk_info=&quot;+encodeURIComponent(JSON.stringify(s))),i.tcUrl=a,t.attr(&quot;data-sf-options&quot;,JSON.stringify(i)),!0}}}function o(e,t){var n=page&amp;amp;&amp;amp;page.comm&amp;amp;&amp;amp;page.comm.sampleval&amp;amp;&amp;amp;page.comm.sampleval.WISE_TPL_COMMON_SAMPLE_FLAG;if(&quot;sf-mip-service-tc&quot;===n){var r=t.attr(&quot;data-sf-href&quot;)||&quot;&quot;;return r=r.replace(/^\/sf/,&quot;/mip&quot;),t.attr(&quot;data-sf-href&quot;,r),i(e,t)}}function a(e){var a=$(e.target);a.is(&quot;a&quot;)||(a=a.closest(&quot;a&quot;));var s=t(a);if(!s&amp;amp;&amp;amp;a){var c=a.attr(&quot;data-sf-href&quot;);return void(c&amp;amp;&amp;amp;c.match(/^\/mip/)&amp;amp;&amp;amp;i(e,a))}if(!o(e,a)){var u=(page&amp;amp;&amp;amp;page.comm&amp;amp;&amp;amp;page.comm.sampleval&amp;amp;&amp;amp;page.comm.sampleval.WISE_TPL_COMMON_SAMPLE_FLAG,a.data(&quot;sf-options&quot;)),l={};try{l=JSON.parse(n(s,&quot;ext&quot;)||&quot;{}&quot;)}catch(d){l={}}var f=n(s,&quot;title&quot;),p=decodeURIComponent(l.url),h=r(p);if(h){var m=window.page&amp;amp;&amp;amp;page.comm&amp;amp;&amp;amp;page.comm.superframe&amp;amp;&amp;amp;page.comm.superframe.sf_mip_enable;m=parseInt(m,10),0!==m&amp;amp;&amp;amp;(a.data(&quot;sf-href&quot;,&quot;/mip&quot;+h),u.title=f,u.lid=n(s,&quot;lid&quot;),a.data(&quot;sf-options&quot;,JSON.stringify(u)))}}}var s=e(&quot;modules/mip/page&quot;);page.on(&quot;init&quot;,function(){window.page&amp;amp;&amp;amp;page.comm&amp;amp;&amp;amp;page.comm.sampleval&amp;amp;&amp;amp;page.comm.sampleval.WISE_TPL_COMMON_SAMPLE_FLAG,$(&quot;a[data-sf-href]&quot;).filter(function(){return s.isMipDom($(this))}).length&amp;gt;0&amp;amp;&amp;amp;((new Image).src=&quot;//mipcache.bdstatic.com/static/az.gif?_=&quot;+ +new Date),document.body.removeEventListener(&quot;click&quot;,a,!0),document.body.addEventListener(&quot;click&quot;,a,!0)})}),require([&quot;modules/mip/entrance&quot;]),page.on(&quot;ready&quot;,function(){require([&quot;uiamd/bdbox/util&quot;],function(e){e.setSearchIdToBox()})}),define(&quot;modules/tagsearch&quot;,[&quot;require&quot;,&quot;fusion/b-scroll/b-scroll&quot;,&quot;fusion/b-toast/b-toast&quot;],function(e){&quot;use strict&quot;;var t=(e(&quot;fusion/b-scroll/b-scroll&quot;),e(&quot;fusion/b-toast/b-toast&quot;),[&quot;search&quot;,&quot;ls&quot;,&quot;tsearch_guide&quot;]),n=&quot;tgs_clk&quot;,r={_version:&quot;1.0&quot;,init:function(){this.updateParams(),this.checkIsHasData()&amp;amp;&amp;amp;this.bindEvent()},checkIsHasData:function(){return 0!==this.tsSearchWrapper.length&amp;amp;&amp;amp;0!==this.tsSearchItem},updateParams:function(){this.TSITEMSELECTOR=&quot;a.tagSearch-top-item&quot;,this.TSITEMTARGETSELECTOR=&quot;a.tagSearch-top-item.tagSearch-top-item-select&quot;,this.TSITEMTARGETCLASSNAME=&quot;tagSearch-top-item-select&quot;,this.tsSearchWrapper=$(&quot;#tagSearch&quot;),this.tsSearchItem=this.tsSearchWrapper.find(&quot;.tagSearch-top-item&quot;),this.tsToast=this.tsSearchWrapper.find(&quot;.tagSearch-top-toast&quot;)},bindEvent:function(){this.tsSearchWrapper.on(&quot;click&quot;,this.TSITEMSELECTOR,$.proxy(this.clickTagFireSearch,this)),this.noviceBoot()},clickTagFireSearch:function(e){var t=$(e.target),r=t.hasClass(this.TSITEMTARGETCLASSNAME);r?t.removeClass(this.TSITEMTARGETCLASSNAME):t.addClass(this.TSITEMTARGETCLASSNAME);var i=page.utils.link.getSearchUrl(decodeURIComponent(page.comm.query),{sel_tags:encodeURIComponent(this.getCurrentSelectTags()),sa:n});r?t.addClass(this.TSITEMTARGETCLASSNAME):t.removeClass(this.TSITEMTARGETCLASSNAME),location.href=i,e.stopPropagation(),e.preventDefault()},getCurrentSelectTags:function(){var e=$(this.TSITEMTARGETSELECTOR),t=[];return e.length&amp;amp;&amp;amp;$.each(e,function(e,n){t.push($(n).text().trim())}),t.join(&quot;|&quot;)},noviceBoot:function(){var e=this;e.isAlreadyGuide()||1!==this.tsSearchWrapper.find(this.TSITEMTARGETSELECTOR).length||(this.tsToast.get(0).fusion.open(),this.setAlreadyGuide())},setAlreadyGuide:function(){var e=page.utils.ls;return e.enabled?void e.set(t[0],t[1],t[2],&quot;1&quot;):!1},isAlreadyGuide:function(){var e=page.utils.ls;return e.enabled&amp;amp;&amp;amp;&quot;1&quot;===e.get(t[0],t[1],t[2])?!0:!1}};return r}),require([&quot;modules/tagsearch&quot;],function(e){page.on(&quot;init&quot;,function(){e.init()})}),page.on(&quot;afterload&quot;,function(){if(0!==$(&quot;.vc-summertips-container&quot;).length&amp;amp;&amp;amp;Box.isBox){var e=/sbxiadouqid\=(.*?)(&amp;amp;|$)/.exec(window.location.search);e&amp;amp;&amp;amp;e.length&amp;gt;1&amp;amp;&amp;amp;e[1]&amp;amp;&amp;amp;require([&quot;modules/summertips/summertips&quot;],function(e){e()})}});&lt;/script&gt;&lt;script type=&quot;text/javascript&quot; src=&quot;//m.baidu.com/static/searchbox/openjs/share.js?v=1.2&quot;&gt;&lt;/script&gt;&lt;script data-require-id=&quot;uiamd/bdbox/util&quot; src=&quot;//m.baidu.com/se/./static/js/uiamd/bdbox/util_e4c87fb.js&quot; async=&quot;&quot;&gt;&lt;/script&gt;&lt;script data-require-id=&quot;fusion/deps/naboo&quot; src=&quot;//m.baidu.com/se/./static/js/fusion/deps/naboo_a0624f6.js&quot; async=&quot;&quot;&gt;&lt;/script&gt;&lt;script data-require-id=&quot;fusion/deps/spark&quot; src=&quot;//m.baidu.com/se/./static/js/fusion/deps/spark_10e7396.js&quot; async=&quot;&quot;&gt;&lt;/script&gt;&lt;script data-require-id=&quot;fusion/deps/fusion.best&quot; src=&quot;//m.baidu.com/se/./static/js/fusion/deps/fusion.best_5bb531c.js&quot; async=&quot;&quot;&gt;&lt;/script&gt;&lt;script data-require-id=&quot;pmd/deps/detect&quot; src=&quot;//m.baidu.com/se/./static/pmd/pmd/deps/detect_c8b750a.js&quot; async=&quot;&quot;&gt;&lt;/script&gt;&lt;script data-require-id=&quot;pmd/share/share&quot; src=&quot;//m.baidu.com/se/./static/pmd/pmd/share/share_cc26fe3.js&quot; async=&quot;&quot;&gt;&lt;/script&gt;&lt;script data-require-id=&quot;modules/feedback/feedback&quot; src=&quot;//m.baidu.com/se/./static/js/modules/feedback/feedback_b847024.js&quot; async=&quot;&quot;&gt;&lt;/script&gt;&lt;script data-require-id=&quot;fusion/b-scroll/b-scroll&quot; src=&quot;//m.baidu.com/se/./static/js/fusion/b-scroll/b-scroll_4463064.js&quot; async=&quot;&quot;&gt;&lt;/script&gt;&lt;script data-require-id=&quot;fusion/b-toast/b-toast&quot; src=&quot;//m.baidu.com/se/./static/js/fusion/b-toast/b-toast_245ba0b.js&quot; async=&quot;&quot;&gt;&lt;/script&gt;&lt;script data-version=&quot;sugjs_3273921&quot;&gt;!function(){function htmlEncode(e){var t={&quot;&amp;amp;&quot;:&quot;&amp;amp;amp;&quot;,&quot;&amp;lt;&quot;:&quot;&amp;amp;lt;&quot;,&quot;&amp;gt;&quot;:&quot;&amp;amp;gt;&quot;,&#039;&quot;&#039;:&quot;&amp;amp;quot;&quot;,&quot;&#039;&quot;:&quot;&amp;amp;#39;&quot;},s=function(e){return t[e]};return e.replace(/[&amp;amp;&amp;lt;&amp;gt;&quot;&#039;]/g,s)}function getCurrentRelativeUrl(){return location.pathname+location.search+location.hash}var samTabmovdown=0;page&amp;amp;&amp;amp;page.comm&amp;amp;&amp;amp;1==page.comm.tabSampling&amp;amp;&amp;amp;(samTabmovdown=1);var samTabmovdown_21=0;page&amp;amp;&amp;amp;page.comm&amp;amp;&amp;amp;1==page.comm.tabSampling_21&amp;amp;&amp;amp;(samTabmovdown_21=1);var samUseNewIs=window.page&amp;amp;&amp;amp;page.comm&amp;amp;&amp;amp;page.comm.useNewIs,commonBase=$(&quot;#commonBase&quot;),c_sugsid=B.comm.sugsid,c_tanet=B.comm.tanet,c_osid=B.comm.osid,c_spd=B.comm.spd,c_lid=B.comm.lid,c_pwd=&quot;&quot;,config={checkInterval:300,sugNum:6,sugBaseUrl:&quot;//m.baidu.com/su?pre=1&amp;amp;p=3&amp;amp;ie=utf-8&amp;amp;json=1&amp;amp;from=wise_web&quot;+(c_sugsid?&quot;&amp;amp;sugsid=&quot;+c_sugsid:&quot;&quot;)+&quot;&amp;amp;net=&quot;+c_tanet+&quot;&amp;amp;os=&quot;+c_osid+&quot;&amp;amp;sp=&quot;+c_spd,hisBaseUrl:&quot;//m.baidu.com/his?callback=?&amp;amp;type=3&amp;amp;pic=1&quot;+(c_lid?&quot;&amp;amp;lid=&quot;+c_lid:&quot;&quot;),hisDeleteUrl:&quot;/user/ajax/history/delete&quot;,hisClearUrl:&quot;/user/ajax/history/clear&quot;,sugScriptId:&quot;sug&quot;,hisStorageNum:6,defSiteIconUrl:&quot;//m.baidu.com/static/index/siteDef.png&quot;,defAppIconUrl:&quot;//m.baidu.com/static/index/appDef.png&quot;,defAtIconUrl:&quot;//m.baidu.com/static/index/atDef.png&quot;,tcUrl:&quot;//m.baidu.com/tc?l=1&amp;amp;&quot;,hisMoreUrl:&quot;//m.baidu.com/user/history/list?u=&quot;,hisSetUrl:&quot;//m.baidu.com/userbox?action=config&amp;amp;model=user&amp;amp;ori=sug&amp;amp;u=&quot;,hisGraphUrl:-1===location.protocol.indexOf(&quot;https&quot;)?&quot;//graph.baidu.com/resource/$sign$_0.jpg&quot;:&quot;//sp0.baidu.com/-aYHfD0a2gU2pMbgoY3K/resource/$sign$_0.jpg&quot;,hisGraphHerf:&quot;http://graph.baidu.com/s?&quot;},status={isRequesting:!1,isHisRecommend:!1,isSuccess:!1,sugWinMoved:!1,sugClosed:!1,isFocus:!1,isHissyn:B.comm.pid,isGetHis:!0,bearIconShow:!0,isOpenHis:B.comm.upshis},sugCache={},timeoutCache={},prefetchpromise=0,prefetchpromisetimer=null,hisRecommend=null,beforeLeaveQuery=null,sugObj={wrap:&quot;suggest-div&quot;,sug:&quot;sug&quot;,his:&quot;his&quot;,touch:&quot;touched&quot;,sugEdit:&quot;sug-edit&quot;},preventEvent=function(e){return e.preventDefault&amp;amp;&amp;amp;e.preventDefault(),e.stopPropagation&amp;amp;&amp;amp;e.stopPropagation(),!1};config.preratio=[.3,.02];var prewait=!0;return window.baidu=window.baidu||{},$.sug=function(e){var t=this,s=$(e.inputid);&quot;1&quot;!=s.attr(&quot;data-sug&quot;)&amp;amp;&amp;amp;(s.attr(&quot;data-sug&quot;,&quot;1&quot;),$.extend(t,{doms:{wrap:$(e.wrapid),input:$(e.inputid),reset:$(e.resetid),bn:$(e.buttonid)},isUpdate:!1,isOperAt:!1,lastKw:$(e.inputid).val()||&quot;&quot;,needHis:e.needHis,record:e.record,sa:e.sa,w:e.w,hisShow:&quot;0&quot;,sugShow:&quot;0&quot;,recShow:&quot;0&quot;,publicArgu:e.publicArgu,iHeight:e.iHeight||&quot;66px&quot;,dHeight:e.dHeight||&quot;45px&quot;}),t.init())},$.sug.prototype={reinit:function(e){$.extend(this,e||{})},init:function(){var e=this;e.DOMprepared(),e.attchEvent();B.comm.sids||&quot;&quot;;e.spa=0!=B.comm.spa?!0:!1,status.isHissyn||status.isHisRecommend||(B.on?(B.on(&quot;afterload&quot;,function(){e.setHisRecommend()}),B.on(&quot;stop&quot;,function(){status.isHisRecommend=!1})):e.setHisRecommend())},update:function(){if(this.isUpdate)if(status.isHissyn){var e=encodeURIComponent(location.toString());$(&quot;.suggest-control-more a&quot;).attr(&quot;href&quot;,config.hisMoreUrl+e),$(&quot;.suggest-control-set a&quot;).attr(&quot;href&quot;,config.hisSetUrl+e)}else this.setHisRecommend();this.isUpdate=!0},setHisRecommend:function(e){var t=this,s=t.getHis(&quot;&quot;),n=B.comm.pid;status.isHissyn?1==status.isOpenHis?e?t.sendHisRequest(s,n):t.getSug(&quot;&quot;):(t.cl(),t.hd()):status.isHisRecommend?t.getSug(&quot;&quot;):(status.isHisRecommend=!0,t.sendHisRequest(s))},sendHisRequest:function(e,t){for(var s=this,n=[],a=0,i=e.length;i&amp;gt;a;a++)n.push({kw:e[a].kw,time:parseInt(e[a].time/1e3)});var r=B.comm.hissid,o=B.comm.tanet;$.ajax({type:&quot;GET&quot;,url:config.hisBaseUrl+&quot;&amp;amp;net=&quot;+o+(r?&quot;&amp;amp;hissid=&quot;+r:&quot;&quot;)+(t?&quot;&amp;amp;pid=&quot;+t:&quot;&quot;)+(n.length?&quot;&amp;amp;hisdata=&quot;+encodeURIComponent(JSON.stringify(n)):&quot;&quot;),dataType:&quot;jsonp&quot;,success:function(e){status.isHissyn?(0==e.errno&amp;amp;&amp;amp;e.his&amp;amp;&amp;amp;e.his.length&amp;gt;0?(hisRecommend={s:e&amp;amp;&amp;amp;e.his},e.type&amp;amp;&amp;amp;e.type.length&amp;gt;0&amp;amp;&amp;amp;(hisRecommend.type=e.type),e.src&amp;amp;&amp;amp;e.src.length&amp;gt;0&amp;amp;&amp;amp;(hisRecommend.src=e.src),e.vals&amp;amp;&amp;amp;e.vals.length&amp;gt;0&amp;amp;&amp;amp;(hisRecommend.vals=e.vals)):hisRecommend={s:[]},status.isGetHis=!1,s.getSug(&quot;&quot;)):hisRecommend=0==e.errno&amp;amp;&amp;amp;e.his&amp;amp;&amp;amp;e.his.length&amp;gt;0?{s:e&amp;amp;&amp;amp;e.his}:null},error:function(){status.isHissyn&amp;amp;&amp;amp;(hisRecommend={s:[]},status.isGetHis=!1,s.getSug(&quot;&quot;))}})},DOMprepared:function(){var e=this;e.sugDiv=$(&quot;&amp;lt;div&amp;gt;&amp;lt;/div&amp;gt;&quot;).attr(&quot;class&quot;,sugObj.wrap),e.sugClose=$(&quot;&amp;lt;div&amp;gt;&amp;lt;/div&amp;gt;&quot;).html(&quot;关闭&quot;).attr(&quot;class&quot;,&quot;suggest-close&quot;),e.sugTitle=$(&quot;&amp;lt;div&amp;gt;&amp;lt;/div&amp;gt;&quot;).attr(&quot;class&quot;,&quot;suggest-title&quot;),e.sugAt=$(&quot;&amp;lt;div&amp;gt;&amp;lt;/div&amp;gt;&quot;).attr(&quot;class&quot;,&quot;suggest-at&quot;).html(&quot;直达号&quot;),e.sugDirect=$(&quot;&amp;lt;div&amp;gt;&amp;lt;/div&amp;gt;&quot;).attr(&quot;class&quot;,&quot;suggest-direct&quot;),e.sugPanel=$(&quot;&amp;lt;div&amp;gt;&amp;lt;/div&amp;gt;&quot;).attr(&quot;class&quot;,&quot;suggest-panel&quot;),e.sugContent=$(&quot;&amp;lt;div&amp;gt;&amp;lt;/div&amp;gt;&quot;).attr(&quot;class&quot;,&quot;suggest-content&quot;),e.setSugOper(),e.sugLogo=$(&quot;&amp;lt;div&amp;gt;&amp;lt;/div&amp;gt;&quot;).attr(&quot;class&quot;,&quot;suggest-logo&quot;),samTabmovdown&amp;amp;&amp;amp;!samTabmovdown_21?e.sugTitle.append(e.setHisControl()).append(e.sugAt):e.sugTitle.append(e.sugLogo).append(e.setHisControl()).append(e.sugAt),e.sugPanel.append(e.sugContent).append(e.sugOper),e.sugDiv.append(e.sugDirect).append(e.sugPanel).append(e.sugTitle).append(e.sugClose),e.doms.wrap.append(e.sugDiv),e.form=e.doms.wrap.parents(&quot;form&quot;),e.page=&quot;i&quot;==e.form.attr(&quot;data-formposition&quot;)?&quot;index&quot;:&quot;search&quot;,e.hd()},setHisControl:function(){var e=this,t=$(&quot;&amp;lt;div&amp;gt;&quot;).attr(&quot;class&quot;,&quot;suggest-control&quot;),s=e.getIconPre(),n=encodeURIComponent(location.toString());if(status.isHissyn){var a=$(&#039;&amp;lt;div class=&quot;suggest-control-more&quot;&amp;gt;&amp;lt;a href=&#039;+config.hisMoreUrl+n+&#039;&amp;gt;&amp;lt;i class=&quot;&#039;+s+&#039;logo&quot;&amp;gt;&amp;lt;/i&amp;gt;查看更多历史&amp;lt;/a&amp;gt;&amp;lt;/div&amp;gt;&#039;),i=$(&#039;&amp;lt;div class=&quot;suggest-control-set&quot;&amp;gt;&amp;lt;a href=&#039;+config.hisSetUrl+n+&#039;&amp;gt;&amp;lt;i class=&quot;&#039;+s+&#039;setting&quot;&amp;gt;&amp;lt;/i&amp;gt;设置&amp;lt;/a&amp;gt;&amp;lt;/div&amp;gt;&#039;);a.on(&quot;click&quot;,&quot;a&quot;,function(){B.log.send({ct:3,cst:6})}).on(&quot;touchstart&quot;,function(){$(this).addClass(&quot;touched&quot;)}).on(&quot;touchend&quot;,function(){$(this).removeClass(&quot;touched&quot;)}),i.on(&quot;click&quot;,&quot;a&quot;,function(){B.log.send({ct:3,cst:7})}).on(&quot;touchstart&quot;,function(){$(this).addClass(&quot;touched&quot;)}).on(&quot;touchend&quot;,function(){$(this).removeClass(&quot;touched&quot;)}),t.append(a).append(i)}else e.clear=$(&quot;&amp;lt;div&amp;gt;&amp;lt;/div&amp;gt;&quot;).attr(&quot;class&quot;,&quot;history-clear&quot;).html(&quot;清除历史记录&quot;),e.clear.bind(&quot;click&quot;,function(){var t=&quot;清除全部查询历史记录？&quot;;B.log.send({ct:3,cst:9}),confirm(t)?e.delHis():e.clear.removeClass(sugObj.touch)}).bind(&quot;touchstart&quot;,function(){$(this).addClass(&quot;touched&quot;)}).bind(&quot;touchend&quot;,function(){e.clearTouchStatus()}),t.append(e.clear);return e.hisControl=t,t},setSugOper:function(){var e=this,t=$(&quot;&amp;lt;div&amp;gt;&amp;lt;/div&amp;gt;&quot;).attr(&quot;class&quot;,&quot;suggest-oper sug-active-his&quot;),s=$(&quot;&amp;lt;div&amp;gt;&amp;lt;/div&amp;gt;&quot;).attr(&quot;class&quot;,&quot;suggest-oper-his sug-oper-btn&quot;).text(&quot;历史记录&quot;),n=$(&quot;&amp;lt;div&amp;gt;&amp;lt;/div&amp;gt;&quot;).attr(&quot;class&quot;,&quot;suggest-oper-at sug-oper-btn&quot;).text(&quot;直达号&quot;),a=e.doms.input;return e.sugOper=t,e.sugOperHis=s,e.sugOperAt=n,s.on(&quot;touchstart&quot;,function(t){if(!e.sugOper.hasClass(&quot;sug-active-his&quot;)){e.sugOper.removeClass(&quot;sug-active-at&quot;),e.sugOper.addClass(&quot;sug-active-his&quot;);var s=&quot;&quot;;a.val(s),setTimeout(function(){a.focus()},50),e.scrollTop(),e.autoWrap(),B.log.send({ct:3,cst:4})}preventEvent(t)}),n.on(&quot;touchstart&quot;,function(t){if(!e.sugOper.hasClass(&quot;sug-active-at&quot;)){e.sugOper.removeClass(&quot;sug-active-his&quot;),e.sugOper.addClass(&quot;sug-active-at&quot;),e.isOperAt=!0;var s=&quot;@&quot;;a.val(s),setTimeout(function(){a.focus()},50),e.scrollTop(),e.autoWrap(),B.log.send({ct:3,cst:5})}preventEvent(t)}),t.append(n).append(s),t},attchEvent:function(){var e=this,t=e.doms.input;B.on(&quot;leave&quot;,function(){location.href.match(/\/s\?/)&amp;amp;&amp;amp;(beforeLeaveQuery=decodeURIComponent(B.comm.query),t.val(beforeLeaveQuery),e.leavetimer=setInterval(function(){t.val()!=beforeLeaveQuery&amp;amp;&amp;amp;(t.val(beforeLeaveQuery),clearInterval(e.leavetimer))},100))}),t.is(&quot;:focus&quot;)&amp;amp;&amp;amp;(status.isFocus=!0,e.checkInput(),e.focustime=(new Date).getTime(),delete e.inputtime),e.bindInputEvent(),e.sugClose.bind(&quot;click&quot;,function(){status.sugClosed=!0,e.hd()}).bind(&quot;touchstart&quot;,function(){e.clearTouchStatus(),$(this).addClass(&quot;touched&quot;)}).bind(&quot;touchend&quot;,function(){e.clearTouchStatus()}),$(&quot;body&quot;).bind(&quot;click&quot;,function(t){var s=$(t.target);if(!s.hasClass(&quot;suggest-panel&quot;)&amp;amp;&amp;amp;!s.hasClass(&quot;suggest-title&quot;)){if(s.hasClass(sugObj.sugEdit)||s.hasClass(&quot;sug-oper-btn&quot;)){var n=s.parents(&quot;form&quot;).find(&quot;.se-input&quot;);return void n.focus()}status.isFocus||(clearTimeout(e.timer),$(&quot;.&quot;+sugObj.wrap).hide())}}),$(window).on(&quot;pageshow&quot;,function(){e.clearstatics()}),B.on&amp;amp;&amp;amp;(B.on(&quot;stop&quot;,function(){clearTimeout(e.timer),e.sugDiv.css({visibility:&quot;hidden&quot;})}),B.on(&quot;load&quot;,function(){clearTimeout(e.timer),e.hd(),e.sugDiv.css({visibility:&quot;visible&quot;}),e.doms.input.blur()}))},bindInputEvent:function(){var e=this,t=e.doms.input;t.bind(&quot;focus&quot;,function(){e.focustime=(new Date).getTime(),delete e.inputtime,clearInterval(e.leavetimer),status.sugClosed=!1,$(&quot;.&quot;+sugObj.wrap).hide(),status.isFocus=!0,e.checkInput()}).bind(&quot;blur&quot;,function(){status.isFocus=!1,status.isGetHis=!0,clearTimeout(e.timer),setTimeout(function(){e.autoWrap(!1)},0)}),$(e.doms.input).on(&quot;input&quot;,function(){(-1!=this.value.indexOf(&quot;\n&quot;)||-1!=this.value.indexOf(&quot;\r&quot;))&amp;amp;&amp;amp;(e.doms.input.val(e.doms.input.val().replace(/\r|\n/g,&quot;&quot;)),$(&quot;textarea.input-hidden&quot;).val(e.doms.input.val()),e.form.append($(&quot;&amp;lt;input type=&#039;hidden&#039; value=&#039;1&#039; name=&#039;t_it&#039;/&amp;gt;&quot;)),e.form.submit())}),e.form.bind(&quot;submit&quot;,function(t){var s=$(this).find(&quot;.se-input&quot;).val();e.form.append($(&quot;&amp;lt;input type=&#039;hidden&#039; name=&#039;rqlang&#039; value= &#039;&quot;+B.comm.actualResultLang+&quot;&#039; /&amp;gt;&quot;)),e.submitProcess(t,s)}),e.doms.reset.bind(&quot;touchstart mousedown click&quot;,function(t){e.doms.input.val(&quot;&quot;).focus(),$(this).hide(),preventEvent(t)})},hideBearIcon:function(){status.bearIconShow&amp;amp;&amp;amp;setTimeout(function(){$(&quot;.se-form .se-bearicon&quot;).hide(),status.bearIconShow=!1},10)},showBearIcon:function(){if(1===samTabmovdown&amp;amp;&amp;amp;!status.bearIconShow){var e=&quot;none&quot;===$(&quot;.suggest-div&quot;).css(&quot;display&quot;);!status.isFocus&amp;amp;&amp;amp;e&amp;amp;&amp;amp;($(&quot;.se-form .se-bearicon&quot;).show(),status.bearIconShow=!0)}},delHis:function(e,t,s){var n=this;if(this.clearLocalHis(e),0===$(&quot;.his&quot;).length&amp;amp;&amp;amp;n.hd(),status.isHissyn){var a={type:&quot;POST&quot;,dataType:&quot;json&quot;,success:function(e,n,a){e&amp;amp;&amp;amp;e.result?t&amp;amp;&amp;amp;t(e):s&amp;amp;&amp;amp;s(a)},error:function(e){s&amp;amp;&amp;amp;s(e)}};e?(a.url=config.hisDeleteUrl,a.data={query:e}):a.url=config.hisClearUrl,$.ajax(a)}},scrollTop:function(){setTimeout(function(){window.scrollTo(0,0)},100)},clearTouchStatus:function(){var e=$(&quot;.&quot;+sugObj.sugEdit),t=$(&quot;.&quot;+sugObj.sug),s=$(&quot;.&quot;+sugObj.his),n=sugObj.touch;e.removeClass(n),t.removeClass(n),s.removeClass(n),this.sugDirect.removeClass(n),this.sugClose.removeClass(n),this.clear&amp;amp;&amp;amp;this.clear.removeClass(n)},clearstatics:function(){var e=this;e.form.attr(&quot;sa&quot;).value=e.sa+&quot;b&quot;,e.form.attr(&quot;ts&quot;).value=0,e.setHiddenInput(&quot;dit&quot;,null),e.setHiddenInput(&quot;s_at&quot;,null)},submitProcess:function(e,v){var me=this,time,value=v;if(clearTimeout(prefetchpromisetimer),me.form.attr(&quot;h_type&quot;)&amp;amp;&amp;amp;1*me.form.attr(&quot;h_type&quot;).value===18&amp;amp;&amp;amp;me.graph_kw){preventEvent(e),B.log.send({ct:3,cst:11,s_sa:me.form.attr(&quot;sa&quot;).value,s_kw:me.form.attr(&quot;h_sign&quot;).value,s_type:me.form.attr(&quot;h_type&quot;).value});var kw=me.graph_kw||&quot;&quot;;delete me.graph_kw;var graphUrl=config.hisGraphHerf+&quot;&amp;amp;tn=wise&amp;amp;sign=&quot;+me.form.attr(&quot;h_sign&quot;).value+&quot;&amp;amp;sa=&quot;+me.form.attr(&quot;sa&quot;).value,underscorePos=kw.indexOf(&quot;_&quot;);return underscorePos&amp;gt;=0&amp;amp;&amp;amp;(graphUrl+=&quot;&amp;amp;wd=&quot;+encodeURIComponent(kw.slice(underscorePos+1))),void(location.href=graphUrl)}if(value){if(me.needHis&amp;amp;&amp;amp;me.setHis(value.toLowerCase().trim()),me.focustime?me.setHiddenInput(&quot;rsv_sug4&quot;,(new Date).getTime()-me.focustime):me.setHiddenInput(&quot;rsv_sug4&quot;,null),me.inputtime?(me.setHiddenInput(&quot;inputT&quot;,(new Date).getTime()-me.inputtime),delete me.inputtime):me.setHiddenInput(&quot;inputT&quot;,null),B.SPA?B.SPA.lastQuery=encodeURIComponent(value):B.SPA={lastQuery:encodeURIComponent(value)},me.autoWrap(!1),me.doms.input.blur(),me.doms.reset.hide(),me.hd(),time=(new Date).getTime().toString(),me.form.attr(&quot;ts&quot;).value=time.substring(time.length-7),B.kts){var t_kt=Math.round(eval(B.kts.join(&quot;+&quot;))/B.kts.length);&quot;number&quot;==typeof t_kt&amp;amp;&amp;amp;t_kt&amp;gt;0&amp;amp;&amp;amp;(me.form.attr(&quot;t_kt&quot;).value=t_kt)}var from=B.comm.from;&quot;undefined&quot;!=typeof from&amp;amp;&amp;amp;from.toString().replace(/^(\d+)(\w*)$/,function(e,t,s){if(t){if(t=(107*(parseInt(t,10)+6791)^9527801).toString(),s){t+=&quot;.&quot;;for(var n=0,a=s.length;a&amp;gt;n;n++)t+=s[n].charCodeAt(0)}B.cookie(&quot;BDICON&quot;,t)}});var d_query=B.comm.query;if(d_query&amp;amp;&amp;amp;me.setHiddenInput(&quot;oq&quot;,decodeURIComponent(d_query)),status.sugClosed=!1,window.__sam_async_super&amp;amp;&amp;amp;B.search.Search){if(&quot;ts sa ss rq&quot;.split(&quot; &quot;).forEach(function(e){commonBase.data(e,me.form.find(&#039;input[name=&quot;&#039;+e+&#039;&quot;]&#039;).val()),B.comm[e]=me.form.find(&#039;input[name=&quot;&#039;+e+&#039;&quot;]&#039;).val()}),me.form.find(&#039;input[name=&quot;dit&quot;]&#039;).length&amp;gt;0&amp;amp;&amp;amp;(commonBase.data(&quot;dit&quot;,me.form.find(&#039;input[name=&quot;dit&quot;]&#039;).val()),B.comm.dit=me.form.find(&#039;input[name=&quot;dit&quot;]&#039;).val()),B.search.Search.hasCache({word:value}))return preventEvent(e),B.comm.query=encodeURIComponent(value),B.comm.pn=0,B.search.Search.submitForm({word:value}),me.doms.input.blur(),void me.hd()}else if(window.__sam_async||samUseNewIs)&quot;ts sa ss rq&quot;.split(&quot; &quot;).forEach(function(e){commonBase.data(e,me.form.find(&#039;input[name=&quot;&#039;+e+&#039;&quot;]&#039;).val()),B.comm[e]=me.form.find(&#039;input[name=&quot;&#039;+e+&#039;&quot;]&#039;).val()}),me.form.find(&#039;input[name=&quot;dit&quot;]&#039;).length&amp;gt;0&amp;amp;&amp;amp;(commonBase.data(&quot;dit&quot;,me.form.find(&#039;input[name=&quot;dit&quot;]&#039;).val()),B.comm.dit=me.form.find(&#039;input[name=&quot;dit&quot;]&#039;).val()),preventEvent(e),samUseNewIs?require([&quot;instant_search/is&quot;],function(e){e.submit({word:value},!0)}):require([&quot;search/search&quot;],function(e){e.submitForm({word:value})}),me.doms.input.blur(),me.hd(),B.comm.query=encodeURIComponent(value),B.comm.pn=0;else if(me.spa){&quot;ts sa ss rq&quot;.split(&quot; &quot;).forEach(function(e){commonBase.data(e,me.form.find(&#039;input[name=&quot;&#039;+e+&#039;&quot;]&#039;).val()),B.comm[e]=me.form.find(&#039;input[name=&quot;&#039;+e+&#039;&quot;]&#039;).val()}),me.form.find(&#039;input[name=&quot;dit&quot;]&#039;).length&amp;gt;0&amp;amp;&amp;amp;(commonBase.data(&quot;dit&quot;,me.form.find(&#039;input[name=&quot;dit&quot;]&#039;).val()),B.comm.dit=me.form.find(&#039;input[name=&quot;dit&quot;]&#039;).val());var cacheObj=B.prefetch.getCacheObj(value),cacheStatus=B.prefetch.getCacheStatus(cacheObj),speedTest=!!B.comm.pagetimer;if(1===cacheObj.status&amp;amp;&amp;amp;0===prefetchpromise)return prefetchpromise=1,cacheObj.promise.then(function(){1==prefetchpromise&amp;amp;&amp;amp;(prefetchpromise=0,me.submitProcess(e,v))},function(){1==prefetchpromise&amp;amp;&amp;amp;(prefetchpromise=0,me.submitProcess(e,v))}),prefetchpromisetimer=setTimeout(function(){prefetchpromise=0,B.prefetch.delCacheObj(cacheObj),me.submitProcess(e,v)},3e3),void preventEvent(e);if(2===cacheStatus){me.doms.input.blur(),$(&quot;.se-page-tips,.results,.se-relativewords&quot;).empty(),$(&quot;#search-btm-zone,#pagenav&quot;).hide(),$(&quot;#index-card&quot;).hide(),$(&quot;#search-card&quot;).show(),me.hd(),preventEvent(e);var sa=encodeURIComponent(me.form.find(&#039;input[name=&quot;sa&quot;]&#039;).val());if(cacheObj.item.params.sa=sa,&quot;index&quot;==me.page){var hash=location.hash;if(0===hash.indexOf(&quot;#%7C&quot;)&amp;amp;&amp;amp;(hash=decodeURIComponent(hash)),location.hash=hash?hash+&quot;|src_&quot;+encodeURIComponent(value)+&quot;|sa_&quot;+sa:&quot;#|src_&quot;+encodeURIComponent(value)+&quot;|sa_&quot;+sa,B.chgParam(value),B.comm.query=encodeURIComponent(value),B.comm.pn=0,&quot;undefined&quot;==typeof $.loadPage){var lsObj=B.localStore({type:&quot;search&quot;,query:value});speedTest&amp;amp;&amp;amp;(lsObj.speed.loading=(new Date).getTime()),setTimeout(function(){window.scrollTo(0,0)},0)}}else{var hash=location.hash,originalHash=hash;0===hash.indexOf(&quot;#%7C&quot;)&amp;amp;&amp;amp;(hash=decodeURIComponent(hash),originalHash=hash),hash=hash.replace(/(\|src\_)(.*?)(\||$)/,&quot;$1&quot;+encodeURIComponent(value)+&quot;$3&quot;).replace(/(\|sa_)(.*?)(\||$)/,&quot;$1&quot;+sa+&quot;$3&quot;),hash||(hash=&quot;#|src_&quot;+encodeURIComponent(value)+&quot;|sa_&quot;+sa);var speed=!1;speedTest&amp;amp;&amp;amp;(speed={tag:me.page,start:(new Date).getTime()}),hash===originalHash?$(&quot;body&quot;).trigger(&quot;singlePage&quot;,speed):location.hash=hash}}else if(4===cacheStatus){me.doms.input.blur(),$(&quot;.se-page-tips,.results,.se-relativewords&quot;).empty(),$(&quot;#search-btm-zone,#pagenav&quot;).hide(),$(&quot;#index-card&quot;).hide(),$(&quot;#search-card&quot;).show(),me.hd(),preventEvent(e);var sa=encodeURIComponent(me.form.find(&#039;input[name=&quot;sa&quot;]&#039;).val());if(cacheObj.item.params.sa=sa,&quot;index&quot;==me.page){var hash=location.hash;if(0===hash.indexOf(&quot;#%7C&quot;)&amp;amp;&amp;amp;(hash=decodeURIComponent(hash)),location.hash=hash?hash+&quot;|src_&quot;+encodeURIComponent(value)+&quot;|sa_&quot;+sa:&quot;#|src_&quot;+encodeURIComponent(value)+&quot;|sa_&quot;+sa,B.chgParam(value),B.comm.query=encodeURIComponent(value),B.comm.pn=0,&quot;undefined&quot;==typeof $.loadPage){var lsObj=B.localStore({type:&quot;search-newi&quot;,query:value});speedTest&amp;amp;&amp;amp;(lsObj.speed.loading=(new Date).getTime()),setTimeout(function(){window.scrollTo(0,0)},0)}}else{var hash=location.hash,originalHash=hash;0===hash.indexOf(&quot;#%7C&quot;)&amp;amp;&amp;amp;(hash=decodeURIComponent(hash),originalHash=hash),hash=hash.replace(/(\|src\_)(.*?)(\||$)/,&quot;$1&quot;+encodeURIComponent(value)+&quot;$3&quot;).replace(/(\|sa_)(.*?)(\||$)/,&quot;$1&quot;+sa+&quot;$3&quot;),hash||(hash=&quot;#|src_&quot;+encodeURIComponent(value)+&quot;|sa_&quot;+sa);var speed=!1;speedTest&amp;amp;&amp;amp;(speed={tag:me.page,start:(new Date).getTime()}),hash===originalHash?$(&quot;body&quot;).trigger(&quot;singlePage&quot;,speed):location.hash=hash}}}}else preventEvent(e)},autoWrap:function(e){var t,s,n=this,a=e,i=parseInt(n.doms.input.css(&quot;line-height&quot;));return 0==a?void n.decreaseHeight():(n.doms.input.removeClass(&quot;adjust-input&quot;),n.doms.input.val()!==$(&quot;textarea.input-hidden&quot;).val()&amp;amp;&amp;amp;$(&quot;textarea.input-hidden&quot;).width(n.doms.input.width()+2).empty().text(n.doms.input[0].value),t=$(&quot;textarea.input-hidden&quot;)[0].scrollHeight,s=Math.floor(t/i),s&amp;gt;1&amp;amp;&amp;amp;n.increaseHeight(),void((&quot;&quot;==this.doms.input.val()||1&amp;gt;=s)&amp;amp;&amp;amp;n.decreaseHeight()))},increaseHeight:function(){var e=this;e.doms.input.css({height:e.iHeight}),e.form.css({height:e.iHeight}),e.form.find(&quot;.se-bn,.cross&quot;).css({height:e.iHeight})},decreaseHeight:function(){var e=this;e.doms.input.css({height:e.dHeight}),e.form.css({height:e.dHeight}),e.form.find(&quot;.se-bn,.cross&quot;).css({height:e.dHeight})},checkInput:function(){var e=this,t=e.doms.input.val().toLowerCase().trim();return beforeLeaveQuery&amp;amp;&amp;amp;(e.doms.input.val(beforeLeaveQuery),t=beforeLeaveQuery,e.lastKw=&quot;&quot;,beforeLeaveQuery=null),e.autoWrap(),e.timer=setTimeout(function(){e.checkInput()},config.checkInterval),t===e.lastKw||e.inputtime||(e.inputtime=(new Date).getTime()),status.sugClosed?void(&quot;&quot;!=t?e.doms.reset.show():e.doms.reset.hide()):&quot;&quot;==t&amp;amp;&amp;amp;status.isGetHis&amp;amp;&amp;amp;status.isHissyn?(e.lastKw=t,void e.setHisRecommend(!0)):void(t!=e.lastKw||status.isRequesting?(e.lastKw=t,e.getSug(t),window.__sam_async_super?require([&quot;search/search&quot;],function(e){e.prefetchInput({word:t})}):samUseNewIs?require([&quot;instant_search/is&quot;],function(e){e.input(t)}):window.__sam_async&amp;amp;&amp;amp;3==window.__sam_async_type&amp;amp;&amp;amp;require([&quot;search/search&quot;],function(e){e.prefetchInput({word:t})})):e.sugContent.children().length&amp;gt;0||e.sugDirect.children().length&amp;gt;0?e.sh():(e.lastKw=t,e.getSug(t,2)))},getSug:function(e,t){var s=this;&quot;&quot;==e?(s.doms.reset.hide(),s.dataProcess(e,hisRecommend)):(s.doms.reset.show(),sugCache[e]&amp;amp;&amp;amp;!status.isRequesting?s.dataProcess(e,sugCache[e]):status.isRequesting||timeoutCache[e]&amp;amp;&amp;amp;!(timeoutCache[e]&amp;lt;3)||(status.isRequesting=!0,s.sendRequest(e,t)))},dataProcess:function(e,t){var s=this,n=t&amp;amp;&amp;amp;t.s||[],a=t&amp;amp;&amp;amp;t.st||{},i={},r=[];if(s.needHis&amp;amp;&amp;amp;&quot;&quot;==e&amp;amp;&amp;amp;hisRecommend)for(var o=0,u=n.length;u&amp;gt;o;o++)r.push([&quot;rec&quot;,n[o]]);else{for(var o=0,u=n.length;u&amp;gt;o;o++)i[n[o]]=!0,r.push([&quot;sug&quot;,n[o],a[o]]);if(s.needHis&amp;amp;&amp;amp;!status.isHissyn)for(var c=s.getHis(e),o=0,u=c.length;u&amp;gt;o;o++)i[c[o].kw]||r.push([&quot;his&quot;,c[o].kw])}if(s.buildDOM(e,r,t),0==s.doms.wrap.find(&quot;.&quot;+sugObj.his).size()?s.hisControl.hide():s.hisControl.show(),e){var d=t.exp||s.exp;s.exp=d,d?s.setHiddenInput(&quot;expt&quot;,d):s.setHiddenInput(&quot;expt&quot;,null)}},buildSugDirDOM:function(e,t){var s=this,n=s.doms.input,a=!1,i=t&amp;amp;&amp;amp;t.rs;if(a){var r={icon:&#039;&amp;lt;img src=&quot;/se/static/img/iphone/pan_dir_icon_72.png&quot;&amp;gt;&#039;,title:a.t,info:a.ab};if(!r)return s.sugDirect.hide(),!1;s.sugDirect.show();var o=$(&quot;&amp;lt;div&amp;gt;&amp;lt;/div&amp;gt;&quot;).attr(&quot;class&quot;,&quot;sug direct pandirect&quot;),u=$(&quot;&amp;lt;button&amp;gt;&amp;lt;/button&amp;gt;&quot;);o.append(u),r.icon&amp;amp;&amp;amp;u.append($(&quot;&amp;lt;div&amp;gt;&amp;lt;/div&amp;gt;&quot;).attr(&quot;class&quot;,&quot;pandirectIcon&quot;).append(r.icon));var c=$(&quot;&amp;lt;div&amp;gt;&amp;lt;/div&amp;gt;&quot;).attr(&quot;class&quot;,&quot;pandirectText pandirectTexttravel&quot;);return r.title&amp;amp;&amp;amp;c.append(r.title),r.info&amp;amp;&amp;amp;c.append(&#039;&amp;lt;div class=&quot;pandirectInfo&quot;&amp;gt;&#039;+r.info+&quot;&amp;lt;/div&amp;gt;&quot;),u.append(c),u.append(&#039;&amp;lt;img class=&quot;pandirectArrow&quot; src=&quot;/se/static/img/iphone/pan_dir_arrow_72.png&quot;&amp;gt;&#039;),s.sugDirect.append(o),s.bindNormalEvent(o),o.bind(&quot;touchstart&quot;,function(){this.s=!0}).bind(&quot;touchend&quot;,function(){this.e=!0}).bind(&quot;click&quot;,function(e){if(!status.sugWinMoved&amp;amp;&amp;amp;this.s&amp;amp;&amp;amp;this.e){this.s=!1,this.e=!1;{e.target}s.clearTouchStatus();var i=n.val(),r=((new Date).getTime(),s.sa+&quot;pandir_travel&quot;);s.form.attr(&quot;sa&quot;).value=r,s.setHiddenInput(&quot;rq&quot;,(!i||i===(this.innerText||this.textContent))===t.s[0]?null:i),s.hd();var o=&quot;&quot;;return o=a.t,n.val(o),s.setSearchQuery(o,function(){location.href=decodeURIComponent(a.u)}),preventEvent(e),!1}return n.focus(),!1}),o}if(i){var r=s.getSugDirItem(i.t,i.v);if(!r)return s.sugDirect.hide(),!1;s.sugDirect.show();var o=$(&quot;&amp;lt;div&amp;gt;&amp;lt;/div&amp;gt;&quot;).attr(&quot;class&quot;,&quot;sug direct d&quot;+i.t),u=$(&quot;&amp;lt;button&amp;gt;&amp;lt;/button&amp;gt;&quot;);o.append(u),r.icon&amp;amp;&amp;amp;u.append($(&quot;&amp;lt;div&amp;gt;&amp;lt;/div&amp;gt;&quot;).attr(&quot;class&quot;,&quot;directIcon directIcon&quot;+i.t).append(r.icon));var c=$(&quot;&amp;lt;div&amp;gt;&amp;lt;/div&amp;gt;&quot;).attr(&quot;class&quot;,&quot;directText directText&quot;+i.t);return r.title&amp;amp;&amp;amp;c.append(r.title),r.info&amp;amp;&amp;amp;c.append(r.info),u.append(c),s.sugDirect.append(o),s.bindNormalEvent(o),o.bind(&quot;touchstart&quot;,function(){this.s=!0}).bind(&quot;touchend&quot;,function(){this.e=!0}).bind(&quot;click&quot;,function(e){if(status.sugWinMoved||!this.s||!this.e)return n.focus(),!1;this.s=!1,this.e=!1;var a=$(this).attr(&quot;class&quot;).split(&quot;sug direct d&quot;)[1];B.log.send({ct:1,cst:4,clk_info:a});var r=e.target;if(&quot;A&quot;===r.nodeName&amp;amp;&amp;amp;r.href&amp;amp;&amp;amp;0===r.href.indexOf(&quot;tel:&quot;))return void preventEvent(e);s.clearTouchStatus();var o=n.val(),u=((new Date).getTime(),s.sa+&quot;di_1&quot;);if(s.setHiddenInput(&quot;dit&quot;,a),s.form.attr(&quot;sa&quot;).value=u,2==a||3==a){s.setHiddenInput(&quot;rq&quot;,(!o||o===(this.innerText||this.textContent))===t.s[0]?null:o),s.hd();var c=&quot;&quot;;return 2==a?c=i.v[2]:3==a&amp;amp;&amp;amp;(c=i.v[1]),n.val(c),s.setSearchQuery(c,function(){location.href=config.tcUrl+s.publicArgu+&quot;&amp;amp;w=&quot;+s.w+encodeURIComponent(c)+&quot;&amp;amp;ct=1&amp;amp;dit=&quot;+a+&quot;&amp;amp;cst=1&amp;amp;&quot;+i.v[0]}),preventEvent(e),!1}5==a?(s.setHiddenInput(&quot;rq&quot;,(!o||o===(this.innerText||this.textContent))===i.v[3]?null:o),n.val(i.v[3])):(s.setHiddenInput(&quot;rq&quot;,(!o||o===(this.innerText||this.textContent))===t.s[0]?null:o),1==i.p&amp;amp;&amp;amp;n.val(t.s[0]))}),B.log.send({ct:1,cst:5,clk_info:i.t}),o}return s.sugDirect.hide(),null},setSearchQuery:function(e,t){this.setHis(e.toLowerCase().trim()),$.ajax({type:&quot;GET&quot;,url:&quot;//m.baidu.com/?action=addhis&amp;amp;hissign=wise&amp;amp;hisquery=&quot;+encodeURIComponent(e),timeout:500,dataType:&quot;jsonp&quot;,success:function(){return t&amp;amp;&amp;amp;t(),!1},error:function(){return t&amp;amp;&amp;amp;t(),!1}})},getSugDirItem:function(e,t){var s=this,n=null,a=$(&quot;&amp;lt;p&amp;gt;&amp;lt;/p&amp;gt;&quot;).attr(&quot;class&quot;,&quot;title&quot;),i=$(&quot;&amp;lt;p&amp;gt;&amp;lt;/p&amp;gt;&quot;).attr(&quot;class&quot;,&quot;info&quot;),r={1:function(){var e=t[2].split(/\s+/),r=-1===e[0].indexOf(&quot;低温&quot;),o=s.getWeather(t[4],r);n=$(&quot;&amp;lt;i&amp;gt;&amp;lt;/i&amp;gt;&quot;).attr(&quot;class&quot;,o),a.html(&#039;&amp;lt;span class=&quot;right&quot;&amp;gt;详情&amp;lt;/span&amp;gt;&amp;lt;b&amp;gt;&#039;+e[0]+&quot;&amp;lt;/b&amp;gt;&quot;),i.html(&#039;&amp;lt;span class=&quot;pre&quot;&amp;gt;今天 &#039;+t[0]+&#039;&amp;lt;/span&amp;gt;&amp;lt;span class=&quot;leftBorder&quot;&amp;gt;&#039;+e[1]+&quot;&amp;lt;/span&amp;gt;&quot;)},2:function(){n=$(&quot;&amp;lt;img/&amp;gt;&quot;).attr(&quot;class&quot;,&quot;icon&quot;).attr(&quot;src&quot;,t[3]||config.defSiteIconUrl),a.html(s.getInnerWrap.call(s,t[2],&quot;em&quot;,&quot;span&quot;,null)),i.html(t[1])},3:function(){n=$(&quot;&amp;lt;img/&amp;gt;&quot;).attr(&quot;class&quot;,&quot;icon&quot;).attr(&quot;src&quot;,t[4]||config.defAppIconUrl),a.html(&quot;&amp;lt;b&amp;gt;&quot;+t[1]+&quot;&amp;lt;/b&amp;gt;&amp;lt;span&amp;gt;下载&amp;lt;/span&amp;gt;&quot;),i.html(&quot;版本&quot;+t[2]+&#039;&amp;lt;span class=&quot;leftBorder&quot;&amp;gt;&#039;+t[3]+&#039;&amp;lt;/span&amp;gt;&amp;lt;span class=&quot;leftBorder&quot;&amp;gt;更新&#039;+t[5]+&quot;&amp;lt;/span&amp;gt;&quot;)},4:function(){var e,s=t[0].split(&quot;,&quot;),n=t[1].split(&quot;,&quot;),r=[],o=t[0]?s.length:0,u=t[1]?n.length:0;for(e=0;o&amp;gt;e;e++)r.push(&#039;&amp;lt;div class=&quot;ball redball&quot;&amp;gt;&#039;,s[e],&quot;&amp;lt;/div&amp;gt;&quot;);for(e=0;u&amp;gt;e;e++)r.push(&#039;&amp;lt;div class=&quot;ball blueball&quot;&amp;gt;&#039;,n[e],&quot;&amp;lt;/div&amp;gt;&quot;);a.html(r.join(&quot;&quot;)),i.html([&quot;&amp;lt;b&amp;gt;&quot;,t[2],&#039;&amp;lt;/b&amp;gt;&amp;lt;span class=&quot;leftBorder&quot;&amp;gt;开奖日期：&#039;,t[3],&quot;&amp;lt;/span&amp;gt;&quot;].join(&quot;&quot;))},5:function(){a.html([&#039;&amp;lt;b class=&quot;pre&quot;&amp;gt;&#039;,t[0]?t[0]+&quot; &quot;:&quot;&quot;,t[1],&quot;&amp;lt;/b&amp;gt;&quot;].join(&quot;&quot;)),i.html([t[3],&#039;&amp;lt;span class=&quot;leftBorder&quot;&amp;gt;&#039;,t[2],&quot;&amp;lt;/span&amp;gt;&quot;].join(&quot;&quot;))},6:function(){a.html([&#039;&amp;lt;b class=&quot;num&quot;&amp;gt;&#039;,t[0],&quot;&amp;lt;/b&amp;gt;&quot;].join(&quot;&quot;)),i.html([t[1],&#039;&amp;lt;span class=&quot;leftBorder&quot;&amp;gt;北京时间&#039;,t[2],&quot;&amp;lt;/span&amp;gt;&quot;].join(&quot;&quot;))},7:function(){var e=t[0].split(&quot;,&quot;),s=t[3].split(&quot;,&quot;);a.html(t[0]?[&#039;&amp;lt;b class=&quot;pre&quot;&amp;gt;&amp;lt;span class=&quot;num&quot;&amp;gt;&#039;,e[0],&#039;&amp;lt;/span&amp;gt; 和 &amp;lt;span class=&quot;num&quot;&amp;gt;&#039;,e[1],&quot;&amp;lt;/span&amp;gt;&amp;lt;/b&amp;gt;&quot;].join(&quot;&quot;):[&quot;&amp;lt;b&amp;gt;不限行&amp;lt;/b&amp;gt;&quot;].join(&quot;&quot;)),i.html(t[3]?[&quot;&amp;lt;b&amp;gt;今日(&quot;,t[1],&#039;)&amp;lt;/b&amp;gt;&amp;lt;span class=&quot;leftBorder&quot;&amp;gt;明日(&#039;,t[2],&quot;)&quot;,s[0],&quot;和&quot;,s[1],&quot;&amp;lt;/span&amp;gt;&quot;].join(&quot;&quot;):[&quot;&amp;lt;b&amp;gt;今日(&quot;,t[1],&#039;)&amp;lt;/b&amp;gt;&amp;lt;span class=&quot;leftBorder&quot;&amp;gt;明日(&#039;,t[2],&quot;)不限行&amp;lt;/span&amp;gt;&quot;].join(&quot;&quot;))},8:function(){a.html([&#039;&amp;lt;b class=&quot;num&quot;&amp;gt;&#039;,t[0],&#039;&amp;lt;/b&amp;gt;&amp;lt;span class=&quot;leftBorder pre&quot;&amp;gt;&#039;,t[1],&quot; 邮编&amp;lt;/span&amp;gt;&quot;].join(&quot;&quot;))},9:function(){a.html([&#039;&amp;lt;b class=&quot;num&quot;&amp;gt;&#039;,t[0],&#039;&amp;lt;/b&amp;gt;&amp;lt;span class=&quot;leftBorder pre&quot;&amp;gt;&#039;,t[1],&quot; 区号&amp;lt;/span&amp;gt;&quot;].join(&quot;&quot;))},10:function(){a.html([&quot;&amp;lt;b&amp;gt;&quot;,t[0],&quot;&amp;lt;/b&amp;gt;&quot;].join(&quot;&quot;))},11:function(){a.html([&quot;&amp;lt;b&amp;gt;&quot;,t[0],t[1],&quot;&amp;lt;/b&amp;gt;&quot;].join(&quot;&quot;)),i.html([&quot;[字义]&quot;,t[2]].join(&quot;&quot;))},12:function(){a.html([&quot;&amp;lt;b&amp;gt;&quot;,t[0],&quot;&amp;lt;/b&amp;gt;&quot;].join(&quot;&quot;)),i.html([t[1],t[2]?&#039;&amp;lt;span class=&quot;leftBorder pre&quot;&amp;gt;&#039;+t[2]+&quot;&amp;lt;/span&amp;gt;&quot;:&quot;&quot;].join(&quot;&quot;))},13:function(){a.html([&#039;&amp;lt;b class=&quot;pre&quot;&amp;gt;&#039;,t[0],&quot;&amp;lt;/b&amp;gt;&quot;].join(&quot;&quot;)),i.html([&quot;《&quot;,t[1],&quot;》&quot;,t[2]?&#039;&amp;lt;span class=&quot;leftBorder pre&quot;&amp;gt;&#039;+t[2]+&quot;&amp;lt;/span&amp;gt;&quot;:&quot;&quot;].join(&quot;&quot;))},14:function(){a.html([&quot;&amp;lt;b&amp;gt;&quot;,t[0],&#039;&amp;lt;/b&amp;gt;&amp;lt;span class=&quot;leftBorder pre&quot;&amp;gt;&#039;,t[1],&quot;&amp;lt;/span&amp;gt;&quot;].join(&quot;&quot;))},15:function(){a.html([&#039;&amp;lt;a href=&quot;tel:&#039;,t[0],&#039;&quot;&amp;gt;&#039;,t[0],&#039;&amp;lt;/a&amp;gt;&amp;lt;em&amp;gt;官方&amp;lt;/em&amp;gt;&amp;lt;span class=&quot;leftBorder pre&quot;&amp;gt;&#039;,t[1],&quot;&amp;lt;/span&amp;gt;&quot;].join(&quot;&quot;))}},o=null;return r[e]&amp;amp;&amp;amp;(r[e](),o={icon:n,title:a,info:i}),o},bindNormalEvent:function(e){var t=this,s=sugObj.touch;e&amp;amp;&amp;amp;e.bind(&quot;touchstart&quot;,function(){t.clearTouchStatus(),$(this).addClass(s),status.sugWinMoved=!1}).bind(&quot;touchmove&quot;,function(){status.sugWinMoved=!0}).bind(&quot;touchend&quot;,function(){t.clearTouchStatus()})},preventClickThrough:function(){$(&quot;a&quot;).css({&quot;pointer-events&quot;:&quot;none&quot;})},unpreventClickThrough:function(){setTimeout(function(){$(&quot;a&quot;).css({&quot;pointer-events&quot;:&quot;auto&quot;})},200)},buildPrefetchItem:function(e,t){return t=t||{},t.at=&quot;3&quot;,&quot;index&quot;===this.page||(t.spr=&quot;1&quot;),{word:e,params:B.prefetch.buildSearchParams(e,t),type:&quot;ajax&quot;}},parsePrefetchQuery:function(e,t){var s=this,n=[];&quot;&quot;!==e&amp;amp;&amp;amp;n.push(s.buildPrefetchItem(e,{sa:s.sa+&quot;b&quot;}));for(var a=0,i=1,r=0,o=t.length;o&amp;gt;r;++r){var u=t[r];if(&quot;sug&quot;===u[0]&amp;amp;&amp;amp;(n.push(s.buildPrefetchItem(u[1],{sa:s.sa+&quot;s_&quot;+(r+1)})),++a,a&amp;gt;=i))break}return n},newParsePrefetchQuery:function(e,t,s){var n=this,a=[],i=1*s.shift();&quot;&quot;!==e&amp;amp;&amp;amp;1*i&amp;gt;=config.preratio[0]&amp;amp;&amp;amp;a.push(n.buildPrefetchItem(e,{sa:n.sa+&quot;b&quot;,pre:i}));for(var r=0,o=t.length;o&amp;gt;r;++r){var u=t[r];&quot;sug&quot;===u[0]&amp;amp;&amp;amp;(&quot;1&quot;===s[r]?a.push(n.buildPrefetchItem(u[1],{sa:n.sa+&quot;s_&quot;+(r+1),pre:s[r]})):1*s[r]&amp;gt;=config.preratio[1]&amp;amp;&amp;amp;prewait&amp;amp;&amp;amp;a.length&amp;lt;3&amp;amp;&amp;amp;a.push(n.buildPrefetchItem(u[1],{sa:n.sa+&quot;s_&quot;+(r+1),pre:s[r]})))}return a},buildDOM:function(e,t,s){{var n=this,a=sugObj.touch,i=n.doms.input;s&amp;amp;&amp;amp;s.rs}n.cl();var r=Math.min(t.length,config.sugNum);&quot;&quot;==e||&quot;@&quot;==e?r&amp;gt;0&amp;amp;&amp;amp;!n.sugPanel.hasClass(&quot;sug-oper&quot;)&amp;amp;&amp;amp;(n.sugPanel.addClass(&quot;sug-oper&quot;),B.log.send({ct:3,cst:3})):n.sugPanel.removeClass(&quot;sug-oper&quot;),&quot;&quot;==e&amp;amp;&amp;amp;(n.isOperAt=!1,n.sugOper.removeClass(&quot;sug-active-at&quot;),n.sugOper.addClass(&quot;sug-active-his&quot;)),&quot;@&quot;==e&amp;amp;&amp;amp;(n.sugOper.removeClass(&quot;sug-active-his&quot;),n.sugOper.addClass(&quot;sug-active-at&quot;));var o=n.buildSugDirDOM(e,s);if(n.spa&amp;amp;&amp;amp;0!==e.indexOf(&quot;@&quot;)&amp;amp;&amp;amp;e!=n.lastPrefetchWord&amp;amp;&amp;amp;(s&amp;amp;&amp;amp;s.pre&amp;amp;&amp;amp;(window.__sam_async_super||B.prefetch.prefetchWords(n.newParsePrefetchQuery(n.doms.input.val(),t,s.pre))),n.lastPrefetchWord=e),samUseNewIs);else if(window.__sam_async&amp;amp;&amp;amp;2==window.__sam_async_type&amp;amp;&amp;amp;0!==e.indexOf(&quot;@&quot;)&amp;amp;&amp;amp;e!=n.lastPrefetchWord){if(s&amp;amp;&amp;amp;s.pre){var u=require(&quot;search/search&quot;);u.prefetchInputMulti(n.newParsePrefetchQuery(n.doms.input.val(),t,s.pre),e)}n.lastPrefetchWord=e}if(0===r&amp;amp;&amp;amp;!o)return n.hd();for(var c=!1,d=!1,l=!1,h=!1,p=0;r&amp;gt;p;p++){&quot;his&quot;==t[p][0]&amp;amp;&amp;amp;(n.hisShow=&quot;1&quot;);var m={};s&amp;amp;&amp;amp;s.term&amp;amp;&amp;amp;(m.term=s.term),&quot;sug&quot;==t[p][0]&amp;amp;&amp;amp;(n.sugShow=&quot;1&quot;),&quot;rec&quot;==t[p][0]&amp;amp;&amp;amp;(n.recShow=&quot;1&quot;);var g=$(&quot;&amp;lt;div&amp;gt;&amp;lt;/div&amp;gt;&quot;).attr(&quot;class&quot;,&quot;rec&quot;==t[p][0]?&quot;his&quot;:t[p][0]),f=n.getInnerWrap.call(n,t[p][1],&quot;em&quot;,&quot;button&quot;,m);if(s&amp;amp;&amp;amp;s.g){var v=s.g[p];v&amp;amp;&amp;amp;&quot;e&quot;===v.t&amp;amp;&amp;amp;v.e&amp;amp;&amp;amp;(f=n.getEntSugBtn(t[p][1],v),h=!0)}if(s&amp;amp;&amp;amp;s.type&amp;amp;&amp;amp;18===s.type[p]&amp;amp;&amp;amp;s.vals[p].length&amp;gt;0&amp;amp;&amp;amp;(f=n.getHisWrap.call(n,t[p][1],{type:s.type[p],val:s.vals[p]}),(t[p][1]||&quot;&quot;).indexOf(&quot;_&quot;)&amp;gt;=0?l=!0:d=!0),null==t[p][2]){var b=s&amp;amp;&amp;amp;s.at&amp;amp;&amp;amp;s.at.sug&amp;amp;&amp;amp;s.at.sug[p];if(b&amp;amp;&amp;amp;b[3]){c=!0;var w=$(&quot;&amp;lt;img/&amp;gt;&quot;).attr({src:b[1]||config.defAtIconUrl});f.addClass(&quot;sugat&quot;),f.prepend($(&quot;&amp;lt;div&amp;gt;&amp;lt;/div&amp;gt;&quot;).append(w))}var C=$(&quot;&amp;lt;div&amp;gt;&amp;lt;/div&amp;gt;&quot;).attr(&quot;class&quot;,sugObj.sugEdit),_=$(&#039;&amp;lt;div class=&quot;sug-searchicon&quot;&amp;gt;&amp;lt;/div&amp;gt;&#039;);status.isHissyn&amp;amp;&amp;amp;&quot;&quot;===i.val()&amp;amp;&amp;amp;(C.addClass(&quot;sug-del&quot;),_.addClass(&quot;sug-hisicon&quot;)),g.append(f).append(C).append(_),C.bind(&quot;touchmove&quot;,preventEvent).bind(&quot;touchend&quot;,function(e){n.clearTouchStatus(),n.unpreventClickThrough(),preventEvent(e)}).bind(&quot;touchstart&quot;,function(e){return function(t){var s=this;n.preventClickThrough();var r=$(this).siblings(&quot;button&quot;).attr(&quot;data-query&quot;)||e[1];return n.clearTouchStatus(),&quot;&quot;===i.val()&amp;amp;&amp;amp;$(this).hasClass(&quot;sug-del&quot;)?(n.delHis(r,function(){var e=$(s),t=e.parent().parent();e.parent().remove(),0==t.children().length&amp;amp;&amp;amp;(n.hd(),i.blur())}),void B.log.send({ct:3,cst:8})):($(this).addClass(a),i.focus(),n.scrollTop(),i.addClass(&quot;animate&quot;),setTimeout(function(){i.removeClass(&quot;animate&quot;)},400),i.val(r),n.lastKw=r,n.doms.reset.show(),n.autoWrap(),n.sendRequest(r),B.log.send({ct:3,cst:1}),void preventEvent(t))}}(t[p],p))}else{var y=$(&quot;&amp;lt;div&amp;gt;&amp;lt;/div&amp;gt;&quot;).attr(&quot;class&quot;,&quot;sug-visit&quot;);y.html(&quot;&amp;lt;span class=&#039;visit&#039;&amp;gt;访问&amp;lt;/span&amp;gt;&quot;),g.append(f).append(y),y.bind(&quot;click&quot;,function(e){return function(t){return n.hd(),n.setSearchQuery(e[1],function(){location.href=config.tcUrl+n.publicArgu+&quot;&amp;amp;w=&quot;+n.w+encodeURIComponent(n.doms.input.val())+&quot;ct=1&amp;amp;cst=2&amp;amp;&quot;+e[2]}),preventEvent(t),!1}}(t[p]))}n.sugContent.append(g),n.bindNormalEvent(g),f.bind(&quot;touchstart&quot;,function(){this.s=!0}).bind(&quot;touchend&quot;,function(){this.e=!0}).bind(&quot;click&quot;,function(e,t,s){return function(){if(status.sugWinMoved||!this.s||!this.e)return i.focus(),!1;this.s=!1,this.e=!1,n.clearTouchStatus();var a=i.val();n.setHiddenInput(&quot;rq&quot;,a&amp;amp;&amp;amp;a!==(this.innerText||this.textContent)?a:null),i.val($(this).attr(&quot;data-query&quot;)||this.innerText||this.textContent);var r=s&amp;amp;&amp;amp;s.at&amp;amp;&amp;amp;s.at.sug&amp;amp;&amp;amp;s.at.sug[t];r&amp;amp;&amp;amp;r[3]&amp;amp;&amp;amp;n.setHiddenInput(&quot;s_at&quot;,(n.isOperAt?&quot;a2&quot;:&quot;a1&quot;)+&quot;_b&quot;+(t+1));var o=&quot;&quot;;switch(e[0]){case&quot;sug&quot;:o=&quot;s&quot;;break;case&quot;his&quot;:o=&quot;h&quot;;break;case&quot;rec&quot;:o=&quot;hr&quot;}s&amp;amp;&amp;amp;s.type&amp;amp;&amp;amp;18===s.type[t]?(n.form.attr(&quot;sa&quot;).value=&quot;kh_&quot;+(t+1),n.setHiddenInput(&quot;h_sign&quot;,s.vals[t][0]),n.setHiddenInput(&quot;h_type&quot;,s.type[t]),n.graph_kw=e[1]):(n.graph_kw=void 0,o=$(this).attr(&quot;data-sa&quot;)||o,n.form.attr(&quot;sa&quot;).value=n.sa+o+&quot;_&quot;+(t+1))}}(t[p],p,s))}if((d||l)&amp;amp;&amp;amp;B.log.send({ct:3,cst:12}),c?(n.sugLogo.hide(),n.sugAt.show()):(status.isHissyn&amp;amp;&amp;amp;&quot;&quot;===e?n.sugLogo.hide():n.sugLogo.show(),n.sugAt.hide(),n.setHiddenInput(&quot;s_at&quot;,null)),!status.sugClosed&amp;amp;&amp;amp;status.isFocus){n.sh();var I=[n.sugShow,n.hisShow,n.recShow].join(&quot;&quot;);n.setHiddenInput(&quot;ss&quot;,&quot;000&quot;===I?null:I),commonBase.data(&quot;ss&quot;,&quot;000&quot;===I?null:I),B.comm.ss=&quot;000&quot;===I?null:I,n.isEntSugShow=n.isEntSugShow||h,n.ishisGraph=n.ishisGraph||d,n.ishisGraphWithText=n.ishisGraphWithText||l,n.ishisGraph&amp;amp;&amp;amp;n.setss(7,1),n.ishisGraphWithText&amp;amp;&amp;amp;n.setss(8,1),n.isEntSugShow&amp;amp;&amp;amp;n.setss(9,1)}},getEntSugBtn:function(e,t){var s=this,n=s.getInnerWrap.call(s,e,&quot;em&quot;,&quot;p&quot;,{});n.addClass(&quot;sug-ent-btn-text&quot;);var a=$(&#039;&amp;lt;button class=&quot;sug-ent-btn&quot;&amp;gt;&#039;).attr(&quot;data-query&quot;,t.e.s);a.attr(&quot;data-sa&quot;,&quot;es&quot;);var i=$(&#039;&amp;lt;p class=&quot;sug-ent-btn-tip&quot;&amp;gt;&#039;).text(t.e.ti);return a.append(n).append(i),a},setHiddenInput:function(e,t){var s=this,n=s.form.find(&#039;input[name=&quot;&#039;+e+&#039;&quot;]&#039;);null===t?n.size()&amp;amp;&amp;amp;n.remove():0===n.size()?s.form.append($(&#039;&amp;lt;input type=&quot;hidden&quot;/&amp;gt;&#039;,{name:e,value:t})):n.val(t)},getInnerWrap:function(e,t,s,n){n=n||{};var a=String(this.lastKw).replace(/(\^|\$|\||\*|\+|\)|\(|\[|\]|\{|\}|\\|\?)/gi,&quot;\\$1&quot;);if(&quot;&quot;!==a)if(a=htmlEncode(a),e=htmlEncode(e),-1===e.indexOf(a)){if(n.term&amp;amp;&amp;amp;n.term.length)for(var i in n.term){var r=new RegExp(&quot;(&quot;+n.term[i]+&quot;)&quot;,&quot;ig&quot;);e=e.replace(r,&quot;&amp;lt;&quot;+t+&quot;&amp;gt;$1&amp;lt;/&quot;+t+&quot;&amp;gt;&quot;)}}else{var r=new RegExp(&quot;(&quot;+a+&quot;)&quot;,&quot;ig&quot;);e=e.replace(r,&quot;&amp;lt;&quot;+t+&quot;&amp;gt;$1&amp;lt;/&quot;+t+&quot;&amp;gt;&quot;)}else e=htmlEncode(e);var o=$(&quot;&amp;lt;&quot;+s+&quot;/&amp;gt;&quot;);return n&amp;amp;&amp;amp;o.attr(n),o.append(e),o},getHisWrap:function(e,t){var s=$(&quot;&amp;lt;button&amp;gt;&amp;lt;/button&amp;gt;&quot;);if(18===t.type){s.append(&#039;&amp;lt;img src=&quot;&#039;+config.hisGraphUrl.replace(&quot;$sign$&quot;,t.val[0])+&#039;&quot; /&amp;gt;&#039;);var n=(e||&quot;&quot;).indexOf(&quot;_&quot;);n&amp;gt;=0&amp;amp;&amp;amp;s.append($(&#039;&amp;lt;div class=&quot;c-gap-left sug-his-graph-kw&quot;&amp;gt;&#039;).text(e.slice(n+1))),s.addClass(&quot;sug-his-graph&quot;)}return s},setHis:function(e){try{B.ls.set(&quot;search&quot;,&quot;sug&quot;,&quot;kw:&quot;+e,JSON.stringify({time:(new Date).getTime(),kw:e})),B.ls.set(&quot;search&quot;,&quot;sug&quot;,&quot;hisUpdated&quot;,0)}catch(t){}},getHis:function(e){var t={},s=[],n=[];try{if(&quot;0&quot;==B.ls.get(&quot;search&quot;,&quot;sug&quot;,&quot;hisUpdated&quot;))t=this.reflowHis();else{var a=B.ls.get(&quot;search&quot;,&quot;sug&quot;,&quot;processedCache&quot;);null===a||(t=JSON.parse(a))}for(var i in t){var r=i.split(&quot;kw:&quot;)[1].toLowerCase();-1!=r.indexOf(e)&amp;amp;&amp;amp;r!=e&amp;amp;&amp;amp;s.push(JSON.parse(t[i]))}if(0==s.length)return[];s.sort(function(e,t){return t.time-e.time});for(var o=s.length;o--;)n.unshift(s[o])}catch(u){}return n.length=Math.min(n.length,config.hisStorageNum),n},reflowHis:function(){var e={};try{B.ls.keys(&quot;search&quot;,&quot;sug&quot;).forEach(function(t){0==t.indexOf(&quot;search_sug_kw:&quot;)&amp;amp;&amp;amp;(e[t]=B.ls.getItem(t))}),B.ls.set(&quot;search&quot;,&quot;sug&quot;,&quot;processedCache&quot;,JSON.stringify(e)),B.ls.set(&quot;search&quot;,&quot;sug&quot;,&quot;hisUpdated&quot;,1)}catch(t){}return e},clearLocalHis:function(e){try{var t=this,s=JSON.parse(B.ls.get(&quot;search&quot;,&quot;sug&quot;,&quot;processedCache&quot;));if(e)B.ls.removeItem(&quot;search_sug_kw:&quot;+e),delete s[&quot;search_sug_kw:&quot;+e],B.ls.set(&quot;search&quot;,&quot;sug&quot;,&quot;processedCache&quot;,JSON.stringify(s));else{for(var n in s)B.ls.removeItem(n);B.ls.remove(&quot;search&quot;,&quot;sug&quot;,&quot;processedCache&quot;),B.ls.remove(&quot;search&quot;,&quot;sug&quot;,&quot;hisUpdated&quot;),hisRecommend=null,t.cl(),t.hd()}}catch(a){}},sendRequest:function(e,t){var s,n,a=this;if(status.isSuccess=!1,0===e.indexOf(&quot;@&quot;)&amp;amp;&amp;amp;a.needHis){for(var s=a.getHis(&quot;&quot;),i=[],r=0,o=s.length;o&amp;gt;r;r++)0===s[r].kw.indexOf(e.toLowerCase().trim())&amp;amp;&amp;amp;i.push(encodeURIComponent(s[r].kw));n=i.join(&quot;,&quot;)}var u=function(t,s){s||(status.isSuccess=!1),t&amp;amp;&amp;amp;&quot;&quot;!==t.q&amp;amp;&amp;amp;!t.e&amp;amp;&amp;amp;(sugCache[e]=t,a.dataProcess(e,t)),status.isRequesting=!1};window.baidu.sug=u,$.ajax({type:&quot;GET&quot;,url:config.sugBaseUrl+&quot;&amp;amp;callback=?&amp;amp;wd=&quot;+encodeURIComponent(e)+(c_pwd?&quot;&amp;amp;pwd=&quot;+encodeURIComponent(c_pwd):&quot;&quot;)+(void 0!==t?&quot;&amp;amp;sugmode=&quot;+t:&quot;&quot;)+(n?&quot;&amp;amp;at=&quot;+n:&quot;&quot;),timeout:500,dataType:&quot;jsonp&quot;,success:u,error:function(t,s){&quot;undefined&quot;==typeof timeoutCache[e]?timeoutCache[e]=1:timeoutCache[e]++,u({q:e,s:[],e:s})}}),c_pwd=e},hd:function(){this.sugDiv&amp;amp;&amp;amp;this.sugDiv.hide()},sh:function(){this.sugDiv&amp;amp;&amp;amp;this.sugDiv.show()},cl:function(){this.sugContent&amp;amp;&amp;amp;this.sugContent.html(&quot;&quot;),this.sugDirect&amp;amp;&amp;amp;this.sugDirect.html(&quot;&quot;)},getWeather:function(e,t){var s=[&quot;qing&quot;,&quot;wu&quot;,&quot;duoyun&quot;,&quot;leidian&quot;,&quot;shachen&quot;,&quot;xue&quot;,&quot;yin&quot;,&quot;yu&quot;,&quot;wumai&quot;];return this.getIconPre()+(t?&quot;&quot;:&quot;night&quot;)+s[e]},getIconPre:function(){return&quot;default_index&quot;===this.record?&quot;icon-&quot;:&quot;sicon-&quot;},setss:function(e,t){if(e-=1,0&amp;gt;e)return s;for(var s=this.form.attr(&quot;ss&quot;)&amp;amp;&amp;amp;this.form.attr(&quot;ss&quot;).value||&quot;&quot;;s.length&amp;lt;=e;)s+=&quot;0&quot;;return s=&quot;&quot;+s.slice(0,e)+t+s.slice(e+1),this.setHiddenInput(&quot;ss&quot;,s),commonBase.data(&quot;ss&quot;,s),B.comm.ss=s,s},attach:function(){var e=this,t=e.form,s=e.doms.input,n=e.doms.reset;s.off(&quot;focus blur input&quot;),n.off(&quot;touchstart mousedown click&quot;),t.off(&quot;submit&quot;),e.doms.bn.before(e.callicon_wrap),t.append(e.doms.wrap),t.append(e.hidden_input),e.bindInputEvent(),s.addClass(&quot;adjust-input&quot;),t.attr(e.des_formattr),s.attr(e.des_inputattr),s.on(&quot;focus&quot;,function(){t.addClass(&quot;focus&quot;)}).on(&quot;blur&quot;,function(){t.removeClass(&quot;focus&quot;)}),e.doms.input.val(decodeURIComponent(B.comm.query)),$(&quot;.searchboxtop #se-form .se-bearicon&quot;).attr(&quot;style&quot;,&quot;background-position:1px 0px&quot;)},detach:function(){var e=this,t=e.form,s=e.doms.input,n=e.doms.reset;s.off(&quot;focus blur input&quot;),n.off(&quot;touchstart mousedown click&quot;),t.off(&quot;submit&quot;),e.des_formattr={&quot;data-formposition&quot;:t.attr(&quot;data-formposition&quot;),action:t.attr(&quot;action&quot;),method:t.attr(&quot;method&quot;)},e.des_inputattr={name:s.attr(&quot;name&quot;),id:s.attr(&quot;id&quot;),&quot;data-sug&quot;:s.attr(&quot;data-sug&quot;)},$.each(e.des_formattr,function(e){e&amp;amp;&amp;amp;t.removeAttr(e)}),$.each(e.des_inputattr,function(e){e&amp;amp;&amp;amp;s.removeAttr(e)}),s.removeClass(&quot;adjust-input&quot;),e.hidden_input=t.find(&quot;input[type=hidden]&quot;),e.callicon_wrap=t.find(&quot;.se-inner .callicon-wrap&quot;),e.se_bearicon=t.find(&quot;.se-bearicon&quot;),e.hidden_input.remove(),e.doms.wrap.remove(),e.callicon_wrap.remove()}},window.$.sug=$.sug,$.sug}();&lt;/script&gt;&lt;script data-version=&quot;wwwjs_7bbf6c1&quot;&gt;define(&quot;search/param&quot;,[&quot;require&quot;],function(){function e(e,t){if(this.params={},!t){var n=n||$(&quot;.se-form&quot;);if(n.length&amp;gt;1&amp;amp;&amp;amp;(n=n.eq(0)),!n.length)return;index_form_data=n.serializeArray();for(var r=0;r&amp;lt;index_form_data.length;r++)this.p(index_form_data[r].name)||this.p(index_form_data[r].name,index_form_data[r].value)}if(&quot;object&quot;==typeof e)for(var a in e)e.hasOwnProperty(a)&amp;amp;&amp;amp;this.p(a,e[a]);this.wdSameName()}function t(e,t,n){n||(n=0);var r=e.length;for(0&amp;gt;n&amp;amp;&amp;amp;(n=r+n);r&amp;gt;n;n++)if(e[n]===t)return n;return-1}var n=[&quot;word&quot;,&quot;pn&quot;,&quot;nojc&quot;,&quot;cl&quot;,&quot;cq&quot;,&quot;srcid&quot;],r=[&quot;word&quot;,&quot;cl&quot;,&quot;ct&quot;,&quot;tn&quot;,&quot;rn&quot;,&quot;ie&quot;,&quot;f&quot;,&quot;lm&quot;,&quot;si&quot;,&quot;gpc&quot;,&quot;tfflag&quot;,&quot;usm&quot;,&quot;z&quot;,&quot;ch&quot;,&quot;sts&quot;,&quot;vit&quot;,&quot;dsp&quot;,&quot;trh&quot;,&quot;trb&quot;,&quot;tre&quot;,&quot;la&quot;,&quot;lo&quot;,&quot;st&quot;,&quot;nojc&quot;,&quot;haobd&quot;,&quot;rtt&quot;,&quot;bsst&quot;,&quot;gvideo&quot;,&quot;__eis&quot;,&quot;__eist&quot;,&quot;oq&quot;,&quot;fenlei&quot;,&quot;sid&quot;,&quot;rsv_idx&quot;,&quot;rsv_stat&quot;,&quot;t_samp&quot;],a=[&quot;wd&quot;];return e.prototype.clone=function(n){var a=new e(e.clone(this.params));if(&quot;object&quot;==typeof n)for(var i in n)n.hasOwnProperty(i)&amp;amp;&amp;amp;t(r,i)&amp;gt;=0&amp;amp;&amp;amp;a.p(i,n[i]);return a},e.prototype.h=function(e){this.header_params=this.header_params||{};for(var t in e)this.header_params[t]=e[t];return this},e.prototype.buildHeaders=function(e){e&amp;amp;&amp;amp;this.setHeader(e);var t={};for(var n in this.header_params)if(&quot;object&quot;==typeof this.header_params[n]){var r=[];for(var a in this.header_params[n]){var i=this.header_params[n][a];i instanceof Array&amp;amp;&amp;amp;(i=i.join(&quot;|&quot;)),r.push(a+&quot;=&quot;+i)}t[n]=r.join(&quot;&amp;amp;&quot;)}else t[n]=this.header_params[n];return t},e.prototype.buildSearchUrl=function(e,t){var n=&quot;&quot;;return location.pathname&amp;amp;&amp;amp;&quot;/s&quot;!==location.pathname&amp;amp;&amp;amp;!location.pathname.match(&quot;^/(from|pu)=&quot;)&amp;amp;&amp;amp;(n=&quot;/&quot;),(t?location.protocol+&quot;//&quot;+location.host+&quot;/&quot;:n)+&quot;s?&quot;+this.buildQueryString(e)},e.prototype.buildSyncSearchUrl=function(e){return location.protocol+&quot;//&quot;+location.host+&quot;/s?&quot;+this.buildQueryString(e).replace(/mod=[0-9]*/,&quot;&quot;).replace(&quot;async=1&quot;,&quot;&quot;)},e.prototype.buildQueryString=function(t){var n=e.clone(this.params);if(&quot;object&quot;==typeof t)for(var r in t)t.hasOwnProperty(r)&amp;amp;&amp;amp;(n[r]=t[r]);var a=&quot;&quot;;for(param in n)param&amp;amp;&amp;amp;n.hasOwnProperty(param)&amp;amp;&amp;amp;&quot;&quot;!==n[param]&amp;amp;&amp;amp;(a+=param+&quot;=&quot;+encodeURIComponent(n[param]).replace(/&#039;/g,&quot;%27&quot;)+&quot;&amp;amp;&quot;);return a.substr(0,a.length-1)},e.prototype.equals=function(t){if(!t||!t.p)return!1;for(var r=0;r&amp;lt;n.length;r++){var a=n[r];if(&quot;pn&quot;==a){var i=this.p(a)?this.p(a):&quot;0&quot;,s=t.p(a)?t.p(a):&quot;0&quot;;if(i!=s)return!1}else if(&quot;word&quot;==a){if(e.normalizeWord(this.p(a))!=e.normalizeWord(t.p(a)))return!1}else if(this.p(a)!=t.p(a))return!1}return!0},e.prototype.matchCache=function(t){if(t.realword){for(var r={},a=0;a&amp;lt;n.length;a++)t.param&amp;amp;&amp;amp;t.param.params&amp;amp;&amp;amp;t.param.params[n[a]]&amp;amp;&amp;amp;(r[n[a]]=t.param.params[n[a]]);return r.word=t.realword,this.equals(new e(r,!0))}return this.equals(t.param)},e.prototype.p=function(e,n){return t(a,e)&amp;gt;=0&amp;amp;&amp;amp;(e=&quot;word&quot;),void 0===n?this.params[e]:(this.params[e]=n,this)},e.prototype.hashCode=function(){var e=[];if(!this.p(&quot;word&quot;))return&quot;&quot;;for(var t=0;t&amp;lt;n.length;t++){var r=n[t];e.push(&quot;pn&quot;!=r||this.p(r)?this.p(r):&quot;0&quot;)}return e.join(&quot;	&quot;)},e.prototype.filterOtherParams=function(){for(var e in this.params)this.params.hasOwnProperty(e)&amp;amp;&amp;amp;t(r,e)&amp;lt;0&amp;amp;&amp;amp;delete this.params[e]},e.prototype.wdSameName=function(){var e;for(e=0;e&amp;lt;a.length;e++)this.params&amp;amp;&amp;amp;this.params[a[e]]&amp;amp;&amp;amp;(this.params.word=this.params[a[e]],delete this.params[a[e]])},e.parseUrlParams=function(e){var t,n,r,a,i={};e.indexOf(&quot;?&quot;)&amp;gt;-1?(r=e.split(&quot;?&quot;),a=r[1]):a=e,t=a.indexOf(&quot;&amp;amp;&quot;)&amp;gt;-1?a.split(&quot;&amp;amp;&quot;):new Array(a);for(var s=0;s&amp;lt;t.length;s++)try{t[s]=t[s].indexOf(&quot;=&quot;)&amp;gt;-1?t[s]:t[s]+&quot;=&quot;,n=t[s].split(&quot;=&quot;),i[n[0]]=decodeURIComponent(n[1].replace(/\+/g,&quot; &quot;))}catch(o){}return i},e.clone=function(e){if(&quot;object&quot;==typeof e){var t={};for(k in e)e.hasOwnProperty(k)&amp;amp;&amp;amp;(t[k]=e[k])}else t=e;return t},e.normalizeWord=function(e){return e=e||&quot;&quot;,e.toLowerCase().replace(/\s/g,&quot;&quot;)},e}),define(&quot;search/cache&quot;,[&quot;require&quot;],function(){function e(e){this.param=e.param,this.manager=e.manager,this.urlPrefix=e.urlPrefix,this.dataType=e.dataType,this.status=t,this.time={},this.deferred=null,this.timmer=null}var t=0,n=10,r=30,a=35,i=200;return $.extend(e.prototype,{load:function(e){var t=this;if(e=$.extend({dataType:t.dataType||&quot;html&quot;,url:t.urlPrefix+t.param.buildQueryString(),headers:{}},e),e.headers[&quot;Async-Type&quot;]=&quot;xml&quot;,e.headers[&quot;Cache-Control&quot;]=&quot;private&quot;,e.reload||t.status!==i){if(t.status===n)return!0;t.time.start=(new Date).getTime(),t.deferred=$.Deferred(),t.status=n;var s=$.ajax(e);t.timmer=setTimeout(function(){clearTimeout(t.timmer),t.status=a,B.cookie(&quot;WISEWR&quot;,&quot;12&quot;,{expires:3e3}),t.deferred.reject()},6e4),s.done(function(e){clearTimeout(t.timmer);var n=-1==e.indexOf(decodeURIComponent(&quot;%3C!---async_&quot;))&amp;amp;&amp;amp;-1==e.indexOf(&#039;&amp;lt;template id=&quot;async_&#039;)&amp;amp;&amp;amp;!(e.length&amp;lt;150&amp;amp;&amp;amp;e.indexOf(&#039;&amp;lt;div id=&quot;__status&quot;&amp;gt;&#039;)&amp;gt;-1);return n?(B.cookie(&quot;WISEWR&quot;,&quot;11&quot;,{expires:3e3}),B.cookie(&quot;WISEER&quot;,&quot;1&quot;,{expires:3e5}),t.status=r,void t.deferred.reject()):(t.status=i,t.time.received=(new Date).getTime(),t.html=e,e.indexOf(decodeURIComponent(&quot;%3C!---async_status&quot;))&amp;gt;-1&amp;amp;&amp;amp;t.manager&amp;amp;&amp;amp;t.manager.addCache(t),void t.deferred.resolve())}).fail(function(){B.cookie(&quot;WISEWR&quot;,&quot;13&quot;,{expires:3e5}),clearTimeout(t.timmer),t.status=r,t.deferred.reject()})}else t.deferred=$.Deferred(),t.deferred.resolve();return t},done:function(e){var t=this;return t.deferred.done(function(){e.apply(t,arguments)}),t},fail:function(e){var t=this;return t.deferred.fail(function(){e.apply(t,arguments)}),t},destroy:function(){return this.xhr&amp;amp;&amp;amp;this.xhr.abort&amp;amp;&amp;amp;this.xhr.abort(),delete this.xhr,delete this.html,self}}),e}),define(&quot;search/environment&quot;,[&quot;require&quot;],function(){function e(){this.updateUserAgent(),this.update(),e.instance=this}function t(e){e=e||&quot;&quot;;for(var t=e.split(&quot;&quot;),n=new Array;t.length;)n.push(t.pop());return n.join(&quot;&quot;)}return $.extend(e.prototype,{isBaiduboxapp:!1,isBmbadr:!1,isSearchCraft:!1,isAndroid:!1,isIos:!1,osVersion:!1,deviceVersion:!1,boxVersion:!1,boxPresearch:!1,boxPresid:!1,updateUserAgent:function(){var e,n=this,r=navigator.userAgent||&quot;&quot;;r.indexOf(&quot;Mac OS&quot;)&amp;gt;-1||r.indexOf(&quot;iPhone OS&quot;)&amp;gt;-1?n.isIos=!0:r.indexOf(&quot;Android&quot;)&amp;gt;-1&amp;amp;&amp;amp;(n.isAndroid=!0),r.indexOf(&quot;baiduboxapp&quot;)&amp;gt;-1&amp;amp;&amp;amp;window.Bdbox&amp;amp;&amp;amp;Bdbox.invokeApp&amp;amp;&amp;amp;(n.isBaiduboxapp=!0,n.isIos?(e=r.match(&quot;baiduboxapp/([0-9,.]*)&quot;),e&amp;amp;&amp;amp;e[1]&amp;amp;&amp;amp;&quot;0&quot;!==e[1]?n.boxVersion=e[1]:(e=r.match(/([0-9])enohPi/),n.deviceVersion=e&amp;amp;&amp;amp;e[1]||!1,e=r.match(&quot;baiduboxapp/([0-9,.,_]*)_&quot;),n.boxVersion=e&amp;amp;&amp;amp;e[1]&amp;amp;&amp;amp;t(e[1]).split(&quot;_&quot;)[0]||!1)):n.isAndroid&amp;amp;&amp;amp;(e=r.match(&quot;baiduboxapp/([0-9,.]*)&quot;),n.boxVersion=e&amp;amp;&amp;amp;e[1]||!1)),r.indexOf(&quot;baidubrowser&quot;)&amp;gt;-1&amp;amp;&amp;amp;(n.isBmbadr=!0),r.indexOf(&quot;SearchCraft&quot;)&amp;gt;-1&amp;amp;&amp;amp;(n.isSearchCraft=!0),n.isIos?(e=r.match(&quot;iPhone OS ([0-9,_]*) &quot;),n.osVersion=e&amp;amp;&amp;amp;e[1]&amp;amp;&amp;amp;e[1].replace(/_/g,&quot;.&quot;)||!1):n.isAndroid&amp;amp;&amp;amp;(e=r.match(&quot;Android ([0-9,.]*)&quot;),n.osVersion=e&amp;amp;&amp;amp;e[1]||!1)},updatePublicUser:function(e){var t=this;if(e=e&amp;amp;&amp;amp;e.p&amp;amp;&amp;amp;e.p(&quot;pu&quot;)||e&amp;amp;&amp;amp;e.pu||&quot;string&quot;==typeof e&amp;amp;&amp;amp;e||!1,e&amp;amp;&amp;amp;t.isBaiduboxapp&amp;amp;&amp;amp;t.isIos){var n=e.match(/cut@iPhone([0-9]*)%2C/);t.deviceVersion=n&amp;amp;&amp;amp;n[1]||t.deviceVersion}if(e&amp;amp;&amp;amp;t.isBaiduboxapp&amp;amp;&amp;amp;!t.cuid){var n=e.match(/cuid%40([^%]*)%2C/);if(n){t.cuid=n[1];for(var r=0,a=0;a&amp;lt;t.cuid.length;a++)r+=t.cuid.charCodeAt(a);var i=r%100;i&amp;gt;=35&amp;amp;&amp;amp;39&amp;gt;=i&amp;amp;&amp;amp;(t.cid=i)}}},updateBoxSamp:function(e){var t=this;if(e=e&amp;amp;&amp;amp;e.p&amp;amp;&amp;amp;e.p(&quot;t_samp&quot;)||e&amp;amp;&amp;amp;e.t_samp||&quot;string&quot;==typeof e&amp;amp;&amp;amp;e||!1){var n=e.match(&quot;presearch_([0-9]*)_([0-9]*)&quot;);n&amp;amp;&amp;amp;(t.boxPresearch=n[1],t.boxPresid=n[2])}},update:function(e){var t=this,n=location.href;t.updatePublicUser(e||n),t.updateBoxSamp(e||n)}}),e}),define(&quot;search/forcePrefetch&quot;,[&quot;require&quot;,&quot;search/param&quot;,&quot;search/log&quot;],function(e){function t(e){v=e.cacheManager,w=e.environment,y=e.getSessionId,b.onResult=e.handler.onResult,b.onSuccess=e.handler.onSuccess,b.onFail=e.handler.onFail,b.onPrefetch=e.handler.onPrefetch}function n(e){g&amp;amp;&amp;amp;clearTimeout(g),++S,e=$.extend({},e,{mod:1,async:1,pre:2,f4s:1,clist:v.getCacheList(),isid:y()});var t=new l(e,!0);f.push(t.p(&quot;word&quot;)),s(t,e)&amp;amp;&amp;amp;(h.log(&quot;forcePrefetch&quot;,&quot;couldPrefetch&quot;),i(t)?(h.log(&quot;forcePrefetch&quot;,&quot;shouldPrefetchNow&quot;),o(t)):g=setTimeout(function(){h.log(&quot;forcePrefetch&quot;,&quot;in timer&quot;),o(t)},m))}function r(){g&amp;amp;&amp;amp;clearTimeout(g),S=0,p=[],f=[]}function a(e){var t=e.p(&quot;word&quot;),n=x[t];return n&amp;amp;&amp;amp;e.matchCache(n)?n:null}function i(e){var t=e.p(&quot;word&quot;);return w.isAndroid&amp;amp;&amp;amp;S&amp;gt;=1&amp;amp;&amp;amp;8&amp;gt;=S||f.length&amp;gt;=2&amp;amp;&amp;amp;c(f[f.length-2],t)}function s(e,t){var n=e.p(&quot;word&quot;);return!B.comm.zbiosPrefetchSwitch||6!=w.boxPresid||w.isIos&amp;amp;&amp;amp;t.sa&amp;amp;&amp;amp;!t.sa.match(/ikb|tkb|bkb/)||B.comm.tanet&amp;amp;&amp;amp;(4==B.comm.tanet||2==B.comm.tanet)||0===n.indexOf(&quot;@&quot;)?!1:n.length&amp;lt;=2?!1:n.length&amp;gt;17?!1:x[n]||v.hasCache(e)?!1:n==B.comm.query||-1!==p.indexOf(n)||f.length&amp;gt;=2&amp;amp;&amp;amp;f[f.length-2].indexOf(n)&amp;gt;-1?!1:!0}function o(e){var t=e.p(&quot;word&quot;),n=v.getNewCache(e);b.onPrefetch(n),x[t]=n,p.push(t),h.log(&quot;force prefetch:&quot;+t),n.load({beforeSend:function(e){return e.addEventListener(&quot;progress&quot;,function(){n.html=e.responseText,b.onResult(n)}),!0}}),n.done(function(){delete x[t],b.onResult(n),b.onSuccess(n),n.realword?h.log(&quot;got force prefetch:&quot;+t):h.error(&quot;got force prefetch but no realword:&quot;+t)}).fail(function(){delete x[t],b.onFail(n)})}function c(e,t){var n=u(e),r=n!==!1&amp;amp;&amp;amp;t.substr(n,e.length);return r&amp;amp;&amp;amp;!/^[a-zA-Z &#039;]+$/.test(r)}function u(e){var t=/[a-zA-Z &#039;]+/.exec(d(e));return t?e.length-t[0].length:!1}function d(e){return e.split(&quot;&quot;).reverse().join(&quot;&quot;)}var l=e(&quot;search/param&quot;),h=e(&quot;search/log&quot;),p=[],f=[],m=2e3,g=null,_=function(){},v=null,w=null,b={onResult:_,onSuccess:_,onFail:_,onPrefetch:_},y=function(){},x={},S=0;return{init:t,input:n,submit:r,getLoading:a}}),define(&quot;search/currentState&quot;,[&quot;require&quot;,&quot;search/viewmodel/pageViewModel&quot;,&quot;search/viewmodel/indexViewModel&quot;],function(e){var t=e(&quot;search/viewmodel/pageViewModel&quot;),n=e(&quot;search/viewmodel/indexViewModel&quot;);return{param:null,confirmTime:null,cache:null,pageView:null,prevPath:null,setParam:function(e){this.param=e,this.confirmTime=+new Date},setCache:function(e){this.cache=e,this.pageView=&quot;/&quot;!=this.prevPath?new t({cache:e}):new n({cache:e}),this.pageView.start=e.time.start},clearCache:function(){this.cache&amp;amp;&amp;amp;(this.cache.isPreShow=!1),this.cache=null,this.pageView=null}}}),define(&quot;search/log&quot;,[&quot;require&quot;],function(){var e={};return[&quot;log&quot;,&quot;info&quot;,&quot;error&quot;,&quot;warn&quot;].forEach(function(t){e[t]=function(){B.ls.getItem(&quot;debugAsync&quot;)&amp;amp;&amp;amp;console[t].apply(console,arguments)}}),e}),define(&quot;search/monitor&quot;,[&quot;require&quot;,&quot;search/currentState&quot;],function(e){function t(){return $(&quot;.results&quot;).hasClass(&quot;se-predestroy&quot;)||0==$(&quot;.result,.se-noresult-tips&quot;).length}function n(){return s.cache?s.cache.status:r?r.status:o}var r,a,i=B.search.Search,s=e(&quot;search/currentState&quot;),o=1,c=[],u=location.href.indexOf(&quot;presearch_1_25&quot;)&amp;gt;-1?&quot;1&quot;:&quot;&quot;,d=[3e3,6e3,1e4,14e3],l=[function(){t()&amp;amp;&amp;amp;window.page&amp;amp;&amp;amp;page.webb&amp;amp;&amp;amp;page.webb.exception&amp;amp;&amp;amp;page.webb.exception.trigger(&quot;wiseasync&quot;,{st:&quot;timeoutzero&quot;,requestStatus:n(),group:u,word:a&amp;amp;&amp;amp;a.p(&quot;word&quot;)||&quot;&quot;,tanet:page.comm.tanet||0})},function(){t()&amp;amp;&amp;amp;window.page&amp;amp;&amp;amp;page.webb&amp;amp;&amp;amp;page.webb.exception&amp;amp;&amp;amp;page.webb.exception.trigger(&quot;wiseasync&quot;,{st:&quot;timeoutfirst&quot;,requestStatus:n(),group:u,word:a&amp;amp;&amp;amp;a.p(&quot;word&quot;)||&quot;&quot;,tanet:page.comm.tanet||0})},function(){t()&amp;amp;&amp;amp;(200!==n()?window.page&amp;amp;&amp;amp;page.webb&amp;amp;&amp;amp;page.webb.exception&amp;amp;&amp;amp;page.webb.exception.trigger(&quot;wiseasync&quot;,{st:&quot;timeoutsec&quot;,requestStatus:n(),group:u,word:a&amp;amp;&amp;amp;a.p(&quot;word&quot;)||&quot;&quot;,tanet:page.comm.tanet||0}):setTimeout(function(){t()&amp;amp;&amp;amp;window.page&amp;amp;&amp;amp;page.webb&amp;amp;&amp;amp;page.webb.exception&amp;amp;&amp;amp;page.webb.exception.trigger(&quot;wiseasync&quot;,{st:&quot;timeoutsec&quot;,requestStatus:n(),group:u,word:a&amp;amp;&amp;amp;a.p(&quot;word&quot;)||&quot;&quot;,tanet:page.comm.tanet||0})},2e3))},function(){t()&amp;amp;&amp;amp;(B.cookie(&quot;WISEWR&quot;,&quot;16&quot;,{expires:864e5}),r?(i.invokeApp({state:&quot;50&quot;,url:encodeURIComponent(r.redirectUrl)}),i.directUrl(r.param)):a&amp;amp;&amp;amp;(i.invokeApp({state:&quot;50&quot;,url:encodeURIComponent(a.buildSyncSearchUrl())}),i.directUrl(a)))}];return{userSearch:function(e){a=e,r=null;for(var t=0;t&amp;lt;d.length;++t)clearTimeout(c[t]),c[t]=setTimeout(l[t],d[t])},addDependedCache:function(e){r=e}}}),define(&quot;search/cacheManager&quot;,[&quot;search/cache&quot;],function(e){function t(e){this.option=e,this.caches=[],t.instance=this}function n(e,t,n){n||(n=0);var r=e.length;for(0&amp;gt;n&amp;amp;&amp;amp;(n=r+n);r&amp;gt;n;n++)if(e[n]===t)return n;return-1}function r(e){&quot;object&quot;==typeof e&amp;amp;&amp;amp;null!=e&amp;amp;&amp;amp;e.destroy()}function a(e,t,n){var r,a;return(a=t.p(&quot;word&quot;))?($.grep(e,function(e){return n.loaded&amp;amp;&amp;amp;!e.loaded?!1:void(t.matchCache(e)&amp;amp;&amp;amp;(r=e))}),r?r:null):!1}var i=18e4,s=15;return $.extend(t.prototype,{addCache:function(e){var t=this;if(-1==n(t.caches,e))for(t.caches.unshift(e);t.caches.length&amp;gt;s;)r(t.caches.pop())},deleteCache:function(e){var t=this;r(e),t.caches=$.grep(t.caches,function(t){return t!==e})},getNewCache:function(t){var n=this,r=$.extend(n.option&amp;amp;&amp;amp;n.option.cache,{param:t,manager:n});return new e(r)},hasCache:function(e,t){var n=this;t||(t={});var r=a(n.caches,e,t);return r&amp;amp;&amp;amp;(new Date).getTime()-r.time.received&amp;gt;i&amp;amp;&amp;amp;(this.deleteCache(r),r=null),r},deleteCacheByParam:function(){var e=this;e.caches=$.grep(e.caches,function(e){var t=e.param.equals(e.param);return t&amp;amp;&amp;amp;r(e),!t})},clearCache:function(e){var t=this;t.caches=$.grep(t.caches,function(n,r){return r!==e?(t.destroyCache(r),!1):!0}),t.caches=[]},getCacheList:function(){var e=$.map(this.caches,function(e){return e&amp;amp;&amp;amp;(new Date).getTime()-e.time.received&amp;gt;i?!1:e.querysign});return e=$.grep(e,function(e){return!!e}),e.join(&quot;	&quot;)}}),t}),define(&quot;search/viewmodel&quot;,[&quot;require&quot;],function(){var e=function(){this.model=[],this.waitdeal=[],this._lazyrender=!1};return e.prototype={_set:function(e){var t=this;t.options=$.extend({templateString:&quot;&quot;,splitStartPrefix:decodeURIComponent(&quot;%3C!---async_&quot;),splitEndPrefix:decodeURIComponent(&quot;%3C!--%2Fasync_&quot;),ableBind:!0},t.options,e),t._dealTemplateData(),t._mergeModel()},_dealTemplateData:function(){var e=this,t=e.options.splitStartPrefix;if(e.options.templateString){var n=e.model.length?e.model[e.model.length-1].end:0,r=e.options.templateString.substring(n).split(t),a=n;for(var i in r){var s=r[i].indexOf(&quot;&amp;gt;&quot;),o=r[i].substring(0,s).match(/([^-]*)--/);if(a+=(i&amp;gt;0?t.length:0)+r[i].length,o&amp;amp;&amp;amp;o[1]){var c=r[i].lastIndexOf(e.options.splitEndPrefix+o[1]+&quot;--&amp;gt;&quot;);s&amp;gt;-1&amp;amp;&amp;amp;c&amp;gt;-1&amp;amp;&amp;amp;e.model.push({id:o[1],html:r[i].substring(s+1,c),end:a,rendered:!1})}}e.options.html=e.options.templateString,e.options.templateString=&quot;&quot;}},_mergeModel:function(){var e=this;e.options.data&amp;amp;&amp;amp;(e.model=e.options.data,delete e.options.data)},_render:function(){for(var e=this,t=0;t&amp;lt;e.model.length;t++)if(0==t&amp;amp;&amp;amp;e.model[t].rendered===!1&amp;amp;&amp;amp;e._proxyAction(&quot;before&quot;,&quot;render&quot;,e.model[t],e.options),0==e.model[t].rendered){e.model[t].rendered=!0,e._proxyAction(&quot;before&quot;,&quot;render_&quot;+e.model[t].id,e.model[t],e.options),e._proxyAction(&quot;&quot;,&quot;render_&quot;+e.model[t].id,e.model[t],e.options);var n=e._proxyAction(&quot;after&quot;,&quot;render_&quot;+e.model[t].id,e.model[t],e.options);n&amp;amp;&amp;amp;n.release&amp;amp;&amp;amp;(e._lazyrender=!0)}e.options.allRecieved&amp;amp;&amp;amp;e._proxyAction(&quot;after&quot;,&quot;render&quot;,e.model[t],e.options)},_proxyAction:function(e,t){var n=this;e=e?&quot;do&quot;+e+&quot;-&quot;:&quot;do&quot;,t=t||&quot;&quot;;var r=(e+t).replace(/\_/g,&quot;-&quot;).replace(/\b(\w)|\s(\w)/g,function(e){return e.toUpperCase()}).replace(/-/g,&quot;&quot;).substring(2);if(n[r]){var a=Array.prototype.slice.call(arguments,2);return n._lazyrender?(n._addRunAction(function(){n[r].apply(n,a)}),n._exeuteAction(),!0):n[r].apply(n,a)}return!1},_addRunAction:function(e){var t=this;t._actions=t._actions||[],t._actions.push(e)},_exeuteAction:function(){var e=this;if(!e._exeuteStatus){var t=e._actions.shift();t&amp;amp;&amp;amp;(e._exeuteStatus=!0,setTimeout(function(){t(),e._exeuteStatus=!1,e._exeuteAction.apply(e)},0))}},set:function(e){this._dealing&amp;amp;&amp;amp;this.waitdeal.push(e),this._dealing=!0,this._set(e),this.options.ableBind===!1||this._render(),this._dealing=!1,this.waitdeal.length&amp;gt;0&amp;amp;&amp;amp;(e=this.waitdeal.splice(0,1),this.set(e))},beforeRender:function(){},render:function(){},afterRender:function(){}},e}),define(&quot;search/viewmodel/pageViewModel&quot;,[&quot;require&quot;,&quot;search/viewmodel&quot;],function(e){function t(e){n.apply(this,arguments),this.cache=e.cache,this.body=$(&quot;body&quot;),this.page=$(&quot;.search-page&quot;),this.pagebd=$(&quot;.se-page-bd&quot;),this.pageft=$(&quot;.search-page .se-page-ft&quot;),this.copyright=$(&quot;.se-page-copyright&quot;),this.blank=$(&quot;.se-foot-blank&quot;),this.headJS=&quot;&quot;,this.pageHtml=&quot;&quot;,this.footJs=&quot;&quot;,this.topResultExist=$(&quot;.se-results-top&quot;).length,this.pageBdHtmlLazy=&quot;&quot;}var n=e(&quot;search/viewmodel&quot;),r=B.search.Search;return $.extend(t.prototype,n.prototype,{_html:function(e,t,n){if(&quot;string&quot;!=typeof e||(e=$(e),0!=e.length))try{$(e)[t](n)}catch(r){window.console&amp;amp;&amp;amp;console.error&amp;amp;&amp;amp;console.error(r)}},appendTo:function(e,t){this._html(e,&quot;append&quot;,t)},before:function(e,t){this._html(e,&quot;before&quot;,t)},renderStatus:function(){r.time.head=(new Date).getTime()},clearResult:function(){&quot;loading&quot;==window.__sam_async_type||&quot;loadwait&quot;==window.__sam_async_type||r.deleteResultDom(),this.pagebd[0]&amp;amp;&amp;amp;(this.pagebd[0].style.opacity=&quot;&quot;)},beforeRender:function(){r.trigger(&quot;start&quot;)},renderHeadJs0:function(e){this.headJS+=e.html},renderHeadJs1:function(e){this.headJS+=e.html},renderHeadJs2:function(e){this.headJS+=e.html},renderHeadJs3:function(e){this.headJS+=e.html,this.appendTo(this.body,&#039;&amp;lt;div class=&quot;se-async-js&quot;&amp;gt;&#039;+this.headJS+&quot;&amp;lt;/div&amp;gt;&quot;)},renderPagePre:function(e){this.pageHtml=e.html},renderTopRelation:function(e){$(&quot;.se-results-top&quot;).length||(this.pageHtml+=e.html)},renderPageBd:function(e){if(r.time.startbd=(new Date).getTime(),this.clearResult(),this.pageHtml+=e.html,&quot;firstpaint&quot;==window.__sam_async_type||&quot;loadwait&quot;==window.__sam_async_type){var t=this.pageHtml.indexOf(&quot;&amp;lt;/firstpaint&amp;gt;&quot;);if(t&amp;gt;0){var n=this.pageHtml.substring(0,t+&quot;&amp;lt;/firstpaint&amp;gt;&quot;.length)+&quot;&amp;lt;/div&amp;gt;&amp;lt;/div&amp;gt;&quot;,a=this.pageHtml.substring(t+&quot;&amp;lt;/firstpaint&amp;gt;&quot;.length).split(&quot;&amp;lt;/div firstpainted&amp;gt;&quot;);if(3==a.length)return this.pageBdHtmlLazy=a,void this.before(this.pageft,n)}}this.before(this.pageft,this.pageHtml),r.time.bd=(new Date).getTime()},afterRenderPageBd:function(){return $(&quot;.result-loading&quot;).hide(),this.pageft[0]&amp;amp;&amp;amp;(this.pageft[0].style.visibility=&quot;visible&quot;),this.copyright[0]&amp;amp;&amp;amp;(this.copyright[0].style.visibility=&quot;visible&quot;),&quot;firstpaint&quot;==window.__sam_async_type||&quot;loadwait&quot;==window.__sam_async_type?{release:!0}:void(this.topResultExist||scrollTo(0,0))},renderPageVariable:function(e){this.pageBdHtmlLazy&amp;amp;&amp;amp;(this.pageBdHtmlLazy[0]&amp;amp;&amp;amp;$(&quot;.results&quot;).append(this.pageBdHtmlLazy[0]),this.pageBdHtmlLazy[1]&amp;amp;&amp;amp;$(&quot;.se-page-bd&quot;).append(this.pageBdHtmlLazy[1])),this.appendTo(this.page,e.html)},renderFootJs0:function(e){this.footJs+=e.html},renderFootJs1:function(e){this.footJs+=e.html},renderFootJs2:function(e){this.footJs+=e.html,this.appendTo(&quot;.se-async-js&quot;,this.footJs),r.trigger(&quot;ready&quot;)},renderNewTablink:function(e){e.html&amp;amp;&amp;amp;($(&quot;.se-head-tablink&quot;).remove(),this.appendTo(&quot;.se-page-hd-content&quot;,e.html))},afterRender:function(e){var t=this;return this.cache&amp;amp;&amp;amp;this.cache.isPreShow?void r.one(&quot;confirmpreshow&quot;,function(){t.cache.isPreShow=!1,t.afterRender(e)}):(this.cache.realword&amp;amp;&amp;amp;r.chgParam(this.cache.realword),r.trigger(&quot;init&quot;),$(&quot;img[data-imagedelaysrc]&quot;).not(&#039;[data-imageinvisible=&quot;1&quot;]&#039;).imageDelayload(),r.trigger(&quot;load&quot;),r.trigger(&quot;DOMContentLoaded&quot;),$(&quot;.se-bn&quot;).blur(),void(window.Bdbox&amp;amp;&amp;amp;Bdbox.updateKeyword&amp;amp;&amp;amp;Bdbox.updateKeyword(this.cache.realword,!0)))}}),t}),define(&quot;search/viewmodel/cacheViewModel&quot;,[&quot;require&quot;,&quot;search/viewmodel&quot;],function(require){function cacheViewModel(e){ViewModel.apply(this,arguments),this.cache=e.cache}var ViewModel=require(&quot;search/viewmodel&quot;),Search=B.search.Search;return $.extend(cacheViewModel.prototype,ViewModel.prototype,{renderStatus:function(model){var self=this,match=model.html.match(/&amp;lt;\!\-\-({.*})\-\-\&amp;gt;/);if(match[1]){var status=eval(&quot;(&quot;+match[1]+&quot;)&quot;);status.realword&amp;amp;&amp;amp;(self.cache.realword=status.realword,self.cache.querysign=status.querysign,self.cache.req=status)}}}),cacheViewModel}),define(&quot;search/viewmodel/indexViewModel&quot;,[&quot;require&quot;,&quot;search/viewmodel&quot;],function(e){function t(e){n.apply(this,arguments),this.cache=e.cache,this.body=$(&quot;body&quot;),this.page=$(&quot;.search-page&quot;),this.pageft=$(&quot;.search-page .se-page-ft&quot;),this.copyright=$(&quot;.se-page-copyright&quot;),this.blank=$(&quot;.se-foot-blank&quot;),this.headJS=&quot;&quot;,this.pageHtml=&quot;&quot;,this.footJs=&quot;&quot;}var n=e(&quot;search/viewmodel&quot;),r=B.search.Search;return $.extend(t.prototype,n.prototype,{_html:function(e,t,n){if(&quot;string&quot;!=typeof e||(e=$(e),0!=e.length))try{$(e)[t](n)}catch(r){window.console&amp;amp;&amp;amp;console.error&amp;amp;&amp;amp;console.error(r)}},appendTo:function(e,t){this._html(e,&quot;append&quot;,t)},before:function(e,t){this._html(e,&quot;before&quot;,t)},renderStatus:function(){r.time.head=(new Date).getTime()},clearResult:function(){this.pageft[0]&amp;amp;&amp;amp;(this.pageft[0].style.visibility=&quot;hidden&quot;),this.copyright[0]&amp;amp;&amp;amp;(this.copyright[0].style.visibility=&quot;hidden&quot;),this.blank[0]&amp;amp;&amp;amp;(this.blank[0].style.display=&quot;&quot;),r.deleteResultDom(),this.page[0]&amp;amp;&amp;amp;(this.page[0].style.opacity=&quot;&quot;)},beforeRender:function(){r.trigger(&quot;start&quot;),this.indexPage=$(&quot;#page&quot;),this.indexCss=$(&quot;style&quot;),this.indexPage.remove(),this.indexCss.remove()},afterRender:function(e,t){var n=&quot;&quot;,i=t.html.split(a);return i.length&amp;lt;3?void location.reload():(this.clearResult(),this._html(&quot;head&quot;,&quot;append&quot;,i[1]),this._html(&quot;body&quot;,&quot;append&quot;,i[3]),scrollTo(0,0),r.trigger(&quot;ready&quot;),this.cache.realword&amp;amp;&amp;amp;r.chgParam(this.cache.realword),r.trigger(&quot;init&quot;),r.trigger(&quot;load&quot;),void r.trigger(&quot;DOMContentLoaded&quot;))},recoverIndex:function(){}}),t}),define(&quot;search/search&quot;,[&quot;require&quot;,&quot;search/param&quot;,&quot;search/cacheManager&quot;,&quot;search/viewmodel/pageViewModel&quot;,&quot;search/viewmodel/cacheViewModel&quot;,&quot;sfr&quot;,&quot;search/environment&quot;,&quot;search/log&quot;,&quot;search/monitor&quot;,&quot;utils/storage&quot;,&quot;search/currentState&quot;],function(e){function t(e){var t=e.word||e.p(&quot;word&quot;)||&quot;&quot;;return t=t.replace(/\s/gi,&quot;&quot;),-1!==M.indexOf(t)?!1:M.length&amp;amp;&amp;amp;M[M.length-1].indexOf(t)&amp;gt;-1?!1:(M.push(t),M=M.slice(-5),t==B.comm.query?!1:!0)}function n(e){e=e||&quot;&quot;;var t=B.comm.lid||&quot;&quot;;return e.substr(0,6)+t.substr(-5)+e.substr(-5)+parseInt(99999*Math.random())}var r,a,i=B.search.Search,s=e(&quot;search/param&quot;),o=e(&quot;search/cacheManager&quot;),c=(e(&quot;search/viewmodel/pageViewModel&quot;),e(&quot;search/viewmodel/cacheViewModel&quot;)),u=e(&quot;sfr&quot;).action,d=e(&quot;search/environment&quot;),l=e(&quot;search/log&quot;),h=e(&quot;search/monitor&quot;),p=&quot;/s?&quot;,f=0,m=0,g=0,_=[],v=B.comm.baiduid||&quot;&quot;,w=&quot;onpopstate&quot;in window,b=0,y=0,x=B.comm.t_samp,S=&quot;&quot;,k=(e(&quot;utils/storage&quot;).ls,{}),C=location.pathname.indexOf(&quot;searchframe&quot;)&amp;gt;-1?100:200,A=null,E=!1,T=&quot;&quot;;window.__sam_async_type=window.__sam_async_type||&quot;loadwait&quot;,B.cookie(&quot;WISEWR&quot;,&quot;&quot;,{expires:-1});var I=d.instance||new d;I.cid&amp;amp;&amp;amp;(I.boxPresid&amp;gt;=40||I.boxPresid&amp;lt;30),B.comm.compileCheck=1;var P=new o({cache:{urlPrefix:p}}),R=!1,q=n(v),U={},O=e(&quot;search/currentState&quot;);$.extend(i,{time:{},beforeSendHanddler:function(e){var t=this;return function(n){return n.addEventListener(&quot;progress&quot;,function(r){l.log(&quot;progress&quot;),t.xhrProgress(r,n,e)}),!0}},xhrProgress:function(e,t,n){n.html=t.responseText,this._handleCacheResult(n)},prefetchZbios:function(e,n){if(B.comm.zbiosPrefetchSwitch&amp;amp;&amp;amp;&quot;prefetoff&quot;!=window.__sam_async_type){if(&quot;prefetall&quot;==window.__sam_async_type);else if(I.isIos)return;if(!(0===e.word.indexOf(&quot;@&quot;)||encodeURIComponent(e.word).length&amp;lt;=2||(I.update(e),16!==n&amp;amp;&amp;amp;I.isIos&amp;amp;&amp;amp;e.sa&amp;amp;&amp;amp;!e.sa.match(/ikb|tkb|bkb/)||B.comm.tanet&amp;amp;&amp;amp;(4==B.comm.tanet||2==B.comm.tanet)))){I.boxPresearch&amp;amp;&amp;amp;25==I.boxPresid?e.sp=10:I.boxPresearch&amp;amp;&amp;amp;26==I.boxPresid?e.sp=11:I.boxPresearch&amp;amp;&amp;amp;28!=I.boxPresid&amp;amp;&amp;amp;(e.sp=9),3==window.__sam_async_type&amp;amp;&amp;amp;(e.sp=9),window.__sam_async_super&amp;amp;&amp;amp;(e.sp=9),e.mod=1,e.async=1,e.pre=2,e.clist=P.getCacheList(),e.isid=q;var r=new s(e,!0);t(r)&amp;amp;&amp;amp;this.prefetch(r,n)}}},prefetchInput:function(e){var n=e.word;if(!n||encodeURIComponent(n).length&amp;lt;=2)return!1;var r=new s({pn:&quot;&quot;,word:n,mod:1,async:1,pre:2,clist:P.getCacheList(),isid:q,sp:9,sa:e.sa||$(&#039;.se-form input[name=&quot;sa&quot;]&#039;).val()||&quot;&quot;},!0);t(r)&amp;amp;&amp;amp;this.prefetch(r)},prefetchInputMulti:function(e,n){if(t({word:n})){e=e||[];for(var r=P.getCacheList(),a=0;a&amp;lt;e.length;a++){var i=e[a],o=i.word;if(o&amp;amp;&amp;amp;!(encodeURIComponent(o).length&amp;lt;=2)){var c=new s({pn:&quot;&quot;,word:o,mod:1,async:1,pre:2,clist:r,isid:q});this.prefetch(c)}}}},prefetch:function(e,t){var n=this;if((!B.comm.sampleval||&quot;async_old&quot;!==B.comm.sampleval.WISE_TPL_COMMON_SAMPLE_FLAG)&amp;amp;&amp;amp;B.comm.prefetchSwitch){var r=e.p(&quot;word&quot;),a=e.p(&quot;sa&quot;)||&quot;&quot;;if(!(r.length&amp;gt;14)){var i=P.hasCache(e);k[r]||i||(l.log(&quot;prefetch:&quot;+r),f++,i=P.getNewCache(e),k[r]=i,i.load(window.__sam_async_noflow?{}:{beforeSend:n.beforeSendHanddler(i)}),i.done(function(){delete k[r],n._handleCacheResult(i),i.realword?(m++,l.log(&quot;got prefetch:&quot;+r),-1==$.inArray(i.querysign,_)&amp;amp;&amp;amp;_.push(i.querysign)):(g++,l.log(&quot;got prefetch but no realword:&quot;+r)),(31==I.boxPresid&amp;amp;&amp;amp;16==t||32==I.boxPresid&amp;amp;&amp;amp;a.indexOf(&quot;ikb&quot;)&amp;gt;-1&amp;amp;&amp;amp;16!=t)&amp;amp;&amp;amp;i.realword&amp;amp;&amp;amp;(!O.confirmTime||i.time.start&amp;gt;O.confirmTime)&amp;amp;&amp;amp;n.preshow(e,i)}).fail(function(){delete k[r],i===O.cache&amp;amp;&amp;amp;(n.invokeApp({state:&quot;50&quot;,url:encodeURIComponent(i.redirectUrl)}),n.directUrl(i.param)),delete i}))}}},preshow:function(e,t){var n=this;return O.cache&amp;amp;&amp;amp;O.cache.isPreShowing?void(O.cache.nextPreshow={param:e,cache:t}):(t.isPreShow=!0,t.isPreShowing=!0,O.clearCache(),i.trigger(&quot;stop&quot;),i.trigger(&quot;destroy&quot;),this.clearResult(),void i.one(&quot;afterdestroy&quot;,function(){i.restoreEvent(),n._handleCacheResult(t),document.title=(t.realword||t.query)+&quot; - 百度&quot;,i.one(&quot;afterready&quot;,function(){t.isPreShowing=!1,O.cache.nextPreshow&amp;amp;&amp;amp;(n.preshow(O.cache.nextPreshow.param,O.cache.nextPreshow.cache),delete O.cache.nextPreshow)})}))},confirmPreshow:function(e,t){var n=this;O.cache.isPreShow=t.isPreShow=!1,O.cache.redirectUrl=t.redirectUrl=e.buildSyncSearchUrl(),O.isIs=!0,document.title=(t.realword||t.query)+&quot; - 百度&quot;,n.invokeApp({state:&quot;20&quot;,url:encodeURIComponent(t.redirectUrl)}),i.trigger(&quot;confirmpreshow&quot;),window.__sam_async_debug&amp;amp;&amp;amp;setTimeout(function(){$(&quot;.se-debug&quot;).prepend(&quot;预渲染&amp;lt;br&amp;gt;&quot;)},500)},cancelPreShow:function(){O.cache.isPreShow?(O.cache.isPreShow=!1,this.search(&quot;s&quot;+location.search)):O.cache.isPreShow=!1},submitForm:function(e){var t=e.word||&quot;&quot;,n=new s({pn:&quot;&quot;,word:t});this.submit(n)},submitIndex:function(e){var t=e.word||&quot;&quot;,n=new s({pn:&quot;&quot;,word:t});this.submit(n,{prevPath:&quot;/&quot;})},indexSearch:function(e){return $(&quot;#page&quot;).show(),this.search(e,!1,{prevPath:&quot;/&quot;})},hasCache:function(e){param=new s(e,!0);var t=P.hasCache(param);return!!t},recoverIndex:function(){location.reload(!1)},submitFormTonglan:function(e){e&amp;amp;&amp;amp;&quot;string&quot;==typeof e&amp;amp;&amp;amp;(e=s.parseUrlParams(e)),e.word=decodeURIComponent(e.word),&quot;6&quot;==page.comm.browserid&amp;amp;&amp;amp;(e.tn=&quot;zbios&quot;);var t=(new Date).getTime().toString(),n=$.extend({},U,e,{pn:&quot;&quot;,ts:t.substring(t.length-7),cq:page.comm.topRelation,rqid:page.comm.lid}),r=new s(n,!0);this.submit(r)},submit:function(e,t){if(&quot;&quot;==e.p(&quot;word&quot;).length);else if(this.supportAsync()&amp;amp;&amp;amp;this.supportAsyncSearch(e)){e.p(&quot;isid&quot;,q),this.pushHistory(0),e.p(&quot;mod&quot;,0),e.p(&quot;async&quot;,1),x&amp;amp;&amp;amp;e.p(&quot;t_samp&quot;,x);var n=[e.buildSearchUrl(),null,{force:!1,silent:!1,param:e}];try{location.pathname.indexOf(&quot;searchframe&quot;)&amp;gt;-1?u.reset.apply(u,n):u.redirect.apply(u,n)}catch(r){B.cookie(&quot;WISEWR&quot;,&quot;21&quot;,{expires:3e3})}this.search(e,!0,t)}else this.directUrl(e)},directUrl:function(e){var t=e;&quot;object&quot;==typeof t&amp;amp;&amp;amp;(t=e.buildSyncSearchUrl());var n=document.getElementsByClassName(&quot;se-page-bd&quot;)[0];n&amp;amp;&amp;amp;(n.style.opacity=&quot;&quot;),this.dispatch(&quot;leave&quot;),location.href=e.buildSyncSearchUrl()},supportAsyncSearch:function(e){var t=e.p(&quot;word&quot;)||&quot;&quot;,n=e.p(&quot;st&quot;)||&quot;&quot;;return t&amp;amp;&amp;amp;0!=t.indexOf(&quot;@&quot;)&amp;amp;&amp;amp;&quot;b&quot;!=n.substring(2,3)&amp;amp;&amp;amp;&quot;n&quot;!=n.substring(3,4)?location.hash&amp;amp;&amp;amp;location.hash.length&amp;gt;5?!1:!0:!1},supportAsync:function(){return w},search:function(e,t,o){var c=this,u=c.time.start=(new Date).getTime();if(&quot;string&quot;==typeof e?(e=s.parseUrlParams(e),e=new s(e,!0)):!e.p&amp;amp;&amp;amp;e.params&amp;amp;&amp;amp;(e=new s(e.params,!0)),t)A={param:e,time:u};else{if(A&amp;amp;&amp;amp;A.param&amp;amp;&amp;amp;A.param.equals(e)&amp;amp;&amp;amp;u-A.time&amp;lt;1e3)return void(a=u-A.time);A=!1}h.userSearch(e);var d=e.p(&quot;word&quot;);if(l.log(&quot;search()&quot;,d),void 0===e.p(&quot;mod&quot;)&amp;amp;&amp;amp;e.p(&quot;mod&quot;,0),void 0===e.p(&quot;async&quot;)&amp;amp;&amp;amp;e.p(&quot;async&quot;,1),S){var p=new Date;p.setTime(p.getTime()+31536e6),document.cookie=&quot;BAIDUID=&quot;+S+&quot;;domain=.baidu.com;path=/;expires=&quot;+p.toGMTString()+&quot;;&quot;}var f=e.p(&quot;mmsuse&quot;)||!1,m=e.p(&quot;pu&quot;)||!1,g=e.p(&quot;isid&quot;);f=f&amp;amp;&amp;amp;(f.match(/dq@[a-zA-Z0-9]/)||f.match(/voiwd/))?!0:!1;var _=O.cache&amp;amp;&amp;amp;e.matchCache(O.cache)&amp;amp;&amp;amp;O.cache.isPreShow;if(f);else if(_)return O.setParam(e),void c.confirmPreshow(e,O.cache);O.prevPath=o&amp;amp;&amp;amp;o.prevPath;var w=P.hasCache(e);if(w)if(m&amp;amp;&amp;amp;m.indexOf(&quot;_voice&quot;)&amp;amp;&amp;amp;w.param&amp;amp;&amp;amp;w.param.p&amp;amp;&amp;amp;g!=w.param.p(&quot;isid&quot;))P.deleteCache(w),w=!1;else if(f)P.deleteCache(w),w=!1;else if(O.cache&amp;amp;&amp;amp;w.time.received==O.cache.time.received){if(u-O.cache.received&amp;lt;500)return;P.deleteCache(w),w=!1}else if(!f&amp;amp;&amp;amp;w&amp;amp;&amp;amp;w.param&amp;amp;&amp;amp;w.param.p){var b=w.param.p(&quot;mmsuse&quot;)||&quot;&quot;;b&amp;amp;&amp;amp;(b.match(/dq@[a-zA-Z0-9]/)||b.match(/voiwd/))&amp;amp;&amp;amp;(P.deleteCache(w),w=!1)}if(E=!!w,&quot;loading&quot;==window.__sam_async_type||&quot;loadwait&quot;==window.__sam_async_type);else{var y=document.getElementsByClassName(&quot;se-page-bd&quot;)[0];y&amp;amp;&amp;amp;(y.style.opacity=.7)}$(&quot;.results&quot;).addClass(&quot;se-predestroy&quot;),r=null,a=null,T=B.comm.sampleval&amp;amp;&amp;amp;B.comm.sampleval.WISE_TPL_COMMON_SAMPLE_FLAG||&quot;&quot;,w||(w=P.getNewCache(e)),O.setParam(e),O.clearCache(),l.log(&quot;before cache.load&quot;),e.p(&quot;ts&quot;)&amp;amp;&amp;amp;(r=(new Date).getTime().toString().substring(6)-1*e.p(&quot;ts&quot;)),w.load(window.__sam_async_noflow?{}:{beforeSend:c.beforeSendHanddler(w)})&amp;amp;&amp;amp;(h.addDependedCache(w),B.comm.query=encodeURIComponent(d),w.redirectUrl=e.buildSyncSearchUrl(),c.invokeApp({state:&quot;20&quot;,url:encodeURIComponent(w.redirectUrl)}),i.trigger(&quot;stop&quot;),i.trigger(&quot;destroy&quot;,{targetParam:e}),this.clearResult(),l.log(&quot;destroy&quot;),i.one(&quot;afterdestroy&quot;,function(){i.restoreEvent(),q=n(v)}),c.time.des=(new Date).getTime(),window.__sam_async_index=!1,Object.keys(k).forEach(function(e){c._handleCacheResult(k[e])}),w.done(function(){c.time.net=c.time.ajax=(new Date).getTime(),c._handleCacheResult(w),w.realword||(c.invokeApp({state:&quot;50&quot;,url:encodeURIComponent(w.redirectUrl)}),c.directUrl(w.param))}).fail(function(){B.cookie(&quot;WISEWR&quot;)||B.cookie(&quot;WISEWR&quot;,&quot;14&quot;,{expires:3e3}),c.invokeApp({state:&quot;50&quot;,url:encodeURIComponent(w.redirectUrl)}),c.directUrl(w.param)}))},_handleCacheResult:function(e){var t=this;e.realword||t._tryParseStatus(e),l.log(&quot;_handleCacheResult&quot;,e.param.p(&quot;mod&quot;),e.param.p(&quot;f4s&quot;),e.param.p(&quot;word&quot;),e.realword,e.isPreShow,e.status);var n=O.param&amp;amp;&amp;amp;O.param.p&amp;amp;&amp;amp;O.param.p(&quot;mmsuse&quot;);if(!n||!n.match(/voiwd/)&amp;amp;&amp;amp;!n.match(/dq@[a-zA-Z0-9]/)||!e.param||1!=e.param.p(&quot;mod&quot;)){if(!O.cache){var r=0==e.param.p(&quot;mod&quot;)&amp;amp;&amp;amp;e.param==O.param,a=e.realword&amp;amp;&amp;amp;O.param&amp;amp;&amp;amp;O.param.matchCache(e);(r||a||e.isPreShow)&amp;amp;&amp;amp;(e.redirectUrl=e.param.buildSyncSearchUrl(),O.setCache(e),l.info(&quot;used to render:&quot;,e.param.p(&quot;mod&quot;),e.param.p(&quot;f4s&quot;),e.param.p(&quot;word&quot;),e.realword,e.isPreShow,e.status))}O.cache===e&amp;amp;&amp;amp;(O.pageView.set({ableBind:!0,templateString:e.html,allRecieved:200==e.status}),l.log(&quot;render part:&quot;,e.param.p(&quot;mod&quot;),e.param.p(&quot;f4s&quot;),e.param.p(&quot;word&quot;),e.realword,e.isPreShow,e.status,e.html&amp;amp;&amp;amp;e.html.length))}},_tryParseStatus:function(e){var t=new c({cacheManager:P,cache:e});t.set({ableBind:!0,templateString:e.html,allRecieved:200==e.status})},confirmCache:function(e,t){if(e&amp;amp;&amp;amp;e.param&amp;amp;&amp;amp;e.req&amp;amp;&amp;amp;e.confirmed!==!0){l.info(&quot;confirmed cache&quot;);var n=e.param;n.p(&quot;mod&quot;,2),n.p(&quot;cqid&quot;,e.req.lid),n.p(&quot;word&quot;,e.req.realword),n.p(&quot;ps_tm&quot;,f),n.p(&quot;ps_rs&quot;,m),n.p(&quot;ps_nw&quot;,g),n.p(&quot;ps_rt&quot;,_.length),n.p(&quot;isa&quot;,n.p(&quot;sa&quot;)),n.p(&quot;sa&quot;,t.p(&quot;sa&quot;)),$.ajax({datatype:&quot;html&quot;,url:p+n.buildQueryString()}),e.confirmed=!0,this.resetLogParam()}},resetLogParam:function(){f=m=g=0,_=[]},setSpeedLogParam:function(e){var t=this;C++,B.comm.ps={mod:O.cache.req&amp;amp;&amp;amp;O.cache.req.mod||&quot;&quot;,ps_tm:f,ps_rs:m,ps_nw:g,ps_cost:O.cache.time&amp;amp;&amp;amp;O.cache.time.received-O.cache.time.start,ps_savebd:t.time.net-t.time.startbd,ps_srt:r,ps_rtt:a,ps_sn:C,ps_old_fl:T},e.p(&quot;ts&quot;)&amp;amp;&amp;amp;(B.comm.ps.net=t.time.head-t.time.start),O&amp;amp;&amp;amp;O.isIs&amp;amp;&amp;amp;(B.comm.ps.net=2),B.comm.ps.mod=1==B.comm.ps.mod?2:B.comm.ps.mod,E&amp;amp;&amp;amp;(B.comm.ps.ps_rmod2=1),window.__sam_async_debug&amp;amp;&amp;amp;$(&quot;.se-debug&quot;).html((2==B.comm.ps.mod?&quot;PREDICT&quot;:&quot;ASYNC&quot;)+&quot;&amp;amp;nbsp;&amp;amp;nbsp;&amp;amp;nbsp;&amp;amp;nbsp;&amp;lt;br&amp;gt;NET:&quot;+(B.comm.ps.net&amp;gt;0?B.comm.ps.net:0)+&quot;ms&amp;lt;br&amp;gt;RT:&quot;+(a||0)+&quot;ms&amp;lt;br&amp;gt;SR:&quot;+(r||0)+&quot;ms&amp;lt;br&amp;gt;RD:&quot;+(t.time.net-t.time.startbd)+&quot;ms&quot;)},clearResult:function(){var e=this;e.time.clst=(new Date).getTime(),$(&quot;.se-input&quot;).trigger(&quot;blur&quot;),$(&quot;#search-btm-zone,.se-pagenav&quot;).hide(),$(&quot;#index-card&quot;).hide(),$(&quot;#search-card&quot;).show(),$(&quot;head&amp;gt;script:not(.code-to-write)&quot;).remove(),$(&quot;body&amp;gt;script:not([data-key])&quot;).remove(),$(&quot;.se-foot-blank~*&quot;).remove(),$(&quot;#searchwordtobox&quot;).remove(),$(&quot;.se-common-base,.se-async-js&quot;).remove(),$(&quot;.search-page~div:not([data-for])&quot;).remove();var t=document.querySelector(&quot;.se-page-hd-content&quot;);t&amp;amp;&amp;amp;(t.style.visibility=&quot;visible&quot;),e.preDeleteDom=$(&quot;.se-zbios-hide,.se-frame-hide,.se-page-bd,body&amp;gt;style:not([data-key]),.se-page-pre-style,.se-predestroy&quot;),(&quot;loading&quot;==window.__sam_async_type||&quot;loadwait&quot;==window.__sam_async_type)&amp;amp;&amp;amp;(e.hideBottomDom(),e.displayLoading()),e.time.clend=(new Date).getTime()},hideBottomDom:function(){var e=$(&quot;.search-page .se-page-ft&quot;),t=$(&quot;.se-page-copyright&quot;),n=$(&quot;.se-foot-blank&quot;);e[0]&amp;amp;&amp;amp;(e[0].style.visibility=&quot;hidden&quot;),t[0]&amp;amp;&amp;amp;(t[0].style.visibility=&quot;hidden&quot;),n[0]&amp;amp;&amp;amp;(n[0].style.display=&quot;&quot;)},displayLoading:function(){var e=this;$(&quot;.result-loading&quot;).show(),e.preDeleteDom&amp;amp;&amp;amp;(e.preDeleteDom.remove(),e.preDeleteDom=!1)},deleteResultDom:function(){var e=this;e.hideBottomDom(),e.displayLoading()},clearTopRealtion:function(e){!e.params.cq&amp;amp;&amp;amp;$(&quot;.se-results-top&quot;).length&amp;amp;&amp;amp;$(&quot;.se-results-top&quot;).remove()},chgParam:function(e){if(e!==R){R=e;var t=Array.prototype.slice,n=/(word=|w=|kw=|search-|key=|s=s%26wd%3D|#search\/|#search=)(.*?)(&amp;amp;|$)/i,r=/(word=)(.*?)(&amp;amp;|$)/,a=t.call($(&quot;.se-input, se-encode&quot;));a.forEach(function(t){var n=t.tagName.toLowerCase();&quot;input&quot;===n||&quot;textarea&quot;===n?t.value=e:t.innerText=e}),e?(document.title=e+&quot; - 百度&quot;,$(&quot;a.h-tab, .more-links &amp;gt; a&quot;).forEach(function(t){var r=t.getAttribute(&quot;href&quot;);if(r){r=r.replace(n,&quot;$1&quot;+encodeURIComponent(e)+&quot;$3&quot;),t.setAttribute(&quot;href&quot;,r);var a=t.getAttribute(&quot;data-schema&quot;);if(&quot;地图&quot;===t.innerText.trim()&amp;amp;&amp;amp;a){var i=a.replace(/(query=).*/,&quot;$1&quot;);t.setAttribute(&quot;data-schema&quot;,i+encodeURIComponent(e))}}}),$(&quot;#page_copyright .switch-to-utouch, #page_copyright .feedback&quot;).forEach(function(t){var n=t.getAttribute(&quot;href&quot;);n=n.replace(r,&quot;$1&quot;+encodeURIComponent(e)+&quot;$3&quot;),t.setAttribute(&quot;href&quot;,n)})):document.title=&quot;百度一下&quot;}},delegateLinkSearch:function(){function e(e,n,r){var a=new s(r,!0);if(t.supportAsyncSearch(a)){var i=a.buildSearchUrl();return t.pushHistory(!1,i),a.p(&quot;mod&quot;,0),a.p(&quot;async&quot;,1),a.p(&quot;ps_dg&quot;,1),B.comm.cid&amp;amp;&amp;amp;a.p(&quot;acid&quot;,B.comm.cid),u.redirect(i,null,{force:!1,silent:!1,param:a}),!1}e.attr(&quot;href&quot;,n.buildSearchUrl(r,!0)).attr(&quot;target&quot;,&quot;_self&quot;)}var t=this;$(document).delegate(&quot;a&quot;,&quot;click&quot;,function(){var t,n=location.protocol+&quot;//&quot;+location.host;return function(){var r=$(this);if(!(r.attr(&quot;sync&quot;)||r.attr(&quot;target&quot;)&amp;amp;&amp;amp;&quot;_self&quot;!=r.attr(&quot;target&quot;))){var a=$.trim(r.attr(&quot;href&quot;));if(a&amp;amp;&amp;amp;0==a.indexOf(n)&amp;amp;&amp;amp;(a=a.substring(n.length)),a&amp;amp;&amp;amp;(t=a.match(/(^|\/)+(s\?.*)/)),a&amp;amp;&amp;amp;t&amp;amp;&amp;amp;t[2]){var o=s.parseUrlParams(t[2]);o.pn||(o.pn=&quot;&quot;),o=$.extend({},U,o),o.ts=&quot;&quot;;var c=e(r,O.param||{},o);return c}i.dispatch(&quot;leave&quot;)}}}())},pushHistory:function(e,t){if(void 0===e){var t=location.pathname.substring(1)+location.search,n=t.match(/ahp=(\d+)/);e=n?n[1]:0}else&quot;string&quot;==typeof e&amp;amp;&amp;amp;(e=e.split(&quot;_&quot;)[0]);e=1*e;var r;if(0==e)b++,r=1;else if(e&amp;gt;b){if(b=e,r=1,y==b)return 2}else if(b&amp;gt;e){if(b=e,r=-1,y==b)return-2}else y==b&amp;amp;&amp;amp;(y=-1),r=0;return r},init:function(){var e=this;e.supportAsync()&amp;amp;&amp;amp;(e.pushHistory(),y=b,$(&quot;#results&amp;gt;.se-page-ft&quot;).length&amp;amp;&amp;amp;($(&quot;#results&amp;gt;.se-page-ft,#results&amp;gt;.se-page-ft~*&quot;).appendTo(&quot;.search-page&quot;),$(&quot;#results~style&quot;).appendTo(&quot;body&quot;)),I.isIos&amp;amp;&amp;amp;I.isBaiduboxapp||window.__sam_async&amp;amp;&amp;amp;e.delegateLinkSearch(),B.search.zbios=function(t){return e.zbios(t)},B.search.bmbadr=function(t){return e.bmbadr(t)},window.addEventListener(&quot;baiduboxapp_search&quot;,function(t){return e.zbios(t.data)}),window.addEventListener(&quot;search_baidu&quot;,function(t){return e.searchEventHandle(t)}),B.on(&quot;init&quot;,function(){O.cache&amp;amp;&amp;amp;!O.cache.isPreShow&amp;amp;&amp;amp;(e.setSpeedLogParam(O.param),O.cache.req&amp;amp;&amp;amp;&quot;1&quot;==O.cache.req.mod?e.confirmCache(O.cache,O.param):e.resetLogParam())}),window.__sam_async_debug&amp;amp;&amp;amp;($(&quot;head&quot;).append(&#039;&amp;lt;style class=&quot;.se-debug-style&quot;&amp;gt;.se-debug{color:red;position:fixed;top:40px;font-size:12px;left:0;z-index: 9999;text-align:left;background:rgba(255,255,0,0.9);}&amp;lt;/style&amp;gt;&#039;),$(&quot;body&quot;).prepend(&#039;&amp;lt;div class=&quot;se-debug&quot;&amp;gt;SYNC-ABLE TO SEARCH&amp;lt;/div&amp;gt;&#039;)),I.isBaiduboxapp&amp;amp;&amp;amp;(U=s.parseUrlParams(window.location.href),[&quot;word&quot;,&quot;pn&quot;,&quot;rn&quot;,&quot;sa&quot;,&quot;st&quot;,&quot;ts&quot;,&quot;nojc&quot;,&quot;mmsuse&quot;,&quot;cq&quot;,&quot;cki&quot;].forEach(function(e){delete U[e]})),document.cookie.indexOf(&quot;WISEER=1&quot;)&amp;gt;-1||x.indexOf(&quot;presearch_0&quot;)&amp;gt;-1||(I.isSearchCraft?(B.on(&quot;ready&quot;,function(){e.invokeApp({state:&quot;10&quot;})}),window.addEventListener(&quot;pageshow&quot;,function(t){t.persisted&amp;amp;&amp;amp;e.invokeApp({state:&quot;10&quot;})})):window.__sam_async_debug?e.invokeApp({state:&quot;10&quot;}):(window.__sam_async||I.boxVersion&amp;gt;=&quot;9&quot;)&amp;amp;&amp;amp;(I.isIos?I.boxVersion&amp;gt;=&quot;8.5&quot;||I.deviceVersion&amp;gt;=4?e.invokeApp({state:&quot;10&quot;}):(16==I.boxPresid||17==I.boxPresid)&amp;amp;&amp;amp;e.invokeApp({state:&quot;10&quot;}):e.invokeApp({state:&quot;10&quot;}))),B.on(&quot;load&quot;,function(){O.cache&amp;amp;&amp;amp;!O.cache.isPreShow&amp;amp;&amp;amp;i.invokeApp({state:&quot;30&quot;,url:encodeURIComponent(O.cache.redirectUrl)})}),B.on(&quot;afterload&quot;,function(){O.cache&amp;amp;&amp;amp;!O.cache.isPreShow&amp;amp;&amp;amp;i.invokeApp({state:&quot;40&quot;,url:encodeURIComponent(O.cache.redirectUrl)})}),B.on(&quot;afterload&quot;,function(){B.comm.query&amp;amp;&amp;amp;0==$(&quot;.result,.se-noresult-tips&quot;).length?B.cookie(&quot;WISEWR&quot;,&quot;15&quot;,{expires:864e5}):B.cookie(&quot;WISEWR&quot;,&quot;&quot;,{expires:-1})}))},invokeApp:function(e){window.Bdbox&amp;amp;&amp;amp;Bdbox.invokeApp&amp;amp;&amp;amp;(Bdbox.invokeApp.android?Bdbox.invokeApp(&quot;Bdbox_android_searchFrame&quot;,&quot;asyncPageState&quot;,[JSON.stringify(e)]):Bdbox.invokeApp.ios&amp;amp;&amp;amp;Bdbox.invokeApp(&quot;searchFrame&quot;,{action:&quot;asyncPageState&quot;,params:JSON.stringify(e),minver:&quot;7.5.0.0&quot;},&quot;&quot;)),I.isBmbadr&amp;amp;&amp;amp;window._flyflowNative&amp;amp;&amp;amp;_flyflowNative.exec(&quot;asyncsearch&quot;,&quot;state&quot;,JSON.stringify(e),null),I.isSearchCraft&amp;amp;&amp;amp;(window.Viaduct&amp;amp;&amp;amp;window.Viaduct.postMessage?window.Viaduct.postMessage(JSON.stringify({func:&quot;asyncSearchState&quot;,options:e})):console.log(&quot;asyncSearchState&quot;,e))},searchEventHandle:function(e){var t=this;switch(e.key){case&quot;search_submit&quot;:var n=s.parseUrlParams(e.params||&quot;&quot;);n.word=e.query;var r=new s(n,!0);t.submit(r);break;case&quot;search_input&quot;:var n=s.parseUrlParams(e.params||&quot;&quot;);t.prefetchInput($.extend(n,{word:e.query}));break;case&quot;search_cancel&quot;:t.cancelPreShow()}},zbios:function(e){var t=this;if(e=e||{},e.type&amp;gt;=0&amp;amp;&amp;amp;e.type&amp;lt;10){if(window.__sam_async_debug&amp;amp;&amp;amp;$(&quot;.se-debug&quot;).html(&quot;ASYNC&quot;),e.word){e.param&amp;amp;&amp;amp;&quot;string&quot;==typeof e.param&amp;amp;&amp;amp;(e.param=s.parseUrlParams(e.param));var n=(new Date).getTime().toString(),r=$.extend({},U,e.param,{pn:&quot;&quot;,word:e.word,tn:&quot;zbios&quot;,ts:n.substring(n.length-7)});B.comm.cid&amp;amp;&amp;amp;(r.acid=B.comm.cid),e.word&amp;amp;&amp;amp;delete r.cki;var a=new s(r,!0);t.submit(a)}}else if(e.type&amp;gt;=10&amp;amp;&amp;amp;e.type&amp;lt;50&amp;amp;&amp;amp;e.word){e.param&amp;amp;&amp;amp;&quot;string&quot;==typeof e.param&amp;amp;&amp;amp;(e.param=s.parseUrlParams(e.param));var i=$.extend({},U,e.param,{pn:&quot;&quot;,tn:&quot;zbios&quot;,word:e.word});B.comm.cid&amp;amp;&amp;amp;(i.acid=B.comm.cid),i.word&amp;amp;&amp;amp;delete i.cki,t.prefetchZbios(i,e.type)}else 101==e.type&amp;amp;&amp;amp;t.cancelPreShow()},bmbadr:function(e){var t=this;if(e=e||{},e.type&amp;gt;=0&amp;amp;&amp;amp;e.type&amp;lt;10){if(window.__sam_async_debug&amp;amp;&amp;amp;$(&quot;.se-debug&quot;).html(&quot;ASYNC&quot;),e.word){e.param&amp;amp;&amp;amp;&quot;string&quot;==typeof e.param&amp;amp;&amp;amp;(e.param=s.parseUrlParams(e.param));var n=(new Date).getTime().toString(),r=$.extend({},U,e.param,{pn:&quot;&quot;,word:e.word,tn:&quot;bmbadr&quot;,ts:n.substring(n.length-7)}),a=new s(r,!0);t.submit(a)}}else if(e.type&amp;gt;=10&amp;amp;&amp;amp;e.word){e.param&amp;amp;&amp;amp;&quot;string&quot;==typeof e.param&amp;amp;&amp;amp;(e.param=s.parseUrlParams(e.param));var i=$.extend({},U,e.param,{pn:&quot;&quot;,tn:&quot;bmbadr&quot;,word:e.word});t.prefetchZbios(i)}}});var M=[];return i}),define(&quot;instant_search/Adapter&quot;,[&quot;require&quot;,&quot;exports&quot;,&quot;module&quot;,&quot;instant_search/util/derive&quot;,&quot;instant_search/EventEmitter&quot;,&quot;instant_search/util/extend&quot;,&quot;instant_search/urlUtil&quot;,&quot;instant_search/util/trim&quot;,&quot;instant_search/util/log&quot;,&quot;instant_search/supportAsync&quot;],function(e,t,n){&quot;use strict&quot;;var r=e(&quot;instant_search/util/derive&quot;),a=e(&quot;instant_search/EventEmitter&quot;),i=e(&quot;instant_search/util/extend&quot;),s=e(&quot;instant_search/urlUtil&quot;),o=e(&quot;instant_search/util/trim&quot;),c=e(&quot;instant_search/util/log&quot;),u=e(&quot;instant_search/supportAsync&quot;),d=location.protocol+&quot;//&quot;+location.host;n.exports=r(a,function(e){var t=this;a.call(t),t._environment=e.environment,B.search.zbios=t._onBoxRequest.bind(t),window.addEventListener(&quot;baiduboxapp_search&quot;,function(e){t._onBoxRequest(e.option)}),$(document).delegate(&quot;a&quot;,&quot;click&quot;,function(e){return t._onLinkClick(e,this)})},{_onBoxRequest:function(e){var t=this;if(e=e||{},e.param=e.param||{},c.log(&quot;_onBoxRequest&quot;,e),&quot;string&quot;==typeof e.param&amp;amp;&amp;amp;(e.param=s.parse(e.param)),e.type&amp;gt;=0&amp;amp;&amp;amp;e.type&amp;lt;10&amp;amp;&amp;amp;e.word){var n=(new Date).getTime().toString();t.emit(&quot;submit&quot;,i({},e.param,{pn:&quot;&quot;,tn:&quot;zbios&quot;,word:e.word,ts:n.substring(n.length-7)}))}else if(e.type&amp;gt;=10&amp;amp;&amp;amp;e.type&amp;lt;50&amp;amp;&amp;amp;e.word){var r=i({},e.param,{pn:&quot;&quot;,tn:&quot;zbios&quot;,word:e.word});t._boxInputEnable(r,e.type)&amp;amp;&amp;amp;t.emit(&quot;input&quot;,r)}else 101==e.type;t.emit(&quot;boxrequest&quot;,e)},_onLinkClick:function(e,t){var n,r,a,i=this,c=$(t);return c.attr(&quot;target&quot;)&amp;amp;&amp;amp;&quot;_self&quot;!==c.attr(&quot;target&quot;)?void 0:(r=o(c.attr(&quot;href&quot;)),0===r.indexOf(d)&amp;amp;&amp;amp;(r=r.substring(d.length)),n=r.match(/(^|\/)+(s\?.*)/),n&amp;amp;&amp;amp;(a=s.parse(n[2]),u(a))?(a.pn||(a.pn=&quot;&quot;),a.ts=&quot;&quot;,i.emit(&quot;submit&quot;,a),!1):void(window.page&amp;amp;&amp;amp;page.search&amp;amp;&amp;amp;page.search.Search&amp;amp;&amp;amp;page.search.Search.trigger(&quot;leave&quot;)))},_boxInputEnable:function(e,t){var n=this._environment,r=window.page&amp;amp;&amp;amp;page.comm&amp;amp;&amp;amp;page.comm.zbiosPrefetchSwitch,a=n.boxPresid&amp;amp;&amp;amp;n.boxPresid&amp;lt;40&amp;amp;&amp;amp;15!=n.boxPresid&amp;amp;&amp;amp;14!=n.boxPresid,i=16===t;return r||a?n.isIos?(c.warn(&quot;Adapter._boxInputEnable 不发起预测&quot;,&quot;ios&quot;),!1):n.isIos&amp;amp;&amp;amp;!i&amp;amp;&amp;amp;e.sa&amp;amp;&amp;amp;!e.sa.match(/ikb|tkb|bkb/)?(c.warn(&quot;Adapter._boxInputEnable 不发起预测&quot;,&quot;sa&quot;,e.sa),!1):!0:(c.warn(&quot;Adapter._boxInputEnable 不发起预测&quot;,&quot;手百降级开关&quot;),!1)}})}),define(&quot;instant_search/Cache&quot;,[&quot;require&quot;,&quot;exports&quot;,&quot;module&quot;,&quot;instant_search/util/derive&quot;,&quot;instant_search/util/hasOwn&quot;,&quot;instant_search/util/log&quot;],function(e,t,n){&quot;use strict&quot;;var r=e(&quot;instant_search/util/derive&quot;),a=(e(&quot;instant_search/util/hasOwn&quot;),e(&quot;instant_search/util/log&quot;));n.exports=r(Object,function(e){this._map={},this._MAX_TIME=e||0,this._addTimeMap={}},{_map:null,_MAX_TIME:null,_addTimeMap:null,set:function(e,t){this._addTimeMap[e]=+new Date,this._map[e]=t},get:function(e){return this._clearIfExpired(e),this._map[e]},unset:function(e){delete this._addTimeMap[e],delete this._map[e]},getAll:function(){var e=this;return Object.keys(e._map).filter(e._clearIfExpired.bind(e)).map(function(t){return e._map[t]})},_clearIfExpired:function(e){var t=+new Date;return this._MAX_TIME&amp;amp;&amp;amp;t-this._addTimeMap[e]&amp;gt;this._MAX_TIME?(a.warn(&quot;缓存过期，清除：&quot;,e),this.unset(e),!1):!0}})}),define(&quot;instant_search/EventEmitter&quot;,[&quot;require&quot;,&quot;exports&quot;,&quot;module&quot;,&quot;instant_search/util/derive&quot;,&quot;instant_search/util/hasOwn&quot;],function(e,t,n){&quot;use strict&quot;;var r=e(&quot;instant_search/util/derive&quot;),a=e(&quot;instant_search/util/hasOwn&quot;);n.exports=r(Object,function(){this._listenerMap={}},{_listenerMap:null,on:function(e,t,n){var r,i;r=this._listenerMap,a(r,e)||(r[e]=[]),i=r[e],i.push({callback:t,context:arguments.length&amp;lt;3?this:n})},emit:function(e,t){var n,r,i,s,o,c=!0;if(n=this._listenerMap,!a(n,e))return!0;for(r=n[e],i=r.length,s=0;i&amp;gt;s;s++)o=r[s],c=o.callback.call(o.context,t)===!1?!1:c;return c},off:function(e,t,n){var r=arguments.length;switch(r){case 0:this._listenerMap={};break;case 1:this._listenerMap[e]=null,delete this._listenerMap[e];break;case 2:case 3:default:a(this._listenerMap,e)&amp;amp;&amp;amp;(this._listenerMap[e]=this._listenerMap[e].filter(function(e){return 2==r?e.callback!==t:e.callback!==t||e.context!==n}))}}})}),define(&quot;instant_search/EventFifo&quot;,[&quot;require&quot;,&quot;exports&quot;,&quot;module&quot;,&quot;instant_search/util/derive&quot;,&quot;instant_search/EventEmitter&quot;,&quot;instant_search/util/each&quot;],function(e,t,n){&quot;use strict&quot;;var r=e(&quot;instant_search/util/derive&quot;),a=e(&quot;instant_search/EventEmitter&quot;),i=e(&quot;instant_search/util/each&quot;);n.exports=r(a,function(e){a.call(this),this._initListeners(e),this.reset()},{_eventTarget:null,_listeners:null,_eventBuffer:null,_buffering:!0,_initListeners:function(e){this._listeners={},i(e,function(e){this._listeners[e]=function(t){this._buffering?this._eventBuffer.push({name:e,data:t}):this.emit(e,t)}},this)},reset:function(){null!==this._eventTarget&amp;amp;&amp;amp;null!==this._listeners&amp;amp;&amp;amp;i(this._listeners,function(e,t){this._eventTarget.off(t,e,this)},this),this._eventTarget=null,this._eventBuffer=[],this._buffering=!0},watch:function(e){this.reset(),i(this._listeners,function(t,n){e.on(n,t,this)},this)},flush:function(){for(var e,t,n,r=this._eventBuffer;e=r.length;){for(t=0;e&amp;gt;t;t++)n=r[t],this.emit(n.name,n.data);r.splice(0,e)}this._buffering=!1}})}),define(&quot;instant_search/goSync&quot;,[&quot;require&quot;,&quot;exports&quot;,&quot;module&quot;],function(e,t,n){&quot;use strict&quot;;n.exports=function(e){window.page&amp;amp;&amp;amp;page.search&amp;amp;&amp;amp;page.search.Search&amp;amp;&amp;amp;page.search.Search.trigger(&quot;leave&quot;),location.href=e}}),define(&quot;instant_search/is&quot;,[&quot;require&quot;,&quot;exports&quot;,&quot;module&quot;,&quot;sfr&quot;,&quot;instant_search/Search&quot;,&quot;instant_search/util/derive&quot;,&quot;instant_search/EventEmitter&quot;,&quot;instant_search/urlUtil&quot;,&quot;instant_search/util/log&quot;,&quot;instant_search/util/extend&quot;,&quot;instant_search/goSync&quot;,&quot;instant_search/Adapter&quot;,&quot;instant_search/supportAsync&quot;,&quot;search/environment&quot;,&quot;instant_search/TimeRecorder&quot;],function(e,t,n){&quot;use strict&quot;;var r=e(&quot;sfr&quot;),a=e(&quot;instant_search/Search&quot;),i=e(&quot;instant_search/util/derive&quot;),s=e(&quot;instant_search/EventEmitter&quot;),o=e(&quot;instant_search/urlUtil&quot;),c=e(&quot;instant_search/util/log&quot;),u=e(&quot;instant_search/util/extend&quot;),d=e(&quot;instant_search/goSync&quot;),l=e(&quot;instant_search/Adapter&quot;),h=e(&quot;instant_search/supportAsync&quot;),p=e(&quot;search/environment&quot;),f=new p,m=e(&quot;instant_search/TimeRecorder&quot;),g=new m,_=function(){var e;return function(){if(e||(e=$(&quot;.se-form&quot;),e.length&amp;gt;1&amp;amp;&amp;amp;(e=e.eq(0))),0===e.length)return{};var t={};return e.serializeArray().forEach(function(e){t[e.name]=e.value}),t}}(),v=i(s,function(){var e=this;s.call(e),e._baseTsamp=window.page&amp;amp;&amp;amp;page.comm&amp;amp;&amp;amp;page.comm.t_samp,f.isBaiduboxapp&amp;amp;&amp;amp;(e._baseParam=o.parse(window.location.href),[&quot;word&quot;,&quot;pn&quot;,&quot;rn&quot;,&quot;sa&quot;,&quot;st&quot;,&quot;ts&quot;].forEach(function(t){delete e._baseParam[t]}))},{_searchModule:null,_searchBeforeSf:null,_baseParam:null,_baseTsamp:null,input:function(e,t){if(c.log(&quot;is.input&quot;,e,t),this._inputEnable()){var n=&quot;string&quot;==typeof e?{word:e}:e;t&amp;amp;&amp;amp;(n=u({},_(),n)),this._searchModule&amp;amp;&amp;amp;this._searchModule.input(u({},n,{word:n.word||&quot;&quot;,pn:&quot;&quot;,mod:1,async:1,pre:2,sp:9,isid:this._searchModule.getSessionId(),acid:page&amp;amp;&amp;amp;page.comm&amp;amp;&amp;amp;page.comm.cid||&quot;&quot;}))}},submit:function(e,t){if(c.log(&quot;is.submit&quot;,e,t),t&amp;amp;&amp;amp;(e=u({},_(),e)),e=u({},this._baseParam,e,{acid:page&amp;amp;&amp;amp;page.comm&amp;amp;&amp;amp;page.comm.cid||&quot;&quot;,t_samp:this._baseTsamp}),!h(e))return void d(o.buildSyncUrl(e));e=u({},this._baseParam,e,{mod:0,async:1,isid:this._searchModule&amp;amp;&amp;amp;this._searchModule.getSessionId()||&quot;&quot;});var n=o.buildSearchUrl(e),a=location.pathname.indexOf(&quot;/searchframe&quot;)&amp;gt;-1;try{a?(c.log(&quot;sf.reset to &quot;,n),r.action.reset(n)):(c.log(&quot;sf.redirect to &quot;,n),r.action.redirect(n))}catch(i){window.page&amp;amp;&amp;amp;page.cookie&amp;amp;&amp;amp;page.cookie(&quot;WISEWR&quot;,&quot;21_2&quot;,{expires:3e3})}this._searchBeforeSf={url:n,time:+new Date},this.search(n,!0)},init:function(e,t,n){if(h()){this._searchModule=new a({root:e,container:t,fromSync:n,environment:f,timeRecorder:g});var r=new l({environment:f});r.on(&quot;input&quot;,this.input,this),r.on(&quot;submit&quot;,this.submit,this),r.on(&quot;boxrequest&quot;,function(e){c.log(&quot;update environment&quot;,e),f.update(e)},this)}},attach:function(){c.log(&quot;attach&quot;),this._searchModule&amp;amp;&amp;amp;this._searchModule.attach()},detach:function(){c.log(&quot;detach&quot;),this._searchModule&amp;amp;&amp;amp;this._searchModule.detach()},search:function(e,t){if(g.reset(),g.add(&quot;start&quot;),!t){c.log(&quot;from sf:&quot;,e);var n=this._searchBeforeSf&amp;amp;&amp;amp;o.getSearchSign(this._searchBeforeSf.url)===o.getSearchSign(e),r=this._searchBeforeSf?+new Date-this._searchBeforeSf.time:0;if(this._searchBeforeSf=null,n&amp;amp;&amp;amp;1e3&amp;gt;r)return void c.info(&quot;sf来的冗余调用 &quot;,r)}return this._searchModule?void this._searchModule.search(e):void d(o.toSync(e))},_inputEnable:function(){var e=window.page&amp;amp;&amp;amp;page.comm&amp;amp;&amp;amp;page.comm.tanet,t=window.page&amp;amp;&amp;amp;page.comm&amp;amp;&amp;amp;page.comm.prefetchSwitch,n=window.__sam_async_type,r=f.boxPresid&amp;amp;&amp;amp;f.boxPresid&amp;lt;40&amp;amp;&amp;amp;15!=f.boxPresid&amp;amp;&amp;amp;14!=f.boxPresid;return window.B&amp;amp;&amp;amp;B.comm&amp;amp;&amp;amp;B.comm.sampleval&amp;amp;&amp;amp;&quot;async_new&quot;===B.comm.sampleval.WISE_TPL_COMMON_SAMPLE_FLAG?(c.warn(&quot;is._inputEnable 不发起预测&quot;,&quot;新旧异步打平实验中，暂关闭预测，先打平异步&quot;),!1):t||n||r?!e||4!=e&amp;amp;&amp;amp;2!=e?!0:(c.warn(&quot;is._inputEnable 不发起预测&quot;,&quot;tanet&quot;,e),!1):(c.warn(&quot;is._inputEnable 不发起预测&quot;,&quot;降级开关&quot;),!1)}});n.exports=new v}),define(&quot;instant_search/monitor&quot;,[&quot;require&quot;,&quot;exports&quot;,&quot;module&quot;,&quot;instant_search/goSync&quot;,&quot;instant_search/urlUtil&quot;],function(e,t,n){&quot;use strict&quot;;function r(){return 0==$(&quot;.result,.se-noresult-tips&quot;).length}function a(){return o?o.getReqStatus():s?s.getReqStatus():u+&quot;_&quot;+i}var i,s,o,c,u=1,d=&quot;new_is&quot;,l=e(&quot;instant_search/goSync&quot;),h=e(&quot;instant_search/urlUtil&quot;),p=[],f=[6e3,12e3,14e3],m=[function(){r()&amp;amp;&amp;amp;window.page&amp;amp;&amp;amp;page.webb&amp;amp;&amp;amp;page.webb.exception&amp;amp;&amp;amp;page.webb.exception.trigger(&quot;wiseasync&quot;,{st:&quot;timeoutfirst_2&quot;,requestStatus:a(),group:d,word:&quot;&quot;})},function(){r()&amp;amp;&amp;amp;window.page&amp;amp;&amp;amp;page.webb&amp;amp;&amp;amp;page.webb.exception&amp;amp;&amp;amp;page.webb.exception.trigger(&quot;wiseasync&quot;,{st:&quot;timeoutsec_2&quot;,requestStatus:a(),group:d,word:&quot;&quot;})},function(){r()&amp;amp;&amp;amp;(window.page&amp;amp;&amp;amp;page.cookie&amp;amp;&amp;amp;page.cookie(&quot;WISEWR&quot;,&quot;16_2&quot;,{expires:864e5}),l(h.toSync(c)))}];n.exports={userSearch:function(e){c=e,s=null,o=null,i=0,this._startMonitor()},setPrefetchStream:function(e){s=e,i=1},setRenderStream:function(e){o=e,i=2},searchPageDetach:function(){this._clearMonitor()},searchPageAttach:function(){var e=location.pathname.indexOf(&quot;/searchframe&quot;)&amp;gt;-1;e||this._startMonitor()},_startMonitor:function(){this._clearMonitor();for(var e=0;e&amp;lt;f.length;++e)p[e]=setTimeout(m[e],f[e])},_clearMonitor:function(){for(var e=0;e&amp;lt;f.length;++e)clearTimeout(p[e])}}}),define(&quot;instant_search/ObjectPool&quot;,[&quot;require&quot;,&quot;exports&quot;,&quot;module&quot;,&quot;instant_search/util/derive&quot;,&quot;instant_search/util/unimplementedFunction&quot;,&quot;instant_search/util/emptyFunction&quot;],function(e,t,n){&quot;use strict&quot;;var r=e(&quot;instant_search/util/derive&quot;),a=e(&quot;instant_search/util/unimplementedFunction&quot;),i=e(&quot;instant_search/util/emptyFunction&quot;);n.exports=r(Object,function(e){Object.call(this),this._size=arguments.length&amp;gt;0?Number(e):-1,this._pool=[]},{_pool:null,malloc:function(){var e=this._pool;return e.length?e.pop():this.onCreate()},free:function(e){var t=this._pool;-1===this._size||this._size&amp;gt;t.length?t.push(e):this.onDestroy(e)},clean:function(){for(var e,t,n=this.pool;e=n.length;){for(t=0;e&amp;gt;t;t++)this.onDestroy(n[t]);n.splice(0,e)}},onCreate:a,onDestroy:i})}),define(&quot;instant_search/Parser&quot;,[&quot;require&quot;,&quot;exports&quot;,&quot;module&quot;,&quot;instant_search/util/derive&quot;,&quot;instant_search/EventEmitter&quot;,&quot;instant_search/util/log&quot;,&quot;instant_search/ObjectPool&quot;],function(e,t,n){&quot;use strict&quot;;var r=e(&quot;instant_search/util/derive&quot;),a=e(&quot;instant_search/EventEmitter&quot;),i=e(&quot;instant_search/util/log&quot;),s=e(&quot;instant_search/ObjectPool&quot;),o=decodeURIComponent(&quot;%3C!---async_&quot;),c=decodeURIComponent(&quot;--%3E&quot;),u=decodeURIComponent(&quot;%3C!--/async_&quot;),d=decodeURIComponent(&quot;--%3E&quot;),l=decodeURIComponent(&quot;%3C!--&quot;),h=decodeURIComponent(&quot;--%3E&quot;),p=0,f=1,m=2,g=r(a,function(){a.call(this),this.reset()},{_status:null,_index:0,_input:null,_tagStack:null,_tagInfo:null,reset:function(){this._status=p,this._index=0,this._input=&quot;&quot;,this._tagStack=[],this._tagInfo=null},start:function(){i.log(&quot;parser&quot;,&quot;start&quot;),this.reset(),this.emit(&quot;start&quot;)},update:function(e){if(i.log(&quot;parser&quot;,&quot;update&quot;,e.length),e)for(this._input=e;this._parse(););},end:function(){i.log(&quot;parser&quot;,&quot;end&quot;),this.emit(&quot;end&quot;)},&quot;break&quot;:function(){i.log(&quot;parser&quot;,&quot;break&quot;),this.emit(&quot;fail&quot;)},connectRequest:function(e){var t=this;e.on(&quot;header&quot;,t.start,t),e.on(&quot;update&quot;,t.update,t),e.on(&quot;end&quot;,t.end,t),e.on(&quot;fail&quot;,t.break,t)},_parse:function(){var e,t,n,r=this._index;switch(this._status){case p:if(e=this._find(o,u),!e)return!1;switch(e.value){case o:return this._index=e.index+o.length,this._tagStack.push(this._tagInfo),this._tagInfo={outterStart:e.index},this._status=f,!0;case u:return this._index=e.index+u.length,this._tagInfo.innerEnd=e.index,this._status=m,!0;default:return!1}break;case f:return(e=this._find(c))?(t=this._input.substring(r,e.index),this._index=e.index+c.length,this._tagInfo.tagName=t,this._tagInfo.innerStart=this._index,this._status=p,!0):!1;case m:if(e=this._find(d),!e)return!1;if(t=this._input.substring(r,e.index),t!==this._tagInfo.tagName)throw new Error(&#039;unmatch tag&quot;&#039;+t+&#039;&quot;, expect &quot;&#039;+n+&#039;&quot;&#039;);return this._index=e.index+d.length,this._tagInfo.outterEnd=this._index,this._onBlock(this._tagInfo),this._tagInfo=this._tagStack.pop(),this._status=p,!0;default:return!1}return!1},_find:function(){var e,t,n,r,a=this._index,i=-1,s=!1;for(t=arguments.length,e=0;t&amp;gt;e;e++){if(n=arguments[e],r=this._input.indexOf(n,a),0===r)return{value:n,index:r};r&amp;gt;0&amp;amp;&amp;amp;(-1==i||i&amp;gt;r)&amp;amp;&amp;amp;(i=r,s={value:n,index:r})}return s},_onBlock:function(e){i.log(&quot;parser&quot;,&quot;block&quot;,e.tagName),e.content=this._input.substring(e.innerStart,e.innerEnd),e.id=e.tagName,&quot;status&quot;===e.tagName&amp;amp;&amp;amp;(e.json=this._parseJSONBlock(e.content)),this.emit(&quot;block&quot;,e)},_parseJSONBlock:function(e){var t,n,r;if(t=e.indexOf(l),n=e.lastIndexOf(h),0&amp;gt;t||0&amp;gt;n)return null;if(t+=l.length,t&amp;gt;n)return null;r=e.substring(t,n);try{return JSON.parse(r)}catch(a){try{return new Function(&quot;return &quot;+r+&quot;;&quot;)()}catch(a){return null}}}}),_=new s;_.onCreate=function(){return new g},g.get=function(){return _.malloc()},g.release=function(e){e.reset(),e.off(),_.free(e)},n.exports=g}),define(&quot;instant_search/Prefetch&quot;,[&quot;require&quot;,&quot;exports&quot;,&quot;module&quot;,&quot;instant_search/util/derive&quot;,&quot;instant_search/util/log&quot;,&quot;instant_search/EventEmitter&quot;,&quot;instant_search/Cache&quot;,&quot;instant_search/Request&quot;,&quot;instant_search/Parser&quot;,&quot;instant_search/view/Stream&quot;,&quot;instant_search/urlUtil&quot;],function(e,t,n){&quot;use strict&quot;;var r=e(&quot;instant_search/util/derive&quot;),a=e(&quot;instant_search/util/log&quot;),i=e(&quot;instant_search/EventEmitter&quot;),s=e(&quot;instant_search/Cache&quot;),o=e(&quot;instant_search/Request&quot;),c=e(&quot;instant_search/Parser&quot;),u=e(&quot;instant_search/view/Stream&quot;),d=e(&quot;instant_search/urlUtil&quot;);n.exports=r(i,function(e){i.call(this),this._fetchedStreamCache=new s,this._readyStreamCache=e},{_fetchedStreamCache:null,_readyStreamCache:null,fetch:function(e){var t=this._fetchedStreamCache,n=this._readyStreamCache,r=d.getSearchSign(e);if(this.emit(&quot;beforefetch&quot;)){var i=new o,s=c.get();s.connectRequest(i);var l=new u;return l.bind(s,i),t.set(r,l),l.on(&quot;metaInfo&quot;,function(){a.log(&quot;预取metaInfo到达，加入缓存&quot;,e),n.set(r,l),t.unset(r),l.on(&quot;fail&quot;,function(){a.log(&quot;已加入缓存的预取stream失败，从缓存中取出&quot;),n.unset(r,l)})}),i.get(d.appendParams(e,{mod:0,async:1})),a.log(&#039;发送预取&quot;&#039;+e+&#039;&quot;&#039;),l}}})}),define(&quot;instant_search/Request&quot;,[&quot;require&quot;,&quot;exports&quot;,&quot;module&quot;,&quot;instant_search/util/derive&quot;,&quot;instant_search/util/each&quot;,&quot;instant_search/util/log&quot;,&quot;instant_search/EventEmitter&quot;,&quot;instant_search/util/unimplementedFunction&quot;],function(e,t,n){&quot;use strict&quot;;function r(e){var t=[];return i(e,function(e,n){n=encodeURIComponent(n),e=encodeURIComponent(e),t.push(n+&quot;=&quot;+e)}),t.join(&quot;&amp;amp;&quot;)}var a=e(&quot;instant_search/util/derive&quot;),i=e(&quot;instant_search/util/each&quot;),s=e(&quot;instant_search/util/log&quot;),o=e(&quot;instant_search/EventEmitter&quot;),c=e(&quot;instant_search/util/unimplementedFunction&quot;),u=2,d=3,l=4,h=0,p=10,f=30,m=200,g=&quot;get&quot;,_=&quot;post&quot;,v=a(o,function(){o.call(this)},{_xhr:null,_url:null,abort:function(){null!==this._xhr&amp;amp;&amp;amp;(this._xhr.abort(),this.emit(&quot;abort&quot;))},request:function(e,t,n){var r=this._xhr;null===r&amp;amp;&amp;amp;(r=this._xhr=new XMLHttpRequest,r.onreadystatechange=this._onreadystatechange.bind(this)),this._url=e,r.open(t,e,!0),r.setRequestHeader(&quot;Cache-Control&quot;,&quot;private&quot;),r.setRequestHeader(&quot;Async-Type&quot;,&quot;xml&quot;),r.send(n)},get:function(e,t){var n=r(t);n.length&amp;gt;0&amp;amp;&amp;amp;(e+=(e.indexOf(&quot;?&quot;)&amp;lt;0?&quot;?&quot;:&quot;&amp;amp;&quot;)+n),this.request(e,g,null)},post:c,getUrl:function(){return this._url},getStatus:function(){var e=this._xhr;return e?e.readyState!==l?p:this._isSuccess(e)&amp;amp;&amp;amp;this._resultIsAsyncContent(e)?m:f:h},_onreadystatechange:function(){var e,t=this._xhr;switch(t.readyState){case u:s.log(&quot;request&quot;,&quot;header&quot;),this.emit(&quot;header&quot;,t.getAllResponseHeaders());break;case d:e=t.responseText,null!==e&amp;amp;&amp;amp;(s.log(&quot;request&quot;,&quot;update&quot;,e.length),this.emit(&quot;update&quot;,e));break;case l:this._isSuccess(t)&amp;amp;&amp;amp;this._resultIsAsyncContent(t)?(e=t.responseText,null!==e&amp;amp;&amp;amp;(s.log(&quot;request&quot;,&quot;done&quot;,e.length),this.emit(&quot;update&quot;,e)),this.emit(&quot;end&quot;,e)):(this._isSuccess(t)?this._resultIsAsyncContent(t)||(window.page&amp;amp;&amp;amp;page.cookie&amp;amp;&amp;amp;page.cookie(&quot;WISEWR&quot;,&quot;11_2&quot;,{expires:3e3}),window.page&amp;amp;&amp;amp;page.cookie&amp;amp;&amp;amp;page.cookie(&quot;WISEER&quot;,&quot;1_2&quot;,{expires:3e5})):window.page&amp;amp;&amp;amp;page.cookie&amp;amp;&amp;amp;page.cookie(&quot;WISEWR&quot;,&quot;13_2&quot;,{expires:3e5}),s.log(&quot;request&quot;,&quot;fail&quot;),this.emit(&quot;fail&quot;))}},_isSuccess:function(e){return e.status&amp;gt;=200&amp;amp;&amp;amp;e.status&amp;lt;300||304==e.status},_resultIsAsyncContent:function(e){var t=e.responseText||&quot;&quot;;return t.indexOf(decodeURIComponent(&quot;%3C!---async_&quot;))&amp;gt;-1||t.indexOf(&#039;&amp;lt;template id=&quot;async_&#039;)&amp;gt;-1||t.length&amp;lt;150&amp;amp;&amp;amp;t.indexOf(&#039;&amp;lt;div id=&quot;__status&quot;&amp;gt;&#039;)&amp;gt;-1}});v.GET=g,v.POST=_,v.STATUS_DEFAULT=h,v.STATUS_LOADING=p,v.STATUS_LOAD_ERROR=f,v.STATUS_LOAD_SUCCESS=m,n.exports=v}),define(&quot;instant_search/Search&quot;,[&quot;require&quot;,&quot;exports&quot;,&quot;module&quot;,&quot;instant_search/util/derive&quot;,&quot;instant_search/util/each&quot;,&quot;instant_search/util/slice&quot;,&quot;instant_search/util/log&quot;,&quot;instant_search/EventEmitter&quot;,&quot;instant_search/view/Stream&quot;,&quot;instant_search/Cache&quot;,&quot;instant_search/SessionId&quot;,&quot;instant_search/Suggest&quot;,&quot;instant_search/Prefetch&quot;,&quot;instant_search/view/View&quot;,&quot;instant_search/urlUtil&quot;,&quot;instant_search/util/extend&quot;,&quot;instant_search/goSync&quot;,&quot;instant_search/monitor&quot;],function(e,t,n){&quot;use strict&quot;;var r=e(&quot;instant_search/util/derive&quot;),a=e(&quot;instant_search/util/each&quot;),i=e(&quot;instant_search/util/slice&quot;),s=e(&quot;instant_search/util/log&quot;),o=(e(&quot;instant_search/EventEmitter&quot;),e(&quot;instant_search/view/Stream&quot;),e(&quot;instant_search/Cache&quot;)),c=e(&quot;instant_search/SessionId&quot;),u=e(&quot;instant_search/Suggest&quot;),d=e(&quot;instant_search/Prefetch&quot;),l=e(&quot;instant_search/view/View&quot;),h=e(&quot;instant_search/urlUtil&quot;),p=e(&quot;instant_search/util/extend&quot;),f=e(&quot;instant_search/goSync&quot;),m=e(&quot;instant_search/monitor&quot;),g=18e4;n.exports=r(Object,function(e){var t=this,n=e.environment;Object.call(t),t._cache=new o(g),t._view=new l({root:e.root,container:e.container,fromSync:e.fromSync,timeRecorder:e.timeRecorder}),t._suggest=new u(t._cache),t._prefetch=new d(t._cache),t._environment=e.environment,t._timeRecorder=e.timeRecorder,t._sessionId=new c,t._confirmedSearch=new o,t._searchInfo={_url:null,_time:null,update:function(e){this._time=+new Date,this._url=e},getUrl:function(){return this._url},getUpdateTime:function(){return this._time}},t._view.on(&quot;afterdestroy&quot;,t._sessionId.update,t._sessionId),e.fromSync?t._bindPageStateEvent():t._view.on(&quot;framedone&quot;,t._bindPageStateEvent,t),window.__sam_async_debug?t._updateBoxState({state:&quot;10&quot;}):-1===document.cookie.indexOf(&quot;WISEER=1&quot;)&amp;amp;&amp;amp;(n.isIos?n.deviceVersion&amp;gt;=4?t._updateBoxState({state:&quot;10&quot;}):(16==n.boxPresid||17==n.boxPresid)&amp;amp;&amp;amp;t._updateBoxState({state:&quot;10&quot;}):t._updateBoxState({state:&quot;10&quot;}))},{_suggest:null,_prefetch:null,_view:null,_cache:null,_sessionId:null,_timeRecorder:null,_fastFirstStopper:null,_searchInfo:null,_confirmedSearch:null,_prefetchStream:null,_renderedStream:null,input:function(e){var t=this._getCacheList(this._cache);this._suggest.input(p({clist:t},e))},search:function(e){m.userSearch(e);var t,n,r=this,a=r._cache,i=r._view,o=!1,c=h.parse(e),u=h.getSearchSign(e),d=u===h.getSearchSign(r._searchInfo.getUrl()),l=d&amp;amp;&amp;amp;+new Date-r._searchInfo.getUpdateTime()&amp;lt;500;return s.log(&quot;search: &quot;,e),l?void s.warn(&quot;用户过于频繁发起相同检索，不予响应&quot;):(r._searchInfo.update(e),r._fastFirstStopper&amp;amp;&amp;amp;(r._fastFirstStopper(),r._fastFirstStopper=null,s.log(&quot;search&quot;,&quot;【取消上次fastFirst】&quot;)),d&amp;amp;&amp;amp;(s.warn(&quot;用户再次发起相同的检索，unset已有缓存&quot;),a.unset(u)),(t=a.get(u))?(o=!0,s.log(&quot;命中缓存&quot;),r._goSyncWhenFail(t)):(t=r._suggest.wait(e),n=r._prefetch.fetch(e),r._goSyncWhenFail(n)),i.updateQuery(c.word),r._updateBoxState({state:&quot;20&quot;,url:h.toSync(e)}),r._prefetchStream=n,r._renderedStream=null,m.setPrefetchStream(n),i.destroy(),window.__sam_async_index=!1,void(o?r._render(t):(s.log(&quot;等待双发&quot;),r._fastFirstStopper=r._fastFirstStream(function(e){s.log(&quot;双发命中&quot;+(e===t?&quot;预测&quot;:&quot;预取&quot;)),e===t&amp;amp;&amp;amp;r._goSyncWhenFail(t),r._render(e),r._fastFirstStopper=null},t,n))))},attach:function(){m.searchPageAttach(),this._view.attach()},detach:function(){m.searchPageDetach(),this._view.detach()},getSessionId:function(){return this._sessionId.get()},_fastFirstStream:function(e){var t,n,r,o=i(arguments,1),c=o.length,u=!1,d=function(){u=!0,a(o,function(e){e.off(&quot;metaInfo&quot;,l)}),o=null},l=function(){u||(d(),e(this))};for(t=0;c&amp;gt;t;t++)n=o[t],n.getMetaInfo()&amp;amp;&amp;amp;(r=n),n.on(&quot;metaInfo&quot;,l);return r?(s.error(&quot;fastFirst中直接可用，但前面在缓存中未能捞出~&quot;),l.call(r),null):d},_goSyncWhenFail:function(e){var t=this;e.on(&quot;fail&quot;,function(){var e=h.toSync(t._searchInfo.getUrl());s.error(&quot;stream失败，强跳同步!&quot;,e),window.page&amp;amp;&amp;amp;page.cookie&amp;amp;&amp;amp;(page.cookie(&quot;WISEWR&quot;)||page.cookie(&quot;WISEWR&quot;,&quot;14_2&quot;,{expires:3e3})),t._updateBoxState({state:&quot;50&quot;,url:encodeURIComponent(e)}),f(e)})},_getCacheList:function(e){return e.getAll().map(function(e){return e.getMetaInfo().querysign}).join(&quot;	&quot;)},_updateBoxState:function(e){s.log(&quot;updateBoxState&quot;,e),window.Bdbox&amp;amp;&amp;amp;Bdbox.invokeApp&amp;amp;&amp;amp;(Bdbox.invokeApp.android?Bdbox.invokeApp(&quot;Bdbox_android_searchFrame&quot;,&quot;asyncPageState&quot;,[JSON.stringify(e)]):Bdbox.invokeApp.ios&amp;amp;&amp;amp;Bdbox.invokeApp(&quot;searchFrame&quot;,{action:&quot;asyncPageState&quot;,params:JSON.stringify(e),minver:&quot;7.5.0.0&quot;},&quot;&quot;))},_bindPageStateEvent:function(){var e=this;return window.page&amp;amp;&amp;amp;page.comm&amp;amp;&amp;amp;page.cookie?(page.on(&quot;ready&quot;,function(){e._searchInfo.getUrl()&amp;amp;&amp;amp;e._updateBoxState({state:&quot;30&quot;,url:encodeURIComponent(h.toSync(e._searchInfo.getUrl()))})}),page.on(&quot;load&quot;,function(){e._searchInfo.getUrl()&amp;amp;&amp;amp;e._updateBoxState({state:&quot;40&quot;,url:encodeURIComponent(h.toSync(e._searchInfo.getUrl()))})}),page.on(&quot;init&quot;,function(){if(e._renderedStream){e._setSpeedLogParam();var t=h.parse(e._renderedStream.getUrl());&quot;1&quot;==t.mod&amp;amp;&amp;amp;e._confirmMod1(e._renderedStream)}}),page.on(&quot;afterload&quot;,function(){page.comm.query&amp;amp;&amp;amp;0===$(&quot;.result,.se-noresult-tips&quot;).length?page.cookie(&quot;WISEWR&quot;,&quot;15_2&quot;,{expires:864e5}):page.cookie(&quot;WISEWR&quot;,&quot;&quot;,{expires:-1})}),void(window.__sam_async_debug&amp;amp;&amp;amp;($(&quot;head&quot;).append(&#039;&amp;lt;style class=&quot;.se-debug-style&quot;&amp;gt;.se-debug{color:red;position:fixed;top:40px;font-size:12px;left:0;z-index: 9999;text-align:left;background:rgba(255,255,0,0.9);}&amp;lt;/style&amp;gt;&#039;),$(&quot;body&quot;).prepend(&#039;&amp;lt;div class=&quot;se-debug&quot;&amp;gt;SYNC-ABLE TO SEARCH new-is&amp;lt;/div&amp;gt;&#039;)))):void s.error(&quot;结果页渲染完成但缺少page&quot;)},_render:function(e){this._renderedStream=e,m.setRenderStream(e),this._view.render(e)},_confirmMod1:function(e){var t=e.getUrl(),n=h.parse(t),r=h.getSearchSign(t),a=e.getMetaInfo()||{};return this._confirmedSearch.get(r)?void s.log(&quot;_confirmMod1 已confirm过，故不再重新confirm&quot;):(s.info(&quot;confirm mod1&quot;),n.mod=&quot;2&quot;,n.cqid=a.lid,n.word=a.realword,n.isa=n.sa,n.sa=h.parse(this._searchInfo.getUrl()).sa,$.ajax({url:&quot;/s?&quot;+h.buildSearchQueryString(n)}),void this._confirmedSearch.set(r,!0))},_setSpeedLogParam:function(){var e=h.parse(this._renderedStream.getUrl()),t=h.parse(this._searchInfo.getUrl());window.B&amp;amp;&amp;amp;B.comm&amp;amp;&amp;amp;(B.comm.ps={mod:1==e.mod?2:e.mod},t.ts&amp;amp;&amp;amp;(B.comm.ps.net=this._timeRecorder.get(&quot;head&quot;)-this._timeRecorder.get(&quot;start&quot;)),s.info(&quot;speedlog&quot;,B.comm.ps)),window.__sam_async_debug&amp;amp;&amp;amp;$(&quot;.se-debug&quot;).html((2==B.comm.ps.mod?&quot;PREDICT-new-is&quot;:&quot;ASYNC-new-is&quot;)+&quot;&amp;amp;nbsp;&amp;amp;nbsp;&amp;amp;nbsp;&amp;amp;nbsp;&amp;lt;br&amp;gt;B.comm.ps.net:&quot;+(B.comm.ps.net&amp;gt;0?B.comm.ps.net:0)+&quot;ms&quot;)}})}),define(&quot;instant_search/SessionId&quot;,[&quot;require&quot;,&quot;exports&quot;,&quot;module&quot;,&quot;instant_search/util/derive&quot;],function(e,t,n){&quot;use strict&quot;;var r=e(&quot;instant_search/util/derive&quot;);n.exports=r(Object,function(){this.update()},{_sessionId:&quot;&quot;,get:function(){return this._sessionId},update:function(){this._sessionId=this._randomId()},_randomId:function(){var e=window.page&amp;amp;&amp;amp;page.comm&amp;amp;&amp;amp;page.comm.baiduid||&quot;&quot;,t=window.page&amp;amp;&amp;amp;page.comm&amp;amp;&amp;amp;page.comm.lid||&quot;&quot;;return e.substr(0,6)+t.substr(-5)+e.substr(-5)+parseInt(99999*Math.random())}})}),define(&quot;instant_search/Suggest&quot;,[&quot;require&quot;,&quot;exports&quot;,&quot;module&quot;,&quot;instant_search/util/derive&quot;,&quot;instant_search/EventEmitter&quot;,&quot;instant_search/Cache&quot;,&quot;instant_search/Request&quot;,&quot;instant_search/Parser&quot;,&quot;instant_search/view/Stream&quot;,&quot;instant_search/EventFifo&quot;,&quot;instant_search/util/extend&quot;,&quot;instant_search/util/log&quot;,&quot;instant_search/urlUtil&quot;,&quot;instant_search/SuggestFilter&quot;],function(e,t,n){&quot;use strict&quot;;var r=e(&quot;instant_search/util/derive&quot;),a=e(&quot;instant_search/EventEmitter&quot;),i=e(&quot;instant_search/Cache&quot;),s=e(&quot;instant_search/Request&quot;),o=e(&quot;instant_search/Parser&quot;),c=e(&quot;instant_search/view/Stream&quot;),u=e(&quot;instant_search/EventFifo&quot;),d=(e(&quot;instant_search/util/extend&quot;),e(&quot;instant_search/util/log&quot;)),l=e(&quot;instant_search/urlUtil&quot;),h=e(&quot;instant_search/SuggestFilter&quot;);n.exports=r(a,function(e){a.call(this),this._streamCache=new i,this._readyStreamCache=e,(new h).bindSuggest(this)},{_streamCache:null,_readyStreamCache:null,input:function(e){var t=this,n=e.word||&quot;&quot;,r=l.buildSearchUrl(e);if(t.emit(&quot;beforeinput&quot;,n)){var a=new s,i=o.get();i.connectRequest(a);var c=new u([&quot;start&quot;,&quot;block&quot;,&quot;end&quot;,&quot;fail&quot;]);c.watch(i),i.on(&quot;block&quot;,function(e){if(&quot;status&quot;===e.id){var r=e.json;d.log(&#039;预测结果&quot;&#039;+n+&#039;&quot; -&amp;gt; &quot;&#039;+r.realword+&#039;&quot;&#039;),t._onSuccess(r,c,a)}&quot;sug_predict_err&quot;===e.id&amp;amp;&amp;amp;d.log(&#039;预测失败&quot;&#039;+n+&#039;&quot;&#039;)}),a.get(r),d.log(&#039;发送预测&quot;&#039;+n+&#039;&quot;&#039;)}},_onSuccess:function(e,t,n){var r=e.realword,a=this._getStream(l.buildSearchUrl({word:r}));switch(a.getStatus()){case c.STAT_INIT:case c.STAT_WAITING:a.bind(t,n),t.flush();break;case c.STAT_RECEIVING:break;case c.STAT_FINISHED:}},wait:function(e){return this._getStream(e)},_getStream:function(e){var t=this,n=t._streamCache.get(r),r=l.getSearchSign(e);return n||(n=new c,t._streamCache.set(r,n),n.on(&quot;metaInfo&quot;,function(a){l.normalizeWord(a.realword)!==l.parse(r).word&amp;amp;&amp;amp;d.error(&quot;预测中stream的realword不符合预期!&quot;),d.log(&quot;预测metaInfo到达，加入缓存&quot;,e),t._readyStreamCache.set(r,n),n.on(&quot;fail&quot;,function(){d.log(&quot;已加入缓存的预测stream失败，从缓存中取出&quot;),t._readyStreamCache.unset(r,n)})})),n}})}),define(&quot;instant_search/SuggestFilter&quot;,[&quot;require&quot;,&quot;exports&quot;,&quot;module&quot;,&quot;instant_search/util/derive&quot;,&quot;instant_search/util/log&quot;,&quot;instant_search/Cache&quot;],function(e,t,n){&quot;use strict&quot;;var r=e(&quot;instant_search/util/derive&quot;),a=e(&quot;instant_search/util/log&quot;);e(&quot;instant_search/Cache&quot;),n.exports=r(Object,function(){Object.call(this),this._historyList=[]},{_historyList:null,bindSuggest:function(e){e.on(&quot;beforeinput&quot;,this._beforeInput,this)},_beforeInput:function(e){var t=this._historyList;if(e=e.replace(/\s/gi,&quot;&quot;),!e)return a.warn(&quot;SuggestFilter 不发起预测&quot;,&quot;no prefix&quot;,e),!1;if(-1!==t.indexOf(e))return a.warn(&quot;SuggestFilter 不发起预测&quot;,&quot;之前预测过&quot;),!1;var n=t.length&amp;amp;&amp;amp;t[t.length-1];if(n&amp;amp;&amp;amp;n.indexOf(e)&amp;gt;-1)return a.warn(&quot;SuggestFilter 不发起预测&quot;,&quot;被上个词包含&quot;),!1;var r=&quot;@&quot;===e[0];return r?(a.warn(&quot;SuggestFilter 不发起预测&quot;,&quot;直达号&quot;),!1):encodeURIComponent(e).length&amp;lt;=2?(a.warn(&quot;SuggestFilter 不发起预测&quot;,&quot;少于3个字母&quot;),!1):e.length&amp;gt;14?(a.warn(&quot;SuggestFilter 不发起预测&quot;,&quot;超长&quot;),!1):window.page&amp;amp;&amp;amp;page.comm&amp;amp;&amp;amp;decodeURIComponent(page.comm.query)===e?(a.warn(&quot;SuggestFilter 不发起预测&quot;,&quot;等于当前query&quot;),!1):(t.push(e),this._historyList=t=t.slice(-50),!0)}})}),define(&quot;instant_search/TimeRecorder&quot;,[&quot;require&quot;,&quot;exports&quot;,&quot;module&quot;,&quot;instant_search/util/derive&quot;],function(e,t,n){&quot;use strict&quot;;var r=e(&quot;instant_search/util/derive&quot;);n.exports=r(Object,function(){this.reset()},{_time:null,add:function(e,t){this._time[e]=t||+new Date},get:function(e){return this._time[e]},reset:function(){this._time={}}})}),define(&quot;instant_search/supportAsync&quot;,[&quot;require&quot;,&quot;exports&quot;,&quot;module&quot;],function(e,t,n){&quot;use strict&quot;;var r=&quot;onpopstate&quot;in window;n.exports=function(e){if(!r)return!1;if(e){var t=e.word||&quot;&quot;,n=e.st||&quot;&quot;,a=0===t.indexOf(&quot;@&quot;),i=&quot;b&quot;==n.substring(2,3)||&quot;n&quot;==n.substring(3,4);if(!t||a||i)return!1}return!0}}),define(&quot;instant_search/urlUtil&quot;,[&quot;require&quot;,&quot;exports&quot;,&quot;module&quot;,&quot;instant_search/util/each&quot;],function(e,t,n){&quot;use strict&quot;;var r=e(&quot;instant_search/util/each&quot;),a=[&quot;word&quot;,&quot;pn&quot;,&quot;nojc&quot;,&quot;cl&quot;,&quot;cq&quot;,&quot;srcid&quot;],i=&quot;wd&quot;,s=50,o={},c=[];n.exports={getSearchSign:function(e){var t=this,n=t.parse(e),i=[];return n.pn||(n.pn=&quot;0&quot;),r(a,function(e){var r=n[e]||&quot;&quot;;&quot;word&quot;===e&amp;amp;&amp;amp;(r=t.normalizeWord(r)),i.push(e+&quot;=&quot;+r)}),i.join(&quot;&amp;amp;&quot;)},parse:function(e){if(e=e||&quot;&quot;,o[e])return this._copy(o[e]);var t={},n=e.indexOf(&quot;?&quot;)+1,a=e.slice(n)||&quot;&quot;;return r(a.split(&quot;&amp;amp;&quot;),function(e){var n=e.split(&quot;=&quot;),r=n[0]!==i?n[0]:&quot;word&quot;;try{t[r]=decodeURIComponent((n[1]||&quot;&quot;).replace(/\+/g,&quot; &quot;))}catch(a){}}),o[e]=t,c.push(e),c.length&amp;gt;s&amp;amp;&amp;amp;delete o[c.shift()],this._copy(t)},buildSearchUrl:function(e){return&quot;s?&quot;+this.buildSearchQueryString(e)},buildSyncUrl:function(e){return this.toSync(this.buildSearchUrl(e))},toSync:function(e){return/^(https?:)?\/\/.*\..*/.test(e)?e:(e=e.replace(/^\/(.*\/)?s\?/,&quot;s?&quot;),location.protocol+&quot;//&quot;+location.host+&quot;/&quot;+e.replace(/mod=[0-9]*/,&quot;&quot;).replace(&quot;async=1&quot;,&quot;&quot;))},appendParams:function(e,t){var n,a=this.parse(e),i={};return r(t,function(e,t){a.hasOwnProperty(t)||(i[t]=e)}),n=this.buildSearchQueryString(i),e+(n?&quot;&amp;amp;&quot;+n:&quot;&quot;)},normalizeWord:function(e){return e.toLowerCase().replace(/\s/g,&quot;&quot;)},buildSearchQueryString:function(e){var t=[];return r(e,function(n,r){r&amp;amp;&amp;amp;e.hasOwnProperty(r)&amp;amp;&amp;amp;&quot;&quot;!==e[r]&amp;amp;&amp;amp;t.push(r+&quot;=&quot;+encodeURIComponent(e[r]).replace(/&#039;/g,&quot;%27&quot;))}),t.join(&quot;&amp;amp;&quot;)},_copy:function(e){return JSON.parse(JSON.stringify(e))}}}),define(&quot;instant_search/util/derive&quot;,[&quot;require&quot;,&quot;exports&quot;,&quot;module&quot;,&quot;instant_search/util/isFunction&quot;,&quot;instant_search/util/extend&quot;,&quot;instant_search/util/each&quot;,&quot;instant_search/util/hasOwn&quot;],function(e,t,n){&quot;use strict&quot;;function r(e,t,n){&quot;object&quot;==typeof t&amp;amp;&amp;amp;(n=t,t=i(n,&quot;constructor&quot;)?n.constructor:function(){e.apply(this,arguments)},delete n.constructor);var r,s,o,c,u,d=t;return r=Object.create(e.prototype),n=n||{},c={},a(n,function(e,t){if(s=t.split(&quot; &quot;),1===s.length)r[t]=e;else switch(o=s.shift(),t=s.join(&quot; &quot;),o){case&quot;get&quot;:case&quot;set&quot;:u=c[t]||{},u[o]=e,c[t]=u}}),Object.defineProperties(r,c),d.prototype=r,r.constructor=d,d}var a=(e(&quot;instant_search/util/isFunction&quot;),e(&quot;instant_search/util/extend&quot;),e(&quot;instant_search/util/each&quot;)),i=e(&quot;instant_search/util/hasOwn&quot;);n.exports=r}),define(&quot;instant_search/util/each&quot;,[&quot;require&quot;,&quot;exports&quot;,&quot;module&quot;,&quot;instant_search/util/isFunction&quot;],function(e,t,n){&quot;use strict&quot;;function r(e,t,n){if(e){var r,i=0,s=e.length,o=void 0===s||a(e);if(o){for(r in e)if(t.call(n,e[r],r,e)===!1)break}else for(i=0;s&amp;gt;i&amp;amp;&amp;amp;t.call(n,e[i],i,e)!==!1;i++);return e}}var a=e(&quot;instant_search/util/isFunction&quot;);n.exports=r}),define(&quot;instant_search/util/emptyFunction&quot;,[&quot;require&quot;,&quot;exports&quot;,&quot;module&quot;],function(e,t,n){&quot;use strict&quot;;n.exports=new Function}),define(&quot;instant_search/util/extend&quot;,[&quot;require&quot;,&quot;exports&quot;,&quot;module&quot;,&quot;instant_search/util/hasOwn&quot;],function(e,t,n){&quot;use strict&quot;;function r(e){var t,n,r,i;for(e=e||{},n=arguments.length,t=1;n&amp;gt;t;t++){r=arguments[t];for(i in r)a(r,i)&amp;amp;&amp;amp;(e[i]=r[i])}return e}var a=e(&quot;instant_search/util/hasOwn&quot;);n.exports=r}),define(&quot;instant_search/util/hasOwn&quot;,[&quot;require&quot;,&quot;exports&quot;,&quot;module&quot;],function(e,t,n){&quot;use strict&quot;;var r=Object.prototype.hasOwnProperty;n.exports=function(e,t){return r.call(e,t)}}),define(&quot;instant_search/util/isFunction&quot;,[&quot;require&quot;,&quot;exports&quot;,&quot;module&quot;,&quot;instant_search/util/type&quot;],function(e,t,n){&quot;use strict&quot;;function r(e){return&quot;function&quot;===a(e)}var a=e(&quot;instant_search/util/type&quot;);n.exports=r}),define(&quot;instant_search/util/isPlainObject&quot;,[&quot;require&quot;,&quot;exports&quot;,&quot;module&quot;,&quot;instant_search/util/type&quot;],function(e,t,n){function r(e){return null!=e&amp;amp;&amp;amp;e==e.window}function a(e){return&quot;object&quot;==s(e)}function i(e){return a(e)&amp;amp;&amp;amp;!r(e)&amp;amp;&amp;amp;Object.getPrototypeOf(e)==Object.prototype}var s=e(&quot;instant_search/util/type&quot;);n.exports=i}),define(&quot;instant_search/util/log&quot;,[&quot;require&quot;,&quot;exports&quot;,&quot;module&quot;],function(e,t,n){&quot;use strict&quot;;var r={},a=null,i=window.__sam_async_debug&amp;amp;&amp;amp;window.page&amp;amp;&amp;amp;page.comm&amp;amp;&amp;amp;page.comm.useNewIs,s=i;[&quot;log&quot;,&quot;info&quot;,&quot;error&quot;,&quot;warn&quot;].forEach(function(e){r[e]=function(){if(i&amp;amp;&amp;amp;(console[e].apply(console,arguments),s)){var t=document.createElement(&quot;div&quot;);t.style.cssText=[&quot;color: &quot;+{log:&quot;black&quot;,info:&quot;blue&quot;,error:&quot;red&quot;,warn:&quot;#adad00&quot;}[e]+&quot;;&quot;,&quot;text-align: left;&quot;,&quot;border-bottom: 1px dashed;&quot;].join(&quot;&quot;),t.textContent=[].slice.call(arguments).map(function(e){return JSON.stringify(e)}).join(&quot;, &quot;),a.insertBefore(t,a.childNodes[0])}}}),s&amp;amp;&amp;amp;(a=document.createElement(&quot;div&quot;),a.style.cssText=[&quot;position: fixed;&quot;,&quot;bottom: 100px;&quot;,&quot;left: 0;&quot;,&quot;width: 100%;&quot;,&quot;height: 150px;&quot;,&quot;background-color: rgba(255, 255, 255, 0.8);&quot;,&quot;border-top: 1px solid;&quot;,&quot;border-bottom: 1px solid;&quot;,&quot;border-color: #aaa;&quot;,&quot;z-index: 10;&quot;,&quot;overflow: auto;&quot;].join(&quot;&quot;),document.body.appendChild(a),a.textContent=&quot;is log. fis compile time: __FIS_COMPILE_TIME__&quot;),n.exports=r}),define(&quot;instant_search/util/queueApply&quot;,[&quot;require&quot;,&quot;exports&quot;,&quot;module&quot;],function(e,t,n){&quot;use strict&quot;;function r(e,t,n){var r,s,o;if(a.push([e,t,n]),!i){for(i=!0;r=a.length;){for(s=0;r&amp;gt;s;s++)o=a[s],o[0].apply(o[1],o[2]);a.splice(0,r)}i=!1}}var a=[],i=!1;n.exports=r}),define(&quot;instant_search/util/queueCall&quot;,[&quot;require&quot;,&quot;exports&quot;,&quot;module&quot;,&quot;instant_search/util/queueApply&quot;,&quot;instant_search/util/slice&quot;],function(e,t,n){&quot;use strict&quot;;function r(e,t){return a(e,t,i(arguments,2))}var a=e(&quot;instant_search/util/queueApply&quot;),i=e(&quot;instant_search/util/slice&quot;);n.exports=r}),define(&quot;instant_search/util/slice&quot;,[&quot;require&quot;,&quot;exports&quot;,&quot;module&quot;],function(e,t,n){&quot;use strict&quot;;function r(e,t,n){switch(arguments.length){case 0:return[];case 1:return a.call(e);case 2:return a.call(e,t);default:return a.call(e,t,n)}}var a=Array.prototype.slice;n.exports=r}),define(&quot;instant_search/util/toCamelCase&quot;,[&quot;require&quot;,&quot;exports&quot;,&quot;module&quot;],function(e,t,n){n.exports=function(e,t){var n=e.replace(/-+(.)?/g,function(e,t){return t?t.toUpperCase():&quot;&quot;});return t?n[0].toUpperCase()+n.slice(1):n}}),define(&quot;instant_search/util/trim&quot;,[&quot;require&quot;,&quot;exports&quot;,&quot;module&quot;],function(e,t,n){&quot;use strict&quot;;function r(e){return null==e?&quot;&quot;:String.prototype.trim.call(e)}n.exports=r}),define(&quot;instant_search/util/type&quot;,[&quot;require&quot;,&quot;exports&quot;,&quot;module&quot;],function(e,t,n){&quot;use strict&quot;;function r(e){return null==e?String(e):c[o.call(e)]||&quot;object&quot;}var a,i,s=[&quot;Boolean&quot;,&quot;Number&quot;,&quot;String&quot;,&quot;Function&quot;,&quot;Array&quot;,&quot;Date&quot;,&quot;RegExp&quot;,&quot;Object&quot;],o=Object.prototype.toString,c={};for(a=s.length;a--;)i=s[a],c[&quot;[object &quot;+i+&quot;]&quot;]=i.toLowerCase();n.exports=r}),define(&quot;instant_search/util/unimplementedFunction&quot;,[&quot;require&quot;,&quot;exports&quot;,&quot;module&quot;],function(e,t,n){&quot;use strict&quot;;n.exports=function(){throw new Error(&quot;method is not implemented.&quot;)}}),define(&quot;instant_search/view/Render&quot;,[&quot;require&quot;,&quot;exports&quot;,&quot;module&quot;,&quot;instant_search/util/derive&quot;,&quot;instant_search/EventEmitter&quot;,&quot;instant_search/util/each&quot;,&quot;instant_search/util/slice&quot;,&quot;instant_search/util/log&quot;,&quot;instant_search/util/emptyFunction&quot;],function(e){&quot;use strict&quot;;var t=e(&quot;instant_search/util/derive&quot;),n=e(&quot;instant_search/EventEmitter&quot;),r=(e(&quot;instant_search/util/each&quot;),e(&quot;instant_search/util/slice&quot;)),a=e(&quot;instant_search/util/log&quot;),i=e(&quot;instant_search/util/emptyFunction&quot;);return t(n,function(e){n.call(this),this._timeRecorder=e},{_rendering:!1,_pageWrapperContent:&quot;&quot;,_headJsContent:&quot;&quot;,_renderingStream:null,render:function(e,t){var n=this;t=t||i,n._rendering=!0,n._renderingStream=e.stream,n._renderingStream.read(function(r){n._processAction(r,e,function(){n._rendering=!1,n._renderingStream=null,t()})})},cancelRender:function(){this._renderingStream&amp;amp;&amp;amp;this._renderingStream.cancelRead(),this._rendering=!1,this._renderingStream=null},_processAction:function(e,t,n){var r,s,o=this,c=window.B&amp;amp;&amp;amp;B.search&amp;amp;&amp;amp;B.search.Search||{trigger:i,one:i};switch(e.type){case&quot;start&quot;:c.trigger(&quot;start&quot;);break;case&quot;block&quot;:r=e.data,a.log(&quot;render.block&quot;,&quot;start&quot;,r.id),o._processBlock(r,t.root,t.renderFrame,t.insertPoint),a.log(&quot;render.block&quot;,&quot;end&quot;,r.id);break;case&quot;end&quot;:a.log(&quot;render.end, dispatch event&quot;),c.trigger(&quot;ready&quot;),c.trigger(&quot;init&quot;),$(&quot;img[data-imagedelaysrc]&quot;).not(&#039;[data-imageinvisible=&quot;1&quot;]&#039;).imageDelayload(),c.trigger(&quot;load&quot;),c.trigger(&quot;DOMContentLoaded&quot;),$(&quot;.se-bn&quot;).blur(),s=t.stream.getMetaInfo()&amp;amp;&amp;amp;t.stream.getMetaInfo().realword||&quot;&quot;,window.Bdbox&amp;amp;&amp;amp;Bdbox.updateKeyword&amp;amp;&amp;amp;Bdbox.updateKeyword(s,!0),s||a.error(&quot;Bdbox.updateKeyword 未取到realword!&quot;),a.log(&quot;render.end, before end callback&quot;),n()}},_processBlock:function(e,t,n,r){switch(e.id){case&quot;status&quot;:this._timeRecorder.add(&quot;head&quot;);break;case&quot;sug_predict_err&quot;:break;case&quot;head_js0&quot;:case&quot;head_js1&quot;:case&quot;head_js2&quot;:this._headJsContent+=e.content;break;case&quot;head_js3&quot;:this._headJsContent+=e.content,n?this._pageWrapperContent+=this._headJsContent:this._appendHTML(t,this._headJsContent),this._headJsContent=&quot;&quot;;break;case&quot;frame&quot;:n&amp;amp;&amp;amp;this._appendHTML(t,e.content);break;case&quot;frame_pagewrapper&quot;:n&amp;amp;&amp;amp;(this._pageWrapperContent+=e.content);break;case&quot;page_variable&quot;:n?this._pageWrapperContent+=e.content:this._appendHTML(t,e.content);break;case&quot;page_pre&quot;:n?this._pageWrapperContent+=e.content:this._appendHTML(t,e.content,r);break;case&quot;new_tablink&quot;:$(&quot;.se-head-tablink&quot;).remove(),n?this._pageWrapperContent+=e.content:this._appendHTML(document.querySelector(&quot;.se-page-hd-content&quot;),e.content);break;case&quot;page_bd&quot;:n?this._pageWrapperContent+=e.content:(this._appendHTML(t,e.content,r),this._afterRenderPageBd(t));break;case&quot;frame_pagewrapper_end&quot;:n&amp;amp;&amp;amp;(this._pageWrapperContent+=e.content,this._appendHTML(t,this._pageWrapperContent),this._afterRenderPageBd(t),this._pageWrapperContent=&quot;&quot;);break;case&quot;foot_js0&quot;:case&quot;foot_js1&quot;:case&quot;foot_js2&quot;:this._appendHTML(t,e.content)}},_appendHTML:function(e,t,n){var a=document.createElement(&quot;DIV&quot;);a.innerHTML=t;var i,s=r(a.getElementsByTagName(&quot;script&quot;));if(n)for(e=n.parentNode;a.firstChild;)e.insertBefore(a.firstChild,n);else for(;a.firstChild;)e.appendChild(a.firstChild);for(var o=0;o&amp;lt;s.length;++o)i=s[o].innerHTML,this._executeScript(i)},_executeScript:function(e){var t;try{t=new Function(e),t.call(null)}catch(n){setTimeout(function(){throw n},0)}},_applyStyle:function(e,t){var n=document.createElement(&quot;STYLE&quot;),r=document.createTextNode(t);n.appendChild(r),e.appendChild(n)},_afterRenderPageBd:function(e){var t=document.querySelector(&quot;.se-page-ft&quot;),n=document.querySelector(&quot;.se-page-copyright&quot;),r=e.querySelector(&quot;.result-loading&quot;);r&amp;amp;&amp;amp;(r.style.display=&quot;none&quot;),t&amp;amp;&amp;amp;(t.style.visibility=&quot;visible&quot;),n&amp;amp;&amp;amp;(n.style.visibility=&quot;visible&quot;)}})}),define(&quot;instant_search/view/Stream&quot;,[&quot;require&quot;,&quot;exports&quot;,&quot;module&quot;,&quot;instant_search/util/derive&quot;,&quot;instant_search/EventEmitter&quot;,&quot;instant_search/util/each&quot;,&quot;instant_search/util/log&quot;,&quot;instant_search/util/emptyFunction&quot;,&quot;instant_search/Request&quot;],function(e){&quot;use strict&quot;;var t=e(&quot;instant_search/util/derive&quot;),n=e(&quot;instant_search/EventEmitter&quot;),r=e(&quot;instant_search/util/each&quot;),a=e(&quot;instant_search/util/log&quot;),i=e(&quot;instant_search/util/emptyFunction&quot;),s=e(&quot;instant_search/Request&quot;),o=0,c=1,u=2,d=3,l=t(n,function(e){n.call(this),this._request=e,this._buffer=[]},{_request:null,_status:o,_processCallback:i,_buffer:null,_source:null,_metaInfo:null,_req:null,getStatus:function(){return this._status},getMetaInfo:function(){return this._metaInfo},getUrl:function(){return this._req&amp;amp;&amp;amp;this._req.getUrl()},getReqStatus:function(){return this._req?this._req.getStatus():s.STATUS_DEFAULT},bind:function(e,t){this.unbind(),this._status=c,this._req=t,e.on(&quot;start&quot;,this._onStart,this),e.on(&quot;block&quot;,this._onBlock,this),e.on(&quot;end&quot;,this._onEnd,this),e.on(&quot;fail&quot;,this._onFail,this)},unbind:function(){null!==this._source&amp;amp;&amp;amp;(this._source.off(&quot;start&quot;,this._onStart,this),this._source.off(&quot;block&quot;,this._onBlock,this),this._source.off(&quot;end&quot;,this._onEnd,this)),this._status=o},read:function(e){this._processCallback=e,this._replay()},cancelRead:function(){this._processCallback=i},_onStart:function(){a.log(&quot;stream&quot;,&quot;start&quot;),this._status===c&amp;amp;&amp;amp;(this._status=u);var e={type:&quot;start&quot;};this._buffer.push(e),this._processCallback(e)},_onBlock:function(e){a.log(&quot;stream&quot;,&quot;block&quot;,e.id);var t={type:&quot;block&quot;,data:e};this._buffer.push(t),this._processCallback(t),&quot;status&quot;===e.id&amp;amp;&amp;amp;(this._metaInfo=e.json,this.emit(&quot;metaInfo&quot;,e.json))},_onEnd:function(){a.log(&quot;stream&quot;,&quot;end&quot;),this._status===u&amp;amp;&amp;amp;(this._status=d);var e={type:&quot;end&quot;};this._buffer.push(e),this._processCallback(e),this.emit(&quot;finish&quot;)},_onFail:function(){a.log(&quot;stream&quot;,&quot;fail&quot;),this.emit(&quot;fail&quot;)},_replay:function(){r(this._buffer,function(e){this._processCallback(e)},this)},stringify:function(){return JSON.stringify({})}});return l.STAT_INIT=o,l.STAT_WAITING=c,l.STAT_RECEIVING=u,l.STAT_FINISHED=d,l}),define(&quot;instant_search/view/View&quot;,[&quot;require&quot;,&quot;exports&quot;,&quot;module&quot;,&quot;instant_search/util/derive&quot;,&quot;instant_search/EventEmitter&quot;,&quot;instant_search/util/each&quot;,&quot;instant_search/util/log&quot;,&quot;instant_search/view/Render&quot;,&quot;instant_search/util/emptyFunction&quot;],function(e){&quot;use strict&quot;;var t=e(&quot;instant_search/util/derive&quot;),n=e(&quot;instant_search/EventEmitter&quot;),r=(e(&quot;instant_search/util/each&quot;),e(&quot;instant_search/util/log&quot;)),a=e(&quot;instant_search/view/Render&quot;),i=e(&quot;instant_search/util/emptyFunction&quot;),s=0,o=1,c=2;return t(n,function(e){n.call(this),this._render=new a(e.timeRecorder),this._root=e.root,this._container=e.container,e.fromSync&amp;amp;&amp;amp;this._markFrameDone(),this._afterFrameDone={needDestroy:!1,needRender:!1,renderedStream:null}},{_render:null,_root:null,_container:null,_afterFrameDone:null,_rendering:!1,_frameStatus:s,_insertPoint:null,_lastRenderCanceled:!1,_lastQuery:null,render:function(e){var t=this;switch(t._lastRenderCanceled=!1,t._frameStatus){case s:r.log(&quot;render&quot;,&quot;渲染框架+结果&quot;),t._rendering=!0,t._frameStatus=o,t._render.render({renderFrame:!0,stream:e,root:t._root,insertPoint:t._insertPoint},function(){r.log(&quot;render&quot;,&quot;框架渲染完成&quot;),t._rendering=!1,t._markFrameDone(),t._afterFrameDone.needDestroy&amp;amp;&amp;amp;(r.log(&quot;render&quot;,&quot;框架渲染完，补destroy&quot;),t.destroy()),t._afterFrameDone.needRender&amp;amp;&amp;amp;(r.log(&quot;render&quot;,&quot;框架渲染完，补render&quot;),t.render(t._afterFrameDone.renderedStream))});break;case c:r.log(&quot;render&quot;,&quot;渲染结果&quot;),t._rendering=!0,t._render.render({renderFrame:!1,stream:e,root:t._root,insertPoint:t._insertPoint},function(){r.log(&quot;render&quot;,&quot;内容渲染完成&quot;),t._rendering=!1,t._lastRenderCanceled&amp;amp;&amp;amp;r.error(&quot;renderCanceled, but finished still&quot;)});break;case o:r.log(&quot;render&quot;,&quot;框架渲染中，等待其完成后进行渲染&quot;),t._afterFrameDone.needRender=!0,t._afterFrameDone.renderedStream=e}},destroy:function(){switch(this._frameStatus){case s:r.log(&quot;destroy&quot;,&quot;无框架，无效destroy&quot;);break;case c:r.log(&quot;destroy&quot;,&quot;destroy&quot;),this._rendering&amp;amp;&amp;amp;(r.log(&quot;destroy&quot;,&quot;【取消上次未完成的render】&quot;),this._render.cancelRender(),this._rendering=!1,this._lastRenderCanceled=!0),this._destroyResults();break;case o:r.log(&quot;destroy&quot;,&quot;【框架渲染中，待其完成后进行destroy】&quot;),this._afterFrameDone.needDestroy=!0,this._afterFrameDone.needRender=!1,this._afterFrameDone.renderedStream=null}},updateQuery:function(e){e!==this._lastQuery&amp;amp;&amp;amp;(this._lastQuery=e,document.title=e?e+&quot; - 百度&quot;:&quot;百度一下&quot;,this._frameStatus===c&amp;amp;&amp;amp;(window.page&amp;amp;&amp;amp;page.comm&amp;amp;&amp;amp;(page.comm.query=encodeURIComponent(e)),$(&quot;.se-input&quot;).val(e),e&amp;amp;&amp;amp;$(&quot;a.h-tab, .more-links&amp;gt;a&quot;).forEach(function(t){var n,r=t.getAttribute(&quot;href&quot;),a=/([?&amp;amp;]word=|[?&amp;amp;]kw=|[?&amp;amp;]w=|[?&amp;amp;]search-|[?&amp;amp;]key=|[?&amp;amp;]s=s%26wd%3D|#search\/|#search=)(.*?)(&amp;amp;|$)/i,i=&quot;地图&quot;===t.innerText.trim();r&amp;amp;&amp;amp;(t.setAttribute(&quot;href&quot;,r.replace(a,&quot;$1&quot;+encodeURIComponent(e)+&quot;$3&quot;)),i&amp;amp;&amp;amp;(n=t.getAttribute(&quot;data-schema&quot;),t.setAttribute(&quot;data-schema&quot;,n.replace(/([?&amp;amp;]query=)(.*?)(&amp;amp;|$)/,&quot;$1&quot;+encodeURIComponent(e)+&quot;$3&quot;))))})))},attach:function(){this._container.appendChild(this._root)},detach:function(){this._container.removeChild(this._root)},_destroyResults:function(){var e=this,t=window.page&amp;amp;&amp;amp;page.search&amp;amp;&amp;amp;page.search.Search||{trigger:i,one:i,restoreEvent:i};t.trigger(&quot;stop&quot;),e._destroyDom(),t.trigger(&quot;destroy&quot;),t.one(&quot;afterdestroy&quot;,function(){t.restoreEvent(),e.emit(&quot;afterdestroy&quot;)})},_destroyDom:function(){var e;(new Date).getTime(),$(&quot;.se-input&quot;).trigger(&quot;blur&quot;),$(&quot;.se-page-tips,.results,.se-relativewords&quot;).empty(),$(&quot;#search-btm-zone,.se-pagenav&quot;).hide();var t=document.querySelector(&quot;.se-page-ft&quot;),n=document.querySelector(&quot;.se-page-copyright&quot;),r=document.querySelector(&quot;.se-foot-blank&quot;);t&amp;amp;&amp;amp;(t.style.display=&quot;&quot;,t.style.visibility=&quot;hidden&quot;),n&amp;amp;&amp;amp;(n.style.display=&quot;&quot;,n.style.visibility=&quot;hidden&quot;),r&amp;amp;&amp;amp;(r.style.display=&quot;&quot;),$(&quot;.result-loading&quot;).show(),$(&quot;.se-page-hd&quot;).css({visibility:&quot;visible&quot;}),$(&quot;.se-foot-blank~*&quot;).remove(),$(&quot;.search-page~div&quot;).remove(),$(&quot;.se-page-bd,.se-page-pre-style,.se-common-base,.se-async-js&quot;).remove(),$(&quot;head&amp;gt;script:not(.code-to-write)&quot;).remove(),$(&quot;body&amp;gt;script:not([data-key])&quot;).remove(),$(&quot;body&amp;gt;style:not([data-key])&quot;).remove(),$(&quot;.se-zbios-hide,#searchwordtobox&quot;).remove(),e=(new Date).getTime()},_markFrameDone:function(){this._frameStatus=c,this._insertPoint=this._root.querySelector(&quot;.se-page-ft&quot;),this.emit(&quot;framedone&quot;)}})}),!function(){var e=window.B||{};if(&quot;undefined&quot;==typeof e.prefetch){var t=0,n=!1;e.prefetch=function(){var r=function(){var e=0,t=1,n=-1,r=function(e){return e},a=function(t,n){$.isFunction(t)||(t=r),$.isFunction(n)||(n=r);var a=this;a.ok=t,a.ng=n,a._nexts=[],a.state=e};return a.prototype={_addOK:function(e){add(this,this.oks,e,this.args,t)},_addNG:function(e){add(this,this.ngs,e,this.errs,n)},_pushOrFire:function(e){var r=this,a=e.promise,i=e.ok,s=e.ng;r.state==t?r._fireNextOK(a,i):r.state==n?r._fireNextNG(a,s):r._nexts.push(e)},_fireNextOK:function(e,t){var n=this,r=t.call(e,n.okResult);r instanceof a?r.then(function(t){e.resolve(t)},function(t){e.reject(t)}):e.resolve(r)},_fireNextNG:function(e,t){var n=this,r=t.call(e,n.ngResult);r instanceof a?r.then(function(t){e.resolve(t)},function(t){e.reject(t)}):e.reject(r)},then:function(e,t){var n=this,i=new a;return $.isFunction(e)||(e=r),$.isFunction(t)||(t=r),n._pushOrFire({promise:i,ok:e,ng:t}),i},resolve:function(n){var r=this,a=r._nexts;if(r.state==e){for(r.state=t,r.okResult=r.ok.call(r,n);a.length&amp;gt;0;)r._pushOrFire(a.shift());return r}},reject:function(t){var r=this,a=r._nexts;if(r.state==e){for(r.state=n,r.ngResult=r.ng.call(r,t);a.length&amp;gt;0;)r._pushOrFire(a.shift());return r}},delay:function(e){return this.then(function(t){var n=new a;return setTimeout(function(){n.resolve(t)},e),n})}},a.when=function(e,t,n){return e.then(t,n)},a.now=(new a).resolve(),a}(),a=$(&quot;#commonBase&quot;),i=1,s=2,o=-1,c=-2,u=function(){return(new Date).getTime()},d={cache:{},events:$(&quot;&amp;lt;div &amp;gt;&amp;lt;/div&amp;gt;&quot;),cacheLife:2e4,isid:a.attr(&quot;data-logid&quot;),buildSearchUrl:function(t,n){var r=e.comm.prepath,i=&quot;/s?word=&quot;+encodeURIComponent(t)+&quot;&amp;amp;ie=utf-8&amp;amp;tn=iphone&amp;amp;rn=10&amp;amp;wpo=base&amp;amp;&quot;+r.replace(/#/g,&quot;&amp;amp;&quot;);for(var s in n){var o=n[s];i+=&quot;&amp;amp;&quot;+s+&quot;=&quot;+o}var c=a.data(&quot;ss&quot;);return c&amp;amp;&amp;amp;&quot;0&quot;!==c&amp;amp;&amp;amp;&quot;00&quot;!==c&amp;amp;&amp;amp;(i+=&quot;&amp;amp;ss=&quot;+c),i},buildSearchParams:function(t,n){var r={},i=u().toString();return r.ts=i.substr(-7),&quot;from pu st sa rq dit ms&quot;.split(&quot; &quot;).forEach(function(t){if(&quot;from&quot;==t||&quot;sa&quot;==t||&quot;ms&quot;==t)var n=e.comm[t];else var n=a.attr(&quot;data-&quot;+t);n&amp;amp;&amp;amp;&quot;0&quot;!==n&amp;amp;&amp;amp;&quot;00&quot;!==n&amp;amp;&amp;amp;(r[t]=n)}),r.mod=1,r.isid=d.isid,r=$.extend(r,n)},onPrefetchFailed:function(e,t){delete d.cache[e],t.promise.reject(t)},prefetchWord:function(e){var t,n=e.word,a=d.buildSearchUrl(n,e.params),l=d.getCacheObj(n);if(l&amp;amp;&amp;amp;(l.status===s||l.status===i))return l;&quot;jsonp&quot;===e.type?(a+=&quot;&amp;amp;callback=?&quot;,t=&quot;jsonp&quot;):&quot;ajax&quot;===e.type&amp;amp;&amp;amp;(t=&quot;json&quot;),l=d.cache[n]={promise:new r,word:n,item:e,status:i,timestamp:u()},l.promise.cacheObj=l;var h=$.ajax({url:a,dataType:t,timeout:3e4,beforeSend:function(){d.events.trigger(&quot;beforeSend&quot;,e)},success:function(e){return e&amp;amp;&amp;amp;e.status&amp;gt;=0?(l.successTimestamp=u(),l.status=s,l.data=e,void l.promise.resolve(l)):d.onPrefetchFailed(n,l)},error:function(e,t){l.status!==s&amp;amp;&amp;amp;(l.status=&quot;abort&quot;===t?c:o,d.onPrefetchFailed(n,l))}});return l.xhr=h,l},abortCurrentRequests:function(e){var t=u();for(var n in d.cache){for(var r=!1,a=d.cache[n],o=0,c=e.length;c&amp;gt;o;++o){var l=e[o];if(l.word===n&amp;amp;&amp;amp;(a.status===s||a.status===i)&amp;amp;&amp;amp;t-a.timestamp&amp;lt;d.cacheLife){r=!0;break}}r||(a.status===i&amp;amp;&amp;amp;a.xhr.abort(),delete d.cache[n])}},prefetchWords:function(e){0!=e.length&amp;amp;&amp;amp;(e.forEach(function(){}),clearTimeout(n),n=setTimeout(function(){d.abortCurrentRequests(e),e.forEach(d.prefetchWord)},t))},getCacheStatus:function(e){if(!e)return 0;if(&quot;string&quot;==typeof e&amp;amp;&amp;amp;(e=d.cache[e]),!e)return 0;if(!e.data)return 0;if(!e.data.html)return 0;if(!e.data.html.Html_copyright)return 0;if(!e.data.html.Ala_Script)return 0;if(!e.data.html.cooder_js_top&amp;amp;&amp;amp;!e.data.lscode)return 0;var t=u();if(t-e.timestamp&amp;lt;d.cacheLife){var n=e.status;return n===s?e.data.html.cooder_js_top?4:2:n===i?1:0}return 0},getCacheObj:function(e){return d.cache[e]||!1},search:function(e,t,n){d.abortCurrentRequests([e]);var r=e.word,a=d.cache[r],i=0;return a&amp;amp;&amp;amp;a.status!==o&amp;amp;&amp;amp;a.status!==c?i=a.status===s?2:1:(e.params.mod=0,a=d.prefetchWord(e),i=0),a.cacheStatus=i,a.searchTimestamp=u(),a.promise.then(function(){setTimeout(function(){t(a.data),u()},0)},n),a},confirm:function(e){var t=d.buildSearchUrl(e.word,$.extend({},e.item.params,{mod:2,chk:e.data.chk,cqid:e.data.logid,rsv_iqid:e.data.logid}));$.ajax({url:t,dataType:&quot;ajax&quot;,timeout:3e4,success:function(){},error:function(){},complete:function(){delete d.cache[e.word]}})}};return d}()}}(),define(&quot;modules/invoke/app/android&quot;,[&quot;require&quot;,&quot;base/etpl/bdetpl&quot;],function(e){var t=e(&quot;base/etpl/bdetpl&quot;);return function(e){e.invoke=function(e){if(-1!==[&quot;qrcode&quot;,&quot;voice&quot;,&quot;index&quot;,&quot;#Intent;&quot;].indexOf(e)){var t=window.page.comm.browserid,n=window.page.comm.browserversion,r=[t,n].join(&quot;|&quot;),a=&quot;&quot;;if(&quot;qrcode&quot;===e){var i=[&quot;#Intent&quot;,&quot;launchFlags=0x20000&quot;,&quot;component=com.baidu.searchbox/.CodeScannerActivity&quot;,&quot;S.referer=&quot;+encodeURIComponent(location.href),&quot;S.source_app=&quot;+encodeURIComponent(r),&quot;end&quot;].join(&quot;;&quot;);a=[&quot;#Intent;action=com.baidu.searchbox.plugin.action.INVOKE&quot;,&quot;S.package_name=com.baidu.searchbox.godeye&quot;,&quot;S.method_name=imageSearch&quot;,&quot;S.params=&quot;+JSON.stringify({intent:i}),&quot;end&quot;].join(&quot;;&quot;)}else&quot;voice&quot;===e&amp;amp;&amp;amp;(a=[&quot;intent:#Intent&quot;,&quot;package=com.baidu.searchbox&quot;,&quot;action=com.baidu.searchbox.action.VOICESEARCH&quot;,&quot;category=android.intent.category.DEFAULT&quot;,&quot;S.search_source=api_mbaiducom_voice&quot;,&quot;end&quot;].join(&quot;;&quot;));return{intent:a,mcmdf:&quot;inapp_boxserver&quot;}}},e.downloadPannel=function(e){var n=new $.Deferred,r=&quot;让您不用打字，说话就能搜索&quot;,a=&quot;https://downpack.baidu.com/baidusearch_AndroidPhone_1001608l.apk&quot;;&quot;qrcode&quot;===e&amp;amp;&amp;amp;(r=&quot;让您扫一扫二维码/条形码就能搜索&quot;,a=&quot;https://downpack.baidu.com/baidusearch_AndroidPhone_1001608m.apk&quot;);var i=&#039;&amp;lt;div id=&quot;J_SpeakerMask&quot;&amp;gt;\n    &amp;lt;style&amp;gt;\n        #J_SpeakerMask {\n            width: 100%;\n            background: rgba(0, 0, 0, 0.3);\n            position: fixed;\n            z-index: 90;\n            top: 0;\n            left: 0;\n            height: ${maskHeight};\n        }\n        #J_SpeakerPopup {\n            width: 290px;\n            height: auto;\n            background-color: white;\n            position: fixed;\n            top: 50%;\n            left: 50%;\n            margin-top: -100px;\n            margin-left: -145px;\n            z-index: 99;\n            text-align: left;\n            -webkit-border-radius: 2px;\n        }\n        #J_SpeakerPopup .j-tip-text-1 {\n            color:#262626;\n            font-size: 15px;\n            line-height: normal;\n            font-family: bold;\n            padding: 20px 0px 7px 16px; \n        }\n        #J_SpeakerDownload {\n            display: inline-block;\n            text-decoration: none;\n            width: 148px;\n            background-color: #9AC4FF;\n            border:1px solid #7da9f2;\n            color:#fff;\n            text-align: center;\n            box-sizing: border-box;\n        }\n        #J_SpeakerPopup .j-tip-text-2 {\n            font-size: 15px;\n            padding: 0px 16px 10px;\n            color:#2A8DE8;\n        }\n        #J_SpeakerPopup .j-tip-text-3 {\n            margin-top: 4px;\n            font-size: 13px;\n            padding: 0px 16px 22px;\n            height: 30px;\n            line-height: 29px;\n        }\n        #J_SpeakerPopup .j-tip-text-4 {\n            display: inline-block;\n            vertical-align: middle;\n            margin-right: 5px;\n            width: 11px;\n            height: 16px;\n            background-repeat: no-repeat;\n            background-image: url(data:image/png;base64,iVBORw0KGgoAAAANSUhEUgAAABYAAAAaCAYAAACzdqxAAAAAGXRFWHRTb2Z0d2FyZQBBZG9iZSBJbWFnZVJlYWR5ccllPAAAANlJREFUeNpi/P//PwNNAMhgAvjwf0xwmJA+RgIu5gfiDzjkBID4Iy6NowaPGow9HVf/pz5YAXKxFtD8Y1DXUQN8AWJnWE6xBOJvVHDpTyB2AgcvUjb0hkqQC/4AcQjMPPQ8HkWBwWnIZmErQDLJMLQC3RxcpVMjCYb2YjMDX9E3jQhDl+LST6gsXorH0I1AzEyuwWxAvAWLoQeAmBOfXmJqEJABJ5EMvQTE/JTWIMhlxgEg5gRiWyB+TUgDIwmVKchQZmiWZaCmwSQBkMH/h5zB36DhR1UAEGAAJuqUH+G98EYAAAAASUVORK5CYII=);\n            background-size: 11px 11px;\n            -webkit-background-size: 11px 11px;\n        }\n        #J_SpeakerPopup .j-tip-text-5 {\n            display: inline-block;\n            text-decoration: none;\n            color: #888;\n            text-align: center;\n        }\n        #J_SpeakerPopup .j-tip-text-6 {\n            display: inline-block;\n            padding-left: 14px;\n        }\n        #J_SpeakerPopup .j-tip-text-7 {\n            display: inline-block;\n            width: 7px;\n            height: 10px;\n            margin-left: 5px;\n            background-repeat: no-repeat;\n            background-image: url(data:image/png;base64,iVBORw0KGgoAAAANSUhEUgAAAA4AAAAUCAYAAAC9BQwsAAAAGXRFWHRTb2Z0d2FyZQBBZG9iZSBJbWFnZVJlYWR5ccllPAAAASJJREFUeNpi/P//PwM5gAVE3Lx5E0QxAvE8IN4IxBvwaVJXV2dggrJBmqYDcQIQrwRid0I2wjT2AHE6lM0GxOuA2J4YjR/RxLmAeBMQmxPS2ATE7WhyfEC8A4j18WkEgSog7keTFwDi3UCsiU8jCBQD8TQ0MVEg3gXEKvg0giI1BxotyEAGarMMLo0wzWlAvARNXAGI9wGxGC6NIPAXiLOA+AOauCo0nnFqBMXlGmjgIANQtJXj0sgKxKuA2A1N/BsQ+wLxKWwamYF4ERD7o4n/AuIAID6MLXBA6XUWEEdg0RQKDVWs0TERiJOwBFI8NPlhTQCtQJyLI1pW4Etyj6EKkUE+loSAoXEGVCFMcyUQTyZYAkDBZGioCgNxB6GMDBBgACgnNUyMEDKwAAAAAElFTkSuQmCC);\n            background-size: 7px 10px;\n            -webkit-background-size: 7px 10px;\n        }\n        #J_SpeakerPopup .j-tip-text-8 {\n            position: absolute;\n            right: 0px;\n            top: 0px;\n            width: 50px;\n            height: 50px;\n            background-image: url(data:image/png;base64,iVBORw0KGgoAAAANSUhEUgAAAB4AAAAeCAYAAAA7MK6iAAAAGXRFWHRTb2Z0d2FyZQBBZG9iZSBJbWFnZVJlYWR5ccllPAAAASVJREFUeNrE17EKgzAQBmB79CGcAk4+RaGLfYxOvpTg1Meoi9CnyCQ4+RKFRrhICEbvLgcN3GCT/F+HeMFL13XFPwZEz6WrtyujaBjMLFPwOjG6alx9lHCDWQ1mlzHs0TraYBRQn1GHuIdfAVoo4Km9NVob3LqaGQEStECjDeH1h5sCfoZuBqQmBDgZ3XudpDgL3YMlOBtNwRxchB7BVHyUoGcwBa8kKAUmB3HXArEpUAI5f5AM+/EVzolhgwepOlhTcdorKKHs9grEoNTpFfd2yOi995zeDhnolHOxgLDhT7kXC+TeMlIcFFARDkooG/dwr4BS8T6En66sAnq216K1wQu+IlYBTeEWjSU+XB4fFNAYH0J0Hddo4TrxUP4+m/cyfwIMAIRDjD+sLrvPAAAAAElFTkSuQmCC);\n            background-size: 15px 15px;\n            -webkit-background-size: 15px 15px;\n            background-repeat: no-repeat;\n            background-position: 26px 10px\n        }\n    &amp;lt;/style&amp;gt;\n    &amp;lt;div id=&quot;J_SpeakerPopup&quot;&amp;gt;\n        &amp;lt;div class=&quot;j-tip-text-1&quot;&amp;gt;\n            即将为您下载手机百度\n        &amp;lt;/div&amp;gt;\n        &amp;lt;div class=&quot;j-tip-text-2&quot;&amp;gt;\n            ${text}\n        &amp;lt;/div&amp;gt;\n        &amp;lt;div class=&quot;j-tip-text-3&quot;&amp;gt;\n            &amp;lt;a id=&quot;J_SpeakerDownload&quot; data-href=&quot;${downloadUrl}&quot;&amp;gt;\n                &amp;lt;span class=&quot;j-tip-text-4&quot;&amp;gt;&amp;lt;/span&amp;gt;\n                &amp;lt;span&amp;gt;立即下载&amp;lt;/span&amp;gt;\n            &amp;lt;/a&amp;gt;\n            &amp;lt;a class=&quot;J_SpeakerCancel j-tip-text-5&quot; href=&quot;javascript:;&quot;&amp;gt;\n                &amp;lt;span class=&quot;j-tip-text-6&quot;&amp;gt;以后再说&amp;lt;/span&amp;gt;\n                &amp;lt;span class=&quot;j-tip-text-7&quot;&amp;gt;&amp;lt;/span&amp;gt;\n            &amp;lt;/a&amp;gt;\n        &amp;lt;/div&amp;gt;\n        &amp;lt;div class=&quot;J_SpeakerCancel j-tip-text-8&quot;&amp;gt;\n        &amp;lt;/div&amp;gt;\n    &amp;lt;/div&amp;gt;\n&amp;lt;/div&amp;gt;&#039;,s=t.compile(i)({text:r,downloadUrl:a,maskHeight:&quot;&quot;+($(window).height()+300)+&quot;px&quot;});return $(s).appendTo(&quot;body&quot;),$(&quot;.J_SpeakerCancel, #J_SpeakerDownload&quot;).one(&quot;click&quot;,function(){if($(&quot;#J_SpeakerPopup, #J_SpeakerMask&quot;).remove(),&quot;J_SpeakerDownload&quot;===this.id){var e=$(this).data(&quot;href&quot;);n.resolve(),setTimeout(function(){location.href=e},500)}else n.reject();return!1}),n.promise()}}}),define(&quot;modules/invoke/app/ios&quot;,[&quot;require&quot;],function(){return function(e){e.invoke=function(e){var t=page.comm.browserid,n=page.comm.browserversion,r=[&quot;source_app=&quot;+[t,n].join(&quot;|&quot;),&quot;referer=&quot;+location.href].join(&quot;&amp;amp;&quot;),a={qrcode:&quot;baiduboxapp://imagesearch?caller=wise_search&amp;amp;args=&quot;+encodeURIComponent(r),voice:&quot;baiduboxapp://voicesearch?opennewwindow&amp;amp;caller=wise_search&amp;amp;args=&quot;+encodeURIComponent(r)};return a[e]},e.downloadPannel=function(e){var t=new $.Deferred,n=&quot;安装百度客户端，使用条码、二维码识别！（还有神奇的明星脸 CD封面 图书识别哦~）&quot;,r=&quot;itms-apps://itunes.apple.com/cn/app/shou-ji-bai-du-xiao-shuo-zui/id382201985?pt=328057&amp;amp;ct=pic1-20120226&amp;amp;mt=8&quot;;return&quot;voice&quot;===e&amp;amp;&amp;amp;(n=&quot;让您不用打字，说话就能搜索&quot;,r=&quot;itms-apps://itunes.apple.com/cn/app/shou-ji-bai-du-xiao-shuo-zui/id382201985?pt=328057&amp;amp;ct=voice1-20120226&amp;amp;mt=8&quot;),window.confirm(n)?(t.resolve(),location.href=r):t.reject(),t.promise()}}}),define(&quot;modules/invoke/app/app&quot;,[&quot;require&quot;,&quot;pmd/deps/detect&quot;,&quot;modules/invoke/invokebox&quot;,&quot;modules/invoke/app/ios&quot;,&quot;modules/invoke/app/android&quot;],function(e){var t=e(&quot;pmd/deps/detect&quot;),n=e(&quot;modules/invoke/invokebox&quot;),r=&quot;ios&quot;===t.os.n,a={log:function(e,t,n,r){&quot;function&quot;==typeof n&amp;amp;&amp;amp;(r=n,n={}),page.log.send($.extend({ct:3,cst:2,clk_from:e,clk_info:t},n),r)}},i=new n,s=$(&#039;[data-formposition=&quot;t&quot;]&#039;).add(&#039;[data-formposition=&quot;b&quot;]&#039;);s.find(&quot;.se-input&quot;).on(&quot;focus&quot;,function(){$(this).closest(&quot;.se-form&quot;).addClass(&quot;focus&quot;)}).on(&quot;blur&quot;,function(){$(this).closest(&quot;.se-form&quot;).removeClass(&quot;focus&quot;)}),s.find(&quot;.baiduapp-icon&quot;).on(&quot;click&quot;,function(){var e=$(this).closest(&quot;.callicon-wrap&quot;);e.toggleClass(&quot;open&quot;);var t=$(this).closest(&quot;.se-form&quot;).data(&quot;formposition&quot;);return a.log(t,e.hasClass(&quot;open&quot;)?1:2),!1}),s.find(&quot;.call&quot;).on(&quot;click&quot;,function(){var e=$(this).closest(&quot;.se-form&quot;).data(&quot;formposition&quot;),t=$(this).hasClass(&quot;qrcode&quot;)?&quot;qrcode&quot;:&quot;voice&quot;;a.log(e,&quot;qrcode&quot;===t?3:4),&quot;qrcode&quot;!==t&amp;amp;&amp;amp;&quot;ready&quot;===i.status&amp;amp;&amp;amp;(schemaUrl=a.invoke(t),i.open({showTip:!1,from:&quot;qrcode&quot;===t?&quot;&quot;:&quot;neibu_sousuojieguoye_yuyinsousuo&quot;,channel:&quot;qrcode&quot;===t?&quot;1001608m&quot;:&quot;1019696j&quot;,iosScheme:r?schemaUrl:&quot;&quot;,androidCommand:$.extend({mode:&quot;0&quot;,minver:&quot;6.9.1&quot;},r?{}:schemaUrl),failCallback:function(){a.downloadPannel(t).done(function(){a.log(e,&quot;qrcode&quot;===t?5:6)}),a.log(e,9,{clk_extra:&quot;qrcode&quot;===t?1:2})}}))}),$(function(){var e=document.createElement(&quot;script&quot;);e.src=&quot;//graph.baidu.com/mms/graph/static/resource/sdk/mobile-wise.js?v=&quot;+ +new Date,e.async=!0,e.onload=e.onreadystatechange=function(){BD_MMS.ready(function(){BD_MMS.initGraph({id:s.find(&quot;.call.qrcode&quot;),tn:&quot;wise&quot;,maxSize:8388608,stat:{srcp:&quot;sousuojieguoye&quot;}})})},e.onerror=function(){e.onerror=null,e=null},document.getElementsByTagName(&quot;head&quot;)[0].appendChild(e)});var o=e(&quot;modules/invoke/app/ios&quot;),c=e(&quot;modules/invoke/app/android&quot;);return page&amp;amp;&amp;amp;page.comm&amp;amp;&amp;amp;page.comm.isAndroid?c(a):o(a),a}),require([&quot;modules/invoke/app/app&quot;],function(e){page.App=page.App||{},page.App=$.extend(page.App,e)}),!function(){&quot;use strict&quot;;function e(t,r){function a(e,t){return function(){return e.apply(t,arguments)}}var i;if(r=r||{},this.trackingClick=!1,this.trackingClickStart=0,this.targetElement=null,this.touchStartX=0,this.touchStartY=0,this.lastTouchIdentifier=0,this.touchBoundary=r.touchBoundary||10,this.layer=t,this.tapDelay=r.tapDelay||200,this.tapTimeout=r.tapTimeout||700,!e.notNeeded(t)){for(var s=[&quot;onMouse&quot;,&quot;onClick&quot;,&quot;onTouchStart&quot;,&quot;onTouchMove&quot;,&quot;onTouchEnd&quot;,&quot;onTouchCancel&quot;],o=this,c=0,u=s.length;u&amp;gt;c;c++)o[s[c]]=a(o[s[c]],o);n&amp;amp;&amp;amp;(t.addEventListener(&quot;mouseover&quot;,this.onMouse,!0),t.addEventListener(&quot;mousedown&quot;,this.onMouse,!0),t.addEventListener(&quot;mouseup&quot;,this.onMouse,!0)),t.addEventListener(&quot;click&quot;,this.onClick,!0),t.addEventListener(&quot;touchstart&quot;,this.onTouchStart,!1),t.addEventListener(&quot;touchmove&quot;,this.onTouchMove,!1),t.addEventListener(&quot;touchend&quot;,this.onTouchEnd,!1),t.addEventListener(&quot;touchcancel&quot;,this.onTouchCancel,!1),Event.prototype.stopImmediatePropagation||(t.removeEventListener=function(e,n,r){var a=Node.prototype.removeEventListener;&quot;click&quot;===e?a.call(t,e,n.hijacked||n,r):a.call(t,e,n,r)},t.addEventListener=function(e,n,r){var a=Node.prototype.addEventListener;&quot;click&quot;===e?a.call(t,e,n.hijacked||(n.hijacked=function(e){e.propagationStopped||n(e)}),r):a.call(t,e,n,r)}),&quot;function&quot;==typeof t.onclick&amp;amp;&amp;amp;(i=t.onclick,t.addEventListener(&quot;click&quot;,function(e){i(e)},!1),t.onclick=null)}}var t=navigator.userAgent.indexOf(&quot;Windows Phone&quot;)&amp;gt;=0,n=navigator.userAgent.indexOf(&quot;Android&quot;)&amp;gt;0&amp;amp;&amp;amp;!t,r=/iP(ad|hone|od)/.test(navigator.userAgent)&amp;amp;&amp;amp;!t,a=r&amp;amp;&amp;amp;/OS 4_\d(_\d)?/.test(navigator.userAgent),i=r&amp;amp;&amp;amp;/OS ([6-9]|\d{2})_\d/.test(navigator.userAgent);navigator.userAgent.indexOf(&quot;BB10&quot;)&amp;gt;0,e.prototype.needsClick=function(e){switch(e.nodeName.toLowerCase()){case&quot;button&quot;:case&quot;select&quot;:case&quot;textarea&quot;:if(e.disabled)return!0;break;case&quot;input&quot;:if(r&amp;amp;&amp;amp;&quot;file&quot;===e.type||e.disabled)return!0;break;case&quot;label&quot;:case&quot;iframe&quot;:case&quot;video&quot;:return!0}return/\bneedsclick\b/.test(e.className)},e.prototype.needsFocus=function(e){switch(e.nodeName.toLowerCase()){case&quot;textarea&quot;:return!0;case&quot;select&quot;:return!n;case&quot;input&quot;:switch(e.type){case&quot;button&quot;:case&quot;checkbox&quot;:case&quot;file&quot;:case&quot;image&quot;:case&quot;radio&quot;:case&quot;submit&quot;:return!1}return!e.disabled&amp;amp;&amp;amp;!e.readOnly;default:return/\bneedsfocus\b/.test(e.className)}},e.prototype.sendClick=function(e,t){var n,r;document.activeElement&amp;amp;&amp;amp;document.activeElement!==e&amp;amp;&amp;amp;document.activeElement.blur(),r=t.changedTouches[0],n=document.createEvent(&quot;MouseEvents&quot;),n.initEvent(this.determineEventType(e),!0,!0),n.forwardedTouchEvent=!0,e.dispatchEvent(n)},e.prototype.determineEventType=function(e){return n&amp;amp;&amp;amp;&quot;select&quot;===e.tagName.toLowerCase()?&quot;mousedown&quot;:&quot;click&quot;},e.prototype.focus=function(e){var t;r&amp;amp;&amp;amp;e.setSelectionRange&amp;amp;&amp;amp;0!==e.type.indexOf(&quot;date&quot;)&amp;amp;&amp;amp;&quot;time&quot;!==e.type&amp;amp;&amp;amp;&quot;month&quot;!==e.type?(t=e.value.length,e.setSelectionRange(t,t)):e.focus()},e.prototype.updateScrollParent=function(e){var t,n;if(t=e.fastClickScrollParent,!t||!t.contains(e)){n=e;do{if(n.scrollHeight&amp;gt;n.offsetHeight){t=n,e.fastClickScrollParent=n;break}n=n.parentElement}while(n)}t&amp;amp;&amp;amp;(t.fastClickLastScrollTop=t.scrollTop)},e.prototype.getTargetElementFromEventTarget=function(e){return e.nodeType===Node.TEXT_NODE?e.parentNode:e},e.prototype.onTouchStart=function(e){var t,n,i;if(e.targetTouches.length&amp;gt;1)return!0;if(t=this.getTargetElementFromEventTarget(e.target),n=e.targetTouches[0],r){if(i=window.getSelection(),i.rangeCount&amp;amp;&amp;amp;!i.isCollapsed)return!0;if(!a){if(n.identifier&amp;amp;&amp;amp;n.identifier===this.lastTouchIdentifier)return e.preventDefault(),!1;this.lastTouchIdentifier=n.identifier,this.updateScrollParent(t)}}return this.trackingClick=!0,this.trackingClickStart=e.timeStamp,this.targetElement=t,this.touchStartX=n.pageX,this.touchStartY=n.pageY,e.timeStamp-this.lastClickTime&amp;lt;this.tapDelay&amp;amp;&amp;amp;e.preventDefault(),!0},e.prototype.touchHasMoved=function(e){var t=e.changedTouches[0],n=this.touchBoundary;return Math.abs(t.pageX-this.touchStartX)&amp;gt;n||Math.abs(t.pageY-this.touchStartY)&amp;gt;n?!0:!1},e.prototype.onTouchMove=function(e){return this.trackingClick?((this.targetElement!==this.getTargetElementFromEventTarget(e.target)||this.touchHasMoved(e))&amp;amp;&amp;amp;(this.trackingClick=!1,this.targetElement=null),!0):!0},e.prototype.findControl=function(e){return void 0!==e.control?e.control:e.htmlFor?document.getElementById(e.htmlFor):e.querySelector(&quot;button, input:not([type=hidden]), keygen, meter, output, progress, select, textarea&quot;)},e.prototype.onTouchEnd=function(e){var t,s,o,c,u,d=this.targetElement;if(!this.trackingClick)return!0;if(e.timeStamp-this.lastClickTime&amp;lt;this.tapDelay)return this.cancelNextClick=!0,!0;if(e.timeStamp-this.trackingClickStart&amp;gt;this.tapTimeout)return!0;if(this.cancelNextClick=!1,this.lastClickTime=e.timeStamp,s=this.trackingClickStart,this.trackingClick=!1,this.trackingClickStart=0,i&amp;amp;&amp;amp;(u=e.changedTouches[0],d=document.elementFromPoint(u.pageX-window.pageXOffset,u.pageY-window.pageYOffset)||d,d.fastClickScrollParent=this.targetElement.fastClickScrollParent),o=d.tagName.toLowerCase(),&quot;label&quot;===o){if(t=this.findControl(d)){if(this.focus(d),n)return!1;d=t}}else if(this.needsFocus(d))return e.timeStamp-s&amp;gt;100||r&amp;amp;&amp;amp;window.top!==window&amp;amp;&amp;amp;&quot;input&quot;===o?(this.targetElement=null,!1):(this.focus(d),this.sendClick(d,e),r&amp;amp;&amp;amp;&quot;select&quot;===o||(this.targetElement=null,e.preventDefault()),!1);return r&amp;amp;&amp;amp;!a&amp;amp;&amp;amp;(c=d.fastClickScrollParent,c&amp;amp;&amp;amp;c.fastClickLastScrollTop!==c.scrollTop)?!0:(this.needsClick(d)||(e.preventDefault(),this.sendClick(d,e)),!1)},e.prototype.onTouchCancel=function(){this.trackingClick=!1,this.targetElement=null},e.prototype.onMouse=function(e){return this.targetElement?e.forwardedTouchEvent?!0:!e.cancelable||this.needsClick(this.targetElement)&amp;amp;&amp;amp;!this.cancelNextClick?!0:($(&quot;.se-debug&quot;).append(&quot;&amp;lt;p&amp;gt;stop &quot;+e.target.className+&quot;&amp;lt;/p&amp;gt;&quot;),e.stopImmediatePropagation?e.stopImmediatePropagation():e.propagationStopped=!0,e.stopPropagation(),e.preventDefault(),!1):!0},e.prototype.onClick=function(e){var t;return this.trackingClick?(this.targetElement=null,this.trackingClick=!1,!0):&quot;submit&quot;===e.target.type&amp;amp;&amp;amp;0===e.detail?!0:(t=this.onMouse(e),t||(this.targetElement=null),t)},e.prototype.destroy=function(){var e=this.layer;n&amp;amp;&amp;amp;(e.removeEventListener(&quot;mouseover&quot;,this.onMouse,!0),e.removeEventListener(&quot;mousedown&quot;,this.onMouse,!0),e.removeEventListener(&quot;mouseup&quot;,this.onMouse,!0)),e.removeEventListener(&quot;click&quot;,this.onClick,!0),e.removeEventListener(&quot;touchstart&quot;,this.onTouchStart,!1),e.removeEventListener(&quot;touchmove&quot;,this.onTouchMove,!1),e.removeEventListener(&quot;touchend&quot;,this.onTouchEnd,!1),e.removeEventListener(&quot;touchcancel&quot;,this.onTouchCancel,!1)},e.notNeeded=function(e){return&quot;undefined&quot;==typeof window.ontouchstart?!0:&quot;none&quot;===e.style.touchAction?!0:!1},e.attach=function(t,n){return new e(t,n)},&quot;function&quot;==typeof define&amp;amp;&amp;amp;&quot;object&quot;==typeof define.amd&amp;amp;&amp;amp;define.amd?define(&quot;utils/fastclick&quot;,[&quot;require&quot;],function(){return e}):&quot;undefined&quot;!=typeof module&amp;amp;&amp;amp;module.exports?(module.exports=e.attach,module.exports.FastClick=e):window.FastClick=e}(),define(&quot;modules/fastclick_init&quot;,[&quot;require&quot;,&quot;utils/fastclick&quot;],function(e){function t(){var t=e(&quot;utils/fastclick&quot;),n=$(&quot;#head&quot;).get(0),r=$(&quot;.se-page-copyright&quot;).get(0),a=$(&quot;.se-page-relative&quot;).get(0),i=$(&quot;.se-page-tips&quot;).get(0);n&amp;amp;&amp;amp;t.attach(n),r&amp;amp;&amp;amp;t.attach(r),a&amp;amp;&amp;amp;t.attach(a),i&amp;amp;&amp;amp;t.attach(i)}return{init:t}}),page.on(&quot;afterload&quot;,function(){require([&quot;modules/fastclick_init&quot;],function(e){e.init()})}),define(&quot;modules/tabcontrol&quot;,[&quot;require&quot;,&quot;search/param&quot;,&quot;search/search&quot;],function(e){&quot;use strict&quot;;var t,n,r,a,i,s,o,c,u=e(&quot;search/param&quot;),d=e(&quot;search/search&quot;),l=!0,h=!0,p=&quot;a.se-tabitem&quot;,f=&quot; span.se-tab-tx&quot;,m=&quot;se-tab-cur&quot;,g=&quot;span.se-tab-cur&quot;,_=&quot;se-bearicon &quot;,v=&quot;tab-icon-&quot;,w=&quot;tab-img-search&quot;,b=navigator.userAgent,y=&quot; - 百度&quot;,x={_version:&quot;1.0&quot;,init:function(){this.updateParams(),t.length&amp;amp;&amp;amp;(this.render(),this.bindEvent())},render:function(){k.isAnimation||(l=!1),!$(&quot;.tab-transform-hidden&quot;).length&amp;amp;&amp;amp;$(&#039;&amp;lt;div class=&quot;tab-transform-hidden&quot;&amp;gt;&amp;lt;/div&amp;gt;&#039;).appendTo(n)},updateParams:function(){t=$(&quot;.se-page-hd .se-head-tablink&quot;),n=$(&quot;.se-tablink-scroll-wrapper&quot;),r=n.find(p),a=n.find(p+f),i=n.find(&quot;.se-tablink-scroll-touch&quot;),s=n.find(&quot;.se-tab-lists&quot;),o=$(&quot;#se-form textarea&quot;),c=$(&quot;.searchboxtop .se-bearicon&quot;)},update:function(e){e&amp;amp;&amp;amp;i.empty().append(e).scrollLeft(0)},destory:function(){},bindEvent:function(){var e=this;n.off(&quot;click&quot;,&quot;a&quot;).on(&quot;click&quot;,&quot;a&quot;,function(t){e.updateParams(),S.tabClk(t)}),$(window).off(&quot;tabSwitch&quot;).on(&quot;tabSwitch&quot;,function(){e.updateParams(),e.checkStatusAfterAttach()}),S.fixedGestureScrollLog()},checkStatusAfterAttach:function(){var e=k.matchCurrentTab();if(e){var t=(e.DOM,e.pd,e.log,e.isClkResult,e.matchCurrentShowTab);t||k.switchTab(r.find(g),e.DOM,k.checkTabPosition),k.checkInputStatus()}}},S={tabClk:function(e){var t=$(e.target).closest(&quot;a&quot;),n=t.data(&quot;sflink&quot;),a=&quot;ps&quot;==t.data(&quot;log&quot;),i=r.find(g).closest(p).data(&quot;cst&quot;);return t.find(f).hasClass(m)?!1:(!a&amp;amp;&amp;amp;n&amp;amp;&amp;amp;(e.preventDefault(),e.stopPropagation(),fif.action.redirect(n),k.switchTab(r.find(g),t),k.checkInputStatus()),a&amp;amp;&amp;amp;h&amp;amp;&amp;amp;(e.preventDefault(),e.stopPropagation(),k.resetSearchBoxStatus(),window.__sam_async_type=&quot;loading&quot;,d.submit(new u($.extend({},k.getUrlParam(),{tn:&quot;&quot;,pd:&quot;&quot;}))),k.switchTab(r.find(g),t),k.checkInputStatus()),void page.log.send({ct:t.data(&quot;ct&quot;),cst:t.data(&quot;cst&quot;),module:&quot;&quot;,precst:i}))},fixedGestureScrollLog:function(){var e=!0,t={},n={};i.on(&quot;touchstart&quot;,function(){navigator.control&amp;amp;&amp;amp;navigator.control.gesture&amp;amp;&amp;amp;navigator.control.gesture(!1),e=!1,t=s.offset()}).on(&quot;scroll&quot;,function(){n=s.offset(),!e&amp;amp;&amp;amp;Math.abs(t.left-n.left)&amp;gt;30&amp;amp;&amp;amp;(e=!0,page.log.send({ct:24,cst:100}))}).on(&quot;touchend&quot;,function(){navigator.control&amp;amp;&amp;amp;navigator.control.gesture&amp;amp;&amp;amp;navigator.control.gesture(!1)})}},k={getUrlParam:function(e){for(var e=e||location.href,t={},n=e.substring(e.indexOf(&quot;?&quot;)+1).split(&quot;&amp;amp;&quot;),r=0;r&amp;lt;n.length;r++)if(n[r]){var a=n[r].split(&quot;=&quot;);t[decodeURIComponent(a[0])]=decodeURIComponent(a[1])}return t},matchCurrentTab:function(e){var t=e||this.getUrlParam().pd,n={};return r.length?($.each(r,function(e,r){return t===$(r).data(&quot;pd&quot;)?(n.DOM=$(r),n.pd=t,n.log=$(r).data(&quot;log&quot;),n.isClkResult=!1,!1):void 0}),n.DOM||(n={DOM:r.eq(0),log:&quot;ps&quot;,pd:&quot;&quot;,isClkResult:!0}),n.matchCurrentShowTab=n.DOM.find(f).hasClass(m),n):!1},isAnimation:function(){var e=!0;return b.match(/MQQBrowser/)&amp;amp;&amp;amp;b.match(/OPPO R7/)&amp;amp;&amp;amp;(e=!1),e},fireTab:function(e){e&amp;amp;&amp;amp;(a.removeClass(m),e.find(f).addClass(m))},switchTab:function(e,t,n){if(e.length&amp;amp;&amp;amp;t.length){var r=e.offset().left,i=t.offset().left;if(r!==i)return a.removeClass(m),l?void $(&quot;.tab-transform-hidden&quot;).css({&quot;-webkit-transform&quot;:&quot;translate3d(&quot;+r+&quot;px, 0, 0)&quot;,transform:&quot;translate3d(&quot;+r+&quot;px, 0, 0)&quot;,width:e.width()}).show().animate({&quot;-webkit-transform&quot;:&quot;translate3d(&quot;+i+&quot;px, 0, 0)&quot;,transform:&quot;translate3d(&quot;+i+&quot;px, 0, 0)&quot;},300,&quot;ease&quot;,function(){$(this).hide().css({&quot;-webkit-transform&quot;:&quot;none&quot;,transform:&quot;none&quot;}),t.find(f).addClass(m),n&amp;amp;&amp;amp;n(t)}):(t.find(f).addClass(m),void(n&amp;amp;&amp;amp;n(t)))}},checkTabPosition:function(e){var e=e||r.find(g).closest(p),t=$(window).width(),n=e.offset().left,a=e.width(),o=(e.index()-5)/r.length*s.width();(20&amp;gt;n+a||n+a&amp;gt;t-20)&amp;amp;&amp;amp;i.scrollLeft(o)},resetSearchBoxStatus:function(){var e=$(&quot;.&quot;+w);e.length&amp;amp;&amp;amp;e.remove()},checkInputStatus:function(){var e=this.getUrlParam().pd,t=this.getUrlParam().word.trim();&quot;zbios&quot;!==page.comm.tn&amp;amp;&amp;amp;&quot;bmbadr&quot;!==page.comm.tn&amp;amp;&amp;amp;(c.attr(&quot;class&quot;,_+(e?v+e:&quot;&quot;)),o.val(t),document.title=t+y)}};return x}),require([&quot;modules/tabcontrol&quot;],function(e){page.on(&quot;init&quot;,function(){e.init(),e.checkStatusAfterAttach()}),page.on(&quot;attach&quot;,function(){e.updateParams(),e.checkStatusAfterAttach()})}),define(&quot;modules/headtabs&quot;,[&quot;require&quot;],function(e){function t(){$(&quot;#switchBt&quot;).switchOver({handler:&quot;#head #switchBt&quot;,area:&quot;#head #more&quot;,arr:&quot;#head #arr&quot;,mo_class:&quot;more-show&quot;,arr_class:&quot;arrow-show&quot;})}function n(){/crios/i.test(navigator.userAgent)||$(&quot;.se-page-hd&quot;).on(&quot;click&quot;,&quot;a[data-schema]&quot;,function(){var e=$(&quot;&amp;lt;iframe&amp;gt;&quot;).css(&quot;display&quot;,&quot;none&quot;);e.attr(&quot;src&quot;,$(this).data(&quot;schema&quot;)).appendTo(document.body),setTimeout(function(){e.remove()},5e3),page.on(&quot;stop&quot;,function(){e.remove()})})}function r(){var t=($(window),$(&quot;.se-page-hd-content&quot;)),n=$(&quot;.se-page-hd&quot;),r=$(&quot;.se-page-hd .se-head-tablink&quot;),a=$(&quot;.wa-sigma-stock-fixed&quot;);t.length&amp;amp;&amp;amp;r.length&amp;amp;&amp;amp;(&quot;midway&quot;==page.comm.product||a.length||e([&quot;modules/scroll_ctl&quot;],function(e){e.regist(function(e){var r=e.nowScrollTop,a=e.scrollDirection,i=t.height(),s=t.hasClass(&quot;head-float&quot;);10&amp;gt;=r?(s&amp;amp;&amp;amp;t.removeClass(&quot;head-float&quot;),s&amp;amp;&amp;amp;n.css(&quot;height&quot;,&quot;&quot;)):&quot;down&quot;==a&amp;amp;&amp;amp;s?(t.removeClass(&quot;head-float&quot;),n.css(&quot;height&quot;,&quot;&quot;)):&quot;up&quot;!=a||s||(n.height(i),t.addClass(&quot;head-float&quot;))})}))}return{switchBt:t,mapTab:n,tabFixed:r}}),require([&quot;modules/headtabs&quot;],function(e){page.one(&quot;init&quot;,function(){e.switchBt(),e.mapTab()})}),define(&quot;modules/searchbox&quot;,[&quot;require&quot;],function(e){var t={sugInit:function(t,n){var r=$(t),a=r[0];return a?(a.__sug_instance?a.__sug_instance.reinit({w:n.w,publicArgu:n.publicArgu}):window.$&amp;amp;&amp;amp;$.sug?a.__sug_instance=new $.sug(n):e([&quot;global/sug&quot;],function(e){a.__sug_instance=new e(n)}),a.__sug_instance):!1},addFootBlank:function(e){var t=function(){5==page.comm.browserid&amp;amp;&amp;amp;$(&quot;#foot-blank&quot;).css(&quot;height&quot;,&quot;260px&quot;),e.bind(&quot;touchstart focus&quot;,function(){$(&quot;#foot-blank&quot;).show()}).bind(&quot;blur&quot;,function(){setTimeout(function(){$(&quot;#foot-blank&quot;).hide()},100)})};page?page.one(&quot;load&quot;,t):setTimeout(t,0)}};return t}),require([&quot;modules/searchbox&quot;],function(e){var t=!1,n=!1,r=function(){var r={wrapid:&quot;#se-box2&quot;,inputid:&quot;#kw2&quot;,resetid:&quot;#cross2&quot;,buttonid:&quot;#se-bn2&quot;,needHis:navigator.cookieEnabled&amp;amp;&amp;amp;!!window.localStorage,record:&quot;default_src&quot;,sa:&quot;b&quot;,w:page.comm.pn+&quot;_&quot;+page.comm.rn+&quot;_&quot;,publicArgu:page.comm.prepath.replace(/#/g,&quot;&amp;amp;&quot;)+&quot;&amp;amp;ref=&quot;+page.comm.ref+&quot;&amp;amp;lid=&quot;+page.comm.lid};if(page&amp;amp;&amp;amp;page.comm&amp;amp;&amp;amp;&quot;zbios&quot;!==page.comm.tn&amp;amp;&amp;amp;&quot;bmbadr&quot;!==page.comm.tn){var a=$.extend({},r,{wrapid:&quot;#se-box&quot;,inputid:&quot;#kw&quot;,resetid:&quot;#cross&quot;,buttonid:&quot;#se-bn&quot;,sa:&quot;t&quot;});t=e.sugInit($(&quot;#kw&quot;),a)}n=e.sugInit($(&quot;#kw2&quot;),r),e.addFootBlank($(&quot;#kw2&quot;))};window.page&amp;amp;&amp;amp;page.on?(page.on(&quot;ready&quot;,r),page.on(&quot;attach&quot;,function(e,n){&quot;/sf/vsearch&quot;===n.prev.pathPattern&amp;amp;&amp;amp;(t&amp;amp;&amp;amp;t.attach(),$(&quot;.se-page-hd-content .se-tablink-scroll-touch&quot;).scrollLeft(0))}),page.on(&quot;detach&quot;,function(e,n){&quot;/sf/vsearch&quot;===n.current.pathPattern&amp;amp;&amp;amp;t&amp;amp;&amp;amp;t.detach()})):window.$?$(document).ready(r):setTimeout(r,0)}),!function(){!window.__sam_async||page.ishome||window.page&amp;amp;&amp;amp;page.comm&amp;amp;&amp;amp;page.comm.useNewIs||require([&quot;search/search&quot;],function(e){e.init()}),B.one(&quot;destroy&quot;,function(){$(&quot;.code-to-write&quot;).addClass(&quot;writed&quot;)})}(),define(&quot;modules/BAIDULOC&quot;,[&quot;require&quot;],function(){page.comm.isAndroid&amp;amp;&amp;amp;page.on(&quot;load&quot;,function(){function e(){var e=page.comm.gps,t={html5:!1,&quot;native&quot;:!1};return e.length&amp;amp;&amp;amp;&quot;all&quot;!==e&amp;amp;&amp;amp;(t[e]=!0),t}function t(e,t,n){var r=Date.now(),a=page.cookie(&quot;BAIDUID&quot;)||&quot;&quot;,i=window.page&amp;amp;&amp;amp;page.https?page.https.domain.get(&quot;http://fclick.baidu.com/w.gif&quot;):&quot;http://fclick.baidu.com/w.gif&quot;,s=i+&quot;?&quot;+t+&quot;=&quot;+encodeURIComponent(n)+&quot;&amp;amp;BAIDUID=&quot;+encodeURIComponent(a)+&quot;&amp;amp;tag=&quot;+encodeURIComponent(e)+&quot;&amp;amp;rand=&quot;+r,o=window[r]=new Image;o.onload=o.onerror=o.onabort=function(){o.onload=o.onerror=o.onabort=null,delete window[r]},o.src=s}var n=page.utils.cookie(&quot;BAIDULOC&quot;),r=18e5;if(null!==n&amp;amp;&amp;amp;/(\d+)$/.test(n)&amp;amp;&amp;amp;Date.now()-RegExp.$1&amp;lt;=r){var a=n.split(&quot;_&quot;);return a.forEach(function(e,t){2&amp;gt;=t&amp;amp;&amp;amp;(a[t]=Math.round(e))}),void t(&quot;ecomCookieGps&quot;,&quot;BAIDULOC&quot;,a.join(&quot;_&quot;))}var i=!1,s=e();page.geolocation.getPosition({onlyFromHTML5:s.html5,onlyFromNative:s[&quot;native&quot;],expireTime:r,onSuccess:function(e,n){if(!i){i=!0;var r=&quot;ecomCookieGps&quot;,a=[Math.round(e.x),Math.round(e.y),Math.round(e.accuracy),e.cityCode,(new Date).getTime()].join(&quot;_&quot;);&quot;html5&quot;==n.from?(r=&quot;ecomH5Gps&quot;,page.cookie(&quot;H5LOC&quot;,1,{expires:1728e5,domain:&quot;.baidu.com&quot;,path:&quot;/&quot;})):&quot;native&quot;==n.from&amp;amp;&amp;amp;(r=&quot;ecomGps&quot;),t(r,&quot;BAIDULOC&quot;,a)}},onFail:function(e){e&amp;amp;&amp;amp;4==e.error&amp;amp;&amp;amp;page.cookie(&quot;H5LOC&quot;,null)}})})}),require([&quot;modules/BAIDULOC&quot;]);&lt;/script&gt;&lt;script data-require-id=&quot;uiamd/tabs/tabs&quot; src=&quot;//m.baidu.com/se/./static/js/uiamd/tabs/tabs_fd83a0d.js&quot; async=&quot;&quot;&gt;&lt;/script&gt;&lt;script data-require-id=&quot;modules/invoke/app/banner&quot; src=&quot;//m.baidu.com/se/./static/js/modules/invoke/app/banner_5fa79ba.js&quot; async=&quot;&quot;&gt;&lt;/script&gt;&lt;script data-require-id=&quot;uiamd/bdbox/base&quot; src=&quot;//m.baidu.com/se/./static/js/uiamd/bdbox/base_bae6da8.js&quot; async=&quot;&quot;&gt;&lt;/script&gt;&lt;script src=&quot;//s.bdstatic.com/common/openjs/openBox.js?_v=1498445962355&quot; async=&quot;&quot;&gt;&lt;/script&gt;&lt;script src=&quot;//graph.baidu.com/mms/graph/static/resource/sdk/mobile-wise.js?v=1498445962358&quot; async=&quot;&quot;&gt;&lt;/script&gt;&lt;script data-require-id=&quot;fusion/b-scroll/bdscroll&quot; src=&quot;//m.baidu.com/se/./static/js/fusion/b-scroll/bdscroll_10fab41.js&quot; async=&quot;&quot;&gt;&lt;/script&gt;&lt;script data-require-id=&quot;fusion/b-scroll/scroll&quot; src=&quot;//m.baidu.com/se/./static/js/fusion/b-scroll/scroll_973715e.js&quot; async=&quot;&quot;&gt;&lt;/script&gt;&lt;script data-require-id=&quot;fusion/deps/fusion&quot; src=&quot;//m.baidu.com/se/./static/js/fusion/deps/fusion_4f0fdee.js&quot; async=&quot;&quot;&gt;&lt;/script&gt;&lt;script src=&quot;//s.bdstatic.com/common/openjs/openBox.js?_v=1498445962391&quot; async=&quot;&quot;&gt;&lt;/script&gt;&lt;script data-require-id=&quot;uiamd/bdbox/follow&quot; src=&quot;//m.baidu.com/se/./static/js/uiamd/bdbox/follow_237243c.js&quot; async=&quot;&quot;&gt;&lt;/script&gt;&lt;script data-require-id=&quot;fusion/deps/iscroll&quot; src=&quot;//m.baidu.com/se/./static/js/fusion/deps/iscroll_d8d3456.js&quot; async=&quot;&quot;&gt;&lt;/script&gt;&lt;style data-for=&quot;pmd/share/share&quot;&gt;.c-share-list{overflow:hidden}.c-share-list .c-flexbox:not(:first-of-type){margin-top:12px}.c-share-list .c-share-btn{width:50px;-webkit-box-flex:1;-webkit-flex:1 1 auto;color:#666;text-align:center;font-size:13px;line-height:1}.c-share-list .c-share-btn .c-img{max-width:50px;margin:0 auto;background:#fff;border:1px solid #f0f0f0;border-radius:50%}.c-share-cancel-btn,.c-share-copytip-cancel-btn{width:100%;margin-top:20px;color:#333;font-size:16px;line-height:48px;background:#f8f8f8;border-top:#eaeaea 1px solid}.c-share-wechat-tips{position:fixed;top:0;left:0;z-index:999;width:100%;height:100%;background:rgba(0,0,0,.6) url(//m.baidu.com/se/static/pmd/pmd/share/images/wxtips.png) right 32px top 10px/50% no-repeat}.c-popup-wrapper .c-share-popup-modal{background-color:#f1f1f1}.c-share-popup-modal .c-popup-head{display:none}.c-share-popup-modal .c-popup-content{margin:0 auto;padding-top:20px}.c-share-popup-modal .c-share-list .c-share-btn{width:60px;font-size:11px}.c-share-popup-modal .c-share-list .c-share-btn .c-img{max-width:60px}.c-share-popup-modal .c-share-list .c-flexbox:not(:first-of-type){margin-top:28px}.c-share-copytip-content{padding:0 20px;color:#333;text-align:left}.c-share-copytip-text{font-size:16px;margin-bottom:10px}.c-share-copytip-linkwr{padding:7px 10px;font-size:14px;line-height:21px;border:1px dotted #d9d9d9;word-break:break-all}.c-share-copytip-link:visited,.c-share-copytip-link{color:#333}&lt;/style&gt;&lt;style data-for=&quot;sf25/view/sceneView&quot;&gt;#super-frame{font:14px/22px Arial,Helvetica,sans-serif;word-break:break-word;word-wrap:break-word}
.sfa-view{z-index:501;width:100%;min-height:100%;background-color:#f2f2f2;overflow:auto}
.sfa-view .sfa-body{overflow:hidden;text-align:left;padding-top:44px}
.sfa-view .sfa-head{position:fixed;top:0;left:0;z-index:501;width:100%;height:44px;line-height:44px;text-align:center;font-size:18px;background-color:#fff;color:#333;-webkit-user-select:none;user-select:none;-webkit-transform:translate3d(0,0,0);transform:translate3d(0,0,0)}
.sfa-view .sfa-back,.sfa-view .sfa-close{width:50px;height:44px;float:left;text-align:center;padding-left:2px}
.sfa-view .sfa-back i{font-size:21px}
.sfa-view .sfa-close{width:43px}
.sfa-view .sfa-close span,.sfa-view .sfa-back span{font-size:16px;vertical-align:middle}
.sfa-tool .sfa-action-more{overflow:hidden;display:inline-block;font-size:21px;width:44px}
.active .sfa-tool .sfa-action-more:active,.active .sfa-tool .sfa-action-item:active{background:rgba(51,51,51,.4)}
.sfa-action-item .sfa-tool-text{color:#666;font-size:14px;display:block;width:100%;overflow:hidden}
.sfa-view .sfa-tool{min-width:44px;height:44px;float:right;text-align:center;padding-right:4px}
.sfa-head .sfa-tool .sfa-action-item i{font-size:21px}
.sfa-view .sfa-title{width:100%;padding:0 98px;box-sizing:border-box}
.sfa-view .sfa-head-border{border-bottom:1px solid #f1f1f1}
.sfa-view .sfa-title .c-line-clamp1{padding:0 8px}
.active .sfa-head .sfa-back:active{background:rgba(51,51,51,.4)}
.sfa-tool .sfa-action-item{display:inline-block;width:44px;overflow:hidden}
.sfa-head .sfa-action-menus{display:none;float:right;width:auto;background-color:#fff;margin-right:5px;text-align:left;overflow:auto;box-shadow:0 2px 6px #d6d6d6}
.sfa-action-menus .sfa-action-item{color:#666;font-size:16px;line-height:44px;padding:0 17px;border-bottom:1px solid #f1f1f1}
.active .sfa-action-menus .sfa-action-item:active{background:rgba(51,51,51,.4)}
.sfa-action-menus .sfa-action-item .sfa-head-menu-icon{color:#666;font-size:16px;display:block;line-height:44px;width:16px;overflow:hidden;text-align:left}
.sfa-action-menus .sfa-action-item .sfa-tool-text{color:#666;font-size:16px;width:auto}
.sfa-action-menus :last-child{border-bottom:0}
.sfa-head .sfa-action-menus i{float:left;padding-right:14px}
.sfa-head .search-box{display:-webkit-box;display:-webkit-flex;display:flex;background-color:#fff;font-size:14px;padding:5px 10px 6px 17px;box-sizing:border-box;height:100%;width:100%}
.sfa-head .search-box .search-box-input-area{display:-webkit-box;display:-webkit-flex;display:flex;width:100%;box-sizing:border-box;height:34px;line-height:34px;color:#333;margin-right:7px;padding-right:3px;border-radius:16px;background:#f5f5f5}
.sfa-head .search-box .search-box-button-area{width:46px;height:34px;line-height:34px;color:#333}
.active .sfa-head .search-box .search-box-button-area:active{background:rgba(51,51,51,.4)}
.search-box .search-icon{color:#c3c3c3;line-height:35px;padding-right:6px;padding-left:13px;font-size:14px}
.search-box .search-action{line-height:34px;font-size:14px;outline:0}
.search-action-cancel-icon{width:34px;color:#e0e0e0;font-size:14px}
.search-box .search-box-input-container{-webkit-box-flex:1;-webkit-flex:1;flex:1;width:100%;height:100%;box-sizing:border-box;left:0}
.search-box .search-box-input-container input{width:100%;height:100%;font-size:14px;vertical-align:top;outline:0;color:#333}
.search-box-input::-webkit-input-placeholder{vertical-align:top;font-size:14px}
.sfa-view .sfa-loading{position:absolute;top:50%;left:50%;color:#fff;width:161px;height:49px;line-height:49px;margin-top:-24px;margin-left:-80px;border-radius:1px;text-align:center}
.sfa-loading .sfa-loading-icon{display:inline-block;width:37px;height:23px;margin-top:-4px;vertical-align:middle}
.sfa-view .sfa-loading.sfa-loading-tab{width:147px;height:48px;margin-left:-73px}
.sfa-view .sfa-loading .sfa-loading-icon-tab{width:100%;height:100%;overflow:hidden}
.sfa-view .sfa-loading .sfa-loading-tab-bglogo{background:url(//m.baidu.com/se/static/img/iphone/tab_loading__bg_logo.png) no-repeat;background-size:147px 48px;height:48px;width:147px}
.sfa-view .sfa-loading .sfa-loading-tab-toplight{background:url(//m.baidu.com/se/static/img/iphone/tab_loading_light.png) no-repeat;animation:1s marvel infinite;background-size:147px 48px;position:relative;height:48px;width:147px;top:-48px;left:-78px}
@keyframes marvel{0%{left:-78px}
100%{left:73px}}
.sfa-view .sfa-loading i{height:23px;width:23px;background-size:23px;background-repeat:no-repeat;background-image:url(data:image/png;base64,iVBORw0KGgoAAAANSUhEUgAAAEUAAABFCAMAAAArU9sbAAAAllBMVEUAAAA5kv85kv85kv85kv85kv85kv85kv85kv85kv85kv85kv85kv85kv85kv85kv85kv85kv85kv85kv85kv85kv85kv85kv85kv85kv85kv85kv85kv85kv85kv85kv85kv85kv85kv85kv85kv85kv85kv85kv85kv85kv85kv85kv85kv85kv85kv85kv85kv85kv98v3f9AAAAMXRSTlMA+u4H8xwSDeG7KBapjYhP28EE9jfmpJoxItOALLFuQcxrZOrXdnPHVDyVe11aSIN5drPNPgAAAx5JREFUWMOlmOl2qlAMhbcyySCiBUFRUazzVXve/+Vuk2NZTgwHvx+uVjBk2MmJopxRkvvecBn0gqXt+ecZ1DEW8654ZO3lLhTQznZHvKNj70dohrWNRDm9rYZ6Rqsiki/7uBhkiZNkg208LLyL/qGOcCkk39eD9hhm5veEZDirdsS/eRGHby9nY+lRZ1VVmJ200XfLb4mlnbmJEhzpsWegCseWEZfcFXJau3vUkX9xsZy3RvjaboJ6Zt/8vNmbK+zJWGsmKZvF/PJEg3PSb6zuMd0emE/v7hSMMGxmjgf6HI5Sr3FQC9yRsSI1qGBNSX7OnSbpjbUBNRydHo2CDbkygCo5faxoTVfnpKgzpA7XIKEW1F2oM6OeWoExyZUr2hBTJ4xALFq5wkzIGdl40xe9qWlvzsFRph20IyPNUBzp7x9LtGRE7ZcD2LGQW8L19QCLEjRBWw6keuBCxUJrRjTbZliwS+0Zchccf19PaA1/3ofNumnPimMJfl9DtGfA46HLJWpPSGcTqNAmKnCT6r7mGpP+raqG64qxW2uFxoKBcjw6vxYjlJHQiYKophfngliGVeJdgg7LqsgtXy4JsVlRI9beoMmSsM7L9cJDb1OniUAQO+nz63mYYttk/msnnVeo/ms1ydEzLpzjWgxPENH5uad1zqspuNT1ZFNB2M5LibojObxzNN9hO/59WOltfPtcqka4sVyci5pKH1bcTgr9mOzkhvl3f1LkI+BaNeVfxMtsqhWHow3ihxJkoSlWn8UcXCjEr2JrcPVX4TURs2fAv1sa+uSMCQWkmPUrubIFI/06QgXtxNvxQy58+vcAFVjMj/uhFZEKTKhxJiNT7WFIkATVMH396fgYqy7NjHk9PYqAvx/84EMc7rQNPiT8kkF9yKBTfJP73EzvgM/IuoKI3Wq5pW5NiqfyzNhY5cVNdbHe17RHfGuO1MA7Jn1dtrNWk5zo73eJ3Hg2sRgKSZA1G0JMMN4MQscwzUm4//F64oZ+0lCPS26X0k2basHcTEtsLFcWFEj86auJ1IEy5mUbD4NIF3r0bR+3lwov/gPz4J/MfidXggAAAABJRU5ErkJggg==)}
.sfa-view .sfa-loading span{display:inline-block;color:#6b6b6b;font-size:18px;padding-right:3px;vertical-align:middle}
.sfa-view-no-head .sfa-head{display:none}
.sfa-view-no-head .sfa-body{padding-top:0}
.sfa-view-transparent-head .sfa-head{background:-moz-linear-gradient(top,rgba(0,0,0,.3) 0,rgba(0,0,0,.2) 25%,rgba(0,0,0,0) 100%);background:-webkit-linear-gradient(top,rgba(0,0,0,.3) 0,rgba(0,0,0,.2) 25%,rgba(0,0,0,0) 100%);background:linear-gradient(to bottom,rgba(0,0,0,.3) 0,rgba(0,0,0,.2) 25%,rgba(0,0,0,0) 100%);color:#fff;text-shadow:0 0 1px rgba(0,0,0,.4)}
.sfa-view-transparent-head .sfa-body{padding-top:0}
.sfa-results .c-result:first-of-type .c-container:first-of-type{margin-top:0}
.sfa-top-results .c-result .c-container:first-of-type{margin:0;padding:0}&lt;/style&gt;&lt;style data-for=&quot;sf25/view/commonView&quot;&gt;#super-frame{font:14px/22px Arial,Helvetica,sans-serif;word-break:break-word;word-wrap:break-word}
.sfa-view{z-index:501;width:100%;min-height:100%;background-color:#f2f2f2;overflow:auto}
.sfa-view .sfa-body{overflow:hidden;text-align:left;padding-top:44px}
.sfa-view .sfa-head{position:fixed;top:0;left:0;z-index:501;width:100%;height:44px;line-height:44px;text-align:center;font-size:18px;background-color:#fff;color:#333;-webkit-user-select:none;user-select:none;-webkit-transform:translate3d(0,0,0);transform:translate3d(0,0,0)}
.sfa-view .sfa-back,.sfa-view .sfa-close{width:50px;height:44px;float:left;text-align:center;padding-left:2px}
.sfa-view .sfa-back i{font-size:21px}
.sfa-view .sfa-close{width:43px}
.sfa-view .sfa-close span,.sfa-view .sfa-back span{font-size:16px;vertical-align:middle}
.sfa-tool .sfa-action-more{overflow:hidden;display:inline-block;font-size:21px;width:44px}
.active .sfa-tool .sfa-action-more:active,.active .sfa-tool .sfa-action-item:active{background:rgba(51,51,51,.4)}
.sfa-action-item .sfa-tool-text{color:#666;font-size:14px;display:block;width:100%;overflow:hidden}
.sfa-view .sfa-tool{min-width:44px;height:44px;float:right;text-align:center;padding-right:4px}
.sfa-head .sfa-tool .sfa-action-item i{font-size:21px}
.sfa-view .sfa-title{width:100%;padding:0 98px;box-sizing:border-box}
.sfa-view .sfa-head-border{border-bottom:1px solid #f1f1f1}
.sfa-view .sfa-title .c-line-clamp1{padding:0 8px}
.active .sfa-head .sfa-back:active{background:rgba(51,51,51,.4)}
.sfa-tool .sfa-action-item{display:inline-block;width:44px;overflow:hidden}
.sfa-head .sfa-action-menus{display:none;float:right;width:auto;background-color:#fff;margin-right:5px;text-align:left;overflow:auto;box-shadow:0 2px 6px #d6d6d6}
.sfa-action-menus .sfa-action-item{color:#666;font-size:16px;line-height:44px;padding:0 17px;border-bottom:1px solid #f1f1f1}
.active .sfa-action-menus .sfa-action-item:active{background:rgba(51,51,51,.4)}
.sfa-action-menus .sfa-action-item .sfa-head-menu-icon{color:#666;font-size:16px;display:block;line-height:44px;width:16px;overflow:hidden;text-align:left}
.sfa-action-menus .sfa-action-item .sfa-tool-text{color:#666;font-size:16px;width:auto}
.sfa-action-menus :last-child{border-bottom:0}
.sfa-head .sfa-action-menus i{float:left;padding-right:14px}
.sfa-head .search-box{display:-webkit-box;display:-webkit-flex;display:flex;background-color:#fff;font-size:14px;padding:5px 10px 6px 17px;box-sizing:border-box;height:100%;width:100%}
.sfa-head .search-box .search-box-input-area{display:-webkit-box;display:-webkit-flex;display:flex;width:100%;box-sizing:border-box;height:34px;line-height:34px;color:#333;margin-right:7px;padding-right:3px;border-radius:16px;background:#f5f5f5}
.sfa-head .search-box .search-box-button-area{width:46px;height:34px;line-height:34px;color:#333}
.active .sfa-head .search-box .search-box-button-area:active{background:rgba(51,51,51,.4)}
.search-box .search-icon{color:#c3c3c3;line-height:35px;padding-right:6px;padding-left:13px;font-size:14px}
.search-box .search-action{line-height:34px;font-size:14px;outline:0}
.search-action-cancel-icon{width:34px;color:#e0e0e0;font-size:14px}
.search-box .search-box-input-container{-webkit-box-flex:1;-webkit-flex:1;flex:1;width:100%;height:100%;box-sizing:border-box;left:0}
.search-box .search-box-input-container input{width:100%;height:100%;font-size:14px;vertical-align:top;outline:0;color:#333}
.search-box-input::-webkit-input-placeholder{vertical-align:top;font-size:14px}
.sfa-view .sfa-loading{position:absolute;top:50%;left:50%;color:#fff;width:161px;height:49px;line-height:49px;margin-top:-24px;margin-left:-80px;border-radius:1px;text-align:center}
.sfa-loading .sfa-loading-icon{display:inline-block;width:37px;height:23px;margin-top:-4px;vertical-align:middle}
.sfa-view .sfa-loading.sfa-loading-tab{width:147px;height:48px;margin-left:-73px}
.sfa-view .sfa-loading .sfa-loading-icon-tab{width:100%;height:100%;overflow:hidden}
.sfa-view .sfa-loading .sfa-loading-tab-bglogo{background:url(//m.baidu.com/se/static/img/iphone/tab_loading__bg_logo.png) no-repeat;background-size:147px 48px;height:48px;width:147px}
.sfa-view .sfa-loading .sfa-loading-tab-toplight{background:url(//m.baidu.com/se/static/img/iphone/tab_loading_light.png) no-repeat;animation:1s marvel infinite;background-size:147px 48px;position:relative;height:48px;width:147px;top:-48px;left:-78px}
@keyframes marvel{0%{left:-78px}
100%{left:73px}}
.sfa-view .sfa-loading i{height:23px;width:23px;background-size:23px;background-repeat:no-repeat;background-image:url(data:image/png;base64,iVBORw0KGgoAAAANSUhEUgAAAEUAAABFCAMAAAArU9sbAAAAllBMVEUAAAA5kv85kv85kv85kv85kv85kv85kv85kv85kv85kv85kv85kv85kv85kv85kv85kv85kv85kv85kv85kv85kv85kv85kv85kv85kv85kv85kv85kv85kv85kv85kv85kv85kv85kv85kv85kv85kv85kv85kv85kv85kv85kv85kv85kv85kv85kv85kv85kv85kv98v3f9AAAAMXRSTlMA+u4H8xwSDeG7KBapjYhP28EE9jfmpJoxItOALLFuQcxrZOrXdnPHVDyVe11aSIN5drPNPgAAAx5JREFUWMOlmOl2qlAMhbcyySCiBUFRUazzVXve/+Vuk2NZTgwHvx+uVjBk2MmJopxRkvvecBn0gqXt+ecZ1DEW8654ZO3lLhTQznZHvKNj70dohrWNRDm9rYZ6Rqsiki/7uBhkiZNkg208LLyL/qGOcCkk39eD9hhm5veEZDirdsS/eRGHby9nY+lRZ1VVmJ200XfLb4mlnbmJEhzpsWegCseWEZfcFXJau3vUkX9xsZy3RvjaboJ6Zt/8vNmbK+zJWGsmKZvF/PJEg3PSb6zuMd0emE/v7hSMMGxmjgf6HI5Sr3FQC9yRsSI1qGBNSX7OnSbpjbUBNRydHo2CDbkygCo5faxoTVfnpKgzpA7XIKEW1F2oM6OeWoExyZUr2hBTJ4xALFq5wkzIGdl40xe9qWlvzsFRph20IyPNUBzp7x9LtGRE7ZcD2LGQW8L19QCLEjRBWw6keuBCxUJrRjTbZliwS+0Zchccf19PaA1/3ofNumnPimMJfl9DtGfA46HLJWpPSGcTqNAmKnCT6r7mGpP+raqG64qxW2uFxoKBcjw6vxYjlJHQiYKophfngliGVeJdgg7LqsgtXy4JsVlRI9beoMmSsM7L9cJDb1OniUAQO+nz63mYYttk/msnnVeo/ms1ydEzLpzjWgxPENH5uad1zqspuNT1ZFNB2M5LibojObxzNN9hO/59WOltfPtcqka4sVyci5pKH1bcTgr9mOzkhvl3f1LkI+BaNeVfxMtsqhWHow3ihxJkoSlWn8UcXCjEr2JrcPVX4TURs2fAv1sa+uSMCQWkmPUrubIFI/06QgXtxNvxQy58+vcAFVjMj/uhFZEKTKhxJiNT7WFIkATVMH396fgYqy7NjHk9PYqAvx/84EMc7rQNPiT8kkF9yKBTfJP73EzvgM/IuoKI3Wq5pW5NiqfyzNhY5cVNdbHe17RHfGuO1MA7Jn1dtrNWk5zo73eJ3Hg2sRgKSZA1G0JMMN4MQscwzUm4//F64oZ+0lCPS26X0k2basHcTEtsLFcWFEj86auJ1IEy5mUbD4NIF3r0bR+3lwov/gPz4J/MfidXggAAAABJRU5ErkJggg==)}
.sfa-view .sfa-loading span{display:inline-block;color:#6b6b6b;font-size:18px;padding-right:3px;vertical-align:middle}
.sfa-view-no-head .sfa-head{display:none}
.sfa-view-no-head .sfa-body{padding-top:0}
.sfa-view-transparent-head .sfa-head{background:-moz-linear-gradient(top,rgba(0,0,0,.3) 0,rgba(0,0,0,.2) 25%,rgba(0,0,0,0) 100%);background:-webkit-linear-gradient(top,rgba(0,0,0,.3) 0,rgba(0,0,0,.2) 25%,rgba(0,0,0,0) 100%);background:linear-gradient(to bottom,rgba(0,0,0,.3) 0,rgba(0,0,0,.2) 25%,rgba(0,0,0,0) 100%);color:#fff;text-shadow:0 0 1px rgba(0,0,0,.4)}
.sfa-view-transparent-head .sfa-body{padding-top:0}
.sfa-results .c-result:first-of-type .c-container:first-of-type{margin-top:0}
.sfa-top-results .c-result .c-container:first-of-type{margin:0;padding:0}&lt;/style&gt;&lt;script src=&quot;//graph.baidu.com/mms/graph/static/resource/sdk/v1.9.9/mms-wise.js&quot; async=&quot;&quot; charset=&quot;UTF-8&quot;&gt;&lt;/script&gt;&lt;style type=&quot;text/css&quot;&gt;.graph-mms-toast{display:none;position:fixed;left:50%;top:50%;padding:15px 10px;border-radius:4px;background-color:rgba(0,0,0,.85);font-size:14px;color:#fff;-webkit-transform:translate(-50%,-50%);transform:translate(-50%,-50%);z-index:990}.graph-mms-toast.visible{display:block}.graph-mms-loading{padding:50px 10px 15px}.graph-mms-loading:before{content:&quot;&quot;;position:absolute;left:50%;top:50%;width:32px;height:32px;margin-left:-16px;margin-top:-31px;border-radius:50%;border:2px solid hsla(0,0%,100%,.5);border-top-color:#ddd;-webkit-animation:loading-rotation 1s ease 0s infinite normal;animation:loading-rotation 1s ease 0s infinite normal}@-webkit-keyframes loading-rotation{0%{-webkit-transform:rotate(1deg);transform:rotate(1deg)}to{-webkit-transform:rotate(1turn);transform:rotate(1turn)}}@keyframes loading-rotation{0%{-webkit-transform:rotate(1deg);transform:rotate(1deg)}to{-webkit-transform:rotate(1turn);transform:rotate(1turn)}}&lt;/style&gt;&lt;/head&gt;&lt;body&gt;&lt;div class=&quot;result-loading c-loading&quot;&gt;&lt;i class=&quot;c-icon&quot;&gt;&lt;/i&gt;&lt;p&gt;加载中…&lt;/p&gt;&lt;/div&gt;&lt;div id=&quot;page-hd&quot; class=&quot;se-page-hd&quot;&gt;&lt;div class=&quot;se-page-hd-content&quot;&gt;&lt;div id=&quot;head&quot;&gt;&lt;div class=&quot;c-flexbox&quot; id=&quot;h-tabs&quot;&gt;&lt;a id=&quot;logo&quot; class=&quot;logo&quot; href=&quot;http://m.baidu.com/from=844b/bd_page_type=1/ssid=0/uid=0/pu=usm%400%2Csz%40320_1001%2Cta%40iphone_2_5.0_3_537/baiduid=C0F95CD351C3B5B77422AA3B18E9217B/w=0_10_macaca/t=iphone/l=1/tc?ref=www_iphone&amp;amp;lid=14140154169389471061&amp;amp;ct=61&amp;amp;cst=0&amp;amp;tj=__0_10_1&amp;amp;sec=22034&amp;amp;di=7cc07b5f22ec5352&amp;amp;bdenc=1&amp;amp;nsrc=IlPT2AEptyoA_yixCFOxCGZb8c3JV3T5ABfPNy6R2iv5nk_qva02ZQNAUDLt2SiyFF0ey8_KfQoDxinc3mNS7AV2qvomfDYq7Enlc4iadhO1XtVL91EpLgHmGXZtpLyf7KsbcttyPN5-Ampbz0Olt2sweQGvrMYeaRqCgSDIjK4LFSCoAY7Fmm36RXd9HyH4S2LIvhbjqSBsS5mtRtr0T9Dtg5UDMChdrBrhb1Yc1MSDrUBzK38NLBQgA_&quot;&gt;&lt;/a&gt;&lt;a class=&quot;h-tab&quot; href=&quot;javascript:void(0);&quot;&gt;&lt;span class=&quot;tabTx cur&quot; id=&quot;wy&quot;&gt;网页&lt;/span&gt;&lt;/a&gt;&lt;a class=&quot;h-tab&quot; href=&quot;http://m.baidu.com/from=844b/bd_page_type=1/ssid=0/uid=0/pu=usm%400%2Csz%40320_1001%2Cta%40iphone_2_5.0_3_537/baiduid=C0F95CD351C3B5B77422AA3B18E9217B/w=0_10_macaca/t=iphone/l=1/tc?ref=www_iphone&amp;amp;lid=14140154169389471061&amp;amp;ct=24&amp;amp;cst=1&amp;amp;tj=__0_10_2&amp;amp;sec=22034&amp;amp;di=4719a2a42abd95bc&amp;amp;bdenc=1&amp;amp;nsrc=IlPT2AEptyoA_yixCFOxXnANedT62v3IGxOF_yxZ_zqb95qshbWxBhEtRD8qR8KXE9Ca9D40sxdMdWGcWyFijw6Du_-idC6-znqRsrvhgR4XWM91f0VkPhOUHj2hogjhyKkgsgBoReJgNDgqmOOlt2sxeRqIf2BN8NaDhyP6hq_QYzXvZlfSi6noQIpcSn0aWMGJqAvzuHhPGY8uBB0lSJC0nHBUEyYarBrgbaID21SJn8lzK3zkT2RPYVuDN9QQXqrfXNuN51TJYpYM7nhqNSEn-6Lpb3HfIFBRWxm&quot;&gt;&lt;span class=&quot;tabTx&quot;&gt;地图&lt;/span&gt;&lt;/a&gt;&lt;a class=&quot;h-tab&quot; href=&quot;http://m.baidu.com/from=844b/bd_page_type=1/ssid=0/uid=0/pu=usm%400%2Csz%40320_1001%2Cta%40iphone_2_5.0_3_537/baiduid=C0F95CD351C3B5B77422AA3B18E9217B/w=0_10_macaca/t=iphone/l=1/tc?ref=www_iphone&amp;amp;lid=14140154169389471061&amp;amp;ct=24&amp;amp;cst=3&amp;amp;tj=__0_10_3&amp;amp;sec=22034&amp;amp;di=0a57b938056f2646&amp;amp;bdenc=1&amp;amp;nsrc=IlPT2AEptyoA_yixCFOxXnANedT62v3IEhuYNy5K1De8mVjte4viZQRAZHKgVnKN0EHwsmeBhAoClHWu0WBkk2ZOrhgjdCxElSyfgPruq2_LHaBErdA-_23HGnQq63ar8xthshEO0BZdKjMu8rSyhAonbg_2vMYeaPyF68i7mse_ZYCIYW7JrFzp2lwJO-_uPev2-1KorHxNDZbqLgrgCYLwqXRIFSBbbAve83-DQNiJmHpmL2q7F1UMIoXZQihdXrfgTgec7sjJZSJ2niR80nR3ly74wbDXVlAQINrN7PhEI3_JI2mTVJyAGhhCvQDKWKsoL4OFhv6zPG67cH5iDTwJRfC9Q-eSDJNEIO_IfPi6PEst7zqe43TJp-lcJv4NW4ES4Km&quot;&gt;&lt;span class=&quot;tabTx&quot;&gt;贴吧&lt;/span&gt;&lt;/a&gt;&lt;a class=&quot;h-tab&quot; href=&quot;http://m.baidu.com/from=844b/bd_page_type=1/ssid=0/uid=0/pu=usm%400%2Csz%40320_1001%2Cta%40iphone_2_5.0_3_537/baiduid=C0F95CD351C3B5B77422AA3B18E9217B/w=0_10_macaca/t=iphone/l=1/tc?ref=www_iphone&amp;amp;lid=14140154169389471061&amp;amp;ct=24&amp;amp;cst=6&amp;amp;tj=__0_10_4&amp;amp;sec=22034&amp;amp;di=8fd7ff1ed21cc75c&amp;amp;bdenc=1&amp;amp;nsrc=IlPT2AEptyoA_yixCFOxXnANedT62v3IGxmTLCJVLDivpEmixP4kHREsRHKhAzrIBVLwxXCBeQoClj3u0FJri11Kfft6sWtglDibxqnhg_H2V2V191A6_cDFUGVqpuar8xt-sBAoBvdyMDodmOq&quot;&gt;&lt;span class=&quot;tabTx&quot;&gt;应用&lt;/span&gt;&lt;/a&gt;&lt;a class=&quot;h-tab&quot; id=&quot;switchBt&quot;&gt;&lt;span id=&quot;mo&quot; class=&quot;tabTx more&quot;&gt;更多&lt;span id=&quot;arr&quot; class=&quot;sicon-ar arrow&quot;&gt;&lt;/span&gt;&lt;/span&gt;&lt;/a&gt;&lt;/div&gt;&lt;div id=&quot;more&quot;&gt;&lt;div class=&quot;more-links&quot;&gt;&lt;a href=&quot;http://m.baidu.com/from=844b/bd_page_type=1/ssid=0/uid=0/pu=usm%400%2Csz%40320_1001%2Cta%40iphone_2_5.0_3_537/baiduid=C0F95CD351C3B5B77422AA3B18E9217B/w=0_10_macaca/t=iphone/l=1/tc?ref=www_iphone&amp;amp;lid=14140154169389471061&amp;amp;ct=24&amp;amp;cst=7&amp;amp;tj=__0_10_5&amp;amp;sec=22034&amp;amp;di=0d2a0fb81d05ed87&amp;amp;bdenc=1&amp;amp;nsrc=IlPT2AEptyoA_yixCFOxXnANedT62v3IGtiPMDdHLDivpEmixP4kHREsRD8qR7jTUC4bwWT0salGhz4IRiZulcwOu_-igTp7jzi5w3nr6qK3KxsMz0VnPg4lG5Bxsred7_kc-3NyFtUtUGJdyrHGwtdsdhqIf2BN81eEhXGyrPe1Zoj9WlKImVbi2F5SCCXbTffC-QzzfDdsUFadQR0oWIW2vXJDUmEzvRrgbeVZOtPX8SQrPtzXDcNPE5mDMXd2A3qvHwiJ52yUE9FCri153XABjC8-gNWEFntOG2eNzs66YaaSIhz_FYfw0NJCuwKNHbh1GL0Cqv6-Dykyh5hlHmdN_K8jHDLwCYlFKu3Mv_ajLU6j7D3k130ykDYLZ_0pCg6G&quot;&gt;新闻&lt;/a&gt;&lt;a href=&quot;http://m.baidu.com/from=844b/bd_page_type=1/ssid=0/uid=0/pu=usm%400%2Csz%40320_1001%2Cta%40iphone_2_5.0_3_537/baiduid=C0F95CD351C3B5B77422AA3B18E9217B/w=0_10_macaca/t=iphone/l=1/tc?ref=www_iphone&amp;amp;lid=14140154169389471061&amp;amp;ct=24&amp;amp;cst=4&amp;amp;tj=__0_10_6&amp;amp;sec=22034&amp;amp;di=61d6b89b8f8e11b0&amp;amp;bdenc=1&amp;amp;nsrc=IlPT2AEptyoA_yixCFOxXnANedT62v3IEROFLCNK0S85n5yufuWlItdnJ7HNKXWSJl7wdoT0sadChGGcW7Mz7xQ2e4p6sF6cnDaGvLykr1fLCBYLu2wm0xOVLC5d5e8xjLwccxUy0AIoBl6b8rSygBcldt0T8Nkd7R7Yg8Plf2D2EVKi4Zf28or81WoGHyGrSLOZh1zSrW9dHlit2tTAWULZvXRJETNc7cipzuFEOd3FwHpmKdq7F4IPEEmJN8JRFvG5HP0cqxD3ZjdCxSMm4_&quot;&gt;知道&lt;/a&gt;&lt;a href=&quot;http://m.baidu.com/from=844b/bd_page_type=1/ssid=0/uid=0/pu=usm%400%2Csz%40320_1001%2Cta%40iphone_2_5.0_3_537/baiduid=C0F95CD351C3B5B77422AA3B18E9217B/w=0_10_macaca/t=iphone/l=1/tc?ref=www_iphone&amp;amp;lid=14140154169389471061&amp;amp;ct=24&amp;amp;cst=9&amp;amp;tj=__0_10_7&amp;amp;sec=22034&amp;amp;di=2bcef9a8d326c295&amp;amp;bdenc=1&amp;amp;nsrc=IlPT2AEptyoA_yixCFOxXnANedT62v3IEROFNy6R_Tv5n5yufuWlItdnJ7HNQ8qXEUL6gTGccdkYw5Cc3mQkmsURu_5UdCxchCSdv_3mtgCAGtFCvNV6O0L4SS1d5e7r8a6dtgspM2NJBX-dz3D7eQZbuP4MbNVvy17HsyXQa_rOFSqzG-vZi6iW15kJDGLoW4fC-Muzr8tbXY8vVh0rUZCAqHBUE-Edsxrb7eRCOPqEn8lnPt8UUhB3ZVzM28FCEPeFSf0fmhWvZTdImSS&quot;&gt;百科&lt;/a&gt;&lt;a href=&quot;http://m.baidu.com/from=844b/bd_page_type=1/ssid=0/uid=0/pu=usm%400%2Csz%40320_1001%2Cta%40iphone_2_5.0_3_537/baiduid=C0F95CD351C3B5B77422AA3B18E9217B/w=0_10_macaca/t=iphone/l=1/tc?ref=www_iphone&amp;amp;lid=14140154169389471061&amp;amp;ct=24&amp;amp;cst=5&amp;amp;tj=__0_10_8&amp;amp;sec=22034&amp;amp;di=97e449e58644112b&amp;amp;bdenc=1&amp;amp;nsrc=IlPT2AEptyoA_yixCFOxXnANedT62v3IHxeUMikK1De8mVjte4viZQRAUTLuQniOZpPPs7eRh1-RcWGcWSJszB1vafMnhjpzimjbcaWrx1zBS1NFrhZnDw3HGnQl6_mha3xewtxoRtB7LCguifWltO6vrsXWrgxfiNaC6SzieqrKEK&quot;&gt;图片&lt;/a&gt;&lt;/div&gt;&lt;div class=&quot;more-links&quot;&gt;&lt;a href=&quot;http://m.baidu.com/from=844b/bd_page_type=1/ssid=0/uid=0/pu=usm%400%2Csz%40320_1001%2Cta%40iphone_2_5.0_3_537/baiduid=C0F95CD351C3B5B77422AA3B18E9217B/w=0_10_macaca/t=iphone/l=1/tc?ref=www_iphone&amp;amp;lid=14140154169389471061&amp;amp;ct=24&amp;amp;cst=11&amp;amp;tj=__0_10_9&amp;amp;sec=22034&amp;amp;di=f02c773792cf38df&amp;amp;bdenc=1&amp;amp;nsrc=IlPT2AEptyoA_yixCFOxXnANedT62v3IGtiTNCVUB8SxokDyqRLwZQNAVj7qA-uYJ67wdjSRdQoClHWb_mUi7AV2qukrcT5q7Em9xKuds1SLHxJOv2o5LgHmGGVqpubgkvQvdeBtQNJj1Gdhm30LdgodbuiYsBFsy1z-gGS6rbbUFJT92luZnF7iN5kIPmLuYPfJcMuzr5hcYo8sAdSqHCa2qHBIJCINrNbq8eUN3QnO5S92K4CmG119Yn3INCu&quot;&gt;小说&lt;/a&gt;&lt;a href=&quot;http://m.baidu.com/from=844b/bd_page_type=1/ssid=0/uid=0/pu=usm%400%2Csz%40320_1001%2Cta%40iphone_2_5.0_3_537/baiduid=C0F95CD351C3B5B77422AA3B18E9217B/w=0_10_macaca/t=iphone/l=1/tc?ref=www_iphone&amp;amp;lid=14140154169389471061&amp;amp;ct=24&amp;amp;cst=10&amp;amp;tj=__0_10_10&amp;amp;sec=22034&amp;amp;di=0d3a2fe447ec1d53&amp;amp;bdenc=1&amp;amp;nsrc=IlPT2AEptyoA_yixCFOxXnANedT62v3IER8PNy6R2iv5nk_qva02EtFbUDD82Si5EUDvgTGaddhGny8bRzdsjAV2qukrcT5q7Em9xKuds1SLHxJOv2o5LgHmGGVqpubgkvQvdeBtQNJj1Gdhm30LdgodbuiYsBFsy1z-gGS6rbbUFJT92luZnF7iN5kIPmLuYPfJcMuzr5hcYo8sAdSqHCa2qHBIJCINrNbq8eUN3QnO5S92K4CmG119Yn3INCu&quot;&gt;文库&lt;/a&gt;&lt;a href=&quot;http://m.baidu.com/from=844b/bd_page_type=1/ssid=0/uid=0/pu=usm%400%2Csz%40320_1001%2Cta%40iphone_2_5.0_3_537/baiduid=C0F95CD351C3B5B77422AA3B18E9217B/w=0_10_macaca/t=iphone/l=1/tc?ref=www_iphone&amp;amp;lid=14140154169389471061&amp;amp;ct=24&amp;amp;cst=8&amp;amp;tj=__0_10_11&amp;amp;sec=22034&amp;amp;di=5f7c81521f5529d6&amp;amp;bdenc=1&amp;amp;nsrc=IlPT2AEptyoA_yixCFOxXnANedT62v3IGw3CLCsK1De8mVjte4viZQRAUXKgVn8TUCH9tyPQtsZJbmGcWzR8k1Y3g3xnfjRxkiGwgPruwM3LHaBEs21x2tOHGnQb-Kmha_5hd2RtPNA-BX-dz3biwtg_rsXWqwss8feDgWS6ra4YVY_DYkaCmIyzNokSCZOuDvfDdxLzuHhPXVya0tuhHo4_fSZUEpQhrcyEkqUM2gvYindkAQbaIsIfDI8SBnhASazcCxqz9ADT1pZYmCZzOScZ5HaYeeWIUWpKXczMcrlpVa0cYdW_VZyAGhdCvQDPVOwyGwLCvuh64Cp7cXgoFHQYQf37NjLkT66YE3D9uqn0OUtkmn4zIPXrkDBhY04eFAJCYK6oD7UClmiSmd0U&quot;&gt;音乐&lt;/a&gt;&lt;a href=&quot;http://m.baidu.com/from=844b/bd_page_type=1/ssid=0/uid=0/pu=usm%400%2Csz%40320_1001%2Cta%40iphone_2_5.0_3_537/baiduid=C0F95CD351C3B5B77422AA3B18E9217B/w=0_10_macaca/t=iphone/l=1/tc?ref=www_iphone&amp;amp;lid=14140154169389471061&amp;amp;ct=24&amp;amp;cst=2&amp;amp;tj=__0_10_12&amp;amp;sec=22034&amp;amp;di=2ab371785bada039&amp;amp;bdenc=1&amp;amp;nsrc=IlPT2AEptyoA_yixCFOxXnANedT62v3IGtiHLCpV0XSwnESzbbrgHtkfEVX7NTrJB6DhwivWxBsHgiHx3mNSndMAkfMoezR6jmjbcbewqQCBKNFOag2i31H0TGVrtLyr8a6wtwkgM2NJ4W6fm_37sAcapQOFvgZCmQLFtGS5n4qQYoOyC9eZnWviB6wFSmKcDtaIsh_zqXkbDZa4QR7hGIW0qnAaECBaaBrhaKEVL2WF6jkuBQH7KME9ZE_FCChyWa8dXNvd6sCFJEMNjyFVNiULlCa6&quot;&gt;视频&lt;/a&gt;&lt;/div&gt;&lt;/div&gt;&lt;/div&gt;&lt;div class=&quot;searchboxtop&quot;&gt;&lt;form data-formposition=&quot;t&quot; class=&quot;se-form&quot; id=&quot;se-form&quot; action=&quot;/from=844b/s&quot; method=&quot;get&quot; autocomplete=&quot;off&quot;&gt;&lt;div class=&quot;con-wrap&quot;&gt;&lt;div class=&quot;se-bearicon&quot;&gt;&lt;/div&gt;&lt;textarea autocomplete=&quot;off&quot; autocorrect=&quot;off&quot; maxlength=&quot;64&quot; id=&quot;kw&quot; name=&quot;word&quot; class=&quot;se-input adjust-input&quot; data-sug=&quot;1&quot;&gt;macaca&lt;/textarea&gt;&lt;div class=&quot;se-inner&quot;&gt;&lt;div id=&quot;cross&quot; class=&quot;cross&quot;&gt;&lt;/div&gt;&lt;div class=&quot;callicon-wrap&quot;&gt;&lt;div class=&quot;baiduapp-icon&quot;&gt;&lt;/div&gt;&lt;div class=&quot;baiduappcall-wrap&quot;&gt;&lt;div class=&quot;qrcode call&quot; data-ac=&quot;active&quot;&gt;&lt;input type=&quot;file&quot; accept=&quot;image/*&quot; style=&quot;position:absolute;left:0;width:100%;top:0;height:100%;opacity:0;z-index: 10;&quot; /&gt;&lt;/div&gt;&lt;div class=&quot;voice call&quot; data-ac=&quot;active&quot;&gt;&lt;/div&gt;&lt;/div&gt;&lt;/div&gt;&lt;button id=&quot;se-bn&quot; class=&quot;se-bn&quot; type=&quot;submit&quot;&gt;&lt;span&gt;百度一下&lt;/span&gt;&lt;/button&gt;&lt;/div&gt;&lt;/div&gt;&lt;div id=&quot;se-box&quot; class=&quot;se-box&quot;&gt;&lt;div class=&quot;suggest-div&quot; style=&quot;display: none; visibility: visible;&quot;&gt;&lt;div class=&quot;suggest-direct&quot;&gt;&lt;/div&gt;&lt;div class=&quot;suggest-panel&quot;&gt;&lt;div class=&quot;suggest-content&quot;&gt;&lt;/div&gt;&lt;div class=&quot;suggest-oper sug-active-his&quot;&gt;&lt;div class=&quot;suggest-oper-at sug-oper-btn&quot;&gt;直达号&lt;/div&gt;&lt;div class=&quot;suggest-oper-his sug-oper-btn&quot;&gt;历史记录&lt;/div&gt;&lt;/div&gt;&lt;/div&gt;&lt;div class=&quot;suggest-title&quot;&gt;&lt;div class=&quot;suggest-logo&quot;&gt;&lt;/div&gt;&lt;div class=&quot;suggest-control&quot;&gt;&lt;div class=&quot;history-clear&quot;&gt;清除历史记录&lt;/div&gt;&lt;/div&gt;&lt;div class=&quot;suggest-at&quot;&gt;直达号&lt;/div&gt;&lt;/div&gt;&lt;div class=&quot;suggest-close&quot;&gt;关闭&lt;/div&gt;&lt;/div&gt;&lt;/div&gt;&lt;input type=&quot;hidden&quot; name=&quot;sa&quot; value=&quot;tb&quot; /&gt;&lt;input type=&quot;hidden&quot; name=&quot;ts&quot; value=&quot;0&quot; /&gt;&lt;input type=&quot;hidden&quot; name=&quot;t_kt&quot; value=&quot;0&quot; /&gt;&lt;input type=&quot;hidden&quot; name=&quot;ie&quot; value=&quot;utf-8&quot; /&gt;&lt;input type=&quot;hidden&quot; name=&quot;rsv_t&quot; value=&quot;a30aGUlbeQcSb14HcgWC%2BtH5oeu4kccauu9Cc5AkGvQ83u%2FQXh%2BK%2BJZeGQ&quot; /&gt;&lt;input type=&quot;hidden&quot; name=&quot;rsv_pq&quot; value=&quot;14140154169389471061&quot; /&gt;&lt;/form&gt;&lt;/div&gt;&lt;!--cxy_all+1498445660+844b+3054660327+14140154169389471061+C0F95CD351C3B5B77422AA3B18E9217B:FG=1+8f6a0498f4939a9c3e8b5db6e072c106+000000000000000000000000000000000000000000000000000000000000012536--&gt;&lt;/div&gt;&lt;/div&gt;&lt;div id=&quot;page&quot; class=&quot;search-page&quot;&gt;&lt;div class=&quot;scroll-toprq-wrapper&quot;&gt;&lt;div class=&quot;hint-toprq-tips c-scroll-wrapper&quot; data-dsid=&quot;0&quot;&gt;&lt;div class=&quot;c-scroll-touch&quot;&gt;&lt;div class=&quot;hint-toprq-list&quot;&gt;&lt;span class=&quot;hint-toprq-item c-color-gray&quot;&gt;大家还搜&lt;i class=&quot;c-icon hint-toprq-item-icon&quot;&gt;&lt;/i&gt;&lt;/span&gt;&lt;a class=&quot;hint-toprq-item&quot; href=&quot;https://m.baidu.com/from=844b/s?word=macaca%E8%87%AA%E5%8A%A8%E5%8C%96%E6%A1%86%E6%9E%B6&amp;amp;sa=frs_1&amp;amp;dsid=0&amp;amp;rqid=14140154169389471061&quot; data-float-href=&quot;https://m.baidu.com/from=844b/s?word=macaca%E8%87%AA%E5%8A%A8%E5%8C%96%E6%A1%86%E6%9E%B6&amp;amp;sa=frs_1&amp;amp;dsid=0&amp;amp;rqid=14140154169389471061&quot;&gt;macaca自动化框架&lt;/a&gt;&lt;a class=&quot;hint-toprq-item&quot; href=&quot;https://m.baidu.com/from=844b/s?word=macaca+%E8%87%AA%E5%8A%A8%E5%8C%96%E6%B5%8B%E8%AF%95&amp;amp;sa=frs_2&amp;amp;dsid=0&amp;amp;rqid=14140154169389471061&quot; data-float-href=&quot;https://m.baidu.com/from=844b/s?word=macaca+%E8%87%AA%E5%8A%A8%E5%8C%96%E6%B5%8B%E8%AF%95&amp;amp;sa=frs_2&amp;amp;dsid=0&amp;amp;rqid=14140154169389471061&quot;&gt;macaca 自动化测试&lt;/a&gt;&lt;a class=&quot;hint-toprq-item&quot; href=&quot;https://m.baidu.com/from=844b/s?word=macaca+appium&amp;amp;sa=frs_3&amp;amp;dsid=0&amp;amp;rqid=14140154169389471061&quot; data-float-href=&quot;https://m.baidu.com/from=844b/s?word=macaca+appium&amp;amp;sa=frs_3&amp;amp;dsid=0&amp;amp;rqid=14140154169389471061&quot;&gt;macaca appium&lt;/a&gt;&lt;a class=&quot;hint-toprq-item&quot; href=&quot;https://m.baidu.com/from=844b/s?word=macaca%E5%AE%98%E7%BD%91&amp;amp;sa=frs_4&amp;amp;dsid=0&amp;amp;rqid=14140154169389471061&quot; data-float-href=&quot;https://m.baidu.com/from=844b/s?word=macaca%E5%AE%98%E7%BD%91&amp;amp;sa=frs_4&amp;amp;dsid=0&amp;amp;rqid=14140154169389471061&quot;&gt;macaca官网&lt;/a&gt;&lt;a class=&quot;hint-toprq-item&quot; href=&quot;https://m.baidu.com/from=844b/s?word=macaca%E7%BF%BB%E8%AF%91&amp;amp;sa=frs_5&amp;amp;dsid=0&amp;amp;rqid=14140154169389471061&quot; data-float-href=&quot;https://m.baidu.com/from=844b/s?word=macaca%E7%BF%BB%E8%AF%91&amp;amp;sa=frs_5&amp;amp;dsid=0&amp;amp;rqid=14140154169389471061&quot;&gt;macaca翻译&lt;/a&gt;&lt;a class=&quot;hint-toprq-item&quot; href=&quot;https://m.baidu.com/from=844b/s?word=macaca%E5%BA%94%E7%94%A8&amp;amp;sa=frs_6&amp;amp;dsid=0&amp;amp;rqid=14140154169389471061&quot; data-float-href=&quot;https://m.baidu.com/from=844b/s?word=macaca%E5%BA%94%E7%94%A8&amp;amp;sa=frs_6&amp;amp;dsid=0&amp;amp;rqid=14140154169389471061&quot;&gt;macaca应用&lt;/a&gt;&lt;/div&gt;&lt;/div&gt;&lt;/div&gt;&lt;/div&gt;&lt;div id=&quot;page-pre&quot; class=&quot;se-page-pre-style&quot;&gt;&lt;style id=&quot;show_head&quot; class=&quot;se-show-head-style&quot; type=&quot;text/css&quot;&gt;body .se-page-hd {visibility: visible;}.result-loading {display:none;}&lt;/style&gt;&lt;/div&gt;&lt;!--movedown-start--&gt;&lt;div id=&quot;page-bd&quot; class=&quot;se-page-bd&quot;&gt;&lt;div id=&quot;page-tips&quot; class=&quot;se-page-tips&quot;&gt;&lt;div class=&quot;rs-toprq-wrapper&quot; style=&quot;display:none;&quot;&gt;&lt;b-scroll&gt;&lt;div class=&quot;hint-toprq-tips c-scroll-wrapper&quot; data-dsid=&quot;0&quot;&gt;&lt;div class=&quot;c-scroll-touch&quot;&gt;&lt;div class=&quot;hint-toprq-list&quot;&gt;&lt;span class=&quot;hint-toprq-item c-color-gray&quot;&gt;大家还搜&lt;i class=&quot;c-icon hint-toprq-item-icon&quot;&gt;&lt;/i&gt;&lt;/span&gt;&lt;a class=&quot;hint-toprq-item&quot; href=&quot;https://m.baidu.com/from=844b/s?word=macaca%E8%87%AA%E5%8A%A8%E5%8C%96%E6%A1%86%E6%9E%B6&amp;amp;rq=macaca&amp;amp;sa=fqrs_1&amp;amp;dsid=0&amp;amp;rqid=14140154169389471061&quot; data-float-href=&quot;https://m.baidu.com/from=844b/s?word=macaca%E8%87%AA%E5%8A%A8%E5%8C%96%E6%A1%86%E6%9E%B6&amp;amp;sa=frs_1&amp;amp;dsid=0&amp;amp;rqid=14140154169389471061&quot;&gt;macaca自动化框架&lt;/a&gt;&lt;a class=&quot;hint-toprq-item&quot; href=&quot;https://m.baidu.com/from=844b/s?word=macaca+%E8%87%AA%E5%8A%A8%E5%8C%96%E6%B5%8B%E8%AF%95&amp;amp;rq=macaca&amp;amp;sa=fqrs_2&amp;amp;dsid=0&amp;amp;rqid=14140154169389471061&quot; data-float-href=&quot;https://m.baidu.com/from=844b/s?word=macaca+%E8%87%AA%E5%8A%A8%E5%8C%96%E6%B5%8B%E8%AF%95&amp;amp;sa=frs_2&amp;amp;dsid=0&amp;amp;rqid=14140154169389471061&quot;&gt;macaca 自动化测试&lt;/a&gt;&lt;a class=&quot;hint-toprq-item&quot; href=&quot;https://m.baidu.com/from=844b/s?word=macaca+appium&amp;amp;rq=macaca&amp;amp;sa=fqrs_3&amp;amp;dsid=0&amp;amp;rqid=14140154169389471061&quot; data-float-href=&quot;https://m.baidu.com/from=844b/s?word=macaca+appium&amp;amp;sa=frs_3&amp;amp;dsid=0&amp;amp;rqid=14140154169389471061&quot;&gt;macaca appium&lt;/a&gt;&lt;a class=&quot;hint-toprq-item&quot; href=&quot;https://m.baidu.com/from=844b/s?word=macaca%E5%AE%98%E7%BD%91&amp;amp;rq=macaca&amp;amp;sa=fqrs_4&amp;amp;dsid=0&amp;amp;rqid=14140154169389471061&quot; data-float-href=&quot;https://m.baidu.com/from=844b/s?word=macaca%E5%AE%98%E7%BD%91&amp;amp;sa=frs_4&amp;amp;dsid=0&amp;amp;rqid=14140154169389471061&quot;&gt;macaca官网&lt;/a&gt;&lt;a class=&quot;hint-toprq-item&quot; href=&quot;https://m.baidu.com/from=844b/s?word=macaca%E7%BF%BB%E8%AF%91&amp;amp;rq=macaca&amp;amp;sa=fqrs_5&amp;amp;dsid=0&amp;amp;rqid=14140154169389471061&quot; data-float-href=&quot;https://m.baidu.com/from=844b/s?word=macaca%E7%BF%BB%E8%AF%91&amp;amp;sa=frs_5&amp;amp;dsid=0&amp;amp;rqid=14140154169389471061&quot;&gt;macaca翻译&lt;/a&gt;&lt;a class=&quot;hint-toprq-item&quot; href=&quot;https://m.baidu.com/from=844b/s?word=macaca%E5%BA%94%E7%94%A8&amp;amp;rq=macaca&amp;amp;sa=fqrs_6&amp;amp;dsid=0&amp;amp;rqid=14140154169389471061&quot; data-float-href=&quot;https://m.baidu.com/from=844b/s?word=macaca%E5%BA%94%E7%94%A8&amp;amp;sa=frs_6&amp;amp;dsid=0&amp;amp;rqid=14140154169389471061&quot;&gt;macaca应用&lt;/a&gt;&lt;/div&gt;&lt;/div&gt;&lt;/div&gt;&lt;/b-scroll&gt;&lt;div class=&quot;hint-toprq-cover&quot;&gt;&lt;/div&gt;&lt;/div&gt;                                                            &lt;/div&gt;&lt;div id=&quot;results&quot; class=&quot;results&quot;&gt;&lt;div class=&quot;result c-result c-clk-recommend&quot; srcid=&quot;www_normal&quot; new_srcid=&quot;1599&quot; order=&quot;1&quot; tpl=&quot;www_normal&quot; data-log=&quot;{&#039;fm&#039;:&#039;&#039;,&#039;ensrcid&#039;:&#039;www_normal&#039;,&#039;order&#039;:&#039;1&#039;,&#039;mu&#039;:&#039;http://www.oschina.net/p/macaca&#039;}&quot; data-ecom-log-info=&quot;w_1_&quot;&gt;&lt;div class=&quot;c-container&quot;&gt;&lt;a href=&quot;http://m.baidu.com/from=844b/bd_page_type=1/ssid=0/uid=0/pu=usm%402%2Csz%40320_1001%2Cta%40iphone_2_5.0_3_537/baiduid=C0F95CD351C3B5B77422AA3B18E9217B/w=0_10_/t=iphone/l=1/tc?ref=www_iphone&amp;amp;lid=14140154169389471061&amp;amp;order=1&amp;amp;fm=alop&amp;amp;waplogo=1&amp;amp;tj=www_normal_1_0_10_title&amp;amp;vit=osres&amp;amp;waput=4&amp;amp;cltj=normal_title&amp;amp;asres=1&amp;amp;title=Macaca%E9%A6%96%E9%A1%B5%E6%96%87%E6%A1%A3%E5%92%8C%E4%B8%8B%E8%BD%BD-%E8%87%AA%E5%8A%A8%E5%8C%96%E6%B5%8B%E8%AF%95%E8%A7%A3%E5%86%B3..._%E5%BC%80%E6%BA%90%E4%B8%AD%E5%9B%BD&amp;amp;dict=30&amp;amp;w_qd=IlPT2AEptyoA_yisHUCgGCG&amp;amp;sec=22034&amp;amp;di=d92582936d02b77c&amp;amp;bdenc=1&amp;amp;nsrc=IlPT2AEptyoA_yixCFOxXnANedT62v3IEQGG_y2H1T_8o5zthPXrZQRAUnKhVnKXIETqxK&quot; class=&quot;c-blocka&quot;&gt;&lt;h3 class=&quot;c-title c-gap-top-small&quot;&gt;&lt;em&gt;Macaca&lt;/em&gt;首页、文档和下载 - 自动化测试解决..._开源中国&lt;/h3&gt;&lt;/a&gt;&lt;div class=&quot;c-row c-abstract c-gap-top-small&quot;&gt;&lt;div class=&quot;c-span12&quot;&gt;&lt;a href=&quot;http://m.baidu.com/from=844b/bd_page_type=1/ssid=0/uid=0/pu=usm%402%2Csz%40320_1001%2Cta%40iphone_2_5.0_3_537/baiduid=C0F95CD351C3B5B77422AA3B18E9217B/w=0_10_/t=iphone/l=1/tc?ref=www_iphone&amp;amp;lid=14140154169389471061&amp;amp;order=1&amp;amp;fm=alop&amp;amp;waplogo=1&amp;amp;tj=www_normal_1_0_10_title&amp;amp;vit=osres&amp;amp;waput=4&amp;amp;cltj=normal_title&amp;amp;asres=1&amp;amp;title=Macaca%E9%A6%96%E9%A1%B5%E6%96%87%E6%A1%A3%E5%92%8C%E4%B8%8B%E8%BD%BD-%E8%87%AA%E5%8A%A8%E5%8C%96%E6%B5%8B%E8%AF%95%E8%A7%A3%E5%86%B3..._%E5%BC%80%E6%BA%90%E4%B8%AD%E5%9B%BD&amp;amp;dict=30&amp;amp;w_qd=IlPT2AEptyoA_yisHUCgGCG&amp;amp;sec=22034&amp;amp;di=d92582936d02b77c&amp;amp;bdenc=1&amp;amp;nsrc=IlPT2AEptyoA_yixCFOxXnANedT62v3IEQGG_y2H1T_8o5zthPXrZQRAUnKhVnKXIETqxK&quot; class=&quot;c-blocka&quot;&gt;&lt;p class=&quot;c-line-clamp3 c-color&quot;&gt;官方网站: 链接 &lt;em&gt;Macaca&lt;/em&gt;是一套完整的自动化测试解决方案。 特性: 支持移动端和PC端 支持Native, Hybrid, ...&lt;/p&gt;&lt;/a&gt;&lt;div class=&quot;c-showurl c-line-clamp1&quot;&gt;&lt;span class=&quot;c-showurl&quot;&gt;www.oschina.net&lt;/span&gt;&lt;span class=&quot;c-showurl&quot;&gt; › p › macaca&lt;/span&gt;&lt;/div&gt;&lt;/div&gt;&lt;/div&gt;&lt;/div&gt;&lt;div class=&quot;c-container c-recomm-wrap&quot; style=&quot;display: none;&quot;&gt;&lt;div class=&quot;c-recomm-cnt c-gray&quot;&gt;&lt;span class=&quot;c-gap-right&quot;&gt;&lt;i class=&quot;c-icon&quot;&gt;&lt;/i&gt;大家还搜：&lt;/span&gt;&lt;a class=&quot;c-gap-right&quot; href=&quot;http://m.baidu.com/from=844b/ssid=0/uid=0/bd_page_type=1/pu=usm%402%2Csz%40320_1001%2Cta%40iphone_2_5.0_3_537/baiduid=C0F95CD351C3B5B77422AA3B18E9217B/w=0_10_/t=iphone/l=1/tc?lid=14140154169389471061&amp;amp;ref=www_iphone&amp;amp;w_qd=IlPT2AEptyoA_yisHUCgGCG&amp;amp;order=1&amp;amp;src=https%3A%2F%2Fm.baidu.com%2Fs%3Fword%3Dmacaca%25E8%2587%25AA%25E5%258A%25A8%25E5%258C%2596%25E6%25A1%2586%25E6%259E%25B6%26ssid%3D0%26from%3D844b%26bd_page_type%3D1%26uid%3D0%26pu%3Dusm%25402%252Csz%2540320_1001%252Cta%2540iphone_2_5.0_3_537%26baiduid%3DC0F95CD351C3B5B77422AA3B18E9217B%26rqid%3D14140154169389471061%26sa%3Dre_dl_cr_9&quot;&gt;macaca自动化框架&lt;/a&gt;&lt;a class=&quot;c-gap-right&quot; href=&quot;http://m.baidu.com/from=844b/ssid=0/uid=0/bd_page_type=1/pu=usm%402%2Csz%40320_1001%2Cta%40iphone_2_5.0_3_537/baiduid=C0F95CD351C3B5B77422AA3B18E9217B/w=0_10_/t=iphone/l=1/tc?lid=14140154169389471061&amp;amp;ref=www_iphone&amp;amp;w_qd=IlPT2AEptyoA_yisHUCgGCG&amp;amp;order=1&amp;amp;src=https%3A%2F%2Fm.baidu.com%2Fs%3Fword%3Dmacaca%25E5%25AE%2598%25E7%25BD%2591%26ssid%3D0%26from%3D844b%26bd_page_type%3D1%26uid%3D0%26pu%3Dusm%25402%252Csz%2540320_1001%252Cta%2540iphone_2_5.0_3_537%26baiduid%3DC0F95CD351C3B5B77422AA3B18E9217B%26rqid%3D14140154169389471061%26sa%3Dre_dl_cr_9&quot;&gt;macaca官网&lt;/a&gt;&lt;a class=&quot;c-gap-right&quot; href=&quot;http://m.baidu.com/from=844b/ssid=0/uid=0/bd_page_type=1/pu=usm%402%2Csz%40320_1001%2Cta%40iphone_2_5.0_3_537/baiduid=C0F95CD351C3B5B77422AA3B18E9217B/w=0_10_/t=iphone/l=1/tc?lid=14140154169389471061&amp;amp;ref=www_iphone&amp;amp;w_qd=IlPT2AEptyoA_yisHUCgGCG&amp;amp;order=1&amp;amp;src=https%3A%2F%2Fm.baidu.com%2Fs%3Fword%3Dmacaca%2520ios%26ssid%3D0%26from%3D844b%26bd_page_type%3D1%26uid%3D0%26pu%3Dusm%25402%252Csz%2540320_1001%252Cta%2540iphone_2_5.0_3_537%26baiduid%3DC0F95CD351C3B5B77422AA3B18E9217B%26rqid%3D14140154169389471061%26sa%3Dre_dl_cr_9&quot;&gt;macaca ios&lt;/a&gt;&lt;a class=&quot;c-gap-right&quot; href=&quot;http://m.baidu.com/from=844b/ssid=0/uid=0/bd_page_type=1/pu=usm%402%2Csz%40320_1001%2Cta%40iphone_2_5.0_3_537/baiduid=C0F95CD351C3B5B77422AA3B18E9217B/w=0_10_/t=iphone/l=1/tc?lid=14140154169389471061&amp;amp;ref=www_iphone&amp;amp;w_qd=IlPT2AEptyoA_yisHUCgGCG&amp;amp;order=1&amp;amp;src=https%3A%2F%2Fm.baidu.com%2Fs%3Fword%3Dmacaca%25E5%25AE%2589%25E8%25A3%2585%26ssid%3D0%26from%3D844b%26bd_page_type%3D1%26uid%3D0%26pu%3Dusm%25402%252Csz%2540320_1001%252Cta%2540iphone_2_5.0_3_537%26baiduid%3DC0F95CD351C3B5B77422AA3B18E9217B%26rqid%3D14140154169389471061%26sa%3Dre_dl_cr_9&quot;&gt;macaca安装&lt;/a&gt;&lt;a class=&quot;c-gap-right&quot; href=&quot;http://m.baidu.com/from=844b/ssid=0/uid=0/bd_page_type=1/pu=usm%402%2Csz%40320_1001%2Cta%40iphone_2_5.0_3_537/baiduid=C0F95CD351C3B5B77422AA3B18E9217B/w=0_10_/t=iphone/l=1/tc?lid=14140154169389471061&amp;amp;ref=www_iphone&amp;amp;w_qd=IlPT2AEptyoA_yisHUCgGCG&amp;amp;order=1&amp;amp;src=https%3A%2F%2Fm.baidu.com%2Fs%3Fword%3Dmacaca%2520java%26ssid%3D0%26from%3D844b%26bd_page_type%3D1%26uid%3D0%26pu%3Dusm%25402%252Csz%2540320_1001%252Cta%2540iphone_2_5.0_3_537%26baiduid%3DC0F95CD351C3B5B77422AA3B18E9217B%26rqid%3D14140154169389471061%26sa%3Dre_dl_cr_9&quot;&gt;macaca java&lt;/a&gt;&lt;a class=&quot;c-gap-right&quot; href=&quot;http://m.baidu.com/from=844b/ssid=0/uid=0/bd_page_type=1/pu=usm%402%2Csz%40320_1001%2Cta%40iphone_2_5.0_3_537/baiduid=C0F95CD351C3B5B77422AA3B18E9217B/w=0_10_/t=iphone/l=1/tc?lid=14140154169389471061&amp;amp;ref=www_iphone&amp;amp;w_qd=IlPT2AEptyoA_yisHUCgGCG&amp;amp;order=1&amp;amp;src=https%3A%2F%2Fm.baidu.com%2Fs%3Fword%3Dmacaca%2520appium%26ssid%3D0%26from%3D844b%26bd_page_type%3D1%26uid%3D0%26pu%3Dusm%25402%252Csz%2540320_1001%252Cta%2540iphone_2_5.0_3_537%26baiduid%3DC0F95CD351C3B5B77422AA3B18E9217B%26rqid%3D14140154169389471061%26sa%3Dre_dl_cr_9&quot;&gt;macaca appium&lt;/a&gt;&lt;/div&gt;&lt;/div&gt;&lt;/div&gt;&lt;div class=&quot;result c-result c-clk-recommend&quot; srcid=&quot;85&quot; new_srcid=&quot;85&quot; order=&quot;2&quot; tpl=&quot;dictwisenew&quot; data-log=&quot;{&#039;fm&#039;:&#039;aldt&#039;,&#039;ensrcid&#039;:&#039;Xp&#039;,&#039;order&#039;:&#039;2&#039;,&#039;mu&#039;:&#039;http%3A%2F%2Ffanyi.baidu.com%2F%3Faldtype%3D85%26%23en%2Fzh%2Fmacaca&#039;}&quot; data-ecom-log-info=&quot;w_2_&quot;&gt;&lt;div class=&quot;c-container&quot;&gt;&lt;a href=&quot;http://m.baidu.com/from=844b/bd_page_type=1/ssid=0/uid=0/pu=usm%402%2Csz%40320_1001%2Cta%40iphone_2_5.0_3_537/baiduid=C0F95CD351C3B5B77422AA3B18E9217B/w=0_10_/t=iphone/l=1/tc?ref=www_iphone&amp;amp;lid=14140154169389471061&amp;amp;order=2&amp;amp;fm=aldt&amp;amp;tj=Xp_2_0_10_title&amp;amp;w_qd=IlPT2AEptyoA_yisHUCgGCG&amp;amp;sec=22034&amp;amp;di=965b61f7d3f7553a&amp;amp;bdenc=1&amp;amp;nsrc=IlPT2AEptyoA_yixCFOxXnANedT62v3IIBOPPCUK1De8mVjte4viZQRAJ7DNMXOSF6zdwSPRpRUItXKh3mQpj1xOrxoee89hbSCsxq7bsa&quot; class=&quot;c-blocka&quot;&gt;&lt;h3 class=&quot;c-title c-gap-top-small&quot;&gt;&lt;em&gt;macaca&lt;/em&gt;_百度翻译&lt;/h3&gt;&lt;/a&gt;&lt;style&gt;.wa-dictwisenew-c {margin-bottom:-2px}.wa-dictwisenew-c audio {display: none;height: 0;width: 0;}.wa-dictwisenew-header {overflow: hidden;text-overflow: ellipsis;}.wa-dictwisenew-header &amp;gt; span:first-child {margin-right: 20px;}.wa-dictwisenew-header .wa-dictwisenew-noicon {position: relative;}.wa-dictwisenew-link{display: block;}.wa-dictwisenew-ificon {float: left;-webkit-tap-highlight-color: transparent;}.wa-dictwisenew-repeat,.wa-dictwisenew-icon {position: relative;top: -5px;display: block;float: left;width: 30px;height: 30px;background: url(//m.baidu.com/static/ala/fanyi/speaker.png) no-repeat center center;background-size: 16px 16px;-webkit-tap-highlight-color: transparent;}.wa-dictwisenew-repeat {width: 26px;}.wa-dictwisenew-repeat-off {background: url(//m.baidu.com/se/static/aladdin/dictwisenew/repeat_6875dc5.png) no-repeat;background-position: center 7px;background-size: 16px 58px;}.wa-dictwisenew-repeat-off .wa-dictwisenew-repeat-on-out,.wa-dictwisenew-repeat-off .wa-dictwisenew-repeat-on-in {display: none;}.wa-dictwisenew-repeat-on {position: relative;background: none;}.wa-dictwisenew-repeat-on .wa-dictwisenew-repeat-on-out {display: inline-block;width: 26px;height: 30px;background: url(//m.baidu.com/se/static/aladdin/dictwisenew/repeat_6875dc5.png) no-repeat;background-position: center -19px;background-size: 16px 58px;-webkit-animation: wa-dictwisenew-repeat-rotate 2s linear infinite;animation: wa-dictwisenew-repeat-rotate 2s linear infinite;}.wa-dictwisenew-repeat-on .wa-dictwisenew-repeat-on-in {position: absolute;left: 50%;top: 50%;display: inline-block;width: 6px;height: 6px;margin-left: -3px;margin-top: -3px;background: url(//m.baidu.com/se/static/aladdin/dictwisenew/repeat_6875dc5.png) no-repeat;background-position: 0 -52px;background-size: 16px 58px;}@-webkit-keyframes wa-dictwisenew-repeat-rotate {from {-webkit-transform: rotate(0deg);}to {-webkit-transform: rotate(360deg);}}@keyframes wa-dictwisenew-repeat-rotate {from {transform: rotate(0deg);}to {transform: rotate(360deg);}}.wa-dictwisenew-spell {float: left;}.wa-dictwisenew-icon.wa-dictwisenew-icon-ani {background-image: url(//m.baidu.com/static/ala/fanyi/speaker.gif)!important;}.wa-dictwisenew-icon-preloadd {display: block;background-image: url(//m.baidu.com/static/ala/fanyi/speaker.gif);}.wa-dictwisenew-content {margin-top: -3px;}.wa-dictwisenew-content &amp;gt; p &amp;gt; span {width: 40px;-webkit-box-flex: 1;line-height:24px;}.wa-dictwisenew-content &amp;gt; p {display: -webkit-box;}.wa-dictwisenew-content &amp;gt; p &amp;gt; span.wa-dictwisenew-shiyi {display: inline-block;width: 44px;}.wa-dictwisenew-content &amp;gt; p &amp;gt; .wa-dictwisenew-tip {display: inline-block;width: 46px;overflow: hidden;white-space: nowrap;text-overflow: clip;}.wa-dictwisenew-p-wangluo {display: -webkit-box;}.wa-dictwisenew-p-wangluo &amp;gt; span {display: block;-webkit-box-flex: 1;}.wa-dictwisenew-p-wangluo &amp;gt; span.wa-dictwisenew-wangluo {display: inline-block;}.wa-dictwisenew-p-wangluo &amp;gt; span.wa-dictwisenew-wangluo-val {white-space: nowrap;overflow: hidden;text-overflow: ellipsis;}.wa-dictwisenew-wangluo {display: inline-block;width: 40px;margin-right: 6px;}.wa-dictwisenew-liju {margin-bottom: 3px}.wa-dictwisenew-liju &amp;gt; div {-webkit-box-flex: 1;}.wa-dictwisenew-text {display: block;-webkit-box-flex: 1;}.wa-dictwisenew-else {border-top: 1px solid #d7d7d7;max-height: 116px;overflow: hidden;padding-top: 4px;}.wa-dictwisenew-else &amp;gt; div {display: -webkit-box;}.wa-dictwisenew-else &amp;gt; div &amp;gt; span {-webkit-box-flex: 1;}.wa-dictwisenew-confused a{display: inline-block;}.wa-dictwisenew-confused {line-height: 34px;}.wa-dictwisenew-on {color: #C00;}.wa-dictwisenew-c .c-row {margin-top: 5px;}.wa-dictwisenew-c .c-icon {margin-left: 3px;}.wa-dictwisenew-c .c-blocka-span {color: blue;}.wa-dictwisenew-lijua {float: none;display: inline-block;position: static;top: 0;width: 17px;height: 17px;margin-left: 3px;margin-bottom: -4px;z-index: 9999;}.wa-dictwisenew-c .c-tabs-nav {height: 24px;}.wa-dictwisenew-c .c-tabs-nav-li {height: 24px;line-height: 24px;overflow: visible;padding: 0;}.wa-dictwisenew-c .wa-dictwisenew-duoyinzi-nav {height: 38px;}.wa-dictwisenew-c .wa-dictwisenew-duoyinzi-li {height: 38px;line-height: 38px;}.wa-dictwisenew-c .c-tabs-nav-li a {color: #333;}.wa-dictwisenew-nav {background-color: #fff;}.wa-dictwisenew-nav &amp;gt; span {color: #d7d7d7;}.wa-dictwisenew-english {display: inline-block;}.wa-dictwisenew-chinese {}.wa-dictwisenew-inblock {display: inline-block;}.wa-dictwisenew-p-wangluo {line-height: 24px;margin-top: 2px;}.wa-dictwisenew-pl {margin-top: -2px;line-height: 34px;}.wa-dictwisenew-liju {line-height: 24px;}.wa-dictwisenew-c .c-gap-right {margin-right: 10px;}.wa-dictwisenew-c .c-gap-top-large {margin-top: 0px;}.wa-dictwisenew-confused .c-line-clamp2 {margin-bottom: 0px;}.wa-dictwisenew-c .wa-dictwisenew-header-en {margin-top: 5px;margin-bottom: -8px;}.wa-dictwisenew-content-en {margin-top: 3px;}.wa-dictwisenew-content-resultnew {margin-top: 3px;}.wa-dictwisenew-nav .c-tabs-nav-selected {border-bottom: 0px solid #fff;}&lt;/style&gt;&lt;div class=&quot;wa-dictwisenew-c&quot;&gt;&lt;div class=&quot;wa-dictwisenew-header c-abstract c-gap-top-large wa-dictwisenew-header-en&quot;&gt;&lt;span class=&quot;wa-dictwisenew-ificon wa-dictwisenew-ico&quot;&gt;&lt;span class=&quot;wa-dictwisenew-spell&quot;&gt;[英]                            &lt;span&gt;[mə&#039;kækə]&lt;/span&gt;&lt;/span&gt;&lt;a href=&quot;javascript:;&quot; class=&quot;WA_LOG_BTN wa-dictwisenew-icon&quot; data-url=&quot;https://sp0.baidu.com/-rM1hT4a2gU2pMbgoY3K/gettts?lan=uk&amp;amp;text=macaca&amp;amp;spd=2&amp;amp;source=alading&quot;&gt;&lt;/a&gt;&lt;a href=&quot;javascript:;&quot; class=&quot;wa-dictwisenew-repeat wa-dictwisenew-repeat-off&quot; data-url=&quot;https://sp0.baidu.com/-rM1hT4a2gU2pMbgoY3K/gettts?lan=uk&amp;amp;text=macaca&amp;amp;spd=2&amp;amp;source=alading&quot;&gt;&lt;span class=&quot;wa-dictwisenew-repeat-on-out&quot;&gt;&lt;/span&gt;&lt;span class=&quot;wa-dictwisenew-repeat-on-in&quot;&gt;&lt;/span&gt;&lt;/a&gt;&lt;/span&gt;&lt;span class=&quot;wa-dictwisenew-ificon wa-dictwisenew-ico&quot;&gt;&lt;span class=&quot;wa-dictwisenew-spell&quot;&gt;[美]                            &lt;span&gt;[mə&#039;kækə]&lt;/span&gt;&lt;/span&gt;&lt;a href=&quot;javascript:;&quot; class=&quot;WA_LOG_BTN wa-dictwisenew-icon&quot; data-url=&quot;https://sp0.baidu.com/-rM1hT4a2gU2pMbgoY3K/gettts?lan=en&amp;amp;text=macaca&amp;amp;spd=2&amp;amp;source=alading&quot;&gt;&lt;/a&gt;&lt;a href=&quot;javascript:;&quot; class=&quot;wa-dictwisenew-repeat wa-dictwisenew-repeat-off&quot; data-url=&quot;https://sp0.baidu.com/-rM1hT4a2gU2pMbgoY3K/gettts?lan=en&amp;amp;text=macaca&amp;amp;spd=2&amp;amp;source=alading&quot;&gt;&lt;span class=&quot;wa-dictwisenew-repeat-on-out&quot;&gt;&lt;/span&gt;&lt;span class=&quot;wa-dictwisenew-repeat-on-in&quot;&gt;&lt;/span&gt;&lt;/a&gt;&lt;/span&gt;&lt;/div&gt;&lt;a class=&quot;wa-dictwisenew-link&quot; href=&quot;http://m.baidu.com/from=844b/bd_page_type=1/ssid=0/uid=0/pu=usm%402%2Csz%40320_1001%2Cta%40iphone_2_5.0_3_537/baiduid=C0F95CD351C3B5B77422AA3B18E9217B/w=0_10_/t=iphone/l=1/tc?ref=www_iphone&amp;amp;lid=14140154169389471061&amp;amp;order=2&amp;amp;fm=aldt&amp;amp;tj=Xp_2_0_10_l1&amp;amp;w_qd=IlPT2AEptyoA_yisHUCgGCG&amp;amp;sec=22034&amp;amp;di=965b61f7d3f7553a&amp;amp;bdenc=1&amp;amp;nsrc=IlPT2AEptyoA_yixCFOxXnANedT62v3IIBOPPCUK1De8mVjte4viZQRAJ7DNMXOSF6zdwSPRpRUItXKh3mQpj1xOrxoee89hbSCsxq7bsa&quot;&gt;&lt;div class=&quot;wa-dictwisenew-content wa-dictwisenew-content-en c-abstract c-gap-top-small c-gap-bottom-small&quot;&gt;&lt;p class=&quot;wa-dictwisenew-content-p&quot;&gt;&lt;span class=&quot;wa-dictwisenew-tip c-color-gray&quot;&gt;[词典] &lt;/span&gt;&lt;span class=&quot;wa-dictwisenew-tipval c-line-clamp2&quot;&gt;&lt;span&gt;弥猴属; &lt;/span&gt;&lt;/span&gt;&lt;/p&gt;&lt;/div&gt;&lt;/a&gt;&lt;a class=&quot;wa-dictwisenew-cidian-a&quot; href=&quot;http://m.baidu.com/from=844b/bd_page_type=1/ssid=0/uid=0/pu=usm%402%2Csz%40320_1001%2Cta%40iphone_2_5.0_3_537/baiduid=C0F95CD351C3B5B77422AA3B18E9217B/w=0_10_/t=iphone/l=1/tc?ref=www_iphone&amp;amp;lid=14140154169389471061&amp;amp;order=2&amp;amp;fm=aldt&amp;amp;tj=Xp_2_0_10_l2&amp;amp;w_qd=IlPT2AEptyoA_yisHUCgGCG&amp;amp;sec=22034&amp;amp;di=b3b5c690da6aa8ee&amp;amp;bdenc=1&amp;amp;nsrc=IlPT2AEptyoA_yixCFOxXnANedT62v3IIBOPPCUK1De8mVjte4viZQRAJ7DNMXOSF6zdwSPRpRUItXKhQjdyzB1vbeh6sWhqlWjb9bKkdhPsU1N3rdA-&quot;&gt;&lt;div class=&quot;wa-dictwisenew-liju c-gap-top-small c-abstract&quot; style=&quot;display: -webkit-box;&quot;&gt;&lt;span class=&quot;c-color-gray c-gap-right&quot;&gt;[例句]&lt;/span&gt;&lt;div&gt;&lt;div class=&quot;wa-dictwisenew-english&quot;&gt;The Study on the Method to Rapid Identification of China &lt;span class=&quot;wa-dictwisenew-on&quot;&gt;Macaca &lt;/span&gt;&lt;span class=&quot;wa-dictwisenew-inblock wa-dictwisenew-ico&quot;&gt;Mulatta&lt;a href=&quot;javascript:;&quot; data-audio=&quot;wa-dictwisenew-audio_10&quot; class=&quot;WA_LOG_BTN wa-dictwisenew-icon wa-dictwisenew-lijua&quot; data-url=&quot;https://sp0.baidu.com/-rM1hT4a2gU2pMbgoY3K/gettts?lan=en&amp;amp;text=The%20Study%20on%20the%20Method%20to%20Rapid%20Identification%20of%20China%20Macaca%20Mulatta&amp;amp;spd=2&amp;amp;source=alading&quot;&gt;&lt;/a&gt;&lt;/span&gt;&lt;/div&gt;&lt;div class=&quot;wa-dictwisenew-chinese&quot;&gt;中国大陆猕猴属物种资源快速鉴定方法的研究&lt;/div&gt;&lt;/div&gt;&lt;/div&gt;&lt;/a&gt;&lt;/div&gt;&lt;div class=&quot;c-row&quot;&gt;&lt;div class=&quot;c-span6&quot;&gt;&lt;div class=&quot;c-line-clamp1  c-color-gray&quot;&gt;&lt;span class=&quot;c-foot-source&quot;&gt;百度翻译&lt;/span&gt;&lt;/div&gt;&lt;/div&gt;&lt;div class=&quot;c-span6&quot;&gt;&lt;a href=&quot;http://m.baidu.com/from=844b/bd_page_type=1/ssid=0/uid=0/pu=usm%402%2Csz%40320_1001%2Cta%40iphone_2_5.0_3_537/baiduid=C0F95CD351C3B5B77422AA3B18E9217B/w=0_10_/t=iphone/l=1/tc?ref=www_iphone&amp;amp;lid=14140154169389471061&amp;amp;order=2&amp;amp;fm=aldt&amp;amp;tj=Xp_2_0_10_1&amp;amp;w_qd=IlPT2AEptyoA_yisHUCgGCG&amp;amp;sec=22034&amp;amp;di=c95492f3be2ae9ce&amp;amp;bdenc=1&amp;amp;nsrc=IlPT2AEptyoA_yixCFOxXnANedT62v3IIBOPPCUK1De8mVjte4viZQRAJ7GgNXXTUS4jvCPQpsJUcyXsPa&quot; data-url=&quot;http://fanyi.baidu.com/#en/zh/macaca&quot; class=&quot; c-blocka c-moreinfo&quot;&gt;&lt;span&gt;&lt;/span&gt;&lt;i class=&quot;c-icon c-gap-left-small&quot;&gt;&lt;/i&gt;&lt;/a&gt;&lt;/div&gt;&lt;/div&gt;&lt;/div&gt;&lt;audio id=&quot;wa-dictwisenew-common-audio&quot; style=&quot;display: none&quot;&gt;&lt;/audio&gt;&lt;div class=&quot;c-container c-recomm-wrap&quot; style=&quot;display: none;&quot;&gt;&lt;div class=&quot;c-recomm-cnt c-gray&quot;&gt;&lt;span class=&quot;c-gap-right&quot;&gt;&lt;i class=&quot;c-icon&quot;&gt;&lt;/i&gt;大家还搜：&lt;/span&gt;&lt;a class=&quot;c-gap-right&quot; href=&quot;http://m.baidu.com/from=844b/ssid=0/uid=0/bd_page_type=1/pu=usm%402%2Csz%40320_1001%2Cta%40iphone_2_5.0_3_537/baiduid=C0F95CD351C3B5B77422AA3B18E9217B/w=0_10_/t=iphone/l=1/tc?lid=14140154169389471061&amp;amp;ref=www_iphone&amp;amp;w_qd=IlPT2AEptyoA_yisHUCgGCG&amp;amp;order=2&amp;amp;src=https%3A%2F%2Fm.baidu.com%2Fs%3Fword%3Dmacaca%2520%25E8%2587%25AA%25E5%258A%25A8%25E5%258C%2596%25E6%25B5%258B%25E8%25AF%2595%26ssid%3D0%26from%3D844b%26bd_page_type%3D1%26uid%3D0%26pu%3Dusm%25402%252Csz%2540320_1001%252Cta%2540iphone_2_5.0_3_537%26baiduid%3DC0F95CD351C3B5B77422AA3B18E9217B%26rqid%3D14140154169389471061%26sa%3Dre_dl_cr_9&quot;&gt;macaca 自动化测试&lt;/a&gt;&lt;a class=&quot;c-gap-right&quot; href=&quot;http://m.baidu.com/from=844b/ssid=0/uid=0/bd_page_type=1/pu=usm%402%2Csz%40320_1001%2Cta%40iphone_2_5.0_3_537/baiduid=C0F95CD351C3B5B77422AA3B18E9217B/w=0_10_/t=iphone/l=1/tc?lid=14140154169389471061&amp;amp;ref=www_iphone&amp;amp;w_qd=IlPT2AEptyoA_yisHUCgGCG&amp;amp;order=2&amp;amp;src=https%3A%2F%2Fm.baidu.com%2Fs%3Fword%3Dmacaca%2520ios%26ssid%3D0%26from%3D844b%26bd_page_type%3D1%26uid%3D0%26pu%3Dusm%25402%252Csz%2540320_1001%252Cta%2540iphone_2_5.0_3_537%26baiduid%3DC0F95CD351C3B5B77422AA3B18E9217B%26rqid%3D14140154169389471061%26sa%3Dre_dl_cr_9&quot;&gt;macaca ios&lt;/a&gt;&lt;a class=&quot;c-gap-right&quot; href=&quot;http://m.baidu.com/from=844b/ssid=0/uid=0/bd_page_type=1/pu=usm%402%2Csz%40320_1001%2Cta%40iphone_2_5.0_3_537/baiduid=C0F95CD351C3B5B77422AA3B18E9217B/w=0_10_/t=iphone/l=1/tc?lid=14140154169389471061&amp;amp;ref=www_iphone&amp;amp;w_qd=IlPT2AEptyoA_yisHUCgGCG&amp;amp;order=2&amp;amp;src=https%3A%2F%2Fm.baidu.com%2Fs%3Fword%3Dandroid%2520%25E8%258E%25B7%25E5%258F%2596%25E6%2589%258B%25E6%259C%25BA%25E7%25BD%2591%25E9%2580%259F%26ssid%3D0%26from%3D844b%26bd_page_type%3D1%26uid%3D0%26pu%3Dusm%25402%252Csz%2540320_1001%252Cta%2540iphone_2_5.0_3_537%26baiduid%3DC0F95CD351C3B5B77422AA3B18E9217B%26rqid%3D14140154169389471061%26sa%3Dre_dl_cr_9&quot;&gt;android 获取手机网速&lt;/a&gt;&lt;/div&gt;&lt;/div&gt;&lt;/div&gt;&lt;div class=&quot;result c-result c-clk-recommend&quot; srcid=&quot;www_normal&quot; new_srcid=&quot;1599&quot; order=&quot;3&quot; tpl=&quot;www_normal&quot; data-log=&quot;{&#039;fm&#039;:&#039;&#039;,&#039;ensrcid&#039;:&#039;www_normal&#039;,&#039;order&#039;:&#039;3&#039;,&#039;mu&#039;:&#039;http://macacajs.com/&#039;}&quot; data-ecom-log-info=&quot;w_3_&quot;&gt;&lt;div class=&quot;c-container&quot;&gt;&lt;a href=&quot;http://m.baidu.com/from=844b/bd_page_type=1/ssid=0/uid=0/pu=usm%402%2Csz%40320_1001%2Cta%40iphone_2_5.0_3_537/baiduid=C0F95CD351C3B5B77422AA3B18E9217B/w=0_10_/t=iphone/l=3/tc?ref=www_iphone&amp;amp;lid=14140154169389471061&amp;amp;order=3&amp;amp;fm=alop&amp;amp;tj=www_normal_3_0_10_title&amp;amp;vit=osres&amp;amp;m=8&amp;amp;srd=1&amp;amp;cltj=cloud_title&amp;amp;asres=1&amp;amp;title=Macaca%3F%3FSolutionforAutomationTestwithEase&amp;amp;dict=32&amp;amp;w_qd=IlPT2AEptyoA_yisHUCgGCG&amp;amp;sec=22034&amp;amp;di=4ba923c099cc86fc&amp;amp;bdenc=1&amp;amp;nsrc=IlPT2AEptyoA_yixCFOxXnANedT62v3IGxOSNCtZ_Cn5nk_qva02&quot; class=&quot;c-blocka&quot;&gt;&lt;h3 class=&quot;c-title c-gap-top-small&quot;&gt;&lt;em&gt;Macaca&lt;/em&gt; • Solution for Automation Test with Ease&lt;/h3&gt;&lt;/a&gt;&lt;div class=&quot;c-row c-abstract c-gap-top-small&quot;&gt;&lt;div class=&quot;c-span12&quot;&gt;&lt;a href=&quot;http://m.baidu.com/from=844b/bd_page_type=1/ssid=0/uid=0/pu=usm%402%2Csz%40320_1001%2Cta%40iphone_2_5.0_3_537/baiduid=C0F95CD351C3B5B77422AA3B18E9217B/w=0_10_/t=iphone/l=3/tc?ref=www_iphone&amp;amp;lid=14140154169389471061&amp;amp;order=3&amp;amp;fm=alop&amp;amp;tj=www_normal_3_0_10_title&amp;amp;vit=osres&amp;amp;m=8&amp;amp;srd=1&amp;amp;cltj=cloud_title&amp;amp;asres=1&amp;amp;title=Macaca%3F%3FSolutionforAutomationTestwithEase&amp;amp;dict=32&amp;amp;w_qd=IlPT2AEptyoA_yisHUCgGCG&amp;amp;sec=22034&amp;amp;di=4ba923c099cc86fc&amp;amp;bdenc=1&amp;amp;nsrc=IlPT2AEptyoA_yixCFOxXnANedT62v3IGxOSNCtZ_Cn5nk_qva02&quot; class=&quot;c-blocka&quot;&gt;&lt;p class=&quot;c-line-clamp3 c-color&quot;&gt;Released under the MIT License © 2015-2017 &lt;em&gt;Macaca&lt;/em&gt; ...&lt;/p&gt;&lt;/a&gt;&lt;div class=&quot;c-showurl c-line-clamp1&quot;&gt;&lt;span class=&quot;c-showurl&quot;&gt;macacajs.com&lt;/span&gt;&lt;span class=&quot;c-showurl&quot;&gt;&lt;/span&gt;&lt;/div&gt;&lt;/div&gt;&lt;/div&gt;&lt;/div&gt;&lt;div class=&quot;c-container c-recomm-wrap&quot; style=&quot;display: none;&quot;&gt;&lt;div class=&quot;c-recomm-cnt c-gray&quot;&gt;&lt;span class=&quot;c-gap-right&quot;&gt;&lt;i class=&quot;c-icon&quot;&gt;&lt;/i&gt;大家还搜：&lt;/span&gt;&lt;a class=&quot;c-gap-right&quot; href=&quot;http://m.baidu.com/from=844b/ssid=0/uid=0/bd_page_type=1/pu=usm%402%2Csz%40320_1001%2Cta%40iphone_2_5.0_3_537/baiduid=C0F95CD351C3B5B77422AA3B18E9217B/w=0_10_/t=iphone/l=1/tc?lid=14140154169389471061&amp;amp;ref=www_iphone&amp;amp;w_qd=IlPT2AEptyoA_yisHUCgGCG&amp;amp;order=3&amp;amp;src=https%3A%2F%2Fm.baidu.com%2Fs%3Fword%3Dmacaca%2520appium%26ssid%3D0%26from%3D844b%26bd_page_type%3D1%26uid%3D0%26pu%3Dusm%25402%252Csz%2540320_1001%252Cta%2540iphone_2_5.0_3_537%26baiduid%3DC0F95CD351C3B5B77422AA3B18E9217B%26rqid%3D14140154169389471061%26sa%3Dre_dl_cr_9&quot;&gt;macaca appium&lt;/a&gt;&lt;a class=&quot;c-gap-right&quot; href=&quot;http://m.baidu.com/from=844b/ssid=0/uid=0/bd_page_type=1/pu=usm%402%2Csz%40320_1001%2Cta%40iphone_2_5.0_3_537/baiduid=C0F95CD351C3B5B77422AA3B18E9217B/w=0_10_/t=iphone/l=1/tc?lid=14140154169389471061&amp;amp;ref=www_iphone&amp;amp;w_qd=IlPT2AEptyoA_yisHUCgGCG&amp;amp;order=3&amp;amp;src=https%3A%2F%2Fm.baidu.com%2Fs%3Fword%3Dnpm%2520%25E5%258D%25B8%25E8%25BD%25BD%26ssid%3D0%26from%3D844b%26bd_page_type%3D1%26uid%3D0%26pu%3Dusm%25402%252Csz%2540320_1001%252Cta%2540iphone_2_5.0_3_537%26baiduid%3DC0F95CD351C3B5B77422AA3B18E9217B%26rqid%3D14140154169389471061%26sa%3Dre_dl_cr_9&quot;&gt;npm 卸载&lt;/a&gt;&lt;a class=&quot;c-gap-right&quot; href=&quot;http://m.baidu.com/from=844b/ssid=0/uid=0/bd_page_type=1/pu=usm%402%2Csz%40320_1001%2Cta%40iphone_2_5.0_3_537/baiduid=C0F95CD351C3B5B77422AA3B18E9217B/w=0_10_/t=iphone/l=1/tc?lid=14140154169389471061&amp;amp;ref=www_iphone&amp;amp;w_qd=IlPT2AEptyoA_yisHUCgGCG&amp;amp;order=3&amp;amp;src=https%3A%2F%2Fm.baidu.com%2Fs%3Fword%3Dreliable%2520jenkins%26ssid%3D0%26from%3D844b%26bd_page_type%3D1%26uid%3D0%26pu%3Dusm%25402%252Csz%2540320_1001%252Cta%2540iphone_2_5.0_3_537%26baiduid%3DC0F95CD351C3B5B77422AA3B18E9217B%26rqid%3D14140154169389471061%26sa%3Dre_dl_cr_9&quot;&gt;reliable jenkins&lt;/a&gt;&lt;a class=&quot;c-gap-right&quot; href=&quot;http://m.baidu.com/from=844b/ssid=0/uid=0/bd_page_type=1/pu=usm%402%2Csz%40320_1001%2Cta%40iphone_2_5.0_3_537/baiduid=C0F95CD351C3B5B77422AA3B18E9217B/w=0_10_/t=iphone/l=1/tc?lid=14140154169389471061&amp;amp;ref=www_iphone&amp;amp;w_qd=IlPT2AEptyoA_yisHUCgGCG&amp;amp;order=3&amp;amp;src=https%3A%2F%2Fm.baidu.com%2Fs%3Fword%3Dtesterhome%26ssid%3D0%26from%3D844b%26bd_page_type%3D1%26uid%3D0%26pu%3Dusm%25402%252Csz%2540320_1001%252Cta%2540iphone_2_5.0_3_537%26baiduid%3DC0F95CD351C3B5B77422AA3B18E9217B%26rqid%3D14140154169389471061%26sa%3Dre_dl_cr_9&quot;&gt;testerhome&lt;/a&gt;&lt;a class=&quot;c-gap-right&quot; href=&quot;http://m.baidu.com/from=844b/ssid=0/uid=0/bd_page_type=1/pu=usm%402%2Csz%40320_1001%2Cta%40iphone_2_5.0_3_537/baiduid=C0F95CD351C3B5B77422AA3B18E9217B/w=0_10_/t=iphone/l=1/tc?lid=14140154169389471061&amp;amp;ref=www_iphone&amp;amp;w_qd=IlPT2AEptyoA_yisHUCgGCG&amp;amp;order=3&amp;amp;src=https%3A%2F%2Fm.baidu.com%2Fs%3Fword%3Dnpm%2520%25E5%25AE%2589%25E8%25A3%2585%26ssid%3D0%26from%3D844b%26bd_page_type%3D1%26uid%3D0%26pu%3Dusm%25402%252Csz%2540320_1001%252Cta%2540iphone_2_5.0_3_537%26baiduid%3DC0F95CD351C3B5B77422AA3B18E9217B%26rqid%3D14140154169389471061%26sa%3Dre_dl_cr_9&quot;&gt;npm 安装&lt;/a&gt;&lt;a class=&quot;c-gap-right&quot; href=&quot;http://m.baidu.com/from=844b/ssid=0/uid=0/bd_page_type=1/pu=usm%402%2Csz%40320_1001%2Cta%40iphone_2_5.0_3_537/baiduid=C0F95CD351C3B5B77422AA3B18E9217B/w=0_10_/t=iphone/l=1/tc?lid=14140154169389471061&amp;amp;ref=www_iphone&amp;amp;w_qd=IlPT2AEptyoA_yisHUCgGCG&amp;amp;order=3&amp;amp;src=https%3A%2F%2Fm.baidu.com%2Fs%3Fword%3Dappium%26ssid%3D0%26from%3D844b%26bd_page_type%3D1%26uid%3D0%26pu%3Dusm%25402%252Csz%2540320_1001%252Cta%2540iphone_2_5.0_3_537%26baiduid%3DC0F95CD351C3B5B77422AA3B18E9217B%26rqid%3D14140154169389471061%26sa%3Dre_dl_cr_9&quot;&gt;appium&lt;/a&gt;&lt;a class=&quot;c-gap-right&quot; href=&quot;http://m.baidu.com/from=844b/ssid=0/uid=0/bd_page_type=1/pu=usm%402%2Csz%40320_1001%2Cta%40iphone_2_5.0_3_537/baiduid=C0F95CD351C3B5B77422AA3B18E9217B/w=0_10_/t=iphone/l=1/tc?lid=14140154169389471061&amp;amp;ref=www_iphone&amp;amp;w_qd=IlPT2AEptyoA_yisHUCgGCG&amp;amp;order=3&amp;amp;src=https%3A%2F%2Fm.baidu.com%2Fs%3Fword%3Dnode.js%26ssid%3D0%26from%3D844b%26bd_page_type%3D1%26uid%3D0%26pu%3Dusm%25402%252Csz%2540320_1001%252Cta%2540iphone_2_5.0_3_537%26baiduid%3DC0F95CD351C3B5B77422AA3B18E9217B%26rqid%3D14140154169389471061%26sa%3Dre_dl_cr_9&quot;&gt;node.js&lt;/a&gt;&lt;/div&gt;&lt;/div&gt;&lt;/div&gt;&lt;div class=&quot;result c-result c-clk-recommend&quot; srcid=&quot;www_normal&quot; new_srcid=&quot;1599&quot; order=&quot;4&quot; tpl=&quot;www_normal&quot; data-log=&quot;{&#039;fm&#039;:&#039;&#039;,&#039;ensrcid&#039;:&#039;www_normal&#039;,&#039;order&#039;:&#039;4&#039;,&#039;mu&#039;:&#039;http://testerhome.com/topics/node68&#039;}&quot; data-ecom-log-info=&quot;w_4_&quot;&gt;&lt;div class=&quot;c-container&quot;&gt;&lt;a href=&quot;http://m.baidu.com/from=844b/bd_page_type=1/ssid=0/uid=0/pu=usm%402%2Csz%40320_1001%2Cta%40iphone_2_5.0_3_537/baiduid=C0F95CD351C3B5B77422AA3B18E9217B/w=0_10_/t=iphone/l=1/tc?ref=www_iphone&amp;amp;lid=14140154169389471061&amp;amp;order=4&amp;amp;fm=alop&amp;amp;waplogo=1&amp;amp;tj=www_normal_4_0_10_title&amp;amp;vit=osres&amp;amp;waput=3&amp;amp;cltj=normal_title&amp;amp;asres=1&amp;amp;title=Macaca%C2%B7%E7%A4%BE%E5%8C%BA%C2%B7TesterHome&amp;amp;dict=-1&amp;amp;w_qd=IlPT2AEptyoA_yisHUCgGCG&amp;amp;sec=22034&amp;amp;di=0e4c3aaccf611d6a&amp;amp;bdenc=1&amp;amp;nsrc=IlPT2AEptyoA_yixCFOxXnANedT62v3IEh3CQSlG_jWzmI39h47aUbBuXS47M7jTUS48u7K0txS&quot; class=&quot;c-blocka&quot;&gt;&lt;h3 class=&quot;c-title c-gap-top-small&quot;&gt;&lt;em&gt;Macaca&lt;/em&gt; · 社区 · TesterHome&lt;/h3&gt;&lt;/a&gt;&lt;div class=&quot;c-row c-abstract c-gap-top-small&quot;&gt;&lt;div class=&quot;c-span12&quot;&gt;&lt;a href=&quot;http://m.baidu.com/from=844b/bd_page_type=1/ssid=0/uid=0/pu=usm%402%2Csz%40320_1001%2Cta%40iphone_2_5.0_3_537/baiduid=C0F95CD351C3B5B77422AA3B18E9217B/w=0_10_/t=iphone/l=1/tc?ref=www_iphone&amp;amp;lid=14140154169389471061&amp;amp;order=4&amp;amp;fm=alop&amp;amp;waplogo=1&amp;amp;tj=www_normal_4_0_10_title&amp;amp;vit=osres&amp;amp;waput=3&amp;amp;cltj=normal_title&amp;amp;asres=1&amp;amp;title=Macaca%C2%B7%E7%A4%BE%E5%8C%BA%C2%B7TesterHome&amp;amp;dict=-1&amp;amp;w_qd=IlPT2AEptyoA_yisHUCgGCG&amp;amp;sec=22034&amp;amp;di=0e4c3aaccf611d6a&amp;amp;bdenc=1&amp;amp;nsrc=IlPT2AEptyoA_yixCFOxXnANedT62v3IEh3CQSlG_jWzmI39h47aUbBuXS47M7jTUS48u7K0txS&quot; class=&quot;c-blocka&quot;&gt;&lt;p class=&quot;c-line-clamp3 c-color&quot;&gt;&lt;span class=&quot;c-gray c-gap-right-small&quot;&gt;6天前 - &lt;/span&gt;&lt;em&gt;Macaca&lt;/em&gt; ubuntu16.04 和 win10 环境正确部署 &lt;em&gt;macaca&lt;/em&gt;-android2.0.2 和 app-inspector1.2.28  harsayer ...&lt;/p&gt;&lt;/a&gt;&lt;div class=&quot;c-showurl c-line-clamp1&quot;&gt;&lt;span class=&quot;c-showurl&quot;&gt;testerhome.com&lt;/span&gt;&lt;span class=&quot;c-showurl&quot;&gt; › topics › node68&lt;/span&gt;&lt;/div&gt;&lt;/div&gt;&lt;/div&gt;&lt;/div&gt;&lt;div class=&quot;c-container c-recomm-wrap&quot; style=&quot;display: none;&quot;&gt;&lt;div class=&quot;c-recomm-cnt c-gray&quot;&gt;&lt;span class=&quot;c-gap-right&quot;&gt;&lt;i class=&quot;c-icon&quot;&gt;&lt;/i&gt;大家还搜：&lt;/span&gt;&lt;a class=&quot;c-gap-right&quot; href=&quot;http://m.baidu.com/from=844b/ssid=0/uid=0/bd_page_type=1/pu=usm%402%2Csz%40320_1001%2Cta%40iphone_2_5.0_3_537/baiduid=C0F95CD351C3B5B77422AA3B18E9217B/w=0_10_/t=iphone/l=1/tc?lid=14140154169389471061&amp;amp;ref=www_iphone&amp;amp;w_qd=IlPT2AEptyoA_yisHUCgGCG&amp;amp;order=4&amp;amp;src=https%3A%2F%2Fm.baidu.com%2Fs%3Fword%3Dmacaca%25E8%2587%25AA%25E5%258A%25A8%25E5%258C%2596%25E6%25A1%2586%25E6%259E%25B6%26ssid%3D0%26from%3D844b%26bd_page_type%3D1%26uid%3D0%26pu%3Dusm%25402%252Csz%2540320_1001%252Cta%2540iphone_2_5.0_3_537%26baiduid%3DC0F95CD351C3B5B77422AA3B18E9217B%26rqid%3D14140154169389471061%26sa%3Dre_dl_cr_9&quot;&gt;macaca自动化框架&lt;/a&gt;&lt;a class=&quot;c-gap-right&quot; href=&quot;http://m.baidu.com/from=844b/ssid=0/uid=0/bd_page_type=1/pu=usm%402%2Csz%40320_1001%2Cta%40iphone_2_5.0_3_537/baiduid=C0F95CD351C3B5B77422AA3B18E9217B/w=0_10_/t=iphone/l=1/tc?lid=14140154169389471061&amp;amp;ref=www_iphone&amp;amp;w_qd=IlPT2AEptyoA_yisHUCgGCG&amp;amp;order=4&amp;amp;src=https%3A%2F%2Fm.baidu.com%2Fs%3Fword%3Dmacaca%2520ios%26ssid%3D0%26from%3D844b%26bd_page_type%3D1%26uid%3D0%26pu%3Dusm%25402%252Csz%2540320_1001%252Cta%2540iphone_2_5.0_3_537%26baiduid%3DC0F95CD351C3B5B77422AA3B18E9217B%26rqid%3D14140154169389471061%26sa%3Dre_dl_cr_9&quot;&gt;macaca ios&lt;/a&gt;&lt;a class=&quot;c-gap-right&quot; href=&quot;http://m.baidu.com/from=844b/ssid=0/uid=0/bd_page_type=1/pu=usm%402%2Csz%40320_1001%2Cta%40iphone_2_5.0_3_537/baiduid=C0F95CD351C3B5B77422AA3B18E9217B/w=0_10_/t=iphone/l=1/tc?lid=14140154169389471061&amp;amp;ref=www_iphone&amp;amp;w_qd=IlPT2AEptyoA_yisHUCgGCG&amp;amp;order=4&amp;amp;src=https%3A%2F%2Fm.baidu.com%2Fs%3Fword%3Dmacaca%2520appium%26ssid%3D0%26from%3D844b%26bd_page_type%3D1%26uid%3D0%26pu%3Dusm%25402%252Csz%2540320_1001%252Cta%2540iphone_2_5.0_3_537%26baiduid%3DC0F95CD351C3B5B77422AA3B18E9217B%26rqid%3D14140154169389471061%26sa%3Dre_dl_cr_9&quot;&gt;macaca appium&lt;/a&gt;&lt;a class=&quot;c-gap-right&quot; href=&quot;http://m.baidu.com/from=844b/ssid=0/uid=0/bd_page_type=1/pu=usm%402%2Csz%40320_1001%2Cta%40iphone_2_5.0_3_537/baiduid=C0F95CD351C3B5B77422AA3B18E9217B/w=0_10_/t=iphone/l=1/tc?lid=14140154169389471061&amp;amp;ref=www_iphone&amp;amp;w_qd=IlPT2AEptyoA_yisHUCgGCG&amp;amp;order=4&amp;amp;src=https%3A%2F%2Fm.baidu.com%2Fs%3Fword%3Dmacaca%2520github%26ssid%3D0%26from%3D844b%26bd_page_type%3D1%26uid%3D0%26pu%3Dusm%25402%252Csz%2540320_1001%252Cta%2540iphone_2_5.0_3_537%26baiduid%3DC0F95CD351C3B5B77422AA3B18E9217B%26rqid%3D14140154169389471061%26sa%3Dre_dl_cr_9&quot;&gt;macaca github&lt;/a&gt;&lt;a class=&quot;c-gap-right&quot; href=&quot;http://m.baidu.com/from=844b/ssid=0/uid=0/bd_page_type=1/pu=usm%402%2Csz%40320_1001%2Cta%40iphone_2_5.0_3_537/baiduid=C0F95CD351C3B5B77422AA3B18E9217B/w=0_10_/t=iphone/l=1/tc?lid=14140154169389471061&amp;amp;ref=www_iphone&amp;amp;w_qd=IlPT2AEptyoA_yisHUCgGCG&amp;amp;order=4&amp;amp;src=https%3A%2F%2Fm.baidu.com%2Fs%3Fword%3Dnode.js%2520%25E5%25AE%2589%25E8%25A3%2585%26ssid%3D0%26from%3D844b%26bd_page_type%3D1%26uid%3D0%26pu%3Dusm%25402%252Csz%2540320_1001%252Cta%2540iphone_2_5.0_3_537%26baiduid%3DC0F95CD351C3B5B77422AA3B18E9217B%26rqid%3D14140154169389471061%26sa%3Dre_dl_cr_9&quot;&gt;node.js 安装&lt;/a&gt;&lt;a class=&quot;c-gap-right&quot; href=&quot;http://m.baidu.com/from=844b/ssid=0/uid=0/bd_page_type=1/pu=usm%402%2Csz%40320_1001%2Cta%40iphone_2_5.0_3_537/baiduid=C0F95CD351C3B5B77422AA3B18E9217B/w=0_10_/t=iphone/l=1/tc?lid=14140154169389471061&amp;amp;ref=www_iphone&amp;amp;w_qd=IlPT2AEptyoA_yisHUCgGCG&amp;amp;order=4&amp;amp;src=https%3A%2F%2Fm.baidu.com%2Fs%3Fword%3Dappium%26ssid%3D0%26from%3D844b%26bd_page_type%3D1%26uid%3D0%26pu%3Dusm%25402%252Csz%2540320_1001%252Cta%2540iphone_2_5.0_3_537%26baiduid%3DC0F95CD351C3B5B77422AA3B18E9217B%26rqid%3D14140154169389471061%26sa%3Dre_dl_cr_9&quot;&gt;appium&lt;/a&gt;&lt;/div&gt;&lt;/div&gt;&lt;/div&gt;&lt;firstpaint&gt;&lt;/firstpaint&gt;&lt;div class=&quot;result c-result&quot; srcid=&quot;sigma_celebrity_rela&quot; new_srcid=&quot;28339&quot; order=&quot;5&quot; tpl=&quot;sigma_celebrity_rela&quot; data-log=&quot;{&#039;fm&#039;:&#039;alop&#039;,&#039;ensrcid&#039;:&#039;sigma_celebrity_rela&#039;,&#039;order&#039;:&#039;5&#039;,&#039;mu&#039;:&#039;&#039;}&quot; data-ecom-log-info=&quot;w_5_&quot;&gt;&lt;div class=&quot;c-container&quot;&gt;&lt;div class=&quot;c-blocka&quot;&gt;&lt;h3 class=&quot;c-title c-gap-top-small&quot;&gt;&lt;em&gt;macaca&lt;/em&gt;_相关软件&lt;/h3&gt;&lt;/div&gt;&lt;style data-merge=&quot;&quot;&gt;.wa-sigma-celebrity-f13 { font-size: 20px; vertical-align: top; line-height: 26px;}.wa-sigma-celebrity-f13::before {content: &#039;&#039;;display: inline-block;height: 15px;border-left: 1px solid #f1f1f1;}.wa-sigma-celebrity-rela-scroller{white-space:nowrap;}.wa-sigma-celebrity-rela-entity{display:inline-block;vertical-align:top;}.wa-sigma-celebrity-rela-entity:first-child{padding-left:0px;}.wa-sigma-celebrity-rela-name{text-align:center;line-height: 22px; white-space:pre-line;word-break: normal; word-wrap: normal;margin-bottom:2px;}.wa-sigma-celebrity-rela-reason {text-align: center; white-space:pre-line; word-break: normal; word-wrap: normal;font-size:13px;line-height:19px;margin-bottom:0;}.wa-sigma-celebrity-rela-comment {position:relative; height: 21px;margin:0 auto; width: 60px;}.wa-sigma-celebrity-rela-comment .c-icon {display: inline-block; width: 12px; text-align: center;}.wa-sigma-celebrity-rela-comment-graystar {position: absolute; color: #eee;}.wa-sigma-celebrity-rela-comment-redstar {position: absolute; color: #ff0000; white-space: nowrap;overflow: hidden;}.wa-sigma-celebrity-rela-nowrap {white-space:nowrap;}.wa-sigma-celebrity-coverWrap{position:relative;}.wa-sigma-celebrity-cover{width:100%;height:100%;font-size:25px;color:#fff;position:absolute;left:0;top:0;right:0;bottom:0;z-index:2;text-align:center;background:rgba(0,0,0,0.5);overflow:hidden;display:block;}.wa-sigma-celebrity-cover p{font-size:13px;text-align:center;line-height:12px;}.wa-sigma-celebrity-cover-inner{text-align:center;vertical-align:middle;position:absolute;top:50%;left:50%;height:44px;margin-top:-22px;margin-left:-26px;}@media screen and (max-width: 335px) {.wa-sigma-celebrity-rela-comment {width: 50px;}.wa-sigma-celebrity-rela-comment .c-icon {width: 10px;}}&lt;/style&gt;&lt;b-scroll class=&quot;wa-sigma-celebrity-rela-wrapper-5&quot;&gt;&lt;div class=&quot;c-row-tile c-scroll-wrapper wa-sigma-cere-wrapper-5 c-gap-top-small&quot;&gt;&lt;div class=&quot;c-scroll-touch&quot;&gt;&lt;div class=&quot;wa-sigma-celebrity-rela-scroller c-scroll-parent-gap&quot; style=&quot;width:            284.90566037736%&quot;&gt;&lt;div class=&quot;wa-sigma-celebrity-rela-entity c-scroll-element-gap&quot; style=&quot;width:8.3333333333333%&quot;&gt;&lt;a href=&quot;http://m.baidu.com/from=844b/bd_page_type=1/ssid=0/uid=0/pu=usm%402%2Csz%40320_1001%2Cta%40iphone_2_5.0_3_537/baiduid=C0F95CD351C3B5B77422AA3B18E9217B/w=0_10_/t=iphone/l=1/tc?ref=www_iphone&amp;amp;lid=14140154169389471061&amp;amp;order=5&amp;amp;fm=alop&amp;amp;tj=sigma_celebrity_rela_5_0_10_l1&amp;amp;w_qd=IlPT2AEptyoA_yisHUCgGCG&amp;amp;sec=22034&amp;amp;di=5364f5ed308d055f&amp;amp;bdenc=1&amp;amp;nsrc=IlPT2AEptyoA_yixCFOxCGZb8c3JV3T5ABfPNy6R2iv5nk_qva02JcRpX8KgVC4CV5OwdoSRxBx8hyfdO8EpbQV2qBdjxmca9nTwdfm_6gCAG_1Mag2lCL3HGnU2pqmg7Rwgg2Z9FtEoB7-jf_37su-7rsXZ72Qs8sa2eWS6rMaAVY4yW6KZnFqT_kkJDGDgGO7-sxb2eSVITVaTA2urH9znqWNHF8Mfqt0q7NFC_2jXm8lk4gemFRNPWYvUBXt0DPevGdiw-cPNFZJInTMn4TQ2jC8-gNWFJ8-QWBu2y4oyG4S4HxjBIYm2LwtZuNnLCLlTVO3Vercm&quot; data-url=&quot;https://m.baidu.com/from=844b/s?word=%25E7%2599%25BE%25E5%25BA%25A6%25E6%25B5%258F%25E8%25A7%2588%25E5%2599%25A8&amp;amp;sa=re_dl_er_28339_1&amp;amp;euri=2a9f406dd53d48cabffbeab5fbb9c457&amp;amp;rqid=14140154169389471061&amp;amp;oq=macaca&quot; class=&quot;c-blocka wa-sigma-celebrity-rela-link&quot;&gt;&lt;div class=&quot;c-img c-img-s&quot; style=&quot;background: none;&quot;&gt;&lt;img src=&quot;https://ss2.baidu.com/6ONYsjip0QIZ8tyhnq/it/u=3533960723,4130723126&amp;amp;fm=58&quot; /&gt;&lt;/div&gt;&lt;p class=&quot;wa-sigma-celebrity-rela-name c-line-clamp2&quot;&gt;百度浏览器&lt;/p&gt;&lt;p class=&quot;wa-sigma-celebrity-rela-reason c-color-gray c-line-clamp2&quot;&gt;快速极简安全流畅强大&lt;/p&gt;&lt;/a&gt;&lt;/div&gt;&lt;div class=&quot;wa-sigma-celebrity-rela-entity c-scroll-element-gap&quot; style=&quot;width:8.3333333333333%&quot;&gt;&lt;a href=&quot;http://m.baidu.com/from=844b/bd_page_type=1/ssid=0/uid=0/pu=usm%402%2Csz%40320_1001%2Cta%40iphone_2_5.0_3_537/baiduid=C0F95CD351C3B5B77422AA3B18E9217B/w=0_10_/t=iphone/l=1/tc?ref=www_iphone&amp;amp;lid=14140154169389471061&amp;amp;order=5&amp;amp;fm=alop&amp;amp;tj=sigma_celebrity_rela_5_0_10_l2&amp;amp;w_qd=IlPT2AEptyoA_yisHUCgGCG&amp;amp;sec=22034&amp;amp;di=51612c87f8761be9&amp;amp;bdenc=1&amp;amp;nsrc=IlPT2AEptyoA_yixCFOxCGZb8c3JV3T5ABfPNy6R2iv5nk_qva02JcRpX8KgVC4CV5OwdoSRxBx8hyfdO8EpbMgOgvUxfSgq7XeaxOnr6tPLQcBF92YmJACKG826vbqr8a6vsBYcM2NJBD9xzbS5s2hxv1GFbNMb8cPShHiyqfa0FoOiWlqGmYb81FhJS8bdGO7-c1enqXkaHZzxB2qrJIyAr82JFy2vaw75mvJDDQzUzCo-3q&quot; data-url=&quot;https://m.baidu.com/from=844b/s?word=jenkins&amp;amp;sa=re_dl_er_28339_2&amp;amp;euri=1ef42463366a46638c591252f6e8167a&amp;amp;rqid=14140154169389471061&amp;amp;oq=macaca&quot; class=&quot;c-blocka wa-sigma-celebrity-rela-link&quot;&gt;&lt;div class=&quot;c-img c-img-s&quot; style=&quot;background: none;&quot;&gt;&lt;img src=&quot;https://ss1.baidu.com/6ONXsjip0QIZ8tyhnq/it/u=498671830,1179448266&amp;amp;fm=58&quot; /&gt;&lt;/div&gt;&lt;p class=&quot;wa-sigma-celebrity-rela-name c-line-clamp2&quot;&gt;jenkins&lt;/p&gt;&lt;p class=&quot;wa-sigma-celebrity-rela-reason c-color-gray c-line-clamp2&quot;&gt;开源软件项目&lt;/p&gt;&lt;/a&gt;&lt;/div&gt;&lt;div class=&quot;wa-sigma-celebrity-rela-entity c-scroll-element-gap&quot; style=&quot;width:8.3333333333333%&quot;&gt;&lt;a href=&quot;http://m.baidu.com/from=844b/bd_page_type=1/ssid=0/uid=0/pu=usm%402%2Csz%40320_1001%2Cta%40iphone_2_5.0_3_537/baiduid=C0F95CD351C3B5B77422AA3B18E9217B/w=0_10_/t=iphone/l=1/tc?ref=www_iphone&amp;amp;lid=14140154169389471061&amp;amp;order=5&amp;amp;fm=alop&amp;amp;tj=sigma_celebrity_rela_5_0_10_l3&amp;amp;w_qd=IlPT2AEptyoA_yisHUCgGCG&amp;amp;sec=22034&amp;amp;di=30a74515010a9a0f&amp;amp;bdenc=1&amp;amp;nsrc=IlPT2AEptyoA_yixCFOxCGZb8c3JV3T5ABfPNy6R2iv5nk_qva02JcRpX8KgVC4CV5OwdoSRxBx8hyfdO8EpbMYYffU6cX9h8TqsgPuAwMDlSMhyqc10OQaVG8kXoamg7fxftwtoReJkM7tcn0O8tggauhXYb2Fuj1iJtCW9rPzMWIn5YlKHnUrk2JxGY8OcDtbEdMqirXoeHJnq3tS5JYG4qXBDEDNcbtSezuQ92ADSzig8&quot; data-url=&quot;https://m.baidu.com/from=844b/s?word=docker&amp;amp;sa=re_dl_er_28339_3&amp;amp;euri=af63f130cd0b450ca74ed753a8870973&amp;amp;rqid=14140154169389471061&amp;amp;oq=macaca&quot; class=&quot;c-blocka wa-sigma-celebrity-rela-link&quot;&gt;&lt;div class=&quot;c-img c-img-s&quot; style=&quot;background: none;&quot;&gt;&lt;img src=&quot;https://ss2.baidu.com/6ONYsjip0QIZ8tyhnq/it/u=166756439,1527526503&amp;amp;fm=58&quot; /&gt;&lt;/div&gt;&lt;p class=&quot;wa-sigma-celebrity-rela-name c-line-clamp2&quot;&gt;docker&lt;/p&gt;&lt;p class=&quot;wa-sigma-celebrity-rela-reason c-color-gray c-line-clamp2&quot;&gt;开源的应用容器引擎&lt;/p&gt;&lt;/a&gt;&lt;/div&gt;&lt;div class=&quot;wa-sigma-celebrity-rela-entity c-scroll-element-gap&quot; style=&quot;width:8.3333333333333%&quot;&gt;&lt;a href=&quot;http://m.baidu.com/from=844b/bd_page_type=1/ssid=0/uid=0/pu=usm%402%2Csz%40320_1001%2Cta%40iphone_2_5.0_3_537/baiduid=C0F95CD351C3B5B77422AA3B18E9217B/w=0_10_/t=iphone/l=1/tc?ref=www_iphone&amp;amp;lid=14140154169389471061&amp;amp;order=5&amp;amp;fm=alop&amp;amp;tj=sigma_celebrity_rela_5_0_10_l4&amp;amp;w_qd=IlPT2AEptyoA_yisHUCgGCG&amp;amp;sec=22034&amp;amp;di=41351f47da5ecc3b&amp;amp;bdenc=1&amp;amp;nsrc=IlPT2AEptyoA_yixCFOxCGZb8c3JV3T5ABfPNy6R2iv5nk_qva02JcRpX8KgVC4CV5OwdoSRxBx8hyfdO8EpbNoMgfg6xmcdmCzwdsiqtbbKULl1vKxmQwGVIVtwl0qciOxcv12yEQQzAjhjyLvnsdEawc3IaNpw-MOHhXC9qvrQElWmFIeDi6noMJ6OXjKuO3vJc1emrH9fGZr-ANu6GI_2qHZIJCJgxcbq7NER_A0UzCm&quot; data-url=&quot;https://m.baidu.com/from=844b/s?word=xcode&amp;amp;sa=re_dl_er_28339_4&amp;amp;euri=b27c839c48d84d09a88641731ebdafd3&amp;amp;rqid=14140154169389471061&amp;amp;oq=macaca&quot; class=&quot;c-blocka wa-sigma-celebrity-rela-link&quot;&gt;&lt;div class=&quot;c-img c-img-s&quot; style=&quot;background: none;&quot;&gt;&lt;img src=&quot;https://ss0.baidu.com/6ONWsjip0QIZ8tyhnq/it/u=1816603557,2118951847&amp;amp;fm=58&quot; /&gt;&lt;/div&gt;&lt;p class=&quot;wa-sigma-celebrity-rela-name c-line-clamp2&quot;&gt;xcode&lt;/p&gt;&lt;p class=&quot;wa-sigma-celebrity-rela-reason c-color-gray c-line-clamp2&quot;&gt;苹果公司开发编程软件&lt;/p&gt;&lt;/a&gt;&lt;/div&gt;&lt;div class=&quot;wa-sigma-celebrity-rela-entity c-scroll-element-gap&quot; style=&quot;width:8.3333333333333%&quot;&gt;&lt;a href=&quot;http://m.baidu.com/from=844b/bd_page_type=1/ssid=0/uid=0/pu=usm%402%2Csz%40320_1001%2Cta%40iphone_2_5.0_3_537/baiduid=C0F95CD351C3B5B77422AA3B18E9217B/w=0_10_/t=iphone/l=1/tc?ref=www_iphone&amp;amp;lid=14140154169389471061&amp;amp;order=5&amp;amp;fm=alop&amp;amp;tj=sigma_celebrity_rela_5_0_10_l5&amp;amp;w_qd=IlPT2AEptyoA_yisHUCgGCG&amp;amp;sec=22034&amp;amp;di=ef6af58f0819db31&amp;amp;bdenc=1&amp;amp;nsrc=IlPT2AEptyoA_yixCFOxCGZb8c3JV3T5ABfPNy6R2iv5nk_qva02JcRpX8KgVC4CV5OwdoSRxBx8hyfdO8EpbQV2qBdgxmcaaX8wdfm_hACAG_1Lag2lCbKHGnV5samg7Rwgg2Z9FtEoB7-jf_37su-7rsXZ72Qs8sa2eWS6rMaAVY4yW6KZnFqT_kkJDGDgGO7-sxb2eSVITVaTA2urH9znrWNHF8Mfqt0q7NEZ023DmXxlKtj6ZsdPZVeGLil1WqvmTtSs9BPUYpEXmDMn4TQ2jC8-gNWFJ8-QWBu2y4oyG4S4HxjBIYm2LwtZuNnLCLlTVO3Vercm&quot; data-url=&quot;https://m.baidu.com/from=844b/s?word=%25E8%25B0%25B7%25E6%25AD%258C%25E6%25B5%258F%25E8%25A7%2588%25E5%2599%25A8&amp;amp;sa=re_dl_er_28339_5&amp;amp;euri=ee2267717ba8447790e41879bd2045f2&amp;amp;rqid=14140154169389471061&amp;amp;oq=macaca&quot; class=&quot;c-blocka wa-sigma-celebrity-rela-link&quot;&gt;&lt;div class=&quot;c-img c-img-s&quot; style=&quot;background: none;&quot;&gt;&lt;img src=&quot;https://ss0.baidu.com/6ONWsjip0QIZ8tyhnq/it/u=4271233902,2956125879&amp;amp;fm=58&quot; /&gt;&lt;/div&gt;&lt;p class=&quot;wa-sigma-celebrity-rela-name c-line-clamp2&quot;&gt;谷歌浏览器&lt;/p&gt;&lt;p class=&quot;wa-sigma-celebrity-rela-reason c-color-gray c-line-clamp2&quot;&gt;广泛使用的浏览器&lt;/p&gt;&lt;/a&gt;&lt;/div&gt;&lt;div class=&quot;wa-sigma-celebrity-rela-entity c-scroll-element-gap&quot; style=&quot;width:8.3333333333333%&quot;&gt;&lt;a href=&quot;http://m.baidu.com/from=844b/bd_page_type=1/ssid=0/uid=0/pu=usm%402%2Csz%40320_1001%2Cta%40iphone_2_5.0_3_537/baiduid=C0F95CD351C3B5B77422AA3B18E9217B/w=0_10_/t=iphone/l=1/tc?ref=www_iphone&amp;amp;lid=14140154169389471061&amp;amp;order=5&amp;amp;fm=alop&amp;amp;tj=sigma_celebrity_rela_5_0_10_l6&amp;amp;w_qd=IlPT2AEptyoA_yisHUCgGCG&amp;amp;sec=22034&amp;amp;di=4c6f660828ae7bd6&amp;amp;bdenc=1&amp;amp;nsrc=IlPT2AEptyoA_yixCFOxCGZb8c3JV3T5ABfPNy6R2iv5nk_qva02JcRpX8KgVC4CV5OwdoSRxBx8hyfdO8EpbNMOfu5kfCdyznvftq8hg_HAS0l2sqw63K7UIH2rmB3cyKkgwB1z01EyUT-azrTntg5aasSJvtVuj1m2hHm5qq8MEYT9FFeFponaB6wFSG0oW4fC-MqirH5bGZ8sAtG6H97FrHVIESZbfAndlKZZOeXQzig83Qq&quot; data-url=&quot;https://m.baidu.com/from=844b/s?word=webstorm&amp;amp;sa=re_dl_er_28339_6&amp;amp;euri=e152c0dda3ef4ca685833baa53f418b8&amp;amp;rqid=14140154169389471061&amp;amp;oq=macaca&quot; class=&quot;c-blocka wa-sigma-celebrity-rela-link&quot;&gt;&lt;div class=&quot;c-img c-img-s&quot;&gt;&lt;img data-imagedelaysrc=&quot;https://ss1.baidu.com/6ONXsjip0QIZ8tyhnq/it/u=2380039900,3087716037&amp;amp;fm=58&quot; data-imageinvisible=&quot;1&quot; /&gt;&lt;/div&gt;&lt;p class=&quot;wa-sigma-celebrity-rela-name c-line-clamp2&quot;&gt;webstorm&lt;/p&gt;&lt;p class=&quot;wa-sigma-celebrity-rela-reason c-color-gray c-line-clamp2&quot;&gt;Web前端开发神器&lt;/p&gt;&lt;/a&gt;&lt;/div&gt;&lt;div class=&quot;wa-sigma-celebrity-rela-entity c-scroll-element-gap&quot; style=&quot;width:8.3333333333333%&quot;&gt;&lt;a href=&quot;http://m.baidu.com/from=844b/bd_page_type=1/ssid=0/uid=0/pu=usm%402%2Csz%40320_1001%2Cta%40iphone_2_5.0_3_537/baiduid=C0F95CD351C3B5B77422AA3B18E9217B/w=0_10_/t=iphone/l=1/tc?ref=www_iphone&amp;amp;lid=14140154169389471061&amp;amp;order=5&amp;amp;fm=alop&amp;amp;tj=sigma_celebrity_rela_5_0_10_l7&amp;amp;w_qd=IlPT2AEptyoA_yisHUCgGCG&amp;amp;sec=22034&amp;amp;di=d6d3062d906a5304&amp;amp;bdenc=1&amp;amp;nsrc=IlPT2AEptyoA_yixCFOxCGZb8c3JV3T5ABfPNy6R2iv5nk_qva02JcRpX8KgVC4CV5OwdoSRxBx8hyfdO8EpbNgKfv9xa89h8TqsgPuAwMDlSMhyqc10OQaVG8kXpamg7fxftwtoReIyAmhjybS7gthruRXYadIp-1iJsiC9sKaFYoWpW6ODpkrk2JxGY8OcDtbEdMqirXoeHJnq3tS5JYG4qXBDEDNcbtSezuQ92ADSzig8&quot; data-url=&quot;https://m.baidu.com/from=844b/s?word=zabbix&amp;amp;sa=re_dl_er_28339_7&amp;amp;euri=3738022e353b4318974ca79e824b9838&amp;amp;rqid=14140154169389471061&amp;amp;oq=macaca&quot; class=&quot;c-blocka wa-sigma-celebrity-rela-link&quot;&gt;&lt;div class=&quot;c-img c-img-s&quot;&gt;&lt;img data-imagedelaysrc=&quot;https://ss0.baidu.com/6ONWsjip0QIZ8tyhnq/it/u=4014282867,271110198&amp;amp;fm=58&quot; data-imageinvisible=&quot;1&quot; /&gt;&lt;/div&gt;&lt;p class=&quot;wa-sigma-celebrity-rela-name c-line-clamp2&quot;&gt;zabbix&lt;/p&gt;&lt;p class=&quot;wa-sigma-celebrity-rela-reason c-color-gray c-line-clamp2&quot;&gt;企业级的开源解决方案&lt;/p&gt;&lt;/a&gt;&lt;/div&gt;&lt;div class=&quot;wa-sigma-celebrity-rela-entity c-scroll-element-gap&quot; style=&quot;width:8.3333333333333%&quot;&gt;&lt;a href=&quot;http://m.baidu.com/from=844b/bd_page_type=1/ssid=0/uid=0/pu=usm%402%2Csz%40320_1001%2Cta%40iphone_2_5.0_3_537/baiduid=C0F95CD351C3B5B77422AA3B18E9217B/w=0_10_/t=iphone/l=1/tc?ref=www_iphone&amp;amp;lid=14140154169389471061&amp;amp;order=5&amp;amp;fm=alop&amp;amp;tj=sigma_celebrity_rela_5_0_10_l8&amp;amp;w_qd=IlPT2AEptyoA_yisHUCgGCG&amp;amp;sec=22034&amp;amp;di=87946f1bd97a16e6&amp;amp;bdenc=1&amp;amp;nsrc=IlPT2AEptyoA_yixCFOxCGZb8c3JV3T5ABfPNy6R2iv5nk_qva02JcRpX8KgVC4CV5OwdoSRxBx8hyfdO8EpbNICffQ-cTYq7XeaxOnr6tPLQcBF92YmJACKG826vbSr8a6vsBYcM2NJNzgvnbW9tNl7ucOFbQZu7RqFt8G-f48PYFOjZliDmlb81FhJS8bdGO7-c1enqXkaHZzxB2qrJIyAr82JFy2vaw75mvJDDQzUzCo-3q&quot; data-url=&quot;https://m.baidu.com/from=844b/s?word=pycharm&amp;amp;sa=re_dl_er_28339_8&amp;amp;euri=bcdd3030800a4ec4a0f06d2f0fd47341&amp;amp;rqid=14140154169389471061&amp;amp;oq=macaca&quot; class=&quot;c-blocka wa-sigma-celebrity-rela-link&quot;&gt;&lt;div class=&quot;c-img c-img-s&quot;&gt;&lt;img data-imagedelaysrc=&quot;https://ss0.baidu.com/6ONWsjip0QIZ8tyhnq/it/u=1460995956,843882077&amp;amp;fm=58&quot; data-imageinvisible=&quot;1&quot; /&gt;&lt;/div&gt;&lt;p class=&quot;wa-sigma-celebrity-rela-name c-line-clamp2&quot;&gt;pycharm&lt;/p&gt;&lt;p class=&quot;wa-sigma-celebrity-rela-reason c-color-gray c-line-clamp2&quot;&gt;Web开发服务应用软件&lt;/p&gt;&lt;/a&gt;&lt;/div&gt;&lt;div class=&quot;wa-sigma-celebrity-rela-entity c-scroll-element-gap&quot; style=&quot;width:8.3333333333333%&quot;&gt;&lt;a href=&quot;http://m.baidu.com/from=844b/bd_page_type=1/ssid=0/uid=0/pu=usm%402%2Csz%40320_1001%2Cta%40iphone_2_5.0_3_537/baiduid=C0F95CD351C3B5B77422AA3B18E9217B/w=0_10_/t=iphone/l=1/tc?ref=www_iphone&amp;amp;lid=14140154169389471061&amp;amp;order=5&amp;amp;fm=alop&amp;amp;tj=sigma_celebrity_rela_5_0_10_l9&amp;amp;w_qd=IlPT2AEptyoA_yisHUCgGCG&amp;amp;sec=22034&amp;amp;di=9d0d349bfaafc0b2&amp;amp;bdenc=1&amp;amp;nsrc=IlPT2AEptyoA_yixCFOxCGZb8c3JV3T5ABfPNy6R2iv5nk_qva02JcRpX8KgVC4CV5OwdoSRxBx8hyfdO8EpbNMSbvcnezphkGjbcbuddhLqXs2yqt500cDxGnprobXF-Lwccw19Bw5oBl6azuS-twsfusXMvA1d-171eSTnrazKE9ipY6LSzYa6_kkJDGHwZLbYcfenqXofGJntBdKuJYKEsXRCECBgaBrh80gFL20-5io-3wzy&quot; data-url=&quot;https://m.baidu.com/from=844b/s?word=wireshark&amp;amp;sa=re_dl_er_28339_9&amp;amp;euri=15b11fa128eb49298ed6ccc9b19bcac8&amp;amp;rqid=14140154169389471061&amp;amp;oq=macaca&quot; class=&quot;c-blocka wa-sigma-celebrity-rela-link&quot;&gt;&lt;div class=&quot;c-img c-img-s&quot;&gt;&lt;img data-imagedelaysrc=&quot;https://ss0.baidu.com/6ONWsjip0QIZ8tyhnq/it/u=2843259309,2381864960&amp;amp;fm=58&quot; data-imageinvisible=&quot;1&quot; /&gt;&lt;/div&gt;&lt;p class=&quot;wa-sigma-celebrity-rela-name c-line-clamp2&quot;&gt;wireshark&lt;/p&gt;&lt;p class=&quot;wa-sigma-celebrity-rela-reason c-color-gray c-line-clamp2&quot;&gt;网络封包分析软件&lt;/p&gt;&lt;/a&gt;&lt;/div&gt;&lt;div class=&quot;wa-sigma-celebrity-rela-entity c-scroll-element-gap&quot; style=&quot;width:8.3333333333333%&quot;&gt;&lt;a href=&quot;http://m.baidu.com/from=844b/bd_page_type=1/ssid=0/uid=0/pu=usm%402%2Csz%40320_1001%2Cta%40iphone_2_5.0_3_537/baiduid=C0F95CD351C3B5B77422AA3B18E9217B/w=0_10_/t=iphone/l=1/tc?ref=www_iphone&amp;amp;lid=14140154169389471061&amp;amp;order=5&amp;amp;fm=alop&amp;amp;tj=sigma_celebrity_rela_5_0_10_l10&amp;amp;w_qd=IlPT2AEptyoA_yisHUCgGCG&amp;amp;sec=22034&amp;amp;di=eb01db2796839210&amp;amp;bdenc=1&amp;amp;nsrc=IlPT2AEptyoA_yixCFOxCGZb8c3JV3T5ABfPNy6R2iv5nk_qva02JcRpX8KgVC4CV5OwdoSRxBx8hyfdO8EpbNITbO5kdj6mznvftq8hg_HAS0l2sqw63K7UIH2rmB3f80wccw19Bw5oBl5qnrXksdduvBWCvtAd8siIeHC-sKrMFYTzZ9a2mobn2UkJDGHwZLbYcfenqXofGJntBdKuJYKEsXRCECBgaBrh80gFL20-5io-3wzy&quot; data-url=&quot;https://m.baidu.com/from=844b/s?word=phpstudy&amp;amp;sa=re_dl_er_28339_10&amp;amp;euri=ae3d4206bbf342759169aae545e94a57&amp;amp;rqid=14140154169389471061&amp;amp;oq=macaca&quot; class=&quot;c-blocka wa-sigma-celebrity-rela-link&quot;&gt;&lt;div class=&quot;c-img c-img-s&quot;&gt;&lt;img data-imagedelaysrc=&quot;https://ss1.baidu.com/6ONXsjip0QIZ8tyhnq/it/u=2053374235,1017341848&amp;amp;fm=58&quot; data-imageinvisible=&quot;1&quot; /&gt;&lt;/div&gt;&lt;p class=&quot;wa-sigma-celebrity-rela-name c-line-clamp2&quot;&gt;phpstudy&lt;/p&gt;&lt;p class=&quot;wa-sigma-celebrity-rela-reason c-color-gray c-line-clamp2&quot;&gt;PHP调试环境的集成包&lt;/p&gt;&lt;/a&gt;&lt;/div&gt;&lt;div class=&quot;wa-sigma-celebrity-rela-entity c-scroll-element-gap&quot; style=&quot;width:8.3333333333333%&quot;&gt;&lt;a href=&quot;http://m.baidu.com/from=844b/bd_page_type=1/ssid=0/uid=0/pu=usm%402%2Csz%40320_1001%2Cta%40iphone_2_5.0_3_537/baiduid=C0F95CD351C3B5B77422AA3B18E9217B/w=0_10_/t=iphone/l=1/tc?ref=www_iphone&amp;amp;lid=14140154169389471061&amp;amp;order=5&amp;amp;fm=alop&amp;amp;tj=sigma_celebrity_rela_5_0_10_l11&amp;amp;w_qd=IlPT2AEptyoA_yisHUCgGCG&amp;amp;sec=22034&amp;amp;di=681542dd1e18be7b&amp;amp;bdenc=1&amp;amp;nsrc=IlPT2AEptyoA_yixCFOxCGZb8c3JV3T5ABfPNy6R2iv5nk_qva02JcRpX8KgVC4CV5OwdoSRxBx8hyfdO8EpbNE4bLdmtShuznqRtamXtsnlS2ZyfQlnOAfxGXFhorbrmOlzg2UJP2FjM7Fj5rTkhAd7vcTUbw1d8czZsCOyrPzRYFDuFIyZnF7kM9VTHyD2DObEdMunqH5aHpHv3dqwG9S1rn2UEyY-qBrgbboV_gDSza&quot; data-url=&quot;https://m.baidu.com/from=844b/s?word=qtp&amp;amp;sa=re_dl_er_28339_11&amp;amp;euri=95bf8892dbb84306b433daf153d0a9fc&amp;amp;rqid=14140154169389471061&amp;amp;oq=macaca&quot; class=&quot;c-blocka wa-sigma-celebrity-rela-link&quot;&gt;&lt;div class=&quot;c-img c-img-s&quot;&gt;&lt;img data-imagedelaysrc=&quot;https://ss2.baidu.com/6ONYsjip0QIZ8tyhnq/it/u=3367680773,1136689973&amp;amp;fm=58&quot; data-imageinvisible=&quot;1&quot; /&gt;&lt;/div&gt;&lt;p class=&quot;wa-sigma-celebrity-rela-name c-line-clamp2&quot;&gt;qtp&lt;/p&gt;&lt;p class=&quot;wa-sigma-celebrity-rela-reason c-color-gray c-line-clamp2&quot;&gt;自动测试工具&lt;/p&gt;&lt;/a&gt;&lt;/div&gt;&lt;div class=&quot;wa-sigma-celebrity-rela-entity c-scroll-element-gap&quot; style=&quot;width:8.3333333333333%&quot;&gt;&lt;a href=&quot;http://m.baidu.com/from=844b/bd_page_type=1/ssid=0/uid=0/pu=usm%402%2Csz%40320_1001%2Cta%40iphone_2_5.0_3_537/baiduid=C0F95CD351C3B5B77422AA3B18E9217B/w=0_10_/t=iphone/l=1/tc?ref=www_iphone&amp;amp;lid=14140154169389471061&amp;amp;order=5&amp;amp;fm=alop&amp;amp;tj=sigma_celebrity_rela_5_0_10_l12&amp;amp;w_qd=IlPT2AEptyoA_yisHUCgGCG&amp;amp;sec=22034&amp;amp;di=9eb8ad27250a17cf&amp;amp;bdenc=1&amp;amp;nsrc=IlPT2AEptyoA_yixCFOxCGZb8c3JV3T5ABfPNy6R2iv5nk_qva02JcRpX8KgVC4CV5OwdoSRxBx8hyfdO8EpbQV2qBdgxmca98bwdfm25gCAG_1Mag2lQr3HGnU2mKmg7Rwfg2Z9POMoB7-iz_37su-srsXZ7tYs8sa257S6rMaFVY4y17mZnFrb25kJDGDgGO7-sxb2eSVITVaTA2urH9znqXJUEyYvr1m7zuQ9PdiDmHpf4A7aY1ZKZYuFBXcZXaqxSdqv-M4XZ-UUonE53XA_pCC9du09InlNXBqByP5-JvqIHhX3J9i4KBdCvQDJXKsoL3uTeLko0K&quot; data-url=&quot;https://m.baidu.com/from=844b/s?word=%25E8%2587%25AA%25E5%258A%25A8%25E5%258C%2596%25E6%25B5%258B%25E8%25AF%2595&amp;amp;sa=re_dl_er_28339_12&amp;amp;euri=792719fb9f714c0bb810c23eaf711a8c&amp;amp;rqid=14140154169389471061&amp;amp;oq=macaca&quot; class=&quot;c-blocka wa-sigma-celebrity-rela-link&quot;&gt;&lt;div class=&quot;c-img c-img-s&quot;&gt;&lt;img data-imagedelaysrc=&quot;https://ss1.baidu.com/6ONXsjip0QIZ8tyhnq/it/u=3612569533,2367817372&amp;amp;fm=58&quot; data-imageinvisible=&quot;1&quot; /&gt;&lt;/div&gt;&lt;p class=&quot;wa-sigma-celebrity-rela-name c-line-clamp2&quot;&gt;自动化测试&lt;/p&gt;&lt;p class=&quot;wa-sigma-celebrity-rela-reason c-color-gray c-line-clamp2&quot;&gt;预设条件下运行程序&lt;/p&gt;&lt;/a&gt;&lt;/div&gt;&lt;/div&gt;&lt;/div&gt;&lt;/div&gt;&lt;/b-scroll&gt;&lt;/div&gt;&lt;/div&gt;&lt;div class=&quot;result c-result c-clk-recommend&quot; srcid=&quot;www_normal&quot; new_srcid=&quot;1599&quot; order=&quot;6&quot; tpl=&quot;www_normal&quot; data-log=&quot;{&#039;fm&#039;:&#039;&#039;,&#039;ensrcid&#039;:&#039;www_normal&#039;,&#039;order&#039;:&#039;6&#039;,&#039;mu&#039;:&#039;http://www.cnblogs.com/fnng/p/5929842.html&#039;}&quot; data-ecom-log-info=&quot;w_6_&quot;&gt;&lt;div class=&quot;c-container&quot;&gt;&lt;a href=&quot;http://m.baidu.com/from=844b/bd_page_type=1/ssid=0/uid=0/pu=usm%402%2Csz%40320_1001%2Cta%40iphone_2_5.0_3_537/baiduid=C0F95CD351C3B5B77422AA3B18E9217B/w=0_10_/t=iphone/l=3/tc?ref=www_iphone&amp;amp;lid=14140154169389471061&amp;amp;order=6&amp;amp;fm=alop&amp;amp;tj=www_normal_6_0_10_title&amp;amp;vit=osres&amp;amp;m=8&amp;amp;srd=1&amp;amp;cltj=cloud_title&amp;amp;asres=1&amp;amp;nt=wnor&amp;amp;title=Macaca%E8%87%AA%E5%8A%A8%E5%8C%96%E6%B5%8B%E8%AF%95%E4%B9%8BAndroid%E6%B5%8B%E8%AF%95-%E8%99%AB%E5%B8%88-%E5%8D%9A%E5%AE%A2%E5%9B%AD&amp;amp;dict=30&amp;amp;w_qd=IlPT2AEptyoA_yisHUCgGCG&amp;amp;sec=22034&amp;amp;di=922b800a664a7ae8&amp;amp;bdenc=1&amp;amp;nsrc=IlPT2AEptyoA_yixCFOxXnANedT62v3IEQGG_ytK1DK6mlrte4viZQRAZD86NzrIBVWwdoTLqBs1uHCdAT-il17&quot; class=&quot;c-blocka&quot; sftc=&quot;1&quot; data-title=&quot;&amp;lt;em&amp;gt;Macaca&amp;lt;/em&amp;gt;自动化测试之Android测试 - 虫师 - 博客园&quot;&gt;&lt;h3 class=&quot;c-title c-gap-top-small&quot;&gt;&lt;em&gt;Macaca&lt;/em&gt;自动化测试之Android测试 - 虫师 - 博客园&lt;/h3&gt;&lt;/a&gt;&lt;div class=&quot;c-row c-abstract c-gap-top-small&quot;&gt;&lt;div class=&quot;c-span3&quot;&gt;&lt;a href=&quot;http://m.baidu.com/from=844b/bd_page_type=1/ssid=0/uid=0/pu=usm%402%2Csz%40320_1001%2Cta%40iphone_2_5.0_3_537/baiduid=C0F95CD351C3B5B77422AA3B18E9217B/w=0_10_/t=iphone/l=3/tc?ref=www_iphone&amp;amp;lid=14140154169389471061&amp;amp;order=6&amp;amp;fm=alop&amp;amp;tj=www_normal_6_0_10_title&amp;amp;vit=osres&amp;amp;m=8&amp;amp;srd=1&amp;amp;cltj=cloud_title&amp;amp;asres=1&amp;amp;nt=wnor&amp;amp;title=Macaca%E8%87%AA%E5%8A%A8%E5%8C%96%E6%B5%8B%E8%AF%95%E4%B9%8BAndroid%E6%B5%8B%E8%AF%95-%E8%99%AB%E5%B8%88-%E5%8D%9A%E5%AE%A2%E5%9B%AD&amp;amp;dict=30&amp;amp;w_qd=IlPT2AEptyoA_yisHUCgGCG&amp;amp;sec=22034&amp;amp;di=922b800a664a7ae8&amp;amp;bdenc=1&amp;amp;nsrc=IlPT2AEptyoA_yixCFOxXnANedT62v3IEQGG_ytK1DK6mlrte4viZQRAZD86NzrIBVWwdoTLqBs1uHCdAT-il17&quot; class=&quot;c-blocka&quot; sftc=&quot;1&quot; data-title=&quot;&amp;lt;em&amp;gt;Macaca&amp;lt;/em&amp;gt;自动化测试之Android测试 - 虫师 - 博客园&quot;&gt;&lt;div class=&quot;c-img c-img-s&quot; style=&quot;background: none;&quot;&gt;&lt;img src=&quot;https://ss0.bdstatic.com/9bA1vGfa2gU2pMbfm9GUKT-w/timg?wisealaddin&amp;amp;size=u200_200&amp;amp;quality=80&amp;amp;sec=1498445661&amp;amp;di=8c7fed859207e9b636a869659358ef09&amp;amp;src=http%3A%2F%2Fi8.baidu.com%2Fit%2Fu%3D1190414170%2C571750852%26fm%3D78%26s%3D869835CA43FEB6690049EC0C000070C2&quot; /&gt;&lt;/div&gt;&lt;/a&gt;&lt;/div&gt;&lt;div class=&quot;c-span9&quot;&gt;&lt;a href=&quot;http://m.baidu.com/from=844b/bd_page_type=1/ssid=0/uid=0/pu=usm%402%2Csz%40320_1001%2Cta%40iphone_2_5.0_3_537/baiduid=C0F95CD351C3B5B77422AA3B18E9217B/w=0_10_/t=iphone/l=3/tc?ref=www_iphone&amp;amp;lid=14140154169389471061&amp;amp;order=6&amp;amp;fm=alop&amp;amp;tj=www_normal_6_0_10_title&amp;amp;vit=osres&amp;amp;m=8&amp;amp;srd=1&amp;amp;cltj=cloud_title&amp;amp;asres=1&amp;amp;nt=wnor&amp;amp;title=Macaca%E8%87%AA%E5%8A%A8%E5%8C%96%E6%B5%8B%E8%AF%95%E4%B9%8BAndroid%E6%B5%8B%E8%AF%95-%E8%99%AB%E5%B8%88-%E5%8D%9A%E5%AE%A2%E5%9B%AD&amp;amp;dict=30&amp;amp;w_qd=IlPT2AEptyoA_yisHUCgGCG&amp;amp;sec=22034&amp;amp;di=922b800a664a7ae8&amp;amp;bdenc=1&amp;amp;nsrc=IlPT2AEptyoA_yixCFOxXnANedT62v3IEQGG_ytK1DK6mlrte4viZQRAZD86NzrIBVWwdoTLqBs1uHCdAT-il17&quot; class=&quot;c-blocka&quot; sftc=&quot;1&quot; data-title=&quot;&amp;lt;em&amp;gt;Macaca&amp;lt;/em&amp;gt;自动化测试之Android测试 - 虫师 - 博客园&quot;&gt;&lt;p class=&quot;c-line-clamp3 c-color&quot;&gt;&lt;span class=&quot;c-gray c-gap-right-small&quot;&gt;2016年10月3日 - &lt;/span&gt;&lt;em&gt;Macaca&lt;/em&gt; PC端Web自动化测试非常类似于Selenium,而移动端自动化测试非常类似于Appium,如果你搭建过Appium环境,&lt;em&gt;Ma&lt;/em&gt;...&lt;/p&gt;&lt;/a&gt;&lt;div class=&quot;c-showurl c-line-clamp1&quot;&gt;&lt;span class=&quot;c-showurl&quot;&gt;www.cnblogs.com&lt;/span&gt;&lt;span class=&quot;c-showurl&quot;&gt; › fnng › ...&lt;/span&gt;&lt;/div&gt;&lt;/div&gt;&lt;/div&gt;&lt;/div&gt;&lt;div class=&quot;c-container c-recomm-wrap&quot; style=&quot;display: none;&quot;&gt;&lt;div class=&quot;c-recomm-cnt c-gray&quot;&gt;&lt;span class=&quot;c-gap-right&quot;&gt;&lt;i class=&quot;c-icon&quot;&gt;&lt;/i&gt;大家还搜：&lt;/span&gt;&lt;a class=&quot;c-gap-right&quot; href=&quot;http://m.baidu.com/from=844b/ssid=0/uid=0/bd_page_type=1/pu=usm%402%2Csz%40320_1001%2Cta%40iphone_2_5.0_3_537/baiduid=C0F95CD351C3B5B77422AA3B18E9217B/w=0_10_/t=iphone/l=1/tc?lid=14140154169389471061&amp;amp;ref=www_iphone&amp;amp;w_qd=IlPT2AEptyoA_yisHUCgGCG&amp;amp;order=6&amp;amp;src=https%3A%2F%2Fm.baidu.com%2Fs%3Fword%3Dmacaca%25E8%2587%25AA%25E5%258A%25A8%25E5%258C%2596%25E6%25A1%2586%25E6%259E%25B6%26ssid%3D0%26from%3D844b%26bd_page_type%3D1%26uid%3D0%26pu%3Dusm%25402%252Csz%2540320_1001%252Cta%2540iphone_2_5.0_3_537%26baiduid%3DC0F95CD351C3B5B77422AA3B18E9217B%26rqid%3D14140154169389471061%26sa%3Dre_dl_cr_9&quot;&gt;macaca自动化框架&lt;/a&gt;&lt;a class=&quot;c-gap-right&quot; href=&quot;http://m.baidu.com/from=844b/ssid=0/uid=0/bd_page_type=1/pu=usm%402%2Csz%40320_1001%2Cta%40iphone_2_5.0_3_537/baiduid=C0F95CD351C3B5B77422AA3B18E9217B/w=0_10_/t=iphone/l=1/tc?lid=14140154169389471061&amp;amp;ref=www_iphone&amp;amp;w_qd=IlPT2AEptyoA_yisHUCgGCG&amp;amp;order=6&amp;amp;src=https%3A%2F%2Fm.baidu.com%2Fs%3Fword%3Dmacaca%2520appium%26ssid%3D0%26from%3D844b%26bd_page_type%3D1%26uid%3D0%26pu%3Dusm%25402%252Csz%2540320_1001%252Cta%2540iphone_2_5.0_3_537%26baiduid%3DC0F95CD351C3B5B77422AA3B18E9217B%26rqid%3D14140154169389471061%26sa%3Dre_dl_cr_9&quot;&gt;macaca appium&lt;/a&gt;&lt;a class=&quot;c-gap-right&quot; href=&quot;http://m.baidu.com/from=844b/ssid=0/uid=0/bd_page_type=1/pu=usm%402%2Csz%40320_1001%2Cta%40iphone_2_5.0_3_537/baiduid=C0F95CD351C3B5B77422AA3B18E9217B/w=0_10_/t=iphone/l=1/tc?lid=14140154169389471061&amp;amp;ref=www_iphone&amp;amp;w_qd=IlPT2AEptyoA_yisHUCgGCG&amp;amp;order=6&amp;amp;src=https%3A%2F%2Fm.baidu.com%2Fs%3Fword%3Dmacaca%2520ios%26ssid%3D0%26from%3D844b%26bd_page_type%3D1%26uid%3D0%26pu%3Dusm%25402%252Csz%2540320_1001%252Cta%2540iphone_2_5.0_3_537%26baiduid%3DC0F95CD351C3B5B77422AA3B18E9217B%26rqid%3D14140154169389471061%26sa%3Dre_dl_cr_9&quot;&gt;macaca ios&lt;/a&gt;&lt;a class=&quot;c-gap-right&quot; href=&quot;http://m.baidu.com/from=844b/ssid=0/uid=0/bd_page_type=1/pu=usm%402%2Csz%40320_1001%2Cta%40iphone_2_5.0_3_537/baiduid=C0F95CD351C3B5B77422AA3B18E9217B/w=0_10_/t=iphone/l=1/tc?lid=14140154169389471061&amp;amp;ref=www_iphone&amp;amp;w_qd=IlPT2AEptyoA_yisHUCgGCG&amp;amp;order=6&amp;amp;src=https%3A%2F%2Fm.baidu.com%2Fs%3Fword%3Dmacaca%25E5%2592%258Cappium%26ssid%3D0%26from%3D844b%26bd_page_type%3D1%26uid%3D0%26pu%3Dusm%25402%252Csz%2540320_1001%252Cta%2540iphone_2_5.0_3_537%26baiduid%3DC0F95CD351C3B5B77422AA3B18E9217B%26rqid%3D14140154169389471061%26sa%3Dre_dl_cr_9&quot;&gt;macaca和appium&lt;/a&gt;&lt;a class=&quot;c-gap-right&quot; href=&quot;http://m.baidu.com/from=844b/ssid=0/uid=0/bd_page_type=1/pu=usm%402%2Csz%40320_1001%2Cta%40iphone_2_5.0_3_537/baiduid=C0F95CD351C3B5B77422AA3B18E9217B/w=0_10_/t=iphone/l=1/tc?lid=14140154169389471061&amp;amp;ref=www_iphone&amp;amp;w_qd=IlPT2AEptyoA_yisHUCgGCG&amp;amp;order=6&amp;amp;src=https%3A%2F%2Fm.baidu.com%2Fs%3Fword%3Dnode.js%2520%25E5%25AE%2589%25E8%25A3%2585%26ssid%3D0%26from%3D844b%26bd_page_type%3D1%26uid%3D0%26pu%3Dusm%25402%252Csz%2540320_1001%252Cta%2540iphone_2_5.0_3_537%26baiduid%3DC0F95CD351C3B5B77422AA3B18E9217B%26rqid%3D14140154169389471061%26sa%3Dre_dl_cr_9&quot;&gt;node.js 安装&lt;/a&gt;&lt;a class=&quot;c-gap-right&quot; href=&quot;http://m.baidu.com/from=844b/ssid=0/uid=0/bd_page_type=1/pu=usm%402%2Csz%40320_1001%2Cta%40iphone_2_5.0_3_537/baiduid=C0F95CD351C3B5B77422AA3B18E9217B/w=0_10_/t=iphone/l=1/tc?lid=14140154169389471061&amp;amp;ref=www_iphone&amp;amp;w_qd=IlPT2AEptyoA_yisHUCgGCG&amp;amp;order=6&amp;amp;src=https%3A%2F%2Fm.baidu.com%2Fs%3Fword%3Dappium%26ssid%3D0%26from%3D844b%26bd_page_type%3D1%26uid%3D0%26pu%3Dusm%25402%252Csz%2540320_1001%252Cta%2540iphone_2_5.0_3_537%26baiduid%3DC0F95CD351C3B5B77422AA3B18E9217B%26rqid%3D14140154169389471061%26sa%3Dre_dl_cr_9&quot;&gt;appium&lt;/a&gt;&lt;/div&gt;&lt;/div&gt;&lt;/div&gt;&lt;div class=&quot;result c-result c-clk-recommend&quot; srcid=&quot;www_normal&quot; new_srcid=&quot;1599&quot; order=&quot;7&quot; tpl=&quot;www_normal&quot; data-log=&quot;{&#039;fm&#039;:&#039;&#039;,&#039;ensrcid&#039;:&#039;www_normal&#039;,&#039;order&#039;:&#039;7&#039;,&#039;mu&#039;:&#039;http://www.macaca.com.tw/&#039;}&quot; data-ecom-log-info=&quot;w_7_&quot;&gt;&lt;div class=&quot;c-container&quot;&gt;&lt;a href=&quot;http://m.baidu.com/from=844b/bd_page_type=1/ssid=0/uid=0/pu=usm%402%2Csz%40320_1001%2Cta%40iphone_2_5.0_3_537/baiduid=C0F95CD351C3B5B77422AA3B18E9217B/w=0_10_/t=iphone/l=3/tc?ref=www_iphone&amp;amp;lid=14140154169389471061&amp;amp;order=7&amp;amp;fm=alop&amp;amp;tj=www_normal_7_0_10_title&amp;amp;vit=osres&amp;amp;m=8&amp;amp;srd=1&amp;amp;cltj=cloud_title&amp;amp;asres=1&amp;amp;title=MACACA%E8%BC%95%E9%81%8B%E5%8B%95%E7%94%9F%E6%B4%BB%E6%9C%8D&amp;amp;dict=32&amp;amp;w_qd=IlPT2AEptyoA_yisHUCgGCG&amp;amp;sec=22034&amp;amp;di=9f5c299dec474166&amp;amp;bdenc=1&amp;amp;nsrc=IlPT2AEptyoA_yixCFOxXnANedT62v3IEQGG_yFZ1TexnI39h47lF11fEFW&quot; class=&quot;c-blocka&quot;&gt;&lt;h3 class=&quot;c-title c-gap-top-small&quot;&gt;&lt;em&gt;MACACA&lt;/em&gt;輕運動生活服&lt;/h3&gt;&lt;/a&gt;&lt;div class=&quot;c-row c-abstract c-gap-top-small&quot;&gt;&lt;div class=&quot;c-span12&quot;&gt;&lt;a href=&quot;http://m.baidu.com/from=844b/bd_page_type=1/ssid=0/uid=0/pu=usm%402%2Csz%40320_1001%2Cta%40iphone_2_5.0_3_537/baiduid=C0F95CD351C3B5B77422AA3B18E9217B/w=0_10_/t=iphone/l=3/tc?ref=www_iphone&amp;amp;lid=14140154169389471061&amp;amp;order=7&amp;amp;fm=alop&amp;amp;tj=www_normal_7_0_10_title&amp;amp;vit=osres&amp;amp;m=8&amp;amp;srd=1&amp;amp;cltj=cloud_title&amp;amp;asres=1&amp;amp;title=MACACA%E8%BC%95%E9%81%8B%E5%8B%95%E7%94%9F%E6%B4%BB%E6%9C%8D&amp;amp;dict=32&amp;amp;w_qd=IlPT2AEptyoA_yisHUCgGCG&amp;amp;sec=22034&amp;amp;di=9f5c299dec474166&amp;amp;bdenc=1&amp;amp;nsrc=IlPT2AEptyoA_yixCFOxXnANedT62v3IEQGG_yFZ1TexnI39h47lF11fEFW&quot; class=&quot;c-blocka&quot;&gt;&lt;p class=&quot;c-line-clamp3 c-color&quot;&gt;PRODUCTS/產品分類 LOOKBOOK ACTIVITY/運動類型 BLOG/生活誌Top...&lt;/p&gt;&lt;/a&gt;&lt;div class=&quot;c-showurl c-line-clamp1&quot;&gt;&lt;span class=&quot;c-showurl&quot;&gt;www.macaca.com.tw&lt;/span&gt;&lt;span class=&quot;c-showurl&quot;&gt;&lt;/span&gt;&lt;/div&gt;&lt;/div&gt;&lt;/div&gt;&lt;/div&gt;&lt;div class=&quot;c-container c-recomm-wrap&quot; style=&quot;display: none;&quot;&gt;&lt;div class=&quot;c-recomm-cnt c-gray&quot;&gt;&lt;span class=&quot;c-gap-right&quot;&gt;&lt;i class=&quot;c-icon&quot;&gt;&lt;/i&gt;大家还搜：&lt;/span&gt;&lt;a class=&quot;c-gap-right&quot; href=&quot;http://m.baidu.com/from=844b/ssid=0/uid=0/bd_page_type=1/pu=usm%402%2Csz%40320_1001%2Cta%40iphone_2_5.0_3_537/baiduid=C0F95CD351C3B5B77422AA3B18E9217B/w=0_10_/t=iphone/l=1/tc?lid=14140154169389471061&amp;amp;ref=www_iphone&amp;amp;w_qd=IlPT2AEptyoA_yisHUCgGCG&amp;amp;order=7&amp;amp;src=https%3A%2F%2Fm.baidu.com%2Fs%3Fword%3Dmacaca%25E8%2587%25AA%25E5%258A%25A8%25E5%258C%2596%25E6%25A1%2586%25E6%259E%25B6%26ssid%3D0%26from%3D844b%26bd_page_type%3D1%26uid%3D0%26pu%3Dusm%25402%252Csz%2540320_1001%252Cta%2540iphone_2_5.0_3_537%26baiduid%3DC0F95CD351C3B5B77422AA3B18E9217B%26rqid%3D14140154169389471061%26sa%3Dre_dl_cr_11&quot;&gt;macaca自动化框架&lt;/a&gt;&lt;a class=&quot;c-gap-right&quot; href=&quot;http://m.baidu.com/from=844b/ssid=0/uid=0/bd_page_type=1/pu=usm%402%2Csz%40320_1001%2Cta%40iphone_2_5.0_3_537/baiduid=C0F95CD351C3B5B77422AA3B18E9217B/w=0_10_/t=iphone/l=1/tc?lid=14140154169389471061&amp;amp;ref=www_iphone&amp;amp;w_qd=IlPT2AEptyoA_yisHUCgGCG&amp;amp;order=7&amp;amp;src=https%3A%2F%2Fm.baidu.com%2Fs%3Fword%3Dmacaca%25E5%25AE%2598%25E7%25BD%2591%26ssid%3D0%26from%3D844b%26bd_page_type%3D1%26uid%3D0%26pu%3Dusm%25402%252Csz%2540320_1001%252Cta%2540iphone_2_5.0_3_537%26baiduid%3DC0F95CD351C3B5B77422AA3B18E9217B%26rqid%3D14140154169389471061%26sa%3Dre_dl_cr_11&quot;&gt;macaca官网&lt;/a&gt;&lt;a class=&quot;c-gap-right&quot; href=&quot;http://m.baidu.com/from=844b/ssid=0/uid=0/bd_page_type=1/pu=usm%402%2Csz%40320_1001%2Cta%40iphone_2_5.0_3_537/baiduid=C0F95CD351C3B5B77422AA3B18E9217B/w=0_10_/t=iphone/l=1/tc?lid=14140154169389471061&amp;amp;ref=www_iphone&amp;amp;w_qd=IlPT2AEptyoA_yisHUCgGCG&amp;amp;order=7&amp;amp;src=https%3A%2F%2Fm.baidu.com%2Fs%3Fword%3Dmacaca%2520ios%26ssid%3D0%26from%3D844b%26bd_page_type%3D1%26uid%3D0%26pu%3Dusm%25402%252Csz%2540320_1001%252Cta%2540iphone_2_5.0_3_537%26baiduid%3DC0F95CD351C3B5B77422AA3B18E9217B%26rqid%3D14140154169389471061%26sa%3Dre_dl_cr_11&quot;&gt;macaca ios&lt;/a&gt;&lt;a class=&quot;c-gap-right&quot; href=&quot;http://m.baidu.com/from=844b/ssid=0/uid=0/bd_page_type=1/pu=usm%402%2Csz%40320_1001%2Cta%40iphone_2_5.0_3_537/baiduid=C0F95CD351C3B5B77422AA3B18E9217B/w=0_10_/t=iphone/l=1/tc?lid=14140154169389471061&amp;amp;ref=www_iphone&amp;amp;w_qd=IlPT2AEptyoA_yisHUCgGCG&amp;amp;order=7&amp;amp;src=https%3A%2F%2Fm.baidu.com%2Fs%3Fword%3Dmacaca%25E5%25AE%2589%25E8%25A3%2585%26ssid%3D0%26from%3D844b%26bd_page_type%3D1%26uid%3D0%26pu%3Dusm%25402%252Csz%2540320_1001%252Cta%2540iphone_2_5.0_3_537%26baiduid%3DC0F95CD351C3B5B77422AA3B18E9217B%26rqid%3D14140154169389471061%26sa%3Dre_dl_cr_11&quot;&gt;macaca安装&lt;/a&gt;&lt;a class=&quot;c-gap-right&quot; href=&quot;http://m.baidu.com/from=844b/ssid=0/uid=0/bd_page_type=1/pu=usm%402%2Csz%40320_1001%2Cta%40iphone_2_5.0_3_537/baiduid=C0F95CD351C3B5B77422AA3B18E9217B/w=0_10_/t=iphone/l=1/tc?lid=14140154169389471061&amp;amp;ref=www_iphone&amp;amp;w_qd=IlPT2AEptyoA_yisHUCgGCG&amp;amp;order=7&amp;amp;src=https%3A%2F%2Fm.baidu.com%2Fs%3Fword%3Dmacaca%2520java%26ssid%3D0%26from%3D844b%26bd_page_type%3D1%26uid%3D0%26pu%3Dusm%25402%252Csz%2540320_1001%252Cta%2540iphone_2_5.0_3_537%26baiduid%3DC0F95CD351C3B5B77422AA3B18E9217B%26rqid%3D14140154169389471061%26sa%3Dre_dl_cr_11&quot;&gt;macaca java&lt;/a&gt;&lt;a class=&quot;c-gap-right&quot; href=&quot;http://m.baidu.com/from=844b/ssid=0/uid=0/bd_page_type=1/pu=usm%402%2Csz%40320_1001%2Cta%40iphone_2_5.0_3_537/baiduid=C0F95CD351C3B5B77422AA3B18E9217B/w=0_10_/t=iphone/l=1/tc?lid=14140154169389471061&amp;amp;ref=www_iphone&amp;amp;w_qd=IlPT2AEptyoA_yisHUCgGCG&amp;amp;order=7&amp;amp;src=https%3A%2F%2Fm.baidu.com%2Fs%3Fword%3Dmacaca%2520appium%26ssid%3D0%26from%3D844b%26bd_page_type%3D1%26uid%3D0%26pu%3Dusm%25402%252Csz%2540320_1001%252Cta%2540iphone_2_5.0_3_537%26baiduid%3DC0F95CD351C3B5B77422AA3B18E9217B%26rqid%3D14140154169389471061%26sa%3Dre_dl_cr_11&quot;&gt;macaca appium&lt;/a&gt;&lt;/div&gt;&lt;/div&gt;&lt;/div&gt;&lt;div class=&quot;result c-result c-clk-recommend&quot; srcid=&quot;www_normal&quot; new_srcid=&quot;1599&quot; order=&quot;8&quot; tpl=&quot;www_normal&quot; data-log=&quot;{&#039;fm&#039;:&#039;&#039;,&#039;ensrcid&#039;:&#039;www_normal&#039;,&#039;order&#039;:&#039;8&#039;,&#039;mu&#039;:&#039;http://cnodejs.org/topic/56f116f3532839c33a99d0bc&#039;}&quot; data-ecom-log-info=&quot;w_8_&quot;&gt;&lt;div class=&quot;c-container&quot;&gt;&lt;a href=&quot;http://m.baidu.com/from=844b/bd_page_type=1/ssid=0/uid=0/pu=usm%402%2Csz%40320_1001%2Cta%40iphone_2_5.0_3_537/baiduid=C0F95CD351C3B5B77422AA3B18E9217B/w=0_10_/t=iphone/l=1/tc?ref=www_iphone&amp;amp;lid=14140154169389471061&amp;amp;order=8&amp;amp;fm=alop&amp;amp;waplogo=1&amp;amp;tj=www_normal_8_0_10_title&amp;amp;vit=osres&amp;amp;waput=4&amp;amp;cltj=normal_title&amp;amp;asres=1&amp;amp;title=Macaca%E6%96%87%E6%A1%A3%E6%AD%A3%E5%BC%8F%E5%BC%80%E6%94%BE%E5%95%A6-CNode%E6%8A%80%E6%9C%AF%E7%A4%BE%E5%8C%BA&amp;amp;dict=-1&amp;amp;w_qd=IlPT2AEptyoA_yisHUCgGCG&amp;amp;sec=22034&amp;amp;di=67b77bbe942ccf08&amp;amp;bdenc=1&amp;amp;nsrc=IlPT2AEptyoA_yixCFOxXnANedT62v3IJRiOMSlOAXS6j5byqRLrHsZjYXKhVirEJZSccmTRtBwDuHOiPGMpiBlCeKw7g_&quot; class=&quot;c-blocka&quot;&gt;&lt;h3 class=&quot;c-title c-gap-top-small&quot;&gt;&lt;em&gt;Macaca&lt;/em&gt; 文档正式开放啦 - CNode技术社区&lt;/h3&gt;&lt;/a&gt;&lt;div class=&quot;c-row c-abstract c-gap-top-small&quot;&gt;&lt;div class=&quot;c-span12&quot;&gt;&lt;a href=&quot;http://m.baidu.com/from=844b/bd_page_type=1/ssid=0/uid=0/pu=usm%402%2Csz%40320_1001%2Cta%40iphone_2_5.0_3_537/baiduid=C0F95CD351C3B5B77422AA3B18E9217B/w=0_10_/t=iphone/l=1/tc?ref=www_iphone&amp;amp;lid=14140154169389471061&amp;amp;order=8&amp;amp;fm=alop&amp;amp;waplogo=1&amp;amp;tj=www_normal_8_0_10_title&amp;amp;vit=osres&amp;amp;waput=4&amp;amp;cltj=normal_title&amp;amp;asres=1&amp;amp;title=Macaca%E6%96%87%E6%A1%A3%E6%AD%A3%E5%BC%8F%E5%BC%80%E6%94%BE%E5%95%A6-CNode%E6%8A%80%E6%9C%AF%E7%A4%BE%E5%8C%BA&amp;amp;dict=-1&amp;amp;w_qd=IlPT2AEptyoA_yisHUCgGCG&amp;amp;sec=22034&amp;amp;di=67b77bbe942ccf08&amp;amp;bdenc=1&amp;amp;nsrc=IlPT2AEptyoA_yixCFOxXnANedT62v3IJRiOMSlOAXS6j5byqRLrHsZjYXKhVirEJZSccmTRtBwDuHOiPGMpiBlCeKw7g_&quot; class=&quot;c-blocka&quot;&gt;&lt;p class=&quot;c-line-clamp3 c-color&quot;&gt;之前&lt;em&gt;Macaca&lt;/em&gt; 团队的同学分别贴出了 iOS 和 Android 应用使用 &lt;em&gt;Macaca&lt;/em&gt; 测试的例子。 [自动化平台系列] - 使...&lt;/p&gt;&lt;/a&gt;&lt;div class=&quot;c-showurl c-line-clamp1&quot;&gt;&lt;span class=&quot;c-showurl&quot;&gt;cnodejs.org&lt;/span&gt;&lt;span class=&quot;c-showurl&quot;&gt; › topic › ...&lt;/span&gt;&lt;/div&gt;&lt;/div&gt;&lt;/div&gt;&lt;/div&gt;&lt;div class=&quot;c-container c-recomm-wrap&quot; style=&quot;display: none;&quot;&gt;&lt;div class=&quot;c-recomm-cnt c-gray&quot;&gt;&lt;span class=&quot;c-gap-right&quot;&gt;&lt;i class=&quot;c-icon&quot;&gt;&lt;/i&gt;大家还搜：&lt;/span&gt;&lt;a class=&quot;c-gap-right&quot; href=&quot;http://m.baidu.com/from=844b/ssid=0/uid=0/bd_page_type=1/pu=usm%402%2Csz%40320_1001%2Cta%40iphone_2_5.0_3_537/baiduid=C0F95CD351C3B5B77422AA3B18E9217B/w=0_10_/t=iphone/l=1/tc?lid=14140154169389471061&amp;amp;ref=www_iphone&amp;amp;w_qd=IlPT2AEptyoA_yisHUCgGCG&amp;amp;order=8&amp;amp;src=https%3A%2F%2Fm.baidu.com%2Fs%3Fword%3Dmacaca%25E8%2587%25AA%25E5%258A%25A8%25E5%258C%2596%25E6%25A1%2586%25E6%259E%25B6%26ssid%3D0%26from%3D844b%26bd_page_type%3D1%26uid%3D0%26pu%3Dusm%25402%252Csz%2540320_1001%252Cta%2540iphone_2_5.0_3_537%26baiduid%3DC0F95CD351C3B5B77422AA3B18E9217B%26rqid%3D14140154169389471061%26sa%3Dre_dl_cr_9&quot;&gt;macaca自动化框架&lt;/a&gt;&lt;a class=&quot;c-gap-right&quot; href=&quot;http://m.baidu.com/from=844b/ssid=0/uid=0/bd_page_type=1/pu=usm%402%2Csz%40320_1001%2Cta%40iphone_2_5.0_3_537/baiduid=C0F95CD351C3B5B77422AA3B18E9217B/w=0_10_/t=iphone/l=1/tc?lid=14140154169389471061&amp;amp;ref=www_iphone&amp;amp;w_qd=IlPT2AEptyoA_yisHUCgGCG&amp;amp;order=8&amp;amp;src=https%3A%2F%2Fm.baidu.com%2Fs%3Fword%3Dmacaca%2520appium%26ssid%3D0%26from%3D844b%26bd_page_type%3D1%26uid%3D0%26pu%3Dusm%25402%252Csz%2540320_1001%252Cta%2540iphone_2_5.0_3_537%26baiduid%3DC0F95CD351C3B5B77422AA3B18E9217B%26rqid%3D14140154169389471061%26sa%3Dre_dl_cr_9&quot;&gt;macaca appium&lt;/a&gt;&lt;a class=&quot;c-gap-right&quot; href=&quot;http://m.baidu.com/from=844b/ssid=0/uid=0/bd_page_type=1/pu=usm%402%2Csz%40320_1001%2Cta%40iphone_2_5.0_3_537/baiduid=C0F95CD351C3B5B77422AA3B18E9217B/w=0_10_/t=iphone/l=1/tc?lid=14140154169389471061&amp;amp;ref=www_iphone&amp;amp;w_qd=IlPT2AEptyoA_yisHUCgGCG&amp;amp;order=8&amp;amp;src=https%3A%2F%2Fm.baidu.com%2Fs%3Fword%3Dmacaca%25E6%2595%2599%25E7%25A8%258B%26ssid%3D0%26from%3D844b%26bd_page_type%3D1%26uid%3D0%26pu%3Dusm%25402%252Csz%2540320_1001%252Cta%2540iphone_2_5.0_3_537%26baiduid%3DC0F95CD351C3B5B77422AA3B18E9217B%26rqid%3D14140154169389471061%26sa%3Dre_dl_cr_9&quot;&gt;macaca教程&lt;/a&gt;&lt;/div&gt;&lt;/div&gt;&lt;/div&gt;&lt;div class=&quot;result c-result c-clk-recommend&quot; srcid=&quot;www_normal&quot; new_srcid=&quot;1599&quot; order=&quot;9&quot; tpl=&quot;www_normal&quot; data-log=&quot;{&#039;fm&#039;:&#039;&#039;,&#039;ensrcid&#039;:&#039;www_normal&#039;,&#039;order&#039;:&#039;9&#039;,&#039;mu&#039;:&#039;http://www.tuicool.com/articles/nABjMbv&#039;}&quot; data-ecom-log-info=&quot;w_9_&quot;&gt;&lt;div class=&quot;c-container&quot;&gt;&lt;a href=&quot;http://m.baidu.com/from=844b/bd_page_type=1/ssid=0/uid=0/pu=usm%402%2Csz%40320_1001%2Cta%40iphone_2_5.0_3_537/baiduid=C0F95CD351C3B5B77422AA3B18E9217B/w=0_10_/t=iphone/l=1/tc?ref=www_iphone&amp;amp;lid=14140154169389471061&amp;amp;order=9&amp;amp;fm=alop&amp;amp;tj=www_normal_9_0_10_title&amp;amp;url_mf_score=4&amp;amp;vit=osres&amp;amp;m=8&amp;amp;cltj=cloud_title&amp;amp;asres=1&amp;amp;nt=wnor&amp;amp;title=Macaca%E6%B5%8B%E8%AF%95Android%E5%8E%9F%E7%90%86%E8%A7%A3%E6%9E%90-UIAutomator..._%E6%8E%A8%E9%85%B7&amp;amp;dict=21&amp;amp;w_qd=IlPT2AEptyoA_yisHUCgGCG&amp;amp;sec=22034&amp;amp;di=35149ea7ef611b3b&amp;amp;bdenc=1&amp;amp;nsrc=IlPT2AEptyoA_yixCFOxXnANedT62v3IEQGG_zpF_zm6okHte4viZQRAYyHbKXiKJlKwdoSEo_tLjSLh&quot; class=&quot;c-blocka&quot;&gt;&lt;h3 class=&quot;c-title c-gap-top-small&quot;&gt;&lt;em&gt;Macaca&lt;/em&gt; 测试 Android 原理解析 - UIAutomator ..._推酷&lt;/h3&gt;&lt;/a&gt;&lt;div class=&quot;c-row c-abstract c-gap-top-small&quot;&gt;&lt;div class=&quot;c-span3&quot;&gt;&lt;a href=&quot;http://m.baidu.com/from=844b/bd_page_type=1/ssid=0/uid=0/pu=usm%402%2Csz%40320_1001%2Cta%40iphone_2_5.0_3_537/baiduid=C0F95CD351C3B5B77422AA3B18E9217B/w=0_10_/t=iphone/l=1/tc?ref=www_iphone&amp;amp;lid=14140154169389471061&amp;amp;order=9&amp;amp;fm=alop&amp;amp;tj=www_normal_9_0_10_title&amp;amp;url_mf_score=4&amp;amp;vit=osres&amp;amp;m=8&amp;amp;cltj=cloud_title&amp;amp;asres=1&amp;amp;nt=wnor&amp;amp;title=Macaca%E6%B5%8B%E8%AF%95Android%E5%8E%9F%E7%90%86%E8%A7%A3%E6%9E%90-UIAutomator..._%E6%8E%A8%E9%85%B7&amp;amp;dict=21&amp;amp;w_qd=IlPT2AEptyoA_yisHUCgGCG&amp;amp;sec=22034&amp;amp;di=35149ea7ef611b3b&amp;amp;bdenc=1&amp;amp;nsrc=IlPT2AEptyoA_yixCFOxXnANedT62v3IEQGG_zpF_zm6okHte4viZQRAYyHbKXiKJlKwdoSEo_tLjSLh&quot; class=&quot;c-blocka&quot;&gt;&lt;div class=&quot;c-img c-img-s&quot; style=&quot;background: none;&quot;&gt;&lt;img src=&quot;https://ss0.bdstatic.com/9bA1vGfa2gU2pMbfm9GUKT-w/timg?wisealaddin&amp;amp;size=u200_200&amp;amp;quality=80&amp;amp;sec=1498445661&amp;amp;di=b8395981e4210b459cf16915e177f623&amp;amp;src=http%3A%2F%2Fi7.baidu.com%2Fit%2Fu%3D458059380%2C3311817194%26fm%3D78%26s%3D32829C4D86B4B66E0CD0400D0000A0C0&quot; /&gt;&lt;/div&gt;&lt;/a&gt;&lt;/div&gt;&lt;div class=&quot;c-span9&quot;&gt;&lt;a href=&quot;http://m.baidu.com/from=844b/bd_page_type=1/ssid=0/uid=0/pu=usm%402%2Csz%40320_1001%2Cta%40iphone_2_5.0_3_537/baiduid=C0F95CD351C3B5B77422AA3B18E9217B/w=0_10_/t=iphone/l=1/tc?ref=www_iphone&amp;amp;lid=14140154169389471061&amp;amp;order=9&amp;amp;fm=alop&amp;amp;tj=www_normal_9_0_10_title&amp;amp;url_mf_score=4&amp;amp;vit=osres&amp;amp;m=8&amp;amp;cltj=cloud_title&amp;amp;asres=1&amp;amp;nt=wnor&amp;amp;title=Macaca%E6%B5%8B%E8%AF%95Android%E5%8E%9F%E7%90%86%E8%A7%A3%E6%9E%90-UIAutomator..._%E6%8E%A8%E9%85%B7&amp;amp;dict=21&amp;amp;w_qd=IlPT2AEptyoA_yisHUCgGCG&amp;amp;sec=22034&amp;amp;di=35149ea7ef611b3b&amp;amp;bdenc=1&amp;amp;nsrc=IlPT2AEptyoA_yixCFOxXnANedT62v3IEQGG_zpF_zm6okHte4viZQRAYyHbKXiKJlKwdoSEo_tLjSLh&quot; class=&quot;c-blocka&quot;&gt;&lt;p class=&quot;c-line-clamp3 c-color&quot;&gt;&lt;span class=&quot;c-gray c-gap-right-small&quot;&gt;2016年5月1日 - &lt;/span&gt;用&lt;em&gt;Macaca&lt;/em&gt; 可以快速、便捷地进行安卓 native 的自动化测试,用简洁的 js 语法,写下用例,然后执行 &lt;em&gt;Macaca&lt;/em&gt; CLI...&lt;/p&gt;&lt;/a&gt;&lt;div class=&quot;c-showurl c-line-clamp1&quot;&gt;&lt;span class=&quot;c-showurl&quot;&gt;www.tuicool.com&lt;/span&gt;&lt;span class=&quot;c-showurl&quot;&gt; › ...&lt;/span&gt;&lt;/div&gt;&lt;/div&gt;&lt;/div&gt;&lt;/div&gt;&lt;div class=&quot;c-container c-recomm-wrap&quot; style=&quot;display: none;&quot;&gt;&lt;div class=&quot;c-recomm-cnt c-gray&quot;&gt;&lt;span class=&quot;c-gap-right&quot;&gt;&lt;i class=&quot;c-icon&quot;&gt;&lt;/i&gt;大家还搜：&lt;/span&gt;&lt;a class=&quot;c-gap-right&quot; href=&quot;http://m.baidu.com/from=844b/ssid=0/uid=0/bd_page_type=1/pu=usm%402%2Csz%40320_1001%2Cta%40iphone_2_5.0_3_537/baiduid=C0F95CD351C3B5B77422AA3B18E9217B/w=0_10_/t=iphone/l=1/tc?lid=14140154169389471061&amp;amp;ref=www_iphone&amp;amp;w_qd=IlPT2AEptyoA_yisHUCgGCG&amp;amp;order=9&amp;amp;src=https%3A%2F%2Fm.baidu.com%2Fs%3Fword%3Dmacaca%25E8%2587%25AA%25E5%258A%25A8%25E5%258C%2596%25E6%25A1%2586%25E6%259E%25B6%26ssid%3D0%26from%3D844b%26bd_page_type%3D1%26uid%3D0%26pu%3Dusm%25402%252Csz%2540320_1001%252Cta%2540iphone_2_5.0_3_537%26baiduid%3DC0F95CD351C3B5B77422AA3B18E9217B%26rqid%3D14140154169389471061%26sa%3Dre_dl_cr_11&quot;&gt;macaca自动化框架&lt;/a&gt;&lt;a class=&quot;c-gap-right&quot; href=&quot;http://m.baidu.com/from=844b/ssid=0/uid=0/bd_page_type=1/pu=usm%402%2Csz%40320_1001%2Cta%40iphone_2_5.0_3_537/baiduid=C0F95CD351C3B5B77422AA3B18E9217B/w=0_10_/t=iphone/l=1/tc?lid=14140154169389471061&amp;amp;ref=www_iphone&amp;amp;w_qd=IlPT2AEptyoA_yisHUCgGCG&amp;amp;order=9&amp;amp;src=https%3A%2F%2Fm.baidu.com%2Fs%3Fword%3Dmacaca%2520appium%26ssid%3D0%26from%3D844b%26bd_page_type%3D1%26uid%3D0%26pu%3Dusm%25402%252Csz%2540320_1001%252Cta%2540iphone_2_5.0_3_537%26baiduid%3DC0F95CD351C3B5B77422AA3B18E9217B%26rqid%3D14140154169389471061%26sa%3Dre_dl_cr_11&quot;&gt;macaca appium&lt;/a&gt;&lt;a class=&quot;c-gap-right&quot; href=&quot;http://m.baidu.com/from=844b/ssid=0/uid=0/bd_page_type=1/pu=usm%402%2Csz%40320_1001%2Cta%40iphone_2_5.0_3_537/baiduid=C0F95CD351C3B5B77422AA3B18E9217B/w=0_10_/t=iphone/l=1/tc?lid=14140154169389471061&amp;amp;ref=www_iphone&amp;amp;w_qd=IlPT2AEptyoA_yisHUCgGCG&amp;amp;order=9&amp;amp;src=https%3A%2F%2Fm.baidu.com%2Fs%3Fword%3Dmacaca%2520ios%26ssid%3D0%26from%3D844b%26bd_page_type%3D1%26uid%3D0%26pu%3Dusm%25402%252Csz%2540320_1001%252Cta%2540iphone_2_5.0_3_537%26baiduid%3DC0F95CD351C3B5B77422AA3B18E9217B%26rqid%3D14140154169389471061%26sa%3Dre_dl_cr_11&quot;&gt;macaca ios&lt;/a&gt;&lt;a class=&quot;c-gap-right&quot; href=&quot;http://m.baidu.com/from=844b/ssid=0/uid=0/bd_page_type=1/pu=usm%402%2Csz%40320_1001%2Cta%40iphone_2_5.0_3_537/baiduid=C0F95CD351C3B5B77422AA3B18E9217B/w=0_10_/t=iphone/l=1/tc?lid=14140154169389471061&amp;amp;ref=www_iphone&amp;amp;w_qd=IlPT2AEptyoA_yisHUCgGCG&amp;amp;order=9&amp;amp;src=https%3A%2F%2Fm.baidu.com%2Fs%3Fword%3Dmacaca%25E5%2592%258Cappium%26ssid%3D0%26from%3D844b%26bd_page_type%3D1%26uid%3D0%26pu%3Dusm%25402%252Csz%2540320_1001%252Cta%2540iphone_2_5.0_3_537%26baiduid%3DC0F95CD351C3B5B77422AA3B18E9217B%26rqid%3D14140154169389471061%26sa%3Dre_dl_cr_11&quot;&gt;macaca和appium&lt;/a&gt;&lt;a class=&quot;c-gap-right&quot; href=&quot;http://m.baidu.com/from=844b/ssid=0/uid=0/bd_page_type=1/pu=usm%402%2Csz%40320_1001%2Cta%40iphone_2_5.0_3_537/baiduid=C0F95CD351C3B5B77422AA3B18E9217B/w=0_10_/t=iphone/l=1/tc?lid=14140154169389471061&amp;amp;ref=www_iphone&amp;amp;w_qd=IlPT2AEptyoA_yisHUCgGCG&amp;amp;order=9&amp;amp;src=https%3A%2F%2Fm.baidu.com%2Fs%3Fword%3Dnode.js%2520%25E5%25AE%2589%25E8%25A3%2585%26ssid%3D0%26from%3D844b%26bd_page_type%3D1%26uid%3D0%26pu%3Dusm%25402%252Csz%2540320_1001%252Cta%2540iphone_2_5.0_3_537%26baiduid%3DC0F95CD351C3B5B77422AA3B18E9217B%26rqid%3D14140154169389471061%26sa%3Dre_dl_cr_11&quot;&gt;node.js 安装&lt;/a&gt;&lt;a class=&quot;c-gap-right&quot; href=&quot;http://m.baidu.com/from=844b/ssid=0/uid=0/bd_page_type=1/pu=usm%402%2Csz%40320_1001%2Cta%40iphone_2_5.0_3_537/baiduid=C0F95CD351C3B5B77422AA3B18E9217B/w=0_10_/t=iphone/l=1/tc?lid=14140154169389471061&amp;amp;ref=www_iphone&amp;amp;w_qd=IlPT2AEptyoA_yisHUCgGCG&amp;amp;order=9&amp;amp;src=https%3A%2F%2Fm.baidu.com%2Fs%3Fword%3Dappium%26ssid%3D0%26from%3D844b%26bd_page_type%3D1%26uid%3D0%26pu%3Dusm%25402%252Csz%2540320_1001%252Cta%2540iphone_2_5.0_3_537%26baiduid%3DC0F95CD351C3B5B77422AA3B18E9217B%26rqid%3D14140154169389471061%26sa%3Dre_dl_cr_11&quot;&gt;appium&lt;/a&gt;&lt;/div&gt;&lt;/div&gt;&lt;/div&gt;&lt;div class=&quot;result c-result&quot; srcid=&quot;wenkuala&quot; new_srcid=&quot;24&quot; order=&quot;10&quot; tpl=&quot;wenkuala&quot; data-log=&quot;{&#039;fm&#039;:&#039;alwk&#039;,&#039;ensrcid&#039;:&#039;wenkuala&#039;,&#039;order&#039;:&#039;10&#039;,&#039;mu&#039;:&#039;http://wk.baidu.com/#search/searchPage?word=macaca&#039;}&quot; data-ecom-log-info=&quot;w_10_&quot;&gt;&lt;div class=&quot;c-container&quot;&gt;&lt;a href=&quot;http://m.baidu.com/from=844b/bd_page_type=1/ssid=0/uid=0/pu=usm%402%2Csz%40320_1001%2Cta%40iphone_2_5.0_3_537/baiduid=C0F95CD351C3B5B77422AA3B18E9217B/w=0_10_/t=iphone/l=1/tc?ref=www_iphone&amp;amp;lid=14140154169389471061&amp;amp;order=10&amp;amp;fm=alwk&amp;amp;tj=wenkuala_10_0_10_title&amp;amp;w_qd=IlPT2AEptyoA_yisHUCgGCG&amp;amp;sec=22034&amp;amp;di=1ddfeb3af45d6ce4&amp;amp;bdenc=1&amp;amp;nsrc=IlPT2AEptyoA_yixCFOxXnANedT62v3IER8PNy6R2iv5nk_qva02ZQQtUTLuQniOZpPPt7O4csxNoCXwOnEpbtMYbvh6sF6yiiqsxq7&quot; data-url=&quot;http://wk.baidu.com/#search/searchPage?word=macaca&quot; class=&quot;c-blocka&quot;&gt;&lt;h3 class=&quot;c-title c-gap-top-small&quot;&gt;&lt;em&gt;macaca&lt;/em&gt;的相关文档_百度文库&lt;/h3&gt;&lt;/a&gt;&lt;style&gt;.wa-wenkuala-fxhl{line-height:normal;}#results .wa-wenkuala-fxpd{text-align:right;}.c-container-tile .wa-wenkuala-nopdt,.wa-wenkuala-nopdt{padding-top:0;}.wa-wenkuala-icon{position:relative;top:2px;left:4px;}&lt;/style&gt;&lt;a href=&quot;http://m.baidu.com/from=844b/bd_page_type=1/ssid=0/uid=0/pu=usm%402%2Csz%40320_1001%2Cta%40iphone_2_5.0_3_537/baiduid=C0F95CD351C3B5B77422AA3B18E9217B/w=0_10_/t=iphone/l=1/tc?ref=www_iphone&amp;amp;lid=14140154169389471061&amp;amp;order=10&amp;amp;fm=alwk&amp;amp;tj=wenkuala_10_0_10_l1&amp;amp;w_qd=IlPT2AEptyoA_yisHUCgGCG&amp;amp;sec=22034&amp;amp;di=50a88b9dfb867bbc&amp;amp;bdenc=1&amp;amp;nsrc=IlPT2AEptyoA_yixCFOxXnANedT62v3IER3PLjkK1De8mVjte4viZQRAVDbqRzrIBZ_hxmPNtRY2wHXx_W6z7hF4rq6mqm6u8W36s_Go&quot; data-url=&quot;http://wenku.baidu.com/view/74be749801f69e31423294a6.html&quot; class=&quot;c-blocka c-line-bottom&quot;&gt;&lt;div class=&quot;c-row c-gap-bottom c-gap-top-small&quot;&gt;&lt;div class=&quot;c-span10 c-line-clamp1&quot;&gt;竞争机制促进专注在&lt;em&gt;猕猴&lt;/em&gt;区V2V4&lt;/div&gt;&lt;div class=&quot;c-span2 wa-wenkuala-fxpd c-color-gray&quot;&gt;19页&lt;/div&gt;&lt;/div&gt;&lt;/a&gt;&lt;a href=&quot;http://m.baidu.com/from=844b/bd_page_type=1/ssid=0/uid=0/pu=usm%402%2Csz%40320_1001%2Cta%40iphone_2_5.0_3_537/baiduid=C0F95CD351C3B5B77422AA3B18E9217B/w=0_10_/t=iphone/l=1/tc?ref=www_iphone&amp;amp;lid=14140154169389471061&amp;amp;order=10&amp;amp;fm=alwk&amp;amp;tj=wenkuala_10_0_10_l2&amp;amp;w_qd=IlPT2AEptyoA_yisHUCgGCG&amp;amp;sec=22034&amp;amp;di=3818748e22997709&amp;amp;bdenc=1&amp;amp;nsrc=IlPT2AEptyoA_yixCFOxXnANedT62v3IER3PLjkK1De8mVjte4viZQRAVDbqRzrIBZHrbTe4tB5FcXXs_DV87RINqK9-gDdx7G36s_Go&quot; data-url=&quot;http://wenku.baidu.com/view/4b99a500a1c7aa00b42acbb3.html&quot; data-xse=&quot;1&quot; class=&quot;c-blocka c-line-bottom&quot;&gt;&lt;div class=&quot;c-row c-gap-bottom c-gap-top&quot;&gt;&lt;div class=&quot;c-span10  c-line-clamp1&quot;&gt;&lt;em&gt;猕猴&lt;/em&gt;肉的功效与作用&lt;/div&gt;&lt;div class=&quot;c-span2 wa-wenkuala-fxpd  c-color-gray&quot;&gt;3页&lt;/div&gt;&lt;/div&gt;&lt;/a&gt;&lt;div class=&quot;c-row c-gap-top&quot;&gt;&lt;div class=&quot;c-span6&quot;&gt;&lt;div class=&quot;c-line-clamp1&quot;&gt;&lt;span class=&quot;c-color-gray&quot;&gt;百度文库&lt;/span&gt;&lt;/div&gt;&lt;/div&gt;&lt;div class=&quot;c-span6&quot;&gt;&lt;a href=&quot;http://m.baidu.com/from=844b/bd_page_type=1/ssid=0/uid=0/pu=usm%402%2Csz%40320_1001%2Cta%40iphone_2_5.0_3_537/baiduid=C0F95CD351C3B5B77422AA3B18E9217B/w=0_10_/t=iphone/l=1/tc?ref=www_iphone&amp;amp;lid=14140154169389471061&amp;amp;order=10&amp;amp;fm=alwk&amp;amp;tj=wenkuala_10_0_10_l3&amp;amp;w_qd=IlPT2AEptyoA_yisHUCgGCG&amp;amp;sec=22034&amp;amp;di=1ddfeb3af45d6ce4&amp;amp;bdenc=1&amp;amp;nsrc=IlPT2AEptyoA_yixCFOxXnANedT62v3IER8PNy6R2iv5nk_qva02ZQQtUTLuQniOZpPPt7O4csxNoCXwOnEpbtMYbvh6sF6yiiqsxq7&quot; data-url=&quot;http://wk.baidu.com/#search/searchPage?word=macaca&quot; class=&quot;c-blocka c-moreinfo&quot;&gt;&lt;i class=&quot;c-icon c-gap-left-small&quot;&gt;&lt;/i&gt;&lt;/a&gt;&lt;/div&gt;&lt;/div&gt;&lt;/div&gt;&lt;/div&gt;&lt;div class=&quot;result c-result&quot; srcid=&quot;sigma_celebrity_rela&quot; new_srcid=&quot;30420&quot; order=&quot;11&quot; tpl=&quot;sigma_celebrity_rela&quot; data-log=&quot;{&#039;fm&#039;:&#039;alop&#039;,&#039;ensrcid&#039;:&#039;sigma_celebrity_rela&#039;,&#039;order&#039;:&#039;11&#039;,&#039;mu&#039;:&#039;&#039;}&quot; data-ecom-log-info=&quot;w_11_&quot;&gt;&lt;div class=&quot;c-container&quot;&gt;&lt;div class=&quot;c-blocka&quot;&gt;&lt;h3 class=&quot;c-title c-gap-top-small&quot;&gt;&lt;em&gt;macaca&lt;/em&gt;_相关网站&lt;/h3&gt;&lt;/div&gt;&lt;style data-merge=&quot;&quot;&gt;.wa-sigma-celebrity-f13 { font-size: 20px; vertical-align: top; line-height: 26px;}.wa-sigma-celebrity-f13::before {content: &#039;&#039;;display: inline-block;height: 15px;border-left: 1px solid #f1f1f1;}.wa-sigma-celebrity-rela-scroller{white-space:nowrap;}.wa-sigma-celebrity-rela-entity{display:inline-block;vertical-align:top;}.wa-sigma-celebrity-rela-entity:first-child{padding-left:0px;}.wa-sigma-celebrity-rela-name{text-align:center;line-height: 22px; white-space:pre-line;word-break: normal; word-wrap: normal;margin-bottom:2px;}.wa-sigma-celebrity-rela-reason {text-align: center; white-space:pre-line; word-break: normal; word-wrap: normal;font-size:13px;line-height:19px;margin-bottom:0;}.wa-sigma-celebrity-rela-comment {position:relative; height: 21px;margin:0 auto; width: 60px;}.wa-sigma-celebrity-rela-comment .c-icon {display: inline-block; width: 12px; text-align: center;}.wa-sigma-celebrity-rela-comment-graystar {position: absolute; color: #eee;}.wa-sigma-celebrity-rela-comment-redstar {position: absolute; color: #ff0000; white-space: nowrap;overflow: hidden;}.wa-sigma-celebrity-rela-nowrap {white-space:nowrap;}.wa-sigma-celebrity-coverWrap{position:relative;}.wa-sigma-celebrity-cover{width:100%;height:100%;font-size:25px;color:#fff;position:absolute;left:0;top:0;right:0;bottom:0;z-index:2;text-align:center;background:rgba(0,0,0,0.5);overflow:hidden;display:block;}.wa-sigma-celebrity-cover p{font-size:13px;text-align:center;line-height:12px;}.wa-sigma-celebrity-cover-inner{text-align:center;vertical-align:middle;position:absolute;top:50%;left:50%;height:44px;margin-top:-22px;margin-left:-26px;}@media screen and (max-width: 335px) {.wa-sigma-celebrity-rela-comment {width: 50px;}.wa-sigma-celebrity-rela-comment .c-icon {width: 10px;}}&lt;/style&gt;&lt;div class=&quot;c-row c-gap-top-small c-gap-bottom-large&quot;&gt;&lt;div class=&quot;c-span3&quot;&gt;&lt;a href=&quot;http://m.baidu.com/from=844b/bd_page_type=1/ssid=0/uid=0/pu=usm%402%2Csz%40320_1001%2Cta%40iphone_2_5.0_3_537/baiduid=C0F95CD351C3B5B77422AA3B18E9217B/w=0_10_/t=iphone/l=1/tc?ref=www_iphone&amp;amp;lid=14140154169389471061&amp;amp;order=11&amp;amp;fm=alop&amp;amp;tj=sigma_celebrity_rela_11_0_10_l1&amp;amp;w_qd=IlPT2AEptyoA_yisHUCgGCG&amp;amp;sec=22034&amp;amp;di=8b9b58fc9671deac&amp;amp;bdenc=1&amp;amp;nsrc=IlPT2AEptyoA_yixCFOxCGZb8c3JV3T5ABfPNy6R2iv5nk_qva02JcRpX8KgVC4CV5OwdoSRxBx8hyfdO8EpbMMYgfkshn9h8TqsgPuAwMDlSMhyqc10OA_WGnIXo_mg7edcwBUoM2NJKTIv8r_9tt6vvcPVb2Ug7sKCeXi8rvq2ZoDiYFnZ7-mrB6tzDyCvDreUcMOfrysgHEzuAQKqTlTLqXhFYC1sudna7eNZOtPD8iIyPtzXFsNKZVyEMi5QWKPhU2TekxTUYJVYmCZqOmF0cSS6sLDTUa&quot; data-url=&quot;https://m.baidu.com/from=844b/s?word=google&amp;amp;sa=re_dl_er_30420_1&amp;amp;prese=lid%4014140154169389471061&amp;amp;euri=5323ea0892f74d23a2bac184a1bcb502&amp;amp;rqid=14140154169389471061&amp;amp;oq=macaca&quot; class=&quot;c-blocka&quot;&gt;&lt;div class=&quot;c-img c-img-s&quot; style=&quot;background: none;&quot;&gt;&lt;img src=&quot;https://ss0.baidu.com/6ONWsjip0QIZ8tyhnq/it/u=2768557350,1040373893&amp;amp;fm=58&quot; /&gt;&lt;/div&gt;&lt;p class=&quot;wa-sigma-celebrity-rela-name c-line-clamp2&quot;&gt;google&lt;/p&gt;&lt;p class=&quot;wa-sigma-celebrity-rela-reason c-color-gray c-line-clamp2&quot;&gt;全球最大英语搜索引擎&lt;/p&gt;&lt;/a&gt;&lt;/div&gt;&lt;div class=&quot;c-span3&quot;&gt;&lt;a href=&quot;http://m.baidu.com/from=844b/bd_page_type=1/ssid=0/uid=0/pu=usm%402%2Csz%40320_1001%2Cta%40iphone_2_5.0_3_537/baiduid=C0F95CD351C3B5B77422AA3B18E9217B/w=0_10_/t=iphone/l=1/tc?ref=www_iphone&amp;amp;lid=14140154169389471061&amp;amp;order=11&amp;amp;fm=alop&amp;amp;tj=sigma_celebrity_rela_11_0_10_l2&amp;amp;w_qd=IlPT2AEptyoA_yisHUCgGCG&amp;amp;sec=22034&amp;amp;di=9ab6ca24c52ec0bd&amp;amp;bdenc=1&amp;amp;nsrc=IlPT2AEptyoA_yixCFOxCGZb8c3JV3T5ABfPNy6R2iv5nk_qva02JcRpX8KgVC4CV5OwdoSRxBx8hyfdO8EpbQV2qBdlxmca95nwdfn65gCAG_1Mag2lCbOHGnU2oqmg7Rwfg2Z9P3QoB79Kfa37sBgfrsSoqwZCiR4etD4QqvuBYoGMYEaCmJekR-tSHyD2Y0OZh1emrH5aHJjxBt3tGoy0sHdFFi2abwbq731Z4B4MingSKg7jDsgBYla2BCp1WvzmUQvhjBGJXkVGn8IiLX-29Xn-g3PCYiYATR8szP5-JPOGIxj0JoCANh2TuAOKGbcyGbSRav69CDIywZsyJa&quot; data-url=&quot;https://m.baidu.com/from=844b/s?word=%25E5%258D%259A%25E5%25AE%25A2%25E5%259B%25AD&amp;amp;sa=re_dl_er_30420_2&amp;amp;prese=lid%4014140154169389471061&amp;amp;euri=0b099f368c1e4b89b784e8a75b7f8140&amp;amp;rqid=14140154169389471061&amp;amp;oq=macaca&quot; class=&quot;c-blocka&quot;&gt;&lt;div class=&quot;c-img c-img-s&quot; style=&quot;background: none;&quot;&gt;&lt;img src=&quot;https://ss0.baidu.com/6ONWsjip0QIZ8tyhnq/it/u=2467411794,3449603980&amp;amp;fm=58&quot; /&gt;&lt;/div&gt;&lt;p class=&quot;wa-sigma-celebrity-rela-name c-line-clamp2&quot;&gt;博客园&lt;/p&gt;&lt;p class=&quot;wa-sigma-celebrity-rela-reason c-color-gray c-line-clamp2&quot;&gt;纯净的技术交流空间&lt;/p&gt;&lt;/a&gt;&lt;/div&gt;&lt;div class=&quot;c-span3&quot;&gt;&lt;a href=&quot;http://m.baidu.com/from=844b/bd_page_type=1/ssid=0/uid=0/pu=usm%402%2Csz%40320_1001%2Cta%40iphone_2_5.0_3_537/baiduid=C0F95CD351C3B5B77422AA3B18E9217B/w=0_10_/t=iphone/l=1/tc?ref=www_iphone&amp;amp;lid=14140154169389471061&amp;amp;order=11&amp;amp;fm=alop&amp;amp;tj=sigma_celebrity_rela_11_0_10_l3&amp;amp;w_qd=IlPT2AEptyoA_yisHUCgGCG&amp;amp;sec=22034&amp;amp;di=9baf0855122326cb&amp;amp;bdenc=1&amp;amp;nsrc=IlPT2AEptyoA_yixCFOxCGZb8c3JV3T5ABfPNy6R2iv5nk_qva02JcRpX8KgVC4CV5OwdoSRxBx8hyfdO8EpbN14f45vfCtqmSe-urfhgR4BTA1Oys16J2L3RyUqvbue7_kaydVoRtB6Rz9cnq38ogUnbd0YaNId81eFgHS8qPmEY9nuZliFnl8jB6wFX7LvZPfC-Majf8EeIJqfNwWvHoGBqXVBYyMuatur83BH0NLTyi6pPt7pVAACFUmCIyoNXabeSNjelR4NZZ-1niUo38B25HfmrKCZIEkJCM8Rnqm&quot; data-url=&quot;https://m.baidu.com/from=844b/s?word=stackoverflow&amp;amp;sa=re_dl_er_30420_3&amp;amp;prese=lid%4014140154169389471061&amp;amp;euri=55b8586ceb7245178b5d2dd677d7bed3&amp;amp;rqid=14140154169389471061&amp;amp;oq=macaca&quot; class=&quot;c-blocka&quot;&gt;&lt;div class=&quot;c-img c-img-s&quot; style=&quot;background: none;&quot;&gt;&lt;img src=&quot;https://ss2.baidu.com/6ONYsjip0QIZ8tyhnq/it/u=3048618398,771186044&amp;amp;fm=58&quot; /&gt;&lt;/div&gt;&lt;p class=&quot;wa-sigma-celebrity-rela-name c-line-clamp2&quot;&gt;stackoverflow&lt;/p&gt;&lt;p class=&quot;wa-sigma-celebrity-rela-reason c-color-gray c-line-clamp2&quot;&gt;IT技术问答网站&lt;/p&gt;&lt;/a&gt;&lt;/div&gt;&lt;div class=&quot;c-span3&quot;&gt;&lt;a href=&quot;http://m.baidu.com/from=844b/bd_page_type=1/ssid=0/uid=0/pu=usm%402%2Csz%40320_1001%2Cta%40iphone_2_5.0_3_537/baiduid=C0F95CD351C3B5B77422AA3B18E9217B/w=0_10_/t=iphone/l=1/tc?ref=www_iphone&amp;amp;lid=14140154169389471061&amp;amp;order=11&amp;amp;fm=alop&amp;amp;tj=sigma_celebrity_rela_11_0_10_l4&amp;amp;w_qd=IlPT2AEptyoA_yisHUCgGCG&amp;amp;sec=22034&amp;amp;di=4d85ada79ace98de&amp;amp;bdenc=1&amp;amp;nsrc=IlPT2AEptyoA_yixCFOxCGZb8c3JV3T5ABfPNy6R2iv5nk_qva02JcRpX8KgVC4CV5OwdoSRxBx8hyfdO8EpbNN1fe58ezR5l7jbcbuddhLqXs2yqt500cDxG8JworzF70wccxQz1BNo1GgPpevkwt6uus4VbNEg71eEh8i5s4KBZ9D8ZFqZnF78N-xOHyD2COaUcxaeeXtvGpnvBduwHI8QfHEXZ8QvaQ0c8bRFQAWYnXso_wL8IsIfYFiEMykQWabfTdTdjBzYYZVFnC153XAXpGzj6bzVUC90CK&quot; data-url=&quot;https://m.baidu.com/from=844b/s?word=w3cschool&amp;amp;sa=re_dl_er_30420_4&amp;amp;prese=lid%4014140154169389471061&amp;amp;euri=54a2e8d6d21348408dd3bfde0974c19d&amp;amp;rqid=14140154169389471061&amp;amp;oq=macaca&quot; class=&quot;c-blocka&quot;&gt;&lt;div class=&quot;c-img c-img-s&quot; style=&quot;background: none;&quot;&gt;&lt;img src=&quot;https://ss1.baidu.com/6ONXsjip0QIZ8tyhnq/it/u=950974513,3002796801&amp;amp;fm=58&quot; /&gt;&lt;/div&gt;&lt;p class=&quot;wa-sigma-celebrity-rela-name c-line-clamp2&quot;&gt;w3cschool&lt;/p&gt;&lt;p class=&quot;wa-sigma-celebrity-rela-reason c-color-gray c-line-clamp2&quot;&gt;W3C中国社区成员&lt;/p&gt;&lt;/a&gt;&lt;/div&gt;&lt;/div&gt;&lt;/div&gt;&lt;/div&gt;&lt;link rel=&quot;dns-prefetch&quot; href=&quot;http://www.oschina.net&quot; /&gt;&lt;link rel=&quot;dns-prefetch&quot; href=&quot;http://fanyi.baidu.com&quot; /&gt;&lt;link rel=&quot;dns-prefetch&quot; href=&quot;http://macacajs.com&quot; /&gt;&lt;style type=&quot;text/css&quot; id=&quot;ec_ls_css&quot;&gt;/*&amp;lt;![CDATA[*/@font-face{font-family:ecomicons;src:url(//m.baidu.com/static/ecom/iphone_icons/iconfont_9a4732b.eot);src:url(//m.baidu.com/static/ecom/iphone_icons/iconfont_9a4732b.eot#iefix) format(&quot;embedded-opentype&quot;),url(//m.baidu.com/static/ecom/iphone_icons/iconfont_1fe9f7a.woff) format(&quot;woff&quot;),url(//m.baidu.com/static/ecom/iphone_icons/iconfont_f0823fb.ttf) format(&quot;truetype&quot;),url(//m.baidu.com/static/ecom/iphone_icons/iconfont_f0be303.svg?#iconfont) format(&quot;svg&quot;)}@font-face{font-family:ecomiconsadd;src:url(//m.baidu.com/static/ecom/iphone_icons/font_icons/iconfont_add_10fbec3.eot);src:url(//m.baidu.com/static/ecom/iphone_icons/font_icons/iconfont_add_b6fef5d.woff) format(&quot;woff&quot;),url(//m.baidu.com/static/ecom/iphone_icons/font_icons/iconfont_add_3ee5686.ttf) format(&quot;truetype&quot;),url(//m.baidu.com/static/ecom/iphone_icons/font_icons/iconfont_add_95839fa.svg) format(&quot;svg&quot;)}.ec-font-small{font-size:13px}.ec_url{clear:both;white-space:nowrap}.ec_ad_results{position:relative}.ec_resitem{position:relative}.ec_xiaobao{height:28px;padding:1px 0;position:absolute;top:0;right:-7px;z-index:20}.ec_xiaobao a{display:inline-block;width:24px;height:24px;padding:4px 6px 0 0}.ec_urlbtn{display:inline;position:relative;float:right}.ec_tgsk,.ec_tgsk .ec_urlbtn{background:#F5F5F5}.ec_urlline{overflow:hidden;white-space:nowrap}.ec_urlline_blank{width:100%;display:inline-block;padding:2px 0;margin:-2px 0;-webkit-tap-highlight-color:rgba(0,0,0,0)}.c-container.ec_resitem_card{margin:0;background-color:#fffcf8}.ec_guess{padding-bottom:8px;margin-top:-4px;margin-bottom:-4px}.ec_resitem_rs_more_btn_wrap{width:135px}.ec_resitem_rs_more_btn{float:right}.c-container.ec_resitem_rs{color:#666;padding-top:14px}.ec_resitem_rs_keyword{color:#333}.ec_resitem_card.ec_adv_last .c-line-bottom{border:0;padding-bottom:4px}.ec_ad_results .c-line-clamp2,.ec_ad_results .c-line-clamp3{margin-bottom:0}.c-text.ec-bgcolor-yellow{background:#f2ab36}.ec-link-blue{color:#00c}.ec-align-center{text-align:center}.ec_title .c-title{word-break:break-all}@media (min-width:375px){.ec_title .c-title{-webkit-line-clamp:3}.ec_title .c-line-clamp2{-webkit-line-clamp:2}.ec_title .c-line-clamp4{-webkit-line-clamp:4}}.ec_fright{float:right}.ec_hide{display:none}.ec_gap_left_6{margin-left:6px}.ec_wise_ad_card{margin:.06rem 0}.ec_no_gap_left{margin-left:0!important}.ec_no_gap_right{margin-right:0!important}.ec_mengya_container{background-color:#fffcf8;margin-bottom:.08rem}.ec_mengya_container .ec_my_header{color:#666}.ec_mengya_container .ec_mengya_container_header{margin-bottom:0;background-color:#fffcf8}.ec_mengya_container .ec_resitem_card,.ec_mengya_container .ec_mengya_container_header{box-shadow:none}.ec_mengya_container .ec_adv_last{box-shadow:0 1px 0 #e7e7e7}.ec_mengya_line{margin:0 .16rem}.ec-m2-right{margin-right:.15rem}.ec_clearfix:after{visibility:hidden;display:block;font-size:0;content:&quot; &quot;;clear:both;height:0}.ec-hm-hide{display:none}.ec-c-icon .c-icon{font-family:ecomicons!important}.c-container.ec-bazhun-card{margin-top:0;margin-bottom:0}.c-container.ec-bazhun{margin-bottom:-.08rem}.ec-bazhun-card.ec_adv_last .c-line-bottom{border:0}.ec-bazhun-ad{padding-bottom:.04rem;margin-top:-.04rem;margin-bottom:-.04rem}.ec-bazhun-card.ec_adv_last{padding-bottom:0}.c-container.ec-bazhun-mark{margin-top:0;padding-top:0}.ec-bazhun .ec-bazhun-wenda{margin-bottom:.12rem}.ec-bazhun-ad.ec-bazhun-wenda-first{margin-top:0}.ec-bazhun-mark .ec-bzad-no-leftgap{margin-left:0}.ec-discount{text-decoration:line-through;font-style:normal}.ec-text-v-center-o{-webkit-align-items:center}.ec-tap-noshadow{-webkit-tap-highlight-color:rgba(0,0,0,0)}.ec_tg_js {color: #999 !important;}/*]]&amp;gt;*/&lt;/style&gt;&lt;/div&gt;&lt;div id=&quot;page-relative&quot; class=&quot;se-page-relative&quot;&gt;&lt;div id=&quot;relativewords&quot; class=&quot;se-relativewords&quot;&gt;&lt;div class=&quot;rw-title&quot;&gt;相关搜索&lt;i class=&quot;c-icon rw-title-icon&quot;&gt;&lt;/i&gt;&lt;/div&gt;&lt;div class=&quot;rw-list&quot;&gt;&lt;a class=&quot;rw-item&quot; href=&quot;https://m.baidu.com/from=844b/s?word=macaca+%E8%87%AA%E5%8A%A8%E5%8C%96%E6%B5%8B%E8%AF%95&amp;amp;rq=macaca&amp;amp;sa=brs_1&amp;amp;rsf=4&amp;amp;pqid=14140154169389471061&amp;amp;rqid=14140154169389471061&quot;&gt;macaca 自动化测试&lt;/a&gt;&lt;a class=&quot;rw-item&quot; href=&quot;https://m.baidu.com/from=844b/s?word=macaca+monkey&amp;amp;rq=macaca&amp;amp;sa=brs_2&amp;amp;rsf=4&amp;amp;pqid=14140154169389471061&amp;amp;rqid=14140154169389471061&quot;&gt;macaca monkey&lt;/a&gt;&lt;a class=&quot;rw-item&quot; href=&quot;https://m.baidu.com/from=844b/s?word=macaca%E8%87%AA%E5%8A%A8%E5%8C%96%E6%A1%86%E6%9E%B6&amp;amp;rq=macaca&amp;amp;sa=brs_3&amp;amp;rsf=4&amp;amp;pqid=14140154169389471061&amp;amp;rqid=14140154169389471061&quot;&gt;macaca自动化框架&lt;/a&gt;&lt;a class=&quot;rw-item&quot; href=&quot;https://m.baidu.com/from=844b/s?word=macaca+appium&amp;amp;rq=macaca&amp;amp;sa=brs_4&amp;amp;rsf=4&amp;amp;pqid=14140154169389471061&amp;amp;rqid=14140154169389471061&quot;&gt;macaca appium&lt;/a&gt;&lt;a class=&quot;rw-item&quot; href=&quot;https://m.baidu.com/from=844b/s?word=macaca+mulatta&amp;amp;rq=macaca&amp;amp;sa=brs_5&amp;amp;rsf=4&amp;amp;pqid=14140154169389471061&amp;amp;rqid=14140154169389471061&quot;&gt;macaca mulatta&lt;/a&gt;&lt;a class=&quot;rw-item&quot; href=&quot;https://m.baidu.com/from=844b/s?word=macaca%E5%8E%9F%E7%90%86&amp;amp;rq=macaca&amp;amp;sa=brs_6&amp;amp;rsf=4&amp;amp;pqid=14140154169389471061&amp;amp;rqid=14140154169389471061&quot;&gt;macaca原理&lt;/a&gt;&lt;a class=&quot;rw-item&quot; href=&quot;https://m.baidu.com/from=844b/s?word=macaca+mocha&amp;amp;rq=macaca&amp;amp;sa=brs_7&amp;amp;rsf=4&amp;amp;pqid=14140154169389471061&amp;amp;rqid=14140154169389471061&quot;&gt;macaca mocha&lt;/a&gt;&lt;a class=&quot;rw-item&quot; href=&quot;https://m.baidu.com/from=844b/s?word=macaca+fascicularis&amp;amp;rq=macaca&amp;amp;sa=brs_8&amp;amp;rsf=4&amp;amp;pqid=14140154169389471061&amp;amp;rqid=14140154169389471061&quot;&gt;macaca fascicularis&lt;/a&gt;&lt;/div&gt;&lt;/div&gt;&lt;/div&gt;&lt;div id=&quot;page-controller&quot; class=&quot;se-page-controller&quot;&gt;&lt;div class=&quot;new-pagenav c-flexbox&quot;&gt;&lt;a class=&quot;new-nextpage-only&quot; href=&quot;https://m.baidu.com/from=844b/s?pn=10&amp;amp;usm=2&amp;amp;word=macaca&amp;amp;sa=np&amp;amp;rsv_pq=14140154169389471061&amp;amp;rsv_t=a30aGUlbeQcSb14HcgWC%252BtH5oeu4kccauu9Cc5AkGvQ83u%252FQXh%252BK%252BJZeGQ&amp;amp;rqid=14140154169389471061&quot;&gt; &lt;/a&gt;&lt;p class=&quot;forNoPrefetch&quot;&gt;&lt;i class=&quot;c-icon c-gap-right icon-logo&quot;&gt;&lt;/i&gt;下一页&lt;i class=&quot;c-icon icon-nextpage&quot;&gt;&lt;/i&gt;&lt;/p&gt;                &lt;/div&gt;&lt;/div&gt;&lt;div id=&quot;page-rcol&quot; class=&quot;se-page-rcol&quot;&gt;&lt;div id=&quot;reword&quot; class=&quot;se-reword&quot;&gt;&lt;div class=&quot;rw-title&quot;&gt;相关搜索&lt;/div&gt;&lt;div class=&quot;rw-list&quot;&gt;&lt;a class=&quot;rw-item&quot; href=&quot;https://m.baidu.com/from=844b/s?word=macaca+%E8%87%AA%E5%8A%A8%E5%8C%96%E6%B5%8B%E8%AF%95&amp;amp;rq=macaca&amp;amp;sa=rrs_1&amp;amp;rsf=4&amp;amp;pqid=14140154169389471061&amp;amp;rqid=14140154169389471061&quot;&gt;macaca 自动化测试&lt;/a&gt;&lt;a class=&quot;rw-item&quot; href=&quot;https://m.baidu.com/from=844b/s?word=macaca+monkey&amp;amp;rq=macaca&amp;amp;sa=rrs_2&amp;amp;rsf=4&amp;amp;pqid=14140154169389471061&amp;amp;rqid=14140154169389471061&quot;&gt;macaca monkey&lt;/a&gt;&lt;a class=&quot;rw-item&quot; href=&quot;https://m.baidu.com/from=844b/s?word=macaca%E8%87%AA%E5%8A%A8%E5%8C%96%E6%A1%86%E6%9E%B6&amp;amp;rq=macaca&amp;amp;sa=rrs_3&amp;amp;rsf=4&amp;amp;pqid=14140154169389471061&amp;amp;rqid=14140154169389471061&quot;&gt;macaca自动化框架&lt;/a&gt;&lt;a class=&quot;rw-item&quot; href=&quot;https://m.baidu.com/from=844b/s?word=macaca+appium&amp;amp;rq=macaca&amp;amp;sa=rrs_4&amp;amp;rsf=4&amp;amp;pqid=14140154169389471061&amp;amp;rqid=14140154169389471061&quot;&gt;macaca appium&lt;/a&gt;&lt;a class=&quot;rw-item&quot; href=&quot;https://m.baidu.com/from=844b/s?word=macaca+mulatta&amp;amp;rq=macaca&amp;amp;sa=rrs_5&amp;amp;rsf=4&amp;amp;pqid=14140154169389471061&amp;amp;rqid=14140154169389471061&quot;&gt;macaca mulatta&lt;/a&gt;&lt;a class=&quot;rw-item&quot; href=&quot;https://m.baidu.com/from=844b/s?word=macaca%E5%8E%9F%E7%90%86&amp;amp;rq=macaca&amp;amp;sa=rrs_6&amp;amp;rsf=4&amp;amp;pqid=14140154169389471061&amp;amp;rqid=14140154169389471061&quot;&gt;macaca原理&lt;/a&gt;&lt;a class=&quot;rw-item&quot; href=&quot;https://m.baidu.com/from=844b/s?word=macaca+mocha&amp;amp;rq=macaca&amp;amp;sa=rrs_7&amp;amp;rsf=4&amp;amp;pqid=14140154169389471061&amp;amp;rqid=14140154169389471061&quot;&gt;macaca mocha&lt;/a&gt;&lt;a class=&quot;rw-item&quot; href=&quot;https://m.baidu.com/from=844b/s?word=macaca+fascicularis&amp;amp;rq=macaca&amp;amp;sa=rrs_8&amp;amp;rsf=4&amp;amp;pqid=14140154169389471061&amp;amp;rqid=14140154169389471061&quot;&gt;macaca fascicularis&lt;/a&gt;&lt;/div&gt;&lt;/div&gt;&lt;/div&gt;&lt;/div&gt;&lt;div id=&quot;page-ft&quot; class=&quot;se-page-ft&quot;&gt;&lt;div id=&quot;ft-wrap&quot; class=&quot;se-ft-wrap&quot;&gt;&lt;div id=&quot;footer-wrap&quot;&gt;&lt;form data-formposition=&quot;b&quot; class=&quot;se-form&quot; id=&quot;se-form2&quot; action=&quot;/from=844b/s&quot; method=&quot;get&quot; autocomplete=&quot;off&quot;&gt;&lt;div class=&quot;con-wrap&quot;&gt;&lt;div class=&quot;se-bearicon&quot;&gt;&lt;/div&gt;&lt;textarea autocomplete=&quot;off&quot; autocorrect=&quot;off&quot; maxlength=&quot;64&quot; id=&quot;kw2&quot; name=&quot;word&quot; class=&quot;se-input adjust-input&quot; data-sug=&quot;1&quot;&gt;macaca&lt;/textarea&gt;&lt;div class=&quot;se-inner&quot;&gt;&lt;div id=&quot;cross2&quot; class=&quot;cross&quot; style=&quot;display: none;&quot;&gt;&lt;/div&gt;&lt;div class=&quot;callicon-wrap&quot;&gt;&lt;div class=&quot;baiduapp-icon&quot;&gt;&lt;/div&gt;&lt;div class=&quot;baiduappcall-wrap&quot;&gt;&lt;div class=&quot;qrcode call&quot; data-ac=&quot;active&quot;&gt;&lt;input type=&quot;file&quot; accept=&quot;image/*&quot; style=&quot;position:absolute;left:0;width:100%;top:0;height:100%;opacity:0;z-index: 10;&quot; /&gt;&lt;/div&gt;&lt;div class=&quot;voice call&quot; data-ac=&quot;active&quot;&gt;&lt;/div&gt;&lt;/div&gt;&lt;/div&gt;&lt;button id=&quot;se-bn2&quot; class=&quot;se-bn&quot; type=&quot;submit&quot;&gt;&lt;span&gt;百度一下&lt;/span&gt;&lt;/button&gt;&lt;/div&gt;&lt;/div&gt;&lt;div id=&quot;se-box2&quot; class=&quot;se-box&quot;&gt;&lt;div class=&quot;suggest-div&quot; style=&quot;display: none; visibility: visible;&quot;&gt;&lt;div class=&quot;suggest-direct&quot; style=&quot;display: none;&quot;&gt;&lt;/div&gt;&lt;div class=&quot;suggest-panel sug-oper&quot;&gt;&lt;div class=&quot;suggest-content&quot;&gt;&lt;div class=&quot;his&quot;&gt;&lt;button&gt;&lt;em&gt;macaca&lt;/em&gt;&lt;/button&gt;&lt;div class=&quot;sug-edit&quot;&gt;&lt;/div&gt;&lt;div class=&quot;sug-searchicon&quot;&gt;&lt;/div&gt;&lt;/div&gt;&lt;/div&gt;&lt;div class=&quot;suggest-oper sug-active-his&quot;&gt;&lt;div class=&quot;suggest-oper-at sug-oper-btn&quot;&gt;直达号&lt;/div&gt;&lt;div class=&quot;suggest-oper-his sug-oper-btn&quot;&gt;历史记录&lt;/div&gt;&lt;/div&gt;&lt;/div&gt;&lt;div class=&quot;suggest-title&quot;&gt;&lt;div class=&quot;suggest-logo&quot; style=&quot;display: block;&quot;&gt;&lt;/div&gt;&lt;div class=&quot;suggest-control&quot;&gt;&lt;div class=&quot;history-clear&quot;&gt;清除历史记录&lt;/div&gt;&lt;/div&gt;&lt;div class=&quot;suggest-at&quot; style=&quot;display: none;&quot;&gt;直达号&lt;/div&gt;&lt;/div&gt;&lt;div class=&quot;suggest-close&quot;&gt;关闭&lt;/div&gt;&lt;/div&gt;&lt;/div&gt;&lt;input type=&quot;hidden&quot; name=&quot;sa&quot; value=&quot;bb&quot; /&gt;&lt;input type=&quot;hidden&quot; name=&quot;ts&quot; value=&quot;0&quot; /&gt;&lt;input type=&quot;hidden&quot; name=&quot;t_kt&quot; value=&quot;0&quot; /&gt;&lt;input type=&quot;hidden&quot; name=&quot;ie&quot; value=&quot;utf-8&quot; /&gt;&lt;input type=&quot;hidden&quot; name=&quot;rsv_t&quot; value=&quot;a30aGUlbeQcSb14HcgWC%2BtH5oeu4kccauu9Cc5AkGvQ83u%2FQXh%2BK%2BJZeGQ&quot; /&gt;&lt;input type=&quot;hidden&quot; name=&quot;rsv_pq&quot; value=&quot;14140154169389471061&quot; /&gt;&lt;/form&gt;&lt;/div&gt;&lt;/div&gt;&lt;div class=&quot;se-ft-promlink&quot;&gt;&lt;style&gt;.hint-ft-questionnaire{padding: 6px 0;}.hint-qnaire-bar{display: block;text-align: left;font-size: 14px;color: #262626;height: 39px;line-height: 39px;border: 1px solid #e0e0e0;padding-left: 10px;background: #f9f9f9;overflow: hidden;}.hint-qnaire-bar .baiduico{position:relative;float: left;background:url(&#039;//m.baidu.com/static/search/bdsl.png&#039;) no-repeat;background-size:25px 25px;-webkit-background-size:25px 25px;width:25px;height:25px;margin:6px 6px 0 0}.hint-qnaire-bar .linkico{position:relative;float:right;background:url(data:image/png;base64,iVBORw0KGgoAAAANSUhEUgAAAAwAAAAQCAYAAAAiYZ4HAAAAGXRFWHRTb2Z0d2FyZQBBZG9iZSBJbWFnZVJlYWR5ccllPAAAAyRpVFh0WE1MOmNvbS5hZG9iZS54bXAAAAAAADw/eHBhY2tldCBiZWdpbj0i77u/IiBpZD0iVzVNME1wQ2VoaUh6cmVTek5UY3prYzlkIj8+IDx4OnhtcG1ldGEgeG1sbnM6eD0iYWRvYmU6bnM6bWV0YS8iIHg6eG1wdGs9IkFkb2JlIFhNUCBDb3JlIDUuMy1jMDExIDY2LjE0NTY2MSwgMjAxMi8wMi8wNi0xNDo1NjoyNyAgICAgICAgIj4gPHJkZjpSREYgeG1sbnM6cmRmPSJodHRwOi8vd3d3LnczLm9yZy8xOTk5LzAyLzIyLXJkZi1zeW50YXgtbnMjIj4gPHJkZjpEZXNjcmlwdGlvbiByZGY6YWJvdXQ9IiIgeG1sbnM6eG1wPSJodHRwOi8vbnMuYWRvYmUuY29tL3hhcC8xLjAvIiB4bWxuczp4bXBNTT0iaHR0cDovL25zLmFkb2JlLmNvbS94YXAvMS4wL21tLyIgeG1sbnM6c3RSZWY9Imh0dHA6Ly9ucy5hZG9iZS5jb20veGFwLzEuMC9zVHlwZS9SZXNvdXJjZVJlZiMiIHhtcDpDcmVhdG9yVG9vbD0iQWRvYmUgUGhvdG9zaG9wIENTNiAoTWFjaW50b3NoKSIgeG1wTU06SW5zdGFuY2VJRD0ieG1wLmlpZDpBMDQ1OEUzMjRGNTAxMUUzQkNCRkM1MTMyODZCNTM4RSIgeG1wTU06RG9jdW1lbnRJRD0ieG1wLmRpZDpBMDQ1OEUzMzRGNTAxMUUzQkNCRkM1MTMyODZCNTM4RSI+IDx4bXBNTTpEZXJpdmVkRnJvbSBzdFJlZjppbnN0YW5jZUlEPSJ4bXAuaWlkOkEwNDU4RTMwNEY1MDExRTNCQ0JGQzUxMzI4NkI1MzhFIiBzdFJlZjpkb2N1bWVudElEPSJ4bXAuZGlkOkEwNDU4RTMxNEY1MDExRTNCQ0JGQzUxMzI4NkI1MzhFIi8+IDwvcmRmOkRlc2NyaXB0aW9uPiA8L3JkZjpSREY+IDwveDp4bXBtZXRhPiA8P3hwYWNrZXQgZW5kPSJyIj8+AJ3vMQAAAORJREFUeNp8kjEKwkAQRceYIoWIFwh4g1Rp01gJOYVgES+gXkDUA2gR8BKxsEljm8q9gXoAwUpQgn9hgmOymw+vmE8+m52/HaVUTEQZ/fQEQ/AggxxwBDPh9cEFeLaA1h5shO+DM3BtAa0FOIg5BKfaN/8DNAW5mEcgbQuUYAwK4U3AyhbQeoMI3IW3BAmZLsV6gQDcQI+9Hbg61K5Pbe7aAh53MRCe7iozBVzuwBfelrtqXNrh3YfC093MbVtKefeVcu7G2MOad16p4E5KUyCRx3IHEXfS+OeYdyyfd8BdNPQVYABi4ikpkErplwAAAABJRU5ErkJggg==); background-size:6px 9px;-webkit-background-size:6px 8px;width:6px;height:8px;margin:15px 12px 0}&lt;/style&gt;&lt;div class=&quot;hint-ft-questionnaire&quot;&gt;&lt;a class=&quot;hint-qnaire-bar&quot; href=&quot;http://wenjuan.baidu.com/?code=e5px9w&amp;amp;lid=14140154169389471061&quot;&gt;&lt;div class=&quot;linkico&quot;&gt;&lt;/div&gt;填问卷，赢大奖&lt;/a&gt;&lt;/div&gt;&lt;/div&gt;&lt;/div&gt;&lt;div id=&quot;page-copyright&quot; class=&quot;se-page-copyright&quot; style=&quot;margin-bottom: 50px;&quot;&gt;&lt;div class=&quot;return-link&quot;&gt;&lt;a class=&quot;ft-span brand-item c-blocka&quot; href=&quot;/?from=844b&quot;&gt;百度首页&lt;/a&gt;&lt;a class=&quot;ft-span feedback brand-item c-blocka&quot;&gt;用户反馈&lt;/a&gt;&lt;a class=&quot;ft-span login-bot c-blocka&quot; id=&quot;login-bot&quot; href=&quot;http://m.baidu.com/from=844b/ssid=0/uid=0/bd_page_type=1/pu=usm%402%2Csz%40320_1001%2Cta%40iphone_2_5.0_3_537/baiduid=C0F95CD351C3B5B77422AA3B18E9217B/w=0_10_/t=iphone/l=1/tc?ref=www_iphone&amp;amp;lid=14140154169389471061&amp;amp;ct=37&amp;amp;cst=1&amp;amp;tj=__0_10_21&amp;amp;w_qd=IlPT2AEptyoA_yisHUCgGCG&amp;amp;src=https%3A%2F%2Fwappass.baidu.com%2Fpassport%2F%3Flogin%26tpl%3Dwise%26subpro%3Dwiseresult%26u%3Dhttps%3A%2F%2Fm.baidu.com%2Ffrom%3D844b%2Fs%3Fword%3Dmacaca%26rqid%3D14140154169389471061&quot;&gt;用户登录&lt;/a&gt;&lt;/div&gt;&lt;div id=&quot;foot-logo&quot; class=&quot;se-foot-logo&quot;&gt;&lt;a id=&quot;logo&quot; class=&quot;logo se-logo&quot; href=&quot;http://m.baidu.com/from=844b/bd_page_type=1/ssid=0/uid=0/pu=usm%402%2Csz%40320_1001%2Cta%40iphone_2_5.0_3_537/baiduid=C0F95CD351C3B5B77422AA3B18E9217B/w=0_10_/t=iphone/l=1/tc?ref=www_iphone&amp;amp;lid=14140154169389471061&amp;amp;ct=61&amp;amp;cst=1&amp;amp;tj=__0_10_22&amp;amp;w_qd=IlPT2AEptyoA_yisHUCgGCG&amp;amp;sec=22034&amp;amp;di=7cc07b5f22ec5352&amp;amp;bdenc=1&amp;amp;nsrc=IlPT2AEptyoA_yixCFOxCGZb8c3JV3T5ABfPNy6R2iv5nk_qva02ZQNAUDLt2SiyFF0ey8_KfQoDxinc3mNS7AV2qvomfDYq7Enlc4iadhO1XtVL91EpLgHmGXZtpLyf7KsbcttyPN5-Ampbz0Olt2sweQGvrMYeaRqCgSDIjK4LFSCoAY7Fmm36RXd9HyH4S2LIvhbjqSBsS5mtRtr0T9Dtg5UDMChdrBrhb1Yc1MSDrUBzK38NLBQgA_&quot;&gt;&lt;/a&gt;&lt;/div&gt;&lt;div id=&quot;copyright&quot; class=&quot;se-copyright&quot;&gt;Baidu 京ICP证030173号&lt;/div&gt;        &lt;/div&gt;&lt;textarea class=&quot;input-hidden&quot;&gt;&lt;/textarea&gt;&lt;style id=&quot;banner_call&quot;&gt;
    #yjx65 {
        position: fixed;
        bottom: 0;
        left: 0;
        z-index: 20;
        width: 100%;
        height: 52px;
        background: #ffffff;
        opacity: 1;
        border-top: 1px solid #e0e0e0;
    }
    #yjx65_1 {
        pointer-events: auto;
        height: 52px;
        margin-left: 46px;
    }
    .yjx65_2 {
        border: none;
        height: 36px;
        width: 36px;
        position: absolute;
        bottom: 8px;
        left: 46px;
        background: url(//m.baidu.com/static/search/baiduapp_icon.png) no-repeat;
        background-size: 36px 36px;
        -webkit-background-size: 36px 36px;
    }
    .yjx65_3 {
        position: absolute;
        top: 11px;
        left: 94px;
        color: #333333;
        font-family: 微软雅黑;
        text-align: left;
    }
    .yjx65_4, .yjx65_4:visited {
        display: inline-block;
        height: 26px;
        line-height: 26px;
        width: 62px;
        position: absolute;
        bottom: 13px;
        right: 16px;
        border: 1px solid #dddddd;
        border-radius: 2px;
        color: #333333;
        font-size: 12px;
        text-align: center;
        box-sizing: border-box;
    }
    #yjx65_5 {
        pointer-events: auto;
        position: absolute;
        height: 36px;
        width: 36px;
        margin-top: 8px;
        margin-bottom: 8px;
        margin-left: 8px;
        background: url(&quot;data:image/png;base64,iVBORw0KGgoAAAANSUhEUgAAACQAAAAkCAMAAADW3miqAAAAWlBMVEUAAADIyMjIyMjIyMjIyMjIyMjIyMjIyMjIyMjIyMjIyMjIyMjIyMjIyMjIyMjIyMjIyMjIyMjIyMjIyMjIyMjIyMjIyMjIyMjIyMjIyMjIyMjIyMjMzMzJyckp+DWuAAAAHHRSTlMAAeqVx9gsK84J+qWbaSEVA1nsNESxRe2GG7Ja/WGWnQAAAQ9JREFUOMuN1O2ugjAMBuAK4ziYG1/K0XPa+79N0XQreTWB/tqyJ+kGbWkbKQY/dd3kQ0z0NYbRibCGiBuHT3NtVBTXXIG0FyPGLu3W9E4NKNdvjKXClEW1zgwqlzPCfeBe+i4woN5vHBrdiWLYNcOKRt3d2lrMVPMsuhxX5FjR6VRLMT+UETuiVA7qlyrmXJWDRFEYFBiWSIEZlBmNQJ5RoWFPE4O6o+Ff6hgUoeEOUfUgugsDsnT6rkf5EpbOgzlXNSpPAY0IqkBRwDCDkkhJ0KCSZD9YZjWq/jJyViorml8mq/aWl6MWHdQZFt1++S4HG2G/pY41Z1FevhrfHx4YFsvn6Fn2h9j/AGBnHD4B8aRi2FatCHAAAAAASUVORK5CYII=&quot;) no-repeat;
        background-size: cover;
        background-size: 18px 18px;
        background-position-x: 8px;
        background-position-y: 9px;
    }
    .yjx65_3 p:last-child {
        color: #999;
        font-size: 12px;
        line-height: 20px;
    }
    .yjx65_3 p:first-child {
        color: #333;
        font-size: 16px;
        line-height: 16px;
        font-weight: bold;
    }
&lt;/style&gt;
&lt;div id=&quot;yjx65&quot;&gt;
    &lt;div id=&quot;yjx65_5&quot;&gt;&lt;/div&gt;
    &lt;div id=&quot;yjx65_1&quot;&gt;
        &lt;div class=&quot;yjx65_2&quot;&gt;&lt;/div&gt;
        &lt;div class=&quot;yjx65_3&quot;&gt;
            &lt;p&gt;手机百度&lt;/p&gt;
            &lt;p&gt;L姓艺人生日突降蛋糕雨&lt;/p&gt;
        &lt;/div&gt;
        &lt;span class=&quot;yjx65_4&quot;&gt;打开&lt;/span&gt;
    &lt;/div&gt;
&lt;/div&gt;&lt;div id=&quot;foot-blank&quot; class=&quot;se-foot-blank&quot;&gt;&lt;/div&gt;&lt;input type=&quot;hidden&quot; data-path=&quot;/from=844b&quot; data-from=&quot;844b&quot; data-prepath=&quot;ssid=0#from=844b#bd_page_type=1#uid=0#pu=usm%402%2Csz%40320_1001%2Cta%40iphone_2_5.0_3_537#baiduid=C0F95CD351C3B5B77422AA3B18E9217B&quot; data-query=&quot;macaca&quot; data-prequery=&quot;macaca&quot; data-lid=&quot;14140154169389471061&quot; data-ref=&quot;www_iphone&quot; data-pn=&quot;0&quot; data-rn=&quot;10&quot; data-tn=&quot;&quot; data-hasnp=&quot;1&quot; data-sa=&quot;tb&quot; data-ts=&quot;0&quot; data-ms=&quot;1&quot; data-usm=&quot;2&quot; data-tanet=&quot;1&quot; data-taspeed=&quot;292&quot; data-vit=&quot;&quot; data-browser=&quot;applewebkit&quot; data-browserid=&quot;3&quot; data-browserversion=&quot;537&quot; data-osid=&quot;2&quot; data-iphoneid=&quot;&quot; data-gps=&quot;all&quot; data-sugsid=&quot;117168,36,113879,102434,108372,103342,114242,107319,117287,116854,116765,116812,117348,117240,117229,117119,117085,116995,116309,115538,116690,116893,116388,115951,117181,115351,115523,116231,116823,116412,116522,110085,117028&quot; data-hissid=&quot;117168,116297,113879,102434,108372,103342,114242,107319,117287,116854,116765,116812,117348,117240,117229,117119,117085,116995,116309,115538,116690,116893,116388,115951,117181,115351,115523,116231,116823,116412,116522,110085,117028&quot; data-spd=&quot;292&quot; data-adflag=&quot;0&quot; data-prefetch=&quot;0&quot; data-spa=&quot;0&quot; data-spath=&quot;from=844b&quot; data-separam=&quot;rsv_t=a30aGUlbeQcSb14HcgWC+tH5oeu4kccauu9Cc5AkGvQ83u/QXh+K+JZeGQ&quot; data-nojc=&quot;&quot; data-sids=&quot;117168_116297_113879_102434_108372_103342_114242_107319_117287_116854_116765_116812_117348_117240_117229_117119_117085_116995_116309_115538_116690_116893_116388_115951_117181_115351_115523_116231_116823_116412_116522_110085_117028&quot; data-loginorder=&quot;after&quot; data-upshis=&quot;1&quot; id=&quot;commonBase&quot; name=&quot;commonBase&quot; class=&quot;se-common-base&quot; /&gt;&lt;/div&gt;&lt;script class=&quot;wpoScript&quot;&gt;page.comm.odpFetchEnd=1498445661.2081;&lt;/script&gt;&lt;script&gt;A.merge(function(){if (document.querySelector(&quot;[srcid=&#039;85&#039;][order=&#039;2&#039;]&quot;)){A._setContainer(document.querySelector(&quot;[srcid=&#039;85&#039;][order=&#039;2&#039;]&quot;),true);}else{A._setContainer(document.querySelector(&quot;[srcid=&#039;85&#039;]&quot;))};A.init(function(){var me = this,audio = &#039;wa-dictwisenew-audio&#039;,icon = &#039;wa-dictwisenew-icon&#039;,icon_ani = &#039;wa-dictwisenew-icon-ani&#039;,$main = $(this.container),count = 0,audios = {};var repeatTimer = null;var repeatMaxTimes = 8;var repeatIntervalMS = 1200;var $commonAudio = $(&#039;&amp;lt;audio id=&quot;wa-dictwisenew-common-audio&quot; style=&quot;display: none&quot;&amp;gt;&#039;);$main.append($commonAudio);require([&#039;uiamd/tabs/tabs&#039;],function (Tabs){var fixedTabs = new Tabs($main.find(&#039;.wa-tabs-wrapper-fixed&#039;), {});});A.onload(function() {function resetPlayingBtn() {$commonAudio.get(0).pause();var $playingSoundBtn = $main.find(&#039;.&#039; + icon_ani);var $repeatingSoundBtn = $main.find(&#039;.wa-dictwisenew-repeat-on&#039;);if ($playingSoundBtn.length &amp;gt; 0) {$playingSoundBtn.removeClass(icon_ani);stopPlaySound();}if ($repeatingSoundBtn.length &amp;gt; 0) {$repeatingSoundBtn.removeClass(&#039;wa-dictwisenew-repeat-on&#039;).addClass(&#039;wa-dictwisenew-repeat-off&#039;);stopRepeatSound();}}function stopPlaySound() {$commonAudio.get(0).pause();$commonAudio.off(&#039;canplaythrough&#039;).off(&#039;ended&#039;);}function stopRepeatSound() {$commonAudio.get(0).pause();$commonAudio.off(&#039;canplaythrough&#039;).off(&#039;ended&#039;);clearTimeout(repeatTimer);repeatTimer = null;}function getHiddenProp() {if (&#039;hidden&#039; in document) {return {prefix: &#039;&#039;, prop: &#039;hidden&#039;};}var r = null;$([&#039;webkit&#039;, &#039;moz&#039;, &#039;ms&#039;, &#039;o&#039;]).each(function (idx, prefix) {var prop = prefix + &#039;Hidden&#039;;if (document[prop] !== undefined) {r = {};r.prefix = prefix;r.prop = prop;return false;}});return r;}$(window).on(&#039;blur.dictwisenew&#039;, function () {resetPlayingBtn();});var pageVisibilityProp = getHiddenProp();if (pageVisibilityProp) {$(document).on(pageVisibilityProp.prefix + &#039;visibilitychange.dictwisenew&#039;, function () {if (!document[pageVisibilityProp.prop]) {return;}resetPlayingBtn();});}$(window).on(&#039;pagehide.dictwisenew&#039;, function () {resetPlayingBtn();});$main.find(&#039;.wa-dictwisenew-repeat&#039;).off(&#039;click.dictwisenew&#039;).on(&#039;click.dictwisenew&#039;, function (e) {var $this = $(this);e.stopPropagation();if ($this.hasClass(&#039;wa-dictwisenew-repeat-on&#039;)) {$this.removeClass(&#039;wa-dictwisenew-repeat-on&#039;).addClass(&#039;wa-dictwisenew-repeat-off&#039;);stopRepeatSound();me.sendLog({extra: &#039;repeat_stop&#039;,type: &#039;b&#039;});return;}resetPlayingBtn();$this.removeClass(&#039;wa-dictwisenew-repeat-off&#039;).addClass(&#039;wa-dictwisenew-repeat-on&#039;);var playCnt = repeatMaxTimes;$commonAudio.off(&#039;canplaythrough&#039;).on(&#039;canplaythrough&#039;, function (e) {playCnt--;$commonAudio.get(0).play();$commonAudio.off(&#039;canplaythrough&#039;);});$commonAudio.off(&#039;ended&#039;).on(&#039;ended&#039;, function (e) {if (playCnt &amp;lt;= 0) {$this.removeClass(&#039;wa-dictwisenew-repeat-on&#039;).addClass(&#039;wa-dictwisenew-repeat-off&#039;);stopRepeatSound();return;}clearTimeout(repeatTimer);repeatTimer = setTimeout(function () {playCnt--;$commonAudio.get(0).play();}, repeatIntervalMS);});$commonAudio.get(0).src = $this.attr(&#039;data-url&#039;);$commonAudio.get(0).load();me.sendLog({extra: &#039;repeat_start&#039;,type: &#039;b&#039;});});$main.off(&#039;click.dictwisenew&#039;,&#039;.wa-dictwisenew-ico&#039;).on(&#039;click.dictwisenew&#039;, &#039;.wa-dictwisenew-ico&#039;, function(e){var $o = $(this).children(&#039;.wa-dictwisenew-icon&#039;);resetPlayingBtn();if($o.hasClass(icon)){$o.addClass(icon_ani);$commonAudio.off(&#039;canplaythrough&#039;).on(&#039;canplaythrough&#039;, function (e) {$commonAudio[0].play();});$commonAudio.off(&#039;ended&#039;).on(&#039;ended&#039;, function(){$o.removeClass(icon_ani);stopPlaySound();});$commonAudio.get(0).src = $o.attr(&#039;data-url&#039;);$commonAudio.get(0).load();}});var isEnglish = &#039;&#039;;var prefix = &#039;https://sp1.baidu.com/5b11fzupBgM18t7jm9iCKT-xh_/sensearch?from=wise&amp;amp;wd=&#039;;$.ajax({url: prefix + &#039;macaca&#039; + &#039;&amp;amp;cb=?&amp;amp;_=&#039; + Math.random(),dataType: &#039;jsonp&#039;,success: function(data) {if($.isArray(data.liju_result) &amp;amp;&amp;amp; data.liju_result.length != 0) {var liju = &#039;&#039;,c = 0;var Result = data.liju_result;var sen = &#039;&#039;;var resultlenght0 = Result[0].length;for(var i = 0; i &amp;lt; resultlenght0; i++){if(isEnglish === &#039;&#039;){if(i == resultlenght0 - 2) {if(Result[0][i+1][0].length == 1){sen += &#039;&amp;lt;span class=&quot;wa-dictwisenew-inblock wa-dictwisenew-ico&quot;&amp;gt;&#039;;}}else if(i == resultlenght0 - 1){if(Result[0][i][0].length &amp;gt; 1){sen += &#039;&amp;lt;span class=&quot;wa-dictwisenew-inblock wa-dictwisenew-ico&quot;&amp;gt;&#039;;}}}if(Result[0][i][3]){sen += &#039;&amp;lt;span class=&quot;wa-dictwisenew-on&quot;&amp;gt;&#039; + (Result[0][i][0] || &#039;&#039;) + (Result[0][i][4] || &#039;&#039;) + &#039;&amp;lt;/span&amp;gt;&#039;;}else{sen += (Result[0][i][0] || &#039;&#039;) + (Result[0][i][4] || &#039;&#039;);}}var sen1 = &#039;&#039;;var resultlenght1 = Result[1].length;for(var i = 0; i &amp;lt; resultlenght1; i++){if(isEnglish !== &#039;&#039;){if(i == resultlenght1 - 2) {if(Result[1][i+1][0].length == 1){sen1 += &#039;&amp;lt;span class=&quot;wa-dictwisenew-inblock wa-dictwisenew-ico&quot;&amp;gt;&#039;;}}else if(i == resultlenght1 - 1){if(Result[1][i][0].length &amp;gt; 1){sen1 += &#039;&amp;lt;span class=&quot;wa-dictwisenew-inblock wa-dictwisenew-ico&quot;&amp;gt;&#039;;}}}if(Result[1][i][3]){sen1 += &#039;&amp;lt;span class=&quot;wa-dictwisenew-on&quot;&amp;gt;&#039; + (Result[1][i][0] || &#039;&#039;) + (Result[1][i][4] || &#039;&#039;) + &#039;&amp;lt;/span&amp;gt;&#039;;}else {sen1 += (Result[1][i][0] || &#039;&#039;) + (Result[1][i][4] || &#039;&#039;);}}var senOne = &#039;&#039;;for(var i = 0; i &amp;lt; Result[0].length; i++){senOne += (Result[0][i][0] || &#039;&#039;) + (Result[0][i][4] || &#039;&#039;);}var senTwo = &#039;&#039;;for(var i = 0; i &amp;lt; Result[1].length; i++){senTwo += (Result[1][i][0] || &#039;&#039;) + (Result[1][i][4] || &#039;&#039;);}if(isEnglish === &#039;&#039;){if(sen &amp;amp;&amp;amp; sen1){liju += &#039;&amp;lt;div class=&quot;wa-dictwisenew-english&quot;&amp;gt;&#039; + sen + &#039;&amp;lt;a href=&quot;javascript:;&quot; data-audio=&quot;wa-dictwisenew-audio_10&quot; class=&quot;WA_LOG_BTN wa-dictwisenew-icon wa-dictwisenew-lijua&quot; data-url=&quot;&#039; + &#039;https://sp0.baidu.com/-rM1hT4a2gU2pMbgoY3K&#039;+&#039;/gettts?lan=en&amp;amp;text=&#039;+encodeURIComponent(senOne)+&#039;&amp;amp;spd=2&amp;amp;source=alading&quot;&amp;gt;&amp;lt;/a&amp;gt;&amp;lt;/span&amp;gt;&amp;lt;/div&amp;gt;&amp;lt;div class=&quot;wa-dictwisenew-chinese&quot;&amp;gt;&#039;+sen1+&#039;&amp;lt;/div&amp;gt;&#039;;}}else{if(sen &amp;amp;&amp;amp; sen1){liju += &#039;&amp;lt;div class=&quot;wa-dictwisenew-chinese&quot;&amp;gt;&#039;+sen+&#039;&amp;lt;/div&amp;gt;&amp;lt;div class=&quot;wa-dictwisenew-english&quot;&amp;gt;&#039;+sen1+&#039;&amp;lt;a href=&quot;javascript:;&quot; data-audio=&quot;wa-dictwisenew-audio_10&quot; class=&quot;WA_LOG_BTN wa-dictwisenew-icon wa-dictwisenew-lijua&quot; data-url=&quot;&#039;+&#039;https://sp0.baidu.com/-rM1hT4a2gU2pMbgoY3K&#039;+&#039;/gettts?lan=en&amp;amp;text=&#039;+encodeURIComponent(senTwo)+&#039;&amp;amp;spd=2&amp;amp;source=alading&quot;&amp;gt;&amp;lt;/a&amp;gt;&amp;lt;/span&amp;gt;&amp;lt;/div&amp;gt;&#039;;}}if(liju) {$main.find(&#039;.wa-dictwisenew-liju&#039;).html(&#039;&amp;lt;span class=&quot;c-color-gray c-gap-right&quot;&amp;gt;[例句]&amp;lt;/span&amp;gt;&amp;lt;div&amp;gt;&#039; + liju + &#039;&amp;lt;/div&amp;gt;&#039;);$main.find(&#039;.wa-dictwisenew-liju&#039;).css(&#039;display&#039;,&#039;-webkit-box&#039;);}}}});});});;},&quot;85&quot;, &quot;2&quot;,&quot;&quot;);&lt;/script&gt;&lt;script&gt;A.merge(function(){if (document.querySelector(&quot;[srcid=&#039;sigma_celebrity_rela&#039;][order=&#039;5&#039;]&quot;)){A._setContainer(document.querySelector(&quot;[srcid=&#039;sigma_celebrity_rela&#039;][order=&#039;5&#039;]&quot;),true);}else{A._setContainer(document.querySelector(&quot;[srcid=&#039;sigma_celebrity_rela&#039;]&quot;))};A.setup({&#039;index&#039;: &#039;5&#039;,&#039;isSfRec&#039;: &#039;&#039;,&#039;isJump&#039;: &#039;&#039;,&#039;sfUrl&#039;: &#039;https://sp0.baidu.com/5LMDcjW6BwF3otqbppnN2DJv/xinghe.pae.baidu.com/xinghe/data/queryxinghe&#039;,&#039;keyWord&#039;: &#039;macaca&#039;,&#039;sfTitle&#039;: &#039;&#039;,&#039;query&#039; : &#039;&#039;,_tcUrl: &#039;http://m.baidu.com/from=844b/ssid=0/uid=0/bd_page_type=1/pu=usm%402%2Csz%40320_1001%2Cta%40iphone_2_5.0_3_537/baiduid=C0F95CD351C3B5B77422AA3B18E9217B/w=0_10_/t=iphone/l=1/tc?ref=www_iphone&amp;amp;amp;lid=14140154169389471061&amp;amp;amp;order=5&amp;amp;amp;extra=&amp;amp;amp;fm=alop&amp;amp;amp;cyc=&amp;amp;amp;sto=&amp;amp;amp;tj=sigma_celebrity_rela_5_0_10_l13&amp;amp;amp;w_qd=IlPT2AEptyoA_yisHUCgGCG&amp;amp;amp;src=&#039;,link : &#039;&#039;,is_sf:&#039;&#039;,isNewUx: &#039;&#039;});A.init(function(){var _this = this;var $container = $(_this.container);var index = _this.data.index;var isSfRec = _this.data.isSfRec;var isJump = _this.data.isJump;var sfTitle =  _this.data.sfTitle;var keyWord = _this.data.keyWord;var link = _this.data.link;var is_sf = _this.data.is_sf;var head = $container.find(&#039;h3&#039;).eq(0).parent(&#039;a&#039;);var sfurl = $container.find(&#039;.wa-wa-sigma-celebrity-sfurl&#039;).attr(&#039;data-sf-href&#039;);var href = $container.find(&#039;.wa-wa-sigma-celebrity-sfurl&#039;).attr(&#039;href&#039;);var query = _this.data.query;var offsetW;var scrollParent = $container.find(&#039;.wa-sigma-celebrity-rela-scroller&#039;);var scrollOffset;var switchflag = true;var w = $(window).width();var h = $(window).height();var cw = $container.width();var positionX,offsetX;var tcUrlLink = this.makeTcUrl({src: link,});var $bscroll = $container.find(&#039;.wa-sigma-celebrity-rela-wrapper-&#039; + index);if($bscroll.length){require([&#039;fusion/b-scroll/b-scroll&#039;], function(){if ($bscroll.get(0) &amp;amp;&amp;amp; $bscroll.get(0).fusion) {var IscrollObj = $bscroll.get(0).fusion.scroll;$(window).resize(function(){w = $(window).width();h = $(window).height();cw = $container.width();IscrollObj &amp;amp;&amp;amp; IscrollObj.refresh &amp;amp;&amp;amp; IscrollObj.refresh();});$bscroll.on(&#039;touchstart&#039;, function () {positionX = IscrollObj.x;offsetW = scrollParent.width() - cw;scrollOffset = Math.abs(IscrollObj.x);}).on(&#039;scrollEnd&#039;, function () {if(IscrollObj.directionX == 1 &amp;amp;&amp;amp; offsetW == scrollOffset){_this.sendLog({&#039;type&#039;: &#039;scroll&#039;,&#039;action&#039;: &#039;endjump&#039;,&#039;src&#039;: encodeURI(link)}, this);/*调起情景页*/if (isSfRec) {$container.find(&#039;.wa-wa-sigma-celebrity-sfurl&#039;).trigger(&quot;click&quot;);/*调起星河推荐页*/}else if(isJump){window.location.href = tcUrlLink;}}else{_this.sendLog({&#039;type&#039;: &#039;scroll&#039;,&#039;action&#039;: &#039;sideslip&#039;}, this);}});}});}});;},&quot;sigma_celebrity_rela&quot;, &quot;5&quot;,&quot;&quot;);&lt;/script&gt;&lt;script&gt;A.merge(function(){if (document.querySelector(&quot;[srcid=&#039;wenkuala&#039;][order=&#039;10&#039;]&quot;)){A._setContainer(document.querySelector(&quot;[srcid=&#039;wenkuala&#039;][order=&#039;10&#039;]&quot;),true);}else{A._setContainer(document.querySelector(&quot;[srcid=&#039;wenkuala&#039;]&quot;))};},&quot;wenkuala&quot;, &quot;10&quot;,&quot;&quot;);&lt;/script&gt;&lt;script&gt;A.merge(function(){if (document.querySelector(&quot;[srcid=&#039;sigma_celebrity_rela&#039;][order=&#039;11&#039;]&quot;)){A._setContainer(document.querySelector(&quot;[srcid=&#039;sigma_celebrity_rela&#039;][order=&#039;11&#039;]&quot;),true);}else{A._setContainer(document.querySelector(&quot;[srcid=&#039;sigma_celebrity_rela&#039;]&quot;))};A.setup({&#039;index&#039;: &#039;11&#039;,&#039;isSfRec&#039;: &#039;&#039;,&#039;isJump&#039;: &#039;&#039;,&#039;sfUrl&#039;: &#039;https://sp0.baidu.com/5LMDcjW6BwF3otqbppnN2DJv/xinghe.pae.baidu.com/xinghe/data/queryxinghe&#039;,&#039;keyWord&#039;: &#039;macaca&#039;,&#039;sfTitle&#039;: &#039;&#039;,&#039;query&#039; : &#039;&#039;,_tcUrl: &#039;http://m.baidu.com/from=844b/ssid=0/uid=0/bd_page_type=1/pu=usm%402%2Csz%40320_1001%2Cta%40iphone_2_5.0_3_537/baiduid=C0F95CD351C3B5B77422AA3B18E9217B/w=0_10_/t=iphone/l=1/tc?ref=www_iphone&amp;amp;amp;lid=14140154169389471061&amp;amp;amp;order=11&amp;amp;amp;extra=&amp;amp;amp;fm=alop&amp;amp;amp;cyc=&amp;amp;amp;sto=&amp;amp;amp;tj=sigma_celebrity_rela_11_0_10_l5&amp;amp;amp;w_qd=IlPT2AEptyoA_yisHUCgGCG&amp;amp;amp;src=&#039;,link : &#039;&#039;,is_sf:&#039;&#039;,isNewUx: &#039;&#039;});A.init(function(){var _this = this;var $container = $(_this.container);var index = _this.data.index;var isSfRec = _this.data.isSfRec;var isJump = _this.data.isJump;var sfTitle =  _this.data.sfTitle;var keyWord = _this.data.keyWord;var link = _this.data.link;var is_sf = _this.data.is_sf;var head = $container.find(&#039;h3&#039;).eq(0).parent(&#039;a&#039;);var sfurl = $container.find(&#039;.wa-wa-sigma-celebrity-sfurl&#039;).attr(&#039;data-sf-href&#039;);var href = $container.find(&#039;.wa-wa-sigma-celebrity-sfurl&#039;).attr(&#039;href&#039;);var query = _this.data.query;var offsetW;var scrollParent = $container.find(&#039;.wa-sigma-celebrity-rela-scroller&#039;);var scrollOffset;var switchflag = true;var w = $(window).width();var h = $(window).height();var cw = $container.width();var positionX,offsetX;var tcUrlLink = this.makeTcUrl({src: link,});var $bscroll = $container.find(&#039;.wa-sigma-celebrity-rela-wrapper-&#039; + index);if($bscroll.length){require([&#039;fusion/b-scroll/b-scroll&#039;], function(){if ($bscroll.get(0) &amp;amp;&amp;amp; $bscroll.get(0).fusion) {var IscrollObj = $bscroll.get(0).fusion.scroll;$(window).resize(function(){w = $(window).width();h = $(window).height();cw = $container.width();IscrollObj &amp;amp;&amp;amp; IscrollObj.refresh &amp;amp;&amp;amp; IscrollObj.refresh();});$bscroll.on(&#039;touchstart&#039;, function () {positionX = IscrollObj.x;offsetW = scrollParent.width() - cw;scrollOffset = Math.abs(IscrollObj.x);}).on(&#039;scrollEnd&#039;, function () {if(IscrollObj.directionX == 1 &amp;amp;&amp;amp; offsetW == scrollOffset){_this.sendLog({&#039;type&#039;: &#039;scroll&#039;,&#039;action&#039;: &#039;endjump&#039;,&#039;src&#039;: encodeURI(link)}, this);/*调起情景页*/if (isSfRec) {$container.find(&#039;.wa-wa-sigma-celebrity-sfurl&#039;).trigger(&quot;click&quot;);/*调起星河推荐页*/}else if(isJump){window.location.href = tcUrlLink;}}else{_this.sendLog({&#039;type&#039;: &#039;scroll&#039;,&#039;action&#039;: &#039;sideslip&#039;}, this);}});}});}});;},&quot;sigma_celebrity_rela&quot;, &quot;11&quot;,&quot;&quot;);&lt;/script&gt;&lt;script type=&quot;text/javascript&quot;&gt;page.comm.isShowInapp = 1;page.comm.topRelation = &quot;&quot;;page.comm.actualResultLang = &quot;zh&quot;;page.comm.path = &quot;\/from=844b&quot;;page.comm.logInfoList = {};page.comm.from = &quot;844b&quot;;page.comm.ssid = &quot;0&quot;;page.comm.uid = &quot;0&quot;;page.comm.bd_page_type = &quot;1&quot;;page.comm.pu = &quot;usm%402%2Csz%40320_1001%2Cta%40iphone_2_5.0_3_537&quot;;page.comm.baiduid = &quot;C0F95CD351C3B5B77422AA3B18E9217B&quot;;page.comm.prepath = &#039;ssid=&#039; + &quot;0&quot; +&#039;#from=&#039; + &quot;844b&quot; +&#039;#bd_page_type=1#uid=&#039; + &quot;0&quot; +&#039;#pu=&#039; + &quot;usm%402%2Csz%40320_1001%2Cta%40iphone_2_5.0_3_537&quot; +&#039;#baiduid=&#039; + &quot;C0F95CD351C3B5B77422AA3B18E9217B&quot;;page.comm.query = &quot;macaca&quot;;page.comm.prequery = &quot;macaca&quot;;page.comm.lid = &quot;14140154169389471061&quot;;page.comm.ref = &quot;www_iphone&quot;;page.comm.abct = &quot;iphone&quot;;page.comm.pn = 0;page.comm.rn = &quot;10&quot;;page.comm.w_qd = &quot;IlPT2AEptyoA_yisHUCgGCG&quot;;page.comm.tn = &quot;&quot;;page.comm.cip = &#039;182.18.106.231&#039;;page.comm.hasNP = true;page.comm.sa = &#039;ib&#039;;page.comm.ts = &#039;5961404&#039;;page.comm.ms = 1;page.comm.usm = 2;page.comm.tanet = &quot;1&quot;;page.comm.taspeed = &quot;292&quot;;page.comm.vit = &quot;&quot;;page.comm.browser = &quot;applewebkit&quot;;page.comm.browserid = &quot;3&quot;;page.comm.browserversion = &quot;537&quot;;page.comm.osid = &quot;2&quot;;page.comm.iphoneid = &quot;&quot;;page.comm.gps = &quot;all&quot;;page.comm.sugsid = &quot;117168,36,113879,102434,108372,103342,114242,107319,117287,116854,116765,116812,117348,117240,117229,117119,117085,116995,116309,115538,116690,116893,116388,115951,117181,115351,115523,116231,116823,116412,116522,110085,117028&quot;;page.comm.hissid = &quot;117168,116297,113879,102434,108372,103342,114242,107319,117287,116854,116765,116812,117348,117240,117229,117119,117085,116995,116309,115538,116690,116893,116388,115951,117181,115351,115523,116231,116823,116412,116522,110085,117028&quot;;page.comm.sigmaConf = null;page.comm.spd = &quot;292&quot;;page.comm.adflag = 0;page.comm.prefetch = 0;page.comm.spa = 0;page.comm.zbiosAsyncSwitch = 1;page.comm.zbiosPrefetchSwitch = 1;page.comm.prefetchSwitch = 1;page.comm.asyncType=&#039;&#039;;page.comm.mod=&#039;&#039;;page.comm.spath = &#039;&#039;;page.comm.separam = &quot;rsv_t=a30aGUlbeQcSb14HcgWC+tH5oeu4kccauu9Cc5AkGvQ83u\/QXh+K+JZeGQ&quot;;page.comm.nojc = &quot;&quot;;page.comm.sids = &quot;117168_116297_113879_102434_108372_103342_114242_107319_117287_116854_116765_116812_117348_117240_117229_117119_117085_116995_116309_115538_116690_116893_116388_115951_117181_115351_115523_116231_116823_116412_116522_110085_117028&quot; || &#039;117168_116297_113879_102434_108372_103342_114242_107319_117287_116854_116765_116812_117348_117240_117229_117119_117085_116995_116309_115538_116690_116893_116388_115951_117181_115351_115523_116231_116823_116412_116522_110085_117028&#039;;page.comm.sampleval = {&quot;WISE_HOUSE_STRUCT&quot;:&quot;1&quot;,&quot;WISE_TPL_COMMON_SAMPLE_FLAG&quot;:&quot;sf_wenku_group_d&quot;,&quot;eid&quot;:&quot;9303&quot;,&quot;newIndexTplName&quot;:&quot;sam_pansug&quot;,&quot;newMainTplName&quot;:&quot;sam_pansug&quot;,&quot;sugsid&quot;:&quot;36&quot;,&quot;usid&quot;:&quot;9303&quot;} || {};page.comm.loginOrder = &quot;after&quot;;page.comm.t_samp = &#039;&#039;;page.comm.upshis = 1;page.comm.tts = {};page.comm.eqid = &quot;c43beb4c9fb7d800100000025950775c&quot;;page.comm._eclipse = 1;page.comm.foldPos = null || -1;page.comm.foldNum = null || -1;page.comm.onlyclick = 0 || false;page.comm.timgPre = &quot;https://ss0.bdstatic.com/9bA1vGfa2gU2pMbfm9GUKT-w/timg?wisealaddin&amp;amp;size=8&amp;amp;quality=60&amp;amp;sec=1498445661&amp;amp;di=3bf9f27819cedb78a6be70abde47706a&amp;amp;src=&quot;;try {var _srvt=document.cookie.match(new RegExp(&quot;(^| )BDSVRTM=([^;]*)(;|$)&quot;));if(_srvt &amp;amp;&amp;amp; _srvt[2]){page.comm.srvt = parseInt(_srvt[2]);}document.cookie=&quot;BDSVRTM=;expires=Sat, 01 Jan 2000 00:00:00 GMT&quot;;}catch(e){page.comm.srvt=false;}try {var _bfe=document.cookie.match(new RegExp(&quot;(^| )BDSVRBFE=([^;]*)(;|$)&quot;));if(_bfe &amp;amp;&amp;amp; _bfe[2]){page.comm.svrbfe = _bfe[2];}document.cookie=&quot;BDSVRBFE=;expires=Sat, 01 Jan 2000 00:00:00 GMT&quot;;}catch(e){page.comm.svrbfe=false;}page.comm.rsync_rec_flag = true;page.comm.loginUrl = &quot;https://wappass.baidu.com/passport/?login&amp;amp;tpl=wise&amp;amp;subpro=wiseresult&amp;amp;u=&quot; + encodeURIComponent(window.location.href);page.comm.odpSt=1498445660.95;page.comm.odpFetchSt=1498445661.1707;page.comm.usStartTime=1498445660.9606;page.comm.usEndTime=1498445661.1518;page.comm.bfe_sample=null;page.comm.superframe = {&quot;sf_enable&quot;:&quot;1&quot;,&quot;sf_scene_enable&quot;:&quot;1&quot;,&quot;sf_baike_enable&quot;:&quot;1&quot;,&quot;sf_zhidao_enable&quot;:&quot;1&quot;,&quot;sf_image_enable&quot;:&quot;1&quot;,&quot;sf_kuaixing_enable&quot;:&quot;1&quot;,&quot;sf_ecom_enable&quot;:&quot;1&quot;,&quot;sf_graph_enable&quot;:&quot;1&quot;,&quot;sf_pai_enable&quot;:&quot;1&quot;,&quot;sf_tc_enable&quot;:&quot;1&quot;,&quot;sf_mip_enable&quot;:&quot;1&quot;,&quot;mip_enable&quot;:&quot;1&quot;};if (page.comm.sampleval.WISE_TPL_COMMON_SAMPLE_FLAG === &#039;async_new_test&#039;) {page.comm.useNewIs = true;window.__sam_async_debug = true;}if (page.comm.sampleval.WISE_TPL_COMMON_SAMPLE_FLAG === &#039;async_old&#039;) {page.comm.jsErrorReportConf = {sam: &#039;async_old&#039;,reportScale: 0.1};}if (page.comm.sampleval.WISE_TPL_COMMON_SAMPLE_FLAG === &#039;async_new&#039;) {page.comm.jsErrorReportConf = {sam: &#039;async_new&#039;,reportScale: 0.1};}if (page.comm.sampleval.WISE_TPL_COMMON_SAMPLE_FLAG === &#039;async_new_test&#039;) {page.comm.jsErrorReportConf = {sam: &#039;async_new_test&#039;,reportScale: 1};}page.comm.pageTitle = &quot;百度&quot;;page.comm.product = &quot;unknown&quot;;page.comm.bd_version = &quot;&quot;;page.comm.lsOpen=1;page.comm.idc_info=&quot;hz&quot;;&lt;/script&gt;&lt;script data-version=&quot;wwwBcss_be994c5&quot; class=&quot;code-fr-ls&quot; data-key=&quot;wwwBcss&quot;&gt;excuteLSCode(&#039;wwwBcss_be994c5&#039;,&#039;css&#039;)&lt;/script&gt;&lt;script&gt;B._fireReady();&lt;/script&gt;&lt;script data-version=&quot;framejs_b0cb0f5&quot; class=&quot;code-fr-ls&quot; data-key=&quot;framejs&quot;&gt;excuteLSCode(&#039;framejs_b0cb0f5&#039;,&#039;js&#039;)&lt;/script&gt;&lt;script type=&quot;text/javascript&quot; id=&quot;ec_ls_js&quot;&gt;/*&amp;lt;![CDATA[*//*** @file window.FC.run方法**/;(function () {try {if (!window.FC) {window.FC = {pageScope: {}};}var onion = function () {var args = arguments;return function (next) {return Array.prototype.reduceRight.call(args, function (a,b) {return b(a);}, next);}};var createMiddleWare = function (name, doSomeThingWith) {return function (next) {return function (reqScope, pageScope) {try {doSomeThingWith(reqScope, pageScope, next);} catch (e) {console.error(&quot;FC: An exception from middleware&quot;, name, &quot;. Exception: &quot;, e);/* 继续执行下面的中间件 */next(reqScope, pageScope);}};};};var reqScope = {};var pageScope = {};var firstMw = createMiddleWare(&#039;firstMw&#039;, function (reqScope, pageScope, next) {reqScope.__pageScope = {};pageScope.set = function (key, val) {if (key === &#039;object&#039;) {$.extend(reqScope.__pageScope, key);} else {reqScope.__pageScope[key] = val;}$.extend(window.FC.pageScope, reqScope.__pageScope);};pageScope.get = function (key) {return window.FC.pageScope[key];};next(reqScope, pageScope);/* 放到最后保证一定会有run方法 */window.FC.run = function (callback) {try {return callback(reqScope, pageScope);} catch (e) {reqScope.__exceptions = reqScope.__exceptions || [];reqScope.__exceptions.push(e);}};});/* 中间件引用 *//* mwInit 初始化请求相关的smarty变量 */var mwInit = createMiddleWare(&quot;init&quot;,function(e,r,s){e.imTimeSign=&quot;90&quot;,e.searchId=&quot;c43beb4c9fb7d555&quot;,e.container=$&amp;amp;&amp;amp;$(&quot;.ec_r_c43beb4c9fb7d555&quot;),e.JDomain=&quot;&quot;,e.ppimAds=&quot;&quot;,e.searchIdDecimal=&quot;14140154169389471061&quot;,e.from=&quot;1&quot;,s(e,r),window.FC[&quot;reqScope_c43beb4c9fb7d555&quot;]=e});;onion(firstMw,mwInit)(function (reqScope, pageScope) {reqScope._mwTail = 1;})(reqScope, pageScope);} catch (e) {/* never get here */}})();(function(win){win.ecom = win.ecom || {};win.ecom.wise = win.ecom.wise || {};ecom.wise.JS_URL = &quot;&amp;amp;sid=c43beb4c9fb7d555&amp;amp;ip=182.18.106.231&amp;amp;st=111001&amp;amp;speed=292&amp;amp;browserid=4&amp;amp;osid=2&amp;amp;tn=2&amp;amp;baiduid=C0F95CD351C3B5B77422AA3B18E9217B&quot;;ecom.wise.imTimeSign = &quot;90&quot;;ecom.wise.adType = &quot;&quot;;ecom.wise.mts = [];ecom.wise.asyn_ads_mode = &quot;0&quot;;ecom.wise.asyn_ads_url = &quot;{&#039;rset&#039;:&#039;ad&#039;,&#039;adext&#039;:&#039;ppads=0&amp;amp;imads=0&amp;amp;adposnum=0&amp;amp;qmdedupinfo=&#039;}&quot;;win.ecom.wise.PARAMS = {&#039;eid&#039;: &#039;117168_116297_9303_102434_108372_103342_114242_107319_117287_116854_116765_116812_117348_117240_117229_117119_&#039;,&#039;baiduid&#039;: &#039;C0F95CD351C3B5B77422AA3B18E9217B&#039;,&#039;query&#039;: &#039;macaca&#039;,&#039;queryUtf8&#039;: &#039;macaca&#039;,&#039;searchid&#039;: &#039;c43beb4c9fb7d555&#039;,&#039;osid&#039;: &#039;2&#039;,&#039;bwsid&#039;: &#039;4&#039;,&#039;wiseFrom&#039;: &#039;844b&#039;,&#039;ovlid&#039;: &#039;11429-6#12864-0#6321-dz#855-dz&#039;,&#039;netType&#039; : &#039;1&#039;};win.ecom.wise.fclickType = {&#039;AD&#039;: &#039;ad&#039;,&#039;REQUEST&#039;: &#039;request&#039;,&#039;OTHER&#039;: &#039;other&#039;};win.ecom.wise.JDomain = &#039;&#039;;win.ecom.wise.adNum = &#039;0&#039;;win.ecom.wise.adDownNum = &#039;0&#039;;win.ecom.wise.adMiddleNum = &#039;0&#039;;win.ecom.wise.imglazyLoad = function(src, id){var img = document.getElementById(id);if(img){img.src = src;}};})(window);!function(){window.ecom.wise.global={run:function(n,o){try{o!==!1&amp;amp;&amp;amp;1!==window.ecom.wise.asyn_ads_mode?window.B&amp;amp;&amp;amp;window.B.one?window.B.one(&quot;load&quot;,function(){n(window.Zepto,window,document,window.ecom.wise,window.ecom.wise.global)}):$(window).one(&quot;load&quot;,function(){n(window.Zepto,window,document,window.ecom.wise,window.ecom.wise.global)}):n(window.Zepto,window,document,window.ecom.wise,window.ecom.wise.global)}catch(e){this.handleError(e)}},request:function(n,o){if(n){var e=(new Date).getTime(),i=new Image;n+=&quot;&amp;amp;rand=&quot;+(e+Math.random()),window.ecom.wise.global[&quot;--IMAGE&quot;+e]=i,o=o||{};var t=!1;i.onload=i.onerror=i.onabort=function(a){if(!o.charge)if(&quot;load&quot;!==a.type){if(!t)return i.src=n,void(t=!0);&quot;error&quot;in o&amp;amp;&amp;amp;o.error()}else&quot;load&quot;in o&amp;amp;&amp;amp;o.load();i.onload=i.onerror=i.onabort=null,window.ecom.wise.global[&quot;--IMAGE&quot;+e]=null,i=null},i.src=n}},log:function(n,o){var e=window.ecom.wise.PARAMS,i=[];for(var t in e)e.hasOwnProperty(t)&amp;amp;&amp;amp;i.push(encodeURIComponent(t)+&quot;=&quot;+encodeURIComponent(e[t]));for(var t in o)o.hasOwnProperty(t)&amp;amp;&amp;amp;i.push(encodeURIComponent(t)+&quot;=&quot;+encodeURIComponent(o[t]));this.request(n+&quot;?&quot;+i.join(&quot;&amp;amp;&quot;))},fclick:function(n,o,e){e=e||{},e.type=window.ecom.wise.fclickType[o]||&quot;&quot;;var i=&quot;https://sp0.baidu.com/-rU_dTmfKgQFm2e88IuM_a/w.gif&quot;;e.tag=n;var t={sourceid:&quot;&quot;,rank:&quot;&quot;,mt:&quot;&quot;,xpath:&quot;&quot;,type:&quot;&quot;,tag:&quot;&quot;};for(var a in e)e.hasOwnProperty(a)&amp;amp;&amp;amp;(t[a]=e[a]);this.log(i,t)},adFclick:function(tag,$dom,data){var attrVal=$dom.getAttribute(&quot;data-fclick&quot;)||&quot;{}&quot;,params=eval(&quot;(&quot;+attrVal+&quot;)&quot;);for(var key in data)data.hasOwnProperty(key)&amp;amp;&amp;amp;(params[key]=data[key]);this.fclick(tag,&quot;AD&quot;,params)},getXPath:function(n,o){for(var e,i,t,a=[];n&amp;amp;&amp;amp;n!==o;)e=n.tagName,i=this.getNodePosition(n),t=1===i?e:e+i,a.unshift(t.toLowerCase()),n=n.parentNode;return a.join(&quot;-&quot;)},getNodePosition:function(n){for(var o=0,e=n.tagName;n;)n.tagName===e&amp;amp;&amp;amp;o++,n=n.previousSibling;return o},handleError:function(n){var o={url:window.location.href,message:n.message,datetime:(new Date).getTime(),stack:n.stack};this.fclick(&quot;wise-js-error&quot;,&quot;OTHER&quot;,o)},addParamsToUrl:function(n,o){if(-1===n.indexOf(&quot;baidu.php&quot;))return n;if(-1===n.indexOf(&quot;shh=&quot;)&amp;amp;&amp;amp;(n=n+&quot;&amp;amp;shh=&quot;+location.hostname),-1===n.indexOf(&quot;sht=&quot;)){var e=location.href.match(/from=([^&amp;amp;/]*)/);e&amp;amp;&amp;amp;(n=n+&quot;&amp;amp;sht=&quot;+e[1])}-1===n.indexOf(&quot;word=&quot;)&amp;amp;&amp;amp;(n=n+&quot;&amp;amp;word=&quot;+window.ecom.wise.PARAMS.queryUtf8);var i=window.ecom.wise.asynQuery&amp;amp;&amp;amp;o&amp;amp;&amp;amp;o!==window.ecom.wise.imTimeSign;return i&amp;amp;&amp;amp;(n=n.replace(/&amp;amp;word=[^&amp;amp;]*/,&quot;&amp;amp;word=&quot;+window.ecom.wise.asynQuery)),n},chargingRequest:function(n,o){n=this.addParamsToUrl(n,o);var e=window.ecom.wise.ck;if(o||(o=window.ecom.wise.imTimeSign),e){var i=e.addCkOnUrl(n,o);this.request(i,{charge:!0})}else this.request(n)},getUrlByReplaceRcvJDomain:function(n){var o=window.ecom.wise.JDomain;if(&quot;&quot;===o)return n;var e=/(url=[^\.]+\.)([^\.]+)(\.[^\.]+)/;return n.replace(e,&quot;$1&quot;+o+&quot;$3&quot;)},setLoadingPanel:function(n){$(&quot;body&quot;).append(&#039;&amp;lt;div class=&quot;&#039;+n.maskClass+&#039;&quot; /&amp;gt;&#039;),$(&quot;body&quot;).append(&#039;&amp;lt;div class=&quot;&#039;+n.loadingClass+&#039;&quot;&amp;gt;&amp;lt;i class=&quot;&#039;+n.loadingBlue+&#039;&quot;&amp;gt;&amp;lt;/i&amp;gt;&amp;lt;i class=&quot;&#039;+n.loadingRed+&#039;&quot;&amp;gt;&amp;lt;/i&amp;gt;加载中..&amp;lt;/div&amp;gt;&#039;),$(&quot;.&quot;+n.loadingClass).css({marginTop:n.marginTop}),$(&quot;.&quot;+n.maskClass).css({height:n.height,display:n.show})},openLoadingPanel:function(){var n={maskClass:&quot;ec_mask&quot;,loadingClass:&quot;ec_loading&quot;,loadingBlue:&quot;ec_loading_blue&quot;,loadingRed:&quot;ec_loading_red&quot;,height:Math.max($(window).height(),$(&quot;html&quot;).height()),marginTop:window.scrollY-60,show:&quot;block&quot;,hide:&quot;none&quot;},o=$(&quot;.&quot;+n.maskClass),e=$(&quot;.&quot;+n.loadingClass);0===o.length&amp;amp;&amp;amp;0===e.length?this.setLoadingPanel(n):(o.css({display:n.show}),e.css({marginTop:n.marginTop,display:n.show}))},closeLoadingPanel:function(){var n=$(&quot;.ec_mask&quot;),o=$(&quot;.ec_loading&quot;);0&amp;lt;n.length&amp;amp;&amp;amp;0&amp;lt;o.length&amp;amp;&amp;amp;(n.css({display:&quot;none&quot;}),o.css({display:&quot;none&quot;}))},updateImgSrc:function(n){var o=$(n).attr(&quot;update-url&quot;);o&amp;amp;&amp;amp;(n.src=o,$(n).removeAttr(&quot;update-url&quot;))},createScript:function(n,o,e){var i=document.createElement(&quot;script&quot;),t=function(){};return i.onerror=o||t,i.onload=e||t,n&amp;amp;&amp;amp;(i.src=n),document.head.appendChild(i),i},deleteNode:function(n){n&amp;amp;&amp;amp;null!==n.parentNode&amp;amp;&amp;amp;n.parentNode.removeChild(n)},runOnce:function(){window.ecom.wise.runOnceList||(window.ecom.wise.runOnceList={});var n=window.ecom.wise.runOnceList,o=Function.prototype.toString,e=Object.prototype.toString;return function(i,t,a,r){if(&quot;[object Function]&quot;===e.call(t))if(r!==!1){var s=o.call(t).replace(/\s+/g,&quot;&quot;);n[s+(void 0===a?&quot;&quot;:a)]||(n[s+(void 0===a?&quot;&quot;:a)]=!0,t.call(i))}else n[a]||(n[a]=!0,t.call(i))}}(),addComponent:function(n,o){if(this.components||(this.components={}),!this.components[n]){var e=function(){};this.components[n]=o.call(e)}},getComponent:function(n){return this.components&amp;amp;&amp;amp;this.components[n]?this.components[n]:!1},ajaxJSONP:function(n){var o,e,i=this,t=!1,a=n.timeout||2e3,r=n.url||&quot;&quot;,s=n.data||{},c=n.success||null,d=n.error||null,l=[],w=&quot;ecomJSONP&quot;+ ++window.ecom.wise.jsonpId,u=null,m=function(){window[w]=null};for(var p in s)s.hasOwnProperty(p)&amp;amp;&amp;amp;l.push(encodeURIComponent(p)+&quot;=&quot;+encodeURIComponent(s[p]));l.push(&quot;callback=&quot;+w),r=(r+&quot;&amp;amp;&quot;+l.join(&quot;&amp;amp;&quot;)).replace(/[&amp;amp;?]{1,2}/,&quot;?&quot;),window[w]=function(){u=arguments};var h=function(){clearTimeout(o),d instanceof Function&amp;amp;&amp;amp;!t&amp;amp;&amp;amp;(t=!0,d()),i.deleteNode(e)},f=function(){clearTimeout(o),c instanceof Function&amp;amp;&amp;amp;c.apply(c,u),i.deleteNode(e)},e=i.createScript(r,h,f),o=setTimeout(function(){d instanceof Function&amp;amp;&amp;amp;!t&amp;amp;&amp;amp;(t=!0,d()),h=null,m()},a)}}}();window.ecom.wise.global.run(function(){window.ecom.wise.Ck=function(){function n(n){return C=document.body,x=0,b=0,y=0,S=0,O=0,M=0,Y=0,q=0,B=0,N=0,_=&quot;none&quot;,T=0,X=0,j=&quot;none&quot;,D=0,H=0,K=0,U=0,z=0,F=0,W=n,e(),{addCkOnUrl:m,clearCount:g,addAdsCk:k}}function e(){C.addEventListener(&quot;touchstart&quot;,r,!0),C.addEventListener(&quot;touchend&quot;,o,!0),C.addEventListener(&quot;touchmove&quot;,i,!0),C.addEventListener(&quot;click&quot;,u,!0),window.addEventListener(&quot;scroll&quot;,c,!0),window.B&amp;amp;&amp;amp;window.B.one&amp;amp;&amp;amp;window.B.one(&quot;destroy&quot;,function(){t()})}function t(){C.removeEventListener(&quot;touchstart&quot;,r,!0),C.removeEventListener(&quot;touchend&quot;,o,!0),C.removeEventListener(&quot;touchmove&quot;,i,!0),C.removeEventListener(&quot;click&quot;,u,!0),window.removeEventListener(&quot;scroll&quot;,c,!0)}function r(n){var e=n.touches.item(0);S=parseInt(e.pageX,10),O=parseInt(e.pageY,10),a(),x=l(n),d(n)}function o(n){b=l(n),y=b&amp;gt;x?Math.round(b-x):0,d(n)}function i(n){c(n)}function c(n){I||(I=!0,Y=window.scrollY);var e=window.scrollY,t=Math.abs(e-M),r=s(M,e)||_,o=l(n);f(t,r)&amp;amp;&amp;amp;(o&amp;gt;B&amp;amp;&amp;amp;(B=o),&quot;none&quot;===j&amp;amp;&amp;amp;(j=_,q=o),j!==_&amp;amp;&amp;amp;(w(),q=o,j=_)),M=e}function u(n){D=l(n),H=n.pageX,K=n.pageY,d(n)}function d(n){var e=h(n.target,W);e&amp;amp;&amp;amp;(z=e.offsetWidth,F=e.offsetHeight)}function a(){I&amp;amp;&amp;amp;&quot;none&quot;!==j&amp;amp;&amp;amp;(w(),X=0,I=!1,_=&quot;none&quot;)}function f(n,e){return&quot;none&quot;===_&amp;amp;&amp;amp;(_=e),e!==_?(_=e,X=0):X+=n,X&amp;gt;G}function s(n,e){return e&amp;gt;n?&quot;up&quot;:n&amp;gt;e?&quot;down&quot;:!1}function w(){T++,N+=Math.round(B-q),j=&quot;none&quot;}function l(n){if(0!==n.timeStamp)return n.timeStamp;var e=new Date;return e.getTime()}function v(n,e){for(var t=0,r=n.length;r&amp;gt;t;t++)if(n[t]===e)return!0;return!1}function h(n,e){for(var t=document.querySelectorAll(e),r=n.parentNode;r&amp;amp;&amp;amp;!v(t,r);)r=r.parentNode;return r}function m(n,e,t){var r=E(n,e,t),o=/&amp;amp;ck=[\w.]*/;return r===!1?n:(-1===n.indexOf(&quot;&amp;amp;ck=&quot;)?n+=&quot;&amp;amp;ck=&quot;+r:n=n.replace(o,&quot;&amp;amp;ck=&quot;+r),n)}function g(){T=0,N=0}function k(n,e){for(var t,r=n.length-1;r&amp;gt;=0;r--){t=n[r].querySelectorAll(&quot;a&quot;);for(var o=t.length-1;o&amp;gt;=0;o--){var i=t[o];&quot;A&quot;===i.tagName&amp;amp;&amp;amp;&quot;&quot;!==i.href&amp;amp;&amp;amp;-1!==i.href.indexOf(&quot;baidu&quot;)&amp;amp;&amp;amp;(p(i,e,1),i.addEventListener(&quot;touchend&quot;,function(){D=0,H=0,K=0,p(this,e)},!0),i.addEventListener(&quot;click&quot;,function(){p(this,e),g()},!0))}}}function p(n,e,t){n.href=m(n.href,e,t)}function E(n,e,t){if(&quot;string&quot;!=typeof n)return!1;if(-1===n.indexOf(&quot;baidu.php?url=&quot;)&amp;amp;&amp;amp;-1===n.indexOf(&quot;link?url=&quot;))return!1;if(1===t)return&quot;0.0.0.0.0.0.0.0.0.0.0&quot;;var r;if(r=L(n,e,y,S),r===!1)return!1;U=0,D&amp;gt;0&amp;amp;&amp;amp;D&amp;gt;b&amp;amp;&amp;amp;(U=Math.round(D-b));var o=[r,y,S,O,z,F,T,N,U,H,K].join(&quot;.&quot;);return o}function L(n,e,t,r){var o,i=/\?url\=([^\.]+)\./,c=/link\?url\=([^\&amp;amp;]+)/,u=0;if(o=c.exec(n)||i.exec(n)){var d=t*e%99+9,a=o[1].length;c.exec(n)&amp;amp;&amp;amp;(a=o[1].length&amp;lt;20?o[1].length:20);for(var f=0;d&amp;gt;f;++f)u+=o[1].charCodeAt(r*f%a);return u}return!1}var A,C,x,b,y,S,O,I,M,Y,q,B,N,_,T,X,j,D,H,K,U,W,z,F,G=10;return{getInstance:function(e){return A||(A=n(e)),A}}}},!1),window.ecom.wise.ck=window.ecom.wise.Ck().getInstance(&quot;.ec_resitem&quot;),window.ecom.wise.global.addAdsCK=window.ecom.wise.ck.addAdsCk,window.ecom.wise.ck.addAdsCk(document.querySelectorAll(&quot;.ec_wise_ad&quot;),window.ecom.wise.imTimeSign);window.ecom.wise.global.run(function(){window.B&amp;amp;&amp;amp;window.B.one&amp;amp;&amp;amp;window.B.one(&quot;destroy&quot;,function(){window.ecom.wise&amp;amp;&amp;amp;(window.ecom.wise.mts=null,window.ecom.wise.runOnceList={},window.ecom.wise.global.components={})})});window.ecom.wise.global.run(function(e){for(var i=document.querySelectorAll(&quot;.ec_wise_ad a&quot;),s=i.length-1;s&amp;gt;=0;s--)i[s].addEventListener(&quot;click&quot;,function(){&quot;A&quot;===this.tagName&amp;amp;&amp;amp;&quot;&quot;!==this.href&amp;amp;&amp;amp;-1!==this.href.indexOf(&quot;baidu&quot;)&amp;amp;&amp;amp;(this.href=window.ecom.wise.global.addParamsToUrl(this.href,window.imTimeSignAsyn));var i=e(this).closest(&quot;.ec_resitem&quot;);if(!i||1===i.data(&quot;is-clone&quot;)){var s=&quot;&amp;amp;isClone=1&quot;,n=this.href;-1===n.indexOf(&quot;&amp;amp;isClone=&quot;)?n+=s:n=n.replace(/&amp;amp;isClone=\d/,s),this.href=n}})},!1);window.ecom.wise.global.run(function(e,i){function o(){var w=e(i).width(),c=e(i).height();if(10&amp;gt;w||20&amp;gt;c)return!n&amp;amp;&amp;amp;i.ecom.wise.global.fclick(&quot;ecom_msa_tmp_2&quot;,&quot;OTHER&quot;,{width:w,height:c}),n=!0,setTimeout(o,1e3),&quot;bad width or height&quot;;clearTimeout(t);var r=[w,c].join(&quot;_&quot;);i.B&amp;amp;&amp;amp;i.B.cookie&amp;amp;&amp;amp;i.B.cookie(&quot;MSA_WH&quot;,r,{path:&quot;/&quot;,expires:31536e6})}var t,n=!1;window.B&amp;amp;&amp;amp;window.B.one&amp;amp;&amp;amp;window.B.one(&quot;destroy&quot;,function(){clearTimeout(t)}),o()});!function(e,t){var n=e.ecom.wise||{},r=&quot;https://sp0.baidu.com/-rU_dTmfKgQFm2e88IuM_a/w.gif?&quot;;n.request=function(t,n){var i=n||{};i.tag=t;var s=[],o=e.ecom.wise.PARAMS;for(var a in o)s.push(encodeURIComponent(a)+&quot;=&quot;+encodeURIComponent(o[a]));for(var a in i)s.push(encodeURIComponent(a)+&quot;=&quot;+encodeURIComponent(i[a]));this.log(r+s.join(&quot;&amp;amp;&quot;))},n.log=function(e){try{n.global.request(e)}catch(t){n.global.handleError(t)}},n.getBodyScrollTop=function(){return $(e).scrollTop()},n.getPatternClass=function(e){return new RegExp(&quot;(^|\\s)&quot;+e+&quot;(\\s|$)&quot;)},n.getElementsByClassName=function(e,n){if(elem=n||t,elem.getElementsByClassName)return elem.getElementsByClassName(e);var r=[],i=elem.getElementsByTagName(&quot;*&quot;);for(var s in i)this.getPatternClass(e).test(i[s].className)&amp;amp;&amp;amp;r.push(i[s]);return r},n.getChildrenNode=function(e,t){for(var n=[],r=0;r&amp;lt;e.length;r++)if(e[r]){var i=e[r].getElementsByTagName(&quot;*&quot;);for(var s in i)if(this.getPatternClass(t).test(i[s].className)){n.push(e[r]);break}}return n},n.computerObj=function(e,t){var n={};for(var r in e)n[r]=e[r];for(var r in t)n[r]=t[r];return n},n.addEvent=function(e,t,n,r){e.addEventListener?e.addEventListener(t,n,r):e.attachEvent?e.attachEvent(&quot;on&quot;+t,n):e[&quot;on&quot;+t]=n},n.trim=function(e){e=e.replace(/^(\s|\u00A0)+/,&quot;&quot;);for(var t=e.length-1;t&amp;gt;=0;t--)if(/\S/.test(e.charAt(t))){e=e.substring(0,t+1);break}return e},n.isEmptyAds=function(e){if(!e)return null;var t=e.indexOf(&quot;ppads=&quot;),n=e.indexOf(&quot;imads=&quot;);return-1==t||-1==n?null:0==e.substr(t+6,1)&amp;amp;&amp;amp;0==e.substr(n+6,1)},n.setCooike=function(e,t){var n=10,r=0===e.bottom?&quot;w_&quot;+e.wise+&quot;_1.00&quot;:&quot;b_&quot;+e.bottom+&quot;_1.00&quot;;document.cookie=r==t?&quot;btm=1; expires=&quot;+new Date(parseFloat((new Date).getTime())+1e3*n).toGMTString():&quot;btm=1; expires=&quot;+new Date(parseFloat((new Date).getTime())-1).toGMTString()},n.setCooikeRefresh=function(t){var n=t.split(&quot;_&quot;),r=n[0],i=n[1];return(&quot;t&quot;===r||&quot;w_1_0.00&quot;===t)&amp;amp;&amp;amp;(i=0),&quot;b&quot;===r&amp;amp;&amp;amp;(i=10),&quot;m&quot;===r?&quot;mid ads do not update wpr&quot;:void(e.B&amp;amp;&amp;amp;e.B.cookie(&quot;wpr&quot;,i,{expires:864e5}))},n.getItemTitle=function(e){if(!e)return&quot;&quot;;var t=e.innerText,n=t.indexOf(&quot;\n&quot;),r=t.substr(0,n);return encodeURIComponent(r)},n.getFTitle=function(e,t,r){var i=n.getItemTitle(e),s=n.getItemTitle(n.wiseItem[r]);return ecom.wise.his_title_ftitle=n.trim(i),ecom.wise.his_title_stitle=n.trim(s),ecom.wise.his_title_ftime=t,&quot;&amp;amp;ftitle=&quot;+n.trim(i)+&quot;&amp;amp;ftime=&quot;+t+&quot;&amp;amp;stitle=&quot;+n.trim(s)+&quot;&amp;amp;furl=&quot;+n.getWiseUrl($(&quot;.result&quot;))},n.getScrollTitle=function(e,t){var r=e.split(&quot;:&quot;)[0],i=r.split(&quot;_&quot;),s=i[0];if(&quot;t&quot;===s)return n.getFTitle(n.wiseItem[1],t,2);var o=parseInt(i[1],10);return 0===parseFloat(i[2])&amp;amp;&amp;amp;o--,o=o&amp;gt;9?9:o,n.getFTitle(n.wiseItem[o],t,9===o?8:o+1)},n.TransferString=function(e){var t=e;try{t=t.replace(/\r\n/g,&quot;&quot;),t=t.replace(/\n/g,&quot;&quot;)}catch(n){}return t.substring(0,16)},n.parseObj=function(e){var t;try{t=new Function(&quot;return (&quot;+e+&quot;)&quot;)()}catch(n){t=null}return t},n.ifAdsEquals=function(e,t){if(e.length!==t.length)return!1;for(var r=[],i=[],s=0;s&amp;lt;e.length;s++)r.push(n.TransferString(e[s].innerText)),i.push(n.TransferString(t[s].innerText));return r.sort().toString()==i.sort().toString()},n.getWiseUrl=function(e){for(var t=&quot;&quot;,r=0;r&amp;lt;e.length;r++){var i=n.getItemUrl(e[r]);&quot;&quot;!==i&amp;amp;&amp;amp;(t+=&quot;:&quot;+i)}return ecom.wise.his_title_furl=t.substr(1),encodeURIComponent(t.substr(1))},n.getItemUrl=function(e){var t=e.innerText.split(&quot;\n&quot;),r=t[t.length-1];return 1===t.length?&quot;&quot;:(r.split(&quot;.&quot;).length&amp;lt;3&amp;amp;&amp;amp;(r=t[t.length-2]),r.split(&quot;.&quot;).length&amp;gt;=3&amp;amp;&amp;amp;-1===r.indexOf(&quot;baidu.com&quot;)?(r=encodeURIComponent(r).replace(/%C2%A0/gi,&quot;%20&quot;),n.trim(r.split(&quot;%20&quot;)[0].replace(/\d+k/g,&quot;&quot;).split(&quot;-&quot;)[0])):&quot;&quot;)}}(window,document);!function(o){var n=o.ecom.wise||{},e=&quot;https://sp0.baidu.com/-rU_dTmfKgQFm2e88IuM_a/w.gif?&quot;;n.request=function(n,i){var t,c=[],s=o.ecom.wise.PARAMS,d={eid:!0,ovlid:!0};&quot;ecom_wise_listen_n&quot;===n&amp;amp;&amp;amp;&quot;init&quot;===i.action&amp;amp;&amp;amp;(d={}),i=i||{},i.tag=n;for(t in s)s.hasOwnProperty(t)&amp;amp;&amp;amp;!d[t]&amp;amp;&amp;amp;c.push(encodeURIComponent(t)+&quot;=&quot;+encodeURIComponent(s[t]));for(t in i)i.hasOwnProperty(t)&amp;amp;&amp;amp;c.push(encodeURIComponent(t)+&quot;=&quot;+encodeURIComponent(i[t]));this.log(e+c.join(&quot;&amp;amp;&quot;))}}(window,document);window.B&amp;amp;&amp;amp;window.B.init&amp;amp;&amp;amp;window.B.init(function(){if(window.B.utils&amp;amp;&amp;amp;window.B.utils.pageToTop){var o=new window.B.utils.pageToTop({attrs:[{event:&quot;unload&quot;,condition:null},{event:&quot;load&quot;,condition:function(){return!($(&quot;.result&quot;).length&amp;gt;0&amp;amp;&amp;amp;$(window).scrollTop()&amp;lt;$(&quot;.result&quot;).offset().top)}}]});$(&quot;.result a&quot;).click(function(){$(window).scrollTop()&amp;gt;$(&quot;.result&quot;).offset().top&amp;amp;&amp;amp;o.set(&quot;unload&quot;,!0)})}});var E=window.E||{};if(window.B&amp;amp;&amp;amp;(&quot;amd&quot;in E||(E.amd={keys:B.amd.keys,addPaths:function(e){if(&quot;object&quot;==typeof e){for(var i in e){if(B.amd.exist(i))return void delete e[i];e[i]=&quot;../static/ecom&quot;+e[i]}B.amd.addPaths(e)}}}),E.amd.addPaths({&quot;ec/baseview&quot;:&quot;/js/view/baseview_5e7380b&quot;,&quot;activity/iframe/iframe&quot;:&quot;/js/activity/iframe/iframe_5df6e05&quot;,&quot;activity/gelunbu/ershoufang&quot;:&quot;/js/activity/gelunbu/ershoufang_ad7559f&quot;,&quot;wise/grid_search/ticket_search/crypto&quot;:&quot;/js/wise/grid_search/ticket_search/crypto.min_1924384&quot;,&quot;wise/grid_search/ticket_search/guohang&quot;:&quot;/js/wise/grid_search/ticket_search/ticket_search_guohang_list_e5ecf7c&quot;,&quot;wise/grid_search/ticket_search/xiecheng&quot;:&quot;/js/wise/grid_search/ticket_search/ticket_search_xiecheng_list_003c700&quot;,&quot;wise/grid_search/city/city_list&quot;:&quot;/js/wise/grid_search/city/city_list_e9764bb&quot;})),page&amp;amp;&amp;amp;page.amd&amp;amp;&amp;amp;page.amd.addPaths){var addPaths=function(e){if(&quot;object&quot;==typeof e){for(var i in e)page.amd.exist(i)?delete e[i]:e[i]=&quot;../static/ecom&quot;+e[i];page.amd.addPaths(e)}};addPaths({&quot;ec/ecomSf&quot;:&quot;/js/wise/home/ecomSf_a926000&quot;,&quot;ec/commonAdsFetcher&quot;:&quot;/js/wise/home/commonAdsFetcher_2707d4c&quot;})}!function(e){var t=e.ecom||{},n=e.ecom.wise||{},a=&quot;.results&quot;,r=!1,s=null,i=t.wise.asyn_ads_url,o=-1!==i.indexOf(&quot;{&quot;)&amp;amp;&amp;amp;-1!==i.indexOf(&quot;}&quot;),d=0,l=&quot;&quot;,c=function(){n.doClone&amp;amp;&amp;amp;n.doClone()};n.getAysnAds=function(a,s,u,p){if(s&amp;gt;d&amp;amp;&amp;amp;(d=s,l=n.getScrollTitle(a,s)),r||!p||n.getBodyScrollTop()&amp;lt;=u)return void c();if(i+=l,r=!0,o){var f=n.parseObj(t.wise.asyn_ads_url);return f.cb=n.dealResultNew,void(e.B&amp;amp;&amp;amp;e.B.asyn&amp;amp;&amp;amp;e.B.asyn(f))}$.ajax({url:i+&quot;&amp;amp;r=&quot;+(new Date).getTime().toString().slice(-5,-1),dataType:&quot;json&quot;,timeout:1e4,success:function(e){n.dealResult(e)},error:function(){n.request(&quot;ecom_wise_aysn_ads&quot;,{action:&quot;xmlHTTPError&quot;})}})},n.dealResultNew=function(e){for(var t=e.ads.list,a=null,r=0;r&amp;lt;t.length;r++)2===parseInt(t[r].id,10)&amp;amp;&amp;amp;(a=t[r].html);a&amp;amp;&amp;amp;(n.repaint(a,e.ads.global.js,e.ads.global.css),n.setSearchItem(),c(),n.replaceErs(e.rs),n.showInfoTip())},n.dealResult=function(e){return s=e,0!==s.err_no?void n.request(&quot;ecom_wise_aysn_ads&quot;,{action:&quot;xmlHTTPExp&quot;,errcode:s.err_no}):(n.repaint(s.data.ad_data,s.data.ad_js,s.data.ad_css),n.setSearchItem(),c(),void(s.data&amp;amp;&amp;amp;s.data.ad_data&amp;amp;&amp;amp;n.showInfoTip()))},n.showInfoTip=function(){e.B&amp;amp;&amp;amp;e.B.adHintShow&amp;amp;&amp;amp;e.B.adHintShow()},n.replaceErs=function(t){return t&amp;amp;&amp;amp;t.brs&amp;amp;&amp;amp;t.brs.list&amp;amp;&amp;amp;$.isArray(t.brs.list)?void(e.B.rcmd&amp;amp;&amp;amp;e.B.rcmd&amp;amp;&amp;amp;e.B.rcmd.rs&amp;amp;&amp;amp;e.B.rcmd.rs.update(t.brs.list,function(){},function(){})):&quot;&quot;},n.repaint=function(e,t,n){var r=$(0===$(&quot;#rest_10&quot;).length?a:&quot;#rest_10&quot;),s=document.createElement(&quot;div&quot;),i=&quot;&quot;;n&amp;amp;&amp;amp;(i=&#039;&amp;lt;style type=&quot;text/css&quot;&amp;gt;&#039;+n+&quot;&amp;lt;/style&amp;gt;&quot;),e&amp;amp;&amp;amp;(i+=e),s.innerHTML=i,r.append(s);var o=document.createElement(&quot;script&quot;);o.type=&quot;text/javascript&quot;,o.innerHTML=t,s.appendChild(o)}}(window,document);!function(t,n,i){i.util=i.util||{};var e=i.util;e.exist=function(t,n){if(&quot;string&quot;!=typeof t)return!1;for(var i=t.split(&quot;.&quot;),e=window,o=0,r=i.length;r&amp;gt;o;o++)if(e=e[i[o]],!e)return!1;return&quot;function&quot;==typeof n&amp;amp;&amp;amp;n(e),!0},e.wait=function(t,n){var i,e=this,o=10,r=1e3;i=setInterval(function(){return e.exist(t)?(clearInterval(i),void e.exist(t,n)):0&amp;gt;=o?void clearInterval(i):void o--},r)},e.runSafety=function(t,n){try{&quot;function&quot;==typeof t&amp;amp;&amp;amp;t()}catch(i){&quot;function&quot;==typeof n&amp;amp;&amp;amp;n(i)}}}(window,document,window.ecom||{});!function(e){var o=e.ecom.wise||{};o.setCooikeRefresh=function(o){var i=o.split(&quot;_&quot;),t=i[0],n=i[1];return(&quot;t&quot;===t||&quot;w_1_0.00&quot;===o)&amp;amp;&amp;amp;(n=0),&quot;b&quot;===t&amp;amp;&amp;amp;(n=10),&quot;m&quot;===t?&quot;mid ads do not update wpr&quot;:void e.ecom.util.wait(&quot;B.cookie&quot;,function(e){e(&quot;wpr&quot;,n,{expires:864e5})})}}(window,document);!function(win,doc,ecom,B){function init(){wise.setSearchItem(),wise.topAds=initItem.top,wise.delayInit()}var wise=ecom.wise||{},EC_ITEM=&quot;ec_resitem&quot;,WISE_ITEM=&quot;result&quot;,EC_AD=&quot;ec_wise_ad&quot;,isAsyn=!0,hasScroll=!1,initScrollTop=0,url=ecom.wise.asyn_ads_url,rsPos=0,w4Pos=0,w10Pos=0,w10Hit=0,hasRs=!1,wpos=1===parseInt(ecom.wise.PARAMS.osid,10)?1:4,ResItem=function(){this.isAD=!1,this.top=0,this.bottom=0,this.height=0,this.index=0,this.isTop=!0,this.title=&quot;&quot;,this.sourceId=&quot;&quot;,this.position=&quot;&quot;},InitItemfun=function(){this.adt=0,this.adb=0,this.wst=0,this.top=0,this.wise=0,this.middle=0,this.bottom=0,this.adpos=&quot;&quot;,this.pbt=-1,this.yxh=-1,this.zoom=0,this.validHeight=0,this.initViewZone=&quot;&quot;,this.adsHeight=&quot;&quot;,this.availHeight=screen.availHeight,this.availWidth=screen.availWidth,this.winHeight=$(win).height(),this.winWidth=$(win).width(),this.action=&quot;init&quot;,this.model=&quot;&quot;,this.monitor=&quot;&quot;},ScrollItemfun=function(){this.startHeight=0,this.startTime=0,this.endHeight=0,this.endTime=0,this.scrollTime=0,this.scrollLen=0,this.scrollInter=0,this.scrolldirect=0,this.stayTime=0,this.startViewZone=&quot;&quot;,this.endViewZone=&quot;&quot;,this.adpos=&quot;&quot;,this.touchStart=&quot;&quot;,this.touchEnd=&quot;&quot;,this.action=&quot;scroll&quot;,this.model=&quot;&quot;,this.monitor=&quot;&quot;},adsArray=[],initItem=new InitItemfun,scrollItem=new ScrollItemfun,topAdsNum=1,midAdsNum=1,wiseNum=1,btmAdsNum=1;wise.getSearchHeight=function(){var t=$(&quot;#page-bd&quot;);return t.length&amp;gt;0&amp;amp;&amp;amp;t.offset().top||0},wise.getYouXuanHeight=function(){var t=$(&quot;.ec_youxuan_card&quot;);return t.length&amp;gt;0&amp;amp;&amp;amp;t.height()||0},wise.getIsZoom=function(){var t=$(&quot;.result .c-title&quot;);return t.length&amp;gt;0&amp;amp;&amp;amp;t.css(&quot;font-size&quot;)&amp;amp;&amp;amp;parseInt(t.css(&quot;font-size&quot;),10)/18||0},wise.getModel=function(){function updateViewTime(){var t=adsArray.length,e=wise.getBodyScrollTop(),i=e+$(win).height();if(scrollInfo.stayTime&amp;gt;3e4){var s={};s[scrollInfo.scrollInter+&quot;_stay&quot;]=scrollInfo.stayTime,extPattern.push(s),scrollInfo.stayTime=250}for(var o=0;t&amp;gt;o;o++){var r=adsArray[o],n=r.position+&quot;&quot;+r.index,a=ads[n];a||(a=ads[n]={},a.viewTime=0),i-r.top&amp;gt;=40&amp;amp;&amp;amp;r.top+r.height-e&amp;gt;=40?(a.scrollIn=!0,a.viewTime+=r.top&amp;gt;=e&amp;amp;&amp;amp;r.top+r.height&amp;lt;=i?scrollInfo.scrollTime+scrollInfo.stayTime:scrollInfo.scrollTime):a.scrollIn&amp;amp;&amp;amp;(a.scrollIn=!1,a.viewTime+=scrollInfo.scrollTime+scrollInfo.stayTime)}}function getViewTime(){var t=[];for(var e in ads)ads.hasOwnProperty(e)&amp;amp;&amp;amp;t.push(e+&quot;:&quot;+ads[e].viewTime);return t.join(&quot;#&quot;)}function handleClick(t){var e=$(this),i=$(t.target);&quot;A&quot;!==t.target.tagName&amp;amp;&amp;amp;(i=$(t.target).parents(&quot;a&quot;)),0!==i.length&amp;amp;&amp;amp;&quot;&quot;!==i.attr(&quot;href&quot;)&amp;amp;&amp;amp;0!==i.attr(&quot;href&quot;).indexOf(&quot;javascript&quot;)&amp;amp;&amp;amp;setMonitorInfo(e,i)}function setMonitorInfo(elem,elemA){var href;if(elem.hasClass(&quot;.ec_resitem&quot;))direction.push(2);else{direction.push(3);var logData=elem.data(&quot;log&quot;);ecom.util.runSafety(function(){if(logData){var data=eval(&quot;(&quot;+logData+&quot;)&quot;);href=data.mu?data.mu:href}})}var data={info:elem.data(&quot;ecom-log-info&quot;),url:href||elemA.attr(&quot;href&quot;),t:(new Date).getTime()};localStorage.setItem(&quot;ecom_scroll_monitor&quot;,JSON.stringify(data))}function init(t){adsArray=$.extend([],t.adsArray),scrollInfo=$.extend({},t.scrollInfo);var e=localStorage.getItem(&quot;ecom_scroll_monitor&quot;);if(e&amp;amp;&amp;amp;null===history.state){var i=(new Date).getTime();direction.push(4),ecom.util.runSafety(function(){var s=JSON.parse(e);if(!s)return s;var o={i:s.info,ct:s.t,bt:i,t:i-s.t,u:s.info&amp;amp;&amp;amp;(&quot;w&quot;===s.info.split(&quot;_&quot;)[0]?s.url:&quot;&quot;)};t.initItem?t.initItem.monitor=JSON.stringify(o):t.scrollInfo.monitor=JSON.stringify(o),localStorage.removeItem(&quot;ecom_scroll_monitor&quot;)})}return scrollInfo.scrolldirect&amp;amp;&amp;amp;direction.push(&quot;T&quot;===scrollInfo.scrolldirect?0:1),updateViewTime(),JSON.stringify({vt:getViewTime(),pt:direction.join(&quot;&quot;),ext:extPattern,vsh:$(win).height()-wise.getSearchHeight(),asid:wise.PARAMS.asynsid||&quot;&quot;,rd:unique})}var unique=(new Date).getTime(),ads={},direction=[],extPattern=[],scrollInfo,adsArray=[];return $(&quot;.ec_resitem&quot;).live(&quot;click&quot;,handleClick),$(&quot;.result&quot;).live(&quot;click&quot;,handleClick),init}(),wise.getImItem=function(t,e,i,s){var o=t.length;switch(s){case&quot;t&quot;:initItem.top+=o;break;case&quot;w&quot;:initItem.wise+=o;break;case&quot;b&quot;:initItem.bottom+=o;break;case&quot;m&quot;:initItem.middle+=o}for(var r=[],n=0;o&amp;gt;n;n++){var a=new ResItem,l=$(t[n]);a.$elem=l;var m=l.offset();a.isAD=e,a.position=s,a.top=parseInt(m.top,10),a.height=parseInt(m.height,10);var c=l.parent(&quot;.ec_ad_results&quot;).attr(&quot;sourceid&quot;);if(e&amp;amp;&amp;amp;(a.sourceId=c?c:&quot;0&quot;),0!==a.height){switch(a.bottom=a.top+a.height,&quot;w&quot;===s&amp;amp;&amp;amp;0===n&amp;amp;&amp;amp;(rsPos=a.top),&quot;w&quot;===s&amp;amp;&amp;amp;window.B&amp;amp;&amp;amp;B.comm&amp;amp;&amp;amp;B.comm.onlyshow&amp;amp;&amp;amp;1===n&amp;amp;&amp;amp;(rsPos=a.top),&quot;w&quot;===s&amp;amp;&amp;amp;n===wpos&amp;amp;&amp;amp;(w4Pos=a.top),&quot;w&quot;===s&amp;amp;&amp;amp;a.top&amp;gt;w10Pos&amp;amp;&amp;amp;(w10Pos=a.top,w10Hit=a.height-20),s){case&quot;t&quot;:a.index=topAdsNum++;break;case&quot;w&quot;:a.index=wiseNum++;break;case&quot;b&quot;:a.index=btmAdsNum++;break;case&quot;m&quot;:a.index=midAdsNum++;break;case&quot;p&quot;:a.index=1}a.isTop=i,r.push(a)}else switch(s){case&quot;t&quot;:initItem.top--;break;case&quot;w&quot;:initItem.wise--;break;case&quot;b&quot;:initItem.bottom--;break;case&quot;m&quot;:initItem.middle--}}return r},wise.setAdsHeight=function(){for(var t=adsArray.length,e=0;t&amp;gt;e;e++){var i=adsArray[e];initItem.adsHeight+=&quot;_&quot;+i.position,initItem.adsHeight+=i.index+&quot;:&quot;+i.height,i.sourceId&amp;amp;&amp;amp;(initItem.adsHeight+=&quot;|&quot;+i.sourceId);var s=[i.position,i.index,i.sourceId].join(&quot;_&quot;);i.$elem.data(&quot;ecom-log-info&quot;,s)}},wise.setSearchItem=function(){adsArray=[],initItem=new InitItemfun,topAdsNum=1,wiseNum=1,btmAdsNum=1,midAdsNum=1,wise.wiseItem=this.getElementsByClassName(WISE_ITEM),wise.wiseItem=Array.prototype.slice.call(wise.wiseItem);var t=this.getImItem(wise.wiseItem.slice(0,10),!1,!0,&quot;w&quot;);if(wise.wiseItem.length&amp;gt;0){var e=$(wise.wiseItem[0]).offset().top;initItem.wst=e&amp;gt;0?e:0}var i=this.getElementsByClassName(EC_AD),s=this.getChildrenNode(i,EC_ITEM),o=$(s[0]).offset(),r=[];0!==s.length&amp;amp;&amp;amp;(initItem.adt=parseInt(o.top,10),initItem.adb=parseInt(o.top,10)+parseInt(o.height,10));for(var n=0;n&amp;lt;s.length;n++){var a=$(s[n]).offset();parseInt(a.top,10)&amp;lt;rsPos&amp;amp;&amp;amp;parseInt(a.height,10)&amp;gt;0&amp;amp;&amp;amp;(r=this.getImItem(this.getElementsByClassName(EC_ITEM,s[n]),!0,!0,&quot;t&quot;),adsArray=adsArray.concat(r),initItem.adb=parseInt(a.top,10)+parseInt(a.height,10))}for(adsArray=adsArray.concat(t),n=0;n&amp;lt;s.length;n++){parseInt($(s[n]).offset().top,10)&amp;gt;w10Pos&amp;amp;&amp;amp;parseInt($(s[n]).offset().height,10)&amp;gt;0&amp;amp;&amp;amp;(r=this.getImItem(this.getElementsByClassName(EC_ITEM,s[n]),!0,!1,&quot;b&quot;),adsArray=adsArray.concat(r));var l=$(s[n]).offset();parseInt(l.top,10)&amp;gt;rsPos&amp;amp;&amp;amp;parseInt(l.top,10)&amp;lt;w10Pos&amp;amp;&amp;amp;parseInt(l.height,10)&amp;gt;0&amp;amp;&amp;amp;(r=this.getImItem(this.getElementsByClassName(EC_ITEM,s[n]),!0,!1,&quot;m&quot;),adsArray=adsArray.concat(r))}var m=$(&quot;.ec_wise_ad .ec_brandAd&quot;);m.length&amp;gt;0&amp;amp;&amp;amp;(r=this.getImItem(m,!1,!0,&quot;p&quot;),adsArray=adsArray.concat(r)),adsArray=adsArray.concat(this.getImItem(wise.wiseItem.slice(10),!1,!1,&quot;w&quot;)),adsArray.sort(function(t,e){return t.top-e.top}),this.setAdsHeight(),wise.initItem=initItem},wise.calViewZone=function(t,e){var i=adsArray.length;if(0&amp;gt;=i)return&quot;w_0_0.00:w_0_0.00&quot;;for(var s=i-1,o=s,r=0;i&amp;gt;r;r++)if(t&amp;lt;adsArray[r].top){o=0===r?0:r-1;break}var n=t-adsArray[o].top;n=0&amp;gt;n?0:n;var a=(n/adsArray[o].height).toFixed(2);isNaN(a)&amp;amp;&amp;amp;(a=&quot;0.00&quot;),a=a&amp;gt;1?&quot;1.00&quot;:a;for(var l=adsArray[o].position+&quot;_&quot;+adsArray[o].index+&quot;_&quot;+a;i&amp;gt;r;r++)if(e&amp;lt;adsArray[r].top){s=0&amp;gt;r-1?0:r-1;break}n=e-adsArray[s].top,n=0&amp;gt;n?0:n,a=(n/adsArray[s].height).toFixed(2),a=a&amp;gt;1?&quot;1.00&quot;:a;var m=adsArray[s].position+&quot;_&quot;+adsArray[s].index+&quot;_&quot;+a;return l+&quot;:&quot;+m},wise.moveScroll=function(){hasScroll||(hasScroll=!0,scrollItem.startHeight=scrollItem.endHeight,scrollItem.startTime=(new Date).getTime(),scrollItem.stayTime=scrollItem.startTime-scrollItem.endTime,scrollItem.startViewZone=scrollItem.endViewZone),null!=wise.isEmptyAds(decodeURIComponent(url))&amp;amp;&amp;amp;isAsyn&amp;amp;&amp;amp;Math.abs(wise.getBodyScrollTop()-initScrollTop)&amp;gt;10&amp;amp;&amp;amp;wise.getAysnAds(scrollItem.startViewZone,scrollItem.stayTime,w4Pos,0===initItem.bottom),ecom.wise.rscontent&amp;amp;&amp;amp;!hasRs&amp;amp;&amp;amp;(hasRs=!0,B.rcmd&amp;amp;&amp;amp;B.rcmd.toprq&amp;amp;&amp;amp;B.rcmd.toprq.update&amp;amp;&amp;amp;B.rcmd.toprq.update({word:ecom.wise.rscontent.substr(1).split(&quot;_&quot;),from:&quot;ecom&quot;})),clearTimeout(wise.scrollId),wise.scrollId=setTimeout(function(){scrollItem.endHeight=$(win).height()+wise.getBodyScrollTop(),scrollItem.endTime=(new Date).getTime(),scrollItem.scrollInter+=1,scrollItem.scrollTime=scrollItem.endTime-scrollItem.startTime,scrollItem.scrollLen=scrollItem.endHeight-scrollItem.startHeight,scrollItem.scrolldirect=scrollItem.scrollLen&amp;gt;=0?&quot;B&quot;:&quot;T&quot;,scrollItem.endViewZone=wise.calViewZone(wise.getBodyScrollTop(),scrollItem.endHeight),wise.setAdPos(scrollItem.endViewZone),scrollItem.model=wise.getModel({adsArray:adsArray,scrollInfo:scrollItem}),wise.request(&quot;ecom_wise_listen_n&quot;,wise.computerObj(scrollItem,{top:initItem.top,wise:initItem.wise,middle:initItem.middle,bottom:initItem.bottom})),wise.setCooike(initItem,scrollItem.endViewZone.split(&quot;:&quot;)[1]),wise.setCooikeRefresh(scrollItem.endViewZone.split(&quot;:&quot;)[0]),hasScroll=!1},300)},wise.setAdPos=function(t){var e=t.split(&quot;:&quot;)[1],i=e.split(&quot;_&quot;),s=i[0],o=i[1],r=i[2];if(0===scrollItem.adpos.length)scrollItem.adpos=&quot;w&quot;===s?0===initItem.top?&quot;t_0_0.00&quot;:&quot;t_&quot;+initItem.top+&quot;_1.00&quot;:e;else{var n=scrollItem.adpos.split(&quot;_&quot;),a=n[0],l=n[1],m=n[2];if(&quot;t&quot;===a){if(&quot;m&quot;===s)return;&quot;t&quot;===s?(o&amp;gt;l||o===l&amp;amp;&amp;amp;r&amp;gt;m)&amp;amp;&amp;amp;(scrollItem.adpos=e):&quot;w&quot;===s?o&amp;gt;10?0!==initItem.bottom&amp;amp;&amp;amp;(scrollItem.adpos=&quot;t_&quot;+initItem.bottom+&quot;_1.00&quot;):scrollItem.adpos=0===initItem.top?&quot;t_0_0.00&quot;:&quot;t_&quot;+initItem.top+&quot;_1.00&quot;:scrollItem.adpos=e}else&quot;b&quot;===s?(o&amp;gt;l||o===l&amp;amp;&amp;amp;r&amp;gt;m)&amp;amp;&amp;amp;(scrollItem.adpos=e):&quot;w&quot;===s&amp;amp;&amp;amp;o&amp;gt;10&amp;amp;&amp;amp;0!==initItem.bottom&amp;amp;&amp;amp;(scrollItem.adpos=&quot;t_&quot;+initItem.bottom+&quot;_1.00&quot;)}},wise.delayInit=function(){function t(t){var e=t.touches[0];scrollItem.touchStart=Math.round(e.clientX)+&quot;_&quot;+Math.round(e.clientY)}function e(t){var e=t.changedTouches[0];scrollItem.touchEnd=Math.round(e.clientX)+&quot;_&quot;+Math.round(e.clientY)}scrollItem.startTime=scrollItem.endTime=(new Date).getTime();var i=scrollItem.startHeight=scrollItem.endHeight=$(win).height()+wise.getBodyScrollTop();if(initScrollTop=wise.getBodyScrollTop(),initItem.initViewZone=wise.calViewZone(wise.getBodyScrollTop(),i),wise.setCooikeRefresh(initItem.initViewZone.split(&quot;:&quot;)[0]),scrollItem.startViewZone=scrollItem.endViewZone=initItem.initViewZone,initItem.pbt=this.getSearchHeight(),initItem.yxh=this.getYouXuanHeight(),initItem.zoom=this.getIsZoom(),initItem.validHeight=$(win).height()-initItem.pbt,wise.adsArray=adsArray,initItem.model=this.getModel({adsArray:adsArray,scrollInfo:scrollItem,initItem:initItem}),0===initItem.top)initItem.adpos=&quot;t_0_0.00&quot;;else{var s=initItem.initViewZone.split(&quot;:&quot;)[1],o=s.substr(0,1);initItem.adpos=&quot;t&quot;===o?s:&quot;t_&quot;+initItem.top+&quot;_1.00&quot;}wise.request(&quot;ecom_wise_listen_n&quot;,initItem),window.B&amp;amp;&amp;amp;B.comm&amp;amp;&amp;amp;B.comm.onlyshow&amp;amp;&amp;amp;0===B.comm.onlyshow.indexOf(&quot;3&quot;)&amp;amp;&amp;amp;(isAsyn=!1,$(win).one(&quot;onlyshowMore&quot;,function(){wise.setSearchItem(),isAsyn=!0})),$(win).on(&quot;scroll&quot;,wise.moveScroll),$(document).on(&quot;touchstart&quot;,t),$(document).on(&quot;touchend touchcancel&quot;,e),window.B&amp;amp;&amp;amp;window.B.one&amp;amp;&amp;amp;window.B.one(&quot;destroy&quot;,function(){$(win).off(&quot;scroll&quot;,wise.moveScroll),$(document).off(&quot;touchstart&quot;,t),$(document).off(&quot;touchend touchcancel&quot;,e)})},init()}(window,document,window.ecom,window.B);window.ecom.wise.global.run(function(e,i,o,c){if(c.getSearchHeight){var t=c.getSearchHeight();i.B&amp;amp;&amp;amp;i.B.cookie&amp;amp;&amp;amp;i.B.cookie(&quot;MSA_PBT&quot;,t,{path:&quot;/&quot;,expires:2592e6})}},!0);window.ecom.wise.global.run(function(o,e,i,n){if(n.getIsZoom){var t=Math.round(1e3*n.getIsZoom());e.B&amp;amp;&amp;amp;e.B.cookie&amp;amp;&amp;amp;e.B.cookie(&quot;MSA_ZOOM&quot;,t,{path:&quot;/&quot;,expires:2592e6})}},!0);ecom.wise.global.run(function(t){var e=0,i=Array.prototype.slice;t.ecom=t.ecom||{},t.ecom.widget=function(e,i,n){var o,r,s,a={},u=e.split(&quot;.&quot;)[0];e=e.split(&quot;.&quot;)[1],r=u+&quot;-&quot;+e,n||(n=i,i=t.ecom.Widget),o=t[e]=function(t,e){return this._createWidget?void(arguments.length&amp;amp;&amp;amp;this._createWidget(t,e)):new o(t,e)},t.extend(o,{_proto:t.extend({},n),_childConstructors:[]}),s=new i,s.options=t.ecom.widget.extend({},s.options),t.each(n,function(e,n){return t.isFunction(n)?void(a[e]=function(){var t=function(){return i.prototype[e].apply(this,arguments)},o=function(t){return i.prototype[e].apply(this,t)};return function(){var e,i=this._super,r=this._superApply;return this._super=t,this._superApply=o,e=n.apply(this,arguments),this._super=i,this._superApply=r,e}}()):void(a[e]=n)}),o.prototype=t.ecom.widget.extend(s,a,{constructor:o,namespace:u,widgetName:e,widgetFullName:r}),t.ecom.widget.bridge(e,o)},t.ecom.widget.bridge=function(e,n){function o(e,i){var n=e[p],o=n&amp;amp;&amp;amp;u[n];if(void 0===i)return o||r(e);if(o){if(i in o)return o[i];var s=d(i);if(s in o)return o[s]}return c.call(t(e),i)}function r(e,i,n){var o=e[p]||(e[p]=++t.uuid),r=u[o]||(u[o]=s(e));return void 0!==i&amp;amp;&amp;amp;(r[d(i)]=n),r}function s(e){var i={};return t.each(e.attributes||g,function(e,n){0==n.name.indexOf(&quot;data-&quot;)&amp;amp;&amp;amp;(i[d(n.name.replace(&quot;data-&quot;,&quot;&quot;))]=t.zepto.deserializeValue(n.value))}),i}var a=n.prototype.widgetFullName||e,u={},c=t.fn.data,d=t.camelCase,p=&quot;Zepto&quot;+ +new Date,g=[];t.fn[n.prototype.namespace+&quot;_&quot;+e]=function(e){var s=&quot;string&quot;==typeof e,u=i.call(arguments,1),c=this;return e=!s&amp;amp;&amp;amp;u.length?t.ecom.widget.extend.apply(null,[e].concat(u)):e,this.each(s?function(){var i,n=o(this,a);if(n&amp;amp;&amp;amp;t.isFunction(n[e])&amp;amp;&amp;amp;&quot;_&quot;!==e.charAt(0))return i=n[e].apply(n,u),void 0!==i?(c=i,!1):void 0}:function(){r(this,a,new n(e,this))}),c}},t.ecom.widget.extend=function(e){for(var n,o,r=i.call(arguments,1),s=0,a=r.length;a&amp;gt;s;s++)for(n in r[s])o=r[s][n],r[s].hasOwnProperty(n)&amp;amp;&amp;amp;void 0!==o&amp;amp;&amp;amp;(e[n]=t.isPlainObject(o)?t.isPlainObject(e[n])?t.ecom.widget.extend({},e[n],o):t.ecom.widget.extend({},o):o);return e},t.ecom.Widget=function(){},t.ecom.Widget.prototype={widgetName:&quot;widget&quot;,options:{selector:{}},getSelf:function(){return this},_createWidget:function(i,n){n=t(n||this.defaultElement||this)[0],this.element=t(n),this.uuid=e++,this.eventNamespace=&quot;.&quot;+this.widgetName+this.uuid,this.options=t.ecom.widget.extend({},this.options,i);var o=this;t.each(this.options.selector,function(t,e){o[t]=o.element.find(e)}),this.bindings=t(),this._init()},_init:function(){},_on:function(e,i){var n,o=this;i?(e=n=t(e),this.bindings=this.bindings.add(e)):(i=e,e=this.element,n=this.widget()),t.each(i,function(i,n){function r(){return(&quot;string&quot;==typeof n?o[n]:n).apply(o,arguments)}&quot;string&quot;!=typeof n&amp;amp;&amp;amp;(r.guid=n.guid=n.guid||r.guid||t.guid++);var s=i.match(/^(\w+)\s*(.*)$/),a=s[1]+o.eventNamespace,u=s[2];u?e.find(u).on(a,r):e.bind(a,r)})}}});/*速度变量初始化*/window.ecom.wise.adType = [];/*遍历上下方广告条数和叠加MT*//*speed*/window.ecom.wise.global.run(function(){var adArr = window.ecom.wise.adType || [],keyArr = [],valArr = [],resArr = [];var CompositeArr = function(arr){this.arr = arr;};/*格式化遍历组合数组*/CompositeArr.prototype.iteration = function(obj){for(var i = 0; i &amp;lt; obj.length; i++){var key = obj[i].split(&quot;=&quot;)[0];var val = obj[i].split(&quot;=&quot;)[1];if(!keyArr[key]){keyArr[key] = &quot;true&quot;;valArr[key] = key + &quot;=&quot; + val;}else{valArr[key] = valArr[key] + &quot;_&quot; + val;}}for(var k in valArr){resArr.push(valArr[k]);}window.ecom.wise.adType = resArr. join(&quot;&amp;amp;&quot;);};var contactArr = new CompositeArr(adArr);contactArr.iteration(adArr);});!function(e){$(&quot;.ec_youxuan_card, .ec_dx_wrapper&quot;).length||e.B&amp;amp;&amp;amp;B.onload(function(){window.B.one(&quot;destroy&quot;,function(){clearTimeout(window.ecom.wise.adcheckSt)});var e=$(&quot;.c-result&quot;).length,o=$(&quot;.se-noresult-tips&quot;).length;0===e&amp;amp;&amp;amp;window.ecom.wise.global.fclick(&quot;adblock&quot;,&quot;AD&quot;,{action:&quot;nonature&quot;,adNum:window.ecom.wise.adNum+&quot;_&quot;+window.ecom.wise.adDownNum+&quot;_&quot;+window.ecom.wise.adMiddleNum,natureResultNum:e,noResultTip:o}),window.ecom.wise.adcheckSt=setTimeout(function(){var e=0,o=[],i=$(&#039;[sourceid=&quot;160&quot;] .ec_resitem, [sourceid=&quot;111&quot;] .ec_resitem&#039;),c=i.length;c&amp;lt;window.ecom.wise.adNum&amp;amp;&amp;amp;(e=2),0===e&amp;amp;&amp;amp;i.each(function(){o.push($(this).height()),$(this).height()&amp;lt;50&amp;amp;&amp;amp;(e=1)}),0!==e&amp;amp;&amp;amp;(window.ecom.wise.ecomdataup&amp;amp;&amp;amp;(i.remove(),$(&quot;#results&quot;).prepend(window.ecom.wise.ecomdataup),window.ecom.wise.ck.addAdsCk(document.querySelectorAll(&quot;.ec-ad-like-nature&quot;),window.ecom.wise.imTimeSign),window.ecom.wise.global.fclick(&quot;adblock&quot;,&quot;AD&quot;,{isBlock:e,height:o.join(&quot;_&quot;),adDomNum:c,adNum:window.ecom.wise.adNum,action:&quot;replace&quot;}),$(&quot;.ec-ad-like-nature&quot;).removeClass(&quot;ec-ad-like-nature&quot;)),window.ecom.wise.global.fclick(&quot;adblock&quot;,&quot;AD&quot;,{isBlock:e,height:o.join(&quot;_&quot;),adDomNum:c,adNum:window.ecom.wise.adNum}))},2e3)})}(window,document);/*** @file 异步加载js*//* globals nirvana */(function (win, $) {win.ecom = win.ecom || {};win.ecom.wise = win.ecom.wise || {};ecom.wise.asyn_ads_mode = parseInt(&#039;0&#039;, 10);ecom.wise.getAsynRs = function (cls) {return $(&#039;.ec_wise_asyn&#039;); /*需要判断原始广告中是否含有下方广告*/};ecom.wise.asynQuery = &quot;&quot;;if (ecom.wise.asyn_ads_mode === 1) {win.ecom.wise.PARAMS.asynsid = &#039;c43beb4c9fb7d555&#039;;win.ecom.wise.imTimeSignAsyn = parseInt(&#039;90&#039;, 10);if (window.ecom.wise.ck.addAdsCk) {window.ecom.wise.ck.addAdsCk(ecom.wise.getAsynRs(&#039;.ec_wise_ad&#039;), win.ecom.wise.imTimeSignAsyn);} else {window.ecom.wise.global.addAdsCK(ecom.wise.getAsynRs(&#039;.ec_wise_ad&#039;), win.ecom.wise.imTimeSignAsyn);}}var asynDom =  $(ecom.wise.getAsynRs(&#039;.ec_wise_ad&#039;)).find(&#039;a&#039;);asynDom.on(&#039;click&#039;, function(e) {if (this.tagName === &#039;A&#039; &amp;amp;&amp;amp; this.href !== &#039;&#039; &amp;amp;&amp;amp; this.href.indexOf(&#039;baidu&#039;) !== -1) {this.href = window.ecom.wise.global.addParamsToUrl(this.href, win.ecom.wise.imTimeSignAsyn);}})})(window, Zepto);ecom.wise.global.run(function(i){i(&quot;.ec_wise_ad&quot;).not(&quot;.ec-hm-hide&quot;).attr(&quot;style&quot;,&quot;display:block !important;visibility: visible !important;&quot;),i(&quot;.ec_ad_results&quot;).not(&quot;.ec_newyouxuan&quot;).attr(&quot;style&quot;,&quot;display:block !important;visibility: visible !important;&quot;),i(&quot;.ec_resitem&quot;).attr(&quot;style&quot;,&quot;display:block !important;visibility: visible !important;&quot;)});/*]]&amp;gt;*/&lt;/script&gt;&lt;script&gt;A.log.init({baiduid:&#039;C0F95CD351C3B5B77422AA3B18E9217B&#039;,w:&#039;0_10_macaca&#039;,t:&#039;iphone&#039;,ref:&#039;www_iphone&#039;,from:&#039;844b&#039;,ssid:&#039;0&#039;,uid:&#039;0&#039;,lid:&#039;14140154169389471061&#039;,bd_page_type:&#039;1&#039;,pu:&#039;usm@2,sz@320_1001,ta@iphone_2_5.0_3_537&#039;},{pn:&#039;0&#039;,rn:&#039;10&#039;});&lt;/script&gt;&lt;script&gt;/*https域名转换工具*/B.https = B.https || {};B.https.domain = (function(){var list = {&quot;fclick.baidu.com&quot;:&quot;https://sp0.baidu.com/-rU_dTmfKgQFm2e88IuM_a&quot;,&quot;sestat.baidu.com&quot;:&quot;https://sp1.baidu.com/5b1ZeDe5KgQFm2e88IuM_a&quot;,&quot;image.baidu.com&quot;:&quot;https://sp1.baidu.com/70cHazva2gU2pMbgoY3K&quot;,&quot;aladdin.wapmap.baidu.com&quot;:&quot;https://sp2.baidu.com/90gHaDqh_cgXo1ufo-zN2TxrfQVwcu8e&quot;,&quot;map.baidu.com&quot;:&quot;https://sp1.baidu.com/80MWsjip0QIZ8tyhnq&quot;,&quot;res.iciba.com&quot;:&quot;https://ss3.bdstatic.com/5r1Zsj3n0QQF8tyhnq&quot;,&quot;snap0.map.bdimg.com&quot;:&quot;https://ss0.bdstatic.com/5boHfGba_QUU8t7mm9GUKT-xh_&quot;,&quot;t10.baidu.com&quot;:&quot;https://ss0.baidu.com/6ONWsjip0QIZ8tyhnq&quot;,&quot;t11.baidu.com&quot;:&quot;https://ss1.baidu.com/6ONXsjip0QIZ8tyhnq&quot;,&quot;t12.baidu.com&quot;:&quot;https://ss2.baidu.com/6ONYsjip0QIZ8tyhnq&quot;,&quot;online0.map.bdimg.com&quot;:&quot;https://ss0.bdstatic.com/8bo_dTSlR1gBo1vgoIiO_jowehsv&quot;,&quot;sensearch.baidu.com&quot;:&quot;https://sp1.baidu.com/5b11fzupBgM18t7jm9iCKT-xh_&quot;,&quot;api.open.baidu.com&quot;:&quot;https://sp0.baidu.com/9_Q4sjW91Qh3otqbppnN2DJv&quot;,&quot;opendata.baidu.com&quot;:&quot;https://sp0.baidu.com/8aQDcjqpAAV3otqbppnN2DJv&quot;};    var get = function(url) {var reg = /^(http[s]?:\/\/)?([^\/]+)(.*)/,matches = url.match(reg);/*判断传入参数是域名还是地址，分别做处理*/url = list.hasOwnProperty(matches[2])&amp;amp;&amp;amp;(list[matches[2]] + matches[3]) || url;return url;},set = function(kdomain,vdomain) {list[kdomain] = vdomain;};return {get : get,set : set}})();&lt;/script&gt;&lt;script data-version=&quot;globalBjs_f491cfe&quot; class=&quot;code-fr-ls&quot; data-key=&quot;globalBjs&quot;&gt;excuteLSCode(&#039;globalBjs_f491cfe&#039;,&#039;js&#039;)&lt;/script&gt;&lt;script data-version=&quot;sugjs_3273921&quot; class=&quot;code-fr-ls&quot; data-key=&quot;sugjs&quot;&gt;excuteLSCode(&#039;sugjs_3273921&#039;,&#039;js&#039;)&lt;/script&gt;&lt;script data-version=&quot;wwwjs_7bbf6c1&quot; class=&quot;code-fr-ls&quot; data-key=&quot;wwwjs&quot;&gt;excuteLSCode(&#039;wwwjs_7bbf6c1&#039;,&#039;js&#039;)&lt;/script&gt;&lt;div id=&quot;sfr-app&quot;&gt;&lt;/div&gt;&lt;script&gt;B._fireInit();&lt;/script&gt;&lt;script&gt;try{!function(){function e(e,o,t,n){document.cookie=e+&quot;=&quot;+encodeURIComponent(o)+&quot;;domain=&quot;+t+&quot;;path=/;expires=&quot;+n.toGMTString()+&quot;;&quot;}function o(){e(i=i.lsVersionKey,&quot;&quot;,document.domain,t),e(i.lsSuportKey,&quot;no&quot;,document.domain,t)}var t=new Date,n=t.getTime();if(page&amp;amp;&amp;amp;page.comm&amp;amp;&amp;amp;page.comm.lsConf){var i=page.comm.lsConf,r={},a=[],s=window.localStorage;$(&quot;.code-fr-ls&quot;).each(function(){var e=this,o=e.dataset.version;a.push(o),r[i.lsPrefix+o]=1});try{s&amp;amp;&amp;amp;$(&quot;.code-to-write&quot;).each(function(){var o=this,c=i.lsPrefix+o.dataset.version;r[c]=1,a.push(o.dataset.version);var m=o.textContent||o.innerText;if(s.setItem(c,m),s.getItem(c)!=m)throw new Error(&quot;storage error&quot;);t.setTime(n+6048e5),e(i.lsVersionKey,a.join(&quot;-&quot;),document.domain,t)});for(var c in s)0==c.indexOf(i.lsPrefix)&amp;amp;&amp;amp;1!=r[c]&amp;amp;&amp;amp;s.removeItem(c)}catch(m){o()}}}();;}catch(err){}&lt;/script&gt;&lt;script type=&quot;text/javascript&quot;&gt;var zbBanner = {switch: &#039;1&#039;,startTime: &#039;20170626&#039;,endTime: &#039;20170627&#039;,name: &#039;lihongyi0626jieguoye&#039;,ios8Up: &#039;https://itunes.apple.com/app/apple-store/id382201985?pt=328057&amp;amp;ct=n-wise1-20151120&amp;amp;mt=8&#039;,ios8Down: &#039;https://itunes.apple.com/app/apple-store/id382201985?pt=328057&amp;amp;ct=n-wise1-20151120&amp;amp;mt=8&#039;,android: &#039;http://dl.ops.baidu.com/baidusearch_AndroidPhone_1014636j.apk&#039;,jump: &#039;1&#039;,jumpUrl: &#039;https://m.baidu.com/s?word=%E6%9D%8E%E5%AE%8F%E6%AF%85&#039;,text: &#039;L姓艺人生日突降蛋糕雨&#039;,isSearch: &#039;0&#039;,searchUrl: &#039;macaca&#039;,isAndroid: &#039;1&#039;,openBdBox: &#039;1&#039;,buttonText: &#039;&#039;};require([&#039;modules/invoke/app/banner&#039;, &#039;utils/storage&#039;], function (banner, storage) {B.on(&#039;init&#039;, function () {banner(zbBanner, &#039;yjx65&#039;, storage.ls, B.log);});});&lt;/script&gt;&lt;script&gt;d=[&quot;PSINO&quot;,&quot;MSA_PBT&quot;,&quot;MSA_ZOOM&quot;,&quot;BDSVRTM&quot;,&quot;Hm_lvt_12423ecbc0e2ca965d84259063d35238&quot;,&quot;Hm_lpvt_12423ecbc0e2ca965d84259063d35238&quot;,&quot;BDSVRBFE&quot;,&quot;__bsi&quot;,];d.forEach(function(cookie_name) {document.cookie=cookie_name+&quot;=;max-age=0;path=/;domain=.baidu.com&quot;;document.cookie=cookie_name+&quot;=;max-age=0;path=/;domain=&quot;+document.domain;document.cookie=cookie_name+&quot;=;max-age=0;path=/;domain=.&quot;+document.domain;})&lt;/script&gt;&lt;script&gt;B.on(&#039;afterload&#039;,function () {/*html5 recogenized*/if (navigator.connection) {nettype = navigator.connection.type;/*5:4g*/if(nettype == 5) {setCookie(&#039;net&#039;, &#039;4g-3&#039;, &#039;/&#039;);flag = true;}}});&lt;/script&gt;&lt;/body&gt;&lt;/html&gt;&lt;!--cxy_all+1498445661+844b+3054660327+14140154169389471061+C0F95CD351C3B5B77422AA3B18E9217B:FG=1+4e31200afa77e973f98a5e4047151c88+000000000000000000000000000000000000000000000000000000000000153743--&gt;]">
      <![CDATA[java.lang.AssertionError: expected [a string containing "macaca"] but found [<!DOCTYPE html><html xmlns="http://www.w3.org/1999/xhtml"><head><!--STATUS OK--><meta name="referrer" content="always" /><meta http-equiv="Content-Type" content="text/html; charset=utf-8" /><meta name="viewport" content="width=device-width,minimum-scale=1.0,maximum-scale=1.0,user-scalable=no" /><meta name="format-detection" content="telephone=no" /><title>macaca - 百度</title><noscript>&lt;img src="https://sp0.baidu.com/-rU_dTmfKgQFm2e88IuM_a/w.gif?tag=noscript" /&gt;&lt;style type="text/css"&gt;.search-page{display:none;}&lt;/style&gt;&lt;meta http-equiv="refresh" content="0; URL=http://m.baidu.com/from=844b/s?word=macaca&amp;amp;ts=5961404&amp;amp;t_kt=0&amp;amp;ie=utf-8&amp;amp;fm_kl=021394be2f&amp;amp;rsv_iqid=3894093009&amp;amp;rsv_t=58e9iHhg22yeYzFNRfoX5eUMwE84pyDq73qAFG1ZFmC9qubxApvDbUl7Nw&amp;amp;sa=ib&amp;amp;ms=1&amp;amp;rsv_pq=3894093009&amp;amp;rsv_sug4=1833&amp;amp;ss=101&amp;amp;inputT=619&amp;amp;pu=sz%401321_480&amp;amp;t_noscript=jump" /&gt;</noscript><link rel="shortcut icon" href="/se/static/img/iphone/favicon.ico" type="image/x-icon" /><link rel="apple-touch-icon-precomposed" href="//m.baidu.com/se/static/img/iphone/screen_icon.png" /><script type="text/javascript">(function(){window._uid='C0F95CD351C3B5B77422AA3B18E9217B:FG=1';var B = window.B || {};B.comm = B.comm || {};B.comm.domLoadingTime = (window.performance &amp;&amp; window.performance.timing &amp;&amp; window.performance.timing.domLoading) ? window.performance.timing.domLoading : new Date().getTime();B.comm.isAndroid = 1;B.comm.isShowCallBaiduApp = 1;B.comm.lsConf={lsSuportKey:'lssp',lsVersionKey:'lsv',lsPrefix:'wise_se_'};window.B = B;window.page = B;})();!function(e,a){function o(e,o,t,n){a.cookie=e+"="+encodeURIComponent(o)+";domain="+t+";path=/;expires="+n.toGMTString()+";"}function t(e,o){var t=a.head||a.getElementsByTagName("head")[0],n=a.createElement("script");n.dataset.version=o,n.appendChild(a.createTextNode(e)),t.appendChild(n)}function n(e,o){var t=a.head||a.getElementsByTagName("head")[0],n=a.createElement("style");n.type="text/css",n.rel="stylesheet",n.dataset.version=o,n.appendChild(a.createTextNode(e)),t.appendChild(n)}function i(){var t=new Date;o(c.lsVersionKey,"",a.domain,t),o(c.lsVersionKey,"",".baidu.com",t),o(c.lsVersionKey,"",".m.baidu.com",t);var n=0;e.navigator.cookieEnabled&amp;&amp;(n=1);var i=e.location.hash.match(/src_(.*)[\||$]/);if(i)e.location.replace("/s?iscookie=1&amp;word="+i[1]);else{var s=e.location.href.replace(/(\/s\?)/,"/s?iscookie="+n+"&amp;");e.location.replace(s)}}function s(a,o){try{var s=e.localStorage,r=s.getItem(c.lsPrefix+a);if(r.length&lt;=100)return void i();"js"==o?t(r,a):"css"==o&amp;&amp;n(r,a)}catch(l){i()}}var c={lsSuportKey:"lssp",lsVersionKey:"lsv",lsPrefix:"wise_se_"};if(page&amp;&amp;page.comm&amp;&amp;page.comm.lsConf){var c=page.comm.lsConf;e.excuteLSCode=s}}(window,document);;if(window.Zepto){window._Zepto=Zepto;}</script><script data-version="globalTjs_99d50e7" class="code-fr-ls" data-key="globalTjs">excuteLSCode('globalTjs_99d50e7','js')</script><script data-version="globalTjs_99d50e7">!function(t){function n(){return e[i]=e[i]||t.apply(this,arguments),e[i]}window.B=window.B||{};var e=B.search=B.search||{},i="eventManager";n.apply(this,[])}(function(){function t(t,n){try{t.apply(this,n)}catch(e){window.console&amp;&amp;console.error&amp;&amp;console.error(e)}}function n(n,e,i,o){var a=this;a.hasEvent(n),"pending"==a.events[n].status&amp;&amp;(i&amp;&amp;(a.events[n].status="fulfilled"),a.callbacks[n].forEach(function(n){(!n.execed||o)&amp;&amp;(n.execed=!0,n.func&amp;&amp;"function"==typeof n.func&amp;&amp;(n.immediate?t(n.func,e):setTimeout(function(){t(n.func,e)},0)))}),a.realize[n]&amp;&amp;a.trigger(a.realize[n]))}var e=function(){this.callbacks={},this.events={},this.realize={ready:"afterready",load:"afterload",destroy:"afterdestroy"}};return e.prototype.hasEvent=function(t){var n=this;return void 0===n.events[t]?(n.callbacks[t]=[],n.events[t]={status:"pending"},!1):!0},e.prototype.on=function(t,n,e,i){var o=this;o.hasEvent(t),o.callbacks[t].push({func:n,once:e||!1,immediate:i===!1?!1:!0}),"fulfilled"==o.events[t].status&amp;&amp;o.fire(t)},e.prototype.one=function(t,n,e){this.on(t,n,!0,e)},e.prototype.dispatch=function(t){n.call(this,t,arguments,!1,!0)},e.prototype.trigger=function(t){n.call(this,t,arguments,!0)},e.prototype.fire=function(n){var e=this;e.callbacks[n].forEach(function(n){n.execed||(n.execed=!0,n.func&amp;&amp;"function"==typeof n.func&amp;&amp;(n.immediate?t(n.func,e.arguments):setTimeout(function(){t(n.func,e.arguments)},0)))})},e.prototype.clone=function(){var t=this,n=new e;n.events=t.events;for(var i in n.events)n.events[i].status="pending";n.callbacks={};for(var o in t.callbacks)n.callbacks[o]=[],t.callbacks[o].forEach(function(t){t.once||n.callbacks[o].push({func:t.func,execed:!1,immediate:t.immediate})});return n},e}),!function(t){function n(){return e[i]=e[i]||t.apply(this,arguments),e[i]}window.B=window.B||{};var e=B.search=B.search||{},i="Search";n.apply(this,[])}(function(){function t(t){return function(){e[t].apply(e,arguments)}}var n=window.B||{},e=new n.search.eventManager,i={on:t("on"),one:t("one"),trigger:t("trigger"),dispatch:t("dispatch"),restoreEvent:function(){e=e.clone()}};if(n.on=i.on,n.one=i.one,n.onload=function(t){n.one("load",t,!1)},n.init=function(t){n.one("init",t)},n._fireReady=function(){i.trigger("ready")},n._fireInit=function(){i.trigger("init")},window.addEventListener("load",function(){i.trigger("load")},!1),document.addEventListener("DOMContentLoaded",function(){i.trigger("DOMContentLoaded")},!1),!window.__sam_async_super&amp;&amp;!window.__sam_async_index){var o=[{status:18,time:6e3},{status:17,time:12e3}];o.forEach(function(t){setTimeout(function(){var n=document.getElementsByClassName("result").length,e=document.getElementsByClassName("se-noresult-tips").length,i=document.getElementsByClassName("se-page-bd").length?1:0;if(!n&amp;&amp;!e){var o=new Date;o.setTime(o.getTime()+3e5),document.cookie="WISEWR="+t.status+"_"+i+";domain=.baidu.com;path=/;expires="+o.toGMTString()+";"}},t.time)})}return i}),!function(){var t=window.A={};t.onload=B.onload,t.list=[],t.log={settings:{API_URL:"//m.baidu.com/tc?",PARAMS:{tcreq4log:1,clk_type:1,vit:"osres",l:1},sPARAMS:{}},send:function(t){var n=+new Date,e="WISE_ALADDIN_LOG_"+n,i=window[e]=new Image;i.onload=i.onerror=i.onabort=function(){i.onload=i.onerror=i.onabort=null,i=null,window[e]=null},i.src=t},init:function(n,e){if(n)for(var i in n)t.log.settings.PARAMS[i]=n[i];if(e)for(var o in e)t.log.settings.sPARAMS[o]=e[o]},list:{}};var n=null;t._setContainer=function(t){Array.isArray(t)&amp;&amp;(t=t[0]),t&amp;&amp;t.tagName&amp;&amp;(n=t)};var e=function(){for(var t=document.getElementsByTagName("script"),n=t[t.length-1];n&amp;&amp;n.getAttribute&amp;&amp;!n.getAttribute("srcid");)n=n.parentNode;return n&amp;&amp;n.getAttribute?n:document.body},i=!1;B.on("destroy",function(){i=!1,n=null,document.body.initIndex=0});var o=function(){var t;return i&amp;&amp;(n=e()),n||(t=e(),t&amp;&amp;(i=!0,n=t)),n};t._alaData=[];var a=function(t,n,e,i){var o;if(t.initIndex?o=i[i.length-1]:(o={container:t,data:{},handlers:[],index:i.length},t.initIndex=i.length+1,i.push(o)),"function"==typeof n)o.handlers.push(n);else if("object"==typeof n)for(var a in n)n.hasOwnProperty(a)&amp;&amp;(o.data[a]=n[a]);else o[n]=e;return o},r=[];t._tmpAlaData=[],t.merge=function(e,i,o,s){var c=null;if(""!=o&amp;&amp;(c=document.querySelector("[srcid='"+i+"'][order='"+o+"']")),c||(c=document.querySelector("[srcid='"+i+"']")),Array.isArray(c)&amp;&amp;(c=c[0]),c&amp;&amp;c.tagName){n=c;var u=a(c,{},null,t._tmpAlaData);u.type=s,""!==s&amp;&amp;(u.subData=[]),r.push(u),1===r.length?t._alaData.push(u):r[r.length-2].subData.push(u),e(),r.pop()}},t.init=t.setup=function(n,e){if(void 0!==n&amp;&amp;null!==n){if(t._initstart)return void("function"==typeof n&amp;&amp;n.call({container:document.body,data:{},srcid:"",log:""}));var i=r.length;if(0===i){var s=o();if(!s)return;a(s,n,e,t._alaData)}else{var c=r[i-1];if(!c||!c.container)return;var u=null;u=1===i?t._alaData:r[i-2].subData,a(c.container,n,e,u)}}};var s=window.Sa={},c=null;s._setContainer=function(t){t&amp;&amp;t.tagName&amp;&amp;(c=t)};var u=function(){return c},d=[],l=function(n,e,i){var r=o();if(r){r.initIndex||a(r,{},null,t._alaData);var s=a(n,e,i,d);if(!s.hasAdded){var c=r.initIndex,u=t._alaData[c-1];!u.santaData&amp;&amp;(u.santaData=[]),u.santaData.push(s),s.hasAdded=!0}}};s.setup=function(t,n){if(t){var e=u();e&amp;&amp;l(e,t,n)}}}(),!function(){window.B=window.B||{};var t=function(t){var n=this;switch(n._point={},n._cost={},n._point.init=n.now(),n._host="//m.baidu.com/speed/static/tj.gif?",n.id=n._point.init,n.option=t||{},n.option.type){case"feed_play":n.strategy={play:{type:"time",point:"play",send:!0}};break;case"mip_play":n.strategy={play:{type:"time",point:"play",send:!0}};break;default:n.monitor=n.option.monitor||{fs:{type:"img",selector:n.option.imgSelector,point:"img"}},n.strategy={net:{type:"time",point:"init"},firstSc:{type:"time",point:"fs",send:!0},imgSc:{type:"time",point:"img",send:n.option.imgSelector?!0:!1}};var e=window.performance&amp;&amp;window.performance.timing&amp;&amp;window.performance.timing.navigationStart;e&amp;&amp;(n._point.st=e)}n._send=[];for(var i in n.strategy)n.strategy[i].send&amp;&amp;n._send.push(i)};t.prototype={p:function(t,n){this._point[t]=n||this.now(),this._check(t)},t:function(t,n){this._cost[t]=n,this._check()},b:function(t){this.p(t)},e:function(t){this.p(t+"_end")},_deal:function(){},now:function(){return(new Date).getTime()},send:function(){var t=this;if(!t.sended){var n=Math.random();if(!(n&gt;=.5&amp;&amp;.52&gt;n))return void(t.sended=!0);var e=t._host+"pagetype=vertical&amp;type="+t.option.type;for(var i in t.strategy){var o=t.strategy[i];"time"==o.type&amp;&amp;t._point[o.point]&amp;&amp;t._point[o.begin||"st"]?t._cost[i]=t._point[o.point]-t._point[o.begin||"st"]:"point"==o.type&amp;&amp;t._point[o.point]&amp;&amp;(e+="&amp;"+i+"="+t._point[o.point])}for(var a in t._cost)e+="&amp;"+a+"="+t._cost[a];if(t.option.ext)for(var a in t.option.ext)e+="&amp;"+a+"="+t.option.ext[a];t.sended=!0;var r=new Image;r.src=e,delete t}},_imgMonitor:function(t){function n(){a--,0==a&amp;&amp;(e.p("img"),clearTimeout(s))}for(var e=this,i=document.querySelectorAll(t.selector),o=i.length,a=0,r=0;o&gt;r;r++)i[r].spdId||i[r].complete||(i[r].spdId=e.id,i[r].addEventListener("load",n),i[r].addEventListener("error",n),a++);if(0==a)e.p("img");else var s=setTimeout(function(){e.p("img")},3e4)},_check:function(t){var n=this,e=t&amp;&amp;n.monitor&amp;&amp;n.monitor[t];if(e&amp;&amp;"img"==e.type&amp;&amp;e.selector&amp;&amp;n._imgMonitor(e),!this.checked){var i=0;for(var o in n._send){var a=n._send[o],r=n.strategy[a];r.done?i++:r.point&amp;&amp;n._point[r.point]?(r.done=!0,i++):r.end&amp;&amp;n._point[r.end+"_end"]?(r.done=!0,i++):n._cost[a]&amp;&amp;(r.done=!0,i++)}i==n._send.length&amp;&amp;(n.checked=!0,n.send())}}},window.SpeedLog=B.SpeedLog=t}(),!function(){document.addEventListener("touchstart",function(){page.comm=page.comm||{},page.comm.enableTotop=!1},!1)}();</script><script data-version="routejs_604d86b" class="code-fr-ls" data-key="routejs">excuteLSCode('routejs_604d86b','js')</script><script data-version="routejs_604d86b">window.B=window.B||{},function(t){var a=function(){function a(t,a){m="virtual",b.routeStatus={action:"push",type:"virtual"};var e=t;if(e)if("base"==t){for(var r in y)d.remove(y[r]);d.set(t,a)}else d.set(t,a)}function e(){m="virtual",b.routeStatus={action:"back",type:"virtual"},history.back()}function r(){}function n(t,a){var e={};"function"==typeof a&amp;&amp;(e.doActivity=a),"object"==typeof a&amp;&amp;(e.doActivity=a.do,e.beforeActivity=a.before,e.afterActivity=a.after,e.destroy=a.destroy,e.ready=a.ready),l.regist(t,e)}function o(t){l.remove(t)}function i(t){var a=t.match(/#(.*)$/),e=a?a[0]:"";return 0===e.indexOf("#%7C")&amp;&amp;(e=e.replace(/%7C/,"|")),e||""}function u(t){var a,e,r=t.split("|"),n={};for(var o in r)a=r[o],""!=a&amp;&amp;(e=a.split("="),2==e.length&amp;&amp;(n[e[0]]=decodeURIComponent(e[1])));return n}function c(t,a,e,r){var n,o,i,u;r.forEach(function(t){var a=t.type;("removed"==a||"modified"==a)&amp;&amp;(o=t.key,u=t.oldValue),("added"==a||"modified"==a)&amp;&amp;(n=t.key,i=t.newValue)}),b.last={path:o||"base",params:u},b.path=n||"base",b.params=i,l.run(b.path,b).then(function(){m="natural",b.routeStatus={action:"history",type:"natural"}}),h.path=b.path,h.params=b.params}function s(){require(["sf/controller"],function(t){l=t})}function p(){if((d=t.hash)&amp;&amp;v!==!0){d.on("change",c);var a=u(i(location.href)),e={last:{path:"",params:""},path:"",params:""};for(var r in a)e.params=a[r],e.path=r,l.run(r,e).then(function(){m="natural"}),h.path=r,h.params=a[r];v=!0}}function f(){var t=u(i(location.href)),a="div.search-page,body div.se-page-hd";for(var e in t)if("act"==e||"base"==e&amp;&amp;"feed"==t[e]){var r=document.createElement("style");r.id="activitystyle",r.innerHTML=a+"{width:100%;position:absolute;top:-99999px;opacity:0;}",document.head.appendChild(r);break}}var d,l,h={},v=!1,y=["act"],m="natural",b={last:{},path:"",params:null,routeStatus:{action:"history",type:"natural"}};return f(),{push:a,replace:r,on:n,init:s,start:p,back:e,current:h,remove:o}};t.route||(t.route=new a)}(B);</script><script data-version="activityControllerjs_815cbd9" class="code-fr-ls" data-key="activityControllerjs">excuteLSCode('activityControllerjs_815cbd9','js')</script><script data-version="activityControllerjs_815cbd9">window.page=window.page||{},function(t){function a(){function a(){var t=location.href.match(/#(.*)$/),a=t?t[0]:"";return 0===a.indexOf("#%7C")&amp;&amp;(a=a.replace(/%7C/,"|")),a||""}function e(t){t&amp;&amp;t.last&amp;&amp;"base"===t.last.path&amp;&amp;(v=pageYOffset)}function n(t){var a,e,n=t.last.params,r=t.params;return e=u(r),t.last.path===t.path&amp;&amp;(a=u(n)),i(e,a,!1,t)}function r(t){var a=u(t.params);i(a,null,!0,t)}function i(a,e,n,r){var i=[],s=$.Deferred();for(var c in arguments)arguments[c]&amp;&amp;t.amd.exist(arguments[c].name)&amp;&amp;i.push(arguments[c].name);return i.length&gt;0&amp;&amp;(d={from:{path:r.last?r.last.path:null,params:r.last?u(r.last.params):null},to:{path:r.path,params:u(r.params)},status:r.routeStatus},require(i,function(t,r){var i=t===r;r||(r=t);var u={routeState:y,routeScope:d},c=new o;n?(a&amp;&amp;c.push(t.start,t,a.state,u),a&amp;&amp;c.push(t.resume,t,a.state,u)):i?(e&amp;&amp;c.push(r.destroy,r,e.state,u),a&amp;&amp;c.push(t.create,t,a.state,u)):(e&amp;&amp;c.push(r.stop,r,e.state,u),a&amp;&amp;c.push(t.create,t,a.state,u),e&amp;&amp;c.push(r.destroy,r,e.state,u)),c.push(function(){y="natural",d={}},this),c.excute(s)})),s}function o(){function t(t){return e=$.Deferred(),e.resolve(),$.each(n,function(){var t=this;e=e.then(function(){return t()})}),n=[],e.then(function(){t.resolve()})}function a(t,a){var e=2 in arguments&amp;&amp;Array.prototype.slice.call(arguments,2);"function"==typeof t&amp;&amp;n.push(function(){return t.apply(a,e?e:[])})}var e,n=[];return{push:a,excute:t}}function s(t){var a=t.last?u(t.last.params):null;i(null,a,!1,t)}function u(t){var a=/([^=]+)=?(.*)/,e=t?t.match(a):null;if(e&amp;&amp;e[1]){var n={};return n.name=e[1],n.state=e[2]?$.parseJSON(decodeURIComponent(e[2])):void 0,n}return!1}function c(a){y="virtual",a=a||{};a.silent===!0?!0:!1;if(a.activity)if("base"===a.activity)t.route.push("base");else{var e=a.state;a.activity.indexOf("activity/")&lt;0&amp;&amp;(a.activity="activity/"+a.activity),e=e?a.activity+"="+encodeURIComponent(JSON.stringify(a.state)):a.activity,t.route.push("act",e)}}function p(t){function e(){var a=t.state;a=a?t.activity+"="+encodeURIComponent(JSON.stringify(t.state)):t.activity;var e="|act="+encodeURIComponent(a);return-1===location.href.indexOf("#")&amp;&amp;(e="#"+e),e}function n(t){HASH.mute=!0,window.location.replace(t),setTimeout(function(){HASH.mute=!1},100)}t=t||{};t.silent===!0?!0:!1;if(t.activity){var r=a(),i=r.match(/(.*?)(\|act)\=(.*?)(%3D|$)(.*?)(\||$)(.*?)$/),o=actAfter="";if(null==i){if("base"===t.activity)return;n(window.location.href+e())}else{var s=location.protocol+"//"+location.host+location.pathname+location.search;if(o=i[1],actAfter=i[6]+i[7],"base"===t.activity)s+=o+actAfter;else{if(e()==="|act="+i[3]+"%3D"+i[5])return;s+=o+e()+actAfter}n(s)}}}function f(){(HASH=t.hash)&amp;&amp;h!==!0&amp;&amp;(t.route.init(),t.route.on("act",{before:e,"do":n,ready:r,destroy:s}),t.route.on("base",{"do":function(t){"base"==t.path&amp;&amp;"feed"!=t.params&amp;&amp;$("#activitystyle").remove()},ready:function(){"undefined"!=typeof v&amp;&amp;scrollTo(0,v)},destroy:function(){var t=$('&lt;style id="activitystyle"&gt;div.search-page,div.se-page-hd{width:100%;position:absolute;top:-99999px;opacity:0;}&lt;/style&gt;');$("head").append(t)}}),t.route.start(),h=!0)}function l(){y="virtual",t.route.back()}var v,h=!1,y="natural",d={};return{start:f,pushState:c,replaceState:p,back:l}}t.activity||(t.activity=new a)}(page);</script><script data-version="wwwTcss_bd070eb" class="code-fr-ls" data-key="wwwTcss">excuteLSCode('wwwTcss_bd070eb','css')</script><style type="text/css" data-version="wwwTcss_bd070eb">@font-face{font-family:sicons;src:url(//m.baidu.com/static/search/iconfont/search_iconfont_128e950d.eot);src:url(//m.baidu.com/static/search/iconfont/search_iconfont_128e950d.eot#iefix) format('embedded-opentype'),url(//m.baidu.com/static/search/iconfont/search_iconfont_128e950d.woff) format('woff'),url(//m.baidu.com/static/search/iconfont/search_iconfont_128e950d.ttf) format('truetype'),url(//m.baidu.com/static/search/iconfont/search_iconfont_128e950d.svg?#iconfont) format('svg');font-weight:400;font-style:normal}@font-face{font-family:alaicons;src:url(//m.baidu.com/static/search/iconfont/iconfont_58af466f.eot);src:url(//m.baidu.com/static/search/iconfont/iconfont_58af466f.eot#iefix) format('embedded-opentype'),url(//m.baidu.com/static/search/iconfont/iconfont_58af466f.woff) format('woff'),url(//m.baidu.com/static/search/iconfont/iconfont_58af466f.ttf) format('truetype'),url(//m.baidu.com/static/search/iconfont/iconfont_58af466f.svg?#iconfont) format('svg');font-weight:400;font-style:normal}[class^=sicon-],[class*=" sicon-"]{font-family:sicons!important;font-style:normal;-webkit-font-smoothing:antialiased;-webkit-text-stroke-width:.2px}[class^=alaicon-],[class*=" alaicon-"]{font-family:alaicons!important;font-style:normal;-webkit-font-smoothing:antialiased;-webkit-text-stroke-width:.2px}*{margin:0;padding:0}body{text-align:center;font-size-adjust:none;-webkit-text-size-adjust:none;font:14px Arial,Helvetica,sans-serif}input[type=search]:focus{background-color:transparent}input[type=search]::-webkit-search-cancel-button{display:none}input,button{border:0;border-radius:0;-webkit-border-radius:0;background-color:transparent;-webkit-appearance:none;-webkit-box-sizing:border-box}.se-page-bd{background-color:#f1f1f1;overflow:hidden}#results{text-align:left;padding:0}#results-top{text-align:left}a{color:#00C;text-decoration:none;-webkit-tap-highlight-color:rgba(23,23,23,.1)}a:visited{color:#606}em{color:#c00;text-decoration:none;font-style:normal}.atext{color:#00C;font-size:120%}.result{-webkit-tap-highlight-color:rgba(0,0,0,0)}.result_title{text-align:left;font-size:120%;word-break:break-all;line-height:20px;padding:6px 6px 8px;margin:0 -6px;display:block}.result_title .result_title_abs{color:#262626;word-break:break-all;font-size:14px;line-height:21px;margin:7px 0 -10px 0}.result .result_snippet,.result .abs{line-height:20px;color:#262626;word-break:break-all;padding:0 0 7px}.result_url{color:#2dbe00}.site,.date,.size{font-size:14px;color:#1f992f}.gray{color:#666}#pinyin{text-align:left;background:#fff;margin:.08rem 0;padding:.1rem .16rem;line-height:18px}#pinyin a{color:#c00}#pinyin a.original-q{color:#00c;word-break:break-all}a.result_title:visited{color:purple}a.result_title:visited .result_title_abs{color:#242424!important}a.result_title:visited .result_title_abs em{color:#c30a00!important}.card-result{border:0!important;padding:0!important}.result,.resitem,.ext-result{padding:5px 10px 9px;margin:6px 0;background:#fff}.result-img-delay{background:#eee url(//m.baidu.com/static/search/sug_logo.png) center no-repeat;background-size:22px auto;-webkit-background-size:22px auto}.rspre,.vc-guide{display:-webkit-box;padding:0 10px}.rspre .rs-title,.rs-link a,.vc-guide .vc-title,.vc-link a{font-size:14px;line-height:40px}.rspre .rs-title{width:60px;color:#262626}.rspre .rs-link,.vc-guide .vc-link{-webkit-box-flex:1;box-flex:1;height:40px;overflow:hidden}.rspre .rs-link a,.vc-guide .vc-link a{color:#00c;margin-left:16px;display:block;float:left}.rspre .rs-link a:first-child,.vc-guide .vc-link a:first-child{margin-left:13px}.result_official{display:inline-block;vertical-align:top;margin-top:3px;text-align:center;background:#7AADF4;height:13px;line-height:13px;font-size:12px;color:#fff;border-radius:1px;-webkit-border-radius:1px;padding:1px 2px}#search-card .se-page-bd .loading,#search-card .se-page-bd .loadedtips{min-height:480px}#search-card .se-page-bd .loading{color:#666;font-size:14px}#search-card .se-page-bd .loading .ico-loading{background:url(//m.baidu.com/static/search/ico-bdlogo.png) left top no-repeat;-webkit-background-size:21px 24px;width:21px;height:24px;margin:145px auto 27px}#search-card .se-page-bd .loading .ico-rotate{border:2px solid #e2e2e2;border-left:2px solid #598edc;width:40px;height:40px;-webkit-border-radius:50em;border-radius:50em;left:-11px;top:-9px;-webkit-animation:rotating 700ms linear infinite}@-webkit-keyframes rotating{0%{-webkit-transform:rotate(0deg)}100%{-webkit-transform:rotate(360deg)}}#search-card .se-page-bd .loadedtips{background:url(//m.baidu.com/static/search/load-bg.jpg) center 112px no-repeat;background-size:63px 51px;-webkit-background-size:63px 51px;padding:173px 0 0}#search-card .se-page-bd .loadedtips .btn{color:#333;border:1px solid #d7d7d7;background:-webkit-gradient(linear,left top,left bottom,from(#f6f6f6),to(#f0f0f0));width:97px;padding:10px 0;margin:10px auto 0;-webkit-box-shadow:0 1px 0 rgba(215,215,215,.3)}.search-page{position:relative}.suggest-div{top:1px!important}.input-hidden{font-family:Arial,Helvetica,sans-serif;border-radius:0;-webkit-border-radius:0;background-color:transparent;-webkit-appearance:none;-webkit-box-sizing:border-box;margin:0;resize:none;padding:7px 39px 7px 6px;text-align:left;font-size:18px;line-height:32px;position:absolute;left:6px;top:0;visibility:hidden;border:1px solid #fff;z-index:-10;height:45px}.input-hidden::-webkit-scrollbar{width:0;background-color:transparent}.adjust-input{margin:0 -74px 0 0;line-height:29px;position:relative;word-break:break-all;word-wrap:nowrap}.adjust-input+.se-inner::before{position:absolute;content:" ";top:0;left:-14px;width:14px;height:37px;z-index:9;background:#fff}.cross,.callicon-wrap{background:#fff}.se-box{position:absolute;width:100%}.result_title_abs_lr{display:-webkit-box;margin:11px 0 -12px 0}.result_title_abs_left{-webkit-box-flex:1;-webkit-line-clamp:3;margin-top:-3px;margin-bottom:3px;line-height:19px;-webkit-box-orient:vertical;overflow:hidden;display:-webkit-box}.result_title_abs_right{width:94px;margin-top:-1px;overflow:hidden}.result_title_abs_right img{height:52px;min-width:84px;margin-left:10px;display:inline-block}.wnor-title-icon{font-size:22px;position:relative;top:2px}.wnor-title-icon-word{color:#1b5fdb}.wnor-title-icon-txt{color:#666}.wnor-title-icon-pdf{color:#c5231f}.wnor-title-icon-excel{color:#0f921b}.wnor-title-icon-ppt{color:#dc6211}.se-page-hd{visibility:hidden}.result-loading{text-align:center;color:#999;margin-top:-39px;z-index:302;position:fixed;width:100%;top:50%}.c-foot-mipicon-wrap{display:inline-block}.c-foot-icon-mip{width:11px;height:15px;top:4px;position:relative}/*!css/pmd.css*/@font-face{font-family:cicons;src:url(//m.baidu.com/se/static/font/cicon_31a5a5e.eot);src:url(//m.baidu.com/se/static/font/cicon_31a5a5e.eot#iefix) format('embedded-opentype'),url(//m.baidu.com/se/static/font/cicon_bd6c4c1.woff) format('woff'),url(//m.baidu.com/se/static/font/cicon_83ba231.ttf) format('truetype'),url(//m.baidu.com/se/static/font/cicon_c5de47f.svg?#cicons) format('svg');font-weight:400;font-style:normal}.c-icon{font-family:cicons!important;font-style:normal;-webkit-font-smoothing:antialiased}html{font-size:100px}@media screen and (max-width:360px){html{font-size:90px!important}}.c-result{padding:0;margin:0;background:0 0;border:0 none}.c-blocka{display:block}.c-title{font:18px/26px Arial,Helvetica,sans-serif}.c-title-nowrap{padding-right:32px;width:100%;position:relative;white-space:nowrap;box-sizing:border-box}.c-title-nowrap .c-text{display:inline-block;vertical-align:middle}.c-title-nowrap .c-title-text{display:inline-block;max-width:100%;white-space:nowrap;overflow:hidden;text-overflow:ellipsis;vertical-align:middle}.c-font-large{font:18px/26px Arial,Helvetica,sans-serif}.c-title-wrap{display:block}.c-title-nowrap{display:none}.c-font-medium{font:16px/24px Arial,Helvetica,sans-serif}@media (min-width:376px){.c-title{display:-webkit-box;-webkit-box-orient:vertical;overflow:hidden;text-overflow:ellipsis;-webkit-line-clamp:1;min-height:26px}.c-title-nowrap{display:block}.c-title-wrap{display:none}}.c-abstract{color:#333}.c-showurl{color:#2a9457;font:14px/22px Arial,Helvetica,sans-serif}.c-gray{color:#999;font:13px/21px Arial,Helvetica,sans-serif}.c-moreinfo{color:#666;text-align:right}.c-foot-icon{display:inline-block;position:relative;top:2px;background:url(//m.baidu.com/static/search/sprite.png) no-repeat;-webkit-background-size:190px 142px;background-size:190px 142px}.c-foot-icon-16{width:16px;height:13px}.c-foot-icon-16-aladdin{display:none;background-position:0 -98px}.c-foot-icon-16-lightapp{background-position:-20px -98px}.c-container{margin:.1rem 0;padding:.1rem .17rem .08rem;background-color:#fff;width:auto;color:#333;font:14px/22px Arial,Helvetica,sans-serif;word-break:break-word;word-wrap:break-word;border:0 none}.c-container-tight{padding:.1rem .17rem .08rem;background-color:#fff;width:auto;color:#333;font:14px/22px Arial,Helvetica,sans-serif;word-break:break-word;word-wrap:break-word;border:0 none}.c-container-tile{margin:0;padding:0}.c-flexbox,.c-row{width:auto;display:-webkit-box;-webkit-box-orient:horizontal;-webkit-box-direction:normal;-webkit-box-pack:justify;-webkit-box-align:stretch;-webkit-box-lines:single;display:-webkit-flex;-webkit-flex-direction:row;-webkit-justify-content:space-between;-webkit-align-items:stretch;-webkit-align-content:flex-start;-webkit-flex-wrap:nowrap}.c-row{margin-right:-1.03092784%;margin-left:-1.03092784%}.c-row-tight{margin-right:-1px;margin-left:0}.c-row-tile{position:relative;margin:0 -.17rem}.c-row-tile .c-row{padding:0 .17rem}.c-row-top{position:relative;margin-top:-.1rem}.c-row-top .c-row:first-child{padding-top:.1rem}.c-row-bottom{position:relative;margin-bottom:-.08rem}.c-row-bottom .c-row:last-child{padding-bottom:.08rem}.c-row *,.c-row-tile *,.c-row-top *,.c-row-bottom *{-webkit-box-sizing:border-box;box-sizing:border-box}.c-span1,.c-span2,.c-span3,.c-span4,.c-span5,.c-span6,.c-span7,.c-span8,.c-span9,.c-span10,.c-span11,.c-span12{position:relative;min-height:1px;padding-right:1.03092784%;padding-left:1.03092784%}.c-row-tight .c-span1,.c-row-tight .c-span2,.c-row-tight .c-span3,.c-row-tight .c-span4,.c-row-tight .c-span5,.c-row-tight .c-span6,.c-row-tight .c-span7,.c-row-tight .c-span8,.c-row-tight .c-span9,.c-row-tight .c-span10,.c-row-tight .c-span11,.c-row-tight .c-span12{padding-right:1px;padding-left:0}.c-span1{width:8.33333333%;-webkit-box-flex:1;-webkit-flex:1 1 auto}.c-span2{width:16.66666667%;-webkit-box-flex:2;-webkit-flex:2 2 auto}.c-span3{width:25%;-webkit-box-flex:3;-webkit-flex:3 3 auto}.c-span4{width:33.33333333%;-webkit-box-flex:4;-webkit-flex:4 4 auto}.c-span5{width:41.66666667%;-webkit-box-flex:5;-webkit-flex:5 5 auto}.c-span6{width:50%;-webkit-box-flex:6;-webkit-flex:6 6 auto}.c-span7{width:58.33333333%;-webkit-box-flex:7;-webkit-flex:7 7 auto}.c-span8{width:66.66666667%;-webkit-box-flex:8;-webkit-flex:8 8 auto}.c-span9{width:75%;-webkit-box-flex:9;-webkit-flex:9 9 auto}.c-span10{width:83.33333333%;-webkit-box-flex:10;-webkit-flex:10 10 auto}.c-span11{width:91.66666667%;-webkit-box-flex:11;-webkit-flex:11 11 auto}.c-span12{width:100%;-webkit-box-flex:12;-webkit-flex:12 12 auto}.c-line-clamp2,.c-line-clamp3,.c-line-clamp4,.c-line-clamp5{display:-webkit-box;-webkit-box-orient:vertical;overflow:hidden;text-overflow:ellipsis;margin-bottom:.04rem}.c-line-clamp2{-webkit-line-clamp:2}.c-line-clamp3{-webkit-line-clamp:3}.c-line-clamp4{-webkit-line-clamp:4}.c-line-clamp5{-webkit-line-clamp:5}.c-line-clamp1{display:block;overflow:hidden;text-overflow:ellipsis;white-space:nowrap}.c-line-top{border-top:1px solid #f1f1f1}.c-line-dotted-top{border-top:1px dotted #f1f1f1}.c-line-bottom{border-bottom:1px solid #f1f1f1}.c-line-dotted-bottom{border-bottom:1px dotted #f1f1f1}.c-color{color:#333}.c-color-gray-a{color:#666}.c-color-gray{color:#999}.c-color-link{color:#00c}.c-color-url{color:#2a9457}.c-color-red{color:#e43}.c-color-red:visited{color:#e43}.c-color-orange{color:#f60}.c-color-orange:visited{color:#f60}.c-gap-top{margin-top:.08rem}.c-gap-right{margin-right:.08rem}.c-gap-bottom{margin-bottom:.08rem}.c-gap-left{margin-left:.08rem}.c-gap-top-small{margin-top:.04rem}.c-gap-right-small{margin-right:.04rem}.c-gap-bottom-small{margin-bottom:.04rem}.c-gap-left-small{margin-left:.04rem}.c-gap-top-large{margin-top:.12rem}.c-gap-right-large{margin-right:.12rem}.c-gap-bottom-large{margin-bottom:.12rem}.c-gap-left-large{margin-left:.12rem}.c-img{position:relative;display:block;width:100%;border:0 none;background:#f7f7f7 url(//m.baidu.com/static/search/image_default.png) center center no-repeat;margin:.04rem 0}.c-img img{width:100%}.c-img .c-img-text{position:absolute;left:0;bottom:0;width:100%;height:16px;background:rgba(51,51,51,.4);font-size:12px;line-height:16px;color:#fff;text-align:center}.c-img-s,.c-img-l,.c-img-w,.c-img-x,.c-img-y,.c-img-z{height:0;overflow:hidden}.c-img-s{padding-bottom:100%}.c-img-l{padding-bottom:133.33333333%}.c-img-w{padding-bottom:56.25%}.c-img-x{padding-bottom:75%}.c-img-y{padding-bottom:66.66666667%}.c-img-z{padding-bottom:40%}.c-table{width:100%;border-collapse:collapse;border-spacing:0}.c-table th{white-space:nowrap}.c-table th,.c-table td{border-bottom:1px solid #f1f1f1;text-align:left;font-weight:400;padding:7px 0}.c-table-hihead th{padding:0;border-bottom:0 none;background-color:#f6f6f6;line-height:37px}.c-table-hihead div{background-color:#f6f6f6}.c-table-hihead th:first-child div{margin-left:-.17rem;padding-left:.17rem}.c-table-hihead th:last-child div{margin-right:-.17rem;padding-right:.17rem}.c-table-noborder th,.c-table-noborder td{border-bottom:0 none}.c-table-abstract th{position:relative;color:#999;padding-top:.04rem;padding-bottom:.1rem}.c-table-abstract th:after{content:'';width:100%;height:0;border-bottom:1px solid #f1f1f1;position:absolute;left:0;top:30px}.c-table-abstract td{padding-top:.02rem;padding-bottom:.02rem}.c-table-abstract th,.c-table-abstract td{border-bottom:0 none;padding-left:1.03092784%;vertical-align:top}.c-table-abstract th:first-of-type,.c-table-abstract td:first-of-type{padding-left:0}.c-table-shaft th{color:#999}.c-table-shaft td,.c-table-shaft th{border-right:1px solid #f1f1f1;text-align:center}.c-table-shaft td:last-child,.c-table-shaft th:last-child{border-right:0}.c-table-shaft tr:last-child td{border-bottom:0}.c-slink{width:auto;display:-webkit-box;-webkit-box-orient:horizontal;-webkit-box-direction:normal;-webkit-box-pack:justify;-webkit-box-align:stretch;-webkit-box-lines:single;display:-webkit-flex;-webkit-flex-direction:row;-webkit-justify-content:space-between;-webkit-align-items:stretch;-webkit-align-content:flex-start;-webkit-flex-wrap:nowrap}.c-slink a,.c-slink .c-slink-elem{position:relative;display:block;-webkit-box-flex:1;-webkit-flex:1 1 auto;width:16.66666667%;height:32px;line-height:32px;padding:0 6px;font-size:14px;text-align:center;text-decoration:none;color:#666;overflow:hidden;text-overflow:ellipsis;white-space:nowrap}.c-slink a:first-child::before,.c-slink .c-slink-elem:first-child::before,.c-slink a::after,.c-slink .c-slink-elem::after{content:"";width:1px;height:10px;background-color:#eee;position:absolute;top:11px;right:0}.c-slink a:first-child::before,.c-slink .c-slink-elem:first-child::before{left:0}.c-slink-strong{margin-bottom:1px}.c-slink-strong:last-child{margin-bottom:0}.c-slink-strong:last-child a,.c-slink-strong:last-child .c-slink-elem{border-bottom:1px solid #eee}.c-slink-strong a,.c-slink-strong .c-slink-elem{height:38px;margin-right:1px;line-height:38px;background-color:#f8f8f8}.c-slink-strong a:last-child,.c-slink-strong .c-slink-elem:last-child{margin-right:0}.c-slink-strong a:first-child::before,.c-slink-strong .c-slink-elem:first-child::before,.c-slink-strong a::after,.c-slink-strong .c-slink-elem::after{display:none}.c-text{display:inline-block;height:14px;padding:0 2px;margin-bottom:2px;text-decoration:none;vertical-align:middle;color:#fff;font-size:10px;line-height:15px;font-style:normal;font-weight:400;overflow:hidden}.c-text-danger{background-color:#f13f40}.c-text-public{background-color:#2b99ff}.c-text-box{display:inline-block;padding:1px;margin-bottom:2px;text-decoration:none;vertical-align:middle;font-size:10px;line-height:11px;height:10px;font-style:normal;font-weight:400;overflow:hidden;-webkit-box-sizing:content-box;box-sizing:content-box}.c-text-box-gray{color:#999;border:1px solid #e3e3e3}.c-text-box-orange{color:#f60;border:1px solid #f3d9c5}.c-text-box-pink{color:#ff4683;border:1px solid #ffc7da}.c-text-box-red{color:#f13f40;border:1px solid #efb9b9}.c-text-box-blue{color:#2b99ff;border:1px solid #b3d4f3}.c-text-box-green{color:#65b12c;border:1px solid #d7efc6}.c-text-box-yellow{color:#faa90e;border:1px solid #feecc9}.c-text-info{display:inline;color:#999;font-style:normal;font-weight:400;font-family:sans-serif}.c-index{display:inline-block;width:17px;height:15px;margin:0 5px 3px 0;text-align:center;vertical-align:middle;color:#999;font-size:14px;line-height:16px;overflow:hidden}.c-index-hot,.c-index-hot1{color:#fff;background-color:#ff2d46}.c-index-hot2{color:#fff;background-color:#ff7f49}.c-index-hot3{color:#fff;background-color:#ffaa3b}.c-btn{display:inline-block;padding:0 9px;width:100%;height:38px;line-height:37px;font-size:14px;font-weight:400;text-decoration:none;text-align:center;color:#333;background-color:#fff;border:1px solid #d9d9d9;border-bottom-color:#bababa;border-radius:3px;vertical-align:middle;overflow:hidden;outline:0;-webkit-tap-highlight-color:rgba(255,0,0,0)}.c-btn:visited{color:#333}.c-btn:active{border-color:#2b99ff}.c-btn .c-icon{position:relative;top:-1px;vertical-align:middle;font-size:10px;margin:0 6px}.c-btn-primary{background-color:#f8f8f8;border-color:#d0d0d0;border-bottom-color:#b2b2b2;-webkit-box-shadow:0 1px 1px 0 #e1e1e1;box-shadow:0 1px 1px 0 #e1e1e1}.c-btn-primary .c-icon{color:#02aaf8}.c-btn-disable{color:#aaa;background-color:#f9f9f9;border-color:#eee}.c-btn-disable:visited{color:#aaa}.c-btn-disable:active{border-color:#eee}.c-btn-disable .c-icon{color:#c8c8c8}.c-input{word-break:normal;word-wrap:normal;-webkit-appearance:none;appearance:none;display:inline-block;padding:0 12px;width:100%;height:38px;vertical-align:middle;line-height:normal;font-size:14px;color:#333;background-color:#fff;border:1px solid #eee;border-color:#ddd #eee #eee #ddd;border-radius:0;overflow:hidden;outline:0}.c-input::-webkit-input-placeholder{color:#999}.c-input:focus{border-color:#2b99ff}.c-input:disabled{color:#999;background-color:#f9f9f9;border-color:#e7e7e7}.c-dropdown{position:relative;background-color:#fff}.c-dropdown::before{font-family:cicons;content:"\e73c";display:inline-block;position:absolute;bottom:0;right:12px;color:#333;font-size:12px;width:12px;height:38px;line-height:38px}.c-dropdown&gt;label{display:block;color:#999;background-color:#fff;width:100%;height:26px}.c-dropdown&gt;select{word-break:normal;word-wrap:normal;position:relative;-webkit-appearance:none;appearance:none;display:inline-block;padding:0 28px 0 12px;width:100%;height:38px;vertical-align:middle;line-height:normal;font-size:14px;color:#333;background-color:transparent;border:1px solid #eee;border-color:#ddd #eee #eee #ddd;border-radius:0;overflow:hidden;outline:0}.c-dropdown-disable{background-color:#f9f9f9}.c-dropdown-disable&gt;label{color:#999}.c-dropdown-disable&gt;select{color:#999;border-color:#e7e7e7}@-webkit-keyframes c-loading-rotation{from{-webkit-transform:rotate(1deg)}to{-webkit-transform:rotate(360deg)}}.c-loading,.c-loading-zbios{text-align:center}.c-loading i{display:block;position:relative;font-size:30px;width:54px;height:54px;line-height:52px;color:#f3f3f3;margin:auto}.c-loading i::before{content:'';display:block;position:absolute;width:50px;height:50px;margin:auto;border-radius:50%;border:2px solid #f3f3f3;border-top-color:#ddd;-webkit-transform-origin:50% 50%;transform-origin:50% 50%;-webkit-animation:c-loading-rotation 1s ease 0s infinite normal;animation:c-loading-rotation 1s ease 0s infinite normal}.c-loading-zbios i{display:block;position:relative;font-size:48px;width:54px;height:54px;line-height:54px;color:#f3f3f3;margin:auto;-webkit-transform-origin:50% 50%;transform-origin:50% 50%;-webkit-animation:c-loading-rotation .5s linear 0s infinite normal;animation:c-loading-rotation .5s linear 0s infinite normal}.c-loading p,.c-loading-zbios p{color:#999;margin-top:8px;text-indent:.5em}.c-tabs{position:relative}.c-tabs-nav{position:relative;min-width:100%;height:38px;padding:0 .17rem;font-size:14px;white-space:nowrap;background-color:#f8f8f8;display:-webkit-box;-webkit-box-orient:horizontal;-webkit-box-direction:normal;-webkit-box-pack:justify;-webkit-box-align:stretch;-webkit-box-lines:single;display:-webkit-flex;-webkit-flex-direction:row;-webkit-justify-content:space-between;-webkit-align-items:stretch;-webkit-align-content:flex-start;-webkit-flex-wrap:nowrap}.c-tabs-nav *{-webkit-box-sizing:border-box;box-sizing:border-box}.c-tabs-nav-li{display:block;-webkit-box-flex:1;-webkit-flex:1 1 auto;width:16.66666667%;list-style:none;text-decoration:none;height:38px;line-height:38px;color:#333;text-align:center;text-overflow:ellipsis;white-space:nowrap;overflow:hidden}.c-tabs-nav .c-tabs-nav-selected{color:#38f;border-bottom:1px solid #38f}.c-tabs-nav-bottom{border-top:1px solid #eee;padding:0}.c-tabs-nav-bottom .c-tabs-nav-li{color:#999}.c-tabs-nav-bottom .c-tabs-nav-icon{display:none}.c-tabs-nav-bottom .c-tabs-nav-selected{position:relative;top:-1px;height:38px;line-height:39px;color:#333;background-color:#fff;border:1px solid #f1f1f1;border-color:#fff #f1f1f1 #38f}.c-tabs-nav-bottom .c-tabs-nav-selected:first-child{margin-left:-1px}.c-tabs-nav-bottom .c-tabs-nav-selected .c-tabs-nav-icon{display:inline-block}.c-tabs-nav-view{position:relative;height:38px;background-color:#f6f6f6;overflow:hidden}.c-tabs-nav-view .c-tabs-nav{display:block}.c-tabs-nav-view .c-tabs-nav .c-tabs-nav-li{display:inline-block;width:auto;padding:0 15px}.c-tabs-nav-toggle{position:absolute;top:0;right:0;z-index:9;display:block;text-align:center;width:38px;height:38px;border-left:1px solid #eee;background-color:#f6f6f6}.c-tabs-nav-toggle::before{display:inline-block;font-family:cicons;content:"\e73c";font-size:12px;color:#333;line-height:36px}.c-tabs-nav-layer{position:absolute;top:0;z-index:8;width:100%;background-color:#f6f6f6;border-bottom:1px solid #eee}.c-tabs-nav-layer p{color:#999;height:39px;line-height:39px;padding:0 15px;border-bottom:1px solid #eee}.c-tabs-nav-layer-ul .c-tabs-nav-li{display:inline-block;width:16.66666667%;padding:0}.c-tabs-nav-layer-ul .c-tabs-nav-selected{color:#38f}.c-tabs2 .c-tabs-view-content{overflow:hidden}.c-tabs2 .c-tabs-content{position:relative;float:left;display:none}.c-tabs2 .c-tabs-selected{display:block}.c-tabs2 .c-tabs-view-content-anim{transition:height .3s cubic-bezier(0.7,0,.3,1);-webkit-transition:height .3s cubic-bezier(0.7,0,.3,1);-ms-transition:height .3s cubic-bezier(0.7,0,.3,1);-moz-transition:height .3s cubic-bezier(0.7,0,.3,1);-o-transition:height .3s cubic-bezier(0.7,0,.3,1);transform:translate3d(0,0,0);-webkit-transform:translate3d(0,0,0);-ms-transition:translate3d(0,0,0);-moz-transition:translate3d(0,0,0);-o-transition:translate3d(0,0,0)}.c-tabs2 .c-tabs-stopanimate{transition:none;-webkit-transition:none;transform:none;-webkit-transform:none;-ms-transition:none;-moz-transition:none;-o-transition:none}.c-tabs2 .c-tabs-tabcontent{transition:transform .3s cubic-bezier(0.7,0,.3,1);-webkit-transition:transform .3s cubic-bezier(0.7,0,.3,1);-ms-transition:transform .3s cubic-bezier(0.7,0,.3,1);-moz-transition:transform .3s cubic-bezier(0.7,0,.3,1);-o-transition:transform .3s cubic-bezier(0.7,0,.3,1);transform:translate3d(0,0,0);-webkit-transform:translate3d(0,0,0);-ms-transition:translate3d(0,0,0);-moz-transition:translate3d(0,0,0);-o-transition:translate3d(0,0,0)}.c-scroll-wrapper,.c-scroll-wrapper-new{position:relative;overflow:hidden}.c-scroll-wrapper-new .c-scroll-touch{padding-left:.17rem;padding-right:.17rem}.c-scroll-parent-gap{padding:0 .11rem 0 .17rem}.c-scroll-parent-gap .c-scroll-element-gap{padding-right:.1rem}.c-scroll-indicator-wrapper{text-align:center;height:6px}.c-scroll-indicator-wrapper .c-scroll-indicator{vertical-align:top}.c-scroll-indicator{display:inline-block;position:relative;height:6px}.c-scroll-indicator .c-scroll-dotty{position:absolute;width:6px;height:6px;border-radius:50%;background-color:#999}.c-scroll-indicator .c-scroll-dotty-now{background-color:#999}.c-scroll-indicator span{display:block;float:left;width:6px;height:6px;border-radius:50%;background-color:#e1e1e1;margin-right:7px}.c-scroll-indicator span:last-child{margin-right:0}.c-scroll-touch{position:relative;overflow-x:auto;-webkit-overflow-scrolling:touch;padding-bottom:30px;margin-top:-30px;-webkit-transform:translateY(30px);transform:translateY(30px)}.c-location-wrap{overflow:hidden;padding:0 15px;background-color:#f7f7f7}.c-location-header-tips{font-size:13px}.c-location-header-btn{padding-top:8px;-webkit-box-flex:0;-webkit-flex:none}.c-location-header-btn div{display:inline-block}.c-location-header-btn-reload:after{content:"";display:inline-block;overflow:hidden;width:1px;height:10px;margin:0 8px;background-color:#ccc}.c-location-header-btn-788{display:none}.c-location-header-btn-in,.c-location-header-btn-reload{color:#333}.c-location-header-btn .c-icon{color:#666;vertical-align:top}.c-location-header-tips{color:#999}.c-location-header-tips-err{color:#c00}.c-location-header-tips-success{color:#38f}.c-location-header-btn-reload-ing .c-location-header-btn-787{display:none}.c-location-header-btn-reload-ing .c-location-header-btn-788{display:inline-block;color:#999;-webkit-animation-name:c_location_rotate;-webkit-animation-duration:1.5s;-webkit-animation-iteration-count:infinite;-webkit-animation-timing-function:linear}.c-location-header-btn-reload-ing{color:#999}@-webkit-keyframes c_location_rotate{from{-webkit-transform:rotate(0deg)}to{-webkit-transform:rotate(360deg)}}@keyframes c_location_rotate{from{transform:rotate(0deg)}to{transform:rotate(360deg)}}.c-location-header-btn-in-active,.c-location-header-btn-in-active .c-icon{color:#38f}.c-location-form{position:relative}.c-location-form .c-input{padding-right:70px}.c-location-input-close{position:absolute;z-index:10;top:1px;right:37px;display:none;width:36px;height:36px;line-height:36px;text-align:center;color:#ddd;font-size:16px}.c-location-form .c-input:focus{border-color:#ddd #eee #eee #ddd;background-color:#fff}.c-location-sub{position:absolute;z-index:10;top:1px;right:1px;width:36px;height:36px;border-left:1px solid #eee;line-height:36px;text-align:center;background-color:#fafafa}.c-location-body{display:none;padding-bottom:14px}.c-location-down{display:none;border:1px solid #eee;border-top:0;background-color:#fff;-webkit-tap-highlight-color:rgba(0,0,0,0)}.c-location-down-tips{height:38px;padding-left:12px;line-height:38px;background-color:#fafafa}.c-location-down-tips-close{padding-right:12px}.c-location-down-tips-close:before{content:"";display:inline-block;width:1px;height:10px;margin-right:8px;background-color:#ddd}.c-location-down li{padding:4px 12px;border-top:1px solid #f1f1f1}.c-navs{position:relative}.c-navs-bar{position:relative;min-width:100%;height:40px;white-space:nowrap;display:-webkit-box;-webkit-box-orient:horizontal;-webkit-box-direction:normal;-webkit-box-pack:justify;-webkit-box-align:stretch;-webkit-box-lines:single;display:-webkit-flex;-webkit-flex-direction:row;-webkit-justify-content:space-between;-webkit-align-items:stretch;-webkit-align-content:flex-start;-webkit-flex-wrap:nowrap}.c-navs .c-row-tile{border-bottom:1px solid #f1f1f1}.c-navs-sub .c-navs-bar{height:38px}.c-navs-bar *{-webkit-box-sizing:border-box;box-sizing:border-box}.c-navs-bar-li{display:block;-webkit-box-flex:1;-webkit-flex:1 1 auto;width:16.66666667%;height:40px;line-height:40px;list-style:none;text-decoration:none;color:#666;text-align:center;font-size:15px;-webkit-tap-highlight-color:transparent;padding:0 17px}.c-navs-sub .c-navs-bar-li{height:38px;line-height:38px}.c-navs-bar-li span{height:100%;display:inline-block;max-width:100%;text-overflow:ellipsis;white-space:nowrap;overflow:hidden}.c-navs-bar .c-navs-bar-selected span{color:#333;font-weight:700;border-bottom:2px solid #333}.c-navs-bar-view{position:relative;overflow:hidden}.c-navs-bar-view .c-navs-bar{display:block}.c-navs-bar-view .c-navs-bar .c-navs-bar-li{display:inline-block;width:auto;padding:0 17px}.c-navs-bar-toggle{position:absolute;top:0;right:0;width:34px;height:40px;background-color:#fff}.c-navs-sub .c-navs-bar-toggle{height:38px}.c-navs-bar-toggle i{width:0;height:0;right:17px;top:17px;border-right:5px solid transparent;border-top:5px solid #999;border-left:5px solid transparent;position:absolute}.c-navs-bar-layer{position:absolute;top:0;z-index:8;width:100%;background-color:#fff;overflow-x:hidden}.c-navs-bar-layer p{color:#999;padding:9px 17px 13px}.c-navs-sub .c-navs-bar-layer p{padding:8px 17px 13px}.c-navs-bar-layer .c-row{margin-bottom:17px}.c-navs-sub .c-navs-bar-toggle i{top:16px}.c-navs-bar-layer .c-navs-bar-toggle i{border-right:5px solid transparent;border-bottom:5px solid #999;border-left:5px solid transparent;border-top:0}.c-navs-bar-layer .c-navs-bar-li{height:33px;line-height:33px;text-align:center;font-size:14px;color:#333;width:33.33333333%;-webkit-box-flex:4;-webkit-flex:4 4 auto;padding-right:1.55367232%;padding-left:1.55367232%}.c-navs-bar-layer .c-span4.c-navs-bar-li span{display:inline-block;width:100%;border:1px solid #f1f1f1;border-bottom:1px solid #f1f1f1}.c-navs-bar-layer .c-span4.c-navs-bar-selected span{border:2px solid #333;line-height:31px}.c-navs-shadow{right:34px;position:absolute;top:0;width:10px;height:40px;background:-webkit-linear-gradient(left,rgba(255,255,255,0),#fff);background:linear-gradient(to right,rgba(255,255,255,0),#fff)}.c-navs-sub .c-navs-shadow{height:38px}.c-navs-bar-mask{position:absolute;z-index:7;top:0;left:0;background:rgba(0,0,0,.65);height:1024px;width:100%}.c-navs-sub .c-navs-bar-li span{border-bottom:0;font-size:14px}.s-group-container{margin-top:.1rem;margin-bottom:.1rem;line-height:22px}.s-cluster-container{margin-top:.1rem;margin-bottom:.1rem;line-height:22px;background:#fff}.s-cluster-content-fold&gt;.c-result:before,.s-cluster-content&gt;.c-result:before,.s-cluster-bar:before{content:'';display:block;margin:0 .16rem;border-top:1px solid #f1f1f1;height:0;overflow:hidden}.s-cluster-bar:before{margin:0}.s-cluster-content-fold&gt;.c-result:first-child:before,.s-cluster-content&gt;.c-result:first-child:before{display:none}.s-cluster-content-fold&gt;.c-result&gt;.c-container,.s-cluster-content&gt;.c-result&gt;.c-container{margin-top:0;margin-bottom:0}.s-cluster-title{height:.45rem;line-height:.45rem;font-weight:400;background:#fff;padding:0 .16rem;font-size:18px}.s-cluster-title i{float:right}.s-cluster-title-link .s-cluster-title{color:#333}.s-cluster-title-arrow{display:inline-block;-moz-transform:rotate(-90deg);-webkit-transform:rotate(-90deg);transform:rotate(-90deg)}.s-cluster-bar{height:.39rem;line-height:.39rem}.s-cluster-showmore,.s-cluster-hidemore{display:block;width:100%;height:100%;text-align:center;color:#666}.s-cluster-hidemore span{transform:rotate(180deg);-ms-transform:rotate(180deg);-moz-transform:rotate(180deg);-webkit-transform:rotate(180deg);display:inline-block}.s-cluster-hidemore{display:none}.s-cluster-bar-show .s-cluster-hidemore{display:block}.s-cluster-bar-show .s-cluster-showmore{display:none}.s-frame .s-frame-shownone{display:none}.s-frame .s-frame-borderbnone{border-bottom:0}.wnor-fanyi{display:none}.wnor-fanyi-btn{position:absolute;right:12px;bottom:0;padding:12px 12px 0}.wnor-fanyi-arrow{display:inline;position:relative}.wnor-fanyi-arrow::before{content:"\e68d";font-size:13px;line-height:16px;position:absolute;right:-16px;top:-1px;color:#666}.wnor-fanyi-arrow-show::before{content:"\e68e"}.wnor-fanyi-loading{text-align:center}.wnor-fanyi-loading-icon{display:inline-block;height:24px;line-height:24px;background:url(//m.baidu.com/static/search/ico_loading.gif) no-repeat;background-size:40px 24px;padding-left:44px}.wnor-fanli-a{float:right;color:#666}.wnor-fanli-strong-wrap{display:none}.wnor-fanli-strong-wrap a{padding:4px inherit}.wnor-fanli-strong-wrap .wnor-fanli-strong-mall{-webkit-align-items:center;-webkit-box-align:center}.wnor-fanli-strong-mall .c-img-w{padding-bottom:33.3%}.wnor-fanli-strong-item-right{display:-webkit-box;-webkit-box-orient:vertical;-webkit-box-direction:normal;-webkit-box-align:stretch;-webkit-box-pack:justify}.wnor-fanli-strong-item-right .c-color-link{-webkit-box-flex:1}.wnor-fanli-strong-item-right .wnor-fanli-strong-item-link{-webkit-box-flex:1;margin-top:15px}.wnor-fanli-strong-item-mallname{width:35%;display:inline-block;color:#999}.wnor-fanli-strong-item .wnor-fanli-strong-text{width:65%;display:inline-block}.wnor-fanli-strong-text{color:#999;text-align:right}.wnor-fanli-strong-rate{color:#f60}.wnor-fanli-strong-goto{color:#999;text-align:right}.wnor-fanli-strong-foot a{padding:0 1.81818182%;color:#666}.fluent-fav-logo{width:18px;height:18px;vertical-align:middle;background-size:18px 18px;overflow:hidden;margin-right:4px;margin-top:-2px;display:inline-block}.fluent-icon{background:url(data:image/png;base64,iVBORw0KGgoAAAANSUhEUgAAAGMAAAAqCAYAAACnbOUxAAAACXBIWXMAAAsTAAALEwEAmpwYAAAKTWlDQ1BQaG90b3Nob3AgSUNDIHByb2ZpbGUAAHjanVN3WJP3Fj7f92UPVkLY8LGXbIEAIiOsCMgQWaIQkgBhhBASQMWFiApWFBURnEhVxILVCkidiOKgKLhnQYqIWotVXDjuH9yntX167+3t+9f7vOec5/zOec8PgBESJpHmomoAOVKFPDrYH49PSMTJvYACFUjgBCAQ5svCZwXFAADwA3l4fnSwP/wBr28AAgBw1S4kEsfh/4O6UCZXACCRAOAiEucLAZBSAMguVMgUAMgYALBTs2QKAJQAAGx5fEIiAKoNAOz0ST4FANipk9wXANiiHKkIAI0BAJkoRyQCQLsAYFWBUiwCwMIAoKxAIi4EwK4BgFm2MkcCgL0FAHaOWJAPQGAAgJlCLMwAIDgCAEMeE80DIEwDoDDSv+CpX3CFuEgBAMDLlc2XS9IzFLiV0Bp38vDg4iHiwmyxQmEXKRBmCeQinJebIxNI5wNMzgwAABr50cH+OD+Q5+bk4eZm52zv9MWi/mvwbyI+IfHf/ryMAgQAEE7P79pf5eXWA3DHAbB1v2upWwDaVgBo3/ldM9sJoFoK0Hr5i3k4/EAenqFQyDwdHAoLC+0lYqG9MOOLPv8z4W/gi372/EAe/tt68ABxmkCZrcCjg/1xYW52rlKO58sEQjFu9+cj/seFf/2OKdHiNLFcLBWK8ViJuFAiTcd5uVKRRCHJleIS6X8y8R+W/QmTdw0ArIZPwE62B7XLbMB+7gECiw5Y0nYAQH7zLYwaC5EAEGc0Mnn3AACTv/mPQCsBAM2XpOMAALzoGFyolBdMxggAAESggSqwQQcMwRSswA6cwR28wBcCYQZEQAwkwDwQQgbkgBwKoRiWQRlUwDrYBLWwAxqgEZrhELTBMTgN5+ASXIHrcBcGYBiewhi8hgkEQcgIE2EhOogRYo7YIs4IF5mOBCJhSDSSgKQg6YgUUSLFyHKkAqlCapFdSCPyLXIUOY1cQPqQ28ggMor8irxHMZSBslED1AJ1QLmoHxqKxqBz0XQ0D12AlqJr0Rq0Hj2AtqKn0UvodXQAfYqOY4DRMQ5mjNlhXIyHRWCJWBomxxZj5Vg1Vo81Yx1YN3YVG8CeYe8IJAKLgBPsCF6EEMJsgpCQR1hMWEOoJewjtBK6CFcJg4Qxwicik6hPtCV6EvnEeGI6sZBYRqwm7iEeIZ4lXicOE1+TSCQOyZLkTgohJZAySQtJa0jbSC2kU6Q+0hBpnEwm65Btyd7kCLKArCCXkbeQD5BPkvvJw+S3FDrFiOJMCaIkUqSUEko1ZT/lBKWfMkKZoKpRzame1AiqiDqfWkltoHZQL1OHqRM0dZolzZsWQ8ukLaPV0JppZ2n3aC/pdLoJ3YMeRZfQl9Jr6Afp5+mD9HcMDYYNg8dIYigZaxl7GacYtxkvmUymBdOXmchUMNcyG5lnmA+Yb1VYKvYqfBWRyhKVOpVWlX6V56pUVXNVP9V5qgtUq1UPq15WfaZGVbNQ46kJ1Bar1akdVbupNq7OUndSj1DPUV+jvl/9gvpjDbKGhUaghkijVGO3xhmNIRbGMmXxWELWclYD6yxrmE1iW7L57Ex2Bfsbdi97TFNDc6pmrGaRZp3mcc0BDsax4PA52ZxKziHODc57LQMtPy2x1mqtZq1+rTfaetq+2mLtcu0W7eva73VwnUCdLJ31Om0693UJuja6UbqFutt1z+o+02PreekJ9cr1Dund0Uf1bfSj9Rfq79bv0R83MDQINpAZbDE4Y/DMkGPoa5hpuNHwhOGoEctoupHEaKPRSaMnuCbuh2fjNXgXPmasbxxirDTeZdxrPGFiaTLbpMSkxeS+Kc2Ua5pmutG003TMzMgs3KzYrMnsjjnVnGueYb7ZvNv8jYWlRZzFSos2i8eW2pZ8ywWWTZb3rJhWPlZ5VvVW16xJ1lzrLOtt1ldsUBtXmwybOpvLtqitm63Edptt3xTiFI8p0in1U27aMez87ArsmuwG7Tn2YfYl9m32zx3MHBId1jt0O3xydHXMdmxwvOuk4TTDqcSpw+lXZxtnoXOd8zUXpkuQyxKXdpcXU22niqdun3rLleUa7rrStdP1o5u7m9yt2W3U3cw9xX2r+00umxvJXcM970H08PdY4nHM452nm6fC85DnL152Xlle+70eT7OcJp7WMG3I28Rb4L3Le2A6Pj1l+s7pAz7GPgKfep+Hvqa+It89viN+1n6Zfgf8nvs7+sv9j/i/4XnyFvFOBWABwQHlAb2BGoGzA2sDHwSZBKUHNQWNBbsGLww+FUIMCQ1ZH3KTb8AX8hv5YzPcZyya0RXKCJ0VWhv6MMwmTB7WEY6GzwjfEH5vpvlM6cy2CIjgR2yIuB9pGZkX+X0UKSoyqi7qUbRTdHF09yzWrORZ+2e9jvGPqYy5O9tqtnJ2Z6xqbFJsY+ybuIC4qriBeIf4RfGXEnQTJAntieTE2MQ9ieNzAudsmjOc5JpUlnRjruXcorkX5unOy553PFk1WZB8OIWYEpeyP+WDIEJQLxhP5aduTR0T8oSbhU9FvqKNolGxt7hKPJLmnVaV9jjdO31D+miGT0Z1xjMJT1IreZEZkrkj801WRNberM/ZcdktOZSclJyjUg1plrQr1zC3KLdPZisrkw3keeZtyhuTh8r35CP5c/PbFWyFTNGjtFKuUA4WTC+oK3hbGFt4uEi9SFrUM99m/ur5IwuCFny9kLBQuLCz2Lh4WfHgIr9FuxYji1MXdy4xXVK6ZHhp8NJ9y2jLspb9UOJYUlXyannc8o5Sg9KlpUMrglc0lamUycturvRauWMVYZVkVe9ql9VbVn8qF5VfrHCsqK74sEa45uJXTl/VfPV5bdra3kq3yu3rSOuk626s91m/r0q9akHV0IbwDa0b8Y3lG19tSt50oXpq9Y7NtM3KzQM1YTXtW8y2rNvyoTaj9nqdf13LVv2tq7e+2Sba1r/dd3vzDoMdFTve75TsvLUreFdrvUV99W7S7oLdjxpiG7q/5n7duEd3T8Wej3ulewf2Re/ranRvbNyvv7+yCW1SNo0eSDpw5ZuAb9qb7Zp3tXBaKg7CQeXBJ9+mfHvjUOihzsPcw83fmX+39QjrSHkr0jq/dawto22gPaG97+iMo50dXh1Hvrf/fu8x42N1xzWPV56gnSg98fnkgpPjp2Snnp1OPz3Umdx590z8mWtdUV29Z0PPnj8XdO5Mt1/3yfPe549d8Lxw9CL3Ytslt0utPa49R35w/eFIr1tv62X3y+1XPK509E3rO9Hv03/6asDVc9f41y5dn3m978bsG7duJt0cuCW69fh29u0XdwruTNxdeo94r/y+2v3qB/oP6n+0/rFlwG3g+GDAYM/DWQ/vDgmHnv6U/9OH4dJHzEfVI0YjjY+dHx8bDRq98mTOk+GnsqcTz8p+Vv9563Or59/94vtLz1j82PAL+YvPv655qfNy76uprzrHI8cfvM55PfGm/K3O233vuO+638e9H5ko/ED+UPPR+mPHp9BP9z7nfP78L/eE8/sl0p8zAAAAIGNIUk0AAHolAACAgwAA+f8AAIDpAAB1MAAA6mAAADqYAAAXb5JfxUYAAAvbSURBVHja7Jt5cFXlGYefkLCE1QQJyKYUtDpqXSsCUsWiaIUqVuuOC1hr1RnFEWtVtIhoqwURtS5Yq6LVKriASlHjVnEFUbGiFVCB1opACISQhaR/5DnjN2fOvbm5uRWm+s6cOSdn+c533uX3vu/vu8mrr69n/zvPYRuVAuBSoAq4kf9zaZGjcfYFpgMH5Xh+7YCJGoTvjJGZbARGA68AdwLdcjRuHfAlsOE7Y2QuHwP9PT4beAvYOQfj5gH5QP233RgdgT2bMNabwA0e9wSOycH8tgDVQG0zxugGDAR6NGOMtkJx361hjB2BD4D3gFnAYRmO98fg+MAczK8CWK5B0sm5wCRgBDAWmArcCrwAvA68CoxrxjxaAw8D7wBnNdGIE4ABzTFGFdDK45HA34BfZzBefnD87xw5TKVVVTrpA1wGPGjCPx7YA/hKx0KnylbWAS8BHYDbgjEbkwnAlcDvMi0dk+QLPftpYFex+zpgJTAjw4nspQFLgnd1Bu4AXm5i9DYWGeOcV5EJ/0PPjwaOAy5Qmc3Ni1GUfA/4LM29vYA/AUP9e2lzjIHwMBz4e1AdXQCU6iFVKqqDij8EGBw8f5DbZhNwGfB5Fvhf4zuGCpclwArhp9TxEVLjzjAduMUtUzkKGGKULQzO1wd6eSfN86cBU3S8Gp1kXHONEVn0COBq4KcqczJwQor73wXOdBJLgXLhqg5Y38i7zlK5n1mZDRIOfqAxbgbeBxY5n1ZWbWMSDJEPzPP+C5po/E7AxcCJFjDrgjyKUV2W8NwuAUTWAtcDT+g05MIYkYJHAt8H/gX0NloOAVoCLwKfmjDbAH/OAgKOBu72XcuAfTTK28BaYDVwcKCYnxh1P9SIF8bGu88I2j+LuTzrvodOMde/e7v/KHb/8cDuwOEa8nyNsDIbuiFTiSbxgVs89O/QYBOA8YZqsUpuLEd0C6DlfqmP+Z7bU8VEhmgvBETyQmysS4GTjeQVWRijS6zPiaTc/cLY/T+3ijsYeGNbaPruDz4iCuE1wCiV9YdGnp8bYP+mwBBRF74xmGufoKF8Qy+M5CThYTIwOwdV3OsapFcAU1dZXQ7x79eAfzbXEKExzhRbf5TFGKe6ATwlHYL4+ZDvGAv8Jc0Y5YERDzDcBwG/AHYw4ha6rwoi+q5gjIEm3ffE/GylNkjYE21mPw94twFC0ogAXdoL0XHp6rUmwdQVlmuRty0F7gGea+T5vuYKgEdMenXB9cuBYZacJ6rQGxLGKVOJ3SwOjot9xFc+u174iSSKoKFi/UbgeeC3Gm2DuWeJnr7Z/JNOdg56rVOcxwLL6y5G3nzLfwLIjKibIg11jvpZZE7clKkxTrMxOcik1V/cfRz4VYoGrovXOwLXmCci/B9gFTTYyYXJLskY9cLZ4UChEfYssBj4q1A0JojEqNL71ET9rIofouKWGEUvAts5l//QwAJ/BDwpW7AmYS5FAb1zoh6/WtSoTKiOeqnoQcJkf2mctUb4IXbimzKFqfkq7jAVHMkxcjL40TsGlUWpXe4dwGPSEa9quFmWn2XAJUG0pMtRi2Jl7lSrt+2CGr+rTSjidqXJfbLnFwBHaogZGudzI+sEvbVU51lswZDUsKEyy4yALQG1ktT9V+gA9wLnqcshlt4rfH+Tq6nn3C5SIQ/TQIsDXOvxG97TUyUP8yOjpP24xpnpJNErL9TLU8lbds8lethUQ78mSO6nGpHVwAOBEaMmrLvv/cRo7yCsXRZ8x0PmtaXAo8BusUZ01xQlbCcjrJdONVvY7K6BV8bK2dbA3sF7sy5tpwC363kA/bT0WK3eM/D0nn7gdCmH2hTV1v2NzGVN4NljzEFdxO6R7o/33teDfFEfKGuRMDfMc9MSCEzsZRYA+1kwhNXb9kGEHKZT9hV+ewhZFSJAvcYYZu/zdKxcbxv0Kc3qMyqD44ttyDb4wlOd6EKVlo4UbGNTtCCD+TyhMfbQM9sHyTGskO5KePZRjTdSZRcDpwth8e7/4ACiimLXto/xWqs1QqERO0fYiiBqiQZ5ioa1nOkBrYINcs76jE5SImFn/QBwhri7d6y6ejSBMp5h+dyYzAhIvsVWeV+q0FeErIcSyMp7rahGBznvWhvF3yS8Z6yOuCLmJDsbLVUaYrDnLjIaSq3YKt16ATsJhZN0kqjAGOF8l+WyAx8jD5TEeo43qT4ThP+e4v0BgcH7CHP3ZLB+MVyvfcxzl5hEhxph78SibprN5XkypajQX+oAVbF37BH0CFcFJSrmhHxzzsxYJ97OZ0uD8z2M3sUWL72F42Krq5ctBHJmjLMNtfKEa51jJVsLk3rYALUymXXJcE7LAm8qNjILTdpxtvRpjTwqlpPm6vFJPNkklfuWHFa8byKWQ0I91cXO72v0RToY5XdO9e+bc0mHDLRMvC3F9Y56USQtLUU3JlDPm7PohvMauT4HODZmiMvF/VEJ9w8PomJ8gP2RHJgC56PyelXsW4+SGa4JvnW4jrM2gcdqljGutEZOgqgSqYp1MSqhKmHcOqMj1zI5gDNssCYKWf+I3dseuMnjmQlVTjFfLy/HHaelCv8yhgo7JXBgg72/2KTeJhfGKLEjvjfF9UG+9P3gXFu3sLzdYFLulYGnx6W6kQgZEaPPn7QPSorkS4WhzfYdcdlPg1VbOYayOTBKJIe6nxe791Yj5BJz0GOZ8lMFCWVodzH7fI31cIpn9wp4o5AY62JCC6Nik81VJ5IXZlJJ1PHXpLi+UHJwvWsg+cDPEu4bEBhgnCxrXE5x/65LBKH0U1dbYoXNV3y9sFVgU7ubOeNGnXCOue4ijzOOjH1UGHJSq9L0B0e4fzs4tyXGfEaySu9o6o/bSmJ5h4RxT7aKOl/vXhW7p7U5Jd+qb1qKsSJW9uOEa92D4gRJ1SH2FIWWti/Z48wPeLqnLKP7CWdzA+q9UWN090X9xMRZCRVE1J32t+NdmpCs478AnBXgaTYwlW7dfL8AyjqmYBP6SlWclIIYnBlUUkmUzRa/bUvAnUHDwtJym9WBjnN0rPKcYvOJnXqpTnFEY8ao1cpXBRicCqujjjmU/BT3z1axTV2P3t39hwnXWorPV1holJsvJphYd6RhUevcoERfnwIKjw2qqNkJFV2J+87qbLTf87HsbpQfjktBCt5njpkXoMozkp2DU+WMzibtEtcBnk+hpDOCTjyTerzMcL3FhHYCjf/8hqASqUwR1Z/5Ma/ZdD2pYcY5h8Kg/p+bpq+5XeNenQCJ7c2FUYFypXA7KgO+LZQX3A6VjjldXUdF0jkFCV4S4frjKbB6OA0/BHgkIRG2DRo9EqqMIunrlXrtHBW6McUHtE/TnFYBv4997CDL3R8HjO5vY8sCcSkPoidV3uotRA200buuiYYIpdRtiuMO1yA7FcTCMfwZ54MJA3ULwviahOu7uE9FHE400Y2nYcXsehoWiI6UcCOBukhXTcXlPWmTESbumTT/R9NrNPx6YeXuHPVIZXy9wjkJaBH3uIineT5F91goYfdSrL+I5E1JvJvSTOIVjd7PJq17CqqFIEqb+i8Bs8mdlJlHK8ni5zdNkLqCWCU0TUiYkKKCWU76Hy0so2FRJxP5JEalJMkSo6OcrSvzvomX5G3j/0ZWKGZ/kcC+bm1poQPn6cB15pU8zzcZHgvYtqWS9D8wzsa4bWlYjm3ncTu39m6FXu/gcetga6POWll91WmUwoCXywvyXLXnqqVUKuTyKoKcsVrOa+W2box00lplFtrslbh1dl/kcedAuW1VaPRcm63okMvtUz6QxVi/rRqjo6zn9sG+iAaWuGuw7aDiW3+Dc6vVsyvk3DZZmldYaETbOnPd2mBbZySUGVV1QV9W900bo0UAC13tlHva3/SmYeUs8uziLFjeJKlxq3WrCRS4weMNgUKj8+XuyzwfLbVGBoh+FFdJdms1//OcUaByI6/t5nEfFd5LpbdsZJx6lVIe7MMP3ywWR+vRFbF9dL48UPzGwKO3uNVuS3DQHGPEYaMLDStiHYJk2MGPLrcbftnmKQrlzYGXRVuV++pA6dV8C+S/AwBtwzZ86x6Q4wAAAABJRU5ErkJggg==) no-repeat;background-size:33px 14px;width:33px;height:14px;vertical-align:middle;overflow:hidden;margin-left:8px;display:inline-block}.wnor-piyao-wrap{margin-top:10px;border-top:1px solid #eee}.wnor-piyao-wrap i{float:right}.c-recomm-wrap{display:none}.c-recomm-cnt{max-height:.52rem;padding-left:.18rem;overflow:hidden;word-break:break-all}.c-recomm-wrap span{position:relative}.c-recomm-wrap i{display:inline-block;font-style:normal;font-size:16px;line-height:16px;height:.16rem;width:0;position:relative;left:-.18rem}.c-recomm-wrap a{display:inline;line-height:.27rem;font-size:13px;color:#00c;word-wrap:break-word;word-break:break-all;border-right:solid 1px #c2c2c2;padding-right:.08rem}.c-recomm-wrap a:nth-child(2){margin-left:0}.c-recomm-wrap a:nth-child(2)::before{display:none}.hint-toprq-tips{text-align:left;color:#666;white-space:nowrap}.hint-toprq-tips span,.hint-toprq-tips a{display:inline-block;white-space:nowrap;vertical-align:top;line-height:14px;font-size:14px}.hint-toprq-tips span{margin-left:.16rem;padding-top:.08rem}.hint-toprq-tips a{padding:.12rem;margin-left:.1rem;background-color:#fff;border-radius:3px;color:#333;padding-bottom:.08rem;padding-top:.08rem}.hint-toprq-tips{background-color:#f1f1f1;padding-top:.11rem;padding-bottom:.02rem;height:.29rem}.hint-toprq-tips a:last-child{margin-right:.16rem}.rs-toprq-wrapper{position:relative;background-color:#f1f1f1;display:none}.hint-toprq-cover{position:absolute;top:.1rem;right:0;width:.29rem;height:.32rem;background-image:linear-gradient(to right,rgba(241,241,241,0),#f1f1f1)}.hint-toprq-item-icon{font-size:14px;width:14px;height:14px;color:#9B9FA4;margin-left:.04rem}.scroll-toprq-wrapper{width:100%;background:#fff;-webkit-box-shadow:0 2px 2px rgba(0,0,0,.1);box-shadow:0 2px 2px rgba(0,0,0,.1);position:fixed;top:0;z-index:99;display:none}.scroll-toprq-wrapper .hint-toprq-tips{margin:14px 21px 13px}.scroll-toprq-wrapper .hint-toprq-tips a{display:inline;line-height:21px}.c-recomm-cluster{border-top:.1rem solid #f1f1f1}.se-relativewords{text-align:left;background-color:#fff;margin:.1rem 0}.se-relativewords .rw-title{font-size:17px;height:41px;line-height:45px;color:#262626;padding:0 .16rem;border-bottom:1px solid #f0f0f0}.se-relativewords .rw-list{padding:.07rem .16rem;font-size:14px}.se-relativewords .rw-item{display:inline-block;width:49%;white-space:nowrap;height:35px;line-height:35px;overflow-x:hidden;text-overflow:ellipsis}.se-relativewords .rw-item:nth-child(2n):before{content:"";border-left:1px solid #dadada;margin-right:8px}.se-relativewords .rw-title-icon{margin-left:3px;font-size:18px;color:#9B9FA4}.new-pagenav{position:relative;height:52px;line-height:52px;margin:.1rem 0;background:#fff}.new-pagenav-left,.new-pagenav-right{width:40%;white-space:nowrap;-webkit-box-flex:1;-webkit-flex:1 1 auto}.new-pagenav-center{-webkit-box-flex:0;-webkit-flex:none}.new-pagenav .c-icon{color:#797979;font-size:13px}.new-pagenav .icon-logo{color:#9b9fa4;font-size:18px}.new-prepage{display:block;text-align:right}.new-prepage .c-icon{margin-right:32%}.new-nextpage{display:block;text-align:left}.new-nextpage .c-icon{margin-left:32%}.new-firstpage{display:inline-block;color:#797979;text-align:right;width:48%}.new-firstpage .c-icon{margin-right:32%}.new-firstpage+.new-prepage{display:inline-block;width:48%}.new-firstpage+.new-prepage .c-icon{margin-right:64%}.new-nextpage-only{position:absolute;display:block;width:100%;color:#333!important;z-index:1}.icon-nextpage{position:absolute;right:25%}.forNoPrefetch{width:100%;text-align:center;letter-spacing:1px}.tagSearch-top-wrapper{position:relative;background-color:#f1f1f1;display:none}.tagSearch-top-tips{background-color:#f1f1f1;padding-top:.12rem;padding-bottom:.02rem;height:29px;text-align:left;color:#666;white-space:nowrap}.tagSearch-top-tips a{padding:0 .12rem;margin-left:.1rem;background-color:#fff;border-radius:3px;color:#333;font-size:14px;height:29px;line-height:29px;display:inline-block;white-space:nowrap;vertical-align:top}.tagSearch-top-tips a:last-child{margin-right:.16rem}.tagSearch-top-item.tagSearch-top-item-select{color:#38f;font-size:14px}.tagSearch-top-item.tagSearch-top-item-select:after{content:"\e61a";margin-left:4px;font-family:cicons!important;font-style:normal;-webkit-font-smoothing:antialiased}.tagSearch-top-toast .b-toast-wrapper{padding:8px 17px;line-height:34px;border-radius:6px}.hint-tagsearch-cover{position:absolute;top:.1rem;right:0;width:.29rem;height:32px;background-image:linear-gradient(to right,rgba(241,241,241,0),#f1f1f1)}#head,#head .logo,#more,.loading .ico-rotate{position:relative}#head .logo,.h-tab,.loading .ico-rotate,.arrow{display:block}#head{font-size:16px}#head .logo{background:url(//m.baidu.com/se/static/img/iphone/pagelogo.png) no-repeat;width:87px;height:28px;background-size:87px 28px;-webkit-background-size:87px 28px;margin-top:9px;margin-right:3px}#h-tabs{color:#666;height:44px;width:100%;padding:0 .17rem;box-sizing:border-box}.h-tab{display:block;color:#666}.tabTx{position:relative;display:inline-block;height:16px;line-height:16px;padding:21px 0 5px;border-bottom:2px solid transparent;width:39px}.cur{color:#38f;border-bottom:2px solid #38f}#mo{padding-bottom:2px;padding-right:0;width:44px;text-align:right}.more-show{color:#38f}.arrow{display:inline-block;position:relative;top:-2px;right:0}.arrow::before{content:"\e68d";font-size:13px;display:inline-block;width:9px;height:16px}.arrow-show::before{content:"\e68e";color:#2d73df}#more{clear:both;display:none;border-top:1px solid #e0e0e0;border-bottom:1px solid #e0e0e0;background:#f9f9f9;-webkit-box-shadow:inset 1px 0 0 #f9f9f9,inset 0 1px 0 #f0f0f0,inset 0 -1px 0 #f0f0f0,inset -1px 0 0 #f9f9f9;padding:16px 0;line-height:22px}.more-links{margin:0 10px;text-align:center}.more-links:last-child{margin-top:19px}.more-links a{display:inline-block;width:25%;color:#666}.se-head-tablink{display:none}.searchboxtop{padding:6px 0}.se-form{position:relative;clear:both;margin-left:.17rem;margin-right:.17rem;background:#fff;height:45px;border:1px solid #d2d2d2;box-sizing:content-box;border-radius:2px;box-shadow:0 2px 0 0 rgba(0,0,0,.03);margin-bottom:2px}.con-wrap{display:box;display:-webkit-box;display:-moz-box}.se-inner{width:82px;position:relative}.se-input,.se-encode{display:block;-webkit-box-flex:1;-moz-box-flex:1;box-flex:1;padding:7px 42px 7px 6px;height:45px;line-height:32px;margin:0;font-size:18px;-webkit-appearance:none;-webkit-box-sizing:border-box;-webkit-tap-highlight-color:rgba(255,255,255,0);background-color:transparent;color:#333;resize:none;overflow:hidden;font-family:Arial,Helvetica,sans-serif;border:0;border-radius:0}.se-bn{display:block;color:#38f;text-align:center;width:82px;height:45px;border-left:1px solid #f1f1f1;letter-spacing:-1px;box-sizing:border-box}.se-bn span{font-weight:700;font-style:normal;font-size:16px}#footer-wrap{padding:.1rem 0 .08rem}.se-bearicon{display:none}</style><style type="text/css" data-version="wwwBcss_be994c5">.inapp-tuneup .inapp-btn-wrap{text-align:left;padding-top:6px;padding-bottom:3px}.inapp-tuneup .inapp-btn-wrap.resitem{padding-top:0;padding-bottom:13px}.inapp-tuneup .inapp-btn{display:inline-block;padding:0 10px;line-height:30px;height:30px;border:1px solid #B5D1FB;border-radius:3px;-webkit-border-radius:3px;background-color:#F2F7FF;color:#00c}.inapp-tuneup .inapp-btn .arr{display:inline-block;height:12px;width:12px;margin:0 6px 0 4px;background-image:url(data:image/png;base64,iVBORw0KGgoAAAANSUhEUgAAABkAAAAZCAYAAADE6YVjAAAArElEQVRIx2OwLr1/GIj/E4kZkDCxeg6TophcS/4PiCU2aAaRgtmAeBMxlpBrATMQryDWJ+RYwAjEc9HMaaa2JRPQzJiIHmeUWtKMpn8u1GdUs6QMTe8KaNwwUMuSLCD+h6RvEzR1MVDLElBwbETSsxeIObGoo9gnrEC8DIiPAzE3IfWUxAkzMRZQagnRmJaWUL1YGbVk1BLClthQyQJrSup4sjDdLDlMY0uOAABl1eMfjr1v5wAAAABJRU5ErkJggg==);background-size:12px 12px;-webkit-background-size:12px 12px;vertical-align:-2px}.inapp-tuneup .icon{width:12px;height:12px;margin:0 3px;vertical-align:-2px}.inapp-tuneup .other{color:#999;font-size:12px;margin-left:10px}.inapp-tuneup .title{color:#00c;font-size:17px;padding-bottom:4px;border-bottom:1px solid #F0F0F0;font-weight:400;padding:12px 10px 8px}.inapp-tuneup .wrap-title{margin:0 -10px}.inapp-tuneup .detail{color:#262626;font-size:14px;padding:9px 0 8px}#foot-blank{height:145px;display:none}.cross{position:absolute;top:0;left:-35px;width:35px;height:39px;bottom:0;display:none;background:url(//m.baidu.com/static/search/clear.png) no-repeat center;z-index:2;-webkit-background-size:16px;background-size:16px}.sug-visit{position:absolute;right:0;top:1px;bottom:1px;width:52px;z-index:1}.visit{padding:0 5px;line-height:18px;font-size:12px;right:7px;top:6px;color:#878787;position:absolute;border:1px solid #c8c8c8;border-radius:2px}.touched{background-color:#f2f2f2!important}.suggest-close.touched,.history-clear.touched,.suggest-control-more.touched,.suggest-control-set.touched{background-color:#eef3fe!important}.suggest-div button{display:block;border:0;width:100%;height:100%;background:none transparent;-webkit-appearance:none;margin:0;font-size:18px;line-height:22px;position:relative;text-align:left;color:#333;padding:.14rem 0 .13rem 47px;-webkit-box-sizing:border-box}.suggest-div .sug-his-graph{height:34px;line-height:20px}.sug-his-graph img{width:22px;height:22px;border:0;display:inline-block;vertical-align:middle}.sug-his-graph .sug-his-graph-kw{display:inline-block;vertical-align:middle}.sug-ent-btn .sug-ent-btn-tip{font-weight:400;font-size:12px;color:#aaa;line-height:14px;padding-top:3px}.suggest-div .direct button{padding:6px 5px 6px 17px}.sug-edit,.sug-searchicon{position:absolute;width:16px;height:100%;padding:0 17px;box-sizing:content-box;background-image:url(data:image/png;base64,iVBORw0KGgoAAAANSUhEUgAAADAAAAAwBAMAAAClLOS0AAAAGFBMVEUAAACZmZmZmZmZmZmZmZmZmZmZmZmZmZl5tJwoAAAAB3RSTlMAngL0fHuQYOPttgAAAJhJREFUOMutz7EKAjEUBdGHq9iKja021jaLrb8kC+b3JXBhwEk6bzuchFf/3P7Zfre9elia9yAMxLG1k95PeE/CJUThFqKwC1GoEIcQh06uo9DJeRQgCiEKIQoQhRAFiAJEAUKAKEAUIAoQgggBogAhiBBMCBCCCcGEACGYEEwIEIJIggnBZNlqTA5rTQjzLSafmpB8rN3XL/q9UV5mHa6fAAAAAElFTkSuQmCC);background-position:center center;background-repeat:no-repeat;background-size:16px 16px;-webkit-background-size:16px 16px;z-index:1}.sug-edit{right:0;top:0;bottom:0}.sug-del{width:11px;background-image:url(data:image/png;base64,iVBORw0KGgoAAAANSUhEUgAAACIAAAAiBAMAAADIaRbxAAAAJ1BMVEUAAACZmZmZmZmZmZmZmZmZmZmZmZmZmZmZmZmZmZmZmZmZmZmZmZmahP7BAAAADHRSTlMAAp6XpJ3165GKf+3zalVPAAAAoklEQVQoz1XRMQ4BURSF4SMq3ZBItKLV6DUKC9DbgC3INHpLUGvsAjPVW5Qh5+R/Tv0V98/VfaN6i5PadyM2Wve6lZ3YrLw0LgOClKW0HRDk2Qg0kOOX1Gj+I0YQEMQIYgQBmYBCQFMT0N4EVMpB+kddSIqoS1Hx4ZBVENGpI9p1kNRBFAQxggRBjCCg/AjkN9YoBHQ1CerUmgT1elxUb3L+AL17Xa+DK1b3AAAAAElFTkSuQmCC);background-size:11px 11px;-webkit-background-size:11px 11px}.sug-searchicon{top:0;left:0;background-image:url(data:image/png;base64,iVBORw0KGgoAAAANSUhEUgAAADAAAAAwCAMAAABg3Am1AAAAY1BMVEUAAACZmZmZmZmZmZmZmZmZmZmZmZmZmZmZmZmZmZmZmZmZmZmZmZmZmZmZmZmZmZmZmZmZmZmZmZmZmZmZmZmZmZmZmZmZmZmZmZmZmZmZmZmZmZmZmZmZmZmZmZmZmZmZmZmQGJZ5AAAAIHRSTlMA7TDyxyT45G0GHEH6gqpqNt66UA7Pnyof16KJVUehfaysbnoAAAF+SURBVEjHlZbZkoQgDEUjbiiidrv2Ovz/V851KlNtWyrkvFgKF8hCIm2Z9JjksYvzZNQT+Zjtxa252JlOSO+V21LdUzqgsJkDUa1N2VNfGl1HDmS22F9+cODarUeL7urAsLfJK8ZI0tKWNsH3+EVbnhX2bmiPJoMlz81Hg/m5on1UDoX5Pj/OcyvpiPKGU6Vr2wasj/nHCuwxrLxhcX5FZyjYYT8HwltD5zRYMyWmhj/JB7xb/28AD7VeQYtw8BYPxJf8IOYP+gP52ZGfDrlLCxPyrSA/BTJxYvtr8sG+0QRGfnrRzo3sLxMkMOx9RL0MEszIHwLIuz5I0CMDCSAg5IdnincQ2VDCBrGXpHF48zM40o0ol+AdJc1W6X2wfONc4I2rZuGdvkuqBnyZzYK61C51SVD5DFe+4NqK4TgVVO+l70UquD9onJ8VwR0oaiJWhPW4JCXFiqAu+oM1WBHSp98cL1Z4/gRulp39UZz+a/DwnsIPK3ISKmISMT3ML9AMLp70z1ucAAAAAElFTkSuQmCC)}.sug-hisicon{background-image:url(data:image/png;base64,iVBORw0KGgoAAAANSUhEUgAAADAAAAAwCAMAAABg3Am1AAAAZlBMVEUAAACZmZmZmZmZmZmZmZmZmZmZmZmZmZmZmZmZmZmZmZmZmZmZmZmZmZmZmZmZmZmZmZmZmZmZmZmZmZmZmZmZmZmZmZmZmZmZmZmZmZmZmZmZmZmZmZmZmZmZmZmZmZmZmZmZmZlLhKZbAAAAIXRSTlMA+M8EMPPtFcoScSplUNuPfhpZDEmWuHXZwE5pJcG2hdpTf5STAAABpUlEQVRIx4zP6XKCMABF4RtCZN9RXGqd8/4vWYEZK0VKvp+QM7nRStRWp/PBmMP5VLWRdiRpzEKcJtrWVI4Vd2z0mR2m4+ZSF1libZIV9cVMyWD1wVfAU5Ani4n5/DXTytWNP3qt9GPiCv2Rj2NS+3FqOg7LtXADylAbwhK4LfYAcaRfD/dYPCUGrnrJHMSd3oDRu+5ZuOw1MoAy0jJAC1EJgdVsABPq/0ChgUGTxkGqvUApuEaj43jZfjAOP07rDPTaD9SDiearAvkECubpMeR+QQ6xFIHp/ILOQKMW7vILdIdWFdS+QQ2VTlD4BgV8q4TMN8iglIPEN0jACbC+gQU2gp9SyyAFQBgGghZLBUUQQVDwYP//Sb0NrF0imJuHtWmTzCbVmpuCREpa1JJbKRVz6VxQyKV5VqOQZ6VwTqGFozVixVHrSvMZhTYf7W0Uk7Q3A2QUG5/Pr0dG1ClWGdE2BEh7EAiAmSDADCCzAcgMKgmDyu4ExsQbxqfg3tgluFdDubyh7Goo3y2LmANT/GG7HL2ktrGnpf+7OhDDezkJKhquPzeuVDmNYw5FNQAAAABJRU5ErkJggg==)}.suggest-div{position:absolute;z-index:301;left:-1px;top:0;border:1px solid #e0e0e0;border-top:0;width:100%;background:#FFF;border-bottom-left-radius:2px;border-bottom-right-radius:2px;-webkit-border-bottom-left-radius:2px;-webkit-border-bottom-right-radius:2px;box-shadow:0 1px 3px rgba(0,0,0,.2);-webkit-box-shadow:0 1px 3px rgba(0,0,0,.2)}.suggest-close{position:absolute;right:0;bottom:0;color:#666;font-size:14px;line-height:36px;z-index:2;padding:0 17px;-webkit-tap-highlight-color:rgba(0,0,0,0)}.his,.sug{font-size:16px;line-height:22px;border-bottom:1px solid #e0e0e0;word-break:break-all;text-align:left;-webkit-tap-highlight-color:rgba(0,0,0,0);position:relative;padding-right:50px}.suggest-logo{display:none;margin:7px 0 0 5px}.suggest-title{display:-webkit-box;height:36px;line-height:36px;font-size:14px;color:#666;background:#f8f8f8;position:relative}.suggest-title .history-clear{-webkit-tap-highlight-color:rgba(0,0,0,0)}.history-clear{padding:0 17px;position:relative}.his em,.sug em{font-weight:400;font-style:normal;color:#999}div.direct{height:50px;padding-right:0}.directIcon{position:relative;margin:0 10px 0 0;float:left;vertical-align:middle}.directText{position:relative}.directText p{overflow:hidden;text-overflow:ellipsis;white-space:nowrap}.directText .title{line-height:22px;font-size:18px;color:#333}.directText .info{font-size:12px;line-height:12px;color:#878787;margin:2px 0}.directText .pre{white-space:pre}.directText .num{font-size:20px}.directText .leftBorder{font-size:12px;margin-left:10px;padding-left:10px;color:#878787;border-left:1px solid #BFBFBF}.directIcon1{margin:0 0 0 -3px}.directIcon1 .icon{position:relative;width:42px;height:42px;top:-2px;background-image:none}.directIcon1 i{font-size:40px;line-height:40px}.directIcon1 .sicon-qing{color:#FFB845}.directIcon1 .sicon-yin,.directIcon1 .sicon-nightyin,.directIcon1 .sicon-xue,.directIcon1 .sicon-nightxue,.directIcon1 .sicon-leidian,.directIcon1 .sicon-nightleidian,.directIcon1 .sicon-yu,.directIcon1 .sicon-nightyu,.directIcon1 .sicon-wu,.directIcon1 .sicon-duoyun{color:#00B7FA}.directIcon1 .sicon-wumai,.directIcon1 .sicon-nightwumai,.directIcon1 .sicon-shachen,.directIcon1 .sicon-nightshachen{color:#BABABA}.directIcon1 .sicon-nightqing,.directIcon1 .sicon-nightduoyun,.directIcon1 .sicon-nightwu{color:#4176AD}.directIcon1 .sicon-yin:before,.directIcon1 .sicon-nightyin:before{content:"\e600"}.directIcon1 .sicon-wumai:before,.directIcon1 .sicon-nightwumai:before{content:"\e637"}.directIcon1 .sicon-leidian:before,.directIcon1 .sicon-nightleidian:before{content:"\e601"}.directIcon1 .sicon-qing:before{content:"\e602"}.directIcon1 .sicon-shachen:before,.directIcon1 .sicon-nightshachen:before{content:"\e603"}.directIcon1 .sicon-wu:before{content:"\e604"}.directIcon1 .sicon-xue:before,.directIcon1 .sicon-nightxue:before{content:"\e605"}.directIcon1 .sicon-duoyun:before{content:"\e606"}.directIcon1 .sicon-yu:before,.directIcon1 .sicon-nightyu:before{content:"\e607"}.directIcon1 .sicon-nightqing:before{content:"\e62c"}.directIcon1 .sicon-nightduoyun:before{content:"\e62d"}.directIcon1 .sicon-nightwu:before{content:"\e62e"}.directText1{margin-left:42px}.directText1 .title{font-size:16px}.directText1 .right{padding:0 5px;line-height:18px;font-size:12px;right:2px;top:10px;color:#878787;position:absolute;border:1px solid #c8c8c8;border-radius:2px}.directIcon2 .icon{position:relative;top:10px;width:16px;height:16px;background-image:none}.directText2{margin-left:29px}.directText2 .info{line-height:14px;color:green}.directIcon3 .icon{position:relative;width:36px;height:36px;top:1px;background-image:none}.directText3{top:1px;margin-left:46px}.directText3 .title span{position:relative;top:-2px;border:1px solid #6FA4EF;border-radius:2px;color:#fff;text-shadow:1px 1px 1px #4F7DBD;background-color:#6FA4EF;padding:0 2px;line-height:18px;font-size:12px;margin-left:5px}.sug.direct.d4{min-height:50px;height:100%}.directText4 .ball{position:relative;float:left;font-size:12px;text-align:center;width:18px;height:18px;line-height:18px;margin:2px 2px 2px 0;color:#fff;border-radius:9px}.directText4 .redball{background:#bd0005}.directText4 .blueball{background:#2e569b}div.direct.d8,div.direct.d9,div.direct.d10,div.direct.d14,div.direct.d15{height:35px}.directText15 em{font-size:12px}.directText15 a{margin-left:1px;background:url(//m.baidu.com/static/index/sugtel.png) no-repeat;background-color:#689AF1;background-size:18px 18px;border-radius:10px;color:#fff;padding:0 5px 0 24px;background-position:1px 1px;margin-right:10px;border:1px solid #689AF1;text-decoration:none}.suggest-item-last{border-bottom:0}.animate{-webkit-animation:ChangeColor 300ms linear}@-webkit-keyframes ChangeColor{0%{background:#dae6ff}50%{background:#dae6ff}100%{background:transparent}}.suggest-div button.sugat{padding:6px 0 6px 10px}.suggest-div button.sugat div{position:relative;float:left;top:1px;height:20px;width:20px;margin-right:10px}.sugat img{width:20px;height:20px}.suggest-title .suggest-at{font-size:12px;color:#777;line-height:34px;margin-left:10px}.suggest-title .suggest-at:after{content:"";position:relative;top:2px;left:6px;display:inline-block;width:10px;height:12px;background:url(//m.baidu.com/static/index/sug_at.png) no-repeat;-webkit-background-size:10px 12px;background-size:10px 12px}.suggest-panel.sug-oper{min-height:140px}.suggest-panel.sug-oper .suggest-content{border-right:1px solid #e4e4e4}.suggest-panel .suggest-oper{position:absolute;top:0;right:0;display:none;border-left:1px solid #e4e4e4}.suggest-panel.sug-oper .suggest-oper{display:block}.suggest-panel .sug-oper-btn{width:73px;height:70px;color:#777;font-size:11px;text-align:center;background:no-repeat center 13px;background-color:#fff;-webkit-background-size:24px 24px;background-size:24px 24px;padding-top:40px;-webkit-box-sizing:border-box;box-sizing:border-box;border-bottom:1px solid #f0f0f0}.suggest-panel .suggest-oper .suggest-oper-his{background-image:url(//m.baidu.com/static/index/sug-oper-his.png);border-bottom:1px solid #e2f0ff}.suggest-panel .suggest-oper.sug-active-his .suggest-oper-his{background-image:url(//m.baidu.com/static/index/sug-oper-his-active.png);background-color:#e2f0ff;color:#0078da}.suggest-panel .suggest-oper .suggest-oper-at{background-image:url(//m.baidu.com/static/index/sug-oper-at.png)}.suggest-panel .suggest-oper.sug-active-at .suggest-oper-at{background-image:url(//m.baidu.com/static/index/sug-oper-at-active.png);background-color:#e2f0ff;color:#0078da;border-bottom:1px solid #e2f0ff}.suggest-oper{display:none!important}.suggest-control-more{position:relative;display:inline-block}.suggest-control-set{display:inline-block}.suggest-control-set .sicon-setting:before{display:none;position:relative;top:1px;content:"\e628";font-size:18px;line-height:18px;color:#b1b1b1;margin-right:4px}.sicon-logo,.sicon-setting{display:none}.sicon-logo:before{display:none;position:relative;top:1px;color:#b1b1b1;content:'\e681';font-size:18px;margin-right:4px}.suggest-control-more a,.suggest-control-more a:visited,.suggest-control-set a,.suggest-control-set a:visited{color:#666;padding:0 17px;display:inline-block}.suggest-control-more:after{content:"";display:inline-block;position:absolute;right:0;border-left:1px solid #e0e0e0;height:18px;top:9px}.suggest-div .pandirect button{padding:2px 5px 0}div.pandirect{height:49px}.pandirectIcon{position:relative;margin:6px 7px 0;float:left;vertical-align:middle}.pandirectIcon img{width:24px;height:24px}.pandirectText{position:relative;font-size:18px;line-height:18px;padding:0 0 0 43px;font-weight:400}.pandirectInfo{font-size:13px;color:#878787;font-weight:400;line-height:13px;padding-right:40px;overflow:hidden;height:13px;margin-top:4px}.pandirectArrow{width:24px;height:24px;position:absolute;right:14px;top:14px}@media only screen and (min-width:568px){.se-page-relative{display:none}.se-page-bd{position:relative;padding-right:32%}.se-page-rcol{-webkit-box-sizing:border-box;position:absolute;overflow:hidden;right:0;top:.1rem;margin-top:-1px;width:32%}.se-reword{text-align:left;margin-bottom:6px;background:#fff;border:1px solid #e0e0e0;margin-right:7px}.se-reword .rw-item{width:100%}.se-reword .rw-item:nth-child(2n):before{content:none}.se-reword .rw-title{font-size:17px;height:41px;line-height:45px;color:#262626;padding:0 10px;border-bottom:1px solid #f0f0f0}.se-reword .rw-list{padding:0 10px;font-size:14px}.se-reword .rw-item{position:relative;display:block;height:48px;line-height:48px;text-overflow:ellipsis;border-bottom:1px solid #f5f5f5;white-space:nowrap;overflow-x:hidden}.se-reword .rw-item:last-child{border-bottom:0}.se-reword .rw-title{background-image:url(//m.baidu.com/tc?tcreq4log=1&amp;ct=22&amp;cst=1)}}@media only screen and (max-width:567px){.se-relativewords{display:block;background-image:url(//m.baidu.com/tc?tcreq4log=1&amp;ct=22&amp;cst=2)}.se-page-rcol{display:none}}.se-ft-promlink{padding:0 .16rem}.se-ft-promlink .footerlinkout{padding:6px 0}.se-ft-promlink .footerlinkbar{display:block;text-align:left;font-size:14px;color:#262626;height:39px;line-height:39px;border:1px solid #e0e0e0;padding-left:10px;background:#f9f9f9;overflow:hidden}.se-ft-promlink .footerlinkbar .baiduico{position:relative;float:left;background:url(//m.baidu.com/static/search/bdsl.png) no-repeat;background-size:25px 25px;-webkit-background-size:25px 25px;width:25px;height:25px;margin:6px 6px 0 0}.se-ft-promlink .footerlinkbar .linkico{position:relative;float:right;background:url(data:image/png;base64,iVBORw0KGgoAAAANSUhEUgAAAAwAAAAQCAYAAAAiYZ4HAAAAGXRFWHRTb2Z0d2FyZQBBZG9iZSBJbWFnZVJlYWR5ccllPAAAAyRpVFh0WE1MOmNvbS5hZG9iZS54bXAAAAAAADw/eHBhY2tldCBiZWdpbj0i77u/IiBpZD0iVzVNME1wQ2VoaUh6cmVTek5UY3prYzlkIj8+IDx4OnhtcG1ldGEgeG1sbnM6eD0iYWRvYmU6bnM6bWV0YS8iIHg6eG1wdGs9IkFkb2JlIFhNUCBDb3JlIDUuMy1jMDExIDY2LjE0NTY2MSwgMjAxMi8wMi8wNi0xNDo1NjoyNyAgICAgICAgIj4gPHJkZjpSREYgeG1sbnM6cmRmPSJodHRwOi8vd3d3LnczLm9yZy8xOTk5LzAyLzIyLXJkZi1zeW50YXgtbnMjIj4gPHJkZjpEZXNjcmlwdGlvbiByZGY6YWJvdXQ9IiIgeG1sbnM6eG1wPSJodHRwOi8vbnMuYWRvYmUuY29tL3hhcC8xLjAvIiB4bWxuczp4bXBNTT0iaHR0cDovL25zLmFkb2JlLmNvbS94YXAvMS4wL21tLyIgeG1sbnM6c3RSZWY9Imh0dHA6Ly9ucy5hZG9iZS5jb20veGFwLzEuMC9zVHlwZS9SZXNvdXJjZVJlZiMiIHhtcDpDcmVhdG9yVG9vbD0iQWRvYmUgUGhvdG9zaG9wIENTNiAoTWFjaW50b3NoKSIgeG1wTU06SW5zdGFuY2VJRD0ieG1wLmlpZDpBMDQ1OEUzMjRGNTAxMUUzQkNCRkM1MTMyODZCNTM4RSIgeG1wTU06RG9jdW1lbnRJRD0ieG1wLmRpZDpBMDQ1OEUzMzRGNTAxMUUzQkNCRkM1MTMyODZCNTM4RSI+IDx4bXBNTTpEZXJpdmVkRnJvbSBzdFJlZjppbnN0YW5jZUlEPSJ4bXAuaWlkOkEwNDU4RTMwNEY1MDExRTNCQ0JGQzUxMzI4NkI1MzhFIiBzdFJlZjpkb2N1bWVudElEPSJ4bXAuZGlkOkEwNDU4RTMxNEY1MDExRTNCQ0JGQzUxMzI4NkI1MzhFIi8+IDwvcmRmOkRlc2NyaXB0aW9uPiA8L3JkZjpSREY+IDwveDp4bXBtZXRhPiA8P3hwYWNrZXQgZW5kPSJyIj8+AJ3vMQAAAORJREFUeNp8kjEKwkAQRceYIoWIFwh4g1Rp01gJOYVgES+gXkDUA2gR8BKxsEljm8q9gXoAwUpQgn9hgmOymw+vmE8+m52/HaVUTEQZ/fQEQ/AggxxwBDPh9cEFeLaA1h5shO+DM3BtAa0FOIg5BKfaN/8DNAW5mEcgbQuUYAwK4U3AyhbQeoMI3IW3BAmZLsV6gQDcQI+9Hbg61K5Pbe7aAh53MRCe7iozBVzuwBfelrtqXNrh3YfC093MbVtKefeVcu7G2MOad16p4E5KUyCRx3IHEXfS+OeYdyyfd8BdNPQVYABi4ikpkErplwAAAABJRU5ErkJggg==);background-size:6px 9px;-webkit-background-size:6px 8px;width:6px;height:8px;margin:15px 12px 0}.return-link{text-align:center;padding:0}.ft-span{padding:0 18px;color:#555;font-size:13px;line-height:33px;display:inline-block;overflow:hidden}.ft-span.login-bot{max-width:110px;text-overflow:ellipsis}.ft-span.brand-item:after{content:'';display:inline-block;width:1px;background:#ccc;height:13px;left:18px;position:relative;top:2px}.ft-span:last-child:after{display:none}.login-bot .c-icon{position:relative;top:-1px}@media (max-width:359px){.ft-span.login-bot{display:block;margin:0 auto}.ft-span.feedback:after{display:none}}@media (max-width:214px){.ft-span.brand-item:after{display:none}}.se-copyright{padding:1px 0 14px;line-height:18px;font-size:13px;color:#aaa}.se-foot-logo .logo{background:url(//m.baidu.com/se/static/img/iphone/logo.png) no-repeat;width:130px;height:42px;background-size:130px 42px;-webkit-background-size:130px 42px;display:inline-block;margin:14px 0 0}.call{-webkit-tap-highlight-color:rgba(0,0,0,0);display:inline-block;position:relative;height:38px;width:51px;top:0;background-color:#f0f0f0;border:1px solid #cdcdcd;text-align:center}.call:first-child{border-right:0}.callicon-wrap{position:absolute;top:0;left:-39px;width:39px;height:100%;z-index:10}.baiduapp-icon{width:39px;height:100%;text-align:left}.baiduappcall-wrap{position:absolute;width:108px;top:53px;left:-19px;height:40px;text-align:left;display:none}.open .baiduappcall-wrap{display:block}.focus .callicon-wrap{display:none}.call.active:before{content:"";position:absolute;width:34px;height:34px;background-color:#dedede;top:2px;left:8px;z-index:1}.baiduapp-icon:after,.call:after{background:url(//m.baidu.com/static/index/promB/mmsicon.png) 1px 0 no-repeat;display:inline-block;content:"";height:20px;margin-top:9px;background-size:33px 19px;overflow:hidden;width:14px}.call:after{position:relative;z-index:2}.qrcode:after{width:22px;background-position:-13px 0;margin-left:3px}.baiduapp-icon:after{margin:13px 0 0}.baiduapp-icon:before{content:"";position:absolute;height:0;width:0;border:4px solid #fff;border-top-color:#717077;top:21px;right:12px}.open .baiduapp-icon:before{border-color:#fff;border-bottom-color:#717077;top:16px}.baiduappcall-wrap:after,.baiduappcall-wrap:before{content:"";position:absolute;top:-3px;left:23px;-webkit-transform:rotate(45deg);border:1px solid #cdcdcd;height:4px;width:4px}.baiduappcall-wrap:after{border:0;top:-1px;left:22px;width:8px;height:8px;background-color:#f0f0f0}.fankui-result-cover,.fankui-other-cover{position:absolute;top:0;left:0;right:0;bottom:0;z-index:305}.fankui-other-cover{background-color:rgba(255,255,255,.6)}.fankui-results-cover{z-index:150;background-color:rgba(76,76,76,.7)}.fankui-result-button{height:.36rem;width:.36rem;position:absolute;right:.2rem;bottom:.2rem;border-radius:.25rem;-webkit-border-radius:.25rem;background-color:#4794ff;color:#fff;font-size:.2rem}.fankui-title{margin-bottom:.18rem;margin-top:.08rem;text-align:left;font-size:.18rem;white-space:nowrap}.fankui-title-ala{margin-bottom:.1rem}.fankui-dialog{position:absolute;z-index:9999;width:100%;box-sizing:border-box;margin-top:0}.fankui-dialog .fankui-close{text-align:right}.fankui-dialog textarea{height:1.12rem;overflow:hidden;font-family:Arial,Helvetica,sans-serif;box-sizing:border-box;resize:none;padding:.09rem;margin-bottom:.12rem;margin-top:.14rem}.fankui-dialog .fankui-email{height:.38rem;padding:0 .09rem;margin-bottom:.12rem}.fankui-dialog .fankui-button{height:.54rem;margin-bottom:.12rem;float:right;font-size:.25rem;background-color:#ebebeb;color:#aaa;border-left:0;border:0}.fankui-dialog .fankui-preview-con{height:.54rem;display:none;top:0;right:0;position:absolute;background-repeat:no-repeat;background-position:center;background-size:cover;background-image:url(//m.baidu.com/se/static/img/iphone/preview_default.png)}.fankui-dialog .fankui-preview-img{height:.54rem;width:100%}.fankui-dialog .fankui-filename{height:.54rem;font-size:.14rem;color:#999;padding:0 .1rem;margin-bottom:.12rem;line-height:.54rem;text-align:left;margin-right:-.02rem;width:102%;border:1px solid #eee;border-right:0}.fankui-file,.fankui-frame{display:none}.fankui-dialog .fankui-submit{height:.38rem;color:#333}.fankui-select{height:.38rem!important;padding-left:.09rem!important}.fankui-result-con{position:absolute;top:0;left:0;right:0;bottom:0}.fankui-result-toast{width:1.51rem;height:.9rem;margin:auto;position:absolute;top:0;left:0;right:0;bottom:0;background:#333;border-radius:.06rem;z-index:1;padding-top:.18rem;box-sizing:border-box}.fankui-result-toast i{font-size:.3rem;color:#f60}.fankui-result-toast p{margin-top:.05rem;color:#fff}.fankui-header{position:fixed;top:0;height:.5rem;z-index:315;background:#333;color:#fff;width:100%}.fankui-header p{float:left;width:33%;height:.5rem;line-height:.5rem;text-align:left;padding-left:.15rem;box-sizing:border-box;font-size:.16rem;color:#fff}.fankui-header p.fankui-header-second{text-align:center;padding-left:0;padding-right:.2rem;font-size:.18rem}.fankui-header p.fankui-header-third{text-align:right;padding-right:.05rem}.fankui-header p.fankui-header-third i{margin-right:.04rem}.fankui-header-tip,.fankui-result-tip{height:38px;background-color:rgba(0,0,0,.76);color:#fff;box-sizing:border-box;font-size:.14rem}.fankui-header-tip span,.fankui-result-tip span{line-height:38px}.fankui-header-tip{width:3rem;z-index:310;margin-top:.15rem;right:.2rem;position:absolute;border-radius:.04rem 0 .04rem .04rem}.fankui-result-tip{width:2.2rem;border-radius:.04rem .04rem 0;position:absolute;right:75px;bottom:30px;padding-left:.15rem}.fankui-header-tip:before,.fankui-result-tip:before{content:"";width:0;height:0;display:block;position:absolute;top:-8px;right:0;border:4px solid #3d3e40;border-color:transparent #3d3e40 #3d3e40 transparent}.fankui-result-tip:before{border-color:transparent transparent #3d3e40 #3d3e40;right:-8px;top:30px}.fankui-footer{margin-top:.18rem;font-size:.14rem}.fankui-footer{color:#999}.fankui-footer a,.fankui-footer a:visited{color:#666}.fankui-footer .fankui-other{text-align:left}.fankui-footer .fankui-mine{text-align:right}.fankui-footer-ala{margin-top:.08rem;margin-bottom:.06rem}.fankui-popup-mask{background:rgba(0,0,0,.7)!important;position:absolute;top:0;left:0;right:0;bottom:0;z-index:999}.fankui-dialog input,.fankui-dialog textarea{color:#333;font-size:.14rem}.fankui-dialog input:-moz-placeholder,.fankui-dialog textarea:-moz-placeholder{color:#999;font-size:.14rem}.fankui-dialog input::-moz-placeholder,.fankui-dialog textarea::-moz-placeholder{color:#999;font-size:.14rem}.fankui-dialog input:-ms-input-placeholder,.fankui-dialog textarea:-ms-input-placeholder{color:#999;font-size:.14rem}.fankui-dialog input::-webkit-input-placeholder,.fankui-dialog textarea::-webkit-input-placeholder{color:#999;font-size:.14rem}.fankui-radio{margin-top:.11rem;padding-bottom:.11rem;border-bottom:1px solid #eee}.fankui-radio-name{float:left;font-size:.14rem}.fankui-radio-icon{float:right;color:#38f;width:.16rem;height:.16rem;font-size:14px;border:1px solid #ddd;position:relative}.fankui-radio-icon i{display:none;font-size:.1rem;position:absolute;top:-.02rem;left:.025rem}.fankui-radio-container .fankui-radio:last-child{border:0!important;padding-bottom:0}</style><script data-version="framejs_b0cb0f5">var Zepto=function(){function t(t){return null==t?String(t):U[V.call(t)]||"object"}function e(e){return"function"==t(e)}function n(t){return null!=t&amp;&amp;t==t.window}function i(t){return null!=t&amp;&amp;t.nodeType==t.DOCUMENT_NODE}function r(e){return"object"==t(e)}function o(t){return r(t)&amp;&amp;!n(t)&amp;&amp;Object.getPrototypeOf(t)==Object.prototype}function a(t){return"number"==typeof t.length}function s(t){return N.call(t,function(t){return null!=t})}function u(t){return t.length&gt;0?E.fn.concat.apply([],t):t}function c(t){return t.replace(/::/g,"/").replace(/([A-Z]+)([A-Z][a-z])/g,"$1_$2").replace(/([a-z\d])([A-Z])/g,"$1_$2").replace(/_/g,"-").toLowerCase()}function l(t){return t in A?A[t]:A[t]=new RegExp("(^|\\s)"+t+"(\\s|$)")}function f(t,e){return"number"!=typeof e||L[c(t)]?e:e+"px"}function h(t){var e,n;return k[t]||(e=M.createElement(t),M.body.appendChild(e),n=getComputedStyle(e,"").getPropertyValue("display"),e.parentNode.removeChild(e),"none"==n&amp;&amp;(n="block"),k[t]=n),k[t]}function p(t){return"children"in t?O.call(t.children):E.map(t.childNodes,function(t){return 1==t.nodeType?t:void 0})}function d(t,e,n){for(T in e)n&amp;&amp;(o(e[T])||G(e[T]))?(o(e[T])&amp;&amp;!o(t[T])&amp;&amp;(t[T]={}),G(e[T])&amp;&amp;!G(t[T])&amp;&amp;(t[T]=[]),d(t[T],e[T],n)):e[T]!==x&amp;&amp;(t[T]=e[T])}function m(t,e){return null==e?E(t):E(t).filter(e)}function g(t,n,i,r){return e(n)?n.call(t,i,r):n}function v(t,e,n){null==n?t.removeAttribute(e):t.setAttribute(e,n)}function y(t,e){var n=t.className||"",i=n&amp;&amp;n.baseVal!==x;return e===x?i?n.baseVal:n:void(i?n.baseVal=e:t.className=e)}function b(t){var e;try{return t?"true"==t||("false"==t?!1:"null"==t?null:/^0/.test(t)||isNaN(e=Number(t))?/^[\[\{]/.test(t)?E.parseJSON(t):t:e):t}catch(n){return t}}function w(t,e){e(t);for(var n=0,i=t.childNodes.length;i&gt;n;n++)w(t.childNodes[n],e)}var x,T,E,S,j,P,C=[],O=C.slice,N=C.filter,M=window.document,k={},A={},L={"column-count":1,columns:1,"font-weight":1,"line-height":1,opacity:1,"z-index":1,zoom:1},_=/^\s*&lt;(\w+|!)[^&gt;]*&gt;/,D=/^&lt;(\w+)\s*\/?&gt;(?:&lt;\/\1&gt;|)$/,F=/&lt;(?!area|br|col|embed|hr|img|input|link|meta|param)(([\w:]+)[^&gt;]*)\/&gt;/gi,Z=/^(?:body|html)$/i,$=/([A-Z])/g,R=["val","css","html","text","data","width","height","offset"],z=["after","prepend","before","append"],W=M.createElement("table"),q=M.createElement("tr"),I={tr:M.createElement("tbody"),tbody:W,thead:W,tfoot:W,td:q,th:q,"*":M.createElement("div")},B=/complete|loaded|interactive/,H=/^[\w-]*$/,U={},V=U.toString,X={},Y=M.createElement("div"),J={tabindex:"tabIndex",readonly:"readOnly","for":"htmlFor","class":"className",maxlength:"maxLength",cellspacing:"cellSpacing",cellpadding:"cellPadding",rowspan:"rowSpan",colspan:"colSpan",usemap:"useMap",frameborder:"frameBorder",contenteditable:"contentEditable"},G=Array.isArray||function(t){return t instanceof Array};return X.matches=function(t,e){if(!e||!t||1!==t.nodeType)return!1;var n=t.webkitMatchesSelector||t.mozMatchesSelector||t.oMatchesSelector||t.matchesSelector;if(n)return n.call(t,e);var i,r=t.parentNode,o=!r;return o&amp;&amp;(r=Y).appendChild(t),i=~X.qsa(r,e).indexOf(t),o&amp;&amp;Y.removeChild(t),i},j=function(t){return t.replace(/-+(.)?/g,function(t,e){return e?e.toUpperCase():""})},P=function(t){return N.call(t,function(e,n){return t.indexOf(e)==n})},X.fragment=function(t,e,n){var i,r,a;return D.test(t)&amp;&amp;(i=E(M.createElement(RegExp.$1))),i||(t.replace&amp;&amp;(t=t.replace(F,"&lt;$1&gt;&lt;/$2&gt;")),e===x&amp;&amp;(e=_.test(t)&amp;&amp;RegExp.$1),e in I||(e="*"),a=I[e],a.innerHTML=""+t,i=E.each(O.call(a.childNodes),function(){a.removeChild(this)})),o(n)&amp;&amp;(r=E(i),E.each(n,function(t,e){R.indexOf(t)&gt;-1?r[t](e):r.attr(t,e)})),i},X.Z=function(t,e){return t=t||[],t.__proto__=E.fn,t.selector=e||"",t},X.isZ=function(t){return t instanceof X.Z},X.init=function(t,n){var i;if(!t)return X.Z();if("string"==typeof t)if(t=t.trim(),"&lt;"==t[0]&amp;&amp;_.test(t))i=X.fragment(t,RegExp.$1,n),t=null;else{if(n!==x)return E(n).find(t);i=X.qsa(M,t)}else{if(e(t))return E(M).ready(t);if(X.isZ(t))return t;if(G(t))i=s(t);else if(r(t))i=[t],t=null;else if(_.test(t))i=X.fragment(t.trim(),RegExp.$1,n),t=null;else{if(n!==x)return E(n).find(t);i=X.qsa(M,t)}}return X.Z(i,t)},E=function(t,e){return X.init(t,e)},E.extend=function(t){var e,n=O.call(arguments,1);return"boolean"==typeof t&amp;&amp;(e=t,t=n.shift()),n.forEach(function(n){d(t,n,e)}),t},X.qsa=function(t,e){var n,r="#"==e[0],o=!r&amp;&amp;"."==e[0],a=r||o?e.slice(1):e,s=H.test(a);return i(t)&amp;&amp;s&amp;&amp;r?(n=t.getElementById(a))?[n]:[]:1!==t.nodeType&amp;&amp;9!==t.nodeType?[]:O.call(s&amp;&amp;!r?o?t.getElementsByClassName(a):t.getElementsByTagName(e):t.querySelectorAll(e))},E.contains=M.documentElement.contains?function(t,e){return t!==e&amp;&amp;t.contains(e)}:function(t,e){for(;e&amp;&amp;(e=e.parentNode);)if(e===t)return!0;return!1},E.type=t,E.isFunction=e,E.isWindow=n,E.isArray=G,E.isPlainObject=o,E.isEmptyObject=function(t){var e;for(e in t)return!1;return!0},E.inArray=function(t,e,n){return C.indexOf.call(e,t,n)},E.camelCase=j,E.trim=function(t){return null==t?"":String.prototype.trim.call(t)},E.uuid=0,E.support={},E.expr={},E.map=function(t,e){var n,i,r,o=[];if(a(t))for(i=0;i&lt;t.length;i++)n=e(t[i],i),null!=n&amp;&amp;o.push(n);else for(r in t)n=e(t[r],r),null!=n&amp;&amp;o.push(n);return u(o)},E.each=function(t,e){var n,i;if(a(t)){for(n=0;n&lt;t.length;n++)if(e.call(t[n],n,t[n])===!1)return t}else for(i in t)if(e.call(t[i],i,t[i])===!1)return t;return t},E.grep=function(t,e){return N.call(t,e)},window.JSON&amp;&amp;(E.parseJSON=JSON.parse),E.each("Boolean Number String Function Array Date RegExp Object Error".split(" "),function(t,e){U["[object "+e+"]"]=e.toLowerCase()}),E.fn={forEach:C.forEach,reduce:C.reduce,push:C.push,sort:C.sort,indexOf:C.indexOf,concat:C.concat,map:function(t){return E(E.map(this,function(e,n){return t.call(e,n,e)}))},slice:function(){return E(O.apply(this,arguments))},ready:function(t){return B.test(M.readyState)&amp;&amp;M.body?t(E):M.addEventListener("DOMContentLoaded",function(){t(E)},!1),this},get:function(t){return t===x?O.call(this):this[t&gt;=0?t:t+this.length]},toArray:function(){return this.get()},size:function(){return this.length},remove:function(){return this.each(function(){null!=this.parentNode&amp;&amp;this.parentNode.removeChild(this)})},each:function(t){return C.every.call(this,function(e,n){return t.call(e,n,e)!==!1}),this},filter:function(t){return e(t)?this.not(this.not(t)):E(N.call(this,function(e){return X.matches(e,t)}))},add:function(t,e){return E(P(this.concat(E(t,e))))},is:function(t){return this.length&gt;0&amp;&amp;X.matches(this[0],t)},not:function(t){var n=[];if(e(t)&amp;&amp;t.call!==x)this.each(function(e){t.call(this,e)||n.push(this)});else{var i="string"==typeof t?this.filter(t):a(t)&amp;&amp;e(t.item)?O.call(t):E(t);this.forEach(function(t){i.indexOf(t)&lt;0&amp;&amp;n.push(t)})}return E(n)},has:function(t){return this.filter(function(){return r(t)?E.contains(this,t):E(this).find(t).size()})},eq:function(t){return-1===t?this.slice(t):this.slice(t,+t+1)},first:function(){var t=this[0];return t&amp;&amp;!r(t)?t:E(t)},last:function(){var t=this[this.length-1];return t&amp;&amp;!r(t)?t:E(t)},find:function(t){var e,n=this;return e=t?"object"==typeof t?E(t).filter(function(){var t=this;return C.some.call(n,function(e){return E.contains(e,t)})}):1==this.length?E(X.qsa(this[0],t)):this.map(function(){return X.qsa(this,t)}):[]},closest:function(t,e){var n=this[0],r=!1;for("object"==typeof t&amp;&amp;(r=E(t));n&amp;&amp;!(r?r.indexOf(n)&gt;=0:X.matches(n,t));)n=n!==e&amp;&amp;!i(n)&amp;&amp;n.parentNode;return E(n)},parents:function(t){for(var e=[],n=this;n.length&gt;0;)n=E.map(n,function(t){return(t=t.parentNode)&amp;&amp;!i(t)&amp;&amp;e.indexOf(t)&lt;0?(e.push(t),t):void 0});return m(e,t)},parent:function(t){return m(P(this.pluck("parentNode")),t)},children:function(t){return m(this.map(function(){return p(this)}),t)},contents:function(){return this.map(function(){return O.call(this.childNodes)})},siblings:function(t){return m(this.map(function(t,e){return N.call(p(e.parentNode),function(t){return t!==e})}),t)},empty:function(){return this.each(function(){this.innerHTML=""})},pluck:function(t){return E.map(this,function(e){return e[t]})},show:function(){return this.each(function(){"none"==this.style.display&amp;&amp;(this.style.display=""),"none"==getComputedStyle(this,"").getPropertyValue("display")&amp;&amp;(this.style.display=h(this.nodeName))})},replaceWith:function(t){return this.before(t).remove()},wrap:function(t){var n=e(t);if(this[0]&amp;&amp;!n)var i=E(t).get(0),r=i.parentNode||this.length&gt;1;return this.each(function(e){E(this).wrapAll(n?t.call(this,e):r?i.cloneNode(!0):i)})},wrapAll:function(t){if(this[0]){E(this[0]).before(t=E(t));for(var e;(e=t.children()).length;)t=e.first();E(t).append(this)}return this},wrapInner:function(t){var n=e(t);return this.each(function(e){var i=E(this),r=i.contents(),o=n?t.call(this,e):t;r.length?r.wrapAll(o):i.append(o)})},unwrap:function(){return this.parent().each(function(){E(this).replaceWith(E(this).children())}),this},clone:function(){return this.map(function(){return this.cloneNode(!0)})},hide:function(){return this.css("display","none")},toggle:function(t){return this.each(function(){var e=E(this);(t===x?"none"==e.css("display"):t)?e.show():e.hide()})},prev:function(t){return E(this.pluck("previousElementSibling")).filter(t||"*")},next:function(t){return E(this.pluck("nextElementSibling")).filter(t||"*")},html:function(t){return 0 in arguments?this.each(function(e){var n=this.innerHTML;E(this).empty().append(g(this,t,e,n))}):0 in this?this[0].innerHTML:null},text:function(t){return 0 in arguments?this.each(function(e){var n=g(this,t,e,this.textContent);this.textContent=null==n?"":""+n}):0 in this?this[0].textContent:null},attr:function(t,e){var n;return"string"!=typeof t||1 in arguments?this.each(function(n){if(1===this.nodeType)if(r(t))for(T in t)v(this,T,t[T]);else v(this,t,g(this,e,n,this.getAttribute(t)))}):this.length&amp;&amp;1===this[0].nodeType?!(n=this[0].getAttribute(t))&amp;&amp;t in this[0]?this[0][t]:n:x},removeAttr:function(t){return this.each(function(){1===this.nodeType&amp;&amp;v(this,t)})},prop:function(t,e){return t=J[t]||t,1 in arguments?this.each(function(n){this[t]=g(this,e,n,this[t])}):this[0]&amp;&amp;this[0][t]},data:function(t,e){var n="data-"+t.replace($,"-$1").toLowerCase(),i=1 in arguments?this.attr(n,e):this.attr(n);return null!==i?b(i):x},val:function(t){return 0 in arguments?this.each(function(e){this.value=g(this,t,e,this.value)}):this[0]&amp;&amp;(this[0].multiple?E(this[0]).find("option").filter(function(){return this.selected}).pluck("value"):this[0].value)},offset:function(t){if(t)return this.each(function(e){var n=E(this),i=g(this,t,e,n.offset()),r=n.offsetParent().offset(),o={top:i.top-r.top,left:i.left-r.left};"static"==n.css("position")&amp;&amp;(o.position="relative"),n.css(o)});if(!this.length)return null;var e=this[0].getBoundingClientRect();return{left:e.left+window.pageXOffset,top:e.top+window.pageYOffset,width:Math.round(e.width),height:Math.round(e.height)}},css:function(e,n){if(arguments.length&lt;2){var i=this[0],r=getComputedStyle(i,"");if(!i)return;if("string"==typeof e)return i.style[j(e)]||r.getPropertyValue(e);if(G(e)){var o={};return E.each(e,function(t,e){o[e]=i.style[j(e)]||r.getPropertyValue(e)}),o}}var a="";if("string"==t(e))n||0===n?a=c(e)+":"+f(e,n):this.each(function(){this.style.removeProperty(c(e))});else for(T in e)e[T]||0===e[T]?a+=c(T)+":"+f(T,e[T])+";":this.each(function(){this.style.removeProperty(c(T))});return this.each(function(){this.style.cssText+=";"+a})},index:function(t){return t?this.indexOf(E(t)[0]):this.parent().children().indexOf(this[0])},hasClass:function(t){return t?C.some.call(this,function(t){return this.test(y(t))},l(t)):!1},addClass:function(t){return t?this.each(function(e){if("className"in this){S=[];var n=y(this),i=g(this,t,e,n);i.split(/\s+/g).forEach(function(t){E(this).hasClass(t)||S.push(t)},this),S.length&amp;&amp;y(this,n+(n?" ":"")+S.join(" "))}}):this},removeClass:function(t){return this.each(function(e){if("className"in this){if(t===x)return y(this,"");S=y(this),g(this,t,e,S).split(/\s+/g).forEach(function(t){S=S.replace(l(t)," ")}),y(this,S.trim())}})},toggleClass:function(t,e){return t?this.each(function(n){var i=E(this),r=g(this,t,n,y(this));r.split(/\s+/g).forEach(function(t){(e===x?!i.hasClass(t):e)?i.addClass(t):i.removeClass(t)})}):this},scrollTop:function(t){if(this.length){var e="scrollTop"in this[0];return t===x?e?this[0].scrollTop:this[0].pageYOffset:this.each(e?function(){this.scrollTop=t}:function(){this.scrollTo(this.scrollX,t)})}},scrollLeft:function(t){if(this.length){var e="scrollLeft"in this[0];return t===x?e?this[0].scrollLeft:this[0].pageXOffset:this.each(e?function(){this.scrollLeft=t}:function(){this.scrollTo(t,this.scrollY)})}},position:function(){if(this.length){var t=this[0],e=this.offsetParent(),n=this.offset(),i=Z.test(e[0].nodeName)?{top:0,left:0}:e.offset();return n.top-=parseFloat(E(t).css("margin-top"))||0,n.left-=parseFloat(E(t).css("margin-left"))||0,i.top+=parseFloat(E(e[0]).css("border-top-width"))||0,i.left+=parseFloat(E(e[0]).css("border-left-width"))||0,{top:n.top-i.top,left:n.left-i.left}}},offsetParent:function(){return this.map(function(){for(var t=this.offsetParent||M.body;t&amp;&amp;!Z.test(t.nodeName)&amp;&amp;"static"==E(t).css("position");)t=t.offsetParent;return t})}},E.fn.detach=E.fn.remove,["width","height"].forEach(function(t){var e=t.replace(/./,function(t){return t[0].toUpperCase()});E.fn[t]=function(r){var o,a=this[0];return r===x?n(a)?a["inner"+e]:i(a)?a.documentElement["scroll"+e]:(o=this.offset())&amp;&amp;o[t]:this.each(function(e){a=E(this),a.css(t,g(this,r,e,a[t]()))})}}),z.forEach(function(e,n){var i=n%2;E.fn[e]=function(){var e,r,o=E.map(arguments,function(n){return e=t(n),"object"==e||"array"==e||null==n?n:X.fragment(n)}),a=this.length&gt;1;return o.length&lt;1?this:this.each(function(t,e){r=i?e:e.parentNode,e=0==n?e.nextSibling:1==n?e.firstChild:2==n?e:null;var s=E.contains(M.documentElement,r);o.forEach(function(t){if(a)t=t.cloneNode(!0);else if(!r)return E(t).remove();r.insertBefore(t,e),s&amp;&amp;w(t,function(t){null==t.nodeName||"SCRIPT"!==t.nodeName.toUpperCase()||t.type&amp;&amp;"text/javascript"!==t.type||t.src||window.eval.call(window,t.innerHTML)})})})},E.fn[i?e+"To":"insert"+(n?"Before":"After")]=function(t){return E(t)[e](this),this}}),X.Z.prototype=E.fn,X.uniq=P,X.deserializeValue=b,E.zepto=X,E}();window.$=window.Zepto=Zepto,function(t){function e(t){return t._zid||(t._zid=h++)}function n(t,n,o,a){if(n=i(n),n.ns)var s=r(n.ns);return(g[e(t)]||[]).filter(function(t){return!(!t||n.e&amp;&amp;t.e!=n.e||n.ns&amp;&amp;!s.test(t.ns)||o&amp;&amp;e(t.fn)!==e(o)||a&amp;&amp;t.sel!=a)})}function i(t){var e=(""+t).split(".");return{e:e[0],ns:e.slice(1).sort().join(" ")}}function r(t){return new RegExp("(?:^| )"+t.replace(" "," .* ?")+"(?: |$)")}function o(t,e){return t.del&amp;&amp;!y&amp;&amp;t.e in b||!!e}function a(t){return w[t]||y&amp;&amp;b[t]||t}function s(n,r,s,u,l,h,p){var d=e(n),m=g[d]||(g[d]=[]);r.split(/\s/).forEach(function(e){if("ready"==e)return t(document).ready(s);var r=i(e);r.fn=s,r.sel=l,r.e in w&amp;&amp;(s=function(e){var n=e.relatedTarget;return!n||n!==this&amp;&amp;!t.contains(this,n)?r.fn.apply(this,arguments):void 0}),r.del=h;var d=h||s;r.proxy=function(e){if(e=c(e),!e.isImmediatePropagationStopped()){e._data=u,e.data=t.extend({},u,e._args);var i=d.apply(n,e._args==f?[e]:[e].concat(e._args));return i===!1&amp;&amp;(e.preventDefault(),e.stopPropagation()),i}},r.i=m.length,m.push(r),"addEventListener"in n&amp;&amp;n.addEventListener(a(r.e),r.proxy,o(r,p))})}function u(t,i,r,s,u){var c=e(t);(i||"").split(/\s/).forEach(function(e){n(t,e,r,s).forEach(function(e){delete g[c][e.i],"removeEventListener"in t&amp;&amp;t.removeEventListener(a(e.e),e.proxy,o(e,u))})})}function c(e,n){return(n||!e.isDefaultPrevented)&amp;&amp;(n||(n=e),t.each(S,function(t,i){var r=n[t];e[t]=function(){return this[i]=x,r&amp;&amp;r.apply(n,arguments)},e[i]=T}),(n.defaultPrevented!==f?n.defaultPrevented:"returnValue"in n?n.returnValue===!1:n.getPreventDefault&amp;&amp;n.getPreventDefault())&amp;&amp;(e.isDefaultPrevented=x)),e}function l(t){var e,n={originalEvent:t};for(e in t)E.test(e)||t[e]===f||(n[e]=t[e]);return c(n,t)}var f,h=1,p=Array.prototype.slice,d=t.isFunction,m=function(t){return"string"==typeof t},g={},v={},y="onfocusin"in window,b={focus:"focusin",blur:"focusout"},w={mouseenter:"mouseover",mouseleave:"mouseout"};v.click=v.mousedown=v.mouseup=v.mousemove="MouseEvents",t.event={add:s,remove:u},t.proxy=function(n,i){var r=2 in arguments&amp;&amp;p.call(arguments,2);if(d(n)){var o=function(){return n.apply(i,r?r.concat(p.call(arguments)):arguments)};return o._zid=e(n),o}if(m(i))return r?(r.unshift(n[i],n),t.proxy.apply(null,r)):t.proxy(n[i],n);throw new TypeError("expected function")},t.fn.bind=function(t,e,n){return this.on(t,e,n)},t.fn.unbind=function(t,e){return this.off(t,e)},t.fn.one=function(t,e,n,i){return this.on(t,e,n,i,1)};var x=function(){return!0},T=function(){return!1},E=/^([A-Z]|returnValue$|layer[XY]$)/,S={preventDefault:"isDefaultPrevented",stopImmediatePropagation:"isImmediatePropagationStopped",stopPropagation:"isPropagationStopped"};t.fn.delegate=function(t,e,n){return this.on(e,t,n)},t.fn.undelegate=function(t,e,n){return this.off(e,t,n)},t.fn.live=function(e,n){return t(document.body).delegate(this.selector,e,n),this},t.fn.die=function(e,n){return t(document.body).undelegate(this.selector,e,n),this},t.fn.on=function(e,n,i,r,o){var a,c,h=this;return e&amp;&amp;!m(e)?(t.each(e,function(t,e){h.on(t,n,i,e,o)}),h):(m(n)||d(r)||r===!1||(r=i,i=n,n=f),(d(i)||i===!1)&amp;&amp;(r=i,i=f),r===!1&amp;&amp;(r=T),h.each(function(f,h){o&amp;&amp;(a=function(t){return u(h,t.type,r),r.apply(this,arguments)}),n&amp;&amp;(c=function(e){var i,o=t(e.target).closest(n,h).get(0);return o&amp;&amp;o!==h?(i=t.extend(l(e),{currentTarget:o,liveFired:h}),(a||r).apply(o,[i].concat(p.call(arguments,1)))):void 0}),s(h,e,r,i,n,c||a)}))},t.fn.off=function(e,n,i){var r=this;return e&amp;&amp;!m(e)?(t.each(e,function(t,e){r.off(t,n,e)}),r):(m(n)||d(i)||i===!1||(i=n,n=f),i===!1&amp;&amp;(i=T),r.each(function(){u(this,e,i,n)}))},t.fn.trigger=function(e,n){return e=m(e)||t.isPlainObject(e)?t.Event(e):c(e),e._args=n,e.data=n,e.forwardedTouchEvent=!0,this.each(function(){"dispatchEvent"in this?this.dispatchEvent(e):t(this).triggerHandler(e,n)})},t.fn.triggerHandler=function(e,i){var r,o;return this.each(function(a,s){r=l(m(e)?t.Event(e):e),r._args=i,r.data=i,r.target=s,t.each(n(s,e.type||e),function(t,e){return o=e.proxy(r),r.isImmediatePropagationStopped()?!1:void 0})}),o},"focusin focusout load resize scroll unload click dblclick mousedown mouseup mousemove mouseover mouseout mouseenter mouseleave change select keydown keypress keyup error".split(" ").forEach(function(e){t.fn[e]=function(t){return t?this.bind(e,t):this.trigger(e)}}),["focus","blur"].forEach(function(e){t.fn[e]=function(t){return t?this.bind(e,t):this.each(function(){try{this[e]()}catch(t){}}),this}}),t.Event=function(t,e){m(t)||(e=t,t=e.type);var n=document.createEvent(v[t]||"Events"),i=!0;if(e)for(var r in e)"bubbles"==r?i=!!e[r]:n[r]=e[r];return n.initEvent(t,i,!0),c(n)}}(Zepto),function(t){function e(e,n,i){var r=t.Event(n);return t(e).trigger(r,i),!r.isDefaultPrevented()}function n(t,n,i,r){return t.global?e(n||y,i,r):void 0}function i(e){e.global&amp;&amp;0===t.active++&amp;&amp;n(e,null,"ajaxStart")}function r(e){e.global&amp;&amp;!--t.active&amp;&amp;n(e,null,"ajaxStop")}function o(t,e){var i=e.context;return e.beforeSend.call(i,t,e)===!1||n(e,i,"ajaxBeforeSend",[t,e])===!1?!1:void n(e,i,"ajaxSend",[t,e])}function a(t,e,i,r){var o=i.context,a="success";i.success.call(o,t,a,e),r&amp;&amp;r.resolveWith(o,[t,a,e]),n(i,o,"ajaxSuccess",[e,i,t]),u(a,e,i)}function s(t,e,i,r,o){var a=r.context;r.error.call(a,i,e,t),o&amp;&amp;o.rejectWith(a,[i,e,t]),n(r,a,"ajaxError",[i,r,t||e]),u(e,i,r)}function u(t,e,i){var o=i.context;i.complete.call(o,e,t),n(i,o,"ajaxComplete",[e,i]),r(i)}function c(){}function l(t){return t&amp;&amp;(t=t.split(";",2)[0]),t&amp;&amp;(t==E?"html":t==T?"json":w.test(t)?"script":x.test(t)&amp;&amp;"xml")||"text"}function f(t,e){return""==e?t:(t+"&amp;"+e).replace(/[&amp;?]{1,2}/,"?")}function h(e){e.processData&amp;&amp;e.data&amp;&amp;"string"!=t.type(e.data)&amp;&amp;(e.data=t.param(e.data,e.traditional)),!e.data||e.type&amp;&amp;"GET"!=e.type.toUpperCase()||(e.url=f(e.url,e.data),e.data=void 0)}function p(e,n,i,r){return t.isFunction(n)&amp;&amp;(r=i,i=n,n=void 0),t.isFunction(i)||(r=i,i=void 0),{url:e,data:n,success:i,dataType:r}}function d(e,n,i,r){var o,a=t.isArray(n),s=t.isPlainObject(n);t.each(n,function(n,u){o=t.type(u),r&amp;&amp;(n=i?r:r+"["+(s||"object"==o||"array"==o?n:"")+"]"),!r&amp;&amp;a?e.add(u.name,u.value):"array"==o||!i&amp;&amp;"object"==o?d(e,u,i,n):e.add(n,u)})}var m,g,v=0,y=window.document,b=/&lt;script\b[^&lt;]*(?:(?!&lt;\/script&gt;)&lt;[^&lt;]*)*&lt;\/script&gt;/gi,w=/^(?:text|application)\/javascript/i,x=/^(?:text|application)\/xml/i,T="application/json",E="text/html",S=/^\s*$/;t.active=0,t.ajaxJSONP=function(e,n){if(!("type"in e))return t.ajax(e);var i,r,u=e.jsonpCallback,c=(t.isFunction(u)?u():u)||"jsonp"+ ++v,l=y.createElement("script"),f=window[c],h=function(e){t(l).triggerHandler("error",e||"abort")},p={abort:h};return n&amp;&amp;n.promise(p),t(l).on("load error",function(o,u){clearTimeout(r),t(l).off().remove(),"error"!=o.type&amp;&amp;i?a(i[0],p,e,n):s(null,u||"error",p,e,n),window[c]=f,i&amp;&amp;t.isFunction(f)&amp;&amp;f(i[0]),f=i=void 0}),o(p,e)===!1?(h("abort"),p):(window[c]=function(){i=arguments},l.src=e.url.replace(/\?(.+)=\?/,"?$1="+c),y.head.appendChild(l),e.timeout&gt;0&amp;&amp;(r=setTimeout(function(){h("timeout")},e.timeout)),p)},t.ajaxSettings={type:"GET",beforeSend:c,success:c,error:c,complete:c,context:null,global:!0,xhr:function(){return new window.XMLHttpRequest},accepts:{script:"text/javascript, application/javascript, application/x-javascript",json:T,xml:"application/xml, text/xml",html:E,text:"text/plain"},crossDomain:!1,timeout:0,processData:!0,cache:!0},t.ajax=function(e){var n=t.extend({},e||{}),r=t.Deferred&amp;&amp;t.Deferred();for(m in t.ajaxSettings)void 0===n[m]&amp;&amp;(n[m]=t.ajaxSettings[m]);i(n),n.crossDomain||(n.crossDomain=/^([\w-]+:)?\/\/([^\/]+)/.test(n.url)&amp;&amp;RegExp.$2!=window.location.host),n.url||(n.url=window.location.toString()),h(n);var u=n.dataType,p=/\?.+=\?/.test(n.url);if(p&amp;&amp;(u="jsonp"),n.cache!==!1&amp;&amp;(e&amp;&amp;e.cache===!0||"script"!=u&amp;&amp;"jsonp"!=u)||(n.url=f(n.url,"_="+Date.now())),"jsonp"==u)return p||(n.url=f(n.url,n.jsonp?n.jsonp+"=?":n.jsonp===!1?"":"callback=?")),t.ajaxJSONP(n,r);var d,v=n.accepts[u],y={},b=function(t,e){y[t.toLowerCase()]=[t,e]},w=/^([\w-]+:)\/\//.test(n.url)?RegExp.$1:window.location.protocol,x=n.xhr(),T=x.setRequestHeader;if(r&amp;&amp;r.promise(x),n.crossDomain||b("X-Requested-With","XMLHttpRequest"),b("Accept",v||"*/*"),(v=n.mimeType||v)&amp;&amp;(v.indexOf(",")&gt;-1&amp;&amp;(v=v.split(",",2)[0]),x.overrideMimeType&amp;&amp;x.overrideMimeType(v)),(n.contentType||n.contentType!==!1&amp;&amp;n.data&amp;&amp;"GET"!=n.type.toUpperCase())&amp;&amp;b("Content-Type",n.contentType||"application/x-www-form-urlencoded"),n.headers)for(g in n.headers)b(g,n.headers[g]);if(x.setRequestHeader=b,x.onreadystatechange=function(){if(4==x.readyState){x.onreadystatechange=c,clearTimeout(d);var e,i=!1;if(x.status&gt;=200&amp;&amp;x.status&lt;300||304==x.status||0==x.status&amp;&amp;"file:"==w){u=u||l(n.mimeType||x.getResponseHeader("content-type")),e=x.responseText;try{"script"==u?(1,eval)(e):"xml"==u?e=x.responseXML:"json"==u&amp;&amp;(e=S.test(e)?null:t.parseJSON(e))}catch(o){i=o}i?s(i,"parsererror",x,n,r):a(e,x,n,r)}else s(x.statusText||null,x.status?"error":"abort",x,n,r)}},o(x,n)===!1)return x.abort(),s(null,"abort",x,n,r),x;if(n.xhrFields)for(g in n.xhrFields)x[g]=n.xhrFields[g];var E="async"in n?n.async:!0;x.open(n.type,n.url,E,n.username,n.password);for(g in y)T.apply(x,y[g]);return n.timeout&gt;0&amp;&amp;(d=setTimeout(function(){x.onreadystatechange=c,x.abort(),s(null,"timeout",x,n,r)},n.timeout)),x.send(n.data?n.data:null),x},t.get=function(){return t.ajax(p.apply(null,arguments))},t.post=function(){var e=p.apply(null,arguments);return e.type="POST",t.ajax(e)},t.getJSON=function(){var e=p.apply(null,arguments);return e.dataType="json",t.ajax(e)},t.fn.load=function(e,n,i){if(!this.length)return this;var r,o=this,a=e.split(/\s/),s=p(e,n,i),u=s.success;return a.length&gt;1&amp;&amp;(s.url=a[0],r=a[1]),s.success=function(e){o.html(r?t("&lt;div&gt;").html(e.replace(b,"")).find(r):e),u&amp;&amp;u.apply(o,arguments)},t.ajax(s),this};var j=encodeURIComponent;t.param=function(t,e){var n=[];return n.add=function(t,e){this.push(j(t)+"="+j(e))},d(n,t,e),n.join("&amp;").replace(/%20/g,"+")}}(Zepto),function(t){t.fn.serializeArray=function(){var e,n,i=[];return t([].slice.call(this.get(0).elements)).each(function(){e=t(this),n=e.attr("type"),"fieldset"!=this.nodeName.toLowerCase()&amp;&amp;!this.disabled&amp;&amp;"submit"!=n&amp;&amp;"reset"!=n&amp;&amp;"button"!=n&amp;&amp;("radio"!=n&amp;&amp;"checkbox"!=n||this.checked)&amp;&amp;i.push({name:e.attr("name"),value:e.val()})}),i},t.fn.serialize=function(){var t=[];return this.serializeArray().forEach(function(e){t.push(encodeURIComponent(e.name)+"="+encodeURIComponent(e.value))}),t.join("&amp;")},t.fn.submit=function(e){if(e)this.bind("submit",e);else if(this.length){var n=t.Event("submit");this.eq(0).trigger(n),n.isDefaultPrevented()||this.get(0).submit()}return this}}(Zepto),function(t){function e(t){var e=this.os={},n=this.browser={},i=t.match(/Web[kK]it[\/]{0,1}([\d.]+)/),r=t.match(/(Android);?[\s\/]+([\d.]+)?/),o=!!t.match(/\(Macintosh\; Intel /),a=t.match(/(iPad).*OS\s([\d_]+)/),s=t.match(/(iPod)(.*OS\s([\d_]+))?/),u=!a&amp;&amp;t.match(/(iPhone\sOS)\s([\d_]+)/),c=t.match(/(webOS|hpwOS)[\s\/]([\d.]+)/),l=t.match(/Windows Phone ([\d.]+)/),f=c&amp;&amp;t.match(/TouchPad/),h=t.match(/Kindle\/([\d.]+)/),p=t.match(/Silk\/([\d._]+)/),d=t.match(/(BlackBerry).*Version\/([\d.]+)/),m=t.match(/(BB10).*Version\/([\d.]+)/),g=t.match(/(RIM\sTablet\sOS)\s([\d.]+)/),v=t.match(/PlayBook/),y=t.match(/Chrome\/([\d.]+)/)||t.match(/CriOS\/([\d.]+)/),b=t.match(/Firefox\/([\d.]+)/),w=t.match(/MSIE\s([\d.]+)/)||t.match(/Trident\/[\d](?=[^\?]+).*rv:([0-9.].)/),x=!y&amp;&amp;t.match(/(iPhone|iPod|iPad).*AppleWebKit(?!.*Safari)/),T=x||t.match(/Version\/([\d.]+)([^S](Safari)|[^M]*(Mobile)[^S]*(Safari))/);(n.webkit=!!i)&amp;&amp;(n.version=i[1]),r&amp;&amp;(e.android=!0,e.version=r[2]),u&amp;&amp;!s&amp;&amp;(e.ios=e.iphone=!0,e.version=u[2].replace(/_/g,".")),a&amp;&amp;(e.ios=e.ipad=!0,e.version=a[2].replace(/_/g,".")),s&amp;&amp;(e.ios=e.ipod=!0,e.version=s[3]?s[3].replace(/_/g,"."):null),l&amp;&amp;(e.wp=!0,e.version=l[1]),c&amp;&amp;(e.webos=!0,e.version=c[2]),f&amp;&amp;(e.touchpad=!0),d&amp;&amp;(e.blackberry=!0,e.version=d[2]),m&amp;&amp;(e.bb10=!0,e.version=m[2]),g&amp;&amp;(e.rimtabletos=!0,e.version=g[2]),v&amp;&amp;(n.playbook=!0),h&amp;&amp;(e.kindle=!0,e.version=h[1]),p&amp;&amp;(n.silk=!0,n.version=p[1]),!p&amp;&amp;e.android&amp;&amp;t.match(/Kindle Fire/)&amp;&amp;(n.silk=!0),y&amp;&amp;(n.chrome=!0,n.version=y[1]),b&amp;&amp;(n.firefox=!0,n.version=b[1]),w&amp;&amp;(n.ie=!0,n.version=w[1]),T&amp;&amp;(o||e.ios)&amp;&amp;(n.safari=!0,o&amp;&amp;(n.version=T[1])),x&amp;&amp;(n.webview=!0),e.tablet=!!(a||v||r&amp;&amp;!t.match(/Mobile/)||b&amp;&amp;t.match(/Tablet/)||w&amp;&amp;!t.match(/Phone/)&amp;&amp;t.match(/Touch/)),e.phone=!(e.tablet||e.ipod||!(r||u||c||d||m||y&amp;&amp;t.match(/Android/)||y&amp;&amp;t.match(/CriOS\/([\d.]+)/)||b&amp;&amp;t.match(/Mobile/)||w&amp;&amp;t.match(/Touch/)))}e.call(t,navigator.userAgent),t.__detect=e}(Zepto),function(t){t.fn.end=function(){return this.prevObject||t()},t.fn.andSelf=function(){return this.add(this.prevObject||t())},"filter,add,not,eq,first,last,find,closest,parents,parent,children,siblings".split(",").forEach(function(e){var n=t.fn[e];t.fn[e]=function(){var t=n.apply(this,arguments);return t.prevObject=this,t}})}(Zepto),function(t){t.Callbacks=function(e){e=t.extend({},e);var n,i,r,o,a,s,u=[],c=!e.once&amp;&amp;[],l=function(t){for(n=e.memory&amp;&amp;t,i=!0,s=o||0,o=0,a=u.length,r=!0;u&amp;&amp;a&gt;s;++s)if(u[s].apply(t[0],t[1])===!1&amp;&amp;e.stopOnFalse){n=!1;break}r=!1,u&amp;&amp;(c?c.length&amp;&amp;l(c.shift()):n?u.length=0:f.disable())},f={add:function(){if(u){var i=u.length,s=function(n){t.each(n,function(t,n){"function"==typeof n?e.unique&amp;&amp;f.has(n)||u.push(n):n&amp;&amp;n.length&amp;&amp;"string"!=typeof n&amp;&amp;s(n)})};s(arguments),r?a=u.length:n&amp;&amp;(o=i,l(n))}return this},remove:function(){return u&amp;&amp;t.each(arguments,function(e,n){for(var i;(i=t.inArray(n,u,i))&gt;-1;)u.splice(i,1),r&amp;&amp;(a&gt;=i&amp;&amp;--a,s&gt;=i&amp;&amp;--s)}),this},has:function(e){return!(!u||!(e?t.inArray(e,u)&gt;-1:u.length))},empty:function(){return a=u.length=0,this},disable:function(){return u=c=n=void 0,this},disabled:function(){return!u},lock:function(){return c=void 0,n||f.disable(),this},locked:function(){return!c},fireWith:function(t,e){return!u||i&amp;&amp;!c||(e=e||[],e=[t,e.slice?e.slice():e],r?c.push(e):l(e)),this},fire:function(){return f.fireWith(this,arguments)},fired:function(){return!!i}};return f}}(Zepto),function(t){function e(n){var i=[["resolve","done",t.Callbacks({once:1,memory:1}),"resolved"],["reject","fail",t.Callbacks({once:1,memory:1}),"rejected"],["notify","progress",t.Callbacks({memory:1})]],r="pending",o={state:function(){return r},always:function(){return a.done(arguments).fail(arguments),this},then:function(){var n=arguments;return e(function(e){t.each(i,function(i,r){var s=t.isFunction(n[i])&amp;&amp;n[i];a[r[1]](function(){var n=s&amp;&amp;s.apply(this,arguments);if(n&amp;&amp;t.isFunction(n.promise))n.promise().done(e.resolve).fail(e.reject).progress(e.notify);else{var i=this===o?e.promise():this,a=s?[n]:arguments;e[r[0]+"With"](i,a)}})}),n=null}).promise()},promise:function(e){return null!=e?t.extend(e,o):o}},a={};return t.each(i,function(t,e){var n=e[2],s=e[3];o[e[1]]=n.add,s&amp;&amp;n.add(function(){r=s},i[1^t][2].disable,i[2][2].lock),a[e[0]]=function(){return a[e[0]+"With"](this===a?o:this,arguments),this},a[e[0]+"With"]=n.fireWith}),o.promise(a),n&amp;&amp;n.call(a,a),a}var n=Array.prototype.slice;t.when=function(i){var r,o,a,s=n.call(arguments),u=s.length,c=0,l=1!==u||i&amp;&amp;t.isFunction(i.promise)?u:0,f=1===l?i:e(),h=function(t,e,i){return function(o){e[t]=this,i[t]=arguments.length&gt;1?n.call(arguments):o,i===r?f.notifyWith(e,i):--l||f.resolveWith(e,i)}};if(u&gt;1)for(r=new Array(u),o=new Array(u),a=new Array(u);u&gt;c;++c)s[c]&amp;&amp;t.isFunction(s[c].promise)?s[c].promise().done(h(c,a,s)).fail(f.reject).progress(h(c,o,r)):--l;return l||f.resolveWith(a,s),f.promise()},t.Deferred=e}(Zepto),function(t){function e(t,e,n,i){return Math.abs(t-e)&gt;=Math.abs(n-i)?t-e&gt;0?"Left":"Right":n-i&gt;0?"Up":"Down"}function n(){l=null,h.last&amp;&amp;(h.el.trigger("longTap"),h={})}function i(){l&amp;&amp;clearTimeout(l),l=null}function r(){s&amp;&amp;clearTimeout(s),u&amp;&amp;clearTimeout(u),c&amp;&amp;clearTimeout(c),l&amp;&amp;clearTimeout(l),s=u=c=l=null,h={}}function o(t){return("touch"==t.pointerType||t.pointerType==t.MSPOINTER_TYPE_TOUCH)&amp;&amp;t.isPrimary}function a(t,e){return t.type=="pointer"+e||t.type.toLowerCase()=="mspointer"+e}var s,u,c,l,f,h={},p=750;t(document).ready(function(){var d,m,g,v,y=0,b=0;"MSGesture"in window&amp;&amp;(f=new MSGesture,f.target=document.body),t(document).bind("MSGestureEnd",function(t){var e=t.velocityX&gt;1?"Right":t.velocityX&lt;-1?"Left":t.velocityY&gt;1?"Down":t.velocityY&lt;-1?"Up":null;e&amp;&amp;(h.el.trigger("swipe"),h.el.trigger("swipe"+e))}).on("touchstart MSPointerDown pointerdown",function(e){(!(v=a(e,"down"))||o(e))&amp;&amp;(g=v?e:e.touches[0],e.touches&amp;&amp;1===e.touches.length&amp;&amp;h.x2&amp;&amp;(h.x2=void 0,h.y2=void 0),d=Date.now(),m=d-(h.last||d),h.el=t("tagName"in g.target?g.target:g.target.parentNode),s&amp;&amp;clearTimeout(s),h.x1=g.pageX,h.y1=g.pageY,m&gt;0&amp;&amp;250&gt;=m&amp;&amp;(h.isDoubleTap=!0),h.last=d,l=setTimeout(n,p),f&amp;&amp;v&amp;&amp;f.addPointer(e.pointerId))}).on("touchmove MSPointerMove pointermove",function(t){(!(v=a(t,"move"))||o(t))&amp;&amp;(g=v?t:t.touches[0],i(),h.x2=g.pageX,h.y2=g.pageY,y+=Math.abs(h.x1-h.x2),b+=Math.abs(h.y1-h.y2))}).on("touchend MSPointerUp pointerup",function(n){(!(v=a(n,"up"))||o(n))&amp;&amp;(i(),h.x2&amp;&amp;Math.abs(h.x1-h.x2)&gt;30||h.y2&amp;&amp;Math.abs(h.y1-h.y2)&gt;30?c=setTimeout(function(){h.el&amp;&amp;(h.el.trigger("swipe"),h.el.trigger("swipe"+e(h.x1,h.x2,h.y1,h.y2))),h={}},0):"last"in h&amp;&amp;(30&gt;y&amp;&amp;30&gt;b?u=setTimeout(function(){var e=t.Event("tap");e.cancelTouch=r,h.el&amp;&amp;h.el.trigger(e),h.isDoubleTap?(h.el&amp;&amp;h.el.trigger("doubleTap"),h={}):s=setTimeout(function(){s=null,h.el&amp;&amp;h.el.trigger("singleTap"),h={}},250)},0):h={}),y=b=0)}).on("touchcancel MSPointerCancel pointercancel",r),t(window).on("scroll",r)}),["swipe","swipeLeft","swipeRight","swipeUp","swipeDown","doubleTap","tap","singleTap","longTap"].forEach(function(e){t.fn[e]=function(t){return this.on(e,t)}})}(Zepto),function(t,e){function n(t){return t.replace(/([a-z])([A-Z])/,"$1-$2").toLowerCase()}function i(t){return r?r+t:t.toLowerCase()}var r,o,a,s,u,c,l,f,h,p,d="",m={Webkit:"webkit",Moz:"",O:"o"},g=document.createElement("div"),v=/^((translate|rotate|scale)(X|Y|Z|3d)?|matrix(3d)?|perspective|skew(X|Y)?)$/i,y={};t.each(m,function(t,n){return g.style[t+"TransitionProperty"]!==e?(d="-"+t.toLowerCase()+"-",r=n,!1):void 0}),o=d+"transform",y[a=d+"transition-property"]=y[s=d+"transition-duration"]=y[c=d+"transition-delay"]=y[u=d+"transition-timing-function"]=y[l=d+"animation-name"]=y[f=d+"animation-duration"]=y[p=d+"animation-delay"]=y[h=d+"animation-timing-function"]="",t.fx={off:r===e&amp;&amp;g.style.transitionProperty===e,speeds:{_default:400,fast:200,slow:600},cssPrefix:d,transitionEnd:i("TransitionEnd"),animationEnd:i("AnimationEnd")},t.fn.animate=function(n,i,r,o,a){return t.isFunction(i)&amp;&amp;(o=i,r=e,i=e),t.isFunction(r)&amp;&amp;(o=r,r=e),t.isPlainObject(i)&amp;&amp;(r=i.easing,o=i.complete,a=i.delay,i=i.duration),i&amp;&amp;(i=("number"==typeof i?i:t.fx.speeds[i]||t.fx.speeds._default)/1e3),a&amp;&amp;(a=parseFloat(a)/1e3),this.anim(n,i,r,o,a)},t.fn.anim=function(i,r,d,m,g){var b,w,x,T={},E="",S=this,j=t.fx.transitionEnd,P=!1;if(r===e&amp;&amp;(r=t.fx.speeds._default/1e3),g===e&amp;&amp;(g=0),t.fx.off&amp;&amp;(r=0),"string"==typeof i)T[l]=i,T[f]=r+"s",T[p]=g+"s",T[h]=d||"linear",j=t.fx.animationEnd;else{w=[];for(b in i)v.test(b)?E+=b+"("+i[b]+") ":(T[b]=i[b],w.push(n(b)));E&amp;&amp;(T[o]=E,w.push(o)),r&gt;0&amp;&amp;"object"==typeof i&amp;&amp;(T[a]=w.join(", "),T[s]=r+"s",T[c]=g+"s",T[u]=d||"linear")}return x=function(e){if("undefined"!=typeof e){if(e.target!==e.currentTarget)return;t(e.target).unbind(j,x)}else t(this).unbind(j,x);P=!0,t(this).css(y),m&amp;&amp;m.call(this)},r&gt;0&amp;&amp;(this.bind(j,x),setTimeout(function(){P||x.call(S)},1e3*(r+g)+25)),this.size()&amp;&amp;this.get(0).clientLeft,this.css(T),0&gt;=r&amp;&amp;setTimeout(function(){S.each(function(){x.call(this)})},0),this},g=null}(Zepto);;!function(n){if(!n.esl||!n.require||n.esl.version!==n.require.version||"2.0.6"!==n.esl.version){var e,r,t;!function(n){function i(n){h(n,H)||(P[n]=1)}function o(n,e){function r(n){0===n.indexOf(".")&amp;&amp;t.push(n)}var t=[];if("string"==typeof n?r(n):F(n,function(n){r(n)}),t.length&gt;0)throw new Error("[REQUIRE_FATAL]Relative ID is not allowed in global require: "+t.join(", "));var i=J.waitSeconds;return i&amp;&amp;n instanceof Array&amp;&amp;(B&amp;&amp;clearTimeout(B),B=setTimeout(a,1e3*i)),G(n,e)}function a(){function n(a,u){if(!o[a]&amp;&amp;!h(a,H)){o[a]=1,h(a,C)||t[a]||(t[a]=1,e.push(a));var f=L[a];f?u&amp;&amp;(t[a]||(t[a]=1,e.push(a)),F(f.depMs,function(e){n(e.absId,e.hard)})):i[a]||(i[a]=1,r.push(a))}}var e=[],r=[],t={},i={},o={};for(var a in P)n(a,1);if(e.length||r.length)throw new Error("[MODULE_TIMEOUT]Hang( "+(e.join(", ")||"none")+" ) Miss( "+(r.join(", ")||"none")+" )")}function u(n){F(K,function(e){c(n,e.deps,e.factory)}),K.length=0}function f(n,e,r){if(null==r&amp;&amp;(null==e?(r=n,n=null):(r=e,e=null,n instanceof Array&amp;&amp;(e=n,n=null))),null!=r){var t=window.opera;if(!n&amp;&amp;document.attachEvent&amp;&amp;(!t||"[object Opera]"!==t.toString())){var i=D();n=i&amp;&amp;i.getAttribute("data-require-id")}n?c(n,e,r):K[0]={deps:e,factory:r}}}function s(){var n=J.config[this.id];return n&amp;&amp;"object"==typeof n?n:{}}function c(n,e,r){L[n]||(L[n]={id:n,depsDec:e,deps:e||["require","exports","module"],factoryDeps:[],factory:r,exports:{},config:s,state:N,require:I(n),depMs:[],depMkv:{},depRs:[]})}function l(n){var e=L[n];if(e&amp;&amp;!h(n,_)){var r=e.deps,t=e.factory,i=0;"function"==typeof t&amp;&amp;(i=Math.min(t.length,r.length),!e.depsDec&amp;&amp;t.toString().replace(/(\/\*([\s\S]*?)\*\/|([^:]|^)\/\/(.*)$)/gm,"").replace(/require\(\s*(['"])([^'"]+)\1\s*\)/g,function(n,e,t){r.push(t)}));var o=[],a=[];F(r,function(r,t){var u,f,s=R(r),c=S(s.mod,n);c&amp;&amp;!Q[c]?(s.res&amp;&amp;(f={id:r,mod:c,res:s.res},a.push(r),e.depRs.push(f)),u=e.depMkv[c],u||(u={id:s.mod,absId:c,hard:i&gt;t},e.depMs.push(u),e.depMkv[c]=u,o.push(c))):u={absId:c},i&gt;t&amp;&amp;e.factoryDeps.push(f||u)}),e.state=_,v(n),x(o),a.length&amp;&amp;e.require(a,function(){F(e.depRs,function(e){e.absId||(e.absId=S(e.id,n))}),p()})}}function p(){for(var n in P)l(n),d(n),g(n)}function d(n){function e(n){if(l(n),!h(n,_))return!1;if(h(n,C)||r[n])return!0;r[n]=1;var t=L[n],i=!0;return F(t.depMs,function(n){return i=e(n.absId)}),i&amp;&amp;F(t.depRs,function(n){return i=!!n.absId}),i&amp;&amp;!h(n,C)&amp;&amp;(t.state=C),i}var r={};e(n)}function v(e){function r(){if(!t&amp;&amp;i.state===C){t=1;var r=1;if(F(i.factoryDeps,function(n){var e=n.absId;return Q[e]?void 0:(g(e),r=h(e,H))}),r){try{var o=i.factory,a="function"==typeof o?o.apply(n,m(i.factoryDeps,{require:i.require,exports:i.exports,module:i})):o;null!=a&amp;&amp;(i.exports=a),i.invokeFactory=null}catch(u){if(/^\[MODULE_MISS\]"([^"]+)/.test(u.message)){var f=i.depMkv[RegExp.$1];return f&amp;&amp;(f.hard=1),void(t=0)}throw u}b(e)}}}var t,i=L[e];i.invokeFactory=r}function h(n,e){return L[n]&amp;&amp;L[n].state&gt;=e}function g(n){var e=L[n];e&amp;&amp;e.invokeFactory&amp;&amp;e.invokeFactory()}function m(n,e){var r=[];return F(n,function(n,t){"object"==typeof n&amp;&amp;(n=n.absId),r[t]=e[n]||L[n].exports}),r}function y(n,e){if(h(n,H))return void e();var r=V[n];r||(r=V[n]=[]),r.push(e)}function b(n){var e=L[n];e.state=H,delete P[n];for(var r=V[n]||[],t=r.length;t--;)r[t]();r.length=0,V[n]=null}function x(e,r,t){function i(){if("function"==typeof r&amp;&amp;!o){var t=1;F(e,function(n){return Q[n]?void 0:t=!!h(n,H)}),t&amp;&amp;(o=1,r.apply(n,m(e,Q)))}}var o=0;F(e,function(n){Q[n]||h(n,H)||(y(n,i),(n.indexOf("!")&gt;0?w:k)(n,t))}),i()}function k(e){function r(){var n=ne[e];$(n||e,t)}function t(){if(i){var r;"function"==typeof i.init&amp;&amp;(r=i.init.apply(n,m(o,Q))),null==r&amp;&amp;i.exports&amp;&amp;(r=n,F(i.exports.split("."),function(n){return r=r[n],!!r})),f(e,o,r||{})}else u(e);p()}if(!W[e]&amp;&amp;!L[e]){W[e]=1;var i=J.shim[e];i instanceof Array&amp;&amp;(J.shim[e]=i={deps:i});var o=i&amp;&amp;(i.deps||[]);o?(F(o,function(n){J.shim[n]||(J.shim[n]={})}),G(o,r)):r()}}function w(n,e){function r(e){a.exports=e||!0,b(n)}function t(t){var i=e?L[e].require:G;t.load(o.res,i,r,s.call({id:n}))}if(!L[n]){var i=ne[n];if(i)return void k(i);var o=R(n),a={id:n,state:_};L[n]=a,r.fromText=function(n,e){new Function(e)(),u(n)},t(G(o.mod))}}function E(n,e){var r=j(n,1,e);return r.sort(z),r}function M(){function n(n){ne[U(n)]=e}J.baseUrl=J.baseUrl.replace(/\/$/,"")+"/",X=E(J.paths),Z=E(J.map,1),F(Z,function(n){n.v=E(n.v)}),Y=[],F(J.packages,function(n){var e=n;"string"==typeof n&amp;&amp;(e={name:n.split("/")[0],location:n,main:"main"}),e.location=e.location||e.name,e.main=(e.main||"main").replace(/\.js$/i,""),e.reg=T(e.name),Y.push(e)}),Y.sort(z),ee=E(J.urlArgs,1),ne={};for(var e in J.bundles)F(J.bundles[e],n)}function q(n,e,r){F(e,function(e){return e.reg.test(n)?(r(e.v,e.k,e),!1):void 0})}function A(n,e){var r=/(\.[a-z0-9]+)$/i,t=/(\?[^#]*)$/,i="",o=n,a="";t.test(n)&amp;&amp;(a=RegExp.$1,n=n.replace(t,"")),r.test(n)&amp;&amp;(i=RegExp.$1,o=n.replace(r,"")),null!=e&amp;&amp;(o=S(o,e));var u,f=o;return q(o,X,function(n,e){f=f.replace(e,n),u=1}),u||q(o,Y,function(n,e,r){f=f.replace(r.name,r.location)}),/^([a-z]{2,10}:\/)?\//i.test(f)||(f=J.baseUrl+f),f+=i+a,q(o,ee,function(n){f+=(f.indexOf("?")&gt;0?"&amp;":"?")+n}),f}function I(n){function e(e,t){if("string"==typeof e){if(!r[e]){var o=S(e,n);if(g(o),!h(o,H))throw new Error('[MODULE_MISS]"'+o+'" is not exists!');r[e]=L[o].exports}return r[e]}if(e instanceof Array){var a=[],u=[];F(e,function(e,r){var t=R(e),o=S(t.mod,n),f=t.res,s=o;if(f){var c=o+"!"+f;0!==f.indexOf(".")&amp;&amp;ne[c]?o=s=c:s=null}u[r]=s,i(o),a.push(o)}),x(a,function(){F(u,function(r,t){null==r&amp;&amp;(r=u[t]=S(e[t],n),i(r))}),x(u,t,n),p()},n),p()}}var r={};return e.toUrl=function(e){return A(e,n||"")},e}function S(n,e){if(!n)return"";e=e||"";var r=R(n);if(!r)return n;var t=r.res,i=O(r.mod,e);if(q(e,Z,function(n){q(i,n,function(n,e){i=i.replace(e,n)})}),i=U(i),t){var o=h(i,H)&amp;&amp;G(i);t=o&amp;&amp;o.normalize?o.normalize(t,function(n){return S(n,e)}):S(t,e),i+="!"+t}return i}function U(n){return F(Y,function(e){var r=e.name;return r===n?(n=r+"/"+e.main,!1):void 0}),n}function O(n,e){if(0===n.indexOf(".")){var r=e.split("/"),t=n.split("/"),i=r.length-1,o=t.length,a=0,u=0;n:for(var f=0;o&gt;f;f++)switch(t[f]){case"..":if(!(i&gt;a))break n;a++,u++;break;case".":u++;break;default:break n}return r.length=i-a,t=t.slice(u),r.concat(t).join("/")}return n}function R(n){var e=n.split("!");return e[0]?{mod:e[0],res:e[1]}:void 0}function j(n,e,r){var t=[];for(var i in n)if(n.hasOwnProperty(i)){var o={k:i,v:n[i]};t.push(o),e&amp;&amp;(o.reg="*"===i&amp;&amp;r?/^/:T(i))}return t}function D(){if(re)return re;if(te&amp;&amp;"interactive"===te.readyState)return te;for(var n=document.getElementsByTagName("script"),e=n.length;e--;){var r=n[e];if("interactive"===r.readyState)return te=r,r}}function $(n,e){function r(){var n=t.readyState;("undefined"==typeof n||/^(loaded|complete)$/.test(n))&amp;&amp;(t.onload=t.onreadystatechange=null,t=null,e())}var t=document.createElement("script");t.setAttribute("data-require-id",n),t.src=A(n+".js"),t.async=!0,t.readyState?t.onreadystatechange=r:t.onload=r,re=t,oe?ie.insertBefore(t,oe):ie.appendChild(t),re=null}function T(n){return new RegExp("^"+n+"(/|$)")}function F(n,e){if(n instanceof Array)for(var r=0,t=n.length;t&gt;r&amp;&amp;e(n[r],r)!==!1;r++);}function z(n,e){var r=n.k||n.name,t=e.k||e.name;return"*"===t?-1:"*"===r?1:t.length-r.length}var B,L={},N=1,_=2,C=3,H=4,P={},Q={require:o,exports:1,module:1},G=I(),J={baseUrl:"./",paths:{},config:{},map:{},packages:[],shim:{},waitSeconds:0,bundles:{},urlArgs:{}};o.version="2.0.6",o.loader="esl",o.toUrl=G.toUrl;var K=[];f.amd={};var V={},W={};o.config=function(n){if(n){for(var e in J){var r=n[e],t=J[e];if(r)if("urlArgs"===e&amp;&amp;"string"==typeof r)J.urlArgs["*"]=r;else if(t instanceof Array)t.push.apply(t,r);else if("object"==typeof t)for(var i in r)t[i]=r[i];else J[e]=r}M()}},M();var X,Y,Z,ne,ee,re,te,ie=document.getElementsByTagName("head")[0],oe=document.getElementsByTagName("base")[0];oe&amp;&amp;(ie=oe.parentNode),e||(e=f,r||(r=o),t=o)}(this),n.define=e,n.require=r,n.esl=t}}(window);;!function(t){function e(t,e){for(var n in e)e.hasOwnProperty(n)&amp;&amp;(t[n]=e[n]);return t}function n(){this.raw=[],this.length=0}function r(){return"___"+P++}function i(t,e){var n=new Function;n.prototype=e.prototype,t.prototype=new n,t.prototype.constructor=t}function o(t){return D[t]}function s(t){return'"'+t.replace(/\x5C/g,"\\\\").replace(/"/g,'\\"').replace(/\x0A/g,"\\n").replace(/\x09/g,"\\t").replace(/\x0D/g,"\\r")+'"'}function a(t){return t.replace(/[\^\[\]\$\(\)\{\}\?\*\.\+]/g,function(t){return"\\"+t})}function p(t){var e=arguments;return t.replace(/\{([0-9]+)\}/g,function(t,n){return e[n-0+1]})}function h(t){return t=t.replace(/^\s*\*/,""),p('gv({0},["{1}"])',s(t),t.replace(/\[['"]?([^'"]+)['"]?\]/g,function(t,e){return"."+e}).split(".").join('","'))}function l(t,e,n,r,i,o){for(var s=n.length,a=t.split(e),p=0,h=[],l=0,c=a.length;c&gt;l;l++){var u=a[l];if(l){var f=1;for(p++;;){var d=u.indexOf(n);if(0&gt;d){h.push(p&gt;1&amp;&amp;f?e:"",u);break}if(p=r?p-1:0,h.push(p&gt;0&amp;&amp;f?e:"",u.slice(0,d),p&gt;0?n:""),u=u.slice(d+s),f=0,0===p)break}0===p&amp;&amp;(i(h.join("")),o(u),h=[])}else u&amp;&amp;o(u)}p&gt;0&amp;&amp;h.length&gt;0&amp;&amp;(o(e),o(h.join("")))}function c(t,e,n){var r,i=[],o=e.options,a="",p="",u="",f="";return n&amp;&amp;(a="ts(",p=")",u=_,f=j,r=o.defaultFilter),l(t,o.variableOpen,o.variableClose,1,function(t){n&amp;&amp;t.indexOf("|")&lt;0&amp;&amp;r&amp;&amp;(t+="|"+r);var o=t.indexOf("|"),s=(o&gt;0?t.slice(0,o):t).replace(/^\s+/,"").replace(/\s+$/,""),l=o&gt;0?t.slice(o+1):"",d=0===s.indexOf("*"),g=[d?"":a,h(s),d?"":p];if(l){l=c(l,e);for(var y=l.split("|"),v=0,m=y.length;m&gt;v;v++){var R=y[v];/^\s*([a-z0-9_-]+)(\((.*)\))?\s*$/i.test(R)&amp;&amp;(g.unshift('fs["'+RegExp.$1+'"]('),RegExp.$3&amp;&amp;g.push(",",RegExp.$3),g.push(")"))}}i.push(u,g.join(""),f)},function(t){i.push(u,n?s(t):t,f)}),i.join("")}function u(t,e){this.value=t,this.engine=e}function f(t,e){this.value=t,this.engine=e,this.children=[],this.cloneProps=[]}function d(t,e){var n=t.stack,r=e?n.find(function(t){return t instanceof e}):n.bottom();if(r){for(var i;(i=n.top())!==r;){if(!i.autoClose)throw new Error(i.type+" must be closed manually: "+i.value);i.autoClose(t)}r.close(t)}return r}function g(t,e){if(!/^\s*([a-z0-9\/_-]+)\s*(\(\s*master\s*=\s*([a-z0-9\/_-]+)\s*\))?\s*/i.test(t))throw new Error("Invalid "+this.type+" syntax: "+t);this.master=RegExp.$3,this.name=RegExp.$1,f.call(this,t,e),this.blocks={}}function y(t,e){if(!/^\s*([a-z0-9\/_-]+)\s*$/i.test(t))throw new Error("Invalid "+this.type+" syntax: "+t);this.name=RegExp.$1,f.call(this,t,e),this.cloneProps=["name"]}function v(t,e){if(!/^\s*([a-z0-9\/_-]+)\s*$/i.test(t))throw new Error("Invalid "+this.type+" syntax: "+t);this.name=RegExp.$1,f.call(this,t,e),this.cloneProps=["name","state","blocks"],this.blocks={}}function m(t,e){if(!/^\s*([a-z0-9_]+)\s*=([\s\S]*)$/i.test(t))throw new Error("Invalid "+this.type+" syntax: "+t);this.name=RegExp.$1,this.expr=RegExp.$2,f.call(this,t,e),this.cloneProps=["name","expr"]}function R(t,e){if(!/^\s*([a-z0-9_-]+)\s*(\(([\s\S]*)\))?\s*$/i.test(t))throw new Error("Invalid "+this.type+" syntax: "+t);this.name=RegExp.$1,this.args=RegExp.$3,f.call(this,t,e),this.cloneProps=["name","args"]}function x(t,e){if(!/^\s*([a-z0-9\/_-]+)\s*(\(([\s\S]*)\))?\s*$/i.test(t))throw new Error("Invalid "+this.type+" syntax: "+t);this.name=RegExp.$1,this.args=RegExp.$3,f.call(this,t,e),this.cloneProps=["name","args"]}function E(t,e){var n=new RegExp(p("^\\s*({0}[\\s\\S]+{1})\\s+as\\s+{0}([0-9a-z_]+){1}\\s*(,\\s*{0}([0-9a-z_]+){1})?\\s*$",a(e.options.variableOpen),a(e.options.variableClose)),"i");if(!n.test(t))throw new Error("Invalid "+this.type+" syntax: "+t);this.list=RegExp.$1,this.item=RegExp.$2,this.index=RegExp.$4,f.call(this,t,e),this.cloneProps=["list","item","index"]}function w(t,e){f.call(this,t,e)}function b(t,e){w.call(this,t,e)}function $(t,e){f.call(this,t,e)}function k(t,e){e.target=t;var n=e.engine,r=t.name;if(n.targets[r])switch(n.options.namingConflict){case"override":n.targets[r]=t,e.targets.push(r);case"ignore":break;default:throw new Error("Target exists: "+r)}else n.targets[r]=t,e.targets.push(r)}function C(t,e){L[t]=e,e.prototype.type=t}function A(t){this.options={commandOpen:"&lt;%",commandClose:"%&gt;",commandSyntax:/^\s*(\/)?([a-z]+)\s*(?::([\s\S]*))?$/,variableOpen:"${",variableClose:"}",defaultFilter:"html",namingConflict:"override"},this.config(t),this.targets={},this.filters=e({},B)}function O(t,e){function r(){var t;if(c.length&gt;0&amp;&amp;(t=c.join(""))){var n=new u(t,e);n.beforeAdd(h),p.top().addChild(n),c=[],e.options.strip&amp;&amp;h.current instanceof f&amp;&amp;(n.value=t.replace(/^[\x20\t\r]*\n/,"")),h.current=n}}var i,o=e.options.commandOpen,s=e.options.commandClose,a=e.options.commandSyntax,p=new n,h={engine:e,targets:[],stack:p,target:null},c=[];return l(t,o,s,0,function(t){var n=a.exec(t);if(n&amp;&amp;(i=L[n[2].toLowerCase()])&amp;&amp;"function"==typeof i){r();var p=h.current;e.options.strip&amp;&amp;p instanceof u&amp;&amp;(p.value=p.value.replace(/\r?\n[\x20\t]*$/,"\n")),n[1]?p=d(h,i):(p=new i(n[3],e),"function"==typeof p.beforeOpen&amp;&amp;p.beforeOpen(h),p.open(h)),h.current=p}else/^\s*\/\//.test(t)||c.push(o,t,s);i=null},function(t){c.push(t)}),r(),d(h),h.targets}n.prototype={push:function(t){this.raw[this.length++]=t},pop:function(){if(this.length&gt;0){var t=this.raw[--this.length];return this.raw.length=this.length,t}},top:function(){return this.raw[this.length-1]},bottom:function(){return this.raw[0]},find:function(t){for(var e=this.length;e--;){var n=this.raw[e];if(t(n))return n}}};var P=178245,D={"&amp;":"&amp;amp;","&lt;":"&amp;lt;","&gt;":"&amp;gt;",'"':"&amp;quot;","'":"&amp;#39;"},B={html:function(t){return t.replace(/[&amp;&lt;&gt;"']/g,o)},url:encodeURIComponent,raw:function(t){return t}},I='var r="";',_="r+=",j=";",z="return r;";"undefined"!=typeof navigator&amp;&amp;/msie\s*([0-9]+)/i.test(navigator.userAgent)&amp;&amp;RegExp.$1-0&lt;8&amp;&amp;(I="var r=[],ri=0;",_="r[ri++]=",z='return r.join("");'),u.prototype={getRendererBody:function(){var t=this.value,e=this.engine.options;return!t||e.strip&amp;&amp;/^\s*$/.test(t)?"":c(t,this.engine,1)},clone:function(){return this}},f.prototype={addChild:function(t){this.children.push(t)},open:function(t){var e=t.stack.top();e&amp;&amp;e.addChild(this),t.stack.push(this)},close:function(t){t.stack.top()===this&amp;&amp;t.stack.pop()},getRendererBody:function(){for(var t=[],e=this.children,n=0;n&lt;e.length;n++)t.push(e[n].getRendererBody());return t.join("")},clone:function(){for(var t=new this.constructor(this.value,this.engine),e=0,n=this.children.length;n&gt;e;e++)t.addChild(this.children[e].clone());for(var e=0,n=this.cloneProps.length;n&gt;e;e++){var r=this.cloneProps[e];t[r]=this[r]}return t}};var S='data=data||{};var v={},fs=engine.filters,hg=typeof data.get=="function",gv=function(n,ps){var p=ps[0],d=v[p];if(d==null){if(hg){return data.get(n);}d=data[p];}for(var i=1,l=ps.length;i&lt;l;i++)if(d!=null)d = d[ps[i]];return d;},ts=function(s){if(typeof s==="string"){return s;}if(s==null){s="";}return ""+s;};';i(g,f),i(y,f),i(v,f),i(m,f),i(R,f),i(x,f),i(E,f),i(w,f),i(b,w),i($,w);var F={READING:1,READED:2,APPLIED:3,READY:4};v.prototype.applyMaster=g.prototype.applyMaster=function(t){function e(t){var r=t.children;if(r instanceof Array)for(var i=0,o=r.length;o&gt;i;i++){var s=r[i];s instanceof y&amp;&amp;n[s.name]&amp;&amp;(s=r[i]=n[s.name]),e(s)}}if(this.state&gt;=F.APPLIED)return 1;var n=this.blocks,r=this.engine.targets[t];return r&amp;&amp;r.applyMaster(r.master)?(this.children=r.clone().children,e(this),this.state=F.APPLIED,1):void 0},g.prototype.isReady=function(){function t(r){for(var i=0,o=r.children.length;o&gt;i;i++){var s=r.children[i];if(s instanceof v){var a=e.targets[s.name];n=n&amp;&amp;a&amp;&amp;a.isReady(e)}else s instanceof f&amp;&amp;t(s)}}if(this.state&gt;=F.READY)return 1;var e=this.engine,n=1;return this.applyMaster(this.master)?(t(this),n&amp;&amp;(this.state=F.READY),n):void 0},g.prototype.getRenderer=function(){if(this.renderer)return this.renderer;if(this.isReady()){var t=new Function("data","engine",[S,I,this.getRendererBody(),z].join("\n")),e=this.engine;return this.renderer=function(n){return t(n,e)},this.renderer}return null},g.prototype.open=function(t){d(t),f.prototype.open.call(this,t),this.state=F.READING,k(this,t)},m.prototype.open=x.prototype.open=function(t){t.stack.top().addChild(this)},y.prototype.open=function(t){f.prototype.open.call(this,t),(t.imp||t.target).blocks[this.name]=this},b.prototype.open=function(t){var e=new $;e.open(t);var n=d(t,w);n.addChild(this),t.stack.push(this)},$.prototype.open=function(t){var e=d(t,w);e.addChild(this),t.stack.push(this)},v.prototype.open=function(t){this.parent=t.stack.top(),this.target=t.target,f.prototype.open.call(this,t),this.state=F.READING,t.imp=this},x.prototype.close=m.prototype.close=function(){},v.prototype.close=function(t){f.prototype.close.call(this,t),this.state=F.READED,t.imp=null},g.prototype.close=function(t){f.prototype.close.call(this,t),this.state=this.master?F.READED:F.APPLIED,t.target=null},v.prototype.autoClose=function(t){var e=this.parent.children;e.push.apply(e,this.children),this.children.length=0;for(var n in this.blocks)this.target.blocks[n]=this.blocks[n];this.blocks={},this.close(t)},x.prototype.beforeOpen=v.prototype.beforeOpen=m.prototype.beforeOpen=E.prototype.beforeOpen=R.prototype.beforeOpen=y.prototype.beforeOpen=w.prototype.beforeOpen=u.prototype.beforeAdd=function(t){if(!t.stack.bottom()){var e=new g(r(),t.engine);e.open(t)}},v.prototype.getRendererBody=function(){return this.applyMaster(this.name),f.prototype.getRendererBody.call(this)},x.prototype.getRendererBody=function(){return p("{0}engine.render({2},{{3}}){1}",_,j,s(this.name),c(this.args,this.engine).replace(/(^|,)\s*([a-z0-9_]+)\s*=/gi,function(t,e,n){return(e||"")+s(n)+":"}))},m.prototype.getRendererBody=function(){return this.expr?p("v[{0}]={1};",s(this.name),c(this.expr,this.engine)):""},w.prototype.getRendererBody=function(){return p("if({0}){{1}}",c(this.value,this.engine),f.prototype.getRendererBody.call(this))},$.prototype.getRendererBody=function(){return p("}else{{0}",f.prototype.getRendererBody.call(this))},E.prototype.getRendererBody=function(){return p('var {0}={1};if({0} instanceof Array)for (var {4}=0,{5}={0}.length;{4}&lt;{5};{4}++){v[{2}]={4};v[{3}]={0}[{4}];{6}}else if(typeof {0}==="object")for(var {4} in {0}){v[{2}]={4};v[{3}]={0}[{4}];{6}}',r(),c(this.list,this.engine),s(this.index||r()),s(this.item),r(),r(),f.prototype.getRendererBody.call(this))},R.prototype.getRendererBody=function(){var t=this.args;return p("{2}fs[{5}]((function(){{0}{4}{1}})(){6}){3}",I,z,_,j,f.prototype.getRendererBody.call(this),s(this.name),t?","+c(t,this.engine):"")};var L={};C("target",g),C("block",y),C("import",v),C("use",x),C("var",m),C("for",E),C("if",w),C("elif",b),C("else",$),C("filter",R),A.prototype.config=function(t){e(this.options,t)},A.prototype.compile=A.prototype.parse=function(t){if(t){var e=O(t,this);if(e.length)return this.targets[e[0]].getRenderer()}return new Function('return ""')},A.prototype.getRenderer=function(t){var e=this.targets[t];return e?e.getRenderer():void 0},A.prototype.render=function(t,e){var n=this.getRenderer(t);return n?n(e):""},A.prototype.addFilter=function(t,e){"function"==typeof e&amp;&amp;(this.filters[t]=e)};var M=new A;M.Engine=A,"object"==typeof exports&amp;&amp;"object"==typeof module?exports=module.exports=M:"function"==typeof define&amp;&amp;define.amd?define("dep/etpl",[],M):t.etpl=M}(this);;!function(A){var B=window.B||{};B.SPA=$.extend(B.SPA?B.SPA:{},{conf:{pid:".search-page",tipsid:".se-page-tips",rtid:"#results-top",rid:".results",npid:".se-page-controller",rsid:".se-page-relative",rpsid:".se-page-rcol",bid:".se-page-ft",copyrightid:".se-page-copyright",tablinkid:"#head",dyMid:"input#commonBase"},operation:!1,CssAttString:"",DealData:function(data,conf,speed){B.ishome||(B.ishome=1);var _self=this,html="",c=conf,inputmark;_self.speed=speed,_self.data=data,_self.pn=c.pn=c.pn?c.pn:0,inputmark=_self.data.inpMark;var base=$("#commonBase"),newBase=$(inputmark).filter("input#commonBase"),keys=inputmark.match(/data-[^=]+/g);if(keys&amp;&amp;keys.forEach(function(e){base.attr(e,newBase.attr(e));var t=e.split("-")[1].trim();B.comm[t]=newBase.attr(e)}),_self.data.inpMark_comm)try{eval(_self.data.inpMark_comm)}catch(e){}switch(c.pn){case 0:try{if("search"===$("body").data("curPage")){var e=document.createEvent("Event");e.initEvent("pageDestroy",!0,!0),window.dispatchEvent(e)}A._initstart=!1,$(_self.conf.tipsid).empty(),$(_self.conf.rtid).empty(),$(_self.conf.rid).empty(),1==B.ishome&amp;&amp;(_self.DealTablink(),$(".spa-index-style").remove()),_self.DealCSS().DealSysTips().DealTopResult().DealADCSS().DealResult().DealCtr().DealRS().DealBtm().DealCopyright().DealJS().DealADJS(),_self.DealInapp(),_self.DealBoxnav(),_self.operation=!0,$("body").data("curPage","search"),2==B.ishome&amp;&amp;($("img[data-imagedelaysrc]").not('[data-imageinvisible="1"]').imageDelayload(),data.cooder_css_top_onlyshow&amp;&amp;($("#show_head").remove(),$("head").append(data.cooder_css_top_onlyshow)),require(["search/search"],function(e){e.trigger("ready"),e.trigger("init")}),B.chgParam(decodeURIComponent(B.comm.query))),B.ishome=2}catch(e){_self.operation=!1}break;default:try{_self.DealSpBar().DealResult(),_self.operation=!0}catch(e){_self.operation=!1}}return _self.operation},execScript:function(script,container){if(script&amp;&amp;script.length&gt;6e4)return void eval(script);var tag=document.createElement("script");container&amp;&amp;"function"==typeof container.size&amp;&amp;(container=container[0]),container=container||document.body,container.appendChild(tag),tag.innerHTML=script},inCHTMl:function(e,t){if(null!==t){var a,r,i=this,n=e,s=t,c="";a=s.match(/&lt;script[\s\S]*?&lt;\/script&gt;/gi),a&amp;&amp;a.forEach(function(e,t){e=e.replace(/(&lt;|&lt;\/)script.*?&gt;/gi,""),a[t]=e}),s=s.replace(/&lt;script[\s\S]*?&lt;\/script&gt;/gi,"");var o=$(s);if(c=o.attr("srcid"),A._setContainer(o,!0),r=a&amp;&amp;a.shift(),c&amp;&amp;r&amp;&amp;-1!=r.indexOf("A.log&amp;&amp;(A.log.list[")){$(n).append(o);try{i.execScript(r,o)}catch(l){}a&amp;&amp;$.each(a,function(e,t){try{i.execScript(t,o)}catch(a){}}),$(window).trigger("resultsComplete")}else if(c&amp;&amp;r){$(n).append(o);try{i.execScript(r,o)}catch(l){}a&amp;&amp;$.each(a,function(e,t){try{i.execScript(t,o)}catch(a){}})}else{$(n).append(o);try{i.execScript(r,o)}catch(l){}a&amp;&amp;$.each(a,function(e,t){try{i.execScript(t,o)}catch(a){}})}}},DealSysTips:function(){var e=this,t=e.data.SysTips,a=$(e.conf.tipsid);return a.html(t?t:""),e},DealSpBar:function(){var e,t=this,a=0;for(var r in t.data)-1!=r.search("Results")&amp;&amp;(a+=1);return e='&lt;div class="sp-rslt-bar"&gt;'+(1+parseInt(t.pn))+"-"+(a+parseInt(t.pn))+"条&lt;/div&gt;",$(t.conf.rid).append(e),t},DealTopResult:function(){var e=this,t=e.data.Top_result;return t?(e.inCHTMl(e.conf.rtid,t),A._setContainer(null)):$(e.conf.rtid).html(""),e},DealResult:function(){var e=this,t=e.pn?e.pn:0;!t&amp;&amp;$(e.conf.rid).empty();var a="";for(var r in e.data)(0==t||"Results_prevRS"!==r)&amp;&amp;(-1!=r.search("Results")&amp;&amp;(a+=e.data[r]),"Results_www_3"===r&amp;&amp;e.speed&amp;&amp;(e.speed.result3=(new Date).getTime()));return e.data.Fold_Result&amp;&amp;(a+=e.data.Fold_Result),e.inCHTMl(e.conf.rid,a),A._setContainer(null),e},DealCtr:function(){var e=this,t=e.data.Html_ctr,a=$(e.conf.npid);return a.html(""),t?(a.show(),a.html(t)):a.hide(),e},DealRS:function(){var e=this,t=e.data.Html_brs,a=$(e.conf.rsid);a.html(""),t?(a.show(),a.html(t)):a.hide();var r=e.data.Html_rrs,i=$(e.conf.rpsid);return i.html(""),r&amp;&amp;i.html(r),e},DealBtm:function(){var e=this,t=e.data.Html_promLink_spr,a=$(e.conf.bid);return t?0===a.children().size()&amp;&amp;(a.show(),a.html(t)):a.hide(),B.search.Search&amp;&amp;B.search.Search.trigger&amp;&amp;B.search.Search.trigger("ready"),$(window).trigger("deal-btm"),e},DealCopyright:function(){var e=this,t=e.data.Html_copyright,a=$(e.conf.copyrightid);return t&amp;&amp;a.html(t),e},DealTablink:function(){{var e=this;e.data.Html_tablink,$(e.conf.tablinkid)}return $("#h-tabs .logo").length||$($("#h-tabs .h-tab")[0]).before($("#head .logo")),$("#h-tabs").addClass("c-flexbox"),e},DealADCSS:function(){var e=this,t=e.data,a=$("#spa-ad-css"),r=t.AD_CSS_1||"",i=t.AD_CSS_2||"",n=t.AD_CSS_BTM||"";return $("#ec_dynamic_js, #ec_dynamic_css, #ec_ls_css, #ec_ls_js, #ec_ls_css_btm").remove(),0==a.length&amp;&amp;(a=$('&lt;div id="spa-ad-css" /&gt;').appendTo("head")),(r||i||n)&amp;&amp;a.html(r+n+i),e},DealADJS:function(){var e=this,t=e.data,a=$("#spa-ad-js");if(0==a.length&amp;&amp;(a=$('&lt;div id="spa-ad-js" /&gt;').appendTo("head")),a.html(""),t.AD_JS)try{a.html(t.AD_JS)}catch(r){}return e},DealCSS:function(){var e=this,t=e.data;""!==e.CssAttString&amp;&amp;(e.CssAttString=e.CssAttString.slice(0,-1),$(e.CssAttString).remove(),e.CssAttString="");for(var a in t)0==a.indexOf("Css_")&amp;&amp;t[a]&amp;&amp;(styles='&lt;style id="'+a+'"&gt;'+t[a]+"&lt;/style&gt;",e.CssAttString+="#"+a+",",$("head").append(styles));return e},DealJS:function(){var e=this,t=e.data;if(e.js_done)return e;e.js_done=!0;for(var a in t)0==a.indexOf("Script_")&amp;&amp;t[a]&amp;&amp;$(e.conf.rid).append(t[a]);return e},DealInapp:function(){var e=this,t=e.data.Html_inapp_spr,a=$("#spa-inapp");t?(0==a.length&amp;&amp;(a=$('&lt;div id="spa-inapp" /&gt;').appendTo("#search-card")),a.html(t)):a.html("")},DealBoxnav:function(){var e=this,t=e.data.Html_boxnav_spr;$("#search-card #appad").remove(),t&amp;&amp;$("#search-card").append(t)}}),window.B=B}(window.A);;define("modules/prefetch/register",["require"],function(){var e={};return e.regObj={conf:[],regist:function(e){var n=this,r=e;return r instanceof Object&amp;&amp;(r.update=r.update?r.update:function(){},n.conf.push(r)),n},update:function(){for(var e=this,n=e.conf.length;n--;)e.conf[n].update();return e},destory:function(){for(var e=this,n=e.conf.length;n--;)"function"==typeof e.conf[n].destory&amp;&amp;e.conf[n].destory();return e}},e}),require(["modules/prefetch/register"],function(e){var n=window.page||(window.page={});n.regObj=e.regObj});;page.amd = {keys: {},addPaths: function(opt) {/*** 参数必须为obj, opt={'a/b':'a/b.js','a/c':'a/c.js'}*/if (typeof opt !== "object") {return;};require.config({paths: opt});$.extend(page.amd.keys, opt);},exist: function(key) {if (key &amp;&amp; typeof page.amd.keys[key] !== "undefined") {return true;};return false;}};require.config({baseUrl: '//m.baidu.com/se'});page.amd.addPaths({'uiamd/apptips/invokeBox': "./static/js/uiamd/apptips/invokeBox_bc9e4c4",'uiamd/apptips/apptips': "./static/js/uiamd/apptips/apptips_e20a552",'uiamd/iscroll/bdscroll': "./static/js/uiamd/iscroll/bdscroll_08bf73c",'uiamd/iscroll/Bscroll': "./static/js/uiamd/iscroll/Bscroll_8941c16",'uiamd/iscroll/iscroll': "./static/js/uiamd/iscroll/iscroll_467cf8b",'uiamd/location/location': "./static/js/uiamd/location/location_94bd998",'uiamd/fav/fav': "./static/js/uiamd/fav/fav_c575b98",'uiamd/tabs/tabs': "./static/js/uiamd/tabs/tabs_fd83a0d",'uiamd/chart/zxt': "./static/js/uiamd/chart/zxt_977cfb3",'uiamd/AddToIndex/AddToIndex': "./static/js/uiamd/AddToIndex/AddToIndex_852753e",'uiamd/share/share': "./static/js/uiamd/share/share_b33c5bf",'uiamd/share/aio': "./static/js/uiamd/share/aio_a5eb6ea",'uiamd/share/bShare': "./static/js/uiamd/share/bShare_82907f4",'uiamd/jplayer/jplayer': "./static/js/uiamd/jplayer/jplayer_98a076e",'uiamd/calendar/calendar': "./static/js/uiamd/calendar/calendar_d874824",'uiamd/ttsvoice/ttsVoice': "./static/js/uiamd/ttsvoice/ttsVoice_eb43db5",'uiamd/afterClick/afterClick': "./static/js/uiamd/afterClick/afterClick_5ee945c",'uiamd/afterClick/aftClick': "./static/js/uiamd/afterClick/aftClick_79ffef4",'uiamd/video/video': "./static/js/uiamd/video/video_5db736b",'uiamd/ttsvoice/ttsVoiceAladdin': "./static/js/uiamd/ttsvoice/ttsVoiceAladdin_82a84d6",'uiamd/swipe/swipe': "./static/js/uiamd/swipe/swipe_6707677"});page.amd.addPaths({'uiamd/scene/infiniteScroll': "./static/js/uiamd/scene/infiniteScroll_181dfb3",'uiamd/newux/base': "./static/js/uiamd/newux/base_343aae1",'uiamd/newux/eventEmitter': "./static/js/uiamd/newux/eventEmitter_1bd5632",'uiamd/newux/showmore': "./static/js/uiamd/newux/showmore_c31e9af"});/* Fusion组件库 */page.amd.addPaths({'fusion/deps/aio': './static/js/fusion/deps/aio_e0b46ac','fusion/deps/detect': './static/js/fusion/deps/detect_d2dad8e','fusion/deps/fusion.best': './static/js/fusion/deps/fusion.best_5bb531c','fusion/deps/fusion': './static/js/fusion/deps/fusion_4f0fdee','fusion/deps/iscroll': './static/js/fusion/deps/iscroll_d8d3456','fusion/deps/naboo': './static/js/fusion/deps/naboo_a0624f6','fusion/deps/spark': './static/js/fusion/deps/spark_10e7396','fusion/deps/cookie': './static/js/fusion/deps/cookie_fd7d6da','fusion/deps/geolocation': './static/js/fusion/deps/geolocation_9caecf3','fusion/deps/etpl': './static/js/fusion/deps/etpl_4827517','fusion/deps/bdetpl': './static/js/fusion/deps/bdetpl_fb9ed8d','fusion/b-tabs/b-tabs': './static/js/fusion/b-tabs/b-tabs_d8c3f28','fusion/b-tabs2/b-tabs2': './static/js/fusion/b-tabs2/b-tabs2_cecdcff','fusion/b-dialog/b-dialog': './static/js/fusion/b-dialog/b-dialog_95d812e','fusion/b-toast/b-toast': './static/js/fusion/b-toast/b-toast_245ba0b','fusion/b-imgfall/b-imgfall': './static/js/fusion/b-imgfall/b-imgfall_820dfbd','fusion/b-lightbox/b-lightbox': './static/js/fusion/b-lightbox/b-lightbox_1e4e862','fusion/b-infinitescroll/b-infinitescroll': './static/js/fusion/b-infinitescroll/b-infinitescroll_c153117','fusion/b-filter/b-filter': './static/js/fusion/b-filter/b-filter_e45bf0e','fusion/b-share/b-share': './static/js/fusion/b-share/b-share_cff6946','fusion/b-popup/b-popup': './static/js/fusion/b-popup/b-popup_63ff762','fusion/b-scroll/b-scroll': './static/js/fusion/b-scroll/b-scroll_4463064','fusion/b-scroll/bdscroll': './static/js/fusion/b-scroll/bdscroll_10fab41','fusion/b-city/b-city': './static/js/fusion/b-city/b-city_4201650','fusion/b-scroll/scroll': './static/js/fusion/b-scroll/scroll_973715e','fusion/b-grouplist/b-grouplist': './static/js/fusion/b-grouplist/b-grouplist_8707b43','fusion/b-tags/b-tags': './static/js/fusion/b-tags/b-tags_aba64f4','fusion/b-player/b-player': './static/js/fusion/b-player/b-player_b1816d4','fusion/b-dropdownmenu/b-dropdownmenu': './static/js/fusion/b-dropdownmenu/b-dropdownmenu_3f3d35f','fusion/b-carousel/b-carousel': './static/js/fusion/b-carousel/b-carousel_0f45d51','fusion/b-navs/b-navs': './static/js/fusion/b-navs/b-navs_2801c90'});/* PMD组件库 */page.amd.addPaths({'pmd/dialog/alert': "./static/pmd/pmd/dialog/alert_1414167",'pmd/dialog/confirm': "./static/pmd/pmd/dialog/confirm_9c0e9e0",'pmd/dialog/dialog': "./static/pmd/pmd/dialog/dialog_ae51119",'pmd/infinitescroll/infiniteScroll': "./static/pmd/pmd/infinitescroll/infiniteScroll_a1aa829",'pmd/popup/popup': "./static/pmd/pmd/popup/popup_625c871",'pmd/popup/filter': "./static/pmd/pmd/popup/filter_3fa4786",'pmd/scroll/bdscroll': "./static/pmd/pmd/scroll/bdscroll_3ca389f",'pmd/scroll/scroll': "./static/pmd/pmd/scroll/scroll_b4c0cc9",'pmd/scroll/scroll2': "./static/pmd/pmd/scroll/scroll2_ab2e3f4",'pmd/scroll/iscroll': "./static/pmd/pmd/scroll/iscroll_43777fc",'pmd/tabs/tabs': "./static/pmd/pmd/tabs/tabs_5ca2d0b",'pmd/toast/toast': "./static/pmd/pmd/toast/toast_c692f90",'pmd/share/share': "./static/pmd/pmd/share/share_cc26fe3",'pmd/player/videoPlayer': "./static/pmd/pmd/player/videoPlayer_2719285",'pmd/player/bdvideoPlayer': "./static/pmd/pmd/player/bdvideoPlayer_c90e358",'pmd/zbImgList/zbImgList': "./static/pmd/pmd/zbImgList/zbImgList_041f7a8",'pmd/deps/aio': "./static/pmd/pmd/deps/aio_50c70c0",'pmd/deps/detect': "./static/pmd/pmd/deps/detect_c8b750a",'pmd/deps/naboo': "./static/pmd/pmd/deps/naboo_310e59a",'pmd/deps/spark': "./static/pmd/pmd/deps/spark_82b7cd9",'pmd/deps/newux': "./static/pmd/pmd/deps/newux_e00d10a"});page.amd.addPaths({'sf/sfview': "./static/js/sf/sfview_f80cf3e",'sf/sflog': "./static/js/sf/sflog_7ff3f16",'sf/route': "./static/js/sf/route_604d86b",'sf/controller': "./static/js/sf/controller_ea3de86",'sf/activity': "./static/js/sf/activity_d7aaa93",'sf/view': "./static/js/sf/view_7deb4f4",'sf/dataBridge': "./static/js/sf/dataBridge_00e96e0",'sf/message': "./static/js/sf/message_181d7b2",'sf/activity/sfActivity': "./static/js/sf/activity/sfActivity_43e573a",'sf/activity/searchActivity': "./static/js/sf/activity/searchActivity_/static/js/sf/activity/searchActivity.js"});page.amd.addPaths({'uiamd/bdbox/base': "./static/js/uiamd/bdbox/base_bae6da8",'uiamd/bdbox/card': "./static/js/uiamd/bdbox/card_97013e6",'uiamd/bdbox/invokevideo': "./static/js/uiamd/bdbox/invokevideo_34b0843",'uiamd/bdbox/log': "./static/js/uiamd/bdbox/log_7a527a6",'uiamd/bdbox/moplus': "./static/js/uiamd/bdbox/moplus_18ecb69",'uiamd/bdbox/o2o': "./static/js/uiamd/bdbox/o2o_0a9f000",'uiamd/bdbox/openapp': "./static/js/uiamd/bdbox/openapp_184e8ca",'uiamd/bdbox/plugin': "./static/js/uiamd/bdbox/plugin_db475d7",'uiamd/bdbox/invoker': "./static/js/uiamd/bdbox/invoker_b05d142",'uiamd/bdbox/wiseAddToIndex': "./static/js/uiamd/bdbox/wiseAddToIndex_2c1f17b",'uiamd/bdbox/videoopen': "./static/js/uiamd/bdbox/videoopen_eea9cb3",'uiamd/bdbox/util': "./static/js/uiamd/bdbox/util_e4c87fb",'uiamd/bdbox/invokeNovel': "./static/js/uiamd/bdbox/invokeNovel_24f4822",'uiamd/bdbox/subscribe': "./static/js/uiamd/bdbox/subscribe_/static/js/uiamd/bdbox/subscribe.js",'uiamd/bdbox/follow': "./static/js/uiamd/bdbox/follow_237243c"});page.amd.addPaths({'uiamd/bdboxinvoke/xsearchBdbox_v2': "./static/js/uiamd/bdboxinvoke/xsearchBdbox_v2_1312efb",'uiamd/bdboxinvoke/xsearchBdbox_v5': "./static/js/uiamd/bdboxinvoke/xsearchBdbox_v5_35b1d9c",'uiamd/bdboxinvoke/xsearchBdboxStart': "./static/js/uiamd/bdboxinvoke/xsearchBdboxStart_fd3153e",'uiamd/bdboxinvoke/xsearchBdboxStart_v5': "./static/js/uiamd/bdboxinvoke/xsearchBdboxStart_v5_0e05c9b",'uiamd/bdboxinvoke/xsearchInvokerMgr_v2': "./static/js/uiamd/bdboxinvoke/xsearchInvokerMgr_v2_1287cef",'uiamd/bdboxinvoke/xsearchInvokerMgr_v4': "./static/js/uiamd/bdboxinvoke/xsearchInvokerMgr_v4_91bf84a",'uiamd/bdboxinvoke/xsearchMgr_v2': "./static/js/uiamd/bdboxinvoke/xsearchMgr_v2_848bc75",'uiamd/bdboxinvoke/xsearchMgr_v4': "./static/js/uiamd/bdboxinvoke/xsearchMgr_v4_15b383a"});page.amd.addPaths({'modules/invoke/app/app': './static/js/modules/invoke/app/app_5728695','modules/invoke/app/banner': './static/js/modules/invoke/app/banner_5fa79ba'});page.amd.addPaths({'modules/feedback/feedback': './static/js/modules/feedback/feedback_b847024','modules/store/store':'./static/js/modules/store/store_a77a8be','modules/share_store/share_store':'./static/js/modules/share_store/share_store_109e9f4','modules/wnor_fanyi/wnor_fanyi': './static/js/modules/wnor_fanyi/wnor_fanyi_04f9f64','modules/activityEgg':'./static/js/modules/activityEgg_f32abb5','modules/psEvent':'./static/js/modules/psEvent_31e8a95','modules/summertips/summertips': "./static/js/modules/summertips/summertips_cbe6a91"});;</script><script data-version="globalBjs_f491cfe">!function(){function e(e,t){var n=e+":",r=document.createElement("test"),i=r.style;return i.cssText=n+t,-1!==i[e].indexOf(t)}if(!e("display","-webkit-flex")||/MQQBrowser/i.test(navigator.userAgent)&amp;&amp;/android/i.test(navigator.userAgent)){var t=".c-flexbox .c-img, .c-row .c-img{-webkit-background-clip:padding-box;background-clip:padding-box;border-top:4px solid transparent;border-bottom:4px solid transparent;}";$("head").append("&lt;style&gt;"+t+"&lt;/style&gt;")}}(),Zepto(function(e){e.fn.imageDelayload=function(){var t=e(this).filter("[data-imagedelaysrc]").add(e(this).find("[data-imagedelaysrc]"));return t.each(function(){this.src=this.getAttribute("data-imagedelaysrc"),this.removeAttribute("data-imagedelaysrc"),this.onload=function(){var t=e(this).closest(".c-img");t.length&amp;&amp;t.css({background:"none"})}})},e("img[data-imagedelaysrc]").not('[data-imageinvisible="1"]').imageDelayload()}),define("log/link-base",["require"],function(){var e=function(){var e=this;e._init()};return $.extend(e.prototype,{_init:function(){var e=this;e.origin=location.origin},_buildParamsString:function(e,t,n){var r="";return $.each(e,function(e,n){r+=t+e+"="+n}),n?r:r.substring(1)},_buildShareTcUrl:function(e,t){var n,r,i,o=this,a=["order","fm","laid","appui","srd","asres","dict","sec","di","bdenc","nsrc","src"],s=[];if(!/^.+\/(tc\?).+/.test(e))return e;n=e.match(/^\w+:\/\/([^\/]+)/),null!=n&amp;&amp;(n=n[0],r=e.match(/l=\w/),null!=r&amp;&amp;(n+="/"+r),n+="/tc?",i=e.split("tc?")[1].split("&amp;"),$.each(i,function(e,t){-1!=a.indexOf(t.split("=")[0])&amp;&amp;s.push(t)}),e=n+s.join("&amp;"));var c=o._buildParamsString(t,"&amp;",!0);return e+=c},getJumpLinkUrl:function(e){var t=this,n="/tc?",r="http://m.baidu.com",i={lid:page.comm.lid,ref:page.comm.ref,w_qd:page.comm.w_qd},o=["nsrc","nt","sto","tj","waplogo","ref","lid","fm","order","dict","src","di","sec","clk_info","l","vipsign","module"];if(e){$.each(o,function(t,n){if(e[n]){var r=e[n];i[n]=encodeURIComponent("object"==typeof r?JSON.stringify(r):r)}});var a={from:page.comm.from||0,ssid:page.comm.ssid||0,uid:page.comm.uid||0,bd_page_type:page.comm.bd_page_type||0,pu:page.comm.pu||0,baiduid:page.comm.baiduid||0,w:page.comm.pn+"_"+page.comm.rn+"_",t:page.comm.abct||0,l:1};return r+=t._buildParamsString(a,"/",!0),r+=n,r+=t._buildParamsString(i,"&amp;",!1)}},getSearchUrl:function(e,t){var n=page.comm.prepath,r="/s?word="+encodeURIComponent(e)+"&amp;"+n.replace(/#/g,"&amp;");r+="&amp;rqid="+page.comm.lid;for(var i in t){var o=t[i];r+="&amp;"+i+"="+o}return r},_getComponentUrl:function(e,t){var n=this;if(!e||"[object Object]"!=Object.prototype.toString.call(e)||!e.url)return"";var r=e.loginfo||{};return t=t||{},"[object Object]"==Object.prototype.toString.call(r)&amp;&amp;(t=$.extend(!0,t,r)),n._buildShareTcUrl(e.url,t)},getShareTcUrl:function(e){var t=this,n={ct:42,cst:0};return t._getComponentUrl(e,n)},getCollectTcUrl:function(e){var t=this,n={ct:43,cst:2};return t._getComponentUrl(e,n)},getSfUrl:function(e){var t=page.comm;return-1==e.search("&amp;word=")&amp;&amp;(e+="&amp;word="+encodeURIComponent(t.query)),-1==e.search("&amp;title=")&amp;&amp;(e+="&amp;title="+encodeURIComponent(t.query)),e.replace(/^https?:\/\/m.baidu.com/,"")+"&amp;lid="+t.lid+"&amp;ms=1"+(t.applid?"&amp;referlid="+t.applid:"")}}),e}),function(){require(["log/link-base"],function(e){page.utils=page.utils||{};var t=new e;page.utils.link=t,page.utils.buildSearchUrl=page.utils.link.getSearchUrl})}(),define("log/tclog",["require"],function(){function e(e,n){var r={tcreq4log:"1&amp;"+page.comm.prepath.replace(/#/g,"&amp;"),ct:0,cst:0,ref:page.comm.ref,lid:page.comm.lid,w:page.comm.pn+"_"+page.comm.rn+"_"+encodeURIComponent(page.comm.query)};page.comm.sid&amp;&amp;(r.sid=page.comm.sid),$.extend(r,e),t("//m.baidu.com/tc",r,n)}function t(e,t,n){var r=Date.now(),i=window[r]=new Image,o="",a=null;i.onload=i.onerror=i.onabort=function(){window[r]=null,a&amp;&amp;(clearTimeout(a),a=null,n())},t=t||{},t.r=r;for(var s in t)t.hasOwnProperty(s)&amp;&amp;(o+="&amp;"+s+"="+t[s]);i.src=e+"?"+o.slice(1),"function"==typeof n&amp;&amp;(a=setTimeout(function(){a=null,n()},500))}function n(e){function n(){var t=this;$.extend(t,e,{pagetype:e.pagetype,actiontype:e.actiontype,timing:0,ta_net:e.ta_net,taspeed:e.taspeed}),-1!=t.pagetype.indexOf("ajax")&amp;&amp;(t.actionstatus=0)}return n.prototype.start=function(){var e=this;return e.timing=(new Date).getTime(),e},n.prototype.stop=function(){var e=this;return e.timing=(new Date).getTime()-e.timing,e},n.prototype.setStatus=function(e){var t=this;return t.actionstatus=e,t},n.prototype.send=function(e){var n=this;return _u=e?e:"http://111.13.12.43/static/tj.gif",t(_u,n),n},new n(e)}return{send:e,spSta:n}}),require(["log/tclog"],function(e){var t=window.page||(window.page={});t.log=e}),define("base/hash/hash_lib",["require"],function(){function e(e){return $.extend({},e)}function t(){var e=location.href.match(/#(.*)$/),t=e?e[0]:"";return 0===t.indexOf("#%7C")&amp;&amp;(t=t.replace(/%7C/g,"|")),t}function n(){var e=t().replace(/^#*/g,""),n=e.split(/\|+/),r={};return n.forEach(function(e){var t=e.match(/([^=]+)(?:=(.*))?/);t&amp;&amp;(r[t[1]]=decodeURIComponent(t[2]||""))}),r}function r(e){var t=[];for(var n in e){var r=e[n];t.push(""===r?n:n+"="+encodeURIComponent(r))}return"#|"+t.join("|")}function i(e,t){var n=[],r=u(e),i=u(t);return i.forEach(function(r){var i=t[r];if(r in e){var o=e[r];o!==i&amp;&amp;n.push({type:"modified",key:r,oldValue:o,newValue:i})}else n.push({type:"added",key:r,oldValue:null,newValue:i})}),r.forEach(function(r){var i=e[r];r in t||n.push({type:"removed",key:r,oldValue:i,newValue:null})}),n}function o(){var t=n();if(!l.mute){var r=i(d,t);r.forEach(function(e){f.trigger("change:"+e.key,[e.type,e.oldValue,e.newValue])}),r.length&gt;0&amp;&amp;f.trigger("change",[e(d),e(t),r])}d=t}function a(){$(window).on("hashchange",o)}function s(){$(window).off("hashchange",o)}function c(e,t){var n=r(e);l.mute=!!t,s(),location.hash=n,o(),setTimeout(a,0),l.mute=!1}var u=Object.getOwnPropertyNames,l={mute:!0},d={},f=$("&lt;div &gt;&lt;/div&gt;");return"on off one".split(" ").forEach(function(e){l[e]=function(t,n){f[e](t,n)}}),l.get=function(t){return 0===arguments.length?e(d):t in d?d[t]:null},l.set=function(e,t,r){var i=n(),o={};o[e]=t,1==arguments.length?o=e:2==arguments.length&amp;&amp;"boolean"==typeof t&amp;&amp;(o=e,r=t),$.extend(i,o),c(i,r)},l.remove=function(e,t){var r=n();e in r&amp;&amp;(delete r[e],c(r,t))},d=n(),a(),l.mute=!1,l}),require(["base/hash/hash_lib"],function(e){page.hash=e}),define("utils/cookie",["require"],function(){return{cookie:function(e,t,n){var r,i,o,a;return 0==arguments.length?document.cookie:arguments.length&gt;1&amp;&amp;"[object Object]"!==String(t)?(n=n||{},(null===t||void 0===t)&amp;&amp;(n.expires=-1),"number"==typeof n.expires&amp;&amp;(r=n.expires,i=n.expires=new Date,i.setTime(i.getTime()+r)),t=String(t),document.cookie=[encodeURIComponent(e),"=",n.raw?t:encodeURIComponent(t),n.expires?"; expires="+n.expires.toUTCString():"",n.path?"; path="+n.path:"",n.domain?"; domain="+n.domain:"",n.secure?"; secure":""].join("")):(n=t||{},a=n.raw?function(e){return e}:decodeURIComponent,(o=new RegExp("(?:^|; )"+encodeURIComponent(e)+"=([^;]*)").exec(document.cookie))?a(o[1]):null)}}}),require(["utils/cookie"],function(e){page.utils=page.utils||{},page.utils.cookie=e.cookie,B.cookie=e.cookie}),define("utils/storage",["require"],function(){var e=function(e){var t={};try{window[e].setItem("_t",1),window[e].removeItem("_t"),t.enabled=!0}catch(n){t.enabled=!1}if(!t.enabled)return t.getObj=t.getObjItem=t.setObj=t.setObjItem=t.getItem=t.get=t.key=function(){return null},t.updateObj=t.updateObjItem=t.setItem=t.set=t.removeItem=t.remove=t.clear=function(){},t.length=function(){return 0},t.keys=function(){return[]},t;var r=window[e];return t.getItem=function(e){return r.getItem(e)},t.setItem=function(e,t){r.setItem(e,t)},t.removeItem=function(e){r.removeItem(e)},t.getObjItem=function(e,t){var n=this.getItem(e),r=null;try{r=JSON.parse(n),t&amp;&amp;(r=r[t])}catch(i){}finally{void 0===r&amp;&amp;(r=null)}return r},t.setObjItem=function(e,t){this.setItem(e,JSON.stringify(t))},t.updateObjItem=function(e,t,n){var r=this.getObjItem(e);r[t]=n,this.setObjItem(e,r)},t.get=function(e,n,r){var i=[e,n,r].join("_");return t.getItem(i)},t.set=function(e,n,r,i){var o=[e,n,r].join("_");t.setItem(o,i)},t.remove=function(e,n,r){var i=[e,n,r].join("_");t.removeItem(i)},t.getObj=function(e,t,n,r){var i=[e,t,n].join("_");return this.getObjItem(i,r)},t.setObj=function(e,t,n,r){this.setObjItem([e,t,n].join("_"),r)},t.updateObj=function(e,t,n,r,i){this.updateObjItem([e,t,n].join("_"),r,i)},t.keys=function(e,t){var n,i=!1;2==arguments.length&amp;&amp;(n=[e,t].join("_"),i=new RegExp("^"+n));for(var o=[],a=0,s=r.length;s&gt;a;++a)n=r.key(a),(!i||n.match(i))&amp;&amp;o.push(n);return o},t.clear=function(){r.clear()},t.length=function(){return r.length},t.key=function(e){return r.key(e)},t};return{ls:e("localStorage"),ss:e("sessionStorage")}}),require(["utils/storage"],function(e){page.utils=page.utils||{},page.utils.ls=e.ls,page.utils.ss=e.ss,B.ls=e.ls,B.ss=e.ss}),define("utils/event_emitter",["require"],function(){function e(){this.events={}}function t(e){s[e]=1}function n(){s={}}function r(e,t){a[t]||(a[t]=[]),a[t].push(e)}function i(){return this.data={},this.listeners={},this.length=0,this}var o=e.prototype,a={},s={};return o.on=function(e,t,n){if("string"==typeof e&amp;&amp;!("function"!=typeof t||n&amp;&amp;n.name&amp;&amp;"string"!=typeof n.name)){n=n||{};var r=this.getEvent(e),i=r.listeners;r.length+=1;var o=n.name||r.length+"";i[o]={fn:t,name:o,doAfter:n.doAfter||"",once:n.once||!1}}},o.one=function(e,t,n){n=n||{},n.once=!0,this.on(e,t,n)},o.off=function(e,t){var n=this.events[e];if(n){var r=n.listeners;if("string"==typeof t)return void(r[t]&amp;&amp;delete r[t]);if("function"==typeof t)for(var i in r)r.hasOwnProperty(i)&amp;&amp;r[i].fn===t&amp;&amp;delete r[i]}},o.exec=function(e,n,r,i){var o;try{if(r.fn.call(n,i||{}),r.once===!0&amp;&amp;this.off(e,r.fn),t(r.name),o=a[r.name]){for(var s=0,c=o.length;c&gt;s;s++)this.exec(e,n,o[s],i);delete a[r.name]}}catch(u){}},o.trigger=function(e,t){var i=this.events[e];if(i){var o=i.listeners,c=null;for(var u in o)o.hasOwnProperty(u)&amp;&amp;(c=o[u],1!==s[c.doAfter]&amp;&amp;c.doAfter&amp;&amp;"string"==typeof c.doAfter?r(c,c.doAfter):this.exec(e,i,c,t));var l;for(u in a)if(a.hasOwnProperty(u)){l=a[u];for(var d=0,f=l.length;f&gt;d;d++)this.exec(e,i,l[d],t);delete a[u]}n()}},o.getEvent=function(e){return void 0===this.events[e]&amp;&amp;(this.events[e]=new i),this.events[e]},i.prototype.getData=function(){return this.data},i.prototype.setData=function(e,t){var n=this.data;return"string"==typeof e&amp;&amp;void 0!==t?void(n[e]=t):void("[object Object]"===String(e)&amp;&amp;(n=$.extend(!0,n,e)))},e}),require(["utils/event_emitter"],function(e){page.event=new e}),define("base/zeptoext/zeptoext",["require"],function(){var e=function(e){$(e.handler).live("touchstart",function(){$("a").css({"pointer-events":"none"}),$(e.area).toggle(),!!e.mo_class&amp;&amp;($(e.handler).toggleClass(e.mo_class),$(e.arr).toggleClass(e.arr_class)),setTimeout(function(){$("a").css({"pointer-events":"auto"})},200)})};return{switchOver:e}}),require(["base/zeptoext/zeptoext"],function(e){$.extend($.fn,e)}),define("base/etpl/bdetpl",["dep/etpl"],function(e){return e.addFilter("linksearch",function(e,t){return e&amp;&amp;page.utils&amp;&amp;page.utils.link.getSearchUrl?(t=t||{},page.utils.link.getSearchUrl(e,t)):""}),e.addFilter("linktc",function(e,t){return e&amp;&amp;page.utils&amp;&amp;page.utils.link&amp;&amp;page.utils.link.getJumpLinkUrl?(t=t||{},t.nsrc||(t.src=e),page.utils.link.getJumpLinkUrl(t)):""}),e.addFilter("https",function(e){return e&amp;&amp;page.https&amp;&amp;page.https.domain&amp;&amp;page.https.domain.get?page.https.domain.get(e):""}),e}),require(["base/etpl/bdetpl"],function(e){page.etpl=e}),!function(){function e(e){var t=this,n='&lt;div id="onlyshow-placeholder"&gt;&lt;div class="loadingbar"&gt;&lt;span class="ico"&gt;&lt;/span&gt;加载中...&lt;/div&gt;&lt;/div&gt;',r=(t.tglDOM.not(t.showDOMQuery),e);$("#onlyshow-loading-tips,#onlyshow-placeholder").remove(),$("body").append(n),window.scrollTo(0,document.body.scrollHeight),setTimeout(function(){t.tglDOM.css({display:"block !important"}),r||t.scrollPage(),$("#onlyshow-placeholder").remove(),$(t.tglDOM).trigger("onlyshowMore"),$("body").css({background:""})},300)}function t(e,n,r){var i=e,o=n,a=r;$("a").css({"pointer-events":"none"}),a&gt;i?(i=i+o&gt;=a?a:i+o,window.scrollTo(0,i),setTimeout(function(){t(i,o,a)},15)):setTimeout(function(){$("a").css({"pointer-events":"auto"})},200)}function n(e){var t=e&gt;&gt;0,n=this,r=3===t||4==t?"none":"block";n.tglDOM.not(n.showDOMQuery).css({display:r+" !important"})}var r=!0;$("body").on("switcherOn",function(){r=!0}),$("body").on("switcherOff",function(){r=!1});var i=function(e,t){function n(e){r&amp;&amp;"bottom"===c&amp;&amp;s.startY&gt;e.touches[0].pageY&amp;&amp;(e.preventDefault(),$(this).on("touchmove",i).one("touchend",o))}function i(e){e.preventDefault(),s.endY=e.touches[0].pageY-s.startY,s.endY&lt;u?(s.endY=s.endY&lt;=d?d:s.endY,$(p.tip).html(h[1])):$(p.tip).html(h[0]),$(this).css({"-webkit-transition-duration":"0","-webkit-transform":"translate3d(0, "+s.endY+"px, 0)"})}function o(){var e=$(this);e.css({"-webkit-transform":"translate3d(0,0,0)","-webkit-transition-duration":"0"}),s.endY&lt;u&amp;&amp;(0==$(p.placeholder).size()&amp;&amp;($(p.tip).remove(),$("body").css({background:"#eee"}).append(f.placeholder),$(p.placeholder)),$(p.placeholder).html(h[2]),setTimeout(function(){window.scrollTo(0,document.body.scrollHeight)},0),setTimeout(function(){$(p.placeholder).remove(),l&amp;&amp;l()},300))}var a=e,s={startX:0,startY:0,endX:0,endY:0},c="top",u=-70,l=t,d=-120,f={tip:'&lt;div id="onlyshow-loading-tips"&gt;&lt;/div&gt;',placeholder:'&lt;div id="onlyshow-placeholder"&gt;&lt;/div&gt;'},p={tip:"#onlyshow-loading-tips",placeholder:"#onlyshow-placeholder"},h=["上拉加载更多","松开加载更多",'&lt;div class="loadingbar"&gt;&lt;span class="ico"&gt;&lt;/span&gt;加载中...&lt;/div&gt;'];a.on("touchstart",function(e){0===$(p.tip).size()&amp;&amp;(a.css({"z-index":2}),$("body").append(f.tip)),c=window.scrollY&gt;=document.body.offsetHeight-window.innerHeight-10?"bottom":"top",s.startX=e.touches[0].pageX,s.startY=e.touches[0].pageY,$(a).one("touchmove",n)}).on("touchend",function(){$(a).off("touchmove",n).off("touchmove",i)})};$.newSigma=function(e){var t=this;1===arguments.length&amp;&amp;(page.comm.sigmaConf=page.comm.sigmaConf||{},$.extend(t,{tglDOM:$(e.tglDOM),tglDOMQuery:e.tglDOM,showDOMQuery:e.showDOM,showDOM:$(e.showDOM),hdWrap:$(e.hdWrap),bdWrap:$(e.bdWrap),execute:1,onlyshow:page.comm.sigmaConf.hideOtherResult===!0&amp;&amp;page.comm.sigmaConf.toolbar===!0?"322":page.comm.sigmaConf.hideOtherResult===!0?"422":"222",isFullScreen:page.comm.sigmaConf.fullScreen&amp;&amp;page.comm.sigmaConf.fullScreen!==!1?1:0,wrapper:e.wrapper||".search-page",tipDOMQuery:e.tipDOM||".se-page-tips",skin:e.skin||!1,barDOMQuery:"#onlyshow-bar",templateHTML:[],templateACTHTML:"",templateTextTHTML:"搜索智能聚合",tabMore:$(e.tabMore),tips:$(e.tips),num:1}),1===t.execute&amp;&amp;t.run())},$.newSigma.prototype={resets:function(){var e=this;return e.templateHTML=[],e.templateACTHTML="",e.onlyshow=page.comm.sigmaConf.hideOtherResult===!0&amp;&amp;page.comm.sigmaConf.toolbar===!0?"322":page.comm.sigmaConf.hideOtherResult===!0?"422":"222",e.isFullScreen=page.comm.sigmaConf.fullScreen&amp;&amp;page.comm.sigmaConf.fullScreen!==!1?1:0,e.showDOM=$(e.showDOMQuery),e.tglDOM=$(e.tglDOMQuery),e.execute=1,e.count=0,e.num=1,e},setParams:function(){var e=this;return e.conf=e.onlyshow.split(""),e},update:function(){var e=this;return e.onlyshow&amp;&amp;1===e.execute&amp;&amp;e.run(),e},run:function(){var e=this;e.setParams().renderPage().attEvent(),e.execute=0},scrollPage:function(){var e=this,n=window.pageYOffset,r=$(".result").eq(e.num).length&amp;&amp;$(".result").eq(e.num).offset().top-6||0,i=10,o=(r-n)/i&gt;&gt;0;t(n+o,o,r)},finLoad:function(){var e=this;$(e.barDOMQuery+" .bar-l span").html(e.templateTextTHTML).off("click"),$(e.barDOMQuery+" section").html(e.templateHTML[3]),$(e.wrapper).off("touchstart touchmove touchend")},unbindEvent:function(){var e=this;$(e.wrapper).off("touchstart touchmove touchend"),e.hdWrap.off("touchend")},attEvent:function(){var e=this,t=e.showDOM.attr("data-share"),n=null;return"0"!==t&amp;&amp;require(["pmd/share/share"],function(r){var i=decodeURIComponent(page.comm.query),o=e.showDOM.attr("srcid")||"",a={url:window.location.origin+"/s?word="+page.comm.query+"&amp;sa=share_sigma_"+o,title:'"'+i+'"的百度搜索结果',content:'您的好友在百度搜索了"'+i+'"，点击查看他搜到的内容。',loginfo:{clk_from:o}};t&amp;&amp;(a=$.extend(a,JSON.parse(t))),n=new r(a)}),e.hdWrap.on("touchstart",function(t){("更多"===t.target.innerText||"SPAN"===t.target.tagName&amp;&amp;""===t.target.innerText)&amp;&amp;e.caculateHeight("tab")}),e.conf[0]&gt;&gt;0===3?$(e.barDOMQuery+" .bar-l span").on("click",function(){e.switchScroll(e.conf[0]),e.finLoad()}):e.conf[0]&gt;&gt;0===4?$(".onlyshow-bar-wapper").on("click",function(){e.switchScroll(e.conf[0]),e.finLoad(),$(this).remove(),page.one("stop",function(){e.destroy()})}):e.finLoad(),$(e.barDOMQuery+" .bar-r .btn-fb").on("click",function(){var e=$(this).attr("data-fb"),t=page.comm.query,n="",r=page.comm.prepath.split("#");r.forEach(function(e){var t=e&amp;&amp;e.split("=");"baiduid"==t[0]&amp;&amp;(n=t[1])}),location.href=e?e:"http://ufosdk.baidu.com/?m=Client&amp;a=postView&amp;appid=517&amp;activityId=2&amp;needEmail=false&amp;u=wise&amp;tn=iphone&amp;kw="+t+"&amp;bw="+n}),$(e.barDOMQuery+" .bar-r .btn-share").on("click",function(e){e.preventDefault(),n&amp;&amp;n.popup()}),e.conf[0]&gt;&gt;0===3&amp;&amp;i($(e.wrapper),function(){page.log.send({ct:2,cst:1,clk_info:"a1_g1",clk_from:e.showDOM.attr("srcid")}),e.switchScroll(e.conf[0],"stuck"),e.finLoad()}),e},renderPage:function(){var e=this;return 0!==e.tabMore.size()&amp;&amp;e.caculateTabHeight(),e.caculateHeight().makeTemplate(),e.isFullScreen?e.fullScreen():e.showDOM.css({"padding-bottom":$(e.barDOMQuery).height()+"px"}),e},fullScreen:function(){var e=this,t=e.hdWrap.height(),n=$(e.barDOMQuery).height(),r=e.showDOM.attr("data-backcolor");0==t&amp;&amp;(t=-91),e.showDOM.css({"min-height":$(window).height()-t-n+"px","padding-bottom":n+"px !important"}),r&amp;&amp;e.showDOM.css({"background-color":r}),e.showDOM.trigger("onlyshowLoaded")},makeTemplate:function(){var e=this,t="";return{share:e.showDOM.attr("data-share"),fb:e.showDOM.attr("data-fb")},e.switchConfState(e.conf[0],1),t=$(e.tipDOMQuery),$(e.tipDOMQuery).remove(),t.prependTo(e.showDOMQuery),e},caculateTabHeight:function(){var e=this;return e.tabMore.css({position:"absolute",display:"block","z-index":"-2",visibility:"hidden"}),e.tabHeight=e.tabMore.height(),e.tabMore.css({position:"static",display:"none",visibility:"visible"}),e},caculateHeight:function(e){var t=this,n=t.hdWrap.height();0!==t.tabMore.size()&amp;&amp;(e&amp;&amp;"none"==t.tabMore.css("display")&amp;&amp;(n=n+t.tabHeight&gt;&gt;0),e&amp;&amp;"block"==t.tabMore.css("display")&amp;&amp;(n=n-t.tabHeight&gt;&gt;0));var r=t.showDOM.find(".c-onlyshow-toppic");if(r.length&gt;0)if("zbios"!==page.comm.tn&amp;&amp;("1"!=page.comm.tabSampling||"1"==page.comm.tabSampling&amp;&amp;page.ishome)){var i=t.tips.height()+n+5;r.css({"padding-top":i+"px","margin-top":"-"+i+"px"})}else 0&gt;=n&amp;&amp;(n=8);return"zbios"!==page.comm.tn&amp;&amp;("1"!=page.comm.tabSampling||"1"==page.comm.tabSampling&amp;&amp;page.ishome)&amp;&amp;t.showDOM.css({"padding-top":n+"px !important"}),t},destroy:function(){var e=this;return e.resets(),e.resetStyle(),e.unbindEvent(),delete page.comm.onlyshow,delete page.comm.sigmaConf,e.execute=1,this},resetStyle:function(){var e=this;return $(e.wrapper).removeClass("skin-default onlyshow"),$("#onlyshow-share-js").remove(),$(e.barDOMQuery).remove(),e.tglDOM.attr("style",""),e.hdWrap.attr("style",""),e.bdWrap.attr("style",""),e.hdWrap.removeClass("skin-default skin-light skin-dark"),e},switchConfState:function(e){var t=this,r=e&gt;&gt;0,i=t.skin;t.runState=null,t.runState=n,t.runState(r,i)},switchScroll:function(t,n){var r=this,i=t&gt;&gt;0,o=n||!1;switch(i){case 2:r.runState=r.scrollPage;break;case 3:r.runState=e}r.runState(o)}}}(),define("modules/foldResult",["require"],function(){function e(e,t){function n(e){"bottom"===a&amp;&amp;o.startY&gt;e.touches[0].pageY&amp;&amp;(e.preventDefault(),$(this).on("touchmove",r).one("touchend",i))}function r(e){e.preventDefault(),o.endY=e.touches[0].pageY-o.startY,o.endY&lt;c&amp;&amp;(o.endY=o.endY&lt;=d?d:o.endY),0==$(p.placeholder).size()&amp;&amp;($("body").css({background:"#f1f1f1"}),$(f.placeholder).insertAfter($(s.foldBar))),$(this).css({"-webkit-transition-duration":"0","-webkit-transform":"translate3d(0, "+o.endY+"px, 0)"})}function i(){var e=$(this);e.css({"-webkit-transform":"translate3d(0,0,0)","-webkit-transition-duration":"0"}),o.endY&lt;c?setTimeout(function(){$(p.placeholder).remove(),l&amp;&amp;l()},300):($(p.placeholder).remove(),$("body").css({background:"#f1f1f1"}))}var o={startY:0,endX:0,endY:0},a="top",c=-30,u=e,l=t,d=-120,f={placeholder:'&lt;div id="foldresult-placeholder" class="c-loading"&gt;&lt;i class="c-icon"&gt;&amp;#xe780&lt;/i&gt;&lt;p&gt;加载中…&lt;/p&gt;&lt;/div&gt;'},p={placeholder:"#foldresult-placeholder"};u.on("touchstart",function(e){a=window.scrollY&gt;=document.body.offsetHeight-window.innerHeight-10?"bottom":"top",o.startY=e.touches[0].pageY,$(u).one("touchmove",n)}).on("touchend",function(){$(u).off("touchmove",n).off("touchmove",r)})}function t(e){$(s.tglDOM).css({display:"none !important"});for(var t=0,n=s.showDOM.length;n&gt;t;t++)$(s.showDOM[t]).css({display:"block !important"});$("body").css({background:"#f1f1f1"}),window.setTimeout(function(){document.body.offsetHeight&lt;window.innerHeight&amp;&amp;$(s.wrapper).css({height:window.innerHeight+"px"}),"undefined"!=typeof e&amp;&amp;e.call()},300)}function n(e){var t=s,n='&lt;div id="foldresult-placeholder" class="c-loading"&gt;&lt;i class="c-icon"&gt;&amp;#xe780&lt;/i&gt;&lt;p&gt;加载中…&lt;/p&gt;&lt;/div&gt;';text="您展开了全部搜索结果";var e=e||0,r=e?0:300;$("#foldresult-placeholder").remove(),$("body").css({background:"#f1f1f1"}),e||$(n).insertAfter($(s.foldBar)),setTimeout(function(){if($(t.tglDOM).css({display:"block !important"}),$(t.foldBar).addClass("fold-tip-after").html(text),$("#foldresult-placeholder").remove(),$(t.tglDOM).trigger("onlyshowMore"),$(s.wrapper).css({height:"auto"}),$("body").css({background:"#f1f1f1"}),navigator.cookieEnabled&amp;&amp;window.sessionStorage){var e="foldResult_"+window.location.href;window.sessionStorage.getItem(e)||window.sessionStorage.setItem(e,1)}},r)}function r(){$(s.foldBar).off("click"),$(s.wrapper).off("touchstart touchmove touchend")}function i(){$(s.foldBar).on("click",function(e){e.preventDefault(),e.stopPropagation(),page.log.send({ct:27,cst:1}),n(),r()})}function o(){$(document.body).height()-($(s.foldBar).offset().top+$(s.foldBar).height())&gt;$(window).height()&amp;&amp;!s.onlyclick&amp;&amp;(s.onlyclick=1,$(s.foldBar).find(".tip").html("点击查看更多搜索结果")),s.onlyclick||e($(s.wrapper),function(){page.log.send({ct:27,cst:2}),n(),r()})}function a(e){if(0!=$(e.foldBar).length){e.onlyclick=e.onlyclick,e.foldPos=e.foldPos-0,e.foldNum=e.foldNum-0;var r=-1==e.foldNum?$(".results .result").length:e.foldPos+e.foldNum;if(e.showDOM=[e.foldBar],$("#results&gt;div.result").each(function(t,n){t&gt;=e.foldPos&amp;&amp;r&gt;t||e.showDOM.push(n)}),$.extend(s,{foldPos:e.foldPos,foldBar:e.foldBar,onlyclick:e.onlyclick,showDOM:e.showDOM,tglDOM:e.tglDOM,wrapper:e.wrapper||$(document.body)}),navigator.cookieEnabled&amp;&amp;window.sessionStorage&amp;&amp;1==window.sessionStorage.getItem("foldResult_"+window.location.href))return void n(1);t(o),i()}}var s={};return a}),require(["modules/foldResult"],function(e){page.on("init",function(){var t={tglDOM:".results &gt; div,.se-page-ft,.se-page-controller,.se-page-copyright",foldPos:page.comm.foldPos,foldNum:page.comm.foldNum,onlyclick:page.comm.onlyclick,foldBar:"#fold-tip"};e(t)})}),!function(){function e(n,r){Array.isArray(n.subData)&amp;&amp;n.subData.forEach(function(n){var i=new t._Aladdin(n.container,n.data,n.handlers,n.type,r,n.subData);e(n,i)})}var t=window.A,n=t.$=window.$;t.scrollComponentName="pmd/scroll/scroll",t.domReady=!1,n(window.document).ready(function(){t.domReady=!0}),t.windowLoaded=!1,n(window).bind("load",function(){t.windowLoaded=!0});var r;t.page=function(){return n(".search-page")},t.pageHide=function(){n(".search-page, .se-page-hd").hide()},t.pageShow=function(){n(".search-page, .se-page-hd").show()};var i=function(e){if(!e)return!1;e=e.replace(/&amp;amp;/g,"&amp;");var t={};return t.query=e.replace(/([^?]+)\?/g,function(e,n){return t.path=n,""}).replace(/#.*/,function(e){return t.hash=e,""}),t.params={},t.query.split("&amp;").forEach(function(e){var n=e.split("=");n[0]&amp;&amp;(t.params[n[0]]=n.length&gt;1?decodeURIComponent(n[1]):"")}),t};t.getAlaOrder=function(e,t){var n={};switch(t){case"group":n.gorder=e;break;case"cluster":n.corder=e;break;default:n.order=e}return n},t.sendLog=function(e,r){var i,o;if(e instanceof t._Aladdin)o=e;else if(!e||!(i=n(e).attr("initIndex")))return;var o=o||t.list[i-1],a=n.extend({srcid:o.container.getAttribute("new_srcid")||o.srcid,tplname:o.tplName,type:"o",t:+new Date},r);delete a.src,a.extra&amp;&amp;(a.extra=(""+a.extra).slice(0,20)),a.title&amp;&amp;(a.title=(""+a.title).slice(0,10));var s={fm:o.log.fm||"alop",clk_info:JSON.stringify(a)},c=o.type,u=t.getAlaOrder(o.order,c);s=n.extend(s,u),c||(s.ala_clk=[o.log.ensrcid,o.order,B.comm.pn,B.comm.rn,"o"].join("_")),r.src&amp;&amp;(s.src=r.src),t.log.send(t.getLogUrl(s))},t.getLogUrl=function(e){var r=t.log.settings;return r.API_URL+n.param(r.PARAMS)+"&amp;"+n.param(e)},t._Aladdin=function(e,n,r,i,o,a){e&amp;&amp;(this.container=e,this.data=n,this.handlers=r,this.tplName=e.getAttribute("tpl"),this.srcid=e.getAttribute("srcid"),this.order=e.getAttribute("order"),this.type=i||"",this.parent=o||null,this._subData=a||null,this.log=t.log.list[this.srcid+"_"+this.order]=new Function("return "+this.container.getAttribute("data-log"))()||t.log.list[this.srcid+"_"+this.order],t.list.push(this))},t._Aladdin.prototype={constructor:t._Aladdin,find:function(e){return n(e,this.container)},_triggerHandlers:function(){this.handlers.forEach(function(e){if("function"==typeof e)try{e.call(this)}catch(t){window.console&amp;&amp;console.warn("error in "+(this.tplName||this.srcid)+":"+t)}},this)},makeMipLinkPrefix:function(e){e=n.extend(!0,{title:"百度",pd:"mms_mip",sfmipoptions:{view:{_hold:2}},tn:"normal",type:1,actname:"act_sf_mip",ltj:"l"},e);var t=e.url,r=/^http:\/\//,i=/^https:\/\//,o="//mipcache.bdstatic.com";if(e.class&amp;&amp;(e.class=' class="'+e.class+'"'),!e.url||!e.nsrc)return"&lt;div"+(e.class||"")+"&gt;";1===+e.type&amp;&amp;(t=r.test(t)?o+"/c/"+t.replace(r,""):i.test(t)?o+"/c/s/"+t.replace(i,""):o+"/c/s/"+t.replace(/^\/\//,""));var a={url:encodeURIComponent(t),lid:window.B.comm.lid};e.hSt&amp;&amp;(a.hSt=e.hSt);var s=["http://m.baidu.com","/sf?word="+window.B.comm.query,"&amp;mod=0","&amp;tn="+e.tn,"&amp;pd="+e.pd,"&amp;actname="+e.actname,"&amp;title="+encodeURIComponent(e.title),"&amp;ext="+encodeURIComponent(JSON.stringify(a))].join("");return"zbios"!==B.comm.tn||"zbios"===B.comm.tn&amp;&amp;B.comm.isAndroid||!e.useStub?this.makeSfLinkPrefix({url:s,"class":"c-blocka",attr:"data-sf-options='"+JSON.stringify(e.sfmipoptions)+"'",is_mip:e.type,cyc:e.cyc,extra:e.extra,ori_url:e.nsrc}):(s=this.makeTcUrl({extra:e.extra,tjType:e.ltj,src:s.replace("tn="+e.tn,"tn=nohead")}),"&lt;a"+(e.class||"")+' href="'+s+'"&gt;')},makeMipLinkSuffix:function(e){return e&amp;&amp;e.url&amp;&amp;e.nsrc?"&lt;/a&gt;":"&lt;/div&gt;"},makeSfLinkPrefix:function(e){e=n.extend({},e);var t=e.url;if(!t)return'&lt;div class="'+(e.class||"")+'"&gt;';/word=/.test(t)||(t+="&amp;word="+window.B.comm.query),/title=/.test(t)||(t+="&amp;title="+window.B.comm.query);var r={};e.cyc&amp;&amp;(r.cyc=e.cyc),e.ori_url&amp;&amp;(r.e=e.ori_url),e.is_mip&amp;&amp;(r.m=e.is_mip);var i=t.replace(/^http(s)?:\/\/m.baidu.com/,"")+"&amp;lid="+window.B.comm.lid+"&amp;ms=1";i+="&amp;frsrcid="+(n(this.container).attr("new_srcid")||n(this.container).attr("srcid")),i+="&amp;frorder="+this.order;var o=[];e.attr&amp;&amp;o.push(e.attr),e.extra&amp;&amp;o.push("data-click='"+JSON.stringify({clk_info:{extra:e.extra}})+"'"),Object.keys(r).length&amp;&amp;o.push("data-log='"+JSON.stringify(r)+"'");var a={tcUrl:this.makeTcUrl({src:location.protocol+"//"+location.host+i,extra:e.extra}),"class":"WA_LOG_SF"+(e.class?" "+e.class:""),attr:o.join(" "),sfUrl:i};return'&lt;a {attr} href="{tcUrl}" data-sf-href="{sfUrl}" class="{class}"&gt;'.replace(/{([^}]+)}/g,function(e,t){return a[t]})},makeSfLinkSuffix:function(e){return e&amp;&amp;e.url?"&lt;/a&gt;":"&lt;/div&gt;"},makeSearchTcUrl:function(e){e=n.extend({sa:"re_"+this.order+"_"+this.srcid,prefix:location.protocol+"//"+location.host},e),"/"===e.prefix.slice(-1)&amp;&amp;(e.prefix=e.prefix.slice(0,-1));var t={sa:e.sa.substr(0,15)};return["st","euri","prese"].forEach(function(n){e[n]&amp;&amp;(t[n]=e[n])}),this.makeTcUrl({src:e.prefix+page.utils.link.getSearchUrl(e.word,t),tjType:e.tjType,tj5:e.tj5})},makeTcUrl:function(e){if(!this._parseTcUrl())throw this.tplName+": makeTcUrl param error";!e&amp;&amp;(e={});var t="l",r=this.srcid+"_"+this.order+"_"+B.comm.pn+"_"+B.comm.rn+"_";if(e.tjType&amp;&amp;(t=e.tjType,delete e.tjType),e.tj5)e.tj=r+e.tj5,delete e.tj5;else{if(!this._tjType[t]){var i={};i[t]=0,this.setTjType(i)}e.tj=r+t+this._tjType[t]++}var o=n.extend({},this._tcUrlObj.params,e);n.each(o,function(e,t){(void 0===t||null===t||""===t)&amp;&amp;delete o[e]}),o.src||o.nsrc||(o.src="");var a=n.param(o);return this._tcUrlObj.path+"?"+a},setTjType:function(e){var t=this._tjType;this._tjType||(t=this._tjType={}),n.each(e,function(e,n){t[e]=+n?+n:1})},_parseTcUrl:function(){if(this._tcUrlObj)return!0;var e=this.data._tcUrl;if(!e)return!1;e=e.replace(/&amp;amp;/g,"&amp;");var t,n=i(e);if(t=n.params.tj){var r,o=t&amp;&amp;t.split("_")[4];if(r=o.match(/(\w+)(\d+)/)){var a={};a[r[1]]=r[2],this.setTjType(a)}}return!this._tjType&amp;&amp;this.setTjType({l:0}),this._tcUrlObj=n,!0},makeTimg:function(e){if(!r||!e.src)throw this.tplName+":makeTimg param error!";var t;if(e.notimg)t=B.https.domain.get(e.src);else{var i=n.extend({},r.params,{size:e.cuttype||void 0,quality:e.size||void 0,src:e.src,di:e.di,sec:e.sec});t=r.path+"?"+n.param(i)}var o={type:e.type||"s",imgattr:e.imgattr||"src",src:t};return'&lt;div class="c-img c-img-${type}"&gt;&lt;img ${imgattr}="${src}"/&gt;&lt;/div&gt;'.replace(/\$\{([^}]+)\}/g,function(e,t){return o[t]||""})},widget:function(e,t){var n=this;if(n.widgetList=n.widgetList||{},"function"==typeof t){var r=new t;r.$el=n.$('[data-id="'+e+'"]'),r.$=function(e){return this.$el.find(e)},r.init(),n.widgetList[e]=r}},sendLog:function(e){t.sendLog(this,e)},getClickInfo:function(){return B&amp;&amp;B.comm&amp;&amp;B.comm.clickInfo},addLogData:function(e,t){var r=n(e);r.attr({srcid:this.srcid||"",initIndex:this.container.initIndex||"",pageIndex:t||null}).addClass("WA_LOG_MIDPAGE")}};var o=function(e,t,n,r){e&amp;&amp;r&amp;&amp;(this.container=e,this.data=t,this.handlers=n,this.parent=r,this.srcid=e.getAttribute("santaid"),this.order=e.getAttribute("order"),!r.santaList&amp;&amp;(r.santaList=[]),r.santaList.push(this))},a=t._Aladdin.prototype;o.prototype={constructor:o,find:a.find,_triggerHandlers:a._triggerHandlers,makeTcUrl:function(e){return this.parent.makeTcUrl(e)},makeTimg:function(e){return this.parent.makeTimg(e)},sendLog:function(e){e.santa_order||(e.santa_order=this.order),this.parent.sendLog(e)}},t._init=function(){B.comm.timgPre&amp;&amp;(r=i(B.comm.timgPre)),t._initstart=!0,t._alaData.forEach(function(n){var r=new t._Aladdin(n.container,n.data,n.handlers,n.type,null,n.subData);Array.isArray(n.santaData)&amp;&amp;n.santaData.forEach(function(e){new o(e.container,e.data,e.handlers,r)}),e(n,r)}),t._tmpAlaData=[],t.list.forEach(function(e){e._triggerHandlers(),e.santaList&amp;&amp;e.santaList.forEach(function(e){e._triggerHandlers()})})},t._ajax={settings:{DOMAIN:"m.baidu.com",API_URL:"//m.baidu.com/openapi?",ERR_URL:"//open.baidu.com/stat/al_e.gif?ajax_err_url=",PARAMS:{tn:"wisexmlnew",dsp:"iphone",ie:"utf-8",oe:"utf-8",format:"json"},TIMEOUT:15e3},jsonpID:1,jsonp:function(e,r){var i=r||{},o=t._ajax.settings,a=document.createElement("script"),s=+new Date,c="wise_aladdin_callback_"+t._ajax.jsonpID++,u=[e,"&amp;",i.cb||"cb","=",c,"&amp;__t=",s].join(""),l=function(){clearTimeout(d),n(a).remove(),window[c]=null,delete window[c]},d=setTimeout(function(){l(),i.timeout&amp;&amp;i.timeout(),t.log.send(o.ERR_URL+u)},i.TIMEOUT||o.TIMEOUT);window[c]=function(e){l(),e&amp;&amp;(0==e.status?i.success&amp;&amp;i.success(e.data):i.error&amp;&amp;i.error(e.status)),i.callback&amp;&amp;i.callback(e)},a.charset=i.oe||o.PARAMS.oe,a.src=u,n("head").append(a)}},t._Aladdin.prototype.$=function(e){return n(e,this.container)},t._Aladdin.prototype.$$=function(e){return this.$(e).first()},t._Aladdin.prototype.jsonp=function(e,n){t._ajax.jsonp(e,n)},t._Aladdin.prototype.ajax=function(e,r,i){var o="object"==typeof e?e:i||{},a=t._ajax.settings,s=n.extend({},a.PARAMS,{query:o.query||e,resource_id:o.resource_id||r},o.params||{}),c=o.url||a.API_URL+n.param(s);n.ajax&amp;&amp;a.DOMAIN===window.document.domain?(c=[c,"&amp;t=",+new Date].join(""),n.ajax({url:c,dataType:s.format,timeout:o.TIMEOUT||a.TIMEOUT,success:function(e){e&amp;&amp;(0==e.status?o.success&amp;&amp;o.success(e.data):o.error&amp;&amp;o.error(e.status))},error:function(e,n){"timeout"===n?o.timeout&amp;&amp;o.timeout():o.error&amp;&amp;o.error(n),t.log.send(a.ERR_URL+c)}})):this.jsonp(c,o)},B.on("stop",function(){t.list=[],t._alaData=[],t._initstart=!1}),B.on("init",function(){t._init()})}(),function(){function e(e,t){if(t=t||function(){},l[e])return void t();l[e]=1;var n=s.createElement("link");n.rel="stylesheet",n.type="text/css",n.href=e,c.appendChild(n),t()}function t(e,t){if(t=t||function(){},l[e])return void t();if(d[e]&amp;&amp;f[e])return void f[e].push(t);d[e]=1;var n=f[e]=f[e]||[];n.push(t);var r=s.createElement("script");r.type="text/javascript",r.src=e,r.charset="utf-8",r.unique=u,r.onload=r.onreadystatechange=function(){if(!this.readyState||"complete"===this.readyState||"loaded"===this.readyState){if(u!=r.unique)return!1;for(;n.length;)try{n.shift()()}catch(t){}d[e]=null,delete d[e],f[e]=null,delete f[e],l[e]=1,r.onload=r.onreadystatechange=null}},c.appendChild(r)}function n(e,t){var n=(new Date).getTime();if(!/http[s]?:\/\//i.test(e)){var r=t||{},i=e.split(/[-\.]/),a=i[0],s=i[1]&gt;0&amp;&amp;i[1]||0,c=r.type||"css"===(i[2]||i[1])&amp;&amp;"css"||"js",u=s&amp;&amp;a+"-"+s||a;e=[o.alaPrefix,r.path||"",a,"/",u,".",c].join("")}return e+=e.indexOf("?")&gt;0?"&amp;":"?",e+="ts="+n}function r(i,o,a){var s="string"==typeof i?i.split(/\s*,\s*/):i;if(s.length&gt;1)if(o)r(s.shift(),function(){s.length&gt;0&amp;&amp;r(s,o,a)},a);else for(;s.length;)r(s.shift(),a);else{var c=n(s[0],a);/\.js$|\?/i.test(c)?t(c,o):e(c,o)}}function i(e,t,n,i){var s=i||{};o.windowLoaded||s.useImmediately?r(e,t,n):a(window).one("load",function(){o.windowLoaded=!0,r(e,t,n)})}var o=window.A,a=o.$,s=window.document,c=s.getElementsByTagName("head")[0],u=(new Date).getTime(),l=o.loaded={},d={},f={};o.ui={},o.alaPrefix="//m.baidu.com/static/ala/",B.on("stop",function(){l=o.loaded={},d={},f={},u=(new Date).getTime()}),o.use=function(e,t,n){i(e,t,{path:"ui/"},n)},o.useUI2=function(e,t,n){i(e,t,{path:"ui2/"},n)},o.js=function(e,t,n){i(e,t,{type:"js"},n)},o.css=function(e,t,n){var r=n||{useImmediately:1};i(e,t,{type:"css"},r)}}(),function(){var e=window.A,t=e.$,n=e.log,r=n.settings,i="m.baidu.com",o=/c_\w+_\d+/i,a="WA_LOG_",s=["TAB","BTN","SF","MSC","OTHER"],c={TAB:"t",BTN:"b",SF:"sf",MSC:"msc",OTHER:"o"},u=function(e,t,n){if(n=n||[],t=t||document,e===t||!e||!t)return n;e.parentNode!=t&amp;&amp;(n=u(e.parentNode,t,n));for(var r=1,i=e.previousSibling;i;)1===i.nodeType&amp;&amp;i.nodeName===e.nodeName&amp;&amp;r++,i=i.previousSibling;return 1===e.nodeType&amp;&amp;n.push(e.nodeName.toLowerCase()+(r&gt;1?r:"")),n},l=function(){return(new Date).getTime()},d=function(e,n){for(var r,i,c=!0,u=[],l="",d=e,f=t(d);c&amp;&amp;d&amp;&amp;d!==n;){if(f.attr("data-nolog")){c=!1;break}(r=f.attr("data-click"))&amp;&amp;(u.push(r),/['"]?sto['"]?:/.test(r)&amp;&amp;o.test(r)&amp;&amp;(l=new Function("return "+r)().sto,i=f)),d=d.parentNode,f=t(d)}if(c){for(var p,h,m,g,d=e,v=s.length;!p&amp;&amp;d&amp;&amp;d!==n;){for(var w=0;v&gt;w;w++)if(t(d).hasClass(a+s[w])){p=s[w],g=d;break}d=d.parentNode}if(p&amp;&amp;(t.each(t("."+a+p,t(n)),function(e,t){return t===g?(h=e+1,!1):void 0}),i&amp;&amp;t.each(t("."+a+p,i),function(e,t){return t===g?(m=e+1,!1):void 0}),h||m))return{isLog:c,type:p,index:h,sto:l,sIndex:m,overrideData:u}}return null},f=function(t,n,r,i,o,a){var s,u=t.getAttribute("initIndex");u&amp;&amp;(s=e.list[u-1])&amp;&amp;(o.ref=0,o.xpath=n,o.t=r,a&amp;&amp;(o.type=c[a]||a.charAt(0).toLowerCase()),i&amp;&amp;(o.title=i),e.sendLog(s.container,o))},p=function(e,n){if(!e)return JSON.stringify(n);try{var r="string"==typeof e?JSON.parse(e):e;return t.extend(r,n),JSON.stringify(r)}catch(i){return e}},h=function(s,h,m,g){var v=s,w=t(h),b=w.attr("srcid"),y=w.attr("order"),x=w.attr("type"),_=b+"_"+y,k=e.getAlaOrder(y,x);if(!n.list[_]){var S=new Function("return "+h.getAttribute("data-log"))();if(!S)return;n.list[_]=S}var $=+new Date,T=d(s,h);if(T&amp;&amp;T.isLog){var A=u(s,g?g.get(0):h).join("-").slice(0,100),O=l();if(w.hasClass(a+"MIDPAGE")){var E={};T.overrideData&amp;&amp;t.each(T.overrideData.reverse(),function(e,n){t.extend(E,new Function("return "+n)())}),f(h,A,O,t(s).text()||"",E,T.type)}else{var C=r.sPARAMS.pn,q=r.sPARAMS.rn,R=r.API_URL+t.param(r.PARAMS)+"&amp;",I=n.list[_],U=[I.ensrcid,I.order,C,q].join("_"),j=new RegExp(U),E={},M=T&amp;&amp;c[T.type]||"o";for(I.fm&amp;&amp;(E.fm=I.fm),E=t.extend(E,k),I.ala_appid&amp;&amp;(E.ala_appid=I.ala_appid),I.waplogo&amp;&amp;(E.waplogo=I.waplogo),T.index&amp;&amp;(E.ala_clk=[U,M+T.index].join("_")),T.sIndex&amp;&amp;(E.sto=""),E.src=I.mu||i;v&amp;&amp;v.nodeName&amp;&amp;"a"!==v.nodeName.toLowerCase()&amp;&amp;v!=h;)v=v.parentNode;var D=t(v),L=D.data("log")||{};L.e&amp;&amp;(delete E.src,E.nsrc=L.e,E.bdenc=1),L.c&amp;&amp;(E.cyc=L.c),I.laid&amp;&amp;(E.laid=I.laid),E.ala_clk_t=t(s).text().slice(0,20),T.overrideData.length&gt;0&amp;&amp;(t.each(T.overrideData.reverse(),function(e,n){E=t.extend(E,new Function("return "+n)())}),E.ala_clk&amp;&amp;!j.test(E.ala_clk)&amp;&amp;1===E.ala_clk.split("_").length&amp;&amp;(E.ala_clk=[U,E.ala_clk].join("_"))),E.sto&amp;&amp;(o.test(E.sto)?T.sIndex&amp;&amp;(E.sto=[E.sto,M+T.sIndex].join("_")):E.sto=[T.sto,E.sto].join("_")),E.sec=$;var P={srcid:w.attr("new_srcid")|b,tplname:w.attr("tpl"),t:O};L.m&amp;&amp;(P.mip=1),g?(P.s_xpath=A,P.s_order=g.attr("order")):P.xpath=A,P.type=M||"o",E.clk_info=p(E.clk_info,P),x&amp;&amp;delete E.ala_clk,B&amp;&amp;B.comm&amp;&amp;B.comm.logInfoList&amp;&amp;(B.comm.logInfoList[m]={logUrl:R,data:E})}}},m=function(e,n,r){for(var i=e,o=t(n);i&amp;&amp;i.nodeName&amp;&amp;"a"!==i.nodeName.toLowerCase()&amp;&amp;i!=n;)i=i.parentNode;if(i&amp;&amp;i.href&amp;&amp;i.href.search(/.baidu.com.*?tc\?/)&gt;-1){var a=i.href.match(/clk_info=([^&amp;#]+)/),s={srcid:o.attr("new_srcid")||o.attr("srcid"),tplname:o.attr("tpl"),t:l()},c=o.attr("sig");c&amp;&amp;(s.sig=c),r?(s.s_xpath=u(e,r.get(0)).join("-").slice(0,100),s.s_order=r.attr("order")):s.xpath=u(e,n).join("-").slice(0,100);var d=encodeURIComponent(p(a&amp;&amp;decodeURIComponent(a[1]),s));B&amp;&amp;B.comm&amp;&amp;(B.comm.clickInfo="&amp;clk_info="+d),a?i.href=i.href.replace(/clk_info=([^&amp;#]+)/,"clk_info="+d):i.href+="&amp;clk_info="+d}return!0};t(window.document.body).bind({touchend:function(e){var n=e.target,r=t(n),i=r.parents("[srcid]")||r;if(n&amp;&amp;i.attr("srcid")&amp;&amp;!i.parents("#super-frame").length){var o="k"+(new Date).getTime()+parseInt(89999*Math.random()+1e4,10),a=t(n).parents("[santaid][order]"),s=!!a.length&amp;&amp;a;window.page&amp;&amp;page.utils&amp;&amp;page.utils.getEventSignature&amp;&amp;"function"==typeof page.utils.getEventSignature&amp;&amp;i.attr("sig",page.utils.getEventSignature(e)),r.attr("data-domkey",o)&amp;&amp;m(n,i.get(0),s)&amp;&amp;h(n,i.get(0),o,s)}}});var g="origin-url",v="href";t(window.document.body).bind({click:function(e){var r=e.target,i=t(r),o=1;r&amp;&amp;i.parents(".result").length&amp;&amp;window._flyflowNative&amp;&amp;window._flyflowNative.exec&amp;&amp;window._flyflowNative.exec("bd_wise","onMessage",JSON.stringify({type:1,searchid:page.comm.lid}),null),window.page&amp;&amp;page.utils&amp;&amp;page.utils.getEventSignature&amp;&amp;"function"==typeof page.utils.getEventSignature&amp;&amp;(o=page.utils.getEventSignature(e));var a=i.attr("data-domkey");if(!a){var s=i.parents("[srcid]")||i;if(r&amp;&amp;s.attr("srcid")&amp;&amp;!s.parents("#super-frame").length){var a="k"+(new Date).getTime()+parseInt(89999*Math.random()+1e4,10),c=t(r).parents("[santaid][order]"),u=!!c.length&amp;&amp;c;i.attr("data-domkey",a)&amp;&amp;m(r,s.get(0),u)&amp;&amp;h(r,s.get(0),a,u)}}var l=""+i.closest("a",".result").data("sf-href"),d=l?decodeURIComponent(l).split("?")[0]:"";if(d=d.slice(0,20),a=i.data("domkey"),B&amp;&amp;B.comm&amp;&amp;B.comm.logInfoList&amp;&amp;B.comm.logInfoList[a]){var f=B.comm.logInfoList[a];f.data&amp;&amp;f.logUrl&amp;&amp;(f.data.clk_info=p(f.data.clk_info,{sig:o,sfpath:d}),n.send(f.logUrl+t.param(f.data)))}var w=i.attr(g),b=i.parents("["+g+"]"),y=i.attr(v),x=i.parents("["+v+"]");if(r&amp;&amp;i.parents(".result").length&amp;&amp;(w||b.length)&amp;&amp;(y||x.length)){var _=w||b.attr(g),k=y||x.attr(v);if(!_||_===k)return;require(["uiamd/bdbox/util"],function(t){var n=t.sendLogByBox(k,_);n&amp;&amp;e.preventDefault()})}}})}(),define("sf/controller",["require"],function(){function e(){function e(){return deferred=$.Deferred(),deferred.resolve(),$.each(n,function(){var e=this;deferred=deferred.then(function(){return e()})}),n=[],deferred}function t(e,t){var r=2 in arguments&amp;&amp;Array.prototype.slice.call(arguments,2);"function"==typeof e&amp;&amp;n.push(function(){return e.apply(t,r?r:[])})}var n=[];return{push:t,excute:e}}function t(e,t){if(r.hasOwnProperty(e)){var n=r[e];n.destroy(t)}}var n={},r={};n.regist=function(e,t){var n=this.create(t);r[e]=n},n.create=function(e){return i(e)},n.run=function(n,i){proxyList=[];var o=new e;if(r.hasOwnProperty(n)){var a=r[n];o.push(a.beforeActivity,a,i),o.push(a.doActivity,a,i),o.push(a.afterActivity,a,i)}return r.hasOwnProperty(n)&amp;&amp;n!==(i.last&amp;&amp;i.last.path)&amp;&amp;o.push(t,this,i.last.path,i),r.hasOwnProperty(n)&amp;&amp;o.push(a.ready,a,i),o.excute()},n.remove=function(e){r.hasOwnProperty(e)&amp;&amp;delete r[e]};var i=function(e){var t={};return t.doActivity=e.doActivity||function(){},t.beforeActivity=e.beforeActivity||function(){},t.afterActivity=e.afterActivity||function(){},t.destroy=e.destroy||function(){},t.ready=e.ready||function(){},t};return n}),page.init(function(){$(document).ready(function(){page&amp;&amp;page.activity&amp;&amp;page.activity.start()})}),define("modules/asyn",["require"],function(){return function(e){var t=e.rset||"",n=e.word?encodeURIComponent(e.word):page.comm.query,r=e.cb&amp;&amp;"function"==typeof e.cb?e.cb:null,i=e.fail&amp;&amp;"function"==typeof e.fail?e.fail:null;if(t&amp;&amp;-1!==$.inArray(t,["ad","rcmd","srcmd"])&amp;&amp;n){var o=["adext"],a="";a+="&amp;platform=wise",a+="&amp;ms=1",a+="&amp;rset="+encodeURIComponent(t),a+="&amp;word="+n,a+="&amp;qid="+encodeURIComponent(page.comm.lid),a+="&amp;rq="+page.comm.query,a+="&amp;from="+encodeURIComponent(page.comm.from),a+="&amp;baiduid="+encodeURIComponent(page.cookie("BAIDUID")),a+="&amp;tn="+encodeURIComponent(page.comm.tn),a+="&amp;clientWidth="+document.body.clientWidth,a+="&amp;t="+encodeURIComponent((new Date).getTime());for(var s="",c=0;4&gt;c;c++)s+=Math.floor(10*Math.random());a+="&amp;r="+s;for(var c=0;c&lt;o.length;c++){var u=o[c];e[u]&amp;&amp;(a+="&amp;"+u+"="+encodeURIComponent(e[u]))}$.ajax({url:"/rec",dataType:"json",data:a,timeout:3e3,success:function(e){if(r){if(e&amp;&amp;0===e.psstatus&amp;&amp;0===e.errcode)return void r(e);i&amp;&amp;e&amp;&amp;i(e)}},error:function(e){i&amp;&amp;e&amp;&amp;i(e)}})}}}),require(["modules/asyn"],function(e){page.asyn=e}),define("modules/coco_ui",["require"],function(){var e={};e.COCO_UI={initdata:[],ui:{},config:{},run:function(t,n,r){return e.COCO_UI[t]?(e.COCO_UI.initdata[r.id]=r,e.COCO_UI.ui[r.id]=new e.COCO_UI[t](n,r),e.COCO_UI.ui[r.id]):void 0},get:function(e,t,n){var r=document.createElement("script");r.src=n?e:"//m.baidu.com/static/search/uibase/"+e,r.onload=t,$("head").append(r)},addStyle:function(e,t){var n=$("body");if(!$("#"+t+"-style").length){var r=document.createElement("style");r.setAttribute("type","text/css"),r.setAttribute("class","sigma-tabs-style"),r.id=t+"-style",r.appendChild(document.createTextNode(e)),n.append(r)}},tplConnect:function(t,n){var r="";return r=t.replace(/\{([\w|\[|\]]+)\}/gi,function(t,r){return void 0!==n[r]?n[r]:void 0!==e.COCO_UI.config[r]?e.COCO_UI.config[r]:t=t.replace(/\w+\[(\w+)\]/gi,function(e,t){return t})})}},e.startup=function(){$(".coco-auto").each(function(){var t=new Function("return "+this.getAttribute("wiseui"))();t.id&amp;&amp;t.type&amp;&amp;e.COCO_UI.run(t.type,this,t)})};var t={};return e.channel={listen:function(e,n){t[e]?t[e].push(n):t[e]=[n]},broadcast:function(e,n){if(e in t){var r=t[e].slice();!function i(){for(var e;e=r.shift();)try{e(n),e=null}finally{e&amp;&amp;i()}}()}}},e}),require(["modules/coco_ui"],function(e){page.COCO_UI=e.COCO_UI,page.coco_channel=e.channel,$(e.startup)}),define("modules/geolocation",["require"],function(){function e(e,t,n){navigator.geolocation||r(t,{error:2});var i=null,o=!1;navigator.geolocation.getCurrentPosition(function(t){clearTimeout(i),r(e,t.coords)},function(e){o||(o=!0,clearTimeout(i),e.code===e.PERMISSION_DENIED?r(t,{error:4}):r(t,{error:2}))},{timeout:n,maximumAge:0,enableHighAccuracy:!0}),i=setTimeout(function(){o||(o=!0,clearTimeout(i),r(t,{error:2}))},n)}function t(e,t,n,o){page.log.send({ct:11,cst:1,clk_from:"sgeo"});var s=0,u=2,l=function(e,t,n,o){a({url:c,data:{ptype:1,xyr:e.longitude+"_"+e.latitude+"_"+e.accuracy,addr:"city|district|street|city_code"},timeout:o,onSuccess:function(a){if(void 0!==a){var c=a.point,d=a.addr;if(c&amp;&amp;d&amp;&amp;d.city_code){var f=new i(c.x,c.y,e.accuracy,d.city_code,void 0,a.address,a.address,d);return r(t,f.output())}}return u&gt;s?(s++,l(e,t,n,o)):r(n)},onFail:n})};l(e,t,n,o)}function n(e,t,n,o){a({url:u,data:{x:e.longitude,y:e.latitude},timeout:o,onSuccess:function(o){var a=o&amp;&amp;o.content,s=a&amp;&amp;a.address_detail,c=s&amp;&amp;s.city_code;if(a&amp;&amp;a.surround_poi,a&amp;&amp;s&amp;&amp;c&amp;&amp;0!==c){var u=new i(e.longitude,e.latitude,e.accuracy,c,void 0,a.address,a.address,{city:s.city,district:s.district,street:s.street,cityCode:c});r(t,u.output())}else r(n)},onFail:n})}function r(e,t,n){"function"==typeof e&amp;&amp;e(t,n)}function i(e,t,n,r,i,o,a,s){this.x=parseFloat(e),this.y=parseFloat(t),this.accuracy=parseFloat(n),this.cityCode=parseInt(r,10),this.timestamp=parseInt(i,10)||"",this.name=o||"",this.address=a||"",this.addr=s||void 0}function o(e){for(var t=[].slice.call(arguments,1),n=0;n&lt;t.length;n++)for(var r in t[n])e[r]=t[n][r];return e}function a(e){var t={timeout:8e3,data:{},onSuccess:null,onFail:null};e=o({},t,e);var n="geojsonp"+ ++f;e.data.callback=n;var i=!1,a=setTimeout(function(){delete window[n],i=!0,r(e.onFail)},e.timeout);window[n]=function(t){clearTimeout(a),i||(r(e.onSuccess,t),delete window[n])};var s=e.url+(e.url.indexOf("?")+1?"&amp;":"?"),c=[];for(var u in e.data)c.push(u+"="+encodeURIComponent(e.data[u]));s+=c.join("&amp;");var l=document.createElement("script");l.onerror=function(){clearTimeout(a),r(e.onFail)},l.type="text/javascript",l.src=s,document.getElementsByTagName("head")[0].appendChild(l)}var s,c="http://aladdin.wapmap.baidu.com/plugin",u="http://api.map.baidu.com/?qt=rgc&amp;dis_poi=100&amp;poi_num=10&amp;ie=utf-8&amp;oue=1&amp;res=api",l={autoLoc:{expireTime:0,onlyFromCookie:!1,onlyFromHTML5:!1,onlyFromNative:!1,autoSaveToCookie:!0,html5Timeout:8e3,nativeTimeout:8e3,onSuccess:null,onFail:null},search:{timeout:8e3,onSuccess:null,onFail:null}};-1!==location.protocol.indexOf("https")&amp;&amp;(c="https://sp2.baidu.com/90gHaDqh_cgXo1ufo-zN2TxrfQVwcu8e/plugin",u="https://sp2.baidu.com/9_Q4sjOpB1gCo2Kml5_Y_D3/?qt=rgc&amp;dis_poi=100&amp;poi_num=10&amp;ie=utf-8&amp;oue=1&amp;res=api");var d={getPosition:function(n){n=o({},l.autoLoc,n);var i=n.expireTime;if(i&gt;0||0===i&amp;&amp;n.onlyFromCookie===!0){var a=s.get();if(a&amp;&amp;(parseInt(Date.now(),10)-a.timestamp&lt;=i||0===i))return void r(n.onSuccess,a.output(),{from:"cookie"})}if(n.onlyFromCookie===!0)return void r(n.onFail,{error:1});var c=this,u=/android/i.test(navigator.userAgent);n.onlyFromHTML5||!n.onlyFromNative?e(function(e){t(e,function(e){n.autoSaveToCookie===!0&amp;&amp;(e=c.savePosition(e)),r(n.onSuccess,e,{from:"html5"})},function(){u&amp;&amp;!n.onlyFromHTML5?r(n.onFail,{error:3}):r(n.onFail,{error:3})},n.html5Timeout)},function(e){u&amp;&amp;!n.onlyFromHTML5?r(n.onFail,{error:3}):r(n.onFail,e)},n.html5Timeout):r(n.onFail,{error:3})},searchAddress:function(e,t,n){n=o({},l.search,n,{addr:e||"",city_code:t||0}),page.log.send({ct:11,cst:1,clk_from:"sgeo"}),a({url:c,data:{ptype:2,addr:e||"",city_code:t||0},timeout:n.timeout,onSuccess:function(e){var t=[];if(e&amp;&amp;e.content)for(var o=e.current_city.code,a=[].concat(e.content),s=0;s&lt;a.length;s++){var c,u,l=a[s],d=l.geo.split("|")[2].replace(";","").split(",");null!=l.city_type?c=u=l.cname:(c=l.name,u=l.addr);var f=new i(d[0],d[1],200,o,void 0,c,u);t.push(f.output())}r(n.onSuccess,t)},onFail:function(){r(n.onFail,{error:1})}})},savePosition:function(e){return s.set(e)},clearPosition:function(){return s.remove()},mercatorToAddress:function(e){var t={timeout:8e3,onSuccess:null,onFail:null};e=o({},t,e),n({longitude:e.x,latitude:e.y,accuracy:e.accuracy},function(t){t.accuracy=t.accuracy||200,r(e.onSuccess,t)},function(){r(e.onFail,{error:1})},e.timeout)}};i.prototype.getCookieString=function(){return this.x+"_"+this.y+"_"+this.accuracy+"_"+this.cityCode+"_"+this.timestamp},i.prototype.output=function(){return{x:this.x,y:this.y,accuracy:this.accuracy,cityCode:this.cityCode,timestamp:this.timestamp,name:this.name,address:this.address,addr:this.addr||{}}},i.readFromCookie=function(e){var t=e.split("_");return new i(t[0],t[1],t[2],t[3],t[4])},i.readFromObject=function(e){return new i(e.x,e.y,e.accuracy,e.cityCode,e.timestamp,e.name,e.address,e.addr)},s={domain:".baidu.com",path:"/",key:"BAIDULOC",duration:1728e5,get:function(){if(!navigator.cookieEnabled)return!1;var e=document.cookie.match(new RegExp(this.key+"=([^;]+);?"));return e?i.readFromCookie(e[1]):!1},set:function(e){if(!navigator.cookieEnabled)return!1;e=i.readFromObject(e);var t=new Date;return t.setTime(t.getTime()+this.duration),e.timestamp=parseInt(Date.now(),10),document.cookie=this.key+"="+e.getCookieString()+";domain="+this.domain+";path="+this.path+";expires="+t.toGMTString(),e.output()},remove:function(){return navigator.cookieEnabled?(document.cookie=this.key+"=;domain="+this.domain+";path="+this.path+";expires=Thu, 01 Jan 1970 00:00:01 GMT",!0):!1}};var f=0;return d}),require(["modules/geolocation"],function(e){page.geolocation=A.geolocation=e}),define("modules/login",["require"],function(){return{isLogin:!(!page.comm.user||!page.comm.user.uid),open:function(){var e=page.utils.link.getJumpLinkUrl({src:page.comm.loginUrl});window.location.href=e+"&amp;eqid="+page.comm.eqid+"&amp;wd="}}}),require(["modules/login"],function(e){page.utils=page.utils||{},page.utils.login=e}),define("modules/pageToTop",["require"],function(){function e(e){e=e||0,$("html").scrollTop(e),$("body").scrollTop(e),$(window).scrollTop(e)}var t=Object.prototype.toString,n=function(e){if(!page.comm.onlyshow){this.opt=$.extend({attrs:[{event:"load",condition:null},{event:"unload",condition:null}]},e),this.init();var t=this;n=function(){return t}}};return $.extend(n.prototype,{init:function(){this.flags={},this._events=[],this.$win=$(window),this.bindEv()},bindEv:function(n){n=n||this.opt.attrs,n="[object Array]"!==t.call(n)?[n]:n;for(var r,i=n.length,o=0,a=this;i&gt;o;o++)r=n[o],this._events.push(r.event),this.$win.on(r.event,function(){if(page.comm.enableTotop!==!1){var t;if(t=$.isFunction(r.condition)?r.condition():!!r.condition,t=a.flags[r.event]||t,!t){if(window.performance&amp;&amp;window.performance.navigation&amp;&amp;2==window.performance.navigation.type)return;e()}}})},set:function(e,t){this.flags[e]=!!t},get:function(e){return!!this.flags[e]},setAll:function(e){for(var t=0,n=this._events.length;n&gt;t;t++)this.flags[this._events[t]]=!!e},getAll:function(){return this.flags}}),n}),require(["modules/pageToTop"],function(e){page.utils=page.utils||{},page.utils.pageToTop=e}),!function(e,t){function n(e,t){return d.cleanObj.toString.call(e).slice(8,-1)===t}function r(e){var t=f[e];if(t)return t.exports;throw"module "+e+" is undefined"}function i(e,t){for(var n,i,o=e.split(":"),a=o.pop().split("/"),s=d;n=a.shift();)"bdbox"!==n&amp;&amp;(i=n,a.length&amp;&amp;(s=s[n]=s[n]||{}));var c=f[e]={exports:{}},u=d.isFunction(t)?t.apply(c,[r,c.exports,c,d]):t;u&amp;&amp;(c.exports=u),s[i]=c.exports}function o(){h.forEach(function(e){e()}),h.length=0,m=!0}function a(e){var t;return null==e?t=String(e):(t=Object.prototype.toString.call(e).toLowerCase(),t=t.substring(8,t.length-1)),t}function s(t){var n=t.success||w,r={imageUrl:"",mediaType:"all",title:"",content:"",linkUrl:location.href},i=t.error||w;return d.isFunction(t.success)&amp;&amp;(n="_xSHARE_SUCCESS_"+d.getId(),e[n]=t.success,r.success=n),d.isFunction(t.error)&amp;&amp;(i="_xSHARE_FAIL_"+d.getId(),e[i]=t.error,r.error=i),d.each(t,function(e,n){"success"!==n&amp;&amp;"error"!==n&amp;&amp;(n in v?n=v[n]:"content"!==n||t.title||(r.title=e),r[n]=e)}),d.isArray(r.mediaType)&amp;&amp;(r.mediaType="all"),e.BoxShareData||(e.BoxShareData={successcallback:n,errorcallback:i,options:r}),r}var c=+new Date,u=(c+"").slice(-3),l=navigator.userAgent,d={isBox:/ baiduboxapp\//i.test(l),isIOS:/(iPhone|iPod|iPad)/.test(l),isAndroid:/(Android);?[\s\/]+([\d.]+)?/.test(l),getId:function(){return u++},emptyArr:[],emptyFn:function(){},cleanObj:{},byId:function(e){return d.isString(e)?t.getElementById(e):e},toArray:function(e){return d.emptyArr.slice.call(e)},$:function(e,n){return n=n&amp;&amp;1===n.nodeType?n:t,d.toArray(n.querySelectorAll(e))}};"Function,String,Array,Number,RegExp".replace(/[^, ]+/g,function(e){d["is"+e]=function(t){return n(t,e)}}),d.isBoolean=function(e){return e===!0||e===!1},d.isObject=function(e){return"object"==typeof e},d.isUndefined=function(e){return void 0===e},d.isWindow=function(e){return null!=e&amp;&amp;e==e.window},d.isPlainObject=function(e){return d.isObject(e)&amp;&amp;!d.isWindow(e)&amp;&amp;Object.getPrototypeOf(e)==Object.prototype};var f={};d.define=i;var p=function(e,t,n){for(var r,i,o=e.split("."),a=n||p;r=o.shift();)"Box"!==r&amp;&amp;(i=r,o.length&amp;&amp;(a=a[r]=a[r]||{}));return a[i]=t||{},a[i]},h=[],m=!1;if(p.init=function(e){return"function"!=typeof e?this:(m?e():h.push(e),this)},"complete,loaded,interactive".indexOf(t.readyState)&gt;-1&amp;&amp;t.body?o():t.addEventListener("DOMContentLoaded",o,!1),i("common:bdbox/utils/getVersion",function(t,n,r){var i=function(){var t=0;if(e.baiduboxapp_version)t=e.baiduboxapp_version;else{var n,r=navigator.userAgent;(n=/([\d+.]+)_(?:diordna|enohpi)_/.exec(r))?(n=n[1].split("."),t=n.reverse().join(".")):(n=/baiduboxapp\/([\d+.]+)/.exec(r))&amp;&amp;(t=n[1])}return i=function(){return t},t};r.exports=i}),i("common:bdbox/utils/version_compare",function(e,t,n){var r=function(e,t){t+="",e+="";for(var n=e.split("."),r=t.split("."),i=0,o=Math.max(n.length,r.length);o&gt;i;i++){if(n[i]&amp;&amp;!r[i]&amp;&amp;parseInt(n[i])&gt;0||parseInt(n[i])&gt;parseInt(r[i]))return 1;if(r[i]&amp;&amp;!n[i]&amp;&amp;parseInt(r[i])&gt;0||parseInt(n[i])&lt;parseInt(r[i]))return-1}return 0};n.exports=r}),i("common:bdbox/ios/invokeApp",function(n,r,i,o){i.exports=function(n,r,i){if(n&amp;&amp;o.isBox){var a=[];if(o.isFunction(r))i=r;else for(var s in r)a.push(s+"="+r[s]);if(o.isFunction(i)){var c="_bdbox_js_"+o.getId();e[c]=function(){i.apply(e,[].slice.call(arguments,0))},a.push("func="+c)}else i&amp;&amp;a.push("func="+i);a="baiduboxapp://"+n+"?"+a.join("&amp;");var u=t.createElement("iframe");u.style.display="none",u.src=a;var l=t.body||t.getElementsByTagName("body")[0];l.appendChild(u),setTimeout(function(){l.removeChild(u),u=null},0)}}}),i("common:bdbox/android/invokeApp",function(t,n,r,i){function o(t,n,r){if(r&amp;&amp;!i.isArray(r)&amp;&amp;(r=Array.prototype.slice.call(arguments,0).slice(2)),e[t]&amp;&amp;e[t][n]){var o=e[t][n].apply(e[t],r);return{error:0,result:o,__from:"js"}}var u=c();if(s(u,4.8)&gt;=0){var l=a(t,n,r);return l=l?JSON.parse(l):{},l.__from="app",l}if("4.7.1"===u||"4.7"==u){var d=a(t,n,r);return{error:0,result:d,__from:"app4.7"}}return{error:200}}function a(t,n,r){if(!i.isBox)return{error:201};if(!i.isAndroid)return{error:202};var o={obj:t,func:n,args:r?r:[]};try{return e.prompt("BdboxApp:"+JSON.stringify(o))}catch(a){return{error:201}}}var s=t("common:bdbox/utils/version_compare"),c=t("common:bdbox/utils/getVersion");r.exports=o}),i("common:bdbox/utils/detect",function(t,n,r,i){function o(t){var n={name:"unknown",version:0};this===e||this.os||(this.os=n),t=t||navigator.userAgent;var r={Weibo:/weibo/i,Wechat:/micromessenger\//i,QQ:/QQ\//};for(var i in r)r.hasOwnProperty(i)&amp;&amp;(n["is"+i]=r[i].test(t));n.isUC=t.match(/UC/)||e.ucweb||e.ucbrowser;var o=t.match(/Windows Phone ([\d.]+)/);if(o)return n.win10=!0,n.version=o[1],n.name="win10",n;var a=t.match(/(Android);?\s+([\d.]+)?/);if(a)return n.android=!0,n.version=a[2],n.name="android",n;var s=t.match(/(iPad).*OS\s([\d_]+)/),c=t.match(/(iPod)(.*OS\s([\d_]+))?/),u=!s&amp;&amp;t.match(/(iPhone\sOS)\s([\d_]+)/);return u&amp;&amp;!c?(n.ios=n.iphone=!0,n.version=u[2].replace(/_/g,"."),n.name="ios",n):s?(n.ios=n.ipad=!0,n.name="ios",n.version=s[2].replace(/_/g,"."),n):c?(n.name="ios",n.ios=n.ipod=!0,n.version=c[3]?c[3].replace(/_/g,"."):null,n):n}o.apply(i),r.exports=o}),i("common:bdbox/each",function(e,t,n){function r(e){var t;return null==e?t=String(e):(t=Object.prototype.toString.call(e).toLowerCase(),t=t.substring(8,t.length-1)),t}n.exports=function(e,t,n){if("object"==typeof e){var i,o,a=r(e);if(n=n||e,"array"===a||"arguments"===a||"nodelist"===a){for(i=0,o=e.length;o&gt;i;i++)if(t.call(n,e[i],i,e)===!1)return}else for(i in e)if(e.hasOwnProperty(i)&amp;&amp;t.call(n,e[i],i,e)===!1)return}}}),i("common:bdbox/client/nativeShare",function(n,r,i,o){function a(t){var n={wechatIcon:location.protocol+"//m.baidu.com/static/search/logo300.png",type:"url",mediaType:"all",linkUrl:location.href,title:c.title,success:"console.log",error:"console.log"};o.each(t||{},function(e,t){n[t]=e}),n.image&amp;&amp;(n.imageUrl=n.image),n.iconUrl&amp;&amp;!n.imageUrl&amp;&amp;"url"===n.type&amp;&amp;(n.imageUrl=n.iconUrl);var r={};["success","error"].forEach(function(t){var i=t;o.isFunction(n[t])&amp;&amp;(i="_xSHARE_SUCCESS_"+o.getId(),e[i]=n[t]),r[t+"callback"]=i,delete n[t]}),r.options=n,r.options.imageUrl&amp;&amp;o.isAndroid&amp;&amp;s(o.version,"6.5")&lt;0&amp;&amp;delete r.options.imageUrl,e.BoxShareData=r;var i=n.wechatIcon;if(/micromessenger\//i.test(navigator.userAgent)&amp;&amp;i&amp;&amp;i.length&gt;20){var a=c.createElement("div");a.id="wa-generalevent-wx-logo",a.style.display="none",a.innerHTML='&lt;img src="'+i+'"/&gt;';var u=c.body.firstChild;u?c.body.insertBefore(a,u):c.body.appendChild(a)}}var s=n("common:bdbox/utils/version_compare"),c=t;i.exports=a}),i("common:bdbox/utils/ready",function(e,n,r){function i(){a.forEach(function(e){e()}),a.length=0,s=!0}function o(e){"function"==typeof e&amp;&amp;(s?e():a.push(e))}var a=[],s=!1;"complete,loaded,interactive".indexOf(t.readyState)&gt;-1&amp;&amp;t.body?i():t.addEventListener("DOMContentLoaded",i,!1),r.exports=o}),d.version=d.utils.getVersion(),d.version_compare=d.utils.version_compare,each=d.each,d.nativeShare=d.client.nativeShare,d.type=a,d.canI=function(e,t,n){return d.version_compare(d.version,e)&gt;=0?d.isFunction(t)&amp;&amp;t():d.isFunction(n)&amp;&amp;n(),d},i("common:bdbox/client/o2o",function(e,t,n,r){var i=e("common:bdbox/android/invokeApp"),o=e("common:bdbox/ios/invokeApp"),a=encodeURIComponent,s=e("common:bdbox/each"),c=r.isAndroid?function(e,t){r.isObject(e)&amp;&amp;(t=e,e=e.url,delete t.url);var n=["S.bdsb_light_start_url="+a(e)];if(r.isObject(t)){var o=t.min_v;delete t.min_v;var c={color:"i.extra_actionbar_color_id",appid:"S.bdsb_wallet_appid"};s(t,function(e,t){"color"===t&amp;&amp;(e=4278190080|parseInt("0x"+e)),t=c[t]||t,n.push(t+"="+e)})}n=n.join(";");var u={intent:"intent:#Intent;"+n+";end",min_v:o&amp;&amp;""!=o?o:"16783629",mode:"0"};t&amp;&amp;t.component&amp;&amp;""!=t.component||(u.class="com.baidu.searchbox.wallet.WalletServiceActivity"),i("Bdbox_android_utils","command",[JSON.stringify(u)])}:function(e,t){r.isObject(e)&amp;&amp;(t=e,e=e.url,delete t.url);var n={openurl:a(e),minver:"5.3.0.0",isla:0,opentype:1,append:0,rbtnstyle:2};if(r.isObject(t)){var i={color:"barcolor"};s(t,function(e,t){t=i[t]||t,n[t]=e})}n.appid&amp;&amp;(n.isla=1),o("easybrowse",n)};n.exports=c}),d.o2o=d.client.o2o,"android"===d.os.name?p("card",{query:function(e,t){if(p.version_compare(p.version,"5.0")&lt;0)return this;var n,r;p.isArray(e)?n=[JSON.stringify(e)]:(r=p.toArray(arguments),t=r.pop(),p.isFunction(t)?n=r:(n=p.toArray(arguments),t=null),n=[JSON.stringify(n)]);var i=p.android.invokeApp("Bdbox_android_card","mquery",n);return i=0===i.error&amp;&amp;i.result?JSON.parse(i.result):!1,p.isFunction(t)&amp;&amp;t(i),i},add:function(t,n){if(p.version_compare(p.version,"5.0")&lt;0)return this;var r,i;p.isString(t)?r=[t]:p.isArray(t)?r=[JSON.stringify(t)]:(i=p.toArray(arguments),n=i.pop(),p.isFunction(n)?r=i:(r=p.toArray(arguments),n=null),r=[JSON.stringify(r)]);var o=null;if(p.version_compare(p.version,"5.5")&gt;=0){var a="";p.isFunction(n)&amp;&amp;(a="__box_card_"+p.getId(),e[a]=function(e){var t=JSON.parse(e),r=!1;for(var i in t){r=t[i].st;break}n(r)}),o=p.android.invokeApp("Bdbox_android_card","madd",r.concat([a,0]))}else o=p.android.invokeApp("Bdbox_android_card","madd",r);return o}}):p("card",{query:function(e,t){if(p.version_compare(p.version,"5.0")&lt;0)return this;var n,r;p.isArray(e)?n=[JSON.stringify(e)]:(r=p.toArray(arguments),t=r.pop(),p.isFunction(t)?n=r:(n=p.toArray(arguments),t=null),n=[JSON.stringify(n)]);var i=function(e){p.isFunction(t)&amp;&amp;t(JSON.parse(e)),i=null};p.ios.invokeApp("cardMquery",{params:encodeURIComponent(n)},i)},add:function(e,t){if(p.version_compare(p.version,"5.0")&lt;0)return this;var n,r;p.isString(e)?n=[e]:p.isArray(e)?n=[JSON.stringify(e)]:(r=p.toArray(arguments),t=r.pop(),p.isFunction(t)?n=r:(n=p.toArray(arguments),t=null),n=[JSON.stringify(n)]);var i=function(e){var n=JSON.parse(e),r=!1;for(var o in n){r=n[o].st;break}p.isFunction(t)&amp;&amp;t(r),i=null};return p.ios.invokeApp("cardMadd",{params:encodeURIComponent(n),gohome:"0"},i),!0}}),i("common:bdbox/utils/jsonToQuery",function(e,t,n,r){n.exports=function(e){if(r.isString(e))return e;var t=[];for(var n in e)t.push(n+"="+e[n]);return t.join("&amp;")}}),i("common:bdbox/io/loadJS",function(n,r,i,o){function a(n,r,i){var a,u,l,d=t.createElement("script");o.isString(n)?(a=n,o.isFunction(r)&amp;&amp;(i=r,r=null)):(a=n.url,r=n.data,i=n.success,u=n.error||o.emptyFn,l=n.timeout),o.isObject(r)&amp;&amp;(r=c(r)),r&amp;&amp;(a+=(-1===a.indexOf("?")?"?":"&amp;")+r),a=a.replace(/[&amp;?]{1,2}/,"?");var f;/=\?/.test(a)&amp;&amp;(f="_box_jsonp"+o.getId(),a=a.replace(/=\?/,"="+f));var p=s();l=l||2e4,d.type="text/javascript",d.src=a;var h,m=!0,g=function(){f&amp;&amp;delete e[f],h&amp;&amp;clearTimeout(h),d.onload=d.onreadystatechange=d.onerror=null,d=null},v=function(){!d||d.readyState&amp;&amp;!/loaded|complete/.test(d.readyState)||(g(),m&amp;&amp;o.isFunction(i)&amp;&amp;i.apply(null,o.toArray(arguments)),m=!1)},w=function(e){g(),m&amp;&amp;u(e),m=!1};f&amp;&amp;(e[f]=v),h=setTimeout(function(){g(),m&amp;&amp;u("timeout"),m=!1},l),d.onload=d.onreadystatechange=d.onerror=v,d.onerror=w,p.appendChild(d)}function s(){return t.head||t.getElementsByTagName("head")[0]||t.documentElement}var c=n("common:bdbox/utils/jsonToQuery");o.emptyFn,i.exports=a}),i("common:bdbox/utils/queryToJson",function(e,t,n){n.exports=function(e){var t=e.split("?"),n=t[1]?t[1]:t[0],r=n.split("&amp;"),i={};return r.forEach(function(e){if(e=e.split("="),e[0].length&gt;0){var t="";try{t=decodeURIComponent(e[1])||""}catch(n){}i[e[0]]=t}}),i}}),i("common:bdbox/extend",function(e,t,n,r){function i(e,t,n){for(var r in t)n&amp;&amp;(o(t[r])||a(t[r]))?(o(t[r])&amp;&amp;!o(e[r])&amp;&amp;(e[r]={}),a(t[r])&amp;&amp;!a(e[r])&amp;&amp;(e[r]=[]),i(e[r],t[r],n)):c(t[r])||(e[r]=t[r])}var o=r.isPlainObject,a=r.isArray,s=r.isBoolean,c=r.isUndefined;n.exports=function(e){var t,n=r.emptyArr.slice.call(arguments,1);return s(e)&amp;&amp;(t=e,e=n.shift()),n.forEach(function(n){i(e,n,t)}),e}}),i("common:bdbox/utils/ready",function(e,n,r){function i(){a.forEach(function(e){e()}),a.length=0,s=!0}function o(e){"function"==typeof e&amp;&amp;(s?e():a.push(e))}var a=[],s=!1;"complete,loaded,interactive".indexOf(t.readyState)&gt;-1&amp;&amp;t.body?i():t.addEventListener("DOMContentLoaded",i,!1),r.exports=o}),i("common:bdbox/utils/detect",function(t,n,r,i){function o(t){var n={name:"unknown",version:0};this===e||this.os||(this.os=n),t=t||navigator.userAgent;var r={Weibo:/weibo/i,Wechat:/micromessenger\//i,QQ:/QQ\//};for(var i in r)r.hasOwnProperty(i)&amp;&amp;(n["is"+i]=r[i].test(t));n.isUC=t.match(/UC/)||e.ucweb||e.ucbrowser;var o=t.match(/Windows Phone ([\d.]+)/);if(o)return n.win10=!0,n.version=o[1],n.name="win10",n;var a=t.match(/(Android);?\s+([\d.]+)?/);if(a)return n.android=!0,n.version=a[2],n.name="android",n;var s=t.match(/(iPad).*OS\s([\d_]+)/),c=t.match(/(iPod)(.*OS\s([\d_]+))?/),u=!s&amp;&amp;t.match(/(iPhone\sOS)\s([\d_]+)/);return u&amp;&amp;!c?(n.ios=n.iphone=!0,n.version=u[2].replace(/_/g,"."),n.name="ios",n):s?(n.ios=n.ipad=!0,n.name="ios",n.version=s[2].replace(/_/g,"."),n):c?(n.name="ios",n.ios=n.ipod=!0,n.version=c[3]?c[3].replace(/_/g,"."):null,n):n}o.apply(i),r.exports=o}),i("common:bdbox/schema",function(e,n,r,i){function o(e,n){if(!e)return void n(!0);if(n=n||i.emptyFn,!i.isBox&amp;&amp;i.isIOS&amp;&amp;c(s.version,"9.0")&gt;=0)return void u(function(){a(e,n)});var r=Date.now(),o=t.createElement("IFRAME");o.src=e,o.style.position="absolute",o.style.left="-2000px",o.style.top="-1000px",o.style.width="1px",o.style.height="1px",o.style.webkitTransition="all 0.9s",o.style.transition="all 0.9s",t.body.appendChild(o);var l=function(){t.body.removeChild(o),n(Date.now()-r&lt;1500?!0:!1)};o.addEventListener("webkitTransitionEnd",l,!1),o.addEventListener("transitionEnd",l,!1),setTimeout(function(){o.style.left="-1000px"},20)}function a(e,t){location.href=e,l&amp;&amp;clearTimeout(l),l=setTimeout(function(){t(!0)},3e3)}var s=e("common:bdbox/utils/detect")(),c=e("common:bdbox/utils/version_compare"),u=e("common:bdbox/utils/ready"),l=null;r.exports=o}),i("common:bdbox/monitor",function(t,n,r,i){var o=encodeURIComponent,a=function(e,t){e+=e.indexOf("?")&lt;0?"?":"&amp;",this.url=e,this.options=t};a.prototype.report=function(t){t=t||"";var n=new Image(1,1),r=[];if(i.isObject(t)){for(var a in t)r.push(a+"="+o(String(t[a])));t=r.join("&amp;")}var s="_box_mt"+i.getId();e[s]=n,n.onload=n.onerror=n.onabort=function(){n.onload=n.onerror=n.onabort=null,e[s]=n=null};var c=this.url+t;return i.isFunction(this.options.customHandler)&amp;&amp;(c=this.options.customHandler(c)),n.src=c+"&amp;_rnd="+Math.floor(2147483648*Math.random()),this},a.prototype.main=function(e,t){return e&amp;&amp;i.isFunction(this[e])&amp;&amp;this[e].apply(this,i.toArray(t||[])),this},r.exports=function(e,t){return new a(e,t)}}),i("common:bdbox/clone",function(e,t,n){var r=Object.prototype.toString,i=function(e,t,n){var r=0;for(var i in e)if(e.hasOwnProperty(i))if(n)t[i]=e[i];else if(t(i,e[i],r++))break},o=function(e){var t;switch(r.call(e)){case"[object Object]":t={},i(e,function(e,n){t[e]=o(n)});break;case"[object Array]":t=[],e.forEach(function(e){t.push(o(e))});break;default:t=e}return t};n.exports=o}),i("common:bdbox/monitor/pblog",function(t,n,r,i){var o=t("common:bdbox/monitor"),a=t("common:bdbox/extend"),s=t("common:bdbox/utils/queryToJson"),c=t("common:bdbox/utils/getVersion"),u=t("common:bdbox/clone"),l=s(location.search),d=navigator.userAgent,f=e.location.protocol;"https:"!=f&amp;&amp;(f="http:");var p=f+"//m.baidu.com/tcbox",h={service:"bdbox",action:"pblog",ctv:2,cen:"uid_ua_ut",data:{appid:"1",dataid:"2",actiontype:"1",actionid:"2",actiondata:{ref:l.ref||"",gmv:l.vmgdb||"",source:l.from||l.ref||"",boxVersion:c(),boxPlatform:d.match(/(iPad|iPhone|iPod)/gim)?"ios":"android"}}},m=encodeURIComponent;l.uid&amp;&amp;l.osname&amp;&amp;["osname","ua","ut","from","cfrom","uid","pkgname"].forEach(function(e){l[e]&amp;&amp;(h[e]=l[e])});var g,v=o(p,{customHandler:function(e){var t=[];if(g)for(var n in g)if(g.hasOwnProperty(n)){var r=g[n];i.isPlainObject(r)&amp;&amp;(r=JSON.stringify(r)),t.push(n+"="+m(r))}return t.length&amp;&amp;(e+=t.join("&amp;")),e}});v.init=function(e,t){i.isPlainObject(t)&amp;&amp;(h=a(h,t)),h.data.cateid=e},v.pv=function(e,t){g=u(h);var n=g.data;n.actionid="1";var r={};return r.url=e||location.href,t&amp;&amp;(r.u=t),n.actiondata=a(n.actiondata,r),v.report()},v.event=function(e,t,n){if(!e)throw"monitor.tc.event need a evtName";if(i.isPlainObject(t)&amp;&amp;!n){var r={evtName:e};for(var o in t)r[o]=t[o]}else var r={evtName:e,evtType:t||"",evtTag:n||""};g=u(h);var s=g.data;return s.actionid="2",s.actiondata=a(s.actiondata,r),v.report()},r.exports=function(){v.main.apply(v,arguments)}}),i("common:bdbox/moplus",function(e,t,n,r){var i=(e("common:bdbox/utils/jsonToQuery"),e("common:bdbox/io/loadJS"),e("common:bdbox/utils/version_compare"),e("common:bdbox/monitor/pblog")),o=e("common:bdbox/schema"),a="com.baidu.searchbox",s="http://127.0.0.1:6259/",c="http://127.0.0.1:40310/",u="inapp_boxserver",l="https:"===location.protocol,d={isSendPv:!1,isHit:!1,parseUA:function(){var e,t,n=navigator.userAgent,r={uc:/UCBrowser\/(\S*) \S*/g,bd:/baidubrowser\/(\S*) \(Baidu/g,qq:/MQQBrowser\/(\S*) Mobile/g,chr:/Chrome\/(\S*) Mobile/g,qh:/360 Aphone Browser \((\S*)\)/g,sg:/SogouMobileBrowser\/(\S*)/g,mi:/MiuiBrowser\/(\S*)/g};for(var i in r){var o=r[i].exec(n);if(o){e=i,t=o[1];break}}return e=e?e:"other",t=t?t:"0",{t:e,v:t}},parseHost:function(){return f.curHost===c?1:0},sendEvt:function(e,t,n,r){this.isHit&amp;&amp;this.send(e,t,n,r)},send:function(e,t,n,r){var o=this.parseUA(),a=o.t,s=o.v,c=l?0:1,u=this.parseHost();i("event",[e,{evtType:t||"",brName:a,brVer:s,isHttp:c,isNew:u,source:n||"",intent:r||""}])},init:function(){this.isHit=Date.now()%100===1,i("init",[2])}},f=function(e,t,n){this.version="2.0",this.isHttps=l,this.curHost=n||"",this.newHost=c,this.oldHost=this.isHttps?c:s,this.MCMDF=t||u,this._infoFuncs=[],this._verFuncs=[],this.minVersion=e?e:0,this.pkgName=a,d.init()};f.prototype={constructor:f,setMcmdf:function(e){return this.MCMDF=e,this},setHost:function(){return this},getHost:function(){},api:function(e,t,n){return n({error:233}),this},getInfo:function(e){return e({error:233}),this},getHVersion:function(e){return e({error:233}),this},parseInfo:function(){return!1},schema:function(e,t){if(!e.intent)throw"schema intent is empty";e.mcmdf||(e.mcmdf=this.MCMDF);var n=function(){d.sendEvt("schema","success",e.source,e.intent),r.isFunction(t)&amp;&amp;t({error:0,from:"schema"})},i=function(){d.sendEvt("schema","fail",e.source,e.intent),r.isFunction(t)&amp;&amp;t({error:20,from:"schema"})},s=e.schema||"";if(e.intent&amp;&amp;!e.schema){var c=e.intent;-1==c.indexOf(a)&amp;&amp;(d.sendEvt("defaultPKGName","fail",e.source||"",e.intent),e.minver=e.minver?e.minver:"6.9.1")}s||(s="baiduboxapp://utils?action=sendIntent&amp;params="+encodeURIComponent(JSON.stringify(e))+"&amp;minver="+(e.minver?e.minver:"6.9")),o(s,function(e){e?i():n()})},sendIntent:function(e,t){return t({error:233}),this},request:function(e,t){return t({error:233}),this}},n.exports=function(e,t){return new f(e,t)},n.exports.Moplus=f}),d.version_compare(d.version,"5.3.5")&gt;=0){var g,v={image:"imageUrl",url:"linkUrl",order:"mediaType"},w="";e[w]=d.emptyFn,d.isAndroid?(g=function(e){if(e.id&amp;&amp;d.byId(e.id)){var t=e.eventType||"touchstart";d.byId(e.id).addEventListener(t,function(){n(e)},!0)}var n=function(t){t=s(t||e);var n=t.error,r=t.success;t.iconUrl&amp;&amp;t.imageUrl&amp;&amp;delete t.imageUrl,d.android.invokeApp("Bdbox_android_utils","callShare",[JSON.stringify(t),r||"console.log",n||"console.log"])};return n},p("share",g)):(g=function(e){if(e.id&amp;&amp;d.byId(e.id)){var t=e.eventType||"touchstart";d.byId(e.id).addEventListener(t,function(){n(e)},!0)}var n=function(t){t=s(t||e);var n=t.error,r=t.success;t.iconUrl&amp;&amp;!t.imageUrl&amp;&amp;(t.imageUrl=t.iconUrl),t=JSON.stringify(t),d.ios.invokeApp("callShare",{options:encodeURIComponent(t),errorcallback:n||"console.log",successcallback:r||"console.log"})};return n},p("share",g))}else{var b=[],y=function(){p._socShare&amp;&amp;p._socShare.init?b.forEach(function(e){p._socShare.init(e)}):setTimeout(y,3e3)};d.io.loadJS("//m.baidu.com/static/searchbox/openjs/share.js?v=1.2",y);var x={source:"client_id",id:"dom_id",image:"pic_url",success:"afterRender"},g=function(e){var t={content:"",client_id:"ZVEpDSsmZ0qxa1gmgDAh1Fje",theme:"native",dom_id:"share",animate:!0,pic_url:"",url:encodeURIComponent(location.href)};return d.isObject(e)&amp;&amp;d.each(e,function(e,n){if(n in x&amp;&amp;(n=x[n]),"order"===n&amp;&amp;d.isArray(e)){var r=[];e.forEach(function(e){"email"===e&amp;&amp;(e="mail"),r.push(e)})}t[n]=e}),delete t.success,delete t.error,delete t.afterRender,"all"===t.order?t.order=["qqdenglu","sinaweibo","renren","kaixin","mail","sms"]:d.isString(t.order)&amp;&amp;(t.order=t.order.split(",")),p._socShare&amp;&amp;p._socShare.init?p._socShare.init(t):b.push(t),function(){p._socShare.ui._shareBtnClickHandler()}};p("share",g)}if(i("common:bdbox/distribute",function(e,t,n,r){var i=e("common:bdbox/schema");e("common:bdbox/utils/detect");var o=e("common:bdbox/each"),a=e("common:bdbox/moplus"),s=r.emptyFn,c={qqDownloadUrl:"http://a.app.qq.com/o/simple.jsp?pkgname=com.baidu.searchbox",androidDownloadUrl:"",iosDownloadUrl:"",iosFailCallback:s,androidFailCallback:s,iosSchema:"",androidSchema:"",androidIntent:"",inBoxCallback:s},u=function(e){var t=this;e&amp;&amp;o(c,function(t,n){e[n]=e[n]||t});var n=this.url=e.url;n&amp;&amp;""!==n?(this.androidIntent="intent://"+n.replace(/^http[s]?:\/\//,"")+"#Intent;scheme=http;action=com.baidu.searchbox.action.VIEW;category=android.intent.category.DEFAULT;end",this.iosSchema="baiduboxapp://easybrowse?openurl="+encodeURIComponent(n)+"&amp;opentype=0&amp;isla=0&amp;append=0&amp;minver=5.3.0.0"):["androidIntent","iosSchema","androidSchema"].forEach(function(n){t[n]=e[n]}),this.options=e,this.fail=function(){if(console.log(r.os.name+" fail"),r.isFunction(e[r.os.name+"FailCallback"])){var t=e[r.os.name+"FailCallback"]();if(r.isBoolean(t)&amp;&amp;!t)return}var n=e[r.os.name+"DownloadUrl"];n&amp;&amp;""!==n&amp;&amp;(location.href=e[r.os.name+"DownloadUrl"])},this.success=function(){return console.log(r.os.name+" success"),r.isFunction(e[r.os.name+"SuccessCallback"])?e[r.os.name+"SuccessCallback"]():void 0}};u.prototype.wechat=function(){var e=this.options;if(r.isFunction(e.wechatCallback)){var t=e.wechatCallback();if(r.isBoolean(t)&amp;&amp;!t)return}e.qqDownloadUrl&amp;&amp;""!==e.qqDownloadUrl&amp;&amp;(location.href=e.qqDownloadUrl)},u.prototype.run=function(){var e=this,t=(e.url,e.options);return r.os.isWechat?e.wechat():r.isBox&amp;&amp;r.isFunction(t.inBoxCallback)?t.inBoxCallback():void this.invoke()},u.prototype.invoke=function(){var e=this;if(r.os.android){var t=a();t.getHVersion(function(n){n?t.sendIntent(e.androidIntent,function(t){0==t.error?e.success():e.fail()},1e3):e.androidSchema?i(e.androidSchema,function(t){t?e.fail():e.success()}):e.fail()})}else i(e.iosSchema,function(t){t?e.fail():e.success()})},n.exports=function(e){return new u(e)}}),each(d,function(e,t){p[t]=e}),e.Box&amp;&amp;e.Box.$)for(var _ in p)e.Box[_]=e.Box[_]||p[_];else e.Box=p}(window,document),define("sf25/components/b-scene-body/b-scene-body",["require","fusion/deps/fusion.best","sfr","sf25/view/sceneRender"],function(e){var t=e("fusion/deps/fusion.best"),n=e("sfr"),r=e("sf25/view/sceneRender"),i={css:"b-scene-body{display:block}\n.sfa-body{font:14px/22px Arial,Helvetica,sans-serif;word-break:break-word;word-wrap:break-word;overflow:hidden;text-align:left}\n.sfa-view b-scene-body.sfa-body{padding-top:0}\n.sfa-body .sfa-results .c-result:first-of-type .c-container:first-of-type{margin-top:0}\n.sfa-body .sfa-top-results .c-result .c-container:first-of-type{margin:0;padding:0}",holdChild:!0,props:{url:{type:String,value:"",onChange:function(){this.getProp("fetch")&amp;&amp;this.fetchResource()}},fetch:{type:Boolean,value:!0}},fetchedResource:null,globals:null,isDOMReady:!1,isSSR:!1};return i.fetchResource=function(e){var t=this.getProp("url");if(!t)return Promise.resolve({});if(!e&amp;&amp;this.fetchedResource&amp;&amp;this.fetchedResource.url===t)return this.fetchedResource.promise;var r=n.http.get(t);return this.fetchedResource={url:t,promise:r},r},i.created=function(){this.globals={},$(this.element).addClass("sfa-body"),$(this.element).children().length&gt;0?(this.isSSR=!0,this.isDOMReady=!0,this.triggerViewEvent("init")):this.getProp("fetch")&amp;&amp;this.fetchResource()},i.attached=function(){},i.getViewEvent=function(){return this.globals.view?this.globals.view:this.isSSR?window.view:!1},i.onViewEvent=function(e,t){var n=this.getViewEvent();return n&amp;&amp;n.on(e,t),n},i.triggerViewEvent=function(e){var t=this.getViewEvent();return t&amp;&amp;t.trigger(e),t},i.showFromCache=function(){this.isDOMReady&amp;&amp;this.triggerViewEvent("start")},i.hideToCache=function(){this.triggerViewEvent("stop")},i.detached=function(){this.$(".sfa-body").children().remove(),this.isDOMReady=!1},i.startRender=function(e){if(this.isSSR)return void this.triggerViewEvent("start");var t=this;this.fetchResource().then(function(n){t.renderBody(n,{options:e}),t.onViewEvent("init",function(){t.isDOMReady=!0,setTimeout(function(){t.triggerViewEvent("start")})}),$(t.element).trigger("rendered")})},i.partialUpdate=function(e,t){$(this.element).attr({url:e}),this.renderBody(null,t),t.view&amp;&amp;t.view.trigger("destroy");var n=this;this.fetchResource().then(function(r){n.renderBody(r,t),$(n.element).trigger("partial-updated",{url:e})})},i.renderBody=function(e,t){t=t||{};var n=this,i=t.container||$(n.element),o=parseInt(Math.random()*(new Date).getTime(),24),a=document.createElement("div");a.setAttribute("id",o),i.html(a),n.globals.container=a,n.globals.createdAt=n.createdAt,e&amp;&amp;e.data&amp;&amp;r(e.data,n.globals,t)},t("b-scene-body",i)}),define("sf25/components/b-scene-header/b-scene-header",["require","fusion/deps/fusion.best","sfr"],function(e){var t=e("fusion/deps/fusion.best"),n=e("sfr"),r={0:"default",1:"none",2:"gray",3:"black",4:"white",5:"blue",10:"tools",11:"medical",12:"edu",13:"game",14:"sport",15:"person",16:"infant",17:"car"},i={css:"b-scene-header{display:block;height:44px}\n.sfa-head{position:fixed;top:0;left:0;z-index:500;width:100%;height:44px;line-height:44px;text-align:center;font-size:20px;background-color:#f8f8f8;color:#333;-webkit-user-select:none;user-select:none;-webkit-transform:translate3d(0,0,0);transform:translate3d(0,0,0)}\n.sfa-head .sfa-back,.sfa-head .sfa-close,.sfa-head .sfa-tool{width:50px;height:44px;float:left;text-align:right}\n.sfa-head .sfa-back i{font-size:22px;padding-right:12px}\n.sfa-head .sfa-close{width:43px}\n.sfa-head .sfa-close span,.sfa-head .sfa-back span{font-size:16px;vertical-align:middle}\n.sfa-head .sfa-tool{float:right;text-align:center}\n.sfa-head .sfa-title .c-line-clamp1{padding:0 8px}\n.sfa-head-style-none{display:none}\n.sfa-head-style-black .sfa-head{background-color:#000;color:#fff}\n.sfa-head-style-gray .sfa-head{background-color:#333;color:#fff}\n.sfa-head-style-white .sfa-head{background-color:#fff;color:#333}\n.sfa-head-style-blue .sfa-head{background-color:#09f;color:#fff}\n.sfa-head-style-tools .sfa-head{background-color:#38F;color:#fff}\n.sfa-head-style-medical .sfa-head{background-color:#029CC6;color:#fff}\n.sfa-head-style-edu .sfa-head{background-color:#02336D;color:#fff}\n.sfa-head-style-game .sfa-head{background-color:#DE3E28;color:#fff}\n.sfa-head-style-sport .sfa-head{background-color:#29002D;color:#fff}\n.sfa-head-style-persion .sfa-head{background-color:#2A2727;color:#fff}\n.sfa-head-style-infant .sfa-head{background-color:#fe9a9c;color:#fff}\n.sfa-head-style-car .sfa-head{background-color:#333444;color:#fff}",tpl:'&lt;div class="sfa-head"&gt;\n    &lt;div class="sfa-back"&gt;&lt;i class="c-icon"&gt;&amp;#xe783&lt;/i&gt;&lt;/div&gt;\n    &lt;div class="sfa-tool"&gt;${toolhtml|raw}&lt;/div&gt;\n    &lt;div class="sfa-title"&gt;\n        &lt;div class="sfa-title-inner c-line-clamp1"&gt;${titlehtml|raw}&lt;/div&gt;\n    &lt;/div&gt;\n&lt;/div&gt;',headClass:"",props:{toolhtml:{type:String,value:"",onChange:function(){this.$(".sfa-tool").html(this.getProp("toolhtml"))}},titlehtml:{type:String,value:"",onChange:function(){this.$(".sfa-title-inner").html(this.getProp("titlehtml"))}},styleid:{type:Number,value:0,onChange:function(){this.updateHeadStyle()}}}};return i.updateHeadStyle=function(){var e=r[this.getProp("styleid")];e&amp;&amp;($(this.element).removeClass(this.headClass),this.headClass="sfa-head-style-"+e,$(this.element).addClass(this.headClass))},i.created=function(){this.updateHeadStyle()},i.attached=function(){this.$(".sfa-back").on("click",function(e){n.action.back(),e.preventDefault()})},i.detached=function(){this.$(".sfa-back").off("click")},t("b-scene-header",i)}),define("sf25/config",["require","sfr"],function(e){function t(e,t,o){return t&amp;&amp;!r()?!1:o&amp;&amp;!i(o)?!1:n(e)}function n(e){var t=a.get(window.page,"comm.superframe")||{};return"0"!==t["sf_"+e+"_enable"]}function r(){return/^(m|www).baidu.com$/.test(location.host)}function i(e){return e===a.get(window.page,"comm.sampleval.WISE_TPL_COMMON_SAMPLE_FLAG")}function o(){if(null!==s)return s;var e="_"+Math.random().toString(36).slice(2),t=document.createElement("script");return t.innerHTML="window."+e+" = !!document.currentScript",document.body.appendChild(t),document.body.removeChild(t),s=window[e],delete window[e],s}var a=e("sfr")._,s=null,c=!!window.view,u={superframe:{loader:{container:c?"sf-app":"www-wise",getRealRequireId:function(e){return c?"sf/app/"+e:e}},action:{root:"/"}},mip:{name:"mip",id:"sf25/service/mipService",enable:!0},search:{name:"search",id:"sf25/service/indexService",enable:!0},marry:{name:"marry",id:"sf25/service/marry/marryService",enable:t("marry",!1),baseUrl:"https://mct.y.nuomi.com/hotshop/salekey/sfmarry/home/index.html"},marryMeitu:{name:"marry-photo",id:"sf25/service/marry/meituService",enable:t("marry",!1),baseUrl:"https://mct.y.nuomi.com/hotshop/salekey/sfmarry/photos/index.html"},novel:{name:"novel",id:"sf25/service/novelService",suspend:function(){return a.get(window,"Box.isIOS")||a.get(window,"Box.isBox")||!1},enable:t("novel",!1,"sf_novel_group_a")},wenku:{name:"wenku",id:"sf25/service/wenku/wenkuService",srcUrl:/^https?:\/\/(?:wk|wenku|wapwenku)\.baidu\.com\/(view\/.*)$/,targetUrl:"/sf_edu_wenku/$1",baseUrl:"https://wk.baidu.com",enable:t("wenku",!1,"sf_wenku_group_b")&amp;&amp;o()},gaokao:{name:"gaokao",id:"sf25/service/wenku/gaokaoService",srcUrl:/^https?:\/\/(?:gaokao|tiku|miti|gk)\.baidu\.com\/(web\/(?:quedetail|singledetail)\/.*)$/,targetUrl:"/sf_edu_gaokao/$1",baseUrl:"https://tiku.baidu.com",enable:t("wenku",!1,"sf_wenku_group_c")},gonglve:{name:"gonglve",id:"sf25/service/wenku/gonglveService",srcUrl:/^https?:\/\/(?:gl|gonglve|gonglue|miji)\.baidu\.com\/(view\/.*)$/,targetUrl:"/sf_edu_gonglve/$1",baseUrl:"https://gl.baidu.com",enable:t("wenku",!1,"sf_wenku_group_a")},yuedu:{name:"yuedu",id:"sf25/service/wenku/yueduService",srcUrl:/^https?:\/\/(?:yd|yuedu)\.baidu\.com\/(?:view|detail|ebook)\/(.*)$/,targetUrl:"/sf_edu_yuedu/ebook/$1",baseUrl:"https://yd.baidu.com",enable:t("wenku",!1,"sf_wenku_group_c")},baike:{name:"baike",id:"sf25/service/baikeService",enable:t("baike",!0),baseUrl:"https://wapbaike.baidu.com"},ecom:{name:"ecom",id:"sf25/service/ecomService",enable:t("ecom"),baseUrl:""},graph:{name:"graph",id:"sf25/service/graphService",enable:t("graph",!0),baseUrl:"https://graph.baidu.com"},image:{name:"image",id:"sf25/service/imageService",enable:t("image",!0),baseUrl:"//image.baidu.com"},kuai:{name:"kuai",id:"sf25/service/kuaiService",enable:t("kuaixing",!0),baseUrl:"//apikuai.baidu.com"},pai:{name:"pai",id:"sf25/service/paiService",srcUrl:/^https?:\/\/p\.baidu\.com\/question\/([a-f0-9]{26})/,targetUrl:"/sf_p/question/$1?top=%7B%22sfhs%22%3A4%7D",enable:t("pai",!1),baseUrl:"//p.baidu.com"},scene:{name:"scene",id:"sf25/service/sceneService",enable:t("scene")},tab:{name:"tab",id:"sf25/service/tabService",enable:t("tab")},tc:{name:"tc",id:"sf25/service/tcdom",enable:t("tc"),baseUrl:location.protocol+"//"+location.host},zhidao:{name:"zhidao",id:"sf25/service/zhidaoService",enable:t("zhidao",!0),baseUrl:"https://zhidao.baidu.com"},headline:{name:"headline",id:"sf25/service/headlineService",enable:!0,baseUrl:"//mib.bdstatic.com"}};return u}),define("iframe-shell/utils/debounce",["require"],function(){return function(e,t){var n;return function(){var r=this,i=arguments,o=function(){n=null,e.apply(r,i)};clearTimeout(n),n=setTimeout(o,t)}}}),define("iframe-shell/viewer",["iframe-shell/utils/debounce"],function(e){var t=function(t){t=t||{},t.target||(t.target=document.body),t.src||(t.src=""),this.config={},this.setConfig(t),this.name="iframe-shell-"+Math.random().toString(36).slice(2);var n=document.createElement("iframe");n.setAttribute("name",this.name),n.setAttribute("data-mip-loader","view"),n.setAttribute("scrolling","yes"),n.setAttribute("sandbox",["allow-top-navigation","allow-popups","allow-scripts","allow-forms","allow-pointer-lock","allow-popups-to-escape-sandbox","allow-same-origin","allow-modals"].join(" ")),this.iframe=n;var r=function(){console.log("resize"),this.render()};return this.resizeLisenter=e(r.bind(this),50),this};return t.prototype={constructor:t,setConfig:function(e){return e=e||{},e.target&amp;&amp;(this.config.target=e.target),e.src&amp;&amp;this.config.src!==e.src&amp;&amp;(this.config.src=e.src,this.srcUpdated=!0),"function"==typeof e.errorHandler&amp;&amp;(this.errorHandler=e.errorHandler),this.config},render:function(){this.config.src&amp;&amp;(this.srcUpdated&amp;&amp;(this.iframe.src=this.config.src,this.srcUpdated=!1),this.iframe.style.height=""+this.config.target.clientHeight+"px")},attach:function(){this._attached||(this._attached=!0,this.iframe.style.display="block",this.inDom()||this.config.target.appendChild(this.iframe),window.addEventListener("resize",this.resizeLisenter),this.iframe.addEventListener("error",this.errorHandler))},inDom:function(){return this.iframe.parentElement===this.config.target},detach:function(e){e&amp;&amp;this.inDom()&amp;&amp;this.config.target.removeChild(this.iframe),this._attached&amp;&amp;(this._attached=!1,this.iframe.style.display="none",window.removeEventListener("resize",this.resizeLisenter),this.iframe.removeEventListener("error",this.errorHandler))},destroy:function(){this.detach(!0),this.iframe=null},errorHandler:function(e){console.error(e)}},t}),function(){function e(){var e=Object.create(n);return e.events={},e}function t(e){this.type=e,this.timeStamp=new Date}var n={};n.on=function(e,t){return this.events.hasOwnProperty(e)?this.events[e].push(t):this.events[e]=[t],this},n.off=function(e,t){return 0===arguments.length?this._offAll():void 0===t?this._offByType(e):this._offByHandler(e,t)},n.trigger=function(e,n){return e instanceof t||(e=new t(e)),this._dispatch(e,n)},n._dispatch=function(e,t){if(this.events.hasOwnProperty(e.type)){t=t||[],t.unshift(e);var n=this.events[e.type]||[];return n.forEach(function(e){return e.apply(null,t)}),this}},n._offByHandler=function(e,t){if(this.events.hasOwnProperty(e)){var n=this.events[e].indexOf(t);return n&gt;-1&amp;&amp;this.events[e].splice(n,1),this}},n._offByType=function(e){return this.events.hasOwnProperty(e)&amp;&amp;delete this.events[e],this},n._offAll=function(){return this.events={},this},e.Event=t,e.mixin=function(t,n){var r=new e;n.map(function(e){t[e]=function(){return r[e].apply(r,arguments)}})},"undefined"!=typeof module&amp;&amp;"undefined"!=typeof module.exports?module.exports=e:"function"==typeof define&amp;&amp;define.amd?define("node_modules/micro-event/dist/micro-event",["require"],function(){return e}):window.Emitter=e}(),define("iframe-shell/utils/event",["node_modules/micro-event/dist/micro-event"],function(e){return function(t){e.mixin(t,["on","off","trigger"])}}),define("iframe-shell/utils/promise",["require"],function(){function e(t){if(!(this instanceof e))throw"Promise must be called with new operator";if("function"!=typeof t)throw"callback not defined";this._handlers=[],this._state="init",this._errors=[],this._results=[],setTimeout(function(){t(this._onFulfilled.bind(this),this._onRejected.bind(this))}.bind(this))}function t(e){return e&amp;&amp;"function"==typeof e.then}return e.prototype.then=function(e){return"fulfilled"===this._state?this._callHandler(e,this._results):this._handlers.push({type:"then",cb:e}),this},e.prototype.catch=function(e){return"rejected"===this._state?this._callHandler(e,this._errors):this._handlers.push({type:"catch",cb:e}),this},e.prototype.finally=function(e){"fulfilled"===this._state?this._callHandler(e,this._results):"rejected"===this._state?this._callHandler(e,this._errors):this._handlers.push({type:"finally",cb:e})},e.resolve=function(n){var r=arguments;return t(n)?n:new e(function(e){return e.apply(null,r)})},e.reject=function(){var t=arguments;return new e(function(e,n){return n.apply(null,t)})},e.all=function(t){var n=t.map(function(){return void 0}),r=0,i="pending";return new e(function(o,a){function s(){"pending"===i&amp;&amp;(i="fulfilled",o(n))}function c(){"pending"===i&amp;&amp;(i="rejected",a.apply(null,arguments))}t.map(e.resolve).forEach(function(e,i){e.then(function(e){n[i]=e,r++,r===t.length&amp;&amp;s()}).catch(c)})})},e.prototype._onFulfilled=function(e){if(t(e))return e.then(this._onFulfilled.bind(this)).catch(this._onRejected.bind(this));this._results=arguments;var n=this._getNextHandler("then");return n?this._callHandler(n,this._results):(n=this._getNextHandler("finally"))?this._callHandler(n,this._results):void(this._state="fulfilled")},e.prototype._onRejected=function(){this._errors=arguments;var e=this._getNextHandler("catch");return e?this._callHandler(e,this._errors):(e=this._getNextHandler("finally"))?this._callHandler(e,this._errors):void(this._state="rejected")},e.prototype._callHandler=function(e,t){var n,r=null;try{n=e.apply(null,t)}catch(i){r=i}r?this._onRejected(r):this._onFulfilled(n)},e.prototype._getNextHandler=function(e){for(var t;(t=this._handlers.shift())&amp;&amp;t.type!==e;);return t?t.cb:null},e}),define("iframe-shell/utils/extend",["require"],function(){var e={}.hasOwnProperty;return function(t,n){for(var r in n)e.call(n,r)&amp;&amp;(t[r]=n[r])}}),define("iframe-shell/messenger",["iframe-shell/utils/event","iframe-shell/utils/promise","iframe-shell/utils/extend"],function(e,t,n){function r(){return(1e3*(new Date).getTime()+Math.ceil(1e3*Math.random())).toString(36)}var i={twoWay:"two-way"},o={request:"PM_REQUEST",response:"PM_RESPONSE"},a={},s=function(t){return e(this),this.targetWindow=t.targetWindow||top,this.targetOrigin=t.targetOrigin||"*",this.sourceOrigins=t.sourceOrigins||["*"],this.timeout=t.timeout||500,this.name=t.name||window.name,this.defers={},this.handlers={},a[this.name]&amp;&amp;console.warn("The old messenger created for target %O will be replaced by the new one.",this.name),a[this.name]=this,s.bindHandler(),this},c=function(e){var t=a[e.data.name];if(t)t.processMessageEvent(e);else for(var n in a)a[n].processMessageEvent(e)};return s.bindHandler=function(){window.removeEventListener("message",c),window.addEventListener("message",c)},s.prototype={processMessageEvent:function(e){for(var t=e.origin||e.originalEvent.origin,r=this,a=!1,s=0;s&lt;r.sourceOrigins.length;s++){var c=r.sourceOrigins[s];if("*"===c){a=!0;break}if(c===t){a=!0;break}}if(!a)return void console.warn("Origin "+t+" is not safe, ignore event",e);var u=e.data;if(!u)return void console.warn("Event data %O is invalid, missing data.",e);if(u.type===i.twoWay){if(!u.sentinel||!u.sessionId)return void console.warn("Event data %O is invalid, missing sentinel or/and sessionId.",u);if(u.sentinel===o.request){var l={};if(r.handlers[u.event])try{l=r.handlers[u.event].call(r,u)}catch(d){l={error:d}}else console.warn("Event "+u.event+" has no handler.");var f=function(e){e=e||{},n(e,{type:i.twoWay,sentinel:o.response,sessionId:u.sessionId,name:r.name}),r.targetWindow.postMessage(e,r.targetOrigin)};l&amp;&amp;"function"==typeof l.then?l.then(function(e){f(e)}).catch(function(e){f({error:e})}):f(l)}else if(u.sentinel===o.response){console.log("response!",u);var p=r.defers[u.sessionId];if(delete r.defers[u.sessionId],!p)return void console.warn("Event session is not found for two-way communication",u.sessionId);clearTimeout(p.timer),u.error?p.reject(u.error):p.resolve(u)}else console.warn("Event sentinel is invalid ",u.sentinel)}else{if(!u||!u.event)return void console.warn("Event data %O is invalid, missing event name.",u);r.trigger(u.event,[u]),r.trigger("recivemessage",[u])}},sendMessage:function(e,a,s){var c=this;return new t(function(t,u){var l={name:c.name,event:e},d=r();s?(n(l,{type:i.twoWay,sentinel:o.request,sessionId:d}),c.defers[d]={resolve:t.bind(this),reject:u.bind(this),timer:setTimeout(function(){delete c.defers[d],u(new Error("timeout"))},c.timeout)}):setTimeout(t,0),n(l,a),c.targetWindow.postMessage(l,c.targetOrigin)})},setHandler:function(e,t){if("function"!=typeof t)throw new Error("Invalid handler for event "+e);this.handlers[e]=t},removeHandler:function(e){this.handlers[e]=void 0},destory:function(){delete a[this.name]}},s.prototype.constructor=s,s}),define("iframe-shell/loader",["iframe-shell/viewer","iframe-shell/messenger","iframe-shell/utils/event","iframe-shell/utils/extend"],function(e,t,n,r){var i="https:"===location.protocol?"https:":"http:",o=function(e){return e=""+e,0===e.indexOf("//")?!0:0===e.indexOf("https://")},a=i+"//mipcache.bdstatic.com/c/",s=function(e){return e=""+e,!!e.match(/^(https?:)?\/\/mipcache\.bdstatic\.com\/c\//)},c=function(e){var t=e.split("//");t.shift();var n=t.join("//");return o(e)?a+"s/"+n:a+n},u=function(t,r){return n(this),this.config=t||{},this.Viewer=r||e,this};return u.prototype={getFinalUrl:function(){var e=this.config.url||"";if(!e)return e;if(s(e))return e;var t=this.config.useMipCache;return t||"https:"!==i||o(e)||(t=!0),t?c(e):e},getRelativeUrl:function(e){var t=this.config.url;if(0===e.indexOf("//")){var n=t.match(/(^.*:)\/\//);n=n?n[1]:location.protocol,e=n+e}return e},getViewerConfig:function(){var e={};return r(e,this.config.viewer||{}),e.src=this.getFinalUrl(),e.errorHandler=this.errorHandler.bind(this),e},getMessageHandlers:function(){return this.messageHandlers?this.messageHandlers:(this.messageHandlers={},this.messageHandlers)},attachMessageHandlers:function(){var e=this.getMessageHandlers();for(var t in e)this.messenger.setHandler(t,e[t]);var n=this;this.allMessageHandler=function(t,r){e[r.event]&amp;&amp;e[r.event](r),n.trigger("mip-"+r.event,[r])},this.messenger.on("recivemessage",this.allMessageHandler)},detachMessageHandlers:function(){var e=this.getMessageHandlers();for(var t in e)this.messenger.removeHandler(t);this.messenger.off("recivemessage",this.allMessageHandler)},errorHandler:function(e){console.log(e)},setConfig:function(e,t){r(this.config,e),t||this.update()},create:function(){this._created||this._destoyed||(this._created=!0,this.trigger("create"),this.viewer=new this.Viewer(this.getViewerConfig()),this.messenger=new t({targetWindow:this.viewer.iframe.contentWindow,name:this.viewer.name}),this.trigger("created"))},attach:function(){this._attached||(this._attached=!0,this.trigger("attach"),this.viewer.attach(),this.attachMessageHandlers(),this.viewer.render(),this.trigger("attached"))},update:function(){this._created&amp;&amp;(this.trigger("update"),this.viewer.setConfig(this.getViewerConfig()),this.viewer.render(),this.trigger("updated"))},detach:function(){this._attached&amp;&amp;(this._attached=!1,this.trigger("detach"),this.detachMessageHandlers(),this.viewer.detach(),this.trigger("detached"))},destroy:function(){this._created&amp;&amp;!this._destoyed&amp;&amp;(this._attached&amp;&amp;this.detach(),this._destoyed=!0,this.trigger("destroy"),this.messenger.destory(),this.viewer.destroy(),this.viewer=null,this.trigger("destroyed"))}},u.prototype.constructor=u,u}),define("sf25/lib/boxLog",["require","uiamd/bdbox/base"],function(e){var t=e("uiamd/bdbox/base");return{start:function(e){try{t.isIOS&amp;&amp;t.ios.invokeApp("utils",{action:"ubcReport",params:encodeURIComponent(JSON.stringify({actionId:"101",value:JSON.stringify({url:e.url,type:"0",errorcode:"0",from:"sf"})})),minver:"7.3.0.0"})}catch(n){}},stop:function(e){try{t.isIOS&amp;&amp;t.ios.invokeApp("utils",{action:"ubcReport",params:encodeURIComponent(JSON.stringify({actionId:"98",value:JSON.stringify({url:e.url,from:"sf"})})),minver:"7.3.0.0"})}catch(n){}}}}),define("sf25/lib/cambrianBar",["require","../../pmd/share/share","uiamd/bdbox/base","sf25/lib/cambrianBarSub"],function(e){function t(e){return String(e).replace(/[^\x00-\xff]/g,"ci").length}function n(e,n,r){return e=String(e),r=r||"",0&gt;n||t(e)&lt;=n?e+r:(e=e.substr(0,n).replace(/([^\x00-\xff])/g,"$1 ").substr(0,n).replace(/[^\x00-\xff]$/,"").replace(/([^\x00-\xff]) /g,"$1"),e+r)}function r(e,t){return e+=e.indexOf("?")&gt;=0?"&amp;":"?",e+$.param(t)}function i(e){_.appid=e,$.ajax({type:"GET",url:w,data:{office_id:e,check_sub:0,homepage_from:"dusite_artdetail_nusub",url:decodeURIComponent(h.originUrl)},dataType:"jsonp",success:function(e){e&amp;&amp;0===e.code&amp;&amp;($.extend(_,e.data),c(),u()),o()},error:function(){o()}})}function o(){k.tool&amp;&amp;k.tool.show()}function a(e){e&amp;&amp;"cambrian"===e.type&amp;&amp;(_.name=e.title,_.avatar=e.logo,s())}function s(){var e=h.view.$sfHead.find(".sfa-title");k.tool=h.view.$sfHead.find(".sfa-tool"),k.tool.hide();var r=navigator.userAgent;r.match(/light/i)&amp;&amp;h.view.$sfHead.find(".sfa-back").hide();var i=_.name;t(i)&gt;12&amp;&amp;(i=n(_.name,10,"..."));var o=['&lt;div class="cambrian-wraper"&gt;','&lt;div class="c-line-clamp1" style="'+S.content+'"&gt;','&lt;a href="javascript:void(0);" class="cambrian-wraper-inner"&gt;','&lt;img class="cambrian-avatar" style="'+S.avatar+'" src="'+_.avatar+'" width=22 height=22 alt=""&gt;','&lt;span class="cambrian-title" style="'+S.nameText+'"&gt;'+i+"&lt;/span&gt;",'&lt;i class="c-icon cambrian-arrow" style="'+S.nameArrow+'"&gt;&amp;#xe732&lt;/i&gt;',"&lt;/a&gt;","&lt;/div&gt;","&lt;/div&gt;"];e.html(o.join("")),$('&lt;style id="cambrianstyle"&gt;'+S.cambrainCss+"&lt;/style&gt;").appendTo("#super-frame .sfa-head"),k.titleEl=e,k.wrapperIn=e.find(".cambrian-wraper-inner"),k.avatar=e.find(".cambrian-avatar"),k.name=e.find(".cambrian-title"),k.arrow=e.find(".cambrian-arrow"),k.arrow.hide()}function c(){k.titleEl||s();var e=_.name;t(e)&gt;12&amp;&amp;(e=n(_.name,10,"...")),k.name.html(e),k.avatar.attr("src",_.avatar),_.homepage&amp;&amp;(k.arrow.css("display","inline-block").show(),k.wrapperIn.attr("href",r(_.homepage,{ct:57,cst:1})))}function u(){var e,t={icon:"&amp;#xe63a",text:"分享",click:function(){page.log.send({ct:57,cst:3,clk_extra:JSON.stringify({a:_.appid,u:h.originUrl})});var e={url:_.article.share_url?r(_.article.share_url,{ct:57,cst:17}):location.href.toString().replace("tn=normal","tn=nohead"),title:_.article.title||"来百度关注"+_.name+"有惊喜",content:"好友给您分享了一篇来自"+_.name+"的文章，点击立即查看精彩内容。",iconUrl:_.article.thumbnail_url&amp;&amp;_.article.thumbnail_url[0]||_.avatar,loginfo:{clk_from:"mms_mip"}},t=new m(e);t.popup()}},n={icon:"&amp;#xe639",text:"查看官方号",click:function(){location.href=r(_.homepage,{ct:57,cst:4})}},i={icon:"&amp;#xe63e",text:"咨询",click:function(){page.log.send({ct:57,cst:5,clk_extra:JSON.stringify({a:_.appid,u:h.originUrl})}),_.is_login?l():d()}};e=_.homepage?g.version_compare(g.getVersion(),y)&gt;=0?[t,n,i]:[t,n]:g.version_compare(g.getVersion(),y)&gt;=0?[t,i]:[t],h.view.setHeadActionIcons(e,{maxIcons:1}),k.tool.on("click",".sfa-action-more",function(){page.log.send({ct:57,cst:2,clk_extra:JSON.stringify({a:_.appid,u:h.originUrl})})})}function l(){g.isIOS?g.ios.invokeApp("invokePlug",{action:"open",params:encodeURIComponent(JSON.stringify({plugin_id:"box.plugin.cambrian",args:"source_app=baiduboxapp&amp;referer=myduzhan&amp;paid="+_.pa_uid+"&amp;title="+_.name+"&amp;method_name=invokeChat"})),minver:y}):g.isAndroid&amp;&amp;g.android.invokeApp("Bdbox_android_plugin","invokePlugin",[JSON.stringify({package_name:"com.baidu.cambrian",method_name:"invokeChat",params:{paid:_.pa_uid,title:_.name}})])}function d(){var e={tpl:"cambrian",third_login:1};g.isIOS?(e.func=T,g.ios.invokeApp("account",{action:"logindialog",params:JSON.stringify(e),minver:"5.5.0.0"},"")):g.isAndroid&amp;&amp;g.android.invokeApp("Bdbox_android_account","loginDialog",[JSON.stringify(e),T])}function f(){a(h.titleExtra),h.loader.on("mip-cambrian-header",function(e,t){i(t.data||"")})}function p(e){var t=new RegExp("(^|_)"+e+"(_|$)");return t.test(page.comm.sids)}var h,m=e("../../pmd/share/share"),g=e("uiamd/bdbox/base"),v=e("sf25/lib/cambrianBarSub"),w="//msite.baidu.com/home/bar",b="116766",y="8.5.0.0",x={},_={},k={},S={content:"height: 44px;margin:0 auto;position:relative;",avatarCon:"display:inline-block;position:relative;overflow:hidden;",avatar:"border-radius:50%;position:relative;top:-1px;vertical-align: middle;",nameCon:"display:inline-block;height:44px;overflow:hidden;",nameText:"overflow:hidden;text-overflow:ellipsis;color:#333;text-decoration:none;vertical-align: middle;margin-left: 10px;",nameArrow:"font-size: 10px;color:#333;margin-left:3px;display:inline-block;-ms-transform:scale(.6);-moz-transform:scale(.6);-webkit-transform:scale(.6);transform:scale(.6);vertical-align:middle;",wrapper:".sfa-title .cambrian-wraper-inner:active{background: rgba(51,51,51,.4);color:#333;}",cambrainCss:".sfa-head .sfa-title,.sfa-head .sfa-back,.sfa-head .sfa-tool,.sfa-head .sfa-action-item{-webkit-tap-highlight-color:transparent;}.sfa-head .sfa-title{padding: 0;}.sfa-title .cambrian-wraper{margin: 0 48px 0 52px;}.sfa-title .cambrian-wraper-inner{display:block;text-decoration: none;color:#333;-webkit-tap-highlight-color:rgba(51,51,51,.4);position: absolute;line-height: normal;top: 50%;left: 50%;-webkit-transform: translate(-50%, -50%);-moz-transform: translate(-50%, -50%);-ms-transform: translate(-50%, -50%);-o-transform: translate(-50%, -50%);transform: translate(-50%, -50%);}"},T="_SF_CAMBRIAN_"+(new Date).getTime()+"_";return window[T]=function(e){0===parseInt(e,10)&amp;&amp;(_.is_login=!0,l())},x.setup=function(e){g.isBox&amp;&amp;(k={},_={},h=e,p(b)?v.setup(h):f())},x}),define("sf25/lib/cambrianBarSub",["require","../../pmd/share/share","uiamd/bdbox/base","uiamd/bdbox/follow"],function(e){function t(e){return String(e).replace(/[^\x00-\xff]/g,"ci").length}function n(e,n,r){return e=String(e),r=r||"",0&gt;n||t(e)&lt;=n?e+r:(e=e.substr(0,n).replace(/([^\x00-\xff])/g,"$1 ").substr(0,n).replace(/[^\x00-\xff]$/,"").replace(/([^\x00-\xff]) /g,"$1"),e+r)}function r(e,t){return e+=e.indexOf("?")&gt;=0?"&amp;":"?",e+$.param(t)}function i(e){b.appid=e,$.ajax({type:"GET",url:g,data:{office_id:e,check_sub:1,homepage_from:"dusite_artdetail_sub",url:decodeURIComponent(f.originUrl)},dataType:"jsonp",success:function(e){e&amp;&amp;0===e.code&amp;&amp;($.extend(b,e.data),c(),u()),o()},error:function(){o()}})}function o(){y.tool&amp;&amp;y.tool.show()}function a(e){e&amp;&amp;"cambrian"===e.type&amp;&amp;(b.name=e.title,b.avatar=e.logo,s())}function s(){var e=f.view.$sfHead.find(".sfa-title");y.tool=f.view.$sfHead.find(".sfa-tool"),y.tool.hide();var r=navigator.userAgent;r.match(/light/i)&amp;&amp;f.view.$sfHead.find(".sfa-back").hide();var i=b.name;t(i)&gt;10&amp;&amp;(i=n(b.name,8,"..."));var o=['&lt;div class="cambrian-wraper"&gt;','&lt;div class="c-line-clamp1" style="'+x.content+'"&gt;','&lt;a class="cambrian-wraper-inner" href="javascript:void(0);"&gt;','&lt;img class="cambrian-avatar" style="'+x.avatar+'" src="'+b.avatar+'" width=22 height=22 alt=""&gt;','&lt;span class="cambrian-title" style="'+x.nameText+'"&gt;'+i+"&lt;/span&gt;","&lt;/a&gt;",'&lt;div class="cambrain-subscribe" style="'+x.subscribe+'"&gt;关注&lt;/div&gt;',"&lt;/div&gt;","&lt;/div&gt;"];e.html(o.join("")),$('&lt;style id="cambrianstyle"&gt;'+x.cambrainCss+"&lt;/style&gt;").appendTo("#super-frame .sfa-head"),y.titleEl=e,y.avatar=e.find(".cambrian-avatar"),y.name=e.find(".cambrian-title"),y.subscribe=e.find(".cambrain-subscribe").hide()}function c(){y.titleEl||s();var e=b.name;t(e)&gt;10&amp;&amp;(e=n(b.name,8,"...")),y.name.html(e),y.avatar.attr("src",b.avatar),b.subscribe&amp;&amp;(y.subscribe.html("已关注"),y.subscribe.addClass("cambrain-subscribe-added")),y.subscribe.show(),b.homepage&amp;&amp;(y.titleEl.find(".cambrian-wraper-inner").attr("href",r(b.homepage,{ct:57,cst:1})),$('&lt;style id="cambrianstyle-active"&gt;'+x.wrapper+"&lt;/style&gt;").appendTo("#super-frame .sfa-head"));var i=new m("cambrian",{onLine:1}),o=function(){b.subscribe?(y.subscribe.removeClass("cambrain-subscribe-added"),y.subscribe.html("关注"),i.toast({type:"tips",text:"已取消关注"})):(y.subscribe.addClass("cambrain-subscribe-added"),y.subscribe.html("已关注"),i.toast({type:"click"})),b.subscribe=!b.subscribe};y.subscribe.on("click",function(){var e={type:"dusite",op_type:b.subscribe?"cancel":"add",sfrom:"dusite",source:"dusite_se_landingpage",third_id:b.appid};page.log.send(b.subscribe?{ct:57,cst:19,clk_extra:JSON.stringify({a:b.appid,u:f.originUrl})}:{ct:57,cst:18,clk_extra:JSON.stringify({a:b.appid,u:f.originUrl})}),i.subscribe(e,o)})}function u(){var e={icon:"&amp;#xe63a",text:"分享",click:function(){page.log.send({ct:57,cst:3,clk_extra:JSON.stringify({a:b.appid,u:f.originUrl})});var e={url:b.article.share_url?r(b.article.share_url,{ct:57,cst:17}):location.href.toString().replace("tn=normal","tn=nohead"),title:b.article.title||"来百度关注"+b.name+"有惊喜",content:"好友给您分享了一篇来自"+b.name+"的文章，点击立即查看精彩内容。",iconUrl:b.article.thumbnail_url&amp;&amp;b.article.thumbnail_url[0]||b.avatar,loginfo:{clk_from:"mms_mip"}},t=new p(e);t.popup()}},t={icon:"&amp;#xe63e",text:"咨询",click:function(){page.log.send({ct:57,cst:5,clk_extra:JSON.stringify({a:b.appid,u:f.originUrl})}),b.is_login?l():d()}},n=[];n=h.version_compare(h.getVersion(),v)&gt;=0?[e,t]:[e],f.view.setHeadActionIcons(n,{maxIcons:1}),y.tool.on("click",".sfa-action-more",function(){page.log.send({ct:57,cst:2,clk_extra:JSON.stringify({a:b.appid,u:f.originUrl})})})}function l(){h.isIOS?h.ios.invokeApp("invokePlug",{action:"open",params:encodeURIComponent(JSON.stringify({plugin_id:"box.plugin.cambrian",args:"source_app=baiduboxapp&amp;referer=myduzhan&amp;paid="+b.pa_uid+"&amp;title="+b.name+"&amp;method_name=invokeChat"})),minver:v}):h.isAndroid&amp;&amp;h.android.invokeApp("Bdbox_android_plugin","invokePlugin",[JSON.stringify({package_name:"com.baidu.cambrian",method_name:"invokeChat",params:{paid:b.pa_uid,title:b.name}})])}function d(){var e={tpl:"cambrian",third_login:1};h.isIOS?(e.func=_,h.ios.invokeApp("account",{action:"logindialog",params:JSON.stringify(e),minver:"5.5.0.0"},"")):h.isAndroid&amp;&amp;h.android.invokeApp("Bdbox_android_account","loginDialog",[JSON.stringify(e),_])}var f,p=e("../../pmd/share/share"),h=e("uiamd/bdbox/base"),m=e("uiamd/bdbox/follow"),g="//msite.baidu.com/home/bar",v="8.5.0.0",w={},b={},y={},x={content:"height: 44px;margin:0 auto;position:relative;",avatar:"border-radius:50%;position:relative;top:-1px;vertical-align: middle;",nameText:"overflow:hidden;text-overflow:ellipsis;color:#333;text-decoration:none;vertical-align: middle;margin-left: 10px;",subscribe:"position:absolute;font-size:12px;-webkit-box-sizing:border-box;-moz-box-sizing:border-box;box-sizing:border-box;text-align:center;line-height:normal;",wrapper:".sfa-title .cambrian-wraper-inner:active{color:#333;}",cambrainCss:".sfa-head .sfa-title,.sfa-head .sfa-back,.sfa-head .sfa-tool,.sfa-head .sfa-action-item{-webkit-tap-highlight-color:transparent;}.sfa-head .sfa-title{padding: 0;}.sfa-title .cambrian-wraper{margin: 0 48px 0 52px;}.sfa-head .cambrian-wraper-inner{display:block;margin: 0 auto;position: absolute;line-height: normal;top: 50%;left: 50%;-webkit-transform: translate(-50%, -50%);-moz-transform: translate(-50%, -50%);-ms-transform: translate(-50%, -50%);-o-transform: translate(-50%, -50%);transform: translate(-50%, -50%);-webkit-tap-highlight-color:rgba(51,51,51,.4);}.sfa-title .cambrian-title{max-width:100px;background:#fff;}.sfa-title .cambrain-subscribe{width:54px;padding:3px 0;top:10px;right:0;color:#333;border: 1px solid #333;}.sfa-title .cambrain-subscribe:active{background:rgba(0, 0, 0, .05);}.sfa-title .cambrain-subscribe-added{color:#999;border:1px solid #999;}@media screen and (max-width: 320px){.sfa-title .cambrian-title{max-width:88px;}.sfa-title .cambrain-subscribe{width:48px;padding:3px 0;}}"},_="_SF_CAMBRIAN_"+(new Date).getTime()+"_";return window[_]=function(e){0===parseInt(e,10)&amp;&amp;(b.is_login=!0,l())},w.setup=function(e){h.isBox&amp;&amp;(y={},b={},f=e,a(f.titleExtra),f.loader.on("mip-cambrian-header",function(e,t){i(t.data||"")}))},w}),define("sf25/lib/mipperflog",["require"],function(){var e=function(e,t){this.baseUrl=page.https.domain.get("http://sestat.baidu.com/mpwb.gif"),this.timing=e,this.duration={},this.params={type:3,fm:"disp"},this.status=0,this.error=0;try{this.clksig=page.utils.getEventSignature(t.event)}catch(n){}};return e.prototype.setErrorCode=function(e){0===e?(this.status=0,this.error=0):(this.status=1,this.error=e)},e.prototype.sendLog=function(){if(!this.logSent){this.logSent=!0,this.clearSendTimeout();var e=$.extend({},this.duration,{status:this.status,error:this.error,sig:this.clksig}),t=$.extend({},this.params,{data:JSON.stringify(e)});t=$.param(t,!0);var n=new Image;n.src=this.baseUrl+"?"+t}},e.prototype.setDuration=function(e,t,n){if(this.timing[t]&amp;&amp;this.timing[n]){var r=this.timing[n]-this.timing[t];return r&gt;1e4||isNaN(r)||1/0===r?!0:(this.duration[e]=r,!0)}return!1},e.prototype.updateTiming=function(e){for(var t in e)this.timing[t]=e[t];var n=!0;n&amp;=this.setDuration("stm","userClickTime","sfMipStartTime"),n&amp;=this.setDuration("dtm","userClickTime","MIPStart"),n&amp;=this.setDuration("atm","userClickTime","MIPPageShow"),n&amp;=this.setDuration("rtm","MIPStart","MIPDomContentLoaded"),n&amp;=this.setDuration("otm","MIPPageShow","MIPFirstScreen"),this.setDuration("ntm","fetchStart","responseEnd"),n&amp;&amp;this.sendLog()},e.prototype.setSendTimeout=function(e){this.clearSendTimeout();var t=this;this.timeoutId=setTimeout(function(){this.mipCanPerf?(t.duration.ltm=t.duration.ltm||Date.now()-this.timing.userClickTime,t.setErrorCode(1),t.sendLog()):t.sendLog()},e)},e.prototype.clearSendTimeout=function(){this.timeoutId&amp;&amp;clearTimeout(this.timeoutId),this.timeoutId=void 0},e}),define("sf25/lib/monitor",["require","sf25/view/viewFactory"],function(e){function t(e){return e?e.service&amp;&amp;e.service.name?e.query&amp;&amp;e.query.actname&amp;&amp;"act_sf_mip"===e.query.actname?"sf-mip":e.service.name:e.pathPattern?e.pathPattern.toString():"":"invalid"}function n(e){var n=t(e);if("scene"===n){var r=o.get(e.url);if(!r||!r.$sfBody)return!1;var i=r.$sfBody.find(".c-result").length,a=r.$sfBody.find(".sfa-noresult-tips").length;return r.$sfBody.height()&lt;50&amp;&amp;!i&amp;&amp;!a?!0:!1}return"tab"===n?e.service.getContainer(e).find("b-scene-body").height()&lt;50:$("#sfr-app .sfa-body").height()&lt;50}function r(e,n){e=e||{},e.svc=t(n),e.query=page&amp;&amp;page.comm&amp;&amp;page.comm.query||"",e.lid=page&amp;&amp;page.comm&amp;&amp;page.comm.lid||"",e.tanet=page&amp;&amp;page.comm&amp;&amp;page.comm.tanet||0,("scene"===e.svc||"tab"===e.svc)&amp;&amp;(e.pd=n&amp;&amp;n.query&amp;&amp;n.query.pd||"invalid",n&amp;&amp;n.query&amp;&amp;n.query.atn&amp;&amp;(e.atn=n.query.atn));var r="type=sfmonitor&amp;terminal=sf";for(var o in e)r+="&amp;"+o+"="+e[o];var a=new Image;a.src=page.https.domain.get(i+"?"+r)}var i="http://sestat.baidu.com/cm.gif",o=e("sf25/view/viewFactory"),a={},s=[],c=[],u=[{type:"timeout3s",time:3e3},{type:"timeoutfirst",time:6e3}];return a.start=function(e){e&amp;&amp;e.options&amp;&amp;void 0!==e.options.id&amp;&amp;(s[e.options.id]||(s[e.options.id]={}),s[e.options.id].startTime=(new Date).getTime(),u.forEach(function(t,i){c[i]||(c[i]=[]),c[i][e.options.id]=setTimeout(function(){n(e)&amp;&amp;r({st:t.type},e)},t.time)}))},a.stop=function(e){if(e&amp;&amp;e.options&amp;&amp;void 0!==e.options.id){s[e.options.id]||(s[e.options.id]={});var t=s[e.options.id].startTime||0;if(n(e)){var i=(new Date).getTime()-t;r({leave:i},e)}delete s[e.options.id],u.forEach(function(t,n){c[n]&amp;&amp;c[n][e.options.id]&amp;&amp;clearTimeout(c[n][e.options.id])})}},a}),define("sf25/lib/scriptLoader",["require"],function(){function e(e){var o=i();if(!o)return console.warn("Unable to find current script."),void r(e);var a=o.getAttribute("data-evaluator-id");if(!a)return console.warn("Unable to find fp, dynamic loaded &lt;script&gt;?",o),void r(e);for(var s=t(a),c=s.pendingScripts,u=0,l=parseInt(o.getAttribute("data-script-index"),10);u&lt;c.length&amp;&amp;c[u].index&lt;=l;)u++;c.splice(u,0,{index:l,fn:e}),setTimeout(n.bind(null,s))}function t(e){return o[e]||(o[e]={lastIndex:-1,fp:window[e],pendingScripts:[]}),o[e]}function n(e){for(var t=e.pendingScripts;t.length&amp;&amp;t[0].index&lt;=e.lastIndex+1;){var n=t.shift();setTimeout(e.fp.bind(window,n.fn)),e.lastIndex=Math.max(n.index,e.lastIndex)}}function r(e){var t=_SF_?_SF_.vw:{},n=_SF_?_SF_.page:{},r=_SF_?_SF_._global_:{};e.call(window,t,n,r)}function i(){if(document.currentScript)return document.currentScript;for(var e=document.getElementsByTagName("script"),t=e.length;t--;){var n=e[t];if("interactive"===n.readyState)return n}return null}var o={};return window._superframeJSLoader=e,{loader:e}}),define("sf25/lib/webbDisp",["require"],function(){function e(e){return e?e.service&amp;&amp;e.service.name?e.service.name:e.pathPattern?e.pathPattern.toString():"":"invalid"}function t(e){return e&amp;&amp;e.options&amp;&amp;e.options.id?r+e.options.id:r+"00"}function n(e){return e.event&amp;&amp;"object"==typeof page&amp;&amp;page.utils&amp;&amp;page.utils.getEventSignature?page.utils.getEventSignature(e.event):void 0}var r=""+Date.now()+Math.round(1e3*Math.random()),i=[];return{start:function(r,o){var a={type:"wp_sf",action:"show",ext:{pd:e(r),sfname:"2.5",applid:t(r)}},s=n(o);s&amp;&amp;(a.ext.sig=s),i.push(s),window.webb&amp;&amp;webb.ia&amp;&amp;webb.ia.send(a)},stop:function(n){var r={type:"wp_sf",action:"close",ext:{pd:e(n),sfname:"2.5",applid:t(n),sig:i.pop()}};window.webb&amp;&amp;webb.ia&amp;&amp;webb.ia.send(r)},domready:function(r,i,o){window.webb&amp;&amp;webb.disp&amp;&amp;webb.disp.set("base_sf25",function(){var a=e(i),s={size:{doc:{w:r.vw&amp;&amp;r.vw.container?$(r.vw.container).width():0,h:r.vw&amp;&amp;r.vw.container?$(r.vw.container).height():0},wind:{w:$(window).width(),h:$(window).height()},scr:{w:screen.width,h:screen.height}},vsb:document.visibilityState?document.visibilityState:0,applid:t(i),sig:n(o)};return a&amp;&amp;(s.pd=a),s.num=1,s}).sendDisp()}}}),define("sf25/resource/sceneResource",["sfr"],function(e){var t=e.resource,n=e.cache,r=n.create("sceneResouce",{limit:20}),i=function(e){return this.url=e,this};return i.prototype.getPage=function(e){return this.queryPromise?e&amp;&amp;new t(this.url).query():(this.resource=new t(this.url),this.queryPromise=this.resource.query()),this.queryPromise},i.getInstance=function(e,t){t=t||"&amp;mod=1",e+=t;var n;return(n=r.get(e))?n:(n=new i(e),r.set(e,n),n)},i}),define("sf25/resource/stream",["require"],function(){function e(){this.buffer=[],this.events={data:null,end:null,readable:null,error:null},this.state=t,this.err=null}var t=1,n=2,r=3;return e.prototype.on=function(e,t){if("function"!=typeof t)throw new Error("callback is not a function:"+t);this.events[e]=t,this.flush()},e.prototype.write=function(e){this.buffer.push(e),this.flush()},e.prototype.error=function(e){this.err=e||new Error("unkown error"),this.flush()},e.prototype.end=function(){this.state===t&amp;&amp;(this.state=n,this.flush())},e.prototype.read=function(){return this.buffer.shift()},e.prototype.flush=function(){if(this.err)return void(this.events.error&amp;&amp;(this.events.error(this.err),this.events.error=null));for(this.buffer.length&amp;&amp;this.events.readable&amp;&amp;(this.events.readable(),this.events.readable=null);this.buffer.length&amp;&amp;this.events.data;)this.events.data(this.read());this.state===n&amp;&amp;this.events.end&amp;&amp;(this.state=r,this.events.end())},e}),define("sf25/resource/template",["sfr","sf25/resource/stream"],function(e,t){function n(e,n){var i,o,a=new t,l=s.createTokenStream(e,n),d="";return l.on("data",function(e){for(d+=e;(i=c.exec(d))&amp;&amp;(o=u.exec(d));){var t=r(i[0]),n=i.index+i[0].length;t.innerHTML=d.slice(n,o.index),d=d.substr(o.index+o[0].length),a.write(t)}}),l.on("end",function(){a.end()}),l.on("error",function(e){a.error(e)}),a}function r(e){for(var t,n=e.replace(/^&lt;template/i,"").replace(new RegExp("&gt;$"),""),r=/([\w-]+)(?:=('[^']*'|"[^"]*"))?/g,i={};t=r.exec(n);){var o=t[1],a=(t[2]||"").slice(1,-1);i[o]=a}return i}function i(e,n){function r(){var e=this.responseText.length;if(s!==e){var t=this.responseText.substring(s,e);s=e,i.write(t)}}n=a.defaultsDeep({xhrFields:{onprogress:r}},n);var i=new t,s=0;return n.url=e,o.ajax(e,n).catch(function(e){throw e.code="EFETCH",e}).then(function(e){r.call(e),i.end()}).catch(function(t){i.error(t),setTimeout(function(){var n="EFETCH"===t.code?"fetch error":"render error";throw console.error(n,e),t})}),i}var o=e.http,a=e._,s={},c=/&lt;template(\s+[^&gt;]*)?&gt;/i,u=/&lt;\/template&gt;/i;return s.rBeginTemplate=c,s.rEndTemplate=u,s.createReadStream=n,s.createTokenStream=i,s.parseTemplateTag=r,s}),define("sf25/service/baikeService",["require","sf25/config","sfr","sf25/service/commonService","sf25/resource/template","sf25/view/commonView"],function(e){var t=e("sf25/config").baike,n=e("sfr").action,r=e("sf25/service/commonService"),i=e("sf25/resource/template"),o=e("sf25/view/commonView"),a=new r;a.name=t.name,a.commonViewOptions={headBackground:"#459df5",headColor:"#fff",headTitle:"百度百科",headHeight:"44px",backHtml:"",customClassName:"wa-bk-polysemy-sf"},a.createView=function(){var e=new o,t=e.prepareRender;return e.prepareRender=function(){t.call(this),this.renderer.clientFunction=function(e){return["function (vw, page, _global_) {","    var require = page.require;","    var define = page.define;",e,"}"].join("\n")}},e},a.createTemplateStream=function(e){var n=t.baseUrl,r="";if(!e.url.match(/^\/sf_bk\//))throw new Error("cant't match PATH: Missed keyword(/^/sf_bk//) in this URL("+e.url+")");if(r=e.url.replace(/^.*\/sf_bk/,n),r.match(/\?/)){var o=r.split("#")[0],a=r.indexOf("#")&gt;0?r.substr(r.indexOf("#")):"";r=o+"&amp;mod=1"+a}else r+="?mod=1";return i.createReadStream(r,{xhrFields:{withCredentials:!0}})},n.regist(/^\/sf_bk\//,a)}),define("sf25/service/commonService",["require","sfr","sf25/view/commonView","sf25/resource/template","sf25/lib/monitor","sf25/lib/webbDisp","sf25/lib/boxLog"],function(e){var t=e("sfr"),n=e("sf25/view/commonView"),r=e("sf25/resource/template"),i=e("sf25/lib/monitor"),o=e("sf25/lib/webbDisp"),a=t.service,s=t.cache,c=s.create("commonViews"),u=e("sf25/lib/boxLog"),l=new a;l.createTemplateStream=function(e){return r.createReadStream(e.url)},l.createView=function(){return new n},l.create=function(e,t,n){i.start(e),u.start(e);var r=c.get(e.url);r||(r=this.createView(e,t,n),c.set(e.url,r));var o=$.extend({},this.commonViewOptions,e.options&amp;&amp;e.options.view);r.renderFrame(o),r.vw.performance.requestStart=Date.now(),r.setTemplateStream(this.createTemplateStream(e,n)),r.enterAnimate=!1;var a=e&amp;&amp;e.options&amp;&amp;e.options.skipAllAnimation,s=e&amp;&amp;e.options&amp;&amp;e.options.src;return a||"history"===s||"back"===s||"sync"===s?e||t||(r.enterAnimate=!0):r.enterAnimate=!0,n&amp;&amp;("function"==typeof n.enterAnimation&amp;&amp;(r.startEnterAnimate=n.enterAnimation),"function"==typeof n.exitAnimation&amp;&amp;(r.startExitAnimate=n.exitAnimation)),r.startEnterAnimate(e,t,n)},l.attach=function(e,t,n){o.start(e,n);var r=c.get(e.url);scrollTo(0,0),r.render().then(function(){return o.domready(r,e,n),r.attach()}).catch(function(t){var n=t.status;if("number"!=typeof n&amp;&amp;(n=t.code||901),console.error("RenderError, redirecting...",t),"sync"!==e.options.src){var r=location.search+(location.search?"&amp;":"?");r+="sfr_fb="+n;var i=location.protocol+"//"+location.host+location.pathname+r+location.hash;location.replace(i)}})},l.update=function(e,t){var n=c.get(e.url);return n.update(e,t)},l.detach=function(e,t,n){i.stop(t),o.stop(t,n),u.stop(t);var r=c.get(t.url);return r.detach()},l.destroy=function(e,t,n){var r=c.get(t.url),i=t&amp;&amp;t.options&amp;&amp;t.options.useDOMCache;r.exitAnimate=!1;var o=e&amp;&amp;e.options&amp;&amp;e.options.skipAllAnimation,a=e&amp;&amp;e.options&amp;&amp;e.options.src;return o||"back"!==a?e||t||(r.exitAnimate=!0):r.exitAnimate=!0,r.startExitAnimate(e,t,n).then(function(){i?r.hideView():(r.removeDom(),c.remove(t.url))})},l.getContainer=function(e){var t=c.get(e.url);return t.$container};var d=function(){};return d.prototype=l,d.prototype.constructor=d,d}),define("sf25/service/ecomService",["require","sf25/service/commonService","sf25/resource/template","sf25/config","sfr","sf25/view/ecomView"],function(e){var t=e("sf25/service/commonService"),n=e("sf25/resource/template"),r=e("sf25/config").ecom,i=e("sfr").action,o=r.baseUrl,a=new t,s=e("sf25/view/ecomView");a.createTemplateStream=function(e){var t=o+e.url+"&amp;mod=1";return n.createReadStream(t)},a.createView=function(){return new s},i.regist("/ecom",a)}),define("sf25/service/graphService",["require","sf25/config","sfr","sf25/service/commonService","sf25/resource/template"],function(e){var t=e("sf25/config").graph,n=e("sfr").action,r=e("sf25/service/commonService"),i=e("sf25/resource/template"),o=new r,a=t.baseUrl;o.commonViewOptions={headBackground:"#efefef",headColor:"#333",headHeight:"0px",backHtml:"",customClassName:"graph-sfa-view"},o.createTemplateStream=function(e){var t=/^\/sf_graph\/sf\/sync\?(.*)$/.exec(e.url),n=a+"/sf/async?"+t[1]+"&amp;mod=1";return i.createReadStream(n,{xhrFields:{withCredentials:!0}})},n.regist(/^\/sf_graph\//,o)}),define("sf25/service/headlineService",["require","sfr","sf25/config","sf25/service/commonService","sf25/view/domRenderView"],function(e){function t(e){var t=i.baseUrl,n=e.replace(/^\/sf\/headline/,"");return t+"/doc/news"+n}function n(e){return e.replace(new RegExp("&amp;","g"),"&amp;amp;").replace(new RegExp('"',"g"),"&amp;quot;").replace(new RegExp("'","g"),"&amp;#39;").replace(new RegExp("&lt;","g"),"&amp;lt;").replace(new RegExp("&gt;","g"),"&amp;gt;")}var r=e("sfr"),i=e("sf25/config").headline,o=r.action,a=e("sf25/service/commonService"),s=e("sf25/view/domRenderView"),c=r.http,u=new a;u.name="headline",u.createTemplateStream=function(e){return c.ajax(t(e.url),{xhrFields:{withCredentials:!1}})},u.create=r._.wrap(u.create,function(e,t,r,i){t.options.view=t.options.view||{};var o=n(t.options.headTitle||t.query.title);return t.options.view.headTitle=o,e.call(this,t,r,i)}),u.createView=function(){return new s},o.regist(/^\/sf\/headline\//,u)}),define("sf25/service/imageService",["require","sf25/config","sfr","sf25/service/commonService","sf25/resource/template","sf25/view/imageView"],function(e){var t=e("sf25/config").image,n=e("sfr").action,r=e("sf25/service/commonService"),i=e("sf25/resource/template"),o=e("sf25/view/imageView"),a=new r;a.name=t.name,a.commonViewOptions={headTitle:"百度图片"},a.createView=function(e){var t=/type=([^&amp;]+)/.exec(e.url),n="detail";return t&amp;&amp;"result"===t[1]&amp;&amp;(n="result"),new o(n)},a.createTemplateStream=function(e){var n=t.baseUrl,r=/type=([^&amp;]+)/.exec(e.url),o=/^\/sf_image\/search.*\?(.*)$/.exec(e.url);return n+=r&amp;&amp;"result"===r[1]?"/search/wiseala?"+o[1]+"&amp;sfmod=1":"/search/wiseala?"+o[1]+"&amp;sfmod=1",i.createReadStream(n,{xhrFields:{withCredentials:!0}})},n.regist(/^\/sf_image\//,a)}),define("sf25/service/indexService",["sfr"],function(e){function t(e,t){return"/.*\\/s$/"===e.pathPattern.toString()&amp;&amp;("/.*\\/s$/"===t.pathPattern.toString()||"/searchframe"===t.path)}function n(e){if("undefined"!=typeof Box&amp;&amp;Box.os&amp;&amp;Box.os.name&amp;&amp;Box[Box.os.name])if("ios"===Box.os.name){var t={type:"text",query:encodeURIComponent(e)};Box.ios.invokeApp("setquery",{params:JSON.stringify(t),minver:"5.5.0.0"},"")}else if("android"===Box.os.name)return}function r(e){return e&amp;&amp;"/"===e.pathPattern?!0:void 0}function i(e){return e&amp;&amp;e.path&amp;&amp;("/s"===e.path||"/searchframe"===e.path||e.path.match(/\/s$/))?!0:void 0}var o,a,s="",c=e.service,u=e.action,l=window.page&amp;&amp;page.comm&amp;&amp;page.comm.useNewIs,d=$(['&lt;style id="activitystyle"&gt;',".search-page,body .se-page-hd{width:100%;position:absolute;top:-99999px;opacity:0;z-index:-1;}","&lt;/style&gt;"].join("")),f=$(['&lt;style id="activitystyle"&gt;',".search-page{width:100%;position:absolute;top:-99999px;opacity:0;z-index:-1;}","&lt;/style&gt;"].join("")),p=new c;p.create=function(e,n){return r(e)&amp;&amp;i(n)?void 0:window.view?(require(["uiamd/bdbox/util"],function(e){e.fullScreen(!1)}),void location.replace(e.url)):void require(["search/search"],function(r){s?(t(e,n)||require(["uiamd/bdbox/util"],function(e){e.fullScreen(!1)}),l||(a&amp;&amp;a.remove(),a=!1),s===e.url?(r.dispatch("resume",{current:e,prev:n}),r.dispatch("attach",{current:e,prev:n}),setTimeout(function(){scrollTo(0,o)})):("/"===n.path?r.indexSearch(e.options.param||e.url):r.search(e.options.param||e.url),s=e.url)):(s=e.url,"/"===n.path&amp;&amp;r.indexSearch(e.options.param||e.url))})},p.attach=function(e){l||(a&amp;&amp;a.remove(),a=!1),e&amp;&amp;e.options&amp;&amp;"sync"!==e.options.src&amp;&amp;n(decodeURIComponent(page.comm.query))},p.detach=function(e,r){t(e,r)===!1&amp;&amp;(require(["search/search"],function(t){t.dispatch("detach",{current:e,prev:r})}),n("")),o=window.scrollY},p.destroy=function(e,n){if(!t(e,n))if(l);else{if(r(e))return void require(["search/search"],function(e){e.recoverIndex()});a="/sf/vsearch"===e.pathPattern?f:d,a.appendTo("head")}};var h=function(){};h.prototype=p,h.prototype.constructor=h;var m=new h,g=new h;g.searchFrame=!0,u.regist(/.*\/s$/,m),u.regist(/.*\/searchframe$/,g),u.exist("/")||(u.regist("/",g),"/"===location.pathname&amp;&amp;u.start({root:location.pathname}))}),define("sf25/service/kuaiService",["require","sf25/config","sfr","sf25/service/commonService","sf25/resource/template"],function(e){var t=e("sf25/config").kuai,n=e("sfr").action,r=e("sf25/service/commonService"),i=e("sf25/resource/template"),o=new r,a=t.baseUrl;o.commonViewOptions={headBackground:"#fff",headColor:"#333",headTitle:"火车票"},o.createTemplateStream=function(e){var t="",n=/^\/sf_kuai\/webapp\/train\/(.*)\.html(.*)$/.exec(e.url);if(n&amp;&amp;n[1]){var r="";n[2]&amp;&amp;(r=n[2].replace(/\?/gi,"&amp;")),t=a+"/cserver/sf/async?pagename="+n[1]+r+"&amp;mod=1"}return i.createReadStream(t,{xhrFields:{withCredentials:!1}})},n.regist(/^\/sf_kuai\//,o)}),define("sf25/service/marry/marryService",["require","sfr","sf25/service/commonService","sf25/view/domRenderView","sf25/utils/require","sf25/config"],function(e){function t(e){return e.replace(new RegExp("&amp;","g"),"&amp;amp;").replace(new RegExp('"',"g"),"&amp;quot;").replace(new RegExp("'","g"),"&amp;#39;").replace(new RegExp("&lt;","g"),"&amp;lt;").replace(new RegExp("&gt;","g"),"&amp;gt;")}var n=e("sfr"),r=n.cache,i=n.action,o=e("sf25/service/commonService"),a=e("sf25/view/domRenderView"),s=(e("sf25/utils/require"),n.http),c=new o,u=e("sf25/config"),l=r.using("commonViews");c.createTemplateStream=function(){return s.ajax(u.marry.baseUrl,{})},c.createView=function(){return new a},c.commonViewOptions={headBackground:"#eb3e3f",headColor:"#fff",headTitle:"婚纱摄影",headHeight:"44px",customClassName:"wa-marry-polysemy-sf"},c.create=n._.wrap(c.create,function(e,n,r,i){n.options.view=n.options.view||{},1===n.options.headStyle&amp;&amp;(n.options.view.customClassName="sfa-view-no-head",n.options.skipAllAnimation=!0);var o=t(n.options.headTitle||n.query.title||"婚纱摄影");return n.options.view.headTitle=o,e.call(this,n,r,i)}),c.attach=n._.wrap(c.attach,function(e,t,n,r){var i=(l.get(t.url),e.call(this,t,n,r));return i}),c.detach=n._.wrap(c.detach,function(e,t,n,r){var i=l.get(n.url);return i.$sfHead.find(".sfa-tool").off("click"),e.call(this,t,n,r)}),c.name=u.marry.name,i.regist(/^\/sf\/marry$/,c)}),define("sf25/service/marry/meituService",["require","sfr","sf25/service/commonService","sf25/view/domRenderView","sf25/utils/require","sf25/config"],function(e){function t(e){return e.replace(new RegExp("&amp;","g"),"&amp;amp;").replace(new RegExp('"',"g"),"&amp;quot;").replace(new RegExp("'","g"),"&amp;#39;").replace(new RegExp("&lt;","g"),"&amp;lt;").replace(new RegExp("&gt;","g"),"&amp;gt;")}var n=e("sfr"),r=n.cache,i=n.action,o=e("sf25/service/commonService"),a=e("sf25/view/domRenderView"),s=(e("sf25/utils/require"),n.http),c=new o,u=r.using("commonViews"),l=e("sf25/config");c.createTemplateStream=function(){return s.ajax(l.marryMeitu.baseUrl,{})},c.createView=function(){return new a},c.commonViewOptions={headBackground:"#eb3e3f",headColor:"#fff",headTitle:"商家相册",headHeight:"44px",customClassName:"wa-meitu-polysemy-sf"},c.create=n._.wrap(c.create,function(e,n,r,i){n.options.view=n.options.view||{},1===n.options.headStyle&amp;&amp;(n.options.view.customClassName="sfa-view-no-head",n.options.skipAllAnimation=!0);var o=t(n.options.headTitle||n.query.title||"商家相册");return n.options.view.headTitle=o,e.call(this,n,r,i)}),c.attach=n._.wrap(c.attach,function(e,t,n,r){var i=(u.get(t.url),e.call(this,t,n,r));return i}),c.detach=n._.wrap(c.detach,function(e,t,n,r){var i=u.get(n.url);return i.$sfHead.find(".sfa-tool").off("click"),e.call(this,t,n,r)}),c.name=l.marryMeitu.name,i.regist("/sf/marry/meitu/:poiId",c)}),define("sf25/service/mipService",["require","sf25/utils/require","sf25/view/ifsView","iframe-shell/loader","sfr","../../pmd/deps/detect","../../pmd/share/share","sf25/lib/mipperflog","sf25/lib/webbDisp","sf25/lib/cambrianBar","sf25/utils/viewLoading","sf25/lib/boxLog"],function(e,t){function n(e,n){t(["uiamd/bdbox/base","uiamd/bdbox/util"],function(t,r){function i(){return t.isIOS&amp;&amp;1===t.version_compare(t.getVersion(),"8.5.0")?!0:t.isAndroid&amp;&amp;t.version_compare(t.getVersion(),"8.6")&gt;=0?!0:!1}t.isBox&amp;&amp;(i()&amp;&amp;e===!0&amp;&amp;(e=!1,n=!0),r.fullScreen(e,n))})}function r(e){t(["uiamd/bdbox/base"],function(t){t.isIOS&amp;&amp;1===t.version_compare(t.getVersion(),"8.5.0")&amp;&amp;t.ios.invokeApp("v5/browser/setfullscreen",{upgrade:0,fullscreen:e?1:0})})}function i(e){if(e&amp;&amp;e.length&lt;8||0!==e.indexOf("http")&amp;&amp;0!==e.indexOf("//"))return e;if(e.match(/^(https?\:)?\/\/mipcache.bdstatic.com/))return e.replace(/^https?\:/,"");var t="//mipcache.bdstatic.com/c/";(0===e.indexOf("//")||0===e.indexOf("https"))&amp;&amp;(t+="s/");var n=e.split("//");return n.shift(),e=n.join("//"),t+e}function o(e){return N[e]=N[e]||{url:e}}function a(e){delete N[e]}function s(){j||(history.state?n(!0):n(!1,!0))}function c(){j||n(!1),r(!1)}function u(e){return e.replace(new RegExp("&amp;","g"),"&amp;amp;").replace(new RegExp('"',"g"),"&amp;quot;").replace(new RegExp("'","g"),"&amp;#39;").replace(new RegExp("&lt;","g"),"&amp;lt;").replace(new RegExp("&gt;","g"),"&amp;gt;")}function l(e,t,n,r){e.logger=new C({userClickTime:n,sfMipStartTime:n},r),e.logger.params.src=w(t.url),e.logger.params.qid=t.lid,e.logger.setSendTimeout(5e3),e.loader.on("mip-performance_update",function(t,n){I.close(e.view.$SceneView),e.mipCanPerf=!0,e.logger.updateTiming(n.data)}),e.loader.on("mip-mippageload",function(){I.close(e.view.$SceneView),e.logger.duration.ltm=Date.now()-n}),setTimeout(function(){I.close(e.view.$SceneView)},5e3)}function d(e){e.loader.on("mip-urljump",function(e,t){location.href=t.data.url}),e.loader.on("mip-mibm-jumplink",function(e,t){g(t)}),e.loader.on("mip-mip_video_jump",v),e.loader.on("mip-loadiframe",m.bind(this,e))}function f(e){e.loader.on("mip-mipscroll",function(t,n){var i=n.data.direct;r(1===i?!0:!1),setTimeout(function(){e.afterResize()})})}function p(e,t,n){e.view=new _,e.view.enterAnimate=!1,t&amp;&amp;t.options&amp;&amp;"history"!==t.options.src&amp;&amp;"back"!==t.options.src&amp;&amp;"sync"!==t.options.src?e.view.enterAnimate=!0:t||n||(e.view.enterAnimate=!0),e.view.viewer=e.loader.viewer,O&amp;&amp;O.os&amp;&amp;"ios"===O.os.n&amp;&amp;e.view.viewer.iframe.setAttribute("scrolling","no")}function h(e){e.view.render(),e.view.renderBody(),$(e.loader.viewer.iframe).css({opacity:0}),e.loader.attach()}function m(e,t,n){var r=n.data,i=4;(r.sfhs||0===r.sfhs)&amp;&amp;(i=parseInt(r.sfhs,10));var o=r.click||{};if("object"!=typeof o)try{o=JSON.parse(o)}catch(a){o={}}var s={view:{_hold:2}},c="redirect";o&amp;&amp;(0===o.anim&amp;&amp;(s.view.useAnimate=!1),1===o.replace&amp;&amp;(c="reset"));var u=B[r.enc];"function"!=typeof u&amp;&amp;(u=B.mip);var l=u(r),d=b(l);if(e.restful&amp;&amp;d)s.lid=e.ext.lid,r.title&amp;&amp;(s.title=r.title),T[c]("/mip"+d,null,s);else{var f={word:e.uri.query.word,mod:0,tn:"normal",pd:"mms_mip",actname:"act_sf_mip",title:r.title,top:JSON.stringify({sfhs:i}),ext:JSON.stringify({url:l,lid:e.ext.lid,hSt:e.ext.hSt}),ms:1};T[c]("/mip",f,s)}}function g(e){n(!1);var t=e.data&amp;&amp;e.data.url;if(t){if(1===e.data.isMipNotFind)return void location.replace(decodeURIComponent(t));if(e.data.custom){var r=e.data.custom;r.sfname="activity/iframe/mip_iframe",r.srcid=e.data.srcid,t+="&amp;clk_info="+encodeURIComponent(JSON.stringify(r))}location.href=t}}function v(e,t){var n={poster:t.data.poster,src:t.data.src},r={pd:"mms_mipvideo",title:"%E8%A7%86%E9%A2%91",actname:"act_mip_video2",ext:encodeURIComponent(JSON.stringify(n))};t.data.url=function(e){var t="http://transcoder.baidu.com/sf?";for(var n in e)e.hasOwnProperty(n)&amp;&amp;(t+=n+"="+e[n]+"&amp;");return t}(r),g(t)}function w(e){return e?e.replace("//mipcache.bdstatic.com/c/s/","https://").replace("//mipcache.bdstatic.com/c/","http://"):""}function b(e){var t="//mipcache.bdstatic.com/";if(0!==e.indexOf(t))return!1;var n=e.slice(t.length),r=encodeURIComponent(n);r=r.replace(/%2F/g,"/");for(var i=0;i&lt;r.length;i++){var o=r.charAt(i),a=r.charAt(i+1);if("/"!==o||"/"===a)for(;"/"===r.charAt(i)&amp;&amp;i&lt;r.length;)r=r.slice(0,i)+"%2F"+r.slice(i+1),i+=3}return"/"+r}function y(e){var t=e.replace(new RegExp("/","g"),"%2F");return decodeURIComponent(t)}function x(e,t){var n=new RegExp("\\?.*"+t+"=([^&amp;]*)(&amp;|$)"),r=n.exec(e);return r?decodeURIComponent(r[1]):""}var _=e("sf25/view/ifsView"),k=e("iframe-shell/loader"),S=e("sfr"),T=S.action,A=S.service,O=e("../../pmd/deps/detect"),E=e("../../pmd/share/share"),C=e("sf25/lib/mipperflog"),q=e("sf25/lib/webbDisp"),R=e("sf25/lib/cambrianBar"),I=e("sf25/utils/viewLoading"),U=e("sf25/lib/boxLog"),j=window.page&amp;&amp;page.comm&amp;&amp;page.comm.actname&amp;&amp;"act_sf_mip"===page.comm.actname,M=!0,D="";try{D=S._.get(page,"comm.sampleval.WISE_TPL_COMMON_SAMPLE_FLAG")}catch(L){}var P=new A;P.name="sf-mip";var N={};P.create=function(e,t,n){U.start(e);var r=Date.now(),i=o(e.url),a={};try{a=JSON.parse(e.query.ext)}catch(c){a.lid=e.options.lid;var h=e.path.replace(/^\/mip/,"").replace(/\?.*$/,"");h=y(h),a.url="//mipcache.bdstatic.com"+h;var m=h.match(/^\/c(?:\/s)?\/([^\/]*)\//);window.page&amp;&amp;page.title?i.title=page.title:e.options.title?i.title=e.options.title:m&amp;&amp;m[1]&amp;&amp;(i.title=m[1]),i.restful=!0}i.ext=a,i.uri=e;var g=e.options.tcUrl||decodeURIComponent(a.url)||"",v="";if(e.options.mipCustomHash)try{v=decodeURIComponent(e.options.mipCustomHash)}catch(c){v=unescape(e.options.mipCustomHash)}if(page&amp;&amp;page.comm){var b=page.comm.eqid||x(document.referrer,"eqid"),_=page.comm.query||x(document.referrer,"word");if(b||_){var S="";b&amp;&amp;(S+="&amp;eqid="+encodeURIComponent(b)),_&amp;&amp;-1===v.indexOf("word=")&amp;&amp;(S+="&amp;word="+encodeURIComponent(_)),v?v+=S:v="#"+S.slice(1)}v&amp;&amp;(g+=v)}M&amp;&amp;((new Image).src=g),i.loader=new k({url:g,useMipCache:!1,viewer:{target:document.createElement("div")}}),i.title=e.query.title||i.title||"";try{i.titleExtra=JSON.parse(i.title),i.title=i.titleExtra.title}catch(c){}i.title=u(i.title),i.afterResize=function(){setTimeout(function(){i.view.resize()},50)},l(i,a,r,n),d(i),f(i),i.loader.create(),p(i,e,t),s();var T=i.view.create($.extend({headTitle:i.title,headStyle:4},e.options));i.originUrl=w(i.ext.url);try{R.setup(i)}catch(c){console.error(c)}return T},P.attach=function(e,t,n){q.start(e,n);var r=o(e.url);h(r),$(window).on("pageshow",s),$(window).on("beforeunload",c),$(window).on("resize",r.afterResize),setTimeout(function(){$(r.loader.viewer.iframe).animate({opacity:1},300,function(){q.domready({vw:{container:r.loader.viewer.iframe}},e,n),r.afterResize()})},50),r.view.attach(e,t),r.view.setHeadActionIcons([{icon:"&amp;#xe642;",click:function(){var e={url:location.href.toString().replace("tn=normal","tn=nohead"),title:r.title||"",content:"",loginfo:{clk_from:"mms_mip"}},t=new E(e);t.popup()}}])},P.detach=function(e,t,n){q.stop(t,n),U.stop(t);var r=o(t.url);return $(window).off("pageshow",s),$(window).off("beforeunload",c),$(window).off("resize",r.afterResize),""+e.pathPattern!="/^\\/mip/"&amp;&amp;c(),r.view.detach(e,t)},P.destroy=function(e,t){var n=o(t.url);return n.view.exitAnimate=!1,e&amp;&amp;e.options&amp;&amp;"back"===e.options.src?n.view.exitAnimate=!0:e||t||(n.view.exitAnimate=!0),n.view.destroy(e,t).then(function(){n.loader.detach(),n.loader.destroy(),a(t.url)})};var B={mip:function(e){var t=e.url||"",n=0===t.indexOf("//")||0===t.indexOf("https");return t&amp;&amp;2!==e.pageType||!n?i(e.url):e.url||""}},F=e("sfr").action;F.regist(/^\/mip/,P)}),define("sf25/service/novelService",["require","sfr","sf25/config","sf25/service/commonService","sf25/view/novelView"],function(e){var t=e("sfr"),n=e("sf25/config").novel,r=t.action,i=e("sf25/service/commonService"),o=e("sf25/view/novelView"),a=t.http,s=new i;s.createTemplateStream=function(e){var t=e.url,n=t.indexOf("#");return n&gt;-1&amp;&amp;(t=t.substr(0,n)),t+=/\?/.test(t)?"&amp;":"?",t+="sfr=true",a.ajax(t)},s.createView=function(){var e=new o,t=e.prepareRender;return e.prepareRender=function(){t.call(this),this.renderer.clientFunction=function(e){return["function (vw, page) {","    var Bdbox = page.Bdbox;","    var require = page.require;","    var define = page.define;",e,"}"].join("\n")}},e},s.create=t._.wrap(s.create,function(e,t,n,r){return t.options.view=t.options.view||{},t.options.view.customClassName="sfa-view-no-head",e.call(this,t,n,r)}),s.name=n.name,r.regist("/tcx",s)}),define("sf25/service/paiService",["require","sf25/config","sfr","sf25/service/commonService","sf25/resource/template"],function(e){var t=e("sf25/config").pai,n=e("sfr").action,r=e("sf25/service/commonService"),i=e("sf25/resource/template"),o=t.baseUrl,a=new r;a.commonViewOptions={customClassName:"zd-sf-p",headTitle:'&lt;p class="&amp;quot;header-title&amp;quot;"&gt;&lt;span class="&amp;quot;logo&amp;quot;"&gt;&lt;/span&gt;&lt;/p&gt;&lt;div class="&amp;quot;share-wrap&amp;quot;"&gt;&lt;/div&gt;',_hold:2,headBackground:"#fff",headColor:"#333"},a.createTemplateStream=function(e){var t=o+"/question/"+e.params.qid+"?mod=1";return i.createReadStream(t,{xhrFields:{withCredentials:!0}})},n.regist("/sf_p/question/:qid",a)}),define("sf25/service/sceneService",["require","sfr","sf25/view/viewFactory","sf25/resource/sceneResource","sf25/lib/monitor","uiamd/bdbox/util","sf25/utils/viewLoading","sf25/lib/boxLog"],function(e){function t(e){return e.event&amp;&amp;"object"==typeof page&amp;&amp;page.utils&amp;&amp;page.utils.getEventSignature?page.utils.getEventSignature(e.event):void 0}var n=e("sfr"),r=n.cache,i=e("sf25/view/viewFactory"),o=e("sf25/resource/sceneResource"),a=e("sf25/lib/monitor"),s=e("uiamd/bdbox/util"),c=e("sf25/utils/viewLoading"),u=e("sf25/lib/boxLog"),l=n.service,d=new l,f=r.create("sceneState",{limit:20});d.name="scene";var p=function(e){var t=f.get(e);return t&amp;&amp;t.scrollY||0},h=function(e,t){var n=f.get(e)||{};n.scrollY=t,f.set(e,n)};d.getResource=function(e,n,r){var i=e.url,a=t(r);return a&amp;&amp;(i+="&amp;sig="+a),o.getInstance(i,"&amp;mod=1")},d.getUpdateResource=function(e,t){return o.getInstance(t.to.url,"&amp;mod=5&amp;p_type=1")},d.create=function(e,t,n){if(a.start(e),u.start(e),e.options&amp;&amp;"sync"===e.options.src)return this.lastSyncPage=e.url,void window.view.trigger("start");if(this.lastSyncPage===e.url)return void window.view.trigger("start");var r=i.create(e.url),o=$.extend({headTitle:e.query.title||e.query.word||"",headStyle:e.query.top?$.parseJSON(e.query.top).sfhs:0},e.options&amp;&amp;e.options.view);r.enterAnimate=!1;var c=e&amp;&amp;e.options&amp;&amp;e.options.src;return o.useAnimate!==!1&amp;&amp;("history"!==c&amp;&amp;"back"!==c&amp;&amp;"sync"!==c?r.enterAnimate=!0:e||t||(r.enterAnimate=!0)),e&amp;&amp;e.query&amp;&amp;e.query.actname&amp;&amp;"act_sf_mip"===e.query.actname&amp;&amp;s.fullScreen(!0),this.getResource(e,t,n).getPage(!0),r.create(o,e,t)},d.attach=function(e,t,n){if((!e.options||"sync"!==e.options.src)&amp;&amp;this.lastSyncPage!==e.url){var r;return this.getResource(e,t,n).getPage().catch(function(t){var n=t.status;if("number"!=typeof n&amp;&amp;(n=t.code||901),console.error("RenderError, redirecting...",t),"sync"!==e.options.src){var r=location.search+(location.search?"&amp;":"?");r+="sfr_fb="+n;var i=location.protocol+"//"+location.host+location.pathname+r+location.hash;location.replace(i)}}).then(function(n){return r=i.get(e.url),r.attach(e,t),r.rendered?!1:(r.rendered=!0,r.renderBody(n,e),!0)}).then(function(t){c.close(r.$SceneView),r.$SceneView.css({position:"static",height:"auto","-webkit-transform":"none",transform:"none"});var n=p(e.url),i=e&amp;&amp;e.options&amp;&amp;e.options.src;"back"!==i&amp;&amp;"history"!==i||!n?scrollTo(0,0):scrollTo(0,n),setTimeout(function(){r.$sfHead.css({"-webkit-transform":"none",transform:"none"})},0);var o=r.globals.view;o&amp;&amp;(t?o.one("domready",function(){o.trigger("start")}):o.trigger("start"))}).catch(function(e){throw console.error(e,e.stack),e})}},d.update=function(e,t){var n=i.get(e.url);return n?(n.renderBody(null,t.extra),c.show(n.$SceneView)):($(t.extra.container).html(""),c.show($("#sfa-page"))),t.extra.view.trigger("destroy"),this.getUpdateResource(e,t).getPage().then(function(e){n?(c.close(n.$SceneView),n.renderBody(e,t.extra)):(c.close($("#sfa-page")),i.proto.renderBody.call({globals:{}},e,t.extra))})},d.detach=function(e,t){h(t.url,window.scrollY),a.stop(t),u.stop(t);var n=i.get(t.url);return n?n.detach(e,t):void 0},d.destroy=function(e,t){var n=i.get(t.url);return n?(n.globals.view&amp;&amp;n.globals.view.trigger("stop"),n.exitAnimate=!1,e&amp;&amp;e.options&amp;&amp;"back"===e.options.src?n.exitAnimate=!0:e||t||(n.exitAnimate=!0),n.exitAnimate&amp;&amp;scrollTo(0,p(e.url)),i.destroy({from:t,to:e})):void(window.view&amp;&amp;window.view.trigger("stop"))};var m=function(){};return m.prototype=d,m.prototype.constructor=m,n.action.regist("/sf",new m),m}),define("sf25/service/tabService",["require","sfr","sf25/view/tabView","sf25/utils/viewManager","sf25/lib/monitor","sf25/utils/tabViewLoading"],function(e){function t(e){return e.event&amp;&amp;"object"==typeof page&amp;&amp;page.utils&amp;&amp;page.utils.getEventSignature?page.utils.getEventSignature(e.event):void 0}var n=e("sfr"),r=n.promise,i=n.cache,o=e("sf25/view/tabView"),a=e("sf25/utils/viewManager"),s=e("sf25/lib/monitor"),c=e("sf25/utils/tabViewLoading"),u=n.service,l=new u,d=i.create("tabState",{limit:20});l.name="tab";var f=new a(o),p=function(e){var t=d.get(e);return t&amp;&amp;t.scrollY||0},h=function(e,t){var n=d.get(e)||{};n.scrollY=t,d.set(e,n)};l.getResourceURL=function(e,n,r){var i=e.url,o=t(r);return o&amp;&amp;(i+="&amp;sig="+o),i+"&amp;mod=1"},l.getUpdateResourceURL=function(e,t){return t.to.url+"&amp;mod=5&amp;p_type=1"},l.create=function(e,t,n){if(e.url!==t.url){s.start(e);var r=f.getOrCreate(e.url),i=$.extend({headTitle:e.query.title||e.query.word||"",headStyle:e.query.top?$.parseJSON(e.query.top).sfhs:0},e.options&amp;&amp;e.options.view);return r.enterAnimate=!1,i.url=this.getResourceURL(e,t,n),$(window).trigger("tabSwitch",e),"/sf"===t.pathPattern&amp;&amp;$("#page-hd").show(),r.create(i,e,t).then(function(){r.$mainView.css({minHeight:$(window).height()-$("#page-hd").height()})})}},l.attach=function(e,t){if(e.url!==t.url){var n;return r.resolve({}).then(function(){n=f.get(e.url),n.attach(e,t)}).then(function(){var t=p(e.url),r=e&amp;&amp;e.options&amp;&amp;e.options.src;"back"!==r&amp;&amp;"history"!==r||!t?scrollTo(0,0):scrollTo(0,t),setTimeout(function(){try{n.$sfHead.css({"-webkit-transform":"none",transform:"none"})}catch(e){}},0)}).catch(function(e){throw console.error(e,e.stack),e})}},l.update=function(e,t){var i,o=e.url,a=f.get(e.url);i=a?a.$mainView:$("#sfa-page"),c.show(i);var s=new r(function(e){a.$sfBody.one("partial-updated",function(){e()})});return t.extra.options={disableFadein:!0},a.$sfBody[0].fusion.partialUpdate(this.getUpdateResourceURL(e,t),t.extra),s.then(function(){c.close(i),n.action.reset(o,null,{slient:!0})})},l.detach=function(e,t){if(e.url!==t.url){h(t.url,window.scrollY),s.stop(t);var n=f.get(t.url);return n.detach(e,t)}},l.destroy=function(e,t){if(e.url!==t.url){var n=f.get(t.url);n.exitAnimate=!1,n.exitAnimate&amp;&amp;scrollTo(0,p(e.url));var r={from:t,to:e},i=t.url;return r.from.options&amp;&amp;(r.from.options.view=r.from.options.view?r.from.options.view:{},r.from.options.view._hold=r.from.query.top&amp;&amp;$.parseJSON(r.from.query.top)._hold?$.parseJSON(r.from.query.top)._hold:r.from.options.view._hold&gt;1?r.from.options.view._hold:1,r.from.options.view._hold=2),r.from.options&amp;&amp;r.from.options.view&amp;&amp;1!==r.from.options.view._hold&amp;&amp;f.remove(i),"/sf"===e.pathPattern&amp;&amp;$("#page-hd").hide(),n&amp;&amp;n.destroy(r.to,r.from)}},l.getContainer=function(e){var t=f.get(e.url);return t.$mainView};var m=function(){};return m.prototype=l,m.prototype.constructor=m,n.action.regist("/sf/vsearch",new m),m}),define("sf25/service/tcdom",["require","sfr","sf25/config","sf25/service/commonService","sf25/view/domRenderView","sf25/utils/require"],function(e){function t(e){return e.replace(new RegExp("&amp;","g"),"&amp;amp;").replace(new RegExp('"',"g"),"&amp;quot;").replace(new RegExp("'","g"),"&amp;#39;").replace(new RegExp("&lt;","g"),"&amp;lt;").replace(new RegExp("&gt;","g"),"&amp;gt;")}var n=e("sfr"),r=e("sf25/config").tc,i=n.cache,o=n.action,a=e("sf25/service/commonService"),s=e("sf25/view/domRenderView"),c=e("sf25/utils/require"),u=n.http,l=new a;l.name="tc";var d=i.using("commonViews");l.createTemplateStream=function(e){return u.ajax(r.baseUrl+e.url,{xhrFields:{withCredentials:!0}})},l.createView=function(){return new s},l.create=n._.wrap(l.create,function(e,n,r,i){n.options.view=n.options.view||{},1===n.options.headStyle&amp;&amp;(n.options.view.customClassName="sfa-view-no-head",n.options.skipAllAnimation=!0);var o=t(n.options.headTitle||n.query.title||"百度转码");return n.options.view.headTitle=o,e.call(this,n,r,i)}),l.attach=n._.wrap(l.attach,function(e,t,n,i){var o=d.get(t.url),a=e.call(this,t,n,i);return o.$sfHead.find(".sfa-tool").html('&lt;i class="c-icon"&gt;&amp;#xe651&lt;/i&gt;'),c(["pmd/share/share"],function(e){o.$sfHead.find(".sfa-tool").click(function(){var n={url:page.utils.link.getShareTcUrl({url:r.baseUrl+t.url,loginfo:{clk_from:"transcoder_sf"}}),title:t.options.view.headTitle||"",content:"",loginfo:{clk_from:"transcoder_sf"}},i=new e(n);i.popup()})}),a}),l.detach=n._.wrap(l.detach,function(e,t,n,r){var i=d.get(n.url);return i.$sfHead.find(".sfa-tool").off("click"),e.call(this,t,n,r)}),o.regist(/.*\/tc$/,l)}),define("sf25/service/tcservice",["require","sf25/utils/require","../../pmd/deps/detect","sf25/config","sfr","sf25/view/ifsView","iframe-shell/loader"],function(e,t){function n(e,n){t(["uiamd/bdbox/util"],function(t){i&amp;&amp;i.os&amp;&amp;"android"===i.os.n&amp;&amp;t.fullScreen(e,n)})}function r(e){return e.replace(new RegExp("&amp;","g"),"&amp;amp;").replace(new RegExp('"',"g"),"&amp;quot;").replace(new RegExp("'","g"),"&amp;#39;").replace(new RegExp("&lt;","g"),"&amp;lt;").replace(new RegExp("&gt;","g"),"&amp;gt;")}var i=e("../../pmd/deps/detect"),o=e("sf25/config").tc,a=e("sfr").action,s=e("sf25/view/ifsView"),c=e("iframe-shell/loader"),u=e("sfr"),l=u.service,d=new l,f={},p=function(e){return f[e]=f[e]||{}},h=function(){n(!1,!0)},m=function(){n(!1)};d.create=function(e){var t=p(e.url);t.url=e.url,t.loader=new c({url:o.baseUrl+e.url,useMipCache:!1,viewer:{target:document.createElement("div")}}),t.title=r(e.options.headTitle||e.query.title||"百度转码"),t.afterResize=function(){setTimeout(function(){t.view.resize()},50)},t.loader.on("mip-mibm-jumplink",function(e,t){n(!1),location.href=t.url}),t.view=new s,t.view.enterAnimate=!1,t.loader.create(),t.view.viewer=t.loader.viewer,setTimeout(function(){t.view.render(),t.view.renderBody(),$(t.loader.viewer.iframe).css({opacity:0}),t.loader.attach(),t.afterResize()});var a={headTitle:t.title,customClassName:"sfc-act-sf-tc-view"};return i&amp;&amp;i.os&amp;&amp;"android"!==i.os.n&amp;&amp;(a.boxNoFullScreen=!0),t.view.create($.extend(a,e.options))},d.attach=function(e,n){var r=p(e.url);h(),window.$(window).on("pageshow",h),window.$(window).on("beforeunload",m),window.$(window).on("resize",r.afterResize),r.view.resize(),setTimeout(function(){$(r.loader.viewer.iframe).animate({opacity:1},300)},50),r.view.attach(e,n),t(["pmd/share/share"],function(e){r.view.$sfHead.find(".sfa-tool").html('&lt;i class="c-icon"&gt;&amp;#xe651&lt;/i&gt;').click(function(){var t={url:page.utils.link.getShareTcUrl({url:o.baseUrl+r.url,loginfo:{clk_from:"transcoder_sf"}}),title:r.title||"",content:"",loginfo:{clk_from:"transcoder_sf"}},n=new e(t);n.popup()})})},d.detach=function(e,t){window.$(window).off("pageshow",h),window.$(window).off("beforeunload",m);var n=p(t.url);return n.loader.detach(),window.$(window).off("resize",n.afterResize),n.view.detach(e,t)},d.destroy=function(e,t){var n=p(t.url);return n.view.exitAnimate=!1,n.loader.destroy(),n.view.destroy()},a.regist(/.*\/tc$/,d)}),define("sf25/service/wenku/gaokaoService",["require","sfr","sf25/service/commonService","sf25/resource/template","sf25/view/commonView","fusion/deps/spark","sf25/config"],function(e){function t(e,t){var n=e+t,r=n.indexOf("#");return r&gt;-1&amp;&amp;(n=n.substr(0,r)),n}function n(e,t){function n(){c.css({"-webkit-transform":"translate3d(100%, 0, 0)",transform:"translate3d(100%, 0, 0)"}).appendTo("body"),s.css3(c[0],{opacity:1,"-webkit-transform":"translate3d(0, 0, 0)",transform:"translate3d(0, 0, 0)"},300,"ease",0,r)}function r(){$.isFunction(t)&amp;&amp;t()}var i=$(window),o=i.width(),a=i.height(),c=$("&lt;div&gt;&lt;/div&gt;").css({display:"block",position:"fixed",left:0,top:0,width:o,height:a,overflow:"hidden",opacity:0,background:"#fff",zIndex:600}),u=$(e.container);u.css("visibility","hidden"),e.once("beforeRender",function(){u.css("visibility","visible"),c.hide()}),$(['&lt;div class="c-container"&gt;','&lt;div class="c-loading"&gt;','&lt;i class="c-icon"&gt;&amp;#xe780&lt;/i&gt;',"&lt;p&gt;加载中…&lt;/p&gt;","&lt;/div&gt;","&lt;/div&gt;"].join("")).css({position:"absolute",left:0,top:100,width:"100%",height:"100%",boxSizing:"border-box"}).appendTo(c),n()}var r=e("sfr"),i=e("sf25/service/commonService"),o=e("sf25/resource/template"),a=e("sf25/view/commonView"),s=e("fusion/deps/spark"),c=e("sf25/config"),u=new i;return u.commonViewOptions={customClassName:"sf-edu-gaokao",headBackground:"transparent",headColor:"transparent",headHeight:"0",headTitle:"",backHtml:""},u.createTemplateStream=function(e){var n=t(c.gaokao.baseUrl,e.url.split("sf_edu_gaokao")[1]);return n+=n.match(/\?/)?"&amp;sf_mod=1":"?sf_mod=1",o.createReadStream(n,{xhrFields:{withCredentials:!0}})},u.createView=function(){var e=new a,t=e.vw;return e.startEnterAnimate=function(){var e=new $.Deferred;return n(t,function(){e.resolve()}),e.promise()},e},u.name=c.gaokao.name,r.action.regist(/^\/sf_edu_gaokao\//,u),u}),define("sf25/service/wenku/gonglveService",["require","sfr","sf25/service/commonService","sf25/resource/template","sf25/view/commonView","fusion/deps/spark","sf25/config"],function(e){function t(e,t){var n=e+t,r=n.indexOf("#");return r&gt;-1&amp;&amp;(n=n.substr(0,r)),n}function n(e,t){function n(){s.css3(p[0],{opacity:1},250,"ease",0,r)}function r(){var e=c/f;p.css({"transform-origin":"50% 50% 0","-webkit-transform-origin":"50% 50% 0"}),s.css3(p[0],{transfrom:"scale(1,"+e+")","-webkit-transform":"scale(1,"+e+")"},250,"ease",0,i)}function i(){d.appendTo(u),$.isFunction(t)&amp;&amp;t()}var o=$(window),a=o.width(),c=o.height(),u=$("&lt;div&gt;&lt;/div&gt;").css({position:"fixed",left:0,top:0,width:a,height:c,zIndex:600}),l=$(e.container);l.css("visibility","hidden"),e.once("beforeRender",function(){l.css("visibility","visible"),u.hide()}),$("&lt;div&gt;&lt;/div&gt;").css({position:"absolute",left:0,top:0,width:"100%",height:"100%",background:"rgba(0,0,0,.2)"}).prependTo(u);var d=$(['&lt;div class="c-container"&gt;','&lt;div class="c-loading"&gt;','&lt;i class="c-icon"&gt;&amp;#xe780&lt;/i&gt;',"&lt;p&gt;加载中…&lt;/p&gt;","&lt;/div&gt;","&lt;/div&gt;"].join("")).css({position:"absolute",left:0,top:100,width:"100%",height:"100%",boxSizing:"border-box"}),f=30,p=$("&lt;div&gt;&lt;/div&gt;").css({position:"absolute",left:0,top:(c-f)/2,width:a,height:f,background:"#fff",opacity:0}).appendTo(u);u.appendTo("body"),n()}var r=e("sfr"),i=e("sf25/service/commonService"),o=e("sf25/resource/template"),a=e("sf25/view/commonView"),s=e("fusion/deps/spark"),c=e("sf25/config"),u=new i;return u.commonViewOptions={customClassName:"sf-edu-gonglve",headBackground:"transparent",headColor:"transparent",headHeight:"0",headTitle:"",backHtml:""},u.createTemplateStream=function(e){var n=t(c.gonglve.baseUrl,e.url.split("sf_edu_gonglve")[1]);return n+=n.match(/\?/)?"&amp;sf_mod=1":"?sf_mod=1",o.createReadStream(n,{xhrFields:{withCredentials:!0}})},u.createView=function(){var e=new a,t=e.vw;return e.startEnterAnimate=function(){var e=new $.Deferred;return n(t,function(){e.resolve()}),e.promise()},e},u.name=c.gonglve.name,r.action.regist(/^\/sf_edu_gonglve\//,u),u}),define("sf25/service/wenku/wenkuService",["require","sfr","sf25/service/commonService","sf25/resource/template","sf25/utils/log","sf25/view/commonView","sf25/config","sf25/utils/viewLoading"],function(e){function t(e,t){var n=e+t,r=n.indexOf("#");return r&gt;-1&amp;&amp;(n=n.substr(0,r)),n}var n=e("sfr"),r=e("sf25/service/commonService"),i=e("sf25/resource/template"),o=e("sf25/utils/log"),a=e("sf25/view/commonView"),s=e("sf25/config"),c=e("sf25/utils/viewLoading"),u=new r;return u.commonViewOptions={customClassName:"sf-edu-wenku",headBackground:"transparent",headColor:"transparent",headHeight:"0",headTitle:"",backHtml:""},u.createTemplateStream=function(e,n){var r=t(s.wenku.baseUrl,e.url.split("sf_edu_wenku")[1]),a="sf_mod=1&amp;sf_lid="+o.getLid()+"&amp;sf_sig="+o.getSig(n&amp;&amp;n.event);return r+=r.match(/\?/)?"&amp;":"?",r+=a,i.createReadStream(r,{xhrFields:{withCredentials:!0}})},u.createView=function(){function e(){c.show(n.$sfBody),n.$container.css("background-color","white"),n.$container.find(".sfa-loading-icon i.c-icon").css({"margin-left":"auto","margin-right":"auto"})}function t(){c.close(n.$sfBody)}var n=new a,r=n.vw,i=n.startEnterAnimate;return n.startEnterAnimate=function(){return e(),r.once("endRender",t),i.apply(n,arguments)},n},u.name=s.wenku.name,n.action.regist(/^\/sf_edu_wenku\//,u),u}),define("sf25/service/wenku/yueduService",["require","sfr","sf25/service/commonService","sf25/resource/template","sf25/view/commonView","fusion/deps/spark","sf25/config"],function(e){function t(e,t){var n=e+t,r=n.indexOf("#");return r&gt;-1&amp;&amp;(n=n.substr(0,r)),n}function n(e,t){function n(){s.css3(p[0],{opacity:1},250,"ease",0,r)}function r(){var e=c/f;p.css({"transform-origin":"50% 50% 0","-webkit-transform-origin":"50% 50% 0"}),s.css3(p[0],{transfrom:"scale(1,"+e+")","-webkit-transform":"scale(1,"+e+")"},250,"ease",0,i)}function i(){d.appendTo(u),$.isFunction(t)&amp;&amp;t()}var o=$(window),a=o.width(),c=o.height(),u=$("&lt;div&gt;&lt;/div&gt;").css({position:"fixed",left:0,top:0,width:a,height:c,zIndex:600}),l=$(e.container);l.css("visibility","hidden"),e.once("beforeRender",function(){l.css("visibility","visible"),u.hide()}),$("&lt;div&gt;&lt;/div&gt;").css({position:"absolute",left:0,top:0,width:"100%",height:"100%",background:"rgba(0,0,0,.2)"}).prependTo(u);var d=$(['&lt;div class="c-container"&gt;','&lt;div class="c-loading"&gt;','&lt;i class="c-icon"&gt;&amp;#xe780&lt;/i&gt;',"&lt;p&gt;加载中…&lt;/p&gt;","&lt;/div&gt;","&lt;/div&gt;"].join("")).css({position:"absolute",left:0,top:100,width:"100%",height:"100%",boxSizing:"border-box"}),f=30,p=$("&lt;div&gt;&lt;/div&gt;").css({position:"absolute",left:0,top:(c-f)/2,width:a,height:f,background:"#fff",opacity:0}).appendTo(u);u.appendTo("body"),n()}var r=e("sfr"),i=e("sf25/service/commonService"),o=e("sf25/resource/template"),a=e("sf25/view/commonView"),s=e("fusion/deps/spark"),c=e("sf25/config"),u=new i;return u.commonViewOptions={customClassName:"sf-edu-yuedu",headBackground:"transparent",headColor:"transparent",headHeight:"0",headTitle:"",backHtml:""},u.createTemplateStream=function(e){var n=t(c.yuedu.baseUrl,e.url.split("sf_edu_yuedu")[1]);return n+=n.match(/\?/)?"&amp;sf_mod=1":"?sf_mod=1",o.createReadStream(n,{xhrFields:{withCredentials:!0}})},u.createView=function(){var e=new a,t=e.vw;return e.startEnterAnimate=function(){var e=new $.Deferred;return n(t,function(){e.resolve()}),e.promise()},e},u.name=c.yuedu.name,r.action.regist(/^\/sf_edu_yuedu\//,u),u}),define("sf25/service/zhidaoService",["require","sf25/config","sfr","sf25/service/commonService","sf25/resource/template"],function(e){var t=e("sf25/config").zhidao,n=e("sfr").action,r=e("sf25/service/commonService"),i=e("sf25/resource/template"),o=t.baseUrl,a=new r;a.name=t.name,a.commonViewOptions={headBackground:"#37b059",headColor:"#fff",headHeight:"50px",backHtml:"",customClassName:"zd-sf-wp"},a.createTemplateStream=function(e){var t="";if(!e.url.match(/^\/sf_zd\//))throw new Error("cant't match PATH: Missed keyword(/^/sf_zd//) in this URL("+e.url+")");return t=e.url.replace(/^.*\/sf_zd/,o),t+=t.match(/\?/)?"&amp;mod=1":"?mod=1",i.createReadStream(t,{xhrFields:{withCredentials:!0}})},n.regist("/sf_zd/question/:qid",a)}),!function(){define("sfr/router/router/URL",["require","sfr/utils/uri/component/Path","sfr/utils/uri/component/Query","sfr/utils/uri/component/Fragment","sfr/router/router/config"],function(e){function t(e,t){t=t||{},e=(e||"").trim()||o.path;var c=a.exec(e);c||console.warn("URI not valid:");var u=this.token=t.token||s,l=t.root||o.root;"/"===l.charAt(l.length-1)&amp;&amp;(l=l.substring(0,l.length-1)),this.root=l,e=e.split("#"),this.fragment=new i(e[1]),e=e[0].split(u);var d=t.base||{};this.path=new n(e[0],d.path),this.query=new r(e[1]);var f=this.path.get();this.outRoot=0===f.indexOf(".."),this.outRoot&amp;&amp;(f=n.resolve(l+"/",f),0===f.indexOf(l)&amp;&amp;(f=f.substring(l.length),this.path.set(f),this.outRoot=!1)),this.outRoot||"/"===f.charAt(0)||this.path.set("/"+f),t.query&amp;&amp;this.query.add(t.query)}var n=e("sfr/utils/uri/component/Path"),r=e("sfr/utils/uri/component/Query"),i=e("sfr/utils/uri/component/Fragment"),o=e("sfr/router/router/config"),a=new RegExp("^(([^:/?#]+):)?(//([^/?#]*))?([^?#]*)(\\?([^#]*))?(#(.*))?"),s="?";return t.prototype.toString=function(){var e=this.root,t=this.path.get();return t=this.outRoot?n.resolve(e+"/",t):e+t,t+this.query.toString(this.token)+this.fragment.toString()},t.prototype.equalPath=function(e){return this.path.get()===e},t.prototype.equal=function(e){return this.query.equal(e.query)&amp;&amp;this.equalPath(e.path.get())},t.prototype.equalWithFragment=function(e){return this.equal(e)&amp;&amp;this.fragment.equal(e.fragment)},t.prototype.getQuery=function(){return this.query.get()},t.prototype.getPath=function(){return this.path.get()},t}),define("sfr/router/router/config",[],{path:"/",root:"",mode:"async"}),define("sfr/router/router/controller",["require","sfr/lang/underscore","sfr/router/router/URL","sfr/router/router/config"],function(e){function t(e,t){n(e,t)||(s(e,t),c=e)}function n(e,t){return c&amp;&amp;e.equal(c)&amp;&amp;!t.force}function r(e){var t=d.root;if("/"===e.charAt(0)&amp;&amp;t)if(0===e.indexOf(t))e=e.replace(t,"");else{var n=t.split("/").slice(1);n=n.map(function(){return".."}),e=n.join("/")+e,c=null}return e}function i(e,t){return e||(e=r(location.pathname)),new l(e,{query:t,base:c})}function o(e,n){if(e=e||{},!u.get(e,"state.disableServiceDispatch")){var o=r(location.pathname);if(location.search.length&gt;1&amp;&amp;(o+=location.search),o=i(o),o.outRoot)return a(o.toString(),!0);var s=n?{src:"sync"}:u.extend({},e.state,{src:"history"});t(o,s)}}function a(e,t){f.dispose(),t?location.replace(e):location.href=e}var s,c,u=e("sfr/lang/underscore"),l=e("sfr/router/router/URL"),d=e("sfr/router/router/config"),f={};return f.init=function(e){window.addEventListener("popstate",o,!1),s=e,o(null,!0)},f.redirect=function(e,r,o){return o=o||{},e=i(e,r),e.outRoot||"page"===d.mode?!n(e,o)&amp;&amp;a(e.toString()):(c.equalWithFragment(e)||o.silent||history.pushState(o,o.title,e.toString()),void t(e,o))},f.reset=function(e,r,o){return o=o||{},e=i(e,r),e.outRoot||"page"===d.mode?!n(e,o)&amp;&amp;a(e.toString()):(o.silent?c=e:t(e,o),void history.replaceState(o,o.title,e.toString()))},f.dispose=function(){window.removeEventListener("popstate",o,!1),c=null},f.ignoreRoot=r,f.createURL=i,f}),define("sfr/router/router",["require","sfr/lang/underscore","sfr/router/router/config","sfr/router/router/controller","sfr/lang/underscore"],function(e){function t(){function e(e){var t=-1;return e=e.toString(),l.some(function(n,r){return n.raw.toString()===e&amp;&amp;(t=r),-1!==t}),t}function t(e,t){for(var n,r={},i=t.params||[],o=e.match(t.path)||[],a=1;a&lt;o.length;a++)n=i[a-1]||"$"+a,r[n]=decodeURIComponent(o[a]);return r}function a(e,r){r=r||{};var o,a=n({},e.getQuery()),c={},u=e.getPath();if(o=s(e),!o)throw new Error("can not find route for: "+u);o.path instanceof RegExp&amp;&amp;o.path.test(u)&amp;&amp;(c=t(u,o));var l={path:u,pathPattern:o.raw,query:a,params:c,url:i.ignoreRoot(e.toString()),originalUrl:e.toString(),options:r},f=[l,d];d=l,o.fn.apply(o.thisArg,f)}function s(e){var t,n,r=e.getPath();return l.some(function(i){return i.path instanceof RegExp?i.path.test(r)&amp;&amp;(t=i):e.equalPath(i.path)&amp;&amp;(t=i),i.path||(n=i),!!t}),t||n}function c(e){var t={params:[]};return t.path=e.replace(/:([^\/]+)/g,function(e,n){return t.params.push(n),"([^/]+)"}),t.path=new RegExp("^"+t.path+"$"),t}var u={},l=[],d={};return u.pathPattern=function(e){e=i.ignoreRoot(e);var t=i.createURL(e),n=s(t);return n?n.raw:null},u.reset=function(e,t,n){i.reset(e,t,n)},u.config=function(e){e=e||{};var t=e.root;t&amp;&amp;"/"===t.charAt(t.length-1)&amp;&amp;(t=e.root=t.substring(0,t.length-1)),t&amp;&amp;"/"!==t.charAt(0)&amp;&amp;(e.root="/"+t),n(r,e)},u.add=function(t,r,i){if(e(t)&gt;=0)throw new Error("path already exist");var a={raw:t,path:t,fn:r,thisArg:i};o.isString(t)&amp;&amp;o.contains(t,":")&amp;&amp;(a=n(a,c(t))),l.push(a)},u.remove=function(t){var n=e(t);n&gt;=0&amp;&amp;l.splice(n,1)},u.exist=function(t){return e(t)&gt;=0},u.clear=function(){l=[]},u.redirect=function(e,t,n){i.redirect(e,t,n)},u.start=function(e){u.config(e),i.init(a)},u.stop=function(){i.dispose(),u.clear(),d={}},u.controller=function(e){var t=i;i=e,o.forOwn(t,function(e,t){i.hasOwnProperty(t)||(i[t]=e)})},u.getState=function(){return d},u.ignoreRoot=i.ignoreRoot,u}var n=e("sfr/lang/underscore").extend,r=e("sfr/router/router/config"),i=e("sfr/router/router/controller"),o=e("sfr/lang/underscore");return t}),define("sfr/utils/di",["require","sfr/lang/assert","sfr/lang/underscore"],function(e){function t(e,t){this.require=t||window.require,this.config=this.normalize(e),this.container=Object.create(null)}var n=e("sfr/lang/assert"),r=e("sfr/lang/underscore");return t.prototype.resolve=function(e){var t=this.config[e];if(n(t,"module declaration not found: "+e),this.container[e]&amp;&amp;t.cache)return this.container[e];switch(void 0===t.value&amp;&amp;t.module&amp;&amp;(t.value=this.require(t.module)),t.type){case"value":return this.container[e]=t.value;case"factory":n("function"==typeof t.value,"entity not injectable: "+t.value);var r=t.args||[];return this.container[e]=this.inject(t.value,r);default:throw new Error("DI type "+t.type+" not recognized")}},t.prototype.inject=function(e,t){var n=t.map(function(e){return this.resolve(e)},this);return e.apply(null,n)},t.prototype.normalize=function(e){return r.forOwn(e,function(e){void 0===e.cache&amp;&amp;(e.cache=!0),void 0===e.type&amp;&amp;(e.type="value")}),e},t}),define("sfr/utils/logger",["require"],function(){function e(){u=c=Date.now()}function t(){var e=Array.prototype.slice.call(arguments);o&amp;&amp;e.unshift("["+n()+"]");var t,r=new Error("logger track").stack||"",i=r.split("\n")[3]||"",a="";t=/at\s+\(?(.*):\d+:\d+\)?$/.exec(i)||[];var s=t[1];t=/([^\/?#]+)([?#]|$)/.exec(s)||[];var c=t[1];a+=c?c+":":"",t=/at ([\w\d.]+)\s*\(/.exec(i)||[];var u=t[1]||"anonymous";return a+=u,e.unshift("["+a+"]"),e}function n(){var e=Date.now(),t=(e-c)/1e3,n=t+"(+"+(e-u)+")";return u=e,n}function r(e,t){var n=new Function("impl","args","impl.apply(console, args);");if(n(e,t),s){var r=new Image,i=t.join(" ").replace(/\s+/g," ").trim();r.src=s+"/sfr/log/"+i}}function i(e,n){return function(){var e=t.apply(null,arguments);r(n,e)}}var o=!!location.search.match(/logger-timming/i),a=location.search.match(/logger-server=([^&amp;]*)/i),s=a?decodeURIComponent(a[1]):!1,c=Date.now(),u=c;return{log:i("log",console.log),debug:i("debug",console.log),info:i("info",console.info),warn:i("warn",console.warn),error:i("error",console.error),reset:e}}),define("sfr/utils/http",["require","sfr/lang/underscore","sfr/lang/promise","sfr/utils/url"],function(e){function t(e){return e instanceof FormData?"multipart/form-data":"application/x-www-form-urlencoded"}function n(e){var t;try{t=s.createXHR()}catch(n){return o.reject(n)}return t.open(e.method,e.url,!0),i.forOwn(e.headers,function(e,n){t.setRequestHeader(n,e)}),i.assign(t,e.xhrFields),new o(function(n,i){t.onreadystatechange=function(){4===t.readyState&amp;&amp;(t=r(t),t.status&gt;=200&amp;&amp;t.status&lt;300?n(t):i(t))},t.send(e.data)})}function r(e){var t=e.getAllResponseHeaders().split("\r\n").filter(i.negate(i.isEmpty)).map(function(e){return i.split(e,/\s*:\s*/)});if(e.responseHeaders=i.fromPairs(t),e.data=e.responseText,"application/json"===e.responseHeaders["Content-Type"])try{e.data=JSON.parse(e.responseText)}catch(n){console.warn("Invalid JSON content with Content-Type: application/json")}return e}var i=e("sfr/lang/underscore"),o=e("sfr/lang/promise"),a=e("sfr/utils/url"),s={};return s.ajax=function(e,r){return"object"==typeof e&amp;&amp;(r=e,e=""),r=i.defaultsDeep(r,{url:e,method:r&amp;&amp;r.type||"GET",headers:{},data:null,jsonp:!1,jsonpCallback:"sf_http_"+Math.random().toString(36).substr(2)}),i.forOwn(r.headers,function(e,t){r.headers[t]=e.toLowerCase(e)}),(r.headers["content-type"]||r.data)&amp;&amp;(r.headers["content-type"]=r.headers["content-type"]||t(r.data)),/application\/json/.test(r.headers["content-type"])?r.data=JSON.stringify(r.data):/form-urlencoded/.test(r.headers["content-type"])&amp;&amp;(r.data=a.param(r.data)),n(r)},s.get=function(e,t){return s.ajax(e,{data:t})},s.post=function(e,t){return s.ajax(e,{method:"POST",data:t})},s.put=function(e,t){return s.ajax(e,{method:"PUT",data:t})},s.delete=function(e,t){return s.ajax(e,{method:"DELETE",data:t})},s.createXHR=function(){var e=!1;if(window.XMLHttpRequest?e=new XMLHttpRequest:window.ActiveXObject&amp;&amp;(e=new ActiveXObject("Microsoft.XMLHTTP")),!e)throw new Error("Cannot create an XHR instance");return e},s}),define("sfr/utils/url",["require","sfr/utils/uri/URI","sfr/lang/underscore","sfr/utils/uri/component/Path","sfr/utils/uri/util/uri-parser"],function(e){function t(e){return new n(e)}var n=e("sfr/utils/uri/URI"),r=e("sfr/lang/underscore"),i=e("sfr/utils/uri/component/Path"),o=e("sfr/utils/uri/util/uri-parser");return t.parse=function(e){return o(e)},t.resolve=function(e,t){return i.resolve(e,t)},t.param=function(e){return r.isObject(e)?r.map(e,function(e,t){return encodeURIComponent(t)+"="+encodeURIComponent(e)}).join("&amp;"):e},t}),define("sfr/utils/cache",["require","sfr/lang/assert","sfr/utils/cache-namespace"],function(e){function t(e){if(!i.hasOwnProperty(e))throw new Error("cache namespace "+e+" undefined");return i[e]}var n=e("sfr/lang/assert"),r=e("sfr/utils/cache-namespace"),i={},o={};return o.create=function(e,t){return n(e,"cannot create namespace with empty name"),n(!i[e],"namespace with "+e+" already created"),i[e]=new r(e,t)},o.using=function(e){return t(e)},o.set=function(e,n,r){return t(e).set(n,r)},o.get=function(e,n){return t(e).get(n)},o.rename=function(e,n,r){return t(e).rename(n,r)},o.remove=function(e,n){return t(e).remove(n)},o.clear=function(e){return 0!==arguments.length?t(e).clear():void(i={})},o.contains=function(e,t){if(0===arguments.length)throw new Error("namespace not specified");return 1===arguments.length?i.hasOwnProperty(e):i.hasOwnProperty(e)?i[e].contains(t):!1},o}),define("sfr/utils/cache-namespace",["require","sfr/lang/underscore"],function(e){function t(){}function n(e,n){this.name=e,this.list=[],this.options=r.assign({limit:3,onRemove:t},n)}var r=e("sfr/lang/underscore");return n.prototype={constructor:n,get:function(e){var t=this.findIndexByKey(e);if(-1===t)return void 0;var n=this.list[t];return this.list.splice(t,1),this.list.push(n),n.value},set:function(e,t){if(this.remove(e),this.list.length===this.options.limit){var n=this.list.shift();this.options.onRemove(n.value,n.key,!0)}return this.list.push({key:e,value:t}),this},contains:function(e){return this.findIndexByKey(e)&gt;-1},rename:function(e,t){if(e===t)return this;this.remove(t);var n=this.findIndexByKey(e);if(-1===n)throw new Error("key not found:"+e);return this.list[n].key=t,this},remove:function(e){var t=this.findIndexByKey(e);if(t&gt;-1){var n=this.list[t];this.options.onRemove(n.value,n.key,!1),this.list.splice(t,1)}return this},clear:function(){return this.list=[],this},findIndexByKey:function(e){return r.findIndex(this.list,function(t){return t.key===e})}},n}),define("sfr/utils/emitter",["require"],function(){function e(){}var t=e.prototype;t._getEvents=function(){return this._events||(this._events={}),this._events},t._getMaxListeners=function(){return isNaN(this.maxListeners)&amp;&amp;(this.maxListeners=10),this.maxListeners},t.on=function(e,t){var n=this._getEvents(),r=this._getMaxListeners();n[e]=n[e]||[];var i=n[e].length;if(i&gt;=r&amp;&amp;0!==r)throw new RangeError("Warning: possible Emitter memory leak detected. "+i+" listeners added.");return n[e].push(t),this},t.once=function(e,t){function n(){r.off(e,n),t.apply(this,arguments)}var r=this;return n.listener=t,this.on(e,n),this},t.off=function(e,t){var n=this._getEvents();if(0===arguments.length)return this._events={},this;var r=n[e];if(!r)return this;if(1===arguments.length)return delete n[e],this;for(var i,o=0;o&lt;r.length;o++)if(i=r[o],i===t||i.listener===t){r.splice(o,1);break}return this},t.emit=function(e){for(var t=this._getEvents(),n=t[e],r=[],i=1;i&lt;arguments.length;i++)r.push(arguments[i]);if(n)for(n=n.slice(0),i=0;i&lt;n.length;i++)try{n[i].apply(this,r)}catch(o){console.error(o)}return this},t.listeners=function(e){var t=this._getEvents();return t[e]||[]},t.setMaxListeners=function(e){return this.maxListeners=e,this};var n=Object.keys(t);return e.mixin=function(e){for(var r,i=0,o=n.length;o&gt;i;i++)r=n[i],e[r]=t[r];return e},e}),define("sfr/lang/underscore",["require","sfr/lang/assert"],function(e){function t(e,t){var n=e;return(t||"").split(".").forEach(function(e){n=n?n[e]:void 0}),n}function n(e){return e=o(e),e.shift(),e}function r(e){return Object.keys(e)}function i(e,t){e=e||{};for(var n in e)if(e.hasOwnProperty(n)&amp;&amp;t(e[n],n,e)===!1)break;return e}function o(e){return e?q.slice.call(e):[]}function a(e){var t=n(arguments);return q.forEach.apply(e||[],t)}function s(e,t){if(h(e)){var r=[];return i(e,function(){r.push(t.apply(null,arguments))}),r}var o=n(arguments);return q.map.apply(e||[],o)}function c(e){var t=n(arguments);return q.slice.apply(e||[],t)}function u(e){var t=n(arguments);return q.splice.apply(e||[],t)}function l(e){var t=n(arguments);return R.split.apply(e||"",t)}function d(e,t,n){for(var r=n||0;r&lt;e.length;r++)if(t(e[r],r,e))return r;return-1}function f(e){return n(arguments).reduce(function(e,t){return e.replace("%s",t)},e)}function p(){return w.apply(null,c(arguments,0).reverse())}function h(e){return"[object Object]"===Object.prototype.toString.call(e)}function m(e){return e instanceof String||"string"==typeof e}function g(e,t,n){return void 0===n&amp;&amp;(n=0),e.indexOf(t,n)&gt;-1}function v(e){return e instanceof RegExp}function w(e){e=null==e?{}:e;var t=c(arguments,1);return a(t,function(t){y(e,t)}),e}function b(e,t){return e?void i(t,function(t,n){return h(t)&amp;&amp;h(e[n])?b(e[n],t):void(e[n]=t)}):e}function y(e,t){return e?(i(t,function(t,n){e[n]=t}),e):e}function x(){var e={},t=c(arguments,0).reverse();return a(t,function(t){b(e,t)}),e}function _(e){var t={};return s(e,function(e){var n=e[0],r=e[1];t[n]=r}),t}function k(e){return e instanceof Array}function S(e){return k(e)?0===e.length:!e}function $(e){return function(){return!e.apply(null,arguments)}}function T(e){return e.bind.apply(e,c(arguments))}function A(e){var t=c(arguments);return t.shift(),function(){var n=c(arguments),r=[n,arguments.length,0].concat(t);return u.apply(null,r),e.apply(null,n)}}function O(e,t){return C("function"==typeof t,"wrapper should be a function"),function(){var n=Array.prototype.slice.call(arguments,0);return n.unshift(e),t.apply(this,n)}}function E(e,t){var n=function(){};n.prototype=t.prototype;var r=e.prototype,i=e.prototype=new n;for(var o in r)r.hasOwnProperty(o)&amp;&amp;(i[o]=r[o]);return e.prototype.constructor=e,e}var C=e("sfr/lang/assert"),q=Array.prototype,R=String.prototype,I={};return I.keysIn=r,I.get=t,I.forOwn=i,I.assign=w,I.merge=w,I.extend=w,I.defaults=p,I.defaultsDeep=x,I.fromPairs=_,I.slice=c,I.splice=u,I.forEach=a,I.map=s,I.toArray=o,I.findIndex=d,I.split=l,I.format=f,I.isArray=k,I.isEmpty=S,I.isString=m,I.isObject=h,I.isRegExp=v,I.inherits=E,I.contains=g,I.partial=T,I.partialRight=A,I.negate=$,I.wrap=O,I}),define("sfr/lang/promise",["require","sfr/lang/assert"],function(e){function t(e){if(!(this instanceof t))throw"Promise must be called with new operator";if("function"!=typeof e)throw"callback not defined";this._state=i,this._result,this._fulfilledCbs=[],this._rejectedCbs=[],this._errorPending=!1;var n=this;setTimeout(function(){n._doResolve(e)},1)}function n(e){u(e._state===a,s);var t;t="function"==typeof window.PromiseRejectionEvent?window.PromiseRejectionEvent:CustomEvent;var n=new t("unhandledrejection",{promise:e,reason:e._result});return n.reason=n.reason||e._result,n}function r(e){return e&amp;&amp;"function"==typeof e.then}var i=0,o=1,a=2,s="cannot make RejectionEvent when promise not rejected",c={longStackTraces:!1},u=e("sfr/lang/assert");return t.prototype._fulfill=function(e){this._result=e,this._state=o,this._flush()},t.prototype._reject=function(e){c.longStackTraces&amp;&amp;e&amp;&amp;(e.stack+="\n"+this._originalStack),this._result=e,this._state=a,this._errorPending=!0,this._flush()},t.prototype._resolve=function(e){r(e)?this._doResolve(e.then.bind(e)):this._fulfill(e)},t.prototype._doResolve=function(e){var t=!1,n=this;try{e(function(e){t||(t=!0,n._resolve(e))},function(e){t||(t=!0,n._reject(e))})}catch(r){if(t)return;t=!0,n._reject(r)}setTimeout(function(){this._checkUnHandledRejection()}.bind(this))},t.prototype._checkUnHandledRejection=function(){if(this._errorPending){var e=n(this);window.dispatchEvent(e)}},t.prototype._flush=function(){if(this._state!==i){var e=this._state===a?this._rejectedCbs:this._fulfilledCbs;e.forEach(function(e){this._state===a&amp;&amp;this._errorPending&amp;&amp;(this._errorPending=!1),"function"==typeof e&amp;&amp;e(this._result)},this),this._rejectedCbs=[],this._fulfilledCbs=[]}},t.prototype._done=function(e,t){this._fulfilledCbs.push(e),this._rejectedCbs.push(t),this._flush()},t.prototype.then=function(e,n){var r,i=this;return new t(function(t,o){i._done(function(n){if("function"==typeof e){try{r=e(n)}catch(i){return o(i)}t(r)}else t(n)},function(e){if("function"==typeof n){try{r=n(e)}catch(i){return o(i)}t(r)}else o(e)})})},t.prototype.catch=function(e){return this.then(function(e){return e},e)},t.prototype.finally=function(e){return this.then(e,e)},t.resolve=function(e){return r(e)?e:new t(function(t){return t(e)})},t.reject=function(e){return new t(function(t,n){n(e)})},t.all=function(e){return new t(function(n,r){function i(){0&gt;=a&amp;&amp;n(o)}var o=e.map(function(){return void 0}),a=e.length;e.map(t.resolve).forEach(function(e,t){e.then(function(e){o[t]=e,a--,i()},r)}),i()})},t.fromCallback=function(e){return new t(function(t){e(function(e){t(e)})})},t.mapSeries=function(e,n){var r=t.resolve("init"),i=[];return e.forEach(function(t,o){r=r.then(function(){return n(t,o,e)}).then(function(e){return i.push(e)})}),r.then(function(){return i})},t}),define("sfr/lang/assert",["require"],function(){function e(e,t){if(!e)throw new Error(t)}return e}),define("sfr/lang/map",["require","sfr/lang/underscore"],function(e){function t(){this.size=0,this._data={}}function n(e){return r.isRegExp(e)?"reg_"+e:r.isString(e)?"str_"+e:"other_"+e}var r=e("sfr/lang/underscore");return t.prototype.set=function(e,t){e=n(e),this._data.hasOwnProperty(e)||(this._data[e]=t,this.size++)},t.prototype.has=function(e){return e=n(e),this._data.hasOwnProperty(e)},t.prototype.delete=function(e){e=n(e),this._data.hasOwnProperty(e)&amp;&amp;(delete this._data[e],this.size--)},t.prototype.get=function(e){return e=n(e),this._data[e]},t.prototype.clear=function(){this.size=0,this._data={}},t}),define("sfr/utils/uri/URI",["require","sfr/utils/uri/util/uri-parser","sfr/utils/uri/component/Scheme","sfr/utils/uri/component/UserName","sfr/utils/uri/component/Password","sfr/utils/uri/component/Host","sfr/utils/uri/component/Port","sfr/utils/uri/component/Path","sfr/utils/uri/component/Query","sfr/utils/uri/component/Fragment"],function(e){function t(e){e=r(e);var t,n=this;Object.keys(i).forEach(function(r){t=i[r],n[r]=new t(e[r])})}function n(e){var t=[],n=e.username.toString(),r=e.password.toString(),i=e.host.toString(),o=e.port.toString();return(n||r)&amp;&amp;t.push(n+":"+r+"@"),t.push(i),t.push(o),t.join("")}var r=e("sfr/utils/uri/util/uri-parser"),i={scheme:e("sfr/utils/uri/component/Scheme"),username:e("sfr/utils/uri/component/UserName"),password:e("sfr/utils/uri/component/Password"),host:e("sfr/utils/uri/component/Host"),port:e("sfr/utils/uri/component/Port"),path:e("sfr/utils/uri/component/Path"),query:e("sfr/utils/uri/component/Query"),fragment:e("sfr/utils/uri/component/Fragment")};return t.prototype.set=function(){var e=0,t={};arguments.length&gt;1&amp;&amp;(t.name=arguments[e++]),t.data=Array.prototype.slice.call(arguments,e);var n=this[t.name];if(n)n.set.apply(n,t.data);else{var o=this,a=r(t.data[0]);Object.keys(i).forEach(function(e){o[e].set(a[e])})}},t.prototype.get=function(){var e={name:arguments[0],data:Array.prototype.slice.call(arguments,1)},t=this[e.name];return t?t.get.apply(t,e.data):void 0},t.prototype.toString=function(e){var t,r=this[e];if(r)t=r.toString();else{t=[];var i=this.scheme.toString();i&amp;&amp;t.push(i+":");var o=n(this);i&amp;&amp;o&amp;&amp;t.push("//"),t.push(o),t.push(this.path.toString()),t.push(this.query.toString()),t.push(this.fragment.toString()),t=t.join("")}return t},t.prototype.equal=function(e){e instanceof t||(e=new t(e));for(var n,r=!0,o=Object.keys(i),a=0;r&amp;&amp;(n=o[a]);a++)r="port"===n?this[n].equal(e[n].get(),this.scheme.get()):this[n].equal(e[n]);return r},t}),define("sfr/utils/uri/component/Abstract",["require"],function(){function e(){var e=Array.prototype.slice.call(arguments);this.set.apply(this,e)}return e.prototype.get=function(){return this.data},e.prototype.set=function(e){this.data=e||""},e.prototype.add=function(e){this.set(e)},e.prototype.remove=function(){this.data=""},e.prototype.toString=function(){return this.data.toString()},e.prototype.equal=function(t){return t instanceof e&amp;&amp;(t=t.get()),this.data==t},e}),define("sfr/utils/uri/component/Fragment",["require","sfr/lang/underscore","sfr/utils/uri/component/Abstract"],function(e){function t(e){r.call(this,e)}var n=e("sfr/lang/underscore").inherits,r=e("sfr/utils/uri/component/Abstract"),i="#";return n(t,r),t.prototype.toString=function(e){return e=e||i,this.data?e+this.data:""},t}),define("sfr/utils/uri/component/Host",["require","sfr/lang/underscore","sfr/utils/uri/component/Abstract"],function(e){function t(e){r.call(this,e)}var n=e("sfr/lang/underscore").inherits,r=e("sfr/utils/uri/component/Abstract");return n(t,r),t.prototype.set=function(e){e=e||"",this.data=e.toLowerCase()},t.prototype.equal=function(e){return e=e instanceof t?e.get():e||"",this.data===e.toLowerCase()},t}),define("sfr/utils/uri/component/Password",["require","sfr/lang/underscore","sfr/utils/uri/component/Abstract"],function(e){function t(e){r.call(this,e)}var n=e("sfr/lang/underscore").inherits,r=e("sfr/utils/uri/component/Abstract");return n(t,r),t}),define("sfr/utils/uri/component/Path",["require","sfr/lang/underscore","sfr/utils/uri/component/Abstract"],function(e){function t(e){return e||(e="/"),e}function n(e){return e=e.split("/"),e.pop(),e.join("/")}function r(e,t){for(var n,r=0,i=e.length-1;n=e[i];i--)"."===n?e.splice(i,1):".."===n?(e.splice(i,1),r++):r&amp;&amp;(e.splice(i,1),r--);if(t)for(;r--&gt;0;)e.unshift("..");return e}function i(e,t){a.call(this,e,t)}var o=e("sfr/lang/underscore").inherits,a=e("sfr/utils/uri/component/Abstract");return i.resolve=function(e,t){if(t=t||"","/"===t.charAt(0))return i.resolve(t);var o="/"===e.charAt(0),a=!1;t?(e=n(e),a="/"===t.charAt(t.length-1)):e.length&gt;1&amp;&amp;(a="/"===e.charAt(e.length-1));var s=e.split("/").concat(t.split("/")).filter(function(e){return!!e});return s=r(s,!o),(o?"/":"")+(s.length&gt;0?s.join("/")+(a?"/":""):"")},o(i,a),i.prototype.set=function(e,t){t instanceof i&amp;&amp;(t=t.get());var n=[e||""];t&amp;&amp;n.unshift(t),this.data=i.resolve.apply(i,n)},i.prototype.equal=function(e){var n=t(this.data);return e=t(e instanceof i?e.get():i.resolve(e||"")),n===e},i.prototype.resolve=function(e,t){e instanceof i&amp;&amp;(e=e.get());var n=[this.data];t?n.unshift(e):n.push(e),this.data=i.resolve.apply(i,n)},i}),define("sfr/utils/uri/component/Port",["require","sfr/lang/underscore","sfr/utils/uri/component/Abstract"],function(e){function t(e){r.call(this,e)}var n=e("sfr/lang/underscore").inherits,r=e("sfr/utils/uri/component/Abstract"),i={ftp:"21",ssh:"22",telnet:"23",http:"80",https:"443",ws:"80",wss:"443"};return n(t,r),t.prototype.equal=function(e,n){var r=this.data||i[n];return e instanceof t&amp;&amp;(e=e.get()),e=e||i[n],r===e},t.prototype.toString=function(){return this.data?":"+this.data:""},t}),define("sfr/utils/uri/component/Query",["require","sfr/lang/underscore","sfr/utils/uri/component/Abstract","sfr/utils/uri/util/parse-query","sfr/utils/uri/util/stringify-query"],function(e){function t(e,t){if(!Array.isArray(e)||!Array.isArray(t))return!1;if(e.length!==t.length)return!1;e=e.slice(0),e=e.slice(0),e.sort(),t.sort();for(var n=!0,r=0,i=e.length;n&amp;&amp;i&gt;r;r++)n=e[r]==t[r];return n}function n(e,n){if(!a.isObject(e)||!a.isObject(n))return!1;var r=Object.keys(e),i=Object.keys(n);if(r.length!==i.length)return!1;for(var o,s,c=!0,u=0;c&amp;&amp;(o=r[u]);u++){if(!n.hasOwnProperty(o)){c=!1;break}s=e[o],c=Array.isArray(s)?t(s,n[o]):s==n[o]}return c}function r(e){return e=Array.isArray(e)?e.map(function(e){return decodeURIComponent(e||"")}):e||a.isString(e)?decodeURIComponent(e):null}function i(e,t,n){var i=n[e];return t=r(t),i?(Array.isArray(i)||(i=[i]),Array.isArray(t)?i=i.concat(t):i.push(t)):i=t,n[e]=i,n}function o(e){e=e||{},s.call(this,e)}var a=e("sfr/lang/underscore"),s=e("sfr/utils/uri/component/Abstract"),c=e("sfr/utils/uri/util/parse-query"),u=e("sfr/utils/uri/util/stringify-query"),l="?";return a.inherits(o,s),o.prototype.set=function(){if(1===arguments.length){var e=arguments[0];if(a.isObject(e)){var t=this.data={};Object.keys(e).forEach(function(n){t[n]=r(e[n])})}else this.data=c(e)}else this.data[arguments[0]]=r(arguments[1])},o.prototype.get=function(e){return e?this.data[e]:a.extend({},this.data)},o.prototype.toString=function(e){e=e||l;var t=u(this.data);return t?e+t:""},o.prototype.equal=function(e){return a.isString(e)?e=c(e):e instanceof o&amp;&amp;(e=e.get()),n(this.data,e)},o.prototype.add=function(e,t){var n=this.data;a.isObject(e)?Object.keys(e).forEach(function(t){i(t,e[t],n)}):i(e,t,n),this.data=n},o.prototype.remove=function(e){e?this.data.hasOwnProperty(e)&amp;&amp;delete this.data[e]:this.data={}},o}),define("sfr/utils/uri/component/Scheme",["require","sfr/lang/underscore","sfr/utils/uri/component/Abstract"],function(e){function t(e){r.call(this,e)}var n=e("sfr/lang/underscore"),r=e("sfr/utils/uri/component/Abstract");return n.inherits(t,r),t.prototype.set=function(e){e=e||"",this.data=e.toLowerCase()},t.prototype.equal=function(e){return e=e instanceof t?e.get():e||"",this.data===e.toLowerCase()},t}),define("sfr/utils/uri/component/UserName",["require","sfr/lang/underscore","sfr/utils/uri/component/Abstract"],function(e){function t(e){r.call(this,e)}var n=e("sfr/lang/underscore"),r=e("sfr/utils/uri/component/Abstract");return n.inherits(t,r),t}),define("sfr/utils/uri/util/parse-query",["require"],function(){function e(e){var t={};e=e.split("&amp;");var n,r;return e.forEach(function(e){e&amp;&amp;(e=e.split("="),n=e[0],r=e.length&gt;=2?decodeURIComponent(e[1]):null,t[n]?(Array.isArray(t[n])||(t[n]=[t[n]]),t[n].push(r)):t[n]=r)}),t}return e}),define("sfr/utils/uri/util/stringify-query",["require"],function(){function e(e){var t,n=[];return Object.keys(e).forEach(function(r){t=e[r],Array.isArray(t)||(t=[t]),t.forEach(function(e){n.push(null===e?r:r+"="+encodeURIComponent(e||""))})}),n.join("&amp;")}return e}),define("sfr/utils/uri/util/uri-parser",["require","sfr/lang/underscore"],function(e){function t(e){var t={},n=["scheme","username","password","host","port","path","query","fragment"];return n.forEach(function(n){t[n]=e[n]||a}),t}function n(e){var t={};return e.replace(/^([^@]+@)?([^:]+)(:\d+)?$/,function(e,n,r,i){n&amp;&amp;(n=n.slice(0,-1),n=n.split(":"),t.username=n[0],t.password=n[1]),t.host=r,i&amp;&amp;(t.port=i.substring(1))}),t}function r(e,t){var r=/[^:]+:\d{2,}(\/|$)/.test(e);return r&amp;&amp;(e=e.split("/"),s(t,n(e.shift())),e.length&gt;0&amp;&amp;(t.path="/"+e.join("/"))),r}function i(e,t){var n=e.indexOf(":"),r=e.indexOf("/");r=r&gt;=0?r:e.length;var i=n&gt;=0&amp;&amp;r&gt;n;return i&amp;&amp;(t.scheme=e.substring(0,n),t.path=e.substring(n+1)),i}function o(e){var t={},o=e.indexOf("#");return o&gt;=0&amp;&amp;(t.fragment=e.substring(o+1),e=e.substring(0,o)),o=e.indexOf("?"),o&gt;=0&amp;&amp;(t.query=e.substring(o+1),e=e.substring(0,o)),o=e.indexOf("://"),o&gt;=0?(t.scheme=e.substring(0,o),e=e.substring(o+3),"file"===t.scheme?t.path=e:(e=e.split("/"),s(t,n(e.shift())),e.length&gt;0&amp;&amp;(t.path="/"+e.join("/"))),t):r(e,t)?t:i(e,t)?t:(e=e.split("/"),t.host=e.shift(),e.length&gt;0&amp;&amp;(t.path="/"+e.join("/")),t)}var a,s=e("sfr/lang/underscore").extend;return function(e){return("string"==typeof e||e instanceof String)&amp;&amp;(e=o(e)),t(e)}}),define("sfr/action",["require","sfr/lang/promise","sfr/lang/assert","sfr/lang/map","sfr/lang/underscore","sfr/utils/url"],function(e){function t(e,t,s,c,u,l){function d(e){return"object"==typeof e&amp;&amp;e.create&amp;&amp;e.attach&amp;&amp;e.detach&amp;&amp;e.destroy&amp;&amp;e.update}function f(){function e(e){return o=e,i=(i+1)%r,a}function t(){var e=i;return n.mapSeries(o,function(t){return"function"==typeof t&amp;&amp;e===i?t():void 0}).catch(function(e){setTimeout(function(){throw e})})}var r=1e4,i=0,o=[],a={reset:e,exec:t};return a}function p(e){var t=a.parse(e);return"sfr"===t.scheme&amp;&amp;"index"===t.host?w:e}function h(e){e=e||window.event;var t=m(e.target||e.srcElement,"A");if(t){var n=t.getAttribute("data-sf-href"),r=t.getAttribute("data-sf-options");if(n){e.preventDefault();try{r=JSON.parse(r)||{}}catch(i){r={}}r.src="hijack";var o={event:e,anchor:t};_.redirect(n,null,r,o)}}}function m(e,t){for(var n=e;null!==n&amp;&amp;n.tagName!==t.toUpperCase();)n=n.parentNode;return n}var g,v,w,b,y,x,_=new l,k={},S=f();return _.init=function(){_.serviceMap=g=new i,v=!1,y="/",w="/",b=!0,x=0},_.getState=function(){return k},_.regist=function(t,n){r(t,"illegal action url"),r(d(n),"illegal service, make sure to extend from sfr/service"),r(!g.has(t),"path already registerd"),e.add(t,this.dispatch),g.set(t,n),_.emit("registered",t,n)},_.unregist=function(t){r(t,"illegal action url"),r(g.has(t),"path not registered"),e.remove(t);var n=g.get(t);g.delete(t),_.emit("unregistered",t,n)},_.dispatch=function(e,t){r(e,"cannot dispatch with options:"+e);var n=g.get(e.pathPattern);e.service=n;var i=g.get(t.pathPattern);t.service=i;var o=k;return k={},v&amp;&amp;(v=!1,e.options.src="back"),e.options&amp;&amp;"sync"===e.options.src?w=e.url||"/":b=!1,c.ensureAttached(),S.reset([function(){return i?i.detach(e,t,o):void 0},function(){return n?n.create(e,t,o):void 0},function(){return i?i.destroy(e,t,o):void 0},function(){return n?n.attach(e,t,o):void 0}]).exec()},_.isIndexPage=function(){return b},_.remove=function(e){return g.delete(e)},_.exist=function(e){return g.has(e)},_.config=function(t){t&amp;&amp;t.root&amp;&amp;(y=t.root),e.config(t)},_.clear=function(){g.clear(),e.clear()},_.redirect=function(n,r,i,s){n=p(n),o.assign(k,s),i=o.assign({},i,{id:x++});try{e.redirect(n,r,i)}catch(c){throw n=a.resolve(y,n),t.replace(n),_.emit("redirect failed",n),c}_.emit("redirected",n)},_.back=function(){v=!0,s.back()},_.reset=function(t,n,r,i){b&amp;&amp;(w=t),o.assign(k,i),e.reset(t,n,r)},_.start=function(t){arguments.length&amp;&amp;_.config(t),document.body.addEventListener("click",h),e.start()},_.stop=function(){document.body.removeEventListener("click",h),e.stop()},_.update=function(r,i,o,a){o=o?o:{},o.hasOwnProperty("silent")||(o.silent=!0);var s=e.ignoreRoot(t.pathname+t.search+t.hash),c=e.ignoreRoot(r),u=(c||"").replace(/\?.*/,""),l=e.pathPattern(r),d=e.getState();if(!g.has(l))throw new Error("service not found:"+u);var f=g.get(l),p={from:{url:s},to:{url:c,path:u},extra:a};return e.reset(r,i,o),n.resolve().then(function(){return f.update(d,p,a)})},_.init(),_}var n=e("sfr/lang/promise"),r=e("sfr/lang/assert"),i=e("sfr/lang/map"),o=e("sfr/lang/underscore"),a=e("sfr/utils/url");return t}),define("sfr/service",["require"],function(){var e=function(){};return e.prototype.create=function(){},e.prototype.attach=function(){},e.prototype.detach=function(){},e.prototype.destroy=function(){},e.prototype.update=function(){},e}),define("sfr/resource",["sfr/utils/http","sfr/lang/underscore"],function(e,t){function n(e){this.url=e}return n.prototype={getUrl:function(e){var n=this.url;return t.forOwn(e,function(e,t){n=n.replace(":"+t,e)}),n=n.replace(/:[a-zA-Z]\w*/g,"")},create:function(t,n){var r=this.getUrl(n);return e.post(r,t)},query:function(t){var n=this.getUrl(t);return e.get(n)},update:function(t,n){var r=this.getUrl(n);return e.put(r,t)},"delete":function(t){var n=this.getUrl(t);return e.delete(n)}},n.prototype.constructor=n,n}),define("sfr/view",["require"],function(){var e=function(){this._init()};return e.prototype={constructor:e,_init:function(){},set:function(){},get:function(){},create:function(){},render:function(){},update:function(){},attach:function(){},detach:function(){},destroy:function(){},on:function(){},off:function(){}},e}),define("sfr/doc",["require"],function(){function e(e){function t(){var t=e.querySelector("#sfr-app");t||e.body.appendChild(n)}var n=e.querySelector("#sfr-app");return n||(n=e.createElement("div"),n.setAttribute("id","sfr-app")),n.ensureAttached=t,n.ensureAttached(),n}return e}),define("sfr/config",["require"],function(){var e={action:{type:"factory",module:"sfr/action",args:["router","location","history","doc","logger","emitter"]},router:{type:"factory",module:"sfr/router/router",args:["logger"]},view:{type:"value",module:"sfr/view"},service:{type:"value",module:"sfr/service"},resource:{type:"value",module:"sfr/resource"},doc:{type:"factory",module:"sfr/doc",args:["document"]},cache:{type:"value",module:"sfr/utils/cache"},http:{type:"value",module:"sfr/utils/http"},url:{type:"value",module:"sfr/utils/url"},di:{type:"value",module:"sfr/utils/di"},emitter:{type:"value",module:"sfr/utils/emitter"},assert:{type:"value",module:"sfr/lang/assert"},_:{type:"value",module:"sfr/lang/underscore"},promise:{type:"value",module:"sfr/lang/promise"},map:{type:"value",module:"sfr/lang/map"},window:{type:"value",value:window},document:{type:"value",value:window.document},location:{type:"value",value:window.location},history:{type:"value",value:window.history},logger:{type:"value",module:"sfr/utils/logger"}};return e}),require(["sfr/utils/di","sfr/config"],function(e,t){var n=Object.keys(t).filter(function(e){return t[e].module}).map(function(e){return t[e].module});define("sfr",n,function(){var n=new e(t);return Object.keys(t).forEach(n.resolve,n),n.container})})}(),define("sf25/start",["require","sf25/utils/animation","sf25/lib/scriptLoader","uiamd/bdbox/util","fusion/deps/naboo","fusion/deps/spark","fusion/deps/fusion.best","../pmd/deps/detect","../pmd/share/share","sf25/lib/cambrianBar","sfr","sf25/config","sf25/utils/log","sf25/utils/require"],function(e){function t(e){var t=r(e);if(t.url){var n=i(t.url);if(n){if(n.enable){if("function"==typeof n.suspend&amp;&amp;n.suspend())return;return o(t.url,t.title,n,e),void e.preventDefault()}if(n.skipTC){var a="sf_lid="+u.getLid()+"&amp;sf_sig="+u.getSig(event),s=t.url.match(/\?/)?"&amp;":"?";location.href=t.url+s+a,e.preventDefault()}}}}function n(e){var t=r(e);if(t.url){var n=i(t.url);n&amp;&amp;n.enable&amp;&amp;(t.$a.hasClass("WA_LOG_SF")||t.$a.addClass("WA_LOG_SF"))}}function r(e){var t=$(e.target).closest("a[data-url]");return{url:t.data("url"),title:t.text(),$a:t}}function i(e){var t;return Object.keys(s).some(function(n){var r=s[n];return r.srcUrl&amp;&amp;r.srcUrl.test(e)?(t=r,!0):void 0}),t}function o(e,t,n,r){var i=e.replace(n.srcUrl,n.targetUrl),o={view:{headTitle:t}},a=$(r.target||r.srcElement).closest("a"),s={event:r,anchor:a.get(0)};c.redirect(i,null,o,s)}e("sf25/utils/animation"),e("sf25/lib/scriptLoader"),e("uiamd/bdbox/util"),e("fusion/deps/naboo"),e("fusion/deps/spark"),e("fusion/deps/fusion.best"),e("../pmd/deps/detect"),e("../pmd/share/share"),e("sf25/lib/cambrianBar");var a=e("sfr"),s=e("sf25/config"),c=a.action,u=e("sf25/utils/log"),l=!1;return function(){if(l)return!1;var r=e("sf25/utils/require"),i=!0;page&amp;&amp;page.comm&amp;&amp;page.comm.superframe&amp;&amp;"0"===page.comm.superframe.sf_enable&amp;&amp;(i=!1);var o=window.fif={};if(o.action=c,i){var a=Object.keys(s);a.forEach(function(e){var t=s[e];return t.enable?void r([t.id]):!1}),c.start(s.superframe.action),window.document.body.addEventListener("touchstart",n),window.document.body.addEventListener("click",t)}return l=!0,!0}}),define("sf25/utils/animation",["require","fusion/deps/naboo","fusion/deps/spark"],function(e){var t=e("fusion/deps/naboo"),n=e("fusion/deps/spark");t.register("enter",function(e,t,r,i,o){$(t).css({display:"block",position:"fixed",top:0,left:0,height:"100%",overflow:"hidden",opacity:0,"-webkit-transform":"translate3d(100%, 0, 0)",transform:"translate3d(100%, 0, 0)"}),n.css3(t,{opacity:1,"-webkit-transform":"translate3d(0, 0, 0)",transform:"translate3d(0, 0, 0)"},r,i,o,function(){e()})}),t.register("exit",function(e,t,r,i,o){$(t).css({position:"fixed",top:0,left:0,height:"100%",overflow:"hidden",opacity:1,"-webkit-transform":"translate3d(0, 0, 0)",transform:"translate3d(0, 0, 0)"}),n.css3(t,{opacity:0,"-webkit-transform":"translate3d(100%, 0, 0)",transform:"translate3d(100%, 0, 0)"},r,i,o,function(){$(t).css({display:"none",overflow:"auto",position:"static","-webkit-transform":"none",transform:"none"}),e()})})}),define("sf25/utils/log",["require","sfr"],function(e){function t(){return r.get(page,"comm.lid")}var n=e("sfr"),r=n._,i=r.get(page,"utils.getEventSignature")||function(){return Math.floor(1e5*Math.random())};return{getLid:t,getSig:i}}),define("sf25/utils/require",["require","sf25/config"],function(e){var t=e("sf25/config").superframe.loader;return function(n,r){var i=n.map(t.getRealRequireId);return e(i,r)}}),define("sf25/utils/searchbox/searchbox",["require"],function(){return{searchClick:function(e,t){return function(){var n='&lt;form class="search-box"&gt;\n    &lt;div class="search-box-input-area"&gt;\n        &lt;div class="search-icon"&gt;&lt;i class="c-icon"&gt;&amp;#xe737&lt;/i&gt;&lt;/div&gt;\n        &lt;div class="search-box-input-container"&gt;\n            &lt;input class="search-box-input" placeholder=${action.placeholder} autocomplete="off" type="text" name="word"&gt;\n        &lt;/div&gt;\n        &lt;div class="search-action-cancel-icon" style="display:none"&gt;&lt;i class="c-icon"&gt;&amp;#xe601&lt;/i&gt;&lt;/div&gt;\n    &lt;/div&gt;\n    &lt;div class="search-box-button-area"&gt;\n        &lt;button class="search-action search-action-cancel"&gt;&lt;span&gt;取消&lt;/span&gt;&lt;/button&gt;\n        &lt;button class="search-action search-action-submit" style="display: none"&gt;&lt;span&gt;搜索&lt;/span&gt;&lt;/button&gt;\n    &lt;/div&gt;\n&lt;/form&gt;\n',r=t.etpl.compile(n),i=r({action:e}),o=t.head,a=o.find(".sfa-back, .sfa-title, .sfa-tool, .sfa-action-menus");a.hide(),o.append(i);var s=o.find(".search-box"),c=s.find(".search-box-input");c.on("focus",function(){o.css("position","absolute"),s.find(".search-action-cancel").hide(),s.find(".search-action-submit").show(),s.find(".search-action-cancel-icon").show(),scrollTo(0,0)}).on("blur",function(){o.css("position","fixed"),setTimeout(function(){s.find(".search-action-submit").hide(),s.find(".search-action-cancel").show(),s.find(".search-action-cancel-icon").hide()},100)}),t.container.on("touchstart",function(){c.blur()}),s.on("submit",function(t){t.preventDefault(),e.submit()}),s.find(".search-action-cancel-icon").on("click",function(t){t.preventDefault(),e.clear&amp;&amp;e.clear(),c.val("")}),s.find(".search-action-cancel").on("click",function(t){t.preventDefault(),e.cancel&amp;&amp;e.cancel(),s.remove(),a.show()})}}}}),define("sf25/utils/tabViewLoading",["require"],function(){function e(e){var t=['&lt;div class="sfa-loading sfa-loading-tab"&gt;',"&lt;style&gt;",".sfa-view {","background-color: #fff;","}","&lt;/style&gt;",'&lt;div class="sfa-loading-icon-tab"&gt;','&lt;span class="sfa-loading-tab-bglogo"&gt;&lt;/span&gt;','&lt;span class="sfa-loading-tab-toplight"&gt;&lt;/span&gt;',"&lt;/div&gt;","&lt;/div&gt;"].join("");e.append(t)}function t(e){e&amp;&amp;e.find(".sfa-loading").remove()}return{show:e,close:t}}),define("sf25/utils/titlebar/titlebar",["require","sf25/utils/searchbox/searchbox"],function(e){function t(e){var t=e.head,r=t.find(".sfa-tool"),i={};return i.init=function(e){r.off().empty(),t.find(".sfa-action-menus").remove(),this.searchAction(e)},i.renderActions=function(t,n,r){r=r||{};var i=e.etpl.compile(t),o=i({actions:n,options:r});return o},i.searchAction=function(t){t.map(function(t){"search"===t.type&amp;&amp;(t.enforce=!0,t.icon="&amp;#xe641;",t.click=n.searchClick(t,e))})},i.setEvents=function(e){for(var n=t.find(".sfa-action-item"),i=0;i&lt;n.length;i++)e[i].click&amp;&amp;"function"==typeof e[i].click&amp;&amp;t.find(n[i]).on("click",e[i].click);r.find(".sfa-action-more").click(function(){t.find(".sfa-action-menus").toggle()}),t.find(".sfa-action-menus").click(function(){setTimeout(function(){t.find(".sfa-action-menus").hide()},10)})},function(e,n){n=n||{},i.init(e);var o='&lt;% if: ${actions.length} &gt; (${options.maxIcons} || 2) %&gt;\n    &lt;%if: ${actions.enforce}%&gt;\n        &lt;div class="sfa-action-item"&gt;&lt;i class="c-icon"&gt;${action.icon|raw}&lt;/i&gt;&lt;/div&gt;\n    &lt;%/if%&gt;\n    &lt;div class="sfa-action-more"&gt;&lt;i class="c-icon"&gt;&amp;#xe63f;&lt;/i&gt;&lt;/div&gt;\n&lt;% else %&gt;\n    &lt;% for: ${actions} as ${action}, ${index} %&gt;\n    &lt;div class="sfa-action-item" data-index=${index}&gt;\n        &lt;% if: ${action.icon} %&gt;\n        &lt;i class="c-icon sfa-head-menu-icon"&gt;${action.icon|raw}&lt;/i&gt;\n        &lt;% else %&gt;\n        &lt;span class="sfa-tool-text"&gt;${action.text}&lt;/span&gt;\n        &lt;% /if %&gt;\n    &lt;/div&gt;\n    &lt;% /for %&gt;\n&lt;% /if %&gt;\n',a=i.renderActions(o,e,n);if(r.append(a),e.length&gt;(n.maxIcons||2)){var s='&lt;div class="sfa-action-menus"&gt;\n    &lt;% for: ${actions} as ${action}, ${index} %&gt;\n    &lt;div class="sfa-action-item" data-index=${index}&gt;\n    &lt;% if: ${action.icon} %&gt;\n        &lt;i class="c-icon sfa-head-menu-icon"&gt;${action.icon|raw}&lt;/i&gt;\n    &lt;%/if%&gt;\n        &lt;span class="sfa-tool-text"&gt;${action.text}&lt;/span&gt;\n    &lt;/div&gt;\n    &lt;% /for %&gt;\n&lt;/div&gt;\n',c=i.renderActions(s,e);t.append(c)}i.setEvents(e)}}var n=e("sf25/utils/searchbox/searchbox");return{setActionIcons:t}}),define("sf25/utils/viewLoading",["require"],function(){function e(e){var t=['&lt;div class="sfa-loading"&gt;','&lt;div class="sfa-loading-icon c-loading-zbios"&gt;&lt;i class="c-icon"&gt;&lt;/i&gt;&lt;/div&gt;',"&lt;span&gt;正在加载&lt;/span&gt;","&lt;/div&gt;"].join("");e.append(t)}function t(e){e&amp;&amp;e.find(".sfa-loading").remove()}return{show:e,close:t}}),define("sf25/utils/viewManager",["require","sfr"],function(e){var t=e("sfr").cache,n=function(e){this.ViewClass=e,this.cache=t.create(Math.random().toString().slice(3),{limit:3,onRemove:function(e,t,n){n&amp;&amp;e.destroy()}})};return n.prototype.getOrCreate=function(e){var t=this.get(e);return t||(t=new this.ViewClass(e),this.cache.set(e,t)),t},n.prototype.get=function(e){return this.cache.get(e)},n.prototype.remove=function(e){return this.cache.remove(e)},n}),define("sf25/view/commonView",["require","sfr","fusion/deps/naboo","sf25/view/render","sf25/window-guard"],function(e){function t(e,t,n,r){e.addEventListener(t,n,r),this.on("detach",function(){e.removeEventListener(t,n,r)})}function n(){var e=t;arguments.length&lt;4&amp;&amp;(e=s.partial(e,window)),e.apply(this,arguments)}var r=e("sfr"),i=e("fusion/deps/naboo"),o=e("sf25/view/render"),a=e("sf25/window-guard"),s=r._,c=r.view,u=r.action,l=r.promise,d=300,f=0,p="ease",h=$('&lt;style data-for="sf25/view/commonView"&gt;&lt;/style&gt;');h.text("#super-frame{font:14px/22px Arial,Helvetica,sans-serif;word-break:break-word;word-wrap:break-word}\n.sfa-view{z-index:501;width:100%;min-height:100%;background-color:#f2f2f2;overflow:auto}\n.sfa-view .sfa-body{overflow:hidden;text-align:left;padding-top:44px}\n.sfa-view .sfa-head{position:fixed;top:0;left:0;z-index:501;width:100%;height:44px;line-height:44px;text-align:center;font-size:18px;background-color:#fff;color:#333;-webkit-user-select:none;user-select:none;-webkit-transform:translate3d(0,0,0);transform:translate3d(0,0,0)}\n.sfa-view .sfa-back,.sfa-view .sfa-close{width:50px;height:44px;float:left;text-align:center;padding-left:2px}\n.sfa-view .sfa-back i{font-size:21px}\n.sfa-view .sfa-close{width:43px}\n.sfa-view .sfa-close span,.sfa-view .sfa-back span{font-size:16px;vertical-align:middle}\n.sfa-tool .sfa-action-more{overflow:hidden;display:inline-block;font-size:21px;width:44px}\n.active .sfa-tool .sfa-action-more:active,.active .sfa-tool .sfa-action-item:active{background:rgba(51,51,51,.4)}\n.sfa-action-item .sfa-tool-text{color:#666;font-size:14px;display:block;width:100%;overflow:hidden}\n.sfa-view .sfa-tool{min-width:44px;height:44px;float:right;text-align:center;padding-right:4px}\n.sfa-head .sfa-tool .sfa-action-item i{font-size:21px}\n.sfa-view .sfa-title{width:100%;padding:0 98px;box-sizing:border-box}\n.sfa-view .sfa-head-border{border-bottom:1px solid #f1f1f1}\n.sfa-view .sfa-title .c-line-clamp1{padding:0 8px}\n.active .sfa-head .sfa-back:active{background:rgba(51,51,51,.4)}\n.sfa-tool .sfa-action-item{display:inline-block;width:44px;overflow:hidden}\n.sfa-head .sfa-action-menus{display:none;float:right;width:auto;background-color:#fff;margin-right:5px;text-align:left;overflow:auto;box-shadow:0 2px 6px #d6d6d6}\n.sfa-action-menus .sfa-action-item{color:#666;font-size:16px;line-height:44px;padding:0 17px;border-bottom:1px solid #f1f1f1}\n.active .sfa-action-menus .sfa-action-item:active{background:rgba(51,51,51,.4)}\n.sfa-action-menus .sfa-action-item .sfa-head-menu-icon{color:#666;font-size:16px;display:block;line-height:44px;width:16px;overflow:hidden;text-align:left}\n.sfa-action-menus .sfa-action-item .sfa-tool-text{color:#666;font-size:16px;width:auto}\n.sfa-action-menus :last-child{border-bottom:0}\n.sfa-head .sfa-action-menus i{float:left;padding-right:14px}\n.sfa-head .search-box{display:-webkit-box;display:-webkit-flex;display:flex;background-color:#fff;font-size:14px;padding:5px 10px 6px 17px;box-sizing:border-box;height:100%;width:100%}\n.sfa-head .search-box .search-box-input-area{display:-webkit-box;display:-webkit-flex;display:flex;width:100%;box-sizing:border-box;height:34px;line-height:34px;color:#333;margin-right:7px;padding-right:3px;border-radius:16px;background:#f5f5f5}\n.sfa-head .search-box .search-box-button-area{width:46px;height:34px;line-height:34px;color:#333}\n.active .sfa-head .search-box .search-box-button-area:active{background:rgba(51,51,51,.4)}\n.search-box .search-icon{color:#c3c3c3;line-height:35px;padding-right:6px;padding-left:13px;font-size:14px}\n.search-box .search-action{line-height:34px;font-size:14px;outline:0}\n.search-action-cancel-icon{width:34px;color:#e0e0e0;font-size:14px}\n.search-box .search-box-input-container{-webkit-box-flex:1;-webkit-flex:1;flex:1;width:100%;height:100%;box-sizing:border-box;left:0}\n.search-box .search-box-input-container input{width:100%;height:100%;font-size:14px;vertical-align:top;outline:0;color:#333}\n.search-box-input::-webkit-input-placeholder{vertical-align:top;font-size:14px}\n.sfa-view .sfa-loading{position:absolute;top:50%;left:50%;color:#fff;width:161px;height:49px;line-height:49px;margin-top:-24px;margin-left:-80px;border-radius:1px;text-align:center}\n.sfa-loading .sfa-loading-icon{display:inline-block;width:37px;height:23px;margin-top:-4px;vertical-align:middle}\n.sfa-view .sfa-loading.sfa-loading-tab{width:147px;height:48px;margin-left:-73px}\n.sfa-view .sfa-loading .sfa-loading-icon-tab{width:100%;height:100%;overflow:hidden}\n.sfa-view .sfa-loading .sfa-loading-tab-bglogo{background:url(//m.baidu.com/se/static/img/iphone/tab_loading__bg_logo.png) no-repeat;background-size:147px 48px;height:48px;width:147px}\n.sfa-view .sfa-loading .sfa-loading-tab-toplight{background:url(//m.baidu.com/se/static/img/iphone/tab_loading_light.png) no-repeat;animation:1s marvel infinite;background-size:147px 48px;position:relative;height:48px;width:147px;top:-48px;left:-78px}\n@keyframes marvel{0%{left:-78px}\n100%{left:73px}}\n.sfa-view .sfa-loading i{height:23px;width:23px;background-size:23px;background-repeat:no-repeat;background-image:url(data:image/png;base64,iVBORw0KGgoAAAANSUhEUgAAAEUAAABFCAMAAAArU9sbAAAAllBMVEUAAAA5kv85kv85kv85kv85kv85kv85kv85kv85kv85kv85kv85kv85kv85kv85kv85kv85kv85kv85kv85kv85kv85kv85kv85kv85kv85kv85kv85kv85kv85kv85kv85kv85kv85kv85kv85kv85kv85kv85kv85kv85kv85kv85kv85kv85kv85kv85kv85kv85kv98v3f9AAAAMXRSTlMA+u4H8xwSDeG7KBapjYhP28EE9jfmpJoxItOALLFuQcxrZOrXdnPHVDyVe11aSIN5drPNPgAAAx5JREFUWMOlmOl2qlAMhbcyySCiBUFRUazzVXve/+Vuk2NZTgwHvx+uVjBk2MmJopxRkvvecBn0gqXt+ecZ1DEW8654ZO3lLhTQznZHvKNj70dohrWNRDm9rYZ6Rqsiki/7uBhkiZNkg208LLyL/qGOcCkk39eD9hhm5veEZDirdsS/eRGHby9nY+lRZ1VVmJ200XfLb4mlnbmJEhzpsWegCseWEZfcFXJau3vUkX9xsZy3RvjaboJ6Zt/8vNmbK+zJWGsmKZvF/PJEg3PSb6zuMd0emE/v7hSMMGxmjgf6HI5Sr3FQC9yRsSI1qGBNSX7OnSbpjbUBNRydHo2CDbkygCo5faxoTVfnpKgzpA7XIKEW1F2oM6OeWoExyZUr2hBTJ4xALFq5wkzIGdl40xe9qWlvzsFRph20IyPNUBzp7x9LtGRE7ZcD2LGQW8L19QCLEjRBWw6keuBCxUJrRjTbZliwS+0Zchccf19PaA1/3ofNumnPimMJfl9DtGfA46HLJWpPSGcTqNAmKnCT6r7mGpP+raqG64qxW2uFxoKBcjw6vxYjlJHQiYKophfngliGVeJdgg7LqsgtXy4JsVlRI9beoMmSsM7L9cJDb1OniUAQO+nz63mYYttk/msnnVeo/ms1ydEzLpzjWgxPENH5uad1zqspuNT1ZFNB2M5LibojObxzNN9hO/59WOltfPtcqka4sVyci5pKH1bcTgr9mOzkhvl3f1LkI+BaNeVfxMtsqhWHow3ihxJkoSlWn8UcXCjEr2JrcPVX4TURs2fAv1sa+uSMCQWkmPUrubIFI/06QgXtxNvxQy58+vcAFVjMj/uhFZEKTKhxJiNT7WFIkATVMH396fgYqy7NjHk9PYqAvx/84EMc7rQNPiT8kkF9yKBTfJP73EzvgM/IuoKI3Wq5pW5NiqfyzNhY5cVNdbHe17RHfGuO1MA7Jn1dtrNWk5zo73eJ3Hg2sRgKSZA1G0JMMN4MQscwzUm4//F64oZ+0lCPS26X0k2basHcTEtsLFcWFEj86auJ1IEy5mUbD4NIF3r0bR+3lwov/gPz4J/MfidXggAAAABJRU5ErkJggg==)}\n.sfa-view .sfa-loading span{display:inline-block;color:#6b6b6b;font-size:18px;padding-right:3px;vertical-align:middle}\n.sfa-view-no-head .sfa-head{display:none}\n.sfa-view-no-head .sfa-body{padding-top:0}\n.sfa-view-transparent-head .sfa-head{background:-moz-linear-gradient(top,rgba(0,0,0,.3) 0,rgba(0,0,0,.2) 25%,rgba(0,0,0,0) 100%);background:-webkit-linear-gradient(top,rgba(0,0,0,.3) 0,rgba(0,0,0,.2) 25%,rgba(0,0,0,0) 100%);background:linear-gradient(to bottom,rgba(0,0,0,.3) 0,rgba(0,0,0,.2) 25%,rgba(0,0,0,0) 100%);color:#fff;text-shadow:0 0 1px rgba(0,0,0,.4)}\n.sfa-view-transparent-head .sfa-body{padding-top:0}\n.sfa-results .c-result:first-of-type .c-container:first-of-type{margin-top:0}\n.sfa-top-results .c-result .c-container:first-of-type{margin:0;padding:0}"),$("head").append(h);var m=function(){c.apply(this,arguments);var e=this,t=Object.create({performance:{}},{head:{writeable:!1,get:function(){return e.$sfHead&amp;&amp;e.$sfHead[0]}},body:{writeable:!1,get:function(){return e.$sfBody&amp;&amp;e.$sfBody[0]}},container:{writeable:!1,get:function(){return e.$container&amp;&amp;e.$container[0]}},render:{writeable:!1,get:function(){return e.renderer}},addEventListener:{writeable:!1,get:function(){return n}}});this.vw=t,r.emitter.mixin(this.vw)},g=function(){};return g.prototype=c.prototype,m.prototype=new g,m.uber=c.prototype,m.prototype.constructor=m,m.prototype.setTemplateStream=function(e){this.ts=e},m.prototype.renderFrame=function(e){if(this.frameRendered)return!1;this.frameRendered=!0;var t='&lt;i class="c-icon"&gt;&amp;#xe750;&lt;/i&gt;';e.hasOwnProperty("backHtml")&amp;&amp;(t=e.backHtml),this.$sfHead=$(['&lt;div class="sfa-head"&gt;','&lt;div class="sfa-back"&gt;'+t+"&lt;/div&gt;",'&lt;div class="sfa-tool"&gt;&lt;/div&gt;','&lt;div class="sfa-title"&gt;','&lt;div class="c-line-clamp1"&gt;'+(e.headTitle||"")+"&lt;/div&gt;","&lt;/div&gt;","&lt;/div&gt;"].join(""));var n={};e.headHeight&amp;&amp;(n.height=e.headHeight),e.headBackground&amp;&amp;(n.background=e.headBackground),e.headColor&amp;&amp;(n.color=e.headColor),this.$sfHead.css(n),this.$sfBody=$('&lt;div class="sfa-body"&gt;'),this.$container=$('&lt;div class="sfa-view"&gt;'),e.customClassName&amp;&amp;this.$container.addClass(e.customClassName),this.$container.append(this.$sfHead).append(this.$sfBody),$(r.doc).append(this.$container)},m.prototype.startEnterAnimate=function(){var e=new $.Deferred;if(this.enterAnimate){var t=this.$container[0];i.enter(t,d,p,f).start(function(){e.resolve()})}else this.$container.css({opacity:1,"-webkit-transform":"none",transform:"none"}).show(),e.resolve();return e.promise()},m.prototype.prepareRender=function(){this.$container.css({position:"static",overflow:"auto",height:"auto","-webkit-transform":"none",transform:"none","min-height":$(window).height()}),this.$container.find(".sfa-back").on("click",function(e){u.back(),e.preventDefault()}),this.renderer||(this.renderer=new o(this.vw)),window._SF_=window._SF_||{},window._SF_._global_=this.renderer.global._global_,window._SF_.page=this.renderer.global.scope,window._SF_.vw=this.vw},m.prototype.renderStream=function(){return console.warn("view.renderStream is deprecated, use view.render() instead."),this.render()},m.prototype.render=function(){if(this.prepareRender(),this.streamRenderPromise)return this.streamRenderPromise;this.guardContext=a.createContext();var e=this;return this.streamRenderPromise=new l(function(t,n){var r=l.resolve();e.ts.on("readable",function(){e.vw.performance.domLoading=Date.now(),e.vw.emit("beforeRender")}),e.ts.on("data",function(t){t.innerHTML+="&lt;rendermark&gt;&lt;/rendermark&gt;",e.vw.body&amp;&amp;(r=e.renderer.render(t).then(function(){void 0===e.vw.performance.firstTemplateLoaded&amp;&amp;(e.vw.performance.firstTemplateLoaded=Date.now())}))}),e.ts.on("end",function(){r.then(function(){e.vw.performance.domInteractive=Date.now(),e.vw.emit("endRender"),t()})}),e.ts.on("error",n)})},m.prototype.attach=function(){var e=this;return new l(function(t){e.vw.emit("attach"),t()})},m.prototype.detach=function(){var e=new $.Deferred;this.$container&amp;&amp;this.$container.find(".sfa-back").off("click"),this.vw.emit("detach"),e.resolve();var t=this;return e.promise().then(function(){var e=a.checkContext(t.guardContext);e.totalChanges&gt;1?console.warn("You have some changes leaved on window!",e):console.log("guard pass")})},m.prototype.startExitAnimate=function(){var e=new $.Deferred;if(this.exitAnimate){var t=this.$container[0];i.exit(t,d,p,f).start(function(){e.resolve()})}else this.$container.css({display:"none",position:"static","-webkit-transform":"none",transform:"none"}),e.resolve();return e.promise()},m.prototype.hideView=function(){this.$container.hide()},m.prototype.removeDom=function(){this.$container.remove(),delete this.$container,delete this.$sfHead,delete this.$sfBody},m}),define("sf25/view/domRenderView",["require","sf25/view/commonView","sfr","sf25/window-guard"],function(e){function t(e,t,n){e.prototype[t]=r.wrap(e.uber[t],n)}var n=e("sf25/view/commonView"),r=e("sfr")._,i=e("sf25/window-guard"),o=window.Zepto,a=function(e){n.apply(this,arguments),this.type=e};return a.prototype=new n,a.uber=n.prototype,a.prototype.constructor=a,a.prototype.setTemplateStream=function(e){this.resourceQueryPromise=e},a.prototype.render=function(){if(this.prepareRender(),this.streamRenderPromise)return this.streamRenderPromise;this.guardContext=i.createContext();var e=this;return this.streamRenderPromise=this.resourceQueryPromise.then(function(t){e.vw.emit("beforeRender");var n=t.data+"&lt;rendermark&gt;&lt;/rendermark&gt;",r=o("&lt;div&gt;").html(n);return r.find("[data-sfr-omit]").remove(),r.find("title, meta").remove(),e.renderer.render({type:"template/body",innerHTML:r.html()})})},t(a,"renderFrame",function(e,t){return e.call(this,t)===!1?!1:void 0}),t(a,"attach",function(e){return this.vw&amp;&amp;this.vw.tc&amp;&amp;(window.tc=this.vw.tc),e.call(this)}),t(a,"detach",function(e){var t=e.call(this);return this.vw.tc=window.tc,delete window.tc,t}),a}),define("sf25/view/ecomView",["require","sf25/view/commonView","sfr"],function(e){var t=e("sf25/view/commonView"),n=e("sfr")._,r=function(){t.apply(this,arguments)};return r.prototype=new t,r.uber=t.prototype,r.prototype.constructor=r,r.prototype.renderFrame=n.wrap(t.prototype.renderFrame,function(e,t){return e.call(this,t)===!1?!1:void(t.noHead&amp;&amp;(this.$sfHead.hide(),this.$sfBody.css({"padding-top":"0"})))}),r}),define("sf25/view/ifsView",["require","sf25/view/sceneView","../../pmd/deps/detect","sf25/utils/titlebar/titlebar"],function(e){function t(e){var t=window.$,n=t(window).height();this.lastHeight=n,e.$SceneView.css("min-height",n+"px");var r=e.$sfHead.height(),i=n-r;e.$sfBody.find(".sfc-act-sf-mip-container-wrapper").height(i),e.viewer.render()}function n(e){(u.android&amp;&amp;!u.android4&amp;&amp;!u.uc&amp;&amp;!u.bdbox||u.android4)&amp;&amp;e.$SceneView.addClass("sfc-act-sf-mip-notransform")}function r(e){u.android4&amp;&amp;e.$SceneView.addClass("sfc-act-sf-mip-nooverflow")}var i=e("sf25/view/sceneView"),o=e("../../pmd/deps/detect"),a=function(){i.apply(this,arguments)},s=function(){};s.prototype=i.prototype,a.prototype=new s,a.prototype.constructor=a,a.prototype._super=i.prototype,a.prototype.render=function(t){if(!(this.$SceneView&amp;&amp;this.$SceneView.length&gt;0)){this._super.render.call(this,t);var i=e("sf25/utils/titlebar/titlebar");this.setHeadActionIcons=i.setActionIcons({etpl:page.etpl,head:this.$sfHead,container:this.$SceneView}),this.$sfBody.html(["&lt;style&gt;.sf-act-mib-frame .sf-head{background-color:#fff;box-shadow:0 1px 3px rgba(0,0,0,.2)}\n.sfc-act-sf-mip-container{display:block;width:100%;height:100%;overflow:hidden;position:relative;-webkit-tap-highlight-color:rgba(0,0,0,0)}\n.sfc-act-sf-mip-container-wrapper{display:block;height:100%;width:100%;border-right:0 solid #ccc;background-color:#fff;font-size:0;line-height:0;-webkit-overflow-scrolling:touch;overflow-y:scroll;z-index:1;-webkit-transform:translate3d(0,0,0);transform:translate3d(0,0,0)}\n.sfc-act-sf-mip-container iframe{background-color:#fff;border:0;width:1px;min-width:100%;height:100%;-webkit-overflow-scrolling:touch;overflow-y:scroll;overflow-x:hidden}\n.sfc-act-sf-mip-loading{position:absolute;top:150px;left:0;width:100%;text-align:center;z-index:2}\n.sfc-act-sf-mip-notransform .sfc-act-sf-mip-container{position:static}\n.sfc-act-sf-mip-notransform .sfc-act-sf-mip-container-wrapper{-webkit-transform:none;transform:none}\n.sfc-act-sf-mip-nooverflow .sfc-act-sf-mip-container-wrapper{overflow-y:hidden}\n.sfc-act-sf-tc-view.sfa-view{background:#e6e6e6}\n.sfc-act-sf-tc-view .sfc-act-sf-mip-container-wrapper{background:#e6e6e6}\n.sfc-act-sf-tc-view .sfc-act-sf-mip-container iframe{background:#e6e6e6}&lt;/style&gt;",'&lt;div class="sfc-act-sf-mip-box"&gt;','&lt;div class="sfc-act-sf-mip-container"&gt;','&lt;div class="sfc-act-sf-mip-container-wrapper"&gt;'].join("")),this.$SceneView.css({background:"#fff"}),n(this),r(this)}},a.prototype.renderBody=function(){this.viewer.setConfig({target:this.$sfBody.find(".sfc-act-sf-mip-container-wrapper")[0]}),t(this)},a.prototype.resize=function(){t(this)};var c=navigator.userAgent,u={iOS:"ios"===o.os.n,android:"android"===o.os.n,android4:/android.*?(\d\.\d)/i.test(c)&amp;&amp;RegExp.$1&lt;=4.5,uc:/UCBrowser/i.test(c),bdbox:/baiduboxapp/i.test(c)};return a}),define("sf25/view/imageView",["require","sf25/view/commonView","sfr","../../pmd/deps/detect"],function(e){var t=e("sf25/view/commonView"),n=e("sfr")._,r=e("../../pmd/deps/detect"),i=function(e){t.apply(this,arguments),this.type=e};return i.prototype=new t,i.uber=t.prototype,i.prototype.constructor=i,i.prototype.renderFrame=n.wrap(t.prototype.renderFrame,function(e,t){return e.call(this,t)===!1?!1:void("detail"===this.type?(this.$container.css({background:"#000"}),this.$sfHead.hide()):"result"===this.type&amp;&amp;this.$sfHead.css({background:"#f7f7f7",color:"#585858"}))}),i.prototype.prepareRender=n.wrap(t.prototype.prepareRender,function(e){e.call(this),"detail"===this.type&amp;&amp;"android"===r.os.n&amp;&amp;"zbios"===r.browser.n&amp;&amp;(this.$container.css({"min-height":"100vh"}),$(window).on("resize",$.proxy(this.resize,this))),this.renderer.clientFunction=function(e){return["function(vw, page, _global_){","  var require = _global_.require;","  var define = _global_.define;",e,"}"].join("\n")}}),i.prototype.resize=function(){this.$container.css({"min-height":$(window).height()})},i.prototype.detach=n.wrap(t.prototype.detach,function(e){e.call(this),$(window).off("resize",$.proxy(this.resize,this))}),i}),define("sf25/view/novelView",["require","sf25/view/commonView","sfr","sf25/window-guard"],function(e){function t(e,t,n){e.prototype[t]=r.wrap(e.uber[t],n)}var n=e("sf25/view/commonView"),r=e("sfr")._,i=e("sf25/window-guard"),o=window.Zepto,a=function(e){n.apply(this,arguments),this.type=e};return a.prototype=new n,a.uber=n.prototype,a.prototype.constructor=a,a.prototype.setTemplateStream=function(e){this.resourceQueryPromise=e},a.prototype.render=function(){if(this.prepareRender(),this.streamRenderPromise)return this.streamRenderPromise;this.guardContext=i.createContext();var e=this;return this.streamRenderPromise=this.resourceQueryPromise.then(function(t){e.vw.emit("beforeRender");var n=t.data+"&lt;rendermark&gt;&lt;/rendermark&gt;",r=o("&lt;div&gt;").html(n);return r.find("[data-sfr-omit]").remove(),r.find("title, meta").remove(),e.renderer.render({type:"template/body","use-loader":!0,innerHTML:r.html()})})},t(a,"renderFrame",function(e,t){return e.call(this,t)===!1?!1:void 0}),t(a,"attach",function(e){return this.vw&amp;&amp;this.vw.tc&amp;&amp;(window.tc=this.vw.tc),e.call(this)}),t(a,"detach",function(e){var t=e.call(this);return this.vw.tc=window.tc,delete window.tc,t}),a}),define("sf25/view/render",["sfr"],function(e){function t(e){this.global={scope:{},virtualWindow:e};var t=this;this.global._global_=Object.create(null,{container:{writeable:!1,get:function(){return t.global.virtualWindow.container}}}),this.queue=u.resolve()}function n(e,t){for(;e.childNodes.length&gt;0;)t.appendChild(e.childNodes[0])}function r(e,n){var r=c.toArray(e).filter(function(e){return d.test(e.rel)});return new u(function(e){function i(){o--,0===o&amp;&amp;e()}var o=r.length;return 0===o?(o=1,i()):void r.forEach(function(e){n.appendChild(e),t.load(e,i)})})}function i(e){var t="sf_closure_eval_"+Math.random().toString(36).substr(2);return window[t]=function(t){t(e.virtualWindow,e.scope,e._global_)},t}function o(e){delete window[e]}function a(e,n){function r(){document.head.removeChild(e),n()}document.head.appendChild(e),e.src?t.load(e,r):r()}function s(e){var t=document.createElement("script");return t.src=e.src,t}var c=e._,u=e.promise,l=/^$|\/(?:java|ecma)script/i,d=/stylesheet/i;return t.prototype.render=function(e){return this.queue=this.queue.catch(function(e){setTimeout(function(){throw e})}).then(function(){return this.renderer(e)}.bind(this))},t.prototype.setRenderer=function(e){this.global.renderer=e},t.prototype.renderer=function(e){var t=this.global.virtualWindow.head,n=this.global.virtualWindow.body;switch(e.type){case"template/head":return this.renderPartial(t,e);case"template/body":return this.renderPartial(n,e);default:return this.renderPartial(n,e)}},t.prototype.renderPartial=function(e,t){var i=t.innerHTML,o=document.createElement("div");o.innerHTML=i;var a=o.querySelectorAll("link"),s=o.querySelectorAll("script");return u.resolve().then(function(){return r(a,e)}).then(function(){return n(o,e)}).then(function(){return this.enforceJS(s,t)}.bind(this))},t.prototype.enforceJS=function(e,t){var n=i(this.global),r=-1,d=c.toArray(e).filter(function(e){return l.test(e.type)}).map(function(e){var i;if(e.src)i=s(e),r++;else{var o=t.hasOwnProperty("use-loader");o&amp;&amp;r++,i=this.wrapScript(e,o?"_superframeJSLoader":n)}return i.setAttribute("data-evaluator-id",n),i.setAttribute("data-script-index",r),i},this);return new u(function(e){function t(){r--,0===r&amp;&amp;(o(n),e())}var r=d.length;return 0===r?(r=1,t()):void d.forEach(function(e){a(e,t)})})},t.prototype.wrapScript=function(e,t){var n=document.createElement("script");return n.text=t+"("+this.clientFunction(e.innerHTML)+");",n},t.prototype.clientFunction=function(e){return"function(vw, page, _global_){"+e+"}"},t.load=function(e,t){var n=!1;e.onload=e.onerror=e.onreadystatechange=function(){var r=e.readyState;if("undefined"==typeof r||/^(loaded|complete)$/.test(r)){if(n)return;n=!0,setTimeout(function(){t(e)})}}},t}),define("sf25/view/sceneRender",["require"],function(){function e(e){var t,n,r,i,o,a,s,c;for(t={},n=e.split('&lt;template id="sf_async_'),i=n.length,r=0;i&gt;r;r++)o=n[r],a=o.indexOf("&gt;"),s=o.lastIndexOf("&lt;/template&gt;"),a&gt;-1&amp;&amp;s&gt;-1&amp;&amp;(c=o.substring(0,a).match(/([^&gt;]*)['|"][^&gt;]*/),c&amp;&amp;c[1]&amp;&amp;(t["sf_async_"+c[1]]=o.substring(a+1,s)));return t}function t(e,t){var n,r,i,o,a,s=[],c=[];for(r=t.length,i=0;r&gt;i;i++)o=t[i],s.push(o[0]),c.push(o[1]);s.push(e);try{n=Function.apply(null,s),a=n.apply(this,c)}catch(u){setTimeout(function(){throw u})}return a}function n(e,t){var n=[];return t&amp;&amp;t.page&amp;&amp;t.view?(n=[["_global_",e],["page",t.page],["view",t.view],["card",e.card]],_SF_._global_=e,_SF_.page=t.page,_SF_.view=t.view,_SF_.card=e.card):(n=[["_global_",e],["page",e.page],["view",e.view],["card",e.card]],_SF_._global_=e,_SF_.page=e.page,_SF_.view=e.view,_SF_.card=e.card),n}function r(e){var t=document.getElementsByTagName("link");if(t&amp;&amp;t.length&gt;0)for(var n=0,r=t.length;r&gt;n;n++)if(t[n].href===e)return!0;return!1}function i(e,t){if(t=t||function(){},r(e))t();else{var n=document.createElement("link");n.href=e,n.type="text/css",n.rel="stylesheet",n.onload=n.onreadystatechange=function(){this.readyState&amp;&amp;"loaded"!==this.readyState&amp;&amp;"complete"!==this.readyState||t()},document.getElementsByTagName("head")[0].appendChild(n)}}function o(e,t){for(var n=0,r=0,o=e.length;o&gt;r;r++)i(e[r],function(){n++,n===e.length&amp;&amp;t&amp;&amp;"function"==typeof t&amp;&amp;t()})}function a(e,t){if(t=t||function(){},r(e))t();else{var n=document.createElement("script");n.src=e,n.type="text/javascript";var i=!1;n.onload=n.onerror=n.onreadystatechange=function(){this.readyState&amp;&amp;"loaded"!==this.readyState&amp;&amp;"complete"!==this.readyState||i||(i=!0,t())},document.getElementsByTagName("head")[0].appendChild(n)}}function s(e,r,i){function o(){0&gt;=l&amp;&amp;s()}function s(){setTimeout(function(){u=n(r,i),e.sf_async_foot_js&amp;&amp;t(e.sf_async_foot_js.replace(/&lt;\/?script&gt;/gi,""),u),setTimeout(function(){var e=new Event("ContainerContentLoaded");r.container&amp;&amp;r.container.dispatchEvent(e)})})}r=r||{};var u=n(r,i),l=0;if(e.sf_async_head_js&amp;&amp;t(e.sf_async_head_js.replace(/&lt;\/?script&gt;/gi,""),u),u=n(r,i),i&amp;&amp;i.options&amp;&amp;1==i.options.vsearch_change&amp;&amp;e.sf_async_searchBox&amp;&amp;c(e.sf_async_searchBox,r,i),e.sf_async_body){r.container&amp;&amp;(r.container.innerHTML+=e.sf_async_body);for(var d=r.container.getElementsByTagName("script"),f=0,p=d.length;p&gt;f;f++){var h=d[f];h.src?(l++,a(h.src,function(){return l--,o(),function(e){e.parentNode.removeChild(e)}})):(u=n(r,i),t(h.innerHTML,u))}i&amp;&amp;i.options&amp;&amp;i.options.disableFadein||$(r.container).css({opacity:0}).animate({opacity:1},200),r&amp;&amp;r.view&amp;&amp;r.view.on("domready",function(){i&amp;&amp;i.state&amp;&amp;i.state.offsetY&amp;&amp;setTimeout(function(){scrollTo(0,i.state.offsetY)},1)})}u=n(r,i),e.sf_async_merge_js&amp;&amp;t(e.sf_async_merge_js.replace(/&lt;\/?script&gt;/gi,""),u),o()}function c(e){var t=$(".se-page-hd-content .se-tablink-scroll-touch"),n=$(".se-page-hd-content .se-tablink-scroll-touch");t.empty(),t.append(e),n.scrollLeft(0)}function u(t,n,r){var i=e(t),a=i.sf_async_css;if(n=n||{},n.container&amp;&amp;(n.container.innerHTML=""),a){var c=a.match(/href=([\'\"])(.*?)\1/gi);if(c.length&amp;&amp;c.length&gt;0){for(var u=0,l=c.length;l&gt;u;u++)c[u]=c[u].replace("href=","").replace(/[\'\"]/g,"");o(c,function(){s(i,n,r)}),a=a.replace(/&lt;link.*?&gt;/gi,"")}n.container&amp;&amp;(n.container.innerHTML+=a)}else s(i,n,r)}return window._SF_={},u}),define("sf25/view/sceneView",["require","sfr","fusion/deps/naboo","../../pmd/deps/detect","sf25/view/sceneRender","sf25/utils/viewLoading"],function(e){var t=e("sfr"),n=e("fusion/deps/naboo"),r=e("../../pmd/deps/detect"),i=e("sf25/view/sceneRender"),o=e("sf25/utils/viewLoading"),a=t.view,s=t.action,c=300,u=0,l="ease",d=$('&lt;style data-for="sf25/view/sceneView"&gt;&lt;/style&gt;');d.text("#super-frame{font:14px/22px Arial,Helvetica,sans-serif;word-break:break-word;word-wrap:break-word}\n.sfa-view{z-index:501;width:100%;min-height:100%;background-color:#f2f2f2;overflow:auto}\n.sfa-view .sfa-body{overflow:hidden;text-align:left;padding-top:44px}\n.sfa-view .sfa-head{position:fixed;top:0;left:0;z-index:501;width:100%;height:44px;line-height:44px;text-align:center;font-size:18px;background-color:#fff;color:#333;-webkit-user-select:none;user-select:none;-webkit-transform:translate3d(0,0,0);transform:translate3d(0,0,0)}\n.sfa-view .sfa-back,.sfa-view .sfa-close{width:50px;height:44px;float:left;text-align:center;padding-left:2px}\n.sfa-view .sfa-back i{font-size:21px}\n.sfa-view .sfa-close{width:43px}\n.sfa-view .sfa-close span,.sfa-view .sfa-back span{font-size:16px;vertical-align:middle}\n.sfa-tool .sfa-action-more{overflow:hidden;display:inline-block;font-size:21px;width:44px}\n.active .sfa-tool .sfa-action-more:active,.active .sfa-tool .sfa-action-item:active{background:rgba(51,51,51,.4)}\n.sfa-action-item .sfa-tool-text{color:#666;font-size:14px;display:block;width:100%;overflow:hidden}\n.sfa-view .sfa-tool{min-width:44px;height:44px;float:right;text-align:center;padding-right:4px}\n.sfa-head .sfa-tool .sfa-action-item i{font-size:21px}\n.sfa-view .sfa-title{width:100%;padding:0 98px;box-sizing:border-box}\n.sfa-view .sfa-head-border{border-bottom:1px solid #f1f1f1}\n.sfa-view .sfa-title .c-line-clamp1{padding:0 8px}\n.active .sfa-head .sfa-back:active{background:rgba(51,51,51,.4)}\n.sfa-tool .sfa-action-item{display:inline-block;width:44px;overflow:hidden}\n.sfa-head .sfa-action-menus{display:none;float:right;width:auto;background-color:#fff;margin-right:5px;text-align:left;overflow:auto;box-shadow:0 2px 6px #d6d6d6}\n.sfa-action-menus .sfa-action-item{color:#666;font-size:16px;line-height:44px;padding:0 17px;border-bottom:1px solid #f1f1f1}\n.active .sfa-action-menus .sfa-action-item:active{background:rgba(51,51,51,.4)}\n.sfa-action-menus .sfa-action-item .sfa-head-menu-icon{color:#666;font-size:16px;display:block;line-height:44px;width:16px;overflow:hidden;text-align:left}\n.sfa-action-menus .sfa-action-item .sfa-tool-text{color:#666;font-size:16px;width:auto}\n.sfa-action-menus :last-child{border-bottom:0}\n.sfa-head .sfa-action-menus i{float:left;padding-right:14px}\n.sfa-head .search-box{display:-webkit-box;display:-webkit-flex;display:flex;background-color:#fff;font-size:14px;padding:5px 10px 6px 17px;box-sizing:border-box;height:100%;width:100%}\n.sfa-head .search-box .search-box-input-area{display:-webkit-box;display:-webkit-flex;display:flex;width:100%;box-sizing:border-box;height:34px;line-height:34px;color:#333;margin-right:7px;padding-right:3px;border-radius:16px;background:#f5f5f5}\n.sfa-head .search-box .search-box-button-area{width:46px;height:34px;line-height:34px;color:#333}\n.active .sfa-head .search-box .search-box-button-area:active{background:rgba(51,51,51,.4)}\n.search-box .search-icon{color:#c3c3c3;line-height:35px;padding-right:6px;padding-left:13px;font-size:14px}\n.search-box .search-action{line-height:34px;font-size:14px;outline:0}\n.search-action-cancel-icon{width:34px;color:#e0e0e0;font-size:14px}\n.search-box .search-box-input-container{-webkit-box-flex:1;-webkit-flex:1;flex:1;width:100%;height:100%;box-sizing:border-box;left:0}\n.search-box .search-box-input-container input{width:100%;height:100%;font-size:14px;vertical-align:top;outline:0;color:#333}\n.search-box-input::-webkit-input-placeholder{vertical-align:top;font-size:14px}\n.sfa-view .sfa-loading{position:absolute;top:50%;left:50%;color:#fff;width:161px;height:49px;line-height:49px;margin-top:-24px;margin-left:-80px;border-radius:1px;text-align:center}\n.sfa-loading .sfa-loading-icon{display:inline-block;width:37px;height:23px;margin-top:-4px;vertical-align:middle}\n.sfa-view .sfa-loading.sfa-loading-tab{width:147px;height:48px;margin-left:-73px}\n.sfa-view .sfa-loading .sfa-loading-icon-tab{width:100%;height:100%;overflow:hidden}\n.sfa-view .sfa-loading .sfa-loading-tab-bglogo{background:url(//m.baidu.com/se/static/img/iphone/tab_loading__bg_logo.png) no-repeat;background-size:147px 48px;height:48px;width:147px}\n.sfa-view .sfa-loading .sfa-loading-tab-toplight{background:url(//m.baidu.com/se/static/img/iphone/tab_loading_light.png) no-repeat;animation:1s marvel infinite;background-size:147px 48px;position:relative;height:48px;width:147px;top:-48px;left:-78px}\n@keyframes marvel{0%{left:-78px}\n100%{left:73px}}\n.sfa-view .sfa-loading i{height:23px;width:23px;background-size:23px;background-repeat:no-repeat;background-image:url(data:image/png;base64,iVBORw0KGgoAAAANSUhEUgAAAEUAAABFCAMAAAArU9sbAAAAllBMVEUAAAA5kv85kv85kv85kv85kv85kv85kv85kv85kv85kv85kv85kv85kv85kv85kv85kv85kv85kv85kv85kv85kv85kv85kv85kv85kv85kv85kv85kv85kv85kv85kv85kv85kv85kv85kv85kv85kv85kv85kv85kv85kv85kv85kv85kv85kv85kv85kv85kv85kv98v3f9AAAAMXRSTlMA+u4H8xwSDeG7KBapjYhP28EE9jfmpJoxItOALLFuQcxrZOrXdnPHVDyVe11aSIN5drPNPgAAAx5JREFUWMOlmOl2qlAMhbcyySCiBUFRUazzVXve/+Vuk2NZTgwHvx+uVjBk2MmJopxRkvvecBn0gqXt+ecZ1DEW8654ZO3lLhTQznZHvKNj70dohrWNRDm9rYZ6Rqsiki/7uBhkiZNkg208LLyL/qGOcCkk39eD9hhm5veEZDirdsS/eRGHby9nY+lRZ1VVmJ200XfLb4mlnbmJEhzpsWegCseWEZfcFXJau3vUkX9xsZy3RvjaboJ6Zt/8vNmbK+zJWGsmKZvF/PJEg3PSb6zuMd0emE/v7hSMMGxmjgf6HI5Sr3FQC9yRsSI1qGBNSX7OnSbpjbUBNRydHo2CDbkygCo5faxoTVfnpKgzpA7XIKEW1F2oM6OeWoExyZUr2hBTJ4xALFq5wkzIGdl40xe9qWlvzsFRph20IyPNUBzp7x9LtGRE7ZcD2LGQW8L19QCLEjRBWw6keuBCxUJrRjTbZliwS+0Zchccf19PaA1/3ofNumnPimMJfl9DtGfA46HLJWpPSGcTqNAmKnCT6r7mGpP+raqG64qxW2uFxoKBcjw6vxYjlJHQiYKophfngliGVeJdgg7LqsgtXy4JsVlRI9beoMmSsM7L9cJDb1OniUAQO+nz63mYYttk/msnnVeo/ms1ydEzLpzjWgxPENH5uad1zqspuNT1ZFNB2M5LibojObxzNN9hO/59WOltfPtcqka4sVyci5pKH1bcTgr9mOzkhvl3f1LkI+BaNeVfxMtsqhWHow3ihxJkoSlWn8UcXCjEr2JrcPVX4TURs2fAv1sa+uSMCQWkmPUrubIFI/06QgXtxNvxQy58+vcAFVjMj/uhFZEKTKhxJiNT7WFIkATVMH396fgYqy7NjHk9PYqAvx/84EMc7rQNPiT8kkF9yKBTfJP73EzvgM/IuoKI3Wq5pW5NiqfyzNhY5cVNdbHe17RHfGuO1MA7Jn1dtrNWk5zo73eJ3Hg2sRgKSZA1G0JMMN4MQscwzUm4//F64oZ+0lCPS26X0k2basHcTEtsLFcWFEj86auJ1IEy5mUbD4NIF3r0bR+3lwov/gPz4J/MfidXggAAAABJRU5ErkJggg==)}\n.sfa-view .sfa-loading span{display:inline-block;color:#6b6b6b;font-size:18px;padding-right:3px;vertical-align:middle}\n.sfa-view-no-head .sfa-head{display:none}\n.sfa-view-no-head .sfa-body{padding-top:0}\n.sfa-view-transparent-head .sfa-head{background:-moz-linear-gradient(top,rgba(0,0,0,.3) 0,rgba(0,0,0,.2) 25%,rgba(0,0,0,0) 100%);background:-webkit-linear-gradient(top,rgba(0,0,0,.3) 0,rgba(0,0,0,.2) 25%,rgba(0,0,0,0) 100%);background:linear-gradient(to bottom,rgba(0,0,0,.3) 0,rgba(0,0,0,.2) 25%,rgba(0,0,0,0) 100%);color:#fff;text-shadow:0 0 1px rgba(0,0,0,.4)}\n.sfa-view-transparent-head .sfa-body{padding-top:0}\n.sfa-results .c-result:first-of-type .c-container:first-of-type{margin-top:0}\n.sfa-top-results .c-result .c-container:first-of-type{margin:0;padding:0}"),$("head").append(d);var f=[];f[0]="sfa-view-default-head",f[1]="sfa-view-no-head",f[6]="sfa-view-transparent-head";var p=function(){a.apply(this,arguments)},h=function(){};return h.prototype=a.prototype,p.prototype=new h,p.uber=a.prototype,p.prototype.constructor=p,p.prototype.create=function(e){var t=new $.Deferred;this.createdAt=Date.now(),this.opts=e,this.globals=this.globals||{},this.$superframe=$("#super-frame"),this.$superframe.length||(this.$superframe=$('&lt;div id="super-frame"&gt;&lt;/div&gt;'),$("body").append(this.$superframe)),this.render(e),this.$superframe.append(this.$SceneView);var r=this;if(this.enterAnimate){var i=this.$SceneView[0];n.enter(i,c,l,u).start(function(){t.resolve(),r.rendered||o.show(r.$SceneView)})}else this.$SceneView.css({opacity:1,"-webkit-transform":"none",transform:"none"}).show(),t.resolve();return t.promise()},p.prototype.render=function(e){var t=this;if(!(t.$SceneView&amp;&amp;t.$SceneView.length&gt;0)){var n=['&lt;div class="sfa-head sfa-head-border"&gt;','&lt;div class="sfa-back"&gt;&lt;i class="c-icon"&gt;&amp;#xe750;&lt;/i&gt;&lt;/div&gt;','&lt;div class="sfa-tool"&gt;'+(e.headTool||"")+"&lt;/div&gt;",'&lt;div class="sfa-title"&gt;','&lt;div class="c-line-clamp1"&gt;'+e.headTitle+"&lt;/div&gt;","&lt;/div&gt;","&lt;/div&gt;"].join(""),i=['&lt;div class="sfa-body"&gt;',"&lt;div&gt;"].join("");t.$SceneView=$("ios"!==r.os.n||"zbios"!==r.browser.n&amp;&amp;"bmbadr"!==r.browser.n?'&lt;div class="sfa-view active"&gt;&lt;/div&gt;':'&lt;div class="sfa-view no-active"&gt;&lt;/div&gt;'),e.headStyle&amp;&amp;t.$SceneView.addClass(f[e.headStyle]),e.customClassName&amp;&amp;t.$SceneView.addClass(e.customClassName),t.$SceneView.css({"min-height":$(window).height()}),t.$sfHead=$(n),t.$sfBody=$(i),t.$SceneView.append(t.$sfHead).append(t.$sfBody),t.$superframe.append(t.$SceneView)}},p.prototype.renderBody=function(e,t){var n=t.container||this.$sfBody,r=parseInt(Math.random()*(new Date).getTime(),24),o=document.createElement("div");o.setAttribute("id",r),n.html(o),e&amp;&amp;e.data&amp;&amp;(this.globals.container=o,this.globals.createdAt=this.createdAt,i(e.data,this.globals,t))},p.prototype.attach=function(){var e=new $.Deferred;return this.$SceneView.find(".sfa-back").on("click",function(e){s.back(),e.preventDefault()}),this.$SceneView.css({position:"static",overflow:"auto",height:"auto","-webkit-transform":"none",transform:"none"}),e.resolve(),e.promise()},p.prototype.detach=function(){var e=new $.Deferred;return this.$SceneView&amp;&amp;this.$SceneView.find(".sfa-back").off("click"),e.resolve(),e.promise()},p.prototype.destroy=function(e,t){if(this.$SceneView){var r=new $.Deferred;if(t&amp;&amp;this.exitAnimate){var i=this.$SceneView[0];n.exit(i,c,l,u).start(function(){r.resolve()})}else this.$SceneView.css({display:"none",position:"static","-webkit-transform":"none",transform:"none"}),r.resolve();var o=this;return r.promise().then(function(){t&amp;&amp;t.options&amp;&amp;t.options.view&amp;&amp;1===t.options.view._hold?o.$SceneView.hide():(o.globals.view&amp;&amp;o.globals.view.trigger("destroy"),o.$SceneView.remove(),o.$SceneView=null,o.$sfHead=null,o.$sfBody=null)})}},p}),define("sf25/view/tabView",["require","sf25/components/b-scene-header/b-scene-header","sf25/components/b-scene-body/b-scene-body","sfr","fusion/deps/naboo","sf25/utils/tabViewLoading"],function(e){e("sf25/components/b-scene-header/b-scene-header"),e("sf25/components/b-scene-body/b-scene-body");var t=e("sfr"),n=e("fusion/deps/naboo"),r=e("sf25/utils/tabViewLoading"),i=t.view,o=300,a=0,s="ease",c=function(){i.apply(this,arguments)},u=function(){};return u.prototype=i.prototype,c.prototype=new u,c.uber=i.prototype,c.prototype.constructor=c,c.prototype.create=function(e,t){var i=new $.Deferred;this.createdAt=Date.now(),this.opts=e,this.globals=this.globals||{},this.$superframe=$("#super-frame"),this.$superframe.length||(this.$superframe=$('&lt;div id="super-frame"&gt;&lt;/div&gt;'),$("body").append(this.$superframe)),this.render(e,t&amp;&amp;t.options&amp;&amp;t.options.src),0===this.$superframe.find(this.$mainView).length&amp;&amp;this.$superframe.append(this.$mainView);var c=this;if(this.enterAnimate){var u=this.$mainView[0];n.enter(u,o,s,a).start(function(){i.resolve()})}else this.$mainView.css({opacity:1,"-webkit-transform":"none",transform:"none"}).show(),i.resolve();return i.promise().then(function(){c.rendered||"sync"===t.options.src||r.show(c.$mainView)})},c.prototype.render=function(e,t){var n=this;n.$mainView&amp;&amp;n.$mainView.length&gt;0||("sync"===t?(n.$mainView=n.$superframe.find("[data-server-rendered]"),n.$sfHead=n.$mainView.find("b-scene-header"),n.$sfBody=n.$mainView.find("b-scene-body")):(n.$mainView=$('&lt;div class="sfa-view"&gt;&lt;/div&gt;'),e.customClassName&amp;&amp;n.$mainView.addClass(e.customClassName),n.$sfHead=$("&lt;b-scene-header&gt;").attr({titlehtml:e.headTitle,toolhtml:e.headTool,styleid:e.headStyle}),n.$sfBody=$("&lt;b-scene-body&gt;").attr({url:e.url}),n.$mainView.append(n.$sfBody),n.$superframe.append(n.$mainView)))},c.prototype.attach=function(e){var t=new $.Deferred,n=this;this.$mainView.css({position:"static",overflow:"auto",height:"auto","-webkit-transform":"none",transform:"none"});var i=this.$sfBody[0];return this.rendered?i.fusionReady=function(){i.fusion.showFromCache()}:(i.fusionReady=function(){i.fusion.startRender(e.options)},this.$sfBody.one("rendered",function(){r.close(n.$mainView)}),this.rendered=!0),t.resolve(),t.promise()},c.prototype.detach=function(){var e=new $.Deferred;return e.resolve(),e.promise()},c.prototype.destroy=function(e,t){if(this.$mainView){var r=new $.Deferred;if(t&amp;&amp;this.exitAnimate){var i=this.$mainView[0];n.exit(i,o,s,a).start(function(){r.resolve()})}else this.$mainView.css({display:"none",position:"static","-webkit-transform":"none",transform:"none"}),r.resolve();var c=this;return r.promise().then(function(){t&amp;&amp;t.options&amp;&amp;t.options.view&amp;&amp;1===t.options.view._hold?(c.$sfBody[0].fusion.hideToCache(),c.$mainView.hide()):(t&amp;&amp;c.$sfBody[0].fusion.hideToCache(),c.$mainView.remove(),c.$mainView=null,c.$sfHead=null,c.$sfBody=null,c.rendered=!1)})}},c}),define("sf25/view/viewFactory",["require","sf25/view/sceneView","sfr"],function(e){function t(e,t){if(t=t||{},"undefined"!=typeof e)return t.key=e,o[e]?o[e]:c.get(e)?(o[e]=c.get(e),o[e]):(o[e]=new a(t),c.set(e,o[e]),o[e]);var n=new a(t);return n}function n(e){return"undefined"!=typeof e?o[e]:!1}function r(e){var t=e.from.url,n=c.get(t);return delete o[t],e.from.options&amp;&amp;(e.from.options.view=e.from.options.view?e.from.options.view:{},e.from.options.view._hold=e.from.query.top&amp;&amp;$.parseJSON(e.from.query.top)._hold?$.parseJSON(e.from.query.top)._hold:e.from.options.view._hold&gt;1?e.from.options.view._hold:1,/android/i.test(window.navigator.userAgent)&amp;&amp;(e.from.options.view._hold=2)),e.from.options&amp;&amp;e.from.options.view&amp;&amp;1!==e.from.options.view._hold&amp;&amp;(c.remove(t),s.remove("sceneResouce",t+"&amp;mod=1")),n&amp;&amp;n.destroy(e.to,e.from)}function i(e,t){o[e]&amp;&amp;(o[t]=o[e],delete o[e]),c.rename(e,t)}var o={},a=e("sf25/view/sceneView"),s=e("sfr").cache,c=s.create("View",{limit:3,onRemove:function(e,t,n){delete o[t],n&amp;&amp;e.destroy()}});return{create:t,get:n,destroy:r,rename:i,proto:a.prototype}}),define("sf25/window-guard",["require"],function(){var e={};return e.createContext=function(){try{var e={};for(var t in window)window.hasOwnProperty(t)&amp;&amp;(e[t]=window[t]);return e}catch(n){return console.error(n),{}}},e.checkContext=function(e){var t={changed:[],added:[],removed:[],totalChanges:0};try{var n;for(n in window)window.hasOwnProperty(n)&amp;&amp;(e.hasOwnProperty(n)||t.added.push({key:n,value:window[n]}));for(n in e)e.hasOwnProperty(n)&amp;&amp;(window.hasOwnProperty(n)||t.removed.push({key:n,value:e[n]}),e[n]!==window[n]&amp;&amp;t.changed.push({key:n,value:window[n],valueBefore:e[n]}));t.totalChanges=t.changed.length+t.added.length+t.removed.length}catch(r){console.error(r)}return t},e.revertChanges=function(e){var t,n;for(t=0;t&lt;e.added.length;t++)n=e.added[t],delete window[n.key];for(t=0;t&lt;e.removed.length;t++)n=e.removed[t],window[n.key]=n.value;for(t=0;t&lt;e.changed.length;t++)n=e.changed[t],window[n.key]=n.valueBefore},e}),require(["sf25/start"],function(e){e()}),window.define("sf/router/router",["sfr/router/router"],function(e){return e}),window.define("sf/action/action",function(){}),window.define("sf/action/sfAction",function(){}),define("modules/invoke/callback",["require"],function(){function e(e,t){return void 0==e?!1:(t=$.extend({name:e,key:"default",callback:"function"==typeof t?t:null,promise:!1},"object"==typeof t?t:{}),n[e]=n[e]||{},n[e][t.key]={callback:t.callback,promise:t.promise},t)}function t(e){return"object"==typeof e&amp;&amp;e.name&amp;&amp;e.key?(delete n[e.name][e.key],!0):!1}var n={};return window.addEventListener("baiduboxapp_callback",function(e){var t=e.callback,r=e.data;if("string"==typeof r&amp;&amp;0==r.indexOf("{")&amp;&amp;window.JSON&amp;&amp;JSON.parse)try{r=JSON.parse(r)}catch(e){}for(var i in n[t]){var o=n[t][i];try{o.callback.call(o,r,e)}catch(e){}}}),{regist:e,unregist:t}}),define("modules/invoke/applink",["require"],function(){return function(){var e=$(this);if(!e.data("applink")){e.data("applink",!0);var t=e.prop("href"),n=e.data("applink-url"),r=["http://applink.baidu.com/?callback=",encodeURIComponent(t),"&amp;url=",encodeURIComponent(n),"&amp;from=wise"].join("");e.prop("href",r)}}}),require(["modules/invoke/applink"],function(e){page.on("afterload",function(){$("#results").on("touchstart","a[data-applink-url]",e),$("#results").on("mousedown","a[data-applink-url]",e)})}),define("modules/invoke/invokebox",["require"],function(){function e(){var e=$.Deferred(),t=+new Date;if(window.OpenBox)return e.resolve(),e.promise();var n=document.createElement("script");n.src="//s.bdstatic.com/common/openjs/openBox.js?_v="+t,n.async=!0,n.onload=n.onreadystatechange=function(){this.readyState&amp;&amp;"loaded"!==this.readyState&amp;&amp;"complete"!==this.readyState?e.reject():(n.onload=n.onreadystatechange=null,n=null,e.resolve())},n.onerror=function(){n.onerror=null,n=null,e.reject()};var r=document.getElementsByTagName("head")[0];return r.appendChild(n),e.promise()}function t(e){this.openBox=null,this.status="",this.readyCallbacks=[],this.opt={},this.opt=$.extend(!0,this.opt,e),this.init()}return t.prototype={constructor:t,init:function(){var t=this,n=t.opt;$.when(e()).then(function(){t.openBox=window.OpenBox(n),t.status="ready",t.doready()},function(){})},open:function(e){e?(this.opt=$.extend(!0,this.opt,e),this.openBox&amp;&amp;this.openBox.open(this.opt)):this.openBox&amp;&amp;this.openBox.open()},doready:function(){var e=this.readyCallbacks.length;if(e){for(var t=0;e&gt;t;t++)this.readyCallbacks[t].call(this);this.readyCallbacks=[]}},ready:function(e){var t=this;"function"==typeof e&amp;&amp;("ready"===t.status?e.call(this):t.readyCallbacks.push(e))}},t}),define("modules/scroll_ctl",["require"],function(){function e(e){"function"==typeof e&amp;&amp;u.push(e)}function t(){l||(u=[],s=lastScrollTop=c.scrollTop(),n(),l=!0)}function n(){c.on("touchmove.scrollfixed scroll.scrollfixed",function(){r()})}function r(){s=c.scrollTop(),lastScrollTop&gt;s?a="up":s&gt;lastScrollTop&amp;&amp;(a="down"),i(s,a),lastScrollTop=s}function i(e,t){for(var n=u.length-1;n&gt;=0;n--)u[n].call(null,{nowScrollTop:e,scrollDirection:t})}function o(){c.off("touchmove.scrollfixed scroll.scrollfixed"),s=lastScrollTop=0,u=[],l=!1}var a,s=lastScrollTop=0,c=$(window),u=[],l=!1;return{regist:e,init:t,destroy:o}}),require(["modules/scroll_ctl"],function(e){page.on("init",function(){e.init()}),page.on("destroy",function(){e.destroy()})}),define("modules/recmmend/aftclk_rcmd/aft_click/afterClick",["require"],function(){function e(){$(".result").each(function(e,r){$(r).on("click",function(r){var o=$(r.target).closest("a");if(o.length){var a=$.trim(o.attr("href"));a&amp;&amp;(/^javascript.*/.test(a)||(window.sessionStorage.setItem(t,e),$.each(n,function(e,t){t&amp;&amp;$.isFunction(t)&amp;&amp;t(i().index,i().click_card)})))}})})}var t="afterClick_"+window.location.href,n=[],r=function(e){e&amp;&amp;$.isFunction(e)&amp;&amp;(e(i().index,i().click_card),n.push(e))},i=function(){if(navigator.cookieEnabled&amp;&amp;window.sessionStorage){var e=window.sessionStorage.getItem(t),n=e?$(".result").eq(e):!1;return{index:e,click_card:n}}return!1};return page.on("afterload",function(){e()}),{afterClick:r}}),define("modules/recmmend/aftclk_rcmd/aft_click/aftClick",["require"],function(){var e="se_after_click_"+window.location.href,t=function(t,r,i){new n({dom_tag:r,onAfclick:t,product_key:i}),e="se_after_click_"+window.location.href},n=function(e){var t=this;t.options=$.extend({dom_tag:"",onAfclick:function(){},product_key:""},e),page&amp;&amp;page.comm&amp;&amp;page.comm.sampleval&amp;&amp;"sam_afterClick_log"===page.comm.sampleval.WISE_TPL_COMMON_SAMPLE_FLAG&amp;&amp;t._tc(),t._init()};return n.prototype={constructor:n,version:"v1.0",_init:function(){var e=this;e._checkParam()&amp;&amp;(e._prepareParam(),e._bindEvent(),e._checkProKey()&amp;&amp;e._doClickEvent("load"))},_tc:function(){$.each($(".c-recomm-wrap a"),function(e,t){var n=page.utils.link.getJumpLinkUrl({src:$(t).attr("href"),order:$(t).closest(".c-result").attr("order")});$(t).attr("href",n)})},_checkParam:function(){var e=this,t=e.options.dom_tag,n=e.options.onAfclick,r=e.options.product_key,i="string"==$.type(t)?$(t):null;return navigator.cookieEnabled&amp;&amp;window.sessionStorage&amp;&amp;t&amp;&amp;"string"==$.type(t)&amp;&amp;i&amp;&amp;n&amp;&amp;$.isFunction(n)&amp;&amp;r&amp;&amp;"string"==$.type(r)?!0:!1},_checkProKey:function(){var t=this,n=t.options.product_key,r=window.sessionStorage.getItem(e);return n!=r?!1:!0},_prepareParam:function(){var e=this;e.$onAfclick=e.options.onAfclick,e.$dom_tag=e.options.dom_tag.replace(/\./g,""),e.$product_key=e.options.product_key,e.$se_afc_tag=e.$product_key+"_"+location.href},_bindEvent:function(){var e=this,t=e.options.dom_tag;$(".results").on("click",t,function(n){var r=$(this),i=$(n.target).closest("a");if(i.length){var o=$.trim(i.attr("href"));if(o&amp;&amp;!/^javascript.*/.test(o)&amp;&amp;("se_afc_ad"!=e.$product_key||e._needAftClick(r))){if("se_afc_normal"==e.$product_key)var a=e.$se_afc_tag,s=$(t).index(r),c={i:a,v:s};if("se_afc_ad"==e.$product_key)var a=e.$se_afc_tag,s=e._getEcCardInfo(r[0]),c={i:a,v:s};e._setStorageIndex(c),e._doClickEvent("click")}}})},_getClickResult:function(){var e=this,t=e.$dom_tag,n="";if(t){var r=window.sessionStorage.getItem(e.$se_afc_tag);return"se_afc_normal"==e.$product_key&amp;&amp;(n=r?$("."+t).eq(r):!1),"se_afc_ad"==e.$product_key&amp;&amp;(n=e._getEcCardInfo(r)),n?{index:r,click_card:n}:!1}return!1},_doClickEvent:function(e){var t=this,e=e||"",n=t._getClickResult(t.$dom_tag);n&amp;&amp;t.$onAfclick(n.index,n.click_card,e)},_setStorageIndex:function(t){var n=this,t=t||{};window.sessionStorage.setItem(t.i,t.v),window.sessionStorage.setItem(e,n.$product_key)},_needAftClick:function(){var e=function(t,n){return t&amp;&amp;!t.hasClass("ec_resitem")&amp;&amp;(t.hasClass(n)||e(t.parent(),n))},t=function(t){return e(t,"ec_vlogo")||e(t,"ec_koubei")||e(t,"ec-vicon")||e(t,"ec_tg")},n=function(e){return t(e)?!1:!0};return n},_getEcCardInfo:function(e){var t=function(e){var t=[],n=function(e){return e.length&lt;=0?[]:$(e[0]).find(".ec_resitem").concat(n(e.slice(1)))};return t=n($(".ec_ad_results").filter(function(){return parseInt($(this).attr("posid"),10)===e&amp;&amp;!$(this).hasClass("ec_newyouxuan")}))},n=function(e,n){return t(n).indexOf(e)},r=function(e){var t=$(e).closest(".ec_ad_results");return t.length&gt;0?parseInt(t.attr("posid"),10):-1},i=function(e){if("string"==typeof e&amp;&amp;/^\d+_\d+$/.test(e))return e=e.split("_"),t(+e[0])[+e[1]];var i=r(e);return i+"_"+n(e,i)};return i(e)},_destroy:function(){}},{afterClick:t}}),define("modules/recmmend/aftclk_rcmd/click_recomm",["require","modules/recmmend/aftclk_rcmd/aft_click/aftClick"],function(e){function t(){var t=n,r=e("modules/recmmend/aftclk_rcmd/aft_click/aftClick");r.afterClick(t,".result","se_afc_normal")}function n(e,t,n){function i(){var e=t.find(".c-recomm-wrap");e.length&amp;&amp;e.children().length?(r(t),n&amp;&amp;"click"==n&amp;&amp;navigator.cookieEnabled&amp;&amp;window.sessionStorage&amp;&amp;page.utils.ss.enabled&amp;&amp;page.utils.ss.setItem(a,e.html())):page.utils.ss.enabled&amp;&amp;page.utils.ss.setItem(a,"")}var a="afterClick_cache_"+window.location.href,s=$(".c-recomm-wrap");if(s.filter(".c-recomm-static"),!e||!t||!t.length)return void o();if(!n||"load"!==n)return void i();try{if(!navigator.cookieEnabled||!page.utils.ss.enabled)return void i();var c=page.utils.ss.getItem(a);if(!c)return void i();if(page.comm.newRec)var u=['&lt;div class="c-recomm-wrap new-ux-recom-wrapper"&gt;',c,"&lt;/div&gt;"].join("");else var u=['&lt;div class="c-container c-recomm-wrap"&gt;',c,"&lt;/div&gt;"].join("");var l=$(u),d=t.find(".c-recomm-wrap");d.remove(),t.append(l),r(t)}catch(f){i()}}function r(e){if(e&amp;&amp;e.length){var t=$(".c-recomm-wrap"),n=e.find(".c-recomm-wrap");n.length&amp;&amp;n.children().length&amp;&amp;(s(e),t.hide(),n.show(),a(n),i(),e.hasClass("c-clk-recommend")||e.addClass("c-clk-recommend"))}}function i(){$(".rs-toprq-wrapper").data("from")&amp;&amp;"voice_guide"==$(".rs-toprq-wrapper").data("from")||$(".rs-toprq-wrapper").hide()}function o(){var e=$(".c-recomm-wrap.c-recomm-static"),t=e.eq(0);e.length&amp;&amp;(t.show(),a(t),i())}function a(e){var t=e.find(".c-recomm-cnt a"),n=e.find(".c-recomm-cnt").offset();if(t&amp;&amp;n)for(var r=n.top,i=0;i&lt;t.length;i++){var o=$(t[i]),a=o.height();if(a&gt;20){var s=o.offset().top-r;if(s&gt;10){o.css("visibility","hidden"),o.prev().css("border","none");break}}i==t.length-1&amp;&amp;o.css("border","none")}}function s(e){if(e&amp;&amp;e.length){var t=e.closest(".s-cluster-content");if(t.length){var n=t.find(".result"),r=n.length;n.index(e[0]),n.eq(r-1),1===r&amp;&amp;e.find(".c-recomm-wrap").addClass("c-recomm-cluster")}}}return{init:t}}),page.on("init",function(){require(["modules/recmmend/aftclk_rcmd/click_recomm"],function(e){e.init()})}),define("modules/recmmend/aftclk_rcmd/click_fanli",["require","modules/recmmend/aftclk_rcmd/aft_click/afterClick"],function(e){function t(){var t=e("modules/recmmend/aftclk_rcmd/aft_click/afterClick");t.afterClick(function(e,t){if(window.sessionStorage&amp;&amp;t){var n,r=$(".wnor-fanli-strong-wrap"),i=t.find(".wnor-fanli-strong-wrap"),o="fanli_"+window.location.href,a=i.find(".c-span3").data("md5"),s=!1,c=!1;try{n=JSON.parse(window.sessionStorage.getItem(o))||{prev:-1,history:{}}}catch(u){}if(n&amp;&amp;n.history)for(item in n.history)if(n.history[item]==a){s=!0;break}a&amp;&amp;n.history[e]&amp;&amp;a==n.history[e]&amp;&amp;(c=!0),!i.length||s&amp;&amp;!c?-1!=n.prev&amp;&amp;(r.hide(),$(".result").eq(n.prev).find(".wnor-fanli-strong-wrap").show(),page.log.send({ct:36,cst:1})):(r.hide(),i.show(),page.log.send({ct:36,cst:1}),n.history[e]=a,n.prev=e,window.sessionStorage.setItem(o,JSON.stringify(n)))}})}return{init:t}}),page.on("init",function(){require(["modules/recmmend/aftclk_rcmd/click_fanli"],function(e){e.init()})}),define("modules/recmmend/aftclk_rcmd/asyn_rcmd",["require"],function(e){function t(e){e&amp;&amp;e.rs&amp;&amp;(1==page.comm.newRec?i(e):o(e),page&amp;&amp;page.comm&amp;&amp;page.comm.sampleval&amp;&amp;"sam_rs_recommend"===page.comm.sampleval.WISE_TPL_COMMON_SAMPLE_FLAG&amp;&amp;r(e),n(e))}function n(t){if(t.rs.ent&amp;&amp;t.rs.ent.length){var n=t.rs.ent;e(["modules/recmmend/aftclk_rcmd/sigma_cele_async"],function(e){e.init(n)})}}function r(t){if(t.rs.brs&amp;&amp;t.rs.brs.list&amp;&amp;t.rs.brs.list.length){var n=t.rs.brs.list;e(["modules/recmmend/rs_rcmd/rs_rcmd"],function(e){e.update(n)})}}function i(e){if(e.rs.rcmd&amp;&amp;e.rs.rcmd.list){var t='&lt;div class="c-recomm-wrap new-ux-recom-wrapper" style="display: none;"&gt;&lt;/div&gt;',n='&lt;b-scroll&gt;&lt;div class="hint-rcmd-title"&gt;&lt;span class="c-gap-left"&gt;大家还搜&lt;i class="c-icon"&gt;&amp;#xe780&lt;/i&gt;&lt;/span&gt;&lt;/div&gt;&lt;div class="c-scroll-wrapper hint-rcmd-tips"&gt;&lt;div class="hint-rcmd-list"&gt;&lt;div class="hint-rcmd-row-container"&gt;&lt;/div&gt;&lt;div class="hint-rcmd-row-container"&gt;&lt;/div&gt;&lt;/div&gt;&lt;/div&gt;&lt;/b-scroll&gt;&lt;div class="hint-rcmd-cover"&gt;&lt;/div&gt;',r="",i=$(".result");$.each(e.rs.rcmd.list,function(e,o){var a="",s="",c=i.eq(o.index),u={sa:o.extern_level?o.extern_level:"re_dl_cr_0"};if("0"!=o.index||!page.comm.sigmaConf){o.up.length&amp;&amp;$.each(o.up,function(e,t){r=page.utils.buildSearchUrl(t,u),r=page.utils.link.getJumpLinkUrl({src:"https://m.baidu.com"+r,order:o.index+1}),a+='&lt;div class="hint-rcmd-item-container"&gt;&lt;a class="c-gap-right" href="'+r+'"&gt;'+t+"&lt;/a&gt;&lt;/div&gt;"}),o.down.length&amp;&amp;$.each(o.down,function(e,t){r=page.utils.buildSearchUrl(t,u),r=page.utils.link.getJumpLinkUrl({src:"https://m.baidu.com"+r,order:o.index+1}),s+='&lt;div class="hint-rcmd-item-container"&gt;&lt;a class="c-gap-right" href="'+r+'"&gt;'+t+"&lt;/a&gt;&lt;/div&gt;"});var l=$(n);a.length&amp;&amp;l.find(".hint-rcmd-list").find(".hint-rcmd-row-container").eq(0).append(a),s.length&amp;&amp;l.find(".hint-rcmd-list").find(".hint-rcmd-row-container").eq(1).append(s);var d=$(t).append(l),f=c.find(".c-recomm-wrap");c.hasClass("c-clk-recommend")||c.addClass("c-clk-recommend"),f.length&amp;&amp;"block"!=f.css("display")?(f.remove(),c.append(d)):f.length||c.append(d)}})}}function o(e){if(e.rs.rcmd&amp;&amp;e.rs.rcmd.list){var t='&lt;div class="c-container c-recomm-wrap" style="display: none;"&gt;&lt;/div&gt;',n='&lt;div class="c-recomm-cnt c-gray"&gt;&lt;/div&gt;',r='&lt;span class="c-gap-right"&gt;&lt;i class="c-icon"&gt;&amp;#xe780&lt;/i&gt;大家还搜：&lt;/span&gt;',i="",o=$(".result");page&amp;&amp;page.comm&amp;&amp;page.comm.sampleval&amp;&amp;"sam_afterclick_update"===page.comm.sampleval.newMainTplName&amp;&amp;(n='&lt;div class="c-recomm-cnt c-gray c-recomm-cnt-sam"&gt;&lt;/div&gt;',r='&lt;span&gt;大家还搜&lt;i class="c-icon c-recomm-i-sam"&gt;&amp;#xe780&lt;/i&gt;&lt;/span&gt;'),$.each(e.rs.rcmd.list,function(e,a){var s="",c=o.eq(a.index),u={sa:a.extern_level?a.extern_level:"re_dl_cr_0"};if("0"!=a.index||!page.comm.sigmaConf){$.each(a.data,function(e,t){i=page.utils.buildSearchUrl(t,u),i=page.utils.link.getJumpLinkUrl({src:"https://m.baidu.com"+i,order:a.index+1}),s+='&lt;a class="c-gap-right" href="'+i+'"&gt;'+t+"&lt;/a&gt;"});var l=$(n).append(r).append(s),d=$(t).append(l),f=c.find(".c-recomm-wrap");c.hasClass("c-clk-recommend")||c.addClass("c-clk-recommend"),f.length&amp;&amp;"block"!=f.css("display")?(f.remove(),c.append(d)):f.length||c.append(d)}})}}function a(){page.comm.rsync_rec_flag&amp;&amp;page.asyn({mod:20,rset:"rcmd",cb:t})}return{init:a}}),page.on("init",function(){require(["modules/recmmend/aftclk_rcmd/asyn_rcmd"],function(e){e.init()})}),define("modules/recmmend/aftclk_rcmd/click_rs",["require"],function(e){function t(){var e=window.sessionStorage.getItem("click_rs_key");s=e?Number(e.split("_")[1])+1:1,4&gt;s&amp;&amp;!$(".se-relativewords").data("renderRs")&amp;&amp;!u&amp;&amp;(u=1,page.asyn({mod:20,rset:"srcmd",cb:n}))}function n(e){u=0,e&amp;&amp;e.rs&amp;&amp;(o+window.innerHeight&gt;$(".se-page-relative").offset().top||r(e))}function r(t){if(t.rs.brs&amp;&amp;t.rs.brs.list&amp;&amp;t.rs.brs.list.length){var n=t.rs.brs.list;$(".se-relativewords").data("renderRs",1),window.sessionStorage.setItem("click_rs_key",decodeURIComponent(page.comm.query)+"_"+s),e(["modules/recmmend/rs_rcmd/rs_rcmd"],function(e){e.update(n)})}}function i(){page&amp;&amp;page.comm&amp;&amp;page.comm.sampleval&amp;&amp;"sam_async_rs"===page.comm.sampleval.WISE_TPL_COMMON_SAMPLE_FLAG&amp;&amp;($(".result").on("click",function(){window.sessionStorage.setItem("click_rs","1")}),e(["modules/scroll_ctl"],function(e){e.regist(function(e){o=e.nowScrollTop,a=e.scrollDirection,1==window.sessionStorage.getItem("click_rs")&amp;&amp;(window.sessionStorage.setItem("click_rs","0"),t()),o&gt;$(".result").eq(5).offset().top&amp;&amp;!c&amp;&amp;(c=1,t())})}))}var o,a,s,c=0,u=0;return{init:i}}),page.on("init",function(){require(["modules/recmmend/aftclk_rcmd/click_rs"],function(e){e.init()})}),define("modules/recmmend/scroll_rcmd/scrollHint",["require"],function(e){function t(){$(".scroll-toprq-wrapper").remove(),$(".rs-toprq-wrapper").remove()}function n(){h=$(".rs-toprq-wrapper"),p=$(".hint-toprq-tips"),p.length&amp;&amp;(g=p.attr("data-dsid")||0,_=0,k=0,S=a(),T=s(),A=o(),v=($(".se-page-tips").length?$(".se-page-tips").offset().top:0)||$("#page-hd").height(),w=$(".se-page-relative").offset().top-y.height(),r(),e(["fusion/b-scroll/b-scroll"]))}function r(){var e=null,t=h.find(".hint-toprq-tips").clone();t.find("a[data-float-href]").each(function(){e=$(this),e.attr("href",e.attr("data-float-href"))}),m=$(".search-page .scroll-toprq-wrapper"),m.length?(m.html("").append(t),i()):(m=$('&lt;div class="scroll-toprq-wrapper"&gt;&lt;/div&gt;'),m.append(t),$(".search-page").prepend(m),i())}function i(){p&amp;&amp;p.length&amp;&amp;("6"==page.comm.browserid&amp;&amp;$("#super-frame").length&amp;&amp;$("#super-frame").children().length||e(["modules/scroll_ctl"],function(e){e.regist(function(e){x=e.nowScrollTop,scrollDirection=e.scrollDirection,("5"==page.comm.browserid||"6"==page.comm.browserid||0!==x)&amp;&amp;(v&gt;=x?("up"==scrollDirection&amp;&amp;setTimeout(function(){c()},0),10&gt;=x&amp;&amp;d()):(u(),x&gt;w?d():"down"==scrollDirection?d():"up"==scrollDirection&amp;&amp;l()))})}))}function o(){return $(".se-results-top").length?!0:!1}function a(){var e=$(".wa-sigma-stock-fixed");return e.length?!0:!1}function s(){return $(".se-page-tips").children().length&gt;1?!0:!1}function c(){A||T||k||h.data("from")&amp;&amp;"voice_guide"==h.data("from")||(k=1,h.show(),$(".c-recomm-wrap").hide(),page.log.send({ct:0,cst:0,t_fqrs:g}))}function u(){k&amp;&amp;(k=0)}function l(){b||_||S||($(".c-recomm-wrap").hide(),m.show(),f(),_=1)}function d(){_&amp;&amp;(m.hide(),_=0)}function f(){page.log.send({ct:0,cst:0,t_frs:g}),f=function(){}}var p,h,m,g,v,w,b=!0,y=$(window),x=0,_=0,k=0,S=!1,T=!1,A=!1;return page.rcmd=page.rcmd||{},page.rcmd.toprq=page.rcmd.toprq||{},page.rcmd.toprq.update=function(e,t,r){if(h.length&amp;&amp;e&amp;&amp;e.word&amp;&amp;e.word.length){var i=e.from?"_"+e.from:"",o=e.word.length,a='&lt;div class="hint-toprq-tips"&gt;',s="",c="";a+="&lt;span&gt;为您推荐：&lt;/span&gt;";for(var u=0;o&gt;u;u++)s=page.utils.link.getSearchUrl(e.word[u],{sa:"fqrs_"+u+i,rq:page.comm.query}),c=page.utils.link.getSearchUrl(e.word[u],{sa:"frs_"+u+i}),a+='&lt;a href="'+s+'" data-float-href="'+c+'"&gt;'+e.word[u]+"&lt;/a&gt;";a+="&lt;/div&gt;",h.html(a),n(),t&amp;&amp;t()}else r&amp;&amp;r()},{init:n,destory:t}}),require(["modules/recmmend/scroll_rcmd/scrollHint"],function(e){page.on("afterload",function(){e.init()}),page.on("afterdestroy",function(){e.destory()})}),define("modules/recmmend/rs_rcmd/rs_rcmd",["require"],function(){function e(e,r,o){t(),i=new n(e,r,o)}function t(){i&amp;&amp;(i.unbindEv(),i=null)}function n(e,t,n){this.isRender=!1,this.data=e,this.succ=t,this.fail=n,this.init()}var r=[],i=null,o=$("#relativewords"),a=o.find(".rw-item"),s=$(window);return n.prototype={constructor:n,init:function(){if(!(this.data&amp;&amp;a&amp;&amp;a.length&amp;&amp;o&amp;&amp;$.isArray(this.data)&amp;&amp;0!==this.data.length))return void this.failFn();for(var e=0;e++;e&lt;a.length)if("a"!==a[e].nodeName.toLocaleLowerCase())return void this.failFn();for(var t=0;t&lt;this.data.length;t++){if(!this.data[t].text||"number"!=typeof this.data[t].index)return void this.failFn();if(this.data[t].url&amp;&amp;!/^http:\/\/|https:\/\//.test(this.data[t].url))return void this.failFn()}this.changeData(this.data)},changeData:function(e){for(var t={},n=!1,i=0,o=0;o&lt;e.length;o++)i=e[o].index,r[i]||(r[i]={}),r[i].text!==e[o].text&amp;&amp;(n=!0,t={sa:"brs_"+(i+1),pos:"asyn_ers_"+(i+1),rsf:e[o].feature},r[i].index=i,r[i].text=e[o].text,r[i].url=e[o].url||B.utils.buildSearchUrl(e[o].text,t));n&amp;&amp;(this.bindEv(),this.isRun()&amp;&amp;this.changeDom(r))},isRun:function(){var e=o.offset().top-s.height(),t=s.scrollTop();return e&gt;t?!0:void 0},changeDom:function(e){for(var t=a.length&lt;e.length?a.length:e.length,n=0;t&gt;n;n++)e[n]&amp;&amp;(a.eq(e[n].index).text(e[n].text),a.eq(e[n].index).prop("href",e[n].url));this.isRender=!0,this.succ&amp;&amp;"function"==typeof this.succ&amp;&amp;this.succ()},bindEv:function(){var e=this;B.onload(function(){s.on("scroll.rsUpdate",function(){!e.isRender&amp;&amp;0!==r.length&amp;&amp;e.isRun()&amp;&amp;e.changeDom(r)})})},unbindEv:function(){s.off("scroll.rsUpdate")},failFn:function(){this.fail&amp;&amp;"function"==typeof this.fail&amp;&amp;this.fail()}},{destroyUpdate:t,update:e}}),require(["modules/recmmend/rs_rcmd/rs_rcmd"],function(e){page.rcmd=page.rcmd||{},page.rcmd.rs=e}),define("modules/recmmend/aftclk_rcmd/sigma_cele_async",["require"],function(){function e(e){var t=$('.c-result[tpl="sigma_celebrity_rela"]').eq(0).find(".c-scroll-wrapper").find(".wa-sigma-celebrity-rela-scroller");$.each(t,function(n,r){$(r).data("index")&amp;&amp;-1!=$(r).data("index").toString().split(",").indexOf(e.toString())&amp;&amp;(t.hide(),$('.c-result[tpl="sigma_celebrity_rela"]').eq(0).find(".c-container").find(".c-row.c-gap-top-small.c-gap-bottom-large").hide(),$(r).show())});var n=$('.c-result[tpl="sigma_celebrity_rela"]').eq(0).find(".c-container &gt;.c-blocka").find(".c-title");$.each(n,function(t,r){$(r).data("index")&amp;&amp;-1!=$(r).data("index").toString().split(",").indexOf(e.toString())&amp;&amp;(n.hide(),$(r).show())})}function t(t){if($('.c-result[tpl="sigma_celebrity_rela"]').eq(0).length){$.each(t,function(e,t){i="";var a=151/636*100*t.card.ents.length+"%";i=i+'&lt;div class="wa-sigma-celebrity-rela-scroller c-scroll-parent-gap" style="width:'+a+'"&gt;',$.each(t.card.ents,function(e,a){n=B.etpl.compile(o);var s=page.utils.buildSearchUrl(a.name)+"&amp;sa="+a.sa;s=page.utils.link.getJumpLinkUrl({src:"https://m.baidu.com"+s}),a.href=s,a.img=page.https.domain.get(a.img),a.width=1/t.card.ents.length*100+"%",r=n(a),i+=r}),i+="&lt;/div&gt;";var s=$(i);if(s.data("index",t.indexes.toString()),s.css("padding-right","0"),s.css("display","none"),$('.c-result[tpl="sigma_celebrity_rela"]').eq(0).find(".c-scroll-wrapper").length)$('.c-result[tpl="sigma_celebrity_rela"]').eq(0).find(".c-scroll-wrapper").append(s);else{var c=$('&lt;b-scroll&gt;&lt;div class="c-row-tile c-scroll-wrapper c-gap-top-small"&gt;&lt;div class="c-scroll-touch"&gt;&lt;/div&gt;&lt;/div&gt;&lt;/b-scroll&gt;');c.find(".c-scroll-touch").append(s),$('.c-result[tpl="sigma_celebrity_rela"]').eq(0).find(".c-container").eq(0).append(c)}i="",i=i+'&lt;h3 class="c-title c-gap-top-small"&gt;&lt;em&gt;'+decodeURIComponent(page.comm.query)+"&lt;/em&gt;_"+t.card.title+"&lt;/h3&gt;";var s=$(i);s.data("index",t.indexes.toString()),s.css("display","none"),$('.c-result[tpl="sigma_celebrity_rela"]').eq(0).find(".c-blocka").append(s)}),$(".results").on("click",".result",function(t){var n=Number($(t.currentTarget).attr("order"))-1;e(n)});var a=Number(window.sessionStorage.getItem("afterClick_"+window.location.href));e(a)}}var n,r,i="",o='&lt;div class="wa-sigma-celebrity-rela-entity c-scroll-element-gap" style="width:${width};"&gt;&lt;a href="${href}" class="c-blocka wa-sigma-celebrity-rela-link"&gt;&lt;div class="c-img c-img-s" style="background: none;"&gt;&lt;img src="${img}"&gt;&lt;/div&gt;&lt;p class="wa-sigma-celebrity-rela-name c-line-clamp2"&gt;${name}&lt;/p&gt;&lt;p class="wa-sigma-celebrity-rela-reason c-color-gray c-line-clamp2"&gt;${type}&lt;/p&gt;&lt;/a&gt;&lt;/div&gt;';return{init:t}}),!function(){var e=function(){return page.comm&amp;&amp;page.comm.sampleval&amp;&amp;page.comm.sampleval.WISE_TPL_COMMON_SAMPLE_FLAG};define("modules/baiduidRecovery",["require","utils/storage"],function(t){var n=t("utils/storage").ls;return function(){var t=n.getItem("BAIDUID");if(t){"baiduid_recovery"===e()&amp;&amp;page.log.send({ct:38,cst:1,lsbi:t,isls:1});var r=new Date;r.setTime(r.getTime()+31536e6),document.cookie="BAIDUID="+t+";domain=.baidu.com;path=/;expires="+r.toGMTString()+";"}else{"baiduid_recovery"===e()&amp;&amp;page.log.send({ct:38,cst:1,lsbi:0,isls:0});var i=new RegExp("(^| )BAIDUID=([^;]*)(;|$)").exec(document.cookie),o=/[A-Fa-f0-9]{32}(:FG=1)?/;if(i&amp;&amp;o.test(i[2])){var a=i[2];n.setItem("BAIDUID",a)}}}})}(),page.on("afterload",function(){$(".search-page").on("click","#results span.wnor-fanyi-btn",function(){var e=this;require(["modules/wnor_fanyi/wnor_fanyi"],function(t){t.btnInit(e)})}).on("click","#results .wnor-fanyi-retry",function(){var e=this;require(["modules/wnor_fanyi/wnor_fanyi"],function(t){t.retryInit(e)})})}),define("sf/dataBridge",["require"],function(){function e(e,t){try{if("object"==typeof t&amp;&amp;(t=JSON.stringify(t)),"string"==typeof t)return n[e]=t,!0}catch(r){}return!1}function t(e){try{return value=JSON.parse(n[e])}catch(t){}return!1}var n={},r={};return r.set=function(t,n){return e(t,n)},r.get=function(e){return t(e)},r}),require(["sf/dataBridge"],function(e){B.dataBridge=e}),define("sf/message",["require"],function(){function e(e,t){t=JSON.stringify(t),n[e]=t}function t(e){try{return value=JSON.parse(n[e]),delete n[e],value}catch(t){}return!1}var n={},r={};return r.send=function(t,n){return e(t,n)},r.receive=function(e){var n=t(e);return n},r}),require(["sf/message"],function(e){B.message=e}),define("log/utils",["require"],function(){return{isObject:function(e){return"object"==typeof e},isString:function(e){return"[object String]"===Object.prototype.toString.call(e)},isArray:function(e){return e.constructor===Array},serialize:function(e){if(!e)return"";var t="",n="";if(this.isObject(e)){for(var r in e)n=e[r],"undefined"!=typeof n&amp;&amp;(this.isObject(n)&amp;&amp;(n=JSON.stringify(n)),t+=r+"="+encodeURIComponent(n)+"&amp;");t=t.substring(0,t.length-1)}else this.isString(e)&amp;&amp;(t=e);return t},extend:function(e,t,n){if(!this.isObject(e)||!this.isObject(t))return e;if(n)for(var r in t)t.hasOwnProperty(r)&amp;&amp;(this.isObject(t[r])&amp;&amp;(e[r]=this.isArray(t[r])?[]:{},arguments.callee(e[r],t[r],n)),e[r]=t[r]);else for(var i in t)t.hasOwnProperty(i)&amp;&amp;(e[i]=t[i]);return e},imgSendLog:function(e){var t="BD_PS_C"+(new Date).getTime(),n=window[t]=new Image;n.onload=function(){n.onload=n.onerror=n.onabort=null,window[t]=null,n=null},n.src=e}}}),define("log/dataStore",["require","log/utils"],function(e){var t=e("log/utils"),n=function(e){e=e||{},this.localStorageKey="search_ls_js_webb",this.data={},this.syncTime=0,this.isFirstSend=!0,t.extend(this,e),this.storageData={data:this.data,logPrefix:this.logPrefix,syncTime:this.syncTime},this.sync(!0)};return t.extend(n.prototype,{pushLogUnit:function(e,t,n,r){var i=this.data;i[e]=i[e]||{};var o=i[e];o[t]||(o[t]=[[],[]]),o[t][r?0:1].push(JSON.stringify(n)),this.sync()},get:function(e){return this.data[e]},eachLogQueues:function(e,n){function r(e){for(var r in i[s])if(i[s].hasOwnProperty(r)){var o={fm:r,qid:s},a={logQueues:i[s][r],historyQid:c};if(e){if(o.type=4,!this.cache.logPrefix)return;t.extend(o,this.cache.logPrefix)}n(o,a)}}if(!e)return!1;var i=this.data,o=Object.keys(i);o.sort(function(t,n){return t===e?1:n===e?1:0});for(var a=0;a&lt;o.length;a++){var s=o[a],c=s!==e;c?(this.isFirstSend&amp;&amp;new Date(this.cache.syncTime).getDate()==(new Date).getDate()&amp;&amp;r.call(this,!0),this.remove(s)):r.call(this)}this.isFirstSend=!1,this.sync()},clear:function(){this.data=[],this.sync()},remove:function(e){delete this.data[e]},sync:function(e){var n=this.localStorageKey;try{if(e){var r=JSON.parse(window.localStorage.getItem(n))||{};r.data&amp;&amp;t.extend(this.data,r.data),delete r.data,r.syncTime=r.syncTime||(new Date).getTime(),this.cache=r}else this.syncTime=this.storageData.syncTime=(new Date).getTime(),window.localStorage.setItem(n,JSON.stringify(this.storageData))}catch(i){(new Image).src="/error"}}}),n}),define("log/webb",["require","log/utils","log/dataStore"],function(e){var t,n=e("log/utils"),r=e("log/dataStore"),i=function(e){if("object"==typeof t)return t;t=this,e=e||{};var r={start:(new Date).getTime(),debug:!1,t:null,cycle:null,MIN_SPEED:2e3,MAX_SPEED:1e4,curSpeed:5e3,stayTime:0,MAX_LEN:2e3,storeLen:-1,MAX_SEND:100,hostEnum:{SESTAT:0},keyMap:{input:0,disp:0,view:0,user:0,ex:0,heart:0},isFirst:!0,sendNum:{},global:window.B||window.page};n.extend(r,e),n.extend(this,r),this.preprocess(),this.bindUnloadLog()};return n.extend(i.prototype,{setCommLog:function(e){var t=e.pd||this.getEnvParma("pd")?"sf_"+this.getEnvParma("pd"):"";t&amp;&amp;(e.pd=t),e.qid=e.qid||this.getDefaultQid(),e.did=e.did||this.getEnvParma("did"),e.q=e.q||this.getEnvParma("query");var n=this.keyMap[e.fm];return n||(n=0),e.host=n,!0},preprocess:function(){n.extend(this,{hostAddr:[this.logHost?this.logHost:this.getDefaultHostAddress()],did:this.did||this.createDid(),qid:this.qid||this.getDefaultQid()}),this.ds=new r({localStorageKey:this.localStorageKey||"search_ls_js_webb",logPrefix:{did:this.did}}),this.qid&amp;&amp;(this.sendNum[this.qid]=0)},bindUnloadLog:function(){var e=this;$(window).bind("unload.webb",function(){e.flushData(2)})},getDefaultHostAddress:function(){var e=this.global;return(e&amp;&amp;e.https&amp;&amp;e.https.domain&amp;&amp;e.https.domain.get?e.https.domain.get("http://sestat.baidu.com"):"http://sestat.baidu.com")+"/mwb.gif?"},getDefaultQid:function(){var e=this.global;return decodeURIComponent(e&amp;&amp;e.comm&amp;&amp;e.comm.lid?e.comm.lid:"")},createDid:function(){for(var e="",t=0;32&gt;t;t++)e+=Math.floor(16*Math.random()).toString(16);return e},flushData:function(e){null!==this.t&amp;&amp;(clearTimeout(this.t),this.t=null);var t=this.fetchData(e);this.startSend(t,!0)},destroy:function(){this.t=null,this.did=this.createDid(),$(window).unbind(".webb")},send:function(e){var t=this.makeLogUrl(e);return t.length&gt;0&amp;&amp;t.length&lt;this.MAX_LEN?(n.imgSendLog(t),!0):void 0},makeLogUrl:function(e){this.setCommLog(e);var t="",r=e.host;return"ex"==e.fm||e.data&amp;&amp;e.qid?(delete e.host,t+=n.serialize(e),t+="&amp;t="+(new Date).getTime(),this.hostAddr[r]+t):""},sendNow:function(e,t,r){if(e&amp;&amp;n.isString(e)&amp;&amp;e in this.keyMap&amp;&amp;t){var i=n.extend({type:3,fm:e,data:[t]},r);this.send(i)}},pushData:function(e,t,r){if(!(e&amp;&amp;n.isString(e)&amp;&amp;e in this.keyMap&amp;&amp;t))return!1;r=r||{};var i=this.getDefaultQid();return i?void this.ds.pushLogUnit(i,e,t,r.highLevel):!1},getEnvParma:function(e){var t=this.global;return this[e]?this[e]:decodeURIComponent(t&amp;&amp;t.comm&amp;&amp;t.comm[e]?t.comm[e]:"")},fetchData:function(e,t){var n=[],r=this;return this.ds.eachLogQueues(this.getDefaultQid(),function(i,o){var a=o.historyQid===!1&amp;&amp;0===e;i.type=i.type||e,r.setCommLog(i);var s=r.getBaseUrlLen(i);t=!(o.historyQid===!0||t!==!0),n=n.concat(r.packLog(s,i,o.logQueues[0],a)),t||(n=n.concat(r.packLog(s,i,o.logQueues[1],a)))}),n},packLog:function(e,t,r,i){for(var o=0,a=[],s=[],c=e;0!==r.length&amp;&amp;o&lt;this.MAX_SEND;){var u=r.shift();i&amp;&amp;o++,c+=u.length+3,0===a.length||a.length&gt;=1&amp;&amp;e&lt;this.MAX_LEN&amp;&amp;c&lt;this.MAX_LEN?a.push(u):(t.data="["+a.join(",")+"]",s.push(t),a=[u],c=e+u.length+3,t=n.extend({},t))}return a.length&gt;0&amp;&amp;(t=n.extend({},t),t.data="["+a.join(",")+"]",s.push(t)),s},getBaseUrlLen:function(e){var t=e.host,r=this.hostAddr[t].length,i=r+(n.serialize(e)+"&amp;t="+(new Date).getTime()).length;return i+6},startSend:function(e,t){var n=this,r=100;if(t)e.forEach(function(e){this.send(e)},this);else var i=setInterval(function(){if(e.length&lt;=0)return void clearInterval(i);var t=e.shift();n.send(t),t.qid in n.sendNum&amp;&amp;(n.sendNum[t.qid]+=1)},r)},startCycle:function(){this.cycle=1;var e=this;this.t=setTimeout(function(){var t=e.fetchData(0),n=t.length;-1===e.storeLen&amp;&amp;(e.storeLen=n),0!==e.storeLen&amp;&amp;n/e.storeLen&gt;=2&amp;&amp;e.curSpeed&gt;e.MIN_SPEED&amp;&amp;(e.curSpeed-=1e3),(0===n||e.storeLen/n&gt;=2)&amp;&amp;e.curSpeed&lt;e.MAX_SPEED&amp;&amp;(e.curSpeed+=1e3),e.startSend(t,!1),e.startCycle()},this.curSpeed)},sendPack:function(e,t,n){this.pushData(e,t,n),null===this.cycle&amp;&amp;this.startCycle()}}),i}),define("log/webb-exception",["require","log/webb"],function(e){var t=e("log/webb"),n=new t;return{keys:{},trigger:function(e,t){return this.keys[e]&amp;&amp;t&amp;&amp;t.st?(t.en=e,this.keys[e].data=t,n.sendNow("ex",t),!0):!1},on:function(e,t){this.keys[e]={option:t}}}}),define("log/webb-ia",["require","log/webb"],function(e){var t,n,r=e("log/webb"),i=(new Date).getTime(),o=0,a=null,s=function(e){e=e||{},t=t||new r(e.env),delete e.env,n=n||{},this.webb=t,this.group=0,this.start=null,this.stayTime=0,this.heartTime=[],this.heartTimer=null,this.scrollTimer=null,this.resizeTimer=null,this.flag=n,this.options={useAll:!1,useFocus:!1,useBlur:!1,useHeart:!1,useVsb:!1},this._init(e)};return $.extend(s.prototype,{send:function(e){e.t||(e.t=(new Date).getTime()),e.o=o,o+=1,e.g=this.group,this._setHistory(e),this.webb.sendPack("view",e)},sendNow:function(e){e.t||(e.t=(new Date).getTime()),e.o=o,o+=1,e.g=this.group,this._setHistory(e),this.webb.sendNow("view",e)},_init:function(e){this.start=i;for(var t in e)this.options[t]=e[t];this.group=this._getRandomNum()||0,this._initEvents()},_getRandomNum:function(){var e=89999*Math.random()+1e4;return e=parseInt(e,10)},_setHistory:function(e){if(e.type){var t=e.type,n=e.action?e.action:"";"w"==t&amp;&amp;n&amp;&amp;(t="w_"+n),a?a[t]?a[t]++:a[t]=1:(a={},a[t]=1)}},_sendFocusLog:function(){var e=this;e.send({type:"w",action:"focus",ext:{vsb:document.visibilityState?document.visibilityState:0}})},_sendBlurLog:function(){var e=this;e.send({type:"w",action:"blur",ext:{vsb:document.visibilityState?document.visibilityState:0}})},_sendVisibilitychangeLog:function(){var e=this;e.send({type:"w",action:"vsb",ext:{vsb:document.visibilityState?document.visibilityState:0}})},_initEvents:function(){var e=this,t=$(window);!e.options.useAll&amp;&amp;!e.options.useFocus||e.flag.focus||(t.bind("focus.webb_ia",function(){e._sendFocusLog()}),e.flag.focus=1),!e.options.useAll&amp;&amp;!e.options.useBlur||e.flag.blur||(t.bind("blur.webb_ia",function(){e._sendBlurLog()}),e.flag.blur=1),!e.options.useAll&amp;&amp;!e.options.useVsb||e.flag.vsb||($(document).bind("visibilitychange.webb_ia",function(){e._sendVisibilitychangeLog()}),e.flag.vsb=1),!e.options.useAll&amp;&amp;!e.options.useResize||e.flag.resize||(t.bind("resize.webb_ia",function(t){e.collectPoint("resize",t)}),e.flag.resize=1),!e.options.useAll&amp;&amp;!e.options.useHeart||e.flag.heart||(e.startHeart(),e.flag.heart=1),!e.options.useAll&amp;&amp;!e.options.useScroll||e.flag.scroll||(t.bind("scroll.webb_ia",function(t){e.collectPoint("scroll",t)}),e.flag.scroll=1)},destroy:function(){$(window).unbind(".webb_ia"),null!==this.heartTimer&amp;&amp;clearTimeout(this.heartTimer),this.heartTimer=null,a=null,o=0,n=null,t.destroy(),t=null},fb:function(){var e,t=this.heartTime.length;return e=0===t||1===t?3e3:this.heartTime[t-1]+this.heartTime[t-2],this.heartTime.push(e),e},sendHeart:function(e){var t=(new Date).getTime(),n=0===e?this.stayTime:t-this.start,r={type:"heart",stay_time:n,t:t};a&amp;&amp;(r.hist=a),this.sendNow(r)},startHeart:function(){var e=this,t=e.fb();e.stayTime+=t,e.heartTimer=setTimeout(function(){e.sendHeart(0),e.startHeart()},t)},collectPoint:function(e){function t(){i[r]=setTimeout(function(){i.send(n(e)),i[r]=null},1e3)}function n(e){if("scroll"===e){var t=$(window),n=t.scrollTop(),r=t.scrollLeft();return{type:"w",action:"scroll",ext:{y:n,x:r}}}return"resize"===e?{type:"w",action:"resize",ext:{w:$(window).width(),h:$(window).height()}}:void 0}var r=e+"Timer",i=this;null===i[r]&amp;&amp;t()}}),s}),define("log/webb-disp",["require","log/utils","log/webb"],function(e){var t=e("log/utils"),n=e("log/webb"),r=function(e){var r={webb:new n,display:{},ExpirationTime:5e3,errCheckList:["base_sf"],currentKey:"",callBacks:{}};t.extend(r,e),t.extend(this,r)};return t.extend(r.prototype,{set:function(e,t){return e&amp;&amp;t?(this.currentKey=e,this.callBacks[e]=t,this.display[e]=t.call(this),this):void 0},sendDisp:function(e){e=e||(new Date).getTime();var t=this.currentKey,n=this;for(var r in this.display){if(n.errCheckList.indexOf(t)&gt;-1){var i=this.display[r].size.doc.h||0;if(50&gt;i){if((new Date).getTime()-e&lt;this.ExpirationTime)setTimeout(function(){n.display[t]=n.callBacks[t].call(this),n.sendDisp(e)},2e3);else{var o={};o[t]={status:"fail"},this.webb.sendNow("disp",o)}return}}var a={};a[r]=this.display[r],a.t=(new Date).getTime(),this.webb.sendNow("disp",a),delete this.display[r]}return this}}),r}),page.on("ready",function(){require(["log/webb-ia"],function(e){window.webb=page.webb=page.webb||{},page.webb.ia=new e({useAll:!0})}),require(["log/webb-disp"],function(e){var t=$(".se-page-bd").find(".result");window.webb=window.webb||{},webb.disp=(new e).set("base",function(){var e={size:{doc:{w:$(document).width(),h:$(document).height()},wind:{w:$(window).width(),h:$(window).height()},scr:{w:screen.width,h:screen.height}},vsb:document.visibilityState?document.visibilityState:0};return e.num=t.length,e}).set("results",function(){var e=[];return t.length&gt;0&amp;&amp;t.each(function(t,n){n=$(n);var r=n.height(),i=n.offset().top;e.push({order:n.attr("order")||0,top:i||0,height:r||0,tpl:n.attr("tpl")||"",srcid:n.attr("srcid")||0,show:"none"==n.css("display")?0:1})}),e}).sendDisp()}),require(["log/webb-exception"],function(e){window.webb=window.webb||{},webb.exception=e,e.on("wiseasync"),e.on("jserr"),e.on("cndmointor"),e.on("base_sf")})}),page.on("stop",function(){webb&amp;&amp;webb.ia&amp;&amp;webb.ia.destroy(),delete webb.ia}),define("log/js-error/ErrorUtils",["require","exports","module"],function(e,t,n){function r(e){if(!e)return[];var t=e.split(/\n\n/)[0].replace(/[\(\)]|\[.*?\]|^\w+:\s.*?\n/g,"").split("\n");return t=C(t,function(e){var t,n,r;e=e.trim(),/(:(\d+)(:(\d+))?)$/.test(e)&amp;&amp;(n=RegExp.$2,r=RegExp.$4,e=e.slice(0,-RegExp.$1.length)),(k.test(e)||/(.*)(@|\s)[^\s]+$/.test(e))&amp;&amp;(e=e.substring(RegExp.$1.length+1),t=/(at)?\s*(.*)([^\s]+|$)/.test(RegExp.$1)?RegExp.$2:"");var i={identifier:t,script:e,line:n,column:r};return m&amp;&amp;m(i),i.text="    at"+(i.identifier?" "+i.identifier+" (":" ")+i.script+(i.line?":"+i.line:"")+(i.column?":"+i.column:"")+(i.identifier?")":""),i})}function i(e){if(!e)return{};if(e._originalError)return e;var t=r(e.stackTrace||e.stack),n=!1;if(e.framesToPop){for(var i,o=e.framesToPop;o&gt;0&amp;&amp;t.length&gt;0;)i=t.shift(),o--,n=!0;x.test(e.message)&amp;&amp;2===e.framesToPop&amp;&amp;i&amp;&amp;y.test(i.script)&amp;&amp;(e.message+=" at "+i.script+(i.line?":"+i.line:"")+(i.column?":"+i.column:"")),delete e.framesToPop}var a={line:e.lineNumber||e.line,column:e.columnNumber||e.column,name:e.name,message:e.message,type:e.type,script:e.fileName||e.sourceURL||e.script,stack:C(t,function(e){return e.text}).join("\n"),stackFrames:t,guard:e.guard,guardList:e.guardList,extra:e.extra,snapshot:e.snapshot};"string"!=typeof a.message&amp;&amp;(a.messageObject=a.message,a.message=String(a.message)),m&amp;&amp;m(a),n&amp;&amp;(delete a.script,delete a.line,delete a.column),t[0]&amp;&amp;(a.script=a.script||t[0].script,a.line=a.line||t[0].line,a.column=a.column||t[0].column),a._originalError=e;for(var s in a)null==a[s]&amp;&amp;delete a[s];return a}function o(e){if(E)return!1;A.length&gt;0&amp;&amp;(e.guard=e.guard||A[0],e.guardList=A.slice()),e=i(e),$.length&gt;T&amp;&amp;$.splice(T/2,1),$.push(e),E=!0;for(var t=0;t&lt;S.length;t++)try{S[t](e)}catch(n){}return E=!1,!0}function a(){return O}function s(e){A.unshift(e),O=!0}function c(){A.shift(),O=0!==A.length}function u(e,t,n,r,a){s(a||v);var u,l=g.nocatch||/nocatch/.test(location.search);if(l){try{u=e.apply(t,n||[])}finally{c()}return u}try{return u=e.apply(t,n||[])}catch(d){var f=i(d);r&amp;&amp;r(f),e&amp;&amp;(f.callee=e.toString().substring(0,100)),n&amp;&amp;(f.args=Array.prototype.slice.call(n).toString().substring(0,100)),f.guard=A[0],f.guardList=A.slice(),o(f)}finally{c()}}function l(e,t,n){function r(){return u(e,n||this,arguments,null,t)}return t=t||e.name||w,r}function d(e,t,n,r,i){i=i||{},i.message=i.message||e,i.script=i.script||t,i.line=i.line||n,i.column=i.column||r,i.guard=b,i.guardList=[b],o(i)}function f(e,t){S.push(e),t||each($,e)}function p(e){m=e}function h(e,t){g[e]=t}var m,g={},v="&lt;anonymous guard&gt;",w="&lt;generated guard&gt;",b="&lt;window.onerror&gt;",y=/^https?:\/\//i,x=/^Type Mismatch for/,_=["Unknown script code","Function code","eval code"],k=new RegExp("(.*?)(\\s)(?:"+_.join("|")+")$"),S=[],$=[],T=50,A=[],O=!1,E=!1,C=function(e,t){return e.map(t)};window.onerror=d;var q={ANONYMOUS_GUARD_TAG:v,GENERATED_GUARD_TAG:w,GLOBAL_ERROR_HANDLER_TAG:b,addListener:f,setSourceResolver:p,applyWithGuard:u,guard:l,history:$,inGuard:a,normalizeError:i,onerror:d,reportError:o,setConfig:h};n.exports=q}),require(["log/js-error/ErrorUtils"],function(e){"use strict";var t=1,n=350,r=.001,i="",o=0,a=window.page&amp;&amp;page.comm&amp;&amp;page.comm.jsErrorReportConf;a&amp;&amp;a.sam&amp;&amp;(i=a.sam),a&amp;&amp;a.reportScale&amp;&amp;(r=a.reportScale),Math.random()&gt;r||e.addListener(function(e){if(!(++o&gt;t)){var r=e._originalError&amp;&amp;e._originalError.reportType||"0",a={st:r,info:[e.name,e.message,e.stack.slice(0,n)].join(":")};i&amp;&amp;(a.sam=i),window.page&amp;&amp;page.webb&amp;&amp;page.webb.exception&amp;&amp;page.webb.exception.trigger("jserr",a)}})}),define("modules/transcode",["require","sfr"],function(e){if($(document).delegate('div[tpl="www_normal"] a,div[tpl="insp_normal"] a',"click",function(t){var n=$(this),r=n.attr("href"),i=!1;if(r.match(/srd=1(.*)?dict=([2-3][0-9]|64|72)/)&amp;&amp;!r.match("h5ad=1")&amp;&amp;(r.match("m.baidu.com")||r.match("www.baidu.com"))&amp;&amp;(!(page&amp;&amp;page.comm&amp;&amp;page.comm.superframe)||"0"!==page.comm.superframe.sf_enable&amp;&amp;"0"!==page.comm.superframe.sf_tc_enable)&amp;&amp;(i=!0)){var o=n.attr("href");o=o.match(/https?:\/\/[^\/]*(.*)/)[1]+"&amp;sfOpen=1";var a=1;e("sfr").action.redirect(o,null,{headStyle:a}),t.preventDefault()}}),"https:"==location.protocol){var t="https://ss0.baidu.com/6ONWsjip0QIZ8tyhnq/ps_default.gif",n=Date.now(),r=window[n]=new Image;r.onload=r.onerror=r.onabort=function(){r.onload=r.onerror=r.onabort=null,r=null},r.src=t}}),require(["modules/transcode"]),define("modules/velocity",["require"],function(){function e(){a.end=+new Date,n(this.src,"success")}function t(){a.end=+new Date,n(this.src,"fail")}function n(e,t){var n="//m.baidu.com",r=[];r.push("time="+(a.end-a.start)),r.push("src="+e),r.push("state="+t),i({url:n,params:r})}function r(n){o=new Image,a.start=+new Date,o.onload=e,o.onerror=t,o.src=n}function i(e){var t=e.url,n=e.params.join("&amp;");$.ajax({headers:{"X-Bd-Bwsc":"result"},type:"get",url:t+"?"+n})}var o,a={start:0,end:0};return{send:r}}),function(){page.on("afterload",function(){var e=Math.random();require(["modules/velocity"],function(t){.01&gt;e&amp;&amp;(t.send("https://spdytest.baidu.com/static/clientcon_test.gif"),t.send("https://spdytest1.baidu.com/static/clientcon_test.gif"))})})}(),define("modules/tclink/tchlog",["require"],function(){function e(){return m=document.body,g=0,v=0,w=0,b=0,y=0,_=0,k=0,S=0,$=0,T=0,A="none",O=0,E=0,C="none",q=124,t(),{getCkValue:d}}function t(){m.addEventListener("touchstart",n,!0),m.addEventListener("touchend",r,!0),m.addEventListener("touchmove",i,!0),window.addEventListener("scroll",a,!0)}function n(e){var t=e.touches.item(0);b=parseInt(t.pageX,10),y=parseInt(t.pageY,10),s(),g=p(e)}function r(e){v=p(e),w=v-g}function i(e){o(e)}function o(e){a(e)}function a(e){x||(x=!0,k=window.scrollY);var t=window.scrollY,n=Math.abs(t-_),r=u(_,t)||A,i=p(e);c(n,r)&amp;&amp;(i&gt;$&amp;&amp;($=i),"none"===C&amp;&amp;(C=A,S=i),C!==A&amp;&amp;(l(),S=i,C=A)),_=t}function s(){x&amp;&amp;"none"!==C&amp;&amp;(l(),E=0,x=!1,A="none")}function c(e,t){return"none"===A&amp;&amp;(A=t),t!==A?(A=t,E=0):E+=e,E&gt;R}function u(e,t){return t&gt;e?"up":e&gt;t?"down":!1}function l(){O++,T+=$-S,C="none"}function d(){var e=q;if(e!==!1){var t=[e,w,b,y,O,T].join(".");return f(),t}return!1}function f(){O=0,T=0}function p(e){if(0!==e.timeStamp)return parseInt(e.timeStamp);var t=new Date;return t.getTime()}var h,m,g,v,w,b,y,x,_,k,S,$,T,A,O,E,C,q,R=10;return{init:function(){h=e()},getTouchValue:function(){return h.getCkValue()}}}),page.on("init",function(){require(["modules/tclink/tchlog"],function(e){e.init(),$(".search-page").on("touchstart","#results .result a, #results-top .result a",function(){var t=$(this),n="&amp;tch="+e.getTouchValue(),r=t.attr("href");if(-1!==r.search(/\/tc\?.*&amp;nsrc=/)){if(-1!==r.search(/&amp;tch=/))var i=r.replace(/&amp;tch=([^&amp;]*)/,n);else var i=r.replace(/&amp;nsrc=/,n+"&amp;nsrc=");t.attr("href",i)}})})}),define("modules/tclink/tc_speed",["require"],function(){return{handleLog:function(){function e(e){var t=+new Date;return e.filter(function(e){return t-e.t&lt;864e5}).filter(function(e){return e.w&lt;14e11})}if(page.ls&amp;&amp;page.ls.enabled){$(document).delegate("a","click",function(){page.ls.setItem("tc_time_start",+new Date)}),page.ls.removeItem("tc_time_start");var t=page.ls.getItem("tc_time_log");if(t&amp;&amp;(page.ls.removeItem("tc_time_log"),!(Math.random()&gt;.008)||page.ls.getItem("test_tc_speed"))){var n=e(JSON.parse(t));n.length&amp;&amp;page.log.send({ct:44,cst:0,clk_info:encodeURIComponent(JSON.stringify(n))})}}}}}),page.init(function(){require(["modules/tclink/tc_speed"],function(e){e.handleLog()})}),define("modules/tclink/process_url",["require"],function(){function e(e,t){var n=e.attr("href"),r=t.prefix,i=page.comm.query,o=n.indexOf("/tc?")&gt;=0;e.attr("sftc"),r&amp;&amp;n&amp;&amp;0==n.indexOf(r)&amp;&amp;(n=n.substring(r.length),1==page.comm._eclipse&amp;&amp;o&amp;&amp;n.indexOf("&amp;eqid")&lt;0&amp;&amp;(1==page.comm._eclipse_w&amp;&amp;(n=n.replace(/\/(w=[0-9]+_[0-9]+_)[^\/]+\//,"/$1/")),n+="&amp;eqid="+page.comm.eqid,e.attr("data-tc-redirect")||(n+="&amp;wd=")),"https:"===location.protocol&amp;&amp;(0==n.indexOf("/baidu.php?")&amp;&amp;(r="https://m.baidu.com"),n.indexOf("/l=1/")&gt;=0&amp;&amp;n.indexOf("/srd=1/")&lt;0&amp;&amp;n.indexOf("&amp;wd=")&lt;0&amp;&amp;!e.attr("data-tc-redirect")&amp;&amp;(n+="&amp;wd="+i),o&amp;&amp;(r="https://m.baidu.com")),e.attr("href",r+n))}function t(){$(".search-page").on("touchstart","a",function(){var t=$(this);t.attr("href")&amp;&amp;e(t,{prefix:"http://m.baidu.com"})})}return{init:t}}),page.on("init",function(){require(["modules/tclink/process_url"],function(e){e.init()})}),define("modules/pager",["require"],function(require){function init(){var setUrlParam=function(url,key,value){var oUrl=url.toString(),reg=eval("/("+key+"=)([^&amp;]*)/gi");if(reg.test(oUrl)){var nUrl=oUrl.replace(reg,key+"="+value);return nUrl}return oUrl+"&amp;"+key+"="+value};$(".se-page-controller").on("touchstart","a",function(){if(window.ecom&amp;&amp;ecom.wise){var e=$(this).attr("href")||"";ecom.wise.PARAMS&amp;&amp;ecom.wise.PARAMS.searchid&amp;&amp;(e=setUrlParam(e,"adid",encodeURIComponent(ecom.wise.PARAMS.searchid))),$(this).attr("href",e)}})}return{init:init}}),page.on("afterload",function(){require(["modules/pager"],function(e){e.init()})}),define("modules/cdnMonitor",["require"],function(){function e(){l=Math.random(),l&gt;=.41&amp;&amp;.49&gt;l&amp;&amp;r()}function t(){l&gt;=.51&amp;&amp;.59&gt;l&amp;&amp;(i(),o(),a(),s()),l&gt;=.41&amp;&amp;.49&gt;l&amp;&amp;setTimeout(c,3e3)}function n(){var e=Math.round(1e3*Math.random())%f.length;if(0!=e||"https:"!=location.protocol){var t=new Image,n=new Image,r=f[e];t.onload=function(){n.src="//www.baidu.com/nocache/fesplg/s.gif?url="+encodeURIComponent(r)+"&amp;time="+((new Date).getTime()-i)+"&amp;suc=1&amp;type=aboard&amp;dev=wise&amp;protocol="+encodeURIComponent(location.protocol)+"&amp;ran="+(new Date).getTime()},t.onerror=function(){n.src="//www.baidu.com/nocache/fesplg/s.gif?url="+encodeURIComponent(r)+"&amp;time=&amp;suc=0&amp;type=aboard&amp;dev=wise&amp;protocol="+encodeURIComponent(location.protocol)+"&amp;ran="+(new Date).getTime()};var i=(new Date).getTime();t.src=r+"?&amp;ran="+(new Date).getTime()}}function r(){var e=$(".se-page-bd .result img");e.forEach(function(e){var t=e.onerror;e.onerror=function(){this.loaderror=!0,t&amp;&amp;t.apply(this)}})}function i(){var e=new Image;e.onload=function(){u("cdntestsuc")},e.onerror=function(){u("cdntesterr")},e.src="//ss0.bdstatic.com/5bd1bjqh_Q23odCf/static/wiseindex/img/w_icon2.png?ran"}function o(){var e=new Image;e.onload=function(){u("cdngsstestsuc")},e.onerror=function(){u("cdngsstesterr")},e.src="//gss0.bdstatic.com/5bd1bjqh_Q23odCf/static/wiseindex/img/w_icon2.png?ran"}function a(){var e=new Image;e.onload=function(){u("cdnidctestsuc")},e.onerror=function(){u("cdnidctesterr")},e.src="//m.baidu.com/logo.gif"}function s(){var e=new Image;e.onload=function(){u("cdnss0bdtestsuc")},e.onerror=function(){u("cdnss0bdtesterr")},e.src="//ss0.baidu.com/5bd1bjqh_Q23odCf/static/wiseindex/img/w_icon2.png?ran"}function c(){var e={},t=0,n={},r=$(".se-page-bd .result img[src]"),i="se-img";r.forEach(function(e){if(e.loaderror===!0){t++;var r=e.src||"",o=r.match(/\/\/([^\/]*)\//);o[1]&amp;&amp;(n[o[1]]=n[o[1]]||0,n[o[1]]++,0==o[1].indexOf("ss")&amp;&amp;(i="se-imgcdnerr"))}}),t&amp;&amp;(e.host=n),e.unload=t,e.total=r.length,u(i,e)}function u(e,t){if(e){if(e.indexOf("suc")&gt;-1){var n=Math.random();if(!(n&gt;=.5&amp;&amp;.6&gt;n))return}t=t||{},t.st=e;var r="&amp;terminal=wise";for(var i in t)r+="&amp;"+i+"="+t[i];var o=new Image;o.src=B.https.domain.get(d+r)}}var l,d="http://sestat.baidu.com/cm.gif?type=cdnmonitor",f=["//103.235.47.121/s.gif","//sptidchk.baidu.com/s.gif","//sptidcsfo.baidu.com/s.gif","//sptidcjp.baidu.com/s.gif","//sptidcsin.baidu.com/s.gif","//sptcdnhkg.baidu.com/nocache/s.gif","//sptcdnhkg.baidu.com/cache/s.gif","//sptcdnsfo.baidu.com/nocache/s.gif","//sptcdnsfo.baidu.com/cache/s.gif","//sptcdnsin.baidu.com/nocache/s.gif","//sptcdnsin.baidu.com/cache/s.gif","//sptcdnhome.baidu.com/r/www/nocache/imgdata/sp613.gif","//sptcdnhome.baidu.com/r/www/cache/sp/az.gif"];return{afterload:t,ready:e,foreignTest:n}}),location.protocol.indexOf("https")&gt;-1&amp;&amp;(page.on("ready",function(){require(["modules/cdnMonitor"],function(e){e.ready()})}),page.on("afterload",function(){require(["modules/cdnMonitor"],function(e){e.afterload()})})),"70"==B.comm.bfe_sample&amp;&amp;page.on("afterload",function(){require(["modules/cdnMonitor"],function(e){e.foreignTest()})}),define("modules/ecomMonitor",["require"],function(){function e(){r=new RegExp("("+i.join("|")+")"),t()}function t(){var e=$("img[src]");o=[],e.forEach(function(e){if(e.src&amp;&amp;e.src.match(r)){var t=new Image;t.st=(new Date).getTime(),t.onload=function(){t.end=(new Date).getTime()},t.onerror=function(){t.end=-1},t.orisrc=e.src,t.src=e.src+"?ran="+t.st,o.push(t)}}),o.length&amp;&amp;setTimeout(n,3e3)}function n(){var e=[];o.forEach(function(t){var n="";n=-1==t.end?"-1":t.end?t.end-t.st:"-2",e.push(t.orisrc+"#"+n)}),e=e.join("##"),B.log.send({ct:58,cst:1,clk_extra:encodeURIComponent(e)})}var r,i=["i1.baidu.com","i2.baidu.com","i3.baidu.com","t1.baidu.com","t2.baidu.com","t3.baidu.com","ss1.baidu.com/73N1bjeh1BF3odCf","ss2.baidu.com/73Z1bjeh1BF3odCf","ss3.baidu.com/73V1bjeh1BF3odCf","ss0.baidu.com/6ON1bjeh1BF3odCf","ss1.baidu.com/6OZ1bjeh1BF3odCf","ss2.baidu.com/6OV1bjeh1BF3odCf"],o=[];return{afterload:e}}),page.on("afterload",function(){ran=Math.random(),ran&gt;=.48&amp;&amp;.49&gt;ran&amp;&amp;require(["modules/ecomMonitor"],function(e){e.afterload()})}),define("modules/commonNetworkTest",["require"],function(){function e(e){var t="//www.baidu.com/nocache/fesplg/s.gif?log_type=hm&amp;type=wise_bbr_test&amp;",n=e.join("&amp;"),r=new Image,i="_HM_LOG_"+(new Date).getTime();r.onload=function(){delete window[i]},window[i]=r,r.src=t+n}var t={};return Math.random(),t.preConnect=function(e){for(var t=0;t&lt;e.length;t++){var n=new Image;n.src=e[t]}},t.runNetworkTest=function(t){function n(){for(var t in r)!function(e){var t="_NETWORK_LOG_"+e+"_"+ +new Date,n=new Image,u=new Date;c[e]=$.Deferred(),s.push(c[e]),n.onload=function(){a.push(e+"_"+o+"="+(new Date-u)),c[e].resolve(),delete window[t]},n.onerror=function(){a.push(e+"_"+o+"="+(new Date-u)),c[e].resolve(),delete window[t]},n.src=r[e]+i[o]+"?type="+e+"&amp;_t="+ +new Date}(t);var n=$.when.apply($,s);n.always(function(){e(a)})}var r=t.testUrlList,i=t.testFileList,o=Math.floor(Math.random()*i.length),a=[],s=[],c={};setTimeout(n,3e3)},t}),page.on("ready",function(){var e=Math.random();e&gt;=.1&amp;&amp;.105&gt;e&amp;&amp;require(["modules/commonNetworkTest"],function(e){e.preConnect(["https://gst0.baidu.com/nocache/zw0.gif","https://gst1.baidu.com/nocache/zw0.gif"]),e.runNetworkTest({testUrlList:{gst0:"https://gst0.baidu.com/nocache/",gst1:"https://gst1.baidu.com/nocache/"},testFileList:["zw10.gif","zw20.gif","zw50.gif","zw100.gif"]})})}),page.one("afterload",function(){$(".feedback").one("click.feedback",function(){require(["modules/feedback/feedback"],function(e){e.init()})})}),require(["modules/feedback/feedback"],function(e){page.comm.feedbackAla=e.alaInit}),define("modules/activityEgg",["require"],function(){function e(){this.container=$(".search-page")}return e.prototype.run=function(){var e=this;e.init&amp;&amp;page.one("init",function(){e.init()}),e.destroy&amp;&amp;page.one("destroy",function(){e.destroy()}),e.attach&amp;&amp;page.one("attach",function(){e.attach()}),e.detach&amp;&amp;page.one("detach",function(){e.detach()})},e}),define("modules/psEvent",["require"],function(){function e(){}return e.prototype.set=function(e,t,n){return e&amp;&amp;t&amp;&amp;n?e[t]?e[t]:(e[t]=n,n):!1},e.prototype.get=function(e,t){return e&amp;&amp;t?e[t]?e[t]:null:!1},e}),require(["modules/psEvent"],function(e){var t=new e;page.utils=page.utils||{},page.utils.getEventSignature=function(e){return e&amp;&amp;page.comm.domLoadingTime?t.set(e,"psSignature",new Date-page.comm.domLoadingTime):0}}),!function(){if(B&amp;&amp;B.comm&amp;&amp;B.comm.sids&amp;&amp;-1!==B.comm.sids.indexOf("108670")){var e='&lt;iframe style="display:none" frameborder=0 width=0 height=0 marginheight=0 marginwidth=0 scrolling=no src="https://mipcache.bdstatic.com/static/prefetch.html"&gt;&lt;/iframe&gt;';$("body").append(e)}}(),define("modules/mip/page",["require"],function(){function e(){clearTimeout(i),i=setTimeout(function(){var e=document.body.scrollTop,n=e+$(window).height();r.filter('[data-sf-mip-preload="0"]').filter(function(){var t=$(this).offset().top;return t&gt;e&amp;&amp;n&gt;t}).each(function(){t.loadDom($(this))})},300)}var t={},n={};t.loadHtml=function(e){if(!n[e]){var t=new $.Deferred,r=new Image;$(r).on("load error",function(){t.resolve(e)}),r.src=e,n[e]=t}return n[e]},t.getStatus=function(e){return n[e]?4===n[e].readyState?2:1:0},t.loadDom=function(e){var n=e.data("sf-href"),r=n.match(/&amp;ext=([^&amp;]+)&amp;/);if(!r)return!1;try{r=JSON.parse(decodeURIComponent(r[1]))}catch(i){return console.warn("ext parse error",i),!1}var o=decodeURIComponent(r.url);if(!o)return!1;e.data("sf-mip-preload",1);var a=t.loadHtml(o);a.always(function(){e.data("sf-mip-preload",2)})},t.isMipDom=function(e){var t=e.data("sf-href");return t?t.indexOf("&amp;pd=mms_mip&amp;actname=act_sf_mip")&gt;0:void 0};var r,i;return t.start=function(n){n.on("afterload",function(){r=$("a[data-sf-href]").filter(function(){return t.isMipDom($(this))}).data("sf-mip-preload",0),$(document).on("scroll",e),e()}),n.on("stop",function(){clearTimeout(i),$(document).off("scroll",e)})},t}),define("modules/mip/entrance",["require","modules/mip/page"],function(e){function t(e){var t=e.attr("data-sf-href")||"";return t.match(new RegExp("^/sf?.*&amp;tn=normal&amp;pd=mms_mip&amp;actname=act_sf_mip"))?t:!1}function n(e,t){try{return decodeURIComponent(e.match(new RegExp("[?&amp;]"+t+"=([^&amp;]+)"))[1])}catch(n){return null}}function r(e){var t="//mipcache.bdstatic.com/";if(0!==e.indexOf(t))return!1;var n=e.slice(t.length),r=encodeURIComponent(n);r=r.replace(/%2F/g,"/");for(var i=0;i&lt;r.length;i++){var o=r.charAt(i),a=r.charAt(i+1);if("/"!==o||"/"===a)for(;"/"===r.charAt(i)&amp;&amp;i&lt;r.length;)r=r.slice(0,i)+"%2F"+r.slice(i+1),i+=3}return"/"+r}function i(e,t){var r=page&amp;&amp;page.comm&amp;&amp;page.comm.sampleval&amp;&amp;page.comm.sampleval.WISE_TPL_COMMON_SAMPLE_FLAG;if("sf-mip-service-tc"===r){var i=t.attr("data-sf-options");try{i=JSON.parse(i)}catch(o){}if(i&amp;&amp;i.encUrl){var a=t.attr("href")||"";"https:"===location.protocol&amp;&amp;(a=a.replace(/^http:/,"https:")),a=a.replace(/nsrc=[^&amp;]+/,"nsrc="+i.encUrl);var s={};try{s=JSON.parse(n(a,"clk_info"))}catch(o){s={}}return s.sig=page.utils.getEventSignature(e),a=a.replace(/clk_info=[^&amp;]+/,"clk_info="+encodeURIComponent(JSON.stringify(s))),i.tcUrl=a,t.attr("data-sf-options",JSON.stringify(i)),!0}}}function o(e,t){var n=page&amp;&amp;page.comm&amp;&amp;page.comm.sampleval&amp;&amp;page.comm.sampleval.WISE_TPL_COMMON_SAMPLE_FLAG;if("sf-mip-service-tc"===n){var r=t.attr("data-sf-href")||"";return r=r.replace(/^\/sf/,"/mip"),t.attr("data-sf-href",r),i(e,t)}}function a(e){var a=$(e.target);a.is("a")||(a=a.closest("a"));var s=t(a);if(!s&amp;&amp;a){var c=a.attr("data-sf-href");return void(c&amp;&amp;c.match(/^\/mip/)&amp;&amp;i(e,a))}if(!o(e,a)){var u=(page&amp;&amp;page.comm&amp;&amp;page.comm.sampleval&amp;&amp;page.comm.sampleval.WISE_TPL_COMMON_SAMPLE_FLAG,a.data("sf-options")),l={};try{l=JSON.parse(n(s,"ext")||"{}")}catch(d){l={}}var f=n(s,"title"),p=decodeURIComponent(l.url),h=r(p);if(h){var m=window.page&amp;&amp;page.comm&amp;&amp;page.comm.superframe&amp;&amp;page.comm.superframe.sf_mip_enable;m=parseInt(m,10),0!==m&amp;&amp;(a.data("sf-href","/mip"+h),u.title=f,u.lid=n(s,"lid"),a.data("sf-options",JSON.stringify(u)))}}}var s=e("modules/mip/page");page.on("init",function(){window.page&amp;&amp;page.comm&amp;&amp;page.comm.sampleval&amp;&amp;page.comm.sampleval.WISE_TPL_COMMON_SAMPLE_FLAG,$("a[data-sf-href]").filter(function(){return s.isMipDom($(this))}).length&gt;0&amp;&amp;((new Image).src="//mipcache.bdstatic.com/static/az.gif?_="+ +new Date),document.body.removeEventListener("click",a,!0),document.body.addEventListener("click",a,!0)})}),require(["modules/mip/entrance"]),page.on("ready",function(){require(["uiamd/bdbox/util"],function(e){e.setSearchIdToBox()})}),define("modules/tagsearch",["require","fusion/b-scroll/b-scroll","fusion/b-toast/b-toast"],function(e){"use strict";var t=(e("fusion/b-scroll/b-scroll"),e("fusion/b-toast/b-toast"),["search","ls","tsearch_guide"]),n="tgs_clk",r={_version:"1.0",init:function(){this.updateParams(),this.checkIsHasData()&amp;&amp;this.bindEvent()},checkIsHasData:function(){return 0!==this.tsSearchWrapper.length&amp;&amp;0!==this.tsSearchItem},updateParams:function(){this.TSITEMSELECTOR="a.tagSearch-top-item",this.TSITEMTARGETSELECTOR="a.tagSearch-top-item.tagSearch-top-item-select",this.TSITEMTARGETCLASSNAME="tagSearch-top-item-select",this.tsSearchWrapper=$("#tagSearch"),this.tsSearchItem=this.tsSearchWrapper.find(".tagSearch-top-item"),this.tsToast=this.tsSearchWrapper.find(".tagSearch-top-toast")},bindEvent:function(){this.tsSearchWrapper.on("click",this.TSITEMSELECTOR,$.proxy(this.clickTagFireSearch,this)),this.noviceBoot()},clickTagFireSearch:function(e){var t=$(e.target),r=t.hasClass(this.TSITEMTARGETCLASSNAME);r?t.removeClass(this.TSITEMTARGETCLASSNAME):t.addClass(this.TSITEMTARGETCLASSNAME);var i=page.utils.link.getSearchUrl(decodeURIComponent(page.comm.query),{sel_tags:encodeURIComponent(this.getCurrentSelectTags()),sa:n});r?t.addClass(this.TSITEMTARGETCLASSNAME):t.removeClass(this.TSITEMTARGETCLASSNAME),location.href=i,e.stopPropagation(),e.preventDefault()},getCurrentSelectTags:function(){var e=$(this.TSITEMTARGETSELECTOR),t=[];return e.length&amp;&amp;$.each(e,function(e,n){t.push($(n).text().trim())}),t.join("|")},noviceBoot:function(){var e=this;e.isAlreadyGuide()||1!==this.tsSearchWrapper.find(this.TSITEMTARGETSELECTOR).length||(this.tsToast.get(0).fusion.open(),this.setAlreadyGuide())},setAlreadyGuide:function(){var e=page.utils.ls;return e.enabled?void e.set(t[0],t[1],t[2],"1"):!1},isAlreadyGuide:function(){var e=page.utils.ls;return e.enabled&amp;&amp;"1"===e.get(t[0],t[1],t[2])?!0:!1}};return r}),require(["modules/tagsearch"],function(e){page.on("init",function(){e.init()})}),page.on("afterload",function(){if(0!==$(".vc-summertips-container").length&amp;&amp;Box.isBox){var e=/sbxiadouqid\=(.*?)(&amp;|$)/.exec(window.location.search);e&amp;&amp;e.length&gt;1&amp;&amp;e[1]&amp;&amp;require(["modules/summertips/summertips"],function(e){e()})}});</script><script type="text/javascript" src="//m.baidu.com/static/searchbox/openjs/share.js?v=1.2"></script><script data-require-id="uiamd/bdbox/util" src="//m.baidu.com/se/./static/js/uiamd/bdbox/util_e4c87fb.js" async=""></script><script data-require-id="fusion/deps/naboo" src="//m.baidu.com/se/./static/js/fusion/deps/naboo_a0624f6.js" async=""></script><script data-require-id="fusion/deps/spark" src="//m.baidu.com/se/./static/js/fusion/deps/spark_10e7396.js" async=""></script><script data-require-id="fusion/deps/fusion.best" src="//m.baidu.com/se/./static/js/fusion/deps/fusion.best_5bb531c.js" async=""></script><script data-require-id="pmd/deps/detect" src="//m.baidu.com/se/./static/pmd/pmd/deps/detect_c8b750a.js" async=""></script><script data-require-id="pmd/share/share" src="//m.baidu.com/se/./static/pmd/pmd/share/share_cc26fe3.js" async=""></script><script data-require-id="modules/feedback/feedback" src="//m.baidu.com/se/./static/js/modules/feedback/feedback_b847024.js" async=""></script><script data-require-id="fusion/b-scroll/b-scroll" src="//m.baidu.com/se/./static/js/fusion/b-scroll/b-scroll_4463064.js" async=""></script><script data-require-id="fusion/b-toast/b-toast" src="//m.baidu.com/se/./static/js/fusion/b-toast/b-toast_245ba0b.js" async=""></script><script data-version="sugjs_3273921">!function(){function htmlEncode(e){var t={"&amp;":"&amp;amp;","&lt;":"&amp;lt;","&gt;":"&amp;gt;",'"':"&amp;quot;","'":"&amp;#39;"},s=function(e){return t[e]};return e.replace(/[&amp;&lt;&gt;"']/g,s)}function getCurrentRelativeUrl(){return location.pathname+location.search+location.hash}var samTabmovdown=0;page&amp;&amp;page.comm&amp;&amp;1==page.comm.tabSampling&amp;&amp;(samTabmovdown=1);var samTabmovdown_21=0;page&amp;&amp;page.comm&amp;&amp;1==page.comm.tabSampling_21&amp;&amp;(samTabmovdown_21=1);var samUseNewIs=window.page&amp;&amp;page.comm&amp;&amp;page.comm.useNewIs,commonBase=$("#commonBase"),c_sugsid=B.comm.sugsid,c_tanet=B.comm.tanet,c_osid=B.comm.osid,c_spd=B.comm.spd,c_lid=B.comm.lid,c_pwd="",config={checkInterval:300,sugNum:6,sugBaseUrl:"//m.baidu.com/su?pre=1&amp;p=3&amp;ie=utf-8&amp;json=1&amp;from=wise_web"+(c_sugsid?"&amp;sugsid="+c_sugsid:"")+"&amp;net="+c_tanet+"&amp;os="+c_osid+"&amp;sp="+c_spd,hisBaseUrl:"//m.baidu.com/his?callback=?&amp;type=3&amp;pic=1"+(c_lid?"&amp;lid="+c_lid:""),hisDeleteUrl:"/user/ajax/history/delete",hisClearUrl:"/user/ajax/history/clear",sugScriptId:"sug",hisStorageNum:6,defSiteIconUrl:"//m.baidu.com/static/index/siteDef.png",defAppIconUrl:"//m.baidu.com/static/index/appDef.png",defAtIconUrl:"//m.baidu.com/static/index/atDef.png",tcUrl:"//m.baidu.com/tc?l=1&amp;",hisMoreUrl:"//m.baidu.com/user/history/list?u=",hisSetUrl:"//m.baidu.com/userbox?action=config&amp;model=user&amp;ori=sug&amp;u=",hisGraphUrl:-1===location.protocol.indexOf("https")?"//graph.baidu.com/resource/$sign$_0.jpg":"//sp0.baidu.com/-aYHfD0a2gU2pMbgoY3K/resource/$sign$_0.jpg",hisGraphHerf:"http://graph.baidu.com/s?"},status={isRequesting:!1,isHisRecommend:!1,isSuccess:!1,sugWinMoved:!1,sugClosed:!1,isFocus:!1,isHissyn:B.comm.pid,isGetHis:!0,bearIconShow:!0,isOpenHis:B.comm.upshis},sugCache={},timeoutCache={},prefetchpromise=0,prefetchpromisetimer=null,hisRecommend=null,beforeLeaveQuery=null,sugObj={wrap:"suggest-div",sug:"sug",his:"his",touch:"touched",sugEdit:"sug-edit"},preventEvent=function(e){return e.preventDefault&amp;&amp;e.preventDefault(),e.stopPropagation&amp;&amp;e.stopPropagation(),!1};config.preratio=[.3,.02];var prewait=!0;return window.baidu=window.baidu||{},$.sug=function(e){var t=this,s=$(e.inputid);"1"!=s.attr("data-sug")&amp;&amp;(s.attr("data-sug","1"),$.extend(t,{doms:{wrap:$(e.wrapid),input:$(e.inputid),reset:$(e.resetid),bn:$(e.buttonid)},isUpdate:!1,isOperAt:!1,lastKw:$(e.inputid).val()||"",needHis:e.needHis,record:e.record,sa:e.sa,w:e.w,hisShow:"0",sugShow:"0",recShow:"0",publicArgu:e.publicArgu,iHeight:e.iHeight||"66px",dHeight:e.dHeight||"45px"}),t.init())},$.sug.prototype={reinit:function(e){$.extend(this,e||{})},init:function(){var e=this;e.DOMprepared(),e.attchEvent();B.comm.sids||"";e.spa=0!=B.comm.spa?!0:!1,status.isHissyn||status.isHisRecommend||(B.on?(B.on("afterload",function(){e.setHisRecommend()}),B.on("stop",function(){status.isHisRecommend=!1})):e.setHisRecommend())},update:function(){if(this.isUpdate)if(status.isHissyn){var e=encodeURIComponent(location.toString());$(".suggest-control-more a").attr("href",config.hisMoreUrl+e),$(".suggest-control-set a").attr("href",config.hisSetUrl+e)}else this.setHisRecommend();this.isUpdate=!0},setHisRecommend:function(e){var t=this,s=t.getHis(""),n=B.comm.pid;status.isHissyn?1==status.isOpenHis?e?t.sendHisRequest(s,n):t.getSug(""):(t.cl(),t.hd()):status.isHisRecommend?t.getSug(""):(status.isHisRecommend=!0,t.sendHisRequest(s))},sendHisRequest:function(e,t){for(var s=this,n=[],a=0,i=e.length;i&gt;a;a++)n.push({kw:e[a].kw,time:parseInt(e[a].time/1e3)});var r=B.comm.hissid,o=B.comm.tanet;$.ajax({type:"GET",url:config.hisBaseUrl+"&amp;net="+o+(r?"&amp;hissid="+r:"")+(t?"&amp;pid="+t:"")+(n.length?"&amp;hisdata="+encodeURIComponent(JSON.stringify(n)):""),dataType:"jsonp",success:function(e){status.isHissyn?(0==e.errno&amp;&amp;e.his&amp;&amp;e.his.length&gt;0?(hisRecommend={s:e&amp;&amp;e.his},e.type&amp;&amp;e.type.length&gt;0&amp;&amp;(hisRecommend.type=e.type),e.src&amp;&amp;e.src.length&gt;0&amp;&amp;(hisRecommend.src=e.src),e.vals&amp;&amp;e.vals.length&gt;0&amp;&amp;(hisRecommend.vals=e.vals)):hisRecommend={s:[]},status.isGetHis=!1,s.getSug("")):hisRecommend=0==e.errno&amp;&amp;e.his&amp;&amp;e.his.length&gt;0?{s:e&amp;&amp;e.his}:null},error:function(){status.isHissyn&amp;&amp;(hisRecommend={s:[]},status.isGetHis=!1,s.getSug(""))}})},DOMprepared:function(){var e=this;e.sugDiv=$("&lt;div&gt;&lt;/div&gt;").attr("class",sugObj.wrap),e.sugClose=$("&lt;div&gt;&lt;/div&gt;").html("关闭").attr("class","suggest-close"),e.sugTitle=$("&lt;div&gt;&lt;/div&gt;").attr("class","suggest-title"),e.sugAt=$("&lt;div&gt;&lt;/div&gt;").attr("class","suggest-at").html("直达号"),e.sugDirect=$("&lt;div&gt;&lt;/div&gt;").attr("class","suggest-direct"),e.sugPanel=$("&lt;div&gt;&lt;/div&gt;").attr("class","suggest-panel"),e.sugContent=$("&lt;div&gt;&lt;/div&gt;").attr("class","suggest-content"),e.setSugOper(),e.sugLogo=$("&lt;div&gt;&lt;/div&gt;").attr("class","suggest-logo"),samTabmovdown&amp;&amp;!samTabmovdown_21?e.sugTitle.append(e.setHisControl()).append(e.sugAt):e.sugTitle.append(e.sugLogo).append(e.setHisControl()).append(e.sugAt),e.sugPanel.append(e.sugContent).append(e.sugOper),e.sugDiv.append(e.sugDirect).append(e.sugPanel).append(e.sugTitle).append(e.sugClose),e.doms.wrap.append(e.sugDiv),e.form=e.doms.wrap.parents("form"),e.page="i"==e.form.attr("data-formposition")?"index":"search",e.hd()},setHisControl:function(){var e=this,t=$("&lt;div&gt;").attr("class","suggest-control"),s=e.getIconPre(),n=encodeURIComponent(location.toString());if(status.isHissyn){var a=$('&lt;div class="suggest-control-more"&gt;&lt;a href='+config.hisMoreUrl+n+'&gt;&lt;i class="'+s+'logo"&gt;&lt;/i&gt;查看更多历史&lt;/a&gt;&lt;/div&gt;'),i=$('&lt;div class="suggest-control-set"&gt;&lt;a href='+config.hisSetUrl+n+'&gt;&lt;i class="'+s+'setting"&gt;&lt;/i&gt;设置&lt;/a&gt;&lt;/div&gt;');a.on("click","a",function(){B.log.send({ct:3,cst:6})}).on("touchstart",function(){$(this).addClass("touched")}).on("touchend",function(){$(this).removeClass("touched")}),i.on("click","a",function(){B.log.send({ct:3,cst:7})}).on("touchstart",function(){$(this).addClass("touched")}).on("touchend",function(){$(this).removeClass("touched")}),t.append(a).append(i)}else e.clear=$("&lt;div&gt;&lt;/div&gt;").attr("class","history-clear").html("清除历史记录"),e.clear.bind("click",function(){var t="清除全部查询历史记录？";B.log.send({ct:3,cst:9}),confirm(t)?e.delHis():e.clear.removeClass(sugObj.touch)}).bind("touchstart",function(){$(this).addClass("touched")}).bind("touchend",function(){e.clearTouchStatus()}),t.append(e.clear);return e.hisControl=t,t},setSugOper:function(){var e=this,t=$("&lt;div&gt;&lt;/div&gt;").attr("class","suggest-oper sug-active-his"),s=$("&lt;div&gt;&lt;/div&gt;").attr("class","suggest-oper-his sug-oper-btn").text("历史记录"),n=$("&lt;div&gt;&lt;/div&gt;").attr("class","suggest-oper-at sug-oper-btn").text("直达号"),a=e.doms.input;return e.sugOper=t,e.sugOperHis=s,e.sugOperAt=n,s.on("touchstart",function(t){if(!e.sugOper.hasClass("sug-active-his")){e.sugOper.removeClass("sug-active-at"),e.sugOper.addClass("sug-active-his");var s="";a.val(s),setTimeout(function(){a.focus()},50),e.scrollTop(),e.autoWrap(),B.log.send({ct:3,cst:4})}preventEvent(t)}),n.on("touchstart",function(t){if(!e.sugOper.hasClass("sug-active-at")){e.sugOper.removeClass("sug-active-his"),e.sugOper.addClass("sug-active-at"),e.isOperAt=!0;var s="@";a.val(s),setTimeout(function(){a.focus()},50),e.scrollTop(),e.autoWrap(),B.log.send({ct:3,cst:5})}preventEvent(t)}),t.append(n).append(s),t},attchEvent:function(){var e=this,t=e.doms.input;B.on("leave",function(){location.href.match(/\/s\?/)&amp;&amp;(beforeLeaveQuery=decodeURIComponent(B.comm.query),t.val(beforeLeaveQuery),e.leavetimer=setInterval(function(){t.val()!=beforeLeaveQuery&amp;&amp;(t.val(beforeLeaveQuery),clearInterval(e.leavetimer))},100))}),t.is(":focus")&amp;&amp;(status.isFocus=!0,e.checkInput(),e.focustime=(new Date).getTime(),delete e.inputtime),e.bindInputEvent(),e.sugClose.bind("click",function(){status.sugClosed=!0,e.hd()}).bind("touchstart",function(){e.clearTouchStatus(),$(this).addClass("touched")}).bind("touchend",function(){e.clearTouchStatus()}),$("body").bind("click",function(t){var s=$(t.target);if(!s.hasClass("suggest-panel")&amp;&amp;!s.hasClass("suggest-title")){if(s.hasClass(sugObj.sugEdit)||s.hasClass("sug-oper-btn")){var n=s.parents("form").find(".se-input");return void n.focus()}status.isFocus||(clearTimeout(e.timer),$("."+sugObj.wrap).hide())}}),$(window).on("pageshow",function(){e.clearstatics()}),B.on&amp;&amp;(B.on("stop",function(){clearTimeout(e.timer),e.sugDiv.css({visibility:"hidden"})}),B.on("load",function(){clearTimeout(e.timer),e.hd(),e.sugDiv.css({visibility:"visible"}),e.doms.input.blur()}))},bindInputEvent:function(){var e=this,t=e.doms.input;t.bind("focus",function(){e.focustime=(new Date).getTime(),delete e.inputtime,clearInterval(e.leavetimer),status.sugClosed=!1,$("."+sugObj.wrap).hide(),status.isFocus=!0,e.checkInput()}).bind("blur",function(){status.isFocus=!1,status.isGetHis=!0,clearTimeout(e.timer),setTimeout(function(){e.autoWrap(!1)},0)}),$(e.doms.input).on("input",function(){(-1!=this.value.indexOf("\n")||-1!=this.value.indexOf("\r"))&amp;&amp;(e.doms.input.val(e.doms.input.val().replace(/\r|\n/g,"")),$("textarea.input-hidden").val(e.doms.input.val()),e.form.append($("&lt;input type='hidden' value='1' name='t_it'/&gt;")),e.form.submit())}),e.form.bind("submit",function(t){var s=$(this).find(".se-input").val();e.form.append($("&lt;input type='hidden' name='rqlang' value= '"+B.comm.actualResultLang+"' /&gt;")),e.submitProcess(t,s)}),e.doms.reset.bind("touchstart mousedown click",function(t){e.doms.input.val("").focus(),$(this).hide(),preventEvent(t)})},hideBearIcon:function(){status.bearIconShow&amp;&amp;setTimeout(function(){$(".se-form .se-bearicon").hide(),status.bearIconShow=!1},10)},showBearIcon:function(){if(1===samTabmovdown&amp;&amp;!status.bearIconShow){var e="none"===$(".suggest-div").css("display");!status.isFocus&amp;&amp;e&amp;&amp;($(".se-form .se-bearicon").show(),status.bearIconShow=!0)}},delHis:function(e,t,s){var n=this;if(this.clearLocalHis(e),0===$(".his").length&amp;&amp;n.hd(),status.isHissyn){var a={type:"POST",dataType:"json",success:function(e,n,a){e&amp;&amp;e.result?t&amp;&amp;t(e):s&amp;&amp;s(a)},error:function(e){s&amp;&amp;s(e)}};e?(a.url=config.hisDeleteUrl,a.data={query:e}):a.url=config.hisClearUrl,$.ajax(a)}},scrollTop:function(){setTimeout(function(){window.scrollTo(0,0)},100)},clearTouchStatus:function(){var e=$("."+sugObj.sugEdit),t=$("."+sugObj.sug),s=$("."+sugObj.his),n=sugObj.touch;e.removeClass(n),t.removeClass(n),s.removeClass(n),this.sugDirect.removeClass(n),this.sugClose.removeClass(n),this.clear&amp;&amp;this.clear.removeClass(n)},clearstatics:function(){var e=this;e.form.attr("sa").value=e.sa+"b",e.form.attr("ts").value=0,e.setHiddenInput("dit",null),e.setHiddenInput("s_at",null)},submitProcess:function(e,v){var me=this,time,value=v;if(clearTimeout(prefetchpromisetimer),me.form.attr("h_type")&amp;&amp;1*me.form.attr("h_type").value===18&amp;&amp;me.graph_kw){preventEvent(e),B.log.send({ct:3,cst:11,s_sa:me.form.attr("sa").value,s_kw:me.form.attr("h_sign").value,s_type:me.form.attr("h_type").value});var kw=me.graph_kw||"";delete me.graph_kw;var graphUrl=config.hisGraphHerf+"&amp;tn=wise&amp;sign="+me.form.attr("h_sign").value+"&amp;sa="+me.form.attr("sa").value,underscorePos=kw.indexOf("_");return underscorePos&gt;=0&amp;&amp;(graphUrl+="&amp;wd="+encodeURIComponent(kw.slice(underscorePos+1))),void(location.href=graphUrl)}if(value){if(me.needHis&amp;&amp;me.setHis(value.toLowerCase().trim()),me.focustime?me.setHiddenInput("rsv_sug4",(new Date).getTime()-me.focustime):me.setHiddenInput("rsv_sug4",null),me.inputtime?(me.setHiddenInput("inputT",(new Date).getTime()-me.inputtime),delete me.inputtime):me.setHiddenInput("inputT",null),B.SPA?B.SPA.lastQuery=encodeURIComponent(value):B.SPA={lastQuery:encodeURIComponent(value)},me.autoWrap(!1),me.doms.input.blur(),me.doms.reset.hide(),me.hd(),time=(new Date).getTime().toString(),me.form.attr("ts").value=time.substring(time.length-7),B.kts){var t_kt=Math.round(eval(B.kts.join("+"))/B.kts.length);"number"==typeof t_kt&amp;&amp;t_kt&gt;0&amp;&amp;(me.form.attr("t_kt").value=t_kt)}var from=B.comm.from;"undefined"!=typeof from&amp;&amp;from.toString().replace(/^(\d+)(\w*)$/,function(e,t,s){if(t){if(t=(107*(parseInt(t,10)+6791)^9527801).toString(),s){t+=".";for(var n=0,a=s.length;a&gt;n;n++)t+=s[n].charCodeAt(0)}B.cookie("BDICON",t)}});var d_query=B.comm.query;if(d_query&amp;&amp;me.setHiddenInput("oq",decodeURIComponent(d_query)),status.sugClosed=!1,window.__sam_async_super&amp;&amp;B.search.Search){if("ts sa ss rq".split(" ").forEach(function(e){commonBase.data(e,me.form.find('input[name="'+e+'"]').val()),B.comm[e]=me.form.find('input[name="'+e+'"]').val()}),me.form.find('input[name="dit"]').length&gt;0&amp;&amp;(commonBase.data("dit",me.form.find('input[name="dit"]').val()),B.comm.dit=me.form.find('input[name="dit"]').val()),B.search.Search.hasCache({word:value}))return preventEvent(e),B.comm.query=encodeURIComponent(value),B.comm.pn=0,B.search.Search.submitForm({word:value}),me.doms.input.blur(),void me.hd()}else if(window.__sam_async||samUseNewIs)"ts sa ss rq".split(" ").forEach(function(e){commonBase.data(e,me.form.find('input[name="'+e+'"]').val()),B.comm[e]=me.form.find('input[name="'+e+'"]').val()}),me.form.find('input[name="dit"]').length&gt;0&amp;&amp;(commonBase.data("dit",me.form.find('input[name="dit"]').val()),B.comm.dit=me.form.find('input[name="dit"]').val()),preventEvent(e),samUseNewIs?require(["instant_search/is"],function(e){e.submit({word:value},!0)}):require(["search/search"],function(e){e.submitForm({word:value})}),me.doms.input.blur(),me.hd(),B.comm.query=encodeURIComponent(value),B.comm.pn=0;else if(me.spa){"ts sa ss rq".split(" ").forEach(function(e){commonBase.data(e,me.form.find('input[name="'+e+'"]').val()),B.comm[e]=me.form.find('input[name="'+e+'"]').val()}),me.form.find('input[name="dit"]').length&gt;0&amp;&amp;(commonBase.data("dit",me.form.find('input[name="dit"]').val()),B.comm.dit=me.form.find('input[name="dit"]').val());var cacheObj=B.prefetch.getCacheObj(value),cacheStatus=B.prefetch.getCacheStatus(cacheObj),speedTest=!!B.comm.pagetimer;if(1===cacheObj.status&amp;&amp;0===prefetchpromise)return prefetchpromise=1,cacheObj.promise.then(function(){1==prefetchpromise&amp;&amp;(prefetchpromise=0,me.submitProcess(e,v))},function(){1==prefetchpromise&amp;&amp;(prefetchpromise=0,me.submitProcess(e,v))}),prefetchpromisetimer=setTimeout(function(){prefetchpromise=0,B.prefetch.delCacheObj(cacheObj),me.submitProcess(e,v)},3e3),void preventEvent(e);if(2===cacheStatus){me.doms.input.blur(),$(".se-page-tips,.results,.se-relativewords").empty(),$("#search-btm-zone,#pagenav").hide(),$("#index-card").hide(),$("#search-card").show(),me.hd(),preventEvent(e);var sa=encodeURIComponent(me.form.find('input[name="sa"]').val());if(cacheObj.item.params.sa=sa,"index"==me.page){var hash=location.hash;if(0===hash.indexOf("#%7C")&amp;&amp;(hash=decodeURIComponent(hash)),location.hash=hash?hash+"|src_"+encodeURIComponent(value)+"|sa_"+sa:"#|src_"+encodeURIComponent(value)+"|sa_"+sa,B.chgParam(value),B.comm.query=encodeURIComponent(value),B.comm.pn=0,"undefined"==typeof $.loadPage){var lsObj=B.localStore({type:"search",query:value});speedTest&amp;&amp;(lsObj.speed.loading=(new Date).getTime()),setTimeout(function(){window.scrollTo(0,0)},0)}}else{var hash=location.hash,originalHash=hash;0===hash.indexOf("#%7C")&amp;&amp;(hash=decodeURIComponent(hash),originalHash=hash),hash=hash.replace(/(\|src\_)(.*?)(\||$)/,"$1"+encodeURIComponent(value)+"$3").replace(/(\|sa_)(.*?)(\||$)/,"$1"+sa+"$3"),hash||(hash="#|src_"+encodeURIComponent(value)+"|sa_"+sa);var speed=!1;speedTest&amp;&amp;(speed={tag:me.page,start:(new Date).getTime()}),hash===originalHash?$("body").trigger("singlePage",speed):location.hash=hash}}else if(4===cacheStatus){me.doms.input.blur(),$(".se-page-tips,.results,.se-relativewords").empty(),$("#search-btm-zone,#pagenav").hide(),$("#index-card").hide(),$("#search-card").show(),me.hd(),preventEvent(e);var sa=encodeURIComponent(me.form.find('input[name="sa"]').val());if(cacheObj.item.params.sa=sa,"index"==me.page){var hash=location.hash;if(0===hash.indexOf("#%7C")&amp;&amp;(hash=decodeURIComponent(hash)),location.hash=hash?hash+"|src_"+encodeURIComponent(value)+"|sa_"+sa:"#|src_"+encodeURIComponent(value)+"|sa_"+sa,B.chgParam(value),B.comm.query=encodeURIComponent(value),B.comm.pn=0,"undefined"==typeof $.loadPage){var lsObj=B.localStore({type:"search-newi",query:value});speedTest&amp;&amp;(lsObj.speed.loading=(new Date).getTime()),setTimeout(function(){window.scrollTo(0,0)},0)}}else{var hash=location.hash,originalHash=hash;0===hash.indexOf("#%7C")&amp;&amp;(hash=decodeURIComponent(hash),originalHash=hash),hash=hash.replace(/(\|src\_)(.*?)(\||$)/,"$1"+encodeURIComponent(value)+"$3").replace(/(\|sa_)(.*?)(\||$)/,"$1"+sa+"$3"),hash||(hash="#|src_"+encodeURIComponent(value)+"|sa_"+sa);var speed=!1;speedTest&amp;&amp;(speed={tag:me.page,start:(new Date).getTime()}),hash===originalHash?$("body").trigger("singlePage",speed):location.hash=hash}}}}else preventEvent(e)},autoWrap:function(e){var t,s,n=this,a=e,i=parseInt(n.doms.input.css("line-height"));return 0==a?void n.decreaseHeight():(n.doms.input.removeClass("adjust-input"),n.doms.input.val()!==$("textarea.input-hidden").val()&amp;&amp;$("textarea.input-hidden").width(n.doms.input.width()+2).empty().text(n.doms.input[0].value),t=$("textarea.input-hidden")[0].scrollHeight,s=Math.floor(t/i),s&gt;1&amp;&amp;n.increaseHeight(),void((""==this.doms.input.val()||1&gt;=s)&amp;&amp;n.decreaseHeight()))},increaseHeight:function(){var e=this;e.doms.input.css({height:e.iHeight}),e.form.css({height:e.iHeight}),e.form.find(".se-bn,.cross").css({height:e.iHeight})},decreaseHeight:function(){var e=this;e.doms.input.css({height:e.dHeight}),e.form.css({height:e.dHeight}),e.form.find(".se-bn,.cross").css({height:e.dHeight})},checkInput:function(){var e=this,t=e.doms.input.val().toLowerCase().trim();return beforeLeaveQuery&amp;&amp;(e.doms.input.val(beforeLeaveQuery),t=beforeLeaveQuery,e.lastKw="",beforeLeaveQuery=null),e.autoWrap(),e.timer=setTimeout(function(){e.checkInput()},config.checkInterval),t===e.lastKw||e.inputtime||(e.inputtime=(new Date).getTime()),status.sugClosed?void(""!=t?e.doms.reset.show():e.doms.reset.hide()):""==t&amp;&amp;status.isGetHis&amp;&amp;status.isHissyn?(e.lastKw=t,void e.setHisRecommend(!0)):void(t!=e.lastKw||status.isRequesting?(e.lastKw=t,e.getSug(t),window.__sam_async_super?require(["search/search"],function(e){e.prefetchInput({word:t})}):samUseNewIs?require(["instant_search/is"],function(e){e.input(t)}):window.__sam_async&amp;&amp;3==window.__sam_async_type&amp;&amp;require(["search/search"],function(e){e.prefetchInput({word:t})})):e.sugContent.children().length&gt;0||e.sugDirect.children().length&gt;0?e.sh():(e.lastKw=t,e.getSug(t,2)))},getSug:function(e,t){var s=this;""==e?(s.doms.reset.hide(),s.dataProcess(e,hisRecommend)):(s.doms.reset.show(),sugCache[e]&amp;&amp;!status.isRequesting?s.dataProcess(e,sugCache[e]):status.isRequesting||timeoutCache[e]&amp;&amp;!(timeoutCache[e]&lt;3)||(status.isRequesting=!0,s.sendRequest(e,t)))},dataProcess:function(e,t){var s=this,n=t&amp;&amp;t.s||[],a=t&amp;&amp;t.st||{},i={},r=[];if(s.needHis&amp;&amp;""==e&amp;&amp;hisRecommend)for(var o=0,u=n.length;u&gt;o;o++)r.push(["rec",n[o]]);else{for(var o=0,u=n.length;u&gt;o;o++)i[n[o]]=!0,r.push(["sug",n[o],a[o]]);if(s.needHis&amp;&amp;!status.isHissyn)for(var c=s.getHis(e),o=0,u=c.length;u&gt;o;o++)i[c[o].kw]||r.push(["his",c[o].kw])}if(s.buildDOM(e,r,t),0==s.doms.wrap.find("."+sugObj.his).size()?s.hisControl.hide():s.hisControl.show(),e){var d=t.exp||s.exp;s.exp=d,d?s.setHiddenInput("expt",d):s.setHiddenInput("expt",null)}},buildSugDirDOM:function(e,t){var s=this,n=s.doms.input,a=!1,i=t&amp;&amp;t.rs;if(a){var r={icon:'&lt;img src="/se/static/img/iphone/pan_dir_icon_72.png"&gt;',title:a.t,info:a.ab};if(!r)return s.sugDirect.hide(),!1;s.sugDirect.show();var o=$("&lt;div&gt;&lt;/div&gt;").attr("class","sug direct pandirect"),u=$("&lt;button&gt;&lt;/button&gt;");o.append(u),r.icon&amp;&amp;u.append($("&lt;div&gt;&lt;/div&gt;").attr("class","pandirectIcon").append(r.icon));var c=$("&lt;div&gt;&lt;/div&gt;").attr("class","pandirectText pandirectTexttravel");return r.title&amp;&amp;c.append(r.title),r.info&amp;&amp;c.append('&lt;div class="pandirectInfo"&gt;'+r.info+"&lt;/div&gt;"),u.append(c),u.append('&lt;img class="pandirectArrow" src="/se/static/img/iphone/pan_dir_arrow_72.png"&gt;'),s.sugDirect.append(o),s.bindNormalEvent(o),o.bind("touchstart",function(){this.s=!0}).bind("touchend",function(){this.e=!0}).bind("click",function(e){if(!status.sugWinMoved&amp;&amp;this.s&amp;&amp;this.e){this.s=!1,this.e=!1;{e.target}s.clearTouchStatus();var i=n.val(),r=((new Date).getTime(),s.sa+"pandir_travel");s.form.attr("sa").value=r,s.setHiddenInput("rq",(!i||i===(this.innerText||this.textContent))===t.s[0]?null:i),s.hd();var o="";return o=a.t,n.val(o),s.setSearchQuery(o,function(){location.href=decodeURIComponent(a.u)}),preventEvent(e),!1}return n.focus(),!1}),o}if(i){var r=s.getSugDirItem(i.t,i.v);if(!r)return s.sugDirect.hide(),!1;s.sugDirect.show();var o=$("&lt;div&gt;&lt;/div&gt;").attr("class","sug direct d"+i.t),u=$("&lt;button&gt;&lt;/button&gt;");o.append(u),r.icon&amp;&amp;u.append($("&lt;div&gt;&lt;/div&gt;").attr("class","directIcon directIcon"+i.t).append(r.icon));var c=$("&lt;div&gt;&lt;/div&gt;").attr("class","directText directText"+i.t);return r.title&amp;&amp;c.append(r.title),r.info&amp;&amp;c.append(r.info),u.append(c),s.sugDirect.append(o),s.bindNormalEvent(o),o.bind("touchstart",function(){this.s=!0}).bind("touchend",function(){this.e=!0}).bind("click",function(e){if(status.sugWinMoved||!this.s||!this.e)return n.focus(),!1;this.s=!1,this.e=!1;var a=$(this).attr("class").split("sug direct d")[1];B.log.send({ct:1,cst:4,clk_info:a});var r=e.target;if("A"===r.nodeName&amp;&amp;r.href&amp;&amp;0===r.href.indexOf("tel:"))return void preventEvent(e);s.clearTouchStatus();var o=n.val(),u=((new Date).getTime(),s.sa+"di_1");if(s.setHiddenInput("dit",a),s.form.attr("sa").value=u,2==a||3==a){s.setHiddenInput("rq",(!o||o===(this.innerText||this.textContent))===t.s[0]?null:o),s.hd();var c="";return 2==a?c=i.v[2]:3==a&amp;&amp;(c=i.v[1]),n.val(c),s.setSearchQuery(c,function(){location.href=config.tcUrl+s.publicArgu+"&amp;w="+s.w+encodeURIComponent(c)+"&amp;ct=1&amp;dit="+a+"&amp;cst=1&amp;"+i.v[0]}),preventEvent(e),!1}5==a?(s.setHiddenInput("rq",(!o||o===(this.innerText||this.textContent))===i.v[3]?null:o),n.val(i.v[3])):(s.setHiddenInput("rq",(!o||o===(this.innerText||this.textContent))===t.s[0]?null:o),1==i.p&amp;&amp;n.val(t.s[0]))}),B.log.send({ct:1,cst:5,clk_info:i.t}),o}return s.sugDirect.hide(),null},setSearchQuery:function(e,t){this.setHis(e.toLowerCase().trim()),$.ajax({type:"GET",url:"//m.baidu.com/?action=addhis&amp;hissign=wise&amp;hisquery="+encodeURIComponent(e),timeout:500,dataType:"jsonp",success:function(){return t&amp;&amp;t(),!1},error:function(){return t&amp;&amp;t(),!1}})},getSugDirItem:function(e,t){var s=this,n=null,a=$("&lt;p&gt;&lt;/p&gt;").attr("class","title"),i=$("&lt;p&gt;&lt;/p&gt;").attr("class","info"),r={1:function(){var e=t[2].split(/\s+/),r=-1===e[0].indexOf("低温"),o=s.getWeather(t[4],r);n=$("&lt;i&gt;&lt;/i&gt;").attr("class",o),a.html('&lt;span class="right"&gt;详情&lt;/span&gt;&lt;b&gt;'+e[0]+"&lt;/b&gt;"),i.html('&lt;span class="pre"&gt;今天 '+t[0]+'&lt;/span&gt;&lt;span class="leftBorder"&gt;'+e[1]+"&lt;/span&gt;")},2:function(){n=$("&lt;img/&gt;").attr("class","icon").attr("src",t[3]||config.defSiteIconUrl),a.html(s.getInnerWrap.call(s,t[2],"em","span",null)),i.html(t[1])},3:function(){n=$("&lt;img/&gt;").attr("class","icon").attr("src",t[4]||config.defAppIconUrl),a.html("&lt;b&gt;"+t[1]+"&lt;/b&gt;&lt;span&gt;下载&lt;/span&gt;"),i.html("版本"+t[2]+'&lt;span class="leftBorder"&gt;'+t[3]+'&lt;/span&gt;&lt;span class="leftBorder"&gt;更新'+t[5]+"&lt;/span&gt;")},4:function(){var e,s=t[0].split(","),n=t[1].split(","),r=[],o=t[0]?s.length:0,u=t[1]?n.length:0;for(e=0;o&gt;e;e++)r.push('&lt;div class="ball redball"&gt;',s[e],"&lt;/div&gt;");for(e=0;u&gt;e;e++)r.push('&lt;div class="ball blueball"&gt;',n[e],"&lt;/div&gt;");a.html(r.join("")),i.html(["&lt;b&gt;",t[2],'&lt;/b&gt;&lt;span class="leftBorder"&gt;开奖日期：',t[3],"&lt;/span&gt;"].join(""))},5:function(){a.html(['&lt;b class="pre"&gt;',t[0]?t[0]+" ":"",t[1],"&lt;/b&gt;"].join("")),i.html([t[3],'&lt;span class="leftBorder"&gt;',t[2],"&lt;/span&gt;"].join(""))},6:function(){a.html(['&lt;b class="num"&gt;',t[0],"&lt;/b&gt;"].join("")),i.html([t[1],'&lt;span class="leftBorder"&gt;北京时间',t[2],"&lt;/span&gt;"].join(""))},7:function(){var e=t[0].split(","),s=t[3].split(",");a.html(t[0]?['&lt;b class="pre"&gt;&lt;span class="num"&gt;',e[0],'&lt;/span&gt; 和 &lt;span class="num"&gt;',e[1],"&lt;/span&gt;&lt;/b&gt;"].join(""):["&lt;b&gt;不限行&lt;/b&gt;"].join("")),i.html(t[3]?["&lt;b&gt;今日(",t[1],')&lt;/b&gt;&lt;span class="leftBorder"&gt;明日(',t[2],")",s[0],"和",s[1],"&lt;/span&gt;"].join(""):["&lt;b&gt;今日(",t[1],')&lt;/b&gt;&lt;span class="leftBorder"&gt;明日(',t[2],")不限行&lt;/span&gt;"].join(""))},8:function(){a.html(['&lt;b class="num"&gt;',t[0],'&lt;/b&gt;&lt;span class="leftBorder pre"&gt;',t[1]," 邮编&lt;/span&gt;"].join(""))},9:function(){a.html(['&lt;b class="num"&gt;',t[0],'&lt;/b&gt;&lt;span class="leftBorder pre"&gt;',t[1]," 区号&lt;/span&gt;"].join(""))},10:function(){a.html(["&lt;b&gt;",t[0],"&lt;/b&gt;"].join(""))},11:function(){a.html(["&lt;b&gt;",t[0],t[1],"&lt;/b&gt;"].join("")),i.html(["[字义]",t[2]].join(""))},12:function(){a.html(["&lt;b&gt;",t[0],"&lt;/b&gt;"].join("")),i.html([t[1],t[2]?'&lt;span class="leftBorder pre"&gt;'+t[2]+"&lt;/span&gt;":""].join(""))},13:function(){a.html(['&lt;b class="pre"&gt;',t[0],"&lt;/b&gt;"].join("")),i.html(["《",t[1],"》",t[2]?'&lt;span class="leftBorder pre"&gt;'+t[2]+"&lt;/span&gt;":""].join(""))},14:function(){a.html(["&lt;b&gt;",t[0],'&lt;/b&gt;&lt;span class="leftBorder pre"&gt;',t[1],"&lt;/span&gt;"].join(""))},15:function(){a.html(['&lt;a href="tel:',t[0],'"&gt;',t[0],'&lt;/a&gt;&lt;em&gt;官方&lt;/em&gt;&lt;span class="leftBorder pre"&gt;',t[1],"&lt;/span&gt;"].join(""))}},o=null;return r[e]&amp;&amp;(r[e](),o={icon:n,title:a,info:i}),o},bindNormalEvent:function(e){var t=this,s=sugObj.touch;e&amp;&amp;e.bind("touchstart",function(){t.clearTouchStatus(),$(this).addClass(s),status.sugWinMoved=!1}).bind("touchmove",function(){status.sugWinMoved=!0}).bind("touchend",function(){t.clearTouchStatus()})},preventClickThrough:function(){$("a").css({"pointer-events":"none"})},unpreventClickThrough:function(){setTimeout(function(){$("a").css({"pointer-events":"auto"})},200)},buildPrefetchItem:function(e,t){return t=t||{},t.at="3","index"===this.page||(t.spr="1"),{word:e,params:B.prefetch.buildSearchParams(e,t),type:"ajax"}},parsePrefetchQuery:function(e,t){var s=this,n=[];""!==e&amp;&amp;n.push(s.buildPrefetchItem(e,{sa:s.sa+"b"}));for(var a=0,i=1,r=0,o=t.length;o&gt;r;++r){var u=t[r];if("sug"===u[0]&amp;&amp;(n.push(s.buildPrefetchItem(u[1],{sa:s.sa+"s_"+(r+1)})),++a,a&gt;=i))break}return n},newParsePrefetchQuery:function(e,t,s){var n=this,a=[],i=1*s.shift();""!==e&amp;&amp;1*i&gt;=config.preratio[0]&amp;&amp;a.push(n.buildPrefetchItem(e,{sa:n.sa+"b",pre:i}));for(var r=0,o=t.length;o&gt;r;++r){var u=t[r];"sug"===u[0]&amp;&amp;("1"===s[r]?a.push(n.buildPrefetchItem(u[1],{sa:n.sa+"s_"+(r+1),pre:s[r]})):1*s[r]&gt;=config.preratio[1]&amp;&amp;prewait&amp;&amp;a.length&lt;3&amp;&amp;a.push(n.buildPrefetchItem(u[1],{sa:n.sa+"s_"+(r+1),pre:s[r]})))}return a},buildDOM:function(e,t,s){{var n=this,a=sugObj.touch,i=n.doms.input;s&amp;&amp;s.rs}n.cl();var r=Math.min(t.length,config.sugNum);""==e||"@"==e?r&gt;0&amp;&amp;!n.sugPanel.hasClass("sug-oper")&amp;&amp;(n.sugPanel.addClass("sug-oper"),B.log.send({ct:3,cst:3})):n.sugPanel.removeClass("sug-oper"),""==e&amp;&amp;(n.isOperAt=!1,n.sugOper.removeClass("sug-active-at"),n.sugOper.addClass("sug-active-his")),"@"==e&amp;&amp;(n.sugOper.removeClass("sug-active-his"),n.sugOper.addClass("sug-active-at"));var o=n.buildSugDirDOM(e,s);if(n.spa&amp;&amp;0!==e.indexOf("@")&amp;&amp;e!=n.lastPrefetchWord&amp;&amp;(s&amp;&amp;s.pre&amp;&amp;(window.__sam_async_super||B.prefetch.prefetchWords(n.newParsePrefetchQuery(n.doms.input.val(),t,s.pre))),n.lastPrefetchWord=e),samUseNewIs);else if(window.__sam_async&amp;&amp;2==window.__sam_async_type&amp;&amp;0!==e.indexOf("@")&amp;&amp;e!=n.lastPrefetchWord){if(s&amp;&amp;s.pre){var u=require("search/search");u.prefetchInputMulti(n.newParsePrefetchQuery(n.doms.input.val(),t,s.pre),e)}n.lastPrefetchWord=e}if(0===r&amp;&amp;!o)return n.hd();for(var c=!1,d=!1,l=!1,h=!1,p=0;r&gt;p;p++){"his"==t[p][0]&amp;&amp;(n.hisShow="1");var m={};s&amp;&amp;s.term&amp;&amp;(m.term=s.term),"sug"==t[p][0]&amp;&amp;(n.sugShow="1"),"rec"==t[p][0]&amp;&amp;(n.recShow="1");var g=$("&lt;div&gt;&lt;/div&gt;").attr("class","rec"==t[p][0]?"his":t[p][0]),f=n.getInnerWrap.call(n,t[p][1],"em","button",m);if(s&amp;&amp;s.g){var v=s.g[p];v&amp;&amp;"e"===v.t&amp;&amp;v.e&amp;&amp;(f=n.getEntSugBtn(t[p][1],v),h=!0)}if(s&amp;&amp;s.type&amp;&amp;18===s.type[p]&amp;&amp;s.vals[p].length&gt;0&amp;&amp;(f=n.getHisWrap.call(n,t[p][1],{type:s.type[p],val:s.vals[p]}),(t[p][1]||"").indexOf("_")&gt;=0?l=!0:d=!0),null==t[p][2]){var b=s&amp;&amp;s.at&amp;&amp;s.at.sug&amp;&amp;s.at.sug[p];if(b&amp;&amp;b[3]){c=!0;var w=$("&lt;img/&gt;").attr({src:b[1]||config.defAtIconUrl});f.addClass("sugat"),f.prepend($("&lt;div&gt;&lt;/div&gt;").append(w))}var C=$("&lt;div&gt;&lt;/div&gt;").attr("class",sugObj.sugEdit),_=$('&lt;div class="sug-searchicon"&gt;&lt;/div&gt;');status.isHissyn&amp;&amp;""===i.val()&amp;&amp;(C.addClass("sug-del"),_.addClass("sug-hisicon")),g.append(f).append(C).append(_),C.bind("touchmove",preventEvent).bind("touchend",function(e){n.clearTouchStatus(),n.unpreventClickThrough(),preventEvent(e)}).bind("touchstart",function(e){return function(t){var s=this;n.preventClickThrough();var r=$(this).siblings("button").attr("data-query")||e[1];return n.clearTouchStatus(),""===i.val()&amp;&amp;$(this).hasClass("sug-del")?(n.delHis(r,function(){var e=$(s),t=e.parent().parent();e.parent().remove(),0==t.children().length&amp;&amp;(n.hd(),i.blur())}),void B.log.send({ct:3,cst:8})):($(this).addClass(a),i.focus(),n.scrollTop(),i.addClass("animate"),setTimeout(function(){i.removeClass("animate")},400),i.val(r),n.lastKw=r,n.doms.reset.show(),n.autoWrap(),n.sendRequest(r),B.log.send({ct:3,cst:1}),void preventEvent(t))}}(t[p],p))}else{var y=$("&lt;div&gt;&lt;/div&gt;").attr("class","sug-visit");y.html("&lt;span class='visit'&gt;访问&lt;/span&gt;"),g.append(f).append(y),y.bind("click",function(e){return function(t){return n.hd(),n.setSearchQuery(e[1],function(){location.href=config.tcUrl+n.publicArgu+"&amp;w="+n.w+encodeURIComponent(n.doms.input.val())+"ct=1&amp;cst=2&amp;"+e[2]}),preventEvent(t),!1}}(t[p]))}n.sugContent.append(g),n.bindNormalEvent(g),f.bind("touchstart",function(){this.s=!0}).bind("touchend",function(){this.e=!0}).bind("click",function(e,t,s){return function(){if(status.sugWinMoved||!this.s||!this.e)return i.focus(),!1;this.s=!1,this.e=!1,n.clearTouchStatus();var a=i.val();n.setHiddenInput("rq",a&amp;&amp;a!==(this.innerText||this.textContent)?a:null),i.val($(this).attr("data-query")||this.innerText||this.textContent);var r=s&amp;&amp;s.at&amp;&amp;s.at.sug&amp;&amp;s.at.sug[t];r&amp;&amp;r[3]&amp;&amp;n.setHiddenInput("s_at",(n.isOperAt?"a2":"a1")+"_b"+(t+1));var o="";switch(e[0]){case"sug":o="s";break;case"his":o="h";break;case"rec":o="hr"}s&amp;&amp;s.type&amp;&amp;18===s.type[t]?(n.form.attr("sa").value="kh_"+(t+1),n.setHiddenInput("h_sign",s.vals[t][0]),n.setHiddenInput("h_type",s.type[t]),n.graph_kw=e[1]):(n.graph_kw=void 0,o=$(this).attr("data-sa")||o,n.form.attr("sa").value=n.sa+o+"_"+(t+1))}}(t[p],p,s))}if((d||l)&amp;&amp;B.log.send({ct:3,cst:12}),c?(n.sugLogo.hide(),n.sugAt.show()):(status.isHissyn&amp;&amp;""===e?n.sugLogo.hide():n.sugLogo.show(),n.sugAt.hide(),n.setHiddenInput("s_at",null)),!status.sugClosed&amp;&amp;status.isFocus){n.sh();var I=[n.sugShow,n.hisShow,n.recShow].join("");n.setHiddenInput("ss","000"===I?null:I),commonBase.data("ss","000"===I?null:I),B.comm.ss="000"===I?null:I,n.isEntSugShow=n.isEntSugShow||h,n.ishisGraph=n.ishisGraph||d,n.ishisGraphWithText=n.ishisGraphWithText||l,n.ishisGraph&amp;&amp;n.setss(7,1),n.ishisGraphWithText&amp;&amp;n.setss(8,1),n.isEntSugShow&amp;&amp;n.setss(9,1)}},getEntSugBtn:function(e,t){var s=this,n=s.getInnerWrap.call(s,e,"em","p",{});n.addClass("sug-ent-btn-text");var a=$('&lt;button class="sug-ent-btn"&gt;').attr("data-query",t.e.s);a.attr("data-sa","es");var i=$('&lt;p class="sug-ent-btn-tip"&gt;').text(t.e.ti);return a.append(n).append(i),a},setHiddenInput:function(e,t){var s=this,n=s.form.find('input[name="'+e+'"]');null===t?n.size()&amp;&amp;n.remove():0===n.size()?s.form.append($('&lt;input type="hidden"/&gt;',{name:e,value:t})):n.val(t)},getInnerWrap:function(e,t,s,n){n=n||{};var a=String(this.lastKw).replace(/(\^|\$|\||\*|\+|\)|\(|\[|\]|\{|\}|\\|\?)/gi,"\\$1");if(""!==a)if(a=htmlEncode(a),e=htmlEncode(e),-1===e.indexOf(a)){if(n.term&amp;&amp;n.term.length)for(var i in n.term){var r=new RegExp("("+n.term[i]+")","ig");e=e.replace(r,"&lt;"+t+"&gt;$1&lt;/"+t+"&gt;")}}else{var r=new RegExp("("+a+")","ig");e=e.replace(r,"&lt;"+t+"&gt;$1&lt;/"+t+"&gt;")}else e=htmlEncode(e);var o=$("&lt;"+s+"/&gt;");return n&amp;&amp;o.attr(n),o.append(e),o},getHisWrap:function(e,t){var s=$("&lt;button&gt;&lt;/button&gt;");if(18===t.type){s.append('&lt;img src="'+config.hisGraphUrl.replace("$sign$",t.val[0])+'" /&gt;');var n=(e||"").indexOf("_");n&gt;=0&amp;&amp;s.append($('&lt;div class="c-gap-left sug-his-graph-kw"&gt;').text(e.slice(n+1))),s.addClass("sug-his-graph")}return s},setHis:function(e){try{B.ls.set("search","sug","kw:"+e,JSON.stringify({time:(new Date).getTime(),kw:e})),B.ls.set("search","sug","hisUpdated",0)}catch(t){}},getHis:function(e){var t={},s=[],n=[];try{if("0"==B.ls.get("search","sug","hisUpdated"))t=this.reflowHis();else{var a=B.ls.get("search","sug","processedCache");null===a||(t=JSON.parse(a))}for(var i in t){var r=i.split("kw:")[1].toLowerCase();-1!=r.indexOf(e)&amp;&amp;r!=e&amp;&amp;s.push(JSON.parse(t[i]))}if(0==s.length)return[];s.sort(function(e,t){return t.time-e.time});for(var o=s.length;o--;)n.unshift(s[o])}catch(u){}return n.length=Math.min(n.length,config.hisStorageNum),n},reflowHis:function(){var e={};try{B.ls.keys("search","sug").forEach(function(t){0==t.indexOf("search_sug_kw:")&amp;&amp;(e[t]=B.ls.getItem(t))}),B.ls.set("search","sug","processedCache",JSON.stringify(e)),B.ls.set("search","sug","hisUpdated",1)}catch(t){}return e},clearLocalHis:function(e){try{var t=this,s=JSON.parse(B.ls.get("search","sug","processedCache"));if(e)B.ls.removeItem("search_sug_kw:"+e),delete s["search_sug_kw:"+e],B.ls.set("search","sug","processedCache",JSON.stringify(s));else{for(var n in s)B.ls.removeItem(n);B.ls.remove("search","sug","processedCache"),B.ls.remove("search","sug","hisUpdated"),hisRecommend=null,t.cl(),t.hd()}}catch(a){}},sendRequest:function(e,t){var s,n,a=this;if(status.isSuccess=!1,0===e.indexOf("@")&amp;&amp;a.needHis){for(var s=a.getHis(""),i=[],r=0,o=s.length;o&gt;r;r++)0===s[r].kw.indexOf(e.toLowerCase().trim())&amp;&amp;i.push(encodeURIComponent(s[r].kw));n=i.join(",")}var u=function(t,s){s||(status.isSuccess=!1),t&amp;&amp;""!==t.q&amp;&amp;!t.e&amp;&amp;(sugCache[e]=t,a.dataProcess(e,t)),status.isRequesting=!1};window.baidu.sug=u,$.ajax({type:"GET",url:config.sugBaseUrl+"&amp;callback=?&amp;wd="+encodeURIComponent(e)+(c_pwd?"&amp;pwd="+encodeURIComponent(c_pwd):"")+(void 0!==t?"&amp;sugmode="+t:"")+(n?"&amp;at="+n:""),timeout:500,dataType:"jsonp",success:u,error:function(t,s){"undefined"==typeof timeoutCache[e]?timeoutCache[e]=1:timeoutCache[e]++,u({q:e,s:[],e:s})}}),c_pwd=e},hd:function(){this.sugDiv&amp;&amp;this.sugDiv.hide()},sh:function(){this.sugDiv&amp;&amp;this.sugDiv.show()},cl:function(){this.sugContent&amp;&amp;this.sugContent.html(""),this.sugDirect&amp;&amp;this.sugDirect.html("")},getWeather:function(e,t){var s=["qing","wu","duoyun","leidian","shachen","xue","yin","yu","wumai"];return this.getIconPre()+(t?"":"night")+s[e]},getIconPre:function(){return"default_index"===this.record?"icon-":"sicon-"},setss:function(e,t){if(e-=1,0&gt;e)return s;for(var s=this.form.attr("ss")&amp;&amp;this.form.attr("ss").value||"";s.length&lt;=e;)s+="0";return s=""+s.slice(0,e)+t+s.slice(e+1),this.setHiddenInput("ss",s),commonBase.data("ss",s),B.comm.ss=s,s},attach:function(){var e=this,t=e.form,s=e.doms.input,n=e.doms.reset;s.off("focus blur input"),n.off("touchstart mousedown click"),t.off("submit"),e.doms.bn.before(e.callicon_wrap),t.append(e.doms.wrap),t.append(e.hidden_input),e.bindInputEvent(),s.addClass("adjust-input"),t.attr(e.des_formattr),s.attr(e.des_inputattr),s.on("focus",function(){t.addClass("focus")}).on("blur",function(){t.removeClass("focus")}),e.doms.input.val(decodeURIComponent(B.comm.query)),$(".searchboxtop #se-form .se-bearicon").attr("style","background-position:1px 0px")},detach:function(){var e=this,t=e.form,s=e.doms.input,n=e.doms.reset;s.off("focus blur input"),n.off("touchstart mousedown click"),t.off("submit"),e.des_formattr={"data-formposition":t.attr("data-formposition"),action:t.attr("action"),method:t.attr("method")},e.des_inputattr={name:s.attr("name"),id:s.attr("id"),"data-sug":s.attr("data-sug")},$.each(e.des_formattr,function(e){e&amp;&amp;t.removeAttr(e)}),$.each(e.des_inputattr,function(e){e&amp;&amp;s.removeAttr(e)}),s.removeClass("adjust-input"),e.hidden_input=t.find("input[type=hidden]"),e.callicon_wrap=t.find(".se-inner .callicon-wrap"),e.se_bearicon=t.find(".se-bearicon"),e.hidden_input.remove(),e.doms.wrap.remove(),e.callicon_wrap.remove()}},window.$.sug=$.sug,$.sug}();</script><script data-version="wwwjs_7bbf6c1">define("search/param",["require"],function(){function e(e,t){if(this.params={},!t){var n=n||$(".se-form");if(n.length&gt;1&amp;&amp;(n=n.eq(0)),!n.length)return;index_form_data=n.serializeArray();for(var r=0;r&lt;index_form_data.length;r++)this.p(index_form_data[r].name)||this.p(index_form_data[r].name,index_form_data[r].value)}if("object"==typeof e)for(var a in e)e.hasOwnProperty(a)&amp;&amp;this.p(a,e[a]);this.wdSameName()}function t(e,t,n){n||(n=0);var r=e.length;for(0&gt;n&amp;&amp;(n=r+n);r&gt;n;n++)if(e[n]===t)return n;return-1}var n=["word","pn","nojc","cl","cq","srcid"],r=["word","cl","ct","tn","rn","ie","f","lm","si","gpc","tfflag","usm","z","ch","sts","vit","dsp","trh","trb","tre","la","lo","st","nojc","haobd","rtt","bsst","gvideo","__eis","__eist","oq","fenlei","sid","rsv_idx","rsv_stat","t_samp"],a=["wd"];return e.prototype.clone=function(n){var a=new e(e.clone(this.params));if("object"==typeof n)for(var i in n)n.hasOwnProperty(i)&amp;&amp;t(r,i)&gt;=0&amp;&amp;a.p(i,n[i]);return a},e.prototype.h=function(e){this.header_params=this.header_params||{};for(var t in e)this.header_params[t]=e[t];return this},e.prototype.buildHeaders=function(e){e&amp;&amp;this.setHeader(e);var t={};for(var n in this.header_params)if("object"==typeof this.header_params[n]){var r=[];for(var a in this.header_params[n]){var i=this.header_params[n][a];i instanceof Array&amp;&amp;(i=i.join("|")),r.push(a+"="+i)}t[n]=r.join("&amp;")}else t[n]=this.header_params[n];return t},e.prototype.buildSearchUrl=function(e,t){var n="";return location.pathname&amp;&amp;"/s"!==location.pathname&amp;&amp;!location.pathname.match("^/(from|pu)=")&amp;&amp;(n="/"),(t?location.protocol+"//"+location.host+"/":n)+"s?"+this.buildQueryString(e)},e.prototype.buildSyncSearchUrl=function(e){return location.protocol+"//"+location.host+"/s?"+this.buildQueryString(e).replace(/mod=[0-9]*/,"").replace("async=1","")},e.prototype.buildQueryString=function(t){var n=e.clone(this.params);if("object"==typeof t)for(var r in t)t.hasOwnProperty(r)&amp;&amp;(n[r]=t[r]);var a="";for(param in n)param&amp;&amp;n.hasOwnProperty(param)&amp;&amp;""!==n[param]&amp;&amp;(a+=param+"="+encodeURIComponent(n[param]).replace(/'/g,"%27")+"&amp;");return a.substr(0,a.length-1)},e.prototype.equals=function(t){if(!t||!t.p)return!1;for(var r=0;r&lt;n.length;r++){var a=n[r];if("pn"==a){var i=this.p(a)?this.p(a):"0",s=t.p(a)?t.p(a):"0";if(i!=s)return!1}else if("word"==a){if(e.normalizeWord(this.p(a))!=e.normalizeWord(t.p(a)))return!1}else if(this.p(a)!=t.p(a))return!1}return!0},e.prototype.matchCache=function(t){if(t.realword){for(var r={},a=0;a&lt;n.length;a++)t.param&amp;&amp;t.param.params&amp;&amp;t.param.params[n[a]]&amp;&amp;(r[n[a]]=t.param.params[n[a]]);return r.word=t.realword,this.equals(new e(r,!0))}return this.equals(t.param)},e.prototype.p=function(e,n){return t(a,e)&gt;=0&amp;&amp;(e="word"),void 0===n?this.params[e]:(this.params[e]=n,this)},e.prototype.hashCode=function(){var e=[];if(!this.p("word"))return"";for(var t=0;t&lt;n.length;t++){var r=n[t];e.push("pn"!=r||this.p(r)?this.p(r):"0")}return e.join("	")},e.prototype.filterOtherParams=function(){for(var e in this.params)this.params.hasOwnProperty(e)&amp;&amp;t(r,e)&lt;0&amp;&amp;delete this.params[e]},e.prototype.wdSameName=function(){var e;for(e=0;e&lt;a.length;e++)this.params&amp;&amp;this.params[a[e]]&amp;&amp;(this.params.word=this.params[a[e]],delete this.params[a[e]])},e.parseUrlParams=function(e){var t,n,r,a,i={};e.indexOf("?")&gt;-1?(r=e.split("?"),a=r[1]):a=e,t=a.indexOf("&amp;")&gt;-1?a.split("&amp;"):new Array(a);for(var s=0;s&lt;t.length;s++)try{t[s]=t[s].indexOf("=")&gt;-1?t[s]:t[s]+"=",n=t[s].split("="),i[n[0]]=decodeURIComponent(n[1].replace(/\+/g," "))}catch(o){}return i},e.clone=function(e){if("object"==typeof e){var t={};for(k in e)e.hasOwnProperty(k)&amp;&amp;(t[k]=e[k])}else t=e;return t},e.normalizeWord=function(e){return e=e||"",e.toLowerCase().replace(/\s/g,"")},e}),define("search/cache",["require"],function(){function e(e){this.param=e.param,this.manager=e.manager,this.urlPrefix=e.urlPrefix,this.dataType=e.dataType,this.status=t,this.time={},this.deferred=null,this.timmer=null}var t=0,n=10,r=30,a=35,i=200;return $.extend(e.prototype,{load:function(e){var t=this;if(e=$.extend({dataType:t.dataType||"html",url:t.urlPrefix+t.param.buildQueryString(),headers:{}},e),e.headers["Async-Type"]="xml",e.headers["Cache-Control"]="private",e.reload||t.status!==i){if(t.status===n)return!0;t.time.start=(new Date).getTime(),t.deferred=$.Deferred(),t.status=n;var s=$.ajax(e);t.timmer=setTimeout(function(){clearTimeout(t.timmer),t.status=a,B.cookie("WISEWR","12",{expires:3e3}),t.deferred.reject()},6e4),s.done(function(e){clearTimeout(t.timmer);var n=-1==e.indexOf(decodeURIComponent("%3C!---async_"))&amp;&amp;-1==e.indexOf('&lt;template id="async_')&amp;&amp;!(e.length&lt;150&amp;&amp;e.indexOf('&lt;div id="__status"&gt;')&gt;-1);return n?(B.cookie("WISEWR","11",{expires:3e3}),B.cookie("WISEER","1",{expires:3e5}),t.status=r,void t.deferred.reject()):(t.status=i,t.time.received=(new Date).getTime(),t.html=e,e.indexOf(decodeURIComponent("%3C!---async_status"))&gt;-1&amp;&amp;t.manager&amp;&amp;t.manager.addCache(t),void t.deferred.resolve())}).fail(function(){B.cookie("WISEWR","13",{expires:3e5}),clearTimeout(t.timmer),t.status=r,t.deferred.reject()})}else t.deferred=$.Deferred(),t.deferred.resolve();return t},done:function(e){var t=this;return t.deferred.done(function(){e.apply(t,arguments)}),t},fail:function(e){var t=this;return t.deferred.fail(function(){e.apply(t,arguments)}),t},destroy:function(){return this.xhr&amp;&amp;this.xhr.abort&amp;&amp;this.xhr.abort(),delete this.xhr,delete this.html,self}}),e}),define("search/environment",["require"],function(){function e(){this.updateUserAgent(),this.update(),e.instance=this}function t(e){e=e||"";for(var t=e.split(""),n=new Array;t.length;)n.push(t.pop());return n.join("")}return $.extend(e.prototype,{isBaiduboxapp:!1,isBmbadr:!1,isSearchCraft:!1,isAndroid:!1,isIos:!1,osVersion:!1,deviceVersion:!1,boxVersion:!1,boxPresearch:!1,boxPresid:!1,updateUserAgent:function(){var e,n=this,r=navigator.userAgent||"";r.indexOf("Mac OS")&gt;-1||r.indexOf("iPhone OS")&gt;-1?n.isIos=!0:r.indexOf("Android")&gt;-1&amp;&amp;(n.isAndroid=!0),r.indexOf("baiduboxapp")&gt;-1&amp;&amp;window.Bdbox&amp;&amp;Bdbox.invokeApp&amp;&amp;(n.isBaiduboxapp=!0,n.isIos?(e=r.match("baiduboxapp/([0-9,.]*)"),e&amp;&amp;e[1]&amp;&amp;"0"!==e[1]?n.boxVersion=e[1]:(e=r.match(/([0-9])enohPi/),n.deviceVersion=e&amp;&amp;e[1]||!1,e=r.match("baiduboxapp/([0-9,.,_]*)_"),n.boxVersion=e&amp;&amp;e[1]&amp;&amp;t(e[1]).split("_")[0]||!1)):n.isAndroid&amp;&amp;(e=r.match("baiduboxapp/([0-9,.]*)"),n.boxVersion=e&amp;&amp;e[1]||!1)),r.indexOf("baidubrowser")&gt;-1&amp;&amp;(n.isBmbadr=!0),r.indexOf("SearchCraft")&gt;-1&amp;&amp;(n.isSearchCraft=!0),n.isIos?(e=r.match("iPhone OS ([0-9,_]*) "),n.osVersion=e&amp;&amp;e[1]&amp;&amp;e[1].replace(/_/g,".")||!1):n.isAndroid&amp;&amp;(e=r.match("Android ([0-9,.]*)"),n.osVersion=e&amp;&amp;e[1]||!1)},updatePublicUser:function(e){var t=this;if(e=e&amp;&amp;e.p&amp;&amp;e.p("pu")||e&amp;&amp;e.pu||"string"==typeof e&amp;&amp;e||!1,e&amp;&amp;t.isBaiduboxapp&amp;&amp;t.isIos){var n=e.match(/cut@iPhone([0-9]*)%2C/);t.deviceVersion=n&amp;&amp;n[1]||t.deviceVersion}if(e&amp;&amp;t.isBaiduboxapp&amp;&amp;!t.cuid){var n=e.match(/cuid%40([^%]*)%2C/);if(n){t.cuid=n[1];for(var r=0,a=0;a&lt;t.cuid.length;a++)r+=t.cuid.charCodeAt(a);var i=r%100;i&gt;=35&amp;&amp;39&gt;=i&amp;&amp;(t.cid=i)}}},updateBoxSamp:function(e){var t=this;if(e=e&amp;&amp;e.p&amp;&amp;e.p("t_samp")||e&amp;&amp;e.t_samp||"string"==typeof e&amp;&amp;e||!1){var n=e.match("presearch_([0-9]*)_([0-9]*)");n&amp;&amp;(t.boxPresearch=n[1],t.boxPresid=n[2])}},update:function(e){var t=this,n=location.href;t.updatePublicUser(e||n),t.updateBoxSamp(e||n)}}),e}),define("search/forcePrefetch",["require","search/param","search/log"],function(e){function t(e){v=e.cacheManager,w=e.environment,y=e.getSessionId,b.onResult=e.handler.onResult,b.onSuccess=e.handler.onSuccess,b.onFail=e.handler.onFail,b.onPrefetch=e.handler.onPrefetch}function n(e){g&amp;&amp;clearTimeout(g),++S,e=$.extend({},e,{mod:1,async:1,pre:2,f4s:1,clist:v.getCacheList(),isid:y()});var t=new l(e,!0);f.push(t.p("word")),s(t,e)&amp;&amp;(h.log("forcePrefetch","couldPrefetch"),i(t)?(h.log("forcePrefetch","shouldPrefetchNow"),o(t)):g=setTimeout(function(){h.log("forcePrefetch","in timer"),o(t)},m))}function r(){g&amp;&amp;clearTimeout(g),S=0,p=[],f=[]}function a(e){var t=e.p("word"),n=x[t];return n&amp;&amp;e.matchCache(n)?n:null}function i(e){var t=e.p("word");return w.isAndroid&amp;&amp;S&gt;=1&amp;&amp;8&gt;=S||f.length&gt;=2&amp;&amp;c(f[f.length-2],t)}function s(e,t){var n=e.p("word");return!B.comm.zbiosPrefetchSwitch||6!=w.boxPresid||w.isIos&amp;&amp;t.sa&amp;&amp;!t.sa.match(/ikb|tkb|bkb/)||B.comm.tanet&amp;&amp;(4==B.comm.tanet||2==B.comm.tanet)||0===n.indexOf("@")?!1:n.length&lt;=2?!1:n.length&gt;17?!1:x[n]||v.hasCache(e)?!1:n==B.comm.query||-1!==p.indexOf(n)||f.length&gt;=2&amp;&amp;f[f.length-2].indexOf(n)&gt;-1?!1:!0}function o(e){var t=e.p("word"),n=v.getNewCache(e);b.onPrefetch(n),x[t]=n,p.push(t),h.log("force prefetch:"+t),n.load({beforeSend:function(e){return e.addEventListener("progress",function(){n.html=e.responseText,b.onResult(n)}),!0}}),n.done(function(){delete x[t],b.onResult(n),b.onSuccess(n),n.realword?h.log("got force prefetch:"+t):h.error("got force prefetch but no realword:"+t)}).fail(function(){delete x[t],b.onFail(n)})}function c(e,t){var n=u(e),r=n!==!1&amp;&amp;t.substr(n,e.length);return r&amp;&amp;!/^[a-zA-Z ']+$/.test(r)}function u(e){var t=/[a-zA-Z ']+/.exec(d(e));return t?e.length-t[0].length:!1}function d(e){return e.split("").reverse().join("")}var l=e("search/param"),h=e("search/log"),p=[],f=[],m=2e3,g=null,_=function(){},v=null,w=null,b={onResult:_,onSuccess:_,onFail:_,onPrefetch:_},y=function(){},x={},S=0;return{init:t,input:n,submit:r,getLoading:a}}),define("search/currentState",["require","search/viewmodel/pageViewModel","search/viewmodel/indexViewModel"],function(e){var t=e("search/viewmodel/pageViewModel"),n=e("search/viewmodel/indexViewModel");return{param:null,confirmTime:null,cache:null,pageView:null,prevPath:null,setParam:function(e){this.param=e,this.confirmTime=+new Date},setCache:function(e){this.cache=e,this.pageView="/"!=this.prevPath?new t({cache:e}):new n({cache:e}),this.pageView.start=e.time.start},clearCache:function(){this.cache&amp;&amp;(this.cache.isPreShow=!1),this.cache=null,this.pageView=null}}}),define("search/log",["require"],function(){var e={};return["log","info","error","warn"].forEach(function(t){e[t]=function(){B.ls.getItem("debugAsync")&amp;&amp;console[t].apply(console,arguments)}}),e}),define("search/monitor",["require","search/currentState"],function(e){function t(){return $(".results").hasClass("se-predestroy")||0==$(".result,.se-noresult-tips").length}function n(){return s.cache?s.cache.status:r?r.status:o}var r,a,i=B.search.Search,s=e("search/currentState"),o=1,c=[],u=location.href.indexOf("presearch_1_25")&gt;-1?"1":"",d=[3e3,6e3,1e4,14e3],l=[function(){t()&amp;&amp;window.page&amp;&amp;page.webb&amp;&amp;page.webb.exception&amp;&amp;page.webb.exception.trigger("wiseasync",{st:"timeoutzero",requestStatus:n(),group:u,word:a&amp;&amp;a.p("word")||"",tanet:page.comm.tanet||0})},function(){t()&amp;&amp;window.page&amp;&amp;page.webb&amp;&amp;page.webb.exception&amp;&amp;page.webb.exception.trigger("wiseasync",{st:"timeoutfirst",requestStatus:n(),group:u,word:a&amp;&amp;a.p("word")||"",tanet:page.comm.tanet||0})},function(){t()&amp;&amp;(200!==n()?window.page&amp;&amp;page.webb&amp;&amp;page.webb.exception&amp;&amp;page.webb.exception.trigger("wiseasync",{st:"timeoutsec",requestStatus:n(),group:u,word:a&amp;&amp;a.p("word")||"",tanet:page.comm.tanet||0}):setTimeout(function(){t()&amp;&amp;window.page&amp;&amp;page.webb&amp;&amp;page.webb.exception&amp;&amp;page.webb.exception.trigger("wiseasync",{st:"timeoutsec",requestStatus:n(),group:u,word:a&amp;&amp;a.p("word")||"",tanet:page.comm.tanet||0})},2e3))},function(){t()&amp;&amp;(B.cookie("WISEWR","16",{expires:864e5}),r?(i.invokeApp({state:"50",url:encodeURIComponent(r.redirectUrl)}),i.directUrl(r.param)):a&amp;&amp;(i.invokeApp({state:"50",url:encodeURIComponent(a.buildSyncSearchUrl())}),i.directUrl(a)))}];return{userSearch:function(e){a=e,r=null;for(var t=0;t&lt;d.length;++t)clearTimeout(c[t]),c[t]=setTimeout(l[t],d[t])},addDependedCache:function(e){r=e}}}),define("search/cacheManager",["search/cache"],function(e){function t(e){this.option=e,this.caches=[],t.instance=this}function n(e,t,n){n||(n=0);var r=e.length;for(0&gt;n&amp;&amp;(n=r+n);r&gt;n;n++)if(e[n]===t)return n;return-1}function r(e){"object"==typeof e&amp;&amp;null!=e&amp;&amp;e.destroy()}function a(e,t,n){var r,a;return(a=t.p("word"))?($.grep(e,function(e){return n.loaded&amp;&amp;!e.loaded?!1:void(t.matchCache(e)&amp;&amp;(r=e))}),r?r:null):!1}var i=18e4,s=15;return $.extend(t.prototype,{addCache:function(e){var t=this;if(-1==n(t.caches,e))for(t.caches.unshift(e);t.caches.length&gt;s;)r(t.caches.pop())},deleteCache:function(e){var t=this;r(e),t.caches=$.grep(t.caches,function(t){return t!==e})},getNewCache:function(t){var n=this,r=$.extend(n.option&amp;&amp;n.option.cache,{param:t,manager:n});return new e(r)},hasCache:function(e,t){var n=this;t||(t={});var r=a(n.caches,e,t);return r&amp;&amp;(new Date).getTime()-r.time.received&gt;i&amp;&amp;(this.deleteCache(r),r=null),r},deleteCacheByParam:function(){var e=this;e.caches=$.grep(e.caches,function(e){var t=e.param.equals(e.param);return t&amp;&amp;r(e),!t})},clearCache:function(e){var t=this;t.caches=$.grep(t.caches,function(n,r){return r!==e?(t.destroyCache(r),!1):!0}),t.caches=[]},getCacheList:function(){var e=$.map(this.caches,function(e){return e&amp;&amp;(new Date).getTime()-e.time.received&gt;i?!1:e.querysign});return e=$.grep(e,function(e){return!!e}),e.join("	")}}),t}),define("search/viewmodel",["require"],function(){var e=function(){this.model=[],this.waitdeal=[],this._lazyrender=!1};return e.prototype={_set:function(e){var t=this;t.options=$.extend({templateString:"",splitStartPrefix:decodeURIComponent("%3C!---async_"),splitEndPrefix:decodeURIComponent("%3C!--%2Fasync_"),ableBind:!0},t.options,e),t._dealTemplateData(),t._mergeModel()},_dealTemplateData:function(){var e=this,t=e.options.splitStartPrefix;if(e.options.templateString){var n=e.model.length?e.model[e.model.length-1].end:0,r=e.options.templateString.substring(n).split(t),a=n;for(var i in r){var s=r[i].indexOf("&gt;"),o=r[i].substring(0,s).match(/([^-]*)--/);if(a+=(i&gt;0?t.length:0)+r[i].length,o&amp;&amp;o[1]){var c=r[i].lastIndexOf(e.options.splitEndPrefix+o[1]+"--&gt;");s&gt;-1&amp;&amp;c&gt;-1&amp;&amp;e.model.push({id:o[1],html:r[i].substring(s+1,c),end:a,rendered:!1})}}e.options.html=e.options.templateString,e.options.templateString=""}},_mergeModel:function(){var e=this;e.options.data&amp;&amp;(e.model=e.options.data,delete e.options.data)},_render:function(){for(var e=this,t=0;t&lt;e.model.length;t++)if(0==t&amp;&amp;e.model[t].rendered===!1&amp;&amp;e._proxyAction("before","render",e.model[t],e.options),0==e.model[t].rendered){e.model[t].rendered=!0,e._proxyAction("before","render_"+e.model[t].id,e.model[t],e.options),e._proxyAction("","render_"+e.model[t].id,e.model[t],e.options);var n=e._proxyAction("after","render_"+e.model[t].id,e.model[t],e.options);n&amp;&amp;n.release&amp;&amp;(e._lazyrender=!0)}e.options.allRecieved&amp;&amp;e._proxyAction("after","render",e.model[t],e.options)},_proxyAction:function(e,t){var n=this;e=e?"do"+e+"-":"do",t=t||"";var r=(e+t).replace(/\_/g,"-").replace(/\b(\w)|\s(\w)/g,function(e){return e.toUpperCase()}).replace(/-/g,"").substring(2);if(n[r]){var a=Array.prototype.slice.call(arguments,2);return n._lazyrender?(n._addRunAction(function(){n[r].apply(n,a)}),n._exeuteAction(),!0):n[r].apply(n,a)}return!1},_addRunAction:function(e){var t=this;t._actions=t._actions||[],t._actions.push(e)},_exeuteAction:function(){var e=this;if(!e._exeuteStatus){var t=e._actions.shift();t&amp;&amp;(e._exeuteStatus=!0,setTimeout(function(){t(),e._exeuteStatus=!1,e._exeuteAction.apply(e)},0))}},set:function(e){this._dealing&amp;&amp;this.waitdeal.push(e),this._dealing=!0,this._set(e),this.options.ableBind===!1||this._render(),this._dealing=!1,this.waitdeal.length&gt;0&amp;&amp;(e=this.waitdeal.splice(0,1),this.set(e))},beforeRender:function(){},render:function(){},afterRender:function(){}},e}),define("search/viewmodel/pageViewModel",["require","search/viewmodel"],function(e){function t(e){n.apply(this,arguments),this.cache=e.cache,this.body=$("body"),this.page=$(".search-page"),this.pagebd=$(".se-page-bd"),this.pageft=$(".search-page .se-page-ft"),this.copyright=$(".se-page-copyright"),this.blank=$(".se-foot-blank"),this.headJS="",this.pageHtml="",this.footJs="",this.topResultExist=$(".se-results-top").length,this.pageBdHtmlLazy=""}var n=e("search/viewmodel"),r=B.search.Search;return $.extend(t.prototype,n.prototype,{_html:function(e,t,n){if("string"!=typeof e||(e=$(e),0!=e.length))try{$(e)[t](n)}catch(r){window.console&amp;&amp;console.error&amp;&amp;console.error(r)}},appendTo:function(e,t){this._html(e,"append",t)},before:function(e,t){this._html(e,"before",t)},renderStatus:function(){r.time.head=(new Date).getTime()},clearResult:function(){"loading"==window.__sam_async_type||"loadwait"==window.__sam_async_type||r.deleteResultDom(),this.pagebd[0]&amp;&amp;(this.pagebd[0].style.opacity="")},beforeRender:function(){r.trigger("start")},renderHeadJs0:function(e){this.headJS+=e.html},renderHeadJs1:function(e){this.headJS+=e.html},renderHeadJs2:function(e){this.headJS+=e.html},renderHeadJs3:function(e){this.headJS+=e.html,this.appendTo(this.body,'&lt;div class="se-async-js"&gt;'+this.headJS+"&lt;/div&gt;")},renderPagePre:function(e){this.pageHtml=e.html},renderTopRelation:function(e){$(".se-results-top").length||(this.pageHtml+=e.html)},renderPageBd:function(e){if(r.time.startbd=(new Date).getTime(),this.clearResult(),this.pageHtml+=e.html,"firstpaint"==window.__sam_async_type||"loadwait"==window.__sam_async_type){var t=this.pageHtml.indexOf("&lt;/firstpaint&gt;");if(t&gt;0){var n=this.pageHtml.substring(0,t+"&lt;/firstpaint&gt;".length)+"&lt;/div&gt;&lt;/div&gt;",a=this.pageHtml.substring(t+"&lt;/firstpaint&gt;".length).split("&lt;/div firstpainted&gt;");if(3==a.length)return this.pageBdHtmlLazy=a,void this.before(this.pageft,n)}}this.before(this.pageft,this.pageHtml),r.time.bd=(new Date).getTime()},afterRenderPageBd:function(){return $(".result-loading").hide(),this.pageft[0]&amp;&amp;(this.pageft[0].style.visibility="visible"),this.copyright[0]&amp;&amp;(this.copyright[0].style.visibility="visible"),"firstpaint"==window.__sam_async_type||"loadwait"==window.__sam_async_type?{release:!0}:void(this.topResultExist||scrollTo(0,0))},renderPageVariable:function(e){this.pageBdHtmlLazy&amp;&amp;(this.pageBdHtmlLazy[0]&amp;&amp;$(".results").append(this.pageBdHtmlLazy[0]),this.pageBdHtmlLazy[1]&amp;&amp;$(".se-page-bd").append(this.pageBdHtmlLazy[1])),this.appendTo(this.page,e.html)},renderFootJs0:function(e){this.footJs+=e.html},renderFootJs1:function(e){this.footJs+=e.html},renderFootJs2:function(e){this.footJs+=e.html,this.appendTo(".se-async-js",this.footJs),r.trigger("ready")},renderNewTablink:function(e){e.html&amp;&amp;($(".se-head-tablink").remove(),this.appendTo(".se-page-hd-content",e.html))},afterRender:function(e){var t=this;return this.cache&amp;&amp;this.cache.isPreShow?void r.one("confirmpreshow",function(){t.cache.isPreShow=!1,t.afterRender(e)}):(this.cache.realword&amp;&amp;r.chgParam(this.cache.realword),r.trigger("init"),$("img[data-imagedelaysrc]").not('[data-imageinvisible="1"]').imageDelayload(),r.trigger("load"),r.trigger("DOMContentLoaded"),$(".se-bn").blur(),void(window.Bdbox&amp;&amp;Bdbox.updateKeyword&amp;&amp;Bdbox.updateKeyword(this.cache.realword,!0)))}}),t}),define("search/viewmodel/cacheViewModel",["require","search/viewmodel"],function(require){function cacheViewModel(e){ViewModel.apply(this,arguments),this.cache=e.cache}var ViewModel=require("search/viewmodel"),Search=B.search.Search;return $.extend(cacheViewModel.prototype,ViewModel.prototype,{renderStatus:function(model){var self=this,match=model.html.match(/&lt;\!\-\-({.*})\-\-\&gt;/);if(match[1]){var status=eval("("+match[1]+")");status.realword&amp;&amp;(self.cache.realword=status.realword,self.cache.querysign=status.querysign,self.cache.req=status)}}}),cacheViewModel}),define("search/viewmodel/indexViewModel",["require","search/viewmodel"],function(e){function t(e){n.apply(this,arguments),this.cache=e.cache,this.body=$("body"),this.page=$(".search-page"),this.pageft=$(".search-page .se-page-ft"),this.copyright=$(".se-page-copyright"),this.blank=$(".se-foot-blank"),this.headJS="",this.pageHtml="",this.footJs=""}var n=e("search/viewmodel"),r=B.search.Search;return $.extend(t.prototype,n.prototype,{_html:function(e,t,n){if("string"!=typeof e||(e=$(e),0!=e.length))try{$(e)[t](n)}catch(r){window.console&amp;&amp;console.error&amp;&amp;console.error(r)}},appendTo:function(e,t){this._html(e,"append",t)},before:function(e,t){this._html(e,"before",t)},renderStatus:function(){r.time.head=(new Date).getTime()},clearResult:function(){this.pageft[0]&amp;&amp;(this.pageft[0].style.visibility="hidden"),this.copyright[0]&amp;&amp;(this.copyright[0].style.visibility="hidden"),this.blank[0]&amp;&amp;(this.blank[0].style.display=""),r.deleteResultDom(),this.page[0]&amp;&amp;(this.page[0].style.opacity="")},beforeRender:function(){r.trigger("start"),this.indexPage=$("#page"),this.indexCss=$("style"),this.indexPage.remove(),this.indexCss.remove()},afterRender:function(e,t){var n="",i=t.html.split(a);return i.length&lt;3?void location.reload():(this.clearResult(),this._html("head","append",i[1]),this._html("body","append",i[3]),scrollTo(0,0),r.trigger("ready"),this.cache.realword&amp;&amp;r.chgParam(this.cache.realword),r.trigger("init"),r.trigger("load"),void r.trigger("DOMContentLoaded"))},recoverIndex:function(){}}),t}),define("search/search",["require","search/param","search/cacheManager","search/viewmodel/pageViewModel","search/viewmodel/cacheViewModel","sfr","search/environment","search/log","search/monitor","utils/storage","search/currentState"],function(e){function t(e){var t=e.word||e.p("word")||"";return t=t.replace(/\s/gi,""),-1!==M.indexOf(t)?!1:M.length&amp;&amp;M[M.length-1].indexOf(t)&gt;-1?!1:(M.push(t),M=M.slice(-5),t==B.comm.query?!1:!0)}function n(e){e=e||"";var t=B.comm.lid||"";return e.substr(0,6)+t.substr(-5)+e.substr(-5)+parseInt(99999*Math.random())}var r,a,i=B.search.Search,s=e("search/param"),o=e("search/cacheManager"),c=(e("search/viewmodel/pageViewModel"),e("search/viewmodel/cacheViewModel")),u=e("sfr").action,d=e("search/environment"),l=e("search/log"),h=e("search/monitor"),p="/s?",f=0,m=0,g=0,_=[],v=B.comm.baiduid||"",w="onpopstate"in window,b=0,y=0,x=B.comm.t_samp,S="",k=(e("utils/storage").ls,{}),C=location.pathname.indexOf("searchframe")&gt;-1?100:200,A=null,E=!1,T="";window.__sam_async_type=window.__sam_async_type||"loadwait",B.cookie("WISEWR","",{expires:-1});var I=d.instance||new d;I.cid&amp;&amp;(I.boxPresid&gt;=40||I.boxPresid&lt;30),B.comm.compileCheck=1;var P=new o({cache:{urlPrefix:p}}),R=!1,q=n(v),U={},O=e("search/currentState");$.extend(i,{time:{},beforeSendHanddler:function(e){var t=this;return function(n){return n.addEventListener("progress",function(r){l.log("progress"),t.xhrProgress(r,n,e)}),!0}},xhrProgress:function(e,t,n){n.html=t.responseText,this._handleCacheResult(n)},prefetchZbios:function(e,n){if(B.comm.zbiosPrefetchSwitch&amp;&amp;"prefetoff"!=window.__sam_async_type){if("prefetall"==window.__sam_async_type);else if(I.isIos)return;if(!(0===e.word.indexOf("@")||encodeURIComponent(e.word).length&lt;=2||(I.update(e),16!==n&amp;&amp;I.isIos&amp;&amp;e.sa&amp;&amp;!e.sa.match(/ikb|tkb|bkb/)||B.comm.tanet&amp;&amp;(4==B.comm.tanet||2==B.comm.tanet)))){I.boxPresearch&amp;&amp;25==I.boxPresid?e.sp=10:I.boxPresearch&amp;&amp;26==I.boxPresid?e.sp=11:I.boxPresearch&amp;&amp;28!=I.boxPresid&amp;&amp;(e.sp=9),3==window.__sam_async_type&amp;&amp;(e.sp=9),window.__sam_async_super&amp;&amp;(e.sp=9),e.mod=1,e.async=1,e.pre=2,e.clist=P.getCacheList(),e.isid=q;var r=new s(e,!0);t(r)&amp;&amp;this.prefetch(r,n)}}},prefetchInput:function(e){var n=e.word;if(!n||encodeURIComponent(n).length&lt;=2)return!1;var r=new s({pn:"",word:n,mod:1,async:1,pre:2,clist:P.getCacheList(),isid:q,sp:9,sa:e.sa||$('.se-form input[name="sa"]').val()||""},!0);t(r)&amp;&amp;this.prefetch(r)},prefetchInputMulti:function(e,n){if(t({word:n})){e=e||[];for(var r=P.getCacheList(),a=0;a&lt;e.length;a++){var i=e[a],o=i.word;if(o&amp;&amp;!(encodeURIComponent(o).length&lt;=2)){var c=new s({pn:"",word:o,mod:1,async:1,pre:2,clist:r,isid:q});this.prefetch(c)}}}},prefetch:function(e,t){var n=this;if((!B.comm.sampleval||"async_old"!==B.comm.sampleval.WISE_TPL_COMMON_SAMPLE_FLAG)&amp;&amp;B.comm.prefetchSwitch){var r=e.p("word"),a=e.p("sa")||"";if(!(r.length&gt;14)){var i=P.hasCache(e);k[r]||i||(l.log("prefetch:"+r),f++,i=P.getNewCache(e),k[r]=i,i.load(window.__sam_async_noflow?{}:{beforeSend:n.beforeSendHanddler(i)}),i.done(function(){delete k[r],n._handleCacheResult(i),i.realword?(m++,l.log("got prefetch:"+r),-1==$.inArray(i.querysign,_)&amp;&amp;_.push(i.querysign)):(g++,l.log("got prefetch but no realword:"+r)),(31==I.boxPresid&amp;&amp;16==t||32==I.boxPresid&amp;&amp;a.indexOf("ikb")&gt;-1&amp;&amp;16!=t)&amp;&amp;i.realword&amp;&amp;(!O.confirmTime||i.time.start&gt;O.confirmTime)&amp;&amp;n.preshow(e,i)}).fail(function(){delete k[r],i===O.cache&amp;&amp;(n.invokeApp({state:"50",url:encodeURIComponent(i.redirectUrl)}),n.directUrl(i.param)),delete i}))}}},preshow:function(e,t){var n=this;return O.cache&amp;&amp;O.cache.isPreShowing?void(O.cache.nextPreshow={param:e,cache:t}):(t.isPreShow=!0,t.isPreShowing=!0,O.clearCache(),i.trigger("stop"),i.trigger("destroy"),this.clearResult(),void i.one("afterdestroy",function(){i.restoreEvent(),n._handleCacheResult(t),document.title=(t.realword||t.query)+" - 百度",i.one("afterready",function(){t.isPreShowing=!1,O.cache.nextPreshow&amp;&amp;(n.preshow(O.cache.nextPreshow.param,O.cache.nextPreshow.cache),delete O.cache.nextPreshow)})}))},confirmPreshow:function(e,t){var n=this;O.cache.isPreShow=t.isPreShow=!1,O.cache.redirectUrl=t.redirectUrl=e.buildSyncSearchUrl(),O.isIs=!0,document.title=(t.realword||t.query)+" - 百度",n.invokeApp({state:"20",url:encodeURIComponent(t.redirectUrl)}),i.trigger("confirmpreshow"),window.__sam_async_debug&amp;&amp;setTimeout(function(){$(".se-debug").prepend("预渲染&lt;br&gt;")},500)},cancelPreShow:function(){O.cache.isPreShow?(O.cache.isPreShow=!1,this.search("s"+location.search)):O.cache.isPreShow=!1},submitForm:function(e){var t=e.word||"",n=new s({pn:"",word:t});this.submit(n)},submitIndex:function(e){var t=e.word||"",n=new s({pn:"",word:t});this.submit(n,{prevPath:"/"})},indexSearch:function(e){return $("#page").show(),this.search(e,!1,{prevPath:"/"})},hasCache:function(e){param=new s(e,!0);var t=P.hasCache(param);return!!t},recoverIndex:function(){location.reload(!1)},submitFormTonglan:function(e){e&amp;&amp;"string"==typeof e&amp;&amp;(e=s.parseUrlParams(e)),e.word=decodeURIComponent(e.word),"6"==page.comm.browserid&amp;&amp;(e.tn="zbios");var t=(new Date).getTime().toString(),n=$.extend({},U,e,{pn:"",ts:t.substring(t.length-7),cq:page.comm.topRelation,rqid:page.comm.lid}),r=new s(n,!0);this.submit(r)},submit:function(e,t){if(""==e.p("word").length);else if(this.supportAsync()&amp;&amp;this.supportAsyncSearch(e)){e.p("isid",q),this.pushHistory(0),e.p("mod",0),e.p("async",1),x&amp;&amp;e.p("t_samp",x);var n=[e.buildSearchUrl(),null,{force:!1,silent:!1,param:e}];try{location.pathname.indexOf("searchframe")&gt;-1?u.reset.apply(u,n):u.redirect.apply(u,n)}catch(r){B.cookie("WISEWR","21",{expires:3e3})}this.search(e,!0,t)}else this.directUrl(e)},directUrl:function(e){var t=e;"object"==typeof t&amp;&amp;(t=e.buildSyncSearchUrl());var n=document.getElementsByClassName("se-page-bd")[0];n&amp;&amp;(n.style.opacity=""),this.dispatch("leave"),location.href=e.buildSyncSearchUrl()},supportAsyncSearch:function(e){var t=e.p("word")||"",n=e.p("st")||"";return t&amp;&amp;0!=t.indexOf("@")&amp;&amp;"b"!=n.substring(2,3)&amp;&amp;"n"!=n.substring(3,4)?location.hash&amp;&amp;location.hash.length&gt;5?!1:!0:!1},supportAsync:function(){return w},search:function(e,t,o){var c=this,u=c.time.start=(new Date).getTime();if("string"==typeof e?(e=s.parseUrlParams(e),e=new s(e,!0)):!e.p&amp;&amp;e.params&amp;&amp;(e=new s(e.params,!0)),t)A={param:e,time:u};else{if(A&amp;&amp;A.param&amp;&amp;A.param.equals(e)&amp;&amp;u-A.time&lt;1e3)return void(a=u-A.time);A=!1}h.userSearch(e);var d=e.p("word");if(l.log("search()",d),void 0===e.p("mod")&amp;&amp;e.p("mod",0),void 0===e.p("async")&amp;&amp;e.p("async",1),S){var p=new Date;p.setTime(p.getTime()+31536e6),document.cookie="BAIDUID="+S+";domain=.baidu.com;path=/;expires="+p.toGMTString()+";"}var f=e.p("mmsuse")||!1,m=e.p("pu")||!1,g=e.p("isid");f=f&amp;&amp;(f.match(/dq@[a-zA-Z0-9]/)||f.match(/voiwd/))?!0:!1;var _=O.cache&amp;&amp;e.matchCache(O.cache)&amp;&amp;O.cache.isPreShow;if(f);else if(_)return O.setParam(e),void c.confirmPreshow(e,O.cache);O.prevPath=o&amp;&amp;o.prevPath;var w=P.hasCache(e);if(w)if(m&amp;&amp;m.indexOf("_voice")&amp;&amp;w.param&amp;&amp;w.param.p&amp;&amp;g!=w.param.p("isid"))P.deleteCache(w),w=!1;else if(f)P.deleteCache(w),w=!1;else if(O.cache&amp;&amp;w.time.received==O.cache.time.received){if(u-O.cache.received&lt;500)return;P.deleteCache(w),w=!1}else if(!f&amp;&amp;w&amp;&amp;w.param&amp;&amp;w.param.p){var b=w.param.p("mmsuse")||"";b&amp;&amp;(b.match(/dq@[a-zA-Z0-9]/)||b.match(/voiwd/))&amp;&amp;(P.deleteCache(w),w=!1)}if(E=!!w,"loading"==window.__sam_async_type||"loadwait"==window.__sam_async_type);else{var y=document.getElementsByClassName("se-page-bd")[0];y&amp;&amp;(y.style.opacity=.7)}$(".results").addClass("se-predestroy"),r=null,a=null,T=B.comm.sampleval&amp;&amp;B.comm.sampleval.WISE_TPL_COMMON_SAMPLE_FLAG||"",w||(w=P.getNewCache(e)),O.setParam(e),O.clearCache(),l.log("before cache.load"),e.p("ts")&amp;&amp;(r=(new Date).getTime().toString().substring(6)-1*e.p("ts")),w.load(window.__sam_async_noflow?{}:{beforeSend:c.beforeSendHanddler(w)})&amp;&amp;(h.addDependedCache(w),B.comm.query=encodeURIComponent(d),w.redirectUrl=e.buildSyncSearchUrl(),c.invokeApp({state:"20",url:encodeURIComponent(w.redirectUrl)}),i.trigger("stop"),i.trigger("destroy",{targetParam:e}),this.clearResult(),l.log("destroy"),i.one("afterdestroy",function(){i.restoreEvent(),q=n(v)}),c.time.des=(new Date).getTime(),window.__sam_async_index=!1,Object.keys(k).forEach(function(e){c._handleCacheResult(k[e])}),w.done(function(){c.time.net=c.time.ajax=(new Date).getTime(),c._handleCacheResult(w),w.realword||(c.invokeApp({state:"50",url:encodeURIComponent(w.redirectUrl)}),c.directUrl(w.param))}).fail(function(){B.cookie("WISEWR")||B.cookie("WISEWR","14",{expires:3e3}),c.invokeApp({state:"50",url:encodeURIComponent(w.redirectUrl)}),c.directUrl(w.param)}))},_handleCacheResult:function(e){var t=this;e.realword||t._tryParseStatus(e),l.log("_handleCacheResult",e.param.p("mod"),e.param.p("f4s"),e.param.p("word"),e.realword,e.isPreShow,e.status);var n=O.param&amp;&amp;O.param.p&amp;&amp;O.param.p("mmsuse");if(!n||!n.match(/voiwd/)&amp;&amp;!n.match(/dq@[a-zA-Z0-9]/)||!e.param||1!=e.param.p("mod")){if(!O.cache){var r=0==e.param.p("mod")&amp;&amp;e.param==O.param,a=e.realword&amp;&amp;O.param&amp;&amp;O.param.matchCache(e);(r||a||e.isPreShow)&amp;&amp;(e.redirectUrl=e.param.buildSyncSearchUrl(),O.setCache(e),l.info("used to render:",e.param.p("mod"),e.param.p("f4s"),e.param.p("word"),e.realword,e.isPreShow,e.status))}O.cache===e&amp;&amp;(O.pageView.set({ableBind:!0,templateString:e.html,allRecieved:200==e.status}),l.log("render part:",e.param.p("mod"),e.param.p("f4s"),e.param.p("word"),e.realword,e.isPreShow,e.status,e.html&amp;&amp;e.html.length))}},_tryParseStatus:function(e){var t=new c({cacheManager:P,cache:e});t.set({ableBind:!0,templateString:e.html,allRecieved:200==e.status})},confirmCache:function(e,t){if(e&amp;&amp;e.param&amp;&amp;e.req&amp;&amp;e.confirmed!==!0){l.info("confirmed cache");var n=e.param;n.p("mod",2),n.p("cqid",e.req.lid),n.p("word",e.req.realword),n.p("ps_tm",f),n.p("ps_rs",m),n.p("ps_nw",g),n.p("ps_rt",_.length),n.p("isa",n.p("sa")),n.p("sa",t.p("sa")),$.ajax({datatype:"html",url:p+n.buildQueryString()}),e.confirmed=!0,this.resetLogParam()}},resetLogParam:function(){f=m=g=0,_=[]},setSpeedLogParam:function(e){var t=this;C++,B.comm.ps={mod:O.cache.req&amp;&amp;O.cache.req.mod||"",ps_tm:f,ps_rs:m,ps_nw:g,ps_cost:O.cache.time&amp;&amp;O.cache.time.received-O.cache.time.start,ps_savebd:t.time.net-t.time.startbd,ps_srt:r,ps_rtt:a,ps_sn:C,ps_old_fl:T},e.p("ts")&amp;&amp;(B.comm.ps.net=t.time.head-t.time.start),O&amp;&amp;O.isIs&amp;&amp;(B.comm.ps.net=2),B.comm.ps.mod=1==B.comm.ps.mod?2:B.comm.ps.mod,E&amp;&amp;(B.comm.ps.ps_rmod2=1),window.__sam_async_debug&amp;&amp;$(".se-debug").html((2==B.comm.ps.mod?"PREDICT":"ASYNC")+"&amp;nbsp;&amp;nbsp;&amp;nbsp;&amp;nbsp;&lt;br&gt;NET:"+(B.comm.ps.net&gt;0?B.comm.ps.net:0)+"ms&lt;br&gt;RT:"+(a||0)+"ms&lt;br&gt;SR:"+(r||0)+"ms&lt;br&gt;RD:"+(t.time.net-t.time.startbd)+"ms")},clearResult:function(){var e=this;e.time.clst=(new Date).getTime(),$(".se-input").trigger("blur"),$("#search-btm-zone,.se-pagenav").hide(),$("#index-card").hide(),$("#search-card").show(),$("head&gt;script:not(.code-to-write)").remove(),$("body&gt;script:not([data-key])").remove(),$(".se-foot-blank~*").remove(),$("#searchwordtobox").remove(),$(".se-common-base,.se-async-js").remove(),$(".search-page~div:not([data-for])").remove();var t=document.querySelector(".se-page-hd-content");t&amp;&amp;(t.style.visibility="visible"),e.preDeleteDom=$(".se-zbios-hide,.se-frame-hide,.se-page-bd,body&gt;style:not([data-key]),.se-page-pre-style,.se-predestroy"),("loading"==window.__sam_async_type||"loadwait"==window.__sam_async_type)&amp;&amp;(e.hideBottomDom(),e.displayLoading()),e.time.clend=(new Date).getTime()},hideBottomDom:function(){var e=$(".search-page .se-page-ft"),t=$(".se-page-copyright"),n=$(".se-foot-blank");e[0]&amp;&amp;(e[0].style.visibility="hidden"),t[0]&amp;&amp;(t[0].style.visibility="hidden"),n[0]&amp;&amp;(n[0].style.display="")},displayLoading:function(){var e=this;$(".result-loading").show(),e.preDeleteDom&amp;&amp;(e.preDeleteDom.remove(),e.preDeleteDom=!1)},deleteResultDom:function(){var e=this;e.hideBottomDom(),e.displayLoading()},clearTopRealtion:function(e){!e.params.cq&amp;&amp;$(".se-results-top").length&amp;&amp;$(".se-results-top").remove()},chgParam:function(e){if(e!==R){R=e;var t=Array.prototype.slice,n=/(word=|w=|kw=|search-|key=|s=s%26wd%3D|#search\/|#search=)(.*?)(&amp;|$)/i,r=/(word=)(.*?)(&amp;|$)/,a=t.call($(".se-input, se-encode"));a.forEach(function(t){var n=t.tagName.toLowerCase();"input"===n||"textarea"===n?t.value=e:t.innerText=e}),e?(document.title=e+" - 百度",$("a.h-tab, .more-links &gt; a").forEach(function(t){var r=t.getAttribute("href");if(r){r=r.replace(n,"$1"+encodeURIComponent(e)+"$3"),t.setAttribute("href",r);var a=t.getAttribute("data-schema");if("地图"===t.innerText.trim()&amp;&amp;a){var i=a.replace(/(query=).*/,"$1");t.setAttribute("data-schema",i+encodeURIComponent(e))}}}),$("#page_copyright .switch-to-utouch, #page_copyright .feedback").forEach(function(t){var n=t.getAttribute("href");n=n.replace(r,"$1"+encodeURIComponent(e)+"$3"),t.setAttribute("href",n)})):document.title="百度一下"}},delegateLinkSearch:function(){function e(e,n,r){var a=new s(r,!0);if(t.supportAsyncSearch(a)){var i=a.buildSearchUrl();return t.pushHistory(!1,i),a.p("mod",0),a.p("async",1),a.p("ps_dg",1),B.comm.cid&amp;&amp;a.p("acid",B.comm.cid),u.redirect(i,null,{force:!1,silent:!1,param:a}),!1}e.attr("href",n.buildSearchUrl(r,!0)).attr("target","_self")}var t=this;$(document).delegate("a","click",function(){var t,n=location.protocol+"//"+location.host;return function(){var r=$(this);if(!(r.attr("sync")||r.attr("target")&amp;&amp;"_self"!=r.attr("target"))){var a=$.trim(r.attr("href"));if(a&amp;&amp;0==a.indexOf(n)&amp;&amp;(a=a.substring(n.length)),a&amp;&amp;(t=a.match(/(^|\/)+(s\?.*)/)),a&amp;&amp;t&amp;&amp;t[2]){var o=s.parseUrlParams(t[2]);o.pn||(o.pn=""),o=$.extend({},U,o),o.ts="";var c=e(r,O.param||{},o);return c}i.dispatch("leave")}}}())},pushHistory:function(e,t){if(void 0===e){var t=location.pathname.substring(1)+location.search,n=t.match(/ahp=(\d+)/);e=n?n[1]:0}else"string"==typeof e&amp;&amp;(e=e.split("_")[0]);e=1*e;var r;if(0==e)b++,r=1;else if(e&gt;b){if(b=e,r=1,y==b)return 2}else if(b&gt;e){if(b=e,r=-1,y==b)return-2}else y==b&amp;&amp;(y=-1),r=0;return r},init:function(){var e=this;e.supportAsync()&amp;&amp;(e.pushHistory(),y=b,$("#results&gt;.se-page-ft").length&amp;&amp;($("#results&gt;.se-page-ft,#results&gt;.se-page-ft~*").appendTo(".search-page"),$("#results~style").appendTo("body")),I.isIos&amp;&amp;I.isBaiduboxapp||window.__sam_async&amp;&amp;e.delegateLinkSearch(),B.search.zbios=function(t){return e.zbios(t)},B.search.bmbadr=function(t){return e.bmbadr(t)},window.addEventListener("baiduboxapp_search",function(t){return e.zbios(t.data)}),window.addEventListener("search_baidu",function(t){return e.searchEventHandle(t)}),B.on("init",function(){O.cache&amp;&amp;!O.cache.isPreShow&amp;&amp;(e.setSpeedLogParam(O.param),O.cache.req&amp;&amp;"1"==O.cache.req.mod?e.confirmCache(O.cache,O.param):e.resetLogParam())}),window.__sam_async_debug&amp;&amp;($("head").append('&lt;style class=".se-debug-style"&gt;.se-debug{color:red;position:fixed;top:40px;font-size:12px;left:0;z-index: 9999;text-align:left;background:rgba(255,255,0,0.9);}&lt;/style&gt;'),$("body").prepend('&lt;div class="se-debug"&gt;SYNC-ABLE TO SEARCH&lt;/div&gt;')),I.isBaiduboxapp&amp;&amp;(U=s.parseUrlParams(window.location.href),["word","pn","rn","sa","st","ts","nojc","mmsuse","cq","cki"].forEach(function(e){delete U[e]})),document.cookie.indexOf("WISEER=1")&gt;-1||x.indexOf("presearch_0")&gt;-1||(I.isSearchCraft?(B.on("ready",function(){e.invokeApp({state:"10"})}),window.addEventListener("pageshow",function(t){t.persisted&amp;&amp;e.invokeApp({state:"10"})})):window.__sam_async_debug?e.invokeApp({state:"10"}):(window.__sam_async||I.boxVersion&gt;="9")&amp;&amp;(I.isIos?I.boxVersion&gt;="8.5"||I.deviceVersion&gt;=4?e.invokeApp({state:"10"}):(16==I.boxPresid||17==I.boxPresid)&amp;&amp;e.invokeApp({state:"10"}):e.invokeApp({state:"10"}))),B.on("load",function(){O.cache&amp;&amp;!O.cache.isPreShow&amp;&amp;i.invokeApp({state:"30",url:encodeURIComponent(O.cache.redirectUrl)})}),B.on("afterload",function(){O.cache&amp;&amp;!O.cache.isPreShow&amp;&amp;i.invokeApp({state:"40",url:encodeURIComponent(O.cache.redirectUrl)})}),B.on("afterload",function(){B.comm.query&amp;&amp;0==$(".result,.se-noresult-tips").length?B.cookie("WISEWR","15",{expires:864e5}):B.cookie("WISEWR","",{expires:-1})}))},invokeApp:function(e){window.Bdbox&amp;&amp;Bdbox.invokeApp&amp;&amp;(Bdbox.invokeApp.android?Bdbox.invokeApp("Bdbox_android_searchFrame","asyncPageState",[JSON.stringify(e)]):Bdbox.invokeApp.ios&amp;&amp;Bdbox.invokeApp("searchFrame",{action:"asyncPageState",params:JSON.stringify(e),minver:"7.5.0.0"},"")),I.isBmbadr&amp;&amp;window._flyflowNative&amp;&amp;_flyflowNative.exec("asyncsearch","state",JSON.stringify(e),null),I.isSearchCraft&amp;&amp;(window.Viaduct&amp;&amp;window.Viaduct.postMessage?window.Viaduct.postMessage(JSON.stringify({func:"asyncSearchState",options:e})):console.log("asyncSearchState",e))},searchEventHandle:function(e){var t=this;switch(e.key){case"search_submit":var n=s.parseUrlParams(e.params||"");n.word=e.query;var r=new s(n,!0);t.submit(r);break;case"search_input":var n=s.parseUrlParams(e.params||"");t.prefetchInput($.extend(n,{word:e.query}));break;case"search_cancel":t.cancelPreShow()}},zbios:function(e){var t=this;if(e=e||{},e.type&gt;=0&amp;&amp;e.type&lt;10){if(window.__sam_async_debug&amp;&amp;$(".se-debug").html("ASYNC"),e.word){e.param&amp;&amp;"string"==typeof e.param&amp;&amp;(e.param=s.parseUrlParams(e.param));var n=(new Date).getTime().toString(),r=$.extend({},U,e.param,{pn:"",word:e.word,tn:"zbios",ts:n.substring(n.length-7)});B.comm.cid&amp;&amp;(r.acid=B.comm.cid),e.word&amp;&amp;delete r.cki;var a=new s(r,!0);t.submit(a)}}else if(e.type&gt;=10&amp;&amp;e.type&lt;50&amp;&amp;e.word){e.param&amp;&amp;"string"==typeof e.param&amp;&amp;(e.param=s.parseUrlParams(e.param));var i=$.extend({},U,e.param,{pn:"",tn:"zbios",word:e.word});B.comm.cid&amp;&amp;(i.acid=B.comm.cid),i.word&amp;&amp;delete i.cki,t.prefetchZbios(i,e.type)}else 101==e.type&amp;&amp;t.cancelPreShow()},bmbadr:function(e){var t=this;if(e=e||{},e.type&gt;=0&amp;&amp;e.type&lt;10){if(window.__sam_async_debug&amp;&amp;$(".se-debug").html("ASYNC"),e.word){e.param&amp;&amp;"string"==typeof e.param&amp;&amp;(e.param=s.parseUrlParams(e.param));var n=(new Date).getTime().toString(),r=$.extend({},U,e.param,{pn:"",word:e.word,tn:"bmbadr",ts:n.substring(n.length-7)}),a=new s(r,!0);t.submit(a)}}else if(e.type&gt;=10&amp;&amp;e.word){e.param&amp;&amp;"string"==typeof e.param&amp;&amp;(e.param=s.parseUrlParams(e.param));var i=$.extend({},U,e.param,{pn:"",tn:"bmbadr",word:e.word});t.prefetchZbios(i)}}});var M=[];return i}),define("instant_search/Adapter",["require","exports","module","instant_search/util/derive","instant_search/EventEmitter","instant_search/util/extend","instant_search/urlUtil","instant_search/util/trim","instant_search/util/log","instant_search/supportAsync"],function(e,t,n){"use strict";var r=e("instant_search/util/derive"),a=e("instant_search/EventEmitter"),i=e("instant_search/util/extend"),s=e("instant_search/urlUtil"),o=e("instant_search/util/trim"),c=e("instant_search/util/log"),u=e("instant_search/supportAsync"),d=location.protocol+"//"+location.host;n.exports=r(a,function(e){var t=this;a.call(t),t._environment=e.environment,B.search.zbios=t._onBoxRequest.bind(t),window.addEventListener("baiduboxapp_search",function(e){t._onBoxRequest(e.option)}),$(document).delegate("a","click",function(e){return t._onLinkClick(e,this)})},{_onBoxRequest:function(e){var t=this;if(e=e||{},e.param=e.param||{},c.log("_onBoxRequest",e),"string"==typeof e.param&amp;&amp;(e.param=s.parse(e.param)),e.type&gt;=0&amp;&amp;e.type&lt;10&amp;&amp;e.word){var n=(new Date).getTime().toString();t.emit("submit",i({},e.param,{pn:"",tn:"zbios",word:e.word,ts:n.substring(n.length-7)}))}else if(e.type&gt;=10&amp;&amp;e.type&lt;50&amp;&amp;e.word){var r=i({},e.param,{pn:"",tn:"zbios",word:e.word});t._boxInputEnable(r,e.type)&amp;&amp;t.emit("input",r)}else 101==e.type;t.emit("boxrequest",e)},_onLinkClick:function(e,t){var n,r,a,i=this,c=$(t);return c.attr("target")&amp;&amp;"_self"!==c.attr("target")?void 0:(r=o(c.attr("href")),0===r.indexOf(d)&amp;&amp;(r=r.substring(d.length)),n=r.match(/(^|\/)+(s\?.*)/),n&amp;&amp;(a=s.parse(n[2]),u(a))?(a.pn||(a.pn=""),a.ts="",i.emit("submit",a),!1):void(window.page&amp;&amp;page.search&amp;&amp;page.search.Search&amp;&amp;page.search.Search.trigger("leave")))},_boxInputEnable:function(e,t){var n=this._environment,r=window.page&amp;&amp;page.comm&amp;&amp;page.comm.zbiosPrefetchSwitch,a=n.boxPresid&amp;&amp;n.boxPresid&lt;40&amp;&amp;15!=n.boxPresid&amp;&amp;14!=n.boxPresid,i=16===t;return r||a?n.isIos?(c.warn("Adapter._boxInputEnable 不发起预测","ios"),!1):n.isIos&amp;&amp;!i&amp;&amp;e.sa&amp;&amp;!e.sa.match(/ikb|tkb|bkb/)?(c.warn("Adapter._boxInputEnable 不发起预测","sa",e.sa),!1):!0:(c.warn("Adapter._boxInputEnable 不发起预测","手百降级开关"),!1)}})}),define("instant_search/Cache",["require","exports","module","instant_search/util/derive","instant_search/util/hasOwn","instant_search/util/log"],function(e,t,n){"use strict";var r=e("instant_search/util/derive"),a=(e("instant_search/util/hasOwn"),e("instant_search/util/log"));n.exports=r(Object,function(e){this._map={},this._MAX_TIME=e||0,this._addTimeMap={}},{_map:null,_MAX_TIME:null,_addTimeMap:null,set:function(e,t){this._addTimeMap[e]=+new Date,this._map[e]=t},get:function(e){return this._clearIfExpired(e),this._map[e]},unset:function(e){delete this._addTimeMap[e],delete this._map[e]},getAll:function(){var e=this;return Object.keys(e._map).filter(e._clearIfExpired.bind(e)).map(function(t){return e._map[t]})},_clearIfExpired:function(e){var t=+new Date;return this._MAX_TIME&amp;&amp;t-this._addTimeMap[e]&gt;this._MAX_TIME?(a.warn("缓存过期，清除：",e),this.unset(e),!1):!0}})}),define("instant_search/EventEmitter",["require","exports","module","instant_search/util/derive","instant_search/util/hasOwn"],function(e,t,n){"use strict";var r=e("instant_search/util/derive"),a=e("instant_search/util/hasOwn");n.exports=r(Object,function(){this._listenerMap={}},{_listenerMap:null,on:function(e,t,n){var r,i;r=this._listenerMap,a(r,e)||(r[e]=[]),i=r[e],i.push({callback:t,context:arguments.length&lt;3?this:n})},emit:function(e,t){var n,r,i,s,o,c=!0;if(n=this._listenerMap,!a(n,e))return!0;for(r=n[e],i=r.length,s=0;i&gt;s;s++)o=r[s],c=o.callback.call(o.context,t)===!1?!1:c;return c},off:function(e,t,n){var r=arguments.length;switch(r){case 0:this._listenerMap={};break;case 1:this._listenerMap[e]=null,delete this._listenerMap[e];break;case 2:case 3:default:a(this._listenerMap,e)&amp;&amp;(this._listenerMap[e]=this._listenerMap[e].filter(function(e){return 2==r?e.callback!==t:e.callback!==t||e.context!==n}))}}})}),define("instant_search/EventFifo",["require","exports","module","instant_search/util/derive","instant_search/EventEmitter","instant_search/util/each"],function(e,t,n){"use strict";var r=e("instant_search/util/derive"),a=e("instant_search/EventEmitter"),i=e("instant_search/util/each");n.exports=r(a,function(e){a.call(this),this._initListeners(e),this.reset()},{_eventTarget:null,_listeners:null,_eventBuffer:null,_buffering:!0,_initListeners:function(e){this._listeners={},i(e,function(e){this._listeners[e]=function(t){this._buffering?this._eventBuffer.push({name:e,data:t}):this.emit(e,t)}},this)},reset:function(){null!==this._eventTarget&amp;&amp;null!==this._listeners&amp;&amp;i(this._listeners,function(e,t){this._eventTarget.off(t,e,this)},this),this._eventTarget=null,this._eventBuffer=[],this._buffering=!0},watch:function(e){this.reset(),i(this._listeners,function(t,n){e.on(n,t,this)},this)},flush:function(){for(var e,t,n,r=this._eventBuffer;e=r.length;){for(t=0;e&gt;t;t++)n=r[t],this.emit(n.name,n.data);r.splice(0,e)}this._buffering=!1}})}),define("instant_search/goSync",["require","exports","module"],function(e,t,n){"use strict";n.exports=function(e){window.page&amp;&amp;page.search&amp;&amp;page.search.Search&amp;&amp;page.search.Search.trigger("leave"),location.href=e}}),define("instant_search/is",["require","exports","module","sfr","instant_search/Search","instant_search/util/derive","instant_search/EventEmitter","instant_search/urlUtil","instant_search/util/log","instant_search/util/extend","instant_search/goSync","instant_search/Adapter","instant_search/supportAsync","search/environment","instant_search/TimeRecorder"],function(e,t,n){"use strict";var r=e("sfr"),a=e("instant_search/Search"),i=e("instant_search/util/derive"),s=e("instant_search/EventEmitter"),o=e("instant_search/urlUtil"),c=e("instant_search/util/log"),u=e("instant_search/util/extend"),d=e("instant_search/goSync"),l=e("instant_search/Adapter"),h=e("instant_search/supportAsync"),p=e("search/environment"),f=new p,m=e("instant_search/TimeRecorder"),g=new m,_=function(){var e;return function(){if(e||(e=$(".se-form"),e.length&gt;1&amp;&amp;(e=e.eq(0))),0===e.length)return{};var t={};return e.serializeArray().forEach(function(e){t[e.name]=e.value}),t}}(),v=i(s,function(){var e=this;s.call(e),e._baseTsamp=window.page&amp;&amp;page.comm&amp;&amp;page.comm.t_samp,f.isBaiduboxapp&amp;&amp;(e._baseParam=o.parse(window.location.href),["word","pn","rn","sa","st","ts"].forEach(function(t){delete e._baseParam[t]}))},{_searchModule:null,_searchBeforeSf:null,_baseParam:null,_baseTsamp:null,input:function(e,t){if(c.log("is.input",e,t),this._inputEnable()){var n="string"==typeof e?{word:e}:e;t&amp;&amp;(n=u({},_(),n)),this._searchModule&amp;&amp;this._searchModule.input(u({},n,{word:n.word||"",pn:"",mod:1,async:1,pre:2,sp:9,isid:this._searchModule.getSessionId(),acid:page&amp;&amp;page.comm&amp;&amp;page.comm.cid||""}))}},submit:function(e,t){if(c.log("is.submit",e,t),t&amp;&amp;(e=u({},_(),e)),e=u({},this._baseParam,e,{acid:page&amp;&amp;page.comm&amp;&amp;page.comm.cid||"",t_samp:this._baseTsamp}),!h(e))return void d(o.buildSyncUrl(e));e=u({},this._baseParam,e,{mod:0,async:1,isid:this._searchModule&amp;&amp;this._searchModule.getSessionId()||""});var n=o.buildSearchUrl(e),a=location.pathname.indexOf("/searchframe")&gt;-1;try{a?(c.log("sf.reset to ",n),r.action.reset(n)):(c.log("sf.redirect to ",n),r.action.redirect(n))}catch(i){window.page&amp;&amp;page.cookie&amp;&amp;page.cookie("WISEWR","21_2",{expires:3e3})}this._searchBeforeSf={url:n,time:+new Date},this.search(n,!0)},init:function(e,t,n){if(h()){this._searchModule=new a({root:e,container:t,fromSync:n,environment:f,timeRecorder:g});var r=new l({environment:f});r.on("input",this.input,this),r.on("submit",this.submit,this),r.on("boxrequest",function(e){c.log("update environment",e),f.update(e)},this)}},attach:function(){c.log("attach"),this._searchModule&amp;&amp;this._searchModule.attach()},detach:function(){c.log("detach"),this._searchModule&amp;&amp;this._searchModule.detach()},search:function(e,t){if(g.reset(),g.add("start"),!t){c.log("from sf:",e);var n=this._searchBeforeSf&amp;&amp;o.getSearchSign(this._searchBeforeSf.url)===o.getSearchSign(e),r=this._searchBeforeSf?+new Date-this._searchBeforeSf.time:0;if(this._searchBeforeSf=null,n&amp;&amp;1e3&gt;r)return void c.info("sf来的冗余调用 ",r)}return this._searchModule?void this._searchModule.search(e):void d(o.toSync(e))},_inputEnable:function(){var e=window.page&amp;&amp;page.comm&amp;&amp;page.comm.tanet,t=window.page&amp;&amp;page.comm&amp;&amp;page.comm.prefetchSwitch,n=window.__sam_async_type,r=f.boxPresid&amp;&amp;f.boxPresid&lt;40&amp;&amp;15!=f.boxPresid&amp;&amp;14!=f.boxPresid;return window.B&amp;&amp;B.comm&amp;&amp;B.comm.sampleval&amp;&amp;"async_new"===B.comm.sampleval.WISE_TPL_COMMON_SAMPLE_FLAG?(c.warn("is._inputEnable 不发起预测","新旧异步打平实验中，暂关闭预测，先打平异步"),!1):t||n||r?!e||4!=e&amp;&amp;2!=e?!0:(c.warn("is._inputEnable 不发起预测","tanet",e),!1):(c.warn("is._inputEnable 不发起预测","降级开关"),!1)}});n.exports=new v}),define("instant_search/monitor",["require","exports","module","instant_search/goSync","instant_search/urlUtil"],function(e,t,n){"use strict";function r(){return 0==$(".result,.se-noresult-tips").length}function a(){return o?o.getReqStatus():s?s.getReqStatus():u+"_"+i}var i,s,o,c,u=1,d="new_is",l=e("instant_search/goSync"),h=e("instant_search/urlUtil"),p=[],f=[6e3,12e3,14e3],m=[function(){r()&amp;&amp;window.page&amp;&amp;page.webb&amp;&amp;page.webb.exception&amp;&amp;page.webb.exception.trigger("wiseasync",{st:"timeoutfirst_2",requestStatus:a(),group:d,word:""})},function(){r()&amp;&amp;window.page&amp;&amp;page.webb&amp;&amp;page.webb.exception&amp;&amp;page.webb.exception.trigger("wiseasync",{st:"timeoutsec_2",requestStatus:a(),group:d,word:""})},function(){r()&amp;&amp;(window.page&amp;&amp;page.cookie&amp;&amp;page.cookie("WISEWR","16_2",{expires:864e5}),l(h.toSync(c)))}];n.exports={userSearch:function(e){c=e,s=null,o=null,i=0,this._startMonitor()},setPrefetchStream:function(e){s=e,i=1},setRenderStream:function(e){o=e,i=2},searchPageDetach:function(){this._clearMonitor()},searchPageAttach:function(){var e=location.pathname.indexOf("/searchframe")&gt;-1;e||this._startMonitor()},_startMonitor:function(){this._clearMonitor();for(var e=0;e&lt;f.length;++e)p[e]=setTimeout(m[e],f[e])},_clearMonitor:function(){for(var e=0;e&lt;f.length;++e)clearTimeout(p[e])}}}),define("instant_search/ObjectPool",["require","exports","module","instant_search/util/derive","instant_search/util/unimplementedFunction","instant_search/util/emptyFunction"],function(e,t,n){"use strict";var r=e("instant_search/util/derive"),a=e("instant_search/util/unimplementedFunction"),i=e("instant_search/util/emptyFunction");n.exports=r(Object,function(e){Object.call(this),this._size=arguments.length&gt;0?Number(e):-1,this._pool=[]},{_pool:null,malloc:function(){var e=this._pool;return e.length?e.pop():this.onCreate()},free:function(e){var t=this._pool;-1===this._size||this._size&gt;t.length?t.push(e):this.onDestroy(e)},clean:function(){for(var e,t,n=this.pool;e=n.length;){for(t=0;e&gt;t;t++)this.onDestroy(n[t]);n.splice(0,e)}},onCreate:a,onDestroy:i})}),define("instant_search/Parser",["require","exports","module","instant_search/util/derive","instant_search/EventEmitter","instant_search/util/log","instant_search/ObjectPool"],function(e,t,n){"use strict";var r=e("instant_search/util/derive"),a=e("instant_search/EventEmitter"),i=e("instant_search/util/log"),s=e("instant_search/ObjectPool"),o=decodeURIComponent("%3C!---async_"),c=decodeURIComponent("--%3E"),u=decodeURIComponent("%3C!--/async_"),d=decodeURIComponent("--%3E"),l=decodeURIComponent("%3C!--"),h=decodeURIComponent("--%3E"),p=0,f=1,m=2,g=r(a,function(){a.call(this),this.reset()},{_status:null,_index:0,_input:null,_tagStack:null,_tagInfo:null,reset:function(){this._status=p,this._index=0,this._input="",this._tagStack=[],this._tagInfo=null},start:function(){i.log("parser","start"),this.reset(),this.emit("start")},update:function(e){if(i.log("parser","update",e.length),e)for(this._input=e;this._parse(););},end:function(){i.log("parser","end"),this.emit("end")},"break":function(){i.log("parser","break"),this.emit("fail")},connectRequest:function(e){var t=this;e.on("header",t.start,t),e.on("update",t.update,t),e.on("end",t.end,t),e.on("fail",t.break,t)},_parse:function(){var e,t,n,r=this._index;switch(this._status){case p:if(e=this._find(o,u),!e)return!1;switch(e.value){case o:return this._index=e.index+o.length,this._tagStack.push(this._tagInfo),this._tagInfo={outterStart:e.index},this._status=f,!0;case u:return this._index=e.index+u.length,this._tagInfo.innerEnd=e.index,this._status=m,!0;default:return!1}break;case f:return(e=this._find(c))?(t=this._input.substring(r,e.index),this._index=e.index+c.length,this._tagInfo.tagName=t,this._tagInfo.innerStart=this._index,this._status=p,!0):!1;case m:if(e=this._find(d),!e)return!1;if(t=this._input.substring(r,e.index),t!==this._tagInfo.tagName)throw new Error('unmatch tag"'+t+'", expect "'+n+'"');return this._index=e.index+d.length,this._tagInfo.outterEnd=this._index,this._onBlock(this._tagInfo),this._tagInfo=this._tagStack.pop(),this._status=p,!0;default:return!1}return!1},_find:function(){var e,t,n,r,a=this._index,i=-1,s=!1;for(t=arguments.length,e=0;t&gt;e;e++){if(n=arguments[e],r=this._input.indexOf(n,a),0===r)return{value:n,index:r};r&gt;0&amp;&amp;(-1==i||i&gt;r)&amp;&amp;(i=r,s={value:n,index:r})}return s},_onBlock:function(e){i.log("parser","block",e.tagName),e.content=this._input.substring(e.innerStart,e.innerEnd),e.id=e.tagName,"status"===e.tagName&amp;&amp;(e.json=this._parseJSONBlock(e.content)),this.emit("block",e)},_parseJSONBlock:function(e){var t,n,r;if(t=e.indexOf(l),n=e.lastIndexOf(h),0&gt;t||0&gt;n)return null;if(t+=l.length,t&gt;n)return null;r=e.substring(t,n);try{return JSON.parse(r)}catch(a){try{return new Function("return "+r+";")()}catch(a){return null}}}}),_=new s;_.onCreate=function(){return new g},g.get=function(){return _.malloc()},g.release=function(e){e.reset(),e.off(),_.free(e)},n.exports=g}),define("instant_search/Prefetch",["require","exports","module","instant_search/util/derive","instant_search/util/log","instant_search/EventEmitter","instant_search/Cache","instant_search/Request","instant_search/Parser","instant_search/view/Stream","instant_search/urlUtil"],function(e,t,n){"use strict";var r=e("instant_search/util/derive"),a=e("instant_search/util/log"),i=e("instant_search/EventEmitter"),s=e("instant_search/Cache"),o=e("instant_search/Request"),c=e("instant_search/Parser"),u=e("instant_search/view/Stream"),d=e("instant_search/urlUtil");n.exports=r(i,function(e){i.call(this),this._fetchedStreamCache=new s,this._readyStreamCache=e},{_fetchedStreamCache:null,_readyStreamCache:null,fetch:function(e){var t=this._fetchedStreamCache,n=this._readyStreamCache,r=d.getSearchSign(e);if(this.emit("beforefetch")){var i=new o,s=c.get();s.connectRequest(i);var l=new u;return l.bind(s,i),t.set(r,l),l.on("metaInfo",function(){a.log("预取metaInfo到达，加入缓存",e),n.set(r,l),t.unset(r),l.on("fail",function(){a.log("已加入缓存的预取stream失败，从缓存中取出"),n.unset(r,l)})}),i.get(d.appendParams(e,{mod:0,async:1})),a.log('发送预取"'+e+'"'),l}}})}),define("instant_search/Request",["require","exports","module","instant_search/util/derive","instant_search/util/each","instant_search/util/log","instant_search/EventEmitter","instant_search/util/unimplementedFunction"],function(e,t,n){"use strict";function r(e){var t=[];return i(e,function(e,n){n=encodeURIComponent(n),e=encodeURIComponent(e),t.push(n+"="+e)}),t.join("&amp;")}var a=e("instant_search/util/derive"),i=e("instant_search/util/each"),s=e("instant_search/util/log"),o=e("instant_search/EventEmitter"),c=e("instant_search/util/unimplementedFunction"),u=2,d=3,l=4,h=0,p=10,f=30,m=200,g="get",_="post",v=a(o,function(){o.call(this)},{_xhr:null,_url:null,abort:function(){null!==this._xhr&amp;&amp;(this._xhr.abort(),this.emit("abort"))},request:function(e,t,n){var r=this._xhr;null===r&amp;&amp;(r=this._xhr=new XMLHttpRequest,r.onreadystatechange=this._onreadystatechange.bind(this)),this._url=e,r.open(t,e,!0),r.setRequestHeader("Cache-Control","private"),r.setRequestHeader("Async-Type","xml"),r.send(n)},get:function(e,t){var n=r(t);n.length&gt;0&amp;&amp;(e+=(e.indexOf("?")&lt;0?"?":"&amp;")+n),this.request(e,g,null)},post:c,getUrl:function(){return this._url},getStatus:function(){var e=this._xhr;return e?e.readyState!==l?p:this._isSuccess(e)&amp;&amp;this._resultIsAsyncContent(e)?m:f:h},_onreadystatechange:function(){var e,t=this._xhr;switch(t.readyState){case u:s.log("request","header"),this.emit("header",t.getAllResponseHeaders());break;case d:e=t.responseText,null!==e&amp;&amp;(s.log("request","update",e.length),this.emit("update",e));break;case l:this._isSuccess(t)&amp;&amp;this._resultIsAsyncContent(t)?(e=t.responseText,null!==e&amp;&amp;(s.log("request","done",e.length),this.emit("update",e)),this.emit("end",e)):(this._isSuccess(t)?this._resultIsAsyncContent(t)||(window.page&amp;&amp;page.cookie&amp;&amp;page.cookie("WISEWR","11_2",{expires:3e3}),window.page&amp;&amp;page.cookie&amp;&amp;page.cookie("WISEER","1_2",{expires:3e5})):window.page&amp;&amp;page.cookie&amp;&amp;page.cookie("WISEWR","13_2",{expires:3e5}),s.log("request","fail"),this.emit("fail"))}},_isSuccess:function(e){return e.status&gt;=200&amp;&amp;e.status&lt;300||304==e.status},_resultIsAsyncContent:function(e){var t=e.responseText||"";return t.indexOf(decodeURIComponent("%3C!---async_"))&gt;-1||t.indexOf('&lt;template id="async_')&gt;-1||t.length&lt;150&amp;&amp;t.indexOf('&lt;div id="__status"&gt;')&gt;-1}});v.GET=g,v.POST=_,v.STATUS_DEFAULT=h,v.STATUS_LOADING=p,v.STATUS_LOAD_ERROR=f,v.STATUS_LOAD_SUCCESS=m,n.exports=v}),define("instant_search/Search",["require","exports","module","instant_search/util/derive","instant_search/util/each","instant_search/util/slice","instant_search/util/log","instant_search/EventEmitter","instant_search/view/Stream","instant_search/Cache","instant_search/SessionId","instant_search/Suggest","instant_search/Prefetch","instant_search/view/View","instant_search/urlUtil","instant_search/util/extend","instant_search/goSync","instant_search/monitor"],function(e,t,n){"use strict";var r=e("instant_search/util/derive"),a=e("instant_search/util/each"),i=e("instant_search/util/slice"),s=e("instant_search/util/log"),o=(e("instant_search/EventEmitter"),e("instant_search/view/Stream"),e("instant_search/Cache")),c=e("instant_search/SessionId"),u=e("instant_search/Suggest"),d=e("instant_search/Prefetch"),l=e("instant_search/view/View"),h=e("instant_search/urlUtil"),p=e("instant_search/util/extend"),f=e("instant_search/goSync"),m=e("instant_search/monitor"),g=18e4;n.exports=r(Object,function(e){var t=this,n=e.environment;Object.call(t),t._cache=new o(g),t._view=new l({root:e.root,container:e.container,fromSync:e.fromSync,timeRecorder:e.timeRecorder}),t._suggest=new u(t._cache),t._prefetch=new d(t._cache),t._environment=e.environment,t._timeRecorder=e.timeRecorder,t._sessionId=new c,t._confirmedSearch=new o,t._searchInfo={_url:null,_time:null,update:function(e){this._time=+new Date,this._url=e},getUrl:function(){return this._url},getUpdateTime:function(){return this._time}},t._view.on("afterdestroy",t._sessionId.update,t._sessionId),e.fromSync?t._bindPageStateEvent():t._view.on("framedone",t._bindPageStateEvent,t),window.__sam_async_debug?t._updateBoxState({state:"10"}):-1===document.cookie.indexOf("WISEER=1")&amp;&amp;(n.isIos?n.deviceVersion&gt;=4?t._updateBoxState({state:"10"}):(16==n.boxPresid||17==n.boxPresid)&amp;&amp;t._updateBoxState({state:"10"}):t._updateBoxState({state:"10"}))},{_suggest:null,_prefetch:null,_view:null,_cache:null,_sessionId:null,_timeRecorder:null,_fastFirstStopper:null,_searchInfo:null,_confirmedSearch:null,_prefetchStream:null,_renderedStream:null,input:function(e){var t=this._getCacheList(this._cache);this._suggest.input(p({clist:t},e))},search:function(e){m.userSearch(e);var t,n,r=this,a=r._cache,i=r._view,o=!1,c=h.parse(e),u=h.getSearchSign(e),d=u===h.getSearchSign(r._searchInfo.getUrl()),l=d&amp;&amp;+new Date-r._searchInfo.getUpdateTime()&lt;500;return s.log("search: ",e),l?void s.warn("用户过于频繁发起相同检索，不予响应"):(r._searchInfo.update(e),r._fastFirstStopper&amp;&amp;(r._fastFirstStopper(),r._fastFirstStopper=null,s.log("search","【取消上次fastFirst】")),d&amp;&amp;(s.warn("用户再次发起相同的检索，unset已有缓存"),a.unset(u)),(t=a.get(u))?(o=!0,s.log("命中缓存"),r._goSyncWhenFail(t)):(t=r._suggest.wait(e),n=r._prefetch.fetch(e),r._goSyncWhenFail(n)),i.updateQuery(c.word),r._updateBoxState({state:"20",url:h.toSync(e)}),r._prefetchStream=n,r._renderedStream=null,m.setPrefetchStream(n),i.destroy(),window.__sam_async_index=!1,void(o?r._render(t):(s.log("等待双发"),r._fastFirstStopper=r._fastFirstStream(function(e){s.log("双发命中"+(e===t?"预测":"预取")),e===t&amp;&amp;r._goSyncWhenFail(t),r._render(e),r._fastFirstStopper=null},t,n))))},attach:function(){m.searchPageAttach(),this._view.attach()},detach:function(){m.searchPageDetach(),this._view.detach()},getSessionId:function(){return this._sessionId.get()},_fastFirstStream:function(e){var t,n,r,o=i(arguments,1),c=o.length,u=!1,d=function(){u=!0,a(o,function(e){e.off("metaInfo",l)}),o=null},l=function(){u||(d(),e(this))};for(t=0;c&gt;t;t++)n=o[t],n.getMetaInfo()&amp;&amp;(r=n),n.on("metaInfo",l);return r?(s.error("fastFirst中直接可用，但前面在缓存中未能捞出~"),l.call(r),null):d},_goSyncWhenFail:function(e){var t=this;e.on("fail",function(){var e=h.toSync(t._searchInfo.getUrl());s.error("stream失败，强跳同步!",e),window.page&amp;&amp;page.cookie&amp;&amp;(page.cookie("WISEWR")||page.cookie("WISEWR","14_2",{expires:3e3})),t._updateBoxState({state:"50",url:encodeURIComponent(e)}),f(e)})},_getCacheList:function(e){return e.getAll().map(function(e){return e.getMetaInfo().querysign}).join("	")},_updateBoxState:function(e){s.log("updateBoxState",e),window.Bdbox&amp;&amp;Bdbox.invokeApp&amp;&amp;(Bdbox.invokeApp.android?Bdbox.invokeApp("Bdbox_android_searchFrame","asyncPageState",[JSON.stringify(e)]):Bdbox.invokeApp.ios&amp;&amp;Bdbox.invokeApp("searchFrame",{action:"asyncPageState",params:JSON.stringify(e),minver:"7.5.0.0"},""))},_bindPageStateEvent:function(){var e=this;return window.page&amp;&amp;page.comm&amp;&amp;page.cookie?(page.on("ready",function(){e._searchInfo.getUrl()&amp;&amp;e._updateBoxState({state:"30",url:encodeURIComponent(h.toSync(e._searchInfo.getUrl()))})}),page.on("load",function(){e._searchInfo.getUrl()&amp;&amp;e._updateBoxState({state:"40",url:encodeURIComponent(h.toSync(e._searchInfo.getUrl()))})}),page.on("init",function(){if(e._renderedStream){e._setSpeedLogParam();var t=h.parse(e._renderedStream.getUrl());"1"==t.mod&amp;&amp;e._confirmMod1(e._renderedStream)}}),page.on("afterload",function(){page.comm.query&amp;&amp;0===$(".result,.se-noresult-tips").length?page.cookie("WISEWR","15_2",{expires:864e5}):page.cookie("WISEWR","",{expires:-1})}),void(window.__sam_async_debug&amp;&amp;($("head").append('&lt;style class=".se-debug-style"&gt;.se-debug{color:red;position:fixed;top:40px;font-size:12px;left:0;z-index: 9999;text-align:left;background:rgba(255,255,0,0.9);}&lt;/style&gt;'),$("body").prepend('&lt;div class="se-debug"&gt;SYNC-ABLE TO SEARCH new-is&lt;/div&gt;')))):void s.error("结果页渲染完成但缺少page")},_render:function(e){this._renderedStream=e,m.setRenderStream(e),this._view.render(e)},_confirmMod1:function(e){var t=e.getUrl(),n=h.parse(t),r=h.getSearchSign(t),a=e.getMetaInfo()||{};return this._confirmedSearch.get(r)?void s.log("_confirmMod1 已confirm过，故不再重新confirm"):(s.info("confirm mod1"),n.mod="2",n.cqid=a.lid,n.word=a.realword,n.isa=n.sa,n.sa=h.parse(this._searchInfo.getUrl()).sa,$.ajax({url:"/s?"+h.buildSearchQueryString(n)}),void this._confirmedSearch.set(r,!0))},_setSpeedLogParam:function(){var e=h.parse(this._renderedStream.getUrl()),t=h.parse(this._searchInfo.getUrl());window.B&amp;&amp;B.comm&amp;&amp;(B.comm.ps={mod:1==e.mod?2:e.mod},t.ts&amp;&amp;(B.comm.ps.net=this._timeRecorder.get("head")-this._timeRecorder.get("start")),s.info("speedlog",B.comm.ps)),window.__sam_async_debug&amp;&amp;$(".se-debug").html((2==B.comm.ps.mod?"PREDICT-new-is":"ASYNC-new-is")+"&amp;nbsp;&amp;nbsp;&amp;nbsp;&amp;nbsp;&lt;br&gt;B.comm.ps.net:"+(B.comm.ps.net&gt;0?B.comm.ps.net:0)+"ms")}})}),define("instant_search/SessionId",["require","exports","module","instant_search/util/derive"],function(e,t,n){"use strict";var r=e("instant_search/util/derive");n.exports=r(Object,function(){this.update()},{_sessionId:"",get:function(){return this._sessionId},update:function(){this._sessionId=this._randomId()},_randomId:function(){var e=window.page&amp;&amp;page.comm&amp;&amp;page.comm.baiduid||"",t=window.page&amp;&amp;page.comm&amp;&amp;page.comm.lid||"";return e.substr(0,6)+t.substr(-5)+e.substr(-5)+parseInt(99999*Math.random())}})}),define("instant_search/Suggest",["require","exports","module","instant_search/util/derive","instant_search/EventEmitter","instant_search/Cache","instant_search/Request","instant_search/Parser","instant_search/view/Stream","instant_search/EventFifo","instant_search/util/extend","instant_search/util/log","instant_search/urlUtil","instant_search/SuggestFilter"],function(e,t,n){"use strict";var r=e("instant_search/util/derive"),a=e("instant_search/EventEmitter"),i=e("instant_search/Cache"),s=e("instant_search/Request"),o=e("instant_search/Parser"),c=e("instant_search/view/Stream"),u=e("instant_search/EventFifo"),d=(e("instant_search/util/extend"),e("instant_search/util/log")),l=e("instant_search/urlUtil"),h=e("instant_search/SuggestFilter");n.exports=r(a,function(e){a.call(this),this._streamCache=new i,this._readyStreamCache=e,(new h).bindSuggest(this)},{_streamCache:null,_readyStreamCache:null,input:function(e){var t=this,n=e.word||"",r=l.buildSearchUrl(e);if(t.emit("beforeinput",n)){var a=new s,i=o.get();i.connectRequest(a);var c=new u(["start","block","end","fail"]);c.watch(i),i.on("block",function(e){if("status"===e.id){var r=e.json;d.log('预测结果"'+n+'" -&gt; "'+r.realword+'"'),t._onSuccess(r,c,a)}"sug_predict_err"===e.id&amp;&amp;d.log('预测失败"'+n+'"')}),a.get(r),d.log('发送预测"'+n+'"')}},_onSuccess:function(e,t,n){var r=e.realword,a=this._getStream(l.buildSearchUrl({word:r}));switch(a.getStatus()){case c.STAT_INIT:case c.STAT_WAITING:a.bind(t,n),t.flush();break;case c.STAT_RECEIVING:break;case c.STAT_FINISHED:}},wait:function(e){return this._getStream(e)},_getStream:function(e){var t=this,n=t._streamCache.get(r),r=l.getSearchSign(e);return n||(n=new c,t._streamCache.set(r,n),n.on("metaInfo",function(a){l.normalizeWord(a.realword)!==l.parse(r).word&amp;&amp;d.error("预测中stream的realword不符合预期!"),d.log("预测metaInfo到达，加入缓存",e),t._readyStreamCache.set(r,n),n.on("fail",function(){d.log("已加入缓存的预测stream失败，从缓存中取出"),t._readyStreamCache.unset(r,n)})})),n}})}),define("instant_search/SuggestFilter",["require","exports","module","instant_search/util/derive","instant_search/util/log","instant_search/Cache"],function(e,t,n){"use strict";var r=e("instant_search/util/derive"),a=e("instant_search/util/log");e("instant_search/Cache"),n.exports=r(Object,function(){Object.call(this),this._historyList=[]},{_historyList:null,bindSuggest:function(e){e.on("beforeinput",this._beforeInput,this)},_beforeInput:function(e){var t=this._historyList;if(e=e.replace(/\s/gi,""),!e)return a.warn("SuggestFilter 不发起预测","no prefix",e),!1;if(-1!==t.indexOf(e))return a.warn("SuggestFilter 不发起预测","之前预测过"),!1;var n=t.length&amp;&amp;t[t.length-1];if(n&amp;&amp;n.indexOf(e)&gt;-1)return a.warn("SuggestFilter 不发起预测","被上个词包含"),!1;var r="@"===e[0];return r?(a.warn("SuggestFilter 不发起预测","直达号"),!1):encodeURIComponent(e).length&lt;=2?(a.warn("SuggestFilter 不发起预测","少于3个字母"),!1):e.length&gt;14?(a.warn("SuggestFilter 不发起预测","超长"),!1):window.page&amp;&amp;page.comm&amp;&amp;decodeURIComponent(page.comm.query)===e?(a.warn("SuggestFilter 不发起预测","等于当前query"),!1):(t.push(e),this._historyList=t=t.slice(-50),!0)}})}),define("instant_search/TimeRecorder",["require","exports","module","instant_search/util/derive"],function(e,t,n){"use strict";var r=e("instant_search/util/derive");n.exports=r(Object,function(){this.reset()},{_time:null,add:function(e,t){this._time[e]=t||+new Date},get:function(e){return this._time[e]},reset:function(){this._time={}}})}),define("instant_search/supportAsync",["require","exports","module"],function(e,t,n){"use strict";var r="onpopstate"in window;n.exports=function(e){if(!r)return!1;if(e){var t=e.word||"",n=e.st||"",a=0===t.indexOf("@"),i="b"==n.substring(2,3)||"n"==n.substring(3,4);if(!t||a||i)return!1}return!0}}),define("instant_search/urlUtil",["require","exports","module","instant_search/util/each"],function(e,t,n){"use strict";var r=e("instant_search/util/each"),a=["word","pn","nojc","cl","cq","srcid"],i="wd",s=50,o={},c=[];n.exports={getSearchSign:function(e){var t=this,n=t.parse(e),i=[];return n.pn||(n.pn="0"),r(a,function(e){var r=n[e]||"";"word"===e&amp;&amp;(r=t.normalizeWord(r)),i.push(e+"="+r)}),i.join("&amp;")},parse:function(e){if(e=e||"",o[e])return this._copy(o[e]);var t={},n=e.indexOf("?")+1,a=e.slice(n)||"";return r(a.split("&amp;"),function(e){var n=e.split("="),r=n[0]!==i?n[0]:"word";try{t[r]=decodeURIComponent((n[1]||"").replace(/\+/g," "))}catch(a){}}),o[e]=t,c.push(e),c.length&gt;s&amp;&amp;delete o[c.shift()],this._copy(t)},buildSearchUrl:function(e){return"s?"+this.buildSearchQueryString(e)},buildSyncUrl:function(e){return this.toSync(this.buildSearchUrl(e))},toSync:function(e){return/^(https?:)?\/\/.*\..*/.test(e)?e:(e=e.replace(/^\/(.*\/)?s\?/,"s?"),location.protocol+"//"+location.host+"/"+e.replace(/mod=[0-9]*/,"").replace("async=1",""))},appendParams:function(e,t){var n,a=this.parse(e),i={};return r(t,function(e,t){a.hasOwnProperty(t)||(i[t]=e)}),n=this.buildSearchQueryString(i),e+(n?"&amp;"+n:"")},normalizeWord:function(e){return e.toLowerCase().replace(/\s/g,"")},buildSearchQueryString:function(e){var t=[];return r(e,function(n,r){r&amp;&amp;e.hasOwnProperty(r)&amp;&amp;""!==e[r]&amp;&amp;t.push(r+"="+encodeURIComponent(e[r]).replace(/'/g,"%27"))}),t.join("&amp;")},_copy:function(e){return JSON.parse(JSON.stringify(e))}}}),define("instant_search/util/derive",["require","exports","module","instant_search/util/isFunction","instant_search/util/extend","instant_search/util/each","instant_search/util/hasOwn"],function(e,t,n){"use strict";function r(e,t,n){"object"==typeof t&amp;&amp;(n=t,t=i(n,"constructor")?n.constructor:function(){e.apply(this,arguments)},delete n.constructor);var r,s,o,c,u,d=t;return r=Object.create(e.prototype),n=n||{},c={},a(n,function(e,t){if(s=t.split(" "),1===s.length)r[t]=e;else switch(o=s.shift(),t=s.join(" "),o){case"get":case"set":u=c[t]||{},u[o]=e,c[t]=u}}),Object.defineProperties(r,c),d.prototype=r,r.constructor=d,d}var a=(e("instant_search/util/isFunction"),e("instant_search/util/extend"),e("instant_search/util/each")),i=e("instant_search/util/hasOwn");n.exports=r}),define("instant_search/util/each",["require","exports","module","instant_search/util/isFunction"],function(e,t,n){"use strict";function r(e,t,n){if(e){var r,i=0,s=e.length,o=void 0===s||a(e);if(o){for(r in e)if(t.call(n,e[r],r,e)===!1)break}else for(i=0;s&gt;i&amp;&amp;t.call(n,e[i],i,e)!==!1;i++);return e}}var a=e("instant_search/util/isFunction");n.exports=r}),define("instant_search/util/emptyFunction",["require","exports","module"],function(e,t,n){"use strict";n.exports=new Function}),define("instant_search/util/extend",["require","exports","module","instant_search/util/hasOwn"],function(e,t,n){"use strict";function r(e){var t,n,r,i;for(e=e||{},n=arguments.length,t=1;n&gt;t;t++){r=arguments[t];for(i in r)a(r,i)&amp;&amp;(e[i]=r[i])}return e}var a=e("instant_search/util/hasOwn");n.exports=r}),define("instant_search/util/hasOwn",["require","exports","module"],function(e,t,n){"use strict";var r=Object.prototype.hasOwnProperty;n.exports=function(e,t){return r.call(e,t)}}),define("instant_search/util/isFunction",["require","exports","module","instant_search/util/type"],function(e,t,n){"use strict";function r(e){return"function"===a(e)}var a=e("instant_search/util/type");n.exports=r}),define("instant_search/util/isPlainObject",["require","exports","module","instant_search/util/type"],function(e,t,n){function r(e){return null!=e&amp;&amp;e==e.window}function a(e){return"object"==s(e)}function i(e){return a(e)&amp;&amp;!r(e)&amp;&amp;Object.getPrototypeOf(e)==Object.prototype}var s=e("instant_search/util/type");n.exports=i}),define("instant_search/util/log",["require","exports","module"],function(e,t,n){"use strict";var r={},a=null,i=window.__sam_async_debug&amp;&amp;window.page&amp;&amp;page.comm&amp;&amp;page.comm.useNewIs,s=i;["log","info","error","warn"].forEach(function(e){r[e]=function(){if(i&amp;&amp;(console[e].apply(console,arguments),s)){var t=document.createElement("div");t.style.cssText=["color: "+{log:"black",info:"blue",error:"red",warn:"#adad00"}[e]+";","text-align: left;","border-bottom: 1px dashed;"].join(""),t.textContent=[].slice.call(arguments).map(function(e){return JSON.stringify(e)}).join(", "),a.insertBefore(t,a.childNodes[0])}}}),s&amp;&amp;(a=document.createElement("div"),a.style.cssText=["position: fixed;","bottom: 100px;","left: 0;","width: 100%;","height: 150px;","background-color: rgba(255, 255, 255, 0.8);","border-top: 1px solid;","border-bottom: 1px solid;","border-color: #aaa;","z-index: 10;","overflow: auto;"].join(""),document.body.appendChild(a),a.textContent="is log. fis compile time: __FIS_COMPILE_TIME__"),n.exports=r}),define("instant_search/util/queueApply",["require","exports","module"],function(e,t,n){"use strict";function r(e,t,n){var r,s,o;if(a.push([e,t,n]),!i){for(i=!0;r=a.length;){for(s=0;r&gt;s;s++)o=a[s],o[0].apply(o[1],o[2]);a.splice(0,r)}i=!1}}var a=[],i=!1;n.exports=r}),define("instant_search/util/queueCall",["require","exports","module","instant_search/util/queueApply","instant_search/util/slice"],function(e,t,n){"use strict";function r(e,t){return a(e,t,i(arguments,2))}var a=e("instant_search/util/queueApply"),i=e("instant_search/util/slice");n.exports=r}),define("instant_search/util/slice",["require","exports","module"],function(e,t,n){"use strict";function r(e,t,n){switch(arguments.length){case 0:return[];case 1:return a.call(e);case 2:return a.call(e,t);default:return a.call(e,t,n)}}var a=Array.prototype.slice;n.exports=r}),define("instant_search/util/toCamelCase",["require","exports","module"],function(e,t,n){n.exports=function(e,t){var n=e.replace(/-+(.)?/g,function(e,t){return t?t.toUpperCase():""});return t?n[0].toUpperCase()+n.slice(1):n}}),define("instant_search/util/trim",["require","exports","module"],function(e,t,n){"use strict";function r(e){return null==e?"":String.prototype.trim.call(e)}n.exports=r}),define("instant_search/util/type",["require","exports","module"],function(e,t,n){"use strict";function r(e){return null==e?String(e):c[o.call(e)]||"object"}var a,i,s=["Boolean","Number","String","Function","Array","Date","RegExp","Object"],o=Object.prototype.toString,c={};for(a=s.length;a--;)i=s[a],c["[object "+i+"]"]=i.toLowerCase();n.exports=r}),define("instant_search/util/unimplementedFunction",["require","exports","module"],function(e,t,n){"use strict";n.exports=function(){throw new Error("method is not implemented.")}}),define("instant_search/view/Render",["require","exports","module","instant_search/util/derive","instant_search/EventEmitter","instant_search/util/each","instant_search/util/slice","instant_search/util/log","instant_search/util/emptyFunction"],function(e){"use strict";var t=e("instant_search/util/derive"),n=e("instant_search/EventEmitter"),r=(e("instant_search/util/each"),e("instant_search/util/slice")),a=e("instant_search/util/log"),i=e("instant_search/util/emptyFunction");return t(n,function(e){n.call(this),this._timeRecorder=e},{_rendering:!1,_pageWrapperContent:"",_headJsContent:"",_renderingStream:null,render:function(e,t){var n=this;t=t||i,n._rendering=!0,n._renderingStream=e.stream,n._renderingStream.read(function(r){n._processAction(r,e,function(){n._rendering=!1,n._renderingStream=null,t()})})},cancelRender:function(){this._renderingStream&amp;&amp;this._renderingStream.cancelRead(),this._rendering=!1,this._renderingStream=null},_processAction:function(e,t,n){var r,s,o=this,c=window.B&amp;&amp;B.search&amp;&amp;B.search.Search||{trigger:i,one:i};switch(e.type){case"start":c.trigger("start");break;case"block":r=e.data,a.log("render.block","start",r.id),o._processBlock(r,t.root,t.renderFrame,t.insertPoint),a.log("render.block","end",r.id);break;case"end":a.log("render.end, dispatch event"),c.trigger("ready"),c.trigger("init"),$("img[data-imagedelaysrc]").not('[data-imageinvisible="1"]').imageDelayload(),c.trigger("load"),c.trigger("DOMContentLoaded"),$(".se-bn").blur(),s=t.stream.getMetaInfo()&amp;&amp;t.stream.getMetaInfo().realword||"",window.Bdbox&amp;&amp;Bdbox.updateKeyword&amp;&amp;Bdbox.updateKeyword(s,!0),s||a.error("Bdbox.updateKeyword 未取到realword!"),a.log("render.end, before end callback"),n()}},_processBlock:function(e,t,n,r){switch(e.id){case"status":this._timeRecorder.add("head");break;case"sug_predict_err":break;case"head_js0":case"head_js1":case"head_js2":this._headJsContent+=e.content;break;case"head_js3":this._headJsContent+=e.content,n?this._pageWrapperContent+=this._headJsContent:this._appendHTML(t,this._headJsContent),this._headJsContent="";break;case"frame":n&amp;&amp;this._appendHTML(t,e.content);break;case"frame_pagewrapper":n&amp;&amp;(this._pageWrapperContent+=e.content);break;case"page_variable":n?this._pageWrapperContent+=e.content:this._appendHTML(t,e.content);break;case"page_pre":n?this._pageWrapperContent+=e.content:this._appendHTML(t,e.content,r);break;case"new_tablink":$(".se-head-tablink").remove(),n?this._pageWrapperContent+=e.content:this._appendHTML(document.querySelector(".se-page-hd-content"),e.content);break;case"page_bd":n?this._pageWrapperContent+=e.content:(this._appendHTML(t,e.content,r),this._afterRenderPageBd(t));break;case"frame_pagewrapper_end":n&amp;&amp;(this._pageWrapperContent+=e.content,this._appendHTML(t,this._pageWrapperContent),this._afterRenderPageBd(t),this._pageWrapperContent="");break;case"foot_js0":case"foot_js1":case"foot_js2":this._appendHTML(t,e.content)}},_appendHTML:function(e,t,n){var a=document.createElement("DIV");a.innerHTML=t;var i,s=r(a.getElementsByTagName("script"));if(n)for(e=n.parentNode;a.firstChild;)e.insertBefore(a.firstChild,n);else for(;a.firstChild;)e.appendChild(a.firstChild);for(var o=0;o&lt;s.length;++o)i=s[o].innerHTML,this._executeScript(i)},_executeScript:function(e){var t;try{t=new Function(e),t.call(null)}catch(n){setTimeout(function(){throw n},0)}},_applyStyle:function(e,t){var n=document.createElement("STYLE"),r=document.createTextNode(t);n.appendChild(r),e.appendChild(n)},_afterRenderPageBd:function(e){var t=document.querySelector(".se-page-ft"),n=document.querySelector(".se-page-copyright"),r=e.querySelector(".result-loading");r&amp;&amp;(r.style.display="none"),t&amp;&amp;(t.style.visibility="visible"),n&amp;&amp;(n.style.visibility="visible")}})}),define("instant_search/view/Stream",["require","exports","module","instant_search/util/derive","instant_search/EventEmitter","instant_search/util/each","instant_search/util/log","instant_search/util/emptyFunction","instant_search/Request"],function(e){"use strict";var t=e("instant_search/util/derive"),n=e("instant_search/EventEmitter"),r=e("instant_search/util/each"),a=e("instant_search/util/log"),i=e("instant_search/util/emptyFunction"),s=e("instant_search/Request"),o=0,c=1,u=2,d=3,l=t(n,function(e){n.call(this),this._request=e,this._buffer=[]},{_request:null,_status:o,_processCallback:i,_buffer:null,_source:null,_metaInfo:null,_req:null,getStatus:function(){return this._status},getMetaInfo:function(){return this._metaInfo},getUrl:function(){return this._req&amp;&amp;this._req.getUrl()},getReqStatus:function(){return this._req?this._req.getStatus():s.STATUS_DEFAULT},bind:function(e,t){this.unbind(),this._status=c,this._req=t,e.on("start",this._onStart,this),e.on("block",this._onBlock,this),e.on("end",this._onEnd,this),e.on("fail",this._onFail,this)},unbind:function(){null!==this._source&amp;&amp;(this._source.off("start",this._onStart,this),this._source.off("block",this._onBlock,this),this._source.off("end",this._onEnd,this)),this._status=o},read:function(e){this._processCallback=e,this._replay()},cancelRead:function(){this._processCallback=i},_onStart:function(){a.log("stream","start"),this._status===c&amp;&amp;(this._status=u);var e={type:"start"};this._buffer.push(e),this._processCallback(e)},_onBlock:function(e){a.log("stream","block",e.id);var t={type:"block",data:e};this._buffer.push(t),this._processCallback(t),"status"===e.id&amp;&amp;(this._metaInfo=e.json,this.emit("metaInfo",e.json))},_onEnd:function(){a.log("stream","end"),this._status===u&amp;&amp;(this._status=d);var e={type:"end"};this._buffer.push(e),this._processCallback(e),this.emit("finish")},_onFail:function(){a.log("stream","fail"),this.emit("fail")},_replay:function(){r(this._buffer,function(e){this._processCallback(e)},this)},stringify:function(){return JSON.stringify({})}});return l.STAT_INIT=o,l.STAT_WAITING=c,l.STAT_RECEIVING=u,l.STAT_FINISHED=d,l}),define("instant_search/view/View",["require","exports","module","instant_search/util/derive","instant_search/EventEmitter","instant_search/util/each","instant_search/util/log","instant_search/view/Render","instant_search/util/emptyFunction"],function(e){"use strict";var t=e("instant_search/util/derive"),n=e("instant_search/EventEmitter"),r=(e("instant_search/util/each"),e("instant_search/util/log")),a=e("instant_search/view/Render"),i=e("instant_search/util/emptyFunction"),s=0,o=1,c=2;return t(n,function(e){n.call(this),this._render=new a(e.timeRecorder),this._root=e.root,this._container=e.container,e.fromSync&amp;&amp;this._markFrameDone(),this._afterFrameDone={needDestroy:!1,needRender:!1,renderedStream:null}},{_render:null,_root:null,_container:null,_afterFrameDone:null,_rendering:!1,_frameStatus:s,_insertPoint:null,_lastRenderCanceled:!1,_lastQuery:null,render:function(e){var t=this;switch(t._lastRenderCanceled=!1,t._frameStatus){case s:r.log("render","渲染框架+结果"),t._rendering=!0,t._frameStatus=o,t._render.render({renderFrame:!0,stream:e,root:t._root,insertPoint:t._insertPoint},function(){r.log("render","框架渲染完成"),t._rendering=!1,t._markFrameDone(),t._afterFrameDone.needDestroy&amp;&amp;(r.log("render","框架渲染完，补destroy"),t.destroy()),t._afterFrameDone.needRender&amp;&amp;(r.log("render","框架渲染完，补render"),t.render(t._afterFrameDone.renderedStream))});break;case c:r.log("render","渲染结果"),t._rendering=!0,t._render.render({renderFrame:!1,stream:e,root:t._root,insertPoint:t._insertPoint},function(){r.log("render","内容渲染完成"),t._rendering=!1,t._lastRenderCanceled&amp;&amp;r.error("renderCanceled, but finished still")});break;case o:r.log("render","框架渲染中，等待其完成后进行渲染"),t._afterFrameDone.needRender=!0,t._afterFrameDone.renderedStream=e}},destroy:function(){switch(this._frameStatus){case s:r.log("destroy","无框架，无效destroy");break;case c:r.log("destroy","destroy"),this._rendering&amp;&amp;(r.log("destroy","【取消上次未完成的render】"),this._render.cancelRender(),this._rendering=!1,this._lastRenderCanceled=!0),this._destroyResults();break;case o:r.log("destroy","【框架渲染中，待其完成后进行destroy】"),this._afterFrameDone.needDestroy=!0,this._afterFrameDone.needRender=!1,this._afterFrameDone.renderedStream=null}},updateQuery:function(e){e!==this._lastQuery&amp;&amp;(this._lastQuery=e,document.title=e?e+" - 百度":"百度一下",this._frameStatus===c&amp;&amp;(window.page&amp;&amp;page.comm&amp;&amp;(page.comm.query=encodeURIComponent(e)),$(".se-input").val(e),e&amp;&amp;$("a.h-tab, .more-links&gt;a").forEach(function(t){var n,r=t.getAttribute("href"),a=/([?&amp;]word=|[?&amp;]kw=|[?&amp;]w=|[?&amp;]search-|[?&amp;]key=|[?&amp;]s=s%26wd%3D|#search\/|#search=)(.*?)(&amp;|$)/i,i="地图"===t.innerText.trim();r&amp;&amp;(t.setAttribute("href",r.replace(a,"$1"+encodeURIComponent(e)+"$3")),i&amp;&amp;(n=t.getAttribute("data-schema"),t.setAttribute("data-schema",n.replace(/([?&amp;]query=)(.*?)(&amp;|$)/,"$1"+encodeURIComponent(e)+"$3"))))})))},attach:function(){this._container.appendChild(this._root)},detach:function(){this._container.removeChild(this._root)},_destroyResults:function(){var e=this,t=window.page&amp;&amp;page.search&amp;&amp;page.search.Search||{trigger:i,one:i,restoreEvent:i};t.trigger("stop"),e._destroyDom(),t.trigger("destroy"),t.one("afterdestroy",function(){t.restoreEvent(),e.emit("afterdestroy")})},_destroyDom:function(){var e;(new Date).getTime(),$(".se-input").trigger("blur"),$(".se-page-tips,.results,.se-relativewords").empty(),$("#search-btm-zone,.se-pagenav").hide();var t=document.querySelector(".se-page-ft"),n=document.querySelector(".se-page-copyright"),r=document.querySelector(".se-foot-blank");t&amp;&amp;(t.style.display="",t.style.visibility="hidden"),n&amp;&amp;(n.style.display="",n.style.visibility="hidden"),r&amp;&amp;(r.style.display=""),$(".result-loading").show(),$(".se-page-hd").css({visibility:"visible"}),$(".se-foot-blank~*").remove(),$(".search-page~div").remove(),$(".se-page-bd,.se-page-pre-style,.se-common-base,.se-async-js").remove(),$("head&gt;script:not(.code-to-write)").remove(),$("body&gt;script:not([data-key])").remove(),$("body&gt;style:not([data-key])").remove(),$(".se-zbios-hide,#searchwordtobox").remove(),e=(new Date).getTime()},_markFrameDone:function(){this._frameStatus=c,this._insertPoint=this._root.querySelector(".se-page-ft"),this.emit("framedone")}})}),!function(){var e=window.B||{};if("undefined"==typeof e.prefetch){var t=0,n=!1;e.prefetch=function(){var r=function(){var e=0,t=1,n=-1,r=function(e){return e},a=function(t,n){$.isFunction(t)||(t=r),$.isFunction(n)||(n=r);var a=this;a.ok=t,a.ng=n,a._nexts=[],a.state=e};return a.prototype={_addOK:function(e){add(this,this.oks,e,this.args,t)},_addNG:function(e){add(this,this.ngs,e,this.errs,n)},_pushOrFire:function(e){var r=this,a=e.promise,i=e.ok,s=e.ng;r.state==t?r._fireNextOK(a,i):r.state==n?r._fireNextNG(a,s):r._nexts.push(e)},_fireNextOK:function(e,t){var n=this,r=t.call(e,n.okResult);r instanceof a?r.then(function(t){e.resolve(t)},function(t){e.reject(t)}):e.resolve(r)},_fireNextNG:function(e,t){var n=this,r=t.call(e,n.ngResult);r instanceof a?r.then(function(t){e.resolve(t)},function(t){e.reject(t)}):e.reject(r)},then:function(e,t){var n=this,i=new a;return $.isFunction(e)||(e=r),$.isFunction(t)||(t=r),n._pushOrFire({promise:i,ok:e,ng:t}),i},resolve:function(n){var r=this,a=r._nexts;if(r.state==e){for(r.state=t,r.okResult=r.ok.call(r,n);a.length&gt;0;)r._pushOrFire(a.shift());return r}},reject:function(t){var r=this,a=r._nexts;if(r.state==e){for(r.state=n,r.ngResult=r.ng.call(r,t);a.length&gt;0;)r._pushOrFire(a.shift());return r}},delay:function(e){return this.then(function(t){var n=new a;return setTimeout(function(){n.resolve(t)},e),n})}},a.when=function(e,t,n){return e.then(t,n)},a.now=(new a).resolve(),a}(),a=$("#commonBase"),i=1,s=2,o=-1,c=-2,u=function(){return(new Date).getTime()},d={cache:{},events:$("&lt;div &gt;&lt;/div&gt;"),cacheLife:2e4,isid:a.attr("data-logid"),buildSearchUrl:function(t,n){var r=e.comm.prepath,i="/s?word="+encodeURIComponent(t)+"&amp;ie=utf-8&amp;tn=iphone&amp;rn=10&amp;wpo=base&amp;"+r.replace(/#/g,"&amp;");for(var s in n){var o=n[s];i+="&amp;"+s+"="+o}var c=a.data("ss");return c&amp;&amp;"0"!==c&amp;&amp;"00"!==c&amp;&amp;(i+="&amp;ss="+c),i},buildSearchParams:function(t,n){var r={},i=u().toString();return r.ts=i.substr(-7),"from pu st sa rq dit ms".split(" ").forEach(function(t){if("from"==t||"sa"==t||"ms"==t)var n=e.comm[t];else var n=a.attr("data-"+t);n&amp;&amp;"0"!==n&amp;&amp;"00"!==n&amp;&amp;(r[t]=n)}),r.mod=1,r.isid=d.isid,r=$.extend(r,n)},onPrefetchFailed:function(e,t){delete d.cache[e],t.promise.reject(t)},prefetchWord:function(e){var t,n=e.word,a=d.buildSearchUrl(n,e.params),l=d.getCacheObj(n);if(l&amp;&amp;(l.status===s||l.status===i))return l;"jsonp"===e.type?(a+="&amp;callback=?",t="jsonp"):"ajax"===e.type&amp;&amp;(t="json"),l=d.cache[n]={promise:new r,word:n,item:e,status:i,timestamp:u()},l.promise.cacheObj=l;var h=$.ajax({url:a,dataType:t,timeout:3e4,beforeSend:function(){d.events.trigger("beforeSend",e)},success:function(e){return e&amp;&amp;e.status&gt;=0?(l.successTimestamp=u(),l.status=s,l.data=e,void l.promise.resolve(l)):d.onPrefetchFailed(n,l)},error:function(e,t){l.status!==s&amp;&amp;(l.status="abort"===t?c:o,d.onPrefetchFailed(n,l))}});return l.xhr=h,l},abortCurrentRequests:function(e){var t=u();for(var n in d.cache){for(var r=!1,a=d.cache[n],o=0,c=e.length;c&gt;o;++o){var l=e[o];if(l.word===n&amp;&amp;(a.status===s||a.status===i)&amp;&amp;t-a.timestamp&lt;d.cacheLife){r=!0;break}}r||(a.status===i&amp;&amp;a.xhr.abort(),delete d.cache[n])}},prefetchWords:function(e){0!=e.length&amp;&amp;(e.forEach(function(){}),clearTimeout(n),n=setTimeout(function(){d.abortCurrentRequests(e),e.forEach(d.prefetchWord)},t))},getCacheStatus:function(e){if(!e)return 0;if("string"==typeof e&amp;&amp;(e=d.cache[e]),!e)return 0;if(!e.data)return 0;if(!e.data.html)return 0;if(!e.data.html.Html_copyright)return 0;if(!e.data.html.Ala_Script)return 0;if(!e.data.html.cooder_js_top&amp;&amp;!e.data.lscode)return 0;var t=u();if(t-e.timestamp&lt;d.cacheLife){var n=e.status;return n===s?e.data.html.cooder_js_top?4:2:n===i?1:0}return 0},getCacheObj:function(e){return d.cache[e]||!1},search:function(e,t,n){d.abortCurrentRequests([e]);var r=e.word,a=d.cache[r],i=0;return a&amp;&amp;a.status!==o&amp;&amp;a.status!==c?i=a.status===s?2:1:(e.params.mod=0,a=d.prefetchWord(e),i=0),a.cacheStatus=i,a.searchTimestamp=u(),a.promise.then(function(){setTimeout(function(){t(a.data),u()},0)},n),a},confirm:function(e){var t=d.buildSearchUrl(e.word,$.extend({},e.item.params,{mod:2,chk:e.data.chk,cqid:e.data.logid,rsv_iqid:e.data.logid}));$.ajax({url:t,dataType:"ajax",timeout:3e4,success:function(){},error:function(){},complete:function(){delete d.cache[e.word]}})}};return d}()}}(),define("modules/invoke/app/android",["require","base/etpl/bdetpl"],function(e){var t=e("base/etpl/bdetpl");return function(e){e.invoke=function(e){if(-1!==["qrcode","voice","index","#Intent;"].indexOf(e)){var t=window.page.comm.browserid,n=window.page.comm.browserversion,r=[t,n].join("|"),a="";if("qrcode"===e){var i=["#Intent","launchFlags=0x20000","component=com.baidu.searchbox/.CodeScannerActivity","S.referer="+encodeURIComponent(location.href),"S.source_app="+encodeURIComponent(r),"end"].join(";");a=["#Intent;action=com.baidu.searchbox.plugin.action.INVOKE","S.package_name=com.baidu.searchbox.godeye","S.method_name=imageSearch","S.params="+JSON.stringify({intent:i}),"end"].join(";")}else"voice"===e&amp;&amp;(a=["intent:#Intent","package=com.baidu.searchbox","action=com.baidu.searchbox.action.VOICESEARCH","category=android.intent.category.DEFAULT","S.search_source=api_mbaiducom_voice","end"].join(";"));return{intent:a,mcmdf:"inapp_boxserver"}}},e.downloadPannel=function(e){var n=new $.Deferred,r="让您不用打字，说话就能搜索",a="https://downpack.baidu.com/baidusearch_AndroidPhone_1001608l.apk";"qrcode"===e&amp;&amp;(r="让您扫一扫二维码/条形码就能搜索",a="https://downpack.baidu.com/baidusearch_AndroidPhone_1001608m.apk");var i='&lt;div id="J_SpeakerMask"&gt;\n    &lt;style&gt;\n        #J_SpeakerMask {\n            width: 100%;\n            background: rgba(0, 0, 0, 0.3);\n            position: fixed;\n            z-index: 90;\n            top: 0;\n            left: 0;\n            height: ${maskHeight};\n        }\n        #J_SpeakerPopup {\n            width: 290px;\n            height: auto;\n            background-color: white;\n            position: fixed;\n            top: 50%;\n            left: 50%;\n            margin-top: -100px;\n            margin-left: -145px;\n            z-index: 99;\n            text-align: left;\n            -webkit-border-radius: 2px;\n        }\n        #J_SpeakerPopup .j-tip-text-1 {\n            color:#262626;\n            font-size: 15px;\n            line-height: normal;\n            font-family: bold;\n            padding: 20px 0px 7px 16px; \n        }\n        #J_SpeakerDownload {\n            display: inline-block;\n            text-decoration: none;\n            width: 148px;\n            background-color: #9AC4FF;\n            border:1px solid #7da9f2;\n            color:#fff;\n            text-align: center;\n            box-sizing: border-box;\n        }\n        #J_SpeakerPopup .j-tip-text-2 {\n            font-size: 15px;\n            padding: 0px 16px 10px;\n            color:#2A8DE8;\n        }\n        #J_SpeakerPopup .j-tip-text-3 {\n            margin-top: 4px;\n            font-size: 13px;\n            padding: 0px 16px 22px;\n            height: 30px;\n            line-height: 29px;\n        }\n        #J_SpeakerPopup .j-tip-text-4 {\n            display: inline-block;\n            vertical-align: middle;\n            margin-right: 5px;\n            width: 11px;\n            height: 16px;\n            background-repeat: no-repeat;\n            background-image: url(data:image/png;base64,iVBORw0KGgoAAAANSUhEUgAAABYAAAAaCAYAAACzdqxAAAAAGXRFWHRTb2Z0d2FyZQBBZG9iZSBJbWFnZVJlYWR5ccllPAAAANlJREFUeNpi/P//PwNNAMhgAvjwf0xwmJA+RgIu5gfiDzjkBID4Iy6NowaPGow9HVf/pz5YAXKxFtD8Y1DXUQN8AWJnWE6xBOJvVHDpTyB2AgcvUjb0hkqQC/4AcQjMPPQ8HkWBwWnIZmErQDLJMLQC3RxcpVMjCYb2YjMDX9E3jQhDl+LST6gsXorH0I1AzEyuwWxAvAWLoQeAmBOfXmJqEJABJ5EMvQTE/JTWIMhlxgEg5gRiWyB+TUgDIwmVKchQZmiWZaCmwSQBkMH/h5zB36DhR1UAEGAAJuqUH+G98EYAAAAASUVORK5CYII=);\n            background-size: 11px 11px;\n            -webkit-background-size: 11px 11px;\n        }\n        #J_SpeakerPopup .j-tip-text-5 {\n            display: inline-block;\n            text-decoration: none;\n            color: #888;\n            text-align: center;\n        }\n        #J_SpeakerPopup .j-tip-text-6 {\n            display: inline-block;\n            padding-left: 14px;\n        }\n        #J_SpeakerPopup .j-tip-text-7 {\n            display: inline-block;\n            width: 7px;\n            height: 10px;\n            margin-left: 5px;\n            background-repeat: no-repeat;\n            background-image: url(data:image/png;base64,iVBORw0KGgoAAAANSUhEUgAAAA4AAAAUCAYAAAC9BQwsAAAAGXRFWHRTb2Z0d2FyZQBBZG9iZSBJbWFnZVJlYWR5ccllPAAAASJJREFUeNpi/P//PwM5gAVE3Lx5E0QxAvE8IN4IxBvwaVJXV2dggrJBmqYDcQIQrwRid0I2wjT2AHE6lM0GxOuA2J4YjR/RxLmAeBMQmxPS2ATE7WhyfEC8A4j18WkEgSog7keTFwDi3UCsiU8jCBQD8TQ0MVEg3gXEKvg0giI1BxotyEAGarMMLo0wzWlAvARNXAGI9wGxGC6NIPAXiLOA+AOauCo0nnFqBMXlGmjgIANQtJXj0sgKxKuA2A1N/BsQ+wLxKWwamYF4ERD7o4n/AuIAID6MLXBA6XUWEEdg0RQKDVWs0TERiJOwBFI8NPlhTQCtQJyLI1pW4Etyj6EKkUE+loSAoXEGVCFMcyUQTyZYAkDBZGioCgNxB6GMDBBgACgnNUyMEDKwAAAAAElFTkSuQmCC);\n            background-size: 7px 10px;\n            -webkit-background-size: 7px 10px;\n        }\n        #J_SpeakerPopup .j-tip-text-8 {\n            position: absolute;\n            right: 0px;\n            top: 0px;\n            width: 50px;\n            height: 50px;\n            background-image: url(data:image/png;base64,iVBORw0KGgoAAAANSUhEUgAAAB4AAAAeCAYAAAA7MK6iAAAAGXRFWHRTb2Z0d2FyZQBBZG9iZSBJbWFnZVJlYWR5ccllPAAAASVJREFUeNrE17EKgzAQBmB79CGcAk4+RaGLfYxOvpTg1Meoi9CnyCQ4+RKFRrhICEbvLgcN3GCT/F+HeMFL13XFPwZEz6WrtyujaBjMLFPwOjG6alx9lHCDWQ1mlzHs0TraYBRQn1GHuIdfAVoo4Km9NVob3LqaGQEStECjDeH1h5sCfoZuBqQmBDgZ3XudpDgL3YMlOBtNwRxchB7BVHyUoGcwBa8kKAUmB3HXArEpUAI5f5AM+/EVzolhgwepOlhTcdorKKHs9grEoNTpFfd2yOi995zeDhnolHOxgLDhT7kXC+TeMlIcFFARDkooG/dwr4BS8T6En66sAnq216K1wQu+IlYBTeEWjSU+XB4fFNAYH0J0Hddo4TrxUP4+m/cyfwIMAIRDjD+sLrvPAAAAAElFTkSuQmCC);\n            background-size: 15px 15px;\n            -webkit-background-size: 15px 15px;\n            background-repeat: no-repeat;\n            background-position: 26px 10px\n        }\n    &lt;/style&gt;\n    &lt;div id="J_SpeakerPopup"&gt;\n        &lt;div class="j-tip-text-1"&gt;\n            即将为您下载手机百度\n        &lt;/div&gt;\n        &lt;div class="j-tip-text-2"&gt;\n            ${text}\n        &lt;/div&gt;\n        &lt;div class="j-tip-text-3"&gt;\n            &lt;a id="J_SpeakerDownload" data-href="${downloadUrl}"&gt;\n                &lt;span class="j-tip-text-4"&gt;&lt;/span&gt;\n                &lt;span&gt;立即下载&lt;/span&gt;\n            &lt;/a&gt;\n            &lt;a class="J_SpeakerCancel j-tip-text-5" href="javascript:;"&gt;\n                &lt;span class="j-tip-text-6"&gt;以后再说&lt;/span&gt;\n                &lt;span class="j-tip-text-7"&gt;&lt;/span&gt;\n            &lt;/a&gt;\n        &lt;/div&gt;\n        &lt;div class="J_SpeakerCancel j-tip-text-8"&gt;\n        &lt;/div&gt;\n    &lt;/div&gt;\n&lt;/div&gt;',s=t.compile(i)({text:r,downloadUrl:a,maskHeight:""+($(window).height()+300)+"px"});return $(s).appendTo("body"),$(".J_SpeakerCancel, #J_SpeakerDownload").one("click",function(){if($("#J_SpeakerPopup, #J_SpeakerMask").remove(),"J_SpeakerDownload"===this.id){var e=$(this).data("href");n.resolve(),setTimeout(function(){location.href=e},500)}else n.reject();return!1}),n.promise()}}}),define("modules/invoke/app/ios",["require"],function(){return function(e){e.invoke=function(e){var t=page.comm.browserid,n=page.comm.browserversion,r=["source_app="+[t,n].join("|"),"referer="+location.href].join("&amp;"),a={qrcode:"baiduboxapp://imagesearch?caller=wise_search&amp;args="+encodeURIComponent(r),voice:"baiduboxapp://voicesearch?opennewwindow&amp;caller=wise_search&amp;args="+encodeURIComponent(r)};return a[e]},e.downloadPannel=function(e){var t=new $.Deferred,n="安装百度客户端，使用条码、二维码识别！（还有神奇的明星脸 CD封面 图书识别哦~）",r="itms-apps://itunes.apple.com/cn/app/shou-ji-bai-du-xiao-shuo-zui/id382201985?pt=328057&amp;ct=pic1-20120226&amp;mt=8";return"voice"===e&amp;&amp;(n="让您不用打字，说话就能搜索",r="itms-apps://itunes.apple.com/cn/app/shou-ji-bai-du-xiao-shuo-zui/id382201985?pt=328057&amp;ct=voice1-20120226&amp;mt=8"),window.confirm(n)?(t.resolve(),location.href=r):t.reject(),t.promise()}}}),define("modules/invoke/app/app",["require","pmd/deps/detect","modules/invoke/invokebox","modules/invoke/app/ios","modules/invoke/app/android"],function(e){var t=e("pmd/deps/detect"),n=e("modules/invoke/invokebox"),r="ios"===t.os.n,a={log:function(e,t,n,r){"function"==typeof n&amp;&amp;(r=n,n={}),page.log.send($.extend({ct:3,cst:2,clk_from:e,clk_info:t},n),r)}},i=new n,s=$('[data-formposition="t"]').add('[data-formposition="b"]');s.find(".se-input").on("focus",function(){$(this).closest(".se-form").addClass("focus")}).on("blur",function(){$(this).closest(".se-form").removeClass("focus")}),s.find(".baiduapp-icon").on("click",function(){var e=$(this).closest(".callicon-wrap");e.toggleClass("open");var t=$(this).closest(".se-form").data("formposition");return a.log(t,e.hasClass("open")?1:2),!1}),s.find(".call").on("click",function(){var e=$(this).closest(".se-form").data("formposition"),t=$(this).hasClass("qrcode")?"qrcode":"voice";a.log(e,"qrcode"===t?3:4),"qrcode"!==t&amp;&amp;"ready"===i.status&amp;&amp;(schemaUrl=a.invoke(t),i.open({showTip:!1,from:"qrcode"===t?"":"neibu_sousuojieguoye_yuyinsousuo",channel:"qrcode"===t?"1001608m":"1019696j",iosScheme:r?schemaUrl:"",androidCommand:$.extend({mode:"0",minver:"6.9.1"},r?{}:schemaUrl),failCallback:function(){a.downloadPannel(t).done(function(){a.log(e,"qrcode"===t?5:6)}),a.log(e,9,{clk_extra:"qrcode"===t?1:2})}}))}),$(function(){var e=document.createElement("script");e.src="//graph.baidu.com/mms/graph/static/resource/sdk/mobile-wise.js?v="+ +new Date,e.async=!0,e.onload=e.onreadystatechange=function(){BD_MMS.ready(function(){BD_MMS.initGraph({id:s.find(".call.qrcode"),tn:"wise",maxSize:8388608,stat:{srcp:"sousuojieguoye"}})})},e.onerror=function(){e.onerror=null,e=null},document.getElementsByTagName("head")[0].appendChild(e)});var o=e("modules/invoke/app/ios"),c=e("modules/invoke/app/android");return page&amp;&amp;page.comm&amp;&amp;page.comm.isAndroid?c(a):o(a),a}),require(["modules/invoke/app/app"],function(e){page.App=page.App||{},page.App=$.extend(page.App,e)}),!function(){"use strict";function e(t,r){function a(e,t){return function(){return e.apply(t,arguments)}}var i;if(r=r||{},this.trackingClick=!1,this.trackingClickStart=0,this.targetElement=null,this.touchStartX=0,this.touchStartY=0,this.lastTouchIdentifier=0,this.touchBoundary=r.touchBoundary||10,this.layer=t,this.tapDelay=r.tapDelay||200,this.tapTimeout=r.tapTimeout||700,!e.notNeeded(t)){for(var s=["onMouse","onClick","onTouchStart","onTouchMove","onTouchEnd","onTouchCancel"],o=this,c=0,u=s.length;u&gt;c;c++)o[s[c]]=a(o[s[c]],o);n&amp;&amp;(t.addEventListener("mouseover",this.onMouse,!0),t.addEventListener("mousedown",this.onMouse,!0),t.addEventListener("mouseup",this.onMouse,!0)),t.addEventListener("click",this.onClick,!0),t.addEventListener("touchstart",this.onTouchStart,!1),t.addEventListener("touchmove",this.onTouchMove,!1),t.addEventListener("touchend",this.onTouchEnd,!1),t.addEventListener("touchcancel",this.onTouchCancel,!1),Event.prototype.stopImmediatePropagation||(t.removeEventListener=function(e,n,r){var a=Node.prototype.removeEventListener;"click"===e?a.call(t,e,n.hijacked||n,r):a.call(t,e,n,r)},t.addEventListener=function(e,n,r){var a=Node.prototype.addEventListener;"click"===e?a.call(t,e,n.hijacked||(n.hijacked=function(e){e.propagationStopped||n(e)}),r):a.call(t,e,n,r)}),"function"==typeof t.onclick&amp;&amp;(i=t.onclick,t.addEventListener("click",function(e){i(e)},!1),t.onclick=null)}}var t=navigator.userAgent.indexOf("Windows Phone")&gt;=0,n=navigator.userAgent.indexOf("Android")&gt;0&amp;&amp;!t,r=/iP(ad|hone|od)/.test(navigator.userAgent)&amp;&amp;!t,a=r&amp;&amp;/OS 4_\d(_\d)?/.test(navigator.userAgent),i=r&amp;&amp;/OS ([6-9]|\d{2})_\d/.test(navigator.userAgent);navigator.userAgent.indexOf("BB10")&gt;0,e.prototype.needsClick=function(e){switch(e.nodeName.toLowerCase()){case"button":case"select":case"textarea":if(e.disabled)return!0;break;case"input":if(r&amp;&amp;"file"===e.type||e.disabled)return!0;break;case"label":case"iframe":case"video":return!0}return/\bneedsclick\b/.test(e.className)},e.prototype.needsFocus=function(e){switch(e.nodeName.toLowerCase()){case"textarea":return!0;case"select":return!n;case"input":switch(e.type){case"button":case"checkbox":case"file":case"image":case"radio":case"submit":return!1}return!e.disabled&amp;&amp;!e.readOnly;default:return/\bneedsfocus\b/.test(e.className)}},e.prototype.sendClick=function(e,t){var n,r;document.activeElement&amp;&amp;document.activeElement!==e&amp;&amp;document.activeElement.blur(),r=t.changedTouches[0],n=document.createEvent("MouseEvents"),n.initEvent(this.determineEventType(e),!0,!0),n.forwardedTouchEvent=!0,e.dispatchEvent(n)},e.prototype.determineEventType=function(e){return n&amp;&amp;"select"===e.tagName.toLowerCase()?"mousedown":"click"},e.prototype.focus=function(e){var t;r&amp;&amp;e.setSelectionRange&amp;&amp;0!==e.type.indexOf("date")&amp;&amp;"time"!==e.type&amp;&amp;"month"!==e.type?(t=e.value.length,e.setSelectionRange(t,t)):e.focus()},e.prototype.updateScrollParent=function(e){var t,n;if(t=e.fastClickScrollParent,!t||!t.contains(e)){n=e;do{if(n.scrollHeight&gt;n.offsetHeight){t=n,e.fastClickScrollParent=n;break}n=n.parentElement}while(n)}t&amp;&amp;(t.fastClickLastScrollTop=t.scrollTop)},e.prototype.getTargetElementFromEventTarget=function(e){return e.nodeType===Node.TEXT_NODE?e.parentNode:e},e.prototype.onTouchStart=function(e){var t,n,i;if(e.targetTouches.length&gt;1)return!0;if(t=this.getTargetElementFromEventTarget(e.target),n=e.targetTouches[0],r){if(i=window.getSelection(),i.rangeCount&amp;&amp;!i.isCollapsed)return!0;if(!a){if(n.identifier&amp;&amp;n.identifier===this.lastTouchIdentifier)return e.preventDefault(),!1;this.lastTouchIdentifier=n.identifier,this.updateScrollParent(t)}}return this.trackingClick=!0,this.trackingClickStart=e.timeStamp,this.targetElement=t,this.touchStartX=n.pageX,this.touchStartY=n.pageY,e.timeStamp-this.lastClickTime&lt;this.tapDelay&amp;&amp;e.preventDefault(),!0},e.prototype.touchHasMoved=function(e){var t=e.changedTouches[0],n=this.touchBoundary;return Math.abs(t.pageX-this.touchStartX)&gt;n||Math.abs(t.pageY-this.touchStartY)&gt;n?!0:!1},e.prototype.onTouchMove=function(e){return this.trackingClick?((this.targetElement!==this.getTargetElementFromEventTarget(e.target)||this.touchHasMoved(e))&amp;&amp;(this.trackingClick=!1,this.targetElement=null),!0):!0},e.prototype.findControl=function(e){return void 0!==e.control?e.control:e.htmlFor?document.getElementById(e.htmlFor):e.querySelector("button, input:not([type=hidden]), keygen, meter, output, progress, select, textarea")},e.prototype.onTouchEnd=function(e){var t,s,o,c,u,d=this.targetElement;if(!this.trackingClick)return!0;if(e.timeStamp-this.lastClickTime&lt;this.tapDelay)return this.cancelNextClick=!0,!0;if(e.timeStamp-this.trackingClickStart&gt;this.tapTimeout)return!0;if(this.cancelNextClick=!1,this.lastClickTime=e.timeStamp,s=this.trackingClickStart,this.trackingClick=!1,this.trackingClickStart=0,i&amp;&amp;(u=e.changedTouches[0],d=document.elementFromPoint(u.pageX-window.pageXOffset,u.pageY-window.pageYOffset)||d,d.fastClickScrollParent=this.targetElement.fastClickScrollParent),o=d.tagName.toLowerCase(),"label"===o){if(t=this.findControl(d)){if(this.focus(d),n)return!1;d=t}}else if(this.needsFocus(d))return e.timeStamp-s&gt;100||r&amp;&amp;window.top!==window&amp;&amp;"input"===o?(this.targetElement=null,!1):(this.focus(d),this.sendClick(d,e),r&amp;&amp;"select"===o||(this.targetElement=null,e.preventDefault()),!1);return r&amp;&amp;!a&amp;&amp;(c=d.fastClickScrollParent,c&amp;&amp;c.fastClickLastScrollTop!==c.scrollTop)?!0:(this.needsClick(d)||(e.preventDefault(),this.sendClick(d,e)),!1)},e.prototype.onTouchCancel=function(){this.trackingClick=!1,this.targetElement=null},e.prototype.onMouse=function(e){return this.targetElement?e.forwardedTouchEvent?!0:!e.cancelable||this.needsClick(this.targetElement)&amp;&amp;!this.cancelNextClick?!0:($(".se-debug").append("&lt;p&gt;stop "+e.target.className+"&lt;/p&gt;"),e.stopImmediatePropagation?e.stopImmediatePropagation():e.propagationStopped=!0,e.stopPropagation(),e.preventDefault(),!1):!0},e.prototype.onClick=function(e){var t;return this.trackingClick?(this.targetElement=null,this.trackingClick=!1,!0):"submit"===e.target.type&amp;&amp;0===e.detail?!0:(t=this.onMouse(e),t||(this.targetElement=null),t)},e.prototype.destroy=function(){var e=this.layer;n&amp;&amp;(e.removeEventListener("mouseover",this.onMouse,!0),e.removeEventListener("mousedown",this.onMouse,!0),e.removeEventListener("mouseup",this.onMouse,!0)),e.removeEventListener("click",this.onClick,!0),e.removeEventListener("touchstart",this.onTouchStart,!1),e.removeEventListener("touchmove",this.onTouchMove,!1),e.removeEventListener("touchend",this.onTouchEnd,!1),e.removeEventListener("touchcancel",this.onTouchCancel,!1)},e.notNeeded=function(e){return"undefined"==typeof window.ontouchstart?!0:"none"===e.style.touchAction?!0:!1},e.attach=function(t,n){return new e(t,n)},"function"==typeof define&amp;&amp;"object"==typeof define.amd&amp;&amp;define.amd?define("utils/fastclick",["require"],function(){return e}):"undefined"!=typeof module&amp;&amp;module.exports?(module.exports=e.attach,module.exports.FastClick=e):window.FastClick=e}(),define("modules/fastclick_init",["require","utils/fastclick"],function(e){function t(){var t=e("utils/fastclick"),n=$("#head").get(0),r=$(".se-page-copyright").get(0),a=$(".se-page-relative").get(0),i=$(".se-page-tips").get(0);n&amp;&amp;t.attach(n),r&amp;&amp;t.attach(r),a&amp;&amp;t.attach(a),i&amp;&amp;t.attach(i)}return{init:t}}),page.on("afterload",function(){require(["modules/fastclick_init"],function(e){e.init()})}),define("modules/tabcontrol",["require","search/param","search/search"],function(e){"use strict";var t,n,r,a,i,s,o,c,u=e("search/param"),d=e("search/search"),l=!0,h=!0,p="a.se-tabitem",f=" span.se-tab-tx",m="se-tab-cur",g="span.se-tab-cur",_="se-bearicon ",v="tab-icon-",w="tab-img-search",b=navigator.userAgent,y=" - 百度",x={_version:"1.0",init:function(){this.updateParams(),t.length&amp;&amp;(this.render(),this.bindEvent())},render:function(){k.isAnimation||(l=!1),!$(".tab-transform-hidden").length&amp;&amp;$('&lt;div class="tab-transform-hidden"&gt;&lt;/div&gt;').appendTo(n)},updateParams:function(){t=$(".se-page-hd .se-head-tablink"),n=$(".se-tablink-scroll-wrapper"),r=n.find(p),a=n.find(p+f),i=n.find(".se-tablink-scroll-touch"),s=n.find(".se-tab-lists"),o=$("#se-form textarea"),c=$(".searchboxtop .se-bearicon")},update:function(e){e&amp;&amp;i.empty().append(e).scrollLeft(0)},destory:function(){},bindEvent:function(){var e=this;n.off("click","a").on("click","a",function(t){e.updateParams(),S.tabClk(t)}),$(window).off("tabSwitch").on("tabSwitch",function(){e.updateParams(),e.checkStatusAfterAttach()}),S.fixedGestureScrollLog()},checkStatusAfterAttach:function(){var e=k.matchCurrentTab();if(e){var t=(e.DOM,e.pd,e.log,e.isClkResult,e.matchCurrentShowTab);t||k.switchTab(r.find(g),e.DOM,k.checkTabPosition),k.checkInputStatus()}}},S={tabClk:function(e){var t=$(e.target).closest("a"),n=t.data("sflink"),a="ps"==t.data("log"),i=r.find(g).closest(p).data("cst");return t.find(f).hasClass(m)?!1:(!a&amp;&amp;n&amp;&amp;(e.preventDefault(),e.stopPropagation(),fif.action.redirect(n),k.switchTab(r.find(g),t),k.checkInputStatus()),a&amp;&amp;h&amp;&amp;(e.preventDefault(),e.stopPropagation(),k.resetSearchBoxStatus(),window.__sam_async_type="loading",d.submit(new u($.extend({},k.getUrlParam(),{tn:"",pd:""}))),k.switchTab(r.find(g),t),k.checkInputStatus()),void page.log.send({ct:t.data("ct"),cst:t.data("cst"),module:"",precst:i}))},fixedGestureScrollLog:function(){var e=!0,t={},n={};i.on("touchstart",function(){navigator.control&amp;&amp;navigator.control.gesture&amp;&amp;navigator.control.gesture(!1),e=!1,t=s.offset()}).on("scroll",function(){n=s.offset(),!e&amp;&amp;Math.abs(t.left-n.left)&gt;30&amp;&amp;(e=!0,page.log.send({ct:24,cst:100}))}).on("touchend",function(){navigator.control&amp;&amp;navigator.control.gesture&amp;&amp;navigator.control.gesture(!1)})}},k={getUrlParam:function(e){for(var e=e||location.href,t={},n=e.substring(e.indexOf("?")+1).split("&amp;"),r=0;r&lt;n.length;r++)if(n[r]){var a=n[r].split("=");t[decodeURIComponent(a[0])]=decodeURIComponent(a[1])}return t},matchCurrentTab:function(e){var t=e||this.getUrlParam().pd,n={};return r.length?($.each(r,function(e,r){return t===$(r).data("pd")?(n.DOM=$(r),n.pd=t,n.log=$(r).data("log"),n.isClkResult=!1,!1):void 0}),n.DOM||(n={DOM:r.eq(0),log:"ps",pd:"",isClkResult:!0}),n.matchCurrentShowTab=n.DOM.find(f).hasClass(m),n):!1},isAnimation:function(){var e=!0;return b.match(/MQQBrowser/)&amp;&amp;b.match(/OPPO R7/)&amp;&amp;(e=!1),e},fireTab:function(e){e&amp;&amp;(a.removeClass(m),e.find(f).addClass(m))},switchTab:function(e,t,n){if(e.length&amp;&amp;t.length){var r=e.offset().left,i=t.offset().left;if(r!==i)return a.removeClass(m),l?void $(".tab-transform-hidden").css({"-webkit-transform":"translate3d("+r+"px, 0, 0)",transform:"translate3d("+r+"px, 0, 0)",width:e.width()}).show().animate({"-webkit-transform":"translate3d("+i+"px, 0, 0)",transform:"translate3d("+i+"px, 0, 0)"},300,"ease",function(){$(this).hide().css({"-webkit-transform":"none",transform:"none"}),t.find(f).addClass(m),n&amp;&amp;n(t)}):(t.find(f).addClass(m),void(n&amp;&amp;n(t)))}},checkTabPosition:function(e){var e=e||r.find(g).closest(p),t=$(window).width(),n=e.offset().left,a=e.width(),o=(e.index()-5)/r.length*s.width();(20&gt;n+a||n+a&gt;t-20)&amp;&amp;i.scrollLeft(o)},resetSearchBoxStatus:function(){var e=$("."+w);e.length&amp;&amp;e.remove()},checkInputStatus:function(){var e=this.getUrlParam().pd,t=this.getUrlParam().word.trim();"zbios"!==page.comm.tn&amp;&amp;"bmbadr"!==page.comm.tn&amp;&amp;(c.attr("class",_+(e?v+e:"")),o.val(t),document.title=t+y)}};return x}),require(["modules/tabcontrol"],function(e){page.on("init",function(){e.init(),e.checkStatusAfterAttach()}),page.on("attach",function(){e.updateParams(),e.checkStatusAfterAttach()})}),define("modules/headtabs",["require"],function(e){function t(){$("#switchBt").switchOver({handler:"#head #switchBt",area:"#head #more",arr:"#head #arr",mo_class:"more-show",arr_class:"arrow-show"})}function n(){/crios/i.test(navigator.userAgent)||$(".se-page-hd").on("click","a[data-schema]",function(){var e=$("&lt;iframe&gt;").css("display","none");e.attr("src",$(this).data("schema")).appendTo(document.body),setTimeout(function(){e.remove()},5e3),page.on("stop",function(){e.remove()})})}function r(){var t=($(window),$(".se-page-hd-content")),n=$(".se-page-hd"),r=$(".se-page-hd .se-head-tablink"),a=$(".wa-sigma-stock-fixed");t.length&amp;&amp;r.length&amp;&amp;("midway"==page.comm.product||a.length||e(["modules/scroll_ctl"],function(e){e.regist(function(e){var r=e.nowScrollTop,a=e.scrollDirection,i=t.height(),s=t.hasClass("head-float");10&gt;=r?(s&amp;&amp;t.removeClass("head-float"),s&amp;&amp;n.css("height","")):"down"==a&amp;&amp;s?(t.removeClass("head-float"),n.css("height","")):"up"!=a||s||(n.height(i),t.addClass("head-float"))})}))}return{switchBt:t,mapTab:n,tabFixed:r}}),require(["modules/headtabs"],function(e){page.one("init",function(){e.switchBt(),e.mapTab()})}),define("modules/searchbox",["require"],function(e){var t={sugInit:function(t,n){var r=$(t),a=r[0];return a?(a.__sug_instance?a.__sug_instance.reinit({w:n.w,publicArgu:n.publicArgu}):window.$&amp;&amp;$.sug?a.__sug_instance=new $.sug(n):e(["global/sug"],function(e){a.__sug_instance=new e(n)}),a.__sug_instance):!1},addFootBlank:function(e){var t=function(){5==page.comm.browserid&amp;&amp;$("#foot-blank").css("height","260px"),e.bind("touchstart focus",function(){$("#foot-blank").show()}).bind("blur",function(){setTimeout(function(){$("#foot-blank").hide()},100)})};page?page.one("load",t):setTimeout(t,0)}};return t}),require(["modules/searchbox"],function(e){var t=!1,n=!1,r=function(){var r={wrapid:"#se-box2",inputid:"#kw2",resetid:"#cross2",buttonid:"#se-bn2",needHis:navigator.cookieEnabled&amp;&amp;!!window.localStorage,record:"default_src",sa:"b",w:page.comm.pn+"_"+page.comm.rn+"_",publicArgu:page.comm.prepath.replace(/#/g,"&amp;")+"&amp;ref="+page.comm.ref+"&amp;lid="+page.comm.lid};if(page&amp;&amp;page.comm&amp;&amp;"zbios"!==page.comm.tn&amp;&amp;"bmbadr"!==page.comm.tn){var a=$.extend({},r,{wrapid:"#se-box",inputid:"#kw",resetid:"#cross",buttonid:"#se-bn",sa:"t"});t=e.sugInit($("#kw"),a)}n=e.sugInit($("#kw2"),r),e.addFootBlank($("#kw2"))};window.page&amp;&amp;page.on?(page.on("ready",r),page.on("attach",function(e,n){"/sf/vsearch"===n.prev.pathPattern&amp;&amp;(t&amp;&amp;t.attach(),$(".se-page-hd-content .se-tablink-scroll-touch").scrollLeft(0))}),page.on("detach",function(e,n){"/sf/vsearch"===n.current.pathPattern&amp;&amp;t&amp;&amp;t.detach()})):window.$?$(document).ready(r):setTimeout(r,0)}),!function(){!window.__sam_async||page.ishome||window.page&amp;&amp;page.comm&amp;&amp;page.comm.useNewIs||require(["search/search"],function(e){e.init()}),B.one("destroy",function(){$(".code-to-write").addClass("writed")})}(),define("modules/BAIDULOC",["require"],function(){page.comm.isAndroid&amp;&amp;page.on("load",function(){function e(){var e=page.comm.gps,t={html5:!1,"native":!1};return e.length&amp;&amp;"all"!==e&amp;&amp;(t[e]=!0),t}function t(e,t,n){var r=Date.now(),a=page.cookie("BAIDUID")||"",i=window.page&amp;&amp;page.https?page.https.domain.get("http://fclick.baidu.com/w.gif"):"http://fclick.baidu.com/w.gif",s=i+"?"+t+"="+encodeURIComponent(n)+"&amp;BAIDUID="+encodeURIComponent(a)+"&amp;tag="+encodeURIComponent(e)+"&amp;rand="+r,o=window[r]=new Image;o.onload=o.onerror=o.onabort=function(){o.onload=o.onerror=o.onabort=null,delete window[r]},o.src=s}var n=page.utils.cookie("BAIDULOC"),r=18e5;if(null!==n&amp;&amp;/(\d+)$/.test(n)&amp;&amp;Date.now()-RegExp.$1&lt;=r){var a=n.split("_");return a.forEach(function(e,t){2&gt;=t&amp;&amp;(a[t]=Math.round(e))}),void t("ecomCookieGps","BAIDULOC",a.join("_"))}var i=!1,s=e();page.geolocation.getPosition({onlyFromHTML5:s.html5,onlyFromNative:s["native"],expireTime:r,onSuccess:function(e,n){if(!i){i=!0;var r="ecomCookieGps",a=[Math.round(e.x),Math.round(e.y),Math.round(e.accuracy),e.cityCode,(new Date).getTime()].join("_");"html5"==n.from?(r="ecomH5Gps",page.cookie("H5LOC",1,{expires:1728e5,domain:".baidu.com",path:"/"})):"native"==n.from&amp;&amp;(r="ecomGps"),t(r,"BAIDULOC",a)}},onFail:function(e){e&amp;&amp;4==e.error&amp;&amp;page.cookie("H5LOC",null)}})})}),require(["modules/BAIDULOC"]);</script><script data-require-id="uiamd/tabs/tabs" src="//m.baidu.com/se/./static/js/uiamd/tabs/tabs_fd83a0d.js" async=""></script><script data-require-id="modules/invoke/app/banner" src="//m.baidu.com/se/./static/js/modules/invoke/app/banner_5fa79ba.js" async=""></script><script data-require-id="uiamd/bdbox/base" src="//m.baidu.com/se/./static/js/uiamd/bdbox/base_bae6da8.js" async=""></script><script src="//s.bdstatic.com/common/openjs/openBox.js?_v=1498445962355" async=""></script><script src="//graph.baidu.com/mms/graph/static/resource/sdk/mobile-wise.js?v=1498445962358" async=""></script><script data-require-id="fusion/b-scroll/bdscroll" src="//m.baidu.com/se/./static/js/fusion/b-scroll/bdscroll_10fab41.js" async=""></script><script data-require-id="fusion/b-scroll/scroll" src="//m.baidu.com/se/./static/js/fusion/b-scroll/scroll_973715e.js" async=""></script><script data-require-id="fusion/deps/fusion" src="//m.baidu.com/se/./static/js/fusion/deps/fusion_4f0fdee.js" async=""></script><script src="//s.bdstatic.com/common/openjs/openBox.js?_v=1498445962391" async=""></script><script data-require-id="uiamd/bdbox/follow" src="//m.baidu.com/se/./static/js/uiamd/bdbox/follow_237243c.js" async=""></script><script data-require-id="fusion/deps/iscroll" src="//m.baidu.com/se/./static/js/fusion/deps/iscroll_d8d3456.js" async=""></script><style data-for="pmd/share/share">.c-share-list{overflow:hidden}.c-share-list .c-flexbox:not(:first-of-type){margin-top:12px}.c-share-list .c-share-btn{width:50px;-webkit-box-flex:1;-webkit-flex:1 1 auto;color:#666;text-align:center;font-size:13px;line-height:1}.c-share-list .c-share-btn .c-img{max-width:50px;margin:0 auto;background:#fff;border:1px solid #f0f0f0;border-radius:50%}.c-share-cancel-btn,.c-share-copytip-cancel-btn{width:100%;margin-top:20px;color:#333;font-size:16px;line-height:48px;background:#f8f8f8;border-top:#eaeaea 1px solid}.c-share-wechat-tips{position:fixed;top:0;left:0;z-index:999;width:100%;height:100%;background:rgba(0,0,0,.6) url(//m.baidu.com/se/static/pmd/pmd/share/images/wxtips.png) right 32px top 10px/50% no-repeat}.c-popup-wrapper .c-share-popup-modal{background-color:#f1f1f1}.c-share-popup-modal .c-popup-head{display:none}.c-share-popup-modal .c-popup-content{margin:0 auto;padding-top:20px}.c-share-popup-modal .c-share-list .c-share-btn{width:60px;font-size:11px}.c-share-popup-modal .c-share-list .c-share-btn .c-img{max-width:60px}.c-share-popup-modal .c-share-list .c-flexbox:not(:first-of-type){margin-top:28px}.c-share-copytip-content{padding:0 20px;color:#333;text-align:left}.c-share-copytip-text{font-size:16px;margin-bottom:10px}.c-share-copytip-linkwr{padding:7px 10px;font-size:14px;line-height:21px;border:1px dotted #d9d9d9;word-break:break-all}.c-share-copytip-link:visited,.c-share-copytip-link{color:#333}</style><style data-for="sf25/view/sceneView">#super-frame{font:14px/22px Arial,Helvetica,sans-serif;word-break:break-word;word-wrap:break-word}
.sfa-view{z-index:501;width:100%;min-height:100%;background-color:#f2f2f2;overflow:auto}
.sfa-view .sfa-body{overflow:hidden;text-align:left;padding-top:44px}
.sfa-view .sfa-head{position:fixed;top:0;left:0;z-index:501;width:100%;height:44px;line-height:44px;text-align:center;font-size:18px;background-color:#fff;color:#333;-webkit-user-select:none;user-select:none;-webkit-transform:translate3d(0,0,0);transform:translate3d(0,0,0)}
.sfa-view .sfa-back,.sfa-view .sfa-close{width:50px;height:44px;float:left;text-align:center;padding-left:2px}
.sfa-view .sfa-back i{font-size:21px}
.sfa-view .sfa-close{width:43px}
.sfa-view .sfa-close span,.sfa-view .sfa-back span{font-size:16px;vertical-align:middle}
.sfa-tool .sfa-action-more{overflow:hidden;display:inline-block;font-size:21px;width:44px}
.active .sfa-tool .sfa-action-more:active,.active .sfa-tool .sfa-action-item:active{background:rgba(51,51,51,.4)}
.sfa-action-item .sfa-tool-text{color:#666;font-size:14px;display:block;width:100%;overflow:hidden}
.sfa-view .sfa-tool{min-width:44px;height:44px;float:right;text-align:center;padding-right:4px}
.sfa-head .sfa-tool .sfa-action-item i{font-size:21px}
.sfa-view .sfa-title{width:100%;padding:0 98px;box-sizing:border-box}
.sfa-view .sfa-head-border{border-bottom:1px solid #f1f1f1}
.sfa-view .sfa-title .c-line-clamp1{padding:0 8px}
.active .sfa-head .sfa-back:active{background:rgba(51,51,51,.4)}
.sfa-tool .sfa-action-item{display:inline-block;width:44px;overflow:hidden}
.sfa-head .sfa-action-menus{display:none;float:right;width:auto;background-color:#fff;margin-right:5px;text-align:left;overflow:auto;box-shadow:0 2px 6px #d6d6d6}
.sfa-action-menus .sfa-action-item{color:#666;font-size:16px;line-height:44px;padding:0 17px;border-bottom:1px solid #f1f1f1}
.active .sfa-action-menus .sfa-action-item:active{background:rgba(51,51,51,.4)}
.sfa-action-menus .sfa-action-item .sfa-head-menu-icon{color:#666;font-size:16px;display:block;line-height:44px;width:16px;overflow:hidden;text-align:left}
.sfa-action-menus .sfa-action-item .sfa-tool-text{color:#666;font-size:16px;width:auto}
.sfa-action-menus :last-child{border-bottom:0}
.sfa-head .sfa-action-menus i{float:left;padding-right:14px}
.sfa-head .search-box{display:-webkit-box;display:-webkit-flex;display:flex;background-color:#fff;font-size:14px;padding:5px 10px 6px 17px;box-sizing:border-box;height:100%;width:100%}
.sfa-head .search-box .search-box-input-area{display:-webkit-box;display:-webkit-flex;display:flex;width:100%;box-sizing:border-box;height:34px;line-height:34px;color:#333;margin-right:7px;padding-right:3px;border-radius:16px;background:#f5f5f5}
.sfa-head .search-box .search-box-button-area{width:46px;height:34px;line-height:34px;color:#333}
.active .sfa-head .search-box .search-box-button-area:active{background:rgba(51,51,51,.4)}
.search-box .search-icon{color:#c3c3c3;line-height:35px;padding-right:6px;padding-left:13px;font-size:14px}
.search-box .search-action{line-height:34px;font-size:14px;outline:0}
.search-action-cancel-icon{width:34px;color:#e0e0e0;font-size:14px}
.search-box .search-box-input-container{-webkit-box-flex:1;-webkit-flex:1;flex:1;width:100%;height:100%;box-sizing:border-box;left:0}
.search-box .search-box-input-container input{width:100%;height:100%;font-size:14px;vertical-align:top;outline:0;color:#333}
.search-box-input::-webkit-input-placeholder{vertical-align:top;font-size:14px}
.sfa-view .sfa-loading{position:absolute;top:50%;left:50%;color:#fff;width:161px;height:49px;line-height:49px;margin-top:-24px;margin-left:-80px;border-radius:1px;text-align:center}
.sfa-loading .sfa-loading-icon{display:inline-block;width:37px;height:23px;margin-top:-4px;vertical-align:middle}
.sfa-view .sfa-loading.sfa-loading-tab{width:147px;height:48px;margin-left:-73px}
.sfa-view .sfa-loading .sfa-loading-icon-tab{width:100%;height:100%;overflow:hidden}
.sfa-view .sfa-loading .sfa-loading-tab-bglogo{background:url(//m.baidu.com/se/static/img/iphone/tab_loading__bg_logo.png) no-repeat;background-size:147px 48px;height:48px;width:147px}
.sfa-view .sfa-loading .sfa-loading-tab-toplight{background:url(//m.baidu.com/se/static/img/iphone/tab_loading_light.png) no-repeat;animation:1s marvel infinite;background-size:147px 48px;position:relative;height:48px;width:147px;top:-48px;left:-78px}
@keyframes marvel{0%{left:-78px}
100%{left:73px}}
.sfa-view .sfa-loading i{height:23px;width:23px;background-size:23px;background-repeat:no-repeat;background-image:url(data:image/png;base64,iVBORw0KGgoAAAANSUhEUgAAAEUAAABFCAMAAAArU9sbAAAAllBMVEUAAAA5kv85kv85kv85kv85kv85kv85kv85kv85kv85kv85kv85kv85kv85kv85kv85kv85kv85kv85kv85kv85kv85kv85kv85kv85kv85kv85kv85kv85kv85kv85kv85kv85kv85kv85kv85kv85kv85kv85kv85kv85kv85kv85kv85kv85kv85kv85kv85kv85kv98v3f9AAAAMXRSTlMA+u4H8xwSDeG7KBapjYhP28EE9jfmpJoxItOALLFuQcxrZOrXdnPHVDyVe11aSIN5drPNPgAAAx5JREFUWMOlmOl2qlAMhbcyySCiBUFRUazzVXve/+Vuk2NZTgwHvx+uVjBk2MmJopxRkvvecBn0gqXt+ecZ1DEW8654ZO3lLhTQznZHvKNj70dohrWNRDm9rYZ6Rqsiki/7uBhkiZNkg208LLyL/qGOcCkk39eD9hhm5veEZDirdsS/eRGHby9nY+lRZ1VVmJ200XfLb4mlnbmJEhzpsWegCseWEZfcFXJau3vUkX9xsZy3RvjaboJ6Zt/8vNmbK+zJWGsmKZvF/PJEg3PSb6zuMd0emE/v7hSMMGxmjgf6HI5Sr3FQC9yRsSI1qGBNSX7OnSbpjbUBNRydHo2CDbkygCo5faxoTVfnpKgzpA7XIKEW1F2oM6OeWoExyZUr2hBTJ4xALFq5wkzIGdl40xe9qWlvzsFRph20IyPNUBzp7x9LtGRE7ZcD2LGQW8L19QCLEjRBWw6keuBCxUJrRjTbZliwS+0Zchccf19PaA1/3ofNumnPimMJfl9DtGfA46HLJWpPSGcTqNAmKnCT6r7mGpP+raqG64qxW2uFxoKBcjw6vxYjlJHQiYKophfngliGVeJdgg7LqsgtXy4JsVlRI9beoMmSsM7L9cJDb1OniUAQO+nz63mYYttk/msnnVeo/ms1ydEzLpzjWgxPENH5uad1zqspuNT1ZFNB2M5LibojObxzNN9hO/59WOltfPtcqka4sVyci5pKH1bcTgr9mOzkhvl3f1LkI+BaNeVfxMtsqhWHow3ihxJkoSlWn8UcXCjEr2JrcPVX4TURs2fAv1sa+uSMCQWkmPUrubIFI/06QgXtxNvxQy58+vcAFVjMj/uhFZEKTKhxJiNT7WFIkATVMH396fgYqy7NjHk9PYqAvx/84EMc7rQNPiT8kkF9yKBTfJP73EzvgM/IuoKI3Wq5pW5NiqfyzNhY5cVNdbHe17RHfGuO1MA7Jn1dtrNWk5zo73eJ3Hg2sRgKSZA1G0JMMN4MQscwzUm4//F64oZ+0lCPS26X0k2basHcTEtsLFcWFEj86auJ1IEy5mUbD4NIF3r0bR+3lwov/gPz4J/MfidXggAAAABJRU5ErkJggg==)}
.sfa-view .sfa-loading span{display:inline-block;color:#6b6b6b;font-size:18px;padding-right:3px;vertical-align:middle}
.sfa-view-no-head .sfa-head{display:none}
.sfa-view-no-head .sfa-body{padding-top:0}
.sfa-view-transparent-head .sfa-head{background:-moz-linear-gradient(top,rgba(0,0,0,.3) 0,rgba(0,0,0,.2) 25%,rgba(0,0,0,0) 100%);background:-webkit-linear-gradient(top,rgba(0,0,0,.3) 0,rgba(0,0,0,.2) 25%,rgba(0,0,0,0) 100%);background:linear-gradient(to bottom,rgba(0,0,0,.3) 0,rgba(0,0,0,.2) 25%,rgba(0,0,0,0) 100%);color:#fff;text-shadow:0 0 1px rgba(0,0,0,.4)}
.sfa-view-transparent-head .sfa-body{padding-top:0}
.sfa-results .c-result:first-of-type .c-container:first-of-type{margin-top:0}
.sfa-top-results .c-result .c-container:first-of-type{margin:0;padding:0}</style><style data-for="sf25/view/commonView">#super-frame{font:14px/22px Arial,Helvetica,sans-serif;word-break:break-word;word-wrap:break-word}
.sfa-view{z-index:501;width:100%;min-height:100%;background-color:#f2f2f2;overflow:auto}
.sfa-view .sfa-body{overflow:hidden;text-align:left;padding-top:44px}
.sfa-view .sfa-head{position:fixed;top:0;left:0;z-index:501;width:100%;height:44px;line-height:44px;text-align:center;font-size:18px;background-color:#fff;color:#333;-webkit-user-select:none;user-select:none;-webkit-transform:translate3d(0,0,0);transform:translate3d(0,0,0)}
.sfa-view .sfa-back,.sfa-view .sfa-close{width:50px;height:44px;float:left;text-align:center;padding-left:2px}
.sfa-view .sfa-back i{font-size:21px}
.sfa-view .sfa-close{width:43px}
.sfa-view .sfa-close span,.sfa-view .sfa-back span{font-size:16px;vertical-align:middle}
.sfa-tool .sfa-action-more{overflow:hidden;display:inline-block;font-size:21px;width:44px}
.active .sfa-tool .sfa-action-more:active,.active .sfa-tool .sfa-action-item:active{background:rgba(51,51,51,.4)}
.sfa-action-item .sfa-tool-text{color:#666;font-size:14px;display:block;width:100%;overflow:hidden}
.sfa-view .sfa-tool{min-width:44px;height:44px;float:right;text-align:center;padding-right:4px}
.sfa-head .sfa-tool .sfa-action-item i{font-size:21px}
.sfa-view .sfa-title{width:100%;padding:0 98px;box-sizing:border-box}
.sfa-view .sfa-head-border{border-bottom:1px solid #f1f1f1}
.sfa-view .sfa-title .c-line-clamp1{padding:0 8px}
.active .sfa-head .sfa-back:active{background:rgba(51,51,51,.4)}
.sfa-tool .sfa-action-item{display:inline-block;width:44px;overflow:hidden}
.sfa-head .sfa-action-menus{display:none;float:right;width:auto;background-color:#fff;margin-right:5px;text-align:left;overflow:auto;box-shadow:0 2px 6px #d6d6d6}
.sfa-action-menus .sfa-action-item{color:#666;font-size:16px;line-height:44px;padding:0 17px;border-bottom:1px solid #f1f1f1}
.active .sfa-action-menus .sfa-action-item:active{background:rgba(51,51,51,.4)}
.sfa-action-menus .sfa-action-item .sfa-head-menu-icon{color:#666;font-size:16px;display:block;line-height:44px;width:16px;overflow:hidden;text-align:left}
.sfa-action-menus .sfa-action-item .sfa-tool-text{color:#666;font-size:16px;width:auto}
.sfa-action-menus :last-child{border-bottom:0}
.sfa-head .sfa-action-menus i{float:left;padding-right:14px}
.sfa-head .search-box{display:-webkit-box;display:-webkit-flex;display:flex;background-color:#fff;font-size:14px;padding:5px 10px 6px 17px;box-sizing:border-box;height:100%;width:100%}
.sfa-head .search-box .search-box-input-area{display:-webkit-box;display:-webkit-flex;display:flex;width:100%;box-sizing:border-box;height:34px;line-height:34px;color:#333;margin-right:7px;padding-right:3px;border-radius:16px;background:#f5f5f5}
.sfa-head .search-box .search-box-button-area{width:46px;height:34px;line-height:34px;color:#333}
.active .sfa-head .search-box .search-box-button-area:active{background:rgba(51,51,51,.4)}
.search-box .search-icon{color:#c3c3c3;line-height:35px;padding-right:6px;padding-left:13px;font-size:14px}
.search-box .search-action{line-height:34px;font-size:14px;outline:0}
.search-action-cancel-icon{width:34px;color:#e0e0e0;font-size:14px}
.search-box .search-box-input-container{-webkit-box-flex:1;-webkit-flex:1;flex:1;width:100%;height:100%;box-sizing:border-box;left:0}
.search-box .search-box-input-container input{width:100%;height:100%;font-size:14px;vertical-align:top;outline:0;color:#333}
.search-box-input::-webkit-input-placeholder{vertical-align:top;font-size:14px}
.sfa-view .sfa-loading{position:absolute;top:50%;left:50%;color:#fff;width:161px;height:49px;line-height:49px;margin-top:-24px;margin-left:-80px;border-radius:1px;text-align:center}
.sfa-loading .sfa-loading-icon{display:inline-block;width:37px;height:23px;margin-top:-4px;vertical-align:middle}
.sfa-view .sfa-loading.sfa-loading-tab{width:147px;height:48px;margin-left:-73px}
.sfa-view .sfa-loading .sfa-loading-icon-tab{width:100%;height:100%;overflow:hidden}
.sfa-view .sfa-loading .sfa-loading-tab-bglogo{background:url(//m.baidu.com/se/static/img/iphone/tab_loading__bg_logo.png) no-repeat;background-size:147px 48px;height:48px;width:147px}
.sfa-view .sfa-loading .sfa-loading-tab-toplight{background:url(//m.baidu.com/se/static/img/iphone/tab_loading_light.png) no-repeat;animation:1s marvel infinite;background-size:147px 48px;position:relative;height:48px;width:147px;top:-48px;left:-78px}
@keyframes marvel{0%{left:-78px}
100%{left:73px}}
.sfa-view .sfa-loading i{height:23px;width:23px;background-size:23px;background-repeat:no-repeat;background-image:url(data:image/png;base64,iVBORw0KGgoAAAANSUhEUgAAAEUAAABFCAMAAAArU9sbAAAAllBMVEUAAAA5kv85kv85kv85kv85kv85kv85kv85kv85kv85kv85kv85kv85kv85kv85kv85kv85kv85kv85kv85kv85kv85kv85kv85kv85kv85kv85kv85kv85kv85kv85kv85kv85kv85kv85kv85kv85kv85kv85kv85kv85kv85kv85kv85kv85kv85kv85kv85kv85kv98v3f9AAAAMXRSTlMA+u4H8xwSDeG7KBapjYhP28EE9jfmpJoxItOALLFuQcxrZOrXdnPHVDyVe11aSIN5drPNPgAAAx5JREFUWMOlmOl2qlAMhbcyySCiBUFRUazzVXve/+Vuk2NZTgwHvx+uVjBk2MmJopxRkvvecBn0gqXt+ecZ1DEW8654ZO3lLhTQznZHvKNj70dohrWNRDm9rYZ6Rqsiki/7uBhkiZNkg208LLyL/qGOcCkk39eD9hhm5veEZDirdsS/eRGHby9nY+lRZ1VVmJ200XfLb4mlnbmJEhzpsWegCseWEZfcFXJau3vUkX9xsZy3RvjaboJ6Zt/8vNmbK+zJWGsmKZvF/PJEg3PSb6zuMd0emE/v7hSMMGxmjgf6HI5Sr3FQC9yRsSI1qGBNSX7OnSbpjbUBNRydHo2CDbkygCo5faxoTVfnpKgzpA7XIKEW1F2oM6OeWoExyZUr2hBTJ4xALFq5wkzIGdl40xe9qWlvzsFRph20IyPNUBzp7x9LtGRE7ZcD2LGQW8L19QCLEjRBWw6keuBCxUJrRjTbZliwS+0Zchccf19PaA1/3ofNumnPimMJfl9DtGfA46HLJWpPSGcTqNAmKnCT6r7mGpP+raqG64qxW2uFxoKBcjw6vxYjlJHQiYKophfngliGVeJdgg7LqsgtXy4JsVlRI9beoMmSsM7L9cJDb1OniUAQO+nz63mYYttk/msnnVeo/ms1ydEzLpzjWgxPENH5uad1zqspuNT1ZFNB2M5LibojObxzNN9hO/59WOltfPtcqka4sVyci5pKH1bcTgr9mOzkhvl3f1LkI+BaNeVfxMtsqhWHow3ihxJkoSlWn8UcXCjEr2JrcPVX4TURs2fAv1sa+uSMCQWkmPUrubIFI/06QgXtxNvxQy58+vcAFVjMj/uhFZEKTKhxJiNT7WFIkATVMH396fgYqy7NjHk9PYqAvx/84EMc7rQNPiT8kkF9yKBTfJP73EzvgM/IuoKI3Wq5pW5NiqfyzNhY5cVNdbHe17RHfGuO1MA7Jn1dtrNWk5zo73eJ3Hg2sRgKSZA1G0JMMN4MQscwzUm4//F64oZ+0lCPS26X0k2basHcTEtsLFcWFEj86auJ1IEy5mUbD4NIF3r0bR+3lwov/gPz4J/MfidXggAAAABJRU5ErkJggg==)}
.sfa-view .sfa-loading span{display:inline-block;color:#6b6b6b;font-size:18px;padding-right:3px;vertical-align:middle}
.sfa-view-no-head .sfa-head{display:none}
.sfa-view-no-head .sfa-body{padding-top:0}
.sfa-view-transparent-head .sfa-head{background:-moz-linear-gradient(top,rgba(0,0,0,.3) 0,rgba(0,0,0,.2) 25%,rgba(0,0,0,0) 100%);background:-webkit-linear-gradient(top,rgba(0,0,0,.3) 0,rgba(0,0,0,.2) 25%,rgba(0,0,0,0) 100%);background:linear-gradient(to bottom,rgba(0,0,0,.3) 0,rgba(0,0,0,.2) 25%,rgba(0,0,0,0) 100%);color:#fff;text-shadow:0 0 1px rgba(0,0,0,.4)}
.sfa-view-transparent-head .sfa-body{padding-top:0}
.sfa-results .c-result:first-of-type .c-container:first-of-type{margin-top:0}
.sfa-top-results .c-result .c-container:first-of-type{margin:0;padding:0}</style><script src="//graph.baidu.com/mms/graph/static/resource/sdk/v1.9.9/mms-wise.js" async="" charset="UTF-8"></script><style type="text/css">.graph-mms-toast{display:none;position:fixed;left:50%;top:50%;padding:15px 10px;border-radius:4px;background-color:rgba(0,0,0,.85);font-size:14px;color:#fff;-webkit-transform:translate(-50%,-50%);transform:translate(-50%,-50%);z-index:990}.graph-mms-toast.visible{display:block}.graph-mms-loading{padding:50px 10px 15px}.graph-mms-loading:before{content:"";position:absolute;left:50%;top:50%;width:32px;height:32px;margin-left:-16px;margin-top:-31px;border-radius:50%;border:2px solid hsla(0,0%,100%,.5);border-top-color:#ddd;-webkit-animation:loading-rotation 1s ease 0s infinite normal;animation:loading-rotation 1s ease 0s infinite normal}@-webkit-keyframes loading-rotation{0%{-webkit-transform:rotate(1deg);transform:rotate(1deg)}to{-webkit-transform:rotate(1turn);transform:rotate(1turn)}}@keyframes loading-rotation{0%{-webkit-transform:rotate(1deg);transform:rotate(1deg)}to{-webkit-transform:rotate(1turn);transform:rotate(1turn)}}</style></head><body><div class="result-loading c-loading"><i class="c-icon"></i><p>加载中…</p></div><div id="page-hd" class="se-page-hd"><div class="se-page-hd-content"><div id="head"><div class="c-flexbox" id="h-tabs"><a id="logo" class="logo" href="http://m.baidu.com/from=844b/bd_page_type=1/ssid=0/uid=0/pu=usm%400%2Csz%40320_1001%2Cta%40iphone_2_5.0_3_537/baiduid=C0F95CD351C3B5B77422AA3B18E9217B/w=0_10_macaca/t=iphone/l=1/tc?ref=www_iphone&amp;lid=14140154169389471061&amp;ct=61&amp;cst=0&amp;tj=__0_10_1&amp;sec=22034&amp;di=7cc07b5f22ec5352&amp;bdenc=1&amp;nsrc=IlPT2AEptyoA_yixCFOxCGZb8c3JV3T5ABfPNy6R2iv5nk_qva02ZQNAUDLt2SiyFF0ey8_KfQoDxinc3mNS7AV2qvomfDYq7Enlc4iadhO1XtVL91EpLgHmGXZtpLyf7KsbcttyPN5-Ampbz0Olt2sweQGvrMYeaRqCgSDIjK4LFSCoAY7Fmm36RXd9HyH4S2LIvhbjqSBsS5mtRtr0T9Dtg5UDMChdrBrhb1Yc1MSDrUBzK38NLBQgA_"></a><a class="h-tab" href="javascript:void(0);"><span class="tabTx cur" id="wy">网页</span></a><a class="h-tab" href="http://m.baidu.com/from=844b/bd_page_type=1/ssid=0/uid=0/pu=usm%400%2Csz%40320_1001%2Cta%40iphone_2_5.0_3_537/baiduid=C0F95CD351C3B5B77422AA3B18E9217B/w=0_10_macaca/t=iphone/l=1/tc?ref=www_iphone&amp;lid=14140154169389471061&amp;ct=24&amp;cst=1&amp;tj=__0_10_2&amp;sec=22034&amp;di=4719a2a42abd95bc&amp;bdenc=1&amp;nsrc=IlPT2AEptyoA_yixCFOxXnANedT62v3IGxOF_yxZ_zqb95qshbWxBhEtRD8qR8KXE9Ca9D40sxdMdWGcWyFijw6Du_-idC6-znqRsrvhgR4XWM91f0VkPhOUHj2hogjhyKkgsgBoReJgNDgqmOOlt2sxeRqIf2BN8NaDhyP6hq_QYzXvZlfSi6noQIpcSn0aWMGJqAvzuHhPGY8uBB0lSJC0nHBUEyYarBrgbaID21SJn8lzK3zkT2RPYVuDN9QQXqrfXNuN51TJYpYM7nhqNSEn-6Lpb3HfIFBRWxm"><span class="tabTx">地图</span></a><a class="h-tab" href="http://m.baidu.com/from=844b/bd_page_type=1/ssid=0/uid=0/pu=usm%400%2Csz%40320_1001%2Cta%40iphone_2_5.0_3_537/baiduid=C0F95CD351C3B5B77422AA3B18E9217B/w=0_10_macaca/t=iphone/l=1/tc?ref=www_iphone&amp;lid=14140154169389471061&amp;ct=24&amp;cst=3&amp;tj=__0_10_3&amp;sec=22034&amp;di=0a57b938056f2646&amp;bdenc=1&amp;nsrc=IlPT2AEptyoA_yixCFOxXnANedT62v3IEhuYNy5K1De8mVjte4viZQRAZHKgVnKN0EHwsmeBhAoClHWu0WBkk2ZOrhgjdCxElSyfgPruq2_LHaBErdA-_23HGnQq63ar8xthshEO0BZdKjMu8rSyhAonbg_2vMYeaPyF68i7mse_ZYCIYW7JrFzp2lwJO-_uPev2-1KorHxNDZbqLgrgCYLwqXRIFSBbbAve83-DQNiJmHpmL2q7F1UMIoXZQihdXrfgTgec7sjJZSJ2niR80nR3ly74wbDXVlAQINrN7PhEI3_JI2mTVJyAGhhCvQDKWKsoL4OFhv6zPG67cH5iDTwJRfC9Q-eSDJNEIO_IfPi6PEst7zqe43TJp-lcJv4NW4ES4Km"><span class="tabTx">贴吧</span></a><a class="h-tab" href="http://m.baidu.com/from=844b/bd_page_type=1/ssid=0/uid=0/pu=usm%400%2Csz%40320_1001%2Cta%40iphone_2_5.0_3_537/baiduid=C0F95CD351C3B5B77422AA3B18E9217B/w=0_10_macaca/t=iphone/l=1/tc?ref=www_iphone&amp;lid=14140154169389471061&amp;ct=24&amp;cst=6&amp;tj=__0_10_4&amp;sec=22034&amp;di=8fd7ff1ed21cc75c&amp;bdenc=1&amp;nsrc=IlPT2AEptyoA_yixCFOxXnANedT62v3IGxmTLCJVLDivpEmixP4kHREsRHKhAzrIBVLwxXCBeQoClj3u0FJri11Kfft6sWtglDibxqnhg_H2V2V191A6_cDFUGVqpuar8xt-sBAoBvdyMDodmOq"><span class="tabTx">应用</span></a><a class="h-tab" id="switchBt"><span id="mo" class="tabTx more">更多<span id="arr" class="sicon-ar arrow"></span></span></a></div><div id="more"><div class="more-links"><a href="http://m.baidu.com/from=844b/bd_page_type=1/ssid=0/uid=0/pu=usm%400%2Csz%40320_1001%2Cta%40iphone_2_5.0_3_537/baiduid=C0F95CD351C3B5B77422AA3B18E9217B/w=0_10_macaca/t=iphone/l=1/tc?ref=www_iphone&amp;lid=14140154169389471061&amp;ct=24&amp;cst=7&amp;tj=__0_10_5&amp;sec=22034&amp;di=0d2a0fb81d05ed87&amp;bdenc=1&amp;nsrc=IlPT2AEptyoA_yixCFOxXnANedT62v3IGtiPMDdHLDivpEmixP4kHREsRD8qR7jTUC4bwWT0salGhz4IRiZulcwOu_-igTp7jzi5w3nr6qK3KxsMz0VnPg4lG5Bxsred7_kc-3NyFtUtUGJdyrHGwtdsdhqIf2BN81eEhXGyrPe1Zoj9WlKImVbi2F5SCCXbTffC-QzzfDdsUFadQR0oWIW2vXJDUmEzvRrgbeVZOtPX8SQrPtzXDcNPE5mDMXd2A3qvHwiJ52yUE9FCri153XABjC8-gNWEFntOG2eNzs66YaaSIhz_FYfw0NJCuwKNHbh1GL0Cqv6-Dykyh5hlHmdN_K8jHDLwCYlFKu3Mv_ajLU6j7D3k130ykDYLZ_0pCg6G">新闻</a><a href="http://m.baidu.com/from=844b/bd_page_type=1/ssid=0/uid=0/pu=usm%400%2Csz%40320_1001%2Cta%40iphone_2_5.0_3_537/baiduid=C0F95CD351C3B5B77422AA3B18E9217B/w=0_10_macaca/t=iphone/l=1/tc?ref=www_iphone&amp;lid=14140154169389471061&amp;ct=24&amp;cst=4&amp;tj=__0_10_6&amp;sec=22034&amp;di=61d6b89b8f8e11b0&amp;bdenc=1&amp;nsrc=IlPT2AEptyoA_yixCFOxXnANedT62v3IEROFLCNK0S85n5yufuWlItdnJ7HNKXWSJl7wdoT0sadChGGcW7Mz7xQ2e4p6sF6cnDaGvLykr1fLCBYLu2wm0xOVLC5d5e8xjLwccxUy0AIoBl6b8rSygBcldt0T8Nkd7R7Yg8Plf2D2EVKi4Zf28or81WoGHyGrSLOZh1zSrW9dHlit2tTAWULZvXRJETNc7cipzuFEOd3FwHpmKdq7F4IPEEmJN8JRFvG5HP0cqxD3ZjdCxSMm4_">知道</a><a href="http://m.baidu.com/from=844b/bd_page_type=1/ssid=0/uid=0/pu=usm%400%2Csz%40320_1001%2Cta%40iphone_2_5.0_3_537/baiduid=C0F95CD351C3B5B77422AA3B18E9217B/w=0_10_macaca/t=iphone/l=1/tc?ref=www_iphone&amp;lid=14140154169389471061&amp;ct=24&amp;cst=9&amp;tj=__0_10_7&amp;sec=22034&amp;di=2bcef9a8d326c295&amp;bdenc=1&amp;nsrc=IlPT2AEptyoA_yixCFOxXnANedT62v3IEROFNy6R_Tv5n5yufuWlItdnJ7HNQ8qXEUL6gTGccdkYw5Cc3mQkmsURu_5UdCxchCSdv_3mtgCAGtFCvNV6O0L4SS1d5e7r8a6dtgspM2NJBX-dz3D7eQZbuP4MbNVvy17HsyXQa_rOFSqzG-vZi6iW15kJDGLoW4fC-Muzr8tbXY8vVh0rUZCAqHBUE-Edsxrb7eRCOPqEn8lnPt8UUhB3ZVzM28FCEPeFSf0fmhWvZTdImSS">百科</a><a href="http://m.baidu.com/from=844b/bd_page_type=1/ssid=0/uid=0/pu=usm%400%2Csz%40320_1001%2Cta%40iphone_2_5.0_3_537/baiduid=C0F95CD351C3B5B77422AA3B18E9217B/w=0_10_macaca/t=iphone/l=1/tc?ref=www_iphone&amp;lid=14140154169389471061&amp;ct=24&amp;cst=5&amp;tj=__0_10_8&amp;sec=22034&amp;di=97e449e58644112b&amp;bdenc=1&amp;nsrc=IlPT2AEptyoA_yixCFOxXnANedT62v3IHxeUMikK1De8mVjte4viZQRAUTLuQniOZpPPs7eRh1-RcWGcWSJszB1vafMnhjpzimjbcaWrx1zBS1NFrhZnDw3HGnQl6_mha3xewtxoRtB7LCguifWltO6vrsXWrgxfiNaC6SzieqrKEK">图片</a></div><div class="more-links"><a href="http://m.baidu.com/from=844b/bd_page_type=1/ssid=0/uid=0/pu=usm%400%2Csz%40320_1001%2Cta%40iphone_2_5.0_3_537/baiduid=C0F95CD351C3B5B77422AA3B18E9217B/w=0_10_macaca/t=iphone/l=1/tc?ref=www_iphone&amp;lid=14140154169389471061&amp;ct=24&amp;cst=11&amp;tj=__0_10_9&amp;sec=22034&amp;di=f02c773792cf38df&amp;bdenc=1&amp;nsrc=IlPT2AEptyoA_yixCFOxXnANedT62v3IGtiTNCVUB8SxokDyqRLwZQNAVj7qA-uYJ67wdjSRdQoClHWb_mUi7AV2qukrcT5q7Em9xKuds1SLHxJOv2o5LgHmGGVqpubgkvQvdeBtQNJj1Gdhm30LdgodbuiYsBFsy1z-gGS6rbbUFJT92luZnF7iN5kIPmLuYPfJcMuzr5hcYo8sAdSqHCa2qHBIJCINrNbq8eUN3QnO5S92K4CmG119Yn3INCu">小说</a><a href="http://m.baidu.com/from=844b/bd_page_type=1/ssid=0/uid=0/pu=usm%400%2Csz%40320_1001%2Cta%40iphone_2_5.0_3_537/baiduid=C0F95CD351C3B5B77422AA3B18E9217B/w=0_10_macaca/t=iphone/l=1/tc?ref=www_iphone&amp;lid=14140154169389471061&amp;ct=24&amp;cst=10&amp;tj=__0_10_10&amp;sec=22034&amp;di=0d3a2fe447ec1d53&amp;bdenc=1&amp;nsrc=IlPT2AEptyoA_yixCFOxXnANedT62v3IER8PNy6R2iv5nk_qva02EtFbUDD82Si5EUDvgTGaddhGny8bRzdsjAV2qukrcT5q7Em9xKuds1SLHxJOv2o5LgHmGGVqpubgkvQvdeBtQNJj1Gdhm30LdgodbuiYsBFsy1z-gGS6rbbUFJT92luZnF7iN5kIPmLuYPfJcMuzr5hcYo8sAdSqHCa2qHBIJCINrNbq8eUN3QnO5S92K4CmG119Yn3INCu">文库</a><a href="http://m.baidu.com/from=844b/bd_page_type=1/ssid=0/uid=0/pu=usm%400%2Csz%40320_1001%2Cta%40iphone_2_5.0_3_537/baiduid=C0F95CD351C3B5B77422AA3B18E9217B/w=0_10_macaca/t=iphone/l=1/tc?ref=www_iphone&amp;lid=14140154169389471061&amp;ct=24&amp;cst=8&amp;tj=__0_10_11&amp;sec=22034&amp;di=5f7c81521f5529d6&amp;bdenc=1&amp;nsrc=IlPT2AEptyoA_yixCFOxXnANedT62v3IGw3CLCsK1De8mVjte4viZQRAUXKgVn8TUCH9tyPQtsZJbmGcWzR8k1Y3g3xnfjRxkiGwgPruwM3LHaBEs21x2tOHGnQb-Kmha_5hd2RtPNA-BX-dz3biwtg_rsXWqwss8feDgWS6ra4YVY_DYkaCmIyzNokSCZOuDvfDdxLzuHhPXVya0tuhHo4_fSZUEpQhrcyEkqUM2gvYindkAQbaIsIfDI8SBnhASazcCxqz9ADT1pZYmCZzOScZ5HaYeeWIUWpKXczMcrlpVa0cYdW_VZyAGhdCvQDPVOwyGwLCvuh64Cp7cXgoFHQYQf37NjLkT66YE3D9uqn0OUtkmn4zIPXrkDBhY04eFAJCYK6oD7UClmiSmd0U">音乐</a><a href="http://m.baidu.com/from=844b/bd_page_type=1/ssid=0/uid=0/pu=usm%400%2Csz%40320_1001%2Cta%40iphone_2_5.0_3_537/baiduid=C0F95CD351C3B5B77422AA3B18E9217B/w=0_10_macaca/t=iphone/l=1/tc?ref=www_iphone&amp;lid=14140154169389471061&amp;ct=24&amp;cst=2&amp;tj=__0_10_12&amp;sec=22034&amp;di=2ab371785bada039&amp;bdenc=1&amp;nsrc=IlPT2AEptyoA_yixCFOxXnANedT62v3IGtiHLCpV0XSwnESzbbrgHtkfEVX7NTrJB6DhwivWxBsHgiHx3mNSndMAkfMoezR6jmjbcbewqQCBKNFOag2i31H0TGVrtLyr8a6wtwkgM2NJ4W6fm_37sAcapQOFvgZCmQLFtGS5n4qQYoOyC9eZnWviB6wFSmKcDtaIsh_zqXkbDZa4QR7hGIW0qnAaECBaaBrhaKEVL2WF6jkuBQH7KME9ZE_FCChyWa8dXNvd6sCFJEMNjyFVNiULlCa6">视频</a></div></div></div><div class="searchboxtop"><form data-formposition="t" class="se-form" id="se-form" action="/from=844b/s" method="get" autocomplete="off"><div class="con-wrap"><div class="se-bearicon"></div><textarea autocomplete="off" autocorrect="off" maxlength="64" id="kw" name="word" class="se-input adjust-input" data-sug="1">macaca</textarea><div class="se-inner"><div id="cross" class="cross"></div><div class="callicon-wrap"><div class="baiduapp-icon"></div><div class="baiduappcall-wrap"><div class="qrcode call" data-ac="active"><input type="file" accept="image/*" style="position:absolute;left:0;width:100%;top:0;height:100%;opacity:0;z-index: 10;" /></div><div class="voice call" data-ac="active"></div></div></div><button id="se-bn" class="se-bn" type="submit"><span>百度一下</span></button></div></div><div id="se-box" class="se-box"><div class="suggest-div" style="display: none; visibility: visible;"><div class="suggest-direct"></div><div class="suggest-panel"><div class="suggest-content"></div><div class="suggest-oper sug-active-his"><div class="suggest-oper-at sug-oper-btn">直达号</div><div class="suggest-oper-his sug-oper-btn">历史记录</div></div></div><div class="suggest-title"><div class="suggest-logo"></div><div class="suggest-control"><div class="history-clear">清除历史记录</div></div><div class="suggest-at">直达号</div></div><div class="suggest-close">关闭</div></div></div><input type="hidden" name="sa" value="tb" /><input type="hidden" name="ts" value="0" /><input type="hidden" name="t_kt" value="0" /><input type="hidden" name="ie" value="utf-8" /><input type="hidden" name="rsv_t" value="a30aGUlbeQcSb14HcgWC%2BtH5oeu4kccauu9Cc5AkGvQ83u%2FQXh%2BK%2BJZeGQ" /><input type="hidden" name="rsv_pq" value="14140154169389471061" /></form></div><!--cxy_all+1498445660+844b+3054660327+14140154169389471061+C0F95CD351C3B5B77422AA3B18E9217B:FG=1+8f6a0498f4939a9c3e8b5db6e072c106+000000000000000000000000000000000000000000000000000000000000012536--></div></div><div id="page" class="search-page"><div class="scroll-toprq-wrapper"><div class="hint-toprq-tips c-scroll-wrapper" data-dsid="0"><div class="c-scroll-touch"><div class="hint-toprq-list"><span class="hint-toprq-item c-color-gray">大家还搜<i class="c-icon hint-toprq-item-icon"></i></span><a class="hint-toprq-item" href="https://m.baidu.com/from=844b/s?word=macaca%E8%87%AA%E5%8A%A8%E5%8C%96%E6%A1%86%E6%9E%B6&amp;sa=frs_1&amp;dsid=0&amp;rqid=14140154169389471061" data-float-href="https://m.baidu.com/from=844b/s?word=macaca%E8%87%AA%E5%8A%A8%E5%8C%96%E6%A1%86%E6%9E%B6&amp;sa=frs_1&amp;dsid=0&amp;rqid=14140154169389471061">macaca自动化框架</a><a class="hint-toprq-item" href="https://m.baidu.com/from=844b/s?word=macaca+%E8%87%AA%E5%8A%A8%E5%8C%96%E6%B5%8B%E8%AF%95&amp;sa=frs_2&amp;dsid=0&amp;rqid=14140154169389471061" data-float-href="https://m.baidu.com/from=844b/s?word=macaca+%E8%87%AA%E5%8A%A8%E5%8C%96%E6%B5%8B%E8%AF%95&amp;sa=frs_2&amp;dsid=0&amp;rqid=14140154169389471061">macaca 自动化测试</a><a class="hint-toprq-item" href="https://m.baidu.com/from=844b/s?word=macaca+appium&amp;sa=frs_3&amp;dsid=0&amp;rqid=14140154169389471061" data-float-href="https://m.baidu.com/from=844b/s?word=macaca+appium&amp;sa=frs_3&amp;dsid=0&amp;rqid=14140154169389471061">macaca appium</a><a class="hint-toprq-item" href="https://m.baidu.com/from=844b/s?word=macaca%E5%AE%98%E7%BD%91&amp;sa=frs_4&amp;dsid=0&amp;rqid=14140154169389471061" data-float-href="https://m.baidu.com/from=844b/s?word=macaca%E5%AE%98%E7%BD%91&amp;sa=frs_4&amp;dsid=0&amp;rqid=14140154169389471061">macaca官网</a><a class="hint-toprq-item" href="https://m.baidu.com/from=844b/s?word=macaca%E7%BF%BB%E8%AF%91&amp;sa=frs_5&amp;dsid=0&amp;rqid=14140154169389471061" data-float-href="https://m.baidu.com/from=844b/s?word=macaca%E7%BF%BB%E8%AF%91&amp;sa=frs_5&amp;dsid=0&amp;rqid=14140154169389471061">macaca翻译</a><a class="hint-toprq-item" href="https://m.baidu.com/from=844b/s?word=macaca%E5%BA%94%E7%94%A8&amp;sa=frs_6&amp;dsid=0&amp;rqid=14140154169389471061" data-float-href="https://m.baidu.com/from=844b/s?word=macaca%E5%BA%94%E7%94%A8&amp;sa=frs_6&amp;dsid=0&amp;rqid=14140154169389471061">macaca应用</a></div></div></div></div><div id="page-pre" class="se-page-pre-style"><style id="show_head" class="se-show-head-style" type="text/css">body .se-page-hd {visibility: visible;}.result-loading {display:none;}</style></div><!--movedown-start--><div id="page-bd" class="se-page-bd"><div id="page-tips" class="se-page-tips"><div class="rs-toprq-wrapper" style="display:none;"><b-scroll><div class="hint-toprq-tips c-scroll-wrapper" data-dsid="0"><div class="c-scroll-touch"><div class="hint-toprq-list"><span class="hint-toprq-item c-color-gray">大家还搜<i class="c-icon hint-toprq-item-icon"></i></span><a class="hint-toprq-item" href="https://m.baidu.com/from=844b/s?word=macaca%E8%87%AA%E5%8A%A8%E5%8C%96%E6%A1%86%E6%9E%B6&amp;rq=macaca&amp;sa=fqrs_1&amp;dsid=0&amp;rqid=14140154169389471061" data-float-href="https://m.baidu.com/from=844b/s?word=macaca%E8%87%AA%E5%8A%A8%E5%8C%96%E6%A1%86%E6%9E%B6&amp;sa=frs_1&amp;dsid=0&amp;rqid=14140154169389471061">macaca自动化框架</a><a class="hint-toprq-item" href="https://m.baidu.com/from=844b/s?word=macaca+%E8%87%AA%E5%8A%A8%E5%8C%96%E6%B5%8B%E8%AF%95&amp;rq=macaca&amp;sa=fqrs_2&amp;dsid=0&amp;rqid=14140154169389471061" data-float-href="https://m.baidu.com/from=844b/s?word=macaca+%E8%87%AA%E5%8A%A8%E5%8C%96%E6%B5%8B%E8%AF%95&amp;sa=frs_2&amp;dsid=0&amp;rqid=14140154169389471061">macaca 自动化测试</a><a class="hint-toprq-item" href="https://m.baidu.com/from=844b/s?word=macaca+appium&amp;rq=macaca&amp;sa=fqrs_3&amp;dsid=0&amp;rqid=14140154169389471061" data-float-href="https://m.baidu.com/from=844b/s?word=macaca+appium&amp;sa=frs_3&amp;dsid=0&amp;rqid=14140154169389471061">macaca appium</a><a class="hint-toprq-item" href="https://m.baidu.com/from=844b/s?word=macaca%E5%AE%98%E7%BD%91&amp;rq=macaca&amp;sa=fqrs_4&amp;dsid=0&amp;rqid=14140154169389471061" data-float-href="https://m.baidu.com/from=844b/s?word=macaca%E5%AE%98%E7%BD%91&amp;sa=frs_4&amp;dsid=0&amp;rqid=14140154169389471061">macaca官网</a><a class="hint-toprq-item" href="https://m.baidu.com/from=844b/s?word=macaca%E7%BF%BB%E8%AF%91&amp;rq=macaca&amp;sa=fqrs_5&amp;dsid=0&amp;rqid=14140154169389471061" data-float-href="https://m.baidu.com/from=844b/s?word=macaca%E7%BF%BB%E8%AF%91&amp;sa=frs_5&amp;dsid=0&amp;rqid=14140154169389471061">macaca翻译</a><a class="hint-toprq-item" href="https://m.baidu.com/from=844b/s?word=macaca%E5%BA%94%E7%94%A8&amp;rq=macaca&amp;sa=fqrs_6&amp;dsid=0&amp;rqid=14140154169389471061" data-float-href="https://m.baidu.com/from=844b/s?word=macaca%E5%BA%94%E7%94%A8&amp;sa=frs_6&amp;dsid=0&amp;rqid=14140154169389471061">macaca应用</a></div></div></div></b-scroll><div class="hint-toprq-cover"></div></div>                                                            </div><div id="results" class="results"><div class="result c-result c-clk-recommend" srcid="www_normal" new_srcid="1599" order="1" tpl="www_normal" data-log="{'fm':'','ensrcid':'www_normal','order':'1','mu':'http://www.oschina.net/p/macaca'}" data-ecom-log-info="w_1_"><div class="c-container"><a href="http://m.baidu.com/from=844b/bd_page_type=1/ssid=0/uid=0/pu=usm%402%2Csz%40320_1001%2Cta%40iphone_2_5.0_3_537/baiduid=C0F95CD351C3B5B77422AA3B18E9217B/w=0_10_/t=iphone/l=1/tc?ref=www_iphone&amp;lid=14140154169389471061&amp;order=1&amp;fm=alop&amp;waplogo=1&amp;tj=www_normal_1_0_10_title&amp;vit=osres&amp;waput=4&amp;cltj=normal_title&amp;asres=1&amp;title=Macaca%E9%A6%96%E9%A1%B5%E6%96%87%E6%A1%A3%E5%92%8C%E4%B8%8B%E8%BD%BD-%E8%87%AA%E5%8A%A8%E5%8C%96%E6%B5%8B%E8%AF%95%E8%A7%A3%E5%86%B3..._%E5%BC%80%E6%BA%90%E4%B8%AD%E5%9B%BD&amp;dict=30&amp;w_qd=IlPT2AEptyoA_yisHUCgGCG&amp;sec=22034&amp;di=d92582936d02b77c&amp;bdenc=1&amp;nsrc=IlPT2AEptyoA_yixCFOxXnANedT62v3IEQGG_y2H1T_8o5zthPXrZQRAUnKhVnKXIETqxK" class="c-blocka"><h3 class="c-title c-gap-top-small"><em>Macaca</em>首页、文档和下载 - 自动化测试解决..._开源中国</h3></a><div class="c-row c-abstract c-gap-top-small"><div class="c-span12"><a href="http://m.baidu.com/from=844b/bd_page_type=1/ssid=0/uid=0/pu=usm%402%2Csz%40320_1001%2Cta%40iphone_2_5.0_3_537/baiduid=C0F95CD351C3B5B77422AA3B18E9217B/w=0_10_/t=iphone/l=1/tc?ref=www_iphone&amp;lid=14140154169389471061&amp;order=1&amp;fm=alop&amp;waplogo=1&amp;tj=www_normal_1_0_10_title&amp;vit=osres&amp;waput=4&amp;cltj=normal_title&amp;asres=1&amp;title=Macaca%E9%A6%96%E9%A1%B5%E6%96%87%E6%A1%A3%E5%92%8C%E4%B8%8B%E8%BD%BD-%E8%87%AA%E5%8A%A8%E5%8C%96%E6%B5%8B%E8%AF%95%E8%A7%A3%E5%86%B3..._%E5%BC%80%E6%BA%90%E4%B8%AD%E5%9B%BD&amp;dict=30&amp;w_qd=IlPT2AEptyoA_yisHUCgGCG&amp;sec=22034&amp;di=d92582936d02b77c&amp;bdenc=1&amp;nsrc=IlPT2AEptyoA_yixCFOxXnANedT62v3IEQGG_y2H1T_8o5zthPXrZQRAUnKhVnKXIETqxK" class="c-blocka"><p class="c-line-clamp3 c-color">官方网站: 链接 <em>Macaca</em>是一套完整的自动化测试解决方案。 特性: 支持移动端和PC端 支持Native, Hybrid, ...</p></a><div class="c-showurl c-line-clamp1"><span class="c-showurl">www.oschina.net</span><span class="c-showurl"> › p › macaca</span></div></div></div></div><div class="c-container c-recomm-wrap" style="display: none;"><div class="c-recomm-cnt c-gray"><span class="c-gap-right"><i class="c-icon"></i>大家还搜：</span><a class="c-gap-right" href="http://m.baidu.com/from=844b/ssid=0/uid=0/bd_page_type=1/pu=usm%402%2Csz%40320_1001%2Cta%40iphone_2_5.0_3_537/baiduid=C0F95CD351C3B5B77422AA3B18E9217B/w=0_10_/t=iphone/l=1/tc?lid=14140154169389471061&amp;ref=www_iphone&amp;w_qd=IlPT2AEptyoA_yisHUCgGCG&amp;order=1&amp;src=https%3A%2F%2Fm.baidu.com%2Fs%3Fword%3Dmacaca%25E8%2587%25AA%25E5%258A%25A8%25E5%258C%2596%25E6%25A1%2586%25E6%259E%25B6%26ssid%3D0%26from%3D844b%26bd_page_type%3D1%26uid%3D0%26pu%3Dusm%25402%252Csz%2540320_1001%252Cta%2540iphone_2_5.0_3_537%26baiduid%3DC0F95CD351C3B5B77422AA3B18E9217B%26rqid%3D14140154169389471061%26sa%3Dre_dl_cr_9">macaca自动化框架</a><a class="c-gap-right" href="http://m.baidu.com/from=844b/ssid=0/uid=0/bd_page_type=1/pu=usm%402%2Csz%40320_1001%2Cta%40iphone_2_5.0_3_537/baiduid=C0F95CD351C3B5B77422AA3B18E9217B/w=0_10_/t=iphone/l=1/tc?lid=14140154169389471061&amp;ref=www_iphone&amp;w_qd=IlPT2AEptyoA_yisHUCgGCG&amp;order=1&amp;src=https%3A%2F%2Fm.baidu.com%2Fs%3Fword%3Dmacaca%25E5%25AE%2598%25E7%25BD%2591%26ssid%3D0%26from%3D844b%26bd_page_type%3D1%26uid%3D0%26pu%3Dusm%25402%252Csz%2540320_1001%252Cta%2540iphone_2_5.0_3_537%26baiduid%3DC0F95CD351C3B5B77422AA3B18E9217B%26rqid%3D14140154169389471061%26sa%3Dre_dl_cr_9">macaca官网</a><a class="c-gap-right" href="http://m.baidu.com/from=844b/ssid=0/uid=0/bd_page_type=1/pu=usm%402%2Csz%40320_1001%2Cta%40iphone_2_5.0_3_537/baiduid=C0F95CD351C3B5B77422AA3B18E9217B/w=0_10_/t=iphone/l=1/tc?lid=14140154169389471061&amp;ref=www_iphone&amp;w_qd=IlPT2AEptyoA_yisHUCgGCG&amp;order=1&amp;src=https%3A%2F%2Fm.baidu.com%2Fs%3Fword%3Dmacaca%2520ios%26ssid%3D0%26from%3D844b%26bd_page_type%3D1%26uid%3D0%26pu%3Dusm%25402%252Csz%2540320_1001%252Cta%2540iphone_2_5.0_3_537%26baiduid%3DC0F95CD351C3B5B77422AA3B18E9217B%26rqid%3D14140154169389471061%26sa%3Dre_dl_cr_9">macaca ios</a><a class="c-gap-right" href="http://m.baidu.com/from=844b/ssid=0/uid=0/bd_page_type=1/pu=usm%402%2Csz%40320_1001%2Cta%40iphone_2_5.0_3_537/baiduid=C0F95CD351C3B5B77422AA3B18E9217B/w=0_10_/t=iphone/l=1/tc?lid=14140154169389471061&amp;ref=www_iphone&amp;w_qd=IlPT2AEptyoA_yisHUCgGCG&amp;order=1&amp;src=https%3A%2F%2Fm.baidu.com%2Fs%3Fword%3Dmacaca%25E5%25AE%2589%25E8%25A3%2585%26ssid%3D0%26from%3D844b%26bd_page_type%3D1%26uid%3D0%26pu%3Dusm%25402%252Csz%2540320_1001%252Cta%2540iphone_2_5.0_3_537%26baiduid%3DC0F95CD351C3B5B77422AA3B18E9217B%26rqid%3D14140154169389471061%26sa%3Dre_dl_cr_9">macaca安装</a><a class="c-gap-right" href="http://m.baidu.com/from=844b/ssid=0/uid=0/bd_page_type=1/pu=usm%402%2Csz%40320_1001%2Cta%40iphone_2_5.0_3_537/baiduid=C0F95CD351C3B5B77422AA3B18E9217B/w=0_10_/t=iphone/l=1/tc?lid=14140154169389471061&amp;ref=www_iphone&amp;w_qd=IlPT2AEptyoA_yisHUCgGCG&amp;order=1&amp;src=https%3A%2F%2Fm.baidu.com%2Fs%3Fword%3Dmacaca%2520java%26ssid%3D0%26from%3D844b%26bd_page_type%3D1%26uid%3D0%26pu%3Dusm%25402%252Csz%2540320_1001%252Cta%2540iphone_2_5.0_3_537%26baiduid%3DC0F95CD351C3B5B77422AA3B18E9217B%26rqid%3D14140154169389471061%26sa%3Dre_dl_cr_9">macaca java</a><a class="c-gap-right" href="http://m.baidu.com/from=844b/ssid=0/uid=0/bd_page_type=1/pu=usm%402%2Csz%40320_1001%2Cta%40iphone_2_5.0_3_537/baiduid=C0F95CD351C3B5B77422AA3B18E9217B/w=0_10_/t=iphone/l=1/tc?lid=14140154169389471061&amp;ref=www_iphone&amp;w_qd=IlPT2AEptyoA_yisHUCgGCG&amp;order=1&amp;src=https%3A%2F%2Fm.baidu.com%2Fs%3Fword%3Dmacaca%2520appium%26ssid%3D0%26from%3D844b%26bd_page_type%3D1%26uid%3D0%26pu%3Dusm%25402%252Csz%2540320_1001%252Cta%2540iphone_2_5.0_3_537%26baiduid%3DC0F95CD351C3B5B77422AA3B18E9217B%26rqid%3D14140154169389471061%26sa%3Dre_dl_cr_9">macaca appium</a></div></div></div><div class="result c-result c-clk-recommend" srcid="85" new_srcid="85" order="2" tpl="dictwisenew" data-log="{'fm':'aldt','ensrcid':'Xp','order':'2','mu':'http%3A%2F%2Ffanyi.baidu.com%2F%3Faldtype%3D85%26%23en%2Fzh%2Fmacaca'}" data-ecom-log-info="w_2_"><div class="c-container"><a href="http://m.baidu.com/from=844b/bd_page_type=1/ssid=0/uid=0/pu=usm%402%2Csz%40320_1001%2Cta%40iphone_2_5.0_3_537/baiduid=C0F95CD351C3B5B77422AA3B18E9217B/w=0_10_/t=iphone/l=1/tc?ref=www_iphone&amp;lid=14140154169389471061&amp;order=2&amp;fm=aldt&amp;tj=Xp_2_0_10_title&amp;w_qd=IlPT2AEptyoA_yisHUCgGCG&amp;sec=22034&amp;di=965b61f7d3f7553a&amp;bdenc=1&amp;nsrc=IlPT2AEptyoA_yixCFOxXnANedT62v3IIBOPPCUK1De8mVjte4viZQRAJ7DNMXOSF6zdwSPRpRUItXKh3mQpj1xOrxoee89hbSCsxq7bsa" class="c-blocka"><h3 class="c-title c-gap-top-small"><em>macaca</em>_百度翻译</h3></a><style>.wa-dictwisenew-c {margin-bottom:-2px}.wa-dictwisenew-c audio {display: none;height: 0;width: 0;}.wa-dictwisenew-header {overflow: hidden;text-overflow: ellipsis;}.wa-dictwisenew-header &gt; span:first-child {margin-right: 20px;}.wa-dictwisenew-header .wa-dictwisenew-noicon {position: relative;}.wa-dictwisenew-link{display: block;}.wa-dictwisenew-ificon {float: left;-webkit-tap-highlight-color: transparent;}.wa-dictwisenew-repeat,.wa-dictwisenew-icon {position: relative;top: -5px;display: block;float: left;width: 30px;height: 30px;background: url(//m.baidu.com/static/ala/fanyi/speaker.png) no-repeat center center;background-size: 16px 16px;-webkit-tap-highlight-color: transparent;}.wa-dictwisenew-repeat {width: 26px;}.wa-dictwisenew-repeat-off {background: url(//m.baidu.com/se/static/aladdin/dictwisenew/repeat_6875dc5.png) no-repeat;background-position: center 7px;background-size: 16px 58px;}.wa-dictwisenew-repeat-off .wa-dictwisenew-repeat-on-out,.wa-dictwisenew-repeat-off .wa-dictwisenew-repeat-on-in {display: none;}.wa-dictwisenew-repeat-on {position: relative;background: none;}.wa-dictwisenew-repeat-on .wa-dictwisenew-repeat-on-out {display: inline-block;width: 26px;height: 30px;background: url(//m.baidu.com/se/static/aladdin/dictwisenew/repeat_6875dc5.png) no-repeat;background-position: center -19px;background-size: 16px 58px;-webkit-animation: wa-dictwisenew-repeat-rotate 2s linear infinite;animation: wa-dictwisenew-repeat-rotate 2s linear infinite;}.wa-dictwisenew-repeat-on .wa-dictwisenew-repeat-on-in {position: absolute;left: 50%;top: 50%;display: inline-block;width: 6px;height: 6px;margin-left: -3px;margin-top: -3px;background: url(//m.baidu.com/se/static/aladdin/dictwisenew/repeat_6875dc5.png) no-repeat;background-position: 0 -52px;background-size: 16px 58px;}@-webkit-keyframes wa-dictwisenew-repeat-rotate {from {-webkit-transform: rotate(0deg);}to {-webkit-transform: rotate(360deg);}}@keyframes wa-dictwisenew-repeat-rotate {from {transform: rotate(0deg);}to {transform: rotate(360deg);}}.wa-dictwisenew-spell {float: left;}.wa-dictwisenew-icon.wa-dictwisenew-icon-ani {background-image: url(//m.baidu.com/static/ala/fanyi/speaker.gif)!important;}.wa-dictwisenew-icon-preloadd {display: block;background-image: url(//m.baidu.com/static/ala/fanyi/speaker.gif);}.wa-dictwisenew-content {margin-top: -3px;}.wa-dictwisenew-content &gt; p &gt; span {width: 40px;-webkit-box-flex: 1;line-height:24px;}.wa-dictwisenew-content &gt; p {display: -webkit-box;}.wa-dictwisenew-content &gt; p &gt; span.wa-dictwisenew-shiyi {display: inline-block;width: 44px;}.wa-dictwisenew-content &gt; p &gt; .wa-dictwisenew-tip {display: inline-block;width: 46px;overflow: hidden;white-space: nowrap;text-overflow: clip;}.wa-dictwisenew-p-wangluo {display: -webkit-box;}.wa-dictwisenew-p-wangluo &gt; span {display: block;-webkit-box-flex: 1;}.wa-dictwisenew-p-wangluo &gt; span.wa-dictwisenew-wangluo {display: inline-block;}.wa-dictwisenew-p-wangluo &gt; span.wa-dictwisenew-wangluo-val {white-space: nowrap;overflow: hidden;text-overflow: ellipsis;}.wa-dictwisenew-wangluo {display: inline-block;width: 40px;margin-right: 6px;}.wa-dictwisenew-liju {margin-bottom: 3px}.wa-dictwisenew-liju &gt; div {-webkit-box-flex: 1;}.wa-dictwisenew-text {display: block;-webkit-box-flex: 1;}.wa-dictwisenew-else {border-top: 1px solid #d7d7d7;max-height: 116px;overflow: hidden;padding-top: 4px;}.wa-dictwisenew-else &gt; div {display: -webkit-box;}.wa-dictwisenew-else &gt; div &gt; span {-webkit-box-flex: 1;}.wa-dictwisenew-confused a{display: inline-block;}.wa-dictwisenew-confused {line-height: 34px;}.wa-dictwisenew-on {color: #C00;}.wa-dictwisenew-c .c-row {margin-top: 5px;}.wa-dictwisenew-c .c-icon {margin-left: 3px;}.wa-dictwisenew-c .c-blocka-span {color: blue;}.wa-dictwisenew-lijua {float: none;display: inline-block;position: static;top: 0;width: 17px;height: 17px;margin-left: 3px;margin-bottom: -4px;z-index: 9999;}.wa-dictwisenew-c .c-tabs-nav {height: 24px;}.wa-dictwisenew-c .c-tabs-nav-li {height: 24px;line-height: 24px;overflow: visible;padding: 0;}.wa-dictwisenew-c .wa-dictwisenew-duoyinzi-nav {height: 38px;}.wa-dictwisenew-c .wa-dictwisenew-duoyinzi-li {height: 38px;line-height: 38px;}.wa-dictwisenew-c .c-tabs-nav-li a {color: #333;}.wa-dictwisenew-nav {background-color: #fff;}.wa-dictwisenew-nav &gt; span {color: #d7d7d7;}.wa-dictwisenew-english {display: inline-block;}.wa-dictwisenew-chinese {}.wa-dictwisenew-inblock {display: inline-block;}.wa-dictwisenew-p-wangluo {line-height: 24px;margin-top: 2px;}.wa-dictwisenew-pl {margin-top: -2px;line-height: 34px;}.wa-dictwisenew-liju {line-height: 24px;}.wa-dictwisenew-c .c-gap-right {margin-right: 10px;}.wa-dictwisenew-c .c-gap-top-large {margin-top: 0px;}.wa-dictwisenew-confused .c-line-clamp2 {margin-bottom: 0px;}.wa-dictwisenew-c .wa-dictwisenew-header-en {margin-top: 5px;margin-bottom: -8px;}.wa-dictwisenew-content-en {margin-top: 3px;}.wa-dictwisenew-content-resultnew {margin-top: 3px;}.wa-dictwisenew-nav .c-tabs-nav-selected {border-bottom: 0px solid #fff;}</style><div class="wa-dictwisenew-c"><div class="wa-dictwisenew-header c-abstract c-gap-top-large wa-dictwisenew-header-en"><span class="wa-dictwisenew-ificon wa-dictwisenew-ico"><span class="wa-dictwisenew-spell">[英]                            <span>[mə'kækə]</span></span><a href="javascript:;" class="WA_LOG_BTN wa-dictwisenew-icon" data-url="https://sp0.baidu.com/-rM1hT4a2gU2pMbgoY3K/gettts?lan=uk&amp;text=macaca&amp;spd=2&amp;source=alading"></a><a href="javascript:;" class="wa-dictwisenew-repeat wa-dictwisenew-repeat-off" data-url="https://sp0.baidu.com/-rM1hT4a2gU2pMbgoY3K/gettts?lan=uk&amp;text=macaca&amp;spd=2&amp;source=alading"><span class="wa-dictwisenew-repeat-on-out"></span><span class="wa-dictwisenew-repeat-on-in"></span></a></span><span class="wa-dictwisenew-ificon wa-dictwisenew-ico"><span class="wa-dictwisenew-spell">[美]                            <span>[mə'kækə]</span></span><a href="javascript:;" class="WA_LOG_BTN wa-dictwisenew-icon" data-url="https://sp0.baidu.com/-rM1hT4a2gU2pMbgoY3K/gettts?lan=en&amp;text=macaca&amp;spd=2&amp;source=alading"></a><a href="javascript:;" class="wa-dictwisenew-repeat wa-dictwisenew-repeat-off" data-url="https://sp0.baidu.com/-rM1hT4a2gU2pMbgoY3K/gettts?lan=en&amp;text=macaca&amp;spd=2&amp;source=alading"><span class="wa-dictwisenew-repeat-on-out"></span><span class="wa-dictwisenew-repeat-on-in"></span></a></span></div><a class="wa-dictwisenew-link" href="http://m.baidu.com/from=844b/bd_page_type=1/ssid=0/uid=0/pu=usm%402%2Csz%40320_1001%2Cta%40iphone_2_5.0_3_537/baiduid=C0F95CD351C3B5B77422AA3B18E9217B/w=0_10_/t=iphone/l=1/tc?ref=www_iphone&amp;lid=14140154169389471061&amp;order=2&amp;fm=aldt&amp;tj=Xp_2_0_10_l1&amp;w_qd=IlPT2AEptyoA_yisHUCgGCG&amp;sec=22034&amp;di=965b61f7d3f7553a&amp;bdenc=1&amp;nsrc=IlPT2AEptyoA_yixCFOxXnANedT62v3IIBOPPCUK1De8mVjte4viZQRAJ7DNMXOSF6zdwSPRpRUItXKh3mQpj1xOrxoee89hbSCsxq7bsa"><div class="wa-dictwisenew-content wa-dictwisenew-content-en c-abstract c-gap-top-small c-gap-bottom-small"><p class="wa-dictwisenew-content-p"><span class="wa-dictwisenew-tip c-color-gray">[词典] </span><span class="wa-dictwisenew-tipval c-line-clamp2"><span>弥猴属; </span></span></p></div></a><a class="wa-dictwisenew-cidian-a" href="http://m.baidu.com/from=844b/bd_page_type=1/ssid=0/uid=0/pu=usm%402%2Csz%40320_1001%2Cta%40iphone_2_5.0_3_537/baiduid=C0F95CD351C3B5B77422AA3B18E9217B/w=0_10_/t=iphone/l=1/tc?ref=www_iphone&amp;lid=14140154169389471061&amp;order=2&amp;fm=aldt&amp;tj=Xp_2_0_10_l2&amp;w_qd=IlPT2AEptyoA_yisHUCgGCG&amp;sec=22034&amp;di=b3b5c690da6aa8ee&amp;bdenc=1&amp;nsrc=IlPT2AEptyoA_yixCFOxXnANedT62v3IIBOPPCUK1De8mVjte4viZQRAJ7DNMXOSF6zdwSPRpRUItXKhQjdyzB1vbeh6sWhqlWjb9bKkdhPsU1N3rdA-"><div class="wa-dictwisenew-liju c-gap-top-small c-abstract" style="display: -webkit-box;"><span class="c-color-gray c-gap-right">[例句]</span><div><div class="wa-dictwisenew-english">The Study on the Method to Rapid Identification of China <span class="wa-dictwisenew-on">Macaca </span><span class="wa-dictwisenew-inblock wa-dictwisenew-ico">Mulatta<a href="javascript:;" data-audio="wa-dictwisenew-audio_10" class="WA_LOG_BTN wa-dictwisenew-icon wa-dictwisenew-lijua" data-url="https://sp0.baidu.com/-rM1hT4a2gU2pMbgoY3K/gettts?lan=en&amp;text=The%20Study%20on%20the%20Method%20to%20Rapid%20Identification%20of%20China%20Macaca%20Mulatta&amp;spd=2&amp;source=alading"></a></span></div><div class="wa-dictwisenew-chinese">中国大陆猕猴属物种资源快速鉴定方法的研究</div></div></div></a></div><div class="c-row"><div class="c-span6"><div class="c-line-clamp1  c-color-gray"><span class="c-foot-source">百度翻译</span></div></div><div class="c-span6"><a href="http://m.baidu.com/from=844b/bd_page_type=1/ssid=0/uid=0/pu=usm%402%2Csz%40320_1001%2Cta%40iphone_2_5.0_3_537/baiduid=C0F95CD351C3B5B77422AA3B18E9217B/w=0_10_/t=iphone/l=1/tc?ref=www_iphone&amp;lid=14140154169389471061&amp;order=2&amp;fm=aldt&amp;tj=Xp_2_0_10_1&amp;w_qd=IlPT2AEptyoA_yisHUCgGCG&amp;sec=22034&amp;di=c95492f3be2ae9ce&amp;bdenc=1&amp;nsrc=IlPT2AEptyoA_yixCFOxXnANedT62v3IIBOPPCUK1De8mVjte4viZQRAJ7GgNXXTUS4jvCPQpsJUcyXsPa" data-url="http://fanyi.baidu.com/#en/zh/macaca" class=" c-blocka c-moreinfo"><span></span><i class="c-icon c-gap-left-small"></i></a></div></div></div><audio id="wa-dictwisenew-common-audio" style="display: none"></audio><div class="c-container c-recomm-wrap" style="display: none;"><div class="c-recomm-cnt c-gray"><span class="c-gap-right"><i class="c-icon"></i>大家还搜：</span><a class="c-gap-right" href="http://m.baidu.com/from=844b/ssid=0/uid=0/bd_page_type=1/pu=usm%402%2Csz%40320_1001%2Cta%40iphone_2_5.0_3_537/baiduid=C0F95CD351C3B5B77422AA3B18E9217B/w=0_10_/t=iphone/l=1/tc?lid=14140154169389471061&amp;ref=www_iphone&amp;w_qd=IlPT2AEptyoA_yisHUCgGCG&amp;order=2&amp;src=https%3A%2F%2Fm.baidu.com%2Fs%3Fword%3Dmacaca%2520%25E8%2587%25AA%25E5%258A%25A8%25E5%258C%2596%25E6%25B5%258B%25E8%25AF%2595%26ssid%3D0%26from%3D844b%26bd_page_type%3D1%26uid%3D0%26pu%3Dusm%25402%252Csz%2540320_1001%252Cta%2540iphone_2_5.0_3_537%26baiduid%3DC0F95CD351C3B5B77422AA3B18E9217B%26rqid%3D14140154169389471061%26sa%3Dre_dl_cr_9">macaca 自动化测试</a><a class="c-gap-right" href="http://m.baidu.com/from=844b/ssid=0/uid=0/bd_page_type=1/pu=usm%402%2Csz%40320_1001%2Cta%40iphone_2_5.0_3_537/baiduid=C0F95CD351C3B5B77422AA3B18E9217B/w=0_10_/t=iphone/l=1/tc?lid=14140154169389471061&amp;ref=www_iphone&amp;w_qd=IlPT2AEptyoA_yisHUCgGCG&amp;order=2&amp;src=https%3A%2F%2Fm.baidu.com%2Fs%3Fword%3Dmacaca%2520ios%26ssid%3D0%26from%3D844b%26bd_page_type%3D1%26uid%3D0%26pu%3Dusm%25402%252Csz%2540320_1001%252Cta%2540iphone_2_5.0_3_537%26baiduid%3DC0F95CD351C3B5B77422AA3B18E9217B%26rqid%3D14140154169389471061%26sa%3Dre_dl_cr_9">macaca ios</a><a class="c-gap-right" href="http://m.baidu.com/from=844b/ssid=0/uid=0/bd_page_type=1/pu=usm%402%2Csz%40320_1001%2Cta%40iphone_2_5.0_3_537/baiduid=C0F95CD351C3B5B77422AA3B18E9217B/w=0_10_/t=iphone/l=1/tc?lid=14140154169389471061&amp;ref=www_iphone&amp;w_qd=IlPT2AEptyoA_yisHUCgGCG&amp;order=2&amp;src=https%3A%2F%2Fm.baidu.com%2Fs%3Fword%3Dandroid%2520%25E8%258E%25B7%25E5%258F%2596%25E6%2589%258B%25E6%259C%25BA%25E7%25BD%2591%25E9%2580%259F%26ssid%3D0%26from%3D844b%26bd_page_type%3D1%26uid%3D0%26pu%3Dusm%25402%252Csz%2540320_1001%252Cta%2540iphone_2_5.0_3_537%26baiduid%3DC0F95CD351C3B5B77422AA3B18E9217B%26rqid%3D14140154169389471061%26sa%3Dre_dl_cr_9">android 获取手机网速</a></div></div></div><div class="result c-result c-clk-recommend" srcid="www_normal" new_srcid="1599" order="3" tpl="www_normal" data-log="{'fm':'','ensrcid':'www_normal','order':'3','mu':'http://macacajs.com/'}" data-ecom-log-info="w_3_"><div class="c-container"><a href="http://m.baidu.com/from=844b/bd_page_type=1/ssid=0/uid=0/pu=usm%402%2Csz%40320_1001%2Cta%40iphone_2_5.0_3_537/baiduid=C0F95CD351C3B5B77422AA3B18E9217B/w=0_10_/t=iphone/l=3/tc?ref=www_iphone&amp;lid=14140154169389471061&amp;order=3&amp;fm=alop&amp;tj=www_normal_3_0_10_title&amp;vit=osres&amp;m=8&amp;srd=1&amp;cltj=cloud_title&amp;asres=1&amp;title=Macaca%3F%3FSolutionforAutomationTestwithEase&amp;dict=32&amp;w_qd=IlPT2AEptyoA_yisHUCgGCG&amp;sec=22034&amp;di=4ba923c099cc86fc&amp;bdenc=1&amp;nsrc=IlPT2AEptyoA_yixCFOxXnANedT62v3IGxOSNCtZ_Cn5nk_qva02" class="c-blocka"><h3 class="c-title c-gap-top-small"><em>Macaca</em> • Solution for Automation Test with Ease</h3></a><div class="c-row c-abstract c-gap-top-small"><div class="c-span12"><a href="http://m.baidu.com/from=844b/bd_page_type=1/ssid=0/uid=0/pu=usm%402%2Csz%40320_1001%2Cta%40iphone_2_5.0_3_537/baiduid=C0F95CD351C3B5B77422AA3B18E9217B/w=0_10_/t=iphone/l=3/tc?ref=www_iphone&amp;lid=14140154169389471061&amp;order=3&amp;fm=alop&amp;tj=www_normal_3_0_10_title&amp;vit=osres&amp;m=8&amp;srd=1&amp;cltj=cloud_title&amp;asres=1&amp;title=Macaca%3F%3FSolutionforAutomationTestwithEase&amp;dict=32&amp;w_qd=IlPT2AEptyoA_yisHUCgGCG&amp;sec=22034&amp;di=4ba923c099cc86fc&amp;bdenc=1&amp;nsrc=IlPT2AEptyoA_yixCFOxXnANedT62v3IGxOSNCtZ_Cn5nk_qva02" class="c-blocka"><p class="c-line-clamp3 c-color">Released under the MIT License © 2015-2017 <em>Macaca</em> ...</p></a><div class="c-showurl c-line-clamp1"><span class="c-showurl">macacajs.com</span><span class="c-showurl"></span></div></div></div></div><div class="c-container c-recomm-wrap" style="display: none;"><div class="c-recomm-cnt c-gray"><span class="c-gap-right"><i class="c-icon"></i>大家还搜：</span><a class="c-gap-right" href="http://m.baidu.com/from=844b/ssid=0/uid=0/bd_page_type=1/pu=usm%402%2Csz%40320_1001%2Cta%40iphone_2_5.0_3_537/baiduid=C0F95CD351C3B5B77422AA3B18E9217B/w=0_10_/t=iphone/l=1/tc?lid=14140154169389471061&amp;ref=www_iphone&amp;w_qd=IlPT2AEptyoA_yisHUCgGCG&amp;order=3&amp;src=https%3A%2F%2Fm.baidu.com%2Fs%3Fword%3Dmacaca%2520appium%26ssid%3D0%26from%3D844b%26bd_page_type%3D1%26uid%3D0%26pu%3Dusm%25402%252Csz%2540320_1001%252Cta%2540iphone_2_5.0_3_537%26baiduid%3DC0F95CD351C3B5B77422AA3B18E9217B%26rqid%3D14140154169389471061%26sa%3Dre_dl_cr_9">macaca appium</a><a class="c-gap-right" href="http://m.baidu.com/from=844b/ssid=0/uid=0/bd_page_type=1/pu=usm%402%2Csz%40320_1001%2Cta%40iphone_2_5.0_3_537/baiduid=C0F95CD351C3B5B77422AA3B18E9217B/w=0_10_/t=iphone/l=1/tc?lid=14140154169389471061&amp;ref=www_iphone&amp;w_qd=IlPT2AEptyoA_yisHUCgGCG&amp;order=3&amp;src=https%3A%2F%2Fm.baidu.com%2Fs%3Fword%3Dnpm%2520%25E5%258D%25B8%25E8%25BD%25BD%26ssid%3D0%26from%3D844b%26bd_page_type%3D1%26uid%3D0%26pu%3Dusm%25402%252Csz%2540320_1001%252Cta%2540iphone_2_5.0_3_537%26baiduid%3DC0F95CD351C3B5B77422AA3B18E9217B%26rqid%3D14140154169389471061%26sa%3Dre_dl_cr_9">npm 卸载</a><a class="c-gap-right" href="http://m.baidu.com/from=844b/ssid=0/uid=0/bd_page_type=1/pu=usm%402%2Csz%40320_1001%2Cta%40iphone_2_5.0_3_537/baiduid=C0F95CD351C3B5B77422AA3B18E9217B/w=0_10_/t=iphone/l=1/tc?lid=14140154169389471061&amp;ref=www_iphone&amp;w_qd=IlPT2AEptyoA_yisHUCgGCG&amp;order=3&amp;src=https%3A%2F%2Fm.baidu.com%2Fs%3Fword%3Dreliable%2520jenkins%26ssid%3D0%26from%3D844b%26bd_page_type%3D1%26uid%3D0%26pu%3Dusm%25402%252Csz%2540320_1001%252Cta%2540iphone_2_5.0_3_537%26baiduid%3DC0F95CD351C3B5B77422AA3B18E9217B%26rqid%3D14140154169389471061%26sa%3Dre_dl_cr_9">reliable jenkins</a><a class="c-gap-right" href="http://m.baidu.com/from=844b/ssid=0/uid=0/bd_page_type=1/pu=usm%402%2Csz%40320_1001%2Cta%40iphone_2_5.0_3_537/baiduid=C0F95CD351C3B5B77422AA3B18E9217B/w=0_10_/t=iphone/l=1/tc?lid=14140154169389471061&amp;ref=www_iphone&amp;w_qd=IlPT2AEptyoA_yisHUCgGCG&amp;order=3&amp;src=https%3A%2F%2Fm.baidu.com%2Fs%3Fword%3Dtesterhome%26ssid%3D0%26from%3D844b%26bd_page_type%3D1%26uid%3D0%26pu%3Dusm%25402%252Csz%2540320_1001%252Cta%2540iphone_2_5.0_3_537%26baiduid%3DC0F95CD351C3B5B77422AA3B18E9217B%26rqid%3D14140154169389471061%26sa%3Dre_dl_cr_9">testerhome</a><a class="c-gap-right" href="http://m.baidu.com/from=844b/ssid=0/uid=0/bd_page_type=1/pu=usm%402%2Csz%40320_1001%2Cta%40iphone_2_5.0_3_537/baiduid=C0F95CD351C3B5B77422AA3B18E9217B/w=0_10_/t=iphone/l=1/tc?lid=14140154169389471061&amp;ref=www_iphone&amp;w_qd=IlPT2AEptyoA_yisHUCgGCG&amp;order=3&amp;src=https%3A%2F%2Fm.baidu.com%2Fs%3Fword%3Dnpm%2520%25E5%25AE%2589%25E8%25A3%2585%26ssid%3D0%26from%3D844b%26bd_page_type%3D1%26uid%3D0%26pu%3Dusm%25402%252Csz%2540320_1001%252Cta%2540iphone_2_5.0_3_537%26baiduid%3DC0F95CD351C3B5B77422AA3B18E9217B%26rqid%3D14140154169389471061%26sa%3Dre_dl_cr_9">npm 安装</a><a class="c-gap-right" href="http://m.baidu.com/from=844b/ssid=0/uid=0/bd_page_type=1/pu=usm%402%2Csz%40320_1001%2Cta%40iphone_2_5.0_3_537/baiduid=C0F95CD351C3B5B77422AA3B18E9217B/w=0_10_/t=iphone/l=1/tc?lid=14140154169389471061&amp;ref=www_iphone&amp;w_qd=IlPT2AEptyoA_yisHUCgGCG&amp;order=3&amp;src=https%3A%2F%2Fm.baidu.com%2Fs%3Fword%3Dappium%26ssid%3D0%26from%3D844b%26bd_page_type%3D1%26uid%3D0%26pu%3Dusm%25402%252Csz%2540320_1001%252Cta%2540iphone_2_5.0_3_537%26baiduid%3DC0F95CD351C3B5B77422AA3B18E9217B%26rqid%3D14140154169389471061%26sa%3Dre_dl_cr_9">appium</a><a class="c-gap-right" href="http://m.baidu.com/from=844b/ssid=0/uid=0/bd_page_type=1/pu=usm%402%2Csz%40320_1001%2Cta%40iphone_2_5.0_3_537/baiduid=C0F95CD351C3B5B77422AA3B18E9217B/w=0_10_/t=iphone/l=1/tc?lid=14140154169389471061&amp;ref=www_iphone&amp;w_qd=IlPT2AEptyoA_yisHUCgGCG&amp;order=3&amp;src=https%3A%2F%2Fm.baidu.com%2Fs%3Fword%3Dnode.js%26ssid%3D0%26from%3D844b%26bd_page_type%3D1%26uid%3D0%26pu%3Dusm%25402%252Csz%2540320_1001%252Cta%2540iphone_2_5.0_3_537%26baiduid%3DC0F95CD351C3B5B77422AA3B18E9217B%26rqid%3D14140154169389471061%26sa%3Dre_dl_cr_9">node.js</a></div></div></div><div class="result c-result c-clk-recommend" srcid="www_normal" new_srcid="1599" order="4" tpl="www_normal" data-log="{'fm':'','ensrcid':'www_normal','order':'4','mu':'http://testerhome.com/topics/node68'}" data-ecom-log-info="w_4_"><div class="c-container"><a href="http://m.baidu.com/from=844b/bd_page_type=1/ssid=0/uid=0/pu=usm%402%2Csz%40320_1001%2Cta%40iphone_2_5.0_3_537/baiduid=C0F95CD351C3B5B77422AA3B18E9217B/w=0_10_/t=iphone/l=1/tc?ref=www_iphone&amp;lid=14140154169389471061&amp;order=4&amp;fm=alop&amp;waplogo=1&amp;tj=www_normal_4_0_10_title&amp;vit=osres&amp;waput=3&amp;cltj=normal_title&amp;asres=1&amp;title=Macaca%C2%B7%E7%A4%BE%E5%8C%BA%C2%B7TesterHome&amp;dict=-1&amp;w_qd=IlPT2AEptyoA_yisHUCgGCG&amp;sec=22034&amp;di=0e4c3aaccf611d6a&amp;bdenc=1&amp;nsrc=IlPT2AEptyoA_yixCFOxXnANedT62v3IEh3CQSlG_jWzmI39h47aUbBuXS47M7jTUS48u7K0txS" class="c-blocka"><h3 class="c-title c-gap-top-small"><em>Macaca</em> · 社区 · TesterHome</h3></a><div class="c-row c-abstract c-gap-top-small"><div class="c-span12"><a href="http://m.baidu.com/from=844b/bd_page_type=1/ssid=0/uid=0/pu=usm%402%2Csz%40320_1001%2Cta%40iphone_2_5.0_3_537/baiduid=C0F95CD351C3B5B77422AA3B18E9217B/w=0_10_/t=iphone/l=1/tc?ref=www_iphone&amp;lid=14140154169389471061&amp;order=4&amp;fm=alop&amp;waplogo=1&amp;tj=www_normal_4_0_10_title&amp;vit=osres&amp;waput=3&amp;cltj=normal_title&amp;asres=1&amp;title=Macaca%C2%B7%E7%A4%BE%E5%8C%BA%C2%B7TesterHome&amp;dict=-1&amp;w_qd=IlPT2AEptyoA_yisHUCgGCG&amp;sec=22034&amp;di=0e4c3aaccf611d6a&amp;bdenc=1&amp;nsrc=IlPT2AEptyoA_yixCFOxXnANedT62v3IEh3CQSlG_jWzmI39h47aUbBuXS47M7jTUS48u7K0txS" class="c-blocka"><p class="c-line-clamp3 c-color"><span class="c-gray c-gap-right-small">6天前 - </span><em>Macaca</em> ubuntu16.04 和 win10 环境正确部署 <em>macaca</em>-android2.0.2 和 app-inspector1.2.28  harsayer ...</p></a><div class="c-showurl c-line-clamp1"><span class="c-showurl">testerhome.com</span><span class="c-showurl"> › topics › node68</span></div></div></div></div><div class="c-container c-recomm-wrap" style="display: none;"><div class="c-recomm-cnt c-gray"><span class="c-gap-right"><i class="c-icon"></i>大家还搜：</span><a class="c-gap-right" href="http://m.baidu.com/from=844b/ssid=0/uid=0/bd_page_type=1/pu=usm%402%2Csz%40320_1001%2Cta%40iphone_2_5.0_3_537/baiduid=C0F95CD351C3B5B77422AA3B18E9217B/w=0_10_/t=iphone/l=1/tc?lid=14140154169389471061&amp;ref=www_iphone&amp;w_qd=IlPT2AEptyoA_yisHUCgGCG&amp;order=4&amp;src=https%3A%2F%2Fm.baidu.com%2Fs%3Fword%3Dmacaca%25E8%2587%25AA%25E5%258A%25A8%25E5%258C%2596%25E6%25A1%2586%25E6%259E%25B6%26ssid%3D0%26from%3D844b%26bd_page_type%3D1%26uid%3D0%26pu%3Dusm%25402%252Csz%2540320_1001%252Cta%2540iphone_2_5.0_3_537%26baiduid%3DC0F95CD351C3B5B77422AA3B18E9217B%26rqid%3D14140154169389471061%26sa%3Dre_dl_cr_9">macaca自动化框架</a><a class="c-gap-right" href="http://m.baidu.com/from=844b/ssid=0/uid=0/bd_page_type=1/pu=usm%402%2Csz%40320_1001%2Cta%40iphone_2_5.0_3_537/baiduid=C0F95CD351C3B5B77422AA3B18E9217B/w=0_10_/t=iphone/l=1/tc?lid=14140154169389471061&amp;ref=www_iphone&amp;w_qd=IlPT2AEptyoA_yisHUCgGCG&amp;order=4&amp;src=https%3A%2F%2Fm.baidu.com%2Fs%3Fword%3Dmacaca%2520ios%26ssid%3D0%26from%3D844b%26bd_page_type%3D1%26uid%3D0%26pu%3Dusm%25402%252Csz%2540320_1001%252Cta%2540iphone_2_5.0_3_537%26baiduid%3DC0F95CD351C3B5B77422AA3B18E9217B%26rqid%3D14140154169389471061%26sa%3Dre_dl_cr_9">macaca ios</a><a class="c-gap-right" href="http://m.baidu.com/from=844b/ssid=0/uid=0/bd_page_type=1/pu=usm%402%2Csz%40320_1001%2Cta%40iphone_2_5.0_3_537/baiduid=C0F95CD351C3B5B77422AA3B18E9217B/w=0_10_/t=iphone/l=1/tc?lid=14140154169389471061&amp;ref=www_iphone&amp;w_qd=IlPT2AEptyoA_yisHUCgGCG&amp;order=4&amp;src=https%3A%2F%2Fm.baidu.com%2Fs%3Fword%3Dmacaca%2520appium%26ssid%3D0%26from%3D844b%26bd_page_type%3D1%26uid%3D0%26pu%3Dusm%25402%252Csz%2540320_1001%252Cta%2540iphone_2_5.0_3_537%26baiduid%3DC0F95CD351C3B5B77422AA3B18E9217B%26rqid%3D14140154169389471061%26sa%3Dre_dl_cr_9">macaca appium</a><a class="c-gap-right" href="http://m.baidu.com/from=844b/ssid=0/uid=0/bd_page_type=1/pu=usm%402%2Csz%40320_1001%2Cta%40iphone_2_5.0_3_537/baiduid=C0F95CD351C3B5B77422AA3B18E9217B/w=0_10_/t=iphone/l=1/tc?lid=14140154169389471061&amp;ref=www_iphone&amp;w_qd=IlPT2AEptyoA_yisHUCgGCG&amp;order=4&amp;src=https%3A%2F%2Fm.baidu.com%2Fs%3Fword%3Dmacaca%2520github%26ssid%3D0%26from%3D844b%26bd_page_type%3D1%26uid%3D0%26pu%3Dusm%25402%252Csz%2540320_1001%252Cta%2540iphone_2_5.0_3_537%26baiduid%3DC0F95CD351C3B5B77422AA3B18E9217B%26rqid%3D14140154169389471061%26sa%3Dre_dl_cr_9">macaca github</a><a class="c-gap-right" href="http://m.baidu.com/from=844b/ssid=0/uid=0/bd_page_type=1/pu=usm%402%2Csz%40320_1001%2Cta%40iphone_2_5.0_3_537/baiduid=C0F95CD351C3B5B77422AA3B18E9217B/w=0_10_/t=iphone/l=1/tc?lid=14140154169389471061&amp;ref=www_iphone&amp;w_qd=IlPT2AEptyoA_yisHUCgGCG&amp;order=4&amp;src=https%3A%2F%2Fm.baidu.com%2Fs%3Fword%3Dnode.js%2520%25E5%25AE%2589%25E8%25A3%2585%26ssid%3D0%26from%3D844b%26bd_page_type%3D1%26uid%3D0%26pu%3Dusm%25402%252Csz%2540320_1001%252Cta%2540iphone_2_5.0_3_537%26baiduid%3DC0F95CD351C3B5B77422AA3B18E9217B%26rqid%3D14140154169389471061%26sa%3Dre_dl_cr_9">node.js 安装</a><a class="c-gap-right" href="http://m.baidu.com/from=844b/ssid=0/uid=0/bd_page_type=1/pu=usm%402%2Csz%40320_1001%2Cta%40iphone_2_5.0_3_537/baiduid=C0F95CD351C3B5B77422AA3B18E9217B/w=0_10_/t=iphone/l=1/tc?lid=14140154169389471061&amp;ref=www_iphone&amp;w_qd=IlPT2AEptyoA_yisHUCgGCG&amp;order=4&amp;src=https%3A%2F%2Fm.baidu.com%2Fs%3Fword%3Dappium%26ssid%3D0%26from%3D844b%26bd_page_type%3D1%26uid%3D0%26pu%3Dusm%25402%252Csz%2540320_1001%252Cta%2540iphone_2_5.0_3_537%26baiduid%3DC0F95CD351C3B5B77422AA3B18E9217B%26rqid%3D14140154169389471061%26sa%3Dre_dl_cr_9">appium</a></div></div></div><firstpaint></firstpaint><div class="result c-result" srcid="sigma_celebrity_rela" new_srcid="28339" order="5" tpl="sigma_celebrity_rela" data-log="{'fm':'alop','ensrcid':'sigma_celebrity_rela','order':'5','mu':''}" data-ecom-log-info="w_5_"><div class="c-container"><div class="c-blocka"><h3 class="c-title c-gap-top-small"><em>macaca</em>_相关软件</h3></div><style data-merge="">.wa-sigma-celebrity-f13 { font-size: 20px; vertical-align: top; line-height: 26px;}.wa-sigma-celebrity-f13::before {content: '';display: inline-block;height: 15px;border-left: 1px solid #f1f1f1;}.wa-sigma-celebrity-rela-scroller{white-space:nowrap;}.wa-sigma-celebrity-rela-entity{display:inline-block;vertical-align:top;}.wa-sigma-celebrity-rela-entity:first-child{padding-left:0px;}.wa-sigma-celebrity-rela-name{text-align:center;line-height: 22px; white-space:pre-line;word-break: normal; word-wrap: normal;margin-bottom:2px;}.wa-sigma-celebrity-rela-reason {text-align: center; white-space:pre-line; word-break: normal; word-wrap: normal;font-size:13px;line-height:19px;margin-bottom:0;}.wa-sigma-celebrity-rela-comment {position:relative; height: 21px;margin:0 auto; width: 60px;}.wa-sigma-celebrity-rela-comment .c-icon {display: inline-block; width: 12px; text-align: center;}.wa-sigma-celebrity-rela-comment-graystar {position: absolute; color: #eee;}.wa-sigma-celebrity-rela-comment-redstar {position: absolute; color: #ff0000; white-space: nowrap;overflow: hidden;}.wa-sigma-celebrity-rela-nowrap {white-space:nowrap;}.wa-sigma-celebrity-coverWrap{position:relative;}.wa-sigma-celebrity-cover{width:100%;height:100%;font-size:25px;color:#fff;position:absolute;left:0;top:0;right:0;bottom:0;z-index:2;text-align:center;background:rgba(0,0,0,0.5);overflow:hidden;display:block;}.wa-sigma-celebrity-cover p{font-size:13px;text-align:center;line-height:12px;}.wa-sigma-celebrity-cover-inner{text-align:center;vertical-align:middle;position:absolute;top:50%;left:50%;height:44px;margin-top:-22px;margin-left:-26px;}@media screen and (max-width: 335px) {.wa-sigma-celebrity-rela-comment {width: 50px;}.wa-sigma-celebrity-rela-comment .c-icon {width: 10px;}}</style><b-scroll class="wa-sigma-celebrity-rela-wrapper-5"><div class="c-row-tile c-scroll-wrapper wa-sigma-cere-wrapper-5 c-gap-top-small"><div class="c-scroll-touch"><div class="wa-sigma-celebrity-rela-scroller c-scroll-parent-gap" style="width:            284.90566037736%"><div class="wa-sigma-celebrity-rela-entity c-scroll-element-gap" style="width:8.3333333333333%"><a href="http://m.baidu.com/from=844b/bd_page_type=1/ssid=0/uid=0/pu=usm%402%2Csz%40320_1001%2Cta%40iphone_2_5.0_3_537/baiduid=C0F95CD351C3B5B77422AA3B18E9217B/w=0_10_/t=iphone/l=1/tc?ref=www_iphone&amp;lid=14140154169389471061&amp;order=5&amp;fm=alop&amp;tj=sigma_celebrity_rela_5_0_10_l1&amp;w_qd=IlPT2AEptyoA_yisHUCgGCG&amp;sec=22034&amp;di=5364f5ed308d055f&amp;bdenc=1&amp;nsrc=IlPT2AEptyoA_yixCFOxCGZb8c3JV3T5ABfPNy6R2iv5nk_qva02JcRpX8KgVC4CV5OwdoSRxBx8hyfdO8EpbQV2qBdjxmca9nTwdfm_6gCAG_1Mag2lCL3HGnU2pqmg7Rwgg2Z9FtEoB7-jf_37su-7rsXZ72Qs8sa2eWS6rMaAVY4yW6KZnFqT_kkJDGDgGO7-sxb2eSVITVaTA2urH9znqWNHF8Mfqt0q7NFC_2jXm8lk4gemFRNPWYvUBXt0DPevGdiw-cPNFZJInTMn4TQ2jC8-gNWFJ8-QWBu2y4oyG4S4HxjBIYm2LwtZuNnLCLlTVO3Vercm" data-url="https://m.baidu.com/from=844b/s?word=%25E7%2599%25BE%25E5%25BA%25A6%25E6%25B5%258F%25E8%25A7%2588%25E5%2599%25A8&amp;sa=re_dl_er_28339_1&amp;euri=2a9f406dd53d48cabffbeab5fbb9c457&amp;rqid=14140154169389471061&amp;oq=macaca" class="c-blocka wa-sigma-celebrity-rela-link"><div class="c-img c-img-s" style="background: none;"><img src="https://ss2.baidu.com/6ONYsjip0QIZ8tyhnq/it/u=3533960723,4130723126&amp;fm=58" /></div><p class="wa-sigma-celebrity-rela-name c-line-clamp2">百度浏览器</p><p class="wa-sigma-celebrity-rela-reason c-color-gray c-line-clamp2">快速极简安全流畅强大</p></a></div><div class="wa-sigma-celebrity-rela-entity c-scroll-element-gap" style="width:8.3333333333333%"><a href="http://m.baidu.com/from=844b/bd_page_type=1/ssid=0/uid=0/pu=usm%402%2Csz%40320_1001%2Cta%40iphone_2_5.0_3_537/baiduid=C0F95CD351C3B5B77422AA3B18E9217B/w=0_10_/t=iphone/l=1/tc?ref=www_iphone&amp;lid=14140154169389471061&amp;order=5&amp;fm=alop&amp;tj=sigma_celebrity_rela_5_0_10_l2&amp;w_qd=IlPT2AEptyoA_yisHUCgGCG&amp;sec=22034&amp;di=51612c87f8761be9&amp;bdenc=1&amp;nsrc=IlPT2AEptyoA_yixCFOxCGZb8c3JV3T5ABfPNy6R2iv5nk_qva02JcRpX8KgVC4CV5OwdoSRxBx8hyfdO8EpbMgOgvUxfSgq7XeaxOnr6tPLQcBF92YmJACKG826vbqr8a6vsBYcM2NJBD9xzbS5s2hxv1GFbNMb8cPShHiyqfa0FoOiWlqGmYb81FhJS8bdGO7-c1enqXkaHZzxB2qrJIyAr82JFy2vaw75mvJDDQzUzCo-3q" data-url="https://m.baidu.com/from=844b/s?word=jenkins&amp;sa=re_dl_er_28339_2&amp;euri=1ef42463366a46638c591252f6e8167a&amp;rqid=14140154169389471061&amp;oq=macaca" class="c-blocka wa-sigma-celebrity-rela-link"><div class="c-img c-img-s" style="background: none;"><img src="https://ss1.baidu.com/6ONXsjip0QIZ8tyhnq/it/u=498671830,1179448266&amp;fm=58" /></div><p class="wa-sigma-celebrity-rela-name c-line-clamp2">jenkins</p><p class="wa-sigma-celebrity-rela-reason c-color-gray c-line-clamp2">开源软件项目</p></a></div><div class="wa-sigma-celebrity-rela-entity c-scroll-element-gap" style="width:8.3333333333333%"><a href="http://m.baidu.com/from=844b/bd_page_type=1/ssid=0/uid=0/pu=usm%402%2Csz%40320_1001%2Cta%40iphone_2_5.0_3_537/baiduid=C0F95CD351C3B5B77422AA3B18E9217B/w=0_10_/t=iphone/l=1/tc?ref=www_iphone&amp;lid=14140154169389471061&amp;order=5&amp;fm=alop&amp;tj=sigma_celebrity_rela_5_0_10_l3&amp;w_qd=IlPT2AEptyoA_yisHUCgGCG&amp;sec=22034&amp;di=30a74515010a9a0f&amp;bdenc=1&amp;nsrc=IlPT2AEptyoA_yixCFOxCGZb8c3JV3T5ABfPNy6R2iv5nk_qva02JcRpX8KgVC4CV5OwdoSRxBx8hyfdO8EpbMYYffU6cX9h8TqsgPuAwMDlSMhyqc10OQaVG8kXoamg7fxftwtoReJkM7tcn0O8tggauhXYb2Fuj1iJtCW9rPzMWIn5YlKHnUrk2JxGY8OcDtbEdMqirXoeHJnq3tS5JYG4qXBDEDNcbtSezuQ92ADSzig8" data-url="https://m.baidu.com/from=844b/s?word=docker&amp;sa=re_dl_er_28339_3&amp;euri=af63f130cd0b450ca74ed753a8870973&amp;rqid=14140154169389471061&amp;oq=macaca" class="c-blocka wa-sigma-celebrity-rela-link"><div class="c-img c-img-s" style="background: none;"><img src="https://ss2.baidu.com/6ONYsjip0QIZ8tyhnq/it/u=166756439,1527526503&amp;fm=58" /></div><p class="wa-sigma-celebrity-rela-name c-line-clamp2">docker</p><p class="wa-sigma-celebrity-rela-reason c-color-gray c-line-clamp2">开源的应用容器引擎</p></a></div><div class="wa-sigma-celebrity-rela-entity c-scroll-element-gap" style="width:8.3333333333333%"><a href="http://m.baidu.com/from=844b/bd_page_type=1/ssid=0/uid=0/pu=usm%402%2Csz%40320_1001%2Cta%40iphone_2_5.0_3_537/baiduid=C0F95CD351C3B5B77422AA3B18E9217B/w=0_10_/t=iphone/l=1/tc?ref=www_iphone&amp;lid=14140154169389471061&amp;order=5&amp;fm=alop&amp;tj=sigma_celebrity_rela_5_0_10_l4&amp;w_qd=IlPT2AEptyoA_yisHUCgGCG&amp;sec=22034&amp;di=41351f47da5ecc3b&amp;bdenc=1&amp;nsrc=IlPT2AEptyoA_yixCFOxCGZb8c3JV3T5ABfPNy6R2iv5nk_qva02JcRpX8KgVC4CV5OwdoSRxBx8hyfdO8EpbNoMgfg6xmcdmCzwdsiqtbbKULl1vKxmQwGVIVtwl0qciOxcv12yEQQzAjhjyLvnsdEawc3IaNpw-MOHhXC9qvrQElWmFIeDi6noMJ6OXjKuO3vJc1emrH9fGZr-ANu6GI_2qHZIJCJgxcbq7NER_A0UzCm" data-url="https://m.baidu.com/from=844b/s?word=xcode&amp;sa=re_dl_er_28339_4&amp;euri=b27c839c48d84d09a88641731ebdafd3&amp;rqid=14140154169389471061&amp;oq=macaca" class="c-blocka wa-sigma-celebrity-rela-link"><div class="c-img c-img-s" style="background: none;"><img src="https://ss0.baidu.com/6ONWsjip0QIZ8tyhnq/it/u=1816603557,2118951847&amp;fm=58" /></div><p class="wa-sigma-celebrity-rela-name c-line-clamp2">xcode</p><p class="wa-sigma-celebrity-rela-reason c-color-gray c-line-clamp2">苹果公司开发编程软件</p></a></div><div class="wa-sigma-celebrity-rela-entity c-scroll-element-gap" style="width:8.3333333333333%"><a href="http://m.baidu.com/from=844b/bd_page_type=1/ssid=0/uid=0/pu=usm%402%2Csz%40320_1001%2Cta%40iphone_2_5.0_3_537/baiduid=C0F95CD351C3B5B77422AA3B18E9217B/w=0_10_/t=iphone/l=1/tc?ref=www_iphone&amp;lid=14140154169389471061&amp;order=5&amp;fm=alop&amp;tj=sigma_celebrity_rela_5_0_10_l5&amp;w_qd=IlPT2AEptyoA_yisHUCgGCG&amp;sec=22034&amp;di=ef6af58f0819db31&amp;bdenc=1&amp;nsrc=IlPT2AEptyoA_yixCFOxCGZb8c3JV3T5ABfPNy6R2iv5nk_qva02JcRpX8KgVC4CV5OwdoSRxBx8hyfdO8EpbQV2qBdgxmcaaX8wdfm_hACAG_1Lag2lCbKHGnV5samg7Rwgg2Z9FtEoB7-jf_37su-7rsXZ72Qs8sa2eWS6rMaAVY4yW6KZnFqT_kkJDGDgGO7-sxb2eSVITVaTA2urH9znrWNHF8Mfqt0q7NEZ023DmXxlKtj6ZsdPZVeGLil1WqvmTtSs9BPUYpEXmDMn4TQ2jC8-gNWFJ8-QWBu2y4oyG4S4HxjBIYm2LwtZuNnLCLlTVO3Vercm" data-url="https://m.baidu.com/from=844b/s?word=%25E8%25B0%25B7%25E6%25AD%258C%25E6%25B5%258F%25E8%25A7%2588%25E5%2599%25A8&amp;sa=re_dl_er_28339_5&amp;euri=ee2267717ba8447790e41879bd2045f2&amp;rqid=14140154169389471061&amp;oq=macaca" class="c-blocka wa-sigma-celebrity-rela-link"><div class="c-img c-img-s" style="background: none;"><img src="https://ss0.baidu.com/6ONWsjip0QIZ8tyhnq/it/u=4271233902,2956125879&amp;fm=58" /></div><p class="wa-sigma-celebrity-rela-name c-line-clamp2">谷歌浏览器</p><p class="wa-sigma-celebrity-rela-reason c-color-gray c-line-clamp2">广泛使用的浏览器</p></a></div><div class="wa-sigma-celebrity-rela-entity c-scroll-element-gap" style="width:8.3333333333333%"><a href="http://m.baidu.com/from=844b/bd_page_type=1/ssid=0/uid=0/pu=usm%402%2Csz%40320_1001%2Cta%40iphone_2_5.0_3_537/baiduid=C0F95CD351C3B5B77422AA3B18E9217B/w=0_10_/t=iphone/l=1/tc?ref=www_iphone&amp;lid=14140154169389471061&amp;order=5&amp;fm=alop&amp;tj=sigma_celebrity_rela_5_0_10_l6&amp;w_qd=IlPT2AEptyoA_yisHUCgGCG&amp;sec=22034&amp;di=4c6f660828ae7bd6&amp;bdenc=1&amp;nsrc=IlPT2AEptyoA_yixCFOxCGZb8c3JV3T5ABfPNy6R2iv5nk_qva02JcRpX8KgVC4CV5OwdoSRxBx8hyfdO8EpbNMOfu5kfCdyznvftq8hg_HAS0l2sqw63K7UIH2rmB3cyKkgwB1z01EyUT-azrTntg5aasSJvtVuj1m2hHm5qq8MEYT9FFeFponaB6wFSG0oW4fC-MqirH5bGZ8sAtG6H97FrHVIESZbfAndlKZZOeXQzig83Qq" data-url="https://m.baidu.com/from=844b/s?word=webstorm&amp;sa=re_dl_er_28339_6&amp;euri=e152c0dda3ef4ca685833baa53f418b8&amp;rqid=14140154169389471061&amp;oq=macaca" class="c-blocka wa-sigma-celebrity-rela-link"><div class="c-img c-img-s"><img data-imagedelaysrc="https://ss1.baidu.com/6ONXsjip0QIZ8tyhnq/it/u=2380039900,3087716037&amp;fm=58" data-imageinvisible="1" /></div><p class="wa-sigma-celebrity-rela-name c-line-clamp2">webstorm</p><p class="wa-sigma-celebrity-rela-reason c-color-gray c-line-clamp2">Web前端开发神器</p></a></div><div class="wa-sigma-celebrity-rela-entity c-scroll-element-gap" style="width:8.3333333333333%"><a href="http://m.baidu.com/from=844b/bd_page_type=1/ssid=0/uid=0/pu=usm%402%2Csz%40320_1001%2Cta%40iphone_2_5.0_3_537/baiduid=C0F95CD351C3B5B77422AA3B18E9217B/w=0_10_/t=iphone/l=1/tc?ref=www_iphone&amp;lid=14140154169389471061&amp;order=5&amp;fm=alop&amp;tj=sigma_celebrity_rela_5_0_10_l7&amp;w_qd=IlPT2AEptyoA_yisHUCgGCG&amp;sec=22034&amp;di=d6d3062d906a5304&amp;bdenc=1&amp;nsrc=IlPT2AEptyoA_yixCFOxCGZb8c3JV3T5ABfPNy6R2iv5nk_qva02JcRpX8KgVC4CV5OwdoSRxBx8hyfdO8EpbNgKfv9xa89h8TqsgPuAwMDlSMhyqc10OQaVG8kXpamg7fxftwtoReIyAmhjybS7gthruRXYadIp-1iJsiC9sKaFYoWpW6ODpkrk2JxGY8OcDtbEdMqirXoeHJnq3tS5JYG4qXBDEDNcbtSezuQ92ADSzig8" data-url="https://m.baidu.com/from=844b/s?word=zabbix&amp;sa=re_dl_er_28339_7&amp;euri=3738022e353b4318974ca79e824b9838&amp;rqid=14140154169389471061&amp;oq=macaca" class="c-blocka wa-sigma-celebrity-rela-link"><div class="c-img c-img-s"><img data-imagedelaysrc="https://ss0.baidu.com/6ONWsjip0QIZ8tyhnq/it/u=4014282867,271110198&amp;fm=58" data-imageinvisible="1" /></div><p class="wa-sigma-celebrity-rela-name c-line-clamp2">zabbix</p><p class="wa-sigma-celebrity-rela-reason c-color-gray c-line-clamp2">企业级的开源解决方案</p></a></div><div class="wa-sigma-celebrity-rela-entity c-scroll-element-gap" style="width:8.3333333333333%"><a href="http://m.baidu.com/from=844b/bd_page_type=1/ssid=0/uid=0/pu=usm%402%2Csz%40320_1001%2Cta%40iphone_2_5.0_3_537/baiduid=C0F95CD351C3B5B77422AA3B18E9217B/w=0_10_/t=iphone/l=1/tc?ref=www_iphone&amp;lid=14140154169389471061&amp;order=5&amp;fm=alop&amp;tj=sigma_celebrity_rela_5_0_10_l8&amp;w_qd=IlPT2AEptyoA_yisHUCgGCG&amp;sec=22034&amp;di=87946f1bd97a16e6&amp;bdenc=1&amp;nsrc=IlPT2AEptyoA_yixCFOxCGZb8c3JV3T5ABfPNy6R2iv5nk_qva02JcRpX8KgVC4CV5OwdoSRxBx8hyfdO8EpbNICffQ-cTYq7XeaxOnr6tPLQcBF92YmJACKG826vbSr8a6vsBYcM2NJNzgvnbW9tNl7ucOFbQZu7RqFt8G-f48PYFOjZliDmlb81FhJS8bdGO7-c1enqXkaHZzxB2qrJIyAr82JFy2vaw75mvJDDQzUzCo-3q" data-url="https://m.baidu.com/from=844b/s?word=pycharm&amp;sa=re_dl_er_28339_8&amp;euri=bcdd3030800a4ec4a0f06d2f0fd47341&amp;rqid=14140154169389471061&amp;oq=macaca" class="c-blocka wa-sigma-celebrity-rela-link"><div class="c-img c-img-s"><img data-imagedelaysrc="https://ss0.baidu.com/6ONWsjip0QIZ8tyhnq/it/u=1460995956,843882077&amp;fm=58" data-imageinvisible="1" /></div><p class="wa-sigma-celebrity-rela-name c-line-clamp2">pycharm</p><p class="wa-sigma-celebrity-rela-reason c-color-gray c-line-clamp2">Web开发服务应用软件</p></a></div><div class="wa-sigma-celebrity-rela-entity c-scroll-element-gap" style="width:8.3333333333333%"><a href="http://m.baidu.com/from=844b/bd_page_type=1/ssid=0/uid=0/pu=usm%402%2Csz%40320_1001%2Cta%40iphone_2_5.0_3_537/baiduid=C0F95CD351C3B5B77422AA3B18E9217B/w=0_10_/t=iphone/l=1/tc?ref=www_iphone&amp;lid=14140154169389471061&amp;order=5&amp;fm=alop&amp;tj=sigma_celebrity_rela_5_0_10_l9&amp;w_qd=IlPT2AEptyoA_yisHUCgGCG&amp;sec=22034&amp;di=9d0d349bfaafc0b2&amp;bdenc=1&amp;nsrc=IlPT2AEptyoA_yixCFOxCGZb8c3JV3T5ABfPNy6R2iv5nk_qva02JcRpX8KgVC4CV5OwdoSRxBx8hyfdO8EpbNMSbvcnezphkGjbcbuddhLqXs2yqt500cDxGnprobXF-Lwccw19Bw5oBl6azuS-twsfusXMvA1d-171eSTnrazKE9ipY6LSzYa6_kkJDGHwZLbYcfenqXofGJntBdKuJYKEsXRCECBgaBrh80gFL20-5io-3wzy" data-url="https://m.baidu.com/from=844b/s?word=wireshark&amp;sa=re_dl_er_28339_9&amp;euri=15b11fa128eb49298ed6ccc9b19bcac8&amp;rqid=14140154169389471061&amp;oq=macaca" class="c-blocka wa-sigma-celebrity-rela-link"><div class="c-img c-img-s"><img data-imagedelaysrc="https://ss0.baidu.com/6ONWsjip0QIZ8tyhnq/it/u=2843259309,2381864960&amp;fm=58" data-imageinvisible="1" /></div><p class="wa-sigma-celebrity-rela-name c-line-clamp2">wireshark</p><p class="wa-sigma-celebrity-rela-reason c-color-gray c-line-clamp2">网络封包分析软件</p></a></div><div class="wa-sigma-celebrity-rela-entity c-scroll-element-gap" style="width:8.3333333333333%"><a href="http://m.baidu.com/from=844b/bd_page_type=1/ssid=0/uid=0/pu=usm%402%2Csz%40320_1001%2Cta%40iphone_2_5.0_3_537/baiduid=C0F95CD351C3B5B77422AA3B18E9217B/w=0_10_/t=iphone/l=1/tc?ref=www_iphone&amp;lid=14140154169389471061&amp;order=5&amp;fm=alop&amp;tj=sigma_celebrity_rela_5_0_10_l10&amp;w_qd=IlPT2AEptyoA_yisHUCgGCG&amp;sec=22034&amp;di=eb01db2796839210&amp;bdenc=1&amp;nsrc=IlPT2AEptyoA_yixCFOxCGZb8c3JV3T5ABfPNy6R2iv5nk_qva02JcRpX8KgVC4CV5OwdoSRxBx8hyfdO8EpbNITbO5kdj6mznvftq8hg_HAS0l2sqw63K7UIH2rmB3f80wccw19Bw5oBl5qnrXksdduvBWCvtAd8siIeHC-sKrMFYTzZ9a2mobn2UkJDGHwZLbYcfenqXofGJntBdKuJYKEsXRCECBgaBrh80gFL20-5io-3wzy" data-url="https://m.baidu.com/from=844b/s?word=phpstudy&amp;sa=re_dl_er_28339_10&amp;euri=ae3d4206bbf342759169aae545e94a57&amp;rqid=14140154169389471061&amp;oq=macaca" class="c-blocka wa-sigma-celebrity-rela-link"><div class="c-img c-img-s"><img data-imagedelaysrc="https://ss1.baidu.com/6ONXsjip0QIZ8tyhnq/it/u=2053374235,1017341848&amp;fm=58" data-imageinvisible="1" /></div><p class="wa-sigma-celebrity-rela-name c-line-clamp2">phpstudy</p><p class="wa-sigma-celebrity-rela-reason c-color-gray c-line-clamp2">PHP调试环境的集成包</p></a></div><div class="wa-sigma-celebrity-rela-entity c-scroll-element-gap" style="width:8.3333333333333%"><a href="http://m.baidu.com/from=844b/bd_page_type=1/ssid=0/uid=0/pu=usm%402%2Csz%40320_1001%2Cta%40iphone_2_5.0_3_537/baiduid=C0F95CD351C3B5B77422AA3B18E9217B/w=0_10_/t=iphone/l=1/tc?ref=www_iphone&amp;lid=14140154169389471061&amp;order=5&amp;fm=alop&amp;tj=sigma_celebrity_rela_5_0_10_l11&amp;w_qd=IlPT2AEptyoA_yisHUCgGCG&amp;sec=22034&amp;di=681542dd1e18be7b&amp;bdenc=1&amp;nsrc=IlPT2AEptyoA_yixCFOxCGZb8c3JV3T5ABfPNy6R2iv5nk_qva02JcRpX8KgVC4CV5OwdoSRxBx8hyfdO8EpbNE4bLdmtShuznqRtamXtsnlS2ZyfQlnOAfxGXFhorbrmOlzg2UJP2FjM7Fj5rTkhAd7vcTUbw1d8czZsCOyrPzRYFDuFIyZnF7kM9VTHyD2DObEdMunqH5aHpHv3dqwG9S1rn2UEyY-qBrgbboV_gDSza" data-url="https://m.baidu.com/from=844b/s?word=qtp&amp;sa=re_dl_er_28339_11&amp;euri=95bf8892dbb84306b433daf153d0a9fc&amp;rqid=14140154169389471061&amp;oq=macaca" class="c-blocka wa-sigma-celebrity-rela-link"><div class="c-img c-img-s"><img data-imagedelaysrc="https://ss2.baidu.com/6ONYsjip0QIZ8tyhnq/it/u=3367680773,1136689973&amp;fm=58" data-imageinvisible="1" /></div><p class="wa-sigma-celebrity-rela-name c-line-clamp2">qtp</p><p class="wa-sigma-celebrity-rela-reason c-color-gray c-line-clamp2">自动测试工具</p></a></div><div class="wa-sigma-celebrity-rela-entity c-scroll-element-gap" style="width:8.3333333333333%"><a href="http://m.baidu.com/from=844b/bd_page_type=1/ssid=0/uid=0/pu=usm%402%2Csz%40320_1001%2Cta%40iphone_2_5.0_3_537/baiduid=C0F95CD351C3B5B77422AA3B18E9217B/w=0_10_/t=iphone/l=1/tc?ref=www_iphone&amp;lid=14140154169389471061&amp;order=5&amp;fm=alop&amp;tj=sigma_celebrity_rela_5_0_10_l12&amp;w_qd=IlPT2AEptyoA_yisHUCgGCG&amp;sec=22034&amp;di=9eb8ad27250a17cf&amp;bdenc=1&amp;nsrc=IlPT2AEptyoA_yixCFOxCGZb8c3JV3T5ABfPNy6R2iv5nk_qva02JcRpX8KgVC4CV5OwdoSRxBx8hyfdO8EpbQV2qBdgxmca98bwdfm25gCAG_1Mag2lQr3HGnU2mKmg7Rwfg2Z9POMoB7-iz_37su-srsXZ7tYs8sa257S6rMaFVY4y17mZnFrb25kJDGDgGO7-sxb2eSVITVaTA2urH9znqXJUEyYvr1m7zuQ9PdiDmHpf4A7aY1ZKZYuFBXcZXaqxSdqv-M4XZ-UUonE53XA_pCC9du09InlNXBqByP5-JvqIHhX3J9i4KBdCvQDJXKsoL3uTeLko0K" data-url="https://m.baidu.com/from=844b/s?word=%25E8%2587%25AA%25E5%258A%25A8%25E5%258C%2596%25E6%25B5%258B%25E8%25AF%2595&amp;sa=re_dl_er_28339_12&amp;euri=792719fb9f714c0bb810c23eaf711a8c&amp;rqid=14140154169389471061&amp;oq=macaca" class="c-blocka wa-sigma-celebrity-rela-link"><div class="c-img c-img-s"><img data-imagedelaysrc="https://ss1.baidu.com/6ONXsjip0QIZ8tyhnq/it/u=3612569533,2367817372&amp;fm=58" data-imageinvisible="1" /></div><p class="wa-sigma-celebrity-rela-name c-line-clamp2">自动化测试</p><p class="wa-sigma-celebrity-rela-reason c-color-gray c-line-clamp2">预设条件下运行程序</p></a></div></div></div></div></b-scroll></div></div><div class="result c-result c-clk-recommend" srcid="www_normal" new_srcid="1599" order="6" tpl="www_normal" data-log="{'fm':'','ensrcid':'www_normal','order':'6','mu':'http://www.cnblogs.com/fnng/p/5929842.html'}" data-ecom-log-info="w_6_"><div class="c-container"><a href="http://m.baidu.com/from=844b/bd_page_type=1/ssid=0/uid=0/pu=usm%402%2Csz%40320_1001%2Cta%40iphone_2_5.0_3_537/baiduid=C0F95CD351C3B5B77422AA3B18E9217B/w=0_10_/t=iphone/l=3/tc?ref=www_iphone&amp;lid=14140154169389471061&amp;order=6&amp;fm=alop&amp;tj=www_normal_6_0_10_title&amp;vit=osres&amp;m=8&amp;srd=1&amp;cltj=cloud_title&amp;asres=1&amp;nt=wnor&amp;title=Macaca%E8%87%AA%E5%8A%A8%E5%8C%96%E6%B5%8B%E8%AF%95%E4%B9%8BAndroid%E6%B5%8B%E8%AF%95-%E8%99%AB%E5%B8%88-%E5%8D%9A%E5%AE%A2%E5%9B%AD&amp;dict=30&amp;w_qd=IlPT2AEptyoA_yisHUCgGCG&amp;sec=22034&amp;di=922b800a664a7ae8&amp;bdenc=1&amp;nsrc=IlPT2AEptyoA_yixCFOxXnANedT62v3IEQGG_ytK1DK6mlrte4viZQRAZD86NzrIBVWwdoTLqBs1uHCdAT-il17" class="c-blocka" sftc="1" data-title="&lt;em&gt;Macaca&lt;/em&gt;自动化测试之Android测试 - 虫师 - 博客园"><h3 class="c-title c-gap-top-small"><em>Macaca</em>自动化测试之Android测试 - 虫师 - 博客园</h3></a><div class="c-row c-abstract c-gap-top-small"><div class="c-span3"><a href="http://m.baidu.com/from=844b/bd_page_type=1/ssid=0/uid=0/pu=usm%402%2Csz%40320_1001%2Cta%40iphone_2_5.0_3_537/baiduid=C0F95CD351C3B5B77422AA3B18E9217B/w=0_10_/t=iphone/l=3/tc?ref=www_iphone&amp;lid=14140154169389471061&amp;order=6&amp;fm=alop&amp;tj=www_normal_6_0_10_title&amp;vit=osres&amp;m=8&amp;srd=1&amp;cltj=cloud_title&amp;asres=1&amp;nt=wnor&amp;title=Macaca%E8%87%AA%E5%8A%A8%E5%8C%96%E6%B5%8B%E8%AF%95%E4%B9%8BAndroid%E6%B5%8B%E8%AF%95-%E8%99%AB%E5%B8%88-%E5%8D%9A%E5%AE%A2%E5%9B%AD&amp;dict=30&amp;w_qd=IlPT2AEptyoA_yisHUCgGCG&amp;sec=22034&amp;di=922b800a664a7ae8&amp;bdenc=1&amp;nsrc=IlPT2AEptyoA_yixCFOxXnANedT62v3IEQGG_ytK1DK6mlrte4viZQRAZD86NzrIBVWwdoTLqBs1uHCdAT-il17" class="c-blocka" sftc="1" data-title="&lt;em&gt;Macaca&lt;/em&gt;自动化测试之Android测试 - 虫师 - 博客园"><div class="c-img c-img-s" style="background: none;"><img src="https://ss0.bdstatic.com/9bA1vGfa2gU2pMbfm9GUKT-w/timg?wisealaddin&amp;size=u200_200&amp;quality=80&amp;sec=1498445661&amp;di=8c7fed859207e9b636a869659358ef09&amp;src=http%3A%2F%2Fi8.baidu.com%2Fit%2Fu%3D1190414170%2C571750852%26fm%3D78%26s%3D869835CA43FEB6690049EC0C000070C2" /></div></a></div><div class="c-span9"><a href="http://m.baidu.com/from=844b/bd_page_type=1/ssid=0/uid=0/pu=usm%402%2Csz%40320_1001%2Cta%40iphone_2_5.0_3_537/baiduid=C0F95CD351C3B5B77422AA3B18E9217B/w=0_10_/t=iphone/l=3/tc?ref=www_iphone&amp;lid=14140154169389471061&amp;order=6&amp;fm=alop&amp;tj=www_normal_6_0_10_title&amp;vit=osres&amp;m=8&amp;srd=1&amp;cltj=cloud_title&amp;asres=1&amp;nt=wnor&amp;title=Macaca%E8%87%AA%E5%8A%A8%E5%8C%96%E6%B5%8B%E8%AF%95%E4%B9%8BAndroid%E6%B5%8B%E8%AF%95-%E8%99%AB%E5%B8%88-%E5%8D%9A%E5%AE%A2%E5%9B%AD&amp;dict=30&amp;w_qd=IlPT2AEptyoA_yisHUCgGCG&amp;sec=22034&amp;di=922b800a664a7ae8&amp;bdenc=1&amp;nsrc=IlPT2AEptyoA_yixCFOxXnANedT62v3IEQGG_ytK1DK6mlrte4viZQRAZD86NzrIBVWwdoTLqBs1uHCdAT-il17" class="c-blocka" sftc="1" data-title="&lt;em&gt;Macaca&lt;/em&gt;自动化测试之Android测试 - 虫师 - 博客园"><p class="c-line-clamp3 c-color"><span class="c-gray c-gap-right-small">2016年10月3日 - </span><em>Macaca</em> PC端Web自动化测试非常类似于Selenium,而移动端自动化测试非常类似于Appium,如果你搭建过Appium环境,<em>Ma</em>...</p></a><div class="c-showurl c-line-clamp1"><span class="c-showurl">www.cnblogs.com</span><span class="c-showurl"> › fnng › ...</span></div></div></div></div><div class="c-container c-recomm-wrap" style="display: none;"><div class="c-recomm-cnt c-gray"><span class="c-gap-right"><i class="c-icon"></i>大家还搜：</span><a class="c-gap-right" href="http://m.baidu.com/from=844b/ssid=0/uid=0/bd_page_type=1/pu=usm%402%2Csz%40320_1001%2Cta%40iphone_2_5.0_3_537/baiduid=C0F95CD351C3B5B77422AA3B18E9217B/w=0_10_/t=iphone/l=1/tc?lid=14140154169389471061&amp;ref=www_iphone&amp;w_qd=IlPT2AEptyoA_yisHUCgGCG&amp;order=6&amp;src=https%3A%2F%2Fm.baidu.com%2Fs%3Fword%3Dmacaca%25E8%2587%25AA%25E5%258A%25A8%25E5%258C%2596%25E6%25A1%2586%25E6%259E%25B6%26ssid%3D0%26from%3D844b%26bd_page_type%3D1%26uid%3D0%26pu%3Dusm%25402%252Csz%2540320_1001%252Cta%2540iphone_2_5.0_3_537%26baiduid%3DC0F95CD351C3B5B77422AA3B18E9217B%26rqid%3D14140154169389471061%26sa%3Dre_dl_cr_9">macaca自动化框架</a><a class="c-gap-right" href="http://m.baidu.com/from=844b/ssid=0/uid=0/bd_page_type=1/pu=usm%402%2Csz%40320_1001%2Cta%40iphone_2_5.0_3_537/baiduid=C0F95CD351C3B5B77422AA3B18E9217B/w=0_10_/t=iphone/l=1/tc?lid=14140154169389471061&amp;ref=www_iphone&amp;w_qd=IlPT2AEptyoA_yisHUCgGCG&amp;order=6&amp;src=https%3A%2F%2Fm.baidu.com%2Fs%3Fword%3Dmacaca%2520appium%26ssid%3D0%26from%3D844b%26bd_page_type%3D1%26uid%3D0%26pu%3Dusm%25402%252Csz%2540320_1001%252Cta%2540iphone_2_5.0_3_537%26baiduid%3DC0F95CD351C3B5B77422AA3B18E9217B%26rqid%3D14140154169389471061%26sa%3Dre_dl_cr_9">macaca appium</a><a class="c-gap-right" href="http://m.baidu.com/from=844b/ssid=0/uid=0/bd_page_type=1/pu=usm%402%2Csz%40320_1001%2Cta%40iphone_2_5.0_3_537/baiduid=C0F95CD351C3B5B77422AA3B18E9217B/w=0_10_/t=iphone/l=1/tc?lid=14140154169389471061&amp;ref=www_iphone&amp;w_qd=IlPT2AEptyoA_yisHUCgGCG&amp;order=6&amp;src=https%3A%2F%2Fm.baidu.com%2Fs%3Fword%3Dmacaca%2520ios%26ssid%3D0%26from%3D844b%26bd_page_type%3D1%26uid%3D0%26pu%3Dusm%25402%252Csz%2540320_1001%252Cta%2540iphone_2_5.0_3_537%26baiduid%3DC0F95CD351C3B5B77422AA3B18E9217B%26rqid%3D14140154169389471061%26sa%3Dre_dl_cr_9">macaca ios</a><a class="c-gap-right" href="http://m.baidu.com/from=844b/ssid=0/uid=0/bd_page_type=1/pu=usm%402%2Csz%40320_1001%2Cta%40iphone_2_5.0_3_537/baiduid=C0F95CD351C3B5B77422AA3B18E9217B/w=0_10_/t=iphone/l=1/tc?lid=14140154169389471061&amp;ref=www_iphone&amp;w_qd=IlPT2AEptyoA_yisHUCgGCG&amp;order=6&amp;src=https%3A%2F%2Fm.baidu.com%2Fs%3Fword%3Dmacaca%25E5%2592%258Cappium%26ssid%3D0%26from%3D844b%26bd_page_type%3D1%26uid%3D0%26pu%3Dusm%25402%252Csz%2540320_1001%252Cta%2540iphone_2_5.0_3_537%26baiduid%3DC0F95CD351C3B5B77422AA3B18E9217B%26rqid%3D14140154169389471061%26sa%3Dre_dl_cr_9">macaca和appium</a><a class="c-gap-right" href="http://m.baidu.com/from=844b/ssid=0/uid=0/bd_page_type=1/pu=usm%402%2Csz%40320_1001%2Cta%40iphone_2_5.0_3_537/baiduid=C0F95CD351C3B5B77422AA3B18E9217B/w=0_10_/t=iphone/l=1/tc?lid=14140154169389471061&amp;ref=www_iphone&amp;w_qd=IlPT2AEptyoA_yisHUCgGCG&amp;order=6&amp;src=https%3A%2F%2Fm.baidu.com%2Fs%3Fword%3Dnode.js%2520%25E5%25AE%2589%25E8%25A3%2585%26ssid%3D0%26from%3D844b%26bd_page_type%3D1%26uid%3D0%26pu%3Dusm%25402%252Csz%2540320_1001%252Cta%2540iphone_2_5.0_3_537%26baiduid%3DC0F95CD351C3B5B77422AA3B18E9217B%26rqid%3D14140154169389471061%26sa%3Dre_dl_cr_9">node.js 安装</a><a class="c-gap-right" href="http://m.baidu.com/from=844b/ssid=0/uid=0/bd_page_type=1/pu=usm%402%2Csz%40320_1001%2Cta%40iphone_2_5.0_3_537/baiduid=C0F95CD351C3B5B77422AA3B18E9217B/w=0_10_/t=iphone/l=1/tc?lid=14140154169389471061&amp;ref=www_iphone&amp;w_qd=IlPT2AEptyoA_yisHUCgGCG&amp;order=6&amp;src=https%3A%2F%2Fm.baidu.com%2Fs%3Fword%3Dappium%26ssid%3D0%26from%3D844b%26bd_page_type%3D1%26uid%3D0%26pu%3Dusm%25402%252Csz%2540320_1001%252Cta%2540iphone_2_5.0_3_537%26baiduid%3DC0F95CD351C3B5B77422AA3B18E9217B%26rqid%3D14140154169389471061%26sa%3Dre_dl_cr_9">appium</a></div></div></div><div class="result c-result c-clk-recommend" srcid="www_normal" new_srcid="1599" order="7" tpl="www_normal" data-log="{'fm':'','ensrcid':'www_normal','order':'7','mu':'http://www.macaca.com.tw/'}" data-ecom-log-info="w_7_"><div class="c-container"><a href="http://m.baidu.com/from=844b/bd_page_type=1/ssid=0/uid=0/pu=usm%402%2Csz%40320_1001%2Cta%40iphone_2_5.0_3_537/baiduid=C0F95CD351C3B5B77422AA3B18E9217B/w=0_10_/t=iphone/l=3/tc?ref=www_iphone&amp;lid=14140154169389471061&amp;order=7&amp;fm=alop&amp;tj=www_normal_7_0_10_title&amp;vit=osres&amp;m=8&amp;srd=1&amp;cltj=cloud_title&amp;asres=1&amp;title=MACACA%E8%BC%95%E9%81%8B%E5%8B%95%E7%94%9F%E6%B4%BB%E6%9C%8D&amp;dict=32&amp;w_qd=IlPT2AEptyoA_yisHUCgGCG&amp;sec=22034&amp;di=9f5c299dec474166&amp;bdenc=1&amp;nsrc=IlPT2AEptyoA_yixCFOxXnANedT62v3IEQGG_yFZ1TexnI39h47lF11fEFW" class="c-blocka"><h3 class="c-title c-gap-top-small"><em>MACACA</em>輕運動生活服</h3></a><div class="c-row c-abstract c-gap-top-small"><div class="c-span12"><a href="http://m.baidu.com/from=844b/bd_page_type=1/ssid=0/uid=0/pu=usm%402%2Csz%40320_1001%2Cta%40iphone_2_5.0_3_537/baiduid=C0F95CD351C3B5B77422AA3B18E9217B/w=0_10_/t=iphone/l=3/tc?ref=www_iphone&amp;lid=14140154169389471061&amp;order=7&amp;fm=alop&amp;tj=www_normal_7_0_10_title&amp;vit=osres&amp;m=8&amp;srd=1&amp;cltj=cloud_title&amp;asres=1&amp;title=MACACA%E8%BC%95%E9%81%8B%E5%8B%95%E7%94%9F%E6%B4%BB%E6%9C%8D&amp;dict=32&amp;w_qd=IlPT2AEptyoA_yisHUCgGCG&amp;sec=22034&amp;di=9f5c299dec474166&amp;bdenc=1&amp;nsrc=IlPT2AEptyoA_yixCFOxXnANedT62v3IEQGG_yFZ1TexnI39h47lF11fEFW" class="c-blocka"><p class="c-line-clamp3 c-color">PRODUCTS/產品分類 LOOKBOOK ACTIVITY/運動類型 BLOG/生活誌Top...</p></a><div class="c-showurl c-line-clamp1"><span class="c-showurl">www.macaca.com.tw</span><span class="c-showurl"></span></div></div></div></div><div class="c-container c-recomm-wrap" style="display: none;"><div class="c-recomm-cnt c-gray"><span class="c-gap-right"><i class="c-icon"></i>大家还搜：</span><a class="c-gap-right" href="http://m.baidu.com/from=844b/ssid=0/uid=0/bd_page_type=1/pu=usm%402%2Csz%40320_1001%2Cta%40iphone_2_5.0_3_537/baiduid=C0F95CD351C3B5B77422AA3B18E9217B/w=0_10_/t=iphone/l=1/tc?lid=14140154169389471061&amp;ref=www_iphone&amp;w_qd=IlPT2AEptyoA_yisHUCgGCG&amp;order=7&amp;src=https%3A%2F%2Fm.baidu.com%2Fs%3Fword%3Dmacaca%25E8%2587%25AA%25E5%258A%25A8%25E5%258C%2596%25E6%25A1%2586%25E6%259E%25B6%26ssid%3D0%26from%3D844b%26bd_page_type%3D1%26uid%3D0%26pu%3Dusm%25402%252Csz%2540320_1001%252Cta%2540iphone_2_5.0_3_537%26baiduid%3DC0F95CD351C3B5B77422AA3B18E9217B%26rqid%3D14140154169389471061%26sa%3Dre_dl_cr_11">macaca自动化框架</a><a class="c-gap-right" href="http://m.baidu.com/from=844b/ssid=0/uid=0/bd_page_type=1/pu=usm%402%2Csz%40320_1001%2Cta%40iphone_2_5.0_3_537/baiduid=C0F95CD351C3B5B77422AA3B18E9217B/w=0_10_/t=iphone/l=1/tc?lid=14140154169389471061&amp;ref=www_iphone&amp;w_qd=IlPT2AEptyoA_yisHUCgGCG&amp;order=7&amp;src=https%3A%2F%2Fm.baidu.com%2Fs%3Fword%3Dmacaca%25E5%25AE%2598%25E7%25BD%2591%26ssid%3D0%26from%3D844b%26bd_page_type%3D1%26uid%3D0%26pu%3Dusm%25402%252Csz%2540320_1001%252Cta%2540iphone_2_5.0_3_537%26baiduid%3DC0F95CD351C3B5B77422AA3B18E9217B%26rqid%3D14140154169389471061%26sa%3Dre_dl_cr_11">macaca官网</a><a class="c-gap-right" href="http://m.baidu.com/from=844b/ssid=0/uid=0/bd_page_type=1/pu=usm%402%2Csz%40320_1001%2Cta%40iphone_2_5.0_3_537/baiduid=C0F95CD351C3B5B77422AA3B18E9217B/w=0_10_/t=iphone/l=1/tc?lid=14140154169389471061&amp;ref=www_iphone&amp;w_qd=IlPT2AEptyoA_yisHUCgGCG&amp;order=7&amp;src=https%3A%2F%2Fm.baidu.com%2Fs%3Fword%3Dmacaca%2520ios%26ssid%3D0%26from%3D844b%26bd_page_type%3D1%26uid%3D0%26pu%3Dusm%25402%252Csz%2540320_1001%252Cta%2540iphone_2_5.0_3_537%26baiduid%3DC0F95CD351C3B5B77422AA3B18E9217B%26rqid%3D14140154169389471061%26sa%3Dre_dl_cr_11">macaca ios</a><a class="c-gap-right" href="http://m.baidu.com/from=844b/ssid=0/uid=0/bd_page_type=1/pu=usm%402%2Csz%40320_1001%2Cta%40iphone_2_5.0_3_537/baiduid=C0F95CD351C3B5B77422AA3B18E9217B/w=0_10_/t=iphone/l=1/tc?lid=14140154169389471061&amp;ref=www_iphone&amp;w_qd=IlPT2AEptyoA_yisHUCgGCG&amp;order=7&amp;src=https%3A%2F%2Fm.baidu.com%2Fs%3Fword%3Dmacaca%25E5%25AE%2589%25E8%25A3%2585%26ssid%3D0%26from%3D844b%26bd_page_type%3D1%26uid%3D0%26pu%3Dusm%25402%252Csz%2540320_1001%252Cta%2540iphone_2_5.0_3_537%26baiduid%3DC0F95CD351C3B5B77422AA3B18E9217B%26rqid%3D14140154169389471061%26sa%3Dre_dl_cr_11">macaca安装</a><a class="c-gap-right" href="http://m.baidu.com/from=844b/ssid=0/uid=0/bd_page_type=1/pu=usm%402%2Csz%40320_1001%2Cta%40iphone_2_5.0_3_537/baiduid=C0F95CD351C3B5B77422AA3B18E9217B/w=0_10_/t=iphone/l=1/tc?lid=14140154169389471061&amp;ref=www_iphone&amp;w_qd=IlPT2AEptyoA_yisHUCgGCG&amp;order=7&amp;src=https%3A%2F%2Fm.baidu.com%2Fs%3Fword%3Dmacaca%2520java%26ssid%3D0%26from%3D844b%26bd_page_type%3D1%26uid%3D0%26pu%3Dusm%25402%252Csz%2540320_1001%252Cta%2540iphone_2_5.0_3_537%26baiduid%3DC0F95CD351C3B5B77422AA3B18E9217B%26rqid%3D14140154169389471061%26sa%3Dre_dl_cr_11">macaca java</a><a class="c-gap-right" href="http://m.baidu.com/from=844b/ssid=0/uid=0/bd_page_type=1/pu=usm%402%2Csz%40320_1001%2Cta%40iphone_2_5.0_3_537/baiduid=C0F95CD351C3B5B77422AA3B18E9217B/w=0_10_/t=iphone/l=1/tc?lid=14140154169389471061&amp;ref=www_iphone&amp;w_qd=IlPT2AEptyoA_yisHUCgGCG&amp;order=7&amp;src=https%3A%2F%2Fm.baidu.com%2Fs%3Fword%3Dmacaca%2520appium%26ssid%3D0%26from%3D844b%26bd_page_type%3D1%26uid%3D0%26pu%3Dusm%25402%252Csz%2540320_1001%252Cta%2540iphone_2_5.0_3_537%26baiduid%3DC0F95CD351C3B5B77422AA3B18E9217B%26rqid%3D14140154169389471061%26sa%3Dre_dl_cr_11">macaca appium</a></div></div></div><div class="result c-result c-clk-recommend" srcid="www_normal" new_srcid="1599" order="8" tpl="www_normal" data-log="{'fm':'','ensrcid':'www_normal','order':'8','mu':'http://cnodejs.org/topic/56f116f3532839c33a99d0bc'}" data-ecom-log-info="w_8_"><div class="c-container"><a href="http://m.baidu.com/from=844b/bd_page_type=1/ssid=0/uid=0/pu=usm%402%2Csz%40320_1001%2Cta%40iphone_2_5.0_3_537/baiduid=C0F95CD351C3B5B77422AA3B18E9217B/w=0_10_/t=iphone/l=1/tc?ref=www_iphone&amp;lid=14140154169389471061&amp;order=8&amp;fm=alop&amp;waplogo=1&amp;tj=www_normal_8_0_10_title&amp;vit=osres&amp;waput=4&amp;cltj=normal_title&amp;asres=1&amp;title=Macaca%E6%96%87%E6%A1%A3%E6%AD%A3%E5%BC%8F%E5%BC%80%E6%94%BE%E5%95%A6-CNode%E6%8A%80%E6%9C%AF%E7%A4%BE%E5%8C%BA&amp;dict=-1&amp;w_qd=IlPT2AEptyoA_yisHUCgGCG&amp;sec=22034&amp;di=67b77bbe942ccf08&amp;bdenc=1&amp;nsrc=IlPT2AEptyoA_yixCFOxXnANedT62v3IJRiOMSlOAXS6j5byqRLrHsZjYXKhVirEJZSccmTRtBwDuHOiPGMpiBlCeKw7g_" class="c-blocka"><h3 class="c-title c-gap-top-small"><em>Macaca</em> 文档正式开放啦 - CNode技术社区</h3></a><div class="c-row c-abstract c-gap-top-small"><div class="c-span12"><a href="http://m.baidu.com/from=844b/bd_page_type=1/ssid=0/uid=0/pu=usm%402%2Csz%40320_1001%2Cta%40iphone_2_5.0_3_537/baiduid=C0F95CD351C3B5B77422AA3B18E9217B/w=0_10_/t=iphone/l=1/tc?ref=www_iphone&amp;lid=14140154169389471061&amp;order=8&amp;fm=alop&amp;waplogo=1&amp;tj=www_normal_8_0_10_title&amp;vit=osres&amp;waput=4&amp;cltj=normal_title&amp;asres=1&amp;title=Macaca%E6%96%87%E6%A1%A3%E6%AD%A3%E5%BC%8F%E5%BC%80%E6%94%BE%E5%95%A6-CNode%E6%8A%80%E6%9C%AF%E7%A4%BE%E5%8C%BA&amp;dict=-1&amp;w_qd=IlPT2AEptyoA_yisHUCgGCG&amp;sec=22034&amp;di=67b77bbe942ccf08&amp;bdenc=1&amp;nsrc=IlPT2AEptyoA_yixCFOxXnANedT62v3IJRiOMSlOAXS6j5byqRLrHsZjYXKhVirEJZSccmTRtBwDuHOiPGMpiBlCeKw7g_" class="c-blocka"><p class="c-line-clamp3 c-color">之前<em>Macaca</em> 团队的同学分别贴出了 iOS 和 Android 应用使用 <em>Macaca</em> 测试的例子。 [自动化平台系列] - 使...</p></a><div class="c-showurl c-line-clamp1"><span class="c-showurl">cnodejs.org</span><span class="c-showurl"> › topic › ...</span></div></div></div></div><div class="c-container c-recomm-wrap" style="display: none;"><div class="c-recomm-cnt c-gray"><span class="c-gap-right"><i class="c-icon"></i>大家还搜：</span><a class="c-gap-right" href="http://m.baidu.com/from=844b/ssid=0/uid=0/bd_page_type=1/pu=usm%402%2Csz%40320_1001%2Cta%40iphone_2_5.0_3_537/baiduid=C0F95CD351C3B5B77422AA3B18E9217B/w=0_10_/t=iphone/l=1/tc?lid=14140154169389471061&amp;ref=www_iphone&amp;w_qd=IlPT2AEptyoA_yisHUCgGCG&amp;order=8&amp;src=https%3A%2F%2Fm.baidu.com%2Fs%3Fword%3Dmacaca%25E8%2587%25AA%25E5%258A%25A8%25E5%258C%2596%25E6%25A1%2586%25E6%259E%25B6%26ssid%3D0%26from%3D844b%26bd_page_type%3D1%26uid%3D0%26pu%3Dusm%25402%252Csz%2540320_1001%252Cta%2540iphone_2_5.0_3_537%26baiduid%3DC0F95CD351C3B5B77422AA3B18E9217B%26rqid%3D14140154169389471061%26sa%3Dre_dl_cr_9">macaca自动化框架</a><a class="c-gap-right" href="http://m.baidu.com/from=844b/ssid=0/uid=0/bd_page_type=1/pu=usm%402%2Csz%40320_1001%2Cta%40iphone_2_5.0_3_537/baiduid=C0F95CD351C3B5B77422AA3B18E9217B/w=0_10_/t=iphone/l=1/tc?lid=14140154169389471061&amp;ref=www_iphone&amp;w_qd=IlPT2AEptyoA_yisHUCgGCG&amp;order=8&amp;src=https%3A%2F%2Fm.baidu.com%2Fs%3Fword%3Dmacaca%2520appium%26ssid%3D0%26from%3D844b%26bd_page_type%3D1%26uid%3D0%26pu%3Dusm%25402%252Csz%2540320_1001%252Cta%2540iphone_2_5.0_3_537%26baiduid%3DC0F95CD351C3B5B77422AA3B18E9217B%26rqid%3D14140154169389471061%26sa%3Dre_dl_cr_9">macaca appium</a><a class="c-gap-right" href="http://m.baidu.com/from=844b/ssid=0/uid=0/bd_page_type=1/pu=usm%402%2Csz%40320_1001%2Cta%40iphone_2_5.0_3_537/baiduid=C0F95CD351C3B5B77422AA3B18E9217B/w=0_10_/t=iphone/l=1/tc?lid=14140154169389471061&amp;ref=www_iphone&amp;w_qd=IlPT2AEptyoA_yisHUCgGCG&amp;order=8&amp;src=https%3A%2F%2Fm.baidu.com%2Fs%3Fword%3Dmacaca%25E6%2595%2599%25E7%25A8%258B%26ssid%3D0%26from%3D844b%26bd_page_type%3D1%26uid%3D0%26pu%3Dusm%25402%252Csz%2540320_1001%252Cta%2540iphone_2_5.0_3_537%26baiduid%3DC0F95CD351C3B5B77422AA3B18E9217B%26rqid%3D14140154169389471061%26sa%3Dre_dl_cr_9">macaca教程</a></div></div></div><div class="result c-result c-clk-recommend" srcid="www_normal" new_srcid="1599" order="9" tpl="www_normal" data-log="{'fm':'','ensrcid':'www_normal','order':'9','mu':'http://www.tuicool.com/articles/nABjMbv'}" data-ecom-log-info="w_9_"><div class="c-container"><a href="http://m.baidu.com/from=844b/bd_page_type=1/ssid=0/uid=0/pu=usm%402%2Csz%40320_1001%2Cta%40iphone_2_5.0_3_537/baiduid=C0F95CD351C3B5B77422AA3B18E9217B/w=0_10_/t=iphone/l=1/tc?ref=www_iphone&amp;lid=14140154169389471061&amp;order=9&amp;fm=alop&amp;tj=www_normal_9_0_10_title&amp;url_mf_score=4&amp;vit=osres&amp;m=8&amp;cltj=cloud_title&amp;asres=1&amp;nt=wnor&amp;title=Macaca%E6%B5%8B%E8%AF%95Android%E5%8E%9F%E7%90%86%E8%A7%A3%E6%9E%90-UIAutomator..._%E6%8E%A8%E9%85%B7&amp;dict=21&amp;w_qd=IlPT2AEptyoA_yisHUCgGCG&amp;sec=22034&amp;di=35149ea7ef611b3b&amp;bdenc=1&amp;nsrc=IlPT2AEptyoA_yixCFOxXnANedT62v3IEQGG_zpF_zm6okHte4viZQRAYyHbKXiKJlKwdoSEo_tLjSLh" class="c-blocka"><h3 class="c-title c-gap-top-small"><em>Macaca</em> 测试 Android 原理解析 - UIAutomator ..._推酷</h3></a><div class="c-row c-abstract c-gap-top-small"><div class="c-span3"><a href="http://m.baidu.com/from=844b/bd_page_type=1/ssid=0/uid=0/pu=usm%402%2Csz%40320_1001%2Cta%40iphone_2_5.0_3_537/baiduid=C0F95CD351C3B5B77422AA3B18E9217B/w=0_10_/t=iphone/l=1/tc?ref=www_iphone&amp;lid=14140154169389471061&amp;order=9&amp;fm=alop&amp;tj=www_normal_9_0_10_title&amp;url_mf_score=4&amp;vit=osres&amp;m=8&amp;cltj=cloud_title&amp;asres=1&amp;nt=wnor&amp;title=Macaca%E6%B5%8B%E8%AF%95Android%E5%8E%9F%E7%90%86%E8%A7%A3%E6%9E%90-UIAutomator..._%E6%8E%A8%E9%85%B7&amp;dict=21&amp;w_qd=IlPT2AEptyoA_yisHUCgGCG&amp;sec=22034&amp;di=35149ea7ef611b3b&amp;bdenc=1&amp;nsrc=IlPT2AEptyoA_yixCFOxXnANedT62v3IEQGG_zpF_zm6okHte4viZQRAYyHbKXiKJlKwdoSEo_tLjSLh" class="c-blocka"><div class="c-img c-img-s" style="background: none;"><img src="https://ss0.bdstatic.com/9bA1vGfa2gU2pMbfm9GUKT-w/timg?wisealaddin&amp;size=u200_200&amp;quality=80&amp;sec=1498445661&amp;di=b8395981e4210b459cf16915e177f623&amp;src=http%3A%2F%2Fi7.baidu.com%2Fit%2Fu%3D458059380%2C3311817194%26fm%3D78%26s%3D32829C4D86B4B66E0CD0400D0000A0C0" /></div></a></div><div class="c-span9"><a href="http://m.baidu.com/from=844b/bd_page_type=1/ssid=0/uid=0/pu=usm%402%2Csz%40320_1001%2Cta%40iphone_2_5.0_3_537/baiduid=C0F95CD351C3B5B77422AA3B18E9217B/w=0_10_/t=iphone/l=1/tc?ref=www_iphone&amp;lid=14140154169389471061&amp;order=9&amp;fm=alop&amp;tj=www_normal_9_0_10_title&amp;url_mf_score=4&amp;vit=osres&amp;m=8&amp;cltj=cloud_title&amp;asres=1&amp;nt=wnor&amp;title=Macaca%E6%B5%8B%E8%AF%95Android%E5%8E%9F%E7%90%86%E8%A7%A3%E6%9E%90-UIAutomator..._%E6%8E%A8%E9%85%B7&amp;dict=21&amp;w_qd=IlPT2AEptyoA_yisHUCgGCG&amp;sec=22034&amp;di=35149ea7ef611b3b&amp;bdenc=1&amp;nsrc=IlPT2AEptyoA_yixCFOxXnANedT62v3IEQGG_zpF_zm6okHte4viZQRAYyHbKXiKJlKwdoSEo_tLjSLh" class="c-blocka"><p class="c-line-clamp3 c-color"><span class="c-gray c-gap-right-small">2016年5月1日 - </span>用<em>Macaca</em> 可以快速、便捷地进行安卓 native 的自动化测试,用简洁的 js 语法,写下用例,然后执行 <em>Macaca</em> CLI...</p></a><div class="c-showurl c-line-clamp1"><span class="c-showurl">www.tuicool.com</span><span class="c-showurl"> › ...</span></div></div></div></div><div class="c-container c-recomm-wrap" style="display: none;"><div class="c-recomm-cnt c-gray"><span class="c-gap-right"><i class="c-icon"></i>大家还搜：</span><a class="c-gap-right" href="http://m.baidu.com/from=844b/ssid=0/uid=0/bd_page_type=1/pu=usm%402%2Csz%40320_1001%2Cta%40iphone_2_5.0_3_537/baiduid=C0F95CD351C3B5B77422AA3B18E9217B/w=0_10_/t=iphone/l=1/tc?lid=14140154169389471061&amp;ref=www_iphone&amp;w_qd=IlPT2AEptyoA_yisHUCgGCG&amp;order=9&amp;src=https%3A%2F%2Fm.baidu.com%2Fs%3Fword%3Dmacaca%25E8%2587%25AA%25E5%258A%25A8%25E5%258C%2596%25E6%25A1%2586%25E6%259E%25B6%26ssid%3D0%26from%3D844b%26bd_page_type%3D1%26uid%3D0%26pu%3Dusm%25402%252Csz%2540320_1001%252Cta%2540iphone_2_5.0_3_537%26baiduid%3DC0F95CD351C3B5B77422AA3B18E9217B%26rqid%3D14140154169389471061%26sa%3Dre_dl_cr_11">macaca自动化框架</a><a class="c-gap-right" href="http://m.baidu.com/from=844b/ssid=0/uid=0/bd_page_type=1/pu=usm%402%2Csz%40320_1001%2Cta%40iphone_2_5.0_3_537/baiduid=C0F95CD351C3B5B77422AA3B18E9217B/w=0_10_/t=iphone/l=1/tc?lid=14140154169389471061&amp;ref=www_iphone&amp;w_qd=IlPT2AEptyoA_yisHUCgGCG&amp;order=9&amp;src=https%3A%2F%2Fm.baidu.com%2Fs%3Fword%3Dmacaca%2520appium%26ssid%3D0%26from%3D844b%26bd_page_type%3D1%26uid%3D0%26pu%3Dusm%25402%252Csz%2540320_1001%252Cta%2540iphone_2_5.0_3_537%26baiduid%3DC0F95CD351C3B5B77422AA3B18E9217B%26rqid%3D14140154169389471061%26sa%3Dre_dl_cr_11">macaca appium</a><a class="c-gap-right" href="http://m.baidu.com/from=844b/ssid=0/uid=0/bd_page_type=1/pu=usm%402%2Csz%40320_1001%2Cta%40iphone_2_5.0_3_537/baiduid=C0F95CD351C3B5B77422AA3B18E9217B/w=0_10_/t=iphone/l=1/tc?lid=14140154169389471061&amp;ref=www_iphone&amp;w_qd=IlPT2AEptyoA_yisHUCgGCG&amp;order=9&amp;src=https%3A%2F%2Fm.baidu.com%2Fs%3Fword%3Dmacaca%2520ios%26ssid%3D0%26from%3D844b%26bd_page_type%3D1%26uid%3D0%26pu%3Dusm%25402%252Csz%2540320_1001%252Cta%2540iphone_2_5.0_3_537%26baiduid%3DC0F95CD351C3B5B77422AA3B18E9217B%26rqid%3D14140154169389471061%26sa%3Dre_dl_cr_11">macaca ios</a><a class="c-gap-right" href="http://m.baidu.com/from=844b/ssid=0/uid=0/bd_page_type=1/pu=usm%402%2Csz%40320_1001%2Cta%40iphone_2_5.0_3_537/baiduid=C0F95CD351C3B5B77422AA3B18E9217B/w=0_10_/t=iphone/l=1/tc?lid=14140154169389471061&amp;ref=www_iphone&amp;w_qd=IlPT2AEptyoA_yisHUCgGCG&amp;order=9&amp;src=https%3A%2F%2Fm.baidu.com%2Fs%3Fword%3Dmacaca%25E5%2592%258Cappium%26ssid%3D0%26from%3D844b%26bd_page_type%3D1%26uid%3D0%26pu%3Dusm%25402%252Csz%2540320_1001%252Cta%2540iphone_2_5.0_3_537%26baiduid%3DC0F95CD351C3B5B77422AA3B18E9217B%26rqid%3D14140154169389471061%26sa%3Dre_dl_cr_11">macaca和appium</a><a class="c-gap-right" href="http://m.baidu.com/from=844b/ssid=0/uid=0/bd_page_type=1/pu=usm%402%2Csz%40320_1001%2Cta%40iphone_2_5.0_3_537/baiduid=C0F95CD351C3B5B77422AA3B18E9217B/w=0_10_/t=iphone/l=1/tc?lid=14140154169389471061&amp;ref=www_iphone&amp;w_qd=IlPT2AEptyoA_yisHUCgGCG&amp;order=9&amp;src=https%3A%2F%2Fm.baidu.com%2Fs%3Fword%3Dnode.js%2520%25E5%25AE%2589%25E8%25A3%2585%26ssid%3D0%26from%3D844b%26bd_page_type%3D1%26uid%3D0%26pu%3Dusm%25402%252Csz%2540320_1001%252Cta%2540iphone_2_5.0_3_537%26baiduid%3DC0F95CD351C3B5B77422AA3B18E9217B%26rqid%3D14140154169389471061%26sa%3Dre_dl_cr_11">node.js 安装</a><a class="c-gap-right" href="http://m.baidu.com/from=844b/ssid=0/uid=0/bd_page_type=1/pu=usm%402%2Csz%40320_1001%2Cta%40iphone_2_5.0_3_537/baiduid=C0F95CD351C3B5B77422AA3B18E9217B/w=0_10_/t=iphone/l=1/tc?lid=14140154169389471061&amp;ref=www_iphone&amp;w_qd=IlPT2AEptyoA_yisHUCgGCG&amp;order=9&amp;src=https%3A%2F%2Fm.baidu.com%2Fs%3Fword%3Dappium%26ssid%3D0%26from%3D844b%26bd_page_type%3D1%26uid%3D0%26pu%3Dusm%25402%252Csz%2540320_1001%252Cta%2540iphone_2_5.0_3_537%26baiduid%3DC0F95CD351C3B5B77422AA3B18E9217B%26rqid%3D14140154169389471061%26sa%3Dre_dl_cr_11">appium</a></div></div></div><div class="result c-result" srcid="wenkuala" new_srcid="24" order="10" tpl="wenkuala" data-log="{'fm':'alwk','ensrcid':'wenkuala','order':'10','mu':'http://wk.baidu.com/#search/searchPage?word=macaca'}" data-ecom-log-info="w_10_"><div class="c-container"><a href="http://m.baidu.com/from=844b/bd_page_type=1/ssid=0/uid=0/pu=usm%402%2Csz%40320_1001%2Cta%40iphone_2_5.0_3_537/baiduid=C0F95CD351C3B5B77422AA3B18E9217B/w=0_10_/t=iphone/l=1/tc?ref=www_iphone&amp;lid=14140154169389471061&amp;order=10&amp;fm=alwk&amp;tj=wenkuala_10_0_10_title&amp;w_qd=IlPT2AEptyoA_yisHUCgGCG&amp;sec=22034&amp;di=1ddfeb3af45d6ce4&amp;bdenc=1&amp;nsrc=IlPT2AEptyoA_yixCFOxXnANedT62v3IER8PNy6R2iv5nk_qva02ZQQtUTLuQniOZpPPt7O4csxNoCXwOnEpbtMYbvh6sF6yiiqsxq7" data-url="http://wk.baidu.com/#search/searchPage?word=macaca" class="c-blocka"><h3 class="c-title c-gap-top-small"><em>macaca</em>的相关文档_百度文库</h3></a><style>.wa-wenkuala-fxhl{line-height:normal;}#results .wa-wenkuala-fxpd{text-align:right;}.c-container-tile .wa-wenkuala-nopdt,.wa-wenkuala-nopdt{padding-top:0;}.wa-wenkuala-icon{position:relative;top:2px;left:4px;}</style><a href="http://m.baidu.com/from=844b/bd_page_type=1/ssid=0/uid=0/pu=usm%402%2Csz%40320_1001%2Cta%40iphone_2_5.0_3_537/baiduid=C0F95CD351C3B5B77422AA3B18E9217B/w=0_10_/t=iphone/l=1/tc?ref=www_iphone&amp;lid=14140154169389471061&amp;order=10&amp;fm=alwk&amp;tj=wenkuala_10_0_10_l1&amp;w_qd=IlPT2AEptyoA_yisHUCgGCG&amp;sec=22034&amp;di=50a88b9dfb867bbc&amp;bdenc=1&amp;nsrc=IlPT2AEptyoA_yixCFOxXnANedT62v3IER3PLjkK1De8mVjte4viZQRAVDbqRzrIBZ_hxmPNtRY2wHXx_W6z7hF4rq6mqm6u8W36s_Go" data-url="http://wenku.baidu.com/view/74be749801f69e31423294a6.html" class="c-blocka c-line-bottom"><div class="c-row c-gap-bottom c-gap-top-small"><div class="c-span10 c-line-clamp1">竞争机制促进专注在<em>猕猴</em>区V2V4</div><div class="c-span2 wa-wenkuala-fxpd c-color-gray">19页</div></div></a><a href="http://m.baidu.com/from=844b/bd_page_type=1/ssid=0/uid=0/pu=usm%402%2Csz%40320_1001%2Cta%40iphone_2_5.0_3_537/baiduid=C0F95CD351C3B5B77422AA3B18E9217B/w=0_10_/t=iphone/l=1/tc?ref=www_iphone&amp;lid=14140154169389471061&amp;order=10&amp;fm=alwk&amp;tj=wenkuala_10_0_10_l2&amp;w_qd=IlPT2AEptyoA_yisHUCgGCG&amp;sec=22034&amp;di=3818748e22997709&amp;bdenc=1&amp;nsrc=IlPT2AEptyoA_yixCFOxXnANedT62v3IER3PLjkK1De8mVjte4viZQRAVDbqRzrIBZHrbTe4tB5FcXXs_DV87RINqK9-gDdx7G36s_Go" data-url="http://wenku.baidu.com/view/4b99a500a1c7aa00b42acbb3.html" data-xse="1" class="c-blocka c-line-bottom"><div class="c-row c-gap-bottom c-gap-top"><div class="c-span10  c-line-clamp1"><em>猕猴</em>肉的功效与作用</div><div class="c-span2 wa-wenkuala-fxpd  c-color-gray">3页</div></div></a><div class="c-row c-gap-top"><div class="c-span6"><div class="c-line-clamp1"><span class="c-color-gray">百度文库</span></div></div><div class="c-span6"><a href="http://m.baidu.com/from=844b/bd_page_type=1/ssid=0/uid=0/pu=usm%402%2Csz%40320_1001%2Cta%40iphone_2_5.0_3_537/baiduid=C0F95CD351C3B5B77422AA3B18E9217B/w=0_10_/t=iphone/l=1/tc?ref=www_iphone&amp;lid=14140154169389471061&amp;order=10&amp;fm=alwk&amp;tj=wenkuala_10_0_10_l3&amp;w_qd=IlPT2AEptyoA_yisHUCgGCG&amp;sec=22034&amp;di=1ddfeb3af45d6ce4&amp;bdenc=1&amp;nsrc=IlPT2AEptyoA_yixCFOxXnANedT62v3IER8PNy6R2iv5nk_qva02ZQQtUTLuQniOZpPPt7O4csxNoCXwOnEpbtMYbvh6sF6yiiqsxq7" data-url="http://wk.baidu.com/#search/searchPage?word=macaca" class="c-blocka c-moreinfo"><i class="c-icon c-gap-left-small"></i></a></div></div></div></div><div class="result c-result" srcid="sigma_celebrity_rela" new_srcid="30420" order="11" tpl="sigma_celebrity_rela" data-log="{'fm':'alop','ensrcid':'sigma_celebrity_rela','order':'11','mu':''}" data-ecom-log-info="w_11_"><div class="c-container"><div class="c-blocka"><h3 class="c-title c-gap-top-small"><em>macaca</em>_相关网站</h3></div><style data-merge="">.wa-sigma-celebrity-f13 { font-size: 20px; vertical-align: top; line-height: 26px;}.wa-sigma-celebrity-f13::before {content: '';display: inline-block;height: 15px;border-left: 1px solid #f1f1f1;}.wa-sigma-celebrity-rela-scroller{white-space:nowrap;}.wa-sigma-celebrity-rela-entity{display:inline-block;vertical-align:top;}.wa-sigma-celebrity-rela-entity:first-child{padding-left:0px;}.wa-sigma-celebrity-rela-name{text-align:center;line-height: 22px; white-space:pre-line;word-break: normal; word-wrap: normal;margin-bottom:2px;}.wa-sigma-celebrity-rela-reason {text-align: center; white-space:pre-line; word-break: normal; word-wrap: normal;font-size:13px;line-height:19px;margin-bottom:0;}.wa-sigma-celebrity-rela-comment {position:relative; height: 21px;margin:0 auto; width: 60px;}.wa-sigma-celebrity-rela-comment .c-icon {display: inline-block; width: 12px; text-align: center;}.wa-sigma-celebrity-rela-comment-graystar {position: absolute; color: #eee;}.wa-sigma-celebrity-rela-comment-redstar {position: absolute; color: #ff0000; white-space: nowrap;overflow: hidden;}.wa-sigma-celebrity-rela-nowrap {white-space:nowrap;}.wa-sigma-celebrity-coverWrap{position:relative;}.wa-sigma-celebrity-cover{width:100%;height:100%;font-size:25px;color:#fff;position:absolute;left:0;top:0;right:0;bottom:0;z-index:2;text-align:center;background:rgba(0,0,0,0.5);overflow:hidden;display:block;}.wa-sigma-celebrity-cover p{font-size:13px;text-align:center;line-height:12px;}.wa-sigma-celebrity-cover-inner{text-align:center;vertical-align:middle;position:absolute;top:50%;left:50%;height:44px;margin-top:-22px;margin-left:-26px;}@media screen and (max-width: 335px) {.wa-sigma-celebrity-rela-comment {width: 50px;}.wa-sigma-celebrity-rela-comment .c-icon {width: 10px;}}</style><div class="c-row c-gap-top-small c-gap-bottom-large"><div class="c-span3"><a href="http://m.baidu.com/from=844b/bd_page_type=1/ssid=0/uid=0/pu=usm%402%2Csz%40320_1001%2Cta%40iphone_2_5.0_3_537/baiduid=C0F95CD351C3B5B77422AA3B18E9217B/w=0_10_/t=iphone/l=1/tc?ref=www_iphone&amp;lid=14140154169389471061&amp;order=11&amp;fm=alop&amp;tj=sigma_celebrity_rela_11_0_10_l1&amp;w_qd=IlPT2AEptyoA_yisHUCgGCG&amp;sec=22034&amp;di=8b9b58fc9671deac&amp;bdenc=1&amp;nsrc=IlPT2AEptyoA_yixCFOxCGZb8c3JV3T5ABfPNy6R2iv5nk_qva02JcRpX8KgVC4CV5OwdoSRxBx8hyfdO8EpbMMYgfkshn9h8TqsgPuAwMDlSMhyqc10OA_WGnIXo_mg7edcwBUoM2NJKTIv8r_9tt6vvcPVb2Ug7sKCeXi8rvq2ZoDiYFnZ7-mrB6tzDyCvDreUcMOfrysgHEzuAQKqTlTLqXhFYC1sudna7eNZOtPD8iIyPtzXFsNKZVyEMi5QWKPhU2TekxTUYJVYmCZqOmF0cSS6sLDTUa" data-url="https://m.baidu.com/from=844b/s?word=google&amp;sa=re_dl_er_30420_1&amp;prese=lid%4014140154169389471061&amp;euri=5323ea0892f74d23a2bac184a1bcb502&amp;rqid=14140154169389471061&amp;oq=macaca" class="c-blocka"><div class="c-img c-img-s" style="background: none;"><img src="https://ss0.baidu.com/6ONWsjip0QIZ8tyhnq/it/u=2768557350,1040373893&amp;fm=58" /></div><p class="wa-sigma-celebrity-rela-name c-line-clamp2">google</p><p class="wa-sigma-celebrity-rela-reason c-color-gray c-line-clamp2">全球最大英语搜索引擎</p></a></div><div class="c-span3"><a href="http://m.baidu.com/from=844b/bd_page_type=1/ssid=0/uid=0/pu=usm%402%2Csz%40320_1001%2Cta%40iphone_2_5.0_3_537/baiduid=C0F95CD351C3B5B77422AA3B18E9217B/w=0_10_/t=iphone/l=1/tc?ref=www_iphone&amp;lid=14140154169389471061&amp;order=11&amp;fm=alop&amp;tj=sigma_celebrity_rela_11_0_10_l2&amp;w_qd=IlPT2AEptyoA_yisHUCgGCG&amp;sec=22034&amp;di=9ab6ca24c52ec0bd&amp;bdenc=1&amp;nsrc=IlPT2AEptyoA_yixCFOxCGZb8c3JV3T5ABfPNy6R2iv5nk_qva02JcRpX8KgVC4CV5OwdoSRxBx8hyfdO8EpbQV2qBdlxmca95nwdfn65gCAG_1Mag2lCbOHGnU2oqmg7Rwfg2Z9P3QoB79Kfa37sBgfrsSoqwZCiR4etD4QqvuBYoGMYEaCmJekR-tSHyD2Y0OZh1emrH5aHJjxBt3tGoy0sHdFFi2abwbq731Z4B4MingSKg7jDsgBYla2BCp1WvzmUQvhjBGJXkVGn8IiLX-29Xn-g3PCYiYATR8szP5-JPOGIxj0JoCANh2TuAOKGbcyGbSRav69CDIywZsyJa" data-url="https://m.baidu.com/from=844b/s?word=%25E5%258D%259A%25E5%25AE%25A2%25E5%259B%25AD&amp;sa=re_dl_er_30420_2&amp;prese=lid%4014140154169389471061&amp;euri=0b099f368c1e4b89b784e8a75b7f8140&amp;rqid=14140154169389471061&amp;oq=macaca" class="c-blocka"><div class="c-img c-img-s" style="background: none;"><img src="https://ss0.baidu.com/6ONWsjip0QIZ8tyhnq/it/u=2467411794,3449603980&amp;fm=58" /></div><p class="wa-sigma-celebrity-rela-name c-line-clamp2">博客园</p><p class="wa-sigma-celebrity-rela-reason c-color-gray c-line-clamp2">纯净的技术交流空间</p></a></div><div class="c-span3"><a href="http://m.baidu.com/from=844b/bd_page_type=1/ssid=0/uid=0/pu=usm%402%2Csz%40320_1001%2Cta%40iphone_2_5.0_3_537/baiduid=C0F95CD351C3B5B77422AA3B18E9217B/w=0_10_/t=iphone/l=1/tc?ref=www_iphone&amp;lid=14140154169389471061&amp;order=11&amp;fm=alop&amp;tj=sigma_celebrity_rela_11_0_10_l3&amp;w_qd=IlPT2AEptyoA_yisHUCgGCG&amp;sec=22034&amp;di=9baf0855122326cb&amp;bdenc=1&amp;nsrc=IlPT2AEptyoA_yixCFOxCGZb8c3JV3T5ABfPNy6R2iv5nk_qva02JcRpX8KgVC4CV5OwdoSRxBx8hyfdO8EpbN14f45vfCtqmSe-urfhgR4BTA1Oys16J2L3RyUqvbue7_kaydVoRtB6Rz9cnq38ogUnbd0YaNId81eFgHS8qPmEY9nuZliFnl8jB6wFX7LvZPfC-Majf8EeIJqfNwWvHoGBqXVBYyMuatur83BH0NLTyi6pPt7pVAACFUmCIyoNXabeSNjelR4NZZ-1niUo38B25HfmrKCZIEkJCM8Rnqm" data-url="https://m.baidu.com/from=844b/s?word=stackoverflow&amp;sa=re_dl_er_30420_3&amp;prese=lid%4014140154169389471061&amp;euri=55b8586ceb7245178b5d2dd677d7bed3&amp;rqid=14140154169389471061&amp;oq=macaca" class="c-blocka"><div class="c-img c-img-s" style="background: none;"><img src="https://ss2.baidu.com/6ONYsjip0QIZ8tyhnq/it/u=3048618398,771186044&amp;fm=58" /></div><p class="wa-sigma-celebrity-rela-name c-line-clamp2">stackoverflow</p><p class="wa-sigma-celebrity-rela-reason c-color-gray c-line-clamp2">IT技术问答网站</p></a></div><div class="c-span3"><a href="http://m.baidu.com/from=844b/bd_page_type=1/ssid=0/uid=0/pu=usm%402%2Csz%40320_1001%2Cta%40iphone_2_5.0_3_537/baiduid=C0F95CD351C3B5B77422AA3B18E9217B/w=0_10_/t=iphone/l=1/tc?ref=www_iphone&amp;lid=14140154169389471061&amp;order=11&amp;fm=alop&amp;tj=sigma_celebrity_rela_11_0_10_l4&amp;w_qd=IlPT2AEptyoA_yisHUCgGCG&amp;sec=22034&amp;di=4d85ada79ace98de&amp;bdenc=1&amp;nsrc=IlPT2AEptyoA_yixCFOxCGZb8c3JV3T5ABfPNy6R2iv5nk_qva02JcRpX8KgVC4CV5OwdoSRxBx8hyfdO8EpbNN1fe58ezR5l7jbcbuddhLqXs2yqt500cDxG8JworzF70wccxQz1BNo1GgPpevkwt6uus4VbNEg71eEh8i5s4KBZ9D8ZFqZnF78N-xOHyD2COaUcxaeeXtvGpnvBduwHI8QfHEXZ8QvaQ0c8bRFQAWYnXso_wL8IsIfYFiEMykQWabfTdTdjBzYYZVFnC153XAXpGzj6bzVUC90CK" data-url="https://m.baidu.com/from=844b/s?word=w3cschool&amp;sa=re_dl_er_30420_4&amp;prese=lid%4014140154169389471061&amp;euri=54a2e8d6d21348408dd3bfde0974c19d&amp;rqid=14140154169389471061&amp;oq=macaca" class="c-blocka"><div class="c-img c-img-s" style="background: none;"><img src="https://ss1.baidu.com/6ONXsjip0QIZ8tyhnq/it/u=950974513,3002796801&amp;fm=58" /></div><p class="wa-sigma-celebrity-rela-name c-line-clamp2">w3cschool</p><p class="wa-sigma-celebrity-rela-reason c-color-gray c-line-clamp2">W3C中国社区成员</p></a></div></div></div></div><link rel="dns-prefetch" href="http://www.oschina.net" /><link rel="dns-prefetch" href="http://fanyi.baidu.com" /><link rel="dns-prefetch" href="http://macacajs.com" /><style type="text/css" id="ec_ls_css">/*&lt;![CDATA[*/@font-face{font-family:ecomicons;src:url(//m.baidu.com/static/ecom/iphone_icons/iconfont_9a4732b.eot);src:url(//m.baidu.com/static/ecom/iphone_icons/iconfont_9a4732b.eot#iefix) format("embedded-opentype"),url(//m.baidu.com/static/ecom/iphone_icons/iconfont_1fe9f7a.woff) format("woff"),url(//m.baidu.com/static/ecom/iphone_icons/iconfont_f0823fb.ttf) format("truetype"),url(//m.baidu.com/static/ecom/iphone_icons/iconfont_f0be303.svg?#iconfont) format("svg")}@font-face{font-family:ecomiconsadd;src:url(//m.baidu.com/static/ecom/iphone_icons/font_icons/iconfont_add_10fbec3.eot);src:url(//m.baidu.com/static/ecom/iphone_icons/font_icons/iconfont_add_b6fef5d.woff) format("woff"),url(//m.baidu.com/static/ecom/iphone_icons/font_icons/iconfont_add_3ee5686.ttf) format("truetype"),url(//m.baidu.com/static/ecom/iphone_icons/font_icons/iconfont_add_95839fa.svg) format("svg")}.ec-font-small{font-size:13px}.ec_url{clear:both;white-space:nowrap}.ec_ad_results{position:relative}.ec_resitem{position:relative}.ec_xiaobao{height:28px;padding:1px 0;position:absolute;top:0;right:-7px;z-index:20}.ec_xiaobao a{display:inline-block;width:24px;height:24px;padding:4px 6px 0 0}.ec_urlbtn{display:inline;position:relative;float:right}.ec_tgsk,.ec_tgsk .ec_urlbtn{background:#F5F5F5}.ec_urlline{overflow:hidden;white-space:nowrap}.ec_urlline_blank{width:100%;display:inline-block;padding:2px 0;margin:-2px 0;-webkit-tap-highlight-color:rgba(0,0,0,0)}.c-container.ec_resitem_card{margin:0;background-color:#fffcf8}.ec_guess{padding-bottom:8px;margin-top:-4px;margin-bottom:-4px}.ec_resitem_rs_more_btn_wrap{width:135px}.ec_resitem_rs_more_btn{float:right}.c-container.ec_resitem_rs{color:#666;padding-top:14px}.ec_resitem_rs_keyword{color:#333}.ec_resitem_card.ec_adv_last .c-line-bottom{border:0;padding-bottom:4px}.ec_ad_results .c-line-clamp2,.ec_ad_results .c-line-clamp3{margin-bottom:0}.c-text.ec-bgcolor-yellow{background:#f2ab36}.ec-link-blue{color:#00c}.ec-align-center{text-align:center}.ec_title .c-title{word-break:break-all}@media (min-width:375px){.ec_title .c-title{-webkit-line-clamp:3}.ec_title .c-line-clamp2{-webkit-line-clamp:2}.ec_title .c-line-clamp4{-webkit-line-clamp:4}}.ec_fright{float:right}.ec_hide{display:none}.ec_gap_left_6{margin-left:6px}.ec_wise_ad_card{margin:.06rem 0}.ec_no_gap_left{margin-left:0!important}.ec_no_gap_right{margin-right:0!important}.ec_mengya_container{background-color:#fffcf8;margin-bottom:.08rem}.ec_mengya_container .ec_my_header{color:#666}.ec_mengya_container .ec_mengya_container_header{margin-bottom:0;background-color:#fffcf8}.ec_mengya_container .ec_resitem_card,.ec_mengya_container .ec_mengya_container_header{box-shadow:none}.ec_mengya_container .ec_adv_last{box-shadow:0 1px 0 #e7e7e7}.ec_mengya_line{margin:0 .16rem}.ec-m2-right{margin-right:.15rem}.ec_clearfix:after{visibility:hidden;display:block;font-size:0;content:" ";clear:both;height:0}.ec-hm-hide{display:none}.ec-c-icon .c-icon{font-family:ecomicons!important}.c-container.ec-bazhun-card{margin-top:0;margin-bottom:0}.c-container.ec-bazhun{margin-bottom:-.08rem}.ec-bazhun-card.ec_adv_last .c-line-bottom{border:0}.ec-bazhun-ad{padding-bottom:.04rem;margin-top:-.04rem;margin-bottom:-.04rem}.ec-bazhun-card.ec_adv_last{padding-bottom:0}.c-container.ec-bazhun-mark{margin-top:0;padding-top:0}.ec-bazhun .ec-bazhun-wenda{margin-bottom:.12rem}.ec-bazhun-ad.ec-bazhun-wenda-first{margin-top:0}.ec-bazhun-mark .ec-bzad-no-leftgap{margin-left:0}.ec-discount{text-decoration:line-through;font-style:normal}.ec-text-v-center-o{-webkit-align-items:center}.ec-tap-noshadow{-webkit-tap-highlight-color:rgba(0,0,0,0)}.ec_tg_js {color: #999 !important;}/*]]&gt;*/</style></div><div id="page-relative" class="se-page-relative"><div id="relativewords" class="se-relativewords"><div class="rw-title">相关搜索<i class="c-icon rw-title-icon"></i></div><div class="rw-list"><a class="rw-item" href="https://m.baidu.com/from=844b/s?word=macaca+%E8%87%AA%E5%8A%A8%E5%8C%96%E6%B5%8B%E8%AF%95&amp;rq=macaca&amp;sa=brs_1&amp;rsf=4&amp;pqid=14140154169389471061&amp;rqid=14140154169389471061">macaca 自动化测试</a><a class="rw-item" href="https://m.baidu.com/from=844b/s?word=macaca+monkey&amp;rq=macaca&amp;sa=brs_2&amp;rsf=4&amp;pqid=14140154169389471061&amp;rqid=14140154169389471061">macaca monkey</a><a class="rw-item" href="https://m.baidu.com/from=844b/s?word=macaca%E8%87%AA%E5%8A%A8%E5%8C%96%E6%A1%86%E6%9E%B6&amp;rq=macaca&amp;sa=brs_3&amp;rsf=4&amp;pqid=14140154169389471061&amp;rqid=14140154169389471061">macaca自动化框架</a><a class="rw-item" href="https://m.baidu.com/from=844b/s?word=macaca+appium&amp;rq=macaca&amp;sa=brs_4&amp;rsf=4&amp;pqid=14140154169389471061&amp;rqid=14140154169389471061">macaca appium</a><a class="rw-item" href="https://m.baidu.com/from=844b/s?word=macaca+mulatta&amp;rq=macaca&amp;sa=brs_5&amp;rsf=4&amp;pqid=14140154169389471061&amp;rqid=14140154169389471061">macaca mulatta</a><a class="rw-item" href="https://m.baidu.com/from=844b/s?word=macaca%E5%8E%9F%E7%90%86&amp;rq=macaca&amp;sa=brs_6&amp;rsf=4&amp;pqid=14140154169389471061&amp;rqid=14140154169389471061">macaca原理</a><a class="rw-item" href="https://m.baidu.com/from=844b/s?word=macaca+mocha&amp;rq=macaca&amp;sa=brs_7&amp;rsf=4&amp;pqid=14140154169389471061&amp;rqid=14140154169389471061">macaca mocha</a><a class="rw-item" href="https://m.baidu.com/from=844b/s?word=macaca+fascicularis&amp;rq=macaca&amp;sa=brs_8&amp;rsf=4&amp;pqid=14140154169389471061&amp;rqid=14140154169389471061">macaca fascicularis</a></div></div></div><div id="page-controller" class="se-page-controller"><div class="new-pagenav c-flexbox"><a class="new-nextpage-only" href="https://m.baidu.com/from=844b/s?pn=10&amp;usm=2&amp;word=macaca&amp;sa=np&amp;rsv_pq=14140154169389471061&amp;rsv_t=a30aGUlbeQcSb14HcgWC%252BtH5oeu4kccauu9Cc5AkGvQ83u%252FQXh%252BK%252BJZeGQ&amp;rqid=14140154169389471061"> </a><p class="forNoPrefetch"><i class="c-icon c-gap-right icon-logo"></i>下一页<i class="c-icon icon-nextpage"></i></p>                </div></div><div id="page-rcol" class="se-page-rcol"><div id="reword" class="se-reword"><div class="rw-title">相关搜索</div><div class="rw-list"><a class="rw-item" href="https://m.baidu.com/from=844b/s?word=macaca+%E8%87%AA%E5%8A%A8%E5%8C%96%E6%B5%8B%E8%AF%95&amp;rq=macaca&amp;sa=rrs_1&amp;rsf=4&amp;pqid=14140154169389471061&amp;rqid=14140154169389471061">macaca 自动化测试</a><a class="rw-item" href="https://m.baidu.com/from=844b/s?word=macaca+monkey&amp;rq=macaca&amp;sa=rrs_2&amp;rsf=4&amp;pqid=14140154169389471061&amp;rqid=14140154169389471061">macaca monkey</a><a class="rw-item" href="https://m.baidu.com/from=844b/s?word=macaca%E8%87%AA%E5%8A%A8%E5%8C%96%E6%A1%86%E6%9E%B6&amp;rq=macaca&amp;sa=rrs_3&amp;rsf=4&amp;pqid=14140154169389471061&amp;rqid=14140154169389471061">macaca自动化框架</a><a class="rw-item" href="https://m.baidu.com/from=844b/s?word=macaca+appium&amp;rq=macaca&amp;sa=rrs_4&amp;rsf=4&amp;pqid=14140154169389471061&amp;rqid=14140154169389471061">macaca appium</a><a class="rw-item" href="https://m.baidu.com/from=844b/s?word=macaca+mulatta&amp;rq=macaca&amp;sa=rrs_5&amp;rsf=4&amp;pqid=14140154169389471061&amp;rqid=14140154169389471061">macaca mulatta</a><a class="rw-item" href="https://m.baidu.com/from=844b/s?word=macaca%E5%8E%9F%E7%90%86&amp;rq=macaca&amp;sa=rrs_6&amp;rsf=4&amp;pqid=14140154169389471061&amp;rqid=14140154169389471061">macaca原理</a><a class="rw-item" href="https://m.baidu.com/from=844b/s?word=macaca+mocha&amp;rq=macaca&amp;sa=rrs_7&amp;rsf=4&amp;pqid=14140154169389471061&amp;rqid=14140154169389471061">macaca mocha</a><a class="rw-item" href="https://m.baidu.com/from=844b/s?word=macaca+fascicularis&amp;rq=macaca&amp;sa=rrs_8&amp;rsf=4&amp;pqid=14140154169389471061&amp;rqid=14140154169389471061">macaca fascicularis</a></div></div></div></div><div id="page-ft" class="se-page-ft"><div id="ft-wrap" class="se-ft-wrap"><div id="footer-wrap"><form data-formposition="b" class="se-form" id="se-form2" action="/from=844b/s" method="get" autocomplete="off"><div class="con-wrap"><div class="se-bearicon"></div><textarea autocomplete="off" autocorrect="off" maxlength="64" id="kw2" name="word" class="se-input adjust-input" data-sug="1">macaca</textarea><div class="se-inner"><div id="cross2" class="cross" style="display: none;"></div><div class="callicon-wrap"><div class="baiduapp-icon"></div><div class="baiduappcall-wrap"><div class="qrcode call" data-ac="active"><input type="file" accept="image/*" style="position:absolute;left:0;width:100%;top:0;height:100%;opacity:0;z-index: 10;" /></div><div class="voice call" data-ac="active"></div></div></div><button id="se-bn2" class="se-bn" type="submit"><span>百度一下</span></button></div></div><div id="se-box2" class="se-box"><div class="suggest-div" style="display: none; visibility: visible;"><div class="suggest-direct" style="display: none;"></div><div class="suggest-panel sug-oper"><div class="suggest-content"><div class="his"><button><em>macaca</em></button><div class="sug-edit"></div><div class="sug-searchicon"></div></div></div><div class="suggest-oper sug-active-his"><div class="suggest-oper-at sug-oper-btn">直达号</div><div class="suggest-oper-his sug-oper-btn">历史记录</div></div></div><div class="suggest-title"><div class="suggest-logo" style="display: block;"></div><div class="suggest-control"><div class="history-clear">清除历史记录</div></div><div class="suggest-at" style="display: none;">直达号</div></div><div class="suggest-close">关闭</div></div></div><input type="hidden" name="sa" value="bb" /><input type="hidden" name="ts" value="0" /><input type="hidden" name="t_kt" value="0" /><input type="hidden" name="ie" value="utf-8" /><input type="hidden" name="rsv_t" value="a30aGUlbeQcSb14HcgWC%2BtH5oeu4kccauu9Cc5AkGvQ83u%2FQXh%2BK%2BJZeGQ" /><input type="hidden" name="rsv_pq" value="14140154169389471061" /></form></div></div><div class="se-ft-promlink"><style>.hint-ft-questionnaire{padding: 6px 0;}.hint-qnaire-bar{display: block;text-align: left;font-size: 14px;color: #262626;height: 39px;line-height: 39px;border: 1px solid #e0e0e0;padding-left: 10px;background: #f9f9f9;overflow: hidden;}.hint-qnaire-bar .baiduico{position:relative;float: left;background:url('//m.baidu.com/static/search/bdsl.png') no-repeat;background-size:25px 25px;-webkit-background-size:25px 25px;width:25px;height:25px;margin:6px 6px 0 0}.hint-qnaire-bar .linkico{position:relative;float:right;background:url(data:image/png;base64,iVBORw0KGgoAAAANSUhEUgAAAAwAAAAQCAYAAAAiYZ4HAAAAGXRFWHRTb2Z0d2FyZQBBZG9iZSBJbWFnZVJlYWR5ccllPAAAAyRpVFh0WE1MOmNvbS5hZG9iZS54bXAAAAAAADw/eHBhY2tldCBiZWdpbj0i77u/IiBpZD0iVzVNME1wQ2VoaUh6cmVTek5UY3prYzlkIj8+IDx4OnhtcG1ldGEgeG1sbnM6eD0iYWRvYmU6bnM6bWV0YS8iIHg6eG1wdGs9IkFkb2JlIFhNUCBDb3JlIDUuMy1jMDExIDY2LjE0NTY2MSwgMjAxMi8wMi8wNi0xNDo1NjoyNyAgICAgICAgIj4gPHJkZjpSREYgeG1sbnM6cmRmPSJodHRwOi8vd3d3LnczLm9yZy8xOTk5LzAyLzIyLXJkZi1zeW50YXgtbnMjIj4gPHJkZjpEZXNjcmlwdGlvbiByZGY6YWJvdXQ9IiIgeG1sbnM6eG1wPSJodHRwOi8vbnMuYWRvYmUuY29tL3hhcC8xLjAvIiB4bWxuczp4bXBNTT0iaHR0cDovL25zLmFkb2JlLmNvbS94YXAvMS4wL21tLyIgeG1sbnM6c3RSZWY9Imh0dHA6Ly9ucy5hZG9iZS5jb20veGFwLzEuMC9zVHlwZS9SZXNvdXJjZVJlZiMiIHhtcDpDcmVhdG9yVG9vbD0iQWRvYmUgUGhvdG9zaG9wIENTNiAoTWFjaW50b3NoKSIgeG1wTU06SW5zdGFuY2VJRD0ieG1wLmlpZDpBMDQ1OEUzMjRGNTAxMUUzQkNCRkM1MTMyODZCNTM4RSIgeG1wTU06RG9jdW1lbnRJRD0ieG1wLmRpZDpBMDQ1OEUzMzRGNTAxMUUzQkNCRkM1MTMyODZCNTM4RSI+IDx4bXBNTTpEZXJpdmVkRnJvbSBzdFJlZjppbnN0YW5jZUlEPSJ4bXAuaWlkOkEwNDU4RTMwNEY1MDExRTNCQ0JGQzUxMzI4NkI1MzhFIiBzdFJlZjpkb2N1bWVudElEPSJ4bXAuZGlkOkEwNDU4RTMxNEY1MDExRTNCQ0JGQzUxMzI4NkI1MzhFIi8+IDwvcmRmOkRlc2NyaXB0aW9uPiA8L3JkZjpSREY+IDwveDp4bXBtZXRhPiA8P3hwYWNrZXQgZW5kPSJyIj8+AJ3vMQAAAORJREFUeNp8kjEKwkAQRceYIoWIFwh4g1Rp01gJOYVgES+gXkDUA2gR8BKxsEljm8q9gXoAwUpQgn9hgmOymw+vmE8+m52/HaVUTEQZ/fQEQ/AggxxwBDPh9cEFeLaA1h5shO+DM3BtAa0FOIg5BKfaN/8DNAW5mEcgbQuUYAwK4U3AyhbQeoMI3IW3BAmZLsV6gQDcQI+9Hbg61K5Pbe7aAh53MRCe7iozBVzuwBfelrtqXNrh3YfC093MbVtKefeVcu7G2MOad16p4E5KUyCRx3IHEXfS+OeYdyyfd8BdNPQVYABi4ikpkErplwAAAABJRU5ErkJggg==); background-size:6px 9px;-webkit-background-size:6px 8px;width:6px;height:8px;margin:15px 12px 0}</style><div class="hint-ft-questionnaire"><a class="hint-qnaire-bar" href="http://wenjuan.baidu.com/?code=e5px9w&amp;lid=14140154169389471061"><div class="linkico"></div>填问卷，赢大奖</a></div></div></div><div id="page-copyright" class="se-page-copyright" style="margin-bottom: 50px;"><div class="return-link"><a class="ft-span brand-item c-blocka" href="/?from=844b">百度首页</a><a class="ft-span feedback brand-item c-blocka">用户反馈</a><a class="ft-span login-bot c-blocka" id="login-bot" href="http://m.baidu.com/from=844b/ssid=0/uid=0/bd_page_type=1/pu=usm%402%2Csz%40320_1001%2Cta%40iphone_2_5.0_3_537/baiduid=C0F95CD351C3B5B77422AA3B18E9217B/w=0_10_/t=iphone/l=1/tc?ref=www_iphone&amp;lid=14140154169389471061&amp;ct=37&amp;cst=1&amp;tj=__0_10_21&amp;w_qd=IlPT2AEptyoA_yisHUCgGCG&amp;src=https%3A%2F%2Fwappass.baidu.com%2Fpassport%2F%3Flogin%26tpl%3Dwise%26subpro%3Dwiseresult%26u%3Dhttps%3A%2F%2Fm.baidu.com%2Ffrom%3D844b%2Fs%3Fword%3Dmacaca%26rqid%3D14140154169389471061">用户登录</a></div><div id="foot-logo" class="se-foot-logo"><a id="logo" class="logo se-logo" href="http://m.baidu.com/from=844b/bd_page_type=1/ssid=0/uid=0/pu=usm%402%2Csz%40320_1001%2Cta%40iphone_2_5.0_3_537/baiduid=C0F95CD351C3B5B77422AA3B18E9217B/w=0_10_/t=iphone/l=1/tc?ref=www_iphone&amp;lid=14140154169389471061&amp;ct=61&amp;cst=1&amp;tj=__0_10_22&amp;w_qd=IlPT2AEptyoA_yisHUCgGCG&amp;sec=22034&amp;di=7cc07b5f22ec5352&amp;bdenc=1&amp;nsrc=IlPT2AEptyoA_yixCFOxCGZb8c3JV3T5ABfPNy6R2iv5nk_qva02ZQNAUDLt2SiyFF0ey8_KfQoDxinc3mNS7AV2qvomfDYq7Enlc4iadhO1XtVL91EpLgHmGXZtpLyf7KsbcttyPN5-Ampbz0Olt2sweQGvrMYeaRqCgSDIjK4LFSCoAY7Fmm36RXd9HyH4S2LIvhbjqSBsS5mtRtr0T9Dtg5UDMChdrBrhb1Yc1MSDrUBzK38NLBQgA_"></a></div><div id="copyright" class="se-copyright">Baidu 京ICP证030173号</div>        </div><textarea class="input-hidden"></textarea><style id="banner_call">
    #yjx65 {
        position: fixed;
        bottom: 0;
        left: 0;
        z-index: 20;
        width: 100%;
        height: 52px;
        background: #ffffff;
        opacity: 1;
        border-top: 1px solid #e0e0e0;
    }
    #yjx65_1 {
        pointer-events: auto;
        height: 52px;
        margin-left: 46px;
    }
    .yjx65_2 {
        border: none;
        height: 36px;
        width: 36px;
        position: absolute;
        bottom: 8px;
        left: 46px;
        background: url(//m.baidu.com/static/search/baiduapp_icon.png) no-repeat;
        background-size: 36px 36px;
        -webkit-background-size: 36px 36px;
    }
    .yjx65_3 {
        position: absolute;
        top: 11px;
        left: 94px;
        color: #333333;
        font-family: 微软雅黑;
        text-align: left;
    }
    .yjx65_4, .yjx65_4:visited {
        display: inline-block;
        height: 26px;
        line-height: 26px;
        width: 62px;
        position: absolute;
        bottom: 13px;
        right: 16px;
        border: 1px solid #dddddd;
        border-radius: 2px;
        color: #333333;
        font-size: 12px;
        text-align: center;
        box-sizing: border-box;
    }
    #yjx65_5 {
        pointer-events: auto;
        position: absolute;
        height: 36px;
        width: 36px;
        margin-top: 8px;
        margin-bottom: 8px;
        margin-left: 8px;
        background: url("data:image/png;base64,iVBORw0KGgoAAAANSUhEUgAAACQAAAAkCAMAAADW3miqAAAAWlBMVEUAAADIyMjIyMjIyMjIyMjIyMjIyMjIyMjIyMjIyMjIyMjIyMjIyMjIyMjIyMjIyMjIyMjIyMjIyMjIyMjIyMjIyMjIyMjIyMjIyMjIyMjIyMjIyMjMzMzJyckp+DWuAAAAHHRSTlMAAeqVx9gsK84J+qWbaSEVA1nsNESxRe2GG7Ja/WGWnQAAAQ9JREFUOMuN1O2ugjAMBuAK4ziYG1/K0XPa+79N0XQreTWB/tqyJ+kGbWkbKQY/dd3kQ0z0NYbRibCGiBuHT3NtVBTXXIG0FyPGLu3W9E4NKNdvjKXClEW1zgwqlzPCfeBe+i4woN5vHBrdiWLYNcOKRt3d2lrMVPMsuhxX5FjR6VRLMT+UETuiVA7qlyrmXJWDRFEYFBiWSIEZlBmNQJ5RoWFPE4O6o+Ff6hgUoeEOUfUgugsDsnT6rkf5EpbOgzlXNSpPAY0IqkBRwDCDkkhJ0KCSZD9YZjWq/jJyViorml8mq/aWl6MWHdQZFt1++S4HG2G/pY41Z1FevhrfHx4YFsvn6Fn2h9j/AGBnHD4B8aRi2FatCHAAAAAASUVORK5CYII=") no-repeat;
        background-size: cover;
        background-size: 18px 18px;
        background-position-x: 8px;
        background-position-y: 9px;
    }
    .yjx65_3 p:last-child {
        color: #999;
        font-size: 12px;
        line-height: 20px;
    }
    .yjx65_3 p:first-child {
        color: #333;
        font-size: 16px;
        line-height: 16px;
        font-weight: bold;
    }
</style>
<div id="yjx65">
    <div id="yjx65_5"></div>
    <div id="yjx65_1">
        <div class="yjx65_2"></div>
        <div class="yjx65_3">
            <p>手机百度</p>
            <p>L姓艺人生日突降蛋糕雨</p>
        </div>
        <span class="yjx65_4">打开</span>
    </div>
</div><div id="foot-blank" class="se-foot-blank"></div><input type="hidden" data-path="/from=844b" data-from="844b" data-prepath="ssid=0#from=844b#bd_page_type=1#uid=0#pu=usm%402%2Csz%40320_1001%2Cta%40iphone_2_5.0_3_537#baiduid=C0F95CD351C3B5B77422AA3B18E9217B" data-query="macaca" data-prequery="macaca" data-lid="14140154169389471061" data-ref="www_iphone" data-pn="0" data-rn="10" data-tn="" data-hasnp="1" data-sa="tb" data-ts="0" data-ms="1" data-usm="2" data-tanet="1" data-taspeed="292" data-vit="" data-browser="applewebkit" data-browserid="3" data-browserversion="537" data-osid="2" data-iphoneid="" data-gps="all" data-sugsid="117168,36,113879,102434,108372,103342,114242,107319,117287,116854,116765,116812,117348,117240,117229,117119,117085,116995,116309,115538,116690,116893,116388,115951,117181,115351,115523,116231,116823,116412,116522,110085,117028" data-hissid="117168,116297,113879,102434,108372,103342,114242,107319,117287,116854,116765,116812,117348,117240,117229,117119,117085,116995,116309,115538,116690,116893,116388,115951,117181,115351,115523,116231,116823,116412,116522,110085,117028" data-spd="292" data-adflag="0" data-prefetch="0" data-spa="0" data-spath="from=844b" data-separam="rsv_t=a30aGUlbeQcSb14HcgWC+tH5oeu4kccauu9Cc5AkGvQ83u/QXh+K+JZeGQ" data-nojc="" data-sids="117168_116297_113879_102434_108372_103342_114242_107319_117287_116854_116765_116812_117348_117240_117229_117119_117085_116995_116309_115538_116690_116893_116388_115951_117181_115351_115523_116231_116823_116412_116522_110085_117028" data-loginorder="after" data-upshis="1" id="commonBase" name="commonBase" class="se-common-base" /></div><script class="wpoScript">page.comm.odpFetchEnd=1498445661.2081;</script><script>A.merge(function(){if (document.querySelector("[srcid='85'][order='2']")){A._setContainer(document.querySelector("[srcid='85'][order='2']"),true);}else{A._setContainer(document.querySelector("[srcid='85']"))};A.init(function(){var me = this,audio = 'wa-dictwisenew-audio',icon = 'wa-dictwisenew-icon',icon_ani = 'wa-dictwisenew-icon-ani',$main = $(this.container),count = 0,audios = {};var repeatTimer = null;var repeatMaxTimes = 8;var repeatIntervalMS = 1200;var $commonAudio = $('&lt;audio id="wa-dictwisenew-common-audio" style="display: none"&gt;');$main.append($commonAudio);require(['uiamd/tabs/tabs'],function (Tabs){var fixedTabs = new Tabs($main.find('.wa-tabs-wrapper-fixed'), {});});A.onload(function() {function resetPlayingBtn() {$commonAudio.get(0).pause();var $playingSoundBtn = $main.find('.' + icon_ani);var $repeatingSoundBtn = $main.find('.wa-dictwisenew-repeat-on');if ($playingSoundBtn.length &gt; 0) {$playingSoundBtn.removeClass(icon_ani);stopPlaySound();}if ($repeatingSoundBtn.length &gt; 0) {$repeatingSoundBtn.removeClass('wa-dictwisenew-repeat-on').addClass('wa-dictwisenew-repeat-off');stopRepeatSound();}}function stopPlaySound() {$commonAudio.get(0).pause();$commonAudio.off('canplaythrough').off('ended');}function stopRepeatSound() {$commonAudio.get(0).pause();$commonAudio.off('canplaythrough').off('ended');clearTimeout(repeatTimer);repeatTimer = null;}function getHiddenProp() {if ('hidden' in document) {return {prefix: '', prop: 'hidden'};}var r = null;$(['webkit', 'moz', 'ms', 'o']).each(function (idx, prefix) {var prop = prefix + 'Hidden';if (document[prop] !== undefined) {r = {};r.prefix = prefix;r.prop = prop;return false;}});return r;}$(window).on('blur.dictwisenew', function () {resetPlayingBtn();});var pageVisibilityProp = getHiddenProp();if (pageVisibilityProp) {$(document).on(pageVisibilityProp.prefix + 'visibilitychange.dictwisenew', function () {if (!document[pageVisibilityProp.prop]) {return;}resetPlayingBtn();});}$(window).on('pagehide.dictwisenew', function () {resetPlayingBtn();});$main.find('.wa-dictwisenew-repeat').off('click.dictwisenew').on('click.dictwisenew', function (e) {var $this = $(this);e.stopPropagation();if ($this.hasClass('wa-dictwisenew-repeat-on')) {$this.removeClass('wa-dictwisenew-repeat-on').addClass('wa-dictwisenew-repeat-off');stopRepeatSound();me.sendLog({extra: 'repeat_stop',type: 'b'});return;}resetPlayingBtn();$this.removeClass('wa-dictwisenew-repeat-off').addClass('wa-dictwisenew-repeat-on');var playCnt = repeatMaxTimes;$commonAudio.off('canplaythrough').on('canplaythrough', function (e) {playCnt--;$commonAudio.get(0).play();$commonAudio.off('canplaythrough');});$commonAudio.off('ended').on('ended', function (e) {if (playCnt &lt;= 0) {$this.removeClass('wa-dictwisenew-repeat-on').addClass('wa-dictwisenew-repeat-off');stopRepeatSound();return;}clearTimeout(repeatTimer);repeatTimer = setTimeout(function () {playCnt--;$commonAudio.get(0).play();}, repeatIntervalMS);});$commonAudio.get(0).src = $this.attr('data-url');$commonAudio.get(0).load();me.sendLog({extra: 'repeat_start',type: 'b'});});$main.off('click.dictwisenew','.wa-dictwisenew-ico').on('click.dictwisenew', '.wa-dictwisenew-ico', function(e){var $o = $(this).children('.wa-dictwisenew-icon');resetPlayingBtn();if($o.hasClass(icon)){$o.addClass(icon_ani);$commonAudio.off('canplaythrough').on('canplaythrough', function (e) {$commonAudio[0].play();});$commonAudio.off('ended').on('ended', function(){$o.removeClass(icon_ani);stopPlaySound();});$commonAudio.get(0).src = $o.attr('data-url');$commonAudio.get(0).load();}});var isEnglish = '';var prefix = 'https://sp1.baidu.com/5b11fzupBgM18t7jm9iCKT-xh_/sensearch?from=wise&amp;wd=';$.ajax({url: prefix + 'macaca' + '&amp;cb=?&amp;_=' + Math.random(),dataType: 'jsonp',success: function(data) {if($.isArray(data.liju_result) &amp;&amp; data.liju_result.length != 0) {var liju = '',c = 0;var Result = data.liju_result;var sen = '';var resultlenght0 = Result[0].length;for(var i = 0; i &lt; resultlenght0; i++){if(isEnglish === ''){if(i == resultlenght0 - 2) {if(Result[0][i+1][0].length == 1){sen += '&lt;span class="wa-dictwisenew-inblock wa-dictwisenew-ico"&gt;';}}else if(i == resultlenght0 - 1){if(Result[0][i][0].length &gt; 1){sen += '&lt;span class="wa-dictwisenew-inblock wa-dictwisenew-ico"&gt;';}}}if(Result[0][i][3]){sen += '&lt;span class="wa-dictwisenew-on"&gt;' + (Result[0][i][0] || '') + (Result[0][i][4] || '') + '&lt;/span&gt;';}else{sen += (Result[0][i][0] || '') + (Result[0][i][4] || '');}}var sen1 = '';var resultlenght1 = Result[1].length;for(var i = 0; i &lt; resultlenght1; i++){if(isEnglish !== ''){if(i == resultlenght1 - 2) {if(Result[1][i+1][0].length == 1){sen1 += '&lt;span class="wa-dictwisenew-inblock wa-dictwisenew-ico"&gt;';}}else if(i == resultlenght1 - 1){if(Result[1][i][0].length &gt; 1){sen1 += '&lt;span class="wa-dictwisenew-inblock wa-dictwisenew-ico"&gt;';}}}if(Result[1][i][3]){sen1 += '&lt;span class="wa-dictwisenew-on"&gt;' + (Result[1][i][0] || '') + (Result[1][i][4] || '') + '&lt;/span&gt;';}else {sen1 += (Result[1][i][0] || '') + (Result[1][i][4] || '');}}var senOne = '';for(var i = 0; i &lt; Result[0].length; i++){senOne += (Result[0][i][0] || '') + (Result[0][i][4] || '');}var senTwo = '';for(var i = 0; i &lt; Result[1].length; i++){senTwo += (Result[1][i][0] || '') + (Result[1][i][4] || '');}if(isEnglish === ''){if(sen &amp;&amp; sen1){liju += '&lt;div class="wa-dictwisenew-english"&gt;' + sen + '&lt;a href="javascript:;" data-audio="wa-dictwisenew-audio_10" class="WA_LOG_BTN wa-dictwisenew-icon wa-dictwisenew-lijua" data-url="' + 'https://sp0.baidu.com/-rM1hT4a2gU2pMbgoY3K'+'/gettts?lan=en&amp;text='+encodeURIComponent(senOne)+'&amp;spd=2&amp;source=alading"&gt;&lt;/a&gt;&lt;/span&gt;&lt;/div&gt;&lt;div class="wa-dictwisenew-chinese"&gt;'+sen1+'&lt;/div&gt;';}}else{if(sen &amp;&amp; sen1){liju += '&lt;div class="wa-dictwisenew-chinese"&gt;'+sen+'&lt;/div&gt;&lt;div class="wa-dictwisenew-english"&gt;'+sen1+'&lt;a href="javascript:;" data-audio="wa-dictwisenew-audio_10" class="WA_LOG_BTN wa-dictwisenew-icon wa-dictwisenew-lijua" data-url="'+'https://sp0.baidu.com/-rM1hT4a2gU2pMbgoY3K'+'/gettts?lan=en&amp;text='+encodeURIComponent(senTwo)+'&amp;spd=2&amp;source=alading"&gt;&lt;/a&gt;&lt;/span&gt;&lt;/div&gt;';}}if(liju) {$main.find('.wa-dictwisenew-liju').html('&lt;span class="c-color-gray c-gap-right"&gt;[例句]&lt;/span&gt;&lt;div&gt;' + liju + '&lt;/div&gt;');$main.find('.wa-dictwisenew-liju').css('display','-webkit-box');}}}});});});;},"85", "2","");</script><script>A.merge(function(){if (document.querySelector("[srcid='sigma_celebrity_rela'][order='5']")){A._setContainer(document.querySelector("[srcid='sigma_celebrity_rela'][order='5']"),true);}else{A._setContainer(document.querySelector("[srcid='sigma_celebrity_rela']"))};A.setup({'index': '5','isSfRec': '','isJump': '','sfUrl': 'https://sp0.baidu.com/5LMDcjW6BwF3otqbppnN2DJv/xinghe.pae.baidu.com/xinghe/data/queryxinghe','keyWord': 'macaca','sfTitle': '','query' : '',_tcUrl: 'http://m.baidu.com/from=844b/ssid=0/uid=0/bd_page_type=1/pu=usm%402%2Csz%40320_1001%2Cta%40iphone_2_5.0_3_537/baiduid=C0F95CD351C3B5B77422AA3B18E9217B/w=0_10_/t=iphone/l=1/tc?ref=www_iphone&amp;amp;lid=14140154169389471061&amp;amp;order=5&amp;amp;extra=&amp;amp;fm=alop&amp;amp;cyc=&amp;amp;sto=&amp;amp;tj=sigma_celebrity_rela_5_0_10_l13&amp;amp;w_qd=IlPT2AEptyoA_yisHUCgGCG&amp;amp;src=',link : '',is_sf:'',isNewUx: ''});A.init(function(){var _this = this;var $container = $(_this.container);var index = _this.data.index;var isSfRec = _this.data.isSfRec;var isJump = _this.data.isJump;var sfTitle =  _this.data.sfTitle;var keyWord = _this.data.keyWord;var link = _this.data.link;var is_sf = _this.data.is_sf;var head = $container.find('h3').eq(0).parent('a');var sfurl = $container.find('.wa-wa-sigma-celebrity-sfurl').attr('data-sf-href');var href = $container.find('.wa-wa-sigma-celebrity-sfurl').attr('href');var query = _this.data.query;var offsetW;var scrollParent = $container.find('.wa-sigma-celebrity-rela-scroller');var scrollOffset;var switchflag = true;var w = $(window).width();var h = $(window).height();var cw = $container.width();var positionX,offsetX;var tcUrlLink = this.makeTcUrl({src: link,});var $bscroll = $container.find('.wa-sigma-celebrity-rela-wrapper-' + index);if($bscroll.length){require(['fusion/b-scroll/b-scroll'], function(){if ($bscroll.get(0) &amp;&amp; $bscroll.get(0).fusion) {var IscrollObj = $bscroll.get(0).fusion.scroll;$(window).resize(function(){w = $(window).width();h = $(window).height();cw = $container.width();IscrollObj &amp;&amp; IscrollObj.refresh &amp;&amp; IscrollObj.refresh();});$bscroll.on('touchstart', function () {positionX = IscrollObj.x;offsetW = scrollParent.width() - cw;scrollOffset = Math.abs(IscrollObj.x);}).on('scrollEnd', function () {if(IscrollObj.directionX == 1 &amp;&amp; offsetW == scrollOffset){_this.sendLog({'type': 'scroll','action': 'endjump','src': encodeURI(link)}, this);/*调起情景页*/if (isSfRec) {$container.find('.wa-wa-sigma-celebrity-sfurl').trigger("click");/*调起星河推荐页*/}else if(isJump){window.location.href = tcUrlLink;}}else{_this.sendLog({'type': 'scroll','action': 'sideslip'}, this);}});}});}});;},"sigma_celebrity_rela", "5","");</script><script>A.merge(function(){if (document.querySelector("[srcid='wenkuala'][order='10']")){A._setContainer(document.querySelector("[srcid='wenkuala'][order='10']"),true);}else{A._setContainer(document.querySelector("[srcid='wenkuala']"))};},"wenkuala", "10","");</script><script>A.merge(function(){if (document.querySelector("[srcid='sigma_celebrity_rela'][order='11']")){A._setContainer(document.querySelector("[srcid='sigma_celebrity_rela'][order='11']"),true);}else{A._setContainer(document.querySelector("[srcid='sigma_celebrity_rela']"))};A.setup({'index': '11','isSfRec': '','isJump': '','sfUrl': 'https://sp0.baidu.com/5LMDcjW6BwF3otqbppnN2DJv/xinghe.pae.baidu.com/xinghe/data/queryxinghe','keyWord': 'macaca','sfTitle': '','query' : '',_tcUrl: 'http://m.baidu.com/from=844b/ssid=0/uid=0/bd_page_type=1/pu=usm%402%2Csz%40320_1001%2Cta%40iphone_2_5.0_3_537/baiduid=C0F95CD351C3B5B77422AA3B18E9217B/w=0_10_/t=iphone/l=1/tc?ref=www_iphone&amp;amp;lid=14140154169389471061&amp;amp;order=11&amp;amp;extra=&amp;amp;fm=alop&amp;amp;cyc=&amp;amp;sto=&amp;amp;tj=sigma_celebrity_rela_11_0_10_l5&amp;amp;w_qd=IlPT2AEptyoA_yisHUCgGCG&amp;amp;src=',link : '',is_sf:'',isNewUx: ''});A.init(function(){var _this = this;var $container = $(_this.container);var index = _this.data.index;var isSfRec = _this.data.isSfRec;var isJump = _this.data.isJump;var sfTitle =  _this.data.sfTitle;var keyWord = _this.data.keyWord;var link = _this.data.link;var is_sf = _this.data.is_sf;var head = $container.find('h3').eq(0).parent('a');var sfurl = $container.find('.wa-wa-sigma-celebrity-sfurl').attr('data-sf-href');var href = $container.find('.wa-wa-sigma-celebrity-sfurl').attr('href');var query = _this.data.query;var offsetW;var scrollParent = $container.find('.wa-sigma-celebrity-rela-scroller');var scrollOffset;var switchflag = true;var w = $(window).width();var h = $(window).height();var cw = $container.width();var positionX,offsetX;var tcUrlLink = this.makeTcUrl({src: link,});var $bscroll = $container.find('.wa-sigma-celebrity-rela-wrapper-' + index);if($bscroll.length){require(['fusion/b-scroll/b-scroll'], function(){if ($bscroll.get(0) &amp;&amp; $bscroll.get(0).fusion) {var IscrollObj = $bscroll.get(0).fusion.scroll;$(window).resize(function(){w = $(window).width();h = $(window).height();cw = $container.width();IscrollObj &amp;&amp; IscrollObj.refresh &amp;&amp; IscrollObj.refresh();});$bscroll.on('touchstart', function () {positionX = IscrollObj.x;offsetW = scrollParent.width() - cw;scrollOffset = Math.abs(IscrollObj.x);}).on('scrollEnd', function () {if(IscrollObj.directionX == 1 &amp;&amp; offsetW == scrollOffset){_this.sendLog({'type': 'scroll','action': 'endjump','src': encodeURI(link)}, this);/*调起情景页*/if (isSfRec) {$container.find('.wa-wa-sigma-celebrity-sfurl').trigger("click");/*调起星河推荐页*/}else if(isJump){window.location.href = tcUrlLink;}}else{_this.sendLog({'type': 'scroll','action': 'sideslip'}, this);}});}});}});;},"sigma_celebrity_rela", "11","");</script><script type="text/javascript">page.comm.isShowInapp = 1;page.comm.topRelation = "";page.comm.actualResultLang = "zh";page.comm.path = "\/from=844b";page.comm.logInfoList = {};page.comm.from = "844b";page.comm.ssid = "0";page.comm.uid = "0";page.comm.bd_page_type = "1";page.comm.pu = "usm%402%2Csz%40320_1001%2Cta%40iphone_2_5.0_3_537";page.comm.baiduid = "C0F95CD351C3B5B77422AA3B18E9217B";page.comm.prepath = 'ssid=' + "0" +'#from=' + "844b" +'#bd_page_type=1#uid=' + "0" +'#pu=' + "usm%402%2Csz%40320_1001%2Cta%40iphone_2_5.0_3_537" +'#baiduid=' + "C0F95CD351C3B5B77422AA3B18E9217B";page.comm.query = "macaca";page.comm.prequery = "macaca";page.comm.lid = "14140154169389471061";page.comm.ref = "www_iphone";page.comm.abct = "iphone";page.comm.pn = 0;page.comm.rn = "10";page.comm.w_qd = "IlPT2AEptyoA_yisHUCgGCG";page.comm.tn = "";page.comm.cip = '182.18.106.231';page.comm.hasNP = true;page.comm.sa = 'ib';page.comm.ts = '5961404';page.comm.ms = 1;page.comm.usm = 2;page.comm.tanet = "1";page.comm.taspeed = "292";page.comm.vit = "";page.comm.browser = "applewebkit";page.comm.browserid = "3";page.comm.browserversion = "537";page.comm.osid = "2";page.comm.iphoneid = "";page.comm.gps = "all";page.comm.sugsid = "117168,36,113879,102434,108372,103342,114242,107319,117287,116854,116765,116812,117348,117240,117229,117119,117085,116995,116309,115538,116690,116893,116388,115951,117181,115351,115523,116231,116823,116412,116522,110085,117028";page.comm.hissid = "117168,116297,113879,102434,108372,103342,114242,107319,117287,116854,116765,116812,117348,117240,117229,117119,117085,116995,116309,115538,116690,116893,116388,115951,117181,115351,115523,116231,116823,116412,116522,110085,117028";page.comm.sigmaConf = null;page.comm.spd = "292";page.comm.adflag = 0;page.comm.prefetch = 0;page.comm.spa = 0;page.comm.zbiosAsyncSwitch = 1;page.comm.zbiosPrefetchSwitch = 1;page.comm.prefetchSwitch = 1;page.comm.asyncType='';page.comm.mod='';page.comm.spath = '';page.comm.separam = "rsv_t=a30aGUlbeQcSb14HcgWC+tH5oeu4kccauu9Cc5AkGvQ83u\/QXh+K+JZeGQ";page.comm.nojc = "";page.comm.sids = "117168_116297_113879_102434_108372_103342_114242_107319_117287_116854_116765_116812_117348_117240_117229_117119_117085_116995_116309_115538_116690_116893_116388_115951_117181_115351_115523_116231_116823_116412_116522_110085_117028" || '117168_116297_113879_102434_108372_103342_114242_107319_117287_116854_116765_116812_117348_117240_117229_117119_117085_116995_116309_115538_116690_116893_116388_115951_117181_115351_115523_116231_116823_116412_116522_110085_117028';page.comm.sampleval = {"WISE_HOUSE_STRUCT":"1","WISE_TPL_COMMON_SAMPLE_FLAG":"sf_wenku_group_d","eid":"9303","newIndexTplName":"sam_pansug","newMainTplName":"sam_pansug","sugsid":"36","usid":"9303"} || {};page.comm.loginOrder = "after";page.comm.t_samp = '';page.comm.upshis = 1;page.comm.tts = {};page.comm.eqid = "c43beb4c9fb7d800100000025950775c";page.comm._eclipse = 1;page.comm.foldPos = null || -1;page.comm.foldNum = null || -1;page.comm.onlyclick = 0 || false;page.comm.timgPre = "https://ss0.bdstatic.com/9bA1vGfa2gU2pMbfm9GUKT-w/timg?wisealaddin&amp;size=8&amp;quality=60&amp;sec=1498445661&amp;di=3bf9f27819cedb78a6be70abde47706a&amp;src=";try {var _srvt=document.cookie.match(new RegExp("(^| )BDSVRTM=([^;]*)(;|$)"));if(_srvt &amp;&amp; _srvt[2]){page.comm.srvt = parseInt(_srvt[2]);}document.cookie="BDSVRTM=;expires=Sat, 01 Jan 2000 00:00:00 GMT";}catch(e){page.comm.srvt=false;}try {var _bfe=document.cookie.match(new RegExp("(^| )BDSVRBFE=([^;]*)(;|$)"));if(_bfe &amp;&amp; _bfe[2]){page.comm.svrbfe = _bfe[2];}document.cookie="BDSVRBFE=;expires=Sat, 01 Jan 2000 00:00:00 GMT";}catch(e){page.comm.svrbfe=false;}page.comm.rsync_rec_flag = true;page.comm.loginUrl = "https://wappass.baidu.com/passport/?login&amp;tpl=wise&amp;subpro=wiseresult&amp;u=" + encodeURIComponent(window.location.href);page.comm.odpSt=1498445660.95;page.comm.odpFetchSt=1498445661.1707;page.comm.usStartTime=1498445660.9606;page.comm.usEndTime=1498445661.1518;page.comm.bfe_sample=null;page.comm.superframe = {"sf_enable":"1","sf_scene_enable":"1","sf_baike_enable":"1","sf_zhidao_enable":"1","sf_image_enable":"1","sf_kuaixing_enable":"1","sf_ecom_enable":"1","sf_graph_enable":"1","sf_pai_enable":"1","sf_tc_enable":"1","sf_mip_enable":"1","mip_enable":"1"};if (page.comm.sampleval.WISE_TPL_COMMON_SAMPLE_FLAG === 'async_new_test') {page.comm.useNewIs = true;window.__sam_async_debug = true;}if (page.comm.sampleval.WISE_TPL_COMMON_SAMPLE_FLAG === 'async_old') {page.comm.jsErrorReportConf = {sam: 'async_old',reportScale: 0.1};}if (page.comm.sampleval.WISE_TPL_COMMON_SAMPLE_FLAG === 'async_new') {page.comm.jsErrorReportConf = {sam: 'async_new',reportScale: 0.1};}if (page.comm.sampleval.WISE_TPL_COMMON_SAMPLE_FLAG === 'async_new_test') {page.comm.jsErrorReportConf = {sam: 'async_new_test',reportScale: 1};}page.comm.pageTitle = "百度";page.comm.product = "unknown";page.comm.bd_version = "";page.comm.lsOpen=1;page.comm.idc_info="hz";</script><script data-version="wwwBcss_be994c5" class="code-fr-ls" data-key="wwwBcss">excuteLSCode('wwwBcss_be994c5','css')</script><script>B._fireReady();</script><script data-version="framejs_b0cb0f5" class="code-fr-ls" data-key="framejs">excuteLSCode('framejs_b0cb0f5','js')</script><script type="text/javascript" id="ec_ls_js">/*&lt;![CDATA[*//*** @file window.FC.run方法**/;(function () {try {if (!window.FC) {window.FC = {pageScope: {}};}var onion = function () {var args = arguments;return function (next) {return Array.prototype.reduceRight.call(args, function (a,b) {return b(a);}, next);}};var createMiddleWare = function (name, doSomeThingWith) {return function (next) {return function (reqScope, pageScope) {try {doSomeThingWith(reqScope, pageScope, next);} catch (e) {console.error("FC: An exception from middleware", name, ". Exception: ", e);/* 继续执行下面的中间件 */next(reqScope, pageScope);}};};};var reqScope = {};var pageScope = {};var firstMw = createMiddleWare('firstMw', function (reqScope, pageScope, next) {reqScope.__pageScope = {};pageScope.set = function (key, val) {if (key === 'object') {$.extend(reqScope.__pageScope, key);} else {reqScope.__pageScope[key] = val;}$.extend(window.FC.pageScope, reqScope.__pageScope);};pageScope.get = function (key) {return window.FC.pageScope[key];};next(reqScope, pageScope);/* 放到最后保证一定会有run方法 */window.FC.run = function (callback) {try {return callback(reqScope, pageScope);} catch (e) {reqScope.__exceptions = reqScope.__exceptions || [];reqScope.__exceptions.push(e);}};});/* 中间件引用 *//* mwInit 初始化请求相关的smarty变量 */var mwInit = createMiddleWare("init",function(e,r,s){e.imTimeSign="90",e.searchId="c43beb4c9fb7d555",e.container=$&amp;&amp;$(".ec_r_c43beb4c9fb7d555"),e.JDomain="",e.ppimAds="",e.searchIdDecimal="14140154169389471061",e.from="1",s(e,r),window.FC["reqScope_c43beb4c9fb7d555"]=e});;onion(firstMw,mwInit)(function (reqScope, pageScope) {reqScope._mwTail = 1;})(reqScope, pageScope);} catch (e) {/* never get here */}})();(function(win){win.ecom = win.ecom || {};win.ecom.wise = win.ecom.wise || {};ecom.wise.JS_URL = "&amp;sid=c43beb4c9fb7d555&amp;ip=182.18.106.231&amp;st=111001&amp;speed=292&amp;browserid=4&amp;osid=2&amp;tn=2&amp;baiduid=C0F95CD351C3B5B77422AA3B18E9217B";ecom.wise.imTimeSign = "90";ecom.wise.adType = "";ecom.wise.mts = [];ecom.wise.asyn_ads_mode = "0";ecom.wise.asyn_ads_url = "{'rset':'ad','adext':'ppads=0&amp;imads=0&amp;adposnum=0&amp;qmdedupinfo='}";win.ecom.wise.PARAMS = {'eid': '117168_116297_9303_102434_108372_103342_114242_107319_117287_116854_116765_116812_117348_117240_117229_117119_','baiduid': 'C0F95CD351C3B5B77422AA3B18E9217B','query': 'macaca','queryUtf8': 'macaca','searchid': 'c43beb4c9fb7d555','osid': '2','bwsid': '4','wiseFrom': '844b','ovlid': '11429-6#12864-0#6321-dz#855-dz','netType' : '1'};win.ecom.wise.fclickType = {'AD': 'ad','REQUEST': 'request','OTHER': 'other'};win.ecom.wise.JDomain = '';win.ecom.wise.adNum = '0';win.ecom.wise.adDownNum = '0';win.ecom.wise.adMiddleNum = '0';win.ecom.wise.imglazyLoad = function(src, id){var img = document.getElementById(id);if(img){img.src = src;}};})(window);!function(){window.ecom.wise.global={run:function(n,o){try{o!==!1&amp;&amp;1!==window.ecom.wise.asyn_ads_mode?window.B&amp;&amp;window.B.one?window.B.one("load",function(){n(window.Zepto,window,document,window.ecom.wise,window.ecom.wise.global)}):$(window).one("load",function(){n(window.Zepto,window,document,window.ecom.wise,window.ecom.wise.global)}):n(window.Zepto,window,document,window.ecom.wise,window.ecom.wise.global)}catch(e){this.handleError(e)}},request:function(n,o){if(n){var e=(new Date).getTime(),i=new Image;n+="&amp;rand="+(e+Math.random()),window.ecom.wise.global["--IMAGE"+e]=i,o=o||{};var t=!1;i.onload=i.onerror=i.onabort=function(a){if(!o.charge)if("load"!==a.type){if(!t)return i.src=n,void(t=!0);"error"in o&amp;&amp;o.error()}else"load"in o&amp;&amp;o.load();i.onload=i.onerror=i.onabort=null,window.ecom.wise.global["--IMAGE"+e]=null,i=null},i.src=n}},log:function(n,o){var e=window.ecom.wise.PARAMS,i=[];for(var t in e)e.hasOwnProperty(t)&amp;&amp;i.push(encodeURIComponent(t)+"="+encodeURIComponent(e[t]));for(var t in o)o.hasOwnProperty(t)&amp;&amp;i.push(encodeURIComponent(t)+"="+encodeURIComponent(o[t]));this.request(n+"?"+i.join("&amp;"))},fclick:function(n,o,e){e=e||{},e.type=window.ecom.wise.fclickType[o]||"";var i="https://sp0.baidu.com/-rU_dTmfKgQFm2e88IuM_a/w.gif";e.tag=n;var t={sourceid:"",rank:"",mt:"",xpath:"",type:"",tag:""};for(var a in e)e.hasOwnProperty(a)&amp;&amp;(t[a]=e[a]);this.log(i,t)},adFclick:function(tag,$dom,data){var attrVal=$dom.getAttribute("data-fclick")||"{}",params=eval("("+attrVal+")");for(var key in data)data.hasOwnProperty(key)&amp;&amp;(params[key]=data[key]);this.fclick(tag,"AD",params)},getXPath:function(n,o){for(var e,i,t,a=[];n&amp;&amp;n!==o;)e=n.tagName,i=this.getNodePosition(n),t=1===i?e:e+i,a.unshift(t.toLowerCase()),n=n.parentNode;return a.join("-")},getNodePosition:function(n){for(var o=0,e=n.tagName;n;)n.tagName===e&amp;&amp;o++,n=n.previousSibling;return o},handleError:function(n){var o={url:window.location.href,message:n.message,datetime:(new Date).getTime(),stack:n.stack};this.fclick("wise-js-error","OTHER",o)},addParamsToUrl:function(n,o){if(-1===n.indexOf("baidu.php"))return n;if(-1===n.indexOf("shh=")&amp;&amp;(n=n+"&amp;shh="+location.hostname),-1===n.indexOf("sht=")){var e=location.href.match(/from=([^&amp;/]*)/);e&amp;&amp;(n=n+"&amp;sht="+e[1])}-1===n.indexOf("word=")&amp;&amp;(n=n+"&amp;word="+window.ecom.wise.PARAMS.queryUtf8);var i=window.ecom.wise.asynQuery&amp;&amp;o&amp;&amp;o!==window.ecom.wise.imTimeSign;return i&amp;&amp;(n=n.replace(/&amp;word=[^&amp;]*/,"&amp;word="+window.ecom.wise.asynQuery)),n},chargingRequest:function(n,o){n=this.addParamsToUrl(n,o);var e=window.ecom.wise.ck;if(o||(o=window.ecom.wise.imTimeSign),e){var i=e.addCkOnUrl(n,o);this.request(i,{charge:!0})}else this.request(n)},getUrlByReplaceRcvJDomain:function(n){var o=window.ecom.wise.JDomain;if(""===o)return n;var e=/(url=[^\.]+\.)([^\.]+)(\.[^\.]+)/;return n.replace(e,"$1"+o+"$3")},setLoadingPanel:function(n){$("body").append('&lt;div class="'+n.maskClass+'" /&gt;'),$("body").append('&lt;div class="'+n.loadingClass+'"&gt;&lt;i class="'+n.loadingBlue+'"&gt;&lt;/i&gt;&lt;i class="'+n.loadingRed+'"&gt;&lt;/i&gt;加载中..&lt;/div&gt;'),$("."+n.loadingClass).css({marginTop:n.marginTop}),$("."+n.maskClass).css({height:n.height,display:n.show})},openLoadingPanel:function(){var n={maskClass:"ec_mask",loadingClass:"ec_loading",loadingBlue:"ec_loading_blue",loadingRed:"ec_loading_red",height:Math.max($(window).height(),$("html").height()),marginTop:window.scrollY-60,show:"block",hide:"none"},o=$("."+n.maskClass),e=$("."+n.loadingClass);0===o.length&amp;&amp;0===e.length?this.setLoadingPanel(n):(o.css({display:n.show}),e.css({marginTop:n.marginTop,display:n.show}))},closeLoadingPanel:function(){var n=$(".ec_mask"),o=$(".ec_loading");0&lt;n.length&amp;&amp;0&lt;o.length&amp;&amp;(n.css({display:"none"}),o.css({display:"none"}))},updateImgSrc:function(n){var o=$(n).attr("update-url");o&amp;&amp;(n.src=o,$(n).removeAttr("update-url"))},createScript:function(n,o,e){var i=document.createElement("script"),t=function(){};return i.onerror=o||t,i.onload=e||t,n&amp;&amp;(i.src=n),document.head.appendChild(i),i},deleteNode:function(n){n&amp;&amp;null!==n.parentNode&amp;&amp;n.parentNode.removeChild(n)},runOnce:function(){window.ecom.wise.runOnceList||(window.ecom.wise.runOnceList={});var n=window.ecom.wise.runOnceList,o=Function.prototype.toString,e=Object.prototype.toString;return function(i,t,a,r){if("[object Function]"===e.call(t))if(r!==!1){var s=o.call(t).replace(/\s+/g,"");n[s+(void 0===a?"":a)]||(n[s+(void 0===a?"":a)]=!0,t.call(i))}else n[a]||(n[a]=!0,t.call(i))}}(),addComponent:function(n,o){if(this.components||(this.components={}),!this.components[n]){var e=function(){};this.components[n]=o.call(e)}},getComponent:function(n){return this.components&amp;&amp;this.components[n]?this.components[n]:!1},ajaxJSONP:function(n){var o,e,i=this,t=!1,a=n.timeout||2e3,r=n.url||"",s=n.data||{},c=n.success||null,d=n.error||null,l=[],w="ecomJSONP"+ ++window.ecom.wise.jsonpId,u=null,m=function(){window[w]=null};for(var p in s)s.hasOwnProperty(p)&amp;&amp;l.push(encodeURIComponent(p)+"="+encodeURIComponent(s[p]));l.push("callback="+w),r=(r+"&amp;"+l.join("&amp;")).replace(/[&amp;?]{1,2}/,"?"),window[w]=function(){u=arguments};var h=function(){clearTimeout(o),d instanceof Function&amp;&amp;!t&amp;&amp;(t=!0,d()),i.deleteNode(e)},f=function(){clearTimeout(o),c instanceof Function&amp;&amp;c.apply(c,u),i.deleteNode(e)},e=i.createScript(r,h,f),o=setTimeout(function(){d instanceof Function&amp;&amp;!t&amp;&amp;(t=!0,d()),h=null,m()},a)}}}();window.ecom.wise.global.run(function(){window.ecom.wise.Ck=function(){function n(n){return C=document.body,x=0,b=0,y=0,S=0,O=0,M=0,Y=0,q=0,B=0,N=0,_="none",T=0,X=0,j="none",D=0,H=0,K=0,U=0,z=0,F=0,W=n,e(),{addCkOnUrl:m,clearCount:g,addAdsCk:k}}function e(){C.addEventListener("touchstart",r,!0),C.addEventListener("touchend",o,!0),C.addEventListener("touchmove",i,!0),C.addEventListener("click",u,!0),window.addEventListener("scroll",c,!0),window.B&amp;&amp;window.B.one&amp;&amp;window.B.one("destroy",function(){t()})}function t(){C.removeEventListener("touchstart",r,!0),C.removeEventListener("touchend",o,!0),C.removeEventListener("touchmove",i,!0),C.removeEventListener("click",u,!0),window.removeEventListener("scroll",c,!0)}function r(n){var e=n.touches.item(0);S=parseInt(e.pageX,10),O=parseInt(e.pageY,10),a(),x=l(n),d(n)}function o(n){b=l(n),y=b&gt;x?Math.round(b-x):0,d(n)}function i(n){c(n)}function c(n){I||(I=!0,Y=window.scrollY);var e=window.scrollY,t=Math.abs(e-M),r=s(M,e)||_,o=l(n);f(t,r)&amp;&amp;(o&gt;B&amp;&amp;(B=o),"none"===j&amp;&amp;(j=_,q=o),j!==_&amp;&amp;(w(),q=o,j=_)),M=e}function u(n){D=l(n),H=n.pageX,K=n.pageY,d(n)}function d(n){var e=h(n.target,W);e&amp;&amp;(z=e.offsetWidth,F=e.offsetHeight)}function a(){I&amp;&amp;"none"!==j&amp;&amp;(w(),X=0,I=!1,_="none")}function f(n,e){return"none"===_&amp;&amp;(_=e),e!==_?(_=e,X=0):X+=n,X&gt;G}function s(n,e){return e&gt;n?"up":n&gt;e?"down":!1}function w(){T++,N+=Math.round(B-q),j="none"}function l(n){if(0!==n.timeStamp)return n.timeStamp;var e=new Date;return e.getTime()}function v(n,e){for(var t=0,r=n.length;r&gt;t;t++)if(n[t]===e)return!0;return!1}function h(n,e){for(var t=document.querySelectorAll(e),r=n.parentNode;r&amp;&amp;!v(t,r);)r=r.parentNode;return r}function m(n,e,t){var r=E(n,e,t),o=/&amp;ck=[\w.]*/;return r===!1?n:(-1===n.indexOf("&amp;ck=")?n+="&amp;ck="+r:n=n.replace(o,"&amp;ck="+r),n)}function g(){T=0,N=0}function k(n,e){for(var t,r=n.length-1;r&gt;=0;r--){t=n[r].querySelectorAll("a");for(var o=t.length-1;o&gt;=0;o--){var i=t[o];"A"===i.tagName&amp;&amp;""!==i.href&amp;&amp;-1!==i.href.indexOf("baidu")&amp;&amp;(p(i,e,1),i.addEventListener("touchend",function(){D=0,H=0,K=0,p(this,e)},!0),i.addEventListener("click",function(){p(this,e),g()},!0))}}}function p(n,e,t){n.href=m(n.href,e,t)}function E(n,e,t){if("string"!=typeof n)return!1;if(-1===n.indexOf("baidu.php?url=")&amp;&amp;-1===n.indexOf("link?url="))return!1;if(1===t)return"0.0.0.0.0.0.0.0.0.0.0";var r;if(r=L(n,e,y,S),r===!1)return!1;U=0,D&gt;0&amp;&amp;D&gt;b&amp;&amp;(U=Math.round(D-b));var o=[r,y,S,O,z,F,T,N,U,H,K].join(".");return o}function L(n,e,t,r){var o,i=/\?url\=([^\.]+)\./,c=/link\?url\=([^\&amp;]+)/,u=0;if(o=c.exec(n)||i.exec(n)){var d=t*e%99+9,a=o[1].length;c.exec(n)&amp;&amp;(a=o[1].length&lt;20?o[1].length:20);for(var f=0;d&gt;f;++f)u+=o[1].charCodeAt(r*f%a);return u}return!1}var A,C,x,b,y,S,O,I,M,Y,q,B,N,_,T,X,j,D,H,K,U,W,z,F,G=10;return{getInstance:function(e){return A||(A=n(e)),A}}}},!1),window.ecom.wise.ck=window.ecom.wise.Ck().getInstance(".ec_resitem"),window.ecom.wise.global.addAdsCK=window.ecom.wise.ck.addAdsCk,window.ecom.wise.ck.addAdsCk(document.querySelectorAll(".ec_wise_ad"),window.ecom.wise.imTimeSign);window.ecom.wise.global.run(function(){window.B&amp;&amp;window.B.one&amp;&amp;window.B.one("destroy",function(){window.ecom.wise&amp;&amp;(window.ecom.wise.mts=null,window.ecom.wise.runOnceList={},window.ecom.wise.global.components={})})});window.ecom.wise.global.run(function(e){for(var i=document.querySelectorAll(".ec_wise_ad a"),s=i.length-1;s&gt;=0;s--)i[s].addEventListener("click",function(){"A"===this.tagName&amp;&amp;""!==this.href&amp;&amp;-1!==this.href.indexOf("baidu")&amp;&amp;(this.href=window.ecom.wise.global.addParamsToUrl(this.href,window.imTimeSignAsyn));var i=e(this).closest(".ec_resitem");if(!i||1===i.data("is-clone")){var s="&amp;isClone=1",n=this.href;-1===n.indexOf("&amp;isClone=")?n+=s:n=n.replace(/&amp;isClone=\d/,s),this.href=n}})},!1);window.ecom.wise.global.run(function(e,i){function o(){var w=e(i).width(),c=e(i).height();if(10&gt;w||20&gt;c)return!n&amp;&amp;i.ecom.wise.global.fclick("ecom_msa_tmp_2","OTHER",{width:w,height:c}),n=!0,setTimeout(o,1e3),"bad width or height";clearTimeout(t);var r=[w,c].join("_");i.B&amp;&amp;i.B.cookie&amp;&amp;i.B.cookie("MSA_WH",r,{path:"/",expires:31536e6})}var t,n=!1;window.B&amp;&amp;window.B.one&amp;&amp;window.B.one("destroy",function(){clearTimeout(t)}),o()});!function(e,t){var n=e.ecom.wise||{},r="https://sp0.baidu.com/-rU_dTmfKgQFm2e88IuM_a/w.gif?";n.request=function(t,n){var i=n||{};i.tag=t;var s=[],o=e.ecom.wise.PARAMS;for(var a in o)s.push(encodeURIComponent(a)+"="+encodeURIComponent(o[a]));for(var a in i)s.push(encodeURIComponent(a)+"="+encodeURIComponent(i[a]));this.log(r+s.join("&amp;"))},n.log=function(e){try{n.global.request(e)}catch(t){n.global.handleError(t)}},n.getBodyScrollTop=function(){return $(e).scrollTop()},n.getPatternClass=function(e){return new RegExp("(^|\\s)"+e+"(\\s|$)")},n.getElementsByClassName=function(e,n){if(elem=n||t,elem.getElementsByClassName)return elem.getElementsByClassName(e);var r=[],i=elem.getElementsByTagName("*");for(var s in i)this.getPatternClass(e).test(i[s].className)&amp;&amp;r.push(i[s]);return r},n.getChildrenNode=function(e,t){for(var n=[],r=0;r&lt;e.length;r++)if(e[r]){var i=e[r].getElementsByTagName("*");for(var s in i)if(this.getPatternClass(t).test(i[s].className)){n.push(e[r]);break}}return n},n.computerObj=function(e,t){var n={};for(var r in e)n[r]=e[r];for(var r in t)n[r]=t[r];return n},n.addEvent=function(e,t,n,r){e.addEventListener?e.addEventListener(t,n,r):e.attachEvent?e.attachEvent("on"+t,n):e["on"+t]=n},n.trim=function(e){e=e.replace(/^(\s|\u00A0)+/,"");for(var t=e.length-1;t&gt;=0;t--)if(/\S/.test(e.charAt(t))){e=e.substring(0,t+1);break}return e},n.isEmptyAds=function(e){if(!e)return null;var t=e.indexOf("ppads="),n=e.indexOf("imads=");return-1==t||-1==n?null:0==e.substr(t+6,1)&amp;&amp;0==e.substr(n+6,1)},n.setCooike=function(e,t){var n=10,r=0===e.bottom?"w_"+e.wise+"_1.00":"b_"+e.bottom+"_1.00";document.cookie=r==t?"btm=1; expires="+new Date(parseFloat((new Date).getTime())+1e3*n).toGMTString():"btm=1; expires="+new Date(parseFloat((new Date).getTime())-1).toGMTString()},n.setCooikeRefresh=function(t){var n=t.split("_"),r=n[0],i=n[1];return("t"===r||"w_1_0.00"===t)&amp;&amp;(i=0),"b"===r&amp;&amp;(i=10),"m"===r?"mid ads do not update wpr":void(e.B&amp;&amp;e.B.cookie("wpr",i,{expires:864e5}))},n.getItemTitle=function(e){if(!e)return"";var t=e.innerText,n=t.indexOf("\n"),r=t.substr(0,n);return encodeURIComponent(r)},n.getFTitle=function(e,t,r){var i=n.getItemTitle(e),s=n.getItemTitle(n.wiseItem[r]);return ecom.wise.his_title_ftitle=n.trim(i),ecom.wise.his_title_stitle=n.trim(s),ecom.wise.his_title_ftime=t,"&amp;ftitle="+n.trim(i)+"&amp;ftime="+t+"&amp;stitle="+n.trim(s)+"&amp;furl="+n.getWiseUrl($(".result"))},n.getScrollTitle=function(e,t){var r=e.split(":")[0],i=r.split("_"),s=i[0];if("t"===s)return n.getFTitle(n.wiseItem[1],t,2);var o=parseInt(i[1],10);return 0===parseFloat(i[2])&amp;&amp;o--,o=o&gt;9?9:o,n.getFTitle(n.wiseItem[o],t,9===o?8:o+1)},n.TransferString=function(e){var t=e;try{t=t.replace(/\r\n/g,""),t=t.replace(/\n/g,"")}catch(n){}return t.substring(0,16)},n.parseObj=function(e){var t;try{t=new Function("return ("+e+")")()}catch(n){t=null}return t},n.ifAdsEquals=function(e,t){if(e.length!==t.length)return!1;for(var r=[],i=[],s=0;s&lt;e.length;s++)r.push(n.TransferString(e[s].innerText)),i.push(n.TransferString(t[s].innerText));return r.sort().toString()==i.sort().toString()},n.getWiseUrl=function(e){for(var t="",r=0;r&lt;e.length;r++){var i=n.getItemUrl(e[r]);""!==i&amp;&amp;(t+=":"+i)}return ecom.wise.his_title_furl=t.substr(1),encodeURIComponent(t.substr(1))},n.getItemUrl=function(e){var t=e.innerText.split("\n"),r=t[t.length-1];return 1===t.length?"":(r.split(".").length&lt;3&amp;&amp;(r=t[t.length-2]),r.split(".").length&gt;=3&amp;&amp;-1===r.indexOf("baidu.com")?(r=encodeURIComponent(r).replace(/%C2%A0/gi,"%20"),n.trim(r.split("%20")[0].replace(/\d+k/g,"").split("-")[0])):"")}}(window,document);!function(o){var n=o.ecom.wise||{},e="https://sp0.baidu.com/-rU_dTmfKgQFm2e88IuM_a/w.gif?";n.request=function(n,i){var t,c=[],s=o.ecom.wise.PARAMS,d={eid:!0,ovlid:!0};"ecom_wise_listen_n"===n&amp;&amp;"init"===i.action&amp;&amp;(d={}),i=i||{},i.tag=n;for(t in s)s.hasOwnProperty(t)&amp;&amp;!d[t]&amp;&amp;c.push(encodeURIComponent(t)+"="+encodeURIComponent(s[t]));for(t in i)i.hasOwnProperty(t)&amp;&amp;c.push(encodeURIComponent(t)+"="+encodeURIComponent(i[t]));this.log(e+c.join("&amp;"))}}(window,document);window.B&amp;&amp;window.B.init&amp;&amp;window.B.init(function(){if(window.B.utils&amp;&amp;window.B.utils.pageToTop){var o=new window.B.utils.pageToTop({attrs:[{event:"unload",condition:null},{event:"load",condition:function(){return!($(".result").length&gt;0&amp;&amp;$(window).scrollTop()&lt;$(".result").offset().top)}}]});$(".result a").click(function(){$(window).scrollTop()&gt;$(".result").offset().top&amp;&amp;o.set("unload",!0)})}});var E=window.E||{};if(window.B&amp;&amp;("amd"in E||(E.amd={keys:B.amd.keys,addPaths:function(e){if("object"==typeof e){for(var i in e){if(B.amd.exist(i))return void delete e[i];e[i]="../static/ecom"+e[i]}B.amd.addPaths(e)}}}),E.amd.addPaths({"ec/baseview":"/js/view/baseview_5e7380b","activity/iframe/iframe":"/js/activity/iframe/iframe_5df6e05","activity/gelunbu/ershoufang":"/js/activity/gelunbu/ershoufang_ad7559f","wise/grid_search/ticket_search/crypto":"/js/wise/grid_search/ticket_search/crypto.min_1924384","wise/grid_search/ticket_search/guohang":"/js/wise/grid_search/ticket_search/ticket_search_guohang_list_e5ecf7c","wise/grid_search/ticket_search/xiecheng":"/js/wise/grid_search/ticket_search/ticket_search_xiecheng_list_003c700","wise/grid_search/city/city_list":"/js/wise/grid_search/city/city_list_e9764bb"})),page&amp;&amp;page.amd&amp;&amp;page.amd.addPaths){var addPaths=function(e){if("object"==typeof e){for(var i in e)page.amd.exist(i)?delete e[i]:e[i]="../static/ecom"+e[i];page.amd.addPaths(e)}};addPaths({"ec/ecomSf":"/js/wise/home/ecomSf_a926000","ec/commonAdsFetcher":"/js/wise/home/commonAdsFetcher_2707d4c"})}!function(e){var t=e.ecom||{},n=e.ecom.wise||{},a=".results",r=!1,s=null,i=t.wise.asyn_ads_url,o=-1!==i.indexOf("{")&amp;&amp;-1!==i.indexOf("}"),d=0,l="",c=function(){n.doClone&amp;&amp;n.doClone()};n.getAysnAds=function(a,s,u,p){if(s&gt;d&amp;&amp;(d=s,l=n.getScrollTitle(a,s)),r||!p||n.getBodyScrollTop()&lt;=u)return void c();if(i+=l,r=!0,o){var f=n.parseObj(t.wise.asyn_ads_url);return f.cb=n.dealResultNew,void(e.B&amp;&amp;e.B.asyn&amp;&amp;e.B.asyn(f))}$.ajax({url:i+"&amp;r="+(new Date).getTime().toString().slice(-5,-1),dataType:"json",timeout:1e4,success:function(e){n.dealResult(e)},error:function(){n.request("ecom_wise_aysn_ads",{action:"xmlHTTPError"})}})},n.dealResultNew=function(e){for(var t=e.ads.list,a=null,r=0;r&lt;t.length;r++)2===parseInt(t[r].id,10)&amp;&amp;(a=t[r].html);a&amp;&amp;(n.repaint(a,e.ads.global.js,e.ads.global.css),n.setSearchItem(),c(),n.replaceErs(e.rs),n.showInfoTip())},n.dealResult=function(e){return s=e,0!==s.err_no?void n.request("ecom_wise_aysn_ads",{action:"xmlHTTPExp",errcode:s.err_no}):(n.repaint(s.data.ad_data,s.data.ad_js,s.data.ad_css),n.setSearchItem(),c(),void(s.data&amp;&amp;s.data.ad_data&amp;&amp;n.showInfoTip()))},n.showInfoTip=function(){e.B&amp;&amp;e.B.adHintShow&amp;&amp;e.B.adHintShow()},n.replaceErs=function(t){return t&amp;&amp;t.brs&amp;&amp;t.brs.list&amp;&amp;$.isArray(t.brs.list)?void(e.B.rcmd&amp;&amp;e.B.rcmd&amp;&amp;e.B.rcmd.rs&amp;&amp;e.B.rcmd.rs.update(t.brs.list,function(){},function(){})):""},n.repaint=function(e,t,n){var r=$(0===$("#rest_10").length?a:"#rest_10"),s=document.createElement("div"),i="";n&amp;&amp;(i='&lt;style type="text/css"&gt;'+n+"&lt;/style&gt;"),e&amp;&amp;(i+=e),s.innerHTML=i,r.append(s);var o=document.createElement("script");o.type="text/javascript",o.innerHTML=t,s.appendChild(o)}}(window,document);!function(t,n,i){i.util=i.util||{};var e=i.util;e.exist=function(t,n){if("string"!=typeof t)return!1;for(var i=t.split("."),e=window,o=0,r=i.length;r&gt;o;o++)if(e=e[i[o]],!e)return!1;return"function"==typeof n&amp;&amp;n(e),!0},e.wait=function(t,n){var i,e=this,o=10,r=1e3;i=setInterval(function(){return e.exist(t)?(clearInterval(i),void e.exist(t,n)):0&gt;=o?void clearInterval(i):void o--},r)},e.runSafety=function(t,n){try{"function"==typeof t&amp;&amp;t()}catch(i){"function"==typeof n&amp;&amp;n(i)}}}(window,document,window.ecom||{});!function(e){var o=e.ecom.wise||{};o.setCooikeRefresh=function(o){var i=o.split("_"),t=i[0],n=i[1];return("t"===t||"w_1_0.00"===o)&amp;&amp;(n=0),"b"===t&amp;&amp;(n=10),"m"===t?"mid ads do not update wpr":void e.ecom.util.wait("B.cookie",function(e){e("wpr",n,{expires:864e5})})}}(window,document);!function(win,doc,ecom,B){function init(){wise.setSearchItem(),wise.topAds=initItem.top,wise.delayInit()}var wise=ecom.wise||{},EC_ITEM="ec_resitem",WISE_ITEM="result",EC_AD="ec_wise_ad",isAsyn=!0,hasScroll=!1,initScrollTop=0,url=ecom.wise.asyn_ads_url,rsPos=0,w4Pos=0,w10Pos=0,w10Hit=0,hasRs=!1,wpos=1===parseInt(ecom.wise.PARAMS.osid,10)?1:4,ResItem=function(){this.isAD=!1,this.top=0,this.bottom=0,this.height=0,this.index=0,this.isTop=!0,this.title="",this.sourceId="",this.position=""},InitItemfun=function(){this.adt=0,this.adb=0,this.wst=0,this.top=0,this.wise=0,this.middle=0,this.bottom=0,this.adpos="",this.pbt=-1,this.yxh=-1,this.zoom=0,this.validHeight=0,this.initViewZone="",this.adsHeight="",this.availHeight=screen.availHeight,this.availWidth=screen.availWidth,this.winHeight=$(win).height(),this.winWidth=$(win).width(),this.action="init",this.model="",this.monitor=""},ScrollItemfun=function(){this.startHeight=0,this.startTime=0,this.endHeight=0,this.endTime=0,this.scrollTime=0,this.scrollLen=0,this.scrollInter=0,this.scrolldirect=0,this.stayTime=0,this.startViewZone="",this.endViewZone="",this.adpos="",this.touchStart="",this.touchEnd="",this.action="scroll",this.model="",this.monitor=""},adsArray=[],initItem=new InitItemfun,scrollItem=new ScrollItemfun,topAdsNum=1,midAdsNum=1,wiseNum=1,btmAdsNum=1;wise.getSearchHeight=function(){var t=$("#page-bd");return t.length&gt;0&amp;&amp;t.offset().top||0},wise.getYouXuanHeight=function(){var t=$(".ec_youxuan_card");return t.length&gt;0&amp;&amp;t.height()||0},wise.getIsZoom=function(){var t=$(".result .c-title");return t.length&gt;0&amp;&amp;t.css("font-size")&amp;&amp;parseInt(t.css("font-size"),10)/18||0},wise.getModel=function(){function updateViewTime(){var t=adsArray.length,e=wise.getBodyScrollTop(),i=e+$(win).height();if(scrollInfo.stayTime&gt;3e4){var s={};s[scrollInfo.scrollInter+"_stay"]=scrollInfo.stayTime,extPattern.push(s),scrollInfo.stayTime=250}for(var o=0;t&gt;o;o++){var r=adsArray[o],n=r.position+""+r.index,a=ads[n];a||(a=ads[n]={},a.viewTime=0),i-r.top&gt;=40&amp;&amp;r.top+r.height-e&gt;=40?(a.scrollIn=!0,a.viewTime+=r.top&gt;=e&amp;&amp;r.top+r.height&lt;=i?scrollInfo.scrollTime+scrollInfo.stayTime:scrollInfo.scrollTime):a.scrollIn&amp;&amp;(a.scrollIn=!1,a.viewTime+=scrollInfo.scrollTime+scrollInfo.stayTime)}}function getViewTime(){var t=[];for(var e in ads)ads.hasOwnProperty(e)&amp;&amp;t.push(e+":"+ads[e].viewTime);return t.join("#")}function handleClick(t){var e=$(this),i=$(t.target);"A"!==t.target.tagName&amp;&amp;(i=$(t.target).parents("a")),0!==i.length&amp;&amp;""!==i.attr("href")&amp;&amp;0!==i.attr("href").indexOf("javascript")&amp;&amp;setMonitorInfo(e,i)}function setMonitorInfo(elem,elemA){var href;if(elem.hasClass(".ec_resitem"))direction.push(2);else{direction.push(3);var logData=elem.data("log");ecom.util.runSafety(function(){if(logData){var data=eval("("+logData+")");href=data.mu?data.mu:href}})}var data={info:elem.data("ecom-log-info"),url:href||elemA.attr("href"),t:(new Date).getTime()};localStorage.setItem("ecom_scroll_monitor",JSON.stringify(data))}function init(t){adsArray=$.extend([],t.adsArray),scrollInfo=$.extend({},t.scrollInfo);var e=localStorage.getItem("ecom_scroll_monitor");if(e&amp;&amp;null===history.state){var i=(new Date).getTime();direction.push(4),ecom.util.runSafety(function(){var s=JSON.parse(e);if(!s)return s;var o={i:s.info,ct:s.t,bt:i,t:i-s.t,u:s.info&amp;&amp;("w"===s.info.split("_")[0]?s.url:"")};t.initItem?t.initItem.monitor=JSON.stringify(o):t.scrollInfo.monitor=JSON.stringify(o),localStorage.removeItem("ecom_scroll_monitor")})}return scrollInfo.scrolldirect&amp;&amp;direction.push("T"===scrollInfo.scrolldirect?0:1),updateViewTime(),JSON.stringify({vt:getViewTime(),pt:direction.join(""),ext:extPattern,vsh:$(win).height()-wise.getSearchHeight(),asid:wise.PARAMS.asynsid||"",rd:unique})}var unique=(new Date).getTime(),ads={},direction=[],extPattern=[],scrollInfo,adsArray=[];return $(".ec_resitem").live("click",handleClick),$(".result").live("click",handleClick),init}(),wise.getImItem=function(t,e,i,s){var o=t.length;switch(s){case"t":initItem.top+=o;break;case"w":initItem.wise+=o;break;case"b":initItem.bottom+=o;break;case"m":initItem.middle+=o}for(var r=[],n=0;o&gt;n;n++){var a=new ResItem,l=$(t[n]);a.$elem=l;var m=l.offset();a.isAD=e,a.position=s,a.top=parseInt(m.top,10),a.height=parseInt(m.height,10);var c=l.parent(".ec_ad_results").attr("sourceid");if(e&amp;&amp;(a.sourceId=c?c:"0"),0!==a.height){switch(a.bottom=a.top+a.height,"w"===s&amp;&amp;0===n&amp;&amp;(rsPos=a.top),"w"===s&amp;&amp;window.B&amp;&amp;B.comm&amp;&amp;B.comm.onlyshow&amp;&amp;1===n&amp;&amp;(rsPos=a.top),"w"===s&amp;&amp;n===wpos&amp;&amp;(w4Pos=a.top),"w"===s&amp;&amp;a.top&gt;w10Pos&amp;&amp;(w10Pos=a.top,w10Hit=a.height-20),s){case"t":a.index=topAdsNum++;break;case"w":a.index=wiseNum++;break;case"b":a.index=btmAdsNum++;break;case"m":a.index=midAdsNum++;break;case"p":a.index=1}a.isTop=i,r.push(a)}else switch(s){case"t":initItem.top--;break;case"w":initItem.wise--;break;case"b":initItem.bottom--;break;case"m":initItem.middle--}}return r},wise.setAdsHeight=function(){for(var t=adsArray.length,e=0;t&gt;e;e++){var i=adsArray[e];initItem.adsHeight+="_"+i.position,initItem.adsHeight+=i.index+":"+i.height,i.sourceId&amp;&amp;(initItem.adsHeight+="|"+i.sourceId);var s=[i.position,i.index,i.sourceId].join("_");i.$elem.data("ecom-log-info",s)}},wise.setSearchItem=function(){adsArray=[],initItem=new InitItemfun,topAdsNum=1,wiseNum=1,btmAdsNum=1,midAdsNum=1,wise.wiseItem=this.getElementsByClassName(WISE_ITEM),wise.wiseItem=Array.prototype.slice.call(wise.wiseItem);var t=this.getImItem(wise.wiseItem.slice(0,10),!1,!0,"w");if(wise.wiseItem.length&gt;0){var e=$(wise.wiseItem[0]).offset().top;initItem.wst=e&gt;0?e:0}var i=this.getElementsByClassName(EC_AD),s=this.getChildrenNode(i,EC_ITEM),o=$(s[0]).offset(),r=[];0!==s.length&amp;&amp;(initItem.adt=parseInt(o.top,10),initItem.adb=parseInt(o.top,10)+parseInt(o.height,10));for(var n=0;n&lt;s.length;n++){var a=$(s[n]).offset();parseInt(a.top,10)&lt;rsPos&amp;&amp;parseInt(a.height,10)&gt;0&amp;&amp;(r=this.getImItem(this.getElementsByClassName(EC_ITEM,s[n]),!0,!0,"t"),adsArray=adsArray.concat(r),initItem.adb=parseInt(a.top,10)+parseInt(a.height,10))}for(adsArray=adsArray.concat(t),n=0;n&lt;s.length;n++){parseInt($(s[n]).offset().top,10)&gt;w10Pos&amp;&amp;parseInt($(s[n]).offset().height,10)&gt;0&amp;&amp;(r=this.getImItem(this.getElementsByClassName(EC_ITEM,s[n]),!0,!1,"b"),adsArray=adsArray.concat(r));var l=$(s[n]).offset();parseInt(l.top,10)&gt;rsPos&amp;&amp;parseInt(l.top,10)&lt;w10Pos&amp;&amp;parseInt(l.height,10)&gt;0&amp;&amp;(r=this.getImItem(this.getElementsByClassName(EC_ITEM,s[n]),!0,!1,"m"),adsArray=adsArray.concat(r))}var m=$(".ec_wise_ad .ec_brandAd");m.length&gt;0&amp;&amp;(r=this.getImItem(m,!1,!0,"p"),adsArray=adsArray.concat(r)),adsArray=adsArray.concat(this.getImItem(wise.wiseItem.slice(10),!1,!1,"w")),adsArray.sort(function(t,e){return t.top-e.top}),this.setAdsHeight(),wise.initItem=initItem},wise.calViewZone=function(t,e){var i=adsArray.length;if(0&gt;=i)return"w_0_0.00:w_0_0.00";for(var s=i-1,o=s,r=0;i&gt;r;r++)if(t&lt;adsArray[r].top){o=0===r?0:r-1;break}var n=t-adsArray[o].top;n=0&gt;n?0:n;var a=(n/adsArray[o].height).toFixed(2);isNaN(a)&amp;&amp;(a="0.00"),a=a&gt;1?"1.00":a;for(var l=adsArray[o].position+"_"+adsArray[o].index+"_"+a;i&gt;r;r++)if(e&lt;adsArray[r].top){s=0&gt;r-1?0:r-1;break}n=e-adsArray[s].top,n=0&gt;n?0:n,a=(n/adsArray[s].height).toFixed(2),a=a&gt;1?"1.00":a;var m=adsArray[s].position+"_"+adsArray[s].index+"_"+a;return l+":"+m},wise.moveScroll=function(){hasScroll||(hasScroll=!0,scrollItem.startHeight=scrollItem.endHeight,scrollItem.startTime=(new Date).getTime(),scrollItem.stayTime=scrollItem.startTime-scrollItem.endTime,scrollItem.startViewZone=scrollItem.endViewZone),null!=wise.isEmptyAds(decodeURIComponent(url))&amp;&amp;isAsyn&amp;&amp;Math.abs(wise.getBodyScrollTop()-initScrollTop)&gt;10&amp;&amp;wise.getAysnAds(scrollItem.startViewZone,scrollItem.stayTime,w4Pos,0===initItem.bottom),ecom.wise.rscontent&amp;&amp;!hasRs&amp;&amp;(hasRs=!0,B.rcmd&amp;&amp;B.rcmd.toprq&amp;&amp;B.rcmd.toprq.update&amp;&amp;B.rcmd.toprq.update({word:ecom.wise.rscontent.substr(1).split("_"),from:"ecom"})),clearTimeout(wise.scrollId),wise.scrollId=setTimeout(function(){scrollItem.endHeight=$(win).height()+wise.getBodyScrollTop(),scrollItem.endTime=(new Date).getTime(),scrollItem.scrollInter+=1,scrollItem.scrollTime=scrollItem.endTime-scrollItem.startTime,scrollItem.scrollLen=scrollItem.endHeight-scrollItem.startHeight,scrollItem.scrolldirect=scrollItem.scrollLen&gt;=0?"B":"T",scrollItem.endViewZone=wise.calViewZone(wise.getBodyScrollTop(),scrollItem.endHeight),wise.setAdPos(scrollItem.endViewZone),scrollItem.model=wise.getModel({adsArray:adsArray,scrollInfo:scrollItem}),wise.request("ecom_wise_listen_n",wise.computerObj(scrollItem,{top:initItem.top,wise:initItem.wise,middle:initItem.middle,bottom:initItem.bottom})),wise.setCooike(initItem,scrollItem.endViewZone.split(":")[1]),wise.setCooikeRefresh(scrollItem.endViewZone.split(":")[0]),hasScroll=!1},300)},wise.setAdPos=function(t){var e=t.split(":")[1],i=e.split("_"),s=i[0],o=i[1],r=i[2];if(0===scrollItem.adpos.length)scrollItem.adpos="w"===s?0===initItem.top?"t_0_0.00":"t_"+initItem.top+"_1.00":e;else{var n=scrollItem.adpos.split("_"),a=n[0],l=n[1],m=n[2];if("t"===a){if("m"===s)return;"t"===s?(o&gt;l||o===l&amp;&amp;r&gt;m)&amp;&amp;(scrollItem.adpos=e):"w"===s?o&gt;10?0!==initItem.bottom&amp;&amp;(scrollItem.adpos="t_"+initItem.bottom+"_1.00"):scrollItem.adpos=0===initItem.top?"t_0_0.00":"t_"+initItem.top+"_1.00":scrollItem.adpos=e}else"b"===s?(o&gt;l||o===l&amp;&amp;r&gt;m)&amp;&amp;(scrollItem.adpos=e):"w"===s&amp;&amp;o&gt;10&amp;&amp;0!==initItem.bottom&amp;&amp;(scrollItem.adpos="t_"+initItem.bottom+"_1.00")}},wise.delayInit=function(){function t(t){var e=t.touches[0];scrollItem.touchStart=Math.round(e.clientX)+"_"+Math.round(e.clientY)}function e(t){var e=t.changedTouches[0];scrollItem.touchEnd=Math.round(e.clientX)+"_"+Math.round(e.clientY)}scrollItem.startTime=scrollItem.endTime=(new Date).getTime();var i=scrollItem.startHeight=scrollItem.endHeight=$(win).height()+wise.getBodyScrollTop();if(initScrollTop=wise.getBodyScrollTop(),initItem.initViewZone=wise.calViewZone(wise.getBodyScrollTop(),i),wise.setCooikeRefresh(initItem.initViewZone.split(":")[0]),scrollItem.startViewZone=scrollItem.endViewZone=initItem.initViewZone,initItem.pbt=this.getSearchHeight(),initItem.yxh=this.getYouXuanHeight(),initItem.zoom=this.getIsZoom(),initItem.validHeight=$(win).height()-initItem.pbt,wise.adsArray=adsArray,initItem.model=this.getModel({adsArray:adsArray,scrollInfo:scrollItem,initItem:initItem}),0===initItem.top)initItem.adpos="t_0_0.00";else{var s=initItem.initViewZone.split(":")[1],o=s.substr(0,1);initItem.adpos="t"===o?s:"t_"+initItem.top+"_1.00"}wise.request("ecom_wise_listen_n",initItem),window.B&amp;&amp;B.comm&amp;&amp;B.comm.onlyshow&amp;&amp;0===B.comm.onlyshow.indexOf("3")&amp;&amp;(isAsyn=!1,$(win).one("onlyshowMore",function(){wise.setSearchItem(),isAsyn=!0})),$(win).on("scroll",wise.moveScroll),$(document).on("touchstart",t),$(document).on("touchend touchcancel",e),window.B&amp;&amp;window.B.one&amp;&amp;window.B.one("destroy",function(){$(win).off("scroll",wise.moveScroll),$(document).off("touchstart",t),$(document).off("touchend touchcancel",e)})},init()}(window,document,window.ecom,window.B);window.ecom.wise.global.run(function(e,i,o,c){if(c.getSearchHeight){var t=c.getSearchHeight();i.B&amp;&amp;i.B.cookie&amp;&amp;i.B.cookie("MSA_PBT",t,{path:"/",expires:2592e6})}},!0);window.ecom.wise.global.run(function(o,e,i,n){if(n.getIsZoom){var t=Math.round(1e3*n.getIsZoom());e.B&amp;&amp;e.B.cookie&amp;&amp;e.B.cookie("MSA_ZOOM",t,{path:"/",expires:2592e6})}},!0);ecom.wise.global.run(function(t){var e=0,i=Array.prototype.slice;t.ecom=t.ecom||{},t.ecom.widget=function(e,i,n){var o,r,s,a={},u=e.split(".")[0];e=e.split(".")[1],r=u+"-"+e,n||(n=i,i=t.ecom.Widget),o=t[e]=function(t,e){return this._createWidget?void(arguments.length&amp;&amp;this._createWidget(t,e)):new o(t,e)},t.extend(o,{_proto:t.extend({},n),_childConstructors:[]}),s=new i,s.options=t.ecom.widget.extend({},s.options),t.each(n,function(e,n){return t.isFunction(n)?void(a[e]=function(){var t=function(){return i.prototype[e].apply(this,arguments)},o=function(t){return i.prototype[e].apply(this,t)};return function(){var e,i=this._super,r=this._superApply;return this._super=t,this._superApply=o,e=n.apply(this,arguments),this._super=i,this._superApply=r,e}}()):void(a[e]=n)}),o.prototype=t.ecom.widget.extend(s,a,{constructor:o,namespace:u,widgetName:e,widgetFullName:r}),t.ecom.widget.bridge(e,o)},t.ecom.widget.bridge=function(e,n){function o(e,i){var n=e[p],o=n&amp;&amp;u[n];if(void 0===i)return o||r(e);if(o){if(i in o)return o[i];var s=d(i);if(s in o)return o[s]}return c.call(t(e),i)}function r(e,i,n){var o=e[p]||(e[p]=++t.uuid),r=u[o]||(u[o]=s(e));return void 0!==i&amp;&amp;(r[d(i)]=n),r}function s(e){var i={};return t.each(e.attributes||g,function(e,n){0==n.name.indexOf("data-")&amp;&amp;(i[d(n.name.replace("data-",""))]=t.zepto.deserializeValue(n.value))}),i}var a=n.prototype.widgetFullName||e,u={},c=t.fn.data,d=t.camelCase,p="Zepto"+ +new Date,g=[];t.fn[n.prototype.namespace+"_"+e]=function(e){var s="string"==typeof e,u=i.call(arguments,1),c=this;return e=!s&amp;&amp;u.length?t.ecom.widget.extend.apply(null,[e].concat(u)):e,this.each(s?function(){var i,n=o(this,a);if(n&amp;&amp;t.isFunction(n[e])&amp;&amp;"_"!==e.charAt(0))return i=n[e].apply(n,u),void 0!==i?(c=i,!1):void 0}:function(){r(this,a,new n(e,this))}),c}},t.ecom.widget.extend=function(e){for(var n,o,r=i.call(arguments,1),s=0,a=r.length;a&gt;s;s++)for(n in r[s])o=r[s][n],r[s].hasOwnProperty(n)&amp;&amp;void 0!==o&amp;&amp;(e[n]=t.isPlainObject(o)?t.isPlainObject(e[n])?t.ecom.widget.extend({},e[n],o):t.ecom.widget.extend({},o):o);return e},t.ecom.Widget=function(){},t.ecom.Widget.prototype={widgetName:"widget",options:{selector:{}},getSelf:function(){return this},_createWidget:function(i,n){n=t(n||this.defaultElement||this)[0],this.element=t(n),this.uuid=e++,this.eventNamespace="."+this.widgetName+this.uuid,this.options=t.ecom.widget.extend({},this.options,i);var o=this;t.each(this.options.selector,function(t,e){o[t]=o.element.find(e)}),this.bindings=t(),this._init()},_init:function(){},_on:function(e,i){var n,o=this;i?(e=n=t(e),this.bindings=this.bindings.add(e)):(i=e,e=this.element,n=this.widget()),t.each(i,function(i,n){function r(){return("string"==typeof n?o[n]:n).apply(o,arguments)}"string"!=typeof n&amp;&amp;(r.guid=n.guid=n.guid||r.guid||t.guid++);var s=i.match(/^(\w+)\s*(.*)$/),a=s[1]+o.eventNamespace,u=s[2];u?e.find(u).on(a,r):e.bind(a,r)})}}});/*速度变量初始化*/window.ecom.wise.adType = [];/*遍历上下方广告条数和叠加MT*//*speed*/window.ecom.wise.global.run(function(){var adArr = window.ecom.wise.adType || [],keyArr = [],valArr = [],resArr = [];var CompositeArr = function(arr){this.arr = arr;};/*格式化遍历组合数组*/CompositeArr.prototype.iteration = function(obj){for(var i = 0; i &lt; obj.length; i++){var key = obj[i].split("=")[0];var val = obj[i].split("=")[1];if(!keyArr[key]){keyArr[key] = "true";valArr[key] = key + "=" + val;}else{valArr[key] = valArr[key] + "_" + val;}}for(var k in valArr){resArr.push(valArr[k]);}window.ecom.wise.adType = resArr. join("&amp;");};var contactArr = new CompositeArr(adArr);contactArr.iteration(adArr);});!function(e){$(".ec_youxuan_card, .ec_dx_wrapper").length||e.B&amp;&amp;B.onload(function(){window.B.one("destroy",function(){clearTimeout(window.ecom.wise.adcheckSt)});var e=$(".c-result").length,o=$(".se-noresult-tips").length;0===e&amp;&amp;window.ecom.wise.global.fclick("adblock","AD",{action:"nonature",adNum:window.ecom.wise.adNum+"_"+window.ecom.wise.adDownNum+"_"+window.ecom.wise.adMiddleNum,natureResultNum:e,noResultTip:o}),window.ecom.wise.adcheckSt=setTimeout(function(){var e=0,o=[],i=$('[sourceid="160"] .ec_resitem, [sourceid="111"] .ec_resitem'),c=i.length;c&lt;window.ecom.wise.adNum&amp;&amp;(e=2),0===e&amp;&amp;i.each(function(){o.push($(this).height()),$(this).height()&lt;50&amp;&amp;(e=1)}),0!==e&amp;&amp;(window.ecom.wise.ecomdataup&amp;&amp;(i.remove(),$("#results").prepend(window.ecom.wise.ecomdataup),window.ecom.wise.ck.addAdsCk(document.querySelectorAll(".ec-ad-like-nature"),window.ecom.wise.imTimeSign),window.ecom.wise.global.fclick("adblock","AD",{isBlock:e,height:o.join("_"),adDomNum:c,adNum:window.ecom.wise.adNum,action:"replace"}),$(".ec-ad-like-nature").removeClass("ec-ad-like-nature")),window.ecom.wise.global.fclick("adblock","AD",{isBlock:e,height:o.join("_"),adDomNum:c,adNum:window.ecom.wise.adNum}))},2e3)})}(window,document);/*** @file 异步加载js*//* globals nirvana */(function (win, $) {win.ecom = win.ecom || {};win.ecom.wise = win.ecom.wise || {};ecom.wise.asyn_ads_mode = parseInt('0', 10);ecom.wise.getAsynRs = function (cls) {return $('.ec_wise_asyn'); /*需要判断原始广告中是否含有下方广告*/};ecom.wise.asynQuery = "";if (ecom.wise.asyn_ads_mode === 1) {win.ecom.wise.PARAMS.asynsid = 'c43beb4c9fb7d555';win.ecom.wise.imTimeSignAsyn = parseInt('90', 10);if (window.ecom.wise.ck.addAdsCk) {window.ecom.wise.ck.addAdsCk(ecom.wise.getAsynRs('.ec_wise_ad'), win.ecom.wise.imTimeSignAsyn);} else {window.ecom.wise.global.addAdsCK(ecom.wise.getAsynRs('.ec_wise_ad'), win.ecom.wise.imTimeSignAsyn);}}var asynDom =  $(ecom.wise.getAsynRs('.ec_wise_ad')).find('a');asynDom.on('click', function(e) {if (this.tagName === 'A' &amp;&amp; this.href !== '' &amp;&amp; this.href.indexOf('baidu') !== -1) {this.href = window.ecom.wise.global.addParamsToUrl(this.href, win.ecom.wise.imTimeSignAsyn);}})})(window, Zepto);ecom.wise.global.run(function(i){i(".ec_wise_ad").not(".ec-hm-hide").attr("style","display:block !important;visibility: visible !important;"),i(".ec_ad_results").not(".ec_newyouxuan").attr("style","display:block !important;visibility: visible !important;"),i(".ec_resitem").attr("style","display:block !important;visibility: visible !important;")});/*]]&gt;*/</script><script>A.log.init({baiduid:'C0F95CD351C3B5B77422AA3B18E9217B',w:'0_10_macaca',t:'iphone',ref:'www_iphone',from:'844b',ssid:'0',uid:'0',lid:'14140154169389471061',bd_page_type:'1',pu:'usm@2,sz@320_1001,ta@iphone_2_5.0_3_537'},{pn:'0',rn:'10'});</script><script>/*https域名转换工具*/B.https = B.https || {};B.https.domain = (function(){var list = {"fclick.baidu.com":"https://sp0.baidu.com/-rU_dTmfKgQFm2e88IuM_a","sestat.baidu.com":"https://sp1.baidu.com/5b1ZeDe5KgQFm2e88IuM_a","image.baidu.com":"https://sp1.baidu.com/70cHazva2gU2pMbgoY3K","aladdin.wapmap.baidu.com":"https://sp2.baidu.com/90gHaDqh_cgXo1ufo-zN2TxrfQVwcu8e","map.baidu.com":"https://sp1.baidu.com/80MWsjip0QIZ8tyhnq","res.iciba.com":"https://ss3.bdstatic.com/5r1Zsj3n0QQF8tyhnq","snap0.map.bdimg.com":"https://ss0.bdstatic.com/5boHfGba_QUU8t7mm9GUKT-xh_","t10.baidu.com":"https://ss0.baidu.com/6ONWsjip0QIZ8tyhnq","t11.baidu.com":"https://ss1.baidu.com/6ONXsjip0QIZ8tyhnq","t12.baidu.com":"https://ss2.baidu.com/6ONYsjip0QIZ8tyhnq","online0.map.bdimg.com":"https://ss0.bdstatic.com/8bo_dTSlR1gBo1vgoIiO_jowehsv","sensearch.baidu.com":"https://sp1.baidu.com/5b11fzupBgM18t7jm9iCKT-xh_","api.open.baidu.com":"https://sp0.baidu.com/9_Q4sjW91Qh3otqbppnN2DJv","opendata.baidu.com":"https://sp0.baidu.com/8aQDcjqpAAV3otqbppnN2DJv"};    var get = function(url) {var reg = /^(http[s]?:\/\/)?([^\/]+)(.*)/,matches = url.match(reg);/*判断传入参数是域名还是地址，分别做处理*/url = list.hasOwnProperty(matches[2])&amp;&amp;(list[matches[2]] + matches[3]) || url;return url;},set = function(kdomain,vdomain) {list[kdomain] = vdomain;};return {get : get,set : set}})();</script><script data-version="globalBjs_f491cfe" class="code-fr-ls" data-key="globalBjs">excuteLSCode('globalBjs_f491cfe','js')</script><script data-version="sugjs_3273921" class="code-fr-ls" data-key="sugjs">excuteLSCode('sugjs_3273921','js')</script><script data-version="wwwjs_7bbf6c1" class="code-fr-ls" data-key="wwwjs">excuteLSCode('wwwjs_7bbf6c1','js')</script><div id="sfr-app"></div><script>B._fireInit();</script><script>try{!function(){function e(e,o,t,n){document.cookie=e+"="+encodeURIComponent(o)+";domain="+t+";path=/;expires="+n.toGMTString()+";"}function o(){e(i=i.lsVersionKey,"",document.domain,t),e(i.lsSuportKey,"no",document.domain,t)}var t=new Date,n=t.getTime();if(page&amp;&amp;page.comm&amp;&amp;page.comm.lsConf){var i=page.comm.lsConf,r={},a=[],s=window.localStorage;$(".code-fr-ls").each(function(){var e=this,o=e.dataset.version;a.push(o),r[i.lsPrefix+o]=1});try{s&amp;&amp;$(".code-to-write").each(function(){var o=this,c=i.lsPrefix+o.dataset.version;r[c]=1,a.push(o.dataset.version);var m=o.textContent||o.innerText;if(s.setItem(c,m),s.getItem(c)!=m)throw new Error("storage error");t.setTime(n+6048e5),e(i.lsVersionKey,a.join("-"),document.domain,t)});for(var c in s)0==c.indexOf(i.lsPrefix)&amp;&amp;1!=r[c]&amp;&amp;s.removeItem(c)}catch(m){o()}}}();;}catch(err){}</script><script type="text/javascript">var zbBanner = {switch: '1',startTime: '20170626',endTime: '20170627',name: 'lihongyi0626jieguoye',ios8Up: 'https://itunes.apple.com/app/apple-store/id382201985?pt=328057&amp;ct=n-wise1-20151120&amp;mt=8',ios8Down: 'https://itunes.apple.com/app/apple-store/id382201985?pt=328057&amp;ct=n-wise1-20151120&amp;mt=8',android: 'http://dl.ops.baidu.com/baidusearch_AndroidPhone_1014636j.apk',jump: '1',jumpUrl: 'https://m.baidu.com/s?word=%E6%9D%8E%E5%AE%8F%E6%AF%85',text: 'L姓艺人生日突降蛋糕雨',isSearch: '0',searchUrl: 'macaca',isAndroid: '1',openBdBox: '1',buttonText: ''};require(['modules/invoke/app/banner', 'utils/storage'], function (banner, storage) {B.on('init', function () {banner(zbBanner, 'yjx65', storage.ls, B.log);});});</script><script>d=["PSINO","MSA_PBT","MSA_ZOOM","BDSVRTM","Hm_lvt_12423ecbc0e2ca965d84259063d35238","Hm_lpvt_12423ecbc0e2ca965d84259063d35238","BDSVRBFE","__bsi",];d.forEach(function(cookie_name) {document.cookie=cookie_name+"=;max-age=0;path=/;domain=.baidu.com";document.cookie=cookie_name+"=;max-age=0;path=/;domain="+document.domain;document.cookie=cookie_name+"=;max-age=0;path=/;domain=."+document.domain;})</script><script>B.on('afterload',function () {/*html5 recogenized*/if (navigator.connection) {nettype = navigator.connection.type;/*5:4g*/if(nettype == 5) {setCookie('net', '4g-3', '/');flag = true;}}});</script></body></html><!--cxy_all+1498445661+844b+3054660327+14140154169389471061+C0F95CD351C3B5B77422AA3B18E9217B:FG=1+4e31200afa77e973f98a5e4047151c88+000000000000000000000000000000000000000000000000000000000000153743-->]
	at org.testng.Assert.fail(Assert.java:94)
	at org.testng.Assert.failNotEquals(Assert.java:494)
	at org.testng.Assert.assertEquals(Assert.java:123)
	at org.testng.Assert.assertEquals(Assert.java:165)
	at macaca.client.H5SampleTest.test_case_1(H5SampleTest.java:41)
	at sun.reflect.NativeMethodAccessorImpl.invoke0(Native Method)
	at sun.reflect.NativeMethodAccessorImpl.invoke(NativeMethodAccessorImpl.java:62)
	at sun.reflect.DelegatingMethodAccessorImpl.invoke(DelegatingMethodAccessorImpl.java:43)
	at java.lang.reflect.Method.invoke(Method.java:498)
	at org.testng.internal.MethodInvocationHelper.invokeMethod(MethodInvocationHelper.java:84)
	at org.testng.internal.Invoker.invokeMethod(Invoker.java:714)
	at org.testng.internal.Invoker.invokeTestMethod(Invoker.java:901)
	at org.testng.internal.Invoker.invokeTestMethods(Invoker.java:1231)
	at org.testng.internal.TestMethodWorker.invokeTestMethods(TestMethodWorker.java:127)
	at org.testng.internal.TestMethodWorker.run(TestMethodWorker.java:111)
	at org.testng.TestRunner.privateRun(TestRunner.java:767)
	at org.testng.TestRunner.run(TestRunner.java:617)
	at org.testng.SuiteRunner.runTest(SuiteRunner.java:335)
	at org.testng.SuiteRunner.runSequentially(SuiteRunner.java:330)
	at org.testng.SuiteRunner.privateRun(SuiteRunner.java:291)
	at org.testng.SuiteRunner.run(SuiteRunner.java:240)
	at org.testng.SuiteRunnerWorker.runSuite(SuiteRunnerWorker.java:52)
	at org.testng.SuiteRunnerWorker.run(SuiteRunnerWorker.java:86)
	at org.testng.TestNG.runSuitesSequentially(TestNG.java:1224)
	at org.testng.TestNG.runSuitesLocally(TestNG.java:1149)
	at org.testng.TestNG.run(TestNG.java:1057)
	at org.testng.remote.RemoteTestNG.run(RemoteTestNG.java:111)
	at org.testng.remote.RemoteTestNG.initAndRun(RemoteTestNG.java:204)
	at org.testng.remote.RemoteTestNG.main(RemoteTestNG.java:175)
]]>
    </error>
  </testcase> <!-- test_case_1 -->
</testsuite> <!-- macaca.client.H5SampleTest -->
