<?xml version="1.0" encoding="UTF-8"?>
<!-- Generated by org.testng.reporters.JUnitReportReporter -->
<testsuite hostname="xingzhifangdeMacBook-Pro.local" name="xiaqiu.LaunchXiaqiuTest" tests="3" failures="0" timestamp="30 Jun 2017 09:35:46 GMT" time="81.661" errors="0">
  <testcase name="indexPage_test" time="26.591" classname="xiaqiu.LaunchXiaqiuTest"/>
  <testcase name="login_test" time="11.616" classname="xiaqiu.LaunchXiaqiuTest"/>
  <testcase name="baseInfo_test" time="43.454" classname="xiaqiu.LaunchXiaqiuTest"/>
</testsuite> <!-- xiaqiu.LaunchXiaqiuTest -->
