<?xml version="1.0" encoding="UTF-8"?>
<!-- Generated by org.testng.reporters.JUnitReportReporter -->
<testsuite hostname="xingzhifangdeMacBook-Pro.local" name="xiaqiu.LaunchXiaqiuTest" tests="1" failures="0" timestamp="26 Jun 2017 11:01:14 GMT" time="20.196" errors="0">
  <testcase name="login_test" time="20.196" classname="xiaqiu.LaunchXiaqiuTest"/>
</testsuite> <!-- xiaqiu.LaunchXiaqiuTest -->
