<?xml version="1.0" encoding="UTF-8"?>
<!-- Generated by org.testng.reporters.JUnitReportReporter -->
<testsuite hostname="xingzhifangdeMacBook-Pro.local" name="xiaqiu.TesttestNG" tests="2" failures="0" timestamp="13 Jun 2017 03:25:14 GMT" time="0.005" errors="0">
  <testcase name="test_2" time="0.001" classname="xiaqiu.TesttestNG"/>
  <testcase name="test_1" time="0.004" classname="xiaqiu.TesttestNG"/>
</testsuite> <!-- xiaqiu.TesttestNG -->
