<?xml version="1.0" encoding="UTF-8"?>
<!-- Generated by org.testng.reporters.JUnitReportReporter -->
<testsuite hostname="xingzhifangdeMacBook-Pro.local" name="xiaqiu.TestNG_BeforeAfterClass" tests="2" failures="0" timestamp="13 Jun 2017 03:27:35 GMT" time="0.007" errors="0">
  <testcase name="test_2" time="0.001" classname="xiaqiu.TestNG_BeforeAfterClass"/>
  <testcase name="test_1" time="0.006" classname="xiaqiu.TestNG_BeforeAfterClass"/>
</testsuite> <!-- xiaqiu.TestNG_BeforeAfterClass -->
