<?xml version="1.0" encoding="UTF-8"?>
<!-- Generated by org.testng.reporters.JUnitReportReporter -->
<testsuite hostname="xingzhifangdeMacBook-Pro.local" name="xiaqiu.TestNG_BeforeAfterTest" tests="2" failures="0" timestamp="13 Jun 2017 10:17:44 GMT" time="0.018" errors="0">
  <testcase name="test_5" time="0.015" classname="xiaqiu.TestNG_BeforeAfterTest"/>
  <testcase name="test_6" time="0.003" classname="xiaqiu.TestNG_BeforeAfterTest"/>
</testsuite> <!-- xiaqiu.TestNG_BeforeAfterTest -->
