<?xml version="1.0" encoding="UTF-8"?>
<!-- Generated by org.testng.reporters.JUnitReportReporter -->
<testsuite hostname="xingzhifangdeMacBook-Pro.local" name="xiaqiu.TestNG_BeforeAfterMethod" tests="2" failures="0" timestamp="13 Jun 2017 03:30:38 GMT" time="0.007" errors="0">
  <testcase name="test_4" time="0.002" classname="xiaqiu.TestNG_BeforeAfterMethod"/>
  <testcase name="test_3" time="0.005" classname="xiaqiu.TestNG_BeforeAfterMethod"/>
</testsuite> <!-- xiaqiu.TestNG_BeforeAfterMethod -->
