<?xml version="1.0" encoding="UTF-8"?>
<!-- Generated by org.testng.reporters.JUnitReportReporter -->
<testsuite hostname="xingzhifangdeMacBook-Pro.local" name="macaca.client.AndroidSampleTest" tests="1" failures="0" timestamp="26 Jun 2017 03:02:47 GMT" time="65.275" errors="1">
  <testcase name="test_case_1" time="65.275" classname="macaca.client.AndroidSampleTest">
    <error type="java.lang.AssertionError" message="expected [a string containing &quot;TesterHome&quot;] but found [&lt;!DOCTYPE html&gt;&lt;html xmlns=&quot;http://www.w3.org/1999/xhtml&quot;&gt;&lt;!--STATUS OK--&gt;&lt;head&gt;&lt;style data-version=&quot;wwwTcss_bd070eb&quot; class=&quot;code-to-write&quot; data-key=&quot;wwwTcss&quot; type=&quot;text/css&quot;&gt;@font-face{font-family:sicons;src:url(//m.baidu.com/static/search/iconfont/search_iconfont_128e950d.eot);src:url(//m.baidu.com/static/search/iconfont/search_iconfont_128e950d.eot#iefix) format(&#039;embedded-opentype&#039;),url(//m.baidu.com/static/search/iconfont/search_iconfont_128e950d.woff) format(&#039;woff&#039;),url(//m.baidu.com/static/search/iconfont/search_iconfont_128e950d.ttf) format(&#039;truetype&#039;),url(//m.baidu.com/static/search/iconfont/search_iconfont_128e950d.svg?#iconfont) format(&#039;svg&#039;);font-weight:400;font-style:normal}@font-face{font-family:alaicons;src:url(//m.baidu.com/static/search/iconfont/iconfont_58af466f.eot);src:url(//m.baidu.com/static/search/iconfont/iconfont_58af466f.eot#iefix) format(&#039;embedded-opentype&#039;),url(//m.baidu.com/static/search/iconfont/iconfont_58af466f.woff) format(&#039;woff&#039;),url(//m.baidu.com/static/search/iconfont/iconfont_58af466f.ttf) format(&#039;truetype&#039;),url(//m.baidu.com/static/search/iconfont/iconfont_58af466f.svg?#iconfont) format(&#039;svg&#039;);font-weight:400;font-style:normal}[class^=sicon-],[class*=&quot; sicon-&quot;]{font-family:sicons!important;font-style:normal;-webkit-font-smoothing:antialiased;-webkit-text-stroke-width:.2px}[class^=alaicon-],[class*=&quot; alaicon-&quot;]{font-family:alaicons!important;font-style:normal;-webkit-font-smoothing:antialiased;-webkit-text-stroke-width:.2px}*{margin:0;padding:0}body{text-align:center;font-size-adjust:none;-webkit-text-size-adjust:none;font:14px Arial,Helvetica,sans-serif}input[type=search]:focus{background-color:transparent}input[type=search]::-webkit-search-cancel-button{display:none}input,button{border:0;border-radius:0;-webkit-border-radius:0;background-color:transparent;-webkit-appearance:none;-webkit-box-sizing:border-box}.se-page-bd{background-color:#f1f1f1;overflow:hidden}#results{text-align:left;padding:0}#results-top{text-align:left}a{color:#00C;text-decoration:none;-webkit-tap-highlight-color:rgba(23,23,23,.1)}a:visited{color:#606}em{color:#c00;text-decoration:none;font-style:normal}.atext{color:#00C;font-size:120%}.result{-webkit-tap-highlight-color:rgba(0,0,0,0)}.result_title{text-align:left;font-size:120%;word-break:break-all;line-height:20px;padding:6px 6px 8px;margin:0 -6px;display:block}.result_title .result_title_abs{color:#262626;word-break:break-all;font-size:14px;line-height:21px;margin:7px 0 -10px 0}.result .result_snippet,.result .abs{line-height:20px;color:#262626;word-break:break-all;padding:0 0 7px}.result_url{color:#2dbe00}.site,.date,.size{font-size:14px;color:#1f992f}.gray{color:#666}#pinyin{text-align:left;background:#fff;margin:.08rem 0;padding:.1rem .16rem;line-height:18px}#pinyin a{color:#c00}#pinyin a.original-q{color:#00c;word-break:break-all}a.result_title:visited{color:purple}a.result_title:visited .result_title_abs{color:#242424!important}a.result_title:visited .result_title_abs em{color:#c30a00!important}.card-result{border:0!important;padding:0!important}.result,.resitem,.ext-result{padding:5px 10px 9px;margin:6px 0;background:#fff}.result-img-delay{background:#eee url(//m.baidu.com/static/search/sug_logo.png) center no-repeat;background-size:22px auto;-webkit-background-size:22px auto}.rspre,.vc-guide{display:-webkit-box;padding:0 10px}.rspre .rs-title,.rs-link a,.vc-guide .vc-title,.vc-link a{font-size:14px;line-height:40px}.rspre .rs-title{width:60px;color:#262626}.rspre .rs-link,.vc-guide .vc-link{-webkit-box-flex:1;box-flex:1;height:40px;overflow:hidden}.rspre .rs-link a,.vc-guide .vc-link a{color:#00c;margin-left:16px;display:block;float:left}.rspre .rs-link a:first-child,.vc-guide .vc-link a:first-child{margin-left:13px}.result_official{display:inline-block;vertical-align:top;margin-top:3px;text-align:center;background:#7AADF4;height:13px;line-height:13px;font-size:12px;color:#fff;border-radius:1px;-webkit-border-radius:1px;padding:1px 2px}#search-card .se-page-bd .loading,#search-card .se-page-bd .loadedtips{min-height:480px}#search-card .se-page-bd .loading{color:#666;font-size:14px}#search-card .se-page-bd .loading .ico-loading{background:url(//m.baidu.com/static/search/ico-bdlogo.png) left top no-repeat;-webkit-background-size:21px 24px;width:21px;height:24px;margin:145px auto 27px}#search-card .se-page-bd .loading .ico-rotate{border:2px solid #e2e2e2;border-left:2px solid #598edc;width:40px;height:40px;-webkit-border-radius:50em;border-radius:50em;left:-11px;top:-9px;-webkit-animation:rotating 700ms linear infinite}@-webkit-keyframes rotating{0%{-webkit-transform:rotate(0deg)}100%{-webkit-transform:rotate(360deg)}}#search-card .se-page-bd .loadedtips{background:url(//m.baidu.com/static/search/load-bg.jpg) center 112px no-repeat;background-size:63px 51px;-webkit-background-size:63px 51px;padding:173px 0 0}#search-card .se-page-bd .loadedtips .btn{color:#333;border:1px solid #d7d7d7;background:-webkit-gradient(linear,left top,left bottom,from(#f6f6f6),to(#f0f0f0));width:97px;padding:10px 0;margin:10px auto 0;-webkit-box-shadow:0 1px 0 rgba(215,215,215,.3)}.search-page{position:relative}.suggest-div{top:1px!important}.input-hidden{font-family:Arial,Helvetica,sans-serif;border-radius:0;-webkit-border-radius:0;background-color:transparent;-webkit-appearance:none;-webkit-box-sizing:border-box;margin:0;resize:none;padding:7px 39px 7px 6px;text-align:left;font-size:18px;line-height:32px;position:absolute;left:6px;top:0;visibility:hidden;border:1px solid #fff;z-index:-10;height:45px}.input-hidden::-webkit-scrollbar{width:0;background-color:transparent}.adjust-input{margin:0 -74px 0 0;line-height:29px;position:relative;word-break:break-all;word-wrap:nowrap}.adjust-input+.se-inner::before{position:absolute;content:&quot; &quot;;top:0;left:-14px;width:14px;height:37px;z-index:9;background:#fff}.cross,.callicon-wrap{background:#fff}.se-box{position:absolute;width:100%}.result_title_abs_lr{display:-webkit-box;margin:11px 0 -12px 0}.result_title_abs_left{-webkit-box-flex:1;-webkit-line-clamp:3;margin-top:-3px;margin-bottom:3px;line-height:19px;-webkit-box-orient:vertical;overflow:hidden;display:-webkit-box}.result_title_abs_right{width:94px;margin-top:-1px;overflow:hidden}.result_title_abs_right img{height:52px;min-width:84px;margin-left:10px;display:inline-block}.wnor-title-icon{font-size:22px;position:relative;top:2px}.wnor-title-icon-word{color:#1b5fdb}.wnor-title-icon-txt{color:#666}.wnor-title-icon-pdf{color:#c5231f}.wnor-title-icon-excel{color:#0f921b}.wnor-title-icon-ppt{color:#dc6211}.se-page-hd{visibility:hidden}.result-loading{text-align:center;color:#999;margin-top:-39px;z-index:302;position:fixed;width:100%;top:50%}.c-foot-mipicon-wrap{display:inline-block}.c-foot-icon-mip{width:11px;height:15px;top:4px;position:relative}/*!css/pmd.css*/@font-face{font-family:cicons;src:url(//m.baidu.com/se/static/font/cicon_31a5a5e.eot);src:url(//m.baidu.com/se/static/font/cicon_31a5a5e.eot#iefix) format(&#039;embedded-opentype&#039;),url(//m.baidu.com/se/static/font/cicon_bd6c4c1.woff) format(&#039;woff&#039;),url(//m.baidu.com/se/static/font/cicon_83ba231.ttf) format(&#039;truetype&#039;),url(//m.baidu.com/se/static/font/cicon_c5de47f.svg?#cicons) format(&#039;svg&#039;);font-weight:400;font-style:normal}.c-icon{font-family:cicons!important;font-style:normal;-webkit-font-smoothing:antialiased}html{font-size:100px}@media screen and (max-width:360px){html{font-size:90px!important}}.c-result{padding:0;margin:0;background:0 0;border:0 none}.c-blocka{display:block}.c-title{font:18px/26px Arial,Helvetica,sans-serif}.c-title-nowrap{padding-right:32px;width:100%;position:relative;white-space:nowrap;box-sizing:border-box}.c-title-nowrap .c-text{display:inline-block;vertical-align:middle}.c-title-nowrap .c-title-text{display:inline-block;max-width:100%;white-space:nowrap;overflow:hidden;text-overflow:ellipsis;vertical-align:middle}.c-font-large{font:18px/26px Arial,Helvetica,sans-serif}.c-title-wrap{display:block}.c-title-nowrap{display:none}.c-font-medium{font:16px/24px Arial,Helvetica,sans-serif}@media (min-width:376px){.c-title{display:-webkit-box;-webkit-box-orient:vertical;overflow:hidden;text-overflow:ellipsis;-webkit-line-clamp:1;min-height:26px}.c-title-nowrap{display:block}.c-title-wrap{display:none}}.c-abstract{color:#333}.c-showurl{color:#2a9457;font:14px/22px Arial,Helvetica,sans-serif}.c-gray{color:#999;font:13px/21px Arial,Helvetica,sans-serif}.c-moreinfo{color:#666;text-align:right}.c-foot-icon{display:inline-block;position:relative;top:2px;background:url(//m.baidu.com/static/search/sprite.png) no-repeat;-webkit-background-size:190px 142px;background-size:190px 142px}.c-foot-icon-16{width:16px;height:13px}.c-foot-icon-16-aladdin{display:none;background-position:0 -98px}.c-foot-icon-16-lightapp{background-position:-20px -98px}.c-container{margin:.1rem 0;padding:.1rem .17rem .08rem;background-color:#fff;width:auto;color:#333;font:14px/22px Arial,Helvetica,sans-serif;word-break:break-word;word-wrap:break-word;border:0 none}.c-container-tight{padding:.1rem .17rem .08rem;background-color:#fff;width:auto;color:#333;font:14px/22px Arial,Helvetica,sans-serif;word-break:break-word;word-wrap:break-word;border:0 none}.c-container-tile{margin:0;padding:0}.c-flexbox,.c-row{width:auto;display:-webkit-box;-webkit-box-orient:horizontal;-webkit-box-direction:normal;-webkit-box-pack:justify;-webkit-box-align:stretch;-webkit-box-lines:single;display:-webkit-flex;-webkit-flex-direction:row;-webkit-justify-content:space-between;-webkit-align-items:stretch;-webkit-align-content:flex-start;-webkit-flex-wrap:nowrap}.c-row{margin-right:-1.03092784%;margin-left:-1.03092784%}.c-row-tight{margin-right:-1px;margin-left:0}.c-row-tile{position:relative;margin:0 -.17rem}.c-row-tile .c-row{padding:0 .17rem}.c-row-top{position:relative;margin-top:-.1rem}.c-row-top .c-row:first-child{padding-top:.1rem}.c-row-bottom{position:relative;margin-bottom:-.08rem}.c-row-bottom .c-row:last-child{padding-bottom:.08rem}.c-row *,.c-row-tile *,.c-row-top *,.c-row-bottom *{-webkit-box-sizing:border-box;box-sizing:border-box}.c-span1,.c-span2,.c-span3,.c-span4,.c-span5,.c-span6,.c-span7,.c-span8,.c-span9,.c-span10,.c-span11,.c-span12{position:relative;min-height:1px;padding-right:1.03092784%;padding-left:1.03092784%}.c-row-tight .c-span1,.c-row-tight .c-span2,.c-row-tight .c-span3,.c-row-tight .c-span4,.c-row-tight .c-span5,.c-row-tight .c-span6,.c-row-tight .c-span7,.c-row-tight .c-span8,.c-row-tight .c-span9,.c-row-tight .c-span10,.c-row-tight .c-span11,.c-row-tight .c-span12{padding-right:1px;padding-left:0}.c-span1{width:8.33333333%;-webkit-box-flex:1;-webkit-flex:1 1 auto}.c-span2{width:16.66666667%;-webkit-box-flex:2;-webkit-flex:2 2 auto}.c-span3{width:25%;-webkit-box-flex:3;-webkit-flex:3 3 auto}.c-span4{width:33.33333333%;-webkit-box-flex:4;-webkit-flex:4 4 auto}.c-span5{width:41.66666667%;-webkit-box-flex:5;-webkit-flex:5 5 auto}.c-span6{width:50%;-webkit-box-flex:6;-webkit-flex:6 6 auto}.c-span7{width:58.33333333%;-webkit-box-flex:7;-webkit-flex:7 7 auto}.c-span8{width:66.66666667%;-webkit-box-flex:8;-webkit-flex:8 8 auto}.c-span9{width:75%;-webkit-box-flex:9;-webkit-flex:9 9 auto}.c-span10{width:83.33333333%;-webkit-box-flex:10;-webkit-flex:10 10 auto}.c-span11{width:91.66666667%;-webkit-box-flex:11;-webkit-flex:11 11 auto}.c-span12{width:100%;-webkit-box-flex:12;-webkit-flex:12 12 auto}.c-line-clamp2,.c-line-clamp3,.c-line-clamp4,.c-line-clamp5{display:-webkit-box;-webkit-box-orient:vertical;overflow:hidden;text-overflow:ellipsis;margin-bottom:.04rem}.c-line-clamp2{-webkit-line-clamp:2}.c-line-clamp3{-webkit-line-clamp:3}.c-line-clamp4{-webkit-line-clamp:4}.c-line-clamp5{-webkit-line-clamp:5}.c-line-clamp1{display:block;overflow:hidden;text-overflow:ellipsis;white-space:nowrap}.c-line-top{border-top:1px solid #f1f1f1}.c-line-dotted-top{border-top:1px dotted #f1f1f1}.c-line-bottom{border-bottom:1px solid #f1f1f1}.c-line-dotted-bottom{border-bottom:1px dotted #f1f1f1}.c-color{color:#333}.c-color-gray-a{color:#666}.c-color-gray{color:#999}.c-color-link{color:#00c}.c-color-url{color:#2a9457}.c-color-red{color:#e43}.c-color-red:visited{color:#e43}.c-color-orange{color:#f60}.c-color-orange:visited{color:#f60}.c-gap-top{margin-top:.08rem}.c-gap-right{margin-right:.08rem}.c-gap-bottom{margin-bottom:.08rem}.c-gap-left{margin-left:.08rem}.c-gap-top-small{margin-top:.04rem}.c-gap-right-small{margin-right:.04rem}.c-gap-bottom-small{margin-bottom:.04rem}.c-gap-left-small{margin-left:.04rem}.c-gap-top-large{margin-top:.12rem}.c-gap-right-large{margin-right:.12rem}.c-gap-bottom-large{margin-bottom:.12rem}.c-gap-left-large{margin-left:.12rem}.c-img{position:relative;display:block;width:100%;border:0 none;background:#f7f7f7 url(//m.baidu.com/static/search/image_default.png) center center no-repeat;margin:.04rem 0}.c-img img{width:100%}.c-img .c-img-text{position:absolute;left:0;bottom:0;width:100%;height:16px;background:rgba(51,51,51,.4);font-size:12px;line-height:16px;color:#fff;text-align:center}.c-img-s,.c-img-l,.c-img-w,.c-img-x,.c-img-y,.c-img-z{height:0;overflow:hidden}.c-img-s{padding-bottom:100%}.c-img-l{padding-bottom:133.33333333%}.c-img-w{padding-bottom:56.25%}.c-img-x{padding-bottom:75%}.c-img-y{padding-bottom:66.66666667%}.c-img-z{padding-bottom:40%}.c-table{width:100%;border-collapse:collapse;border-spacing:0}.c-table th{white-space:nowrap}.c-table th,.c-table td{border-bottom:1px solid #f1f1f1;text-align:left;font-weight:400;padding:7px 0}.c-table-hihead th{padding:0;border-bottom:0 none;background-color:#f6f6f6;line-height:37px}.c-table-hihead div{background-color:#f6f6f6}.c-table-hihead th:first-child div{margin-left:-.17rem;padding-left:.17rem}.c-table-hihead th:last-child div{margin-right:-.17rem;padding-right:.17rem}.c-table-noborder th,.c-table-noborder td{border-bottom:0 none}.c-table-abstract th{position:relative;color:#999;padding-top:.04rem;padding-bottom:.1rem}.c-table-abstract th:after{content:&#039;&#039;;width:100%;height:0;border-bottom:1px solid #f1f1f1;position:absolute;left:0;top:30px}.c-table-abstract td{padding-top:.02rem;padding-bottom:.02rem}.c-table-abstract th,.c-table-abstract td{border-bottom:0 none;padding-left:1.03092784%;vertical-align:top}.c-table-abstract th:first-of-type,.c-table-abstract td:first-of-type{padding-left:0}.c-table-shaft th{color:#999}.c-table-shaft td,.c-table-shaft th{border-right:1px solid #f1f1f1;text-align:center}.c-table-shaft td:last-child,.c-table-shaft th:last-child{border-right:0}.c-table-shaft tr:last-child td{border-bottom:0}.c-slink{width:auto;display:-webkit-box;-webkit-box-orient:horizontal;-webkit-box-direction:normal;-webkit-box-pack:justify;-webkit-box-align:stretch;-webkit-box-lines:single;display:-webkit-flex;-webkit-flex-direction:row;-webkit-justify-content:space-between;-webkit-align-items:stretch;-webkit-align-content:flex-start;-webkit-flex-wrap:nowrap}.c-slink a,.c-slink .c-slink-elem{position:relative;display:block;-webkit-box-flex:1;-webkit-flex:1 1 auto;width:16.66666667%;height:32px;line-height:32px;padding:0 6px;font-size:14px;text-align:center;text-decoration:none;color:#666;overflow:hidden;text-overflow:ellipsis;white-space:nowrap}.c-slink a:first-child::before,.c-slink .c-slink-elem:first-child::before,.c-slink a::after,.c-slink .c-slink-elem::after{content:&quot;&quot;;width:1px;height:10px;background-color:#eee;position:absolute;top:11px;right:0}.c-slink a:first-child::before,.c-slink .c-slink-elem:first-child::before{left:0}.c-slink-strong{margin-bottom:1px}.c-slink-strong:last-child{margin-bottom:0}.c-slink-strong:last-child a,.c-slink-strong:last-child .c-slink-elem{border-bottom:1px solid #eee}.c-slink-strong a,.c-slink-strong .c-slink-elem{height:38px;margin-right:1px;line-height:38px;background-color:#f8f8f8}.c-slink-strong a:last-child,.c-slink-strong .c-slink-elem:last-child{margin-right:0}.c-slink-strong a:first-child::before,.c-slink-strong .c-slink-elem:first-child::before,.c-slink-strong a::after,.c-slink-strong .c-slink-elem::after{display:none}.c-text{display:inline-block;height:14px;padding:0 2px;margin-bottom:2px;text-decoration:none;vertical-align:middle;color:#fff;font-size:10px;line-height:15px;font-style:normal;font-weight:400;overflow:hidden}.c-text-danger{background-color:#f13f40}.c-text-public{background-color:#2b99ff}.c-text-box{display:inline-block;padding:1px;margin-bottom:2px;text-decoration:none;vertical-align:middle;font-size:10px;line-height:11px;height:10px;font-style:normal;font-weight:400;overflow:hidden;-webkit-box-sizing:content-box;box-sizing:content-box}.c-text-box-gray{color:#999;border:1px solid #e3e3e3}.c-text-box-orange{color:#f60;border:1px solid #f3d9c5}.c-text-box-pink{color:#ff4683;border:1px solid #ffc7da}.c-text-box-red{color:#f13f40;border:1px solid #efb9b9}.c-text-box-blue{color:#2b99ff;border:1px solid #b3d4f3}.c-text-box-green{color:#65b12c;border:1px solid #d7efc6}.c-text-box-yellow{color:#faa90e;border:1px solid #feecc9}.c-text-info{display:inline;color:#999;font-style:normal;font-weight:400;font-family:sans-serif}.c-index{display:inline-block;width:17px;height:15px;margin:0 5px 3px 0;text-align:center;vertical-align:middle;color:#999;font-size:14px;line-height:16px;overflow:hidden}.c-index-hot,.c-index-hot1{color:#fff;background-color:#ff2d46}.c-index-hot2{color:#fff;background-color:#ff7f49}.c-index-hot3{color:#fff;background-color:#ffaa3b}.c-btn{display:inline-block;padding:0 9px;width:100%;height:38px;line-height:37px;font-size:14px;font-weight:400;text-decoration:none;text-align:center;color:#333;background-color:#fff;border:1px solid #d9d9d9;border-bottom-color:#bababa;border-radius:3px;vertical-align:middle;overflow:hidden;outline:0;-webkit-tap-highlight-color:rgba(255,0,0,0)}.c-btn:visited{color:#333}.c-btn:active{border-color:#2b99ff}.c-btn .c-icon{position:relative;top:-1px;vertical-align:middle;font-size:10px;margin:0 6px}.c-btn-primary{background-color:#f8f8f8;border-color:#d0d0d0;border-bottom-color:#b2b2b2;-webkit-box-shadow:0 1px 1px 0 #e1e1e1;box-shadow:0 1px 1px 0 #e1e1e1}.c-btn-primary .c-icon{color:#02aaf8}.c-btn-disable{color:#aaa;background-color:#f9f9f9;border-color:#eee}.c-btn-disable:visited{color:#aaa}.c-btn-disable:active{border-color:#eee}.c-btn-disable .c-icon{color:#c8c8c8}.c-input{word-break:normal;word-wrap:normal;-webkit-appearance:none;appearance:none;display:inline-block;padding:0 12px;width:100%;height:38px;vertical-align:middle;line-height:normal;font-size:14px;color:#333;background-color:#fff;border:1px solid #eee;border-color:#ddd #eee #eee #ddd;border-radius:0;overflow:hidden;outline:0}.c-input::-webkit-input-placeholder{color:#999}.c-input:focus{border-color:#2b99ff}.c-input:disabled{color:#999;background-color:#f9f9f9;border-color:#e7e7e7}.c-dropdown{position:relative;background-color:#fff}.c-dropdown::before{font-family:cicons;content:&quot;\e73c&quot;;display:inline-block;position:absolute;bottom:0;right:12px;color:#333;font-size:12px;width:12px;height:38px;line-height:38px}.c-dropdown&amp;gt;label{display:block;color:#999;background-color:#fff;width:100%;height:26px}.c-dropdown&amp;gt;select{word-break:normal;word-wrap:normal;position:relative;-webkit-appearance:none;appearance:none;display:inline-block;padding:0 28px 0 12px;width:100%;height:38px;vertical-align:middle;line-height:normal;font-size:14px;color:#333;background-color:transparent;border:1px solid #eee;border-color:#ddd #eee #eee #ddd;border-radius:0;overflow:hidden;outline:0}.c-dropdown-disable{background-color:#f9f9f9}.c-dropdown-disable&amp;gt;label{color:#999}.c-dropdown-disable&amp;gt;select{color:#999;border-color:#e7e7e7}@-webkit-keyframes c-loading-rotation{from{-webkit-transform:rotate(1deg)}to{-webkit-transform:rotate(360deg)}}.c-loading,.c-loading-zbios{text-align:center}.c-loading i{display:block;position:relative;font-size:30px;width:54px;height:54px;line-height:52px;color:#f3f3f3;margin:auto}.c-loading i::before{content:&#039;&#039;;display:block;position:absolute;width:50px;height:50px;margin:auto;border-radius:50%;border:2px solid #f3f3f3;border-top-color:#ddd;-webkit-transform-origin:50% 50%;transform-origin:50% 50%;-webkit-animation:c-loading-rotation 1s ease 0s infinite normal;animation:c-loading-rotation 1s ease 0s infinite normal}.c-loading-zbios i{display:block;position:relative;font-size:48px;width:54px;height:54px;line-height:54px;color:#f3f3f3;margin:auto;-webkit-transform-origin:50% 50%;transform-origin:50% 50%;-webkit-animation:c-loading-rotation .5s linear 0s infinite normal;animation:c-loading-rotation .5s linear 0s infinite normal}.c-loading p,.c-loading-zbios p{color:#999;margin-top:8px;text-indent:.5em}.c-tabs{position:relative}.c-tabs-nav{position:relative;min-width:100%;height:38px;padding:0 .17rem;font-size:14px;white-space:nowrap;background-color:#f8f8f8;display:-webkit-box;-webkit-box-orient:horizontal;-webkit-box-direction:normal;-webkit-box-pack:justify;-webkit-box-align:stretch;-webkit-box-lines:single;display:-webkit-flex;-webkit-flex-direction:row;-webkit-justify-content:space-between;-webkit-align-items:stretch;-webkit-align-content:flex-start;-webkit-flex-wrap:nowrap}.c-tabs-nav *{-webkit-box-sizing:border-box;box-sizing:border-box}.c-tabs-nav-li{display:block;-webkit-box-flex:1;-webkit-flex:1 1 auto;width:16.66666667%;list-style:none;text-decoration:none;height:38px;line-height:38px;color:#333;text-align:center;text-overflow:ellipsis;white-space:nowrap;overflow:hidden}.c-tabs-nav .c-tabs-nav-selected{color:#38f;border-bottom:1px solid #38f}.c-tabs-nav-bottom{border-top:1px solid #eee;padding:0}.c-tabs-nav-bottom .c-tabs-nav-li{color:#999}.c-tabs-nav-bottom .c-tabs-nav-icon{display:none}.c-tabs-nav-bottom .c-tabs-nav-selected{position:relative;top:-1px;height:38px;line-height:39px;color:#333;background-color:#fff;border:1px solid #f1f1f1;border-color:#fff #f1f1f1 #38f}.c-tabs-nav-bottom .c-tabs-nav-selected:first-child{margin-left:-1px}.c-tabs-nav-bottom .c-tabs-nav-selected .c-tabs-nav-icon{display:inline-block}.c-tabs-nav-view{position:relative;height:38px;background-color:#f6f6f6;overflow:hidden}.c-tabs-nav-view .c-tabs-nav{display:block}.c-tabs-nav-view .c-tabs-nav .c-tabs-nav-li{display:inline-block;width:auto;padding:0 15px}.c-tabs-nav-toggle{position:absolute;top:0;right:0;z-index:9;display:block;text-align:center;width:38px;height:38px;border-left:1px solid #eee;background-color:#f6f6f6}.c-tabs-nav-toggle::before{display:inline-block;font-family:cicons;content:&quot;\e73c&quot;;font-size:12px;color:#333;line-height:36px}.c-tabs-nav-layer{position:absolute;top:0;z-index:8;width:100%;background-color:#f6f6f6;border-bottom:1px solid #eee}.c-tabs-nav-layer p{color:#999;height:39px;line-height:39px;padding:0 15px;border-bottom:1px solid #eee}.c-tabs-nav-layer-ul .c-tabs-nav-li{display:inline-block;width:16.66666667%;padding:0}.c-tabs-nav-layer-ul .c-tabs-nav-selected{color:#38f}.c-tabs2 .c-tabs-view-content{overflow:hidden}.c-tabs2 .c-tabs-content{position:relative;float:left;display:none}.c-tabs2 .c-tabs-selected{display:block}.c-tabs2 .c-tabs-view-content-anim{transition:height .3s cubic-bezier(0.7,0,.3,1);-webkit-transition:height .3s cubic-bezier(0.7,0,.3,1);-ms-transition:height .3s cubic-bezier(0.7,0,.3,1);-moz-transition:height .3s cubic-bezier(0.7,0,.3,1);-o-transition:height .3s cubic-bezier(0.7,0,.3,1);transform:translate3d(0,0,0);-webkit-transform:translate3d(0,0,0);-ms-transition:translate3d(0,0,0);-moz-transition:translate3d(0,0,0);-o-transition:translate3d(0,0,0)}.c-tabs2 .c-tabs-stopanimate{transition:none;-webkit-transition:none;transform:none;-webkit-transform:none;-ms-transition:none;-moz-transition:none;-o-transition:none}.c-tabs2 .c-tabs-tabcontent{transition:transform .3s cubic-bezier(0.7,0,.3,1);-webkit-transition:transform .3s cubic-bezier(0.7,0,.3,1);-ms-transition:transform .3s cubic-bezier(0.7,0,.3,1);-moz-transition:transform .3s cubic-bezier(0.7,0,.3,1);-o-transition:transform .3s cubic-bezier(0.7,0,.3,1);transform:translate3d(0,0,0);-webkit-transform:translate3d(0,0,0);-ms-transition:translate3d(0,0,0);-moz-transition:translate3d(0,0,0);-o-transition:translate3d(0,0,0)}.c-scroll-wrapper,.c-scroll-wrapper-new{position:relative;overflow:hidden}.c-scroll-wrapper-new .c-scroll-touch{padding-left:.17rem;padding-right:.17rem}.c-scroll-parent-gap{padding:0 .11rem 0 .17rem}.c-scroll-parent-gap .c-scroll-element-gap{padding-right:.1rem}.c-scroll-indicator-wrapper{text-align:center;height:6px}.c-scroll-indicator-wrapper .c-scroll-indicator{vertical-align:top}.c-scroll-indicator{display:inline-block;position:relative;height:6px}.c-scroll-indicator .c-scroll-dotty{position:absolute;width:6px;height:6px;border-radius:50%;background-color:#999}.c-scroll-indicator .c-scroll-dotty-now{background-color:#999}.c-scroll-indicator span{display:block;float:left;width:6px;height:6px;border-radius:50%;background-color:#e1e1e1;margin-right:7px}.c-scroll-indicator span:last-child{margin-right:0}.c-scroll-touch{position:relative;overflow-x:auto;-webkit-overflow-scrolling:touch;padding-bottom:30px;margin-top:-30px;-webkit-transform:translateY(30px);transform:translateY(30px)}.c-location-wrap{overflow:hidden;padding:0 15px;background-color:#f7f7f7}.c-location-header-tips{font-size:13px}.c-location-header-btn{padding-top:8px;-webkit-box-flex:0;-webkit-flex:none}.c-location-header-btn div{display:inline-block}.c-location-header-btn-reload:after{content:&quot;&quot;;display:inline-block;overflow:hidden;width:1px;height:10px;margin:0 8px;background-color:#ccc}.c-location-header-btn-788{display:none}.c-location-header-btn-in,.c-location-header-btn-reload{color:#333}.c-location-header-btn .c-icon{color:#666;vertical-align:top}.c-location-header-tips{color:#999}.c-location-header-tips-err{color:#c00}.c-location-header-tips-success{color:#38f}.c-location-header-btn-reload-ing .c-location-header-btn-787{display:none}.c-location-header-btn-reload-ing .c-location-header-btn-788{display:inline-block;color:#999;-webkit-animation-name:c_location_rotate;-webkit-animation-duration:1.5s;-webkit-animation-iteration-count:infinite;-webkit-animation-timing-function:linear}.c-location-header-btn-reload-ing{color:#999}@-webkit-keyframes c_location_rotate{from{-webkit-transform:rotate(0deg)}to{-webkit-transform:rotate(360deg)}}@keyframes c_location_rotate{from{transform:rotate(0deg)}to{transform:rotate(360deg)}}.c-location-header-btn-in-active,.c-location-header-btn-in-active .c-icon{color:#38f}.c-location-form{position:relative}.c-location-form .c-input{padding-right:70px}.c-location-input-close{position:absolute;z-index:10;top:1px;right:37px;display:none;width:36px;height:36px;line-height:36px;text-align:center;color:#ddd;font-size:16px}.c-location-form .c-input:focus{border-color:#ddd #eee #eee #ddd;background-color:#fff}.c-location-sub{position:absolute;z-index:10;top:1px;right:1px;width:36px;height:36px;border-left:1px solid #eee;line-height:36px;text-align:center;background-color:#fafafa}.c-location-body{display:none;padding-bottom:14px}.c-location-down{display:none;border:1px solid #eee;border-top:0;background-color:#fff;-webkit-tap-highlight-color:rgba(0,0,0,0)}.c-location-down-tips{height:38px;padding-left:12px;line-height:38px;background-color:#fafafa}.c-location-down-tips-close{padding-right:12px}.c-location-down-tips-close:before{content:&quot;&quot;;display:inline-block;width:1px;height:10px;margin-right:8px;background-color:#ddd}.c-location-down li{padding:4px 12px;border-top:1px solid #f1f1f1}.c-navs{position:relative}.c-navs-bar{position:relative;min-width:100%;height:40px;white-space:nowrap;display:-webkit-box;-webkit-box-orient:horizontal;-webkit-box-direction:normal;-webkit-box-pack:justify;-webkit-box-align:stretch;-webkit-box-lines:single;display:-webkit-flex;-webkit-flex-direction:row;-webkit-justify-content:space-between;-webkit-align-items:stretch;-webkit-align-content:flex-start;-webkit-flex-wrap:nowrap}.c-navs .c-row-tile{border-bottom:1px solid #f1f1f1}.c-navs-sub .c-navs-bar{height:38px}.c-navs-bar *{-webkit-box-sizing:border-box;box-sizing:border-box}.c-navs-bar-li{display:block;-webkit-box-flex:1;-webkit-flex:1 1 auto;width:16.66666667%;height:40px;line-height:40px;list-style:none;text-decoration:none;color:#666;text-align:center;font-size:15px;-webkit-tap-highlight-color:transparent;padding:0 17px}.c-navs-sub .c-navs-bar-li{height:38px;line-height:38px}.c-navs-bar-li span{height:100%;display:inline-block;max-width:100%;text-overflow:ellipsis;white-space:nowrap;overflow:hidden}.c-navs-bar .c-navs-bar-selected span{color:#333;font-weight:700;border-bottom:2px solid #333}.c-navs-bar-view{position:relative;overflow:hidden}.c-navs-bar-view .c-navs-bar{display:block}.c-navs-bar-view .c-navs-bar .c-navs-bar-li{display:inline-block;width:auto;padding:0 17px}.c-navs-bar-toggle{position:absolute;top:0;right:0;width:34px;height:40px;background-color:#fff}.c-navs-sub .c-navs-bar-toggle{height:38px}.c-navs-bar-toggle i{width:0;height:0;right:17px;top:17px;border-right:5px solid transparent;border-top:5px solid #999;border-left:5px solid transparent;position:absolute}.c-navs-bar-layer{position:absolute;top:0;z-index:8;width:100%;background-color:#fff;overflow-x:hidden}.c-navs-bar-layer p{color:#999;padding:9px 17px 13px}.c-navs-sub .c-navs-bar-layer p{padding:8px 17px 13px}.c-navs-bar-layer .c-row{margin-bottom:17px}.c-navs-sub .c-navs-bar-toggle i{top:16px}.c-navs-bar-layer .c-navs-bar-toggle i{border-right:5px solid transparent;border-bottom:5px solid #999;border-left:5px solid transparent;border-top:0}.c-navs-bar-layer .c-navs-bar-li{height:33px;line-height:33px;text-align:center;font-size:14px;color:#333;width:33.33333333%;-webkit-box-flex:4;-webkit-flex:4 4 auto;padding-right:1.55367232%;padding-left:1.55367232%}.c-navs-bar-layer .c-span4.c-navs-bar-li span{display:inline-block;width:100%;border:1px solid #f1f1f1;border-bottom:1px solid #f1f1f1}.c-navs-bar-layer .c-span4.c-navs-bar-selected span{border:2px solid #333;line-height:31px}.c-navs-shadow{right:34px;position:absolute;top:0;width:10px;height:40px;background:-webkit-linear-gradient(left,rgba(255,255,255,0),#fff);background:linear-gradient(to right,rgba(255,255,255,0),#fff)}.c-navs-sub .c-navs-shadow{height:38px}.c-navs-bar-mask{position:absolute;z-index:7;top:0;left:0;background:rgba(0,0,0,.65);height:1024px;width:100%}.c-navs-sub .c-navs-bar-li span{border-bottom:0;font-size:14px}.s-group-container{margin-top:.1rem;margin-bottom:.1rem;line-height:22px}.s-cluster-container{margin-top:.1rem;margin-bottom:.1rem;line-height:22px;background:#fff}.s-cluster-content-fold&amp;gt;.c-result:before,.s-cluster-content&amp;gt;.c-result:before,.s-cluster-bar:before{content:&#039;&#039;;display:block;margin:0 .16rem;border-top:1px solid #f1f1f1;height:0;overflow:hidden}.s-cluster-bar:before{margin:0}.s-cluster-content-fold&amp;gt;.c-result:first-child:before,.s-cluster-content&amp;gt;.c-result:first-child:before{display:none}.s-cluster-content-fold&amp;gt;.c-result&amp;gt;.c-container,.s-cluster-content&amp;gt;.c-result&amp;gt;.c-container{margin-top:0;margin-bottom:0}.s-cluster-title{height:.45rem;line-height:.45rem;font-weight:400;background:#fff;padding:0 .16rem;font-size:18px}.s-cluster-title i{float:right}.s-cluster-title-link .s-cluster-title{color:#333}.s-cluster-title-arrow{display:inline-block;-moz-transform:rotate(-90deg);-webkit-transform:rotate(-90deg);transform:rotate(-90deg)}.s-cluster-bar{height:.39rem;line-height:.39rem}.s-cluster-showmore,.s-cluster-hidemore{display:block;width:100%;height:100%;text-align:center;color:#666}.s-cluster-hidemore span{transform:rotate(180deg);-ms-transform:rotate(180deg);-moz-transform:rotate(180deg);-webkit-transform:rotate(180deg);display:inline-block}.s-cluster-hidemore{display:none}.s-cluster-bar-show .s-cluster-hidemore{display:block}.s-cluster-bar-show .s-cluster-showmore{display:none}.s-frame .s-frame-shownone{display:none}.s-frame .s-frame-borderbnone{border-bottom:0}.wnor-fanyi{display:none}.wnor-fanyi-btn{position:absolute;right:12px;bottom:0;padding:12px 12px 0}.wnor-fanyi-arrow{display:inline;position:relative}.wnor-fanyi-arrow::before{content:&quot;\e68d&quot;;font-size:13px;line-height:16px;position:absolute;right:-16px;top:-1px;color:#666}.wnor-fanyi-arrow-show::before{content:&quot;\e68e&quot;}.wnor-fanyi-loading{text-align:center}.wnor-fanyi-loading-icon{display:inline-block;height:24px;line-height:24px;background:url(//m.baidu.com/static/search/ico_loading.gif) no-repeat;background-size:40px 24px;padding-left:44px}.wnor-fanli-a{float:right;color:#666}.wnor-fanli-strong-wrap{display:none}.wnor-fanli-strong-wrap a{padding:4px inherit}.wnor-fanli-strong-wrap .wnor-fanli-strong-mall{-webkit-align-items:center;-webkit-box-align:center}.wnor-fanli-strong-mall .c-img-w{padding-bottom:33.3%}.wnor-fanli-strong-item-right{display:-webkit-box;-webkit-box-orient:vertical;-webkit-box-direction:normal;-webkit-box-align:stretch;-webkit-box-pack:justify}.wnor-fanli-strong-item-right .c-color-link{-webkit-box-flex:1}.wnor-fanli-strong-item-right .wnor-fanli-strong-item-link{-webkit-box-flex:1;margin-top:15px}.wnor-fanli-strong-item-mallname{width:35%;display:inline-block;color:#999}.wnor-fanli-strong-item .wnor-fanli-strong-text{width:65%;display:inline-block}.wnor-fanli-strong-text{color:#999;text-align:right}.wnor-fanli-strong-rate{color:#f60}.wnor-fanli-strong-goto{color:#999;text-align:right}.wnor-fanli-strong-foot a{padding:0 1.81818182%;color:#666}.fluent-fav-logo{width:18px;height:18px;vertical-align:middle;background-size:18px 18px;overflow:hidden;margin-right:4px;margin-top:-2px;display:inline-block}.fluent-icon{background:url(data:image/png;base64,iVBORw0KGgoAAAANSUhEUgAAAGMAAAAqCAYAAACnbOUxAAAACXBIWXMAAAsTAAALEwEAmpwYAAAKTWlDQ1BQaG90b3Nob3AgSUNDIHByb2ZpbGUAAHjanVN3WJP3Fj7f92UPVkLY8LGXbIEAIiOsCMgQWaIQkgBhhBASQMWFiApWFBURnEhVxILVCkidiOKgKLhnQYqIWotVXDjuH9yntX167+3t+9f7vOec5/zOec8PgBESJpHmomoAOVKFPDrYH49PSMTJvYACFUjgBCAQ5svCZwXFAADwA3l4fnSwP/wBr28AAgBw1S4kEsfh/4O6UCZXACCRAOAiEucLAZBSAMguVMgUAMgYALBTs2QKAJQAAGx5fEIiAKoNAOz0ST4FANipk9wXANiiHKkIAI0BAJkoRyQCQLsAYFWBUiwCwMIAoKxAIi4EwK4BgFm2MkcCgL0FAHaOWJAPQGAAgJlCLMwAIDgCAEMeE80DIEwDoDDSv+CpX3CFuEgBAMDLlc2XS9IzFLiV0Bp38vDg4iHiwmyxQmEXKRBmCeQinJebIxNI5wNMzgwAABr50cH+OD+Q5+bk4eZm52zv9MWi/mvwbyI+IfHf/ryMAgQAEE7P79pf5eXWA3DHAbB1v2upWwDaVgBo3/ldM9sJoFoK0Hr5i3k4/EAenqFQyDwdHAoLC+0lYqG9MOOLPv8z4W/gi372/EAe/tt68ABxmkCZrcCjg/1xYW52rlKO58sEQjFu9+cj/seFf/2OKdHiNLFcLBWK8ViJuFAiTcd5uVKRRCHJleIS6X8y8R+W/QmTdw0ArIZPwE62B7XLbMB+7gECiw5Y0nYAQH7zLYwaC5EAEGc0Mnn3AACTv/mPQCsBAM2XpOMAALzoGFyolBdMxggAAESggSqwQQcMwRSswA6cwR28wBcCYQZEQAwkwDwQQgbkgBwKoRiWQRlUwDrYBLWwAxqgEZrhELTBMTgN5+ASXIHrcBcGYBiewhi8hgkEQcgIE2EhOogRYo7YIs4IF5mOBCJhSDSSgKQg6YgUUSLFyHKkAqlCapFdSCPyLXIUOY1cQPqQ28ggMor8irxHMZSBslED1AJ1QLmoHxqKxqBz0XQ0D12AlqJr0Rq0Hj2AtqKn0UvodXQAfYqOY4DRMQ5mjNlhXIyHRWCJWBomxxZj5Vg1Vo81Yx1YN3YVG8CeYe8IJAKLgBPsCF6EEMJsgpCQR1hMWEOoJewjtBK6CFcJg4Qxwicik6hPtCV6EvnEeGI6sZBYRqwm7iEeIZ4lXicOE1+TSCQOyZLkTgohJZAySQtJa0jbSC2kU6Q+0hBpnEwm65Btyd7kCLKArCCXkbeQD5BPkvvJw+S3FDrFiOJMCaIkUqSUEko1ZT/lBKWfMkKZoKpRzame1AiqiDqfWkltoHZQL1OHqRM0dZolzZsWQ8ukLaPV0JppZ2n3aC/pdLoJ3YMeRZfQl9Jr6Afp5+mD9HcMDYYNg8dIYigZaxl7GacYtxkvmUymBdOXmchUMNcyG5lnmA+Yb1VYKvYqfBWRyhKVOpVWlX6V56pUVXNVP9V5qgtUq1UPq15WfaZGVbNQ46kJ1Bar1akdVbupNq7OUndSj1DPUV+jvl/9gvpjDbKGhUaghkijVGO3xhmNIRbGMmXxWELWclYD6yxrmE1iW7L57Ex2Bfsbdi97TFNDc6pmrGaRZp3mcc0BDsax4PA52ZxKziHODc57LQMtPy2x1mqtZq1+rTfaetq+2mLtcu0W7eva73VwnUCdLJ31Om0693UJuja6UbqFutt1z+o+02PreekJ9cr1Dund0Uf1bfSj9Rfq79bv0R83MDQINpAZbDE4Y/DMkGPoa5hpuNHwhOGoEctoupHEaKPRSaMnuCbuh2fjNXgXPmasbxxirDTeZdxrPGFiaTLbpMSkxeS+Kc2Ua5pmutG003TMzMgs3KzYrMnsjjnVnGueYb7ZvNv8jYWlRZzFSos2i8eW2pZ8ywWWTZb3rJhWPlZ5VvVW16xJ1lzrLOtt1ldsUBtXmwybOpvLtqitm63Edptt3xTiFI8p0in1U27aMez87ArsmuwG7Tn2YfYl9m32zx3MHBId1jt0O3xydHXMdmxwvOuk4TTDqcSpw+lXZxtnoXOd8zUXpkuQyxKXdpcXU22niqdun3rLleUa7rrStdP1o5u7m9yt2W3U3cw9xX2r+00umxvJXcM970H08PdY4nHM452nm6fC85DnL152Xlle+70eT7OcJp7WMG3I28Rb4L3Le2A6Pj1l+s7pAz7GPgKfep+Hvqa+It89viN+1n6Zfgf8nvs7+sv9j/i/4XnyFvFOBWABwQHlAb2BGoGzA2sDHwSZBKUHNQWNBbsGLww+FUIMCQ1ZH3KTb8AX8hv5YzPcZyya0RXKCJ0VWhv6MMwmTB7WEY6GzwjfEH5vpvlM6cy2CIjgR2yIuB9pGZkX+X0UKSoyqi7qUbRTdHF09yzWrORZ+2e9jvGPqYy5O9tqtnJ2Z6xqbFJsY+ybuIC4qriBeIf4RfGXEnQTJAntieTE2MQ9ieNzAudsmjOc5JpUlnRjruXcorkX5unOy553PFk1WZB8OIWYEpeyP+WDIEJQLxhP5aduTR0T8oSbhU9FvqKNolGxt7hKPJLmnVaV9jjdO31D+miGT0Z1xjMJT1IreZEZkrkj801WRNberM/ZcdktOZSclJyjUg1plrQr1zC3KLdPZisrkw3keeZtyhuTh8r35CP5c/PbFWyFTNGjtFKuUA4WTC+oK3hbGFt4uEi9SFrUM99m/ur5IwuCFny9kLBQuLCz2Lh4WfHgIr9FuxYji1MXdy4xXVK6ZHhp8NJ9y2jLspb9UOJYUlXyannc8o5Sg9KlpUMrglc0lamUycturvRauWMVYZVkVe9ql9VbVn8qF5VfrHCsqK74sEa45uJXTl/VfPV5bdra3kq3yu3rSOuk626s91m/r0q9akHV0IbwDa0b8Y3lG19tSt50oXpq9Y7NtM3KzQM1YTXtW8y2rNvyoTaj9nqdf13LVv2tq7e+2Sba1r/dd3vzDoMdFTve75TsvLUreFdrvUV99W7S7oLdjxpiG7q/5n7duEd3T8Wej3ulewf2Re/ranRvbNyvv7+yCW1SNo0eSDpw5ZuAb9qb7Zp3tXBaKg7CQeXBJ9+mfHvjUOihzsPcw83fmX+39QjrSHkr0jq/dawto22gPaG97+iMo50dXh1Hvrf/fu8x42N1xzWPV56gnSg98fnkgpPjp2Snnp1OPz3Umdx590z8mWtdUV29Z0PPnj8XdO5Mt1/3yfPe549d8Lxw9CL3Ytslt0utPa49R35w/eFIr1tv62X3y+1XPK509E3rO9Hv03/6asDVc9f41y5dn3m978bsG7duJt0cuCW69fh29u0XdwruTNxdeo94r/y+2v3qB/oP6n+0/rFlwG3g+GDAYM/DWQ/vDgmHnv6U/9OH4dJHzEfVI0YjjY+dHx8bDRq98mTOk+GnsqcTz8p+Vv9563Or59/94vtLz1j82PAL+YvPv655qfNy76uprzrHI8cfvM55PfGm/K3O233vuO+638e9H5ko/ED+UPPR+mPHp9BP9z7nfP78L/eE8/sl0p8zAAAAIGNIUk0AAHolAACAgwAA+f8AAIDpAAB1MAAA6mAAADqYAAAXb5JfxUYAAAvbSURBVHja7Jt5cFXlGYefkLCE1QQJyKYUtDpqXSsCUsWiaIUqVuuOC1hr1RnFEWtVtIhoqwURtS5Yq6LVKriASlHjVnEFUbGiFVCB1opACISQhaR/5DnjN2fOvbm5uRWm+s6cOSdn+c533uX3vu/vu8mrr69n/zvPYRuVAuBSoAq4kf9zaZGjcfYFpgMH5Xh+7YCJGoTvjJGZbARGA68AdwLdcjRuHfAlsOE7Y2QuHwP9PT4beAvYOQfj5gH5QP233RgdgT2bMNabwA0e9wSOycH8tgDVQG0zxugGDAR6NGOMtkJx361hjB2BD4D3gFnAYRmO98fg+MAczK8CWK5B0sm5wCRgBDAWmArcCrwAvA68CoxrxjxaAw8D7wBnNdGIE4ABzTFGFdDK45HA34BfZzBefnD87xw5TKVVVTrpA1wGPGjCPx7YA/hKx0KnylbWAS8BHYDbgjEbkwnAlcDvMi0dk+QLPftpYFex+zpgJTAjw4nspQFLgnd1Bu4AXm5i9DYWGeOcV5EJ/0PPjwaOAy5Qmc3Ni1GUfA/4LM29vYA/AUP9e2lzjIHwMBz4e1AdXQCU6iFVKqqDij8EGBw8f5DbZhNwGfB5Fvhf4zuGCpclwArhp9TxEVLjzjAduMUtUzkKGGKULQzO1wd6eSfN86cBU3S8Gp1kXHONEVn0COBq4KcqczJwQor73wXOdBJLgXLhqg5Y38i7zlK5n1mZDRIOfqAxbgbeBxY5n1ZWbWMSDJEPzPP+C5po/E7AxcCJFjDrgjyKUV2W8NwuAUTWAtcDT+g05MIYkYJHAt8H/gX0NloOAVoCLwKfmjDbAH/OAgKOBu72XcuAfTTK28BaYDVwcKCYnxh1P9SIF8bGu88I2j+LuTzrvodOMde/e7v/KHb/8cDuwOEa8nyNsDIbuiFTiSbxgVs89O/QYBOA8YZqsUpuLEd0C6DlfqmP+Z7bU8VEhmgvBETyQmysS4GTjeQVWRijS6zPiaTc/cLY/T+3ijsYeGNbaPruDz4iCuE1wCiV9YdGnp8bYP+mwBBRF74xmGufoKF8Qy+M5CThYTIwOwdV3OsapFcAU1dZXQ7x79eAfzbXEKExzhRbf5TFGKe6ATwlHYL4+ZDvGAv8Jc0Y5YERDzDcBwG/AHYw4ha6rwoi+q5gjIEm3ffE/GylNkjYE21mPw94twFC0ogAXdoL0XHp6rUmwdQVlmuRty0F7gGea+T5vuYKgEdMenXB9cuBYZacJ6rQGxLGKVOJ3SwOjot9xFc+u174iSSKoKFi/UbgeeC3Gm2DuWeJnr7Z/JNOdg56rVOcxwLL6y5G3nzLfwLIjKibIg11jvpZZE7clKkxTrMxOcik1V/cfRz4VYoGrovXOwLXmCci/B9gFTTYyYXJLskY9cLZ4UChEfYssBj4q1A0JojEqNL71ET9rIofouKWGEUvAts5l//QwAJ/BDwpW7AmYS5FAb1zoh6/WtSoTKiOeqnoQcJkf2mctUb4IXbimzKFqfkq7jAVHMkxcjL40TsGlUWpXe4dwGPSEa9quFmWn2XAJUG0pMtRi2Jl7lSrt+2CGr+rTSjidqXJfbLnFwBHaogZGudzI+sEvbVU51lswZDUsKEyy4yALQG1ktT9V+gA9wLnqcshlt4rfH+Tq6nn3C5SIQ/TQIsDXOvxG97TUyUP8yOjpP24xpnpJNErL9TLU8lbds8lethUQ78mSO6nGpHVwAOBEaMmrLvv/cRo7yCsXRZ8x0PmtaXAo8BusUZ01xQlbCcjrJdONVvY7K6BV8bK2dbA3sF7sy5tpwC363kA/bT0WK3eM/D0nn7gdCmH2hTV1v2NzGVN4NljzEFdxO6R7o/33teDfFEfKGuRMDfMc9MSCEzsZRYA+1kwhNXb9kGEHKZT9hV+ewhZFSJAvcYYZu/zdKxcbxv0Kc3qMyqD44ttyDb4wlOd6EKVlo4UbGNTtCCD+TyhMfbQM9sHyTGskO5KePZRjTdSZRcDpwth8e7/4ACiimLXto/xWqs1QqERO0fYiiBqiQZ5ioa1nOkBrYINcs76jE5SImFn/QBwhri7d6y6ejSBMp5h+dyYzAhIvsVWeV+q0FeErIcSyMp7rahGBznvWhvF3yS8Z6yOuCLmJDsbLVUaYrDnLjIaSq3YKt16ATsJhZN0kqjAGOF8l+WyAx8jD5TEeo43qT4ThP+e4v0BgcH7CHP3ZLB+MVyvfcxzl5hEhxph78SibprN5XkypajQX+oAVbF37BH0CFcFJSrmhHxzzsxYJ97OZ0uD8z2M3sUWL72F42Krq5ctBHJmjLMNtfKEa51jJVsLk3rYALUymXXJcE7LAm8qNjILTdpxtvRpjTwqlpPm6vFJPNkklfuWHFa8byKWQ0I91cXO72v0RToY5XdO9e+bc0mHDLRMvC3F9Y56USQtLUU3JlDPm7PohvMauT4HODZmiMvF/VEJ9w8PomJ8gP2RHJgC56PyelXsW4+SGa4JvnW4jrM2gcdqljGutEZOgqgSqYp1MSqhKmHcOqMj1zI5gDNssCYKWf+I3dseuMnjmQlVTjFfLy/HHaelCv8yhgo7JXBgg72/2KTeJhfGKLEjvjfF9UG+9P3gXFu3sLzdYFLulYGnx6W6kQgZEaPPn7QPSorkS4WhzfYdcdlPg1VbOYayOTBKJIe6nxe791Yj5BJz0GOZ8lMFCWVodzH7fI31cIpn9wp4o5AY62JCC6Nik81VJ5IXZlJJ1PHXpLi+UHJwvWsg+cDPEu4bEBhgnCxrXE5x/65LBKH0U1dbYoXNV3y9sFVgU7ubOeNGnXCOue4ijzOOjH1UGHJSq9L0B0e4fzs4tyXGfEaySu9o6o/bSmJ5h4RxT7aKOl/vXhW7p7U5Jd+qb1qKsSJW9uOEa92D4gRJ1SH2FIWWti/Z48wPeLqnLKP7CWdzA+q9UWN090X9xMRZCRVE1J32t+NdmpCs478AnBXgaTYwlW7dfL8AyjqmYBP6SlWclIIYnBlUUkmUzRa/bUvAnUHDwtJym9WBjnN0rPKcYvOJnXqpTnFEY8ao1cpXBRicCqujjjmU/BT3z1axTV2P3t39hwnXWorPV1holJsvJphYd6RhUevcoERfnwIKjw2qqNkJFV2J+87qbLTf87HsbpQfjktBCt5njpkXoMozkp2DU+WMzibtEtcBnk+hpDOCTjyTerzMcL3FhHYCjf/8hqASqUwR1Z/5Ma/ZdD2pYcY5h8Kg/p+bpq+5XeNenQCJ7c2FUYFypXA7KgO+LZQX3A6VjjldXUdF0jkFCV4S4frjKbB6OA0/BHgkIRG2DRo9EqqMIunrlXrtHBW6McUHtE/TnFYBv4997CDL3R8HjO5vY8sCcSkPoidV3uotRA200buuiYYIpdRtiuMO1yA7FcTCMfwZ54MJA3ULwviahOu7uE9FHE400Y2nYcXsehoWiI6UcCOBukhXTcXlPWmTESbumTT/R9NrNPx6YeXuHPVIZXy9wjkJaBH3uIineT5F91goYfdSrL+I5E1JvJvSTOIVjd7PJq17CqqFIEqb+i8Bs8mdlJlHK8ni5zdNkLqCWCU0TUiYkKKCWU76Hy0so2FRJxP5JEalJMkSo6OcrSvzvomX5G3j/0ZWKGZ/kcC+bm1poQPn6cB15pU8zzcZHgvYtqWS9D8wzsa4bWlYjm3ncTu39m6FXu/gcetga6POWll91WmUwoCXywvyXLXnqqVUKuTyKoKcsVrOa+W2box00lplFtrslbh1dl/kcedAuW1VaPRcm63okMvtUz6QxVi/rRqjo6zn9sG+iAaWuGuw7aDiW3+Dc6vVsyvk3DZZmldYaETbOnPd2mBbZySUGVV1QV9W900bo0UAC13tlHva3/SmYeUs8uziLFjeJKlxq3WrCRS4weMNgUKj8+XuyzwfLbVGBoh+FFdJdms1//OcUaByI6/t5nEfFd5LpbdsZJx6lVIe7MMP3ywWR+vRFbF9dL48UPzGwKO3uNVuS3DQHGPEYaMLDStiHYJk2MGPLrcbftnmKQrlzYGXRVuV++pA6dV8C+S/AwBtwzZ86x6Q4wAAAABJRU5ErkJggg==) no-repeat;background-size:33px 14px;width:33px;height:14px;vertical-align:middle;overflow:hidden;margin-left:8px;display:inline-block}.wnor-piyao-wrap{margin-top:10px;border-top:1px solid #eee}.wnor-piyao-wrap i{float:right}.c-recomm-wrap{display:none}.c-recomm-cnt{max-height:.52rem;padding-left:.18rem;overflow:hidden;word-break:break-all}.c-recomm-wrap span{position:relative}.c-recomm-wrap i{display:inline-block;font-style:normal;font-size:16px;line-height:16px;height:.16rem;width:0;position:relative;left:-.18rem}.c-recomm-wrap a{display:inline;line-height:.27rem;font-size:13px;color:#00c;word-wrap:break-word;word-break:break-all;border-right:solid 1px #c2c2c2;padding-right:.08rem}.c-recomm-wrap a:nth-child(2){margin-left:0}.c-recomm-wrap a:nth-child(2)::before{display:none}.hint-toprq-tips{text-align:left;color:#666;white-space:nowrap}.hint-toprq-tips span,.hint-toprq-tips a{display:inline-block;white-space:nowrap;vertical-align:top;line-height:14px;font-size:14px}.hint-toprq-tips span{margin-left:.16rem;padding-top:.08rem}.hint-toprq-tips a{padding:.12rem;margin-left:.1rem;background-color:#fff;border-radius:3px;color:#333;padding-bottom:.08rem;padding-top:.08rem}.hint-toprq-tips{background-color:#f1f1f1;padding-top:.11rem;padding-bottom:.02rem;height:.29rem}.hint-toprq-tips a:last-child{margin-right:.16rem}.rs-toprq-wrapper{position:relative;background-color:#f1f1f1;display:none}.hint-toprq-cover{position:absolute;top:.1rem;right:0;width:.29rem;height:.32rem;background-image:linear-gradient(to right,rgba(241,241,241,0),#f1f1f1)}.hint-toprq-item-icon{font-size:14px;width:14px;height:14px;color:#9B9FA4;margin-left:.04rem}.scroll-toprq-wrapper{width:100%;background:#fff;-webkit-box-shadow:0 2px 2px rgba(0,0,0,.1);box-shadow:0 2px 2px rgba(0,0,0,.1);position:fixed;top:0;z-index:99;display:none}.scroll-toprq-wrapper .hint-toprq-tips{margin:14px 21px 13px}.scroll-toprq-wrapper .hint-toprq-tips a{display:inline;line-height:21px}.c-recomm-cluster{border-top:.1rem solid #f1f1f1}.se-relativewords{text-align:left;background-color:#fff;margin:.1rem 0}.se-relativewords .rw-title{font-size:17px;height:41px;line-height:45px;color:#262626;padding:0 .16rem;border-bottom:1px solid #f0f0f0}.se-relativewords .rw-list{padding:.07rem .16rem;font-size:14px}.se-relativewords .rw-item{display:inline-block;width:49%;white-space:nowrap;height:35px;line-height:35px;overflow-x:hidden;text-overflow:ellipsis}.se-relativewords .rw-item:nth-child(2n):before{content:&quot;&quot;;border-left:1px solid #dadada;margin-right:8px}.se-relativewords .rw-title-icon{margin-left:3px;font-size:18px;color:#9B9FA4}.new-pagenav{position:relative;height:52px;line-height:52px;margin:.1rem 0;background:#fff}.new-pagenav-left,.new-pagenav-right{width:40%;white-space:nowrap;-webkit-box-flex:1;-webkit-flex:1 1 auto}.new-pagenav-center{-webkit-box-flex:0;-webkit-flex:none}.new-pagenav .c-icon{color:#797979;font-size:13px}.new-pagenav .icon-logo{color:#9b9fa4;font-size:18px}.new-prepage{display:block;text-align:right}.new-prepage .c-icon{margin-right:32%}.new-nextpage{display:block;text-align:left}.new-nextpage .c-icon{margin-left:32%}.new-firstpage{display:inline-block;color:#797979;text-align:right;width:48%}.new-firstpage .c-icon{margin-right:32%}.new-firstpage+.new-prepage{display:inline-block;width:48%}.new-firstpage+.new-prepage .c-icon{margin-right:64%}.new-nextpage-only{position:absolute;display:block;width:100%;color:#333!important;z-index:1}.icon-nextpage{position:absolute;right:25%}.forNoPrefetch{width:100%;text-align:center;letter-spacing:1px}.tagSearch-top-wrapper{position:relative;background-color:#f1f1f1;display:none}.tagSearch-top-tips{background-color:#f1f1f1;padding-top:.12rem;padding-bottom:.02rem;height:29px;text-align:left;color:#666;white-space:nowrap}.tagSearch-top-tips a{padding:0 .12rem;margin-left:.1rem;background-color:#fff;border-radius:3px;color:#333;font-size:14px;height:29px;line-height:29px;display:inline-block;white-space:nowrap;vertical-align:top}.tagSearch-top-tips a:last-child{margin-right:.16rem}.tagSearch-top-item.tagSearch-top-item-select{color:#38f;font-size:14px}.tagSearch-top-item.tagSearch-top-item-select:after{content:&quot;\e61a&quot;;margin-left:4px;font-family:cicons!important;font-style:normal;-webkit-font-smoothing:antialiased}.tagSearch-top-toast .b-toast-wrapper{padding:8px 17px;line-height:34px;border-radius:6px}.hint-tagsearch-cover{position:absolute;top:.1rem;right:0;width:.29rem;height:32px;background-image:linear-gradient(to right,rgba(241,241,241,0),#f1f1f1)}#head,#head .logo,#more,.loading .ico-rotate{position:relative}#head .logo,.h-tab,.loading .ico-rotate,.arrow{display:block}#head{font-size:16px}#head .logo{background:url(//m.baidu.com/se/static/img/iphone/pagelogo.png) no-repeat;width:87px;height:28px;background-size:87px 28px;-webkit-background-size:87px 28px;margin-top:9px;margin-right:3px}#h-tabs{color:#666;height:44px;width:100%;padding:0 .17rem;box-sizing:border-box}.h-tab{display:block;color:#666}.tabTx{position:relative;display:inline-block;height:16px;line-height:16px;padding:21px 0 5px;border-bottom:2px solid transparent;width:39px}.cur{color:#38f;border-bottom:2px solid #38f}#mo{padding-bottom:2px;padding-right:0;width:44px;text-align:right}.more-show{color:#38f}.arrow{display:inline-block;position:relative;top:-2px;right:0}.arrow::before{content:&quot;\e68d&quot;;font-size:13px;display:inline-block;width:9px;height:16px}.arrow-show::before{content:&quot;\e68e&quot;;color:#2d73df}#more{clear:both;display:none;border-top:1px solid #e0e0e0;border-bottom:1px solid #e0e0e0;background:#f9f9f9;-webkit-box-shadow:inset 1px 0 0 #f9f9f9,inset 0 1px 0 #f0f0f0,inset 0 -1px 0 #f0f0f0,inset -1px 0 0 #f9f9f9;padding:16px 0;line-height:22px}.more-links{margin:0 10px;text-align:center}.more-links:last-child{margin-top:19px}.more-links a{display:inline-block;width:25%;color:#666}.se-head-tablink{display:none}.searchboxtop{padding:6px 0}.se-form{position:relative;clear:both;margin-left:.17rem;margin-right:.17rem;background:#fff;height:45px;border:1px solid #d2d2d2;box-sizing:content-box;border-radius:2px;box-shadow:0 2px 0 0 rgba(0,0,0,.03);margin-bottom:2px}.con-wrap{display:box;display:-webkit-box;display:-moz-box}.se-inner{width:82px;position:relative}.se-input,.se-encode{display:block;-webkit-box-flex:1;-moz-box-flex:1;box-flex:1;padding:7px 42px 7px 6px;height:45px;line-height:32px;margin:0;font-size:18px;-webkit-appearance:none;-webkit-box-sizing:border-box;-webkit-tap-highlight-color:rgba(255,255,255,0);background-color:transparent;color:#333;resize:none;overflow:hidden;font-family:Arial,Helvetica,sans-serif;border:0;border-radius:0}.se-bn{display:block;color:#38f;text-align:center;width:82px;height:45px;border-left:1px solid #f1f1f1;letter-spacing:-1px;box-sizing:border-box}.se-bn span{font-weight:700;font-style:normal;font-size:16px}#footer-wrap{padding:.1rem 0 .08rem}.se-bearicon{display:none}&lt;/style&gt;&lt;script&gt;var actionSta = 1;if (actionSta === 1) {var startTime = Date.now();} else {var endTime = Date.now();}if (actionSta === 1 || (endTime &amp;amp;&amp;amp; (endTime - startTime) &amp;gt; 3000)) {actionSta = actionSta == 1 ? &#039;start&#039; : &#039;end&#039;;new Image().src = &#039;//hpd.baidu.com/v.gif?tid=365&amp;amp;funcSta=whiteScreenEx&amp;amp;sourceSta=wiseindex&amp;amp;actionSta=&#039;+ actionSta + &#039;&amp;amp;logid=3909137074&amp;amp;ssid=0&#039;+ &#039;&amp;amp;ct=1&amp;amp;cst=9&amp;amp;logFrom=mid_news&amp;amp;logInfo=stability&#039;;}&lt;/script&gt;&lt;meta name=&quot;referrer&quot; content=&quot;always&quot; /&gt;&lt;meta charset=&quot;utf-8&quot; /&gt;&lt;meta name=&quot;viewport&quot; content=&quot;width=device-width,minimum-scale=1.0,maximum-scale=1.0,user-scalable=no&quot; /&gt;&lt;meta http-equiv=&quot;x-dns-prefetch-control&quot; content=&quot;on&quot; /&gt;&lt;link rel=&quot;dns-prefetch&quot; href=&quot;//m.baidu.com&quot; /&gt;&lt;link rel=&quot;shortcut icon&quot; href=&quot;https://gss0.bdstatic.com/5bd1bjqh_Q23odCf/static/wiseindex/img/favicon.ico&quot; type=&quot;image/x-icon&quot; /&gt;&lt;link rel=&quot;apple-touch-icon-precomposed&quot; href=&quot;https://gss0.bdstatic.com/5bd1bjqh_Q23odCf/static/wiseindex/img/screen_icon.png&quot; /&gt;&lt;meta name=&quot;format-detection&quot; content=&quot;telephone=no&quot; /&gt;&lt;noscript&gt;&amp;lt;style type=&quot;text/css&quot;&amp;gt;#page{display:none;}&amp;lt;/style&amp;gt;&amp;lt;meta http-equiv=&quot;refresh&quot; content=&quot;0; URL=http://m.baidu.com/?from=844b&amp;amp;amp;vit=fps&amp;amp;amp;pu=sz%401321_480&amp;amp;amp;t_noscript=jump&quot; /&amp;gt;&lt;/noscript&gt;&lt;title&gt;中文+TesterHome - 百度&lt;/title&gt;&lt;script type=&quot;text/javascript&quot;&gt;window.onerror=function(m,b,n,l,k){var f=&quot;//hpd.baidu.com/v.gif&quot;;var c={tid:&quot;259&quot;,ct:&quot;1&quot;,cst:&quot;9&quot;,logFrom:&quot;mid_news&quot;,logInfo:&quot;jsException&quot;,r:&quot;l&quot;+(Date.now()),logExtra:{rta:&quot;wise&quot;}};var d={};d.message=m||&quot;&quot;;d.url=b||&quot;&quot;;d.line=n||&quot;&quot;;c.logExtra[&quot;excep&quot;]=d;try{c.logExtra=JSON.stringify(c.logExtra)}catch(j){}var g=&quot;&quot;;for(var h in c){if(c.hasOwnProperty(h)){g+=&quot;&amp;amp;&quot;+h+&quot;=&quot;+encodeURIComponent(c[h])}}var a=f+&quot;?&quot;+g.slice(1);new Image().src=a};;&lt;/script&gt;&lt;style type=&quot;text/css&quot; id=&quot;spa-base-style&quot;&gt;#search-card {display: none;}&lt;/style&gt;&lt;style type=&quot;text/css&quot;&gt;@font-face {font-family: &#039;icons&#039;;src: url(https://gss0.bdstatic.com/5bd1bjqh_Q23odCf/static/wiseindex/iconfont/iconfont_9c0cdb21.eot);src: url(https://gss0.bdstatic.com/5bd1bjqh_Q23odCf/static/wiseindex/iconfont/iconfont_9c0cdb21.eot#iefix) format(&#039;embedded-opentype&#039;),url(https://gss0.bdstatic.com/5bd1bjqh_Q23odCf/static/wiseindex/iconfont/iconfont_11a872b9.woff) format(&#039;woff&#039;),url(https://gss0.bdstatic.com/5bd1bjqh_Q23odCf/static/wiseindex/iconfont/iconfont_0b0a971d.ttf) format(&#039;truetype&#039;),url(https://gss0.bdstatic.com/5bd1bjqh_Q23odCf/static/wiseindex/iconfont/iconfont_b8b3267e.svg#iconfont) format(&#039;svg&#039;);font-weight: normal;font-style: normal;}i.ns-focus,i.ns-news,i.ns-novel,i.ns-video,i.ns-life,i.ns-map,i.ns-tieba,i.ns-app,i.ns-image,i.ns-website,i.ns-extend,i.ns-music,i.ns-listen {background: url(https://gss0.bdstatic.com/5bd1bjqh_Q23odCf/static/wiseindex/img/ns_diff_color_v2_3d39b4dd.png) no-repeat;background-size: 22px auto;}&lt;/style&gt;&lt;script&gt;var url =  location.href;if (url.indexOf(&#039;%23&#039;) != -1){location.href = url.replace(/%23/g, &#039;#&#039;);}url =  location.href;if (url.indexOf(&#039;%7C&#039;) != -1){location.href = url.replace(/%7C/g, &#039;|&#039;);}if (window.location.hash.match(/\&amp;amp;iview\b.*/)) {var style = document.createElement(&#039;style&#039;);style.id = &#039;activitystyle&#039;;style.innerHTML = &#039;#page {width:100%;position:absolute;top:-99999px;opacity:0;}&#039;;document.head.appendChild(style);setTimeout(function(){window.location.replace(&#039;&#039;);},0);}if (/#\iact/.exec(location.href) &amp;amp;&amp;amp; !(/\&amp;amp;iview\b.*/.exec(location.href))) {var style = document.createElement(&#039;style&#039;);style.id = &#039;activitystyle&#039;;style.innerHTML = &#039;#page {width:100%;position:absolute;top:-99999px;opacity:0;}&#039;;document.head.appendChild(style);}&lt;/script&gt;&lt;style&gt;body,h1,h2,h3,p,div,ol,ul,input,button{margin:0;padding:0}body{font-size:16px;line-height:1px;text-align:center;-webkit-text-size-adjust:none;max-width:100%;overflow-x:hidden;vertical-align:top;font-family:Arial,Helvetica,sans-serif}ol,ul{list-style:none}a{text-decoration:none;-webkit-tap-highlight-color:rgba(0,0,0,0)}input,button,textarea{border:0;border-radius:0;background:transparent;-webkit-appearance:none;-webkit-box-sizing:border-box;box-sizing:border-box}button{outline:0}.rec-item{text-align:left}html{font-size:100px}@media screen and (max-width:360px){html{font-size:90px;line-height:90px}};&lt;/style&gt;&lt;style&gt;&lt;/style&gt;&lt;script&gt;window.rain = {stack: [],loadModule: function (moduleName) {window.rain.stack.push(moduleName);},event: {}};!function(v){var w=v.rain.event,h=w.firePool={};w.fire=function(mod,v,w){h[mod]=h[mod]||{},h[mod][v]=h[mod][v]||[],h[mod][v].push(w)}}(window);;&lt;/script&gt;&lt;script&gt;var actionSta = 2;if (actionSta === 1) {var startTime = Date.now();} else {var endTime = Date.now();}if (actionSta === 1 || (endTime &amp;amp;&amp;amp; (endTime - startTime) &amp;gt; 3000)) {actionSta = actionSta == 1 ? &#039;start&#039; : &#039;end&#039;;new Image().src = &#039;//hpd.baidu.com/v.gif?tid=365&amp;amp;funcSta=whiteScreenEx&amp;amp;sourceSta=wiseindex&amp;amp;actionSta=&#039;+ actionSta + &#039;&amp;amp;logid=3909137074&amp;amp;ssid=0&#039;+ &#039;&amp;amp;ct=1&amp;amp;cst=9&amp;amp;logFrom=mid_news&amp;amp;logInfo=stability&#039;;}&lt;/script&gt;&lt;style&gt;#ujs42{width: 353px;height: 53px;margin: 0 auto;background: url(https://gss0.bdstatic.com/5bd1bjqh_Q23odCf/static/wiseindex/img/bd_activity_bg20170619_353.png);background-size: 353px 53px;-webkit-tap-highlight-color: transparent;background-repeat: no-repeat;opacity: 1;}#ujs42_5 {pointer-events: auto;position: absolute;left: 5px;bottom: 0px;width: 40px;height: 53px;background:url(https://gss0.bdstatic.com/5bd1bjqh_Q23odCf/static/wiseindex/img/wise_backflow_close.png) no-repeat 50% 50%;-webkit-background-size: 18px 18px;background-size: 18px 18px;}.ujs42_wrapper {position: fixed;bottom: 0;left: 0;z-index: 20;width: 100%;height: 53px;background: #1e1c3c;}&lt;/style&gt;&lt;script data-require-id=&quot;wiseindex/superframe_0467623d&quot; src=&quot;https://gss0.bdstatic.com/5bd1bjqh_Q23odCf/static/wiseindex/js/superframe_0467623d.js&quot; async=&quot;&quot;&gt;&lt;/script&gt;&lt;script type=&quot;text/javascript&quot; src=&quot;https://hm.baidu.com/hm.js?12423ecbc0e2ca965d84259063d35238&quot; defer=&quot;defer&quot;&gt;&lt;/script&gt;&lt;script data-require-id=&quot;ecom/wise/home&quot; src=&quot;https://m.baidu.com/static/ecom/js/wise/home/nativeAds_6fe5abc.js&quot; async=&quot;&quot;&gt;&lt;/script&gt;&lt;script src=&quot;//s.bdstatic.com/common/openjs/openBox.js?_v=416235&quot;&gt;&lt;/script&gt;&lt;script type=&quot;text/javascript&quot;&gt;(function(){window._uid=&#039;63A3346FC928A03FE546E7FC530F4D9C:FG=1&#039;;var B = window.B || {};B.comm = B.comm || {};B.comm.domLoadingTime = (window.performance &amp;amp;&amp;amp; window.performance.timing &amp;amp;&amp;amp; window.performance.timing.domLoading) ? window.performance.timing.domLoading : new Date().getTime();B.comm.isAndroid = 1;B.comm.isShowCallBaiduApp = 1;B.comm.lsConf={lsSuportKey:&#039;lssp&#039;,lsVersionKey:&#039;lsv&#039;,lsPrefix:&#039;wise_se_&#039;};window.B = B;window.page = B;})();!function(e,a){function o(e,o,t,n){a.cookie=e+&quot;=&quot;+encodeURIComponent(o)+&quot;;domain=&quot;+t+&quot;;path=/;expires=&quot;+n.toGMTString()+&quot;;&quot;}function t(e,o){var t=a.head||a.getElementsByTagName(&quot;head&quot;)[0],n=a.createElement(&quot;script&quot;);n.dataset.version=o,n.appendChild(a.createTextNode(e)),t.appendChild(n)}function n(e,o){var t=a.head||a.getElementsByTagName(&quot;head&quot;)[0],n=a.createElement(&quot;style&quot;);n.type=&quot;text/css&quot;,n.rel=&quot;stylesheet&quot;,n.dataset.version=o,n.appendChild(a.createTextNode(e)),t.appendChild(n)}function i(){var t=new Date;o(c.lsVersionKey,&quot;&quot;,a.domain,t),o(c.lsVersionKey,&quot;&quot;,&quot;.baidu.com&quot;,t),o(c.lsVersionKey,&quot;&quot;,&quot;.m.baidu.com&quot;,t);var n=0;e.navigator.cookieEnabled&amp;amp;&amp;amp;(n=1);var i=e.location.hash.match(/src_(.*)[\||$]/);if(i)e.location.replace(&quot;/s?iscookie=1&amp;amp;word=&quot;+i[1]);else{var s=e.location.href.replace(/(\/s\?)/,&quot;/s?iscookie=&quot;+n+&quot;&amp;amp;&quot;);e.location.replace(s)}}function s(a,o){try{var s=e.localStorage,r=s.getItem(c.lsPrefix+a);if(r.length&amp;lt;=100)return void i();&quot;js&quot;==o?t(r,a):&quot;css&quot;==o&amp;amp;&amp;amp;n(r,a)}catch(l){i()}}var c={lsSuportKey:&quot;lssp&quot;,lsVersionKey:&quot;lsv&quot;,lsPrefix:&quot;wise_se_&quot;};if(page&amp;amp;&amp;amp;page.comm&amp;amp;&amp;amp;page.comm.lsConf){var c=page.comm.lsConf;e.excuteLSCode=s}}(window,document);;if(window.Zepto){window._Zepto=Zepto;}&lt;/script&gt;&lt;script type=&quot;text/javascript&quot; data-version=&quot;globalTjs_99d50e7&quot; data-key=&quot;globalTjs&quot; class=&quot;code-to-write&quot;&gt;!function(t){function n(){return e[i]=e[i]||t.apply(this,arguments),e[i]}window.B=window.B||{};var e=B.search=B.search||{},i=&quot;eventManager&quot;;n.apply(this,[])}(function(){function t(t,n){try{t.apply(this,n)}catch(e){window.console&amp;amp;&amp;amp;console.error&amp;amp;&amp;amp;console.error(e)}}function n(n,e,i,o){var a=this;a.hasEvent(n),&quot;pending&quot;==a.events[n].status&amp;amp;&amp;amp;(i&amp;amp;&amp;amp;(a.events[n].status=&quot;fulfilled&quot;),a.callbacks[n].forEach(function(n){(!n.execed||o)&amp;amp;&amp;amp;(n.execed=!0,n.func&amp;amp;&amp;amp;&quot;function&quot;==typeof n.func&amp;amp;&amp;amp;(n.immediate?t(n.func,e):setTimeout(function(){t(n.func,e)},0)))}),a.realize[n]&amp;amp;&amp;amp;a.trigger(a.realize[n]))}var e=function(){this.callbacks={},this.events={},this.realize={ready:&quot;afterready&quot;,load:&quot;afterload&quot;,destroy:&quot;afterdestroy&quot;}};return e.prototype.hasEvent=function(t){var n=this;return void 0===n.events[t]?(n.callbacks[t]=[],n.events[t]={status:&quot;pending&quot;},!1):!0},e.prototype.on=function(t,n,e,i){var o=this;o.hasEvent(t),o.callbacks[t].push({func:n,once:e||!1,immediate:i===!1?!1:!0}),&quot;fulfilled&quot;==o.events[t].status&amp;amp;&amp;amp;o.fire(t)},e.prototype.one=function(t,n,e){this.on(t,n,!0,e)},e.prototype.dispatch=function(t){n.call(this,t,arguments,!1,!0)},e.prototype.trigger=function(t){n.call(this,t,arguments,!0)},e.prototype.fire=function(n){var e=this;e.callbacks[n].forEach(function(n){n.execed||(n.execed=!0,n.func&amp;amp;&amp;amp;&quot;function&quot;==typeof n.func&amp;amp;&amp;amp;(n.immediate?t(n.func,e.arguments):setTimeout(function(){t(n.func,e.arguments)},0)))})},e.prototype.clone=function(){var t=this,n=new e;n.events=t.events;for(var i in n.events)n.events[i].status=&quot;pending&quot;;n.callbacks={};for(var o in t.callbacks)n.callbacks[o]=[],t.callbacks[o].forEach(function(t){t.once||n.callbacks[o].push({func:t.func,execed:!1,immediate:t.immediate})});return n},e}),!function(t){function n(){return e[i]=e[i]||t.apply(this,arguments),e[i]}window.B=window.B||{};var e=B.search=B.search||{},i=&quot;Search&quot;;n.apply(this,[])}(function(){function t(t){return function(){e[t].apply(e,arguments)}}var n=window.B||{},e=new n.search.eventManager,i={on:t(&quot;on&quot;),one:t(&quot;one&quot;),trigger:t(&quot;trigger&quot;),dispatch:t(&quot;dispatch&quot;),restoreEvent:function(){e=e.clone()}};if(n.on=i.on,n.one=i.one,n.onload=function(t){n.one(&quot;load&quot;,t,!1)},n.init=function(t){n.one(&quot;init&quot;,t)},n._fireReady=function(){i.trigger(&quot;ready&quot;)},n._fireInit=function(){i.trigger(&quot;init&quot;)},window.addEventListener(&quot;load&quot;,function(){i.trigger(&quot;load&quot;)},!1),document.addEventListener(&quot;DOMContentLoaded&quot;,function(){i.trigger(&quot;DOMContentLoaded&quot;)},!1),!window.__sam_async_super&amp;amp;&amp;amp;!window.__sam_async_index){var o=[{status:18,time:6e3},{status:17,time:12e3}];o.forEach(function(t){setTimeout(function(){var n=document.getElementsByClassName(&quot;result&quot;).length,e=document.getElementsByClassName(&quot;se-noresult-tips&quot;).length,i=document.getElementsByClassName(&quot;se-page-bd&quot;).length?1:0;if(!n&amp;amp;&amp;amp;!e){var o=new Date;o.setTime(o.getTime()+3e5),document.cookie=&quot;WISEWR=&quot;+t.status+&quot;_&quot;+i+&quot;;domain=.baidu.com;path=/;expires=&quot;+o.toGMTString()+&quot;;&quot;}},t.time)})}return i}),!function(){var t=window.A={};t.onload=B.onload,t.list=[],t.log={settings:{API_URL:&quot;//m.baidu.com/tc?&quot;,PARAMS:{tcreq4log:1,clk_type:1,vit:&quot;osres&quot;,l:1},sPARAMS:{}},send:function(t){var n=+new Date,e=&quot;WISE_ALADDIN_LOG_&quot;+n,i=window[e]=new Image;i.onload=i.onerror=i.onabort=function(){i.onload=i.onerror=i.onabort=null,i=null,window[e]=null},i.src=t},init:function(n,e){if(n)for(var i in n)t.log.settings.PARAMS[i]=n[i];if(e)for(var o in e)t.log.settings.sPARAMS[o]=e[o]},list:{}};var n=null;t._setContainer=function(t){Array.isArray(t)&amp;amp;&amp;amp;(t=t[0]),t&amp;amp;&amp;amp;t.tagName&amp;amp;&amp;amp;(n=t)};var e=function(){for(var t=document.getElementsByTagName(&quot;script&quot;),n=t[t.length-1];n&amp;amp;&amp;amp;n.getAttribute&amp;amp;&amp;amp;!n.getAttribute(&quot;srcid&quot;);)n=n.parentNode;return n&amp;amp;&amp;amp;n.getAttribute?n:document.body},i=!1;B.on(&quot;destroy&quot;,function(){i=!1,n=null,document.body.initIndex=0});var o=function(){var t;return i&amp;amp;&amp;amp;(n=e()),n||(t=e(),t&amp;amp;&amp;amp;(i=!0,n=t)),n};t._alaData=[];var a=function(t,n,e,i){var o;if(t.initIndex?o=i[i.length-1]:(o={container:t,data:{},handlers:[],index:i.length},t.initIndex=i.length+1,i.push(o)),&quot;function&quot;==typeof n)o.handlers.push(n);else if(&quot;object&quot;==typeof n)for(var a in n)n.hasOwnProperty(a)&amp;amp;&amp;amp;(o.data[a]=n[a]);else o[n]=e;return o},r=[];t._tmpAlaData=[],t.merge=function(e,i,o,s){var c=null;if(&quot;&quot;!=o&amp;amp;&amp;amp;(c=document.querySelector(&quot;[srcid=&#039;&quot;+i+&quot;&#039;][order=&#039;&quot;+o+&quot;&#039;]&quot;)),c||(c=document.querySelector(&quot;[srcid=&#039;&quot;+i+&quot;&#039;]&quot;)),Array.isArray(c)&amp;amp;&amp;amp;(c=c[0]),c&amp;amp;&amp;amp;c.tagName){n=c;var u=a(c,{},null,t._tmpAlaData);u.type=s,&quot;&quot;!==s&amp;amp;&amp;amp;(u.subData=[]),r.push(u),1===r.length?t._alaData.push(u):r[r.length-2].subData.push(u),e(),r.pop()}},t.init=t.setup=function(n,e){if(void 0!==n&amp;amp;&amp;amp;null!==n){if(t._initstart)return void(&quot;function&quot;==typeof n&amp;amp;&amp;amp;n.call({container:document.body,data:{},srcid:&quot;&quot;,log:&quot;&quot;}));var i=r.length;if(0===i){var s=o();if(!s)return;a(s,n,e,t._alaData)}else{var c=r[i-1];if(!c||!c.container)return;var u=null;u=1===i?t._alaData:r[i-2].subData,a(c.container,n,e,u)}}};var s=window.Sa={},c=null;s._setContainer=function(t){t&amp;amp;&amp;amp;t.tagName&amp;amp;&amp;amp;(c=t)};var u=function(){return c},d=[],l=function(n,e,i){var r=o();if(r){r.initIndex||a(r,{},null,t._alaData);var s=a(n,e,i,d);if(!s.hasAdded){var c=r.initIndex,u=t._alaData[c-1];!u.santaData&amp;amp;&amp;amp;(u.santaData=[]),u.santaData.push(s),s.hasAdded=!0}}};s.setup=function(t,n){if(t){var e=u();e&amp;amp;&amp;amp;l(e,t,n)}}}(),!function(){window.B=window.B||{};var t=function(t){var n=this;switch(n._point={},n._cost={},n._point.init=n.now(),n._host=&quot;//m.baidu.com/speed/static/tj.gif?&quot;,n.id=n._point.init,n.option=t||{},n.option.type){case&quot;feed_play&quot;:n.strategy={play:{type:&quot;time&quot;,point:&quot;play&quot;,send:!0}};break;case&quot;mip_play&quot;:n.strategy={play:{type:&quot;time&quot;,point:&quot;play&quot;,send:!0}};break;default:n.monitor=n.option.monitor||{fs:{type:&quot;img&quot;,selector:n.option.imgSelector,point:&quot;img&quot;}},n.strategy={net:{type:&quot;time&quot;,point:&quot;init&quot;},firstSc:{type:&quot;time&quot;,point:&quot;fs&quot;,send:!0},imgSc:{type:&quot;time&quot;,point:&quot;img&quot;,send:n.option.imgSelector?!0:!1}};var e=window.performance&amp;amp;&amp;amp;window.performance.timing&amp;amp;&amp;amp;window.performance.timing.navigationStart;e&amp;amp;&amp;amp;(n._point.st=e)}n._send=[];for(var i in n.strategy)n.strategy[i].send&amp;amp;&amp;amp;n._send.push(i)};t.prototype={p:function(t,n){this._point[t]=n||this.now(),this._check(t)},t:function(t,n){this._cost[t]=n,this._check()},b:function(t){this.p(t)},e:function(t){this.p(t+&quot;_end&quot;)},_deal:function(){},now:function(){return(new Date).getTime()},send:function(){var t=this;if(!t.sended){var n=Math.random();if(!(n&amp;gt;=.5&amp;amp;&amp;amp;.52&amp;gt;n))return void(t.sended=!0);var e=t._host+&quot;pagetype=vertical&amp;amp;type=&quot;+t.option.type;for(var i in t.strategy){var o=t.strategy[i];&quot;time&quot;==o.type&amp;amp;&amp;amp;t._point[o.point]&amp;amp;&amp;amp;t._point[o.begin||&quot;st&quot;]?t._cost[i]=t._point[o.point]-t._point[o.begin||&quot;st&quot;]:&quot;point&quot;==o.type&amp;amp;&amp;amp;t._point[o.point]&amp;amp;&amp;amp;(e+=&quot;&amp;amp;&quot;+i+&quot;=&quot;+t._point[o.point])}for(var a in t._cost)e+=&quot;&amp;amp;&quot;+a+&quot;=&quot;+t._cost[a];if(t.option.ext)for(var a in t.option.ext)e+=&quot;&amp;amp;&quot;+a+&quot;=&quot;+t.option.ext[a];t.sended=!0;var r=new Image;r.src=e,delete t}},_imgMonitor:function(t){function n(){a--,0==a&amp;amp;&amp;amp;(e.p(&quot;img&quot;),clearTimeout(s))}for(var e=this,i=document.querySelectorAll(t.selector),o=i.length,a=0,r=0;o&amp;gt;r;r++)i[r].spdId||i[r].complete||(i[r].spdId=e.id,i[r].addEventListener(&quot;load&quot;,n),i[r].addEventListener(&quot;error&quot;,n),a++);if(0==a)e.p(&quot;img&quot;);else var s=setTimeout(function(){e.p(&quot;img&quot;)},3e4)},_check:function(t){var n=this,e=t&amp;amp;&amp;amp;n.monitor&amp;amp;&amp;amp;n.monitor[t];if(e&amp;amp;&amp;amp;&quot;img&quot;==e.type&amp;amp;&amp;amp;e.selector&amp;amp;&amp;amp;n._imgMonitor(e),!this.checked){var i=0;for(var o in n._send){var a=n._send[o],r=n.strategy[a];r.done?i++:r.point&amp;amp;&amp;amp;n._point[r.point]?(r.done=!0,i++):r.end&amp;amp;&amp;amp;n._point[r.end+&quot;_end&quot;]?(r.done=!0,i++):n._cost[a]&amp;amp;&amp;amp;(r.done=!0,i++)}i==n._send.length&amp;amp;&amp;amp;(n.checked=!0,n.send())}}},window.SpeedLog=B.SpeedLog=t}(),!function(){document.addEventListener(&quot;touchstart&quot;,function(){page.comm=page.comm||{},page.comm.enableTotop=!1},!1)}();&lt;/script&gt;&lt;script type=&quot;text/javascript&quot; data-version=&quot;routejs_604d86b&quot; data-key=&quot;routejs&quot; class=&quot;code-to-write&quot;&gt;window.B=window.B||{},function(t){var a=function(){function a(t,a){m=&quot;virtual&quot;,b.routeStatus={action:&quot;push&quot;,type:&quot;virtual&quot;};var e=t;if(e)if(&quot;base&quot;==t){for(var r in y)d.remove(y[r]);d.set(t,a)}else d.set(t,a)}function e(){m=&quot;virtual&quot;,b.routeStatus={action:&quot;back&quot;,type:&quot;virtual&quot;},history.back()}function r(){}function n(t,a){var e={};&quot;function&quot;==typeof a&amp;amp;&amp;amp;(e.doActivity=a),&quot;object&quot;==typeof a&amp;amp;&amp;amp;(e.doActivity=a.do,e.beforeActivity=a.before,e.afterActivity=a.after,e.destroy=a.destroy,e.ready=a.ready),l.regist(t,e)}function o(t){l.remove(t)}function i(t){var a=t.match(/#(.*)$/),e=a?a[0]:&quot;&quot;;return 0===e.indexOf(&quot;#%7C&quot;)&amp;amp;&amp;amp;(e=e.replace(/%7C/,&quot;|&quot;)),e||&quot;&quot;}function u(t){var a,e,r=t.split(&quot;|&quot;),n={};for(var o in r)a=r[o],&quot;&quot;!=a&amp;amp;&amp;amp;(e=a.split(&quot;=&quot;),2==e.length&amp;amp;&amp;amp;(n[e[0]]=decodeURIComponent(e[1])));return n}function c(t,a,e,r){var n,o,i,u;r.forEach(function(t){var a=t.type;(&quot;removed&quot;==a||&quot;modified&quot;==a)&amp;amp;&amp;amp;(o=t.key,u=t.oldValue),(&quot;added&quot;==a||&quot;modified&quot;==a)&amp;amp;&amp;amp;(n=t.key,i=t.newValue)}),b.last={path:o||&quot;base&quot;,params:u},b.path=n||&quot;base&quot;,b.params=i,l.run(b.path,b).then(function(){m=&quot;natural&quot;,b.routeStatus={action:&quot;history&quot;,type:&quot;natural&quot;}}),h.path=b.path,h.params=b.params}function s(){require([&quot;sf/controller&quot;],function(t){l=t})}function p(){if((d=t.hash)&amp;amp;&amp;amp;v!==!0){d.on(&quot;change&quot;,c);var a=u(i(location.href)),e={last:{path:&quot;&quot;,params:&quot;&quot;},path:&quot;&quot;,params:&quot;&quot;};for(var r in a)e.params=a[r],e.path=r,l.run(r,e).then(function(){m=&quot;natural&quot;}),h.path=r,h.params=a[r];v=!0}}function f(){var t=u(i(location.href)),a=&quot;div.search-page,body div.se-page-hd&quot;;for(var e in t)if(&quot;act&quot;==e||&quot;base&quot;==e&amp;amp;&amp;amp;&quot;feed&quot;==t[e]){var r=document.createElement(&quot;style&quot;);r.id=&quot;activitystyle&quot;,r.innerHTML=a+&quot;{width:100%;position:absolute;top:-99999px;opacity:0;}&quot;,document.head.appendChild(r);break}}var d,l,h={},v=!1,y=[&quot;act&quot;],m=&quot;natural&quot;,b={last:{},path:&quot;&quot;,params:null,routeStatus:{action:&quot;history&quot;,type:&quot;natural&quot;}};return f(),{push:a,replace:r,on:n,init:s,start:p,back:e,current:h,remove:o}};t.route||(t.route=new a)}(B);&lt;/script&gt;&lt;script type=&quot;text/javascript&quot; data-version=&quot;activityControllerjs_815cbd9&quot; data-key=&quot;activityControllerjs&quot; class=&quot;code-to-write&quot;&gt;window.page=window.page||{},function(t){function a(){function a(){var t=location.href.match(/#(.*)$/),a=t?t[0]:&quot;&quot;;return 0===a.indexOf(&quot;#%7C&quot;)&amp;amp;&amp;amp;(a=a.replace(/%7C/,&quot;|&quot;)),a||&quot;&quot;}function e(t){t&amp;amp;&amp;amp;t.last&amp;amp;&amp;amp;&quot;base&quot;===t.last.path&amp;amp;&amp;amp;(v=pageYOffset)}function n(t){var a,e,n=t.last.params,r=t.params;return e=u(r),t.last.path===t.path&amp;amp;&amp;amp;(a=u(n)),i(e,a,!1,t)}function r(t){var a=u(t.params);i(a,null,!0,t)}function i(a,e,n,r){var i=[],s=$.Deferred();for(var c in arguments)arguments[c]&amp;amp;&amp;amp;t.amd.exist(arguments[c].name)&amp;amp;&amp;amp;i.push(arguments[c].name);return i.length&amp;gt;0&amp;amp;&amp;amp;(d={from:{path:r.last?r.last.path:null,params:r.last?u(r.last.params):null},to:{path:r.path,params:u(r.params)},status:r.routeStatus},require(i,function(t,r){var i=t===r;r||(r=t);var u={routeState:y,routeScope:d},c=new o;n?(a&amp;amp;&amp;amp;c.push(t.start,t,a.state,u),a&amp;amp;&amp;amp;c.push(t.resume,t,a.state,u)):i?(e&amp;amp;&amp;amp;c.push(r.destroy,r,e.state,u),a&amp;amp;&amp;amp;c.push(t.create,t,a.state,u)):(e&amp;amp;&amp;amp;c.push(r.stop,r,e.state,u),a&amp;amp;&amp;amp;c.push(t.create,t,a.state,u),e&amp;amp;&amp;amp;c.push(r.destroy,r,e.state,u)),c.push(function(){y=&quot;natural&quot;,d={}},this),c.excute(s)})),s}function o(){function t(t){return e=$.Deferred(),e.resolve(),$.each(n,function(){var t=this;e=e.then(function(){return t()})}),n=[],e.then(function(){t.resolve()})}function a(t,a){var e=2 in arguments&amp;amp;&amp;amp;Array.prototype.slice.call(arguments,2);&quot;function&quot;==typeof t&amp;amp;&amp;amp;n.push(function(){return t.apply(a,e?e:[])})}var e,n=[];return{push:a,excute:t}}function s(t){var a=t.last?u(t.last.params):null;i(null,a,!1,t)}function u(t){var a=/([^=]+)=?(.*)/,e=t?t.match(a):null;if(e&amp;amp;&amp;amp;e[1]){var n={};return n.name=e[1],n.state=e[2]?$.parseJSON(decodeURIComponent(e[2])):void 0,n}return!1}function c(a){y=&quot;virtual&quot;,a=a||{};a.silent===!0?!0:!1;if(a.activity)if(&quot;base&quot;===a.activity)t.route.push(&quot;base&quot;);else{var e=a.state;a.activity.indexOf(&quot;activity/&quot;)&amp;lt;0&amp;amp;&amp;amp;(a.activity=&quot;activity/&quot;+a.activity),e=e?a.activity+&quot;=&quot;+encodeURIComponent(JSON.stringify(a.state)):a.activity,t.route.push(&quot;act&quot;,e)}}function p(t){function e(){var a=t.state;a=a?t.activity+&quot;=&quot;+encodeURIComponent(JSON.stringify(t.state)):t.activity;var e=&quot;|act=&quot;+encodeURIComponent(a);return-1===location.href.indexOf(&quot;#&quot;)&amp;amp;&amp;amp;(e=&quot;#&quot;+e),e}function n(t){HASH.mute=!0,window.location.replace(t),setTimeout(function(){HASH.mute=!1},100)}t=t||{};t.silent===!0?!0:!1;if(t.activity){var r=a(),i=r.match(/(.*?)(\|act)\=(.*?)(%3D|$)(.*?)(\||$)(.*?)$/),o=actAfter=&quot;&quot;;if(null==i){if(&quot;base&quot;===t.activity)return;n(window.location.href+e())}else{var s=location.protocol+&quot;//&quot;+location.host+location.pathname+location.search;if(o=i[1],actAfter=i[6]+i[7],&quot;base&quot;===t.activity)s+=o+actAfter;else{if(e()===&quot;|act=&quot;+i[3]+&quot;%3D&quot;+i[5])return;s+=o+e()+actAfter}n(s)}}}function f(){(HASH=t.hash)&amp;amp;&amp;amp;h!==!0&amp;amp;&amp;amp;(t.route.init(),t.route.on(&quot;act&quot;,{before:e,&quot;do&quot;:n,ready:r,destroy:s}),t.route.on(&quot;base&quot;,{&quot;do&quot;:function(t){&quot;base&quot;==t.path&amp;amp;&amp;amp;&quot;feed&quot;!=t.params&amp;amp;&amp;amp;$(&quot;#activitystyle&quot;).remove()},ready:function(){&quot;undefined&quot;!=typeof v&amp;amp;&amp;amp;scrollTo(0,v)},destroy:function(){var t=$(&#039;&amp;lt;style id=&quot;activitystyle&quot;&amp;gt;div.search-page,div.se-page-hd{width:100%;position:absolute;top:-99999px;opacity:0;}&amp;lt;/style&amp;gt;&#039;);$(&quot;head&quot;).append(t)}}),t.route.start(),h=!0)}function l(){y=&quot;virtual&quot;,t.route.back()}var v,h=!1,y=&quot;natural&quot;,d={};return{start:f,pushState:c,replaceState:p,back:l}}t.activity||(t.activity=new a)}(page);&lt;/script&gt;&lt;style id=&quot;show_head&quot; class=&quot;se-show-head-style&quot; type=&quot;text/css&quot;&gt;body .se-page-hd {visibility: visible;}.result-loading {display:none;}&lt;/style&gt;&lt;style data-version=&quot;wwwBcss_9a09ac3&quot; class=&quot;code-to-write&quot; data-key=&quot;wwwBcss&quot; type=&quot;text/css&quot;&gt;.inapp-tuneup .inapp-btn-wrap{text-align:left;padding-top:6px;padding-bottom:3px}.inapp-tuneup .inapp-btn-wrap.resitem{padding-top:0;padding-bottom:13px}.inapp-tuneup .inapp-btn{display:inline-block;padding:0 10px;line-height:30px;height:30px;border:1px solid #B5D1FB;border-radius:3px;-webkit-border-radius:3px;background-color:#F2F7FF;color:#00c}.inapp-tuneup .inapp-btn .arr{display:inline-block;height:12px;width:12px;margin:0 6px 0 4px;background-image:url(data:image/png;base64,iVBORw0KGgoAAAANSUhEUgAAABkAAAAZCAYAAADE6YVjAAAArElEQVRIx2OwLr1/GIj/E4kZkDCxeg6TophcS/4PiCU2aAaRgtmAeBMxlpBrATMQryDWJ+RYwAjEc9HMaaa2JRPQzJiIHmeUWtKMpn8u1GdUs6QMTe8KaNwwUMuSLCD+h6RvEzR1MVDLElBwbETSsxeIObGoo9gnrEC8DIiPAzE3IfWUxAkzMRZQagnRmJaWUL1YGbVk1BLClthQyQJrSup4sjDdLDlMY0uOAABl1eMfjr1v5wAAAABJRU5ErkJggg==);background-size:12px 12px;-webkit-background-size:12px 12px;vertical-align:-2px}.inapp-tuneup .icon{width:12px;height:12px;margin:0 3px;vertical-align:-2px}.inapp-tuneup .other{color:#999;font-size:12px;margin-left:10px}.inapp-tuneup .title{color:#00c;font-size:17px;padding-bottom:4px;border-bottom:1px solid #F0F0F0;font-weight:400;padding:12px 10px 8px}.inapp-tuneup .wrap-title{margin:0 -10px}.inapp-tuneup .detail{color:#262626;font-size:14px;padding:9px 0 8px}#foot-blank{height:145px;display:none}.cross{position:absolute;top:0;left:-35px;width:35px;height:39px;bottom:0;display:none;background:url(//m.baidu.com/static/search/clear.png) no-repeat center;z-index:2;-webkit-background-size:16px;background-size:16px}.sug-visit{position:absolute;right:0;top:1px;bottom:1px;width:52px;z-index:1}.visit{padding:0 5px;line-height:18px;font-size:12px;right:7px;top:6px;color:#878787;position:absolute;border:1px solid #c8c8c8;border-radius:2px}.touched{background-color:#eef3fe!important}.suggest-div button{display:block;border:0;width:100%;height:100%;background:none transparent;-webkit-appearance:none;margin:0;font-size:16px;font-weight:700;line-height:22px;position:relative;text-align:left;color:#333;padding:6px 0 6px 5px;-webkit-box-sizing:border-box}.suggest-div .sug-his-graph{height:34px;line-height:20px}.sug-his-graph img{width:22px;height:22px;border:0;display:inline-block;vertical-align:middle}.sug-his-graph .sug-his-graph-kw{display:inline-block;vertical-align:middle}.sug-ent-btn .sug-ent-btn-tip{font-weight:400;font-size:12px;color:#aaa;line-height:14px;padding-top:3px}.suggest-div .direct button{padding:6px 5px}.sug-edit{position:absolute;right:0;top:0;bottom:0;width:52px;background:url(data:image/png;base64,iVBORw0KGgoAAAANSUhEUgAAABYAAAAWCAYAAADEtGw7AAAAAXNSR0IArs4c6QAAAARnQU1BAACxjwv8YQUAAAAgY0hSTQAAeiYAAICEAAD6AAAAgOgAAHUwAADqYAAAOpgAABdwnLpRPAAAAI5JREFUSEtjZCACLF261J6RkbELpPT///9l0dHRB4nQRlgJ0ODny5Yt+w/CIDZhHUSqgBkKo4nURljZqMHwMBohQQFK/ECvnkT3LgX8kyAzGZATPwWGgTMPSiYCGvyEWgYiGfyEAcjxoKaroWZ5EM52QBUjJLkRExajQUH7Qgg5E4HYxMQLUWpgmYiUxA8AOdLMz+iDKvIAAAAASUVORK5CYII=) no-repeat scroll center center #fff;background-size:11px 11px;-webkit-background-size:11px 11px;z-index:1}.sug-del{background-image:url(//m.baidu.com/static/search/sug_del.png)}.suggest-div{position:absolute;z-index:301;left:-1px;top:0;border:1px solid #b4b4b4;border-top:0;width:100%;background:#FFF;border-bottom-left-radius:2px;border-bottom-right-radius:2px;-webkit-border-bottom-left-radius:2px;-webkit-border-bottom-right-radius:2px;box-shadow:0 1px 3px rgba(0,0,0,.2);-webkit-box-shadow:0 1px 3px rgba(0,0,0,.2)}.suggest-close{position:absolute;right:0;bottom:0;text-align:center;color:#666;font-size:14px;line-height:35px;z-index:2;border-left:1px solid #c5c5c5;width:73px;-webkit-tap-highlight-color:rgba(0,0,0,0)}.suggest-close::after{border-left:1px solid #fff;position:absolute;top:0;bottom:0;left:0;content:&#039;&#039;}.his,.sug{font-size:16px;line-height:22px;border-bottom:1px solid #f0f0f0;color:#555;word-break:break-all;text-align:left;-webkit-tap-highlight-color:rgba(0,0,0,0);position:relative;padding-right:50px}.sug{color:#878787}.suggest-logo,.brand-bear:before{background:url(//m.baidu.com/static/search/sug_logo.png) no-repeat;position:relative;display:inline-block;content:&quot;&quot;;background-size:15px 15px;-webkit-background-size:15px 15px;width:15px;height:15px;top:2px;margin:0 4px 0 0}.suggest-logo{margin:7px 0 0 5px}.suggest-title{display:-webkit-box;height:34px;background:#f7f7f7;border-top:1px solid #d3d3d3;position:relative;top:-1px}.suggest-title .history-clear{color:#666;font-size:14px;line-height:34px;width:85px;height:34px;-webkit-tap-highlight-color:rgba(0,0,0,0)}.history-clear{border-right:1px solid #c5c5c5;padding:0 5px;position:relative}.history-clear::after{content:&#039;&#039;;border-right:1px solid #fff;position:absolute;right:0;top:0;bottom:0}.his em,.sug em{font-weight:400;font-style:normal;color:#878787}div.direct{height:50px;padding-right:0}.directIcon{position:relative;margin:0 10px 0 0;float:left;vertical-align:middle}.directText{position:relative}.directText p{overflow:hidden;text-overflow:ellipsis;white-space:nowrap}.directText .title{line-height:22px;font-size:16px;color:#333}.directText .info{font-size:12px;line-height:12px;color:#878787;margin:2px 0}.directText .pre{white-space:pre}.directText .num{font-size:20px}.directText .leftBorder{font-size:12px;margin-left:10px;padding-left:10px;color:#878787;border-left:1px solid #BFBFBF}.directIcon1{margin:0 0 0 -3px}.directIcon1 .icon{position:relative;width:42px;height:42px;top:-2px;background-image:none}.directIcon1 i{font-size:40px;line-height:40px}.directIcon1 .sicon-qing{color:#FFB845}.directIcon1 .sicon-yin,.directIcon1 .sicon-nightyin,.directIcon1 .sicon-xue,.directIcon1 .sicon-nightxue,.directIcon1 .sicon-leidian,.directIcon1 .sicon-nightleidian,.directIcon1 .sicon-yu,.directIcon1 .sicon-nightyu,.directIcon1 .sicon-wu,.directIcon1 .sicon-duoyun{color:#00B7FA}.directIcon1 .sicon-wumai,.directIcon1 .sicon-nightwumai,.directIcon1 .sicon-shachen,.directIcon1 .sicon-nightshachen{color:#BABABA}.directIcon1 .sicon-nightqing,.directIcon1 .sicon-nightduoyun,.directIcon1 .sicon-nightwu{color:#4176AD}.directIcon1 .sicon-yin:before,.directIcon1 .sicon-nightyin:before{content:&quot;\e600&quot;}.directIcon1 .sicon-wumai:before,.directIcon1 .sicon-nightwumai:before{content:&quot;\e637&quot;}.directIcon1 .sicon-leidian:before,.directIcon1 .sicon-nightleidian:before{content:&quot;\e601&quot;}.directIcon1 .sicon-qing:before{content:&quot;\e602&quot;}.directIcon1 .sicon-shachen:before,.directIcon1 .sicon-nightshachen:before{content:&quot;\e603&quot;}.directIcon1 .sicon-wu:before{content:&quot;\e604&quot;}.directIcon1 .sicon-xue:before,.directIcon1 .sicon-nightxue:before{content:&quot;\e605&quot;}.directIcon1 .sicon-duoyun:before{content:&quot;\e606&quot;}.directIcon1 .sicon-yu:before,.directIcon1 .sicon-nightyu:before{content:&quot;\e607&quot;}.directIcon1 .sicon-nightqing:before{content:&quot;\e62c&quot;}.directIcon1 .sicon-nightduoyun:before{content:&quot;\e62d&quot;}.directIcon1 .sicon-nightwu:before{content:&quot;\e62e&quot;}.directText1{margin-left:42px}.directText1 .title{font-size:16px}.directText1 .right{padding:0 5px;line-height:18px;font-size:12px;right:2px;top:10px;color:#878787;position:absolute;border:1px solid #c8c8c8;border-radius:2px}.directIcon2 .icon{position:relative;top:10px;width:16px;height:16px;background-image:none}.directText2{margin-left:25px}.directText2 .info{line-height:14px;color:green}.directIcon3 .icon{position:relative;width:36px;height:36px;top:1px;background-image:none}.directText3{top:1px;margin-left:46px}.directText3 .title span{position:relative;top:-2px;border:1px solid #6FA4EF;border-radius:2px;color:#fff;text-shadow:1px 1px 1px #4F7DBD;background-color:#6FA4EF;padding:0 2px;line-height:18px;font-size:12px;margin-left:5px}.sug.direct.d4{min-height:50px;height:100%}.directText4 .ball{position:relative;float:left;font-size:12px;text-align:center;width:18px;height:18px;line-height:18px;margin:2px 2px 2px 0;color:#fff;border-radius:9px}.directText4 .redball{background:#bd0005}.directText4 .blueball{background:#2e569b}div.direct.d8,div.direct.d9,div.direct.d10,div.direct.d14,div.direct.d15{height:35px}.directText15 em{font-size:12px}.directText15 a{margin-left:1px;background:url(//m.baidu.com/static/index/sugtel.png) no-repeat;background-color:#689AF1;background-size:18px 18px;border-radius:10px;color:#fff;padding:0 5px 0 24px;background-position:1px 1px;margin-right:10px;border:1px solid #689AF1;text-decoration:none}.touched{background-color:#eef3fe!important}.suggest-item-last{border-bottom:0}.animate{-webkit-animation:ChangeColor 300ms linear}@-webkit-keyframes ChangeColor{0%{background:#dae6ff}50%{background:#dae6ff}100%{background:transparent}}.suggest-div button.sugat{padding:6px 0 6px 10px}.suggest-div button.sugat div{position:relative;float:left;top:1px;height:20px;width:20px;margin-right:10px}.sugat img{width:20px;height:20px}.suggest-title .suggest-at{font-size:12px;color:#777;line-height:34px;margin-left:10px}.suggest-title .suggest-at:after{content:&quot;&quot;;position:relative;top:2px;left:6px;display:inline-block;width:10px;height:12px;background:url(//m.baidu.com/static/index/sug_at.png) no-repeat;-webkit-background-size:10px 12px;background-size:10px 12px}.suggest-panel.sug-oper{min-height:140px}.suggest-panel.sug-oper .suggest-content{border-right:1px solid #e4e4e4}.suggest-panel .suggest-oper{position:absolute;top:0;right:0;display:none;border-left:1px solid #e4e4e4}.suggest-panel.sug-oper .suggest-oper{display:block}.suggest-panel .sug-oper-btn{width:73px;height:70px;color:#777;font-size:11px;text-align:center;background:no-repeat center 13px;background-color:#fff;-webkit-background-size:24px 24px;background-size:24px 24px;padding-top:40px;-webkit-box-sizing:border-box;box-sizing:border-box;border-bottom:1px solid #f0f0f0}.suggest-panel .suggest-oper .suggest-oper-his{background-image:url(//m.baidu.com/static/index/sug-oper-his.png);border-bottom:1px solid #e2f0ff}.suggest-panel .suggest-oper.sug-active-his .suggest-oper-his{background-image:url(//m.baidu.com/static/index/sug-oper-his-active.png);background-color:#e2f0ff;color:#0078da}.suggest-panel .suggest-oper .suggest-oper-at{background-image:url(//m.baidu.com/static/index/sug-oper-at.png)}.suggest-panel .suggest-oper.sug-active-at .suggest-oper-at{background-image:url(//m.baidu.com/static/index/sug-oper-at-active.png);background-color:#e2f0ff;color:#0078da;border-bottom:1px solid #e2f0ff}.suggest-oper{display:none!important}.suggest-control{width:100%;height:100%;font-size:14px;-webkit-box-sizing:border-box;box-sizing:border-box;padding-right:63px}.suggest-control-more{position:relative;display:inline-block;color:#777;width:60%}.suggest-control-set{display:inline-block;color:#777;width:40%}.suggest-control-set .sicon-setting:before{position:relative;top:1px;content:&quot;\e628&quot;;font-size:18px;line-height:18px;color:#b1b1b1;margin-right:4px}.sicon-logo:before{position:relative;top:1px;color:#b1b1b1;content:&#039;\e681&#039;;font-size:18px;margin-right:4px}.suggest-control-more a,.suggest-control-more a:visited,.suggest-control-set a,.suggest-control-set a:visited{color:#777;padding:8px;line-height:35px}.suggest-control-more:after{content:&quot;&quot;;display:inline-block;position:absolute;right:0;border-left:1px solid #d4d4d4;height:18px;top:9px}.sug-searchicon{display:none}.se-ft-promlink{padding:0 .16rem}.se-ft-promlink .footerlinkout{padding:6px 0}.se-ft-promlink .footerlinkbar{display:block;text-align:left;font-size:14px;color:#262626;height:39px;line-height:39px;border:1px solid #e0e0e0;padding-left:10px;background:#f9f9f9;overflow:hidden}.se-ft-promlink .footerlinkbar .baiduico{position:relative;float:left;background:url(//m.baidu.com/static/search/bdsl.png) no-repeat;background-size:25px 25px;-webkit-background-size:25px 25px;width:25px;height:25px;margin:6px 6px 0 0}.se-ft-promlink .footerlinkbar .linkico{position:relative;float:right;background:url(data:image/png;base64,iVBORw0KGgoAAAANSUhEUgAAAAwAAAAQCAYAAAAiYZ4HAAAAGXRFWHRTb2Z0d2FyZQBBZG9iZSBJbWFnZVJlYWR5ccllPAAAAyRpVFh0WE1MOmNvbS5hZG9iZS54bXAAAAAAADw/eHBhY2tldCBiZWdpbj0i77u/IiBpZD0iVzVNME1wQ2VoaUh6cmVTek5UY3prYzlkIj8+IDx4OnhtcG1ldGEgeG1sbnM6eD0iYWRvYmU6bnM6bWV0YS8iIHg6eG1wdGs9IkFkb2JlIFhNUCBDb3JlIDUuMy1jMDExIDY2LjE0NTY2MSwgMjAxMi8wMi8wNi0xNDo1NjoyNyAgICAgICAgIj4gPHJkZjpSREYgeG1sbnM6cmRmPSJodHRwOi8vd3d3LnczLm9yZy8xOTk5LzAyLzIyLXJkZi1zeW50YXgtbnMjIj4gPHJkZjpEZXNjcmlwdGlvbiByZGY6YWJvdXQ9IiIgeG1sbnM6eG1wPSJodHRwOi8vbnMuYWRvYmUuY29tL3hhcC8xLjAvIiB4bWxuczp4bXBNTT0iaHR0cDovL25zLmFkb2JlLmNvbS94YXAvMS4wL21tLyIgeG1sbnM6c3RSZWY9Imh0dHA6Ly9ucy5hZG9iZS5jb20veGFwLzEuMC9zVHlwZS9SZXNvdXJjZVJlZiMiIHhtcDpDcmVhdG9yVG9vbD0iQWRvYmUgUGhvdG9zaG9wIENTNiAoTWFjaW50b3NoKSIgeG1wTU06SW5zdGFuY2VJRD0ieG1wLmlpZDpBMDQ1OEUzMjRGNTAxMUUzQkNCRkM1MTMyODZCNTM4RSIgeG1wTU06RG9jdW1lbnRJRD0ieG1wLmRpZDpBMDQ1OEUzMzRGNTAxMUUzQkNCRkM1MTMyODZCNTM4RSI+IDx4bXBNTTpEZXJpdmVkRnJvbSBzdFJlZjppbnN0YW5jZUlEPSJ4bXAuaWlkOkEwNDU4RTMwNEY1MDExRTNCQ0JGQzUxMzI4NkI1MzhFIiBzdFJlZjpkb2N1bWVudElEPSJ4bXAuZGlkOkEwNDU4RTMxNEY1MDExRTNCQ0JGQzUxMzI4NkI1MzhFIi8+IDwvcmRmOkRlc2NyaXB0aW9uPiA8L3JkZjpSREY+IDwveDp4bXBtZXRhPiA8P3hwYWNrZXQgZW5kPSJyIj8+AJ3vMQAAAORJREFUeNp8kjEKwkAQRceYIoWIFwh4g1Rp01gJOYVgES+gXkDUA2gR8BKxsEljm8q9gXoAwUpQgn9hgmOymw+vmE8+m52/HaVUTEQZ/fQEQ/AggxxwBDPh9cEFeLaA1h5shO+DM3BtAa0FOIg5BKfaN/8DNAW5mEcgbQuUYAwK4U3AyhbQeoMI3IW3BAmZLsV6gQDcQI+9Hbg61K5Pbe7aAh53MRCe7iozBVzuwBfelrtqXNrh3YfC093MbVtKefeVcu7G2MOad16p4E5KUyCRx3IHEXfS+OeYdyyfd8BdNPQVYABi4ikpkErplwAAAABJRU5ErkJggg==);background-size:6px 9px;-webkit-background-size:6px 8px;width:6px;height:8px;margin:15px 12px 0}.return-link{text-align:center;padding:0}.ft-span{padding:0 18px;color:#555;font-size:13px;line-height:33px;display:inline-block;overflow:hidden}.ft-span.login-bot{max-width:110px;text-overflow:ellipsis}.ft-span.brand-item:after{content:&#039;&#039;;display:inline-block;width:1px;background:#ccc;height:13px;left:18px;position:relative;top:2px}.ft-span:last-child:after{display:none}.login-bot .c-icon{position:relative;top:-1px}@media (max-width:359px){.ft-span.login-bot{display:block;margin:0 auto}.ft-span.feedback:after{display:none}}@media (max-width:214px){.ft-span.brand-item:after{display:none}}.se-copyright{padding:1px 0 14px;line-height:18px;font-size:13px;color:#aaa}.se-foot-logo .logo{background:url(//m.baidu.com/se/static/img/iphone/logo.png) no-repeat;width:130px;height:42px;background-size:130px 42px;-webkit-background-size:130px 42px;display:inline-block;margin:14px 0 0}.fankui-result-cover,.fankui-other-cover{position:absolute;top:0;left:0;right:0;bottom:0;z-index:305}.fankui-other-cover{background-color:rgba(255,255,255,.6)}.fankui-results-cover{z-index:150;background-color:rgba(76,76,76,.7)}.fankui-result-button{height:.36rem;width:.36rem;position:absolute;right:.2rem;bottom:.2rem;border-radius:.25rem;-webkit-border-radius:.25rem;background-color:#4794ff;color:#fff;font-size:.2rem}.fankui-title{margin-bottom:.18rem;margin-top:.08rem;text-align:left;font-size:.18rem;white-space:nowrap}.fankui-title-ala{margin-bottom:.1rem}.fankui-dialog{position:absolute;z-index:9999;width:100%;box-sizing:border-box;margin-top:0}.fankui-dialog .fankui-close{text-align:right}.fankui-dialog textarea{height:1.12rem;overflow:hidden;font-family:Arial,Helvetica,sans-serif;box-sizing:border-box;resize:none;padding:.09rem;margin-bottom:.12rem;margin-top:.14rem}.fankui-dialog .fankui-email{height:.38rem;padding:0 .09rem;margin-bottom:.12rem}.fankui-dialog .fankui-button{height:.54rem;margin-bottom:.12rem;float:right;font-size:.25rem;background-color:#ebebeb;color:#aaa;border-left:0;border:0}.fankui-dialog .fankui-preview-con{height:.54rem;display:none;top:0;right:0;position:absolute;background-repeat:no-repeat;background-position:center;background-size:cover;background-image:url(//m.baidu.com/se/static/img/iphone/preview_default.png)}.fankui-dialog .fankui-preview-img{height:.54rem;width:100%}.fankui-dialog .fankui-filename{height:.54rem;font-size:.14rem;color:#999;padding:0 .1rem;margin-bottom:.12rem;line-height:.54rem;text-align:left;margin-right:-.02rem;width:102%;border:1px solid #eee;border-right:0}.fankui-file,.fankui-frame{display:none}.fankui-dialog .fankui-submit{height:.38rem;color:#333}.fankui-select{height:.38rem!important;padding-left:.09rem!important}.fankui-result-con{position:absolute;top:0;left:0;right:0;bottom:0}.fankui-result-toast{width:1.51rem;height:.9rem;margin:auto;position:absolute;top:0;left:0;right:0;bottom:0;background:#333;border-radius:.06rem;z-index:1;padding-top:.18rem;box-sizing:border-box}.fankui-result-toast i{font-size:.3rem;color:#f60}.fankui-result-toast p{margin-top:.05rem;color:#fff}.fankui-header{position:fixed;top:0;height:.5rem;z-index:315;background:#333;color:#fff;width:100%}.fankui-header p{float:left;width:33%;height:.5rem;line-height:.5rem;text-align:left;padding-left:.15rem;box-sizing:border-box;font-size:.16rem;color:#fff}.fankui-header p.fankui-header-second{text-align:center;padding-left:0;padding-right:.2rem;font-size:.18rem}.fankui-header p.fankui-header-third{text-align:right;padding-right:.05rem}.fankui-header p.fankui-header-third i{margin-right:.04rem}.fankui-header-tip,.fankui-result-tip{height:38px;background-color:rgba(0,0,0,.76);color:#fff;box-sizing:border-box;font-size:.14rem}.fankui-header-tip span,.fankui-result-tip span{line-height:38px}.fankui-header-tip{width:3rem;z-index:310;margin-top:.15rem;right:.2rem;position:absolute;border-radius:.04rem 0 .04rem .04rem}.fankui-result-tip{width:2.2rem;border-radius:.04rem .04rem 0;position:absolute;right:75px;bottom:30px;padding-left:.15rem}.fankui-header-tip:before,.fankui-result-tip:before{content:&quot;&quot;;width:0;height:0;display:block;position:absolute;top:-8px;right:0;border:4px solid #3d3e40;border-color:transparent #3d3e40 #3d3e40 transparent}.fankui-result-tip:before{border-color:transparent transparent #3d3e40 #3d3e40;right:-8px;top:30px}.fankui-footer{margin-top:.18rem;font-size:.14rem}.fankui-footer{color:#999}.fankui-footer a,.fankui-footer a:visited{color:#666}.fankui-footer .fankui-other{text-align:left}.fankui-footer .fankui-mine{text-align:right}.fankui-footer-ala{margin-top:.08rem;margin-bottom:.06rem}.fankui-popup-mask{background:rgba(0,0,0,.7)!important;position:absolute;top:0;left:0;right:0;bottom:0;z-index:999}.fankui-dialog input,.fankui-dialog textarea{color:#333;font-size:.14rem}.fankui-dialog input:-moz-placeholder,.fankui-dialog textarea:-moz-placeholder{color:#999;font-size:.14rem}.fankui-dialog input::-moz-placeholder,.fankui-dialog textarea::-moz-placeholder{color:#999;font-size:.14rem}.fankui-dialog input:-ms-input-placeholder,.fankui-dialog textarea:-ms-input-placeholder{color:#999;font-size:.14rem}.fankui-dialog input::-webkit-input-placeholder,.fankui-dialog textarea::-webkit-input-placeholder{color:#999;font-size:.14rem}.fankui-radio{margin-top:.11rem;padding-bottom:.11rem;border-bottom:1px solid #eee}.fankui-radio-name{float:left;font-size:.14rem}.fankui-radio-icon{float:right;color:#38f;width:.16rem;height:.16rem;font-size:14px;border:1px solid #ddd;position:relative}.fankui-radio-icon i{display:none;font-size:.1rem;position:absolute;top:-.02rem;left:.025rem}.fankui-radio-container .fankui-radio:last-child{border:0!important;padding-bottom:0}@media only screen and (min-width:568px){.se-page-relative{display:none}.se-page-bd{position:relative;padding-right:32%}.se-page-rcol{-webkit-box-sizing:border-box;position:absolute;overflow:hidden;right:0;top:.1rem;margin-top:-1px;width:32%}.se-reword{text-align:left;margin-bottom:6px;background:#fff;border:1px solid #e0e0e0;margin-right:7px}.se-reword .rw-item{width:100%}.se-reword .rw-item:nth-child(2n):before{content:none}.se-reword .rw-title{font-size:17px;height:41px;line-height:45px;color:#262626;padding:0 10px;border-bottom:1px solid #f0f0f0}.se-reword .rw-list{padding:0 10px;font-size:14px}.se-reword .rw-item{position:relative;display:block;height:48px;line-height:48px;text-overflow:ellipsis;border-bottom:1px solid #f5f5f5;white-space:nowrap;overflow-x:hidden}.se-reword .rw-item:last-child{border-bottom:0}.se-reword .rw-title{background-image:url(//m.baidu.com/tc?tcreq4log=1&amp;amp;ct=22&amp;amp;cst=1)}}@media only screen and (max-width:567px){.se-relativewords{display:block;background-image:url(//m.baidu.com/tc?tcreq4log=1&amp;amp;ct=22&amp;amp;cst=2)}.se-page-rcol{display:none}}.call{-webkit-tap-highlight-color:rgba(0,0,0,0);display:inline-block;position:relative;height:38px;width:51px;top:0;background-color:#f0f0f0;border:1px solid #cdcdcd;text-align:center}.call:first-child{border-right:0}.callicon-wrap{position:absolute;top:0;left:-39px;width:39px;height:100%;z-index:10}.baiduapp-icon{width:39px;height:100%;text-align:left}.baiduappcall-wrap{position:absolute;width:108px;top:53px;left:-19px;height:40px;text-align:left;display:none}.open .baiduappcall-wrap{display:block}.focus .callicon-wrap{display:none}.call.active:before{content:&quot;&quot;;position:absolute;width:34px;height:34px;background-color:#dedede;top:2px;left:8px;z-index:1}.baiduapp-icon:after,.call:after{background:url(//m.baidu.com/static/index/promB/mmsicon.png) 1px 0 no-repeat;display:inline-block;content:&quot;&quot;;height:20px;margin-top:9px;background-size:33px 19px;overflow:hidden;width:14px}.call:after{position:relative;z-index:2}.qrcode:after{width:22px;background-position:-13px 0;margin-left:3px}.baiduapp-icon:after{margin:13px 0 0}.baiduapp-icon:before{content:&quot;&quot;;position:absolute;height:0;width:0;border:4px solid #fff;border-top-color:#717077;top:21px;right:12px}.open .baiduapp-icon:before{border-color:#fff;border-bottom-color:#717077;top:16px}.baiduappcall-wrap:after,.baiduappcall-wrap:before{content:&quot;&quot;;position:absolute;top:-3px;left:23px;-webkit-transform:rotate(45deg);border:1px solid #cdcdcd;height:4px;width:4px}.baiduappcall-wrap:after{border:0;top:-1px;left:22px;width:8px;height:8px;background-color:#f0f0f0}&lt;/style&gt;&lt;script type=&quot;text/javascript&quot; data-version=&quot;framejs_b0cb0f5&quot; data-key=&quot;framejs&quot; class=&quot;code-to-write&quot;&gt;var Zepto=function(){function t(t){return null==t?String(t):U[V.call(t)]||&quot;object&quot;}function e(e){return&quot;function&quot;==t(e)}function n(t){return null!=t&amp;amp;&amp;amp;t==t.window}function i(t){return null!=t&amp;amp;&amp;amp;t.nodeType==t.DOCUMENT_NODE}function r(e){return&quot;object&quot;==t(e)}function o(t){return r(t)&amp;amp;&amp;amp;!n(t)&amp;amp;&amp;amp;Object.getPrototypeOf(t)==Object.prototype}function a(t){return&quot;number&quot;==typeof t.length}function s(t){return N.call(t,function(t){return null!=t})}function u(t){return t.length&amp;gt;0?E.fn.concat.apply([],t):t}function c(t){return t.replace(/::/g,&quot;/&quot;).replace(/([A-Z]+)([A-Z][a-z])/g,&quot;$1_$2&quot;).replace(/([a-z\d])([A-Z])/g,&quot;$1_$2&quot;).replace(/_/g,&quot;-&quot;).toLowerCase()}function l(t){return t in A?A[t]:A[t]=new RegExp(&quot;(^|\\s)&quot;+t+&quot;(\\s|$)&quot;)}function f(t,e){return&quot;number&quot;!=typeof e||L[c(t)]?e:e+&quot;px&quot;}function h(t){var e,n;return k[t]||(e=M.createElement(t),M.body.appendChild(e),n=getComputedStyle(e,&quot;&quot;).getPropertyValue(&quot;display&quot;),e.parentNode.removeChild(e),&quot;none&quot;==n&amp;amp;&amp;amp;(n=&quot;block&quot;),k[t]=n),k[t]}function p(t){return&quot;children&quot;in t?O.call(t.children):E.map(t.childNodes,function(t){return 1==t.nodeType?t:void 0})}function d(t,e,n){for(T in e)n&amp;amp;&amp;amp;(o(e[T])||G(e[T]))?(o(e[T])&amp;amp;&amp;amp;!o(t[T])&amp;amp;&amp;amp;(t[T]={}),G(e[T])&amp;amp;&amp;amp;!G(t[T])&amp;amp;&amp;amp;(t[T]=[]),d(t[T],e[T],n)):e[T]!==x&amp;amp;&amp;amp;(t[T]=e[T])}function m(t,e){return null==e?E(t):E(t).filter(e)}function g(t,n,i,r){return e(n)?n.call(t,i,r):n}function v(t,e,n){null==n?t.removeAttribute(e):t.setAttribute(e,n)}function y(t,e){var n=t.className||&quot;&quot;,i=n&amp;amp;&amp;amp;n.baseVal!==x;return e===x?i?n.baseVal:n:void(i?n.baseVal=e:t.className=e)}function b(t){var e;try{return t?&quot;true&quot;==t||(&quot;false&quot;==t?!1:&quot;null&quot;==t?null:/^0/.test(t)||isNaN(e=Number(t))?/^[\[\{]/.test(t)?E.parseJSON(t):t:e):t}catch(n){return t}}function w(t,e){e(t);for(var n=0,i=t.childNodes.length;i&amp;gt;n;n++)w(t.childNodes[n],e)}var x,T,E,S,j,P,C=[],O=C.slice,N=C.filter,M=window.document,k={},A={},L={&quot;column-count&quot;:1,columns:1,&quot;font-weight&quot;:1,&quot;line-height&quot;:1,opacity:1,&quot;z-index&quot;:1,zoom:1},_=/^\s*&amp;lt;(\w+|!)[^&amp;gt;]*&amp;gt;/,D=/^&amp;lt;(\w+)\s*\/?&amp;gt;(?:&amp;lt;\/\1&amp;gt;|)$/,F=/&amp;lt;(?!area|br|col|embed|hr|img|input|link|meta|param)(([\w:]+)[^&amp;gt;]*)\/&amp;gt;/gi,Z=/^(?:body|html)$/i,$=/([A-Z])/g,R=[&quot;val&quot;,&quot;css&quot;,&quot;html&quot;,&quot;text&quot;,&quot;data&quot;,&quot;width&quot;,&quot;height&quot;,&quot;offset&quot;],z=[&quot;after&quot;,&quot;prepend&quot;,&quot;before&quot;,&quot;append&quot;],W=M.createElement(&quot;table&quot;),q=M.createElement(&quot;tr&quot;),I={tr:M.createElement(&quot;tbody&quot;),tbody:W,thead:W,tfoot:W,td:q,th:q,&quot;*&quot;:M.createElement(&quot;div&quot;)},B=/complete|loaded|interactive/,H=/^[\w-]*$/,U={},V=U.toString,X={},Y=M.createElement(&quot;div&quot;),J={tabindex:&quot;tabIndex&quot;,readonly:&quot;readOnly&quot;,&quot;for&quot;:&quot;htmlFor&quot;,&quot;class&quot;:&quot;className&quot;,maxlength:&quot;maxLength&quot;,cellspacing:&quot;cellSpacing&quot;,cellpadding:&quot;cellPadding&quot;,rowspan:&quot;rowSpan&quot;,colspan:&quot;colSpan&quot;,usemap:&quot;useMap&quot;,frameborder:&quot;frameBorder&quot;,contenteditable:&quot;contentEditable&quot;},G=Array.isArray||function(t){return t instanceof Array};return X.matches=function(t,e){if(!e||!t||1!==t.nodeType)return!1;var n=t.webkitMatchesSelector||t.mozMatchesSelector||t.oMatchesSelector||t.matchesSelector;if(n)return n.call(t,e);var i,r=t.parentNode,o=!r;return o&amp;amp;&amp;amp;(r=Y).appendChild(t),i=~X.qsa(r,e).indexOf(t),o&amp;amp;&amp;amp;Y.removeChild(t),i},j=function(t){return t.replace(/-+(.)?/g,function(t,e){return e?e.toUpperCase():&quot;&quot;})},P=function(t){return N.call(t,function(e,n){return t.indexOf(e)==n})},X.fragment=function(t,e,n){var i,r,a;return D.test(t)&amp;amp;&amp;amp;(i=E(M.createElement(RegExp.$1))),i||(t.replace&amp;amp;&amp;amp;(t=t.replace(F,&quot;&amp;lt;$1&amp;gt;&amp;lt;/$2&amp;gt;&quot;)),e===x&amp;amp;&amp;amp;(e=_.test(t)&amp;amp;&amp;amp;RegExp.$1),e in I||(e=&quot;*&quot;),a=I[e],a.innerHTML=&quot;&quot;+t,i=E.each(O.call(a.childNodes),function(){a.removeChild(this)})),o(n)&amp;amp;&amp;amp;(r=E(i),E.each(n,function(t,e){R.indexOf(t)&amp;gt;-1?r[t](e):r.attr(t,e)})),i},X.Z=function(t,e){return t=t||[],t.__proto__=E.fn,t.selector=e||&quot;&quot;,t},X.isZ=function(t){return t instanceof X.Z},X.init=function(t,n){var i;if(!t)return X.Z();if(&quot;string&quot;==typeof t)if(t=t.trim(),&quot;&amp;lt;&quot;==t[0]&amp;amp;&amp;amp;_.test(t))i=X.fragment(t,RegExp.$1,n),t=null;else{if(n!==x)return E(n).find(t);i=X.qsa(M,t)}else{if(e(t))return E(M).ready(t);if(X.isZ(t))return t;if(G(t))i=s(t);else if(r(t))i=[t],t=null;else if(_.test(t))i=X.fragment(t.trim(),RegExp.$1,n),t=null;else{if(n!==x)return E(n).find(t);i=X.qsa(M,t)}}return X.Z(i,t)},E=function(t,e){return X.init(t,e)},E.extend=function(t){var e,n=O.call(arguments,1);return&quot;boolean&quot;==typeof t&amp;amp;&amp;amp;(e=t,t=n.shift()),n.forEach(function(n){d(t,n,e)}),t},X.qsa=function(t,e){var n,r=&quot;#&quot;==e[0],o=!r&amp;amp;&amp;amp;&quot;.&quot;==e[0],a=r||o?e.slice(1):e,s=H.test(a);return i(t)&amp;amp;&amp;amp;s&amp;amp;&amp;amp;r?(n=t.getElementById(a))?[n]:[]:1!==t.nodeType&amp;amp;&amp;amp;9!==t.nodeType?[]:O.call(s&amp;amp;&amp;amp;!r?o?t.getElementsByClassName(a):t.getElementsByTagName(e):t.querySelectorAll(e))},E.contains=M.documentElement.contains?function(t,e){return t!==e&amp;amp;&amp;amp;t.contains(e)}:function(t,e){for(;e&amp;amp;&amp;amp;(e=e.parentNode);)if(e===t)return!0;return!1},E.type=t,E.isFunction=e,E.isWindow=n,E.isArray=G,E.isPlainObject=o,E.isEmptyObject=function(t){var e;for(e in t)return!1;return!0},E.inArray=function(t,e,n){return C.indexOf.call(e,t,n)},E.camelCase=j,E.trim=function(t){return null==t?&quot;&quot;:String.prototype.trim.call(t)},E.uuid=0,E.support={},E.expr={},E.map=function(t,e){var n,i,r,o=[];if(a(t))for(i=0;i&amp;lt;t.length;i++)n=e(t[i],i),null!=n&amp;amp;&amp;amp;o.push(n);else for(r in t)n=e(t[r],r),null!=n&amp;amp;&amp;amp;o.push(n);return u(o)},E.each=function(t,e){var n,i;if(a(t)){for(n=0;n&amp;lt;t.length;n++)if(e.call(t[n],n,t[n])===!1)return t}else for(i in t)if(e.call(t[i],i,t[i])===!1)return t;return t},E.grep=function(t,e){return N.call(t,e)},window.JSON&amp;amp;&amp;amp;(E.parseJSON=JSON.parse),E.each(&quot;Boolean Number String Function Array Date RegExp Object Error&quot;.split(&quot; &quot;),function(t,e){U[&quot;[object &quot;+e+&quot;]&quot;]=e.toLowerCase()}),E.fn={forEach:C.forEach,reduce:C.reduce,push:C.push,sort:C.sort,indexOf:C.indexOf,concat:C.concat,map:function(t){return E(E.map(this,function(e,n){return t.call(e,n,e)}))},slice:function(){return E(O.apply(this,arguments))},ready:function(t){return B.test(M.readyState)&amp;amp;&amp;amp;M.body?t(E):M.addEventListener(&quot;DOMContentLoaded&quot;,function(){t(E)},!1),this},get:function(t){return t===x?O.call(this):this[t&amp;gt;=0?t:t+this.length]},toArray:function(){return this.get()},size:function(){return this.length},remove:function(){return this.each(function(){null!=this.parentNode&amp;amp;&amp;amp;this.parentNode.removeChild(this)})},each:function(t){return C.every.call(this,function(e,n){return t.call(e,n,e)!==!1}),this},filter:function(t){return e(t)?this.not(this.not(t)):E(N.call(this,function(e){return X.matches(e,t)}))},add:function(t,e){return E(P(this.concat(E(t,e))))},is:function(t){return this.length&amp;gt;0&amp;amp;&amp;amp;X.matches(this[0],t)},not:function(t){var n=[];if(e(t)&amp;amp;&amp;amp;t.call!==x)this.each(function(e){t.call(this,e)||n.push(this)});else{var i=&quot;string&quot;==typeof t?this.filter(t):a(t)&amp;amp;&amp;amp;e(t.item)?O.call(t):E(t);this.forEach(function(t){i.indexOf(t)&amp;lt;0&amp;amp;&amp;amp;n.push(t)})}return E(n)},has:function(t){return this.filter(function(){return r(t)?E.contains(this,t):E(this).find(t).size()})},eq:function(t){return-1===t?this.slice(t):this.slice(t,+t+1)},first:function(){var t=this[0];return t&amp;amp;&amp;amp;!r(t)?t:E(t)},last:function(){var t=this[this.length-1];return t&amp;amp;&amp;amp;!r(t)?t:E(t)},find:function(t){var e,n=this;return e=t?&quot;object&quot;==typeof t?E(t).filter(function(){var t=this;return C.some.call(n,function(e){return E.contains(e,t)})}):1==this.length?E(X.qsa(this[0],t)):this.map(function(){return X.qsa(this,t)}):[]},closest:function(t,e){var n=this[0],r=!1;for(&quot;object&quot;==typeof t&amp;amp;&amp;amp;(r=E(t));n&amp;amp;&amp;amp;!(r?r.indexOf(n)&amp;gt;=0:X.matches(n,t));)n=n!==e&amp;amp;&amp;amp;!i(n)&amp;amp;&amp;amp;n.parentNode;return E(n)},parents:function(t){for(var e=[],n=this;n.length&amp;gt;0;)n=E.map(n,function(t){return(t=t.parentNode)&amp;amp;&amp;amp;!i(t)&amp;amp;&amp;amp;e.indexOf(t)&amp;lt;0?(e.push(t),t):void 0});return m(e,t)},parent:function(t){return m(P(this.pluck(&quot;parentNode&quot;)),t)},children:function(t){return m(this.map(function(){return p(this)}),t)},contents:function(){return this.map(function(){return O.call(this.childNodes)})},siblings:function(t){return m(this.map(function(t,e){return N.call(p(e.parentNode),function(t){return t!==e})}),t)},empty:function(){return this.each(function(){this.innerHTML=&quot;&quot;})},pluck:function(t){return E.map(this,function(e){return e[t]})},show:function(){return this.each(function(){&quot;none&quot;==this.style.display&amp;amp;&amp;amp;(this.style.display=&quot;&quot;),&quot;none&quot;==getComputedStyle(this,&quot;&quot;).getPropertyValue(&quot;display&quot;)&amp;amp;&amp;amp;(this.style.display=h(this.nodeName))})},replaceWith:function(t){return this.before(t).remove()},wrap:function(t){var n=e(t);if(this[0]&amp;amp;&amp;amp;!n)var i=E(t).get(0),r=i.parentNode||this.length&amp;gt;1;return this.each(function(e){E(this).wrapAll(n?t.call(this,e):r?i.cloneNode(!0):i)})},wrapAll:function(t){if(this[0]){E(this[0]).before(t=E(t));for(var e;(e=t.children()).length;)t=e.first();E(t).append(this)}return this},wrapInner:function(t){var n=e(t);return this.each(function(e){var i=E(this),r=i.contents(),o=n?t.call(this,e):t;r.length?r.wrapAll(o):i.append(o)})},unwrap:function(){return this.parent().each(function(){E(this).replaceWith(E(this).children())}),this},clone:function(){return this.map(function(){return this.cloneNode(!0)})},hide:function(){return this.css(&quot;display&quot;,&quot;none&quot;)},toggle:function(t){return this.each(function(){var e=E(this);(t===x?&quot;none&quot;==e.css(&quot;display&quot;):t)?e.show():e.hide()})},prev:function(t){return E(this.pluck(&quot;previousElementSibling&quot;)).filter(t||&quot;*&quot;)},next:function(t){return E(this.pluck(&quot;nextElementSibling&quot;)).filter(t||&quot;*&quot;)},html:function(t){return 0 in arguments?this.each(function(e){var n=this.innerHTML;E(this).empty().append(g(this,t,e,n))}):0 in this?this[0].innerHTML:null},text:function(t){return 0 in arguments?this.each(function(e){var n=g(this,t,e,this.textContent);this.textContent=null==n?&quot;&quot;:&quot;&quot;+n}):0 in this?this[0].textContent:null},attr:function(t,e){var n;return&quot;string&quot;!=typeof t||1 in arguments?this.each(function(n){if(1===this.nodeType)if(r(t))for(T in t)v(this,T,t[T]);else v(this,t,g(this,e,n,this.getAttribute(t)))}):this.length&amp;amp;&amp;amp;1===this[0].nodeType?!(n=this[0].getAttribute(t))&amp;amp;&amp;amp;t in this[0]?this[0][t]:n:x},removeAttr:function(t){return this.each(function(){1===this.nodeType&amp;amp;&amp;amp;v(this,t)})},prop:function(t,e){return t=J[t]||t,1 in arguments?this.each(function(n){this[t]=g(this,e,n,this[t])}):this[0]&amp;amp;&amp;amp;this[0][t]},data:function(t,e){var n=&quot;data-&quot;+t.replace($,&quot;-$1&quot;).toLowerCase(),i=1 in arguments?this.attr(n,e):this.attr(n);return null!==i?b(i):x},val:function(t){return 0 in arguments?this.each(function(e){this.value=g(this,t,e,this.value)}):this[0]&amp;amp;&amp;amp;(this[0].multiple?E(this[0]).find(&quot;option&quot;).filter(function(){return this.selected}).pluck(&quot;value&quot;):this[0].value)},offset:function(t){if(t)return this.each(function(e){var n=E(this),i=g(this,t,e,n.offset()),r=n.offsetParent().offset(),o={top:i.top-r.top,left:i.left-r.left};&quot;static&quot;==n.css(&quot;position&quot;)&amp;amp;&amp;amp;(o.position=&quot;relative&quot;),n.css(o)});if(!this.length)return null;var e=this[0].getBoundingClientRect();return{left:e.left+window.pageXOffset,top:e.top+window.pageYOffset,width:Math.round(e.width),height:Math.round(e.height)}},css:function(e,n){if(arguments.length&amp;lt;2){var i=this[0],r=getComputedStyle(i,&quot;&quot;);if(!i)return;if(&quot;string&quot;==typeof e)return i.style[j(e)]||r.getPropertyValue(e);if(G(e)){var o={};return E.each(e,function(t,e){o[e]=i.style[j(e)]||r.getPropertyValue(e)}),o}}var a=&quot;&quot;;if(&quot;string&quot;==t(e))n||0===n?a=c(e)+&quot;:&quot;+f(e,n):this.each(function(){this.style.removeProperty(c(e))});else for(T in e)e[T]||0===e[T]?a+=c(T)+&quot;:&quot;+f(T,e[T])+&quot;;&quot;:this.each(function(){this.style.removeProperty(c(T))});return this.each(function(){this.style.cssText+=&quot;;&quot;+a})},index:function(t){return t?this.indexOf(E(t)[0]):this.parent().children().indexOf(this[0])},hasClass:function(t){return t?C.some.call(this,function(t){return this.test(y(t))},l(t)):!1},addClass:function(t){return t?this.each(function(e){if(&quot;className&quot;in this){S=[];var n=y(this),i=g(this,t,e,n);i.split(/\s+/g).forEach(function(t){E(this).hasClass(t)||S.push(t)},this),S.length&amp;amp;&amp;amp;y(this,n+(n?&quot; &quot;:&quot;&quot;)+S.join(&quot; &quot;))}}):this},removeClass:function(t){return this.each(function(e){if(&quot;className&quot;in this){if(t===x)return y(this,&quot;&quot;);S=y(this),g(this,t,e,S).split(/\s+/g).forEach(function(t){S=S.replace(l(t),&quot; &quot;)}),y(this,S.trim())}})},toggleClass:function(t,e){return t?this.each(function(n){var i=E(this),r=g(this,t,n,y(this));r.split(/\s+/g).forEach(function(t){(e===x?!i.hasClass(t):e)?i.addClass(t):i.removeClass(t)})}):this},scrollTop:function(t){if(this.length){var e=&quot;scrollTop&quot;in this[0];return t===x?e?this[0].scrollTop:this[0].pageYOffset:this.each(e?function(){this.scrollTop=t}:function(){this.scrollTo(this.scrollX,t)})}},scrollLeft:function(t){if(this.length){var e=&quot;scrollLeft&quot;in this[0];return t===x?e?this[0].scrollLeft:this[0].pageXOffset:this.each(e?function(){this.scrollLeft=t}:function(){this.scrollTo(t,this.scrollY)})}},position:function(){if(this.length){var t=this[0],e=this.offsetParent(),n=this.offset(),i=Z.test(e[0].nodeName)?{top:0,left:0}:e.offset();return n.top-=parseFloat(E(t).css(&quot;margin-top&quot;))||0,n.left-=parseFloat(E(t).css(&quot;margin-left&quot;))||0,i.top+=parseFloat(E(e[0]).css(&quot;border-top-width&quot;))||0,i.left+=parseFloat(E(e[0]).css(&quot;border-left-width&quot;))||0,{top:n.top-i.top,left:n.left-i.left}}},offsetParent:function(){return this.map(function(){for(var t=this.offsetParent||M.body;t&amp;amp;&amp;amp;!Z.test(t.nodeName)&amp;amp;&amp;amp;&quot;static&quot;==E(t).css(&quot;position&quot;);)t=t.offsetParent;return t})}},E.fn.detach=E.fn.remove,[&quot;width&quot;,&quot;height&quot;].forEach(function(t){var e=t.replace(/./,function(t){return t[0].toUpperCase()});E.fn[t]=function(r){var o,a=this[0];return r===x?n(a)?a[&quot;inner&quot;+e]:i(a)?a.documentElement[&quot;scroll&quot;+e]:(o=this.offset())&amp;amp;&amp;amp;o[t]:this.each(function(e){a=E(this),a.css(t,g(this,r,e,a[t]()))})}}),z.forEach(function(e,n){var i=n%2;E.fn[e]=function(){var e,r,o=E.map(arguments,function(n){return e=t(n),&quot;object&quot;==e||&quot;array&quot;==e||null==n?n:X.fragment(n)}),a=this.length&amp;gt;1;return o.length&amp;lt;1?this:this.each(function(t,e){r=i?e:e.parentNode,e=0==n?e.nextSibling:1==n?e.firstChild:2==n?e:null;var s=E.contains(M.documentElement,r);o.forEach(function(t){if(a)t=t.cloneNode(!0);else if(!r)return E(t).remove();r.insertBefore(t,e),s&amp;amp;&amp;amp;w(t,function(t){null==t.nodeName||&quot;SCRIPT&quot;!==t.nodeName.toUpperCase()||t.type&amp;amp;&amp;amp;&quot;text/javascript&quot;!==t.type||t.src||window.eval.call(window,t.innerHTML)})})})},E.fn[i?e+&quot;To&quot;:&quot;insert&quot;+(n?&quot;Before&quot;:&quot;After&quot;)]=function(t){return E(t)[e](this),this}}),X.Z.prototype=E.fn,X.uniq=P,X.deserializeValue=b,E.zepto=X,E}();window.$=window.Zepto=Zepto,function(t){function e(t){return t._zid||(t._zid=h++)}function n(t,n,o,a){if(n=i(n),n.ns)var s=r(n.ns);return(g[e(t)]||[]).filter(function(t){return!(!t||n.e&amp;amp;&amp;amp;t.e!=n.e||n.ns&amp;amp;&amp;amp;!s.test(t.ns)||o&amp;amp;&amp;amp;e(t.fn)!==e(o)||a&amp;amp;&amp;amp;t.sel!=a)})}function i(t){var e=(&quot;&quot;+t).split(&quot;.&quot;);return{e:e[0],ns:e.slice(1).sort().join(&quot; &quot;)}}function r(t){return new RegExp(&quot;(?:^| )&quot;+t.replace(&quot; &quot;,&quot; .* ?&quot;)+&quot;(?: |$)&quot;)}function o(t,e){return t.del&amp;amp;&amp;amp;!y&amp;amp;&amp;amp;t.e in b||!!e}function a(t){return w[t]||y&amp;amp;&amp;amp;b[t]||t}function s(n,r,s,u,l,h,p){var d=e(n),m=g[d]||(g[d]=[]);r.split(/\s/).forEach(function(e){if(&quot;ready&quot;==e)return t(document).ready(s);var r=i(e);r.fn=s,r.sel=l,r.e in w&amp;amp;&amp;amp;(s=function(e){var n=e.relatedTarget;return!n||n!==this&amp;amp;&amp;amp;!t.contains(this,n)?r.fn.apply(this,arguments):void 0}),r.del=h;var d=h||s;r.proxy=function(e){if(e=c(e),!e.isImmediatePropagationStopped()){e._data=u,e.data=t.extend({},u,e._args);var i=d.apply(n,e._args==f?[e]:[e].concat(e._args));return i===!1&amp;amp;&amp;amp;(e.preventDefault(),e.stopPropagation()),i}},r.i=m.length,m.push(r),&quot;addEventListener&quot;in n&amp;amp;&amp;amp;n.addEventListener(a(r.e),r.proxy,o(r,p))})}function u(t,i,r,s,u){var c=e(t);(i||&quot;&quot;).split(/\s/).forEach(function(e){n(t,e,r,s).forEach(function(e){delete g[c][e.i],&quot;removeEventListener&quot;in t&amp;amp;&amp;amp;t.removeEventListener(a(e.e),e.proxy,o(e,u))})})}function c(e,n){return(n||!e.isDefaultPrevented)&amp;amp;&amp;amp;(n||(n=e),t.each(S,function(t,i){var r=n[t];e[t]=function(){return this[i]=x,r&amp;amp;&amp;amp;r.apply(n,arguments)},e[i]=T}),(n.defaultPrevented!==f?n.defaultPrevented:&quot;returnValue&quot;in n?n.returnValue===!1:n.getPreventDefault&amp;amp;&amp;amp;n.getPreventDefault())&amp;amp;&amp;amp;(e.isDefaultPrevented=x)),e}function l(t){var e,n={originalEvent:t};for(e in t)E.test(e)||t[e]===f||(n[e]=t[e]);return c(n,t)}var f,h=1,p=Array.prototype.slice,d=t.isFunction,m=function(t){return&quot;string&quot;==typeof t},g={},v={},y=&quot;onfocusin&quot;in window,b={focus:&quot;focusin&quot;,blur:&quot;focusout&quot;},w={mouseenter:&quot;mouseover&quot;,mouseleave:&quot;mouseout&quot;};v.click=v.mousedown=v.mouseup=v.mousemove=&quot;MouseEvents&quot;,t.event={add:s,remove:u},t.proxy=function(n,i){var r=2 in arguments&amp;amp;&amp;amp;p.call(arguments,2);if(d(n)){var o=function(){return n.apply(i,r?r.concat(p.call(arguments)):arguments)};return o._zid=e(n),o}if(m(i))return r?(r.unshift(n[i],n),t.proxy.apply(null,r)):t.proxy(n[i],n);throw new TypeError(&quot;expected function&quot;)},t.fn.bind=function(t,e,n){return this.on(t,e,n)},t.fn.unbind=function(t,e){return this.off(t,e)},t.fn.one=function(t,e,n,i){return this.on(t,e,n,i,1)};var x=function(){return!0},T=function(){return!1},E=/^([A-Z]|returnValue$|layer[XY]$)/,S={preventDefault:&quot;isDefaultPrevented&quot;,stopImmediatePropagation:&quot;isImmediatePropagationStopped&quot;,stopPropagation:&quot;isPropagationStopped&quot;};t.fn.delegate=function(t,e,n){return this.on(e,t,n)},t.fn.undelegate=function(t,e,n){return this.off(e,t,n)},t.fn.live=function(e,n){return t(document.body).delegate(this.selector,e,n),this},t.fn.die=function(e,n){return t(document.body).undelegate(this.selector,e,n),this},t.fn.on=function(e,n,i,r,o){var a,c,h=this;return e&amp;amp;&amp;amp;!m(e)?(t.each(e,function(t,e){h.on(t,n,i,e,o)}),h):(m(n)||d(r)||r===!1||(r=i,i=n,n=f),(d(i)||i===!1)&amp;amp;&amp;amp;(r=i,i=f),r===!1&amp;amp;&amp;amp;(r=T),h.each(function(f,h){o&amp;amp;&amp;amp;(a=function(t){return u(h,t.type,r),r.apply(this,arguments)}),n&amp;amp;&amp;amp;(c=function(e){var i,o=t(e.target).closest(n,h).get(0);return o&amp;amp;&amp;amp;o!==h?(i=t.extend(l(e),{currentTarget:o,liveFired:h}),(a||r).apply(o,[i].concat(p.call(arguments,1)))):void 0}),s(h,e,r,i,n,c||a)}))},t.fn.off=function(e,n,i){var r=this;return e&amp;amp;&amp;amp;!m(e)?(t.each(e,function(t,e){r.off(t,n,e)}),r):(m(n)||d(i)||i===!1||(i=n,n=f),i===!1&amp;amp;&amp;amp;(i=T),r.each(function(){u(this,e,i,n)}))},t.fn.trigger=function(e,n){return e=m(e)||t.isPlainObject(e)?t.Event(e):c(e),e._args=n,e.data=n,e.forwardedTouchEvent=!0,this.each(function(){&quot;dispatchEvent&quot;in this?this.dispatchEvent(e):t(this).triggerHandler(e,n)})},t.fn.triggerHandler=function(e,i){var r,o;return this.each(function(a,s){r=l(m(e)?t.Event(e):e),r._args=i,r.data=i,r.target=s,t.each(n(s,e.type||e),function(t,e){return o=e.proxy(r),r.isImmediatePropagationStopped()?!1:void 0})}),o},&quot;focusin focusout load resize scroll unload click dblclick mousedown mouseup mousemove mouseover mouseout mouseenter mouseleave change select keydown keypress keyup error&quot;.split(&quot; &quot;).forEach(function(e){t.fn[e]=function(t){return t?this.bind(e,t):this.trigger(e)}}),[&quot;focus&quot;,&quot;blur&quot;].forEach(function(e){t.fn[e]=function(t){return t?this.bind(e,t):this.each(function(){try{this[e]()}catch(t){}}),this}}),t.Event=function(t,e){m(t)||(e=t,t=e.type);var n=document.createEvent(v[t]||&quot;Events&quot;),i=!0;if(e)for(var r in e)&quot;bubbles&quot;==r?i=!!e[r]:n[r]=e[r];return n.initEvent(t,i,!0),c(n)}}(Zepto),function(t){function e(e,n,i){var r=t.Event(n);return t(e).trigger(r,i),!r.isDefaultPrevented()}function n(t,n,i,r){return t.global?e(n||y,i,r):void 0}function i(e){e.global&amp;amp;&amp;amp;0===t.active++&amp;amp;&amp;amp;n(e,null,&quot;ajaxStart&quot;)}function r(e){e.global&amp;amp;&amp;amp;!--t.active&amp;amp;&amp;amp;n(e,null,&quot;ajaxStop&quot;)}function o(t,e){var i=e.context;return e.beforeSend.call(i,t,e)===!1||n(e,i,&quot;ajaxBeforeSend&quot;,[t,e])===!1?!1:void n(e,i,&quot;ajaxSend&quot;,[t,e])}function a(t,e,i,r){var o=i.context,a=&quot;success&quot;;i.success.call(o,t,a,e),r&amp;amp;&amp;amp;r.resolveWith(o,[t,a,e]),n(i,o,&quot;ajaxSuccess&quot;,[e,i,t]),u(a,e,i)}function s(t,e,i,r,o){var a=r.context;r.error.call(a,i,e,t),o&amp;amp;&amp;amp;o.rejectWith(a,[i,e,t]),n(r,a,&quot;ajaxError&quot;,[i,r,t||e]),u(e,i,r)}function u(t,e,i){var o=i.context;i.complete.call(o,e,t),n(i,o,&quot;ajaxComplete&quot;,[e,i]),r(i)}function c(){}function l(t){return t&amp;amp;&amp;amp;(t=t.split(&quot;;&quot;,2)[0]),t&amp;amp;&amp;amp;(t==E?&quot;html&quot;:t==T?&quot;json&quot;:w.test(t)?&quot;script&quot;:x.test(t)&amp;amp;&amp;amp;&quot;xml&quot;)||&quot;text&quot;}function f(t,e){return&quot;&quot;==e?t:(t+&quot;&amp;amp;&quot;+e).replace(/[&amp;amp;?]{1,2}/,&quot;?&quot;)}function h(e){e.processData&amp;amp;&amp;amp;e.data&amp;amp;&amp;amp;&quot;string&quot;!=t.type(e.data)&amp;amp;&amp;amp;(e.data=t.param(e.data,e.traditional)),!e.data||e.type&amp;amp;&amp;amp;&quot;GET&quot;!=e.type.toUpperCase()||(e.url=f(e.url,e.data),e.data=void 0)}function p(e,n,i,r){return t.isFunction(n)&amp;amp;&amp;amp;(r=i,i=n,n=void 0),t.isFunction(i)||(r=i,i=void 0),{url:e,data:n,success:i,dataType:r}}function d(e,n,i,r){var o,a=t.isArray(n),s=t.isPlainObject(n);t.each(n,function(n,u){o=t.type(u),r&amp;amp;&amp;amp;(n=i?r:r+&quot;[&quot;+(s||&quot;object&quot;==o||&quot;array&quot;==o?n:&quot;&quot;)+&quot;]&quot;),!r&amp;amp;&amp;amp;a?e.add(u.name,u.value):&quot;array&quot;==o||!i&amp;amp;&amp;amp;&quot;object&quot;==o?d(e,u,i,n):e.add(n,u)})}var m,g,v=0,y=window.document,b=/&amp;lt;script\b[^&amp;lt;]*(?:(?!&amp;lt;\/script&amp;gt;)&amp;lt;[^&amp;lt;]*)*&amp;lt;\/script&amp;gt;/gi,w=/^(?:text|application)\/javascript/i,x=/^(?:text|application)\/xml/i,T=&quot;application/json&quot;,E=&quot;text/html&quot;,S=/^\s*$/;t.active=0,t.ajaxJSONP=function(e,n){if(!(&quot;type&quot;in e))return t.ajax(e);var i,r,u=e.jsonpCallback,c=(t.isFunction(u)?u():u)||&quot;jsonp&quot;+ ++v,l=y.createElement(&quot;script&quot;),f=window[c],h=function(e){t(l).triggerHandler(&quot;error&quot;,e||&quot;abort&quot;)},p={abort:h};return n&amp;amp;&amp;amp;n.promise(p),t(l).on(&quot;load error&quot;,function(o,u){clearTimeout(r),t(l).off().remove(),&quot;error&quot;!=o.type&amp;amp;&amp;amp;i?a(i[0],p,e,n):s(null,u||&quot;error&quot;,p,e,n),window[c]=f,i&amp;amp;&amp;amp;t.isFunction(f)&amp;amp;&amp;amp;f(i[0]),f=i=void 0}),o(p,e)===!1?(h(&quot;abort&quot;),p):(window[c]=function(){i=arguments},l.src=e.url.replace(/\?(.+)=\?/,&quot;?$1=&quot;+c),y.head.appendChild(l),e.timeout&amp;gt;0&amp;amp;&amp;amp;(r=setTimeout(function(){h(&quot;timeout&quot;)},e.timeout)),p)},t.ajaxSettings={type:&quot;GET&quot;,beforeSend:c,success:c,error:c,complete:c,context:null,global:!0,xhr:function(){return new window.XMLHttpRequest},accepts:{script:&quot;text/javascript, application/javascript, application/x-javascript&quot;,json:T,xml:&quot;application/xml, text/xml&quot;,html:E,text:&quot;text/plain&quot;},crossDomain:!1,timeout:0,processData:!0,cache:!0},t.ajax=function(e){var n=t.extend({},e||{}),r=t.Deferred&amp;amp;&amp;amp;t.Deferred();for(m in t.ajaxSettings)void 0===n[m]&amp;amp;&amp;amp;(n[m]=t.ajaxSettings[m]);i(n),n.crossDomain||(n.crossDomain=/^([\w-]+:)?\/\/([^\/]+)/.test(n.url)&amp;amp;&amp;amp;RegExp.$2!=window.location.host),n.url||(n.url=window.location.toString()),h(n);var u=n.dataType,p=/\?.+=\?/.test(n.url);if(p&amp;amp;&amp;amp;(u=&quot;jsonp&quot;),n.cache!==!1&amp;amp;&amp;amp;(e&amp;amp;&amp;amp;e.cache===!0||&quot;script&quot;!=u&amp;amp;&amp;amp;&quot;jsonp&quot;!=u)||(n.url=f(n.url,&quot;_=&quot;+Date.now())),&quot;jsonp&quot;==u)return p||(n.url=f(n.url,n.jsonp?n.jsonp+&quot;=?&quot;:n.jsonp===!1?&quot;&quot;:&quot;callback=?&quot;)),t.ajaxJSONP(n,r);var d,v=n.accepts[u],y={},b=function(t,e){y[t.toLowerCase()]=[t,e]},w=/^([\w-]+:)\/\//.test(n.url)?RegExp.$1:window.location.protocol,x=n.xhr(),T=x.setRequestHeader;if(r&amp;amp;&amp;amp;r.promise(x),n.crossDomain||b(&quot;X-Requested-With&quot;,&quot;XMLHttpRequest&quot;),b(&quot;Accept&quot;,v||&quot;*/*&quot;),(v=n.mimeType||v)&amp;amp;&amp;amp;(v.indexOf(&quot;,&quot;)&amp;gt;-1&amp;amp;&amp;amp;(v=v.split(&quot;,&quot;,2)[0]),x.overrideMimeType&amp;amp;&amp;amp;x.overrideMimeType(v)),(n.contentType||n.contentType!==!1&amp;amp;&amp;amp;n.data&amp;amp;&amp;amp;&quot;GET&quot;!=n.type.toUpperCase())&amp;amp;&amp;amp;b(&quot;Content-Type&quot;,n.contentType||&quot;application/x-www-form-urlencoded&quot;),n.headers)for(g in n.headers)b(g,n.headers[g]);if(x.setRequestHeader=b,x.onreadystatechange=function(){if(4==x.readyState){x.onreadystatechange=c,clearTimeout(d);var e,i=!1;if(x.status&amp;gt;=200&amp;amp;&amp;amp;x.status&amp;lt;300||304==x.status||0==x.status&amp;amp;&amp;amp;&quot;file:&quot;==w){u=u||l(n.mimeType||x.getResponseHeader(&quot;content-type&quot;)),e=x.responseText;try{&quot;script&quot;==u?(1,eval)(e):&quot;xml&quot;==u?e=x.responseXML:&quot;json&quot;==u&amp;amp;&amp;amp;(e=S.test(e)?null:t.parseJSON(e))}catch(o){i=o}i?s(i,&quot;parsererror&quot;,x,n,r):a(e,x,n,r)}else s(x.statusText||null,x.status?&quot;error&quot;:&quot;abort&quot;,x,n,r)}},o(x,n)===!1)return x.abort(),s(null,&quot;abort&quot;,x,n,r),x;if(n.xhrFields)for(g in n.xhrFields)x[g]=n.xhrFields[g];var E=&quot;async&quot;in n?n.async:!0;x.open(n.type,n.url,E,n.username,n.password);for(g in y)T.apply(x,y[g]);return n.timeout&amp;gt;0&amp;amp;&amp;amp;(d=setTimeout(function(){x.onreadystatechange=c,x.abort(),s(null,&quot;timeout&quot;,x,n,r)},n.timeout)),x.send(n.data?n.data:null),x},t.get=function(){return t.ajax(p.apply(null,arguments))},t.post=function(){var e=p.apply(null,arguments);return e.type=&quot;POST&quot;,t.ajax(e)},t.getJSON=function(){var e=p.apply(null,arguments);return e.dataType=&quot;json&quot;,t.ajax(e)},t.fn.load=function(e,n,i){if(!this.length)return this;var r,o=this,a=e.split(/\s/),s=p(e,n,i),u=s.success;return a.length&amp;gt;1&amp;amp;&amp;amp;(s.url=a[0],r=a[1]),s.success=function(e){o.html(r?t(&quot;&amp;lt;div&amp;gt;&quot;).html(e.replace(b,&quot;&quot;)).find(r):e),u&amp;amp;&amp;amp;u.apply(o,arguments)},t.ajax(s),this};var j=encodeURIComponent;t.param=function(t,e){var n=[];return n.add=function(t,e){this.push(j(t)+&quot;=&quot;+j(e))},d(n,t,e),n.join(&quot;&amp;amp;&quot;).replace(/%20/g,&quot;+&quot;)}}(Zepto),function(t){t.fn.serializeArray=function(){var e,n,i=[];return t([].slice.call(this.get(0).elements)).each(function(){e=t(this),n=e.attr(&quot;type&quot;),&quot;fieldset&quot;!=this.nodeName.toLowerCase()&amp;amp;&amp;amp;!this.disabled&amp;amp;&amp;amp;&quot;submit&quot;!=n&amp;amp;&amp;amp;&quot;reset&quot;!=n&amp;amp;&amp;amp;&quot;button&quot;!=n&amp;amp;&amp;amp;(&quot;radio&quot;!=n&amp;amp;&amp;amp;&quot;checkbox&quot;!=n||this.checked)&amp;amp;&amp;amp;i.push({name:e.attr(&quot;name&quot;),value:e.val()})}),i},t.fn.serialize=function(){var t=[];return this.serializeArray().forEach(function(e){t.push(encodeURIComponent(e.name)+&quot;=&quot;+encodeURIComponent(e.value))}),t.join(&quot;&amp;amp;&quot;)},t.fn.submit=function(e){if(e)this.bind(&quot;submit&quot;,e);else if(this.length){var n=t.Event(&quot;submit&quot;);this.eq(0).trigger(n),n.isDefaultPrevented()||this.get(0).submit()}return this}}(Zepto),function(t){function e(t){var e=this.os={},n=this.browser={},i=t.match(/Web[kK]it[\/]{0,1}([\d.]+)/),r=t.match(/(Android);?[\s\/]+([\d.]+)?/),o=!!t.match(/\(Macintosh\; Intel /),a=t.match(/(iPad).*OS\s([\d_]+)/),s=t.match(/(iPod)(.*OS\s([\d_]+))?/),u=!a&amp;amp;&amp;amp;t.match(/(iPhone\sOS)\s([\d_]+)/),c=t.match(/(webOS|hpwOS)[\s\/]([\d.]+)/),l=t.match(/Windows Phone ([\d.]+)/),f=c&amp;amp;&amp;amp;t.match(/TouchPad/),h=t.match(/Kindle\/([\d.]+)/),p=t.match(/Silk\/([\d._]+)/),d=t.match(/(BlackBerry).*Version\/([\d.]+)/),m=t.match(/(BB10).*Version\/([\d.]+)/),g=t.match(/(RIM\sTablet\sOS)\s([\d.]+)/),v=t.match(/PlayBook/),y=t.match(/Chrome\/([\d.]+)/)||t.match(/CriOS\/([\d.]+)/),b=t.match(/Firefox\/([\d.]+)/),w=t.match(/MSIE\s([\d.]+)/)||t.match(/Trident\/[\d](?=[^\?]+).*rv:([0-9.].)/),x=!y&amp;amp;&amp;amp;t.match(/(iPhone|iPod|iPad).*AppleWebKit(?!.*Safari)/),T=x||t.match(/Version\/([\d.]+)([^S](Safari)|[^M]*(Mobile)[^S]*(Safari))/);(n.webkit=!!i)&amp;amp;&amp;amp;(n.version=i[1]),r&amp;amp;&amp;amp;(e.android=!0,e.version=r[2]),u&amp;amp;&amp;amp;!s&amp;amp;&amp;amp;(e.ios=e.iphone=!0,e.version=u[2].replace(/_/g,&quot;.&quot;)),a&amp;amp;&amp;amp;(e.ios=e.ipad=!0,e.version=a[2].replace(/_/g,&quot;.&quot;)),s&amp;amp;&amp;amp;(e.ios=e.ipod=!0,e.version=s[3]?s[3].replace(/_/g,&quot;.&quot;):null),l&amp;amp;&amp;amp;(e.wp=!0,e.version=l[1]),c&amp;amp;&amp;amp;(e.webos=!0,e.version=c[2]),f&amp;amp;&amp;amp;(e.touchpad=!0),d&amp;amp;&amp;amp;(e.blackberry=!0,e.version=d[2]),m&amp;amp;&amp;amp;(e.bb10=!0,e.version=m[2]),g&amp;amp;&amp;amp;(e.rimtabletos=!0,e.version=g[2]),v&amp;amp;&amp;amp;(n.playbook=!0),h&amp;amp;&amp;amp;(e.kindle=!0,e.version=h[1]),p&amp;amp;&amp;amp;(n.silk=!0,n.version=p[1]),!p&amp;amp;&amp;amp;e.android&amp;amp;&amp;amp;t.match(/Kindle Fire/)&amp;amp;&amp;amp;(n.silk=!0),y&amp;amp;&amp;amp;(n.chrome=!0,n.version=y[1]),b&amp;amp;&amp;amp;(n.firefox=!0,n.version=b[1]),w&amp;amp;&amp;amp;(n.ie=!0,n.version=w[1]),T&amp;amp;&amp;amp;(o||e.ios)&amp;amp;&amp;amp;(n.safari=!0,o&amp;amp;&amp;amp;(n.version=T[1])),x&amp;amp;&amp;amp;(n.webview=!0),e.tablet=!!(a||v||r&amp;amp;&amp;amp;!t.match(/Mobile/)||b&amp;amp;&amp;amp;t.match(/Tablet/)||w&amp;amp;&amp;amp;!t.match(/Phone/)&amp;amp;&amp;amp;t.match(/Touch/)),e.phone=!(e.tablet||e.ipod||!(r||u||c||d||m||y&amp;amp;&amp;amp;t.match(/Android/)||y&amp;amp;&amp;amp;t.match(/CriOS\/([\d.]+)/)||b&amp;amp;&amp;amp;t.match(/Mobile/)||w&amp;amp;&amp;amp;t.match(/Touch/)))}e.call(t,navigator.userAgent),t.__detect=e}(Zepto),function(t){t.fn.end=function(){return this.prevObject||t()},t.fn.andSelf=function(){return this.add(this.prevObject||t())},&quot;filter,add,not,eq,first,last,find,closest,parents,parent,children,siblings&quot;.split(&quot;,&quot;).forEach(function(e){var n=t.fn[e];t.fn[e]=function(){var t=n.apply(this,arguments);return t.prevObject=this,t}})}(Zepto),function(t){t.Callbacks=function(e){e=t.extend({},e);var n,i,r,o,a,s,u=[],c=!e.once&amp;amp;&amp;amp;[],l=function(t){for(n=e.memory&amp;amp;&amp;amp;t,i=!0,s=o||0,o=0,a=u.length,r=!0;u&amp;amp;&amp;amp;a&amp;gt;s;++s)if(u[s].apply(t[0],t[1])===!1&amp;amp;&amp;amp;e.stopOnFalse){n=!1;break}r=!1,u&amp;amp;&amp;amp;(c?c.length&amp;amp;&amp;amp;l(c.shift()):n?u.length=0:f.disable())},f={add:function(){if(u){var i=u.length,s=function(n){t.each(n,function(t,n){&quot;function&quot;==typeof n?e.unique&amp;amp;&amp;amp;f.has(n)||u.push(n):n&amp;amp;&amp;amp;n.length&amp;amp;&amp;amp;&quot;string&quot;!=typeof n&amp;amp;&amp;amp;s(n)})};s(arguments),r?a=u.length:n&amp;amp;&amp;amp;(o=i,l(n))}return this},remove:function(){return u&amp;amp;&amp;amp;t.each(arguments,function(e,n){for(var i;(i=t.inArray(n,u,i))&amp;gt;-1;)u.splice(i,1),r&amp;amp;&amp;amp;(a&amp;gt;=i&amp;amp;&amp;amp;--a,s&amp;gt;=i&amp;amp;&amp;amp;--s)}),this},has:function(e){return!(!u||!(e?t.inArray(e,u)&amp;gt;-1:u.length))},empty:function(){return a=u.length=0,this},disable:function(){return u=c=n=void 0,this},disabled:function(){return!u},lock:function(){return c=void 0,n||f.disable(),this},locked:function(){return!c},fireWith:function(t,e){return!u||i&amp;amp;&amp;amp;!c||(e=e||[],e=[t,e.slice?e.slice():e],r?c.push(e):l(e)),this},fire:function(){return f.fireWith(this,arguments)},fired:function(){return!!i}};return f}}(Zepto),function(t){function e(n){var i=[[&quot;resolve&quot;,&quot;done&quot;,t.Callbacks({once:1,memory:1}),&quot;resolved&quot;],[&quot;reject&quot;,&quot;fail&quot;,t.Callbacks({once:1,memory:1}),&quot;rejected&quot;],[&quot;notify&quot;,&quot;progress&quot;,t.Callbacks({memory:1})]],r=&quot;pending&quot;,o={state:function(){return r},always:function(){return a.done(arguments).fail(arguments),this},then:function(){var n=arguments;return e(function(e){t.each(i,function(i,r){var s=t.isFunction(n[i])&amp;amp;&amp;amp;n[i];a[r[1]](function(){var n=s&amp;amp;&amp;amp;s.apply(this,arguments);if(n&amp;amp;&amp;amp;t.isFunction(n.promise))n.promise().done(e.resolve).fail(e.reject).progress(e.notify);else{var i=this===o?e.promise():this,a=s?[n]:arguments;e[r[0]+&quot;With&quot;](i,a)}})}),n=null}).promise()},promise:function(e){return null!=e?t.extend(e,o):o}},a={};return t.each(i,function(t,e){var n=e[2],s=e[3];o[e[1]]=n.add,s&amp;amp;&amp;amp;n.add(function(){r=s},i[1^t][2].disable,i[2][2].lock),a[e[0]]=function(){return a[e[0]+&quot;With&quot;](this===a?o:this,arguments),this},a[e[0]+&quot;With&quot;]=n.fireWith}),o.promise(a),n&amp;amp;&amp;amp;n.call(a,a),a}var n=Array.prototype.slice;t.when=function(i){var r,o,a,s=n.call(arguments),u=s.length,c=0,l=1!==u||i&amp;amp;&amp;amp;t.isFunction(i.promise)?u:0,f=1===l?i:e(),h=function(t,e,i){return function(o){e[t]=this,i[t]=arguments.length&amp;gt;1?n.call(arguments):o,i===r?f.notifyWith(e,i):--l||f.resolveWith(e,i)}};if(u&amp;gt;1)for(r=new Array(u),o=new Array(u),a=new Array(u);u&amp;gt;c;++c)s[c]&amp;amp;&amp;amp;t.isFunction(s[c].promise)?s[c].promise().done(h(c,a,s)).fail(f.reject).progress(h(c,o,r)):--l;return l||f.resolveWith(a,s),f.promise()},t.Deferred=e}(Zepto),function(t){function e(t,e,n,i){return Math.abs(t-e)&amp;gt;=Math.abs(n-i)?t-e&amp;gt;0?&quot;Left&quot;:&quot;Right&quot;:n-i&amp;gt;0?&quot;Up&quot;:&quot;Down&quot;}function n(){l=null,h.last&amp;amp;&amp;amp;(h.el.trigger(&quot;longTap&quot;),h={})}function i(){l&amp;amp;&amp;amp;clearTimeout(l),l=null}function r(){s&amp;amp;&amp;amp;clearTimeout(s),u&amp;amp;&amp;amp;clearTimeout(u),c&amp;amp;&amp;amp;clearTimeout(c),l&amp;amp;&amp;amp;clearTimeout(l),s=u=c=l=null,h={}}function o(t){return(&quot;touch&quot;==t.pointerType||t.pointerType==t.MSPOINTER_TYPE_TOUCH)&amp;amp;&amp;amp;t.isPrimary}function a(t,e){return t.type==&quot;pointer&quot;+e||t.type.toLowerCase()==&quot;mspointer&quot;+e}var s,u,c,l,f,h={},p=750;t(document).ready(function(){var d,m,g,v,y=0,b=0;&quot;MSGesture&quot;in window&amp;amp;&amp;amp;(f=new MSGesture,f.target=document.body),t(document).bind(&quot;MSGestureEnd&quot;,function(t){var e=t.velocityX&amp;gt;1?&quot;Right&quot;:t.velocityX&amp;lt;-1?&quot;Left&quot;:t.velocityY&amp;gt;1?&quot;Down&quot;:t.velocityY&amp;lt;-1?&quot;Up&quot;:null;e&amp;amp;&amp;amp;(h.el.trigger(&quot;swipe&quot;),h.el.trigger(&quot;swipe&quot;+e))}).on(&quot;touchstart MSPointerDown pointerdown&quot;,function(e){(!(v=a(e,&quot;down&quot;))||o(e))&amp;amp;&amp;amp;(g=v?e:e.touches[0],e.touches&amp;amp;&amp;amp;1===e.touches.length&amp;amp;&amp;amp;h.x2&amp;amp;&amp;amp;(h.x2=void 0,h.y2=void 0),d=Date.now(),m=d-(h.last||d),h.el=t(&quot;tagName&quot;in g.target?g.target:g.target.parentNode),s&amp;amp;&amp;amp;clearTimeout(s),h.x1=g.pageX,h.y1=g.pageY,m&amp;gt;0&amp;amp;&amp;amp;250&amp;gt;=m&amp;amp;&amp;amp;(h.isDoubleTap=!0),h.last=d,l=setTimeout(n,p),f&amp;amp;&amp;amp;v&amp;amp;&amp;amp;f.addPointer(e.pointerId))}).on(&quot;touchmove MSPointerMove pointermove&quot;,function(t){(!(v=a(t,&quot;move&quot;))||o(t))&amp;amp;&amp;amp;(g=v?t:t.touches[0],i(),h.x2=g.pageX,h.y2=g.pageY,y+=Math.abs(h.x1-h.x2),b+=Math.abs(h.y1-h.y2))}).on(&quot;touchend MSPointerUp pointerup&quot;,function(n){(!(v=a(n,&quot;up&quot;))||o(n))&amp;amp;&amp;amp;(i(),h.x2&amp;amp;&amp;amp;Math.abs(h.x1-h.x2)&amp;gt;30||h.y2&amp;amp;&amp;amp;Math.abs(h.y1-h.y2)&amp;gt;30?c=setTimeout(function(){h.el&amp;amp;&amp;amp;(h.el.trigger(&quot;swipe&quot;),h.el.trigger(&quot;swipe&quot;+e(h.x1,h.x2,h.y1,h.y2))),h={}},0):&quot;last&quot;in h&amp;amp;&amp;amp;(30&amp;gt;y&amp;amp;&amp;amp;30&amp;gt;b?u=setTimeout(function(){var e=t.Event(&quot;tap&quot;);e.cancelTouch=r,h.el&amp;amp;&amp;amp;h.el.trigger(e),h.isDoubleTap?(h.el&amp;amp;&amp;amp;h.el.trigger(&quot;doubleTap&quot;),h={}):s=setTimeout(function(){s=null,h.el&amp;amp;&amp;amp;h.el.trigger(&quot;singleTap&quot;),h={}},250)},0):h={}),y=b=0)}).on(&quot;touchcancel MSPointerCancel pointercancel&quot;,r),t(window).on(&quot;scroll&quot;,r)}),[&quot;swipe&quot;,&quot;swipeLeft&quot;,&quot;swipeRight&quot;,&quot;swipeUp&quot;,&quot;swipeDown&quot;,&quot;doubleTap&quot;,&quot;tap&quot;,&quot;singleTap&quot;,&quot;longTap&quot;].forEach(function(e){t.fn[e]=function(t){return this.on(e,t)}})}(Zepto),function(t,e){function n(t){return t.replace(/([a-z])([A-Z])/,&quot;$1-$2&quot;).toLowerCase()}function i(t){return r?r+t:t.toLowerCase()}var r,o,a,s,u,c,l,f,h,p,d=&quot;&quot;,m={Webkit:&quot;webkit&quot;,Moz:&quot;&quot;,O:&quot;o&quot;},g=document.createElement(&quot;div&quot;),v=/^((translate|rotate|scale)(X|Y|Z|3d)?|matrix(3d)?|perspective|skew(X|Y)?)$/i,y={};t.each(m,function(t,n){return g.style[t+&quot;TransitionProperty&quot;]!==e?(d=&quot;-&quot;+t.toLowerCase()+&quot;-&quot;,r=n,!1):void 0}),o=d+&quot;transform&quot;,y[a=d+&quot;transition-property&quot;]=y[s=d+&quot;transition-duration&quot;]=y[c=d+&quot;transition-delay&quot;]=y[u=d+&quot;transition-timing-function&quot;]=y[l=d+&quot;animation-name&quot;]=y[f=d+&quot;animation-duration&quot;]=y[p=d+&quot;animation-delay&quot;]=y[h=d+&quot;animation-timing-function&quot;]=&quot;&quot;,t.fx={off:r===e&amp;amp;&amp;amp;g.style.transitionProperty===e,speeds:{_default:400,fast:200,slow:600},cssPrefix:d,transitionEnd:i(&quot;TransitionEnd&quot;),animationEnd:i(&quot;AnimationEnd&quot;)},t.fn.animate=function(n,i,r,o,a){return t.isFunction(i)&amp;amp;&amp;amp;(o=i,r=e,i=e),t.isFunction(r)&amp;amp;&amp;amp;(o=r,r=e),t.isPlainObject(i)&amp;amp;&amp;amp;(r=i.easing,o=i.complete,a=i.delay,i=i.duration),i&amp;amp;&amp;amp;(i=(&quot;number&quot;==typeof i?i:t.fx.speeds[i]||t.fx.speeds._default)/1e3),a&amp;amp;&amp;amp;(a=parseFloat(a)/1e3),this.anim(n,i,r,o,a)},t.fn.anim=function(i,r,d,m,g){var b,w,x,T={},E=&quot;&quot;,S=this,j=t.fx.transitionEnd,P=!1;if(r===e&amp;amp;&amp;amp;(r=t.fx.speeds._default/1e3),g===e&amp;amp;&amp;amp;(g=0),t.fx.off&amp;amp;&amp;amp;(r=0),&quot;string&quot;==typeof i)T[l]=i,T[f]=r+&quot;s&quot;,T[p]=g+&quot;s&quot;,T[h]=d||&quot;linear&quot;,j=t.fx.animationEnd;else{w=[];for(b in i)v.test(b)?E+=b+&quot;(&quot;+i[b]+&quot;) &quot;:(T[b]=i[b],w.push(n(b)));E&amp;amp;&amp;amp;(T[o]=E,w.push(o)),r&amp;gt;0&amp;amp;&amp;amp;&quot;object&quot;==typeof i&amp;amp;&amp;amp;(T[a]=w.join(&quot;, &quot;),T[s]=r+&quot;s&quot;,T[c]=g+&quot;s&quot;,T[u]=d||&quot;linear&quot;)}return x=function(e){if(&quot;undefined&quot;!=typeof e){if(e.target!==e.currentTarget)return;t(e.target).unbind(j,x)}else t(this).unbind(j,x);P=!0,t(this).css(y),m&amp;amp;&amp;amp;m.call(this)},r&amp;gt;0&amp;amp;&amp;amp;(this.bind(j,x),setTimeout(function(){P||x.call(S)},1e3*(r+g)+25)),this.size()&amp;amp;&amp;amp;this.get(0).clientLeft,this.css(T),0&amp;gt;=r&amp;amp;&amp;amp;setTimeout(function(){S.each(function(){x.call(this)})},0),this},g=null}(Zepto);;!function(n){if(!n.esl||!n.require||n.esl.version!==n.require.version||&quot;2.0.6&quot;!==n.esl.version){var e,r,t;!function(n){function i(n){h(n,H)||(P[n]=1)}function o(n,e){function r(n){0===n.indexOf(&quot;.&quot;)&amp;amp;&amp;amp;t.push(n)}var t=[];if(&quot;string&quot;==typeof n?r(n):F(n,function(n){r(n)}),t.length&amp;gt;0)throw new Error(&quot;[REQUIRE_FATAL]Relative ID is not allowed in global require: &quot;+t.join(&quot;, &quot;));var i=J.waitSeconds;return i&amp;amp;&amp;amp;n instanceof Array&amp;amp;&amp;amp;(B&amp;amp;&amp;amp;clearTimeout(B),B=setTimeout(a,1e3*i)),G(n,e)}function a(){function n(a,u){if(!o[a]&amp;amp;&amp;amp;!h(a,H)){o[a]=1,h(a,C)||t[a]||(t[a]=1,e.push(a));var f=L[a];f?u&amp;amp;&amp;amp;(t[a]||(t[a]=1,e.push(a)),F(f.depMs,function(e){n(e.absId,e.hard)})):i[a]||(i[a]=1,r.push(a))}}var e=[],r=[],t={},i={},o={};for(var a in P)n(a,1);if(e.length||r.length)throw new Error(&quot;[MODULE_TIMEOUT]Hang( &quot;+(e.join(&quot;, &quot;)||&quot;none&quot;)+&quot; ) Miss( &quot;+(r.join(&quot;, &quot;)||&quot;none&quot;)+&quot; )&quot;)}function u(n){F(K,function(e){c(n,e.deps,e.factory)}),K.length=0}function f(n,e,r){if(null==r&amp;amp;&amp;amp;(null==e?(r=n,n=null):(r=e,e=null,n instanceof Array&amp;amp;&amp;amp;(e=n,n=null))),null!=r){var t=window.opera;if(!n&amp;amp;&amp;amp;document.attachEvent&amp;amp;&amp;amp;(!t||&quot;[object Opera]&quot;!==t.toString())){var i=D();n=i&amp;amp;&amp;amp;i.getAttribute(&quot;data-require-id&quot;)}n?c(n,e,r):K[0]={deps:e,factory:r}}}function s(){var n=J.config[this.id];return n&amp;amp;&amp;amp;&quot;object&quot;==typeof n?n:{}}function c(n,e,r){L[n]||(L[n]={id:n,depsDec:e,deps:e||[&quot;require&quot;,&quot;exports&quot;,&quot;module&quot;],factoryDeps:[],factory:r,exports:{},config:s,state:N,require:I(n),depMs:[],depMkv:{},depRs:[]})}function l(n){var e=L[n];if(e&amp;amp;&amp;amp;!h(n,_)){var r=e.deps,t=e.factory,i=0;&quot;function&quot;==typeof t&amp;amp;&amp;amp;(i=Math.min(t.length,r.length),!e.depsDec&amp;amp;&amp;amp;t.toString().replace(/(\/\*([\s\S]*?)\*\/|([^:]|^)\/\/(.*)$)/gm,&quot;&quot;).replace(/require\(\s*([&#039;&quot;])([^&#039;&quot;]+)\1\s*\)/g,function(n,e,t){r.push(t)}));var o=[],a=[];F(r,function(r,t){var u,f,s=R(r),c=S(s.mod,n);c&amp;amp;&amp;amp;!Q[c]?(s.res&amp;amp;&amp;amp;(f={id:r,mod:c,res:s.res},a.push(r),e.depRs.push(f)),u=e.depMkv[c],u||(u={id:s.mod,absId:c,hard:i&amp;gt;t},e.depMs.push(u),e.depMkv[c]=u,o.push(c))):u={absId:c},i&amp;gt;t&amp;amp;&amp;amp;e.factoryDeps.push(f||u)}),e.state=_,v(n),x(o),a.length&amp;amp;&amp;amp;e.require(a,function(){F(e.depRs,function(e){e.absId||(e.absId=S(e.id,n))}),p()})}}function p(){for(var n in P)l(n),d(n),g(n)}function d(n){function e(n){if(l(n),!h(n,_))return!1;if(h(n,C)||r[n])return!0;r[n]=1;var t=L[n],i=!0;return F(t.depMs,function(n){return i=e(n.absId)}),i&amp;amp;&amp;amp;F(t.depRs,function(n){return i=!!n.absId}),i&amp;amp;&amp;amp;!h(n,C)&amp;amp;&amp;amp;(t.state=C),i}var r={};e(n)}function v(e){function r(){if(!t&amp;amp;&amp;amp;i.state===C){t=1;var r=1;if(F(i.factoryDeps,function(n){var e=n.absId;return Q[e]?void 0:(g(e),r=h(e,H))}),r){try{var o=i.factory,a=&quot;function&quot;==typeof o?o.apply(n,m(i.factoryDeps,{require:i.require,exports:i.exports,module:i})):o;null!=a&amp;amp;&amp;amp;(i.exports=a),i.invokeFactory=null}catch(u){if(/^\[MODULE_MISS\]&quot;([^&quot;]+)/.test(u.message)){var f=i.depMkv[RegExp.$1];return f&amp;amp;&amp;amp;(f.hard=1),void(t=0)}throw u}b(e)}}}var t,i=L[e];i.invokeFactory=r}function h(n,e){return L[n]&amp;amp;&amp;amp;L[n].state&amp;gt;=e}function g(n){var e=L[n];e&amp;amp;&amp;amp;e.invokeFactory&amp;amp;&amp;amp;e.invokeFactory()}function m(n,e){var r=[];return F(n,function(n,t){&quot;object&quot;==typeof n&amp;amp;&amp;amp;(n=n.absId),r[t]=e[n]||L[n].exports}),r}function y(n,e){if(h(n,H))return void e();var r=V[n];r||(r=V[n]=[]),r.push(e)}function b(n){var e=L[n];e.state=H,delete P[n];for(var r=V[n]||[],t=r.length;t--;)r[t]();r.length=0,V[n]=null}function x(e,r,t){function i(){if(&quot;function&quot;==typeof r&amp;amp;&amp;amp;!o){var t=1;F(e,function(n){return Q[n]?void 0:t=!!h(n,H)}),t&amp;amp;&amp;amp;(o=1,r.apply(n,m(e,Q)))}}var o=0;F(e,function(n){Q[n]||h(n,H)||(y(n,i),(n.indexOf(&quot;!&quot;)&amp;gt;0?w:k)(n,t))}),i()}function k(e){function r(){var n=ne[e];$(n||e,t)}function t(){if(i){var r;&quot;function&quot;==typeof i.init&amp;amp;&amp;amp;(r=i.init.apply(n,m(o,Q))),null==r&amp;amp;&amp;amp;i.exports&amp;amp;&amp;amp;(r=n,F(i.exports.split(&quot;.&quot;),function(n){return r=r[n],!!r})),f(e,o,r||{})}else u(e);p()}if(!W[e]&amp;amp;&amp;amp;!L[e]){W[e]=1;var i=J.shim[e];i instanceof Array&amp;amp;&amp;amp;(J.shim[e]=i={deps:i});var o=i&amp;amp;&amp;amp;(i.deps||[]);o?(F(o,function(n){J.shim[n]||(J.shim[n]={})}),G(o,r)):r()}}function w(n,e){function r(e){a.exports=e||!0,b(n)}function t(t){var i=e?L[e].require:G;t.load(o.res,i,r,s.call({id:n}))}if(!L[n]){var i=ne[n];if(i)return void k(i);var o=R(n),a={id:n,state:_};L[n]=a,r.fromText=function(n,e){new Function(e)(),u(n)},t(G(o.mod))}}function E(n,e){var r=j(n,1,e);return r.sort(z),r}function M(){function n(n){ne[U(n)]=e}J.baseUrl=J.baseUrl.replace(/\/$/,&quot;&quot;)+&quot;/&quot;,X=E(J.paths),Z=E(J.map,1),F(Z,function(n){n.v=E(n.v)}),Y=[],F(J.packages,function(n){var e=n;&quot;string&quot;==typeof n&amp;amp;&amp;amp;(e={name:n.split(&quot;/&quot;)[0],location:n,main:&quot;main&quot;}),e.location=e.location||e.name,e.main=(e.main||&quot;main&quot;).replace(/\.js$/i,&quot;&quot;),e.reg=T(e.name),Y.push(e)}),Y.sort(z),ee=E(J.urlArgs,1),ne={};for(var e in J.bundles)F(J.bundles[e],n)}function q(n,e,r){F(e,function(e){return e.reg.test(n)?(r(e.v,e.k,e),!1):void 0})}function A(n,e){var r=/(\.[a-z0-9]+)$/i,t=/(\?[^#]*)$/,i=&quot;&quot;,o=n,a=&quot;&quot;;t.test(n)&amp;amp;&amp;amp;(a=RegExp.$1,n=n.replace(t,&quot;&quot;)),r.test(n)&amp;amp;&amp;amp;(i=RegExp.$1,o=n.replace(r,&quot;&quot;)),null!=e&amp;amp;&amp;amp;(o=S(o,e));var u,f=o;return q(o,X,function(n,e){f=f.replace(e,n),u=1}),u||q(o,Y,function(n,e,r){f=f.replace(r.name,r.location)}),/^([a-z]{2,10}:\/)?\//i.test(f)||(f=J.baseUrl+f),f+=i+a,q(o,ee,function(n){f+=(f.indexOf(&quot;?&quot;)&amp;gt;0?&quot;&amp;amp;&quot;:&quot;?&quot;)+n}),f}function I(n){function e(e,t){if(&quot;string&quot;==typeof e){if(!r[e]){var o=S(e,n);if(g(o),!h(o,H))throw new Error(&#039;[MODULE_MISS]&quot;&#039;+o+&#039;&quot; is not exists!&#039;);r[e]=L[o].exports}return r[e]}if(e instanceof Array){var a=[],u=[];F(e,function(e,r){var t=R(e),o=S(t.mod,n),f=t.res,s=o;if(f){var c=o+&quot;!&quot;+f;0!==f.indexOf(&quot;.&quot;)&amp;amp;&amp;amp;ne[c]?o=s=c:s=null}u[r]=s,i(o),a.push(o)}),x(a,function(){F(u,function(r,t){null==r&amp;amp;&amp;amp;(r=u[t]=S(e[t],n),i(r))}),x(u,t,n),p()},n),p()}}var r={};return e.toUrl=function(e){return A(e,n||&quot;&quot;)},e}function S(n,e){if(!n)return&quot;&quot;;e=e||&quot;&quot;;var r=R(n);if(!r)return n;var t=r.res,i=O(r.mod,e);if(q(e,Z,function(n){q(i,n,function(n,e){i=i.replace(e,n)})}),i=U(i),t){var o=h(i,H)&amp;amp;&amp;amp;G(i);t=o&amp;amp;&amp;amp;o.normalize?o.normalize(t,function(n){return S(n,e)}):S(t,e),i+=&quot;!&quot;+t}return i}function U(n){return F(Y,function(e){var r=e.name;return r===n?(n=r+&quot;/&quot;+e.main,!1):void 0}),n}function O(n,e){if(0===n.indexOf(&quot;.&quot;)){var r=e.split(&quot;/&quot;),t=n.split(&quot;/&quot;),i=r.length-1,o=t.length,a=0,u=0;n:for(var f=0;o&amp;gt;f;f++)switch(t[f]){case&quot;..&quot;:if(!(i&amp;gt;a))break n;a++,u++;break;case&quot;.&quot;:u++;break;default:break n}return r.length=i-a,t=t.slice(u),r.concat(t).join(&quot;/&quot;)}return n}function R(n){var e=n.split(&quot;!&quot;);return e[0]?{mod:e[0],res:e[1]}:void 0}function j(n,e,r){var t=[];for(var i in n)if(n.hasOwnProperty(i)){var o={k:i,v:n[i]};t.push(o),e&amp;amp;&amp;amp;(o.reg=&quot;*&quot;===i&amp;amp;&amp;amp;r?/^/:T(i))}return t}function D(){if(re)return re;if(te&amp;amp;&amp;amp;&quot;interactive&quot;===te.readyState)return te;for(var n=document.getElementsByTagName(&quot;script&quot;),e=n.length;e--;){var r=n[e];if(&quot;interactive&quot;===r.readyState)return te=r,r}}function $(n,e){function r(){var n=t.readyState;(&quot;undefined&quot;==typeof n||/^(loaded|complete)$/.test(n))&amp;amp;&amp;amp;(t.onload=t.onreadystatechange=null,t=null,e())}var t=document.createElement(&quot;script&quot;);t.setAttribute(&quot;data-require-id&quot;,n),t.src=A(n+&quot;.js&quot;),t.async=!0,t.readyState?t.onreadystatechange=r:t.onload=r,re=t,oe?ie.insertBefore(t,oe):ie.appendChild(t),re=null}function T(n){return new RegExp(&quot;^&quot;+n+&quot;(/|$)&quot;)}function F(n,e){if(n instanceof Array)for(var r=0,t=n.length;t&amp;gt;r&amp;amp;&amp;amp;e(n[r],r)!==!1;r++);}function z(n,e){var r=n.k||n.name,t=e.k||e.name;return&quot;*&quot;===t?-1:&quot;*&quot;===r?1:t.length-r.length}var B,L={},N=1,_=2,C=3,H=4,P={},Q={require:o,exports:1,module:1},G=I(),J={baseUrl:&quot;./&quot;,paths:{},config:{},map:{},packages:[],shim:{},waitSeconds:0,bundles:{},urlArgs:{}};o.version=&quot;2.0.6&quot;,o.loader=&quot;esl&quot;,o.toUrl=G.toUrl;var K=[];f.amd={};var V={},W={};o.config=function(n){if(n){for(var e in J){var r=n[e],t=J[e];if(r)if(&quot;urlArgs&quot;===e&amp;amp;&amp;amp;&quot;string&quot;==typeof r)J.urlArgs[&quot;*&quot;]=r;else if(t instanceof Array)t.push.apply(t,r);else if(&quot;object&quot;==typeof t)for(var i in r)t[i]=r[i];else J[e]=r}M()}},M();var X,Y,Z,ne,ee,re,te,ie=document.getElementsByTagName(&quot;head&quot;)[0],oe=document.getElementsByTagName(&quot;base&quot;)[0];oe&amp;amp;&amp;amp;(ie=oe.parentNode),e||(e=f,r||(r=o),t=o)}(this),n.define=e,n.require=r,n.esl=t}}(window);;!function(t){function e(t,e){for(var n in e)e.hasOwnProperty(n)&amp;amp;&amp;amp;(t[n]=e[n]);return t}function n(){this.raw=[],this.length=0}function r(){return&quot;___&quot;+P++}function i(t,e){var n=new Function;n.prototype=e.prototype,t.prototype=new n,t.prototype.constructor=t}function o(t){return D[t]}function s(t){return&#039;&quot;&#039;+t.replace(/\x5C/g,&quot;\\\\&quot;).replace(/&quot;/g,&#039;\\&quot;&#039;).replace(/\x0A/g,&quot;\\n&quot;).replace(/\x09/g,&quot;\\t&quot;).replace(/\x0D/g,&quot;\\r&quot;)+&#039;&quot;&#039;}function a(t){return t.replace(/[\^\[\]\$\(\)\{\}\?\*\.\+]/g,function(t){return&quot;\\&quot;+t})}function p(t){var e=arguments;return t.replace(/\{([0-9]+)\}/g,function(t,n){return e[n-0+1]})}function h(t){return t=t.replace(/^\s*\*/,&quot;&quot;),p(&#039;gv({0},[&quot;{1}&quot;])&#039;,s(t),t.replace(/\[[&#039;&quot;]?([^&#039;&quot;]+)[&#039;&quot;]?\]/g,function(t,e){return&quot;.&quot;+e}).split(&quot;.&quot;).join(&#039;&quot;,&quot;&#039;))}function l(t,e,n,r,i,o){for(var s=n.length,a=t.split(e),p=0,h=[],l=0,c=a.length;c&amp;gt;l;l++){var u=a[l];if(l){var f=1;for(p++;;){var d=u.indexOf(n);if(0&amp;gt;d){h.push(p&amp;gt;1&amp;amp;&amp;amp;f?e:&quot;&quot;,u);break}if(p=r?p-1:0,h.push(p&amp;gt;0&amp;amp;&amp;amp;f?e:&quot;&quot;,u.slice(0,d),p&amp;gt;0?n:&quot;&quot;),u=u.slice(d+s),f=0,0===p)break}0===p&amp;amp;&amp;amp;(i(h.join(&quot;&quot;)),o(u),h=[])}else u&amp;amp;&amp;amp;o(u)}p&amp;gt;0&amp;amp;&amp;amp;h.length&amp;gt;0&amp;amp;&amp;amp;(o(e),o(h.join(&quot;&quot;)))}function c(t,e,n){var r,i=[],o=e.options,a=&quot;&quot;,p=&quot;&quot;,u=&quot;&quot;,f=&quot;&quot;;return n&amp;amp;&amp;amp;(a=&quot;ts(&quot;,p=&quot;)&quot;,u=_,f=j,r=o.defaultFilter),l(t,o.variableOpen,o.variableClose,1,function(t){n&amp;amp;&amp;amp;t.indexOf(&quot;|&quot;)&amp;lt;0&amp;amp;&amp;amp;r&amp;amp;&amp;amp;(t+=&quot;|&quot;+r);var o=t.indexOf(&quot;|&quot;),s=(o&amp;gt;0?t.slice(0,o):t).replace(/^\s+/,&quot;&quot;).replace(/\s+$/,&quot;&quot;),l=o&amp;gt;0?t.slice(o+1):&quot;&quot;,d=0===s.indexOf(&quot;*&quot;),g=[d?&quot;&quot;:a,h(s),d?&quot;&quot;:p];if(l){l=c(l,e);for(var y=l.split(&quot;|&quot;),v=0,m=y.length;m&amp;gt;v;v++){var R=y[v];/^\s*([a-z0-9_-]+)(\((.*)\))?\s*$/i.test(R)&amp;amp;&amp;amp;(g.unshift(&#039;fs[&quot;&#039;+RegExp.$1+&#039;&quot;](&#039;),RegExp.$3&amp;amp;&amp;amp;g.push(&quot;,&quot;,RegExp.$3),g.push(&quot;)&quot;))}}i.push(u,g.join(&quot;&quot;),f)},function(t){i.push(u,n?s(t):t,f)}),i.join(&quot;&quot;)}function u(t,e){this.value=t,this.engine=e}function f(t,e){this.value=t,this.engine=e,this.children=[],this.cloneProps=[]}function d(t,e){var n=t.stack,r=e?n.find(function(t){return t instanceof e}):n.bottom();if(r){for(var i;(i=n.top())!==r;){if(!i.autoClose)throw new Error(i.type+&quot; must be closed manually: &quot;+i.value);i.autoClose(t)}r.close(t)}return r}function g(t,e){if(!/^\s*([a-z0-9\/_-]+)\s*(\(\s*master\s*=\s*([a-z0-9\/_-]+)\s*\))?\s*/i.test(t))throw new Error(&quot;Invalid &quot;+this.type+&quot; syntax: &quot;+t);this.master=RegExp.$3,this.name=RegExp.$1,f.call(this,t,e),this.blocks={}}function y(t,e){if(!/^\s*([a-z0-9\/_-]+)\s*$/i.test(t))throw new Error(&quot;Invalid &quot;+this.type+&quot; syntax: &quot;+t);this.name=RegExp.$1,f.call(this,t,e),this.cloneProps=[&quot;name&quot;]}function v(t,e){if(!/^\s*([a-z0-9\/_-]+)\s*$/i.test(t))throw new Error(&quot;Invalid &quot;+this.type+&quot; syntax: &quot;+t);this.name=RegExp.$1,f.call(this,t,e),this.cloneProps=[&quot;name&quot;,&quot;state&quot;,&quot;blocks&quot;],this.blocks={}}function m(t,e){if(!/^\s*([a-z0-9_]+)\s*=([\s\S]*)$/i.test(t))throw new Error(&quot;Invalid &quot;+this.type+&quot; syntax: &quot;+t);this.name=RegExp.$1,this.expr=RegExp.$2,f.call(this,t,e),this.cloneProps=[&quot;name&quot;,&quot;expr&quot;]}function R(t,e){if(!/^\s*([a-z0-9_-]+)\s*(\(([\s\S]*)\))?\s*$/i.test(t))throw new Error(&quot;Invalid &quot;+this.type+&quot; syntax: &quot;+t);this.name=RegExp.$1,this.args=RegExp.$3,f.call(this,t,e),this.cloneProps=[&quot;name&quot;,&quot;args&quot;]}function x(t,e){if(!/^\s*([a-z0-9\/_-]+)\s*(\(([\s\S]*)\))?\s*$/i.test(t))throw new Error(&quot;Invalid &quot;+this.type+&quot; syntax: &quot;+t);this.name=RegExp.$1,this.args=RegExp.$3,f.call(this,t,e),this.cloneProps=[&quot;name&quot;,&quot;args&quot;]}function E(t,e){var n=new RegExp(p(&quot;^\\s*({0}[\\s\\S]+{1})\\s+as\\s+{0}([0-9a-z_]+){1}\\s*(,\\s*{0}([0-9a-z_]+){1})?\\s*$&quot;,a(e.options.variableOpen),a(e.options.variableClose)),&quot;i&quot;);if(!n.test(t))throw new Error(&quot;Invalid &quot;+this.type+&quot; syntax: &quot;+t);this.list=RegExp.$1,this.item=RegExp.$2,this.index=RegExp.$4,f.call(this,t,e),this.cloneProps=[&quot;list&quot;,&quot;item&quot;,&quot;index&quot;]}function w(t,e){f.call(this,t,e)}function b(t,e){w.call(this,t,e)}function $(t,e){f.call(this,t,e)}function k(t,e){e.target=t;var n=e.engine,r=t.name;if(n.targets[r])switch(n.options.namingConflict){case&quot;override&quot;:n.targets[r]=t,e.targets.push(r);case&quot;ignore&quot;:break;default:throw new Error(&quot;Target exists: &quot;+r)}else n.targets[r]=t,e.targets.push(r)}function C(t,e){L[t]=e,e.prototype.type=t}function A(t){this.options={commandOpen:&quot;&amp;lt;%&quot;,commandClose:&quot;%&amp;gt;&quot;,commandSyntax:/^\s*(\/)?([a-z]+)\s*(?::([\s\S]*))?$/,variableOpen:&quot;${&quot;,variableClose:&quot;}&quot;,defaultFilter:&quot;html&quot;,namingConflict:&quot;override&quot;},this.config(t),this.targets={},this.filters=e({},B)}function O(t,e){function r(){var t;if(c.length&amp;gt;0&amp;amp;&amp;amp;(t=c.join(&quot;&quot;))){var n=new u(t,e);n.beforeAdd(h),p.top().addChild(n),c=[],e.options.strip&amp;amp;&amp;amp;h.current instanceof f&amp;amp;&amp;amp;(n.value=t.replace(/^[\x20\t\r]*\n/,&quot;&quot;)),h.current=n}}var i,o=e.options.commandOpen,s=e.options.commandClose,a=e.options.commandSyntax,p=new n,h={engine:e,targets:[],stack:p,target:null},c=[];return l(t,o,s,0,function(t){var n=a.exec(t);if(n&amp;amp;&amp;amp;(i=L[n[2].toLowerCase()])&amp;amp;&amp;amp;&quot;function&quot;==typeof i){r();var p=h.current;e.options.strip&amp;amp;&amp;amp;p instanceof u&amp;amp;&amp;amp;(p.value=p.value.replace(/\r?\n[\x20\t]*$/,&quot;\n&quot;)),n[1]?p=d(h,i):(p=new i(n[3],e),&quot;function&quot;==typeof p.beforeOpen&amp;amp;&amp;amp;p.beforeOpen(h),p.open(h)),h.current=p}else/^\s*\/\//.test(t)||c.push(o,t,s);i=null},function(t){c.push(t)}),r(),d(h),h.targets}n.prototype={push:function(t){this.raw[this.length++]=t},pop:function(){if(this.length&amp;gt;0){var t=this.raw[--this.length];return this.raw.length=this.length,t}},top:function(){return this.raw[this.length-1]},bottom:function(){return this.raw[0]},find:function(t){for(var e=this.length;e--;){var n=this.raw[e];if(t(n))return n}}};var P=178245,D={&quot;&amp;amp;&quot;:&quot;&amp;amp;amp;&quot;,&quot;&amp;lt;&quot;:&quot;&amp;amp;lt;&quot;,&quot;&amp;gt;&quot;:&quot;&amp;amp;gt;&quot;,&#039;&quot;&#039;:&quot;&amp;amp;quot;&quot;,&quot;&#039;&quot;:&quot;&amp;amp;#39;&quot;},B={html:function(t){return t.replace(/[&amp;amp;&amp;lt;&amp;gt;&quot;&#039;]/g,o)},url:encodeURIComponent,raw:function(t){return t}},I=&#039;var r=&quot;&quot;;&#039;,_=&quot;r+=&quot;,j=&quot;;&quot;,z=&quot;return r;&quot;;&quot;undefined&quot;!=typeof navigator&amp;amp;&amp;amp;/msie\s*([0-9]+)/i.test(navigator.userAgent)&amp;amp;&amp;amp;RegExp.$1-0&amp;lt;8&amp;amp;&amp;amp;(I=&quot;var r=[],ri=0;&quot;,_=&quot;r[ri++]=&quot;,z=&#039;return r.join(&quot;&quot;);&#039;),u.prototype={getRendererBody:function(){var t=this.value,e=this.engine.options;return!t||e.strip&amp;amp;&amp;amp;/^\s*$/.test(t)?&quot;&quot;:c(t,this.engine,1)},clone:function(){return this}},f.prototype={addChild:function(t){this.children.push(t)},open:function(t){var e=t.stack.top();e&amp;amp;&amp;amp;e.addChild(this),t.stack.push(this)},close:function(t){t.stack.top()===this&amp;amp;&amp;amp;t.stack.pop()},getRendererBody:function(){for(var t=[],e=this.children,n=0;n&amp;lt;e.length;n++)t.push(e[n].getRendererBody());return t.join(&quot;&quot;)},clone:function(){for(var t=new this.constructor(this.value,this.engine),e=0,n=this.children.length;n&amp;gt;e;e++)t.addChild(this.children[e].clone());for(var e=0,n=this.cloneProps.length;n&amp;gt;e;e++){var r=this.cloneProps[e];t[r]=this[r]}return t}};var S=&#039;data=data||{};var v={},fs=engine.filters,hg=typeof data.get==&quot;function&quot;,gv=function(n,ps){var p=ps[0],d=v[p];if(d==null){if(hg){return data.get(n);}d=data[p];}for(var i=1,l=ps.length;i&amp;lt;l;i++)if(d!=null)d = d[ps[i]];return d;},ts=function(s){if(typeof s===&quot;string&quot;){return s;}if(s==null){s=&quot;&quot;;}return &quot;&quot;+s;};&#039;;i(g,f),i(y,f),i(v,f),i(m,f),i(R,f),i(x,f),i(E,f),i(w,f),i(b,w),i($,w);var F={READING:1,READED:2,APPLIED:3,READY:4};v.prototype.applyMaster=g.prototype.applyMaster=function(t){function e(t){var r=t.children;if(r instanceof Array)for(var i=0,o=r.length;o&amp;gt;i;i++){var s=r[i];s instanceof y&amp;amp;&amp;amp;n[s.name]&amp;amp;&amp;amp;(s=r[i]=n[s.name]),e(s)}}if(this.state&amp;gt;=F.APPLIED)return 1;var n=this.blocks,r=this.engine.targets[t];return r&amp;amp;&amp;amp;r.applyMaster(r.master)?(this.children=r.clone().children,e(this),this.state=F.APPLIED,1):void 0},g.prototype.isReady=function(){function t(r){for(var i=0,o=r.children.length;o&amp;gt;i;i++){var s=r.children[i];if(s instanceof v){var a=e.targets[s.name];n=n&amp;amp;&amp;amp;a&amp;amp;&amp;amp;a.isReady(e)}else s instanceof f&amp;amp;&amp;amp;t(s)}}if(this.state&amp;gt;=F.READY)return 1;var e=this.engine,n=1;return this.applyMaster(this.master)?(t(this),n&amp;amp;&amp;amp;(this.state=F.READY),n):void 0},g.prototype.getRenderer=function(){if(this.renderer)return this.renderer;if(this.isReady()){var t=new Function(&quot;data&quot;,&quot;engine&quot;,[S,I,this.getRendererBody(),z].join(&quot;\n&quot;)),e=this.engine;return this.renderer=function(n){return t(n,e)},this.renderer}return null},g.prototype.open=function(t){d(t),f.prototype.open.call(this,t),this.state=F.READING,k(this,t)},m.prototype.open=x.prototype.open=function(t){t.stack.top().addChild(this)},y.prototype.open=function(t){f.prototype.open.call(this,t),(t.imp||t.target).blocks[this.name]=this},b.prototype.open=function(t){var e=new $;e.open(t);var n=d(t,w);n.addChild(this),t.stack.push(this)},$.prototype.open=function(t){var e=d(t,w);e.addChild(this),t.stack.push(this)},v.prototype.open=function(t){this.parent=t.stack.top(),this.target=t.target,f.prototype.open.call(this,t),this.state=F.READING,t.imp=this},x.prototype.close=m.prototype.close=function(){},v.prototype.close=function(t){f.prototype.close.call(this,t),this.state=F.READED,t.imp=null},g.prototype.close=function(t){f.prototype.close.call(this,t),this.state=this.master?F.READED:F.APPLIED,t.target=null},v.prototype.autoClose=function(t){var e=this.parent.children;e.push.apply(e,this.children),this.children.length=0;for(var n in this.blocks)this.target.blocks[n]=this.blocks[n];this.blocks={},this.close(t)},x.prototype.beforeOpen=v.prototype.beforeOpen=m.prototype.beforeOpen=E.prototype.beforeOpen=R.prototype.beforeOpen=y.prototype.beforeOpen=w.prototype.beforeOpen=u.prototype.beforeAdd=function(t){if(!t.stack.bottom()){var e=new g(r(),t.engine);e.open(t)}},v.prototype.getRendererBody=function(){return this.applyMaster(this.name),f.prototype.getRendererBody.call(this)},x.prototype.getRendererBody=function(){return p(&quot;{0}engine.render({2},{{3}}){1}&quot;,_,j,s(this.name),c(this.args,this.engine).replace(/(^|,)\s*([a-z0-9_]+)\s*=/gi,function(t,e,n){return(e||&quot;&quot;)+s(n)+&quot;:&quot;}))},m.prototype.getRendererBody=function(){return this.expr?p(&quot;v[{0}]={1};&quot;,s(this.name),c(this.expr,this.engine)):&quot;&quot;},w.prototype.getRendererBody=function(){return p(&quot;if({0}){{1}}&quot;,c(this.value,this.engine),f.prototype.getRendererBody.call(this))},$.prototype.getRendererBody=function(){return p(&quot;}else{{0}&quot;,f.prototype.getRendererBody.call(this))},E.prototype.getRendererBody=function(){return p(&#039;var {0}={1};if({0} instanceof Array)for (var {4}=0,{5}={0}.length;{4}&amp;lt;{5};{4}++){v[{2}]={4};v[{3}]={0}[{4}];{6}}else if(typeof {0}===&quot;object&quot;)for(var {4} in {0}){v[{2}]={4};v[{3}]={0}[{4}];{6}}&#039;,r(),c(this.list,this.engine),s(this.index||r()),s(this.item),r(),r(),f.prototype.getRendererBody.call(this))},R.prototype.getRendererBody=function(){var t=this.args;return p(&quot;{2}fs[{5}]((function(){{0}{4}{1}})(){6}){3}&quot;,I,z,_,j,f.prototype.getRendererBody.call(this),s(this.name),t?&quot;,&quot;+c(t,this.engine):&quot;&quot;)};var L={};C(&quot;target&quot;,g),C(&quot;block&quot;,y),C(&quot;import&quot;,v),C(&quot;use&quot;,x),C(&quot;var&quot;,m),C(&quot;for&quot;,E),C(&quot;if&quot;,w),C(&quot;elif&quot;,b),C(&quot;else&quot;,$),C(&quot;filter&quot;,R),A.prototype.config=function(t){e(this.options,t)},A.prototype.compile=A.prototype.parse=function(t){if(t){var e=O(t,this);if(e.length)return this.targets[e[0]].getRenderer()}return new Function(&#039;return &quot;&quot;&#039;)},A.prototype.getRenderer=function(t){var e=this.targets[t];return e?e.getRenderer():void 0},A.prototype.render=function(t,e){var n=this.getRenderer(t);return n?n(e):&quot;&quot;},A.prototype.addFilter=function(t,e){&quot;function&quot;==typeof e&amp;amp;&amp;amp;(this.filters[t]=e)};var M=new A;M.Engine=A,&quot;object&quot;==typeof exports&amp;amp;&amp;amp;&quot;object&quot;==typeof module?exports=module.exports=M:&quot;function&quot;==typeof define&amp;amp;&amp;amp;define.amd?define(&quot;dep/etpl&quot;,[],M):t.etpl=M}(this);;!function(A){var B=window.B||{};B.SPA=$.extend(B.SPA?B.SPA:{},{conf:{pid:&quot;.search-page&quot;,tipsid:&quot;.se-page-tips&quot;,rtid:&quot;#results-top&quot;,rid:&quot;.results&quot;,npid:&quot;.se-page-controller&quot;,rsid:&quot;.se-page-relative&quot;,rpsid:&quot;.se-page-rcol&quot;,bid:&quot;.se-page-ft&quot;,copyrightid:&quot;.se-page-copyright&quot;,tablinkid:&quot;#head&quot;,dyMid:&quot;input#commonBase&quot;},operation:!1,CssAttString:&quot;&quot;,DealData:function(data,conf,speed){B.ishome||(B.ishome=1);var _self=this,html=&quot;&quot;,c=conf,inputmark;_self.speed=speed,_self.data=data,_self.pn=c.pn=c.pn?c.pn:0,inputmark=_self.data.inpMark;var base=$(&quot;#commonBase&quot;),newBase=$(inputmark).filter(&quot;input#commonBase&quot;),keys=inputmark.match(/data-[^=]+/g);if(keys&amp;amp;&amp;amp;keys.forEach(function(e){base.attr(e,newBase.attr(e));var t=e.split(&quot;-&quot;)[1].trim();B.comm[t]=newBase.attr(e)}),_self.data.inpMark_comm)try{eval(_self.data.inpMark_comm)}catch(e){}switch(c.pn){case 0:try{if(&quot;search&quot;===$(&quot;body&quot;).data(&quot;curPage&quot;)){var e=document.createEvent(&quot;Event&quot;);e.initEvent(&quot;pageDestroy&quot;,!0,!0),window.dispatchEvent(e)}A._initstart=!1,$(_self.conf.tipsid).empty(),$(_self.conf.rtid).empty(),$(_self.conf.rid).empty(),1==B.ishome&amp;amp;&amp;amp;(_self.DealTablink(),$(&quot;.spa-index-style&quot;).remove()),_self.DealCSS().DealSysTips().DealTopResult().DealADCSS().DealResult().DealCtr().DealRS().DealBtm().DealCopyright().DealJS().DealADJS(),_self.DealInapp(),_self.DealBoxnav(),_self.operation=!0,$(&quot;body&quot;).data(&quot;curPage&quot;,&quot;search&quot;),2==B.ishome&amp;amp;&amp;amp;($(&quot;img[data-imagedelaysrc]&quot;).not(&#039;[data-imageinvisible=&quot;1&quot;]&#039;).imageDelayload(),data.cooder_css_top_onlyshow&amp;amp;&amp;amp;($(&quot;#show_head&quot;).remove(),$(&quot;head&quot;).append(data.cooder_css_top_onlyshow)),require([&quot;search/search&quot;],function(e){e.trigger(&quot;ready&quot;),e.trigger(&quot;init&quot;)}),B.chgParam(decodeURIComponent(B.comm.query))),B.ishome=2}catch(e){_self.operation=!1}break;default:try{_self.DealSpBar().DealResult(),_self.operation=!0}catch(e){_self.operation=!1}}return _self.operation},execScript:function(script,container){if(script&amp;amp;&amp;amp;script.length&amp;gt;6e4)return void eval(script);var tag=document.createElement(&quot;script&quot;);container&amp;amp;&amp;amp;&quot;function&quot;==typeof container.size&amp;amp;&amp;amp;(container=container[0]),container=container||document.body,container.appendChild(tag),tag.innerHTML=script},inCHTMl:function(e,t){if(null!==t){var a,r,i=this,n=e,s=t,c=&quot;&quot;;a=s.match(/&amp;lt;script[\s\S]*?&amp;lt;\/script&amp;gt;/gi),a&amp;amp;&amp;amp;a.forEach(function(e,t){e=e.replace(/(&amp;lt;|&amp;lt;\/)script.*?&amp;gt;/gi,&quot;&quot;),a[t]=e}),s=s.replace(/&amp;lt;script[\s\S]*?&amp;lt;\/script&amp;gt;/gi,&quot;&quot;);var o=$(s);if(c=o.attr(&quot;srcid&quot;),A._setContainer(o,!0),r=a&amp;amp;&amp;amp;a.shift(),c&amp;amp;&amp;amp;r&amp;amp;&amp;amp;-1!=r.indexOf(&quot;A.log&amp;amp;&amp;amp;(A.log.list[&quot;)){$(n).append(o);try{i.execScript(r,o)}catch(l){}a&amp;amp;&amp;amp;$.each(a,function(e,t){try{i.execScript(t,o)}catch(a){}}),$(window).trigger(&quot;resultsComplete&quot;)}else if(c&amp;amp;&amp;amp;r){$(n).append(o);try{i.execScript(r,o)}catch(l){}a&amp;amp;&amp;amp;$.each(a,function(e,t){try{i.execScript(t,o)}catch(a){}})}else{$(n).append(o);try{i.execScript(r,o)}catch(l){}a&amp;amp;&amp;amp;$.each(a,function(e,t){try{i.execScript(t,o)}catch(a){}})}}},DealSysTips:function(){var e=this,t=e.data.SysTips,a=$(e.conf.tipsid);return a.html(t?t:&quot;&quot;),e},DealSpBar:function(){var e,t=this,a=0;for(var r in t.data)-1!=r.search(&quot;Results&quot;)&amp;amp;&amp;amp;(a+=1);return e=&#039;&amp;lt;div class=&quot;sp-rslt-bar&quot;&amp;gt;&#039;+(1+parseInt(t.pn))+&quot;-&quot;+(a+parseInt(t.pn))+&quot;条&amp;lt;/div&amp;gt;&quot;,$(t.conf.rid).append(e),t},DealTopResult:function(){var e=this,t=e.data.Top_result;return t?(e.inCHTMl(e.conf.rtid,t),A._setContainer(null)):$(e.conf.rtid).html(&quot;&quot;),e},DealResult:function(){var e=this,t=e.pn?e.pn:0;!t&amp;amp;&amp;amp;$(e.conf.rid).empty();var a=&quot;&quot;;for(var r in e.data)(0==t||&quot;Results_prevRS&quot;!==r)&amp;amp;&amp;amp;(-1!=r.search(&quot;Results&quot;)&amp;amp;&amp;amp;(a+=e.data[r]),&quot;Results_www_3&quot;===r&amp;amp;&amp;amp;e.speed&amp;amp;&amp;amp;(e.speed.result3=(new Date).getTime()));return e.data.Fold_Result&amp;amp;&amp;amp;(a+=e.data.Fold_Result),e.inCHTMl(e.conf.rid,a),A._setContainer(null),e},DealCtr:function(){var e=this,t=e.data.Html_ctr,a=$(e.conf.npid);return a.html(&quot;&quot;),t?(a.show(),a.html(t)):a.hide(),e},DealRS:function(){var e=this,t=e.data.Html_brs,a=$(e.conf.rsid);a.html(&quot;&quot;),t?(a.show(),a.html(t)):a.hide();var r=e.data.Html_rrs,i=$(e.conf.rpsid);return i.html(&quot;&quot;),r&amp;amp;&amp;amp;i.html(r),e},DealBtm:function(){var e=this,t=e.data.Html_promLink_spr,a=$(e.conf.bid);return t?0===a.children().size()&amp;amp;&amp;amp;(a.show(),a.html(t)):a.hide(),B.search.Search&amp;amp;&amp;amp;B.search.Search.trigger&amp;amp;&amp;amp;B.search.Search.trigger(&quot;ready&quot;),$(window).trigger(&quot;deal-btm&quot;),e},DealCopyright:function(){var e=this,t=e.data.Html_copyright,a=$(e.conf.copyrightid);return t&amp;amp;&amp;amp;a.html(t),e},DealTablink:function(){{var e=this;e.data.Html_tablink,$(e.conf.tablinkid)}return $(&quot;#h-tabs .logo&quot;).length||$($(&quot;#h-tabs .h-tab&quot;)[0]).before($(&quot;#head .logo&quot;)),$(&quot;#h-tabs&quot;).addClass(&quot;c-flexbox&quot;),e},DealADCSS:function(){var e=this,t=e.data,a=$(&quot;#spa-ad-css&quot;),r=t.AD_CSS_1||&quot;&quot;,i=t.AD_CSS_2||&quot;&quot;,n=t.AD_CSS_BTM||&quot;&quot;;return $(&quot;#ec_dynamic_js, #ec_dynamic_css, #ec_ls_css, #ec_ls_js, #ec_ls_css_btm&quot;).remove(),0==a.length&amp;amp;&amp;amp;(a=$(&#039;&amp;lt;div id=&quot;spa-ad-css&quot; /&amp;gt;&#039;).appendTo(&quot;head&quot;)),(r||i||n)&amp;amp;&amp;amp;a.html(r+n+i),e},DealADJS:function(){var e=this,t=e.data,a=$(&quot;#spa-ad-js&quot;);if(0==a.length&amp;amp;&amp;amp;(a=$(&#039;&amp;lt;div id=&quot;spa-ad-js&quot; /&amp;gt;&#039;).appendTo(&quot;head&quot;)),a.html(&quot;&quot;),t.AD_JS)try{a.html(t.AD_JS)}catch(r){}return e},DealCSS:function(){var e=this,t=e.data;&quot;&quot;!==e.CssAttString&amp;amp;&amp;amp;(e.CssAttString=e.CssAttString.slice(0,-1),$(e.CssAttString).remove(),e.CssAttString=&quot;&quot;);for(var a in t)0==a.indexOf(&quot;Css_&quot;)&amp;amp;&amp;amp;t[a]&amp;amp;&amp;amp;(styles=&#039;&amp;lt;style id=&quot;&#039;+a+&#039;&quot;&amp;gt;&#039;+t[a]+&quot;&amp;lt;/style&amp;gt;&quot;,e.CssAttString+=&quot;#&quot;+a+&quot;,&quot;,$(&quot;head&quot;).append(styles));return e},DealJS:function(){var e=this,t=e.data;if(e.js_done)return e;e.js_done=!0;for(var a in t)0==a.indexOf(&quot;Script_&quot;)&amp;amp;&amp;amp;t[a]&amp;amp;&amp;amp;$(e.conf.rid).append(t[a]);return e},DealInapp:function(){var e=this,t=e.data.Html_inapp_spr,a=$(&quot;#spa-inapp&quot;);t?(0==a.length&amp;amp;&amp;amp;(a=$(&#039;&amp;lt;div id=&quot;spa-inapp&quot; /&amp;gt;&#039;).appendTo(&quot;#search-card&quot;)),a.html(t)):a.html(&quot;&quot;)},DealBoxnav:function(){var e=this,t=e.data.Html_boxnav_spr;$(&quot;#search-card #appad&quot;).remove(),t&amp;amp;&amp;amp;$(&quot;#search-card&quot;).append(t)}}),window.B=B}(window.A);;define(&quot;modules/prefetch/register&quot;,[&quot;require&quot;],function(){var e={};return e.regObj={conf:[],regist:function(e){var n=this,r=e;return r instanceof Object&amp;amp;&amp;amp;(r.update=r.update?r.update:function(){},n.conf.push(r)),n},update:function(){for(var e=this,n=e.conf.length;n--;)e.conf[n].update();return e},destory:function(){for(var e=this,n=e.conf.length;n--;)&quot;function&quot;==typeof e.conf[n].destory&amp;amp;&amp;amp;e.conf[n].destory();return e}},e}),require([&quot;modules/prefetch/register&quot;],function(e){var n=window.page||(window.page={});n.regObj=e.regObj});;page.amd = {keys: {},addPaths: function(opt) {/*** 参数必须为obj, opt={&#039;a/b&#039;:&#039;a/b.js&#039;,&#039;a/c&#039;:&#039;a/c.js&#039;}*/if (typeof opt !== &quot;object&quot;) {return;};require.config({paths: opt});$.extend(page.amd.keys, opt);},exist: function(key) {if (key &amp;amp;&amp;amp; typeof page.amd.keys[key] !== &quot;undefined&quot;) {return true;};return false;}};require.config({baseUrl: &#039;//m.baidu.com/se&#039;});page.amd.addPaths({&#039;uiamd/apptips/invokeBox&#039;: &quot;./static/js/uiamd/apptips/invokeBox_bc9e4c4&quot;,&#039;uiamd/apptips/apptips&#039;: &quot;./static/js/uiamd/apptips/apptips_e20a552&quot;,&#039;uiamd/iscroll/bdscroll&#039;: &quot;./static/js/uiamd/iscroll/bdscroll_08bf73c&quot;,&#039;uiamd/iscroll/Bscroll&#039;: &quot;./static/js/uiamd/iscroll/Bscroll_8941c16&quot;,&#039;uiamd/iscroll/iscroll&#039;: &quot;./static/js/uiamd/iscroll/iscroll_467cf8b&quot;,&#039;uiamd/location/location&#039;: &quot;./static/js/uiamd/location/location_94bd998&quot;,&#039;uiamd/fav/fav&#039;: &quot;./static/js/uiamd/fav/fav_c575b98&quot;,&#039;uiamd/tabs/tabs&#039;: &quot;./static/js/uiamd/tabs/tabs_fd83a0d&quot;,&#039;uiamd/chart/zxt&#039;: &quot;./static/js/uiamd/chart/zxt_977cfb3&quot;,&#039;uiamd/AddToIndex/AddToIndex&#039;: &quot;./static/js/uiamd/AddToIndex/AddToIndex_852753e&quot;,&#039;uiamd/share/share&#039;: &quot;./static/js/uiamd/share/share_b33c5bf&quot;,&#039;uiamd/share/aio&#039;: &quot;./static/js/uiamd/share/aio_a5eb6ea&quot;,&#039;uiamd/share/bShare&#039;: &quot;./static/js/uiamd/share/bShare_82907f4&quot;,&#039;uiamd/jplayer/jplayer&#039;: &quot;./static/js/uiamd/jplayer/jplayer_98a076e&quot;,&#039;uiamd/calendar/calendar&#039;: &quot;./static/js/uiamd/calendar/calendar_d874824&quot;,&#039;uiamd/ttsvoice/ttsVoice&#039;: &quot;./static/js/uiamd/ttsvoice/ttsVoice_eb43db5&quot;,&#039;uiamd/afterClick/afterClick&#039;: &quot;./static/js/uiamd/afterClick/afterClick_5ee945c&quot;,&#039;uiamd/afterClick/aftClick&#039;: &quot;./static/js/uiamd/afterClick/aftClick_79ffef4&quot;,&#039;uiamd/video/video&#039;: &quot;./static/js/uiamd/video/video_5db736b&quot;,&#039;uiamd/ttsvoice/ttsVoiceAladdin&#039;: &quot;./static/js/uiamd/ttsvoice/ttsVoiceAladdin_82a84d6&quot;,&#039;uiamd/swipe/swipe&#039;: &quot;./static/js/uiamd/swipe/swipe_6707677&quot;});page.amd.addPaths({&#039;uiamd/scene/infiniteScroll&#039;: &quot;./static/js/uiamd/scene/infiniteScroll_181dfb3&quot;,&#039;uiamd/newux/base&#039;: &quot;./static/js/uiamd/newux/base_343aae1&quot;,&#039;uiamd/newux/eventEmitter&#039;: &quot;./static/js/uiamd/newux/eventEmitter_1bd5632&quot;,&#039;uiamd/newux/showmore&#039;: &quot;./static/js/uiamd/newux/showmore_c31e9af&quot;});/* Fusion组件库 */page.amd.addPaths({&#039;fusion/deps/aio&#039;: &#039;./static/js/fusion/deps/aio_e0b46ac&#039;,&#039;fusion/deps/detect&#039;: &#039;./static/js/fusion/deps/detect_d2dad8e&#039;,&#039;fusion/deps/fusion.best&#039;: &#039;./static/js/fusion/deps/fusion.best_5bb531c&#039;,&#039;fusion/deps/fusion&#039;: &#039;./static/js/fusion/deps/fusion_4f0fdee&#039;,&#039;fusion/deps/iscroll&#039;: &#039;./static/js/fusion/deps/iscroll_d8d3456&#039;,&#039;fusion/deps/naboo&#039;: &#039;./static/js/fusion/deps/naboo_a0624f6&#039;,&#039;fusion/deps/spark&#039;: &#039;./static/js/fusion/deps/spark_10e7396&#039;,&#039;fusion/deps/cookie&#039;: &#039;./static/js/fusion/deps/cookie_fd7d6da&#039;,&#039;fusion/deps/geolocation&#039;: &#039;./static/js/fusion/deps/geolocation_9caecf3&#039;,&#039;fusion/deps/etpl&#039;: &#039;./static/js/fusion/deps/etpl_4827517&#039;,&#039;fusion/deps/bdetpl&#039;: &#039;./static/js/fusion/deps/bdetpl_fb9ed8d&#039;,&#039;fusion/b-tabs/b-tabs&#039;: &#039;./static/js/fusion/b-tabs/b-tabs_d8c3f28&#039;,&#039;fusion/b-tabs2/b-tabs2&#039;: &#039;./static/js/fusion/b-tabs2/b-tabs2_cecdcff&#039;,&#039;fusion/b-dialog/b-dialog&#039;: &#039;./static/js/fusion/b-dialog/b-dialog_95d812e&#039;,&#039;fusion/b-toast/b-toast&#039;: &#039;./static/js/fusion/b-toast/b-toast_245ba0b&#039;,&#039;fusion/b-imgfall/b-imgfall&#039;: &#039;./static/js/fusion/b-imgfall/b-imgfall_820dfbd&#039;,&#039;fusion/b-lightbox/b-lightbox&#039;: &#039;./static/js/fusion/b-lightbox/b-lightbox_1e4e862&#039;,&#039;fusion/b-infinitescroll/b-infinitescroll&#039;: &#039;./static/js/fusion/b-infinitescroll/b-infinitescroll_c153117&#039;,&#039;fusion/b-filter/b-filter&#039;: &#039;./static/js/fusion/b-filter/b-filter_e45bf0e&#039;,&#039;fusion/b-share/b-share&#039;: &#039;./static/js/fusion/b-share/b-share_cff6946&#039;,&#039;fusion/b-popup/b-popup&#039;: &#039;./static/js/fusion/b-popup/b-popup_63ff762&#039;,&#039;fusion/b-scroll/b-scroll&#039;: &#039;./static/js/fusion/b-scroll/b-scroll_4463064&#039;,&#039;fusion/b-scroll/bdscroll&#039;: &#039;./static/js/fusion/b-scroll/bdscroll_10fab41&#039;,&#039;fusion/b-city/b-city&#039;: &#039;./static/js/fusion/b-city/b-city_4201650&#039;,&#039;fusion/b-scroll/scroll&#039;: &#039;./static/js/fusion/b-scroll/scroll_973715e&#039;,&#039;fusion/b-grouplist/b-grouplist&#039;: &#039;./static/js/fusion/b-grouplist/b-grouplist_8707b43&#039;,&#039;fusion/b-tags/b-tags&#039;: &#039;./static/js/fusion/b-tags/b-tags_aba64f4&#039;,&#039;fusion/b-player/b-player&#039;: &#039;./static/js/fusion/b-player/b-player_b1816d4&#039;,&#039;fusion/b-dropdownmenu/b-dropdownmenu&#039;: &#039;./static/js/fusion/b-dropdownmenu/b-dropdownmenu_3f3d35f&#039;,&#039;fusion/b-carousel/b-carousel&#039;: &#039;./static/js/fusion/b-carousel/b-carousel_0f45d51&#039;,&#039;fusion/b-navs/b-navs&#039;: &#039;./static/js/fusion/b-navs/b-navs_2801c90&#039;});/* PMD组件库 */page.amd.addPaths({&#039;pmd/dialog/alert&#039;: &quot;./static/pmd/pmd/dialog/alert_1414167&quot;,&#039;pmd/dialog/confirm&#039;: &quot;./static/pmd/pmd/dialog/confirm_9c0e9e0&quot;,&#039;pmd/dialog/dialog&#039;: &quot;./static/pmd/pmd/dialog/dialog_ae51119&quot;,&#039;pmd/infinitescroll/infiniteScroll&#039;: &quot;./static/pmd/pmd/infinitescroll/infiniteScroll_a1aa829&quot;,&#039;pmd/popup/popup&#039;: &quot;./static/pmd/pmd/popup/popup_625c871&quot;,&#039;pmd/popup/filter&#039;: &quot;./static/pmd/pmd/popup/filter_3fa4786&quot;,&#039;pmd/scroll/bdscroll&#039;: &quot;./static/pmd/pmd/scroll/bdscroll_3ca389f&quot;,&#039;pmd/scroll/scroll&#039;: &quot;./static/pmd/pmd/scroll/scroll_b4c0cc9&quot;,&#039;pmd/scroll/scroll2&#039;: &quot;./static/pmd/pmd/scroll/scroll2_ab2e3f4&quot;,&#039;pmd/scroll/iscroll&#039;: &quot;./static/pmd/pmd/scroll/iscroll_43777fc&quot;,&#039;pmd/tabs/tabs&#039;: &quot;./static/pmd/pmd/tabs/tabs_5ca2d0b&quot;,&#039;pmd/toast/toast&#039;: &quot;./static/pmd/pmd/toast/toast_c692f90&quot;,&#039;pmd/share/share&#039;: &quot;./static/pmd/pmd/share/share_cc26fe3&quot;,&#039;pmd/player/videoPlayer&#039;: &quot;./static/pmd/pmd/player/videoPlayer_2719285&quot;,&#039;pmd/player/bdvideoPlayer&#039;: &quot;./static/pmd/pmd/player/bdvideoPlayer_c90e358&quot;,&#039;pmd/zbImgList/zbImgList&#039;: &quot;./static/pmd/pmd/zbImgList/zbImgList_041f7a8&quot;,&#039;pmd/deps/aio&#039;: &quot;./static/pmd/pmd/deps/aio_50c70c0&quot;,&#039;pmd/deps/detect&#039;: &quot;./static/pmd/pmd/deps/detect_c8b750a&quot;,&#039;pmd/deps/naboo&#039;: &quot;./static/pmd/pmd/deps/naboo_310e59a&quot;,&#039;pmd/deps/spark&#039;: &quot;./static/pmd/pmd/deps/spark_82b7cd9&quot;,&#039;pmd/deps/newux&#039;: &quot;./static/pmd/pmd/deps/newux_e00d10a&quot;});page.amd.addPaths({&#039;sf/sfview&#039;: &quot;./static/js/sf/sfview_f80cf3e&quot;,&#039;sf/sflog&#039;: &quot;./static/js/sf/sflog_7ff3f16&quot;,&#039;sf/route&#039;: &quot;./static/js/sf/route_604d86b&quot;,&#039;sf/controller&#039;: &quot;./static/js/sf/controller_ea3de86&quot;,&#039;sf/activity&#039;: &quot;./static/js/sf/activity_d7aaa93&quot;,&#039;sf/view&#039;: &quot;./static/js/sf/view_7deb4f4&quot;,&#039;sf/dataBridge&#039;: &quot;./static/js/sf/dataBridge_00e96e0&quot;,&#039;sf/message&#039;: &quot;./static/js/sf/message_181d7b2&quot;,&#039;sf/activity/sfActivity&#039;: &quot;./static/js/sf/activity/sfActivity_43e573a&quot;,&#039;sf/activity/searchActivity&#039;: &quot;./static/js/sf/activity/searchActivity_/static/js/sf/activity/searchActivity.js&quot;});page.amd.addPaths({&#039;uiamd/bdbox/base&#039;: &quot;./static/js/uiamd/bdbox/base_bae6da8&quot;,&#039;uiamd/bdbox/card&#039;: &quot;./static/js/uiamd/bdbox/card_97013e6&quot;,&#039;uiamd/bdbox/invokevideo&#039;: &quot;./static/js/uiamd/bdbox/invokevideo_34b0843&quot;,&#039;uiamd/bdbox/log&#039;: &quot;./static/js/uiamd/bdbox/log_7a527a6&quot;,&#039;uiamd/bdbox/moplus&#039;: &quot;./static/js/uiamd/bdbox/moplus_18ecb69&quot;,&#039;uiamd/bdbox/o2o&#039;: &quot;./static/js/uiamd/bdbox/o2o_0a9f000&quot;,&#039;uiamd/bdbox/openapp&#039;: &quot;./static/js/uiamd/bdbox/openapp_184e8ca&quot;,&#039;uiamd/bdbox/plugin&#039;: &quot;./static/js/uiamd/bdbox/plugin_db475d7&quot;,&#039;uiamd/bdbox/invoker&#039;: &quot;./static/js/uiamd/bdbox/invoker_b05d142&quot;,&#039;uiamd/bdbox/wiseAddToIndex&#039;: &quot;./static/js/uiamd/bdbox/wiseAddToIndex_2c1f17b&quot;,&#039;uiamd/bdbox/videoopen&#039;: &quot;./static/js/uiamd/bdbox/videoopen_eea9cb3&quot;,&#039;uiamd/bdbox/util&#039;: &quot;./static/js/uiamd/bdbox/util_e4c87fb&quot;,&#039;uiamd/bdbox/invokeNovel&#039;: &quot;./static/js/uiamd/bdbox/invokeNovel_24f4822&quot;,&#039;uiamd/bdbox/subscribe&#039;: &quot;./static/js/uiamd/bdbox/subscribe_/static/js/uiamd/bdbox/subscribe.js&quot;,&#039;uiamd/bdbox/follow&#039;: &quot;./static/js/uiamd/bdbox/follow_237243c&quot;});page.amd.addPaths({&#039;uiamd/bdboxinvoke/xsearchBdbox_v2&#039;: &quot;./static/js/uiamd/bdboxinvoke/xsearchBdbox_v2_1312efb&quot;,&#039;uiamd/bdboxinvoke/xsearchBdbox_v5&#039;: &quot;./static/js/uiamd/bdboxinvoke/xsearchBdbox_v5_35b1d9c&quot;,&#039;uiamd/bdboxinvoke/xsearchBdboxStart&#039;: &quot;./static/js/uiamd/bdboxinvoke/xsearchBdboxStart_fd3153e&quot;,&#039;uiamd/bdboxinvoke/xsearchBdboxStart_v5&#039;: &quot;./static/js/uiamd/bdboxinvoke/xsearchBdboxStart_v5_0e05c9b&quot;,&#039;uiamd/bdboxinvoke/xsearchInvokerMgr_v2&#039;: &quot;./static/js/uiamd/bdboxinvoke/xsearchInvokerMgr_v2_1287cef&quot;,&#039;uiamd/bdboxinvoke/xsearchInvokerMgr_v4&#039;: &quot;./static/js/uiamd/bdboxinvoke/xsearchInvokerMgr_v4_91bf84a&quot;,&#039;uiamd/bdboxinvoke/xsearchMgr_v2&#039;: &quot;./static/js/uiamd/bdboxinvoke/xsearchMgr_v2_848bc75&quot;,&#039;uiamd/bdboxinvoke/xsearchMgr_v4&#039;: &quot;./static/js/uiamd/bdboxinvoke/xsearchMgr_v4_15b383a&quot;});page.amd.addPaths({&#039;modules/invoke/app/app&#039;: &#039;./static/js/modules/invoke/app/app_5728695&#039;,&#039;modules/invoke/app/banner&#039;: &#039;./static/js/modules/invoke/app/banner_5fa79ba&#039;});page.amd.addPaths({&#039;modules/feedback/feedback&#039;: &#039;./static/js/modules/feedback/feedback_b847024&#039;,&#039;modules/store/store&#039;:&#039;./static/js/modules/store/store_a77a8be&#039;,&#039;modules/share_store/share_store&#039;:&#039;./static/js/modules/share_store/share_store_109e9f4&#039;,&#039;modules/wnor_fanyi/wnor_fanyi&#039;: &#039;./static/js/modules/wnor_fanyi/wnor_fanyi_04f9f64&#039;,&#039;modules/activityEgg&#039;:&#039;./static/js/modules/activityEgg_f32abb5&#039;,&#039;modules/psEvent&#039;:&#039;./static/js/modules/psEvent_31e8a95&#039;,&#039;modules/summertips/summertips&#039;: &quot;./static/js/modules/summertips/summertips_cbe6a91&quot;});;&lt;/script&gt;&lt;script type=&quot;text/javascript&quot;&gt;!function(){function e(){}var t=function(e,t){return function(){return e.apply(t)}},a=window.B||(window.B={}),r=window.B?window.B.SPA:{},o=document.getElementById(&quot;commonBase&quot;),n=!!o.getAttribute(&quot;data-pagetimer&quot;);$(window).on(&quot;load&quot;,function(){a.windowLoaded=!0}),a.cardStyles=a.cardStyles||$(&quot;#index-card style&quot;);var s=function(e){var t=&quot;http://111.13.12.43/static/tj.gif?pagetype=prefetch&amp;amp;secure=&quot;+(&quot;https:&quot;===location.protocol?&quot;1&quot;:&quot;0&quot;),r={ta_net:&quot;tanet&quot;,taspeed:&quot;taspeed&quot;,browser:&quot;browser&quot;,iphoneid:&quot;iphoneid&quot;,lid:&quot;logid&quot;,adflag:&quot;adflag&quot;,sids:&quot;sids&quot;,query:&quot;query&quot;};for(var n in r)t+=&quot;&amp;amp;&quot;+n+&quot;=&quot;+o.getAttribute(&quot;data-&quot;+r[n]);var s={loading:e.loading-e.start,executeCode:e.executeCode-e.start,afterExecuteCode:e.afterExecuteCode-e.start,beforeRender:e.beforeRender-e.start,result3:e.result3-e.start,render:e.render-e.start};for(var n in s)t+=&quot;&amp;amp;&quot;+n+&quot;=&quot;+s[n];&quot;undefined&quot;!=typeof e.cacheStatus&amp;amp;&amp;amp;(t+=&quot;&amp;amp;prefetch=&quot;+e.cacheStatus),a&amp;amp;&amp;amp;a.comm&amp;amp;&amp;amp;a.comm.srvt&amp;amp;&amp;amp;(t+=&quot;&amp;amp;srvt=&quot;+a.comm.srvt),a&amp;amp;&amp;amp;a.comm&amp;amp;&amp;amp;a.comm.cip&amp;amp;&amp;amp;(t+=&quot;&amp;amp;cip=&quot;+a.comm.cip),t+=&quot;&amp;amp;sbfe=&quot;+(a&amp;amp;&amp;amp;a.comm&amp;amp;&amp;amp;a.comm.svrbfe||&quot;&quot;);var i=(new Date).getTime().toString(),d=window[i]=new Image;d.onload=d.onerror=d.onabort=function(){delete window[i]},d.src=t};$.loadPage=function(t){function o(e,t){regQuery=/(\|src\_)(.*?)(\||$)/,regSa=/(\|sa\_)(.*?)(\||$)/;var a=&quot;src&quot;==t?regQuery:regSa,r=a.exec(e);return r&amp;amp;&amp;amp;r.length&amp;gt;2?r[2]:&quot;&quot;}var i=this,d=t;$.extend(i,d),i.hashStore(r.lastQuery),$(&quot;.se-form&quot;).on(&quot;submit&quot;,function(){}),$(window).on(&quot;pageshow&quot;,function(e){var t=location.hash,a=/(\|src\_)(.*?)(\||$)/,r=&quot;init-baiduSearch-tag&quot;;0===t.indexOf(&quot;#%7C&quot;)&amp;amp;&amp;amp;(t=t.replace(/%7C/g,&quot;|&quot;)),t&amp;amp;&amp;amp;(r=a.exec(t)[2]?a.exec(t)[2]:&quot;&quot;,e.persisted?setTimeout(function(){$(&quot;.se-input&quot;).val(decodeURIComponent(r))},0):i.hashStore(r))});var c=location.hash;$(window).on(&quot;hashchange&quot;,function(){{var t,a,s=location.hash,d=/(\|src\_)(.*?)(\||$)/;d.exec(s)}0===s.indexOf(&quot;#%7C&quot;)&amp;amp;&amp;amp;(s=s.replace(/%7C/g,&quot;|&quot;));var h=c;0===h.indexOf(&quot;#%7C&quot;)&amp;amp;&amp;amp;(h=h.replace(/%7C/g,&quot;|&quot;));var l=o(h,&quot;src&quot;),p=o(h,&quot;sa&quot;),t=o(s,&quot;src&quot;),u=o(s,&quot;sa&quot;);if(c=s,t!=l||u!=p){if(i.hashStore(t),a=i.hisHash,s&amp;amp;&amp;amp;t){var m=!1;n&amp;amp;&amp;amp;(m={tag:&quot;search&quot;,start:(new Date).getTime()}),&quot;index&quot;===$(&quot;body&quot;).data(&quot;curPage&quot;)&amp;amp;&amp;amp;$(&quot;body&quot;).data(&quot;curPage&quot;,&quot;search&quot;),e($(i.chQs).eq(1).offset().top-8),$(&quot;.fullscreen &amp;gt; .btn-back&quot;).trigger(&quot;touchstart&quot;),$(&quot;.se-page-tips,.results,.se-relativewords&quot;).empty(),$(&quot;#search-btm-zone,#pagenav&quot;).hide(),$(&quot;#index-card&quot;).hide(),$(&quot;#search-card&quot;).show(),$(r.conf.dyMid).attr(&quot;data-query&quot;,t),$(r.conf.dyMid).data(&quot;pn&quot;,0),i.pn=0,$(&quot;body&quot;).trigger(&quot;singlePage&quot;,[m])}if(!s||-1==s.indexOf(&quot;|src_&quot;)){return&quot;/&quot;==location.pathname&amp;amp;&amp;amp;window._Zepto&amp;amp;&amp;amp;(window.$=window.Zepto=window._Zepto),void location.reload()}}}),i.html=[&quot;&quot;,&#039;&amp;lt;div class=&quot;loading&quot;&amp;gt;&amp;lt;div class=&quot;ico-loading&quot;&amp;gt;&amp;lt;span class=&quot;ico-rotate&quot;&amp;gt;&amp;lt;/span&amp;gt;&amp;lt;/div&amp;gt;正在加载，请稍候...&amp;lt;/div&amp;gt;&#039;,&#039;&amp;lt;div class=&quot;loadedtips&quot;&amp;gt;加载失败&amp;lt;div class=&quot;btn&quot;&amp;gt;点击刷新&amp;lt;/div&amp;gt;&amp;lt;/div&amp;gt;&#039;],$(&quot;body&quot;).on(&quot;singlePage&quot;,function(e,t){e.preventDefault();var r=decodeURIComponent(a.comm.query);a.chgParam(r),$(&quot;.se-form&quot;).removeClass(&quot;focus&quot;),$(&quot;.cross&quot;).hide(),$(&quot;#switchBt&quot;).removeClass(&quot;more-show&quot;).find(&quot;#arr&quot;).removeClass(&quot;arrow-show&quot;),$(&quot;#head #more&quot;).hide(),$(&quot;.callicon-wrap&quot;).removeClass(&quot;open&quot;),t&amp;amp;&amp;amp;(t.loading=(new Date).getTime()),setTimeout(function(){window.scrollTo(0,0),i.ajaxLoadResult(t)},20)}).on(&quot;singleRender&quot;,function(e,t,o,n){if(o&amp;amp;&amp;amp;(o.beforeRender=(new Date).getTime()),$(&quot;.input-hidden&quot;).appendTo(&quot;#search-card&quot;),i.showArea(),i.setDOM(0),$(&quot;#add2dest&quot;).remove(),2==a.ishome){var d=require(&quot;search/search&quot;);d.trigger(&quot;stop&quot;),d.trigger(&quot;destroy&quot;),document.getElementById(&quot;page&quot;).className=&quot;&quot;,document.getElementById(&quot;page-ft&quot;).style.display=&quot;&quot;,document.getElementById(&quot;page-copyright&quot;).style.display=&quot;&quot;,document.getElementsByClassName(&quot;se-foot-blank&quot;)[0].style.display=&quot;&quot;,$(&quot;head&amp;gt;script:not(.code-to-write)&quot;).remove(),$(&quot;body&amp;gt;script:not([data-key])&quot;).remove(),$(&quot;head&amp;gt;style:not([data-key]):not([id]):not([data-version]):not([data-for]),#css_onlyanswer&quot;).remove(),$(&quot;body&amp;gt;style:not([data-key])&quot;).remove(),d.restoreEvent()}if(t&amp;amp;&amp;amp;r.DealData(t,i,o)){a.indexStyles.forEach(function(e){$(e).remove()}),a.searchStyles.forEach(function(e){$(e).appendTo(&quot;head&quot;)}),a.cardStyles&amp;amp;&amp;amp;a.cardStyles.remove(),$(&#039;style[data-key=&quot;wwwTcss&quot;],style[data-version^=&quot;wwwTcss&quot;]&#039;).prependTo(&quot;head&quot;),$(&quot;#search-btm-zone&quot;).show();var c=($(&quot;#commonBase&quot;),$(&quot;.logo&quot;).first()),h=c.attr(&quot;href&quot;),l=a.comm.spath;l&amp;amp;&amp;amp;c.attr(&quot;href&quot;,h+&quot;&amp;amp;&quot;+l),o&amp;amp;&amp;amp;(o.render=(new Date).getTime(),s(o))}else $(&quot;#search-btm-zone&quot;).show(),location.href=(n?n:i.jumpUrl).replace(&quot;&amp;amp;at=3&quot;,&quot;&quot;).replace(/&amp;amp;mod=[012]/,&quot;&quot;);i.changeRelativeParam(),a.windowLoaded&amp;amp;&amp;amp;$(window).trigger(&quot;load&quot;)})},$.loadPage.prototype={hideArea:function(){for(var e=this,t=e.tgls.length;t--;)$(e.tgls[t]).hide();return e},showArea:function(){for(var e=this,t=e.tgls.length;t--;)$(e.tgls[t]).show();return e},changeRelativeParam:function(){var e=this;return a.regObj.destory().update(),e},hashOperate:function(e){var t=this,a=location.hash,r=/(\|src\_)(.*?)(\||$)/;return 0===a.indexOf(&quot;#%7C&quot;)&amp;amp;&amp;amp;(a=a.replace(/%7C/g,&quot;|&quot;)),location.hash=a?r.test(a)?a.replace(r,&quot;$1&quot;+e+&quot;$3&quot;):a+&quot;|src_&quot;+e+&quot;|&quot;:&quot;#|src_&quot;+e+&quot;|&quot;,t},hashStore:function(e){var t=this;return t.hisHash=t.hisHash?t.hisHash:[],t.hisHash.length&amp;gt;=3&amp;amp;&amp;amp;t.hisHash.shift(),void 0!==e&amp;amp;&amp;amp;t.hisHash.push(e),t},ajaxLoadResult:function(o){var n=this,s=$(r.conf.dyMid),i=[&quot;sa&quot;,&quot;rq&quot;,&quot;ts&quot;,&quot;dit&quot;,&quot;ms&quot;],d=&quot;&amp;amp;spr=1&amp;amp;at=3&amp;amp;wpo=base&amp;amp;rn=10&amp;amp;word=&quot;+s.attr(&quot;data-query&quot;);n.pn=0;var c=location.hash;0===c.indexOf(&quot;#%7C&quot;)&amp;amp;&amp;amp;(c=c.replace(/%7C/g,&quot;|&quot;));var h=c.match(/(\|sa_)(.*?)(\||$)/);h&amp;amp;&amp;amp;(h=decodeURIComponent(h[2]),s.attr(&quot;data-sa&quot;,h));for(var l in i){var p=s.data(i[l]);p&amp;amp;&amp;amp;(d+=&quot;&amp;amp;&quot;+i[l]+&quot;=&quot;+p)}n.jumpUrl=&quot;/s?&amp;amp;&quot;+$(r.conf.dyMid).data(&quot;prepath&quot;).replace(/#/g,&quot;&amp;amp;&quot;)+d;var u=function(){n.setDOM(1).hideArea(),$(&quot;#search-btm-zone&quot;).hide(),e($(n.chQs).eq(1).offset().top-8)},m=function(e){a.getCode(e,o,v)},f=function(){n.setDOM(2),$(n.hd).one(&quot;click&quot;,t(n.ajaxLoadResult,n))},g=decodeURIComponent(s.attr(&quot;data-query&quot;));u();var v=a.prefetch.search({word:g,params:a.prefetch.buildSearchParams(g,{spr:&quot;1&quot;}),type:&quot;ajax&quot;},m,f);return o&amp;amp;&amp;amp;(o.cacheStatus=v.cacheStatus),n},setDOM:function(e){var t=this,a=$(t.hd);return a.empty().html(t.html[e]),t},update:function(){var e=this;return e.spdStc=parseInt($(r.conf.dyMid).data(&quot;pagetimer&quot;)),e}}}();;if (typeof $.loadPage !== &#039;undefined&#039;){B.regObj.regist(new $.loadPage({&quot;tgls&quot;:[&#039;.se-page-tips&#039;,&#039;.results&#039;,&#039;#pagenav&#039;,&#039;.se-relativewords&#039;,&#039;.se-ft-promlink&#039;,&#039;.return-link&#039;],&quot;chLs&quot;:[&#039;#h-tabs a&#039;,&#039;.more-links a&#039;],&quot;chQs&quot;:&#039;#index-kw,#kw,#kw2&#039;,&quot;hd&quot;:&#039;.page-load&#039;,&#039;timeout&#039;:30000}));}&lt;/script&gt;&lt;script src=&quot;//s.bdstatic.com/common/openjs/openBox.js?_v=416235&quot;&gt;&lt;/script&gt;&lt;div id=&quot;spa-ad-css&quot;&gt;&lt;style type=&quot;text/css&quot; id=&quot;ec_ls_css&quot;&gt;/*&amp;lt;![CDATA[*/@font-face{font-family:ecomicons;src:url(//m.baidu.com/static/ecom/iphone_icons/iconfont_9a4732b.eot);src:url(//m.baidu.com/static/ecom/iphone_icons/iconfont_9a4732b.eot#iefix) format(&quot;embedded-opentype&quot;),url(//m.baidu.com/static/ecom/iphone_icons/iconfont_1fe9f7a.woff) format(&quot;woff&quot;),url(//m.baidu.com/static/ecom/iphone_icons/iconfont_f0823fb.ttf) format(&quot;truetype&quot;),url(//m.baidu.com/static/ecom/iphone_icons/iconfont_f0be303.svg?#iconfont) format(&quot;svg&quot;)}@font-face{font-family:ecomiconsadd;src:url(//m.baidu.com/static/ecom/iphone_icons/font_icons/iconfont_add_10fbec3.eot);src:url(//m.baidu.com/static/ecom/iphone_icons/font_icons/iconfont_add_b6fef5d.woff) format(&quot;woff&quot;),url(//m.baidu.com/static/ecom/iphone_icons/font_icons/iconfont_add_3ee5686.ttf) format(&quot;truetype&quot;),url(//m.baidu.com/static/ecom/iphone_icons/font_icons/iconfont_add_95839fa.svg) format(&quot;svg&quot;)}.ec-font-small{font-size:13px}.ec_url{clear:both;white-space:nowrap}.ec_ad_results{position:relative}.ec_resitem{position:relative}.ec_xiaobao{height:28px;padding:1px 0;position:absolute;top:0;right:-7px;z-index:20}.ec_xiaobao a{display:inline-block;width:24px;height:24px;padding:4px 6px 0 0}.ec_urlbtn{display:inline;position:relative;float:right}.ec_tgsk,.ec_tgsk .ec_urlbtn{background:#F5F5F5}.ec_urlline{overflow:hidden;white-space:nowrap}.ec_urlline_blank{width:100%;display:inline-block;padding:2px 0;margin:-2px 0;-webkit-tap-highlight-color:rgba(0,0,0,0)}.c-container.ec_resitem_card{margin:0;background-color:#fffcf8}.ec_guess{padding-bottom:8px;margin-top:-4px;margin-bottom:-4px}.ec_resitem_rs_more_btn_wrap{width:135px}.ec_resitem_rs_more_btn{float:right}.c-container.ec_resitem_rs{color:#666;padding-top:14px}.ec_resitem_rs_keyword{color:#333}.ec_resitem_card.ec_adv_last .c-line-bottom{border:0;padding-bottom:4px}.ec_ad_results .c-line-clamp2,.ec_ad_results .c-line-clamp3{margin-bottom:0}.c-text.ec-bgcolor-yellow{background:#f2ab36}.ec-link-blue{color:#00c}.ec-align-center{text-align:center}.ec_title .c-title{word-break:break-all}@media (min-width:375px){.ec_title .c-title{-webkit-line-clamp:3}.ec_title .c-line-clamp2{-webkit-line-clamp:2}.ec_title .c-line-clamp4{-webkit-line-clamp:4}}.ec_fright{float:right}.ec_hide{display:none}.ec_gap_left_6{margin-left:6px}.ec_wise_ad_card{margin:.06rem 0}.ec_no_gap_left{margin-left:0!important}.ec_no_gap_right{margin-right:0!important}.ec_mengya_container{background-color:#fffcf8;margin-bottom:.08rem}.ec_mengya_container .ec_my_header{color:#666}.ec_mengya_container .ec_mengya_container_header{margin-bottom:0;background-color:#fffcf8}.ec_mengya_container .ec_resitem_card,.ec_mengya_container .ec_mengya_container_header{box-shadow:none}.ec_mengya_container .ec_adv_last{box-shadow:0 1px 0 #e7e7e7}.ec_mengya_line{margin:0 .16rem}.ec-m2-right{margin-right:.15rem}.ec_clearfix:after{visibility:hidden;display:block;font-size:0;content:&quot; &quot;;clear:both;height:0}.ec-hm-hide{display:none}.ec-c-icon .c-icon{font-family:ecomicons!important}.c-container.ec-bazhun-card{margin-top:0;margin-bottom:0}.c-container.ec-bazhun{margin-bottom:-.08rem}.ec-bazhun-card.ec_adv_last .c-line-bottom{border:0}.ec-bazhun-ad{padding-bottom:.04rem;margin-top:-.04rem;margin-bottom:-.04rem}.ec-bazhun-card.ec_adv_last{padding-bottom:0}.c-container.ec-bazhun-mark{margin-top:0;padding-top:0}.ec-bazhun .ec-bazhun-wenda{margin-bottom:.12rem}.ec-bazhun-ad.ec-bazhun-wenda-first{margin-top:0}.ec-bazhun-mark .ec-bzad-no-leftgap{margin-left:0}.ec-discount{text-decoration:line-through;font-style:normal}.ec-text-v-center-o{-webkit-align-items:center}.ec-tap-noshadow{-webkit-tap-highlight-color:rgba(0,0,0,0)}.ec_tg_js {color: #999 !important;}/*]]&amp;gt;*/&lt;/style&gt;&lt;/div&gt;&lt;script type=&quot;text/javascript&quot; src=&quot;//m.baidu.com/static/searchbox/openjs/share.js?v=1.2&quot;&gt;&lt;/script&gt;&lt;script data-require-id=&quot;uiamd/bdbox/util&quot; src=&quot;//m.baidu.com/se/./static/js/uiamd/bdbox/util_e4c87fb.js&quot; async=&quot;&quot;&gt;&lt;/script&gt;&lt;script data-require-id=&quot;fusion/deps/naboo&quot; src=&quot;//m.baidu.com/se/./static/js/fusion/deps/naboo_a0624f6.js&quot; async=&quot;&quot;&gt;&lt;/script&gt;&lt;script data-require-id=&quot;fusion/deps/spark&quot; src=&quot;//m.baidu.com/se/./static/js/fusion/deps/spark_10e7396.js&quot; async=&quot;&quot;&gt;&lt;/script&gt;&lt;script data-require-id=&quot;fusion/deps/fusion.best&quot; src=&quot;//m.baidu.com/se/./static/js/fusion/deps/fusion.best_5bb531c.js&quot; async=&quot;&quot;&gt;&lt;/script&gt;&lt;script data-require-id=&quot;pmd/deps/detect&quot; src=&quot;//m.baidu.com/se/./static/pmd/pmd/deps/detect_c8b750a.js&quot; async=&quot;&quot;&gt;&lt;/script&gt;&lt;script data-require-id=&quot;pmd/share/share&quot; src=&quot;//m.baidu.com/se/./static/pmd/pmd/share/share_cc26fe3.js&quot; async=&quot;&quot;&gt;&lt;/script&gt;&lt;script data-require-id=&quot;modules/feedback/feedback&quot; src=&quot;//m.baidu.com/se/./static/js/modules/feedback/feedback_b847024.js&quot; async=&quot;&quot;&gt;&lt;/script&gt;&lt;script data-require-id=&quot;fusion/b-scroll/b-scroll&quot; src=&quot;//m.baidu.com/se/./static/js/fusion/b-scroll/b-scroll_4463064.js&quot; async=&quot;&quot;&gt;&lt;/script&gt;&lt;script data-require-id=&quot;fusion/b-toast/b-toast&quot; src=&quot;//m.baidu.com/se/./static/js/fusion/b-toast/b-toast_245ba0b.js&quot; async=&quot;&quot;&gt;&lt;/script&gt;&lt;div id=&quot;spa-ad-js&quot;&gt;&lt;script type=&quot;text/javascript&quot; id=&quot;ec_ls_js&quot;&gt;/*&amp;lt;![CDATA[*//*** @file window.FC.run方法**/;(function () {try {if (!window.FC) {window.FC = {pageScope: {}};}var onion = function () {var args = arguments;return function (next) {return Array.prototype.reduceRight.call(args, function (a,b) {return b(a);}, next);}};var createMiddleWare = function (name, doSomeThingWith) {return function (next) {return function (reqScope, pageScope) {try {doSomeThingWith(reqScope, pageScope, next);} catch (e) {console.error(&quot;FC: An exception from middleware&quot;, name, &quot;. Exception: &quot;, e);/* 继续执行下面的中间件 */next(reqScope, pageScope);}};};};var reqScope = {};var pageScope = {};var firstMw = createMiddleWare(&#039;firstMw&#039;, function (reqScope, pageScope, next) {reqScope.__pageScope = {};pageScope.set = function (key, val) {if (key === &#039;object&#039;) {$.extend(reqScope.__pageScope, key);} else {reqScope.__pageScope[key] = val;}$.extend(window.FC.pageScope, reqScope.__pageScope);};pageScope.get = function (key) {return window.FC.pageScope[key];};next(reqScope, pageScope);/* 放到最后保证一定会有run方法 */window.FC.run = function (callback) {try {return callback(reqScope, pageScope);} catch (e) {reqScope.__exceptions = reqScope.__exceptions || [];reqScope.__exceptions.push(e);}};});/* 中间件引用 *//* mwInit 初始化请求相关的smarty变量 */var mwInit = createMiddleWare(&quot;init&quot;,function(e,r,s){e.imTimeSign=&quot;48&quot;,e.searchId=&quot;945332a276759971&quot;,e.container=$&amp;amp;&amp;amp;$(&quot;.ec_r_945332a276759971&quot;),e.JDomain=&quot;&quot;,e.ppimAds=&quot;&quot;,e.searchIdDecimal=&quot;10687942014033828209&quot;,e.from=&quot;1&quot;,s(e,r),window.FC[&quot;reqScope_945332a276759971&quot;]=e});;onion(firstMw,mwInit)(function (reqScope, pageScope) {reqScope._mwTail = 1;})(reqScope, pageScope);} catch (e) {/* never get here */}})();(function(win){win.ecom = win.ecom || {};win.ecom.wise = win.ecom.wise || {};ecom.wise.JS_URL = &quot;&amp;amp;sid=945332a276759971&amp;amp;ip=182.18.106.227&amp;amp;st=111001&amp;amp;speed=292&amp;amp;browserid=4&amp;amp;osid=2&amp;amp;tn=2&amp;amp;baiduid=63A3346FC928A03FE546E7FC530F4D9C&quot;;ecom.wise.imTimeSign = &quot;48&quot;;ecom.wise.adType = &quot;&quot;;ecom.wise.mts = [];ecom.wise.asyn_ads_mode = &quot;0&quot;;ecom.wise.asyn_ads_url = &quot;{&#039;rset&#039;:&#039;ad&#039;,&#039;adext&#039;:&#039;ppads=0&amp;amp;imads=0&amp;amp;adposnum=0&amp;amp;qmdedupinfo=&#039;}&quot;;win.ecom.wise.PARAMS = {&#039;eid&#039;: &#039;116884_102571_108267_413_116297_116336_115653_109814_103569_117227_107320_117288_117270_116810_117348_117328_&#039;,&#039;baiduid&#039;: &#039;63A3346FC928A03FE546E7FC530F4D9C&#039;,&#039;query&#039;: &#039;%D6%D0%CE%C4%2Btesterhome&#039;,&#039;queryUtf8&#039;: &#039;%E4%B8%AD%E6%96%87%2Btesterhome&#039;,&#039;searchid&#039;: &#039;945332a276759971&#039;,&#039;osid&#039;: &#039;2&#039;,&#039;bwsid&#039;: &#039;4&#039;,&#039;wiseFrom&#039;: &#039;844b&#039;,&#039;ovlid&#039;: &#039;10018-dz#10070-0#10083-dz#10316-dz#10337-dz#10608-1#10670-dz#10676-dz#10802-dz#10856-dz#10859-dz#11014-3#11027-dz#11052-1#11058-dz#11063-1#11078-dz#11099-10#11217-dz#11250-1#11272-dz#11319-dz#11345-1#11411-1#11476-dz#11537-dz#11543-dz#11548-1#11555-dz#11649-dz#11679-6#11799-dz#11804-1#11933-2#11962-11#120-202#12006-1#12055-dz#12057-1#12124-dz#122-2#12272-1#12325-dz#12330-dz#12516-dz#12521-dz#12544-dz#12584-dz#12627-dz#12629-1#12654-dz#12699-1#12732-dz#12763-dz#12782-dz#12793-3#12797-dz#12802-dz#12806-1#12841-dz#12847-24#12861-1#12905-dz#12922-dz#12947-dz#12982-dz#13016-1#13021-1#13037-1#13056-1#13122-dz#13124-dz#13156-6#13171-dz#13189-1#13242-2#13255-dz#13265-dz#13267-1#13277-1#247L-dz#247LX-dz#534-dz&#039;,&#039;netType&#039; : &#039;1&#039;};win.ecom.wise.fclickType = {&#039;AD&#039;: &#039;ad&#039;,&#039;REQUEST&#039;: &#039;request&#039;,&#039;OTHER&#039;: &#039;other&#039;};win.ecom.wise.JDomain = &#039;&#039;;win.ecom.wise.adNum = &#039;0&#039;;win.ecom.wise.adDownNum = &#039;0&#039;;win.ecom.wise.adMiddleNum = &#039;0&#039;;win.ecom.wise.imglazyLoad = function(src, id){var img = document.getElementById(id);if(img){img.src = src;}};})(window);!function(){window.ecom.wise.global={run:function(n,o){try{o!==!1&amp;amp;&amp;amp;1!==window.ecom.wise.asyn_ads_mode?window.B&amp;amp;&amp;amp;window.B.one?window.B.one(&quot;load&quot;,function(){n(window.Zepto,window,document,window.ecom.wise,window.ecom.wise.global)}):$(window).one(&quot;load&quot;,function(){n(window.Zepto,window,document,window.ecom.wise,window.ecom.wise.global)}):n(window.Zepto,window,document,window.ecom.wise,window.ecom.wise.global)}catch(e){this.handleError(e)}},request:function(n,o){if(n){var e=(new Date).getTime(),i=new Image;n+=&quot;&amp;amp;rand=&quot;+(e+Math.random()),window.ecom.wise.global[&quot;--IMAGE&quot;+e]=i,o=o||{};var t=!1;i.onload=i.onerror=i.onabort=function(a){if(!o.charge)if(&quot;load&quot;!==a.type){if(!t)return i.src=n,void(t=!0);&quot;error&quot;in o&amp;amp;&amp;amp;o.error()}else&quot;load&quot;in o&amp;amp;&amp;amp;o.load();i.onload=i.onerror=i.onabort=null,window.ecom.wise.global[&quot;--IMAGE&quot;+e]=null,i=null},i.src=n}},log:function(n,o){var e=window.ecom.wise.PARAMS,i=[];for(var t in e)e.hasOwnProperty(t)&amp;amp;&amp;amp;i.push(encodeURIComponent(t)+&quot;=&quot;+encodeURIComponent(e[t]));for(var t in o)o.hasOwnProperty(t)&amp;amp;&amp;amp;i.push(encodeURIComponent(t)+&quot;=&quot;+encodeURIComponent(o[t]));this.request(n+&quot;?&quot;+i.join(&quot;&amp;amp;&quot;))},fclick:function(n,o,e){e=e||{},e.type=window.ecom.wise.fclickType[o]||&quot;&quot;;var i=&quot;https://sp0.baidu.com/-rU_dTmfKgQFm2e88IuM_a/w.gif&quot;;e.tag=n;var t={sourceid:&quot;&quot;,rank:&quot;&quot;,mt:&quot;&quot;,xpath:&quot;&quot;,type:&quot;&quot;,tag:&quot;&quot;};for(var a in e)e.hasOwnProperty(a)&amp;amp;&amp;amp;(t[a]=e[a]);this.log(i,t)},adFclick:function(tag,$dom,data){var attrVal=$dom.getAttribute(&quot;data-fclick&quot;)||&quot;{}&quot;,params=eval(&quot;(&quot;+attrVal+&quot;)&quot;);for(var key in data)data.hasOwnProperty(key)&amp;amp;&amp;amp;(params[key]=data[key]);this.fclick(tag,&quot;AD&quot;,params)},getXPath:function(n,o){for(var e,i,t,a=[];n&amp;amp;&amp;amp;n!==o;)e=n.tagName,i=this.getNodePosition(n),t=1===i?e:e+i,a.unshift(t.toLowerCase()),n=n.parentNode;return a.join(&quot;-&quot;)},getNodePosition:function(n){for(var o=0,e=n.tagName;n;)n.tagName===e&amp;amp;&amp;amp;o++,n=n.previousSibling;return o},handleError:function(n){var o={url:window.location.href,message:n.message,datetime:(new Date).getTime(),stack:n.stack};this.fclick(&quot;wise-js-error&quot;,&quot;OTHER&quot;,o)},addParamsToUrl:function(n,o){if(-1===n.indexOf(&quot;baidu.php&quot;))return n;if(-1===n.indexOf(&quot;shh=&quot;)&amp;amp;&amp;amp;(n=n+&quot;&amp;amp;shh=&quot;+location.hostname),-1===n.indexOf(&quot;sht=&quot;)){var e=location.href.match(/from=([^&amp;amp;/]*)/);e&amp;amp;&amp;amp;(n=n+&quot;&amp;amp;sht=&quot;+e[1])}-1===n.indexOf(&quot;word=&quot;)&amp;amp;&amp;amp;(n=n+&quot;&amp;amp;word=&quot;+window.ecom.wise.PARAMS.queryUtf8);var i=window.ecom.wise.asynQuery&amp;amp;&amp;amp;o&amp;amp;&amp;amp;o!==window.ecom.wise.imTimeSign;return i&amp;amp;&amp;amp;(n=n.replace(/&amp;amp;word=[^&amp;amp;]*/,&quot;&amp;amp;word=&quot;+window.ecom.wise.asynQuery)),n},chargingRequest:function(n,o){n=this.addParamsToUrl(n,o);var e=window.ecom.wise.ck;if(o||(o=window.ecom.wise.imTimeSign),e){var i=e.addCkOnUrl(n,o);this.request(i,{charge:!0})}else this.request(n)},getUrlByReplaceRcvJDomain:function(n){var o=window.ecom.wise.JDomain;if(&quot;&quot;===o)return n;var e=/(url=[^\.]+\.)([^\.]+)(\.[^\.]+)/;return n.replace(e,&quot;$1&quot;+o+&quot;$3&quot;)},setLoadingPanel:function(n){$(&quot;body&quot;).append(&#039;&amp;lt;div class=&quot;&#039;+n.maskClass+&#039;&quot; &amp;gt;&amp;lt;/div&amp;gt;&#039;),$(&quot;body&quot;).append(&#039;&amp;lt;div class=&quot;&#039;+n.loadingClass+&#039;&quot;&amp;gt;&amp;lt;i class=&quot;&#039;+n.loadingBlue+&#039;&quot;&amp;gt;&amp;lt;/i&amp;gt;&amp;lt;i class=&quot;&#039;+n.loadingRed+&#039;&quot;&amp;gt;&amp;lt;/i&amp;gt;加载中..&amp;lt;/div&amp;gt;&#039;),$(&quot;.&quot;+n.loadingClass).css({marginTop:n.marginTop}),$(&quot;.&quot;+n.maskClass).css({height:n.height,display:n.show})},openLoadingPanel:function(){var n={maskClass:&quot;ec_mask&quot;,loadingClass:&quot;ec_loading&quot;,loadingBlue:&quot;ec_loading_blue&quot;,loadingRed:&quot;ec_loading_red&quot;,height:Math.max($(window).height(),$(&quot;html&quot;).height()),marginTop:window.scrollY-60,show:&quot;block&quot;,hide:&quot;none&quot;},o=$(&quot;.&quot;+n.maskClass),e=$(&quot;.&quot;+n.loadingClass);0===o.length&amp;amp;&amp;amp;0===e.length?this.setLoadingPanel(n):(o.css({display:n.show}),e.css({marginTop:n.marginTop,display:n.show}))},closeLoadingPanel:function(){var n=$(&quot;.ec_mask&quot;),o=$(&quot;.ec_loading&quot;);0&amp;lt;n.length&amp;amp;&amp;amp;0&amp;lt;o.length&amp;amp;&amp;amp;(n.css({display:&quot;none&quot;}),o.css({display:&quot;none&quot;}))},updateImgSrc:function(n){var o=$(n).attr(&quot;update-url&quot;);o&amp;amp;&amp;amp;(n.src=o,$(n).removeAttr(&quot;update-url&quot;))},createScript:function(n,o,e){var i=document.createElement(&quot;script&quot;),t=function(){};return i.onerror=o||t,i.onload=e||t,n&amp;amp;&amp;amp;(i.src=n),document.head.appendChild(i),i},deleteNode:function(n){n&amp;amp;&amp;amp;null!==n.parentNode&amp;amp;&amp;amp;n.parentNode.removeChild(n)},runOnce:function(){window.ecom.wise.runOnceList||(window.ecom.wise.runOnceList={});var n=window.ecom.wise.runOnceList,o=Function.prototype.toString,e=Object.prototype.toString;return function(i,t,a,r){if(&quot;[object Function]&quot;===e.call(t))if(r!==!1){var s=o.call(t).replace(/\s+/g,&quot;&quot;);n[s+(void 0===a?&quot;&quot;:a)]||(n[s+(void 0===a?&quot;&quot;:a)]=!0,t.call(i))}else n[a]||(n[a]=!0,t.call(i))}}(),addComponent:function(n,o){if(this.components||(this.components={}),!this.components[n]){var e=function(){};this.components[n]=o.call(e)}},getComponent:function(n){return this.components&amp;amp;&amp;amp;this.components[n]?this.components[n]:!1},ajaxJSONP:function(n){var o,e,i=this,t=!1,a=n.timeout||2e3,r=n.url||&quot;&quot;,s=n.data||{},c=n.success||null,d=n.error||null,l=[],w=&quot;ecomJSONP&quot;+ ++window.ecom.wise.jsonpId,u=null,m=function(){window[w]=null};for(var p in s)s.hasOwnProperty(p)&amp;amp;&amp;amp;l.push(encodeURIComponent(p)+&quot;=&quot;+encodeURIComponent(s[p]));l.push(&quot;callback=&quot;+w),r=(r+&quot;&amp;amp;&quot;+l.join(&quot;&amp;amp;&quot;)).replace(/[&amp;amp;?]{1,2}/,&quot;?&quot;),window[w]=function(){u=arguments};var h=function(){clearTimeout(o),d instanceof Function&amp;amp;&amp;amp;!t&amp;amp;&amp;amp;(t=!0,d()),i.deleteNode(e)},f=function(){clearTimeout(o),c instanceof Function&amp;amp;&amp;amp;c.apply(c,u),i.deleteNode(e)},e=i.createScript(r,h,f),o=setTimeout(function(){d instanceof Function&amp;amp;&amp;amp;!t&amp;amp;&amp;amp;(t=!0,d()),h=null,m()},a)}}}();window.ecom.wise.global.run(function(){window.ecom.wise.Ck=function(){function n(n){return C=document.body,x=0,b=0,y=0,S=0,O=0,M=0,Y=0,q=0,B=0,N=0,_=&quot;none&quot;,T=0,X=0,j=&quot;none&quot;,D=0,H=0,K=0,U=0,z=0,F=0,W=n,e(),{addCkOnUrl:m,clearCount:g,addAdsCk:k}}function e(){C.addEventListener(&quot;touchstart&quot;,r,!0),C.addEventListener(&quot;touchend&quot;,o,!0),C.addEventListener(&quot;touchmove&quot;,i,!0),C.addEventListener(&quot;click&quot;,u,!0),window.addEventListener(&quot;scroll&quot;,c,!0),window.B&amp;amp;&amp;amp;window.B.one&amp;amp;&amp;amp;window.B.one(&quot;destroy&quot;,function(){t()})}function t(){C.removeEventListener(&quot;touchstart&quot;,r,!0),C.removeEventListener(&quot;touchend&quot;,o,!0),C.removeEventListener(&quot;touchmove&quot;,i,!0),C.removeEventListener(&quot;click&quot;,u,!0),window.removeEventListener(&quot;scroll&quot;,c,!0)}function r(n){var e=n.touches.item(0);S=parseInt(e.pageX,10),O=parseInt(e.pageY,10),a(),x=l(n),d(n)}function o(n){b=l(n),y=b&amp;gt;x?Math.round(b-x):0,d(n)}function i(n){c(n)}function c(n){I||(I=!0,Y=window.scrollY);var e=window.scrollY,t=Math.abs(e-M),r=s(M,e)||_,o=l(n);f(t,r)&amp;amp;&amp;amp;(o&amp;gt;B&amp;amp;&amp;amp;(B=o),&quot;none&quot;===j&amp;amp;&amp;amp;(j=_,q=o),j!==_&amp;amp;&amp;amp;(w(),q=o,j=_)),M=e}function u(n){D=l(n),H=n.pageX,K=n.pageY,d(n)}function d(n){var e=h(n.target,W);e&amp;amp;&amp;amp;(z=e.offsetWidth,F=e.offsetHeight)}function a(){I&amp;amp;&amp;amp;&quot;none&quot;!==j&amp;amp;&amp;amp;(w(),X=0,I=!1,_=&quot;none&quot;)}function f(n,e){return&quot;none&quot;===_&amp;amp;&amp;amp;(_=e),e!==_?(_=e,X=0):X+=n,X&amp;gt;G}function s(n,e){return e&amp;gt;n?&quot;up&quot;:n&amp;gt;e?&quot;down&quot;:!1}function w(){T++,N+=Math.round(B-q),j=&quot;none&quot;}function l(n){if(0!==n.timeStamp)return n.timeStamp;var e=new Date;return e.getTime()}function v(n,e){for(var t=0,r=n.length;r&amp;gt;t;t++)if(n[t]===e)return!0;return!1}function h(n,e){for(var t=document.querySelectorAll(e),r=n.parentNode;r&amp;amp;&amp;amp;!v(t,r);)r=r.parentNode;return r}function m(n,e,t){var r=E(n,e,t),o=/&amp;amp;ck=[\w.]*/;return r===!1?n:(-1===n.indexOf(&quot;&amp;amp;ck=&quot;)?n+=&quot;&amp;amp;ck=&quot;+r:n=n.replace(o,&quot;&amp;amp;ck=&quot;+r),n)}function g(){T=0,N=0}function k(n,e){for(var t,r=n.length-1;r&amp;gt;=0;r--){t=n[r].querySelectorAll(&quot;a&quot;);for(var o=t.length-1;o&amp;gt;=0;o--){var i=t[o];&quot;A&quot;===i.tagName&amp;amp;&amp;amp;&quot;&quot;!==i.href&amp;amp;&amp;amp;-1!==i.href.indexOf(&quot;baidu&quot;)&amp;amp;&amp;amp;(p(i,e,1),i.addEventListener(&quot;touchend&quot;,function(){D=0,H=0,K=0,p(this,e)},!0),i.addEventListener(&quot;click&quot;,function(){p(this,e),g()},!0))}}}function p(n,e,t){n.href=m(n.href,e,t)}function E(n,e,t){if(&quot;string&quot;!=typeof n)return!1;if(-1===n.indexOf(&quot;baidu.php?url=&quot;)&amp;amp;&amp;amp;-1===n.indexOf(&quot;link?url=&quot;))return!1;if(1===t)return&quot;0.0.0.0.0.0.0.0.0.0.0&quot;;var r;if(r=L(n,e,y,S),r===!1)return!1;U=0,D&amp;gt;0&amp;amp;&amp;amp;D&amp;gt;b&amp;amp;&amp;amp;(U=Math.round(D-b));var o=[r,y,S,O,z,F,T,N,U,H,K].join(&quot;.&quot;);return o}function L(n,e,t,r){var o,i=/\?url\=([^\.]+)\./,c=/link\?url\=([^\&amp;amp;]+)/,u=0;if(o=c.exec(n)||i.exec(n)){var d=t*e%99+9,a=o[1].length;c.exec(n)&amp;amp;&amp;amp;(a=o[1].length&amp;lt;20?o[1].length:20);for(var f=0;d&amp;gt;f;++f)u+=o[1].charCodeAt(r*f%a);return u}return!1}var A,C,x,b,y,S,O,I,M,Y,q,B,N,_,T,X,j,D,H,K,U,W,z,F,G=10;return{getInstance:function(e){return A||(A=n(e)),A}}}},!1),window.ecom.wise.ck=window.ecom.wise.Ck().getInstance(&quot;.ec_resitem&quot;),window.ecom.wise.global.addAdsCK=window.ecom.wise.ck.addAdsCk,window.ecom.wise.ck.addAdsCk(document.querySelectorAll(&quot;.ec_wise_ad&quot;),window.ecom.wise.imTimeSign);window.ecom.wise.global.run(function(){window.B&amp;amp;&amp;amp;window.B.one&amp;amp;&amp;amp;window.B.one(&quot;destroy&quot;,function(){window.ecom.wise&amp;amp;&amp;amp;(window.ecom.wise.mts=null,window.ecom.wise.runOnceList={},window.ecom.wise.global.components={})})});window.ecom.wise.global.run(function(e){for(var i=document.querySelectorAll(&quot;.ec_wise_ad a&quot;),s=i.length-1;s&amp;gt;=0;s--)i[s].addEventListener(&quot;click&quot;,function(){&quot;A&quot;===this.tagName&amp;amp;&amp;amp;&quot;&quot;!==this.href&amp;amp;&amp;amp;-1!==this.href.indexOf(&quot;baidu&quot;)&amp;amp;&amp;amp;(this.href=window.ecom.wise.global.addParamsToUrl(this.href,window.imTimeSignAsyn));var i=e(this).closest(&quot;.ec_resitem&quot;);if(!i||1===i.data(&quot;is-clone&quot;)){var s=&quot;&amp;amp;isClone=1&quot;,n=this.href;-1===n.indexOf(&quot;&amp;amp;isClone=&quot;)?n+=s:n=n.replace(/&amp;amp;isClone=\d/,s),this.href=n}})},!1);window.ecom.wise.global.run(function(e,i){function o(){var w=e(i).width(),c=e(i).height();if(10&amp;gt;w||20&amp;gt;c)return!n&amp;amp;&amp;amp;i.ecom.wise.global.fclick(&quot;ecom_msa_tmp_2&quot;,&quot;OTHER&quot;,{width:w,height:c}),n=!0,setTimeout(o,1e3),&quot;bad width or height&quot;;clearTimeout(t);var r=[w,c].join(&quot;_&quot;);i.B&amp;amp;&amp;amp;i.B.cookie&amp;amp;&amp;amp;i.B.cookie(&quot;MSA_WH&quot;,r,{path:&quot;/&quot;,expires:31536e6})}var t,n=!1;window.B&amp;amp;&amp;amp;window.B.one&amp;amp;&amp;amp;window.B.one(&quot;destroy&quot;,function(){clearTimeout(t)}),o()});!function(e,t){var n=e.ecom.wise||{},r=&quot;https://sp0.baidu.com/-rU_dTmfKgQFm2e88IuM_a/w.gif?&quot;;n.request=function(t,n){var i=n||{};i.tag=t;var s=[],o=e.ecom.wise.PARAMS;for(var a in o)s.push(encodeURIComponent(a)+&quot;=&quot;+encodeURIComponent(o[a]));for(var a in i)s.push(encodeURIComponent(a)+&quot;=&quot;+encodeURIComponent(i[a]));this.log(r+s.join(&quot;&amp;amp;&quot;))},n.log=function(e){try{n.global.request(e)}catch(t){n.global.handleError(t)}},n.getBodyScrollTop=function(){return $(e).scrollTop()},n.getPatternClass=function(e){return new RegExp(&quot;(^|\\s)&quot;+e+&quot;(\\s|$)&quot;)},n.getElementsByClassName=function(e,n){if(elem=n||t,elem.getElementsByClassName)return elem.getElementsByClassName(e);var r=[],i=elem.getElementsByTagName(&quot;*&quot;);for(var s in i)this.getPatternClass(e).test(i[s].className)&amp;amp;&amp;amp;r.push(i[s]);return r},n.getChildrenNode=function(e,t){for(var n=[],r=0;r&amp;lt;e.length;r++)if(e[r]){var i=e[r].getElementsByTagName(&quot;*&quot;);for(var s in i)if(this.getPatternClass(t).test(i[s].className)){n.push(e[r]);break}}return n},n.computerObj=function(e,t){var n={};for(var r in e)n[r]=e[r];for(var r in t)n[r]=t[r];return n},n.addEvent=function(e,t,n,r){e.addEventListener?e.addEventListener(t,n,r):e.attachEvent?e.attachEvent(&quot;on&quot;+t,n):e[&quot;on&quot;+t]=n},n.trim=function(e){e=e.replace(/^(\s|\u00A0)+/,&quot;&quot;);for(var t=e.length-1;t&amp;gt;=0;t--)if(/\S/.test(e.charAt(t))){e=e.substring(0,t+1);break}return e},n.isEmptyAds=function(e){if(!e)return null;var t=e.indexOf(&quot;ppads=&quot;),n=e.indexOf(&quot;imads=&quot;);return-1==t||-1==n?null:0==e.substr(t+6,1)&amp;amp;&amp;amp;0==e.substr(n+6,1)},n.setCooike=function(e,t){var n=10,r=0===e.bottom?&quot;w_&quot;+e.wise+&quot;_1.00&quot;:&quot;b_&quot;+e.bottom+&quot;_1.00&quot;;document.cookie=r==t?&quot;btm=1; expires=&quot;+new Date(parseFloat((new Date).getTime())+1e3*n).toGMTString():&quot;btm=1; expires=&quot;+new Date(parseFloat((new Date).getTime())-1).toGMTString()},n.setCooikeRefresh=function(t){var n=t.split(&quot;_&quot;),r=n[0],i=n[1];return(&quot;t&quot;===r||&quot;w_1_0.00&quot;===t)&amp;amp;&amp;amp;(i=0),&quot;b&quot;===r&amp;amp;&amp;amp;(i=10),&quot;m&quot;===r?&quot;mid ads do not update wpr&quot;:void(e.B&amp;amp;&amp;amp;e.B.cookie(&quot;wpr&quot;,i,{expires:864e5}))},n.getItemTitle=function(e){if(!e)return&quot;&quot;;var t=e.innerText,n=t.indexOf(&quot;\n&quot;),r=t.substr(0,n);return encodeURIComponent(r)},n.getFTitle=function(e,t,r){var i=n.getItemTitle(e),s=n.getItemTitle(n.wiseItem[r]);return ecom.wise.his_title_ftitle=n.trim(i),ecom.wise.his_title_stitle=n.trim(s),ecom.wise.his_title_ftime=t,&quot;&amp;amp;ftitle=&quot;+n.trim(i)+&quot;&amp;amp;ftime=&quot;+t+&quot;&amp;amp;stitle=&quot;+n.trim(s)+&quot;&amp;amp;furl=&quot;+n.getWiseUrl($(&quot;.result&quot;))},n.getScrollTitle=function(e,t){var r=e.split(&quot;:&quot;)[0],i=r.split(&quot;_&quot;),s=i[0];if(&quot;t&quot;===s)return n.getFTitle(n.wiseItem[1],t,2);var o=parseInt(i[1],10);return 0===parseFloat(i[2])&amp;amp;&amp;amp;o--,o=o&amp;gt;9?9:o,n.getFTitle(n.wiseItem[o],t,9===o?8:o+1)},n.TransferString=function(e){var t=e;try{t=t.replace(/\r\n/g,&quot;&quot;),t=t.replace(/\n/g,&quot;&quot;)}catch(n){}return t.substring(0,16)},n.parseObj=function(e){var t;try{t=new Function(&quot;return (&quot;+e+&quot;)&quot;)()}catch(n){t=null}return t},n.ifAdsEquals=function(e,t){if(e.length!==t.length)return!1;for(var r=[],i=[],s=0;s&amp;lt;e.length;s++)r.push(n.TransferString(e[s].innerText)),i.push(n.TransferString(t[s].innerText));return r.sort().toString()==i.sort().toString()},n.getWiseUrl=function(e){for(var t=&quot;&quot;,r=0;r&amp;lt;e.length;r++){var i=n.getItemUrl(e[r]);&quot;&quot;!==i&amp;amp;&amp;amp;(t+=&quot;:&quot;+i)}return ecom.wise.his_title_furl=t.substr(1),encodeURIComponent(t.substr(1))},n.getItemUrl=function(e){var t=e.innerText.split(&quot;\n&quot;),r=t[t.length-1];return 1===t.length?&quot;&quot;:(r.split(&quot;.&quot;).length&amp;lt;3&amp;amp;&amp;amp;(r=t[t.length-2]),r.split(&quot;.&quot;).length&amp;gt;=3&amp;amp;&amp;amp;-1===r.indexOf(&quot;baidu.com&quot;)?(r=encodeURIComponent(r).replace(/%C2%A0/gi,&quot;%20&quot;),n.trim(r.split(&quot;%20&quot;)[0].replace(/\d+k/g,&quot;&quot;).split(&quot;-&quot;)[0])):&quot;&quot;)}}(window,document);!function(o){var n=o.ecom.wise||{},e=&quot;https://sp0.baidu.com/-rU_dTmfKgQFm2e88IuM_a/w.gif?&quot;;n.request=function(n,i){var t,c=[],s=o.ecom.wise.PARAMS,d={eid:!0,ovlid:!0};&quot;ecom_wise_listen_n&quot;===n&amp;amp;&amp;amp;&quot;init&quot;===i.action&amp;amp;&amp;amp;(d={}),i=i||{},i.tag=n;for(t in s)s.hasOwnProperty(t)&amp;amp;&amp;amp;!d[t]&amp;amp;&amp;amp;c.push(encodeURIComponent(t)+&quot;=&quot;+encodeURIComponent(s[t]));for(t in i)i.hasOwnProperty(t)&amp;amp;&amp;amp;c.push(encodeURIComponent(t)+&quot;=&quot;+encodeURIComponent(i[t]));this.log(e+c.join(&quot;&amp;amp;&quot;))}}(window,document);window.B&amp;amp;&amp;amp;window.B.init&amp;amp;&amp;amp;window.B.init(function(){if(window.B.utils&amp;amp;&amp;amp;window.B.utils.pageToTop){var o=new window.B.utils.pageToTop({attrs:[{event:&quot;unload&quot;,condition:null},{event:&quot;load&quot;,condition:function(){return!($(&quot;.result&quot;).length&amp;gt;0&amp;amp;&amp;amp;$(window).scrollTop()&amp;lt;$(&quot;.result&quot;).offset().top)}}]});$(&quot;.result a&quot;).click(function(){$(window).scrollTop()&amp;gt;$(&quot;.result&quot;).offset().top&amp;amp;&amp;amp;o.set(&quot;unload&quot;,!0)})}});var E=window.E||{};if(window.B&amp;amp;&amp;amp;(&quot;amd&quot;in E||(E.amd={keys:B.amd.keys,addPaths:function(e){if(&quot;object&quot;==typeof e){for(var i in e){if(B.amd.exist(i))return void delete e[i];e[i]=&quot;../static/ecom&quot;+e[i]}B.amd.addPaths(e)}}}),E.amd.addPaths({&quot;ec/baseview&quot;:&quot;/js/view/baseview_5e7380b&quot;,&quot;activity/iframe/iframe&quot;:&quot;/js/activity/iframe/iframe_5df6e05&quot;,&quot;activity/gelunbu/ershoufang&quot;:&quot;/js/activity/gelunbu/ershoufang_ad7559f&quot;,&quot;wise/grid_search/ticket_search/crypto&quot;:&quot;/js/wise/grid_search/ticket_search/crypto.min_1924384&quot;,&quot;wise/grid_search/ticket_search/guohang&quot;:&quot;/js/wise/grid_search/ticket_search/ticket_search_guohang_list_e5ecf7c&quot;,&quot;wise/grid_search/ticket_search/xiecheng&quot;:&quot;/js/wise/grid_search/ticket_search/ticket_search_xiecheng_list_003c700&quot;,&quot;wise/grid_search/city/city_list&quot;:&quot;/js/wise/grid_search/city/city_list_e9764bb&quot;})),page&amp;amp;&amp;amp;page.amd&amp;amp;&amp;amp;page.amd.addPaths){var addPaths=function(e){if(&quot;object&quot;==typeof e){for(var i in e)page.amd.exist(i)?delete e[i]:e[i]=&quot;../static/ecom&quot;+e[i];page.amd.addPaths(e)}};addPaths({&quot;ec/ecomSf&quot;:&quot;/js/wise/home/ecomSf_a926000&quot;,&quot;ec/commonAdsFetcher&quot;:&quot;/js/wise/home/commonAdsFetcher_2707d4c&quot;})}!function(e){var t=e.ecom||{},n=e.ecom.wise||{},a=&quot;.results&quot;,r=!1,s=null,i=t.wise.asyn_ads_url,o=-1!==i.indexOf(&quot;{&quot;)&amp;amp;&amp;amp;-1!==i.indexOf(&quot;}&quot;),d=0,l=&quot;&quot;,c=function(){n.doClone&amp;amp;&amp;amp;n.doClone()};n.getAysnAds=function(a,s,u,p){if(s&amp;gt;d&amp;amp;&amp;amp;(d=s,l=n.getScrollTitle(a,s)),r||!p||n.getBodyScrollTop()&amp;lt;=u)return void c();if(i+=l,r=!0,o){var f=n.parseObj(t.wise.asyn_ads_url);return f.cb=n.dealResultNew,void(e.B&amp;amp;&amp;amp;e.B.asyn&amp;amp;&amp;amp;e.B.asyn(f))}$.ajax({url:i+&quot;&amp;amp;r=&quot;+(new Date).getTime().toString().slice(-5,-1),dataType:&quot;json&quot;,timeout:1e4,success:function(e){n.dealResult(e)},error:function(){n.request(&quot;ecom_wise_aysn_ads&quot;,{action:&quot;xmlHTTPError&quot;})}})},n.dealResultNew=function(e){for(var t=e.ads.list,a=null,r=0;r&amp;lt;t.length;r++)2===parseInt(t[r].id,10)&amp;amp;&amp;amp;(a=t[r].html);a&amp;amp;&amp;amp;(n.repaint(a,e.ads.global.js,e.ads.global.css),n.setSearchItem(),c(),n.replaceErs(e.rs),n.showInfoTip())},n.dealResult=function(e){return s=e,0!==s.err_no?void n.request(&quot;ecom_wise_aysn_ads&quot;,{action:&quot;xmlHTTPExp&quot;,errcode:s.err_no}):(n.repaint(s.data.ad_data,s.data.ad_js,s.data.ad_css),n.setSearchItem(),c(),void(s.data&amp;amp;&amp;amp;s.data.ad_data&amp;amp;&amp;amp;n.showInfoTip()))},n.showInfoTip=function(){e.B&amp;amp;&amp;amp;e.B.adHintShow&amp;amp;&amp;amp;e.B.adHintShow()},n.replaceErs=function(t){return t&amp;amp;&amp;amp;t.brs&amp;amp;&amp;amp;t.brs.list&amp;amp;&amp;amp;$.isArray(t.brs.list)?void(e.B.rcmd&amp;amp;&amp;amp;e.B.rcmd&amp;amp;&amp;amp;e.B.rcmd.rs&amp;amp;&amp;amp;e.B.rcmd.rs.update(t.brs.list,function(){},function(){})):&quot;&quot;},n.repaint=function(e,t,n){var r=$(0===$(&quot;#rest_10&quot;).length?a:&quot;#rest_10&quot;),s=document.createElement(&quot;div&quot;),i=&quot;&quot;;n&amp;amp;&amp;amp;(i=&#039;&amp;lt;style type=&quot;text/css&quot;&amp;gt;&#039;+n+&quot;&amp;lt;/style&amp;gt;&quot;),e&amp;amp;&amp;amp;(i+=e),s.innerHTML=i,r.append(s);var o=document.createElement(&quot;script&quot;);o.type=&quot;text/javascript&quot;,o.innerHTML=t,s.appendChild(o)}}(window,document);!function(t,n,i){i.util=i.util||{};var e=i.util;e.exist=function(t,n){if(&quot;string&quot;!=typeof t)return!1;for(var i=t.split(&quot;.&quot;),e=window,o=0,r=i.length;r&amp;gt;o;o++)if(e=e[i[o]],!e)return!1;return&quot;function&quot;==typeof n&amp;amp;&amp;amp;n(e),!0},e.wait=function(t,n){var i,e=this,o=10,r=1e3;i=setInterval(function(){return e.exist(t)?(clearInterval(i),void e.exist(t,n)):0&amp;gt;=o?void clearInterval(i):void o--},r)},e.runSafety=function(t,n){try{&quot;function&quot;==typeof t&amp;amp;&amp;amp;t()}catch(i){&quot;function&quot;==typeof n&amp;amp;&amp;amp;n(i)}}}(window,document,window.ecom||{});!function(e){var o=e.ecom.wise||{};o.setCooikeRefresh=function(o){var i=o.split(&quot;_&quot;),t=i[0],n=i[1];return(&quot;t&quot;===t||&quot;w_1_0.00&quot;===o)&amp;amp;&amp;amp;(n=0),&quot;b&quot;===t&amp;amp;&amp;amp;(n=10),&quot;m&quot;===t?&quot;mid ads do not update wpr&quot;:void e.ecom.util.wait(&quot;B.cookie&quot;,function(e){e(&quot;wpr&quot;,n,{expires:864e5})})}}(window,document);!function(win,doc,ecom,B){function init(){wise.setSearchItem(),wise.topAds=initItem.top,wise.delayInit()}var wise=ecom.wise||{},EC_ITEM=&quot;ec_resitem&quot;,WISE_ITEM=&quot;result&quot;,EC_AD=&quot;ec_wise_ad&quot;,isAsyn=!0,hasScroll=!1,initScrollTop=0,url=ecom.wise.asyn_ads_url,rsPos=0,w4Pos=0,w10Pos=0,w10Hit=0,hasRs=!1,wpos=1===parseInt(ecom.wise.PARAMS.osid,10)?1:4,ResItem=function(){this.isAD=!1,this.top=0,this.bottom=0,this.height=0,this.index=0,this.isTop=!0,this.title=&quot;&quot;,this.sourceId=&quot;&quot;,this.position=&quot;&quot;},InitItemfun=function(){this.adt=0,this.adb=0,this.wst=0,this.top=0,this.wise=0,this.middle=0,this.bottom=0,this.adpos=&quot;&quot;,this.pbt=-1,this.yxh=-1,this.zoom=0,this.validHeight=0,this.initViewZone=&quot;&quot;,this.adsHeight=&quot;&quot;,this.availHeight=screen.availHeight,this.availWidth=screen.availWidth,this.winHeight=$(win).height(),this.winWidth=$(win).width(),this.action=&quot;init&quot;,this.model=&quot;&quot;,this.monitor=&quot;&quot;},ScrollItemfun=function(){this.startHeight=0,this.startTime=0,this.endHeight=0,this.endTime=0,this.scrollTime=0,this.scrollLen=0,this.scrollInter=0,this.scrolldirect=0,this.stayTime=0,this.startViewZone=&quot;&quot;,this.endViewZone=&quot;&quot;,this.adpos=&quot;&quot;,this.touchStart=&quot;&quot;,this.touchEnd=&quot;&quot;,this.action=&quot;scroll&quot;,this.model=&quot;&quot;,this.monitor=&quot;&quot;},adsArray=[],initItem=new InitItemfun,scrollItem=new ScrollItemfun,topAdsNum=1,midAdsNum=1,wiseNum=1,btmAdsNum=1;wise.getSearchHeight=function(){var t=$(&quot;#page-bd&quot;);return t.length&amp;gt;0&amp;amp;&amp;amp;t.offset().top||0},wise.getYouXuanHeight=function(){var t=$(&quot;.ec_youxuan_card&quot;);return t.length&amp;gt;0&amp;amp;&amp;amp;t.height()||0},wise.getIsZoom=function(){var t=$(&quot;.result .c-title&quot;);return t.length&amp;gt;0&amp;amp;&amp;amp;t.css(&quot;font-size&quot;)&amp;amp;&amp;amp;parseInt(t.css(&quot;font-size&quot;),10)/18||0},wise.getModel=function(){function updateViewTime(){var t=adsArray.length,e=wise.getBodyScrollTop(),i=e+$(win).height();if(scrollInfo.stayTime&amp;gt;3e4){var s={};s[scrollInfo.scrollInter+&quot;_stay&quot;]=scrollInfo.stayTime,extPattern.push(s),scrollInfo.stayTime=250}for(var o=0;t&amp;gt;o;o++){var r=adsArray[o],n=r.position+&quot;&quot;+r.index,a=ads[n];a||(a=ads[n]={},a.viewTime=0),i-r.top&amp;gt;=40&amp;amp;&amp;amp;r.top+r.height-e&amp;gt;=40?(a.scrollIn=!0,a.viewTime+=r.top&amp;gt;=e&amp;amp;&amp;amp;r.top+r.height&amp;lt;=i?scrollInfo.scrollTime+scrollInfo.stayTime:scrollInfo.scrollTime):a.scrollIn&amp;amp;&amp;amp;(a.scrollIn=!1,a.viewTime+=scrollInfo.scrollTime+scrollInfo.stayTime)}}function getViewTime(){var t=[];for(var e in ads)ads.hasOwnProperty(e)&amp;amp;&amp;amp;t.push(e+&quot;:&quot;+ads[e].viewTime);return t.join(&quot;#&quot;)}function handleClick(t){var e=$(this),i=$(t.target);&quot;A&quot;!==t.target.tagName&amp;amp;&amp;amp;(i=$(t.target).parents(&quot;a&quot;)),0!==i.length&amp;amp;&amp;amp;&quot;&quot;!==i.attr(&quot;href&quot;)&amp;amp;&amp;amp;0!==i.attr(&quot;href&quot;).indexOf(&quot;javascript&quot;)&amp;amp;&amp;amp;setMonitorInfo(e,i)}function setMonitorInfo(elem,elemA){var href;if(elem.hasClass(&quot;.ec_resitem&quot;))direction.push(2);else{direction.push(3);var logData=elem.data(&quot;log&quot;);ecom.util.runSafety(function(){if(logData){var data=eval(&quot;(&quot;+logData+&quot;)&quot;);href=data.mu?data.mu:href}})}var data={info:elem.data(&quot;ecom-log-info&quot;),url:href||elemA.attr(&quot;href&quot;),t:(new Date).getTime()};localStorage.setItem(&quot;ecom_scroll_monitor&quot;,JSON.stringify(data))}function init(t){adsArray=$.extend([],t.adsArray),scrollInfo=$.extend({},t.scrollInfo);var e=localStorage.getItem(&quot;ecom_scroll_monitor&quot;);if(e&amp;amp;&amp;amp;null===history.state){var i=(new Date).getTime();direction.push(4),ecom.util.runSafety(function(){var s=JSON.parse(e);if(!s)return s;var o={i:s.info,ct:s.t,bt:i,t:i-s.t,u:s.info&amp;amp;&amp;amp;(&quot;w&quot;===s.info.split(&quot;_&quot;)[0]?s.url:&quot;&quot;)};t.initItem?t.initItem.monitor=JSON.stringify(o):t.scrollInfo.monitor=JSON.stringify(o),localStorage.removeItem(&quot;ecom_scroll_monitor&quot;)})}return scrollInfo.scrolldirect&amp;amp;&amp;amp;direction.push(&quot;T&quot;===scrollInfo.scrolldirect?0:1),updateViewTime(),JSON.stringify({vt:getViewTime(),pt:direction.join(&quot;&quot;),ext:extPattern,vsh:$(win).height()-wise.getSearchHeight(),asid:wise.PARAMS.asynsid||&quot;&quot;,rd:unique})}var unique=(new Date).getTime(),ads={},direction=[],extPattern=[],scrollInfo,adsArray=[];return $(&quot;.ec_resitem&quot;).live(&quot;click&quot;,handleClick),$(&quot;.result&quot;).live(&quot;click&quot;,handleClick),init}(),wise.getImItem=function(t,e,i,s){var o=t.length;switch(s){case&quot;t&quot;:initItem.top+=o;break;case&quot;w&quot;:initItem.wise+=o;break;case&quot;b&quot;:initItem.bottom+=o;break;case&quot;m&quot;:initItem.middle+=o}for(var r=[],n=0;o&amp;gt;n;n++){var a=new ResItem,l=$(t[n]);a.$elem=l;var m=l.offset();a.isAD=e,a.position=s,a.top=parseInt(m.top,10),a.height=parseInt(m.height,10);var c=l.parent(&quot;.ec_ad_results&quot;).attr(&quot;sourceid&quot;);if(e&amp;amp;&amp;amp;(a.sourceId=c?c:&quot;0&quot;),0!==a.height){switch(a.bottom=a.top+a.height,&quot;w&quot;===s&amp;amp;&amp;amp;0===n&amp;amp;&amp;amp;(rsPos=a.top),&quot;w&quot;===s&amp;amp;&amp;amp;window.B&amp;amp;&amp;amp;B.comm&amp;amp;&amp;amp;B.comm.onlyshow&amp;amp;&amp;amp;1===n&amp;amp;&amp;amp;(rsPos=a.top),&quot;w&quot;===s&amp;amp;&amp;amp;n===wpos&amp;amp;&amp;amp;(w4Pos=a.top),&quot;w&quot;===s&amp;amp;&amp;amp;a.top&amp;gt;w10Pos&amp;amp;&amp;amp;(w10Pos=a.top,w10Hit=a.height-20),s){case&quot;t&quot;:a.index=topAdsNum++;break;case&quot;w&quot;:a.index=wiseNum++;break;case&quot;b&quot;:a.index=btmAdsNum++;break;case&quot;m&quot;:a.index=midAdsNum++;break;case&quot;p&quot;:a.index=1}a.isTop=i,r.push(a)}else switch(s){case&quot;t&quot;:initItem.top--;break;case&quot;w&quot;:initItem.wise--;break;case&quot;b&quot;:initItem.bottom--;break;case&quot;m&quot;:initItem.middle--}}return r},wise.setAdsHeight=function(){for(var t=adsArray.length,e=0;t&amp;gt;e;e++){var i=adsArray[e];initItem.adsHeight+=&quot;_&quot;+i.position,initItem.adsHeight+=i.index+&quot;:&quot;+i.height,i.sourceId&amp;amp;&amp;amp;(initItem.adsHeight+=&quot;|&quot;+i.sourceId);var s=[i.position,i.index,i.sourceId].join(&quot;_&quot;);i.$elem.data(&quot;ecom-log-info&quot;,s)}},wise.setSearchItem=function(){adsArray=[],initItem=new InitItemfun,topAdsNum=1,wiseNum=1,btmAdsNum=1,midAdsNum=1,wise.wiseItem=this.getElementsByClassName(WISE_ITEM),wise.wiseItem=Array.prototype.slice.call(wise.wiseItem);var t=this.getImItem(wise.wiseItem.slice(0,10),!1,!0,&quot;w&quot;);if(wise.wiseItem.length&amp;gt;0){var e=$(wise.wiseItem[0]).offset().top;initItem.wst=e&amp;gt;0?e:0}var i=this.getElementsByClassName(EC_AD),s=this.getChildrenNode(i,EC_ITEM),o=$(s[0]).offset(),r=[];0!==s.length&amp;amp;&amp;amp;(initItem.adt=parseInt(o.top,10),initItem.adb=parseInt(o.top,10)+parseInt(o.height,10));for(var n=0;n&amp;lt;s.length;n++){var a=$(s[n]).offset();parseInt(a.top,10)&amp;lt;rsPos&amp;amp;&amp;amp;parseInt(a.height,10)&amp;gt;0&amp;amp;&amp;amp;(r=this.getImItem(this.getElementsByClassName(EC_ITEM,s[n]),!0,!0,&quot;t&quot;),adsArray=adsArray.concat(r),initItem.adb=parseInt(a.top,10)+parseInt(a.height,10))}for(adsArray=adsArray.concat(t),n=0;n&amp;lt;s.length;n++){parseInt($(s[n]).offset().top,10)&amp;gt;w10Pos&amp;amp;&amp;amp;parseInt($(s[n]).offset().height,10)&amp;gt;0&amp;amp;&amp;amp;(r=this.getImItem(this.getElementsByClassName(EC_ITEM,s[n]),!0,!1,&quot;b&quot;),adsArray=adsArray.concat(r));var l=$(s[n]).offset();parseInt(l.top,10)&amp;gt;rsPos&amp;amp;&amp;amp;parseInt(l.top,10)&amp;lt;w10Pos&amp;amp;&amp;amp;parseInt(l.height,10)&amp;gt;0&amp;amp;&amp;amp;(r=this.getImItem(this.getElementsByClassName(EC_ITEM,s[n]),!0,!1,&quot;m&quot;),adsArray=adsArray.concat(r))}var m=$(&quot;.ec_wise_ad .ec_brandAd&quot;);m.length&amp;gt;0&amp;amp;&amp;amp;(r=this.getImItem(m,!1,!0,&quot;p&quot;),adsArray=adsArray.concat(r)),adsArray=adsArray.concat(this.getImItem(wise.wiseItem.slice(10),!1,!1,&quot;w&quot;)),adsArray.sort(function(t,e){return t.top-e.top}),this.setAdsHeight(),wise.initItem=initItem},wise.calViewZone=function(t,e){var i=adsArray.length;if(0&amp;gt;=i)return&quot;w_0_0.00:w_0_0.00&quot;;for(var s=i-1,o=s,r=0;i&amp;gt;r;r++)if(t&amp;lt;adsArray[r].top){o=0===r?0:r-1;break}var n=t-adsArray[o].top;n=0&amp;gt;n?0:n;var a=(n/adsArray[o].height).toFixed(2);isNaN(a)&amp;amp;&amp;amp;(a=&quot;0.00&quot;),a=a&amp;gt;1?&quot;1.00&quot;:a;for(var l=adsArray[o].position+&quot;_&quot;+adsArray[o].index+&quot;_&quot;+a;i&amp;gt;r;r++)if(e&amp;lt;adsArray[r].top){s=0&amp;gt;r-1?0:r-1;break}n=e-adsArray[s].top,n=0&amp;gt;n?0:n,a=(n/adsArray[s].height).toFixed(2),a=a&amp;gt;1?&quot;1.00&quot;:a;var m=adsArray[s].position+&quot;_&quot;+adsArray[s].index+&quot;_&quot;+a;return l+&quot;:&quot;+m},wise.moveScroll=function(){hasScroll||(hasScroll=!0,scrollItem.startHeight=scrollItem.endHeight,scrollItem.startTime=(new Date).getTime(),scrollItem.stayTime=scrollItem.startTime-scrollItem.endTime,scrollItem.startViewZone=scrollItem.endViewZone),null!=wise.isEmptyAds(decodeURIComponent(url))&amp;amp;&amp;amp;isAsyn&amp;amp;&amp;amp;Math.abs(wise.getBodyScrollTop()-initScrollTop)&amp;gt;10&amp;amp;&amp;amp;wise.getAysnAds(scrollItem.startViewZone,scrollItem.stayTime,w4Pos,0===initItem.bottom),ecom.wise.rscontent&amp;amp;&amp;amp;!hasRs&amp;amp;&amp;amp;(hasRs=!0,B.rcmd&amp;amp;&amp;amp;B.rcmd.toprq&amp;amp;&amp;amp;B.rcmd.toprq.update&amp;amp;&amp;amp;B.rcmd.toprq.update({word:ecom.wise.rscontent.substr(1).split(&quot;_&quot;),from:&quot;ecom&quot;})),clearTimeout(wise.scrollId),wise.scrollId=setTimeout(function(){scrollItem.endHeight=$(win).height()+wise.getBodyScrollTop(),scrollItem.endTime=(new Date).getTime(),scrollItem.scrollInter+=1,scrollItem.scrollTime=scrollItem.endTime-scrollItem.startTime,scrollItem.scrollLen=scrollItem.endHeight-scrollItem.startHeight,scrollItem.scrolldirect=scrollItem.scrollLen&amp;gt;=0?&quot;B&quot;:&quot;T&quot;,scrollItem.endViewZone=wise.calViewZone(wise.getBodyScrollTop(),scrollItem.endHeight),wise.setAdPos(scrollItem.endViewZone),scrollItem.model=wise.getModel({adsArray:adsArray,scrollInfo:scrollItem}),wise.request(&quot;ecom_wise_listen_n&quot;,wise.computerObj(scrollItem,{top:initItem.top,wise:initItem.wise,middle:initItem.middle,bottom:initItem.bottom})),wise.setCooike(initItem,scrollItem.endViewZone.split(&quot;:&quot;)[1]),wise.setCooikeRefresh(scrollItem.endViewZone.split(&quot;:&quot;)[0]),hasScroll=!1},300)},wise.setAdPos=function(t){var e=t.split(&quot;:&quot;)[1],i=e.split(&quot;_&quot;),s=i[0],o=i[1],r=i[2];if(0===scrollItem.adpos.length)scrollItem.adpos=&quot;w&quot;===s?0===initItem.top?&quot;t_0_0.00&quot;:&quot;t_&quot;+initItem.top+&quot;_1.00&quot;:e;else{var n=scrollItem.adpos.split(&quot;_&quot;),a=n[0],l=n[1],m=n[2];if(&quot;t&quot;===a){if(&quot;m&quot;===s)return;&quot;t&quot;===s?(o&amp;gt;l||o===l&amp;amp;&amp;amp;r&amp;gt;m)&amp;amp;&amp;amp;(scrollItem.adpos=e):&quot;w&quot;===s?o&amp;gt;10?0!==initItem.bottom&amp;amp;&amp;amp;(scrollItem.adpos=&quot;t_&quot;+initItem.bottom+&quot;_1.00&quot;):scrollItem.adpos=0===initItem.top?&quot;t_0_0.00&quot;:&quot;t_&quot;+initItem.top+&quot;_1.00&quot;:scrollItem.adpos=e}else&quot;b&quot;===s?(o&amp;gt;l||o===l&amp;amp;&amp;amp;r&amp;gt;m)&amp;amp;&amp;amp;(scrollItem.adpos=e):&quot;w&quot;===s&amp;amp;&amp;amp;o&amp;gt;10&amp;amp;&amp;amp;0!==initItem.bottom&amp;amp;&amp;amp;(scrollItem.adpos=&quot;t_&quot;+initItem.bottom+&quot;_1.00&quot;)}},wise.delayInit=function(){function t(t){var e=t.touches[0];scrollItem.touchStart=Math.round(e.clientX)+&quot;_&quot;+Math.round(e.clientY)}function e(t){var e=t.changedTouches[0];scrollItem.touchEnd=Math.round(e.clientX)+&quot;_&quot;+Math.round(e.clientY)}scrollItem.startTime=scrollItem.endTime=(new Date).getTime();var i=scrollItem.startHeight=scrollItem.endHeight=$(win).height()+wise.getBodyScrollTop();if(initScrollTop=wise.getBodyScrollTop(),initItem.initViewZone=wise.calViewZone(wise.getBodyScrollTop(),i),wise.setCooikeRefresh(initItem.initViewZone.split(&quot;:&quot;)[0]),scrollItem.startViewZone=scrollItem.endViewZone=initItem.initViewZone,initItem.pbt=this.getSearchHeight(),initItem.yxh=this.getYouXuanHeight(),initItem.zoom=this.getIsZoom(),initItem.validHeight=$(win).height()-initItem.pbt,wise.adsArray=adsArray,initItem.model=this.getModel({adsArray:adsArray,scrollInfo:scrollItem,initItem:initItem}),0===initItem.top)initItem.adpos=&quot;t_0_0.00&quot;;else{var s=initItem.initViewZone.split(&quot;:&quot;)[1],o=s.substr(0,1);initItem.adpos=&quot;t&quot;===o?s:&quot;t_&quot;+initItem.top+&quot;_1.00&quot;}wise.request(&quot;ecom_wise_listen_n&quot;,initItem),window.B&amp;amp;&amp;amp;B.comm&amp;amp;&amp;amp;B.comm.onlyshow&amp;amp;&amp;amp;0===B.comm.onlyshow.indexOf(&quot;3&quot;)&amp;amp;&amp;amp;(isAsyn=!1,$(win).one(&quot;onlyshowMore&quot;,function(){wise.setSearchItem(),isAsyn=!0})),$(win).on(&quot;scroll&quot;,wise.moveScroll),$(document).on(&quot;touchstart&quot;,t),$(document).on(&quot;touchend touchcancel&quot;,e),window.B&amp;amp;&amp;amp;window.B.one&amp;amp;&amp;amp;window.B.one(&quot;destroy&quot;,function(){$(win).off(&quot;scroll&quot;,wise.moveScroll),$(document).off(&quot;touchstart&quot;,t),$(document).off(&quot;touchend touchcancel&quot;,e)})},init()}(window,document,window.ecom,window.B);window.ecom.wise.global.run(function(e,i,o,c){if(c.getSearchHeight){var t=c.getSearchHeight();i.B&amp;amp;&amp;amp;i.B.cookie&amp;amp;&amp;amp;i.B.cookie(&quot;MSA_PBT&quot;,t,{path:&quot;/&quot;,expires:2592e6})}},!0);window.ecom.wise.global.run(function(o,e,i,n){if(n.getIsZoom){var t=Math.round(1e3*n.getIsZoom());e.B&amp;amp;&amp;amp;e.B.cookie&amp;amp;&amp;amp;e.B.cookie(&quot;MSA_ZOOM&quot;,t,{path:&quot;/&quot;,expires:2592e6})}},!0);ecom.wise.global.run(function(t){var e=0,i=Array.prototype.slice;t.ecom=t.ecom||{},t.ecom.widget=function(e,i,n){var o,r,s,a={},u=e.split(&quot;.&quot;)[0];e=e.split(&quot;.&quot;)[1],r=u+&quot;-&quot;+e,n||(n=i,i=t.ecom.Widget),o=t[e]=function(t,e){return this._createWidget?void(arguments.length&amp;amp;&amp;amp;this._createWidget(t,e)):new o(t,e)},t.extend(o,{_proto:t.extend({},n),_childConstructors:[]}),s=new i,s.options=t.ecom.widget.extend({},s.options),t.each(n,function(e,n){return t.isFunction(n)?void(a[e]=function(){var t=function(){return i.prototype[e].apply(this,arguments)},o=function(t){return i.prototype[e].apply(this,t)};return function(){var e,i=this._super,r=this._superApply;return this._super=t,this._superApply=o,e=n.apply(this,arguments),this._super=i,this._superApply=r,e}}()):void(a[e]=n)}),o.prototype=t.ecom.widget.extend(s,a,{constructor:o,namespace:u,widgetName:e,widgetFullName:r}),t.ecom.widget.bridge(e,o)},t.ecom.widget.bridge=function(e,n){function o(e,i){var n=e[p],o=n&amp;amp;&amp;amp;u[n];if(void 0===i)return o||r(e);if(o){if(i in o)return o[i];var s=d(i);if(s in o)return o[s]}return c.call(t(e),i)}function r(e,i,n){var o=e[p]||(e[p]=++t.uuid),r=u[o]||(u[o]=s(e));return void 0!==i&amp;amp;&amp;amp;(r[d(i)]=n),r}function s(e){var i={};return t.each(e.attributes||g,function(e,n){0==n.name.indexOf(&quot;data-&quot;)&amp;amp;&amp;amp;(i[d(n.name.replace(&quot;data-&quot;,&quot;&quot;))]=t.zepto.deserializeValue(n.value))}),i}var a=n.prototype.widgetFullName||e,u={},c=t.fn.data,d=t.camelCase,p=&quot;Zepto&quot;+ +new Date,g=[];t.fn[n.prototype.namespace+&quot;_&quot;+e]=function(e){var s=&quot;string&quot;==typeof e,u=i.call(arguments,1),c=this;return e=!s&amp;amp;&amp;amp;u.length?t.ecom.widget.extend.apply(null,[e].concat(u)):e,this.each(s?function(){var i,n=o(this,a);if(n&amp;amp;&amp;amp;t.isFunction(n[e])&amp;amp;&amp;amp;&quot;_&quot;!==e.charAt(0))return i=n[e].apply(n,u),void 0!==i?(c=i,!1):void 0}:function(){r(this,a,new n(e,this))}),c}},t.ecom.widget.extend=function(e){for(var n,o,r=i.call(arguments,1),s=0,a=r.length;a&amp;gt;s;s++)for(n in r[s])o=r[s][n],r[s].hasOwnProperty(n)&amp;amp;&amp;amp;void 0!==o&amp;amp;&amp;amp;(e[n]=t.isPlainObject(o)?t.isPlainObject(e[n])?t.ecom.widget.extend({},e[n],o):t.ecom.widget.extend({},o):o);return e},t.ecom.Widget=function(){},t.ecom.Widget.prototype={widgetName:&quot;widget&quot;,options:{selector:{}},getSelf:function(){return this},_createWidget:function(i,n){n=t(n||this.defaultElement||this)[0],this.element=t(n),this.uuid=e++,this.eventNamespace=&quot;.&quot;+this.widgetName+this.uuid,this.options=t.ecom.widget.extend({},this.options,i);var o=this;t.each(this.options.selector,function(t,e){o[t]=o.element.find(e)}),this.bindings=t(),this._init()},_init:function(){},_on:function(e,i){var n,o=this;i?(e=n=t(e),this.bindings=this.bindings.add(e)):(i=e,e=this.element,n=this.widget()),t.each(i,function(i,n){function r(){return(&quot;string&quot;==typeof n?o[n]:n).apply(o,arguments)}&quot;string&quot;!=typeof n&amp;amp;&amp;amp;(r.guid=n.guid=n.guid||r.guid||t.guid++);var s=i.match(/^(\w+)\s*(.*)$/),a=s[1]+o.eventNamespace,u=s[2];u?e.find(u).on(a,r):e.bind(a,r)})}}});/*速度变量初始化*/window.ecom.wise.adType = [];/*遍历上下方广告条数和叠加MT*//*speed*/window.ecom.wise.global.run(function(){var adArr = window.ecom.wise.adType || [],keyArr = [],valArr = [],resArr = [];var CompositeArr = function(arr){this.arr = arr;};/*格式化遍历组合数组*/CompositeArr.prototype.iteration = function(obj){for(var i = 0; i &amp;lt; obj.length; i++){var key = obj[i].split(&quot;=&quot;)[0];var val = obj[i].split(&quot;=&quot;)[1];if(!keyArr[key]){keyArr[key] = &quot;true&quot;;valArr[key] = key + &quot;=&quot; + val;}else{valArr[key] = valArr[key] + &quot;_&quot; + val;}}for(var k in valArr){resArr.push(valArr[k]);}window.ecom.wise.adType = resArr. join(&quot;&amp;amp;&quot;);};var contactArr = new CompositeArr(adArr);contactArr.iteration(adArr);});!function(e){$(&quot;.ec_youxuan_card, .ec_dx_wrapper&quot;).length||e.B&amp;amp;&amp;amp;B.onload(function(){window.B.one(&quot;destroy&quot;,function(){clearTimeout(window.ecom.wise.adcheckSt)});var e=$(&quot;.c-result&quot;).length,o=$(&quot;.se-noresult-tips&quot;).length;0===e&amp;amp;&amp;amp;window.ecom.wise.global.fclick(&quot;adblock&quot;,&quot;AD&quot;,{action:&quot;nonature&quot;,adNum:window.ecom.wise.adNum+&quot;_&quot;+window.ecom.wise.adDownNum+&quot;_&quot;+window.ecom.wise.adMiddleNum,natureResultNum:e,noResultTip:o}),window.ecom.wise.adcheckSt=setTimeout(function(){var e=0,o=[],i=$(&#039;[sourceid=&quot;160&quot;] .ec_resitem, [sourceid=&quot;111&quot;] .ec_resitem&#039;),c=i.length;c&amp;lt;window.ecom.wise.adNum&amp;amp;&amp;amp;(e=2),0===e&amp;amp;&amp;amp;i.each(function(){o.push($(this).height()),$(this).height()&amp;lt;50&amp;amp;&amp;amp;(e=1)}),0!==e&amp;amp;&amp;amp;(window.ecom.wise.ecomdataup&amp;amp;&amp;amp;(i.remove(),$(&quot;#results&quot;).prepend(window.ecom.wise.ecomdataup),window.ecom.wise.ck.addAdsCk(document.querySelectorAll(&quot;.ec-ad-like-nature&quot;),window.ecom.wise.imTimeSign),window.ecom.wise.global.fclick(&quot;adblock&quot;,&quot;AD&quot;,{isBlock:e,height:o.join(&quot;_&quot;),adDomNum:c,adNum:window.ecom.wise.adNum,action:&quot;replace&quot;}),$(&quot;.ec-ad-like-nature&quot;).removeClass(&quot;ec-ad-like-nature&quot;)),window.ecom.wise.global.fclick(&quot;adblock&quot;,&quot;AD&quot;,{isBlock:e,height:o.join(&quot;_&quot;),adDomNum:c,adNum:window.ecom.wise.adNum}))},2e3)})}(window,document);/*** @file 异步加载js*//* globals nirvana */(function (win, $) {win.ecom = win.ecom || {};win.ecom.wise = win.ecom.wise || {};ecom.wise.asyn_ads_mode = parseInt(&#039;0&#039;, 10);ecom.wise.getAsynRs = function (cls) {return $(&#039;.ec_wise_asyn&#039;); /*需要判断原始广告中是否含有下方广告*/};ecom.wise.asynQuery = &quot;&quot;;if (ecom.wise.asyn_ads_mode === 1) {win.ecom.wise.PARAMS.asynsid = &#039;945332a276759971&#039;;win.ecom.wise.imTimeSignAsyn = parseInt(&#039;48&#039;, 10);if (window.ecom.wise.ck.addAdsCk) {window.ecom.wise.ck.addAdsCk(ecom.wise.getAsynRs(&#039;.ec_wise_ad&#039;), win.ecom.wise.imTimeSignAsyn);} else {window.ecom.wise.global.addAdsCK(ecom.wise.getAsynRs(&#039;.ec_wise_ad&#039;), win.ecom.wise.imTimeSignAsyn);}}var asynDom =  $(ecom.wise.getAsynRs(&#039;.ec_wise_ad&#039;)).find(&#039;a&#039;);asynDom.on(&#039;click&#039;, function(e) {if (this.tagName === &#039;A&#039; &amp;amp;&amp;amp; this.href !== &#039;&#039; &amp;amp;&amp;amp; this.href.indexOf(&#039;baidu&#039;) !== -1) {this.href = window.ecom.wise.global.addParamsToUrl(this.href, win.ecom.wise.imTimeSignAsyn);}})})(window, Zepto);ecom.wise.global.run(function(i){i(&quot;.ec_wise_ad&quot;).not(&quot;.ec-hm-hide&quot;).attr(&quot;style&quot;,&quot;display:block !important;visibility: visible !important;&quot;),i(&quot;.ec_ad_results&quot;).not(&quot;.ec_newyouxuan&quot;).attr(&quot;style&quot;,&quot;display:block !important;visibility: visible !important;&quot;),i(&quot;.ec_resitem&quot;).attr(&quot;style&quot;,&quot;display:block !important;visibility: visible !important;&quot;)});/*]]&amp;gt;*/&lt;/script&gt;&lt;/div&gt;&lt;script data-require-id=&quot;modules/invoke/app/banner&quot; src=&quot;//m.baidu.com/se/./static/js/modules/invoke/app/banner_5fa79ba.js&quot; async=&quot;&quot;&gt;&lt;/script&gt;&lt;script data-require-id=&quot;uiamd/bdbox/base&quot; src=&quot;//m.baidu.com/se/./static/js/uiamd/bdbox/base_bae6da8.js&quot; async=&quot;&quot;&gt;&lt;/script&gt;&lt;script src=&quot;//graph.baidu.com/mms/graph/static/resource/sdk/mobile-wise.js?v=1498446123623&quot; async=&quot;&quot;&gt;&lt;/script&gt;&lt;script data-require-id=&quot;fusion/b-scroll/bdscroll&quot; src=&quot;//m.baidu.com/se/./static/js/fusion/b-scroll/bdscroll_10fab41.js&quot; async=&quot;&quot;&gt;&lt;/script&gt;&lt;script data-require-id=&quot;fusion/b-scroll/scroll&quot; src=&quot;//m.baidu.com/se/./static/js/fusion/b-scroll/scroll_973715e.js&quot; async=&quot;&quot;&gt;&lt;/script&gt;&lt;script data-require-id=&quot;fusion/deps/fusion&quot; src=&quot;//m.baidu.com/se/./static/js/fusion/deps/fusion_4f0fdee.js&quot; async=&quot;&quot;&gt;&lt;/script&gt;&lt;script src=&quot;//graph.baidu.com/mms/graph/static/resource/sdk/v1.9.9/mms-wise.js&quot; async=&quot;&quot; charset=&quot;UTF-8&quot;&gt;&lt;/script&gt;&lt;style type=&quot;text/css&quot;&gt;.graph-mms-toast{display:none;position:fixed;left:50%;top:50%;padding:15px 10px;border-radius:4px;background-color:rgba(0,0,0,.85);font-size:14px;color:#fff;-webkit-transform:translate(-50%,-50%);transform:translate(-50%,-50%);z-index:990}.graph-mms-toast.visible{display:block}.graph-mms-loading{padding:50px 10px 15px}.graph-mms-loading:before{content:&quot;&quot;;position:absolute;left:50%;top:50%;width:32px;height:32px;margin-left:-16px;margin-top:-31px;border-radius:50%;border:2px solid hsla(0,0%,100%,.5);border-top-color:#ddd;-webkit-animation:loading-rotation 1s ease 0s infinite normal;animation:loading-rotation 1s ease 0s infinite normal}@-webkit-keyframes loading-rotation{0%{-webkit-transform:rotate(1deg);transform:rotate(1deg)}to{-webkit-transform:rotate(1turn);transform:rotate(1turn)}}@keyframes loading-rotation{0%{-webkit-transform:rotate(1deg);transform:rotate(1deg)}to{-webkit-transform:rotate(1turn);transform:rotate(1turn)}}&lt;/style&gt;&lt;script data-require-id=&quot;uiamd/bdbox/follow&quot; src=&quot;//m.baidu.com/se/./static/js/uiamd/bdbox/follow_237243c.js&quot; async=&quot;&quot;&gt;&lt;/script&gt;&lt;script data-require-id=&quot;fusion/deps/iscroll&quot; src=&quot;//m.baidu.com/se/./static/js/fusion/deps/iscroll_d8d3456.js&quot; async=&quot;&quot;&gt;&lt;/script&gt;&lt;style data-for=&quot;pmd/share/share&quot;&gt;.c-share-list{overflow:hidden}.c-share-list .c-flexbox:not(:first-of-type){margin-top:12px}.c-share-list .c-share-btn{width:50px;-webkit-box-flex:1;-webkit-flex:1 1 auto;color:#666;text-align:center;font-size:13px;line-height:1}.c-share-list .c-share-btn .c-img{max-width:50px;margin:0 auto;background:#fff;border:1px solid #f0f0f0;border-radius:50%}.c-share-cancel-btn,.c-share-copytip-cancel-btn{width:100%;margin-top:20px;color:#333;font-size:16px;line-height:48px;background:#f8f8f8;border-top:#eaeaea 1px solid}.c-share-wechat-tips{position:fixed;top:0;left:0;z-index:999;width:100%;height:100%;background:rgba(0,0,0,.6) url(//m.baidu.com/se/static/pmd/pmd/share/images/wxtips.png) right 32px top 10px/50% no-repeat}.c-popup-wrapper .c-share-popup-modal{background-color:#f1f1f1}.c-share-popup-modal .c-popup-head{display:none}.c-share-popup-modal .c-popup-content{margin:0 auto;padding-top:20px}.c-share-popup-modal .c-share-list .c-share-btn{width:60px;font-size:11px}.c-share-popup-modal .c-share-list .c-share-btn .c-img{max-width:60px}.c-share-popup-modal .c-share-list .c-flexbox:not(:first-of-type){margin-top:28px}.c-share-copytip-content{padding:0 20px;color:#333;text-align:left}.c-share-copytip-text{font-size:16px;margin-bottom:10px}.c-share-copytip-linkwr{padding:7px 10px;font-size:14px;line-height:21px;border:1px dotted #d9d9d9;word-break:break-all}.c-share-copytip-link:visited,.c-share-copytip-link{color:#333}&lt;/style&gt;&lt;style data-for=&quot;sf25/view/sceneView&quot;&gt;#super-frame{font:14px/22px Arial,Helvetica,sans-serif;word-break:break-word;word-wrap:break-word}
.sfa-view{z-index:501;width:100%;min-height:100%;background-color:#f2f2f2;overflow:auto}
.sfa-view .sfa-body{overflow:hidden;text-align:left;padding-top:44px}
.sfa-view .sfa-head{position:fixed;top:0;left:0;z-index:501;width:100%;height:44px;line-height:44px;text-align:center;font-size:18px;background-color:#fff;color:#333;-webkit-user-select:none;user-select:none;-webkit-transform:translate3d(0,0,0);transform:translate3d(0,0,0)}
.sfa-view .sfa-back,.sfa-view .sfa-close{width:50px;height:44px;float:left;text-align:center;padding-left:2px}
.sfa-view .sfa-back i{font-size:21px}
.sfa-view .sfa-close{width:43px}
.sfa-view .sfa-close span,.sfa-view .sfa-back span{font-size:16px;vertical-align:middle}
.sfa-tool .sfa-action-more{overflow:hidden;display:inline-block;font-size:21px;width:44px}
.active .sfa-tool .sfa-action-more:active,.active .sfa-tool .sfa-action-item:active{background:rgba(51,51,51,.4)}
.sfa-action-item .sfa-tool-text{color:#666;font-size:14px;display:block;width:100%;overflow:hidden}
.sfa-view .sfa-tool{min-width:44px;height:44px;float:right;text-align:center;padding-right:4px}
.sfa-head .sfa-tool .sfa-action-item i{font-size:21px}
.sfa-view .sfa-title{width:100%;padding:0 98px;box-sizing:border-box}
.sfa-view .sfa-head-border{border-bottom:1px solid #f1f1f1}
.sfa-view .sfa-title .c-line-clamp1{padding:0 8px}
.active .sfa-head .sfa-back:active{background:rgba(51,51,51,.4)}
.sfa-tool .sfa-action-item{display:inline-block;width:44px;overflow:hidden}
.sfa-head .sfa-action-menus{display:none;float:right;width:auto;background-color:#fff;margin-right:5px;text-align:left;overflow:auto;box-shadow:0 2px 6px #d6d6d6}
.sfa-action-menus .sfa-action-item{color:#666;font-size:16px;line-height:44px;padding:0 17px;border-bottom:1px solid #f1f1f1}
.active .sfa-action-menus .sfa-action-item:active{background:rgba(51,51,51,.4)}
.sfa-action-menus .sfa-action-item .sfa-head-menu-icon{color:#666;font-size:16px;display:block;line-height:44px;width:16px;overflow:hidden;text-align:left}
.sfa-action-menus .sfa-action-item .sfa-tool-text{color:#666;font-size:16px;width:auto}
.sfa-action-menus :last-child{border-bottom:0}
.sfa-head .sfa-action-menus i{float:left;padding-right:14px}
.sfa-head .search-box{display:-webkit-box;display:-webkit-flex;display:flex;background-color:#fff;font-size:14px;padding:5px 10px 6px 17px;box-sizing:border-box;height:100%;width:100%}
.sfa-head .search-box .search-box-input-area{display:-webkit-box;display:-webkit-flex;display:flex;width:100%;box-sizing:border-box;height:34px;line-height:34px;color:#333;margin-right:7px;padding-right:3px;border-radius:16px;background:#f5f5f5}
.sfa-head .search-box .search-box-button-area{width:46px;height:34px;line-height:34px;color:#333}
.active .sfa-head .search-box .search-box-button-area:active{background:rgba(51,51,51,.4)}
.search-box .search-icon{color:#c3c3c3;line-height:35px;padding-right:6px;padding-left:13px;font-size:14px}
.search-box .search-action{line-height:34px;font-size:14px;outline:0}
.search-action-cancel-icon{width:34px;color:#e0e0e0;font-size:14px}
.search-box .search-box-input-container{-webkit-box-flex:1;-webkit-flex:1;flex:1;width:100%;height:100%;box-sizing:border-box;left:0}
.search-box .search-box-input-container input{width:100%;height:100%;font-size:14px;vertical-align:top;outline:0;color:#333}
.search-box-input::-webkit-input-placeholder{vertical-align:top;font-size:14px}
.sfa-view .sfa-loading{position:absolute;top:50%;left:50%;color:#fff;width:161px;height:49px;line-height:49px;margin-top:-24px;margin-left:-80px;border-radius:1px;text-align:center}
.sfa-loading .sfa-loading-icon{display:inline-block;width:37px;height:23px;margin-top:-4px;vertical-align:middle}
.sfa-view .sfa-loading.sfa-loading-tab{width:147px;height:48px;margin-left:-73px}
.sfa-view .sfa-loading .sfa-loading-icon-tab{width:100%;height:100%;overflow:hidden}
.sfa-view .sfa-loading .sfa-loading-tab-bglogo{background:url(//m.baidu.com/se/static/img/iphone/tab_loading__bg_logo.png) no-repeat;background-size:147px 48px;height:48px;width:147px}
.sfa-view .sfa-loading .sfa-loading-tab-toplight{background:url(//m.baidu.com/se/static/img/iphone/tab_loading_light.png) no-repeat;animation:1s marvel infinite;background-size:147px 48px;position:relative;height:48px;width:147px;top:-48px;left:-78px}
@keyframes marvel{0%{left:-78px}
100%{left:73px}}
.sfa-view .sfa-loading i{height:23px;width:23px;background-size:23px;background-repeat:no-repeat;background-image:url(data:image/png;base64,iVBORw0KGgoAAAANSUhEUgAAAEUAAABFCAMAAAArU9sbAAAAllBMVEUAAAA5kv85kv85kv85kv85kv85kv85kv85kv85kv85kv85kv85kv85kv85kv85kv85kv85kv85kv85kv85kv85kv85kv85kv85kv85kv85kv85kv85kv85kv85kv85kv85kv85kv85kv85kv85kv85kv85kv85kv85kv85kv85kv85kv85kv85kv85kv85kv85kv85kv98v3f9AAAAMXRSTlMA+u4H8xwSDeG7KBapjYhP28EE9jfmpJoxItOALLFuQcxrZOrXdnPHVDyVe11aSIN5drPNPgAAAx5JREFUWMOlmOl2qlAMhbcyySCiBUFRUazzVXve/+Vuk2NZTgwHvx+uVjBk2MmJopxRkvvecBn0gqXt+ecZ1DEW8654ZO3lLhTQznZHvKNj70dohrWNRDm9rYZ6Rqsiki/7uBhkiZNkg208LLyL/qGOcCkk39eD9hhm5veEZDirdsS/eRGHby9nY+lRZ1VVmJ200XfLb4mlnbmJEhzpsWegCseWEZfcFXJau3vUkX9xsZy3RvjaboJ6Zt/8vNmbK+zJWGsmKZvF/PJEg3PSb6zuMd0emE/v7hSMMGxmjgf6HI5Sr3FQC9yRsSI1qGBNSX7OnSbpjbUBNRydHo2CDbkygCo5faxoTVfnpKgzpA7XIKEW1F2oM6OeWoExyZUr2hBTJ4xALFq5wkzIGdl40xe9qWlvzsFRph20IyPNUBzp7x9LtGRE7ZcD2LGQW8L19QCLEjRBWw6keuBCxUJrRjTbZliwS+0Zchccf19PaA1/3ofNumnPimMJfl9DtGfA46HLJWpPSGcTqNAmKnCT6r7mGpP+raqG64qxW2uFxoKBcjw6vxYjlJHQiYKophfngliGVeJdgg7LqsgtXy4JsVlRI9beoMmSsM7L9cJDb1OniUAQO+nz63mYYttk/msnnVeo/ms1ydEzLpzjWgxPENH5uad1zqspuNT1ZFNB2M5LibojObxzNN9hO/59WOltfPtcqka4sVyci5pKH1bcTgr9mOzkhvl3f1LkI+BaNeVfxMtsqhWHow3ihxJkoSlWn8UcXCjEr2JrcPVX4TURs2fAv1sa+uSMCQWkmPUrubIFI/06QgXtxNvxQy58+vcAFVjMj/uhFZEKTKhxJiNT7WFIkATVMH396fgYqy7NjHk9PYqAvx/84EMc7rQNPiT8kkF9yKBTfJP73EzvgM/IuoKI3Wq5pW5NiqfyzNhY5cVNdbHe17RHfGuO1MA7Jn1dtrNWk5zo73eJ3Hg2sRgKSZA1G0JMMN4MQscwzUm4//F64oZ+0lCPS26X0k2basHcTEtsLFcWFEj86auJ1IEy5mUbD4NIF3r0bR+3lwov/gPz4J/MfidXggAAAABJRU5ErkJggg==)}
.sfa-view .sfa-loading span{display:inline-block;color:#6b6b6b;font-size:18px;padding-right:3px;vertical-align:middle}
.sfa-view-no-head .sfa-head{display:none}
.sfa-view-no-head .sfa-body{padding-top:0}
.sfa-view-transparent-head .sfa-head{background:-moz-linear-gradient(top,rgba(0,0,0,.3) 0,rgba(0,0,0,.2) 25%,rgba(0,0,0,0) 100%);background:-webkit-linear-gradient(top,rgba(0,0,0,.3) 0,rgba(0,0,0,.2) 25%,rgba(0,0,0,0) 100%);background:linear-gradient(to bottom,rgba(0,0,0,.3) 0,rgba(0,0,0,.2) 25%,rgba(0,0,0,0) 100%);color:#fff;text-shadow:0 0 1px rgba(0,0,0,.4)}
.sfa-view-transparent-head .sfa-body{padding-top:0}
.sfa-results .c-result:first-of-type .c-container:first-of-type{margin-top:0}
.sfa-top-results .c-result .c-container:first-of-type{margin:0;padding:0}&lt;/style&gt;&lt;style data-for=&quot;sf25/view/commonView&quot;&gt;#super-frame{font:14px/22px Arial,Helvetica,sans-serif;word-break:break-word;word-wrap:break-word}
.sfa-view{z-index:501;width:100%;min-height:100%;background-color:#f2f2f2;overflow:auto}
.sfa-view .sfa-body{overflow:hidden;text-align:left;padding-top:44px}
.sfa-view .sfa-head{position:fixed;top:0;left:0;z-index:501;width:100%;height:44px;line-height:44px;text-align:center;font-size:18px;background-color:#fff;color:#333;-webkit-user-select:none;user-select:none;-webkit-transform:translate3d(0,0,0);transform:translate3d(0,0,0)}
.sfa-view .sfa-back,.sfa-view .sfa-close{width:50px;height:44px;float:left;text-align:center;padding-left:2px}
.sfa-view .sfa-back i{font-size:21px}
.sfa-view .sfa-close{width:43px}
.sfa-view .sfa-close span,.sfa-view .sfa-back span{font-size:16px;vertical-align:middle}
.sfa-tool .sfa-action-more{overflow:hidden;display:inline-block;font-size:21px;width:44px}
.active .sfa-tool .sfa-action-more:active,.active .sfa-tool .sfa-action-item:active{background:rgba(51,51,51,.4)}
.sfa-action-item .sfa-tool-text{color:#666;font-size:14px;display:block;width:100%;overflow:hidden}
.sfa-view .sfa-tool{min-width:44px;height:44px;float:right;text-align:center;padding-right:4px}
.sfa-head .sfa-tool .sfa-action-item i{font-size:21px}
.sfa-view .sfa-title{width:100%;padding:0 98px;box-sizing:border-box}
.sfa-view .sfa-head-border{border-bottom:1px solid #f1f1f1}
.sfa-view .sfa-title .c-line-clamp1{padding:0 8px}
.active .sfa-head .sfa-back:active{background:rgba(51,51,51,.4)}
.sfa-tool .sfa-action-item{display:inline-block;width:44px;overflow:hidden}
.sfa-head .sfa-action-menus{display:none;float:right;width:auto;background-color:#fff;margin-right:5px;text-align:left;overflow:auto;box-shadow:0 2px 6px #d6d6d6}
.sfa-action-menus .sfa-action-item{color:#666;font-size:16px;line-height:44px;padding:0 17px;border-bottom:1px solid #f1f1f1}
.active .sfa-action-menus .sfa-action-item:active{background:rgba(51,51,51,.4)}
.sfa-action-menus .sfa-action-item .sfa-head-menu-icon{color:#666;font-size:16px;display:block;line-height:44px;width:16px;overflow:hidden;text-align:left}
.sfa-action-menus .sfa-action-item .sfa-tool-text{color:#666;font-size:16px;width:auto}
.sfa-action-menus :last-child{border-bottom:0}
.sfa-head .sfa-action-menus i{float:left;padding-right:14px}
.sfa-head .search-box{display:-webkit-box;display:-webkit-flex;display:flex;background-color:#fff;font-size:14px;padding:5px 10px 6px 17px;box-sizing:border-box;height:100%;width:100%}
.sfa-head .search-box .search-box-input-area{display:-webkit-box;display:-webkit-flex;display:flex;width:100%;box-sizing:border-box;height:34px;line-height:34px;color:#333;margin-right:7px;padding-right:3px;border-radius:16px;background:#f5f5f5}
.sfa-head .search-box .search-box-button-area{width:46px;height:34px;line-height:34px;color:#333}
.active .sfa-head .search-box .search-box-button-area:active{background:rgba(51,51,51,.4)}
.search-box .search-icon{color:#c3c3c3;line-height:35px;padding-right:6px;padding-left:13px;font-size:14px}
.search-box .search-action{line-height:34px;font-size:14px;outline:0}
.search-action-cancel-icon{width:34px;color:#e0e0e0;font-size:14px}
.search-box .search-box-input-container{-webkit-box-flex:1;-webkit-flex:1;flex:1;width:100%;height:100%;box-sizing:border-box;left:0}
.search-box .search-box-input-container input{width:100%;height:100%;font-size:14px;vertical-align:top;outline:0;color:#333}
.search-box-input::-webkit-input-placeholder{vertical-align:top;font-size:14px}
.sfa-view .sfa-loading{position:absolute;top:50%;left:50%;color:#fff;width:161px;height:49px;line-height:49px;margin-top:-24px;margin-left:-80px;border-radius:1px;text-align:center}
.sfa-loading .sfa-loading-icon{display:inline-block;width:37px;height:23px;margin-top:-4px;vertical-align:middle}
.sfa-view .sfa-loading.sfa-loading-tab{width:147px;height:48px;margin-left:-73px}
.sfa-view .sfa-loading .sfa-loading-icon-tab{width:100%;height:100%;overflow:hidden}
.sfa-view .sfa-loading .sfa-loading-tab-bglogo{background:url(//m.baidu.com/se/static/img/iphone/tab_loading__bg_logo.png) no-repeat;background-size:147px 48px;height:48px;width:147px}
.sfa-view .sfa-loading .sfa-loading-tab-toplight{background:url(//m.baidu.com/se/static/img/iphone/tab_loading_light.png) no-repeat;animation:1s marvel infinite;background-size:147px 48px;position:relative;height:48px;width:147px;top:-48px;left:-78px}
@keyframes marvel{0%{left:-78px}
100%{left:73px}}
.sfa-view .sfa-loading i{height:23px;width:23px;background-size:23px;background-repeat:no-repeat;background-image:url(data:image/png;base64,iVBORw0KGgoAAAANSUhEUgAAAEUAAABFCAMAAAArU9sbAAAAllBMVEUAAAA5kv85kv85kv85kv85kv85kv85kv85kv85kv85kv85kv85kv85kv85kv85kv85kv85kv85kv85kv85kv85kv85kv85kv85kv85kv85kv85kv85kv85kv85kv85kv85kv85kv85kv85kv85kv85kv85kv85kv85kv85kv85kv85kv85kv85kv85kv85kv85kv85kv98v3f9AAAAMXRSTlMA+u4H8xwSDeG7KBapjYhP28EE9jfmpJoxItOALLFuQcxrZOrXdnPHVDyVe11aSIN5drPNPgAAAx5JREFUWMOlmOl2qlAMhbcyySCiBUFRUazzVXve/+Vuk2NZTgwHvx+uVjBk2MmJopxRkvvecBn0gqXt+ecZ1DEW8654ZO3lLhTQznZHvKNj70dohrWNRDm9rYZ6Rqsiki/7uBhkiZNkg208LLyL/qGOcCkk39eD9hhm5veEZDirdsS/eRGHby9nY+lRZ1VVmJ200XfLb4mlnbmJEhzpsWegCseWEZfcFXJau3vUkX9xsZy3RvjaboJ6Zt/8vNmbK+zJWGsmKZvF/PJEg3PSb6zuMd0emE/v7hSMMGxmjgf6HI5Sr3FQC9yRsSI1qGBNSX7OnSbpjbUBNRydHo2CDbkygCo5faxoTVfnpKgzpA7XIKEW1F2oM6OeWoExyZUr2hBTJ4xALFq5wkzIGdl40xe9qWlvzsFRph20IyPNUBzp7x9LtGRE7ZcD2LGQW8L19QCLEjRBWw6keuBCxUJrRjTbZliwS+0Zchccf19PaA1/3ofNumnPimMJfl9DtGfA46HLJWpPSGcTqNAmKnCT6r7mGpP+raqG64qxW2uFxoKBcjw6vxYjlJHQiYKophfngliGVeJdgg7LqsgtXy4JsVlRI9beoMmSsM7L9cJDb1OniUAQO+nz63mYYttk/msnnVeo/ms1ydEzLpzjWgxPENH5uad1zqspuNT1ZFNB2M5LibojObxzNN9hO/59WOltfPtcqka4sVyci5pKH1bcTgr9mOzkhvl3f1LkI+BaNeVfxMtsqhWHow3ihxJkoSlWn8UcXCjEr2JrcPVX4TURs2fAv1sa+uSMCQWkmPUrubIFI/06QgXtxNvxQy58+vcAFVjMj/uhFZEKTKhxJiNT7WFIkATVMH396fgYqy7NjHk9PYqAvx/84EMc7rQNPiT8kkF9yKBTfJP73EzvgM/IuoKI3Wq5pW5NiqfyzNhY5cVNdbHe17RHfGuO1MA7Jn1dtrNWk5zo73eJ3Hg2sRgKSZA1G0JMMN4MQscwzUm4//F64oZ+0lCPS26X0k2basHcTEtsLFcWFEj86auJ1IEy5mUbD4NIF3r0bR+3lwov/gPz4J/MfidXggAAAABJRU5ErkJggg==)}
.sfa-view .sfa-loading span{display:inline-block;color:#6b6b6b;font-size:18px;padding-right:3px;vertical-align:middle}
.sfa-view-no-head .sfa-head{display:none}
.sfa-view-no-head .sfa-body{padding-top:0}
.sfa-view-transparent-head .sfa-head{background:-moz-linear-gradient(top,rgba(0,0,0,.3) 0,rgba(0,0,0,.2) 25%,rgba(0,0,0,0) 100%);background:-webkit-linear-gradient(top,rgba(0,0,0,.3) 0,rgba(0,0,0,.2) 25%,rgba(0,0,0,0) 100%);background:linear-gradient(to bottom,rgba(0,0,0,.3) 0,rgba(0,0,0,.2) 25%,rgba(0,0,0,0) 100%);color:#fff;text-shadow:0 0 1px rgba(0,0,0,.4)}
.sfa-view-transparent-head .sfa-body{padding-top:0}
.sfa-results .c-result:first-of-type .c-container:first-of-type{margin-top:0}
.sfa-top-results .c-result .c-container:first-of-type{margin:0;padding:0}&lt;/style&gt;&lt;/head&gt;&lt;body data-version=&quot;css_page_2@w-740eeff9,css_callapp@w-a80fdabe,css_weather@w-c0958184,css_icon@w-63e5a29a,css_plus@w-bbba1489,css_edit@w-ed8b79ac,css_modal@w-272c0b83,css_widget_sug@w-56cb21bc,css_skin@w-6f64bea2,js_esl@w-994be853,js_zepto@w-24ba472d,js_event@w-9664f247,js_fastclick@,js_utils@,js_smartymonkey@w-12266683,js_index@w-fa4a6a4d,js_banner_ctrl@w-9da8d75b,js_inputlog@w-0b6b36d2,js_bdnow@w-460640be,js_nctips@w-b7673521,js_widget_textinput@w-8ad96c42,js_widget_sug@w-05259e9d,js_mp@w-56323c10,js_hash_lib@w-89615168,js_skinRenderIndex@w-0a3b2c91,js_skinIphone@w-67123582,js_prefetch@w-7b92c25c,js_sug@w-0ead5c37,js_iscroll@w-aa601c6c,js_init@w-f08bf4d9,js_geolocation@w-eb0d6f73,js_login@w-28846d1e,js_tab@w-25d9b241,js_md5@w-b22702d3,js_url@w-807bee51,js_lswrite@w-dd6d905e,js_modal@w-e677b90c,js_thirdparty@w-b065b874,js_superstart@w-a3bad164,js_baiduloc@w-6ac6246c,js_callbaiduapp_android@w-cfe1978f&quot; data-cur-page=&quot;search&quot;&gt;&lt;script data-lsid=&quot;plus_js_head&quot;&gt;(function(){var d=window.B||(window.B={});var b=document;if(b.cookie.match(/BAIDUID=([^:]+)/)){d.id=RegExp.$1}d.lsSupport=true;try{localStorage.setItem(&quot;_t&quot;,1);localStorage.removeItem(&quot;_t&quot;)}catch(a){d.lsSupport=false}function c(e){var f;while(e.length&amp;gt;0){f=e.shift();if(typeof f===&quot;function&quot;){f()}}}d.init=(function(){var f=false;var e=[];d._fireInit=function(){f=true;c(e)};return function(g){if(f){g()}else{e.push(g)}}})();d.load=(function(){var f=false;var e=[];window.addEventListener(&quot;load&quot;,function(){f=true;setTimeout(function(){c(e)},0)},false);return function(g){if(f){g()}else{e.push(g)}}})();d.ready=(function(){var e=false;var f=[];b.addEventListener(&quot;DOMContentLoaded&quot;,function(){e=true;setTimeout(function(){c(f)},0)},false);return function(g){if(e){g()}else{f.push(g)}}})();d.$=function(e){return b.querySelector(e)};d.$$=function(e){return b.querySelectorAll(e)}})();;(function(){var b=decodeURIComponent(location.hash);var c=window.B||(window.B={});if(/\|src_(.*?)\||$/g.test(b)&amp;amp;&amp;amp;RegExp.$1){c._hash=b;c._query=RegExp.$1;var a=document.createTextNode(&quot;#index-card{display:none}#search-card{display:block}&quot;);c.$(&quot;#spa-base-style&quot;).appendChild(a)}c.asynJs=[];c.asynLoad=function(d){if(!~c.asynJs.indexOf(d)){c.asynJs.push(d)}}})();;(function(){if(/#+.*?wd=([^&amp;amp;|$]+)/.test(location.href)&amp;amp;&amp;amp;RegExp.$1){var d=RegExp.$1,b=location.search;var a=&quot;/s&quot;+b;if(b&amp;amp;&amp;amp;b.indexOf(&quot;?&quot;)&amp;gt;=0){a+=&quot;&amp;amp;&quot;}else{a+=&quot;?&quot;}a+=&quot;word=&quot;+d;location.replace(a);var c=document.createElement(&quot;meta&quot;);c.setAttribute(&quot;http-equiv&quot;,&quot;refresh&quot;);c.setAttribute(&quot;content&quot;,&quot;0;URL=&quot;+a);document.head.appendChild(c);document.body.style.display=&quot;none&quot;}})();;(function(){if(location.hash.indexOf(&quot;iview=skin&quot;)&amp;gt;-1){var a=document.createElement(&quot;style&quot;);a.setAttribute(&quot;id&quot;,&quot;skin-show&quot;);a.setAttribute(&quot;type&quot;,&quot;text/css&quot;);a.innerHTML=&quot;#index-card{display:none;}#page{background-color:#3a3a3a;}&quot;;B.$(&quot;head&quot;).appendChild(a)}})();;&lt;/script&gt;&lt;div id=&quot;page&quot;&gt;&lt;div id=&quot;index-card&quot; data-lsversion=&quot;a84843cb8b103470baidu&quot; style=&quot;margin-bottom: 50px; display: none;&quot;&gt;&lt;div id=&quot;weather&quot;&gt;&lt;div class=&quot;weather-outline&quot; data-thunder=&quot;cst:2;tid:43;logFrom:weather;logInfo:expand;ref:index_iphone;&quot;&gt;&lt;div class=&quot;icon-weather-default&quot;&gt;&lt;/div&gt;&lt;div class=&quot;weather-num&quot;&gt;28°&lt;/div&gt;&lt;div class=&quot;weather-status&quot;&gt;&lt;p&gt;邯郸&lt;/p&gt;&lt;p&gt;179 中度污染&lt;/p&gt;&lt;/div&gt;&lt;i class=&quot;icon-down&quot;&gt;&lt;/i&gt;&lt;/div&gt;&lt;div class=&quot;weather-shield&quot; data-height=&quot;248&quot; style=&quot;height: 248px&quot;&gt;&lt;/div&gt;&lt;/div&gt;&lt;div class=&quot;skin-container&quot; id=&quot;skin-container&quot;&gt;&lt;/div&gt;&lt;div id=&quot;header&quot;&gt;&lt;div id=&quot;userinfo-wrap&quot;&gt;&lt;div id=&quot;login-wraps&quot;&gt;&lt;a id=&quot;login&quot; class=&quot;icon-login&quot; href=&quot;//m.baidu.com/usrprofile?action=home&amp;amp;model=user&amp;amp;ori=index&quot; data-thunder=&quot;cst:2;tid:96;logFrom:user;logInfo:avatar;logExtra:{&amp;quot;login&amp;quot;:0};ref:index_iphone;url://m.baidu.com/usrprofile?action=home&amp;amp;model=user&amp;amp;ori=index;&quot;&gt;&lt;/a&gt;&lt;a href=&quot;https://act.mbd.baidu.com/act/xiadou/index.html?qd=wiselogin&quot; class=&quot;index-banner&quot; data-bgcolor=&quot;#ffffff&quot; data-thunder=&quot;cst:2;tid:97;logFrom:user;logInfo:text;logExtra:{&amp;quot;login&amp;quot;:0};ref:index_iphone;url:https://act.mbd.baidu.com/act/xiadou/index.html?qd=wiselogin;&quot;&gt;&lt;span class=&quot;index-banner-text&quot;&gt;奇葩问题大集合&lt;/span&gt;&lt;span class=&quot;index-banner-triangle&quot;&gt;&lt;/span&gt;&lt;span class=&quot;index-banner-triangle-shadow&quot;&gt;&lt;/span&gt;&lt;/a&gt;&lt;/div&gt;&lt;/div&gt;&lt;div id=&quot;skin-wrap&quot;&gt;&lt;a id=&quot;skin&quot; href=&quot;javascript:;&quot; data-skinindex=&quot;&quot;&gt;&lt;i class=&quot;icon-skin&quot;&gt;&lt;/i&gt;&lt;/a&gt;&lt;/div&gt;&lt;div id=&quot;logo&quot; class=&quot;noTapColor use-festival&quot;&gt;&lt;img src=&quot;https://m.baidu.com/static/index/plus/plus_logo.png&quot; alt=&quot;百度一下,你就知道&quot; /&gt;&lt;/div&gt;&lt;form data-formposition=&quot;i&quot; class=&quot;se-form focus&quot; id=&quot;index-form&quot; action=&quot;/from=844b/s&quot; method=&quot;get&quot; autocomplete=&quot;off&quot; style=&quot;height: 42px;&quot;&gt;&lt;div class=&quot;con-wrap&quot;&gt;&lt;input type=&quot;text&quot; autocomplete=&quot;off&quot; autocorrect=&quot;off&quot; maxlength=&quot;64&quot; id=&quot;index-kw&quot; name=&quot;word&quot; class=&quot;se-input&quot; data-sug=&quot;1&quot; style=&quot;height: 42px;&quot; /&gt;&lt;div class=&quot;se-inner&quot;&gt;&lt;div id=&quot;index-cross&quot; class=&quot;cross&quot; style=&quot;display: none; height: 42px;&quot;&gt;&lt;/div&gt;&lt;div class=&quot;callicon-wrap&quot; style=&quot;display: none;&quot;&gt;&lt;div class=&quot;baiduapp-icon&quot;&gt;&lt;/div&gt;&lt;div class=&quot;baiduappcall-wrap&quot;&gt;&lt;div class=&quot;qrcode call&quot; data-ac=&quot;active&quot;&gt;&lt;/div&gt;&lt;input id=&quot;ts-image-uploader&quot; type=&quot;file&quot; data-role=&quot;uploader&quot; accept=&quot;image/*&quot; style=&quot;display: block; position: absolute; top: 0px; left: 0px; font-size: 80px; z-index: 100; opacity: 0; overflow: hidden; width: 52px; height: 39px;&quot; /&gt;&lt;div class=&quot;voice call&quot; data-ac=&quot;active&quot;&gt;&lt;/div&gt;&lt;/div&gt;&lt;/div&gt;&lt;button id=&quot;index-bn&quot; class=&quot;se-bn&quot; type=&quot;submit&quot; style=&quot;height: 42px;&quot;&gt;百度一下&lt;/button&gt;&lt;/div&gt;&lt;/div&gt;&lt;div id=&quot;index-box&quot;&gt;&lt;div class=&quot;suggest-div&quot; style=&quot;display: none;&quot;&gt;&lt;div class=&quot;suggest-direct&quot; style=&quot;display: none;&quot;&gt;&lt;/div&gt;&lt;div class=&quot;suggest-panel&quot;&gt;&lt;div class=&quot;suggest-content&quot;&gt;&lt;div class=&quot;sug&quot;&gt;&lt;button&gt;中文 testerhome&lt;/button&gt;&lt;div class=&quot;sug-edit&quot;&gt;&lt;/div&gt;&lt;/div&gt;&lt;/div&gt;&lt;div class=&quot;suggest-oper sug-active-his&quot;&gt;&lt;div class=&quot;suggest-oper-at sug-oper-btn&quot;&gt;直达号&lt;/div&gt;&lt;div class=&quot;suggest-oper-his sug-oper-btn&quot;&gt;历史记录&lt;/div&gt;&lt;/div&gt;&lt;/div&gt;&lt;div class=&quot;suggest-title&quot;&gt;&lt;div class=&quot;suggest-logo&quot;&gt;&lt;/div&gt;&lt;div class=&quot;suggest-control&quot; style=&quot;display: none;&quot;&gt;&lt;div class=&quot;history-clear&quot;&gt;清除历史记录&lt;/div&gt;&lt;/div&gt;&lt;div class=&quot;suggest-at&quot; style=&quot;display: none;&quot;&gt;直达号&lt;/div&gt;&lt;/div&gt;&lt;div class=&quot;suggest-close&quot;&gt;关闭&lt;/div&gt;&lt;/div&gt;&lt;/div&gt;&lt;input type=&quot;hidden&quot; name=&quot;ts&quot; value=&quot;6122123&quot; /&gt;&lt;input type=&quot;hidden&quot; name=&quot;t_kt&quot; value=&quot;0&quot; /&gt;&lt;input type=&quot;hidden&quot; name=&quot;ie&quot; value=&quot;utf-8&quot; /&gt;&lt;input type=&quot;hidden&quot; name=&quot;fm_kl&quot; value=&quot;021394be2f&quot; /&gt;&lt;input type=&quot;hidden&quot; name=&quot;rsv_iqid&quot; value=&quot;3909137074&quot; /&gt;&lt;input type=&quot;hidden&quot; name=&quot;rsv_t&quot; value=&quot;9b6epsc9yXZ3svSr7FljDTIU1S5%2BcJ3FeIkyyLNh77yuPKj43nVsNI1PFA&quot; /&gt;&lt;input type=&quot;hidden&quot; name=&quot;sa&quot; value=&quot;ib&quot; /&gt;&lt;input type=&quot;hidden&quot; name=&quot;ms&quot; value=&quot;1&quot; /&gt;&lt;input type=&quot;hidden&quot; name=&quot;rsv_pq&quot; value=&quot;3909137074&quot; /&gt;&lt;input type=&quot;hidden&quot; name=&quot;rsv_sug4&quot; value=&quot;8213&quot; /&gt;&lt;input type=&quot;hidden&quot; name=&quot;ss&quot; value=&quot;100&quot; /&gt;&lt;/form&gt;&lt;div id=&quot;navs&quot;&gt;&lt;div id=&quot;ns-swipe&quot; class=&quot;ns-swipe&quot; style=&quot;visibility: visible;&quot;&gt;&lt;div class=&quot;ns-swipe-wrap&quot; style=&quot;width: 0px;&quot;&gt;&lt;div class=&quot;ns-swipe-item&quot; data-index=&quot;0&quot; style=&quot;width: 0px; left: 0px; transition: 0ms; -webkit-transition: 0ms; -webkit-transform: translate(0px, 0px);&quot;&gt;&lt;a class=&quot;ns-item menu-item-0&quot; href=&quot;javascript:;&quot; id=&quot;&quot; data-thunder=&quot;tid:11;ct:1;cst:2;logFrom:navs;logInfo:nav;logExtra:{&amp;quot;pos&amp;quot;:12,&amp;quot;title&amp;quot;:&amp;quot;\u5173\u6ce8&amp;quot;};ref:index_iphone;&quot;&gt;&lt;i class=&quot;ns-focus ns-icon&quot;&gt;&lt;/i&gt;&lt;span class=&quot;ns-text&quot;&gt;关注&lt;/span&gt;&lt;/a&gt;&lt;a class=&quot;ns-item&quot; href=&quot;http://m.news.baidu.com/news?fr=mohome&amp;amp;ssid=0&amp;amp;from=844b&amp;amp;uid=&amp;amp;pu=sz%40320_1001%2Cta%40iphone_2_5.0_3_537&amp;amp;bd_page_type=1&quot; data-thunder=&quot;tid:11;ct:1;cst:2;logFrom:navs;logInfo:nav;logExtra:{&amp;quot;pos&amp;quot;:1,&amp;quot;title&amp;quot;:&amp;quot;\u65b0\u95fb&amp;quot;};ref:index_iphone;url:http://m.news.baidu.com/news?fr=mohome&amp;amp;ssid=0&amp;amp;from=844b&amp;amp;uid=&amp;amp;pu=sz%40320_1001%2Cta%40iphone_2_5.0_3_537&amp;amp;bd_page_type=1;&quot;&gt;&lt;i class=&quot;ns-news ns-icon&quot;&gt;&lt;/i&gt;&lt;span class=&quot;ns-text&quot;&gt;新闻&lt;/span&gt;&lt;/a&gt;&lt;a class=&quot;ns-item&quot; href=&quot;http://dushu.m.baidu.com&quot; data-thunder=&quot;tid:11;ct:1;cst:2;logFrom:navs;logInfo:nav;logExtra:{&amp;quot;pos&amp;quot;:2,&amp;quot;title&amp;quot;:&amp;quot;\u5c0f\u8bf4&amp;quot;};ref:index_iphone;url:http://dushu.m.baidu.com;&quot;&gt;&lt;i class=&quot;ns-novel ns-icon&quot;&gt;&lt;/i&gt;&lt;span class=&quot;ns-text&quot;&gt;小说&lt;/span&gt;&lt;/a&gt;&lt;a class=&quot;ns-item&quot; href=&quot;https://sv.baidu.com&quot; data-thunder=&quot;tid:11;ct:1;cst:2;logFrom:navs;logInfo:nav;logExtra:{&amp;quot;pos&amp;quot;:3,&amp;quot;title&amp;quot;:&amp;quot;\u89c6\u9891&amp;quot;};ref:index_iphone;url:https://sv.baidu.com;&quot;&gt;&lt;i class=&quot;ns-video ns-icon&quot;&gt;&lt;/i&gt;&lt;span class=&quot;ns-text&quot;&gt;视频&lt;/span&gt;&lt;/a&gt;&lt;a class=&quot;ns-item&quot; href=&quot;https://m.nuomi.com/?cid=wise_shouye_nuomi&quot; data-thunder=&quot;tid:11;ct:1;cst:2;logFrom:navs;logInfo:nav;logExtra:{&amp;quot;pos&amp;quot;:4,&amp;quot;title&amp;quot;:&amp;quot;\u7cef\u7c73&amp;quot;};ref:index_iphone;url:https://m.nuomi.com/?cid=wise_shouye_nuomi;&quot;&gt;&lt;i class=&quot;ns-life ns-icon&quot;&gt;&lt;/i&gt;&lt;span class=&quot;ns-text&quot;&gt;糯米&lt;/span&gt;&lt;/a&gt;&lt;a class=&quot;ns-item&quot; href=&quot;http://map.baidu.com/mobile/webapp/index/index?itj=45&amp;amp;wtj=wi&amp;amp;ssid=0&amp;amp;from=844b&amp;amp;uid=&amp;amp;pu=sz%40320_1001%2Cta%40iphone_2_5.0_3_537&amp;amp;bd_page_type=1&quot; data-schema=&quot;baidumap://map?src=wise.show.index.nav&quot; data-thunder=&quot;tid:11;ct:1;cst:2;logFrom:navs;logInfo:nav;logExtra:{&amp;quot;pos&amp;quot;:5,&amp;quot;title&amp;quot;:&amp;quot;\u5730\u56fe&amp;quot;};ref:index_iphone;url:http://map.baidu.com/mobile/webapp/index/index?itj=45&amp;amp;wtj=wi&amp;amp;ssid=0&amp;amp;from=844b&amp;amp;uid=&amp;amp;pu=sz%40320_1001%2Cta%40iphone_2_5.0_3_537&amp;amp;bd_page_type=1;&quot;&gt;&lt;i class=&quot;ns-map ns-icon&quot;&gt;&lt;/i&gt;&lt;span class=&quot;ns-text&quot;&gt;地图&lt;/span&gt;&lt;/a&gt;&lt;/div&gt;&lt;div class=&quot;ns-swipe-item&quot; data-index=&quot;1&quot; style=&quot;width: 0px; left: 0px; transition: 0ms; -webkit-transition: 0ms; -webkit-transform: translate(0px, 0px);&quot;&gt;&lt;a class=&quot;ns-item&quot; href=&quot;http://tieba.baidu.com/?mo_device=1&amp;amp;itj=43&amp;amp;ssid=0&amp;amp;from=844b&amp;amp;uid=&amp;amp;pu=sz%40320_1001%2Cta%40iphone_2_5.0_3_537&amp;amp;bd_page_type=1&quot; data-thunder=&quot;tid:11;ct:1;cst:2;logFrom:navs;logInfo:nav;logExtra:{&amp;quot;pos&amp;quot;:7,&amp;quot;title&amp;quot;:&amp;quot;\u8d34\u5427&amp;quot;};ref:index_iphone;url:http://tieba.baidu.com/?mo_device=1&amp;amp;itj=43&amp;amp;ssid=0&amp;amp;from=844b&amp;amp;uid=&amp;amp;pu=sz%40320_1001%2Cta%40iphone_2_5.0_3_537&amp;amp;bd_page_type=1;&quot;&gt;&lt;i class=&quot;ns-tieba ns-icon&quot;&gt;&lt;/i&gt;&lt;span class=&quot;ns-text&quot;&gt;贴吧&lt;/span&gt;&lt;/a&gt;&lt;a class=&quot;ns-item&quot; href=&quot;http://mobile.baidu.com/#/?source=wise-index&amp;amp;from=1009556z&amp;amp;ssid=0&amp;amp;from=844b&amp;amp;uid=&amp;amp;pu=sz%40320_1001%2Cta%40iphone_2_5.0_3_537&amp;amp;bd_page_type=1&quot; data-thunder=&quot;tid:11;ct:1;cst:2;logFrom:navs;logInfo:nav;logExtra:{&amp;quot;pos&amp;quot;:11,&amp;quot;title&amp;quot;:&amp;quot;\u5e94\u7528&amp;quot;};ref:index_iphone;url:http://mobile.baidu.com/#/?source=wise-index&amp;amp;from=1009556z&amp;amp;ssid=0&amp;amp;from=844b&amp;amp;uid=&amp;amp;pu=sz%40320_1001%2Cta%40iphone_2_5.0_3_537&amp;amp;bd_page_type=1;&quot;&gt;&lt;i class=&quot;ns-app ns-icon&quot;&gt;&lt;/i&gt;&lt;span class=&quot;ns-text&quot;&gt;应用&lt;/span&gt;&lt;/a&gt;&lt;a class=&quot;ns-item&quot; href=&quot;http://image.baidu.com/search/wiseindex?tn=wiseindex&amp;amp;wiseps=1&amp;amp;ssid=0&amp;amp;from=844b&amp;amp;uid=&amp;amp;pu=sz%40320_1001%2Cta%40iphone_2_5.0_3_537&amp;amp;bd_page_type=1&quot; data-thunder=&quot;tid:11;ct:1;cst:2;logFrom:navs;logInfo:nav;logExtra:{&amp;quot;pos&amp;quot;:8,&amp;quot;title&amp;quot;:&amp;quot;\u56fe\u7247&amp;quot;};ref:index_iphone;url:http://image.baidu.com/search/wiseindex?tn=wiseindex&amp;amp;wiseps=1&amp;amp;ssid=0&amp;amp;from=844b&amp;amp;uid=&amp;amp;pu=sz%40320_1001%2Cta%40iphone_2_5.0_3_537&amp;amp;bd_page_type=1;&quot;&gt;&lt;i class=&quot;ns-image ns-icon&quot;&gt;&lt;/i&gt;&lt;span class=&quot;ns-text&quot;&gt;图片&lt;/span&gt;&lt;/a&gt;&lt;a class=&quot;ns-item&quot; href=&quot;http://m.hao123.com/?tn=wisebaidu&amp;amp;ssid=0&amp;amp;from=844b&amp;amp;uid=&amp;amp;pu=sz%40320_1001%2Cta%40iphone_2_5.0_3_537&amp;amp;bd_page_type=1&quot; data-thunder=&quot;tid:11;ct:1;cst:2;logFrom:navs;logInfo:nav;logExtra:{&amp;quot;pos&amp;quot;:9,&amp;quot;title&amp;quot;:&amp;quot;\u7f51\u5740&amp;quot;};ref:index_iphone;url:http://m.hao123.com/?tn=wisebaidu&amp;amp;ssid=0&amp;amp;from=844b&amp;amp;uid=&amp;amp;pu=sz%40320_1001%2Cta%40iphone_2_5.0_3_537&amp;amp;bd_page_type=1;&quot;&gt;&lt;i class=&quot;ns-website ns-icon&quot;&gt;&lt;/i&gt;&lt;span class=&quot;ns-text&quot;&gt;网址&lt;/span&gt;&lt;/a&gt;&lt;a class=&quot;ns-item&quot; href=&quot;http://e.baidu.com/?refer=205&amp;amp;ssid=0&amp;amp;from=844b&amp;amp;uid=&amp;amp;pu=sz%40320_1001%2Cta%40iphone_2_5.0_3_537&amp;amp;bd_page_type=1&quot; data-thunder=&quot;tid:11;ct:1;cst:2;logFrom:navs;logInfo:nav;logExtra:{&amp;quot;pos&amp;quot;:10,&amp;quot;title&amp;quot;:&amp;quot;\u63a8\u5e7f&amp;quot;};ref:index_iphone;url:http://e.baidu.com/?refer=205&amp;amp;ssid=0&amp;amp;from=844b&amp;amp;uid=&amp;amp;pu=sz%40320_1001%2Cta%40iphone_2_5.0_3_537&amp;amp;bd_page_type=1;&quot;&gt;&lt;i class=&quot;ns-extend ns-icon&quot;&gt;&lt;/i&gt;&lt;span class=&quot;ns-text&quot;&gt;推广&lt;/span&gt;&lt;/a&gt;&lt;a class=&quot;ns-item&quot; href=&quot;http://music.baidu.com/?fr=baiduwisehome&amp;amp;ssid=0&amp;amp;from=844b&amp;amp;uid=&amp;amp;pu=sz%40320_1001%2Cta%40iphone_2_5.0_3_537&amp;amp;bd_page_type=1&quot; data-thunder=&quot;tid:11;ct:1;cst:2;logFrom:navs;logInfo:nav;logExtra:{&amp;quot;pos&amp;quot;:6,&amp;quot;title&amp;quot;:&amp;quot;\u97f3\u4e50&amp;quot;};ref:index_iphone;url:http://music.baidu.com/?fr=baiduwisehome&amp;amp;ssid=0&amp;amp;from=844b&amp;amp;uid=&amp;amp;pu=sz%40320_1001%2Cta%40iphone_2_5.0_3_537&amp;amp;bd_page_type=1;&quot;&gt;&lt;i class=&quot;ns-music ns-icon&quot;&gt;&lt;/i&gt;&lt;span class=&quot;ns-text&quot;&gt;音乐&lt;/span&gt;&lt;/a&gt;&lt;/div&gt;&lt;div class=&quot;ns-swipe-item&quot; data-index=&quot;2&quot; style=&quot;width: 0px; left: 0px; transition: 0ms; -webkit-transition: 0ms; -webkit-transform: translate(0px, 0px);&quot;&gt;&lt;a class=&quot;ns-item&quot; href=&quot;https://voice.baidu.com/ting?fr=wiseindex&amp;amp;ssid=0&amp;amp;from=844b&amp;amp;uid=&amp;amp;pu=sz%40320_1001%2Cta%40iphone_2_5.0_3_537&amp;amp;bd_page_type=1&quot; data-thunder=&quot;tid:11;ct:1;cst:2;logFrom:navs;logInfo:nav;logExtra:{&amp;quot;pos&amp;quot;:13,&amp;quot;title&amp;quot;:&amp;quot;\u7545\u542c&amp;quot;};ref:index_iphone;url:https://voice.baidu.com/ting?fr=wiseindex&amp;amp;ssid=0&amp;amp;from=844b&amp;amp;uid=&amp;amp;pu=sz%40320_1001%2Cta%40iphone_2_5.0_3_537&amp;amp;bd_page_type=1;&quot;&gt;&lt;i class=&quot;ns-listen ns-icon&quot;&gt;&lt;/i&gt;&lt;span class=&quot;ns-text&quot;&gt;畅听&lt;/span&gt;&lt;/a&gt;&lt;div class=&quot;fix-uc-extra&quot;&gt;&lt;i class=&quot;ns-icon&quot;&gt;&lt;/i&gt;&lt;span class=&quot;ns-text&quot;&gt;&lt;/span&gt;&lt;/div&gt;&lt;div class=&quot;fix-uc-extra&quot;&gt;&lt;i class=&quot;ns-icon&quot;&gt;&lt;/i&gt;&lt;span class=&quot;ns-text&quot;&gt;&lt;/span&gt;&lt;/div&gt;&lt;div class=&quot;fix-uc-extra&quot;&gt;&lt;i class=&quot;ns-icon&quot;&gt;&lt;/i&gt;&lt;span class=&quot;ns-text&quot;&gt;&lt;/span&gt;&lt;/div&gt;&lt;div class=&quot;fix-uc-extra&quot;&gt;&lt;i class=&quot;ns-icon&quot;&gt;&lt;/i&gt;&lt;span class=&quot;ns-text&quot;&gt;&lt;/span&gt;&lt;/div&gt;&lt;div class=&quot;fix-uc-extra&quot;&gt;&lt;i class=&quot;ns-icon&quot;&gt;&lt;/i&gt;&lt;span class=&quot;ns-text&quot;&gt;&lt;/span&gt;&lt;/div&gt;&lt;/div&gt;&lt;/div&gt;&lt;ul class=&quot;ns-swipe-menu&quot;&gt;&lt;li class=&quot;ns-swipe-tab ns-swipe-tab-active&quot;&gt;&lt;/li&gt;&lt;li class=&quot;ns-swipe-tab&quot;&gt;&lt;/li&gt;&lt;li class=&quot;ns-swipe-tab ns-swipe-tab-mr0&quot;&gt;&lt;/li&gt;&lt;/ul&gt;&lt;/div&gt;&lt;/div&gt;&lt;/div&gt;&lt;div class=&quot;ujs42_wrapper&quot;&gt;&lt;div id=&quot;ujs42&quot;&gt;&lt;div id=&quot;ujs42_5&quot;&gt;&lt;/div&gt;&lt;/div&gt;&lt;/div&gt;&lt;script&gt;B.init(function(){var w=0;var j=&quot;ujs42&quot;;var t=$.os.ios?1:2;var H=&quot;wiseindex&quot;;var F=true;var q=&quot;wise_index_banner&quot;;var y=&quot;1010750s&quot;;var r=&quot;打开&quot;;var b=$(window).width();var A={};var d=&quot;baiduboxapp://utils?action=sendIntent&amp;amp;minver=7.4&amp;amp;params=%7B%22intent%22%3A%22intent%3A%23Intent%3Baction%3Dcom.baidu.searchbox.action.HOME%3BS.targetCommand%3D%257B%2522mode%2522%253A%25220%2522%252C%2522intent%2522%253A%2522intent%253A%2523Intent%253Baction%253Dcom.baidu.searchbox.action.HOME%253Bcategory%253Dandroid.intent.category.DEFAULT%253BB.key_switch_to_home%253Dtrue%253Bend%2522%252C%2522min_v%2522%253A%252225165824%2522%257D%3Bend%22%7D&amp;amp;needlog=1&amp;amp;logargs=%7B%22source%22%3A%22other%22%2C%22from%22%3A%22openbox%22%2C%22page%22%3A%22other%22%2C%22type%22%3A%22%22%2C%22value%22%3A%22url%22%2C%22channel%22%3A%22%22%7D&quot;;var n=&quot;baiduboxapp://apppage?action=openPage&amp;amp;params=%7B%22pageid%22%3A%22homepage%22%7D&quot;;var m={&quot;1&quot;:{activityName:[],bgColor:[],thresholdTime:[],bgPic:[],invokeOptions:[]},&quot;2&quot;:{activityName:[&quot;redpacket&quot;],bgColor:[&quot;#1e1c3c&quot;],thresholdTime:[{start:Date.parse(&quot;2017/06/19 14:00:00&quot;),end:Date.parse(&quot;2017/07/18 23:59:59&quot;)}],bgPic:[sDomain.staticUrl+&quot;static/wiseindex/img/bd_activity_bg20170619_&quot;],invokeOptions:[{from:&quot;1020236r&quot;,channel:&quot;1020236s&quot;,url:&quot;https://po.baidu.com/act/wise/raffleindex.html?from=wise&quot;,failCallback:function(){location.href=&quot;https://po.baidu.com/act/wise/index.html?from=wise&quot;}}]}};for(var v=m[t].thresholdTime.length-1;v&amp;gt;=0;v--){if((+new Date()&amp;gt;m[t].thresholdTime[v].start)&amp;amp;&amp;amp;(+new Date()&amp;lt;m[t].thresholdTime[v].end)){if((m[t].activityName.length===m[t].bgColor.length)&amp;amp;&amp;amp;(m[t].thresholdTime.length===m[t].bgPic.length)&amp;amp;&amp;amp;(m[t].invokeOptions.length===m[t].bgPic.length)){F=false;A.index=v;break}}}if(!!~sSession.sids.indexOf(&quot;117173&quot;)){F=true;q=&quot;1020330e&quot;;y=&quot;1020330f&quot;}if(!!~sSession.sids.indexOf(&quot;117174&quot;)){if(parseInt(t,10)===2){m[t].invokeOptions[A.index].from=&quot;1020330g&quot;;m[t].invokeOptions[A.index].channel=&quot;1020330h&quot;}else{q=&quot;1020330g&quot;;y=&quot;1020330h&quot;}}var g={content:&quot;用手机百度搜索更方便&quot;||&quot;下载手机百度APP&quot;,dayCount:&quot;7&quot;||15,iphoneUrl:&quot;baiduboxapp://search?word=index&quot;||&quot;baiduboxapp://search?word=index&quot;,iosLow8DownUrl:&quot;https://itunes.apple.com/us/app/apple-store/id382201985?pt=328057&amp;amp;ct=sf8-20160307&amp;amp;mt=8&quot;||&quot;https://itunes.apple.com/us/app/apple-store/id382201985?pt=328057&amp;amp;ct=sf8-20160307&amp;amp;mt=8&quot;,iosDownUrl:&quot;https://itunes.apple.com/us/app/apple-store/id382201985?pt=328057&amp;amp;ct=sf9-20160307&amp;amp;mt=8&quot;||&quot;https://itunes.apple.com/us/app/apple-store/id382201985?pt=328057&amp;amp;ct=sf9-20160307&amp;amp;mt=8&quot;,androidUrl:&quot;baiduboxapp://utils?word=index&quot;||&quot;baiduboxapp://utils?word=index&quot;,andDownUrl:&quot;http://dl.ops.baidu.com/baidusearch_AndroidPhone_1010750s.apk&quot;||&quot;http://dl.ops.baidu.com/baidusearch_AndroidPhone_1010750s.apk&quot;,ios9Url:&quot;https://boxer.baidu.com/scheme?scheme=&quot;+encodeURIComponent(&quot;baiduboxapp://search?word=index&quot;)};var E=&quot;#&quot;+j+&quot;{position:fixed;bottom:0;left:0;z-index:20;width:100%;height:53px;background:#ffffff;opacity:1;border-top: 1px solid #e0e0e0;box-sizing: border-box;}#&quot;+j+&quot;_1{pointer-events:auto;height:53px;box-sizing: border-box;}.&quot;+j+&quot;_2{border:none;height:36px;width:36px;position:absolute;bottom:7px;left:46px;background: url(//m.baidu.com/static/search/baiduapp_icon.png) no-repeat;background-size:36px 36px;-webkit-background-size:36px 36px;}.&quot;+j+&quot;_3{position:absolute;padding: 11px 0 0 10px;left:84px;color: #333;font-family: 微软雅黑;text-align: left;}.&quot;+j+&quot;_4{display:inline-block;height:26px;line-height:26px;width:62px;position:absolute;bottom:12px;right:16px;box-sizing: border-box; z-index:99;border:1px solid #e0e0e0;border-radius:2px;color:#333;font-size:13px;text-align:center;}#&quot;+j+&#039;_5{pointer-events:auto;position:absolute;left:5px;bottom:0px;height:53px;width:40px;background:url(&quot;data:image/png;base64,iVBORw0KGgoAAAANSUhEUgAAACgAAAAoCAYAAACM/rhtAAAAGXRFWHRTb2Z0d2FyZQBBZG9iZSBJbWFnZVJlYWR5ccllPAAAA4ZpVFh0WE1MOmNvbS5hZG9iZS54bXAAAAAAADw/eHBhY2tldCBiZWdpbj0i77u/IiBpZD0iVzVNME1wQ2VoaUh6cmVTek5UY3prYzlkIj8+IDx4OnhtcG1ldGEgeG1sbnM6eD0iYWRvYmU6bnM6bWV0YS8iIHg6eG1wdGs9IkFkb2JlIFhNUCBDb3JlIDUuMy1jMDExIDY2LjE0NTY2MSwgMjAxMi8wMi8wNi0xNDo1NjoyNyAgICAgICAgIj4gPHJkZjpSREYgeG1sbnM6cmRmPSJodHRwOi8vd3d3LnczLm9yZy8xOTk5LzAyLzIyLXJkZi1zeW50YXgtbnMjIj4gPHJkZjpEZXNjcmlwdGlvbiByZGY6YWJvdXQ9IiIgeG1sbnM6eG1wTU09Imh0dHA6Ly9ucy5hZG9iZS5jb20veGFwLzEuMC9tbS8iIHhtbG5zOnN0UmVmPSJodHRwOi8vbnMuYWRvYmUuY29tL3hhcC8xLjAvc1R5cGUvUmVzb3VyY2VSZWYjIiB4bWxuczp4bXA9Imh0dHA6Ly9ucy5hZG9iZS5jb20veGFwLzEuMC8iIHhtcE1NOk9yaWdpbmFsRG9jdW1lbnRJRD0ieG1wLmRpZDowOTIwOTVhOS1lMzQyLTQxZGUtYmFkOS05MTJjZjFlOGM5OTEiIHhtcE1NOkRvY3VtZW50SUQ9InhtcC5kaWQ6NjZEMzdGRkNENDUxMTFFNUE3MTU5Nzg3OUFFNTYwQkIiIHhtcE1NOkluc3RhbmNlSUQ9InhtcC5paWQ6NjZEMzdGRkJENDUxMTFFNUE3MTU5Nzg3OUFFNTYwQkIiIHhtcDpDcmVhdG9yVG9vbD0iQWRvYmUgUGhvdG9zaG9wIENDIDIwMTUgKE1hY2ludG9zaCkiPiA8eG1wTU06RGVyaXZlZEZyb20gc3RSZWY6aW5zdGFuY2VJRD0ieG1wLmlpZDo0Njc3Yzg2NS0wNTAzLTRlODktYmRmMi0wOWNmMzJiZjgxY2YiIHN0UmVmOmRvY3VtZW50SUQ9ImFkb2JlOmRvY2lkOnBob3Rvc2hvcDo3MjQwYjY4Yy0xYzM4LTExNzktODU3Zi05Mzg5NjM1Y2UwOTIiLz4gPC9yZGY6RGVzY3JpcHRpb24+IDwvcmRmOlJERj4gPC94OnhtcG1ldGE+IDw/eHBhY2tldCBlbmQ9InIiPz43tZVvAAADD0lEQVR42tSYzasSURTAdSpTE0N5tpM+eCG1CQpcuOtRiCsXiaDr4MH7A5L8CwRXbV5E4FJBbOHKTWvBFkGbSnp97/LZsxzHSdTpnLhT07yZufc6jvoOHGfEO/f+PHfOxz1uRVFcmyyCa8PltHrjdrt5nz0LGgQNgHpBPaCnyG8z0AmoDCqC/gT9xTO5urPuvzdsgDgoBBohYDyCoD3QI1zfCUC0VpRYy46gVb8Sqy4FUCBgW0t+vQ4J6NwOIL6j26DnHPKBEegB6NQMUKA4UMxBOBeZO6Z1VtYwIxDLeVcQSbxkLYEHMOqw5YwsGWUFDDrgECyyRdamAkatZmm32/fS6XSId/VkMhns9/v75XI5ZjEsSmLtv8Cr8+Iw6GWzpzudTjYejz+QJOlDPp/fbTabR6xwjUbjcSAQiA0GgxehUGjPYvhH0O9mXhyxWqhUKj1HOL/ff6VarT5hsaQWThTFLvyxh5RHIsfiDaHF3HqLpgB1ZzQavYdnFLzid7OxAHd7OBy+xbF4TaVSOyxrIIvKJeicgyq4rbi9NEvqLZfNZvdardYPxlc2aOQkzMmfBmkT7j8WrZNcg4ufxzMRCuEQUnUcWZZnNuFQJOB6owe8YZVyWCDH4/EnmG8K99s24FCmMM8rPeBNfQzigazVak99Pt+lP39fkg4ymczugnDEd5WXSyv5cVvRcprq/IzH41nK3NpJZotMoDoEbitaDrb5M1jyImucNJGZEeCEdxaIa+e1DoHbmsvl7vMGcwOZGAHKvHD1en1f762scZLhWHAMULQLxxvMKQesxVIdpivW9MWTFs1Snb6aidEyCpZM4XA4zhrnjII5pQpC63XNqpkezfaVSuURlkysQVi/3cVi8S7lkZ5VPYgf1504i6AlC4XCTiKReEZxjtckUJseO7GSuLqmVsw79UBvdezEAf01wB0adRvM0tEXcqhelYxIl4H52DknJ355BXAyWWvO2x/E5N/F4sRBOImsMTVtp5305tGJaL8ZNTAvLNAaQUf45mQDc70t4E2Vje/y/xZgABJILegYHuZ9AAAAAElFTkSuQmCC&quot;) no-repeat 50% 50%;background-size:20px 20px;-webkit-background-size:20px 20px;}.&#039;+j+&quot;_3 p:first-child{font-weight: 800;font-size: 16px;line-height: 16px;}.&quot;+j+&quot;_3 p:last-child{color:#999;font-size: 12px;line-height: 20px;}.white-page #&quot;+j+&quot; {display:none!important;}.white-page #&quot;+j+&quot; {display:none!important;}.white-page #index-card{margin-bottom:0!important;}&quot;;var s=&#039;&amp;lt;div id=&quot;&#039;+j+&#039;&quot; style=&quot;display: none;&quot;&amp;gt;&amp;lt;div id=&quot;&#039;+j+&#039;_1&quot;&amp;gt;&#039;;s+=&#039;&amp;lt;div class=&quot;&#039;+j+&#039;_2&quot;&amp;gt;&amp;lt;/div&amp;gt;&amp;lt;div class=&quot;&#039;+j+&#039;_3&quot;&amp;gt;&amp;lt;p&amp;gt;手机百度&amp;lt;/p&amp;gt;&#039;;s+=&quot;&amp;lt;p&amp;gt;&quot;+g.content+&quot;&amp;lt;/p&amp;gt;&quot;;s+=&#039;&amp;lt;/div&amp;gt;&amp;lt;a href=&quot;javascript:;&quot; class=&quot;&#039;+j+&#039;_4&quot;&amp;gt;&#039;+r+&quot;&amp;lt;/a&amp;gt;&quot;;s+=&#039;&amp;lt;/div&amp;gt;&amp;lt;div id=&quot;&#039;+j+&#039;_5&quot;&amp;gt;&amp;lt;/div&amp;gt;&amp;lt;/div&amp;gt;&#039;;if(!F){s=&#039;&amp;lt;div class=&quot;&#039;+j+&#039;_wrapper&quot; style=&quot;display: none;&quot;&amp;gt;&amp;lt;div id=&quot;&#039;+j+&#039;&quot;&amp;gt;&amp;lt;div id=&quot;&#039;+j+&#039;_5&quot;&amp;gt;&amp;lt;/div&amp;gt;&amp;lt;/div&amp;gt;&amp;lt;/div&amp;gt;&#039;;var l=53;var z=Math.floor((b-320)/33);var k=((320+33*z&amp;gt;414)||(b&amp;gt;=414))?414:(320+33*z);E=&quot;#&quot;+j+&quot;{width: &quot;+Math.min(k,b)+&quot;px;height: &quot;+(l)+&quot;px;margin: 0 auto;background: url(&quot;+(m[t].bgPic[A.index]+k+&quot;.png&quot;)+&quot;);background-size: &quot;+Math.min(k,b)+&quot;px &quot;+l+&quot;px;-webkit-tap-highlight-color: transparent;background-repeat: no-repeat;opacity: 1;}#&quot;+j+&quot;_5 {pointer-events: auto;position: absolute;left: 5px;bottom: 0px;width: 40px;height: &quot;+l+&quot;px;background:url(&quot;+(sDomain.staticUrl+&quot;static/wiseindex/img/wise_backflow_close.png&quot;)+&quot;) no-repeat 50% 50%;-webkit-background-size: 18px 18px;background-size: 18px 18px;}.&quot;+j+&quot;_wrapper {position: fixed;bottom: 0;left: 0;z-index: 20;width: 100%;height: 53px;background: &quot;+m[t].bgColor[A.index]+&quot;;}&quot;}$(&quot;head&quot;).append(&quot;&amp;lt;style&amp;gt;&quot;+E+&quot;&amp;lt;/style&amp;gt;&quot;);$(&quot;#index-card&quot;).children().eq(parseInt(Math.random()*$(&quot;#page&quot;).children().length,10)).after(s);var x=/iP(ad|hone|od)/.test(navigator.userAgent)&amp;amp;&amp;amp;(/OS (9|10)_\d(_\d)?/).test(navigator.userAgent);var o=/haokan/.test(navigator.userAgent);var p=/sogou/i.test(navigator.userAgent);var e=/opera/i.test(navigator.userAgent);var h=function(){var I=+new Date();var i=0;if(B.ls.enabled){i=B.ls.get(&quot;index&quot;,&quot;fbannerios&quot;,&quot;lastclosetime&quot;)}if(I-i&amp;gt;=1000*60*60*24*g.dayCount){w=1}if(!($.os.ios||$.os.android)||o||p||e){w=0}if((typeof window.sSession.sids===&quot;string&quot;)&amp;amp;&amp;amp;window.sSession.sids.indexOf(&quot;112073&quot;)!==-1){w=0}};var D=function(){h();if(w===1){$(&quot;#index-card&quot;).css(&quot;margin-bottom&quot;,&quot;50px&quot;);if(F){$(&quot;#&quot;+j).show()}else{$(&quot;.&quot;+j+&quot;_wrapper&quot;).show()}var i=$.os.ios;var K=$(&quot;#commonBase&quot;).data(&quot;browserid&quot;);var J=$(&quot;#&quot;+j).parent().attr(&quot;id&quot;);if(i&amp;amp;&amp;amp;&quot;index-card&quot;!=J&amp;amp;&amp;amp;1==K){$(&quot;#&quot;+j).parent().css(&quot;display&quot;,&quot;block!important&quot;)}window.B.log.send({ct:21,cst:1,sOS:t,banner:H});var I=document.createElement(&quot;script&quot;);I.src=&quot;//s.bdstatic.com/common/openjs/openBox.js?_v=&quot;+Math.floor((new Date()).getTime()/(1000*60*60));$(&quot;head&quot;).append(I)}};setTimeout(D,0);var a={pClickThrough:function(){$(&quot;a&quot;).css({&quot;pointer-events&quot;:&quot;none&quot;})},upClickThrough:function(){setTimeout(function(){$(&quot;a&quot;).css({&quot;pointer-events&quot;:&quot;auto&quot;})},300)},updataBtmbCss:function(){if(F){$(&quot;#&quot;+j).hide()}else{$(&quot;.&quot;+j+&quot;_wrapper&quot;).hide()}$(&quot;#index-card&quot;).css(&quot;margin-bottom&quot;,&quot;0&quot;)},upCloseClicks:function(i){i.preventDefault();i.stopPropagation();a.pClickThrough();a.updataBtmbCss();a.upClickThrough()},upOpenClicks:function(i){i.preventDefault();i.stopPropagation();a.pClickThrough();a.upClickThrough()},updateLocal:function(){var i=+new Date();if(B.ls.enabled){B.ls.set(&quot;index&quot;,&quot;fbannerios&quot;,&quot;lastclosetime&quot;,i)}}};var G=&quot;baiduboxapp://apppage?action=openPage&amp;amp;params=%7B%22pageid%22%3A%22homepage%22%7D&quot;;var f={mode:&quot;0&quot;,intent:&quot;intent:#Intent;action=com.baidu.searchbox.action.HOME;category=android.intent.category.DEFAULT;B.key_switch_to_home=true;end;&quot;,min_v:&quot;16787968&quot;};var C=function(i){var I=1000*60*60*24;i.setHours(0);i.setMinutes(0);i.setSeconds(0);i.setMilliseconds(0);return i.getTime()+I};var u=function u(){var M=$.os.ios;var K=G;var J=f;var N=g.iphoneUrl.split(&quot;?&quot;);var I=N[1].split(&quot;=&quot;)[1]||&quot;index&quot;;var P=g.androidUrl.split(&quot;?&quot;);var O=P[1].split(&quot;=&quot;)[1]||&quot;index&quot;;if(I!=&quot;index&quot;){if(M){K=g.iphoneUrl}else{J={mode:&quot;0&quot;,intent:&quot;intent:#Intent;package=com.baidu.searchbox;action=com.baidu.searchbox.action.SEARCH;category=android.intent.category.DEFAULT;S.key_value= &quot;+encodeURIComponent(O)+&quot;;end;&quot;,min_v:&quot;16787968&quot;}}}var L=window.OpenBox();var i={showTip:false,iosScheme:K,androidCommand:J,from:q,channel:y};if(!F){i=$.extend({showTip:false},m[t].invokeOptions[A.index])}L.open(i)};var c=function c(i){closeFlag=true;a.upCloseClicks(i);a.updateLocal();window.B.log.send({ct:21,cst:2,sOS:t,banner:H})};$(&quot;#&quot;+j).on(&quot;click&quot;,function(i){if($(i.target).prop(&quot;id&quot;)===(j+&quot;_5&quot;)){c(i)}else{if(window.OpenBox){window.B.log.send({ct:21,cst:5,sOS:t,banner:H});if(F){if($(i.target).hasClass(j+&quot;_4&quot;)){window.B.log.send({ct:21,cst:3,sOS:t,banner:H})}else{window.B.log.send({ct:21,cst:6,sOS:t,banner:H})}}u()}}});$(&quot;.baiduIcon&quot;).find(&quot;a&quot;).on(&quot;touchend&quot;,function(I){if(window.OpenBox){I.preventDefault();I.stopPropagation();window.B.log.send({ct:21,cst:4,sOS:t,banner:H});var i=window.OpenBox();i.open({showTip:false,iosScheme:G,androidCommand:f,from:&quot;wise_index_wenzilian&quot;,channel:&quot;1002024w&quot;})}});B.listen(&quot;navs&quot;,&quot;open&quot;,function(){a.updataBtmbCss()})});;&lt;/script&gt;&lt;script&gt;(function(b){b.B.imgLoadPool={};var a=function(c,d){c=c||&quot;index-card&quot;;b.B.imgLoadPool[d]=b.B.imgLoadPool[d]||{};b.B.imgLoadPool[d][&quot;data&quot;]=b.B.imgLoadPool[d][&quot;data&quot;]||[];b.B.imgLoadPool[d].handler=function(g){if(g.target.tagName.toLowerCase()===&quot;img&quot;){var f={logExtra:JSON.stringify({rta:&quot;wise&quot;,imgSrc:g.target.src})};b.B.imgLoadPool[d][&quot;data&quot;].push(f)}};document.getElementById(c).addEventListener(d,b.B.imgLoadPool[d].handler,true)};a(&quot;index-card&quot;,&quot;error&quot;)})(window);;&lt;/script&gt;&lt;div class=&quot;menu-container&quot; id=&quot;menu-container&quot;&gt;&lt;ul class=&quot;menu-item-wrap&quot; style=&quot;width: 411px; transition: 0ms cubic-bezier(0.1, 0.57, 0.1, 1); -webkit-transition: 0ms cubic-bezier(0.1, 0.57, 0.1, 1); transform: translate3d(0px, 0px, 0px);&quot;&gt;&lt;li class=&quot;menu-item current&quot; id=&quot;menu-item-1&quot; data-id=&quot;1&quot;&gt;推荐&lt;span style=&quot;width: 60px; margin-left: -48px;&quot;&gt;&lt;/span&gt;&lt;/li&gt;&lt;li class=&quot;menu-item&quot; id=&quot;menu-item-2&quot; data-id=&quot;2&quot;&gt;视频&lt;span style=&quot;width: 60px; margin-left: -48px;&quot;&gt;&lt;/span&gt;&lt;/li&gt;&lt;li class=&quot;menu-item&quot; id=&quot;menu-item-3&quot; data-id=&quot;3&quot;&gt;娱乐&lt;span style=&quot;width: 60px; margin-left: -48px;&quot;&gt;&lt;/span&gt;&lt;/li&gt;&lt;li class=&quot;menu-item&quot; id=&quot;menu-item-4&quot; data-id=&quot;4&quot;&gt;体育&lt;span style=&quot;width: 60px; margin-left: -48px;&quot;&gt;&lt;/span&gt;&lt;/li&gt;&lt;li class=&quot;menu-item&quot; id=&quot;menu-item-5&quot; data-id=&quot;5&quot;&gt;时尚&lt;span style=&quot;width: 60px; margin-left: -48px;&quot;&gt;&lt;/span&gt;&lt;/li&gt;&lt;li class=&quot;menu-item&quot; id=&quot;menu-item-6&quot; data-id=&quot;6&quot;&gt;国际&lt;span style=&quot;width: 60px; margin-left: -48px;&quot;&gt;&lt;/span&gt;&lt;/li&gt;&lt;/ul&gt;&lt;/div&gt;&lt;div class=&quot;blank-frame&quot; style=&quot;min-height: 600px;&quot;&gt;&lt;div class=&quot;center-content&quot; id=&quot;center-content-1&quot;&gt;&lt;div class=&quot;tab-wrap&quot; data-waterpara=&quot;loadeditems:largePic,video,ecomAds;&quot;&gt;&lt;div id=&quot;tab_news_1&quot; class=&quot;tab_news&quot;&gt;&lt;div class=&quot;tab-news-head&quot;&gt;&lt;div class=&quot;loading-top&quot; style=&quot;display: none;&quot;&gt;&lt;div class=&quot;s-loading clr&quot;&gt;&lt;div class=&quot;load-effect&quot;&gt;&lt;/div&gt;&lt;span class=&quot;load-text&quot;&gt;正在刷新&lt;/span&gt;&lt;/div&gt;&lt;/div&gt;&lt;/div&gt;&lt;div class=&quot;tab-news-content water-container&quot;&gt;&lt;div class=&quot;news-list-wrapper&quot; data-total=&quot;7&quot;&gt;&lt;div class=&quot;rec-item news-item tpl-2&quot;&gt;&lt;a href=&quot;https://feed.baidu.com/feed/data/wise/landingpage?s_type=news&amp;amp;nid=4578410200092689875&amp;amp;n_type=0&amp;amp;p_from=2&quot; class=&quot;inner-item clr&quot; data-log=&quot;logExtra:yc:{&amp;quot;st&amp;quot;:&amp;quot;news&amp;quot;,&amp;quot;isBaijiahao&amp;quot;:0,&amp;quot;extra&amp;quot;:&amp;quot;{\&amp;quot;category\&amp;quot;:-1,\&amp;quot;channel_id\&amp;quot;:1,\&amp;quot;city\&amp;quot;:\&amp;quot;\\u90af\\u90f8\&amp;quot;,\&amp;quot;cs\&amp;quot;:\&amp;quot;1237031517 56415212\&amp;quot;,\&amp;quot;district\&amp;quot;:\&amp;quot;\&amp;quot;,\&amp;quot;fe\&amp;quot;:\&amp;quot;\&amp;quot;,\&amp;quot;final_score\&amp;quot;:2,\&amp;quot;gr_merge_score\&amp;quot;:0.28215475437886,\&amp;quot;gr_pred_score\&amp;quot;:0.63498169183731,\&amp;quot;hha\&amp;quot;:0,\&amp;quot;localname\&amp;quot;:\&amp;quot;\&amp;quot;,\&amp;quot;mark\&amp;quot;:1,\&amp;quot;mark_rec\&amp;quot;:1,\&amp;quot;mthid\&amp;quot;:\&amp;quot;\&amp;quot;,\&amp;quot;new_cat\&amp;quot;:\&amp;quot;\\u56fd\\u5185\&amp;quot;,\&amp;quot;new_sub_cat\&amp;quot;:\&amp;quot;\\u7efc\\u5408\&amp;quot;,\&amp;quot;odus\&amp;quot;:0.0063792336732149,\&amp;quot;pfe\&amp;quot;:\&amp;quot;-1_-1_-1_-1_-1\&amp;quot;,\&amp;quot;predictor_result\&amp;quot;:\&amp;quot;CAEZAAAzyTNN2UA=\&amp;quot;,\&amp;quot;province\&amp;quot;:\&amp;quot;\\u6cb3\\u5317\&amp;quot;,\&amp;quot;rec_src\&amp;quot;:[34],\&amp;quot;score\&amp;quot;:25908.8,\&amp;quot;src_tag\&amp;quot;:\&amp;quot;\&amp;quot;,\&amp;quot;srccat\&amp;quot;:2,\&amp;quot;srcid\&amp;quot;:80003,\&amp;quot;tj_timeliness\&amp;quot;:1,\&amp;quot;type\&amp;quot;:0,\&amp;quot;ua\&amp;quot;:\&amp;quot;0_0_android_5.0_0\&amp;quot;,\&amp;quot;ut\&amp;quot;:\&amp;quot;_5.0_0_\&amp;quot;,\&amp;quot;msrcid\&amp;quot;:80003,\&amp;quot;dispatch_time\&amp;quot;:1498445807}&amp;quot;,&amp;quot;stype&amp;quot;:0,&amp;quot;rid&amp;quot;:&amp;quot;4578410200092689875&amp;quot;,&amp;quot;pos&amp;quot;:1,&amp;quot;picNum&amp;quot;:1,&amp;quot;title&amp;quot;:&amp;quot;\u5171\u9752\u56e2\u6d59\u6c5f\u7701\u59d4\u6210\u7acb\u5a5a\u604b\u4ea4\u53cb\u4e8b\u4e1a\u90e8 5000\u4f59\u4eba\u6765\u76f8\u4eb2&amp;quot;};yc;&quot; data-rid=&quot;4578410200092689875&quot; data-pos=&quot;1&quot; data-mib=&quot;1&quot; data-orilink=&quot;http://news.sina.com.cn/o/2017-06-26/doc-ifyhmtrw3944935.shtml&quot;&gt;&lt;div class=&quot;info-content&quot;&gt;&lt;div class=&quot;text-content&quot;&gt;&lt;h2&gt;共青团浙江省委成立婚恋交友事业部 5000余人来相亲&lt;span class=&quot;hotRec hotRec1&quot;&gt;&lt;/span&gt;&lt;/h2&gt;&lt;/div&gt;&lt;div class=&quot;news-from&quot;&gt;&lt;span class=&quot;src-net&quot;&gt;新浪新闻&lt;/span&gt;&lt;span class=&quot;src-time&quot;&gt;09:24&lt;/span&gt;&lt;span class=&quot;src-icon-hot isAndroid&quot;&gt;热点&lt;/span&gt;            &lt;/div&gt;&lt;/div&gt;&lt;div class=&quot;pic-content&quot;&gt;&lt;div class=&quot;news-img-padding&quot;&gt;&lt;/div&gt;&lt;img src=&quot;https://ss2.baidu.com/6ONYsjip0QIZ8tyhnq/it/u=1892972813,3103985608&amp;amp;fm=173&amp;amp;s=FC7201C31EA0709EC6AD49B003008016&amp;amp;w=218&amp;amp;h=146&amp;amp;img.JPEG&quot; /&gt;        &lt;/div&gt;&lt;/a&gt;&lt;/div&gt;&lt;div class=&quot;rec-item&quot; data-itemname=&quot;largePic&quot;&gt;&lt;div class=&quot;news-item tpl-largePic&quot;&gt;&lt;a href=&quot;https://feed.baidu.com/feed/data/wise/imageland?s_type=picnews&amp;amp;nid=2668110446027880833&amp;amp;n_type=1&amp;amp;p_from=2&quot; class=&quot;inner-item&quot; data-log=&quot;logExtra:yc:{&amp;quot;st&amp;quot;:&amp;quot;news&amp;quot;,&amp;quot;isBaijiahao&amp;quot;:1,&amp;quot;flow&amp;quot;:4,&amp;quot;extra&amp;quot;:&amp;quot;{\&amp;quot;attention_fea\&amp;quot;:\&amp;quot;\&amp;quot;,\&amp;quot;catid\&amp;quot;:4,\&amp;quot;cb_rank_score\&amp;quot;:0,\&amp;quot;channel_id\&amp;quot;:1,\&amp;quot;city\&amp;quot;:\&amp;quot;\\u90af\\u90f8\&amp;quot;,\&amp;quot;city_code\&amp;quot;:\&amp;quot;\&amp;quot;,\&amp;quot;click\&amp;quot;:1,\&amp;quot;cover\&amp;quot;:[0,4,1],\&amp;quot;coverquality\&amp;quot;:1,\&amp;quot;cs\&amp;quot;:\&amp;quot;132788245 2600277078\&amp;quot;,\&amp;quot;ctr_fea\&amp;quot;:\&amp;quot;\&amp;quot;,\&amp;quot;district\&amp;quot;:\&amp;quot;\&amp;quot;,\&amp;quot;final_score\&amp;quot;:2,\&amp;quot;flag\&amp;quot;:1,\&amp;quot;gif_site\&amp;quot;:\&amp;quot;\&amp;quot;,\&amp;quot;img_num\&amp;quot;:5,\&amp;quot;localname\&amp;quot;:\&amp;quot;\&amp;quot;,\&amp;quot;mark\&amp;quot;:4,\&amp;quot;mark_rec\&amp;quot;:4,\&amp;quot;predictor_result\&amp;quot;:\&amp;quot;CAEZAIAr6e1\\\/8UA=\&amp;quot;,\&amp;quot;province\&amp;quot;:\&amp;quot;\\u6cb3\\u5317\&amp;quot;,\&amp;quot;q_score\&amp;quot;:71678.9,\&amp;quot;rec_att\&amp;quot;:\&amp;quot;\&amp;quot;,\&amp;quot;rec_src\&amp;quot;:[15],\&amp;quot;recall_type\&amp;quot;:0,\&amp;quot;sample_name\&amp;quot;:\&amp;quot;wise_pic_feed\&amp;quot;,\&amp;quot;show\&amp;quot;:5,\&amp;quot;source_id\&amp;quot;:80001,\&amp;quot;src_tag\&amp;quot;:\&amp;quot;\&amp;quot;,\&amp;quot;steplength\&amp;quot;:2,\&amp;quot;sub_cate\&amp;quot;:\&amp;quot;\\u660e\\u661f\\u516b\\u5366\&amp;quot;,\&amp;quot;type\&amp;quot;:0,\&amp;quot;ua\&amp;quot;:\&amp;quot;0_0_android_5.0_0\&amp;quot;,\&amp;quot;ut\&amp;quot;:\&amp;quot;_5.0_0_\&amp;quot;,\&amp;quot;vertical_type\&amp;quot;:1,\&amp;quot;msrcid\&amp;quot;:80001,\&amp;quot;dispatch_time\&amp;quot;:1498445807}&amp;quot;,&amp;quot;stype&amp;quot;:0,&amp;quot;rid&amp;quot;:&amp;quot;2668110446027880833&amp;quot;,&amp;quot;pos&amp;quot;:2,&amp;quot;picNum&amp;quot;:3,&amp;quot;title&amp;quot;:&amp;quot;\u5a31\u4e50\u5708\u5ac1\u7ed9\u201c\u7f6a\u72af\u201d\u76845\u5927\u5973\u661f\uff0c\u6709\u4e00\u4f4d\u5f53\u65f6\u8fd8\u4e0d\u77e5\u60c5&amp;quot;};yc;&quot; data-rid=&quot;2668110446027880833&quot; data-pos=&quot;2&quot; data-mib=&quot;1&quot; data-orilink=&quot;http://baijiahao.baidu.com/s?id=1571082500361191&quot;&gt;&lt;div class=&quot;text-content&quot;&gt;&lt;h2&gt;娱乐圈嫁给“罪犯”的5大女星，有一位当时还不知情&lt;/h2&gt;&lt;/div&gt;&lt;div class=&quot;largepic-content&quot;&gt;&lt;div class=&quot;largePic-blank&quot;&gt;&lt;/div&gt;&lt;img src=&quot;https://ss0.bdstatic.com/9bA1vGfa2gU2pMbfm9GUKT-w/timg?searchbox_feed&amp;amp;quality=120&amp;amp;wh_rate=0&amp;amp;size=f648_364&amp;amp;ref=http%3A%2F%2Fwww.baidu.com&amp;amp;sec=0&amp;amp;di=d2ad723711e7fa0d56e29c48fe5b5589&amp;amp;src=http%3A%2F%2Ft12.baidu.com%2Fit%2Fu%3D3839533985%2C3197528996%26fm%3D175%26s%3D5D3613D51E8F695F1000FD690300D043%26w%3D431%26h%3D242%26img.JPEG&quot; /&gt;&lt;div class=&quot;pics-icon&quot;&gt;&lt;img src=&quot;https://gss0.bdstatic.com/5bd1bjqh_Q23odCf/static/wiseindex/img/icon_img.png&quot; /&gt;&lt;span&gt;5图&lt;/span&gt;&lt;/div&gt;&lt;/div&gt;&lt;div class=&quot;news-from&quot;&gt;&lt;span class=&quot;src-net&quot;&gt;时尚史想&lt;/span&gt;&lt;span class=&quot;src-time&quot;&gt;06-24&lt;/span&gt;&lt;span class=&quot;src-icon-rec isAndroid&quot;&gt;图集&lt;/span&gt;&lt;/div&gt;&lt;/a&gt;&lt;/div&gt;&lt;/div&gt;&lt;div class=&quot;rec-item&quot; data-itemname=&quot;largePic&quot;&gt;&lt;div class=&quot;news-item tpl-threePic&quot;&gt;&lt;a href=&quot;https://feed.baidu.com/feed/data/wise/imageland?s_type=picnews&amp;amp;nid=3389838399850070075&amp;amp;n_type=1&amp;amp;p_from=2&quot; class=&quot;inner-item&quot; data-log=&quot;logExtra:yc:{&amp;quot;st&amp;quot;:&amp;quot;news&amp;quot;,&amp;quot;isBaijiahao&amp;quot;:1,&amp;quot;flow&amp;quot;:4,&amp;quot;extra&amp;quot;:&amp;quot;{\&amp;quot;attention_fea\&amp;quot;:\&amp;quot;\&amp;quot;,\&amp;quot;catid\&amp;quot;:4,\&amp;quot;cb_rank_score\&amp;quot;:0,\&amp;quot;channel_id\&amp;quot;:1,\&amp;quot;city\&amp;quot;:\&amp;quot;\\u90af\\u90f8\&amp;quot;,\&amp;quot;city_code\&amp;quot;:\&amp;quot;\&amp;quot;,\&amp;quot;click\&amp;quot;:1,\&amp;quot;cover\&amp;quot;:[1,2,5],\&amp;quot;coverquality\&amp;quot;:1,\&amp;quot;cs\&amp;quot;:\&amp;quot;2864289997 790990299\&amp;quot;,\&amp;quot;ctr_fea\&amp;quot;:\&amp;quot;\&amp;quot;,\&amp;quot;district\&amp;quot;:\&amp;quot;\&amp;quot;,\&amp;quot;final_score\&amp;quot;:2,\&amp;quot;flag\&amp;quot;:1,\&amp;quot;gif_site\&amp;quot;:\&amp;quot;\&amp;quot;,\&amp;quot;img_num\&amp;quot;:6,\&amp;quot;localname\&amp;quot;:\&amp;quot;\&amp;quot;,\&amp;quot;mark\&amp;quot;:3,\&amp;quot;mark_rec\&amp;quot;:4,\&amp;quot;predictor_result\&amp;quot;:\&amp;quot;CAEZAIALPO2T8UA=\&amp;quot;,\&amp;quot;province\&amp;quot;:\&amp;quot;\\u6cb3\\u5317\&amp;quot;,\&amp;quot;q_score\&amp;quot;:71998.8,\&amp;quot;rec_att\&amp;quot;:\&amp;quot;\&amp;quot;,\&amp;quot;rec_src\&amp;quot;:[15],\&amp;quot;recall_type\&amp;quot;:0,\&amp;quot;sample_name\&amp;quot;:\&amp;quot;wise_pic_feed\&amp;quot;,\&amp;quot;show\&amp;quot;:5,\&amp;quot;source_id\&amp;quot;:80001,\&amp;quot;src_tag\&amp;quot;:\&amp;quot;\&amp;quot;,\&amp;quot;steplength\&amp;quot;:2,\&amp;quot;sub_cate\&amp;quot;:\&amp;quot;\\u660e\\u661f\\u516b\\u5366\&amp;quot;,\&amp;quot;type\&amp;quot;:0,\&amp;quot;ua\&amp;quot;:\&amp;quot;0_0_android_5.0_0\&amp;quot;,\&amp;quot;ut\&amp;quot;:\&amp;quot;_5.0_0_\&amp;quot;,\&amp;quot;vertical_type\&amp;quot;:1,\&amp;quot;msrcid\&amp;quot;:80001,\&amp;quot;dispatch_time\&amp;quot;:1498445807}&amp;quot;,&amp;quot;stype&amp;quot;:0,&amp;quot;rid&amp;quot;:&amp;quot;3389838399850070075&amp;quot;,&amp;quot;pos&amp;quot;:3,&amp;quot;picNum&amp;quot;:3,&amp;quot;title&amp;quot;:&amp;quot;\u660e\u661f\u4eec\u7684\u82f1\u6587\u540d\u5b57\uff1a\u8d75\u4e3d\u9896\u7684\u6700\u5c34\u5c2c\uff0c\u9648\u4f1f\u9706\u597d\u6d0b\u6c14\uff0c\u4ed6\u6700\u5389\u5bb3\uff01&amp;quot;};yc;&quot; data-rid=&quot;3389838399850070075&quot; data-pos=&quot;3&quot; data-mib=&quot;1&quot; data-orilink=&quot;http://baijiahao.baidu.com/s?id=1571064627879501&quot;&gt;&lt;div class=&quot;text-content&quot;&gt;&lt;h2&gt;明星们的英文名字：赵丽颖的最尴尬，陈伟霆好洋气，他最厉害！&lt;span class=&quot;hotRec hotRec3&quot;&gt;&lt;/span&gt;&lt;/h2&gt;&lt;/div&gt;&lt;div class=&quot;pic-content&quot;&gt;&lt;div class=&quot;img-wrap&quot;&gt;&lt;img src=&quot;https://ss2.baidu.com/6ONYsjip0QIZ8tyhnq/it/u=2467542164,557261385&amp;amp;fm=175&amp;amp;s=8930C7166FD36BD036C86CCE0300E020&amp;amp;w=218&amp;amp;h=146&amp;amp;img.JPEG&quot; /&gt;&lt;/div&gt;&lt;div class=&quot;img-wrap&quot;&gt;&lt;img src=&quot;https://ss1.baidu.com/6ONXsjip0QIZ8tyhnq/it/u=1370986399,4246221107&amp;amp;fm=173&amp;amp;s=0134E5371F9346D0500869DC03003022&amp;amp;w=218&amp;amp;h=146&amp;amp;img.JPEG&quot; /&gt;&lt;/div&gt;&lt;div class=&quot;img-wrap&quot;&gt;&lt;img src=&quot;https://ss1.baidu.com/6ONXsjip0QIZ8tyhnq/it/u=2067028417,4172843062&amp;amp;fm=175&amp;amp;s=E9011F7028617215494891CF0300E0A3&amp;amp;w=218&amp;amp;h=146&amp;amp;img.PNG&quot; /&gt;&lt;/div&gt;&lt;/div&gt;&lt;div class=&quot;news-from&quot;&gt;&lt;span class=&quot;src-net&quot;&gt;潮流摩登王&lt;/span&gt;&lt;span class=&quot;src-time&quot;&gt;06-24&lt;/span&gt;&lt;span class=&quot;src-icon-rec isAndroid&quot;&gt;图集&lt;/span&gt;&lt;/div&gt;&lt;/a&gt;&lt;/div&gt;&lt;/div&gt;&lt;div class=&quot;rec-item&quot; data-itemname=&quot;video&quot;&gt;&lt;div class=&quot;news-item tpl-video tpl-2&quot;&gt;&lt;div href=&quot;https://m.baidu.com/feed/data/videoland?pd=wise&amp;amp;s_type=video&amp;amp;vid=8363482979264638084&amp;amp;srchid=14cb8c85bd1e55b4&quot; class=&quot;inner-item video-small-inner&quot; data-log=&quot;logExtra:yc:{&amp;quot;st&amp;quot;:&amp;quot;video&amp;quot;,&amp;quot;source&amp;quot;:&amp;quot;small_video&amp;quot;,&amp;quot;extra&amp;quot;:&amp;quot;{\&amp;quot;category\&amp;quot;:0,\&amp;quot;cb_lr_expid\&amp;quot;:0,\&amp;quot;cb_lr_score\&amp;quot;:0,\&amp;quot;cb_manual_score\&amp;quot;:0,\&amp;quot;channel_id\&amp;quot;:0,\&amp;quot;city\&amp;quot;:\&amp;quot;\\u90af\\u90f8\&amp;quot;,\&amp;quot;click\&amp;quot;:208533,\&amp;quot;coverquality\&amp;quot;:0,\&amp;quot;cs\&amp;quot;:\&amp;quot;\&amp;quot;,\&amp;quot;district\&amp;quot;:\&amp;quot;\&amp;quot;,\&amp;quot;flag\&amp;quot;:1,\&amp;quot;genre\&amp;quot;:0,\&amp;quot;index_expid\&amp;quot;:0,\&amp;quot;label\&amp;quot;:[],\&amp;quot;live_type\&amp;quot;:0,\&amp;quot;mark\&amp;quot;:6,\&amp;quot;mark_rec\&amp;quot;:6,\&amp;quot;mthid\&amp;quot;:\&amp;quot;1553851850589061\&amp;quot;,\&amp;quot;new_cate\&amp;quot;:\&amp;quot;\\u5a31\\u4e50\&amp;quot;,\&amp;quot;new_sub_cate\&amp;quot;:\&amp;quot;\\u5a31\\u4e50\\u5468\\u8fb9\&amp;quot;,\&amp;quot;predictor_result\&amp;quot;:\&amp;quot;CAEZPjlWQoL49kA=\&amp;quot;,\&amp;quot;province\&amp;quot;:\&amp;quot;\\u6cb3\\u5317\&amp;quot;,\&amp;quot;rec_src\&amp;quot;:[9],\&amp;quot;score\&amp;quot;:94088.1,\&amp;quot;show\&amp;quot;:1125379,\&amp;quot;source\&amp;quot;:0,\&amp;quot;srccat\&amp;quot;:0,\&amp;quot;steplength\&amp;quot;:-1,\&amp;quot;top\&amp;quot;:0,\&amp;quot;type\&amp;quot;:0,\&amp;quot;ua\&amp;quot;:\&amp;quot;0_0_android_5.0_0\&amp;quot;,\&amp;quot;ut\&amp;quot;:\&amp;quot;_5.0_0_\&amp;quot;,\&amp;quot;msrcid\&amp;quot;:\&amp;quot;1000\&amp;quot;,\&amp;quot;dispatch_time\&amp;quot;:1498445807}&amp;quot;,&amp;quot;stype&amp;quot;:null,&amp;quot;rid&amp;quot;:&amp;quot;8363482979264638084&amp;quot;,&amp;quot;pos&amp;quot;:4,&amp;quot;picNum&amp;quot;:1,&amp;quot;title&amp;quot;:&amp;quot;\u5c0f\u59e8\u5b50\u8fd9\u7d27\u8eab\u88e4\u7a7f\u7684\uff0c\u8ba9\u4eba\u770b\u4e86\u5b9e\u5728\u662f\u5c34\u5c2c\uff0c\u8fd9\u6837\u7a7f\u771f\u7684\u597d\u5417\uff1f&amp;quot;};yc;&quot; data-rid=&quot;8363482979264638084&quot; data-pos=&quot;4&quot; data-viewtype=&quot;small&quot; data-mib=&quot;1&quot;&gt;&lt;div class=&quot;info-content&quot;&gt;&lt;div class=&quot;text-content&quot;&gt;&lt;h2&gt;小姨子这紧身裤穿的，让人看了实在是尴尬，这样穿真的好吗？&lt;/h2&gt;&lt;/div&gt;&lt;div class=&quot;news-from&quot;&gt;&lt;span class=&quot;src-net&quot;&gt;米尔的军事&lt;/span&gt;&lt;span class=&quot;src-time&quot;&gt;06-21&lt;/span&gt;            &lt;/div&gt;&lt;/div&gt;&lt;div class=&quot;pic-content&quot;&gt;&lt;div class=&quot;news-img-padding&quot;&gt;&lt;/div&gt;&lt;img src=&quot;https://ss0.bdstatic.com/9bA1vGba2gU2pMbfm9GUKT-w/timg?searchbox_feed&amp;amp;size=f218_146&amp;amp;quality=120&amp;amp;wh_rate=0&amp;amp;imgtype=0&amp;amp;ref=http%3A%2F%2Fwww.baidu.com&amp;amp;sec=0&amp;amp;di=453da48822849608c90fe1658accd7ba&amp;amp;src=http%3A%2F%2Fbos.nj.bpc.baidu.com%2Fv1%2Fmediaspot%2F4c0152e1752849fcd8512b96d5976fff.png&quot; /&gt;&lt;span class=&quot;stime-length&quot;&gt;&lt;span class=&quot;icon-splay&quot;&gt;&lt;/span&gt;00:17&lt;/span&gt;&lt;/div&gt;&lt;/div&gt;&lt;/div&gt;&lt;!--&lt;script id=&quot;js_item_video&quot; data-src=&quot;https://gss0.bdstatic.com/5bd1bjqh_Q23odCf/static/wiseindex/js/tabs/news/items/video.js&quot;&gt;B.asynLoad(&#039;js_item_video&#039;);&lt;/script&gt;--&gt;&lt;/div&gt;&lt;div class=&quot;rec-item news-item tpl-1&quot;&gt;&lt;a href=&quot;https://feed.baidu.com/feed/data/wise/landingpage?s_type=news&amp;amp;nid=10311502593760087091&amp;amp;n_type=0&amp;amp;p_from=2&quot; class=&quot;inner-item&quot; data-log=&quot;logExtra:yc:{&amp;quot;st&amp;quot;:&amp;quot;news&amp;quot;,&amp;quot;isBaijiahao&amp;quot;:0,&amp;quot;extra&amp;quot;:&amp;quot;{\&amp;quot;category\&amp;quot;:-1,\&amp;quot;channel_id\&amp;quot;:1,\&amp;quot;city\&amp;quot;:\&amp;quot;\\u90af\\u90f8\&amp;quot;,\&amp;quot;cs\&amp;quot;:\&amp;quot;266773599 151622189\&amp;quot;,\&amp;quot;district\&amp;quot;:\&amp;quot;\&amp;quot;,\&amp;quot;fe\&amp;quot;:\&amp;quot;\&amp;quot;,\&amp;quot;final_score\&amp;quot;:2,\&amp;quot;gr_merge_score\&amp;quot;:0.17477677471034,\&amp;quot;gr_pred_score\&amp;quot;:0.30587953329086,\&amp;quot;hha\&amp;quot;:0,\&amp;quot;localname\&amp;quot;:\&amp;quot;\&amp;quot;,\&amp;quot;mark\&amp;quot;:1,\&amp;quot;mark_rec\&amp;quot;:1,\&amp;quot;mthid\&amp;quot;:\&amp;quot;\&amp;quot;,\&amp;quot;new_cat\&amp;quot;:\&amp;quot;\\u79d1\\u6280\&amp;quot;,\&amp;quot;new_sub_cat\&amp;quot;:\&amp;quot;\\u7efc\\u5408\&amp;quot;,\&amp;quot;odus\&amp;quot;:0.010250455699861,\&amp;quot;pfe\&amp;quot;:\&amp;quot;-1_-1_-1_-1_-1\&amp;quot;,\&amp;quot;predictor_result\&amp;quot;:\&amp;quot;CAEZAADz4ZbJ1UA=\&amp;quot;,\&amp;quot;province\&amp;quot;:\&amp;quot;\\u6cb3\\u5317\&amp;quot;,\&amp;quot;rec_src\&amp;quot;:[34],\&amp;quot;score\&amp;quot;:22310.4,\&amp;quot;src_tag\&amp;quot;:\&amp;quot;\&amp;quot;,\&amp;quot;srccat\&amp;quot;:8,\&amp;quot;srcid\&amp;quot;:80003,\&amp;quot;tj_timeliness\&amp;quot;:1,\&amp;quot;type\&amp;quot;:0,\&amp;quot;ua\&amp;quot;:\&amp;quot;0_0_android_5.0_0\&amp;quot;,\&amp;quot;ut\&amp;quot;:\&amp;quot;_5.0_0_\&amp;quot;,\&amp;quot;msrcid\&amp;quot;:80003,\&amp;quot;dispatch_time\&amp;quot;:1498445807}&amp;quot;,&amp;quot;stype&amp;quot;:0,&amp;quot;rid&amp;quot;:&amp;quot;10311502593760087091&amp;quot;,&amp;quot;pos&amp;quot;:5,&amp;quot;picNum&amp;quot;:0,&amp;quot;title&amp;quot;:&amp;quot;\u5317\u4eac\u5730\u94c1\u63a8\u51fa\u201c\u624b\u673a\u4e00\u5361\u901a\u201d \u4eca\u8d77\u8bd5\u70b9\u5237\u624b\u673a\u51fa\u884c&amp;quot;};yc;&quot; data-rid=&quot;10311502593760087091&quot; data-pos=&quot;5&quot; data-mib=&quot;1&quot; data-orilink=&quot;http://www.chinanews.com/sh/2017/06-26/8260899.shtml&quot;&gt;&lt;div class=&quot;text-content&quot;&gt;&lt;h2&gt;北京地铁推出“手机一卡通” 今起试点刷手机出行&lt;span class=&quot;hotRec hotRec1&quot;&gt;&lt;/span&gt;&lt;/h2&gt;&lt;/div&gt;&lt;div class=&quot;news-from&quot;&gt;&lt;span class=&quot;src-net&quot;&gt;中国新闻网&lt;/span&gt;&lt;span class=&quot;src-time&quot;&gt;01:04&lt;/span&gt;&lt;span class=&quot;src-icon-hot isAndroid&quot;&gt;热点&lt;/span&gt;&lt;/div&gt;&lt;/a&gt;&lt;/div&gt;&lt;div class=&quot;rec-item news-item tpl-3&quot;&gt;&lt;a href=&quot;https://feed.baidu.com/feed/data/wise/landingpage?s_type=news&amp;amp;nid=2635815936797887641&amp;amp;n_type=0&amp;amp;p_from=2&quot; class=&quot;inner-item&quot; data-log=&quot;logExtra:yc:{&amp;quot;st&amp;quot;:&amp;quot;news&amp;quot;,&amp;quot;isBaijiahao&amp;quot;:0,&amp;quot;extra&amp;quot;:&amp;quot;{\&amp;quot;category\&amp;quot;:-1,\&amp;quot;channel_id\&amp;quot;:1,\&amp;quot;city\&amp;quot;:\&amp;quot;\\u90af\\u90f8\&amp;quot;,\&amp;quot;cs\&amp;quot;:\&amp;quot;409212795 940791591\&amp;quot;,\&amp;quot;district\&amp;quot;:\&amp;quot;\&amp;quot;,\&amp;quot;fe\&amp;quot;:\&amp;quot;\&amp;quot;,\&amp;quot;final_score\&amp;quot;:2,\&amp;quot;gr_merge_score\&amp;quot;:0.16940137910858,\&amp;quot;gr_pred_score\&amp;quot;:0.25662702322006,\&amp;quot;hha\&amp;quot;:0,\&amp;quot;localname\&amp;quot;:\&amp;quot;\&amp;quot;,\&amp;quot;mark\&amp;quot;:1,\&amp;quot;mark_rec\&amp;quot;:1,\&amp;quot;mthid\&amp;quot;:\&amp;quot;\&amp;quot;,\&amp;quot;new_cat\&amp;quot;:\&amp;quot;\\u56fd\\u5185\&amp;quot;,\&amp;quot;new_sub_cat\&amp;quot;:\&amp;quot;\\u4ea4\\u901a\&amp;quot;,\&amp;quot;odus\&amp;quot;:0.028653966262937,\&amp;quot;pfe\&amp;quot;:\&amp;quot;-1_-1_-1_-1_-1\&amp;quot;,\&amp;quot;predictor_result\&amp;quot;:\&amp;quot;CAEZAADrt94r5kA=\&amp;quot;,\&amp;quot;province\&amp;quot;:\&amp;quot;\\u6cb3\\u5317\&amp;quot;,\&amp;quot;rec_src\&amp;quot;:[34],\&amp;quot;score\&amp;quot;:45407,\&amp;quot;src_tag\&amp;quot;:\&amp;quot;\&amp;quot;,\&amp;quot;srccat\&amp;quot;:2,\&amp;quot;srcid\&amp;quot;:80003,\&amp;quot;tj_timeliness\&amp;quot;:1,\&amp;quot;type\&amp;quot;:0,\&amp;quot;ua\&amp;quot;:\&amp;quot;0_0_android_5.0_0\&amp;quot;,\&amp;quot;ut\&amp;quot;:\&amp;quot;_5.0_0_\&amp;quot;,\&amp;quot;msrcid\&amp;quot;:80003,\&amp;quot;dispatch_time\&amp;quot;:1498445807}&amp;quot;,&amp;quot;stype&amp;quot;:0,&amp;quot;rid&amp;quot;:&amp;quot;2635815936797887641&amp;quot;,&amp;quot;pos&amp;quot;:6,&amp;quot;picNum&amp;quot;:3,&amp;quot;title&amp;quot;:&amp;quot;\u7ea2\u706f\u7ba1\u4e0d\u4f4f \u66dd\u5149\u60f9\u4e89\u8bae \u201c\u4e2d\u56fd\u5f0f\u8fc7\u9a6c\u8def\u201d\u6b7b\u7ed3\u600e\u4e48\u89e3&amp;quot;};yc;&quot; data-rid=&quot;2635815936797887641&quot; data-pos=&quot;6&quot; data-mib=&quot;1&quot; data-orilink=&quot;http://news.xinhuanet.com/politics/2017-06/26/c_1121207682.htm&quot;&gt;&lt;div class=&quot;text-content&quot;&gt;&lt;h2&gt;红灯管不住 曝光惹争议 “中国式过马路”死结怎么解&lt;span class=&quot;hotRec hotRec1&quot;&gt;&lt;/span&gt;&lt;/h2&gt;&lt;/div&gt;&lt;div class=&quot;pic-content&quot;&gt;&lt;div class=&quot;img-wrap&quot;&gt;&lt;img src=&quot;https://ss0.baidu.com/6ONWsjip0QIZ8tyhnq/it/u=1928053890,5958027&amp;amp;fm=173&amp;amp;s=74C24EB94E0240DA7C3DBDF90300F031&amp;amp;w=218&amp;amp;h=146&amp;amp;img.JPEG&quot; /&gt;&lt;/div&gt;&lt;div class=&quot;img-wrap&quot;&gt;&lt;img src=&quot;https://ss2.baidu.com/6ONYsjip0QIZ8tyhnq/it/u=1952623376,4269112503&amp;amp;fm=173&amp;amp;s=A9946195D0C3A0F3C6AC1D0A0300A091&amp;amp;w=218&amp;amp;h=146&amp;amp;img.JPEG&quot; /&gt;&lt;/div&gt;&lt;div class=&quot;img-wrap&quot;&gt;&lt;img src=&quot;https://ss1.baidu.com/6ONXsjip0QIZ8tyhnq/it/u=1820198047,4157234372&amp;amp;fm=173&amp;amp;s=0720F8020A7333BF4120083203008067&amp;amp;w=218&amp;amp;h=146&amp;amp;img.JPEG&quot; /&gt;&lt;/div&gt;        &lt;/div&gt;&lt;div class=&quot;news-from&quot;&gt;&lt;span class=&quot;src-net&quot;&gt;新华网&lt;/span&gt;&lt;span class=&quot;src-time&quot;&gt;07:28&lt;/span&gt;&lt;span class=&quot;src-icon-hot isAndroid&quot;&gt;热点&lt;/span&gt;&lt;/div&gt;&lt;/a&gt;&lt;/div&gt;&lt;div class=&quot;rec-item ads-item&quot; data-itemname=&quot;ecomAds&quot; style=&quot;display: block !important;visibility: visible !important;&quot; data-adf=&quot;1&quot; data-pos=&quot;7&quot; data-fresh-type=&quot;3&quot; data-fresh-count=&quot;1&quot;&gt;&lt;/div&gt;&lt;/div&gt;&lt;/div&gt;&lt;div class=&quot;tab-news-foot&quot;&gt;&lt;/div&gt;&lt;div class=&quot;s-loading-frame bottom&quot;&gt;&lt;div class=&quot;bottom-load-ing&quot;&gt;&lt;div class=&quot;load-img-wrapper&quot;&gt;&lt;img class=&quot;load-ing-img&quot; src=&quot;https://gss0.bdstatic.com/5bd1bjqh_Q23odCf/static/wiseindex/img/fetch_ing_8_0.png&quot; /&gt;&lt;/div&gt;&lt;span class=&quot;load-text&quot;&gt;正在加载&lt;/span&gt;&lt;/div&gt;&lt;div class=&quot;bottom-load-before&quot;&gt;上滑加载更多&lt;/div&gt;&lt;/div&gt;&lt;/div&gt;&lt;textarea id=&quot;first_rids&quot; style=&quot;display:none;&quot;&gt;[&quot;4578410200092689875&quot;,&quot;2668110446027880833&quot;,&quot;3389838399850070075&quot;,&quot;8363482979264638084&quot;,&quot;10311502593760087091&quot;,&quot;2635815936797887641&quot;]&lt;/textarea&gt;&lt;script data-md5=&quot;13b3db50&quot; data-ls4=&quot;1&quot;&gt;&lt;/script&gt;&lt;script&gt;window.sSession = window.sSession || {};sSession.tabs = sSession.tabs || {};sSession.tabs[&#039;1&#039;] = {listnum: 8, page: 1, sessionid: &#039;14984458067658&#039;,preRids: [&quot;4578410200092689875&quot;,&quot;2668110446027880833&quot;,&quot;3389838399850070075&quot;,&quot;8363482979264638084&quot;,&quot;10311502593760087091&quot;,&quot;2635815936797887641&quot;]};&lt;/script&gt;&lt;/div&gt;&lt;/div&gt;&lt;/div&gt;&lt;div class=&quot;tab-tools&quot;&gt;&lt;div class=&quot;tab-refresh&quot; data-thunder=&quot;tid:32;cst:2;logFrom:float_tools;logInfo:refresh;ref:index_iphone;&quot;&gt;&lt;/div&gt;&lt;div class=&quot;tab-back&quot; data-thunder=&quot;tid:31;cst:2;logFrom:float_tools;logInfo:back_to_top;ref:index_iphone;&quot;&gt;&lt;/div&gt;&lt;/div&gt;&lt;div id=&quot;bottom&quot;&gt;&lt;ul class=&quot;ffz30&quot;&gt;&lt;li class=&quot;hotIcon&quot;&gt;&lt;a href=&quot;http://uil.cbs.baidu.com/urlsafe/redirect?rid=100054&quot;&gt;百度浏览器，上网提速200%&lt;/a&gt;&lt;/li&gt;&lt;li class=&quot;baiduIcon&quot;&gt;&lt;a href=&quot;http://downpack.baidu.com/baidusearch_AndroidPhone_1002024w.apk&quot;&gt;手机百度， 6亿用户的极速搜索应用&lt;/a&gt;&lt;/li&gt;&lt;li class=&quot;hotIcon&quot;&gt;&lt;a href=&quot;http://e.baidu.com/m2/?refer=209&quot;&gt;百度推广，让有需求的客户找到你&lt;/a&gt;&lt;/li&gt;&lt;/ul&gt;&lt;div id=&quot;foot&quot;&gt;&lt;div&gt;&lt;a href=&quot;http://ufosdk.baidu.com/?m=Client&amp;amp;a=commonsubmit&amp;amp;appid=517&amp;amp;activityId=1&amp;amp;needEmail=false&amp;amp;bw=63A3346FC928A03FE546E7FC530F4D9C&amp;amp;kw=&amp;amp;tn=iphone&amp;amp;pageid=6&quot; data-stats=&quot;10|2|foot|a1_b2&quot;&gt;&lt;i class=&quot;icon-feedback&quot;&gt;&lt;/i&gt;用户反馈&lt;/a&gt;&lt;/div&gt;&lt;a id=&quot;index-copyright&quot; href=&quot;https://www.baidu.com/duty/wise/wise_index.html&quot; data-stats=&quot;10|2|foot|a2_l1&quot;&gt;使用百度前必读 Baidu 京ICP证030173号&lt;/a&gt;&lt;a class=&quot;recordcode&quot; href=&quot;http://www.beian.gov.cn/portal/registerSystemInfo?recordcode=11000002000001&quot; target=&quot;_blank&quot;&gt;&lt;i&gt;&lt;/i&gt;京公网安备11000002000001号&lt;/a&gt;&lt;/div&gt;&lt;div id=&quot;admin-bottom&quot;&gt;管理我的关注&lt;/div&gt;&lt;/div&gt;&lt;/div&gt;&lt;div id=&quot;search-card&quot; style=&quot;display: block;&quot;&gt;&lt;div id=&quot;page-hd&quot; class=&quot;se-page-hd&quot;&gt;&lt;div id=&quot;head&quot;&gt;&lt;div id=&quot;h-tabs&quot; class=&quot;h-tabs-flexbox c-flexbox&quot;&gt;&lt;a class=&quot;logo&quot; href=&quot;/?ref=www_itl&amp;amp;ms=1&quot;&gt;&lt;/a&gt;&lt;a class=&quot;h-tab&quot; href=&quot;javascript:void(0);&quot;&gt;&lt;span class=&quot;tabTx cur&quot; id=&quot;wy&quot;&gt;网页&lt;/span&gt;&lt;/a&gt;&lt;a class=&quot;h-tab&quot; href=&quot;http://map.baidu.com/?newmap=1&amp;amp;ie=utf-8&amp;amp;itj=45&amp;amp;s=s%26wd%3D%E4%B8%AD%E6%96%87%2BTesterHome&amp;amp;ssid=0&amp;amp;from=844b&amp;amp;bd_page_type=1&amp;amp;uid=0&amp;amp;pu=sz@320_1001,ta@iphone_2_5.0_3_537&amp;amp;wtj=ws&quot; data-schema=&quot;baidumap://map/place/search?src=wisesearch&amp;amp;query=%E4%B8%AD%E6%96%87%2BTesterHome&quot;&gt;&lt;span class=&quot;tabTx&quot;&gt;地图&lt;/span&gt;&lt;/a&gt;&lt;a class=&quot;h-tab&quot; href=&quot;http://tieba.baidu.com/f?mo_device=1&amp;amp;vit=www_nav&amp;amp;kw=%E4%B8%AD%E6%96%87%2BTesterHome&amp;amp;ssid=0&amp;amp;from=844b&amp;amp;bd_page_type=1&amp;amp;uid=0&amp;amp;pu=sz@320_1001,ta@iphone_2_5.0_3_537&quot;&gt;&lt;span class=&quot;tabTx&quot;&gt;贴吧&lt;/span&gt;&lt;/a&gt;&lt;a class=&quot;h-tab&quot; href=&quot;http://mobile.baidu.com/#/search?w=%E4%B8%AD%E6%96%87%2BTesterHome&amp;amp;source=wise_search&amp;amp;f=outer_search&quot;&gt;&lt;span class=&quot;tabTx&quot;&gt;应用&lt;/span&gt;&lt;/a&gt;&lt;a class=&quot;h-tab&quot; href=&quot;javascript:void(0);&quot; id=&quot;switchBt&quot;&gt;&lt;span id=&quot;mo&quot; class=&quot;tabTx more&quot;&gt;更多&lt;span id=&quot;arr&quot; class=&quot;sicon-ar arrow&quot;&gt;&lt;/span&gt;&lt;/span&gt;&lt;/a&gt;&lt;/div&gt;&lt;div id=&quot;more&quot;&gt;&lt;div class=&quot;more-links&quot;&gt;&lt;a href=&quot;http://m.news.baidu.com/news?fr=searchresult01&amp;amp;ssid=0&amp;amp;from=844b&amp;amp;bd_page_type=1&amp;amp;uid=0&amp;amp;pu=sz@320_1001,ta@iphone_2_5.0_3_537#search/%E4%B8%AD%E6%96%87%2BTesterHome&quot;&gt;新闻&lt;/a&gt;&lt;a href=&quot;http://wapiknow.baidu.com/index/?st=3&amp;amp;ref=&amp;amp;word=%E4%B8%AD%E6%96%87%2BTesterHome&amp;amp;ssid=0&amp;amp;from=844b&amp;amp;bd_page_type=1&amp;amp;uid=0&amp;amp;pu=sz@320_1001,ta@iphone_2_5.0_3_537&quot;&gt;知道&lt;/a&gt;&lt;a href=&quot;http://wapbaike.baidu.com/search?st=3&amp;amp;ref=&amp;amp;word=%E4%B8%AD%E6%96%87%2BTesterHome&amp;amp;ssid=0&amp;amp;from=844b&amp;amp;bd_page_type=1&amp;amp;uid=0&amp;amp;pu=sz@320_1001,ta@iphone_2_5.0_3_537&quot;&gt;百科&lt;/a&gt;&lt;a href=&quot;http://image.baidu.com/search/wiseala?tn=wiseala&amp;amp;iswiseala=1&amp;amp;ie=utf8&amp;amp;wiseps=1&amp;amp;word=%E4%B8%AD%E6%96%87%2BTesterHome&quot;&gt;图片&lt;/a&gt;&lt;/div&gt;&lt;div class=&quot;more-links&quot;&gt;&lt;a href=&quot;http://m.baidu.com/s?tn=bdx&amp;amp;st=105141&amp;amp;word=%E4%B8%AD%E6%96%87%2BTesterHome&amp;amp;ssid=0&amp;amp;from=844b&amp;amp;bd_page_type=1&amp;amp;uid=0&amp;amp;pu=sz@320_1001,ta@iphone_2_5.0_3_537&quot;&gt;小说&lt;/a&gt;&lt;a href=&quot;http://wk.baidu.com/search?ref=&amp;amp;word=%E4%B8%AD%E6%96%87%2BTesterHome&amp;amp;ssid=0&amp;amp;from=844b&amp;amp;bd_page_type=1&amp;amp;uid=0&amp;amp;pu=sz@320_1001,ta@iphone_2_5.0_3_537&quot;&gt;文库&lt;/a&gt;&lt;a href=&quot;http://music.baidu.com/s?f=ms&amp;amp;itn=baidump3mobile&amp;amp;rf=mobile&amp;amp;ct=671088640&amp;amp;lf=&amp;amp;rn=20&amp;amp;lm=0&amp;amp;gate=33&amp;amp;ie=utf-8&amp;amp;ref=&amp;amp;key=%E4%B8%AD%E6%96%87%2BTesterHome&amp;amp;ssid=0&amp;amp;from=844b&amp;amp;bd_page_type=1&amp;amp;uid=0&amp;amp;pu=sz@320_1001,ta@iphone_2_5.0_3_537&quot;&gt;音乐&lt;/a&gt;&lt;a href=&quot;http://m.video.baidu.com?ie=utf-8&amp;amp;ref=&amp;amp;wtj=ws&amp;amp;ssid=0&amp;amp;from=844b&amp;amp;bd_page_type=1&amp;amp;uid=0&amp;amp;pu=sz@320_1001,ta@iphone_2_5.0_3_537#search=%E4%B8%AD%E6%96%87%2BTesterHome&quot;&gt;视频&lt;/a&gt;&lt;/div&gt;&lt;/div&gt;&lt;/div&gt;&lt;div class=&quot;searchboxtop&quot;&gt;&lt;form data-formposition=&quot;t&quot; class=&quot;se-form&quot; id=&quot;se-form&quot; action=&quot;/from=844b/s&quot; method=&quot;get&quot;&gt;&lt;div class=&quot;con-wrap&quot;&gt;&lt;div class=&quot;se-bearicon&quot;&gt;&lt;/div&gt;&lt;textarea autocomplete=&quot;off&quot; autocorrect=&quot;off&quot; maxlength=&quot;64&quot; id=&quot;kw&quot; name=&quot;word&quot; class=&quot;se-input adjust-input&quot; data-sug=&quot;1&quot;&gt;&lt;/textarea&gt;&lt;div class=&quot;se-inner&quot;&gt;&lt;div id=&quot;cross&quot; class=&quot;cross&quot;&gt;&lt;/div&gt;&lt;div class=&quot;callicon-wrap&quot; style=&quot;display: none;&quot;&gt;&lt;div class=&quot;baiduapp-icon&quot;&gt;&lt;/div&gt;&lt;div class=&quot;baiduappcall-wrap&quot;&gt;&lt;div class=&quot;qrcode call&quot; data-ac=&quot;active&quot;&gt;&lt;input type=&quot;file&quot; accept=&quot;image/*&quot; style=&quot;position:absolute;left:0;width:100%;top:0;height:100%;opacity:0;z-index: 10;&quot; /&gt;&lt;/div&gt;&lt;input id=&quot;ts-image-uploader&quot; type=&quot;file&quot; data-role=&quot;uploader&quot; accept=&quot;image/*&quot; style=&quot;display:none;&quot; /&gt;&lt;div class=&quot;voice call&quot; data-ac=&quot;active&quot;&gt;&lt;/div&gt;&lt;/div&gt;&lt;/div&gt;&lt;button id=&quot;se-bn&quot; class=&quot;se-bn&quot; type=&quot;submit&quot;&gt;&lt;span&gt;百度一下&lt;/span&gt;&lt;/button&gt;&lt;/div&gt;&lt;/div&gt;&lt;div id=&quot;se-box&quot; class=&quot;se-box&quot;&gt;&lt;div class=&quot;suggest-div&quot; style=&quot;display: none; visibility: visible;&quot;&gt;&lt;div class=&quot;suggest-direct&quot;&gt;&lt;/div&gt;&lt;div class=&quot;suggest-panel&quot;&gt;&lt;div class=&quot;suggest-content&quot;&gt;&lt;/div&gt;&lt;div class=&quot;suggest-oper sug-active-his&quot;&gt;&lt;div class=&quot;suggest-oper-at sug-oper-btn&quot;&gt;直达号&lt;/div&gt;&lt;div class=&quot;suggest-oper-his sug-oper-btn&quot;&gt;历史记录&lt;/div&gt;&lt;/div&gt;&lt;/div&gt;&lt;div class=&quot;suggest-title&quot;&gt;&lt;div class=&quot;suggest-logo&quot;&gt;&lt;/div&gt;&lt;div class=&quot;suggest-control&quot;&gt;&lt;div class=&quot;history-clear&quot;&gt;清除历史记录&lt;/div&gt;&lt;/div&gt;&lt;div class=&quot;suggest-at&quot;&gt;直达号&lt;/div&gt;&lt;/div&gt;&lt;div class=&quot;suggest-close&quot;&gt;关闭&lt;/div&gt;&lt;/div&gt;&lt;/div&gt;&lt;input type=&quot;hidden&quot; name=&quot;rq&quot; value=&quot;&quot; /&gt;&lt;input type=&quot;hidden&quot; name=&quot;ss&quot; value=&quot;0&quot; /&gt;&lt;input type=&quot;hidden&quot; name=&quot;ts&quot; value=&quot;0&quot; /&gt;&lt;input type=&quot;hidden&quot; name=&quot;t_kt&quot; value=&quot;0&quot; /&gt;&lt;input type=&quot;hidden&quot; name=&quot;ms&quot; value=&quot;1&quot; /&gt;&lt;input type=&quot;hidden&quot; name=&quot;dit&quot; value=&quot;0&quot; /&gt;&lt;input type=&quot;hidden&quot; name=&quot;sa&quot; value=&quot;tb&quot; /&gt;&lt;/form&gt;&lt;/div&gt;&lt;/div&gt;&lt;div class=&quot;search-page&quot;&gt;&lt;div id=&quot;page-bd&quot; class=&quot;se-page-bd&quot;&gt;&lt;div class=&quot;page-load&quot; id=&quot;page-load&quot;&gt;&lt;/div&gt;&lt;div id=&quot;page-tips&quot; class=&quot;se-page-tips&quot;&gt;&lt;/div&gt;&lt;div id=&quot;results-top&quot;&gt;&lt;/div&gt;&lt;div id=&quot;results&quot; class=&quot;results&quot;&gt;&lt;div class=&quot;result c-result c-clk-recommend&quot; srcid=&quot;www_normal&quot; new_srcid=&quot;1599&quot; order=&quot;1&quot; tpl=&quot;www_normal&quot; data-log=&quot;{&#039;fm&#039;:&#039;&#039;,&#039;ensrcid&#039;:&#039;www_normal&#039;,&#039;order&#039;:&#039;1&#039;,&#039;mu&#039;:&#039;http://testerhome.com/&#039;}&quot; data-ecom-log-info=&quot;w_1_&quot;&gt;&lt;div class=&quot;c-container&quot;&gt;&lt;a href=&quot;http://m.baidu.com/from=844b/bd_page_type=1/ssid=0/uid=0/pu=sz%40320_1001%2Cta%40iphone_2_5.0_3_537%2Cusm%401/baiduid=63A3346FC928A03FE546E7FC530F4D9C/w=0_10_/t=iphone/l=3/tc?ref=www_iphone&amp;amp;lid=10687942014033828209&amp;amp;order=1&amp;amp;fm=alop&amp;amp;tj=www_normal_1_0_10_title&amp;amp;vit=osres&amp;amp;m=8&amp;amp;srd=1&amp;amp;cltj=cloud_title&amp;amp;asres=1&amp;amp;nt=wnor&amp;amp;title=TesterHome&amp;amp;dict=32&amp;amp;w_qd=IlPT2AEptyoA_yk66AsbrQRzyw4IRaS54hmQM_&amp;amp;sec=22034&amp;amp;di=0115cda8a41ea18a&amp;amp;bdenc=1&amp;amp;nsrc=IlPT2AEptyoA_yixCFOxXnANedT62v3IEh3CQSlG_jWzmI39h47aUb3&quot; class=&quot;c-blocka&quot;&gt;&lt;h3 class=&quot;c-title c-gap-top-small&quot;&gt;&lt;em&gt;TesterHome&lt;/em&gt;&lt;/h3&gt;&lt;/a&gt;&lt;div class=&quot;c-row c-abstract c-gap-top-small&quot;&gt;&lt;div class=&quot;c-span12&quot;&gt;&lt;a href=&quot;http://m.baidu.com/from=844b/bd_page_type=1/ssid=0/uid=0/pu=sz%40320_1001%2Cta%40iphone_2_5.0_3_537%2Cusm%401/baiduid=63A3346FC928A03FE546E7FC530F4D9C/w=0_10_/t=iphone/l=3/tc?ref=www_iphone&amp;amp;lid=10687942014033828209&amp;amp;order=1&amp;amp;fm=alop&amp;amp;tj=www_normal_1_0_10_title&amp;amp;vit=osres&amp;amp;m=8&amp;amp;srd=1&amp;amp;cltj=cloud_title&amp;amp;asres=1&amp;amp;nt=wnor&amp;amp;title=TesterHome&amp;amp;dict=32&amp;amp;w_qd=IlPT2AEptyoA_yk66AsbrQRzyw4IRaS54hmQM_&amp;amp;sec=22034&amp;amp;di=0115cda8a41ea18a&amp;amp;bdenc=1&amp;amp;nsrc=IlPT2AEptyoA_yixCFOxXnANedT62v3IEh3CQSlG_jWzmI39h47aUb3&quot; class=&quot;c-blocka&quot;&gt;&lt;p class=&quot;c-line-clamp3 c-color&quot;&gt;&lt;em&gt;TesterHome&lt;/em&gt;软件测试社区,人气最旺的软件测试技术门户,提供软件测试社区交流,测试沙龙。&lt;/p&gt;&lt;/a&gt;&lt;div class=&quot;c-showurl c-line-clamp1&quot;&gt;&lt;span class=&quot;c-showurl&quot;&gt;testerhome.com&lt;/span&gt;&lt;span class=&quot;c-showurl&quot;&gt;&lt;/span&gt;&lt;span class=&quot;koubei-entrance c-gap-left&quot;&gt;&lt;a href=&quot;http://m.baidu.com/from=844b/bd_page_type=1/ssid=0/uid=0/pu=sz%40320_1001%2Cta%40iphone_2_5.0_3_537%2Cusm%401/baiduid=63A3346FC928A03FE546E7FC530F4D9C/w=0_10_/t=iphone/l=1/tc?ref=www_iphone&amp;amp;lid=10687942014033828209&amp;amp;order=1&amp;amp;fm=alop&amp;amp;dict=32&amp;amp;tj=www_normal_1_0_10_l1&amp;amp;w_qd=IlPT2AEptyoA_yk66AsbrQRzyw4IRaS54hmQM_&amp;amp;sec=22034&amp;amp;di=35339e55d71a1864&amp;amp;bdenc=1&amp;amp;nsrc=IlPT2AEptyoA_yixCFOxCGZb8c3JV3T5AB7OQCxV_8SwnESzbbrgHtkfEFXyAjrIBUjwuSPQpslTxnWjOW1i8RB3qfg8tGdu8Cqqb4Xxhh0RHBANqQZgLgHoWWVrtKnL70xMbM1EEMFIA8-iz_3wsM-wi33JqhVsnvPOrCSmqfnPIlqaV6z98piBNYVIXy_&quot; data-url=&quot;https://koubei.baidu.com/m2/mem/db618f744257dc72a7cc89557c144f58?q=%E4%B8%AD%E6%96%87%2BTesterHome&amp;amp;from=ps_wise1&quot; class=&quot;koubei-a&quot;&gt;&lt;span class=&quot;c-gray&quot;&gt;评价&lt;/span&gt;&lt;/a&gt;&lt;/span&gt;&lt;/div&gt;&lt;/div&gt;&lt;/div&gt;&lt;/div&gt;&lt;script&gt;A.merge(function(){A.setup({&#039;index&#039;: &#039;5&#039;,&#039;isSfRec&#039;: &#039;&#039;,&#039;isJump&#039;: &#039;&#039;,&#039;sfUrl&#039;: &#039;https://sp0.baidu.com/5LMDcjW6BwF3otqbppnN2DJv/xinghe.pae.baidu.com/xinghe/data/queryxinghe&#039;,&#039;keyWord&#039;: &#039;中文+TesterHome&#039;,&#039;sfTitle&#039;: &#039;&#039;,&#039;query&#039; : &#039;&#039;,_tcUrl: &#039;http://m.baidu.com/from=844b/ssid=0/uid=0/bd_page_type=1/pu=sz%40320_1001%2Cta%40iphone_2_5.0_3_537%2Cusm%401/baiduid=63A3346FC928A03FE546E7FC530F4D9C/w=0_10_/t=iphone/l=1/tc?ref=www_iphone&amp;amp;amp;lid=10687942014033828209&amp;amp;amp;order=5&amp;amp;amp;extra=&amp;amp;amp;fm=alop&amp;amp;amp;cyc=&amp;amp;amp;sto=&amp;amp;amp;tj=sigma_celebrity_rela_5_0_10_l13&amp;amp;amp;w_qd=IlPT2AEptyoA_yk66AsbrQRzyw4IRaS54hmQM_&amp;amp;amp;src=&#039;,link : &#039;&#039;,is_sf:&#039;&#039;,isNewUx: &#039;&#039;});A.init(function(){var _this = this;var $container = $(_this.container);var index = _this.data.index;var isSfRec = _this.data.isSfRec;var isJump = _this.data.isJump;var sfTitle =  _this.data.sfTitle;var keyWord = _this.data.keyWord;var link = _this.data.link;var is_sf = _this.data.is_sf;var head = $container.find(&#039;h3&#039;).eq(0).parent(&#039;a&#039;);var sfurl = $container.find(&#039;.wa-wa-sigma-celebrity-sfurl&#039;).attr(&#039;data-sf-href&#039;);var href = $container.find(&#039;.wa-wa-sigma-celebrity-sfurl&#039;).attr(&#039;href&#039;);var query = _this.data.query;var offsetW;var scrollParent = $container.find(&#039;.wa-sigma-celebrity-rela-scroller&#039;);var scrollOffset;var switchflag = true;var w = $(window).width();var h = $(window).height();var cw = $container.width();var positionX,offsetX;var tcUrlLink = this.makeTcUrl({src: link,});var $bscroll = $container.find(&#039;.wa-sigma-celebrity-rela-wrapper-&#039; + index);if($bscroll.length){require([&#039;fusion/b-scroll/b-scroll&#039;], function(){if ($bscroll.get(0) &amp;amp;&amp;amp; $bscroll.get(0).fusion) {var IscrollObj = $bscroll.get(0).fusion.scroll;$(window).resize(function(){w = $(window).width();h = $(window).height();cw = $container.width();IscrollObj &amp;amp;&amp;amp; IscrollObj.refresh &amp;amp;&amp;amp; IscrollObj.refresh();});$bscroll.on(&#039;touchstart&#039;, function () {positionX = IscrollObj.x;offsetW = scrollParent.width() - cw;scrollOffset = Math.abs(IscrollObj.x);}).on(&#039;scrollEnd&#039;, function () {if(IscrollObj.directionX == 1 &amp;amp;&amp;amp; offsetW == scrollOffset){_this.sendLog({&#039;type&#039;: &#039;scroll&#039;,&#039;action&#039;: &#039;endjump&#039;,&#039;src&#039;: encodeURI(link)}, this);/*调起情景页*/if (isSfRec) {$container.find(&#039;.wa-wa-sigma-celebrity-sfurl&#039;).trigger(&quot;click&quot;);/*调起星河推荐页*/}else if(isJump){window.location.href = tcUrlLink;}}else{_this.sendLog({&#039;type&#039;: &#039;scroll&#039;,&#039;action&#039;: &#039;sideslip&#039;}, this);}});}});}});;},&quot;sigma_celebrity_rela&quot;, &quot;5&quot;,&quot;&quot;);&lt;/script&gt;&lt;script&gt;A.merge(function(){A.setup({&#039;index&#039;: &#039;11&#039;,&#039;isSfRec&#039;: &#039;&#039;,&#039;isJump&#039;: &#039;&#039;,&#039;sfUrl&#039;: &#039;https://sp0.baidu.com/5LMDcjW6BwF3otqbppnN2DJv/xinghe.pae.baidu.com/xinghe/data/queryxinghe&#039;,&#039;keyWord&#039;: &#039;中文+TesterHome&#039;,&#039;sfTitle&#039;: &#039;&#039;,&#039;query&#039; : &#039;&#039;,_tcUrl: &#039;http://m.baidu.com/from=844b/ssid=0/uid=0/bd_page_type=1/pu=sz%40320_1001%2Cta%40iphone_2_5.0_3_537%2Cusm%401/baiduid=63A3346FC928A03FE546E7FC530F4D9C/w=0_10_/t=iphone/l=1/tc?ref=www_iphone&amp;amp;amp;lid=10687942014033828209&amp;amp;amp;order=11&amp;amp;amp;extra=&amp;amp;amp;fm=alop&amp;amp;amp;cyc=&amp;amp;amp;sto=&amp;amp;amp;tj=sigma_celebrity_rela_11_0_10_l9&amp;amp;amp;w_qd=IlPT2AEptyoA_yk66AsbrQRzyw4IRaS54hmQM_&amp;amp;amp;src=&#039;,link : &#039;&#039;,is_sf:&#039;&#039;,isNewUx: &#039;&#039;});A.init(function(){var _this = this;var $container = $(_this.container);var index = _this.data.index;var isSfRec = _this.data.isSfRec;var isJump = _this.data.isJump;var sfTitle =  _this.data.sfTitle;var keyWord = _this.data.keyWord;var link = _this.data.link;var is_sf = _this.data.is_sf;var head = $container.find(&#039;h3&#039;).eq(0).parent(&#039;a&#039;);var sfurl = $container.find(&#039;.wa-wa-sigma-celebrity-sfurl&#039;).attr(&#039;data-sf-href&#039;);var href = $container.find(&#039;.wa-wa-sigma-celebrity-sfurl&#039;).attr(&#039;href&#039;);var query = _this.data.query;var offsetW;var scrollParent = $container.find(&#039;.wa-sigma-celebrity-rela-scroller&#039;);var scrollOffset;var switchflag = true;var w = $(window).width();var h = $(window).height();var cw = $container.width();var positionX,offsetX;var tcUrlLink = this.makeTcUrl({src: link,});var $bscroll = $container.find(&#039;.wa-sigma-celebrity-rela-wrapper-&#039; + index);if($bscroll.length){require([&#039;fusion/b-scroll/b-scroll&#039;], function(){if ($bscroll.get(0) &amp;amp;&amp;amp; $bscroll.get(0).fusion) {var IscrollObj = $bscroll.get(0).fusion.scroll;$(window).resize(function(){w = $(window).width();h = $(window).height();cw = $container.width();IscrollObj &amp;amp;&amp;amp; IscrollObj.refresh &amp;amp;&amp;amp; IscrollObj.refresh();});$bscroll.on(&#039;touchstart&#039;, function () {positionX = IscrollObj.x;offsetW = scrollParent.width() - cw;scrollOffset = Math.abs(IscrollObj.x);}).on(&#039;scrollEnd&#039;, function () {if(IscrollObj.directionX == 1 &amp;amp;&amp;amp; offsetW == scrollOffset){_this.sendLog({&#039;type&#039;: &#039;scroll&#039;,&#039;action&#039;: &#039;endjump&#039;,&#039;src&#039;: encodeURI(link)}, this);/*调起情景页*/if (isSfRec) {$container.find(&#039;.wa-wa-sigma-celebrity-sfurl&#039;).trigger(&quot;click&quot;);/*调起星河推荐页*/}else if(isJump){window.location.href = tcUrlLink;}}else{_this.sendLog({&#039;type&#039;: &#039;scroll&#039;,&#039;action&#039;: &#039;sideslip&#039;}, this);}});}});}});;},&quot;sigma_celebrity_rela&quot;, &quot;11&quot;,&quot;&quot;);&lt;/script&gt;&lt;div class=&quot;c-container c-recomm-wrap&quot; style=&quot;display: none;&quot;&gt;&lt;div class=&quot;c-recomm-cnt c-gray&quot;&gt;&lt;span class=&quot;c-gap-right&quot;&gt;&lt;i class=&quot;c-icon&quot;&gt;&lt;/i&gt;大家还搜：&lt;/span&gt;&lt;a class=&quot;c-gap-right&quot; href=&quot;http://m.baidu.com/from=844b/ssid=0/uid=0/bd_page_type=1/pu=sz%40320_1001%2Cta%40iphone_2_5.0_3_537%2Cusm%401/baiduid=63A3346FC928A03FE546E7FC530F4D9C/w=0_10_/t=iphone/l=1/tc?lid=10687942014033828209&amp;amp;ref=www_iphone&amp;amp;w_qd=IlPT2AEptyoA_yk66AsbrQRzyw4IRaS54hmQM_&amp;amp;order=1&amp;amp;src=https%3A%2F%2Fm.baidu.com%2Fs%3Fword%3Dmacaca%26ssid%3D0%26from%3D844b%26bd_page_type%3D1%26uid%3D0%26pu%3Dsz%2540320_1001%252Cta%2540iphone_2_5.0_3_537%252Cusm%25401%26baiduid%3D63A3346FC928A03FE546E7FC530F4D9C%26rqid%3D10687942014033828209%26sa%3Dre_dl_cr_9&quot;&gt;macaca&lt;/a&gt;&lt;a class=&quot;c-gap-right&quot; href=&quot;http://m.baidu.com/from=844b/ssid=0/uid=0/bd_page_type=1/pu=sz%40320_1001%2Cta%40iphone_2_5.0_3_537%2Cusm%401/baiduid=63A3346FC928A03FE546E7FC530F4D9C/w=0_10_/t=iphone/l=1/tc?lid=10687942014033828209&amp;amp;ref=www_iphone&amp;amp;w_qd=IlPT2AEptyoA_yk66AsbrQRzyw4IRaS54hmQM_&amp;amp;order=1&amp;amp;src=https%3A%2F%2Fm.baidu.com%2Fs%3Fword%3Dappium%26ssid%3D0%26from%3D844b%26bd_page_type%3D1%26uid%3D0%26pu%3Dsz%2540320_1001%252Cta%2540iphone_2_5.0_3_537%252Cusm%25401%26baiduid%3D63A3346FC928A03FE546E7FC530F4D9C%26rqid%3D10687942014033828209%26sa%3Dre_dl_cr_9&quot;&gt;appium&lt;/a&gt;&lt;a class=&quot;c-gap-right&quot; href=&quot;http://m.baidu.com/from=844b/ssid=0/uid=0/bd_page_type=1/pu=sz%40320_1001%2Cta%40iphone_2_5.0_3_537%2Cusm%401/baiduid=63A3346FC928A03FE546E7FC530F4D9C/w=0_10_/t=iphone/l=1/tc?lid=10687942014033828209&amp;amp;ref=www_iphone&amp;amp;w_qd=IlPT2AEptyoA_yk66AsbrQRzyw4IRaS54hmQM_&amp;amp;order=1&amp;amp;src=https%3A%2F%2Fm.baidu.com%2Fs%3Fword%3Dtesterhome%25E5%2588%259B%25E5%25A7%258B%25E4%25BA%25BA%26ssid%3D0%26from%3D844b%26bd_page_type%3D1%26uid%3D0%26pu%3Dsz%2540320_1001%252Cta%2540iphone_2_5.0_3_537%252Cusm%25401%26baiduid%3D63A3346FC928A03FE546E7FC530F4D9C%26rqid%3D10687942014033828209%26sa%3Dre_dl_cr_9&quot;&gt;testerhome创始人&lt;/a&gt;&lt;a class=&quot;c-gap-right&quot; href=&quot;http://m.baidu.com/from=844b/ssid=0/uid=0/bd_page_type=1/pu=sz%40320_1001%2Cta%40iphone_2_5.0_3_537%2Cusm%401/baiduid=63A3346FC928A03FE546E7FC530F4D9C/w=0_10_/t=iphone/l=1/tc?lid=10687942014033828209&amp;amp;ref=www_iphone&amp;amp;w_qd=IlPT2AEptyoA_yk66AsbrQRzyw4IRaS54hmQM_&amp;amp;order=1&amp;amp;src=https%3A%2F%2Fm.baidu.com%2Fs%3Fword%3D51testing%26ssid%3D0%26from%3D844b%26bd_page_type%3D1%26uid%3D0%26pu%3Dsz%2540320_1001%252Cta%2540iphone_2_5.0_3_537%252Cusm%25401%26baiduid%3D63A3346FC928A03FE546E7FC530F4D9C%26rqid%3D10687942014033828209%26sa%3Dre_dl_cr_9&quot;&gt;51testing&lt;/a&gt;&lt;a class=&quot;c-gap-right&quot; href=&quot;http://m.baidu.com/from=844b/ssid=0/uid=0/bd_page_type=1/pu=sz%40320_1001%2Cta%40iphone_2_5.0_3_537%2Cusm%401/baiduid=63A3346FC928A03FE546E7FC530F4D9C/w=0_10_/t=iphone/l=1/tc?lid=10687942014033828209&amp;amp;ref=www_iphone&amp;amp;w_qd=IlPT2AEptyoA_yk66AsbrQRzyw4IRaS54hmQM_&amp;amp;order=1&amp;amp;src=https%3A%2F%2Fm.baidu.com%2Fs%3Fword%3Dstf%26ssid%3D0%26from%3D844b%26bd_page_type%3D1%26uid%3D0%26pu%3Dsz%2540320_1001%252Cta%2540iphone_2_5.0_3_537%252Cusm%25401%26baiduid%3D63A3346FC928A03FE546E7FC530F4D9C%26rqid%3D10687942014033828209%26sa%3Dre_dl_cr_9&quot;&gt;stf&lt;/a&gt;&lt;a class=&quot;c-gap-right&quot; href=&quot;http://m.baidu.com/from=844b/ssid=0/uid=0/bd_page_type=1/pu=sz%40320_1001%2Cta%40iphone_2_5.0_3_537%2Cusm%401/baiduid=63A3346FC928A03FE546E7FC530F4D9C/w=0_10_/t=iphone/l=1/tc?lid=10687942014033828209&amp;amp;ref=www_iphone&amp;amp;w_qd=IlPT2AEptyoA_yk66AsbrQRzyw4IRaS54hmQM_&amp;amp;order=1&amp;amp;src=https%3A%2F%2Fm.baidu.com%2Fs%3Fword%3D%25E6%25B5%258B%25E8%25AF%2595%25E4%25B9%258B%25E5%25AE%25B6%26ssid%3D0%26from%3D844b%26bd_page_type%3D1%26uid%3D0%26pu%3Dsz%2540320_1001%252Cta%2540iphone_2_5.0_3_537%252Cusm%25401%26baiduid%3D63A3346FC928A03FE546E7FC530F4D9C%26rqid%3D10687942014033828209%26sa%3Dre_dl_cr_9&quot;&gt;测试之家&lt;/a&gt;&lt;a class=&quot;c-gap-right&quot; href=&quot;http://m.baidu.com/from=844b/ssid=0/uid=0/bd_page_type=1/pu=sz%40320_1001%2Cta%40iphone_2_5.0_3_537%2Cusm%401/baiduid=63A3346FC928A03FE546E7FC530F4D9C/w=0_10_/t=iphone/l=1/tc?lid=10687942014033828209&amp;amp;ref=www_iphone&amp;amp;w_qd=IlPT2AEptyoA_yk66AsbrQRzyw4IRaS54hmQM_&amp;amp;order=1&amp;amp;src=https%3A%2F%2Fm.baidu.com%2Fs%3Fword%3Ditpub%26ssid%3D0%26from%3D844b%26bd_page_type%3D1%26uid%3D0%26pu%3Dsz%2540320_1001%252Cta%2540iphone_2_5.0_3_537%252Cusm%25401%26baiduid%3D63A3346FC928A03FE546E7FC530F4D9C%26rqid%3D10687942014033828209%26sa%3Dre_dl_cr_9&quot;&gt;itpub&lt;/a&gt;&lt;a class=&quot;c-gap-right&quot; href=&quot;http://m.baidu.com/from=844b/ssid=0/uid=0/bd_page_type=1/pu=sz%40320_1001%2Cta%40iphone_2_5.0_3_537%2Cusm%401/baiduid=63A3346FC928A03FE546E7FC530F4D9C/w=0_10_/t=iphone/l=1/tc?lid=10687942014033828209&amp;amp;ref=www_iphone&amp;amp;w_qd=IlPT2AEptyoA_yk66AsbrQRzyw4IRaS54hmQM_&amp;amp;order=1&amp;amp;src=https%3A%2F%2Fm.baidu.com%2Fs%3Fword%3Dtestng%26ssid%3D0%26from%3D844b%26bd_page_type%3D1%26uid%3D0%26pu%3Dsz%2540320_1001%252Cta%2540iphone_2_5.0_3_537%252Cusm%25401%26baiduid%3D63A3346FC928A03FE546E7FC530F4D9C%26rqid%3D10687942014033828209%26sa%3Dre_dl_cr_9&quot;&gt;testng&lt;/a&gt;&lt;a class=&quot;c-gap-right&quot; href=&quot;http://m.baidu.com/from=844b/ssid=0/uid=0/bd_page_type=1/pu=sz%40320_1001%2Cta%40iphone_2_5.0_3_537%2Cusm%401/baiduid=63A3346FC928A03FE546E7FC530F4D9C/w=0_10_/t=iphone/l=1/tc?lid=10687942014033828209&amp;amp;ref=www_iphone&amp;amp;w_qd=IlPT2AEptyoA_yk66AsbrQRzyw4IRaS54hmQM_&amp;amp;order=1&amp;amp;src=https%3A%2F%2Fm.baidu.com%2Fs%3Fword%3Dselenium%26ssid%3D0%26from%3D844b%26bd_page_type%3D1%26uid%3D0%26pu%3Dsz%2540320_1001%252Cta%2540iphone_2_5.0_3_537%252Cusm%25401%26baiduid%3D63A3346FC928A03FE546E7FC530F4D9C%26rqid%3D10687942014033828209%26sa%3Dre_dl_cr_9&quot;&gt;selenium&lt;/a&gt;&lt;/div&gt;&lt;/div&gt;&lt;/div&gt;&lt;div class=&quot;result c-result c-clk-recommend&quot; srcid=&quot;www_normal&quot; new_srcid=&quot;1599&quot; order=&quot;2&quot; tpl=&quot;www_normal&quot; data-log=&quot;{&#039;fm&#039;:&#039;&#039;,&#039;ensrcid&#039;:&#039;www_normal&#039;,&#039;order&#039;:&#039;2&#039;,&#039;mu&#039;:&#039;http://tieba.baidu.com/f?kw=testerhome&#039;}&quot; data-ecom-log-info=&quot;w_2_&quot;&gt;&lt;div class=&quot;c-container&quot;&gt;&lt;a href=&quot;http://m.baidu.com/from=844b/bd_page_type=1/ssid=0/uid=0/pu=sz%40320_1001%2Cta%40iphone_2_5.0_3_537%2Cusm%401/baiduid=63A3346FC928A03FE546E7FC530F4D9C/w=0_10_/t=iphone/l=1/tc?ref=www_iphone&amp;amp;lid=10687942014033828209&amp;amp;order=2&amp;amp;fm=alop&amp;amp;waplogo=1&amp;amp;tj=www_normal_2_0_10_title&amp;amp;vit=osres&amp;amp;waput=7&amp;amp;cltj=normal_title&amp;amp;asres=1&amp;amp;title=testerhome%E5%90%A7_%E7%99%BE%E5%BA%A6%E8%B4%B4%E5%90%A7&amp;amp;dict=-1&amp;amp;w_qd=IlPT2AEptyoA_yk66AsbrQRzyw4IRaS54hmQM_&amp;amp;sec=22034&amp;amp;di=ee442619b8d86380&amp;amp;bdenc=1&amp;amp;nsrc=IlPT2AEptyoA_yixCFOxXnANedT62v3IEhuYNy5K1De8mVjte4viZQRAZHKgVnCFZpLRsGORdMpDaCf7Oa&quot; data-url=&quot;http://tieba.baidu.com/f?kw=testerhome&quot; class=&quot;c-blocka&quot;&gt;&lt;h3 class=&quot;c-title c-gap-top-small&quot;&gt;&lt;em&gt;testerhome&lt;/em&gt;吧_百度贴吧&lt;/h3&gt;&lt;/a&gt;&lt;div class=&quot;c-row c-abstract c-gap-top-small&quot;&gt;&lt;div class=&quot;c-span12&quot;&gt;&lt;a href=&quot;http://m.baidu.com/from=844b/bd_page_type=1/ssid=0/uid=0/pu=sz%40320_1001%2Cta%40iphone_2_5.0_3_537%2Cusm%401/baiduid=63A3346FC928A03FE546E7FC530F4D9C/w=0_10_/t=iphone/l=1/tc?ref=www_iphone&amp;amp;lid=10687942014033828209&amp;amp;order=2&amp;amp;fm=alop&amp;amp;waplogo=1&amp;amp;tj=www_normal_2_0_10_title&amp;amp;vit=osres&amp;amp;waput=7&amp;amp;cltj=normal_title&amp;amp;asres=1&amp;amp;title=testerhome%E5%90%A7_%E7%99%BE%E5%BA%A6%E8%B4%B4%E5%90%A7&amp;amp;dict=-1&amp;amp;w_qd=IlPT2AEptyoA_yk66AsbrQRzyw4IRaS54hmQM_&amp;amp;sec=22034&amp;amp;di=ee442619b8d86380&amp;amp;bdenc=1&amp;amp;nsrc=IlPT2AEptyoA_yixCFOxXnANedT62v3IEhuYNy5K1De8mVjte4viZQRAZHKgVnCFZpLRsGORdMpDaCf7Oa&quot; data-url=&quot;http://tieba.baidu.com/f?kw=testerhome&quot; class=&quot;c-blocka&quot;&gt;&lt;p class=&quot;c-line-clamp3 c-color&quot;&gt;亲爱的各位吧友:欢迎来到&lt;em&gt;testerhome&lt;/em&gt; 贴吧楼委会 8-24本吧特权礼包  兑换 红色标题 补签卡 经验加速 膜拜...&lt;/p&gt;&lt;/a&gt;&lt;div class=&quot;c-showurl c-line-clamp1&quot;&gt;&lt;span class=&quot;c-showurl&quot;&gt;tieba.baidu.com&lt;/span&gt;&lt;span class=&quot;c-showurl&quot;&gt; › ...&lt;/span&gt;&lt;/div&gt;&lt;/div&gt;&lt;/div&gt;&lt;/div&gt;&lt;div class=&quot;c-container c-recomm-wrap&quot; style=&quot;display: none;&quot;&gt;&lt;div class=&quot;c-recomm-cnt c-gray&quot;&gt;&lt;span class=&quot;c-gap-right&quot;&gt;&lt;i class=&quot;c-icon&quot;&gt;&lt;/i&gt;大家还搜：&lt;/span&gt;&lt;a class=&quot;c-gap-right&quot; href=&quot;http://m.baidu.com/from=844b/ssid=0/uid=0/bd_page_type=1/pu=sz%40320_1001%2Cta%40iphone_2_5.0_3_537%2Cusm%401/baiduid=63A3346FC928A03FE546E7FC530F4D9C/w=0_10_/t=iphone/l=1/tc?lid=10687942014033828209&amp;amp;ref=www_iphone&amp;amp;w_qd=IlPT2AEptyoA_yk66AsbrQRzyw4IRaS54hmQM_&amp;amp;order=2&amp;amp;src=https%3A%2F%2Fm.baidu.com%2Fs%3Fword%3Dselenium%26ssid%3D0%26from%3D844b%26bd_page_type%3D1%26uid%3D0%26pu%3Dsz%2540320_1001%252Cta%2540iphone_2_5.0_3_537%252Cusm%25401%26baiduid%3D63A3346FC928A03FE546E7FC530F4D9C%26rqid%3D10687942014033828209%26sa%3Dre_dl_cr_11&quot;&gt;selenium&lt;/a&gt;&lt;a class=&quot;c-gap-right&quot; href=&quot;http://m.baidu.com/from=844b/ssid=0/uid=0/bd_page_type=1/pu=sz%40320_1001%2Cta%40iphone_2_5.0_3_537%2Cusm%401/baiduid=63A3346FC928A03FE546E7FC530F4D9C/w=0_10_/t=iphone/l=1/tc?lid=10687942014033828209&amp;amp;ref=www_iphone&amp;amp;w_qd=IlPT2AEptyoA_yk66AsbrQRzyw4IRaS54hmQM_&amp;amp;order=2&amp;amp;src=https%3A%2F%2Fm.baidu.com%2Fs%3Fword%3D51testing%26ssid%3D0%26from%3D844b%26bd_page_type%3D1%26uid%3D0%26pu%3Dsz%2540320_1001%252Cta%2540iphone_2_5.0_3_537%252Cusm%25401%26baiduid%3D63A3346FC928A03FE546E7FC530F4D9C%26rqid%3D10687942014033828209%26sa%3Dre_dl_cr_11&quot;&gt;51testing&lt;/a&gt;&lt;a class=&quot;c-gap-right&quot; href=&quot;http://m.baidu.com/from=844b/ssid=0/uid=0/bd_page_type=1/pu=sz%40320_1001%2Cta%40iphone_2_5.0_3_537%2Cusm%401/baiduid=63A3346FC928A03FE546E7FC530F4D9C/w=0_10_/t=iphone/l=1/tc?lid=10687942014033828209&amp;amp;ref=www_iphone&amp;amp;w_qd=IlPT2AEptyoA_yk66AsbrQRzyw4IRaS54hmQM_&amp;amp;order=2&amp;amp;src=https%3A%2F%2Fm.baidu.com%2Fs%3Fword%3Ddocker%26ssid%3D0%26from%3D844b%26bd_page_type%3D1%26uid%3D0%26pu%3Dsz%2540320_1001%252Cta%2540iphone_2_5.0_3_537%252Cusm%25401%26baiduid%3D63A3346FC928A03FE546E7FC530F4D9C%26rqid%3D10687942014033828209%26sa%3Dre_dl_cr_11&quot;&gt;docker&lt;/a&gt;&lt;/div&gt;&lt;/div&gt;&lt;/div&gt;&lt;div class=&quot;result c-result c-clk-recommend&quot; srcid=&quot;www_normal&quot; new_srcid=&quot;1599&quot; order=&quot;3&quot; tpl=&quot;www_normal&quot; data-log=&quot;{&#039;fm&#039;:&#039;&#039;,&#039;ensrcid&#039;:&#039;www_normal&#039;,&#039;order&#039;:&#039;3&#039;,&#039;mu&#039;:&#039;http://testerhome.com/wiki/appiumdoccn&#039;}&quot; data-ecom-log-info=&quot;w_3_&quot;&gt;&lt;div class=&quot;c-container&quot;&gt;&lt;a href=&quot;http://m.baidu.com/from=844b/bd_page_type=1/ssid=0/uid=0/pu=sz%40320_1001%2Cta%40iphone_2_5.0_3_537%2Cusm%401/baiduid=63A3346FC928A03FE546E7FC530F4D9C/w=0_10_/t=iphone/l=3/tc?ref=www_iphone&amp;amp;lid=10687942014033828209&amp;amp;order=3&amp;amp;fm=alop&amp;amp;tj=www_normal_3_0_10_title&amp;amp;vit=osres&amp;amp;m=8&amp;amp;srd=1&amp;amp;cltj=cloud_title&amp;amp;asres=1&amp;amp;title=appium%E4%B8%AD%E6%96%87%E6%96%87%E6%A1%A3%C2%B7TesterHome&amp;amp;dict=32&amp;amp;w_qd=IlPT2AEptyoA_yk66AsbrQRzyw4IRaS54hmQM_&amp;amp;sec=22034&amp;amp;di=54ce36baeb3ace97&amp;amp;bdenc=1&amp;amp;nsrc=IlPT2AEptyoA_yixCFOxXnANedT62v3IEh3CQSlG_jWzmI39h47aUbBxWzj72Sm5IlXdvXODhMBScya&quot; class=&quot;c-blocka&quot;&gt;&lt;h3 class=&quot;c-title c-gap-top-small&quot;&gt;appium &lt;em&gt;中文&lt;/em&gt;文档 · &lt;em&gt;TesterHome&lt;/em&gt;&lt;/h3&gt;&lt;/a&gt;&lt;div class=&quot;c-row c-abstract c-gap-top-small&quot;&gt;&lt;div class=&quot;c-span12&quot;&gt;&lt;a href=&quot;http://m.baidu.com/from=844b/bd_page_type=1/ssid=0/uid=0/pu=sz%40320_1001%2Cta%40iphone_2_5.0_3_537%2Cusm%401/baiduid=63A3346FC928A03FE546E7FC530F4D9C/w=0_10_/t=iphone/l=3/tc?ref=www_iphone&amp;amp;lid=10687942014033828209&amp;amp;order=3&amp;amp;fm=alop&amp;amp;tj=www_normal_3_0_10_title&amp;amp;vit=osres&amp;amp;m=8&amp;amp;srd=1&amp;amp;cltj=cloud_title&amp;amp;asres=1&amp;amp;title=appium%E4%B8%AD%E6%96%87%E6%96%87%E6%A1%A3%C2%B7TesterHome&amp;amp;dict=32&amp;amp;w_qd=IlPT2AEptyoA_yk66AsbrQRzyw4IRaS54hmQM_&amp;amp;sec=22034&amp;amp;di=54ce36baeb3ace97&amp;amp;bdenc=1&amp;amp;nsrc=IlPT2AEptyoA_yixCFOxXnANedT62v3IEh3CQSlG_jWzmI39h47aUbBxWzj72Sm5IlXdvXODhMBScya&quot; class=&quot;c-blocka&quot;&gt;&lt;p class=&quot;c-line-clamp3 c-color&quot;&gt;&lt;span class=&quot;c-gray c-gap-right-small&quot;&gt;2015年4月24日 - &lt;/span&gt;&lt;em&gt;TesterHome&lt;/em&gt;软件测试社区,人气最旺的软件测试技术门户,提供软件测试社区交流,测试沙龙。&lt;/p&gt;&lt;/a&gt;&lt;div class=&quot;c-showurl c-line-clamp1&quot;&gt;&lt;span class=&quot;c-showurl&quot;&gt;testerhome.com&lt;/span&gt;&lt;span class=&quot;c-showurl&quot;&gt; › wiki › appiumdoccn&lt;/span&gt;&lt;/div&gt;&lt;/div&gt;&lt;/div&gt;&lt;/div&gt;&lt;div class=&quot;c-container c-recomm-wrap&quot; style=&quot;display: none;&quot;&gt;&lt;div class=&quot;c-recomm-cnt c-gray&quot;&gt;&lt;span class=&quot;c-gap-right&quot;&gt;&lt;i class=&quot;c-icon&quot;&gt;&lt;/i&gt;大家还搜：&lt;/span&gt;&lt;a class=&quot;c-gap-right&quot; href=&quot;http://m.baidu.com/from=844b/ssid=0/uid=0/bd_page_type=1/pu=sz%40320_1001%2Cta%40iphone_2_5.0_3_537%2Cusm%401/baiduid=63A3346FC928A03FE546E7FC530F4D9C/w=0_10_/t=iphone/l=1/tc?lid=10687942014033828209&amp;amp;ref=www_iphone&amp;amp;w_qd=IlPT2AEptyoA_yk66AsbrQRzyw4IRaS54hmQM_&amp;amp;order=3&amp;amp;src=https%3A%2F%2Fm.baidu.com%2Fs%3Fword%3Dappium%25E6%2595%2599%25E7%25A8%258B%26ssid%3D0%26from%3D844b%26bd_page_type%3D1%26uid%3D0%26pu%3Dsz%2540320_1001%252Cta%2540iphone_2_5.0_3_537%252Cusm%25401%26baiduid%3D63A3346FC928A03FE546E7FC530F4D9C%26rqid%3D10687942014033828209%26sa%3Dre_dl_cr_9&quot;&gt;appium教程&lt;/a&gt;&lt;a class=&quot;c-gap-right&quot; href=&quot;http://m.baidu.com/from=844b/ssid=0/uid=0/bd_page_type=1/pu=sz%40320_1001%2Cta%40iphone_2_5.0_3_537%2Cusm%401/baiduid=63A3346FC928A03FE546E7FC530F4D9C/w=0_10_/t=iphone/l=1/tc?lid=10687942014033828209&amp;amp;ref=www_iphone&amp;amp;w_qd=IlPT2AEptyoA_yk66AsbrQRzyw4IRaS54hmQM_&amp;amp;order=3&amp;amp;src=https%3A%2F%2Fm.baidu.com%2Fs%3Fword%3Dappium%2520github%26ssid%3D0%26from%3D844b%26bd_page_type%3D1%26uid%3D0%26pu%3Dsz%2540320_1001%252Cta%2540iphone_2_5.0_3_537%252Cusm%25401%26baiduid%3D63A3346FC928A03FE546E7FC530F4D9C%26rqid%3D10687942014033828209%26sa%3Dre_dl_cr_9&quot;&gt;appium github&lt;/a&gt;&lt;a class=&quot;c-gap-right&quot; href=&quot;http://m.baidu.com/from=844b/ssid=0/uid=0/bd_page_type=1/pu=sz%40320_1001%2Cta%40iphone_2_5.0_3_537%2Cusm%401/baiduid=63A3346FC928A03FE546E7FC530F4D9C/w=0_10_/t=iphone/l=1/tc?lid=10687942014033828209&amp;amp;ref=www_iphone&amp;amp;w_qd=IlPT2AEptyoA_yk66AsbrQRzyw4IRaS54hmQM_&amp;amp;order=3&amp;amp;src=https%3A%2F%2Fm.baidu.com%2Fs%3Fword%3Dappium%2520api%26ssid%3D0%26from%3D844b%26bd_page_type%3D1%26uid%3D0%26pu%3Dsz%2540320_1001%252Cta%2540iphone_2_5.0_3_537%252Cusm%25401%26baiduid%3D63A3346FC928A03FE546E7FC530F4D9C%26rqid%3D10687942014033828209%26sa%3Dre_dl_cr_9&quot;&gt;appium api&lt;/a&gt;&lt;a class=&quot;c-gap-right&quot; href=&quot;http://m.baidu.com/from=844b/ssid=0/uid=0/bd_page_type=1/pu=sz%40320_1001%2Cta%40iphone_2_5.0_3_537%2Cusm%401/baiduid=63A3346FC928A03FE546E7FC530F4D9C/w=0_10_/t=iphone/l=1/tc?lid=10687942014033828209&amp;amp;ref=www_iphone&amp;amp;w_qd=IlPT2AEptyoA_yk66AsbrQRzyw4IRaS54hmQM_&amp;amp;order=3&amp;amp;src=https%3A%2F%2Fm.baidu.com%2Fs%3Fword%3Dappium%2520api%2520java%26ssid%3D0%26from%3D844b%26bd_page_type%3D1%26uid%3D0%26pu%3Dsz%2540320_1001%252Cta%2540iphone_2_5.0_3_537%252Cusm%25401%26baiduid%3D63A3346FC928A03FE546E7FC530F4D9C%26rqid%3D10687942014033828209%26sa%3Dre_dl_cr_9&quot;&gt;appium api java&lt;/a&gt;&lt;a class=&quot;c-gap-right&quot; href=&quot;http://m.baidu.com/from=844b/ssid=0/uid=0/bd_page_type=1/pu=sz%40320_1001%2Cta%40iphone_2_5.0_3_537%2Cusm%401/baiduid=63A3346FC928A03FE546E7FC530F4D9C/w=0_10_/t=iphone/l=1/tc?lid=10687942014033828209&amp;amp;ref=www_iphone&amp;amp;w_qd=IlPT2AEptyoA_yk66AsbrQRzyw4IRaS54hmQM_&amp;amp;order=3&amp;amp;src=https%3A%2F%2Fm.baidu.com%2Fs%3Fword%3Dappium%2520%25E7%25AE%2580%25E4%25BB%258B%26ssid%3D0%26from%3D844b%26bd_page_type%3D1%26uid%3D0%26pu%3Dsz%2540320_1001%252Cta%2540iphone_2_5.0_3_537%252Cusm%25401%26baiduid%3D63A3346FC928A03FE546E7FC530F4D9C%26rqid%3D10687942014033828209%26sa%3Dre_dl_cr_9&quot;&gt;appium 简介&lt;/a&gt;&lt;a class=&quot;c-gap-right&quot; href=&quot;http://m.baidu.com/from=844b/ssid=0/uid=0/bd_page_type=1/pu=sz%40320_1001%2Cta%40iphone_2_5.0_3_537%2Cusm%401/baiduid=63A3346FC928A03FE546E7FC530F4D9C/w=0_10_/t=iphone/l=1/tc?lid=10687942014033828209&amp;amp;ref=www_iphone&amp;amp;w_qd=IlPT2AEptyoA_yk66AsbrQRzyw4IRaS54hmQM_&amp;amp;order=3&amp;amp;src=https%3A%2F%2Fm.baidu.com%2Fs%3Fword%3Dselenium%2520api%26ssid%3D0%26from%3D844b%26bd_page_type%3D1%26uid%3D0%26pu%3Dsz%2540320_1001%252Cta%2540iphone_2_5.0_3_537%252Cusm%25401%26baiduid%3D63A3346FC928A03FE546E7FC530F4D9C%26rqid%3D10687942014033828209%26sa%3Dre_dl_cr_9&quot;&gt;selenium api&lt;/a&gt;&lt;/div&gt;&lt;/div&gt;&lt;/div&gt;&lt;div class=&quot;result c-result c-clk-recommend&quot; srcid=&quot;www_normal&quot; new_srcid=&quot;1599&quot; order=&quot;4&quot; tpl=&quot;www_normal&quot; data-log=&quot;{&#039;fm&#039;:&#039;&#039;,&#039;ensrcid&#039;:&#039;www_normal&#039;,&#039;order&#039;:&#039;4&#039;,&#039;mu&#039;:&#039;http://fir.im/p9vs&#039;}&quot; data-ecom-log-info=&quot;w_4_&quot;&gt;&lt;div class=&quot;c-container&quot;&gt;&lt;a href=&quot;http://m.baidu.com/from=844b/bd_page_type=1/ssid=0/uid=0/pu=sz%40320_1001%2Cta%40iphone_2_5.0_3_537%2Cusm%401/baiduid=63A3346FC928A03FE546E7FC530F4D9C/w=0_10_/t=iphone/l=1/tc?ref=www_iphone&amp;amp;lid=10687942014033828209&amp;amp;order=4&amp;amp;fm=alop&amp;amp;tj=www_normal_4_0_10_title&amp;amp;url_mf_score=4&amp;amp;vit=osres&amp;amp;m=8&amp;amp;cltj=cloud_title&amp;amp;asres=1&amp;amp;nt=wnor&amp;amp;title=TesterHome-fir.im&amp;amp;dict=32&amp;amp;w_qd=IlPT2AEptyoA_yk66AsbrQRzyw4IRaS54hmQM_&amp;amp;sec=22034&amp;amp;di=0b8c793b91a2c518&amp;amp;bdenc=1&amp;amp;nsrc=IlPT2AEptyoA_yixCFOxXnANedT62v3IIBuD_yVNN7iMjZSla_&quot; class=&quot;c-blocka&quot;&gt;&lt;h3 class=&quot;c-title c-gap-top-small&quot;&gt;&lt;em&gt;TesterHome&lt;/em&gt; - fir.im&lt;/h3&gt;&lt;/a&gt;&lt;div class=&quot;c-row c-abstract c-gap-top-small&quot;&gt;&lt;div class=&quot;c-span3&quot;&gt;&lt;a href=&quot;http://m.baidu.com/from=844b/bd_page_type=1/ssid=0/uid=0/pu=sz%40320_1001%2Cta%40iphone_2_5.0_3_537%2Cusm%401/baiduid=63A3346FC928A03FE546E7FC530F4D9C/w=0_10_/t=iphone/l=1/tc?ref=www_iphone&amp;amp;lid=10687942014033828209&amp;amp;order=4&amp;amp;fm=alop&amp;amp;tj=www_normal_4_0_10_title&amp;amp;url_mf_score=4&amp;amp;vit=osres&amp;amp;m=8&amp;amp;cltj=cloud_title&amp;amp;asres=1&amp;amp;nt=wnor&amp;amp;title=TesterHome-fir.im&amp;amp;dict=32&amp;amp;w_qd=IlPT2AEptyoA_yk66AsbrQRzyw4IRaS54hmQM_&amp;amp;sec=22034&amp;amp;di=0b8c793b91a2c518&amp;amp;bdenc=1&amp;amp;nsrc=IlPT2AEptyoA_yixCFOxXnANedT62v3IIBuD_yVNN7iMjZSla_&quot; class=&quot;c-blocka&quot;&gt;&lt;div class=&quot;c-img c-img-s&quot; style=&quot;background-image: none; background-attachment: initial; background-color: initial; background-origin: initial; background-clip: initial; background-position: initial; background-repeat: initial;&quot;&gt;&lt;img src=&quot;https://ss0.bdstatic.com/9bA1vGfa2gU2pMbfm9GUKT-w/timg?wisealaddin&amp;amp;size=u200_200&amp;amp;quality=80&amp;amp;sec=1498445819&amp;amp;di=2673c10b650f9c4d78595ca662157b83&amp;amp;src=http%3A%2F%2Fi7.baidu.com%2Fit%2Fu%3D3426373194%2C3682006831%26fm%3D78%26s%3D8D00E41354A9C90D3452AED9030080BF&quot; /&gt;&lt;/div&gt;&lt;/a&gt;&lt;/div&gt;&lt;div class=&quot;c-span9&quot;&gt;&lt;a href=&quot;http://m.baidu.com/from=844b/bd_page_type=1/ssid=0/uid=0/pu=sz%40320_1001%2Cta%40iphone_2_5.0_3_537%2Cusm%401/baiduid=63A3346FC928A03FE546E7FC530F4D9C/w=0_10_/t=iphone/l=1/tc?ref=www_iphone&amp;amp;lid=10687942014033828209&amp;amp;order=4&amp;amp;fm=alop&amp;amp;tj=www_normal_4_0_10_title&amp;amp;url_mf_score=4&amp;amp;vit=osres&amp;amp;m=8&amp;amp;cltj=cloud_title&amp;amp;asres=1&amp;amp;nt=wnor&amp;amp;title=TesterHome-fir.im&amp;amp;dict=32&amp;amp;w_qd=IlPT2AEptyoA_yk66AsbrQRzyw4IRaS54hmQM_&amp;amp;sec=22034&amp;amp;di=0b8c793b91a2c518&amp;amp;bdenc=1&amp;amp;nsrc=IlPT2AEptyoA_yixCFOxXnANedT62v3IIBuD_yVNN7iMjZSla_&quot; class=&quot;c-blocka&quot;&gt;&lt;p class=&quot;c-line-clamp3 c-color&quot;&gt;&lt;span class=&quot;c-gray c-gap-right-small&quot;&gt;2016年12月31日 - &lt;/span&gt;&lt;em&gt;TesterHome&lt;/em&gt;  Safe Scan the qrcode to downloadOpen the url on your phone: http://fir.im/p9vs...&lt;/p&gt;&lt;/a&gt;&lt;div class=&quot;c-showurl c-line-clamp1&quot;&gt;&lt;span class=&quot;c-showurl&quot;&gt;fir.im&lt;/span&gt;&lt;span class=&quot;c-showurl&quot;&gt; › p9vs&lt;/span&gt;&lt;/div&gt;&lt;/div&gt;&lt;/div&gt;&lt;/div&gt;&lt;div class=&quot;c-container c-recomm-wrap&quot; style=&quot;display: none;&quot;&gt;&lt;div class=&quot;c-recomm-cnt c-gray&quot;&gt;&lt;span class=&quot;c-gap-right&quot;&gt;&lt;i class=&quot;c-icon&quot;&gt;&lt;/i&gt;大家还搜：&lt;/span&gt;&lt;a class=&quot;c-gap-right&quot; href=&quot;http://m.baidu.com/from=844b/ssid=0/uid=0/bd_page_type=1/pu=sz%40320_1001%2Cta%40iphone_2_5.0_3_537%2Cusm%401/baiduid=63A3346FC928A03FE546E7FC530F4D9C/w=0_10_/t=iphone/l=1/tc?lid=10687942014033828209&amp;amp;ref=www_iphone&amp;amp;w_qd=IlPT2AEptyoA_yk66AsbrQRzyw4IRaS54hmQM_&amp;amp;order=4&amp;amp;src=https%3A%2F%2Fm.baidu.com%2Fs%3Fword%3Dtesterhome%26ssid%3D0%26from%3D844b%26bd_page_type%3D1%26uid%3D0%26pu%3Dsz%2540320_1001%252Cta%2540iphone_2_5.0_3_537%252Cusm%25401%26baiduid%3D63A3346FC928A03FE546E7FC530F4D9C%26rqid%3D10687942014033828209%26sa%3Dre_dl_cr_11&quot;&gt;testerhome&lt;/a&gt;&lt;a class=&quot;c-gap-right&quot; href=&quot;http://m.baidu.com/from=844b/ssid=0/uid=0/bd_page_type=1/pu=sz%40320_1001%2Cta%40iphone_2_5.0_3_537%2Cusm%401/baiduid=63A3346FC928A03FE546E7FC530F4D9C/w=0_10_/t=iphone/l=1/tc?lid=10687942014033828209&amp;amp;ref=www_iphone&amp;amp;w_qd=IlPT2AEptyoA_yk66AsbrQRzyw4IRaS54hmQM_&amp;amp;order=4&amp;amp;src=https%3A%2F%2Fm.baidu.com%2Fs%3Fword%3Dtesterhome%25E5%2588%259B%25E5%25A7%258B%25E4%25BA%25BA%26ssid%3D0%26from%3D844b%26bd_page_type%3D1%26uid%3D0%26pu%3Dsz%2540320_1001%252Cta%2540iphone_2_5.0_3_537%252Cusm%25401%26baiduid%3D63A3346FC928A03FE546E7FC530F4D9C%26rqid%3D10687942014033828209%26sa%3Dre_dl_cr_11&quot;&gt;testerhome创始人&lt;/a&gt;&lt;a class=&quot;c-gap-right&quot; href=&quot;http://m.baidu.com/from=844b/ssid=0/uid=0/bd_page_type=1/pu=sz%40320_1001%2Cta%40iphone_2_5.0_3_537%2Cusm%401/baiduid=63A3346FC928A03FE546E7FC530F4D9C/w=0_10_/t=iphone/l=1/tc?lid=10687942014033828209&amp;amp;ref=www_iphone&amp;amp;w_qd=IlPT2AEptyoA_yk66AsbrQRzyw4IRaS54hmQM_&amp;amp;order=4&amp;amp;src=https%3A%2F%2Fm.baidu.com%2Fs%3Fword%3D%25E8%25BD%25AF%25E4%25BB%25B6%25E6%25B5%258B%25E8%25AF%2595%25E7%2599%25BE%25E5%25BA%25A6%25E4%25BA%2591%26ssid%3D0%26from%3D844b%26bd_page_type%3D1%26uid%3D0%26pu%3Dsz%2540320_1001%252Cta%2540iphone_2_5.0_3_537%252Cusm%25401%26baiduid%3D63A3346FC928A03FE546E7FC530F4D9C%26rqid%3D10687942014033828209%26sa%3Dre_dl_cr_11&quot;&gt;软件测试百度云&lt;/a&gt;&lt;a class=&quot;c-gap-right&quot; href=&quot;http://m.baidu.com/from=844b/ssid=0/uid=0/bd_page_type=1/pu=sz%40320_1001%2Cta%40iphone_2_5.0_3_537%2Cusm%401/baiduid=63A3346FC928A03FE546E7FC530F4D9C/w=0_10_/t=iphone/l=1/tc?lid=10687942014033828209&amp;amp;ref=www_iphone&amp;amp;w_qd=IlPT2AEptyoA_yk66AsbrQRzyw4IRaS54hmQM_&amp;amp;order=4&amp;amp;src=https%3A%2F%2Fm.baidu.com%2Fs%3Fword%3Dpostman%26ssid%3D0%26from%3D844b%26bd_page_type%3D1%26uid%3D0%26pu%3Dsz%2540320_1001%252Cta%2540iphone_2_5.0_3_537%252Cusm%25401%26baiduid%3D63A3346FC928A03FE546E7FC530F4D9C%26rqid%3D10687942014033828209%26sa%3Dre_dl_cr_11&quot;&gt;postman&lt;/a&gt;&lt;/div&gt;&lt;/div&gt;&lt;/div&gt;&lt;div class=&quot;result c-result&quot; srcid=&quot;sigma_celebrity_rela&quot; new_srcid=&quot;28339&quot; order=&quot;5&quot; tpl=&quot;sigma_celebrity_rela&quot; data-log=&quot;{&#039;fm&#039;:&#039;alop&#039;,&#039;ensrcid&#039;:&#039;sigma_celebrity_rela&#039;,&#039;order&#039;:&#039;5&#039;,&#039;mu&#039;:&#039;&#039;}&quot; data-ecom-log-info=&quot;w_5_&quot;&gt;&lt;div class=&quot;c-container&quot;&gt;&lt;div class=&quot;c-blocka&quot;&gt;&lt;h3 class=&quot;c-title c-gap-top-small&quot;&gt;&lt;em&gt;中文+TesterHome&lt;/em&gt;_相关软件&lt;/h3&gt;&lt;/div&gt;&lt;style data-merge=&quot;&quot;&gt;.wa-sigma-celebrity-f13 { font-size: 20px; vertical-align: top; line-height: 26px;}.wa-sigma-celebrity-f13::before {content: &#039;&#039;;display: inline-block;height: 15px;border-left: 1px solid #f1f1f1;}.wa-sigma-celebrity-rela-scroller{white-space:nowrap;}.wa-sigma-celebrity-rela-entity{display:inline-block;vertical-align:top;}.wa-sigma-celebrity-rela-entity:first-child{padding-left:0px;}.wa-sigma-celebrity-rela-name{text-align:center;line-height: 22px; white-space:pre-line;word-break: normal; word-wrap: normal;margin-bottom:2px;}.wa-sigma-celebrity-rela-reason {text-align: center; white-space:pre-line; word-break: normal; word-wrap: normal;font-size:13px;line-height:19px;margin-bottom:0;}.wa-sigma-celebrity-rela-comment {position:relative; height: 21px;margin:0 auto; width: 60px;}.wa-sigma-celebrity-rela-comment .c-icon {display: inline-block; width: 12px; text-align: center;}.wa-sigma-celebrity-rela-comment-graystar {position: absolute; color: #eee;}.wa-sigma-celebrity-rela-comment-redstar {position: absolute; color: #ff0000; white-space: nowrap;overflow: hidden;}.wa-sigma-celebrity-rela-nowrap {white-space:nowrap;}.wa-sigma-celebrity-coverWrap{position:relative;}.wa-sigma-celebrity-cover{width:100%;height:100%;font-size:25px;color:#fff;position:absolute;left:0;top:0;right:0;bottom:0;z-index:2;text-align:center;background:rgba(0,0,0,0.5);overflow:hidden;display:block;}.wa-sigma-celebrity-cover p{font-size:13px;text-align:center;line-height:12px;}.wa-sigma-celebrity-cover-inner{text-align:center;vertical-align:middle;position:absolute;top:50%;left:50%;height:44px;margin-top:-22px;margin-left:-26px;}@media screen and (max-width: 335px) {.wa-sigma-celebrity-rela-comment {width: 50px;}.wa-sigma-celebrity-rela-comment .c-icon {width: 10px;}}&lt;/style&gt;&lt;b-scroll class=&quot;wa-sigma-celebrity-rela-wrapper-5&quot;&gt;&lt;div class=&quot;c-row-tile c-scroll-wrapper wa-sigma-cere-wrapper-5 c-gap-top-small&quot;&gt;&lt;div class=&quot;c-scroll-touch&quot;&gt;&lt;div class=&quot;wa-sigma-celebrity-rela-scroller c-scroll-parent-gap&quot; style=&quot;width:            284.90566037736%&quot;&gt;&lt;div class=&quot;wa-sigma-celebrity-rela-entity c-scroll-element-gap&quot; style=&quot;width:8.3333333333333%&quot;&gt;&lt;a href=&quot;http://m.baidu.com/from=844b/bd_page_type=1/ssid=0/uid=0/pu=sz%40320_1001%2Cta%40iphone_2_5.0_3_537%2Cusm%401/baiduid=63A3346FC928A03FE546E7FC530F4D9C/w=0_10_/t=iphone/l=1/tc?ref=www_iphone&amp;amp;lid=10687942014033828209&amp;amp;order=5&amp;amp;fm=alop&amp;amp;tj=sigma_celebrity_rela_5_0_10_l1&amp;amp;w_qd=IlPT2AEptyoA_yk66AsbrQRzyw4IRaS54hmQM_&amp;amp;sec=22034&amp;amp;di=ccfb3e88985b1001&amp;amp;bdenc=1&amp;amp;nsrc=IlPT2AEptyoA_yixCFOxCGZb8c3JV3T5ABfPNy6R2iv5nk_qva02JcRpX8KgVC4CV5OwdoSOdAoClDPl3mIm7hB0katos7oq7UeagPu3xseLHaBIvtkr2NOHGnQvzfrqyKpOvw1f0g6fRn-dz4Xpwtg_eB_vvQ6CiA8eg8m5qvLmYZT-ZIbJ8I081WoGX8WtDebHccykqyofHprv3gSxJYS_rXITF8NiaA8civJCPwzCingSKsalEAEKCIiYNJ5QXqjmTtTelhXVYpZCmSgnA8R18Gzih0rFFnwgTKe17McwF1LzEqnAFYC2OxBUqgTcO3toX3OEobMa_K&quot; data-url=&quot;https://m.baidu.com/from=844b/pu=sz%40320_1001/s?tn=iphone&amp;amp;word=jenkins&amp;amp;sa=re_dl_er_28339_1&amp;amp;euri=1ef42463366a46638c591252f6e8167a&amp;amp;ms=1&amp;amp;rqid=10687942014033828209&amp;amp;oq=%E4%B8%AD%E6%96%87%2BTesterHome&quot; class=&quot;c-blocka wa-sigma-celebrity-rela-link&quot;&gt;&lt;div class=&quot;c-img c-img-s&quot; style=&quot;background-image: none; background-attachment: initial; background-color: initial; background-origin: initial; background-clip: initial; background-position: initial; background-repeat: initial;&quot;&gt;&lt;img src=&quot;https://ss1.baidu.com/6ONXsjip0QIZ8tyhnq/it/u=498671830,1179448266&amp;amp;fm=58&quot; /&gt;&lt;/div&gt;&lt;p class=&quot;wa-sigma-celebrity-rela-name c-line-clamp2&quot;&gt;jenkins&lt;/p&gt;&lt;p class=&quot;wa-sigma-celebrity-rela-reason c-color-gray c-line-clamp2&quot;&gt;开源软件项目&lt;/p&gt;&lt;/a&gt;&lt;/div&gt;&lt;div class=&quot;wa-sigma-celebrity-rela-entity c-scroll-element-gap&quot; style=&quot;width:8.3333333333333%&quot;&gt;&lt;a href=&quot;http://m.baidu.com/from=844b/bd_page_type=1/ssid=0/uid=0/pu=sz%40320_1001%2Cta%40iphone_2_5.0_3_537%2Cusm%401/baiduid=63A3346FC928A03FE546E7FC530F4D9C/w=0_10_/t=iphone/l=1/tc?ref=www_iphone&amp;amp;lid=10687942014033828209&amp;amp;order=5&amp;amp;fm=alop&amp;amp;tj=sigma_celebrity_rela_5_0_10_l2&amp;amp;w_qd=IlPT2AEptyoA_yk66AsbrQRzyw4IRaS54hmQM_&amp;amp;sec=22034&amp;amp;di=f686ad5bbdaffb80&amp;amp;bdenc=1&amp;amp;nsrc=IlPT2AEptyoA_yixCFOxCGZb8c3JV3T5ABfPNy6R2iv5nk_qva02JcRpX8KgVC4CV5OwdoSOdAoClDPl3mIm7hB0katos7oq7UeagPu3xseLHaBIvtkr2NOHGnQvzfrqyKpOwwsp1QpoR8-dz4Xpwtg_eB_vvQ6CiA8eg8m5qvLmYpT-ZIbJ8I081WpTWXWwDrzEd17jeHwfHkahMwG6To_4sSFIEXYrvAer8fJCPwzCingSKsalEAEKCIiYNJ5QXqjmTtTelhXVYpZCmSgnA8R18Gzih0rFFnwgTKe17McwF1LzEqnAFYC2OxBUqgTcO3toX3OEobMa_K&quot; data-url=&quot;https://m.baidu.com/from=844b/pu=sz%40320_1001/s?tn=iphone&amp;amp;word=fiddler&amp;amp;sa=re_dl_er_28339_2&amp;amp;euri=dcf13b1525e746baaf9b779c10fae0d4&amp;amp;ms=1&amp;amp;rqid=10687942014033828209&amp;amp;oq=%E4%B8%AD%E6%96%87%2BTesterHome&quot; class=&quot;c-blocka wa-sigma-celebrity-rela-link&quot;&gt;&lt;div class=&quot;c-img c-img-s&quot; style=&quot;background-image: none; background-attachment: initial; background-color: initial; background-origin: initial; background-clip: initial; background-position: initial; background-repeat: initial;&quot;&gt;&lt;img src=&quot;https://ss2.baidu.com/6ONYsjip0QIZ8tyhnq/it/u=3221864045,3878123328&amp;amp;fm=58&quot; /&gt;&lt;/div&gt;&lt;p class=&quot;wa-sigma-celebrity-rela-name c-line-clamp2&quot;&gt;fiddler&lt;/p&gt;&lt;p class=&quot;wa-sigma-celebrity-rela-reason c-color-gray c-line-clamp2&quot;&gt;http调试代理工具&lt;/p&gt;&lt;/a&gt;&lt;/div&gt;&lt;div class=&quot;wa-sigma-celebrity-rela-entity c-scroll-element-gap&quot; style=&quot;width:8.3333333333333%&quot;&gt;&lt;a href=&quot;http://m.baidu.com/from=844b/bd_page_type=1/ssid=0/uid=0/pu=sz%40320_1001%2Cta%40iphone_2_5.0_3_537%2Cusm%401/baiduid=63A3346FC928A03FE546E7FC530F4D9C/w=0_10_/t=iphone/l=1/tc?ref=www_iphone&amp;amp;lid=10687942014033828209&amp;amp;order=5&amp;amp;fm=alop&amp;amp;tj=sigma_celebrity_rela_5_0_10_l3&amp;amp;w_qd=IlPT2AEptyoA_yk66AsbrQRzyw4IRaS54hmQM_&amp;amp;sec=22034&amp;amp;di=4080963b5cc19f01&amp;amp;bdenc=1&amp;amp;nsrc=IlPT2AEptyoA_yixCFOxCGZb8c3JV3T5ABfPNy6R2iv5nk_qva02JcRpX8KgVC4CV5OwdoSOdAoClDPl3mIm7hB0katos7oq7UeagPu3xseLHaBIvtkr2NOHGnQvzfrqyKpOrQUe1QEoB7scmq38ohcbpR3A6gZfgc72gn_qlvyQYoOiJ-8Ni6iWQFwEWSeuFL8JaReeqS5bIUn93dGwHY_0qSMXZX1wvQjq731R3cSCq8pzK2nlVxg4VFv-NikLZqnnT2valRHUZZN2mCgn386R-8uvwvSDN7ohXAfu63-JNO0yIAnDJpyHKQtZjK04XvxyWgaRhry&quot; data-url=&quot;https://m.baidu.com/from=844b/pu=sz%40320_1001/s?tn=iphone&amp;amp;word=xcode&amp;amp;sa=re_dl_er_28339_3&amp;amp;euri=b27c839c48d84d09a88641731ebdafd3&amp;amp;ms=1&amp;amp;rqid=10687942014033828209&amp;amp;oq=%E4%B8%AD%E6%96%87%2BTesterHome&quot; class=&quot;c-blocka wa-sigma-celebrity-rela-link&quot;&gt;&lt;div class=&quot;c-img c-img-s&quot; style=&quot;background-image: none; background-attachment: initial; background-color: initial; background-origin: initial; background-clip: initial; background-position: initial; background-repeat: initial;&quot;&gt;&lt;img src=&quot;https://ss0.baidu.com/6ONWsjip0QIZ8tyhnq/it/u=1816603557,2118951847&amp;amp;fm=58&quot; /&gt;&lt;/div&gt;&lt;p class=&quot;wa-sigma-celebrity-rela-name c-line-clamp2&quot;&gt;xcode&lt;/p&gt;&lt;p class=&quot;wa-sigma-celebrity-rela-reason c-color-gray c-line-clamp2&quot;&gt;苹果公司开发编程软件&lt;/p&gt;&lt;/a&gt;&lt;/div&gt;&lt;div class=&quot;wa-sigma-celebrity-rela-entity c-scroll-element-gap&quot; style=&quot;width:8.3333333333333%&quot;&gt;&lt;a href=&quot;http://m.baidu.com/from=844b/bd_page_type=1/ssid=0/uid=0/pu=sz%40320_1001%2Cta%40iphone_2_5.0_3_537%2Cusm%401/baiduid=63A3346FC928A03FE546E7FC530F4D9C/w=0_10_/t=iphone/l=1/tc?ref=www_iphone&amp;amp;lid=10687942014033828209&amp;amp;order=5&amp;amp;fm=alop&amp;amp;tj=sigma_celebrity_rela_5_0_10_l4&amp;amp;w_qd=IlPT2AEptyoA_yk66AsbrQRzyw4IRaS54hmQM_&amp;amp;sec=22034&amp;amp;di=c3279974ca23bd8e&amp;amp;bdenc=1&amp;amp;nsrc=IlPT2AEptyoA_yixCFOxCGZb8c3JV3T5ABfPNy6R2iv5nk_qva02JcRpX8KgVC4CV5OwdoSOdAoClDPl3mIm7hB0katos7oq7UeagPu3xseLHaBIvtkr2NOHGnQvzfrqyKpOtRsi0QVzKH-dz4Xpwtg_eB_vvQ6CiA8eg8m5qvLmZJT-ZIbJ8I081WpZWXPdDurCcMOmrSofTUfsMtPeHI4QqiZJZ8Rebgjb7vJCPwzCingSKsalEAEKCIiYNJ5QXqjmTtTelhXVYpZCmSgnA8R18Gzih0rFFnwgTKe17McwF1LzEqnAFYC2OxBUqgTcO3toX3OEobMa_K&quot; data-url=&quot;https://m.baidu.com/from=844b/pu=sz%40320_1001/s?tn=iphone&amp;amp;word=pycharm&amp;amp;sa=re_dl_er_28339_4&amp;amp;euri=bcdd3030800a4ec4a0f06d2f0fd47341&amp;amp;ms=1&amp;amp;rqid=10687942014033828209&amp;amp;oq=%E4%B8%AD%E6%96%87%2BTesterHome&quot; class=&quot;c-blocka wa-sigma-celebrity-rela-link&quot;&gt;&lt;div class=&quot;c-img c-img-s&quot; style=&quot;background-image: none; background-attachment: initial; background-color: initial; background-origin: initial; background-clip: initial; background-position: initial; background-repeat: initial;&quot;&gt;&lt;img src=&quot;https://ss0.baidu.com/6ONWsjip0QIZ8tyhnq/it/u=1460995956,843882077&amp;amp;fm=58&quot; /&gt;&lt;/div&gt;&lt;p class=&quot;wa-sigma-celebrity-rela-name c-line-clamp2&quot;&gt;pycharm&lt;/p&gt;&lt;p class=&quot;wa-sigma-celebrity-rela-reason c-color-gray c-line-clamp2&quot;&gt;Web开发服务应用软件&lt;/p&gt;&lt;/a&gt;&lt;/div&gt;&lt;div class=&quot;wa-sigma-celebrity-rela-entity c-scroll-element-gap&quot; style=&quot;width:8.3333333333333%&quot;&gt;&lt;a href=&quot;http://m.baidu.com/from=844b/bd_page_type=1/ssid=0/uid=0/pu=sz%40320_1001%2Cta%40iphone_2_5.0_3_537%2Cusm%401/baiduid=63A3346FC928A03FE546E7FC530F4D9C/w=0_10_/t=iphone/l=1/tc?ref=www_iphone&amp;amp;lid=10687942014033828209&amp;amp;order=5&amp;amp;fm=alop&amp;amp;tj=sigma_celebrity_rela_5_0_10_l5&amp;amp;w_qd=IlPT2AEptyoA_yk66AsbrQRzyw4IRaS54hmQM_&amp;amp;sec=22034&amp;amp;di=5a90b49ab2944639&amp;amp;bdenc=1&amp;amp;nsrc=IlPT2AEptyoA_yixCFOxCGZb8c3JV3T5ABfPNy6R2iv5nk_qva02JcRpX8KgVC4CV5OwdoSOdAoClDPl3mIm7hB0katos7oq7UeagPu3xseLHaBIvtkr2NOHGnQvzfrqyKpOvwsz21EzAygq8rXEdA9VbhevvB2C8sOCgnjQrOa0ZlSyIIKZnWvpQIgHD8CwCbiYaMmirnhsIJadAgLhSoWFqSRCYC1vaBrh80oDL20-nm-oLB8iXxN3YmiENysZW_PaSd8bkBXTZZ-DoiIpAmF_9yKldu09FkpQTKyI7MpEF1_FExXAFYG1Oxopmt4NW3tpM37Pfq&quot; data-url=&quot;https://m.baidu.com/from=844b/pu=sz%40320_1001/s?tn=iphone&amp;amp;word=jira&amp;amp;sa=re_dl_er_28339_5&amp;amp;euri=7bf05c16fe86433c82e0aef091d7a1e1&amp;amp;ms=1&amp;amp;rqid=10687942014033828209&amp;amp;oq=%E4%B8%AD%E6%96%87%2BTesterHome&quot; class=&quot;c-blocka wa-sigma-celebrity-rela-link&quot;&gt;&lt;div class=&quot;c-img c-img-s&quot; style=&quot;background-image: none; background-attachment: initial; background-color: initial; background-origin: initial; background-clip: initial; background-position: initial; background-repeat: initial;&quot;&gt;&lt;img src=&quot;https://ss1.baidu.com/6ONXsjip0QIZ8tyhnq/it/u=268380943,3569248002&amp;amp;fm=58&quot; /&gt;&lt;/div&gt;&lt;p class=&quot;wa-sigma-celebrity-rela-name c-line-clamp2&quot;&gt;jira&lt;/p&gt;&lt;p class=&quot;wa-sigma-celebrity-rela-reason c-color-gray c-line-clamp2&quot;&gt;项目与事务跟踪工具&lt;/p&gt;&lt;/a&gt;&lt;/div&gt;&lt;div class=&quot;wa-sigma-celebrity-rela-entity c-scroll-element-gap&quot; style=&quot;width:8.3333333333333%&quot;&gt;&lt;a href=&quot;http://m.baidu.com/from=844b/bd_page_type=1/ssid=0/uid=0/pu=sz%40320_1001%2Cta%40iphone_2_5.0_3_537%2Cusm%401/baiduid=63A3346FC928A03FE546E7FC530F4D9C/w=0_10_/t=iphone/l=1/tc?ref=www_iphone&amp;amp;lid=10687942014033828209&amp;amp;order=5&amp;amp;fm=alop&amp;amp;tj=sigma_celebrity_rela_5_0_10_l6&amp;amp;w_qd=IlPT2AEptyoA_yk66AsbrQRzyw4IRaS54hmQM_&amp;amp;sec=22034&amp;amp;di=10b6fdff089adf3a&amp;amp;bdenc=1&amp;amp;nsrc=IlPT2AEptyoA_yixCFOxCGZb8c3JV3T5ABfPNy6R2iv5nk_qva02JcRpX8KgVC4CV5OwdoSOdAoClDPl3mIm7hB0katos7oq7UeagPu3xseLHaBIvtkr2NOHGnQvzfrqyKpOth1j_Q6gMH-dzrS9cg97fd0SbxBwy1z-wyTQf_4mFU3MYFODnV_B2EkJDHLsTbPYcfeltSoiHEyfAdCuGlCAsXQYYCNjvt8djrZD02iHnn-p4salEBwMVFv-Nj9PWOyfIQnvlqHVZpB2nScl3XZ29XnjgOmCG8tMYQe3yaR-F4TzEqn3FTeHOqcjqb3QCL1lDLbJvugJGDoktpcj48ZQ1q&quot; data-url=&quot;https://m.baidu.com/from=844b/pu=sz%40320_1001/s?tn=iphone&amp;amp;word=sublime%2520text&amp;amp;sa=re_dl_er_28339_6&amp;amp;euri=78a94dc0766e494aa59ff6ea3e96153e&amp;amp;ms=1&amp;amp;rqid=10687942014033828209&amp;amp;oq=%E4%B8%AD%E6%96%87%2BTesterHome&quot; class=&quot;c-blocka wa-sigma-celebrity-rela-link&quot;&gt;&lt;div class=&quot;c-img c-img-s&quot;&gt;&lt;img data-imagedelaysrc=&quot;https://ss2.baidu.com/6ONYsjip0QIZ8tyhnq/it/u=2349254699,194092770&amp;amp;fm=58&quot; data-imageinvisible=&quot;1&quot; /&gt;&lt;/div&gt;&lt;p class=&quot;wa-sigma-celebrity-rela-name c-line-clamp2&quot;&gt;sublime text&lt;/p&gt;&lt;p class=&quot;wa-sigma-celebrity-rela-reason c-color-gray c-line-clamp2&quot;&gt;PC平台代码编辑器&lt;/p&gt;&lt;/a&gt;&lt;/div&gt;&lt;div class=&quot;wa-sigma-celebrity-rela-entity c-scroll-element-gap&quot; style=&quot;width:8.3333333333333%&quot;&gt;&lt;a href=&quot;http://m.baidu.com/from=844b/bd_page_type=1/ssid=0/uid=0/pu=sz%40320_1001%2Cta%40iphone_2_5.0_3_537%2Cusm%401/baiduid=63A3346FC928A03FE546E7FC530F4D9C/w=0_10_/t=iphone/l=1/tc?ref=www_iphone&amp;amp;lid=10687942014033828209&amp;amp;order=5&amp;amp;fm=alop&amp;amp;tj=sigma_celebrity_rela_5_0_10_l7&amp;amp;w_qd=IlPT2AEptyoA_yk66AsbrQRzyw4IRaS54hmQM_&amp;amp;sec=22034&amp;amp;di=f9381efb518998fc&amp;amp;bdenc=1&amp;amp;nsrc=IlPT2AEptyoA_yixCFOxCGZb8c3JV3T5ABfPNy6R2iv5nk_qva02JcRpX8KgVC4CV5OwdoSOdAoClDPl3mIm7hB0katos7oq7UeagPu3xseLHaBIvtkr2NOHGnQvzfrqyKpOxAU-0BBcQSJuy0D8hs-xjgWJ6gV6ghbD8n3rqvyE49LiYFnZ7-mrB6tzWXO-Xuv2csv5qX-tHEafAwLhGYLNenRIFicucAbh9uBZOtPQ8G-pHdq7F1UNIIXZQihdXarcU2bjkBPUZ-JFmSEh3X-_-XD-g3PPYmpL0Afty3-GGO07MgmvJpyGKAtPuB3MLhxyWvKXa2Ic1Tm&quot; data-url=&quot;https://m.baidu.com/from=844b/pu=sz%40320_1001/s?tn=iphone&amp;amp;word=activity&amp;amp;sa=re_dl_er_28339_7&amp;amp;euri=cd8c1820f45b4bc1ae53ab4179d91297&amp;amp;ms=1&amp;amp;rqid=10687942014033828209&amp;amp;oq=%E4%B8%AD%E6%96%87%2BTesterHome&quot; class=&quot;c-blocka wa-sigma-celebrity-rela-link&quot;&gt;&lt;div class=&quot;c-img c-img-s&quot;&gt;&lt;img data-imagedelaysrc=&quot;https://ss1.baidu.com/6ONXsjip0QIZ8tyhnq/it/u=2264983813,961656250&amp;amp;fm=58&quot; data-imageinvisible=&quot;1&quot; /&gt;&lt;/div&gt;&lt;p class=&quot;wa-sigma-celebrity-rela-name c-line-clamp2&quot;&gt;activity&lt;/p&gt;&lt;p class=&quot;wa-sigma-celebrity-rela-reason c-color-gray c-line-clamp2&quot;&gt;安卓系统常用组件之一&lt;/p&gt;&lt;/a&gt;&lt;/div&gt;&lt;div class=&quot;wa-sigma-celebrity-rela-entity c-scroll-element-gap&quot; style=&quot;width:8.3333333333333%&quot;&gt;&lt;a href=&quot;http://m.baidu.com/from=844b/bd_page_type=1/ssid=0/uid=0/pu=sz%40320_1001%2Cta%40iphone_2_5.0_3_537%2Cusm%401/baiduid=63A3346FC928A03FE546E7FC530F4D9C/w=0_10_/t=iphone/l=1/tc?ref=www_iphone&amp;amp;lid=10687942014033828209&amp;amp;order=5&amp;amp;fm=alop&amp;amp;tj=sigma_celebrity_rela_5_0_10_l8&amp;amp;w_qd=IlPT2AEptyoA_yk66AsbrQRzyw4IRaS54hmQM_&amp;amp;sec=22034&amp;amp;di=38f99c7af95fd176&amp;amp;bdenc=1&amp;amp;nsrc=IlPT2AEptyoA_yixCFOxCGZb8c3JV3T5ABfPNy6R2iv5nk_qva02JcRpX8KgVC4CV5OwdoSOdAoClDPl3mIm7hB0katos7oq7UeagPu3xseLHaBIvtkr2NOHGnQvzfrqyKpOuwM80ANkQX-dz4Xpwtg_eB_vvQ6CiA8eg8m5qvLmWJT-ZIbJ8I081WpSDXKuCLfGdB8-ricfGUbw3t0hGYPNrSMXFnEvvA4hjfJCPwzCingSKsalEAEKCIiYNJ5QXqjmTtTelhXVYpZCmSgnA8R18Gzih0rFFnwgTKe17McwF1LzEqnAFYC2OxBUqgTcO3toX3OEobMa_K&quot; data-url=&quot;https://m.baidu.com/from=844b/pu=sz%40320_1001/s?tn=iphone&amp;amp;word=navicat&amp;amp;sa=re_dl_er_28339_8&amp;amp;euri=e7e35e75bc3b41b095e52a5eb7cee82d&amp;amp;ms=1&amp;amp;rqid=10687942014033828209&amp;amp;oq=%E4%B8%AD%E6%96%87%2BTesterHome&quot; class=&quot;c-blocka wa-sigma-celebrity-rela-link&quot;&gt;&lt;div class=&quot;c-img c-img-s&quot;&gt;&lt;img data-imagedelaysrc=&quot;https://ss1.baidu.com/6ONXsjip0QIZ8tyhnq/it/u=2512792060,208576042&amp;amp;fm=58&quot; data-imageinvisible=&quot;1&quot; /&gt;&lt;/div&gt;&lt;p class=&quot;wa-sigma-celebrity-rela-name c-line-clamp2&quot;&gt;navicat&lt;/p&gt;&lt;p class=&quot;wa-sigma-celebrity-rela-reason c-color-gray c-line-clamp2&quot;&gt;便宜的数据库管理工具&lt;/p&gt;&lt;/a&gt;&lt;/div&gt;&lt;div class=&quot;wa-sigma-celebrity-rela-entity c-scroll-element-gap&quot; style=&quot;width:8.3333333333333%&quot;&gt;&lt;a href=&quot;http://m.baidu.com/from=844b/bd_page_type=1/ssid=0/uid=0/pu=sz%40320_1001%2Cta%40iphone_2_5.0_3_537%2Cusm%401/baiduid=63A3346FC928A03FE546E7FC530F4D9C/w=0_10_/t=iphone/l=1/tc?ref=www_iphone&amp;amp;lid=10687942014033828209&amp;amp;order=5&amp;amp;fm=alop&amp;amp;tj=sigma_celebrity_rela_5_0_10_l9&amp;amp;w_qd=IlPT2AEptyoA_yk66AsbrQRzyw4IRaS54hmQM_&amp;amp;sec=22034&amp;amp;di=eff045d426257e7f&amp;amp;bdenc=1&amp;amp;nsrc=IlPT2AEptyoA_yixCFOxCGZb8c3JV3T5ABfPNy6R2iv5nk_qva02JcRpX8KgVC4CV5OwdoSOdAoClDPl3mIm7hB0katos7oq7UeagPu3xseLHaBIvtkr2NOHGnQvzfrqyKpOuAsiBwdyKjsf8rS6t2lkdB_Yf21c8svXwyDefLjWIlbiYFnDz5rlZpxSNXPlMreDzc7erngiR-HdA2HhWUPVvXE6FXJcu28c7eNEQ2mIm8-fK2L7DsRPZYjZN8oNXPaxTgrvlh3BJYFCri153XA_pCC9du09In6OYBmJy4c9I43HJRvCIoGBLh2CvQDJXKsoL_O8rf5JRHoS-lcYUTw1Q3KuRCGVPj1YVqSiexHr2Ze&quot; data-url=&quot;https://m.baidu.com/from=844b/pu=sz%40320_1001/s?tn=iphone&amp;amp;word=microsoft%2520.net%2520framework&amp;amp;sa=re_dl_er_28339_9&amp;amp;euri=4b2af702098545929e9544dd0a42dc6c&amp;amp;ms=1&amp;amp;rqid=10687942014033828209&amp;amp;oq=%E4%B8%AD%E6%96%87%2BTesterHome&quot; class=&quot;c-blocka wa-sigma-celebrity-rela-link&quot;&gt;&lt;div class=&quot;c-img c-img-s&quot;&gt;&lt;img data-imagedelaysrc=&quot;https://ss0.baidu.com/6ONWsjip0QIZ8tyhnq/it/u=786004179,3356563243&amp;amp;fm=58&quot; data-imageinvisible=&quot;1&quot; /&gt;&lt;/div&gt;&lt;p class=&quot;wa-sigma-celebrity-rela-name c-line-clamp2&quot;&gt;microsoft .net framework&lt;/p&gt;&lt;p class=&quot;wa-sigma-celebrity-rela-reason c-color-gray c-line-clamp2&quot;&gt;新托管代码编程模型&lt;/p&gt;&lt;/a&gt;&lt;/div&gt;&lt;div class=&quot;wa-sigma-celebrity-rela-entity c-scroll-element-gap&quot; style=&quot;width:8.3333333333333%&quot;&gt;&lt;a href=&quot;http://m.baidu.com/from=844b/bd_page_type=1/ssid=0/uid=0/pu=sz%40320_1001%2Cta%40iphone_2_5.0_3_537%2Cusm%401/baiduid=63A3346FC928A03FE546E7FC530F4D9C/w=0_10_/t=iphone/l=1/tc?ref=www_iphone&amp;amp;lid=10687942014033828209&amp;amp;order=5&amp;amp;fm=alop&amp;amp;tj=sigma_celebrity_rela_5_0_10_l10&amp;amp;w_qd=IlPT2AEptyoA_yk66AsbrQRzyw4IRaS54hmQM_&amp;amp;sec=22034&amp;amp;di=fb175839f2111a89&amp;amp;bdenc=1&amp;amp;nsrc=IlPT2AEptyoA_yixCFOxCGZb8c3JV3T5ABfPNy6R2iv5nk_qva02JcRpX8KgVC4CV5OwdoSOdAoClDPl3mIm7hB0katos7oq7UeagPu3xseLHaBIvtkr2NOHGnQvzfrqyKpOwgke1gpo1GdefrGlt29Aj20Sb32Py17I6Hmmqfbs2pT-Z6KFi6noMY5SCZPvWMGZvODzb6QdIJfv3vitHJC_riMEU8dvabur7eBI_tLUp8JpKtKnDc2RE98UBSl1XKLdSwusjBKIZ9FDnHtm0nMw-Gzih_4FSilBWqaBz4swJfqDJBz0JImALRBZxwSKJKspHe7DvucDKVpnh8-dYph-MsK5Nj7ZGZtGIO_JnPzn4JgiszmgBq&quot; data-url=&quot;https://m.baidu.com/from=844b/pu=sz%40320_1001/s?tn=iphone&amp;amp;word=google%25E7%25BF%25BB%25E8%25AF%2591&amp;amp;sa=re_dl_er_28339_10&amp;amp;euri=d074b7a893194806baab0e2873bb83d1&amp;amp;ms=1&amp;amp;rqid=10687942014033828209&amp;amp;oq=%E4%B8%AD%E6%96%87%2BTesterHome&quot; class=&quot;c-blocka wa-sigma-celebrity-rela-link&quot;&gt;&lt;div class=&quot;c-img c-img-s&quot;&gt;&lt;img data-imagedelaysrc=&quot;https://ss2.baidu.com/6ONYsjip0QIZ8tyhnq/it/u=2257785476,1921196696&amp;amp;fm=58&quot; data-imageinvisible=&quot;1&quot; /&gt;&lt;/div&gt;&lt;p class=&quot;wa-sigma-celebrity-rela-name c-line-clamp2&quot;&gt;google翻译&lt;/p&gt;&lt;p class=&quot;wa-sigma-celebrity-rela-reason c-color-gray c-line-clamp2&quot;&gt;一项免费的翻译服务&lt;/p&gt;&lt;/a&gt;&lt;/div&gt;&lt;div class=&quot;wa-sigma-celebrity-rela-entity c-scroll-element-gap&quot; style=&quot;width:8.3333333333333%&quot;&gt;&lt;a href=&quot;http://m.baidu.com/from=844b/bd_page_type=1/ssid=0/uid=0/pu=sz%40320_1001%2Cta%40iphone_2_5.0_3_537%2Cusm%401/baiduid=63A3346FC928A03FE546E7FC530F4D9C/w=0_10_/t=iphone/l=1/tc?ref=www_iphone&amp;amp;lid=10687942014033828209&amp;amp;order=5&amp;amp;fm=alop&amp;amp;tj=sigma_celebrity_rela_5_0_10_l11&amp;amp;w_qd=IlPT2AEptyoA_yk66AsbrQRzyw4IRaS54hmQM_&amp;amp;sec=22034&amp;amp;di=70bff0c56476ff98&amp;amp;bdenc=1&amp;amp;nsrc=IlPT2AEptyoA_yixCFOxCGZb8c3JV3T5ABfPNy6R2iv5nk_qva02JcRpX8KgVC4CV5OwdoSOdAoClDPl3mIm7hB0katos7oq7UeagPu3xseLHaBIvtkr2NOHGnQvzfrqyKpOuBso2gpcRSgu8rSydQpbuP3Sv4xtkODYw6q6s4y_WSr7Y5aCmIqnMIUSCZOvDOKXwhfyrS6uHJ8sAdKsTlCFqiYUFXYtaw3uje6IPsSDmSYpPtzXFtRNZ-rE4n51XBbfS2fikxzYZJZEniAm3H-_8XfkevSCJSANTR8s7M95F1W4Eq7uFTy2Ox2VqgqRCLpZP3OFbb5-FDAuxq&quot; data-url=&quot;https://m.baidu.com/from=844b/pu=sz%40320_1001/s?tn=iphone&amp;amp;word=myeclipse&amp;amp;sa=re_dl_er_28339_11&amp;amp;euri=218fcdd0de454010be92fe4fc28ad846&amp;amp;ms=1&amp;amp;rqid=10687942014033828209&amp;amp;oq=%E4%B8%AD%E6%96%87%2BTesterHome&quot; class=&quot;c-blocka wa-sigma-celebrity-rela-link&quot;&gt;&lt;div class=&quot;c-img c-img-s&quot;&gt;&lt;img data-imagedelaysrc=&quot;https://ss2.baidu.com/6ONYsjip0QIZ8tyhnq/it/u=3352432235,3072922481&amp;amp;fm=58&quot; data-imageinvisible=&quot;1&quot; /&gt;&lt;/div&gt;&lt;p class=&quot;wa-sigma-celebrity-rela-name c-line-clamp2&quot;&gt;myeclipse&lt;/p&gt;&lt;/a&gt;&lt;/div&gt;&lt;div class=&quot;wa-sigma-celebrity-rela-entity c-scroll-element-gap&quot; style=&quot;width:8.3333333333333%&quot;&gt;&lt;a href=&quot;http://m.baidu.com/from=844b/bd_page_type=1/ssid=0/uid=0/pu=sz%40320_1001%2Cta%40iphone_2_5.0_3_537%2Cusm%401/baiduid=63A3346FC928A03FE546E7FC530F4D9C/w=0_10_/t=iphone/l=1/tc?ref=www_iphone&amp;amp;lid=10687942014033828209&amp;amp;order=5&amp;amp;fm=alop&amp;amp;tj=sigma_celebrity_rela_5_0_10_l12&amp;amp;w_qd=IlPT2AEptyoA_yk66AsbrQRzyw4IRaS54hmQM_&amp;amp;sec=22034&amp;amp;di=9a3e13b56eb3fba8&amp;amp;bdenc=1&amp;amp;nsrc=IlPT2AEptyoA_yixCFOxCGZb8c3JV3T5ABfPNy6R2iv5nk_qva02JcRpX8KgVC4CV5OwdoSOdAoClDPl3mIm7hB0katos7oq7UeagPu3xseLHaBIvtkr2NOHGnQvzfrqyKpOuQsfAB9oB79Ozq37stFsrsXZcNYs8sb9h7S6rMq2VY4y1FOZnF7lQ5kIPmHcMraRzhbokncjG-f-XNKqCYO3fTMHWDNd8Qbc8O5T_2WFpnw542f7ZxRTWVSCBisKCKyxTNyslx_CU-RH67E53EJ25Hfmw_DNV7pL0BuAyfEzG43JJh83IIaANhpPvQKTCLolVv4XqN-iCWl79ER9BpsYEvWjOj_GFJJYFd_Tb3bk0Y5M6Deo&quot; data-url=&quot;https://m.baidu.com/from=844b/pu=sz%40320_1001/s?tn=iphone&amp;amp;word=linux%25E5%2586%2585%25E6%25A0%25B8&amp;amp;sa=re_dl_er_28339_12&amp;amp;euri=1778ca4097ff4eae8883a67f2c51b37b&amp;amp;ms=1&amp;amp;rqid=10687942014033828209&amp;amp;oq=%E4%B8%AD%E6%96%87%2BTesterHome&quot; class=&quot;c-blocka wa-sigma-celebrity-rela-link&quot;&gt;&lt;div class=&quot;c-img c-img-s&quot;&gt;&lt;img data-imagedelaysrc=&quot;https://ss2.baidu.com/6ONYsjip0QIZ8tyhnq/it/u=1328936894,2466814366&amp;amp;fm=58&quot; data-imageinvisible=&quot;1&quot; /&gt;&lt;/div&gt;&lt;p class=&quot;wa-sigma-celebrity-rela-name c-line-clamp2&quot;&gt;linux内核&lt;/p&gt;&lt;/a&gt;&lt;/div&gt;&lt;/div&gt;&lt;/div&gt;&lt;/div&gt;&lt;/b-scroll&gt;&lt;/div&gt;&lt;/div&gt;&lt;div class=&quot;result c-result c-clk-recommend&quot; srcid=&quot;www_normal&quot; new_srcid=&quot;1599&quot; order=&quot;6&quot; tpl=&quot;www_normal&quot; data-log=&quot;{&#039;fm&#039;:&#039;&#039;,&#039;ensrcid&#039;:&#039;www_normal&#039;,&#039;order&#039;:&#039;6&#039;,&#039;mu&#039;:&#039;http://m.weibo.cn/u/3871514412&#039;}&quot; data-ecom-log-info=&quot;w_6_&quot;&gt;&lt;div class=&quot;c-container&quot;&gt;&lt;a href=&quot;http://m.baidu.com/from=844b/bd_page_type=1/ssid=0/uid=0/pu=sz%40320_1001%2Cta%40iphone_2_5.0_3_537%2Cusm%401/baiduid=63A3346FC928A03FE546E7FC530F4D9C/w=0_10_/t=iphone/l=1/tc?ref=www_iphone&amp;amp;lid=10687942014033828209&amp;amp;order=6&amp;amp;fm=alop&amp;amp;waplogo=1&amp;amp;tj=www_normal_6_0_10_title&amp;amp;vit=osres&amp;amp;waput=7&amp;amp;cltj=normal_title&amp;amp;asres=1&amp;amp;nt=wnor&amp;amp;title=TesterHome%E7%9A%84%E5%BE%AE%E5%8D%9A_%E5%BE%AE%E5%8D%9A&amp;amp;dict=-1&amp;amp;w_qd=IlPT2AEptyoA_yk66AsbrQRzyw4IRaS54hmQM_&amp;amp;sec=22034&amp;amp;di=36a05829aea2ea05&amp;amp;bdenc=1&amp;amp;nsrc=IlPT2AEptyoA_yixCFOxXnANedT62v3IGtiGMCVW0XSxo9jpnOWaUbAtCmSeBSbCV-Sb&quot; class=&quot;c-blocka&quot;&gt;&lt;h3 class=&quot;c-title c-gap-top-small&quot;&gt;&lt;em&gt;TesterHome&lt;/em&gt;的微博_微博&lt;/h3&gt;&lt;/a&gt;&lt;div class=&quot;c-row c-abstract c-gap-top-small&quot;&gt;&lt;div class=&quot;c-span3&quot;&gt;&lt;a href=&quot;http://m.baidu.com/from=844b/bd_page_type=1/ssid=0/uid=0/pu=sz%40320_1001%2Cta%40iphone_2_5.0_3_537%2Cusm%401/baiduid=63A3346FC928A03FE546E7FC530F4D9C/w=0_10_/t=iphone/l=1/tc?ref=www_iphone&amp;amp;lid=10687942014033828209&amp;amp;order=6&amp;amp;fm=alop&amp;amp;waplogo=1&amp;amp;tj=www_normal_6_0_10_title&amp;amp;vit=osres&amp;amp;waput=7&amp;amp;cltj=normal_title&amp;amp;asres=1&amp;amp;nt=wnor&amp;amp;title=TesterHome%E7%9A%84%E5%BE%AE%E5%8D%9A_%E5%BE%AE%E5%8D%9A&amp;amp;dict=-1&amp;amp;w_qd=IlPT2AEptyoA_yk66AsbrQRzyw4IRaS54hmQM_&amp;amp;sec=22034&amp;amp;di=36a05829aea2ea05&amp;amp;bdenc=1&amp;amp;nsrc=IlPT2AEptyoA_yixCFOxXnANedT62v3IGtiGMCVW0XSxo9jpnOWaUbAtCmSeBSbCV-Sb&quot; class=&quot;c-blocka&quot;&gt;&lt;div class=&quot;c-img c-img-s&quot; style=&quot;background-image: none; background-attachment: initial; background-color: initial; background-origin: initial; background-clip: initial; background-position: initial; background-repeat: initial;&quot;&gt;&lt;img src=&quot;https://ss0.bdstatic.com/9bA1vGfa2gU2pMbfm9GUKT-w/timg?wisealaddin&amp;amp;size=u200_200&amp;amp;quality=80&amp;amp;sec=1498445819&amp;amp;di=c4668723131ca01acad21e463f547f8b&amp;amp;src=http%3A%2F%2Fi8.baidu.com%2Fit%2Fu%3D1541536660%2C3286842523%26fm%3D78%26s%3D59A23C735F2652904A4061F800007022&quot; /&gt;&lt;/div&gt;&lt;/a&gt;&lt;/div&gt;&lt;div class=&quot;c-span9&quot;&gt;&lt;a href=&quot;http://m.baidu.com/from=844b/bd_page_type=1/ssid=0/uid=0/pu=sz%40320_1001%2Cta%40iphone_2_5.0_3_537%2Cusm%401/baiduid=63A3346FC928A03FE546E7FC530F4D9C/w=0_10_/t=iphone/l=1/tc?ref=www_iphone&amp;amp;lid=10687942014033828209&amp;amp;order=6&amp;amp;fm=alop&amp;amp;waplogo=1&amp;amp;tj=www_normal_6_0_10_title&amp;amp;vit=osres&amp;amp;waput=7&amp;amp;cltj=normal_title&amp;amp;asres=1&amp;amp;nt=wnor&amp;amp;title=TesterHome%E7%9A%84%E5%BE%AE%E5%8D%9A_%E5%BE%AE%E5%8D%9A&amp;amp;dict=-1&amp;amp;w_qd=IlPT2AEptyoA_yk66AsbrQRzyw4IRaS54hmQM_&amp;amp;sec=22034&amp;amp;di=36a05829aea2ea05&amp;amp;bdenc=1&amp;amp;nsrc=IlPT2AEptyoA_yixCFOxXnANedT62v3IGtiGMCVW0XSxo9jpnOWaUbAtCmSeBSbCV-Sb&quot; class=&quot;c-blocka&quot;&gt;&lt;p class=&quot;c-line-clamp3 c-color&quot;&gt;&lt;em&gt;TesterHome&lt;/em&gt;,&lt;em&gt;TesterHome&lt;/em&gt; www.&lt;em&gt;testerhome&lt;/em&gt;.com官方微博。&lt;em&gt;TesterHome&lt;/em&gt;的微博主页、个人资料、相册。新浪微博,随时...&lt;/p&gt;&lt;/a&gt;&lt;div class=&quot;c-showurl c-line-clamp1&quot;&gt;&lt;span class=&quot;c-showurl&quot;&gt;m.weibo.cn&lt;/span&gt;&lt;span class=&quot;c-showurl&quot;&gt; › ...&lt;/span&gt;&lt;/div&gt;&lt;/div&gt;&lt;/div&gt;&lt;/div&gt;&lt;div class=&quot;c-container c-recomm-wrap&quot; style=&quot;display: none;&quot;&gt;&lt;div class=&quot;c-recomm-cnt c-gray&quot;&gt;&lt;span class=&quot;c-gap-right&quot;&gt;&lt;i class=&quot;c-icon&quot;&gt;&lt;/i&gt;大家还搜：&lt;/span&gt;&lt;a class=&quot;c-gap-right&quot; href=&quot;http://m.baidu.com/from=844b/ssid=0/uid=0/bd_page_type=1/pu=sz%40320_1001%2Cta%40iphone_2_5.0_3_537%2Cusm%401/baiduid=63A3346FC928A03FE546E7FC530F4D9C/w=0_10_/t=iphone/l=1/tc?lid=10687942014033828209&amp;amp;ref=www_iphone&amp;amp;w_qd=IlPT2AEptyoA_yk66AsbrQRzyw4IRaS54hmQM_&amp;amp;order=6&amp;amp;src=https%3A%2F%2Fm.baidu.com%2Fs%3Fword%3Dmacaca%2520jenkins%26ssid%3D0%26from%3D844b%26bd_page_type%3D1%26uid%3D0%26pu%3Dsz%2540320_1001%252Cta%2540iphone_2_5.0_3_537%252Cusm%25401%26baiduid%3D63A3346FC928A03FE546E7FC530F4D9C%26rqid%3D10687942014033828209%26sa%3Dre_dl_cr_9&quot;&gt;macaca jenkins&lt;/a&gt;&lt;a class=&quot;c-gap-right&quot; href=&quot;http://m.baidu.com/from=844b/ssid=0/uid=0/bd_page_type=1/pu=sz%40320_1001%2Cta%40iphone_2_5.0_3_537%2Cusm%401/baiduid=63A3346FC928A03FE546E7FC530F4D9C/w=0_10_/t=iphone/l=1/tc?lid=10687942014033828209&amp;amp;ref=www_iphone&amp;amp;w_qd=IlPT2AEptyoA_yk66AsbrQRzyw4IRaS54hmQM_&amp;amp;order=6&amp;amp;src=https%3A%2F%2Fm.baidu.com%2Fs%3Fword%3Declipse%26ssid%3D0%26from%3D844b%26bd_page_type%3D1%26uid%3D0%26pu%3Dsz%2540320_1001%252Cta%2540iphone_2_5.0_3_537%252Cusm%25401%26baiduid%3D63A3346FC928A03FE546E7FC530F4D9C%26rqid%3D10687942014033828209%26sa%3Dre_dl_cr_9&quot;&gt;eclipse&lt;/a&gt;&lt;a class=&quot;c-gap-right&quot; href=&quot;http://m.baidu.com/from=844b/ssid=0/uid=0/bd_page_type=1/pu=sz%40320_1001%2Cta%40iphone_2_5.0_3_537%2Cusm%401/baiduid=63A3346FC928A03FE546E7FC530F4D9C/w=0_10_/t=iphone/l=1/tc?lid=10687942014033828209&amp;amp;ref=www_iphone&amp;amp;w_qd=IlPT2AEptyoA_yk66AsbrQRzyw4IRaS54hmQM_&amp;amp;order=6&amp;amp;src=https%3A%2F%2Fm.baidu.com%2Fs%3Fword%3Dgoogle%26ssid%3D0%26from%3D844b%26bd_page_type%3D1%26uid%3D0%26pu%3Dsz%2540320_1001%252Cta%2540iphone_2_5.0_3_537%252Cusm%25401%26baiduid%3D63A3346FC928A03FE546E7FC530F4D9C%26rqid%3D10687942014033828209%26sa%3Dre_dl_cr_9&quot;&gt;google&lt;/a&gt;&lt;a class=&quot;c-gap-right&quot; href=&quot;http://m.baidu.com/from=844b/ssid=0/uid=0/bd_page_type=1/pu=sz%40320_1001%2Cta%40iphone_2_5.0_3_537%2Cusm%401/baiduid=63A3346FC928A03FE546E7FC530F4D9C/w=0_10_/t=iphone/l=1/tc?lid=10687942014033828209&amp;amp;ref=www_iphone&amp;amp;w_qd=IlPT2AEptyoA_yk66AsbrQRzyw4IRaS54hmQM_&amp;amp;order=6&amp;amp;src=https%3A%2F%2Fm.baidu.com%2Fs%3Fword%3Dmacaca%26ssid%3D0%26from%3D844b%26bd_page_type%3D1%26uid%3D0%26pu%3Dsz%2540320_1001%252Cta%2540iphone_2_5.0_3_537%252Cusm%25401%26baiduid%3D63A3346FC928A03FE546E7FC530F4D9C%26rqid%3D10687942014033828209%26sa%3Dre_dl_cr_9&quot;&gt;macaca&lt;/a&gt;&lt;a class=&quot;c-gap-right&quot; href=&quot;http://m.baidu.com/from=844b/ssid=0/uid=0/bd_page_type=1/pu=sz%40320_1001%2Cta%40iphone_2_5.0_3_537%2Cusm%401/baiduid=63A3346FC928A03FE546E7FC530F4D9C/w=0_10_/t=iphone/l=1/tc?lid=10687942014033828209&amp;amp;ref=www_iphone&amp;amp;w_qd=IlPT2AEptyoA_yk66AsbrQRzyw4IRaS54hmQM_&amp;amp;order=6&amp;amp;src=https%3A%2F%2Fm.baidu.com%2Fs%3Fword%3Dtesterhome%26ssid%3D0%26from%3D844b%26bd_page_type%3D1%26uid%3D0%26pu%3Dsz%2540320_1001%252Cta%2540iphone_2_5.0_3_537%252Cusm%25401%26baiduid%3D63A3346FC928A03FE546E7FC530F4D9C%26rqid%3D10687942014033828209%26sa%3Dre_dl_cr_9&quot;&gt;testerhome&lt;/a&gt;&lt;a class=&quot;c-gap-right&quot; href=&quot;http://m.baidu.com/from=844b/ssid=0/uid=0/bd_page_type=1/pu=sz%40320_1001%2Cta%40iphone_2_5.0_3_537%2Cusm%401/baiduid=63A3346FC928A03FE546E7FC530F4D9C/w=0_10_/t=iphone/l=1/tc?lid=10687942014033828209&amp;amp;ref=www_iphone&amp;amp;w_qd=IlPT2AEptyoA_yk66AsbrQRzyw4IRaS54hmQM_&amp;amp;order=6&amp;amp;src=https%3A%2F%2Fm.baidu.com%2Fs%3Fword%3D%25E5%25A4%25A7%25E6%2595%25B0%25E6%258D%25AEdocker%26ssid%3D0%26from%3D844b%26bd_page_type%3D1%26uid%3D0%26pu%3Dsz%2540320_1001%252Cta%2540iphone_2_5.0_3_537%252Cusm%25401%26baiduid%3D63A3346FC928A03FE546E7FC530F4D9C%26rqid%3D10687942014033828209%26sa%3Dre_dl_cr_9&quot;&gt;大数据docker&lt;/a&gt;&lt;a class=&quot;c-gap-right&quot; href=&quot;http://m.baidu.com/from=844b/ssid=0/uid=0/bd_page_type=1/pu=sz%40320_1001%2Cta%40iphone_2_5.0_3_537%2Cusm%401/baiduid=63A3346FC928A03FE546E7FC530F4D9C/w=0_10_/t=iphone/l=1/tc?lid=10687942014033828209&amp;amp;ref=www_iphone&amp;amp;w_qd=IlPT2AEptyoA_yk66AsbrQRzyw4IRaS54hmQM_&amp;amp;order=6&amp;amp;src=https%3A%2F%2Fm.baidu.com%2Fs%3Fword%3D%25E6%25B5%258F%25E8%25A7%2588%25E5%2599%25A8%25E5%25B7%25A5%25E4%25BD%259C%25E5%258E%259F%25E7%2590%2586%26ssid%3D0%26from%3D844b%26bd_page_type%3D1%26uid%3D0%26pu%3Dsz%2540320_1001%252Cta%2540iphone_2_5.0_3_537%252Cusm%25401%26baiduid%3D63A3346FC928A03FE546E7FC530F4D9C%26rqid%3D10687942014033828209%26sa%3Dre_dl_cr_9&quot;&gt;浏览器工作原理&lt;/a&gt;&lt;/div&gt;&lt;/div&gt;&lt;/div&gt;&lt;div class=&quot;result c-result c-clk-recommend&quot; srcid=&quot;www_normal&quot; new_srcid=&quot;1599&quot; order=&quot;7&quot; tpl=&quot;www_normal&quot; data-log=&quot;{&#039;fm&#039;:&#039;&#039;,&#039;ensrcid&#039;:&#039;www_normal&#039;,&#039;order&#039;:&#039;7&#039;,&#039;mu&#039;:&#039;http://m.zhihu.com/question/35372532&#039;}&quot; data-ecom-log-info=&quot;w_7_&quot;&gt;&lt;div class=&quot;c-container&quot;&gt;&lt;a href=&quot;http://m.baidu.com/from=844b/bd_page_type=1/ssid=0/uid=0/pu=sz%40320_1001%2Cta%40iphone_2_5.0_3_537%2Cusm%401/baiduid=63A3346FC928A03FE546E7FC530F4D9C/w=0_10_/t=iphone/l=1/tc?ref=www_iphone&amp;amp;lid=10687942014033828209&amp;amp;order=7&amp;amp;fm=alop&amp;amp;waplogo=1&amp;amp;tj=www_normal_7_0_10_title&amp;amp;vit=osres&amp;amp;waput=2&amp;amp;cltj=normal_title&amp;amp;asres=1&amp;amp;title=%E5%A4%A7%E5%AE%B6%E6%80%8E%E4%B9%88%E7%9C%8B%E5%BE%85testerhome.com%E8%BF%99%E4%B8%AA%E7%BD%91%E7%AB%99%3F-%E7%9F%A5%E4%B9%8E&amp;amp;dict=-1&amp;amp;w_qd=IlPT2AEptyoA_yk66AsbrQRzyw4IRaS54hmQM_&amp;amp;sec=22034&amp;amp;di=410d6b48db9a0dea&amp;amp;bdenc=1&amp;amp;nsrc=IlPT2AEptyoA_yixCFOxXnANedT62v3IGti0LSVQB8SxokDyqRLuFNFtVjb5LjrIBZKgdzXQtBwD&quot; class=&quot;c-blocka&quot;&gt;&lt;h3 class=&quot;c-title c-gap-top-small&quot;&gt;大家怎么看待&lt;em&gt;testerhome&lt;/em&gt;.com这个网站? - 知乎&lt;/h3&gt;&lt;/a&gt;&lt;div class=&quot;c-row c-abstract c-gap-top-small&quot;&gt;&lt;div class=&quot;c-span12&quot;&gt;&lt;a href=&quot;http://m.baidu.com/from=844b/bd_page_type=1/ssid=0/uid=0/pu=sz%40320_1001%2Cta%40iphone_2_5.0_3_537%2Cusm%401/baiduid=63A3346FC928A03FE546E7FC530F4D9C/w=0_10_/t=iphone/l=1/tc?ref=www_iphone&amp;amp;lid=10687942014033828209&amp;amp;order=7&amp;amp;fm=alop&amp;amp;waplogo=1&amp;amp;tj=www_normal_7_0_10_title&amp;amp;vit=osres&amp;amp;waput=2&amp;amp;cltj=normal_title&amp;amp;asres=1&amp;amp;title=%E5%A4%A7%E5%AE%B6%E6%80%8E%E4%B9%88%E7%9C%8B%E5%BE%85testerhome.com%E8%BF%99%E4%B8%AA%E7%BD%91%E7%AB%99%3F-%E7%9F%A5%E4%B9%8E&amp;amp;dict=-1&amp;amp;w_qd=IlPT2AEptyoA_yk66AsbrQRzyw4IRaS54hmQM_&amp;amp;sec=22034&amp;amp;di=410d6b48db9a0dea&amp;amp;bdenc=1&amp;amp;nsrc=IlPT2AEptyoA_yixCFOxXnANedT62v3IGti0LSVQB8SxokDyqRLuFNFtVjb5LjrIBZKgdzXQtBwD&quot; class=&quot;c-blocka&quot;&gt;&lt;p class=&quot;c-line-clamp3 c-color&quot;&gt;&lt;span class=&quot;c-gray c-gap-right-small&quot;&gt;2017年4月28日 - &lt;/span&gt;2年前,作为新人,注册了&lt;em&gt;testerhome&lt;/em&gt;账号,在里面学习测试相关的知识,慢慢的对移动互联网测试有了一个整体的认识...&lt;/p&gt;&lt;/a&gt;&lt;div class=&quot;c-showurl c-line-clamp1&quot;&gt;&lt;span class=&quot;c-showurl&quot;&gt;m.zhihu.com&lt;/span&gt;&lt;span class=&quot;c-showurl&quot;&gt; › question&lt;/span&gt;&lt;/div&gt;&lt;/div&gt;&lt;/div&gt;&lt;/div&gt;&lt;div class=&quot;c-container c-recomm-wrap&quot; style=&quot;display: none;&quot;&gt;&lt;div class=&quot;c-recomm-cnt c-gray&quot;&gt;&lt;span class=&quot;c-gap-right&quot;&gt;&lt;i class=&quot;c-icon&quot;&gt;&lt;/i&gt;大家还搜：&lt;/span&gt;&lt;a class=&quot;c-gap-right&quot; href=&quot;http://m.baidu.com/from=844b/ssid=0/uid=0/bd_page_type=1/pu=sz%40320_1001%2Cta%40iphone_2_5.0_3_537%2Cusm%401/baiduid=63A3346FC928A03FE546E7FC530F4D9C/w=0_10_/t=iphone/l=1/tc?lid=10687942014033828209&amp;amp;ref=www_iphone&amp;amp;w_qd=IlPT2AEptyoA_yk66AsbrQRzyw4IRaS54hmQM_&amp;amp;order=7&amp;amp;src=https%3A%2F%2Fm.baidu.com%2Fs%3Fword%3Dselenium%26ssid%3D0%26from%3D844b%26bd_page_type%3D1%26uid%3D0%26pu%3Dsz%2540320_1001%252Cta%2540iphone_2_5.0_3_537%252Cusm%25401%26baiduid%3D63A3346FC928A03FE546E7FC530F4D9C%26rqid%3D10687942014033828209%26sa%3Dre_dl_cr_9&quot;&gt;selenium&lt;/a&gt;&lt;a class=&quot;c-gap-right&quot; href=&quot;http://m.baidu.com/from=844b/ssid=0/uid=0/bd_page_type=1/pu=sz%40320_1001%2Cta%40iphone_2_5.0_3_537%2Cusm%401/baiduid=63A3346FC928A03FE546E7FC530F4D9C/w=0_10_/t=iphone/l=1/tc?lid=10687942014033828209&amp;amp;ref=www_iphone&amp;amp;w_qd=IlPT2AEptyoA_yk66AsbrQRzyw4IRaS54hmQM_&amp;amp;order=7&amp;amp;src=https%3A%2F%2Fm.baidu.com%2Fs%3Fword%3D51testing%26ssid%3D0%26from%3D844b%26bd_page_type%3D1%26uid%3D0%26pu%3Dsz%2540320_1001%252Cta%2540iphone_2_5.0_3_537%252Cusm%25401%26baiduid%3D63A3346FC928A03FE546E7FC530F4D9C%26rqid%3D10687942014033828209%26sa%3Dre_dl_cr_9&quot;&gt;51testing&lt;/a&gt;&lt;a class=&quot;c-gap-right&quot; href=&quot;http://m.baidu.com/from=844b/ssid=0/uid=0/bd_page_type=1/pu=sz%40320_1001%2Cta%40iphone_2_5.0_3_537%2Cusm%401/baiduid=63A3346FC928A03FE546E7FC530F4D9C/w=0_10_/t=iphone/l=1/tc?lid=10687942014033828209&amp;amp;ref=www_iphone&amp;amp;w_qd=IlPT2AEptyoA_yk66AsbrQRzyw4IRaS54hmQM_&amp;amp;order=7&amp;amp;src=https%3A%2F%2Fm.baidu.com%2Fs%3Fword%3Ddocker%26ssid%3D0%26from%3D844b%26bd_page_type%3D1%26uid%3D0%26pu%3Dsz%2540320_1001%252Cta%2540iphone_2_5.0_3_537%252Cusm%25401%26baiduid%3D63A3346FC928A03FE546E7FC530F4D9C%26rqid%3D10687942014033828209%26sa%3Dre_dl_cr_9&quot;&gt;docker&lt;/a&gt;&lt;/div&gt;&lt;/div&gt;&lt;/div&gt;&lt;div class=&quot;result c-result c-clk-recommend&quot; srcid=&quot;www_normal&quot; new_srcid=&quot;1599&quot; order=&quot;8&quot; tpl=&quot;www_normal&quot; data-log=&quot;{&#039;fm&#039;:&#039;&#039;,&#039;ensrcid&#039;:&#039;www_normal&#039;,&#039;order&#039;:&#039;8&#039;,&#039;mu&#039;:&#039;http://testerhome.com/topics/1045&#039;}&quot; data-ecom-log-info=&quot;w_8_&quot;&gt;&lt;div class=&quot;c-container&quot;&gt;&lt;a href=&quot;http://m.baidu.com/from=844b/bd_page_type=1/ssid=0/uid=0/pu=sz%40320_1001%2Cta%40iphone_2_5.0_3_537%2Cusm%401/baiduid=63A3346FC928A03FE546E7FC530F4D9C/w=0_10_/t=iphone/l=1/tc?ref=www_iphone&amp;amp;lid=10687942014033828209&amp;amp;order=8&amp;amp;fm=alop&amp;amp;waplogo=1&amp;amp;tj=www_normal_8_0_10_title&amp;amp;vit=osres&amp;amp;waput=3&amp;amp;cltj=normal_title&amp;amp;asres=1&amp;amp;title=Appium%E7%AE%80%E6%98%8E%E6%95%99%E7%A8%8B%28%E6%8C%81%E7%BB%AD%E6%9B%B4%E6%96%B0%29%C2%B7TesterHome&amp;amp;dict=-1&amp;amp;w_qd=IlPT2AEptyoA_yk66AsbrQRzyw4IRaS54hmQM_&amp;amp;sec=22034&amp;amp;di=b69dc00b7f1499e3&amp;amp;bdenc=1&amp;amp;nsrc=IlPT2AEptyoA_yixCFOxXnANedT62v3IEh3CQSlG_jWzmI39h47aUbBuXS47M7jTUS3cdDLL&quot; class=&quot;c-blocka&quot;&gt;&lt;h3 class=&quot;c-title c-gap-top-small&quot;&gt;Appium 简明教程 (持续更新) · &lt;em&gt;TesterHome&lt;/em&gt;&lt;/h3&gt;&lt;/a&gt;&lt;div class=&quot;c-row c-abstract c-gap-top-small&quot;&gt;&lt;div class=&quot;c-span12&quot;&gt;&lt;a href=&quot;http://m.baidu.com/from=844b/bd_page_type=1/ssid=0/uid=0/pu=sz%40320_1001%2Cta%40iphone_2_5.0_3_537%2Cusm%401/baiduid=63A3346FC928A03FE546E7FC530F4D9C/w=0_10_/t=iphone/l=1/tc?ref=www_iphone&amp;amp;lid=10687942014033828209&amp;amp;order=8&amp;amp;fm=alop&amp;amp;waplogo=1&amp;amp;tj=www_normal_8_0_10_title&amp;amp;vit=osres&amp;amp;waput=3&amp;amp;cltj=normal_title&amp;amp;asres=1&amp;amp;title=Appium%E7%AE%80%E6%98%8E%E6%95%99%E7%A8%8B%28%E6%8C%81%E7%BB%AD%E6%9B%B4%E6%96%B0%29%C2%B7TesterHome&amp;amp;dict=-1&amp;amp;w_qd=IlPT2AEptyoA_yk66AsbrQRzyw4IRaS54hmQM_&amp;amp;sec=22034&amp;amp;di=b69dc00b7f1499e3&amp;amp;bdenc=1&amp;amp;nsrc=IlPT2AEptyoA_yixCFOxXnANedT62v3IEh3CQSlG_jWzmI39h47aUbBuXS47M7jTUS3cdDLL&quot; class=&quot;c-blocka&quot;&gt;&lt;p class=&quot;c-line-clamp3 c-color&quot;&gt;&lt;span class=&quot;c-gray c-gap-right-small&quot;&gt;2014年6月23日 - &lt;/span&gt;应该是第一套&lt;em&gt;中文&lt;/em&gt;的appium从入门到精通的系列教程 ...@easonhan007 能放到 &lt;em&gt;testerhome&lt;/em&gt; 里面来不,这样回帖...&lt;/p&gt;&lt;/a&gt;&lt;div class=&quot;c-showurl c-line-clamp1&quot;&gt;&lt;span class=&quot;c-showurl&quot;&gt;testerhome.com&lt;/span&gt;&lt;span class=&quot;c-showurl&quot;&gt; › topics&lt;/span&gt;&lt;/div&gt;&lt;/div&gt;&lt;/div&gt;&lt;/div&gt;&lt;div class=&quot;c-container c-recomm-wrap&quot; style=&quot;display: none;&quot;&gt;&lt;div class=&quot;c-recomm-cnt c-gray&quot;&gt;&lt;span class=&quot;c-gap-right&quot;&gt;&lt;i class=&quot;c-icon&quot;&gt;&lt;/i&gt;大家还搜：&lt;/span&gt;&lt;a class=&quot;c-gap-right&quot; href=&quot;http://m.baidu.com/from=844b/ssid=0/uid=0/bd_page_type=1/pu=sz%40320_1001%2Cta%40iphone_2_5.0_3_537%2Cusm%401/baiduid=63A3346FC928A03FE546E7FC530F4D9C/w=0_10_/t=iphone/l=1/tc?lid=10687942014033828209&amp;amp;ref=www_iphone&amp;amp;w_qd=IlPT2AEptyoA_yk66AsbrQRzyw4IRaS54hmQM_&amp;amp;order=8&amp;amp;src=https%3A%2F%2Fm.baidu.com%2Fs%3Fword%3Dappium%25E6%2595%2599%25E7%25A8%258B%26ssid%3D0%26from%3D844b%26bd_page_type%3D1%26uid%3D0%26pu%3Dsz%2540320_1001%252Cta%2540iphone_2_5.0_3_537%252Cusm%25401%26baiduid%3D63A3346FC928A03FE546E7FC530F4D9C%26rqid%3D10687942014033828209%26sa%3Dre_dl_cr_11&quot;&gt;appium教程&lt;/a&gt;&lt;a class=&quot;c-gap-right&quot; href=&quot;http://m.baidu.com/from=844b/ssid=0/uid=0/bd_page_type=1/pu=sz%40320_1001%2Cta%40iphone_2_5.0_3_537%2Cusm%401/baiduid=63A3346FC928A03FE546E7FC530F4D9C/w=0_10_/t=iphone/l=1/tc?lid=10687942014033828209&amp;amp;ref=www_iphone&amp;amp;w_qd=IlPT2AEptyoA_yk66AsbrQRzyw4IRaS54hmQM_&amp;amp;order=8&amp;amp;src=https%3A%2F%2Fm.baidu.com%2Fs%3Fword%3Dappium%2520github%26ssid%3D0%26from%3D844b%26bd_page_type%3D1%26uid%3D0%26pu%3Dsz%2540320_1001%252Cta%2540iphone_2_5.0_3_537%252Cusm%25401%26baiduid%3D63A3346FC928A03FE546E7FC530F4D9C%26rqid%3D10687942014033828209%26sa%3Dre_dl_cr_11&quot;&gt;appium github&lt;/a&gt;&lt;a class=&quot;c-gap-right&quot; href=&quot;http://m.baidu.com/from=844b/ssid=0/uid=0/bd_page_type=1/pu=sz%40320_1001%2Cta%40iphone_2_5.0_3_537%2Cusm%401/baiduid=63A3346FC928A03FE546E7FC530F4D9C/w=0_10_/t=iphone/l=1/tc?lid=10687942014033828209&amp;amp;ref=www_iphone&amp;amp;w_qd=IlPT2AEptyoA_yk66AsbrQRzyw4IRaS54hmQM_&amp;amp;order=8&amp;amp;src=https%3A%2F%2Fm.baidu.com%2Fs%3Fword%3Dappium%2520api%26ssid%3D0%26from%3D844b%26bd_page_type%3D1%26uid%3D0%26pu%3Dsz%2540320_1001%252Cta%2540iphone_2_5.0_3_537%252Cusm%25401%26baiduid%3D63A3346FC928A03FE546E7FC530F4D9C%26rqid%3D10687942014033828209%26sa%3Dre_dl_cr_11&quot;&gt;appium api&lt;/a&gt;&lt;a class=&quot;c-gap-right&quot; href=&quot;http://m.baidu.com/from=844b/ssid=0/uid=0/bd_page_type=1/pu=sz%40320_1001%2Cta%40iphone_2_5.0_3_537%2Cusm%401/baiduid=63A3346FC928A03FE546E7FC530F4D9C/w=0_10_/t=iphone/l=1/tc?lid=10687942014033828209&amp;amp;ref=www_iphone&amp;amp;w_qd=IlPT2AEptyoA_yk66AsbrQRzyw4IRaS54hmQM_&amp;amp;order=8&amp;amp;src=https%3A%2F%2Fm.baidu.com%2Fs%3Fword%3Dappium%2520api%2520java%26ssid%3D0%26from%3D844b%26bd_page_type%3D1%26uid%3D0%26pu%3Dsz%2540320_1001%252Cta%2540iphone_2_5.0_3_537%252Cusm%25401%26baiduid%3D63A3346FC928A03FE546E7FC530F4D9C%26rqid%3D10687942014033828209%26sa%3Dre_dl_cr_11&quot;&gt;appium api java&lt;/a&gt;&lt;a class=&quot;c-gap-right&quot; href=&quot;http://m.baidu.com/from=844b/ssid=0/uid=0/bd_page_type=1/pu=sz%40320_1001%2Cta%40iphone_2_5.0_3_537%2Cusm%401/baiduid=63A3346FC928A03FE546E7FC530F4D9C/w=0_10_/t=iphone/l=1/tc?lid=10687942014033828209&amp;amp;ref=www_iphone&amp;amp;w_qd=IlPT2AEptyoA_yk66AsbrQRzyw4IRaS54hmQM_&amp;amp;order=8&amp;amp;src=https%3A%2F%2Fm.baidu.com%2Fs%3Fword%3Dappium%2520%25E7%25AE%2580%25E4%25BB%258B%26ssid%3D0%26from%3D844b%26bd_page_type%3D1%26uid%3D0%26pu%3Dsz%2540320_1001%252Cta%2540iphone_2_5.0_3_537%252Cusm%25401%26baiduid%3D63A3346FC928A03FE546E7FC530F4D9C%26rqid%3D10687942014033828209%26sa%3Dre_dl_cr_11&quot;&gt;appium 简介&lt;/a&gt;&lt;a class=&quot;c-gap-right&quot; href=&quot;http://m.baidu.com/from=844b/ssid=0/uid=0/bd_page_type=1/pu=sz%40320_1001%2Cta%40iphone_2_5.0_3_537%2Cusm%401/baiduid=63A3346FC928A03FE546E7FC530F4D9C/w=0_10_/t=iphone/l=1/tc?lid=10687942014033828209&amp;amp;ref=www_iphone&amp;amp;w_qd=IlPT2AEptyoA_yk66AsbrQRzyw4IRaS54hmQM_&amp;amp;order=8&amp;amp;src=https%3A%2F%2Fm.baidu.com%2Fs%3Fword%3Dselenium%2520api%26ssid%3D0%26from%3D844b%26bd_page_type%3D1%26uid%3D0%26pu%3Dsz%2540320_1001%252Cta%2540iphone_2_5.0_3_537%252Cusm%25401%26baiduid%3D63A3346FC928A03FE546E7FC530F4D9C%26rqid%3D10687942014033828209%26sa%3Dre_dl_cr_11&quot;&gt;selenium api&lt;/a&gt;&lt;/div&gt;&lt;/div&gt;&lt;/div&gt;&lt;div class=&quot;result c-result c-clk-recommend&quot; srcid=&quot;www_normal&quot; new_srcid=&quot;1599&quot; order=&quot;9&quot; tpl=&quot;www_normal&quot; data-log=&quot;{&#039;fm&#039;:&#039;&#039;,&#039;ensrcid&#039;:&#039;www_normal&#039;,&#039;order&#039;:&#039;9&#039;,&#039;mu&#039;:&#039;http://testerhome.com/topics/3144&#039;}&quot; data-ecom-log-info=&quot;w_9_&quot;&gt;&lt;div class=&quot;c-container&quot;&gt;&lt;a href=&quot;http://m.baidu.com/from=844b/bd_page_type=1/ssid=0/uid=0/pu=sz%40320_1001%2Cta%40iphone_2_5.0_3_537%2Cusm%401/baiduid=63A3346FC928A03FE546E7FC530F4D9C/w=0_10_/t=iphone/l=1/tc?ref=www_iphone&amp;amp;lid=10687942014033828209&amp;amp;order=9&amp;amp;fm=alop&amp;amp;waplogo=1&amp;amp;tj=www_normal_9_0_10_title&amp;amp;vit=osres&amp;amp;waput=3&amp;amp;cltj=normal_title&amp;amp;asres=1&amp;amp;title=%E4%B8%AD%E6%96%87AppiumAPI%E6%96%87%E6%A1%A3%C2%B7TesterHome&amp;amp;dict=-1&amp;amp;w_qd=IlPT2AEptyoA_yk66AsbrQRzyw4IRaS54hmQM_&amp;amp;sec=22034&amp;amp;di=8770d2c02be810b9&amp;amp;bdenc=1&amp;amp;nsrc=IlPT2AEptyoA_yixCFOxXnANedT62v3IEh3CQSlG_jWzmI39h47aUbBuXS47M7jTUS3adTLK&quot; class=&quot;c-blocka&quot;&gt;&lt;h3 class=&quot;c-title c-gap-top-small&quot;&gt;&lt;em&gt;中文&lt;/em&gt;Appium API 文档 · &lt;em&gt;TesterHome&lt;/em&gt;&lt;/h3&gt;&lt;/a&gt;&lt;div class=&quot;c-row c-abstract c-gap-top-small&quot;&gt;&lt;div class=&quot;c-span12&quot;&gt;&lt;a href=&quot;http://m.baidu.com/from=844b/bd_page_type=1/ssid=0/uid=0/pu=sz%40320_1001%2Cta%40iphone_2_5.0_3_537%2Cusm%401/baiduid=63A3346FC928A03FE546E7FC530F4D9C/w=0_10_/t=iphone/l=1/tc?ref=www_iphone&amp;amp;lid=10687942014033828209&amp;amp;order=9&amp;amp;fm=alop&amp;amp;waplogo=1&amp;amp;tj=www_normal_9_0_10_title&amp;amp;vit=osres&amp;amp;waput=3&amp;amp;cltj=normal_title&amp;amp;asres=1&amp;amp;title=%E4%B8%AD%E6%96%87AppiumAPI%E6%96%87%E6%A1%A3%C2%B7TesterHome&amp;amp;dict=-1&amp;amp;w_qd=IlPT2AEptyoA_yk66AsbrQRzyw4IRaS54hmQM_&amp;amp;sec=22034&amp;amp;di=8770d2c02be810b9&amp;amp;bdenc=1&amp;amp;nsrc=IlPT2AEptyoA_yixCFOxXnANedT62v3IEh3CQSlG_jWzmI39h47aUbBuXS47M7jTUS3adTLK&quot; class=&quot;c-blocka&quot;&gt;&lt;p class=&quot;c-line-clamp3 c-color&quot;&gt;&lt;span class=&quot;c-gray c-gap-right-small&quot;&gt;2017年4月28日 - &lt;/span&gt;&lt;em&gt;TesterHome&lt;/em&gt;软件测试社区,人气最旺的软件测试技术门户,提供软件测试社区交流,测试沙龙。&lt;/p&gt;&lt;/a&gt;&lt;div class=&quot;c-showurl c-line-clamp1&quot;&gt;&lt;span class=&quot;c-showurl&quot;&gt;testerhome.com&lt;/span&gt;&lt;span class=&quot;c-showurl&quot;&gt; › topics&lt;/span&gt;&lt;/div&gt;&lt;/div&gt;&lt;/div&gt;&lt;/div&gt;&lt;div class=&quot;c-container c-recomm-wrap&quot; style=&quot;display: none;&quot;&gt;&lt;div class=&quot;c-recomm-cnt c-gray&quot;&gt;&lt;span class=&quot;c-gap-right&quot;&gt;&lt;i class=&quot;c-icon&quot;&gt;&lt;/i&gt;大家还搜：&lt;/span&gt;&lt;a class=&quot;c-gap-right&quot; href=&quot;http://m.baidu.com/from=844b/ssid=0/uid=0/bd_page_type=1/pu=sz%40320_1001%2Cta%40iphone_2_5.0_3_537%2Cusm%401/baiduid=63A3346FC928A03FE546E7FC530F4D9C/w=0_10_/t=iphone/l=1/tc?lid=10687942014033828209&amp;amp;ref=www_iphone&amp;amp;w_qd=IlPT2AEptyoA_yk66AsbrQRzyw4IRaS54hmQM_&amp;amp;order=9&amp;amp;src=https%3A%2F%2Fm.baidu.com%2Fs%3Fword%3Dselendroid%26ssid%3D0%26from%3D844b%26bd_page_type%3D1%26uid%3D0%26pu%3Dsz%2540320_1001%252Cta%2540iphone_2_5.0_3_537%252Cusm%25401%26baiduid%3D63A3346FC928A03FE546E7FC530F4D9C%26rqid%3D10687942014033828209%26sa%3Dre_dl_cr_9&quot;&gt;selendroid&lt;/a&gt;&lt;a class=&quot;c-gap-right&quot; href=&quot;http://m.baidu.com/from=844b/ssid=0/uid=0/bd_page_type=1/pu=sz%40320_1001%2Cta%40iphone_2_5.0_3_537%2Cusm%401/baiduid=63A3346FC928A03FE546E7FC530F4D9C/w=0_10_/t=iphone/l=1/tc?lid=10687942014033828209&amp;amp;ref=www_iphone&amp;amp;w_qd=IlPT2AEptyoA_yk66AsbrQRzyw4IRaS54hmQM_&amp;amp;order=9&amp;amp;src=https%3A%2F%2Fm.baidu.com%2Fs%3Fword%3Dappium%2520api%26ssid%3D0%26from%3D844b%26bd_page_type%3D1%26uid%3D0%26pu%3Dsz%2540320_1001%252Cta%2540iphone_2_5.0_3_537%252Cusm%25401%26baiduid%3D63A3346FC928A03FE546E7FC530F4D9C%26rqid%3D10687942014033828209%26sa%3Dre_dl_cr_9&quot;&gt;appium api&lt;/a&gt;&lt;a class=&quot;c-gap-right&quot; href=&quot;http://m.baidu.com/from=844b/ssid=0/uid=0/bd_page_type=1/pu=sz%40320_1001%2Cta%40iphone_2_5.0_3_537%2Cusm%401/baiduid=63A3346FC928A03FE546E7FC530F4D9C/w=0_10_/t=iphone/l=1/tc?lid=10687942014033828209&amp;amp;ref=www_iphone&amp;amp;w_qd=IlPT2AEptyoA_yk66AsbrQRzyw4IRaS54hmQM_&amp;amp;order=9&amp;amp;src=https%3A%2F%2Fm.baidu.com%2Fs%3Fword%3Dappium%2520java%25E6%2595%2599%25E7%25A8%258B%26ssid%3D0%26from%3D844b%26bd_page_type%3D1%26uid%3D0%26pu%3Dsz%2540320_1001%252Cta%2540iphone_2_5.0_3_537%252Cusm%25401%26baiduid%3D63A3346FC928A03FE546E7FC530F4D9C%26rqid%3D10687942014033828209%26sa%3Dre_dl_cr_9&quot;&gt;appium java教程&lt;/a&gt;&lt;a class=&quot;c-gap-right&quot; href=&quot;http://m.baidu.com/from=844b/ssid=0/uid=0/bd_page_type=1/pu=sz%40320_1001%2Cta%40iphone_2_5.0_3_537%2Cusm%401/baiduid=63A3346FC928A03FE546E7FC530F4D9C/w=0_10_/t=iphone/l=1/tc?lid=10687942014033828209&amp;amp;ref=www_iphone&amp;amp;w_qd=IlPT2AEptyoA_yk66AsbrQRzyw4IRaS54hmQM_&amp;amp;order=9&amp;amp;src=https%3A%2F%2Fm.baidu.com%2Fs%3Fword%3Dappium%2520c%2523%26ssid%3D0%26from%3D844b%26bd_page_type%3D1%26uid%3D0%26pu%3Dsz%2540320_1001%252Cta%2540iphone_2_5.0_3_537%252Cusm%25401%26baiduid%3D63A3346FC928A03FE546E7FC530F4D9C%26rqid%3D10687942014033828209%26sa%3Dre_dl_cr_9&quot;&gt;appium c#&lt;/a&gt;&lt;a class=&quot;c-gap-right&quot; href=&quot;http://m.baidu.com/from=844b/ssid=0/uid=0/bd_page_type=1/pu=sz%40320_1001%2Cta%40iphone_2_5.0_3_537%2Cusm%401/baiduid=63A3346FC928A03FE546E7FC530F4D9C/w=0_10_/t=iphone/l=1/tc?lid=10687942014033828209&amp;amp;ref=www_iphone&amp;amp;w_qd=IlPT2AEptyoA_yk66AsbrQRzyw4IRaS54hmQM_&amp;amp;order=9&amp;amp;src=https%3A%2F%2Fm.baidu.com%2Fs%3Fword%3Dappium%2520xpath%2520%25E8%25AF%25AD%25E6%25B3%2595%26ssid%3D0%26from%3D844b%26bd_page_type%3D1%26uid%3D0%26pu%3Dsz%2540320_1001%252Cta%2540iphone_2_5.0_3_537%252Cusm%25401%26baiduid%3D63A3346FC928A03FE546E7FC530F4D9C%26rqid%3D10687942014033828209%26sa%3Dre_dl_cr_9&quot;&gt;appium xpath 语法&lt;/a&gt;&lt;a class=&quot;c-gap-right&quot; href=&quot;http://m.baidu.com/from=844b/ssid=0/uid=0/bd_page_type=1/pu=sz%40320_1001%2Cta%40iphone_2_5.0_3_537%2Cusm%401/baiduid=63A3346FC928A03FE546E7FC530F4D9C/w=0_10_/t=iphone/l=1/tc?lid=10687942014033828209&amp;amp;ref=www_iphone&amp;amp;w_qd=IlPT2AEptyoA_yk66AsbrQRzyw4IRaS54hmQM_&amp;amp;order=9&amp;amp;src=https%3A%2F%2Fm.baidu.com%2Fs%3Fword%3Dappium%25E6%2596%25B9%25E6%25B3%2595%26ssid%3D0%26from%3D844b%26bd_page_type%3D1%26uid%3D0%26pu%3Dsz%2540320_1001%252Cta%2540iphone_2_5.0_3_537%252Cusm%25401%26baiduid%3D63A3346FC928A03FE546E7FC530F4D9C%26rqid%3D10687942014033828209%26sa%3Dre_dl_cr_9&quot;&gt;appium方法&lt;/a&gt;&lt;/div&gt;&lt;/div&gt;&lt;/div&gt;&lt;div class=&quot;result c-result c-clk-recommend&quot; srcid=&quot;www_normal&quot; new_srcid=&quot;1599&quot; order=&quot;10&quot; tpl=&quot;www_normal&quot; data-log=&quot;{&#039;fm&#039;:&#039;&#039;,&#039;ensrcid&#039;:&#039;www_normal&#039;,&#039;order&#039;:&#039;10&#039;,&#039;mu&#039;:&#039;http://www.360doc.cn/mip/445909850.html&#039;}&quot; data-ecom-log-info=&quot;w_10_&quot;&gt;&lt;div class=&quot;c-container&quot;&gt;&lt;a href=&quot;http://m.baidu.com/from=844b/bd_page_type=1/ssid=0/uid=0/pu=sz%40320_1001%2Cta%40iphone_2_5.0_3_537%2Cusm%401/baiduid=63A3346FC928A03FE546E7FC530F4D9C/w=0_10_/t=iphone/l=1/tc?ref=www_iphone&amp;amp;lid=10687942014033828209&amp;amp;order=10&amp;amp;fm=alop&amp;amp;dict=20&amp;amp;tj=www_normal_10_0_10_l1&amp;amp;w_qd=IlPT2AEptyoA_yk66AsbrQRzyw4IRaS54hmQM_&amp;amp;sec=22034&amp;amp;di=0fb5581ee0d75c50&amp;amp;bdenc=1&amp;amp;nsrc=IlPT2AEptyoA_yixCFOxCGZb8c3JV3T5ABfPNy6R2iv5nk_qva02EtAfEVXcL7mSZpLRgYPKx_s2tUXP3lEkzBlBu_RjxmdRfyias_mqysbTSA1PeN9r0xOVLHJhorbakbwd9QoeBwlkKX-dz4Lkwtg_dxaT6g-9nNaDhyDkb_HMDVTiYWfVzZuBMYhcZ8bxGOzHtRLigS9uGyzvB2PgU6KRnXRUQyhv70bqbuFZCuCYrUpzHta7DvF317mYIi510KPr3NfvwRzJ2-BYoiY53XAAijn-gNWZJEtBWhz4maF8F4WJExurJJy1GgtZuN4SW_soL_PJm46-PjEqxldjVTwCFuK9QTWTCptGDOT-uKikOE-jo7TtM0GjkDZfH4HJTd9ZOu6XH8kEvGiAid4ZwZ7xLAC1uwUANtA738mv7Z1M9Zxb_JLqwZKVzIBVujLQ36mc1WGVRh05Pn-gp2TJNsDINwHZCnVMnXymfkTjqZeEYPuIE4A3woBrlkYNNJ7lv_vgJSPlLM4tzdlH-hG1ufyyjD8mo9vmkprKF3PXBalq2UJUvxQs2palfmnq8U5xXw_Lz7H4DHS6mZcgiuTkvJ2Ehh9sF0ZdHu03NMC&quot; data-sf-href=&quot;/sf?word=%E4%B8%AD%E6%96%87%2BTesterHome&amp;amp;mod=0&amp;amp;tn=normal&amp;amp;pd=mms_mip&amp;amp;actname=act_sf_mip&amp;amp;title=360doc%E4%B8%AA%E4%BA%BA%E5%9B%BE%E4%B9%A6%E9%A6%86&amp;amp;top=%7B%22sfhs%22%3A4%7D&amp;amp;ext=%7B%22lid%22%3A%2210687942014033828209%22%2C%22url%22%3A%22%252F%252Fmipcache.bdstatic.com%252Fc%252Fwww.360doc.cn%252Fmip%252F445909850.html%22%7D&amp;amp;lid=10687942014033828209&amp;amp;ms=1&amp;amp;frsrcid=1599&amp;amp;frorder=10&quot; data-log=&quot;{&amp;quot;c&amp;quot;:&amp;quot;1&amp;quot;,&amp;quot;m&amp;quot;:&amp;quot;1&amp;quot;,&amp;quot;e&amp;quot;:&amp;quot;IlPT2AEptyoA_yixCFOxUWx8qBHE0409Vh_ONmBX0HWzpF8srqSqSQYzCmKf0n3CHkm&amp;quot;}&quot; class=&quot;WA_LOG_SF c-blocka&quot; data-sf-options=&quot;{&amp;quot;0&amp;quot;:&amp;quot;&amp;quot;,&amp;quot;view&amp;quot;:{&amp;quot;_hold&amp;quot;:2},&amp;quot;mipCustomHash&amp;quot;:&amp;quot;%23word%3D%25E4%25B8%25AD%25E6%2596%2587%252BTesterHome%26lid%3D10687942014033828209%26srcid%3Dwww_normal&amp;quot;,&amp;quot;encUrl&amp;quot;:&amp;quot;IlPT2AEptyoA_yixCFOxCHd8gAfOQa_jJRqY_yxUASqviUS9xP4kHRddHSTcRzXJVZXxu7HEgc1ObS8bAGIi8Bl0t_Rls8N8nyC-&amp;quot;}&quot;&gt;&lt;h3 class=&quot;c-title c-gap-top-small&quot;&gt;&lt;em&gt;TesterHome&lt;/em&gt; | 如何做好移动互联网应用测试 ? 社区&lt;/h3&gt;&lt;/a&gt;&lt;div class=&quot;c-row c-abstract c-gap-top-small&quot;&gt;&lt;div class=&quot;c-span12&quot;&gt;&lt;a href=&quot;http://m.baidu.com/from=844b/bd_page_type=1/ssid=0/uid=0/pu=sz%40320_1001%2Cta%40iphone_2_5.0_3_537%2Cusm%401/baiduid=63A3346FC928A03FE546E7FC530F4D9C/w=0_10_/t=iphone/l=1/tc?ref=www_iphone&amp;amp;lid=10687942014033828209&amp;amp;order=10&amp;amp;fm=alop&amp;amp;dict=20&amp;amp;tj=www_normal_10_0_10_l2&amp;amp;w_qd=IlPT2AEptyoA_yk66AsbrQRzyw4IRaS54hmQM_&amp;amp;sec=22034&amp;amp;di=0fb5581ee0d75c50&amp;amp;bdenc=1&amp;amp;nsrc=IlPT2AEptyoA_yixCFOxCGZb8c3JV3T5ABfPNy6R2iv5nk_qva02EtAfEVXcL7mSZpLRgYPKx_s2tUXP3lEkzBlBu_RjxmdRfyias_mqysbTSA1PeN9r0xOVLHJhorbakbwd9QoeBwlkKX-dz4Lkwtg_dxaT6g-9nNaDhyDkb_HMDVTiYWfVzZuBMYhcZ8bxGOzHtRLigS9uGyzvB2PgU6KRnXRUQyhv70bqbuFZCuCYrUpzHta7DvF317mYIi510KPr3NfvwRzJ2-BYoiY53XAAijn-gNWZJEtBWhz4maF8F4WJExurJJy1GgtZuN4SW_soL_PJm46-PjEqxldjVTwCFuK9QTWTCptGDOT-uKikOE-jo7TtM0GjkDZfH4HJTd9ZOu6XH8kEvGiAid4ZwZ7xLAC1uwUANtA738mv7Z1M9Zxb_JLqwZKVzIBVujLQ36mc1WGVRh05Pn-gp2TJNsDINwHZCnVMnXymfkTjqZeEYPuIE4A3woBrlkYNNJ7lv_vgJSPlLM4tzdlH-hG1ufyyjD8mo9vmkprKF3PXBalq2UJUvxQs2palfmnq8U5xXw_Lz7H4DHS6mZcgiuTkvJ2Ehh9sF0ZdHu03NMC&quot; data-sf-href=&quot;/sf?word=%E4%B8%AD%E6%96%87%2BTesterHome&amp;amp;mod=0&amp;amp;tn=normal&amp;amp;pd=mms_mip&amp;amp;actname=act_sf_mip&amp;amp;title=360doc%E4%B8%AA%E4%BA%BA%E5%9B%BE%E4%B9%A6%E9%A6%86&amp;amp;top=%7B%22sfhs%22%3A4%7D&amp;amp;ext=%7B%22lid%22%3A%2210687942014033828209%22%2C%22url%22%3A%22%252F%252Fmipcache.bdstatic.com%252Fc%252Fwww.360doc.cn%252Fmip%252F445909850.html%22%7D&amp;amp;lid=10687942014033828209&amp;amp;ms=1&amp;amp;frsrcid=1599&amp;amp;frorder=10&quot; data-log=&quot;{&amp;quot;c&amp;quot;:&amp;quot;1&amp;quot;,&amp;quot;m&amp;quot;:&amp;quot;1&amp;quot;,&amp;quot;e&amp;quot;:&amp;quot;IlPT2AEptyoA_yixCFOxUWx8qBHE0409Vh_ONmBX0HWzpF8srqSqSQYzCmKf0n3CHkm&amp;quot;}&quot; class=&quot;WA_LOG_SF c-blocka&quot; data-sf-options=&quot;{&amp;quot;0&amp;quot;:&amp;quot;&amp;quot;,&amp;quot;view&amp;quot;:{&amp;quot;_hold&amp;quot;:2},&amp;quot;mipCustomHash&amp;quot;:&amp;quot;%23word%3D%25E4%25B8%25AD%25E6%2596%2587%252BTesterHome%26lid%3D10687942014033828209%26srcid%3Dwww_normal&amp;quot;,&amp;quot;encUrl&amp;quot;:&amp;quot;IlPT2AEptyoA_yixCFOxCHd8gAfOQa_jJRqY_yxUASqviUS9xP4kHRddHSTcRzXJVZXxu7HEgc1ObS8bAGIi8Bl0t_Rls8N8nyC-&amp;quot;}&quot;&gt;&lt;p class=&quot;c-line-clamp3 c-color&quot;&gt;&lt;span class=&quot;c-gray c-gap-right-small&quot;&gt;2015年2月3日 - &lt;/span&gt;之前我写过一篇吐槽文章——《面试要求真的不高》,见链接:http://&lt;em&gt;testerhome&lt;/em&gt;.com/topics/1486。今天的...&lt;/p&gt;&lt;/a&gt;&lt;div class=&quot;c-showurl c-line-clamp1&quot;&gt;&lt;span class=&quot;c-showurl&quot;&gt;www.360doc.cn&lt;/span&gt;&lt;span class=&quot;c-showurl&quot;&gt; › mip&lt;/span&gt;&lt;span class=&quot;c-foot-mipicon-wrap c-gap-left&quot;&gt;&lt;a href=&quot;http://m.baidu.com/from=844b/bd_page_type=1/ssid=0/uid=0/pu=sz%40320_1001%2Cta%40iphone_2_5.0_3_537%2Cusm%401/baiduid=63A3346FC928A03FE546E7FC530F4D9C/w=0_10_/t=iphone/l=1/tc?ref=www_iphone&amp;amp;lid=10687942014033828209&amp;amp;order=10&amp;amp;fm=alop&amp;amp;dict=20&amp;amp;tj=www_normal_10_0_10_l3&amp;amp;w_qd=IlPT2AEptyoA_yk66AsbrQRzyw4IRaS54hmQM_&amp;amp;sec=22034&amp;amp;di=2b644f3e144b15e3&amp;amp;bdenc=1&amp;amp;nsrc=IlPT2AEptyoA_yixCFOxCGZb8c3JV3T5ABfPNy6R2iv5nk_qva02EtAfEVXfNDrJB50-u8CXdcpTtXKhPjNilsEWe0dnpzJ6nzu7w0mbxszVUw1PeMUx4trHDX1AlAmcyKBPg2x5M3Es1GFb8rvCwu-srvXZf2lLy4a2dEC9vPOFVTT6V7q1i7bjB7kCH-H3GOK8h17kaiRdTI8vVc0BGJDqsGM9RTMPbxrm84J1PcSDrV5z_Rf7V4cIDImYNStFFfbrSunblB4MYZ6JmCAo48Z0-nHiee3EGmpKXc447PhEI3_JI1a1Y5fQBsxCv0_LGL1eDLDIf_gc4jk7sFdiAygF&quot; data-sf-href=&quot;/sf?pd=gloryweb&amp;amp;actname=introduction&amp;amp;title=%E6%9E%81%E9%80%9F%E6%B5%8F%E8%A7%88%E6%A8%A1%E5%BC%8F&amp;amp;word=%E4%B8%AD%E6%96%87%2BTesterHome&amp;amp;lid=10687942014033828209&amp;amp;ms=1&amp;amp;frsrcid=1599&amp;amp;frorder=10&quot; class=&quot;WA_LOG_SF &quot;&gt;&lt;svg class=&quot;c-foot-icon-mip&quot; xmlns=&quot;http://www.w3.org/2000/svg&quot; x=&quot;0px&quot; y=&quot;0px&quot; width=&quot;100%&quot; height=&quot;100%&quot; version=&quot;1.1&quot; viewBox=&quot;0 0 155.9 224.5&quot;&gt;&lt;polygon style=&quot;fill:#7ACBFF&quot; points=&quot;114.5,0 26,0 0,108.5 27.8,108.5 48,49.5 97.8,49.2&quot;/&gt;&lt;polygon style=&quot;fill:#7ACBFF&quot; points=&quot;54.8,59 155.9,59 0,222.5 &quot;/&gt;&lt;/svg&gt;&lt;/a&gt;&lt;/span&gt;&lt;/div&gt;&lt;/div&gt;&lt;/div&gt;&lt;/div&gt;&lt;div class=&quot;c-container c-recomm-wrap&quot; style=&quot;display: none;&quot;&gt;&lt;div class=&quot;c-recomm-cnt c-gray&quot;&gt;&lt;span class=&quot;c-gap-right&quot;&gt;&lt;i class=&quot;c-icon&quot;&gt;&lt;/i&gt;大家还搜：&lt;/span&gt;&lt;a class=&quot;c-gap-right&quot; href=&quot;http://m.baidu.com/from=844b/ssid=0/uid=0/bd_page_type=1/pu=sz%40320_1001%2Cta%40iphone_2_5.0_3_537%2Cusm%401/baiduid=63A3346FC928A03FE546E7FC530F4D9C/w=0_10_/t=iphone/l=1/tc?lid=10687942014033828209&amp;amp;ref=www_iphone&amp;amp;w_qd=IlPT2AEptyoA_yk66AsbrQRzyw4IRaS54hmQM_&amp;amp;order=10&amp;amp;src=https%3A%2F%2Fm.baidu.com%2Fs%3Fword%3Dtesterhome%26ssid%3D0%26from%3D844b%26bd_page_type%3D1%26uid%3D0%26pu%3Dsz%2540320_1001%252Cta%2540iphone_2_5.0_3_537%252Cusm%25401%26baiduid%3D63A3346FC928A03FE546E7FC530F4D9C%26rqid%3D10687942014033828209%26sa%3Dre_dl_cr_9&quot;&gt;testerhome&lt;/a&gt;&lt;a class=&quot;c-gap-right&quot; href=&quot;http://m.baidu.com/from=844b/ssid=0/uid=0/bd_page_type=1/pu=sz%40320_1001%2Cta%40iphone_2_5.0_3_537%2Cusm%401/baiduid=63A3346FC928A03FE546E7FC530F4D9C/w=0_10_/t=iphone/l=1/tc?lid=10687942014033828209&amp;amp;ref=www_iphone&amp;amp;w_qd=IlPT2AEptyoA_yk66AsbrQRzyw4IRaS54hmQM_&amp;amp;order=10&amp;amp;src=https%3A%2F%2Fm.baidu.com%2Fs%3Fword%3Dtesterhome%25E5%2588%259B%25E5%25A7%258B%25E4%25BA%25BA%26ssid%3D0%26from%3D844b%26bd_page_type%3D1%26uid%3D0%26pu%3Dsz%2540320_1001%252Cta%2540iphone_2_5.0_3_537%252Cusm%25401%26baiduid%3D63A3346FC928A03FE546E7FC530F4D9C%26rqid%3D10687942014033828209%26sa%3Dre_dl_cr_9&quot;&gt;testerhome创始人&lt;/a&gt;&lt;a class=&quot;c-gap-right&quot; href=&quot;http://m.baidu.com/from=844b/ssid=0/uid=0/bd_page_type=1/pu=sz%40320_1001%2Cta%40iphone_2_5.0_3_537%2Cusm%401/baiduid=63A3346FC928A03FE546E7FC530F4D9C/w=0_10_/t=iphone/l=1/tc?lid=10687942014033828209&amp;amp;ref=www_iphone&amp;amp;w_qd=IlPT2AEptyoA_yk66AsbrQRzyw4IRaS54hmQM_&amp;amp;order=10&amp;amp;src=https%3A%2F%2Fm.baidu.com%2Fs%3Fword%3D%25E8%25BD%25AF%25E4%25BB%25B6%25E6%25B5%258B%25E8%25AF%2595%25E7%2599%25BE%25E5%25BA%25A6%25E4%25BA%2591%26ssid%3D0%26from%3D844b%26bd_page_type%3D1%26uid%3D0%26pu%3Dsz%2540320_1001%252Cta%2540iphone_2_5.0_3_537%252Cusm%25401%26baiduid%3D63A3346FC928A03FE546E7FC530F4D9C%26rqid%3D10687942014033828209%26sa%3Dre_dl_cr_9&quot;&gt;软件测试百度云&lt;/a&gt;&lt;a class=&quot;c-gap-right&quot; href=&quot;http://m.baidu.com/from=844b/ssid=0/uid=0/bd_page_type=1/pu=sz%40320_1001%2Cta%40iphone_2_5.0_3_537%2Cusm%401/baiduid=63A3346FC928A03FE546E7FC530F4D9C/w=0_10_/t=iphone/l=1/tc?lid=10687942014033828209&amp;amp;ref=www_iphone&amp;amp;w_qd=IlPT2AEptyoA_yk66AsbrQRzyw4IRaS54hmQM_&amp;amp;order=10&amp;amp;src=https%3A%2F%2Fm.baidu.com%2Fs%3Fword%3Dpostman%26ssid%3D0%26from%3D844b%26bd_page_type%3D1%26uid%3D0%26pu%3Dsz%2540320_1001%252Cta%2540iphone_2_5.0_3_537%252Cusm%25401%26baiduid%3D63A3346FC928A03FE546E7FC530F4D9C%26rqid%3D10687942014033828209%26sa%3Dre_dl_cr_9&quot;&gt;postman&lt;/a&gt;&lt;/div&gt;&lt;/div&gt;&lt;/div&gt;&lt;div class=&quot;result c-result&quot; srcid=&quot;sigma_celebrity_rela&quot; new_srcid=&quot;30420&quot; order=&quot;11&quot; tpl=&quot;sigma_celebrity_rela&quot; data-log=&quot;{&#039;fm&#039;:&#039;alop&#039;,&#039;ensrcid&#039;:&#039;sigma_celebrity_rela&#039;,&#039;order&#039;:&#039;11&#039;,&#039;mu&#039;:&#039;&#039;}&quot; data-ecom-log-info=&quot;w_11_&quot;&gt;&lt;div class=&quot;c-container&quot;&gt;&lt;div class=&quot;c-blocka&quot;&gt;&lt;h3 class=&quot;c-title c-gap-top-small&quot;&gt;&lt;em&gt;中文+TesterHome&lt;/em&gt;_相关程序设计语言&lt;/h3&gt;&lt;/div&gt;&lt;style data-merge=&quot;&quot;&gt;.wa-sigma-celebrity-f13 { font-size: 20px; vertical-align: top; line-height: 26px;}.wa-sigma-celebrity-f13::before {content: &#039;&#039;;display: inline-block;height: 15px;border-left: 1px solid #f1f1f1;}.wa-sigma-celebrity-rela-scroller{white-space:nowrap;}.wa-sigma-celebrity-rela-entity{display:inline-block;vertical-align:top;}.wa-sigma-celebrity-rela-entity:first-child{padding-left:0px;}.wa-sigma-celebrity-rela-name{text-align:center;line-height: 22px; white-space:pre-line;word-break: normal; word-wrap: normal;margin-bottom:2px;}.wa-sigma-celebrity-rela-reason {text-align: center; white-space:pre-line; word-break: normal; word-wrap: normal;font-size:13px;line-height:19px;margin-bottom:0;}.wa-sigma-celebrity-rela-comment {position:relative; height: 21px;margin:0 auto; width: 60px;}.wa-sigma-celebrity-rela-comment .c-icon {display: inline-block; width: 12px; text-align: center;}.wa-sigma-celebrity-rela-comment-graystar {position: absolute; color: #eee;}.wa-sigma-celebrity-rela-comment-redstar {position: absolute; color: #ff0000; white-space: nowrap;overflow: hidden;}.wa-sigma-celebrity-rela-nowrap {white-space:nowrap;}.wa-sigma-celebrity-coverWrap{position:relative;}.wa-sigma-celebrity-cover{width:100%;height:100%;font-size:25px;color:#fff;position:absolute;left:0;top:0;right:0;bottom:0;z-index:2;text-align:center;background:rgba(0,0,0,0.5);overflow:hidden;display:block;}.wa-sigma-celebrity-cover p{font-size:13px;text-align:center;line-height:12px;}.wa-sigma-celebrity-cover-inner{text-align:center;vertical-align:middle;position:absolute;top:50%;left:50%;height:44px;margin-top:-22px;margin-left:-26px;}@media screen and (max-width: 335px) {.wa-sigma-celebrity-rela-comment {width: 50px;}.wa-sigma-celebrity-rela-comment .c-icon {width: 10px;}}&lt;/style&gt;&lt;b-scroll class=&quot;wa-sigma-celebrity-rela-wrapper-11&quot;&gt;&lt;div class=&quot;c-row-tile c-scroll-wrapper wa-sigma-cere-wrapper-11 c-gap-top-small&quot;&gt;&lt;div class=&quot;c-scroll-touch&quot;&gt;&lt;div class=&quot;wa-sigma-celebrity-rela-scroller c-scroll-parent-gap&quot; style=&quot;width:            189.93710691824%&quot;&gt;&lt;div class=&quot;wa-sigma-celebrity-rela-entity c-scroll-element-gap&quot; style=&quot;width:12.5%&quot;&gt;&lt;a href=&quot;http://m.baidu.com/from=844b/bd_page_type=1/ssid=0/uid=0/pu=sz%40320_1001%2Cta%40iphone_2_5.0_3_537%2Cusm%401/baiduid=63A3346FC928A03FE546E7FC530F4D9C/w=0_10_/t=iphone/l=1/tc?ref=www_iphone&amp;amp;lid=10687942014033828209&amp;amp;order=11&amp;amp;fm=alop&amp;amp;tj=sigma_celebrity_rela_11_0_10_l1&amp;amp;w_qd=IlPT2AEptyoA_yk66AsbrQRzyw4IRaS54hmQM_&amp;amp;sec=22034&amp;amp;di=0889b25efdbb47aa&amp;amp;bdenc=1&amp;amp;nsrc=IlPT2AEptyoA_yixCFOxCGZb8c3JV3T5ABfPNy6R2iv5nk_qva02JcRpX8KgVC4CV5OwdoSOdAoClDPl3mIm7hB0katos7oq7UeagPu3xseLHaBIvtkr2NOHGnQvzfrqyKpOtRs-0Qdf1GdhiOOltO5wbuiIxPxsnuCCgXW6q2C1VY46F-bC65rlZogICCLdWOKUcsqkrH5dSZGhMwWxToGEeS2DEXFibdvhzuNG2B_YnE6nPt7pVAACFUmCIyoRWKLdUNnclBTYZpNCoiIh3XZF5HfmrKCZIElB0RaNffElM13SMxbPGYuKNh6CvLTuSPljTPCqhLUi&quot; data-url=&quot;https://m.baidu.com/from=844b/pu=sz%40320_1001/s?tn=iphone&amp;amp;word=python&amp;amp;sa=re_dl_er_30420_1&amp;amp;euri=f325de8a216142a9aab5b48aa60c87d2&amp;amp;ms=1&amp;amp;rqid=10687942014033828209&amp;amp;oq=%E4%B8%AD%E6%96%87%2BTesterHome&quot; class=&quot;c-blocka wa-sigma-celebrity-rela-link&quot;&gt;&lt;div class=&quot;c-img c-img-s&quot; style=&quot;background-image: none; background-attachment: initial; background-color: initial; background-origin: initial; background-clip: initial; background-position: initial; background-repeat: initial;&quot;&gt;&lt;img src=&quot;https://ss0.baidu.com/6ONWsjip0QIZ8tyhnq/it/u=3396620748,2448931146&amp;amp;fm=58&quot; /&gt;&lt;/div&gt;&lt;p class=&quot;wa-sigma-celebrity-rela-name c-line-clamp2&quot;&gt;python&lt;/p&gt;&lt;p class=&quot;wa-sigma-celebrity-rela-reason c-color-gray c-line-clamp2&quot;&gt;方便快捷的脚本语言&lt;/p&gt;&lt;/a&gt;&lt;/div&gt;&lt;div class=&quot;wa-sigma-celebrity-rela-entity c-scroll-element-gap&quot; style=&quot;width:12.5%&quot;&gt;&lt;a href=&quot;http://m.baidu.com/from=844b/bd_page_type=1/ssid=0/uid=0/pu=sz%40320_1001%2Cta%40iphone_2_5.0_3_537%2Cusm%401/baiduid=63A3346FC928A03FE546E7FC530F4D9C/w=0_10_/t=iphone/l=1/tc?ref=www_iphone&amp;amp;lid=10687942014033828209&amp;amp;order=11&amp;amp;fm=alop&amp;amp;tj=sigma_celebrity_rela_11_0_10_l2&amp;amp;w_qd=IlPT2AEptyoA_yk66AsbrQRzyw4IRaS54hmQM_&amp;amp;sec=22034&amp;amp;di=c86035b9c87b398e&amp;amp;bdenc=1&amp;amp;nsrc=IlPT2AEptyoA_yixCFOxCGZb8c3JV3T5ABfPNy6R2iv5nk_qva02JcRpX8KgVC4CV5OwdoSOdAoClDPl3mIm7hB0katos7oq7UeagPu3xseLHaBIvtkr2NOHGnQvzfrqyKpOtQw6M2Q8RjpuyQ07gvQadeiJqvwe8MeDgVq6vP74FUS-C5aDqonp296WDSStXrjJcMeeqihtTpycB2SwHoS4fXhBFyhgfAndlqRZOeWEindk_BrqYdRM2V7FMSEKZabgS2zelBLTXpR2mCAg0nR3ijj-gNWZNnlB_hKNfM5lN4GSHxbPGIqKL_ozacXOSPpPVuuX&quot; data-url=&quot;https://m.baidu.com/from=844b/pu=sz%40320_1001/s?tn=iphone&amp;amp;word=php&amp;amp;sa=re_dl_er_30420_2&amp;amp;euri=b75aa774cf40487cbf4d634217e88686&amp;amp;ms=1&amp;amp;rqid=10687942014033828209&amp;amp;oq=%E4%B8%AD%E6%96%87%2BTesterHome&quot; class=&quot;c-blocka wa-sigma-celebrity-rela-link&quot;&gt;&lt;div class=&quot;c-img c-img-s&quot; style=&quot;background-image: none; background-attachment: initial; background-color: initial; background-origin: initial; background-clip: initial; background-position: initial; background-repeat: initial;&quot;&gt;&lt;img src=&quot;https://ss0.baidu.com/6ONWsjip0QIZ8tyhnq/it/u=4047582057,2297900373&amp;amp;fm=58&quot; /&gt;&lt;/div&gt;&lt;p class=&quot;wa-sigma-celebrity-rela-name c-line-clamp2&quot;&gt;php&lt;/p&gt;&lt;p class=&quot;wa-sigma-celebrity-rela-reason c-color-gray c-line-clamp2&quot;&gt;计算机编程语言&lt;/p&gt;&lt;/a&gt;&lt;/div&gt;&lt;div class=&quot;wa-sigma-celebrity-rela-entity c-scroll-element-gap&quot; style=&quot;width:12.5%&quot;&gt;&lt;a href=&quot;http://m.baidu.com/from=844b/bd_page_type=1/ssid=0/uid=0/pu=sz%40320_1001%2Cta%40iphone_2_5.0_3_537%2Cusm%401/baiduid=63A3346FC928A03FE546E7FC530F4D9C/w=0_10_/t=iphone/l=1/tc?ref=www_iphone&amp;amp;lid=10687942014033828209&amp;amp;order=11&amp;amp;fm=alop&amp;amp;tj=sigma_celebrity_rela_11_0_10_l3&amp;amp;w_qd=IlPT2AEptyoA_yk66AsbrQRzyw4IRaS54hmQM_&amp;amp;sec=22034&amp;amp;di=c46a9c6d36575431&amp;amp;bdenc=1&amp;amp;nsrc=IlPT2AEptyoA_yixCFOxCGZb8c3JV3T5ABfPNy6R2iv5nk_qva02JcRpX8KgVC4CV5OwdoSOdAoClDPl3mIm7hB0katos7oq7UeagPu3xseLHaBIvtkr2NOHGnQvzfrqyKpOxc2zQ2Qy1GdhiOOltO5wbuiIxPxsnuCCgXW6q2C_VY46F-bC65rlZo5ICnXdW3bCdsP9rX5bGpb9N2OrH9SAe8gYFyFjuw4dzuNG2B_YnE6nPt7pVAACFUmCIyoRWKLdUNnclBTYZpNCoiIh3XZF5HfmrKCZIElB0RaNffElM13SMxbPGYuKNh6CvLTuSPljTPCqhLUi&quot; data-url=&quot;https://m.baidu.com/from=844b/pu=sz%40320_1001/s?tn=iphone&amp;amp;word=c%2523&amp;amp;sa=re_dl_er_30420_3&amp;amp;euri=a30fdd4368b040228f03314c8a639b86&amp;amp;ms=1&amp;amp;rqid=10687942014033828209&amp;amp;oq=%E4%B8%AD%E6%96%87%2BTesterHome&quot; class=&quot;c-blocka wa-sigma-celebrity-rela-link&quot;&gt;&lt;div class=&quot;c-img c-img-s&quot; style=&quot;background-image: none; background-attachment: initial; background-color: initial; background-origin: initial; background-clip: initial; background-position: initial; background-repeat: initial;&quot;&gt;&lt;img src=&quot;https://ss1.baidu.com/6ONXsjip0QIZ8tyhnq/it/u=2442230950,2289865217&amp;amp;fm=58&quot; /&gt;&lt;/div&gt;&lt;p class=&quot;wa-sigma-celebrity-rela-name c-line-clamp2&quot;&gt;c#&lt;/p&gt;&lt;p class=&quot;wa-sigma-celebrity-rela-reason c-color-gray c-line-clamp2&quot;&gt;面向对象高级编程语言&lt;/p&gt;&lt;/a&gt;&lt;/div&gt;&lt;div class=&quot;wa-sigma-celebrity-rela-entity c-scroll-element-gap&quot; style=&quot;width:12.5%&quot;&gt;&lt;a href=&quot;http://m.baidu.com/from=844b/bd_page_type=1/ssid=0/uid=0/pu=sz%40320_1001%2Cta%40iphone_2_5.0_3_537%2Cusm%401/baiduid=63A3346FC928A03FE546E7FC530F4D9C/w=0_10_/t=iphone/l=1/tc?ref=www_iphone&amp;amp;lid=10687942014033828209&amp;amp;order=11&amp;amp;fm=alop&amp;amp;tj=sigma_celebrity_rela_11_0_10_l4&amp;amp;w_qd=IlPT2AEptyoA_yk66AsbrQRzyw4IRaS54hmQM_&amp;amp;sec=22034&amp;amp;di=eee062e29c573328&amp;amp;bdenc=1&amp;amp;nsrc=IlPT2AEptyoA_yixCFOxCGZb8c3JV3T5ABfPNy6R2iv5nk_qva02JcRpX8KgVC4CV5OwdoSOdAoClDPl3mIm7hB0katos7oq7UeagPu3xseLHaBIvtkr2NOHGnQvzfrqyKpOvxVoRtByNH-cffTliQ5ipR_S6dAh7M7F8nWmqfnQJU3eV6z9n6e516kGCHWuCueZdR8-rXIjTpjrBNWxT9y1eiJAYyhvaw7ymPJDDNCYnXso_wL8IsIfYFyHLywYWqzeSNnalxLMZJ-Dmic53XAXpGzj6fT-J7oaYAfxe3-FJu_3IAnCJ-yBH0wCf104XgBsVOO&quot; data-url=&quot;https://m.baidu.com/from=844b/pu=sz%40320_1001/s?tn=iphone&amp;amp;word=js&amp;amp;sa=re_dl_er_30420_4&amp;amp;euri=10b1512f375d4bc098f07725c90bb9b8&amp;amp;ms=1&amp;amp;rqid=10687942014033828209&amp;amp;oq=%E4%B8%AD%E6%96%87%2BTesterHome&quot; class=&quot;c-blocka wa-sigma-celebrity-rela-link&quot;&gt;&lt;div class=&quot;c-img c-img-s&quot; style=&quot;background-image: none; background-attachment: initial; background-color: initial; background-origin: initial; background-clip: initial; background-position: initial; background-repeat: initial;&quot;&gt;&lt;img src=&quot;https://ss0.baidu.com/6ONWsjip0QIZ8tyhnq/it/u=2779070586,3489688379&amp;amp;fm=58&quot; /&gt;&lt;/div&gt;&lt;p class=&quot;wa-sigma-celebrity-rela-name c-line-clamp2&quot;&gt;js&lt;/p&gt;&lt;p class=&quot;wa-sigma-celebrity-rela-reason c-color-gray c-line-clamp2&quot;&gt;浏览器支持的脚本语言&lt;/p&gt;&lt;/a&gt;&lt;/div&gt;&lt;div class=&quot;wa-sigma-celebrity-rela-entity c-scroll-element-gap&quot; style=&quot;width:12.5%&quot;&gt;&lt;a href=&quot;http://m.baidu.com/from=844b/bd_page_type=1/ssid=0/uid=0/pu=sz%40320_1001%2Cta%40iphone_2_5.0_3_537%2Cusm%401/baiduid=63A3346FC928A03FE546E7FC530F4D9C/w=0_10_/t=iphone/l=1/tc?ref=www_iphone&amp;amp;lid=10687942014033828209&amp;amp;order=11&amp;amp;fm=alop&amp;amp;tj=sigma_celebrity_rela_11_0_10_l5&amp;amp;w_qd=IlPT2AEptyoA_yk66AsbrQRzyw4IRaS54hmQM_&amp;amp;sec=22034&amp;amp;di=f4b093f994ec9375&amp;amp;bdenc=1&amp;amp;nsrc=IlPT2AEptyoA_yixCFOxCGZb8c3JV3T5ABfPNy6R2iv5nk_qva02JcRpX8KgVC4CV5OwdoSOdAoClDPl3mIm7hB0katos7oq7UeagPu3xseLHaBIvtkr2NOHGnQvzfrqyKpOg2Z9E2EoB7-jf_37suo1rsXZ82Ms8sa2eGS6rMqEVY4y26aZnFqU15kJDyasGOzI-1mzr8-KGI8uBtuvCYOBnXhUEyML8Brh8tNEL23IqnFzK2bSQ2RNZG8-QicM_aLrSdiLjADSY--FjyIjOCVR-k7itsrYT6ABGbG4z457INiCExrAVUzBBwtYiwX4HLwoH34Dfuwj_WlpcU6dIXoC2vSyQ7WZCkFEY0X6r_ei2Y--mF05Rr3g-8M9XOK-0tsX3_MAE8sEqWbtnt0YrJ75L0KYrAA1TcxqOJrrv5tMfUYaGmKu5EnX76MLbyT04Gmq2zPX2d0uNmRu&quot; data-url=&quot;https://m.baidu.com/from=844b/pu=sz%40320_1001/s?tn=iphone&amp;amp;word=%25E5%258F%25AF%25E6%2589%25A9%25E5%25B1%2595%25E6%25A0%2587%25E8%25AE%25B0%25E8%25AF%25AD%25E8%25A8%2580&amp;amp;sa=re_dl_er_30420_5&amp;amp;euri=3e1434a1e6de46338fc3a740a66f1de6&amp;amp;ms=1&amp;amp;rqid=10687942014033828209&amp;amp;oq=%E4%B8%AD%E6%96%87%2BTesterHome&quot; class=&quot;c-blocka wa-sigma-celebrity-rela-link&quot;&gt;&lt;div class=&quot;c-img c-img-s&quot; style=&quot;background-image: none; background-attachment: initial; background-color: initial; background-origin: initial; background-clip: initial; background-position: initial; background-repeat: initial;&quot;&gt;&lt;img src=&quot;https://ss1.baidu.com/6ONXsjip0QIZ8tyhnq/it/u=2648601712,2960200422&amp;amp;fm=58&quot; /&gt;&lt;/div&gt;&lt;p class=&quot;wa-sigma-celebrity-rela-name c-line-clamp2&quot;&gt;可扩展标记语言&lt;/p&gt;&lt;p class=&quot;wa-sigma-celebrity-rela-reason c-color-gray c-line-clamp2&quot;&gt;用于传输和存储数据&lt;/p&gt;&lt;/a&gt;&lt;/div&gt;&lt;div class=&quot;wa-sigma-celebrity-rela-entity c-scroll-element-gap&quot; style=&quot;width:12.5%&quot;&gt;&lt;a href=&quot;http://m.baidu.com/from=844b/bd_page_type=1/ssid=0/uid=0/pu=sz%40320_1001%2Cta%40iphone_2_5.0_3_537%2Cusm%401/baiduid=63A3346FC928A03FE546E7FC530F4D9C/w=0_10_/t=iphone/l=1/tc?ref=www_iphone&amp;amp;lid=10687942014033828209&amp;amp;order=11&amp;amp;fm=alop&amp;amp;tj=sigma_celebrity_rela_11_0_10_l6&amp;amp;w_qd=IlPT2AEptyoA_yk66AsbrQRzyw4IRaS54hmQM_&amp;amp;sec=22034&amp;amp;di=5f93a28acf0a5e7c&amp;amp;bdenc=1&amp;amp;nsrc=IlPT2AEptyoA_yixCFOxCGZb8c3JV3T5ABfPNy6R2iv5nk_qva02JcRpX8KgVC4CV5OwdoSOdAoClDPl3mIm7hB0katos7oq7UeagPu3xseLHaBIvtkr2NOHGnQvzfrqyKpOxc2zQ2RD1GdeyASlt2sxat0T8R2sghfR8iT6lvy2ZI484VmZnF78N-xOHyD2DuiSdRyieHghTUz9BgGrSo8QsHMXYyFbvNix83ZH02KYnXsr_MakQcB3Y6bD2nJ2Sa7KSN8gjB0NYpRFmyQp3HNE-8HigeiZIXcHGQe4e3-FJO0-HgmrNJzqKAtOuR3SGqspKhKXaK9i4lUwv-a&quot; data-url=&quot;https://m.baidu.com/from=844b/pu=sz%40320_1001/s?tn=iphone&amp;amp;word=c%252B%252B&amp;amp;sa=re_dl_er_30420_6&amp;amp;euri=36c4c4e36ed84f3f8d85bb31dcb617e7&amp;amp;ms=1&amp;amp;rqid=10687942014033828209&amp;amp;oq=%E4%B8%AD%E6%96%87%2BTesterHome&quot; class=&quot;c-blocka wa-sigma-celebrity-rela-link&quot;&gt;&lt;div class=&quot;c-img c-img-s&quot;&gt;&lt;img data-imagedelaysrc=&quot;https://ss2.baidu.com/6ONYsjip0QIZ8tyhnq/it/u=2860605440,1391886796&amp;amp;fm=58&quot; data-imageinvisible=&quot;1&quot; /&gt;&lt;/div&gt;&lt;p class=&quot;wa-sigma-celebrity-rela-name c-line-clamp2&quot;&gt;c++&lt;/p&gt;&lt;p class=&quot;wa-sigma-celebrity-rela-reason c-color-gray c-line-clamp2&quot;&gt;计算机编程语言&lt;/p&gt;&lt;/a&gt;&lt;/div&gt;&lt;div class=&quot;wa-sigma-celebrity-rela-entity c-scroll-element-gap&quot; style=&quot;width:12.5%&quot;&gt;&lt;a href=&quot;http://m.baidu.com/from=844b/bd_page_type=1/ssid=0/uid=0/pu=sz%40320_1001%2Cta%40iphone_2_5.0_3_537%2Cusm%401/baiduid=63A3346FC928A03FE546E7FC530F4D9C/w=0_10_/t=iphone/l=1/tc?ref=www_iphone&amp;amp;lid=10687942014033828209&amp;amp;order=11&amp;amp;fm=alop&amp;amp;tj=sigma_celebrity_rela_11_0_10_l7&amp;amp;w_qd=IlPT2AEptyoA_yk66AsbrQRzyw4IRaS54hmQM_&amp;amp;sec=22034&amp;amp;di=ef9d872f3ad8461b&amp;amp;bdenc=1&amp;amp;nsrc=IlPT2AEptyoA_yixCFOxCGZb8c3JV3T5ABfPNy6R2iv5nk_qva02JcRpX8KgVC4CV5OwdoSOdAoClDPl3mIm7hB0katos7oq7UeagPu3xseLHaBIvtkr2NOHGnQvzfrqyKpOg2Z9E21oB79Ne_37stJxrsXZ82Ms8sa16GS6rPOBVY4y26aZnFraYUkJDyarGOzI-1mzr89iLo8uBuKxCYOBnXhUEyML8xrh8tZCL23IqnFzK2bSQ2RNZG8-QicM_aLrSdiLjADSY--FjyIjOCVR-k7itsrYT6ABGbG4z457INiEExrAVUzBBwtYit01TbckILL0f366Pmlic-6cIX6Y2_Di1T8FFEBCFeP6r_ei2Y--mF05Rr3g-8M9XOK-0tsX3_MAE8sEqWbtnt0YrJ75L0KYrAA1TcxqOJrrv5tMfUYaGmKu5EnX76MLbyT04Gmq2zPX2d0uNmRu&quot; data-url=&quot;https://m.baidu.com/from=844b/pu=sz%40320_1001/s?tn=iphone&amp;amp;word=%25E7%25BB%2593%25E6%259E%2584%25E5%258C%2596%25E6%259F%25A5%25E8%25AF%25A2%25E8%25AF%25AD%25E8%25A8%2580&amp;amp;sa=re_dl_er_30420_7&amp;amp;euri=dbb17949f562411c9ffebcdb9b8e3276&amp;amp;ms=1&amp;amp;rqid=10687942014033828209&amp;amp;oq=%E4%B8%AD%E6%96%87%2BTesterHome&quot; class=&quot;c-blocka wa-sigma-celebrity-rela-link&quot;&gt;&lt;div class=&quot;c-img c-img-s&quot;&gt;&lt;img data-imagedelaysrc=&quot;https://ss2.baidu.com/6ONYsjip0QIZ8tyhnq/it/u=2829434339,3362440550&amp;amp;fm=58&quot; data-imageinvisible=&quot;1&quot; /&gt;&lt;/div&gt;&lt;p class=&quot;wa-sigma-celebrity-rela-name c-line-clamp2&quot;&gt;结构化查询语言&lt;/p&gt;&lt;p class=&quot;wa-sigma-celebrity-rela-reason c-color-gray c-line-clamp2&quot;&gt;数据库查询和编程语言&lt;/p&gt;&lt;/a&gt;&lt;/div&gt;&lt;div class=&quot;wa-sigma-celebrity-rela-entity c-scroll-element-gap&quot; style=&quot;width:12.5%&quot;&gt;&lt;a href=&quot;http://m.baidu.com/from=844b/bd_page_type=1/ssid=0/uid=0/pu=sz%40320_1001%2Cta%40iphone_2_5.0_3_537%2Cusm%401/baiduid=63A3346FC928A03FE546E7FC530F4D9C/w=0_10_/t=iphone/l=1/tc?ref=www_iphone&amp;amp;lid=10687942014033828209&amp;amp;order=11&amp;amp;fm=alop&amp;amp;tj=sigma_celebrity_rela_11_0_10_l8&amp;amp;w_qd=IlPT2AEptyoA_yk66AsbrQRzyw4IRaS54hmQM_&amp;amp;sec=22034&amp;amp;di=ef948880822a40bd&amp;amp;bdenc=1&amp;amp;nsrc=IlPT2AEptyoA_yixCFOxCGZb8c3JV3T5ABfPNy6R2iv5nk_qva02JcRpX8KgVC4CV5OwdoSOdAoClDPl3mIm7hB0katos7oq7UeagPu3xseLHaBIvtkr2NOHGnQvzfrqyKpOtQ1z_MEzAygq8rXEdA9VbhevvB2C8cuJg8HQs3a0ZlSyIIKZnWva265FCyDfXOOYxsqiqChqSUqdMQSqHo4RfXhCZC1uaBrh80oDL20-nm-oLB8iXxN3YmiENysZW_PaSd8bkBXTZZ-DoiIpAmF_9yKldu09FkpQTKyI7MpEF1_FExXAFYG1Oxopmt4NW3tpM37Pfq&quot; data-url=&quot;https://m.baidu.com/from=844b/pu=sz%40320_1001/s?tn=iphone&amp;amp;word=perl&amp;amp;sa=re_dl_er_30420_8&amp;amp;euri=851613ba9ef145caafecc226ee87e1d1&amp;amp;ms=1&amp;amp;rqid=10687942014033828209&amp;amp;oq=%E4%B8%AD%E6%96%87%2BTesterHome&quot; class=&quot;c-blocka wa-sigma-celebrity-rela-link&quot;&gt;&lt;div class=&quot;c-img c-img-s&quot;&gt;&lt;img data-imagedelaysrc=&quot;https://ss0.baidu.com/6ONWsjip0QIZ8tyhnq/it/u=568633668,3565966418&amp;amp;fm=58&quot; data-imageinvisible=&quot;1&quot; /&gt;&lt;/div&gt;&lt;p class=&quot;wa-sigma-celebrity-rela-name c-line-clamp2&quot;&gt;perl&lt;/p&gt;&lt;p class=&quot;wa-sigma-celebrity-rela-reason c-color-gray c-line-clamp2&quot;&gt;实用的梦幻脚本语言&lt;/p&gt;&lt;/a&gt;&lt;/div&gt;&lt;/div&gt;&lt;/div&gt;&lt;/div&gt;&lt;/b-scroll&gt;&lt;/div&gt;&lt;/div&gt;&lt;/div&gt;&lt;div id=&quot;page-relative&quot; class=&quot;se-page-relative&quot;&gt;&lt;div id=&quot;relativewords&quot; class=&quot;se-relativewords&quot;&gt;&lt;div class=&quot;rw-title&quot;&gt;相关搜索&lt;i class=&quot;c-icon rw-title-icon&quot;&gt;&lt;/i&gt;&lt;/div&gt;&lt;div class=&quot;rw-list&quot;&gt;&lt;a class=&quot;rw-item&quot; href=&quot;https://m.baidu.com/from=844b/pu=sz%40320_1001/s?tn=iphone&amp;amp;word=hmovie-moe+-+home&amp;amp;rq=%E4%B8%AD%E6%96%87%2BTesterHome&amp;amp;sa=brs_1&amp;amp;rsf=62030005&amp;amp;pqid=10687942014033828209&amp;amp;ms=1&amp;amp;rqid=10687942014033828209&quot;&gt;hmovie-moe - home&lt;/a&gt;&lt;a class=&quot;rw-item&quot; href=&quot;https://m.baidu.com/from=844b/pu=sz%40320_1001/s?tn=iphone&amp;amp;word=testerhome%E5%AE%A2%E6%88%B7%E7%AB%AF&amp;amp;rq=%E4%B8%AD%E6%96%87%2BTesterHome&amp;amp;sa=brs_2&amp;amp;rsf=62030006&amp;amp;pqid=10687942014033828209&amp;amp;ms=1&amp;amp;rqid=10687942014033828209&quot;&gt;testerhome客户端&lt;/a&gt;&lt;a class=&quot;rw-item&quot; href=&quot;https://m.baidu.com/from=844b/pu=sz%40320_1001/s?tn=iphone&amp;amp;word=testerhome%E7%A4%BE%E5%8C%BA&amp;amp;rq=%E4%B8%AD%E6%96%87%2BTesterHome&amp;amp;sa=brs_3&amp;amp;rsf=62030006&amp;amp;pqid=10687942014033828209&amp;amp;ms=1&amp;amp;rqid=10687942014033828209&quot;&gt;testerhome社区&lt;/a&gt;&lt;a class=&quot;rw-item&quot; href=&quot;https://m.baidu.com/from=844b/pu=sz%40320_1001/s?tn=iphone&amp;amp;word=testerhome%E5%88%9B%E5%A7%8B%E4%BA%BA&amp;amp;rq=%E4%B8%AD%E6%96%87%2BTesterHome&amp;amp;sa=brs_4&amp;amp;rsf=62030006&amp;amp;pqid=10687942014033828209&amp;amp;ms=1&amp;amp;rqid=10687942014033828209&quot;&gt;testerhome创始人&lt;/a&gt;&lt;a class=&quot;rw-item&quot; href=&quot;https://m.baidu.com/from=844b/pu=sz%40320_1001/s?tn=iphone&amp;amp;word=testerhome%E4%B8%8B%E8%BD%BD&amp;amp;rq=%E4%B8%AD%E6%96%87%2BTesterHome&amp;amp;sa=brs_5&amp;amp;rsf=62030006&amp;amp;pqid=10687942014033828209&amp;amp;ms=1&amp;amp;rqid=10687942014033828209&quot;&gt;testerhome下载&lt;/a&gt;&lt;a class=&quot;rw-item&quot; href=&quot;https://m.baidu.com/from=844b/pu=sz%40320_1001/s?tn=iphone&amp;amp;word=testerhome+%E5%9F%B9%E8%AE%AD&amp;amp;rq=%E4%B8%AD%E6%96%87%2BTesterHome&amp;amp;sa=brs_6&amp;amp;rsf=62030006&amp;amp;pqid=10687942014033828209&amp;amp;ms=1&amp;amp;rqid=10687942014033828209&quot;&gt;testerhome 培训&lt;/a&gt;&lt;a class=&quot;rw-item&quot; href=&quot;https://m.baidu.com/from=844b/pu=sz%40320_1001/s?tn=iphone&amp;amp;word=testerhome%E5%A4%A7%E4%BC%9A&amp;amp;rq=%E4%B8%AD%E6%96%87%2BTesterHome&amp;amp;sa=brs_7&amp;amp;rsf=62030006&amp;amp;pqid=10687942014033828209&amp;amp;ms=1&amp;amp;rqid=10687942014033828209&quot;&gt;testerhome大会&lt;/a&gt;&lt;a class=&quot;rw-item&quot; href=&quot;https://m.baidu.com/from=844b/pu=sz%40320_1001/s?tn=iphone&amp;amp;word=%E5%8C%97%E4%BA%ACtesterhome%E5%9F%B9%E8%AE%AD&amp;amp;rq=%E4%B8%AD%E6%96%87%2BTesterHome&amp;amp;sa=brs_8&amp;amp;rsf=62030006&amp;amp;pqid=10687942014033828209&amp;amp;ms=1&amp;amp;rqid=10687942014033828209&quot;&gt;北京testerhome培训&lt;/a&gt;&lt;/div&gt;&lt;/div&gt;&lt;/div&gt;&lt;div id=&quot;page-controller&quot; class=&quot;se-page-controller&quot;&gt;&lt;div class=&quot;new-pagenav c-flexbox&quot;&gt;&lt;a class=&quot;new-nextpage-only&quot; href=&quot;https://m.baidu.com/from=844b/pu=sz%40320_1001/s?tn=iphone&amp;amp;pn=10&amp;amp;usm=1&amp;amp;word=%E4%B8%AD%E6%96%87%2BTesterHome&amp;amp;sa=np&amp;amp;rsv_pq=10687942014033828209&amp;amp;rsv_t=e518gkrzaJ1piirW0KAsZaHziLRW1v5CGhLZJgVPFW1ccrQTqzOKmGgZew&amp;amp;ms=1&amp;amp;rqid=10687942014033828209&quot;&gt; &lt;/a&gt;&lt;p class=&quot;forNoPrefetch&quot;&gt;&lt;i class=&quot;c-icon c-gap-right icon-logo&quot;&gt;&lt;/i&gt;下一页&lt;i class=&quot;c-icon icon-nextpage&quot;&gt;&lt;/i&gt;&lt;/p&gt;                &lt;/div&gt;&lt;/div&gt;&lt;div id=&quot;page-rcol&quot; class=&quot;se-page-rcol&quot;&gt;&lt;div id=&quot;reword&quot; class=&quot;se-reword&quot;&gt;&lt;div class=&quot;rw-title&quot;&gt;相关搜索&lt;/div&gt;&lt;div class=&quot;rw-list&quot;&gt;&lt;a class=&quot;rw-item&quot; href=&quot;https://m.baidu.com/from=844b/pu=sz%40320_1001/s?tn=iphone&amp;amp;word=hmovie-moe+-+home&amp;amp;rq=%E4%B8%AD%E6%96%87%2BTesterHome&amp;amp;sa=rrs_1&amp;amp;rsf=62030005&amp;amp;pqid=10687942014033828209&amp;amp;ms=1&amp;amp;rqid=10687942014033828209&quot;&gt;hmovie-moe - home&lt;/a&gt;&lt;a class=&quot;rw-item&quot; href=&quot;https://m.baidu.com/from=844b/pu=sz%40320_1001/s?tn=iphone&amp;amp;word=testerhome%E5%AE%A2%E6%88%B7%E7%AB%AF&amp;amp;rq=%E4%B8%AD%E6%96%87%2BTesterHome&amp;amp;sa=rrs_2&amp;amp;rsf=62030006&amp;amp;pqid=10687942014033828209&amp;amp;ms=1&amp;amp;rqid=10687942014033828209&quot;&gt;testerhome客户端&lt;/a&gt;&lt;a class=&quot;rw-item&quot; href=&quot;https://m.baidu.com/from=844b/pu=sz%40320_1001/s?tn=iphone&amp;amp;word=testerhome%E7%A4%BE%E5%8C%BA&amp;amp;rq=%E4%B8%AD%E6%96%87%2BTesterHome&amp;amp;sa=rrs_3&amp;amp;rsf=62030006&amp;amp;pqid=10687942014033828209&amp;amp;ms=1&amp;amp;rqid=10687942014033828209&quot;&gt;testerhome社区&lt;/a&gt;&lt;a class=&quot;rw-item&quot; href=&quot;https://m.baidu.com/from=844b/pu=sz%40320_1001/s?tn=iphone&amp;amp;word=testerhome%E5%88%9B%E5%A7%8B%E4%BA%BA&amp;amp;rq=%E4%B8%AD%E6%96%87%2BTesterHome&amp;amp;sa=rrs_4&amp;amp;rsf=62030006&amp;amp;pqid=10687942014033828209&amp;amp;ms=1&amp;amp;rqid=10687942014033828209&quot;&gt;testerhome创始人&lt;/a&gt;&lt;a class=&quot;rw-item&quot; href=&quot;https://m.baidu.com/from=844b/pu=sz%40320_1001/s?tn=iphone&amp;amp;word=testerhome%E4%B8%8B%E8%BD%BD&amp;amp;rq=%E4%B8%AD%E6%96%87%2BTesterHome&amp;amp;sa=rrs_5&amp;amp;rsf=62030006&amp;amp;pqid=10687942014033828209&amp;amp;ms=1&amp;amp;rqid=10687942014033828209&quot;&gt;testerhome下载&lt;/a&gt;&lt;a class=&quot;rw-item&quot; href=&quot;https://m.baidu.com/from=844b/pu=sz%40320_1001/s?tn=iphone&amp;amp;word=testerhome+%E5%9F%B9%E8%AE%AD&amp;amp;rq=%E4%B8%AD%E6%96%87%2BTesterHome&amp;amp;sa=rrs_6&amp;amp;rsf=62030006&amp;amp;pqid=10687942014033828209&amp;amp;ms=1&amp;amp;rqid=10687942014033828209&quot;&gt;testerhome 培训&lt;/a&gt;&lt;a class=&quot;rw-item&quot; href=&quot;https://m.baidu.com/from=844b/pu=sz%40320_1001/s?tn=iphone&amp;amp;word=testerhome%E5%A4%A7%E4%BC%9A&amp;amp;rq=%E4%B8%AD%E6%96%87%2BTesterHome&amp;amp;sa=rrs_7&amp;amp;rsf=62030006&amp;amp;pqid=10687942014033828209&amp;amp;ms=1&amp;amp;rqid=10687942014033828209&quot;&gt;testerhome大会&lt;/a&gt;&lt;a class=&quot;rw-item&quot; href=&quot;https://m.baidu.com/from=844b/pu=sz%40320_1001/s?tn=iphone&amp;amp;word=%E5%8C%97%E4%BA%ACtesterhome%E5%9F%B9%E8%AE%AD&amp;amp;rq=%E4%B8%AD%E6%96%87%2BTesterHome&amp;amp;sa=rrs_8&amp;amp;rsf=62030006&amp;amp;pqid=10687942014033828209&amp;amp;ms=1&amp;amp;rqid=10687942014033828209&quot;&gt;北京testerhome培训&lt;/a&gt;&lt;/div&gt;&lt;/div&gt;&lt;/div&gt;&lt;/div&gt;&lt;div id=&quot;page-ft&quot; class=&quot;se-page-ft&quot;&gt;&lt;div id=&quot;ft-wrap&quot; class=&quot;se-ft-wrap&quot;&gt;&lt;div id=&quot;footer-wrap&quot;&gt;&lt;form data-formposition=&quot;b&quot; class=&quot;se-form&quot; id=&quot;se-form2&quot; action=&quot;/from=844b/pu=sz%40320_1001/s&quot; method=&quot;get&quot; autocomplete=&quot;off&quot;&gt;&lt;div class=&quot;con-wrap&quot;&gt;&lt;div class=&quot;se-bearicon&quot;&gt;&lt;/div&gt;&lt;textarea autocomplete=&quot;off&quot; autocorrect=&quot;off&quot; maxlength=&quot;64&quot; id=&quot;kw2&quot; name=&quot;word&quot; class=&quot;se-input adjust-input&quot; data-sug=&quot;1&quot;&gt;中文+TesterHome&lt;/textarea&gt;&lt;div class=&quot;se-inner&quot;&gt;&lt;div id=&quot;cross2&quot; class=&quot;cross&quot; style=&quot;display: none;&quot;&gt;&lt;/div&gt;&lt;div class=&quot;callicon-wrap&quot;&gt;&lt;div class=&quot;baiduapp-icon&quot;&gt;&lt;/div&gt;&lt;div class=&quot;baiduappcall-wrap&quot;&gt;&lt;div class=&quot;qrcode call&quot; data-ac=&quot;active&quot;&gt;&lt;input type=&quot;file&quot; accept=&quot;image/*&quot; style=&quot;position:absolute;left:0;width:100%;top:0;height:100%;opacity:0;z-index: 10;&quot; /&gt;&lt;/div&gt;&lt;div class=&quot;voice call&quot; data-ac=&quot;active&quot;&gt;&lt;/div&gt;&lt;/div&gt;&lt;/div&gt;&lt;button id=&quot;se-bn2&quot; class=&quot;se-bn&quot; type=&quot;submit&quot;&gt;&lt;span&gt;百度一下&lt;/span&gt;&lt;/button&gt;&lt;/div&gt;&lt;/div&gt;&lt;div id=&quot;se-box2&quot; class=&quot;se-box&quot;&gt;&lt;div class=&quot;suggest-div&quot; style=&quot;display: none; visibility: visible;&quot;&gt;&lt;div class=&quot;suggest-direct&quot; style=&quot;display: none;&quot;&gt;&lt;/div&gt;&lt;div class=&quot;suggest-panel&quot;&gt;&lt;div class=&quot;suggest-content&quot;&gt;&lt;/div&gt;&lt;div class=&quot;suggest-oper sug-active-his&quot;&gt;&lt;div class=&quot;suggest-oper-at sug-oper-btn&quot;&gt;直达号&lt;/div&gt;&lt;div class=&quot;suggest-oper-his sug-oper-btn&quot;&gt;历史记录&lt;/div&gt;&lt;/div&gt;&lt;/div&gt;&lt;div class=&quot;suggest-title&quot;&gt;&lt;div class=&quot;suggest-logo&quot;&gt;&lt;/div&gt;&lt;div class=&quot;suggest-control&quot; style=&quot;display: none;&quot;&gt;&lt;div class=&quot;history-clear&quot;&gt;清除历史记录&lt;/div&gt;&lt;/div&gt;&lt;div class=&quot;suggest-at&quot;&gt;直达号&lt;/div&gt;&lt;/div&gt;&lt;div class=&quot;suggest-close&quot;&gt;关闭&lt;/div&gt;&lt;/div&gt;&lt;/div&gt;&lt;input type=&quot;hidden&quot; name=&quot;sa&quot; value=&quot;bb&quot; /&gt;&lt;input type=&quot;hidden&quot; name=&quot;ts&quot; value=&quot;0&quot; /&gt;&lt;input type=&quot;hidden&quot; name=&quot;t_kt&quot; value=&quot;0&quot; /&gt;&lt;input type=&quot;hidden&quot; name=&quot;ie&quot; value=&quot;utf-8&quot; /&gt;&lt;input type=&quot;hidden&quot; name=&quot;rsv_t&quot; value=&quot;e518gkrzaJ1piirW0KAsZaHziLRW1v5CGhLZJgVPFW1ccrQTqzOKmGgZew&quot; /&gt;&lt;input type=&quot;hidden&quot; name=&quot;tn&quot; value=&quot;iphone&quot; /&gt;&lt;input type=&quot;hidden&quot; name=&quot;ms&quot; value=&quot;1&quot; /&gt;&lt;input type=&quot;hidden&quot; name=&quot;rsv_pq&quot; value=&quot;10687942014033828209&quot; /&gt;&lt;/form&gt;&lt;/div&gt;&lt;/div&gt;&lt;div class=&quot;se-ft-promlink&quot;&gt;&lt;style&gt;.hint-ft-questionnaire{padding: 6px 0;}.hint-qnaire-bar{display: block;text-align: left;font-size: 14px;color: #262626;height: 39px;line-height: 39px;border: 1px solid #e0e0e0;padding-left: 10px;background: #f9f9f9;overflow: hidden;}.hint-qnaire-bar .baiduico{position:relative;float: left;background:url(&#039;//m.baidu.com/static/search/bdsl.png&#039;) no-repeat;background-size:25px 25px;-webkit-background-size:25px 25px;width:25px;height:25px;margin:6px 6px 0 0}.hint-qnaire-bar .linkico{position:relative;float:right;background:url(data:image/png;base64,iVBORw0KGgoAAAANSUhEUgAAAAwAAAAQCAYAAAAiYZ4HAAAAGXRFWHRTb2Z0d2FyZQBBZG9iZSBJbWFnZVJlYWR5ccllPAAAAyRpVFh0WE1MOmNvbS5hZG9iZS54bXAAAAAAADw/eHBhY2tldCBiZWdpbj0i77u/IiBpZD0iVzVNME1wQ2VoaUh6cmVTek5UY3prYzlkIj8+IDx4OnhtcG1ldGEgeG1sbnM6eD0iYWRvYmU6bnM6bWV0YS8iIHg6eG1wdGs9IkFkb2JlIFhNUCBDb3JlIDUuMy1jMDExIDY2LjE0NTY2MSwgMjAxMi8wMi8wNi0xNDo1NjoyNyAgICAgICAgIj4gPHJkZjpSREYgeG1sbnM6cmRmPSJodHRwOi8vd3d3LnczLm9yZy8xOTk5LzAyLzIyLXJkZi1zeW50YXgtbnMjIj4gPHJkZjpEZXNjcmlwdGlvbiByZGY6YWJvdXQ9IiIgeG1sbnM6eG1wPSJodHRwOi8vbnMuYWRvYmUuY29tL3hhcC8xLjAvIiB4bWxuczp4bXBNTT0iaHR0cDovL25zLmFkb2JlLmNvbS94YXAvMS4wL21tLyIgeG1sbnM6c3RSZWY9Imh0dHA6Ly9ucy5hZG9iZS5jb20veGFwLzEuMC9zVHlwZS9SZXNvdXJjZVJlZiMiIHhtcDpDcmVhdG9yVG9vbD0iQWRvYmUgUGhvdG9zaG9wIENTNiAoTWFjaW50b3NoKSIgeG1wTU06SW5zdGFuY2VJRD0ieG1wLmlpZDpBMDQ1OEUzMjRGNTAxMUUzQkNCRkM1MTMyODZCNTM4RSIgeG1wTU06RG9jdW1lbnRJRD0ieG1wLmRpZDpBMDQ1OEUzMzRGNTAxMUUzQkNCRkM1MTMyODZCNTM4RSI+IDx4bXBNTTpEZXJpdmVkRnJvbSBzdFJlZjppbnN0YW5jZUlEPSJ4bXAuaWlkOkEwNDU4RTMwNEY1MDExRTNCQ0JGQzUxMzI4NkI1MzhFIiBzdFJlZjpkb2N1bWVudElEPSJ4bXAuZGlkOkEwNDU4RTMxNEY1MDExRTNCQ0JGQzUxMzI4NkI1MzhFIi8+IDwvcmRmOkRlc2NyaXB0aW9uPiA8L3JkZjpSREY+IDwveDp4bXBtZXRhPiA8P3hwYWNrZXQgZW5kPSJyIj8+AJ3vMQAAAORJREFUeNp8kjEKwkAQRceYIoWIFwh4g1Rp01gJOYVgES+gXkDUA2gR8BKxsEljm8q9gXoAwUpQgn9hgmOymw+vmE8+m52/HaVUTEQZ/fQEQ/AggxxwBDPh9cEFeLaA1h5shO+DM3BtAa0FOIg5BKfaN/8DNAW5mEcgbQuUYAwK4U3AyhbQeoMI3IW3BAmZLsV6gQDcQI+9Hbg61K5Pbe7aAh53MRCe7iozBVzuwBfelrtqXNrh3YfC093MbVtKefeVcu7G2MOad16p4E5KUyCRx3IHEXfS+OeYdyyfd8BdNPQVYABi4ikpkErplwAAAABJRU5ErkJggg==); background-size:6px 9px;-webkit-background-size:6px 8px;width:6px;height:8px;margin:15px 12px 0}&lt;/style&gt;&lt;div class=&quot;hint-ft-questionnaire&quot;&gt;&lt;a class=&quot;hint-qnaire-bar&quot; href=&quot;http://wenjuan.baidu.com/?code=rn64n1&amp;amp;lid=10687942014033828209&quot;&gt;&lt;div class=&quot;linkico&quot;&gt;&lt;/div&gt;填问卷，赢大奖&lt;/a&gt;&lt;/div&gt;&lt;/div&gt;&lt;/div&gt;&lt;div id=&quot;page-copyright&quot; class=&quot;se-page-copyright&quot; style=&quot;margin-bottom: 50px;&quot;&gt;&lt;div class=&quot;return-link&quot;&gt;&lt;a class=&quot;ft-span brand-item c-blocka&quot; href=&quot;/?from=844b&amp;amp;pu=sz%40320_1001&amp;amp;ms=1&quot;&gt;百度首页&lt;/a&gt;&lt;a class=&quot;ft-span feedback brand-item c-blocka&quot;&gt;用户反馈&lt;/a&gt;&lt;a class=&quot;ft-span login-bot c-blocka&quot; id=&quot;login-bot&quot; href=&quot;http://m.baidu.com/from=844b/ssid=0/uid=0/bd_page_type=1/pu=sz%40320_1001%2Cta%40iphone_2_5.0_3_537%2Cusm%401/baiduid=63A3346FC928A03FE546E7FC530F4D9C/w=0_10_/t=iphone/l=1/tc?ref=www_iphone&amp;amp;lid=10687942014033828209&amp;amp;ct=37&amp;amp;cst=1&amp;amp;tj=__0_10_21&amp;amp;w_qd=IlPT2AEptyoA_yk66AsbrQRzyw4IRaS54hmQM_&amp;amp;src=https%3A%2F%2Fwappass.baidu.com%2Fpassport%2F%3Flogin%26tpl%3Dwise%26subpro%3Dwiseresult%26u%3Dhttps%3A%2F%2Fm.baidu.com%2Ffrom%3D844b%2Fpu%3Dsz%2540320_1001%2Fs%3Ftn%3Diphone%26word%3D%2525E4%2525B8%2525AD%2525E6%252596%252587%25252BTesterHome%26ms%3D1%26rqid%3D10687942014033828209&quot;&gt;用户登录&lt;/a&gt;&lt;/div&gt;&lt;div id=&quot;foot-logo&quot; class=&quot;se-foot-logo&quot;&gt;&lt;a id=&quot;logo&quot; class=&quot;logo se-logo&quot; href=&quot;http://m.baidu.com/from=844b/bd_page_type=1/ssid=0/uid=0/pu=sz%40320_1001%2Cta%40iphone_2_5.0_3_537%2Cusm%401/baiduid=63A3346FC928A03FE546E7FC530F4D9C/w=0_10_/t=iphone/l=1/tc?ref=www_iphone&amp;amp;lid=10687942014033828209&amp;amp;ct=61&amp;amp;cst=1&amp;amp;tj=__0_10_22&amp;amp;w_qd=IlPT2AEptyoA_yk66AsbrQRzyw4IRaS54hmQM_&amp;amp;sec=22034&amp;amp;di=c85425094c4e33c3&amp;amp;bdenc=1&amp;amp;nsrc=IlPT2AEptyoA_yixCFOxCGZb8c3JV3T5ABfPNy6R2iv5nk_qva02ZQNAUDLt2SiyFF0ey8_KfQoDxinc3mNS7AV2qvomfDYq7Enlc4iadhO1T1dRagAW3sOHG5Yr7qma8_ocdPl5RNY51Gdhmuf9wtgAdwTJaeUgy17Hwz0-lrv1VY_DY6uGplzb2lwHCyOxDu82csOorXIuGpquQRHXWJC0nCNEECgxwcmpittF3QjM8VxmIOrkLBAjG9XxFYwQGKeR4wWWrauHADY8vS27KDQdgTiazNbRNCgyDNm&quot;&gt;&lt;/a&gt;&lt;/div&gt;&lt;div id=&quot;copyright&quot; class=&quot;se-copyright&quot;&gt;Baidu 京ICP证030173号&lt;/div&gt;        &lt;/div&gt;&lt;div id=&quot;foot-blank&quot; class=&quot;se-foot-blank&quot;&gt;&lt;/div&gt;&lt;style id=&quot;banner_call&quot;&gt;
    #oyl39 {
        position: fixed;
        bottom: 0;
        left: 0;
        z-index: 20;
        width: 100%;
        height: 52px;
        background: #ffffff;
        opacity: 1;
        border-top: 1px solid #e0e0e0;
    }
    #oyl39_1 {
        pointer-events: auto;
        height: 52px;
        margin-left: 46px;
    }
    .oyl39_2 {
        border: none;
        height: 36px;
        width: 36px;
        position: absolute;
        bottom: 8px;
        left: 46px;
        background: url(//m.baidu.com/static/search/baiduapp_icon.png) no-repeat;
        background-size: 36px 36px;
        -webkit-background-size: 36px 36px;
    }
    .oyl39_3 {
        position: absolute;
        top: 11px;
        left: 94px;
        color: #333333;
        font-family: 微软雅黑;
        text-align: left;
    }
    .oyl39_4, .oyl39_4:visited {
        display: inline-block;
        height: 26px;
        line-height: 26px;
        width: 62px;
        position: absolute;
        bottom: 13px;
        right: 16px;
        border: 1px solid #dddddd;
        border-radius: 2px;
        color: #333333;
        font-size: 12px;
        text-align: center;
        box-sizing: border-box;
    }
    #oyl39_5 {
        pointer-events: auto;
        position: absolute;
        height: 36px;
        width: 36px;
        margin-top: 8px;
        margin-bottom: 8px;
        margin-left: 8px;
        background: url(&quot;data:image/png;base64,iVBORw0KGgoAAAANSUhEUgAAACQAAAAkCAMAAADW3miqAAAAWlBMVEUAAADIyMjIyMjIyMjIyMjIyMjIyMjIyMjIyMjIyMjIyMjIyMjIyMjIyMjIyMjIyMjIyMjIyMjIyMjIyMjIyMjIyMjIyMjIyMjIyMjIyMjIyMjIyMjMzMzJyckp+DWuAAAAHHRSTlMAAeqVx9gsK84J+qWbaSEVA1nsNESxRe2GG7Ja/WGWnQAAAQ9JREFUOMuN1O2ugjAMBuAK4ziYG1/K0XPa+79N0XQreTWB/tqyJ+kGbWkbKQY/dd3kQ0z0NYbRibCGiBuHT3NtVBTXXIG0FyPGLu3W9E4NKNdvjKXClEW1zgwqlzPCfeBe+i4woN5vHBrdiWLYNcOKRt3d2lrMVPMsuhxX5FjR6VRLMT+UETuiVA7qlyrmXJWDRFEYFBiWSIEZlBmNQJ5RoWFPE4O6o+Ff6hgUoeEOUfUgugsDsnT6rkf5EpbOgzlXNSpPAY0IqkBRwDCDkkhJ0KCSZD9YZjWq/jJyViorml8mq/aWl6MWHdQZFt1++S4HG2G/pY41Z1FevhrfHx4YFsvn6Fn2h9j/AGBnHD4B8aRi2FatCHAAAAAASUVORK5CYII=&quot;) no-repeat;
        background-size: cover;
        background-size: 18px 18px;
        background-position-x: 8px;
        background-position-y: 9px;
    }
    .oyl39_3 p:last-child {
        color: #999;
        font-size: 12px;
        line-height: 20px;
    }
    .oyl39_3 p:first-child {
        color: #333;
        font-size: 16px;
        line-height: 16px;
        font-weight: bold;
    }
&lt;/style&gt;
&lt;div id=&quot;oyl39&quot;&gt;
    &lt;div id=&quot;oyl39_5&quot;&gt;&lt;/div&gt;
    &lt;div id=&quot;oyl39_1&quot;&gt;
        &lt;div class=&quot;oyl39_2&quot;&gt;&lt;/div&gt;
        &lt;div class=&quot;oyl39_3&quot;&gt;
            &lt;p&gt;手机百度&lt;/p&gt;
            &lt;p&gt;L姓艺人生日突降蛋糕雨&lt;/p&gt;
        &lt;/div&gt;
        &lt;span class=&quot;oyl39_4&quot;&gt;打开&lt;/span&gt;
    &lt;/div&gt;
&lt;/div&gt;&lt;/div&gt;&lt;textarea class=&quot;input-hidden&quot; style=&quot;width: 246px;&quot;&gt;中文+TesterHome&lt;/textarea&gt;&lt;script type=&quot;text/javascript&quot;&gt;var zbBanner = {switch: &#039;1&#039;,startTime: &#039;20170626&#039;,endTime: &#039;20170627&#039;,name: &#039;lihongyi0626jieguoye&#039;,ios8Up: &#039;https://itunes.apple.com/app/apple-store/id382201985?pt=328057&amp;amp;ct=n-wise1-20151120&amp;amp;mt=8&#039;,ios8Down: &#039;https://itunes.apple.com/app/apple-store/id382201985?pt=328057&amp;amp;ct=n-wise1-20151120&amp;amp;mt=8&#039;,android: &#039;http://dl.ops.baidu.com/baidusearch_AndroidPhone_1014636j.apk&#039;,jump: &#039;1&#039;,jumpUrl: &#039;https://m.baidu.com/s?word=%E6%9D%8E%E5%AE%8F%E6%AF%85&#039;,text: &#039;L姓艺人生日突降蛋糕雨&#039;,isSearch: &#039;0&#039;,searchUrl: &#039;中文+TesterHome&#039;,isAndroid: &#039;1&#039;,openBdBox: &#039;1&#039;,buttonText: &#039;&#039;};require([&#039;modules/invoke/app/banner&#039;, &#039;utils/storage&#039;], function (banner, storage) {B.on(&#039;init&#039;, function () {banner(zbBanner, &#039;oyl39&#039;, storage.ls, B.log);});});&lt;/script&gt;&lt;/div&gt;&lt;textarea data-lsid=&quot;plus_tpl_search&quot; data-tpl=&quot;search-card&quot; style=&quot;display:none&quot;&gt;&amp;lt;style type=&#039;text/css&#039; class=&#039;spa-index-style&#039;&amp;gt;.se-box{position:absolute;width:100%}#search-card{min-height:480px}#search-card #head,#search-card #head .logo,#search-card #more,#search-card .loading .ico-rotate{position:relative}#search-card #head .logo,#search-card .h-tab,#search-card .loading .ico-rotate,#search-card .arrow{display:block}#search-card .h-tabs-flexbox{width:auto;display:-webkit-box;-webkit-box-orient:horizontal;-webkit-box-direction:normal;-webkit-box-pack:justify;-webkit-box-align:stretch;-webkit-box-lines:single;display:-webkit-flex;-webkit-flex-direction:row;-webkit-justify-content:space-between;-webkit-align-items:stretch;-webkit-align-content:flex-start;-webkit-flex-wrap:nowrap}#search-card .searchboxtop{padding:6px 0}#search-card #head{font-size:16px}#search-card #head .logo{background:url(//m.baidu.com/se/static/img/iphone/pagelogo.png) no-repeat;width:87px;height:28px;-webkit-background-size:87px 28px;background-size:87px 28px;margin-top:9px;margin-right:3px}#search-card #h-tabs{color:#666;height:44px;width:100%;padding:0 16px;box-sizing:border-box}#search-card .h-tab{display:inline-block;color:#666}#search-card .tabTx{position:relative;display:inline-block;height:16px;line-height:16px;padding:21px 0 5px;border-bottom:2px solid transparent;width:39px}#search-card .cur{color:#38f;border-bottom:2px solid #38f}#search-card #mo{padding-bottom:2px;padding-right:0;width:44px;text-align:right}#search-card .more-show{color:#38f}#search-card .arrow{display:inline-block;position:relative;top:-2px;right:0}#search-card .arrow::before{content:&quot;\e68d&quot;;font-size:13px;display:inline-block;width:9px;height:16px}#search-card .arrow-show::before{content:&quot;\e68e&quot;;color:#2d73df}#search-card #more{clear:both;display:none;border-top:1px solid #e0e0e0;border-bottom:1px solid #e0e0e0;background:#f9f9f9;-webkit-box-shadow:inset 1px 0 0 #f9f9f9,inset 0 1px 0 #f0f0f0,inset 0 -1px 0 #f0f0f0,inset -1px 0 0 #f9f9f9;padding:16px 0}#search-card .more-links{margin:0 10px;text-align:center}#search-card .more-links:last-child{margin-top:19px}#search-card .more-links a{display:inline-block;width:25%;color:#666}#search-card .se-form{position:relative;clear:both;margin-left:16px;margin-right:16px;background:#fff;height:45px;border:1px solid #d2d2d2;box-sizing:content-box;border-radius:2px;box-shadow:0 2px 0 0 rgba(0, 0, 0, .03);margin-bottom:2px}#search-card .con-wrap{display:box;display:-moz-box;display:-webkit-box}#search-card .se-inner{width:82px;position:relative;right:0}#search-card .se-input,#search-card .se-encode{display:block;-webkit-box-flex:1;-moz-box-flex:1;box-flex:1;padding:7px 42px 7px 6px;height:45px;line-height:32px;margin:0;font-size:18px;-webkit-appearance:none;-webkit-box-sizing:border-box;-webkit-tap-highlight-color:rgba(255, 255, 255, 0);background-color:transparent;color:#333;resize:none;overflow:hidden;font-family:Arial, Helvetica, sans-serif;border:0;border-radius:0}#search-card .se-bn{color:#38f;text-align:center;width:81px;height:100%;position:absolute;top:0;right:0;z-index:2;border-left:1px solid #f1f1f1;letter-spacing:-1px;box-sizing:border-box}#search-card .se-bn span{font-weight:bold;font-style:normal;font-size:16px}#search-card #page-bd{background-color:#eee;overflow:hidden}#search-card #page-bd .loading,#search-card #page-bd .loadedtips{min-height:480px}#search-card #page-bd .loading{color:#666;font-size:14px}#search-card #page-bd .loading .ico-loading{background:url(//m.baidu.com/static/search/ico-bdlogo.png) left top no-repeat;background-size:21px 24px;width:21px;height:24px;margin:145px auto 27px}#search-card #page-bd .loading .ico-rotate{border:2px solid #e2e2e2;border-left:2px solid #598edc;width:40px;height:40px;-webkit-border-radius:50em;border-radius:50em;left:-11px;top:-9px;-webkit-animation:rotating 700ms linear infinite}@-webkit-keyframes rotating{0%{-webkit-transform:rotate(0deg)}100%{-webkit-transform:rotate(360deg)}}#search-card #page-bd .loadedtips{background:url(//m.baidu.com/static/search/load-bg.jpg) center 112px no-repeat;background-size:63px 51px;-webkit-background-size:63px 51px;padding:173px 0 0}#search-card #page-bd .loadedtips .btn{color:#333;border:1px solid #d7d7d7;background:-webkit-gradient(linear, left top, left bottom, from(#f6f6f6), to(#f0f0f0));width:97px;padding:10px 0;margin:10px auto 0;-webkit-box-shadow:0 1px 0 rgba(215, 215, 215, .3)}&amp;lt;/style&amp;gt;&amp;lt;div id=&quot;page-hd&quot; class=&quot;se-page-hd&quot;&amp;gt;&amp;lt;div id=&quot;head&quot;&amp;gt;&amp;lt;div id=&quot;h-tabs&quot; class=&quot;h-tabs-flexbox&quot;&amp;gt;&amp;lt;a class=&quot;logo&quot; href=&quot;/?ref=www_itl&amp;amp;ms=1&quot;&amp;gt;&amp;lt;/a&amp;gt;&amp;lt;a class=&quot;h-tab&quot; href=&quot;javascript:void(0);&quot;&amp;gt;&amp;lt;span class=&quot;tabTx cur&quot; id=&quot;wy&quot;&amp;gt;网页&amp;lt;/span&amp;gt;&amp;lt;/a&amp;gt;&amp;lt;a class=&quot;h-tab&quot; href=&quot;http://map.baidu.com/?newmap=1&amp;amp;amp;ie=utf-8&amp;amp;amp;itj=45&amp;amp;amp;s=s%26wd%3D&amp;amp;amp;ssid=0&amp;amp;amp;from=844b&amp;amp;amp;bd_page_type=1&amp;amp;amp;uid=0&amp;amp;amp;pu=sz@320_1001,ta@iphone_2_5.0_3_537&amp;amp;wtj=ws&quot; data-schema=&#039;baidumap://map/place/search?src=wisesearch&amp;amp;query=&#039;&amp;gt;&amp;lt;span class=&quot;tabTx&quot;&amp;gt;地图&amp;lt;/span&amp;gt;&amp;lt;/a&amp;gt;&amp;lt;a class=&quot;h-tab&quot; href=&quot;http://tieba.baidu.com/f?mo_device=1&amp;amp;amp;vit=www_nav&amp;amp;amp;kw=&amp;amp;amp;ssid=0&amp;amp;amp;from=844b&amp;amp;amp;bd_page_type=1&amp;amp;amp;uid=0&amp;amp;amp;pu=sz@320_1001,ta@iphone_2_5.0_3_537&quot;&amp;gt;&amp;lt;span class=&quot;tabTx&quot;&amp;gt;贴吧&amp;lt;/span&amp;gt;&amp;lt;/a&amp;gt;&amp;lt;a class=&quot;h-tab&quot; href=&quot;http://mobile.baidu.com/#/search?w=&amp;amp;source=wise_search&amp;amp;f=outer_search&quot;&amp;gt;&amp;lt;span class=&quot;tabTx&quot;&amp;gt;应用&amp;lt;/span&amp;gt;&amp;lt;/a&amp;gt;&amp;lt;a class=&quot;h-tab&quot; href=&quot;javascript:void(0);&quot; id=&quot;switchBt&quot;&amp;gt;&amp;lt;span id=&quot;mo&quot; class=&quot;tabTx more&quot;&amp;gt;更多&amp;lt;span id=&quot;arr&quot; class=&quot;sicon-ar arrow&quot;&amp;gt;&amp;lt;/span&amp;gt;&amp;lt;/span&amp;gt;&amp;lt;/a&amp;gt;&amp;lt;/div&amp;gt;&amp;lt;div id=&quot;more&quot;&amp;gt;&amp;lt;div class=&quot;more-links&quot;&amp;gt;&amp;lt;a href=&quot;http://m.news.baidu.com/news?fr=searchresult01&amp;amp;amp;ssid=0&amp;amp;amp;from=844b&amp;amp;amp;bd_page_type=1&amp;amp;amp;uid=0&amp;amp;amp;pu=sz@320_1001,ta@iphone_2_5.0_3_537#search/&quot;&amp;gt;新闻&amp;lt;/a&amp;gt;&amp;lt;a href=&quot;http://wapiknow.baidu.com/index/?st=3&amp;amp;amp;ref=&amp;amp;amp;word=&amp;amp;amp;ssid=0&amp;amp;amp;from=844b&amp;amp;amp;bd_page_type=1&amp;amp;amp;uid=0&amp;amp;amp;pu=sz@320_1001,ta@iphone_2_5.0_3_537&quot;&amp;gt;知道&amp;lt;/a&amp;gt;&amp;lt;a href=&quot;http://wapbaike.baidu.com/search?st=3&amp;amp;amp;ref=&amp;amp;amp;word=&amp;amp;amp;ssid=0&amp;amp;amp;from=844b&amp;amp;amp;bd_page_type=1&amp;amp;amp;uid=0&amp;amp;amp;pu=sz@320_1001,ta@iphone_2_5.0_3_537&quot;&amp;gt;百科&amp;lt;/a&amp;gt;&amp;lt;a href=&quot;http://image.baidu.com/search/wiseala?tn=wiseala&amp;amp;amp;iswiseala=1&amp;amp;amp;ie=utf8&amp;amp;amp;wiseps=1&amp;amp;amp;word=&quot;&amp;gt;图片&amp;lt;/a&amp;gt;&amp;lt;/div&amp;gt;&amp;lt;div class=&quot;more-links&quot;&amp;gt;&amp;lt;a href=&quot;http://m.baidu.com/s?tn=bdx&amp;amp;amp;st=105141&amp;amp;amp;word=&amp;amp;amp;ssid=0&amp;amp;amp;from=844b&amp;amp;amp;bd_page_type=1&amp;amp;amp;uid=0&amp;amp;amp;pu=sz@320_1001,ta@iphone_2_5.0_3_537&quot;&amp;gt;小说&amp;lt;/a&amp;gt;&amp;lt;a href=&quot;http://wk.baidu.com/search?ref=&amp;amp;amp;word=&amp;amp;amp;ssid=0&amp;amp;amp;from=844b&amp;amp;amp;bd_page_type=1&amp;amp;amp;uid=0&amp;amp;amp;pu=sz@320_1001,ta@iphone_2_5.0_3_537&quot;&amp;gt;文库&amp;lt;/a&amp;gt;&amp;lt;a href=&quot;http://music.baidu.com/s?f=ms&amp;amp;amp;itn=baidump3mobile&amp;amp;amp;rf=mobile&amp;amp;amp;ct=671088640&amp;amp;amp;lf=&amp;amp;amp;rn=20&amp;amp;amp;lm=0&amp;amp;amp;gate=33&amp;amp;amp;ie=utf-8&amp;amp;amp;ref=&amp;amp;amp;key=&amp;amp;amp;ssid=0&amp;amp;amp;from=844b&amp;amp;amp;bd_page_type=1&amp;amp;amp;uid=0&amp;amp;amp;pu=sz@320_1001,ta@iphone_2_5.0_3_537&quot;&amp;gt;音乐&amp;lt;/a&amp;gt;&amp;lt;a href=&quot;http://m.video.baidu.com?ie=utf-8&amp;amp;amp;ref=&amp;amp;amp;wtj=ws&amp;amp;amp;ssid=0&amp;amp;amp;from=844b&amp;amp;amp;bd_page_type=1&amp;amp;amp;uid=0&amp;amp;amp;pu=sz@320_1001,ta@iphone_2_5.0_3_537#search=&quot;&amp;gt;视频&amp;lt;/a&amp;gt;&amp;lt;/div&amp;gt;&amp;lt;/div&amp;gt;&amp;lt;/div&amp;gt;&amp;lt;div class=&quot;searchboxtop&quot;&amp;gt;&amp;lt;form data-formposition=&quot;t&quot; class=&quot;se-form&quot; id=&quot;se-form&quot; action=&quot;/from=844b/s&quot; method=&quot;get&quot;&amp;gt;&amp;lt;div class=&quot;con-wrap&quot;&amp;gt;&amp;lt;div class=&quot;se-bearicon&quot;&amp;gt;&amp;lt;/div&amp;gt;&amp;lt;textarea autocomplete=&quot;off&quot; autocorrect=&quot;off&quot; maxlength=&quot;64&quot; id=&quot;kw&quot; name=&quot;word&quot; class=&quot;se-input adjust-input&quot;&amp;gt;&amp;lt;/textarea&amp;gt;&amp;lt;div class=&quot;se-inner&quot;&amp;gt;&amp;lt;div id=&quot;cross&quot; class=&quot;cross&quot;&amp;gt;&amp;lt;/div&amp;gt;&amp;lt;div class=&quot;callicon-wrap&quot;&amp;gt;&amp;lt;div class=&quot;baiduapp-icon&quot;&amp;gt;&amp;lt;/div&amp;gt;&amp;lt;div class=&quot;baiduappcall-wrap&quot;&amp;gt;&amp;lt;div class=&quot;qrcode call&quot; data-ac=&quot;active&quot;&amp;gt;&amp;lt;/div&amp;gt;&amp;lt;input id=&quot;ts-image-uploader&quot; type=&quot;file&quot; data-role=&quot;uploader&quot; accept=&quot;image/*&quot; style=&quot;display:none;&quot;&amp;gt;&amp;lt;div class=&quot;voice call&quot; data-ac=&quot;active&quot;&amp;gt;&amp;lt;/div&amp;gt;&amp;lt;/div&amp;gt;&amp;lt;/div&amp;gt;&amp;lt;button id=&quot;se-bn&quot; class=&quot;se-bn&quot; type=&quot;submit&quot;&amp;gt;&amp;lt;span&amp;gt;百度一下&amp;lt;/span&amp;gt;&amp;lt;/button&amp;gt;&amp;lt;/div&amp;gt;&amp;lt;/div&amp;gt;&amp;lt;div id=&quot;se-box&quot; class=&quot;se-box&quot;&amp;gt;&amp;lt;/div&amp;gt;&amp;lt;input type=&quot;hidden&quot; name=&quot;rq&quot; value=&quot;&quot;/&amp;gt;&amp;lt;input type=&quot;hidden&quot; name=&quot;ss&quot; value=&quot;0&quot;/&amp;gt;&amp;lt;input type=&quot;hidden&quot; name=&quot;ts&quot; value=&quot;0&quot;/&amp;gt;&amp;lt;input type=&quot;hidden&quot; name=&quot;t_kt&quot; value=&quot;0&quot;/&amp;gt;&amp;lt;input type=&quot;hidden&quot; name=&quot;ms&quot; value=&quot;1&quot;/&amp;gt;&amp;lt;input type=&quot;hidden&quot; name=&quot;dit&quot; value=&quot;0&quot;/&amp;gt;&amp;lt;input type=&quot;hidden&quot; name=&quot;sa&quot; value=&quot;tb&quot;/&amp;gt;&amp;lt;/form&amp;gt;&amp;lt;/div&amp;gt;&amp;lt;/div&amp;gt;&amp;lt;div class=&quot;search-page&quot;&amp;gt;&amp;lt;div id=&quot;page-bd&quot; class=&quot;se-page-bd&quot;&amp;gt;&amp;lt;div class=&quot;page-load&quot; id=&quot;page-load&quot;&amp;gt;&amp;lt;div class=&quot;loading&quot;&amp;gt;&amp;lt;div class=&quot;ico-loading&quot;&amp;gt;&amp;lt;span class=&quot;ico-rotate&quot;&amp;gt;&amp;lt;/span&amp;gt;&amp;lt;/div&amp;gt;正在加载，请稍候...&amp;lt;/div&amp;gt;&amp;lt;/div&amp;gt;&amp;lt;div id=&quot;page-tips&quot; class=&quot;se-page-tips&quot;&amp;gt;&amp;lt;/div&amp;gt;&amp;lt;div id=&quot;results-top&quot;&amp;gt;&amp;lt;/div&amp;gt;&amp;lt;div id=&quot;results&quot; class=&quot;results&quot;&amp;gt;&amp;lt;/div&amp;gt;&amp;lt;div id=&quot;page-relative&quot; class=&quot;se-page-relative&quot;&amp;gt;&amp;lt;/div&amp;gt;&amp;lt;div id=&quot;page-controller&quot; class=&quot;se-page-controller&quot;&amp;gt;&amp;lt;/div&amp;gt;&amp;lt;div id=&quot;page-rcol&quot; class=&quot;se-page-rcol&quot;&amp;gt;&amp;lt;/div&amp;gt;&amp;lt;/div&amp;gt;&amp;lt;div id=&quot;page-ft&quot; class=&quot;se-page-ft&quot;&amp;gt;&amp;lt;/div&amp;gt;&amp;lt;div id=&quot;page-copyright&quot; class=&quot;se-page-copyright&quot;&amp;gt;&amp;lt;/div&amp;gt;&amp;lt;div id=&quot;foot-blank&quot; class=&quot;se-foot-blank&quot;&amp;gt;&amp;lt;/div&amp;gt;&amp;lt;/div&amp;gt;&lt;/textarea&gt;&lt;/div&gt;&lt;div id=&quot;index-view&quot; style=&quot;display: none&quot; class=&quot;noTapColor&quot;&gt;&lt;/div&gt;&lt;div id=&quot;index-modal&quot;&gt;&lt;/div&gt;&lt;input type=&quot;hidden&quot; id=&quot;commonBase&quot; data-from=&quot;844b&quot; data-prepath=&quot;ssid=0#from=844b#bd_page_type=1#uid=0#pu=sz%40320_1001%2Cta%40iphone_2_5.0_3_537%2Cusm%401#baiduid=63A3346FC928A03FE546E7FC530F4D9C&quot; data-lid=&quot;10687942014033828209&quot; data-sugsid=&quot;116884,102571,108267,100183,36,116336,115653,109814,103569,117227,107320,117288,117270,116810,117348,117328,117237,117230,117120,117085,116996,117172,117315,117135,116309,115538,116689,116893,116387,117182,115350,116411,116522,110085,117027&quot; data-hissid=&quot;116884,102571,108267,100183,116297,116336,115653,109814,103569,117227,107320,117288,117270,116810,117348,117328,117237,117230,117120,117085,116996,117172,117315,117135,116309,115538,116689,116893,116387,117182,115350,116411,116522,110085,117027&quot; data-ms=&quot;1&quot; data-gps=&quot;all&quot; data-tanet=&quot;1&quot; data-taspeed=&quot;292&quot; data-browser=&quot;applewebkit&quot; data-browserid=&quot;3&quot; data-browserversion=&quot;537&quot; data-osid=&quot;2&quot; data-iphoneid=&quot;&quot; data-spa=&quot;1&quot; data-logid=&quot;3909137074&quot; data-spd=&quot;292&quot; data-sids=&quot;116884_102571_108267_100183_116297_116336_115653_109814_103569_117227_107320_117288_117270_116810_117348_117328_117237_117230_117120_117085_116996_117172_117315_117135_116309_115538_116689_116893_116387_117182_115350_116411_116522_110085_117027&quot; data-lsprefix=&quot;index_plus_ls_&quot; data-loginorder=&quot;after&quot; data-pn=&quot;0&quot; data-rn=&quot;10&quot; data-ref=&quot;www_iphone&quot; data-ss=&quot;100&quot; data-ts=&quot;0&quot; data-sa=&quot;tb&quot; data-query=&quot;%E4%B8%AD%E6%96%87%2BTesterHome&quot; data-path=&quot;/from=844b/pu=sz%40320_1001&quot; data-prequery=&quot;%E4%B8%AD%E6%96%87%2BTesterHome&quot; data-tn=&quot;iphone&quot; data-hasnp=&quot;1&quot; data-usm=&quot;1&quot; data-vit=&quot;&quot; data-adflag=&quot;0&quot; data-prefetch=&quot;1&quot; data-spath=&quot;from=844b&amp;amp;pu=sz%40320_1001&amp;amp;ms=1&quot; data-separam=&quot;rsv_t=e518gkrzaJ1piirW0KAsZaHziLRW1v5CGhLZJgVPFW1ccrQTqzOKmGgZew&amp;amp;tn=iphone&amp;amp;ms=1&quot; data-nojc=&quot;&quot; /&gt;&lt;script&gt;(function(b){b.B.fire=function(c,d,e){c=c||&quot;global&quot;;a[c]=a[c]||{};a[c][d]=a[c][d]||[];a[c][d].push(e)};var a=b.B.fire.firePool={}})(window);&lt;/script&gt;&lt;script&gt;(function(a){var b=a.B.$(&quot;#commonBase&quot;);function c(){try{var j=localStorage.getItem(&quot;index_ls_qid&quot;);var f=b.getAttribute(&quot;data-logid&quot;);if(!j){localStorage.setItem(&quot;index_ls_qid&quot;,f);return}var d=/(\d+)(-(\d+))?$/gi.exec(j);if(d&amp;amp;&amp;amp;d[1]===f){if(d[3]){f=f+&quot;-&quot;+(+d[3]+1)}else{f=f+&quot;-1&quot;}B.fire(&quot;inline/detectReload&quot;,&quot;back&quot;,{times:f.substr(f.indexOf(&quot;-&quot;)+1)})}localStorage.setItem(&quot;index_ls_qid&quot;,f);b.setAttribute(&quot;data-logid&quot;,f);b.setAttribute(&quot;data-lid&quot;,f);window.sSession=window.sSession||{};document.querySelectorAll(&#039;[name=&quot;rsv_iqid&quot;]&#039;)[0].value=f;var g=b.getAttribute(&quot;data-prepath&quot;).replace(/#qid=(.+)(#|$)/gi,&quot;#qid=&quot;+f);b.setAttribute(&quot;data-prepath&quot;,g)}catch(h){}var i=/plus_lsv=([\w\d]+)(;|$)/.exec(document.cookie);if(i&amp;amp;&amp;amp;i[1]===&quot;fc94d5aeed0595df&quot;){var k=new Date();k.setTime(k.getTime()-1);document.cookie=&quot;plus_lsv=null;domain=.baidu.com;expires=&quot;+k.toUTCString()}}c()})(window);&lt;/script&gt;&lt;script&gt;window.sSession = window.sSession || {};window.sSession = {newIndexTplName: &#039;baidu&#039;,curtabId: &quot;1&quot;,tabSets: [{id: &quot;0&quot;, name:&quot;mine&quot;},{id: &quot;1&quot;, name:&quot;news&quot;}],isLogin: &quot;&quot;,loginGuide: {show: &quot;&quot;,guideTitle: &quot;&quot;,guideCard: &quot;&quot;},hasBg: 0,netSwitch: 1,osid: &quot;&quot;,browserid: &quot;&quot;,netType: &quot;1&quot;,isWifi: &quot;1&quot;,ssid: &quot;0&quot;,pu: &quot;sz%40320_1001%2Cta%40iphone_2_5.0_3_537&quot;,from: &quot;844b&quot;,sids: &quot;116884_102571_108267_100183_116297_116336_115653_109814_103569_117227_107320_117288_117270_116810_117348_117328_117237_117230_117120_117085_116996_117172_117315_117135_116309_115538_116689_116893_116387_117182_115350_116411_116522_110085_117027&quot;,Sid: &quot;[\x22116884\x22,\x22102571\x22,\x22108267\x22,\x22100183\x22,\x22116297\x22,\x22116336\x22,\x22115653\x22,\x22109814\x22,\x22103569\x22,\x22117227\x22,\x22107320\x22,\x22117288\x22,\x22117270\x22,\x22116810\x22,\x22117348\x22,\x22117328\x22,\x22117237\x22,\x22117230\x22,\x22117120\x22,\x22117085\x22,\x22116996\x22,\x22117172\x22,\x22117315\x22,\x22117135\x22,\x22116309\x22,\x22115538\x22,\x22116689\x22,\x22116893\x22,\x22116387\x22,\x22117182\x22,\x22115350\x22,\x22116411\x22,\x22116522\x22,\x22110085\x22,\x22117027\x22,\x22104330\x22]&quot;,logid: window.sSession.logid || &quot;3909137074&quot;,abnormal: &quot;1&quot;,strategy: &quot;emptycookiebaiduid&quot;,multitab: &quot;1&quot;,tabs: window.sSession.tabs,isFeedserver: &quot;0&quot;,feedserverUrl: &quot;https:\/\/feed.baidu.com\/&quot;};var sDomain = {isOrp: 1,ismigratetab: &quot;1&quot;,host: &#039;https:\/\/feed.baidu.com&#039;,ssllist: {&quot;t10.baidu.com&quot;:&quot;ss0.baidu.com\/6ONWsjip0QIZ8tyhnq&quot;,&quot;t11.baidu.com&quot;:&quot;ss1.baidu.com\/6ONXsjip0QIZ8tyhnq&quot;,&quot;t12.baidu.com&quot;:&quot;ss2.baidu.com\/6ONYsjip0QIZ8tyhnq&quot;,&quot;1.su.bdimg.com&quot;:&quot;ss0.bdstatic.com\/k4oZeXSm1A5BphGlnYG&quot;,&quot;a.hiphotos.baidu.com&quot;:&quot;ss0.baidu.com\/94o3dSag_xI4khGko9WTAnF6hhy&quot;,&quot;b.hiphotos.baidu.com&quot;:&quot;ss1.baidu.com\/9vo3dSag_xI4khGko9WTAnF6hhy&quot;,&quot;c.hiphotos.baidu.com&quot;:&quot;ss3.baidu.com\/9fo3dSag_xI4khGko9WTAnF6hhy&quot;,&quot;d.hiphotos.baidu.com&quot;:&quot;ss0.baidu.com\/-Po3dSag_xI4khGko9WTAnF6hhy&quot;,&quot;e.hiphotos.baidu.com&quot;:&quot;ss1.baidu.com\/-4o3dSag_xI4khGko9WTAnF6hhy&quot;,&quot;f.hiphotos.baidu.com&quot;:&quot;ss2.baidu.com\/-vo3dSag_xI4khGko9WTAnF6hhy&quot;,&quot;g.hiphotos.baidu.com&quot;:&quot;ss3.baidu.com\/-fo3dSag_xI4khGko9WTAnF6hhy&quot;,&quot;h.hiphotos.baidu.com&quot;:&quot;ss0.baidu.com\/7Po3dSag_xI4khGko9WTAnF6hhy&quot;,&quot;timg01.baidu-img.cn&quot;:&quot;ss3.bdstatic.com\/6Ls0a7b-KgQFm2e889WK1HF6hq&quot;,&quot;bj.bs.baidu.com&quot;:&quot;ss0.baidu.com\/9r-1bina2gU2pMbgoY3K&quot;,&quot;img0.imgtn.bdimg.com&quot;:&quot;ss0.bdstatic.com\/70cFvHSh_Q1YnxGkpoWK1HF6hhy&quot;,&quot;img1.imgtn.bdimg.com&quot;:&quot;ss1.bdstatic.com\/70cFvXSh_Q1YnxGkpoWK1HF6hhy&quot;,&quot;img2.imgtn.bdimg.com&quot;:&quot;ss2.bdstatic.com\/70cFvnSh_Q1YnxGkpoWK1HF6hhy&quot;,&quot;img3.imgtn.bdimg.com&quot;:&quot;ss3.bdstatic.com\/70cFv8Sh_Q1YnxGkpoWK1HF6hhy&quot;,&quot;img4.imgtn.bdimg.com&quot;:&quot;ss0.bdstatic.com\/70cFuHSh_Q1YnxGkpoWK1HF6hhy&quot;,&quot;img5.imgtn.bdimg.com&quot;:&quot;ss1.bdstatic.com\/70cFuXSh_Q1YnxGkpoWK1HF6hhy&quot;,&quot;himg.bdimg.com&quot;:&quot;ss1.bdstatic.com\/7Ls0a8Sm1A5BphGlnYG&quot;,&quot;cdn01.baidu-img.cn&quot;:&quot;ss0.bdstatic.com\/9bA1vGfa2gU2pMbfm9GUKT-w&quot;,&quot;cdn00.baidu-img.cn&quot;:&quot;ss0.bdstatic.com\/9bA1vGba2gU2pMbfm9GUKT-w&quot;,&quot;gedftnj8mkvfefuaefm.exp.bcevod.com&quot;:&quot;ss0.bdstatic.com\/-b1Caiqa0d9Bmcmop9aC2jh9h2w8e4_h7sED0YQ_t9iCPK&quot;,&quot;v1.bdstatic.com&quot;:&quot;ss0.bdstatic.com\/6uN1bjq8AAUYm2zgoY3K&quot;,&quot;bos.box.bdimg.com gss3.bdstatic.com\/9rkZsjib41gCpNKfpU_Y_D3&quot;:&quot;&quot;},staticUrl: &quot;https:\/\/gss0.bdstatic.com\/5bd1bjqh_Q23odCf\/&quot;};&lt;/script&gt;&lt;script data-lsid=&quot;plus_js_bottom&quot;&gt;(function(){var d=window.B||{};var a=false;function b(h){if(h===a){return}a=h;var j=Array.prototype.slice;var f=/(word=|w=|kw=|search-|key=|s=s%26wd%3D|#search\/|#search=)(.*?)(&amp;amp;|$)/i;var e=/(word=)(.*?)(&amp;amp;|$)/;var g=j.call(d.$$(&quot;.se-input, se-encode&quot;));g.forEach(function(m,n){var l=m.tagName.toLowerCase();if(l===&quot;input&quot;||l===&quot;textarea&quot;){m.value=h}else{m.innerText=h}});if(h){d.$(&quot;title&quot;).innerText=h+&quot; - 百度&quot;;var k=j.call(d.$$(&quot;a.h-tab, .more-links &amp;gt; a&quot;));k.forEach(function(l,m){var o=l.getAttribute(&quot;href&quot;);if(o){o=o.replace(f,&quot;$1&quot;+encodeURIComponent(h)+&quot;$3&quot;);l.setAttribute(&quot;href&quot;,o);if(l.innerText.trim()===&quot;地图&quot;){var n=l.getAttribute(&quot;data-schema&quot;).replace(/(query=).*/,&quot;$1&quot;);l.setAttribute(&quot;data-schema&quot;,n+encodeURIComponent(h))}}});var i=j.call(d.$$(&quot;#page_copyright .switch-to-utouch, #page_copyright .feedback&quot;));i.forEach(function(m){var l=m.getAttribute(&quot;href&quot;);l=l.replace(e,&quot;$1&quot;+encodeURIComponent(h)+&quot;$3&quot;);m.setAttribute(&quot;href&quot;,l)})}else{d.$(&quot;title&quot;).innerText=&quot;百度一下&quot;}}var c=d.$(&quot;#commonBase&quot;).getAttribute(&quot;data-query&quot;);if(c){b(decodeURIComponent(c))}d.chgParam=b}());;(function(){var g=window.B||{};g.indexStyles=[].slice.call(g.$$(&quot;.spa-index-style&quot;));g.searchStyles=[];window.addEventListener(&quot;load&quot;,function(){g.windowLoaded=true},false);var a=false;var d=false;var c=g.$(&quot;#commonBase&quot;);var b=!!c.getAttribute(&quot;data-pagetimer&quot;);function f(j,k,h){var i=h?j+k+&quot;@&quot;+h:j+k+&quot;&quot;;return i}function e(i){var h=this,k=i;h.conf={};for(var j in k){h.conf[j]=k[j]}if(b){h.speed={tag:&quot;index&quot;,start:(new Date).getTime()}}h.exeCodeQueue=[];h.exeCoderQueue={};h.pubVersion={};switch(h.conf.type){case&quot;index&quot;:h.init=h.indexInit;break;case&quot;search&quot;:h.init=h.searchInit;break;case&quot;search-newi&quot;:h.init=h.searchNewiInit;break}h.init();return h}e.prototype={indexInit:function(){var h=this,j,i;h.prefix=c.getAttribute(&quot;data-lsprefix&quot;);j=g.$(&quot;body&quot;).getAttribute(&quot;data-version&quot;).split(&quot;,&quot;);j.forEach(function(k,l){i=k.split(&quot;@&quot;);h.pubVersion[i[0]]=i[1];h.exeCodeQueue.push(i[0])});h.compareVersion();return h},searchInit:function(){var h=this;h.prefix=&quot;search_ls_&quot;;h.chgVersion=1;g.chgParam(h.conf.query);return h},searchNewiInit:function(){var h=this;h.prefix=&quot;search_ls_&quot;;h.chgVersion=1;g.chgParam(h.conf.query);return h},compareVersion:function(){var h=this,j=&quot;&quot;,i;h.chgVersion=0;h.requestStr=&quot;&quot;;for(var k in h.pubVersion){i=h.pubVersion[k];j=f(h.prefix,k,i);if(g.lsSupport){if(!localStorage.getItem(j)){i=0,h.chgVersion=1}}else{i=0,h.chgVersion=1}h.requestStr+=&quot;,&quot;+k+&quot;@&quot;+i}h.requestStr=h.requestStr.substr(1);return h},executeCode:function(w){var t=this,r,v,o;switch(t.conf.type){case&quot;index&quot;:t.lsCode=w?w:{};break;case&quot;search&quot;:if(t.searchJSDone){t.exeCodeQueue=[];break}t.exeCodeQueue=[];t.lsCode=w.lscode?w.lscode:&quot;&quot;;if(t.lsCode){for(var k in t.lsCode){t.exeCodeQueue.push(k)}}else{for(var k in localStorage){k.indexOf(t.prefix)==0&amp;amp;&amp;amp;t.exeCodeQueue.push(k)}}break;case&quot;search-newi&quot;:if(t.searchJSDone){t.exeCoderQueue={};break}t.exeCoderQueue={top:[],mid:[],btm:[],deal:[]};var q=document.getElementsByClassName(&quot;code-to-write&quot;);for(n=0;n&amp;lt;q.length;n++){q[n].parentNode.removeChild(q[n])}for(var v in w.html){if(v.indexOf(&quot;cooder_&quot;)===0){if(v.indexOf(&quot;_frame&quot;)&amp;gt;-1){t.exeCoderQueue.btm.push(v)}else{if(v.indexOf(&quot;_deal&quot;)&amp;gt;-1){t.exeCoderQueue.deal.push(v)}else{if(v.indexOf(&quot;_top&quot;)&amp;gt;-1){t.exeCoderQueue.top.push(v)}else{if(v.indexOf(&quot;_btm&quot;)&amp;gt;-1){t.exeCoderQueue.btm.push(v)}else{t.exeCoderQueue.mid.push(v)}}}}}}break}if(t.conf.type===&quot;search-newi&quot;){var s=document.createElement(&quot;div&quot;);t.exeCoderQueue.top.forEach(function(p,j){s.innerHTML+=w.html[p]});t.exeCoderQueue.mid.forEach(function(p,j){s.innerHTML+=w.html[p]});t.exeCoderQueue.btm.forEach(function(p,j){s.innerHTML+=w.html[p]});for(var n=0;n&amp;lt;s.children.length;n++){var h=s.children[n];var m;switch(h.tagName.toLowerCase()){case&quot;script&quot;:m=document.createElement(&quot;script&quot;);m.type=&quot;text/javascript&quot;;break;case&quot;style&quot;:m=document.createElement(&quot;style&quot;);break;default:continue;break}m.innerHTML=h.innerHTML;var u=h.attributes;for(var l in u){if(u[l].name&amp;amp;&amp;amp;u[l].value&amp;amp;&amp;amp;u[l].value!==&quot;undefined&quot;){m.setAttribute(u[l].name,u[l].value)}}document.head.insertBefore(m,document.head.lastChild)}var x=[];t.exeCoderQueue.deal.forEach(function(j,p){x.push(w.html[j])});window.addEventListener(&quot;deal-btm&quot;,function(){x.forEach(function(j,p){$(&quot;body&quot;).append(j)});window.removeEventListener(&quot;deal-btm&quot;,arguments.callee)},false)}else{t.exeCodeQueue.forEach(function(j,p){if(t.lsCode&amp;amp;&amp;amp;t.lsCode[j]&amp;amp;&amp;amp;t.lsCode[j].data){v=j;r=t.lsCode[j].data}else{if(g.lsSupport){v=f(t.prefix,j,t.pubVersion[j]);r=localStorage.getItem(v)}}if(!r){t.expireCookie({key:&quot;lsv&quot;,val:&quot;&quot;});location.href=t.redirectURL();return false}else{if(!d||(t.lsCode[j]&amp;amp;&amp;amp;!t.lsCode[j].widget)){var y;if(v.indexOf(&quot;js&quot;)!=-1){y=document.createElement(&quot;script&quot;);y.id=t.prefix+j;y.type=&quot;text/javascript&quot;;if(y.id===&quot;search_ls_js_btm&quot;){window.addEventListener(&quot;deal-btm&quot;,function(){document.body.appendChild(y);window.removeEventListener(&quot;deal-btm&quot;,arguments.callee)},false)}else{document.body.appendChild(y)}}if(v.indexOf(&quot;css&quot;)!=-1){y=document.createElement(&quot;style&quot;);y.id=t.prefix+j;if(y.id.match(/^index_(?:plus_)?ls/)){g.indexStyles.push(y)}else{g.searchStyles.push(y)}y.type=&quot;text/css&quot;;if(y.id===&quot;search_ls_css_btm&quot;){window.addEventListener(&quot;deal-btm&quot;,function(){document.body.appendChild(y);window.removeEventListener(&quot;deal-btm&quot;,arguments.callee)},false)}else{document.head.appendChild(y)}}y.className=v;y.innerHTML=r}}})}if(b){if(t.conf.type==&quot;index&quot;){PageTimer.combo_code=new Date().getTime()-PageTimer.start}}t.setExecuteTag();return t},setExecuteTag:function(){var h=this;switch(h.conf.type){case&quot;index&quot;:d=true;break;case&quot;search&quot;:a=true;break;case&quot;search-newi&quot;:a=true;break}return h},jsonpRequest:function(q){var n=this,o=q,p;var m;var j=c.getAttribute(&quot;data-sids&quot;)||&quot;&quot;;if(j){j=&quot;&amp;amp;sid=&quot;+j}if(n.chgVersion){p=document.createElement(&quot;script&quot;);p.type=&quot;text/javascript&quot;;switch(n.conf.type){case&quot;index&quot;:p.src=&quot;?action=static&amp;amp;ms=1&amp;amp;&quot;+(n.prefix==&quot;index_ls_&quot;?&quot;cl=1&amp;amp;&quot;:&quot;&quot;)+&quot;version=&quot;+n.requestStr+&quot;&amp;amp;callback=B.getCode&amp;amp;r=&quot;+Math.floor(Math.random()*1000)+j;break;case&quot;search&quot;:n.urlParamsUpdate();var h=n.conf.query;var i=&quot;/s?word=&quot;+encodeURIComponent(h)+&quot;&amp;amp;mod=0&amp;amp;callback=B.getCode&amp;amp;at=3&amp;amp;&quot;+n.urlParam;if(n.conf.sa){i+=&quot;&amp;amp;sa=&quot;+n.conf.sa}var k=c.getAttribute(&quot;data-logid&quot;);if(k){i+=&quot;&amp;amp;isid=&quot;+k}n.jumpURL=p.src=i;break;case&quot;search-newi&quot;:n.urlParamsUpdate();var h=n.conf.query;var i=&quot;/s?word=&quot;+encodeURIComponent(h)+&quot;&amp;amp;mod=0&amp;amp;callback=B.getCode&amp;amp;at=3&amp;amp;&quot;+n.urlParam;if(n.conf.sa){i+=&quot;&amp;amp;sa=&quot;+n.conf.sa}var k=c.getAttribute(&quot;data-logid&quot;);if(k){i+=&quot;&amp;amp;isid=&quot;+k}n.jumpURL=p.src=i;break}if(n.conf.type===&quot;search&quot;&amp;amp;&amp;amp;typeof g.prefetch!==&quot;undefined&quot;){var h=n.conf.query;var l=g.prefetch.search({word:h,params:g.prefetch.buildSearchParams(h,{}),type:&quot;ajax&quot;},function(r){g.getCode(r,n.speed,l)});if(n.speed){n.speed.cacheStatus=l.cacheStatus}n.cacheObj=l}else{if(n.conf.type===&quot;search-newi&quot;&amp;amp;&amp;amp;typeof g.prefetch!==&quot;undefined&quot;){var h=n.conf.query;var l=g.prefetch.search({word:h,params:g.prefetch.buildSearchParams(h,{}),type:&quot;ajax&quot;},function(r){g.getCode(r,n.speed,l)});if(n.speed){n.speed.cacheStatus=l.cacheStatus}n.cacheObj=l}else{n.scLoaded=false;p.onload=function(){clearTimeout(p.scId);n.scLoaded=true};p.onerror=function(){location.href=n.redirectURL()};p.src&amp;amp;&amp;amp;document.body.appendChild(p);p.scId=setTimeout(function(){if(!n.scLoaded){location.href=n.redirectURL()}},30000)}}if(b){}}else{n.executeCode();if(n.conf.type===&quot;index&quot;){n.clearLocal()}}return n},saveCode:function(){var h=this,k,j,i;if(g.lsSupport){switch(h.conf.type){case&quot;index&quot;:for(var l in h.lsCode){k=f(h.prefix,l,h.lsCode[l].version);localStorage.setItem(k,h.lsCode[l].data)}break;case&quot;search&quot;:for(var l in h.lsCode){k=f(h.prefix,l);!!h.lsCode[l].data&amp;amp;&amp;amp;localStorage.setItem(k,h.lsCode[l].data);j=h.lsCode[l]?h.lsCode[l].version:&quot;&quot;}!!j&amp;amp;&amp;amp;h.setCookie({key:&quot;lsv&quot;,val:j});break}}return h},setCookie:function(i){var h=this,j=i.key,l=i.val,k=new Date();k.setTime(k.getTime()+7*24*3600*1000);document.cookie=j+&quot;=&quot;+l+&quot;;domain=&quot;+document.domain+&quot;;path=/;expires=&quot;+k.toGMTString()+&quot;;&quot;;document.cookie=j+&quot;=&quot;+l+&quot;;domain=.m.baidu.com;path=/;expires=&quot;+k.toGMTString()+&quot;;&quot;;return h},expireCookie:function(i){var h=this,j=i.key,l=i.val,k=new Date();k.setTime(k.getTime()-1);document.cookie=j+&quot;=&quot;+l+&quot;;domain=&quot;+document.domain+&quot;;path=/;expires=&quot;+k.toGMTString()+&quot;;&quot;;document.cookie=j+&quot;=&quot;+l+&quot;;domain=.m.baidu.com;path=/;expires=&quot;+(new Date()).toGMTString()+&quot;;&quot;;return h},redirectURL:function(){var h=this;return h.jumpURL.replace(&quot;&amp;amp;mod=0&quot;,&quot;&quot;).replace(&quot;&amp;amp;callback=B.getCode&quot;,&quot;&quot;).replace(&quot;&amp;amp;at=3&quot;,&quot;&quot;)},clearLocal:function(){var h=this;var i;if(g.lsSupport){for(var j in localStorage){if(j.indexOf(h.prefix)==0){i=j.replace(h.prefix,&quot;&quot;).split(&quot;@&quot;);!!h.pubVersion[i[0]]&amp;amp;&amp;amp;h.pubVersion[i[0]]!=i[1]&amp;amp;&amp;amp;localStorage.removeItem(j)}}}return h},urlParamsUpdate:function(){var h=this;h.urlParam=&quot;&quot;;h.urlParam=c.getAttribute(&quot;data-prepath&quot;).replace(/#/g,&quot;&amp;amp;&quot;);h.urlParam+=&quot;&amp;amp;rn=10&amp;amp;wpo=base&quot;;&quot;from pu ss st sa rq dit ms&quot;.split(&quot; &quot;).forEach(function(j){var k=c.getAttribute(&quot;data-&quot;+j);if(k&amp;amp;&amp;amp;k!==&quot;0&quot;){h.urlParam+=&quot;&amp;amp;&quot;+j+&quot;=&quot;+k}});var i=(new Date).getTime().toString();h.urlParam+=&quot;&amp;amp;ts=&quot;+i.substr(-7);return h}};g.localStore=function(i){var h=i||{};h.type=h.type?h.type:&quot;index&quot;;var j=new e(h);g.getCode=function(l,o,k){if(b){if(j.conf.type==&quot;index&quot;){PageTimer.combo_net=new Date().getTime()-PageTimer.start}}switch(j.conf.type){case&quot;index&quot;:!!l&amp;amp;&amp;amp;j.executeCode(l).saveCode().clearLocal();break;case&quot;search&quot;:try{k=k||j.cacheObj;if(k){var n=k.word,m=k.item;if(m.params.mod==1){g.prefetch.confirm(k)}g.prefetch.isid=k.data.logid}o=o||j.speed;if(o){o.executeCode=(new Date).getTime()}!!l&amp;amp;&amp;amp;!a&amp;amp;&amp;amp;j.executeCode(l).saveCode();if(o){o.afterExecuteCode=(new Date).getTime()}$(&quot;body&quot;).trigger(&quot;singleRender&quot;,[l.html,o,j.jumpURL]);j.speed=false;j.jumpURL=&quot;&quot;}catch(p){j.expireCookie({key:&quot;lsv&quot;,val:&quot;&quot;});location.href=j.redirectURL()}break;case&quot;search-newi&quot;:try{k=k||j.cacheObj;if(k){var n=k.word,m=k.item;if(m.params.mod==1){g.prefetch.confirm(k)}g.prefetch.isid=k.data.logid}o=o||j.speed;if(o){o.executeCode=(new Date).getTime()}!!l&amp;amp;&amp;amp;!a&amp;amp;&amp;amp;j.executeCode(l).saveCode();if(o){o.afterExecuteCode=(new Date).getTime()}$(&quot;body&quot;).trigger(&quot;singleRender&quot;,[l.html,o,j.jumpURL]);j.speed=false;j.jumpURL=&quot;&quot;}catch(p){j.expireCookie({key:&quot;lsv&quot;,val:&quot;&quot;});location.href=j.redirectURL()}break}};j.jsonpRequest();return j};window.B=g}());;(function(){var b=window.B||{};var c=window;function j(){b.$(&quot;#search-card&quot;).innerHTML=b.$(&quot;[data-tpl=search-card]&quot;).value;b.$(&quot;#se-form&quot;).setAttribute(&quot;action&quot;,b.$(&quot;#index-form&quot;).getAttribute(&quot;action&quot;))}var b=window.B||{};var g=b._hash;var h=b._query;var e=b.$(&quot;#commonBase&quot;);if(h){j();b.SPA={lastQuery:h};document.body.setAttribute(&quot;data-cur-page&quot;,&quot;search&quot;);var f={type:&quot;search-newi&quot;,query:h};var i=g.match(/(\|sa_)(.*?)(\||$)/);if(i){i=decodeURIComponent(i[2]);f.sa=i}var a=b.localStore(f);if(e.getAttribute(&quot;data-pagetimer&quot;)){a.speed.loading=(new Date).getTime();a.speed.cacheStatus=0}e.setAttribute(&quot;data-query&quot;,encodeURIComponent(h));setTimeout(function(){window.scrollTo(0,38)},0)}else{if(!/inormal|ipassive|iact/.test(location.hash)){if(location.hash.indexOf(&quot;iview=skin&quot;)&amp;gt;-1){}else{location.hash=&quot;&quot;}}document.body.setAttribute(&quot;data-cur-page&quot;,&quot;index&quot;);b.ready(function(){e.setAttribute(&quot;data-ref&quot;,&quot;index_iphone&quot;);j();b.localStore({type:&quot;index&quot;})});if(!(/#iact=wiseindex/.test(c.location.href))&amp;amp;&amp;amp;!(/#iview=skin/.test(c.location.href))){var d=new Image();d.src=&quot;//hpd.baidu.com/v.gif?tid=13&amp;amp;ct=1&amp;amp;cst=1&amp;amp;logFrom=index&amp;amp;logInfo=index&amp;amp;&quot;+e.getAttribute(&quot;data-prepath&quot;).replace(/#/g,&quot;&amp;amp;&quot;)+&quot;&amp;amp;sid=&quot;+e.getAttribute(&quot;data-sids&quot;)+&quot;&amp;amp;logid=&quot;+c.sSession.logid+&quot;&amp;amp;ref=index_iphone&amp;amp;r=l&quot;+(+new Date())}}}());;&lt;/script&gt;&lt;script&gt;!function(v){function b(mod,v,b){v||(mod=&quot;global&quot;);var g=[];if(k[mod]=k[mod]||{},k[mod][v]=k[mod][v]||[],k[mod][v].push(b),w[mod]&amp;amp;&amp;amp;w[mod][v]){for(var i=0,h=w[mod][v].length;h&amp;gt;i;i++){var y=w[mod][v][i],P=y.callback&amp;amp;&amp;amp;y.callback.call({event:v},b);P&amp;amp;&amp;amp;g.push(P),w[mod][v][i].once&amp;amp;&amp;amp;(w[mod][v]=null)}return g}return null}function g(mod,v,b,g){v?&quot;string&quot;==typeof v&amp;amp;&amp;amp;(v=[v]):mod=&quot;global&quot;,g=g||{},w[mod]=w[mod]||{};for(var h in v){var y=v[h];if(w[mod][y]=w[mod][y]||[],w[mod][y].push({once:g.once,callback:b}),g.listenpre&amp;amp;&amp;amp;k[mod]&amp;amp;&amp;amp;k[mod][y])for(var i in k[mod][y])b&amp;amp;&amp;amp;b.call({event:y},k[mod][y][i])}}function h(mod,v){v||(mod=&quot;global&quot;);for(var b=w[mod][v]||{},i=0;i&amp;lt;b.length&amp;amp;&amp;amp;b[i]!==v;i++)w[mod][v].slice(i,1)}var k=v.rain.event.firePool||{},w={};v.define&amp;amp;&amp;amp;define(&quot;rain_event&quot;,function(require,exports){exports.listen=g,exports.fire=b,exports.unlisten=h}),v.rain.event.listen=g,v.rain.event.unlisten=h,v.rain.event.fire=b}(window);;(function (global) {function rainInit() {define(&quot;rain_fileLoader&quot;,function(){function h(h,v){var y=document.createElement(&quot;script&quot;);y.setAttribute(&quot;type&quot;,&quot;text/javascript&quot;),y.setAttribute(&quot;src&quot;,h),y.setAttribute(&quot;defer&quot;,&quot;defer&quot;),y.onload=v,document.getElementsByTagName(&quot;head&quot;)[0].appendChild(y)}return{loadJs:h}}),define(&quot;rain_kernel&quot;,function(require,exports){function h(h,v){this.compName=h,this.moduleId=v}function v(topDom){var h=topDom.on;return topDom.on=function(){h.apply(topDom,arguments)},topDom}function y(){rain.event.listen(&quot;rainBase&quot;,&quot;removeComponent&quot;,function(h){M[h.currentId].rainUmount()},{listenpre:!0})}function w(w){function L(v){var y=$(&#039;script[data-rain-id=&quot;&#039;+v+&#039;&quot;]&#039;),module=y.attr(&quot;data-rain-module&quot;);M[v]=new h(module,v),require([&quot;rain_fileLoader&quot;],function(h){rain.fileLoader=h,h.loadJs(y.eq(0).attr(&quot;data-src&quot;),function(){M[v]&amp;amp;&amp;amp;M[v].rainMount(!0),g[module]&amp;amp;&amp;amp;g[module](v)})})}var N=this;N.rain=N.rain||{};&quot;body&quot;!==w&amp;amp;&amp;amp;(w=&quot;#&quot;+w);var topDom=$(w),g={};y(),rain.rainshell=function(h,y){g[h]=function(currentId){y.call(b,b.define,b.require,b.rain,v(topDom),currentId)}},N.rain.stack.forEach(L),N.rain.loadModule=L}var M={},b=window,rain=b.rain,L=rain.event;h.prototype={rainDestroy:function(){L.fire(this.moduleId,&quot;diddestroy&quot;)},rainMount:function(){L.fire(&quot;rainModule/&quot;+this.compName,&quot;didmount&quot;,{moduleId:this.moduleId})},rainUmount:function(){$(&quot;#&quot;+this.moduleId).remove(),this.rainDestroy(),L.fire(&quot;rainModule/&quot;+this.compName,&quot;didunmount&quot;,{moduleId:this.moduleId})}},exports.rain=window.rain,exports.event=rain.event,exports.init=w,exports.LifeCycle=h});;require([&#039;rain_kernel&#039;], function (rk) {rk.init(&#039;body&#039;);});}window.rain.event.listen(&#039;global&#039;, &#039;rainStartEvent&#039;, rainInit, {listenpre: 1});})(window);&lt;/script&gt;
&lt;script type=&quot;text/javascript&quot; src=&quot;?action=static&amp;amp;ms=1&amp;amp;version=css_page_2@0,css_callapp@0,css_weather@0,css_icon@0,css_plus@0,css_edit@0,css_modal@0,css_widget_sug@0,css_skin@0,js_esl@0,js_zepto@0,js_event@0,js_fastclick@0,js_utils@0,js_smartymonkey@0,js_index@0,js_banner_ctrl@0,js_inputlog@0,js_bdnow@0,js_nctips@0,js_widget_textinput@0,js_widget_sug@0,js_mp@0,js_hash_lib@0,js_skinRenderIndex@0,js_skinIphone@0,js_prefetch@0,js_sug@0,js_iscroll@0,js_init@0,js_geolocation@0,js_login@0,js_tab@0,js_md5@0,js_url@0,js_lswrite@0,js_modal@0,js_thirdparty@0,js_superstart@0,js_baiduloc@0,js_callbaiduapp_android@0&amp;amp;callback=B.getCode&amp;amp;r=690&amp;amp;sid=116884_102571_108267_100183_116297_116336_115653_109814_103569_117227_107320_117288_117270_116810_117348_117328_117237_117230_117120_117085_116996_117172_117315_117135_116309_115538_116689_116893_116387_117182_115350_116411_116522_110085_117027&quot;&gt;&lt;/script&gt;&lt;script id=&quot;index_plus_ls_js_esl&quot; type=&quot;text/javascript&quot; class=&quot;js_esl&quot;&gt;var define;var require;var esl;(function(a){var k={};var r=1;var d=2;var n=3;var l=4;var ab={};function F(af){if(!g(af,l)){ab[af]=1}}var t={require:ac,exports:1,module:1};var Z=P();var G;var j={baseUrl:&quot;./&quot;,paths:{},config:{},map:{},packages:[],shim:{},waitSeconds:0,bundles:{},urlArgs:{}};function ac(ai,aj){var ag=[];function af(ak){if(ak.indexOf(&quot;.&quot;)===0){ag.push(ak)}}if(typeof ai===&quot;string&quot;){af(ai)}else{U(ai,function(ak){af(ak)})}if(ag.length&amp;gt;0){throw new Error(&quot;[REQUIRE_FATAL]Relative ID is not allowed in global require: &quot;+ag.join(&quot;, &quot;))}var ah=j.waitSeconds;if(ah&amp;amp;&amp;amp;(ai instanceof Array)){if(G){clearTimeout(G)}G=setTimeout(z,ah*1000)}return Z(ai,aj)}ac.version=&quot;2.0.6&quot;;ac.loader=&quot;esl&quot;;ac.toUrl=Z.toUrl;function z(){var aj=[];var ak=[];var ah={};var ai={};var ag={};function af(ao,an){if(ag[ao]||g(ao,l)){return}ag[ao]=1;if(!g(ao,n)){if(!ah[ao]){ah[ao]=1;aj.push(ao)}}var am=k[ao];if(!am){if(!ai[ao]){ai[ao]=1;ak.push(ao)}}else{if(an){if(!ah[ao]){ah[ao]=1;aj.push(ao)}U(am.depMs,function(ap){af(ap.absId,ap.hard)})}}}for(var al in ab){af(al,1)}if(aj.length||ak.length){throw new Error(&quot;[MODULE_TIMEOUT]Hang( &quot;+(aj.join(&quot;, &quot;)||&quot;none&quot;)+&quot; ) Miss( &quot;+(ak.join(&quot;, &quot;)||&quot;none&quot;)+&quot; )&quot;)}}var m=[];function S(af){U(m,function(ag){s(af,ag.deps,ag.factory)});m.length=0}function x(aj,ai,ah){if(ah==null){if(ai==null){ah=aj;aj=null}else{ah=ai;ai=null;if(aj instanceof Array){ai=aj;aj=null}}}if(ah==null){return}var af=window.opera;if(!aj&amp;amp;&amp;amp;document.attachEvent&amp;amp;&amp;amp;(!(af&amp;amp;&amp;amp;af.toString()===&quot;[object Opera]&quot;))){var ag=p();aj=ag&amp;amp;&amp;amp;ag.getAttribute(&quot;data-require-id&quot;)}if(aj){s(aj,ai,ah)}else{m[0]={deps:ai,factory:ah}}}x.amd={};function W(){var af=j.config[this.id];if(af&amp;amp;&amp;amp;typeof af===&quot;object&quot;){return af}return{}}function s(ah,ag,af){if(!k[ah]){k[ah]={id:ah,depsDec:ag,deps:ag||[&quot;require&quot;,&quot;exports&quot;,&quot;module&quot;],factoryDeps:[],factory:af,exports:{},config:W,state:r,require:P(ah),depMs:[],depMkv:{},depRs:[]}}}function B(al){var ai=k[al];if(!ai||g(al,d)){return}var ak=ai.deps;var ah=ai.factory;var aj=0;if(typeof ah===&quot;function&quot;){aj=Math.min(ah.length,ak.length);!ai.depsDec&amp;amp;&amp;amp;ah.toString().replace(/(\/\*([\s\S]*?)\*\/|([^:]|^)\/\/(.*)$)/mg,&quot;&quot;).replace(/require\(\s*([&#039;&quot;])([^&#039;&quot;]+)\1\s*\)/g,function(an,am,ao){ak.push(ao)})}var ag=[];var af=[];U(ak,function(an,am){var aq=O(an);var ap=Y(aq.mod,al);var ar;var ao;if(ap&amp;amp;&amp;amp;!t[ap]){if(aq.res){ao={id:an,mod:ap,res:aq.res};af.push(an);ai.depRs.push(ao)}ar=ai.depMkv[ap];if(!ar){ar={id:aq.mod,absId:ap,hard:am&amp;lt;aj};ai.depMs.push(ar);ai.depMkv[ap]=ar;ag.push(ap)}}else{ar={absId:ap}}if(am&amp;lt;aj){ai.factoryDeps.push(ao||ar)}});ai.state=d;H(al);i(ag);af.length&amp;amp;&amp;amp;ai.require(af,function(){U(ai.depRs,function(am){if(!am.absId){am.absId=Y(am.id,al)}});Q()})}function Q(){for(var af in ab){B(af);v(af);ae(af)}}function v(ah){var af={};ag(ah);function ag(ak){B(ak);if(!g(ak,d)){return false}if(g(ak,n)||af[ak]){return true}af[ak]=1;var ai=k[ak];var aj=true;U(ai.depMs,function(al){return(aj=ag(al.absId))});aj&amp;amp;&amp;amp;U(ai.depRs,function(al){aj=!!al.absId;return aj});if(aj&amp;amp;&amp;amp;!g(ak,n)){ai.state=n}return aj}}function H(ai){var ag=k[ai];var ah;ag.invokeFactory=af;function af(){if(ah||ag.state!==n){return}ah=1;var an=1;U(ag.factoryDeps,function(ap){var ao=ap.absId;if(!t[ao]){ae(ao);return(an=g(ao,l))}});if(an){try{var al=ag.factory;var ak=typeof al===&quot;function&quot;?al.apply(a,X(ag.factoryDeps,{require:ag.require,exports:ag.exports,module:ag})):al;if(ak!=null){ag.exports=ak}ag.invokeFactory=null}catch(am){if(/^\[MODULE_MISS\]&quot;([^&quot;]+)/.test(am.message)){var aj=ag.depMkv[RegExp.$1];aj&amp;amp;&amp;amp;(aj.hard=1);ah=0;return}throw am}u(ai)}}}function g(ag,af){return k[ag]&amp;amp;&amp;amp;k[ag].state&amp;gt;=af}function ae(ag){var af=k[ag];if(af&amp;amp;&amp;amp;af.invokeFactory){af.invokeFactory()}}function X(ag,ah){var af=[];U(ag,function(aj,ai){if(typeof aj===&quot;object&quot;){aj=aj.absId}af[ai]=ah[aj]||k[aj].exports});return af}var N={};function c(ah,ag){if(g(ah,l)){ag();return}var af=N[ah];if(!af){af=N[ah]=[]}af.push(ag)}function u(ai){var ag=k[ai];ag.state=l;delete ab[ai];var ah=N[ai]||[];var af=ah.length;while(af--){ah[af]()}ah.length=0;N[ai]=null}function i(ah,aj,af){var ai=0;U(ah,function(ak){if(!(t[ak]||g(ak,l))){c(ak,ag);(ak.indexOf(&quot;!&quot;)&amp;gt;0?w:e)(ak,af)}});ag();function ag(){if(typeof aj===&quot;function&quot;&amp;amp;&amp;amp;!ai){var ak=1;U(ah,function(al){if(!t[al]){return(ak=!!g(al,l))}});if(ak){ai=1;aj.apply(a,X(ah,t))}}}}var I={};function e(ah){if(I[ah]||k[ah]){return}I[ah]=1;var aj=j.shim[ah];if(aj instanceof Array){j.shim[ah]=aj={deps:aj}}var ag=aj&amp;amp;&amp;amp;(aj.deps||[]);if(ag){U(ag,function(ak){if(!j.shim[ak]){j.shim[ak]={}}});Z(ag,ai)}else{ai()}function ai(){var ak=M[ah];o(ak||ah,af)}function af(){if(aj){var ak;if(typeof aj.init===&quot;function&quot;){ak=aj.init.apply(a,X(ag,t))}if(ak==null&amp;amp;&amp;amp;aj.exports){ak=a;U(aj.exports.split(&quot;.&quot;),function(al){ak=ak[al];return !!ak})}x(ah,ag,ak||{})}else{S(ah)}Q()}}function w(af,ai){if(k[af]){return}var ah=M[af];if(ah){e(ah);return}var al=O(af);var ak={id:af,state:d};k[af]=ak;function ag(am){ak.exports=am||true;u(af)}ag.fromText=function(an,am){new Function(am)();S(an)};function aj(am){var an=ai?k[ai].require:Z;am.load(al.res,an,ag,W.call({id:af}))}aj(Z(al.mod))}ac.config=function(ah){if(ah){for(var ai in j){var aj=ah[ai];var ag=j[ai];if(!aj){continue}if(ai===&quot;urlArgs&quot;&amp;amp;&amp;amp;typeof aj===&quot;string&quot;){j.urlArgs[&quot;*&quot;]=aj}else{if(ag instanceof Array){ag.push.apply(ag,aj)}else{if(typeof ag===&quot;object&quot;){for(var af in aj){ag[af]=aj[af]}}else{j[ai]=aj}}}}aa()}};aa();var D;var A;var E;var M;var V;function y(ah,af){var ag=L(ah,1,af);ag.sort(h);return ag}function aa(){j.baseUrl=j.baseUrl.replace(/\/$/,&quot;&quot;)+&quot;/&quot;;D=y(j.paths);E=y(j.map,1);U(E,function(ah){ah.v=y(ah.v)});A=[];U(j.packages,function(ah){var ai=ah;if(typeof ah===&quot;string&quot;){ai={name:ah.split(&quot;/&quot;)[0],location:ah,main:&quot;main&quot;}}ai.location=ai.location||ai.name;ai.main=(ai.main||&quot;main&quot;).replace(/\.js$/i,&quot;&quot;);ai.reg=R(ai.name);A.push(ai)});A.sort(h);V=y(j.urlArgs,1);M={};function af(ah){M[ad(ah)]=ag}for(var ag in j.bundles){U(j.bundles[ag],af)}}function T(ag,af,ah){U(af,function(ai){if(ai.reg.test(ag)){ah(ai.v,ai.k,ai);return false}})}function C(af,am){var ai=/(\.[a-z0-9]+)$/i;var an=/(\?[^#]*)$/;var aj=&quot;&quot;;var ah=af;var ak=&quot;&quot;;if(an.test(af)){ak=RegExp.$1;af=af.replace(an,&quot;&quot;)}if(ai.test(af)){aj=RegExp.$1;ah=af.replace(ai,&quot;&quot;)}if(am!=null){ah=Y(ah,am)}var ag=ah;var al;T(ah,D,function(ap,ao){ag=ag.replace(ao,ap);al=1});if(!al){T(ah,A,function(aq,ao,ap){ag=ag.replace(ap.name,ap.location)})}if(!/^([a-z]{2,10}:\/)?\//i.test(ag)){ag=j.baseUrl+ag}ag+=aj+ak;T(ah,V,function(ao){ag+=(ag.indexOf(&quot;?&quot;)&amp;gt;0?&quot;&amp;amp;&quot;:&quot;?&quot;)+ao});return ag}function P(af){var ah={};function ag(ak,am){if(typeof ak===&quot;string&quot;){if(!ah[ak]){var aj=Y(ak,af);ae(aj);if(!g(aj,l)){throw new Error(&#039;[MODULE_MISS]&quot;&#039;+aj+&#039;&quot; is not exists!&#039;)}ah[ak]=k[aj].exports}return ah[ak]}else{if(ak instanceof Array){var ai=[];var al=[];U(ak,function(au,ap){var ar=O(au);var aq=Y(ar.mod,af);var at=ar.res;var an=aq;if(at){var ao=aq+&quot;!&quot;+at;if(at.indexOf(&quot;.&quot;)!==0&amp;amp;&amp;amp;M[ao]){aq=an=ao}else{an=null}}al[ap]=an;F(aq);ai.push(aq)});i(ai,function(){U(al,function(ao,an){if(ao==null){ao=al[an]=Y(ak[an],af);F(ao)}});i(al,am,af);Q()},af);Q()}}}ag.toUrl=function(ai){return C(ai,af||&quot;&quot;)};return ag}function Y(ak,af){if(!ak){return&quot;&quot;}af=af||&quot;&quot;;var ai=O(ak);if(!ai){return ak}var aj=ai.res;var ah=f(ai.mod,af);T(af,E,function(al){T(ah,al,function(an,am){ah=ah.replace(am,an)})});ah=ad(ah);if(aj){var ag=g(ah,l)&amp;amp;&amp;amp;Z(ah);aj=ag&amp;amp;&amp;amp;ag.normalize?ag.normalize(aj,function(al){return Y(al,af)}):Y(aj,af);ah+=&quot;!&quot;+aj}return ah}function ad(af){U(A,function(ag){var ah=ag.name;if(ah===af){af=ah+&quot;/&quot;+ag.main;return false}});return af}function f(ag,am){if(ag.indexOf(&quot;.&quot;)===0){var an=am.split(&quot;/&quot;);var al=ag.split(&quot;/&quot;);var af=an.length-1;var ah=al.length;var aj=0;var ai=0;pathLoop:for(var ak=0;ak&amp;lt;ah;ak++){switch(al[ak]){case&quot;..&quot;:if(aj&amp;lt;af){aj++;ai++}else{break pathLoop}break;case&quot;.&quot;:ai++;break;default:break pathLoop}}an.length=af-aj;al=al.slice(ai);return an.concat(al).join(&quot;/&quot;)}return ag}function O(ag){var af=ag.split(&quot;!&quot;);if(af[0]){return{mod:af[0],res:af[1]}}}function L(ak,ai,af){var aj=[];for(var ag in ak){if(ak.hasOwnProperty(ag)){var ah={k:ag,v:ak[ag]};aj.push(ah);if(ai){ah.reg=ag===&quot;*&quot;&amp;amp;&amp;amp;af?/^/:R(ag)}}}return aj}var J;var q;function p(){if(J){return J}else{if(q&amp;amp;&amp;amp;q.readyState===&quot;interactive&quot;){return q}}var af=document.getElementsByTagName(&quot;script&quot;);var ah=af.length;while(ah--){var ag=af[ah];if(ag.readyState===&quot;interactive&quot;){q=ag;return ag}}}var K=document.getElementsByTagName(&quot;head&quot;)[0];var b=document.getElementsByTagName(&quot;base&quot;)[0];if(b){K=b.parentNode}function o(ah,ai){var af=document.createElement(&quot;script&quot;);af.setAttribute(&quot;data-require-id&quot;,ah);af.src=C(ah+&quot;.js&quot;);af.async=true;if(af.readyState){af.onreadystatechange=ag}else{af.onload=ag}function ag(){var aj=af.readyState;if(typeof aj===&quot;undefined&quot;||/^(loaded|complete)$/.test(aj)){af.onload=af.onreadystatechange=null;af=null;ai()}}J=af;b?K.insertBefore(af,b):K.appendChild(af);J=null}function R(af){return new RegExp(&quot;^&quot;+af+&quot;(/|$)&quot;)}function U(ai,ah){if(ai instanceof Array){for(var ag=0,af=ai.length;ag&amp;lt;af;ag++){if(ah(ai[ag],ag)===false){break}}}}function h(ag,af){var ai=ag.k||ag.name;var ah=af.k||af.name;if(ah===&quot;*&quot;){return -1}if(ai===&quot;*&quot;){return 1}return ah.length-ai.length}if(!define){define=x;if(!require){require=ac}esl=ac}})(this);define(&quot;css&quot;,{load:function(e,c,d){var b=document.createElement(&quot;link&quot;);b.setAttribute(&quot;rel&quot;,&quot;stylesheet&quot;);b.setAttribute(&quot;type&quot;,&quot;text/css&quot;);b.setAttribute(&quot;href&quot;,c.toUrl(e));var a=document.getElementsByTagName(&quot;head&quot;)[0]||document.body;a.appendChild(b);a=null;b=null;d(true)}});&lt;/script&gt;&lt;script id=&quot;index_plus_ls_js_zepto&quot; type=&quot;text/javascript&quot; class=&quot;js_zepto&quot;&gt;var Zepto=(function(){var n,u,F,a,N=[],q=N.slice,G=N.filter,h=window.document,K={},O={},W={&quot;column-count&quot;:1,columns:1,&quot;font-weight&quot;:1,&quot;line-height&quot;:1,opacity:1,&quot;z-index&quot;:1,zoom:1},y=/^\s*&amp;lt;(\w+|!)[^&amp;gt;]*&amp;gt;/,M=/^&amp;lt;(\w+)\s*\/?&amp;gt;(?:&amp;lt;\/\1&amp;gt;|)$/,k=/&amp;lt;(?!area|br|col|embed|hr|img|input|link|meta|param)(([\w:]+)[^&amp;gt;]*)\/&amp;gt;/ig,I=/^(?:body|html)$/i,p=/([A-Z])/g,E=[&quot;val&quot;,&quot;css&quot;,&quot;html&quot;,&quot;text&quot;,&quot;data&quot;,&quot;width&quot;,&quot;height&quot;,&quot;offset&quot;],z=[&quot;after&quot;,&quot;prepend&quot;,&quot;before&quot;,&quot;append&quot;],v=h.createElement(&quot;table&quot;),P=h.createElement(&quot;tr&quot;),i={tr:h.createElement(&quot;tbody&quot;),tbody:v,thead:v,tfoot:v,td:P,th:P,&quot;*&quot;:h.createElement(&quot;div&quot;)},w=/complete|loaded|interactive/,l=/^[\w-]*$/,e={},g=e.toString,d={},U,Q,H=h.createElement(&quot;div&quot;),X={tabindex:&quot;tabIndex&quot;,readonly:&quot;readOnly&quot;,&quot;for&quot;:&quot;htmlFor&quot;,&quot;class&quot;:&quot;className&quot;,maxlength:&quot;maxLength&quot;,cellspacing:&quot;cellSpacing&quot;,cellpadding:&quot;cellPadding&quot;,rowspan:&quot;rowSpan&quot;,colspan:&quot;colSpan&quot;,usemap:&quot;useMap&quot;,frameborder:&quot;frameBorder&quot;,contenteditable:&quot;contentEditable&quot;},B=Array.isArray||function(aa){return aa instanceof Array};d.matches=function(ae,aa){if(!aa||!ae||ae.nodeType!==1){return false}var ac=ae.webkitMatchesSelector||ae.mozMatchesSelector||ae.oMatchesSelector||ae.matchesSelector;if(ac){return ac.call(ae,aa)}var ad,af=ae.parentNode,ab=!af;if(ab){(af=H).appendChild(ae)}ad=~d.qsa(af,aa).indexOf(ae);ab&amp;amp;&amp;amp;H.removeChild(ae);return ad};function Z(aa){return aa==null?String(aa):e[g.call(aa)]||&quot;object&quot;}function r(aa){return Z(aa)==&quot;function&quot;}function L(aa){return aa!=null&amp;amp;&amp;amp;aa==aa.window}function x(aa){return aa!=null&amp;amp;&amp;amp;aa.nodeType==aa.DOCUMENT_NODE}function J(aa){return Z(aa)==&quot;object&quot;}function Y(aa){return J(aa)&amp;amp;&amp;amp;!L(aa)&amp;amp;&amp;amp;Object.getPrototypeOf(aa)==Object.prototype}function C(aa){return typeof aa.length==&quot;number&quot;}function V(aa){return G.call(aa,function(ab){return ab!=null})}function D(aa){return aa.length&amp;gt;0?F.fn.concat.apply([],aa):aa}U=function(aa){return aa.replace(/-+(.)?/g,function(ab,ac){return ac?ac.toUpperCase():&quot;&quot;})};function o(aa){return aa.replace(/::/g,&quot;/&quot;).replace(/([A-Z]+)([A-Z][a-z])/g,&quot;$1_$2&quot;).replace(/([a-z\d])([A-Z])/g,&quot;$1_$2&quot;).replace(/_/g,&quot;-&quot;).toLowerCase()}Q=function(aa){return G.call(aa,function(ac,ab){return aa.indexOf(ac)==ab})};function R(aa){return aa in O?O[aa]:(O[aa]=new RegExp(&quot;(^|\\s)&quot;+aa+&quot;(\\s|$)&quot;))}function f(aa,ab){return(typeof ab==&quot;number&quot;&amp;amp;&amp;amp;!W[o(aa)])?ab+&quot;px&quot;:ab}function S(ac){var aa,ab;if(!K[ac]){aa=h.createElement(ac);h.body.appendChild(aa);ab=getComputedStyle(aa,&quot;&quot;).getPropertyValue(&quot;display&quot;);aa.parentNode.removeChild(aa);ab==&quot;none&quot;&amp;amp;&amp;amp;(ab=&quot;block&quot;);K[ac]=ab}return K[ac]}function t(aa){return&quot;children&quot; in aa?q.call(aa.children):F.map(aa.childNodes,function(ab){if(ab.nodeType==1){return ab}})}d.fragment=function(ae,ac,ad){var af,ab,aa;if(M.test(ae)){af=F(h.createElement(RegExp.$1))}if(!af){if(ae.replace){ae=ae.replace(k,&quot;&amp;lt;$1&amp;gt;&amp;lt;/$2&amp;gt;&quot;)}if(ac===n){ac=y.test(ae)&amp;amp;&amp;amp;RegExp.$1}if(!(ac in i)){ac=&quot;*&quot;}aa=i[ac];aa.innerHTML=&quot;&quot;+ae;af=F.each(q.call(aa.childNodes),function(){aa.removeChild(this)})}if(Y(ad)){ab=F(af);F.each(ad,function(ag,ah){if(E.indexOf(ag)&amp;gt;-1){ab[ag](ah)}else{ab.attr(ag,ah)}})}return af};d.Z=function(ab,aa){ab=ab||[];ab.__proto__=F.fn;ab.selector=aa||&quot;&quot;;return ab};d.isZ=function(aa){return aa instanceof d.Z};d.init=function(aa,ab){var ac;if(!aa){return d.Z()}else{if(typeof aa==&quot;string&quot;){aa=aa.trim();if(aa[0]==&quot;&amp;lt;&quot;&amp;amp;&amp;amp;y.test(aa)){ac=d.fragment(aa,RegExp.$1,ab),aa=null}else{if(ab!==n){return F(ab).find(aa)}else{ac=d.qsa(h,aa)}}}else{if(r(aa)){return F(h).ready(aa)}else{if(d.isZ(aa)){return aa}else{if(B(aa)){ac=V(aa)}else{if(J(aa)){ac=[aa],aa=null}else{if(y.test(aa)){ac=d.fragment(aa.trim(),RegExp.$1,ab),aa=null}else{if(ab!==n){return F(ab).find(aa)}else{ac=d.qsa(h,aa)}}}}}}}}return d.Z(ac,aa)};F=function(aa,ab){return d.init(aa,ab)};function m(ac,ab,aa){for(u in ab){if(aa&amp;amp;&amp;amp;(Y(ab[u])||B(ab[u]))){if(Y(ab[u])&amp;amp;&amp;amp;!Y(ac[u])){ac[u]={}}if(B(ab[u])&amp;amp;&amp;amp;!B(ac[u])){ac[u]=[]}m(ac[u],ab[u],aa)}else{if(ab[u]!==n){ac[u]=ab[u]}}}}F.extend=function(ac){var aa,ab=q.call(arguments,1);if(typeof ac==&quot;boolean&quot;){aa=ac;ac=ab.shift()}ab.forEach(function(ad){m(ac,ad,aa)});return ac};d.qsa=function(ac,aa){var af,ag=aa[0]==&quot;#&quot;,ab=!ag&amp;amp;&amp;amp;aa[0]==&quot;.&quot;,ad=ag||ab?aa.slice(1):aa,ae=l.test(ad);return(x(ac)&amp;amp;&amp;amp;ae&amp;amp;&amp;amp;ag)?((af=ac.getElementById(ad))?[af]:[]):(ac.nodeType!==1&amp;amp;&amp;amp;ac.nodeType!==9)?[]:q.call(ae&amp;amp;&amp;amp;!ag?ab?ac.getElementsByClassName(ad):ac.getElementsByTagName(aa):ac.querySelectorAll(aa))};function A(ab,aa){return aa==null?F(ab):F(ab).filter(aa)}F.contains=h.documentElement.contains?function(aa,ab){return aa!==ab&amp;amp;&amp;amp;aa.contains(ab)}:function(aa,ab){while(ab&amp;amp;&amp;amp;(ab=ab.parentNode)){if(ab===aa){return true}}return false};function s(ac,ab,aa,ad){return r(ab)?ab.call(ac,aa,ad):ab}function b(ab,aa,ac){ac==null?ab.removeAttribute(aa):ab.setAttribute(aa,ac)}function T(ac,ad){var aa=ac.className||&quot;&quot;,ab=aa&amp;amp;&amp;amp;aa.baseVal!==n;if(ad===n){return ab?aa.baseVal:aa}ab?(aa.baseVal=ad):(ac.className=ad)}function j(ab){var aa;try{return ab?ab==&quot;true&quot;||(ab==&quot;false&quot;?false:ab==&quot;null&quot;?null:!/^0/.test(ab)&amp;amp;&amp;amp;!isNaN(aa=Number(ab))?aa:/^[\[\{]/.test(ab)?F.parseJSON(ab):ab):ab}catch(ac){return ab}}F.type=Z;F.isFunction=r;F.isWindow=L;F.isArray=B;F.isPlainObject=Y;F.isEmptyObject=function(ab){var aa;for(aa in ab){return false}return true};F.inArray=function(ab,ac,aa){return N.indexOf.call(ac,ab,aa)};F.camelCase=U;F.trim=function(aa){return aa==null?&quot;&quot;:String.prototype.trim.call(aa)};F.uuid=0;F.support={};F.expr={};F.map=function(ae,af){var ad,aa=[],ac,ab;if(C(ae)){for(ac=0;ac&amp;lt;ae.length;ac++){ad=af(ae[ac],ac);if(ad!=null){aa.push(ad)}}}else{for(ab in ae){ad=af(ae[ab],ab);if(ad!=null){aa.push(ad)}}}return D(aa)};F.each=function(ac,ad){var ab,aa;if(C(ac)){for(ab=0;ab&amp;lt;ac.length;ab++){if(ad.call(ac[ab],ab,ac[ab])===false){return ac}}}else{for(aa in ac){if(ad.call(ac[aa],aa,ac[aa])===false){return ac}}}return ac};F.grep=function(aa,ab){return G.call(aa,ab)};if(window.JSON){F.parseJSON=JSON.parse}F.each(&quot;Boolean Number String Function Array Date RegExp Object Error&quot;.split(&quot; &quot;),function(ab,aa){e[&quot;[object &quot;+aa+&quot;]&quot;]=aa.toLowerCase()});F.fn={forEach:N.forEach,reduce:N.reduce,push:N.push,sort:N.sort,indexOf:N.indexOf,concat:N.concat,map:function(aa){return F(F.map(this,function(ac,ab){return aa.call(ac,ab,ac)}))},slice:function(){return F(q.apply(this,arguments))},ready:function(aa){if(w.test(h.readyState)&amp;amp;&amp;amp;h.body){aa(F)}else{h.addEventListener(&quot;DOMContentLoaded&quot;,function(){aa(F)},false)}return this},get:function(aa){return aa===n?q.call(this):this[aa&amp;gt;=0?aa:aa+this.length]},toArray:function(){return this.get()},size:function(){return this.length},remove:function(){return this.each(function(){if(this.parentNode!=null){this.parentNode.removeChild(this)}})},each:function(aa){N.every.call(this,function(ac,ab){return aa.call(ac,ab,ac)!==false});return this},filter:function(aa){if(r(aa)){return this.not(this.not(aa))}return F(G.call(this,function(ab){return d.matches(ab,aa)}))},add:function(aa,ab){return F(Q(this.concat(F(aa,ab))))},is:function(aa){return this.length&amp;gt;0&amp;amp;&amp;amp;d.matches(this[0],aa)},not:function(aa){var ab=[];if(r(aa)&amp;amp;&amp;amp;aa.call!==n){this.each(function(ad){if(!aa.call(this,ad)){ab.push(this)}})}else{var ac=typeof aa==&quot;string&quot;?this.filter(aa):(C(aa)&amp;amp;&amp;amp;r(aa.item))?q.call(aa):F(aa);this.forEach(function(ad){if(ac.indexOf(ad)&amp;lt;0){ab.push(ad)}})}return F(ab)},has:function(aa){return this.filter(function(){return J(aa)?F.contains(this,aa):F(this).find(aa).size()})},eq:function(aa){return aa===-1?this.slice(aa):this.slice(aa,+aa+1)},first:function(){var aa=this[0];return aa&amp;amp;&amp;amp;!J(aa)?aa:F(aa)},last:function(){var aa=this[this.length-1];return aa&amp;amp;&amp;amp;!J(aa)?aa:F(aa)},find:function(ab){var aa,ac=this;if(!ab){aa=[]}else{if(typeof ab==&quot;object&quot;){aa=F(ab).filter(function(){var ad=this;return N.some.call(ac,function(ae){return F.contains(ae,ad)})})}else{if(this.length==1){aa=F(d.qsa(this[0],ab))}else{aa=this.map(function(){return d.qsa(this,ab)})}}}return aa},closest:function(aa,ab){var ac=this[0],ad=false;if(typeof aa==&quot;object&quot;){ad=F(aa)}while(ac&amp;amp;&amp;amp;!(ad?ad.indexOf(ac)&amp;gt;=0:d.matches(ac,aa))){ac=ac!==ab&amp;amp;&amp;amp;!x(ac)&amp;amp;&amp;amp;ac.parentNode}return F(ac)},parents:function(aa){var ac=[],ab=this;while(ab.length&amp;gt;0){ab=F.map(ab,function(ad){if((ad=ad.parentNode)&amp;amp;&amp;amp;!x(ad)&amp;amp;&amp;amp;ac.indexOf(ad)&amp;lt;0){ac.push(ad);return ad}})}return A(ac,aa)},parent:function(aa){return A(Q(this.pluck(&quot;parentNode&quot;)),aa)},children:function(aa){return A(this.map(function(){return t(this)}),aa)},contents:function(){return this.map(function(){return q.call(this.childNodes)})},siblings:function(aa){return A(this.map(function(ab,ac){return G.call(t(ac.parentNode),function(ad){return ad!==ac})}),aa)},empty:function(){return this.each(function(){this.innerHTML=&quot;&quot;})},pluck:function(aa){return F.map(this,function(ab){return ab[aa]})},show:function(){return this.each(function(){this.style.display==&quot;none&quot;&amp;amp;&amp;amp;(this.style.display=&quot;&quot;);if(getComputedStyle(this,&quot;&quot;).getPropertyValue(&quot;display&quot;)==&quot;none&quot;){this.style.display=S(this.nodeName)}})},replaceWith:function(aa){return this.before(aa).remove()},wrap:function(aa){var ab=r(aa);if(this[0]&amp;amp;&amp;amp;!ab){var ac=F(aa).get(0),ad=ac.parentNode||this.length&amp;gt;1}return this.each(function(ae){F(this).wrapAll(ab?aa.call(this,ae):ad?ac.cloneNode(true):ac)})},wrapAll:function(aa){if(this[0]){F(this[0]).before(aa=F(aa));var ab;while((ab=aa.children()).length){aa=ab.first()}F(aa).append(this)}return this},wrapInner:function(aa){var ab=r(aa);return this.each(function(ad){var ac=F(this),ae=ac.contents(),af=ab?aa.call(this,ad):aa;ae.length?ae.wrapAll(af):ac.append(af)})},unwrap:function(){this.parent().each(function(){F(this).replaceWith(F(this).children())});return this},clone:function(){return this.map(function(){return this.cloneNode(true)})},hide:function(){return this.css(&quot;display&quot;,&quot;none&quot;)},toggle:function(aa){return this.each(function(){var ab=F(this);(aa===n?ab.css(&quot;display&quot;)==&quot;none&quot;:aa)?ab.show():ab.hide()})},prev:function(aa){return F(this.pluck(&quot;previousElementSibling&quot;)).filter(aa||&quot;*&quot;)},next:function(aa){return F(this.pluck(&quot;nextElementSibling&quot;)).filter(aa||&quot;*&quot;)},html:function(aa){return 0 in arguments?this.each(function(ab){var ac=this.innerHTML;F(this).empty().append(s(this,aa,ab,ac))}):(0 in this?this[0].innerHTML:null)},text:function(aa){return 0 in arguments?this.each(function(ab){var ac=s(this,aa,ab,this.textContent);this.textContent=ac==null?&quot;&quot;:&quot;&quot;+ac}):(0 in this?this[0].textContent:null)},attr:function(ab,ac){var aa;return(typeof ab==&quot;string&quot;&amp;amp;&amp;amp;!(1 in arguments))?(!this.length||this[0].nodeType!==1?n:(!(aa=this[0].getAttribute(ab))&amp;amp;&amp;amp;ab in this[0])?this[0][ab]:aa):this.each(function(ad){if(this.nodeType!==1){return}if(J(ab)){for(u in ab){b(this,u,ab[u])}}else{b(this,ab,s(this,ac,ad,this.getAttribute(ab)))}})},removeAttr:function(aa){return this.each(function(){this.nodeType===1&amp;amp;&amp;amp;b(this,aa)})},prop:function(aa,ab){aa=X[aa]||aa;return(1 in arguments)?this.each(function(ac){this[aa]=s(this,ab,ac,this[aa])}):(this[0]&amp;amp;&amp;amp;this[0][aa])},data:function(aa,ad){var ab=&quot;data-&quot;+aa.replace(p,&quot;-$1&quot;).toLowerCase();var ac=(1 in arguments)?this.attr(ab,ad):this.attr(ab);return ac!==null?j(ac):n},val:function(aa){return 0 in arguments?this.each(function(ab){this.value=s(this,aa,ab,this.value)}):(this[0]&amp;amp;&amp;amp;(this[0].multiple?F(this[0]).find(&quot;option&quot;).filter(function(){return this.selected}).pluck(&quot;value&quot;):this[0].value))},offset:function(ab){if(ab){return this.each(function(ad){var ag=F(this),af=s(this,ab,ad,ag.offset()),ac=ag.offsetParent().offset(),ae={top:af.top-ac.top,left:af.left-ac.left};if(ag.css(&quot;position&quot;)==&quot;static&quot;){ae.position=&quot;relative&quot;}ag.css(ae)})}if(!this.length){return null}var aa=this[0].getBoundingClientRect();return{left:aa.left+window.pageXOffset,top:aa.top+window.pageYOffset,width:Math.round(aa.width),height:Math.round(aa.height)}},css:function(af,ae){if(arguments.length&amp;lt;2){var ac=this[0],aa=getComputedStyle(ac,&quot;&quot;);if(!ac){return}if(typeof af==&quot;string&quot;){return ac.style[U(af)]||aa.getPropertyValue(af)}else{if(B(af)){var ad={};F.each(af,function(ag,ah){ad[ah]=(ac.style[U(ah)]||aa.getPropertyValue(ah))});return ad}}}var ab=&quot;&quot;;if(Z(af)==&quot;string&quot;){if(!ae&amp;amp;&amp;amp;ae!==0){this.each(function(){this.style.removeProperty(o(af))})}else{ab=o(af)+&quot;:&quot;+f(af,ae)}}else{for(u in af){if(!af[u]&amp;amp;&amp;amp;af[u]!==0){this.each(function(){this.style.removeProperty(o(u))})}else{ab+=o(u)+&quot;:&quot;+f(u,af[u])+&quot;;&quot;}}}return this.each(function(){this.style.cssText+=&quot;;&quot;+ab})},index:function(aa){return aa?this.indexOf(F(aa)[0]):this.parent().children().indexOf(this[0])},hasClass:function(aa){if(!aa){return false}return N.some.call(this,function(ab){return this.test(T(ab))},R(aa))},addClass:function(aa){if(!aa){return this}return this.each(function(ab){if(!(&quot;className&quot; in this)){return}a=[];var ad=T(this),ac=s(this,aa,ab,ad);ac.split(/\s+/g).forEach(function(ae){if(!F(this).hasClass(ae)){a.push(ae)}},this);a.length&amp;amp;&amp;amp;T(this,ad+(ad?&quot; &quot;:&quot;&quot;)+a.join(&quot; &quot;))})},removeClass:function(aa){return this.each(function(ab){if(!(&quot;className&quot; in this)){return}if(aa===n){return T(this,&quot;&quot;)}a=T(this);s(this,aa,ab,a).split(/\s+/g).forEach(function(ac){a=a.replace(R(ac),&quot; &quot;)});T(this,a.trim())})},toggleClass:function(ab,aa){if(!ab){return this}return this.each(function(ac){var ae=F(this),ad=s(this,ab,ac,T(this));ad.split(/\s+/g).forEach(function(af){(aa===n?!ae.hasClass(af):aa)?ae.addClass(af):ae.removeClass(af)})})},scrollTop:function(ab){if(!this.length){return}var aa=&quot;scrollTop&quot; in this[0];if(ab===n){return aa?this[0].scrollTop:this[0].pageYOffset}return this.each(aa?function(){this.scrollTop=ab}:function(){this.scrollTo(this.scrollX,ab)})},scrollLeft:function(ab){if(!this.length){return}var aa=&quot;scrollLeft&quot; in this[0];if(ab===n){return aa?this[0].scrollLeft:this[0].pageXOffset}return this.each(aa?function(){this.scrollLeft=ab}:function(){this.scrollTo(ab,this.scrollY)})},position:function(){if(!this.length){return}var ac=this[0],ab=this.offsetParent(),ad=this.offset(),aa=I.test(ab[0].nodeName)?{top:0,left:0}:ab.offset();ad.top-=parseFloat(F(ac).css(&quot;margin-top&quot;))||0;ad.left-=parseFloat(F(ac).css(&quot;margin-left&quot;))||0;aa.top+=parseFloat(F(ab[0]).css(&quot;border-top-width&quot;))||0;aa.left+=parseFloat(F(ab[0]).css(&quot;border-left-width&quot;))||0;return{top:ad.top-aa.top,left:ad.left-aa.left}},offsetParent:function(){return this.map(function(){var aa=this.offsetParent||h.body;while(aa&amp;amp;&amp;amp;!I.test(aa.nodeName)&amp;amp;&amp;amp;F(aa).css(&quot;position&quot;)==&quot;static&quot;){aa=aa.offsetParent}return aa})}};F.fn.detach=F.fn.remove;[&quot;width&quot;,&quot;height&quot;].forEach(function(ab){var aa=ab.replace(/./,function(ac){return ac[0].toUpperCase()});F.fn[ab]=function(ad){var ae,ac=this[0];if(ad===n){return L(ac)?ac[&quot;inner&quot;+aa]:x(ac)?ac.documentElement[&quot;scroll&quot;+aa]:(ae=this.offset())&amp;amp;&amp;amp;ae[ab]}else{return this.each(function(af){ac=F(this);ac.css(ab,s(this,ad,af,ac[ab]()))})}}});function c(ad,ab){ab(ad);for(var ac=0,aa=ad.childNodes.length;ac&amp;lt;aa;ac++){c(ad.childNodes[ac],ab)}}z.forEach(function(ac,ab){var aa=ab%2;F.fn[ac]=function(){var ad,ae=F.map(arguments,function(ah){ad=Z(ah);return ad==&quot;object&quot;||ad==&quot;array&quot;||ah==null?ah:d.fragment(ah)}),af,ag=this.length&amp;gt;1;if(ae.length&amp;lt;1){return this}return this.each(function(ai,aj){af=aa?aj:aj.parentNode;aj=ab==0?aj.nextSibling:ab==1?aj.firstChild:ab==2?aj:null;var ah=F.contains(h.documentElement,af);ae.forEach(function(ak){if(ag){ak=ak.cloneNode(true)}else{if(!af){return F(ak).remove()}}af.insertBefore(ak,aj);if(ah){c(ak,function(al){if(al.nodeName!=null&amp;amp;&amp;amp;al.nodeName.toUpperCase()===&quot;SCRIPT&quot;&amp;amp;&amp;amp;(!al.type||al.type===&quot;text/javascript&quot;)&amp;amp;&amp;amp;!al.src){window[&quot;eval&quot;].call(window,al.innerHTML)}})}})})};F.fn[aa?ac+&quot;To&quot;:&quot;insert&quot;+(ab?&quot;Before&quot;:&quot;After&quot;)]=function(ad){F(ad)[ac](this);return this}});d.Z.prototype=F.fn;d.uniq=Q;d.deserializeValue=j;F.zepto=d;return F})();window.$=window.Zepto=Zepto;(function(d){var f=1,h,s=Array.prototype.slice,a=d.isFunction,k=function(z){return typeof z==&quot;string&quot;},r={},o={},g=&quot;onfocusin&quot; in window,p={focus:&quot;focusin&quot;,blur:&quot;focusout&quot;},w={mouseenter:&quot;mouseover&quot;,mouseleave:&quot;mouseout&quot;};o.click=o.mousedown=o.mouseup=o.mousemove=&quot;MouseEvents&quot;;function b(z){return z._zid||(z._zid=f++)}function l(A,C,B,z){C=q(C);if(C.ns){var D=v(C.ns)}return(r[b(A)]||[]).filter(function(E){return E&amp;amp;&amp;amp;(!C.e||E.e==C.e)&amp;amp;&amp;amp;(!C.ns||D.test(E.ns))&amp;amp;&amp;amp;(!B||b(E.fn)===b(B))&amp;amp;&amp;amp;(!z||E.sel==z)})}function q(z){var A=(&quot;&quot;+z).split(&quot;.&quot;);return{e:A[0],ns:A.slice(1).sort().join(&quot; &quot;)}}function v(z){return new RegExp(&quot;(?:^| )&quot;+z.replace(&quot; &quot;,&quot; .* ?&quot;)+&quot;(?: |$)&quot;)}function j(z,A){return z.del&amp;amp;&amp;amp;(!g&amp;amp;&amp;amp;(z.e in p))||!!A}function u(z){return w[z]||(g&amp;amp;&amp;amp;p[z])||z}function n(C,G,D,B,A,H,F){var z=b(C),E=(r[z]||(r[z]=[]));G.split(/\s/).forEach(function(J){if(J==&quot;ready&quot;){return d(document).ready(D)}var I=q(J);I.fn=D;I.sel=A;if(I.e in w){D=function(M){var L=M.relatedTarget;if(!L||(L!==this&amp;amp;&amp;amp;!d.contains(this,L))){return I.fn.apply(this,arguments)}}}I.del=H;var K=H||D;I.proxy=function(M){M=x(M);if(M.isImmediatePropagationStopped()){return}M._data=B;M.data=d.extend({},B,M._args);var L=K.apply(C,M._args==h?[M]:[M].concat(M._args));if(L===false){M.preventDefault(),M.stopPropagation()}return L};I.i=E.length;E.push(I);if(&quot;addEventListener&quot; in C){C.addEventListener(u(I.e),I.proxy,j(I,F))}})}function y(C,B,D,z,A){var E=b(C);(B||&quot;&quot;).split(/\s/).forEach(function(F){l(C,F,D,z).forEach(function(G){delete r[E][G.i];if(&quot;removeEventListener&quot; in C){C.removeEventListener(u(G.e),G.proxy,j(G,A))}})})}d.event={add:n,remove:y};d.proxy=function(C,B){var A=(2 in arguments)&amp;amp;&amp;amp;s.call(arguments,2);if(a(C)){var z=function(){return C.apply(B,A?A.concat(s.call(arguments)):arguments)};z._zid=b(C);return z}else{if(k(B)){if(A){A.unshift(C[B],C);return d.proxy.apply(null,A)}else{return d.proxy(C[B],C)}}else{throw new TypeError(&quot;expected function&quot;)}}};d.fn.bind=function(z,A,B){return this.on(z,A,B)};d.fn.unbind=function(z,A){return this.off(z,A)};d.fn.one=function(A,z,B,C){return this.on(A,z,B,C,1)};var t=function(){return true},i=function(){return false},e=/^([A-Z]|returnValue$|layer[XY]$)/,m={preventDefault:&quot;isDefaultPrevented&quot;,stopImmediatePropagation:&quot;isImmediatePropagationStopped&quot;,stopPropagation:&quot;isPropagationStopped&quot;};function x(z,A){if(A||!z.isDefaultPrevented){A||(A=z);d.each(m,function(C,B){var D=A[C];z[C]=function(){this[B]=t;return D&amp;amp;&amp;amp;D.apply(A,arguments)};z[B]=i});if(A.defaultPrevented!==h?A.defaultPrevented:&quot;returnValue&quot; in A?A.returnValue===false:A.getPreventDefault&amp;amp;&amp;amp;A.getPreventDefault()){z.isDefaultPrevented=t}}return z}function c(B){var A,z={originalEvent:B};for(A in B){if(!e.test(A)&amp;amp;&amp;amp;B[A]!==h){z[A]=B[A]}}return x(z,B)}d.fn.delegate=function(z,A,B){return this.on(A,z,B)};d.fn.undelegate=function(z,A,B){return this.off(A,z,B)};d.fn.live=function(z,A){d(document.body).delegate(this.selector,z,A);return this};d.fn.die=function(z,A){d(document.body).undelegate(this.selector,z,A);return this};d.fn.on=function(D,z,E,G,C){var B,A,F=this;if(D&amp;amp;&amp;amp;!k(D)){d.each(D,function(I,H){F.on(I,z,E,H,C)});return F}if(!k(z)&amp;amp;&amp;amp;!a(G)&amp;amp;&amp;amp;G!==false){G=E,E=z,z=h}if(a(E)||E===false){G=E,E=h}if(G===false){G=i}return F.each(function(H,I){if(C){B=function(J){y(I,J.type,G);return G.apply(this,arguments)}}if(z){A=function(L){var J,K=d(L.target).closest(z,I).get(0);if(K&amp;amp;&amp;amp;K!==I){J=d.extend(c(L),{currentTarget:K,liveFired:I});return(B||G).apply(K,[J].concat(s.call(arguments,1)))}}}n(I,D,G,E,z,A||B)})};d.fn.off=function(A,z,C){var B=this;if(A&amp;amp;&amp;amp;!k(A)){d.each(A,function(E,D){B.off(E,z,D)});return B}if(!k(z)&amp;amp;&amp;amp;!a(C)&amp;amp;&amp;amp;C!==false){C=z,z=h}if(C===false){C=i}return B.each(function(){y(this,A,C,z)})};d.fn.trigger=function(A,z){A=(k(A)||d.isPlainObject(A))?d.Event(A):x(A);A._args=z;A.data=z;A.forwardedTouchEvent=true;return this.each(function(){if(&quot;dispatchEvent&quot; in this){this.dispatchEvent(A)}else{d(this).triggerHandler(A,z)}})};d.fn.triggerHandler=function(B,A){var C,z;this.each(function(E,D){C=c(k(B)?d.Event(B):B);C._args=A;C.data=A;C.target=D;d.each(l(D,B.type||B),function(F,G){z=G.proxy(C);if(C.isImmediatePropagationStopped()){return false}})});return z};(&quot;focusin focusout load resize scroll unload click dblclick mousedown mouseup mousemove mouseover mouseout mouseenter mouseleave change select keydown keypress keyup error&quot;).split(&quot; &quot;).forEach(function(z){d.fn[z]=function(A){return A?this.bind(z,A):this.trigger(z)}});[&quot;focus&quot;,&quot;blur&quot;].forEach(function(z){d.fn[z]=function(A){if(A){this.bind(z,A)}else{this.each(function(){try{this[z]()}catch(B){}})}return this}});d.Event=function(C,B){if(!k(C)){B=C,C=B.type}var D=document.createEvent(o[C]||&quot;Events&quot;),z=true;if(B){for(var A in B){(A==&quot;bubbles&quot;)?(z=!!B[A]):(D[A]=B[A])}}D.initEvent(C,z,true);return x(D)}})(Zepto);(function($){var jsonpID=0,document=window.document,key,name,rscript=/&amp;lt;script\b[^&amp;lt;]*(?:(?!&amp;lt;\/script&amp;gt;)&amp;lt;[^&amp;lt;]*)*&amp;lt;\/script&amp;gt;/gi,scriptTypeRE=/^(?:text|application)\/javascript/i,xmlTypeRE=/^(?:text|application)\/xml/i,jsonType=&quot;application/json&quot;,htmlType=&quot;text/html&quot;,blankRE=/^\s*$/;function triggerAndReturn(context,eventName,data){var event=$.Event(eventName);$(context).trigger(event,data);return !event.isDefaultPrevented()}function triggerGlobal(settings,context,eventName,data){if(settings.global){return triggerAndReturn(context||document,eventName,data)}}$.active=0;function ajaxStart(settings){if(settings.global&amp;amp;&amp;amp;$.active++===0){triggerGlobal(settings,null,&quot;ajaxStart&quot;)}}function ajaxStop(settings){if(settings.global&amp;amp;&amp;amp;!(--$.active)){triggerGlobal(settings,null,&quot;ajaxStop&quot;)}}function ajaxBeforeSend(xhr,settings){var context=settings.context;if(settings.beforeSend.call(context,xhr,settings)===false||triggerGlobal(settings,context,&quot;ajaxBeforeSend&quot;,[xhr,settings])===false){return false}triggerGlobal(settings,context,&quot;ajaxSend&quot;,[xhr,settings])}function ajaxSuccess(data,xhr,settings,deferred){var context=settings.context,status=&quot;success&quot;;settings.success.call(context,data,status,xhr);if(deferred){deferred.resolveWith(context,[data,status,xhr])}triggerGlobal(settings,context,&quot;ajaxSuccess&quot;,[xhr,settings,data]);ajaxComplete(status,xhr,settings)}function ajaxError(error,type,xhr,settings,deferred){var context=settings.context;settings.error.call(context,xhr,type,error);if(deferred){deferred.rejectWith(context,[xhr,type,error])}triggerGlobal(settings,context,&quot;ajaxError&quot;,[xhr,settings,error||type]);ajaxComplete(type,xhr,settings)}function ajaxComplete(status,xhr,settings){var context=settings.context;settings.complete.call(context,xhr,status);triggerGlobal(settings,context,&quot;ajaxComplete&quot;,[xhr,settings]);ajaxStop(settings)}function empty(){}$.ajaxJSONP=function(options,deferred){if(!(&quot;type&quot; in options)){return $.ajax(options)}var _callbackName=options.jsonpCallback,callbackName=($.isFunction(_callbackName)?_callbackName():_callbackName)||(&quot;jsonp&quot;+(++jsonpID)),script=document.createElement(&quot;script&quot;),originalCallback=window[callbackName],responseData,abort=function(errorType){$(script).triggerHandler(&quot;error&quot;,errorType||&quot;abort&quot;)},xhr={abort:abort},abortTimeout;if(deferred){deferred.promise(xhr)}$(script).on(&quot;load error&quot;,function(e,errorType){clearTimeout(abortTimeout);$(script).off().remove();if(e.type==&quot;error&quot;||!responseData){ajaxError(null,errorType||&quot;error&quot;,xhr,options,deferred)}else{ajaxSuccess(responseData[0],xhr,options,deferred)}window[callbackName]=originalCallback;if(responseData&amp;amp;&amp;amp;$.isFunction(originalCallback)){originalCallback(responseData[0])}originalCallback=responseData=undefined});if(ajaxBeforeSend(xhr,options)===false){abort(&quot;abort&quot;);return xhr}window[callbackName]=function(){responseData=arguments};script.src=options.url.replace(/\?(.+)=\?/,&quot;?$1=&quot;+callbackName);document.head.appendChild(script);if(options.timeout&amp;gt;0){abortTimeout=setTimeout(function(){abort(&quot;timeout&quot;)},options.timeout)}return xhr};$.ajaxSettings={type:&quot;GET&quot;,beforeSend:empty,success:empty,error:empty,complete:empty,context:null,global:true,xhr:function(){return new window.XMLHttpRequest()},accepts:{script:&quot;text/javascript, application/javascript, application/x-javascript&quot;,json:jsonType,xml:&quot;application/xml, text/xml&quot;,html:htmlType,text:&quot;text/plain&quot;},crossDomain:false,timeout:0,processData:true,cache:true};function mimeToDataType(mime){if(mime){mime=mime.split(&quot;;&quot;,2)[0]}return mime&amp;amp;&amp;amp;(mime==htmlType?&quot;html&quot;:mime==jsonType?&quot;json&quot;:scriptTypeRE.test(mime)?&quot;script&quot;:xmlTypeRE.test(mime)&amp;amp;&amp;amp;&quot;xml&quot;)||&quot;text&quot;}function appendQuery(url,query){if(query==&quot;&quot;){return url}return(url+&quot;&amp;amp;&quot;+query).replace(/[&amp;amp;?]{1,2}/,&quot;?&quot;)}function serializeData(options){if(options.processData&amp;amp;&amp;amp;options.data&amp;amp;&amp;amp;$.type(options.data)!=&quot;string&quot;){options.data=$.param(options.data,options.traditional)}if(options.data&amp;amp;&amp;amp;(!options.type||options.type.toUpperCase()==&quot;GET&quot;)){options.url=appendQuery(options.url,options.data),options.data=undefined}}$.ajax=function(options){var settings=$.extend({},options||{}),deferred=$.Deferred&amp;amp;&amp;amp;$.Deferred();for(key in $.ajaxSettings){if(settings[key]===undefined){settings[key]=$.ajaxSettings[key]}}ajaxStart(settings);if(!settings.crossDomain){settings.crossDomain=/^([\w-]+:)?\/\/([^\/]+)/.test(settings.url)&amp;amp;&amp;amp;RegExp.$2!=window.location.host}if(!settings.url){settings.url=window.location.toString()}serializeData(settings);var dataType=settings.dataType,hasPlaceholder=/\?.+=\?/.test(settings.url);if(hasPlaceholder){dataType=&quot;jsonp&quot;}if(settings.cache===false||((!options||options.cache!==true)&amp;amp;&amp;amp;(&quot;script&quot;==dataType||&quot;jsonp&quot;==dataType))){settings.url=appendQuery(settings.url,&quot;_=&quot;+Date.now())}if(&quot;jsonp&quot;==dataType){if(!hasPlaceholder){settings.url=appendQuery(settings.url,settings.jsonp?(settings.jsonp+&quot;=?&quot;):settings.jsonp===false?&quot;&quot;:&quot;callback=?&quot;)}return $.ajaxJSONP(settings,deferred)}var mime=settings.accepts[dataType],headers={},setHeader=function(name,value){headers[name.toLowerCase()]=[name,value]},protocol=/^([\w-]+:)\/\//.test(settings.url)?RegExp.$1:window.location.protocol,xhr=settings.xhr(),nativeSetHeader=xhr.setRequestHeader,abortTimeout;if(deferred){deferred.promise(xhr)}if(!settings.crossDomain){setHeader(&quot;X-Requested-With&quot;,&quot;XMLHttpRequest&quot;)}setHeader(&quot;Accept&quot;,mime||&quot;*/*&quot;);if(mime=settings.mimeType||mime){if(mime.indexOf(&quot;,&quot;)&amp;gt;-1){mime=mime.split(&quot;,&quot;,2)[0]}xhr.overrideMimeType&amp;amp;&amp;amp;xhr.overrideMimeType(mime)}if(settings.contentType||(settings.contentType!==false&amp;amp;&amp;amp;settings.data&amp;amp;&amp;amp;settings.type.toUpperCase()!=&quot;GET&quot;)){setHeader(&quot;Content-Type&quot;,settings.contentType||&quot;application/x-www-form-urlencoded&quot;)}if(settings.headers){for(name in settings.headers){setHeader(name,settings.headers[name])}}xhr.setRequestHeader=setHeader;xhr.onreadystatechange=function(){if(xhr.readyState==4){xhr.onreadystatechange=empty;clearTimeout(abortTimeout);var result,error=false;if((xhr.status&amp;gt;=200&amp;amp;&amp;amp;xhr.status&amp;lt;300)||xhr.status==304||(xhr.status==0&amp;amp;&amp;amp;protocol==&quot;file:&quot;)){dataType=dataType||mimeToDataType(settings.mimeType||xhr.getResponseHeader(&quot;content-type&quot;));result=xhr.responseText;try{if(dataType==&quot;script&quot;){(1,eval)(result)}else{if(dataType==&quot;xml&quot;){result=xhr.responseXML}else{if(dataType==&quot;json&quot;){result=blankRE.test(result)?null:$.parseJSON(result)}}}}catch(e){error=e}if(error){ajaxError(error,&quot;parsererror&quot;,xhr,settings,deferred)}else{ajaxSuccess(result,xhr,settings,deferred)}}else{ajaxError(xhr.statusText||null,xhr.status?&quot;error&quot;:&quot;abort&quot;,xhr,settings,deferred)}}};if(ajaxBeforeSend(xhr,settings)===false){xhr.abort();ajaxError(null,&quot;abort&quot;,xhr,settings,deferred);return xhr}if(settings.xhrFields){for(name in settings.xhrFields){xhr[name]=settings.xhrFields[name]}}var async=&quot;async&quot; in settings?settings.async:true;xhr.open(settings.type,settings.url,async,settings.username,settings.password);for(name in headers){nativeSetHeader.apply(xhr,headers[name])}if(settings.timeout&amp;gt;0){abortTimeout=setTimeout(function(){xhr.onreadystatechange=empty;xhr.abort();ajaxError(null,&quot;timeout&quot;,xhr,settings,deferred)},settings.timeout)}xhr.send(settings.data?settings.data:null);return xhr};function parseArguments(url,data,success,dataType){if($.isFunction(data)){dataType=success,success=data,data=undefined}if(!$.isFunction(success)){dataType=success,success=undefined}return{url:url,data:data,success:success,dataType:dataType}}$.get=function(){return $.ajax(parseArguments.apply(null,arguments))};$.post=function(){var options=parseArguments.apply(null,arguments);options.type=&quot;POST&quot;;return $.ajax(options)};$.getJSON=function(){var options=parseArguments.apply(null,arguments);options.dataType=&quot;json&quot;;return $.ajax(options)};$.fn.load=function(url,data,success){if(!this.length){return this}var self=this,parts=url.split(/\s/),selector,options=parseArguments(url,data,success),callback=options.success;if(parts.length&amp;gt;1){options.url=parts[0],selector=parts[1]}options.success=function(response){self.html(selector?$(&quot;&amp;lt;div&amp;gt;&quot;).html(response.replace(rscript,&quot;&quot;)).find(selector):response);callback&amp;amp;&amp;amp;callback.apply(self,arguments)};$.ajax(options);return this};var escape=encodeURIComponent;function serialize(params,obj,traditional,scope){var type,array=$.isArray(obj),hash=$.isPlainObject(obj);$.each(obj,function(key,value){type=$.type(value);if(scope){key=traditional?scope:scope+&quot;[&quot;+(hash||type==&quot;object&quot;||type==&quot;array&quot;?key:&quot;&quot;)+&quot;]&quot;}if(!scope&amp;amp;&amp;amp;array){params.add(value.name,value.value)}else{if(type==&quot;array&quot;||(!traditional&amp;amp;&amp;amp;type==&quot;object&quot;)){serialize(params,value,traditional,key)}else{params.add(key,value)}}})}$.param=function(obj,traditional){var params=[];params.add=function(k,v){this.push(escape(k)+&quot;=&quot;+escape(v))};serialize(params,obj,traditional);return params.join(&quot;&amp;amp;&quot;).replace(/%20/g,&quot;+&quot;)}})(Zepto);(function(a){a.fn.serializeArray=function(){var d,c,b=[];a([].slice.call(this.get(0).elements)).each(function(){d=a(this);c=d.attr(&quot;type&quot;);if(this.nodeName.toLowerCase()!=&quot;fieldset&quot;&amp;amp;&amp;amp;!this.disabled&amp;amp;&amp;amp;c!=&quot;submit&quot;&amp;amp;&amp;amp;c!=&quot;reset&quot;&amp;amp;&amp;amp;c!=&quot;button&quot;&amp;amp;&amp;amp;((c!=&quot;radio&quot;&amp;amp;&amp;amp;c!=&quot;checkbox&quot;)||this.checked)){b.push({name:d.attr(&quot;name&quot;),value:d.val()})}});return b};a.fn.serialize=function(){var b=[];this.serializeArray().forEach(function(c){b.push(encodeURIComponent(c.name)+&quot;=&quot;+encodeURIComponent(c.value))});return b.join(&quot;&amp;amp;&quot;)};a.fn.submit=function(c){if(c){this.bind(&quot;submit&quot;,c)}else{if(this.length){var b=a.Event(&quot;submit&quot;);this.eq(0).trigger(b);if(!b.isDefaultPrevented()){this.get(0).submit()}}}return this}})(Zepto);(function(b){function a(v){var l=this.os={},w=this.browser={},d=v.match(/Web[kK]it[\/]{0,1}([\d.]+)/),x=v.match(/(Android);?[\s\/]+([\d.]+)?/),y=!!v.match(/\(Macintosh\; Intel /),p=v.match(/(iPad).*OS\s([\d_]+)/),j=v.match(/(iPod)(.*OS\s([\d_]+))?/),h=!p&amp;amp;&amp;amp;v.match(/(iPhone\sOS)\s([\d_]+)/),c=v.match(/(webOS|hpwOS)[\s\/]([\d.]+)/),f=v.match(/Windows Phone ([\d.]+)/),r=c&amp;amp;&amp;amp;v.match(/TouchPad/),i=v.match(/Kindle\/([\d.]+)/),u=v.match(/Silk\/([\d._]+)/),q=v.match(/(BlackBerry).*Version\/([\d.]+)/),n=v.match(/(BB10).*Version\/([\d.]+)/),e=v.match(/(RIM\sTablet\sOS)\s([\d.]+)/),o=v.match(/PlayBook/),t=v.match(/Chrome\/([\d.]+)/)||v.match(/CriOS\/([\d.]+)/),k=v.match(/Firefox\/([\d.]+)/),s=v.match(/MSIE\s([\d.]+)/)||v.match(/Trident\/[\d](?=[^\?]+).*rv:([0-9.].)/),g=!t&amp;amp;&amp;amp;v.match(/(iPhone|iPod|iPad).*AppleWebKit(?!.*Safari)/),m=g||v.match(/Version\/([\d.]+)([^S](Safari)|[^M]*(Mobile)[^S]*(Safari))/);if(w.webkit=!!d){w.version=d[1]}if(x){l.android=true,l.version=x[2]}if(h&amp;amp;&amp;amp;!j){l.ios=l.iphone=true,l.version=h[2].replace(/_/g,&quot;.&quot;)}if(p){l.ios=l.ipad=true,l.version=p[2].replace(/_/g,&quot;.&quot;)}if(j){l.ios=l.ipod=true,l.version=j[3]?j[3].replace(/_/g,&quot;.&quot;):null}if(f){l.wp=true,l.version=f[1]}if(c){l.webos=true,l.version=c[2]}if(r){l.touchpad=true}if(q){l.blackberry=true,l.version=q[2]}if(n){l.bb10=true,l.version=n[2]}if(e){l.rimtabletos=true,l.version=e[2]}if(o){w.playbook=true}if(i){l.kindle=true,l.version=i[1]}if(u){w.silk=true,w.version=u[1]}if(!u&amp;amp;&amp;amp;l.android&amp;amp;&amp;amp;v.match(/Kindle Fire/)){w.silk=true}if(t){w.chrome=true,w.version=t[1]}if(k){w.firefox=true,w.version=k[1]}if(s){w.ie=true,w.version=s[1]}if(m&amp;amp;&amp;amp;(y||l.ios)){w.safari=true;if(y){w.version=m[1]}}if(g){w.webview=true}l.tablet=!!(p||o||(x&amp;amp;&amp;amp;!v.match(/Mobile/))||(k&amp;amp;&amp;amp;v.match(/Tablet/))||(s&amp;amp;&amp;amp;!v.match(/Phone/)&amp;amp;&amp;amp;v.match(/Touch/)));l.phone=!!(!l.tablet&amp;amp;&amp;amp;!l.ipod&amp;amp;&amp;amp;(x||h||c||q||n||(t&amp;amp;&amp;amp;v.match(/Android/))||(t&amp;amp;&amp;amp;v.match(/CriOS\/([\d.]+)/))||(k&amp;amp;&amp;amp;v.match(/Mobile/))||(s&amp;amp;&amp;amp;v.match(/Touch/))))}a.call(b,navigator.userAgent);b.__detect=a})(Zepto);(function(a){a.fn.end=function(){return this.prevObject||a()};a.fn.andSelf=function(){return this.add(this.prevObject||a())};&quot;filter,add,not,eq,first,last,find,closest,parents,parent,children,siblings&quot;.split(&quot;,&quot;).forEach(function(c){var b=a.fn[c];a.fn[c]=function(){var d=b.apply(this,arguments);d.prevObject=this;return d}})})(Zepto);(function(a){a.Callbacks=function(l){l=a.extend({},l);var e,b,f,d,g,h,i=[],j=!l.once&amp;amp;&amp;amp;[],c=function(m){e=l.memory&amp;amp;&amp;amp;m;b=true;h=d||0;d=0;g=i.length;f=true;for(;i&amp;amp;&amp;amp;h&amp;lt;g;++h){if(i[h].apply(m[0],m[1])===false&amp;amp;&amp;amp;l.stopOnFalse){e=false;break}}f=false;if(i){if(j){j.length&amp;amp;&amp;amp;c(j.shift())}else{if(e){i.length=0}else{k.disable()}}}},k={add:function(){if(i){var n=i.length,m=function(o){a.each(o,function(q,p){if(typeof p===&quot;function&quot;){if(!l.unique||!k.has(p)){i.push(p)}}else{if(p&amp;amp;&amp;amp;p.length&amp;amp;&amp;amp;typeof p!==&quot;string&quot;){m(p)}}})};m(arguments);if(f){g=i.length}else{if(e){d=n;c(e)}}}return this},remove:function(){if(i){a.each(arguments,function(o,m){var n;while((n=a.inArray(m,i,n))&amp;gt;-1){i.splice(n,1);if(f){if(n&amp;lt;=g){--g}if(n&amp;lt;=h){--h}}}})}return this},has:function(m){return !!(i&amp;amp;&amp;amp;(m?a.inArray(m,i)&amp;gt;-1:i.length))},empty:function(){g=i.length=0;return this},disable:function(){i=j=e=undefined;return this},disabled:function(){return !i},lock:function(){j=undefined;if(!e){k.disable()}return this},locked:function(){return !j},fireWith:function(n,m){if(i&amp;amp;&amp;amp;(!b||j)){m=m||[];m=[n,m.slice?m.slice():m];if(f){j.push(m)}else{c(m)}}return this},fire:function(){return k.fireWith(this,arguments)},fired:function(){return !!b}};return k}})(Zepto);(function(b){var c=Array.prototype.slice;function a(f){var e=[[&quot;resolve&quot;,&quot;done&quot;,b.Callbacks({once:1,memory:1}),&quot;resolved&quot;],[&quot;reject&quot;,&quot;fail&quot;,b.Callbacks({once:1,memory:1}),&quot;rejected&quot;],[&quot;notify&quot;,&quot;progress&quot;,b.Callbacks({memory:1})]],g=&quot;pending&quot;,h={state:function(){return g},always:function(){d.done(arguments).fail(arguments);return this},then:function(){var i=arguments;return a(function(j){b.each(e,function(l,k){var m=b.isFunction(i[l])&amp;amp;&amp;amp;i[l];d[k[1]](function(){var p=m&amp;amp;&amp;amp;m.apply(this,arguments);if(p&amp;amp;&amp;amp;b.isFunction(p.promise)){p.promise().done(j.resolve).fail(j.reject).progress(j.notify)}else{var o=this===h?j.promise():this,n=m?[p]:arguments;j[k[0]+&quot;With&quot;](o,n)}})});i=null}).promise()},promise:function(i){return i!=null?b.extend(i,h):h}},d={};b.each(e,function(k,j){var m=j[2],l=j[3];h[j[1]]=m.add;if(l){m.add(function(){g=l},e[k^1][2].disable,e[2][2].lock)}d[j[0]]=function(){d[j[0]+&quot;With&quot;](this===d?h:this,arguments);return this};d[j[0]+&quot;With&quot;]=m.fireWith});h.promise(d);if(f){f.call(d,d)}return d}b.when=function(d){var k=c.call(arguments),h=k.length,e=0,g=h!==1||(d&amp;amp;&amp;amp;b.isFunction(d.promise))?h:0,n=g===1?d:a(),m,j,l,f=function(p,o,q){return function(i){o[p]=this;q[p]=arguments.length&amp;gt;1?c.call(arguments):i;if(q===m){n.notifyWith(o,q)}else{if(!(--g)){n.resolveWith(o,q)}}}};if(h&amp;gt;1){m=new Array(h);j=new Array(h);l=new Array(h);for(;e&amp;lt;h;++e){if(k[e]&amp;amp;&amp;amp;b.isFunction(k[e].promise)){k[e].promise().done(f(e,l,k)).fail(n.reject).progress(f(e,j,m))}else{--g}}}if(!g){n.resolveWith(l,k)}return n.promise()};b.Deferred=a})(Zepto);(function(d,f){var n=&quot;&quot;,s,m={Webkit:&quot;webkit&quot;,Moz:&quot;&quot;,O:&quot;o&quot;},a=document.createElement(&quot;div&quot;),l=/^((translate|rotate|scale)(X|Y|Z|3d)?|matrix(3d)?|perspective|skew(X|Y)?)$/i,j,o,i,k,e,h,r,p,b,q={};function c(t){return t.replace(/([A-Z])/g,&quot;-$1&quot;).toLowerCase()}function g(t){return s?s+t:t.toLowerCase()}if(a.style.transform===f){d.each(m,function(u,t){if(a.style[u+&quot;TransitionProperty&quot;]!==f){n=&quot;-&quot;+u.toLowerCase()+&quot;-&quot;;s=t;return false}})}j=n+&quot;transform&quot;;q[o=n+&quot;transition-property&quot;]=q[i=n+&quot;transition-duration&quot;]=q[e=n+&quot;transition-delay&quot;]=q[k=n+&quot;transition-timing-function&quot;]=q[h=n+&quot;animation-name&quot;]=q[r=n+&quot;animation-duration&quot;]=q[b=n+&quot;animation-delay&quot;]=q[p=n+&quot;animation-timing-function&quot;]=&quot;&quot;;d.fx={off:(s===f&amp;amp;&amp;amp;a.style.transitionProperty===f),speeds:{_default:400,fast:200,slow:600},cssPrefix:n,transitionEnd:g(&quot;TransitionEnd&quot;),animationEnd:g(&quot;AnimationEnd&quot;)};d.fn.animate=function(u,v,w,x,t){if(d.isFunction(v)){x=v,w=f,v=f}if(d.isFunction(w)){x=w,w=f}if(d.isPlainObject(v)){w=v.easing,x=v.complete,t=v.delay,v=v.duration}if(v){v=(typeof v==&quot;number&quot;?v:(d.fx.speeds[v]||d.fx.speeds._default))/1000}if(t){t=parseFloat(t)/1000}return this.anim(u,v,w,x,t)};d.fn.anim=function(B,w,v,D,x){var C,z={},F,A=&quot;&quot;,y=this,u,E=d.fx.transitionEnd,t=false;if(w===f){w=d.fx.speeds._default/1000}if(x===f){x=0}if(d.fx.off){w=0}if(typeof B==&quot;string&quot;){z[h]=B;z[r]=w+&quot;s&quot;;z[b]=x+&quot;s&quot;;z[p]=(v||&quot;linear&quot;);E=d.fx.animationEnd}else{F=[];for(C in B){if(l.test(C)){A+=C+&quot;(&quot;+B[C]+&quot;) &quot;}else{z[C]=B[C],F.push(c(C))}}if(A){z[j]=A,F.push(j)}if(w&amp;gt;0&amp;amp;&amp;amp;typeof B===&quot;object&quot;){z[o]=F.join(&quot;, &quot;);z[i]=w+&quot;s&quot;;z[e]=x+&quot;s&quot;;z[k]=(v||&quot;linear&quot;)}}u=function(G){if(typeof G!==&quot;undefined&quot;){if(G.target!==G.currentTarget){return}d(G.target).unbind(E,u)}else{d(this).unbind(E,u)}t=true;d(this).css(q);D&amp;amp;&amp;amp;D.call(this)};if(w&amp;gt;0){this.bind(E,u);setTimeout(function(){if(t){return}u.call(y)},((w+x)*1000)+25)}this.size()&amp;amp;&amp;amp;this.get(0).clientLeft;this.css(z);if(w&amp;lt;=0){setTimeout(function(){y.each(function(){u.call(this)})},0)}return this};a=null})(Zepto);&lt;/script&gt;&lt;script id=&quot;index_plus_ls_js_event&quot; type=&quot;text/javascript&quot; class=&quot;js_event&quot;&gt;var baseurlConfig=function(){require.config({baseUrl:window.sDomain.staticUrl+&quot;static&quot;})};baseurlConfig();window.addEventListener(&quot;index.start&quot;,function(){baseurlConfig()});require.config({packages:[{name:&quot;wiseindex&quot;,location:&quot;wiseindex/js&quot;},{name:&quot;wiseindexsamp&quot;,location:&quot;wiseindex/sampstatic/js&quot;}],paths:{sfr:&quot;https://gss0.bdstatic.com/5bd1bjqh_Q23odCf/static/itemrep/metaLib/sfr-2.5.11.min_14b4ef5&quot;}});var F={};F._fileMap=function(d){var a={};var c=&quot;wiseindex/&quot;;for(var b in d){if(d.hasOwnProperty(b)){a[c+b.replace(/(\/js\/)|\.js(\?v=md5)?$/g,&quot;&quot;)]=d[b].map(function(e){return c+e})}}require.config({bundles:a})};F._fileMap({&quot;/js/superframe_0467623d.js&quot;:[&quot;lib/sf/activity&quot;,&quot;lib/sf/route&quot;,&quot;lib/sf/controller&quot;,&quot;lib/sf/activityController&quot;],&quot;/js/newsActivity_f5547038.js&quot;:[&quot;tabs/news/activity/postmessage&quot;,&quot;tabs/news/activity/aio&quot;,&quot;tabs/news/activity/popup&quot;,&quot;tabs/news/activity/toast&quot;,&quot;tabs/news/activity/star&quot;,&quot;tabs/news/activity/share&quot;,&quot;tabs/news/activity/font&quot;,&quot;tabs/news/activity/tool&quot;,&quot;tabs/news/activity/iscroll&quot;,&quot;tabs/news/activity/bdscroll&quot;,&quot;tabs/news/activity/slider&quot;,&quot;tabs/news/activity/newsdetail&quot;],&quot;/js/mineActivity_8c545080.js&quot;:[&quot;tabs/mine/activity/midmine&quot;],&quot;/js/backflow_fa5078c6.js&quot;:[&quot;lib/backflow&quot;],&quot;/js/sfOperation_50165f97.js&quot;:[&quot;tabs/news/sfapp/service/wiseindex&quot;,&quot;tabs/news/sfapp/service/newsdetail&quot;,&quot;tabs/news/sfapp/view/newsdetail&quot;],&quot;/js/superframeSamp_208d5ec0.js&quot;:[&quot;lib/sf/activity&quot;,&quot;sample/recdetailRevert/lib/sf/route&quot;,&quot;lib/sf/controller&quot;,&quot;sample/recdetailRevert/lib/sf/activityController&quot;]});
define(&quot;lib/event&quot;,function(b,a,d){var h=window;var g=h.B.fire?h.B.fire.firePool:{};var f={};function e(m,n,o){if(!n){m=&quot;global&quot;}g[m]=g[m]||{};g[m][n]=g[m][n]||[];g[m][n].push(o);if(f[m]&amp;amp;&amp;amp;f[m][n]){for(var l=0,j=f[m][n].length;l&amp;lt;j;l++){var k=f[m][n][l];k.callback&amp;amp;&amp;amp;k.callback.call({event:n},o);if(f[m][n][l].once){f[m][n]=null}}}}function c(l,k,p,o){if(!k){l=&quot;global&quot;}else{if(typeof k===&quot;string&quot;){k=[k]}}o=o||{};f[l]=f[l]||{};for(var m in k){var n=k[m];f[l][n]=f[l][n]||[];f[l][n].push({once:o.once,callback:p});if(o.listenpre&amp;amp;&amp;amp;g[l]&amp;amp;&amp;amp;g[l][n]){for(var j in g[l][n]){p&amp;amp;&amp;amp;p.call({event:n},g[l][n][j])}}}}a.listen=h.B.listen=c;a.fire=h.B.fire=e});require([&quot;lib/event&quot;]);&lt;/script&gt;&lt;script id=&quot;index_plus_ls_js_fastclick&quot; type=&quot;text/javascript&quot; class=&quot;js_fastclick&quot;&gt;(function(){function d(o,k){var p;k=k||{};this.trackingClick=false;this.trackingClickStart=0;this.targetElement=null;this.touchStartX=0;this.touchStartY=0;this.lastTouchIdentifier=0;this.touchBoundary=k.touchBoundary||10;this.layer=o;this.tapDelay=k.tapDelay||200;this.tapTimeout=k.tapTimeout||700;if(d.notNeeded(o)){return}function q(l,i){return function(){return l.apply(i,arguments)}}var j=[&quot;onMouse&quot;,&quot;onClick&quot;,&quot;onTouchStart&quot;,&quot;onTouchMove&quot;,&quot;onTouchEnd&quot;,&quot;onTouchCancel&quot;];var n=this;for(var m=0,h=j.length;m&amp;lt;h;m++){n[j[m]]=q(n[j[m]],n)}if(b){o.addEventListener(&quot;mouseover&quot;,this.onMouse,true);o.addEventListener(&quot;mousedown&quot;,this.onMouse,true);o.addEventListener(&quot;mouseup&quot;,this.onMouse,true)}o.addEventListener(&quot;click&quot;,this.onClick,true);o.addEventListener(&quot;touchstart&quot;,this.onTouchStart,false);o.addEventListener(&quot;touchmove&quot;,this.onTouchMove,false);o.addEventListener(&quot;touchend&quot;,this.onTouchEnd,false);o.addEventListener(&quot;touchcancel&quot;,this.onTouchCancel,false);if(!Event.prototype.stopImmediatePropagation){o.removeEventListener=function(l,s,i){var r=Node.prototype.removeEventListener;if(l===&quot;click&quot;){r.call(o,l,s.hijacked||s,i)}else{r.call(o,l,s,i)}};o.addEventListener=function(r,s,l){var i=Node.prototype.addEventListener;if(r===&quot;click&quot;){i.call(o,r,s.hijacked||(s.hijacked=function(t){if(!t.propagationStopped){s(t)}}),l)}else{i.call(o,r,s,l)}}}if(typeof o.onclick===&quot;function&quot;){p=o.onclick;o.addEventListener(&quot;click&quot;,function(i){p(i)},false);o.onclick=null}}var c=navigator.userAgent.indexOf(&quot;Windows Phone&quot;)&amp;gt;=0;var b=navigator.userAgent.indexOf(&quot;Android&quot;)&amp;gt;0&amp;amp;&amp;amp;!c;var g=/iP(ad|hone|od)/.test(navigator.userAgent)&amp;amp;&amp;amp;!c;var e=g&amp;amp;&amp;amp;(/OS 4_\d(_\d)?/).test(navigator.userAgent);var f=g&amp;amp;&amp;amp;(/OS ([6-9]|\d{2})_\d/).test(navigator.userAgent);var a=navigator.userAgent.indexOf(&quot;BB10&quot;)&amp;gt;0;d.prototype.needsClick=function(h){switch(h.nodeName.toLowerCase()){case&quot;button&quot;:case&quot;select&quot;:case&quot;textarea&quot;:if(h.disabled){return true}break;case&quot;input&quot;:if((g&amp;amp;&amp;amp;h.type===&quot;file&quot;)||h.disabled){return true}break;case&quot;label&quot;:case&quot;iframe&quot;:case&quot;video&quot;:return true}return(/\bneedsclick\b/).test(h.className)};d.prototype.needsFocus=function(h){switch(h.nodeName.toLowerCase()){case&quot;textarea&quot;:return true;case&quot;select&quot;:return !b;case&quot;input&quot;:switch(h.type){case&quot;button&quot;:case&quot;checkbox&quot;:case&quot;file&quot;:case&quot;image&quot;:case&quot;radio&quot;:case&quot;submit&quot;:return false}return !h.disabled&amp;amp;&amp;amp;!h.readOnly;default:return(/\bneedsfocus\b/).test(h.className)}};d.prototype.sendClick=function(j,k){var h,l;var i=this;if(document.activeElement&amp;amp;&amp;amp;document.activeElement!==j){document.activeElement.blur()}l=k.changedTouches[0];h=document.createEvent(&quot;MouseEvents&quot;);h.initEvent(this.determineEventType(j),true,true);h.forwardedTouchEvent=true;j.dispatchEvent(h)};d.prototype.determineEventType=function(h){if(b&amp;amp;&amp;amp;h.tagName.toLowerCase()===&quot;select&quot;){return&quot;mousedown&quot;}return&quot;click&quot;};d.prototype.focus=function(h){var i;if(g&amp;amp;&amp;amp;h.setSelectionRange&amp;amp;&amp;amp;h.type.indexOf(&quot;date&quot;)!==0&amp;amp;&amp;amp;h.type!==&quot;time&quot;&amp;amp;&amp;amp;h.type!==&quot;month&quot;){i=h.value.length;h.setSelectionRange(i,i)}else{h.focus()}};d.prototype.updateScrollParent=function(i){var j,h;j=i.fastClickScrollParent;if(!j||!j.contains(i)){h=i;do{if(h.scrollHeight&amp;gt;h.offsetHeight){j=h;i.fastClickScrollParent=h;break}h=h.parentElement}while(h)}if(j){j.fastClickLastScrollTop=j.scrollTop}};d.prototype.getTargetElementFromEventTarget=function(h){if(h.nodeType===Node.TEXT_NODE){return h.parentNode}return h};d.prototype.onTouchStart=function(j){var h,k,i;if(j.targetTouches.length&amp;gt;1){return true}h=this.getTargetElementFromEventTarget(j.target);k=j.targetTouches[0];if(g){i=window.getSelection();if(i.rangeCount&amp;amp;&amp;amp;!i.isCollapsed){return true}if(!e){if(k.identifier&amp;amp;&amp;amp;k.identifier===this.lastTouchIdentifier){j.preventDefault();return false}this.lastTouchIdentifier=k.identifier;this.updateScrollParent(h)}}this.trackingClick=true;this.trackingClickStart=j.timeStamp;this.targetElement=h;this.touchStartX=k.pageX;this.touchStartY=k.pageY;if((j.timeStamp-this.lastClickTime)&amp;lt;this.tapDelay){j.preventDefault()}return true};d.prototype.touchHasMoved=function(h){var j=h.changedTouches[0],i=this.touchBoundary;if(Math.abs(j.pageX-this.touchStartX)&amp;gt;i||Math.abs(j.pageY-this.touchStartY)&amp;gt;i){return true}return false};d.prototype.onTouchMove=function(h){if(!this.trackingClick){return true}if(this.targetElement!==this.getTargetElementFromEventTarget(h.target)||this.touchHasMoved(h)){this.trackingClick=false;this.targetElement=null}return true};d.prototype.findControl=function(h){if(h.control!==undefined){return h.control}if(h.htmlFor){return document.getElementById(h.htmlFor)}return h.querySelector(&quot;button, input:not([type=hidden]), keygen, meter, output, progress, select, textarea&quot;)};d.prototype.onTouchEnd=function(j){var l,k,i,n,m,h=this.targetElement;if(!this.trackingClick){return true}if((j.timeStamp-this.lastClickTime)&amp;lt;this.tapDelay){this.cancelNextClick=true;return true}if((j.timeStamp-this.trackingClickStart)&amp;gt;this.tapTimeout){return true}this.cancelNextClick=false;this.lastClickTime=j.timeStamp;k=this.trackingClickStart;this.trackingClick=false;this.trackingClickStart=0;if(f){m=j.changedTouches[0];h=document.elementFromPoint(m.pageX-window.pageXOffset,m.pageY-window.pageYOffset)||h;h.fastClickScrollParent=this.targetElement.fastClickScrollParent}i=h.tagName.toLowerCase();if(i===&quot;label&quot;){l=this.findControl(h);if(l){this.focus(h);if(b){return false}h=l}}else{if(this.needsFocus(h)){if((j.timeStamp-k)&amp;gt;100||(g&amp;amp;&amp;amp;window.top!==window&amp;amp;&amp;amp;i===&quot;input&quot;)){this.targetElement=null;return false}this.focus(h);this.sendClick(h,j);if(!g||i!==&quot;select&quot;){this.targetElement=null;j.preventDefault()}return false}}if(g&amp;amp;&amp;amp;!e){n=h.fastClickScrollParent;if(n&amp;amp;&amp;amp;n.fastClickLastScrollTop!==n.scrollTop){return true}}if(!this.needsClick(h)){j.preventDefault();this.sendClick(h,j)}return false};d.prototype.onTouchCancel=function(h){this.trackingClick=false;this.targetElement=null};d.prototype.onMouse=function(h){if(!this.targetElement){return true}if(h.forwardedTouchEvent){return true}if(!h.cancelable){return true}if(!this.needsClick(this.targetElement)||this.cancelNextClick){$(&quot;#debug&quot;).append(&quot;&amp;lt;p&amp;gt;stop &quot;+h.target.className+&quot;&amp;lt;/p&amp;gt;&quot;);if(h.stopImmediatePropagation){h.stopImmediatePropagation()}else{h.propagationStopped=true}h.stopPropagation();h.preventDefault();return false}return true};d.prototype.onClick=function(h){var i;if(this.trackingClick){this.targetElement=null;this.trackingClick=false;return true}if(h.target.type===&quot;submit&quot;&amp;amp;&amp;amp;h.detail===0){return true}i=this.onMouse(h);if(!i){this.targetElement=null}return i};d.prototype.destroy=function(){var h=this.layer;if(b){h.removeEventListener(&quot;mouseover&quot;,this.onMouse,true);h.removeEventListener(&quot;mousedown&quot;,this.onMouse,true);h.removeEventListener(&quot;mouseup&quot;,this.onMouse,true)}h.removeEventListener(&quot;click&quot;,this.onClick,true);h.removeEventListener(&quot;touchstart&quot;,this.onTouchStart,false);h.removeEventListener(&quot;touchmove&quot;,this.onTouchMove,false);h.removeEventListener(&quot;touchend&quot;,this.onTouchEnd,false);h.removeEventListener(&quot;touchcancel&quot;,this.onTouchCancel,false)};d.notNeeded=function(i){var h;var k;var j;if(typeof window.ontouchstart===&quot;undefined&quot;){return true}if(i.style.touchAction===&quot;none&quot;){return true}return false};d.attach=function(i,h){return new d(i,h)};B.FastClick=d}());&lt;/script&gt;&lt;script id=&quot;index_plus_ls_js_utils&quot; type=&quot;text/javascript&quot; class=&quot;js_utils&quot;&gt;define(&quot;lib/utils&quot;,function(){(function(){var e=window;function c(){var g=1;if(&quot;orientation&quot; in window){switch(window.orientation){case 90:case -90:g=-1;break;case 0:case 180:g=1;break;default:}}else{g=window.innerHeight&amp;gt;window.innerWidth?1:-1}return g}var f=[];var b=&quot;onorientationchange&quot; in window,d=b?&quot;orientationchange&quot;:&quot;resize&quot;;var a=c();$(window).on(d,function(){var g=c();if(g!==a){a=g;setTimeout(function(){},200)}})})();(function(){function b(e,i){var g=window;var d=$(&quot;#commonBase&quot;);var h={tcreq4log:1+&quot;&amp;amp;&quot;+d.attr(&quot;data-prepath&quot;).replace(/#/g,&quot;&amp;amp;&quot;),ct:0,cst:0,ref:d.attr(&quot;data-ref&quot;)||&quot;&quot;,lid:d.attr(&quot;data-lid&quot;)||&quot;&quot;,w:d.attr(&quot;data-pn&quot;)+&quot;_&quot;+d.attr(&quot;data-rn&quot;)+&quot;_&quot;+encodeURIComponent(d.attr(&quot;data-query&quot;)||&quot;&quot;)};if(d.attr(&quot;data-sids&quot;)){h.sid=d.attr(&quot;data-sids&quot;)}if(g.B.Index.getCardIndex){var f=g.B.Index.getCardIndex(e.clk_from);if(~f){e.card_index=f}}$.extend(h,e);a(&quot;//m.baidu.com/tc&quot;,h,i)}function a(e,d,l){var k=Date.now(),g=window[k]=new Image(),h=&quot;&quot;,j=null;g.onload=g.onerror=g.onabort=function(){window[k]=null;if(j){clearTimeout(j);j=null;l()}};d=d||{};d.r=k;for(var f in d){if(d.hasOwnProperty(f)){h+=&quot;&amp;amp;&quot;+f+&quot;=&quot;+d[f]}}g.src=e+&quot;?&quot;+h.slice(1);if(typeof l===&quot;function&quot;){j=setTimeout(function(){j=null;l()},500)}}var c=window.B||(window.B={});c.log={send:b}})();(function(){var b=window.B||(window.B={});var a=function(e,d){var f=b[e]={};f.enabled=b.lsSupport;if(!f.enabled){f.getObjItem=f.getObj=f.getItem=f.get=f.key=function(){return null};f.setObj=f.setObjItem=f.updateObj=f.updateObjItem=f.setItem=f.set=f.removeItem=f.remove=f.clear=function(){};f.length=function(){return 0};f.keys=function(){return[]};return}var c=window[d];f.getItem=function(g){return c.getItem(g)};f.setItem=function(g,h){c.setItem(g,h)};f.removeItem=function(g){c.removeItem(g)};f.getObjItem=function(g,h){var k=this.getItem(g),j=null;try{j=JSON.parse(k);h&amp;amp;&amp;amp;(j=j[h])}catch(i){j=null}return j};f.getObj=function(k,h,j,i){var g=[k,h,j].join(&quot;_&quot;);return this.getObjItem(g,i)};f.get=function(j,h,i){var g=[j,h,i].join(&quot;_&quot;);return f.getItem(g)};f.set=function(k,h,j,i){var g=[k,h,j].join(&quot;_&quot;);f.setItem(g,i)};f.remove=function(j,h,i){var g=[j,h,i].join(&quot;_&quot;);f.removeItem(g)};f.setObjItem=function(g,h){this.setItem(g,JSON.stringify(h))};f.setObj=function(i,g,h,j){this.setObjItem([i,g,h].join(&quot;_&quot;),j)};f.updateObjItem=function(h,i,g){var j=this.getObjItem(h);if(j!=null){j[i]=g;this.setObjItem(h,j)}};f.updateObj=function(k,h,j,i,g){this.updateObjItem([k,h,j].join(&quot;_&quot;),i,g)};f.keys=function(n,k){var m=false,j;if(arguments.length==2){j=[n,k].join(&quot;_&quot;);m=new RegExp(&quot;^&quot;+j)}var l=[];for(var h=0,g=c.length;h&amp;lt;g;++h){j=c.key(h);if(!m||j.match(m)){l.push(j)}}return l};f.clear=function(){c.clear()};f.length=function(){return c.length};f.key=function(g){return c.key(g)}};a(&quot;ls&quot;,&quot;localStorage&quot;);a(&quot;ss&quot;,&quot;sessionStorage&quot;)})();(function(){var a=window.B||(window.B={});a.tipsInfo={tipsShow:function(f,d,c,b){var e=a.ls.getObjItem(&quot;plus_tips_info&quot;);if(!e){e={}}if(!e[f]){e[f]={times:0,name:d}}this.detect2Close(f,d,++e[f].times,c,b).done(function(){delete e[f]}).always(function(){a.ls.setObjItem(&quot;plus_tips_info&quot;,e)})},detect2Close:function(g,d,e,c,b){var f=$.Deferred();if(e&amp;gt;=c){this.sendClose(g,d,b).done(function(h){if(h&amp;amp;&amp;amp;+h.errno===0){f.resolve()}}).fail(function(){f.reject()})}else{f.reject()}return f},sendClose:function(d,c,b){return $.ajaxget({url:&quot;?action=setadstatus&quot;,dataType:&quot;json&quot;,data:{place:c,child_place:b||&quot;&quot;,aid:d}})}}})();B.cookie=function(d,e,c){var b,g,a,f;if(arguments.length==0){return document.cookie}if(arguments.length&amp;gt;1&amp;amp;&amp;amp;String(e)!==&quot;[object Object]&quot;){c=c||{};if(e===null||e===undefined){c.expires=-1}if(typeof c.expires===&quot;number&quot;){b=c.expires;g=c.expires=new Date();g.setTime(g.getTime()+b)}e=String(e);return(document.cookie=[encodeURIComponent(d),&quot;=&quot;,c.raw?e:encodeURIComponent(e),c.expires?&quot;; expires=&quot;+c.expires.toUTCString():&quot;&quot;,c.path?&quot;; path=&quot;+c.path:&quot;&quot;,c.domain?&quot;; domain=&quot;+c.domain:&quot;&quot;,c.secure?&quot;; secure&quot;:&quot;&quot;].join(&quot;&quot;))}c=e||{};f=c.raw?function(h){return h}:decodeURIComponent;return(a=new RegExp(&quot;(?:^|; )&quot;+encodeURIComponent(d)+&quot;=([^;]*)&quot;).exec(document.cookie))?f(a[1]):null}});require([&quot;lib/utils&quot;]);&lt;/script&gt;&lt;script id=&quot;index_plus_ls_js_smartymonkey&quot; type=&quot;text/javascript&quot; class=&quot;js_smartymonkey&quot;&gt;(function(global){var START_END={append:{start:&quot;&#039;+(&quot;,end:&quot;)+&#039;&quot;,endencode:&quot;||&#039;&#039;).toString()+&#039;&quot;},split:{start:&quot;&#039;;out+=(&quot;,end:&quot;);out+=&#039;&quot;,endencode:&quot;||&#039;&#039;).toString();out+=&#039;&quot;}};var skip=/$^/;var sid=0;function smartyMonkey(options){options=options||{};this.setOpt(options)}smartyMonkey.prototype={constructor:smartyMonkey,setOpt:function(options){options=options||{};var self=this;var lDelimiter=options.lDelimiter||&quot;{%&quot;;var rDelimiter=options.rDelimiter||&quot;%}&quot;;self.filterMap={count:&quot;.length&quot;};self.filterMap=merge(self.filterMap,options.filterMap);var filters=[];for(var i in this.filterMap){filters.push(i)}var defaultRegxs={filters:regx(&quot;\\|\\@?(&quot;+filters.join(&quot;|&quot;)+&quot;)(?=[^\\{\\%]*?\\%\\})&quot;),smConditional:regx(lDelimiter+&quot;(\\/|(else))?\\s*(if|else)([\\s\\S]*?)&quot;+rDelimiter),smInterpolate:regx(lDelimiter+&quot;\\$([^\\=]+?)(?:\\|@?([^\\&amp;amp;\\|]+))?\\s*?(\\=\\s*[\\$]?([\\s\\S]+?))?&quot;+rDelimiter),smIterate:regx(lDelimiter+&quot;(\\/)?foreach\\s*(?:(?:\\$([\\s\\S]+?)\\s+as\\s+(?:\\$([^\\=\\&amp;gt;]+))?\\s*?(?:\\=\\&amp;gt;)?\\s*?\\$([\\s\\S]*?))|(from=[^\\%]*?))?&quot;+rDelimiter),smLoop:regx(lDelimiter+&quot;(\\/)?for\\s*(?:\\$([\\s\\S]+)\\=\\s*([\\s\\S]+?)\\s*to\\s*([\\s\\S]+?)\\s*)?&quot;+rDelimiter),smComments:/\{\%\*[\s\S]*?\*\%\}/g};var defaultSet={varnames:[&quot;it&quot;],strip:true};self.set=merge(defaultSet,options.set);self.regxs=merge(defaultRegxs,options.regxs);self.execFns=merge(self.getDefaultExecFns(self.set),options.execFns)},getDefaultExecFns:function(set){var self=this;var cse=set.append?START_END.append:START_END.split;return{smComments:function(){return&quot;&quot;},smInterpolate:function(m,code,escaper,assign,variable){var output=cse.start+unescape(code)+&quot;).toString()+&#039;&quot;;if(assign){output=&quot;&#039;;var &quot;+unescape(code+&quot;=&quot;+variable)+&quot;;out+=&#039;&quot;}return output},smConditional:function(m,elseifcase,ifcase,elsecase,code){code=code.replace(/\$/g,&quot;&quot;);return elseifcase?(ifcase?(code?&quot;&#039;;}else if(&quot;+unescape(code)+&quot;){out+=&#039;&quot;:&quot;&#039;;}out+=&#039;&quot;):(code?&quot;&#039;;}else{out+=&#039;&quot;:&quot;&#039;;}out+=&#039;&quot;)):(code?&quot;&#039;;if(&quot;+unescape(code)+&quot;){out+=&#039;&quot;:&quot;&#039;;}else{out+=&#039;&quot;)},smIterate:function(m,endtag,from,key,value,standerd){var defaultMatch=[&quot;&quot;,null];var name=null;if(standerd){from=(/from=\$([^\s]*)/g.exec(standerd)||defaultMatch)[1];value=(/item=([^\s]*)/g.exec(standerd)||defaultMatch)[1];key=(/key=([^\s]*)/g.exec(standerd)||defaultMatch)[1];name=(/name=([^\s]*)/g.exec(standerd)||defaultMatch)[1]}if(endtag){return&quot;&#039;;} } out+=&#039;&quot;}sid+=1;indv=value||&quot;i&quot;+sid;from=unescape(from);return&quot;&#039;;var arr&quot;+sid+&quot;=&quot;+from+&quot;;if(arr&quot;+sid+&quot;){&quot;+(name?&quot;smarty.foreach.&quot;+name+&quot;={index: -1};&quot;:&quot;&quot;)+&quot;var &quot;+indv+&quot;,&quot;+(key||&quot;key&quot;)+&quot;=-1;for(&quot;+(key||&quot;key&quot;)+&quot; in arr&quot;+sid+&quot;){&quot;+(name?&quot;smarty.foreach.&quot;+name+&quot;.index++;&quot;:&quot;&quot;)+value+&quot;=arr&quot;+sid+&quot;[&quot;+(key||&quot;key&quot;)+&quot;];out+=&#039;&quot;},smLoop:function(m,endtag,key,from,to){var str=endtag?(&quot;&#039;;} out+=&#039;&quot;):(&quot;&#039;;for(var &quot;+key+&quot;=&quot;+from.replace(&quot;$&quot;,&quot;&quot;)+&quot;;&quot;+key+&quot;&amp;lt;=&quot;+to.replace(&quot;$&quot;,&quot;&quot;)+&quot;;&quot;+key+&quot;++){out+=&#039;&quot;);return str},filters:function(m,escaper){var code=&quot;&quot;;if(escaper&amp;amp;&amp;amp;self.filterMap[escaper]){if(typeof self.filterMap[escaper]===&quot;function&quot;){code=self.filterMap[escaper](m)}else{code=code+self.filterMap[escaper]}}return code}}},replace:function(str){var regxs=this.regxs;var execFns=this.execFns;for(var reg in regxs){str=str.replace(regxs[reg]||skip,execFns[reg])}return str},compile:function(tmpl,set){var self=this;var set=merge(self.set,set);var str=tmpl;str=(&quot;var smarty={foreach: {}};var out=&#039;&quot;+(set.strip?str.replace(/(^|\r|\n)\t* +| +\t*(\r|\n|$)/g,&quot; &quot;).replace(/\r|\n|\t|\/\*[\s\S]*?\*\//g,&quot;&quot;):str).replace(/&#039;|\\/g,&quot;\\$&amp;amp;&quot;));str=self.replace(str);str+=&quot;&#039;;return out;&quot;;return new Function(set.varnames,str)}};var _globals=(function(){return this||(0,eval)(&quot;this&quot;)}());function create(options){return new smartyMonkey(options)}if(typeof module!==&quot;undefined&quot;&amp;amp;&amp;amp;module.exports){module.exports={create:create}}else{if(typeof define===&quot;function&quot;&amp;amp;&amp;amp;define.amd){define(&quot;lib/smartyMonkey&quot;,function(){return{create:create}})}else{_globals.smartyMonkey={create:create}}}function unescape(code){return code.replace(/\\(&#039;|\\)/g,&quot;$1&quot;).replace(/[\r\t\n]/g,&quot; &quot;)}function merge(obj1,obj2){for(var i in obj2){obj1[i]=obj2[i]}return obj1}function regx(str,set){return new RegExp(str,set||&quot;g&quot;)}})(this);&lt;/script&gt;&lt;script id=&quot;index_plus_ls_js_index&quot; type=&quot;text/javascript&quot; class=&quot;js_index&quot;&gt;define(&quot;plugin/swipe&quot;,function(){function a(q,f,n){var o=$(n);var y=window;var D=y.document;var g=function(){};var A=function(K,L){setTimeout(K||g,L||0)};var J={addEventListener:!!y.addEventListener,touch:(&quot;ontouchstart&quot; in y)||y.DocumentTouch&amp;amp;&amp;amp;D instanceof DocumentTouch,transitions:(function(K){var M=[&quot;transitionProperty&quot;,&quot;WebkitTransition&quot;,&quot;MozTransition&quot;,&quot;OTransition&quot;,&quot;msTransition&quot;];for(var L in M){if(K.style[M[L]]!==undefined){return true}}return false})(D.createElement(&quot;swipe&quot;))};if(!q){return}var d=q.children[0];var w,e,v,h;f=f||{};var m=parseInt(f.startSlide,10)||0;var B=f.speed||300;f.continuous=f.continuous!==undefined?f.continuous:true;f.autoRestart=f.autoRestart!==undefined?f.autoRestart:false;function s(){w=d.children;h=w.length;if(w.length&amp;lt;2){f.continuous=false}if(J.transitions&amp;amp;&amp;amp;f.continuous&amp;amp;&amp;amp;w.length&amp;lt;3){d.appendChild(w[0].cloneNode(true));d.appendChild(d.children[1].cloneNode(true));w=d.children}e=new Array(w.length);v=q.getBoundingClientRect().width||q.offsetWidth;d.style.width=(w.length*v*2)+&quot;px&quot;;var L=w.length;while(L--){var K=w[L];K.style.width=v+&quot;px&quot;;K.setAttribute(&quot;data-index&quot;,L);if(J.transitions){K.style.left=(L*-v)+&quot;px&quot;;u(L,m&amp;gt;L?-v:(m&amp;lt;L?v:0),0)}}if(f.continuous&amp;amp;&amp;amp;J.transitions){u(j(m-1),-v,0);u(j(m+1),v,0)}if(!J.transitions){d.style.left=(m*-v)+&quot;px&quot;}q.style.visibility=&quot;visible&quot;}function r(){if(f.continuous){b(m-1)}else{if(m){b(m-1)}}}function t(){if(f.continuous){b(m+1)}else{if(m&amp;lt;w.length-1){b(m+1)}}}function j(K){return(w.length+(K%w.length))%w.length}function C(){var K=m;if(K&amp;gt;=h){K=K-h}return K}function b(O,L){O=typeof O!==&quot;number&quot;?parseInt(O,10):O;if(m===O){return}if(J.transitions){var N=Math.abs(m-O)/(m-O);if(f.continuous){var K=N;N=-e[j(O)]/v;if(N!==K){O=-N*w.length+O}}var M=Math.abs(m-O)-1;while(M--){u(j((O&amp;gt;m?O:m)-M-1),v*N,0)}O=j(O);u(m,v*N,L||B);u(O,0,L||B);if(f.continuous){u(j(O-N),-(v*N),0)}}else{O=j(O);k(m*-v,O*-v,L||B)}m=O;A(f.callback&amp;amp;&amp;amp;f.callback(C(),w[m]))}function u(K,M,L){p(K,M,L);e[K]=M}function p(L,O,N){var K=w[L];var M=K&amp;amp;&amp;amp;K.style;if(!M){return}M.webkitTransitionDuration=M.MozTransitionDuration=M.msTransitionDuration=M.OTransitionDuration=M.transitionDuration=N+&quot;ms&quot;;M.webkitTransform=&quot;translate(&quot;+O+&quot;px,0)&quot;;M.msTransform=M.MozTransform=M.OTransform=&quot;translateX(&quot;+O+&quot;px)&quot;}function k(O,N,K){if(!K){d.style.left=N+&quot;px&quot;;return}var M=+new Date();var L=setInterval(function(){var P=+new Date()-M;if(P&amp;gt;K){d.style.left=N+&quot;px&quot;;if(I){F()}if(f.transitionEnd){f.transitionEnd.call(event,C(),w[m])}clearInterval(L);return}d.style.left=(((N-O)*(Math.floor((P/K)*100)/100))+O)+&quot;px&quot;},4)}var I=f.auto||0;var E;function F(){E=setTimeout(t,I)}function x(){I=0;clearTimeout(E)}function z(){x();I=f.auto||0;F()}function l(K){return/^mouse/.test(K.type)}var i={};var G={};var H;var c={handleEvent:function(K){switch(K.type){case&quot;mousedown&quot;:case&quot;touchstart&quot;:this.start(K);break;case&quot;mousemove&quot;:case&quot;touchmove&quot;:this.move(K);break;case&quot;mouseup&quot;:case&quot;mouseleave&quot;:case&quot;touchend&quot;:A(this.end(K));break;case&quot;webkitTransitionEnd&quot;:case&quot;msTransitionEnd&quot;:case&quot;oTransitionEnd&quot;:case&quot;otransitionend&quot;:case&quot;transitionend&quot;:A(this.transitionEnd(K));break;case&quot;resize&quot;:A(s);break;case&quot;hashchange&quot;:A(s);break;case&quot;popstate&quot;:A(s,15);break}if(f.stopPropagation){K.stopPropagation()}},start:function(K){var L;if(l(K)){L=K;K.preventDefault()}else{L=K.touches[0]}i={x:L.pageX,y:L.pageY,time:+new Date()};H=undefined;G={};if(l(K)){d.addEventListener(&quot;mousemove&quot;,this,false);d.addEventListener(&quot;mouseup&quot;,this,false);d.addEventListener(&quot;mouseleave&quot;,this,false)}else{d.addEventListener(&quot;touchmove&quot;,this,false);d.addEventListener(&quot;touchend&quot;,this,false)}},move:function(K){var L;if(l(K)){L=K}else{if(K.touches.length&amp;gt;1||K.scale&amp;amp;&amp;amp;K.scale!==1){return}if(f.disableScroll){K.preventDefault()}L=K.touches[0]}G={x:L.pageX-i.x,y:L.pageY-i.y};if(typeof H===&quot;undefined&quot;){H=!!(H||Math.abs(G.x)&amp;lt;Math.abs(G.y))}if(!H){K.preventDefault();x();if(f.continuous){p(j(m-1),G.x+e[j(m-1)],0);p(m,G.x+e[m],0);p(j(m+1),G.x+e[j(m+1)],0)}else{G.x=G.x/((!m&amp;amp;&amp;amp;G.x&amp;gt;0||m===w.length-1&amp;amp;&amp;amp;G.x&amp;lt;0)?(Math.abs(G.x)/v+1):1);p(m-1,G.x+e[m-1],0);p(m,G.x+e[m],0);p(m+1,G.x+e[m+1],0)}}},end:function(M){var P=+new Date()-i.time;var L=Number(P)&amp;lt;250&amp;amp;&amp;amp;Math.abs(G.x)&amp;gt;20||Math.abs(G.x)&amp;gt;v/4;var K=!m&amp;amp;&amp;amp;G.x&amp;gt;0||m===w.length-1&amp;amp;&amp;amp;G.x&amp;lt;0;if(f.continuous){K=false}var O=G.x&amp;lt;0;if(!H){if(L&amp;amp;&amp;amp;!K){if(O){if(f.continuous){u(j(m-1),-v,0);u(j(m+2),v,0)}else{u(m-1,-v,0)}u(m,e[m]-v,B);u(j(m+1),e[j(m+1)]-v,B);m=j(m+1)}else{if(f.continuous){u(j(m+1),v,0);u(j(m-2),-v,0)}else{u(m+1,v,0)}u(m,e[m]+v,B);u(j(m-1),e[j(m-1)]+v,B);m=j(m-1)}var N=Math.abs(m%o.length);o.removeClass(&quot;ns-swipe-tab-active&quot;);o.eq(N).addClass(&quot;ns-swipe-tab-active&quot;);window.B.thunderLog.send({tid:12,cst:2,logFrom:&quot;navs&quot;,logInfo:&quot;slide&quot;,logExtra:&#039;{&quot;pos&quot;:&#039;+N+&quot;}&quot;,ref:&quot;index_iphone&quot;});if(f.callback){f.callback(C(),w[m])}}else{if(f.continuous){u(j(m-1),-v,B);u(m,0,B);u(j(m+1),v,B)}else{u(m-1,-v,B);u(m,0,B);u(m+1,v,B)}}}if(l(M)){d.removeEventListener(&quot;mousemove&quot;,c,false);d.removeEventListener(&quot;mouseup&quot;,c,false);d.removeEventListener(&quot;mouseleave&quot;,c,false)}else{d.removeEventListener(&quot;touchmove&quot;,c,false);d.removeEventListener(&quot;touchend&quot;,c,false)}},transitionEnd:function(K){if(parseInt(K.target.getAttribute(&quot;data-index&quot;),10)===m){if(I||f.autoRestart){z()}if(f.transitionEnd){f.transitionEnd.call(K,C(),w[m])}}}};s();if(I){F()}if(J.addEventListener){if(J.touch){d.addEventListener(&quot;touchstart&quot;,c,false)}if(f.draggable){d.addEventListener(&quot;mousedown&quot;,c,false)}if(J.transitions){d.addEventListener(&quot;webkitTransitionEnd&quot;,c,false);d.addEventListener(&quot;msTransitionEnd&quot;,c,false);d.addEventListener(&quot;oTransitionEnd&quot;,c,false);d.addEventListener(&quot;otransitionend&quot;,c,false);d.addEventListener(&quot;transitionend&quot;,c,false)}y.addEventListener(&quot;resize&quot;,c,false);y.addEventListener(&quot;hashchange&quot;,c,false);y.addEventListener(&quot;popstate&quot;,c,false)}else{y.onresize=function(){s()};y.onhashchange=function(){s()}}}return a});;define(&quot;start/index&quot;,function(){var c=window;var k=$(&quot;#commonBase&quot;).data(&quot;prepath&quot;).replace(/#/g,&quot;&amp;amp;&quot;);var f=c.B.thunderLog?c.B.thunderLog.send:null;$.ajaxSettings.cache=false;(function e(){var o={data:{}};var n=window.location.search.match(/sid=([^&amp;amp;]*)&amp;amp;*/);o.data.sid=(n&amp;amp;&amp;amp;n[1])||$(&quot;#commonBase&quot;).data(&quot;sids&quot;);var p=/(.*?)=(.*?)(&amp;amp;|$)/g;var q;while((q=p.exec(k))&amp;amp;&amp;amp;q[1]){o.data[q[1]]=q[2]}$.extend($,{ajaxget:function(r){var u={type:&quot;GET&quot;};var t=$.extend(true,{},o);var s=$.extend(true,t,u,r);return $.ajax(s)},ajaxpost:function(r){var u={type:&quot;POST&quot;};var t=$.extend(true,{},o);var s=$.extend(true,t,u,r);return $.ajax(s)},ajaxjsonp:function(r){var u={dataType:&quot;jsonp&quot;};var t=$.extend(true,{},o);var s=$.extend(true,t,u,r);return $.ajax(s)}})})();var j={rAF:window.requestAnimationFrame||window.webkitRequestAnimationFrame||function(n){setTimeout(n,1000/60)}};var i=B.Index={$el:$(&quot;#index-card&quot;),$view:$(&quot;#index-view&quot;),$plus:$(&quot;#plus-card&quot;),widget:{},prepath:k,requestPlus:function(n,p){var o=$.extend({ms:1,action:&quot;getplus&quot;},n);return $.ajaxjsonp({url:&quot;?&quot;,data:o,timeout:p||8000})},contentWidth:function(o,q){var n=0;if(o){var p=$(document.body);var r=$(&quot;&amp;lt;pre&amp;gt;&quot;).css({&quot;font-size&quot;:q,position:&quot;absolute&quot;,top:&quot;-10em&quot;}).text(o);p.prepend(r);n=r.width();r.remove()}return n},timer:function(o,n){if(n==0){j.rAF(o)}else{return setTimeout(o,n)}},scrollToTop:function(){this.timer(function(){window.scrollTo(0,0)});return this},scrollToElement:function(n){if(n.length){this.timer(function(){window.scrollTo(0,n.offset().top-parseInt(n.css(&quot;margin-top&quot;)))})}return this},scrollAnimate:function(o,r){var q=o;var p=null;var n=function(s){var t=Math.round(s/5);q=q-t;if(q&amp;lt;r){c.clearInterval(p);c.scrollTo(0,r);return false}c.scrollTo(0,q)};p=c.setInterval(function(){n(o)},20)},back:function(){history.back();return this},to:function(n,o){if(o==undefined){o=n,n=&quot;iview&quot;}B.hash.set(n,o);return this},avoidPenetration:function(o,n){o.css(&quot;pointer-events&quot;,&quot;none&quot;);this.timer(function(){o.css(&quot;pointer-events&quot;,null)},n||400);return this},updateUserData:function(){},timg:function(s,o){var r=Math.floor(Date.now()/1000)-60;var p=&quot;wisetimgkey&quot;;var o=$.extend({quality:40,sec:r,di:B.md5([&quot;wisetimgkey&quot;,r,s].join(&quot;&quot;))},o);var n=&quot;http://cdn01.baidu-img.cn/timg?wisealaddin&quot;;if(/^https/.test(location.protocol)){n=&quot;https://ss0.bdstatic.com/9bA1vGfa2gU2pMbfm9GUKT-w/timg?wisealaddin&quot;}for(var q in o){if(o.hasOwnProperty(q)){n+=(&quot;&amp;amp;&quot;+q+&quot;=&quot;+window.encodeURIComponent(o[q]))}}n+=(&quot;&amp;amp;src=&quot;+window.encodeURIComponent(s));return n},timgNodes:function(p,n){var o=B.Index.timg;p.each(function(r){var q=p.eq(r);if(q.data(&quot;timg&quot;)){q.css(&quot;background-image&quot;,&quot;url(&quot;+o(q.data(&quot;timg&quot;),n)+&quot;)&quot;)}})}};B.Index.Animation={riseAsFirst:function(v,p,t){var n=$.Deferred();var u=v.siblings().filter(function(w){if($(this).index()&amp;lt;v.index()){return true}});var r=v.height()+parseInt(v.css(&quot;margin-top&quot;));var s=u.eq(0).offset().top-v.offset().top;var q=(p||0.5)+0.02+(v.index()-1)*(t||0.15);var o=null;v.css({&quot;-webkit-transition&quot;:&quot;-webkit-transform &quot;+q+&quot;s ease&quot;,&quot;-webkit-transform&quot;:&quot;translate3d(0, &quot;+s+&quot;px, 0)&quot;}).one(&quot;webkitTransitionEnd&quot;,function(w){clearTimeout(o);if(v.find(&quot;iframe&quot;).attr(&quot;src&quot;)){var x=$.grep(v.siblings(),function(y){if($(y).index()&amp;lt;v.index()){return true}});x.reverse().forEach(function(z){var y=$(z);y.find(&quot;script&quot;).attr(&quot;type&quot;,&quot;rerank/javascript&quot;);v.after(y);y.find(&quot;script&quot;).attr(&quot;type&quot;,null)})}else{v.find(&quot;script&quot;).attr(&quot;type&quot;,&quot;animation/javascript&quot;);u.eq(0).before(v);v.find(&quot;script&quot;).attr(&quot;type&quot;,null)}u.add(v).css({&quot;-webkit-transform&quot;:null,&quot;-webkit-transition&quot;:null});n.resolve()});o=setTimeout(function(){v.triggerHandler(&quot;webkitTransitionEnd&quot;);o=null},q*1000);i.timer(function(){u.css({&quot;-webkit-transition&quot;:&quot;-webkit-transform &quot;+(p||0.5)+&quot;s ease&quot;,&quot;-webkit-transform&quot;:&quot;translate3d(0, &quot;+r+&quot;px, 0)&quot;})});return n}};[&quot;on&quot;,&quot;off&quot;,&quot;one&quot;,&quot;trigger&quot;].forEach(function(n,o){i[n]=function(p,q){i.$el[n](p,q)}});$(&quot;#navs&quot;).children().eq(5).on(&quot;click&quot;,function(){if($(this).parent().toggleClass(&quot;expand&quot;).hasClass(&quot;expand&quot;)){$(this).data(&quot;stats&quot;,&quot;10|2|navs|a1_b6|1&quot;)}else{$(this).data(&quot;stats&quot;,&quot;10|2|navs|a1_b6|0&quot;)}});var d=require(&quot;plugin/swipe&quot;);var g=new d($(&quot;#ns-swipe&quot;).get(0),{startSlide:0,draggable:true,autoRestart:false,continuous:true,disableScroll:true,stopPropagation:true,speed:300,callback:function(n,o){},transitionEnd:function(n,o){}},&quot;.ns-swipe-tab&quot;);$(&quot;#navs&quot;).find(&quot;.menu-item-0&quot;).on(&quot;click&quot;,function(){window.location.href=&quot;?action=gettab&amp;amp;&amp;amp;tabId=0&quot;});function m(){h();b()}function b(){if(c.sSession.isLogin){l()}else{var n=c.sSession.loginGuide||{};if(+n.show||(B.ls&amp;amp;&amp;amp;B.ls.getItem(&quot;search_plus_showlogin&quot;))){var p=+n.show?&quot;a2&quot;:&quot;a3&quot;;var o=&quot;default&quot;;var q=n.guideCard||&quot;normal&quot;;if(B.ls&amp;amp;&amp;amp;B.ls.getItem(&quot;search_plus_showlogin&quot;)){B.ls.remove(&quot;search&quot;,&quot;plus&quot;,&quot;showlogin&quot;);o=&quot;addItem&quot;;q=&quot;novel&quot;}i.Login({type:o,plus:q,title:c.sSession.loginGuide.guideTitle,confirmCallback:function(){f&amp;amp;&amp;amp;f({ct:1,cst:2,logFrom:&quot;login&quot;,logInfo:p+&quot;_l1&quot;,logExtra:&quot;{plus:&quot;+q+&quot;}&quot;});(function(){c.location.href=i.Login.redirectUrl(&quot;ipassive=&quot;+q)})()},cancelCallback:function(){f&amp;amp;&amp;amp;f({ct:1,cst:2,logFrom:&quot;login&quot;,logInfo:p+&quot;_l2&quot;,logExtra:&quot;{plus:&quot;+q+&quot;}&quot;})}}).show();if(i.Login.show){f&amp;amp;&amp;amp;f({ct:1,cst:1,logFrom:&quot;login&quot;,logInfo:p+&quot;_l1&quot;,logExtra:&quot;{plus:&quot;+q+&quot;}&quot;})}}}[$(&quot;#logo&quot;),$(&quot;#navs&quot;)].forEach(function(r){B.FastClick.attach(r.get(0))})}function l(){if(/(ipassive|inormal)=([^|]*)/.test(location.hash)){var o=RegExp.$2;var n=RegExp.$1===&quot;inormal&quot;?2:3;f&amp;amp;&amp;amp;f({ct:1,cst:0,logFrom:o,logInfo:&quot;a1_l&quot;+n})}if(!c.sSession.isLogin&amp;amp;&amp;amp;$(&quot;.index-banner&quot;).length){f&amp;amp;&amp;amp;f({ct:1,cst:1,logFrom:&quot;banner&quot;,logInfo:&quot;a1_l1&quot;})}if($(&quot;#userinfo-wraps&quot;).find(&quot;.red-remind&quot;).get(0)){$(&quot;#userinfo&quot;).on(&quot;click&quot;,function(q){var p=$(this);q.preventDefault();$.ajaxget({url:&quot;/&quot;,dataType:&quot;json&quot;,type:&quot;get&quot;,data:{action:&quot;setadstatus&quot;,place:$(&quot;#userinfo-wraps&quot;).find(&quot;.red-remind&quot;).data(&quot;name&quot;),aid:$(&quot;#userinfo-wraps&quot;).find(&quot;.red-remind&quot;).data(&quot;aid&quot;)},timeout:8000,success:function(r){if(r&amp;amp;&amp;amp;r.errno==0&amp;amp;&amp;amp;r.data==true){p.parent(&quot;#userinfo-wraps&quot;).find(&quot;.red-remind&quot;).hide()}location.href=p.attr(&quot;href&quot;)},error:function(){location.href=p.attr(&quot;href&quot;)}})})}}function h(){$(c).on(&quot;pageshow&quot;,function(n){i.timer(function(){if($(&quot;.guide-container&quot;).length&amp;amp;&amp;amp;/ucbrowser/i.test(navigator.userAgent)!==-1){B.Index.Modal.hide();$(&quot;.guide-container&quot;).remove()}},1000)})}var a=$(&quot;#sync_card_jspool&quot;);window.B.saveCard=function(p,s){var v=$(p);var r=v.data(&quot;md5&quot;);var n=v.attr(&quot;id&quot;);var o=v.find(&quot;script&quot;);var q=-1;var t=&quot;&quot;;if(s&amp;amp;&amp;amp;~(q=mineSession.synCards.indexOf(n))){o=a.find(&quot;script&quot;).eq(q)}o.each(function(x,w){t+=w.outerHTML});if(!~q){o.remove()}var u={tpl:v[0].outerHTML,script:t,md5:r};B.ls.setObjItem(&quot;plus_card_&quot;+n,u);u.name=n;return u};return{init:m}});require([&quot;start/index&quot;],function(a){a.init()});&lt;/script&gt;&lt;script id=&quot;index_plus_ls_js_banner_ctrl&quot; type=&quot;text/javascript&quot; class=&quot;js_banner_ctrl&quot;&gt;define(&quot;operation/banner_ctrl&quot;,function(){var b=window;var c=$(&quot;#middle_banner&quot;);var a=b.B.Index;c.on(&quot;click&quot;,&quot;.banner-close-container&quot;,function(f){var d=$(this);$(&quot;#menu-container&quot;).removeClass(&quot;showads&quot;).addClass(&quot;hideads&quot;);$(&quot;.blank-frame&quot;).addClass(&quot;hideads&quot;);c.css(&quot;opacity&quot;,0);$(&quot;.blank-frame&quot;).one(&quot;webkitTransitionEnd&quot;,function(g){c.hide();$(&quot;#menu-container&quot;).removeClass(&quot;hideads&quot;);$(&quot;.blank-frame&quot;).removeClass(&quot;hideads&quot;)});$.ajaxget({url:&quot;/&quot;,dataType:&quot;json&quot;,type:&quot;get&quot;,data:{action:&quot;setadstatus&quot;,place:d.data(&quot;name&quot;),aid:d.data(&quot;aid&quot;)},timeout:8000,success:function(e){if(e&amp;amp;&amp;amp;e.errno==0&amp;amp;&amp;amp;e.data==true){}else{}},error:function(){}});b.B.log.send({ct:10,cst:2,clk_from:&quot;promb&quot;,clk_info:&quot;a1_b1&quot;})}).on(&quot;click&quot;,&quot;.middle-banner-container&quot;,function(f){var d=$(this).attr(&quot;href&quot;);b.B.log.send({ct:10,cst:2,clk_from:&quot;promb&quot;,clk_info:&quot;a1_l1&quot;},function(){b.location.href=d;return false});f.preventDefault()})});B.init(function(){require([&quot;operation/banner_ctrl&quot;])});&lt;/script&gt;&lt;script id=&quot;index_plus_ls_js_inputlog&quot; type=&quot;text/javascript&quot; class=&quot;js_inputlog&quot;&gt;define(&quot;log/inputlog&quot;,function(){var a=false;var f=false;var i=$(&#039;&amp;lt;input type=&quot;hidden&quot; name=&quot;inputT&quot;&amp;gt;&#039;);var e=$(&#039;&amp;lt;input type=&quot;hidden&quot; name=&quot;rsv_sug4&quot;&amp;gt;&#039;);var d=$(&quot;#index-form&quot;);var b=window;if(+b.sSession.abnormal===1){$.ajaxget({url:&quot;?action=exception&quot;,data:{errno:2,strategy:b.sSession.strategy}})}$(&quot;#index-kw&quot;).on(&quot;input&quot;,function(j){if(!a){a=true;i.val(+new Date());d.append(i)}}).on(&quot;focus&quot;,function(j){if(!f){f=true;e.val(+new Date());d.append(e)}});var c=false;var h=function(){if(!c){c=true;b.B.thunderLog.send({cst:2,tid:33,logFrom:&quot;page&quot;,logInfo:&quot;scroll&quot;,ref:&quot;index_iphone&quot;})}else{$(window).unbind(&quot;scroll&quot;,h)}};$(window).on(&quot;scroll&quot;,h);$(&quot;#index-form&quot;).on(&quot;submit&quot;,function(){i.val(+new Date()-i.val());e.val(+new Date()-e.val())});$(&quot;#bottom&quot;).on(&quot;click&quot;,&quot;ul li a&quot;,function(l){var j=$(this).parents(&quot;li&quot;).index();var k=this.getAttribute(&quot;href&quot;);b.B.thunderLog.send({cst:2,logFrom:&quot;foot&quot;,logInfo:&quot;a1_l&quot;+j,url:encodeURIComponent(k)},function(){location.href=k});l.preventDefault()});function g(){var o=$(window);var n=false;var j={};var m={};function l(){B.Index.$plus.find(&quot;.plus&quot;).each(function(p,q){j[$(q).attr(&quot;id&quot;)]={mid:$(q).offset().top+$(q).height()/2}})}function k(q){for(var p in j){if(!m[p]&amp;amp;&amp;amp;j[p].mid-q&amp;lt;o.height()){m[p]=true}}}o.on(&quot;cardloaded&quot;,function(){l();k(o.scrollTop())});B.listen(&quot;skeleton/tab_manager&quot;,&quot;scrollEvent0&quot;,function(){var p=o.scrollTop();if(!n){l();n=true}k(p);setTimeout(function(){if(o.scrollTop()===p){n=false}},500)});B.listen(&quot;skeleton/tab_manager&quot;,&quot;switchTab&quot;,function(p){if(p.toTab===&quot;0&quot;){l();k(o.scrollTop())}});$(&quot;body&quot;).on(&quot;touchend&quot;,function(){n=false})}g()});require([&quot;log/inputlog&quot;]);&lt;/script&gt;&lt;script id=&quot;index_plus_ls_js_bdnow&quot; type=&quot;text/javascript&quot; class=&quot;js_bdnow&quot;&gt;define(&quot;manager/bdnow&quot;,function(){var b=window;var d=(function(){var f=$(&quot;#index-card&quot;);function e(g){this.$topDom=g;this.prepath=$(&quot;#commonBase&quot;).data(&quot;prepath&quot;).replace(/#/g,&quot;&amp;amp;&quot;);this.bindEvent();this.msgType=this.$topDom.data(&quot;msgtype&quot;)}e.prototype={constructor:e,bindEvent:function(){var g=this;var h=b.B.Index;g.$topDom.on(&quot;click&quot;,&quot;.plus-edit&quot;,function(i){g.toggleEdit($(this));i.stopPropagation()}).on(&quot;click&quot;,&quot;.expand-tool&quot;,function(i){g.toggleExpand.call(g)}).on(&quot;click&quot;,&quot;.plus-edit ul li&quot;,function(j){var i=$(this).attr(&quot;data-cmd&quot;);g[i]&amp;amp;&amp;amp;g[i]();j.stopPropagation()}).on(&quot;click&quot;,&quot;.now-msg-ext&quot;,function(j){var i=$(this).attr(&quot;href&quot;);g.log({clk_info:&quot;a1_l2&quot;},function(){window.location.href=i});j.preventDefault();return false}).on(&quot;click&quot;,&quot;.msg-title-link&quot;,function(k){var i=$(this).attr(&quot;data-node&quot;);var j=$(this).data(&quot;type&quot;);if(j&amp;amp;&amp;amp;j===&quot;novelnow&quot;){var l=$(this).data(&quot;item&quot;);h.requestPlus({action:&quot;clickitem&quot;,gid:l,plustype:&quot;novel&quot;});g.log({clk_info:&quot;a1_l1&quot;,url:i},function(){window.location.href=i})}else{g.log({clk_info:&quot;a1_l1&quot;,clk_extra:j,url:i},function(){window.location.href=i})}k.preventDefault();return false}).on(&quot;click&quot;,&quot;.card-check&quot;,function(k){var i=$(this).attr(&quot;data-plus&quot;);var m=$(this).attr(&quot;data-tipid&quot;);var j=$(this).attr(&quot;data-bdurl&quot;);if(j){b.B.log.send({ct:10,cst:2,clk_from:&quot;tipscard&quot;,clk_info:&quot;a1_l1&quot;,url:j},function(){window.location.href=j})}else{var l=$(&quot;#admin-view ul li[data-plus = &quot;+i+&quot;]&quot;);if($(&quot;.plus[id = &quot;+i+&quot;]&quot;).length){$(&quot;body&quot;).scrollTop($(&quot;#&quot;+i).offset().top-$(&quot;body&quot;).offset().top-($(window).height()-$(&quot;#&quot;+i).height())/2)}else{l.find(&quot;div:first-child&quot;).addClass(&quot;new&quot;);h.to(&quot;admin&quot;);$(&quot;body&quot;).scrollTop(l.offset().top-$(&quot;body&quot;).offset().top+$(&quot;body&quot;).scrollTop())}b.B.log.send({ct:10,cst:2,clk_from:&quot;tipscard&quot;,clk_info:&quot;a1_b1&quot;})}$(this).parent().hide();h.requestPlus({action:&quot;tipsclick&quot;,plustype:i,tipid:m})}).on(&quot;click&quot;,&quot;.check-novel&quot;,function(j){var i={action:&quot;nowclick&quot;,plustype:&quot;novel&quot;};$.ajax({url:&quot;?&quot;+g.prepath,data:i,dataType:&quot;jsonp&quot;});$(&quot;body&quot;).scrollTop($(&quot;#novel&quot;).offset().top-$(&quot;body&quot;).offset().top+$(&quot;body&quot;).scrollTop()-$(&quot;#novel&quot;).height()/2);$(&quot;#novelnow&quot;).hide();j.preventDefault()}).on(&quot;click&quot;,&quot;.bdnow-close-area&quot;,function(k){var j=$(this).attr(&quot;data-cmd&quot;);var i=$(this).attr(&quot;data-plus&quot;);var l=$(this).attr(&quot;data-tipid&quot;);g[j]&amp;amp;&amp;amp;g[j]();h.requestPlus({action:&quot;tipsclick&quot;,plustype:i,tipid:l});k.stopPropagation()}).on(&quot;click&quot;,function(i){i.stopPropagation()});$(&quot;#index-card&quot;).on(&quot;click&quot;,function(i){g.toggleEdit(g.$topDom.find(&quot;.plus-edit&quot;),true)})},toggleExpand:function(){var l=&quot;a1_b4&quot;;var j=this;var h=j.$topDom.find(&quot;.msg-title-link&quot;);var m=[];var g=h.length;for(var k=0;k&amp;lt;g;k++){m.push(encodeURIComponent($(h[k]).attr(&quot;data-node&quot;)))}if(j.$topDom.hasClass(&quot;expanded&quot;)){j.$topDom.removeClass(&quot;expanded&quot;);l=&quot;a1_b5&quot;}else{j.$topDom.addClass(&quot;expanded&quot;);B.log.send({ct:10,cst:1,clk_from:&quot;bdnow&quot;,clk_info:1,url:m})}j.log({clk_info:l})},toggleEdit:function(i,j){var h=this;var g=1;if(i.hasClass(&quot;expand&quot;)||j){i.removeClass(&quot;expand&quot;);g=0}else{i.addClass(&quot;expand&quot;)}if(!j){h.log({clk_info:&quot;a1_b1&quot;,clk_extra:g})}},nomore:function(){var g=this;var i=g.$topDom.attr(&quot;data-msgtype&quot;);if(i&amp;amp;&amp;amp;i===&quot;novelnow&quot;){var h={action:&quot;nowclose&quot;,plustype:&quot;novel&quot;};$.ajax({url:&quot;?&quot;+g.prepath,data:h,dataType:&quot;jsonp&quot;})}if(i&amp;amp;&amp;amp;i===&quot;nowbaidu&quot;){$.ajax({url:&quot;?&quot;+g.prepath,data:{action:&quot;nowclose&quot;,plustype:&quot;nowbaidu&quot;},dataType:&quot;jsonp&quot;})}g.$topDom.remove();g.log({clk_info:&quot;a1_b2&quot;});if($(&quot;#plus-card&quot;).find(&quot;.plus&quot;).length===0){$(&quot;html&quot;).addClass(&quot;white-page&quot;)}},close:function(){var g=this;var i=g.$topDom.attr(&quot;data-msgtype&quot;);if(i&amp;amp;&amp;amp;i===&quot;novelnow&quot;){var h={action:&quot;nowclick&quot;,plustype:&quot;novel&quot;};$.ajax({url:&quot;?&quot;+g.prepath,data:h,dataType:&quot;jsonp&quot;})}g.$topDom.remove();g.log({clk_info:&quot;a1_b3&quot;});if($(&quot;#plus-card&quot;).find(&quot;.plus&quot;).length===0){$(&quot;html&quot;).addClass(&quot;white-page&quot;)}},log:function(j,g){var i=this;var h=$.extend({ct:10,cst:2,clk_from:i.msgType===&quot;person&quot;?&quot;bdnow&quot;:i.msgType},j);B.log.send(h,g)}};return e})();var a={BdNow:d};b.B.BdNowData={initNow:c,BdNow:d,messagePool:a};function c(){var l=$(&quot;#index-card&quot;);if($(&quot;#person&quot;).length!=0){var j=$(&quot;#person&quot;).css(&quot;display&quot;)}if($(&quot;#novelnow&quot;).length!==0){var k=$(&quot;#novelnow&quot;).css(&quot;display&quot;)}$(&quot;#plus-card&quot;).before(l.find(&quot;.bdnow-message&quot;));l.find(&quot;.bdnow-message&quot;).each(function(){$(&quot;html&quot;).removeClass(&quot;white-page&quot;);var n=$(this);var m;var i=n.attr(&quot;data-jstype&quot;);n.find(&quot;.msg-icon&quot;).addClass(&quot;shake&quot;);if((m=n.find(&quot;.now-script&quot;))[0]){window[&quot;eval&quot;].call(window,$.trim(m.html()))}if(a[i]){new a[i]($(this))}});var f=l.find(&quot;.msg-title-link&quot;);var h=[];var e=f.length&amp;gt;2?2:f.length;for(var g=0;g&amp;lt;e;g++){h.push(encodeURIComponent($(f[g]).attr(&quot;data-node&quot;)))}if(j===&quot;block&quot;){B.log.send({ct:10,cst:1,clk_from:&quot;bdnow&quot;,clk_info:0,url:h})}if(k===&quot;block&quot;){B.log.send({ct:10,cst:1,clk_from:&quot;novelnow&quot;,clk_info:0})}}});require([&quot;manager/bdnow&quot;]);&lt;/script&gt;&lt;script id=&quot;index_plus_ls_js_nctips&quot; type=&quot;text/javascript&quot; class=&quot;js_nctips&quot;&gt;define(&quot;manager/nctips&quot;,function(){var d=window;var b=function(e,f){this.$container=e;this.tbm=f;this.bindEvent()};b.prototype={consturctor:b,bindEvent:function(){var e=this;var f=d.B.Index;e.$container.on(&quot;click&quot;,&quot;.newcard-tips&quot;,function(k){var j=$(this).attr(&quot;data-plus&quot;);var l=$(this).attr(&quot;data-tipid&quot;);var i=$(this).attr(&quot;data-bdurl&quot;);k.stopPropagation();if(i){f.requestPlus({action:&quot;tipsclick&quot;,plustype:j,tipid:l});d.B.log.send({ct:10,cst:2,clk_from:&quot;tipscard&quot;,clk_info:&quot;a1_l1&quot;,url:i},function(){window.location.href=i})}else{d.B.listen(&quot;manager/card_loader&quot;,&quot;viewloaddone&quot;,function(n){var m=n.toview;$(&quot;body&quot;).scrollTop($(&quot;#&quot;+m).offset().top-$(&quot;body&quot;).offset().top-($(window).height()-$(&quot;#&quot;+m).height())/2);e.close()});if(!e.tbm){require([&quot;skeleton/tab_manager&quot;],function(m){e.tbm=m;h()})}else{h()}$(&quot;.menu-item&quot;).eq(0).click();d.B.log.send({ct:10,cst:2,clk_from:&quot;tipscard&quot;,clk_info:&quot;a1_b1&quot;})}function h(){var m=e.tbm.getTab(0);if(m.loaded!==1){if(!m.rendered){m.render(m.name,function(){d.B.listen(&quot;skeleton/tab&quot;,&quot;loadedFirstcreen0&quot;,function(){if(d.mineSession.onCards&amp;amp;&amp;amp;~d.mineSession.onCards.indexOf(j)){d.B.fire(&quot;skeleton/nctips&quot;,&quot;toview&quot;,{toView:j})}else{d.B.listen(&quot;manager/card_loader&quot;,&quot;adminviewloaded&quot;,function(n){e.close(g,j)})}f.requestPlus({action:&quot;tipsclick&quot;,plustype:j,tipid:l})})})}else{if(d.mineSession.onCards&amp;amp;&amp;amp;~d.mineSession.onCards.indexOf(j)){d.B.fire(&quot;skeleton/nctips&quot;,&quot;toview&quot;,{toView:j})}else{if(d.mineSession.adminLoaded){e.close(g,j)}else{d.B.listen(&quot;manager/card_loader&quot;,&quot;adminviewloaded&quot;,function(n){e.close(g,j)})}}}f.requestPlus({action:&quot;tipsclick&quot;,plustype:j,tipid:l})}}}).on(&quot;click&quot;,&quot;.newcardtips-close-area&quot;,function(j){var i=$(this).attr(&quot;data-cmd&quot;);var h=$(this).attr(&quot;data-plus&quot;);var k=$(this).attr(&quot;data-tipid&quot;);e.close();d.B.log.send({ct:10,cst:2,clk_from:&quot;tipscard&quot;,clk_info:&quot;a1_b3&quot;});f.requestPlus({action:&quot;tipsclick&quot;,plustype:h,tipid:k});j.stopPropagation()}).on(&quot;click&quot;,function(h){h.stopPropagation()});function g(h){var i=$(&quot;#admin-view ul li[data-plus = &quot;+h+&quot;]&quot;);if(i){i.find(&quot;div:first-child&quot;).addClass(&quot;new&quot;)}require([&quot;manager/card_loader&quot;],function(j){j.manageShow()})}},close:function(e,g){var f=this;$(&quot;#menu-container&quot;).removeClass(&quot;showads&quot;).addClass(&quot;hideads&quot;);$(&quot;.blank-frame&quot;).addClass(&quot;hideads&quot;);f.$container.css(&quot;opacity&quot;,0);$(&quot;.blank-frame&quot;).one(&quot;webkitTransitionEnd&quot;,function(h){f.$container.remove();$(&quot;#menu-container&quot;).removeClass(&quot;hideads&quot;);$(&quot;.blank-frame&quot;).removeClass(&quot;hideads&quot;);e&amp;amp;&amp;amp;e(g)})}};var a={NCTips:b};d.B.NCTipsData={initNCTips:c,NCTips:b,messagePool:a};function c(f){var e=$(&quot;#index-card&quot;);e.find(&quot;.newcardtips&quot;).each(function(){var i=$(this);var h;var g=i.attr(&quot;data-jstype&quot;);i.find(&quot;.msg-icon&quot;).addClass(&quot;shake&quot;);if((h=i.find(&quot;.now-script&quot;))[0]){window[&quot;eval&quot;].call(window,$.trim(h.html()))}if(a[g]){new a[g]($(this),f)}})}});require([&quot;manager/nctips&quot;]);&lt;/script&gt;&lt;script id=&quot;index_plus_ls_js_widget_textinput&quot; type=&quot;text/javascript&quot; class=&quot;js_widget_textinput&quot;&gt;define(&quot;plugin/textinput&quot;,function(){var b=B.Index.widget;b.TextInput=function(c){$.extend(this,{$el:null,sug:null,haveClear:true,scrollTop:0},c);this.$wrap=this.$el.parent();this.init()};var a=b.TextInput.prototype;a.init=function(){var c=this;this.$el.on(&quot;focus&quot;,function(f,d){var g=this.value.trim();c.$el.trigger(&quot;input&quot;,true);setTimeout(function(){window.scrollTo(0,c.scrollTop);c.$el.get(0).focus()},200);if(!d){c.triggerHandler(&quot;widget-textinput-focus&quot;,g)}return false}).on(&quot;blur&quot;,function(f,d){var g=this.value.trim();if(!d){c.triggerHandler(&quot;widget-textinput-blur&quot;,g)}return false}).on(&quot;input&quot;,function(f,d){var g=this.value.trim();if(g){c.$wrap.removeClass(&quot;warn empty&quot;);if(c.sug!==null){c.sug.show(g)}}else{c.$wrap.addClass(&quot;empty&quot;);c.sug.hide()}if(!d){c.triggerHandler(&quot;widget-textinput-input&quot;,g)}return false});if(this.haveClear){this.$el.siblings(&quot;.clear&quot;).on(&quot;touchstart&quot;,function(g,f){var d=Date.now();$(this).off(&quot;touchend&quot;).one(&quot;touchend&quot;,function(h){if(Date.now()-d&amp;lt;=200){c.$el.val(&quot;&quot;).trigger(&quot;input&quot;,true);if(!f){c.triggerHandler(&quot;widget-textinput-clear&quot;,&quot;&quot;)}}return false})})}delete this.init};[&quot;on&quot;,&quot;off&quot;,&quot;one&quot;,&quot;trigger&quot;,&quot;triggerHandler&quot;].forEach(function(c){a[c]=function(){this.$el[c].apply(this.$el,arguments);return this}})});require([&quot;plugin/textinput&quot;]);
$.extend($,{loadJs:function(b){var a=document.createElement(&quot;script&quot;);a.setAttribute(&quot;type&quot;,&quot;text/javascript&quot;);a.setAttribute(&quot;src&quot;,b);a.setAttribute(&quot;defer&quot;,&quot;defer&quot;);document.getElementsByTagName(&quot;head&quot;)[0].appendChild(a)}});&lt;/script&gt;&lt;script id=&quot;index_plus_ls_js_widget_sug&quot; type=&quot;text/javascript&quot; class=&quot;js_widget_sug&quot;&gt;define(&quot;manager/plus_sug&quot;,function(){var c=B.Index.widget;var a=window.baidu||(window.baidu={});c.Sug=function(d){$.extend(this,{number:6,$input:null,_cache:{},url:&quot;http://nssug.baidu.com/su?prod=&quot;+(d.url?&quot;&quot;:d.prod)+&quot;&amp;amp;wd=&quot;,sugClickFn:undefined,itemTpl:&quot;&quot;,fillEachSugFn:function(f,e){this.innerText=f}},d);this.init()};var b=c.Sug.prototype;b.init=function(){var d=this,e=&#039;&amp;lt;div class=&quot;suggest-wrap&quot;&amp;gt;&amp;lt;ul&amp;gt;&#039;;while(this.number--){e+=&quot;&amp;lt;li&amp;gt;&quot;+this.itemTpl+&quot;&amp;lt;/li&amp;gt;&quot;}e+=&#039;&amp;lt;li class=&quot;suggest-close&quot;&amp;gt;&amp;lt;span&amp;gt;关闭&amp;lt;/span&amp;gt;&amp;lt;/li&amp;gt;&amp;lt;/ul&amp;gt;&amp;lt;/div&amp;gt;&#039;;this.$el=this.$sugWrap=$(e).insertAfter(this.$input);this.$sugList=this.$sugWrap.find(&quot;li:not(.suggest-close)&quot;);this.$el.on(&quot;click&quot;,&quot;li:not(.suggest-close)&quot;,function(g,f){if(d.sugClickFn!==undefined){d.sugClickFn.call(this)}else{d.$input.val($(this).text())}d.hide();if(!f){d.triggerHandler(&quot;widget-sug-itemclick&quot;,this)}d.$input.attr(&quot;disabled&quot;,true);setTimeout(function(){d.$input.attr(&quot;disabled&quot;,null)},50);return false}).on(&quot;click&quot;,&quot;.suggest-close span&quot;,function(g,f){d.hide();if(d.closeCallback){d.closeCallback.call(this)}if(!f){d.triggerHandler(&quot;widget-suggest-close&quot;,this)}return false});delete this.init};b.show=function(g){var e=this,f=$.Deferred(),d=false;f.always(function(){e.hide()}).done(function(h){if(typeof e.execDataFn==&quot;function&quot;){h=e.execDataFn(h);if(h===false){return}}else{if(h&amp;amp;&amp;amp;h.s&amp;amp;&amp;amp;h.s.length&amp;amp;&amp;amp;h.q===e.$input.val().toLowerCase()){h.s=h.s.slice(0,6)}else{return}}h.s.forEach(function(k,j){e.fillEachSugFn.apply(e.$sugList.eq(j).show().get(0),arguments)});e._cache[h.q]=h;e.$sugList.each(function(j,k){if($(k).css(&quot;display&quot;)!=&quot;none&quot;){d=true;return false}});if(d){e.$sugWrap.show();e.triggerHandler(&quot;widget-sug-show&quot;,this)}if(h&amp;amp;&amp;amp;h.s&amp;amp;&amp;amp;h.s.length&amp;amp;&amp;amp;h.q===e.$input.val().toLowerCase()){h.s=h.s.slice(0,6);h.s.forEach(function(k,j){e.fillEachSugFn.apply(e.$sugList.eq(j).show().get(0),arguments)});e._cache[h.q]=h;e.$sugList.each(function(j,k){if($(k).css(&quot;display&quot;)!=&quot;none&quot;){d=true;return false}});if(d){e.$sugWrap.show();e.triggerHandler(&quot;widget-sug-show&quot;,this)}}});if(this._cache[g]){f.resolve(this._cache[g])}else{$.ajaxjsonp({url:e.url+window.encodeURIComponent(g||&quot;&quot;),timeout:4000}).done(function(h){f.resolve(h||{})});a.sug=function(h){f.resolve(h||{})}}};b.hide=function(){this.$sugList.hide();this.$sugWrap.hide()};b.isShow=function(){if(this.$sugList.css(&quot;display&quot;)==&quot;none&quot;||this.$sugWrap.css(&quot;display&quot;)==&quot;none&quot;){return false}return true};[&quot;on&quot;,&quot;one&quot;,&quot;off&quot;,&quot;trigger&quot;,&quot;triggerHandler&quot;].forEach(function(d){b[d]=function(){this.$el[d].apply(this.$el,arguments)}})});require([&quot;manager/plus_sug&quot;]);&lt;/script&gt;&lt;script id=&quot;index_plus_ls_js_mp&quot; type=&quot;text/javascript&quot; class=&quot;js_mp&quot;&gt;!function(G,k){function j(a,c){return B.cleanObj.toString.call(a).slice(8,-1)===c}function A(a){var c=w[a];if(c){return c.exports}throw&quot;module &quot;+a+&quot; is undefined&quot;}function x(v,f){for(var e,h,d=v.split(&quot;:&quot;),I=d.pop().split(&quot;/&quot;),m=B;e=I.shift();){&quot;bdbox&quot;!==e&amp;amp;&amp;amp;(h=e,I.length&amp;amp;&amp;amp;(m=m[e]=m[e]||{}))}var l=w[v]={exports:{}},p=B.isFunction(f)?f.apply(l,[A,l.exports,l,B]):f;p&amp;amp;&amp;amp;(l.exports=p),m[h]=l.exports}function b(){g.forEach(function(a){a()}),g.length=0,y=!0}function H(c,l,h){if(&quot;object&quot;==typeof c){var f,a,d=D(c);if(h=h||c,&quot;array&quot;===d||&quot;arguments&quot;===d||&quot;nodelist&quot;===d){for(f=0,a=c.length;a&amp;gt;f;f++){if(l.call(h,c[f],f,c)===!1){return}}}else{for(f in c){if(c.hasOwnProperty(f)&amp;amp;&amp;amp;l.call(h,c[f],f,c)===!1){return}}}}}function D(a){var c;return null==a?c=String(a):(c=Object.prototype.toString.call(a).toLowerCase(),c=c.substring(8,c.length-1)),c}var C=+new Date,F=(C+&quot;&quot;).slice(-3),z=navigator.userAgent,B={isBox:/ baiduboxapp\//i.test(z),isIOS:/(iPhone|iPod|iPad)/.test(z),isAndroid:/(Android);?[\s\/]+([\d.]+)?/.test(z),getId:function(){return F++},emptyArr:[],emptyFn:function(){},cleanObj:{},byId:function(a){return B.isString(a)?k.getElementById(a):a},toArray:function(a){return B.emptyArr.slice.call(a)},$:function(a,c){return c=c&amp;amp;&amp;amp;1===c.nodeType?c:k,B.toArray(c.querySelectorAll(a))}};&quot;Function,String,Array,Number,RegExp&quot;.replace(/[^, ]+/g,function(a){B[&quot;is&quot;+a]=function(c){return j(c,a)}}),B.isBoolean=function(a){return a===!0||a===!1},B.isObject=function(a){return&quot;object&quot;==typeof a},B.isUndefined=function(a){return void 0===a},B.isWindow=function(a){return null!=a&amp;amp;&amp;amp;a==a.window},B.isPlainObject=function(a){return B.isObject(a)&amp;amp;&amp;amp;!B.isWindow(a)&amp;amp;&amp;amp;Object.getPrototypeOf(a)==Object.prototype};var w={};B.define=x;var q=function(c,m,l){for(var h,a,f=c.split(&quot;.&quot;),d=l||q;h=f.shift();){&quot;Box&quot;!==h&amp;amp;&amp;amp;(a=h,f.length&amp;amp;&amp;amp;(d=d[h]=d[h]||{}))}return d[a]=m||{},d[a]},g=[],y=!1;if(q.init=function(a){return&quot;function&quot;!=typeof a?this:(y?a():g.push(a),this)},&quot;complete,loaded,interactive&quot;.indexOf(k.readyState)&amp;gt;-1&amp;amp;&amp;amp;k.body?b():k.addEventListener(&quot;DOMContentLoaded&quot;,b,!1),x(&quot;common:bdbox/utils/getVersion&quot;,function(f,d,c){var a=function(){var l=0;if(G.baiduboxapp_version){l=G.baiduboxapp_version}else{var i,h=navigator.userAgent;(i=/([\d+.]+)_(?:diordna|enohpi)_/.exec(h))?(i=i[1].split(&quot;.&quot;),l=i.reverse().join(&quot;.&quot;)):(i=/baiduboxapp\/([\d+.]+)/.exec(h))&amp;amp;&amp;amp;(l=i[1])}return a=function(){return l},l};c.exports=a}),x(&quot;common:bdbox/utils/version_compare&quot;,function(a,f,d){var c=function(l,u){u+=&quot;&quot;,l+=&quot;&quot;;for(var s=l.split(&quot;.&quot;),p=u.split(&quot;.&quot;),h=0,m=Math.max(s.length,p.length);m&amp;gt;h;h++){if(s[h]&amp;amp;&amp;amp;!p[h]&amp;amp;&amp;amp;parseInt(s[h])&amp;gt;0||parseInt(s[h])&amp;gt;parseInt(p[h])){return 1}if(p[h]&amp;amp;&amp;amp;!s[h]&amp;amp;&amp;amp;parseInt(p[h])&amp;gt;0||parseInt(s[h])&amp;lt;parseInt(p[h])){return -1}}return 0};d.exports=c}),x(&quot;common:bdbox/utils/jsonToQuery&quot;,function(a,f,d,c){d.exports=function(e){if(c.isString(e)){return e}var i=[];for(var h in e){i.push(h+&quot;=&quot;+e[h])}return i.join(&quot;&amp;amp;&quot;)}}),x(&quot;common:bdbox/io/loadJS&quot;,function(n,m,f,l){function h(c,M,I){var R,Q,L,N=k.createElement(&quot;script&quot;);l.isString(c)?(R=c,l.isFunction(M)&amp;amp;&amp;amp;(I=M,M=null)):(R=c.url,M=c.data,I=c.success,Q=c.error||l.emptyFn,L=c.timeout),l.isObject(M)&amp;amp;&amp;amp;(M=p(M)),M&amp;amp;&amp;amp;(R+=(-1===R.indexOf(&quot;?&quot;)?&quot;?&quot;:&quot;&amp;amp;&quot;)+M),R=R.replace(/[&amp;amp;?]{1,2}/,&quot;?&quot;);var t;/=\?/.test(R)&amp;amp;&amp;amp;(t=&quot;_box_jsonp&quot;+l.getId(),R=R.replace(/=\?/,&quot;=&quot;+t));var r=d();L=L||20000,N.type=&quot;text/javascript&quot;,N.src=R;var a,J=!0,P=function(){t&amp;amp;&amp;amp;delete G[t],a&amp;amp;&amp;amp;clearTimeout(a),N.onload=N.onreadystatechange=N.onerror=null,N=null},O=function(){!N||N.readyState&amp;amp;&amp;amp;!/loaded|complete/.test(N.readyState)||(P(),J&amp;amp;&amp;amp;l.isFunction(I)&amp;amp;&amp;amp;I.apply(null,l.toArray(arguments)),J=!1)},K=function(e){P(),J&amp;amp;&amp;amp;Q(e),J=!1};t&amp;amp;&amp;amp;(G[t]=O),a=setTimeout(function(){P(),J&amp;amp;&amp;amp;Q(&quot;timeout&quot;),J=!1},L),N.onload=N.onreadystatechange=N.onerror=O,N.onerror=K,r.appendChild(N)}function d(){return k.head||k.getElementsByTagName(&quot;head&quot;)[0]||k.documentElement}var p=n(&quot;common:bdbox/utils/jsonToQuery&quot;);l.emptyFn,f.exports=h}),x(&quot;common:bdbox/utils/queryToJson&quot;,function(a,d,c){c.exports=function(h){try{h=h?decodeURIComponent(h):&quot;&quot;}catch(s){h=&quot;&quot;}var p=h.split(&quot;?&quot;),m=p[1]?p[1]:p[0],f=m.split(&quot;&amp;amp;&quot;),l={};return f.forEach(function(e){e=e.split(&quot;=&quot;),e[0].length&amp;gt;0&amp;amp;&amp;amp;(l[e[0]]=e[1]||&quot;&quot;)}),l}}),x(&quot;common:bdbox/extend&quot;,function(v,h,f,m){function l(a,r,i){for(var c in r){i&amp;amp;&amp;amp;(d(r[c])||I(r[c]))?(d(r[c])&amp;amp;&amp;amp;!d(a[c])&amp;amp;&amp;amp;(a[c]={}),I(r[c])&amp;amp;&amp;amp;!I(a[c])&amp;amp;&amp;amp;(a[c]=[]),l(a[c],r[c],i)):p(r[c])||(a[c]=r[c])}}var d=m.isPlainObject,I=m.isArray,u=m.isBoolean,p=m.isUndefined;f.exports=function(a){var e,c=m.emptyArr.slice.call(arguments,1);return u(a)&amp;amp;&amp;amp;(e=a,a=c.shift()),c.forEach(function(i){l(a,i,e)}),a}}),x(&quot;common:bdbox/utils/ready&quot;,function(f,n,m){function d(){h.forEach(function(a){a()}),h.length=0,c=!0}function l(a){&quot;function&quot;==typeof a&amp;amp;&amp;amp;(c?a():h.push(a))}var h=[],c=!1;&quot;complete,loaded,interactive&quot;.indexOf(k.readyState)&amp;gt;-1&amp;amp;&amp;amp;k.body?d():k.addEventListener(&quot;DOMContentLoaded&quot;,d,!1),m.exports=l}),x(&quot;common:bdbox/utils/detect&quot;,function(h,f,d,a){function c(J){var v={name:&quot;unknown&quot;,version:0};this===G||this.os||(this.os=v),J=J||navigator.userAgent;var u={Weibo:/weibo/i,Wechat:/micromessenger\//i,QQ:/QQ\//};for(var m in u){u.hasOwnProperty(m)&amp;amp;&amp;amp;(v[&quot;is&quot;+m]=u[m].test(J))}v.isUC=J.match(/UC/)||G.ucweb||G.ucbrowser;var t=J.match(/(Android);?\s+([\d.]+)?/);if(t){return v.android=!0,v.version=t[2],v.name=&quot;android&quot;,v}var p=J.match(/(iPad).*OS\s([\d_]+)/),l=J.match(/(iPod)(.*OS\s([\d_]+))?/),I=!p&amp;amp;&amp;amp;J.match(/(iPhone\sOS)\s([\d_]+)/);return I&amp;amp;&amp;amp;!l?(v.ios=v.iphone=!0,v.version=I[2].replace(/_/g,&quot;.&quot;),v.name=&quot;ios&quot;,v):p?(v.ios=v.ipad=!0,v.name=&quot;ios&quot;,v.version=p[2].replace(/_/g,&quot;.&quot;),v):l?(v.name=&quot;ios&quot;,v.ios=v.ipod=!0,v.version=l[3]?l[3].replace(/_/g,&quot;.&quot;):null,v):v}c.apply(a),d.exports=c}),x(&quot;common:bdbox/schema&quot;,function(J,h,n,l){function d(a,u){if(a){if(u=u||l.emptyFn,!l.isBox&amp;amp;&amp;amp;l.isIOS&amp;amp;&amp;amp;p(v.version,&quot;9.0&quot;)&amp;gt;=0){return void I(function(){K(a,u)})}var s=Date.now(),c=k.createElement(&quot;IFRAME&quot;);c.src=a,c.style.position=&quot;absolute&quot;,c.style.left=&quot;-2000px&quot;,c.style.top=&quot;-1000px&quot;,c.style.width=&quot;1px&quot;,c.style.height=&quot;1px&quot;,c.style.webkitTransition=&quot;all 0.9s&quot;,c.style.transition=&quot;all 0.9s&quot;,k.body.appendChild(c);var i=function(){k.body.removeChild(c),u(Date.now()-s&amp;lt;1500?!0:!1)};c.addEventListener(&quot;webkitTransitionEnd&quot;,i,!1),c.addEventListener(&quot;transitionEnd&quot;,i,!1),setTimeout(function(){c.style.left=&quot;-1000px&quot;},20)}}function K(a,c){location.href=a,m&amp;amp;&amp;amp;clearTimeout(m),m=setTimeout(function(){c(!0)},1200)}var v=J(&quot;common:bdbox/utils/detect&quot;)(),p=J(&quot;common:bdbox/utils/version_compare&quot;),I=J(&quot;common:bdbox/utils/ready&quot;),m=null;n.exports=d}),x(&quot;common:bdbox/monitor&quot;,function(l,h,f,a){var d=encodeURIComponent,c=function(e,i){e+=e.indexOf(&quot;?&quot;)&amp;lt;0?&quot;?&quot;:&quot;&amp;amp;&quot;,this.url=e,this.options=i};c.prototype.report=function(u){u=u||&quot;&quot;;var r=new Image(1,1),p=[];if(a.isObject(u)){for(var m in u){p.push(m+&quot;=&quot;+d(String(u[m])))}u=p.join(&quot;&amp;amp;&quot;)}var i=&quot;_box_mt&quot;+a.getId();G[i]=r,r.onload=r.onerror=r.onabort=function(){r.onload=r.onerror=r.onabort=null,G[i]=r=null};var t=this.url+u;return a.isFunction(this.options.customHandler)&amp;amp;&amp;amp;(t=this.options.customHandler(t)),r.src=t+&quot;&amp;amp;_rnd=&quot;+Math.floor(2147483648*Math.random()),this},c.prototype.main=function(e,i){return e&amp;amp;&amp;amp;a.isFunction(this[e])&amp;amp;&amp;amp;this[e].apply(this,a.toArray(i||[])),this},f.exports=function(e,i){return new c(e,i)}}),x(&quot;common:bdbox/clone&quot;,function(c,l,h){var f=Object.prototype.toString,a=function(p,u,s){var r=0;for(var m in p){if(p.hasOwnProperty(m)){if(s){u[m]=p[m]}else{if(u(m,p[m],r++)){break}}}}},d=function(e){var i;switch(f.call(e)){case&quot;[object Object]&quot;:i={},a(e,function(m,n){i[m]=d(n)});break;case&quot;[object Array]&quot;:i=[],e.forEach(function(m){i.push(d(m))});break;default:i=e}return i};h.exports=d}),x(&quot;common:bdbox/monitor/pblog&quot;,function(V,K,J,Q){var N=V(&quot;common:bdbox/monitor&quot;),v=V(&quot;common:bdbox/extend&quot;),W=V(&quot;common:bdbox/utils/queryToJson&quot;),T=V(&quot;common:bdbox/utils/getVersion&quot;),S=V(&quot;common:bdbox/clone&quot;),U=W(location.search),P=navigator.userAgent,R=&quot;//m.baidu.com/tcbox&quot;,M={service:&quot;bdbox&quot;,action:&quot;pblog&quot;,ctv:2,cen:&quot;uid_ua_ut&quot;,data:{appid:&quot;1&quot;,dataid:&quot;2&quot;,actiontype:&quot;1&quot;,actionid:&quot;2&quot;,actiondata:{ref:U.ref||&quot;&quot;,gmv:U.vmgdb||&quot;&quot;,source:U.from||U.ref||&quot;&quot;,boxVersion:T(),boxPlatform:P.match(/(iPad|iPhone|iPod)/gim)?&quot;ios&quot;:&quot;android&quot;}}},L=encodeURIComponent;U.uid&amp;amp;&amp;amp;U.osname&amp;amp;&amp;amp;[&quot;osname&quot;,&quot;ua&quot;,&quot;ut&quot;,&quot;from&quot;,&quot;cfrom&quot;,&quot;uid&quot;,&quot;pkgname&quot;].forEach(function(a){U[a]&amp;amp;&amp;amp;(M[a]=U[a])});var I,O=N(R,{customHandler:function(c){var e=[];if(I){for(var d in I){if(I.hasOwnProperty(d)){var a=I[d];Q.isPlainObject(a)&amp;amp;&amp;amp;(a=JSON.stringify(a)),e.push(d+&quot;=&quot;+L(a))}}}return e.length&amp;amp;&amp;amp;(c+=e.join(&quot;&amp;amp;&quot;)),c}});O.init=function(a,c){Q.isPlainObject(c)&amp;amp;&amp;amp;(M=v(M,c)),M.data.cateid=a},O.pv=function(a,f){I=S(M);var d=I.data;d.actionid=&quot;1&quot;;var c={};return c.url=a||location.href,f&amp;amp;&amp;amp;(c.u=f),d.actiondata=v(d.actiondata,c),O.report()},O.event=function(e,l,h){if(!e){throw&quot;monitor.tc.event need a evtName&quot;}if(Q.isPlainObject(l)&amp;amp;&amp;amp;!h){var d={evtName:e};for(var f in l){d[f]=l[f]}}else{var d={evtName:e,evtType:l||&quot;&quot;,evtTag:h||&quot;&quot;}}I=S(M);var c=I.data;return c.actionid=&quot;2&quot;,c.actiondata=v(c.actiondata,d),O.report()},J.exports=function(){O.main.apply(O,arguments)}}),x(&quot;common:bdbox/moplus&quot;,function(M,R,Q,Y){var U=M(&quot;common:bdbox/utils/jsonToQuery&quot;),O=M(&quot;common:bdbox/io/loadJS&quot;),N=M(&quot;common:bdbox/utils/version_compare&quot;),ac=M(&quot;common:bdbox/monitor/pblog&quot;),aa=M(&quot;common:bdbox/schema&quot;),L=&quot;com.baidu.searchbox&quot;,X=&quot;http://127.0.0.1:6259/&quot;,Z=&quot;http://127.0.0.1:40310/&quot;,T=&quot;inapp_boxserver&quot;,S=&quot;https:&quot;===location.protocol,P=500,V=null,K=&quot;__moplus_host__&quot;,ab={isSendPv:!1,isHit:!1,parseUA:function(){var c,l,h=navigator.userAgent,f={uc:/UCBrowser\/(\S*) \S*/g,bd:/baidubrowser\/(\S*) \(Baidu/g,qq:/MQQBrowser\/(\S*) Mobile/g,chr:/Chrome\/(\S*) Mobile/g,qh:/360 Aphone Browser \((\S*)\)/g,sg:/SogouMobileBrowser\/(\S*)/g,mi:/MiuiBrowser\/(\S*)/g};for(var a in f){var d=f[a].exec(h);if(d){c=a,l=d[1];break}}return c=c?c:&quot;other&quot;,l=l?l:&quot;0&quot;,{t:c,v:l}},parseHost:function(){return W.curHost===Z?1:0},sendEvt:function(a,f,d,c){this.isHit&amp;amp;&amp;amp;this.send(a,f,d,c)},send:function(v,f,d,l){var h=this.parseUA(),a=h.t,ad=h.v,m=S?0:1,p=this.parseHost();ac(&quot;event&quot;,[v,{evtType:f||&quot;&quot;,brName:a,brVer:ad,isHttp:m,isNew:p,source:d||&quot;&quot;,intent:l||&quot;&quot;}])},init:function(){this.isHit=Date.now()%100===1,ac(&quot;init&quot;,[2])}},W=function(a,d,c){this.version=&quot;2.0&quot;,this.isHttps=S,this.curHost=c||&quot;&quot;,this.newHost=Z,this.oldHost=this.isHttps?Z:X,this.MCMDF=d||T,this._infoFuncs=[],this._verFuncs=[],this.minVersion=a?a:0,this.pkgName=L,ab.init()},J=function(a,d){try{sessionStorage.setItem(a,d)}catch(c){}},I=function(a){var d;try{d=sessionStorage.getItem(a)}catch(c){}return d};W.prototype={constructor:W,setMcmdf:function(a){return this.MCMDF=a,this},setHost:function(a){return this.curHost=a,J(K,a),this},getHost:function(){if(this.isHttps){return this.curHost=this.newHost,this.newHost}var a=I(K);return a?(this.curHost=a,this.curHost):void 0},api:function(a,f,e,d){if(!a){throw&quot;Moplus.api need an action&quot;}Y.isFunction(f)&amp;amp;&amp;amp;(d=e,e=f,f={});var c=a+(~a.indexOf(&quot;?&quot;)?&quot;&amp;amp;&quot;:&quot;?&quot;)+U(f);return ~c.indexOf(&quot;mcmdf&quot;)||(c+=&quot;&amp;amp;mcmdf=&quot;+this.MCMDF),ab.sendEvt(&quot;api&quot;,&quot;send:&quot;+a,this.MCMDF,c),this.request(c,function(h){ab.sendEvt(&quot;api&quot;,(Y.isPlainObject(h)&amp;amp;&amp;amp;0==h.error?&quot;success:&quot;:&quot;fail:&quot;)+a,this.MCMDF,c),e(h)},d)},getInfo:function(e,l){if(V){return e(V)}if(this._infoFuncs.push(e),!(this._infoFuncs.length&amp;gt;1)){var h=this,d=function(m,o){!o&amp;amp;&amp;amp;Y.isPlainObject(m)&amp;amp;&amp;amp;(V=m);var a;for(o&amp;amp;&amp;amp;(m={error:33});a=h._infoFuncs.shift();){a(m)}},f=&quot;getsearchboxinfo?mcmdf=&quot;+this.MCMDF;if(this.getHost()){var c={url:this.curHost+f+&quot;&amp;amp;callback=?&quot;,success:d,error:function(){d(null,!0)},timeout:l};O(c)}else{this.request(f,function(a){return 33===a.error?d(null,!0):void d(a)},l)}return this}},getHVersion:function(a,f){this._verFuncs.push(a);var d=this;if(!(this._verFuncs.length&amp;gt;1)){var c=function(e){var h;for(e=d.parseInfo(e);h=d._verFuncs.shift();){h(e)}};return this.getInfo(c,f),this}},parseInfo:function(c,h){c=c||V,h=h||this.minVersion;var f=c.package_infos;if(!f||0===f.length){return !1}var d=L,a={offic:{name:L,version:0},oem:{version:0}};return f.forEach(function(e){var l=e.version_name,i=e.package_name;N(l,h)&amp;gt;=0&amp;amp;&amp;amp;(i===d?1===N(l,a.offic.version)&amp;amp;&amp;amp;(a.offic={version:l,name:L}):1===N(l,a.oem.version)&amp;amp;&amp;amp;(a.oem={version:l,name:i}))}),0===a.oem.version&amp;amp;&amp;amp;0===a.offic.version?!1:0!==a.offic.version?a.offic:0!==a.oem.version?a.oem:void 0},schema:function(c,h){if(!c.intent){throw&quot;schema intent is empty&quot;}c.mcmdf||(c.mcmdf=this.MCMDF);var f=function(){ab.send(&quot;schema&quot;,&quot;success&quot;,c.source,c.intent),Y.isFunction(h)&amp;amp;&amp;amp;h({error:0,from:&quot;schema&quot;})},a=function(){ab.send(&quot;schema&quot;,&quot;fail&quot;,c.source,c.intent),Y.isFunction(h)&amp;amp;&amp;amp;h({error:20,from:&quot;schema&quot;})},e=c.schema||&quot;&quot;;if(c.intent&amp;amp;&amp;amp;!c.schema){var d=c.intent;-1==d.indexOf(L)&amp;amp;&amp;amp;(ab.sendEvt(&quot;defaultPKGName&quot;,&quot;fail&quot;,c.source||&quot;&quot;,c.intent),c.minver=c.minver?c.minver:&quot;6.9.1&quot;)}e||(e=&quot;baiduboxapp://utils?action=sendIntent&amp;amp;params=&quot;+encodeURIComponent(JSON.stringify(c))+&quot;&amp;amp;minver=&quot;+(c.minver?c.minver:&quot;6.9&quot;)),aa(e,function(i){i?a():f()})},sendIntent:function(e,m,l){var d={};if(e&amp;amp;&amp;amp;Y.isString(e)){var h,f=this,c=!0;return Y.isPlainObject(l)?(d=l,h=l.source||&quot;&quot;,l.needlog?ab.isHit=l.needlog:d.needlog=ab.isHit?1:0,l=l.timeout):Y.isBoolean(l)&amp;amp;&amp;amp;(c=l),d.intent=e,ab.send(&quot;sendintent&quot;,&quot;send&quot;,h,e),this.api(&quot;sendintent&quot;,{intent:encodeURIComponent(e)},function(a){!a||a&amp;amp;&amp;amp;33===a.error||!Y.isPlainObject(a)?(ab.send(&quot;sendintent&quot;,&quot;fail&quot;,h,e),c?f.schema(d,m):(a=a||{},a.from=&quot;moplus&quot;,m(a))):(ab.send(&quot;sendintent&quot;,&quot;success&quot;,h,e),m(a))},l)}return this},request:function(ae,h,e){var l,af,v=this,r={timeout:e};Y.isFunction(h)&amp;amp;&amp;amp;!~ae.indexOf(&quot;callback=&quot;)&amp;amp;&amp;amp;(ae+=&quot;&amp;amp;callback=?&quot;);var ad=function(a){l=&quot;success&quot;,Y.isFunction(h)&amp;amp;&amp;amp;h(a)},m=function(){Y.isFunction(h)&amp;amp;&amp;amp;h({error:33})};if(v.getHost()){r.url=v.curHost+ae,r.success=ad,r.error=m,O(r)}else{if(r.url=v.newHost+ae,r.success=function(a){&quot;success&quot;!==l&amp;amp;&amp;amp;(af&amp;amp;&amp;amp;clearTimeout(af),v.setHost(v.newHost),ad(a))},r.error=function(){v.isHttps?(l=&quot;error&quot;,m()):&quot;error&quot;===l&amp;amp;&amp;amp;m(),l=&quot;error&quot;},O(r),!v.isHttps){var p={timeout:e,url:v.oldHost+ae,error:r.error};p.success=function(a){&quot;success&quot;!==l&amp;amp;&amp;amp;(&quot;error&quot;===l?(v.setHost(v.oldHost),ad(a)):af=setTimeout(function(){v.setHost(v.oldHost),ad(a)},P))},O(p)}}return this}},Q.exports=function(a,c){return new W(a,c)},Q.exports.Moplus=W}),B.version=B.utils.getVersion(),B.version_compare=B.utils.version_compare,B.each=H,B.type=D,B.canI=function(a,d,c){return B.version_compare(B.version,a)&amp;gt;=0?B.isFunction(d)&amp;amp;&amp;amp;d():B.isFunction(c)&amp;amp;&amp;amp;c(),B},H(B,function(a,c){q[c]=a}),G.Box&amp;amp;&amp;amp;G.Box.$){for(var E in q){G.Box[E]=G.Box[E]||q[E]}}else{G.Box=q}}(window,document);&lt;/script&gt;&lt;script id=&quot;index_plus_ls_js_hash_lib&quot; type=&quot;text/javascript&quot; class=&quot;js_hash_lib&quot;&gt;define(&quot;lib/hash_lib&quot;,function(){var b=window.B||(window.B={});var m=Object.getOwnPropertyNames;var f=b.hash={mute:true};var d={};var n=$(&quot;&amp;lt;div /&amp;gt;&quot;);&quot;on off one&quot;.split(&quot; &quot;).forEach(function(o){f[o]=function(p,q){n[o](p,q)}});function i(o){return $.extend({},o)}function g(){var o=location.href.match(/#(.*)$/);var p=o?o[0]:&quot;&quot;;if(p.indexOf(&quot;#%7C&quot;)===0){p=decodeURIComponent(p)}return p}function c(){var q=g().replace(/^#*/g,&quot;&quot;);var p=&quot;&quot;;if(q.indexOf(&quot;|src_&quot;)==0){p=q.split(/\|+/)}else{if(/iact/i.test(q)){p=q.split(/\&amp;amp;+/)}else{p=q.split(/\|+/)}}var o={};p.forEach(function(r){var s=r.match(/([^=]+)(?:=(.*))?/);if(s){o[s[1]]=decodeURIComponent(s[2]||&quot;&quot;)}});return o}function a(p){var r=[];for(var o in p){var q=p[o];if(q===&quot;&quot;){r.push(o)}else{r.push(o+&quot;=&quot;+encodeURIComponent(q))}}if(r[0]&amp;amp;&amp;amp;r[0].indexOf(&quot;src_&quot;)==0){return&quot;#|&quot;+r.join(&quot;|&quot;)}else{return&quot;#&quot;+r.join(&quot;&amp;amp;&quot;)}}function e(o,s){var r=[];var q=m(o),p=m(s);p.forEach(function(v){var t=s[v];if(!(v in o)){r.push({type:&quot;added&quot;,key:v,oldValue:null,newValue:t})}else{var u=o[v];if(u!==t){r.push({type:&quot;modified&quot;,key:v,oldValue:u,newValue:t})}}});q.forEach(function(u){var t=o[u];if(!(u in s)){r.push({type:&quot;removed&quot;,key:u,oldValue:t,newValue:null})}});return r}function k(){var o=c();if(!f.mute){var p=e(d,o);p.forEach(function(q){n.trigger(&quot;change:&quot;+q.key,[q.type,q.oldValue,q.newValue])});if(p.length&amp;gt;0){n.trigger(&quot;change&quot;,[i(d),i(o),p])}}d=o}function j(){$(window).on(&quot;hashchange&quot;,k)}function l(){$(window).off(&quot;hashchange&quot;,k)}function h(p,o){var q=a(p);f.mute=!!o;l();location.hash=q;k();setTimeout(j,0);f.mute=false}f.get=function(o){if(arguments.length===0){return i(d)}if(o in d){return d[o]}return null};f.set=function(p,r,o){var q=c(),s={};s[p]=r;if(arguments.length==1){s=p}else{if(arguments.length==2){if(typeof r===&quot;boolean&quot;){s=p;o=r}}}$.extend(q,s);h(q,o)};f.remove=function(p,o){var q=c();if(!(p in q)){return}delete q[p];h(q,o)};d=c();j();f.mute=false});require([&quot;lib/hash_lib&quot;]);&lt;/script&gt;&lt;script id=&quot;index_plus_ls_js_skinRenderIndex&quot; type=&quot;text/javascript&quot; class=&quot;js_skinRenderIndex&quot;&gt;define(&quot;tabs/mine/items/skin/skin_renderIndex&quot;,function(){var h=B.Index;var e=$(&quot;#skin&quot;).attr(&quot;data-skinindex&quot;);var c=function(){return $(&quot;body&quot;).hasClass(&quot;has-background&quot;)};var a=function(){h.$el.find(&quot;#skin-container&quot;).css(&quot;background-color&quot;,&quot;transparent&quot;);h.$el.find(&quot;#skin-container&quot;).css(&quot;background-image&quot;,&quot;none&quot;)};var f=function(l){var k=$(&quot;.weather-shield&quot;);if(l){k.css(&quot;background-color&quot;,l.color);k.css(&quot;background-image&quot;,&quot;url(&quot;+$.url.escapeSSL(l.imgUrl.skinUrl)+&quot;)&quot;)}else{k.css(&quot;background-image&quot;,&quot;none&quot;);k.css(&quot;background-color&quot;,&quot;#f1f1f1&quot;)}};var j=function(){if($(&quot;.index-banner&quot;).get(0)){var l=$(&quot;.index-banner&quot;);var k=l.attr(&quot;data-bgColor&quot;);l.css(&quot;background&quot;,k).css(&quot;opacity&quot;,&quot;1&quot;);l.find(&quot;.index-banner-triangle&quot;).css(&quot;border-color&quot;,&quot;transparent transparent transparent &quot;+k+&quot;;&quot;).css(&quot;opacity&quot;,&quot;1&quot;)}else{return}};var g=function(){if($(&quot;.index-banner&quot;).get(0)){var k=$(&quot;.index-banner&quot;);k.css(&quot;background&quot;,&quot;-webkit-linear-gradient(left,rgba(0,0,0,0.2),rgba(0,0,0,0.2))&quot;);k.find(&quot;.index-banner-triangle&quot;).css(&quot;border-color&quot;,&quot;transparent transparent transparent #000;&quot;).css(&quot;opacity&quot;,&quot;0.2&quot;)}else{return}};var b=function(){_setSkinindex();_removeClass();a();_setClassicalLogo();_removeLink();f()};var d=function(k){var l=k;_addClass();_setSkin(l);_setWhiteLogo();_setLink(l);f(l);_setSkinindex(l)};var i=function(l){var k=l;if(typeof(k)==&quot;object&quot;){k=l.indexSkin;var m=k.skinIndex;if(c()){if(m==&quot;0&quot;){b()}else{if(e==m&amp;amp;&amp;amp;m!=undefined){return}else{d(k)}}}else{if(m==&quot;0&quot;){}else{d(k)}}}};return{init:i}});&lt;/script&gt;&lt;script id=&quot;index_plus_ls_js_skinIphone&quot; type=&quot;text/javascript&quot; class=&quot;js_skinIphone&quot;&gt;define(&quot;tabs/mine/items/skin/iphone&quot;,function(){var n=B.Index;var m=$(&quot;#skin-wrap&quot;);var f=m.find(&quot;#skin&quot;);var g=function(o,p){window.B.thunderLog.send($.extend({cst:2,logFrom:&quot;skin&quot;,ref:&quot;index_iphone&quot;},o),p)};var j=(function(){var o=B.Index;var q=o;var p=function(s,r){var t=s;var r=r;o.requestPlus(t).always(function(){if(r){r.alwaysCb&amp;amp;&amp;amp;r.alwaysCb()}}).done(function(v){if(v.errno==0){var u=v.data;if(r&amp;amp;&amp;amp;r.done){r.done.doneCb&amp;amp;&amp;amp;r.done.doneCb(u)}}else{if(r&amp;amp;&amp;amp;r.done){r.done.failCb&amp;amp;&amp;amp;r.done.failCb()}}}).fail(function(){if(r){r.failCb&amp;amp;&amp;amp;r.failCb()}})};return p})();var l=(function(){var o=B.Index;var p=$(&quot;#skin-wrap&quot;);var q={};q.init=function(s){var r=this;f.css(&quot;pointer-events&quot;,&quot;none&quot;);j({action:&quot;getskin&quot;,skintype:&quot;SkinView&quot;},{done:{doneCb:function(t){o.$view.append(t);var u=$(&quot;#skin-view&quot;);var v=$(&quot;#index-view&quot;);B.hash.on(&quot;change:iview&quot;,function(z,x,w,y){if(y===&quot;skin&quot;){v.trigger(&quot;show&quot;,{&quot;$view&quot;:u})}else{if(w===&quot;skin&quot;){if(k.status==&quot;show&quot;){k.toIndex();k.status=&quot;hide&quot;}}}});if(s){v.show();u.show();if($(&quot;#userinfo&quot;).length==1&amp;amp;&amp;amp;window.location.hash.indexOf(&quot;skinAuto=on&quot;)&amp;gt;-1){window.location.hash=&quot;iview=skin&quot;;if(!$(&quot;.skin-auto-switch&quot;).hasClass(&quot;checked&quot;)){j({action:&quot;setskin&quot;,skintype:&quot;SkinAuto&quot;,status:&quot;on&quot;},{done:{doneCb:function(){$(&quot;.skin-auto-switch&quot;).addClass(&quot;checked&quot;);j({action:&quot;getplus&quot;},{done:{doneCb:function(x){var w;$.each(x,function(y){if(x[y].name==&quot;skin&quot;){w=x[y].value;i.setAutoSkin(w);B.ls.setObjItem(&quot;index_plus_skin&quot;,w.indexSkin);h({text:&quot;自动换肤已开启&quot;})}})}}})}}})}g({logInfo:&quot;auto_skin&quot;,tid:101,logExtra:&#039;{&quot;action&quot;:&quot;logged&quot;}&#039;})}}r.show();r.addevent();f.css(&quot;pointer-events&quot;,&quot;auto&quot;)},failCb:function(){if($(&quot;#skin-show&quot;).get(0)){$(&quot;#skin-show&quot;).remove()}$(&quot;#skin-view&quot;).hide();$(&quot;#index-view&quot;).hide();$(&quot;#index-card&quot;).show();window.location.hash=&quot;&quot;;f.css(&quot;pointer-events&quot;,&quot;auto&quot;)}},fail:function(){if($(&quot;#skin-show&quot;).get(0)){$(&quot;#skin-show&quot;).remove()}$(&quot;#skin-view&quot;).hide();$(&quot;#index-view&quot;).hide();$(&quot;#index-card&quot;).show();window.location.hash=&quot;&quot;;f.css(&quot;pointer-events&quot;,&quot;auto&quot;)}})};q.addevent=function(){var r=this;b.addevent();e.addevent();k.addevent();a.addevent();o.$view.find(&quot;#skin-view .back-arrow&quot;).on(&quot;click&quot;,function(s){s.stopPropagation();g({logInfo:&quot;back&quot;,tid:98},function(){location.href=&quot;https://m.baidu.com/usrprofile&quot;})})};q.show=function(){o.avoidPenetration(o.$el);$(&quot;#skin-view&quot;).show();$(&quot;#index-view&quot;).show();$(&quot;#index-card&quot;).hide();window.location.hash=&quot;iview=skin&quot;};q.hide=function(){o.avoidPenetration(o.$el);$(&quot;#skin-view&quot;).hide();$(&quot;#index-view&quot;).hide();$(&quot;#index-card&quot;).show();window.location.hash=&quot;&quot;};return q})();var b=(function(){var o=B.Index;var p={};p.show=function(q){var r=q||$(&quot;#skin_menu&quot;);r.addClass(&quot;skin-menu-show&quot;).find(&quot;ul&quot;).show()};p.hide=function(q){var r=q||$(&quot;#skin_menu&quot;);r.removeClass(&quot;skin-menu-show&quot;).find(&quot;ul&quot;).hide()};p.skinAuto=function(u){var s=this;var v=u||$(&quot;#skin_menu&quot;).find(&quot;.skin-auto-switch&quot;);var r=v.hasClass(&quot;checked&quot;)?&quot;on&quot;:&quot;off&quot;;var t=v.hasClass(&quot;checked&quot;)?&quot;关闭&quot;:&quot;开启&quot;;var q=function(w){var x=w||$(&quot;#skin_menu&quot;).find(&quot;.skin-auto-switch&quot;);x.hasClass(&quot;checked&quot;)?x.removeClass(&quot;checked&quot;):x.addClass(&quot;checked&quot;);r=(r===&quot;on&quot;)?&quot;off&quot;:&quot;on&quot;};q(v);o.timer(s.hide,500);j({action:&quot;setskin&quot;,skintype:&quot;SkinAuto&quot;,status:r},{done:{doneCb:function(w){h({text:&quot;自动换肤已&quot;+t});g({logInfo:&quot;auto_skin&quot;,tid:101,logExtra:&#039;{&quot;action&quot;:&#039;+r+&quot;}&quot;});j({action:&quot;getplus&quot;},{done:{doneCb:function(y){var x;$.each(y,function(z){if(y[z].name==&quot;skin&quot;){x=y[z].value;i.setAutoSkin(x);B.ls.setObjItem(&quot;index_plus_skin&quot;,x.indexSkin)}})}}})},failCb:function(){h({text:&quot;设置失败&quot;});o.timer(q,600)}},failCb:function(){h({text:&quot;请求超时&quot;});o.timer(q,600)}})};p.setClassical=function(s){var t=s||$(&quot;#skin_menu&quot;).find(&quot;.skin-set&quot;);var r=this;var q=function(){t.addClass(&quot;skin-has-bg&quot;);t.text(&quot;重置为经典模式&quot;)};if(!(t.hasClass(&quot;skin-has-bg&quot;))){return}j({action:&quot;setskin&quot;,skintype:&quot;SetSkin&quot;,skinIndex:&quot;0&quot;},{done:{doneCb:function(){t.text(&quot;已设置为经典模式&quot;);o.timer(r.hide,200);i.setClassical();h({text:&quot;已恢复经典模式&quot;});var u={};u.skinIndex=&quot;0&quot;;B.ls.setObjItem(&quot;index_plus_skin&quot;,u);g({logInfo:&quot;classic&quot;,tid:100});if($(&quot;.skin-auto-switch&quot;).hasClass(&quot;checked&quot;)){$(&quot;.skin-auto-switch&quot;).removeClass(&quot;checked&quot;);j({action:&quot;setskin&quot;,skintype:&quot;SkinAuto&quot;,status:&quot;off&quot;})}},failCb:function(){h({text:&quot;设置失败&quot;})}},failCb:function(){h({text:&quot;请求超时&quot;})}})};p.addevent=function(){var r=$(&quot;#skin_menu&quot;);var q=this;r.on(&quot;click&quot;,function(s){if($(this).hasClass(&quot;skin-menu-show&quot;)){q.hide(r);g({logInfo:&quot;menu&quot;,tid:99,logExtra:&#039;{&quot;action&quot;:&quot;hide&quot;}&#039;})}else{q.show(r);g({logInfo:&quot;menu&quot;,tid:99,logExtra:&#039;{&quot;action&quot;:&quot;show&quot;}&#039;})}s.stopPropagation()});r.find(&quot;ul&quot;).on(&quot;touchmove&quot;,function(s){s.stopPropagation();s.preventDefault()});r.find(&quot;.skin-auto-switch&quot;).on(&quot;click&quot;,function(t){if($(&quot;#userinfo&quot;).length==0){g({logInfo:&quot;auto_skin&quot;,tid:101,logExtra:&#039;{&quot;action&quot;:&quot;login&quot;}&#039;});var s=$(&quot;#login&quot;).attr(&quot;href&quot;);location.href=&quot;http://wappass.baidu.com/passport/?login&amp;amp;tpl=wimn&amp;amp;subpro=wimn&amp;amp;regtype=1&amp;amp;u=https://m.baidu.com/&quot;+encodeURIComponent(&quot;#iview=skin&amp;amp;skinAuto=on&quot;)}else{q.skinAuto($(this));t.stopPropagation()}});r.find(&quot;.skin-set&quot;).on(&quot;click&quot;,function(s){q.setClassical($(this));s.stopPropagation()});o.$view.find(&quot;#skin-view&quot;).on(&quot;click touchmove&quot;,function(){if(r.hasClass(&quot;skin-menu-show&quot;)){q.hide();g({logInfo:&quot;menu&quot;,tid:99,logExtra:&#039;{&quot;action&quot;:&quot;hide&quot;}&#039;})}else{return}})};return p})();var i=(function(){var v=B.Index;var s={};var z=function(){$(&quot;body&quot;).addClass(&quot;has-background&quot;)};var u=function(){$(&quot;body&quot;).removeClass(&quot;has-background&quot;)};var F=function(I){v.$el.find(&quot;#skin-container&quot;).css(&quot;background-color&quot;,I.color);v.$el.find(&quot;#skin-container&quot;).css(&quot;background-image&quot;,&quot;url(&quot;+$.url.escapeSSL(I.imgUrl.skinUrl)+&quot;)&quot;)};var q=function(){v.$el.find(&quot;#skin-container&quot;).css(&quot;background-color&quot;,&quot;transparent&quot;);v.$el.find(&quot;#skin-container&quot;).css(&quot;background-image&quot;,&quot;none&quot;)};var E=function(){v.$el.find(&quot;#logo&quot;).find(&quot;img&quot;).attr(&quot;src&quot;,&quot;//m.baidu.com/static/index/plus/plus_logo.png&quot;)};var x=function(){v.$el.find(&quot;#logo&quot;).find(&quot;img&quot;).attr(&quot;src&quot;,&quot;//m.baidu.com/static/index/plus/white_logo_shadow.png&quot;)};var C=function(){v.$el.find(&quot;.skin-link&quot;).remove()};var w=function(I){v.$el.find(&quot;.skin-link&quot;).attr(&quot;href&quot;,I.resultUrl)};var A=function(I){v.$el.find(&quot;#logo&quot;).append(&#039;&amp;lt;a href=&quot;&#039;+I.resultUrl+&#039;&quot; class=&quot;skin-link&quot; data-thunder=&quot;cst:2;tid:109;logFrom:skin;logInfo:logo;&quot;&amp;gt;&amp;lt;/a&amp;gt;&#039;)};var G=function(I){v.$el.find(&quot;#index-kw&quot;).val(I.query)};var r=function(){if(v.$el.find(&quot;#index-kw&quot;).val()!=&quot;&quot;){v.$el.find(&quot;#index-kw&quot;).val(&quot;&quot;)}return};var t=function(){if(v.$view.find(&quot;.skin-choose-wrapper&quot;).get(0)){v.$view.find(&quot;.skin-choose-wrapper&quot;).remove()}return};var o=function(I){t();I.find(&quot;.skin-img-wrapper&quot;).append(&#039;&amp;lt;div class=&quot;skin-choose-wrapper&quot;&amp;gt;&amp;lt;span id=&quot;skin-choose&quot;&amp;gt;&amp;lt;i class=&quot;icon-choose&quot;&amp;gt;&amp;lt;/i&amp;gt;已使用&amp;lt;/span&amp;gt;&amp;lt;/div&amp;gt;&#039;)};var H=function(){var I=v.$view.find(&quot;.skin-set&quot;);if(I.hasClass(&quot;skin-has-bg&quot;)){return}I.addClass(&quot;skin-has-bg&quot;);I.text(&quot;重置为经典模式&quot;)};var p=function(){var I=v.$view.find(&quot;.skin-set&quot;);if(!I.hasClass(&quot;skin-has-bg&quot;)){return}I.removeClass(&quot;skin-has-bg&quot;);I.text(&quot;已设置为经典模式&quot;)};var D=function(I){var K=$(&quot;.weather-shield&quot;);if(I){K.css(&quot;background-color&quot;,I.color);K.css(&quot;background-image&quot;,&quot;url(&quot;+$.url.escapeSSL(I.imgUrl.skinUrl)+&quot;)&quot;)}else{K.css(&quot;background-image&quot;,&quot;none&quot;);K.css(&quot;background-color&quot;,&quot;#eeeff0&quot;)}};var y=function(K){t();var L=K;var I=K.skinIndex;if(!$(&#039;[data-skinidx=&quot;&#039;+I+&#039;&quot;]&#039;).find(&quot;.skin-img-wrapper&quot;).get(0)){return false}$(&#039;[data-skinidx=&quot;&#039;+I+&#039;&quot;]&#039;).find(&quot;.skin-img-wrapper&quot;).append(&#039;&amp;lt;div class=&quot;skin-choose-wrapper&quot;&amp;gt;&amp;lt;span id=&quot;skin-choose&quot;&amp;gt;&amp;lt;i class=&quot;icon-choose&quot;&amp;gt;&amp;lt;/i&amp;gt;已使用&amp;lt;/span&amp;gt;&amp;lt;/div&amp;gt;&#039;)};var J=function(I){var K=I;if(K&amp;amp;&amp;amp;K.skinIndex){f.data(&quot;skinindex&quot;,K.skinIndex)}else{f.data(&quot;skinindex&quot;,&quot;0&quot;)}};s.setClassical=function(){u();q();E();C();r();t();D();p();J()};s.changeSkin=function(I){var K=$.parseJSON(I.find(&quot;input&quot;).val());F(K);w(K);G(K);o(I);D(K);J(K)};s.setSkin=function(I){var K=$.parseJSON(I.find(&quot;input&quot;).val());z();F(K);x();A(K);G(K);o(I);H();D(K);J(K)};s.setAutoSkin=function(I){var K=I.indexSkin;if(K.skinIndex==&quot;0&quot;){this.setClassical()}else{z();F(K);x();A(K);G(K);y(K);H();D(K)}};return s})();var e=(function(){var p=B.Index;var o={};o.scrollNav=function(){new B.iScroll(&quot;#skin-navWrap&quot;,{eventPassthrough:true,scrollX:true,scrollY:false,preventDefault:false,bindToWrapper:true})};o.changeNav=function(t){var u=t;var s=u.index();var r=p.$view.find(&quot;.skin-nav&quot;);var q=p.$view.find(&quot;.skin-list&quot;);if(u.hasClass(&quot;skin-nav-recom&quot;)){return}if(u.attr(&quot;data-isLoad&quot;)==&quot;false&quot;){j({action:&quot;getskin&quot;,skintype:&quot;SkinList&quot;,tabId:u.attr(&quot;data-id&quot;),pageNum:u.attr(&quot;data-page&quot;)},{done:{doneCb:function(v){d({wrapper:q.eq(s)},v);window.scrollTo(0,0);setTimeout(function(){var w=r.eq(s).attr(&quot;data-page&quot;);parseInt(w,10);w++;r.eq(s).attr(&quot;data-page&quot;,w);r.removeClass(&quot;skin-nav-recom&quot;).eq(s).addClass(&quot;skin-nav-recom&quot;);q.removeClass(&quot;skin-active&quot;).eq(s).addClass(&quot;skin-active&quot;);q.eq(s).attr(&quot;data-hasData&quot;,v.hasData);c(q.eq(s).attr(&quot;data-hasData&quot;));u.attr(&quot;data-isLoad&quot;,&quot;true&quot;)},0)},failCb:function(){h({text:&quot;请求错误&quot;})}},failCb:function(){h({text:&quot;请求超时&quot;})}})}else{window.scrollTo(0,0);setTimeout(function(){r.removeClass(&quot;skin-nav-recom&quot;).eq(s).addClass(&quot;skin-nav-recom&quot;);q.removeClass(&quot;skin-active&quot;).eq(s).addClass(&quot;skin-active&quot;);c(q.eq(s).attr(&quot;data-hasData&quot;))},0)}g({logInfo:&quot;tab&quot;,tabId:s+1,tid:102})};o.addevent=function(){var q=this;var r=p.$view.find(&quot;#skin-view&quot;);q.scrollNav();r.on(&quot;click&quot;,&quot;.skin-nav&quot;,function(){q.changeNav($(this))})};return o})();var d=(function(){var p=B.Index;function o(q,r){q.wrapper.append(r.html)}return o})();var k=(function(){var p=B.Index;var q={};q.status=&quot;hide&quot;;q.dom=null;function u(){return false}function r(x,y,z){var A=z;for(var w=0;w&amp;lt;A.length;w++){if(A.eq(w).attr(&quot;data-shit&quot;)!=x){continue}if(x.indexOf(&quot;Url&quot;)&amp;gt;-1){A.eq(w).css(&quot;background-image&quot;,&quot;url(&quot;+$.url.escapeSSL(y)+&quot;)&quot;);var v=JSON.parse(q.dom.find(&quot;input&quot;).val()).color;A.eq(w).css(&quot;background-color&quot;,v)}else{A.eq(w).html(y)}}}function s(){p.$view.find(&quot;.skin-view-title&quot;).css(&quot;pointer-events&quot;,&quot;none !important&quot;).addClass(&quot;skin-addblur&quot;);p.$view.find(&quot;.skin-navWrap&quot;).css(&quot;pointer-events&quot;,&quot;none !important&quot;).addClass(&quot;skin-addblur&quot;);p.$view.find(&quot;.skin-list-wrapper&quot;).css(&quot;pointer-events&quot;,&quot;none !important&quot;).addClass(&quot;skin-addblur&quot;);p.$view.find(&quot;#skin-bottomTips&quot;).css(&quot;pointer-events&quot;,&quot;none !important&quot;).addClass(&quot;skin-addblur&quot;)}function t(){p.$view.find(&quot;.skin-view-title&quot;).css(&quot;pointer-events&quot;,&quot;none !important&quot;).removeClass(&quot;skin-addblur&quot;);p.$view.find(&quot;.skin-navWrap&quot;).css(&quot;pointer-events&quot;,&quot;none !important&quot;).removeClass(&quot;skin-addblur&quot;);p.$view.find(&quot;.skin-list-wrapper&quot;).css(&quot;pointer-events&quot;,&quot;none !important&quot;).removeClass(&quot;skin-addblur&quot;);p.$view.find(&quot;#skin-bottomTips&quot;).css(&quot;pointer-events&quot;,&quot;none !important&quot;).removeClass(&quot;skin-addblur&quot;)}function o(w,y){var x=w;var z=y;for(var v in x){if(typeof(x[v])===&quot;object&quot;){return arguments.callee(x[v],z)}else{r(v,x[v],z)}}}q.render=function(z){var y=$.parseJSON(z.find(&quot;input&quot;).val());var x=$(&quot;#skin-msgPage&quot;);var w=x.find(&quot;[data-shit]&quot;);var v=x.find(&quot;#skin-useBtn&quot;);o(y,w);v.removeClass();(z.find(&quot;#skin-choose&quot;).get(0))?v.addClass(&quot;skin-showUsed&quot;):v.addClass(&quot;skin-showUse&quot;)};q.show=function(y,v){var w=this;var z=y||$(&quot;#skin-msgPage&quot;);z.css(&quot;pointer-events&quot;,&quot;none !important&quot;);var x=v||$(&quot;#skin-view&quot;);z.addClass(&quot;skin-msgpageShow&quot;).addClass(&quot;skin-addop&quot;);x.on(&quot;touchmove&quot;,u);p.timer(function(){w.status=&quot;show&quot;;z.css(&quot;pointer-events&quot;,null)},500)};q.hide=function(y,v){var w=this;var z=y||$(&quot;#skin-msgPage&quot;);z.css(&quot;pointer-events&quot;,&quot;none !important&quot;);var x=v||$(&quot;#skin-view&quot;);z.addClass(&quot;skin-removeop&quot;);p.timer(function(){x.off(&quot;touchmove&quot;,u);z.removeClass(&quot;skin-removeop&quot;).removeClass(&quot;skin-addop&quot;).removeClass(&quot;skin-msgpageShow&quot;);w.status=&quot;hide&quot;;z.css(&quot;pointer-events&quot;,null);p.$view.find(&quot;.skin-view-title&quot;).css(&quot;pointer-events&quot;,null);p.$view.find(&quot;.skin-navWrap&quot;).css(&quot;pointer-events&quot;,null);p.$view.find(&quot;.skin-list-wrapper&quot;).css(&quot;pointer-events&quot;,null);p.$view.find(&quot;#skin-bottomTips&quot;).css(&quot;pointer-events&quot;,null)},500)};q.clickBtn=function(z){var z=z;if(!(z.hasClass(&quot;skin-showUse&quot;))){return}var y=$.parseJSON(this.dom.find(&quot;input&quot;).val());var v=y.skinIndex;var w=this.dom;var x=this;j({action:&quot;setskin&quot;,skintype:&quot;SetSkin&quot;,skinIndex:v},{done:{doneCb:function(){if($(&quot;body&quot;).hasClass(&quot;has-background&quot;)){i.changeSkin(w)}else{i.setSkin(w)}if($(&quot;.skin-auto-switch&quot;).hasClass(&quot;checked&quot;)){$(&quot;.skin-auto-switch&quot;).removeClass(&quot;checked&quot;);j({action:&quot;setskin&quot;,skintype:&quot;SkinAuto&quot;,status:&quot;off&quot;})}y.useNum++;y=JSON.stringify(y);w.find(&quot;input&quot;).val(y);var C=$(&quot;.skin-useNum&quot;).find(&quot;span&quot;).eq(0).text();C=parseInt(C);C++;$(&quot;.skin-useNum&quot;).find(&quot;span&quot;).eq(0).text(C);z.removeClass().addClass(&quot;skin-showUsed&quot;);var A={};y=$.parseJSON(y);A.skinIndex=y.skinIndex;A.resultUrl=y.resultUrl;A.color=y.color;A.imgUrl={};A.imgUrl[&quot;skinUrl&quot;]=y.imgUrl[&quot;skinUrl&quot;];B.ls.setObjItem(&quot;index_plus_skin&quot;,A);g({logInfo:&quot;preview_use&quot;,tid:106});setTimeout(function(){x.toIndex()},300)},failCb:function(){h({text:&quot;换肤失败&quot;});p.avoidPenetration(z,2500)}},failCb:function(){h({text:&quot;换肤失败&quot;});p.avoidPenetration(z,2500)}})};q.addevent=function(){var y=this;var v=p.$view.find(&quot;#skin-list-wrapper&quot;);var w=p.$view.find(&quot;#skin-msgPage&quot;);var z=p.$view.find(&quot;#skin-view&quot;);var x=p.$view.find(&quot;.skin-msgImg&quot;);v.on(&quot;click&quot;,&quot;.skin-per&quot;,function(){y.dom=$(this);y.render($(this));y.show(w,z);g({logInfo:&quot;image&quot;,tabId:$(this).attr(&quot;data-clkinfo&quot;).split(&quot;&quot;)[1],tid:108,logExtra:&#039;{&quot;imgIndex&quot;:&#039;+$(this).attr(&quot;data-skinIdx&quot;)+&quot;}&quot;})});w.on(&quot;click&quot;,function(){y.dom=null;y.hide(w,z);g({logInfo:&quot;preview_around&quot;,tid:107})});x.on(&quot;touchstart&quot;,&quot;#skin-useBtn&quot;,function(A){y.clickBtn($(this));A.stopPropagation()}).on(&quot;click&quot;,&quot;.skin-msg-close&quot;,function(A){y.dom=null;y.hide(w,z);g({logInfo:&quot;preview_close&quot;,tid:105});A.stopPropagation()}).on(&quot;click&quot;,function(A){A.stopPropagation()})};q.toIndex=function(x,v){var y=x||$(&quot;#skin-msgPage&quot;);var w=v||$(&quot;#skin-view&quot;);l.hide();w.off(&quot;touchmove&quot;,u);y.removeClass(&quot;skin-removeop&quot;).removeClass(&quot;skin-addop&quot;).removeClass(&quot;skin-msgpageShow&quot;);this.status=&quot;hide&quot;;t();y.css(&quot;pointer-events&quot;,null);p.$view.find(&quot;.skin-view-title&quot;).css(&quot;pointer-events&quot;,null);p.$view.find(&quot;.skin-navWrap&quot;).css(&quot;pointer-events&quot;,null);p.$view.find(&quot;.skin-list-wrapper&quot;).css(&quot;pointer-events&quot;,null);p.$view.find(&quot;#skin-bottomTips&quot;).css(&quot;pointer-events&quot;,null)};return q})();var c=(function(){var o=B.Index;var p=function(q){var s=$(&quot;#skin-bottomTips&quot;);var r=q;switch(r){case&quot;0&quot;:s.removeClass(&quot;skin-showMore skin-showAdd&quot;).addClass(&quot;skin-showNo&quot;);break;case&quot;1&quot;:s.removeClass(&quot;skin-showNo skin-showAdd&quot;).addClass(&quot;skin-showMore&quot;);break;default:s.removeClass(&quot;skin-showMore skin-showNo&quot;).addClass(&quot;skin-showAdd&quot;);break}};return p})();var a=(function(){var p=B.Index;var q={};q.loading=false;q.lock=false;var o=function(w){var x=w;var v=$(window);var u=v.scrollTop();var t=u+v.height();var r=x.offset().top;var s=r+(x.height()/2);return(s&amp;lt;=t)};q.addSkin=function(){var s=this;if(B.hash.get()[&quot;iview&quot;]!=&quot;skin&quot;){return false}var u=$(&quot;#skin-bottomTips&quot;);if(!(o(u))){return false}if(s.loading==true){return false}var t=p.$view.find(&quot;.skin-nav-recom&quot;);var r=p.$view.find(&quot;.skin-active&quot;);if(r.attr(&quot;data-hasData&quot;)==&quot;0&quot;){return false}c();s.loading=true;j({action:&quot;getskin&quot;,skintype:&quot;SkinList&quot;,tabId:t.attr(&quot;data-id&quot;),pageNum:t.attr(&quot;data-page&quot;)},{done:{doneCb:function(w){var v=t.attr(&quot;data-page&quot;);parseInt(v,10);v++;t.attr(&quot;data-page&quot;,v);r.attr(&quot;data-hasData&quot;,w.hasData);d({wrapper:r},w);c(r.attr(&quot;data-hasData&quot;));s.loading=false},failCb:function(){c(&quot;1&quot;);h({text:&quot;加载失败&quot;});s.loading=false}},failCb:function(){c(&quot;1&quot;);h({text:&quot;请求超时&quot;});s.loading=false}})};q.addevent=function(){var r=this;var s=$(window);s.on(&quot;scroll&quot;,r.addSkin)};return q})();var h=(function(){var p=B.Index;function q(r){this.wrapper=r.wrapper||p.$view.find(&quot;#skin-view&quot;);this.text=r.text||&quot;null&quot;}q.prototype.show=function(){var r=this;r.render();r.wrapper.append(r.$tem);p.timer(function(){$(r.$tem).find(&quot;.skin-tips&quot;).addClass(&quot;skin-tips-opacity&quot;)},100);$(r.$tem).find(&quot;.skin-tips&quot;).one(&quot;webkitTransitionEnd&quot;,function(){r.remove()})};q.prototype.render=function(){tem=&#039;&amp;lt;div class=&quot;skin-tips-wrapper&quot;&amp;gt;&amp;lt;div class=&quot;skin-tips&quot;&amp;gt;&#039;+this.text+&quot;&amp;lt;/div&amp;gt;&amp;lt;/div&amp;gt;&quot;;this.$tem=$(tem)};q.prototype.remove=function(){$(this.$tem).remove()};function o(s){var r=new q(s);r.show()}return o})();return{init:l}});
B.init(function(){var a=$(&quot;#skin&quot;);var b=B.Index;if(window.location.hash.indexOf(&quot;iview=skin&quot;)&amp;gt;-1){require([&quot;tabs/mine/items/skin/iphone&quot;],function(c){$(&quot;#index-card&quot;).css(&quot;display&quot;,&quot;none&quot;);!(b.$view.find(&quot;#skin-view&quot;).get(0))?c.init.init(true):c.init.show()});$(&quot;#skin-show&quot;).remove()}B.listen(&quot;inline/detectReload&quot;,&quot;back&quot;,function(d){var c=B.ls.getObjItem(&quot;index_plus_skin&quot;);if(c&amp;amp;&amp;amp;c.skinIndex&amp;amp;&amp;amp;a.data(&quot;skinindex&quot;)!=c.skinIndex){location.reload()}},{listenpre:true});require([&quot;tabs/mine/items/skin/iphone&quot;],function(c){a.on(&quot;click&quot;,function(){!(b.$view.find(&quot;#skin-view&quot;).get(0))?c.init.init():c.init.show();B.log.send({ct:10,cst:2,clk_from:&quot;skin&quot;,clk_info:&quot;a1_b1&quot;})})})});&lt;/script&gt;&lt;script id=&quot;index_plus_ls_js_prefetch&quot; type=&quot;text/javascript&quot; class=&quot;js_prefetch&quot;&gt;(function(){var c=window.B||{};if(typeof c.prefetch!==&quot;undefined&quot;){return}var a=0,b=false;c.prefetch=(function(){var k=(function(){var n=0,o=1,q=-1,m=function(r){return r};var p=function(r,t){if(!$.isFunction(r)){r=m}if(!$.isFunction(t)){t=m}var s=this;s.ok=r;s.ng=t;s._nexts=[];s.state=n};p.prototype={_addOK:function(r){add(this,this.oks,r,this.args,o)},_addNG:function(r){add(this,this.ngs,r,this.errs,q)},_pushOrFire:function(v){var t=this,u=v.promise,r=v.ok,s=v.ng;if(t.state==o){t._fireNextOK(u,r)}else{if(t.state==q){t._fireNextNG(u,s)}else{t._nexts.push(v)}}},_fireNextOK:function(u,s){var t=this,r=s.call(u,t.okResult);if(r instanceof p){r.then(function(v){u.resolve(v)},function(v){u.reject(v)})}else{u.resolve(r)}},_fireNextNG:function(u,t){var s=this,r=t.call(u,s.ngResult);if(r instanceof p){r.then(function(v){u.resolve(v)},function(v){u.reject(v)})}else{u.reject(r)}},then:function(s,u){var t=this,r=new p();if(!$.isFunction(s)){s=m}if(!$.isFunction(u)){u=m}t._pushOrFire({promise:r,ok:s,ng:u});return r},resolve:function(t){var s=this,r=s._nexts;if(s.state!=n){return}s.state=o;s.okResult=s.ok.call(s,t);while(r.length&amp;gt;0){s._pushOrFire(r.shift())}return s},reject:function(t){var s=this,r=s._nexts;if(s.state!=n){return}s.state=q;s.ngResult=s.ng.call(s,t);while(r.length&amp;gt;0){s._pushOrFire(r.shift())}return s},delay:function(r){return this.then(function(s){var t=new p();setTimeout(function(){t.resolve(s)},r);return t})}};p.when=function(t,r,s){return t.then(r,s)};p.now=new p().resolve();return p})();var d=$(&quot;#commonBase&quot;);var l=1,g=2,e=-1,h=-2;function f(){}var i=function(){return(new Date).getTime()};var j={cache:{},events:$(&quot;&amp;lt;div /&amp;gt;&quot;),cacheLife:20000,isid:d.attr(&quot;data-logid&quot;),buildSearchUrl:function(p,r){var m=&quot;/s?word=&quot;+encodeURIComponent(p)+&quot;&amp;amp;ie=utf-8&amp;amp;tn=iphone&amp;amp;rn=10&amp;amp;wpo=base&amp;amp;&quot;+d.attr(&quot;data-prepath&quot;).replace(/#/g,&quot;&amp;amp;&quot;);for(var o in r){var q=r[o];m+=&quot;&amp;amp;&quot;+o+&quot;=&quot;+q}var n=d.data(&quot;ss&quot;);if(n&amp;amp;&amp;amp;n!==&quot;0&quot;&amp;amp;&amp;amp;n!=&quot;00&quot;){m+=&quot;&amp;amp;ss=&quot;+n}return m},buildSearchParams:function(m,o){var p={};var n=i().toString();p.ts=n.substr(-7);&quot;from pu st sa rq dit ms&quot;.split(&quot; &quot;).forEach(function(q){var r=d.attr(&quot;data-&quot;+q);if(r&amp;amp;&amp;amp;r!==&quot;0&quot;&amp;amp;&amp;amp;r!==&quot;00&quot;){p[q]=r}});p.mod=1;p.rsv_iqid=$(&#039;[name=&quot;rsv_iqid&quot;]&#039;).val()||&quot;&quot;;p.isid=j.isid;p=$.extend(p,o);return p},onPrefetchFailed:function(n,m){delete j.cache[n];m.promise.reject(m)},prefetchWord:function(p){var q=p.word,o=j.buildSearchUrl(q,p.params),n;var m=j.getCacheObj(q);if(m&amp;amp;&amp;amp;(m.status===g||m.status===l)){return m}if(p.type===&quot;jsonp&quot;){o+=&quot;&amp;amp;callback=?&quot;;n=&quot;jsonp&quot;}else{if(p.type===&quot;ajax&quot;){n=&quot;json&quot;}}m=j.cache[q]={promise:new k(),word:q,item:p,status:l,timestamp:i()};m.promise.cacheObj=m;var r=$.ajax({url:o,dataType:n,timeout:30000,beforeSend:function(){j.events.trigger(&quot;beforeSend&quot;,p)},success:function(t,s,u){if(t&amp;amp;&amp;amp;t.status&amp;gt;=0){m.successTimestamp=i();m.status=g;m.data=t;m.promise.resolve(m)}else{return j.onPrefetchFailed(q,m)}},error:function(u,t,s){if(m.status===g){return}if(t===&quot;abort&quot;){m.status=h}else{m.status=e}j.onPrefetchFailed(q,m)}});m.xhr=r;return m},abortCurrentRequests:function(p){var q=i();for(var t in j.cache){var o=false,n=j.cache[t];for(var r=0,m=p.length;r&amp;lt;m;++r){var s=p[r];if(s.word===t){if(n.status===g||n.status===l){if(q-n.timestamp&amp;lt;j.cacheLife){o=true;break}else{}}}}if(!o){if(n.status===l){n.xhr.abort()}delete j.cache[t]}}},prefetchWords:function(m){if(m.length==0){return}m.forEach(function(n){});clearTimeout(b);b=setTimeout(function(){j.abortCurrentRequests(m);m.forEach(j.prefetchWord)},a)},getCacheStatus:function(n){if(!n){return 0}if(typeof n===&quot;string&quot;){n=j.cache[n]}if(!n){return 0}if(!n.data){return 0}if(!n.data.html){return 0}if(!n.data.html.Html_copyright){return 0}if(!n.data.html.Ala_Script){return 0}if(!n.data.html.cooder_js_top&amp;amp;&amp;amp;!n.data.lscode){return 0}var o=i();if(o-n.timestamp&amp;lt;j.cacheLife){var m=n.status;if(m===g){if(n.data.html.cooder_js_top){return 4}else{return 2}}if(m===l){return 1}return 0}else{return 0}},getCacheObj:function(m){return j.cache[m]||false},delCacheObj:function(m){if(m&amp;amp;&amp;amp;m.xhr){delete j.cache[m.word];m.xhr.abort()}},search:function(q,o,p){j.abortCurrentRequests([q]);var r=q.word;var m=j.cache[r];var n=0;if(!m||m.status===e||m.status===h){q.params.mod=0;q.params.rsv_iqid=$(&#039;[name=&quot;rsv_iqid&quot;]&#039;).val()||&quot;&quot;;m=j.prefetchWord(q);n=0}else{n=(m.status===g?2:1)}m.cacheStatus=n;m.searchTimestamp=i();m.promise.then(function(){setTimeout(function(){o(m.data);var s=i()},0)},p);return m},confirm:function(m){var n=j.buildSearchUrl(m.word,$.extend({},m.item.params,{mod:2,chk:m.data.chk,cqid:m.data.logid,rsv_iqid:$(&#039;[name=&quot;rsv_iqid&quot;]&#039;).val()||&quot;&quot;,expt:$(&#039;input[name=&quot;expt&quot;]&#039;).val()||&quot;&quot;}));$.ajax({url:n,dataType:&quot;ajax&quot;,timeout:30000,success:function(){},error:function(){},complete:function(){delete j.cache[m.word]}})}};return j})()})();&lt;/script&gt;&lt;script id=&quot;index_plus_ls_js_sug&quot; type=&quot;text/javascript&quot; class=&quot;js_sug&quot;&gt;(function(){var commonBase=$(&quot;#commonBase&quot;),c_pwd=&quot;&quot;,config={checkInterval:300,sugNum:6,sugBaseUrl:&quot;//m.baidu.com/su?pre=1&amp;amp;p=3&amp;amp;ie=utf-8&amp;amp;json=1&amp;amp;from=wise_web&quot;+(commonBase.attr(&quot;data-sugsid&quot;)?(&quot;&amp;amp;sugsid=&quot;+commonBase.attr(&quot;data-sugsid&quot;)):&quot;&quot;)+&quot;&amp;amp;net=&quot;+commonBase.attr(&quot;data-tanet&quot;)+&quot;&amp;amp;os=&quot;+commonBase.attr(&quot;data-osid&quot;)+&quot;&amp;amp;sp=&quot;+commonBase.attr(&quot;data-spd&quot;),hisBaseUrl:&quot;//m.baidu.com/his?callback=?&amp;amp;type=3&amp;amp;pic=1&quot;+(commonBase.attr(&quot;data-lid&quot;)?(&quot;&amp;amp;lid=&quot;+commonBase.attr(&quot;data-lid&quot;)):&quot;&quot;),hisDeleteUrl:&quot;/user/ajax/history/delete&quot;,hisClearUrl:&quot;/user/ajax/history/clear&quot;,sugScriptId:&quot;sug&quot;,hisStorageNum:6,defSiteIconUrl:&quot;//m.baidu.com/static/index/siteDef.png&quot;,defAppIconUrl:&quot;//m.baidu.com/static/index/appDef.png&quot;,defAtIconUrl:&quot;//m.baidu.com/static/index/atDef.png&quot;,tcUrl:&quot;//m.baidu.com/tc?l=1&amp;amp;&quot;,hisMoreUrl:&quot;//m.baidu.com/usrprofile?action=history&amp;amp;u=&quot;,hisSetUrl:&quot;//m.baidu.com/usrprofile?action=config&amp;amp;model=user&amp;amp;ori=sug&amp;amp;u=&quot;,hisGraphUrl:location.protocol.indexOf(&quot;https&quot;)===-1?&quot;//graph.baidu.com/resource/$sign$_0.jpg&quot;:&quot;//sp0.baidu.com/-aYHfD0a2gU2pMbgoY3K/resource/$sign$_0.jpg&quot;,hisGraphHerf:&quot;http://graph.baidu.com/s?src_position=his&amp;amp;&quot;},status={isRequesting:false,isHisRecommend:false,isSuccess:false,sugWinMoved:false,sugClosed:false,isFocus:false,isHissyn:!!commonBase.attr(&quot;data-pid&quot;),isGetHis:true,isOpenHis:commonBase.attr(&quot;data-upshis&quot;)},sugCache={},timeoutCache={},prefetchpromise=0,prefetchpromisetimer=null,hisRecommend=null,sugObj={wrap:&quot;suggest-div&quot;,sug:&quot;sug&quot;,his:&quot;his&quot;,touch:&quot;touched&quot;,sugEdit:&quot;sug-edit&quot;},preventEvent=function(e){e.preventDefault&amp;amp;&amp;amp;e.preventDefault();e.stopPropagation&amp;amp;&amp;amp;e.stopPropagation();return false};var sids=commonBase.attr(&quot;data-sids&quot;);config.preratio=[0.3,0.02];var prewait=true;if(sids.indexOf(&quot;103995&quot;)&amp;gt;-1){config.preratio=[0.3,0.02];prewait=true}else{if(sids.indexOf(&quot;104484&quot;)&amp;gt;-1){config.preratio=[0.4,0.02];prewait=true}else{if(sids.indexOf(&quot;104485&quot;)&amp;gt;-1){config.preratio=[0.35,0.02];prewait=true}else{if(sids.indexOf(&quot;106034&quot;)&amp;gt;-1){}}}}window.baidu=window.baidu||{};$.sug=function(opt){var me=this;var input=$(opt.inputid);if(input.attr(&quot;data-sug&quot;)==&quot;1&quot;){return}input.attr(&quot;data-sug&quot;,&quot;1&quot;);$.extend(me,{doms:{wrap:$(opt.wrapid),input:$(opt.inputid),reset:$(opt.resetid),bn:$(opt.buttonid)},isUpdate:false,isOperAt:false,lastKw:$(opt.inputid).val()||&quot;&quot;,needHis:opt.needHis,record:opt.record,sa:opt.sa,w:opt.w,hisShow:&quot;0&quot;,sugShow:&quot;0&quot;,recShow:&quot;0&quot;,publicArgu:opt.publicArgu,iHeight:opt.iHeight||&quot;60px&quot;,dHeight:opt.dHeight||&quot;39px&quot;});me.init()};$.sug.prototype={init:function(){var me=this;me.DOMprepared();me.attchEvent();if(commonBase.data(&quot;spa&quot;)!=0){me.spa=true}else{me.spa=false}if(!status.isHissyn&amp;amp;&amp;amp;!status.isHisRecommend){me.setHisRecommend()}},update:function(){if(this.isUpdate){if(!status.isHissyn){this.setHisRecommend()}else{var localUrl=encodeURIComponent(location.toString());$(&quot;.suggest-control-more a&quot;).attr(&quot;href&quot;,config.hisMoreUrl+localUrl);$(&quot;.suggest-control-set a&quot;).attr(&quot;href&quot;,config.hisSetUrl+localUrl)}}this.isUpdate=true},setHisRecommend:function(isRequestHis){var me=this,his=me.getHis(&quot;&quot;);var pid=commonBase.attr(&quot;data-pid&quot;);if(status.isHissyn){if(status.isOpenHis==1){if(isRequestHis){me.sendHisRequest(his,pid)}else{me.getSug(&quot;&quot;)}}else{me.cl();me.hd()}}else{if(!status.isHisRecommend){status.isHisRecommend=true;me.sendHisRequest(his)}else{me.getSug(&quot;&quot;)}}},sendHisRequest:function(his,pid){var me=this,tmp=[];for(var i=0,len=his.length;i&amp;lt;len;i++){tmp.push({kw:his[i].kw,time:parseInt(his[i].time/1000)})}var hissid=commonBase.attr(&quot;data-hissid&quot;);$.ajax({type:&quot;GET&quot;,url:config.hisBaseUrl+&quot;&amp;amp;net=&quot;+commonBase.attr(&quot;data-tanet&quot;)+(hissid?(&quot;&amp;amp;hissid=&quot;+hissid):&quot;&quot;)+(pid?(&quot;&amp;amp;pid=&quot;+pid):&quot;&quot;)+(tmp.length?(&quot;&amp;amp;hisdata=&quot;+encodeURIComponent(JSON.stringify(tmp))):&quot;&quot;),dataType:&quot;jsonp&quot;,success:function(data){if(status.isHissyn){if(data.errno==0&amp;amp;&amp;amp;data.his&amp;amp;&amp;amp;data.his.length&amp;gt;0){hisRecommend={s:data&amp;amp;&amp;amp;data.his};if(data.type&amp;amp;&amp;amp;data.type.length&amp;gt;0){hisRecommend.type=data.type}if(data.src&amp;amp;&amp;amp;data.src.length&amp;gt;0){hisRecommend.src=data.src}if(data.vals&amp;amp;&amp;amp;data.vals.length&amp;gt;0){hisRecommend.vals=data.vals}}else{hisRecommend={s:[]}}status.isGetHis=false;me.getSug(&quot;&quot;)}else{if(data.errno==0&amp;amp;&amp;amp;data.his&amp;amp;&amp;amp;data.his.length&amp;gt;0){hisRecommend={s:data&amp;amp;&amp;amp;data.his}}else{hisRecommend=null}}},error:function(){if(status.isHissyn){hisRecommend={s:[]};status.isGetHis=false;me.getSug(&quot;&quot;)}}})},DOMprepared:function(){var me=this;me.sugDiv=$(&quot;&amp;lt;div/&amp;gt;&quot;).attr(&quot;class&quot;,sugObj.wrap);me.sugClose=$(&quot;&amp;lt;div/&amp;gt;&quot;).html(&quot;关闭&quot;).attr(&quot;class&quot;,&quot;suggest-close&quot;);me.sugTitle=$(&quot;&amp;lt;div/&amp;gt;&quot;).attr(&quot;class&quot;,&quot;suggest-title&quot;);me.sugAt=$(&quot;&amp;lt;div/&amp;gt;&quot;).attr(&quot;class&quot;,&quot;suggest-at&quot;).html(&quot;直达号&quot;);me.sugDirect=$(&quot;&amp;lt;div/&amp;gt;&quot;).attr(&quot;class&quot;,&quot;suggest-direct&quot;);me.sugPanel=$(&quot;&amp;lt;div/&amp;gt;&quot;).attr(&quot;class&quot;,&quot;suggest-panel&quot;);me.sugContent=$(&quot;&amp;lt;div/&amp;gt;&quot;).attr(&quot;class&quot;,&quot;suggest-content&quot;);me.setSugOper();me.sugLogo=$(&quot;&amp;lt;div/&amp;gt;&quot;).attr(&quot;class&quot;,&quot;suggest-logo&quot;);me.sugTitle.append(me.sugLogo).append(me.setHisControl()).append(me.sugAt);me.sugPanel.append(me.sugContent).append(me.sugOper);me.sugDiv.append(me.sugDirect).append(me.sugPanel).append(me.sugTitle).append(me.sugClose);me.doms.wrap.append(me.sugDiv);me.form=me.doms.wrap.parents(&quot;form&quot;);me.page=me.form.attr(&quot;data-formposition&quot;)==&quot;i&quot;?&quot;index&quot;:&quot;search&quot;;me.hd()},setHisControl:function(){var me=this;var hisControl=$(&quot;&amp;lt;div&amp;gt;&quot;).attr(&quot;class&quot;,&quot;suggest-control&quot;);var iconPre=me.getIconPre();var localUrl=encodeURIComponent(location.toString());if(status.isHissyn){var eHisMore=$(&#039;&amp;lt;div class=&quot;suggest-control-more&quot;&amp;gt;&amp;lt;a href=&#039;+config.hisMoreUrl+localUrl+&#039;&amp;gt;&amp;lt;i class=&quot;&#039;+iconPre+&#039;logo&quot;&amp;gt;&amp;lt;/i&amp;gt;查看更多历史&amp;lt;/a&amp;gt;&amp;lt;/div&amp;gt;&#039;);var eHisSet=$(&#039;&amp;lt;div class=&quot;suggest-control-set&quot;&amp;gt;&amp;lt;a href=&#039;+config.hisSetUrl+localUrl+&#039;&amp;gt;&amp;lt;i class=&quot;&#039;+iconPre+&#039;setting&quot;&amp;gt;&amp;lt;/i&amp;gt;设置&amp;lt;/a&amp;gt;&amp;lt;/div&amp;gt;&#039;);eHisMore.on(&quot;click&quot;,&quot;a&quot;,function(){B.log.send({ct:3,cst:6})});eHisSet.on(&quot;click&quot;,&quot;a&quot;,function(){B.log.send({ct:3,cst:7})});hisControl.append(eHisMore).append(eHisSet)}else{me.clear=$(&quot;&amp;lt;div/&amp;gt;&quot;).attr(&quot;class&quot;,&quot;history-clear&quot;).html(&quot;清除历史记录&quot;);me.clear.bind(&quot;click&quot;,function(){var text=&quot;清除全部查询历史记录？&quot;;B.log.send({ct:3,cst:9});if(confirm(text)){me.delHis()}else{me.clear.removeClass(sugObj.touch)}}).bind(&quot;touchstart&quot;,function(e){$(this).addClass(&quot;touched&quot;)}).bind(&quot;touchend&quot;,function(e){me.clearTouchStatus()});hisControl.append(me.clear)}me.hisControl=hisControl;return hisControl},setSugOper:function(){var me=this;var eSugOper=$(&quot;&amp;lt;div/&amp;gt;&quot;).attr(&quot;class&quot;,&quot;suggest-oper sug-active-his&quot;);var eHis=$(&quot;&amp;lt;div/&amp;gt;&quot;).attr(&quot;class&quot;,&quot;suggest-oper-his sug-oper-btn&quot;).text(&quot;历史记录&quot;);var eAt=$(&quot;&amp;lt;div/&amp;gt;&quot;).attr(&quot;class&quot;,&quot;suggest-oper-at sug-oper-btn&quot;).text(&quot;直达号&quot;);var input=me.doms.input;me.sugOper=eSugOper;me.sugOperHis=eHis;me.sugOperAt=eAt;eHis.on(&quot;touchstart&quot;,function(e){if(!me.sugOper.hasClass(&quot;sug-active-his&quot;)){me.sugOper.removeClass(&quot;sug-active-at&quot;);me.sugOper.addClass(&quot;sug-active-his&quot;);var kw=&quot;&quot;;input.val(kw);input.focus();me.scrollTop();me.autoWrap();B.log.send({ct:3,cst:4})}preventEvent(e)});eAt.on(&quot;touchstart&quot;,function(e){if(!me.sugOper.hasClass(&quot;sug-active-at&quot;)){me.sugOper.removeClass(&quot;sug-active-his&quot;);me.sugOper.addClass(&quot;sug-active-at&quot;);me.isOperAt=true;var kw=&quot;@&quot;;input.val(kw);input.focus();me.scrollTop();me.autoWrap();B.log.send({ct:3,cst:5})}preventEvent(e)});eSugOper.append(eAt).append(eHis);return eSugOper},attchEvent:function(){var me=this;var input=me.doms.input;if(input.is(&quot;:focus&quot;)){status.isFocus=true;me.checkInput();me.focustime=new Date().getTime();delete me.inputtime}var searchVoice=$(&quot;.se-inner .callicon-wrap&quot;);input.bind(&quot;focus&quot;,function(){me.focustime=new Date().getTime();delete me.inputtime;status.sugClosed=false;$(&quot;.&quot;+sugObj.wrap).hide();status.isFocus=true;me.scrollTop();me.checkInput();searchVoice.hide()}).bind(&quot;blur&quot;,function(){if(!input.val()){searchVoice.show()}status.isFocus=false;status.isGetHis=true;clearTimeout(me.timer)});me.form.bind(&quot;submit&quot;,function(e){var value=$(this).find(&quot;.se-input&quot;).val();me.submitProcess(e,value)});me.sugClose.bind(&quot;click&quot;,function(){status.sugClosed=true;me.hd()}).bind(&quot;touchstart&quot;,function(e){me.clearTouchStatus();$(this).addClass(&quot;touched&quot;)}).bind(&quot;touchend&quot;,function(e){me.clearTouchStatus()});me.doms.reset.bind(&quot;touchstart mousedown click&quot;,function(e){me.doms.input.val(&quot;&quot;).focus();$(this).hide();preventEvent(e)});$(&quot;body&quot;).bind(&quot;click&quot;,function(e){var target=$(e.target);if(target.hasClass(&quot;suggest-panel&quot;)||target.hasClass(&quot;suggest-title&quot;)){return}if(target.hasClass(sugObj.sugEdit)||target.hasClass(&quot;sug-oper-btn&quot;)){var _input=target.parents(&quot;form&quot;).find(&quot;.se-input&quot;);_input.focus();return}if(!status.isFocus){clearTimeout(me.timer);$(&quot;.&quot;+sugObj.wrap).hide()}});$(window).on(&quot;pageshow&quot;,function(e){me.clearstatics()});$(me.doms.input).on(&quot;input&quot;,function(e){if(this.value.indexOf(&quot;\n&quot;)!=-1||this.value.indexOf(&quot;\r&quot;)!=-1){me.doms.input.val(me.doms.input.val().replace(/\r|\n/g,&quot;&quot;));$(&quot;textarea.input-hidden&quot;).val(me.doms.input.val());me.form.submit()}})},delHis:function(query,succCb,errCb){var me=this;this.clearLocalHis(query);if($(&quot;.his&quot;).length===0){me.hd()}if(status.isHissyn){var ajaxObj={type:&quot;POST&quot;,dataType:&quot;json&quot;,success:function(data,errorType,xhr){if(data&amp;amp;&amp;amp;data.result){succCb&amp;amp;&amp;amp;succCb(data)}else{errCb&amp;amp;&amp;amp;errCb(xhr)}},error:function(xhr,errorType,error){errCb&amp;amp;&amp;amp;errCb(xhr)}};if(query){ajaxObj.url=config.hisDeleteUrl;ajaxObj.data={query:query}}else{ajaxObj.url=config.hisClearUrl}$.ajax(ajaxObj)}},scrollTop:function(){var me=this;setTimeout(function(){window.scrollTo(0,me.form.offset().top-2)},100)},clearTouchStatus:function(){var sugEdits=$(&quot;.&quot;+sugObj.sugEdit),sugs=$(&quot;.&quot;+sugObj.sug),hiss=$(&quot;.&quot;+sugObj.his),classes=sugObj.touch;sugEdits.removeClass(classes);sugs.removeClass(classes);hiss.removeClass(classes);this.sugDirect.removeClass(classes);this.sugClose.removeClass(classes);this.clear&amp;amp;&amp;amp;this.clear.removeClass(classes)},clearstatics:function(){var me=this;me.form.attr(&quot;sa&quot;).value=me.sa+&quot;b&quot;;me.form.attr(&quot;ts&quot;).value=0;me.setHiddenInput(&quot;dit&quot;,null);me.setHiddenInput(&quot;s_at&quot;,null)},submitProcess:function(e,v){var me=this,time,value=v;clearTimeout(prefetchpromisetimer);if(me.form.attr(&quot;h_type&quot;)&amp;amp;&amp;amp;me.form.attr(&quot;h_type&quot;).value*1===18&amp;amp;&amp;amp;me.graph_kw){preventEvent(e);B.log.send({ct:3,cst:11,s_sa:me.form.attr(&quot;sa&quot;).value,s_kw:me.form.attr(&quot;h_sign&quot;).value,s_type:me.form.attr(&quot;h_type&quot;).value});var kw=me.graph_kw||&quot;&quot;;delete me.graph_kw;var graphUrl=config.hisGraphHerf+&quot;&amp;amp;tn=wise&amp;amp;sign=&quot;+me.form.attr(&quot;h_sign&quot;).value+&quot;&amp;amp;sa=&quot;+me.form.attr(&quot;sa&quot;).value;var underscorePos=kw.indexOf(&quot;_&quot;);if(underscorePos&amp;gt;=0){graphUrl+=&quot;&amp;amp;wd=&quot;+encodeURIComponent(kw.slice(underscorePos+1))}location.href=graphUrl;return}if(value){if(me.needHis){me.setHis(value.toLowerCase().trim())}if(me.focustime){me.setHiddenInput(&quot;rsv_sug4&quot;,new Date().getTime()-me.focustime)}else{me.setHiddenInput(&quot;rsv_sug4&quot;,null)}if(me.inputtime){me.setHiddenInput(&quot;inputT&quot;,new Date().getTime()-me.inputtime);delete me.inputtime}else{me.setHiddenInput(&quot;inputT&quot;,null)}if(B.SPA){B.SPA.lastQuery=encodeURIComponent(value)}else{B.SPA={lastQuery:encodeURIComponent(value)}}me.autoWrap(false);me.doms.input.blur();me.doms.reset.hide();me.hd();time=(new Date()).getTime().toString();me.form.attr(&quot;ts&quot;).value=time.substring(time.length-7);if(B.kts){var t_kt=Math.round(eval(B.kts.join(&quot;+&quot;))/B.kts.length);if(typeof t_kt===&quot;number&quot;&amp;amp;&amp;amp;t_kt&amp;gt;0){me.form.attr(&quot;t_kt&quot;).value=t_kt}}var from=commonBase.data(&quot;from&quot;);(typeof from)!==&quot;undefined&quot;&amp;amp;&amp;amp;from.toString().replace(/^(\d+)(\w*)$/,function(match,p1,p2){if(p1){p1=(((parseInt(p1,10)+6791)*107)^9527801).toString();if(p2){p1+=&quot;.&quot;;for(var i=0,len=p2.length;i&amp;lt;len;i++){p1+=p2[i].charCodeAt(0)}}B.cookie(&quot;BDICON&quot;,p1)}});if(commonBase.attr(&quot;data-query&quot;)){me.setHiddenInput(&quot;oq&quot;,decodeURIComponent(commonBase.attr(&quot;data-query&quot;)))}status.sugClosed=false;if(window.__sam_async_super&amp;amp;&amp;amp;B.search.Search){&quot;ts sa ss rq&quot;.split(&quot; &quot;).forEach(function(key){commonBase.data(key,me.form.find(&#039;input[name=&quot;&#039;+key+&#039;&quot;]&#039;).val());B.comm[key]=me.form.find(&#039;input[name=&quot;&#039;+key+&#039;&quot;]&#039;).val()});if(me.form.find(&#039;input[name=&quot;dit&quot;]&#039;).length&amp;gt;0){commonBase.data(&quot;dit&quot;,me.form.find(&#039;input[name=&quot;dit&quot;]&#039;).val());B.comm.dit=me.form.find(&#039;input[name=&quot;dit&quot;]&#039;).val()}if(B.search.Search.hasCache({word:value})){preventEvent(e);B.comm.query=encodeURIComponent(value);B.comm.pn=0;B.search.Search.submitIndex({word:value});me.doms.input.blur();me.hd();return}}if(me.spa){&quot;ts sa ss rq&quot;.split(&quot; &quot;).forEach(function(key){commonBase.data(key,me.form.find(&#039;input[name=&quot;&#039;+key+&#039;&quot;]&#039;).val())});if(me.form.find(&#039;input[name=&quot;dit&quot;]&#039;).length&amp;gt;0){commonBase.data(&quot;dit&quot;,me.form.find(&#039;input[name=&quot;dit&quot;]&#039;).val())}var cacheObj=B.prefetch.getCacheObj(value),cacheStatus=B.prefetch.getCacheStatus(cacheObj);var speedTest=!!document.getElementById(&quot;commonBase&quot;).getAttribute(&quot;data-pagetimer&quot;);if(cacheObj.status===1&amp;amp;&amp;amp;prefetchpromise===0){prefetchpromise=1;cacheObj.promise.then(function(){if(prefetchpromise==1){prefetchpromise=0;me.submitProcess(e,v)}},function(){if(prefetchpromise==1){prefetchpromise=0;me.submitProcess(e,v)}});prefetchpromisetimer=setTimeout(function(){prefetchpromise=0;B.prefetch.delCacheObj(cacheObj);me.submitProcess(e,v)},3000);preventEvent(e);return}else{if(cacheStatus===2){me.doms.input.blur();$(&quot;#page-tips,#results,#relativewords&quot;).empty();$(&quot;#search-btm-zone,#pagenav&quot;).hide();$(&quot;#index-card&quot;).hide();$(&quot;#search-card&quot;).show();me.hd();preventEvent(e);var sa=encodeURIComponent(me.form.find(&#039;input[name=&quot;sa&quot;]&#039;).val());cacheObj.item.params.sa=sa;if(me.page==&quot;index&quot;){var hash=location.hash;if(hash.indexOf(&quot;#%7C&quot;)===0){hash=decodeURIComponent(hash)}location.hash=hash?(hash+&quot;|src_&quot;+encodeURIComponent(value)+&quot;|sa_&quot;+sa):(&quot;#|src_&quot;+encodeURIComponent(value)+&quot;|sa_&quot;+sa);B.chgParam(value);commonBase.attr(&quot;data-query&quot;,encodeURIComponent(value)).attr(&quot;data-pn&quot;,0);if(typeof $.loadPage===&quot;undefined&quot;){var lsObj=B.localStore({type:&quot;search&quot;,query:value});if(speedTest){lsObj.speed.loading=(new Date).getTime()}setTimeout(function(){window.scrollTo(0,0)},0)}}else{var hash=location.hash,originalHash=hash;if(hash.indexOf(&quot;#%7C&quot;)===0){hash=decodeURIComponent(hash);originalHash=hash}hash=hash.replace(/(\|src\_)(.*?)(\||$)/,&quot;$1&quot;+encodeURIComponent(value)+&quot;$3&quot;).replace(/(\|sa_)(.*?)(\||$)/,&quot;$1&quot;+sa+&quot;$3&quot;);if(!hash){hash=&quot;#|src_&quot;+encodeURIComponent(value)+&quot;|sa_&quot;+sa}var speed=false;if(speedTest){speed={tag:me.page,start:(new Date).getTime()}}if(hash===originalHash){$(&quot;body&quot;).trigger(&quot;singlePage&quot;,speed)}else{location.hash=hash}}}else{if(cacheStatus===4){me.doms.input.blur();$(&quot;#page-tips,#results,#relativewords&quot;).empty();$(&quot;#search-btm-zone,#pagenav&quot;).hide();$(&quot;#index-card&quot;).hide();$(&quot;#search-card&quot;).show();me.hd();preventEvent(e);var sa=encodeURIComponent(me.form.find(&#039;input[name=&quot;sa&quot;]&#039;).val());cacheObj.item.params.sa=sa;if(me.page==&quot;index&quot;){var hash=location.hash;if(hash.indexOf(&quot;#%7C&quot;)===0){hash=decodeURIComponent(hash)}location.hash=hash?(hash+&quot;|src_&quot;+encodeURIComponent(value)+&quot;|sa_&quot;+sa):(&quot;#|src_&quot;+encodeURIComponent(value)+&quot;|sa_&quot;+sa);B.chgParam(value);commonBase.attr(&quot;data-query&quot;,encodeURIComponent(value)).attr(&quot;data-pn&quot;,0);if(typeof $.loadPage===&quot;undefined&quot;){var lsObj=B.localStore({type:&quot;search-newi&quot;,query:value});if(speedTest){lsObj.speed.loading=(new Date).getTime()}setTimeout(function(){window.scrollTo(0,0)},0)}}}else{}}}}}else{preventEvent(e)}},autoWrap:function(point){var me=this,refh,h,p=point,lines,lineHeight=parseInt(me.doms.input.css(&quot;line-height&quot;));if(p==false){me.decreaseHeight();return}me.doms.input.removeClass(&quot;adjust-input&quot;);if(me.doms.input.val()!==$(&quot;textarea.input-hidden&quot;).val()){$(&quot;textarea.input-hidden&quot;).width(me.doms.input.width()+2).empty().text(me.doms.input[0].value)}h=$(&quot;textarea.input-hidden&quot;)[0].scrollHeight;lines=Math.floor(h/lineHeight)},increaseHeight:function(){var me=this;me.doms.input.css({height:me.iHeight});me.form.css({height:me.iHeight});me.form.find(&quot;.se-bn,.cross&quot;).css({height:me.iHeight})},decreaseHeight:function(){var me=this;me.doms.input.css({height:me.dHeight});me.form.css({height:me.dHeight});me.form.find(&quot;.se-bn,.cross&quot;).css({height:me.dHeight})},checkInput:function(){var me=this,kw=(me.doms.input.val().toLowerCase()).trim();me.autoWrap();me.timer=setTimeout(function(){me.checkInput()},config.checkInterval);if(kw!==me.lastKw&amp;amp;&amp;amp;!me.inputtime){me.inputtime=new Date().getTime()}if(status.sugClosed){if(kw!=&quot;&quot;){me.doms.reset.show()}else{me.doms.reset.hide()}return}else{if(kw==&quot;&quot;&amp;amp;&amp;amp;status.isGetHis&amp;amp;&amp;amp;status.isHissyn){me.lastKw=kw;me.setHisRecommend(true);return}if(kw==me.lastKw&amp;amp;&amp;amp;!status.isRequesting){if(me.sugContent.children().length&amp;gt;0||me.sugDirect.children().length&amp;gt;0){me.sh()}else{me.lastKw=kw;me.getSug(kw,2)}}else{me.lastKw=kw;me.getSug(kw);if(window.__sam_async_super){require([&quot;search/search&quot;],function(Search){Search.prefetchInput({word:kw})})}}}},getSug:function(kw,type){var me=this;if(kw==&quot;&quot;){me.doms.reset.hide();me.dataProcess(kw,hisRecommend)}else{me.doms.reset.show();if(sugCache[kw]&amp;amp;&amp;amp;!status.isRequesting){me.dataProcess(kw,sugCache[kw])}else{if(!status.isRequesting&amp;amp;&amp;amp;(!timeoutCache[kw]||timeoutCache[kw]&amp;lt;3)){status.isRequesting=true;me.sendRequest(kw,type)}}}},dataProcess:function(kw,data){var me=this;var sugArr=(data&amp;amp;&amp;amp;data.s)||[];var sugVisit=(data&amp;amp;&amp;amp;data.st)||{};var tmp={},combineData=[];if(me.needHis&amp;amp;&amp;amp;kw==&quot;&quot;&amp;amp;&amp;amp;hisRecommend){for(var i=0,len=sugArr.length;i&amp;lt;len;i++){combineData.push([&quot;rec&quot;,sugArr[i]])}}else{for(var i=0,len=sugArr.length;i&amp;lt;len;i++){tmp[sugArr[i]]=true;combineData.push([&quot;sug&quot;,sugArr[i],sugVisit[i]])}if(me.needHis&amp;amp;&amp;amp;!status.isHissyn){var dataHis=me.getHis(kw);for(var i=0,len=dataHis.length;i&amp;lt;len;i++){if(!tmp[dataHis[i].kw]){combineData.push([&quot;his&quot;,dataHis[i].kw])}}}}me.buildDOM(kw,combineData,data);if(me.doms.wrap.find(&quot;.&quot;+sugObj.his).size()==0){me.hisControl.hide()}else{me.hisControl.show()}if(kw){var expTag=data.exp;if(expTag){me.setHiddenInput(&quot;expt&quot;,expTag)}else{me.setHiddenInput(&quot;expt&quot;,null)}}},buildSugDirDOM:function(kw,data){var me=this,input=me.doms.input,rs=(data&amp;amp;&amp;amp;data.rs);if(rs){var sugDirItem=me.getSugDirItem(rs.t,rs.v);if(!sugDirItem){me.sugDirect.hide();return false}me.sugDirect.show();var directDiv=$(&quot;&amp;lt;div/&amp;gt;&quot;).attr(&quot;class&quot;,&quot;sug direct d&quot;+rs.t);var btn=$(&quot;&amp;lt;button/&amp;gt;&quot;);directDiv.append(btn);if(sugDirItem.icon){btn.append($(&quot;&amp;lt;div/&amp;gt;&quot;).attr(&quot;class&quot;,&quot;directIcon directIcon&quot;+rs.t).append(sugDirItem.icon))}var textDiv=$(&quot;&amp;lt;div/&amp;gt;&quot;).attr(&quot;class&quot;,&quot;directText directText&quot;+rs.t);sugDirItem.title&amp;amp;&amp;amp;textDiv.append(sugDirItem.title);sugDirItem.info&amp;amp;&amp;amp;textDiv.append(sugDirItem.info);btn.append(textDiv);me.sugDirect.append(directDiv);me.bindNormalEvent(directDiv);directDiv.bind(&quot;touchstart&quot;,function(){this.s=true}).bind(&quot;touchend&quot;,function(){this.e=true}).bind(&quot;click&quot;,function(e){if(!status.sugWinMoved&amp;amp;&amp;amp;this.s&amp;amp;&amp;amp;this.e){this.s=false;this.e=false;var type=$(this).attr(&quot;class&quot;).split(&quot;sug direct d&quot;)[1];B.log.send({ct:1,cst:4,clk_info:type});var target=e.target;if(target.nodeName===&quot;A&quot;&amp;amp;&amp;amp;target.href&amp;amp;&amp;amp;target.href.indexOf(&quot;tel:&quot;)===0){preventEvent(e);return}else{me.clearTouchStatus();var value=input.val(),time=(new Date()).getTime(),sa=me.sa+&quot;di_1&quot;;me.setHiddenInput(&quot;dit&quot;,type);me.form.attr(&quot;sa&quot;).value=sa;if(type==2||type==3){me.setHiddenInput(&quot;rq&quot;,(!value||(value===(this.innerText||this.textContent)))===data.s[0]?null:value);me.hd();var query=&quot;&quot;;if(type==2){query=rs.v[2]}else{if(type==3){query=rs.v[1]}}input.val(query);me.setSearchQuery(query,function(){location.href=config.tcUrl+me.publicArgu+&quot;&amp;amp;w=&quot;+me.w+encodeURIComponent(query)+&quot;&amp;amp;ct=1&amp;amp;dit=&quot;+type+&quot;&amp;amp;cst=1&amp;amp;&quot;+rs.v[0]});preventEvent(e);return false}else{if(type==5){me.setHiddenInput(&quot;rq&quot;,(!value||(value===(this.innerText||this.textContent)))===rs.v[3]?null:value);input.val(rs.v[3])}else{me.setHiddenInput(&quot;rq&quot;,(!value||(value===(this.innerText||this.textContent)))===data.s[0]?null:value);rs.p==1&amp;amp;&amp;amp;input.val(data.s[0])}}}}else{input.focus();return false}});B.log.send({ct:1,cst:5,clk_info:rs.t});return directDiv}else{me.sugDirect.hide();return null}},setSearchQuery:function(query,callback){this.setHis(query.toLowerCase().trim());$.ajax({type:&quot;GET&quot;,url:&quot;//m.baidu.com/?action=addhis&amp;amp;hissign=wise&amp;amp;hisquery=&quot;+encodeURIComponent(query),timeout:500,dataType:&quot;jsonp&quot;,success:function(data){callback&amp;amp;&amp;amp;callback();return false},error:function(xhr,errorType,error){callback&amp;amp;&amp;amp;callback();return false}})},getSugDirItem:function(t,v){var me=this;var icon=null;var title=$(&quot;&amp;lt;p/&amp;gt;&quot;).attr(&quot;class&quot;,&quot;title&quot;);var info=$(&quot;&amp;lt;p/&amp;gt;&quot;).attr(&quot;class&quot;,&quot;info&quot;);var sugItemHandler={&quot;1&quot;:function(){var tem=v[2].split(/\s+/);var isDay=tem[0].indexOf(&quot;低温&quot;)===-1;var iconClass=me.getWeather(v[4],isDay);icon=$(&quot;&amp;lt;i/&amp;gt;&quot;).attr(&quot;class&quot;,iconClass);title.html(&#039;&amp;lt;span class=&quot;right&quot;&amp;gt;详情&amp;lt;/span&amp;gt;&amp;lt;b&amp;gt;&#039;+tem[0]+&quot;&amp;lt;/b&amp;gt;&quot;);info.html(&#039;&amp;lt;span class=&quot;pre&quot;&amp;gt;今天 &#039;+v[0]+&#039;&amp;lt;/span&amp;gt;&amp;lt;span class=&quot;leftBorder&quot;&amp;gt;&#039;+tem[1]+&quot;&amp;lt;/span&amp;gt;&quot;)},&quot;2&quot;:function(){icon=$(&quot;&amp;lt;img/&amp;gt;&quot;).attr(&quot;class&quot;,&quot;icon&quot;).attr(&quot;src&quot;,v[3]||config.defSiteIconUrl);title.html(me.getInnerWrap.call(me,v[2],&quot;em&quot;,&quot;span&quot;,null));info.html(v[1])},&quot;3&quot;:function(){icon=$(&quot;&amp;lt;img/&amp;gt;&quot;).attr(&quot;class&quot;,&quot;icon&quot;).attr(&quot;src&quot;,v[4]||config.defAppIconUrl);title.html(&quot;&amp;lt;b&amp;gt;&quot;+v[1]+&quot;&amp;lt;/b&amp;gt;&amp;lt;span&amp;gt;下载&amp;lt;/span&amp;gt;&quot;);info.html(&quot;版本&quot;+v[2]+&#039;&amp;lt;span class=&quot;leftBorder&quot;&amp;gt;&#039;+v[3]+&#039;&amp;lt;/span&amp;gt;&amp;lt;span class=&quot;leftBorder&quot;&amp;gt;更新&#039;+v[5]+&quot;&amp;lt;/span&amp;gt;&quot;)},&quot;4&quot;:function(){var redball=v[0].split(&quot;,&quot;);var blueball=v[1].split(&quot;,&quot;);var ballHtml=[],redballLen=v[0]?redball.length:0,blueballLen=v[1]?blueball.length:0,i;for(i=0;i&amp;lt;redballLen;i++){ballHtml.push(&#039;&amp;lt;div class=&quot;ball redball&quot;&amp;gt;&#039;,redball[i],&quot;&amp;lt;/div&amp;gt;&quot;)}for(i=0;i&amp;lt;blueballLen;i++){ballHtml.push(&#039;&amp;lt;div class=&quot;ball blueball&quot;&amp;gt;&#039;,blueball[i],&quot;&amp;lt;/div&amp;gt;&quot;)}title.html(ballHtml.join(&quot;&quot;));info.html([&quot;&amp;lt;b&amp;gt;&quot;,v[2],&#039;&amp;lt;/b&amp;gt;&amp;lt;span class=&quot;leftBorder&quot;&amp;gt;开奖日期：&#039;,v[3],&quot;&amp;lt;/span&amp;gt;&quot;].join(&quot;&quot;))},&quot;5&quot;:function(){title.html([&#039;&amp;lt;b class=&quot;pre&quot;&amp;gt;&#039;,v[0]?(v[0]+&quot; &quot;):&quot;&quot;,v[1],&quot;&amp;lt;/b&amp;gt;&quot;].join(&quot;&quot;));info.html([v[3],&#039;&amp;lt;span class=&quot;leftBorder&quot;&amp;gt;&#039;,v[2],&quot;&amp;lt;/span&amp;gt;&quot;].join(&quot;&quot;))},&quot;6&quot;:function(){title.html([&#039;&amp;lt;b class=&quot;num&quot;&amp;gt;&#039;,v[0],&quot;&amp;lt;/b&amp;gt;&quot;].join(&quot;&quot;));info.html([v[1],&#039;&amp;lt;span class=&quot;leftBorder&quot;&amp;gt;北京时间&#039;,v[2],&quot;&amp;lt;/span&amp;gt;&quot;].join(&quot;&quot;))},&quot;7&quot;:function(){var num1=v[0].split(&quot;,&quot;);var num2=v[3].split(&quot;,&quot;);if(v[0]){title.html([&#039;&amp;lt;b class=&quot;pre&quot;&amp;gt;&amp;lt;span class=&quot;num&quot;&amp;gt;&#039;,num1[0],&#039;&amp;lt;/span&amp;gt; 和 &amp;lt;span class=&quot;num&quot;&amp;gt;&#039;,num1[1],&quot;&amp;lt;/span&amp;gt;&amp;lt;/b&amp;gt;&quot;].join(&quot;&quot;))}else{title.html([&quot;&amp;lt;b&amp;gt;不限行&amp;lt;/b&amp;gt;&quot;].join(&quot;&quot;))}if(v[3]){info.html([&quot;&amp;lt;b&amp;gt;今日(&quot;,v[1],&#039;)&amp;lt;/b&amp;gt;&amp;lt;span class=&quot;leftBorder&quot;&amp;gt;明日(&#039;,v[2],&quot;)&quot;,num2[0],&quot;和&quot;,num2[1],&quot;&amp;lt;/span&amp;gt;&quot;].join(&quot;&quot;))}else{info.html([&quot;&amp;lt;b&amp;gt;今日(&quot;,v[1],&#039;)&amp;lt;/b&amp;gt;&amp;lt;span class=&quot;leftBorder&quot;&amp;gt;明日(&#039;,v[2],&quot;)不限行&amp;lt;/span&amp;gt;&quot;].join(&quot;&quot;))}},&quot;8&quot;:function(){title.html([&#039;&amp;lt;b class=&quot;num&quot;&amp;gt;&#039;,v[0],&#039;&amp;lt;/b&amp;gt;&amp;lt;span class=&quot;leftBorder pre&quot;&amp;gt;&#039;,v[1],&quot; 邮编&amp;lt;/span&amp;gt;&quot;].join(&quot;&quot;))},&quot;9&quot;:function(){title.html([&#039;&amp;lt;b class=&quot;num&quot;&amp;gt;&#039;,v[0],&#039;&amp;lt;/b&amp;gt;&amp;lt;span class=&quot;leftBorder pre&quot;&amp;gt;&#039;,v[1],&quot; 区号&amp;lt;/span&amp;gt;&quot;].join(&quot;&quot;))},&quot;10&quot;:function(){title.html([&quot;&amp;lt;b&amp;gt;&quot;,v[0],&quot;&amp;lt;/b&amp;gt;&quot;].join(&quot;&quot;))},&quot;11&quot;:function(){title.html([&quot;&amp;lt;b&amp;gt;&quot;,v[0],v[1],&quot;&amp;lt;/b&amp;gt;&quot;].join(&quot;&quot;));info.html([&quot;[字义]&quot;,v[2]].join(&quot;&quot;))},&quot;12&quot;:function(){title.html([&quot;&amp;lt;b&amp;gt;&quot;,v[0],&quot;&amp;lt;/b&amp;gt;&quot;].join(&quot;&quot;));info.html([v[1],v[2]?(&#039;&amp;lt;span class=&quot;leftBorder pre&quot;&amp;gt;&#039;+v[2]+&quot;&amp;lt;/span&amp;gt;&quot;):&quot;&quot;].join(&quot;&quot;))},&quot;13&quot;:function(){title.html([&#039;&amp;lt;b class=&quot;pre&quot;&amp;gt;&#039;,v[0],&quot;&amp;lt;/b&amp;gt;&quot;].join(&quot;&quot;));info.html([&quot;《&quot;,v[1],&quot;》&quot;,v[2]?(&#039;&amp;lt;span class=&quot;leftBorder pre&quot;&amp;gt;&#039;+v[2]+&quot;&amp;lt;/span&amp;gt;&quot;):&quot;&quot;].join(&quot;&quot;))},&quot;14&quot;:function(){title.html([&quot;&amp;lt;b&amp;gt;&quot;,v[0],&#039;&amp;lt;/b&amp;gt;&amp;lt;span class=&quot;leftBorder pre&quot;&amp;gt;&#039;,v[1],&quot;&amp;lt;/span&amp;gt;&quot;].join(&quot;&quot;))},&quot;15&quot;:function(){title.html([&#039;&amp;lt;a href=&quot;tel:&#039;,v[0],&#039;&quot;&amp;gt;&#039;,v[0],&#039;&amp;lt;/a&amp;gt;&amp;lt;em&amp;gt;官方&amp;lt;/em&amp;gt;&amp;lt;span class=&quot;leftBorder pre&quot;&amp;gt;&#039;,v[1],&quot;&amp;lt;/span&amp;gt;&quot;].join(&quot;&quot;))}};var item=null;if(sugItemHandler[t]){sugItemHandler[t]();item={icon:icon,title:title,info:info}}return item},bindNormalEvent:function(dom){var me=this,classes=sugObj.touch;dom&amp;amp;&amp;amp;dom.bind(&quot;touchstart&quot;,function(e){me.clearTouchStatus();$(this).addClass(classes);status.sugWinMoved=false}).bind(&quot;touchmove&quot;,function(e){status.sugWinMoved=true}).bind(&quot;touchend&quot;,function(e){me.clearTouchStatus()})},preventClickThrough:function(){$(&quot;a&quot;).css({&quot;pointer-events&quot;:&quot;none&quot;})},unpreventClickThrough:function(){setTimeout(function(){$(&quot;a&quot;).css({&quot;pointer-events&quot;:&quot;auto&quot;})},200)},buildPrefetchItem:function(kw,params){var me=this;params=params||{};params.at=&quot;3&quot;;if(this.page===&quot;index&quot;){}else{params.spr=&quot;1&quot;}if(me.focustime){params.rsv_sug4=new Date().getTime()-me.focustime}if(me.inputtime){params.inputT=new Date().getTime()-me.inputtime}return{word:kw,params:B.prefetch.buildSearchParams(kw,params),type:&quot;ajax&quot;}},parsePrefetchQuery:function(kw,combineData){var me=this;var words=[];if(kw!==&quot;&quot;){words.push(me.buildPrefetchItem(kw,{sa:me.sa+&quot;b&quot;}))}var prefetchSugCount=0,maxPrefetchSugCount=1;for(var i=0,len=combineData.length;i&amp;lt;len;++i){var item=combineData[i];if(item[0]===&quot;sug&quot;){words.push(me.buildPrefetchItem(item[1],{sa:me.sa+&quot;s_&quot;+(i+1)}));++prefetchSugCount;if(prefetchSugCount&amp;gt;=maxPrefetchSugCount){break}}}return words},newParsePrefetchQuery:function(kw,combineData,pre){var me=this;var words=[];var prefix=pre.shift()*1;if(prewait===false&amp;amp;&amp;amp;prefix&amp;lt;1&amp;amp;&amp;amp;prefix&amp;gt;0){config.preratio=[0.3,0.02];prewait=true}if(kw!==&quot;&quot;&amp;amp;&amp;amp;prefix*1&amp;gt;=config.preratio[0]){words.push(me.buildPrefetchItem(kw,{sa:me.sa+&quot;b&quot;,pre:prefix}))}for(var i=0,len=combineData.length;i&amp;lt;len;++i){var item=combineData[i];if(item[0]===&quot;sug&quot;){if(prewait===false&amp;amp;&amp;amp;pre[i]&amp;lt;1&amp;amp;&amp;amp;pre[i]&amp;gt;0){config.preratio=[0.3,0.02];prewait=true}if(pre[i]===&quot;1&quot;){words.push(me.buildPrefetchItem(item[1],{sa:me.sa+&quot;s_&quot;+(i+1),pre:pre[i]}))}else{if(pre[i]*1&amp;gt;=config.preratio[1]&amp;amp;&amp;amp;prewait){if(words.length&amp;lt;3){words.push(me.buildPrefetchItem(item[1],{sa:me.sa+&quot;s_&quot;+(i+1),pre:pre[i]}))}}}}}return words},buildDOM:function(kw,combineData,data){var me=this,classes=sugObj.touch,input=me.doms.input,rs=data&amp;amp;&amp;amp;data.rs;me.cl();var len=Math.min(combineData.length,config.sugNum);if(kw==&quot;&quot;||kw==&quot;@&quot;){if(len&amp;gt;0&amp;amp;&amp;amp;!me.sugPanel.hasClass(&quot;sug-oper&quot;)){me.sugPanel.addClass(&quot;sug-oper&quot;);B.log.send({ct:3,cst:3})}}else{me.sugPanel.removeClass(&quot;sug-oper&quot;)}if(kw==&quot;&quot;){me.isOperAt=false;me.sugOper.removeClass(&quot;sug-active-at&quot;);me.sugOper.addClass(&quot;sug-active-his&quot;)}if(kw==&quot;@&quot;){me.sugOper.removeClass(&quot;sug-active-his&quot;);me.sugOper.addClass(&quot;sug-active-at&quot;)}var sugDirectItem=me.buildSugDirDOM(kw,data);if(me.spa&amp;amp;&amp;amp;kw.indexOf(&quot;@&quot;)!==0){if(kw!=me.lastPrefetchWord){if(data&amp;amp;&amp;amp;data.pre){if(!window.__sam_async_super){B.prefetch.prefetchWords(me.newParsePrefetchQuery(me.doms.input.val(),combineData,data.pre))}}else{}me.lastPrefetchWord=kw}}if(len===0&amp;amp;&amp;amp;!sugDirectItem){return me.hd()}var isSugAt=false;var ishisGraph=false;var ishisGraphWithText=false;var isEntSugShow=false;for(var i=0;i&amp;lt;len;i++){if(combineData[i][0]==&quot;his&quot;){me.hisShow=&quot;1&quot;}var attr={};if(data&amp;amp;&amp;amp;data.term){attr.term=data.term}if(combineData[i][0]==&quot;sug&quot;){me.sugShow=&quot;1&quot;}if(combineData[i][0]==&quot;rec&quot;){me.recShow=&quot;1&quot;}var sugItem=$(&quot;&amp;lt;div/&amp;gt;&quot;).attr(&quot;class&quot;,(combineData[i][0]==&quot;rec&quot;?&quot;his&quot;:combineData[i][0]));var eSugBtn=me.getInnerWrap.call(me,combineData[i][1],&quot;em&quot;,&quot;button&quot;,attr);if(data&amp;amp;&amp;amp;data.g){var gItem=data.g[i];if(gItem&amp;amp;&amp;amp;gItem.t===&quot;e&quot;&amp;amp;&amp;amp;gItem.e){isEntSugShow=true;eSugBtn=me.getEntSugBtn(combineData[i][1],gItem)}}if(data&amp;amp;&amp;amp;data.type&amp;amp;&amp;amp;data.type[i]===18&amp;amp;&amp;amp;data.vals[i].length&amp;gt;0){eSugBtn=me.getHisWrap.call(me,combineData[i][1],{type:data.type[i],val:data.vals[i]});if((combineData[i][1]||&quot;&quot;).indexOf(&quot;_&quot;)&amp;gt;=0){ishisGraphWithText=true}else{ishisGraph=true}}if(combineData[i][2]==null){var sugAt=data&amp;amp;&amp;amp;data.at&amp;amp;&amp;amp;data.at.sug&amp;amp;&amp;amp;data.at.sug[i];if(sugAt&amp;amp;&amp;amp;sugAt[3]){isSugAt=true;var esugAtIcon=$(&quot;&amp;lt;img/&amp;gt;&quot;).attr({src:sugAt[1]||config.defAtIconUrl});eSugBtn.addClass(&quot;sugat&quot;);eSugBtn.prepend($(&quot;&amp;lt;div&amp;gt;&amp;lt;/div&amp;gt;&quot;).append(esugAtIcon))}var eSugAdd=$(&quot;&amp;lt;div/&amp;gt;&quot;).attr(&quot;class&quot;,sugObj.sugEdit);if(status.isHissyn&amp;amp;&amp;amp;input.val()===&quot;&quot;){eSugAdd.addClass(&quot;sug-del&quot;)}sugItem.append(eSugBtn).append(eSugAdd);eSugAdd.bind(&quot;touchmove&quot;,preventEvent).bind(&quot;touchend&quot;,function(e){me.clearTouchStatus();me.unpreventClickThrough();preventEvent(e)}).bind(&quot;touchstart&quot;,(function(itemData,_index){return function(e){var item=this;me.preventClickThrough();var kw=$(this).siblings(&quot;button&quot;).attr(&quot;data-query&quot;)||itemData[1];me.clearTouchStatus();if(input.val()===&quot;&quot;&amp;amp;&amp;amp;$(this).hasClass(&quot;sug-del&quot;)){me.delHis(kw,function(){var it=$(item);var wrap=it.parent().parent();it.parent().remove();if(wrap.children().length==0){me.hd();input.blur()}});B.log.send({ct:3,cst:8});return}$(this).addClass(classes);input.focus();me.scrollTop();input.addClass(&quot;animate&quot;);setTimeout(function(){input.removeClass(&quot;animate&quot;)},400);input.val(kw);me.lastKw=kw;me.doms.reset.show();me.autoWrap();me.sendRequest(kw);B.log.send({ct:3,cst:1});preventEvent(e)}})(combineData[i],i))}else{var eSugVisit=$(&quot;&amp;lt;div/&amp;gt;&quot;).attr(&quot;class&quot;,&quot;sug-visit&quot;);eSugVisit.html(&quot;&amp;lt;span class=&#039;visit&#039;&amp;gt;访问&amp;lt;/span&amp;gt;&quot;);sugItem.append(eSugBtn).append(eSugVisit);eSugVisit.bind(&quot;click&quot;,(function(itemData){return function(e){me.hd();me.setSearchQuery(itemData[1],function(){location.href=config.tcUrl+me.publicArgu+&quot;&amp;amp;w=&quot;+me.w+encodeURIComponent(me.doms.input.val())+&quot;ct=1&amp;amp;cst=2&amp;amp;&quot;+itemData[2]});preventEvent(e);return false}})(combineData[i]))}me.sugContent.append(sugItem);me.bindNormalEvent(sugItem);eSugBtn.bind(&quot;touchstart&quot;,function(){this.s=true}).bind(&quot;touchend&quot;,function(){this.e=true}).bind(&quot;click&quot;,(function(itemData,_index,data){return function(e){if(!status.sugWinMoved&amp;amp;&amp;amp;this.s&amp;amp;&amp;amp;this.e){this.s=false;this.e=false;me.clearTouchStatus();var value=input.val();me.setHiddenInput(&quot;rq&quot;,(!value||(value===(this.innerText||this.textContent)))?null:value);input.val($(this).attr(&quot;data-query&quot;)||this.innerText||this.textContent);var atInfo=data&amp;amp;&amp;amp;data.at&amp;amp;&amp;amp;data.at.sug&amp;amp;&amp;amp;data.at.sug[_index];if(atInfo&amp;amp;&amp;amp;atInfo[3]){me.setHiddenInput(&quot;s_at&quot;,(me.isOperAt?&quot;a2&quot;:&quot;a1&quot;)+&quot;_b&quot;+(_index+1))}var sa=&quot;&quot;;switch(itemData[0]){case&quot;sug&quot;:sa=&quot;s&quot;;break;case&quot;his&quot;:sa=&quot;h&quot;;break;case&quot;rec&quot;:sa=&quot;hr&quot;;break}if(data&amp;amp;&amp;amp;data.type&amp;amp;&amp;amp;data.type[_index]===18){me.form.attr(&quot;sa&quot;).value=&quot;kh_&quot;+(_index+1);me.setHiddenInput(&quot;h_sign&quot;,data.vals[_index][0]);me.setHiddenInput(&quot;h_type&quot;,data.type[_index]);me.graph_kw=itemData[1]}else{sa=$(this).attr(&quot;data-sa&quot;)||sa;me.form.attr(&quot;sa&quot;).value=me.sa+sa+&quot;_&quot;+(_index+1);me.graph_kw=undefined}}else{input.focus();return false}}})(combineData[i],i,data))}if(ishisGraph||ishisGraphWithText){B.log.send({ct:3,cst:12})}if(isSugAt){me.sugLogo.hide();me.sugAt.show()}else{if(status.isHissyn&amp;amp;&amp;amp;kw===&quot;&quot;){me.sugLogo.hide()}else{me.sugLogo.show()}me.sugAt.hide();me.setHiddenInput(&quot;s_at&quot;,null)}if(!status.sugClosed&amp;amp;&amp;amp;status.isFocus){me.sh();var ss=[me.sugShow,me.hisShow,me.recShow].join(&quot;&quot;);me.setHiddenInput(&quot;ss&quot;,ss===&quot;000&quot;?null:ss);commonBase.data(&quot;ss&quot;,ss===&quot;000&quot;?null:ss);me.isEntSugShow=me.isEntSugShow||isEntSugShow;me.ishisGraph=me.ishisGraph||ishisGraph;me.ishisGraphWithText=me.ishisGraphWithText||ishisGraphWithText;if(me.ishisGraph){me.setss(7,1)}if(me.ishisGraphWithText){me.setss(8,1)}if(me.isEntSugShow){me.setss(9,1)}}},getEntSugBtn:function(showText,gItem){var me=this;var text=me.getInnerWrap.call(me,showText,&quot;em&quot;,&quot;p&quot;,{});text.addClass(&quot;sug-ent-btn-text&quot;);var btn=$(&#039;&amp;lt;button class=&quot;sug-ent-btn&quot;&amp;gt;&#039;).attr(&quot;data-query&quot;,gItem.e.s);btn.attr(&quot;data-sa&quot;,&quot;es&quot;);var tip=$(&#039;&amp;lt;p class=&quot;sug-ent-btn-tip&quot;&amp;gt;&#039;).text(gItem.e.ti);btn.append(text).append(tip);return btn},setHiddenInput:function(name,value){var me=this,ele=me.form.find(&#039;input[name=&quot;&#039;+name+&#039;&quot;]&#039;);if(null===value){ele.size()&amp;amp;&amp;amp;ele.remove()}else{if(ele.size()===0){me.form.append($(&#039;&amp;lt;input type=&quot;hidden&quot;/&amp;gt;&#039;,{name:name,value:value}))}else{ele.val(value)}}},getInnerWrap:function(strSource,sp,iw,iwAttr){iwAttr=iwAttr||{};var lastKw=String(this.lastKw).replace(/(\^|\$|\||\*|\+|\)|\(|\[|\]|\{|\}|\\|\?)/gi,&quot;\\$1&quot;);if(lastKw!==&quot;&quot;){lastKw=htmlEncode(lastKw);strSource=htmlEncode(strSource);if(strSource.indexOf(lastKw)===-1){if(iwAttr.term&amp;amp;&amp;amp;iwAttr.term.length){for(var i in iwAttr.term){var reg=new RegExp(&quot;(&quot;+iwAttr.term[i]+&quot;)&quot;,&quot;ig&quot;);strSource=strSource.replace(reg,&quot;&amp;lt;&quot;+sp+&quot;&amp;gt;$1&amp;lt;/&quot;+sp+&quot;&amp;gt;&quot;)}}}else{var reg=new RegExp(&quot;(&quot;+lastKw+&quot;)&quot;,&quot;ig&quot;);strSource=strSource.replace(reg,&quot;&amp;lt;&quot;+sp+&quot;&amp;gt;$1&amp;lt;/&quot;+sp+&quot;&amp;gt;&quot;)}}else{strSource=htmlEncode(strSource)}var innerWrap=$(&quot;&amp;lt;&quot;+iw+&quot;/&amp;gt;&quot;);iwAttr&amp;amp;&amp;amp;innerWrap.attr(iwAttr);innerWrap.append(strSource);return innerWrap},getHisWrap:function(strSource,opt){var innerWrap=$(&quot;&amp;lt;button/&amp;gt;&quot;);if(opt.type===18){innerWrap.append(&#039;&amp;lt;img src=&quot;&#039;+config.hisGraphUrl.replace(&quot;$sign$&quot;,opt.val[0])+&#039;&quot; /&amp;gt;&#039;);var underscorePos=(strSource||&quot;&quot;).indexOf(&quot;_&quot;);if(underscorePos&amp;gt;=0){innerWrap.append($(&#039;&amp;lt;div class=&quot;c-gap-left sug-his-graph-kw&quot;&amp;gt;&#039;).text(strSource.slice(underscorePos+1)))}innerWrap.addClass(&quot;sug-his-graph&quot;)}return innerWrap},setHis:function(val){try{B.ls.set(&quot;search&quot;,&quot;sug&quot;,&quot;kw:&quot;+val,JSON.stringify({time:new Date().getTime(),kw:val}));B.ls.set(&quot;search&quot;,&quot;sug&quot;,&quot;hisUpdated&quot;,0)}catch(e){}},getHis:function(kw){var data={},tmp=[],hisData=[];try{if(B.ls.get(&quot;search&quot;,&quot;sug&quot;,&quot;hisUpdated&quot;)==&quot;0&quot;){data=this.reflowHis()}else{var processedCache=B.ls.get(&quot;search&quot;,&quot;sug&quot;,&quot;processedCache&quot;);if(processedCache===null){}else{data=JSON.parse(processedCache)}}for(var key in data){var cp=(key.split(&quot;kw:&quot;)[1]).toLowerCase();if(cp.indexOf(kw)!=-1&amp;amp;&amp;amp;cp!=kw){tmp.push(JSON.parse(data[key]))}}if(tmp.length==0){return[]}else{tmp.sort(function(a,b){return b.time-a.time});for(var i=tmp.length;i--;){hisData.unshift(tmp[i])}}}catch(e){}hisData.length=Math.min(hisData.length,config.hisStorageNum);return hisData},reflowHis:function(){var cache={};try{B.ls.keys(&quot;search&quot;,&quot;sug&quot;).forEach(function(key){if(key.indexOf(&quot;search_sug_kw:&quot;)==0){cache[key]=B.ls.getItem(key)}});B.ls.set(&quot;search&quot;,&quot;sug&quot;,&quot;processedCache&quot;,JSON.stringify(cache));B.ls.set(&quot;search&quot;,&quot;sug&quot;,&quot;hisUpdated&quot;,1)}catch(e){}return cache},clearLocalHis:function(query){try{var me=this,cache=JSON.parse(B.ls.get(&quot;search&quot;,&quot;sug&quot;,&quot;processedCache&quot;));if(query){B.ls.removeItem(&quot;search_sug_kw:&quot;+query);delete cache[&quot;search_sug_kw:&quot;+query];B.ls.set(&quot;search&quot;,&quot;sug&quot;,&quot;processedCache&quot;,JSON.stringify(cache))}else{for(var key in cache){B.ls.removeItem(key)}B.ls.remove(&quot;search&quot;,&quot;sug&quot;,&quot;processedCache&quot;);B.ls.remove(&quot;search&quot;,&quot;sug&quot;,&quot;hisUpdated&quot;);hisRecommend=null;me.cl();me.hd()}}catch(e){}},sendRequest:function(kw,type){var me=this,his,strAt;status.isSuccess=false;if(kw.indexOf(&quot;@&quot;)===0&amp;amp;&amp;amp;me.needHis){var his=me.getHis(&quot;&quot;);var atHis=[];for(var i=0,len=his.length;i&amp;lt;len;i++){if(his[i].kw.indexOf(kw.toLowerCase().trim())===0){atHis.push(encodeURIComponent(his[i].kw))}}strAt=atHis.join(&quot;,&quot;)}var sugCallback=function(data,sta){if(!sta){status.isSuccess=false}if(data&amp;amp;&amp;amp;data.q!==&quot;&quot;&amp;amp;&amp;amp;!data.e){sugCache[kw]=data;me.dataProcess(kw,data)}status.isRequesting=false};window.baidu.sug=sugCallback;$.ajax({type:&quot;GET&quot;,url:config.sugBaseUrl+&quot;&amp;amp;callback=?&amp;amp;wd=&quot;+encodeURIComponent(kw)+(c_pwd?&quot;&amp;amp;pwd=&quot;+encodeURIComponent(c_pwd):&quot;&quot;)+(type!==undefined?(&quot;&amp;amp;sugmode=&quot;+type):&quot;&quot;)+(strAt?(&quot;&amp;amp;at=&quot;+strAt):&quot;&quot;),timeout:500,dataType:&quot;jsonp&quot;,success:sugCallback,error:function(xhr,errorType,error){typeof timeoutCache[kw]===&quot;undefined&quot;?timeoutCache[kw]=1:timeoutCache[kw]++;sugCallback({q:kw,s:[],e:errorType})}});c_pwd=kw},hd:function(){this.sugDiv&amp;amp;&amp;amp;this.sugDiv.hide()},sh:function(){this.sugDiv&amp;amp;&amp;amp;this.sugDiv.show()},cl:function(){this.sugContent&amp;amp;&amp;amp;this.sugContent.html(&quot;&quot;);this.sugDirect&amp;amp;&amp;amp;this.sugDirect.html(&quot;&quot;)},getWeather:function(type,isDay){var weaMap=[&quot;qing&quot;,&quot;wu&quot;,&quot;duoyun&quot;,&quot;leidian&quot;,&quot;shachen&quot;,&quot;xue&quot;,&quot;yin&quot;,&quot;yu&quot;,&quot;wumai&quot;];return this.getIconPre()+(isDay?&quot;&quot;:&quot;night&quot;)+weaMap[type]},getIconPre:function(){if(this.record===&quot;default_index&quot;){return&quot;icon-&quot;}else{return&quot;sicon-&quot;}},setss:function(index,value){index=index-1;if(index&amp;lt;0){return current}var current=(this.form.attr(&quot;ss&quot;)&amp;amp;&amp;amp;this.form.attr(&quot;ss&quot;).value)||&quot;&quot;;while(current.length&amp;lt;=index){current=current+&quot;0&quot;}current=&quot;&quot;+current.slice(0,index)+value+current.slice(index+1);this.setHiddenInput(&quot;ss&quot;,current);commonBase.data(&quot;ss&quot;,current);return current}};function htmlEncode(str){var map={&quot;&amp;amp;&quot;:&quot;&amp;amp;amp;&quot;,&quot;&amp;lt;&quot;:&quot;&amp;amp;lt;&quot;,&quot;&amp;gt;&quot;:&quot;&amp;amp;gt;&quot;,&#039;&quot;&#039;:&quot;&amp;amp;quot;&quot;,&quot;&#039;&quot;:&quot;&amp;amp;#39;&quot;};var mapper=function($0){return map[$0]};return str.replace(/[&amp;amp;&amp;lt;&amp;gt;&quot;&#039;]/g,mapper)}function getCurrentRelativeUrl(){return location.pathname+location.search+location.hash}})();&lt;/script&gt;&lt;script id=&quot;index_plus_ls_js_iscroll&quot; type=&quot;text/javascript&quot; class=&quot;js_iscroll&quot;&gt;/*! iScroll v5.1.2 ~ (c) 2008-2014 Matteo Spinelli ~ http://cubiq.org/license */
(function(d,a,c){var f=d.requestAnimationFrame||d.webkitRequestAnimationFrame||d.mozRequestAnimationFrame||d.oRequestAnimationFrame||function(g){d.setTimeout(g,1000/60)};var b=(function(){var k={};var l=a.createElement(&quot;div&quot;).style;var i=(function(){var p=[&quot;t&quot;,&quot;webkitT&quot;,&quot;MozT&quot;,&quot;msT&quot;,&quot;OT&quot;],n,o=0,m=p.length;for(;o&amp;lt;m;o++){n=p[o]+&quot;ransform&quot;;if(n in l){return p[o].substr(0,p[o].length-1)}}return false})();function j(m){if(i===false){return false}if(i===&quot;&quot;){return m}return i+m.charAt(0).toUpperCase()+m.substr(1)}k.getTime=Date.now||function g(){return new Date().getTime()};k.extend=function(o,n){for(var m in n){o[m]=n[m]}};k.addEvent=function(p,o,n,m){p.addEventListener(o,n,!!m)};k.removeEvent=function(p,o,n,m){p.removeEventListener(o,n,!!m)};k.prefixPointerEvent=function(m){return d.MSPointerEvent?&quot;MSPointer&quot;+m.charAt(9).toUpperCase()+m.substr(10):m};k.getCssRules=function(n){var m=d.getComputedStyle(n,null);return m};k.getWidth=function(n){var m=this.getCssRules(n);return parseInt(m.width==&quot;auto&quot;?0:m.width)};k.momentum=function(s,o,p,m,t,u){var n=s-o,q=c.abs(n)/p,v,r;u=u===undefined?0.0006:u;v=s+(q*q)/(2*u)*(n&amp;lt;0?-1:1);r=q/u;if(v&amp;lt;m){v=t?m-(t/2.5*(q/8)):m;n=c.abs(v-s);r=n/q}else{if(v&amp;gt;0){v=t?t/2.5*(q/8):0;n=c.abs(s)+v;r=n/q}}return{destination:c.round(v),duration:r}};var h=j(&quot;transform&quot;);k.extend(k,{hasTransform:h!==false,hasPerspective:j(&quot;perspective&quot;) in l,hasTouch:&quot;ontouchstart&quot; in d,hasPointer:d.PointerEvent||d.MSPointerEvent,hasTransition:j(&quot;transition&quot;) in l});k.isBadAndroid=/Android /.test(d.navigator.appVersion)&amp;amp;&amp;amp;!(/Chrome\/\d/.test(d.navigator.appVersion));k.extend(k.style={},{transform:h,transitionTimingFunction:j(&quot;transitionTimingFunction&quot;),transitionDuration:j(&quot;transitionDuration&quot;),transitionDelay:j(&quot;transitionDelay&quot;),transformOrigin:j(&quot;transformOrigin&quot;)});k.hasClass=function(n,o){var m=new RegExp(&quot;(^|\\s)&quot;+o+&quot;(\\s|$)&quot;);return m.test(n.className)};k.addClass=function(n,o){if(k.hasClass(n,o)){return}var m=n.className.split(&quot; &quot;);m.push(o);n.className=m.join(&quot; &quot;)};k.removeClass=function(n,o){if(!k.hasClass(n,o)){return}var m=new RegExp(&quot;(^|\\s)&quot;+o+&quot;(\\s|$)&quot;,&quot;g&quot;);n.className=n.className.replace(m,&quot; &quot;)};k.offset=function(m){var o=-m.offsetLeft,n=-m.offsetTop;while(m=m.offsetParent){o-=m.offsetLeft;n-=m.offsetTop}return{left:o,top:n}};k.preventDefaultException=function(o,n){for(var m in n){if(n[m].test(o[m])){return true}}return false};k.extend(k.eventType={},{touchstart:1,touchmove:1,touchend:1,mousedown:2,mousemove:2,mouseup:2,pointerdown:3,pointermove:3,pointerup:3,MSPointerDown:3,MSPointerMove:3,MSPointerUp:3});k.extend(k.ease={},{quadratic:{style:&quot;cubic-bezier(0.25, 0.46, 0.45, 0.94)&quot;,fn:function(m){return m*(2-m)}},circular:{style:&quot;cubic-bezier(0.1, 0.57, 0.1, 1)&quot;,fn:function(m){return c.sqrt(1-(--m*m))}},back:{style:&quot;cubic-bezier(0.175, 0.885, 0.32, 1.275)&quot;,fn:function(n){var m=4;return(n=n-1)*n*((m+1)*n+m)+1}},bounce:{style:&quot;&quot;,fn:function(m){if((m/=1)&amp;lt;(1/2.75)){return 7.5625*m*m}else{if(m&amp;lt;(2/2.75)){return 7.5625*(m-=(1.5/2.75))*m+0.75}else{if(m&amp;lt;(2.5/2.75)){return 7.5625*(m-=(2.25/2.75))*m+0.9375}else{return 7.5625*(m-=(2.625/2.75))*m+0.984375}}}}},elastic:{style:&quot;&quot;,fn:function(m){var n=0.22,o=0.4;if(m===0){return 0}if(m==1){return 1}return(o*c.pow(2,-10*m)*c.sin((m-n/4)*(2*c.PI)/n)+1)}}});k.tap=function(o,m){var n=a.createEvent(&quot;Event&quot;);n.initEvent(m,true,true);n.pageX=o.pageX;n.pageY=o.pageY;o.target.dispatchEvent(n)};k.click=function(o){var n=o.target,m;if(!(/(SELECT|INPUT|TEXTAREA)/i).test(n.tagName)){m=a.createEvent(&quot;MouseEvents&quot;);m.initMouseEvent(&quot;click&quot;,true,true,o.view,1,n.screenX,n.screenY,n.clientX,n.clientY,o.ctrlKey,o.altKey,o.shiftKey,o.metaKey,0,null);m._constructed=true;n.dispatchEvent(m)}};return k})();function e(j,g){this.wrapper=typeof j==&quot;string&quot;?a.querySelector(j):j;this.scroller=this.wrapper.children[0];this.scrollerStyle=this.scroller.style;this.options={startX:0,startY:0,scrollY:true,directionLockThreshold:5,momentum:true,bounce:true,bounceTime:600,bounceEasing:&quot;&quot;,preventDefault:true,preventDefaultException:{tagName:/^(INPUT|TEXTAREA|BUTTON|SELECT)$/},HWCompositing:true,useTransition:true,useTransform:true};for(var h in g){this.options[h]=g[h]}this.translateZ=&quot;&quot;;this.options.useTransition=b.hasTransition&amp;amp;&amp;amp;this.options.useTransition;this.options.useTransform=b.hasTransform&amp;amp;&amp;amp;this.options.useTransform;this.options.eventPassthrough=this.options.eventPassthrough===true?&quot;vertical&quot;:this.options.eventPassthrough;this.options.preventDefault=!this.options.eventPassthrough&amp;amp;&amp;amp;this.options.preventDefault;this.options.scrollY=this.options.eventPassthrough==&quot;vertical&quot;?false:this.options.scrollY;this.options.scrollX=this.options.eventPassthrough==&quot;horizontal&quot;?false:this.options.scrollX;this.options.freeScroll=this.options.freeScroll&amp;amp;&amp;amp;!this.options.eventPassthrough;this.options.directionLockThreshold=this.options.eventPassthrough?0:this.options.directionLockThreshold;this.options.bounceEasing=typeof this.options.bounceEasing==&quot;string&quot;?b.ease[this.options.bounceEasing]||b.ease.circular:this.options.bounceEasing;this.options.resizePolling=this.options.resizePolling===undefined?60:this.options.resizePolling;if(this.options.tap===true){this.options.tap=&quot;tap&quot;}this.x=0;this.y=0;this.directionX=0;this.directionY=0;this._events={};this._init();this.refresh();this.scrollTo(this.options.startX,this.options.startY);this.enable()}e.prototype={version:&quot;5.1.2&quot;,_init:function(){this._initEvents()},destroy:function(){this._initEvents(true);this._execEvent(&quot;destroy&quot;)},_transitionEnd:function(g){if(g.target!=this.scroller||!this.isInTransition){return}this._transitionTime();if(!this.resetPosition(this.options.bounceTime)){this.isInTransition=false;this._execEvent(&quot;scrollEnd&quot;)}},stop:function(){if(this.options.useTransition&amp;amp;&amp;amp;this.isInTransition){var g=this.getComputedPosition();this.isInTransition=false;this._translate(c.round(g.x),c.round(g.y));this._execEvent(&quot;scrollEnd&quot;);this._stopScroll=true}else{if(!this.options.useTransition&amp;amp;&amp;amp;this.isAnimating){this.isAnimating=false;this._execEvent(&quot;scrollEnd&quot;);this._stopScroll=true}}},_start:function(h){if(b.eventType[h.type]!=1){if(h.button!==0){return}}if(!this.enabled||(this.initiated&amp;amp;&amp;amp;b.eventType[h.type]!==this.initiated)){return}if(this.options.preventDefault&amp;amp;&amp;amp;!b.isBadAndroid&amp;amp;&amp;amp;!b.preventDefaultException(h.target,this.options.preventDefaultException)){h.preventDefault()}var g=h.touches?h.touches[0]:h;this.initiated=b.eventType[h.type];this.moved=false;this.distX=0;this.distY=0;this.directionX=0;this.directionY=0;this.directionLocked=0;this._stopScroll=false;this._transitionTime();this.startTime=b.getTime();this.stop();this.startX=this.x;this.startY=this.y;this.absStartX=this.x;this.absStartY=this.y;this.pointX=g.pageX;this.pointY=g.pageY;this._execEvent(&quot;beforeScrollStart&quot;)},_move:function(l){if(!this.enabled||b.eventType[l.type]!==this.initiated){return}if(this.options.preventDefault){l.preventDefault()}var n=l.touches?l.touches[0]:l,i=n.pageX-this.pointX,h=n.pageY-this.pointY,m=b.getTime(),g,o,k,j;this.pointX=n.pageX;this.pointY=n.pageY;this.distX+=i;this.distY+=h;k=c.abs(this.distX);j=c.abs(this.distY);if(m-this.endTime&amp;gt;300&amp;amp;&amp;amp;(k&amp;lt;10&amp;amp;&amp;amp;j&amp;lt;10)){return}if(!this.directionLocked&amp;amp;&amp;amp;!this.options.freeScroll){if(k&amp;gt;j+this.options.directionLockThreshold){this.directionLocked=&quot;h&quot;}else{if(j&amp;gt;=k+this.options.directionLockThreshold){this.directionLocked=&quot;v&quot;}else{this.directionLocked=&quot;n&quot;}}}if(this.directionLocked==&quot;h&quot;){if(this.options.eventPassthrough==&quot;vertical&quot;){l.preventDefault()}else{if(this.options.eventPassthrough==&quot;horizontal&quot;){this.initiated=false;return}}h=0}else{if(this.directionLocked==&quot;v&quot;){if(this.options.eventPassthrough==&quot;horizontal&quot;){l.preventDefault()}else{if(this.options.eventPassthrough==&quot;vertical&quot;){this.initiated=false;return}}i=0}}i=this.hasHorizontalScroll?i:0;h=this.hasVerticalScroll?h:0;g=this.x+i;o=this.y+h;if(g&amp;gt;0||g&amp;lt;this.maxScrollX){g=this.options.bounce?this.x+i/3:g&amp;gt;0?0:this.maxScrollX}if(o&amp;gt;0||o&amp;lt;this.maxScrollY){o=this.options.bounce?this.y+h/3:o&amp;gt;0?0:this.maxScrollY}this.directionX=i&amp;gt;0?-1:i&amp;lt;0?1:0;this.directionY=h&amp;gt;0?-1:h&amp;lt;0?1:0;if(!this.moved){this._execEvent(&quot;scrollStart&quot;)}this.moved=true;this._translate(g,o);if(m-this.startTime&amp;gt;300){this.startTime=m;this.startX=this.x;this.startY=this.y}},_end:function(l){if(!this.enabled||b.eventType[l.type]!==this.initiated){return}if(this.options.preventDefault&amp;amp;&amp;amp;!b.preventDefaultException(l.target,this.options.preventDefaultException)){l.preventDefault()}var n=l.changedTouches?l.changedTouches[0]:l,i,h,k=b.getTime()-this.startTime,g=c.round(this.x),q=c.round(this.y),p=c.abs(g-this.startX),o=c.abs(q-this.startY),j=0,m=&quot;&quot;;this.isInTransition=0;this.initiated=0;this.endTime=b.getTime();if(this.resetPosition(this.options.bounceTime)){return}this.scrollTo(g,q);if(!this.moved){if(this._stopScroll){l.preventDefault();l.stopPropagation();return}if(this.options.tap){b.tap(l,this.options.tap)}if(this.options.click){b.click(l)}this._execEvent(&quot;scrollCancel&quot;);return}if(this._events.flick&amp;amp;&amp;amp;k&amp;lt;200&amp;amp;&amp;amp;p&amp;lt;100&amp;amp;&amp;amp;o&amp;lt;100){this._execEvent(&quot;flick&quot;);return}if(this.options.momentum&amp;amp;&amp;amp;k&amp;lt;300){i=this.hasHorizontalScroll?b.momentum(this.x,this.startX,k,this.maxScrollX,this.options.bounce?this.wrapperWidth:0,this.options.deceleration):{destination:g,duration:0};h=this.hasVerticalScroll?b.momentum(this.y,this.startY,k,this.maxScrollY,this.options.bounce?this.wrapperHeight:0,this.options.deceleration):{destination:q,duration:0};g=i.destination;q=h.destination;j=c.max(i.duration,h.duration);this.isInTransition=1}if(g!=this.x||q!=this.y){if(g&amp;gt;0||g&amp;lt;this.maxScrollX||q&amp;gt;0||q&amp;lt;this.maxScrollY){m=b.ease.quadratic}this.scrollTo(g,q,j,m);return}this._execEvent(&quot;scrollEnd&quot;)},_resize:function(){var g=this;clearTimeout(this.resizeTimeout);this.resizeTimeout=setTimeout(function(){g.refresh()},this.options.resizePolling)},resetPosition:function(h){var g=this.x,i=this.y;h=h||0;if(!this.hasHorizontalScroll||this.x&amp;gt;0){g=0}else{if(this.x&amp;lt;this.maxScrollX){g=this.maxScrollX}}if(!this.hasVerticalScroll||this.y&amp;gt;0){i=0}else{if(this.y&amp;lt;this.maxScrollY){i=this.maxScrollY}}if(g==this.x&amp;amp;&amp;amp;i==this.y){return false}this.scrollTo(g,i,h,this.options.bounceEasing);return true},disable:function(){this.enabled=false},enable:function(){this.enabled=true},refresh:function(){var g=this.wrapper.offsetHeight;this.wrapperWidth=this.wrapper.clientWidth;this.wrapperHeight=this.wrapper.clientHeight;this.scrollerWidth=this.scroller.offsetWidth;this.scrollerHeight=this.scroller.offsetHeight;this.maxScrollX=this.wrapperWidth-this.scrollerWidth;this.maxScrollY=this.wrapperHeight-this.scrollerHeight;this.hasHorizontalScroll=this.options.scrollX&amp;amp;&amp;amp;this.maxScrollX&amp;lt;0;this.hasVerticalScroll=this.options.scrollY&amp;amp;&amp;amp;this.maxScrollY&amp;lt;0;if(!this.hasHorizontalScroll){this.maxScrollX=0;this.scrollerWidth=this.wrapperWidth}if(!this.hasVerticalScroll){this.maxScrollY=0;this.scrollerHeight=this.wrapperHeight}this.endTime=0;this.directionX=0;this.directionY=0;this.wrapperOffset=b.offset(this.wrapper);this._execEvent(&quot;refresh&quot;);this.stop();this.resetPosition()},on:function(h,g){if(!this._events[h]){this._events[h]=[]}this._events[h].push(g)},off:function(i,h){if(!this._events[i]){return}var g=this._events[i].indexOf(h);if(g&amp;gt;-1){this._events[i].splice(g,1)}},_execEvent:function(j){if(!this._events[j]){return}var h=0,g=this._events[j].length;if(!g){return}for(;h&amp;lt;g;h++){this._events[j][h].apply(this,[].slice.call(arguments,1))}},scrollBy:function(g,j,h,i){g=this.x+g;j=this.y+j;h=h||0;this.scrollTo(g,j,h,i)},scrollTo:function(g,j,h,i){i=i||b.ease.circular;this.isInTransition=this.options.useTransition&amp;amp;&amp;amp;h&amp;gt;0;if(!h||(this.options.useTransition&amp;amp;&amp;amp;i.style)){this._transitionTimingFunction(i.style);this._transitionTime(h);this._translate(g,j)}else{this._animate(g,j,h,i.fn)}},scrollToElement:function(h,i,g,l,k){h=h.nodeType?h:this.scroller.querySelector(h);if(!h){return}var j=b.offset(h);j.left-=this.wrapperOffset.left;j.top-=this.wrapperOffset.top;if(g===true){g=c.round(h.offsetWidth/2-this.wrapper.offsetWidth/2)}if(l===true){l=c.round(h.offsetHeight/2-this.wrapper.offsetHeight/2)}j.left-=g||0;j.top-=l||0;j.left=j.left&amp;gt;0?0:j.left&amp;lt;this.maxScrollX?this.maxScrollX:j.left;j.top=j.top&amp;gt;0?0:j.top&amp;lt;this.maxScrollY?this.maxScrollY:j.top;i=i===undefined||i===null||i===&quot;auto&quot;?c.max(c.abs(this.x-j.left),c.abs(this.y-j.top)):i;this.scrollTo(j.left,j.top,i,k)},_transitionTime:function(g){g=g||0;this.scrollerStyle[b.style.transitionDuration]=g+&quot;ms&quot;;if(!g&amp;amp;&amp;amp;b.isBadAndroid){this.scrollerStyle[b.style.transitionDuration]=&quot;0.001s&quot;}},_transitionTimingFunction:function(g){this.scrollerStyle[b.style.transitionTimingFunction]=g},_translate:function(g,h){if(this.options.useTransform){this.scrollerStyle[b.style.transform]=&quot;translate3d(&quot;+g+&quot;px,&quot;+h+&quot;px, 0)&quot;+this.translateZ}else{g=c.round(g);h=c.round(h);this.scrollerStyle.left=g+&quot;px&quot;;this.scrollerStyle.top=h+&quot;px&quot;}this.x=g;this.y=h},_initEvents:function(g){var h=g?b.removeEvent:b.addEvent,i=this.options.bindToWrapper?this.wrapper:d;h(d,&quot;orientationchange&quot;,this);h(d,&quot;resize&quot;,this);if(this.options.click){h(this.wrapper,&quot;click&quot;,this,true)}if(!this.options.disableMouse){h(this.wrapper,&quot;mousedown&quot;,this);h(i,&quot;mousemove&quot;,this);h(i,&quot;mousecancel&quot;,this);h(i,&quot;mouseup&quot;,this)}if(b.hasPointer&amp;amp;&amp;amp;!this.options.disablePointer){h(this.wrapper,b.prefixPointerEvent(&quot;pointerdown&quot;),this);h(i,b.prefixPointerEvent(&quot;pointermove&quot;),this);h(i,b.prefixPointerEvent(&quot;pointercancel&quot;),this);h(i,b.prefixPointerEvent(&quot;pointerup&quot;),this)}if(b.hasTouch&amp;amp;&amp;amp;!this.options.disableTouch){h(this.wrapper,&quot;touchstart&quot;,this);h(i,&quot;touchmove&quot;,this);h(i,&quot;touchcancel&quot;,this);h(i,&quot;touchend&quot;,this)}h(this.scroller,&quot;webkitTransitionEnd&quot;,this)},getComputedPosition:function(){var h=d.getComputedStyle(this.scroller,null),g,i;if(this.options.useTransform){h=h[b.style.transform].split(&quot;)&quot;)[0].split(&quot;, &quot;);g=+(h[12]||h[4]);i=+(h[13]||h[5])}else{g=+h.left.replace(/[^-\d.]/g,&quot;&quot;);i=+h.top.replace(/[^-\d.]/g,&quot;&quot;)}return{x:g,y:i}},_animate:function(p,o,j,g){var m=this,l=this.x,k=this.y,h=b.getTime(),n=h+j;function i(){var q=b.getTime(),s,r,t;if(q&amp;gt;=n){m.isAnimating=false;m._translate(p,o);if(!m.resetPosition(m.options.bounceTime)){m._execEvent(&quot;scrollEnd&quot;)}return}q=(q-h)/j;t=g(q);s=(p-l)*t+l;r=(o-k)*t+k;m._translate(s,r);if(m.isAnimating){f(i)}}this.isAnimating=true;i()},handleEvent:function(g){switch(g.type){case&quot;touchstart&quot;:case&quot;pointerdown&quot;:case&quot;MSPointerDown&quot;:case&quot;mousedown&quot;:this._start(g);break;case&quot;touchmove&quot;:case&quot;pointermove&quot;:case&quot;MSPointerMove&quot;:case&quot;mousemove&quot;:this._move(g);break;case&quot;touchend&quot;:case&quot;pointerup&quot;:case&quot;MSPointerUp&quot;:case&quot;mouseup&quot;:case&quot;touchcancel&quot;:case&quot;pointercancel&quot;:case&quot;MSPointerCancel&quot;:case&quot;mousecancel&quot;:this._end(g);break;case&quot;orientationchange&quot;:case&quot;resize&quot;:this._resize();break;case&quot;transitionend&quot;:case&quot;webkitTransitionEnd&quot;:case&quot;oTransitionEnd&quot;:case&quot;MSTransitionEnd&quot;:this._transitionEnd(g);break;case&quot;wheel&quot;:case&quot;DOMMouseScroll&quot;:case&quot;mousewheel&quot;:this._wheel(g);break;case&quot;keydown&quot;:this._key(g);break;case&quot;click&quot;:if(!g._constructed){g.preventDefault();g.stopPropagation()}break}}};e.utils=b;if(typeof module!=&quot;undefined&quot;&amp;amp;&amp;amp;module.exports){module.exports=e}else{d.IScroll=e}B.iScroll=e})(window,document,Math);&lt;/script&gt;&lt;script id=&quot;index_plus_ls_js_init&quot; type=&quot;text/javascript&quot; class=&quot;js_init&quot;&gt;define(&quot;start/init&quot;,function(){(function(){var b=$(&quot;#commonBase&quot;);var a=b.data(&quot;lsprefix&quot;).indexOf(&quot;plus&quot;)!==-1;new $.sug({wrapid:&quot;#index-box&quot;,inputid:&quot;#index-kw&quot;,resetid:&quot;#index-cross&quot;,buttonid:&quot;#index-bn&quot;,needHis:!!B.lsSupport&amp;amp;&amp;amp;!!window.JSON,record:&quot;default_index&quot;,sa:&quot;i&quot;,w:&quot;0_0_&quot;,publicArgu:b.data(&quot;prepath&quot;).replace(/#/g,&quot;&amp;amp;&quot;)+&quot;&amp;amp;ref=index_iphone&quot;,iHeight:a?&quot;63px&quot;:null,dHeight:a?&quot;42px&quot;:null});var d=[&quot;ct&quot;,&quot;cst&quot;,&quot;clk_from&quot;,&quot;clk_info&quot;,&quot;clk_extra&quot;,&quot;url&quot;];$(&quot;#index-card&quot;).on(&quot;click&quot;,&quot;[data-schema]&quot;,function(g){if(b.data(&quot;tanet&quot;)===1&amp;amp;&amp;amp;$(this).text()===&quot;地图&quot;){this.href+=&quot;&amp;amp;showcvr=1&quot;}else{if(b.data(&quot;osid&quot;)===1&amp;amp;&amp;amp;(b.data(&quot;browser&quot;)===&quot;baidubox&quot;||/crios/i.test(navigator.userAgent))){return}var f=$(&quot;&amp;lt;iframe&amp;gt;&quot;).css(&quot;display&quot;,&quot;none&quot;);f.attr(&quot;src&quot;,$(this).data(&quot;schema&quot;)).appendTo(document.body);setTimeout(function(){f.remove()},5000)}});$(&quot;#index-card, #index-view&quot;).on(&quot;click&quot;,&quot;[data-stats]&quot;,function(h){var j=this.getAttribute(&quot;data-stats&quot;).split(&quot;|&quot;);var g=this.getAttribute(&quot;href&quot;);var i=null;var f={};$.each(j,function(e,k){if(!!k){f[d[e]]=k}});if(g&amp;amp;&amp;amp;this.tagName.toLowerCase()===&quot;a&quot;){if(/\//g.test(g)&amp;amp;&amp;amp;!$(this).attr(&quot;data-nolink&quot;)){f.url=encodeURIComponent(g)}h.preventDefault();i=function(){location.href=g}}B.log.send(f,i)});var c=B.cookie(&quot;plus_cv&quot;);if(!/\:\:/.exec(c)){window.B.cookie(&quot;plus_cv&quot;,null,{domain:&quot;.baidu.com&quot;,path:&quot;/&quot;});window.B.cookie(&quot;plus_cv&quot;,null,{domain:location.hostname,path:&quot;/&quot;})}})();B.load(function(){var a=$(&quot;#commonBase&quot;).data(&quot;token&quot;);var c=-1;function b(){if(B.ls.enabled){c=B.ls.get(&quot;index&quot;,&quot;login&quot;,&quot;loginNum&quot;);if(!c){c=0}if(c&amp;lt;3){return true}else{return false}}else{return true}}if(a&amp;amp;&amp;amp;b()){}})});require([&quot;start/init&quot;]);&lt;/script&gt;&lt;script id=&quot;index_plus_ls_js_geolocation&quot; type=&quot;text/javascript&quot; class=&quot;js_geolocation&quot;&gt;define(&quot;lib/geolocation&quot;,function(){var g=&quot;http://api.map.baidu.com/geocoder/v2/&quot;,l=&quot;http://127.0.0.1:6259/geolocation?timeout=10000&amp;amp;gps=1&amp;amp;mcmdf=inapp_wiselocation&quot;,m=&quot;http://api.map.baidu.com/?qt=rgc&amp;amp;dis_poi=100&amp;amp;poi_num=10&amp;amp;ie=utf-8&amp;amp;oue=1&amp;amp;res=api&quot;,c=&quot;http://aladdin.wapmap.baidu.com/plugin&quot;,f={autoLoc:{expireTime:0,onlyFromCookie:false,onlyFromHTML5:false,onlyFromNative:false,autoSaveToCookie:true,html5Timeout:8000,nativeTimeout:8000,onSuccess:null,onFail:null},search:{timeout:8000,onSuccess:null,onFail:null}};if(location.protocol.indexOf(&quot;https&quot;)!=-1){g=&quot;https://sp2.baidu.com/9_Q4sjOpB1gCo2Kml5_Y_D3/geocoder/v2/&quot;;m=&quot;https://sp2.baidu.com/9_Q4sjOpB1gCo2Kml5_Y_D3/?qt=rgc&amp;amp;dis_poi=100&amp;amp;poi_num=10&amp;amp;ie=utf-8&amp;amp;oue=1&amp;amp;res=api&quot;;c=&quot;https://sp2.baidu.com/90gHaDqh_cgXo1ufo-zN2TxrfQVwcu8e/plugin&quot;}var e=function(s,r,q){typeof s===&quot;function&quot;&amp;amp;&amp;amp;s(r,q)};var h={getPosition:function(t){t=j({},f.autoLoc,t);var w=t.onSuccess,x=t.onFail;var v=t.expireTime;if(v&amp;gt;0||(v===0&amp;amp;&amp;amp;t.onlyFromCookie===true)){var q=p.get();if(q&amp;amp;&amp;amp;(parseInt(Date.now(),10)-q.timestamp&amp;lt;=v||v===0)){e(t.onSuccess,q.output(),{from:&quot;cookie&quot;});return}}if(t.onlyFromCookie===true){e(t.onFail,{error:1});return}var r=this;var u=/android/i.test(navigator.userAgent);var s=function(y){if(u&amp;amp;&amp;amp;!/micromessenger/i.test(navigator.userAgent)){i(function(z){k(z,function(A){if(t.autoSaveToCookie===true){A=r.savePosition(A)}e(t.onSuccess,A,{from:&quot;native&quot;})},function(){e(t.onFail,{error:3})},t.nativeTimeout)},function(){e(t.onFail,{error:3})},t.nativeTimeout)}else{e(t.onFail,y)}};if(t.onlyFromHTML5||!t.onlyFromNative){a(function(y){n(y,function(z){if(t.autoSaveToCookie===true){z=r.savePosition(z)}e(t.onSuccess,z,{from:&quot;html5&quot;})},function(){if(u&amp;amp;&amp;amp;!t.onlyFromHTML5){s({error:2})}else{e(t.onFail,{error:3})}},t.html5Timeout)},function(y){if(u&amp;amp;&amp;amp;!t.onlyFromHTML5){s(y)}else{e(t.onFail,y)}},t.html5Timeout)}else{s({error:2})}},searchAddress:function(q,s,r){r=j({},f.search,r,{addr:q||&quot;&quot;,city_code:s||0});d({url:c,data:{ptype:2,addr:q||&quot;&quot;,city_code:s||0},timeout:r.timeout,onSuccess:function(w){var D=[];if(w&amp;amp;&amp;amp;w.content){var A=w.current_city.code;var z=[].concat(w.content);for(var x=0;x&amp;lt;z.length;x++){var u=z[x];var v=u.geo.split(&quot;|&quot;)[2].replace(&quot;;&quot;,&quot;&quot;).split(&quot;,&quot;);var t,C;if(u.city_type!=null){t=C=u.cname}else{t=u.name;C=u.addr}var y=new b(v[0],v[1],200,A,undefined,t,C);D.push(y.output())}}e(r.onSuccess,D)},onFail:function(){e(r.onFail,{error:1})}})},savePosition:function(q){return p.set(q)},clearPosition:function(){return p.remove()},mercatorToAddress:function(q){var r={timeout:8000,onSuccess:null,onFail:null};q=j({},r,q);k({longitude:q.x,latitude:q.y,accuracy:q.accuracy},function(s){s.accuracy=s.accuracy||200;e(q.onSuccess,s)},function(){e(q.onFail,{error:1})},q.timeout)}};function a(s,u,q){if(!navigator.geolocation){e(u,{error:2})}var t=null,r=false;navigator.geolocation.getCurrentPosition(function(v){clearTimeout(t);e(s,v.coords)},function(v){if(r){return}r=true;clearTimeout(t);if(v.code===v.PERMISSION_DENIED){e(u,{error:4})}else{e(u,{error:2})}},{timeout:q,maximumAge:0,enableHighAccuracy:true});t=setTimeout(function(){if(r){return}r=true;clearTimeout(t);e(u,{error:2})},q)}var i=function(r,t,q){var s=null;e(t)};var n=function(r,s,t,q){d({url:g,data:{ak:&quot;5ygSQXEZzZQpF2AHVmp3GpfP&quot;,location:r.latitude+&quot;,&quot;+r.longitude,output:&quot;json&quot;,pois:1,ret_coordtype:&quot;mc&quot;,coordtype:&quot;wgs84ll&quot;},timeout:q,onSuccess:function(v){if(!v&amp;amp;&amp;amp;v.status!=0&amp;amp;&amp;amp;!v.result&amp;amp;&amp;amp;v.result.cityCode===undefined){if(v.status!=0){}e(t)}else{v=v.result;var u=new b(v.location.lng,v.location.lat,r.accuracy,v.cityCode,Date.now(),v.formatted_address,v.formatted_address,v.addressComponent,v.pois);e(s,u.output())}},onFail:t})};var k=function(r,s,t,q){d({url:m,data:{x:r.longitude,y:r.latitude},timeout:q,onSuccess:function(w){var z=w&amp;amp;&amp;amp;w.content,x=z&amp;amp;&amp;amp;z.address_detail,y=x&amp;amp;&amp;amp;x.city_code,v=z&amp;amp;&amp;amp;z.surround_poi;delete z.address_detail.city_code;if(z&amp;amp;&amp;amp;x&amp;amp;&amp;amp;y){var u=new b(r.longitude,r.latitude,r.accuracy,y,undefined,z.address,z.address,x,v);e(s,u.output())}else{e(t)}},onFail:t})};function b(z,v,r,w,t,q,A,u,s){this.x=parseFloat(z);this.y=parseFloat(v);this.accuracy=parseFloat(r);this.cityCode=parseInt(w,10);this.timestamp=parseInt(t,10)||&quot;&quot;;this.name=q||&quot;&quot;;this.address=A||&quot;&quot;;this.addr=u;this.pois=s;if(this.pois&amp;amp;&amp;amp;this.pois.length){this.pois=this.pois.sort(function(y,x){return parseInt(y.distance)-parseInt(x.distance)})}}b.prototype.getCookieString=function(){return this.x+&quot;_&quot;+this.y+&quot;_&quot;+this.accuracy+&quot;_&quot;+this.cityCode+&quot;_&quot;+this.timestamp};b.prototype.output=function(){return{x:this.x,y:this.y,accuracy:this.accuracy,cityCode:this.cityCode,timestamp:this.timestamp,name:this.name,address:this.address,addr:this.addr||{},pois:this.pois}};b.readFromCookie=function(q){var r=q.split(&quot;_&quot;);return new b(r[0],r[1],r[2],r[3],r[4])};b.readFromObject=function(q){return new b(q.x,q.y,q.accuracy,q.cityCode,q.timestamp,q.name,q.address,q.addr,q.pois)};var p={domain:&quot;.baidu.com&quot;,path:&quot;/&quot;,key:&quot;BAIDULOC&quot;,duration:172800000,get:function(){if(!navigator.cookieEnabled){return false}var q=document.cookie.match(new RegExp(this.key+&quot;=([^;]+);?&quot;));if(q){return b.readFromCookie(q[1])}return false},set:function(q){if(!navigator.cookieEnabled){return false}q=b.readFromObject(q);var r=new Date();r.setTime(r.getTime()+this.duration);q.timestamp=parseInt(Date.now(),10);document.cookie=this.key+&quot;=&quot;+q.getCookieString()+&quot;;domain=&quot;+this.domain+&quot;;path=&quot;+this.path+&quot;;expires=&quot;+r.toGMTString();return q.output()},remove:function(){if(!navigator.cookieEnabled){return false}document.cookie=this.key+&quot;=;domain=&quot;+this.domain+&quot;;path=&quot;+this.path+&quot;;expires=Thu, 01 Jan 1970 00:00:01 GMT&quot;;return true}};var j=function(q){var r=[].slice.call(arguments,1);for(var s=0;s&amp;lt;r.length;s++){for(var t in r[s]){q[t]=r[s][t]}}return q};var o=0;var d=function(y){var s={timeout:8000,data:{},onSuccess:null,onFail:null};y=j({},s,y);var v=&quot;geojsonp&quot;+(++o);y.data.callback=v;var w=false;var r=setTimeout(function(){delete window[v];w=true;e(y.onFail)},y.timeout);window[v]=function(z){clearTimeout(r);if(w){return}e(y.onSuccess,z);delete window[v]};var q=y.url+(y.url.indexOf(&quot;?&quot;)+1?&quot;&amp;amp;&quot;:&quot;?&quot;);var t=[];for(var x in y.data){t.push(x+&quot;=&quot;+encodeURIComponent(y.data[x]))}q+=t.join(&quot;&amp;amp;&quot;);var u=document.createElement(&quot;script&quot;);u.onerror=function(){clearTimeout(r);e(y.onFail)};u.type=&quot;text/javascript&quot;;u.src=q;document.getElementsByTagName(&quot;head&quot;)[0].appendChild(u)};B.geolocation=h});require([&quot;lib/geolocation&quot;]);&lt;/script&gt;&lt;script id=&quot;index_plus_ls_js_login&quot; type=&quot;text/javascript&quot; class=&quot;js_login&quot;&gt;define(&quot;lib/login_api&quot;,function(){var e=&#039;&amp;lt;div class=&quot;guide-container&quot; style=&quot;position: fixed&quot;&amp;gt;&amp;lt;div class=&quot;guide-line&quot;&amp;gt;&amp;lt;div class=&quot;guide-line-l&quot;&amp;gt;&amp;lt;/div&amp;gt;&amp;lt;div class=&quot;guide-line-r&quot;&amp;gt;&amp;lt;/div&amp;gt;&amp;lt;/div&amp;gt;&#039;;e+=&#039;&amp;lt;div class=&quot;guide-body&quot;&amp;gt;&amp;lt;h2&amp;gt;&amp;lt;/h2&amp;gt;&amp;lt;p&amp;gt;&amp;lt;/p&amp;gt;&amp;lt;/div&amp;gt;&#039;;e+=&#039;&amp;lt;div class=&quot;guide-options&quot;&amp;gt;&amp;lt;a href=&quot;javascript:void(0);&quot; class=&quot;login-yes&quot;&amp;gt;确定&amp;lt;/a&amp;gt;&amp;lt;a href=&quot;javascript:void(0);&quot; class=&quot;login-cancel&quot;&amp;gt;取消&amp;lt;/a&amp;gt;&amp;lt;/div&amp;gt;&amp;lt;/div&amp;gt;&#039;;var f=B.ls.getObjItem(&quot;index_plus_loginhis&quot;,&quot;id&quot;);var c=B.Index;if(f&amp;amp;&amp;amp;f!=B.id){B.ls.removeItem(&quot;index_plus_loginhis&quot;)}var d=(function(){return function(g){if(!(this instanceof d)){return new d(g)}var i=&quot;&quot;,h=&quot;登录百度账号，信息不丢失&quot;;$.extend(this,g);if($(&quot;.guide-container&quot;).length){$(&quot;.guide-container&quot;).remove()}this.template=$(e);if(g.type==&quot;cardhide&quot;){$(&quot;#index-modal&quot;).after(this.template)}else{$(&quot;#index-card&quot;).append(this.template)}switch(g.type){case&quot;delItem&quot;:case&quot;addItem&quot;:if(d.order==&quot;after&quot;){h=&quot;登录百度账号，信息不丢失&quot;}else{if(g.plus==&quot;video&quot;){h=&quot;登录百度账号，精彩剧集同步追&quot;}else{if(g.plus==&quot;lottery&quot;){h=&quot;登录百度账号，开奖结果早知道&quot;}else{h=&quot;登录百度账号，海量小说轻松看&quot;}}}this.template.find(&quot;.login-yes&quot;).text(&quot;登录&quot;);break;case&quot;passive&quot;:h=&quot;&quot;;i=&quot;首页有新的推荐，登录保存&quot;;if(g.plus==&quot;novel&quot;){i=i.replace(&quot;首页&quot;,&#039;&quot;我的小说&quot;&#039;)}else{if(g.plus==&quot;video&quot;){i=i.replace(&quot;首页&quot;,&#039;&quot;我的视频&quot;&#039;)}else{if(g.plus==&quot;lottery&quot;){i=i.replace(&quot;首页&quot;,&#039;&quot;我的彩票&quot;&#039;)}}}break;case&quot;cardhide&quot;:h=&quot;确定关闭&quot;+g.title+&quot;?&quot;;i=&quot;在“管理我的首页”重新打开&quot;;break;default:h=g.title||&quot;&quot;;i=g.desc||&quot;&quot;}this.template.find(&quot;h2&quot;).text(h);i&amp;amp;&amp;amp;this.template.find(&quot;p&quot;).text(i);return this}})();d.isLogin=function(){if($(&quot;#userinfo&quot;).length){return true}return false};d.order=$(&quot;#commonBase&quot;).attr(&quot;data-loginOrder&quot;);d.show=b();d.redirectUrl=function(h){var g=$(&quot;#login&quot;).attr(&quot;href&quot;);g=g.replace(/u=([^&amp;amp;]*)$/,&quot;&quot;);g+=&quot;u=&quot;+window.encodeURIComponent(RegExp.$1)+window.encodeURIComponent(&quot;#&quot;+h);return g};d.isShow=function(g){if(d.isLogin()){return false}if(g==&quot;before&quot;){if(g==d.order){return true}else{return false}}else{return !!this.show}};var a=(function(){return{touchForbid:function(){$(&quot;#index-modal&quot;).on(&quot;touchstart touchmove&quot;,false)},touchFree:function(){$(&quot;#index-modal&quot;).off(&quot;touchstart touchmove&quot;,false)}}})();d.prototype.show=function(){var g=this;if(d.show||this.type==&quot;cardhide&quot;||(d.order==&quot;before&quot;&amp;amp;&amp;amp;this.type!=&quot;passive&quot;)){this.template.show();this.bindEvent();d.order==&quot;before&quot;&amp;amp;&amp;amp;a.touchForbid();if(this.type==&quot;cardhide&quot;||(d.order==&quot;before&quot;&amp;amp;&amp;amp;this.type!=&quot;passive&quot;)){B.Index.Modal.show();this.template.removeClass(&quot;weak&quot;).addClass(&quot;strong&quot;)}else{this.template.removeClass(&quot;strong&quot;).addClass(&quot;weak&quot;);this.template.css(&quot;display&quot;);setTimeout(function(){g.template.addClass(&quot;in&quot;)},100)}}};function b(){var i=+new Date(),h=0,g=0;h=B.ls.getObjItem(&quot;index_plus_loginhis&quot;,&quot;first&quot;);g=B.ls.getObjItem(&quot;index_plus_loginhis&quot;,&quot;times&quot;)||0;if($(&quot;#userinfo&quot;).length){return false}if(!(h&amp;amp;&amp;amp;i-h&amp;lt;604800000&amp;amp;&amp;amp;g&amp;gt;=1)){return true}else{return false}}d.prototype.bindEvent=function(){var g=this;this.template.find(&quot;.login-cancel&quot;).one(&quot;click&quot;,function(){c.avoidPenetration(c.$plus);if(g.type!=&quot;cardhide&quot;&amp;amp;&amp;amp;(d.order!=&quot;before&quot;||g.type==&quot;passive&quot;)){var h=parseInt(B.ls.getObjItem(&quot;index_plus_loginhis&quot;,&quot;times&quot;));var i=Date.now();if(isNaN(h)||h&amp;gt;=1){B.ls.setObjItem(&quot;index_plus_loginhis&quot;,{id:B.id,first:i,times:1})}else{B.ls.updateObjItem(&quot;index_plus_loginhis&quot;,&quot;times&quot;,++h)}d.show=b()}if(g.template.hasClass(&quot;weak&quot;)){g.template.removeClass(&quot;in&quot;).one(&quot;webkitTransitionEnd&quot;,function(){g.template.removeClass(&quot;in&quot;).hide();return false})}else{g.template.hide();B.Index.Modal.hide()}d.order==&quot;before&quot;&amp;amp;&amp;amp;a.touchFree();g.template.remove();g.cancelCallback&amp;amp;&amp;amp;g.cancelCallback({type:g.type});return false}).end().find(&quot;.login-yes&quot;).one(&quot;click&quot;,function(h){c.avoidPenetration(c.$plus);if(g.confirmCallback){g.confirmCallback({type:g.type})}else{$(&quot;#login&quot;).trigger(&quot;click&quot;)}d.order==&quot;before&quot;&amp;amp;&amp;amp;a.touchFree();B.Index.Modal.hide();g.template.hide();return false})};B.Index.Login=d});require([&quot;lib/login_api&quot;]);&lt;/script&gt;&lt;script id=&quot;index_plus_ls_js_tab&quot; type=&quot;text/javascript&quot; class=&quot;js_tab&quot;&gt;define(&quot;skeleton/tab_dao&quot;,function(c){var a={contentHtml:function(g,f){return $.ajaxget({url:&quot;/?action=gettab&quot;,dataType:&quot;json&quot;,data:{tabId:g}}).done(function(h){f&amp;amp;&amp;amp;f(h)})},attentionHtml:function(k,g){var f=window.sDomain;var h=f.isOrp?f.host+&quot;/&quot;:&quot;&quot;;h+=&quot;feed/data/tab/getattentionlist?&quot;;var i={url:h,dataType:&quot;json&quot;,data:$.extend({ms:1},k)};var j={url:h,data:$.extend({ms:1},k),jsonp:&quot;callback&quot;,success:function(l){g&amp;amp;&amp;amp;g(l)}};return f.isOrp?$.ajaxjsonp(j):$.ajaxget(i).done(function(l){g&amp;amp;&amp;amp;g(l)})},videoHtml:function(g,f){return $.ajaxget({url:&quot;feed/data/tab/getvideolist?&quot;,dataType:&quot;json&quot;,data:$.extend({ms:1},g)}).done(function(h){f&amp;amp;&amp;amp;f(h)})},waterHtml:function(l,g){var f=window.sSession.isFeedserver;var i=window.sSession.feedserverUrl+&quot;feed/api/wise/feedlist?&quot;;var h=f===&quot;1&quot;?i:&quot;?action=getwater&quot;;var k={url:h,dataType:&quot;json&quot;,timeout:10000,data:$.extend({},l)};var j={url:h,data:$.extend({},l),jsonp:&quot;callback&quot;,success:function(m){g&amp;amp;&amp;amp;g(m)}};return f===&quot;1&quot;?$.ajaxjsonp(j):$.ajaxget(k).done(function(m){g&amp;amp;&amp;amp;g(m)})}};var e={curmenu:function(g,f){return $.ajaxget({url:&quot;/?action=setcurtab&quot;,data:{curTabId:g}}).done(function(h){f&amp;amp;&amp;amp;f(h)})},tabss:function(i,k){var l=i.dom;var h=i.id;var f=l.find(&quot;style[data-ls4]&quot;);var o=l.find(&quot;script[data-ls4]&quot;);var p={};var n=f.data(&quot;md5&quot;);if(f[0]){p.style={content:f[0].outerHTML}}if(o[0]){p.script={content:o[0].outerHTML}}B.ls.setObjItem(&quot;plus_tab_&quot;+h,p);var m=B.cookie(&quot;plus_cv&quot;);var g=new RegExp(h+&quot;::m:([^_-]*)&quot;);var j=h+&quot;::m:&quot;+(n||1);if(m){if(g.exec(m)){j=m.replace(g,function(r,q){return j})}else{j=m+&quot;_&quot;+j}}window.B.cookie(&quot;plus_cv&quot;,null,{expires:7*24*3600*1000,domain:&quot;.baidu.com&quot;,path:&quot;/&quot;,raw:1});window.B.cookie(&quot;plus_cv&quot;,j,{expires:7*24*3600*1000,domain:location.hostname,path:&quot;/&quot;,raw:1});k&amp;amp;&amp;amp;k()},exception:function(g,f){return $.ajaxget({url:&quot;/?action=exception&quot;,data:g}).done(f)}};function b(g,h,f){return(a[g]&amp;amp;&amp;amp;a[g](h,f))||false}function d(g,h,f){return(e[g]&amp;amp;&amp;amp;e[g](h,f))||false}return{get:b,set:d}});;define(&quot;skeleton/drop&quot;,function(g,i,e){var d=$(window);var j=$(document);function a(s,r){var t=this;t.$element=$(s);t.$insertParent=t.$element.find(r.headSelector);t.$moveContent=t.$element.find(r.contentSelector);t.$moveFoot=t.$element.find(r.footSelector);t.$bottomLoad=t.$element.find(&quot;.s-loading-frame.bottom&quot;);t.$movePageBottom=$(&quot;#bottom&quot;);t.insertDOM=false;t.loading=false;t.init(r)}a.prototype.init=function(r){var s=this;s.opts=$.extend({},{scrollArea:s.$element,domUp:{domClass:&quot;dropload-up&quot;,domRefresh:&#039;&amp;lt;div class=&quot;dropload-refresh&quot;&amp;gt;↓ 下拉刷新啦~&amp;lt;/div&amp;gt;&#039;,domUpdate:&#039;&amp;lt;div class=&quot;dropload-update&quot;&amp;gt;↑ 释放更新啦~&amp;lt;/div&amp;gt;&#039;,domLoad:&#039;&amp;lt;div class=&quot;dropload-load&quot;&amp;gt;&amp;lt;span class=&quot;loading&quot;&amp;gt;&amp;lt;/span&amp;gt;加载中...&amp;lt;/div&amp;gt;&#039;},distance:50,loadUpFn:&quot;&quot;},r);if(s.opts.scrollArea==window){s.$scrollArea=d}else{s.$scrollArea=s.opts.scrollArea}s.$element.on(&quot;touchstart&quot;,function(t){if(!s.loading){k(t);n(t,s)}});s.$element.on(&quot;touchmove&quot;,function(t){if(!s.loading){k(t,s);o(t,s)}});s.$element.on(&quot;touchend&quot;,function(){if(!s.loading){b(s)}})};function k(r){if(!r.touches){r.touches=r.originalEvent.touches}}function n(s,r){r._startY=s.touches[0].pageY;if(r.opts.scrollArea==window){r._meHeight=d.height();r._childrenHeight=j.height()}else{r._meHeight=r.$element.height();r._childrenHeight=r.$element.children().height()}r._scrollTop=r.$scrollArea.scrollTop()}var l=function(r){var s=r.backingStorePixelRatio||r.webkitBackingStorePixelRatio||r.mozBackingStorePixelRatio||r.msBackingStorePixelRatio||r.oBackingStorePixelRatio||r.backingStorePixelRatio||1;return(window.devicePixelRatio||1)/s};var c=function(s){var u=$(&quot;#load-canvas&quot;).get(0);var r=u.getContext(&quot;2d&quot;);var t=l(r);var v={x:9,y:9,r:8,sAngle:0.37*Math.PI,counterclockwise:false,lineColor:&quot;#406fff&quot;,lineWidth:t,canvasWidth:19,lineStartX:15.5,lineShowSpeedDelay:16};v=$.extend({},v,s);u.style.width=v.canvasWidth+&quot;px&quot;;u.style.height=v.canvasWidth+&quot;px&quot;;u.height=v.canvasWidth*t;u.width=v.canvasWidth*t;r.strokeStyle=v.lineColor;r.lineWidth=v.lineWidth;r.beginPath();r.clearRect(0,0,v.canvasWidth,v.canvasWidth);return{ctx:r,opts:v,ratio:t}};var p=function(t,x,D,s){var w=c(s);var C=w.ctx;var r=w.opts;var A=w.ratio;var v=x/(r.lineStartX+r.lineShowSpeedDelay);var z=r.sAngle+(t-(D))*v;C.arc(r.x*A,r.y*A,r.r*A,r.sAngle,(z&amp;gt;(r.sAngle+x)?(r.sAngle+x):z),r.counterclockwise);if((t-(D+r.lineShowSpeedDelay))&amp;gt;r.lineStartX){var u=(r.canvasWidth-r.lineStartX)/(r.canvasWidth-r.lineStartX);var B=r.lineStartX+((t-(D+r.lineShowSpeedDelay))-r.lineStartX)*u;var y=(B&amp;gt;r.canvasWidth)?r.canvasWidth:B;C.lineTo(y*A,y*A)}C.stroke()};function f(w,t){var s=c(t);var r=s.ctx;var v=s.opts;var u=s.ratio;r.arc(v.x*u,v.y*u,v.r*u,v.sAngle,(v.sAngle+w),v.counterclockwise);r.lineTo(v.canvasWidth*u,v.canvasWidth*u);r.stroke()}function m(w,t){var s=c(t);var r=s.ctx;var v=s.opts;var u=s.ratio;r.arc(v.x*u,v.y*u,v.r*u,v.sAngle,(v.sAngle+w),v.counterclockwise);r.lineTo(v.x*u,v.x*u);setInterval(function(){r.rotate(Math.PI)},500);r.stroke()}function o(v,t){t._curY=v.touches[0].pageY;t._moveY=t._curY-t._startY;if(t._moveY&amp;gt;0){t.direction=&quot;down&quot;}else{if(t._moveY&amp;lt;0){t.direction=&quot;up&quot;}}var u=Math.abs(t._moveY);if(t.opts.loadUpFn!=&quot;&quot;&amp;amp;&amp;amp;t._scrollTop&amp;lt;=0&amp;amp;&amp;amp;t.direction==&quot;down&quot;&amp;amp;&amp;amp;!d.scrollTop()){v.preventDefault();if(!t.insertDOM){t.$insertParent.prepend(&#039;&amp;lt;div class=&quot;&#039;+t.opts.domUp.domClass+&#039;&quot;&amp;gt;&amp;lt;/div&amp;gt;&#039;);t.insertDOM=true}t.$domUp=$(&quot;.&quot;+t.opts.domUp.domClass);q(t.$domUp);q(t.$moveContent);q(t.$moveFoot);q(t.$bottomLoad);q(t.$movePageBottom);if(u&amp;lt;=t.opts.distance){t._offsetY=u;if(!t.$domUp.find(&quot;.load-text&quot;)[0]){t.$domUp.html(&quot;&quot;).append(t.opts.domUp.domRefresh)}var r=9;if(u&amp;gt;=r){p(u,1.9*Math.PI,r)}var s=43;if(u&amp;lt;=s){t.$insertParent.find(&quot;.loading-drop&quot;).css({clip:&quot;rect(&quot;+(s-u)+&quot;px 320px 53px 0)&quot;})}else{t.$insertParent.find(&quot;.loading-drop&quot;).css({clip:&quot;rect(0px 320px 53px 0)&quot;})}$(&quot;.load-text&quot;).text(&quot;下拉推荐&quot;)}else{if(u&amp;gt;t.opts.distance&amp;amp;&amp;amp;u&amp;lt;=t.opts.distance*2){t._offsetY=t.opts.distance+(u-t.opts.distance)*0.5;if(!t.$domUp.find(&quot;.load-text&quot;)[0]){t.$domUp.html(&quot;&quot;).append(t.opts.domUp.domUpdate)}f(1.9*Math.PI);$(&quot;.load-text&quot;).text(&quot;松开推荐&quot;);t.$insertParent.find(&quot;.loading-drop&quot;).css({clip:&quot;rect(0px 320px 53px 0)&quot;})}else{t._offsetY=t.opts.distance+t.opts.distance*0.5+(u-t.opts.distance*2)*0.2}}t.$domUp.height(t.opts.tipHeight);t.$insertParent.css({&quot;-webkit-transform&quot;:&quot;translate3d(0px, &quot;+t._offsetY+&quot;px, 0px)&quot;,transform:&quot;translate3d(0px, &quot;+t._offsetY+&quot;px, 0px)&quot;});t.$moveContent.css({&quot;-webkit-transform&quot;:&quot;translate3d(0px, &quot;+(t._offsetY-t.opts.moveInterval)+&quot;px, 0px)&quot;,transform:&quot;translate3d(0px, &quot;+(t._offsetY-t.opts.moveInterval)+&quot;px, 0px)&quot;});t.$moveFoot.css({&quot;-webkit-transform&quot;:&quot;translate3d(0px, &quot;+(t._offsetY-t.opts.moveInterval)+&quot;px, 0px)&quot;,transform:&quot;translate3d(0px, &quot;+(t._offsetY-t.opts.moveInterval)+&quot;px, 0px)&quot;});t.$bottomLoad.css({&quot;-webkit-transform&quot;:&quot;translate3d(0px, &quot;+(t._offsetY-t.opts.moveInterval)+&quot;px, 0px)&quot;,transform:&quot;translate3d(0px, &quot;+(t._offsetY-t.opts.moveInterval)+&quot;px, 0px)&quot;});t.$movePageBottom.css({&quot;-webkit-transform&quot;:&quot;translate3d(0px, &quot;+(t._offsetY-t.opts.moveInterval)+&quot;px, 0px)&quot;,transform:&quot;translate3d(0px, &quot;+(t._offsetY-t.opts.moveInterval)+&quot;px, 0px)&quot;})}}function b(r){var s=Math.abs(r._moveY);if(r.insertDOM){if(r.direction==&quot;down&quot;){r.$domResult=r.$domUp;r.domLoad=r.opts.domUp.domLoad}q(r.$domResult,300);q(r.$moveContent,300);q(r.$moveFoot,300);q(r.$bottomLoad,300);q(r.$movePageBottom,300);if(s&amp;gt;r.opts.distance){r.$domResult.height(r.opts.tipHeight);r.$domResult.html(&quot;&quot;).append(r.domLoad);h(r);r.$insertParent.css({&quot;-webkit-transform&quot;:&quot;translate3d(0px, 43px, 0px)&quot;,transform:&quot;translate3d(0px, 43px, 0px)&quot;});r.$moveContent.css({&quot;-webkit-transform&quot;:&quot;translate3d(0px, &quot;+(r.opts.tipHeight-r.opts.feedItemPaddingTop)+&quot;px, 0px)&quot;,transform:&quot;translate3d(0px, &quot;+(r.opts.tipHeight-r.opts.feedItemPaddingTop)+&quot;px, 0px)&quot;});r.$moveFoot.css({&quot;-webkit-transform&quot;:&quot;translate3d(0px, &quot;+(r.opts.tipHeight-r.opts.feedItemPaddingTop)+&quot;px, 0px)&quot;,transform:&quot;translate3d(0px, &quot;+(r.opts.tipHeight-r.opts.feedItemPaddingTop)+&quot;px, 0px)&quot;});r.$bottomLoad.css({&quot;-webkit-transform&quot;:&quot;translate3d(0px, &quot;+(r.opts.tipHeight-r.opts.feedItemPaddingTop)+&quot;px, 0px)&quot;,transform:&quot;translate3d(0px, &quot;+(r.opts.tipHeight-r.opts.feedItemPaddingTop)+&quot;px, 0px)&quot;});r.$movePageBottom.css({&quot;-webkit-transform&quot;:&quot;translate3d(0px, &quot;+(r.opts.tipHeight-r.opts.feedItemPaddingTop)+&quot;px, 0px)&quot;,transform:&quot;translate3d(0px, &quot;+(r.opts.tipHeight-r.opts.feedItemPaddingTop)+&quot;px, 0px)&quot;});m(1.9*Math.PI);$(&quot;.load-before-img&quot;).hide();$(&quot;.load-ing-img&quot;).show();r.$insertParent.find(&quot;.loading-drop&quot;).css({clip:&quot;rect(0px 320px 53px 0)&quot;});$(&quot;.load-text&quot;).text(&quot;正在刷新&quot;)}else{r.$domResult.css({height:0,&quot;z-index&quot;:-1}).on(&quot;webkitTransitionEnd&quot;,function(){r.insertDOM=false;$(this).remove()});r.$moveContent.css({&quot;-webkit-transform&quot;:&quot;translate3d(0px, 0px, 0px)&quot;,transform:&quot;translate3d(0px, 0px, 0px)&quot;});r.$moveFoot.css({&quot;-webkit-transform&quot;:&quot;translate3d(0px, 0px, 0px)&quot;,transform:&quot;translate3d(0px, 0px, 0px)&quot;}).css({&quot;-webkit-transform&quot;:null});r.$bottomLoad.css({&quot;-webkit-transform&quot;:&quot;translate3d(0px, 0px, 0px)&quot;,transform:&quot;translate3d(0px, 0px, 0px)&quot;});r.$movePageBottom.css({&quot;-webkit-transform&quot;:&quot;translate3d(0px, 0px, 0px)&quot;,transform:&quot;translate3d(0px, 0px, 0px)&quot;})}r._moveY=0}}function h(r){r.loading=true;if(r.opts.loadUpFn!=&quot;&quot;&amp;amp;&amp;amp;r.direction==&quot;down&quot;){r.opts.loadUpFn(r)}}a.prototype.resetload=function(){var r=this;if(!!r.$domResult){r.$domResult.height(0).on(&quot;webkitTransitionEnd&quot;,function(){r.resetLoadDom()})}};a.prototype.resetLoadDom=function(){var r=this;r.loading=false;r.insertDOM=false;r.$domResult&amp;amp;&amp;amp;r.$domResult.remove();var s={&quot;-webkit-transform&quot;:&quot;translate3d(0px, &quot;+(r.opts.tipHeight-r.opts.feedItemPaddingTop)+&quot;px, 0px)&quot;,transform:&quot;translate3d(0px, &quot;+(r.opts.tipHeight-r.opts.feedItemPaddingTop)+&quot;px, 0px)&quot;};r.$moveContent.css(s);r.$moveFoot.css(s);r.$bottomLoad.css(s);r.$movePageBottom.css(s)};function q(s,r){if(r===undefined){s.css({&quot;-webkit-transition&quot;:&quot;none&quot;,transition:&quot;none&quot;})}else{s.css({&quot;-webkit-transition&quot;:&quot;all &quot;+r+&quot;ms&quot;,transition:&quot;all &quot;+r+&quot;ms&quot;})}}return{drop:a}});;define(&quot;wiseindex/lib/tips&quot;,function(c,b,d){var h=/android/i.test(navigator.userAgent)&amp;amp;&amp;amp;/ucbrowser/i.test(navigator.userAgent);var f;function a(j,i,k){f={tipHeight:53,feedItemPaddingTop:15,timer:null,$moveContent:$(&quot;#&quot;+B.mainDom).find(&quot;.tab-news-content&quot;),$moveFoot:$(&quot;.tab-news-foot&quot;),$bottomLoad:$(&quot;.s-loading-frame.bottom&quot;),$movePageBottom:$(&quot;#bottom&quot;),animateTime:1000};var i=i;var k=k?k:&quot;blue&quot;;var n=j;var m=&#039;&amp;lt;div class=&quot;w-tips &#039;+k+&#039;&quot;&amp;gt;&amp;lt;div class=&quot;w-tips-wrapper&quot;&amp;gt;&amp;lt;div class=&quot;w-tips-inner&quot;&amp;gt;&amp;lt;div class=&quot;w-tips-img&quot;&amp;gt;&amp;lt;img src=&quot;&#039;+sDomain.staticUrl+&#039;static/wiseindex/img/fetch_finish_8_0.png&quot; /&amp;gt;&amp;lt;/div&amp;gt;&amp;lt;div class=&quot;w-tips-text&quot;&amp;gt;&#039;+i+&#039;&amp;lt;/div&amp;gt;&amp;lt;/div&amp;gt;&amp;lt;div class=&quot;w-tips-inner-bg&quot;&amp;gt;&amp;lt;div class=&quot;w-tips-inner-bg-inner&quot;&amp;gt;&amp;lt;/div&amp;gt;&amp;lt;/div&amp;gt;&amp;lt;/div&amp;gt;&amp;lt;/div&amp;gt;&#039;;var l=$(m);e(n,l)}function e(j,m){j.addClass(&quot;e-frozen&quot;).prepend(m);var l=$(&quot;.w-tips&quot;);g(l,300);g(f.$moveContent,300);g(f.$moveFoot,300);g(f.$bottomLoad,300);g(f.$movePageBottom,300);var k={&quot;-webkit-transform&quot;:&quot;translate3d(0px, 0px, 0px)&quot;,transform:&quot;translate3d(0px, 0px, 0px)&quot;};l.css(k);var i={&quot;-webkit-transform&quot;:&quot;translate3d(0px, &quot;+(f.tipHeight-f.feedItemPaddingTop)+&quot;px, 0px)&quot;,transform:&quot;translate3d(0px, &quot;+(f.tipHeight-f.feedItemPaddingTop)+&quot;px, 0px)&quot;};f.$moveContent.css(i);f.$moveFoot.css(i);f.$bottomLoad.css(i);f.$movePageBottom.css(i);if(h){$(&quot;.w-tips-inner-bg-inner&quot;).on(&quot;webkitAnimationEnd&quot;,function(){setTimeout(function(){n()},400)})}else{if(f.timer){clearTimeout(f.timer)}f.timer=setTimeout(function(){n()},f.animateTime)}function n(){function o(){var q=$.Deferred();var p={&quot;-webkit-transform&quot;:&quot;translate3d(0px, &quot;+-f.tipHeight+&quot;px, 0px)&quot;,transform:&quot;translate3d(0px, &quot;+-f.tipHeight+&quot;px, 0px)&quot;};g(l,300);l.css(p);q.resolve();return q.promise()}$.when(o()).then(function(){var p={&quot;-webkit-transform&quot;:&quot;translate3d(0px, 0px, 0px)&quot;,transform:&quot;translate3d(0px, 0px, 0px)&quot;};g(f.$moveContent,300);g(f.$moveFoot,300);g(f.$bottomLoad,300);g(f.$movePageBottom,300);f.$moveContent.css(p);f.$moveFoot.css(p);f.$bottomLoad.css(p);f.$movePageBottom.css(p);m.remove();j.removeClass(&quot;e-frozen&quot;)})}}function g(j,i){if(i===undefined){j.css({&quot;-webkit-transition&quot;:&quot;none&quot;,transition:&quot;none&quot;})}else{j.css({&quot;-webkit-transition&quot;:&quot;all &quot;+i+&quot;ms&quot;,transition:&quot;all &quot;+i+&quot;ms&quot;})}}return{tips:a}});;define(&quot;skeleton/channel_log&quot;,function(h,u,a){var q=window;var o=$(&quot;.blank-frame&quot;);var f=(&quot;.tab-news-content&quot;);var n=/iPhone|iPad|iPod/i.test(window.navigator.userAgent);var j=/baidubrowser\/7\.4/i.test(window.navigator.userAgent);var s=&quot;&quot;;var l=[];var g=false;var e=false;var b=true;var m=null;var t=[];var c=[];var p=0;function d(v){o.on(&quot;click&quot;,v+&quot; [data-rid]&quot;,function(y){var C=null;var A=this;var z=&quot;feed_channel_&quot;+B.tabId;var x=A.getAttribute(&quot;href&quot;);var w={cst:&quot;2&quot;,logFrom:&quot;feed_tab&quot;,logInfo:&quot;item_a&quot;,tabId:B.tabId};if(x&amp;amp;&amp;amp;A.tagName.toLowerCase()===&quot;a&quot;){y.preventDefault();C=function(){if($(A).attr(&quot;data-mib&quot;)!==&quot;1&quot;){location.href=x}}}if($(this).hasClass(&quot;video-small-inner&quot;)){C=function(){if($(A).attr(&quot;data-mib&quot;)!==&quot;1&quot;){location.href=x}}}i(this,C,w)})}function i(C,F,w){var D=$(C).data(&quot;orilink&quot;)||C.getAttribute(&quot;href&quot;);var v=$(C).data(&quot;log&quot;)||$(C).data(&quot;elog&quot;);var z;var G=C.getAttribute(&quot;data-rid&quot;);var E=C.getAttribute(&quot;data-pos&quot;);w=w||{};var x=/(.*?):(.*?);/gi;var H=/(.*?):yc:(.*?);yc;/gi;if(D&amp;amp;&amp;amp;C.tagName.toLowerCase()===&quot;a&quot;&amp;amp;&amp;amp;/\//g.test(D)){w.url=encodeURIComponent(D)}var y=x;if(v.indexOf(&quot;:yc:&quot;)!==-1){y=H}while((z=y.exec(v))){var A=&quot;title,stype,picNum,extra&quot;;if(A.indexOf(z[1].trim())!==-1){continue}w[z[1]]=z[2]}q.B.thunderLog.send(w,F)}function r(D){var G=D.find(&quot;.tab-news-content [data-rid]&quot;);var L=null;var H;var I=t||[];var v=$(window).height();var K=[];var M;var x=/(.*?):(.*?);/gi;var F=/(.*?):yc:(.*?);yc;/gi;var z;var N={};var O;var w;var y=[];if(!(/#iact=wiseindex/.test(q.location.href))&amp;amp;&amp;amp;!(/#iview=skin/.test(q.location.href))&amp;amp;&amp;amp;!(/feed\/data\/feeddetail/.test(q.location.href))){for(var J=0;J&amp;lt;G.length;J++){L=G.eq(J);H=L.attr(&quot;data-rid&quot;);if($.inArray(H,I)!==-1){continue}if(L.offset().top+L.height()*0.3-$(window).scrollTop()&amp;lt;v){if(K.length&amp;gt;2){break}if($.inArray(H,I)===-1){w=L.attr(&quot;data-pos&quot;);K.push(H);I.push(H);y.push(w)}M=L.attr(&quot;data-log&quot;)||L.attr(&quot;data-elog&quot;);var C=x;if(M.indexOf(&quot;:yc:&quot;)!==-1){C=F}while((z=C.exec(M))){O=z[1];var E=&quot;title,stype,picNum,extra&quot;;if(E.indexOf(O.trim())!==-1){continue}if(O===&quot;title&quot;){continue}if(!N[O]){N[O]=[]}N[O].push(z[2])}}}if(K.length!==0){var A={cst:1,logFrom:&quot;feed_tab&quot;,logInfo:&quot;item_a&quot;,tabId:B.tabId};$.extend(A,l);for(var J in N){A[J]=N[J].join(&quot;,&quot;)}q.B.thunderLog.send(A);t=I}}}function k(x,w,v){var z=null,y=null;return function(){var C=+new Date(),D=this,A=arguments;if(!y){y=C}var E=C-y;if(v&amp;amp;&amp;amp;E&amp;gt;=v){if(z){clearTimeout(z)}x.apply(D,A);y=C}else{z=setTimeout(function(){x.apply(D,A)},w)}}}return{channelShow:r,warpClk:d,tmpThrottle:k}});;define(&quot;wiseindex/lib/thunder/mediaDuration&quot;,function(){var b=window;function a(f){var d=this;var e=b.thunderConf||{};if(!e.startTime&amp;amp;&amp;amp;b.performance){e.startTime=b.performance.timing.domLoading}function c(h,g,i){var j=setTimeout(function(){d.send({sessionTime:i});var k=(h+g)&amp;lt;60000?(h+g):60000;c(g,k,i+h)},h)}c(3000,3000,3000)}return{mName:&quot;mediaDuration&quot;,mFunc:a}});;define(&quot;wiseindex/lib/thunder/imgLoad&quot;,function(){var a=window;function b(g,c){var e=this;var f=a.B.imgLoadPool?a.B.imgLoadPool:{};c=c||&quot;index-card&quot;;g=g||{};function h(o,k,n){f[o]=f[o]||{};f[o][&quot;data&quot;]=f[o][&quot;data&quot;]||[];$.extend(k,g);if(f[o][&quot;data&quot;].length&amp;gt;0){for(var m=0,j=f[o][&quot;data&quot;].length;m&amp;lt;j;m++){var l=f[o][&quot;data&quot;][m];$.extend(k,f[o][&quot;data&quot;][m]);e.send(k)}f[o][&quot;data&quot;]=null}if(n){k.logExtra=JSON.stringify({imgSrc:n});e.send(k)}}function d(){var i={cst:&quot;9&quot;,logInfo:&quot;imgErr&quot;,tid:228};h(&quot;error&quot;,i);document.getElementById(c).removeEventListener(&quot;error&quot;,a.B.imgLoadPool.error.handler,true);a.B.imgLoadPool.error.handler=function(j){if(j.target.tagName.toLowerCase()===&quot;img&quot;){h(&quot;error&quot;,i,j.target.src)}};document.getElementById(c).addEventListener(&quot;error&quot;,a.B.imgLoadPool.error.handler,true)}d()}return{mName:&quot;imgLoad&quot;,mFunc:b}});;var thunderPlugins=[&quot;wiseindex/lib/thunder/mediaDuration&quot;,&quot;wiseindex/lib/thunder/imgLoad&quot;];define(&quot;wiseindex/lib/thunder/thunder&quot;,function(){var c=window;function d(f){var e=this;e.opt=f||{};e.baseParams=e.opt.baseParams||{};e.config(f,true);if(f.autoBind){e.bindLogHook()}}d.prototype={config:function(h,e){var g=this;for(var f in h){g.opt[f]=h[f]}g.baseURL=g.opt.baseURL||&quot;//hpd.baidu.com/v.gif&quot;;g.domHook=g.opt.domHook||&quot;data-log&quot;;g.mainDom=g.opt.mainDom||&quot;#index-card, #index-view&quot;;g.skipPrevent=!!g.opt.skipPrevent;g.logRegx=g.opt.logRegx||&quot;(.*?):(.*?);&quot;;g.baseParams=b(g.baseParams,h.baseParams)},send:function(h,n,e){var o=this;o.__sendPreHook&amp;amp;&amp;amp;o.__sendPreHook(h);var f=&quot;l&quot;+Date.now();var l=window[f]=new Image();var j=&quot;&quot;;var g=null;e=e||o.baseURL;l.onload=l.onerror=l.onabort=function(){window[f]=null;if(g){clearTimeout(g);g=null;n&amp;amp;&amp;amp;n();o.__sendAfrHook&amp;amp;&amp;amp;o.__sendAfrHook(h,false)}};h=h||{};h.r=f;var m=o.baseParams;h=b(b({},m),h);for(var k in h){if(h.hasOwnProperty(k)){j+=&quot;&amp;amp;&quot;+k+&quot;=&quot;+encodeURIComponent(h[k])}}l.src=e+&quot;?&quot;+j.slice(1);if(typeof n===&quot;function&quot;){g=setTimeout(function(){g=null;n()},500)}o.__sendAfrHook&amp;amp;&amp;amp;o.__sendAfrHook(h,true)},bindLogHook:function(e,g){var f=this;e=e?$(e):$(f.mainDom);e&amp;amp;&amp;amp;e.on(&quot;click&quot;,g||&quot;[&quot;+(f.domHook)+&quot;]&quot;,function(h){f.hookClick.call(f,this,h)})},hookClick:function(j,m){var o=this;var i=j.getAttribute(o.domHook);var k=j.getAttribute(&quot;data-stopskip&quot;);var l=j.getAttribute(&quot;href&quot;);var n=null;var f={};var g=new RegExp(o.logRegx,&quot;g&quot;);var h=null;while((h=g.exec(i))){f[h[1]]=h[2]}if(j.tagName.toLowerCase()===&quot;a&quot;&amp;amp;&amp;amp;l&amp;amp;&amp;amp;k){m.preventDefault();n=function(){c.location.href=l}}o.send(f,n)}};function b(g,f){if(!f||!g){return g}for(var e in f){g[e]=f[e]}return g}thunderPlugins.forEach(function(f,e){require([f],function(g){d.prototype[g.mName]=g.mFunc})});var a=null;return{create:function(f,e){return new d(f)},get:function(e){return a||(a=this.create(e))}}});;define(&quot;plugin/monitor&quot;,function(){var b=window;var d=require(&quot;wiseindex/lib/thunder/thunder&quot;);var a=d.create({baseParams:{tid:0,funcSta:&quot;stabilityMonitor&quot;,sourceSta:&quot;wiseTab0&quot;,actionSta:&quot;start&quot;,logid:b.sSession.logid,ssid:b.sSession.ssid,logInfo:&quot;stability&quot;}});function c(f){var e=this;e.opt=f;e.exParam={logFrom:&quot;mid_news&quot;,ct:1,cst:9}}c.prototype={send:function(){var e=this;a.send($.extend(e.exParam,e.opt))}};return{send:function(e){return new c(e).send()}}});;define(&quot;skeleton/tab&quot;,[&quot;wiseindex/lib/tips&quot;,&quot;skeleton/channel_log&quot;,&quot;plugin/monitor&quot;],function(h,d,l){var b=window;var k=require(&quot;skeleton/tab_dao&quot;);b.channelLog=d;var j=/android/i.test(navigator.userAgent)&amp;amp;&amp;amp;/ucbrowser/i.test(navigator.userAgent);var a=&#039;&amp;lt;div class=&quot;s-loading-frame top&quot;&amp;gt;&amp;lt;div class=&quot;load-img-wrapper&quot;&amp;gt;&amp;lt;canvas class=&quot;load-before-img&quot; id=&quot;load-canvas&quot; width=&quot;19px&quot; height=&quot;19px&quot;&amp;gt;&amp;lt;/canvas&amp;gt;&amp;lt;img class=&quot;load-ing-img &#039;+(j?&quot;andbugbrow-load-ing-img&quot;:&quot;normal-load-ing-img&quot;)+&#039;&quot; src=&quot;&#039;+sDomain.staticUrl+&#039;static/wiseindex/img/fetch_ing_8_0.png&quot;/&amp;gt;&amp;lt;/div&amp;gt;&amp;lt;span class=&quot;load-text&quot;&amp;gt;正在加载&amp;lt;/span&amp;gt;&amp;lt;/div&amp;gt;&#039;;var i=&#039;&amp;lt;div class=&quot;s-loading-frame top&quot;&amp;gt;&amp;lt;div class=&quot;load-img-wrapper&quot;&amp;gt;&amp;lt;img class=&quot;load-ing-img &#039;+(j?&quot;andbugbrow-load-ing-img&quot;:&quot;normal-load-ing-img&quot;)+&#039;&quot; style=&quot;display:block;&quot; src=&quot;&#039;+sDomain.staticUrl+&#039;static/wiseindex/img/fetch_ing_8_0.png&quot;/&amp;gt;&amp;lt;/div&amp;gt;&amp;lt;span class=&quot;load-text&quot;&amp;gt;正在加载&amp;lt;/span&amp;gt;&amp;lt;/div&amp;gt;&#039;;var f=&#039;&amp;lt;a class=&quot;rec-refresh&quot; style=&quot;color:#0064f0&quot;&amp;gt;点击刷新&amp;lt;/a&amp;gt;&#039;;var g=&#039;&amp;lt;div class=&quot;c-loading-home vhide&quot;&amp;gt;&amp;lt;/div&amp;gt;&amp;lt;div class=&quot;c-offline-home hide&quot;&amp;gt;&amp;lt;div class =&quot;icons&quot;&amp;gt;&amp;lt;/div&amp;gt;&amp;lt;p&amp;gt;网络不给力，请稍后重试&amp;lt;/p&amp;gt;&amp;lt;div class=&quot;blue-refresh&quot;&amp;gt;&amp;lt;/div&amp;gt;&amp;lt;/div&amp;gt;&#039;;var m={tid:365};function e(n){var o=$.extend({ct:1,cst:1,logFrom:&quot;mid_news&quot;},n);b.B.thunderLog.send(o)}function c(o,p){var n=this;n.name=&quot;news&quot;||&quot;menu-item&quot;;n.id=(&quot;&quot;+p)||0;n.loaded=0;n.rendered=false;n.mainDom=&quot;center-content-&quot;+p;n.params={};n.menuDom=&quot;menu-item-&quot;+p;n.waterLoading=false;n.contentEnd=false;n.repeatNum=0;n.repeatRids=[];n.loadingDomTop=&quot;.s-loading-frame.top&quot;;n.loadingDomBottom=&quot;.s-loading-frame.bottom&quot;;n.loadingDom=&quot;.s-loading-frame&quot;;n.preTop=1;n.sessionData=(b.sSession.tabs&amp;amp;&amp;amp;b.sSession.tabs[&quot;&quot;+p])||{};n.pageNum=n.sessionData.page||1;n.$seleLoad=$(&quot;#&quot;+n.mainDom+&quot; &quot;+n.loadingDomBottom);n.channellistnum=1}c.prototype={constructor:c,load:function(n){var o=this;if(o.id!=&quot;&quot;){if(o.loaded===0){o.loaded=1;k.get(&quot;contentHtml&quot;,o.id,function(p){o.loaded=2;o.html=p.result.tab.tabTpl;n&amp;amp;&amp;amp;n()}).fail(function(){n&amp;amp;&amp;amp;n(false)})}}},newLoad:function(u,n){var o=this;var t,q,s,p;o.id==2?t=&quot;videoHtml&quot;:t=&quot;attentionHtml&quot;;o.id==2?q=&quot;wise_feed_videotab&quot;:q=&quot;wise_feed_attentiontab&quot;;if(u==&quot;main&quot;){p=0;s=&quot;main&quot;}else{if(u==&quot;top&quot;){p=1;s=&quot;top&quot;}else{p=1;s=&quot;bottom&quot;}}if(o.id!=&quot;&quot;){var r={channel_id:o.id,source:q,direction:s,async:p,startlistnum:o.channellistnum||1};o.waterLoading=true;k.get(t,r,function(v){o.waterLoading=false;if(u==&quot;main&quot;){o.html=v.result.tab.tabTpl}else{if(v.errNo===0&amp;amp;&amp;amp;!o.isRedupRids(v,u,n)){o.html=v.result.tab.tabTpl;if(u===&quot;bottom&quot;){var w={funcSta:&quot;pullDownEx&quot;,sourceSta:&quot;wisetab&quot;+o.id,actionSta:&quot;end&quot;};l.send($.extend(m,w))}else{if(u===&quot;top&quot;){var w={funcSta:&quot;pullUpEx&quot;,sourceSta:&quot;wisetab&quot;+o.id,actionSta:&quot;end&quot;};l.send($.extend(m,w))}}}}b.channelRids=v.result.tab.rids;o.channellistnum=o.channellistnum+b.channelRids.length;n&amp;amp;&amp;amp;n()}).fail(function(){o.html=[];n&amp;amp;&amp;amp;n(false)})}},downPull:function(){var o=this;var r=$(&quot;#&quot;+o.mainDom+&quot; .tab-wrap&quot;);var p=(r.data(&quot;action&quot;)||&quot;&quot;).split(&quot;;&quot;);var q,n;if($.inArray(&quot;nopredrag&quot;,p)===-1){if(o.contentEnd||o.waterLoading){o.noMore(&quot;top&quot;);return}else{require([&quot;skeleton/drop&quot;],function(t){var s=new t.drop(&quot;#tab_news_&quot;+o.id,{tipHeight:53,feedItemPaddingTop:15,moveInterval:5,headSelector:&quot;.tab-&quot;+o.name+&quot;-head&quot;,contentSelector:&quot;.tab-&quot;+o.name+&quot;-content&quot;,footSelector:&quot;.tab-&quot;+o.name+&quot;-foot&quot;,domUp:{domClass:&quot;loading-drop&quot;,domRefresh:a,domUpdate:a,domLoad:a},loadUpFn:function(u){var w={funcSta:&quot;pullUpEx&quot;,sourceSta:&quot;wisetab&quot;+o.id,actionSta:&quot;start&quot;};l.send($.extend(m,w));if($.inArray(&quot;noprewater&quot;,p)===-1){var v=null;if($(&quot;#bottom&quot;).css(&quot;display&quot;)==&quot;none&quot;){$(&quot;#bottom&quot;).show()}v=setTimeout(function(){if(o.id==1){o.appendData(&quot;top&quot;,function(x){u.resetload()})}else{o.newLoad(&quot;top&quot;,function(y){var x=$(o.html).find(&quot;.rec-item&quot;).length;x&amp;gt;0&amp;amp;&amp;amp;o.txtLinkRefresh($(&quot;#&quot;+B.mainDom).find(&quot;.tab-news-content&quot;));$(&quot;#&quot;+B.mainDom).find(&quot;.tab-news-content&quot;).prepend(o.html);o.channelLogfn($(&quot;#&quot;+B.mainDom));$(&quot;#tab_news_&quot;+B.tabId).find(&quot;.s-loading-frame.top&quot;).hide();if(x&amp;gt;0){h.tips($(&quot;#tab_news_&quot;+B.tabId),&quot;为您推荐&quot;+x+&quot;条更新&quot;)}else{h.tips($(&quot;#tab_news_&quot;+B.tabId),&quot;暂时没有更新，休息一下吧&quot;)}if(!x){o.contentEnd=true;o.noMore(&quot;top&quot;)}b.B.thunderLog.send({ct:1,cst:2,logFrom:&quot;feed_tab&quot;,logInfo:&quot;refresh_up&quot;,tabId:B.tabId});u.resetload()})}},600)}else{u.resetload()}}});window.B.listen(&quot;skeleton/tab_manager&quot;,&quot;switchTab&quot;,function(v){var u=v.fromTab;s.resetload()})})}}else{B.fire(&quot;skeleton/tab&quot;,&quot;preBeforeGetWaterData&quot;+id)}},noMore:function(o){var n=this;n.$seleLoad=$(&quot;#&quot;+n.mainDom+&quot; &quot;+n.loadingDomBottom);n.$seleLoad.height(40).html(&quot;&amp;lt;span&amp;gt;真的拉不出新东西了~&amp;lt;/span&amp;gt;&quot;+f).addClass(&quot;bottom-no-more&quot;);if(!$(&quot;#&quot;+B.mainDom).find(&quot;.c-offline-home&quot;).hasClass(&quot;hide&quot;)){$(&quot;#&quot;+B.mainDom).find(&quot;.c-offline-home&quot;).addClass(&quot;hide&quot;)}$(&quot;#&quot;+n.mainDom).find(&quot;.s-loading-frame&quot;).show()},render:function(r,n){var o=this;if(o.rendering){return}o.rendering=true;var q=&quot;center-content-&quot;+o.id;var p=&#039;&amp;lt;div class=&quot;center-content&quot; id=&quot;&#039;+q+&#039;&quot; style=&quot;display:none;&quot;&amp;gt;&amp;lt;/div&amp;gt;&#039;;if($(&quot;#&quot;+o.mainDom+&quot; &quot;+o.loadingDomTop).length&amp;lt;=0){$(&quot;.blank-frame&quot;).append(p).css({&quot;min-height&quot;:&quot;0px&quot;});$(&quot;#&quot;+o.mainDom).prepend(a)}o.bindEvent();o.load(function(s){if(s===false){$(&quot;#&quot;+o.mainDom+&quot; &quot;+o.loadingDomTop+&quot; .loading-content&quot;).html(&quot;&amp;lt;span&amp;gt;网络异常，&amp;lt;/span&amp;gt;&quot;+f);return}$(&quot;#&quot;+o.mainDom+&quot; &quot;+o.loadingDomTop).remove();$(&quot;#&quot;+o.mainDom).append(o.html);o.downPull(o.id);o.rendered=true;o.sessionData=(b.sSession.tabs&amp;amp;&amp;amp;b.sSession.tabs[&quot;&quot;+o.id])||{};o.pageNum=o.sessionData.page||1;b.B.fire(&quot;skeleton/tab&quot;,&quot;loadedFirstcreen&quot;+o.id);o.rendering=false});e({logInfo:r});n&amp;amp;&amp;amp;n()},newRender:function(r,n){var o=this;B.mainDom=o.mainDom;if(o.rendering){return}o.rendering=true;var q=&quot;center-content-&quot;+o.id;var p=&#039;&amp;lt;div class=&quot;center-content&quot; id=&quot;&#039;+q+&#039;&quot; style=&quot;display:none;&quot;&amp;gt;&#039;+g+&quot;&amp;lt;/div&amp;gt;&quot;;if($(&quot;#&quot;+o.mainDom+&quot; &quot;+o.loadingDomTop).length&amp;lt;=0){$(&quot;.blank-frame&quot;).append(p);$(&quot;#&quot;+o.mainDom).prepend(i);$(&quot;#&quot;+o.mainDom).find(&quot;.c-loading-home&quot;).removeClass(&quot;vhide&quot;)}o.bindEvent();o.newLoad(&quot;main&quot;,function(t){if(t===false){$(&quot;#&quot;+o.mainDom).find(&quot;.c-offline-home&quot;).removeClass(&quot;hide&quot;);$(&quot;#&quot;+o.mainDom).find(&quot;.s-loading-frame&quot;).hide();$(&quot;#&quot;+o.mainDom).find(&quot;.c-loading-home&quot;).addClass(&quot;vhide&quot;);$(&quot;#bottom&quot;).hide();$(&quot;.blank-frame&quot;).on(&quot;click&quot;,&quot;.blue-refresh&quot;,function(){B.Index.scrollAnimate($(b).scrollTop(),b.B.tabtop+1);if(+B.tabId===1){b.B.fire(&quot;global&quot;,&quot;loadTop4CurrentCard&quot;)}else{b.B.fire(&quot;global&quot;,&quot;loadTop4CurrentCard_channel&quot;)}});o.rendering=false;b.B.thunderLog.send({ct:1,cst:9,logFrom:&quot;feed_tab&quot;,logInfo:&quot;err_3&quot;,pu:b.sSession.pu});return}if(!$(&quot;#&quot;+B.mainDom).find(&quot;.c-offline-home&quot;).hasClass(&quot;hide&quot;)){$(&quot;#&quot;+B.mainDom).find(&quot;.c-offline-home&quot;).addClass(&quot;hide&quot;)}$(&quot;#&quot;+o.mainDom+&quot; &quot;+o.loadingDomTop).remove();$(&quot;#&quot;+o.mainDom).find(&quot;.c-loading-home&quot;).addClass(&quot;vhide&quot;);$(&quot;#&quot;+o.mainDom).append(o.html);var s=$(o.html).find(&quot;.rec-item&quot;).length;if(!s){o.contentEnd=true;o.noMore();return}d.warpClk(&quot;#&quot;+o.mainDom);o.channelLogfn($(&quot;#&quot;+B.mainDom));b.scrollTo(0,b.B.tabtop+1);o.rendered=true;o.sessionData=(b.sSession.tabs&amp;amp;&amp;amp;b.sSession.tabs[&quot;&quot;+o.id])||{};o.pageNum=o.sessionData.page||1;b.B.fire(&quot;skeleton/tab&quot;,&quot;loadedFirstcreen&quot;+o.id);o.rendering=false});n&amp;amp;&amp;amp;n()},channelLogfn:function(n){d.channelShow(n)},scrollAnimate:function(o){var q=o;var p=null;var n=function(r){var s=Math.round(r/15);q=q-s;if(q&amp;lt;0){window.clearInterval(p);if(window.sSession.Sid.indexOf(&quot;114119&quot;)!=-1){setTimeout(function(){window.scrollTo(0,window.B.tabtop+1)},20)}else{window.scrollTo(0,0)}return false}window.scrollTo(0,q)};p=window.setInterval(function(){n(o)},20)},preProccess:function(p){var n=this;var o=$(p);if(n.repeatRids&amp;amp;&amp;amp;n.repeatRids.length){k.set(&quot;exception&quot;,{errno:5,num:n.repeatRids.length});n.repeatRids.forEach(function(q){o.find(&#039;[data-rid=&quot;&#039;+q+&#039;&quot;]&#039;).parent(&quot;.rec-item&quot;).remove()})}n.repeatRids=[];return o},reRender:function(n){var o=this;if(o.id==1){o.load(function(p){$(&quot;#&quot;+o.mainDom).html(o.html);o.downPull(o.id);o.rendered=true;n&amp;amp;&amp;amp;n()})}else{o.newLoad(function(p){$(&quot;#&quot;+o.mainDom).html(o.html);o.channelLogfn($(&quot;#&quot;+B.mainDom));o.downPull(o.id);o.rendered=true;n&amp;amp;&amp;amp;n()})}},removeFail:function(){$(&quot;#tab_&quot;+this.name+&quot;_fail&quot;).remove()},saveTab:function(){var n=this;k.set(&quot;tabss&quot;,{dom:$(&quot;#&quot;+n.mainDom),id:n.id},function(){})},showTabContent:function(r,o){var p=this;var q=&quot;center-content-&quot;+p.id;var s=$(&quot;#&quot;+p.mainDom);var n=&quot;CurTop_&quot;+p.id;if(s.find(&quot;.tab-wrap&quot;).length==0){if(p.id==1){p.render(r,function(){$(&quot;#&quot;+p.mainDom).show()})}else{p.newRender(r,function(){$(&quot;#&quot;+p.mainDom).show()})}}else{}if($(&quot;#&quot;+p.mainDom).find(&quot;.s-loading-frame&quot;).hasClass(&quot;bottom-no-more&quot;)){$(&quot;#&quot;+p.mainDom).find(&quot;.s-loading-frame&quot;).show()}s.show();o&amp;amp;&amp;amp;o.call(p);$(&quot;#&quot;+p.menuDom).addClass(&quot;current&quot;)},hideTabContent:function(n){var o=this;$(&quot;#&quot;+o.mainDom).hide();$(&quot;#&quot;+o.menuDom).removeClass(&quot;current&quot;);n&amp;amp;&amp;amp;n.call(o)},hideBottomLoadBefore:function(){var n=this;var o=$.Deferred();var p=$(&quot;#&quot;+n.mainDom+&quot; &quot;+n.loadingDomBottom);p.find(&quot;.bottom-load-before&quot;).hide();o.resolve();return o.promise()},appendData:function(u,p){var x=this;var w=$(&quot;#&quot;+x.mainDom+&quot; .water-container&quot;);var s=$(&quot;#&quot;+x.mainDom+&quot; .tab-wrap&quot;);var v=(s.data(&quot;action&quot;)||&quot;&quot;).split(&quot;;&quot;);var n=null;try{n=sessionStorage.getItem(&quot;clickedRids&quot;)||&quot;&quot;}catch(r){n=&quot;&quot;}var y=s.data(&quot;waterpara&quot;);var t={tabId:x.id,page:x.pageNum,sessionId:x.sessionData.sessionid,crids:n,startlistnum:x.sessionData.listnum||0};var o=&quot;&quot;;var q=/(.*?):(.*?);/g;while((o=q.exec(y))){t[o[1]]=o[2]}if($(&quot;#bottom&quot;).css(&quot;display&quot;)==&quot;none&quot;){$(&quot;#bottom&quot;).show()}B.fire(&quot;skeleton/tab&quot;,&quot;preGetWaterData&quot;+x.id);x.waterLoading=true;e({tid:631,cst:2,logInfo:&quot;loadwater&quot;,logExtra:&#039;{&quot;actionType&quot;:&quot;refresh_&#039;+u+&#039;&quot;}&#039;});k.get(&quot;waterHtml&quot;,t,function(A){x.waterLoading=false;if(A.result.errno===0&amp;amp;&amp;amp;!x.isRedupRids(A,u,p)){var z=x.preProccess(A.result.tab.data);x.sessionData.listnum=x.sessionData.listnum+A.result.tab.rids.length;if(A.result.tab&amp;amp;&amp;amp;A.result.tab.status&amp;amp;&amp;amp;A.result.tab.status.sessionid){x.sessionData.sessionid=A.result.tab.status.sessionid}if($.inArray(&quot;noinsert&quot;,v)===-1){if(u===&quot;bottom&quot;){w.append(z);$.when(x.hideBottomLoadBefore()).done(function(){x.$seleLoad.find(&quot;.bottom-load-ing&quot;).show()});if(A.result.tab.status.is_end===1){x.contentEnd=true;x.noMore(&quot;bottom&quot;)}b.B.fire(&quot;skeleton/tab&quot;,&quot;afrInsertDom&quot;+x.id,A);var C={funcSta:&quot;pullDownEx&quot;,sourceSta:&quot;wisetab&quot;+x.id,actionSta:&quot;end&quot;};l.send($.extend(m,C))}}else{b.B.fire(&quot;skeleton/tab&quot;,&quot;getWaterData&quot;+x.id,A)}if($.inArray(&quot;nopreinsert&quot;,v)===-1){if(u===&quot;top&quot;){!(A.result.tab.status.is_end===1)&amp;amp;&amp;amp;x.txtLinkRefresh(w);w.prepend(z);if(A.result.tab.status.is_end===1){x.contentEnd=true;x.noMore(&quot;top&quot;)}typeof p===&quot;function&quot;&amp;amp;&amp;amp;p();b.B.fire(&quot;skeleton/tab&quot;,&quot;preInsertDom&quot;+x.id,z);var C={funcSta:&quot;pullUpEx&quot;,sourceSta:&quot;wisetab&quot;+x.id,actionSta:&quot;end&quot;};l.send($.extend(m,C))}}else{b.B.fire(&quot;skeleton/tab&quot;,&quot;preGetWaterData&quot;+x.id,A)}b.B.fire(&quot;skeleton/tab&quot;,&quot;insertDom&quot;+x.id);x.pageNum++}else{typeof p===&quot;function&quot;&amp;amp;&amp;amp;p(false);b.B.fire(&quot;skeleton/tab&quot;,&quot;preGetWaterFail&quot;+x.id,{pos:u})}}).fail(function(){x.noMore(u||&quot;bottom&quot;);h.tips($(&quot;#tab_news_&quot;+B.tabId),&quot;暂时没有更新，休息一下吧&quot;);typeof p===&quot;function&quot;&amp;amp;&amp;amp;p()})},isRedupRids:function(s,t,o){var p=this;var q=s.result.tab.rids||[];var n=false;if(!p.sessionData.topRids){p.sessionData.bottomRids=p.sessionData.topRids=p.sessionData.preRids}p.repeatRids=q.filter(function(u){if(p.id==1){return !!~p.sessionData.topRids.indexOf(u)||!!~p.sessionData.bottomRids.indexOf(u)}else{if(b.channelRids){return !!~b.channelRids.indexOf(u)}}});if(p.id==1){p.sessionData[t+&quot;Rids&quot;]=q.concat(p.sessionData[t+&quot;Rids&quot;]).slice(0,50)}if(p.repeatRids.length===q.length){n=true;p.repeatNum++}p.waterLoading=false;var r=$(&quot;#&quot;+p.mainDom+&quot; &quot;+p.loadingDomBottom);if(n&amp;amp;&amp;amp;p.repeatNum===1){if(p.id==1){p.appendData(&quot;bottom&quot;,p.id);$.when(p.hideBottomLoadBefore()).done(function(){r.find(&quot;.bottom-load-ing&quot;).show()})}else{p.newLoad(&quot;bottom&quot;,function(u){if($(&quot;#bottom&quot;).css(&quot;display&quot;)==&quot;none&quot;){$(&quot;#bottom&quot;).show()}$(&quot;#&quot;+B.mainDom).find(&quot;.tab-news-content&quot;).append(p.html);p.channelLogfn($(&quot;#&quot;+B.mainDom));$.when(p.hideBottomLoadBefore()).done(function(){r.find(&quot;.bottom-load-ing&quot;).show()})})}}else{if(n&amp;amp;&amp;amp;p.repeatNum===2){p.repeatNum=0;$(p.loadingDom).hide();p.noMore();p.contentEnd=true;k.set(&quot;exception&quot;,{errno:4})}}if(!n){p.repeatNum=0}return n},jugeLoad:function(u){var o=this;var s=$(&quot;#&quot;+o.mainDom+&quot; .tab-wrap&quot;);var p=(s.data(&quot;action&quot;)||&quot;&quot;).split(&quot;;&quot;);var r=$(document).height()-$(b).height()-$(b).scrollTop();var n=parseInt(b.sSession.Sid.indexOf(&quot;116287&quot;))===-1?500:800;var q=$(&quot;#&quot;+o.mainDom+&quot; &quot;+o.loadingDomBottom);if(r&amp;lt;n&amp;amp;&amp;amp;!o.contentEnd&amp;amp;&amp;amp;!o.waterLoading){var t={funcSta:&quot;pullDownEx&quot;,sourceSta:&quot;wisetab&quot;+o.id,actionSta:&quot;start&quot;};l.send($.extend(m,t));if($.inArray(&quot;nowater&quot;,p)===-1){if(u==1){o.appendData(&quot;bottom&quot;,u);$.when(o.hideBottomLoadBefore()).done(function(){q.find(&quot;.bottom-load-ing&quot;).show()})}else{o.newLoad(&quot;bottom&quot;,function(v){if($(&quot;#bottom&quot;).css(&quot;display&quot;)==&quot;none&quot;){$(&quot;#bottom&quot;).show()}$(&quot;#&quot;+B.mainDom).find(&quot;.tab-news-content&quot;).append(o.html);o.channelLogfn($(&quot;#&quot;+B.mainDom));$.when(o.hideBottomLoadBefore()).done(function(){q.find(&quot;.bottom-load-ing&quot;).show()});if(!($(o.html).find(&quot;.rec-item&quot;).length)){o.contentEnd=true;o.noMore(&quot;bottom&quot;)}b.B.thunderLog.send({ct:1,cst:2,logFrom:&quot;feed_tab&quot;,logInfo:&quot;refresh_down&quot;,tabId:B.tabId})})}}else{b.B.fire(&quot;skeleton/tab&quot;,&quot;beforeGetWaterData&quot;+u)}}},showLoading:function(p){var n=this;var o=&#039;&amp;lt;div class=&quot;backtool-loading-wrap&quot;&amp;gt;&amp;lt;div class=&quot;load-img-wrapper&quot;&amp;gt;&amp;lt;img class=&quot;load-ing-img&quot; src=&quot;&#039;+sDomain.staticUrl+&#039;static/wiseindex/img/fetch_ing_8_0.png&quot;/&amp;gt;&amp;lt;/div&amp;gt;&amp;lt;span class=&quot;load-text&quot;&amp;gt;正在刷新&amp;lt;/span&amp;gt;&amp;lt;/div&amp;gt;&#039;;if(p){$(&quot;.backtool-loading-wrap&quot;).remove()}else{$(&quot;.tab-news-head&quot;).before(o)}},bindEvent:function(){var n=this;$(&quot;#&quot;+this.mainDom).on(&quot;click&quot;,&quot;.rec-refresh&quot;,function(){window.location.reload()});b.B.listen(&quot;global&quot;,&quot;loadTop4CurrentCardChannel&quot;,function(o){if(!$(&quot;.backtool-loading-wrap&quot;).length){n.showLoading()}var p=null;if(n.id==B.tabId){p=setTimeout(function(){n.newLoad(&quot;top&quot;,function(){n.showLoading(true);var q=$(n.html).find(&quot;.rec-item&quot;).length;q&amp;gt;0&amp;amp;&amp;amp;n.txtLinkRefresh($(&quot;#&quot;+B.mainDom).find(&quot;.tab-news-content&quot;));$(&quot;#&quot;+B.mainDom).find(&quot;.tab-news-content&quot;).prepend(n.html);n.channelLogfn($(&quot;#&quot;+B.mainDom));$(&quot;#tab_news_&quot;+B.tabId).find(&quot;.s-loading-frame.top&quot;).hide();if(q&amp;gt;0){h.tips($(&quot;#tab_news_&quot;+B.tabId),&quot;为您推荐&quot;+q+&quot;条更新&quot;)}else{h.tips($(&quot;#tab_news_&quot;+B.tabId),&quot;暂时没有更新，休息一下吧&quot;)}if(!q){n.contentEnd=true;n.noMore(&quot;top&quot;)}b.B.thunderLog.send({ct:1,cst:2,logFrom:&quot;feed_tab&quot;,logInfo:&quot;refresh_up&quot;,tabId:B.tabId})})},600)}});$(&quot;#&quot;+B.mainDom).on(&quot;click&quot;,&quot;.tab-news-content .txtlink-refresh&quot;,function(){location.hash=&quot;#&quot;+B.mainDom;location.hash=&quot;#&quot;;B.Index.scrollAnimate($(b).scrollTop(),b.B.tabtop+1);if(+B.tabId===1){b.B.fire(&quot;global&quot;,&quot;loadTop4CurrentCard&quot;)}else{b.B.fire(&quot;global&quot;,&quot;loadTop4CurrentCardChannel&quot;,{type:&quot;txtLinkRefreshClk&quot;})}b.B.thunderLog.send({tid:357,ct:1,cst:2,logFrom:&quot;refresh&quot;,logInfo:&quot;txtlink&quot;,tabId:B.tabId,logExtra:&quot;{}&quot;})});b.B.listen(&quot;skeleton/tab_manager&quot;,&quot;scrollEvent&quot;+n.id,function(){var p=$(&quot;#txtLinkRef_&quot;+n.id);var o=p.length&amp;gt;0?p.data(&quot;show&quot;):0;if(+o&amp;gt;0&amp;amp;&amp;amp;p.offset().top+p.height()*0.3-$(b).scrollTop()&amp;lt;$(b).height()){p.data(&quot;show&quot;,&quot;0&quot;);b.B.thunderLog.send({tid:356,ct:1,cst:1,logFrom:&quot;refresh&quot;,logInfo:&quot;txtlink&quot;,tabId:B.tabId,logExtra:&quot;{}&quot;})}})},txtLinkRefresh:function(o){var n=this;$(&quot;#txtLinkRef_&quot;+n.id).detach();o.prepend(&#039;&amp;lt;div class=&quot;txtlink-refresh&quot; id=&quot;txtLinkRef_&#039;+n.id+&#039;&quot; data-show=&quot;1&quot;&amp;gt;上次看到这里 点击刷新&amp;lt;/div&amp;gt;&#039;)}};return c});;define(&quot;wiseindex/lib/backtools&quot;,function(g,s,a){var n=window;var i=$(&quot;.tab-tools&quot;).eq(0);var m=i.find(&quot;.tab-refresh&quot;);var r=i.find(&quot;.tab-back&quot;);var q=0;var k=0;var o=$(&quot;.blank-frame&quot;);var c=g(&quot;plugin/monitor&quot;);var d={tid:365};function p(t){f(t&amp;amp;&amp;amp;t.curtabId!==&quot;0&quot;);j();l();n.B.listen(&quot;skeleton/tab_manager&quot;,&quot;switchTab&quot;,function(u){})}function f(t){if(t){m.show();e()}else{m.hide()}}function l(){var t=0;var u=0;$(window).on(&quot;scroll touchstart touchmove&quot;,function(){var w=[&quot;addClass&quot;,&quot;removeClass&quot;];var v=$(window).height();q=$(window).scrollTop();if(q&amp;gt;v&amp;amp;&amp;amp;k-q&amp;gt;5){t=0}else{if((k&amp;lt;q||q&amp;lt;v)&amp;amp;&amp;amp;v&amp;gt;=u){t=1}}i[w[t]](&quot;show-tools&quot;);if(t===1){m.removeClass(&quot;click-tools&quot;);r.removeClass(&quot;click-tools&quot;)}k=q;u=v})}function e(){m.on(&quot;click&quot;,function(){n.B.Index.avoidPenetration(o,500);var t={funcSta:&quot;pullUpEx&quot;,sourceSta:&quot;wisetab&quot;+B.tabId,actionSta:&quot;start&quot;};c.send($.extend(d,t));h($(n).scrollTop());if(B.tabId==1){n.B.fire(&quot;global&quot;,&quot;loadTop4CurrentCard&quot;)}else{n.B.fire(&quot;global&quot;,&quot;loadTop4CurrentCardChannel&quot;,{type:&quot;refreshClk&quot;})}})}function j(){r.on(&quot;click&quot;,function(){n.B.Index.avoidPenetration(o,500);$(this).addClass(&quot;click-tools&quot;);b($(window).scrollTop());n.B.fire(&quot;wiseindex/lib/backtools&quot;,&quot;backTopClick&quot;)})}function b(u){var w=u;var v=null;var t=function(x){var y=Math.round(x/15);w=w-y;if(w&amp;lt;0){window.clearInterval(v);window.scrollTo(0,0);return false}window.scrollTo(0,w)};v=window.setInterval(function(){t(u)},20)}function h(u){var w=u;var v=null;var t=function(x){var y=Math.round(x/5);w=w-y;if(w&amp;lt;0){window.clearInterval(v);if(window.sSession.Sid.indexOf(&quot;114119&quot;)!=-1){window.scrollTo(0,window.B.tabtop+2)}else{n.scrollTo(0,n.B.tabtop+1)}return false}window.scrollTo(0,w)};v=window.setInterval(function(){t(u)},20)}return{init:p}});;define(&quot;skeleton/tab_manager&quot;,function(){var a=window;var c=require(&quot;skeleton/tab&quot;);var b=$(&quot;#menu-container&quot;);var f=&quot;menu-item&quot;;B.mainDom=&quot;center-content-1&quot;;var i=require(&quot;skeleton/tab_dao&quot;);var j=a.navigator;var d=[/ucbrowser/i,/liebao/i];var g=/android/i.test(j.userAgent)&amp;amp;&amp;amp;d.some(function(l){return !!l.test(j.userAgent)});var e=0;var h;function k(){this.pool={};this.curtabId=1;B.tabId=1;var l=this;if(a.sSession.Sid.indexOf(&quot;114118&quot;)==-1){var m=sDomain.ismigratetab?&quot;https://feed.baidu.com&quot;:&quot;&quot;;m+=&quot;/feed/api/tab/gettabinfo?pd=wise&quot;;var n={url:m,data:{ms:1}};var o={url:m,data:{ms:1,cb:&quot;indJsonp&quot;},jsonp:&quot;cb&quot;,success:function(p){l.success(p)},error:function(){l.initialize(sSession.tabSets);a.B.thunderLog&amp;amp;&amp;amp;a.B.thunderLog.send({ct:1,cst:9,logFrom:&quot;feed_tab&quot;,logInfo:&quot;err_1&quot;,pu:window.sSession.pu})}};sDomain.ismigratetab?$.ajaxjsonp(o):$.ajaxget(n).done(function(p){l.success(JSON.parse(p))}).fail(function(p){l.initialize(sSession.tabSets);a.B.thunderLog&amp;amp;&amp;amp;a.B.thunderLog.send({ct:1,cst:9,logFrom:&quot;feed_tab&quot;,logInfo:&quot;err_1&quot;,pu:window.sSession.pu})})}else{l.initialize(sSession.tabSets)}a.B.NCTipsData&amp;amp;&amp;amp;a.B.NCTipsData.initNCTips(this)}k.prototype={constructor:k,initialize:function(m,s){var t=this;var n=m.length;var l,r;var q=s?s:0;while(n--){this.pool[m[n].id]=new c(m[n].name,m[n].id);if(t.curtabId===m[n].id){l=m[n].name}}r=this.pool[t.curtabId];r.downPull(t.curtabId);r.bindEvent();r.rendered=true;if(a.TABRERENDER||(a.LS2TAB&amp;amp;&amp;amp;a.LS2TAB.fail&amp;amp;&amp;amp;a.LS2TAB.fail.length)){a.TABRERENDER=false;r.reRender(function(){r.removeFail();r.saveTab()})}else{r.saveTab()}var p=[];for(var n=0,o=m.length;n&amp;lt;o;n++){p.push(m[n].name)}l&amp;amp;&amp;amp;a.B.thunderLog&amp;amp;&amp;amp;a.B.thunderLog.send({cst:1,logFrom:&quot;feed_tab&quot;,logInfo:l});require([&quot;wiseindex/lib/backtools&quot;],function(u){u.init(t)});if(a.sSession.Sid.indexOf(&quot;114118&quot;)==-1){b.find(&quot;.menu-item-wrap&quot;).css(&quot;width&quot;,q+35);h=new B.iScroll(&quot;#menu-container&quot;,{eventPassthrough:true,scrollX:true,scrollY:false,preventDefault:false,bindToWrapper:false})}},success:function(r){var p;var l=this;var o=0;p=r&amp;amp;&amp;amp;r.data&amp;amp;&amp;amp;r.data.item;if(p){for(var m=0;m&amp;lt;r.data.item.length;m++){var n=r.data.item[m];b.find(&quot;.menu-item-wrap&quot;).append(&#039;&amp;lt;li class=&quot;menu-item&quot; id=&quot;menu-item-&#039;+n.id+&#039;&quot; data-id=&#039;+n.id+&quot;&amp;gt;&quot;+n.name+&quot;&amp;lt;span&amp;gt;&amp;lt;/span&amp;gt;&amp;lt;/li&amp;gt;&quot;);var q=$(b.find(&quot;.menu-item&quot;)[m]).width();o=o+q;$(b.find(&quot;.menu-item span&quot;).eq(m)).css({width:q-(m===0?16:0),&quot;margin-left&quot;:(m===0?28:12)-q})}}l.initialize(p,o);$(b.find(&quot;.menu-item&quot;).get(0)).addClass(&quot;current&quot;);l.bindEvent(o)},getTab:function(l){return this.pool[&quot;&quot;+l]},switchTab:function(q,n){var o=this;var m;var l=o.getTab(B.tabId);B.mainDom=&quot;center-content-&quot;+q;l.rendered=true;var p=o.getTab(q);l.hideTabContent(function(){p.showTabContent(p.name,function(){if(p.preTop&amp;gt;200){window.scrollTo(0,p.preTop)}else{window.scrollTo(0,window.B.tabtop)}})})},bindEvent:function(n){var m=this;var l=n?n:0;b.on(&quot;click&quot;,&quot;.&quot;+f,function(q){var s=$(this).data(&quot;id&quot;);a.B.thunderLog.send({ct:1,cst:2,logFrom:&quot;feed_tab&quot;,logInfo:&quot;tab_icon&quot;,tabId:s});q.stopPropagation();m.renderTarTab(s);var r=B.tabId;var p=m.getTab(s);if(r!=s){m.switchTab(s);B.tabId=s;B.fire(&quot;skeleton/tab_manager&quot;,&quot;switchTab&quot;,{toTab:s,fromTab:r});if(a.sSession.Sid.indexOf(&quot;114118&quot;)==-1){h.scrollToElement(&quot;#&quot;+f+&quot;-&quot;+s,500,true,true);var o=document.querySelector(&quot;.videoOpen&quot;);if(o){o.pause()}}}else{if($(&quot;#&quot;+B.mainDom+&quot; .tab-wrap&quot;).length){location.hash=&quot;#&quot;+B.mainDom;location.hash=&quot;#&quot;;B.Index.scrollAnimate($(a).scrollTop(),a.B.tabtop+1);if(+B.tabId===1){a.B.fire(&quot;global&quot;,&quot;loadTop4CurrentCard&quot;)}else{a.B.fire(&quot;global&quot;,&quot;loadTop4CurrentCardChannel&quot;,{type:&quot;tabClk&quot;})}a.B.thunderLog.send({tid:355,ct:1,cst:2,logFrom:&quot;refresh&quot;,logInfo:&quot;tab&quot;,tabId:B.tabId,logExtra:&quot;{}&quot;})}}}).on(&quot;touchstart&quot;,&quot;.&quot;+f,function(o){$(&quot;.blank-frame&quot;).css(&quot;pointer-events&quot;,&quot;none&quot;);var q=$(this).data(&quot;id&quot;);var p=B.tabId;h.enable();if(g){m.renderTarTab(q);if(p!=q){a.B.thunderLog.send({ct:1,cst:2,logFrom:&quot;feed_tab&quot;,logInfo:&quot;tab_icon&quot;,tabId:q})}}o.stopPropagation()}).on(&quot;touchend&quot;,&quot;.&quot;+f,function(o){var q=$(this).data(&quot;id&quot;);var p=h.getComputedPosition();if(!g){if(p.x&amp;gt;20){h.scrollTo(0,0,500)}if(p.x&amp;lt;0&amp;amp;&amp;amp;p.x&amp;lt;a.screen.width-l-35){setTimeout(function(){h.scrollTo(a.screen.width-l-35,0,500)},100)}if(!e){h.disable()}e=0;o.stopPropagation()}$(&quot;.blank-frame&quot;).css(&quot; pointer-events&quot;,&quot;auto&quot;)}).on(&quot;touchmove&quot;,&quot;.&quot;+f,function(){e=1});if(a.sSession.Sid.indexOf(&quot;114118&quot;)==-1){$(&quot;.blank-frame&quot;).on(&quot;touchstart&quot;,&quot;.rec-item&quot;,function(){h.disable()}).on(&quot;touchend&quot;,&quot;.rec-item&quot;,function(){h.enable()})}m.scrollEvent=function(){var o=m.getTab(B.tabId);if(/\|src_(.*?)/g.test(location.hash)||location.pathname.match(/\/s$/)){return}if(o&amp;amp;&amp;amp;$(a).scrollTop()&amp;gt;o.preTop){o.jugeLoad(B.tabId);o.preTop=$(a).scrollTop()}else{if(o){o.preTop=$(a).scrollTop()}}if(a.sSession.Sid.indexOf(&quot;114118&quot;)==-1){$(&quot;.blank-frame&quot;).css({&quot;min-height&quot;:&quot;600px&quot;});if($(a).scrollTop()&amp;gt;$(&quot;.blank-frame&quot;).offset().top-44&amp;amp;&amp;amp;!b.hasClass(&quot;showtabs&quot;)){setTimeout(function(){b.addClass(&quot;showtabs&quot;);if(!b.hasClass(&quot;showtabs&quot;)){a.B.thunderLog.send({ct:1,cst:9,logFrom:&quot;feed_tab&quot;,logInfo:&quot;err_1&quot;,pu:window.sSession.pu})}},0);if($(&quot;#weather&quot;).hasClass(&quot;expand&quot;)){b.addClass(&quot;expand&quot;)}else{b.removeClass(&quot;expand&quot;)}a.B.tabtop=$(&quot;.blank-frame&quot;).offset().top-44;a.B.thunderLog.send({ct:1,cst:1,logFrom:&quot;feed_tab&quot;,logInfo:&quot;channel&quot;})}if($(a).scrollTop()&amp;lt;$(&quot;.blank-frame&quot;).offset().top-44&amp;amp;&amp;amp;b.hasClass(&quot;showtabs&quot;)){b.removeClass(&quot;showtabs&quot;);if(b.hasClass(&quot;showtabs&quot;)){a.B.thunderLog.send({ct:1,cst:9,logFrom:&quot;feed_tab&quot;,logInfo:&quot;err_2&quot;,pu:window.sSession.pu})}}}B.fire(&quot;skeleton/tab_manager&quot;,&quot;scrollEvent&quot;+B.tabId);if(B.tabId!=1){a.channelLog.tmpThrottle(a.channelLog.channelShow,800,800)($(&quot;#&quot;+B.mainDom))}};$(a).on(&quot;scroll&quot;,m.scrollEvent).on(&quot;touchmove&quot;,m.scrollEvent);a.B.listen(&quot;global&quot;,&quot;loadTop4CurrentCard&quot;,function(){var o=m.pool[B.tabId];var p=null;if(!$(&quot;.backtool-loading-wrap&quot;).length){o.showLoading()}p=setTimeout(function(){o.appendData(&quot;top&quot;,function(){o.showLoading(true);if(!$(&quot;#&quot;+B.mainDom).find(&quot;.c-offline-home&quot;).hasClass(&quot;hide&quot;)){$(&quot;#&quot;+B.mainDom).find(&quot;.c-offline-home&quot;).addClass(&quot;hide&quot;)}})},600)});a.B.listen(&quot;global&quot;,&quot;loadTop4CurrentCard_channel&quot;,function(){a.B.thunderLog.send({ct:1,cst:9,logFrom:&quot;feed_tab&quot;,logInfo:&quot;err_3&quot;,pu:window.sSession.pu});var o=m.pool[B.tabId];if(!$(&quot;.backtool-loading-wrap&quot;).length){o.showLoading()}var p=null;if(!$(&quot;#tab_news_&quot;+B.tabId).length){o.showLoading(true);m.renderTarTab(B.tabId);$(&quot;#&quot;+m.mainDom).show()}else{p=setTimeout(function(){o.newLoad(&quot;top&quot;,function(){o.showLoading(true)})},600)}})},renderTarTab:function(m){var l=this.getTab(m);if(!l.rendered){if(m==1){l.render(&quot;news&quot;,function(){B.listen(&quot;skeleton/tab&quot;,&quot;loadedFirstcreen&quot;+m,function(){l.downPull(m);B.fire(&quot;skeleton/tab_manager&quot;,&quot;tarTabRendered&quot;+m)})})}else{l.newRender(&quot;news&quot;,function(){B.listen(&quot;skeleton/tab&quot;,&quot;loadedFirstcreen&quot;+m,function(){l.downPull(m);B.fire(&quot;skeleton/tab_manager&quot;,&quot;tarTabRendered&quot;+m)})})}}else{B.fire(&quot;skeleton/tab_manager&quot;,&quot;tarTabRendered&quot;+m)}}};return new k()});require([&quot;skeleton/tab_manager&quot;]);&lt;/script&gt;&lt;script id=&quot;index_plus_ls_js_md5&quot; type=&quot;text/javascript&quot; class=&quot;js_md5&quot;&gt;(function(g){function n(s,v){var u=(s&amp;amp;65535)+(v&amp;amp;65535),t=(s&amp;gt;&amp;gt;16)+(v&amp;gt;&amp;gt;16)+(u&amp;gt;&amp;gt;16);return(t&amp;lt;&amp;lt;16)|(u&amp;amp;65535)}function q(s,t){return(s&amp;lt;&amp;lt;t)|(s&amp;gt;&amp;gt;&amp;gt;(32-t))}function c(A,w,v,u,z,y){return n(q(n(n(w,A),n(u,y)),z),v)}function b(w,v,C,A,u,z,y){return c((v&amp;amp;C)|((~v)&amp;amp;A),w,v,u,z,y)}function h(w,v,C,A,u,z,y){return c((v&amp;amp;A)|(C&amp;amp;(~A)),w,v,u,z,y)}function m(w,v,C,A,u,z,y){return c(v^C^A,w,v,u,z,y)}function a(w,v,C,A,u,z,y){return c(C^(v|(~A)),w,v,u,z,y)}function d(E,y){E[y&amp;gt;&amp;gt;5]|=128&amp;lt;&amp;lt;(y%32);E[(((y+64)&amp;gt;&amp;gt;&amp;gt;9)&amp;lt;&amp;lt;4)+14]=y;var u,w,v,t,s,D=1732584193,C=-271733879,A=-1732584194,z=271733878;for(u=0;u&amp;lt;E.length;u+=16){w=D;v=C;t=A;s=z;D=b(D,C,A,z,E[u],7,-680876936);z=b(z,D,C,A,E[u+1],12,-389564586);A=b(A,z,D,C,E[u+2],17,606105819);C=b(C,A,z,D,E[u+3],22,-1044525330);D=b(D,C,A,z,E[u+4],7,-176418897);z=b(z,D,C,A,E[u+5],12,1200080426);A=b(A,z,D,C,E[u+6],17,-1473231341);C=b(C,A,z,D,E[u+7],22,-45705983);D=b(D,C,A,z,E[u+8],7,1770035416);z=b(z,D,C,A,E[u+9],12,-1958414417);A=b(A,z,D,C,E[u+10],17,-42063);C=b(C,A,z,D,E[u+11],22,-1990404162);D=b(D,C,A,z,E[u+12],7,1804603682);z=b(z,D,C,A,E[u+13],12,-40341101);A=b(A,z,D,C,E[u+14],17,-1502002290);C=b(C,A,z,D,E[u+15],22,1236535329);D=h(D,C,A,z,E[u+1],5,-165796510);z=h(z,D,C,A,E[u+6],9,-1069501632);A=h(A,z,D,C,E[u+11],14,643717713);C=h(C,A,z,D,E[u],20,-373897302);D=h(D,C,A,z,E[u+5],5,-701558691);z=h(z,D,C,A,E[u+10],9,38016083);A=h(A,z,D,C,E[u+15],14,-660478335);C=h(C,A,z,D,E[u+4],20,-405537848);D=h(D,C,A,z,E[u+9],5,568446438);z=h(z,D,C,A,E[u+14],9,-1019803690);A=h(A,z,D,C,E[u+3],14,-187363961);C=h(C,A,z,D,E[u+8],20,1163531501);D=h(D,C,A,z,E[u+13],5,-1444681467);z=h(z,D,C,A,E[u+2],9,-51403784);A=h(A,z,D,C,E[u+7],14,1735328473);C=h(C,A,z,D,E[u+12],20,-1926607734);D=m(D,C,A,z,E[u+5],4,-378558);z=m(z,D,C,A,E[u+8],11,-2022574463);A=m(A,z,D,C,E[u+11],16,1839030562);C=m(C,A,z,D,E[u+14],23,-35309556);D=m(D,C,A,z,E[u+1],4,-1530992060);z=m(z,D,C,A,E[u+4],11,1272893353);A=m(A,z,D,C,E[u+7],16,-155497632);C=m(C,A,z,D,E[u+10],23,-1094730640);D=m(D,C,A,z,E[u+13],4,681279174);z=m(z,D,C,A,E[u],11,-358537222);A=m(A,z,D,C,E[u+3],16,-722521979);C=m(C,A,z,D,E[u+6],23,76029189);D=m(D,C,A,z,E[u+9],4,-640364487);z=m(z,D,C,A,E[u+12],11,-421815835);A=m(A,z,D,C,E[u+15],16,530742520);C=m(C,A,z,D,E[u+2],23,-995338651);D=a(D,C,A,z,E[u],6,-198630844);z=a(z,D,C,A,E[u+7],10,1126891415);A=a(A,z,D,C,E[u+14],15,-1416354905);C=a(C,A,z,D,E[u+5],21,-57434055);D=a(D,C,A,z,E[u+12],6,1700485571);z=a(z,D,C,A,E[u+3],10,-1894986606);A=a(A,z,D,C,E[u+10],15,-1051523);C=a(C,A,z,D,E[u+1],21,-2054922799);D=a(D,C,A,z,E[u+8],6,1873313359);z=a(z,D,C,A,E[u+15],10,-30611744);A=a(A,z,D,C,E[u+6],15,-1560198380);C=a(C,A,z,D,E[u+13],21,1309151649);D=a(D,C,A,z,E[u+4],6,-145523070);z=a(z,D,C,A,E[u+11],10,-1120210379);A=a(A,z,D,C,E[u+2],15,718787259);C=a(C,A,z,D,E[u+9],21,-343485551);D=n(D,w);C=n(C,v);A=n(A,t);z=n(z,s)}return[D,C,A,z]}function o(t){var u,s=&quot;&quot;;for(u=0;u&amp;lt;t.length*32;u+=8){s+=String.fromCharCode((t[u&amp;gt;&amp;gt;5]&amp;gt;&amp;gt;&amp;gt;(u%32))&amp;amp;255)}return s}function i(t){var u,s=[];s[(t.length&amp;gt;&amp;gt;2)-1]=undefined;for(u=0;u&amp;lt;s.length;u+=1){s[u]=0}for(u=0;u&amp;lt;t.length*8;u+=8){s[u&amp;gt;&amp;gt;5]|=(t.charCodeAt(u/8)&amp;amp;255)&amp;lt;&amp;lt;(u%32)}return s}function j(t){return o(d(i(t),t.length*8))}function e(u,x){var t,w=i(u),s=[],v=[],y;s[15]=v[15]=undefined;if(w.length&amp;gt;16){w=d(w,u.length*8)}for(t=0;t&amp;lt;16;t+=1){s[t]=w[t]^909522486;v[t]=w[t]^1549556828}y=d(s.concat(i(x)),512+x.length*8);return o(d(v.concat(y),512+128))}function r(u){var w=&quot;0123456789abcdef&quot;,t=&quot;&quot;,s,v;for(v=0;v&amp;lt;u.length;v+=1){s=u.charCodeAt(v);t+=w.charAt((s&amp;gt;&amp;gt;&amp;gt;4)&amp;amp;15)+w.charAt(s&amp;amp;15)}return t}function l(s){return unescape(encodeURIComponent(s))}function p(t){return j(l(t))}function k(t){return r(p(t))}function f(t,u,s){if(!u){if(!s){return k(t)}return p(t)}if(!s){return hex_hmac_md5(u,t)}return raw_hmac_md5(u,t)}B.md5=f}(this));&lt;/script&gt;&lt;script id=&quot;index_plus_ls_js_url&quot; type=&quot;text/javascript&quot; class=&quot;js_url&quot;&gt;define(&quot;plugin/url&quot;,function(){(function(c){c.extend(c,{url:{}}).extend(c.url,{escapeSSL:a});var b=window.sDomain.ssllist||{};function a(e){if(location.protocol===&quot;http:&quot;||e.indexOf(&quot;https:&quot;)===0){return e}var f=/^(http[s]?:\/\/)?([^\/]+)(.*)/;var g=e.match(f);var d=b.hasOwnProperty(g[2])&amp;amp;&amp;amp;(b[g[2]]+g[3]);if(!d){new Image().src=&quot;/home/page/data/pageserver?errno=7008&amp;amp;errurl=&quot;+window.encodeURIComponent(e)+&quot;&amp;amp;_t=&quot;+new Date()*1;if(c.browser.chrome){return e}return e.replace(/http:/,&quot;https:&quot;)}return&quot;https://&quot;+d}}(Zepto))});require([&quot;plugin/url&quot;]);&lt;/script&gt;&lt;script id=&quot;index_plus_ls_js_lswrite&quot; type=&quot;text/javascript&quot; class=&quot;js_lswrite&quot;&gt;define(&quot;start/lsWrite&quot;,function(){var a=window.B;if(!a.lsSupport){return}[].slice.call(a.$$(&quot;[data-lsid]&quot;)).forEach(function(d,b){var c=d.getAttribute(&quot;data-lsid&quot;);a.ls.setItem(c,/_tpl_/.test(c)?d.value:d.innerHTML)});a.cookie(&quot;plus_lsv&quot;,a.Index.$el.data(&quot;lsversion&quot;),{expires:7*24*3600*1000,domain:window.location.hostname,path:&quot;/&quot;});a.ls.setItem(&quot;nindex_ls_version&quot;,a.Index.$el.data(&quot;lsversion&quot;))});require([&quot;start/lsWrite&quot;]);&lt;/script&gt;&lt;script id=&quot;index_plus_ls_js_modal&quot; type=&quot;text/javascript&quot; class=&quot;js_modal&quot;&gt;define(&quot;plugin/modal&quot;,function(){$(&quot;#index-view&quot;).after(&#039;&amp;lt;div id=&quot;index-modal&quot;&amp;gt;&amp;lt;/div&amp;gt;&#039;);var b=$(&quot;#index-modal&quot;);var a=(function(){var c=0,d=&quot;&amp;lt;div class=&#039;modal&#039;&amp;gt;&amp;lt;h2&amp;gt;&amp;lt;/h2&amp;gt;&amp;lt;p&amp;gt;&amp;lt;/p&amp;gt;&amp;lt;/div&amp;gt;&quot;;return function(e){if(!(this instanceof a)){return new a(e)}this.$template=$(d).addClass(e.type);this.$template.find(&quot;p&quot;).html(e.desc);return this}})();a.prototype.show=function(){var c=this;setTimeout(function(){b.append(c.$template).data(&quot;show&quot;,1);c.$template.css(&quot;opacity&quot;);c.$template.addClass(&quot;transition&quot;)},100);c.$template.one(&quot;webkitTransitionEnd&quot;,function(d){c.destroy()})};a.prototype.destroy=function(){this.$template.remove();if(!b.find(&quot;.modal&quot;).length){b.data(&quot;show&quot;,null)}};B.Modal=a;B.Index.Modal=function(){if(!(this instanceof B.Index.Modal)){return new B.Index.Modal()}};B.Index.Modal.show=B.Index.Modal.prototype.show=function(){b.data(&quot;show&quot;,1)};B.Index.Modal.hide=B.Index.Modal.prototype.hide=function(){b.data(&quot;show&quot;,null)}});require([&quot;plugin/modal&quot;]);&lt;/script&gt;&lt;script id=&quot;index_plus_ls_js_thirdparty&quot; type=&quot;text/javascript&quot; class=&quot;js_thirdparty&quot;&gt;define(&quot;wiseindex/thirdparty/afd&quot;,function(b,a){function c(){window.B.listen(&quot;tabs/news/index&quot;,&quot;cardinited&quot;,function(){var e=&quot;//m.baidu.com/static/ecom&quot;;window.require.config({paths:{&quot;ec/feedview&quot;:e+&quot;/js/view/feedview_459e026&quot;,&quot;activity/chunhua/chunhuafeed&quot;:e+&quot;/js/activity/chunhua/chunhuafeed_916d382&quot;,&quot;activity/sf1_feed&quot;:e+&quot;/js/activity/sf1_feed/feed_f8f33b1&quot;}});if(false&amp;amp;&amp;amp;window.sSession.newIndexTplName===&quot;ecom_exp_2&quot;){var f=location.protocol+&quot;//m.baidu.com/static/ecom/js/wise/home/nativeAds_exp_a7995e2&quot;;window.require.config({paths:{&quot;ecom/wise/home&quot;:f,&quot;ecom/wise/log&quot;:&quot;//m.baidu.com/static/ecom/js/wise/home/ecomAds_log_8ad03be&quot;}});window.require([&quot;ecom/wise/home&quot;],function(h){h.init()})}else{var d=(window.sSession&amp;amp;&amp;amp;window.sSession.sids)||$(&quot;#commonBase&quot;).data(&quot;sids&quot;)||&quot;&quot;;if(/116179/.exec(d)){var f=location.protocol+&quot;//m.baidu.com/static/ecom/js/wise/home/nativeAds_exp_388394a&quot;;window.require.config({paths:{&quot;ecom/wise/home&quot;:f}});window.require([&quot;ecom/wise/home&quot;],function(h){h.init()})}else{g()}}function g(){var h=location.protocol+&quot;//m.baidu.com/static/ecom/js/wise/home/nativeAds_6fe5abc&quot;;window.require.config({paths:{&quot;ecom/wise/home&quot;:h}});window.require([&quot;ecom/wise/home&quot;],function(i){i.init()})}},{listenpre:1})}a.init=c});&lt;/script&gt;&lt;script id=&quot;index_plus_ls_js_superstart&quot; type=&quot;text/javascript&quot; class=&quot;js_superstart&quot;&gt;B.init(function(){var h=$(&quot;#weather&quot;);var m=$(&quot;.weather-shield&quot;);var d;var g;var s;var a=h.siblings(&quot;:not(.fixed)&quot;).add(m);var p=$(&quot;#skinSwitch&quot;).attr(&quot;data-skinUrl&quot;);var r=$(&quot;#skinSwitch&quot;).attr(&quot;data-skinColor&quot;);var j=B.Index;var o=function(t,u){window.B.thunderLog.send($.extend({logFrom:&quot;weather&quot;,ref:&quot;index_iphone&quot;},t),u)};if($(&quot;#skinSwitch&quot;).attr(&quot;data-time&quot;)===&quot;on&quot;){m.css(&quot;background-color&quot;,r);m.css(&quot;background-image&quot;,&quot;url(&quot;+p+&quot;)&quot;)}var k=$(&quot;#skin-container&quot;);if($(&quot;body&quot;).hasClass(&quot;has-background&quot;)){var n=k.css(&quot;background-color&quot;);var f=k.css(&quot;background-image&quot;);m.css(&quot;background-color&quot;,n);m.css(&quot;background-image&quot;,f)}function c(t){g.removeClass(&quot;loading&quot;);s.html(s.data(&quot;city&quot;));if(t){o({cst:9,tid:48,logInfo:&quot;gps&quot;,logExtra:&quot;{status:&quot;+t+&quot;}&quot;})}}function i(t,u){var v=t.addr.city;g.removeClass(&quot;loading&quot;);if(v){o({cst:0,logInfo:&quot;gps&quot;,logExtra:&quot;{status:1}&quot;});v=v.replace(/[省市]$/,&quot;&quot;);if(v==s.data(&quot;city&quot;)){o({cst:0,logInfo:&quot;gps&quot;,logExtra:&quot;{status:2}&quot;});return s.html(v)}l().done(function(w){if(!w.errno&amp;amp;&amp;amp;w.data&amp;amp;&amp;amp;w.data[0]&amp;amp;&amp;amp;w.data[0].value){o({cst:0,logInfo:&quot;gps&quot;,logExtra:&quot;{status:3}&quot;})}else{c(4)}}).fail(function(){c(3)})}else{c(2)}}function b(){h.addClass(&quot;expand&quot;);a.css({&quot;-webkit-transition&quot;:&quot;-webkit-transform .3s linear&quot;,&quot;-webkit-transform&quot;:&quot;translate3d(0, &quot;+m.data(&quot;height&quot;)+&quot;px, 0)&quot;}).one(&quot;webkitTransitionEnd&quot;,function(t){j.timer(function(){d.css(&quot;z-index&quot;,&quot;0&quot;);j.$el.css(&quot;padding-bottom&quot;,&quot;1px&quot;)})})}function q(){d.css(&quot;z-index&quot;,null);a.css({&quot;-webkit-transition-timing-function&quot;:&quot;ease&quot;,&quot;-webkit-transform&quot;:null}).one(&quot;webkitTransitionEnd&quot;,function(t){h.removeClass(&quot;expand&quot;);a.css(&quot;-webkit-transition&quot;,null);j.$el.css(&quot;padding-bottom&quot;,null)});o({cst:2,tid:44,logInfo:&quot;fold&quot;})}function l(){var u=$.Deferred();var t=h.find(&quot;.weather-detail&quot;);$.ajaxget({url:&quot;?action=getweather&quot;,dataType:&quot;json&quot;}).done(function(v){m.before(v.result.content);t.remove()}).then(function(v){d=h.find(&quot;.weather-detail&quot;);g=d.find(&quot;.weather-detail-gps span&quot;).first();s=g.next().next();u.resolve(v)}).fail(function(){u.reject()});return u}function e(){var t=$(&quot;.weather-outline&quot;);var u=null;h.on(&quot;click&quot;,&quot;.weather-outline, .icon-weather-toggle&quot;,function(v){j.avoidPenetration(j.$el);if(!h.data(&quot;inited&quot;)){l().then(function(){b();h.data(&quot;inited&quot;,1)});return}if(!h.hasClass(&quot;expand&quot;)){b()}else{q()}}).on(&quot;click&quot;,&#039;[data-action=&quot;loc&quot;]&#039;,function(v){if(g.hasClass(&quot;loading&quot;)){return}if(u){clearTimeout(u)}u=setTimeout(function(){u=null;if(g.hasClass(&quot;loading&quot;)){c(1)}},9000);g.removeClass(&quot;fail&quot;).addClass(&quot;loading&quot;);s.html(&quot;正在获取定位信息&quot;);B.geolocation.getPosition({html5Timeout:4000,moplusTimeout:5000,onSuccess:i,onFail:function(){if(u){clearTimeout(u);c(1)}}});o({cst:2,tid:45,logInfo:&quot;gps&quot;});return false}).on(&quot;click&quot;,&quot;.weather-detail-forecast&quot;,function(v){o({cst:2,tid:47,logInfo:&quot;forecast&quot;},function(){window.location.href=h.find(&quot;.weather-detail a&quot;).attr(&quot;href&quot;)});return false});$(&quot;#logo, #userinfo-wrap&quot;).on(&quot;click&quot;,function(v){if(h.hasClass(&quot;expand&quot;)&amp;amp;&amp;amp;v.target.parentNode.nodeName!=&quot;A&quot;&amp;amp;&amp;amp;v.target.id!=&quot;login&quot;&amp;amp;&amp;amp;v.target.id!=&quot;userinfo&quot;){q()}})}e()});
define(&quot;wiseindex/start/hashView&quot;,function(){function a(){var d=window;var c=$(&quot;#commonBase&quot;).data(&quot;prepath&quot;).replace(/#/g,&quot;&amp;amp;&quot;);var b=$.extend(true,B.Index,{$el:$(&quot;#__SF___mine&quot;),$view:$(&quot;#index-view&quot;),widget:{},prepath:c});var e=b.$view;B.hash.on(&quot;change:iview&quot;,function(i,g,f,h){if(h==null){b.$view.trigger(&quot;hide&quot;)}else{$(&quot;.plus.edit .edit-back&quot;).trigger(&quot;click&quot;,1)}B.Index.Modal.hide()});e.on(&quot;replace&quot;,function(g){var f=g._args;if(f&amp;amp;&amp;amp;f.$view){e.children().hide();f.$view.show();b.avoidPenetration(f.$view)}return false}).on(&quot;show&quot;,function(g){var f=g.data;if(f&amp;amp;&amp;amp;f.$view){b.$el.data(&quot;scrollY&quot;,d.pageYOffset).hide();e.add(f.$view).show();b.avoidPenetration(f.$view)}return false}).on(&quot;hide&quot;,function(h){var g=$(this);b.$el.show();var f=b.$el.data(&quot;scrollY&quot;);if(f){setTimeout(function(){d.scrollTo(0,f)},0)}b.$el.data(&quot;scrollY&quot;,null);e.add(e.children()).hide();b.avoidPenetration($(&quot;#index-card&quot;));return false}).on(&quot;click&quot;,&quot;.back-arrow, .back-action&quot;,function(f){var g=$(this).parents(&quot;.view-wrap&quot;).attr(&quot;id&quot;).match(/([^-]*)/)[0];b.back();return false})}return{init:a}});;define(&quot;wiseindex/lib/thunder/mediaDuration&quot;,function(){var b=window;function a(f){var d=this;var e=b.thunderConf||{};if(!e.startTime&amp;amp;&amp;amp;b.performance){e.startTime=b.performance.timing.domLoading}function c(h,g,i){var j=setTimeout(function(){d.send({sessionTime:i});var k=(h+g)&amp;lt;60000?(h+g):60000;c(g,k,i+h)},h)}c(3000,3000,3000)}return{mName:&quot;mediaDuration&quot;,mFunc:a}});;define(&quot;wiseindex/lib/thunder/imgLoad&quot;,function(){var a=window;function b(g,c){var e=this;var f=a.B.imgLoadPool?a.B.imgLoadPool:{};c=c||&quot;index-card&quot;;g=g||{};function h(o,k,n){f[o]=f[o]||{};f[o][&quot;data&quot;]=f[o][&quot;data&quot;]||[];$.extend(k,g);if(f[o][&quot;data&quot;].length&amp;gt;0){for(var m=0,j=f[o][&quot;data&quot;].length;m&amp;lt;j;m++){var l=f[o][&quot;data&quot;][m];$.extend(k,f[o][&quot;data&quot;][m]);e.send(k)}f[o][&quot;data&quot;]=null}if(n){k.logExtra=JSON.stringify({imgSrc:n});e.send(k)}}function d(){var i={cst:&quot;9&quot;,logInfo:&quot;imgErr&quot;,tid:228};h(&quot;error&quot;,i);document.getElementById(c).removeEventListener(&quot;error&quot;,a.B.imgLoadPool.error.handler,true);a.B.imgLoadPool.error.handler=function(j){if(j.target.tagName.toLowerCase()===&quot;img&quot;){h(&quot;error&quot;,i,j.target.src)}};document.getElementById(c).addEventListener(&quot;error&quot;,a.B.imgLoadPool.error.handler,true)}d()}return{mName:&quot;imgLoad&quot;,mFunc:b}});;var thunderPlugins=[&quot;wiseindex/lib/thunder/mediaDuration&quot;,&quot;wiseindex/lib/thunder/imgLoad&quot;];define(&quot;wiseindex/lib/thunder/thunder&quot;,function(){var c=window;function d(f){var e=this;e.opt=f||{};e.baseParams=e.opt.baseParams||{};e.config(f,true);if(f.autoBind){e.bindLogHook()}}d.prototype={config:function(h,e){var g=this;for(var f in h){g.opt[f]=h[f]}g.baseURL=g.opt.baseURL||&quot;//hpd.baidu.com/v.gif&quot;;g.domHook=g.opt.domHook||&quot;data-log&quot;;g.mainDom=g.opt.mainDom||&quot;#index-card, #index-view&quot;;g.skipPrevent=!!g.opt.skipPrevent;g.logRegx=g.opt.logRegx||&quot;(.*?):(.*?);&quot;;g.baseParams=b(g.baseParams,h.baseParams)},send:function(h,n,e){var o=this;o.__sendPreHook&amp;amp;&amp;amp;o.__sendPreHook(h);var f=&quot;l&quot;+Date.now();var l=window[f]=new Image();var j=&quot;&quot;;var g=null;e=e||o.baseURL;l.onload=l.onerror=l.onabort=function(){window[f]=null;if(g){clearTimeout(g);g=null;n&amp;amp;&amp;amp;n();o.__sendAfrHook&amp;amp;&amp;amp;o.__sendAfrHook(h,false)}};h=h||{};h.r=f;var m=o.baseParams;h=b(b({},m),h);for(var k in h){if(h.hasOwnProperty(k)){j+=&quot;&amp;amp;&quot;+k+&quot;=&quot;+encodeURIComponent(h[k])}}l.src=e+&quot;?&quot;+j.slice(1);if(typeof n===&quot;function&quot;){g=setTimeout(function(){g=null;n()},500)}o.__sendAfrHook&amp;amp;&amp;amp;o.__sendAfrHook(h,true)},bindLogHook:function(e,g){var f=this;e=e?$(e):$(f.mainDom);e&amp;amp;&amp;amp;e.on(&quot;click&quot;,g||&quot;[&quot;+(f.domHook)+&quot;]&quot;,function(h){f.hookClick.call(f,this,h)})},hookClick:function(j,m){var o=this;var i=j.getAttribute(o.domHook);var k=j.getAttribute(&quot;data-stopskip&quot;);var l=j.getAttribute(&quot;href&quot;);var n=null;var f={};var g=new RegExp(o.logRegx,&quot;g&quot;);var h=null;while((h=g.exec(i))){f[h[1]]=h[2]}if(j.tagName.toLowerCase()===&quot;a&quot;&amp;amp;&amp;amp;l&amp;amp;&amp;amp;k){m.preventDefault();n=function(){c.location.href=l}}o.send(f,n)}};function b(g,f){if(!f||!g){return g}for(var e in f){g[e]=f[e]}return g}thunderPlugins.forEach(function(f,e){require([f],function(g){d.prototype[g.mName]=g.mFunc})});var a=null;return{create:function(f,e){return new d(f)},get:function(e){return a||(a=this.create(e))}}});;define(&quot;start/superstart&quot;,[&quot;wiseindex/start/hashView&quot;,&quot;wiseindex/thirdparty/afd&quot;,&quot;wiseindex/lib/thunder/thunder&quot;,&quot;plugin/swipe&quot;],function(f,h,k,g){var c=window;function l(){f.init();i();b();B._fireInit();h.init();if(window.sSession&amp;amp;&amp;amp;window.sSession.newIndexTplName===&quot;sf&quot;){require([&quot;wiseindex/tabs/news/sfapp/service/newsdetail&quot;,&quot;wiseindex/tabs/news/sfapp/service/wiseindex&quot;],function(n,o){var m=require(&quot;sfr&quot;);m.action.regist(&quot;/&quot;,Object.create(o));m.action.regist(&quot;/feed/data/feeddetail&quot;,Object.create(n));m.action.start({root:location.pathname})})}else{require([&quot;wiseindex/lib/sf/activityController&quot;],function(m){m.start()})}e();j();a();d()}function b(){window.rain.event.listen(&quot;rainModule/afdTuji&quot;,&quot;loadThunder&quot;,function(){return k});window.rain.event.listen(&quot;rainModule/afdTuji&quot;,&quot;loadSwipe&quot;,function(){return g});window.rain.event.fire(&quot;global&quot;,&quot;rainStartEvent&quot;)}function e(){$(window).on(&quot;hashchange, popstate&quot;,function(){!/iact/.test(location.hash)&amp;amp;&amp;amp;$(&quot;title&quot;).text(&quot;百度一下&quot;);!/\/feed\/data\/feeddetail/.test(location.pathname)&amp;amp;&amp;amp;$(&quot;title&quot;).text(&quot;百度一下&quot;)})}function i(){c.B.thunderLog=k.create({baseParams:{logid:c.sSession.logid,ssid:c.sSession.ssid,sid:c.sSession.sids,from:c.sSession.from,pu:c.sSession.pu,ct:1},domHook:&quot;data-thunder&quot;,mainDom:&quot;#index-card, #index-view&quot;,autoBind:true})}function j(){if(window.B.asynJs.length&amp;gt;0){$.each(B.asynJs,function(m,n){setTimeout(function(){$.loadJs($(&quot;#&quot;+n).attr(&quot;data-src&quot;))},1)})}B.asynLoad=function(m){if(!~B.asynJs.indexOf(m)){B.asynJs.push(m);$.loadJs($(&quot;#&quot;+m).attr(&quot;data-src&quot;))}};c._hmt=c._hmt||[];$.loadJs(&quot;https://hm.baidu.com/hm.js?12423ecbc0e2ca965d84259063d35238&quot;)}function a(){if(sSession.netSwitch&amp;amp;&amp;amp;navigator.connection){nettype=navigator.connection.type;if(nettype==5){B.cookie(&quot;net&quot;,&quot;4g-3&quot;,{&quot;max-age&quot;:48000,path:&quot;/&quot;})}}}function d(){$(window).add(document).on(&quot;unload&quot;,function(){window.scrollTo(0,0)})}return{init:l}});$(document).ready(function(){require([&quot;start/superstart&quot;],function(a){a.init()})});B.init(function(){define(&quot;wiseindex/lib/tips&quot;,function(c,b,d){var h=/android/i.test(navigator.userAgent)&amp;amp;&amp;amp;/ucbrowser/i.test(navigator.userAgent);var f;function a(j,i,k){f={tipHeight:53,feedItemPaddingTop:15,timer:null,$moveContent:$(&quot;#&quot;+B.mainDom).find(&quot;.tab-news-content&quot;),$moveFoot:$(&quot;.tab-news-foot&quot;),$bottomLoad:$(&quot;.s-loading-frame.bottom&quot;),$movePageBottom:$(&quot;#bottom&quot;),animateTime:1000};var i=i;var k=k?k:&quot;blue&quot;;var n=j;var m=&#039;&amp;lt;div class=&quot;w-tips &#039;+k+&#039;&quot;&amp;gt;&amp;lt;div class=&quot;w-tips-wrapper&quot;&amp;gt;&amp;lt;div class=&quot;w-tips-inner&quot;&amp;gt;&amp;lt;div class=&quot;w-tips-img&quot;&amp;gt;&amp;lt;img src=&quot;&#039;+sDomain.staticUrl+&#039;static/wiseindex/img/fetch_finish_8_0.png&quot; /&amp;gt;&amp;lt;/div&amp;gt;&amp;lt;div class=&quot;w-tips-text&quot;&amp;gt;&#039;+i+&#039;&amp;lt;/div&amp;gt;&amp;lt;/div&amp;gt;&amp;lt;div class=&quot;w-tips-inner-bg&quot;&amp;gt;&amp;lt;div class=&quot;w-tips-inner-bg-inner&quot;&amp;gt;&amp;lt;/div&amp;gt;&amp;lt;/div&amp;gt;&amp;lt;/div&amp;gt;&amp;lt;/div&amp;gt;&#039;;var l=$(m);e(n,l)}function e(j,m){j.addClass(&quot;e-frozen&quot;).prepend(m);var l=$(&quot;.w-tips&quot;);g(l,300);g(f.$moveContent,300);g(f.$moveFoot,300);g(f.$bottomLoad,300);g(f.$movePageBottom,300);var k={&quot;-webkit-transform&quot;:&quot;translate3d(0px, 0px, 0px)&quot;,transform:&quot;translate3d(0px, 0px, 0px)&quot;};l.css(k);var i={&quot;-webkit-transform&quot;:&quot;translate3d(0px, &quot;+(f.tipHeight-f.feedItemPaddingTop)+&quot;px, 0px)&quot;,transform:&quot;translate3d(0px, &quot;+(f.tipHeight-f.feedItemPaddingTop)+&quot;px, 0px)&quot;};f.$moveContent.css(i);f.$moveFoot.css(i);f.$bottomLoad.css(i);f.$movePageBottom.css(i);if(h){$(&quot;.w-tips-inner-bg-inner&quot;).on(&quot;webkitAnimationEnd&quot;,function(){setTimeout(function(){n()},400)})}else{if(f.timer){clearTimeout(f.timer)}f.timer=setTimeout(function(){n()},f.animateTime)}function n(){function o(){var q=$.Deferred();var p={&quot;-webkit-transform&quot;:&quot;translate3d(0px, &quot;+-f.tipHeight+&quot;px, 0px)&quot;,transform:&quot;translate3d(0px, &quot;+-f.tipHeight+&quot;px, 0px)&quot;};g(l,300);l.css(p);q.resolve();return q.promise()}$.when(o()).then(function(){var p={&quot;-webkit-transform&quot;:&quot;translate3d(0px, 0px, 0px)&quot;,transform:&quot;translate3d(0px, 0px, 0px)&quot;};g(f.$moveContent,300);g(f.$moveFoot,300);g(f.$bottomLoad,300);g(f.$movePageBottom,300);f.$moveContent.css(p);f.$moveFoot.css(p);f.$bottomLoad.css(p);f.$movePageBottom.css(p);m.remove();j.removeClass(&quot;e-frozen&quot;)})}}function g(j,i){if(i===undefined){j.css({&quot;-webkit-transition&quot;:&quot;none&quot;,transition:&quot;none&quot;})}else{j.css({&quot;-webkit-transition&quot;:&quot;all &quot;+i+&quot;ms&quot;,transition:&quot;all &quot;+i+&quot;ms&quot;})}}return{tips:a}});;define(&quot;tabs/news/hotword&quot;,function(e,h,d){var n=B.Index;var c=window;var b=$(&quot;.hotword-lists&quot;);var i=[];var a=0;var m=6;var g=function(p){c.B.log.send($.extend({ct:10,cst:1,clk_from:&quot;hotword&quot;,clk_info:&quot;a2_l1&quot;},p))};function o(){if($(&quot;#commonBase&quot;).data(&quot;sid&quot;)){g()}if($.os.android===undefined){$(&quot;.hotword-lists&quot;).addClass(&quot;notAndroid&quot;)}try{i=JSON.parse(b.find(&quot;textarea&quot;).val());i.forEach(function(u,t){u.pos=t%m+1})}catch(r){i=[];$(&quot;.hotword-lists a&quot;).each(function(t,u){i.push({url:u.getAttribute(&quot;href&quot;),title:$(u).find(&quot;.title&quot;).html(),isHot:$(u).find(&quot;.hot&quot;).hasClass(&quot;hot1&quot;)?1:0})})}finally{a=parseInt(i.length/m)}var p=f(1);var s=[];for(var q=0;q&amp;lt;m;q++){s.push(&#039;&quot;&#039;+(i[q].isHot?&quot;hot&quot;:&quot;normal&quot;)+&#039;&quot;&#039;)}g();g({cst:4,rec_title:encodeURIComponent(&quot;[&quot;+p.join(&quot;,&quot;)+&quot;]&quot;),rec_sn:1,rec_msg:encodeURIComponent(&quot;[&quot;+s.join(&quot;,&quot;)+&quot;]&quot;)})}function k(q,s,p){var r=null;q.each(function(t,u){r=i[(s-1)*m+t+p];$(u).attr({href:r.url,&quot;data-innerpos&quot;:r.pos,&quot;class&quot;:&quot;show&quot;});$(u).find(&quot;.title&quot;).html(r.title);$(u).find(&quot;.hot&quot;).attr({&quot;class&quot;:&quot;hot hot&quot;+r.isHot})})}function f(q){var s=[];var r=$(&quot;.hotword-lists a&quot;);for(var p=0;p&amp;lt;m;p++){s.push(&#039;&quot;&#039;+i[(q-1)*m+p].title+&#039;&quot;&#039;)}return s}function l(){var p=b.find(&quot;.refresh&quot;),t=b.find(&quot;.icon-refresh&quot;),s=$(&quot;.hotword-lists li:nth-of-type(-n+2) a&quot;),q=$(&quot;.hotword-lists li:nth-of-type(n+3) a&quot;),u=$(&quot;.hotword-lists a&quot;),r=null;p.on(&quot;click&quot;,function(){if(t.hasClass(&quot;rotate&quot;)){return}if(r){clearTimeout(r);u.removeClass(&quot;fade show&quot;)}r=setTimeout(function(){t.removeClass(&quot;rotate&quot;);u.removeClass(&quot;fade show&quot;);r=null},800);var x=t.data(&quot;times&quot;);++x&amp;gt;a&amp;amp;&amp;amp;(x=1);t.addClass(&quot;rotate&quot;).one(&quot;webkitAnimationEnd&quot;,function(z){t.removeClass(&quot;rotate&quot;);return false});u.addClass(&quot;fade&quot;).eq(1).one(&quot;webkitTransitionEnd&quot;,function(z){k(s,x,0);return false});u.eq(m-1).on(&quot;webkitTransitionEnd&quot;,function(A){var z=$(this);if(A.propertyName===&quot;opacity&quot;){if(parseInt(z.css(&quot;opacity&quot;))==0){k(q,x,2)}else{z.off(&quot;webkitTransitionEnd&quot;)}}return false});t.data(&quot;times&quot;,x);var v=f(x);var y=[];for(var w=0;w&amp;lt;m;w++){y.push(&#039;&quot;&#039;+(i[(x-1)*m+w].isHot?&quot;hot&quot;:&quot;normal&quot;)+&#039;&quot;&#039;)}g({cst:4,rec_title:encodeURIComponent(&quot;[&quot;+v.join(&quot;,&quot;)+&quot;]&quot;),rec_sn:x,rec_msg:encodeURIComponent(&quot;[&quot;+y.join(&quot;,&quot;)+&quot;]&quot;)})});u.on(&quot;click&quot;,function(w){var v=$(this);var x=v.find(&quot;.title&quot;).text()||&quot;&quot;;c.B.log.send({ct:10,cst:2,clk_from:&quot;hotword&quot;,clk_info:&quot;a2_l&quot;+v.data(&quot;innerpos&quot;),rec_title:encodeURIComponent(x),url:encodeURIComponent(v.attr(&quot;href&quot;)),rec_sn:t.data(&quot;times&quot;),rec_msg:v.find(&quot;.hot&quot;).hasClass(&quot;hot1&quot;)?&quot;hot&quot;:&quot;normal&quot;},function(){c.location.href=v.attr(&quot;href&quot;);return false});w.preventDefault()})}function j(){o();l()}return{init:j}});;define(&quot;tabs/news/hotwordHis&quot;,function(c,e,b){var j=B.Index;var a=window;var m=$(&quot;.hotword-his&quot;);var f=[];var d=function(n){a.B.log.send($.extend({ct:10,cst:1,clk_from:&quot;hotword&quot;,clk_info:&quot;a4_l1&quot;},n))};function i(n){n.on(&quot;click&quot;,&quot;.hotword-his a&quot;,function(p){var o=$(this);g(o,p)});window.B.listen(&quot;tabs/news/index&quot;,&quot;showLog&quot;,function(){k()})}function g(o,n){var p=o.find(&quot;.title&quot;).text()||&quot;&quot;;var q=o.parent().parent().data(&quot;pos&quot;);a.B.log.send({ct:10,cst:2,clk_from:&quot;hotword&quot;,clk_info:&quot;a4_l&quot;+o.data(&quot;innerpos&quot;),rec_title:encodeURIComponent(p),url:encodeURIComponent(o.attr(&quot;href&quot;)),rec_pos:q,rec_msg:o.find(&quot;.hot&quot;).hasClass(&quot;hot1&quot;)?&quot;hot&quot;:&quot;normal&quot;},function(){a.location.href=o.attr(&quot;href&quot;);return false});n.preventDefault()}function k(){m=$(&quot;.hotword-his&quot;);var p=$(window).height();var o=m.length;var q=null;var t;var s=f||[];var n=null;for(var r=0;r&amp;lt;o;r++){q=m.eq(r);t=q.find(&quot;[data-pos]&quot;).data(&quot;pos&quot;);if($.inArray(t,s)!==-1){continue}if(q.offset().top+q.height()/2-$(window).scrollTop()&amp;lt;p){if($.inArray(t,s)===-1){s.push(t)}n=h(q);d({rec_title:encodeURIComponent(&quot;[&quot;+n.titles.join(&quot;,&quot;)+&quot;]&quot;),rec_pos:t,rec_msg:encodeURIComponent(&quot;[&quot;+n.hots.join(&quot;,&quot;)+&quot;]&quot;)});f=s}}}function h(t){var q=[];var r=[];var u=t.find(&quot;a&quot;);var o=u.length;var n=null;for(var p=0;p&amp;lt;o;p++){n=$(u[p]);var s=n.find(&quot;.title&quot;).text();var v=n.find(&quot;.hot&quot;).hasClass(&quot;hot1&quot;)?&quot;hot&quot;:&quot;normal&quot;;q.push(&#039;&quot;&#039;+s+&#039;&quot;&#039;);r.push(&#039;&quot;&#039;+v+&#039;&quot;&#039;)}return{titles:q,hots:r}}function l(n){i(n)}return{init:l}});;define(&quot;tabs/news/hotwordTop&quot;,function(c,e,b){var i=B.Index;var a=window;var l=$(&quot;.hotword-top&quot;);var f=[];var d=function(m){a.B.log.send($.extend({ct:10,cst:1,clk_from:&quot;hotword&quot;,clk_info:&quot;a5_l1&quot;},m))};function h(m){m.on(&quot;click&quot;,&quot;.hotword-top a&quot;,function(o){var n=$(this);g(n,o)});window.B.listen(&quot;tabs/news/index&quot;,&quot;showLog&quot;,function(){j()})}function g(n,m){var o=n.data(&quot;title&quot;)||&quot;&quot;;var p=n.data(&quot;pos&quot;);a.B.log.send({ct:10,cst:2,clk_from:&quot;hotword&quot;,clk_info:&quot;a5_l*&quot;,rec_title:encodeURIComponent(o),url:encodeURIComponent(n.attr(&quot;href&quot;)),rec_pos:p},function(){a.location.href=n.attr(&quot;href&quot;);return false});m.preventDefault()}function j(){l=$(&quot;.hotword-top a&quot;);var o=$(window).height();var n=l.length;var p=null;var s;var r=f||[];var m=null;for(var q=0;q&amp;lt;n;q++){p=l.eq(q);s=p.data(&quot;pos&quot;);if($.inArray(s,r)!==-1){continue}if(p.offset().top+p.height()/2-$(window).scrollTop()&amp;lt;o){if($.inArray(s,r)===-1){r.push(s)}d({rec_title:p.data(&quot;title&quot;),rec_pos:s});f=r}}}function k(m){h(m)}return{init:k}});;define(&quot;wiseindex/plugin/invokeLanding&quot;,function(){function a(){var c;var b;B.listen(&quot;plugin/invokeLanding&quot;,&quot;invokeBd&quot;,function(e){switch(e.landingType){case&quot;text&quot;:b=&quot;baiduboxapp://easybrowse?opentype=1&amp;amp;sfrom=feed&amp;amp;openurl=&quot;+encodeURIComponent(e.bdLandingHref)+&quot;&amp;amp;isla=0&amp;amp;toolbaricons=%7B%22toolids%22%3A%5B%221%22%2C%222%22%2C%223%22%5D%7D&amp;amp;menumode=2&amp;amp;newbrowser=1&quot;;c=&quot;1020236g&quot;;break;case&quot;image&quot;:b=&quot;baiduboxapp://common?action=imagecollection&amp;amp;params=%7b%22context%22%3a%7b%22nid%22%3a%22news_&quot;+e.nid+&quot;%22%7d%7d&amp;amp;minver=7.2.5.0&amp;amp;toolbaricons=%7B%22toolids%22%3A%5B%221%22%2C%222%22%2C%223%22%5D%7D&amp;amp;menumode=2&quot;;c=&quot;1020236k&quot;;break;case&quot;video&quot;:var f=function(j){var i=&quot;baiduboxapp://easybrowse?openurl=&quot;+encodeURIComponent(j)+&quot;&amp;amp;opentype=1&amp;amp;isla=0&amp;amp;type=video&amp;amp;page_type=empty&amp;amp;newbrowser=1&amp;amp;sfrom=feed&amp;amp;append=1&amp;amp;minver=6.0.0.0&amp;amp;toolbaricons=%7B%22toolids%22%3A%5B%221%22%2C%222%22%2C%223%22%5D%7D&amp;amp;menumode=2&quot;;return i};b=f(e.bdLandingHref);c=&quot;1020177b&quot;;break;default:b=&quot;baiduboxapp://apppage?action=openPage&amp;amp;params=%7B%22pageid%22%3A%22homepage%22%7D&quot;;c=&quot;&quot;;break}var h=function(i){var l={activity:&quot;wiseindex/tabs/news/activity/newsdetail&quot;,state:{linkData:{name:&quot;iframe/mib-iframe&quot;,id:&quot;feed&quot;,index:0,url:i.wiseLandingHref,title:i.title}}};var m=l.activity+&quot;=&quot;+encodeURIComponent(JSON.stringify(l.state));var k=&quot;iact=&quot;+encodeURIComponent(m);if(window.location.href.indexOf(&quot;#&quot;)===-1){k=&quot;#&quot;+k}var j=window.location.protocol+&quot;//&quot;+window.location.host+window.location.pathname+window.location.search+k;return j};var g={showTip:false,failUrl:h(e),iosScheme:b,from:c,channel:&quot;&quot;};var d=window.OpenBox(g);d.open()})}return new a()});;define(&quot;wiseindex/plugin/TimeUtil&quot;,function(){function a(b){var c=1000*60*60*24;b.setHours(0);b.setMinutes(0);b.setSeconds(0);b.setMilliseconds(0);return b.getTime()+c}return{get2thTime:a}});;define(&quot;tabs/news/index&quot;,[&quot;wiseindex/lib/tips&quot;,&quot;tabs/news/hotword&quot;,&quot;tabs/news/hotwordHis&quot;,&quot;tabs/news/hotwordTop&quot;,&quot;plugin/monitor&quot;,&quot;wiseindex/plugin/invokeLanding&quot;,&quot;wiseindex/plugin/TimeUtil&quot;],function(J,r,w,k,I,b,v,u){var d=window;var o=$(&quot;.blank-frame&quot;);var P=$(&quot;#tab_news_&quot;+B.tabId);var C=$(&quot;#center-content-1 .tab-wrap&quot;);var l=$(&quot;.tab-news-content&quot;);var H=$(&quot;#tab_news .loading-top&quot;);var e=P.find(&quot;.hotword-lists&quot;);var h=d.B.thunderLog;var z=/iPhone|iPad|iPod/i.test(window.navigator.userAgent);var G=/baidubrowser\/7\.4/i.test(window.navigator.userAgent);var p=&quot;&quot;;var x=navigator.userAgent;var f;var q=false;var t=false;var g=true;var s=null;var m=[];var N=[];var y=0;function L(){setTimeout(function(){window.scrollTo(0,0)},300);A();E();if(e.length){r.init()}w.init(l);k.init(l);P.find(&quot;[data-itemname]&quot;).each(function(){var T=$(this).data(&quot;itemname&quot;);if(!~N.indexOf(T)){N.push(T)}});d.B.thunderLog.bindLogHook(P);if(N.length){var S=C.attr(&quot;data-waterpara&quot;);S=S||&quot;&quot;;var Q=&quot;loadeditems:&quot;+N.join(&quot;,&quot;);C.attr(&quot;data-waterpara&quot;,S+Q+&quot;;&quot;)}if($.os.android){P.find(&quot;.src-icon-hot&quot;).addClass(&quot;isAndroid&quot;);P.find(&quot;.src-icon-rec&quot;).addClass(&quot;isAndroid&quot;)}try{h.imgLoad({logFrom:&quot;mid_news&quot;},&quot;index-card&quot;)}catch(R){}}function A(){M();F();K();if(window.sSession&amp;amp;&amp;amp;window.sSession.newIndexTplName===&quot;sf&quot;){o.on(&quot;click&quot;,&quot;.tpl-video .video-small-inner&quot;,function(U){if(U.target.tagName.toLowerCase()===&quot;a&quot;&amp;amp;&amp;amp;!$(U.target).data(&quot;sf-href&quot;)){return}var S=$(this);var Q=S.attr(&quot;data-rid&quot;);var R=S.data(&quot;sf-href&quot;);try{var T=S.data(&quot;sf-options&quot;)}catch(U){var T={}}if(+S.attr(&quot;data-mib&quot;)===1){window.sSession.nid4log=Q;if(!z&amp;amp;&amp;amp;G){window.location.href=S.attr(&quot;href&quot;)}else{require(&quot;sfr&quot;).action.redirect(R,null,T)}U.preventDefault()}O(Q)}).on(&quot;click&quot;,&quot;.rec-item a&quot;,function(S){var R=$(this);var Q=R.attr(&quot;data-rid&quot;);window.sSession.nid4log=Q})}else{o.on(&quot;click&quot;,&quot;.rec-item a, .tpl-video .video-small-inner&quot;,function(S){var R=$(this);var Q=R.attr(&quot;data-rid&quot;);if(+R.attr(&quot;data-mib&quot;)===1&amp;amp;&amp;amp;B.activity){i(R);window.sSession.nid4log=Q;require([&quot;wiseindex/lib/sf/activityController&quot;],function(T){if(!z&amp;amp;&amp;amp;G){window.location.href=R.attr(&quot;href&quot;)}else{T.pushState({activity:&quot;wiseindex/tabs/news/activity/newsdetail&quot;,state:{linkData:{name:&quot;iframe/mib-iframe&quot;,id:&quot;feed&quot;,index:0,url:R.attr(&quot;href&quot;),title:R.find(&quot;.src-net&quot;).html()}}})}});S.preventDefault()}O(Q)})}}function i(R){var Q=R.parents(&quot;.rec-item&quot;);var T=Q.data(&quot;itemname&quot;);var S=&quot;wisetab&quot;;if(Q.hasClass(&quot;news-item&quot;)){S+=&quot;NormalNews&quot;}else{if(!!T){switch(T){case&quot;largePic&quot;:S+=&quot;ImageNews&quot;;break;case&quot;video&quot;:S+=&quot;VideoNews&quot;;break;case&quot;ecomAds&quot;:S+=&quot;EcomAds&quot;;break;default:S+=&quot;UnKnown&quot;;break}}}d.B.fire(&quot;tabs/news/activity/newsdetail&quot;,&quot;receiveData&quot;,{sta:S});var U={tid:365,funcSta:&quot;hrefFallEx&quot;,sourceSta:S,actionSta:&quot;start&quot;};I.send(U)}function E(){a();setTimeout(n,800)}function M(){o.on(&quot;click&quot;,&quot;.rec-item a, .video-small-inner&quot;,function(){$(this).addClass(&quot;a-visited&quot;)})}function F(){o.on(&quot;click&quot;,&quot;[data-click-grey]&quot;,function(){$(this).addClass(&quot;rain-a-visited&quot;)})}function O(R){try{var Q=sessionStorage.getItem(&quot;clickedRids&quot;)||&quot;&quot;;if(!!R){var U=[];!!Q&amp;amp;&amp;amp;(U=Q.split(&quot;,&quot;));U.indexOf(R)===-1||(U.splice(U.indexOf(R),1));U.unshift(R);U.length&amp;gt;10&amp;amp;&amp;amp;(U.length=10);var S=U.join();sessionStorage.setItem(&quot;clickedRids&quot;,S)}}catch(T){}}function K(){d.B.listen(&quot;skeleton/tab&quot;,&quot;insertDom1&quot;,function(){n()});d.B.listen(&quot;skeleton/tab&quot;,&quot;getWaterData1&quot;,function(S){var R=/data-itemname\=\&quot;(.*?)\&quot;/g;var Q=null;var T=S.data.result.tab.data;while((Q=R.exec(T))){if(!~N.indexOf(Q[1])){N.push(Q[1])}}if(N.length){C.attr(&quot;data-waterpara&quot;,&quot;loadeditems:&quot;+N.join(&quot;,&quot;)+&quot;;&quot;)}});d.B.listen(&quot;skeleton/tab_manager&quot;,&quot;scrollEvent1&quot;,function(){j(n,800,800)()});d.B.listen(&quot;skeleton/tab_manager&quot;,&quot;switchTab&quot;,function(Q){if(Q.toTab===1){}});d.B.listen(&quot;skeleton/tab&quot;,[&quot;preInsertDom&quot;+B.tabId],function(Q){P.find(&quot;.s-loading-frame.top&quot;).hide();J.tips($(&quot;#tab_news_&quot;+B.tabId),&quot;为您推荐&quot;+Q.find(&quot;.rec-item&quot;).length+&quot;条更新&quot;)});d.B.listen(&quot;skeleton/tab&quot;,&quot;preGetWaterFail1&quot;,function(Q){if(Q.pos===&quot;top&quot;){$(&quot;.s-loading-frame.top&quot;).hide();J.tips($(&quot;#tab_news_&quot;+B.tabId),&quot;暂时没有更新，休息一下吧&quot;)}});d.B.listen(&quot;skeleton/tab&quot;,&quot;afrInsertDom1&quot;,function(U){var W=C.attr(&quot;data-waterpara&quot;)||&quot;&quot;;var R=&quot;&quot;;if(N.length){R=&quot;loadeditems:&quot;+N.join(&quot;,&quot;)+&quot;;&quot;}var T=U.result.tab.ext_params;var V=&quot;&quot;;for(var S in T){if(T.hasOwnProperty(S)){V+=S+&quot;:&quot;+T[S]+&quot;;&quot;}}var Q=V+R;if(T&amp;amp;&amp;amp;Q!==W){C.attr(&quot;data-waterpara&quot;,Q)}})}function a(){P.on(&quot;click&quot;,&quot;[data-rid]&quot;,function(T){var V=null;var U=this;var S=U.getAttribute(&quot;href&quot;);var Q={cst:&quot;2&quot;,logFrom:&quot;mid_news&quot;,logInfo:&quot;a2_l*&quot;};if(S&amp;amp;&amp;amp;U.tagName.toLowerCase()===&quot;a&quot;){T.preventDefault();V=function(){if($(U).attr(&quot;data-mib&quot;)!==&quot;1&quot;){location.href=S}}}if($(this).hasClass(&quot;video-small-inner&quot;)){V=function(){if($(U).attr(&quot;data-mib&quot;)!==&quot;1&quot;){location.href=S}}}var R=false;if($(this).data(&quot;logtype&quot;)&amp;amp;&amp;amp;(($(this).data(&quot;logtype&quot;).toString().indexOf(&quot;2&quot;)&amp;lt;0))){R=true}if(!R){D(this,V,Q)}})}function D(W,Z,R){var X=$(W).data(&quot;orilink&quot;)||W.getAttribute(&quot;href&quot;);var Q=$(W).data(&quot;log&quot;)||$(W).data(&quot;elog&quot;);var U;var aa=W.getAttribute(&quot;data-rid&quot;);var Y=W.getAttribute(&quot;data-pos&quot;);R=R||{};var S=/(.*?):(.*?);/gi;var ab=/(.*?):yc:(.*?);yc;/gi;if(X&amp;amp;&amp;amp;W.tagName.toLowerCase()===&quot;a&quot;&amp;amp;&amp;amp;/\//g.test(X)){R.url=encodeURIComponent(X)}var T=S;if(Q.indexOf(&quot;:yc:&quot;)!==-1){T=ab}while((U=T.exec(Q))){var V=&quot;title,stype,picNum,extra&quot;;if(V.indexOf(U[1].trim())!==-1){continue}R[U[1]]=U[2]}h.send(R,Z)}function n(X){var aa=l.find(&quot;[data-rid]&quot;);var af=null;var ab;var ac=m||[];var Q=$(window).height();var ae=[];var ag;var S=/(.*?):(.*?);/gi;var Z=/(.*?):yc:(.*?);yc;/gi;var U;var ah={};var ai;var R;var T=[];if(!(/#iact=wiseindex/.test(d.location.href))&amp;amp;&amp;amp;!(/#iview=skin/.test(d.location.href))&amp;amp;&amp;amp;!(/feed\/data\/feeddetail/.test(d.location.href))){for(var ad=0;ad&amp;lt;aa.length;ad++){af=aa.eq(ad);ab=af.attr(&quot;data-rid&quot;);if(af.data(&quot;logtype&quot;)&amp;amp;&amp;amp;((af.data(&quot;logtype&quot;).toString().indexOf(&quot;1&quot;)&amp;lt;0))){continue}if($.inArray(ab,ac)!==-1){continue}if(af.offset().top+af.height()*0.3-$(window).scrollTop()&amp;lt;Q){if(ae.length&amp;gt;2){break}if($.inArray(ab,ac)===-1){R=af.attr(&quot;data-pos&quot;);ae.push(ab);ac.push(ab);T.push(R)}ag=af.attr(&quot;data-log&quot;)||af.attr(&quot;data-elog&quot;);var W=S;if(ag.indexOf(&quot;:yc:&quot;)!==-1){W=Z}while((U=W.exec(ag))){ai=U[1];var Y=&quot;title,stype,picNum,extra&quot;;if(Y.indexOf(ai.trim())!==-1){continue}if(ai===&quot;title&quot;){continue}if(!ah[ai]){ah[ai]=[]}ah[ai].push(U[2])}}}if(ae.length!==0){var V={cst:1,logFrom:&quot;mid_news&quot;,logInfo:&quot;a2_l*&quot;};$.extend(V,X);for(var ad in ah){V[ad]=ah[ad].join(&quot;,&quot;)}h.send(V);m=ac}B.fire(&quot;tabs/news/index&quot;,&quot;showLog&quot;)}}function j(S,R,Q){var U=null,T=null;return function(){var W=+new Date(),X=this,V=arguments;if(!T){T=W}var Y=W-T;if(Q&amp;amp;&amp;amp;Y&amp;gt;=Q){if(U){clearTimeout(U)}S.apply(X,V);T=W}else{U=setTimeout(function(){S.apply(X,V)},R)}}}function c(R){var T=R,S=null;var Q=function(U){var V=Math.round(U/15);T=T-V;if(T&amp;lt;0){window.clearInterval(S);window.scrollTo(0,0);return false}window.scrollTo(0,T)};S=window.setInterval(function(){Q(R)},20)}return{init:L}});require([&quot;tabs/news/index&quot;],function(a){a.init();window.B.fire(&quot;tabs/news/index&quot;,&quot;cardinited&quot;,{cardid:1})})});;&lt;/script&gt;&lt;script id=&quot;index_plus_ls_js_baiduloc&quot; type=&quot;text/javascript&quot; class=&quot;js_baiduloc&quot;&gt;define(&quot;lib/baiduloc&quot;,function(){var d=30*60*1000;if(/(\d+)$/.test(B.cookie(&quot;BAIDULOC&quot;))&amp;amp;&amp;amp;Date.now()-RegExp.$1&amp;lt;=d){return}var a=false;var b=e();B.geolocation.getPosition({onlyFromHTML5:b.html5,onlyFromNative:b[&quot;native&quot;],expireTime:d,onSuccess:function(f,g){if(a){return}a=true;if(g.from==&quot;html5&quot;){B.cookie(&quot;H5LOC&quot;,1,{expires:2*24*60*60*1000,domain:&quot;.baidu.com&quot;,path:&quot;/&quot;})}},onFail:function(f){if(f&amp;amp;&amp;amp;f.error==4){B.cookie(&quot;H5LOC&quot;,null)}}});var c=window.navigator.userAgent.toLowerCase();if(c.indexOf(&quot;android&quot;)!==-1&amp;amp;&amp;amp;c.indexOf(&quot;micromessenger&quot;)!==-1){return}function e(){var f=$(&quot;#commonBase&quot;).attr(&quot;data-gps&quot;)||&quot;&quot;;var g={html5:false,&quot;native&quot;:false};if(f.length&amp;amp;&amp;amp;f!==&quot;all&quot;){g[f]=true}return g}});require([&quot;lib/baiduloc&quot;]);&lt;/script&gt;&lt;script id=&quot;index_plus_ls_js_callbaiduapp_android&quot; type=&quot;text/javascript&quot; class=&quot;js_callbaiduapp_android&quot;&gt;define(&quot;lib/callbaiduapp_android&quot;,function(){(function(){var s=window.B||{};var t=s.app||(s.app={});var v=navigator.userAgent;var e=v.match(/OS (\d+)_(\d+)_?(\d+)?/);var k=/iP(ad|hone|od)/i.test(v);var h=k&amp;amp;&amp;amp;e&amp;amp;&amp;amp;e[1]&amp;gt;=9;var f=/MicroMessenger/i.test(v);var n=function(){if(window.OpenBox){return}var x=document.createElement(&quot;script&quot;);x.src=&quot;//s.bdstatic.com/common/openjs/openBox.js?_v=&quot;+Math.floor((new Date()).getTime()/(1000*60*60));$(&quot;head&quot;).append(x);var x=document.createElement(&quot;script&quot;)};var a;n();t.log=function(A,y,x,z){if(typeof x===&quot;function&quot;){z=x;x={}}s.log.send($.extend({ct:3,cst:2,clk_from:A,clk_info:y},x),z)};var l={product:&quot;baiduBoxMode&quot;};var i={buildScheme:function(x){var y=this;var z=y.getSource();return x+&quot;&amp;amp;needlog=1&amp;amp;logargs=&quot;+encodeURIComponent(JSON.stringify(h?{from:z}:{source:z}))},getSource:function(){var y=this;var x=[&quot;invokeBdBox_&quot;+l.product,y.getUserBdid(),y.getOs()+&quot;_&quot;+y.getOsVersion(),y.getBrowser()];return x.join(&quot;,&quot;)},getOs:function(){return $.os.ios?&quot;iOS&quot;:&quot;android&quot;},getOsVersion:function(){return $.os.version.split(&quot;.&quot;)[0]},getBrowser:function(){var y=&quot;&quot;;var x={UCBrowser:&quot;UCBrowser&quot;,QQBrowser:&quot;QQBrowser&quot;,baidubrowser:&quot;baidubrowser&quot;,SogouMobileBrowser:&quot;SogouMobileBrowser&quot;};var z={CriOS:&quot;Chrome&quot;,OPiOS:&quot;OPRBrowser&quot;,&quot;&quot;:&quot;Safari&quot;};var A={OPR:&quot;OPRBrowser&quot;,MiuiBrowser:&quot;MiuiBrowser&quot;,HUAWEI:&quot;HUAWEIBrowser&quot;,&quot;360 Aphone Browser&quot;:&quot;360AphoneBrowser&quot;,&quot;&quot;:&quot;origin&quot;};$.each(x,function(C,B){if(v.indexOf(C)!==-1){y=B;return false}});if(!y){if($.os.ios){$.each(z,function(B,C){if(v.indexOf(B)!==-1){y=C;return false}})}else{$.each(A,function(B,C){if(v.indexOf(B)!==-1){y=C;return false}})}}return y},getUserBdid:function(){var x=document.cookie.split(&quot;;&quot;);var y=&quot;&quot;;$.each(x,function(A,B){if(B.split(&quot;=&quot;)[0].trim()===&quot;BAIDUID&quot;){var z=B.split(&quot;=&quot;)[1]+&quot;&quot;;y=z.substr(z.Length-1).split(&quot;:&quot;)[0]}});return y}};t.addSource=function(x){return i.buildScheme(x)};var g=$(&#039;[data-formposition=&quot;i&quot;]&#039;);g.find(&quot;.se-input&quot;).on(&quot;focus&quot;,function(){$(this).closest(&quot;.se-form&quot;).addClass(&quot;focus&quot;)}).end().find(&quot;.baiduapp-icon&quot;).on(&quot;click&quot;,function(){var x=$(this).closest(&quot;.callicon-wrap&quot;).toggleClass(&quot;open&quot;);var y=$(this).closest(&quot;.se-form&quot;).data(&quot;formposition&quot;);t.log(y,x.hasClass(&quot;open&quot;)?1:2);return false});var b;var w;var r;var p;var d=8*1024*1024;var j=g.find(&quot;.call.qrcode&quot;);function o(){b=$(&quot;#ts-image-uploader&quot;);setTimeout(function(){b.css({display:&quot;block&quot;,position:&quot;absolute&quot;,top:0,left:0,fontSize:&quot;80px&quot;,zIndex:100,opacity:0,overflow:&quot;hidden&quot;,width:&quot;52px&quot;,height:&quot;39px&quot;})});w=document.createElement(&quot;div&quot;);w.style.cssText=&quot;width:40%; background:#000; opacity:0.7;height:110px;border-radius:5px; position:fixed; top:40%; left:30%; z-index:999999;&quot;;r=document.createElement(&quot;div&quot;);r.style.cssText=&quot;margin-top:20px; display:inline-block;height:40px; width:40px;background:url(//m.baidu.com/static/search/loading.gif) no-repeat; background-size:40px 40px&quot;;p=document.createElement(&quot;div&quot;);p.style.cssText=&quot;text-align:center; font-size:14px; color:#fff; margin-top:10px&quot;;p.innerHTML=&quot;图片识别中...&quot;;w.appendChild(r);w.appendChild(p);b.off(&quot;change click&quot;);b.one(&quot;change&quot;,function(){var y=b[0].files[0];if(y.size&amp;amp;&amp;amp;y.size&amp;gt;d){q(&quot;图片过大&quot;,2000);b.after(b.clone().val(&quot;&quot;));b.remove();o();return false}var x=new FormData();x.append(&quot;image&quot;,y);x.append(&quot;tn&quot;,&quot;wise&quot;);document.body.appendChild(w);var z=new XMLHttpRequest();z.abort();z.addEventListener(&quot;load&quot;,u,false);z.addEventListener(&quot;error&quot;,m,false);z.open(&quot;POST&quot;,&quot;https://graph.baidu.com/upload&quot;);z.send(x)});b.on(&quot;click&quot;,function(x){j.trigger(&quot;click&quot;)})}function u(x){document.body.removeChild(w);var y=JSON.parse(x.target.responseText);var z=&quot;https://graph.baidu.com&quot;;b.after(b.clone().val(&quot;&quot;));b.remove();o();if(y.status===0){setTimeout(function(){var A=y.data.url;if(A.indexOf(&quot;http&quot;)===0){window.location.href=A}else{window.location.href=z+A}},10)}else{q(&quot;图片搜索失败&quot;,2000)}}function m(x){document.body.removeChild(w);q(&quot;上传图片失败&quot;,2000);b.after(b.clone().val(&quot;&quot;));b.remove();o()}function q(z,y){y=isNaN(y)?3000:y;var x=document.createElement(&quot;div&quot;);x.innerHTML=z;x.style.cssText=&quot;width:60%; min-width:150px; background:#000; opacity:0.7; height:40px; color:#fff; line-height:40px;text-align:center; border-radius:5px; position:fixed; top:40%; left:20%; z-index:999999;&quot;;document.body.appendChild(x);setTimeout(function(){var A=0.5;x.style.webkitTransition=&quot;-webkit-transform &quot;+A+&quot;s ease-in, opacity &quot;+A+&quot;s ease-in&quot;;x.style.opacity=&quot;0&quot;;setTimeout(function(){document.body.removeChild(x)},A*1000)},y)}o();var c=$(&#039;[data-formposition=&quot;i&quot;]&#039;).find(&quot;.call&quot;).on(&quot;click&quot;,function(y){if(c.data(&quot;lock&quot;)===1){return}var x=&quot;voice&quot;;var z=$(this).closest(&quot;.se-form&quot;).data(&quot;formposition&quot;);if($(this).hasClass(&quot;qrcode&quot;)){x=&quot;qrcode&quot;}t.log(z,x===&quot;qrcode&quot;?3:4);if(x===&quot;qrcode&quot;){return}c.data(&quot;lock&quot;,1);s.app.invoke(x).always(function(){c.data(&quot;lock&quot;,null)}).done(function(A){if(window.OpenBox){if(!a){a=window.OpenBox()}a.open({showTip:false,from:x===&quot;qrcode&quot;?&quot;&quot;:&quot;neibu_shouye_yuyinsousuo&quot;,channel:x===&quot;qrcode&quot;?&quot;1001608m&quot;:&quot;1001608l&quot;,iosScheme:A,androidCommand:{mode:&quot;0&quot;,minver:&quot;6.9.1&quot;,intent:A},failCallback:function(){if(x!==&quot;qrcode&quot;){s.app.downloadPannel(x).done(function(){t.log(z,x===&quot;qrcode&quot;?5:6)});t.log(z,9,{clk_extra:x===&quot;qrcode&quot;?1:2})}}})}}).fail(function(){if(x!==&quot;qrcode&quot;){s.app.downloadPannel(x).done(function(){t.log(z,x===&quot;qrcode&quot;?5:6)});t.log(z,9,{clk_extra:x===&quot;qrcode&quot;?1:2})}});return false})})();;var b=window.B||(window.B={});var c=b.app||(b.app={});var f=Box.moplus();var h=$(&quot;#commonBase&quot;);var d=c.log;var g=0;Date.prototype.format=function(n){var p={&quot;M+&quot;:this.getMonth()+1,&quot;d+&quot;:this.getDate(),&quot;h+&quot;:this.getHours(),&quot;m+&quot;:this.getMinutes(),&quot;s+&quot;:this.getSeconds(),&quot;q+&quot;:Math.floor((this.getMonth()+3)/3),S:this.getMilliseconds()};if(/(y+)/.test(n)){n=n.replace(RegExp.$1,(this.getFullYear()+&quot;&quot;).substr(4-RegExp.$1.length))}for(var m in p){if(new RegExp(&quot;(&quot;+m+&quot;)&quot;).test(n)){n=n.replace(RegExp.$1,RegExp.$1.length==1?p[m]:(&quot;00&quot;+p[m]).substr((&quot;&quot;+p[m]).length))}}return n};var e=(new Date()).format(&quot;yyyy-MM-dd&quot;);c.log=function(p,n,m,o){if(typeof m===&quot;function&quot;){o=m;m={t_mop:g}}else{if(typeof m===&quot;object&quot;){m.t_mop=g}else{m={t_mop:g}}}d.call(c,p,n,m,o)};c.sendSchema=function(u,w,p){var m=&quot;&quot;;var r=h.data(&quot;browserid&quot;);var v=[r,h.data(&quot;browserversion&quot;)].join(&quot;|&quot;);if(u===&quot;qrcode&quot;){var o=[&quot;#Intent&quot;,&quot;launchFlags=0x20000&quot;,&quot;component=com.baidu.searchbox/.CodeScannerActivity&quot;,&quot;S.referer=&quot;+encodeURIComponent(location.href),&quot;S.source_app=&quot;+encodeURIComponent(v),&quot;end&quot;].join(&quot;;&quot;);m=[&quot;#Intent;action=com.baidu.searchbox.plugin.action.INVOKE&quot;,&quot;S.package_name=com.baidu.searchbox.godeye&quot;,&quot;S.method_name=imageSearch&quot;,&quot;S.params=&quot;+JSON.stringify({intent:o}),&quot;end&quot;].join(&quot;;&quot;)}else{if(u===&quot;voice&quot;){m=[&quot;intent:#Intent&quot;,&quot;package=com.baidu.searchbox&quot;,&quot;action=com.baidu.searchbox.action.VOICESEARCH&quot;,&quot;category=android.intent.category.DEFAULT&quot;,&quot;S.search_source=api_mbaiducom_voice&quot;,&quot;end&quot;].join(&quot;;&quot;)}else{if(u===&quot;index&quot;){var n=&quot;电视剧&quot;;var s=[&quot;2016-03-24&quot;,&quot;2016-03-25&quot;,&quot;2016-03-26&quot;,&quot;2016-03-27&quot;];if(s.indexOf(e)&amp;gt;-1){n=&quot;综艺&quot;}m=[&quot;intent:#Intent&quot;,&quot;package=com.baidu.searchbox&quot;,&quot;action=com.baidu.searchbox.action.SEARCH&quot;,&quot;category=android.intent.category.DEFAULT&quot;,&quot;S.key_value=&quot;+n,&quot;end&quot;].join(&quot;;&quot;)}else{}}}return m;var q={intent:m,mcmdf:&quot;inapp_boxserver&quot;};var t=&quot;baiduboxapp://utils?action=sendIntent&amp;amp;minver=6.9.1&amp;amp;params=&quot;+encodeURIComponent(JSON.stringify(q));t=c.addSource(t);a(t,w,p)};c.getVersion=function(){var m=$.Deferred();f.getHVersion(function(n){if(n&amp;amp;&amp;amp;n.version&amp;amp;&amp;amp;n.name.indexOf(&quot;com.baidu.searchbox&quot;)&amp;gt;-1){m.resolve(n.version)}else{m.reject()}});return m.promise()};c.invoke=function(o){if([&quot;qrcode&quot;,&quot;voice&quot;,&quot;index&quot;,&quot;#Intent;&quot;].indexOf(o)===-1){return}var p=$.Deferred();var n=$.Deferred();if(/^#Intent;/.test(o)){setTimeout(p.resolve,0)}else{c.getVersion().done(function(q){if(parseFloat(q)&amp;lt;4){p.reject()}else{p.resolve(q)}}).fail(p.reject)}p.done(function(q){var r=l(o,q);if(g===0&amp;amp;&amp;amp;parseFloat(q)&amp;lt;=6.4){g=1}else{g=2}b.log.send({ct:0,cst:0,t_mops:g});n.resolve(r)}).fail(function(){n.resolve(c.sendSchema(o))});b.log.send({ct:0,cst:0,t_mops:g});return n.promise();if(o==&quot;index&quot;){return n.promise()}else{var m=$.Deferred();n.done(m.resolve).fail(function(){var q=k();q.done(m.resolve).fail(m.reject)});return m.promise()}};function j(r,q){if(r===q){return 0}var o=r.split(&quot;.&quot;);var p=q.split(&quot;.&quot;);var m=Math.max(o.length,p.length);for(var n=0;n&amp;lt;m;n++){o[n]=&quot;undefined&quot;===typeof o[n]?0:parseInt(o[n],10);p[n]=&quot;undefined&quot;===typeof p[n]?0:parseInt(p[n],10);if(o[n]&amp;gt;p[n]){return 1}if(o[n]&amp;lt;p[n]){return -1}}return 0}c.downloadPannel=function(o){var m=$.Deferred();var q=&quot;让您不用打字，说话就能搜索&quot;;var p=&quot;https://downpack.baidu.com/baidusearch_AndroidPhone_1001608l.apk&quot;;if(o===&quot;qrcode&quot;){q=&quot;让您扫一扫二维码/条形码就能搜索&quot;;p=&quot;https://downpack.baidu.com/baidusearch_AndroidPhone_1001608m.apk&quot;}var n={popup:&#039;&amp;lt;div id=&quot;J_SpeakerPopup&quot; style=&quot;width: 290px; height: auto; background-color: white; position:fixed; top:50%; left:50%;margin-top:-100px; margin-left:-145px; z-index:99; text-align:left; -webkit-border-radius: 2px; &quot;&amp;gt;&amp;lt;div style=&quot; color:#262626; font-size: 15px; line-height: normal; font-family: bold; padding: 20px 0px 7px 16px; &quot;&amp;gt;即将为您下载手机百度&amp;lt;/div&amp;gt;&amp;lt;div style=&quot;font-size: 15px; padding:0px 16px 10px; color:#2A8DE8;&quot;&amp;gt;&#039;+q+&#039;&amp;lt;/div&amp;gt;&amp;lt;div style=&quot;margin-top:4px;font-size:13px;padding:0px 16px 22px;height: 30px;line-height:29px;&quot;&amp;gt;&amp;lt;a id=&quot;J_SpeakerDownload&quot; data-href=&quot;&#039;+p+&#039;&quot;style=&quot;display:inline-block;text-decoration: none;width:148px;background-color:#9AC4FF;border:1px solid #7da9f2; color:#fff; text-align: center;box-sizing: border-box; &quot;&amp;gt;&amp;lt;span style=&quot;display:inline-block;vertical-align:middle;margin-right:5px;width:11px;height:16px;background-repeat:no-repeat;background-image:url(data:image/png;base64,iVBORw0KGgoAAAANSUhEUgAAABYAAAAaCAYAAACzdqxAAAAAGXRFWHRTb2Z0d2FyZQBBZG9iZSBJbWFnZVJlYWR5ccllPAAAANlJREFUeNpi/P//PwNNAMhgAvjwf0xwmJA+RgIu5gfiDzjkBID4Iy6NowaPGow9HVf/pz5YAXKxFtD8Y1DXUQN8AWJnWE6xBOJvVHDpTyB2AgcvUjb0hkqQC/4AcQjMPPQ8HkWBwWnIZmErQDLJMLQC3RxcpVMjCYb2YjMDX9E3jQhDl+LST6gsXorH0I1AzEyuwWxAvAWLoQeAmBOfXmJqEJABJ5EMvQTE/JTWIMhlxgEg5gRiWyB+TUgDIwmVKchQZmiWZaCmwSQBkMH/h5zB36DhR1UAEGAAJuqUH+G98EYAAAAASUVORK5CYII=);background-size:11px 11px;-webkit-background-size:11px 11px;&quot;&amp;gt;&amp;lt;/span&amp;gt;&amp;lt;span&amp;gt;立即下载&amp;lt;/span&amp;gt;&amp;lt;/a&amp;gt;&amp;lt;a class=&quot;J_SpeakerCancel&quot; href=&quot;javascript:void(0)&quot; style=&quot;display: inline-block;text-decoration: none; color: rgb(136, 136, 136); text-align: center; &quot;&amp;gt;&amp;lt;span style=&quot;display:inline-block;padding-left:14px;&quot;&amp;gt;以后再说&amp;lt;/span&amp;gt;&amp;lt;span style=&quot;display:inline-block;width:7px;height:10px;margin-left:5px;background-repeat:no-repeat;background-image:url(data:image/png;base64,iVBORw0KGgoAAAANSUhEUgAAAA4AAAAUCAYAAAC9BQwsAAAAGXRFWHRTb2Z0d2FyZQBBZG9iZSBJbWFnZVJlYWR5ccllPAAAASJJREFUeNpi/P//PwM5gAVE3Lx5E0QxAvE8IN4IxBvwaVJXV2dggrJBmqYDcQIQrwRid0I2wjT2AHE6lM0GxOuA2J4YjR/RxLmAeBMQmxPS2ATE7WhyfEC8A4j18WkEgSog7keTFwDi3UCsiU8jCBQD8TQ0MVEg3gXEKvg0giI1BxotyEAGarMMLo0wzWlAvARNXAGI9wGxGC6NIPAXiLOA+AOauCo0nnFqBMXlGmjgIANQtJXj0sgKxKuA2A1N/BsQ+wLxKWwamYF4ERD7o4n/AuIAID6MLXBA6XUWEEdg0RQKDVWs0TERiJOwBFI8NPlhTQCtQJyLI1pW4Etyj6EKkUE+loSAoXEGVCFMcyUQTyZYAkDBZGioCgNxB6GMDBBgACgnNUyMEDKwAAAAAElFTkSuQmCC);background-size: 7px 10px;-webkit-background-size:7px 10px;&quot;&amp;gt;&amp;lt;/span&amp;gt;&amp;lt;/a&amp;gt;&amp;lt;/div&amp;gt;&amp;lt;div class=&quot;J_SpeakerCancel&quot; style=&quot;position:absolute;right:0px;top:0px;width:50px;height:50px;background-image:url(data:image/png;base64,iVBORw0KGgoAAAANSUhEUgAAAB4AAAAeCAYAAAA7MK6iAAAAGXRFWHRTb2Z0d2FyZQBBZG9iZSBJbWFnZVJlYWR5ccllPAAAASVJREFUeNrE17EKgzAQBmB79CGcAk4+RaGLfYxOvpTg1Meoi9CnyCQ4+RKFRrhICEbvLgcN3GCT/F+HeMFL13XFPwZEz6WrtyujaBjMLFPwOjG6alx9lHCDWQ1mlzHs0TraYBRQn1GHuIdfAVoo4Km9NVob3LqaGQEStECjDeH1h5sCfoZuBqQmBDgZ3XudpDgL3YMlOBtNwRxchB7BVHyUoGcwBa8kKAUmB3HXArEpUAI5f5AM+/EVzolhgwepOlhTcdorKKHs9grEoNTpFfd2yOi995zeDhnolHOxgLDhT7kXC+TeMlIcFFARDkooG/dwr4BS8T6En66sAnq216K1wQu+IlYBTeEWjSU+XB4fFNAYH0J0Hddo4TrxUP4+m/cyfwIMAIRDjD+sLrvPAAAAAElFTkSuQmCC);background-size:15px 15px;-webkit-background-size:15px 15px;background-repeat:no-repeat;background-position:26px 10px&quot;&amp;gt;&amp;lt;/div&amp;gt;&amp;lt;/div&amp;gt;&#039;,mask:$(&#039;&amp;lt;div id=&quot;J_SpeakerMask&quot;&amp;gt;&amp;lt;/div&amp;gt;&#039;).css({width:&quot;100%&quot;,height:$(window).height()+300,background:&quot;rgba(0, 0, 0, 0.3)&quot;,position:&quot;fixed&quot;,zIndex:90,top:0,left:0})};$(n.mask).append(n.popup).appendTo(&quot;body&quot;);$(&quot;.J_SpeakerCancel, #J_SpeakerDownload&quot;).one(&quot;click&quot;,function(s){$(&quot;#J_SpeakerPopup, #J_SpeakerMask&quot;).remove();if(this.id===&quot;J_SpeakerDownload&quot;){var r=$(this).data(&quot;href&quot;);m.resolve();setTimeout(function(){location.href=r},500)}else{m.reject()}return false});return m.promise()};function a(o,q,m){var p=$(&quot;&amp;lt;iframe&amp;gt;&quot;).css(&quot;display&quot;,&quot;none&quot;).attr(&quot;src&quot;,o);$(document.body).append(p);var n=+new Date;setTimeout(function(){p.remove();if(+new Date-n&amp;lt;500){m()}else{q()}},300)}function i(o,r,m){var q=h.data(&quot;browserid&quot;);var n=[q,h.data(&quot;browserversion&quot;)].join(&quot;|&quot;);var p=&quot;&quot;;if([9,11].indexOf(q)===-1&amp;amp;&amp;amp;!(/sogou/i.test(navigator.userAgent)&amp;amp;&amp;amp;q===3)){return m()}if(o===&quot;qrcode&quot;){p=[&quot;intent:#Intent&quot;,&quot;package=com.baidu.searchbox&quot;,&quot;action=com.baidu.searchbox.action.QRCODE&quot;,&quot;category=android.intent.category.DEFAULT&quot;,&quot;S.source_app=&quot;+encodeURIComponent(n),&quot;S.referer=&quot;+encodeURIComponent(location.href),&quot;launchFlags=0x10000000&quot;,&quot;end&quot;].join(&quot;;&quot;)}else{if(o===&quot;voice&quot;){p=[&quot;intent:#Intent&quot;,&quot;package=com.baidu.searchbox&quot;,&quot;action=com.baidu.searchbox.action.VOICESEARCH&quot;,&quot;category=android.intent.category.DEFAULT&quot;,&quot;S.search_source=api_mbaiducom_voice&quot;,&quot;S.source_app=&quot;+encodeURIComponent(n),&quot;S.referer=&quot;+encodeURIComponent(location.href),&quot;end&quot;].join(&quot;;&quot;)}else{return m()}}return p;a(p,r,m)}function l(q,n){var p=[h.data(&quot;browserid&quot;),h.data(&quot;browserversion&quot;)].join(&quot;|&quot;);var r=&quot;&quot;;if(/^#Intent;/.test(q)){r=q}else{switch(q){case&quot;voice&quot;:if(j(n,&quot;6.0&quot;)&amp;lt;0){r=[&quot;#Intent;action=com.baidu.searchbox.action.VOICESEARCH&quot;,&quot;package=com.baidu.searchbox&quot;,&quot;category=android.intent.category.DEFAULT&quot;,&quot;S.search_source=api_mbaiducom_voice&quot;,&quot;S.source_app=&quot;+encodeURIComponent(p),&quot;S.referer=&quot;+encodeURIComponent(location.href),&quot;end&quot;].join(&quot;;&quot;)}else{var s={actionSource:&quot;wiseMic&quot;,inNewWindow:0,source_app:encodeURIComponent(p),referer:encodeURIComponent(location.href)};r=[&quot;#Intent;action=com.baidu.searchbox.plugin.action.INVOKE&quot;,&quot;S.package_name=com.baidu.speechbundle&quot;,&quot;S.method_name=voiceSearch&quot;,&quot;S.params=&quot;+JSON.stringify(s),&quot;end&quot;].join(&quot;;&quot;)}break;case&quot;qrcode&quot;:if(j(n,&quot;5.3&quot;)&amp;gt;0){r=[&quot;widgetid://com.baidu.searchbox/-1#Intent&quot;,&quot;package=com.baidu.searchbox&quot;,&quot;action=com.baidu.searchbox.action.SEARCHCOMBINE_BARCODE&quot;,&quot;category=android.intent.category.DEFAULT&quot;,&quot;S.from=1&quot;,&quot;S.source_app=&quot;+encodeURIComponent(p),&quot;S.referer=&quot;+encodeURIComponent(location.href),&quot;launchFlags=0x10000000&quot;,&quot;end&quot;].join(&quot;;&quot;)}else{r=[&quot;widgetid://com.baidu.searchbox/-1#Intent&quot;,&quot;package=com.baidu.searchbox&quot;,&quot;action=com.baidu.searchbox.action.QUICKSEARCH_BARCODE&quot;,&quot;category=android.intent.category.DEFAULT&quot;,&quot;S.source_app=&quot;+encodeURIComponent(p),&quot;S.referer&quot;+encodeURIComponent(location.href),&quot;launchFlags=0x10000000&quot;,&quot;end&quot;].join(&quot;;&quot;)}break;case&quot;index&quot;:var o=&quot;电视剧&quot;;var m=[&quot;2016-03-24&quot;,&quot;2016-03-25&quot;,&quot;2016-03-26&quot;,&quot;2016-03-27&quot;];if(m.indexOf(e)&amp;gt;-1){o=&quot;综艺&quot;}r=[&quot;#Intent;scheme=web&quot;,&quot;action=com.baidu.searchbox.action.SEARCH&quot;,&quot;category=android.intent.category.DEFAULT&quot;,&quot;S.key_value=&quot;+o,&quot;end&quot;].join(&quot;;&quot;);break}}return r}function k(){var p=&quot;http://127.0.0.1:40310/getpackageinfo?callback=jsonp&amp;amp;packagename=com.baidu.appsearch&amp;amp;mcmdf=inapp_baiduappsearch&quot;;var n=&quot;#Intent;action=com.baidu.appsearch.extinvoker.LAUNCH;S.id=com.baidu.searchbox;S.backop=0;S.func=14;B.confirm=false;S.url=http://downpack.baidu.com/baidusearch_AndroidPhone_1010750s.apk;B.downloadapp=true;S.packagename=com.baidu.searchbox;S.filename=手机百度;end&quot;;var m=&quot;http://127.0.0.1:40310/sendintent?callback=jsonp&amp;amp;mcmdf=inapp_wiselocation&amp;amp;intent=&quot;+encodeURIComponent(n);var r=$.ajax({url:p,dataType:&quot;jsonp&quot;,timeout:1500});var s=$.Deferred();var q=$.Deferred();r.done(function(v){if(v&amp;amp;&amp;amp;v.error===0){var t=0;for(var u=0;u&amp;lt;v.package_infos.length;u++){var w=v.package_infos[u];if(w.package_name.indexOf(&quot;com.baidu.appsearch&quot;)&amp;gt;-1&amp;amp;&amp;amp;parseInt(w.version_code,10)&amp;gt;=16785170){t=1;break}}if(t){s.resolve()}}else{s.reject()}}).fail(s.reject);var o=[&quot;bdbrowserinvoke://baidu.com?receiver=NpwUNN4SwztMCEjgf5AKzxquSJsdB&quot;,&quot;action=9pFFju4uAJsdB&quot;,&quot;username=fpxCoJsUB&quot;,&quot;packagename=NpwUNN4SwztMCxoTI5EAqCluqJsdB&quot;,&quot;downloadUrl=9rFIYquOSk_8iV8a04myY95HAz9BhAoQ94F8NNppmk_M8AzQ94x9jNyoxokdNH6lI5me6I96m6kn4L8Dgavj8_uoFNu7LLsGC&quot;,&quot;iconurl=9rFIYquOSk_8iV8alJXrzNJ1Ajoz4m6U6aSsjfy_x6NfM2usf4EzjIJQAqiFM2aeIJE7jkJgAk_y8x6uNpEYqN42Ak_Y8AzQ94Ftqk44wNAX5BsGC&quot;,&quot;confirm=AJsiB&quot;,&quot;downloadapp=mJsiB&quot;,&quot;appname=q8vJkjO_VtlgRH8rqOSCkli_eaghRBfj6iSTklutVulTRHilA&quot;].join(&quot;&amp;amp;&quot;);s.done(function(){var v=&quot;#Intent;action=com.baidu.searchbox.plugin.action.INVOKE;S.method_name=;S.package_name=com.baidu.appsearch;S.params=;end&quot;;var u=$.Deferred();f.sendIntent(v,function(w){if(w&amp;amp;&amp;amp;w.error===0){u.resolve()}else{u.reject()}},1000);var t=$.Deferred();u.fail(function(){var x={intent:v,source:&quot;search-open&quot;,mcmdf:&quot;33&quot;,needlog:0};var w=&quot;baiduboxapp://util?action=sendIntent&amp;amp;params=&quot;+encodeURIComponent(JSON.stringify(x))+&quot;&amp;amp;minver=6.9&quot;;a(w,t.resolve,t.reject)}).done(q.resolve);t.fail(function(){var w=$.ajax({url:m,dataType:&quot;jsonp&quot;,timeout:1500});w.fail(function(){a(o,q.resolve,q.reject)}).done(q.resolve)}).done(q.resolve)}).fail(function(){a(o,q.resolve,q.reject)});return q.promise()}c.assistant=k});require([&quot;lib/callbaiduapp_android&quot;]);&lt;/script&gt;&lt;script&gt;/*https域名转换工具*/B.https = B.https || {};B.https.domain = (function(){var list = {&quot;fclick.baidu.com&quot;:&quot;https://sp0.baidu.com/-rU_dTmfKgQFm2e88IuM_a&quot;,&quot;sestat.baidu.com&quot;:&quot;https://sp1.baidu.com/5b1ZeDe5KgQFm2e88IuM_a&quot;,&quot;image.baidu.com&quot;:&quot;https://sp1.baidu.com/70cHazva2gU2pMbgoY3K&quot;,&quot;aladdin.wapmap.baidu.com&quot;:&quot;https://sp2.baidu.com/90gHaDqh_cgXo1ufo-zN2TxrfQVwcu8e&quot;,&quot;map.baidu.com&quot;:&quot;https://sp1.baidu.com/80MWsjip0QIZ8tyhnq&quot;,&quot;res.iciba.com&quot;:&quot;https://ss3.bdstatic.com/5r1Zsj3n0QQF8tyhnq&quot;,&quot;snap0.map.bdimg.com&quot;:&quot;https://ss0.bdstatic.com/5boHfGba_QUU8t7mm9GUKT-xh_&quot;,&quot;t10.baidu.com&quot;:&quot;https://ss0.baidu.com/6ONWsjip0QIZ8tyhnq&quot;,&quot;t11.baidu.com&quot;:&quot;https://ss1.baidu.com/6ONXsjip0QIZ8tyhnq&quot;,&quot;t12.baidu.com&quot;:&quot;https://ss2.baidu.com/6ONYsjip0QIZ8tyhnq&quot;,&quot;online0.map.bdimg.com&quot;:&quot;https://ss0.bdstatic.com/8bo_dTSlR1gBo1vgoIiO_jowehsv&quot;,&quot;sensearch.baidu.com&quot;:&quot;https://sp1.baidu.com/5b11fzupBgM18t7jm9iCKT-xh_&quot;,&quot;api.open.baidu.com&quot;:&quot;https://sp0.baidu.com/9_Q4sjW91Qh3otqbppnN2DJv&quot;,&quot;opendata.baidu.com&quot;:&quot;https://sp0.baidu.com/8aQDcjqpAAV3otqbppnN2DJv&quot;};    var get = function(url) {var reg = /^(http[s]?:\/\/)?([^\/]+)(.*)/,matches = url.match(reg);/*判断传入参数是域名还是地址，分别做处理*/url = list.hasOwnProperty(matches[2])&amp;amp;&amp;amp;(list[matches[2]] + matches[3]) || url;return url;},set = function(kdomain,vdomain) {list[kdomain] = vdomain;};return {get : get,set : set}})();&lt;/script&gt;&lt;script data-version=&quot;globalBjs_f491cfe&quot; data-key=&quot;globalBjs&quot; class=&quot;code-to-write&quot;&gt;!function(){function e(e,t){var n=e+&quot;:&quot;,r=document.createElement(&quot;test&quot;),i=r.style;return i.cssText=n+t,-1!==i[e].indexOf(t)}if(!e(&quot;display&quot;,&quot;-webkit-flex&quot;)||/MQQBrowser/i.test(navigator.userAgent)&amp;amp;&amp;amp;/android/i.test(navigator.userAgent)){var t=&quot;.c-flexbox .c-img, .c-row .c-img{-webkit-background-clip:padding-box;background-clip:padding-box;border-top:4px solid transparent;border-bottom:4px solid transparent;}&quot;;$(&quot;head&quot;).append(&quot;&amp;lt;style&amp;gt;&quot;+t+&quot;&amp;lt;/style&amp;gt;&quot;)}}(),Zepto(function(e){e.fn.imageDelayload=function(){var t=e(this).filter(&quot;[data-imagedelaysrc]&quot;).add(e(this).find(&quot;[data-imagedelaysrc]&quot;));return t.each(function(){this.src=this.getAttribute(&quot;data-imagedelaysrc&quot;),this.removeAttribute(&quot;data-imagedelaysrc&quot;),this.onload=function(){var t=e(this).closest(&quot;.c-img&quot;);t.length&amp;amp;&amp;amp;t.css({background:&quot;none&quot;})}})},e(&quot;img[data-imagedelaysrc]&quot;).not(&#039;[data-imageinvisible=&quot;1&quot;]&#039;).imageDelayload()}),define(&quot;log/link-base&quot;,[&quot;require&quot;],function(){var e=function(){var e=this;e._init()};return $.extend(e.prototype,{_init:function(){var e=this;e.origin=location.origin},_buildParamsString:function(e,t,n){var r=&quot;&quot;;return $.each(e,function(e,n){r+=t+e+&quot;=&quot;+n}),n?r:r.substring(1)},_buildShareTcUrl:function(e,t){var n,r,i,o=this,a=[&quot;order&quot;,&quot;fm&quot;,&quot;laid&quot;,&quot;appui&quot;,&quot;srd&quot;,&quot;asres&quot;,&quot;dict&quot;,&quot;sec&quot;,&quot;di&quot;,&quot;bdenc&quot;,&quot;nsrc&quot;,&quot;src&quot;],s=[];if(!/^.+\/(tc\?).+/.test(e))return e;n=e.match(/^\w+:\/\/([^\/]+)/),null!=n&amp;amp;&amp;amp;(n=n[0],r=e.match(/l=\w/),null!=r&amp;amp;&amp;amp;(n+=&quot;/&quot;+r),n+=&quot;/tc?&quot;,i=e.split(&quot;tc?&quot;)[1].split(&quot;&amp;amp;&quot;),$.each(i,function(e,t){-1!=a.indexOf(t.split(&quot;=&quot;)[0])&amp;amp;&amp;amp;s.push(t)}),e=n+s.join(&quot;&amp;amp;&quot;));var c=o._buildParamsString(t,&quot;&amp;amp;&quot;,!0);return e+=c},getJumpLinkUrl:function(e){var t=this,n=&quot;/tc?&quot;,r=&quot;http://m.baidu.com&quot;,i={lid:page.comm.lid,ref:page.comm.ref,w_qd:page.comm.w_qd},o=[&quot;nsrc&quot;,&quot;nt&quot;,&quot;sto&quot;,&quot;tj&quot;,&quot;waplogo&quot;,&quot;ref&quot;,&quot;lid&quot;,&quot;fm&quot;,&quot;order&quot;,&quot;dict&quot;,&quot;src&quot;,&quot;di&quot;,&quot;sec&quot;,&quot;clk_info&quot;,&quot;l&quot;,&quot;vipsign&quot;,&quot;module&quot;];if(e){$.each(o,function(t,n){if(e[n]){var r=e[n];i[n]=encodeURIComponent(&quot;object&quot;==typeof r?JSON.stringify(r):r)}});var a={from:page.comm.from||0,ssid:page.comm.ssid||0,uid:page.comm.uid||0,bd_page_type:page.comm.bd_page_type||0,pu:page.comm.pu||0,baiduid:page.comm.baiduid||0,w:page.comm.pn+&quot;_&quot;+page.comm.rn+&quot;_&quot;,t:page.comm.abct||0,l:1};return r+=t._buildParamsString(a,&quot;/&quot;,!0),r+=n,r+=t._buildParamsString(i,&quot;&amp;amp;&quot;,!1)}},getSearchUrl:function(e,t){var n=page.comm.prepath,r=&quot;/s?word=&quot;+encodeURIComponent(e)+&quot;&amp;amp;&quot;+n.replace(/#/g,&quot;&amp;amp;&quot;);r+=&quot;&amp;amp;rqid=&quot;+page.comm.lid;for(var i in t){var o=t[i];r+=&quot;&amp;amp;&quot;+i+&quot;=&quot;+o}return r},_getComponentUrl:function(e,t){var n=this;if(!e||&quot;[object Object]&quot;!=Object.prototype.toString.call(e)||!e.url)return&quot;&quot;;var r=e.loginfo||{};return t=t||{},&quot;[object Object]&quot;==Object.prototype.toString.call(r)&amp;amp;&amp;amp;(t=$.extend(!0,t,r)),n._buildShareTcUrl(e.url,t)},getShareTcUrl:function(e){var t=this,n={ct:42,cst:0};return t._getComponentUrl(e,n)},getCollectTcUrl:function(e){var t=this,n={ct:43,cst:2};return t._getComponentUrl(e,n)},getSfUrl:function(e){var t=page.comm;return-1==e.search(&quot;&amp;amp;word=&quot;)&amp;amp;&amp;amp;(e+=&quot;&amp;amp;word=&quot;+encodeURIComponent(t.query)),-1==e.search(&quot;&amp;amp;title=&quot;)&amp;amp;&amp;amp;(e+=&quot;&amp;amp;title=&quot;+encodeURIComponent(t.query)),e.replace(/^https?:\/\/m.baidu.com/,&quot;&quot;)+&quot;&amp;amp;lid=&quot;+t.lid+&quot;&amp;amp;ms=1&quot;+(t.applid?&quot;&amp;amp;referlid=&quot;+t.applid:&quot;&quot;)}}),e}),function(){require([&quot;log/link-base&quot;],function(e){page.utils=page.utils||{};var t=new e;page.utils.link=t,page.utils.buildSearchUrl=page.utils.link.getSearchUrl})}(),define(&quot;log/tclog&quot;,[&quot;require&quot;],function(){function e(e,n){var r={tcreq4log:&quot;1&amp;amp;&quot;+page.comm.prepath.replace(/#/g,&quot;&amp;amp;&quot;),ct:0,cst:0,ref:page.comm.ref,lid:page.comm.lid,w:page.comm.pn+&quot;_&quot;+page.comm.rn+&quot;_&quot;+encodeURIComponent(page.comm.query)};page.comm.sid&amp;amp;&amp;amp;(r.sid=page.comm.sid),$.extend(r,e),t(&quot;//m.baidu.com/tc&quot;,r,n)}function t(e,t,n){var r=Date.now(),i=window[r]=new Image,o=&quot;&quot;,a=null;i.onload=i.onerror=i.onabort=function(){window[r]=null,a&amp;amp;&amp;amp;(clearTimeout(a),a=null,n())},t=t||{},t.r=r;for(var s in t)t.hasOwnProperty(s)&amp;amp;&amp;amp;(o+=&quot;&amp;amp;&quot;+s+&quot;=&quot;+t[s]);i.src=e+&quot;?&quot;+o.slice(1),&quot;function&quot;==typeof n&amp;amp;&amp;amp;(a=setTimeout(function(){a=null,n()},500))}function n(e){function n(){var t=this;$.extend(t,e,{pagetype:e.pagetype,actiontype:e.actiontype,timing:0,ta_net:e.ta_net,taspeed:e.taspeed}),-1!=t.pagetype.indexOf(&quot;ajax&quot;)&amp;amp;&amp;amp;(t.actionstatus=0)}return n.prototype.start=function(){var e=this;return e.timing=(new Date).getTime(),e},n.prototype.stop=function(){var e=this;return e.timing=(new Date).getTime()-e.timing,e},n.prototype.setStatus=function(e){var t=this;return t.actionstatus=e,t},n.prototype.send=function(e){var n=this;return _u=e?e:&quot;http://111.13.12.43/static/tj.gif&quot;,t(_u,n),n},new n(e)}return{send:e,spSta:n}}),require([&quot;log/tclog&quot;],function(e){var t=window.page||(window.page={});t.log=e}),define(&quot;base/hash/hash_lib&quot;,[&quot;require&quot;],function(){function e(e){return $.extend({},e)}function t(){var e=location.href.match(/#(.*)$/),t=e?e[0]:&quot;&quot;;return 0===t.indexOf(&quot;#%7C&quot;)&amp;amp;&amp;amp;(t=t.replace(/%7C/g,&quot;|&quot;)),t}function n(){var e=t().replace(/^#*/g,&quot;&quot;),n=e.split(/\|+/),r={};return n.forEach(function(e){var t=e.match(/([^=]+)(?:=(.*))?/);t&amp;amp;&amp;amp;(r[t[1]]=decodeURIComponent(t[2]||&quot;&quot;))}),r}function r(e){var t=[];for(var n in e){var r=e[n];t.push(&quot;&quot;===r?n:n+&quot;=&quot;+encodeURIComponent(r))}return&quot;#|&quot;+t.join(&quot;|&quot;)}function i(e,t){var n=[],r=u(e),i=u(t);return i.forEach(function(r){var i=t[r];if(r in e){var o=e[r];o!==i&amp;amp;&amp;amp;n.push({type:&quot;modified&quot;,key:r,oldValue:o,newValue:i})}else n.push({type:&quot;added&quot;,key:r,oldValue:null,newValue:i})}),r.forEach(function(r){var i=e[r];r in t||n.push({type:&quot;removed&quot;,key:r,oldValue:i,newValue:null})}),n}function o(){var t=n();if(!l.mute){var r=i(d,t);r.forEach(function(e){f.trigger(&quot;change:&quot;+e.key,[e.type,e.oldValue,e.newValue])}),r.length&amp;gt;0&amp;amp;&amp;amp;f.trigger(&quot;change&quot;,[e(d),e(t),r])}d=t}function a(){$(window).on(&quot;hashchange&quot;,o)}function s(){$(window).off(&quot;hashchange&quot;,o)}function c(e,t){var n=r(e);l.mute=!!t,s(),location.hash=n,o(),setTimeout(a,0),l.mute=!1}var u=Object.getOwnPropertyNames,l={mute:!0},d={},f=$(&quot;&amp;lt;div &amp;gt;&amp;lt;/div&amp;gt;&quot;);return&quot;on off one&quot;.split(&quot; &quot;).forEach(function(e){l[e]=function(t,n){f[e](t,n)}}),l.get=function(t){return 0===arguments.length?e(d):t in d?d[t]:null},l.set=function(e,t,r){var i=n(),o={};o[e]=t,1==arguments.length?o=e:2==arguments.length&amp;amp;&amp;amp;&quot;boolean&quot;==typeof t&amp;amp;&amp;amp;(o=e,r=t),$.extend(i,o),c(i,r)},l.remove=function(e,t){var r=n();e in r&amp;amp;&amp;amp;(delete r[e],c(r,t))},d=n(),a(),l.mute=!1,l}),require([&quot;base/hash/hash_lib&quot;],function(e){page.hash=e}),define(&quot;utils/cookie&quot;,[&quot;require&quot;],function(){return{cookie:function(e,t,n){var r,i,o,a;return 0==arguments.length?document.cookie:arguments.length&amp;gt;1&amp;amp;&amp;amp;&quot;[object Object]&quot;!==String(t)?(n=n||{},(null===t||void 0===t)&amp;amp;&amp;amp;(n.expires=-1),&quot;number&quot;==typeof n.expires&amp;amp;&amp;amp;(r=n.expires,i=n.expires=new Date,i.setTime(i.getTime()+r)),t=String(t),document.cookie=[encodeURIComponent(e),&quot;=&quot;,n.raw?t:encodeURIComponent(t),n.expires?&quot;; expires=&quot;+n.expires.toUTCString():&quot;&quot;,n.path?&quot;; path=&quot;+n.path:&quot;&quot;,n.domain?&quot;; domain=&quot;+n.domain:&quot;&quot;,n.secure?&quot;; secure&quot;:&quot;&quot;].join(&quot;&quot;)):(n=t||{},a=n.raw?function(e){return e}:decodeURIComponent,(o=new RegExp(&quot;(?:^|; )&quot;+encodeURIComponent(e)+&quot;=([^;]*)&quot;).exec(document.cookie))?a(o[1]):null)}}}),require([&quot;utils/cookie&quot;],function(e){page.utils=page.utils||{},page.utils.cookie=e.cookie,B.cookie=e.cookie}),define(&quot;utils/storage&quot;,[&quot;require&quot;],function(){var e=function(e){var t={};try{window[e].setItem(&quot;_t&quot;,1),window[e].removeItem(&quot;_t&quot;),t.enabled=!0}catch(n){t.enabled=!1}if(!t.enabled)return t.getObj=t.getObjItem=t.setObj=t.setObjItem=t.getItem=t.get=t.key=function(){return null},t.updateObj=t.updateObjItem=t.setItem=t.set=t.removeItem=t.remove=t.clear=function(){},t.length=function(){return 0},t.keys=function(){return[]},t;var r=window[e];return t.getItem=function(e){return r.getItem(e)},t.setItem=function(e,t){r.setItem(e,t)},t.removeItem=function(e){r.removeItem(e)},t.getObjItem=function(e,t){var n=this.getItem(e),r=null;try{r=JSON.parse(n),t&amp;amp;&amp;amp;(r=r[t])}catch(i){}finally{void 0===r&amp;amp;&amp;amp;(r=null)}return r},t.setObjItem=function(e,t){this.setItem(e,JSON.stringify(t))},t.updateObjItem=function(e,t,n){var r=this.getObjItem(e);r[t]=n,this.setObjItem(e,r)},t.get=function(e,n,r){var i=[e,n,r].join(&quot;_&quot;);return t.getItem(i)},t.set=function(e,n,r,i){var o=[e,n,r].join(&quot;_&quot;);t.setItem(o,i)},t.remove=function(e,n,r){var i=[e,n,r].join(&quot;_&quot;);t.removeItem(i)},t.getObj=function(e,t,n,r){var i=[e,t,n].join(&quot;_&quot;);return this.getObjItem(i,r)},t.setObj=function(e,t,n,r){this.setObjItem([e,t,n].join(&quot;_&quot;),r)},t.updateObj=function(e,t,n,r,i){this.updateObjItem([e,t,n].join(&quot;_&quot;),r,i)},t.keys=function(e,t){var n,i=!1;2==arguments.length&amp;amp;&amp;amp;(n=[e,t].join(&quot;_&quot;),i=new RegExp(&quot;^&quot;+n));for(var o=[],a=0,s=r.length;s&amp;gt;a;++a)n=r.key(a),(!i||n.match(i))&amp;amp;&amp;amp;o.push(n);return o},t.clear=function(){r.clear()},t.length=function(){return r.length},t.key=function(e){return r.key(e)},t};return{ls:e(&quot;localStorage&quot;),ss:e(&quot;sessionStorage&quot;)}}),require([&quot;utils/storage&quot;],function(e){page.utils=page.utils||{},page.utils.ls=e.ls,page.utils.ss=e.ss,B.ls=e.ls,B.ss=e.ss}),define(&quot;utils/event_emitter&quot;,[&quot;require&quot;],function(){function e(){this.events={}}function t(e){s[e]=1}function n(){s={}}function r(e,t){a[t]||(a[t]=[]),a[t].push(e)}function i(){return this.data={},this.listeners={},this.length=0,this}var o=e.prototype,a={},s={};return o.on=function(e,t,n){if(&quot;string&quot;==typeof e&amp;amp;&amp;amp;!(&quot;function&quot;!=typeof t||n&amp;amp;&amp;amp;n.name&amp;amp;&amp;amp;&quot;string&quot;!=typeof n.name)){n=n||{};var r=this.getEvent(e),i=r.listeners;r.length+=1;var o=n.name||r.length+&quot;&quot;;i[o]={fn:t,name:o,doAfter:n.doAfter||&quot;&quot;,once:n.once||!1}}},o.one=function(e,t,n){n=n||{},n.once=!0,this.on(e,t,n)},o.off=function(e,t){var n=this.events[e];if(n){var r=n.listeners;if(&quot;string&quot;==typeof t)return void(r[t]&amp;amp;&amp;amp;delete r[t]);if(&quot;function&quot;==typeof t)for(var i in r)r.hasOwnProperty(i)&amp;amp;&amp;amp;r[i].fn===t&amp;amp;&amp;amp;delete r[i]}},o.exec=function(e,n,r,i){var o;try{if(r.fn.call(n,i||{}),r.once===!0&amp;amp;&amp;amp;this.off(e,r.fn),t(r.name),o=a[r.name]){for(var s=0,c=o.length;c&amp;gt;s;s++)this.exec(e,n,o[s],i);delete a[r.name]}}catch(u){}},o.trigger=function(e,t){var i=this.events[e];if(i){var o=i.listeners,c=null;for(var u in o)o.hasOwnProperty(u)&amp;amp;&amp;amp;(c=o[u],1!==s[c.doAfter]&amp;amp;&amp;amp;c.doAfter&amp;amp;&amp;amp;&quot;string&quot;==typeof c.doAfter?r(c,c.doAfter):this.exec(e,i,c,t));var l;for(u in a)if(a.hasOwnProperty(u)){l=a[u];for(var d=0,f=l.length;f&amp;gt;d;d++)this.exec(e,i,l[d],t);delete a[u]}n()}},o.getEvent=function(e){return void 0===this.events[e]&amp;amp;&amp;amp;(this.events[e]=new i),this.events[e]},i.prototype.getData=function(){return this.data},i.prototype.setData=function(e,t){var n=this.data;return&quot;string&quot;==typeof e&amp;amp;&amp;amp;void 0!==t?void(n[e]=t):void(&quot;[object Object]&quot;===String(e)&amp;amp;&amp;amp;(n=$.extend(!0,n,e)))},e}),require([&quot;utils/event_emitter&quot;],function(e){page.event=new e}),define(&quot;base/zeptoext/zeptoext&quot;,[&quot;require&quot;],function(){var e=function(e){$(e.handler).live(&quot;touchstart&quot;,function(){$(&quot;a&quot;).css({&quot;pointer-events&quot;:&quot;none&quot;}),$(e.area).toggle(),!!e.mo_class&amp;amp;&amp;amp;($(e.handler).toggleClass(e.mo_class),$(e.arr).toggleClass(e.arr_class)),setTimeout(function(){$(&quot;a&quot;).css({&quot;pointer-events&quot;:&quot;auto&quot;})},200)})};return{switchOver:e}}),require([&quot;base/zeptoext/zeptoext&quot;],function(e){$.extend($.fn,e)}),define(&quot;base/etpl/bdetpl&quot;,[&quot;dep/etpl&quot;],function(e){return e.addFilter(&quot;linksearch&quot;,function(e,t){return e&amp;amp;&amp;amp;page.utils&amp;amp;&amp;amp;page.utils.link.getSearchUrl?(t=t||{},page.utils.link.getSearchUrl(e,t)):&quot;&quot;}),e.addFilter(&quot;linktc&quot;,function(e,t){return e&amp;amp;&amp;amp;page.utils&amp;amp;&amp;amp;page.utils.link&amp;amp;&amp;amp;page.utils.link.getJumpLinkUrl?(t=t||{},t.nsrc||(t.src=e),page.utils.link.getJumpLinkUrl(t)):&quot;&quot;}),e.addFilter(&quot;https&quot;,function(e){return e&amp;amp;&amp;amp;page.https&amp;amp;&amp;amp;page.https.domain&amp;amp;&amp;amp;page.https.domain.get?page.https.domain.get(e):&quot;&quot;}),e}),require([&quot;base/etpl/bdetpl&quot;],function(e){page.etpl=e}),!function(){function e(e){var t=this,n=&#039;&amp;lt;div id=&quot;onlyshow-placeholder&quot;&amp;gt;&amp;lt;div class=&quot;loadingbar&quot;&amp;gt;&amp;lt;span class=&quot;ico&quot;&amp;gt;&amp;lt;/span&amp;gt;加载中...&amp;lt;/div&amp;gt;&amp;lt;/div&amp;gt;&#039;,r=(t.tglDOM.not(t.showDOMQuery),e);$(&quot;#onlyshow-loading-tips,#onlyshow-placeholder&quot;).remove(),$(&quot;body&quot;).append(n),window.scrollTo(0,document.body.scrollHeight),setTimeout(function(){t.tglDOM.css({display:&quot;block !important&quot;}),r||t.scrollPage(),$(&quot;#onlyshow-placeholder&quot;).remove(),$(t.tglDOM).trigger(&quot;onlyshowMore&quot;),$(&quot;body&quot;).css({background:&quot;&quot;})},300)}function t(e,n,r){var i=e,o=n,a=r;$(&quot;a&quot;).css({&quot;pointer-events&quot;:&quot;none&quot;}),a&amp;gt;i?(i=i+o&amp;gt;=a?a:i+o,window.scrollTo(0,i),setTimeout(function(){t(i,o,a)},15)):setTimeout(function(){$(&quot;a&quot;).css({&quot;pointer-events&quot;:&quot;auto&quot;})},200)}function n(e){var t=e&amp;gt;&amp;gt;0,n=this,r=3===t||4==t?&quot;none&quot;:&quot;block&quot;;n.tglDOM.not(n.showDOMQuery).css({display:r+&quot; !important&quot;})}var r=!0;$(&quot;body&quot;).on(&quot;switcherOn&quot;,function(){r=!0}),$(&quot;body&quot;).on(&quot;switcherOff&quot;,function(){r=!1});var i=function(e,t){function n(e){r&amp;amp;&amp;amp;&quot;bottom&quot;===c&amp;amp;&amp;amp;s.startY&amp;gt;e.touches[0].pageY&amp;amp;&amp;amp;(e.preventDefault(),$(this).on(&quot;touchmove&quot;,i).one(&quot;touchend&quot;,o))}function i(e){e.preventDefault(),s.endY=e.touches[0].pageY-s.startY,s.endY&amp;lt;u?(s.endY=s.endY&amp;lt;=d?d:s.endY,$(p.tip).html(h[1])):$(p.tip).html(h[0]),$(this).css({&quot;-webkit-transition-duration&quot;:&quot;0&quot;,&quot;-webkit-transform&quot;:&quot;translate3d(0, &quot;+s.endY+&quot;px, 0)&quot;})}function o(){var e=$(this);e.css({&quot;-webkit-transform&quot;:&quot;translate3d(0,0,0)&quot;,&quot;-webkit-transition-duration&quot;:&quot;0&quot;}),s.endY&amp;lt;u&amp;amp;&amp;amp;(0==$(p.placeholder).size()&amp;amp;&amp;amp;($(p.tip).remove(),$(&quot;body&quot;).css({background:&quot;#eee&quot;}).append(f.placeholder),$(p.placeholder)),$(p.placeholder).html(h[2]),setTimeout(function(){window.scrollTo(0,document.body.scrollHeight)},0),setTimeout(function(){$(p.placeholder).remove(),l&amp;amp;&amp;amp;l()},300))}var a=e,s={startX:0,startY:0,endX:0,endY:0},c=&quot;top&quot;,u=-70,l=t,d=-120,f={tip:&#039;&amp;lt;div id=&quot;onlyshow-loading-tips&quot;&amp;gt;&amp;lt;/div&amp;gt;&#039;,placeholder:&#039;&amp;lt;div id=&quot;onlyshow-placeholder&quot;&amp;gt;&amp;lt;/div&amp;gt;&#039;},p={tip:&quot;#onlyshow-loading-tips&quot;,placeholder:&quot;#onlyshow-placeholder&quot;},h=[&quot;上拉加载更多&quot;,&quot;松开加载更多&quot;,&#039;&amp;lt;div class=&quot;loadingbar&quot;&amp;gt;&amp;lt;span class=&quot;ico&quot;&amp;gt;&amp;lt;/span&amp;gt;加载中...&amp;lt;/div&amp;gt;&#039;];a.on(&quot;touchstart&quot;,function(e){0===$(p.tip).size()&amp;amp;&amp;amp;(a.css({&quot;z-index&quot;:2}),$(&quot;body&quot;).append(f.tip)),c=window.scrollY&amp;gt;=document.body.offsetHeight-window.innerHeight-10?&quot;bottom&quot;:&quot;top&quot;,s.startX=e.touches[0].pageX,s.startY=e.touches[0].pageY,$(a).one(&quot;touchmove&quot;,n)}).on(&quot;touchend&quot;,function(){$(a).off(&quot;touchmove&quot;,n).off(&quot;touchmove&quot;,i)})};$.newSigma=function(e){var t=this;1===arguments.length&amp;amp;&amp;amp;(page.comm.sigmaConf=page.comm.sigmaConf||{},$.extend(t,{tglDOM:$(e.tglDOM),tglDOMQuery:e.tglDOM,showDOMQuery:e.showDOM,showDOM:$(e.showDOM),hdWrap:$(e.hdWrap),bdWrap:$(e.bdWrap),execute:1,onlyshow:page.comm.sigmaConf.hideOtherResult===!0&amp;amp;&amp;amp;page.comm.sigmaConf.toolbar===!0?&quot;322&quot;:page.comm.sigmaConf.hideOtherResult===!0?&quot;422&quot;:&quot;222&quot;,isFullScreen:page.comm.sigmaConf.fullScreen&amp;amp;&amp;amp;page.comm.sigmaConf.fullScreen!==!1?1:0,wrapper:e.wrapper||&quot;.search-page&quot;,tipDOMQuery:e.tipDOM||&quot;.se-page-tips&quot;,skin:e.skin||!1,barDOMQuery:&quot;#onlyshow-bar&quot;,templateHTML:[],templateACTHTML:&quot;&quot;,templateTextTHTML:&quot;搜索智能聚合&quot;,tabMore:$(e.tabMore),tips:$(e.tips),num:1}),1===t.execute&amp;amp;&amp;amp;t.run())},$.newSigma.prototype={resets:function(){var e=this;return e.templateHTML=[],e.templateACTHTML=&quot;&quot;,e.onlyshow=page.comm.sigmaConf.hideOtherResult===!0&amp;amp;&amp;amp;page.comm.sigmaConf.toolbar===!0?&quot;322&quot;:page.comm.sigmaConf.hideOtherResult===!0?&quot;422&quot;:&quot;222&quot;,e.isFullScreen=page.comm.sigmaConf.fullScreen&amp;amp;&amp;amp;page.comm.sigmaConf.fullScreen!==!1?1:0,e.showDOM=$(e.showDOMQuery),e.tglDOM=$(e.tglDOMQuery),e.execute=1,e.count=0,e.num=1,e},setParams:function(){var e=this;return e.conf=e.onlyshow.split(&quot;&quot;),e},update:function(){var e=this;return e.onlyshow&amp;amp;&amp;amp;1===e.execute&amp;amp;&amp;amp;e.run(),e},run:function(){var e=this;e.setParams().renderPage().attEvent(),e.execute=0},scrollPage:function(){var e=this,n=window.pageYOffset,r=$(&quot;.result&quot;).eq(e.num).length&amp;amp;&amp;amp;$(&quot;.result&quot;).eq(e.num).offset().top-6||0,i=10,o=(r-n)/i&amp;gt;&amp;gt;0;t(n+o,o,r)},finLoad:function(){var e=this;$(e.barDOMQuery+&quot; .bar-l span&quot;).html(e.templateTextTHTML).off(&quot;click&quot;),$(e.barDOMQuery+&quot; section&quot;).html(e.templateHTML[3]),$(e.wrapper).off(&quot;touchstart touchmove touchend&quot;)},unbindEvent:function(){var e=this;$(e.wrapper).off(&quot;touchstart touchmove touchend&quot;),e.hdWrap.off(&quot;touchend&quot;)},attEvent:function(){var e=this,t=e.showDOM.attr(&quot;data-share&quot;),n=null;return&quot;0&quot;!==t&amp;amp;&amp;amp;require([&quot;pmd/share/share&quot;],function(r){var i=decodeURIComponent(page.comm.query),o=e.showDOM.attr(&quot;srcid&quot;)||&quot;&quot;,a={url:window.location.origin+&quot;/s?word=&quot;+page.comm.query+&quot;&amp;amp;sa=share_sigma_&quot;+o,title:&#039;&quot;&#039;+i+&#039;&quot;的百度搜索结果&#039;,content:&#039;您的好友在百度搜索了&quot;&#039;+i+&#039;&quot;，点击查看他搜到的内容。&#039;,loginfo:{clk_from:o}};t&amp;amp;&amp;amp;(a=$.extend(a,JSON.parse(t))),n=new r(a)}),e.hdWrap.on(&quot;touchstart&quot;,function(t){(&quot;更多&quot;===t.target.innerText||&quot;SPAN&quot;===t.target.tagName&amp;amp;&amp;amp;&quot;&quot;===t.target.innerText)&amp;amp;&amp;amp;e.caculateHeight(&quot;tab&quot;)}),e.conf[0]&amp;gt;&amp;gt;0===3?$(e.barDOMQuery+&quot; .bar-l span&quot;).on(&quot;click&quot;,function(){e.switchScroll(e.conf[0]),e.finLoad()}):e.conf[0]&amp;gt;&amp;gt;0===4?$(&quot;.onlyshow-bar-wapper&quot;).on(&quot;click&quot;,function(){e.switchScroll(e.conf[0]),e.finLoad(),$(this).remove(),page.one(&quot;stop&quot;,function(){e.destroy()})}):e.finLoad(),$(e.barDOMQuery+&quot; .bar-r .btn-fb&quot;).on(&quot;click&quot;,function(){var e=$(this).attr(&quot;data-fb&quot;),t=page.comm.query,n=&quot;&quot;,r=page.comm.prepath.split(&quot;#&quot;);r.forEach(function(e){var t=e&amp;amp;&amp;amp;e.split(&quot;=&quot;);&quot;baiduid&quot;==t[0]&amp;amp;&amp;amp;(n=t[1])}),location.href=e?e:&quot;http://ufosdk.baidu.com/?m=Client&amp;amp;a=postView&amp;amp;appid=517&amp;amp;activityId=2&amp;amp;needEmail=false&amp;amp;u=wise&amp;amp;tn=iphone&amp;amp;kw=&quot;+t+&quot;&amp;amp;bw=&quot;+n}),$(e.barDOMQuery+&quot; .bar-r .btn-share&quot;).on(&quot;click&quot;,function(e){e.preventDefault(),n&amp;amp;&amp;amp;n.popup()}),e.conf[0]&amp;gt;&amp;gt;0===3&amp;amp;&amp;amp;i($(e.wrapper),function(){page.log.send({ct:2,cst:1,clk_info:&quot;a1_g1&quot;,clk_from:e.showDOM.attr(&quot;srcid&quot;)}),e.switchScroll(e.conf[0],&quot;stuck&quot;),e.finLoad()}),e},renderPage:function(){var e=this;return 0!==e.tabMore.size()&amp;amp;&amp;amp;e.caculateTabHeight(),e.caculateHeight().makeTemplate(),e.isFullScreen?e.fullScreen():e.showDOM.css({&quot;padding-bottom&quot;:$(e.barDOMQuery).height()+&quot;px&quot;}),e},fullScreen:function(){var e=this,t=e.hdWrap.height(),n=$(e.barDOMQuery).height(),r=e.showDOM.attr(&quot;data-backcolor&quot;);0==t&amp;amp;&amp;amp;(t=-91),e.showDOM.css({&quot;min-height&quot;:$(window).height()-t-n+&quot;px&quot;,&quot;padding-bottom&quot;:n+&quot;px !important&quot;}),r&amp;amp;&amp;amp;e.showDOM.css({&quot;background-color&quot;:r}),e.showDOM.trigger(&quot;onlyshowLoaded&quot;)},makeTemplate:function(){var e=this,t=&quot;&quot;;return{share:e.showDOM.attr(&quot;data-share&quot;),fb:e.showDOM.attr(&quot;data-fb&quot;)},e.switchConfState(e.conf[0],1),t=$(e.tipDOMQuery),$(e.tipDOMQuery).remove(),t.prependTo(e.showDOMQuery),e},caculateTabHeight:function(){var e=this;return e.tabMore.css({position:&quot;absolute&quot;,display:&quot;block&quot;,&quot;z-index&quot;:&quot;-2&quot;,visibility:&quot;hidden&quot;}),e.tabHeight=e.tabMore.height(),e.tabMore.css({position:&quot;static&quot;,display:&quot;none&quot;,visibility:&quot;visible&quot;}),e},caculateHeight:function(e){var t=this,n=t.hdWrap.height();0!==t.tabMore.size()&amp;amp;&amp;amp;(e&amp;amp;&amp;amp;&quot;none&quot;==t.tabMore.css(&quot;display&quot;)&amp;amp;&amp;amp;(n=n+t.tabHeight&amp;gt;&amp;gt;0),e&amp;amp;&amp;amp;&quot;block&quot;==t.tabMore.css(&quot;display&quot;)&amp;amp;&amp;amp;(n=n-t.tabHeight&amp;gt;&amp;gt;0));var r=t.showDOM.find(&quot;.c-onlyshow-toppic&quot;);if(r.length&amp;gt;0)if(&quot;zbios&quot;!==page.comm.tn&amp;amp;&amp;amp;(&quot;1&quot;!=page.comm.tabSampling||&quot;1&quot;==page.comm.tabSampling&amp;amp;&amp;amp;page.ishome)){var i=t.tips.height()+n+5;r.css({&quot;padding-top&quot;:i+&quot;px&quot;,&quot;margin-top&quot;:&quot;-&quot;+i+&quot;px&quot;})}else 0&amp;gt;=n&amp;amp;&amp;amp;(n=8);return&quot;zbios&quot;!==page.comm.tn&amp;amp;&amp;amp;(&quot;1&quot;!=page.comm.tabSampling||&quot;1&quot;==page.comm.tabSampling&amp;amp;&amp;amp;page.ishome)&amp;amp;&amp;amp;t.showDOM.css({&quot;padding-top&quot;:n+&quot;px !important&quot;}),t},destroy:function(){var e=this;return e.resets(),e.resetStyle(),e.unbindEvent(),delete page.comm.onlyshow,delete page.comm.sigmaConf,e.execute=1,this},resetStyle:function(){var e=this;return $(e.wrapper).removeClass(&quot;skin-default onlyshow&quot;),$(&quot;#onlyshow-share-js&quot;).remove(),$(e.barDOMQuery).remove(),e.tglDOM.attr(&quot;style&quot;,&quot;&quot;),e.hdWrap.attr(&quot;style&quot;,&quot;&quot;),e.bdWrap.attr(&quot;style&quot;,&quot;&quot;),e.hdWrap.removeClass(&quot;skin-default skin-light skin-dark&quot;),e},switchConfState:function(e){var t=this,r=e&amp;gt;&amp;gt;0,i=t.skin;t.runState=null,t.runState=n,t.runState(r,i)},switchScroll:function(t,n){var r=this,i=t&amp;gt;&amp;gt;0,o=n||!1;switch(i){case 2:r.runState=r.scrollPage;break;case 3:r.runState=e}r.runState(o)}}}(),define(&quot;modules/foldResult&quot;,[&quot;require&quot;],function(){function e(e,t){function n(e){&quot;bottom&quot;===a&amp;amp;&amp;amp;o.startY&amp;gt;e.touches[0].pageY&amp;amp;&amp;amp;(e.preventDefault(),$(this).on(&quot;touchmove&quot;,r).one(&quot;touchend&quot;,i))}function r(e){e.preventDefault(),o.endY=e.touches[0].pageY-o.startY,o.endY&amp;lt;c&amp;amp;&amp;amp;(o.endY=o.endY&amp;lt;=d?d:o.endY),0==$(p.placeholder).size()&amp;amp;&amp;amp;($(&quot;body&quot;).css({background:&quot;#f1f1f1&quot;}),$(f.placeholder).insertAfter($(s.foldBar))),$(this).css({&quot;-webkit-transition-duration&quot;:&quot;0&quot;,&quot;-webkit-transform&quot;:&quot;translate3d(0, &quot;+o.endY+&quot;px, 0)&quot;})}function i(){var e=$(this);e.css({&quot;-webkit-transform&quot;:&quot;translate3d(0,0,0)&quot;,&quot;-webkit-transition-duration&quot;:&quot;0&quot;}),o.endY&amp;lt;c?setTimeout(function(){$(p.placeholder).remove(),l&amp;amp;&amp;amp;l()},300):($(p.placeholder).remove(),$(&quot;body&quot;).css({background:&quot;#f1f1f1&quot;}))}var o={startY:0,endX:0,endY:0},a=&quot;top&quot;,c=-30,u=e,l=t,d=-120,f={placeholder:&#039;&amp;lt;div id=&quot;foldresult-placeholder&quot; class=&quot;c-loading&quot;&amp;gt;&amp;lt;i class=&quot;c-icon&quot;&amp;gt;&amp;amp;#xe780&amp;lt;/i&amp;gt;&amp;lt;p&amp;gt;加载中…&amp;lt;/p&amp;gt;&amp;lt;/div&amp;gt;&#039;},p={placeholder:&quot;#foldresult-placeholder&quot;};u.on(&quot;touchstart&quot;,function(e){a=window.scrollY&amp;gt;=document.body.offsetHeight-window.innerHeight-10?&quot;bottom&quot;:&quot;top&quot;,o.startY=e.touches[0].pageY,$(u).one(&quot;touchmove&quot;,n)}).on(&quot;touchend&quot;,function(){$(u).off(&quot;touchmove&quot;,n).off(&quot;touchmove&quot;,r)})}function t(e){$(s.tglDOM).css({display:&quot;none !important&quot;});for(var t=0,n=s.showDOM.length;n&amp;gt;t;t++)$(s.showDOM[t]).css({display:&quot;block !important&quot;});$(&quot;body&quot;).css({background:&quot;#f1f1f1&quot;}),window.setTimeout(function(){document.body.offsetHeight&amp;lt;window.innerHeight&amp;amp;&amp;amp;$(s.wrapper).css({height:window.innerHeight+&quot;px&quot;}),&quot;undefined&quot;!=typeof e&amp;amp;&amp;amp;e.call()},300)}function n(e){var t=s,n=&#039;&amp;lt;div id=&quot;foldresult-placeholder&quot; class=&quot;c-loading&quot;&amp;gt;&amp;lt;i class=&quot;c-icon&quot;&amp;gt;&amp;amp;#xe780&amp;lt;/i&amp;gt;&amp;lt;p&amp;gt;加载中…&amp;lt;/p&amp;gt;&amp;lt;/div&amp;gt;&#039;;text=&quot;您展开了全部搜索结果&quot;;var e=e||0,r=e?0:300;$(&quot;#foldresult-placeholder&quot;).remove(),$(&quot;body&quot;).css({background:&quot;#f1f1f1&quot;}),e||$(n).insertAfter($(s.foldBar)),setTimeout(function(){if($(t.tglDOM).css({display:&quot;block !important&quot;}),$(t.foldBar).addClass(&quot;fold-tip-after&quot;).html(text),$(&quot;#foldresult-placeholder&quot;).remove(),$(t.tglDOM).trigger(&quot;onlyshowMore&quot;),$(s.wrapper).css({height:&quot;auto&quot;}),$(&quot;body&quot;).css({background:&quot;#f1f1f1&quot;}),navigator.cookieEnabled&amp;amp;&amp;amp;window.sessionStorage){var e=&quot;foldResult_&quot;+window.location.href;window.sessionStorage.getItem(e)||window.sessionStorage.setItem(e,1)}},r)}function r(){$(s.foldBar).off(&quot;click&quot;),$(s.wrapper).off(&quot;touchstart touchmove touchend&quot;)}function i(){$(s.foldBar).on(&quot;click&quot;,function(e){e.preventDefault(),e.stopPropagation(),page.log.send({ct:27,cst:1}),n(),r()})}function o(){$(document.body).height()-($(s.foldBar).offset().top+$(s.foldBar).height())&amp;gt;$(window).height()&amp;amp;&amp;amp;!s.onlyclick&amp;amp;&amp;amp;(s.onlyclick=1,$(s.foldBar).find(&quot;.tip&quot;).html(&quot;点击查看更多搜索结果&quot;)),s.onlyclick||e($(s.wrapper),function(){page.log.send({ct:27,cst:2}),n(),r()})}function a(e){if(0!=$(e.foldBar).length){e.onlyclick=e.onlyclick,e.foldPos=e.foldPos-0,e.foldNum=e.foldNum-0;var r=-1==e.foldNum?$(&quot;.results .result&quot;).length:e.foldPos+e.foldNum;if(e.showDOM=[e.foldBar],$(&quot;#results&amp;gt;div.result&quot;).each(function(t,n){t&amp;gt;=e.foldPos&amp;amp;&amp;amp;r&amp;gt;t||e.showDOM.push(n)}),$.extend(s,{foldPos:e.foldPos,foldBar:e.foldBar,onlyclick:e.onlyclick,showDOM:e.showDOM,tglDOM:e.tglDOM,wrapper:e.wrapper||$(document.body)}),navigator.cookieEnabled&amp;amp;&amp;amp;window.sessionStorage&amp;amp;&amp;amp;1==window.sessionStorage.getItem(&quot;foldResult_&quot;+window.location.href))return void n(1);t(o),i()}}var s={};return a}),require([&quot;modules/foldResult&quot;],function(e){page.on(&quot;init&quot;,function(){var t={tglDOM:&quot;.results &amp;gt; div,.se-page-ft,.se-page-controller,.se-page-copyright&quot;,foldPos:page.comm.foldPos,foldNum:page.comm.foldNum,onlyclick:page.comm.onlyclick,foldBar:&quot;#fold-tip&quot;};e(t)})}),!function(){function e(n,r){Array.isArray(n.subData)&amp;amp;&amp;amp;n.subData.forEach(function(n){var i=new t._Aladdin(n.container,n.data,n.handlers,n.type,r,n.subData);e(n,i)})}var t=window.A,n=t.$=window.$;t.scrollComponentName=&quot;pmd/scroll/scroll&quot;,t.domReady=!1,n(window.document).ready(function(){t.domReady=!0}),t.windowLoaded=!1,n(window).bind(&quot;load&quot;,function(){t.windowLoaded=!0});var r;t.page=function(){return n(&quot;.search-page&quot;)},t.pageHide=function(){n(&quot;.search-page, .se-page-hd&quot;).hide()},t.pageShow=function(){n(&quot;.search-page, .se-page-hd&quot;).show()};var i=function(e){if(!e)return!1;e=e.replace(/&amp;amp;amp;/g,&quot;&amp;amp;&quot;);var t={};return t.query=e.replace(/([^?]+)\?/g,function(e,n){return t.path=n,&quot;&quot;}).replace(/#.*/,function(e){return t.hash=e,&quot;&quot;}),t.params={},t.query.split(&quot;&amp;amp;&quot;).forEach(function(e){var n=e.split(&quot;=&quot;);n[0]&amp;amp;&amp;amp;(t.params[n[0]]=n.length&amp;gt;1?decodeURIComponent(n[1]):&quot;&quot;)}),t};t.getAlaOrder=function(e,t){var n={};switch(t){case&quot;group&quot;:n.gorder=e;break;case&quot;cluster&quot;:n.corder=e;break;default:n.order=e}return n},t.sendLog=function(e,r){var i,o;if(e instanceof t._Aladdin)o=e;else if(!e||!(i=n(e).attr(&quot;initIndex&quot;)))return;var o=o||t.list[i-1],a=n.extend({srcid:o.container.getAttribute(&quot;new_srcid&quot;)||o.srcid,tplname:o.tplName,type:&quot;o&quot;,t:+new Date},r);delete a.src,a.extra&amp;amp;&amp;amp;(a.extra=(&quot;&quot;+a.extra).slice(0,20)),a.title&amp;amp;&amp;amp;(a.title=(&quot;&quot;+a.title).slice(0,10));var s={fm:o.log.fm||&quot;alop&quot;,clk_info:JSON.stringify(a)},c=o.type,u=t.getAlaOrder(o.order,c);s=n.extend(s,u),c||(s.ala_clk=[o.log.ensrcid,o.order,B.comm.pn,B.comm.rn,&quot;o&quot;].join(&quot;_&quot;)),r.src&amp;amp;&amp;amp;(s.src=r.src),t.log.send(t.getLogUrl(s))},t.getLogUrl=function(e){var r=t.log.settings;return r.API_URL+n.param(r.PARAMS)+&quot;&amp;amp;&quot;+n.param(e)},t._Aladdin=function(e,n,r,i,o,a){e&amp;amp;&amp;amp;(this.container=e,this.data=n,this.handlers=r,this.tplName=e.getAttribute(&quot;tpl&quot;),this.srcid=e.getAttribute(&quot;srcid&quot;),this.order=e.getAttribute(&quot;order&quot;),this.type=i||&quot;&quot;,this.parent=o||null,this._subData=a||null,this.log=t.log.list[this.srcid+&quot;_&quot;+this.order]=new Function(&quot;return &quot;+this.container.getAttribute(&quot;data-log&quot;))()||t.log.list[this.srcid+&quot;_&quot;+this.order],t.list.push(this))},t._Aladdin.prototype={constructor:t._Aladdin,find:function(e){return n(e,this.container)},_triggerHandlers:function(){this.handlers.forEach(function(e){if(&quot;function&quot;==typeof e)try{e.call(this)}catch(t){window.console&amp;amp;&amp;amp;console.warn(&quot;error in &quot;+(this.tplName||this.srcid)+&quot;:&quot;+t)}},this)},makeMipLinkPrefix:function(e){e=n.extend(!0,{title:&quot;百度&quot;,pd:&quot;mms_mip&quot;,sfmipoptions:{view:{_hold:2}},tn:&quot;normal&quot;,type:1,actname:&quot;act_sf_mip&quot;,ltj:&quot;l&quot;},e);var t=e.url,r=/^http:\/\//,i=/^https:\/\//,o=&quot;//mipcache.bdstatic.com&quot;;if(e.class&amp;amp;&amp;amp;(e.class=&#039; class=&quot;&#039;+e.class+&#039;&quot;&#039;),!e.url||!e.nsrc)return&quot;&amp;lt;div&quot;+(e.class||&quot;&quot;)+&quot;&amp;gt;&quot;;1===+e.type&amp;amp;&amp;amp;(t=r.test(t)?o+&quot;/c/&quot;+t.replace(r,&quot;&quot;):i.test(t)?o+&quot;/c/s/&quot;+t.replace(i,&quot;&quot;):o+&quot;/c/s/&quot;+t.replace(/^\/\//,&quot;&quot;));var a={url:encodeURIComponent(t),lid:window.B.comm.lid};e.hSt&amp;amp;&amp;amp;(a.hSt=e.hSt);var s=[&quot;http://m.baidu.com&quot;,&quot;/sf?word=&quot;+window.B.comm.query,&quot;&amp;amp;mod=0&quot;,&quot;&amp;amp;tn=&quot;+e.tn,&quot;&amp;amp;pd=&quot;+e.pd,&quot;&amp;amp;actname=&quot;+e.actname,&quot;&amp;amp;title=&quot;+encodeURIComponent(e.title),&quot;&amp;amp;ext=&quot;+encodeURIComponent(JSON.stringify(a))].join(&quot;&quot;);return&quot;zbios&quot;!==B.comm.tn||&quot;zbios&quot;===B.comm.tn&amp;amp;&amp;amp;B.comm.isAndroid||!e.useStub?this.makeSfLinkPrefix({url:s,&quot;class&quot;:&quot;c-blocka&quot;,attr:&quot;data-sf-options=&#039;&quot;+JSON.stringify(e.sfmipoptions)+&quot;&#039;&quot;,is_mip:e.type,cyc:e.cyc,extra:e.extra,ori_url:e.nsrc}):(s=this.makeTcUrl({extra:e.extra,tjType:e.ltj,src:s.replace(&quot;tn=&quot;+e.tn,&quot;tn=nohead&quot;)}),&quot;&amp;lt;a&quot;+(e.class||&quot;&quot;)+&#039; href=&quot;&#039;+s+&#039;&quot;&amp;gt;&#039;)},makeMipLinkSuffix:function(e){return e&amp;amp;&amp;amp;e.url&amp;amp;&amp;amp;e.nsrc?&quot;&amp;lt;/a&amp;gt;&quot;:&quot;&amp;lt;/div&amp;gt;&quot;},makeSfLinkPrefix:function(e){e=n.extend({},e);var t=e.url;if(!t)return&#039;&amp;lt;div class=&quot;&#039;+(e.class||&quot;&quot;)+&#039;&quot;&amp;gt;&#039;;/word=/.test(t)||(t+=&quot;&amp;amp;word=&quot;+window.B.comm.query),/title=/.test(t)||(t+=&quot;&amp;amp;title=&quot;+window.B.comm.query);var r={};e.cyc&amp;amp;&amp;amp;(r.cyc=e.cyc),e.ori_url&amp;amp;&amp;amp;(r.e=e.ori_url),e.is_mip&amp;amp;&amp;amp;(r.m=e.is_mip);var i=t.replace(/^http(s)?:\/\/m.baidu.com/,&quot;&quot;)+&quot;&amp;amp;lid=&quot;+window.B.comm.lid+&quot;&amp;amp;ms=1&quot;;i+=&quot;&amp;amp;frsrcid=&quot;+(n(this.container).attr(&quot;new_srcid&quot;)||n(this.container).attr(&quot;srcid&quot;)),i+=&quot;&amp;amp;frorder=&quot;+this.order;var o=[];e.attr&amp;amp;&amp;amp;o.push(e.attr),e.extra&amp;amp;&amp;amp;o.push(&quot;data-click=&#039;&quot;+JSON.stringify({clk_info:{extra:e.extra}})+&quot;&#039;&quot;),Object.keys(r).length&amp;amp;&amp;amp;o.push(&quot;data-log=&#039;&quot;+JSON.stringify(r)+&quot;&#039;&quot;);var a={tcUrl:this.makeTcUrl({src:location.protocol+&quot;//&quot;+location.host+i,extra:e.extra}),&quot;class&quot;:&quot;WA_LOG_SF&quot;+(e.class?&quot; &quot;+e.class:&quot;&quot;),attr:o.join(&quot; &quot;),sfUrl:i};return&#039;&amp;lt;a {attr} href=&quot;{tcUrl}&quot; data-sf-href=&quot;{sfUrl}&quot; class=&quot;{class}&quot;&amp;gt;&#039;.replace(/{([^}]+)}/g,function(e,t){return a[t]})},makeSfLinkSuffix:function(e){return e&amp;amp;&amp;amp;e.url?&quot;&amp;lt;/a&amp;gt;&quot;:&quot;&amp;lt;/div&amp;gt;&quot;},makeSearchTcUrl:function(e){e=n.extend({sa:&quot;re_&quot;+this.order+&quot;_&quot;+this.srcid,prefix:location.protocol+&quot;//&quot;+location.host},e),&quot;/&quot;===e.prefix.slice(-1)&amp;amp;&amp;amp;(e.prefix=e.prefix.slice(0,-1));var t={sa:e.sa.substr(0,15)};return[&quot;st&quot;,&quot;euri&quot;,&quot;prese&quot;].forEach(function(n){e[n]&amp;amp;&amp;amp;(t[n]=e[n])}),this.makeTcUrl({src:e.prefix+page.utils.link.getSearchUrl(e.word,t),tjType:e.tjType,tj5:e.tj5})},makeTcUrl:function(e){if(!this._parseTcUrl())throw this.tplName+&quot;: makeTcUrl param error&quot;;!e&amp;amp;&amp;amp;(e={});var t=&quot;l&quot;,r=this.srcid+&quot;_&quot;+this.order+&quot;_&quot;+B.comm.pn+&quot;_&quot;+B.comm.rn+&quot;_&quot;;if(e.tjType&amp;amp;&amp;amp;(t=e.tjType,delete e.tjType),e.tj5)e.tj=r+e.tj5,delete e.tj5;else{if(!this._tjType[t]){var i={};i[t]=0,this.setTjType(i)}e.tj=r+t+this._tjType[t]++}var o=n.extend({},this._tcUrlObj.params,e);n.each(o,function(e,t){(void 0===t||null===t||&quot;&quot;===t)&amp;amp;&amp;amp;delete o[e]}),o.src||o.nsrc||(o.src=&quot;&quot;);var a=n.param(o);return this._tcUrlObj.path+&quot;?&quot;+a},setTjType:function(e){var t=this._tjType;this._tjType||(t=this._tjType={}),n.each(e,function(e,n){t[e]=+n?+n:1})},_parseTcUrl:function(){if(this._tcUrlObj)return!0;var e=this.data._tcUrl;if(!e)return!1;e=e.replace(/&amp;amp;amp;/g,&quot;&amp;amp;&quot;);var t,n=i(e);if(t=n.params.tj){var r,o=t&amp;amp;&amp;amp;t.split(&quot;_&quot;)[4];if(r=o.match(/(\w+)(\d+)/)){var a={};a[r[1]]=r[2],this.setTjType(a)}}return!this._tjType&amp;amp;&amp;amp;this.setTjType({l:0}),this._tcUrlObj=n,!0},makeTimg:function(e){if(!r||!e.src)throw this.tplName+&quot;:makeTimg param error!&quot;;var t;if(e.notimg)t=B.https.domain.get(e.src);else{var i=n.extend({},r.params,{size:e.cuttype||void 0,quality:e.size||void 0,src:e.src,di:e.di,sec:e.sec});t=r.path+&quot;?&quot;+n.param(i)}var o={type:e.type||&quot;s&quot;,imgattr:e.imgattr||&quot;src&quot;,src:t};return&#039;&amp;lt;div class=&quot;c-img c-img-${type}&quot;&amp;gt;&amp;lt;img ${imgattr}=&quot;${src}&quot;/&amp;gt;&amp;lt;/div&amp;gt;&#039;.replace(/\$\{([^}]+)\}/g,function(e,t){return o[t]||&quot;&quot;})},widget:function(e,t){var n=this;if(n.widgetList=n.widgetList||{},&quot;function&quot;==typeof t){var r=new t;r.$el=n.$(&#039;[data-id=&quot;&#039;+e+&#039;&quot;]&#039;),r.$=function(e){return this.$el.find(e)},r.init(),n.widgetList[e]=r}},sendLog:function(e){t.sendLog(this,e)},getClickInfo:function(){return B&amp;amp;&amp;amp;B.comm&amp;amp;&amp;amp;B.comm.clickInfo},addLogData:function(e,t){var r=n(e);r.attr({srcid:this.srcid||&quot;&quot;,initIndex:this.container.initIndex||&quot;&quot;,pageIndex:t||null}).addClass(&quot;WA_LOG_MIDPAGE&quot;)}};var o=function(e,t,n,r){e&amp;amp;&amp;amp;r&amp;amp;&amp;amp;(this.container=e,this.data=t,this.handlers=n,this.parent=r,this.srcid=e.getAttribute(&quot;santaid&quot;),this.order=e.getAttribute(&quot;order&quot;),!r.santaList&amp;amp;&amp;amp;(r.santaList=[]),r.santaList.push(this))},a=t._Aladdin.prototype;o.prototype={constructor:o,find:a.find,_triggerHandlers:a._triggerHandlers,makeTcUrl:function(e){return this.parent.makeTcUrl(e)},makeTimg:function(e){return this.parent.makeTimg(e)},sendLog:function(e){e.santa_order||(e.santa_order=this.order),this.parent.sendLog(e)}},t._init=function(){B.comm.timgPre&amp;amp;&amp;amp;(r=i(B.comm.timgPre)),t._initstart=!0,t._alaData.forEach(function(n){var r=new t._Aladdin(n.container,n.data,n.handlers,n.type,null,n.subData);Array.isArray(n.santaData)&amp;amp;&amp;amp;n.santaData.forEach(function(e){new o(e.container,e.data,e.handlers,r)}),e(n,r)}),t._tmpAlaData=[],t.list.forEach(function(e){e._triggerHandlers(),e.santaList&amp;amp;&amp;amp;e.santaList.forEach(function(e){e._triggerHandlers()})})},t._ajax={settings:{DOMAIN:&quot;m.baidu.com&quot;,API_URL:&quot;//m.baidu.com/openapi?&quot;,ERR_URL:&quot;//open.baidu.com/stat/al_e.gif?ajax_err_url=&quot;,PARAMS:{tn:&quot;wisexmlnew&quot;,dsp:&quot;iphone&quot;,ie:&quot;utf-8&quot;,oe:&quot;utf-8&quot;,format:&quot;json&quot;},TIMEOUT:15e3},jsonpID:1,jsonp:function(e,r){var i=r||{},o=t._ajax.settings,a=document.createElement(&quot;script&quot;),s=+new Date,c=&quot;wise_aladdin_callback_&quot;+t._ajax.jsonpID++,u=[e,&quot;&amp;amp;&quot;,i.cb||&quot;cb&quot;,&quot;=&quot;,c,&quot;&amp;amp;__t=&quot;,s].join(&quot;&quot;),l=function(){clearTimeout(d),n(a).remove(),window[c]=null,delete window[c]},d=setTimeout(function(){l(),i.timeout&amp;amp;&amp;amp;i.timeout(),t.log.send(o.ERR_URL+u)},i.TIMEOUT||o.TIMEOUT);window[c]=function(e){l(),e&amp;amp;&amp;amp;(0==e.status?i.success&amp;amp;&amp;amp;i.success(e.data):i.error&amp;amp;&amp;amp;i.error(e.status)),i.callback&amp;amp;&amp;amp;i.callback(e)},a.charset=i.oe||o.PARAMS.oe,a.src=u,n(&quot;head&quot;).append(a)}},t._Aladdin.prototype.$=function(e){return n(e,this.container)},t._Aladdin.prototype.$$=function(e){return this.$(e).first()},t._Aladdin.prototype.jsonp=function(e,n){t._ajax.jsonp(e,n)},t._Aladdin.prototype.ajax=function(e,r,i){var o=&quot;object&quot;==typeof e?e:i||{},a=t._ajax.settings,s=n.extend({},a.PARAMS,{query:o.query||e,resource_id:o.resource_id||r},o.params||{}),c=o.url||a.API_URL+n.param(s);n.ajax&amp;amp;&amp;amp;a.DOMAIN===window.document.domain?(c=[c,&quot;&amp;amp;t=&quot;,+new Date].join(&quot;&quot;),n.ajax({url:c,dataType:s.format,timeout:o.TIMEOUT||a.TIMEOUT,success:function(e){e&amp;amp;&amp;amp;(0==e.status?o.success&amp;amp;&amp;amp;o.success(e.data):o.error&amp;amp;&amp;amp;o.error(e.status))},error:function(e,n){&quot;timeout&quot;===n?o.timeout&amp;amp;&amp;amp;o.timeout():o.error&amp;amp;&amp;amp;o.error(n),t.log.send(a.ERR_URL+c)}})):this.jsonp(c,o)},B.on(&quot;stop&quot;,function(){t.list=[],t._alaData=[],t._initstart=!1}),B.on(&quot;init&quot;,function(){t._init()})}(),function(){function e(e,t){if(t=t||function(){},l[e])return void t();l[e]=1;var n=s.createElement(&quot;link&quot;);n.rel=&quot;stylesheet&quot;,n.type=&quot;text/css&quot;,n.href=e,c.appendChild(n),t()}function t(e,t){if(t=t||function(){},l[e])return void t();if(d[e]&amp;amp;&amp;amp;f[e])return void f[e].push(t);d[e]=1;var n=f[e]=f[e]||[];n.push(t);var r=s.createElement(&quot;script&quot;);r.type=&quot;text/javascript&quot;,r.src=e,r.charset=&quot;utf-8&quot;,r.unique=u,r.onload=r.onreadystatechange=function(){if(!this.readyState||&quot;complete&quot;===this.readyState||&quot;loaded&quot;===this.readyState){if(u!=r.unique)return!1;for(;n.length;)try{n.shift()()}catch(t){}d[e]=null,delete d[e],f[e]=null,delete f[e],l[e]=1,r.onload=r.onreadystatechange=null}},c.appendChild(r)}function n(e,t){var n=(new Date).getTime();if(!/http[s]?:\/\//i.test(e)){var r=t||{},i=e.split(/[-\.]/),a=i[0],s=i[1]&amp;gt;0&amp;amp;&amp;amp;i[1]||0,c=r.type||&quot;css&quot;===(i[2]||i[1])&amp;amp;&amp;amp;&quot;css&quot;||&quot;js&quot;,u=s&amp;amp;&amp;amp;a+&quot;-&quot;+s||a;e=[o.alaPrefix,r.path||&quot;&quot;,a,&quot;/&quot;,u,&quot;.&quot;,c].join(&quot;&quot;)}return e+=e.indexOf(&quot;?&quot;)&amp;gt;0?&quot;&amp;amp;&quot;:&quot;?&quot;,e+=&quot;ts=&quot;+n}function r(i,o,a){var s=&quot;string&quot;==typeof i?i.split(/\s*,\s*/):i;if(s.length&amp;gt;1)if(o)r(s.shift(),function(){s.length&amp;gt;0&amp;amp;&amp;amp;r(s,o,a)},a);else for(;s.length;)r(s.shift(),a);else{var c=n(s[0],a);/\.js$|\?/i.test(c)?t(c,o):e(c,o)}}function i(e,t,n,i){var s=i||{};o.windowLoaded||s.useImmediately?r(e,t,n):a(window).one(&quot;load&quot;,function(){o.windowLoaded=!0,r(e,t,n)})}var o=window.A,a=o.$,s=window.document,c=s.getElementsByTagName(&quot;head&quot;)[0],u=(new Date).getTime(),l=o.loaded={},d={},f={};o.ui={},o.alaPrefix=&quot;//m.baidu.com/static/ala/&quot;,B.on(&quot;stop&quot;,function(){l=o.loaded={},d={},f={},u=(new Date).getTime()}),o.use=function(e,t,n){i(e,t,{path:&quot;ui/&quot;},n)},o.useUI2=function(e,t,n){i(e,t,{path:&quot;ui2/&quot;},n)},o.js=function(e,t,n){i(e,t,{type:&quot;js&quot;},n)},o.css=function(e,t,n){var r=n||{useImmediately:1};i(e,t,{type:&quot;css&quot;},r)}}(),function(){var e=window.A,t=e.$,n=e.log,r=n.settings,i=&quot;m.baidu.com&quot;,o=/c_\w+_\d+/i,a=&quot;WA_LOG_&quot;,s=[&quot;TAB&quot;,&quot;BTN&quot;,&quot;SF&quot;,&quot;MSC&quot;,&quot;OTHER&quot;],c={TAB:&quot;t&quot;,BTN:&quot;b&quot;,SF:&quot;sf&quot;,MSC:&quot;msc&quot;,OTHER:&quot;o&quot;},u=function(e,t,n){if(n=n||[],t=t||document,e===t||!e||!t)return n;e.parentNode!=t&amp;amp;&amp;amp;(n=u(e.parentNode,t,n));for(var r=1,i=e.previousSibling;i;)1===i.nodeType&amp;amp;&amp;amp;i.nodeName===e.nodeName&amp;amp;&amp;amp;r++,i=i.previousSibling;return 1===e.nodeType&amp;amp;&amp;amp;n.push(e.nodeName.toLowerCase()+(r&amp;gt;1?r:&quot;&quot;)),n},l=function(){return(new Date).getTime()},d=function(e,n){for(var r,i,c=!0,u=[],l=&quot;&quot;,d=e,f=t(d);c&amp;amp;&amp;amp;d&amp;amp;&amp;amp;d!==n;){if(f.attr(&quot;data-nolog&quot;)){c=!1;break}(r=f.attr(&quot;data-click&quot;))&amp;amp;&amp;amp;(u.push(r),/[&#039;&quot;]?sto[&#039;&quot;]?:/.test(r)&amp;amp;&amp;amp;o.test(r)&amp;amp;&amp;amp;(l=new Function(&quot;return &quot;+r)().sto,i=f)),d=d.parentNode,f=t(d)}if(c){for(var p,h,m,g,d=e,v=s.length;!p&amp;amp;&amp;amp;d&amp;amp;&amp;amp;d!==n;){for(var w=0;v&amp;gt;w;w++)if(t(d).hasClass(a+s[w])){p=s[w],g=d;break}d=d.parentNode}if(p&amp;amp;&amp;amp;(t.each(t(&quot;.&quot;+a+p,t(n)),function(e,t){return t===g?(h=e+1,!1):void 0}),i&amp;amp;&amp;amp;t.each(t(&quot;.&quot;+a+p,i),function(e,t){return t===g?(m=e+1,!1):void 0}),h||m))return{isLog:c,type:p,index:h,sto:l,sIndex:m,overrideData:u}}return null},f=function(t,n,r,i,o,a){var s,u=t.getAttribute(&quot;initIndex&quot;);u&amp;amp;&amp;amp;(s=e.list[u-1])&amp;amp;&amp;amp;(o.ref=0,o.xpath=n,o.t=r,a&amp;amp;&amp;amp;(o.type=c[a]||a.charAt(0).toLowerCase()),i&amp;amp;&amp;amp;(o.title=i),e.sendLog(s.container,o))},p=function(e,n){if(!e)return JSON.stringify(n);try{var r=&quot;string&quot;==typeof e?JSON.parse(e):e;return t.extend(r,n),JSON.stringify(r)}catch(i){return e}},h=function(s,h,m,g){var v=s,w=t(h),b=w.attr(&quot;srcid&quot;),y=w.attr(&quot;order&quot;),x=w.attr(&quot;type&quot;),_=b+&quot;_&quot;+y,k=e.getAlaOrder(y,x);if(!n.list[_]){var S=new Function(&quot;return &quot;+h.getAttribute(&quot;data-log&quot;))();if(!S)return;n.list[_]=S}var $=+new Date,T=d(s,h);if(T&amp;amp;&amp;amp;T.isLog){var A=u(s,g?g.get(0):h).join(&quot;-&quot;).slice(0,100),O=l();if(w.hasClass(a+&quot;MIDPAGE&quot;)){var E={};T.overrideData&amp;amp;&amp;amp;t.each(T.overrideData.reverse(),function(e,n){t.extend(E,new Function(&quot;return &quot;+n)())}),f(h,A,O,t(s).text()||&quot;&quot;,E,T.type)}else{var C=r.sPARAMS.pn,q=r.sPARAMS.rn,R=r.API_URL+t.param(r.PARAMS)+&quot;&amp;amp;&quot;,I=n.list[_],U=[I.ensrcid,I.order,C,q].join(&quot;_&quot;),j=new RegExp(U),E={},M=T&amp;amp;&amp;amp;c[T.type]||&quot;o&quot;;for(I.fm&amp;amp;&amp;amp;(E.fm=I.fm),E=t.extend(E,k),I.ala_appid&amp;amp;&amp;amp;(E.ala_appid=I.ala_appid),I.waplogo&amp;amp;&amp;amp;(E.waplogo=I.waplogo),T.index&amp;amp;&amp;amp;(E.ala_clk=[U,M+T.index].join(&quot;_&quot;)),T.sIndex&amp;amp;&amp;amp;(E.sto=&quot;&quot;),E.src=I.mu||i;v&amp;amp;&amp;amp;v.nodeName&amp;amp;&amp;amp;&quot;a&quot;!==v.nodeName.toLowerCase()&amp;amp;&amp;amp;v!=h;)v=v.parentNode;var D=t(v),L=D.data(&quot;log&quot;)||{};L.e&amp;amp;&amp;amp;(delete E.src,E.nsrc=L.e,E.bdenc=1),L.c&amp;amp;&amp;amp;(E.cyc=L.c),I.laid&amp;amp;&amp;amp;(E.laid=I.laid),E.ala_clk_t=t(s).text().slice(0,20),T.overrideData.length&amp;gt;0&amp;amp;&amp;amp;(t.each(T.overrideData.reverse(),function(e,n){E=t.extend(E,new Function(&quot;return &quot;+n)())}),E.ala_clk&amp;amp;&amp;amp;!j.test(E.ala_clk)&amp;amp;&amp;amp;1===E.ala_clk.split(&quot;_&quot;).length&amp;amp;&amp;amp;(E.ala_clk=[U,E.ala_clk].join(&quot;_&quot;))),E.sto&amp;amp;&amp;amp;(o.test(E.sto)?T.sIndex&amp;amp;&amp;amp;(E.sto=[E.sto,M+T.sIndex].join(&quot;_&quot;)):E.sto=[T.sto,E.sto].join(&quot;_&quot;)),E.sec=$;var P={srcid:w.attr(&quot;new_srcid&quot;)|b,tplname:w.attr(&quot;tpl&quot;),t:O};L.m&amp;amp;&amp;amp;(P.mip=1),g?(P.s_xpath=A,P.s_order=g.attr(&quot;order&quot;)):P.xpath=A,P.type=M||&quot;o&quot;,E.clk_info=p(E.clk_info,P),x&amp;amp;&amp;amp;delete E.ala_clk,B&amp;amp;&amp;amp;B.comm&amp;amp;&amp;amp;B.comm.logInfoList&amp;amp;&amp;amp;(B.comm.logInfoList[m]={logUrl:R,data:E})}}},m=function(e,n,r){for(var i=e,o=t(n);i&amp;amp;&amp;amp;i.nodeName&amp;amp;&amp;amp;&quot;a&quot;!==i.nodeName.toLowerCase()&amp;amp;&amp;amp;i!=n;)i=i.parentNode;if(i&amp;amp;&amp;amp;i.href&amp;amp;&amp;amp;i.href.search(/.baidu.com.*?tc\?/)&amp;gt;-1){var a=i.href.match(/clk_info=([^&amp;amp;#]+)/),s={srcid:o.attr(&quot;new_srcid&quot;)||o.attr(&quot;srcid&quot;),tplname:o.attr(&quot;tpl&quot;),t:l()},c=o.attr(&quot;sig&quot;);c&amp;amp;&amp;amp;(s.sig=c),r?(s.s_xpath=u(e,r.get(0)).join(&quot;-&quot;).slice(0,100),s.s_order=r.attr(&quot;order&quot;)):s.xpath=u(e,n).join(&quot;-&quot;).slice(0,100);var d=encodeURIComponent(p(a&amp;amp;&amp;amp;decodeURIComponent(a[1]),s));B&amp;amp;&amp;amp;B.comm&amp;amp;&amp;amp;(B.comm.clickInfo=&quot;&amp;amp;clk_info=&quot;+d),a?i.href=i.href.replace(/clk_info=([^&amp;amp;#]+)/,&quot;clk_info=&quot;+d):i.href+=&quot;&amp;amp;clk_info=&quot;+d}return!0};t(window.document.body).bind({touchend:function(e){var n=e.target,r=t(n),i=r.parents(&quot;[srcid]&quot;)||r;if(n&amp;amp;&amp;amp;i.attr(&quot;srcid&quot;)&amp;amp;&amp;amp;!i.parents(&quot;#super-frame&quot;).length){var o=&quot;k&quot;+(new Date).getTime()+parseInt(89999*Math.random()+1e4,10),a=t(n).parents(&quot;[santaid][order]&quot;),s=!!a.length&amp;amp;&amp;amp;a;window.page&amp;amp;&amp;amp;page.utils&amp;amp;&amp;amp;page.utils.getEventSignature&amp;amp;&amp;amp;&quot;function&quot;==typeof page.utils.getEventSignature&amp;amp;&amp;amp;i.attr(&quot;sig&quot;,page.utils.getEventSignature(e)),r.attr(&quot;data-domkey&quot;,o)&amp;amp;&amp;amp;m(n,i.get(0),s)&amp;amp;&amp;amp;h(n,i.get(0),o,s)}}});var g=&quot;origin-url&quot;,v=&quot;href&quot;;t(window.document.body).bind({click:function(e){var r=e.target,i=t(r),o=1;r&amp;amp;&amp;amp;i.parents(&quot;.result&quot;).length&amp;amp;&amp;amp;window._flyflowNative&amp;amp;&amp;amp;window._flyflowNative.exec&amp;amp;&amp;amp;window._flyflowNative.exec(&quot;bd_wise&quot;,&quot;onMessage&quot;,JSON.stringify({type:1,searchid:page.comm.lid}),null),window.page&amp;amp;&amp;amp;page.utils&amp;amp;&amp;amp;page.utils.getEventSignature&amp;amp;&amp;amp;&quot;function&quot;==typeof page.utils.getEventSignature&amp;amp;&amp;amp;(o=page.utils.getEventSignature(e));var a=i.attr(&quot;data-domkey&quot;);if(!a){var s=i.parents(&quot;[srcid]&quot;)||i;if(r&amp;amp;&amp;amp;s.attr(&quot;srcid&quot;)&amp;amp;&amp;amp;!s.parents(&quot;#super-frame&quot;).length){var a=&quot;k&quot;+(new Date).getTime()+parseInt(89999*Math.random()+1e4,10),c=t(r).parents(&quot;[santaid][order]&quot;),u=!!c.length&amp;amp;&amp;amp;c;i.attr(&quot;data-domkey&quot;,a)&amp;amp;&amp;amp;m(r,s.get(0),u)&amp;amp;&amp;amp;h(r,s.get(0),a,u)}}var l=&quot;&quot;+i.closest(&quot;a&quot;,&quot;.result&quot;).data(&quot;sf-href&quot;),d=l?decodeURIComponent(l).split(&quot;?&quot;)[0]:&quot;&quot;;if(d=d.slice(0,20),a=i.data(&quot;domkey&quot;),B&amp;amp;&amp;amp;B.comm&amp;amp;&amp;amp;B.comm.logInfoList&amp;amp;&amp;amp;B.comm.logInfoList[a]){var f=B.comm.logInfoList[a];f.data&amp;amp;&amp;amp;f.logUrl&amp;amp;&amp;amp;(f.data.clk_info=p(f.data.clk_info,{sig:o,sfpath:d}),n.send(f.logUrl+t.param(f.data)))}var w=i.attr(g),b=i.parents(&quot;[&quot;+g+&quot;]&quot;),y=i.attr(v),x=i.parents(&quot;[&quot;+v+&quot;]&quot;);if(r&amp;amp;&amp;amp;i.parents(&quot;.result&quot;).length&amp;amp;&amp;amp;(w||b.length)&amp;amp;&amp;amp;(y||x.length)){var _=w||b.attr(g),k=y||x.attr(v);if(!_||_===k)return;require([&quot;uiamd/bdbox/util&quot;],function(t){var n=t.sendLogByBox(k,_);n&amp;amp;&amp;amp;e.preventDefault()})}}})}(),define(&quot;sf/controller&quot;,[&quot;require&quot;],function(){function e(){function e(){return deferred=$.Deferred(),deferred.resolve(),$.each(n,function(){var e=this;deferred=deferred.then(function(){return e()})}),n=[],deferred}function t(e,t){var r=2 in arguments&amp;amp;&amp;amp;Array.prototype.slice.call(arguments,2);&quot;function&quot;==typeof e&amp;amp;&amp;amp;n.push(function(){return e.apply(t,r?r:[])})}var n=[];return{push:t,excute:e}}function t(e,t){if(r.hasOwnProperty(e)){var n=r[e];n.destroy(t)}}var n={},r={};n.regist=function(e,t){var n=this.create(t);r[e]=n},n.create=function(e){return i(e)},n.run=function(n,i){proxyList=[];var o=new e;if(r.hasOwnProperty(n)){var a=r[n];o.push(a.beforeActivity,a,i),o.push(a.doActivity,a,i),o.push(a.afterActivity,a,i)}return r.hasOwnProperty(n)&amp;amp;&amp;amp;n!==(i.last&amp;amp;&amp;amp;i.last.path)&amp;amp;&amp;amp;o.push(t,this,i.last.path,i),r.hasOwnProperty(n)&amp;amp;&amp;amp;o.push(a.ready,a,i),o.excute()},n.remove=function(e){r.hasOwnProperty(e)&amp;amp;&amp;amp;delete r[e]};var i=function(e){var t={};return t.doActivity=e.doActivity||function(){},t.beforeActivity=e.beforeActivity||function(){},t.afterActivity=e.afterActivity||function(){},t.destroy=e.destroy||function(){},t.ready=e.ready||function(){},t};return n}),page.init(function(){$(document).ready(function(){page&amp;amp;&amp;amp;page.activity&amp;amp;&amp;amp;page.activity.start()})}),define(&quot;modules/asyn&quot;,[&quot;require&quot;],function(){return function(e){var t=e.rset||&quot;&quot;,n=e.word?encodeURIComponent(e.word):page.comm.query,r=e.cb&amp;amp;&amp;amp;&quot;function&quot;==typeof e.cb?e.cb:null,i=e.fail&amp;amp;&amp;amp;&quot;function&quot;==typeof e.fail?e.fail:null;if(t&amp;amp;&amp;amp;-1!==$.inArray(t,[&quot;ad&quot;,&quot;rcmd&quot;,&quot;srcmd&quot;])&amp;amp;&amp;amp;n){var o=[&quot;adext&quot;],a=&quot;&quot;;a+=&quot;&amp;amp;platform=wise&quot;,a+=&quot;&amp;amp;ms=1&quot;,a+=&quot;&amp;amp;rset=&quot;+encodeURIComponent(t),a+=&quot;&amp;amp;word=&quot;+n,a+=&quot;&amp;amp;qid=&quot;+encodeURIComponent(page.comm.lid),a+=&quot;&amp;amp;rq=&quot;+page.comm.query,a+=&quot;&amp;amp;from=&quot;+encodeURIComponent(page.comm.from),a+=&quot;&amp;amp;baiduid=&quot;+encodeURIComponent(page.cookie(&quot;BAIDUID&quot;)),a+=&quot;&amp;amp;tn=&quot;+encodeURIComponent(page.comm.tn),a+=&quot;&amp;amp;clientWidth=&quot;+document.body.clientWidth,a+=&quot;&amp;amp;t=&quot;+encodeURIComponent((new Date).getTime());for(var s=&quot;&quot;,c=0;4&amp;gt;c;c++)s+=Math.floor(10*Math.random());a+=&quot;&amp;amp;r=&quot;+s;for(var c=0;c&amp;lt;o.length;c++){var u=o[c];e[u]&amp;amp;&amp;amp;(a+=&quot;&amp;amp;&quot;+u+&quot;=&quot;+encodeURIComponent(e[u]))}$.ajax({url:&quot;/rec&quot;,dataType:&quot;json&quot;,data:a,timeout:3e3,success:function(e){if(r){if(e&amp;amp;&amp;amp;0===e.psstatus&amp;amp;&amp;amp;0===e.errcode)return void r(e);i&amp;amp;&amp;amp;e&amp;amp;&amp;amp;i(e)}},error:function(e){i&amp;amp;&amp;amp;e&amp;amp;&amp;amp;i(e)}})}}}),require([&quot;modules/asyn&quot;],function(e){page.asyn=e}),define(&quot;modules/coco_ui&quot;,[&quot;require&quot;],function(){var e={};e.COCO_UI={initdata:[],ui:{},config:{},run:function(t,n,r){return e.COCO_UI[t]?(e.COCO_UI.initdata[r.id]=r,e.COCO_UI.ui[r.id]=new e.COCO_UI[t](n,r),e.COCO_UI.ui[r.id]):void 0},get:function(e,t,n){var r=document.createElement(&quot;script&quot;);r.src=n?e:&quot;//m.baidu.com/static/search/uibase/&quot;+e,r.onload=t,$(&quot;head&quot;).append(r)},addStyle:function(e,t){var n=$(&quot;body&quot;);if(!$(&quot;#&quot;+t+&quot;-style&quot;).length){var r=document.createElement(&quot;style&quot;);r.setAttribute(&quot;type&quot;,&quot;text/css&quot;),r.setAttribute(&quot;class&quot;,&quot;sigma-tabs-style&quot;),r.id=t+&quot;-style&quot;,r.appendChild(document.createTextNode(e)),n.append(r)}},tplConnect:function(t,n){var r=&quot;&quot;;return r=t.replace(/\{([\w|\[|\]]+)\}/gi,function(t,r){return void 0!==n[r]?n[r]:void 0!==e.COCO_UI.config[r]?e.COCO_UI.config[r]:t=t.replace(/\w+\[(\w+)\]/gi,function(e,t){return t})})}},e.startup=function(){$(&quot;.coco-auto&quot;).each(function(){var t=new Function(&quot;return &quot;+this.getAttribute(&quot;wiseui&quot;))();t.id&amp;amp;&amp;amp;t.type&amp;amp;&amp;amp;e.COCO_UI.run(t.type,this,t)})};var t={};return e.channel={listen:function(e,n){t[e]?t[e].push(n):t[e]=[n]},broadcast:function(e,n){if(e in t){var r=t[e].slice();!function i(){for(var e;e=r.shift();)try{e(n),e=null}finally{e&amp;amp;&amp;amp;i()}}()}}},e}),require([&quot;modules/coco_ui&quot;],function(e){page.COCO_UI=e.COCO_UI,page.coco_channel=e.channel,$(e.startup)}),define(&quot;modules/geolocation&quot;,[&quot;require&quot;],function(){function e(e,t,n){navigator.geolocation||r(t,{error:2});var i=null,o=!1;navigator.geolocation.getCurrentPosition(function(t){clearTimeout(i),r(e,t.coords)},function(e){o||(o=!0,clearTimeout(i),e.code===e.PERMISSION_DENIED?r(t,{error:4}):r(t,{error:2}))},{timeout:n,maximumAge:0,enableHighAccuracy:!0}),i=setTimeout(function(){o||(o=!0,clearTimeout(i),r(t,{error:2}))},n)}function t(e,t,n,o){page.log.send({ct:11,cst:1,clk_from:&quot;sgeo&quot;});var s=0,u=2,l=function(e,t,n,o){a({url:c,data:{ptype:1,xyr:e.longitude+&quot;_&quot;+e.latitude+&quot;_&quot;+e.accuracy,addr:&quot;city|district|street|city_code&quot;},timeout:o,onSuccess:function(a){if(void 0!==a){var c=a.point,d=a.addr;if(c&amp;amp;&amp;amp;d&amp;amp;&amp;amp;d.city_code){var f=new i(c.x,c.y,e.accuracy,d.city_code,void 0,a.address,a.address,d);return r(t,f.output())}}return u&amp;gt;s?(s++,l(e,t,n,o)):r(n)},onFail:n})};l(e,t,n,o)}function n(e,t,n,o){a({url:u,data:{x:e.longitude,y:e.latitude},timeout:o,onSuccess:function(o){var a=o&amp;amp;&amp;amp;o.content,s=a&amp;amp;&amp;amp;a.address_detail,c=s&amp;amp;&amp;amp;s.city_code;if(a&amp;amp;&amp;amp;a.surround_poi,a&amp;amp;&amp;amp;s&amp;amp;&amp;amp;c&amp;amp;&amp;amp;0!==c){var u=new i(e.longitude,e.latitude,e.accuracy,c,void 0,a.address,a.address,{city:s.city,district:s.district,street:s.street,cityCode:c});r(t,u.output())}else r(n)},onFail:n})}function r(e,t,n){&quot;function&quot;==typeof e&amp;amp;&amp;amp;e(t,n)}function i(e,t,n,r,i,o,a,s){this.x=parseFloat(e),this.y=parseFloat(t),this.accuracy=parseFloat(n),this.cityCode=parseInt(r,10),this.timestamp=parseInt(i,10)||&quot;&quot;,this.name=o||&quot;&quot;,this.address=a||&quot;&quot;,this.addr=s||void 0}function o(e){for(var t=[].slice.call(arguments,1),n=0;n&amp;lt;t.length;n++)for(var r in t[n])e[r]=t[n][r];return e}function a(e){var t={timeout:8e3,data:{},onSuccess:null,onFail:null};e=o({},t,e);var n=&quot;geojsonp&quot;+ ++f;e.data.callback=n;var i=!1,a=setTimeout(function(){delete window[n],i=!0,r(e.onFail)},e.timeout);window[n]=function(t){clearTimeout(a),i||(r(e.onSuccess,t),delete window[n])};var s=e.url+(e.url.indexOf(&quot;?&quot;)+1?&quot;&amp;amp;&quot;:&quot;?&quot;),c=[];for(var u in e.data)c.push(u+&quot;=&quot;+encodeURIComponent(e.data[u]));s+=c.join(&quot;&amp;amp;&quot;);var l=document.createElement(&quot;script&quot;);l.onerror=function(){clearTimeout(a),r(e.onFail)},l.type=&quot;text/javascript&quot;,l.src=s,document.getElementsByTagName(&quot;head&quot;)[0].appendChild(l)}var s,c=&quot;http://aladdin.wapmap.baidu.com/plugin&quot;,u=&quot;http://api.map.baidu.com/?qt=rgc&amp;amp;dis_poi=100&amp;amp;poi_num=10&amp;amp;ie=utf-8&amp;amp;oue=1&amp;amp;res=api&quot;,l={autoLoc:{expireTime:0,onlyFromCookie:!1,onlyFromHTML5:!1,onlyFromNative:!1,autoSaveToCookie:!0,html5Timeout:8e3,nativeTimeout:8e3,onSuccess:null,onFail:null},search:{timeout:8e3,onSuccess:null,onFail:null}};-1!==location.protocol.indexOf(&quot;https&quot;)&amp;amp;&amp;amp;(c=&quot;https://sp2.baidu.com/90gHaDqh_cgXo1ufo-zN2TxrfQVwcu8e/plugin&quot;,u=&quot;https://sp2.baidu.com/9_Q4sjOpB1gCo2Kml5_Y_D3/?qt=rgc&amp;amp;dis_poi=100&amp;amp;poi_num=10&amp;amp;ie=utf-8&amp;amp;oue=1&amp;amp;res=api&quot;);var d={getPosition:function(n){n=o({},l.autoLoc,n);var i=n.expireTime;if(i&amp;gt;0||0===i&amp;amp;&amp;amp;n.onlyFromCookie===!0){var a=s.get();if(a&amp;amp;&amp;amp;(parseInt(Date.now(),10)-a.timestamp&amp;lt;=i||0===i))return void r(n.onSuccess,a.output(),{from:&quot;cookie&quot;})}if(n.onlyFromCookie===!0)return void r(n.onFail,{error:1});var c=this,u=/android/i.test(navigator.userAgent);n.onlyFromHTML5||!n.onlyFromNative?e(function(e){t(e,function(e){n.autoSaveToCookie===!0&amp;amp;&amp;amp;(e=c.savePosition(e)),r(n.onSuccess,e,{from:&quot;html5&quot;})},function(){u&amp;amp;&amp;amp;!n.onlyFromHTML5?r(n.onFail,{error:3}):r(n.onFail,{error:3})},n.html5Timeout)},function(e){u&amp;amp;&amp;amp;!n.onlyFromHTML5?r(n.onFail,{error:3}):r(n.onFail,e)},n.html5Timeout):r(n.onFail,{error:3})},searchAddress:function(e,t,n){n=o({},l.search,n,{addr:e||&quot;&quot;,city_code:t||0}),page.log.send({ct:11,cst:1,clk_from:&quot;sgeo&quot;}),a({url:c,data:{ptype:2,addr:e||&quot;&quot;,city_code:t||0},timeout:n.timeout,onSuccess:function(e){var t=[];if(e&amp;amp;&amp;amp;e.content)for(var o=e.current_city.code,a=[].concat(e.content),s=0;s&amp;lt;a.length;s++){var c,u,l=a[s],d=l.geo.split(&quot;|&quot;)[2].replace(&quot;;&quot;,&quot;&quot;).split(&quot;,&quot;);null!=l.city_type?c=u=l.cname:(c=l.name,u=l.addr);var f=new i(d[0],d[1],200,o,void 0,c,u);t.push(f.output())}r(n.onSuccess,t)},onFail:function(){r(n.onFail,{error:1})}})},savePosition:function(e){return s.set(e)},clearPosition:function(){return s.remove()},mercatorToAddress:function(e){var t={timeout:8e3,onSuccess:null,onFail:null};e=o({},t,e),n({longitude:e.x,latitude:e.y,accuracy:e.accuracy},function(t){t.accuracy=t.accuracy||200,r(e.onSuccess,t)},function(){r(e.onFail,{error:1})},e.timeout)}};i.prototype.getCookieString=function(){return this.x+&quot;_&quot;+this.y+&quot;_&quot;+this.accuracy+&quot;_&quot;+this.cityCode+&quot;_&quot;+this.timestamp},i.prototype.output=function(){return{x:this.x,y:this.y,accuracy:this.accuracy,cityCode:this.cityCode,timestamp:this.timestamp,name:this.name,address:this.address,addr:this.addr||{}}},i.readFromCookie=function(e){var t=e.split(&quot;_&quot;);return new i(t[0],t[1],t[2],t[3],t[4])},i.readFromObject=function(e){return new i(e.x,e.y,e.accuracy,e.cityCode,e.timestamp,e.name,e.address,e.addr)},s={domain:&quot;.baidu.com&quot;,path:&quot;/&quot;,key:&quot;BAIDULOC&quot;,duration:1728e5,get:function(){if(!navigator.cookieEnabled)return!1;var e=document.cookie.match(new RegExp(this.key+&quot;=([^;]+);?&quot;));return e?i.readFromCookie(e[1]):!1},set:function(e){if(!navigator.cookieEnabled)return!1;e=i.readFromObject(e);var t=new Date;return t.setTime(t.getTime()+this.duration),e.timestamp=parseInt(Date.now(),10),document.cookie=this.key+&quot;=&quot;+e.getCookieString()+&quot;;domain=&quot;+this.domain+&quot;;path=&quot;+this.path+&quot;;expires=&quot;+t.toGMTString(),e.output()},remove:function(){return navigator.cookieEnabled?(document.cookie=this.key+&quot;=;domain=&quot;+this.domain+&quot;;path=&quot;+this.path+&quot;;expires=Thu, 01 Jan 1970 00:00:01 GMT&quot;,!0):!1}};var f=0;return d}),require([&quot;modules/geolocation&quot;],function(e){page.geolocation=A.geolocation=e}),define(&quot;modules/login&quot;,[&quot;require&quot;],function(){return{isLogin:!(!page.comm.user||!page.comm.user.uid),open:function(){var e=page.utils.link.getJumpLinkUrl({src:page.comm.loginUrl});window.location.href=e+&quot;&amp;amp;eqid=&quot;+page.comm.eqid+&quot;&amp;amp;wd=&quot;}}}),require([&quot;modules/login&quot;],function(e){page.utils=page.utils||{},page.utils.login=e}),define(&quot;modules/pageToTop&quot;,[&quot;require&quot;],function(){function e(e){e=e||0,$(&quot;html&quot;).scrollTop(e),$(&quot;body&quot;).scrollTop(e),$(window).scrollTop(e)}var t=Object.prototype.toString,n=function(e){if(!page.comm.onlyshow){this.opt=$.extend({attrs:[{event:&quot;load&quot;,condition:null},{event:&quot;unload&quot;,condition:null}]},e),this.init();var t=this;n=function(){return t}}};return $.extend(n.prototype,{init:function(){this.flags={},this._events=[],this.$win=$(window),this.bindEv()},bindEv:function(n){n=n||this.opt.attrs,n=&quot;[object Array]&quot;!==t.call(n)?[n]:n;for(var r,i=n.length,o=0,a=this;i&amp;gt;o;o++)r=n[o],this._events.push(r.event),this.$win.on(r.event,function(){if(page.comm.enableTotop!==!1){var t;if(t=$.isFunction(r.condition)?r.condition():!!r.condition,t=a.flags[r.event]||t,!t){if(window.performance&amp;amp;&amp;amp;window.performance.navigation&amp;amp;&amp;amp;2==window.performance.navigation.type)return;e()}}})},set:function(e,t){this.flags[e]=!!t},get:function(e){return!!this.flags[e]},setAll:function(e){for(var t=0,n=this._events.length;n&amp;gt;t;t++)this.flags[this._events[t]]=!!e},getAll:function(){return this.flags}}),n}),require([&quot;modules/pageToTop&quot;],function(e){page.utils=page.utils||{},page.utils.pageToTop=e}),!function(e,t){function n(e,t){return d.cleanObj.toString.call(e).slice(8,-1)===t}function r(e){var t=f[e];if(t)return t.exports;throw&quot;module &quot;+e+&quot; is undefined&quot;}function i(e,t){for(var n,i,o=e.split(&quot;:&quot;),a=o.pop().split(&quot;/&quot;),s=d;n=a.shift();)&quot;bdbox&quot;!==n&amp;amp;&amp;amp;(i=n,a.length&amp;amp;&amp;amp;(s=s[n]=s[n]||{}));var c=f[e]={exports:{}},u=d.isFunction(t)?t.apply(c,[r,c.exports,c,d]):t;u&amp;amp;&amp;amp;(c.exports=u),s[i]=c.exports}function o(){h.forEach(function(e){e()}),h.length=0,m=!0}function a(e){var t;return null==e?t=String(e):(t=Object.prototype.toString.call(e).toLowerCase(),t=t.substring(8,t.length-1)),t}function s(t){var n=t.success||w,r={imageUrl:&quot;&quot;,mediaType:&quot;all&quot;,title:&quot;&quot;,content:&quot;&quot;,linkUrl:location.href},i=t.error||w;return d.isFunction(t.success)&amp;amp;&amp;amp;(n=&quot;_xSHARE_SUCCESS_&quot;+d.getId(),e[n]=t.success,r.success=n),d.isFunction(t.error)&amp;amp;&amp;amp;(i=&quot;_xSHARE_FAIL_&quot;+d.getId(),e[i]=t.error,r.error=i),d.each(t,function(e,n){&quot;success&quot;!==n&amp;amp;&amp;amp;&quot;error&quot;!==n&amp;amp;&amp;amp;(n in v?n=v[n]:&quot;content&quot;!==n||t.title||(r.title=e),r[n]=e)}),d.isArray(r.mediaType)&amp;amp;&amp;amp;(r.mediaType=&quot;all&quot;),e.BoxShareData||(e.BoxShareData={successcallback:n,errorcallback:i,options:r}),r}var c=+new Date,u=(c+&quot;&quot;).slice(-3),l=navigator.userAgent,d={isBox:/ baiduboxapp\//i.test(l),isIOS:/(iPhone|iPod|iPad)/.test(l),isAndroid:/(Android);?[\s\/]+([\d.]+)?/.test(l),getId:function(){return u++},emptyArr:[],emptyFn:function(){},cleanObj:{},byId:function(e){return d.isString(e)?t.getElementById(e):e},toArray:function(e){return d.emptyArr.slice.call(e)},$:function(e,n){return n=n&amp;amp;&amp;amp;1===n.nodeType?n:t,d.toArray(n.querySelectorAll(e))}};&quot;Function,String,Array,Number,RegExp&quot;.replace(/[^, ]+/g,function(e){d[&quot;is&quot;+e]=function(t){return n(t,e)}}),d.isBoolean=function(e){return e===!0||e===!1},d.isObject=function(e){return&quot;object&quot;==typeof e},d.isUndefined=function(e){return void 0===e},d.isWindow=function(e){return null!=e&amp;amp;&amp;amp;e==e.window},d.isPlainObject=function(e){return d.isObject(e)&amp;amp;&amp;amp;!d.isWindow(e)&amp;amp;&amp;amp;Object.getPrototypeOf(e)==Object.prototype};var f={};d.define=i;var p=function(e,t,n){for(var r,i,o=e.split(&quot;.&quot;),a=n||p;r=o.shift();)&quot;Box&quot;!==r&amp;amp;&amp;amp;(i=r,o.length&amp;amp;&amp;amp;(a=a[r]=a[r]||{}));return a[i]=t||{},a[i]},h=[],m=!1;if(p.init=function(e){return&quot;function&quot;!=typeof e?this:(m?e():h.push(e),this)},&quot;complete,loaded,interactive&quot;.indexOf(t.readyState)&amp;gt;-1&amp;amp;&amp;amp;t.body?o():t.addEventListener(&quot;DOMContentLoaded&quot;,o,!1),i(&quot;common:bdbox/utils/getVersion&quot;,function(t,n,r){var i=function(){var t=0;if(e.baiduboxapp_version)t=e.baiduboxapp_version;else{var n,r=navigator.userAgent;(n=/([\d+.]+)_(?:diordna|enohpi)_/.exec(r))?(n=n[1].split(&quot;.&quot;),t=n.reverse().join(&quot;.&quot;)):(n=/baiduboxapp\/([\d+.]+)/.exec(r))&amp;amp;&amp;amp;(t=n[1])}return i=function(){return t},t};r.exports=i}),i(&quot;common:bdbox/utils/version_compare&quot;,function(e,t,n){var r=function(e,t){t+=&quot;&quot;,e+=&quot;&quot;;for(var n=e.split(&quot;.&quot;),r=t.split(&quot;.&quot;),i=0,o=Math.max(n.length,r.length);o&amp;gt;i;i++){if(n[i]&amp;amp;&amp;amp;!r[i]&amp;amp;&amp;amp;parseInt(n[i])&amp;gt;0||parseInt(n[i])&amp;gt;parseInt(r[i]))return 1;if(r[i]&amp;amp;&amp;amp;!n[i]&amp;amp;&amp;amp;parseInt(r[i])&amp;gt;0||parseInt(n[i])&amp;lt;parseInt(r[i]))return-1}return 0};n.exports=r}),i(&quot;common:bdbox/ios/invokeApp&quot;,function(n,r,i,o){i.exports=function(n,r,i){if(n&amp;amp;&amp;amp;o.isBox){var a=[];if(o.isFunction(r))i=r;else for(var s in r)a.push(s+&quot;=&quot;+r[s]);if(o.isFunction(i)){var c=&quot;_bdbox_js_&quot;+o.getId();e[c]=function(){i.apply(e,[].slice.call(arguments,0))},a.push(&quot;func=&quot;+c)}else i&amp;amp;&amp;amp;a.push(&quot;func=&quot;+i);a=&quot;baiduboxapp://&quot;+n+&quot;?&quot;+a.join(&quot;&amp;amp;&quot;);var u=t.createElement(&quot;iframe&quot;);u.style.display=&quot;none&quot;,u.src=a;var l=t.body||t.getElementsByTagName(&quot;body&quot;)[0];l.appendChild(u),setTimeout(function(){l.removeChild(u),u=null},0)}}}),i(&quot;common:bdbox/android/invokeApp&quot;,function(t,n,r,i){function o(t,n,r){if(r&amp;amp;&amp;amp;!i.isArray(r)&amp;amp;&amp;amp;(r=Array.prototype.slice.call(arguments,0).slice(2)),e[t]&amp;amp;&amp;amp;e[t][n]){var o=e[t][n].apply(e[t],r);return{error:0,result:o,__from:&quot;js&quot;}}var u=c();if(s(u,4.8)&amp;gt;=0){var l=a(t,n,r);return l=l?JSON.parse(l):{},l.__from=&quot;app&quot;,l}if(&quot;4.7.1&quot;===u||&quot;4.7&quot;==u){var d=a(t,n,r);return{error:0,result:d,__from:&quot;app4.7&quot;}}return{error:200}}function a(t,n,r){if(!i.isBox)return{error:201};if(!i.isAndroid)return{error:202};var o={obj:t,func:n,args:r?r:[]};try{return e.prompt(&quot;BdboxApp:&quot;+JSON.stringify(o))}catch(a){return{error:201}}}var s=t(&quot;common:bdbox/utils/version_compare&quot;),c=t(&quot;common:bdbox/utils/getVersion&quot;);r.exports=o}),i(&quot;common:bdbox/utils/detect&quot;,function(t,n,r,i){function o(t){var n={name:&quot;unknown&quot;,version:0};this===e||this.os||(this.os=n),t=t||navigator.userAgent;var r={Weibo:/weibo/i,Wechat:/micromessenger\//i,QQ:/QQ\//};for(var i in r)r.hasOwnProperty(i)&amp;amp;&amp;amp;(n[&quot;is&quot;+i]=r[i].test(t));n.isUC=t.match(/UC/)||e.ucweb||e.ucbrowser;var o=t.match(/Windows Phone ([\d.]+)/);if(o)return n.win10=!0,n.version=o[1],n.name=&quot;win10&quot;,n;var a=t.match(/(Android);?\s+([\d.]+)?/);if(a)return n.android=!0,n.version=a[2],n.name=&quot;android&quot;,n;var s=t.match(/(iPad).*OS\s([\d_]+)/),c=t.match(/(iPod)(.*OS\s([\d_]+))?/),u=!s&amp;amp;&amp;amp;t.match(/(iPhone\sOS)\s([\d_]+)/);return u&amp;amp;&amp;amp;!c?(n.ios=n.iphone=!0,n.version=u[2].replace(/_/g,&quot;.&quot;),n.name=&quot;ios&quot;,n):s?(n.ios=n.ipad=!0,n.name=&quot;ios&quot;,n.version=s[2].replace(/_/g,&quot;.&quot;),n):c?(n.name=&quot;ios&quot;,n.ios=n.ipod=!0,n.version=c[3]?c[3].replace(/_/g,&quot;.&quot;):null,n):n}o.apply(i),r.exports=o}),i(&quot;common:bdbox/each&quot;,function(e,t,n){function r(e){var t;return null==e?t=String(e):(t=Object.prototype.toString.call(e).toLowerCase(),t=t.substring(8,t.length-1)),t}n.exports=function(e,t,n){if(&quot;object&quot;==typeof e){var i,o,a=r(e);if(n=n||e,&quot;array&quot;===a||&quot;arguments&quot;===a||&quot;nodelist&quot;===a){for(i=0,o=e.length;o&amp;gt;i;i++)if(t.call(n,e[i],i,e)===!1)return}else for(i in e)if(e.hasOwnProperty(i)&amp;amp;&amp;amp;t.call(n,e[i],i,e)===!1)return}}}),i(&quot;common:bdbox/client/nativeShare&quot;,function(n,r,i,o){function a(t){var n={wechatIcon:location.protocol+&quot;//m.baidu.com/static/search/logo300.png&quot;,type:&quot;url&quot;,mediaType:&quot;all&quot;,linkUrl:location.href,title:c.title,success:&quot;console.log&quot;,error:&quot;console.log&quot;};o.each(t||{},function(e,t){n[t]=e}),n.image&amp;amp;&amp;amp;(n.imageUrl=n.image),n.iconUrl&amp;amp;&amp;amp;!n.imageUrl&amp;amp;&amp;amp;&quot;url&quot;===n.type&amp;amp;&amp;amp;(n.imageUrl=n.iconUrl);var r={};[&quot;success&quot;,&quot;error&quot;].forEach(function(t){var i=t;o.isFunction(n[t])&amp;amp;&amp;amp;(i=&quot;_xSHARE_SUCCESS_&quot;+o.getId(),e[i]=n[t]),r[t+&quot;callback&quot;]=i,delete n[t]}),r.options=n,r.options.imageUrl&amp;amp;&amp;amp;o.isAndroid&amp;amp;&amp;amp;s(o.version,&quot;6.5&quot;)&amp;lt;0&amp;amp;&amp;amp;delete r.options.imageUrl,e.BoxShareData=r;var i=n.wechatIcon;if(/micromessenger\//i.test(navigator.userAgent)&amp;amp;&amp;amp;i&amp;amp;&amp;amp;i.length&amp;gt;20){var a=c.createElement(&quot;div&quot;);a.id=&quot;wa-generalevent-wx-logo&quot;,a.style.display=&quot;none&quot;,a.innerHTML=&#039;&amp;lt;img src=&quot;&#039;+i+&#039;&quot;/&amp;gt;&#039;;var u=c.body.firstChild;u?c.body.insertBefore(a,u):c.body.appendChild(a)}}var s=n(&quot;common:bdbox/utils/version_compare&quot;),c=t;i.exports=a}),i(&quot;common:bdbox/utils/ready&quot;,function(e,n,r){function i(){a.forEach(function(e){e()}),a.length=0,s=!0}function o(e){&quot;function&quot;==typeof e&amp;amp;&amp;amp;(s?e():a.push(e))}var a=[],s=!1;&quot;complete,loaded,interactive&quot;.indexOf(t.readyState)&amp;gt;-1&amp;amp;&amp;amp;t.body?i():t.addEventListener(&quot;DOMContentLoaded&quot;,i,!1),r.exports=o}),d.version=d.utils.getVersion(),d.version_compare=d.utils.version_compare,each=d.each,d.nativeShare=d.client.nativeShare,d.type=a,d.canI=function(e,t,n){return d.version_compare(d.version,e)&amp;gt;=0?d.isFunction(t)&amp;amp;&amp;amp;t():d.isFunction(n)&amp;amp;&amp;amp;n(),d},i(&quot;common:bdbox/client/o2o&quot;,function(e,t,n,r){var i=e(&quot;common:bdbox/android/invokeApp&quot;),o=e(&quot;common:bdbox/ios/invokeApp&quot;),a=encodeURIComponent,s=e(&quot;common:bdbox/each&quot;),c=r.isAndroid?function(e,t){r.isObject(e)&amp;amp;&amp;amp;(t=e,e=e.url,delete t.url);var n=[&quot;S.bdsb_light_start_url=&quot;+a(e)];if(r.isObject(t)){var o=t.min_v;delete t.min_v;var c={color:&quot;i.extra_actionbar_color_id&quot;,appid:&quot;S.bdsb_wallet_appid&quot;};s(t,function(e,t){&quot;color&quot;===t&amp;amp;&amp;amp;(e=4278190080|parseInt(&quot;0x&quot;+e)),t=c[t]||t,n.push(t+&quot;=&quot;+e)})}n=n.join(&quot;;&quot;);var u={intent:&quot;intent:#Intent;&quot;+n+&quot;;end&quot;,min_v:o&amp;amp;&amp;amp;&quot;&quot;!=o?o:&quot;16783629&quot;,mode:&quot;0&quot;};t&amp;amp;&amp;amp;t.component&amp;amp;&amp;amp;&quot;&quot;!=t.component||(u.class=&quot;com.baidu.searchbox.wallet.WalletServiceActivity&quot;),i(&quot;Bdbox_android_utils&quot;,&quot;command&quot;,[JSON.stringify(u)])}:function(e,t){r.isObject(e)&amp;amp;&amp;amp;(t=e,e=e.url,delete t.url);var n={openurl:a(e),minver:&quot;5.3.0.0&quot;,isla:0,opentype:1,append:0,rbtnstyle:2};if(r.isObject(t)){var i={color:&quot;barcolor&quot;};s(t,function(e,t){t=i[t]||t,n[t]=e})}n.appid&amp;amp;&amp;amp;(n.isla=1),o(&quot;easybrowse&quot;,n)};n.exports=c}),d.o2o=d.client.o2o,&quot;android&quot;===d.os.name?p(&quot;card&quot;,{query:function(e,t){if(p.version_compare(p.version,&quot;5.0&quot;)&amp;lt;0)return this;var n,r;p.isArray(e)?n=[JSON.stringify(e)]:(r=p.toArray(arguments),t=r.pop(),p.isFunction(t)?n=r:(n=p.toArray(arguments),t=null),n=[JSON.stringify(n)]);var i=p.android.invokeApp(&quot;Bdbox_android_card&quot;,&quot;mquery&quot;,n);return i=0===i.error&amp;amp;&amp;amp;i.result?JSON.parse(i.result):!1,p.isFunction(t)&amp;amp;&amp;amp;t(i),i},add:function(t,n){if(p.version_compare(p.version,&quot;5.0&quot;)&amp;lt;0)return this;var r,i;p.isString(t)?r=[t]:p.isArray(t)?r=[JSON.stringify(t)]:(i=p.toArray(arguments),n=i.pop(),p.isFunction(n)?r=i:(r=p.toArray(arguments),n=null),r=[JSON.stringify(r)]);var o=null;if(p.version_compare(p.version,&quot;5.5&quot;)&amp;gt;=0){var a=&quot;&quot;;p.isFunction(n)&amp;amp;&amp;amp;(a=&quot;__box_card_&quot;+p.getId(),e[a]=function(e){var t=JSON.parse(e),r=!1;for(var i in t){r=t[i].st;break}n(r)}),o=p.android.invokeApp(&quot;Bdbox_android_card&quot;,&quot;madd&quot;,r.concat([a,0]))}else o=p.android.invokeApp(&quot;Bdbox_android_card&quot;,&quot;madd&quot;,r);return o}}):p(&quot;card&quot;,{query:function(e,t){if(p.version_compare(p.version,&quot;5.0&quot;)&amp;lt;0)return this;var n,r;p.isArray(e)?n=[JSON.stringify(e)]:(r=p.toArray(arguments),t=r.pop(),p.isFunction(t)?n=r:(n=p.toArray(arguments),t=null),n=[JSON.stringify(n)]);var i=function(e){p.isFunction(t)&amp;amp;&amp;amp;t(JSON.parse(e)),i=null};p.ios.invokeApp(&quot;cardMquery&quot;,{params:encodeURIComponent(n)},i)},add:function(e,t){if(p.version_compare(p.version,&quot;5.0&quot;)&amp;lt;0)return this;var n,r;p.isString(e)?n=[e]:p.isArray(e)?n=[JSON.stringify(e)]:(r=p.toArray(arguments),t=r.pop(),p.isFunction(t)?n=r:(n=p.toArray(arguments),t=null),n=[JSON.stringify(n)]);var i=function(e){var n=JSON.parse(e),r=!1;for(var o in n){r=n[o].st;break}p.isFunction(t)&amp;amp;&amp;amp;t(r),i=null};return p.ios.invokeApp(&quot;cardMadd&quot;,{params:encodeURIComponent(n),gohome:&quot;0&quot;},i),!0}}),i(&quot;common:bdbox/utils/jsonToQuery&quot;,function(e,t,n,r){n.exports=function(e){if(r.isString(e))return e;var t=[];for(var n in e)t.push(n+&quot;=&quot;+e[n]);return t.join(&quot;&amp;amp;&quot;)}}),i(&quot;common:bdbox/io/loadJS&quot;,function(n,r,i,o){function a(n,r,i){var a,u,l,d=t.createElement(&quot;script&quot;);o.isString(n)?(a=n,o.isFunction(r)&amp;amp;&amp;amp;(i=r,r=null)):(a=n.url,r=n.data,i=n.success,u=n.error||o.emptyFn,l=n.timeout),o.isObject(r)&amp;amp;&amp;amp;(r=c(r)),r&amp;amp;&amp;amp;(a+=(-1===a.indexOf(&quot;?&quot;)?&quot;?&quot;:&quot;&amp;amp;&quot;)+r),a=a.replace(/[&amp;amp;?]{1,2}/,&quot;?&quot;);var f;/=\?/.test(a)&amp;amp;&amp;amp;(f=&quot;_box_jsonp&quot;+o.getId(),a=a.replace(/=\?/,&quot;=&quot;+f));var p=s();l=l||2e4,d.type=&quot;text/javascript&quot;,d.src=a;var h,m=!0,g=function(){f&amp;amp;&amp;amp;delete e[f],h&amp;amp;&amp;amp;clearTimeout(h),d.onload=d.onreadystatechange=d.onerror=null,d=null},v=function(){!d||d.readyState&amp;amp;&amp;amp;!/loaded|complete/.test(d.readyState)||(g(),m&amp;amp;&amp;amp;o.isFunction(i)&amp;amp;&amp;amp;i.apply(null,o.toArray(arguments)),m=!1)},w=function(e){g(),m&amp;amp;&amp;amp;u(e),m=!1};f&amp;amp;&amp;amp;(e[f]=v),h=setTimeout(function(){g(),m&amp;amp;&amp;amp;u(&quot;timeout&quot;),m=!1},l),d.onload=d.onreadystatechange=d.onerror=v,d.onerror=w,p.appendChild(d)}function s(){return t.head||t.getElementsByTagName(&quot;head&quot;)[0]||t.documentElement}var c=n(&quot;common:bdbox/utils/jsonToQuery&quot;);o.emptyFn,i.exports=a}),i(&quot;common:bdbox/utils/queryToJson&quot;,function(e,t,n){n.exports=function(e){var t=e.split(&quot;?&quot;),n=t[1]?t[1]:t[0],r=n.split(&quot;&amp;amp;&quot;),i={};return r.forEach(function(e){if(e=e.split(&quot;=&quot;),e[0].length&amp;gt;0){var t=&quot;&quot;;try{t=decodeURIComponent(e[1])||&quot;&quot;}catch(n){}i[e[0]]=t}}),i}}),i(&quot;common:bdbox/extend&quot;,function(e,t,n,r){function i(e,t,n){for(var r in t)n&amp;amp;&amp;amp;(o(t[r])||a(t[r]))?(o(t[r])&amp;amp;&amp;amp;!o(e[r])&amp;amp;&amp;amp;(e[r]={}),a(t[r])&amp;amp;&amp;amp;!a(e[r])&amp;amp;&amp;amp;(e[r]=[]),i(e[r],t[r],n)):c(t[r])||(e[r]=t[r])}var o=r.isPlainObject,a=r.isArray,s=r.isBoolean,c=r.isUndefined;n.exports=function(e){var t,n=r.emptyArr.slice.call(arguments,1);return s(e)&amp;amp;&amp;amp;(t=e,e=n.shift()),n.forEach(function(n){i(e,n,t)}),e}}),i(&quot;common:bdbox/utils/ready&quot;,function(e,n,r){function i(){a.forEach(function(e){e()}),a.length=0,s=!0}function o(e){&quot;function&quot;==typeof e&amp;amp;&amp;amp;(s?e():a.push(e))}var a=[],s=!1;&quot;complete,loaded,interactive&quot;.indexOf(t.readyState)&amp;gt;-1&amp;amp;&amp;amp;t.body?i():t.addEventListener(&quot;DOMContentLoaded&quot;,i,!1),r.exports=o}),i(&quot;common:bdbox/utils/detect&quot;,function(t,n,r,i){function o(t){var n={name:&quot;unknown&quot;,version:0};this===e||this.os||(this.os=n),t=t||navigator.userAgent;var r={Weibo:/weibo/i,Wechat:/micromessenger\//i,QQ:/QQ\//};for(var i in r)r.hasOwnProperty(i)&amp;amp;&amp;amp;(n[&quot;is&quot;+i]=r[i].test(t));n.isUC=t.match(/UC/)||e.ucweb||e.ucbrowser;var o=t.match(/Windows Phone ([\d.]+)/);if(o)return n.win10=!0,n.version=o[1],n.name=&quot;win10&quot;,n;var a=t.match(/(Android);?\s+([\d.]+)?/);if(a)return n.android=!0,n.version=a[2],n.name=&quot;android&quot;,n;var s=t.match(/(iPad).*OS\s([\d_]+)/),c=t.match(/(iPod)(.*OS\s([\d_]+))?/),u=!s&amp;amp;&amp;amp;t.match(/(iPhone\sOS)\s([\d_]+)/);return u&amp;amp;&amp;amp;!c?(n.ios=n.iphone=!0,n.version=u[2].replace(/_/g,&quot;.&quot;),n.name=&quot;ios&quot;,n):s?(n.ios=n.ipad=!0,n.name=&quot;ios&quot;,n.version=s[2].replace(/_/g,&quot;.&quot;),n):c?(n.name=&quot;ios&quot;,n.ios=n.ipod=!0,n.version=c[3]?c[3].replace(/_/g,&quot;.&quot;):null,n):n}o.apply(i),r.exports=o}),i(&quot;common:bdbox/schema&quot;,function(e,n,r,i){function o(e,n){if(!e)return void n(!0);if(n=n||i.emptyFn,!i.isBox&amp;amp;&amp;amp;i.isIOS&amp;amp;&amp;amp;c(s.version,&quot;9.0&quot;)&amp;gt;=0)return void u(function(){a(e,n)});var r=Date.now(),o=t.createElement(&quot;IFRAME&quot;);o.src=e,o.style.position=&quot;absolute&quot;,o.style.left=&quot;-2000px&quot;,o.style.top=&quot;-1000px&quot;,o.style.width=&quot;1px&quot;,o.style.height=&quot;1px&quot;,o.style.webkitTransition=&quot;all 0.9s&quot;,o.style.transition=&quot;all 0.9s&quot;,t.body.appendChild(o);var l=function(){t.body.removeChild(o),n(Date.now()-r&amp;lt;1500?!0:!1)};o.addEventListener(&quot;webkitTransitionEnd&quot;,l,!1),o.addEventListener(&quot;transitionEnd&quot;,l,!1),setTimeout(function(){o.style.left=&quot;-1000px&quot;},20)}function a(e,t){location.href=e,l&amp;amp;&amp;amp;clearTimeout(l),l=setTimeout(function(){t(!0)},3e3)}var s=e(&quot;common:bdbox/utils/detect&quot;)(),c=e(&quot;common:bdbox/utils/version_compare&quot;),u=e(&quot;common:bdbox/utils/ready&quot;),l=null;r.exports=o}),i(&quot;common:bdbox/monitor&quot;,function(t,n,r,i){var o=encodeURIComponent,a=function(e,t){e+=e.indexOf(&quot;?&quot;)&amp;lt;0?&quot;?&quot;:&quot;&amp;amp;&quot;,this.url=e,this.options=t};a.prototype.report=function(t){t=t||&quot;&quot;;var n=new Image(1,1),r=[];if(i.isObject(t)){for(var a in t)r.push(a+&quot;=&quot;+o(String(t[a])));t=r.join(&quot;&amp;amp;&quot;)}var s=&quot;_box_mt&quot;+i.getId();e[s]=n,n.onload=n.onerror=n.onabort=function(){n.onload=n.onerror=n.onabort=null,e[s]=n=null};var c=this.url+t;return i.isFunction(this.options.customHandler)&amp;amp;&amp;amp;(c=this.options.customHandler(c)),n.src=c+&quot;&amp;amp;_rnd=&quot;+Math.floor(2147483648*Math.random()),this},a.prototype.main=function(e,t){return e&amp;amp;&amp;amp;i.isFunction(this[e])&amp;amp;&amp;amp;this[e].apply(this,i.toArray(t||[])),this},r.exports=function(e,t){return new a(e,t)}}),i(&quot;common:bdbox/clone&quot;,function(e,t,n){var r=Object.prototype.toString,i=function(e,t,n){var r=0;for(var i in e)if(e.hasOwnProperty(i))if(n)t[i]=e[i];else if(t(i,e[i],r++))break},o=function(e){var t;switch(r.call(e)){case&quot;[object Object]&quot;:t={},i(e,function(e,n){t[e]=o(n)});break;case&quot;[object Array]&quot;:t=[],e.forEach(function(e){t.push(o(e))});break;default:t=e}return t};n.exports=o}),i(&quot;common:bdbox/monitor/pblog&quot;,function(t,n,r,i){var o=t(&quot;common:bdbox/monitor&quot;),a=t(&quot;common:bdbox/extend&quot;),s=t(&quot;common:bdbox/utils/queryToJson&quot;),c=t(&quot;common:bdbox/utils/getVersion&quot;),u=t(&quot;common:bdbox/clone&quot;),l=s(location.search),d=navigator.userAgent,f=e.location.protocol;&quot;https:&quot;!=f&amp;amp;&amp;amp;(f=&quot;http:&quot;);var p=f+&quot;//m.baidu.com/tcbox&quot;,h={service:&quot;bdbox&quot;,action:&quot;pblog&quot;,ctv:2,cen:&quot;uid_ua_ut&quot;,data:{appid:&quot;1&quot;,dataid:&quot;2&quot;,actiontype:&quot;1&quot;,actionid:&quot;2&quot;,actiondata:{ref:l.ref||&quot;&quot;,gmv:l.vmgdb||&quot;&quot;,source:l.from||l.ref||&quot;&quot;,boxVersion:c(),boxPlatform:d.match(/(iPad|iPhone|iPod)/gim)?&quot;ios&quot;:&quot;android&quot;}}},m=encodeURIComponent;l.uid&amp;amp;&amp;amp;l.osname&amp;amp;&amp;amp;[&quot;osname&quot;,&quot;ua&quot;,&quot;ut&quot;,&quot;from&quot;,&quot;cfrom&quot;,&quot;uid&quot;,&quot;pkgname&quot;].forEach(function(e){l[e]&amp;amp;&amp;amp;(h[e]=l[e])});var g,v=o(p,{customHandler:function(e){var t=[];if(g)for(var n in g)if(g.hasOwnProperty(n)){var r=g[n];i.isPlainObject(r)&amp;amp;&amp;amp;(r=JSON.stringify(r)),t.push(n+&quot;=&quot;+m(r))}return t.length&amp;amp;&amp;amp;(e+=t.join(&quot;&amp;amp;&quot;)),e}});v.init=function(e,t){i.isPlainObject(t)&amp;amp;&amp;amp;(h=a(h,t)),h.data.cateid=e},v.pv=function(e,t){g=u(h);var n=g.data;n.actionid=&quot;1&quot;;var r={};return r.url=e||location.href,t&amp;amp;&amp;amp;(r.u=t),n.actiondata=a(n.actiondata,r),v.report()},v.event=function(e,t,n){if(!e)throw&quot;monitor.tc.event need a evtName&quot;;if(i.isPlainObject(t)&amp;amp;&amp;amp;!n){var r={evtName:e};for(var o in t)r[o]=t[o]}else var r={evtName:e,evtType:t||&quot;&quot;,evtTag:n||&quot;&quot;};g=u(h);var s=g.data;return s.actionid=&quot;2&quot;,s.actiondata=a(s.actiondata,r),v.report()},r.exports=function(){v.main.apply(v,arguments)}}),i(&quot;common:bdbox/moplus&quot;,function(e,t,n,r){var i=(e(&quot;common:bdbox/utils/jsonToQuery&quot;),e(&quot;common:bdbox/io/loadJS&quot;),e(&quot;common:bdbox/utils/version_compare&quot;),e(&quot;common:bdbox/monitor/pblog&quot;)),o=e(&quot;common:bdbox/schema&quot;),a=&quot;com.baidu.searchbox&quot;,s=&quot;http://127.0.0.1:6259/&quot;,c=&quot;http://127.0.0.1:40310/&quot;,u=&quot;inapp_boxserver&quot;,l=&quot;https:&quot;===location.protocol,d={isSendPv:!1,isHit:!1,parseUA:function(){var e,t,n=navigator.userAgent,r={uc:/UCBrowser\/(\S*) \S*/g,bd:/baidubrowser\/(\S*) \(Baidu/g,qq:/MQQBrowser\/(\S*) Mobile/g,chr:/Chrome\/(\S*) Mobile/g,qh:/360 Aphone Browser \((\S*)\)/g,sg:/SogouMobileBrowser\/(\S*)/g,mi:/MiuiBrowser\/(\S*)/g};for(var i in r){var o=r[i].exec(n);if(o){e=i,t=o[1];break}}return e=e?e:&quot;other&quot;,t=t?t:&quot;0&quot;,{t:e,v:t}},parseHost:function(){return f.curHost===c?1:0},sendEvt:function(e,t,n,r){this.isHit&amp;amp;&amp;amp;this.send(e,t,n,r)},send:function(e,t,n,r){var o=this.parseUA(),a=o.t,s=o.v,c=l?0:1,u=this.parseHost();i(&quot;event&quot;,[e,{evtType:t||&quot;&quot;,brName:a,brVer:s,isHttp:c,isNew:u,source:n||&quot;&quot;,intent:r||&quot;&quot;}])},init:function(){this.isHit=Date.now()%100===1,i(&quot;init&quot;,[2])}},f=function(e,t,n){this.version=&quot;2.0&quot;,this.isHttps=l,this.curHost=n||&quot;&quot;,this.newHost=c,this.oldHost=this.isHttps?c:s,this.MCMDF=t||u,this._infoFuncs=[],this._verFuncs=[],this.minVersion=e?e:0,this.pkgName=a,d.init()};f.prototype={constructor:f,setMcmdf:function(e){return this.MCMDF=e,this},setHost:function(){return this},getHost:function(){},api:function(e,t,n){return n({error:233}),this},getInfo:function(e){return e({error:233}),this},getHVersion:function(e){return e({error:233}),this},parseInfo:function(){return!1},schema:function(e,t){if(!e.intent)throw&quot;schema intent is empty&quot;;e.mcmdf||(e.mcmdf=this.MCMDF);var n=function(){d.sendEvt(&quot;schema&quot;,&quot;success&quot;,e.source,e.intent),r.isFunction(t)&amp;amp;&amp;amp;t({error:0,from:&quot;schema&quot;})},i=function(){d.sendEvt(&quot;schema&quot;,&quot;fail&quot;,e.source,e.intent),r.isFunction(t)&amp;amp;&amp;amp;t({error:20,from:&quot;schema&quot;})},s=e.schema||&quot;&quot;;if(e.intent&amp;amp;&amp;amp;!e.schema){var c=e.intent;-1==c.indexOf(a)&amp;amp;&amp;amp;(d.sendEvt(&quot;defaultPKGName&quot;,&quot;fail&quot;,e.source||&quot;&quot;,e.intent),e.minver=e.minver?e.minver:&quot;6.9.1&quot;)}s||(s=&quot;baiduboxapp://utils?action=sendIntent&amp;amp;params=&quot;+encodeURIComponent(JSON.stringify(e))+&quot;&amp;amp;minver=&quot;+(e.minver?e.minver:&quot;6.9&quot;)),o(s,function(e){e?i():n()})},sendIntent:function(e,t){return t({error:233}),this},request:function(e,t){return t({error:233}),this}},n.exports=function(e,t){return new f(e,t)},n.exports.Moplus=f}),d.version_compare(d.version,&quot;5.3.5&quot;)&amp;gt;=0){var g,v={image:&quot;imageUrl&quot;,url:&quot;linkUrl&quot;,order:&quot;mediaType&quot;},w=&quot;&quot;;e[w]=d.emptyFn,d.isAndroid?(g=function(e){if(e.id&amp;amp;&amp;amp;d.byId(e.id)){var t=e.eventType||&quot;touchstart&quot;;d.byId(e.id).addEventListener(t,function(){n(e)},!0)}var n=function(t){t=s(t||e);var n=t.error,r=t.success;t.iconUrl&amp;amp;&amp;amp;t.imageUrl&amp;amp;&amp;amp;delete t.imageUrl,d.android.invokeApp(&quot;Bdbox_android_utils&quot;,&quot;callShare&quot;,[JSON.stringify(t),r||&quot;console.log&quot;,n||&quot;console.log&quot;])};return n},p(&quot;share&quot;,g)):(g=function(e){if(e.id&amp;amp;&amp;amp;d.byId(e.id)){var t=e.eventType||&quot;touchstart&quot;;d.byId(e.id).addEventListener(t,function(){n(e)},!0)}var n=function(t){t=s(t||e);var n=t.error,r=t.success;t.iconUrl&amp;amp;&amp;amp;!t.imageUrl&amp;amp;&amp;amp;(t.imageUrl=t.iconUrl),t=JSON.stringify(t),d.ios.invokeApp(&quot;callShare&quot;,{options:encodeURIComponent(t),errorcallback:n||&quot;console.log&quot;,successcallback:r||&quot;console.log&quot;})};return n},p(&quot;share&quot;,g))}else{var b=[],y=function(){p._socShare&amp;amp;&amp;amp;p._socShare.init?b.forEach(function(e){p._socShare.init(e)}):setTimeout(y,3e3)};d.io.loadJS(&quot;//m.baidu.com/static/searchbox/openjs/share.js?v=1.2&quot;,y);var x={source:&quot;client_id&quot;,id:&quot;dom_id&quot;,image:&quot;pic_url&quot;,success:&quot;afterRender&quot;},g=function(e){var t={content:&quot;&quot;,client_id:&quot;ZVEpDSsmZ0qxa1gmgDAh1Fje&quot;,theme:&quot;native&quot;,dom_id:&quot;share&quot;,animate:!0,pic_url:&quot;&quot;,url:encodeURIComponent(location.href)};return d.isObject(e)&amp;amp;&amp;amp;d.each(e,function(e,n){if(n in x&amp;amp;&amp;amp;(n=x[n]),&quot;order&quot;===n&amp;amp;&amp;amp;d.isArray(e)){var r=[];e.forEach(function(e){&quot;email&quot;===e&amp;amp;&amp;amp;(e=&quot;mail&quot;),r.push(e)})}t[n]=e}),delete t.success,delete t.error,delete t.afterRender,&quot;all&quot;===t.order?t.order=[&quot;qqdenglu&quot;,&quot;sinaweibo&quot;,&quot;renren&quot;,&quot;kaixin&quot;,&quot;mail&quot;,&quot;sms&quot;]:d.isString(t.order)&amp;amp;&amp;amp;(t.order=t.order.split(&quot;,&quot;)),p._socShare&amp;amp;&amp;amp;p._socShare.init?p._socShare.init(t):b.push(t),function(){p._socShare.ui._shareBtnClickHandler()}};p(&quot;share&quot;,g)}if(i(&quot;common:bdbox/distribute&quot;,function(e,t,n,r){var i=e(&quot;common:bdbox/schema&quot;);e(&quot;common:bdbox/utils/detect&quot;);var o=e(&quot;common:bdbox/each&quot;),a=e(&quot;common:bdbox/moplus&quot;),s=r.emptyFn,c={qqDownloadUrl:&quot;http://a.app.qq.com/o/simple.jsp?pkgname=com.baidu.searchbox&quot;,androidDownloadUrl:&quot;&quot;,iosDownloadUrl:&quot;&quot;,iosFailCallback:s,androidFailCallback:s,iosSchema:&quot;&quot;,androidSchema:&quot;&quot;,androidIntent:&quot;&quot;,inBoxCallback:s},u=function(e){var t=this;e&amp;amp;&amp;amp;o(c,function(t,n){e[n]=e[n]||t});var n=this.url=e.url;n&amp;amp;&amp;amp;&quot;&quot;!==n?(this.androidIntent=&quot;intent://&quot;+n.replace(/^http[s]?:\/\//,&quot;&quot;)+&quot;#Intent;scheme=http;action=com.baidu.searchbox.action.VIEW;category=android.intent.category.DEFAULT;end&quot;,this.iosSchema=&quot;baiduboxapp://easybrowse?openurl=&quot;+encodeURIComponent(n)+&quot;&amp;amp;opentype=0&amp;amp;isla=0&amp;amp;append=0&amp;amp;minver=5.3.0.0&quot;):[&quot;androidIntent&quot;,&quot;iosSchema&quot;,&quot;androidSchema&quot;].forEach(function(n){t[n]=e[n]}),this.options=e,this.fail=function(){if(console.log(r.os.name+&quot; fail&quot;),r.isFunction(e[r.os.name+&quot;FailCallback&quot;])){var t=e[r.os.name+&quot;FailCallback&quot;]();if(r.isBoolean(t)&amp;amp;&amp;amp;!t)return}var n=e[r.os.name+&quot;DownloadUrl&quot;];n&amp;amp;&amp;amp;&quot;&quot;!==n&amp;amp;&amp;amp;(location.href=e[r.os.name+&quot;DownloadUrl&quot;])},this.success=function(){return console.log(r.os.name+&quot; success&quot;),r.isFunction(e[r.os.name+&quot;SuccessCallback&quot;])?e[r.os.name+&quot;SuccessCallback&quot;]():void 0}};u.prototype.wechat=function(){var e=this.options;if(r.isFunction(e.wechatCallback)){var t=e.wechatCallback();if(r.isBoolean(t)&amp;amp;&amp;amp;!t)return}e.qqDownloadUrl&amp;amp;&amp;amp;&quot;&quot;!==e.qqDownloadUrl&amp;amp;&amp;amp;(location.href=e.qqDownloadUrl)},u.prototype.run=function(){var e=this,t=(e.url,e.options);return r.os.isWechat?e.wechat():r.isBox&amp;amp;&amp;amp;r.isFunction(t.inBoxCallback)?t.inBoxCallback():void this.invoke()},u.prototype.invoke=function(){var e=this;if(r.os.android){var t=a();t.getHVersion(function(n){n?t.sendIntent(e.androidIntent,function(t){0==t.error?e.success():e.fail()},1e3):e.androidSchema?i(e.androidSchema,function(t){t?e.fail():e.success()}):e.fail()})}else i(e.iosSchema,function(t){t?e.fail():e.success()})},n.exports=function(e){return new u(e)}}),each(d,function(e,t){p[t]=e}),e.Box&amp;amp;&amp;amp;e.Box.$)for(var _ in p)e.Box[_]=e.Box[_]||p[_];else e.Box=p}(window,document),define(&quot;sf25/components/b-scene-body/b-scene-body&quot;,[&quot;require&quot;,&quot;fusion/deps/fusion.best&quot;,&quot;sfr&quot;,&quot;sf25/view/sceneRender&quot;],function(e){var t=e(&quot;fusion/deps/fusion.best&quot;),n=e(&quot;sfr&quot;),r=e(&quot;sf25/view/sceneRender&quot;),i={css:&quot;b-scene-body{display:block}\n.sfa-body{font:14px/22px Arial,Helvetica,sans-serif;word-break:break-word;word-wrap:break-word;overflow:hidden;text-align:left}\n.sfa-view b-scene-body.sfa-body{padding-top:0}\n.sfa-body .sfa-results .c-result:first-of-type .c-container:first-of-type{margin-top:0}\n.sfa-body .sfa-top-results .c-result .c-container:first-of-type{margin:0;padding:0}&quot;,holdChild:!0,props:{url:{type:String,value:&quot;&quot;,onChange:function(){this.getProp(&quot;fetch&quot;)&amp;amp;&amp;amp;this.fetchResource()}},fetch:{type:Boolean,value:!0}},fetchedResource:null,globals:null,isDOMReady:!1,isSSR:!1};return i.fetchResource=function(e){var t=this.getProp(&quot;url&quot;);if(!t)return Promise.resolve({});if(!e&amp;amp;&amp;amp;this.fetchedResource&amp;amp;&amp;amp;this.fetchedResource.url===t)return this.fetchedResource.promise;var r=n.http.get(t);return this.fetchedResource={url:t,promise:r},r},i.created=function(){this.globals={},$(this.element).addClass(&quot;sfa-body&quot;),$(this.element).children().length&amp;gt;0?(this.isSSR=!0,this.isDOMReady=!0,this.triggerViewEvent(&quot;init&quot;)):this.getProp(&quot;fetch&quot;)&amp;amp;&amp;amp;this.fetchResource()},i.attached=function(){},i.getViewEvent=function(){return this.globals.view?this.globals.view:this.isSSR?window.view:!1},i.onViewEvent=function(e,t){var n=this.getViewEvent();return n&amp;amp;&amp;amp;n.on(e,t),n},i.triggerViewEvent=function(e){var t=this.getViewEvent();return t&amp;amp;&amp;amp;t.trigger(e),t},i.showFromCache=function(){this.isDOMReady&amp;amp;&amp;amp;this.triggerViewEvent(&quot;start&quot;)},i.hideToCache=function(){this.triggerViewEvent(&quot;stop&quot;)},i.detached=function(){this.$(&quot;.sfa-body&quot;).children().remove(),this.isDOMReady=!1},i.startRender=function(e){if(this.isSSR)return void this.triggerViewEvent(&quot;start&quot;);var t=this;this.fetchResource().then(function(n){t.renderBody(n,{options:e}),t.onViewEvent(&quot;init&quot;,function(){t.isDOMReady=!0,setTimeout(function(){t.triggerViewEvent(&quot;start&quot;)})}),$(t.element).trigger(&quot;rendered&quot;)})},i.partialUpdate=function(e,t){$(this.element).attr({url:e}),this.renderBody(null,t),t.view&amp;amp;&amp;amp;t.view.trigger(&quot;destroy&quot;);var n=this;this.fetchResource().then(function(r){n.renderBody(r,t),$(n.element).trigger(&quot;partial-updated&quot;,{url:e})})},i.renderBody=function(e,t){t=t||{};var n=this,i=t.container||$(n.element),o=parseInt(Math.random()*(new Date).getTime(),24),a=document.createElement(&quot;div&quot;);a.setAttribute(&quot;id&quot;,o),i.html(a),n.globals.container=a,n.globals.createdAt=n.createdAt,e&amp;amp;&amp;amp;e.data&amp;amp;&amp;amp;r(e.data,n.globals,t)},t(&quot;b-scene-body&quot;,i)}),define(&quot;sf25/components/b-scene-header/b-scene-header&quot;,[&quot;require&quot;,&quot;fusion/deps/fusion.best&quot;,&quot;sfr&quot;],function(e){var t=e(&quot;fusion/deps/fusion.best&quot;),n=e(&quot;sfr&quot;),r={0:&quot;default&quot;,1:&quot;none&quot;,2:&quot;gray&quot;,3:&quot;black&quot;,4:&quot;white&quot;,5:&quot;blue&quot;,10:&quot;tools&quot;,11:&quot;medical&quot;,12:&quot;edu&quot;,13:&quot;game&quot;,14:&quot;sport&quot;,15:&quot;person&quot;,16:&quot;infant&quot;,17:&quot;car&quot;},i={css:&quot;b-scene-header{display:block;height:44px}\n.sfa-head{position:fixed;top:0;left:0;z-index:500;width:100%;height:44px;line-height:44px;text-align:center;font-size:20px;background-color:#f8f8f8;color:#333;-webkit-user-select:none;user-select:none;-webkit-transform:translate3d(0,0,0);transform:translate3d(0,0,0)}\n.sfa-head .sfa-back,.sfa-head .sfa-close,.sfa-head .sfa-tool{width:50px;height:44px;float:left;text-align:right}\n.sfa-head .sfa-back i{font-size:22px;padding-right:12px}\n.sfa-head .sfa-close{width:43px}\n.sfa-head .sfa-close span,.sfa-head .sfa-back span{font-size:16px;vertical-align:middle}\n.sfa-head .sfa-tool{float:right;text-align:center}\n.sfa-head .sfa-title .c-line-clamp1{padding:0 8px}\n.sfa-head-style-none{display:none}\n.sfa-head-style-black .sfa-head{background-color:#000;color:#fff}\n.sfa-head-style-gray .sfa-head{background-color:#333;color:#fff}\n.sfa-head-style-white .sfa-head{background-color:#fff;color:#333}\n.sfa-head-style-blue .sfa-head{background-color:#09f;color:#fff}\n.sfa-head-style-tools .sfa-head{background-color:#38F;color:#fff}\n.sfa-head-style-medical .sfa-head{background-color:#029CC6;color:#fff}\n.sfa-head-style-edu .sfa-head{background-color:#02336D;color:#fff}\n.sfa-head-style-game .sfa-head{background-color:#DE3E28;color:#fff}\n.sfa-head-style-sport .sfa-head{background-color:#29002D;color:#fff}\n.sfa-head-style-persion .sfa-head{background-color:#2A2727;color:#fff}\n.sfa-head-style-infant .sfa-head{background-color:#fe9a9c;color:#fff}\n.sfa-head-style-car .sfa-head{background-color:#333444;color:#fff}&quot;,tpl:&#039;&amp;lt;div class=&quot;sfa-head&quot;&amp;gt;\n    &amp;lt;div class=&quot;sfa-back&quot;&amp;gt;&amp;lt;i class=&quot;c-icon&quot;&amp;gt;&amp;amp;#xe783&amp;lt;/i&amp;gt;&amp;lt;/div&amp;gt;\n    &amp;lt;div class=&quot;sfa-tool&quot;&amp;gt;${toolhtml|raw}&amp;lt;/div&amp;gt;\n    &amp;lt;div class=&quot;sfa-title&quot;&amp;gt;\n        &amp;lt;div class=&quot;sfa-title-inner c-line-clamp1&quot;&amp;gt;${titlehtml|raw}&amp;lt;/div&amp;gt;\n    &amp;lt;/div&amp;gt;\n&amp;lt;/div&amp;gt;&#039;,headClass:&quot;&quot;,props:{toolhtml:{type:String,value:&quot;&quot;,onChange:function(){this.$(&quot;.sfa-tool&quot;).html(this.getProp(&quot;toolhtml&quot;))}},titlehtml:{type:String,value:&quot;&quot;,onChange:function(){this.$(&quot;.sfa-title-inner&quot;).html(this.getProp(&quot;titlehtml&quot;))}},styleid:{type:Number,value:0,onChange:function(){this.updateHeadStyle()}}}};return i.updateHeadStyle=function(){var e=r[this.getProp(&quot;styleid&quot;)];e&amp;amp;&amp;amp;($(this.element).removeClass(this.headClass),this.headClass=&quot;sfa-head-style-&quot;+e,$(this.element).addClass(this.headClass))},i.created=function(){this.updateHeadStyle()},i.attached=function(){this.$(&quot;.sfa-back&quot;).on(&quot;click&quot;,function(e){n.action.back(),e.preventDefault()})},i.detached=function(){this.$(&quot;.sfa-back&quot;).off(&quot;click&quot;)},t(&quot;b-scene-header&quot;,i)}),define(&quot;sf25/config&quot;,[&quot;require&quot;,&quot;sfr&quot;],function(e){function t(e,t,o){return t&amp;amp;&amp;amp;!r()?!1:o&amp;amp;&amp;amp;!i(o)?!1:n(e)}function n(e){var t=a.get(window.page,&quot;comm.superframe&quot;)||{};return&quot;0&quot;!==t[&quot;sf_&quot;+e+&quot;_enable&quot;]}function r(){return/^(m|www).baidu.com$/.test(location.host)}function i(e){return e===a.get(window.page,&quot;comm.sampleval.WISE_TPL_COMMON_SAMPLE_FLAG&quot;)}function o(){if(null!==s)return s;var e=&quot;_&quot;+Math.random().toString(36).slice(2),t=document.createElement(&quot;script&quot;);return t.innerHTML=&quot;window.&quot;+e+&quot; = !!document.currentScript&quot;,document.body.appendChild(t),document.body.removeChild(t),s=window[e],delete window[e],s}var a=e(&quot;sfr&quot;)._,s=null,c=!!window.view,u={superframe:{loader:{container:c?&quot;sf-app&quot;:&quot;www-wise&quot;,getRealRequireId:function(e){return c?&quot;sf/app/&quot;+e:e}},action:{root:&quot;/&quot;}},mip:{name:&quot;mip&quot;,id:&quot;sf25/service/mipService&quot;,enable:!0},search:{name:&quot;search&quot;,id:&quot;sf25/service/indexService&quot;,enable:!0},marry:{name:&quot;marry&quot;,id:&quot;sf25/service/marry/marryService&quot;,enable:t(&quot;marry&quot;,!1),baseUrl:&quot;https://mct.y.nuomi.com/hotshop/salekey/sfmarry/home/index.html&quot;},marryMeitu:{name:&quot;marry-photo&quot;,id:&quot;sf25/service/marry/meituService&quot;,enable:t(&quot;marry&quot;,!1),baseUrl:&quot;https://mct.y.nuomi.com/hotshop/salekey/sfmarry/photos/index.html&quot;},novel:{name:&quot;novel&quot;,id:&quot;sf25/service/novelService&quot;,suspend:function(){return a.get(window,&quot;Box.isIOS&quot;)||a.get(window,&quot;Box.isBox&quot;)||!1},enable:t(&quot;novel&quot;,!1,&quot;sf_novel_group_a&quot;)},wenku:{name:&quot;wenku&quot;,id:&quot;sf25/service/wenku/wenkuService&quot;,srcUrl:/^https?:\/\/(?:wk|wenku|wapwenku)\.baidu\.com\/(view\/.*)$/,targetUrl:&quot;/sf_edu_wenku/$1&quot;,baseUrl:&quot;https://wk.baidu.com&quot;,enable:t(&quot;wenku&quot;,!1,&quot;sf_wenku_group_b&quot;)&amp;amp;&amp;amp;o()},gaokao:{name:&quot;gaokao&quot;,id:&quot;sf25/service/wenku/gaokaoService&quot;,srcUrl:/^https?:\/\/(?:gaokao|tiku|miti|gk)\.baidu\.com\/(web\/(?:quedetail|singledetail)\/.*)$/,targetUrl:&quot;/sf_edu_gaokao/$1&quot;,baseUrl:&quot;https://tiku.baidu.com&quot;,enable:t(&quot;wenku&quot;,!1,&quot;sf_wenku_group_c&quot;)},gonglve:{name:&quot;gonglve&quot;,id:&quot;sf25/service/wenku/gonglveService&quot;,srcUrl:/^https?:\/\/(?:gl|gonglve|gonglue|miji)\.baidu\.com\/(view\/.*)$/,targetUrl:&quot;/sf_edu_gonglve/$1&quot;,baseUrl:&quot;https://gl.baidu.com&quot;,enable:t(&quot;wenku&quot;,!1,&quot;sf_wenku_group_a&quot;)},yuedu:{name:&quot;yuedu&quot;,id:&quot;sf25/service/wenku/yueduService&quot;,srcUrl:/^https?:\/\/(?:yd|yuedu)\.baidu\.com\/(?:view|detail|ebook)\/(.*)$/,targetUrl:&quot;/sf_edu_yuedu/ebook/$1&quot;,baseUrl:&quot;https://yd.baidu.com&quot;,enable:t(&quot;wenku&quot;,!1,&quot;sf_wenku_group_c&quot;)},baike:{name:&quot;baike&quot;,id:&quot;sf25/service/baikeService&quot;,enable:t(&quot;baike&quot;,!0),baseUrl:&quot;https://wapbaike.baidu.com&quot;},ecom:{name:&quot;ecom&quot;,id:&quot;sf25/service/ecomService&quot;,enable:t(&quot;ecom&quot;),baseUrl:&quot;&quot;},graph:{name:&quot;graph&quot;,id:&quot;sf25/service/graphService&quot;,enable:t(&quot;graph&quot;,!0),baseUrl:&quot;https://graph.baidu.com&quot;},image:{name:&quot;image&quot;,id:&quot;sf25/service/imageService&quot;,enable:t(&quot;image&quot;,!0),baseUrl:&quot;//image.baidu.com&quot;},kuai:{name:&quot;kuai&quot;,id:&quot;sf25/service/kuaiService&quot;,enable:t(&quot;kuaixing&quot;,!0),baseUrl:&quot;//apikuai.baidu.com&quot;},pai:{name:&quot;pai&quot;,id:&quot;sf25/service/paiService&quot;,srcUrl:/^https?:\/\/p\.baidu\.com\/question\/([a-f0-9]{26})/,targetUrl:&quot;/sf_p/question/$1?top=%7B%22sfhs%22%3A4%7D&quot;,enable:t(&quot;pai&quot;,!1),baseUrl:&quot;//p.baidu.com&quot;},scene:{name:&quot;scene&quot;,id:&quot;sf25/service/sceneService&quot;,enable:t(&quot;scene&quot;)},tab:{name:&quot;tab&quot;,id:&quot;sf25/service/tabService&quot;,enable:t(&quot;tab&quot;)},tc:{name:&quot;tc&quot;,id:&quot;sf25/service/tcdom&quot;,enable:t(&quot;tc&quot;),baseUrl:location.protocol+&quot;//&quot;+location.host},zhidao:{name:&quot;zhidao&quot;,id:&quot;sf25/service/zhidaoService&quot;,enable:t(&quot;zhidao&quot;,!0),baseUrl:&quot;https://zhidao.baidu.com&quot;},headline:{name:&quot;headline&quot;,id:&quot;sf25/service/headlineService&quot;,enable:!0,baseUrl:&quot;//mib.bdstatic.com&quot;}};return u}),define(&quot;iframe-shell/utils/debounce&quot;,[&quot;require&quot;],function(){return function(e,t){var n;return function(){var r=this,i=arguments,o=function(){n=null,e.apply(r,i)};clearTimeout(n),n=setTimeout(o,t)}}}),define(&quot;iframe-shell/viewer&quot;,[&quot;iframe-shell/utils/debounce&quot;],function(e){var t=function(t){t=t||{},t.target||(t.target=document.body),t.src||(t.src=&quot;&quot;),this.config={},this.setConfig(t),this.name=&quot;iframe-shell-&quot;+Math.random().toString(36).slice(2);var n=document.createElement(&quot;iframe&quot;);n.setAttribute(&quot;name&quot;,this.name),n.setAttribute(&quot;data-mip-loader&quot;,&quot;view&quot;),n.setAttribute(&quot;scrolling&quot;,&quot;yes&quot;),n.setAttribute(&quot;sandbox&quot;,[&quot;allow-top-navigation&quot;,&quot;allow-popups&quot;,&quot;allow-scripts&quot;,&quot;allow-forms&quot;,&quot;allow-pointer-lock&quot;,&quot;allow-popups-to-escape-sandbox&quot;,&quot;allow-same-origin&quot;,&quot;allow-modals&quot;].join(&quot; &quot;)),this.iframe=n;var r=function(){console.log(&quot;resize&quot;),this.render()};return this.resizeLisenter=e(r.bind(this),50),this};return t.prototype={constructor:t,setConfig:function(e){return e=e||{},e.target&amp;amp;&amp;amp;(this.config.target=e.target),e.src&amp;amp;&amp;amp;this.config.src!==e.src&amp;amp;&amp;amp;(this.config.src=e.src,this.srcUpdated=!0),&quot;function&quot;==typeof e.errorHandler&amp;amp;&amp;amp;(this.errorHandler=e.errorHandler),this.config},render:function(){this.config.src&amp;amp;&amp;amp;(this.srcUpdated&amp;amp;&amp;amp;(this.iframe.src=this.config.src,this.srcUpdated=!1),this.iframe.style.height=&quot;&quot;+this.config.target.clientHeight+&quot;px&quot;)},attach:function(){this._attached||(this._attached=!0,this.iframe.style.display=&quot;block&quot;,this.inDom()||this.config.target.appendChild(this.iframe),window.addEventListener(&quot;resize&quot;,this.resizeLisenter),this.iframe.addEventListener(&quot;error&quot;,this.errorHandler))},inDom:function(){return this.iframe.parentElement===this.config.target},detach:function(e){e&amp;amp;&amp;amp;this.inDom()&amp;amp;&amp;amp;this.config.target.removeChild(this.iframe),this._attached&amp;amp;&amp;amp;(this._attached=!1,this.iframe.style.display=&quot;none&quot;,window.removeEventListener(&quot;resize&quot;,this.resizeLisenter),this.iframe.removeEventListener(&quot;error&quot;,this.errorHandler))},destroy:function(){this.detach(!0),this.iframe=null},errorHandler:function(e){console.error(e)}},t}),function(){function e(){var e=Object.create(n);return e.events={},e}function t(e){this.type=e,this.timeStamp=new Date}var n={};n.on=function(e,t){return this.events.hasOwnProperty(e)?this.events[e].push(t):this.events[e]=[t],this},n.off=function(e,t){return 0===arguments.length?this._offAll():void 0===t?this._offByType(e):this._offByHandler(e,t)},n.trigger=function(e,n){return e instanceof t||(e=new t(e)),this._dispatch(e,n)},n._dispatch=function(e,t){if(this.events.hasOwnProperty(e.type)){t=t||[],t.unshift(e);var n=this.events[e.type]||[];return n.forEach(function(e){return e.apply(null,t)}),this}},n._offByHandler=function(e,t){if(this.events.hasOwnProperty(e)){var n=this.events[e].indexOf(t);return n&amp;gt;-1&amp;amp;&amp;amp;this.events[e].splice(n,1),this}},n._offByType=function(e){return this.events.hasOwnProperty(e)&amp;amp;&amp;amp;delete this.events[e],this},n._offAll=function(){return this.events={},this},e.Event=t,e.mixin=function(t,n){var r=new e;n.map(function(e){t[e]=function(){return r[e].apply(r,arguments)}})},&quot;undefined&quot;!=typeof module&amp;amp;&amp;amp;&quot;undefined&quot;!=typeof module.exports?module.exports=e:&quot;function&quot;==typeof define&amp;amp;&amp;amp;define.amd?define(&quot;node_modules/micro-event/dist/micro-event&quot;,[&quot;require&quot;],function(){return e}):window.Emitter=e}(),define(&quot;iframe-shell/utils/event&quot;,[&quot;node_modules/micro-event/dist/micro-event&quot;],function(e){return function(t){e.mixin(t,[&quot;on&quot;,&quot;off&quot;,&quot;trigger&quot;])}}),define(&quot;iframe-shell/utils/promise&quot;,[&quot;require&quot;],function(){function e(t){if(!(this instanceof e))throw&quot;Promise must be called with new operator&quot;;if(&quot;function&quot;!=typeof t)throw&quot;callback not defined&quot;;this._handlers=[],this._state=&quot;init&quot;,this._errors=[],this._results=[],setTimeout(function(){t(this._onFulfilled.bind(this),this._onRejected.bind(this))}.bind(this))}function t(e){return e&amp;amp;&amp;amp;&quot;function&quot;==typeof e.then}return e.prototype.then=function(e){return&quot;fulfilled&quot;===this._state?this._callHandler(e,this._results):this._handlers.push({type:&quot;then&quot;,cb:e}),this},e.prototype.catch=function(e){return&quot;rejected&quot;===this._state?this._callHandler(e,this._errors):this._handlers.push({type:&quot;catch&quot;,cb:e}),this},e.prototype.finally=function(e){&quot;fulfilled&quot;===this._state?this._callHandler(e,this._results):&quot;rejected&quot;===this._state?this._callHandler(e,this._errors):this._handlers.push({type:&quot;finally&quot;,cb:e})},e.resolve=function(n){var r=arguments;return t(n)?n:new e(function(e){return e.apply(null,r)})},e.reject=function(){var t=arguments;return new e(function(e,n){return n.apply(null,t)})},e.all=function(t){var n=t.map(function(){return void 0}),r=0,i=&quot;pending&quot;;return new e(function(o,a){function s(){&quot;pending&quot;===i&amp;amp;&amp;amp;(i=&quot;fulfilled&quot;,o(n))}function c(){&quot;pending&quot;===i&amp;amp;&amp;amp;(i=&quot;rejected&quot;,a.apply(null,arguments))}t.map(e.resolve).forEach(function(e,i){e.then(function(e){n[i]=e,r++,r===t.length&amp;amp;&amp;amp;s()}).catch(c)})})},e.prototype._onFulfilled=function(e){if(t(e))return e.then(this._onFulfilled.bind(this)).catch(this._onRejected.bind(this));this._results=arguments;var n=this._getNextHandler(&quot;then&quot;);return n?this._callHandler(n,this._results):(n=this._getNextHandler(&quot;finally&quot;))?this._callHandler(n,this._results):void(this._state=&quot;fulfilled&quot;)},e.prototype._onRejected=function(){this._errors=arguments;var e=this._getNextHandler(&quot;catch&quot;);return e?this._callHandler(e,this._errors):(e=this._getNextHandler(&quot;finally&quot;))?this._callHandler(e,this._errors):void(this._state=&quot;rejected&quot;)},e.prototype._callHandler=function(e,t){var n,r=null;try{n=e.apply(null,t)}catch(i){r=i}r?this._onRejected(r):this._onFulfilled(n)},e.prototype._getNextHandler=function(e){for(var t;(t=this._handlers.shift())&amp;amp;&amp;amp;t.type!==e;);return t?t.cb:null},e}),define(&quot;iframe-shell/utils/extend&quot;,[&quot;require&quot;],function(){var e={}.hasOwnProperty;return function(t,n){for(var r in n)e.call(n,r)&amp;amp;&amp;amp;(t[r]=n[r])}}),define(&quot;iframe-shell/messenger&quot;,[&quot;iframe-shell/utils/event&quot;,&quot;iframe-shell/utils/promise&quot;,&quot;iframe-shell/utils/extend&quot;],function(e,t,n){function r(){return(1e3*(new Date).getTime()+Math.ceil(1e3*Math.random())).toString(36)}var i={twoWay:&quot;two-way&quot;},o={request:&quot;PM_REQUEST&quot;,response:&quot;PM_RESPONSE&quot;},a={},s=function(t){return e(this),this.targetWindow=t.targetWindow||top,this.targetOrigin=t.targetOrigin||&quot;*&quot;,this.sourceOrigins=t.sourceOrigins||[&quot;*&quot;],this.timeout=t.timeout||500,this.name=t.name||window.name,this.defers={},this.handlers={},a[this.name]&amp;amp;&amp;amp;console.warn(&quot;The old messenger created for target %O will be replaced by the new one.&quot;,this.name),a[this.name]=this,s.bindHandler(),this},c=function(e){var t=a[e.data.name];if(t)t.processMessageEvent(e);else for(var n in a)a[n].processMessageEvent(e)};return s.bindHandler=function(){window.removeEventListener(&quot;message&quot;,c),window.addEventListener(&quot;message&quot;,c)},s.prototype={processMessageEvent:function(e){for(var t=e.origin||e.originalEvent.origin,r=this,a=!1,s=0;s&amp;lt;r.sourceOrigins.length;s++){var c=r.sourceOrigins[s];if(&quot;*&quot;===c){a=!0;break}if(c===t){a=!0;break}}if(!a)return void console.warn(&quot;Origin &quot;+t+&quot; is not safe, ignore event&quot;,e);var u=e.data;if(!u)return void console.warn(&quot;Event data %O is invalid, missing data.&quot;,e);if(u.type===i.twoWay){if(!u.sentinel||!u.sessionId)return void console.warn(&quot;Event data %O is invalid, missing sentinel or/and sessionId.&quot;,u);if(u.sentinel===o.request){var l={};if(r.handlers[u.event])try{l=r.handlers[u.event].call(r,u)}catch(d){l={error:d}}else console.warn(&quot;Event &quot;+u.event+&quot; has no handler.&quot;);var f=function(e){e=e||{},n(e,{type:i.twoWay,sentinel:o.response,sessionId:u.sessionId,name:r.name}),r.targetWindow.postMessage(e,r.targetOrigin)};l&amp;amp;&amp;amp;&quot;function&quot;==typeof l.then?l.then(function(e){f(e)}).catch(function(e){f({error:e})}):f(l)}else if(u.sentinel===o.response){console.log(&quot;response!&quot;,u);var p=r.defers[u.sessionId];if(delete r.defers[u.sessionId],!p)return void console.warn(&quot;Event session is not found for two-way communication&quot;,u.sessionId);clearTimeout(p.timer),u.error?p.reject(u.error):p.resolve(u)}else console.warn(&quot;Event sentinel is invalid &quot;,u.sentinel)}else{if(!u||!u.event)return void console.warn(&quot;Event data %O is invalid, missing event name.&quot;,u);r.trigger(u.event,[u]),r.trigger(&quot;recivemessage&quot;,[u])}},sendMessage:function(e,a,s){var c=this;return new t(function(t,u){var l={name:c.name,event:e},d=r();s?(n(l,{type:i.twoWay,sentinel:o.request,sessionId:d}),c.defers[d]={resolve:t.bind(this),reject:u.bind(this),timer:setTimeout(function(){delete c.defers[d],u(new Error(&quot;timeout&quot;))},c.timeout)}):setTimeout(t,0),n(l,a),c.targetWindow.postMessage(l,c.targetOrigin)})},setHandler:function(e,t){if(&quot;function&quot;!=typeof t)throw new Error(&quot;Invalid handler for event &quot;+e);this.handlers[e]=t},removeHandler:function(e){this.handlers[e]=void 0},destory:function(){delete a[this.name]}},s.prototype.constructor=s,s}),define(&quot;iframe-shell/loader&quot;,[&quot;iframe-shell/viewer&quot;,&quot;iframe-shell/messenger&quot;,&quot;iframe-shell/utils/event&quot;,&quot;iframe-shell/utils/extend&quot;],function(e,t,n,r){var i=&quot;https:&quot;===location.protocol?&quot;https:&quot;:&quot;http:&quot;,o=function(e){return e=&quot;&quot;+e,0===e.indexOf(&quot;//&quot;)?!0:0===e.indexOf(&quot;https://&quot;)},a=i+&quot;//mipcache.bdstatic.com/c/&quot;,s=function(e){return e=&quot;&quot;+e,!!e.match(/^(https?:)?\/\/mipcache\.bdstatic\.com\/c\//)},c=function(e){var t=e.split(&quot;//&quot;);t.shift();var n=t.join(&quot;//&quot;);return o(e)?a+&quot;s/&quot;+n:a+n},u=function(t,r){return n(this),this.config=t||{},this.Viewer=r||e,this};return u.prototype={getFinalUrl:function(){var e=this.config.url||&quot;&quot;;if(!e)return e;if(s(e))return e;var t=this.config.useMipCache;return t||&quot;https:&quot;!==i||o(e)||(t=!0),t?c(e):e},getRelativeUrl:function(e){var t=this.config.url;if(0===e.indexOf(&quot;//&quot;)){var n=t.match(/(^.*:)\/\//);n=n?n[1]:location.protocol,e=n+e}return e},getViewerConfig:function(){var e={};return r(e,this.config.viewer||{}),e.src=this.getFinalUrl(),e.errorHandler=this.errorHandler.bind(this),e},getMessageHandlers:function(){return this.messageHandlers?this.messageHandlers:(this.messageHandlers={},this.messageHandlers)},attachMessageHandlers:function(){var e=this.getMessageHandlers();for(var t in e)this.messenger.setHandler(t,e[t]);var n=this;this.allMessageHandler=function(t,r){e[r.event]&amp;amp;&amp;amp;e[r.event](r),n.trigger(&quot;mip-&quot;+r.event,[r])},this.messenger.on(&quot;recivemessage&quot;,this.allMessageHandler)},detachMessageHandlers:function(){var e=this.getMessageHandlers();for(var t in e)this.messenger.removeHandler(t);this.messenger.off(&quot;recivemessage&quot;,this.allMessageHandler)},errorHandler:function(e){console.log(e)},setConfig:function(e,t){r(this.config,e),t||this.update()},create:function(){this._created||this._destoyed||(this._created=!0,this.trigger(&quot;create&quot;),this.viewer=new this.Viewer(this.getViewerConfig()),this.messenger=new t({targetWindow:this.viewer.iframe.contentWindow,name:this.viewer.name}),this.trigger(&quot;created&quot;))},attach:function(){this._attached||(this._attached=!0,this.trigger(&quot;attach&quot;),this.viewer.attach(),this.attachMessageHandlers(),this.viewer.render(),this.trigger(&quot;attached&quot;))},update:function(){this._created&amp;amp;&amp;amp;(this.trigger(&quot;update&quot;),this.viewer.setConfig(this.getViewerConfig()),this.viewer.render(),this.trigger(&quot;updated&quot;))},detach:function(){this._attached&amp;amp;&amp;amp;(this._attached=!1,this.trigger(&quot;detach&quot;),this.detachMessageHandlers(),this.viewer.detach(),this.trigger(&quot;detached&quot;))},destroy:function(){this._created&amp;amp;&amp;amp;!this._destoyed&amp;amp;&amp;amp;(this._attached&amp;amp;&amp;amp;this.detach(),this._destoyed=!0,this.trigger(&quot;destroy&quot;),this.messenger.destory(),this.viewer.destroy(),this.viewer=null,this.trigger(&quot;destroyed&quot;))}},u.prototype.constructor=u,u}),define(&quot;sf25/lib/boxLog&quot;,[&quot;require&quot;,&quot;uiamd/bdbox/base&quot;],function(e){var t=e(&quot;uiamd/bdbox/base&quot;);return{start:function(e){try{t.isIOS&amp;amp;&amp;amp;t.ios.invokeApp(&quot;utils&quot;,{action:&quot;ubcReport&quot;,params:encodeURIComponent(JSON.stringify({actionId:&quot;101&quot;,value:JSON.stringify({url:e.url,type:&quot;0&quot;,errorcode:&quot;0&quot;,from:&quot;sf&quot;})})),minver:&quot;7.3.0.0&quot;})}catch(n){}},stop:function(e){try{t.isIOS&amp;amp;&amp;amp;t.ios.invokeApp(&quot;utils&quot;,{action:&quot;ubcReport&quot;,params:encodeURIComponent(JSON.stringify({actionId:&quot;98&quot;,value:JSON.stringify({url:e.url,from:&quot;sf&quot;})})),minver:&quot;7.3.0.0&quot;})}catch(n){}}}}),define(&quot;sf25/lib/cambrianBar&quot;,[&quot;require&quot;,&quot;../../pmd/share/share&quot;,&quot;uiamd/bdbox/base&quot;,&quot;sf25/lib/cambrianBarSub&quot;],function(e){function t(e){return String(e).replace(/[^\x00-\xff]/g,&quot;ci&quot;).length}function n(e,n,r){return e=String(e),r=r||&quot;&quot;,0&amp;gt;n||t(e)&amp;lt;=n?e+r:(e=e.substr(0,n).replace(/([^\x00-\xff])/g,&quot;$1 &quot;).substr(0,n).replace(/[^\x00-\xff]$/,&quot;&quot;).replace(/([^\x00-\xff]) /g,&quot;$1&quot;),e+r)}function r(e,t){return e+=e.indexOf(&quot;?&quot;)&amp;gt;=0?&quot;&amp;amp;&quot;:&quot;?&quot;,e+$.param(t)}function i(e){_.appid=e,$.ajax({type:&quot;GET&quot;,url:w,data:{office_id:e,check_sub:0,homepage_from:&quot;dusite_artdetail_nusub&quot;,url:decodeURIComponent(h.originUrl)},dataType:&quot;jsonp&quot;,success:function(e){e&amp;amp;&amp;amp;0===e.code&amp;amp;&amp;amp;($.extend(_,e.data),c(),u()),o()},error:function(){o()}})}function o(){k.tool&amp;amp;&amp;amp;k.tool.show()}function a(e){e&amp;amp;&amp;amp;&quot;cambrian&quot;===e.type&amp;amp;&amp;amp;(_.name=e.title,_.avatar=e.logo,s())}function s(){var e=h.view.$sfHead.find(&quot;.sfa-title&quot;);k.tool=h.view.$sfHead.find(&quot;.sfa-tool&quot;),k.tool.hide();var r=navigator.userAgent;r.match(/light/i)&amp;amp;&amp;amp;h.view.$sfHead.find(&quot;.sfa-back&quot;).hide();var i=_.name;t(i)&amp;gt;12&amp;amp;&amp;amp;(i=n(_.name,10,&quot;...&quot;));var o=[&#039;&amp;lt;div class=&quot;cambrian-wraper&quot;&amp;gt;&#039;,&#039;&amp;lt;div class=&quot;c-line-clamp1&quot; style=&quot;&#039;+S.content+&#039;&quot;&amp;gt;&#039;,&#039;&amp;lt;a href=&quot;javascript:void(0);&quot; class=&quot;cambrian-wraper-inner&quot;&amp;gt;&#039;,&#039;&amp;lt;img class=&quot;cambrian-avatar&quot; style=&quot;&#039;+S.avatar+&#039;&quot; src=&quot;&#039;+_.avatar+&#039;&quot; width=22 height=22 alt=&quot;&quot;&amp;gt;&#039;,&#039;&amp;lt;span class=&quot;cambrian-title&quot; style=&quot;&#039;+S.nameText+&#039;&quot;&amp;gt;&#039;+i+&quot;&amp;lt;/span&amp;gt;&quot;,&#039;&amp;lt;i class=&quot;c-icon cambrian-arrow&quot; style=&quot;&#039;+S.nameArrow+&#039;&quot;&amp;gt;&amp;amp;#xe732&amp;lt;/i&amp;gt;&#039;,&quot;&amp;lt;/a&amp;gt;&quot;,&quot;&amp;lt;/div&amp;gt;&quot;,&quot;&amp;lt;/div&amp;gt;&quot;];e.html(o.join(&quot;&quot;)),$(&#039;&amp;lt;style id=&quot;cambrianstyle&quot;&amp;gt;&#039;+S.cambrainCss+&quot;&amp;lt;/style&amp;gt;&quot;).appendTo(&quot;#super-frame .sfa-head&quot;),k.titleEl=e,k.wrapperIn=e.find(&quot;.cambrian-wraper-inner&quot;),k.avatar=e.find(&quot;.cambrian-avatar&quot;),k.name=e.find(&quot;.cambrian-title&quot;),k.arrow=e.find(&quot;.cambrian-arrow&quot;),k.arrow.hide()}function c(){k.titleEl||s();var e=_.name;t(e)&amp;gt;12&amp;amp;&amp;amp;(e=n(_.name,10,&quot;...&quot;)),k.name.html(e),k.avatar.attr(&quot;src&quot;,_.avatar),_.homepage&amp;amp;&amp;amp;(k.arrow.css(&quot;display&quot;,&quot;inline-block&quot;).show(),k.wrapperIn.attr(&quot;href&quot;,r(_.homepage,{ct:57,cst:1})))}function u(){var e,t={icon:&quot;&amp;amp;#xe63a&quot;,text:&quot;分享&quot;,click:function(){page.log.send({ct:57,cst:3,clk_extra:JSON.stringify({a:_.appid,u:h.originUrl})});var e={url:_.article.share_url?r(_.article.share_url,{ct:57,cst:17}):location.href.toString().replace(&quot;tn=normal&quot;,&quot;tn=nohead&quot;),title:_.article.title||&quot;来百度关注&quot;+_.name+&quot;有惊喜&quot;,content:&quot;好友给您分享了一篇来自&quot;+_.name+&quot;的文章，点击立即查看精彩内容。&quot;,iconUrl:_.article.thumbnail_url&amp;amp;&amp;amp;_.article.thumbnail_url[0]||_.avatar,loginfo:{clk_from:&quot;mms_mip&quot;}},t=new m(e);t.popup()}},n={icon:&quot;&amp;amp;#xe639&quot;,text:&quot;查看官方号&quot;,click:function(){location.href=r(_.homepage,{ct:57,cst:4})}},i={icon:&quot;&amp;amp;#xe63e&quot;,text:&quot;咨询&quot;,click:function(){page.log.send({ct:57,cst:5,clk_extra:JSON.stringify({a:_.appid,u:h.originUrl})}),_.is_login?l():d()}};e=_.homepage?g.version_compare(g.getVersion(),y)&amp;gt;=0?[t,n,i]:[t,n]:g.version_compare(g.getVersion(),y)&amp;gt;=0?[t,i]:[t],h.view.setHeadActionIcons(e,{maxIcons:1}),k.tool.on(&quot;click&quot;,&quot;.sfa-action-more&quot;,function(){page.log.send({ct:57,cst:2,clk_extra:JSON.stringify({a:_.appid,u:h.originUrl})})})}function l(){g.isIOS?g.ios.invokeApp(&quot;invokePlug&quot;,{action:&quot;open&quot;,params:encodeURIComponent(JSON.stringify({plugin_id:&quot;box.plugin.cambrian&quot;,args:&quot;source_app=baiduboxapp&amp;amp;referer=myduzhan&amp;amp;paid=&quot;+_.pa_uid+&quot;&amp;amp;title=&quot;+_.name+&quot;&amp;amp;method_name=invokeChat&quot;})),minver:y}):g.isAndroid&amp;amp;&amp;amp;g.android.invokeApp(&quot;Bdbox_android_plugin&quot;,&quot;invokePlugin&quot;,[JSON.stringify({package_name:&quot;com.baidu.cambrian&quot;,method_name:&quot;invokeChat&quot;,params:{paid:_.pa_uid,title:_.name}})])}function d(){var e={tpl:&quot;cambrian&quot;,third_login:1};g.isIOS?(e.func=T,g.ios.invokeApp(&quot;account&quot;,{action:&quot;logindialog&quot;,params:JSON.stringify(e),minver:&quot;5.5.0.0&quot;},&quot;&quot;)):g.isAndroid&amp;amp;&amp;amp;g.android.invokeApp(&quot;Bdbox_android_account&quot;,&quot;loginDialog&quot;,[JSON.stringify(e),T])}function f(){a(h.titleExtra),h.loader.on(&quot;mip-cambrian-header&quot;,function(e,t){i(t.data||&quot;&quot;)})}function p(e){var t=new RegExp(&quot;(^|_)&quot;+e+&quot;(_|$)&quot;);return t.test(page.comm.sids)}var h,m=e(&quot;../../pmd/share/share&quot;),g=e(&quot;uiamd/bdbox/base&quot;),v=e(&quot;sf25/lib/cambrianBarSub&quot;),w=&quot;//msite.baidu.com/home/bar&quot;,b=&quot;116766&quot;,y=&quot;8.5.0.0&quot;,x={},_={},k={},S={content:&quot;height: 44px;margin:0 auto;position:relative;&quot;,avatarCon:&quot;display:inline-block;position:relative;overflow:hidden;&quot;,avatar:&quot;border-radius:50%;position:relative;top:-1px;vertical-align: middle;&quot;,nameCon:&quot;display:inline-block;height:44px;overflow:hidden;&quot;,nameText:&quot;overflow:hidden;text-overflow:ellipsis;color:#333;text-decoration:none;vertical-align: middle;margin-left: 10px;&quot;,nameArrow:&quot;font-size: 10px;color:#333;margin-left:3px;display:inline-block;-ms-transform:scale(.6);-moz-transform:scale(.6);-webkit-transform:scale(.6);transform:scale(.6);vertical-align:middle;&quot;,wrapper:&quot;.sfa-title .cambrian-wraper-inner:active{background: rgba(51,51,51,.4);color:#333;}&quot;,cambrainCss:&quot;.sfa-head .sfa-title,.sfa-head .sfa-back,.sfa-head .sfa-tool,.sfa-head .sfa-action-item{-webkit-tap-highlight-color:transparent;}.sfa-head .sfa-title{padding: 0;}.sfa-title .cambrian-wraper{margin: 0 48px 0 52px;}.sfa-title .cambrian-wraper-inner{display:block;text-decoration: none;color:#333;-webkit-tap-highlight-color:rgba(51,51,51,.4);position: absolute;line-height: normal;top: 50%;left: 50%;-webkit-transform: translate(-50%, -50%);-moz-transform: translate(-50%, -50%);-ms-transform: translate(-50%, -50%);-o-transform: translate(-50%, -50%);transform: translate(-50%, -50%);}&quot;},T=&quot;_SF_CAMBRIAN_&quot;+(new Date).getTime()+&quot;_&quot;;return window[T]=function(e){0===parseInt(e,10)&amp;amp;&amp;amp;(_.is_login=!0,l())},x.setup=function(e){g.isBox&amp;amp;&amp;amp;(k={},_={},h=e,p(b)?v.setup(h):f())},x}),define(&quot;sf25/lib/cambrianBarSub&quot;,[&quot;require&quot;,&quot;../../pmd/share/share&quot;,&quot;uiamd/bdbox/base&quot;,&quot;uiamd/bdbox/follow&quot;],function(e){function t(e){return String(e).replace(/[^\x00-\xff]/g,&quot;ci&quot;).length}function n(e,n,r){return e=String(e),r=r||&quot;&quot;,0&amp;gt;n||t(e)&amp;lt;=n?e+r:(e=e.substr(0,n).replace(/([^\x00-\xff])/g,&quot;$1 &quot;).substr(0,n).replace(/[^\x00-\xff]$/,&quot;&quot;).replace(/([^\x00-\xff]) /g,&quot;$1&quot;),e+r)}function r(e,t){return e+=e.indexOf(&quot;?&quot;)&amp;gt;=0?&quot;&amp;amp;&quot;:&quot;?&quot;,e+$.param(t)}function i(e){b.appid=e,$.ajax({type:&quot;GET&quot;,url:g,data:{office_id:e,check_sub:1,homepage_from:&quot;dusite_artdetail_sub&quot;,url:decodeURIComponent(f.originUrl)},dataType:&quot;jsonp&quot;,success:function(e){e&amp;amp;&amp;amp;0===e.code&amp;amp;&amp;amp;($.extend(b,e.data),c(),u()),o()},error:function(){o()}})}function o(){y.tool&amp;amp;&amp;amp;y.tool.show()}function a(e){e&amp;amp;&amp;amp;&quot;cambrian&quot;===e.type&amp;amp;&amp;amp;(b.name=e.title,b.avatar=e.logo,s())}function s(){var e=f.view.$sfHead.find(&quot;.sfa-title&quot;);y.tool=f.view.$sfHead.find(&quot;.sfa-tool&quot;),y.tool.hide();var r=navigator.userAgent;r.match(/light/i)&amp;amp;&amp;amp;f.view.$sfHead.find(&quot;.sfa-back&quot;).hide();var i=b.name;t(i)&amp;gt;10&amp;amp;&amp;amp;(i=n(b.name,8,&quot;...&quot;));var o=[&#039;&amp;lt;div class=&quot;cambrian-wraper&quot;&amp;gt;&#039;,&#039;&amp;lt;div class=&quot;c-line-clamp1&quot; style=&quot;&#039;+x.content+&#039;&quot;&amp;gt;&#039;,&#039;&amp;lt;a class=&quot;cambrian-wraper-inner&quot; href=&quot;javascript:void(0);&quot;&amp;gt;&#039;,&#039;&amp;lt;img class=&quot;cambrian-avatar&quot; style=&quot;&#039;+x.avatar+&#039;&quot; src=&quot;&#039;+b.avatar+&#039;&quot; width=22 height=22 alt=&quot;&quot;&amp;gt;&#039;,&#039;&amp;lt;span class=&quot;cambrian-title&quot; style=&quot;&#039;+x.nameText+&#039;&quot;&amp;gt;&#039;+i+&quot;&amp;lt;/span&amp;gt;&quot;,&quot;&amp;lt;/a&amp;gt;&quot;,&#039;&amp;lt;div class=&quot;cambrain-subscribe&quot; style=&quot;&#039;+x.subscribe+&#039;&quot;&amp;gt;关注&amp;lt;/div&amp;gt;&#039;,&quot;&amp;lt;/div&amp;gt;&quot;,&quot;&amp;lt;/div&amp;gt;&quot;];e.html(o.join(&quot;&quot;)),$(&#039;&amp;lt;style id=&quot;cambrianstyle&quot;&amp;gt;&#039;+x.cambrainCss+&quot;&amp;lt;/style&amp;gt;&quot;).appendTo(&quot;#super-frame .sfa-head&quot;),y.titleEl=e,y.avatar=e.find(&quot;.cambrian-avatar&quot;),y.name=e.find(&quot;.cambrian-title&quot;),y.subscribe=e.find(&quot;.cambrain-subscribe&quot;).hide()}function c(){y.titleEl||s();var e=b.name;t(e)&amp;gt;10&amp;amp;&amp;amp;(e=n(b.name,8,&quot;...&quot;)),y.name.html(e),y.avatar.attr(&quot;src&quot;,b.avatar),b.subscribe&amp;amp;&amp;amp;(y.subscribe.html(&quot;已关注&quot;),y.subscribe.addClass(&quot;cambrain-subscribe-added&quot;)),y.subscribe.show(),b.homepage&amp;amp;&amp;amp;(y.titleEl.find(&quot;.cambrian-wraper-inner&quot;).attr(&quot;href&quot;,r(b.homepage,{ct:57,cst:1})),$(&#039;&amp;lt;style id=&quot;cambrianstyle-active&quot;&amp;gt;&#039;+x.wrapper+&quot;&amp;lt;/style&amp;gt;&quot;).appendTo(&quot;#super-frame .sfa-head&quot;));var i=new m(&quot;cambrian&quot;,{onLine:1}),o=function(){b.subscribe?(y.subscribe.removeClass(&quot;cambrain-subscribe-added&quot;),y.subscribe.html(&quot;关注&quot;),i.toast({type:&quot;tips&quot;,text:&quot;已取消关注&quot;})):(y.subscribe.addClass(&quot;cambrain-subscribe-added&quot;),y.subscribe.html(&quot;已关注&quot;),i.toast({type:&quot;click&quot;})),b.subscribe=!b.subscribe};y.subscribe.on(&quot;click&quot;,function(){var e={type:&quot;dusite&quot;,op_type:b.subscribe?&quot;cancel&quot;:&quot;add&quot;,sfrom:&quot;dusite&quot;,source:&quot;dusite_se_landingpage&quot;,third_id:b.appid};page.log.send(b.subscribe?{ct:57,cst:19,clk_extra:JSON.stringify({a:b.appid,u:f.originUrl})}:{ct:57,cst:18,clk_extra:JSON.stringify({a:b.appid,u:f.originUrl})}),i.subscribe(e,o)})}function u(){var e={icon:&quot;&amp;amp;#xe63a&quot;,text:&quot;分享&quot;,click:function(){page.log.send({ct:57,cst:3,clk_extra:JSON.stringify({a:b.appid,u:f.originUrl})});var e={url:b.article.share_url?r(b.article.share_url,{ct:57,cst:17}):location.href.toString().replace(&quot;tn=normal&quot;,&quot;tn=nohead&quot;),title:b.article.title||&quot;来百度关注&quot;+b.name+&quot;有惊喜&quot;,content:&quot;好友给您分享了一篇来自&quot;+b.name+&quot;的文章，点击立即查看精彩内容。&quot;,iconUrl:b.article.thumbnail_url&amp;amp;&amp;amp;b.article.thumbnail_url[0]||b.avatar,loginfo:{clk_from:&quot;mms_mip&quot;}},t=new p(e);t.popup()}},t={icon:&quot;&amp;amp;#xe63e&quot;,text:&quot;咨询&quot;,click:function(){page.log.send({ct:57,cst:5,clk_extra:JSON.stringify({a:b.appid,u:f.originUrl})}),b.is_login?l():d()}},n=[];n=h.version_compare(h.getVersion(),v)&amp;gt;=0?[e,t]:[e],f.view.setHeadActionIcons(n,{maxIcons:1}),y.tool.on(&quot;click&quot;,&quot;.sfa-action-more&quot;,function(){page.log.send({ct:57,cst:2,clk_extra:JSON.stringify({a:b.appid,u:f.originUrl})})})}function l(){h.isIOS?h.ios.invokeApp(&quot;invokePlug&quot;,{action:&quot;open&quot;,params:encodeURIComponent(JSON.stringify({plugin_id:&quot;box.plugin.cambrian&quot;,args:&quot;source_app=baiduboxapp&amp;amp;referer=myduzhan&amp;amp;paid=&quot;+b.pa_uid+&quot;&amp;amp;title=&quot;+b.name+&quot;&amp;amp;method_name=invokeChat&quot;})),minver:v}):h.isAndroid&amp;amp;&amp;amp;h.android.invokeApp(&quot;Bdbox_android_plugin&quot;,&quot;invokePlugin&quot;,[JSON.stringify({package_name:&quot;com.baidu.cambrian&quot;,method_name:&quot;invokeChat&quot;,params:{paid:b.pa_uid,title:b.name}})])}function d(){var e={tpl:&quot;cambrian&quot;,third_login:1};h.isIOS?(e.func=_,h.ios.invokeApp(&quot;account&quot;,{action:&quot;logindialog&quot;,params:JSON.stringify(e),minver:&quot;5.5.0.0&quot;},&quot;&quot;)):h.isAndroid&amp;amp;&amp;amp;h.android.invokeApp(&quot;Bdbox_android_account&quot;,&quot;loginDialog&quot;,[JSON.stringify(e),_])}var f,p=e(&quot;../../pmd/share/share&quot;),h=e(&quot;uiamd/bdbox/base&quot;),m=e(&quot;uiamd/bdbox/follow&quot;),g=&quot;//msite.baidu.com/home/bar&quot;,v=&quot;8.5.0.0&quot;,w={},b={},y={},x={content:&quot;height: 44px;margin:0 auto;position:relative;&quot;,avatar:&quot;border-radius:50%;position:relative;top:-1px;vertical-align: middle;&quot;,nameText:&quot;overflow:hidden;text-overflow:ellipsis;color:#333;text-decoration:none;vertical-align: middle;margin-left: 10px;&quot;,subscribe:&quot;position:absolute;font-size:12px;-webkit-box-sizing:border-box;-moz-box-sizing:border-box;box-sizing:border-box;text-align:center;line-height:normal;&quot;,wrapper:&quot;.sfa-title .cambrian-wraper-inner:active{color:#333;}&quot;,cambrainCss:&quot;.sfa-head .sfa-title,.sfa-head .sfa-back,.sfa-head .sfa-tool,.sfa-head .sfa-action-item{-webkit-tap-highlight-color:transparent;}.sfa-head .sfa-title{padding: 0;}.sfa-title .cambrian-wraper{margin: 0 48px 0 52px;}.sfa-head .cambrian-wraper-inner{display:block;margin: 0 auto;position: absolute;line-height: normal;top: 50%;left: 50%;-webkit-transform: translate(-50%, -50%);-moz-transform: translate(-50%, -50%);-ms-transform: translate(-50%, -50%);-o-transform: translate(-50%, -50%);transform: translate(-50%, -50%);-webkit-tap-highlight-color:rgba(51,51,51,.4);}.sfa-title .cambrian-title{max-width:100px;background:#fff;}.sfa-title .cambrain-subscribe{width:54px;padding:3px 0;top:10px;right:0;color:#333;border: 1px solid #333;}.sfa-title .cambrain-subscribe:active{background:rgba(0, 0, 0, .05);}.sfa-title .cambrain-subscribe-added{color:#999;border:1px solid #999;}@media screen and (max-width: 320px){.sfa-title .cambrian-title{max-width:88px;}.sfa-title .cambrain-subscribe{width:48px;padding:3px 0;}}&quot;},_=&quot;_SF_CAMBRIAN_&quot;+(new Date).getTime()+&quot;_&quot;;return window[_]=function(e){0===parseInt(e,10)&amp;amp;&amp;amp;(b.is_login=!0,l())},w.setup=function(e){h.isBox&amp;amp;&amp;amp;(y={},b={},f=e,a(f.titleExtra),f.loader.on(&quot;mip-cambrian-header&quot;,function(e,t){i(t.data||&quot;&quot;)}))},w}),define(&quot;sf25/lib/mipperflog&quot;,[&quot;require&quot;],function(){var e=function(e,t){this.baseUrl=page.https.domain.get(&quot;http://sestat.baidu.com/mpwb.gif&quot;),this.timing=e,this.duration={},this.params={type:3,fm:&quot;disp&quot;},this.status=0,this.error=0;try{this.clksig=page.utils.getEventSignature(t.event)}catch(n){}};return e.prototype.setErrorCode=function(e){0===e?(this.status=0,this.error=0):(this.status=1,this.error=e)},e.prototype.sendLog=function(){if(!this.logSent){this.logSent=!0,this.clearSendTimeout();var e=$.extend({},this.duration,{status:this.status,error:this.error,sig:this.clksig}),t=$.extend({},this.params,{data:JSON.stringify(e)});t=$.param(t,!0);var n=new Image;n.src=this.baseUrl+&quot;?&quot;+t}},e.prototype.setDuration=function(e,t,n){if(this.timing[t]&amp;amp;&amp;amp;this.timing[n]){var r=this.timing[n]-this.timing[t];return r&amp;gt;1e4||isNaN(r)||1/0===r?!0:(this.duration[e]=r,!0)}return!1},e.prototype.updateTiming=function(e){for(var t in e)this.timing[t]=e[t];var n=!0;n&amp;amp;=this.setDuration(&quot;stm&quot;,&quot;userClickTime&quot;,&quot;sfMipStartTime&quot;),n&amp;amp;=this.setDuration(&quot;dtm&quot;,&quot;userClickTime&quot;,&quot;MIPStart&quot;),n&amp;amp;=this.setDuration(&quot;atm&quot;,&quot;userClickTime&quot;,&quot;MIPPageShow&quot;),n&amp;amp;=this.setDuration(&quot;rtm&quot;,&quot;MIPStart&quot;,&quot;MIPDomContentLoaded&quot;),n&amp;amp;=this.setDuration(&quot;otm&quot;,&quot;MIPPageShow&quot;,&quot;MIPFirstScreen&quot;),this.setDuration(&quot;ntm&quot;,&quot;fetchStart&quot;,&quot;responseEnd&quot;),n&amp;amp;&amp;amp;this.sendLog()},e.prototype.setSendTimeout=function(e){this.clearSendTimeout();var t=this;this.timeoutId=setTimeout(function(){this.mipCanPerf?(t.duration.ltm=t.duration.ltm||Date.now()-this.timing.userClickTime,t.setErrorCode(1),t.sendLog()):t.sendLog()},e)},e.prototype.clearSendTimeout=function(){this.timeoutId&amp;amp;&amp;amp;clearTimeout(this.timeoutId),this.timeoutId=void 0},e}),define(&quot;sf25/lib/monitor&quot;,[&quot;require&quot;,&quot;sf25/view/viewFactory&quot;],function(e){function t(e){return e?e.service&amp;amp;&amp;amp;e.service.name?e.query&amp;amp;&amp;amp;e.query.actname&amp;amp;&amp;amp;&quot;act_sf_mip&quot;===e.query.actname?&quot;sf-mip&quot;:e.service.name:e.pathPattern?e.pathPattern.toString():&quot;&quot;:&quot;invalid&quot;}function n(e){var n=t(e);if(&quot;scene&quot;===n){var r=o.get(e.url);if(!r||!r.$sfBody)return!1;var i=r.$sfBody.find(&quot;.c-result&quot;).length,a=r.$sfBody.find(&quot;.sfa-noresult-tips&quot;).length;return r.$sfBody.height()&amp;lt;50&amp;amp;&amp;amp;!i&amp;amp;&amp;amp;!a?!0:!1}return&quot;tab&quot;===n?e.service.getContainer(e).find(&quot;b-scene-body&quot;).height()&amp;lt;50:$(&quot;#sfr-app .sfa-body&quot;).height()&amp;lt;50}function r(e,n){e=e||{},e.svc=t(n),e.query=page&amp;amp;&amp;amp;page.comm&amp;amp;&amp;amp;page.comm.query||&quot;&quot;,e.lid=page&amp;amp;&amp;amp;page.comm&amp;amp;&amp;amp;page.comm.lid||&quot;&quot;,e.tanet=page&amp;amp;&amp;amp;page.comm&amp;amp;&amp;amp;page.comm.tanet||0,(&quot;scene&quot;===e.svc||&quot;tab&quot;===e.svc)&amp;amp;&amp;amp;(e.pd=n&amp;amp;&amp;amp;n.query&amp;amp;&amp;amp;n.query.pd||&quot;invalid&quot;,n&amp;amp;&amp;amp;n.query&amp;amp;&amp;amp;n.query.atn&amp;amp;&amp;amp;(e.atn=n.query.atn));var r=&quot;type=sfmonitor&amp;amp;terminal=sf&quot;;for(var o in e)r+=&quot;&amp;amp;&quot;+o+&quot;=&quot;+e[o];var a=new Image;a.src=page.https.domain.get(i+&quot;?&quot;+r)}var i=&quot;http://sestat.baidu.com/cm.gif&quot;,o=e(&quot;sf25/view/viewFactory&quot;),a={},s=[],c=[],u=[{type:&quot;timeout3s&quot;,time:3e3},{type:&quot;timeoutfirst&quot;,time:6e3}];return a.start=function(e){e&amp;amp;&amp;amp;e.options&amp;amp;&amp;amp;void 0!==e.options.id&amp;amp;&amp;amp;(s[e.options.id]||(s[e.options.id]={}),s[e.options.id].startTime=(new Date).getTime(),u.forEach(function(t,i){c[i]||(c[i]=[]),c[i][e.options.id]=setTimeout(function(){n(e)&amp;amp;&amp;amp;r({st:t.type},e)},t.time)}))},a.stop=function(e){if(e&amp;amp;&amp;amp;e.options&amp;amp;&amp;amp;void 0!==e.options.id){s[e.options.id]||(s[e.options.id]={});var t=s[e.options.id].startTime||0;if(n(e)){var i=(new Date).getTime()-t;r({leave:i},e)}delete s[e.options.id],u.forEach(function(t,n){c[n]&amp;amp;&amp;amp;c[n][e.options.id]&amp;amp;&amp;amp;clearTimeout(c[n][e.options.id])})}},a}),define(&quot;sf25/lib/scriptLoader&quot;,[&quot;require&quot;],function(){function e(e){var o=i();if(!o)return console.warn(&quot;Unable to find current script.&quot;),void r(e);var a=o.getAttribute(&quot;data-evaluator-id&quot;);if(!a)return console.warn(&quot;Unable to find fp, dynamic loaded &amp;lt;script&amp;gt;?&quot;,o),void r(e);for(var s=t(a),c=s.pendingScripts,u=0,l=parseInt(o.getAttribute(&quot;data-script-index&quot;),10);u&amp;lt;c.length&amp;amp;&amp;amp;c[u].index&amp;lt;=l;)u++;c.splice(u,0,{index:l,fn:e}),setTimeout(n.bind(null,s))}function t(e){return o[e]||(o[e]={lastIndex:-1,fp:window[e],pendingScripts:[]}),o[e]}function n(e){for(var t=e.pendingScripts;t.length&amp;amp;&amp;amp;t[0].index&amp;lt;=e.lastIndex+1;){var n=t.shift();setTimeout(e.fp.bind(window,n.fn)),e.lastIndex=Math.max(n.index,e.lastIndex)}}function r(e){var t=_SF_?_SF_.vw:{},n=_SF_?_SF_.page:{},r=_SF_?_SF_._global_:{};e.call(window,t,n,r)}function i(){if(document.currentScript)return document.currentScript;for(var e=document.getElementsByTagName(&quot;script&quot;),t=e.length;t--;){var n=e[t];if(&quot;interactive&quot;===n.readyState)return n}return null}var o={};return window._superframeJSLoader=e,{loader:e}}),define(&quot;sf25/lib/webbDisp&quot;,[&quot;require&quot;],function(){function e(e){return e?e.service&amp;amp;&amp;amp;e.service.name?e.service.name:e.pathPattern?e.pathPattern.toString():&quot;&quot;:&quot;invalid&quot;}function t(e){return e&amp;amp;&amp;amp;e.options&amp;amp;&amp;amp;e.options.id?r+e.options.id:r+&quot;00&quot;}function n(e){return e.event&amp;amp;&amp;amp;&quot;object&quot;==typeof page&amp;amp;&amp;amp;page.utils&amp;amp;&amp;amp;page.utils.getEventSignature?page.utils.getEventSignature(e.event):void 0}var r=&quot;&quot;+Date.now()+Math.round(1e3*Math.random()),i=[];return{start:function(r,o){var a={type:&quot;wp_sf&quot;,action:&quot;show&quot;,ext:{pd:e(r),sfname:&quot;2.5&quot;,applid:t(r)}},s=n(o);s&amp;amp;&amp;amp;(a.ext.sig=s),i.push(s),window.webb&amp;amp;&amp;amp;webb.ia&amp;amp;&amp;amp;webb.ia.send(a)},stop:function(n){var r={type:&quot;wp_sf&quot;,action:&quot;close&quot;,ext:{pd:e(n),sfname:&quot;2.5&quot;,applid:t(n),sig:i.pop()}};window.webb&amp;amp;&amp;amp;webb.ia&amp;amp;&amp;amp;webb.ia.send(r)},domready:function(r,i,o){window.webb&amp;amp;&amp;amp;webb.disp&amp;amp;&amp;amp;webb.disp.set(&quot;base_sf25&quot;,function(){var a=e(i),s={size:{doc:{w:r.vw&amp;amp;&amp;amp;r.vw.container?$(r.vw.container).width():0,h:r.vw&amp;amp;&amp;amp;r.vw.container?$(r.vw.container).height():0},wind:{w:$(window).width(),h:$(window).height()},scr:{w:screen.width,h:screen.height}},vsb:document.visibilityState?document.visibilityState:0,applid:t(i),sig:n(o)};return a&amp;amp;&amp;amp;(s.pd=a),s.num=1,s}).sendDisp()}}}),define(&quot;sf25/resource/sceneResource&quot;,[&quot;sfr&quot;],function(e){var t=e.resource,n=e.cache,r=n.create(&quot;sceneResouce&quot;,{limit:20}),i=function(e){return this.url=e,this};return i.prototype.getPage=function(e){return this.queryPromise?e&amp;amp;&amp;amp;new t(this.url).query():(this.resource=new t(this.url),this.queryPromise=this.resource.query()),this.queryPromise},i.getInstance=function(e,t){t=t||&quot;&amp;amp;mod=1&quot;,e+=t;var n;return(n=r.get(e))?n:(n=new i(e),r.set(e,n),n)},i}),define(&quot;sf25/resource/stream&quot;,[&quot;require&quot;],function(){function e(){this.buffer=[],this.events={data:null,end:null,readable:null,error:null},this.state=t,this.err=null}var t=1,n=2,r=3;return e.prototype.on=function(e,t){if(&quot;function&quot;!=typeof t)throw new Error(&quot;callback is not a function:&quot;+t);this.events[e]=t,this.flush()},e.prototype.write=function(e){this.buffer.push(e),this.flush()},e.prototype.error=function(e){this.err=e||new Error(&quot;unkown error&quot;),this.flush()},e.prototype.end=function(){this.state===t&amp;amp;&amp;amp;(this.state=n,this.flush())},e.prototype.read=function(){return this.buffer.shift()},e.prototype.flush=function(){if(this.err)return void(this.events.error&amp;amp;&amp;amp;(this.events.error(this.err),this.events.error=null));for(this.buffer.length&amp;amp;&amp;amp;this.events.readable&amp;amp;&amp;amp;(this.events.readable(),this.events.readable=null);this.buffer.length&amp;amp;&amp;amp;this.events.data;)this.events.data(this.read());this.state===n&amp;amp;&amp;amp;this.events.end&amp;amp;&amp;amp;(this.state=r,this.events.end())},e}),define(&quot;sf25/resource/template&quot;,[&quot;sfr&quot;,&quot;sf25/resource/stream&quot;],function(e,t){function n(e,n){var i,o,a=new t,l=s.createTokenStream(e,n),d=&quot;&quot;;return l.on(&quot;data&quot;,function(e){for(d+=e;(i=c.exec(d))&amp;amp;&amp;amp;(o=u.exec(d));){var t=r(i[0]),n=i.index+i[0].length;t.innerHTML=d.slice(n,o.index),d=d.substr(o.index+o[0].length),a.write(t)}}),l.on(&quot;end&quot;,function(){a.end()}),l.on(&quot;error&quot;,function(e){a.error(e)}),a}function r(e){for(var t,n=e.replace(/^&amp;lt;template/i,&quot;&quot;).replace(new RegExp(&quot;&amp;gt;$&quot;),&quot;&quot;),r=/([\w-]+)(?:=(&#039;[^&#039;]*&#039;|&quot;[^&quot;]*&quot;))?/g,i={};t=r.exec(n);){var o=t[1],a=(t[2]||&quot;&quot;).slice(1,-1);i[o]=a}return i}function i(e,n){function r(){var e=this.responseText.length;if(s!==e){var t=this.responseText.substring(s,e);s=e,i.write(t)}}n=a.defaultsDeep({xhrFields:{onprogress:r}},n);var i=new t,s=0;return n.url=e,o.ajax(e,n).catch(function(e){throw e.code=&quot;EFETCH&quot;,e}).then(function(e){r.call(e),i.end()}).catch(function(t){i.error(t),setTimeout(function(){var n=&quot;EFETCH&quot;===t.code?&quot;fetch error&quot;:&quot;render error&quot;;throw console.error(n,e),t})}),i}var o=e.http,a=e._,s={},c=/&amp;lt;template(\s+[^&amp;gt;]*)?&amp;gt;/i,u=/&amp;lt;\/template&amp;gt;/i;return s.rBeginTemplate=c,s.rEndTemplate=u,s.createReadStream=n,s.createTokenStream=i,s.parseTemplateTag=r,s}),define(&quot;sf25/service/baikeService&quot;,[&quot;require&quot;,&quot;sf25/config&quot;,&quot;sfr&quot;,&quot;sf25/service/commonService&quot;,&quot;sf25/resource/template&quot;,&quot;sf25/view/commonView&quot;],function(e){var t=e(&quot;sf25/config&quot;).baike,n=e(&quot;sfr&quot;).action,r=e(&quot;sf25/service/commonService&quot;),i=e(&quot;sf25/resource/template&quot;),o=e(&quot;sf25/view/commonView&quot;),a=new r;a.name=t.name,a.commonViewOptions={headBackground:&quot;#459df5&quot;,headColor:&quot;#fff&quot;,headTitle:&quot;百度百科&quot;,headHeight:&quot;44px&quot;,backHtml:&quot;&quot;,customClassName:&quot;wa-bk-polysemy-sf&quot;},a.createView=function(){var e=new o,t=e.prepareRender;return e.prepareRender=function(){t.call(this),this.renderer.clientFunction=function(e){return[&quot;function (vw, page, _global_) {&quot;,&quot;    var require = page.require;&quot;,&quot;    var define = page.define;&quot;,e,&quot;}&quot;].join(&quot;\n&quot;)}},e},a.createTemplateStream=function(e){var n=t.baseUrl,r=&quot;&quot;;if(!e.url.match(/^\/sf_bk\//))throw new Error(&quot;cant&#039;t match PATH: Missed keyword(/^/sf_bk//) in this URL(&quot;+e.url+&quot;)&quot;);if(r=e.url.replace(/^.*\/sf_bk/,n),r.match(/\?/)){var o=r.split(&quot;#&quot;)[0],a=r.indexOf(&quot;#&quot;)&amp;gt;0?r.substr(r.indexOf(&quot;#&quot;)):&quot;&quot;;r=o+&quot;&amp;amp;mod=1&quot;+a}else r+=&quot;?mod=1&quot;;return i.createReadStream(r,{xhrFields:{withCredentials:!0}})},n.regist(/^\/sf_bk\//,a)}),define(&quot;sf25/service/commonService&quot;,[&quot;require&quot;,&quot;sfr&quot;,&quot;sf25/view/commonView&quot;,&quot;sf25/resource/template&quot;,&quot;sf25/lib/monitor&quot;,&quot;sf25/lib/webbDisp&quot;,&quot;sf25/lib/boxLog&quot;],function(e){var t=e(&quot;sfr&quot;),n=e(&quot;sf25/view/commonView&quot;),r=e(&quot;sf25/resource/template&quot;),i=e(&quot;sf25/lib/monitor&quot;),o=e(&quot;sf25/lib/webbDisp&quot;),a=t.service,s=t.cache,c=s.create(&quot;commonViews&quot;),u=e(&quot;sf25/lib/boxLog&quot;),l=new a;l.createTemplateStream=function(e){return r.createReadStream(e.url)},l.createView=function(){return new n},l.create=function(e,t,n){i.start(e),u.start(e);var r=c.get(e.url);r||(r=this.createView(e,t,n),c.set(e.url,r));var o=$.extend({},this.commonViewOptions,e.options&amp;amp;&amp;amp;e.options.view);r.renderFrame(o),r.vw.performance.requestStart=Date.now(),r.setTemplateStream(this.createTemplateStream(e,n)),r.enterAnimate=!1;var a=e&amp;amp;&amp;amp;e.options&amp;amp;&amp;amp;e.options.skipAllAnimation,s=e&amp;amp;&amp;amp;e.options&amp;amp;&amp;amp;e.options.src;return a||&quot;history&quot;===s||&quot;back&quot;===s||&quot;sync&quot;===s?e||t||(r.enterAnimate=!0):r.enterAnimate=!0,n&amp;amp;&amp;amp;(&quot;function&quot;==typeof n.enterAnimation&amp;amp;&amp;amp;(r.startEnterAnimate=n.enterAnimation),&quot;function&quot;==typeof n.exitAnimation&amp;amp;&amp;amp;(r.startExitAnimate=n.exitAnimation)),r.startEnterAnimate(e,t,n)},l.attach=function(e,t,n){o.start(e,n);var r=c.get(e.url);scrollTo(0,0),r.render().then(function(){return o.domready(r,e,n),r.attach()}).catch(function(t){var n=t.status;if(&quot;number&quot;!=typeof n&amp;amp;&amp;amp;(n=t.code||901),console.error(&quot;RenderError, redirecting...&quot;,t),&quot;sync&quot;!==e.options.src){var r=location.search+(location.search?&quot;&amp;amp;&quot;:&quot;?&quot;);r+=&quot;sfr_fb=&quot;+n;var i=location.protocol+&quot;//&quot;+location.host+location.pathname+r+location.hash;location.replace(i)}})},l.update=function(e,t){var n=c.get(e.url);return n.update(e,t)},l.detach=function(e,t,n){i.stop(t),o.stop(t,n),u.stop(t);var r=c.get(t.url);return r.detach()},l.destroy=function(e,t,n){var r=c.get(t.url),i=t&amp;amp;&amp;amp;t.options&amp;amp;&amp;amp;t.options.useDOMCache;r.exitAnimate=!1;var o=e&amp;amp;&amp;amp;e.options&amp;amp;&amp;amp;e.options.skipAllAnimation,a=e&amp;amp;&amp;amp;e.options&amp;amp;&amp;amp;e.options.src;return o||&quot;back&quot;!==a?e||t||(r.exitAnimate=!0):r.exitAnimate=!0,r.startExitAnimate(e,t,n).then(function(){i?r.hideView():(r.removeDom(),c.remove(t.url))})},l.getContainer=function(e){var t=c.get(e.url);return t.$container};var d=function(){};return d.prototype=l,d.prototype.constructor=d,d}),define(&quot;sf25/service/ecomService&quot;,[&quot;require&quot;,&quot;sf25/service/commonService&quot;,&quot;sf25/resource/template&quot;,&quot;sf25/config&quot;,&quot;sfr&quot;,&quot;sf25/view/ecomView&quot;],function(e){var t=e(&quot;sf25/service/commonService&quot;),n=e(&quot;sf25/resource/template&quot;),r=e(&quot;sf25/config&quot;).ecom,i=e(&quot;sfr&quot;).action,o=r.baseUrl,a=new t,s=e(&quot;sf25/view/ecomView&quot;);a.createTemplateStream=function(e){var t=o+e.url+&quot;&amp;amp;mod=1&quot;;return n.createReadStream(t)},a.createView=function(){return new s},i.regist(&quot;/ecom&quot;,a)}),define(&quot;sf25/service/graphService&quot;,[&quot;require&quot;,&quot;sf25/config&quot;,&quot;sfr&quot;,&quot;sf25/service/commonService&quot;,&quot;sf25/resource/template&quot;],function(e){var t=e(&quot;sf25/config&quot;).graph,n=e(&quot;sfr&quot;).action,r=e(&quot;sf25/service/commonService&quot;),i=e(&quot;sf25/resource/template&quot;),o=new r,a=t.baseUrl;o.commonViewOptions={headBackground:&quot;#efefef&quot;,headColor:&quot;#333&quot;,headHeight:&quot;0px&quot;,backHtml:&quot;&quot;,customClassName:&quot;graph-sfa-view&quot;},o.createTemplateStream=function(e){var t=/^\/sf_graph\/sf\/sync\?(.*)$/.exec(e.url),n=a+&quot;/sf/async?&quot;+t[1]+&quot;&amp;amp;mod=1&quot;;return i.createReadStream(n,{xhrFields:{withCredentials:!0}})},n.regist(/^\/sf_graph\//,o)}),define(&quot;sf25/service/headlineService&quot;,[&quot;require&quot;,&quot;sfr&quot;,&quot;sf25/config&quot;,&quot;sf25/service/commonService&quot;,&quot;sf25/view/domRenderView&quot;],function(e){function t(e){var t=i.baseUrl,n=e.replace(/^\/sf\/headline/,&quot;&quot;);return t+&quot;/doc/news&quot;+n}function n(e){return e.replace(new RegExp(&quot;&amp;amp;&quot;,&quot;g&quot;),&quot;&amp;amp;amp;&quot;).replace(new RegExp(&#039;&quot;&#039;,&quot;g&quot;),&quot;&amp;amp;quot;&quot;).replace(new RegExp(&quot;&#039;&quot;,&quot;g&quot;),&quot;&amp;amp;#39;&quot;).replace(new RegExp(&quot;&amp;lt;&quot;,&quot;g&quot;),&quot;&amp;amp;lt;&quot;).replace(new RegExp(&quot;&amp;gt;&quot;,&quot;g&quot;),&quot;&amp;amp;gt;&quot;)}var r=e(&quot;sfr&quot;),i=e(&quot;sf25/config&quot;).headline,o=r.action,a=e(&quot;sf25/service/commonService&quot;),s=e(&quot;sf25/view/domRenderView&quot;),c=r.http,u=new a;u.name=&quot;headline&quot;,u.createTemplateStream=function(e){return c.ajax(t(e.url),{xhrFields:{withCredentials:!1}})},u.create=r._.wrap(u.create,function(e,t,r,i){t.options.view=t.options.view||{};var o=n(t.options.headTitle||t.query.title);return t.options.view.headTitle=o,e.call(this,t,r,i)}),u.createView=function(){return new s},o.regist(/^\/sf\/headline\//,u)}),define(&quot;sf25/service/imageService&quot;,[&quot;require&quot;,&quot;sf25/config&quot;,&quot;sfr&quot;,&quot;sf25/service/commonService&quot;,&quot;sf25/resource/template&quot;,&quot;sf25/view/imageView&quot;],function(e){var t=e(&quot;sf25/config&quot;).image,n=e(&quot;sfr&quot;).action,r=e(&quot;sf25/service/commonService&quot;),i=e(&quot;sf25/resource/template&quot;),o=e(&quot;sf25/view/imageView&quot;),a=new r;a.name=t.name,a.commonViewOptions={headTitle:&quot;百度图片&quot;},a.createView=function(e){var t=/type=([^&amp;amp;]+)/.exec(e.url),n=&quot;detail&quot;;return t&amp;amp;&amp;amp;&quot;result&quot;===t[1]&amp;amp;&amp;amp;(n=&quot;result&quot;),new o(n)},a.createTemplateStream=function(e){var n=t.baseUrl,r=/type=([^&amp;amp;]+)/.exec(e.url),o=/^\/sf_image\/search.*\?(.*)$/.exec(e.url);return n+=r&amp;amp;&amp;amp;&quot;result&quot;===r[1]?&quot;/search/wiseala?&quot;+o[1]+&quot;&amp;amp;sfmod=1&quot;:&quot;/search/wiseala?&quot;+o[1]+&quot;&amp;amp;sfmod=1&quot;,i.createReadStream(n,{xhrFields:{withCredentials:!0}})},n.regist(/^\/sf_image\//,a)}),define(&quot;sf25/service/indexService&quot;,[&quot;sfr&quot;],function(e){function t(e,t){return&quot;/.*\\/s$/&quot;===e.pathPattern.toString()&amp;amp;&amp;amp;(&quot;/.*\\/s$/&quot;===t.pathPattern.toString()||&quot;/searchframe&quot;===t.path)}function n(e){if(&quot;undefined&quot;!=typeof Box&amp;amp;&amp;amp;Box.os&amp;amp;&amp;amp;Box.os.name&amp;amp;&amp;amp;Box[Box.os.name])if(&quot;ios&quot;===Box.os.name){var t={type:&quot;text&quot;,query:encodeURIComponent(e)};Box.ios.invokeApp(&quot;setquery&quot;,{params:JSON.stringify(t),minver:&quot;5.5.0.0&quot;},&quot;&quot;)}else if(&quot;android&quot;===Box.os.name)return}function r(e){return e&amp;amp;&amp;amp;&quot;/&quot;===e.pathPattern?!0:void 0}function i(e){return e&amp;amp;&amp;amp;e.path&amp;amp;&amp;amp;(&quot;/s&quot;===e.path||&quot;/searchframe&quot;===e.path||e.path.match(/\/s$/))?!0:void 0}var o,a,s=&quot;&quot;,c=e.service,u=e.action,l=window.page&amp;amp;&amp;amp;page.comm&amp;amp;&amp;amp;page.comm.useNewIs,d=$([&#039;&amp;lt;style id=&quot;activitystyle&quot;&amp;gt;&#039;,&quot;.search-page,body .se-page-hd{width:100%;position:absolute;top:-99999px;opacity:0;z-index:-1;}&quot;,&quot;&amp;lt;/style&amp;gt;&quot;].join(&quot;&quot;)),f=$([&#039;&amp;lt;style id=&quot;activitystyle&quot;&amp;gt;&#039;,&quot;.search-page{width:100%;position:absolute;top:-99999px;opacity:0;z-index:-1;}&quot;,&quot;&amp;lt;/style&amp;gt;&quot;].join(&quot;&quot;)),p=new c;p.create=function(e,n){return r(e)&amp;amp;&amp;amp;i(n)?void 0:window.view?(require([&quot;uiamd/bdbox/util&quot;],function(e){e.fullScreen(!1)}),void location.replace(e.url)):void require([&quot;search/search&quot;],function(r){s?(t(e,n)||require([&quot;uiamd/bdbox/util&quot;],function(e){e.fullScreen(!1)}),l||(a&amp;amp;&amp;amp;a.remove(),a=!1),s===e.url?(r.dispatch(&quot;resume&quot;,{current:e,prev:n}),r.dispatch(&quot;attach&quot;,{current:e,prev:n}),setTimeout(function(){scrollTo(0,o)})):(&quot;/&quot;===n.path?r.indexSearch(e.options.param||e.url):r.search(e.options.param||e.url),s=e.url)):(s=e.url,&quot;/&quot;===n.path&amp;amp;&amp;amp;r.indexSearch(e.options.param||e.url))})},p.attach=function(e){l||(a&amp;amp;&amp;amp;a.remove(),a=!1),e&amp;amp;&amp;amp;e.options&amp;amp;&amp;amp;&quot;sync&quot;!==e.options.src&amp;amp;&amp;amp;n(decodeURIComponent(page.comm.query))},p.detach=function(e,r){t(e,r)===!1&amp;amp;&amp;amp;(require([&quot;search/search&quot;],function(t){t.dispatch(&quot;detach&quot;,{current:e,prev:r})}),n(&quot;&quot;)),o=window.scrollY},p.destroy=function(e,n){if(!t(e,n))if(l);else{if(r(e))return void require([&quot;search/search&quot;],function(e){e.recoverIndex()});a=&quot;/sf/vsearch&quot;===e.pathPattern?f:d,a.appendTo(&quot;head&quot;)}};var h=function(){};h.prototype=p,h.prototype.constructor=h;var m=new h,g=new h;g.searchFrame=!0,u.regist(/.*\/s$/,m),u.regist(/.*\/searchframe$/,g),u.exist(&quot;/&quot;)||(u.regist(&quot;/&quot;,g),&quot;/&quot;===location.pathname&amp;amp;&amp;amp;u.start({root:location.pathname}))}),define(&quot;sf25/service/kuaiService&quot;,[&quot;require&quot;,&quot;sf25/config&quot;,&quot;sfr&quot;,&quot;sf25/service/commonService&quot;,&quot;sf25/resource/template&quot;],function(e){var t=e(&quot;sf25/config&quot;).kuai,n=e(&quot;sfr&quot;).action,r=e(&quot;sf25/service/commonService&quot;),i=e(&quot;sf25/resource/template&quot;),o=new r,a=t.baseUrl;o.commonViewOptions={headBackground:&quot;#fff&quot;,headColor:&quot;#333&quot;,headTitle:&quot;火车票&quot;},o.createTemplateStream=function(e){var t=&quot;&quot;,n=/^\/sf_kuai\/webapp\/train\/(.*)\.html(.*)$/.exec(e.url);if(n&amp;amp;&amp;amp;n[1]){var r=&quot;&quot;;n[2]&amp;amp;&amp;amp;(r=n[2].replace(/\?/gi,&quot;&amp;amp;&quot;)),t=a+&quot;/cserver/sf/async?pagename=&quot;+n[1]+r+&quot;&amp;amp;mod=1&quot;}return i.createReadStream(t,{xhrFields:{withCredentials:!1}})},n.regist(/^\/sf_kuai\//,o)}),define(&quot;sf25/service/marry/marryService&quot;,[&quot;require&quot;,&quot;sfr&quot;,&quot;sf25/service/commonService&quot;,&quot;sf25/view/domRenderView&quot;,&quot;sf25/utils/require&quot;,&quot;sf25/config&quot;],function(e){function t(e){return e.replace(new RegExp(&quot;&amp;amp;&quot;,&quot;g&quot;),&quot;&amp;amp;amp;&quot;).replace(new RegExp(&#039;&quot;&#039;,&quot;g&quot;),&quot;&amp;amp;quot;&quot;).replace(new RegExp(&quot;&#039;&quot;,&quot;g&quot;),&quot;&amp;amp;#39;&quot;).replace(new RegExp(&quot;&amp;lt;&quot;,&quot;g&quot;),&quot;&amp;amp;lt;&quot;).replace(new RegExp(&quot;&amp;gt;&quot;,&quot;g&quot;),&quot;&amp;amp;gt;&quot;)}var n=e(&quot;sfr&quot;),r=n.cache,i=n.action,o=e(&quot;sf25/service/commonService&quot;),a=e(&quot;sf25/view/domRenderView&quot;),s=(e(&quot;sf25/utils/require&quot;),n.http),c=new o,u=e(&quot;sf25/config&quot;),l=r.using(&quot;commonViews&quot;);c.createTemplateStream=function(){return s.ajax(u.marry.baseUrl,{})},c.createView=function(){return new a},c.commonViewOptions={headBackground:&quot;#eb3e3f&quot;,headColor:&quot;#fff&quot;,headTitle:&quot;婚纱摄影&quot;,headHeight:&quot;44px&quot;,customClassName:&quot;wa-marry-polysemy-sf&quot;},c.create=n._.wrap(c.create,function(e,n,r,i){n.options.view=n.options.view||{},1===n.options.headStyle&amp;amp;&amp;amp;(n.options.view.customClassName=&quot;sfa-view-no-head&quot;,n.options.skipAllAnimation=!0);var o=t(n.options.headTitle||n.query.title||&quot;婚纱摄影&quot;);return n.options.view.headTitle=o,e.call(this,n,r,i)}),c.attach=n._.wrap(c.attach,function(e,t,n,r){var i=(l.get(t.url),e.call(this,t,n,r));return i}),c.detach=n._.wrap(c.detach,function(e,t,n,r){var i=l.get(n.url);return i.$sfHead.find(&quot;.sfa-tool&quot;).off(&quot;click&quot;),e.call(this,t,n,r)}),c.name=u.marry.name,i.regist(/^\/sf\/marry$/,c)}),define(&quot;sf25/service/marry/meituService&quot;,[&quot;require&quot;,&quot;sfr&quot;,&quot;sf25/service/commonService&quot;,&quot;sf25/view/domRenderView&quot;,&quot;sf25/utils/require&quot;,&quot;sf25/config&quot;],function(e){function t(e){return e.replace(new RegExp(&quot;&amp;amp;&quot;,&quot;g&quot;),&quot;&amp;amp;amp;&quot;).replace(new RegExp(&#039;&quot;&#039;,&quot;g&quot;),&quot;&amp;amp;quot;&quot;).replace(new RegExp(&quot;&#039;&quot;,&quot;g&quot;),&quot;&amp;amp;#39;&quot;).replace(new RegExp(&quot;&amp;lt;&quot;,&quot;g&quot;),&quot;&amp;amp;lt;&quot;).replace(new RegExp(&quot;&amp;gt;&quot;,&quot;g&quot;),&quot;&amp;amp;gt;&quot;)}var n=e(&quot;sfr&quot;),r=n.cache,i=n.action,o=e(&quot;sf25/service/commonService&quot;),a=e(&quot;sf25/view/domRenderView&quot;),s=(e(&quot;sf25/utils/require&quot;),n.http),c=new o,u=r.using(&quot;commonViews&quot;),l=e(&quot;sf25/config&quot;);c.createTemplateStream=function(){return s.ajax(l.marryMeitu.baseUrl,{})},c.createView=function(){return new a},c.commonViewOptions={headBackground:&quot;#eb3e3f&quot;,headColor:&quot;#fff&quot;,headTitle:&quot;商家相册&quot;,headHeight:&quot;44px&quot;,customClassName:&quot;wa-meitu-polysemy-sf&quot;},c.create=n._.wrap(c.create,function(e,n,r,i){n.options.view=n.options.view||{},1===n.options.headStyle&amp;amp;&amp;amp;(n.options.view.customClassName=&quot;sfa-view-no-head&quot;,n.options.skipAllAnimation=!0);var o=t(n.options.headTitle||n.query.title||&quot;商家相册&quot;);return n.options.view.headTitle=o,e.call(this,n,r,i)}),c.attach=n._.wrap(c.attach,function(e,t,n,r){var i=(u.get(t.url),e.call(this,t,n,r));return i}),c.detach=n._.wrap(c.detach,function(e,t,n,r){var i=u.get(n.url);return i.$sfHead.find(&quot;.sfa-tool&quot;).off(&quot;click&quot;),e.call(this,t,n,r)}),c.name=l.marryMeitu.name,i.regist(&quot;/sf/marry/meitu/:poiId&quot;,c)}),define(&quot;sf25/service/mipService&quot;,[&quot;require&quot;,&quot;sf25/utils/require&quot;,&quot;sf25/view/ifsView&quot;,&quot;iframe-shell/loader&quot;,&quot;sfr&quot;,&quot;../../pmd/deps/detect&quot;,&quot;../../pmd/share/share&quot;,&quot;sf25/lib/mipperflog&quot;,&quot;sf25/lib/webbDisp&quot;,&quot;sf25/lib/cambrianBar&quot;,&quot;sf25/utils/viewLoading&quot;,&quot;sf25/lib/boxLog&quot;],function(e,t){function n(e,n){t([&quot;uiamd/bdbox/base&quot;,&quot;uiamd/bdbox/util&quot;],function(t,r){function i(){return t.isIOS&amp;amp;&amp;amp;1===t.version_compare(t.getVersion(),&quot;8.5.0&quot;)?!0:t.isAndroid&amp;amp;&amp;amp;t.version_compare(t.getVersion(),&quot;8.6&quot;)&amp;gt;=0?!0:!1}t.isBox&amp;amp;&amp;amp;(i()&amp;amp;&amp;amp;e===!0&amp;amp;&amp;amp;(e=!1,n=!0),r.fullScreen(e,n))})}function r(e){t([&quot;uiamd/bdbox/base&quot;],function(t){t.isIOS&amp;amp;&amp;amp;1===t.version_compare(t.getVersion(),&quot;8.5.0&quot;)&amp;amp;&amp;amp;t.ios.invokeApp(&quot;v5/browser/setfullscreen&quot;,{upgrade:0,fullscreen:e?1:0})})}function i(e){if(e&amp;amp;&amp;amp;e.length&amp;lt;8||0!==e.indexOf(&quot;http&quot;)&amp;amp;&amp;amp;0!==e.indexOf(&quot;//&quot;))return e;if(e.match(/^(https?\:)?\/\/mipcache.bdstatic.com/))return e.replace(/^https?\:/,&quot;&quot;);var t=&quot;//mipcache.bdstatic.com/c/&quot;;(0===e.indexOf(&quot;//&quot;)||0===e.indexOf(&quot;https&quot;))&amp;amp;&amp;amp;(t+=&quot;s/&quot;);var n=e.split(&quot;//&quot;);return n.shift(),e=n.join(&quot;//&quot;),t+e}function o(e){return N[e]=N[e]||{url:e}}function a(e){delete N[e]}function s(){j||(history.state?n(!0):n(!1,!0))}function c(){j||n(!1),r(!1)}function u(e){return e.replace(new RegExp(&quot;&amp;amp;&quot;,&quot;g&quot;),&quot;&amp;amp;amp;&quot;).replace(new RegExp(&#039;&quot;&#039;,&quot;g&quot;),&quot;&amp;amp;quot;&quot;).replace(new RegExp(&quot;&#039;&quot;,&quot;g&quot;),&quot;&amp;amp;#39;&quot;).replace(new RegExp(&quot;&amp;lt;&quot;,&quot;g&quot;),&quot;&amp;amp;lt;&quot;).replace(new RegExp(&quot;&amp;gt;&quot;,&quot;g&quot;),&quot;&amp;amp;gt;&quot;)}function l(e,t,n,r){e.logger=new C({userClickTime:n,sfMipStartTime:n},r),e.logger.params.src=w(t.url),e.logger.params.qid=t.lid,e.logger.setSendTimeout(5e3),e.loader.on(&quot;mip-performance_update&quot;,function(t,n){I.close(e.view.$SceneView),e.mipCanPerf=!0,e.logger.updateTiming(n.data)}),e.loader.on(&quot;mip-mippageload&quot;,function(){I.close(e.view.$SceneView),e.logger.duration.ltm=Date.now()-n}),setTimeout(function(){I.close(e.view.$SceneView)},5e3)}function d(e){e.loader.on(&quot;mip-urljump&quot;,function(e,t){location.href=t.data.url}),e.loader.on(&quot;mip-mibm-jumplink&quot;,function(e,t){g(t)}),e.loader.on(&quot;mip-mip_video_jump&quot;,v),e.loader.on(&quot;mip-loadiframe&quot;,m.bind(this,e))}function f(e){e.loader.on(&quot;mip-mipscroll&quot;,function(t,n){var i=n.data.direct;r(1===i?!0:!1),setTimeout(function(){e.afterResize()})})}function p(e,t,n){e.view=new _,e.view.enterAnimate=!1,t&amp;amp;&amp;amp;t.options&amp;amp;&amp;amp;&quot;history&quot;!==t.options.src&amp;amp;&amp;amp;&quot;back&quot;!==t.options.src&amp;amp;&amp;amp;&quot;sync&quot;!==t.options.src?e.view.enterAnimate=!0:t||n||(e.view.enterAnimate=!0),e.view.viewer=e.loader.viewer,O&amp;amp;&amp;amp;O.os&amp;amp;&amp;amp;&quot;ios&quot;===O.os.n&amp;amp;&amp;amp;e.view.viewer.iframe.setAttribute(&quot;scrolling&quot;,&quot;no&quot;)}function h(e){e.view.render(),e.view.renderBody(),$(e.loader.viewer.iframe).css({opacity:0}),e.loader.attach()}function m(e,t,n){var r=n.data,i=4;(r.sfhs||0===r.sfhs)&amp;amp;&amp;amp;(i=parseInt(r.sfhs,10));var o=r.click||{};if(&quot;object&quot;!=typeof o)try{o=JSON.parse(o)}catch(a){o={}}var s={view:{_hold:2}},c=&quot;redirect&quot;;o&amp;amp;&amp;amp;(0===o.anim&amp;amp;&amp;amp;(s.view.useAnimate=!1),1===o.replace&amp;amp;&amp;amp;(c=&quot;reset&quot;));var u=B[r.enc];&quot;function&quot;!=typeof u&amp;amp;&amp;amp;(u=B.mip);var l=u(r),d=b(l);if(e.restful&amp;amp;&amp;amp;d)s.lid=e.ext.lid,r.title&amp;amp;&amp;amp;(s.title=r.title),T[c](&quot;/mip&quot;+d,null,s);else{var f={word:e.uri.query.word,mod:0,tn:&quot;normal&quot;,pd:&quot;mms_mip&quot;,actname:&quot;act_sf_mip&quot;,title:r.title,top:JSON.stringify({sfhs:i}),ext:JSON.stringify({url:l,lid:e.ext.lid,hSt:e.ext.hSt}),ms:1};T[c](&quot;/mip&quot;,f,s)}}function g(e){n(!1);var t=e.data&amp;amp;&amp;amp;e.data.url;if(t){if(1===e.data.isMipNotFind)return void location.replace(decodeURIComponent(t));if(e.data.custom){var r=e.data.custom;r.sfname=&quot;activity/iframe/mip_iframe&quot;,r.srcid=e.data.srcid,t+=&quot;&amp;amp;clk_info=&quot;+encodeURIComponent(JSON.stringify(r))}location.href=t}}function v(e,t){var n={poster:t.data.poster,src:t.data.src},r={pd:&quot;mms_mipvideo&quot;,title:&quot;%E8%A7%86%E9%A2%91&quot;,actname:&quot;act_mip_video2&quot;,ext:encodeURIComponent(JSON.stringify(n))};t.data.url=function(e){var t=&quot;http://transcoder.baidu.com/sf?&quot;;for(var n in e)e.hasOwnProperty(n)&amp;amp;&amp;amp;(t+=n+&quot;=&quot;+e[n]+&quot;&amp;amp;&quot;);return t}(r),g(t)}function w(e){return e?e.replace(&quot;//mipcache.bdstatic.com/c/s/&quot;,&quot;https://&quot;).replace(&quot;//mipcache.bdstatic.com/c/&quot;,&quot;http://&quot;):&quot;&quot;}function b(e){var t=&quot;//mipcache.bdstatic.com/&quot;;if(0!==e.indexOf(t))return!1;var n=e.slice(t.length),r=encodeURIComponent(n);r=r.replace(/%2F/g,&quot;/&quot;);for(var i=0;i&amp;lt;r.length;i++){var o=r.charAt(i),a=r.charAt(i+1);if(&quot;/&quot;!==o||&quot;/&quot;===a)for(;&quot;/&quot;===r.charAt(i)&amp;amp;&amp;amp;i&amp;lt;r.length;)r=r.slice(0,i)+&quot;%2F&quot;+r.slice(i+1),i+=3}return&quot;/&quot;+r}function y(e){var t=e.replace(new RegExp(&quot;/&quot;,&quot;g&quot;),&quot;%2F&quot;);return decodeURIComponent(t)}function x(e,t){var n=new RegExp(&quot;\\?.*&quot;+t+&quot;=([^&amp;amp;]*)(&amp;amp;|$)&quot;),r=n.exec(e);return r?decodeURIComponent(r[1]):&quot;&quot;}var _=e(&quot;sf25/view/ifsView&quot;),k=e(&quot;iframe-shell/loader&quot;),S=e(&quot;sfr&quot;),T=S.action,A=S.service,O=e(&quot;../../pmd/deps/detect&quot;),E=e(&quot;../../pmd/share/share&quot;),C=e(&quot;sf25/lib/mipperflog&quot;),q=e(&quot;sf25/lib/webbDisp&quot;),R=e(&quot;sf25/lib/cambrianBar&quot;),I=e(&quot;sf25/utils/viewLoading&quot;),U=e(&quot;sf25/lib/boxLog&quot;),j=window.page&amp;amp;&amp;amp;page.comm&amp;amp;&amp;amp;page.comm.actname&amp;amp;&amp;amp;&quot;act_sf_mip&quot;===page.comm.actname,M=!0,D=&quot;&quot;;try{D=S._.get(page,&quot;comm.sampleval.WISE_TPL_COMMON_SAMPLE_FLAG&quot;)}catch(L){}var P=new A;P.name=&quot;sf-mip&quot;;var N={};P.create=function(e,t,n){U.start(e);var r=Date.now(),i=o(e.url),a={};try{a=JSON.parse(e.query.ext)}catch(c){a.lid=e.options.lid;var h=e.path.replace(/^\/mip/,&quot;&quot;).replace(/\?.*$/,&quot;&quot;);h=y(h),a.url=&quot;//mipcache.bdstatic.com&quot;+h;var m=h.match(/^\/c(?:\/s)?\/([^\/]*)\//);window.page&amp;amp;&amp;amp;page.title?i.title=page.title:e.options.title?i.title=e.options.title:m&amp;amp;&amp;amp;m[1]&amp;amp;&amp;amp;(i.title=m[1]),i.restful=!0}i.ext=a,i.uri=e;var g=e.options.tcUrl||decodeURIComponent(a.url)||&quot;&quot;,v=&quot;&quot;;if(e.options.mipCustomHash)try{v=decodeURIComponent(e.options.mipCustomHash)}catch(c){v=unescape(e.options.mipCustomHash)}if(page&amp;amp;&amp;amp;page.comm){var b=page.comm.eqid||x(document.referrer,&quot;eqid&quot;),_=page.comm.query||x(document.referrer,&quot;word&quot;);if(b||_){var S=&quot;&quot;;b&amp;amp;&amp;amp;(S+=&quot;&amp;amp;eqid=&quot;+encodeURIComponent(b)),_&amp;amp;&amp;amp;-1===v.indexOf(&quot;word=&quot;)&amp;amp;&amp;amp;(S+=&quot;&amp;amp;word=&quot;+encodeURIComponent(_)),v?v+=S:v=&quot;#&quot;+S.slice(1)}v&amp;amp;&amp;amp;(g+=v)}M&amp;amp;&amp;amp;((new Image).src=g),i.loader=new k({url:g,useMipCache:!1,viewer:{target:document.createElement(&quot;div&quot;)}}),i.title=e.query.title||i.title||&quot;&quot;;try{i.titleExtra=JSON.parse(i.title),i.title=i.titleExtra.title}catch(c){}i.title=u(i.title),i.afterResize=function(){setTimeout(function(){i.view.resize()},50)},l(i,a,r,n),d(i),f(i),i.loader.create(),p(i,e,t),s();var T=i.view.create($.extend({headTitle:i.title,headStyle:4},e.options));i.originUrl=w(i.ext.url);try{R.setup(i)}catch(c){console.error(c)}return T},P.attach=function(e,t,n){q.start(e,n);var r=o(e.url);h(r),$(window).on(&quot;pageshow&quot;,s),$(window).on(&quot;beforeunload&quot;,c),$(window).on(&quot;resize&quot;,r.afterResize),setTimeout(function(){$(r.loader.viewer.iframe).animate({opacity:1},300,function(){q.domready({vw:{container:r.loader.viewer.iframe}},e,n),r.afterResize()})},50),r.view.attach(e,t),r.view.setHeadActionIcons([{icon:&quot;&amp;amp;#xe642;&quot;,click:function(){var e={url:location.href.toString().replace(&quot;tn=normal&quot;,&quot;tn=nohead&quot;),title:r.title||&quot;&quot;,content:&quot;&quot;,loginfo:{clk_from:&quot;mms_mip&quot;}},t=new E(e);t.popup()}}])},P.detach=function(e,t,n){q.stop(t,n),U.stop(t);var r=o(t.url);return $(window).off(&quot;pageshow&quot;,s),$(window).off(&quot;beforeunload&quot;,c),$(window).off(&quot;resize&quot;,r.afterResize),&quot;&quot;+e.pathPattern!=&quot;/^\\/mip/&quot;&amp;amp;&amp;amp;c(),r.view.detach(e,t)},P.destroy=function(e,t){var n=o(t.url);return n.view.exitAnimate=!1,e&amp;amp;&amp;amp;e.options&amp;amp;&amp;amp;&quot;back&quot;===e.options.src?n.view.exitAnimate=!0:e||t||(n.view.exitAnimate=!0),n.view.destroy(e,t).then(function(){n.loader.detach(),n.loader.destroy(),a(t.url)})};var B={mip:function(e){var t=e.url||&quot;&quot;,n=0===t.indexOf(&quot;//&quot;)||0===t.indexOf(&quot;https&quot;);return t&amp;amp;&amp;amp;2!==e.pageType||!n?i(e.url):e.url||&quot;&quot;}},F=e(&quot;sfr&quot;).action;F.regist(/^\/mip/,P)}),define(&quot;sf25/service/novelService&quot;,[&quot;require&quot;,&quot;sfr&quot;,&quot;sf25/config&quot;,&quot;sf25/service/commonService&quot;,&quot;sf25/view/novelView&quot;],function(e){var t=e(&quot;sfr&quot;),n=e(&quot;sf25/config&quot;).novel,r=t.action,i=e(&quot;sf25/service/commonService&quot;),o=e(&quot;sf25/view/novelView&quot;),a=t.http,s=new i;s.createTemplateStream=function(e){var t=e.url,n=t.indexOf(&quot;#&quot;);return n&amp;gt;-1&amp;amp;&amp;amp;(t=t.substr(0,n)),t+=/\?/.test(t)?&quot;&amp;amp;&quot;:&quot;?&quot;,t+=&quot;sfr=true&quot;,a.ajax(t)},s.createView=function(){var e=new o,t=e.prepareRender;return e.prepareRender=function(){t.call(this),this.renderer.clientFunction=function(e){return[&quot;function (vw, page) {&quot;,&quot;    var Bdbox = page.Bdbox;&quot;,&quot;    var require = page.require;&quot;,&quot;    var define = page.define;&quot;,e,&quot;}&quot;].join(&quot;\n&quot;)}},e},s.create=t._.wrap(s.create,function(e,t,n,r){return t.options.view=t.options.view||{},t.options.view.customClassName=&quot;sfa-view-no-head&quot;,e.call(this,t,n,r)}),s.name=n.name,r.regist(&quot;/tcx&quot;,s)}),define(&quot;sf25/service/paiService&quot;,[&quot;require&quot;,&quot;sf25/config&quot;,&quot;sfr&quot;,&quot;sf25/service/commonService&quot;,&quot;sf25/resource/template&quot;],function(e){var t=e(&quot;sf25/config&quot;).pai,n=e(&quot;sfr&quot;).action,r=e(&quot;sf25/service/commonService&quot;),i=e(&quot;sf25/resource/template&quot;),o=t.baseUrl,a=new r;a.commonViewOptions={customClassName:&quot;zd-sf-p&quot;,headTitle:&#039;&amp;lt;p class=&quot;&amp;amp;quot;header-title&amp;amp;quot;&quot;&amp;gt;&amp;lt;span class=&quot;&amp;amp;quot;logo&amp;amp;quot;&quot;&amp;gt;&amp;lt;/span&amp;gt;&amp;lt;/p&amp;gt;&amp;lt;div class=&quot;&amp;amp;quot;share-wrap&amp;amp;quot;&quot;&amp;gt;&amp;lt;/div&amp;gt;&#039;,_hold:2,headBackground:&quot;#fff&quot;,headColor:&quot;#333&quot;},a.createTemplateStream=function(e){var t=o+&quot;/question/&quot;+e.params.qid+&quot;?mod=1&quot;;return i.createReadStream(t,{xhrFields:{withCredentials:!0}})},n.regist(&quot;/sf_p/question/:qid&quot;,a)}),define(&quot;sf25/service/sceneService&quot;,[&quot;require&quot;,&quot;sfr&quot;,&quot;sf25/view/viewFactory&quot;,&quot;sf25/resource/sceneResource&quot;,&quot;sf25/lib/monitor&quot;,&quot;uiamd/bdbox/util&quot;,&quot;sf25/utils/viewLoading&quot;,&quot;sf25/lib/boxLog&quot;],function(e){function t(e){return e.event&amp;amp;&amp;amp;&quot;object&quot;==typeof page&amp;amp;&amp;amp;page.utils&amp;amp;&amp;amp;page.utils.getEventSignature?page.utils.getEventSignature(e.event):void 0}var n=e(&quot;sfr&quot;),r=n.cache,i=e(&quot;sf25/view/viewFactory&quot;),o=e(&quot;sf25/resource/sceneResource&quot;),a=e(&quot;sf25/lib/monitor&quot;),s=e(&quot;uiamd/bdbox/util&quot;),c=e(&quot;sf25/utils/viewLoading&quot;),u=e(&quot;sf25/lib/boxLog&quot;),l=n.service,d=new l,f=r.create(&quot;sceneState&quot;,{limit:20});d.name=&quot;scene&quot;;var p=function(e){var t=f.get(e);return t&amp;amp;&amp;amp;t.scrollY||0},h=function(e,t){var n=f.get(e)||{};n.scrollY=t,f.set(e,n)};d.getResource=function(e,n,r){var i=e.url,a=t(r);return a&amp;amp;&amp;amp;(i+=&quot;&amp;amp;sig=&quot;+a),o.getInstance(i,&quot;&amp;amp;mod=1&quot;)},d.getUpdateResource=function(e,t){return o.getInstance(t.to.url,&quot;&amp;amp;mod=5&amp;amp;p_type=1&quot;)},d.create=function(e,t,n){if(a.start(e),u.start(e),e.options&amp;amp;&amp;amp;&quot;sync&quot;===e.options.src)return this.lastSyncPage=e.url,void window.view.trigger(&quot;start&quot;);if(this.lastSyncPage===e.url)return void window.view.trigger(&quot;start&quot;);var r=i.create(e.url),o=$.extend({headTitle:e.query.title||e.query.word||&quot;&quot;,headStyle:e.query.top?$.parseJSON(e.query.top).sfhs:0},e.options&amp;amp;&amp;amp;e.options.view);r.enterAnimate=!1;var c=e&amp;amp;&amp;amp;e.options&amp;amp;&amp;amp;e.options.src;return o.useAnimate!==!1&amp;amp;&amp;amp;(&quot;history&quot;!==c&amp;amp;&amp;amp;&quot;back&quot;!==c&amp;amp;&amp;amp;&quot;sync&quot;!==c?r.enterAnimate=!0:e||t||(r.enterAnimate=!0)),e&amp;amp;&amp;amp;e.query&amp;amp;&amp;amp;e.query.actname&amp;amp;&amp;amp;&quot;act_sf_mip&quot;===e.query.actname&amp;amp;&amp;amp;s.fullScreen(!0),this.getResource(e,t,n).getPage(!0),r.create(o,e,t)},d.attach=function(e,t,n){if((!e.options||&quot;sync&quot;!==e.options.src)&amp;amp;&amp;amp;this.lastSyncPage!==e.url){var r;return this.getResource(e,t,n).getPage().catch(function(t){var n=t.status;if(&quot;number&quot;!=typeof n&amp;amp;&amp;amp;(n=t.code||901),console.error(&quot;RenderError, redirecting...&quot;,t),&quot;sync&quot;!==e.options.src){var r=location.search+(location.search?&quot;&amp;amp;&quot;:&quot;?&quot;);r+=&quot;sfr_fb=&quot;+n;var i=location.protocol+&quot;//&quot;+location.host+location.pathname+r+location.hash;location.replace(i)}}).then(function(n){return r=i.get(e.url),r.attach(e,t),r.rendered?!1:(r.rendered=!0,r.renderBody(n,e),!0)}).then(function(t){c.close(r.$SceneView),r.$SceneView.css({position:&quot;static&quot;,height:&quot;auto&quot;,&quot;-webkit-transform&quot;:&quot;none&quot;,transform:&quot;none&quot;});var n=p(e.url),i=e&amp;amp;&amp;amp;e.options&amp;amp;&amp;amp;e.options.src;&quot;back&quot;!==i&amp;amp;&amp;amp;&quot;history&quot;!==i||!n?scrollTo(0,0):scrollTo(0,n),setTimeout(function(){r.$sfHead.css({&quot;-webkit-transform&quot;:&quot;none&quot;,transform:&quot;none&quot;})},0);var o=r.globals.view;o&amp;amp;&amp;amp;(t?o.one(&quot;domready&quot;,function(){o.trigger(&quot;start&quot;)}):o.trigger(&quot;start&quot;))}).catch(function(e){throw console.error(e,e.stack),e})}},d.update=function(e,t){var n=i.get(e.url);return n?(n.renderBody(null,t.extra),c.show(n.$SceneView)):($(t.extra.container).html(&quot;&quot;),c.show($(&quot;#sfa-page&quot;))),t.extra.view.trigger(&quot;destroy&quot;),this.getUpdateResource(e,t).getPage().then(function(e){n?(c.close(n.$SceneView),n.renderBody(e,t.extra)):(c.close($(&quot;#sfa-page&quot;)),i.proto.renderBody.call({globals:{}},e,t.extra))})},d.detach=function(e,t){h(t.url,window.scrollY),a.stop(t),u.stop(t);var n=i.get(t.url);return n?n.detach(e,t):void 0},d.destroy=function(e,t){var n=i.get(t.url);return n?(n.globals.view&amp;amp;&amp;amp;n.globals.view.trigger(&quot;stop&quot;),n.exitAnimate=!1,e&amp;amp;&amp;amp;e.options&amp;amp;&amp;amp;&quot;back&quot;===e.options.src?n.exitAnimate=!0:e||t||(n.exitAnimate=!0),n.exitAnimate&amp;amp;&amp;amp;scrollTo(0,p(e.url)),i.destroy({from:t,to:e})):void(window.view&amp;amp;&amp;amp;window.view.trigger(&quot;stop&quot;))};var m=function(){};return m.prototype=d,m.prototype.constructor=m,n.action.regist(&quot;/sf&quot;,new m),m}),define(&quot;sf25/service/tabService&quot;,[&quot;require&quot;,&quot;sfr&quot;,&quot;sf25/view/tabView&quot;,&quot;sf25/utils/viewManager&quot;,&quot;sf25/lib/monitor&quot;,&quot;sf25/utils/tabViewLoading&quot;],function(e){function t(e){return e.event&amp;amp;&amp;amp;&quot;object&quot;==typeof page&amp;amp;&amp;amp;page.utils&amp;amp;&amp;amp;page.utils.getEventSignature?page.utils.getEventSignature(e.event):void 0}var n=e(&quot;sfr&quot;),r=n.promise,i=n.cache,o=e(&quot;sf25/view/tabView&quot;),a=e(&quot;sf25/utils/viewManager&quot;),s=e(&quot;sf25/lib/monitor&quot;),c=e(&quot;sf25/utils/tabViewLoading&quot;),u=n.service,l=new u,d=i.create(&quot;tabState&quot;,{limit:20});l.name=&quot;tab&quot;;var f=new a(o),p=function(e){var t=d.get(e);return t&amp;amp;&amp;amp;t.scrollY||0},h=function(e,t){var n=d.get(e)||{};n.scrollY=t,d.set(e,n)};l.getResourceURL=function(e,n,r){var i=e.url,o=t(r);return o&amp;amp;&amp;amp;(i+=&quot;&amp;amp;sig=&quot;+o),i+&quot;&amp;amp;mod=1&quot;},l.getUpdateResourceURL=function(e,t){return t.to.url+&quot;&amp;amp;mod=5&amp;amp;p_type=1&quot;},l.create=function(e,t,n){if(e.url!==t.url){s.start(e);var r=f.getOrCreate(e.url),i=$.extend({headTitle:e.query.title||e.query.word||&quot;&quot;,headStyle:e.query.top?$.parseJSON(e.query.top).sfhs:0},e.options&amp;amp;&amp;amp;e.options.view);return r.enterAnimate=!1,i.url=this.getResourceURL(e,t,n),$(window).trigger(&quot;tabSwitch&quot;,e),&quot;/sf&quot;===t.pathPattern&amp;amp;&amp;amp;$(&quot;#page-hd&quot;).show(),r.create(i,e,t).then(function(){r.$mainView.css({minHeight:$(window).height()-$(&quot;#page-hd&quot;).height()})})}},l.attach=function(e,t){if(e.url!==t.url){var n;return r.resolve({}).then(function(){n=f.get(e.url),n.attach(e,t)}).then(function(){var t=p(e.url),r=e&amp;amp;&amp;amp;e.options&amp;amp;&amp;amp;e.options.src;&quot;back&quot;!==r&amp;amp;&amp;amp;&quot;history&quot;!==r||!t?scrollTo(0,0):scrollTo(0,t),setTimeout(function(){try{n.$sfHead.css({&quot;-webkit-transform&quot;:&quot;none&quot;,transform:&quot;none&quot;})}catch(e){}},0)}).catch(function(e){throw console.error(e,e.stack),e})}},l.update=function(e,t){var i,o=e.url,a=f.get(e.url);i=a?a.$mainView:$(&quot;#sfa-page&quot;),c.show(i);var s=new r(function(e){a.$sfBody.one(&quot;partial-updated&quot;,function(){e()})});return t.extra.options={disableFadein:!0},a.$sfBody[0].fusion.partialUpdate(this.getUpdateResourceURL(e,t),t.extra),s.then(function(){c.close(i),n.action.reset(o,null,{slient:!0})})},l.detach=function(e,t){if(e.url!==t.url){h(t.url,window.scrollY),s.stop(t);var n=f.get(t.url);return n.detach(e,t)}},l.destroy=function(e,t){if(e.url!==t.url){var n=f.get(t.url);n.exitAnimate=!1,n.exitAnimate&amp;amp;&amp;amp;scrollTo(0,p(e.url));var r={from:t,to:e},i=t.url;return r.from.options&amp;amp;&amp;amp;(r.from.options.view=r.from.options.view?r.from.options.view:{},r.from.options.view._hold=r.from.query.top&amp;amp;&amp;amp;$.parseJSON(r.from.query.top)._hold?$.parseJSON(r.from.query.top)._hold:r.from.options.view._hold&amp;gt;1?r.from.options.view._hold:1,r.from.options.view._hold=2),r.from.options&amp;amp;&amp;amp;r.from.options.view&amp;amp;&amp;amp;1!==r.from.options.view._hold&amp;amp;&amp;amp;f.remove(i),&quot;/sf&quot;===e.pathPattern&amp;amp;&amp;amp;$(&quot;#page-hd&quot;).hide(),n&amp;amp;&amp;amp;n.destroy(r.to,r.from)}},l.getContainer=function(e){var t=f.get(e.url);return t.$mainView};var m=function(){};return m.prototype=l,m.prototype.constructor=m,n.action.regist(&quot;/sf/vsearch&quot;,new m),m}),define(&quot;sf25/service/tcdom&quot;,[&quot;require&quot;,&quot;sfr&quot;,&quot;sf25/config&quot;,&quot;sf25/service/commonService&quot;,&quot;sf25/view/domRenderView&quot;,&quot;sf25/utils/require&quot;],function(e){function t(e){return e.replace(new RegExp(&quot;&amp;amp;&quot;,&quot;g&quot;),&quot;&amp;amp;amp;&quot;).replace(new RegExp(&#039;&quot;&#039;,&quot;g&quot;),&quot;&amp;amp;quot;&quot;).replace(new RegExp(&quot;&#039;&quot;,&quot;g&quot;),&quot;&amp;amp;#39;&quot;).replace(new RegExp(&quot;&amp;lt;&quot;,&quot;g&quot;),&quot;&amp;amp;lt;&quot;).replace(new RegExp(&quot;&amp;gt;&quot;,&quot;g&quot;),&quot;&amp;amp;gt;&quot;)}var n=e(&quot;sfr&quot;),r=e(&quot;sf25/config&quot;).tc,i=n.cache,o=n.action,a=e(&quot;sf25/service/commonService&quot;),s=e(&quot;sf25/view/domRenderView&quot;),c=e(&quot;sf25/utils/require&quot;),u=n.http,l=new a;l.name=&quot;tc&quot;;var d=i.using(&quot;commonViews&quot;);l.createTemplateStream=function(e){return u.ajax(r.baseUrl+e.url,{xhrFields:{withCredentials:!0}})},l.createView=function(){return new s},l.create=n._.wrap(l.create,function(e,n,r,i){n.options.view=n.options.view||{},1===n.options.headStyle&amp;amp;&amp;amp;(n.options.view.customClassName=&quot;sfa-view-no-head&quot;,n.options.skipAllAnimation=!0);var o=t(n.options.headTitle||n.query.title||&quot;百度转码&quot;);return n.options.view.headTitle=o,e.call(this,n,r,i)}),l.attach=n._.wrap(l.attach,function(e,t,n,i){var o=d.get(t.url),a=e.call(this,t,n,i);return o.$sfHead.find(&quot;.sfa-tool&quot;).html(&#039;&amp;lt;i class=&quot;c-icon&quot;&amp;gt;&amp;amp;#xe651&amp;lt;/i&amp;gt;&#039;),c([&quot;pmd/share/share&quot;],function(e){o.$sfHead.find(&quot;.sfa-tool&quot;).click(function(){var n={url:page.utils.link.getShareTcUrl({url:r.baseUrl+t.url,loginfo:{clk_from:&quot;transcoder_sf&quot;}}),title:t.options.view.headTitle||&quot;&quot;,content:&quot;&quot;,loginfo:{clk_from:&quot;transcoder_sf&quot;}},i=new e(n);i.popup()})}),a}),l.detach=n._.wrap(l.detach,function(e,t,n,r){var i=d.get(n.url);return i.$sfHead.find(&quot;.sfa-tool&quot;).off(&quot;click&quot;),e.call(this,t,n,r)}),o.regist(/.*\/tc$/,l)}),define(&quot;sf25/service/tcservice&quot;,[&quot;require&quot;,&quot;sf25/utils/require&quot;,&quot;../../pmd/deps/detect&quot;,&quot;sf25/config&quot;,&quot;sfr&quot;,&quot;sf25/view/ifsView&quot;,&quot;iframe-shell/loader&quot;],function(e,t){function n(e,n){t([&quot;uiamd/bdbox/util&quot;],function(t){i&amp;amp;&amp;amp;i.os&amp;amp;&amp;amp;&quot;android&quot;===i.os.n&amp;amp;&amp;amp;t.fullScreen(e,n)})}function r(e){return e.replace(new RegExp(&quot;&amp;amp;&quot;,&quot;g&quot;),&quot;&amp;amp;amp;&quot;).replace(new RegExp(&#039;&quot;&#039;,&quot;g&quot;),&quot;&amp;amp;quot;&quot;).replace(new RegExp(&quot;&#039;&quot;,&quot;g&quot;),&quot;&amp;amp;#39;&quot;).replace(new RegExp(&quot;&amp;lt;&quot;,&quot;g&quot;),&quot;&amp;amp;lt;&quot;).replace(new RegExp(&quot;&amp;gt;&quot;,&quot;g&quot;),&quot;&amp;amp;gt;&quot;)}var i=e(&quot;../../pmd/deps/detect&quot;),o=e(&quot;sf25/config&quot;).tc,a=e(&quot;sfr&quot;).action,s=e(&quot;sf25/view/ifsView&quot;),c=e(&quot;iframe-shell/loader&quot;),u=e(&quot;sfr&quot;),l=u.service,d=new l,f={},p=function(e){return f[e]=f[e]||{}},h=function(){n(!1,!0)},m=function(){n(!1)};d.create=function(e){var t=p(e.url);t.url=e.url,t.loader=new c({url:o.baseUrl+e.url,useMipCache:!1,viewer:{target:document.createElement(&quot;div&quot;)}}),t.title=r(e.options.headTitle||e.query.title||&quot;百度转码&quot;),t.afterResize=function(){setTimeout(function(){t.view.resize()},50)},t.loader.on(&quot;mip-mibm-jumplink&quot;,function(e,t){n(!1),location.href=t.url}),t.view=new s,t.view.enterAnimate=!1,t.loader.create(),t.view.viewer=t.loader.viewer,setTimeout(function(){t.view.render(),t.view.renderBody(),$(t.loader.viewer.iframe).css({opacity:0}),t.loader.attach(),t.afterResize()});var a={headTitle:t.title,customClassName:&quot;sfc-act-sf-tc-view&quot;};return i&amp;amp;&amp;amp;i.os&amp;amp;&amp;amp;&quot;android&quot;!==i.os.n&amp;amp;&amp;amp;(a.boxNoFullScreen=!0),t.view.create($.extend(a,e.options))},d.attach=function(e,n){var r=p(e.url);h(),window.$(window).on(&quot;pageshow&quot;,h),window.$(window).on(&quot;beforeunload&quot;,m),window.$(window).on(&quot;resize&quot;,r.afterResize),r.view.resize(),setTimeout(function(){$(r.loader.viewer.iframe).animate({opacity:1},300)},50),r.view.attach(e,n),t([&quot;pmd/share/share&quot;],function(e){r.view.$sfHead.find(&quot;.sfa-tool&quot;).html(&#039;&amp;lt;i class=&quot;c-icon&quot;&amp;gt;&amp;amp;#xe651&amp;lt;/i&amp;gt;&#039;).click(function(){var t={url:page.utils.link.getShareTcUrl({url:o.baseUrl+r.url,loginfo:{clk_from:&quot;transcoder_sf&quot;}}),title:r.title||&quot;&quot;,content:&quot;&quot;,loginfo:{clk_from:&quot;transcoder_sf&quot;}},n=new e(t);n.popup()})})},d.detach=function(e,t){window.$(window).off(&quot;pageshow&quot;,h),window.$(window).off(&quot;beforeunload&quot;,m);var n=p(t.url);return n.loader.detach(),window.$(window).off(&quot;resize&quot;,n.afterResize),n.view.detach(e,t)},d.destroy=function(e,t){var n=p(t.url);return n.view.exitAnimate=!1,n.loader.destroy(),n.view.destroy()},a.regist(/.*\/tc$/,d)}),define(&quot;sf25/service/wenku/gaokaoService&quot;,[&quot;require&quot;,&quot;sfr&quot;,&quot;sf25/service/commonService&quot;,&quot;sf25/resource/template&quot;,&quot;sf25/view/commonView&quot;,&quot;fusion/deps/spark&quot;,&quot;sf25/config&quot;],function(e){function t(e,t){var n=e+t,r=n.indexOf(&quot;#&quot;);return r&amp;gt;-1&amp;amp;&amp;amp;(n=n.substr(0,r)),n}function n(e,t){function n(){c.css({&quot;-webkit-transform&quot;:&quot;translate3d(100%, 0, 0)&quot;,transform:&quot;translate3d(100%, 0, 0)&quot;}).appendTo(&quot;body&quot;),s.css3(c[0],{opacity:1,&quot;-webkit-transform&quot;:&quot;translate3d(0, 0, 0)&quot;,transform:&quot;translate3d(0, 0, 0)&quot;},300,&quot;ease&quot;,0,r)}function r(){$.isFunction(t)&amp;amp;&amp;amp;t()}var i=$(window),o=i.width(),a=i.height(),c=$(&quot;&amp;lt;div&amp;gt;&amp;lt;/div&amp;gt;&quot;).css({display:&quot;block&quot;,position:&quot;fixed&quot;,left:0,top:0,width:o,height:a,overflow:&quot;hidden&quot;,opacity:0,background:&quot;#fff&quot;,zIndex:600}),u=$(e.container);u.css(&quot;visibility&quot;,&quot;hidden&quot;),e.once(&quot;beforeRender&quot;,function(){u.css(&quot;visibility&quot;,&quot;visible&quot;),c.hide()}),$([&#039;&amp;lt;div class=&quot;c-container&quot;&amp;gt;&#039;,&#039;&amp;lt;div class=&quot;c-loading&quot;&amp;gt;&#039;,&#039;&amp;lt;i class=&quot;c-icon&quot;&amp;gt;&amp;amp;#xe780&amp;lt;/i&amp;gt;&#039;,&quot;&amp;lt;p&amp;gt;加载中…&amp;lt;/p&amp;gt;&quot;,&quot;&amp;lt;/div&amp;gt;&quot;,&quot;&amp;lt;/div&amp;gt;&quot;].join(&quot;&quot;)).css({position:&quot;absolute&quot;,left:0,top:100,width:&quot;100%&quot;,height:&quot;100%&quot;,boxSizing:&quot;border-box&quot;}).appendTo(c),n()}var r=e(&quot;sfr&quot;),i=e(&quot;sf25/service/commonService&quot;),o=e(&quot;sf25/resource/template&quot;),a=e(&quot;sf25/view/commonView&quot;),s=e(&quot;fusion/deps/spark&quot;),c=e(&quot;sf25/config&quot;),u=new i;return u.commonViewOptions={customClassName:&quot;sf-edu-gaokao&quot;,headBackground:&quot;transparent&quot;,headColor:&quot;transparent&quot;,headHeight:&quot;0&quot;,headTitle:&quot;&quot;,backHtml:&quot;&quot;},u.createTemplateStream=function(e){var n=t(c.gaokao.baseUrl,e.url.split(&quot;sf_edu_gaokao&quot;)[1]);return n+=n.match(/\?/)?&quot;&amp;amp;sf_mod=1&quot;:&quot;?sf_mod=1&quot;,o.createReadStream(n,{xhrFields:{withCredentials:!0}})},u.createView=function(){var e=new a,t=e.vw;return e.startEnterAnimate=function(){var e=new $.Deferred;return n(t,function(){e.resolve()}),e.promise()},e},u.name=c.gaokao.name,r.action.regist(/^\/sf_edu_gaokao\//,u),u}),define(&quot;sf25/service/wenku/gonglveService&quot;,[&quot;require&quot;,&quot;sfr&quot;,&quot;sf25/service/commonService&quot;,&quot;sf25/resource/template&quot;,&quot;sf25/view/commonView&quot;,&quot;fusion/deps/spark&quot;,&quot;sf25/config&quot;],function(e){function t(e,t){var n=e+t,r=n.indexOf(&quot;#&quot;);return r&amp;gt;-1&amp;amp;&amp;amp;(n=n.substr(0,r)),n}function n(e,t){function n(){s.css3(p[0],{opacity:1},250,&quot;ease&quot;,0,r)}function r(){var e=c/f;p.css({&quot;transform-origin&quot;:&quot;50% 50% 0&quot;,&quot;-webkit-transform-origin&quot;:&quot;50% 50% 0&quot;}),s.css3(p[0],{transfrom:&quot;scale(1,&quot;+e+&quot;)&quot;,&quot;-webkit-transform&quot;:&quot;scale(1,&quot;+e+&quot;)&quot;},250,&quot;ease&quot;,0,i)}function i(){d.appendTo(u),$.isFunction(t)&amp;amp;&amp;amp;t()}var o=$(window),a=o.width(),c=o.height(),u=$(&quot;&amp;lt;div&amp;gt;&amp;lt;/div&amp;gt;&quot;).css({position:&quot;fixed&quot;,left:0,top:0,width:a,height:c,zIndex:600}),l=$(e.container);l.css(&quot;visibility&quot;,&quot;hidden&quot;),e.once(&quot;beforeRender&quot;,function(){l.css(&quot;visibility&quot;,&quot;visible&quot;),u.hide()}),$(&quot;&amp;lt;div&amp;gt;&amp;lt;/div&amp;gt;&quot;).css({position:&quot;absolute&quot;,left:0,top:0,width:&quot;100%&quot;,height:&quot;100%&quot;,background:&quot;rgba(0,0,0,.2)&quot;}).prependTo(u);var d=$([&#039;&amp;lt;div class=&quot;c-container&quot;&amp;gt;&#039;,&#039;&amp;lt;div class=&quot;c-loading&quot;&amp;gt;&#039;,&#039;&amp;lt;i class=&quot;c-icon&quot;&amp;gt;&amp;amp;#xe780&amp;lt;/i&amp;gt;&#039;,&quot;&amp;lt;p&amp;gt;加载中…&amp;lt;/p&amp;gt;&quot;,&quot;&amp;lt;/div&amp;gt;&quot;,&quot;&amp;lt;/div&amp;gt;&quot;].join(&quot;&quot;)).css({position:&quot;absolute&quot;,left:0,top:100,width:&quot;100%&quot;,height:&quot;100%&quot;,boxSizing:&quot;border-box&quot;}),f=30,p=$(&quot;&amp;lt;div&amp;gt;&amp;lt;/div&amp;gt;&quot;).css({position:&quot;absolute&quot;,left:0,top:(c-f)/2,width:a,height:f,background:&quot;#fff&quot;,opacity:0}).appendTo(u);u.appendTo(&quot;body&quot;),n()}var r=e(&quot;sfr&quot;),i=e(&quot;sf25/service/commonService&quot;),o=e(&quot;sf25/resource/template&quot;),a=e(&quot;sf25/view/commonView&quot;),s=e(&quot;fusion/deps/spark&quot;),c=e(&quot;sf25/config&quot;),u=new i;return u.commonViewOptions={customClassName:&quot;sf-edu-gonglve&quot;,headBackground:&quot;transparent&quot;,headColor:&quot;transparent&quot;,headHeight:&quot;0&quot;,headTitle:&quot;&quot;,backHtml:&quot;&quot;},u.createTemplateStream=function(e){var n=t(c.gonglve.baseUrl,e.url.split(&quot;sf_edu_gonglve&quot;)[1]);return n+=n.match(/\?/)?&quot;&amp;amp;sf_mod=1&quot;:&quot;?sf_mod=1&quot;,o.createReadStream(n,{xhrFields:{withCredentials:!0}})},u.createView=function(){var e=new a,t=e.vw;return e.startEnterAnimate=function(){var e=new $.Deferred;return n(t,function(){e.resolve()}),e.promise()},e},u.name=c.gonglve.name,r.action.regist(/^\/sf_edu_gonglve\//,u),u}),define(&quot;sf25/service/wenku/wenkuService&quot;,[&quot;require&quot;,&quot;sfr&quot;,&quot;sf25/service/commonService&quot;,&quot;sf25/resource/template&quot;,&quot;sf25/utils/log&quot;,&quot;sf25/view/commonView&quot;,&quot;sf25/config&quot;,&quot;sf25/utils/viewLoading&quot;],function(e){function t(e,t){var n=e+t,r=n.indexOf(&quot;#&quot;);return r&amp;gt;-1&amp;amp;&amp;amp;(n=n.substr(0,r)),n}var n=e(&quot;sfr&quot;),r=e(&quot;sf25/service/commonService&quot;),i=e(&quot;sf25/resource/template&quot;),o=e(&quot;sf25/utils/log&quot;),a=e(&quot;sf25/view/commonView&quot;),s=e(&quot;sf25/config&quot;),c=e(&quot;sf25/utils/viewLoading&quot;),u=new r;return u.commonViewOptions={customClassName:&quot;sf-edu-wenku&quot;,headBackground:&quot;transparent&quot;,headColor:&quot;transparent&quot;,headHeight:&quot;0&quot;,headTitle:&quot;&quot;,backHtml:&quot;&quot;},u.createTemplateStream=function(e,n){var r=t(s.wenku.baseUrl,e.url.split(&quot;sf_edu_wenku&quot;)[1]),a=&quot;sf_mod=1&amp;amp;sf_lid=&quot;+o.getLid()+&quot;&amp;amp;sf_sig=&quot;+o.getSig(n&amp;amp;&amp;amp;n.event);return r+=r.match(/\?/)?&quot;&amp;amp;&quot;:&quot;?&quot;,r+=a,i.createReadStream(r,{xhrFields:{withCredentials:!0}})},u.createView=function(){function e(){c.show(n.$sfBody),n.$container.css(&quot;background-color&quot;,&quot;white&quot;),n.$container.find(&quot;.sfa-loading-icon i.c-icon&quot;).css({&quot;margin-left&quot;:&quot;auto&quot;,&quot;margin-right&quot;:&quot;auto&quot;})}function t(){c.close(n.$sfBody)}var n=new a,r=n.vw,i=n.startEnterAnimate;return n.startEnterAnimate=function(){return e(),r.once(&quot;endRender&quot;,t),i.apply(n,arguments)},n},u.name=s.wenku.name,n.action.regist(/^\/sf_edu_wenku\//,u),u}),define(&quot;sf25/service/wenku/yueduService&quot;,[&quot;require&quot;,&quot;sfr&quot;,&quot;sf25/service/commonService&quot;,&quot;sf25/resource/template&quot;,&quot;sf25/view/commonView&quot;,&quot;fusion/deps/spark&quot;,&quot;sf25/config&quot;],function(e){function t(e,t){var n=e+t,r=n.indexOf(&quot;#&quot;);return r&amp;gt;-1&amp;amp;&amp;amp;(n=n.substr(0,r)),n}function n(e,t){function n(){s.css3(p[0],{opacity:1},250,&quot;ease&quot;,0,r)}function r(){var e=c/f;p.css({&quot;transform-origin&quot;:&quot;50% 50% 0&quot;,&quot;-webkit-transform-origin&quot;:&quot;50% 50% 0&quot;}),s.css3(p[0],{transfrom:&quot;scale(1,&quot;+e+&quot;)&quot;,&quot;-webkit-transform&quot;:&quot;scale(1,&quot;+e+&quot;)&quot;},250,&quot;ease&quot;,0,i)}function i(){d.appendTo(u),$.isFunction(t)&amp;amp;&amp;amp;t()}var o=$(window),a=o.width(),c=o.height(),u=$(&quot;&amp;lt;div&amp;gt;&amp;lt;/div&amp;gt;&quot;).css({position:&quot;fixed&quot;,left:0,top:0,width:a,height:c,zIndex:600}),l=$(e.container);l.css(&quot;visibility&quot;,&quot;hidden&quot;),e.once(&quot;beforeRender&quot;,function(){l.css(&quot;visibility&quot;,&quot;visible&quot;),u.hide()}),$(&quot;&amp;lt;div&amp;gt;&amp;lt;/div&amp;gt;&quot;).css({position:&quot;absolute&quot;,left:0,top:0,width:&quot;100%&quot;,height:&quot;100%&quot;,background:&quot;rgba(0,0,0,.2)&quot;}).prependTo(u);var d=$([&#039;&amp;lt;div class=&quot;c-container&quot;&amp;gt;&#039;,&#039;&amp;lt;div class=&quot;c-loading&quot;&amp;gt;&#039;,&#039;&amp;lt;i class=&quot;c-icon&quot;&amp;gt;&amp;amp;#xe780&amp;lt;/i&amp;gt;&#039;,&quot;&amp;lt;p&amp;gt;加载中…&amp;lt;/p&amp;gt;&quot;,&quot;&amp;lt;/div&amp;gt;&quot;,&quot;&amp;lt;/div&amp;gt;&quot;].join(&quot;&quot;)).css({position:&quot;absolute&quot;,left:0,top:100,width:&quot;100%&quot;,height:&quot;100%&quot;,boxSizing:&quot;border-box&quot;}),f=30,p=$(&quot;&amp;lt;div&amp;gt;&amp;lt;/div&amp;gt;&quot;).css({position:&quot;absolute&quot;,left:0,top:(c-f)/2,width:a,height:f,background:&quot;#fff&quot;,opacity:0}).appendTo(u);u.appendTo(&quot;body&quot;),n()}var r=e(&quot;sfr&quot;),i=e(&quot;sf25/service/commonService&quot;),o=e(&quot;sf25/resource/template&quot;),a=e(&quot;sf25/view/commonView&quot;),s=e(&quot;fusion/deps/spark&quot;),c=e(&quot;sf25/config&quot;),u=new i;return u.commonViewOptions={customClassName:&quot;sf-edu-yuedu&quot;,headBackground:&quot;transparent&quot;,headColor:&quot;transparent&quot;,headHeight:&quot;0&quot;,headTitle:&quot;&quot;,backHtml:&quot;&quot;},u.createTemplateStream=function(e){var n=t(c.yuedu.baseUrl,e.url.split(&quot;sf_edu_yuedu&quot;)[1]);return n+=n.match(/\?/)?&quot;&amp;amp;sf_mod=1&quot;:&quot;?sf_mod=1&quot;,o.createReadStream(n,{xhrFields:{withCredentials:!0}})},u.createView=function(){var e=new a,t=e.vw;return e.startEnterAnimate=function(){var e=new $.Deferred;return n(t,function(){e.resolve()}),e.promise()},e},u.name=c.yuedu.name,r.action.regist(/^\/sf_edu_yuedu\//,u),u}),define(&quot;sf25/service/zhidaoService&quot;,[&quot;require&quot;,&quot;sf25/config&quot;,&quot;sfr&quot;,&quot;sf25/service/commonService&quot;,&quot;sf25/resource/template&quot;],function(e){var t=e(&quot;sf25/config&quot;).zhidao,n=e(&quot;sfr&quot;).action,r=e(&quot;sf25/service/commonService&quot;),i=e(&quot;sf25/resource/template&quot;),o=t.baseUrl,a=new r;a.name=t.name,a.commonViewOptions={headBackground:&quot;#37b059&quot;,headColor:&quot;#fff&quot;,headHeight:&quot;50px&quot;,backHtml:&quot;&quot;,customClassName:&quot;zd-sf-wp&quot;},a.createTemplateStream=function(e){var t=&quot;&quot;;if(!e.url.match(/^\/sf_zd\//))throw new Error(&quot;cant&#039;t match PATH: Missed keyword(/^/sf_zd//) in this URL(&quot;+e.url+&quot;)&quot;);return t=e.url.replace(/^.*\/sf_zd/,o),t+=t.match(/\?/)?&quot;&amp;amp;mod=1&quot;:&quot;?mod=1&quot;,i.createReadStream(t,{xhrFields:{withCredentials:!0}})},n.regist(&quot;/sf_zd/question/:qid&quot;,a)}),!function(){define(&quot;sfr/router/router/URL&quot;,[&quot;require&quot;,&quot;sfr/utils/uri/component/Path&quot;,&quot;sfr/utils/uri/component/Query&quot;,&quot;sfr/utils/uri/component/Fragment&quot;,&quot;sfr/router/router/config&quot;],function(e){function t(e,t){t=t||{},e=(e||&quot;&quot;).trim()||o.path;var c=a.exec(e);c||console.warn(&quot;URI not valid:&quot;);var u=this.token=t.token||s,l=t.root||o.root;&quot;/&quot;===l.charAt(l.length-1)&amp;amp;&amp;amp;(l=l.substring(0,l.length-1)),this.root=l,e=e.split(&quot;#&quot;),this.fragment=new i(e[1]),e=e[0].split(u);var d=t.base||{};this.path=new n(e[0],d.path),this.query=new r(e[1]);var f=this.path.get();this.outRoot=0===f.indexOf(&quot;..&quot;),this.outRoot&amp;amp;&amp;amp;(f=n.resolve(l+&quot;/&quot;,f),0===f.indexOf(l)&amp;amp;&amp;amp;(f=f.substring(l.length),this.path.set(f),this.outRoot=!1)),this.outRoot||&quot;/&quot;===f.charAt(0)||this.path.set(&quot;/&quot;+f),t.query&amp;amp;&amp;amp;this.query.add(t.query)}var n=e(&quot;sfr/utils/uri/component/Path&quot;),r=e(&quot;sfr/utils/uri/component/Query&quot;),i=e(&quot;sfr/utils/uri/component/Fragment&quot;),o=e(&quot;sfr/router/router/config&quot;),a=new RegExp(&quot;^(([^:/?#]+):)?(//([^/?#]*))?([^?#]*)(\\?([^#]*))?(#(.*))?&quot;),s=&quot;?&quot;;return t.prototype.toString=function(){var e=this.root,t=this.path.get();return t=this.outRoot?n.resolve(e+&quot;/&quot;,t):e+t,t+this.query.toString(this.token)+this.fragment.toString()},t.prototype.equalPath=function(e){return this.path.get()===e},t.prototype.equal=function(e){return this.query.equal(e.query)&amp;amp;&amp;amp;this.equalPath(e.path.get())},t.prototype.equalWithFragment=function(e){return this.equal(e)&amp;amp;&amp;amp;this.fragment.equal(e.fragment)},t.prototype.getQuery=function(){return this.query.get()},t.prototype.getPath=function(){return this.path.get()},t}),define(&quot;sfr/router/router/config&quot;,[],{path:&quot;/&quot;,root:&quot;&quot;,mode:&quot;async&quot;}),define(&quot;sfr/router/router/controller&quot;,[&quot;require&quot;,&quot;sfr/lang/underscore&quot;,&quot;sfr/router/router/URL&quot;,&quot;sfr/router/router/config&quot;],function(e){function t(e,t){n(e,t)||(s(e,t),c=e)}function n(e,t){return c&amp;amp;&amp;amp;e.equal(c)&amp;amp;&amp;amp;!t.force}function r(e){var t=d.root;if(&quot;/&quot;===e.charAt(0)&amp;amp;&amp;amp;t)if(0===e.indexOf(t))e=e.replace(t,&quot;&quot;);else{var n=t.split(&quot;/&quot;).slice(1);n=n.map(function(){return&quot;..&quot;}),e=n.join(&quot;/&quot;)+e,c=null}return e}function i(e,t){return e||(e=r(location.pathname)),new l(e,{query:t,base:c})}function o(e,n){if(e=e||{},!u.get(e,&quot;state.disableServiceDispatch&quot;)){var o=r(location.pathname);if(location.search.length&amp;gt;1&amp;amp;&amp;amp;(o+=location.search),o=i(o),o.outRoot)return a(o.toString(),!0);var s=n?{src:&quot;sync&quot;}:u.extend({},e.state,{src:&quot;history&quot;});t(o,s)}}function a(e,t){f.dispose(),t?location.replace(e):location.href=e}var s,c,u=e(&quot;sfr/lang/underscore&quot;),l=e(&quot;sfr/router/router/URL&quot;),d=e(&quot;sfr/router/router/config&quot;),f={};return f.init=function(e){window.addEventListener(&quot;popstate&quot;,o,!1),s=e,o(null,!0)},f.redirect=function(e,r,o){return o=o||{},e=i(e,r),e.outRoot||&quot;page&quot;===d.mode?!n(e,o)&amp;amp;&amp;amp;a(e.toString()):(c.equalWithFragment(e)||o.silent||history.pushState(o,o.title,e.toString()),void t(e,o))},f.reset=function(e,r,o){return o=o||{},e=i(e,r),e.outRoot||&quot;page&quot;===d.mode?!n(e,o)&amp;amp;&amp;amp;a(e.toString()):(o.silent?c=e:t(e,o),void history.replaceState(o,o.title,e.toString()))},f.dispose=function(){window.removeEventListener(&quot;popstate&quot;,o,!1),c=null},f.ignoreRoot=r,f.createURL=i,f}),define(&quot;sfr/router/router&quot;,[&quot;require&quot;,&quot;sfr/lang/underscore&quot;,&quot;sfr/router/router/config&quot;,&quot;sfr/router/router/controller&quot;,&quot;sfr/lang/underscore&quot;],function(e){function t(){function e(e){var t=-1;return e=e.toString(),l.some(function(n,r){return n.raw.toString()===e&amp;amp;&amp;amp;(t=r),-1!==t}),t}function t(e,t){for(var n,r={},i=t.params||[],o=e.match(t.path)||[],a=1;a&amp;lt;o.length;a++)n=i[a-1]||&quot;$&quot;+a,r[n]=decodeURIComponent(o[a]);return r}function a(e,r){r=r||{};var o,a=n({},e.getQuery()),c={},u=e.getPath();if(o=s(e),!o)throw new Error(&quot;can not find route for: &quot;+u);o.path instanceof RegExp&amp;amp;&amp;amp;o.path.test(u)&amp;amp;&amp;amp;(c=t(u,o));var l={path:u,pathPattern:o.raw,query:a,params:c,url:i.ignoreRoot(e.toString()),originalUrl:e.toString(),options:r},f=[l,d];d=l,o.fn.apply(o.thisArg,f)}function s(e){var t,n,r=e.getPath();return l.some(function(i){return i.path instanceof RegExp?i.path.test(r)&amp;amp;&amp;amp;(t=i):e.equalPath(i.path)&amp;amp;&amp;amp;(t=i),i.path||(n=i),!!t}),t||n}function c(e){var t={params:[]};return t.path=e.replace(/:([^\/]+)/g,function(e,n){return t.params.push(n),&quot;([^/]+)&quot;}),t.path=new RegExp(&quot;^&quot;+t.path+&quot;$&quot;),t}var u={},l=[],d={};return u.pathPattern=function(e){e=i.ignoreRoot(e);var t=i.createURL(e),n=s(t);return n?n.raw:null},u.reset=function(e,t,n){i.reset(e,t,n)},u.config=function(e){e=e||{};var t=e.root;t&amp;amp;&amp;amp;&quot;/&quot;===t.charAt(t.length-1)&amp;amp;&amp;amp;(t=e.root=t.substring(0,t.length-1)),t&amp;amp;&amp;amp;&quot;/&quot;!==t.charAt(0)&amp;amp;&amp;amp;(e.root=&quot;/&quot;+t),n(r,e)},u.add=function(t,r,i){if(e(t)&amp;gt;=0)throw new Error(&quot;path already exist&quot;);var a={raw:t,path:t,fn:r,thisArg:i};o.isString(t)&amp;amp;&amp;amp;o.contains(t,&quot;:&quot;)&amp;amp;&amp;amp;(a=n(a,c(t))),l.push(a)},u.remove=function(t){var n=e(t);n&amp;gt;=0&amp;amp;&amp;amp;l.splice(n,1)},u.exist=function(t){return e(t)&amp;gt;=0},u.clear=function(){l=[]},u.redirect=function(e,t,n){i.redirect(e,t,n)},u.start=function(e){u.config(e),i.init(a)},u.stop=function(){i.dispose(),u.clear(),d={}},u.controller=function(e){var t=i;i=e,o.forOwn(t,function(e,t){i.hasOwnProperty(t)||(i[t]=e)})},u.getState=function(){return d},u.ignoreRoot=i.ignoreRoot,u}var n=e(&quot;sfr/lang/underscore&quot;).extend,r=e(&quot;sfr/router/router/config&quot;),i=e(&quot;sfr/router/router/controller&quot;),o=e(&quot;sfr/lang/underscore&quot;);return t}),define(&quot;sfr/utils/di&quot;,[&quot;require&quot;,&quot;sfr/lang/assert&quot;,&quot;sfr/lang/underscore&quot;],function(e){function t(e,t){this.require=t||window.require,this.config=this.normalize(e),this.container=Object.create(null)}var n=e(&quot;sfr/lang/assert&quot;),r=e(&quot;sfr/lang/underscore&quot;);return t.prototype.resolve=function(e){var t=this.config[e];if(n(t,&quot;module declaration not found: &quot;+e),this.container[e]&amp;amp;&amp;amp;t.cache)return this.container[e];switch(void 0===t.value&amp;amp;&amp;amp;t.module&amp;amp;&amp;amp;(t.value=this.require(t.module)),t.type){case&quot;value&quot;:return this.container[e]=t.value;case&quot;factory&quot;:n(&quot;function&quot;==typeof t.value,&quot;entity not injectable: &quot;+t.value);var r=t.args||[];return this.container[e]=this.inject(t.value,r);default:throw new Error(&quot;DI type &quot;+t.type+&quot; not recognized&quot;)}},t.prototype.inject=function(e,t){var n=t.map(function(e){return this.resolve(e)},this);return e.apply(null,n)},t.prototype.normalize=function(e){return r.forOwn(e,function(e){void 0===e.cache&amp;amp;&amp;amp;(e.cache=!0),void 0===e.type&amp;amp;&amp;amp;(e.type=&quot;value&quot;)}),e},t}),define(&quot;sfr/utils/logger&quot;,[&quot;require&quot;],function(){function e(){u=c=Date.now()}function t(){var e=Array.prototype.slice.call(arguments);o&amp;amp;&amp;amp;e.unshift(&quot;[&quot;+n()+&quot;]&quot;);var t,r=new Error(&quot;logger track&quot;).stack||&quot;&quot;,i=r.split(&quot;\n&quot;)[3]||&quot;&quot;,a=&quot;&quot;;t=/at\s+\(?(.*):\d+:\d+\)?$/.exec(i)||[];var s=t[1];t=/([^\/?#]+)([?#]|$)/.exec(s)||[];var c=t[1];a+=c?c+&quot;:&quot;:&quot;&quot;,t=/at ([\w\d.]+)\s*\(/.exec(i)||[];var u=t[1]||&quot;anonymous&quot;;return a+=u,e.unshift(&quot;[&quot;+a+&quot;]&quot;),e}function n(){var e=Date.now(),t=(e-c)/1e3,n=t+&quot;(+&quot;+(e-u)+&quot;)&quot;;return u=e,n}function r(e,t){var n=new Function(&quot;impl&quot;,&quot;args&quot;,&quot;impl.apply(console, args);&quot;);if(n(e,t),s){var r=new Image,i=t.join(&quot; &quot;).replace(/\s+/g,&quot; &quot;).trim();r.src=s+&quot;/sfr/log/&quot;+i}}function i(e,n){return function(){var e=t.apply(null,arguments);r(n,e)}}var o=!!location.search.match(/logger-timming/i),a=location.search.match(/logger-server=([^&amp;amp;]*)/i),s=a?decodeURIComponent(a[1]):!1,c=Date.now(),u=c;return{log:i(&quot;log&quot;,console.log),debug:i(&quot;debug&quot;,console.log),info:i(&quot;info&quot;,console.info),warn:i(&quot;warn&quot;,console.warn),error:i(&quot;error&quot;,console.error),reset:e}}),define(&quot;sfr/utils/http&quot;,[&quot;require&quot;,&quot;sfr/lang/underscore&quot;,&quot;sfr/lang/promise&quot;,&quot;sfr/utils/url&quot;],function(e){function t(e){return e instanceof FormData?&quot;multipart/form-data&quot;:&quot;application/x-www-form-urlencoded&quot;}function n(e){var t;try{t=s.createXHR()}catch(n){return o.reject(n)}return t.open(e.method,e.url,!0),i.forOwn(e.headers,function(e,n){t.setRequestHeader(n,e)}),i.assign(t,e.xhrFields),new o(function(n,i){t.onreadystatechange=function(){4===t.readyState&amp;amp;&amp;amp;(t=r(t),t.status&amp;gt;=200&amp;amp;&amp;amp;t.status&amp;lt;300?n(t):i(t))},t.send(e.data)})}function r(e){var t=e.getAllResponseHeaders().split(&quot;\r\n&quot;).filter(i.negate(i.isEmpty)).map(function(e){return i.split(e,/\s*:\s*/)});if(e.responseHeaders=i.fromPairs(t),e.data=e.responseText,&quot;application/json&quot;===e.responseHeaders[&quot;Content-Type&quot;])try{e.data=JSON.parse(e.responseText)}catch(n){console.warn(&quot;Invalid JSON content with Content-Type: application/json&quot;)}return e}var i=e(&quot;sfr/lang/underscore&quot;),o=e(&quot;sfr/lang/promise&quot;),a=e(&quot;sfr/utils/url&quot;),s={};return s.ajax=function(e,r){return&quot;object&quot;==typeof e&amp;amp;&amp;amp;(r=e,e=&quot;&quot;),r=i.defaultsDeep(r,{url:e,method:r&amp;amp;&amp;amp;r.type||&quot;GET&quot;,headers:{},data:null,jsonp:!1,jsonpCallback:&quot;sf_http_&quot;+Math.random().toString(36).substr(2)}),i.forOwn(r.headers,function(e,t){r.headers[t]=e.toLowerCase(e)}),(r.headers[&quot;content-type&quot;]||r.data)&amp;amp;&amp;amp;(r.headers[&quot;content-type&quot;]=r.headers[&quot;content-type&quot;]||t(r.data)),/application\/json/.test(r.headers[&quot;content-type&quot;])?r.data=JSON.stringify(r.data):/form-urlencoded/.test(r.headers[&quot;content-type&quot;])&amp;amp;&amp;amp;(r.data=a.param(r.data)),n(r)},s.get=function(e,t){return s.ajax(e,{data:t})},s.post=function(e,t){return s.ajax(e,{method:&quot;POST&quot;,data:t})},s.put=function(e,t){return s.ajax(e,{method:&quot;PUT&quot;,data:t})},s.delete=function(e,t){return s.ajax(e,{method:&quot;DELETE&quot;,data:t})},s.createXHR=function(){var e=!1;if(window.XMLHttpRequest?e=new XMLHttpRequest:window.ActiveXObject&amp;amp;&amp;amp;(e=new ActiveXObject(&quot;Microsoft.XMLHTTP&quot;)),!e)throw new Error(&quot;Cannot create an XHR instance&quot;);return e},s}),define(&quot;sfr/utils/url&quot;,[&quot;require&quot;,&quot;sfr/utils/uri/URI&quot;,&quot;sfr/lang/underscore&quot;,&quot;sfr/utils/uri/component/Path&quot;,&quot;sfr/utils/uri/util/uri-parser&quot;],function(e){function t(e){return new n(e)}var n=e(&quot;sfr/utils/uri/URI&quot;),r=e(&quot;sfr/lang/underscore&quot;),i=e(&quot;sfr/utils/uri/component/Path&quot;),o=e(&quot;sfr/utils/uri/util/uri-parser&quot;);return t.parse=function(e){return o(e)},t.resolve=function(e,t){return i.resolve(e,t)},t.param=function(e){return r.isObject(e)?r.map(e,function(e,t){return encodeURIComponent(t)+&quot;=&quot;+encodeURIComponent(e)}).join(&quot;&amp;amp;&quot;):e},t}),define(&quot;sfr/utils/cache&quot;,[&quot;require&quot;,&quot;sfr/lang/assert&quot;,&quot;sfr/utils/cache-namespace&quot;],function(e){function t(e){if(!i.hasOwnProperty(e))throw new Error(&quot;cache namespace &quot;+e+&quot; undefined&quot;);return i[e]}var n=e(&quot;sfr/lang/assert&quot;),r=e(&quot;sfr/utils/cache-namespace&quot;),i={},o={};return o.create=function(e,t){return n(e,&quot;cannot create namespace with empty name&quot;),n(!i[e],&quot;namespace with &quot;+e+&quot; already created&quot;),i[e]=new r(e,t)},o.using=function(e){return t(e)},o.set=function(e,n,r){return t(e).set(n,r)},o.get=function(e,n){return t(e).get(n)},o.rename=function(e,n,r){return t(e).rename(n,r)},o.remove=function(e,n){return t(e).remove(n)},o.clear=function(e){return 0!==arguments.length?t(e).clear():void(i={})},o.contains=function(e,t){if(0===arguments.length)throw new Error(&quot;namespace not specified&quot;);return 1===arguments.length?i.hasOwnProperty(e):i.hasOwnProperty(e)?i[e].contains(t):!1},o}),define(&quot;sfr/utils/cache-namespace&quot;,[&quot;require&quot;,&quot;sfr/lang/underscore&quot;],function(e){function t(){}function n(e,n){this.name=e,this.list=[],this.options=r.assign({limit:3,onRemove:t},n)}var r=e(&quot;sfr/lang/underscore&quot;);return n.prototype={constructor:n,get:function(e){var t=this.findIndexByKey(e);if(-1===t)return void 0;var n=this.list[t];return this.list.splice(t,1),this.list.push(n),n.value},set:function(e,t){if(this.remove(e),this.list.length===this.options.limit){var n=this.list.shift();this.options.onRemove(n.value,n.key,!0)}return this.list.push({key:e,value:t}),this},contains:function(e){return this.findIndexByKey(e)&amp;gt;-1},rename:function(e,t){if(e===t)return this;this.remove(t);var n=this.findIndexByKey(e);if(-1===n)throw new Error(&quot;key not found:&quot;+e);return this.list[n].key=t,this},remove:function(e){var t=this.findIndexByKey(e);if(t&amp;gt;-1){var n=this.list[t];this.options.onRemove(n.value,n.key,!1),this.list.splice(t,1)}return this},clear:function(){return this.list=[],this},findIndexByKey:function(e){return r.findIndex(this.list,function(t){return t.key===e})}},n}),define(&quot;sfr/utils/emitter&quot;,[&quot;require&quot;],function(){function e(){}var t=e.prototype;t._getEvents=function(){return this._events||(this._events={}),this._events},t._getMaxListeners=function(){return isNaN(this.maxListeners)&amp;amp;&amp;amp;(this.maxListeners=10),this.maxListeners},t.on=function(e,t){var n=this._getEvents(),r=this._getMaxListeners();n[e]=n[e]||[];var i=n[e].length;if(i&amp;gt;=r&amp;amp;&amp;amp;0!==r)throw new RangeError(&quot;Warning: possible Emitter memory leak detected. &quot;+i+&quot; listeners added.&quot;);return n[e].push(t),this},t.once=function(e,t){function n(){r.off(e,n),t.apply(this,arguments)}var r=this;return n.listener=t,this.on(e,n),this},t.off=function(e,t){var n=this._getEvents();if(0===arguments.length)return this._events={},this;var r=n[e];if(!r)return this;if(1===arguments.length)return delete n[e],this;for(var i,o=0;o&amp;lt;r.length;o++)if(i=r[o],i===t||i.listener===t){r.splice(o,1);break}return this},t.emit=function(e){for(var t=this._getEvents(),n=t[e],r=[],i=1;i&amp;lt;arguments.length;i++)r.push(arguments[i]);if(n)for(n=n.slice(0),i=0;i&amp;lt;n.length;i++)try{n[i].apply(this,r)}catch(o){console.error(o)}return this},t.listeners=function(e){var t=this._getEvents();return t[e]||[]},t.setMaxListeners=function(e){return this.maxListeners=e,this};var n=Object.keys(t);return e.mixin=function(e){for(var r,i=0,o=n.length;o&amp;gt;i;i++)r=n[i],e[r]=t[r];return e},e}),define(&quot;sfr/lang/underscore&quot;,[&quot;require&quot;,&quot;sfr/lang/assert&quot;],function(e){function t(e,t){var n=e;return(t||&quot;&quot;).split(&quot;.&quot;).forEach(function(e){n=n?n[e]:void 0}),n}function n(e){return e=o(e),e.shift(),e}function r(e){return Object.keys(e)}function i(e,t){e=e||{};for(var n in e)if(e.hasOwnProperty(n)&amp;amp;&amp;amp;t(e[n],n,e)===!1)break;return e}function o(e){return e?q.slice.call(e):[]}function a(e){var t=n(arguments);return q.forEach.apply(e||[],t)}function s(e,t){if(h(e)){var r=[];return i(e,function(){r.push(t.apply(null,arguments))}),r}var o=n(arguments);return q.map.apply(e||[],o)}function c(e){var t=n(arguments);return q.slice.apply(e||[],t)}function u(e){var t=n(arguments);return q.splice.apply(e||[],t)}function l(e){var t=n(arguments);return R.split.apply(e||&quot;&quot;,t)}function d(e,t,n){for(var r=n||0;r&amp;lt;e.length;r++)if(t(e[r],r,e))return r;return-1}function f(e){return n(arguments).reduce(function(e,t){return e.replace(&quot;%s&quot;,t)},e)}function p(){return w.apply(null,c(arguments,0).reverse())}function h(e){return&quot;[object Object]&quot;===Object.prototype.toString.call(e)}function m(e){return e instanceof String||&quot;string&quot;==typeof e}function g(e,t,n){return void 0===n&amp;amp;&amp;amp;(n=0),e.indexOf(t,n)&amp;gt;-1}function v(e){return e instanceof RegExp}function w(e){e=null==e?{}:e;var t=c(arguments,1);return a(t,function(t){y(e,t)}),e}function b(e,t){return e?void i(t,function(t,n){return h(t)&amp;amp;&amp;amp;h(e[n])?b(e[n],t):void(e[n]=t)}):e}function y(e,t){return e?(i(t,function(t,n){e[n]=t}),e):e}function x(){var e={},t=c(arguments,0).reverse();return a(t,function(t){b(e,t)}),e}function _(e){var t={};return s(e,function(e){var n=e[0],r=e[1];t[n]=r}),t}function k(e){return e instanceof Array}function S(e){return k(e)?0===e.length:!e}function $(e){return function(){return!e.apply(null,arguments)}}function T(e){return e.bind.apply(e,c(arguments))}function A(e){var t=c(arguments);return t.shift(),function(){var n=c(arguments),r=[n,arguments.length,0].concat(t);return u.apply(null,r),e.apply(null,n)}}function O(e,t){return C(&quot;function&quot;==typeof t,&quot;wrapper should be a function&quot;),function(){var n=Array.prototype.slice.call(arguments,0);return n.unshift(e),t.apply(this,n)}}function E(e,t){var n=function(){};n.prototype=t.prototype;var r=e.prototype,i=e.prototype=new n;for(var o in r)r.hasOwnProperty(o)&amp;amp;&amp;amp;(i[o]=r[o]);return e.prototype.constructor=e,e}var C=e(&quot;sfr/lang/assert&quot;),q=Array.prototype,R=String.prototype,I={};return I.keysIn=r,I.get=t,I.forOwn=i,I.assign=w,I.merge=w,I.extend=w,I.defaults=p,I.defaultsDeep=x,I.fromPairs=_,I.slice=c,I.splice=u,I.forEach=a,I.map=s,I.toArray=o,I.findIndex=d,I.split=l,I.format=f,I.isArray=k,I.isEmpty=S,I.isString=m,I.isObject=h,I.isRegExp=v,I.inherits=E,I.contains=g,I.partial=T,I.partialRight=A,I.negate=$,I.wrap=O,I}),define(&quot;sfr/lang/promise&quot;,[&quot;require&quot;,&quot;sfr/lang/assert&quot;],function(e){function t(e){if(!(this instanceof t))throw&quot;Promise must be called with new operator&quot;;if(&quot;function&quot;!=typeof e)throw&quot;callback not defined&quot;;this._state=i,this._result,this._fulfilledCbs=[],this._rejectedCbs=[],this._errorPending=!1;var n=this;setTimeout(function(){n._doResolve(e)},1)}function n(e){u(e._state===a,s);var t;t=&quot;function&quot;==typeof window.PromiseRejectionEvent?window.PromiseRejectionEvent:CustomEvent;var n=new t(&quot;unhandledrejection&quot;,{promise:e,reason:e._result});return n.reason=n.reason||e._result,n}function r(e){return e&amp;amp;&amp;amp;&quot;function&quot;==typeof e.then}var i=0,o=1,a=2,s=&quot;cannot make RejectionEvent when promise not rejected&quot;,c={longStackTraces:!1},u=e(&quot;sfr/lang/assert&quot;);return t.prototype._fulfill=function(e){this._result=e,this._state=o,this._flush()},t.prototype._reject=function(e){c.longStackTraces&amp;amp;&amp;amp;e&amp;amp;&amp;amp;(e.stack+=&quot;\n&quot;+this._originalStack),this._result=e,this._state=a,this._errorPending=!0,this._flush()},t.prototype._resolve=function(e){r(e)?this._doResolve(e.then.bind(e)):this._fulfill(e)},t.prototype._doResolve=function(e){var t=!1,n=this;try{e(function(e){t||(t=!0,n._resolve(e))},function(e){t||(t=!0,n._reject(e))})}catch(r){if(t)return;t=!0,n._reject(r)}setTimeout(function(){this._checkUnHandledRejection()}.bind(this))},t.prototype._checkUnHandledRejection=function(){if(this._errorPending){var e=n(this);window.dispatchEvent(e)}},t.prototype._flush=function(){if(this._state!==i){var e=this._state===a?this._rejectedCbs:this._fulfilledCbs;e.forEach(function(e){this._state===a&amp;amp;&amp;amp;this._errorPending&amp;amp;&amp;amp;(this._errorPending=!1),&quot;function&quot;==typeof e&amp;amp;&amp;amp;e(this._result)},this),this._rejectedCbs=[],this._fulfilledCbs=[]}},t.prototype._done=function(e,t){this._fulfilledCbs.push(e),this._rejectedCbs.push(t),this._flush()},t.prototype.then=function(e,n){var r,i=this;return new t(function(t,o){i._done(function(n){if(&quot;function&quot;==typeof e){try{r=e(n)}catch(i){return o(i)}t(r)}else t(n)},function(e){if(&quot;function&quot;==typeof n){try{r=n(e)}catch(i){return o(i)}t(r)}else o(e)})})},t.prototype.catch=function(e){return this.then(function(e){return e},e)},t.prototype.finally=function(e){return this.then(e,e)},t.resolve=function(e){return r(e)?e:new t(function(t){return t(e)})},t.reject=function(e){return new t(function(t,n){n(e)})},t.all=function(e){return new t(function(n,r){function i(){0&amp;gt;=a&amp;amp;&amp;amp;n(o)}var o=e.map(function(){return void 0}),a=e.length;e.map(t.resolve).forEach(function(e,t){e.then(function(e){o[t]=e,a--,i()},r)}),i()})},t.fromCallback=function(e){return new t(function(t){e(function(e){t(e)})})},t.mapSeries=function(e,n){var r=t.resolve(&quot;init&quot;),i=[];return e.forEach(function(t,o){r=r.then(function(){return n(t,o,e)}).then(function(e){return i.push(e)})}),r.then(function(){return i})},t}),define(&quot;sfr/lang/assert&quot;,[&quot;require&quot;],function(){function e(e,t){if(!e)throw new Error(t)}return e}),define(&quot;sfr/lang/map&quot;,[&quot;require&quot;,&quot;sfr/lang/underscore&quot;],function(e){function t(){this.size=0,this._data={}}function n(e){return r.isRegExp(e)?&quot;reg_&quot;+e:r.isString(e)?&quot;str_&quot;+e:&quot;other_&quot;+e}var r=e(&quot;sfr/lang/underscore&quot;);return t.prototype.set=function(e,t){e=n(e),this._data.hasOwnProperty(e)||(this._data[e]=t,this.size++)},t.prototype.has=function(e){return e=n(e),this._data.hasOwnProperty(e)},t.prototype.delete=function(e){e=n(e),this._data.hasOwnProperty(e)&amp;amp;&amp;amp;(delete this._data[e],this.size--)},t.prototype.get=function(e){return e=n(e),this._data[e]},t.prototype.clear=function(){this.size=0,this._data={}},t}),define(&quot;sfr/utils/uri/URI&quot;,[&quot;require&quot;,&quot;sfr/utils/uri/util/uri-parser&quot;,&quot;sfr/utils/uri/component/Scheme&quot;,&quot;sfr/utils/uri/component/UserName&quot;,&quot;sfr/utils/uri/component/Password&quot;,&quot;sfr/utils/uri/component/Host&quot;,&quot;sfr/utils/uri/component/Port&quot;,&quot;sfr/utils/uri/component/Path&quot;,&quot;sfr/utils/uri/component/Query&quot;,&quot;sfr/utils/uri/component/Fragment&quot;],function(e){function t(e){e=r(e);var t,n=this;Object.keys(i).forEach(function(r){t=i[r],n[r]=new t(e[r])})}function n(e){var t=[],n=e.username.toString(),r=e.password.toString(),i=e.host.toString(),o=e.port.toString();return(n||r)&amp;amp;&amp;amp;t.push(n+&quot;:&quot;+r+&quot;@&quot;),t.push(i),t.push(o),t.join(&quot;&quot;)}var r=e(&quot;sfr/utils/uri/util/uri-parser&quot;),i={scheme:e(&quot;sfr/utils/uri/component/Scheme&quot;),username:e(&quot;sfr/utils/uri/component/UserName&quot;),password:e(&quot;sfr/utils/uri/component/Password&quot;),host:e(&quot;sfr/utils/uri/component/Host&quot;),port:e(&quot;sfr/utils/uri/component/Port&quot;),path:e(&quot;sfr/utils/uri/component/Path&quot;),query:e(&quot;sfr/utils/uri/component/Query&quot;),fragment:e(&quot;sfr/utils/uri/component/Fragment&quot;)};return t.prototype.set=function(){var e=0,t={};arguments.length&amp;gt;1&amp;amp;&amp;amp;(t.name=arguments[e++]),t.data=Array.prototype.slice.call(arguments,e);var n=this[t.name];if(n)n.set.apply(n,t.data);else{var o=this,a=r(t.data[0]);Object.keys(i).forEach(function(e){o[e].set(a[e])})}},t.prototype.get=function(){var e={name:arguments[0],data:Array.prototype.slice.call(arguments,1)},t=this[e.name];return t?t.get.apply(t,e.data):void 0},t.prototype.toString=function(e){var t,r=this[e];if(r)t=r.toString();else{t=[];var i=this.scheme.toString();i&amp;amp;&amp;amp;t.push(i+&quot;:&quot;);var o=n(this);i&amp;amp;&amp;amp;o&amp;amp;&amp;amp;t.push(&quot;//&quot;),t.push(o),t.push(this.path.toString()),t.push(this.query.toString()),t.push(this.fragment.toString()),t=t.join(&quot;&quot;)}return t},t.prototype.equal=function(e){e instanceof t||(e=new t(e));for(var n,r=!0,o=Object.keys(i),a=0;r&amp;amp;&amp;amp;(n=o[a]);a++)r=&quot;port&quot;===n?this[n].equal(e[n].get(),this.scheme.get()):this[n].equal(e[n]);return r},t}),define(&quot;sfr/utils/uri/component/Abstract&quot;,[&quot;require&quot;],function(){function e(){var e=Array.prototype.slice.call(arguments);this.set.apply(this,e)}return e.prototype.get=function(){return this.data},e.prototype.set=function(e){this.data=e||&quot;&quot;},e.prototype.add=function(e){this.set(e)},e.prototype.remove=function(){this.data=&quot;&quot;},e.prototype.toString=function(){return this.data.toString()},e.prototype.equal=function(t){return t instanceof e&amp;amp;&amp;amp;(t=t.get()),this.data==t},e}),define(&quot;sfr/utils/uri/component/Fragment&quot;,[&quot;require&quot;,&quot;sfr/lang/underscore&quot;,&quot;sfr/utils/uri/component/Abstract&quot;],function(e){function t(e){r.call(this,e)}var n=e(&quot;sfr/lang/underscore&quot;).inherits,r=e(&quot;sfr/utils/uri/component/Abstract&quot;),i=&quot;#&quot;;return n(t,r),t.prototype.toString=function(e){return e=e||i,this.data?e+this.data:&quot;&quot;},t}),define(&quot;sfr/utils/uri/component/Host&quot;,[&quot;require&quot;,&quot;sfr/lang/underscore&quot;,&quot;sfr/utils/uri/component/Abstract&quot;],function(e){function t(e){r.call(this,e)}var n=e(&quot;sfr/lang/underscore&quot;).inherits,r=e(&quot;sfr/utils/uri/component/Abstract&quot;);return n(t,r),t.prototype.set=function(e){e=e||&quot;&quot;,this.data=e.toLowerCase()},t.prototype.equal=function(e){return e=e instanceof t?e.get():e||&quot;&quot;,this.data===e.toLowerCase()},t}),define(&quot;sfr/utils/uri/component/Password&quot;,[&quot;require&quot;,&quot;sfr/lang/underscore&quot;,&quot;sfr/utils/uri/component/Abstract&quot;],function(e){function t(e){r.call(this,e)}var n=e(&quot;sfr/lang/underscore&quot;).inherits,r=e(&quot;sfr/utils/uri/component/Abstract&quot;);return n(t,r),t}),define(&quot;sfr/utils/uri/component/Path&quot;,[&quot;require&quot;,&quot;sfr/lang/underscore&quot;,&quot;sfr/utils/uri/component/Abstract&quot;],function(e){function t(e){return e||(e=&quot;/&quot;),e}function n(e){return e=e.split(&quot;/&quot;),e.pop(),e.join(&quot;/&quot;)}function r(e,t){for(var n,r=0,i=e.length-1;n=e[i];i--)&quot;.&quot;===n?e.splice(i,1):&quot;..&quot;===n?(e.splice(i,1),r++):r&amp;amp;&amp;amp;(e.splice(i,1),r--);if(t)for(;r--&amp;gt;0;)e.unshift(&quot;..&quot;);return e}function i(e,t){a.call(this,e,t)}var o=e(&quot;sfr/lang/underscore&quot;).inherits,a=e(&quot;sfr/utils/uri/component/Abstract&quot;);return i.resolve=function(e,t){if(t=t||&quot;&quot;,&quot;/&quot;===t.charAt(0))return i.resolve(t);var o=&quot;/&quot;===e.charAt(0),a=!1;t?(e=n(e),a=&quot;/&quot;===t.charAt(t.length-1)):e.length&amp;gt;1&amp;amp;&amp;amp;(a=&quot;/&quot;===e.charAt(e.length-1));var s=e.split(&quot;/&quot;).concat(t.split(&quot;/&quot;)).filter(function(e){return!!e});return s=r(s,!o),(o?&quot;/&quot;:&quot;&quot;)+(s.length&amp;gt;0?s.join(&quot;/&quot;)+(a?&quot;/&quot;:&quot;&quot;):&quot;&quot;)},o(i,a),i.prototype.set=function(e,t){t instanceof i&amp;amp;&amp;amp;(t=t.get());var n=[e||&quot;&quot;];t&amp;amp;&amp;amp;n.unshift(t),this.data=i.resolve.apply(i,n)},i.prototype.equal=function(e){var n=t(this.data);return e=t(e instanceof i?e.get():i.resolve(e||&quot;&quot;)),n===e},i.prototype.resolve=function(e,t){e instanceof i&amp;amp;&amp;amp;(e=e.get());var n=[this.data];t?n.unshift(e):n.push(e),this.data=i.resolve.apply(i,n)},i}),define(&quot;sfr/utils/uri/component/Port&quot;,[&quot;require&quot;,&quot;sfr/lang/underscore&quot;,&quot;sfr/utils/uri/component/Abstract&quot;],function(e){function t(e){r.call(this,e)}var n=e(&quot;sfr/lang/underscore&quot;).inherits,r=e(&quot;sfr/utils/uri/component/Abstract&quot;),i={ftp:&quot;21&quot;,ssh:&quot;22&quot;,telnet:&quot;23&quot;,http:&quot;80&quot;,https:&quot;443&quot;,ws:&quot;80&quot;,wss:&quot;443&quot;};return n(t,r),t.prototype.equal=function(e,n){var r=this.data||i[n];return e instanceof t&amp;amp;&amp;amp;(e=e.get()),e=e||i[n],r===e},t.prototype.toString=function(){return this.data?&quot;:&quot;+this.data:&quot;&quot;},t}),define(&quot;sfr/utils/uri/component/Query&quot;,[&quot;require&quot;,&quot;sfr/lang/underscore&quot;,&quot;sfr/utils/uri/component/Abstract&quot;,&quot;sfr/utils/uri/util/parse-query&quot;,&quot;sfr/utils/uri/util/stringify-query&quot;],function(e){function t(e,t){if(!Array.isArray(e)||!Array.isArray(t))return!1;if(e.length!==t.length)return!1;e=e.slice(0),e=e.slice(0),e.sort(),t.sort();for(var n=!0,r=0,i=e.length;n&amp;amp;&amp;amp;i&amp;gt;r;r++)n=e[r]==t[r];return n}function n(e,n){if(!a.isObject(e)||!a.isObject(n))return!1;var r=Object.keys(e),i=Object.keys(n);if(r.length!==i.length)return!1;for(var o,s,c=!0,u=0;c&amp;amp;&amp;amp;(o=r[u]);u++){if(!n.hasOwnProperty(o)){c=!1;break}s=e[o],c=Array.isArray(s)?t(s,n[o]):s==n[o]}return c}function r(e){return e=Array.isArray(e)?e.map(function(e){return decodeURIComponent(e||&quot;&quot;)}):e||a.isString(e)?decodeURIComponent(e):null}function i(e,t,n){var i=n[e];return t=r(t),i?(Array.isArray(i)||(i=[i]),Array.isArray(t)?i=i.concat(t):i.push(t)):i=t,n[e]=i,n}function o(e){e=e||{},s.call(this,e)}var a=e(&quot;sfr/lang/underscore&quot;),s=e(&quot;sfr/utils/uri/component/Abstract&quot;),c=e(&quot;sfr/utils/uri/util/parse-query&quot;),u=e(&quot;sfr/utils/uri/util/stringify-query&quot;),l=&quot;?&quot;;return a.inherits(o,s),o.prototype.set=function(){if(1===arguments.length){var e=arguments[0];if(a.isObject(e)){var t=this.data={};Object.keys(e).forEach(function(n){t[n]=r(e[n])})}else this.data=c(e)}else this.data[arguments[0]]=r(arguments[1])},o.prototype.get=function(e){return e?this.data[e]:a.extend({},this.data)},o.prototype.toString=function(e){e=e||l;var t=u(this.data);return t?e+t:&quot;&quot;},o.prototype.equal=function(e){return a.isString(e)?e=c(e):e instanceof o&amp;amp;&amp;amp;(e=e.get()),n(this.data,e)},o.prototype.add=function(e,t){var n=this.data;a.isObject(e)?Object.keys(e).forEach(function(t){i(t,e[t],n)}):i(e,t,n),this.data=n},o.prototype.remove=function(e){e?this.data.hasOwnProperty(e)&amp;amp;&amp;amp;delete this.data[e]:this.data={}},o}),define(&quot;sfr/utils/uri/component/Scheme&quot;,[&quot;require&quot;,&quot;sfr/lang/underscore&quot;,&quot;sfr/utils/uri/component/Abstract&quot;],function(e){function t(e){r.call(this,e)}var n=e(&quot;sfr/lang/underscore&quot;),r=e(&quot;sfr/utils/uri/component/Abstract&quot;);return n.inherits(t,r),t.prototype.set=function(e){e=e||&quot;&quot;,this.data=e.toLowerCase()},t.prototype.equal=function(e){return e=e instanceof t?e.get():e||&quot;&quot;,this.data===e.toLowerCase()},t}),define(&quot;sfr/utils/uri/component/UserName&quot;,[&quot;require&quot;,&quot;sfr/lang/underscore&quot;,&quot;sfr/utils/uri/component/Abstract&quot;],function(e){function t(e){r.call(this,e)}var n=e(&quot;sfr/lang/underscore&quot;),r=e(&quot;sfr/utils/uri/component/Abstract&quot;);return n.inherits(t,r),t}),define(&quot;sfr/utils/uri/util/parse-query&quot;,[&quot;require&quot;],function(){function e(e){var t={};e=e.split(&quot;&amp;amp;&quot;);var n,r;return e.forEach(function(e){e&amp;amp;&amp;amp;(e=e.split(&quot;=&quot;),n=e[0],r=e.length&amp;gt;=2?decodeURIComponent(e[1]):null,t[n]?(Array.isArray(t[n])||(t[n]=[t[n]]),t[n].push(r)):t[n]=r)}),t}return e}),define(&quot;sfr/utils/uri/util/stringify-query&quot;,[&quot;require&quot;],function(){function e(e){var t,n=[];return Object.keys(e).forEach(function(r){t=e[r],Array.isArray(t)||(t=[t]),t.forEach(function(e){n.push(null===e?r:r+&quot;=&quot;+encodeURIComponent(e||&quot;&quot;))})}),n.join(&quot;&amp;amp;&quot;)}return e}),define(&quot;sfr/utils/uri/util/uri-parser&quot;,[&quot;require&quot;,&quot;sfr/lang/underscore&quot;],function(e){function t(e){var t={},n=[&quot;scheme&quot;,&quot;username&quot;,&quot;password&quot;,&quot;host&quot;,&quot;port&quot;,&quot;path&quot;,&quot;query&quot;,&quot;fragment&quot;];return n.forEach(function(n){t[n]=e[n]||a}),t}function n(e){var t={};return e.replace(/^([^@]+@)?([^:]+)(:\d+)?$/,function(e,n,r,i){n&amp;amp;&amp;amp;(n=n.slice(0,-1),n=n.split(&quot;:&quot;),t.username=n[0],t.password=n[1]),t.host=r,i&amp;amp;&amp;amp;(t.port=i.substring(1))}),t}function r(e,t){var r=/[^:]+:\d{2,}(\/|$)/.test(e);return r&amp;amp;&amp;amp;(e=e.split(&quot;/&quot;),s(t,n(e.shift())),e.length&amp;gt;0&amp;amp;&amp;amp;(t.path=&quot;/&quot;+e.join(&quot;/&quot;))),r}function i(e,t){var n=e.indexOf(&quot;:&quot;),r=e.indexOf(&quot;/&quot;);r=r&amp;gt;=0?r:e.length;var i=n&amp;gt;=0&amp;amp;&amp;amp;r&amp;gt;n;return i&amp;amp;&amp;amp;(t.scheme=e.substring(0,n),t.path=e.substring(n+1)),i}function o(e){var t={},o=e.indexOf(&quot;#&quot;);return o&amp;gt;=0&amp;amp;&amp;amp;(t.fragment=e.substring(o+1),e=e.substring(0,o)),o=e.indexOf(&quot;?&quot;),o&amp;gt;=0&amp;amp;&amp;amp;(t.query=e.substring(o+1),e=e.substring(0,o)),o=e.indexOf(&quot;://&quot;),o&amp;gt;=0?(t.scheme=e.substring(0,o),e=e.substring(o+3),&quot;file&quot;===t.scheme?t.path=e:(e=e.split(&quot;/&quot;),s(t,n(e.shift())),e.length&amp;gt;0&amp;amp;&amp;amp;(t.path=&quot;/&quot;+e.join(&quot;/&quot;))),t):r(e,t)?t:i(e,t)?t:(e=e.split(&quot;/&quot;),t.host=e.shift(),e.length&amp;gt;0&amp;amp;&amp;amp;(t.path=&quot;/&quot;+e.join(&quot;/&quot;)),t)}var a,s=e(&quot;sfr/lang/underscore&quot;).extend;return function(e){return(&quot;string&quot;==typeof e||e instanceof String)&amp;amp;&amp;amp;(e=o(e)),t(e)}}),define(&quot;sfr/action&quot;,[&quot;require&quot;,&quot;sfr/lang/promise&quot;,&quot;sfr/lang/assert&quot;,&quot;sfr/lang/map&quot;,&quot;sfr/lang/underscore&quot;,&quot;sfr/utils/url&quot;],function(e){function t(e,t,s,c,u,l){function d(e){return&quot;object&quot;==typeof e&amp;amp;&amp;amp;e.create&amp;amp;&amp;amp;e.attach&amp;amp;&amp;amp;e.detach&amp;amp;&amp;amp;e.destroy&amp;amp;&amp;amp;e.update}function f(){function e(e){return o=e,i=(i+1)%r,a}function t(){var e=i;return n.mapSeries(o,function(t){return&quot;function&quot;==typeof t&amp;amp;&amp;amp;e===i?t():void 0}).catch(function(e){setTimeout(function(){throw e})})}var r=1e4,i=0,o=[],a={reset:e,exec:t};return a}function p(e){var t=a.parse(e);return&quot;sfr&quot;===t.scheme&amp;amp;&amp;amp;&quot;index&quot;===t.host?w:e}function h(e){e=e||window.event;var t=m(e.target||e.srcElement,&quot;A&quot;);if(t){var n=t.getAttribute(&quot;data-sf-href&quot;),r=t.getAttribute(&quot;data-sf-options&quot;);if(n){e.preventDefault();try{r=JSON.parse(r)||{}}catch(i){r={}}r.src=&quot;hijack&quot;;var o={event:e,anchor:t};_.redirect(n,null,r,o)}}}function m(e,t){for(var n=e;null!==n&amp;amp;&amp;amp;n.tagName!==t.toUpperCase();)n=n.parentNode;return n}var g,v,w,b,y,x,_=new l,k={},S=f();return _.init=function(){_.serviceMap=g=new i,v=!1,y=&quot;/&quot;,w=&quot;/&quot;,b=!0,x=0},_.getState=function(){return k},_.regist=function(t,n){r(t,&quot;illegal action url&quot;),r(d(n),&quot;illegal service, make sure to extend from sfr/service&quot;),r(!g.has(t),&quot;path already registerd&quot;),e.add(t,this.dispatch),g.set(t,n),_.emit(&quot;registered&quot;,t,n)},_.unregist=function(t){r(t,&quot;illegal action url&quot;),r(g.has(t),&quot;path not registered&quot;),e.remove(t);var n=g.get(t);g.delete(t),_.emit(&quot;unregistered&quot;,t,n)},_.dispatch=function(e,t){r(e,&quot;cannot dispatch with options:&quot;+e);var n=g.get(e.pathPattern);e.service=n;var i=g.get(t.pathPattern);t.service=i;var o=k;return k={},v&amp;amp;&amp;amp;(v=!1,e.options.src=&quot;back&quot;),e.options&amp;amp;&amp;amp;&quot;sync&quot;===e.options.src?w=e.url||&quot;/&quot;:b=!1,c.ensureAttached(),S.reset([function(){return i?i.detach(e,t,o):void 0},function(){return n?n.create(e,t,o):void 0},function(){return i?i.destroy(e,t,o):void 0},function(){return n?n.attach(e,t,o):void 0}]).exec()},_.isIndexPage=function(){return b},_.remove=function(e){return g.delete(e)},_.exist=function(e){return g.has(e)},_.config=function(t){t&amp;amp;&amp;amp;t.root&amp;amp;&amp;amp;(y=t.root),e.config(t)},_.clear=function(){g.clear(),e.clear()},_.redirect=function(n,r,i,s){n=p(n),o.assign(k,s),i=o.assign({},i,{id:x++});try{e.redirect(n,r,i)}catch(c){throw n=a.resolve(y,n),t.replace(n),_.emit(&quot;redirect failed&quot;,n),c}_.emit(&quot;redirected&quot;,n)},_.back=function(){v=!0,s.back()},_.reset=function(t,n,r,i){b&amp;amp;&amp;amp;(w=t),o.assign(k,i),e.reset(t,n,r)},_.start=function(t){arguments.length&amp;amp;&amp;amp;_.config(t),document.body.addEventListener(&quot;click&quot;,h),e.start()},_.stop=function(){document.body.removeEventListener(&quot;click&quot;,h),e.stop()},_.update=function(r,i,o,a){o=o?o:{},o.hasOwnProperty(&quot;silent&quot;)||(o.silent=!0);var s=e.ignoreRoot(t.pathname+t.search+t.hash),c=e.ignoreRoot(r),u=(c||&quot;&quot;).replace(/\?.*/,&quot;&quot;),l=e.pathPattern(r),d=e.getState();if(!g.has(l))throw new Error(&quot;service not found:&quot;+u);var f=g.get(l),p={from:{url:s},to:{url:c,path:u},extra:a};return e.reset(r,i,o),n.resolve().then(function(){return f.update(d,p,a)})},_.init(),_}var n=e(&quot;sfr/lang/promise&quot;),r=e(&quot;sfr/lang/assert&quot;),i=e(&quot;sfr/lang/map&quot;),o=e(&quot;sfr/lang/underscore&quot;),a=e(&quot;sfr/utils/url&quot;);return t}),define(&quot;sfr/service&quot;,[&quot;require&quot;],function(){var e=function(){};return e.prototype.create=function(){},e.prototype.attach=function(){},e.prototype.detach=function(){},e.prototype.destroy=function(){},e.prototype.update=function(){},e}),define(&quot;sfr/resource&quot;,[&quot;sfr/utils/http&quot;,&quot;sfr/lang/underscore&quot;],function(e,t){function n(e){this.url=e}return n.prototype={getUrl:function(e){var n=this.url;return t.forOwn(e,function(e,t){n=n.replace(&quot;:&quot;+t,e)}),n=n.replace(/:[a-zA-Z]\w*/g,&quot;&quot;)},create:function(t,n){var r=this.getUrl(n);return e.post(r,t)},query:function(t){var n=this.getUrl(t);return e.get(n)},update:function(t,n){var r=this.getUrl(n);return e.put(r,t)},&quot;delete&quot;:function(t){var n=this.getUrl(t);return e.delete(n)}},n.prototype.constructor=n,n}),define(&quot;sfr/view&quot;,[&quot;require&quot;],function(){var e=function(){this._init()};return e.prototype={constructor:e,_init:function(){},set:function(){},get:function(){},create:function(){},render:function(){},update:function(){},attach:function(){},detach:function(){},destroy:function(){},on:function(){},off:function(){}},e}),define(&quot;sfr/doc&quot;,[&quot;require&quot;],function(){function e(e){function t(){var t=e.querySelector(&quot;#sfr-app&quot;);t||e.body.appendChild(n)}var n=e.querySelector(&quot;#sfr-app&quot;);return n||(n=e.createElement(&quot;div&quot;),n.setAttribute(&quot;id&quot;,&quot;sfr-app&quot;)),n.ensureAttached=t,n.ensureAttached(),n}return e}),define(&quot;sfr/config&quot;,[&quot;require&quot;],function(){var e={action:{type:&quot;factory&quot;,module:&quot;sfr/action&quot;,args:[&quot;router&quot;,&quot;location&quot;,&quot;history&quot;,&quot;doc&quot;,&quot;logger&quot;,&quot;emitter&quot;]},router:{type:&quot;factory&quot;,module:&quot;sfr/router/router&quot;,args:[&quot;logger&quot;]},view:{type:&quot;value&quot;,module:&quot;sfr/view&quot;},service:{type:&quot;value&quot;,module:&quot;sfr/service&quot;},resource:{type:&quot;value&quot;,module:&quot;sfr/resource&quot;},doc:{type:&quot;factory&quot;,module:&quot;sfr/doc&quot;,args:[&quot;document&quot;]},cache:{type:&quot;value&quot;,module:&quot;sfr/utils/cache&quot;},http:{type:&quot;value&quot;,module:&quot;sfr/utils/http&quot;},url:{type:&quot;value&quot;,module:&quot;sfr/utils/url&quot;},di:{type:&quot;value&quot;,module:&quot;sfr/utils/di&quot;},emitter:{type:&quot;value&quot;,module:&quot;sfr/utils/emitter&quot;},assert:{type:&quot;value&quot;,module:&quot;sfr/lang/assert&quot;},_:{type:&quot;value&quot;,module:&quot;sfr/lang/underscore&quot;},promise:{type:&quot;value&quot;,module:&quot;sfr/lang/promise&quot;},map:{type:&quot;value&quot;,module:&quot;sfr/lang/map&quot;},window:{type:&quot;value&quot;,value:window},document:{type:&quot;value&quot;,value:window.document},location:{type:&quot;value&quot;,value:window.location},history:{type:&quot;value&quot;,value:window.history},logger:{type:&quot;value&quot;,module:&quot;sfr/utils/logger&quot;}};return e}),require([&quot;sfr/utils/di&quot;,&quot;sfr/config&quot;],function(e,t){var n=Object.keys(t).filter(function(e){return t[e].module}).map(function(e){return t[e].module});define(&quot;sfr&quot;,n,function(){var n=new e(t);return Object.keys(t).forEach(n.resolve,n),n.container})})}(),define(&quot;sf25/start&quot;,[&quot;require&quot;,&quot;sf25/utils/animation&quot;,&quot;sf25/lib/scriptLoader&quot;,&quot;uiamd/bdbox/util&quot;,&quot;fusion/deps/naboo&quot;,&quot;fusion/deps/spark&quot;,&quot;fusion/deps/fusion.best&quot;,&quot;../pmd/deps/detect&quot;,&quot;../pmd/share/share&quot;,&quot;sf25/lib/cambrianBar&quot;,&quot;sfr&quot;,&quot;sf25/config&quot;,&quot;sf25/utils/log&quot;,&quot;sf25/utils/require&quot;],function(e){function t(e){var t=r(e);if(t.url){var n=i(t.url);if(n){if(n.enable){if(&quot;function&quot;==typeof n.suspend&amp;amp;&amp;amp;n.suspend())return;return o(t.url,t.title,n,e),void e.preventDefault()}if(n.skipTC){var a=&quot;sf_lid=&quot;+u.getLid()+&quot;&amp;amp;sf_sig=&quot;+u.getSig(event),s=t.url.match(/\?/)?&quot;&amp;amp;&quot;:&quot;?&quot;;location.href=t.url+s+a,e.preventDefault()}}}}function n(e){var t=r(e);if(t.url){var n=i(t.url);n&amp;amp;&amp;amp;n.enable&amp;amp;&amp;amp;(t.$a.hasClass(&quot;WA_LOG_SF&quot;)||t.$a.addClass(&quot;WA_LOG_SF&quot;))}}function r(e){var t=$(e.target).closest(&quot;a[data-url]&quot;);return{url:t.data(&quot;url&quot;),title:t.text(),$a:t}}function i(e){var t;return Object.keys(s).some(function(n){var r=s[n];return r.srcUrl&amp;amp;&amp;amp;r.srcUrl.test(e)?(t=r,!0):void 0}),t}function o(e,t,n,r){var i=e.replace(n.srcUrl,n.targetUrl),o={view:{headTitle:t}},a=$(r.target||r.srcElement).closest(&quot;a&quot;),s={event:r,anchor:a.get(0)};c.redirect(i,null,o,s)}e(&quot;sf25/utils/animation&quot;),e(&quot;sf25/lib/scriptLoader&quot;),e(&quot;uiamd/bdbox/util&quot;),e(&quot;fusion/deps/naboo&quot;),e(&quot;fusion/deps/spark&quot;),e(&quot;fusion/deps/fusion.best&quot;),e(&quot;../pmd/deps/detect&quot;),e(&quot;../pmd/share/share&quot;),e(&quot;sf25/lib/cambrianBar&quot;);var a=e(&quot;sfr&quot;),s=e(&quot;sf25/config&quot;),c=a.action,u=e(&quot;sf25/utils/log&quot;),l=!1;return function(){if(l)return!1;var r=e(&quot;sf25/utils/require&quot;),i=!0;page&amp;amp;&amp;amp;page.comm&amp;amp;&amp;amp;page.comm.superframe&amp;amp;&amp;amp;&quot;0&quot;===page.comm.superframe.sf_enable&amp;amp;&amp;amp;(i=!1);var o=window.fif={};if(o.action=c,i){var a=Object.keys(s);a.forEach(function(e){var t=s[e];return t.enable?void r([t.id]):!1}),c.start(s.superframe.action),window.document.body.addEventListener(&quot;touchstart&quot;,n),window.document.body.addEventListener(&quot;click&quot;,t)}return l=!0,!0}}),define(&quot;sf25/utils/animation&quot;,[&quot;require&quot;,&quot;fusion/deps/naboo&quot;,&quot;fusion/deps/spark&quot;],function(e){var t=e(&quot;fusion/deps/naboo&quot;),n=e(&quot;fusion/deps/spark&quot;);t.register(&quot;enter&quot;,function(e,t,r,i,o){$(t).css({display:&quot;block&quot;,position:&quot;fixed&quot;,top:0,left:0,height:&quot;100%&quot;,overflow:&quot;hidden&quot;,opacity:0,&quot;-webkit-transform&quot;:&quot;translate3d(100%, 0, 0)&quot;,transform:&quot;translate3d(100%, 0, 0)&quot;}),n.css3(t,{opacity:1,&quot;-webkit-transform&quot;:&quot;translate3d(0, 0, 0)&quot;,transform:&quot;translate3d(0, 0, 0)&quot;},r,i,o,function(){e()})}),t.register(&quot;exit&quot;,function(e,t,r,i,o){$(t).css({position:&quot;fixed&quot;,top:0,left:0,height:&quot;100%&quot;,overflow:&quot;hidden&quot;,opacity:1,&quot;-webkit-transform&quot;:&quot;translate3d(0, 0, 0)&quot;,transform:&quot;translate3d(0, 0, 0)&quot;}),n.css3(t,{opacity:0,&quot;-webkit-transform&quot;:&quot;translate3d(100%, 0, 0)&quot;,transform:&quot;translate3d(100%, 0, 0)&quot;},r,i,o,function(){$(t).css({display:&quot;none&quot;,overflow:&quot;auto&quot;,position:&quot;static&quot;,&quot;-webkit-transform&quot;:&quot;none&quot;,transform:&quot;none&quot;}),e()})})}),define(&quot;sf25/utils/log&quot;,[&quot;require&quot;,&quot;sfr&quot;],function(e){function t(){return r.get(page,&quot;comm.lid&quot;)}var n=e(&quot;sfr&quot;),r=n._,i=r.get(page,&quot;utils.getEventSignature&quot;)||function(){return Math.floor(1e5*Math.random())};return{getLid:t,getSig:i}}),define(&quot;sf25/utils/require&quot;,[&quot;require&quot;,&quot;sf25/config&quot;],function(e){var t=e(&quot;sf25/config&quot;).superframe.loader;return function(n,r){var i=n.map(t.getRealRequireId);return e(i,r)}}),define(&quot;sf25/utils/searchbox/searchbox&quot;,[&quot;require&quot;],function(){return{searchClick:function(e,t){return function(){var n=&#039;&amp;lt;form class=&quot;search-box&quot;&amp;gt;\n    &amp;lt;div class=&quot;search-box-input-area&quot;&amp;gt;\n        &amp;lt;div class=&quot;search-icon&quot;&amp;gt;&amp;lt;i class=&quot;c-icon&quot;&amp;gt;&amp;amp;#xe737&amp;lt;/i&amp;gt;&amp;lt;/div&amp;gt;\n        &amp;lt;div class=&quot;search-box-input-container&quot;&amp;gt;\n            &amp;lt;input class=&quot;search-box-input&quot; placeholder=${action.placeholder} autocomplete=&quot;off&quot; type=&quot;text&quot; name=&quot;word&quot;&amp;gt;\n        &amp;lt;/div&amp;gt;\n        &amp;lt;div class=&quot;search-action-cancel-icon&quot; style=&quot;display:none&quot;&amp;gt;&amp;lt;i class=&quot;c-icon&quot;&amp;gt;&amp;amp;#xe601&amp;lt;/i&amp;gt;&amp;lt;/div&amp;gt;\n    &amp;lt;/div&amp;gt;\n    &amp;lt;div class=&quot;search-box-button-area&quot;&amp;gt;\n        &amp;lt;button class=&quot;search-action search-action-cancel&quot;&amp;gt;&amp;lt;span&amp;gt;取消&amp;lt;/span&amp;gt;&amp;lt;/button&amp;gt;\n        &amp;lt;button class=&quot;search-action search-action-submit&quot; style=&quot;display: none&quot;&amp;gt;&amp;lt;span&amp;gt;搜索&amp;lt;/span&amp;gt;&amp;lt;/button&amp;gt;\n    &amp;lt;/div&amp;gt;\n&amp;lt;/form&amp;gt;\n&#039;,r=t.etpl.compile(n),i=r({action:e}),o=t.head,a=o.find(&quot;.sfa-back, .sfa-title, .sfa-tool, .sfa-action-menus&quot;);a.hide(),o.append(i);var s=o.find(&quot;.search-box&quot;),c=s.find(&quot;.search-box-input&quot;);c.on(&quot;focus&quot;,function(){o.css(&quot;position&quot;,&quot;absolute&quot;),s.find(&quot;.search-action-cancel&quot;).hide(),s.find(&quot;.search-action-submit&quot;).show(),s.find(&quot;.search-action-cancel-icon&quot;).show(),scrollTo(0,0)}).on(&quot;blur&quot;,function(){o.css(&quot;position&quot;,&quot;fixed&quot;),setTimeout(function(){s.find(&quot;.search-action-submit&quot;).hide(),s.find(&quot;.search-action-cancel&quot;).show(),s.find(&quot;.search-action-cancel-icon&quot;).hide()},100)}),t.container.on(&quot;touchstart&quot;,function(){c.blur()}),s.on(&quot;submit&quot;,function(t){t.preventDefault(),e.submit()}),s.find(&quot;.search-action-cancel-icon&quot;).on(&quot;click&quot;,function(t){t.preventDefault(),e.clear&amp;amp;&amp;amp;e.clear(),c.val(&quot;&quot;)}),s.find(&quot;.search-action-cancel&quot;).on(&quot;click&quot;,function(t){t.preventDefault(),e.cancel&amp;amp;&amp;amp;e.cancel(),s.remove(),a.show()})}}}}),define(&quot;sf25/utils/tabViewLoading&quot;,[&quot;require&quot;],function(){function e(e){var t=[&#039;&amp;lt;div class=&quot;sfa-loading sfa-loading-tab&quot;&amp;gt;&#039;,&quot;&amp;lt;style&amp;gt;&quot;,&quot;.sfa-view {&quot;,&quot;background-color: #fff;&quot;,&quot;}&quot;,&quot;&amp;lt;/style&amp;gt;&quot;,&#039;&amp;lt;div class=&quot;sfa-loading-icon-tab&quot;&amp;gt;&#039;,&#039;&amp;lt;span class=&quot;sfa-loading-tab-bglogo&quot;&amp;gt;&amp;lt;/span&amp;gt;&#039;,&#039;&amp;lt;span class=&quot;sfa-loading-tab-toplight&quot;&amp;gt;&amp;lt;/span&amp;gt;&#039;,&quot;&amp;lt;/div&amp;gt;&quot;,&quot;&amp;lt;/div&amp;gt;&quot;].join(&quot;&quot;);e.append(t)}function t(e){e&amp;amp;&amp;amp;e.find(&quot;.sfa-loading&quot;).remove()}return{show:e,close:t}}),define(&quot;sf25/utils/titlebar/titlebar&quot;,[&quot;require&quot;,&quot;sf25/utils/searchbox/searchbox&quot;],function(e){function t(e){var t=e.head,r=t.find(&quot;.sfa-tool&quot;),i={};return i.init=function(e){r.off().empty(),t.find(&quot;.sfa-action-menus&quot;).remove(),this.searchAction(e)},i.renderActions=function(t,n,r){r=r||{};var i=e.etpl.compile(t),o=i({actions:n,options:r});return o},i.searchAction=function(t){t.map(function(t){&quot;search&quot;===t.type&amp;amp;&amp;amp;(t.enforce=!0,t.icon=&quot;&amp;amp;#xe641;&quot;,t.click=n.searchClick(t,e))})},i.setEvents=function(e){for(var n=t.find(&quot;.sfa-action-item&quot;),i=0;i&amp;lt;n.length;i++)e[i].click&amp;amp;&amp;amp;&quot;function&quot;==typeof e[i].click&amp;amp;&amp;amp;t.find(n[i]).on(&quot;click&quot;,e[i].click);r.find(&quot;.sfa-action-more&quot;).click(function(){t.find(&quot;.sfa-action-menus&quot;).toggle()}),t.find(&quot;.sfa-action-menus&quot;).click(function(){setTimeout(function(){t.find(&quot;.sfa-action-menus&quot;).hide()},10)})},function(e,n){n=n||{},i.init(e);var o=&#039;&amp;lt;% if: ${actions.length} &amp;gt; (${options.maxIcons} || 2) %&amp;gt;\n    &amp;lt;%if: ${actions.enforce}%&amp;gt;\n        &amp;lt;div class=&quot;sfa-action-item&quot;&amp;gt;&amp;lt;i class=&quot;c-icon&quot;&amp;gt;${action.icon|raw}&amp;lt;/i&amp;gt;&amp;lt;/div&amp;gt;\n    &amp;lt;%/if%&amp;gt;\n    &amp;lt;div class=&quot;sfa-action-more&quot;&amp;gt;&amp;lt;i class=&quot;c-icon&quot;&amp;gt;&amp;amp;#xe63f;&amp;lt;/i&amp;gt;&amp;lt;/div&amp;gt;\n&amp;lt;% else %&amp;gt;\n    &amp;lt;% for: ${actions} as ${action}, ${index} %&amp;gt;\n    &amp;lt;div class=&quot;sfa-action-item&quot; data-index=${index}&amp;gt;\n        &amp;lt;% if: ${action.icon} %&amp;gt;\n        &amp;lt;i class=&quot;c-icon sfa-head-menu-icon&quot;&amp;gt;${action.icon|raw}&amp;lt;/i&amp;gt;\n        &amp;lt;% else %&amp;gt;\n        &amp;lt;span class=&quot;sfa-tool-text&quot;&amp;gt;${action.text}&amp;lt;/span&amp;gt;\n        &amp;lt;% /if %&amp;gt;\n    &amp;lt;/div&amp;gt;\n    &amp;lt;% /for %&amp;gt;\n&amp;lt;% /if %&amp;gt;\n&#039;,a=i.renderActions(o,e,n);if(r.append(a),e.length&amp;gt;(n.maxIcons||2)){var s=&#039;&amp;lt;div class=&quot;sfa-action-menus&quot;&amp;gt;\n    &amp;lt;% for: ${actions} as ${action}, ${index} %&amp;gt;\n    &amp;lt;div class=&quot;sfa-action-item&quot; data-index=${index}&amp;gt;\n    &amp;lt;% if: ${action.icon} %&amp;gt;\n        &amp;lt;i class=&quot;c-icon sfa-head-menu-icon&quot;&amp;gt;${action.icon|raw}&amp;lt;/i&amp;gt;\n    &amp;lt;%/if%&amp;gt;\n        &amp;lt;span class=&quot;sfa-tool-text&quot;&amp;gt;${action.text}&amp;lt;/span&amp;gt;\n    &amp;lt;/div&amp;gt;\n    &amp;lt;% /for %&amp;gt;\n&amp;lt;/div&amp;gt;\n&#039;,c=i.renderActions(s,e);t.append(c)}i.setEvents(e)}}var n=e(&quot;sf25/utils/searchbox/searchbox&quot;);return{setActionIcons:t}}),define(&quot;sf25/utils/viewLoading&quot;,[&quot;require&quot;],function(){function e(e){var t=[&#039;&amp;lt;div class=&quot;sfa-loading&quot;&amp;gt;&#039;,&#039;&amp;lt;div class=&quot;sfa-loading-icon c-loading-zbios&quot;&amp;gt;&amp;lt;i class=&quot;c-icon&quot;&amp;gt;&amp;lt;/i&amp;gt;&amp;lt;/div&amp;gt;&#039;,&quot;&amp;lt;span&amp;gt;正在加载&amp;lt;/span&amp;gt;&quot;,&quot;&amp;lt;/div&amp;gt;&quot;].join(&quot;&quot;);e.append(t)}function t(e){e&amp;amp;&amp;amp;e.find(&quot;.sfa-loading&quot;).remove()}return{show:e,close:t}}),define(&quot;sf25/utils/viewManager&quot;,[&quot;require&quot;,&quot;sfr&quot;],function(e){var t=e(&quot;sfr&quot;).cache,n=function(e){this.ViewClass=e,this.cache=t.create(Math.random().toString().slice(3),{limit:3,onRemove:function(e,t,n){n&amp;amp;&amp;amp;e.destroy()}})};return n.prototype.getOrCreate=function(e){var t=this.get(e);return t||(t=new this.ViewClass(e),this.cache.set(e,t)),t},n.prototype.get=function(e){return this.cache.get(e)},n.prototype.remove=function(e){return this.cache.remove(e)},n}),define(&quot;sf25/view/commonView&quot;,[&quot;require&quot;,&quot;sfr&quot;,&quot;fusion/deps/naboo&quot;,&quot;sf25/view/render&quot;,&quot;sf25/window-guard&quot;],function(e){function t(e,t,n,r){e.addEventListener(t,n,r),this.on(&quot;detach&quot;,function(){e.removeEventListener(t,n,r)})}function n(){var e=t;arguments.length&amp;lt;4&amp;amp;&amp;amp;(e=s.partial(e,window)),e.apply(this,arguments)}var r=e(&quot;sfr&quot;),i=e(&quot;fusion/deps/naboo&quot;),o=e(&quot;sf25/view/render&quot;),a=e(&quot;sf25/window-guard&quot;),s=r._,c=r.view,u=r.action,l=r.promise,d=300,f=0,p=&quot;ease&quot;,h=$(&#039;&amp;lt;style data-for=&quot;sf25/view/commonView&quot;&amp;gt;&amp;lt;/style&amp;gt;&#039;);h.text(&quot;#super-frame{font:14px/22px Arial,Helvetica,sans-serif;word-break:break-word;word-wrap:break-word}\n.sfa-view{z-index:501;width:100%;min-height:100%;background-color:#f2f2f2;overflow:auto}\n.sfa-view .sfa-body{overflow:hidden;text-align:left;padding-top:44px}\n.sfa-view .sfa-head{position:fixed;top:0;left:0;z-index:501;width:100%;height:44px;line-height:44px;text-align:center;font-size:18px;background-color:#fff;color:#333;-webkit-user-select:none;user-select:none;-webkit-transform:translate3d(0,0,0);transform:translate3d(0,0,0)}\n.sfa-view .sfa-back,.sfa-view .sfa-close{width:50px;height:44px;float:left;text-align:center;padding-left:2px}\n.sfa-view .sfa-back i{font-size:21px}\n.sfa-view .sfa-close{width:43px}\n.sfa-view .sfa-close span,.sfa-view .sfa-back span{font-size:16px;vertical-align:middle}\n.sfa-tool .sfa-action-more{overflow:hidden;display:inline-block;font-size:21px;width:44px}\n.active .sfa-tool .sfa-action-more:active,.active .sfa-tool .sfa-action-item:active{background:rgba(51,51,51,.4)}\n.sfa-action-item .sfa-tool-text{color:#666;font-size:14px;display:block;width:100%;overflow:hidden}\n.sfa-view .sfa-tool{min-width:44px;height:44px;float:right;text-align:center;padding-right:4px}\n.sfa-head .sfa-tool .sfa-action-item i{font-size:21px}\n.sfa-view .sfa-title{width:100%;padding:0 98px;box-sizing:border-box}\n.sfa-view .sfa-head-border{border-bottom:1px solid #f1f1f1}\n.sfa-view .sfa-title .c-line-clamp1{padding:0 8px}\n.active .sfa-head .sfa-back:active{background:rgba(51,51,51,.4)}\n.sfa-tool .sfa-action-item{display:inline-block;width:44px;overflow:hidden}\n.sfa-head .sfa-action-menus{display:none;float:right;width:auto;background-color:#fff;margin-right:5px;text-align:left;overflow:auto;box-shadow:0 2px 6px #d6d6d6}\n.sfa-action-menus .sfa-action-item{color:#666;font-size:16px;line-height:44px;padding:0 17px;border-bottom:1px solid #f1f1f1}\n.active .sfa-action-menus .sfa-action-item:active{background:rgba(51,51,51,.4)}\n.sfa-action-menus .sfa-action-item .sfa-head-menu-icon{color:#666;font-size:16px;display:block;line-height:44px;width:16px;overflow:hidden;text-align:left}\n.sfa-action-menus .sfa-action-item .sfa-tool-text{color:#666;font-size:16px;width:auto}\n.sfa-action-menus :last-child{border-bottom:0}\n.sfa-head .sfa-action-menus i{float:left;padding-right:14px}\n.sfa-head .search-box{display:-webkit-box;display:-webkit-flex;display:flex;background-color:#fff;font-size:14px;padding:5px 10px 6px 17px;box-sizing:border-box;height:100%;width:100%}\n.sfa-head .search-box .search-box-input-area{display:-webkit-box;display:-webkit-flex;display:flex;width:100%;box-sizing:border-box;height:34px;line-height:34px;color:#333;margin-right:7px;padding-right:3px;border-radius:16px;background:#f5f5f5}\n.sfa-head .search-box .search-box-button-area{width:46px;height:34px;line-height:34px;color:#333}\n.active .sfa-head .search-box .search-box-button-area:active{background:rgba(51,51,51,.4)}\n.search-box .search-icon{color:#c3c3c3;line-height:35px;padding-right:6px;padding-left:13px;font-size:14px}\n.search-box .search-action{line-height:34px;font-size:14px;outline:0}\n.search-action-cancel-icon{width:34px;color:#e0e0e0;font-size:14px}\n.search-box .search-box-input-container{-webkit-box-flex:1;-webkit-flex:1;flex:1;width:100%;height:100%;box-sizing:border-box;left:0}\n.search-box .search-box-input-container input{width:100%;height:100%;font-size:14px;vertical-align:top;outline:0;color:#333}\n.search-box-input::-webkit-input-placeholder{vertical-align:top;font-size:14px}\n.sfa-view .sfa-loading{position:absolute;top:50%;left:50%;color:#fff;width:161px;height:49px;line-height:49px;margin-top:-24px;margin-left:-80px;border-radius:1px;text-align:center}\n.sfa-loading .sfa-loading-icon{display:inline-block;width:37px;height:23px;margin-top:-4px;vertical-align:middle}\n.sfa-view .sfa-loading.sfa-loading-tab{width:147px;height:48px;margin-left:-73px}\n.sfa-view .sfa-loading .sfa-loading-icon-tab{width:100%;height:100%;overflow:hidden}\n.sfa-view .sfa-loading .sfa-loading-tab-bglogo{background:url(//m.baidu.com/se/static/img/iphone/tab_loading__bg_logo.png) no-repeat;background-size:147px 48px;height:48px;width:147px}\n.sfa-view .sfa-loading .sfa-loading-tab-toplight{background:url(//m.baidu.com/se/static/img/iphone/tab_loading_light.png) no-repeat;animation:1s marvel infinite;background-size:147px 48px;position:relative;height:48px;width:147px;top:-48px;left:-78px}\n@keyframes marvel{0%{left:-78px}\n100%{left:73px}}\n.sfa-view .sfa-loading i{height:23px;width:23px;background-size:23px;background-repeat:no-repeat;background-image:url(data:image/png;base64,iVBORw0KGgoAAAANSUhEUgAAAEUAAABFCAMAAAArU9sbAAAAllBMVEUAAAA5kv85kv85kv85kv85kv85kv85kv85kv85kv85kv85kv85kv85kv85kv85kv85kv85kv85kv85kv85kv85kv85kv85kv85kv85kv85kv85kv85kv85kv85kv85kv85kv85kv85kv85kv85kv85kv85kv85kv85kv85kv85kv85kv85kv85kv85kv85kv85kv85kv98v3f9AAAAMXRSTlMA+u4H8xwSDeG7KBapjYhP28EE9jfmpJoxItOALLFuQcxrZOrXdnPHVDyVe11aSIN5drPNPgAAAx5JREFUWMOlmOl2qlAMhbcyySCiBUFRUazzVXve/+Vuk2NZTgwHvx+uVjBk2MmJopxRkvvecBn0gqXt+ecZ1DEW8654ZO3lLhTQznZHvKNj70dohrWNRDm9rYZ6Rqsiki/7uBhkiZNkg208LLyL/qGOcCkk39eD9hhm5veEZDirdsS/eRGHby9nY+lRZ1VVmJ200XfLb4mlnbmJEhzpsWegCseWEZfcFXJau3vUkX9xsZy3RvjaboJ6Zt/8vNmbK+zJWGsmKZvF/PJEg3PSb6zuMd0emE/v7hSMMGxmjgf6HI5Sr3FQC9yRsSI1qGBNSX7OnSbpjbUBNRydHo2CDbkygCo5faxoTVfnpKgzpA7XIKEW1F2oM6OeWoExyZUr2hBTJ4xALFq5wkzIGdl40xe9qWlvzsFRph20IyPNUBzp7x9LtGRE7ZcD2LGQW8L19QCLEjRBWw6keuBCxUJrRjTbZliwS+0Zchccf19PaA1/3ofNumnPimMJfl9DtGfA46HLJWpPSGcTqNAmKnCT6r7mGpP+raqG64qxW2uFxoKBcjw6vxYjlJHQiYKophfngliGVeJdgg7LqsgtXy4JsVlRI9beoMmSsM7L9cJDb1OniUAQO+nz63mYYttk/msnnVeo/ms1ydEzLpzjWgxPENH5uad1zqspuNT1ZFNB2M5LibojObxzNN9hO/59WOltfPtcqka4sVyci5pKH1bcTgr9mOzkhvl3f1LkI+BaNeVfxMtsqhWHow3ihxJkoSlWn8UcXCjEr2JrcPVX4TURs2fAv1sa+uSMCQWkmPUrubIFI/06QgXtxNvxQy58+vcAFVjMj/uhFZEKTKhxJiNT7WFIkATVMH396fgYqy7NjHk9PYqAvx/84EMc7rQNPiT8kkF9yKBTfJP73EzvgM/IuoKI3Wq5pW5NiqfyzNhY5cVNdbHe17RHfGuO1MA7Jn1dtrNWk5zo73eJ3Hg2sRgKSZA1G0JMMN4MQscwzUm4//F64oZ+0lCPS26X0k2basHcTEtsLFcWFEj86auJ1IEy5mUbD4NIF3r0bR+3lwov/gPz4J/MfidXggAAAABJRU5ErkJggg==)}\n.sfa-view .sfa-loading span{display:inline-block;color:#6b6b6b;font-size:18px;padding-right:3px;vertical-align:middle}\n.sfa-view-no-head .sfa-head{display:none}\n.sfa-view-no-head .sfa-body{padding-top:0}\n.sfa-view-transparent-head .sfa-head{background:-moz-linear-gradient(top,rgba(0,0,0,.3) 0,rgba(0,0,0,.2) 25%,rgba(0,0,0,0) 100%);background:-webkit-linear-gradient(top,rgba(0,0,0,.3) 0,rgba(0,0,0,.2) 25%,rgba(0,0,0,0) 100%);background:linear-gradient(to bottom,rgba(0,0,0,.3) 0,rgba(0,0,0,.2) 25%,rgba(0,0,0,0) 100%);color:#fff;text-shadow:0 0 1px rgba(0,0,0,.4)}\n.sfa-view-transparent-head .sfa-body{padding-top:0}\n.sfa-results .c-result:first-of-type .c-container:first-of-type{margin-top:0}\n.sfa-top-results .c-result .c-container:first-of-type{margin:0;padding:0}&quot;),$(&quot;head&quot;).append(h);var m=function(){c.apply(this,arguments);var e=this,t=Object.create({performance:{}},{head:{writeable:!1,get:function(){return e.$sfHead&amp;amp;&amp;amp;e.$sfHead[0]}},body:{writeable:!1,get:function(){return e.$sfBody&amp;amp;&amp;amp;e.$sfBody[0]}},container:{writeable:!1,get:function(){return e.$container&amp;amp;&amp;amp;e.$container[0]}},render:{writeable:!1,get:function(){return e.renderer}},addEventListener:{writeable:!1,get:function(){return n}}});this.vw=t,r.emitter.mixin(this.vw)},g=function(){};return g.prototype=c.prototype,m.prototype=new g,m.uber=c.prototype,m.prototype.constructor=m,m.prototype.setTemplateStream=function(e){this.ts=e},m.prototype.renderFrame=function(e){if(this.frameRendered)return!1;this.frameRendered=!0;var t=&#039;&amp;lt;i class=&quot;c-icon&quot;&amp;gt;&amp;amp;#xe750;&amp;lt;/i&amp;gt;&#039;;e.hasOwnProperty(&quot;backHtml&quot;)&amp;amp;&amp;amp;(t=e.backHtml),this.$sfHead=$([&#039;&amp;lt;div class=&quot;sfa-head&quot;&amp;gt;&#039;,&#039;&amp;lt;div class=&quot;sfa-back&quot;&amp;gt;&#039;+t+&quot;&amp;lt;/div&amp;gt;&quot;,&#039;&amp;lt;div class=&quot;sfa-tool&quot;&amp;gt;&amp;lt;/div&amp;gt;&#039;,&#039;&amp;lt;div class=&quot;sfa-title&quot;&amp;gt;&#039;,&#039;&amp;lt;div class=&quot;c-line-clamp1&quot;&amp;gt;&#039;+(e.headTitle||&quot;&quot;)+&quot;&amp;lt;/div&amp;gt;&quot;,&quot;&amp;lt;/div&amp;gt;&quot;,&quot;&amp;lt;/div&amp;gt;&quot;].join(&quot;&quot;));var n={};e.headHeight&amp;amp;&amp;amp;(n.height=e.headHeight),e.headBackground&amp;amp;&amp;amp;(n.background=e.headBackground),e.headColor&amp;amp;&amp;amp;(n.color=e.headColor),this.$sfHead.css(n),this.$sfBody=$(&#039;&amp;lt;div class=&quot;sfa-body&quot;&amp;gt;&#039;),this.$container=$(&#039;&amp;lt;div class=&quot;sfa-view&quot;&amp;gt;&#039;),e.customClassName&amp;amp;&amp;amp;this.$container.addClass(e.customClassName),this.$container.append(this.$sfHead).append(this.$sfBody),$(r.doc).append(this.$container)},m.prototype.startEnterAnimate=function(){var e=new $.Deferred;if(this.enterAnimate){var t=this.$container[0];i.enter(t,d,p,f).start(function(){e.resolve()})}else this.$container.css({opacity:1,&quot;-webkit-transform&quot;:&quot;none&quot;,transform:&quot;none&quot;}).show(),e.resolve();return e.promise()},m.prototype.prepareRender=function(){this.$container.css({position:&quot;static&quot;,overflow:&quot;auto&quot;,height:&quot;auto&quot;,&quot;-webkit-transform&quot;:&quot;none&quot;,transform:&quot;none&quot;,&quot;min-height&quot;:$(window).height()}),this.$container.find(&quot;.sfa-back&quot;).on(&quot;click&quot;,function(e){u.back(),e.preventDefault()}),this.renderer||(this.renderer=new o(this.vw)),window._SF_=window._SF_||{},window._SF_._global_=this.renderer.global._global_,window._SF_.page=this.renderer.global.scope,window._SF_.vw=this.vw},m.prototype.renderStream=function(){return console.warn(&quot;view.renderStream is deprecated, use view.render() instead.&quot;),this.render()},m.prototype.render=function(){if(this.prepareRender(),this.streamRenderPromise)return this.streamRenderPromise;this.guardContext=a.createContext();var e=this;return this.streamRenderPromise=new l(function(t,n){var r=l.resolve();e.ts.on(&quot;readable&quot;,function(){e.vw.performance.domLoading=Date.now(),e.vw.emit(&quot;beforeRender&quot;)}),e.ts.on(&quot;data&quot;,function(t){t.innerHTML+=&quot;&amp;lt;rendermark&amp;gt;&amp;lt;/rendermark&amp;gt;&quot;,e.vw.body&amp;amp;&amp;amp;(r=e.renderer.render(t).then(function(){void 0===e.vw.performance.firstTemplateLoaded&amp;amp;&amp;amp;(e.vw.performance.firstTemplateLoaded=Date.now())}))}),e.ts.on(&quot;end&quot;,function(){r.then(function(){e.vw.performance.domInteractive=Date.now(),e.vw.emit(&quot;endRender&quot;),t()})}),e.ts.on(&quot;error&quot;,n)})},m.prototype.attach=function(){var e=this;return new l(function(t){e.vw.emit(&quot;attach&quot;),t()})},m.prototype.detach=function(){var e=new $.Deferred;this.$container&amp;amp;&amp;amp;this.$container.find(&quot;.sfa-back&quot;).off(&quot;click&quot;),this.vw.emit(&quot;detach&quot;),e.resolve();var t=this;return e.promise().then(function(){var e=a.checkContext(t.guardContext);e.totalChanges&amp;gt;1?console.warn(&quot;You have some changes leaved on window!&quot;,e):console.log(&quot;guard pass&quot;)})},m.prototype.startExitAnimate=function(){var e=new $.Deferred;if(this.exitAnimate){var t=this.$container[0];i.exit(t,d,p,f).start(function(){e.resolve()})}else this.$container.css({display:&quot;none&quot;,position:&quot;static&quot;,&quot;-webkit-transform&quot;:&quot;none&quot;,transform:&quot;none&quot;}),e.resolve();return e.promise()},m.prototype.hideView=function(){this.$container.hide()},m.prototype.removeDom=function(){this.$container.remove(),delete this.$container,delete this.$sfHead,delete this.$sfBody},m}),define(&quot;sf25/view/domRenderView&quot;,[&quot;require&quot;,&quot;sf25/view/commonView&quot;,&quot;sfr&quot;,&quot;sf25/window-guard&quot;],function(e){function t(e,t,n){e.prototype[t]=r.wrap(e.uber[t],n)}var n=e(&quot;sf25/view/commonView&quot;),r=e(&quot;sfr&quot;)._,i=e(&quot;sf25/window-guard&quot;),o=window.Zepto,a=function(e){n.apply(this,arguments),this.type=e};return a.prototype=new n,a.uber=n.prototype,a.prototype.constructor=a,a.prototype.setTemplateStream=function(e){this.resourceQueryPromise=e},a.prototype.render=function(){if(this.prepareRender(),this.streamRenderPromise)return this.streamRenderPromise;this.guardContext=i.createContext();var e=this;return this.streamRenderPromise=this.resourceQueryPromise.then(function(t){e.vw.emit(&quot;beforeRender&quot;);var n=t.data+&quot;&amp;lt;rendermark&amp;gt;&amp;lt;/rendermark&amp;gt;&quot;,r=o(&quot;&amp;lt;div&amp;gt;&quot;).html(n);return r.find(&quot;[data-sfr-omit]&quot;).remove(),r.find(&quot;title, meta&quot;).remove(),e.renderer.render({type:&quot;template/body&quot;,innerHTML:r.html()})})},t(a,&quot;renderFrame&quot;,function(e,t){return e.call(this,t)===!1?!1:void 0}),t(a,&quot;attach&quot;,function(e){return this.vw&amp;amp;&amp;amp;this.vw.tc&amp;amp;&amp;amp;(window.tc=this.vw.tc),e.call(this)}),t(a,&quot;detach&quot;,function(e){var t=e.call(this);return this.vw.tc=window.tc,delete window.tc,t}),a}),define(&quot;sf25/view/ecomView&quot;,[&quot;require&quot;,&quot;sf25/view/commonView&quot;,&quot;sfr&quot;],function(e){var t=e(&quot;sf25/view/commonView&quot;),n=e(&quot;sfr&quot;)._,r=function(){t.apply(this,arguments)};return r.prototype=new t,r.uber=t.prototype,r.prototype.constructor=r,r.prototype.renderFrame=n.wrap(t.prototype.renderFrame,function(e,t){return e.call(this,t)===!1?!1:void(t.noHead&amp;amp;&amp;amp;(this.$sfHead.hide(),this.$sfBody.css({&quot;padding-top&quot;:&quot;0&quot;})))}),r}),define(&quot;sf25/view/ifsView&quot;,[&quot;require&quot;,&quot;sf25/view/sceneView&quot;,&quot;../../pmd/deps/detect&quot;,&quot;sf25/utils/titlebar/titlebar&quot;],function(e){function t(e){var t=window.$,n=t(window).height();this.lastHeight=n,e.$SceneView.css(&quot;min-height&quot;,n+&quot;px&quot;);var r=e.$sfHead.height(),i=n-r;e.$sfBody.find(&quot;.sfc-act-sf-mip-container-wrapper&quot;).height(i),e.viewer.render()}function n(e){(u.android&amp;amp;&amp;amp;!u.android4&amp;amp;&amp;amp;!u.uc&amp;amp;&amp;amp;!u.bdbox||u.android4)&amp;amp;&amp;amp;e.$SceneView.addClass(&quot;sfc-act-sf-mip-notransform&quot;)}function r(e){u.android4&amp;amp;&amp;amp;e.$SceneView.addClass(&quot;sfc-act-sf-mip-nooverflow&quot;)}var i=e(&quot;sf25/view/sceneView&quot;),o=e(&quot;../../pmd/deps/detect&quot;),a=function(){i.apply(this,arguments)},s=function(){};s.prototype=i.prototype,a.prototype=new s,a.prototype.constructor=a,a.prototype._super=i.prototype,a.prototype.render=function(t){if(!(this.$SceneView&amp;amp;&amp;amp;this.$SceneView.length&amp;gt;0)){this._super.render.call(this,t);var i=e(&quot;sf25/utils/titlebar/titlebar&quot;);this.setHeadActionIcons=i.setActionIcons({etpl:page.etpl,head:this.$sfHead,container:this.$SceneView}),this.$sfBody.html([&quot;&amp;lt;style&amp;gt;.sf-act-mib-frame .sf-head{background-color:#fff;box-shadow:0 1px 3px rgba(0,0,0,.2)}\n.sfc-act-sf-mip-container{display:block;width:100%;height:100%;overflow:hidden;position:relative;-webkit-tap-highlight-color:rgba(0,0,0,0)}\n.sfc-act-sf-mip-container-wrapper{display:block;height:100%;width:100%;border-right:0 solid #ccc;background-color:#fff;font-size:0;line-height:0;-webkit-overflow-scrolling:touch;overflow-y:scroll;z-index:1;-webkit-transform:translate3d(0,0,0);transform:translate3d(0,0,0)}\n.sfc-act-sf-mip-container iframe{background-color:#fff;border:0;width:1px;min-width:100%;height:100%;-webkit-overflow-scrolling:touch;overflow-y:scroll;overflow-x:hidden}\n.sfc-act-sf-mip-loading{position:absolute;top:150px;left:0;width:100%;text-align:center;z-index:2}\n.sfc-act-sf-mip-notransform .sfc-act-sf-mip-container{position:static}\n.sfc-act-sf-mip-notransform .sfc-act-sf-mip-container-wrapper{-webkit-transform:none;transform:none}\n.sfc-act-sf-mip-nooverflow .sfc-act-sf-mip-container-wrapper{overflow-y:hidden}\n.sfc-act-sf-tc-view.sfa-view{background:#e6e6e6}\n.sfc-act-sf-tc-view .sfc-act-sf-mip-container-wrapper{background:#e6e6e6}\n.sfc-act-sf-tc-view .sfc-act-sf-mip-container iframe{background:#e6e6e6}&amp;lt;/style&amp;gt;&quot;,&#039;&amp;lt;div class=&quot;sfc-act-sf-mip-box&quot;&amp;gt;&#039;,&#039;&amp;lt;div class=&quot;sfc-act-sf-mip-container&quot;&amp;gt;&#039;,&#039;&amp;lt;div class=&quot;sfc-act-sf-mip-container-wrapper&quot;&amp;gt;&#039;].join(&quot;&quot;)),this.$SceneView.css({background:&quot;#fff&quot;}),n(this),r(this)}},a.prototype.renderBody=function(){this.viewer.setConfig({target:this.$sfBody.find(&quot;.sfc-act-sf-mip-container-wrapper&quot;)[0]}),t(this)},a.prototype.resize=function(){t(this)};var c=navigator.userAgent,u={iOS:&quot;ios&quot;===o.os.n,android:&quot;android&quot;===o.os.n,android4:/android.*?(\d\.\d)/i.test(c)&amp;amp;&amp;amp;RegExp.$1&amp;lt;=4.5,uc:/UCBrowser/i.test(c),bdbox:/baiduboxapp/i.test(c)};return a}),define(&quot;sf25/view/imageView&quot;,[&quot;require&quot;,&quot;sf25/view/commonView&quot;,&quot;sfr&quot;,&quot;../../pmd/deps/detect&quot;],function(e){var t=e(&quot;sf25/view/commonView&quot;),n=e(&quot;sfr&quot;)._,r=e(&quot;../../pmd/deps/detect&quot;),i=function(e){t.apply(this,arguments),this.type=e};return i.prototype=new t,i.uber=t.prototype,i.prototype.constructor=i,i.prototype.renderFrame=n.wrap(t.prototype.renderFrame,function(e,t){return e.call(this,t)===!1?!1:void(&quot;detail&quot;===this.type?(this.$container.css({background:&quot;#000&quot;}),this.$sfHead.hide()):&quot;result&quot;===this.type&amp;amp;&amp;amp;this.$sfHead.css({background:&quot;#f7f7f7&quot;,color:&quot;#585858&quot;}))}),i.prototype.prepareRender=n.wrap(t.prototype.prepareRender,function(e){e.call(this),&quot;detail&quot;===this.type&amp;amp;&amp;amp;&quot;android&quot;===r.os.n&amp;amp;&amp;amp;&quot;zbios&quot;===r.browser.n&amp;amp;&amp;amp;(this.$container.css({&quot;min-height&quot;:&quot;100vh&quot;}),$(window).on(&quot;resize&quot;,$.proxy(this.resize,this))),this.renderer.clientFunction=function(e){return[&quot;function(vw, page, _global_){&quot;,&quot;  var require = _global_.require;&quot;,&quot;  var define = _global_.define;&quot;,e,&quot;}&quot;].join(&quot;\n&quot;)}}),i.prototype.resize=function(){this.$container.css({&quot;min-height&quot;:$(window).height()})},i.prototype.detach=n.wrap(t.prototype.detach,function(e){e.call(this),$(window).off(&quot;resize&quot;,$.proxy(this.resize,this))}),i}),define(&quot;sf25/view/novelView&quot;,[&quot;require&quot;,&quot;sf25/view/commonView&quot;,&quot;sfr&quot;,&quot;sf25/window-guard&quot;],function(e){function t(e,t,n){e.prototype[t]=r.wrap(e.uber[t],n)}var n=e(&quot;sf25/view/commonView&quot;),r=e(&quot;sfr&quot;)._,i=e(&quot;sf25/window-guard&quot;),o=window.Zepto,a=function(e){n.apply(this,arguments),this.type=e};return a.prototype=new n,a.uber=n.prototype,a.prototype.constructor=a,a.prototype.setTemplateStream=function(e){this.resourceQueryPromise=e},a.prototype.render=function(){if(this.prepareRender(),this.streamRenderPromise)return this.streamRenderPromise;this.guardContext=i.createContext();var e=this;return this.streamRenderPromise=this.resourceQueryPromise.then(function(t){e.vw.emit(&quot;beforeRender&quot;);var n=t.data+&quot;&amp;lt;rendermark&amp;gt;&amp;lt;/rendermark&amp;gt;&quot;,r=o(&quot;&amp;lt;div&amp;gt;&quot;).html(n);return r.find(&quot;[data-sfr-omit]&quot;).remove(),r.find(&quot;title, meta&quot;).remove(),e.renderer.render({type:&quot;template/body&quot;,&quot;use-loader&quot;:!0,innerHTML:r.html()})})},t(a,&quot;renderFrame&quot;,function(e,t){return e.call(this,t)===!1?!1:void 0}),t(a,&quot;attach&quot;,function(e){return this.vw&amp;amp;&amp;amp;this.vw.tc&amp;amp;&amp;amp;(window.tc=this.vw.tc),e.call(this)}),t(a,&quot;detach&quot;,function(e){var t=e.call(this);return this.vw.tc=window.tc,delete window.tc,t}),a}),define(&quot;sf25/view/render&quot;,[&quot;sfr&quot;],function(e){function t(e){this.global={scope:{},virtualWindow:e};var t=this;this.global._global_=Object.create(null,{container:{writeable:!1,get:function(){return t.global.virtualWindow.container}}}),this.queue=u.resolve()}function n(e,t){for(;e.childNodes.length&amp;gt;0;)t.appendChild(e.childNodes[0])}function r(e,n){var r=c.toArray(e).filter(function(e){return d.test(e.rel)});return new u(function(e){function i(){o--,0===o&amp;amp;&amp;amp;e()}var o=r.length;return 0===o?(o=1,i()):void r.forEach(function(e){n.appendChild(e),t.load(e,i)})})}function i(e){var t=&quot;sf_closure_eval_&quot;+Math.random().toString(36).substr(2);return window[t]=function(t){t(e.virtualWindow,e.scope,e._global_)},t}function o(e){delete window[e]}function a(e,n){function r(){document.head.removeChild(e),n()}document.head.appendChild(e),e.src?t.load(e,r):r()}function s(e){var t=document.createElement(&quot;script&quot;);return t.src=e.src,t}var c=e._,u=e.promise,l=/^$|\/(?:java|ecma)script/i,d=/stylesheet/i;return t.prototype.render=function(e){return this.queue=this.queue.catch(function(e){setTimeout(function(){throw e})}).then(function(){return this.renderer(e)}.bind(this))},t.prototype.setRenderer=function(e){this.global.renderer=e},t.prototype.renderer=function(e){var t=this.global.virtualWindow.head,n=this.global.virtualWindow.body;switch(e.type){case&quot;template/head&quot;:return this.renderPartial(t,e);case&quot;template/body&quot;:return this.renderPartial(n,e);default:return this.renderPartial(n,e)}},t.prototype.renderPartial=function(e,t){var i=t.innerHTML,o=document.createElement(&quot;div&quot;);o.innerHTML=i;var a=o.querySelectorAll(&quot;link&quot;),s=o.querySelectorAll(&quot;script&quot;);return u.resolve().then(function(){return r(a,e)}).then(function(){return n(o,e)}).then(function(){return this.enforceJS(s,t)}.bind(this))},t.prototype.enforceJS=function(e,t){var n=i(this.global),r=-1,d=c.toArray(e).filter(function(e){return l.test(e.type)}).map(function(e){var i;if(e.src)i=s(e),r++;else{var o=t.hasOwnProperty(&quot;use-loader&quot;);o&amp;amp;&amp;amp;r++,i=this.wrapScript(e,o?&quot;_superframeJSLoader&quot;:n)}return i.setAttribute(&quot;data-evaluator-id&quot;,n),i.setAttribute(&quot;data-script-index&quot;,r),i},this);return new u(function(e){function t(){r--,0===r&amp;amp;&amp;amp;(o(n),e())}var r=d.length;return 0===r?(r=1,t()):void d.forEach(function(e){a(e,t)})})},t.prototype.wrapScript=function(e,t){var n=document.createElement(&quot;script&quot;);return n.text=t+&quot;(&quot;+this.clientFunction(e.innerHTML)+&quot;);&quot;,n},t.prototype.clientFunction=function(e){return&quot;function(vw, page, _global_){&quot;+e+&quot;}&quot;},t.load=function(e,t){var n=!1;e.onload=e.onerror=e.onreadystatechange=function(){var r=e.readyState;if(&quot;undefined&quot;==typeof r||/^(loaded|complete)$/.test(r)){if(n)return;n=!0,setTimeout(function(){t(e)})}}},t}),define(&quot;sf25/view/sceneRender&quot;,[&quot;require&quot;],function(){function e(e){var t,n,r,i,o,a,s,c;for(t={},n=e.split(&#039;&amp;lt;template id=&quot;sf_async_&#039;),i=n.length,r=0;i&amp;gt;r;r++)o=n[r],a=o.indexOf(&quot;&amp;gt;&quot;),s=o.lastIndexOf(&quot;&amp;lt;/template&amp;gt;&quot;),a&amp;gt;-1&amp;amp;&amp;amp;s&amp;gt;-1&amp;amp;&amp;amp;(c=o.substring(0,a).match(/([^&amp;gt;]*)[&#039;|&quot;][^&amp;gt;]*/),c&amp;amp;&amp;amp;c[1]&amp;amp;&amp;amp;(t[&quot;sf_async_&quot;+c[1]]=o.substring(a+1,s)));return t}function t(e,t){var n,r,i,o,a,s=[],c=[];for(r=t.length,i=0;r&amp;gt;i;i++)o=t[i],s.push(o[0]),c.push(o[1]);s.push(e);try{n=Function.apply(null,s),a=n.apply(this,c)}catch(u){setTimeout(function(){throw u})}return a}function n(e,t){var n=[];return t&amp;amp;&amp;amp;t.page&amp;amp;&amp;amp;t.view?(n=[[&quot;_global_&quot;,e],[&quot;page&quot;,t.page],[&quot;view&quot;,t.view],[&quot;card&quot;,e.card]],_SF_._global_=e,_SF_.page=t.page,_SF_.view=t.view,_SF_.card=e.card):(n=[[&quot;_global_&quot;,e],[&quot;page&quot;,e.page],[&quot;view&quot;,e.view],[&quot;card&quot;,e.card]],_SF_._global_=e,_SF_.page=e.page,_SF_.view=e.view,_SF_.card=e.card),n}function r(e){var t=document.getElementsByTagName(&quot;link&quot;);if(t&amp;amp;&amp;amp;t.length&amp;gt;0)for(var n=0,r=t.length;r&amp;gt;n;n++)if(t[n].href===e)return!0;return!1}function i(e,t){if(t=t||function(){},r(e))t();else{var n=document.createElement(&quot;link&quot;);n.href=e,n.type=&quot;text/css&quot;,n.rel=&quot;stylesheet&quot;,n.onload=n.onreadystatechange=function(){this.readyState&amp;amp;&amp;amp;&quot;loaded&quot;!==this.readyState&amp;amp;&amp;amp;&quot;complete&quot;!==this.readyState||t()},document.getElementsByTagName(&quot;head&quot;)[0].appendChild(n)}}function o(e,t){for(var n=0,r=0,o=e.length;o&amp;gt;r;r++)i(e[r],function(){n++,n===e.length&amp;amp;&amp;amp;t&amp;amp;&amp;amp;&quot;function&quot;==typeof t&amp;amp;&amp;amp;t()})}function a(e,t){if(t=t||function(){},r(e))t();else{var n=document.createElement(&quot;script&quot;);n.src=e,n.type=&quot;text/javascript&quot;;var i=!1;n.onload=n.onerror=n.onreadystatechange=function(){this.readyState&amp;amp;&amp;amp;&quot;loaded&quot;!==this.readyState&amp;amp;&amp;amp;&quot;complete&quot;!==this.readyState||i||(i=!0,t())},document.getElementsByTagName(&quot;head&quot;)[0].appendChild(n)}}function s(e,r,i){function o(){0&amp;gt;=l&amp;amp;&amp;amp;s()}function s(){setTimeout(function(){u=n(r,i),e.sf_async_foot_js&amp;amp;&amp;amp;t(e.sf_async_foot_js.replace(/&amp;lt;\/?script&amp;gt;/gi,&quot;&quot;),u),setTimeout(function(){var e=new Event(&quot;ContainerContentLoaded&quot;);r.container&amp;amp;&amp;amp;r.container.dispatchEvent(e)})})}r=r||{};var u=n(r,i),l=0;if(e.sf_async_head_js&amp;amp;&amp;amp;t(e.sf_async_head_js.replace(/&amp;lt;\/?script&amp;gt;/gi,&quot;&quot;),u),u=n(r,i),i&amp;amp;&amp;amp;i.options&amp;amp;&amp;amp;1==i.options.vsearch_change&amp;amp;&amp;amp;e.sf_async_searchBox&amp;amp;&amp;amp;c(e.sf_async_searchBox,r,i),e.sf_async_body){r.container&amp;amp;&amp;amp;(r.container.innerHTML+=e.sf_async_body);for(var d=r.container.getElementsByTagName(&quot;script&quot;),f=0,p=d.length;p&amp;gt;f;f++){var h=d[f];h.src?(l++,a(h.src,function(){return l--,o(),function(e){e.parentNode.removeChild(e)}})):(u=n(r,i),t(h.innerHTML,u))}i&amp;amp;&amp;amp;i.options&amp;amp;&amp;amp;i.options.disableFadein||$(r.container).css({opacity:0}).animate({opacity:1},200),r&amp;amp;&amp;amp;r.view&amp;amp;&amp;amp;r.view.on(&quot;domready&quot;,function(){i&amp;amp;&amp;amp;i.state&amp;amp;&amp;amp;i.state.offsetY&amp;amp;&amp;amp;setTimeout(function(){scrollTo(0,i.state.offsetY)},1)})}u=n(r,i),e.sf_async_merge_js&amp;amp;&amp;amp;t(e.sf_async_merge_js.replace(/&amp;lt;\/?script&amp;gt;/gi,&quot;&quot;),u),o()}function c(e){var t=$(&quot;.se-page-hd-content .se-tablink-scroll-touch&quot;),n=$(&quot;.se-page-hd-content .se-tablink-scroll-touch&quot;);t.empty(),t.append(e),n.scrollLeft(0)}function u(t,n,r){var i=e(t),a=i.sf_async_css;if(n=n||{},n.container&amp;amp;&amp;amp;(n.container.innerHTML=&quot;&quot;),a){var c=a.match(/href=([\&#039;\&quot;])(.*?)\1/gi);if(c.length&amp;amp;&amp;amp;c.length&amp;gt;0){for(var u=0,l=c.length;l&amp;gt;u;u++)c[u]=c[u].replace(&quot;href=&quot;,&quot;&quot;).replace(/[\&#039;\&quot;]/g,&quot;&quot;);o(c,function(){s(i,n,r)}),a=a.replace(/&amp;lt;link.*?&amp;gt;/gi,&quot;&quot;)}n.container&amp;amp;&amp;amp;(n.container.innerHTML+=a)}else s(i,n,r)}return window._SF_={},u}),define(&quot;sf25/view/sceneView&quot;,[&quot;require&quot;,&quot;sfr&quot;,&quot;fusion/deps/naboo&quot;,&quot;../../pmd/deps/detect&quot;,&quot;sf25/view/sceneRender&quot;,&quot;sf25/utils/viewLoading&quot;],function(e){var t=e(&quot;sfr&quot;),n=e(&quot;fusion/deps/naboo&quot;),r=e(&quot;../../pmd/deps/detect&quot;),i=e(&quot;sf25/view/sceneRender&quot;),o=e(&quot;sf25/utils/viewLoading&quot;),a=t.view,s=t.action,c=300,u=0,l=&quot;ease&quot;,d=$(&#039;&amp;lt;style data-for=&quot;sf25/view/sceneView&quot;&amp;gt;&amp;lt;/style&amp;gt;&#039;);d.text(&quot;#super-frame{font:14px/22px Arial,Helvetica,sans-serif;word-break:break-word;word-wrap:break-word}\n.sfa-view{z-index:501;width:100%;min-height:100%;background-color:#f2f2f2;overflow:auto}\n.sfa-view .sfa-body{overflow:hidden;text-align:left;padding-top:44px}\n.sfa-view .sfa-head{position:fixed;top:0;left:0;z-index:501;width:100%;height:44px;line-height:44px;text-align:center;font-size:18px;background-color:#fff;color:#333;-webkit-user-select:none;user-select:none;-webkit-transform:translate3d(0,0,0);transform:translate3d(0,0,0)}\n.sfa-view .sfa-back,.sfa-view .sfa-close{width:50px;height:44px;float:left;text-align:center;padding-left:2px}\n.sfa-view .sfa-back i{font-size:21px}\n.sfa-view .sfa-close{width:43px}\n.sfa-view .sfa-close span,.sfa-view .sfa-back span{font-size:16px;vertical-align:middle}\n.sfa-tool .sfa-action-more{overflow:hidden;display:inline-block;font-size:21px;width:44px}\n.active .sfa-tool .sfa-action-more:active,.active .sfa-tool .sfa-action-item:active{background:rgba(51,51,51,.4)}\n.sfa-action-item .sfa-tool-text{color:#666;font-size:14px;display:block;width:100%;overflow:hidden}\n.sfa-view .sfa-tool{min-width:44px;height:44px;float:right;text-align:center;padding-right:4px}\n.sfa-head .sfa-tool .sfa-action-item i{font-size:21px}\n.sfa-view .sfa-title{width:100%;padding:0 98px;box-sizing:border-box}\n.sfa-view .sfa-head-border{border-bottom:1px solid #f1f1f1}\n.sfa-view .sfa-title .c-line-clamp1{padding:0 8px}\n.active .sfa-head .sfa-back:active{background:rgba(51,51,51,.4)}\n.sfa-tool .sfa-action-item{display:inline-block;width:44px;overflow:hidden}\n.sfa-head .sfa-action-menus{display:none;float:right;width:auto;background-color:#fff;margin-right:5px;text-align:left;overflow:auto;box-shadow:0 2px 6px #d6d6d6}\n.sfa-action-menus .sfa-action-item{color:#666;font-size:16px;line-height:44px;padding:0 17px;border-bottom:1px solid #f1f1f1}\n.active .sfa-action-menus .sfa-action-item:active{background:rgba(51,51,51,.4)}\n.sfa-action-menus .sfa-action-item .sfa-head-menu-icon{color:#666;font-size:16px;display:block;line-height:44px;width:16px;overflow:hidden;text-align:left}\n.sfa-action-menus .sfa-action-item .sfa-tool-text{color:#666;font-size:16px;width:auto}\n.sfa-action-menus :last-child{border-bottom:0}\n.sfa-head .sfa-action-menus i{float:left;padding-right:14px}\n.sfa-head .search-box{display:-webkit-box;display:-webkit-flex;display:flex;background-color:#fff;font-size:14px;padding:5px 10px 6px 17px;box-sizing:border-box;height:100%;width:100%}\n.sfa-head .search-box .search-box-input-area{display:-webkit-box;display:-webkit-flex;display:flex;width:100%;box-sizing:border-box;height:34px;line-height:34px;color:#333;margin-right:7px;padding-right:3px;border-radius:16px;background:#f5f5f5}\n.sfa-head .search-box .search-box-button-area{width:46px;height:34px;line-height:34px;color:#333}\n.active .sfa-head .search-box .search-box-button-area:active{background:rgba(51,51,51,.4)}\n.search-box .search-icon{color:#c3c3c3;line-height:35px;padding-right:6px;padding-left:13px;font-size:14px}\n.search-box .search-action{line-height:34px;font-size:14px;outline:0}\n.search-action-cancel-icon{width:34px;color:#e0e0e0;font-size:14px}\n.search-box .search-box-input-container{-webkit-box-flex:1;-webkit-flex:1;flex:1;width:100%;height:100%;box-sizing:border-box;left:0}\n.search-box .search-box-input-container input{width:100%;height:100%;font-size:14px;vertical-align:top;outline:0;color:#333}\n.search-box-input::-webkit-input-placeholder{vertical-align:top;font-size:14px}\n.sfa-view .sfa-loading{position:absolute;top:50%;left:50%;color:#fff;width:161px;height:49px;line-height:49px;margin-top:-24px;margin-left:-80px;border-radius:1px;text-align:center}\n.sfa-loading .sfa-loading-icon{display:inline-block;width:37px;height:23px;margin-top:-4px;vertical-align:middle}\n.sfa-view .sfa-loading.sfa-loading-tab{width:147px;height:48px;margin-left:-73px}\n.sfa-view .sfa-loading .sfa-loading-icon-tab{width:100%;height:100%;overflow:hidden}\n.sfa-view .sfa-loading .sfa-loading-tab-bglogo{background:url(//m.baidu.com/se/static/img/iphone/tab_loading__bg_logo.png) no-repeat;background-size:147px 48px;height:48px;width:147px}\n.sfa-view .sfa-loading .sfa-loading-tab-toplight{background:url(//m.baidu.com/se/static/img/iphone/tab_loading_light.png) no-repeat;animation:1s marvel infinite;background-size:147px 48px;position:relative;height:48px;width:147px;top:-48px;left:-78px}\n@keyframes marvel{0%{left:-78px}\n100%{left:73px}}\n.sfa-view .sfa-loading i{height:23px;width:23px;background-size:23px;background-repeat:no-repeat;background-image:url(data:image/png;base64,iVBORw0KGgoAAAANSUhEUgAAAEUAAABFCAMAAAArU9sbAAAAllBMVEUAAAA5kv85kv85kv85kv85kv85kv85kv85kv85kv85kv85kv85kv85kv85kv85kv85kv85kv85kv85kv85kv85kv85kv85kv85kv85kv85kv85kv85kv85kv85kv85kv85kv85kv85kv85kv85kv85kv85kv85kv85kv85kv85kv85kv85kv85kv85kv85kv85kv85kv98v3f9AAAAMXRSTlMA+u4H8xwSDeG7KBapjYhP28EE9jfmpJoxItOALLFuQcxrZOrXdnPHVDyVe11aSIN5drPNPgAAAx5JREFUWMOlmOl2qlAMhbcyySCiBUFRUazzVXve/+Vuk2NZTgwHvx+uVjBk2MmJopxRkvvecBn0gqXt+ecZ1DEW8654ZO3lLhTQznZHvKNj70dohrWNRDm9rYZ6Rqsiki/7uBhkiZNkg208LLyL/qGOcCkk39eD9hhm5veEZDirdsS/eRGHby9nY+lRZ1VVmJ200XfLb4mlnbmJEhzpsWegCseWEZfcFXJau3vUkX9xsZy3RvjaboJ6Zt/8vNmbK+zJWGsmKZvF/PJEg3PSb6zuMd0emE/v7hSMMGxmjgf6HI5Sr3FQC9yRsSI1qGBNSX7OnSbpjbUBNRydHo2CDbkygCo5faxoTVfnpKgzpA7XIKEW1F2oM6OeWoExyZUr2hBTJ4xALFq5wkzIGdl40xe9qWlvzsFRph20IyPNUBzp7x9LtGRE7ZcD2LGQW8L19QCLEjRBWw6keuBCxUJrRjTbZliwS+0Zchccf19PaA1/3ofNumnPimMJfl9DtGfA46HLJWpPSGcTqNAmKnCT6r7mGpP+raqG64qxW2uFxoKBcjw6vxYjlJHQiYKophfngliGVeJdgg7LqsgtXy4JsVlRI9beoMmSsM7L9cJDb1OniUAQO+nz63mYYttk/msnnVeo/ms1ydEzLpzjWgxPENH5uad1zqspuNT1ZFNB2M5LibojObxzNN9hO/59WOltfPtcqka4sVyci5pKH1bcTgr9mOzkhvl3f1LkI+BaNeVfxMtsqhWHow3ihxJkoSlWn8UcXCjEr2JrcPVX4TURs2fAv1sa+uSMCQWkmPUrubIFI/06QgXtxNvxQy58+vcAFVjMj/uhFZEKTKhxJiNT7WFIkATVMH396fgYqy7NjHk9PYqAvx/84EMc7rQNPiT8kkF9yKBTfJP73EzvgM/IuoKI3Wq5pW5NiqfyzNhY5cVNdbHe17RHfGuO1MA7Jn1dtrNWk5zo73eJ3Hg2sRgKSZA1G0JMMN4MQscwzUm4//F64oZ+0lCPS26X0k2basHcTEtsLFcWFEj86auJ1IEy5mUbD4NIF3r0bR+3lwov/gPz4J/MfidXggAAAABJRU5ErkJggg==)}\n.sfa-view .sfa-loading span{display:inline-block;color:#6b6b6b;font-size:18px;padding-right:3px;vertical-align:middle}\n.sfa-view-no-head .sfa-head{display:none}\n.sfa-view-no-head .sfa-body{padding-top:0}\n.sfa-view-transparent-head .sfa-head{background:-moz-linear-gradient(top,rgba(0,0,0,.3) 0,rgba(0,0,0,.2) 25%,rgba(0,0,0,0) 100%);background:-webkit-linear-gradient(top,rgba(0,0,0,.3) 0,rgba(0,0,0,.2) 25%,rgba(0,0,0,0) 100%);background:linear-gradient(to bottom,rgba(0,0,0,.3) 0,rgba(0,0,0,.2) 25%,rgba(0,0,0,0) 100%);color:#fff;text-shadow:0 0 1px rgba(0,0,0,.4)}\n.sfa-view-transparent-head .sfa-body{padding-top:0}\n.sfa-results .c-result:first-of-type .c-container:first-of-type{margin-top:0}\n.sfa-top-results .c-result .c-container:first-of-type{margin:0;padding:0}&quot;),$(&quot;head&quot;).append(d);var f=[];f[0]=&quot;sfa-view-default-head&quot;,f[1]=&quot;sfa-view-no-head&quot;,f[6]=&quot;sfa-view-transparent-head&quot;;var p=function(){a.apply(this,arguments)},h=function(){};return h.prototype=a.prototype,p.prototype=new h,p.uber=a.prototype,p.prototype.constructor=p,p.prototype.create=function(e){var t=new $.Deferred;this.createdAt=Date.now(),this.opts=e,this.globals=this.globals||{},this.$superframe=$(&quot;#super-frame&quot;),this.$superframe.length||(this.$superframe=$(&#039;&amp;lt;div id=&quot;super-frame&quot;&amp;gt;&amp;lt;/div&amp;gt;&#039;),$(&quot;body&quot;).append(this.$superframe)),this.render(e),this.$superframe.append(this.$SceneView);var r=this;if(this.enterAnimate){var i=this.$SceneView[0];n.enter(i,c,l,u).start(function(){t.resolve(),r.rendered||o.show(r.$SceneView)})}else this.$SceneView.css({opacity:1,&quot;-webkit-transform&quot;:&quot;none&quot;,transform:&quot;none&quot;}).show(),t.resolve();return t.promise()},p.prototype.render=function(e){var t=this;if(!(t.$SceneView&amp;amp;&amp;amp;t.$SceneView.length&amp;gt;0)){var n=[&#039;&amp;lt;div class=&quot;sfa-head sfa-head-border&quot;&amp;gt;&#039;,&#039;&amp;lt;div class=&quot;sfa-back&quot;&amp;gt;&amp;lt;i class=&quot;c-icon&quot;&amp;gt;&amp;amp;#xe750;&amp;lt;/i&amp;gt;&amp;lt;/div&amp;gt;&#039;,&#039;&amp;lt;div class=&quot;sfa-tool&quot;&amp;gt;&#039;+(e.headTool||&quot;&quot;)+&quot;&amp;lt;/div&amp;gt;&quot;,&#039;&amp;lt;div class=&quot;sfa-title&quot;&amp;gt;&#039;,&#039;&amp;lt;div class=&quot;c-line-clamp1&quot;&amp;gt;&#039;+e.headTitle+&quot;&amp;lt;/div&amp;gt;&quot;,&quot;&amp;lt;/div&amp;gt;&quot;,&quot;&amp;lt;/div&amp;gt;&quot;].join(&quot;&quot;),i=[&#039;&amp;lt;div class=&quot;sfa-body&quot;&amp;gt;&#039;,&quot;&amp;lt;div&amp;gt;&quot;].join(&quot;&quot;);t.$SceneView=$(&quot;ios&quot;!==r.os.n||&quot;zbios&quot;!==r.browser.n&amp;amp;&amp;amp;&quot;bmbadr&quot;!==r.browser.n?&#039;&amp;lt;div class=&quot;sfa-view active&quot;&amp;gt;&amp;lt;/div&amp;gt;&#039;:&#039;&amp;lt;div class=&quot;sfa-view no-active&quot;&amp;gt;&amp;lt;/div&amp;gt;&#039;),e.headStyle&amp;amp;&amp;amp;t.$SceneView.addClass(f[e.headStyle]),e.customClassName&amp;amp;&amp;amp;t.$SceneView.addClass(e.customClassName),t.$SceneView.css({&quot;min-height&quot;:$(window).height()}),t.$sfHead=$(n),t.$sfBody=$(i),t.$SceneView.append(t.$sfHead).append(t.$sfBody),t.$superframe.append(t.$SceneView)}},p.prototype.renderBody=function(e,t){var n=t.container||this.$sfBody,r=parseInt(Math.random()*(new Date).getTime(),24),o=document.createElement(&quot;div&quot;);o.setAttribute(&quot;id&quot;,r),n.html(o),e&amp;amp;&amp;amp;e.data&amp;amp;&amp;amp;(this.globals.container=o,this.globals.createdAt=this.createdAt,i(e.data,this.globals,t))},p.prototype.attach=function(){var e=new $.Deferred;return this.$SceneView.find(&quot;.sfa-back&quot;).on(&quot;click&quot;,function(e){s.back(),e.preventDefault()}),this.$SceneView.css({position:&quot;static&quot;,overflow:&quot;auto&quot;,height:&quot;auto&quot;,&quot;-webkit-transform&quot;:&quot;none&quot;,transform:&quot;none&quot;}),e.resolve(),e.promise()},p.prototype.detach=function(){var e=new $.Deferred;return this.$SceneView&amp;amp;&amp;amp;this.$SceneView.find(&quot;.sfa-back&quot;).off(&quot;click&quot;),e.resolve(),e.promise()},p.prototype.destroy=function(e,t){if(this.$SceneView){var r=new $.Deferred;if(t&amp;amp;&amp;amp;this.exitAnimate){var i=this.$SceneView[0];n.exit(i,c,l,u).start(function(){r.resolve()})}else this.$SceneView.css({display:&quot;none&quot;,position:&quot;static&quot;,&quot;-webkit-transform&quot;:&quot;none&quot;,transform:&quot;none&quot;}),r.resolve();var o=this;return r.promise().then(function(){t&amp;amp;&amp;amp;t.options&amp;amp;&amp;amp;t.options.view&amp;amp;&amp;amp;1===t.options.view._hold?o.$SceneView.hide():(o.globals.view&amp;amp;&amp;amp;o.globals.view.trigger(&quot;destroy&quot;),o.$SceneView.remove(),o.$SceneView=null,o.$sfHead=null,o.$sfBody=null)})}},p}),define(&quot;sf25/view/tabView&quot;,[&quot;require&quot;,&quot;sf25/components/b-scene-header/b-scene-header&quot;,&quot;sf25/components/b-scene-body/b-scene-body&quot;,&quot;sfr&quot;,&quot;fusion/deps/naboo&quot;,&quot;sf25/utils/tabViewLoading&quot;],function(e){e(&quot;sf25/components/b-scene-header/b-scene-header&quot;),e(&quot;sf25/components/b-scene-body/b-scene-body&quot;);var t=e(&quot;sfr&quot;),n=e(&quot;fusion/deps/naboo&quot;),r=e(&quot;sf25/utils/tabViewLoading&quot;),i=t.view,o=300,a=0,s=&quot;ease&quot;,c=function(){i.apply(this,arguments)},u=function(){};return u.prototype=i.prototype,c.prototype=new u,c.uber=i.prototype,c.prototype.constructor=c,c.prototype.create=function(e,t){var i=new $.Deferred;this.createdAt=Date.now(),this.opts=e,this.globals=this.globals||{},this.$superframe=$(&quot;#super-frame&quot;),this.$superframe.length||(this.$superframe=$(&#039;&amp;lt;div id=&quot;super-frame&quot;&amp;gt;&amp;lt;/div&amp;gt;&#039;),$(&quot;body&quot;).append(this.$superframe)),this.render(e,t&amp;amp;&amp;amp;t.options&amp;amp;&amp;amp;t.options.src),0===this.$superframe.find(this.$mainView).length&amp;amp;&amp;amp;this.$superframe.append(this.$mainView);var c=this;if(this.enterAnimate){var u=this.$mainView[0];n.enter(u,o,s,a).start(function(){i.resolve()})}else this.$mainView.css({opacity:1,&quot;-webkit-transform&quot;:&quot;none&quot;,transform:&quot;none&quot;}).show(),i.resolve();return i.promise().then(function(){c.rendered||&quot;sync&quot;===t.options.src||r.show(c.$mainView)})},c.prototype.render=function(e,t){var n=this;n.$mainView&amp;amp;&amp;amp;n.$mainView.length&amp;gt;0||(&quot;sync&quot;===t?(n.$mainView=n.$superframe.find(&quot;[data-server-rendered]&quot;),n.$sfHead=n.$mainView.find(&quot;b-scene-header&quot;),n.$sfBody=n.$mainView.find(&quot;b-scene-body&quot;)):(n.$mainView=$(&#039;&amp;lt;div class=&quot;sfa-view&quot;&amp;gt;&amp;lt;/div&amp;gt;&#039;),e.customClassName&amp;amp;&amp;amp;n.$mainView.addClass(e.customClassName),n.$sfHead=$(&quot;&amp;lt;b-scene-header&amp;gt;&quot;).attr({titlehtml:e.headTitle,toolhtml:e.headTool,styleid:e.headStyle}),n.$sfBody=$(&quot;&amp;lt;b-scene-body&amp;gt;&quot;).attr({url:e.url}),n.$mainView.append(n.$sfBody),n.$superframe.append(n.$mainView)))},c.prototype.attach=function(e){var t=new $.Deferred,n=this;this.$mainView.css({position:&quot;static&quot;,overflow:&quot;auto&quot;,height:&quot;auto&quot;,&quot;-webkit-transform&quot;:&quot;none&quot;,transform:&quot;none&quot;});var i=this.$sfBody[0];return this.rendered?i.fusionReady=function(){i.fusion.showFromCache()}:(i.fusionReady=function(){i.fusion.startRender(e.options)},this.$sfBody.one(&quot;rendered&quot;,function(){r.close(n.$mainView)}),this.rendered=!0),t.resolve(),t.promise()},c.prototype.detach=function(){var e=new $.Deferred;return e.resolve(),e.promise()},c.prototype.destroy=function(e,t){if(this.$mainView){var r=new $.Deferred;if(t&amp;amp;&amp;amp;this.exitAnimate){var i=this.$mainView[0];n.exit(i,o,s,a).start(function(){r.resolve()})}else this.$mainView.css({display:&quot;none&quot;,position:&quot;static&quot;,&quot;-webkit-transform&quot;:&quot;none&quot;,transform:&quot;none&quot;}),r.resolve();var c=this;return r.promise().then(function(){t&amp;amp;&amp;amp;t.options&amp;amp;&amp;amp;t.options.view&amp;amp;&amp;amp;1===t.options.view._hold?(c.$sfBody[0].fusion.hideToCache(),c.$mainView.hide()):(t&amp;amp;&amp;amp;c.$sfBody[0].fusion.hideToCache(),c.$mainView.remove(),c.$mainView=null,c.$sfHead=null,c.$sfBody=null,c.rendered=!1)})}},c}),define(&quot;sf25/view/viewFactory&quot;,[&quot;require&quot;,&quot;sf25/view/sceneView&quot;,&quot;sfr&quot;],function(e){function t(e,t){if(t=t||{},&quot;undefined&quot;!=typeof e)return t.key=e,o[e]?o[e]:c.get(e)?(o[e]=c.get(e),o[e]):(o[e]=new a(t),c.set(e,o[e]),o[e]);var n=new a(t);return n}function n(e){return&quot;undefined&quot;!=typeof e?o[e]:!1}function r(e){var t=e.from.url,n=c.get(t);return delete o[t],e.from.options&amp;amp;&amp;amp;(e.from.options.view=e.from.options.view?e.from.options.view:{},e.from.options.view._hold=e.from.query.top&amp;amp;&amp;amp;$.parseJSON(e.from.query.top)._hold?$.parseJSON(e.from.query.top)._hold:e.from.options.view._hold&amp;gt;1?e.from.options.view._hold:1,/android/i.test(window.navigator.userAgent)&amp;amp;&amp;amp;(e.from.options.view._hold=2)),e.from.options&amp;amp;&amp;amp;e.from.options.view&amp;amp;&amp;amp;1!==e.from.options.view._hold&amp;amp;&amp;amp;(c.remove(t),s.remove(&quot;sceneResouce&quot;,t+&quot;&amp;amp;mod=1&quot;)),n&amp;amp;&amp;amp;n.destroy(e.to,e.from)}function i(e,t){o[e]&amp;amp;&amp;amp;(o[t]=o[e],delete o[e]),c.rename(e,t)}var o={},a=e(&quot;sf25/view/sceneView&quot;),s=e(&quot;sfr&quot;).cache,c=s.create(&quot;View&quot;,{limit:3,onRemove:function(e,t,n){delete o[t],n&amp;amp;&amp;amp;e.destroy()}});return{create:t,get:n,destroy:r,rename:i,proto:a.prototype}}),define(&quot;sf25/window-guard&quot;,[&quot;require&quot;],function(){var e={};return e.createContext=function(){try{var e={};for(var t in window)window.hasOwnProperty(t)&amp;amp;&amp;amp;(e[t]=window[t]);return e}catch(n){return console.error(n),{}}},e.checkContext=function(e){var t={changed:[],added:[],removed:[],totalChanges:0};try{var n;for(n in window)window.hasOwnProperty(n)&amp;amp;&amp;amp;(e.hasOwnProperty(n)||t.added.push({key:n,value:window[n]}));for(n in e)e.hasOwnProperty(n)&amp;amp;&amp;amp;(window.hasOwnProperty(n)||t.removed.push({key:n,value:e[n]}),e[n]!==window[n]&amp;amp;&amp;amp;t.changed.push({key:n,value:window[n],valueBefore:e[n]}));t.totalChanges=t.changed.length+t.added.length+t.removed.length}catch(r){console.error(r)}return t},e.revertChanges=function(e){var t,n;for(t=0;t&amp;lt;e.added.length;t++)n=e.added[t],delete window[n.key];for(t=0;t&amp;lt;e.removed.length;t++)n=e.removed[t],window[n.key]=n.value;for(t=0;t&amp;lt;e.changed.length;t++)n=e.changed[t],window[n.key]=n.valueBefore},e}),require([&quot;sf25/start&quot;],function(e){e()}),window.define(&quot;sf/router/router&quot;,[&quot;sfr/router/router&quot;],function(e){return e}),window.define(&quot;sf/action/action&quot;,function(){}),window.define(&quot;sf/action/sfAction&quot;,function(){}),define(&quot;modules/invoke/callback&quot;,[&quot;require&quot;],function(){function e(e,t){return void 0==e?!1:(t=$.extend({name:e,key:&quot;default&quot;,callback:&quot;function&quot;==typeof t?t:null,promise:!1},&quot;object&quot;==typeof t?t:{}),n[e]=n[e]||{},n[e][t.key]={callback:t.callback,promise:t.promise},t)}function t(e){return&quot;object&quot;==typeof e&amp;amp;&amp;amp;e.name&amp;amp;&amp;amp;e.key?(delete n[e.name][e.key],!0):!1}var n={};return window.addEventListener(&quot;baiduboxapp_callback&quot;,function(e){var t=e.callback,r=e.data;if(&quot;string&quot;==typeof r&amp;amp;&amp;amp;0==r.indexOf(&quot;{&quot;)&amp;amp;&amp;amp;window.JSON&amp;amp;&amp;amp;JSON.parse)try{r=JSON.parse(r)}catch(e){}for(var i in n[t]){var o=n[t][i];try{o.callback.call(o,r,e)}catch(e){}}}),{regist:e,unregist:t}}),define(&quot;modules/invoke/applink&quot;,[&quot;require&quot;],function(){return function(){var e=$(this);if(!e.data(&quot;applink&quot;)){e.data(&quot;applink&quot;,!0);var t=e.prop(&quot;href&quot;),n=e.data(&quot;applink-url&quot;),r=[&quot;http://applink.baidu.com/?callback=&quot;,encodeURIComponent(t),&quot;&amp;amp;url=&quot;,encodeURIComponent(n),&quot;&amp;amp;from=wise&quot;].join(&quot;&quot;);e.prop(&quot;href&quot;,r)}}}),require([&quot;modules/invoke/applink&quot;],function(e){page.on(&quot;afterload&quot;,function(){$(&quot;#results&quot;).on(&quot;touchstart&quot;,&quot;a[data-applink-url]&quot;,e),$(&quot;#results&quot;).on(&quot;mousedown&quot;,&quot;a[data-applink-url]&quot;,e)})}),define(&quot;modules/invoke/invokebox&quot;,[&quot;require&quot;],function(){function e(){var e=$.Deferred(),t=+new Date;if(window.OpenBox)return e.resolve(),e.promise();var n=document.createElement(&quot;script&quot;);n.src=&quot;//s.bdstatic.com/common/openjs/openBox.js?_v=&quot;+t,n.async=!0,n.onload=n.onreadystatechange=function(){this.readyState&amp;amp;&amp;amp;&quot;loaded&quot;!==this.readyState&amp;amp;&amp;amp;&quot;complete&quot;!==this.readyState?e.reject():(n.onload=n.onreadystatechange=null,n=null,e.resolve())},n.onerror=function(){n.onerror=null,n=null,e.reject()};var r=document.getElementsByTagName(&quot;head&quot;)[0];return r.appendChild(n),e.promise()}function t(e){this.openBox=null,this.status=&quot;&quot;,this.readyCallbacks=[],this.opt={},this.opt=$.extend(!0,this.opt,e),this.init()}return t.prototype={constructor:t,init:function(){var t=this,n=t.opt;$.when(e()).then(function(){t.openBox=window.OpenBox(n),t.status=&quot;ready&quot;,t.doready()},function(){})},open:function(e){e?(this.opt=$.extend(!0,this.opt,e),this.openBox&amp;amp;&amp;amp;this.openBox.open(this.opt)):this.openBox&amp;amp;&amp;amp;this.openBox.open()},doready:function(){var e=this.readyCallbacks.length;if(e){for(var t=0;e&amp;gt;t;t++)this.readyCallbacks[t].call(this);this.readyCallbacks=[]}},ready:function(e){var t=this;&quot;function&quot;==typeof e&amp;amp;&amp;amp;(&quot;ready&quot;===t.status?e.call(this):t.readyCallbacks.push(e))}},t}),define(&quot;modules/scroll_ctl&quot;,[&quot;require&quot;],function(){function e(e){&quot;function&quot;==typeof e&amp;amp;&amp;amp;u.push(e)}function t(){l||(u=[],s=lastScrollTop=c.scrollTop(),n(),l=!0)}function n(){c.on(&quot;touchmove.scrollfixed scroll.scrollfixed&quot;,function(){r()})}function r(){s=c.scrollTop(),lastScrollTop&amp;gt;s?a=&quot;up&quot;:s&amp;gt;lastScrollTop&amp;amp;&amp;amp;(a=&quot;down&quot;),i(s,a),lastScrollTop=s}function i(e,t){for(var n=u.length-1;n&amp;gt;=0;n--)u[n].call(null,{nowScrollTop:e,scrollDirection:t})}function o(){c.off(&quot;touchmove.scrollfixed scroll.scrollfixed&quot;),s=lastScrollTop=0,u=[],l=!1}var a,s=lastScrollTop=0,c=$(window),u=[],l=!1;return{regist:e,init:t,destroy:o}}),require([&quot;modules/scroll_ctl&quot;],function(e){page.on(&quot;init&quot;,function(){e.init()}),page.on(&quot;destroy&quot;,function(){e.destroy()})}),define(&quot;modules/recmmend/aftclk_rcmd/aft_click/afterClick&quot;,[&quot;require&quot;],function(){function e(){$(&quot;.result&quot;).each(function(e,r){$(r).on(&quot;click&quot;,function(r){var o=$(r.target).closest(&quot;a&quot;);if(o.length){var a=$.trim(o.attr(&quot;href&quot;));a&amp;amp;&amp;amp;(/^javascript.*/.test(a)||(window.sessionStorage.setItem(t,e),$.each(n,function(e,t){t&amp;amp;&amp;amp;$.isFunction(t)&amp;amp;&amp;amp;t(i().index,i().click_card)})))}})})}var t=&quot;afterClick_&quot;+window.location.href,n=[],r=function(e){e&amp;amp;&amp;amp;$.isFunction(e)&amp;amp;&amp;amp;(e(i().index,i().click_card),n.push(e))},i=function(){if(navigator.cookieEnabled&amp;amp;&amp;amp;window.sessionStorage){var e=window.sessionStorage.getItem(t),n=e?$(&quot;.result&quot;).eq(e):!1;return{index:e,click_card:n}}return!1};return page.on(&quot;afterload&quot;,function(){e()}),{afterClick:r}}),define(&quot;modules/recmmend/aftclk_rcmd/aft_click/aftClick&quot;,[&quot;require&quot;],function(){var e=&quot;se_after_click_&quot;+window.location.href,t=function(t,r,i){new n({dom_tag:r,onAfclick:t,product_key:i}),e=&quot;se_after_click_&quot;+window.location.href},n=function(e){var t=this;t.options=$.extend({dom_tag:&quot;&quot;,onAfclick:function(){},product_key:&quot;&quot;},e),page&amp;amp;&amp;amp;page.comm&amp;amp;&amp;amp;page.comm.sampleval&amp;amp;&amp;amp;&quot;sam_afterClick_log&quot;===page.comm.sampleval.WISE_TPL_COMMON_SAMPLE_FLAG&amp;amp;&amp;amp;t._tc(),t._init()};return n.prototype={constructor:n,version:&quot;v1.0&quot;,_init:function(){var e=this;e._checkParam()&amp;amp;&amp;amp;(e._prepareParam(),e._bindEvent(),e._checkProKey()&amp;amp;&amp;amp;e._doClickEvent(&quot;load&quot;))},_tc:function(){$.each($(&quot;.c-recomm-wrap a&quot;),function(e,t){var n=page.utils.link.getJumpLinkUrl({src:$(t).attr(&quot;href&quot;),order:$(t).closest(&quot;.c-result&quot;).attr(&quot;order&quot;)});$(t).attr(&quot;href&quot;,n)})},_checkParam:function(){var e=this,t=e.options.dom_tag,n=e.options.onAfclick,r=e.options.product_key,i=&quot;string&quot;==$.type(t)?$(t):null;return navigator.cookieEnabled&amp;amp;&amp;amp;window.sessionStorage&amp;amp;&amp;amp;t&amp;amp;&amp;amp;&quot;string&quot;==$.type(t)&amp;amp;&amp;amp;i&amp;amp;&amp;amp;n&amp;amp;&amp;amp;$.isFunction(n)&amp;amp;&amp;amp;r&amp;amp;&amp;amp;&quot;string&quot;==$.type(r)?!0:!1},_checkProKey:function(){var t=this,n=t.options.product_key,r=window.sessionStorage.getItem(e);return n!=r?!1:!0},_prepareParam:function(){var e=this;e.$onAfclick=e.options.onAfclick,e.$dom_tag=e.options.dom_tag.replace(/\./g,&quot;&quot;),e.$product_key=e.options.product_key,e.$se_afc_tag=e.$product_key+&quot;_&quot;+location.href},_bindEvent:function(){var e=this,t=e.options.dom_tag;$(&quot;.results&quot;).on(&quot;click&quot;,t,function(n){var r=$(this),i=$(n.target).closest(&quot;a&quot;);if(i.length){var o=$.trim(i.attr(&quot;href&quot;));if(o&amp;amp;&amp;amp;!/^javascript.*/.test(o)&amp;amp;&amp;amp;(&quot;se_afc_ad&quot;!=e.$product_key||e._needAftClick(r))){if(&quot;se_afc_normal&quot;==e.$product_key)var a=e.$se_afc_tag,s=$(t).index(r),c={i:a,v:s};if(&quot;se_afc_ad&quot;==e.$product_key)var a=e.$se_afc_tag,s=e._getEcCardInfo(r[0]),c={i:a,v:s};e._setStorageIndex(c),e._doClickEvent(&quot;click&quot;)}}})},_getClickResult:function(){var e=this,t=e.$dom_tag,n=&quot;&quot;;if(t){var r=window.sessionStorage.getItem(e.$se_afc_tag);return&quot;se_afc_normal&quot;==e.$product_key&amp;amp;&amp;amp;(n=r?$(&quot;.&quot;+t).eq(r):!1),&quot;se_afc_ad&quot;==e.$product_key&amp;amp;&amp;amp;(n=e._getEcCardInfo(r)),n?{index:r,click_card:n}:!1}return!1},_doClickEvent:function(e){var t=this,e=e||&quot;&quot;,n=t._getClickResult(t.$dom_tag);n&amp;amp;&amp;amp;t.$onAfclick(n.index,n.click_card,e)},_setStorageIndex:function(t){var n=this,t=t||{};window.sessionStorage.setItem(t.i,t.v),window.sessionStorage.setItem(e,n.$product_key)},_needAftClick:function(){var e=function(t,n){return t&amp;amp;&amp;amp;!t.hasClass(&quot;ec_resitem&quot;)&amp;amp;&amp;amp;(t.hasClass(n)||e(t.parent(),n))},t=function(t){return e(t,&quot;ec_vlogo&quot;)||e(t,&quot;ec_koubei&quot;)||e(t,&quot;ec-vicon&quot;)||e(t,&quot;ec_tg&quot;)},n=function(e){return t(e)?!1:!0};return n},_getEcCardInfo:function(e){var t=function(e){var t=[],n=function(e){return e.length&amp;lt;=0?[]:$(e[0]).find(&quot;.ec_resitem&quot;).concat(n(e.slice(1)))};return t=n($(&quot;.ec_ad_results&quot;).filter(function(){return parseInt($(this).attr(&quot;posid&quot;),10)===e&amp;amp;&amp;amp;!$(this).hasClass(&quot;ec_newyouxuan&quot;)}))},n=function(e,n){return t(n).indexOf(e)},r=function(e){var t=$(e).closest(&quot;.ec_ad_results&quot;);return t.length&amp;gt;0?parseInt(t.attr(&quot;posid&quot;),10):-1},i=function(e){if(&quot;string&quot;==typeof e&amp;amp;&amp;amp;/^\d+_\d+$/.test(e))return e=e.split(&quot;_&quot;),t(+e[0])[+e[1]];var i=r(e);return i+&quot;_&quot;+n(e,i)};return i(e)},_destroy:function(){}},{afterClick:t}}),define(&quot;modules/recmmend/aftclk_rcmd/click_recomm&quot;,[&quot;require&quot;,&quot;modules/recmmend/aftclk_rcmd/aft_click/aftClick&quot;],function(e){function t(){var t=n,r=e(&quot;modules/recmmend/aftclk_rcmd/aft_click/aftClick&quot;);r.afterClick(t,&quot;.result&quot;,&quot;se_afc_normal&quot;)}function n(e,t,n){function i(){var e=t.find(&quot;.c-recomm-wrap&quot;);e.length&amp;amp;&amp;amp;e.children().length?(r(t),n&amp;amp;&amp;amp;&quot;click&quot;==n&amp;amp;&amp;amp;navigator.cookieEnabled&amp;amp;&amp;amp;window.sessionStorage&amp;amp;&amp;amp;page.utils.ss.enabled&amp;amp;&amp;amp;page.utils.ss.setItem(a,e.html())):page.utils.ss.enabled&amp;amp;&amp;amp;page.utils.ss.setItem(a,&quot;&quot;)}var a=&quot;afterClick_cache_&quot;+window.location.href,s=$(&quot;.c-recomm-wrap&quot;);if(s.filter(&quot;.c-recomm-static&quot;),!e||!t||!t.length)return void o();if(!n||&quot;load&quot;!==n)return void i();try{if(!navigator.cookieEnabled||!page.utils.ss.enabled)return void i();var c=page.utils.ss.getItem(a);if(!c)return void i();if(page.comm.newRec)var u=[&#039;&amp;lt;div class=&quot;c-recomm-wrap new-ux-recom-wrapper&quot;&amp;gt;&#039;,c,&quot;&amp;lt;/div&amp;gt;&quot;].join(&quot;&quot;);else var u=[&#039;&amp;lt;div class=&quot;c-container c-recomm-wrap&quot;&amp;gt;&#039;,c,&quot;&amp;lt;/div&amp;gt;&quot;].join(&quot;&quot;);var l=$(u),d=t.find(&quot;.c-recomm-wrap&quot;);d.remove(),t.append(l),r(t)}catch(f){i()}}function r(e){if(e&amp;amp;&amp;amp;e.length){var t=$(&quot;.c-recomm-wrap&quot;),n=e.find(&quot;.c-recomm-wrap&quot;);n.length&amp;amp;&amp;amp;n.children().length&amp;amp;&amp;amp;(s(e),t.hide(),n.show(),a(n),i(),e.hasClass(&quot;c-clk-recommend&quot;)||e.addClass(&quot;c-clk-recommend&quot;))}}function i(){$(&quot;.rs-toprq-wrapper&quot;).data(&quot;from&quot;)&amp;amp;&amp;amp;&quot;voice_guide&quot;==$(&quot;.rs-toprq-wrapper&quot;).data(&quot;from&quot;)||$(&quot;.rs-toprq-wrapper&quot;).hide()}function o(){var e=$(&quot;.c-recomm-wrap.c-recomm-static&quot;),t=e.eq(0);e.length&amp;amp;&amp;amp;(t.show(),a(t),i())}function a(e){var t=e.find(&quot;.c-recomm-cnt a&quot;),n=e.find(&quot;.c-recomm-cnt&quot;).offset();if(t&amp;amp;&amp;amp;n)for(var r=n.top,i=0;i&amp;lt;t.length;i++){var o=$(t[i]),a=o.height();if(a&amp;gt;20){var s=o.offset().top-r;if(s&amp;gt;10){o.css(&quot;visibility&quot;,&quot;hidden&quot;),o.prev().css(&quot;border&quot;,&quot;none&quot;);break}}i==t.length-1&amp;amp;&amp;amp;o.css(&quot;border&quot;,&quot;none&quot;)}}function s(e){if(e&amp;amp;&amp;amp;e.length){var t=e.closest(&quot;.s-cluster-content&quot;);if(t.length){var n=t.find(&quot;.result&quot;),r=n.length;n.index(e[0]),n.eq(r-1),1===r&amp;amp;&amp;amp;e.find(&quot;.c-recomm-wrap&quot;).addClass(&quot;c-recomm-cluster&quot;)}}}return{init:t}}),page.on(&quot;init&quot;,function(){require([&quot;modules/recmmend/aftclk_rcmd/click_recomm&quot;],function(e){e.init()})}),define(&quot;modules/recmmend/aftclk_rcmd/click_fanli&quot;,[&quot;require&quot;,&quot;modules/recmmend/aftclk_rcmd/aft_click/afterClick&quot;],function(e){function t(){var t=e(&quot;modules/recmmend/aftclk_rcmd/aft_click/afterClick&quot;);t.afterClick(function(e,t){if(window.sessionStorage&amp;amp;&amp;amp;t){var n,r=$(&quot;.wnor-fanli-strong-wrap&quot;),i=t.find(&quot;.wnor-fanli-strong-wrap&quot;),o=&quot;fanli_&quot;+window.location.href,a=i.find(&quot;.c-span3&quot;).data(&quot;md5&quot;),s=!1,c=!1;try{n=JSON.parse(window.sessionStorage.getItem(o))||{prev:-1,history:{}}}catch(u){}if(n&amp;amp;&amp;amp;n.history)for(item in n.history)if(n.history[item]==a){s=!0;break}a&amp;amp;&amp;amp;n.history[e]&amp;amp;&amp;amp;a==n.history[e]&amp;amp;&amp;amp;(c=!0),!i.length||s&amp;amp;&amp;amp;!c?-1!=n.prev&amp;amp;&amp;amp;(r.hide(),$(&quot;.result&quot;).eq(n.prev).find(&quot;.wnor-fanli-strong-wrap&quot;).show(),page.log.send({ct:36,cst:1})):(r.hide(),i.show(),page.log.send({ct:36,cst:1}),n.history[e]=a,n.prev=e,window.sessionStorage.setItem(o,JSON.stringify(n)))}})}return{init:t}}),page.on(&quot;init&quot;,function(){require([&quot;modules/recmmend/aftclk_rcmd/click_fanli&quot;],function(e){e.init()})}),define(&quot;modules/recmmend/aftclk_rcmd/asyn_rcmd&quot;,[&quot;require&quot;],function(e){function t(e){e&amp;amp;&amp;amp;e.rs&amp;amp;&amp;amp;(1==page.comm.newRec?i(e):o(e),page&amp;amp;&amp;amp;page.comm&amp;amp;&amp;amp;page.comm.sampleval&amp;amp;&amp;amp;&quot;sam_rs_recommend&quot;===page.comm.sampleval.WISE_TPL_COMMON_SAMPLE_FLAG&amp;amp;&amp;amp;r(e),n(e))}function n(t){if(t.rs.ent&amp;amp;&amp;amp;t.rs.ent.length){var n=t.rs.ent;e([&quot;modules/recmmend/aftclk_rcmd/sigma_cele_async&quot;],function(e){e.init(n)})}}function r(t){if(t.rs.brs&amp;amp;&amp;amp;t.rs.brs.list&amp;amp;&amp;amp;t.rs.brs.list.length){var n=t.rs.brs.list;e([&quot;modules/recmmend/rs_rcmd/rs_rcmd&quot;],function(e){e.update(n)})}}function i(e){if(e.rs.rcmd&amp;amp;&amp;amp;e.rs.rcmd.list){var t=&#039;&amp;lt;div class=&quot;c-recomm-wrap new-ux-recom-wrapper&quot; style=&quot;display: none;&quot;&amp;gt;&amp;lt;/div&amp;gt;&#039;,n=&#039;&amp;lt;b-scroll&amp;gt;&amp;lt;div class=&quot;hint-rcmd-title&quot;&amp;gt;&amp;lt;span class=&quot;c-gap-left&quot;&amp;gt;大家还搜&amp;lt;i class=&quot;c-icon&quot;&amp;gt;&amp;amp;#xe780&amp;lt;/i&amp;gt;&amp;lt;/span&amp;gt;&amp;lt;/div&amp;gt;&amp;lt;div class=&quot;c-scroll-wrapper hint-rcmd-tips&quot;&amp;gt;&amp;lt;div class=&quot;hint-rcmd-list&quot;&amp;gt;&amp;lt;div class=&quot;hint-rcmd-row-container&quot;&amp;gt;&amp;lt;/div&amp;gt;&amp;lt;div class=&quot;hint-rcmd-row-container&quot;&amp;gt;&amp;lt;/div&amp;gt;&amp;lt;/div&amp;gt;&amp;lt;/div&amp;gt;&amp;lt;/b-scroll&amp;gt;&amp;lt;div class=&quot;hint-rcmd-cover&quot;&amp;gt;&amp;lt;/div&amp;gt;&#039;,r=&quot;&quot;,i=$(&quot;.result&quot;);$.each(e.rs.rcmd.list,function(e,o){var a=&quot;&quot;,s=&quot;&quot;,c=i.eq(o.index),u={sa:o.extern_level?o.extern_level:&quot;re_dl_cr_0&quot;};if(&quot;0&quot;!=o.index||!page.comm.sigmaConf){o.up.length&amp;amp;&amp;amp;$.each(o.up,function(e,t){r=page.utils.buildSearchUrl(t,u),r=page.utils.link.getJumpLinkUrl({src:&quot;https://m.baidu.com&quot;+r,order:o.index+1}),a+=&#039;&amp;lt;div class=&quot;hint-rcmd-item-container&quot;&amp;gt;&amp;lt;a class=&quot;c-gap-right&quot; href=&quot;&#039;+r+&#039;&quot;&amp;gt;&#039;+t+&quot;&amp;lt;/a&amp;gt;&amp;lt;/div&amp;gt;&quot;}),o.down.length&amp;amp;&amp;amp;$.each(o.down,function(e,t){r=page.utils.buildSearchUrl(t,u),r=page.utils.link.getJumpLinkUrl({src:&quot;https://m.baidu.com&quot;+r,order:o.index+1}),s+=&#039;&amp;lt;div class=&quot;hint-rcmd-item-container&quot;&amp;gt;&amp;lt;a class=&quot;c-gap-right&quot; href=&quot;&#039;+r+&#039;&quot;&amp;gt;&#039;+t+&quot;&amp;lt;/a&amp;gt;&amp;lt;/div&amp;gt;&quot;});var l=$(n);a.length&amp;amp;&amp;amp;l.find(&quot;.hint-rcmd-list&quot;).find(&quot;.hint-rcmd-row-container&quot;).eq(0).append(a),s.length&amp;amp;&amp;amp;l.find(&quot;.hint-rcmd-list&quot;).find(&quot;.hint-rcmd-row-container&quot;).eq(1).append(s);var d=$(t).append(l),f=c.find(&quot;.c-recomm-wrap&quot;);c.hasClass(&quot;c-clk-recommend&quot;)||c.addClass(&quot;c-clk-recommend&quot;),f.length&amp;amp;&amp;amp;&quot;block&quot;!=f.css(&quot;display&quot;)?(f.remove(),c.append(d)):f.length||c.append(d)}})}}function o(e){if(e.rs.rcmd&amp;amp;&amp;amp;e.rs.rcmd.list){var t=&#039;&amp;lt;div class=&quot;c-container c-recomm-wrap&quot; style=&quot;display: none;&quot;&amp;gt;&amp;lt;/div&amp;gt;&#039;,n=&#039;&amp;lt;div class=&quot;c-recomm-cnt c-gray&quot;&amp;gt;&amp;lt;/div&amp;gt;&#039;,r=&#039;&amp;lt;span class=&quot;c-gap-right&quot;&amp;gt;&amp;lt;i class=&quot;c-icon&quot;&amp;gt;&amp;amp;#xe780&amp;lt;/i&amp;gt;大家还搜：&amp;lt;/span&amp;gt;&#039;,i=&quot;&quot;,o=$(&quot;.result&quot;);page&amp;amp;&amp;amp;page.comm&amp;amp;&amp;amp;page.comm.sampleval&amp;amp;&amp;amp;&quot;sam_afterclick_update&quot;===page.comm.sampleval.newMainTplName&amp;amp;&amp;amp;(n=&#039;&amp;lt;div class=&quot;c-recomm-cnt c-gray c-recomm-cnt-sam&quot;&amp;gt;&amp;lt;/div&amp;gt;&#039;,r=&#039;&amp;lt;span&amp;gt;大家还搜&amp;lt;i class=&quot;c-icon c-recomm-i-sam&quot;&amp;gt;&amp;amp;#xe780&amp;lt;/i&amp;gt;&amp;lt;/span&amp;gt;&#039;),$.each(e.rs.rcmd.list,function(e,a){var s=&quot;&quot;,c=o.eq(a.index),u={sa:a.extern_level?a.extern_level:&quot;re_dl_cr_0&quot;};if(&quot;0&quot;!=a.index||!page.comm.sigmaConf){$.each(a.data,function(e,t){i=page.utils.buildSearchUrl(t,u),i=page.utils.link.getJumpLinkUrl({src:&quot;https://m.baidu.com&quot;+i,order:a.index+1}),s+=&#039;&amp;lt;a class=&quot;c-gap-right&quot; href=&quot;&#039;+i+&#039;&quot;&amp;gt;&#039;+t+&quot;&amp;lt;/a&amp;gt;&quot;});var l=$(n).append(r).append(s),d=$(t).append(l),f=c.find(&quot;.c-recomm-wrap&quot;);c.hasClass(&quot;c-clk-recommend&quot;)||c.addClass(&quot;c-clk-recommend&quot;),f.length&amp;amp;&amp;amp;&quot;block&quot;!=f.css(&quot;display&quot;)?(f.remove(),c.append(d)):f.length||c.append(d)}})}}function a(){page.comm.rsync_rec_flag&amp;amp;&amp;amp;page.asyn({mod:20,rset:&quot;rcmd&quot;,cb:t})}return{init:a}}),page.on(&quot;init&quot;,function(){require([&quot;modules/recmmend/aftclk_rcmd/asyn_rcmd&quot;],function(e){e.init()})}),define(&quot;modules/recmmend/aftclk_rcmd/click_rs&quot;,[&quot;require&quot;],function(e){function t(){var e=window.sessionStorage.getItem(&quot;click_rs_key&quot;);s=e?Number(e.split(&quot;_&quot;)[1])+1:1,4&amp;gt;s&amp;amp;&amp;amp;!$(&quot;.se-relativewords&quot;).data(&quot;renderRs&quot;)&amp;amp;&amp;amp;!u&amp;amp;&amp;amp;(u=1,page.asyn({mod:20,rset:&quot;srcmd&quot;,cb:n}))}function n(e){u=0,e&amp;amp;&amp;amp;e.rs&amp;amp;&amp;amp;(o+window.innerHeight&amp;gt;$(&quot;.se-page-relative&quot;).offset().top||r(e))}function r(t){if(t.rs.brs&amp;amp;&amp;amp;t.rs.brs.list&amp;amp;&amp;amp;t.rs.brs.list.length){var n=t.rs.brs.list;$(&quot;.se-relativewords&quot;).data(&quot;renderRs&quot;,1),window.sessionStorage.setItem(&quot;click_rs_key&quot;,decodeURIComponent(page.comm.query)+&quot;_&quot;+s),e([&quot;modules/recmmend/rs_rcmd/rs_rcmd&quot;],function(e){e.update(n)})}}function i(){page&amp;amp;&amp;amp;page.comm&amp;amp;&amp;amp;page.comm.sampleval&amp;amp;&amp;amp;&quot;sam_async_rs&quot;===page.comm.sampleval.WISE_TPL_COMMON_SAMPLE_FLAG&amp;amp;&amp;amp;($(&quot;.result&quot;).on(&quot;click&quot;,function(){window.sessionStorage.setItem(&quot;click_rs&quot;,&quot;1&quot;)}),e([&quot;modules/scroll_ctl&quot;],function(e){e.regist(function(e){o=e.nowScrollTop,a=e.scrollDirection,1==window.sessionStorage.getItem(&quot;click_rs&quot;)&amp;amp;&amp;amp;(window.sessionStorage.setItem(&quot;click_rs&quot;,&quot;0&quot;),t()),o&amp;gt;$(&quot;.result&quot;).eq(5).offset().top&amp;amp;&amp;amp;!c&amp;amp;&amp;amp;(c=1,t())})}))}var o,a,s,c=0,u=0;return{init:i}}),page.on(&quot;init&quot;,function(){require([&quot;modules/recmmend/aftclk_rcmd/click_rs&quot;],function(e){e.init()})}),define(&quot;modules/recmmend/scroll_rcmd/scrollHint&quot;,[&quot;require&quot;],function(e){function t(){$(&quot;.scroll-toprq-wrapper&quot;).remove(),$(&quot;.rs-toprq-wrapper&quot;).remove()}function n(){h=$(&quot;.rs-toprq-wrapper&quot;),p=$(&quot;.hint-toprq-tips&quot;),p.length&amp;amp;&amp;amp;(g=p.attr(&quot;data-dsid&quot;)||0,_=0,k=0,S=a(),T=s(),A=o(),v=($(&quot;.se-page-tips&quot;).length?$(&quot;.se-page-tips&quot;).offset().top:0)||$(&quot;#page-hd&quot;).height(),w=$(&quot;.se-page-relative&quot;).offset().top-y.height(),r(),e([&quot;fusion/b-scroll/b-scroll&quot;]))}function r(){var e=null,t=h.find(&quot;.hint-toprq-tips&quot;).clone();t.find(&quot;a[data-float-href]&quot;).each(function(){e=$(this),e.attr(&quot;href&quot;,e.attr(&quot;data-float-href&quot;))}),m=$(&quot;.search-page .scroll-toprq-wrapper&quot;),m.length?(m.html(&quot;&quot;).append(t),i()):(m=$(&#039;&amp;lt;div class=&quot;scroll-toprq-wrapper&quot;&amp;gt;&amp;lt;/div&amp;gt;&#039;),m.append(t),$(&quot;.search-page&quot;).prepend(m),i())}function i(){p&amp;amp;&amp;amp;p.length&amp;amp;&amp;amp;(&quot;6&quot;==page.comm.browserid&amp;amp;&amp;amp;$(&quot;#super-frame&quot;).length&amp;amp;&amp;amp;$(&quot;#super-frame&quot;).children().length||e([&quot;modules/scroll_ctl&quot;],function(e){e.regist(function(e){x=e.nowScrollTop,scrollDirection=e.scrollDirection,(&quot;5&quot;==page.comm.browserid||&quot;6&quot;==page.comm.browserid||0!==x)&amp;amp;&amp;amp;(v&amp;gt;=x?(&quot;up&quot;==scrollDirection&amp;amp;&amp;amp;setTimeout(function(){c()},0),10&amp;gt;=x&amp;amp;&amp;amp;d()):(u(),x&amp;gt;w?d():&quot;down&quot;==scrollDirection?d():&quot;up&quot;==scrollDirection&amp;amp;&amp;amp;l()))})}))}function o(){return $(&quot;.se-results-top&quot;).length?!0:!1}function a(){var e=$(&quot;.wa-sigma-stock-fixed&quot;);return e.length?!0:!1}function s(){return $(&quot;.se-page-tips&quot;).children().length&amp;gt;1?!0:!1}function c(){A||T||k||h.data(&quot;from&quot;)&amp;amp;&amp;amp;&quot;voice_guide&quot;==h.data(&quot;from&quot;)||(k=1,h.show(),$(&quot;.c-recomm-wrap&quot;).hide(),page.log.send({ct:0,cst:0,t_fqrs:g}))}function u(){k&amp;amp;&amp;amp;(k=0)}function l(){b||_||S||($(&quot;.c-recomm-wrap&quot;).hide(),m.show(),f(),_=1)}function d(){_&amp;amp;&amp;amp;(m.hide(),_=0)}function f(){page.log.send({ct:0,cst:0,t_frs:g}),f=function(){}}var p,h,m,g,v,w,b=!0,y=$(window),x=0,_=0,k=0,S=!1,T=!1,A=!1;return page.rcmd=page.rcmd||{},page.rcmd.toprq=page.rcmd.toprq||{},page.rcmd.toprq.update=function(e,t,r){if(h.length&amp;amp;&amp;amp;e&amp;amp;&amp;amp;e.word&amp;amp;&amp;amp;e.word.length){var i=e.from?&quot;_&quot;+e.from:&quot;&quot;,o=e.word.length,a=&#039;&amp;lt;div class=&quot;hint-toprq-tips&quot;&amp;gt;&#039;,s=&quot;&quot;,c=&quot;&quot;;a+=&quot;&amp;lt;span&amp;gt;为您推荐：&amp;lt;/span&amp;gt;&quot;;for(var u=0;o&amp;gt;u;u++)s=page.utils.link.getSearchUrl(e.word[u],{sa:&quot;fqrs_&quot;+u+i,rq:page.comm.query}),c=page.utils.link.getSearchUrl(e.word[u],{sa:&quot;frs_&quot;+u+i}),a+=&#039;&amp;lt;a href=&quot;&#039;+s+&#039;&quot; data-float-href=&quot;&#039;+c+&#039;&quot;&amp;gt;&#039;+e.word[u]+&quot;&amp;lt;/a&amp;gt;&quot;;a+=&quot;&amp;lt;/div&amp;gt;&quot;,h.html(a),n(),t&amp;amp;&amp;amp;t()}else r&amp;amp;&amp;amp;r()},{init:n,destory:t}}),require([&quot;modules/recmmend/scroll_rcmd/scrollHint&quot;],function(e){page.on(&quot;afterload&quot;,function(){e.init()}),page.on(&quot;afterdestroy&quot;,function(){e.destory()})}),define(&quot;modules/recmmend/rs_rcmd/rs_rcmd&quot;,[&quot;require&quot;],function(){function e(e,r,o){t(),i=new n(e,r,o)}function t(){i&amp;amp;&amp;amp;(i.unbindEv(),i=null)}function n(e,t,n){this.isRender=!1,this.data=e,this.succ=t,this.fail=n,this.init()}var r=[],i=null,o=$(&quot;#relativewords&quot;),a=o.find(&quot;.rw-item&quot;),s=$(window);return n.prototype={constructor:n,init:function(){if(!(this.data&amp;amp;&amp;amp;a&amp;amp;&amp;amp;a.length&amp;amp;&amp;amp;o&amp;amp;&amp;amp;$.isArray(this.data)&amp;amp;&amp;amp;0!==this.data.length))return void this.failFn();for(var e=0;e++;e&amp;lt;a.length)if(&quot;a&quot;!==a[e].nodeName.toLocaleLowerCase())return void this.failFn();for(var t=0;t&amp;lt;this.data.length;t++){if(!this.data[t].text||&quot;number&quot;!=typeof this.data[t].index)return void this.failFn();if(this.data[t].url&amp;amp;&amp;amp;!/^http:\/\/|https:\/\//.test(this.data[t].url))return void this.failFn()}this.changeData(this.data)},changeData:function(e){for(var t={},n=!1,i=0,o=0;o&amp;lt;e.length;o++)i=e[o].index,r[i]||(r[i]={}),r[i].text!==e[o].text&amp;amp;&amp;amp;(n=!0,t={sa:&quot;brs_&quot;+(i+1),pos:&quot;asyn_ers_&quot;+(i+1),rsf:e[o].feature},r[i].index=i,r[i].text=e[o].text,r[i].url=e[o].url||B.utils.buildSearchUrl(e[o].text,t));n&amp;amp;&amp;amp;(this.bindEv(),this.isRun()&amp;amp;&amp;amp;this.changeDom(r))},isRun:function(){var e=o.offset().top-s.height(),t=s.scrollTop();return e&amp;gt;t?!0:void 0},changeDom:function(e){for(var t=a.length&amp;lt;e.length?a.length:e.length,n=0;t&amp;gt;n;n++)e[n]&amp;amp;&amp;amp;(a.eq(e[n].index).text(e[n].text),a.eq(e[n].index).prop(&quot;href&quot;,e[n].url));this.isRender=!0,this.succ&amp;amp;&amp;amp;&quot;function&quot;==typeof this.succ&amp;amp;&amp;amp;this.succ()},bindEv:function(){var e=this;B.onload(function(){s.on(&quot;scroll.rsUpdate&quot;,function(){!e.isRender&amp;amp;&amp;amp;0!==r.length&amp;amp;&amp;amp;e.isRun()&amp;amp;&amp;amp;e.changeDom(r)})})},unbindEv:function(){s.off(&quot;scroll.rsUpdate&quot;)},failFn:function(){this.fail&amp;amp;&amp;amp;&quot;function&quot;==typeof this.fail&amp;amp;&amp;amp;this.fail()}},{destroyUpdate:t,update:e}}),require([&quot;modules/recmmend/rs_rcmd/rs_rcmd&quot;],function(e){page.rcmd=page.rcmd||{},page.rcmd.rs=e}),define(&quot;modules/recmmend/aftclk_rcmd/sigma_cele_async&quot;,[&quot;require&quot;],function(){function e(e){var t=$(&#039;.c-result[tpl=&quot;sigma_celebrity_rela&quot;]&#039;).eq(0).find(&quot;.c-scroll-wrapper&quot;).find(&quot;.wa-sigma-celebrity-rela-scroller&quot;);$.each(t,function(n,r){$(r).data(&quot;index&quot;)&amp;amp;&amp;amp;-1!=$(r).data(&quot;index&quot;).toString().split(&quot;,&quot;).indexOf(e.toString())&amp;amp;&amp;amp;(t.hide(),$(&#039;.c-result[tpl=&quot;sigma_celebrity_rela&quot;]&#039;).eq(0).find(&quot;.c-container&quot;).find(&quot;.c-row.c-gap-top-small.c-gap-bottom-large&quot;).hide(),$(r).show())});var n=$(&#039;.c-result[tpl=&quot;sigma_celebrity_rela&quot;]&#039;).eq(0).find(&quot;.c-container &amp;gt;.c-blocka&quot;).find(&quot;.c-title&quot;);$.each(n,function(t,r){$(r).data(&quot;index&quot;)&amp;amp;&amp;amp;-1!=$(r).data(&quot;index&quot;).toString().split(&quot;,&quot;).indexOf(e.toString())&amp;amp;&amp;amp;(n.hide(),$(r).show())})}function t(t){if($(&#039;.c-result[tpl=&quot;sigma_celebrity_rela&quot;]&#039;).eq(0).length){$.each(t,function(e,t){i=&quot;&quot;;var a=151/636*100*t.card.ents.length+&quot;%&quot;;i=i+&#039;&amp;lt;div class=&quot;wa-sigma-celebrity-rela-scroller c-scroll-parent-gap&quot; style=&quot;width:&#039;+a+&#039;&quot;&amp;gt;&#039;,$.each(t.card.ents,function(e,a){n=B.etpl.compile(o);var s=page.utils.buildSearchUrl(a.name)+&quot;&amp;amp;sa=&quot;+a.sa;s=page.utils.link.getJumpLinkUrl({src:&quot;https://m.baidu.com&quot;+s}),a.href=s,a.img=page.https.domain.get(a.img),a.width=1/t.card.ents.length*100+&quot;%&quot;,r=n(a),i+=r}),i+=&quot;&amp;lt;/div&amp;gt;&quot;;var s=$(i);if(s.data(&quot;index&quot;,t.indexes.toString()),s.css(&quot;padding-right&quot;,&quot;0&quot;),s.css(&quot;display&quot;,&quot;none&quot;),$(&#039;.c-result[tpl=&quot;sigma_celebrity_rela&quot;]&#039;).eq(0).find(&quot;.c-scroll-wrapper&quot;).length)$(&#039;.c-result[tpl=&quot;sigma_celebrity_rela&quot;]&#039;).eq(0).find(&quot;.c-scroll-wrapper&quot;).append(s);else{var c=$(&#039;&amp;lt;b-scroll&amp;gt;&amp;lt;div class=&quot;c-row-tile c-scroll-wrapper c-gap-top-small&quot;&amp;gt;&amp;lt;div class=&quot;c-scroll-touch&quot;&amp;gt;&amp;lt;/div&amp;gt;&amp;lt;/div&amp;gt;&amp;lt;/b-scroll&amp;gt;&#039;);c.find(&quot;.c-scroll-touch&quot;).append(s),$(&#039;.c-result[tpl=&quot;sigma_celebrity_rela&quot;]&#039;).eq(0).find(&quot;.c-container&quot;).eq(0).append(c)}i=&quot;&quot;,i=i+&#039;&amp;lt;h3 class=&quot;c-title c-gap-top-small&quot;&amp;gt;&amp;lt;em&amp;gt;&#039;+decodeURIComponent(page.comm.query)+&quot;&amp;lt;/em&amp;gt;_&quot;+t.card.title+&quot;&amp;lt;/h3&amp;gt;&quot;;var s=$(i);s.data(&quot;index&quot;,t.indexes.toString()),s.css(&quot;display&quot;,&quot;none&quot;),$(&#039;.c-result[tpl=&quot;sigma_celebrity_rela&quot;]&#039;).eq(0).find(&quot;.c-blocka&quot;).append(s)}),$(&quot;.results&quot;).on(&quot;click&quot;,&quot;.result&quot;,function(t){var n=Number($(t.currentTarget).attr(&quot;order&quot;))-1;e(n)});var a=Number(window.sessionStorage.getItem(&quot;afterClick_&quot;+window.location.href));e(a)}}var n,r,i=&quot;&quot;,o=&#039;&amp;lt;div class=&quot;wa-sigma-celebrity-rela-entity c-scroll-element-gap&quot; style=&quot;width:${width};&quot;&amp;gt;&amp;lt;a href=&quot;${href}&quot; class=&quot;c-blocka wa-sigma-celebrity-rela-link&quot;&amp;gt;&amp;lt;div class=&quot;c-img c-img-s&quot; style=&quot;background: none;&quot;&amp;gt;&amp;lt;img src=&quot;${img}&quot;&amp;gt;&amp;lt;/div&amp;gt;&amp;lt;p class=&quot;wa-sigma-celebrity-rela-name c-line-clamp2&quot;&amp;gt;${name}&amp;lt;/p&amp;gt;&amp;lt;p class=&quot;wa-sigma-celebrity-rela-reason c-color-gray c-line-clamp2&quot;&amp;gt;${type}&amp;lt;/p&amp;gt;&amp;lt;/a&amp;gt;&amp;lt;/div&amp;gt;&#039;;return{init:t}}),!function(){var e=function(){return page.comm&amp;amp;&amp;amp;page.comm.sampleval&amp;amp;&amp;amp;page.comm.sampleval.WISE_TPL_COMMON_SAMPLE_FLAG};define(&quot;modules/baiduidRecovery&quot;,[&quot;require&quot;,&quot;utils/storage&quot;],function(t){var n=t(&quot;utils/storage&quot;).ls;return function(){var t=n.getItem(&quot;BAIDUID&quot;);if(t){&quot;baiduid_recovery&quot;===e()&amp;amp;&amp;amp;page.log.send({ct:38,cst:1,lsbi:t,isls:1});var r=new Date;r.setTime(r.getTime()+31536e6),document.cookie=&quot;BAIDUID=&quot;+t+&quot;;domain=.baidu.com;path=/;expires=&quot;+r.toGMTString()+&quot;;&quot;}else{&quot;baiduid_recovery&quot;===e()&amp;amp;&amp;amp;page.log.send({ct:38,cst:1,lsbi:0,isls:0});var i=new RegExp(&quot;(^| )BAIDUID=([^;]*)(;|$)&quot;).exec(document.cookie),o=/[A-Fa-f0-9]{32}(:FG=1)?/;if(i&amp;amp;&amp;amp;o.test(i[2])){var a=i[2];n.setItem(&quot;BAIDUID&quot;,a)}}}})}(),page.on(&quot;afterload&quot;,function(){$(&quot;.search-page&quot;).on(&quot;click&quot;,&quot;#results span.wnor-fanyi-btn&quot;,function(){var e=this;require([&quot;modules/wnor_fanyi/wnor_fanyi&quot;],function(t){t.btnInit(e)})}).on(&quot;click&quot;,&quot;#results .wnor-fanyi-retry&quot;,function(){var e=this;require([&quot;modules/wnor_fanyi/wnor_fanyi&quot;],function(t){t.retryInit(e)})})}),define(&quot;sf/dataBridge&quot;,[&quot;require&quot;],function(){function e(e,t){try{if(&quot;object&quot;==typeof t&amp;amp;&amp;amp;(t=JSON.stringify(t)),&quot;string&quot;==typeof t)return n[e]=t,!0}catch(r){}return!1}function t(e){try{return value=JSON.parse(n[e])}catch(t){}return!1}var n={},r={};return r.set=function(t,n){return e(t,n)},r.get=function(e){return t(e)},r}),require([&quot;sf/dataBridge&quot;],function(e){B.dataBridge=e}),define(&quot;sf/message&quot;,[&quot;require&quot;],function(){function e(e,t){t=JSON.stringify(t),n[e]=t}function t(e){try{return value=JSON.parse(n[e]),delete n[e],value}catch(t){}return!1}var n={},r={};return r.send=function(t,n){return e(t,n)},r.receive=function(e){var n=t(e);return n},r}),require([&quot;sf/message&quot;],function(e){B.message=e}),define(&quot;log/utils&quot;,[&quot;require&quot;],function(){return{isObject:function(e){return&quot;object&quot;==typeof e},isString:function(e){return&quot;[object String]&quot;===Object.prototype.toString.call(e)},isArray:function(e){return e.constructor===Array},serialize:function(e){if(!e)return&quot;&quot;;var t=&quot;&quot;,n=&quot;&quot;;if(this.isObject(e)){for(var r in e)n=e[r],&quot;undefined&quot;!=typeof n&amp;amp;&amp;amp;(this.isObject(n)&amp;amp;&amp;amp;(n=JSON.stringify(n)),t+=r+&quot;=&quot;+encodeURIComponent(n)+&quot;&amp;amp;&quot;);t=t.substring(0,t.length-1)}else this.isString(e)&amp;amp;&amp;amp;(t=e);return t},extend:function(e,t,n){if(!this.isObject(e)||!this.isObject(t))return e;if(n)for(var r in t)t.hasOwnProperty(r)&amp;amp;&amp;amp;(this.isObject(t[r])&amp;amp;&amp;amp;(e[r]=this.isArray(t[r])?[]:{},arguments.callee(e[r],t[r],n)),e[r]=t[r]);else for(var i in t)t.hasOwnProperty(i)&amp;amp;&amp;amp;(e[i]=t[i]);return e},imgSendLog:function(e){var t=&quot;BD_PS_C&quot;+(new Date).getTime(),n=window[t]=new Image;n.onload=function(){n.onload=n.onerror=n.onabort=null,window[t]=null,n=null},n.src=e}}}),define(&quot;log/dataStore&quot;,[&quot;require&quot;,&quot;log/utils&quot;],function(e){var t=e(&quot;log/utils&quot;),n=function(e){e=e||{},this.localStorageKey=&quot;search_ls_js_webb&quot;,this.data={},this.syncTime=0,this.isFirstSend=!0,t.extend(this,e),this.storageData={data:this.data,logPrefix:this.logPrefix,syncTime:this.syncTime},this.sync(!0)};return t.extend(n.prototype,{pushLogUnit:function(e,t,n,r){var i=this.data;i[e]=i[e]||{};var o=i[e];o[t]||(o[t]=[[],[]]),o[t][r?0:1].push(JSON.stringify(n)),this.sync()},get:function(e){return this.data[e]},eachLogQueues:function(e,n){function r(e){for(var r in i[s])if(i[s].hasOwnProperty(r)){var o={fm:r,qid:s},a={logQueues:i[s][r],historyQid:c};if(e){if(o.type=4,!this.cache.logPrefix)return;t.extend(o,this.cache.logPrefix)}n(o,a)}}if(!e)return!1;var i=this.data,o=Object.keys(i);o.sort(function(t,n){return t===e?1:n===e?1:0});for(var a=0;a&amp;lt;o.length;a++){var s=o[a],c=s!==e;c?(this.isFirstSend&amp;amp;&amp;amp;new Date(this.cache.syncTime).getDate()==(new Date).getDate()&amp;amp;&amp;amp;r.call(this,!0),this.remove(s)):r.call(this)}this.isFirstSend=!1,this.sync()},clear:function(){this.data=[],this.sync()},remove:function(e){delete this.data[e]},sync:function(e){var n=this.localStorageKey;try{if(e){var r=JSON.parse(window.localStorage.getItem(n))||{};r.data&amp;amp;&amp;amp;t.extend(this.data,r.data),delete r.data,r.syncTime=r.syncTime||(new Date).getTime(),this.cache=r}else this.syncTime=this.storageData.syncTime=(new Date).getTime(),window.localStorage.setItem(n,JSON.stringify(this.storageData))}catch(i){(new Image).src=&quot;/error&quot;}}}),n}),define(&quot;log/webb&quot;,[&quot;require&quot;,&quot;log/utils&quot;,&quot;log/dataStore&quot;],function(e){var t,n=e(&quot;log/utils&quot;),r=e(&quot;log/dataStore&quot;),i=function(e){if(&quot;object&quot;==typeof t)return t;t=this,e=e||{};var r={start:(new Date).getTime(),debug:!1,t:null,cycle:null,MIN_SPEED:2e3,MAX_SPEED:1e4,curSpeed:5e3,stayTime:0,MAX_LEN:2e3,storeLen:-1,MAX_SEND:100,hostEnum:{SESTAT:0},keyMap:{input:0,disp:0,view:0,user:0,ex:0,heart:0},isFirst:!0,sendNum:{},global:window.B||window.page};n.extend(r,e),n.extend(this,r),this.preprocess(),this.bindUnloadLog()};return n.extend(i.prototype,{setCommLog:function(e){var t=e.pd||this.getEnvParma(&quot;pd&quot;)?&quot;sf_&quot;+this.getEnvParma(&quot;pd&quot;):&quot;&quot;;t&amp;amp;&amp;amp;(e.pd=t),e.qid=e.qid||this.getDefaultQid(),e.did=e.did||this.getEnvParma(&quot;did&quot;),e.q=e.q||this.getEnvParma(&quot;query&quot;);var n=this.keyMap[e.fm];return n||(n=0),e.host=n,!0},preprocess:function(){n.extend(this,{hostAddr:[this.logHost?this.logHost:this.getDefaultHostAddress()],did:this.did||this.createDid(),qid:this.qid||this.getDefaultQid()}),this.ds=new r({localStorageKey:this.localStorageKey||&quot;search_ls_js_webb&quot;,logPrefix:{did:this.did}}),this.qid&amp;amp;&amp;amp;(this.sendNum[this.qid]=0)},bindUnloadLog:function(){var e=this;$(window).bind(&quot;unload.webb&quot;,function(){e.flushData(2)})},getDefaultHostAddress:function(){var e=this.global;return(e&amp;amp;&amp;amp;e.https&amp;amp;&amp;amp;e.https.domain&amp;amp;&amp;amp;e.https.domain.get?e.https.domain.get(&quot;http://sestat.baidu.com&quot;):&quot;http://sestat.baidu.com&quot;)+&quot;/mwb.gif?&quot;},getDefaultQid:function(){var e=this.global;return decodeURIComponent(e&amp;amp;&amp;amp;e.comm&amp;amp;&amp;amp;e.comm.lid?e.comm.lid:&quot;&quot;)},createDid:function(){for(var e=&quot;&quot;,t=0;32&amp;gt;t;t++)e+=Math.floor(16*Math.random()).toString(16);return e},flushData:function(e){null!==this.t&amp;amp;&amp;amp;(clearTimeout(this.t),this.t=null);var t=this.fetchData(e);this.startSend(t,!0)},destroy:function(){this.t=null,this.did=this.createDid(),$(window).unbind(&quot;.webb&quot;)},send:function(e){var t=this.makeLogUrl(e);return t.length&amp;gt;0&amp;amp;&amp;amp;t.length&amp;lt;this.MAX_LEN?(n.imgSendLog(t),!0):void 0},makeLogUrl:function(e){this.setCommLog(e);var t=&quot;&quot;,r=e.host;return&quot;ex&quot;==e.fm||e.data&amp;amp;&amp;amp;e.qid?(delete e.host,t+=n.serialize(e),t+=&quot;&amp;amp;t=&quot;+(new Date).getTime(),this.hostAddr[r]+t):&quot;&quot;},sendNow:function(e,t,r){if(e&amp;amp;&amp;amp;n.isString(e)&amp;amp;&amp;amp;e in this.keyMap&amp;amp;&amp;amp;t){var i=n.extend({type:3,fm:e,data:[t]},r);this.send(i)}},pushData:function(e,t,r){if(!(e&amp;amp;&amp;amp;n.isString(e)&amp;amp;&amp;amp;e in this.keyMap&amp;amp;&amp;amp;t))return!1;r=r||{};var i=this.getDefaultQid();return i?void this.ds.pushLogUnit(i,e,t,r.highLevel):!1},getEnvParma:function(e){var t=this.global;return this[e]?this[e]:decodeURIComponent(t&amp;amp;&amp;amp;t.comm&amp;amp;&amp;amp;t.comm[e]?t.comm[e]:&quot;&quot;)},fetchData:function(e,t){var n=[],r=this;return this.ds.eachLogQueues(this.getDefaultQid(),function(i,o){var a=o.historyQid===!1&amp;amp;&amp;amp;0===e;i.type=i.type||e,r.setCommLog(i);var s=r.getBaseUrlLen(i);t=!(o.historyQid===!0||t!==!0),n=n.concat(r.packLog(s,i,o.logQueues[0],a)),t||(n=n.concat(r.packLog(s,i,o.logQueues[1],a)))}),n},packLog:function(e,t,r,i){for(var o=0,a=[],s=[],c=e;0!==r.length&amp;amp;&amp;amp;o&amp;lt;this.MAX_SEND;){var u=r.shift();i&amp;amp;&amp;amp;o++,c+=u.length+3,0===a.length||a.length&amp;gt;=1&amp;amp;&amp;amp;e&amp;lt;this.MAX_LEN&amp;amp;&amp;amp;c&amp;lt;this.MAX_LEN?a.push(u):(t.data=&quot;[&quot;+a.join(&quot;,&quot;)+&quot;]&quot;,s.push(t),a=[u],c=e+u.length+3,t=n.extend({},t))}return a.length&amp;gt;0&amp;amp;&amp;amp;(t=n.extend({},t),t.data=&quot;[&quot;+a.join(&quot;,&quot;)+&quot;]&quot;,s.push(t)),s},getBaseUrlLen:function(e){var t=e.host,r=this.hostAddr[t].length,i=r+(n.serialize(e)+&quot;&amp;amp;t=&quot;+(new Date).getTime()).length;return i+6},startSend:function(e,t){var n=this,r=100;if(t)e.forEach(function(e){this.send(e)},this);else var i=setInterval(function(){if(e.length&amp;lt;=0)return void clearInterval(i);var t=e.shift();n.send(t),t.qid in n.sendNum&amp;amp;&amp;amp;(n.sendNum[t.qid]+=1)},r)},startCycle:function(){this.cycle=1;var e=this;this.t=setTimeout(function(){var t=e.fetchData(0),n=t.length;-1===e.storeLen&amp;amp;&amp;amp;(e.storeLen=n),0!==e.storeLen&amp;amp;&amp;amp;n/e.storeLen&amp;gt;=2&amp;amp;&amp;amp;e.curSpeed&amp;gt;e.MIN_SPEED&amp;amp;&amp;amp;(e.curSpeed-=1e3),(0===n||e.storeLen/n&amp;gt;=2)&amp;amp;&amp;amp;e.curSpeed&amp;lt;e.MAX_SPEED&amp;amp;&amp;amp;(e.curSpeed+=1e3),e.startSend(t,!1),e.startCycle()},this.curSpeed)},sendPack:function(e,t,n){this.pushData(e,t,n),null===this.cycle&amp;amp;&amp;amp;this.startCycle()}}),i}),define(&quot;log/webb-exception&quot;,[&quot;require&quot;,&quot;log/webb&quot;],function(e){var t=e(&quot;log/webb&quot;),n=new t;return{keys:{},trigger:function(e,t){return this.keys[e]&amp;amp;&amp;amp;t&amp;amp;&amp;amp;t.st?(t.en=e,this.keys[e].data=t,n.sendNow(&quot;ex&quot;,t),!0):!1},on:function(e,t){this.keys[e]={option:t}}}}),define(&quot;log/webb-ia&quot;,[&quot;require&quot;,&quot;log/webb&quot;],function(e){var t,n,r=e(&quot;log/webb&quot;),i=(new Date).getTime(),o=0,a=null,s=function(e){e=e||{},t=t||new r(e.env),delete e.env,n=n||{},this.webb=t,this.group=0,this.start=null,this.stayTime=0,this.heartTime=[],this.heartTimer=null,this.scrollTimer=null,this.resizeTimer=null,this.flag=n,this.options={useAll:!1,useFocus:!1,useBlur:!1,useHeart:!1,useVsb:!1},this._init(e)};return $.extend(s.prototype,{send:function(e){e.t||(e.t=(new Date).getTime()),e.o=o,o+=1,e.g=this.group,this._setHistory(e),this.webb.sendPack(&quot;view&quot;,e)},sendNow:function(e){e.t||(e.t=(new Date).getTime()),e.o=o,o+=1,e.g=this.group,this._setHistory(e),this.webb.sendNow(&quot;view&quot;,e)},_init:function(e){this.start=i;for(var t in e)this.options[t]=e[t];this.group=this._getRandomNum()||0,this._initEvents()},_getRandomNum:function(){var e=89999*Math.random()+1e4;return e=parseInt(e,10)},_setHistory:function(e){if(e.type){var t=e.type,n=e.action?e.action:&quot;&quot;;&quot;w&quot;==t&amp;amp;&amp;amp;n&amp;amp;&amp;amp;(t=&quot;w_&quot;+n),a?a[t]?a[t]++:a[t]=1:(a={},a[t]=1)}},_sendFocusLog:function(){var e=this;e.send({type:&quot;w&quot;,action:&quot;focus&quot;,ext:{vsb:document.visibilityState?document.visibilityState:0}})},_sendBlurLog:function(){var e=this;e.send({type:&quot;w&quot;,action:&quot;blur&quot;,ext:{vsb:document.visibilityState?document.visibilityState:0}})},_sendVisibilitychangeLog:function(){var e=this;e.send({type:&quot;w&quot;,action:&quot;vsb&quot;,ext:{vsb:document.visibilityState?document.visibilityState:0}})},_initEvents:function(){var e=this,t=$(window);!e.options.useAll&amp;amp;&amp;amp;!e.options.useFocus||e.flag.focus||(t.bind(&quot;focus.webb_ia&quot;,function(){e._sendFocusLog()}),e.flag.focus=1),!e.options.useAll&amp;amp;&amp;amp;!e.options.useBlur||e.flag.blur||(t.bind(&quot;blur.webb_ia&quot;,function(){e._sendBlurLog()}),e.flag.blur=1),!e.options.useAll&amp;amp;&amp;amp;!e.options.useVsb||e.flag.vsb||($(document).bind(&quot;visibilitychange.webb_ia&quot;,function(){e._sendVisibilitychangeLog()}),e.flag.vsb=1),!e.options.useAll&amp;amp;&amp;amp;!e.options.useResize||e.flag.resize||(t.bind(&quot;resize.webb_ia&quot;,function(t){e.collectPoint(&quot;resize&quot;,t)}),e.flag.resize=1),!e.options.useAll&amp;amp;&amp;amp;!e.options.useHeart||e.flag.heart||(e.startHeart(),e.flag.heart=1),!e.options.useAll&amp;amp;&amp;amp;!e.options.useScroll||e.flag.scroll||(t.bind(&quot;scroll.webb_ia&quot;,function(t){e.collectPoint(&quot;scroll&quot;,t)}),e.flag.scroll=1)},destroy:function(){$(window).unbind(&quot;.webb_ia&quot;),null!==this.heartTimer&amp;amp;&amp;amp;clearTimeout(this.heartTimer),this.heartTimer=null,a=null,o=0,n=null,t.destroy(),t=null},fb:function(){var e,t=this.heartTime.length;return e=0===t||1===t?3e3:this.heartTime[t-1]+this.heartTime[t-2],this.heartTime.push(e),e},sendHeart:function(e){var t=(new Date).getTime(),n=0===e?this.stayTime:t-this.start,r={type:&quot;heart&quot;,stay_time:n,t:t};a&amp;amp;&amp;amp;(r.hist=a),this.sendNow(r)},startHeart:function(){var e=this,t=e.fb();e.stayTime+=t,e.heartTimer=setTimeout(function(){e.sendHeart(0),e.startHeart()},t)},collectPoint:function(e){function t(){i[r]=setTimeout(function(){i.send(n(e)),i[r]=null},1e3)}function n(e){if(&quot;scroll&quot;===e){var t=$(window),n=t.scrollTop(),r=t.scrollLeft();return{type:&quot;w&quot;,action:&quot;scroll&quot;,ext:{y:n,x:r}}}return&quot;resize&quot;===e?{type:&quot;w&quot;,action:&quot;resize&quot;,ext:{w:$(window).width(),h:$(window).height()}}:void 0}var r=e+&quot;Timer&quot;,i=this;null===i[r]&amp;amp;&amp;amp;t()}}),s}),define(&quot;log/webb-disp&quot;,[&quot;require&quot;,&quot;log/utils&quot;,&quot;log/webb&quot;],function(e){var t=e(&quot;log/utils&quot;),n=e(&quot;log/webb&quot;),r=function(e){var r={webb:new n,display:{},ExpirationTime:5e3,errCheckList:[&quot;base_sf&quot;],currentKey:&quot;&quot;,callBacks:{}};t.extend(r,e),t.extend(this,r)};return t.extend(r.prototype,{set:function(e,t){return e&amp;amp;&amp;amp;t?(this.currentKey=e,this.callBacks[e]=t,this.display[e]=t.call(this),this):void 0},sendDisp:function(e){e=e||(new Date).getTime();var t=this.currentKey,n=this;for(var r in this.display){if(n.errCheckList.indexOf(t)&amp;gt;-1){var i=this.display[r].size.doc.h||0;if(50&amp;gt;i){if((new Date).getTime()-e&amp;lt;this.ExpirationTime)setTimeout(function(){n.display[t]=n.callBacks[t].call(this),n.sendDisp(e)},2e3);else{var o={};o[t]={status:&quot;fail&quot;},this.webb.sendNow(&quot;disp&quot;,o)}return}}var a={};a[r]=this.display[r],a.t=(new Date).getTime(),this.webb.sendNow(&quot;disp&quot;,a),delete this.display[r]}return this}}),r}),page.on(&quot;ready&quot;,function(){require([&quot;log/webb-ia&quot;],function(e){window.webb=page.webb=page.webb||{},page.webb.ia=new e({useAll:!0})}),require([&quot;log/webb-disp&quot;],function(e){var t=$(&quot;.se-page-bd&quot;).find(&quot;.result&quot;);window.webb=window.webb||{},webb.disp=(new e).set(&quot;base&quot;,function(){var e={size:{doc:{w:$(document).width(),h:$(document).height()},wind:{w:$(window).width(),h:$(window).height()},scr:{w:screen.width,h:screen.height}},vsb:document.visibilityState?document.visibilityState:0};return e.num=t.length,e}).set(&quot;results&quot;,function(){var e=[];return t.length&amp;gt;0&amp;amp;&amp;amp;t.each(function(t,n){n=$(n);var r=n.height(),i=n.offset().top;e.push({order:n.attr(&quot;order&quot;)||0,top:i||0,height:r||0,tpl:n.attr(&quot;tpl&quot;)||&quot;&quot;,srcid:n.attr(&quot;srcid&quot;)||0,show:&quot;none&quot;==n.css(&quot;display&quot;)?0:1})}),e}).sendDisp()}),require([&quot;log/webb-exception&quot;],function(e){window.webb=window.webb||{},webb.exception=e,e.on(&quot;wiseasync&quot;),e.on(&quot;jserr&quot;),e.on(&quot;cndmointor&quot;),e.on(&quot;base_sf&quot;)})}),page.on(&quot;stop&quot;,function(){webb&amp;amp;&amp;amp;webb.ia&amp;amp;&amp;amp;webb.ia.destroy(),delete webb.ia}),define(&quot;log/js-error/ErrorUtils&quot;,[&quot;require&quot;,&quot;exports&quot;,&quot;module&quot;],function(e,t,n){function r(e){if(!e)return[];var t=e.split(/\n\n/)[0].replace(/[\(\)]|\[.*?\]|^\w+:\s.*?\n/g,&quot;&quot;).split(&quot;\n&quot;);return t=C(t,function(e){var t,n,r;e=e.trim(),/(:(\d+)(:(\d+))?)$/.test(e)&amp;amp;&amp;amp;(n=RegExp.$2,r=RegExp.$4,e=e.slice(0,-RegExp.$1.length)),(k.test(e)||/(.*)(@|\s)[^\s]+$/.test(e))&amp;amp;&amp;amp;(e=e.substring(RegExp.$1.length+1),t=/(at)?\s*(.*)([^\s]+|$)/.test(RegExp.$1)?RegExp.$2:&quot;&quot;);var i={identifier:t,script:e,line:n,column:r};return m&amp;amp;&amp;amp;m(i),i.text=&quot;    at&quot;+(i.identifier?&quot; &quot;+i.identifier+&quot; (&quot;:&quot; &quot;)+i.script+(i.line?&quot;:&quot;+i.line:&quot;&quot;)+(i.column?&quot;:&quot;+i.column:&quot;&quot;)+(i.identifier?&quot;)&quot;:&quot;&quot;),i})}function i(e){if(!e)return{};if(e._originalError)return e;var t=r(e.stackTrace||e.stack),n=!1;if(e.framesToPop){for(var i,o=e.framesToPop;o&amp;gt;0&amp;amp;&amp;amp;t.length&amp;gt;0;)i=t.shift(),o--,n=!0;x.test(e.message)&amp;amp;&amp;amp;2===e.framesToPop&amp;amp;&amp;amp;i&amp;amp;&amp;amp;y.test(i.script)&amp;amp;&amp;amp;(e.message+=&quot; at &quot;+i.script+(i.line?&quot;:&quot;+i.line:&quot;&quot;)+(i.column?&quot;:&quot;+i.column:&quot;&quot;)),delete e.framesToPop}var a={line:e.lineNumber||e.line,column:e.columnNumber||e.column,name:e.name,message:e.message,type:e.type,script:e.fileName||e.sourceURL||e.script,stack:C(t,function(e){return e.text}).join(&quot;\n&quot;),stackFrames:t,guard:e.guard,guardList:e.guardList,extra:e.extra,snapshot:e.snapshot};&quot;string&quot;!=typeof a.message&amp;amp;&amp;amp;(a.messageObject=a.message,a.message=String(a.message)),m&amp;amp;&amp;amp;m(a),n&amp;amp;&amp;amp;(delete a.script,delete a.line,delete a.column),t[0]&amp;amp;&amp;amp;(a.script=a.script||t[0].script,a.line=a.line||t[0].line,a.column=a.column||t[0].column),a._originalError=e;for(var s in a)null==a[s]&amp;amp;&amp;amp;delete a[s];return a}function o(e){if(E)return!1;A.length&amp;gt;0&amp;amp;&amp;amp;(e.guard=e.guard||A[0],e.guardList=A.slice()),e=i(e),$.length&amp;gt;T&amp;amp;&amp;amp;$.splice(T/2,1),$.push(e),E=!0;for(var t=0;t&amp;lt;S.length;t++)try{S[t](e)}catch(n){}return E=!1,!0}function a(){return O}function s(e){A.unshift(e),O=!0}function c(){A.shift(),O=0!==A.length}function u(e,t,n,r,a){s(a||v);var u,l=g.nocatch||/nocatch/.test(location.search);if(l){try{u=e.apply(t,n||[])}finally{c()}return u}try{return u=e.apply(t,n||[])}catch(d){var f=i(d);r&amp;amp;&amp;amp;r(f),e&amp;amp;&amp;amp;(f.callee=e.toString().substring(0,100)),n&amp;amp;&amp;amp;(f.args=Array.prototype.slice.call(n).toString().substring(0,100)),f.guard=A[0],f.guardList=A.slice(),o(f)}finally{c()}}function l(e,t,n){function r(){return u(e,n||this,arguments,null,t)}return t=t||e.name||w,r}function d(e,t,n,r,i){i=i||{},i.message=i.message||e,i.script=i.script||t,i.line=i.line||n,i.column=i.column||r,i.guard=b,i.guardList=[b],o(i)}function f(e,t){S.push(e),t||each($,e)}function p(e){m=e}function h(e,t){g[e]=t}var m,g={},v=&quot;&amp;lt;anonymous guard&amp;gt;&quot;,w=&quot;&amp;lt;generated guard&amp;gt;&quot;,b=&quot;&amp;lt;window.onerror&amp;gt;&quot;,y=/^https?:\/\//i,x=/^Type Mismatch for/,_=[&quot;Unknown script code&quot;,&quot;Function code&quot;,&quot;eval code&quot;],k=new RegExp(&quot;(.*?)(\\s)(?:&quot;+_.join(&quot;|&quot;)+&quot;)$&quot;),S=[],$=[],T=50,A=[],O=!1,E=!1,C=function(e,t){return e.map(t)};window.onerror=d;var q={ANONYMOUS_GUARD_TAG:v,GENERATED_GUARD_TAG:w,GLOBAL_ERROR_HANDLER_TAG:b,addListener:f,setSourceResolver:p,applyWithGuard:u,guard:l,history:$,inGuard:a,normalizeError:i,onerror:d,reportError:o,setConfig:h};n.exports=q}),require([&quot;log/js-error/ErrorUtils&quot;],function(e){&quot;use strict&quot;;var t=1,n=350,r=.001,i=&quot;&quot;,o=0,a=window.page&amp;amp;&amp;amp;page.comm&amp;amp;&amp;amp;page.comm.jsErrorReportConf;a&amp;amp;&amp;amp;a.sam&amp;amp;&amp;amp;(i=a.sam),a&amp;amp;&amp;amp;a.reportScale&amp;amp;&amp;amp;(r=a.reportScale),Math.random()&amp;gt;r||e.addListener(function(e){if(!(++o&amp;gt;t)){var r=e._originalError&amp;amp;&amp;amp;e._originalError.reportType||&quot;0&quot;,a={st:r,info:[e.name,e.message,e.stack.slice(0,n)].join(&quot;:&quot;)};i&amp;amp;&amp;amp;(a.sam=i),window.page&amp;amp;&amp;amp;page.webb&amp;amp;&amp;amp;page.webb.exception&amp;amp;&amp;amp;page.webb.exception.trigger(&quot;jserr&quot;,a)}})}),define(&quot;modules/transcode&quot;,[&quot;require&quot;,&quot;sfr&quot;],function(e){if($(document).delegate(&#039;div[tpl=&quot;www_normal&quot;] a,div[tpl=&quot;insp_normal&quot;] a&#039;,&quot;click&quot;,function(t){var n=$(this),r=n.attr(&quot;href&quot;),i=!1;if(r.match(/srd=1(.*)?dict=([2-3][0-9]|64|72)/)&amp;amp;&amp;amp;!r.match(&quot;h5ad=1&quot;)&amp;amp;&amp;amp;(r.match(&quot;m.baidu.com&quot;)||r.match(&quot;www.baidu.com&quot;))&amp;amp;&amp;amp;(!(page&amp;amp;&amp;amp;page.comm&amp;amp;&amp;amp;page.comm.superframe)||&quot;0&quot;!==page.comm.superframe.sf_enable&amp;amp;&amp;amp;&quot;0&quot;!==page.comm.superframe.sf_tc_enable)&amp;amp;&amp;amp;(i=!0)){var o=n.attr(&quot;href&quot;);o=o.match(/https?:\/\/[^\/]*(.*)/)[1]+&quot;&amp;amp;sfOpen=1&quot;;var a=1;e(&quot;sfr&quot;).action.redirect(o,null,{headStyle:a}),t.preventDefault()}}),&quot;https:&quot;==location.protocol){var t=&quot;https://ss0.baidu.com/6ONWsjip0QIZ8tyhnq/ps_default.gif&quot;,n=Date.now(),r=window[n]=new Image;r.onload=r.onerror=r.onabort=function(){r.onload=r.onerror=r.onabort=null,r=null},r.src=t}}),require([&quot;modules/transcode&quot;]),define(&quot;modules/velocity&quot;,[&quot;require&quot;],function(){function e(){a.end=+new Date,n(this.src,&quot;success&quot;)}function t(){a.end=+new Date,n(this.src,&quot;fail&quot;)}function n(e,t){var n=&quot;//m.baidu.com&quot;,r=[];r.push(&quot;time=&quot;+(a.end-a.start)),r.push(&quot;src=&quot;+e),r.push(&quot;state=&quot;+t),i({url:n,params:r})}function r(n){o=new Image,a.start=+new Date,o.onload=e,o.onerror=t,o.src=n}function i(e){var t=e.url,n=e.params.join(&quot;&amp;amp;&quot;);$.ajax({headers:{&quot;X-Bd-Bwsc&quot;:&quot;result&quot;},type:&quot;get&quot;,url:t+&quot;?&quot;+n})}var o,a={start:0,end:0};return{send:r}}),function(){page.on(&quot;afterload&quot;,function(){var e=Math.random();require([&quot;modules/velocity&quot;],function(t){.01&amp;gt;e&amp;amp;&amp;amp;(t.send(&quot;https://spdytest.baidu.com/static/clientcon_test.gif&quot;),t.send(&quot;https://spdytest1.baidu.com/static/clientcon_test.gif&quot;))})})}(),define(&quot;modules/tclink/tchlog&quot;,[&quot;require&quot;],function(){function e(){return m=document.body,g=0,v=0,w=0,b=0,y=0,_=0,k=0,S=0,$=0,T=0,A=&quot;none&quot;,O=0,E=0,C=&quot;none&quot;,q=124,t(),{getCkValue:d}}function t(){m.addEventListener(&quot;touchstart&quot;,n,!0),m.addEventListener(&quot;touchend&quot;,r,!0),m.addEventListener(&quot;touchmove&quot;,i,!0),window.addEventListener(&quot;scroll&quot;,a,!0)}function n(e){var t=e.touches.item(0);b=parseInt(t.pageX,10),y=parseInt(t.pageY,10),s(),g=p(e)}function r(e){v=p(e),w=v-g}function i(e){o(e)}function o(e){a(e)}function a(e){x||(x=!0,k=window.scrollY);var t=window.scrollY,n=Math.abs(t-_),r=u(_,t)||A,i=p(e);c(n,r)&amp;amp;&amp;amp;(i&amp;gt;$&amp;amp;&amp;amp;($=i),&quot;none&quot;===C&amp;amp;&amp;amp;(C=A,S=i),C!==A&amp;amp;&amp;amp;(l(),S=i,C=A)),_=t}function s(){x&amp;amp;&amp;amp;&quot;none&quot;!==C&amp;amp;&amp;amp;(l(),E=0,x=!1,A=&quot;none&quot;)}function c(e,t){return&quot;none&quot;===A&amp;amp;&amp;amp;(A=t),t!==A?(A=t,E=0):E+=e,E&amp;gt;R}function u(e,t){return t&amp;gt;e?&quot;up&quot;:e&amp;gt;t?&quot;down&quot;:!1}function l(){O++,T+=$-S,C=&quot;none&quot;}function d(){var e=q;if(e!==!1){var t=[e,w,b,y,O,T].join(&quot;.&quot;);return f(),t}return!1}function f(){O=0,T=0}function p(e){if(0!==e.timeStamp)return parseInt(e.timeStamp);var t=new Date;return t.getTime()}var h,m,g,v,w,b,y,x,_,k,S,$,T,A,O,E,C,q,R=10;return{init:function(){h=e()},getTouchValue:function(){return h.getCkValue()}}}),page.on(&quot;init&quot;,function(){require([&quot;modules/tclink/tchlog&quot;],function(e){e.init(),$(&quot;.search-page&quot;).on(&quot;touchstart&quot;,&quot;#results .result a, #results-top .result a&quot;,function(){var t=$(this),n=&quot;&amp;amp;tch=&quot;+e.getTouchValue(),r=t.attr(&quot;href&quot;);if(-1!==r.search(/\/tc\?.*&amp;amp;nsrc=/)){if(-1!==r.search(/&amp;amp;tch=/))var i=r.replace(/&amp;amp;tch=([^&amp;amp;]*)/,n);else var i=r.replace(/&amp;amp;nsrc=/,n+&quot;&amp;amp;nsrc=&quot;);t.attr(&quot;href&quot;,i)}})})}),define(&quot;modules/tclink/tc_speed&quot;,[&quot;require&quot;],function(){return{handleLog:function(){function e(e){var t=+new Date;return e.filter(function(e){return t-e.t&amp;lt;864e5}).filter(function(e){return e.w&amp;lt;14e11})}if(page.ls&amp;amp;&amp;amp;page.ls.enabled){$(document).delegate(&quot;a&quot;,&quot;click&quot;,function(){page.ls.setItem(&quot;tc_time_start&quot;,+new Date)}),page.ls.removeItem(&quot;tc_time_start&quot;);var t=page.ls.getItem(&quot;tc_time_log&quot;);if(t&amp;amp;&amp;amp;(page.ls.removeItem(&quot;tc_time_log&quot;),!(Math.random()&amp;gt;.008)||page.ls.getItem(&quot;test_tc_speed&quot;))){var n=e(JSON.parse(t));n.length&amp;amp;&amp;amp;page.log.send({ct:44,cst:0,clk_info:encodeURIComponent(JSON.stringify(n))})}}}}}),page.init(function(){require([&quot;modules/tclink/tc_speed&quot;],function(e){e.handleLog()})}),define(&quot;modules/tclink/process_url&quot;,[&quot;require&quot;],function(){function e(e,t){var n=e.attr(&quot;href&quot;),r=t.prefix,i=page.comm.query,o=n.indexOf(&quot;/tc?&quot;)&amp;gt;=0;e.attr(&quot;sftc&quot;),r&amp;amp;&amp;amp;n&amp;amp;&amp;amp;0==n.indexOf(r)&amp;amp;&amp;amp;(n=n.substring(r.length),1==page.comm._eclipse&amp;amp;&amp;amp;o&amp;amp;&amp;amp;n.indexOf(&quot;&amp;amp;eqid&quot;)&amp;lt;0&amp;amp;&amp;amp;(1==page.comm._eclipse_w&amp;amp;&amp;amp;(n=n.replace(/\/(w=[0-9]+_[0-9]+_)[^\/]+\//,&quot;/$1/&quot;)),n+=&quot;&amp;amp;eqid=&quot;+page.comm.eqid,e.attr(&quot;data-tc-redirect&quot;)||(n+=&quot;&amp;amp;wd=&quot;)),&quot;https:&quot;===location.protocol&amp;amp;&amp;amp;(0==n.indexOf(&quot;/baidu.php?&quot;)&amp;amp;&amp;amp;(r=&quot;https://m.baidu.com&quot;),n.indexOf(&quot;/l=1/&quot;)&amp;gt;=0&amp;amp;&amp;amp;n.indexOf(&quot;/srd=1/&quot;)&amp;lt;0&amp;amp;&amp;amp;n.indexOf(&quot;&amp;amp;wd=&quot;)&amp;lt;0&amp;amp;&amp;amp;!e.attr(&quot;data-tc-redirect&quot;)&amp;amp;&amp;amp;(n+=&quot;&amp;amp;wd=&quot;+i),o&amp;amp;&amp;amp;(r=&quot;https://m.baidu.com&quot;)),e.attr(&quot;href&quot;,r+n))}function t(){$(&quot;.search-page&quot;).on(&quot;touchstart&quot;,&quot;a&quot;,function(){var t=$(this);t.attr(&quot;href&quot;)&amp;amp;&amp;amp;e(t,{prefix:&quot;http://m.baidu.com&quot;})})}return{init:t}}),page.on(&quot;init&quot;,function(){require([&quot;modules/tclink/process_url&quot;],function(e){e.init()})}),define(&quot;modules/pager&quot;,[&quot;require&quot;],function(require){function init(){var setUrlParam=function(url,key,value){var oUrl=url.toString(),reg=eval(&quot;/(&quot;+key+&quot;=)([^&amp;amp;]*)/gi&quot;);if(reg.test(oUrl)){var nUrl=oUrl.replace(reg,key+&quot;=&quot;+value);return nUrl}return oUrl+&quot;&amp;amp;&quot;+key+&quot;=&quot;+value};$(&quot;.se-page-controller&quot;).on(&quot;touchstart&quot;,&quot;a&quot;,function(){if(window.ecom&amp;amp;&amp;amp;ecom.wise){var e=$(this).attr(&quot;href&quot;)||&quot;&quot;;ecom.wise.PARAMS&amp;amp;&amp;amp;ecom.wise.PARAMS.searchid&amp;amp;&amp;amp;(e=setUrlParam(e,&quot;adid&quot;,encodeURIComponent(ecom.wise.PARAMS.searchid))),$(this).attr(&quot;href&quot;,e)}})}return{init:init}}),page.on(&quot;afterload&quot;,function(){require([&quot;modules/pager&quot;],function(e){e.init()})}),define(&quot;modules/cdnMonitor&quot;,[&quot;require&quot;],function(){function e(){l=Math.random(),l&amp;gt;=.41&amp;amp;&amp;amp;.49&amp;gt;l&amp;amp;&amp;amp;r()}function t(){l&amp;gt;=.51&amp;amp;&amp;amp;.59&amp;gt;l&amp;amp;&amp;amp;(i(),o(),a(),s()),l&amp;gt;=.41&amp;amp;&amp;amp;.49&amp;gt;l&amp;amp;&amp;amp;setTimeout(c,3e3)}function n(){var e=Math.round(1e3*Math.random())%f.length;if(0!=e||&quot;https:&quot;!=location.protocol){var t=new Image,n=new Image,r=f[e];t.onload=function(){n.src=&quot;//www.baidu.com/nocache/fesplg/s.gif?url=&quot;+encodeURIComponent(r)+&quot;&amp;amp;time=&quot;+((new Date).getTime()-i)+&quot;&amp;amp;suc=1&amp;amp;type=aboard&amp;amp;dev=wise&amp;amp;protocol=&quot;+encodeURIComponent(location.protocol)+&quot;&amp;amp;ran=&quot;+(new Date).getTime()},t.onerror=function(){n.src=&quot;//www.baidu.com/nocache/fesplg/s.gif?url=&quot;+encodeURIComponent(r)+&quot;&amp;amp;time=&amp;amp;suc=0&amp;amp;type=aboard&amp;amp;dev=wise&amp;amp;protocol=&quot;+encodeURIComponent(location.protocol)+&quot;&amp;amp;ran=&quot;+(new Date).getTime()};var i=(new Date).getTime();t.src=r+&quot;?&amp;amp;ran=&quot;+(new Date).getTime()}}function r(){var e=$(&quot;.se-page-bd .result img&quot;);e.forEach(function(e){var t=e.onerror;e.onerror=function(){this.loaderror=!0,t&amp;amp;&amp;amp;t.apply(this)}})}function i(){var e=new Image;e.onload=function(){u(&quot;cdntestsuc&quot;)},e.onerror=function(){u(&quot;cdntesterr&quot;)},e.src=&quot;//ss0.bdstatic.com/5bd1bjqh_Q23odCf/static/wiseindex/img/w_icon2.png?ran&quot;}function o(){var e=new Image;e.onload=function(){u(&quot;cdngsstestsuc&quot;)},e.onerror=function(){u(&quot;cdngsstesterr&quot;)},e.src=&quot;//gss0.bdstatic.com/5bd1bjqh_Q23odCf/static/wiseindex/img/w_icon2.png?ran&quot;}function a(){var e=new Image;e.onload=function(){u(&quot;cdnidctestsuc&quot;)},e.onerror=function(){u(&quot;cdnidctesterr&quot;)},e.src=&quot;//m.baidu.com/logo.gif&quot;}function s(){var e=new Image;e.onload=function(){u(&quot;cdnss0bdtestsuc&quot;)},e.onerror=function(){u(&quot;cdnss0bdtesterr&quot;)},e.src=&quot;//ss0.baidu.com/5bd1bjqh_Q23odCf/static/wiseindex/img/w_icon2.png?ran&quot;}function c(){var e={},t=0,n={},r=$(&quot;.se-page-bd .result img[src]&quot;),i=&quot;se-img&quot;;r.forEach(function(e){if(e.loaderror===!0){t++;var r=e.src||&quot;&quot;,o=r.match(/\/\/([^\/]*)\//);o[1]&amp;amp;&amp;amp;(n[o[1]]=n[o[1]]||0,n[o[1]]++,0==o[1].indexOf(&quot;ss&quot;)&amp;amp;&amp;amp;(i=&quot;se-imgcdnerr&quot;))}}),t&amp;amp;&amp;amp;(e.host=n),e.unload=t,e.total=r.length,u(i,e)}function u(e,t){if(e){if(e.indexOf(&quot;suc&quot;)&amp;gt;-1){var n=Math.random();if(!(n&amp;gt;=.5&amp;amp;&amp;amp;.6&amp;gt;n))return}t=t||{},t.st=e;var r=&quot;&amp;amp;terminal=wise&quot;;for(var i in t)r+=&quot;&amp;amp;&quot;+i+&quot;=&quot;+t[i];var o=new Image;o.src=B.https.domain.get(d+r)}}var l,d=&quot;http://sestat.baidu.com/cm.gif?type=cdnmonitor&quot;,f=[&quot;//103.235.47.121/s.gif&quot;,&quot;//sptidchk.baidu.com/s.gif&quot;,&quot;//sptidcsfo.baidu.com/s.gif&quot;,&quot;//sptidcjp.baidu.com/s.gif&quot;,&quot;//sptidcsin.baidu.com/s.gif&quot;,&quot;//sptcdnhkg.baidu.com/nocache/s.gif&quot;,&quot;//sptcdnhkg.baidu.com/cache/s.gif&quot;,&quot;//sptcdnsfo.baidu.com/nocache/s.gif&quot;,&quot;//sptcdnsfo.baidu.com/cache/s.gif&quot;,&quot;//sptcdnsin.baidu.com/nocache/s.gif&quot;,&quot;//sptcdnsin.baidu.com/cache/s.gif&quot;,&quot;//sptcdnhome.baidu.com/r/www/nocache/imgdata/sp613.gif&quot;,&quot;//sptcdnhome.baidu.com/r/www/cache/sp/az.gif&quot;];return{afterload:t,ready:e,foreignTest:n}}),location.protocol.indexOf(&quot;https&quot;)&amp;gt;-1&amp;amp;&amp;amp;(page.on(&quot;ready&quot;,function(){require([&quot;modules/cdnMonitor&quot;],function(e){e.ready()})}),page.on(&quot;afterload&quot;,function(){require([&quot;modules/cdnMonitor&quot;],function(e){e.afterload()})})),&quot;70&quot;==B.comm.bfe_sample&amp;amp;&amp;amp;page.on(&quot;afterload&quot;,function(){require([&quot;modules/cdnMonitor&quot;],function(e){e.foreignTest()})}),define(&quot;modules/ecomMonitor&quot;,[&quot;require&quot;],function(){function e(){r=new RegExp(&quot;(&quot;+i.join(&quot;|&quot;)+&quot;)&quot;),t()}function t(){var e=$(&quot;img[src]&quot;);o=[],e.forEach(function(e){if(e.src&amp;amp;&amp;amp;e.src.match(r)){var t=new Image;t.st=(new Date).getTime(),t.onload=function(){t.end=(new Date).getTime()},t.onerror=function(){t.end=-1},t.orisrc=e.src,t.src=e.src+&quot;?ran=&quot;+t.st,o.push(t)}}),o.length&amp;amp;&amp;amp;setTimeout(n,3e3)}function n(){var e=[];o.forEach(function(t){var n=&quot;&quot;;n=-1==t.end?&quot;-1&quot;:t.end?t.end-t.st:&quot;-2&quot;,e.push(t.orisrc+&quot;#&quot;+n)}),e=e.join(&quot;##&quot;),B.log.send({ct:58,cst:1,clk_extra:encodeURIComponent(e)})}var r,i=[&quot;i1.baidu.com&quot;,&quot;i2.baidu.com&quot;,&quot;i3.baidu.com&quot;,&quot;t1.baidu.com&quot;,&quot;t2.baidu.com&quot;,&quot;t3.baidu.com&quot;,&quot;ss1.baidu.com/73N1bjeh1BF3odCf&quot;,&quot;ss2.baidu.com/73Z1bjeh1BF3odCf&quot;,&quot;ss3.baidu.com/73V1bjeh1BF3odCf&quot;,&quot;ss0.baidu.com/6ON1bjeh1BF3odCf&quot;,&quot;ss1.baidu.com/6OZ1bjeh1BF3odCf&quot;,&quot;ss2.baidu.com/6OV1bjeh1BF3odCf&quot;],o=[];return{afterload:e}}),page.on(&quot;afterload&quot;,function(){ran=Math.random(),ran&amp;gt;=.48&amp;amp;&amp;amp;.49&amp;gt;ran&amp;amp;&amp;amp;require([&quot;modules/ecomMonitor&quot;],function(e){e.afterload()})}),define(&quot;modules/commonNetworkTest&quot;,[&quot;require&quot;],function(){function e(e){var t=&quot;//www.baidu.com/nocache/fesplg/s.gif?log_type=hm&amp;amp;type=wise_bbr_test&amp;amp;&quot;,n=e.join(&quot;&amp;amp;&quot;),r=new Image,i=&quot;_HM_LOG_&quot;+(new Date).getTime();r.onload=function(){delete window[i]},window[i]=r,r.src=t+n}var t={};return Math.random(),t.preConnect=function(e){for(var t=0;t&amp;lt;e.length;t++){var n=new Image;n.src=e[t]}},t.runNetworkTest=function(t){function n(){for(var t in r)!function(e){var t=&quot;_NETWORK_LOG_&quot;+e+&quot;_&quot;+ +new Date,n=new Image,u=new Date;c[e]=$.Deferred(),s.push(c[e]),n.onload=function(){a.push(e+&quot;_&quot;+o+&quot;=&quot;+(new Date-u)),c[e].resolve(),delete window[t]},n.onerror=function(){a.push(e+&quot;_&quot;+o+&quot;=&quot;+(new Date-u)),c[e].resolve(),delete window[t]},n.src=r[e]+i[o]+&quot;?type=&quot;+e+&quot;&amp;amp;_t=&quot;+ +new Date}(t);var n=$.when.apply($,s);n.always(function(){e(a)})}var r=t.testUrlList,i=t.testFileList,o=Math.floor(Math.random()*i.length),a=[],s=[],c={};setTimeout(n,3e3)},t}),page.on(&quot;ready&quot;,function(){var e=Math.random();e&amp;gt;=.1&amp;amp;&amp;amp;.105&amp;gt;e&amp;amp;&amp;amp;require([&quot;modules/commonNetworkTest&quot;],function(e){e.preConnect([&quot;https://gst0.baidu.com/nocache/zw0.gif&quot;,&quot;https://gst1.baidu.com/nocache/zw0.gif&quot;]),e.runNetworkTest({testUrlList:{gst0:&quot;https://gst0.baidu.com/nocache/&quot;,gst1:&quot;https://gst1.baidu.com/nocache/&quot;},testFileList:[&quot;zw10.gif&quot;,&quot;zw20.gif&quot;,&quot;zw50.gif&quot;,&quot;zw100.gif&quot;]})})}),page.one(&quot;afterload&quot;,function(){$(&quot;.feedback&quot;).one(&quot;click.feedback&quot;,function(){require([&quot;modules/feedback/feedback&quot;],function(e){e.init()})})}),require([&quot;modules/feedback/feedback&quot;],function(e){page.comm.feedbackAla=e.alaInit}),define(&quot;modules/activityEgg&quot;,[&quot;require&quot;],function(){function e(){this.container=$(&quot;.search-page&quot;)}return e.prototype.run=function(){var e=this;e.init&amp;amp;&amp;amp;page.one(&quot;init&quot;,function(){e.init()}),e.destroy&amp;amp;&amp;amp;page.one(&quot;destroy&quot;,function(){e.destroy()}),e.attach&amp;amp;&amp;amp;page.one(&quot;attach&quot;,function(){e.attach()}),e.detach&amp;amp;&amp;amp;page.one(&quot;detach&quot;,function(){e.detach()})},e}),define(&quot;modules/psEvent&quot;,[&quot;require&quot;],function(){function e(){}return e.prototype.set=function(e,t,n){return e&amp;amp;&amp;amp;t&amp;amp;&amp;amp;n?e[t]?e[t]:(e[t]=n,n):!1},e.prototype.get=function(e,t){return e&amp;amp;&amp;amp;t?e[t]?e[t]:null:!1},e}),require([&quot;modules/psEvent&quot;],function(e){var t=new e;page.utils=page.utils||{},page.utils.getEventSignature=function(e){return e&amp;amp;&amp;amp;page.comm.domLoadingTime?t.set(e,&quot;psSignature&quot;,new Date-page.comm.domLoadingTime):0}}),!function(){if(B&amp;amp;&amp;amp;B.comm&amp;amp;&amp;amp;B.comm.sids&amp;amp;&amp;amp;-1!==B.comm.sids.indexOf(&quot;108670&quot;)){var e=&#039;&amp;lt;iframe style=&quot;display:none&quot; frameborder=0 width=0 height=0 marginheight=0 marginwidth=0 scrolling=no src=&quot;https://mipcache.bdstatic.com/static/prefetch.html&quot;&amp;gt;&amp;lt;/iframe&amp;gt;&#039;;$(&quot;body&quot;).append(e)}}(),define(&quot;modules/mip/page&quot;,[&quot;require&quot;],function(){function e(){clearTimeout(i),i=setTimeout(function(){var e=document.body.scrollTop,n=e+$(window).height();r.filter(&#039;[data-sf-mip-preload=&quot;0&quot;]&#039;).filter(function(){var t=$(this).offset().top;return t&amp;gt;e&amp;amp;&amp;amp;n&amp;gt;t}).each(function(){t.loadDom($(this))})},300)}var t={},n={};t.loadHtml=function(e){if(!n[e]){var t=new $.Deferred,r=new Image;$(r).on(&quot;load error&quot;,function(){t.resolve(e)}),r.src=e,n[e]=t}return n[e]},t.getStatus=function(e){return n[e]?4===n[e].readyState?2:1:0},t.loadDom=function(e){var n=e.data(&quot;sf-href&quot;),r=n.match(/&amp;amp;ext=([^&amp;amp;]+)&amp;amp;/);if(!r)return!1;try{r=JSON.parse(decodeURIComponent(r[1]))}catch(i){return console.warn(&quot;ext parse error&quot;,i),!1}var o=decodeURIComponent(r.url);if(!o)return!1;e.data(&quot;sf-mip-preload&quot;,1);var a=t.loadHtml(o);a.always(function(){e.data(&quot;sf-mip-preload&quot;,2)})},t.isMipDom=function(e){var t=e.data(&quot;sf-href&quot;);return t?t.indexOf(&quot;&amp;amp;pd=mms_mip&amp;amp;actname=act_sf_mip&quot;)&amp;gt;0:void 0};var r,i;return t.start=function(n){n.on(&quot;afterload&quot;,function(){r=$(&quot;a[data-sf-href]&quot;).filter(function(){return t.isMipDom($(this))}).data(&quot;sf-mip-preload&quot;,0),$(document).on(&quot;scroll&quot;,e),e()}),n.on(&quot;stop&quot;,function(){clearTimeout(i),$(document).off(&quot;scroll&quot;,e)})},t}),define(&quot;modules/mip/entrance&quot;,[&quot;require&quot;,&quot;modules/mip/page&quot;],function(e){function t(e){var t=e.attr(&quot;data-sf-href&quot;)||&quot;&quot;;return t.match(new RegExp(&quot;^/sf?.*&amp;amp;tn=normal&amp;amp;pd=mms_mip&amp;amp;actname=act_sf_mip&quot;))?t:!1}function n(e,t){try{return decodeURIComponent(e.match(new RegExp(&quot;[?&amp;amp;]&quot;+t+&quot;=([^&amp;amp;]+)&quot;))[1])}catch(n){return null}}function r(e){var t=&quot;//mipcache.bdstatic.com/&quot;;if(0!==e.indexOf(t))return!1;var n=e.slice(t.length),r=encodeURIComponent(n);r=r.replace(/%2F/g,&quot;/&quot;);for(var i=0;i&amp;lt;r.length;i++){var o=r.charAt(i),a=r.charAt(i+1);if(&quot;/&quot;!==o||&quot;/&quot;===a)for(;&quot;/&quot;===r.charAt(i)&amp;amp;&amp;amp;i&amp;lt;r.length;)r=r.slice(0,i)+&quot;%2F&quot;+r.slice(i+1),i+=3}return&quot;/&quot;+r}function i(e,t){var r=page&amp;amp;&amp;amp;page.comm&amp;amp;&amp;amp;page.comm.sampleval&amp;amp;&amp;amp;page.comm.sampleval.WISE_TPL_COMMON_SAMPLE_FLAG;if(&quot;sf-mip-service-tc&quot;===r){var i=t.attr(&quot;data-sf-options&quot;);try{i=JSON.parse(i)}catch(o){}if(i&amp;amp;&amp;amp;i.encUrl){var a=t.attr(&quot;href&quot;)||&quot;&quot;;&quot;https:&quot;===location.protocol&amp;amp;&amp;amp;(a=a.replace(/^http:/,&quot;https:&quot;)),a=a.replace(/nsrc=[^&amp;amp;]+/,&quot;nsrc=&quot;+i.encUrl);var s={};try{s=JSON.parse(n(a,&quot;clk_info&quot;))}catch(o){s={}}return s.sig=page.utils.getEventSignature(e),a=a.replace(/clk_info=[^&amp;amp;]+/,&quot;clk_info=&quot;+encodeURIComponent(JSON.stringify(s))),i.tcUrl=a,t.attr(&quot;data-sf-options&quot;,JSON.stringify(i)),!0}}}function o(e,t){var n=page&amp;amp;&amp;amp;page.comm&amp;amp;&amp;amp;page.comm.sampleval&amp;amp;&amp;amp;page.comm.sampleval.WISE_TPL_COMMON_SAMPLE_FLAG;if(&quot;sf-mip-service-tc&quot;===n){var r=t.attr(&quot;data-sf-href&quot;)||&quot;&quot;;return r=r.replace(/^\/sf/,&quot;/mip&quot;),t.attr(&quot;data-sf-href&quot;,r),i(e,t)}}function a(e){var a=$(e.target);a.is(&quot;a&quot;)||(a=a.closest(&quot;a&quot;));var s=t(a);if(!s&amp;amp;&amp;amp;a){var c=a.attr(&quot;data-sf-href&quot;);return void(c&amp;amp;&amp;amp;c.match(/^\/mip/)&amp;amp;&amp;amp;i(e,a))}if(!o(e,a)){var u=(page&amp;amp;&amp;amp;page.comm&amp;amp;&amp;amp;page.comm.sampleval&amp;amp;&amp;amp;page.comm.sampleval.WISE_TPL_COMMON_SAMPLE_FLAG,a.data(&quot;sf-options&quot;)),l={};try{l=JSON.parse(n(s,&quot;ext&quot;)||&quot;{}&quot;)}catch(d){l={}}var f=n(s,&quot;title&quot;),p=decodeURIComponent(l.url),h=r(p);if(h){var m=window.page&amp;amp;&amp;amp;page.comm&amp;amp;&amp;amp;page.comm.superframe&amp;amp;&amp;amp;page.comm.superframe.sf_mip_enable;m=parseInt(m,10),0!==m&amp;amp;&amp;amp;(a.data(&quot;sf-href&quot;,&quot;/mip&quot;+h),u.title=f,u.lid=n(s,&quot;lid&quot;),a.data(&quot;sf-options&quot;,JSON.stringify(u)))}}}var s=e(&quot;modules/mip/page&quot;);page.on(&quot;init&quot;,function(){window.page&amp;amp;&amp;amp;page.comm&amp;amp;&amp;amp;page.comm.sampleval&amp;amp;&amp;amp;page.comm.sampleval.WISE_TPL_COMMON_SAMPLE_FLAG,$(&quot;a[data-sf-href]&quot;).filter(function(){return s.isMipDom($(this))}).length&amp;gt;0&amp;amp;&amp;amp;((new Image).src=&quot;//mipcache.bdstatic.com/static/az.gif?_=&quot;+ +new Date),document.body.removeEventListener(&quot;click&quot;,a,!0),document.body.addEventListener(&quot;click&quot;,a,!0)})}),require([&quot;modules/mip/entrance&quot;]),page.on(&quot;ready&quot;,function(){require([&quot;uiamd/bdbox/util&quot;],function(e){e.setSearchIdToBox()})}),define(&quot;modules/tagsearch&quot;,[&quot;require&quot;,&quot;fusion/b-scroll/b-scroll&quot;,&quot;fusion/b-toast/b-toast&quot;],function(e){&quot;use strict&quot;;var t=(e(&quot;fusion/b-scroll/b-scroll&quot;),e(&quot;fusion/b-toast/b-toast&quot;),[&quot;search&quot;,&quot;ls&quot;,&quot;tsearch_guide&quot;]),n=&quot;tgs_clk&quot;,r={_version:&quot;1.0&quot;,init:function(){this.updateParams(),this.checkIsHasData()&amp;amp;&amp;amp;this.bindEvent()},checkIsHasData:function(){return 0!==this.tsSearchWrapper.length&amp;amp;&amp;amp;0!==this.tsSearchItem},updateParams:function(){this.TSITEMSELECTOR=&quot;a.tagSearch-top-item&quot;,this.TSITEMTARGETSELECTOR=&quot;a.tagSearch-top-item.tagSearch-top-item-select&quot;,this.TSITEMTARGETCLASSNAME=&quot;tagSearch-top-item-select&quot;,this.tsSearchWrapper=$(&quot;#tagSearch&quot;),this.tsSearchItem=this.tsSearchWrapper.find(&quot;.tagSearch-top-item&quot;),this.tsToast=this.tsSearchWrapper.find(&quot;.tagSearch-top-toast&quot;)},bindEvent:function(){this.tsSearchWrapper.on(&quot;click&quot;,this.TSITEMSELECTOR,$.proxy(this.clickTagFireSearch,this)),this.noviceBoot()},clickTagFireSearch:function(e){var t=$(e.target),r=t.hasClass(this.TSITEMTARGETCLASSNAME);r?t.removeClass(this.TSITEMTARGETCLASSNAME):t.addClass(this.TSITEMTARGETCLASSNAME);var i=page.utils.link.getSearchUrl(decodeURIComponent(page.comm.query),{sel_tags:encodeURIComponent(this.getCurrentSelectTags()),sa:n});r?t.addClass(this.TSITEMTARGETCLASSNAME):t.removeClass(this.TSITEMTARGETCLASSNAME),location.href=i,e.stopPropagation(),e.preventDefault()},getCurrentSelectTags:function(){var e=$(this.TSITEMTARGETSELECTOR),t=[];return e.length&amp;amp;&amp;amp;$.each(e,function(e,n){t.push($(n).text().trim())}),t.join(&quot;|&quot;)},noviceBoot:function(){var e=this;e.isAlreadyGuide()||1!==this.tsSearchWrapper.find(this.TSITEMTARGETSELECTOR).length||(this.tsToast.get(0).fusion.open(),this.setAlreadyGuide())},setAlreadyGuide:function(){var e=page.utils.ls;return e.enabled?void e.set(t[0],t[1],t[2],&quot;1&quot;):!1},isAlreadyGuide:function(){var e=page.utils.ls;return e.enabled&amp;amp;&amp;amp;&quot;1&quot;===e.get(t[0],t[1],t[2])?!0:!1}};return r}),require([&quot;modules/tagsearch&quot;],function(e){page.on(&quot;init&quot;,function(){e.init()})}),page.on(&quot;afterload&quot;,function(){if(0!==$(&quot;.vc-summertips-container&quot;).length&amp;amp;&amp;amp;Box.isBox){var e=/sbxiadouqid\=(.*?)(&amp;amp;|$)/.exec(window.location.search);e&amp;amp;&amp;amp;e.length&amp;gt;1&amp;amp;&amp;amp;e[1]&amp;amp;&amp;amp;require([&quot;modules/summertips/summertips&quot;],function(e){e()})}});&lt;/script&gt;&lt;script data-version=&quot;sugjs_361883d&quot; data-key=&quot;sugjs&quot; class=&quot;code-to-write&quot;&gt;define(&quot;global/sug&quot;,[&quot;require&quot;,&quot;search/search&quot;],function(require){function htmlEncode(e){var s={&quot;&amp;amp;&quot;:&quot;&amp;amp;amp;&quot;,&quot;&amp;lt;&quot;:&quot;&amp;amp;lt;&quot;,&quot;&amp;gt;&quot;:&quot;&amp;amp;gt;&quot;,&#039;&quot;&#039;:&quot;&amp;amp;quot;&quot;,&quot;&#039;&quot;:&quot;&amp;amp;#39;&quot;},t=function(e){return s[e]};return e.replace(/[&amp;amp;&amp;lt;&amp;gt;&quot;&#039;]/g,t)}function getCurrentRelativeUrl(){return location.pathname+location.search+location.hash}var samTabmovdown=0;page&amp;amp;&amp;amp;page.comm&amp;amp;&amp;amp;1==page.comm.tabSampling&amp;amp;&amp;amp;(samTabmovdown=1);var samUseNewIs=window.page&amp;amp;&amp;amp;page.comm&amp;amp;&amp;amp;page.comm.useNewIs,commonBase=$(&quot;#commonBase&quot;),c_sugsid=B.comm.sugsid,c_tanet=B.comm.tanet,c_osid=B.comm.osid,c_spd=B.comm.spd,c_lid=B.comm.lid,c_pwd=&quot;&quot;,config={checkInterval:300,sugNum:6,sugBaseUrl:&quot;//m.baidu.com/su?pre=1&amp;amp;p=3&amp;amp;ie=utf-8&amp;amp;json=1&amp;amp;from=wise_web&quot;+(c_sugsid?&quot;&amp;amp;sugsid=&quot;+c_sugsid:&quot;&quot;)+&quot;&amp;amp;net=&quot;+c_tanet+&quot;&amp;amp;os=&quot;+c_osid+&quot;&amp;amp;sp=&quot;+c_spd,hisBaseUrl:&quot;//m.baidu.com/his?callback=?&amp;amp;type=3&amp;amp;pic=1&quot;+(c_lid?&quot;&amp;amp;lid=&quot;+c_lid:&quot;&quot;),hisDeleteUrl:&quot;/user/ajax/history/delete&quot;,hisClearUrl:&quot;/user/ajax/history/clear&quot;,sugScriptId:&quot;sug&quot;,hisStorageNum:6,defSiteIconUrl:&quot;//m.baidu.com/static/index/siteDef.png&quot;,defAppIconUrl:&quot;//m.baidu.com/static/index/appDef.png&quot;,defAtIconUrl:&quot;//m.baidu.com/static/index/atDef.png&quot;,tcUrl:&quot;//m.baidu.com/tc?l=1&amp;amp;&quot;,hisMoreUrl:&quot;//m.baidu.com/user/history/list?u=&quot;,hisSetUrl:&quot;//m.baidu.com/userbox?action=config&amp;amp;model=user&amp;amp;ori=sug&amp;amp;u=&quot;,hisGraphUrl:-1===location.protocol.indexOf(&quot;https&quot;)?&quot;//graph.baidu.com/resource/$sign$_0.jpg&quot;:&quot;//sp0.baidu.com/-aYHfD0a2gU2pMbgoY3K/resource/$sign$_0.jpg&quot;,hisGraphHerf:&quot;http://graph.baidu.com/s?&quot;},status={isRequesting:!1,isHisRecommend:!1,isSuccess:!1,sugWinMoved:!1,sugClosed:!1,isFocus:!1,isHissyn:B.comm.pid,isGetHis:!0,bearIconShow:!0,isOpenHis:B.comm.upshis},sugCache={},timeoutCache={},prefetchpromise=0,prefetchpromisetimer=null,hisRecommend=null,beforeLeaveQuery=null,sugObj={wrap:&quot;suggest-div&quot;,sug:&quot;sug&quot;,his:&quot;his&quot;,touch:&quot;touched&quot;,sugEdit:&quot;sug-edit&quot;},preventEvent=function(e){return e.preventDefault&amp;amp;&amp;amp;e.preventDefault(),e.stopPropagation&amp;amp;&amp;amp;e.stopPropagation(),!1};config.preratio=[.3,.02];var prewait=!0;return window.baidu=window.baidu||{},$.sug=function(e){var s=this,t=$(e.inputid);&quot;1&quot;!=t.attr(&quot;data-sug&quot;)&amp;amp;&amp;amp;(t.attr(&quot;data-sug&quot;,&quot;1&quot;),$.extend(s,{doms:{wrap:$(e.wrapid),input:$(e.inputid),reset:$(e.resetid),bn:$(e.buttonid)},isUpdate:!1,isOperAt:!1,lastKw:$(e.inputid).val()||&quot;&quot;,needHis:e.needHis,record:e.record,sa:e.sa,w:e.w,hisShow:&quot;0&quot;,sugShow:&quot;0&quot;,recShow:&quot;0&quot;,publicArgu:e.publicArgu,iHeight:e.iHeight||&quot;66px&quot;,dHeight:e.dHeight||&quot;45px&quot;}),s.init())},$.sug.prototype={reinit:function(e){$.extend(this,e||{})},init:function(){var e=this;e.DOMprepared(),e.attchEvent();B.comm.sids||&quot;&quot;;e.spa=0!=B.comm.spa?!0:!1,status.isHissyn||status.isHisRecommend||(B.on?(B.on(&quot;afterload&quot;,function(){e.setHisRecommend()}),B.on(&quot;stop&quot;,function(){status.isHisRecommend=!1})):e.setHisRecommend())},update:function(){if(this.isUpdate)if(status.isHissyn){var e=encodeURIComponent(location.toString());$(&quot;.suggest-control-more a&quot;).attr(&quot;href&quot;,config.hisMoreUrl+e),$(&quot;.suggest-control-set a&quot;).attr(&quot;href&quot;,config.hisSetUrl+e)}else this.setHisRecommend();this.isUpdate=!0},setHisRecommend:function(e){var s=this,t=s.getHis(&quot;&quot;),n=B.comm.pid;status.isHissyn?1==status.isOpenHis?e?s.sendHisRequest(t,n):s.getSug(&quot;&quot;):(s.cl(),s.hd()):status.isHisRecommend?s.getSug(&quot;&quot;):(status.isHisRecommend=!0,s.sendHisRequest(t))},sendHisRequest:function(e,s){for(var t=this,n=[],a=0,i=e.length;i&amp;gt;a;a++)n.push({kw:e[a].kw,time:parseInt(e[a].time/1e3)});var r=B.comm.hissid,o=B.comm.tanet;$.ajax({type:&quot;GET&quot;,url:config.hisBaseUrl+&quot;&amp;amp;net=&quot;+o+(r?&quot;&amp;amp;hissid=&quot;+r:&quot;&quot;)+(s?&quot;&amp;amp;pid=&quot;+s:&quot;&quot;)+(n.length?&quot;&amp;amp;hisdata=&quot;+encodeURIComponent(JSON.stringify(n)):&quot;&quot;),dataType:&quot;jsonp&quot;,success:function(e){status.isHissyn?(0==e.errno&amp;amp;&amp;amp;e.his&amp;amp;&amp;amp;e.his.length&amp;gt;0?(hisRecommend={s:e&amp;amp;&amp;amp;e.his},e.type&amp;amp;&amp;amp;e.type.length&amp;gt;0&amp;amp;&amp;amp;(hisRecommend.type=e.type),e.src&amp;amp;&amp;amp;e.src.length&amp;gt;0&amp;amp;&amp;amp;(hisRecommend.src=e.src),e.vals&amp;amp;&amp;amp;e.vals.length&amp;gt;0&amp;amp;&amp;amp;(hisRecommend.vals=e.vals)):hisRecommend={s:[]},status.isGetHis=!1,t.getSug(&quot;&quot;)):hisRecommend=0==e.errno&amp;amp;&amp;amp;e.his&amp;amp;&amp;amp;e.his.length&amp;gt;0?{s:e&amp;amp;&amp;amp;e.his}:null},error:function(){status.isHissyn&amp;amp;&amp;amp;(hisRecommend={s:[]},status.isGetHis=!1,t.getSug(&quot;&quot;))}})},DOMprepared:function(){var e=this;e.sugDiv=$(&quot;&amp;lt;div&amp;gt;&amp;lt;/div&amp;gt;&quot;).attr(&quot;class&quot;,sugObj.wrap),e.sugClose=$(&quot;&amp;lt;div&amp;gt;&amp;lt;/div&amp;gt;&quot;).html(&quot;关闭&quot;).attr(&quot;class&quot;,&quot;suggest-close&quot;),e.sugTitle=$(&quot;&amp;lt;div&amp;gt;&amp;lt;/div&amp;gt;&quot;).attr(&quot;class&quot;,&quot;suggest-title&quot;),e.sugAt=$(&quot;&amp;lt;div&amp;gt;&amp;lt;/div&amp;gt;&quot;).attr(&quot;class&quot;,&quot;suggest-at&quot;).html(&quot;直达号&quot;),e.sugDirect=$(&quot;&amp;lt;div&amp;gt;&amp;lt;/div&amp;gt;&quot;).attr(&quot;class&quot;,&quot;suggest-direct&quot;),e.sugPanel=$(&quot;&amp;lt;div&amp;gt;&amp;lt;/div&amp;gt;&quot;).attr(&quot;class&quot;,&quot;suggest-panel&quot;),e.sugContent=$(&quot;&amp;lt;div&amp;gt;&amp;lt;/div&amp;gt;&quot;).attr(&quot;class&quot;,&quot;suggest-content&quot;),e.setSugOper(),e.sugLogo=$(&quot;&amp;lt;div&amp;gt;&amp;lt;/div&amp;gt;&quot;).attr(&quot;class&quot;,&quot;suggest-logo&quot;),samTabmovdown?e.sugTitle.append(e.setHisControl()).append(e.sugAt):e.sugTitle.append(e.sugLogo).append(e.setHisControl()).append(e.sugAt),e.sugPanel.append(e.sugContent).append(e.sugOper),e.sugDiv.append(e.sugDirect).append(e.sugPanel).append(e.sugTitle).append(e.sugClose),e.doms.wrap.append(e.sugDiv),e.form=e.doms.wrap.parents(&quot;form&quot;),e.page=&quot;i&quot;==e.form.attr(&quot;data-formposition&quot;)?&quot;index&quot;:&quot;search&quot;,e.hd()},setHisControl:function(){var e=this,s=$(&quot;&amp;lt;div&amp;gt;&quot;).attr(&quot;class&quot;,&quot;suggest-control&quot;),t=e.getIconPre(),n=encodeURIComponent(location.toString());if(status.isHissyn){var a=$(&#039;&amp;lt;div class=&quot;suggest-control-more&quot;&amp;gt;&amp;lt;a href=&#039;+config.hisMoreUrl+n+&#039;&amp;gt;&amp;lt;i class=&quot;&#039;+t+&#039;logo&quot;&amp;gt;&amp;lt;/i&amp;gt;查看更多历史&amp;lt;/a&amp;gt;&amp;lt;/div&amp;gt;&#039;),i=$(&#039;&amp;lt;div class=&quot;suggest-control-set&quot;&amp;gt;&amp;lt;a href=&#039;+config.hisSetUrl+n+&#039;&amp;gt;&amp;lt;i class=&quot;&#039;+t+&#039;setting&quot;&amp;gt;&amp;lt;/i&amp;gt;设置&amp;lt;/a&amp;gt;&amp;lt;/div&amp;gt;&#039;);a.on(&quot;click&quot;,&quot;a&quot;,function(){B.log.send({ct:3,cst:6})}).on(&quot;touchstart&quot;,function(){$(this).addClass(&quot;touched&quot;)}).on(&quot;touchend&quot;,function(){$(this).removeClass(&quot;touched&quot;)}),i.on(&quot;click&quot;,&quot;a&quot;,function(){B.log.send({ct:3,cst:7})}).on(&quot;touchstart&quot;,function(){$(this).addClass(&quot;touched&quot;)}).on(&quot;touchend&quot;,function(){$(this).removeClass(&quot;touched&quot;)}),s.append(a).append(i)}else e.clear=$(&quot;&amp;lt;div&amp;gt;&amp;lt;/div&amp;gt;&quot;).attr(&quot;class&quot;,&quot;history-clear&quot;).html(&quot;清除历史记录&quot;),e.clear.bind(&quot;click&quot;,function(){var s=&quot;清除全部查询历史记录？&quot;;B.log.send({ct:3,cst:9}),confirm(s)?e.delHis():e.clear.removeClass(sugObj.touch)}).bind(&quot;touchstart&quot;,function(){$(this).addClass(&quot;touched&quot;)}).bind(&quot;touchend&quot;,function(){e.clearTouchStatus()}),s.append(e.clear);return e.hisControl=s,s},setSugOper:function(){var e=this,s=$(&quot;&amp;lt;div&amp;gt;&amp;lt;/div&amp;gt;&quot;).attr(&quot;class&quot;,&quot;suggest-oper sug-active-his&quot;),t=$(&quot;&amp;lt;div&amp;gt;&amp;lt;/div&amp;gt;&quot;).attr(&quot;class&quot;,&quot;suggest-oper-his sug-oper-btn&quot;).text(&quot;历史记录&quot;),n=$(&quot;&amp;lt;div&amp;gt;&amp;lt;/div&amp;gt;&quot;).attr(&quot;class&quot;,&quot;suggest-oper-at sug-oper-btn&quot;).text(&quot;直达号&quot;),a=e.doms.input;return e.sugOper=s,e.sugOperHis=t,e.sugOperAt=n,t.on(&quot;touchstart&quot;,function(s){if(!e.sugOper.hasClass(&quot;sug-active-his&quot;)){e.sugOper.removeClass(&quot;sug-active-at&quot;),e.sugOper.addClass(&quot;sug-active-his&quot;);var t=&quot;&quot;;a.val(t),setTimeout(function(){a.focus()},50),e.scrollTop(),e.autoWrap(),B.log.send({ct:3,cst:4})}preventEvent(s)}),n.on(&quot;touchstart&quot;,function(s){if(!e.sugOper.hasClass(&quot;sug-active-at&quot;)){e.sugOper.removeClass(&quot;sug-active-his&quot;),e.sugOper.addClass(&quot;sug-active-at&quot;),e.isOperAt=!0;var t=&quot;@&quot;;a.val(t),setTimeout(function(){a.focus()},50),e.scrollTop(),e.autoWrap(),B.log.send({ct:3,cst:5})}preventEvent(s)}),s.append(n).append(t),s},attchEvent:function(){var e=this,s=e.doms.input;B.on(&quot;leave&quot;,function(){beforeLeaveQuery=decodeURIComponent(B.comm.query),s.val(beforeLeaveQuery),clearInterval(e.leavetimer),e.leavetimer=setInterval(function(){s.val()!=beforeLeaveQuery&amp;amp;&amp;amp;(s.val(beforeLeaveQuery),clearInterval(e.leavetimer))},100)}),s.is(&quot;:focus&quot;)&amp;amp;&amp;amp;(status.isFocus=!0,e.checkInput(),e.focustime=(new Date).getTime(),delete e.inputtime),s.bind(&quot;focus&quot;,function(){e.focustime=(new Date).getTime(),delete e.inputtime,clearInterval(e.leavetimer),status.sugClosed=!1,$(&quot;.&quot;+sugObj.wrap).hide(),status.isFocus=!0,e.scrollTop(),e.hideBearIcon(),e.checkInput()}).bind(&quot;blur&quot;,function(){status.isFocus=!1,status.isGetHis=!0,clearTimeout(e.timer),e.showBearIcon()}),e.form.bind(&quot;submit&quot;,function(s){var t=$(this).find(&quot;.se-input&quot;).val();e.form.append($(&quot;&amp;lt;input type=&#039;hidden&#039; name=&#039;rqlang&#039; value= &#039;&quot;+B.comm.actualResultLang+&quot;&#039; /&amp;gt;&quot;)),e.submitProcess(s,t)}),e.sugClose.bind(&quot;click&quot;,function(){status.sugClosed=!0,e.hd()}).bind(&quot;touchstart&quot;,function(){e.clearTouchStatus(),$(this).addClass(&quot;touched&quot;)}).bind(&quot;touchend&quot;,function(){e.clearTouchStatus()}),e.doms.reset.bind(&quot;touchstart mousedown click&quot;,function(s){e.doms.input.val(&quot;&quot;).focus(),$(this).hide(),preventEvent(s)}),$(&quot;body&quot;).bind(&quot;click&quot;,function(s){var t=$(s.target);if(!t.hasClass(&quot;suggest-panel&quot;)&amp;amp;&amp;amp;!t.hasClass(&quot;suggest-title&quot;)){if(t.hasClass(sugObj.sugEdit)||t.hasClass(&quot;sug-oper-btn&quot;)){var n=t.parents(&quot;form&quot;).find(&quot;.se-input&quot;);return void n.focus()}status.isFocus||(clearTimeout(e.timer),$(&quot;.&quot;+sugObj.wrap).hide())}}),$(window).on(&quot;pageshow&quot;,function(){e.clearstatics()}),B.on&amp;amp;&amp;amp;(B.on(&quot;stop&quot;,function(){clearTimeout(e.timer),e.sugDiv.css({visibility:&quot;hidden&quot;})}),B.on(&quot;load&quot;,function(){clearTimeout(e.timer),e.hd(),e.sugDiv.css({visibility:&quot;visible&quot;}),e.doms.input.blur()})),$(e.doms.input).on(&quot;input&quot;,function(){(-1!=this.value.indexOf(&quot;\n&quot;)||-1!=this.value.indexOf(&quot;\r&quot;))&amp;amp;&amp;amp;(e.doms.input.val(e.doms.input.val().replace(/\r|\n/g,&quot;&quot;)),$(&quot;textarea.input-hidden&quot;).val(e.doms.input.val()),e.form.append($(&quot;&amp;lt;input type=&#039;hidden&#039; value=&#039;1&#039; name=&#039;t_it&#039;/&amp;gt;&quot;)),e.form.submit())})},hideBearIcon:function(){status.bearIconShow&amp;amp;&amp;amp;setTimeout(function(){$(&quot;.se-form .se-bearicon&quot;).hide(),status.bearIconShow=!1},10)},showBearIcon:function(){if(1===samTabmovdown&amp;amp;&amp;amp;!status.bearIconShow){var e=&quot;none&quot;===$(&quot;.suggest-div&quot;).css(&quot;display&quot;);!status.isFocus&amp;amp;&amp;amp;e&amp;amp;&amp;amp;($(&quot;.se-form .se-bearicon&quot;).show(),status.bearIconShow=!0)}},delHis:function(e,s,t){var n=this;if(this.clearLocalHis(e),0===$(&quot;.his&quot;).length&amp;amp;&amp;amp;n.hd(),status.isHissyn){var a={type:&quot;POST&quot;,dataType:&quot;json&quot;,success:function(e,n,a){e&amp;amp;&amp;amp;e.result?s&amp;amp;&amp;amp;s(e):t&amp;amp;&amp;amp;t(a)},error:function(e){t&amp;amp;&amp;amp;t(e)}};e?(a.url=config.hisDeleteUrl,a.data={query:e}):a.url=config.hisClearUrl,$.ajax(a)}},scrollTop:function(){var e=this;setTimeout(function(){window.scrollTo(0,e.form.offset().top-2)},100)},clearTouchStatus:function(){var e=$(&quot;.&quot;+sugObj.sugEdit),s=$(&quot;.&quot;+sugObj.sug),t=$(&quot;.&quot;+sugObj.his),n=sugObj.touch;e.removeClass(n),s.removeClass(n),t.removeClass(n),this.sugDirect.removeClass(n),this.sugClose.removeClass(n),this.clear&amp;amp;&amp;amp;this.clear.removeClass(n)},clearstatics:function(){var e=this;e.form.attr(&quot;sa&quot;).value=e.sa+&quot;b&quot;,e.form.attr(&quot;ts&quot;).value=0,e.setHiddenInput(&quot;dit&quot;,null),e.setHiddenInput(&quot;s_at&quot;,null)},submitProcess:function(e,v){var me=this,time,value=v;if(clearTimeout(prefetchpromisetimer),me.form.attr(&quot;h_type&quot;)&amp;amp;&amp;amp;1*me.form.attr(&quot;h_type&quot;).value===18&amp;amp;&amp;amp;me.graph_kw){preventEvent(e),B.log.send({ct:3,cst:11,s_sa:me.form.attr(&quot;sa&quot;).value,s_kw:me.form.attr(&quot;h_sign&quot;).value,s_type:me.form.attr(&quot;h_type&quot;).value});var kw=me.graph_kw||&quot;&quot;;delete me.graph_kw;var graphUrl=config.hisGraphHerf+&quot;&amp;amp;tn=wise&amp;amp;sign=&quot;+me.form.attr(&quot;h_sign&quot;).value+&quot;&amp;amp;sa=&quot;+me.form.attr(&quot;sa&quot;).value,underscorePos=kw.indexOf(&quot;_&quot;);return underscorePos&amp;gt;=0&amp;amp;&amp;amp;(graphUrl+=&quot;&amp;amp;wd=&quot;+encodeURIComponent(kw.slice(underscorePos+1))),void(location.href=graphUrl)}if(value){if(me.needHis&amp;amp;&amp;amp;me.setHis(value.toLowerCase().trim()),me.focustime?me.setHiddenInput(&quot;rsv_sug4&quot;,(new Date).getTime()-me.focustime):me.setHiddenInput(&quot;rsv_sug4&quot;,null),me.inputtime?(me.setHiddenInput(&quot;inputT&quot;,(new Date).getTime()-me.inputtime),delete me.inputtime):me.setHiddenInput(&quot;inputT&quot;,null),B.SPA?B.SPA.lastQuery=encodeURIComponent(value):B.SPA={lastQuery:encodeURIComponent(value)},me.autoWrap(!1),me.doms.input.blur(),me.doms.reset.hide(),me.hd(),time=(new Date).getTime().toString(),me.form.attr(&quot;ts&quot;).value=time.substring(time.length-7),B.kts){var t_kt=Math.round(eval(B.kts.join(&quot;+&quot;))/B.kts.length);&quot;number&quot;==typeof t_kt&amp;amp;&amp;amp;t_kt&amp;gt;0&amp;amp;&amp;amp;(me.form.attr(&quot;t_kt&quot;).value=t_kt)}var from=B.comm.from;&quot;undefined&quot;!=typeof from&amp;amp;&amp;amp;from.toString().replace(/^(\d+)(\w*)$/,function(e,s,t){if(s){if(s=(107*(parseInt(s,10)+6791)^9527801).toString(),t){s+=&quot;.&quot;;for(var n=0,a=t.length;a&amp;gt;n;n++)s+=t[n].charCodeAt(0)}B.cookie(&quot;BDICON&quot;,s)}});var d_query=B.comm.query;if(d_query&amp;amp;&amp;amp;me.setHiddenInput(&quot;oq&quot;,decodeURIComponent(d_query)),status.sugClosed=!1,window.__sam_async_super&amp;amp;&amp;amp;B.search.Search){if(&quot;ts sa ss rq&quot;.split(&quot; &quot;).forEach(function(e){commonBase.data(e,me.form.find(&#039;input[name=&quot;&#039;+e+&#039;&quot;]&#039;).val()),B.comm[e]=me.form.find(&#039;input[name=&quot;&#039;+e+&#039;&quot;]&#039;).val()}),me.form.find(&#039;input[name=&quot;dit&quot;]&#039;).length&amp;gt;0&amp;amp;&amp;amp;(commonBase.data(&quot;dit&quot;,me.form.find(&#039;input[name=&quot;dit&quot;]&#039;).val()),B.comm.dit=me.form.find(&#039;input[name=&quot;dit&quot;]&#039;).val()),B.search.Search.hasCache({word:value}))return preventEvent(e),B.comm.query=encodeURIComponent(value),B.comm.pn=0,B.search.Search.submitForm({word:value}),me.doms.input.blur(),void me.hd()}else if(window.__sam_async||samUseNewIs)&quot;ts sa ss rq&quot;.split(&quot; &quot;).forEach(function(e){commonBase.data(e,me.form.find(&#039;input[name=&quot;&#039;+e+&#039;&quot;]&#039;).val()),B.comm[e]=me.form.find(&#039;input[name=&quot;&#039;+e+&#039;&quot;]&#039;).val()}),me.form.find(&#039;input[name=&quot;dit&quot;]&#039;).length&amp;gt;0&amp;amp;&amp;amp;(commonBase.data(&quot;dit&quot;,me.form.find(&#039;input[name=&quot;dit&quot;]&#039;).val()),B.comm.dit=me.form.find(&#039;input[name=&quot;dit&quot;]&#039;).val()),preventEvent(e),samUseNewIs?require([&quot;instant_search/is&quot;],function(e){e.submit({word:value},!0)}):require([&quot;search/search&quot;],function(e){e.submitForm({word:value})}),me.doms.input.blur(),me.hd(),B.comm.query=encodeURIComponent(value),B.comm.pn=0;else if(me.spa){&quot;ts sa ss rq&quot;.split(&quot; &quot;).forEach(function(e){commonBase.data(e,me.form.find(&#039;input[name=&quot;&#039;+e+&#039;&quot;]&#039;).val()),B.comm[e]=me.form.find(&#039;input[name=&quot;&#039;+e+&#039;&quot;]&#039;).val()}),me.form.find(&#039;input[name=&quot;dit&quot;]&#039;).length&amp;gt;0&amp;amp;&amp;amp;(commonBase.data(&quot;dit&quot;,me.form.find(&#039;input[name=&quot;dit&quot;]&#039;).val()),B.comm.dit=me.form.find(&#039;input[name=&quot;dit&quot;]&#039;).val());var cacheObj=B.prefetch.getCacheObj(value),cacheStatus=B.prefetch.getCacheStatus(cacheObj),speedTest=!!B.comm.pagetimer;if(1===cacheObj.status&amp;amp;&amp;amp;0===prefetchpromise)return prefetchpromise=1,cacheObj.promise.then(function(){1==prefetchpromise&amp;amp;&amp;amp;(prefetchpromise=0,me.submitProcess(e,v))},function(){1==prefetchpromise&amp;amp;&amp;amp;(prefetchpromise=0,me.submitProcess(e,v))}),prefetchpromisetimer=setTimeout(function(){prefetchpromise=0,B.prefetch.delCacheObj(cacheObj),me.submitProcess(e,v)},3e3),void preventEvent(e);if(2===cacheStatus){me.doms.input.blur(),$(&quot;.se-page-tips,.results,.se-relativewords&quot;).empty(),$(&quot;#search-btm-zone,#pagenav&quot;).hide(),$(&quot;#index-card&quot;).hide(),$(&quot;#search-card&quot;).show(),me.hd(),preventEvent(e);var sa=encodeURIComponent(me.form.find(&#039;input[name=&quot;sa&quot;]&#039;).val());if(cacheObj.item.params.sa=sa,&quot;index&quot;==me.page){var hash=location.hash;if(0===hash.indexOf(&quot;#%7C&quot;)&amp;amp;&amp;amp;(hash=decodeURIComponent(hash)),location.hash=hash?hash+&quot;|src_&quot;+encodeURIComponent(value)+&quot;|sa_&quot;+sa:&quot;#|src_&quot;+encodeURIComponent(value)+&quot;|sa_&quot;+sa,B.chgParam(value),B.comm.query=encodeURIComponent(value),B.comm.pn=0,&quot;undefined&quot;==typeof $.loadPage){var lsObj=B.localStore({type:&quot;search&quot;,query:value});speedTest&amp;amp;&amp;amp;(lsObj.speed.loading=(new Date).getTime()),setTimeout(function(){window.scrollTo(0,0)},0)}}else{var hash=location.hash,originalHash=hash;0===hash.indexOf(&quot;#%7C&quot;)&amp;amp;&amp;amp;(hash=decodeURIComponent(hash),originalHash=hash),hash=hash.replace(/(\|src\_)(.*?)(\||$)/,&quot;$1&quot;+encodeURIComponent(value)+&quot;$3&quot;).replace(/(\|sa_)(.*?)(\||$)/,&quot;$1&quot;+sa+&quot;$3&quot;),hash||(hash=&quot;#|src_&quot;+encodeURIComponent(value)+&quot;|sa_&quot;+sa);var speed=!1;speedTest&amp;amp;&amp;amp;(speed={tag:me.page,start:(new Date).getTime()}),hash===originalHash?$(&quot;body&quot;).trigger(&quot;singlePage&quot;,speed):location.hash=hash}}else if(4===cacheStatus){me.doms.input.blur(),$(&quot;.se-page-tips,.results,.se-relativewords&quot;).empty(),$(&quot;#search-btm-zone,#pagenav&quot;).hide(),$(&quot;#index-card&quot;).hide(),$(&quot;#search-card&quot;).show(),me.hd(),preventEvent(e);var sa=encodeURIComponent(me.form.find(&#039;input[name=&quot;sa&quot;]&#039;).val());if(cacheObj.item.params.sa=sa,&quot;index&quot;==me.page){var hash=location.hash;if(0===hash.indexOf(&quot;#%7C&quot;)&amp;amp;&amp;amp;(hash=decodeURIComponent(hash)),location.hash=hash?hash+&quot;|src_&quot;+encodeURIComponent(value)+&quot;|sa_&quot;+sa:&quot;#|src_&quot;+encodeURIComponent(value)+&quot;|sa_&quot;+sa,B.chgParam(value),B.comm.query=encodeURIComponent(value),B.comm.pn=0,&quot;undefined&quot;==typeof $.loadPage){var lsObj=B.localStore({type:&quot;search-newi&quot;,query:value});speedTest&amp;amp;&amp;amp;(lsObj.speed.loading=(new Date).getTime()),setTimeout(function(){window.scrollTo(0,0)},0)}}else{var hash=location.hash,originalHash=hash;0===hash.indexOf(&quot;#%7C&quot;)&amp;amp;&amp;amp;(hash=decodeURIComponent(hash),originalHash=hash),hash=hash.replace(/(\|src\_)(.*?)(\||$)/,&quot;$1&quot;+encodeURIComponent(value)+&quot;$3&quot;).replace(/(\|sa_)(.*?)(\||$)/,&quot;$1&quot;+sa+&quot;$3&quot;),hash||(hash=&quot;#|src_&quot;+encodeURIComponent(value)+&quot;|sa_&quot;+sa);var speed=!1;speedTest&amp;amp;&amp;amp;(speed={tag:me.page,start:(new Date).getTime()}),hash===originalHash?$(&quot;body&quot;).trigger(&quot;singlePage&quot;,speed):location.hash=hash}}}}else preventEvent(e)},autoWrap:function(e){var s,t,n=this,a=e,i=parseInt(n.doms.input.css(&quot;line-height&quot;));return 0==a?void n.decreaseHeight():(n.doms.input.removeClass(&quot;adjust-input&quot;),n.doms.input.val()!==$(&quot;textarea.input-hidden&quot;).val()&amp;amp;&amp;amp;$(&quot;textarea.input-hidden&quot;).width(n.doms.input.width()+2).empty().text(n.doms.input[0].value),s=$(&quot;textarea.input-hidden&quot;)[0].scrollHeight,t=Math.floor(s/i),t&amp;gt;1&amp;amp;&amp;amp;n.increaseHeight(),void((&quot;&quot;==this.doms.input.val()||1&amp;gt;=t)&amp;amp;&amp;amp;n.decreaseHeight()))},increaseHeight:function(){var e=this;e.doms.input.css({height:e.iHeight}),e.form.css({height:e.iHeight}),e.form.find(&quot;.se-bn,.cross&quot;).css({height:e.iHeight})},decreaseHeight:function(){var e=this;e.doms.input.css({height:e.dHeight}),e.form.css({height:e.dHeight}),e.form.find(&quot;.se-bn,.cross&quot;).css({height:e.dHeight})},checkInput:function(){var e=this,s=e.doms.input.val().toLowerCase().trim();return beforeLeaveQuery&amp;amp;&amp;amp;(e.doms.input.val(beforeLeaveQuery),s=beforeLeaveQuery,e.lastKw=&quot;&quot;,beforeLeaveQuery=null),e.autoWrap(),e.timer=setTimeout(function(){e.checkInput()},config.checkInterval),s===e.lastKw||e.inputtime||(e.inputtime=(new Date).getTime()),status.sugClosed?void(&quot;&quot;!=s?e.doms.reset.show():e.doms.reset.hide()):&quot;&quot;==s&amp;amp;&amp;amp;status.isGetHis&amp;amp;&amp;amp;status.isHissyn?(e.lastKw=s,void e.setHisRecommend(!0)):void(s!=e.lastKw||status.isRequesting?(e.lastKw=s,e.getSug(s),window.__sam_async_super?require([&quot;search/search&quot;],function(e){e.prefetchInput({word:s})}):samUseNewIs?require([&quot;instant_search/is&quot;],function(e){e.input(s)}):window.__sam_async&amp;amp;&amp;amp;3==window.__sam_async_type&amp;amp;&amp;amp;require([&quot;search/search&quot;],function(e){e.prefetchInput({word:s})})):e.sugContent.children().length&amp;gt;0||e.sugDirect.children().length&amp;gt;0?e.sh():(e.lastKw=s,e.getSug(s,2)))},getSug:function(e,s){var t=this;&quot;&quot;==e?(t.doms.reset.hide(),t.dataProcess(e,hisRecommend)):(t.doms.reset.show(),sugCache[e]&amp;amp;&amp;amp;!status.isRequesting?t.dataProcess(e,sugCache[e]):status.isRequesting||timeoutCache[e]&amp;amp;&amp;amp;!(timeoutCache[e]&amp;lt;3)||(status.isRequesting=!0,t.sendRequest(e,s)))},dataProcess:function(e,s){var t=this,n=s&amp;amp;&amp;amp;s.s||[],a=s&amp;amp;&amp;amp;s.st||{},i={},r=[];if(t.needHis&amp;amp;&amp;amp;&quot;&quot;==e&amp;amp;&amp;amp;hisRecommend)for(var o=0,u=n.length;u&amp;gt;o;o++)r.push([&quot;rec&quot;,n[o]]);else{for(var o=0,u=n.length;u&amp;gt;o;o++)i[n[o]]=!0,r.push([&quot;sug&quot;,n[o],a[o]]);if(t.needHis&amp;amp;&amp;amp;!status.isHissyn)for(var c=t.getHis(e),o=0,u=c.length;u&amp;gt;o;o++)i[c[o].kw]||r.push([&quot;his&quot;,c[o].kw])}if(t.buildDOM(e,r,s),0==t.doms.wrap.find(&quot;.&quot;+sugObj.his).size()?t.hisControl.hide():t.hisControl.show(),e){var d=s.exp||t.exp;t.exp=d,d?t.setHiddenInput(&quot;expt&quot;,d):t.setHiddenInput(&quot;expt&quot;,null)}},buildSugDirDOM:function(e,s){var t=this,n=t.doms.input,a=s&amp;amp;&amp;amp;s.rs;if(a){var i=t.getSugDirItem(a.t,a.v);if(!i)return t.sugDirect.hide(),!1;t.sugDirect.show();var r=$(&quot;&amp;lt;div&amp;gt;&amp;lt;/div&amp;gt;&quot;).attr(&quot;class&quot;,&quot;sug direct d&quot;+a.t),o=$(&quot;&amp;lt;button&amp;gt;&amp;lt;/button&amp;gt;&quot;);r.append(o),i.icon&amp;amp;&amp;amp;o.append($(&quot;&amp;lt;div&amp;gt;&amp;lt;/div&amp;gt;&quot;).attr(&quot;class&quot;,&quot;directIcon directIcon&quot;+a.t).append(i.icon));var u=$(&quot;&amp;lt;div&amp;gt;&amp;lt;/div&amp;gt;&quot;).attr(&quot;class&quot;,&quot;directText directText&quot;+a.t);return i.title&amp;amp;&amp;amp;u.append(i.title),i.info&amp;amp;&amp;amp;u.append(i.info),o.append(u),t.sugDirect.append(r),t.bindNormalEvent(r),r.bind(&quot;touchstart&quot;,function(){this.s=!0}).bind(&quot;touchend&quot;,function(){this.e=!0}).bind(&quot;click&quot;,function(e){if(status.sugWinMoved||!this.s||!this.e)return n.focus(),!1;this.s=!1,this.e=!1;var i=$(this).attr(&quot;class&quot;).split(&quot;sug direct d&quot;)[1];B.log.send({ct:1,cst:4,clk_info:i});var r=e.target;if(&quot;A&quot;===r.nodeName&amp;amp;&amp;amp;r.href&amp;amp;&amp;amp;0===r.href.indexOf(&quot;tel:&quot;))return void preventEvent(e);t.clearTouchStatus();var o=n.val(),u=((new Date).getTime(),t.sa+&quot;di_1&quot;);if(t.setHiddenInput(&quot;dit&quot;,i),t.form.attr(&quot;sa&quot;).value=u,2==i||3==i){t.setHiddenInput(&quot;rq&quot;,(!o||o===(this.innerText||this.textContent))===s.s[0]?null:o),t.hd();var c=&quot;&quot;;return 2==i?c=a.v[2]:3==i&amp;amp;&amp;amp;(c=a.v[1]),n.val(c),t.setSearchQuery(c,function(){location.href=config.tcUrl+t.publicArgu+&quot;&amp;amp;w=&quot;+t.w+encodeURIComponent(c)+&quot;&amp;amp;ct=1&amp;amp;dit=&quot;+i+&quot;&amp;amp;cst=1&amp;amp;&quot;+a.v[0]}),preventEvent(e),!1}5==i?(t.setHiddenInput(&quot;rq&quot;,(!o||o===(this.innerText||this.textContent))===a.v[3]?null:o),n.val(a.v[3])):(t.setHiddenInput(&quot;rq&quot;,(!o||o===(this.innerText||this.textContent))===s.s[0]?null:o),1==a.p&amp;amp;&amp;amp;n.val(s.s[0]))}),B.log.send({ct:1,cst:5,clk_info:a.t}),r}return t.sugDirect.hide(),null},setSearchQuery:function(e,s){this.setHis(e.toLowerCase().trim()),$.ajax({type:&quot;GET&quot;,url:&quot;//m.baidu.com/?action=addhis&amp;amp;hissign=wise&amp;amp;hisquery=&quot;+encodeURIComponent(e),timeout:500,dataType:&quot;jsonp&quot;,success:function(){return s&amp;amp;&amp;amp;s(),!1},error:function(){return s&amp;amp;&amp;amp;s(),!1}})},getSugDirItem:function(e,s){var t=this,n=null,a=$(&quot;&amp;lt;p&amp;gt;&amp;lt;/p&amp;gt;&quot;).attr(&quot;class&quot;,&quot;title&quot;),i=$(&quot;&amp;lt;p&amp;gt;&amp;lt;/p&amp;gt;&quot;).attr(&quot;class&quot;,&quot;info&quot;),r={1:function(){var e=s[2].split(/\s+/),r=-1===e[0].indexOf(&quot;低温&quot;),o=t.getWeather(s[4],r);n=$(&quot;&amp;lt;i&amp;gt;&amp;lt;/i&amp;gt;&quot;).attr(&quot;class&quot;,o),a.html(&#039;&amp;lt;span class=&quot;right&quot;&amp;gt;详情&amp;lt;/span&amp;gt;&amp;lt;b&amp;gt;&#039;+e[0]+&quot;&amp;lt;/b&amp;gt;&quot;),i.html(&#039;&amp;lt;span class=&quot;pre&quot;&amp;gt;今天 &#039;+s[0]+&#039;&amp;lt;/span&amp;gt;&amp;lt;span class=&quot;leftBorder&quot;&amp;gt;&#039;+e[1]+&quot;&amp;lt;/span&amp;gt;&quot;)},2:function(){n=$(&quot;&amp;lt;img/&amp;gt;&quot;).attr(&quot;class&quot;,&quot;icon&quot;).attr(&quot;src&quot;,s[3]||config.defSiteIconUrl),a.html(t.getInnerWrap.call(t,s[2],&quot;em&quot;,&quot;span&quot;,null)),i.html(s[1])},3:function(){n=$(&quot;&amp;lt;img/&amp;gt;&quot;).attr(&quot;class&quot;,&quot;icon&quot;).attr(&quot;src&quot;,s[4]||config.defAppIconUrl),a.html(&quot;&amp;lt;b&amp;gt;&quot;+s[1]+&quot;&amp;lt;/b&amp;gt;&amp;lt;span&amp;gt;下载&amp;lt;/span&amp;gt;&quot;),i.html(&quot;版本&quot;+s[2]+&#039;&amp;lt;span class=&quot;leftBorder&quot;&amp;gt;&#039;+s[3]+&#039;&amp;lt;/span&amp;gt;&amp;lt;span class=&quot;leftBorder&quot;&amp;gt;更新&#039;+s[5]+&quot;&amp;lt;/span&amp;gt;&quot;)},4:function(){var e,t=s[0].split(&quot;,&quot;),n=s[1].split(&quot;,&quot;),r=[],o=s[0]?t.length:0,u=s[1]?n.length:0;for(e=0;o&amp;gt;e;e++)r.push(&#039;&amp;lt;div class=&quot;ball redball&quot;&amp;gt;&#039;,t[e],&quot;&amp;lt;/div&amp;gt;&quot;);for(e=0;u&amp;gt;e;e++)r.push(&#039;&amp;lt;div class=&quot;ball blueball&quot;&amp;gt;&#039;,n[e],&quot;&amp;lt;/div&amp;gt;&quot;);a.html(r.join(&quot;&quot;)),i.html([&quot;&amp;lt;b&amp;gt;&quot;,s[2],&#039;&amp;lt;/b&amp;gt;&amp;lt;span class=&quot;leftBorder&quot;&amp;gt;开奖日期：&#039;,s[3],&quot;&amp;lt;/span&amp;gt;&quot;].join(&quot;&quot;))},5:function(){a.html([&#039;&amp;lt;b class=&quot;pre&quot;&amp;gt;&#039;,s[0]?s[0]+&quot; &quot;:&quot;&quot;,s[1],&quot;&amp;lt;/b&amp;gt;&quot;].join(&quot;&quot;)),i.html([s[3],&#039;&amp;lt;span class=&quot;leftBorder&quot;&amp;gt;&#039;,s[2],&quot;&amp;lt;/span&amp;gt;&quot;].join(&quot;&quot;))},6:function(){a.html([&#039;&amp;lt;b class=&quot;num&quot;&amp;gt;&#039;,s[0],&quot;&amp;lt;/b&amp;gt;&quot;].join(&quot;&quot;)),i.html([s[1],&#039;&amp;lt;span class=&quot;leftBorder&quot;&amp;gt;北京时间&#039;,s[2],&quot;&amp;lt;/span&amp;gt;&quot;].join(&quot;&quot;))},7:function(){var e=s[0].split(&quot;,&quot;),t=s[3].split(&quot;,&quot;);a.html(s[0]?[&#039;&amp;lt;b class=&quot;pre&quot;&amp;gt;&amp;lt;span class=&quot;num&quot;&amp;gt;&#039;,e[0],&#039;&amp;lt;/span&amp;gt; 和 &amp;lt;span class=&quot;num&quot;&amp;gt;&#039;,e[1],&quot;&amp;lt;/span&amp;gt;&amp;lt;/b&amp;gt;&quot;].join(&quot;&quot;):[&quot;&amp;lt;b&amp;gt;不限行&amp;lt;/b&amp;gt;&quot;].join(&quot;&quot;)),i.html(s[3]?[&quot;&amp;lt;b&amp;gt;今日(&quot;,s[1],&#039;)&amp;lt;/b&amp;gt;&amp;lt;span class=&quot;leftBorder&quot;&amp;gt;明日(&#039;,s[2],&quot;)&quot;,t[0],&quot;和&quot;,t[1],&quot;&amp;lt;/span&amp;gt;&quot;].join(&quot;&quot;):[&quot;&amp;lt;b&amp;gt;今日(&quot;,s[1],&#039;)&amp;lt;/b&amp;gt;&amp;lt;span class=&quot;leftBorder&quot;&amp;gt;明日(&#039;,s[2],&quot;)不限行&amp;lt;/span&amp;gt;&quot;].join(&quot;&quot;))},8:function(){a.html([&#039;&amp;lt;b class=&quot;num&quot;&amp;gt;&#039;,s[0],&#039;&amp;lt;/b&amp;gt;&amp;lt;span class=&quot;leftBorder pre&quot;&amp;gt;&#039;,s[1],&quot; 邮编&amp;lt;/span&amp;gt;&quot;].join(&quot;&quot;))},9:function(){a.html([&#039;&amp;lt;b class=&quot;num&quot;&amp;gt;&#039;,s[0],&#039;&amp;lt;/b&amp;gt;&amp;lt;span class=&quot;leftBorder pre&quot;&amp;gt;&#039;,s[1],&quot; 区号&amp;lt;/span&amp;gt;&quot;].join(&quot;&quot;))},10:function(){a.html([&quot;&amp;lt;b&amp;gt;&quot;,s[0],&quot;&amp;lt;/b&amp;gt;&quot;].join(&quot;&quot;))},11:function(){a.html([&quot;&amp;lt;b&amp;gt;&quot;,s[0],s[1],&quot;&amp;lt;/b&amp;gt;&quot;].join(&quot;&quot;)),i.html([&quot;[字义]&quot;,s[2]].join(&quot;&quot;))},12:function(){a.html([&quot;&amp;lt;b&amp;gt;&quot;,s[0],&quot;&amp;lt;/b&amp;gt;&quot;].join(&quot;&quot;)),i.html([s[1],s[2]?&#039;&amp;lt;span class=&quot;leftBorder pre&quot;&amp;gt;&#039;+s[2]+&quot;&amp;lt;/span&amp;gt;&quot;:&quot;&quot;].join(&quot;&quot;))},13:function(){a.html([&#039;&amp;lt;b class=&quot;pre&quot;&amp;gt;&#039;,s[0],&quot;&amp;lt;/b&amp;gt;&quot;].join(&quot;&quot;)),i.html([&quot;《&quot;,s[1],&quot;》&quot;,s[2]?&#039;&amp;lt;span class=&quot;leftBorder pre&quot;&amp;gt;&#039;+s[2]+&quot;&amp;lt;/span&amp;gt;&quot;:&quot;&quot;].join(&quot;&quot;))},14:function(){a.html([&quot;&amp;lt;b&amp;gt;&quot;,s[0],&#039;&amp;lt;/b&amp;gt;&amp;lt;span class=&quot;leftBorder pre&quot;&amp;gt;&#039;,s[1],&quot;&amp;lt;/span&amp;gt;&quot;].join(&quot;&quot;))},15:function(){a.html([&#039;&amp;lt;a href=&quot;tel:&#039;,s[0],&#039;&quot;&amp;gt;&#039;,s[0],&#039;&amp;lt;/a&amp;gt;&amp;lt;em&amp;gt;官方&amp;lt;/em&amp;gt;&amp;lt;span class=&quot;leftBorder pre&quot;&amp;gt;&#039;,s[1],&quot;&amp;lt;/span&amp;gt;&quot;].join(&quot;&quot;))}},o=null;return r[e]&amp;amp;&amp;amp;(r[e](),o={icon:n,title:a,info:i}),o},bindNormalEvent:function(e){var s=this,t=sugObj.touch;e&amp;amp;&amp;amp;e.bind(&quot;touchstart&quot;,function(){s.clearTouchStatus(),$(this).addClass(t),status.sugWinMoved=!1}).bind(&quot;touchmove&quot;,function(){status.sugWinMoved=!0}).bind(&quot;touchend&quot;,function(){s.clearTouchStatus()})},preventClickThrough:function(){$(&quot;a&quot;).css({&quot;pointer-events&quot;:&quot;none&quot;})},unpreventClickThrough:function(){setTimeout(function(){$(&quot;a&quot;).css({&quot;pointer-events&quot;:&quot;auto&quot;})},200)},buildPrefetchItem:function(e,s){return s=s||{},s.at=&quot;3&quot;,&quot;index&quot;===this.page||(s.spr=&quot;1&quot;),{word:e,params:B.prefetch.buildSearchParams(e,s),type:&quot;ajax&quot;}},parsePrefetchQuery:function(e,s){var t=this,n=[];&quot;&quot;!==e&amp;amp;&amp;amp;n.push(t.buildPrefetchItem(e,{sa:t.sa+&quot;b&quot;}));for(var a=0,i=1,r=0,o=s.length;o&amp;gt;r;++r){var u=s[r];if(&quot;sug&quot;===u[0]&amp;amp;&amp;amp;(n.push(t.buildPrefetchItem(u[1],{sa:t.sa+&quot;s_&quot;+(r+1)})),++a,a&amp;gt;=i))break}return n},newParsePrefetchQuery:function(e,s,t){var n=this,a=[],i=1*t.shift();&quot;&quot;!==e&amp;amp;&amp;amp;1*i&amp;gt;=config.preratio[0]&amp;amp;&amp;amp;a.push(n.buildPrefetchItem(e,{sa:n.sa+&quot;b&quot;,pre:i}));for(var r=0,o=s.length;o&amp;gt;r;++r){var u=s[r];&quot;sug&quot;===u[0]&amp;amp;&amp;amp;(&quot;1&quot;===t[r]?a.push(n.buildPrefetchItem(u[1],{sa:n.sa+&quot;s_&quot;+(r+1),pre:t[r]})):1*t[r]&amp;gt;=config.preratio[1]&amp;amp;&amp;amp;prewait&amp;amp;&amp;amp;a.length&amp;lt;3&amp;amp;&amp;amp;a.push(n.buildPrefetchItem(u[1],{sa:n.sa+&quot;s_&quot;+(r+1),pre:t[r]})))}return a},buildDOM:function(e,s,t){{var n=this,a=sugObj.touch,i=n.doms.input;t&amp;amp;&amp;amp;t.rs}n.cl();var r=Math.min(s.length,config.sugNum);&quot;&quot;==e||&quot;@&quot;==e?r&amp;gt;0&amp;amp;&amp;amp;!n.sugPanel.hasClass(&quot;sug-oper&quot;)&amp;amp;&amp;amp;(n.sugPanel.addClass(&quot;sug-oper&quot;),B.log.send({ct:3,cst:3})):n.sugPanel.removeClass(&quot;sug-oper&quot;),&quot;&quot;==e&amp;amp;&amp;amp;(n.isOperAt=!1,n.sugOper.removeClass(&quot;sug-active-at&quot;),n.sugOper.addClass(&quot;sug-active-his&quot;)),&quot;@&quot;==e&amp;amp;&amp;amp;(n.sugOper.removeClass(&quot;sug-active-his&quot;),n.sugOper.addClass(&quot;sug-active-at&quot;));var o=n.buildSugDirDOM(e,t);if(n.spa&amp;amp;&amp;amp;0!==e.indexOf(&quot;@&quot;)&amp;amp;&amp;amp;e!=n.lastPrefetchWord&amp;amp;&amp;amp;(t&amp;amp;&amp;amp;t.pre&amp;amp;&amp;amp;(window.__sam_async_super||B.prefetch.prefetchWords(n.newParsePrefetchQuery(n.doms.input.val(),s,t.pre))),n.lastPrefetchWord=e),samUseNewIs);else if(window.__sam_async&amp;amp;&amp;amp;2==window.__sam_async_type&amp;amp;&amp;amp;0!==e.indexOf(&quot;@&quot;)&amp;amp;&amp;amp;e!=n.lastPrefetchWord){if(t&amp;amp;&amp;amp;t.pre){var u=require(&quot;search/search&quot;);u.prefetchInputMulti(n.newParsePrefetchQuery(n.doms.input.val(),s,t.pre),e)}n.lastPrefetchWord=e}if(0===r&amp;amp;&amp;amp;!o)return n.hd();for(var c=!1,d=!1,h=!1,l=!1,p=0;r&amp;gt;p;p++){&quot;his&quot;==s[p][0]&amp;amp;&amp;amp;(n.hisShow=&quot;1&quot;);var m={};t&amp;amp;&amp;amp;t.term&amp;amp;&amp;amp;(m.term=t.term),&quot;sug&quot;==s[p][0]&amp;amp;&amp;amp;(n.sugShow=&quot;1&quot;),&quot;rec&quot;==s[p][0]&amp;amp;&amp;amp;(n.recShow=&quot;1&quot;);var g=$(&quot;&amp;lt;div&amp;gt;&amp;lt;/div&amp;gt;&quot;).attr(&quot;class&quot;,&quot;rec&quot;==s[p][0]?&quot;his&quot;:s[p][0]),f=n.getInnerWrap.call(n,s[p][1],&quot;em&quot;,&quot;button&quot;,m);if(t&amp;amp;&amp;amp;t.g){var v=t.g[p];v&amp;amp;&amp;amp;&quot;e&quot;===v.t&amp;amp;&amp;amp;v.e&amp;amp;&amp;amp;(f=n.getEntSugBtn(s[p][1],v),l=!0)}if(t&amp;amp;&amp;amp;t.type&amp;amp;&amp;amp;18===t.type[p]&amp;amp;&amp;amp;t.vals[p].length&amp;gt;0&amp;amp;&amp;amp;(f=n.getHisWrap.call(n,s[p][1],{type:t.type[p],val:t.vals[p]}),(s[p][1]||&quot;&quot;).indexOf(&quot;_&quot;)&amp;gt;=0?h=!0:d=!0),null==s[p][2]){var b=t&amp;amp;&amp;amp;t.at&amp;amp;&amp;amp;t.at.sug&amp;amp;&amp;amp;t.at.sug[p];if(b&amp;amp;&amp;amp;b[3]){c=!0;var w=$(&quot;&amp;lt;img/&amp;gt;&quot;).attr({src:b[1]||config.defAtIconUrl});f.addClass(&quot;sugat&quot;),f.prepend($(&quot;&amp;lt;div&amp;gt;&amp;lt;/div&amp;gt;&quot;).append(w))}var C=$(&quot;&amp;lt;div&amp;gt;&amp;lt;/div&amp;gt;&quot;).attr(&quot;class&quot;,sugObj.sugEdit),y=$(&#039;&amp;lt;div class=&quot;sug-searchicon&quot;&amp;gt;&amp;lt;/div&amp;gt;&#039;);status.isHissyn&amp;amp;&amp;amp;&quot;&quot;===i.val()&amp;amp;&amp;amp;(C.addClass(&quot;sug-del&quot;),y.addClass(&quot;sug-hisicon&quot;)),g.append(f).append(C).append(y),C.bind(&quot;touchmove&quot;,preventEvent).bind(&quot;touchend&quot;,function(e){n.clearTouchStatus(),n.unpreventClickThrough(),preventEvent(e)}).bind(&quot;touchstart&quot;,function(e){return function(s){var t=this;n.preventClickThrough();var r=$(this).siblings(&quot;button&quot;).attr(&quot;data-query&quot;)||e[1];return n.clearTouchStatus(),&quot;&quot;===i.val()&amp;amp;&amp;amp;$(this).hasClass(&quot;sug-del&quot;)?(n.delHis(r,function(){var e=$(t),s=e.parent().parent();e.parent().remove(),0==s.children().length&amp;amp;&amp;amp;(n.hd(),i.blur())}),void B.log.send({ct:3,cst:8})):($(this).addClass(a),i.focus(),n.scrollTop(),i.addClass(&quot;animate&quot;),setTimeout(function(){i.removeClass(&quot;animate&quot;)},400),i.val(r),n.lastKw=r,n.doms.reset.show(),n.autoWrap(),n.sendRequest(r),B.log.send({ct:3,cst:1}),void preventEvent(s))}}(s[p],p))}else{var _=$(&quot;&amp;lt;div&amp;gt;&amp;lt;/div&amp;gt;&quot;).attr(&quot;class&quot;,&quot;sug-visit&quot;);_.html(&quot;&amp;lt;span class=&#039;visit&#039;&amp;gt;访问&amp;lt;/span&amp;gt;&quot;),g.append(f).append(_),_.bind(&quot;click&quot;,function(e){return function(s){return n.hd(),n.setSearchQuery(e[1],function(){location.href=config.tcUrl+n.publicArgu+&quot;&amp;amp;w=&quot;+n.w+encodeURIComponent(n.doms.input.val())+&quot;ct=1&amp;amp;cst=2&amp;amp;&quot;+e[2]}),preventEvent(s),!1}}(s[p]))}n.sugContent.append(g),n.bindNormalEvent(g),f.bind(&quot;touchstart&quot;,function(){this.s=!0}).bind(&quot;touchend&quot;,function(){this.e=!0}).bind(&quot;click&quot;,function(e,s,t){return function(){if(status.sugWinMoved||!this.s||!this.e)return i.focus(),!1;this.s=!1,this.e=!1,n.clearTouchStatus();var a=i.val();n.setHiddenInput(&quot;rq&quot;,a&amp;amp;&amp;amp;a!==(this.innerText||this.textContent)?a:null),i.val($(this).attr(&quot;data-query&quot;)||this.innerText||this.textContent);var r=t&amp;amp;&amp;amp;t.at&amp;amp;&amp;amp;t.at.sug&amp;amp;&amp;amp;t.at.sug[s];r&amp;amp;&amp;amp;r[3]&amp;amp;&amp;amp;n.setHiddenInput(&quot;s_at&quot;,(n.isOperAt?&quot;a2&quot;:&quot;a1&quot;)+&quot;_b&quot;+(s+1));var o=&quot;&quot;;switch(e[0]){case&quot;sug&quot;:o=&quot;s&quot;;break;case&quot;his&quot;:o=&quot;h&quot;;break;case&quot;rec&quot;:o=&quot;hr&quot;}t&amp;amp;&amp;amp;t.type&amp;amp;&amp;amp;18===t.type[s]?(n.form.attr(&quot;sa&quot;).value=&quot;kh_&quot;+(s+1),n.setHiddenInput(&quot;h_sign&quot;,t.vals[s][0]),n.setHiddenInput(&quot;h_type&quot;,t.type[s]),n.graph_kw=e[1]):(n.graph_kw=void 0,o=$(this).attr(&quot;data-sa&quot;)||o,n.form.attr(&quot;sa&quot;).value=n.sa+o+&quot;_&quot;+(s+1))}}(s[p],p,t))}if((d||h)&amp;amp;&amp;amp;B.log.send({ct:3,cst:12}),c?(n.sugLogo.hide(),n.sugAt.show()):(status.isHissyn&amp;amp;&amp;amp;&quot;&quot;===e?n.sugLogo.hide():n.sugLogo.show(),n.sugAt.hide(),n.setHiddenInput(&quot;s_at&quot;,null)),!status.sugClosed&amp;amp;&amp;amp;status.isFocus){n.sh();var I=[n.sugShow,n.hisShow,n.recShow].join(&quot;&quot;);n.setHiddenInput(&quot;ss&quot;,&quot;000&quot;===I?null:I),commonBase.data(&quot;ss&quot;,&quot;000&quot;===I?null:I),B.comm.ss=&quot;000&quot;===I?null:I,n.isEntSugShow=n.isEntSugShow||l,n.ishisGraph=n.ishisGraph||d,n.ishisGraphWithText=n.ishisGraphWithText||h,n.ishisGraph&amp;amp;&amp;amp;n.setss(7,1),n.ishisGraphWithText&amp;amp;&amp;amp;n.setss(8,1),n.isEntSugShow&amp;amp;&amp;amp;n.setss(9,1)}},getEntSugBtn:function(e,s){var t=this,n=t.getInnerWrap.call(t,e,&quot;em&quot;,&quot;p&quot;,{});n.addClass(&quot;sug-ent-btn-text&quot;);var a=$(&#039;&amp;lt;button class=&quot;sug-ent-btn&quot;&amp;gt;&#039;).attr(&quot;data-query&quot;,s.e.s);a.attr(&quot;data-sa&quot;,&quot;es&quot;);var i=$(&#039;&amp;lt;p class=&quot;sug-ent-btn-tip&quot;&amp;gt;&#039;).text(s.e.ti);return a.append(n).append(i),a},setHiddenInput:function(e,s){var t=this,n=t.form.find(&#039;input[name=&quot;&#039;+e+&#039;&quot;]&#039;);null===s?n.size()&amp;amp;&amp;amp;n.remove():0===n.size()?t.form.append($(&#039;&amp;lt;input type=&quot;hidden&quot;/&amp;gt;&#039;,{name:e,value:s})):n.val(s)},getInnerWrap:function(e,s,t,n){n=n||{};var a=String(this.lastKw).replace(/(\^|\$|\||\*|\+|\)|\(|\[|\]|\{|\}|\\|\?)/gi,&quot;\\$1&quot;);if(&quot;&quot;!==a)if(a=htmlEncode(a),e=htmlEncode(e),-1===e.indexOf(a)){if(n.term&amp;amp;&amp;amp;n.term.length)for(var i in n.term){var r=new RegExp(&quot;(&quot;+n.term[i]+&quot;)&quot;,&quot;ig&quot;);e=e.replace(r,&quot;&amp;lt;&quot;+s+&quot;&amp;gt;$1&amp;lt;/&quot;+s+&quot;&amp;gt;&quot;)}}else{var r=new RegExp(&quot;(&quot;+a+&quot;)&quot;,&quot;ig&quot;);e=e.replace(r,&quot;&amp;lt;&quot;+s+&quot;&amp;gt;$1&amp;lt;/&quot;+s+&quot;&amp;gt;&quot;)}else e=htmlEncode(e);var o=$(&quot;&amp;lt;&quot;+t+&quot;/&amp;gt;&quot;);return n&amp;amp;&amp;amp;o.attr(n),o.append(e),o},getHisWrap:function(e,s){var t=$(&quot;&amp;lt;button&amp;gt;&amp;lt;/button&amp;gt;&quot;);if(18===s.type){t.append(&#039;&amp;lt;img src=&quot;&#039;+config.hisGraphUrl.replace(&quot;$sign$&quot;,s.val[0])+&#039;&quot; /&amp;gt;&#039;);var n=(e||&quot;&quot;).indexOf(&quot;_&quot;);n&amp;gt;=0&amp;amp;&amp;amp;t.append($(&#039;&amp;lt;div class=&quot;c-gap-left sug-his-graph-kw&quot;&amp;gt;&#039;).text(e.slice(n+1))),t.addClass(&quot;sug-his-graph&quot;)}return t},setHis:function(e){try{B.ls.set(&quot;search&quot;,&quot;sug&quot;,&quot;kw:&quot;+e,JSON.stringify({time:(new Date).getTime(),kw:e})),B.ls.set(&quot;search&quot;,&quot;sug&quot;,&quot;hisUpdated&quot;,0)}catch(s){}},getHis:function(e){var s={},t=[],n=[];try{if(&quot;0&quot;==B.ls.get(&quot;search&quot;,&quot;sug&quot;,&quot;hisUpdated&quot;))s=this.reflowHis();else{var a=B.ls.get(&quot;search&quot;,&quot;sug&quot;,&quot;processedCache&quot;);null===a||(s=JSON.parse(a))}for(var i in s){var r=i.split(&quot;kw:&quot;)[1].toLowerCase();-1!=r.indexOf(e)&amp;amp;&amp;amp;r!=e&amp;amp;&amp;amp;t.push(JSON.parse(s[i]))}if(0==t.length)return[];t.sort(function(e,s){return s.time-e.time});for(var o=t.length;o--;)n.unshift(t[o])}catch(u){}return n.length=Math.min(n.length,config.hisStorageNum),n},reflowHis:function(){var e={};try{B.ls.keys(&quot;search&quot;,&quot;sug&quot;).forEach(function(s){0==s.indexOf(&quot;search_sug_kw:&quot;)&amp;amp;&amp;amp;(e[s]=B.ls.getItem(s))}),B.ls.set(&quot;search&quot;,&quot;sug&quot;,&quot;processedCache&quot;,JSON.stringify(e)),B.ls.set(&quot;search&quot;,&quot;sug&quot;,&quot;hisUpdated&quot;,1)}catch(s){}return e},clearLocalHis:function(e){try{var s=this,t=JSON.parse(B.ls.get(&quot;search&quot;,&quot;sug&quot;,&quot;processedCache&quot;));if(e)B.ls.removeItem(&quot;search_sug_kw:&quot;+e),delete t[&quot;search_sug_kw:&quot;+e],B.ls.set(&quot;search&quot;,&quot;sug&quot;,&quot;processedCache&quot;,JSON.stringify(t));else{for(var n in t)B.ls.removeItem(n);B.ls.remove(&quot;search&quot;,&quot;sug&quot;,&quot;processedCache&quot;),B.ls.remove(&quot;search&quot;,&quot;sug&quot;,&quot;hisUpdated&quot;),hisRecommend=null,s.cl(),s.hd()}}catch(a){}},sendRequest:function(e,s){var t,n,a=this;if(status.isSuccess=!1,0===e.indexOf(&quot;@&quot;)&amp;amp;&amp;amp;a.needHis){for(var t=a.getHis(&quot;&quot;),i=[],r=0,o=t.length;o&amp;gt;r;r++)0===t[r].kw.indexOf(e.toLowerCase().trim())&amp;amp;&amp;amp;i.push(encodeURIComponent(t[r].kw));n=i.join(&quot;,&quot;)}var u=function(s,t){t||(status.isSuccess=!1),s&amp;amp;&amp;amp;&quot;&quot;!==s.q&amp;amp;&amp;amp;!s.e&amp;amp;&amp;amp;(sugCache[e]=s,a.dataProcess(e,s)),status.isRequesting=!1};window.baidu.sug=u,$.ajax({type:&quot;GET&quot;,url:config.sugBaseUrl+&quot;&amp;amp;callback=?&amp;amp;wd=&quot;+encodeURIComponent(e)+(c_pwd?&quot;&amp;amp;pwd=&quot;+encodeURIComponent(c_pwd):&quot;&quot;)+(void 0!==s?&quot;&amp;amp;sugmode=&quot;+s:&quot;&quot;)+(n?&quot;&amp;amp;at=&quot;+n:&quot;&quot;),timeout:500,dataType:&quot;jsonp&quot;,success:u,error:function(s,t){&quot;undefined&quot;==typeof timeoutCache[e]?timeoutCache[e]=1:timeoutCache[e]++,u({q:e,s:[],e:t})}}),c_pwd=e},hd:function(){this.sugDiv&amp;amp;&amp;amp;this.sugDiv.hide(),this.showBearIcon()},sh:function(){this.sugDiv&amp;amp;&amp;amp;this.sugDiv.show()},cl:function(){this.sugContent&amp;amp;&amp;amp;this.sugContent.html(&quot;&quot;),this.sugDirect&amp;amp;&amp;amp;this.sugDirect.html(&quot;&quot;)},getWeather:function(e,s){var t=[&quot;qing&quot;,&quot;wu&quot;,&quot;duoyun&quot;,&quot;leidian&quot;,&quot;shachen&quot;,&quot;xue&quot;,&quot;yin&quot;,&quot;yu&quot;,&quot;wumai&quot;];return this.getIconPre()+(s?&quot;&quot;:&quot;night&quot;)+t[e]},getIconPre:function(){return&quot;default_index&quot;===this.record?&quot;icon-&quot;:&quot;sicon-&quot;},setss:function(e,s){if(e-=1,0&amp;gt;e)return t;for(var t=this.form.attr(&quot;ss&quot;)&amp;amp;&amp;amp;this.form.attr(&quot;ss&quot;).value||&quot;&quot;;t.length&amp;lt;=e;)t+=&quot;0&quot;;return t=&quot;&quot;+t.slice(0,e)+s+t.slice(e+1),this.setHiddenInput(&quot;ss&quot;,t),commonBase.data(&quot;ss&quot;,t),B.comm.ss=t,t}},$.sug});&lt;/script&gt;&lt;script data-version=&quot;wwwjs_7bbf6c1&quot; data-key=&quot;wwwjs&quot; class=&quot;code-to-write&quot;&gt;define(&quot;search/param&quot;,[&quot;require&quot;],function(){function e(e,t){if(this.params={},!t){var n=n||$(&quot;.se-form&quot;);if(n.length&amp;gt;1&amp;amp;&amp;amp;(n=n.eq(0)),!n.length)return;index_form_data=n.serializeArray();for(var r=0;r&amp;lt;index_form_data.length;r++)this.p(index_form_data[r].name)||this.p(index_form_data[r].name,index_form_data[r].value)}if(&quot;object&quot;==typeof e)for(var a in e)e.hasOwnProperty(a)&amp;amp;&amp;amp;this.p(a,e[a]);this.wdSameName()}function t(e,t,n){n||(n=0);var r=e.length;for(0&amp;gt;n&amp;amp;&amp;amp;(n=r+n);r&amp;gt;n;n++)if(e[n]===t)return n;return-1}var n=[&quot;word&quot;,&quot;pn&quot;,&quot;nojc&quot;,&quot;cl&quot;,&quot;cq&quot;,&quot;srcid&quot;],r=[&quot;word&quot;,&quot;cl&quot;,&quot;ct&quot;,&quot;tn&quot;,&quot;rn&quot;,&quot;ie&quot;,&quot;f&quot;,&quot;lm&quot;,&quot;si&quot;,&quot;gpc&quot;,&quot;tfflag&quot;,&quot;usm&quot;,&quot;z&quot;,&quot;ch&quot;,&quot;sts&quot;,&quot;vit&quot;,&quot;dsp&quot;,&quot;trh&quot;,&quot;trb&quot;,&quot;tre&quot;,&quot;la&quot;,&quot;lo&quot;,&quot;st&quot;,&quot;nojc&quot;,&quot;haobd&quot;,&quot;rtt&quot;,&quot;bsst&quot;,&quot;gvideo&quot;,&quot;__eis&quot;,&quot;__eist&quot;,&quot;oq&quot;,&quot;fenlei&quot;,&quot;sid&quot;,&quot;rsv_idx&quot;,&quot;rsv_stat&quot;,&quot;t_samp&quot;],a=[&quot;wd&quot;];return e.prototype.clone=function(n){var a=new e(e.clone(this.params));if(&quot;object&quot;==typeof n)for(var i in n)n.hasOwnProperty(i)&amp;amp;&amp;amp;t(r,i)&amp;gt;=0&amp;amp;&amp;amp;a.p(i,n[i]);return a},e.prototype.h=function(e){this.header_params=this.header_params||{};for(var t in e)this.header_params[t]=e[t];return this},e.prototype.buildHeaders=function(e){e&amp;amp;&amp;amp;this.setHeader(e);var t={};for(var n in this.header_params)if(&quot;object&quot;==typeof this.header_params[n]){var r=[];for(var a in this.header_params[n]){var i=this.header_params[n][a];i instanceof Array&amp;amp;&amp;amp;(i=i.join(&quot;|&quot;)),r.push(a+&quot;=&quot;+i)}t[n]=r.join(&quot;&amp;amp;&quot;)}else t[n]=this.header_params[n];return t},e.prototype.buildSearchUrl=function(e,t){var n=&quot;&quot;;return location.pathname&amp;amp;&amp;amp;&quot;/s&quot;!==location.pathname&amp;amp;&amp;amp;!location.pathname.match(&quot;^/(from|pu)=&quot;)&amp;amp;&amp;amp;(n=&quot;/&quot;),(t?location.protocol+&quot;//&quot;+location.host+&quot;/&quot;:n)+&quot;s?&quot;+this.buildQueryString(e)},e.prototype.buildSyncSearchUrl=function(e){return location.protocol+&quot;//&quot;+location.host+&quot;/s?&quot;+this.buildQueryString(e).replace(/mod=[0-9]*/,&quot;&quot;).replace(&quot;async=1&quot;,&quot;&quot;)},e.prototype.buildQueryString=function(t){var n=e.clone(this.params);if(&quot;object&quot;==typeof t)for(var r in t)t.hasOwnProperty(r)&amp;amp;&amp;amp;(n[r]=t[r]);var a=&quot;&quot;;for(param in n)param&amp;amp;&amp;amp;n.hasOwnProperty(param)&amp;amp;&amp;amp;&quot;&quot;!==n[param]&amp;amp;&amp;amp;(a+=param+&quot;=&quot;+encodeURIComponent(n[param]).replace(/&#039;/g,&quot;%27&quot;)+&quot;&amp;amp;&quot;);return a.substr(0,a.length-1)},e.prototype.equals=function(t){if(!t||!t.p)return!1;for(var r=0;r&amp;lt;n.length;r++){var a=n[r];if(&quot;pn&quot;==a){var i=this.p(a)?this.p(a):&quot;0&quot;,s=t.p(a)?t.p(a):&quot;0&quot;;if(i!=s)return!1}else if(&quot;word&quot;==a){if(e.normalizeWord(this.p(a))!=e.normalizeWord(t.p(a)))return!1}else if(this.p(a)!=t.p(a))return!1}return!0},e.prototype.matchCache=function(t){if(t.realword){for(var r={},a=0;a&amp;lt;n.length;a++)t.param&amp;amp;&amp;amp;t.param.params&amp;amp;&amp;amp;t.param.params[n[a]]&amp;amp;&amp;amp;(r[n[a]]=t.param.params[n[a]]);return r.word=t.realword,this.equals(new e(r,!0))}return this.equals(t.param)},e.prototype.p=function(e,n){return t(a,e)&amp;gt;=0&amp;amp;&amp;amp;(e=&quot;word&quot;),void 0===n?this.params[e]:(this.params[e]=n,this)},e.prototype.hashCode=function(){var e=[];if(!this.p(&quot;word&quot;))return&quot;&quot;;for(var t=0;t&amp;lt;n.length;t++){var r=n[t];e.push(&quot;pn&quot;!=r||this.p(r)?this.p(r):&quot;0&quot;)}return e.join(&quot;	&quot;)},e.prototype.filterOtherParams=function(){for(var e in this.params)this.params.hasOwnProperty(e)&amp;amp;&amp;amp;t(r,e)&amp;lt;0&amp;amp;&amp;amp;delete this.params[e]},e.prototype.wdSameName=function(){var e;for(e=0;e&amp;lt;a.length;e++)this.params&amp;amp;&amp;amp;this.params[a[e]]&amp;amp;&amp;amp;(this.params.word=this.params[a[e]],delete this.params[a[e]])},e.parseUrlParams=function(e){var t,n,r,a,i={};e.indexOf(&quot;?&quot;)&amp;gt;-1?(r=e.split(&quot;?&quot;),a=r[1]):a=e,t=a.indexOf(&quot;&amp;amp;&quot;)&amp;gt;-1?a.split(&quot;&amp;amp;&quot;):new Array(a);for(var s=0;s&amp;lt;t.length;s++)try{t[s]=t[s].indexOf(&quot;=&quot;)&amp;gt;-1?t[s]:t[s]+&quot;=&quot;,n=t[s].split(&quot;=&quot;),i[n[0]]=decodeURIComponent(n[1].replace(/\+/g,&quot; &quot;))}catch(o){}return i},e.clone=function(e){if(&quot;object&quot;==typeof e){var t={};for(k in e)e.hasOwnProperty(k)&amp;amp;&amp;amp;(t[k]=e[k])}else t=e;return t},e.normalizeWord=function(e){return e=e||&quot;&quot;,e.toLowerCase().replace(/\s/g,&quot;&quot;)},e}),define(&quot;search/cache&quot;,[&quot;require&quot;],function(){function e(e){this.param=e.param,this.manager=e.manager,this.urlPrefix=e.urlPrefix,this.dataType=e.dataType,this.status=t,this.time={},this.deferred=null,this.timmer=null}var t=0,n=10,r=30,a=35,i=200;return $.extend(e.prototype,{load:function(e){var t=this;if(e=$.extend({dataType:t.dataType||&quot;html&quot;,url:t.urlPrefix+t.param.buildQueryString(),headers:{}},e),e.headers[&quot;Async-Type&quot;]=&quot;xml&quot;,e.headers[&quot;Cache-Control&quot;]=&quot;private&quot;,e.reload||t.status!==i){if(t.status===n)return!0;t.time.start=(new Date).getTime(),t.deferred=$.Deferred(),t.status=n;var s=$.ajax(e);t.timmer=setTimeout(function(){clearTimeout(t.timmer),t.status=a,B.cookie(&quot;WISEWR&quot;,&quot;12&quot;,{expires:3e3}),t.deferred.reject()},6e4),s.done(function(e){clearTimeout(t.timmer);var n=-1==e.indexOf(decodeURIComponent(&quot;%3C!---async_&quot;))&amp;amp;&amp;amp;-1==e.indexOf(&#039;&amp;lt;template id=&quot;async_&#039;)&amp;amp;&amp;amp;!(e.length&amp;lt;150&amp;amp;&amp;amp;e.indexOf(&#039;&amp;lt;div id=&quot;__status&quot;&amp;gt;&#039;)&amp;gt;-1);return n?(B.cookie(&quot;WISEWR&quot;,&quot;11&quot;,{expires:3e3}),B.cookie(&quot;WISEER&quot;,&quot;1&quot;,{expires:3e5}),t.status=r,void t.deferred.reject()):(t.status=i,t.time.received=(new Date).getTime(),t.html=e,e.indexOf(decodeURIComponent(&quot;%3C!---async_status&quot;))&amp;gt;-1&amp;amp;&amp;amp;t.manager&amp;amp;&amp;amp;t.manager.addCache(t),void t.deferred.resolve())}).fail(function(){B.cookie(&quot;WISEWR&quot;,&quot;13&quot;,{expires:3e5}),clearTimeout(t.timmer),t.status=r,t.deferred.reject()})}else t.deferred=$.Deferred(),t.deferred.resolve();return t},done:function(e){var t=this;return t.deferred.done(function(){e.apply(t,arguments)}),t},fail:function(e){var t=this;return t.deferred.fail(function(){e.apply(t,arguments)}),t},destroy:function(){return this.xhr&amp;amp;&amp;amp;this.xhr.abort&amp;amp;&amp;amp;this.xhr.abort(),delete this.xhr,delete this.html,self}}),e}),define(&quot;search/environment&quot;,[&quot;require&quot;],function(){function e(){this.updateUserAgent(),this.update(),e.instance=this}function t(e){e=e||&quot;&quot;;for(var t=e.split(&quot;&quot;),n=new Array;t.length;)n.push(t.pop());return n.join(&quot;&quot;)}return $.extend(e.prototype,{isBaiduboxapp:!1,isBmbadr:!1,isSearchCraft:!1,isAndroid:!1,isIos:!1,osVersion:!1,deviceVersion:!1,boxVersion:!1,boxPresearch:!1,boxPresid:!1,updateUserAgent:function(){var e,n=this,r=navigator.userAgent||&quot;&quot;;r.indexOf(&quot;Mac OS&quot;)&amp;gt;-1||r.indexOf(&quot;iPhone OS&quot;)&amp;gt;-1?n.isIos=!0:r.indexOf(&quot;Android&quot;)&amp;gt;-1&amp;amp;&amp;amp;(n.isAndroid=!0),r.indexOf(&quot;baiduboxapp&quot;)&amp;gt;-1&amp;amp;&amp;amp;window.Bdbox&amp;amp;&amp;amp;Bdbox.invokeApp&amp;amp;&amp;amp;(n.isBaiduboxapp=!0,n.isIos?(e=r.match(&quot;baiduboxapp/([0-9,.]*)&quot;),e&amp;amp;&amp;amp;e[1]&amp;amp;&amp;amp;&quot;0&quot;!==e[1]?n.boxVersion=e[1]:(e=r.match(/([0-9])enohPi/),n.deviceVersion=e&amp;amp;&amp;amp;e[1]||!1,e=r.match(&quot;baiduboxapp/([0-9,.,_]*)_&quot;),n.boxVersion=e&amp;amp;&amp;amp;e[1]&amp;amp;&amp;amp;t(e[1]).split(&quot;_&quot;)[0]||!1)):n.isAndroid&amp;amp;&amp;amp;(e=r.match(&quot;baiduboxapp/([0-9,.]*)&quot;),n.boxVersion=e&amp;amp;&amp;amp;e[1]||!1)),r.indexOf(&quot;baidubrowser&quot;)&amp;gt;-1&amp;amp;&amp;amp;(n.isBmbadr=!0),r.indexOf(&quot;SearchCraft&quot;)&amp;gt;-1&amp;amp;&amp;amp;(n.isSearchCraft=!0),n.isIos?(e=r.match(&quot;iPhone OS ([0-9,_]*) &quot;),n.osVersion=e&amp;amp;&amp;amp;e[1]&amp;amp;&amp;amp;e[1].replace(/_/g,&quot;.&quot;)||!1):n.isAndroid&amp;amp;&amp;amp;(e=r.match(&quot;Android ([0-9,.]*)&quot;),n.osVersion=e&amp;amp;&amp;amp;e[1]||!1)},updatePublicUser:function(e){var t=this;if(e=e&amp;amp;&amp;amp;e.p&amp;amp;&amp;amp;e.p(&quot;pu&quot;)||e&amp;amp;&amp;amp;e.pu||&quot;string&quot;==typeof e&amp;amp;&amp;amp;e||!1,e&amp;amp;&amp;amp;t.isBaiduboxapp&amp;amp;&amp;amp;t.isIos){var n=e.match(/cut@iPhone([0-9]*)%2C/);t.deviceVersion=n&amp;amp;&amp;amp;n[1]||t.deviceVersion}if(e&amp;amp;&amp;amp;t.isBaiduboxapp&amp;amp;&amp;amp;!t.cuid){var n=e.match(/cuid%40([^%]*)%2C/);if(n){t.cuid=n[1];for(var r=0,a=0;a&amp;lt;t.cuid.length;a++)r+=t.cuid.charCodeAt(a);var i=r%100;i&amp;gt;=35&amp;amp;&amp;amp;39&amp;gt;=i&amp;amp;&amp;amp;(t.cid=i)}}},updateBoxSamp:function(e){var t=this;if(e=e&amp;amp;&amp;amp;e.p&amp;amp;&amp;amp;e.p(&quot;t_samp&quot;)||e&amp;amp;&amp;amp;e.t_samp||&quot;string&quot;==typeof e&amp;amp;&amp;amp;e||!1){var n=e.match(&quot;presearch_([0-9]*)_([0-9]*)&quot;);n&amp;amp;&amp;amp;(t.boxPresearch=n[1],t.boxPresid=n[2])}},update:function(e){var t=this,n=location.href;t.updatePublicUser(e||n),t.updateBoxSamp(e||n)}}),e}),define(&quot;search/forcePrefetch&quot;,[&quot;require&quot;,&quot;search/param&quot;,&quot;search/log&quot;],function(e){function t(e){v=e.cacheManager,w=e.environment,y=e.getSessionId,b.onResult=e.handler.onResult,b.onSuccess=e.handler.onSuccess,b.onFail=e.handler.onFail,b.onPrefetch=e.handler.onPrefetch}function n(e){g&amp;amp;&amp;amp;clearTimeout(g),++S,e=$.extend({},e,{mod:1,async:1,pre:2,f4s:1,clist:v.getCacheList(),isid:y()});var t=new l(e,!0);f.push(t.p(&quot;word&quot;)),s(t,e)&amp;amp;&amp;amp;(h.log(&quot;forcePrefetch&quot;,&quot;couldPrefetch&quot;),i(t)?(h.log(&quot;forcePrefetch&quot;,&quot;shouldPrefetchNow&quot;),o(t)):g=setTimeout(function(){h.log(&quot;forcePrefetch&quot;,&quot;in timer&quot;),o(t)},m))}function r(){g&amp;amp;&amp;amp;clearTimeout(g),S=0,p=[],f=[]}function a(e){var t=e.p(&quot;word&quot;),n=x[t];return n&amp;amp;&amp;amp;e.matchCache(n)?n:null}function i(e){var t=e.p(&quot;word&quot;);return w.isAndroid&amp;amp;&amp;amp;S&amp;gt;=1&amp;amp;&amp;amp;8&amp;gt;=S||f.length&amp;gt;=2&amp;amp;&amp;amp;c(f[f.length-2],t)}function s(e,t){var n=e.p(&quot;word&quot;);return!B.comm.zbiosPrefetchSwitch||6!=w.boxPresid||w.isIos&amp;amp;&amp;amp;t.sa&amp;amp;&amp;amp;!t.sa.match(/ikb|tkb|bkb/)||B.comm.tanet&amp;amp;&amp;amp;(4==B.comm.tanet||2==B.comm.tanet)||0===n.indexOf(&quot;@&quot;)?!1:n.length&amp;lt;=2?!1:n.length&amp;gt;17?!1:x[n]||v.hasCache(e)?!1:n==B.comm.query||-1!==p.indexOf(n)||f.length&amp;gt;=2&amp;amp;&amp;amp;f[f.length-2].indexOf(n)&amp;gt;-1?!1:!0}function o(e){var t=e.p(&quot;word&quot;),n=v.getNewCache(e);b.onPrefetch(n),x[t]=n,p.push(t),h.log(&quot;force prefetch:&quot;+t),n.load({beforeSend:function(e){return e.addEventListener(&quot;progress&quot;,function(){n.html=e.responseText,b.onResult(n)}),!0}}),n.done(function(){delete x[t],b.onResult(n),b.onSuccess(n),n.realword?h.log(&quot;got force prefetch:&quot;+t):h.error(&quot;got force prefetch but no realword:&quot;+t)}).fail(function(){delete x[t],b.onFail(n)})}function c(e,t){var n=u(e),r=n!==!1&amp;amp;&amp;amp;t.substr(n,e.length);return r&amp;amp;&amp;amp;!/^[a-zA-Z &#039;]+$/.test(r)}function u(e){var t=/[a-zA-Z &#039;]+/.exec(d(e));return t?e.length-t[0].length:!1}function d(e){return e.split(&quot;&quot;).reverse().join(&quot;&quot;)}var l=e(&quot;search/param&quot;),h=e(&quot;search/log&quot;),p=[],f=[],m=2e3,g=null,_=function(){},v=null,w=null,b={onResult:_,onSuccess:_,onFail:_,onPrefetch:_},y=function(){},x={},S=0;return{init:t,input:n,submit:r,getLoading:a}}),define(&quot;search/currentState&quot;,[&quot;require&quot;,&quot;search/viewmodel/pageViewModel&quot;,&quot;search/viewmodel/indexViewModel&quot;],function(e){var t=e(&quot;search/viewmodel/pageViewModel&quot;),n=e(&quot;search/viewmodel/indexViewModel&quot;);return{param:null,confirmTime:null,cache:null,pageView:null,prevPath:null,setParam:function(e){this.param=e,this.confirmTime=+new Date},setCache:function(e){this.cache=e,this.pageView=&quot;/&quot;!=this.prevPath?new t({cache:e}):new n({cache:e}),this.pageView.start=e.time.start},clearCache:function(){this.cache&amp;amp;&amp;amp;(this.cache.isPreShow=!1),this.cache=null,this.pageView=null}}}),define(&quot;search/log&quot;,[&quot;require&quot;],function(){var e={};return[&quot;log&quot;,&quot;info&quot;,&quot;error&quot;,&quot;warn&quot;].forEach(function(t){e[t]=function(){B.ls.getItem(&quot;debugAsync&quot;)&amp;amp;&amp;amp;console[t].apply(console,arguments)}}),e}),define(&quot;search/monitor&quot;,[&quot;require&quot;,&quot;search/currentState&quot;],function(e){function t(){return $(&quot;.results&quot;).hasClass(&quot;se-predestroy&quot;)||0==$(&quot;.result,.se-noresult-tips&quot;).length}function n(){return s.cache?s.cache.status:r?r.status:o}var r,a,i=B.search.Search,s=e(&quot;search/currentState&quot;),o=1,c=[],u=location.href.indexOf(&quot;presearch_1_25&quot;)&amp;gt;-1?&quot;1&quot;:&quot;&quot;,d=[3e3,6e3,1e4,14e3],l=[function(){t()&amp;amp;&amp;amp;window.page&amp;amp;&amp;amp;page.webb&amp;amp;&amp;amp;page.webb.exception&amp;amp;&amp;amp;page.webb.exception.trigger(&quot;wiseasync&quot;,{st:&quot;timeoutzero&quot;,requestStatus:n(),group:u,word:a&amp;amp;&amp;amp;a.p(&quot;word&quot;)||&quot;&quot;,tanet:page.comm.tanet||0})},function(){t()&amp;amp;&amp;amp;window.page&amp;amp;&amp;amp;page.webb&amp;amp;&amp;amp;page.webb.exception&amp;amp;&amp;amp;page.webb.exception.trigger(&quot;wiseasync&quot;,{st:&quot;timeoutfirst&quot;,requestStatus:n(),group:u,word:a&amp;amp;&amp;amp;a.p(&quot;word&quot;)||&quot;&quot;,tanet:page.comm.tanet||0})},function(){t()&amp;amp;&amp;amp;(200!==n()?window.page&amp;amp;&amp;amp;page.webb&amp;amp;&amp;amp;page.webb.exception&amp;amp;&amp;amp;page.webb.exception.trigger(&quot;wiseasync&quot;,{st:&quot;timeoutsec&quot;,requestStatus:n(),group:u,word:a&amp;amp;&amp;amp;a.p(&quot;word&quot;)||&quot;&quot;,tanet:page.comm.tanet||0}):setTimeout(function(){t()&amp;amp;&amp;amp;window.page&amp;amp;&amp;amp;page.webb&amp;amp;&amp;amp;page.webb.exception&amp;amp;&amp;amp;page.webb.exception.trigger(&quot;wiseasync&quot;,{st:&quot;timeoutsec&quot;,requestStatus:n(),group:u,word:a&amp;amp;&amp;amp;a.p(&quot;word&quot;)||&quot;&quot;,tanet:page.comm.tanet||0})},2e3))},function(){t()&amp;amp;&amp;amp;(B.cookie(&quot;WISEWR&quot;,&quot;16&quot;,{expires:864e5}),r?(i.invokeApp({state:&quot;50&quot;,url:encodeURIComponent(r.redirectUrl)}),i.directUrl(r.param)):a&amp;amp;&amp;amp;(i.invokeApp({state:&quot;50&quot;,url:encodeURIComponent(a.buildSyncSearchUrl())}),i.directUrl(a)))}];return{userSearch:function(e){a=e,r=null;for(var t=0;t&amp;lt;d.length;++t)clearTimeout(c[t]),c[t]=setTimeout(l[t],d[t])},addDependedCache:function(e){r=e}}}),define(&quot;search/cacheManager&quot;,[&quot;search/cache&quot;],function(e){function t(e){this.option=e,this.caches=[],t.instance=this}function n(e,t,n){n||(n=0);var r=e.length;for(0&amp;gt;n&amp;amp;&amp;amp;(n=r+n);r&amp;gt;n;n++)if(e[n]===t)return n;return-1}function r(e){&quot;object&quot;==typeof e&amp;amp;&amp;amp;null!=e&amp;amp;&amp;amp;e.destroy()}function a(e,t,n){var r,a;return(a=t.p(&quot;word&quot;))?($.grep(e,function(e){return n.loaded&amp;amp;&amp;amp;!e.loaded?!1:void(t.matchCache(e)&amp;amp;&amp;amp;(r=e))}),r?r:null):!1}var i=18e4,s=15;return $.extend(t.prototype,{addCache:function(e){var t=this;if(-1==n(t.caches,e))for(t.caches.unshift(e);t.caches.length&amp;gt;s;)r(t.caches.pop())},deleteCache:function(e){var t=this;r(e),t.caches=$.grep(t.caches,function(t){return t!==e})},getNewCache:function(t){var n=this,r=$.extend(n.option&amp;amp;&amp;amp;n.option.cache,{param:t,manager:n});return new e(r)},hasCache:function(e,t){var n=this;t||(t={});var r=a(n.caches,e,t);return r&amp;amp;&amp;amp;(new Date).getTime()-r.time.received&amp;gt;i&amp;amp;&amp;amp;(this.deleteCache(r),r=null),r},deleteCacheByParam:function(){var e=this;e.caches=$.grep(e.caches,function(e){var t=e.param.equals(e.param);return t&amp;amp;&amp;amp;r(e),!t})},clearCache:function(e){var t=this;t.caches=$.grep(t.caches,function(n,r){return r!==e?(t.destroyCache(r),!1):!0}),t.caches=[]},getCacheList:function(){var e=$.map(this.caches,function(e){return e&amp;amp;&amp;amp;(new Date).getTime()-e.time.received&amp;gt;i?!1:e.querysign});return e=$.grep(e,function(e){return!!e}),e.join(&quot;	&quot;)}}),t}),define(&quot;search/viewmodel&quot;,[&quot;require&quot;],function(){var e=function(){this.model=[],this.waitdeal=[],this._lazyrender=!1};return e.prototype={_set:function(e){var t=this;t.options=$.extend({templateString:&quot;&quot;,splitStartPrefix:decodeURIComponent(&quot;%3C!---async_&quot;),splitEndPrefix:decodeURIComponent(&quot;%3C!--%2Fasync_&quot;),ableBind:!0},t.options,e),t._dealTemplateData(),t._mergeModel()},_dealTemplateData:function(){var e=this,t=e.options.splitStartPrefix;if(e.options.templateString){var n=e.model.length?e.model[e.model.length-1].end:0,r=e.options.templateString.substring(n).split(t),a=n;for(var i in r){var s=r[i].indexOf(&quot;&amp;gt;&quot;),o=r[i].substring(0,s).match(/([^-]*)--/);if(a+=(i&amp;gt;0?t.length:0)+r[i].length,o&amp;amp;&amp;amp;o[1]){var c=r[i].lastIndexOf(e.options.splitEndPrefix+o[1]+&quot;--&amp;gt;&quot;);s&amp;gt;-1&amp;amp;&amp;amp;c&amp;gt;-1&amp;amp;&amp;amp;e.model.push({id:o[1],html:r[i].substring(s+1,c),end:a,rendered:!1})}}e.options.html=e.options.templateString,e.options.templateString=&quot;&quot;}},_mergeModel:function(){var e=this;e.options.data&amp;amp;&amp;amp;(e.model=e.options.data,delete e.options.data)},_render:function(){for(var e=this,t=0;t&amp;lt;e.model.length;t++)if(0==t&amp;amp;&amp;amp;e.model[t].rendered===!1&amp;amp;&amp;amp;e._proxyAction(&quot;before&quot;,&quot;render&quot;,e.model[t],e.options),0==e.model[t].rendered){e.model[t].rendered=!0,e._proxyAction(&quot;before&quot;,&quot;render_&quot;+e.model[t].id,e.model[t],e.options),e._proxyAction(&quot;&quot;,&quot;render_&quot;+e.model[t].id,e.model[t],e.options);var n=e._proxyAction(&quot;after&quot;,&quot;render_&quot;+e.model[t].id,e.model[t],e.options);n&amp;amp;&amp;amp;n.release&amp;amp;&amp;amp;(e._lazyrender=!0)}e.options.allRecieved&amp;amp;&amp;amp;e._proxyAction(&quot;after&quot;,&quot;render&quot;,e.model[t],e.options)},_proxyAction:function(e,t){var n=this;e=e?&quot;do&quot;+e+&quot;-&quot;:&quot;do&quot;,t=t||&quot;&quot;;var r=(e+t).replace(/\_/g,&quot;-&quot;).replace(/\b(\w)|\s(\w)/g,function(e){return e.toUpperCase()}).replace(/-/g,&quot;&quot;).substring(2);if(n[r]){var a=Array.prototype.slice.call(arguments,2);return n._lazyrender?(n._addRunAction(function(){n[r].apply(n,a)}),n._exeuteAction(),!0):n[r].apply(n,a)}return!1},_addRunAction:function(e){var t=this;t._actions=t._actions||[],t._actions.push(e)},_exeuteAction:function(){var e=this;if(!e._exeuteStatus){var t=e._actions.shift();t&amp;amp;&amp;amp;(e._exeuteStatus=!0,setTimeout(function(){t(),e._exeuteStatus=!1,e._exeuteAction.apply(e)},0))}},set:function(e){this._dealing&amp;amp;&amp;amp;this.waitdeal.push(e),this._dealing=!0,this._set(e),this.options.ableBind===!1||this._render(),this._dealing=!1,this.waitdeal.length&amp;gt;0&amp;amp;&amp;amp;(e=this.waitdeal.splice(0,1),this.set(e))},beforeRender:function(){},render:function(){},afterRender:function(){}},e}),define(&quot;search/viewmodel/pageViewModel&quot;,[&quot;require&quot;,&quot;search/viewmodel&quot;],function(e){function t(e){n.apply(this,arguments),this.cache=e.cache,this.body=$(&quot;body&quot;),this.page=$(&quot;.search-page&quot;),this.pagebd=$(&quot;.se-page-bd&quot;),this.pageft=$(&quot;.search-page .se-page-ft&quot;),this.copyright=$(&quot;.se-page-copyright&quot;),this.blank=$(&quot;.se-foot-blank&quot;),this.headJS=&quot;&quot;,this.pageHtml=&quot;&quot;,this.footJs=&quot;&quot;,this.topResultExist=$(&quot;.se-results-top&quot;).length,this.pageBdHtmlLazy=&quot;&quot;}var n=e(&quot;search/viewmodel&quot;),r=B.search.Search;return $.extend(t.prototype,n.prototype,{_html:function(e,t,n){if(&quot;string&quot;!=typeof e||(e=$(e),0!=e.length))try{$(e)[t](n)}catch(r){window.console&amp;amp;&amp;amp;console.error&amp;amp;&amp;amp;console.error(r)}},appendTo:function(e,t){this._html(e,&quot;append&quot;,t)},before:function(e,t){this._html(e,&quot;before&quot;,t)},renderStatus:function(){r.time.head=(new Date).getTime()},clearResult:function(){&quot;loading&quot;==window.__sam_async_type||&quot;loadwait&quot;==window.__sam_async_type||r.deleteResultDom(),this.pagebd[0]&amp;amp;&amp;amp;(this.pagebd[0].style.opacity=&quot;&quot;)},beforeRender:function(){r.trigger(&quot;start&quot;)},renderHeadJs0:function(e){this.headJS+=e.html},renderHeadJs1:function(e){this.headJS+=e.html},renderHeadJs2:function(e){this.headJS+=e.html},renderHeadJs3:function(e){this.headJS+=e.html,this.appendTo(this.body,&#039;&amp;lt;div class=&quot;se-async-js&quot;&amp;gt;&#039;+this.headJS+&quot;&amp;lt;/div&amp;gt;&quot;)},renderPagePre:function(e){this.pageHtml=e.html},renderTopRelation:function(e){$(&quot;.se-results-top&quot;).length||(this.pageHtml+=e.html)},renderPageBd:function(e){if(r.time.startbd=(new Date).getTime(),this.clearResult(),this.pageHtml+=e.html,&quot;firstpaint&quot;==window.__sam_async_type||&quot;loadwait&quot;==window.__sam_async_type){var t=this.pageHtml.indexOf(&quot;&amp;lt;/firstpaint&amp;gt;&quot;);if(t&amp;gt;0){var n=this.pageHtml.substring(0,t+&quot;&amp;lt;/firstpaint&amp;gt;&quot;.length)+&quot;&amp;lt;/div&amp;gt;&amp;lt;/div&amp;gt;&quot;,a=this.pageHtml.substring(t+&quot;&amp;lt;/firstpaint&amp;gt;&quot;.length).split(&quot;&amp;lt;/div firstpainted&amp;gt;&quot;);if(3==a.length)return this.pageBdHtmlLazy=a,void this.before(this.pageft,n)}}this.before(this.pageft,this.pageHtml),r.time.bd=(new Date).getTime()},afterRenderPageBd:function(){return $(&quot;.result-loading&quot;).hide(),this.pageft[0]&amp;amp;&amp;amp;(this.pageft[0].style.visibility=&quot;visible&quot;),this.copyright[0]&amp;amp;&amp;amp;(this.copyright[0].style.visibility=&quot;visible&quot;),&quot;firstpaint&quot;==window.__sam_async_type||&quot;loadwait&quot;==window.__sam_async_type?{release:!0}:void(this.topResultExist||scrollTo(0,0))},renderPageVariable:function(e){this.pageBdHtmlLazy&amp;amp;&amp;amp;(this.pageBdHtmlLazy[0]&amp;amp;&amp;amp;$(&quot;.results&quot;).append(this.pageBdHtmlLazy[0]),this.pageBdHtmlLazy[1]&amp;amp;&amp;amp;$(&quot;.se-page-bd&quot;).append(this.pageBdHtmlLazy[1])),this.appendTo(this.page,e.html)},renderFootJs0:function(e){this.footJs+=e.html},renderFootJs1:function(e){this.footJs+=e.html},renderFootJs2:function(e){this.footJs+=e.html,this.appendTo(&quot;.se-async-js&quot;,this.footJs),r.trigger(&quot;ready&quot;)},renderNewTablink:function(e){e.html&amp;amp;&amp;amp;($(&quot;.se-head-tablink&quot;).remove(),this.appendTo(&quot;.se-page-hd-content&quot;,e.html))},afterRender:function(e){var t=this;return this.cache&amp;amp;&amp;amp;this.cache.isPreShow?void r.one(&quot;confirmpreshow&quot;,function(){t.cache.isPreShow=!1,t.afterRender(e)}):(this.cache.realword&amp;amp;&amp;amp;r.chgParam(this.cache.realword),r.trigger(&quot;init&quot;),$(&quot;img[data-imagedelaysrc]&quot;).not(&#039;[data-imageinvisible=&quot;1&quot;]&#039;).imageDelayload(),r.trigger(&quot;load&quot;),r.trigger(&quot;DOMContentLoaded&quot;),$(&quot;.se-bn&quot;).blur(),void(window.Bdbox&amp;amp;&amp;amp;Bdbox.updateKeyword&amp;amp;&amp;amp;Bdbox.updateKeyword(this.cache.realword,!0)))}}),t}),define(&quot;search/viewmodel/cacheViewModel&quot;,[&quot;require&quot;,&quot;search/viewmodel&quot;],function(require){function cacheViewModel(e){ViewModel.apply(this,arguments),this.cache=e.cache}var ViewModel=require(&quot;search/viewmodel&quot;),Search=B.search.Search;return $.extend(cacheViewModel.prototype,ViewModel.prototype,{renderStatus:function(model){var self=this,match=model.html.match(/&amp;lt;\!\-\-({.*})\-\-\&amp;gt;/);if(match[1]){var status=eval(&quot;(&quot;+match[1]+&quot;)&quot;);status.realword&amp;amp;&amp;amp;(self.cache.realword=status.realword,self.cache.querysign=status.querysign,self.cache.req=status)}}}),cacheViewModel}),define(&quot;search/viewmodel/indexViewModel&quot;,[&quot;require&quot;,&quot;search/viewmodel&quot;],function(e){function t(e){n.apply(this,arguments),this.cache=e.cache,this.body=$(&quot;body&quot;),this.page=$(&quot;.search-page&quot;),this.pageft=$(&quot;.search-page .se-page-ft&quot;),this.copyright=$(&quot;.se-page-copyright&quot;),this.blank=$(&quot;.se-foot-blank&quot;),this.headJS=&quot;&quot;,this.pageHtml=&quot;&quot;,this.footJs=&quot;&quot;}var n=e(&quot;search/viewmodel&quot;),r=B.search.Search;return $.extend(t.prototype,n.prototype,{_html:function(e,t,n){if(&quot;string&quot;!=typeof e||(e=$(e),0!=e.length))try{$(e)[t](n)}catch(r){window.console&amp;amp;&amp;amp;console.error&amp;amp;&amp;amp;console.error(r)}},appendTo:function(e,t){this._html(e,&quot;append&quot;,t)},before:function(e,t){this._html(e,&quot;before&quot;,t)},renderStatus:function(){r.time.head=(new Date).getTime()},clearResult:function(){this.pageft[0]&amp;amp;&amp;amp;(this.pageft[0].style.visibility=&quot;hidden&quot;),this.copyright[0]&amp;amp;&amp;amp;(this.copyright[0].style.visibility=&quot;hidden&quot;),this.blank[0]&amp;amp;&amp;amp;(this.blank[0].style.display=&quot;&quot;),r.deleteResultDom(),this.page[0]&amp;amp;&amp;amp;(this.page[0].style.opacity=&quot;&quot;)},beforeRender:function(){r.trigger(&quot;start&quot;),this.indexPage=$(&quot;#page&quot;),this.indexCss=$(&quot;style&quot;),this.indexPage.remove(),this.indexCss.remove()},afterRender:function(e,t){var n=&quot;&quot;,i=t.html.split(a);return i.length&amp;lt;3?void location.reload():(this.clearResult(),this._html(&quot;head&quot;,&quot;append&quot;,i[1]),this._html(&quot;body&quot;,&quot;append&quot;,i[3]),scrollTo(0,0),r.trigger(&quot;ready&quot;),this.cache.realword&amp;amp;&amp;amp;r.chgParam(this.cache.realword),r.trigger(&quot;init&quot;),r.trigger(&quot;load&quot;),void r.trigger(&quot;DOMContentLoaded&quot;))},recoverIndex:function(){}}),t}),define(&quot;search/search&quot;,[&quot;require&quot;,&quot;search/param&quot;,&quot;search/cacheManager&quot;,&quot;search/viewmodel/pageViewModel&quot;,&quot;search/viewmodel/cacheViewModel&quot;,&quot;sfr&quot;,&quot;search/environment&quot;,&quot;search/log&quot;,&quot;search/monitor&quot;,&quot;utils/storage&quot;,&quot;search/currentState&quot;],function(e){function t(e){var t=e.word||e.p(&quot;word&quot;)||&quot;&quot;;return t=t.replace(/\s/gi,&quot;&quot;),-1!==M.indexOf(t)?!1:M.length&amp;amp;&amp;amp;M[M.length-1].indexOf(t)&amp;gt;-1?!1:(M.push(t),M=M.slice(-5),t==B.comm.query?!1:!0)}function n(e){e=e||&quot;&quot;;var t=B.comm.lid||&quot;&quot;;return e.substr(0,6)+t.substr(-5)+e.substr(-5)+parseInt(99999*Math.random())}var r,a,i=B.search.Search,s=e(&quot;search/param&quot;),o=e(&quot;search/cacheManager&quot;),c=(e(&quot;search/viewmodel/pageViewModel&quot;),e(&quot;search/viewmodel/cacheViewModel&quot;)),u=e(&quot;sfr&quot;).action,d=e(&quot;search/environment&quot;),l=e(&quot;search/log&quot;),h=e(&quot;search/monitor&quot;),p=&quot;/s?&quot;,f=0,m=0,g=0,_=[],v=B.comm.baiduid||&quot;&quot;,w=&quot;onpopstate&quot;in window,b=0,y=0,x=B.comm.t_samp,S=&quot;&quot;,k=(e(&quot;utils/storage&quot;).ls,{}),C=location.pathname.indexOf(&quot;searchframe&quot;)&amp;gt;-1?100:200,A=null,E=!1,T=&quot;&quot;;window.__sam_async_type=window.__sam_async_type||&quot;loadwait&quot;,B.cookie(&quot;WISEWR&quot;,&quot;&quot;,{expires:-1});var I=d.instance||new d;I.cid&amp;amp;&amp;amp;(I.boxPresid&amp;gt;=40||I.boxPresid&amp;lt;30),B.comm.compileCheck=1;var P=new o({cache:{urlPrefix:p}}),R=!1,q=n(v),U={},O=e(&quot;search/currentState&quot;);$.extend(i,{time:{},beforeSendHanddler:function(e){var t=this;return function(n){return n.addEventListener(&quot;progress&quot;,function(r){l.log(&quot;progress&quot;),t.xhrProgress(r,n,e)}),!0}},xhrProgress:function(e,t,n){n.html=t.responseText,this._handleCacheResult(n)},prefetchZbios:function(e,n){if(B.comm.zbiosPrefetchSwitch&amp;amp;&amp;amp;&quot;prefetoff&quot;!=window.__sam_async_type){if(&quot;prefetall&quot;==window.__sam_async_type);else if(I.isIos)return;if(!(0===e.word.indexOf(&quot;@&quot;)||encodeURIComponent(e.word).length&amp;lt;=2||(I.update(e),16!==n&amp;amp;&amp;amp;I.isIos&amp;amp;&amp;amp;e.sa&amp;amp;&amp;amp;!e.sa.match(/ikb|tkb|bkb/)||B.comm.tanet&amp;amp;&amp;amp;(4==B.comm.tanet||2==B.comm.tanet)))){I.boxPresearch&amp;amp;&amp;amp;25==I.boxPresid?e.sp=10:I.boxPresearch&amp;amp;&amp;amp;26==I.boxPresid?e.sp=11:I.boxPresearch&amp;amp;&amp;amp;28!=I.boxPresid&amp;amp;&amp;amp;(e.sp=9),3==window.__sam_async_type&amp;amp;&amp;amp;(e.sp=9),window.__sam_async_super&amp;amp;&amp;amp;(e.sp=9),e.mod=1,e.async=1,e.pre=2,e.clist=P.getCacheList(),e.isid=q;var r=new s(e,!0);t(r)&amp;amp;&amp;amp;this.prefetch(r,n)}}},prefetchInput:function(e){var n=e.word;if(!n||encodeURIComponent(n).length&amp;lt;=2)return!1;var r=new s({pn:&quot;&quot;,word:n,mod:1,async:1,pre:2,clist:P.getCacheList(),isid:q,sp:9,sa:e.sa||$(&#039;.se-form input[name=&quot;sa&quot;]&#039;).val()||&quot;&quot;},!0);t(r)&amp;amp;&amp;amp;this.prefetch(r)},prefetchInputMulti:function(e,n){if(t({word:n})){e=e||[];for(var r=P.getCacheList(),a=0;a&amp;lt;e.length;a++){var i=e[a],o=i.word;if(o&amp;amp;&amp;amp;!(encodeURIComponent(o).length&amp;lt;=2)){var c=new s({pn:&quot;&quot;,word:o,mod:1,async:1,pre:2,clist:r,isid:q});this.prefetch(c)}}}},prefetch:function(e,t){var n=this;if((!B.comm.sampleval||&quot;async_old&quot;!==B.comm.sampleval.WISE_TPL_COMMON_SAMPLE_FLAG)&amp;amp;&amp;amp;B.comm.prefetchSwitch){var r=e.p(&quot;word&quot;),a=e.p(&quot;sa&quot;)||&quot;&quot;;if(!(r.length&amp;gt;14)){var i=P.hasCache(e);k[r]||i||(l.log(&quot;prefetch:&quot;+r),f++,i=P.getNewCache(e),k[r]=i,i.load(window.__sam_async_noflow?{}:{beforeSend:n.beforeSendHanddler(i)}),i.done(function(){delete k[r],n._handleCacheResult(i),i.realword?(m++,l.log(&quot;got prefetch:&quot;+r),-1==$.inArray(i.querysign,_)&amp;amp;&amp;amp;_.push(i.querysign)):(g++,l.log(&quot;got prefetch but no realword:&quot;+r)),(31==I.boxPresid&amp;amp;&amp;amp;16==t||32==I.boxPresid&amp;amp;&amp;amp;a.indexOf(&quot;ikb&quot;)&amp;gt;-1&amp;amp;&amp;amp;16!=t)&amp;amp;&amp;amp;i.realword&amp;amp;&amp;amp;(!O.confirmTime||i.time.start&amp;gt;O.confirmTime)&amp;amp;&amp;amp;n.preshow(e,i)}).fail(function(){delete k[r],i===O.cache&amp;amp;&amp;amp;(n.invokeApp({state:&quot;50&quot;,url:encodeURIComponent(i.redirectUrl)}),n.directUrl(i.param)),delete i}))}}},preshow:function(e,t){var n=this;return O.cache&amp;amp;&amp;amp;O.cache.isPreShowing?void(O.cache.nextPreshow={param:e,cache:t}):(t.isPreShow=!0,t.isPreShowing=!0,O.clearCache(),i.trigger(&quot;stop&quot;),i.trigger(&quot;destroy&quot;),this.clearResult(),void i.one(&quot;afterdestroy&quot;,function(){i.restoreEvent(),n._handleCacheResult(t),document.title=(t.realword||t.query)+&quot; - 百度&quot;,i.one(&quot;afterready&quot;,function(){t.isPreShowing=!1,O.cache.nextPreshow&amp;amp;&amp;amp;(n.preshow(O.cache.nextPreshow.param,O.cache.nextPreshow.cache),delete O.cache.nextPreshow)})}))},confirmPreshow:function(e,t){var n=this;O.cache.isPreShow=t.isPreShow=!1,O.cache.redirectUrl=t.redirectUrl=e.buildSyncSearchUrl(),O.isIs=!0,document.title=(t.realword||t.query)+&quot; - 百度&quot;,n.invokeApp({state:&quot;20&quot;,url:encodeURIComponent(t.redirectUrl)}),i.trigger(&quot;confirmpreshow&quot;),window.__sam_async_debug&amp;amp;&amp;amp;setTimeout(function(){$(&quot;.se-debug&quot;).prepend(&quot;预渲染&amp;lt;br&amp;gt;&quot;)},500)},cancelPreShow:function(){O.cache.isPreShow?(O.cache.isPreShow=!1,this.search(&quot;s&quot;+location.search)):O.cache.isPreShow=!1},submitForm:function(e){var t=e.word||&quot;&quot;,n=new s({pn:&quot;&quot;,word:t});this.submit(n)},submitIndex:function(e){var t=e.word||&quot;&quot;,n=new s({pn:&quot;&quot;,word:t});this.submit(n,{prevPath:&quot;/&quot;})},indexSearch:function(e){return $(&quot;#page&quot;).show(),this.search(e,!1,{prevPath:&quot;/&quot;})},hasCache:function(e){param=new s(e,!0);var t=P.hasCache(param);return!!t},recoverIndex:function(){location.reload(!1)},submitFormTonglan:function(e){e&amp;amp;&amp;amp;&quot;string&quot;==typeof e&amp;amp;&amp;amp;(e=s.parseUrlParams(e)),e.word=decodeURIComponent(e.word),&quot;6&quot;==page.comm.browserid&amp;amp;&amp;amp;(e.tn=&quot;zbios&quot;);var t=(new Date).getTime().toString(),n=$.extend({},U,e,{pn:&quot;&quot;,ts:t.substring(t.length-7),cq:page.comm.topRelation,rqid:page.comm.lid}),r=new s(n,!0);this.submit(r)},submit:function(e,t){if(&quot;&quot;==e.p(&quot;word&quot;).length);else if(this.supportAsync()&amp;amp;&amp;amp;this.supportAsyncSearch(e)){e.p(&quot;isid&quot;,q),this.pushHistory(0),e.p(&quot;mod&quot;,0),e.p(&quot;async&quot;,1),x&amp;amp;&amp;amp;e.p(&quot;t_samp&quot;,x);var n=[e.buildSearchUrl(),null,{force:!1,silent:!1,param:e}];try{location.pathname.indexOf(&quot;searchframe&quot;)&amp;gt;-1?u.reset.apply(u,n):u.redirect.apply(u,n)}catch(r){B.cookie(&quot;WISEWR&quot;,&quot;21&quot;,{expires:3e3})}this.search(e,!0,t)}else this.directUrl(e)},directUrl:function(e){var t=e;&quot;object&quot;==typeof t&amp;amp;&amp;amp;(t=e.buildSyncSearchUrl());var n=document.getElementsByClassName(&quot;se-page-bd&quot;)[0];n&amp;amp;&amp;amp;(n.style.opacity=&quot;&quot;),this.dispatch(&quot;leave&quot;),location.href=e.buildSyncSearchUrl()},supportAsyncSearch:function(e){var t=e.p(&quot;word&quot;)||&quot;&quot;,n=e.p(&quot;st&quot;)||&quot;&quot;;return t&amp;amp;&amp;amp;0!=t.indexOf(&quot;@&quot;)&amp;amp;&amp;amp;&quot;b&quot;!=n.substring(2,3)&amp;amp;&amp;amp;&quot;n&quot;!=n.substring(3,4)?location.hash&amp;amp;&amp;amp;location.hash.length&amp;gt;5?!1:!0:!1},supportAsync:function(){return w},search:function(e,t,o){var c=this,u=c.time.start=(new Date).getTime();if(&quot;string&quot;==typeof e?(e=s.parseUrlParams(e),e=new s(e,!0)):!e.p&amp;amp;&amp;amp;e.params&amp;amp;&amp;amp;(e=new s(e.params,!0)),t)A={param:e,time:u};else{if(A&amp;amp;&amp;amp;A.param&amp;amp;&amp;amp;A.param.equals(e)&amp;amp;&amp;amp;u-A.time&amp;lt;1e3)return void(a=u-A.time);A=!1}h.userSearch(e);var d=e.p(&quot;word&quot;);if(l.log(&quot;search()&quot;,d),void 0===e.p(&quot;mod&quot;)&amp;amp;&amp;amp;e.p(&quot;mod&quot;,0),void 0===e.p(&quot;async&quot;)&amp;amp;&amp;amp;e.p(&quot;async&quot;,1),S){var p=new Date;p.setTime(p.getTime()+31536e6),document.cookie=&quot;BAIDUID=&quot;+S+&quot;;domain=.baidu.com;path=/;expires=&quot;+p.toGMTString()+&quot;;&quot;}var f=e.p(&quot;mmsuse&quot;)||!1,m=e.p(&quot;pu&quot;)||!1,g=e.p(&quot;isid&quot;);f=f&amp;amp;&amp;amp;(f.match(/dq@[a-zA-Z0-9]/)||f.match(/voiwd/))?!0:!1;var _=O.cache&amp;amp;&amp;amp;e.matchCache(O.cache)&amp;amp;&amp;amp;O.cache.isPreShow;if(f);else if(_)return O.setParam(e),void c.confirmPreshow(e,O.cache);O.prevPath=o&amp;amp;&amp;amp;o.prevPath;var w=P.hasCache(e);if(w)if(m&amp;amp;&amp;amp;m.indexOf(&quot;_voice&quot;)&amp;amp;&amp;amp;w.param&amp;amp;&amp;amp;w.param.p&amp;amp;&amp;amp;g!=w.param.p(&quot;isid&quot;))P.deleteCache(w),w=!1;else if(f)P.deleteCache(w),w=!1;else if(O.cache&amp;amp;&amp;amp;w.time.received==O.cache.time.received){if(u-O.cache.received&amp;lt;500)return;P.deleteCache(w),w=!1}else if(!f&amp;amp;&amp;amp;w&amp;amp;&amp;amp;w.param&amp;amp;&amp;amp;w.param.p){var b=w.param.p(&quot;mmsuse&quot;)||&quot;&quot;;b&amp;amp;&amp;amp;(b.match(/dq@[a-zA-Z0-9]/)||b.match(/voiwd/))&amp;amp;&amp;amp;(P.deleteCache(w),w=!1)}if(E=!!w,&quot;loading&quot;==window.__sam_async_type||&quot;loadwait&quot;==window.__sam_async_type);else{var y=document.getElementsByClassName(&quot;se-page-bd&quot;)[0];y&amp;amp;&amp;amp;(y.style.opacity=.7)}$(&quot;.results&quot;).addClass(&quot;se-predestroy&quot;),r=null,a=null,T=B.comm.sampleval&amp;amp;&amp;amp;B.comm.sampleval.WISE_TPL_COMMON_SAMPLE_FLAG||&quot;&quot;,w||(w=P.getNewCache(e)),O.setParam(e),O.clearCache(),l.log(&quot;before cache.load&quot;),e.p(&quot;ts&quot;)&amp;amp;&amp;amp;(r=(new Date).getTime().toString().substring(6)-1*e.p(&quot;ts&quot;)),w.load(window.__sam_async_noflow?{}:{beforeSend:c.beforeSendHanddler(w)})&amp;amp;&amp;amp;(h.addDependedCache(w),B.comm.query=encodeURIComponent(d),w.redirectUrl=e.buildSyncSearchUrl(),c.invokeApp({state:&quot;20&quot;,url:encodeURIComponent(w.redirectUrl)}),i.trigger(&quot;stop&quot;),i.trigger(&quot;destroy&quot;,{targetParam:e}),this.clearResult(),l.log(&quot;destroy&quot;),i.one(&quot;afterdestroy&quot;,function(){i.restoreEvent(),q=n(v)}),c.time.des=(new Date).getTime(),window.__sam_async_index=!1,Object.keys(k).forEach(function(e){c._handleCacheResult(k[e])}),w.done(function(){c.time.net=c.time.ajax=(new Date).getTime(),c._handleCacheResult(w),w.realword||(c.invokeApp({state:&quot;50&quot;,url:encodeURIComponent(w.redirectUrl)}),c.directUrl(w.param))}).fail(function(){B.cookie(&quot;WISEWR&quot;)||B.cookie(&quot;WISEWR&quot;,&quot;14&quot;,{expires:3e3}),c.invokeApp({state:&quot;50&quot;,url:encodeURIComponent(w.redirectUrl)}),c.directUrl(w.param)}))},_handleCacheResult:function(e){var t=this;e.realword||t._tryParseStatus(e),l.log(&quot;_handleCacheResult&quot;,e.param.p(&quot;mod&quot;),e.param.p(&quot;f4s&quot;),e.param.p(&quot;word&quot;),e.realword,e.isPreShow,e.status);var n=O.param&amp;amp;&amp;amp;O.param.p&amp;amp;&amp;amp;O.param.p(&quot;mmsuse&quot;);if(!n||!n.match(/voiwd/)&amp;amp;&amp;amp;!n.match(/dq@[a-zA-Z0-9]/)||!e.param||1!=e.param.p(&quot;mod&quot;)){if(!O.cache){var r=0==e.param.p(&quot;mod&quot;)&amp;amp;&amp;amp;e.param==O.param,a=e.realword&amp;amp;&amp;amp;O.param&amp;amp;&amp;amp;O.param.matchCache(e);(r||a||e.isPreShow)&amp;amp;&amp;amp;(e.redirectUrl=e.param.buildSyncSearchUrl(),O.setCache(e),l.info(&quot;used to render:&quot;,e.param.p(&quot;mod&quot;),e.param.p(&quot;f4s&quot;),e.param.p(&quot;word&quot;),e.realword,e.isPreShow,e.status))}O.cache===e&amp;amp;&amp;amp;(O.pageView.set({ableBind:!0,templateString:e.html,allRecieved:200==e.status}),l.log(&quot;render part:&quot;,e.param.p(&quot;mod&quot;),e.param.p(&quot;f4s&quot;),e.param.p(&quot;word&quot;),e.realword,e.isPreShow,e.status,e.html&amp;amp;&amp;amp;e.html.length))}},_tryParseStatus:function(e){var t=new c({cacheManager:P,cache:e});t.set({ableBind:!0,templateString:e.html,allRecieved:200==e.status})},confirmCache:function(e,t){if(e&amp;amp;&amp;amp;e.param&amp;amp;&amp;amp;e.req&amp;amp;&amp;amp;e.confirmed!==!0){l.info(&quot;confirmed cache&quot;);var n=e.param;n.p(&quot;mod&quot;,2),n.p(&quot;cqid&quot;,e.req.lid),n.p(&quot;word&quot;,e.req.realword),n.p(&quot;ps_tm&quot;,f),n.p(&quot;ps_rs&quot;,m),n.p(&quot;ps_nw&quot;,g),n.p(&quot;ps_rt&quot;,_.length),n.p(&quot;isa&quot;,n.p(&quot;sa&quot;)),n.p(&quot;sa&quot;,t.p(&quot;sa&quot;)),$.ajax({datatype:&quot;html&quot;,url:p+n.buildQueryString()}),e.confirmed=!0,this.resetLogParam()}},resetLogParam:function(){f=m=g=0,_=[]},setSpeedLogParam:function(e){var t=this;C++,B.comm.ps={mod:O.cache.req&amp;amp;&amp;amp;O.cache.req.mod||&quot;&quot;,ps_tm:f,ps_rs:m,ps_nw:g,ps_cost:O.cache.time&amp;amp;&amp;amp;O.cache.time.received-O.cache.time.start,ps_savebd:t.time.net-t.time.startbd,ps_srt:r,ps_rtt:a,ps_sn:C,ps_old_fl:T},e.p(&quot;ts&quot;)&amp;amp;&amp;amp;(B.comm.ps.net=t.time.head-t.time.start),O&amp;amp;&amp;amp;O.isIs&amp;amp;&amp;amp;(B.comm.ps.net=2),B.comm.ps.mod=1==B.comm.ps.mod?2:B.comm.ps.mod,E&amp;amp;&amp;amp;(B.comm.ps.ps_rmod2=1),window.__sam_async_debug&amp;amp;&amp;amp;$(&quot;.se-debug&quot;).html((2==B.comm.ps.mod?&quot;PREDICT&quot;:&quot;ASYNC&quot;)+&quot;&amp;amp;nbsp;&amp;amp;nbsp;&amp;amp;nbsp;&amp;amp;nbsp;&amp;lt;br&amp;gt;NET:&quot;+(B.comm.ps.net&amp;gt;0?B.comm.ps.net:0)+&quot;ms&amp;lt;br&amp;gt;RT:&quot;+(a||0)+&quot;ms&amp;lt;br&amp;gt;SR:&quot;+(r||0)+&quot;ms&amp;lt;br&amp;gt;RD:&quot;+(t.time.net-t.time.startbd)+&quot;ms&quot;)},clearResult:function(){var e=this;e.time.clst=(new Date).getTime(),$(&quot;.se-input&quot;).trigger(&quot;blur&quot;),$(&quot;#search-btm-zone,.se-pagenav&quot;).hide(),$(&quot;#index-card&quot;).hide(),$(&quot;#search-card&quot;).show(),$(&quot;head&amp;gt;script:not(.code-to-write)&quot;).remove(),$(&quot;body&amp;gt;script:not([data-key])&quot;).remove(),$(&quot;.se-foot-blank~*&quot;).remove(),$(&quot;#searchwordtobox&quot;).remove(),$(&quot;.se-common-base,.se-async-js&quot;).remove(),$(&quot;.search-page~div:not([data-for])&quot;).remove();var t=document.querySelector(&quot;.se-page-hd-content&quot;);t&amp;amp;&amp;amp;(t.style.visibility=&quot;visible&quot;),e.preDeleteDom=$(&quot;.se-zbios-hide,.se-frame-hide,.se-page-bd,body&amp;gt;style:not([data-key]),.se-page-pre-style,.se-predestroy&quot;),(&quot;loading&quot;==window.__sam_async_type||&quot;loadwait&quot;==window.__sam_async_type)&amp;amp;&amp;amp;(e.hideBottomDom(),e.displayLoading()),e.time.clend=(new Date).getTime()},hideBottomDom:function(){var e=$(&quot;.search-page .se-page-ft&quot;),t=$(&quot;.se-page-copyright&quot;),n=$(&quot;.se-foot-blank&quot;);e[0]&amp;amp;&amp;amp;(e[0].style.visibility=&quot;hidden&quot;),t[0]&amp;amp;&amp;amp;(t[0].style.visibility=&quot;hidden&quot;),n[0]&amp;amp;&amp;amp;(n[0].style.display=&quot;&quot;)},displayLoading:function(){var e=this;$(&quot;.result-loading&quot;).show(),e.preDeleteDom&amp;amp;&amp;amp;(e.preDeleteDom.remove(),e.preDeleteDom=!1)},deleteResultDom:function(){var e=this;e.hideBottomDom(),e.displayLoading()},clearTopRealtion:function(e){!e.params.cq&amp;amp;&amp;amp;$(&quot;.se-results-top&quot;).length&amp;amp;&amp;amp;$(&quot;.se-results-top&quot;).remove()},chgParam:function(e){if(e!==R){R=e;var t=Array.prototype.slice,n=/(word=|w=|kw=|search-|key=|s=s%26wd%3D|#search\/|#search=)(.*?)(&amp;amp;|$)/i,r=/(word=)(.*?)(&amp;amp;|$)/,a=t.call($(&quot;.se-input, se-encode&quot;));a.forEach(function(t){var n=t.tagName.toLowerCase();&quot;input&quot;===n||&quot;textarea&quot;===n?t.value=e:t.innerText=e}),e?(document.title=e+&quot; - 百度&quot;,$(&quot;a.h-tab, .more-links &amp;gt; a&quot;).forEach(function(t){var r=t.getAttribute(&quot;href&quot;);if(r){r=r.replace(n,&quot;$1&quot;+encodeURIComponent(e)+&quot;$3&quot;),t.setAttribute(&quot;href&quot;,r);var a=t.getAttribute(&quot;data-schema&quot;);if(&quot;地图&quot;===t.innerText.trim()&amp;amp;&amp;amp;a){var i=a.replace(/(query=).*/,&quot;$1&quot;);t.setAttribute(&quot;data-schema&quot;,i+encodeURIComponent(e))}}}),$(&quot;#page_copyright .switch-to-utouch, #page_copyright .feedback&quot;).forEach(function(t){var n=t.getAttribute(&quot;href&quot;);n=n.replace(r,&quot;$1&quot;+encodeURIComponent(e)+&quot;$3&quot;),t.setAttribute(&quot;href&quot;,n)})):document.title=&quot;百度一下&quot;}},delegateLinkSearch:function(){function e(e,n,r){var a=new s(r,!0);if(t.supportAsyncSearch(a)){var i=a.buildSearchUrl();return t.pushHistory(!1,i),a.p(&quot;mod&quot;,0),a.p(&quot;async&quot;,1),a.p(&quot;ps_dg&quot;,1),B.comm.cid&amp;amp;&amp;amp;a.p(&quot;acid&quot;,B.comm.cid),u.redirect(i,null,{force:!1,silent:!1,param:a}),!1}e.attr(&quot;href&quot;,n.buildSearchUrl(r,!0)).attr(&quot;target&quot;,&quot;_self&quot;)}var t=this;$(document).delegate(&quot;a&quot;,&quot;click&quot;,function(){var t,n=location.protocol+&quot;//&quot;+location.host;return function(){var r=$(this);if(!(r.attr(&quot;sync&quot;)||r.attr(&quot;target&quot;)&amp;amp;&amp;amp;&quot;_self&quot;!=r.attr(&quot;target&quot;))){var a=$.trim(r.attr(&quot;href&quot;));if(a&amp;amp;&amp;amp;0==a.indexOf(n)&amp;amp;&amp;amp;(a=a.substring(n.length)),a&amp;amp;&amp;amp;(t=a.match(/(^|\/)+(s\?.*)/)),a&amp;amp;&amp;amp;t&amp;amp;&amp;amp;t[2]){var o=s.parseUrlParams(t[2]);o.pn||(o.pn=&quot;&quot;),o=$.extend({},U,o),o.ts=&quot;&quot;;var c=e(r,O.param||{},o);return c}i.dispatch(&quot;leave&quot;)}}}())},pushHistory:function(e,t){if(void 0===e){var t=location.pathname.substring(1)+location.search,n=t.match(/ahp=(\d+)/);e=n?n[1]:0}else&quot;string&quot;==typeof e&amp;amp;&amp;amp;(e=e.split(&quot;_&quot;)[0]);e=1*e;var r;if(0==e)b++,r=1;else if(e&amp;gt;b){if(b=e,r=1,y==b)return 2}else if(b&amp;gt;e){if(b=e,r=-1,y==b)return-2}else y==b&amp;amp;&amp;amp;(y=-1),r=0;return r},init:function(){var e=this;e.supportAsync()&amp;amp;&amp;amp;(e.pushHistory(),y=b,$(&quot;#results&amp;gt;.se-page-ft&quot;).length&amp;amp;&amp;amp;($(&quot;#results&amp;gt;.se-page-ft,#results&amp;gt;.se-page-ft~*&quot;).appendTo(&quot;.search-page&quot;),$(&quot;#results~style&quot;).appendTo(&quot;body&quot;)),I.isIos&amp;amp;&amp;amp;I.isBaiduboxapp||window.__sam_async&amp;amp;&amp;amp;e.delegateLinkSearch(),B.search.zbios=function(t){return e.zbios(t)},B.search.bmbadr=function(t){return e.bmbadr(t)},window.addEventListener(&quot;baiduboxapp_search&quot;,function(t){return e.zbios(t.data)}),window.addEventListener(&quot;search_baidu&quot;,function(t){return e.searchEventHandle(t)}),B.on(&quot;init&quot;,function(){O.cache&amp;amp;&amp;amp;!O.cache.isPreShow&amp;amp;&amp;amp;(e.setSpeedLogParam(O.param),O.cache.req&amp;amp;&amp;amp;&quot;1&quot;==O.cache.req.mod?e.confirmCache(O.cache,O.param):e.resetLogParam())}),window.__sam_async_debug&amp;amp;&amp;amp;($(&quot;head&quot;).append(&#039;&amp;lt;style class=&quot;.se-debug-style&quot;&amp;gt;.se-debug{color:red;position:fixed;top:40px;font-size:12px;left:0;z-index: 9999;text-align:left;background:rgba(255,255,0,0.9);}&amp;lt;/style&amp;gt;&#039;),$(&quot;body&quot;).prepend(&#039;&amp;lt;div class=&quot;se-debug&quot;&amp;gt;SYNC-ABLE TO SEARCH&amp;lt;/div&amp;gt;&#039;)),I.isBaiduboxapp&amp;amp;&amp;amp;(U=s.parseUrlParams(window.location.href),[&quot;word&quot;,&quot;pn&quot;,&quot;rn&quot;,&quot;sa&quot;,&quot;st&quot;,&quot;ts&quot;,&quot;nojc&quot;,&quot;mmsuse&quot;,&quot;cq&quot;,&quot;cki&quot;].forEach(function(e){delete U[e]})),document.cookie.indexOf(&quot;WISEER=1&quot;)&amp;gt;-1||x.indexOf(&quot;presearch_0&quot;)&amp;gt;-1||(I.isSearchCraft?(B.on(&quot;ready&quot;,function(){e.invokeApp({state:&quot;10&quot;})}),window.addEventListener(&quot;pageshow&quot;,function(t){t.persisted&amp;amp;&amp;amp;e.invokeApp({state:&quot;10&quot;})})):window.__sam_async_debug?e.invokeApp({state:&quot;10&quot;}):(window.__sam_async||I.boxVersion&amp;gt;=&quot;9&quot;)&amp;amp;&amp;amp;(I.isIos?I.boxVersion&amp;gt;=&quot;8.5&quot;||I.deviceVersion&amp;gt;=4?e.invokeApp({state:&quot;10&quot;}):(16==I.boxPresid||17==I.boxPresid)&amp;amp;&amp;amp;e.invokeApp({state:&quot;10&quot;}):e.invokeApp({state:&quot;10&quot;}))),B.on(&quot;load&quot;,function(){O.cache&amp;amp;&amp;amp;!O.cache.isPreShow&amp;amp;&amp;amp;i.invokeApp({state:&quot;30&quot;,url:encodeURIComponent(O.cache.redirectUrl)})}),B.on(&quot;afterload&quot;,function(){O.cache&amp;amp;&amp;amp;!O.cache.isPreShow&amp;amp;&amp;amp;i.invokeApp({state:&quot;40&quot;,url:encodeURIComponent(O.cache.redirectUrl)})}),B.on(&quot;afterload&quot;,function(){B.comm.query&amp;amp;&amp;amp;0==$(&quot;.result,.se-noresult-tips&quot;).length?B.cookie(&quot;WISEWR&quot;,&quot;15&quot;,{expires:864e5}):B.cookie(&quot;WISEWR&quot;,&quot;&quot;,{expires:-1})}))},invokeApp:function(e){window.Bdbox&amp;amp;&amp;amp;Bdbox.invokeApp&amp;amp;&amp;amp;(Bdbox.invokeApp.android?Bdbox.invokeApp(&quot;Bdbox_android_searchFrame&quot;,&quot;asyncPageState&quot;,[JSON.stringify(e)]):Bdbox.invokeApp.ios&amp;amp;&amp;amp;Bdbox.invokeApp(&quot;searchFrame&quot;,{action:&quot;asyncPageState&quot;,params:JSON.stringify(e),minver:&quot;7.5.0.0&quot;},&quot;&quot;)),I.isBmbadr&amp;amp;&amp;amp;window._flyflowNative&amp;amp;&amp;amp;_flyflowNative.exec(&quot;asyncsearch&quot;,&quot;state&quot;,JSON.stringify(e),null),I.isSearchCraft&amp;amp;&amp;amp;(window.Viaduct&amp;amp;&amp;amp;window.Viaduct.postMessage?window.Viaduct.postMessage(JSON.stringify({func:&quot;asyncSearchState&quot;,options:e})):console.log(&quot;asyncSearchState&quot;,e))},searchEventHandle:function(e){var t=this;switch(e.key){case&quot;search_submit&quot;:var n=s.parseUrlParams(e.params||&quot;&quot;);n.word=e.query;var r=new s(n,!0);t.submit(r);break;case&quot;search_input&quot;:var n=s.parseUrlParams(e.params||&quot;&quot;);t.prefetchInput($.extend(n,{word:e.query}));break;case&quot;search_cancel&quot;:t.cancelPreShow()}},zbios:function(e){var t=this;if(e=e||{},e.type&amp;gt;=0&amp;amp;&amp;amp;e.type&amp;lt;10){if(window.__sam_async_debug&amp;amp;&amp;amp;$(&quot;.se-debug&quot;).html(&quot;ASYNC&quot;),e.word){e.param&amp;amp;&amp;amp;&quot;string&quot;==typeof e.param&amp;amp;&amp;amp;(e.param=s.parseUrlParams(e.param));var n=(new Date).getTime().toString(),r=$.extend({},U,e.param,{pn:&quot;&quot;,word:e.word,tn:&quot;zbios&quot;,ts:n.substring(n.length-7)});B.comm.cid&amp;amp;&amp;amp;(r.acid=B.comm.cid),e.word&amp;amp;&amp;amp;delete r.cki;var a=new s(r,!0);t.submit(a)}}else if(e.type&amp;gt;=10&amp;amp;&amp;amp;e.type&amp;lt;50&amp;amp;&amp;amp;e.word){e.param&amp;amp;&amp;amp;&quot;string&quot;==typeof e.param&amp;amp;&amp;amp;(e.param=s.parseUrlParams(e.param));var i=$.extend({},U,e.param,{pn:&quot;&quot;,tn:&quot;zbios&quot;,word:e.word});B.comm.cid&amp;amp;&amp;amp;(i.acid=B.comm.cid),i.word&amp;amp;&amp;amp;delete i.cki,t.prefetchZbios(i,e.type)}else 101==e.type&amp;amp;&amp;amp;t.cancelPreShow()},bmbadr:function(e){var t=this;if(e=e||{},e.type&amp;gt;=0&amp;amp;&amp;amp;e.type&amp;lt;10){if(window.__sam_async_debug&amp;amp;&amp;amp;$(&quot;.se-debug&quot;).html(&quot;ASYNC&quot;),e.word){e.param&amp;amp;&amp;amp;&quot;string&quot;==typeof e.param&amp;amp;&amp;amp;(e.param=s.parseUrlParams(e.param));var n=(new Date).getTime().toString(),r=$.extend({},U,e.param,{pn:&quot;&quot;,word:e.word,tn:&quot;bmbadr&quot;,ts:n.substring(n.length-7)}),a=new s(r,!0);t.submit(a)}}else if(e.type&amp;gt;=10&amp;amp;&amp;amp;e.word){e.param&amp;amp;&amp;amp;&quot;string&quot;==typeof e.param&amp;amp;&amp;amp;(e.param=s.parseUrlParams(e.param));var i=$.extend({},U,e.param,{pn:&quot;&quot;,tn:&quot;bmbadr&quot;,word:e.word});t.prefetchZbios(i)}}});var M=[];return i}),define(&quot;instant_search/Adapter&quot;,[&quot;require&quot;,&quot;exports&quot;,&quot;module&quot;,&quot;instant_search/util/derive&quot;,&quot;instant_search/EventEmitter&quot;,&quot;instant_search/util/extend&quot;,&quot;instant_search/urlUtil&quot;,&quot;instant_search/util/trim&quot;,&quot;instant_search/util/log&quot;,&quot;instant_search/supportAsync&quot;],function(e,t,n){&quot;use strict&quot;;var r=e(&quot;instant_search/util/derive&quot;),a=e(&quot;instant_search/EventEmitter&quot;),i=e(&quot;instant_search/util/extend&quot;),s=e(&quot;instant_search/urlUtil&quot;),o=e(&quot;instant_search/util/trim&quot;),c=e(&quot;instant_search/util/log&quot;),u=e(&quot;instant_search/supportAsync&quot;),d=location.protocol+&quot;//&quot;+location.host;n.exports=r(a,function(e){var t=this;a.call(t),t._environment=e.environment,B.search.zbios=t._onBoxRequest.bind(t),window.addEventListener(&quot;baiduboxapp_search&quot;,function(e){t._onBoxRequest(e.option)}),$(document).delegate(&quot;a&quot;,&quot;click&quot;,function(e){return t._onLinkClick(e,this)})},{_onBoxRequest:function(e){var t=this;if(e=e||{},e.param=e.param||{},c.log(&quot;_onBoxRequest&quot;,e),&quot;string&quot;==typeof e.param&amp;amp;&amp;amp;(e.param=s.parse(e.param)),e.type&amp;gt;=0&amp;amp;&amp;amp;e.type&amp;lt;10&amp;amp;&amp;amp;e.word){var n=(new Date).getTime().toString();t.emit(&quot;submit&quot;,i({},e.param,{pn:&quot;&quot;,tn:&quot;zbios&quot;,word:e.word,ts:n.substring(n.length-7)}))}else if(e.type&amp;gt;=10&amp;amp;&amp;amp;e.type&amp;lt;50&amp;amp;&amp;amp;e.word){var r=i({},e.param,{pn:&quot;&quot;,tn:&quot;zbios&quot;,word:e.word});t._boxInputEnable(r,e.type)&amp;amp;&amp;amp;t.emit(&quot;input&quot;,r)}else 101==e.type;t.emit(&quot;boxrequest&quot;,e)},_onLinkClick:function(e,t){var n,r,a,i=this,c=$(t);return c.attr(&quot;target&quot;)&amp;amp;&amp;amp;&quot;_self&quot;!==c.attr(&quot;target&quot;)?void 0:(r=o(c.attr(&quot;href&quot;)),0===r.indexOf(d)&amp;amp;&amp;amp;(r=r.substring(d.length)),n=r.match(/(^|\/)+(s\?.*)/),n&amp;amp;&amp;amp;(a=s.parse(n[2]),u(a))?(a.pn||(a.pn=&quot;&quot;),a.ts=&quot;&quot;,i.emit(&quot;submit&quot;,a),!1):void(window.page&amp;amp;&amp;amp;page.search&amp;amp;&amp;amp;page.search.Search&amp;amp;&amp;amp;page.search.Search.trigger(&quot;leave&quot;)))},_boxInputEnable:function(e,t){var n=this._environment,r=window.page&amp;amp;&amp;amp;page.comm&amp;amp;&amp;amp;page.comm.zbiosPrefetchSwitch,a=n.boxPresid&amp;amp;&amp;amp;n.boxPresid&amp;lt;40&amp;amp;&amp;amp;15!=n.boxPresid&amp;amp;&amp;amp;14!=n.boxPresid,i=16===t;return r||a?n.isIos?(c.warn(&quot;Adapter._boxInputEnable 不发起预测&quot;,&quot;ios&quot;),!1):n.isIos&amp;amp;&amp;amp;!i&amp;amp;&amp;amp;e.sa&amp;amp;&amp;amp;!e.sa.match(/ikb|tkb|bkb/)?(c.warn(&quot;Adapter._boxInputEnable 不发起预测&quot;,&quot;sa&quot;,e.sa),!1):!0:(c.warn(&quot;Adapter._boxInputEnable 不发起预测&quot;,&quot;手百降级开关&quot;),!1)}})}),define(&quot;instant_search/Cache&quot;,[&quot;require&quot;,&quot;exports&quot;,&quot;module&quot;,&quot;instant_search/util/derive&quot;,&quot;instant_search/util/hasOwn&quot;,&quot;instant_search/util/log&quot;],function(e,t,n){&quot;use strict&quot;;var r=e(&quot;instant_search/util/derive&quot;),a=(e(&quot;instant_search/util/hasOwn&quot;),e(&quot;instant_search/util/log&quot;));n.exports=r(Object,function(e){this._map={},this._MAX_TIME=e||0,this._addTimeMap={}},{_map:null,_MAX_TIME:null,_addTimeMap:null,set:function(e,t){this._addTimeMap[e]=+new Date,this._map[e]=t},get:function(e){return this._clearIfExpired(e),this._map[e]},unset:function(e){delete this._addTimeMap[e],delete this._map[e]},getAll:function(){var e=this;return Object.keys(e._map).filter(e._clearIfExpired.bind(e)).map(function(t){return e._map[t]})},_clearIfExpired:function(e){var t=+new Date;return this._MAX_TIME&amp;amp;&amp;amp;t-this._addTimeMap[e]&amp;gt;this._MAX_TIME?(a.warn(&quot;缓存过期，清除：&quot;,e),this.unset(e),!1):!0}})}),define(&quot;instant_search/EventEmitter&quot;,[&quot;require&quot;,&quot;exports&quot;,&quot;module&quot;,&quot;instant_search/util/derive&quot;,&quot;instant_search/util/hasOwn&quot;],function(e,t,n){&quot;use strict&quot;;var r=e(&quot;instant_search/util/derive&quot;),a=e(&quot;instant_search/util/hasOwn&quot;);n.exports=r(Object,function(){this._listenerMap={}},{_listenerMap:null,on:function(e,t,n){var r,i;r=this._listenerMap,a(r,e)||(r[e]=[]),i=r[e],i.push({callback:t,context:arguments.length&amp;lt;3?this:n})},emit:function(e,t){var n,r,i,s,o,c=!0;if(n=this._listenerMap,!a(n,e))return!0;for(r=n[e],i=r.length,s=0;i&amp;gt;s;s++)o=r[s],c=o.callback.call(o.context,t)===!1?!1:c;return c},off:function(e,t,n){var r=arguments.length;switch(r){case 0:this._listenerMap={};break;case 1:this._listenerMap[e]=null,delete this._listenerMap[e];break;case 2:case 3:default:a(this._listenerMap,e)&amp;amp;&amp;amp;(this._listenerMap[e]=this._listenerMap[e].filter(function(e){return 2==r?e.callback!==t:e.callback!==t||e.context!==n}))}}})}),define(&quot;instant_search/EventFifo&quot;,[&quot;require&quot;,&quot;exports&quot;,&quot;module&quot;,&quot;instant_search/util/derive&quot;,&quot;instant_search/EventEmitter&quot;,&quot;instant_search/util/each&quot;],function(e,t,n){&quot;use strict&quot;;var r=e(&quot;instant_search/util/derive&quot;),a=e(&quot;instant_search/EventEmitter&quot;),i=e(&quot;instant_search/util/each&quot;);n.exports=r(a,function(e){a.call(this),this._initListeners(e),this.reset()},{_eventTarget:null,_listeners:null,_eventBuffer:null,_buffering:!0,_initListeners:function(e){this._listeners={},i(e,function(e){this._listeners[e]=function(t){this._buffering?this._eventBuffer.push({name:e,data:t}):this.emit(e,t)}},this)},reset:function(){null!==this._eventTarget&amp;amp;&amp;amp;null!==this._listeners&amp;amp;&amp;amp;i(this._listeners,function(e,t){this._eventTarget.off(t,e,this)},this),this._eventTarget=null,this._eventBuffer=[],this._buffering=!0},watch:function(e){this.reset(),i(this._listeners,function(t,n){e.on(n,t,this)},this)},flush:function(){for(var e,t,n,r=this._eventBuffer;e=r.length;){for(t=0;e&amp;gt;t;t++)n=r[t],this.emit(n.name,n.data);r.splice(0,e)}this._buffering=!1}})}),define(&quot;instant_search/goSync&quot;,[&quot;require&quot;,&quot;exports&quot;,&quot;module&quot;],function(e,t,n){&quot;use strict&quot;;n.exports=function(e){window.page&amp;amp;&amp;amp;page.search&amp;amp;&amp;amp;page.search.Search&amp;amp;&amp;amp;page.search.Search.trigger(&quot;leave&quot;),location.href=e}}),define(&quot;instant_search/is&quot;,[&quot;require&quot;,&quot;exports&quot;,&quot;module&quot;,&quot;sfr&quot;,&quot;instant_search/Search&quot;,&quot;instant_search/util/derive&quot;,&quot;instant_search/EventEmitter&quot;,&quot;instant_search/urlUtil&quot;,&quot;instant_search/util/log&quot;,&quot;instant_search/util/extend&quot;,&quot;instant_search/goSync&quot;,&quot;instant_search/Adapter&quot;,&quot;instant_search/supportAsync&quot;,&quot;search/environment&quot;,&quot;instant_search/TimeRecorder&quot;],function(e,t,n){&quot;use strict&quot;;var r=e(&quot;sfr&quot;),a=e(&quot;instant_search/Search&quot;),i=e(&quot;instant_search/util/derive&quot;),s=e(&quot;instant_search/EventEmitter&quot;),o=e(&quot;instant_search/urlUtil&quot;),c=e(&quot;instant_search/util/log&quot;),u=e(&quot;instant_search/util/extend&quot;),d=e(&quot;instant_search/goSync&quot;),l=e(&quot;instant_search/Adapter&quot;),h=e(&quot;instant_search/supportAsync&quot;),p=e(&quot;search/environment&quot;),f=new p,m=e(&quot;instant_search/TimeRecorder&quot;),g=new m,_=function(){var e;return function(){if(e||(e=$(&quot;.se-form&quot;),e.length&amp;gt;1&amp;amp;&amp;amp;(e=e.eq(0))),0===e.length)return{};var t={};return e.serializeArray().forEach(function(e){t[e.name]=e.value}),t}}(),v=i(s,function(){var e=this;s.call(e),e._baseTsamp=window.page&amp;amp;&amp;amp;page.comm&amp;amp;&amp;amp;page.comm.t_samp,f.isBaiduboxapp&amp;amp;&amp;amp;(e._baseParam=o.parse(window.location.href),[&quot;word&quot;,&quot;pn&quot;,&quot;rn&quot;,&quot;sa&quot;,&quot;st&quot;,&quot;ts&quot;].forEach(function(t){delete e._baseParam[t]}))},{_searchModule:null,_searchBeforeSf:null,_baseParam:null,_baseTsamp:null,input:function(e,t){if(c.log(&quot;is.input&quot;,e,t),this._inputEnable()){var n=&quot;string&quot;==typeof e?{word:e}:e;t&amp;amp;&amp;amp;(n=u({},_(),n)),this._searchModule&amp;amp;&amp;amp;this._searchModule.input(u({},n,{word:n.word||&quot;&quot;,pn:&quot;&quot;,mod:1,async:1,pre:2,sp:9,isid:this._searchModule.getSessionId(),acid:page&amp;amp;&amp;amp;page.comm&amp;amp;&amp;amp;page.comm.cid||&quot;&quot;}))}},submit:function(e,t){if(c.log(&quot;is.submit&quot;,e,t),t&amp;amp;&amp;amp;(e=u({},_(),e)),e=u({},this._baseParam,e,{acid:page&amp;amp;&amp;amp;page.comm&amp;amp;&amp;amp;page.comm.cid||&quot;&quot;,t_samp:this._baseTsamp}),!h(e))return void d(o.buildSyncUrl(e));e=u({},this._baseParam,e,{mod:0,async:1,isid:this._searchModule&amp;amp;&amp;amp;this._searchModule.getSessionId()||&quot;&quot;});var n=o.buildSearchUrl(e),a=location.pathname.indexOf(&quot;/searchframe&quot;)&amp;gt;-1;try{a?(c.log(&quot;sf.reset to &quot;,n),r.action.reset(n)):(c.log(&quot;sf.redirect to &quot;,n),r.action.redirect(n))}catch(i){window.page&amp;amp;&amp;amp;page.cookie&amp;amp;&amp;amp;page.cookie(&quot;WISEWR&quot;,&quot;21_2&quot;,{expires:3e3})}this._searchBeforeSf={url:n,time:+new Date},this.search(n,!0)},init:function(e,t,n){if(h()){this._searchModule=new a({root:e,container:t,fromSync:n,environment:f,timeRecorder:g});var r=new l({environment:f});r.on(&quot;input&quot;,this.input,this),r.on(&quot;submit&quot;,this.submit,this),r.on(&quot;boxrequest&quot;,function(e){c.log(&quot;update environment&quot;,e),f.update(e)},this)}},attach:function(){c.log(&quot;attach&quot;),this._searchModule&amp;amp;&amp;amp;this._searchModule.attach()},detach:function(){c.log(&quot;detach&quot;),this._searchModule&amp;amp;&amp;amp;this._searchModule.detach()},search:function(e,t){if(g.reset(),g.add(&quot;start&quot;),!t){c.log(&quot;from sf:&quot;,e);var n=this._searchBeforeSf&amp;amp;&amp;amp;o.getSearchSign(this._searchBeforeSf.url)===o.getSearchSign(e),r=this._searchBeforeSf?+new Date-this._searchBeforeSf.time:0;if(this._searchBeforeSf=null,n&amp;amp;&amp;amp;1e3&amp;gt;r)return void c.info(&quot;sf来的冗余调用 &quot;,r)}return this._searchModule?void this._searchModule.search(e):void d(o.toSync(e))},_inputEnable:function(){var e=window.page&amp;amp;&amp;amp;page.comm&amp;amp;&amp;amp;page.comm.tanet,t=window.page&amp;amp;&amp;amp;page.comm&amp;amp;&amp;amp;page.comm.prefetchSwitch,n=window.__sam_async_type,r=f.boxPresid&amp;amp;&amp;amp;f.boxPresid&amp;lt;40&amp;amp;&amp;amp;15!=f.boxPresid&amp;amp;&amp;amp;14!=f.boxPresid;return window.B&amp;amp;&amp;amp;B.comm&amp;amp;&amp;amp;B.comm.sampleval&amp;amp;&amp;amp;&quot;async_new&quot;===B.comm.sampleval.WISE_TPL_COMMON_SAMPLE_FLAG?(c.warn(&quot;is._inputEnable 不发起预测&quot;,&quot;新旧异步打平实验中，暂关闭预测，先打平异步&quot;),!1):t||n||r?!e||4!=e&amp;amp;&amp;amp;2!=e?!0:(c.warn(&quot;is._inputEnable 不发起预测&quot;,&quot;tanet&quot;,e),!1):(c.warn(&quot;is._inputEnable 不发起预测&quot;,&quot;降级开关&quot;),!1)}});n.exports=new v}),define(&quot;instant_search/monitor&quot;,[&quot;require&quot;,&quot;exports&quot;,&quot;module&quot;,&quot;instant_search/goSync&quot;,&quot;instant_search/urlUtil&quot;],function(e,t,n){&quot;use strict&quot;;function r(){return 0==$(&quot;.result,.se-noresult-tips&quot;).length}function a(){return o?o.getReqStatus():s?s.getReqStatus():u+&quot;_&quot;+i}var i,s,o,c,u=1,d=&quot;new_is&quot;,l=e(&quot;instant_search/goSync&quot;),h=e(&quot;instant_search/urlUtil&quot;),p=[],f=[6e3,12e3,14e3],m=[function(){r()&amp;amp;&amp;amp;window.page&amp;amp;&amp;amp;page.webb&amp;amp;&amp;amp;page.webb.exception&amp;amp;&amp;amp;page.webb.exception.trigger(&quot;wiseasync&quot;,{st:&quot;timeoutfirst_2&quot;,requestStatus:a(),group:d,word:&quot;&quot;})},function(){r()&amp;amp;&amp;amp;window.page&amp;amp;&amp;amp;page.webb&amp;amp;&amp;amp;page.webb.exception&amp;amp;&amp;amp;page.webb.exception.trigger(&quot;wiseasync&quot;,{st:&quot;timeoutsec_2&quot;,requestStatus:a(),group:d,word:&quot;&quot;})},function(){r()&amp;amp;&amp;amp;(window.page&amp;amp;&amp;amp;page.cookie&amp;amp;&amp;amp;page.cookie(&quot;WISEWR&quot;,&quot;16_2&quot;,{expires:864e5}),l(h.toSync(c)))}];n.exports={userSearch:function(e){c=e,s=null,o=null,i=0,this._startMonitor()},setPrefetchStream:function(e){s=e,i=1},setRenderStream:function(e){o=e,i=2},searchPageDetach:function(){this._clearMonitor()},searchPageAttach:function(){var e=location.pathname.indexOf(&quot;/searchframe&quot;)&amp;gt;-1;e||this._startMonitor()},_startMonitor:function(){this._clearMonitor();for(var e=0;e&amp;lt;f.length;++e)p[e]=setTimeout(m[e],f[e])},_clearMonitor:function(){for(var e=0;e&amp;lt;f.length;++e)clearTimeout(p[e])}}}),define(&quot;instant_search/ObjectPool&quot;,[&quot;require&quot;,&quot;exports&quot;,&quot;module&quot;,&quot;instant_search/util/derive&quot;,&quot;instant_search/util/unimplementedFunction&quot;,&quot;instant_search/util/emptyFunction&quot;],function(e,t,n){&quot;use strict&quot;;var r=e(&quot;instant_search/util/derive&quot;),a=e(&quot;instant_search/util/unimplementedFunction&quot;),i=e(&quot;instant_search/util/emptyFunction&quot;);n.exports=r(Object,function(e){Object.call(this),this._size=arguments.length&amp;gt;0?Number(e):-1,this._pool=[]},{_pool:null,malloc:function(){var e=this._pool;return e.length?e.pop():this.onCreate()},free:function(e){var t=this._pool;-1===this._size||this._size&amp;gt;t.length?t.push(e):this.onDestroy(e)},clean:function(){for(var e,t,n=this.pool;e=n.length;){for(t=0;e&amp;gt;t;t++)this.onDestroy(n[t]);n.splice(0,e)}},onCreate:a,onDestroy:i})}),define(&quot;instant_search/Parser&quot;,[&quot;require&quot;,&quot;exports&quot;,&quot;module&quot;,&quot;instant_search/util/derive&quot;,&quot;instant_search/EventEmitter&quot;,&quot;instant_search/util/log&quot;,&quot;instant_search/ObjectPool&quot;],function(e,t,n){&quot;use strict&quot;;var r=e(&quot;instant_search/util/derive&quot;),a=e(&quot;instant_search/EventEmitter&quot;),i=e(&quot;instant_search/util/log&quot;),s=e(&quot;instant_search/ObjectPool&quot;),o=decodeURIComponent(&quot;%3C!---async_&quot;),c=decodeURIComponent(&quot;--%3E&quot;),u=decodeURIComponent(&quot;%3C!--/async_&quot;),d=decodeURIComponent(&quot;--%3E&quot;),l=decodeURIComponent(&quot;%3C!--&quot;),h=decodeURIComponent(&quot;--%3E&quot;),p=0,f=1,m=2,g=r(a,function(){a.call(this),this.reset()},{_status:null,_index:0,_input:null,_tagStack:null,_tagInfo:null,reset:function(){this._status=p,this._index=0,this._input=&quot;&quot;,this._tagStack=[],this._tagInfo=null},start:function(){i.log(&quot;parser&quot;,&quot;start&quot;),this.reset(),this.emit(&quot;start&quot;)},update:function(e){if(i.log(&quot;parser&quot;,&quot;update&quot;,e.length),e)for(this._input=e;this._parse(););},end:function(){i.log(&quot;parser&quot;,&quot;end&quot;),this.emit(&quot;end&quot;)},&quot;break&quot;:function(){i.log(&quot;parser&quot;,&quot;break&quot;),this.emit(&quot;fail&quot;)},connectRequest:function(e){var t=this;e.on(&quot;header&quot;,t.start,t),e.on(&quot;update&quot;,t.update,t),e.on(&quot;end&quot;,t.end,t),e.on(&quot;fail&quot;,t.break,t)},_parse:function(){var e,t,n,r=this._index;switch(this._status){case p:if(e=this._find(o,u),!e)return!1;switch(e.value){case o:return this._index=e.index+o.length,this._tagStack.push(this._tagInfo),this._tagInfo={outterStart:e.index},this._status=f,!0;case u:return this._index=e.index+u.length,this._tagInfo.innerEnd=e.index,this._status=m,!0;default:return!1}break;case f:return(e=this._find(c))?(t=this._input.substring(r,e.index),this._index=e.index+c.length,this._tagInfo.tagName=t,this._tagInfo.innerStart=this._index,this._status=p,!0):!1;case m:if(e=this._find(d),!e)return!1;if(t=this._input.substring(r,e.index),t!==this._tagInfo.tagName)throw new Error(&#039;unmatch tag&quot;&#039;+t+&#039;&quot;, expect &quot;&#039;+n+&#039;&quot;&#039;);return this._index=e.index+d.length,this._tagInfo.outterEnd=this._index,this._onBlock(this._tagInfo),this._tagInfo=this._tagStack.pop(),this._status=p,!0;default:return!1}return!1},_find:function(){var e,t,n,r,a=this._index,i=-1,s=!1;for(t=arguments.length,e=0;t&amp;gt;e;e++){if(n=arguments[e],r=this._input.indexOf(n,a),0===r)return{value:n,index:r};r&amp;gt;0&amp;amp;&amp;amp;(-1==i||i&amp;gt;r)&amp;amp;&amp;amp;(i=r,s={value:n,index:r})}return s},_onBlock:function(e){i.log(&quot;parser&quot;,&quot;block&quot;,e.tagName),e.content=this._input.substring(e.innerStart,e.innerEnd),e.id=e.tagName,&quot;status&quot;===e.tagName&amp;amp;&amp;amp;(e.json=this._parseJSONBlock(e.content)),this.emit(&quot;block&quot;,e)},_parseJSONBlock:function(e){var t,n,r;if(t=e.indexOf(l),n=e.lastIndexOf(h),0&amp;gt;t||0&amp;gt;n)return null;if(t+=l.length,t&amp;gt;n)return null;r=e.substring(t,n);try{return JSON.parse(r)}catch(a){try{return new Function(&quot;return &quot;+r+&quot;;&quot;)()}catch(a){return null}}}}),_=new s;_.onCreate=function(){return new g},g.get=function(){return _.malloc()},g.release=function(e){e.reset(),e.off(),_.free(e)},n.exports=g}),define(&quot;instant_search/Prefetch&quot;,[&quot;require&quot;,&quot;exports&quot;,&quot;module&quot;,&quot;instant_search/util/derive&quot;,&quot;instant_search/util/log&quot;,&quot;instant_search/EventEmitter&quot;,&quot;instant_search/Cache&quot;,&quot;instant_search/Request&quot;,&quot;instant_search/Parser&quot;,&quot;instant_search/view/Stream&quot;,&quot;instant_search/urlUtil&quot;],function(e,t,n){&quot;use strict&quot;;var r=e(&quot;instant_search/util/derive&quot;),a=e(&quot;instant_search/util/log&quot;),i=e(&quot;instant_search/EventEmitter&quot;),s=e(&quot;instant_search/Cache&quot;),o=e(&quot;instant_search/Request&quot;),c=e(&quot;instant_search/Parser&quot;),u=e(&quot;instant_search/view/Stream&quot;),d=e(&quot;instant_search/urlUtil&quot;);n.exports=r(i,function(e){i.call(this),this._fetchedStreamCache=new s,this._readyStreamCache=e},{_fetchedStreamCache:null,_readyStreamCache:null,fetch:function(e){var t=this._fetchedStreamCache,n=this._readyStreamCache,r=d.getSearchSign(e);if(this.emit(&quot;beforefetch&quot;)){var i=new o,s=c.get();s.connectRequest(i);var l=new u;return l.bind(s,i),t.set(r,l),l.on(&quot;metaInfo&quot;,function(){a.log(&quot;预取metaInfo到达，加入缓存&quot;,e),n.set(r,l),t.unset(r),l.on(&quot;fail&quot;,function(){a.log(&quot;已加入缓存的预取stream失败，从缓存中取出&quot;),n.unset(r,l)})}),i.get(d.appendParams(e,{mod:0,async:1})),a.log(&#039;发送预取&quot;&#039;+e+&#039;&quot;&#039;),l}}})}),define(&quot;instant_search/Request&quot;,[&quot;require&quot;,&quot;exports&quot;,&quot;module&quot;,&quot;instant_search/util/derive&quot;,&quot;instant_search/util/each&quot;,&quot;instant_search/util/log&quot;,&quot;instant_search/EventEmitter&quot;,&quot;instant_search/util/unimplementedFunction&quot;],function(e,t,n){&quot;use strict&quot;;function r(e){var t=[];return i(e,function(e,n){n=encodeURIComponent(n),e=encodeURIComponent(e),t.push(n+&quot;=&quot;+e)}),t.join(&quot;&amp;amp;&quot;)}var a=e(&quot;instant_search/util/derive&quot;),i=e(&quot;instant_search/util/each&quot;),s=e(&quot;instant_search/util/log&quot;),o=e(&quot;instant_search/EventEmitter&quot;),c=e(&quot;instant_search/util/unimplementedFunction&quot;),u=2,d=3,l=4,h=0,p=10,f=30,m=200,g=&quot;get&quot;,_=&quot;post&quot;,v=a(o,function(){o.call(this)},{_xhr:null,_url:null,abort:function(){null!==this._xhr&amp;amp;&amp;amp;(this._xhr.abort(),this.emit(&quot;abort&quot;))},request:function(e,t,n){var r=this._xhr;null===r&amp;amp;&amp;amp;(r=this._xhr=new XMLHttpRequest,r.onreadystatechange=this._onreadystatechange.bind(this)),this._url=e,r.open(t,e,!0),r.setRequestHeader(&quot;Cache-Control&quot;,&quot;private&quot;),r.setRequestHeader(&quot;Async-Type&quot;,&quot;xml&quot;),r.send(n)},get:function(e,t){var n=r(t);n.length&amp;gt;0&amp;amp;&amp;amp;(e+=(e.indexOf(&quot;?&quot;)&amp;lt;0?&quot;?&quot;:&quot;&amp;amp;&quot;)+n),this.request(e,g,null)},post:c,getUrl:function(){return this._url},getStatus:function(){var e=this._xhr;return e?e.readyState!==l?p:this._isSuccess(e)&amp;amp;&amp;amp;this._resultIsAsyncContent(e)?m:f:h},_onreadystatechange:function(){var e,t=this._xhr;switch(t.readyState){case u:s.log(&quot;request&quot;,&quot;header&quot;),this.emit(&quot;header&quot;,t.getAllResponseHeaders());break;case d:e=t.responseText,null!==e&amp;amp;&amp;amp;(s.log(&quot;request&quot;,&quot;update&quot;,e.length),this.emit(&quot;update&quot;,e));break;case l:this._isSuccess(t)&amp;amp;&amp;amp;this._resultIsAsyncContent(t)?(e=t.responseText,null!==e&amp;amp;&amp;amp;(s.log(&quot;request&quot;,&quot;done&quot;,e.length),this.emit(&quot;update&quot;,e)),this.emit(&quot;end&quot;,e)):(this._isSuccess(t)?this._resultIsAsyncContent(t)||(window.page&amp;amp;&amp;amp;page.cookie&amp;amp;&amp;amp;page.cookie(&quot;WISEWR&quot;,&quot;11_2&quot;,{expires:3e3}),window.page&amp;amp;&amp;amp;page.cookie&amp;amp;&amp;amp;page.cookie(&quot;WISEER&quot;,&quot;1_2&quot;,{expires:3e5})):window.page&amp;amp;&amp;amp;page.cookie&amp;amp;&amp;amp;page.cookie(&quot;WISEWR&quot;,&quot;13_2&quot;,{expires:3e5}),s.log(&quot;request&quot;,&quot;fail&quot;),this.emit(&quot;fail&quot;))}},_isSuccess:function(e){return e.status&amp;gt;=200&amp;amp;&amp;amp;e.status&amp;lt;300||304==e.status},_resultIsAsyncContent:function(e){var t=e.responseText||&quot;&quot;;return t.indexOf(decodeURIComponent(&quot;%3C!---async_&quot;))&amp;gt;-1||t.indexOf(&#039;&amp;lt;template id=&quot;async_&#039;)&amp;gt;-1||t.length&amp;lt;150&amp;amp;&amp;amp;t.indexOf(&#039;&amp;lt;div id=&quot;__status&quot;&amp;gt;&#039;)&amp;gt;-1}});v.GET=g,v.POST=_,v.STATUS_DEFAULT=h,v.STATUS_LOADING=p,v.STATUS_LOAD_ERROR=f,v.STATUS_LOAD_SUCCESS=m,n.exports=v}),define(&quot;instant_search/Search&quot;,[&quot;require&quot;,&quot;exports&quot;,&quot;module&quot;,&quot;instant_search/util/derive&quot;,&quot;instant_search/util/each&quot;,&quot;instant_search/util/slice&quot;,&quot;instant_search/util/log&quot;,&quot;instant_search/EventEmitter&quot;,&quot;instant_search/view/Stream&quot;,&quot;instant_search/Cache&quot;,&quot;instant_search/SessionId&quot;,&quot;instant_search/Suggest&quot;,&quot;instant_search/Prefetch&quot;,&quot;instant_search/view/View&quot;,&quot;instant_search/urlUtil&quot;,&quot;instant_search/util/extend&quot;,&quot;instant_search/goSync&quot;,&quot;instant_search/monitor&quot;],function(e,t,n){&quot;use strict&quot;;var r=e(&quot;instant_search/util/derive&quot;),a=e(&quot;instant_search/util/each&quot;),i=e(&quot;instant_search/util/slice&quot;),s=e(&quot;instant_search/util/log&quot;),o=(e(&quot;instant_search/EventEmitter&quot;),e(&quot;instant_search/view/Stream&quot;),e(&quot;instant_search/Cache&quot;)),c=e(&quot;instant_search/SessionId&quot;),u=e(&quot;instant_search/Suggest&quot;),d=e(&quot;instant_search/Prefetch&quot;),l=e(&quot;instant_search/view/View&quot;),h=e(&quot;instant_search/urlUtil&quot;),p=e(&quot;instant_search/util/extend&quot;),f=e(&quot;instant_search/goSync&quot;),m=e(&quot;instant_search/monitor&quot;),g=18e4;n.exports=r(Object,function(e){var t=this,n=e.environment;Object.call(t),t._cache=new o(g),t._view=new l({root:e.root,container:e.container,fromSync:e.fromSync,timeRecorder:e.timeRecorder}),t._suggest=new u(t._cache),t._prefetch=new d(t._cache),t._environment=e.environment,t._timeRecorder=e.timeRecorder,t._sessionId=new c,t._confirmedSearch=new o,t._searchInfo={_url:null,_time:null,update:function(e){this._time=+new Date,this._url=e},getUrl:function(){return this._url},getUpdateTime:function(){return this._time}},t._view.on(&quot;afterdestroy&quot;,t._sessionId.update,t._sessionId),e.fromSync?t._bindPageStateEvent():t._view.on(&quot;framedone&quot;,t._bindPageStateEvent,t),window.__sam_async_debug?t._updateBoxState({state:&quot;10&quot;}):-1===document.cookie.indexOf(&quot;WISEER=1&quot;)&amp;amp;&amp;amp;(n.isIos?n.deviceVersion&amp;gt;=4?t._updateBoxState({state:&quot;10&quot;}):(16==n.boxPresid||17==n.boxPresid)&amp;amp;&amp;amp;t._updateBoxState({state:&quot;10&quot;}):t._updateBoxState({state:&quot;10&quot;}))},{_suggest:null,_prefetch:null,_view:null,_cache:null,_sessionId:null,_timeRecorder:null,_fastFirstStopper:null,_searchInfo:null,_confirmedSearch:null,_prefetchStream:null,_renderedStream:null,input:function(e){var t=this._getCacheList(this._cache);this._suggest.input(p({clist:t},e))},search:function(e){m.userSearch(e);var t,n,r=this,a=r._cache,i=r._view,o=!1,c=h.parse(e),u=h.getSearchSign(e),d=u===h.getSearchSign(r._searchInfo.getUrl()),l=d&amp;amp;&amp;amp;+new Date-r._searchInfo.getUpdateTime()&amp;lt;500;return s.log(&quot;search: &quot;,e),l?void s.warn(&quot;用户过于频繁发起相同检索，不予响应&quot;):(r._searchInfo.update(e),r._fastFirstStopper&amp;amp;&amp;amp;(r._fastFirstStopper(),r._fastFirstStopper=null,s.log(&quot;search&quot;,&quot;【取消上次fastFirst】&quot;)),d&amp;amp;&amp;amp;(s.warn(&quot;用户再次发起相同的检索，unset已有缓存&quot;),a.unset(u)),(t=a.get(u))?(o=!0,s.log(&quot;命中缓存&quot;),r._goSyncWhenFail(t)):(t=r._suggest.wait(e),n=r._prefetch.fetch(e),r._goSyncWhenFail(n)),i.updateQuery(c.word),r._updateBoxState({state:&quot;20&quot;,url:h.toSync(e)}),r._prefetchStream=n,r._renderedStream=null,m.setPrefetchStream(n),i.destroy(),window.__sam_async_index=!1,void(o?r._render(t):(s.log(&quot;等待双发&quot;),r._fastFirstStopper=r._fastFirstStream(function(e){s.log(&quot;双发命中&quot;+(e===t?&quot;预测&quot;:&quot;预取&quot;)),e===t&amp;amp;&amp;amp;r._goSyncWhenFail(t),r._render(e),r._fastFirstStopper=null},t,n))))},attach:function(){m.searchPageAttach(),this._view.attach()},detach:function(){m.searchPageDetach(),this._view.detach()},getSessionId:function(){return this._sessionId.get()},_fastFirstStream:function(e){var t,n,r,o=i(arguments,1),c=o.length,u=!1,d=function(){u=!0,a(o,function(e){e.off(&quot;metaInfo&quot;,l)}),o=null},l=function(){u||(d(),e(this))};for(t=0;c&amp;gt;t;t++)n=o[t],n.getMetaInfo()&amp;amp;&amp;amp;(r=n),n.on(&quot;metaInfo&quot;,l);return r?(s.error(&quot;fastFirst中直接可用，但前面在缓存中未能捞出~&quot;),l.call(r),null):d},_goSyncWhenFail:function(e){var t=this;e.on(&quot;fail&quot;,function(){var e=h.toSync(t._searchInfo.getUrl());s.error(&quot;stream失败，强跳同步!&quot;,e),window.page&amp;amp;&amp;amp;page.cookie&amp;amp;&amp;amp;(page.cookie(&quot;WISEWR&quot;)||page.cookie(&quot;WISEWR&quot;,&quot;14_2&quot;,{expires:3e3})),t._updateBoxState({state:&quot;50&quot;,url:encodeURIComponent(e)}),f(e)})},_getCacheList:function(e){return e.getAll().map(function(e){return e.getMetaInfo().querysign}).join(&quot;	&quot;)},_updateBoxState:function(e){s.log(&quot;updateBoxState&quot;,e),window.Bdbox&amp;amp;&amp;amp;Bdbox.invokeApp&amp;amp;&amp;amp;(Bdbox.invokeApp.android?Bdbox.invokeApp(&quot;Bdbox_android_searchFrame&quot;,&quot;asyncPageState&quot;,[JSON.stringify(e)]):Bdbox.invokeApp.ios&amp;amp;&amp;amp;Bdbox.invokeApp(&quot;searchFrame&quot;,{action:&quot;asyncPageState&quot;,params:JSON.stringify(e),minver:&quot;7.5.0.0&quot;},&quot;&quot;))},_bindPageStateEvent:function(){var e=this;return window.page&amp;amp;&amp;amp;page.comm&amp;amp;&amp;amp;page.cookie?(page.on(&quot;ready&quot;,function(){e._searchInfo.getUrl()&amp;amp;&amp;amp;e._updateBoxState({state:&quot;30&quot;,url:encodeURIComponent(h.toSync(e._searchInfo.getUrl()))})}),page.on(&quot;load&quot;,function(){e._searchInfo.getUrl()&amp;amp;&amp;amp;e._updateBoxState({state:&quot;40&quot;,url:encodeURIComponent(h.toSync(e._searchInfo.getUrl()))})}),page.on(&quot;init&quot;,function(){if(e._renderedStream){e._setSpeedLogParam();var t=h.parse(e._renderedStream.getUrl());&quot;1&quot;==t.mod&amp;amp;&amp;amp;e._confirmMod1(e._renderedStream)}}),page.on(&quot;afterload&quot;,function(){page.comm.query&amp;amp;&amp;amp;0===$(&quot;.result,.se-noresult-tips&quot;).length?page.cookie(&quot;WISEWR&quot;,&quot;15_2&quot;,{expires:864e5}):page.cookie(&quot;WISEWR&quot;,&quot;&quot;,{expires:-1})}),void(window.__sam_async_debug&amp;amp;&amp;amp;($(&quot;head&quot;).append(&#039;&amp;lt;style class=&quot;.se-debug-style&quot;&amp;gt;.se-debug{color:red;position:fixed;top:40px;font-size:12px;left:0;z-index: 9999;text-align:left;background:rgba(255,255,0,0.9);}&amp;lt;/style&amp;gt;&#039;),$(&quot;body&quot;).prepend(&#039;&amp;lt;div class=&quot;se-debug&quot;&amp;gt;SYNC-ABLE TO SEARCH new-is&amp;lt;/div&amp;gt;&#039;)))):void s.error(&quot;结果页渲染完成但缺少page&quot;)},_render:function(e){this._renderedStream=e,m.setRenderStream(e),this._view.render(e)},_confirmMod1:function(e){var t=e.getUrl(),n=h.parse(t),r=h.getSearchSign(t),a=e.getMetaInfo()||{};return this._confirmedSearch.get(r)?void s.log(&quot;_confirmMod1 已confirm过，故不再重新confirm&quot;):(s.info(&quot;confirm mod1&quot;),n.mod=&quot;2&quot;,n.cqid=a.lid,n.word=a.realword,n.isa=n.sa,n.sa=h.parse(this._searchInfo.getUrl()).sa,$.ajax({url:&quot;/s?&quot;+h.buildSearchQueryString(n)}),void this._confirmedSearch.set(r,!0))},_setSpeedLogParam:function(){var e=h.parse(this._renderedStream.getUrl()),t=h.parse(this._searchInfo.getUrl());window.B&amp;amp;&amp;amp;B.comm&amp;amp;&amp;amp;(B.comm.ps={mod:1==e.mod?2:e.mod},t.ts&amp;amp;&amp;amp;(B.comm.ps.net=this._timeRecorder.get(&quot;head&quot;)-this._timeRecorder.get(&quot;start&quot;)),s.info(&quot;speedlog&quot;,B.comm.ps)),window.__sam_async_debug&amp;amp;&amp;amp;$(&quot;.se-debug&quot;).html((2==B.comm.ps.mod?&quot;PREDICT-new-is&quot;:&quot;ASYNC-new-is&quot;)+&quot;&amp;amp;nbsp;&amp;amp;nbsp;&amp;amp;nbsp;&amp;amp;nbsp;&amp;lt;br&amp;gt;B.comm.ps.net:&quot;+(B.comm.ps.net&amp;gt;0?B.comm.ps.net:0)+&quot;ms&quot;)}})}),define(&quot;instant_search/SessionId&quot;,[&quot;require&quot;,&quot;exports&quot;,&quot;module&quot;,&quot;instant_search/util/derive&quot;],function(e,t,n){&quot;use strict&quot;;var r=e(&quot;instant_search/util/derive&quot;);n.exports=r(Object,function(){this.update()},{_sessionId:&quot;&quot;,get:function(){return this._sessionId},update:function(){this._sessionId=this._randomId()},_randomId:function(){var e=window.page&amp;amp;&amp;amp;page.comm&amp;amp;&amp;amp;page.comm.baiduid||&quot;&quot;,t=window.page&amp;amp;&amp;amp;page.comm&amp;amp;&amp;amp;page.comm.lid||&quot;&quot;;return e.substr(0,6)+t.substr(-5)+e.substr(-5)+parseInt(99999*Math.random())}})}),define(&quot;instant_search/Suggest&quot;,[&quot;require&quot;,&quot;exports&quot;,&quot;module&quot;,&quot;instant_search/util/derive&quot;,&quot;instant_search/EventEmitter&quot;,&quot;instant_search/Cache&quot;,&quot;instant_search/Request&quot;,&quot;instant_search/Parser&quot;,&quot;instant_search/view/Stream&quot;,&quot;instant_search/EventFifo&quot;,&quot;instant_search/util/extend&quot;,&quot;instant_search/util/log&quot;,&quot;instant_search/urlUtil&quot;,&quot;instant_search/SuggestFilter&quot;],function(e,t,n){&quot;use strict&quot;;var r=e(&quot;instant_search/util/derive&quot;),a=e(&quot;instant_search/EventEmitter&quot;),i=e(&quot;instant_search/Cache&quot;),s=e(&quot;instant_search/Request&quot;),o=e(&quot;instant_search/Parser&quot;),c=e(&quot;instant_search/view/Stream&quot;),u=e(&quot;instant_search/EventFifo&quot;),d=(e(&quot;instant_search/util/extend&quot;),e(&quot;instant_search/util/log&quot;)),l=e(&quot;instant_search/urlUtil&quot;),h=e(&quot;instant_search/SuggestFilter&quot;);n.exports=r(a,function(e){a.call(this),this._streamCache=new i,this._readyStreamCache=e,(new h).bindSuggest(this)},{_streamCache:null,_readyStreamCache:null,input:function(e){var t=this,n=e.word||&quot;&quot;,r=l.buildSearchUrl(e);if(t.emit(&quot;beforeinput&quot;,n)){var a=new s,i=o.get();i.connectRequest(a);var c=new u([&quot;start&quot;,&quot;block&quot;,&quot;end&quot;,&quot;fail&quot;]);c.watch(i),i.on(&quot;block&quot;,function(e){if(&quot;status&quot;===e.id){var r=e.json;d.log(&#039;预测结果&quot;&#039;+n+&#039;&quot; -&amp;gt; &quot;&#039;+r.realword+&#039;&quot;&#039;),t._onSuccess(r,c,a)}&quot;sug_predict_err&quot;===e.id&amp;amp;&amp;amp;d.log(&#039;预测失败&quot;&#039;+n+&#039;&quot;&#039;)}),a.get(r),d.log(&#039;发送预测&quot;&#039;+n+&#039;&quot;&#039;)}},_onSuccess:function(e,t,n){var r=e.realword,a=this._getStream(l.buildSearchUrl({word:r}));switch(a.getStatus()){case c.STAT_INIT:case c.STAT_WAITING:a.bind(t,n),t.flush();break;case c.STAT_RECEIVING:break;case c.STAT_FINISHED:}},wait:function(e){return this._getStream(e)},_getStream:function(e){var t=this,n=t._streamCache.get(r),r=l.getSearchSign(e);return n||(n=new c,t._streamCache.set(r,n),n.on(&quot;metaInfo&quot;,function(a){l.normalizeWord(a.realword)!==l.parse(r).word&amp;amp;&amp;amp;d.error(&quot;预测中stream的realword不符合预期!&quot;),d.log(&quot;预测metaInfo到达，加入缓存&quot;,e),t._readyStreamCache.set(r,n),n.on(&quot;fail&quot;,function(){d.log(&quot;已加入缓存的预测stream失败，从缓存中取出&quot;),t._readyStreamCache.unset(r,n)})})),n}})}),define(&quot;instant_search/SuggestFilter&quot;,[&quot;require&quot;,&quot;exports&quot;,&quot;module&quot;,&quot;instant_search/util/derive&quot;,&quot;instant_search/util/log&quot;,&quot;instant_search/Cache&quot;],function(e,t,n){&quot;use strict&quot;;var r=e(&quot;instant_search/util/derive&quot;),a=e(&quot;instant_search/util/log&quot;);e(&quot;instant_search/Cache&quot;),n.exports=r(Object,function(){Object.call(this),this._historyList=[]},{_historyList:null,bindSuggest:function(e){e.on(&quot;beforeinput&quot;,this._beforeInput,this)},_beforeInput:function(e){var t=this._historyList;if(e=e.replace(/\s/gi,&quot;&quot;),!e)return a.warn(&quot;SuggestFilter 不发起预测&quot;,&quot;no prefix&quot;,e),!1;if(-1!==t.indexOf(e))return a.warn(&quot;SuggestFilter 不发起预测&quot;,&quot;之前预测过&quot;),!1;var n=t.length&amp;amp;&amp;amp;t[t.length-1];if(n&amp;amp;&amp;amp;n.indexOf(e)&amp;gt;-1)return a.warn(&quot;SuggestFilter 不发起预测&quot;,&quot;被上个词包含&quot;),!1;var r=&quot;@&quot;===e[0];return r?(a.warn(&quot;SuggestFilter 不发起预测&quot;,&quot;直达号&quot;),!1):encodeURIComponent(e).length&amp;lt;=2?(a.warn(&quot;SuggestFilter 不发起预测&quot;,&quot;少于3个字母&quot;),!1):e.length&amp;gt;14?(a.warn(&quot;SuggestFilter 不发起预测&quot;,&quot;超长&quot;),!1):window.page&amp;amp;&amp;amp;page.comm&amp;amp;&amp;amp;decodeURIComponent(page.comm.query)===e?(a.warn(&quot;SuggestFilter 不发起预测&quot;,&quot;等于当前query&quot;),!1):(t.push(e),this._historyList=t=t.slice(-50),!0)}})}),define(&quot;instant_search/TimeRecorder&quot;,[&quot;require&quot;,&quot;exports&quot;,&quot;module&quot;,&quot;instant_search/util/derive&quot;],function(e,t,n){&quot;use strict&quot;;var r=e(&quot;instant_search/util/derive&quot;);n.exports=r(Object,function(){this.reset()},{_time:null,add:function(e,t){this._time[e]=t||+new Date},get:function(e){return this._time[e]},reset:function(){this._time={}}})}),define(&quot;instant_search/supportAsync&quot;,[&quot;require&quot;,&quot;exports&quot;,&quot;module&quot;],function(e,t,n){&quot;use strict&quot;;var r=&quot;onpopstate&quot;in window;n.exports=function(e){if(!r)return!1;if(e){var t=e.word||&quot;&quot;,n=e.st||&quot;&quot;,a=0===t.indexOf(&quot;@&quot;),i=&quot;b&quot;==n.substring(2,3)||&quot;n&quot;==n.substring(3,4);if(!t||a||i)return!1}return!0}}),define(&quot;instant_search/urlUtil&quot;,[&quot;require&quot;,&quot;exports&quot;,&quot;module&quot;,&quot;instant_search/util/each&quot;],function(e,t,n){&quot;use strict&quot;;var r=e(&quot;instant_search/util/each&quot;),a=[&quot;word&quot;,&quot;pn&quot;,&quot;nojc&quot;,&quot;cl&quot;,&quot;cq&quot;,&quot;srcid&quot;],i=&quot;wd&quot;,s=50,o={},c=[];n.exports={getSearchSign:function(e){var t=this,n=t.parse(e),i=[];return n.pn||(n.pn=&quot;0&quot;),r(a,function(e){var r=n[e]||&quot;&quot;;&quot;word&quot;===e&amp;amp;&amp;amp;(r=t.normalizeWord(r)),i.push(e+&quot;=&quot;+r)}),i.join(&quot;&amp;amp;&quot;)},parse:function(e){if(e=e||&quot;&quot;,o[e])return this._copy(o[e]);var t={},n=e.indexOf(&quot;?&quot;)+1,a=e.slice(n)||&quot;&quot;;return r(a.split(&quot;&amp;amp;&quot;),function(e){var n=e.split(&quot;=&quot;),r=n[0]!==i?n[0]:&quot;word&quot;;try{t[r]=decodeURIComponent((n[1]||&quot;&quot;).replace(/\+/g,&quot; &quot;))}catch(a){}}),o[e]=t,c.push(e),c.length&amp;gt;s&amp;amp;&amp;amp;delete o[c.shift()],this._copy(t)},buildSearchUrl:function(e){return&quot;s?&quot;+this.buildSearchQueryString(e)},buildSyncUrl:function(e){return this.toSync(this.buildSearchUrl(e))},toSync:function(e){return/^(https?:)?\/\/.*\..*/.test(e)?e:(e=e.replace(/^\/(.*\/)?s\?/,&quot;s?&quot;),location.protocol+&quot;//&quot;+location.host+&quot;/&quot;+e.replace(/mod=[0-9]*/,&quot;&quot;).replace(&quot;async=1&quot;,&quot;&quot;))},appendParams:function(e,t){var n,a=this.parse(e),i={};return r(t,function(e,t){a.hasOwnProperty(t)||(i[t]=e)}),n=this.buildSearchQueryString(i),e+(n?&quot;&amp;amp;&quot;+n:&quot;&quot;)},normalizeWord:function(e){return e.toLowerCase().replace(/\s/g,&quot;&quot;)},buildSearchQueryString:function(e){var t=[];return r(e,function(n,r){r&amp;amp;&amp;amp;e.hasOwnProperty(r)&amp;amp;&amp;amp;&quot;&quot;!==e[r]&amp;amp;&amp;amp;t.push(r+&quot;=&quot;+encodeURIComponent(e[r]).replace(/&#039;/g,&quot;%27&quot;))}),t.join(&quot;&amp;amp;&quot;)},_copy:function(e){return JSON.parse(JSON.stringify(e))}}}),define(&quot;instant_search/util/derive&quot;,[&quot;require&quot;,&quot;exports&quot;,&quot;module&quot;,&quot;instant_search/util/isFunction&quot;,&quot;instant_search/util/extend&quot;,&quot;instant_search/util/each&quot;,&quot;instant_search/util/hasOwn&quot;],function(e,t,n){&quot;use strict&quot;;function r(e,t,n){&quot;object&quot;==typeof t&amp;amp;&amp;amp;(n=t,t=i(n,&quot;constructor&quot;)?n.constructor:function(){e.apply(this,arguments)},delete n.constructor);var r,s,o,c,u,d=t;return r=Object.create(e.prototype),n=n||{},c={},a(n,function(e,t){if(s=t.split(&quot; &quot;),1===s.length)r[t]=e;else switch(o=s.shift(),t=s.join(&quot; &quot;),o){case&quot;get&quot;:case&quot;set&quot;:u=c[t]||{},u[o]=e,c[t]=u}}),Object.defineProperties(r,c),d.prototype=r,r.constructor=d,d}var a=(e(&quot;instant_search/util/isFunction&quot;),e(&quot;instant_search/util/extend&quot;),e(&quot;instant_search/util/each&quot;)),i=e(&quot;instant_search/util/hasOwn&quot;);n.exports=r}),define(&quot;instant_search/util/each&quot;,[&quot;require&quot;,&quot;exports&quot;,&quot;module&quot;,&quot;instant_search/util/isFunction&quot;],function(e,t,n){&quot;use strict&quot;;function r(e,t,n){if(e){var r,i=0,s=e.length,o=void 0===s||a(e);if(o){for(r in e)if(t.call(n,e[r],r,e)===!1)break}else for(i=0;s&amp;gt;i&amp;amp;&amp;amp;t.call(n,e[i],i,e)!==!1;i++);return e}}var a=e(&quot;instant_search/util/isFunction&quot;);n.exports=r}),define(&quot;instant_search/util/emptyFunction&quot;,[&quot;require&quot;,&quot;exports&quot;,&quot;module&quot;],function(e,t,n){&quot;use strict&quot;;n.exports=new Function}),define(&quot;instant_search/util/extend&quot;,[&quot;require&quot;,&quot;exports&quot;,&quot;module&quot;,&quot;instant_search/util/hasOwn&quot;],function(e,t,n){&quot;use strict&quot;;function r(e){var t,n,r,i;for(e=e||{},n=arguments.length,t=1;n&amp;gt;t;t++){r=arguments[t];for(i in r)a(r,i)&amp;amp;&amp;amp;(e[i]=r[i])}return e}var a=e(&quot;instant_search/util/hasOwn&quot;);n.exports=r}),define(&quot;instant_search/util/hasOwn&quot;,[&quot;require&quot;,&quot;exports&quot;,&quot;module&quot;],function(e,t,n){&quot;use strict&quot;;var r=Object.prototype.hasOwnProperty;n.exports=function(e,t){return r.call(e,t)}}),define(&quot;instant_search/util/isFunction&quot;,[&quot;require&quot;,&quot;exports&quot;,&quot;module&quot;,&quot;instant_search/util/type&quot;],function(e,t,n){&quot;use strict&quot;;function r(e){return&quot;function&quot;===a(e)}var a=e(&quot;instant_search/util/type&quot;);n.exports=r}),define(&quot;instant_search/util/isPlainObject&quot;,[&quot;require&quot;,&quot;exports&quot;,&quot;module&quot;,&quot;instant_search/util/type&quot;],function(e,t,n){function r(e){return null!=e&amp;amp;&amp;amp;e==e.window}function a(e){return&quot;object&quot;==s(e)}function i(e){return a(e)&amp;amp;&amp;amp;!r(e)&amp;amp;&amp;amp;Object.getPrototypeOf(e)==Object.prototype}var s=e(&quot;instant_search/util/type&quot;);n.exports=i}),define(&quot;instant_search/util/log&quot;,[&quot;require&quot;,&quot;exports&quot;,&quot;module&quot;],function(e,t,n){&quot;use strict&quot;;var r={},a=null,i=window.__sam_async_debug&amp;amp;&amp;amp;window.page&amp;amp;&amp;amp;page.comm&amp;amp;&amp;amp;page.comm.useNewIs,s=i;[&quot;log&quot;,&quot;info&quot;,&quot;error&quot;,&quot;warn&quot;].forEach(function(e){r[e]=function(){if(i&amp;amp;&amp;amp;(console[e].apply(console,arguments),s)){var t=document.createElement(&quot;div&quot;);t.style.cssText=[&quot;color: &quot;+{log:&quot;black&quot;,info:&quot;blue&quot;,error:&quot;red&quot;,warn:&quot;#adad00&quot;}[e]+&quot;;&quot;,&quot;text-align: left;&quot;,&quot;border-bottom: 1px dashed;&quot;].join(&quot;&quot;),t.textContent=[].slice.call(arguments).map(function(e){return JSON.stringify(e)}).join(&quot;, &quot;),a.insertBefore(t,a.childNodes[0])}}}),s&amp;amp;&amp;amp;(a=document.createElement(&quot;div&quot;),a.style.cssText=[&quot;position: fixed;&quot;,&quot;bottom: 100px;&quot;,&quot;left: 0;&quot;,&quot;width: 100%;&quot;,&quot;height: 150px;&quot;,&quot;background-color: rgba(255, 255, 255, 0.8);&quot;,&quot;border-top: 1px solid;&quot;,&quot;border-bottom: 1px solid;&quot;,&quot;border-color: #aaa;&quot;,&quot;z-index: 10;&quot;,&quot;overflow: auto;&quot;].join(&quot;&quot;),document.body.appendChild(a),a.textContent=&quot;is log. fis compile time: __FIS_COMPILE_TIME__&quot;),n.exports=r}),define(&quot;instant_search/util/queueApply&quot;,[&quot;require&quot;,&quot;exports&quot;,&quot;module&quot;],function(e,t,n){&quot;use strict&quot;;function r(e,t,n){var r,s,o;if(a.push([e,t,n]),!i){for(i=!0;r=a.length;){for(s=0;r&amp;gt;s;s++)o=a[s],o[0].apply(o[1],o[2]);a.splice(0,r)}i=!1}}var a=[],i=!1;n.exports=r}),define(&quot;instant_search/util/queueCall&quot;,[&quot;require&quot;,&quot;exports&quot;,&quot;module&quot;,&quot;instant_search/util/queueApply&quot;,&quot;instant_search/util/slice&quot;],function(e,t,n){&quot;use strict&quot;;function r(e,t){return a(e,t,i(arguments,2))}var a=e(&quot;instant_search/util/queueApply&quot;),i=e(&quot;instant_search/util/slice&quot;);n.exports=r}),define(&quot;instant_search/util/slice&quot;,[&quot;require&quot;,&quot;exports&quot;,&quot;module&quot;],function(e,t,n){&quot;use strict&quot;;function r(e,t,n){switch(arguments.length){case 0:return[];case 1:return a.call(e);case 2:return a.call(e,t);default:return a.call(e,t,n)}}var a=Array.prototype.slice;n.exports=r}),define(&quot;instant_search/util/toCamelCase&quot;,[&quot;require&quot;,&quot;exports&quot;,&quot;module&quot;],function(e,t,n){n.exports=function(e,t){var n=e.replace(/-+(.)?/g,function(e,t){return t?t.toUpperCase():&quot;&quot;});return t?n[0].toUpperCase()+n.slice(1):n}}),define(&quot;instant_search/util/trim&quot;,[&quot;require&quot;,&quot;exports&quot;,&quot;module&quot;],function(e,t,n){&quot;use strict&quot;;function r(e){return null==e?&quot;&quot;:String.prototype.trim.call(e)}n.exports=r}),define(&quot;instant_search/util/type&quot;,[&quot;require&quot;,&quot;exports&quot;,&quot;module&quot;],function(e,t,n){&quot;use strict&quot;;function r(e){return null==e?String(e):c[o.call(e)]||&quot;object&quot;}var a,i,s=[&quot;Boolean&quot;,&quot;Number&quot;,&quot;String&quot;,&quot;Function&quot;,&quot;Array&quot;,&quot;Date&quot;,&quot;RegExp&quot;,&quot;Object&quot;],o=Object.prototype.toString,c={};for(a=s.length;a--;)i=s[a],c[&quot;[object &quot;+i+&quot;]&quot;]=i.toLowerCase();n.exports=r}),define(&quot;instant_search/util/unimplementedFunction&quot;,[&quot;require&quot;,&quot;exports&quot;,&quot;module&quot;],function(e,t,n){&quot;use strict&quot;;n.exports=function(){throw new Error(&quot;method is not implemented.&quot;)}}),define(&quot;instant_search/view/Render&quot;,[&quot;require&quot;,&quot;exports&quot;,&quot;module&quot;,&quot;instant_search/util/derive&quot;,&quot;instant_search/EventEmitter&quot;,&quot;instant_search/util/each&quot;,&quot;instant_search/util/slice&quot;,&quot;instant_search/util/log&quot;,&quot;instant_search/util/emptyFunction&quot;],function(e){&quot;use strict&quot;;var t=e(&quot;instant_search/util/derive&quot;),n=e(&quot;instant_search/EventEmitter&quot;),r=(e(&quot;instant_search/util/each&quot;),e(&quot;instant_search/util/slice&quot;)),a=e(&quot;instant_search/util/log&quot;),i=e(&quot;instant_search/util/emptyFunction&quot;);return t(n,function(e){n.call(this),this._timeRecorder=e},{_rendering:!1,_pageWrapperContent:&quot;&quot;,_headJsContent:&quot;&quot;,_renderingStream:null,render:function(e,t){var n=this;t=t||i,n._rendering=!0,n._renderingStream=e.stream,n._renderingStream.read(function(r){n._processAction(r,e,function(){n._rendering=!1,n._renderingStream=null,t()})})},cancelRender:function(){this._renderingStream&amp;amp;&amp;amp;this._renderingStream.cancelRead(),this._rendering=!1,this._renderingStream=null},_processAction:function(e,t,n){var r,s,o=this,c=window.B&amp;amp;&amp;amp;B.search&amp;amp;&amp;amp;B.search.Search||{trigger:i,one:i};switch(e.type){case&quot;start&quot;:c.trigger(&quot;start&quot;);break;case&quot;block&quot;:r=e.data,a.log(&quot;render.block&quot;,&quot;start&quot;,r.id),o._processBlock(r,t.root,t.renderFrame,t.insertPoint),a.log(&quot;render.block&quot;,&quot;end&quot;,r.id);break;case&quot;end&quot;:a.log(&quot;render.end, dispatch event&quot;),c.trigger(&quot;ready&quot;),c.trigger(&quot;init&quot;),$(&quot;img[data-imagedelaysrc]&quot;).not(&#039;[data-imageinvisible=&quot;1&quot;]&#039;).imageDelayload(),c.trigger(&quot;load&quot;),c.trigger(&quot;DOMContentLoaded&quot;),$(&quot;.se-bn&quot;).blur(),s=t.stream.getMetaInfo()&amp;amp;&amp;amp;t.stream.getMetaInfo().realword||&quot;&quot;,window.Bdbox&amp;amp;&amp;amp;Bdbox.updateKeyword&amp;amp;&amp;amp;Bdbox.updateKeyword(s,!0),s||a.error(&quot;Bdbox.updateKeyword 未取到realword!&quot;),a.log(&quot;render.end, before end callback&quot;),n()}},_processBlock:function(e,t,n,r){switch(e.id){case&quot;status&quot;:this._timeRecorder.add(&quot;head&quot;);break;case&quot;sug_predict_err&quot;:break;case&quot;head_js0&quot;:case&quot;head_js1&quot;:case&quot;head_js2&quot;:this._headJsContent+=e.content;break;case&quot;head_js3&quot;:this._headJsContent+=e.content,n?this._pageWrapperContent+=this._headJsContent:this._appendHTML(t,this._headJsContent),this._headJsContent=&quot;&quot;;break;case&quot;frame&quot;:n&amp;amp;&amp;amp;this._appendHTML(t,e.content);break;case&quot;frame_pagewrapper&quot;:n&amp;amp;&amp;amp;(this._pageWrapperContent+=e.content);break;case&quot;page_variable&quot;:n?this._pageWrapperContent+=e.content:this._appendHTML(t,e.content);break;case&quot;page_pre&quot;:n?this._pageWrapperContent+=e.content:this._appendHTML(t,e.content,r);break;case&quot;new_tablink&quot;:$(&quot;.se-head-tablink&quot;).remove(),n?this._pageWrapperContent+=e.content:this._appendHTML(document.querySelector(&quot;.se-page-hd-content&quot;),e.content);break;case&quot;page_bd&quot;:n?this._pageWrapperContent+=e.content:(this._appendHTML(t,e.content,r),this._afterRenderPageBd(t));break;case&quot;frame_pagewrapper_end&quot;:n&amp;amp;&amp;amp;(this._pageWrapperContent+=e.content,this._appendHTML(t,this._pageWrapperContent),this._afterRenderPageBd(t),this._pageWrapperContent=&quot;&quot;);break;case&quot;foot_js0&quot;:case&quot;foot_js1&quot;:case&quot;foot_js2&quot;:this._appendHTML(t,e.content)}},_appendHTML:function(e,t,n){var a=document.createElement(&quot;DIV&quot;);a.innerHTML=t;var i,s=r(a.getElementsByTagName(&quot;script&quot;));if(n)for(e=n.parentNode;a.firstChild;)e.insertBefore(a.firstChild,n);else for(;a.firstChild;)e.appendChild(a.firstChild);for(var o=0;o&amp;lt;s.length;++o)i=s[o].innerHTML,this._executeScript(i)},_executeScript:function(e){var t;try{t=new Function(e),t.call(null)}catch(n){setTimeout(function(){throw n},0)}},_applyStyle:function(e,t){var n=document.createElement(&quot;STYLE&quot;),r=document.createTextNode(t);n.appendChild(r),e.appendChild(n)},_afterRenderPageBd:function(e){var t=document.querySelector(&quot;.se-page-ft&quot;),n=document.querySelector(&quot;.se-page-copyright&quot;),r=e.querySelector(&quot;.result-loading&quot;);r&amp;amp;&amp;amp;(r.style.display=&quot;none&quot;),t&amp;amp;&amp;amp;(t.style.visibility=&quot;visible&quot;),n&amp;amp;&amp;amp;(n.style.visibility=&quot;visible&quot;)}})}),define(&quot;instant_search/view/Stream&quot;,[&quot;require&quot;,&quot;exports&quot;,&quot;module&quot;,&quot;instant_search/util/derive&quot;,&quot;instant_search/EventEmitter&quot;,&quot;instant_search/util/each&quot;,&quot;instant_search/util/log&quot;,&quot;instant_search/util/emptyFunction&quot;,&quot;instant_search/Request&quot;],function(e){&quot;use strict&quot;;var t=e(&quot;instant_search/util/derive&quot;),n=e(&quot;instant_search/EventEmitter&quot;),r=e(&quot;instant_search/util/each&quot;),a=e(&quot;instant_search/util/log&quot;),i=e(&quot;instant_search/util/emptyFunction&quot;),s=e(&quot;instant_search/Request&quot;),o=0,c=1,u=2,d=3,l=t(n,function(e){n.call(this),this._request=e,this._buffer=[]},{_request:null,_status:o,_processCallback:i,_buffer:null,_source:null,_metaInfo:null,_req:null,getStatus:function(){return this._status},getMetaInfo:function(){return this._metaInfo},getUrl:function(){return this._req&amp;amp;&amp;amp;this._req.getUrl()},getReqStatus:function(){return this._req?this._req.getStatus():s.STATUS_DEFAULT},bind:function(e,t){this.unbind(),this._status=c,this._req=t,e.on(&quot;start&quot;,this._onStart,this),e.on(&quot;block&quot;,this._onBlock,this),e.on(&quot;end&quot;,this._onEnd,this),e.on(&quot;fail&quot;,this._onFail,this)},unbind:function(){null!==this._source&amp;amp;&amp;amp;(this._source.off(&quot;start&quot;,this._onStart,this),this._source.off(&quot;block&quot;,this._onBlock,this),this._source.off(&quot;end&quot;,this._onEnd,this)),this._status=o},read:function(e){this._processCallback=e,this._replay()},cancelRead:function(){this._processCallback=i},_onStart:function(){a.log(&quot;stream&quot;,&quot;start&quot;),this._status===c&amp;amp;&amp;amp;(this._status=u);var e={type:&quot;start&quot;};this._buffer.push(e),this._processCallback(e)},_onBlock:function(e){a.log(&quot;stream&quot;,&quot;block&quot;,e.id);var t={type:&quot;block&quot;,data:e};this._buffer.push(t),this._processCallback(t),&quot;status&quot;===e.id&amp;amp;&amp;amp;(this._metaInfo=e.json,this.emit(&quot;metaInfo&quot;,e.json))},_onEnd:function(){a.log(&quot;stream&quot;,&quot;end&quot;),this._status===u&amp;amp;&amp;amp;(this._status=d);var e={type:&quot;end&quot;};this._buffer.push(e),this._processCallback(e),this.emit(&quot;finish&quot;)},_onFail:function(){a.log(&quot;stream&quot;,&quot;fail&quot;),this.emit(&quot;fail&quot;)},_replay:function(){r(this._buffer,function(e){this._processCallback(e)},this)},stringify:function(){return JSON.stringify({})}});return l.STAT_INIT=o,l.STAT_WAITING=c,l.STAT_RECEIVING=u,l.STAT_FINISHED=d,l}),define(&quot;instant_search/view/View&quot;,[&quot;require&quot;,&quot;exports&quot;,&quot;module&quot;,&quot;instant_search/util/derive&quot;,&quot;instant_search/EventEmitter&quot;,&quot;instant_search/util/each&quot;,&quot;instant_search/util/log&quot;,&quot;instant_search/view/Render&quot;,&quot;instant_search/util/emptyFunction&quot;],function(e){&quot;use strict&quot;;var t=e(&quot;instant_search/util/derive&quot;),n=e(&quot;instant_search/EventEmitter&quot;),r=(e(&quot;instant_search/util/each&quot;),e(&quot;instant_search/util/log&quot;)),a=e(&quot;instant_search/view/Render&quot;),i=e(&quot;instant_search/util/emptyFunction&quot;),s=0,o=1,c=2;return t(n,function(e){n.call(this),this._render=new a(e.timeRecorder),this._root=e.root,this._container=e.container,e.fromSync&amp;amp;&amp;amp;this._markFrameDone(),this._afterFrameDone={needDestroy:!1,needRender:!1,renderedStream:null}},{_render:null,_root:null,_container:null,_afterFrameDone:null,_rendering:!1,_frameStatus:s,_insertPoint:null,_lastRenderCanceled:!1,_lastQuery:null,render:function(e){var t=this;switch(t._lastRenderCanceled=!1,t._frameStatus){case s:r.log(&quot;render&quot;,&quot;渲染框架+结果&quot;),t._rendering=!0,t._frameStatus=o,t._render.render({renderFrame:!0,stream:e,root:t._root,insertPoint:t._insertPoint},function(){r.log(&quot;render&quot;,&quot;框架渲染完成&quot;),t._rendering=!1,t._markFrameDone(),t._afterFrameDone.needDestroy&amp;amp;&amp;amp;(r.log(&quot;render&quot;,&quot;框架渲染完，补destroy&quot;),t.destroy()),t._afterFrameDone.needRender&amp;amp;&amp;amp;(r.log(&quot;render&quot;,&quot;框架渲染完，补render&quot;),t.render(t._afterFrameDone.renderedStream))});break;case c:r.log(&quot;render&quot;,&quot;渲染结果&quot;),t._rendering=!0,t._render.render({renderFrame:!1,stream:e,root:t._root,insertPoint:t._insertPoint},function(){r.log(&quot;render&quot;,&quot;内容渲染完成&quot;),t._rendering=!1,t._lastRenderCanceled&amp;amp;&amp;amp;r.error(&quot;renderCanceled, but finished still&quot;)});break;case o:r.log(&quot;render&quot;,&quot;框架渲染中，等待其完成后进行渲染&quot;),t._afterFrameDone.needRender=!0,t._afterFrameDone.renderedStream=e}},destroy:function(){switch(this._frameStatus){case s:r.log(&quot;destroy&quot;,&quot;无框架，无效destroy&quot;);break;case c:r.log(&quot;destroy&quot;,&quot;destroy&quot;),this._rendering&amp;amp;&amp;amp;(r.log(&quot;destroy&quot;,&quot;【取消上次未完成的render】&quot;),this._render.cancelRender(),this._rendering=!1,this._lastRenderCanceled=!0),this._destroyResults();break;case o:r.log(&quot;destroy&quot;,&quot;【框架渲染中，待其完成后进行destroy】&quot;),this._afterFrameDone.needDestroy=!0,this._afterFrameDone.needRender=!1,this._afterFrameDone.renderedStream=null}},updateQuery:function(e){e!==this._lastQuery&amp;amp;&amp;amp;(this._lastQuery=e,document.title=e?e+&quot; - 百度&quot;:&quot;百度一下&quot;,this._frameStatus===c&amp;amp;&amp;amp;(window.page&amp;amp;&amp;amp;page.comm&amp;amp;&amp;amp;(page.comm.query=encodeURIComponent(e)),$(&quot;.se-input&quot;).val(e),e&amp;amp;&amp;amp;$(&quot;a.h-tab, .more-links&amp;gt;a&quot;).forEach(function(t){var n,r=t.getAttribute(&quot;href&quot;),a=/([?&amp;amp;]word=|[?&amp;amp;]kw=|[?&amp;amp;]w=|[?&amp;amp;]search-|[?&amp;amp;]key=|[?&amp;amp;]s=s%26wd%3D|#search\/|#search=)(.*?)(&amp;amp;|$)/i,i=&quot;地图&quot;===t.innerText.trim();r&amp;amp;&amp;amp;(t.setAttribute(&quot;href&quot;,r.replace(a,&quot;$1&quot;+encodeURIComponent(e)+&quot;$3&quot;)),i&amp;amp;&amp;amp;(n=t.getAttribute(&quot;data-schema&quot;),t.setAttribute(&quot;data-schema&quot;,n.replace(/([?&amp;amp;]query=)(.*?)(&amp;amp;|$)/,&quot;$1&quot;+encodeURIComponent(e)+&quot;$3&quot;))))})))},attach:function(){this._container.appendChild(this._root)},detach:function(){this._container.removeChild(this._root)},_destroyResults:function(){var e=this,t=window.page&amp;amp;&amp;amp;page.search&amp;amp;&amp;amp;page.search.Search||{trigger:i,one:i,restoreEvent:i};t.trigger(&quot;stop&quot;),e._destroyDom(),t.trigger(&quot;destroy&quot;),t.one(&quot;afterdestroy&quot;,function(){t.restoreEvent(),e.emit(&quot;afterdestroy&quot;)})},_destroyDom:function(){var e;(new Date).getTime(),$(&quot;.se-input&quot;).trigger(&quot;blur&quot;),$(&quot;.se-page-tips,.results,.se-relativewords&quot;).empty(),$(&quot;#search-btm-zone,.se-pagenav&quot;).hide();var t=document.querySelector(&quot;.se-page-ft&quot;),n=document.querySelector(&quot;.se-page-copyright&quot;),r=document.querySelector(&quot;.se-foot-blank&quot;);t&amp;amp;&amp;amp;(t.style.display=&quot;&quot;,t.style.visibility=&quot;hidden&quot;),n&amp;amp;&amp;amp;(n.style.display=&quot;&quot;,n.style.visibility=&quot;hidden&quot;),r&amp;amp;&amp;amp;(r.style.display=&quot;&quot;),$(&quot;.result-loading&quot;).show(),$(&quot;.se-page-hd&quot;).css({visibility:&quot;visible&quot;}),$(&quot;.se-foot-blank~*&quot;).remove(),$(&quot;.search-page~div&quot;).remove(),$(&quot;.se-page-bd,.se-page-pre-style,.se-common-base,.se-async-js&quot;).remove(),$(&quot;head&amp;gt;script:not(.code-to-write)&quot;).remove(),$(&quot;body&amp;gt;script:not([data-key])&quot;).remove(),$(&quot;body&amp;gt;style:not([data-key])&quot;).remove(),$(&quot;.se-zbios-hide,#searchwordtobox&quot;).remove(),e=(new Date).getTime()},_markFrameDone:function(){this._frameStatus=c,this._insertPoint=this._root.querySelector(&quot;.se-page-ft&quot;),this.emit(&quot;framedone&quot;)}})}),!function(){var e=window.B||{};if(&quot;undefined&quot;==typeof e.prefetch){var t=0,n=!1;e.prefetch=function(){var r=function(){var e=0,t=1,n=-1,r=function(e){return e},a=function(t,n){$.isFunction(t)||(t=r),$.isFunction(n)||(n=r);var a=this;a.ok=t,a.ng=n,a._nexts=[],a.state=e};return a.prototype={_addOK:function(e){add(this,this.oks,e,this.args,t)},_addNG:function(e){add(this,this.ngs,e,this.errs,n)},_pushOrFire:function(e){var r=this,a=e.promise,i=e.ok,s=e.ng;r.state==t?r._fireNextOK(a,i):r.state==n?r._fireNextNG(a,s):r._nexts.push(e)},_fireNextOK:function(e,t){var n=this,r=t.call(e,n.okResult);r instanceof a?r.then(function(t){e.resolve(t)},function(t){e.reject(t)}):e.resolve(r)},_fireNextNG:function(e,t){var n=this,r=t.call(e,n.ngResult);r instanceof a?r.then(function(t){e.resolve(t)},function(t){e.reject(t)}):e.reject(r)},then:function(e,t){var n=this,i=new a;return $.isFunction(e)||(e=r),$.isFunction(t)||(t=r),n._pushOrFire({promise:i,ok:e,ng:t}),i},resolve:function(n){var r=this,a=r._nexts;if(r.state==e){for(r.state=t,r.okResult=r.ok.call(r,n);a.length&amp;gt;0;)r._pushOrFire(a.shift());return r}},reject:function(t){var r=this,a=r._nexts;if(r.state==e){for(r.state=n,r.ngResult=r.ng.call(r,t);a.length&amp;gt;0;)r._pushOrFire(a.shift());return r}},delay:function(e){return this.then(function(t){var n=new a;return setTimeout(function(){n.resolve(t)},e),n})}},a.when=function(e,t,n){return e.then(t,n)},a.now=(new a).resolve(),a}(),a=$(&quot;#commonBase&quot;),i=1,s=2,o=-1,c=-2,u=function(){return(new Date).getTime()},d={cache:{},events:$(&quot;&amp;lt;div &amp;gt;&amp;lt;/div&amp;gt;&quot;),cacheLife:2e4,isid:a.attr(&quot;data-logid&quot;),buildSearchUrl:function(t,n){var r=e.comm.prepath,i=&quot;/s?word=&quot;+encodeURIComponent(t)+&quot;&amp;amp;ie=utf-8&amp;amp;tn=iphone&amp;amp;rn=10&amp;amp;wpo=base&amp;amp;&quot;+r.replace(/#/g,&quot;&amp;amp;&quot;);for(var s in n){var o=n[s];i+=&quot;&amp;amp;&quot;+s+&quot;=&quot;+o}var c=a.data(&quot;ss&quot;);return c&amp;amp;&amp;amp;&quot;0&quot;!==c&amp;amp;&amp;amp;&quot;00&quot;!==c&amp;amp;&amp;amp;(i+=&quot;&amp;amp;ss=&quot;+c),i},buildSearchParams:function(t,n){var r={},i=u().toString();return r.ts=i.substr(-7),&quot;from pu st sa rq dit ms&quot;.split(&quot; &quot;).forEach(function(t){if(&quot;from&quot;==t||&quot;sa&quot;==t||&quot;ms&quot;==t)var n=e.comm[t];else var n=a.attr(&quot;data-&quot;+t);n&amp;amp;&amp;amp;&quot;0&quot;!==n&amp;amp;&amp;amp;&quot;00&quot;!==n&amp;amp;&amp;amp;(r[t]=n)}),r.mod=1,r.isid=d.isid,r=$.extend(r,n)},onPrefetchFailed:function(e,t){delete d.cache[e],t.promise.reject(t)},prefetchWord:function(e){var t,n=e.word,a=d.buildSearchUrl(n,e.params),l=d.getCacheObj(n);if(l&amp;amp;&amp;amp;(l.status===s||l.status===i))return l;&quot;jsonp&quot;===e.type?(a+=&quot;&amp;amp;callback=?&quot;,t=&quot;jsonp&quot;):&quot;ajax&quot;===e.type&amp;amp;&amp;amp;(t=&quot;json&quot;),l=d.cache[n]={promise:new r,word:n,item:e,status:i,timestamp:u()},l.promise.cacheObj=l;var h=$.ajax({url:a,dataType:t,timeout:3e4,beforeSend:function(){d.events.trigger(&quot;beforeSend&quot;,e)},success:function(e){return e&amp;amp;&amp;amp;e.status&amp;gt;=0?(l.successTimestamp=u(),l.status=s,l.data=e,void l.promise.resolve(l)):d.onPrefetchFailed(n,l)},error:function(e,t){l.status!==s&amp;amp;&amp;amp;(l.status=&quot;abort&quot;===t?c:o,d.onPrefetchFailed(n,l))}});return l.xhr=h,l},abortCurrentRequests:function(e){var t=u();for(var n in d.cache){for(var r=!1,a=d.cache[n],o=0,c=e.length;c&amp;gt;o;++o){var l=e[o];if(l.word===n&amp;amp;&amp;amp;(a.status===s||a.status===i)&amp;amp;&amp;amp;t-a.timestamp&amp;lt;d.cacheLife){r=!0;break}}r||(a.status===i&amp;amp;&amp;amp;a.xhr.abort(),delete d.cache[n])}},prefetchWords:function(e){0!=e.length&amp;amp;&amp;amp;(e.forEach(function(){}),clearTimeout(n),n=setTimeout(function(){d.abortCurrentRequests(e),e.forEach(d.prefetchWord)},t))},getCacheStatus:function(e){if(!e)return 0;if(&quot;string&quot;==typeof e&amp;amp;&amp;amp;(e=d.cache[e]),!e)return 0;if(!e.data)return 0;if(!e.data.html)return 0;if(!e.data.html.Html_copyright)return 0;if(!e.data.html.Ala_Script)return 0;if(!e.data.html.cooder_js_top&amp;amp;&amp;amp;!e.data.lscode)return 0;var t=u();if(t-e.timestamp&amp;lt;d.cacheLife){var n=e.status;return n===s?e.data.html.cooder_js_top?4:2:n===i?1:0}return 0},getCacheObj:function(e){return d.cache[e]||!1},search:function(e,t,n){d.abortCurrentRequests([e]);var r=e.word,a=d.cache[r],i=0;return a&amp;amp;&amp;amp;a.status!==o&amp;amp;&amp;amp;a.status!==c?i=a.status===s?2:1:(e.params.mod=0,a=d.prefetchWord(e),i=0),a.cacheStatus=i,a.searchTimestamp=u(),a.promise.then(function(){setTimeout(function(){t(a.data),u()},0)},n),a},confirm:function(e){var t=d.buildSearchUrl(e.word,$.extend({},e.item.params,{mod:2,chk:e.data.chk,cqid:e.data.logid,rsv_iqid:e.data.logid}));$.ajax({url:t,dataType:&quot;ajax&quot;,timeout:3e4,success:function(){},error:function(){},complete:function(){delete d.cache[e.word]}})}};return d}()}}(),define(&quot;modules/invoke/app/android&quot;,[&quot;require&quot;,&quot;base/etpl/bdetpl&quot;],function(e){var t=e(&quot;base/etpl/bdetpl&quot;);return function(e){e.invoke=function(e){if(-1!==[&quot;qrcode&quot;,&quot;voice&quot;,&quot;index&quot;,&quot;#Intent;&quot;].indexOf(e)){var t=window.page.comm.browserid,n=window.page.comm.browserversion,r=[t,n].join(&quot;|&quot;),a=&quot;&quot;;if(&quot;qrcode&quot;===e){var i=[&quot;#Intent&quot;,&quot;launchFlags=0x20000&quot;,&quot;component=com.baidu.searchbox/.CodeScannerActivity&quot;,&quot;S.referer=&quot;+encodeURIComponent(location.href),&quot;S.source_app=&quot;+encodeURIComponent(r),&quot;end&quot;].join(&quot;;&quot;);a=[&quot;#Intent;action=com.baidu.searchbox.plugin.action.INVOKE&quot;,&quot;S.package_name=com.baidu.searchbox.godeye&quot;,&quot;S.method_name=imageSearch&quot;,&quot;S.params=&quot;+JSON.stringify({intent:i}),&quot;end&quot;].join(&quot;;&quot;)}else&quot;voice&quot;===e&amp;amp;&amp;amp;(a=[&quot;intent:#Intent&quot;,&quot;package=com.baidu.searchbox&quot;,&quot;action=com.baidu.searchbox.action.VOICESEARCH&quot;,&quot;category=android.intent.category.DEFAULT&quot;,&quot;S.search_source=api_mbaiducom_voice&quot;,&quot;end&quot;].join(&quot;;&quot;));return{intent:a,mcmdf:&quot;inapp_boxserver&quot;}}},e.downloadPannel=function(e){var n=new $.Deferred,r=&quot;让您不用打字，说话就能搜索&quot;,a=&quot;https://downpack.baidu.com/baidusearch_AndroidPhone_1001608l.apk&quot;;&quot;qrcode&quot;===e&amp;amp;&amp;amp;(r=&quot;让您扫一扫二维码/条形码就能搜索&quot;,a=&quot;https://downpack.baidu.com/baidusearch_AndroidPhone_1001608m.apk&quot;);var i=&#039;&amp;lt;div id=&quot;J_SpeakerMask&quot;&amp;gt;\n    &amp;lt;style&amp;gt;\n        #J_SpeakerMask {\n            width: 100%;\n            background: rgba(0, 0, 0, 0.3);\n            position: fixed;\n            z-index: 90;\n            top: 0;\n            left: 0;\n            height: ${maskHeight};\n        }\n        #J_SpeakerPopup {\n            width: 290px;\n            height: auto;\n            background-color: white;\n            position: fixed;\n            top: 50%;\n            left: 50%;\n            margin-top: -100px;\n            margin-left: -145px;\n            z-index: 99;\n            text-align: left;\n            -webkit-border-radius: 2px;\n        }\n        #J_SpeakerPopup .j-tip-text-1 {\n            color:#262626;\n            font-size: 15px;\n            line-height: normal;\n            font-family: bold;\n            padding: 20px 0px 7px 16px; \n        }\n        #J_SpeakerDownload {\n            display: inline-block;\n            text-decoration: none;\n            width: 148px;\n            background-color: #9AC4FF;\n            border:1px solid #7da9f2;\n            color:#fff;\n            text-align: center;\n            box-sizing: border-box;\n        }\n        #J_SpeakerPopup .j-tip-text-2 {\n            font-size: 15px;\n            padding: 0px 16px 10px;\n            color:#2A8DE8;\n        }\n        #J_SpeakerPopup .j-tip-text-3 {\n            margin-top: 4px;\n            font-size: 13px;\n            padding: 0px 16px 22px;\n            height: 30px;\n            line-height: 29px;\n        }\n        #J_SpeakerPopup .j-tip-text-4 {\n            display: inline-block;\n            vertical-align: middle;\n            margin-right: 5px;\n            width: 11px;\n            height: 16px;\n            background-repeat: no-repeat;\n            background-image: url(data:image/png;base64,iVBORw0KGgoAAAANSUhEUgAAABYAAAAaCAYAAACzdqxAAAAAGXRFWHRTb2Z0d2FyZQBBZG9iZSBJbWFnZVJlYWR5ccllPAAAANlJREFUeNpi/P//PwNNAMhgAvjwf0xwmJA+RgIu5gfiDzjkBID4Iy6NowaPGow9HVf/pz5YAXKxFtD8Y1DXUQN8AWJnWE6xBOJvVHDpTyB2AgcvUjb0hkqQC/4AcQjMPPQ8HkWBwWnIZmErQDLJMLQC3RxcpVMjCYb2YjMDX9E3jQhDl+LST6gsXorH0I1AzEyuwWxAvAWLoQeAmBOfXmJqEJABJ5EMvQTE/JTWIMhlxgEg5gRiWyB+TUgDIwmVKchQZmiWZaCmwSQBkMH/h5zB36DhR1UAEGAAJuqUH+G98EYAAAAASUVORK5CYII=);\n            background-size: 11px 11px;\n            -webkit-background-size: 11px 11px;\n        }\n        #J_SpeakerPopup .j-tip-text-5 {\n            display: inline-block;\n            text-decoration: none;\n            color: #888;\n            text-align: center;\n        }\n        #J_SpeakerPopup .j-tip-text-6 {\n            display: inline-block;\n            padding-left: 14px;\n        }\n        #J_SpeakerPopup .j-tip-text-7 {\n            display: inline-block;\n            width: 7px;\n            height: 10px;\n            margin-left: 5px;\n            background-repeat: no-repeat;\n            background-image: url(data:image/png;base64,iVBORw0KGgoAAAANSUhEUgAAAA4AAAAUCAYAAAC9BQwsAAAAGXRFWHRTb2Z0d2FyZQBBZG9iZSBJbWFnZVJlYWR5ccllPAAAASJJREFUeNpi/P//PwM5gAVE3Lx5E0QxAvE8IN4IxBvwaVJXV2dggrJBmqYDcQIQrwRid0I2wjT2AHE6lM0GxOuA2J4YjR/RxLmAeBMQmxPS2ATE7WhyfEC8A4j18WkEgSog7keTFwDi3UCsiU8jCBQD8TQ0MVEg3gXEKvg0giI1BxotyEAGarMMLo0wzWlAvARNXAGI9wGxGC6NIPAXiLOA+AOauCo0nnFqBMXlGmjgIANQtJXj0sgKxKuA2A1N/BsQ+wLxKWwamYF4ERD7o4n/AuIAID6MLXBA6XUWEEdg0RQKDVWs0TERiJOwBFI8NPlhTQCtQJyLI1pW4Etyj6EKkUE+loSAoXEGVCFMcyUQTyZYAkDBZGioCgNxB6GMDBBgACgnNUyMEDKwAAAAAElFTkSuQmCC);\n            background-size: 7px 10px;\n            -webkit-background-size: 7px 10px;\n        }\n        #J_SpeakerPopup .j-tip-text-8 {\n            position: absolute;\n            right: 0px;\n            top: 0px;\n            width: 50px;\n            height: 50px;\n            background-image: url(data:image/png;base64,iVBORw0KGgoAAAANSUhEUgAAAB4AAAAeCAYAAAA7MK6iAAAAGXRFWHRTb2Z0d2FyZQBBZG9iZSBJbWFnZVJlYWR5ccllPAAAASVJREFUeNrE17EKgzAQBmB79CGcAk4+RaGLfYxOvpTg1Meoi9CnyCQ4+RKFRrhICEbvLgcN3GCT/F+HeMFL13XFPwZEz6WrtyujaBjMLFPwOjG6alx9lHCDWQ1mlzHs0TraYBRQn1GHuIdfAVoo4Km9NVob3LqaGQEStECjDeH1h5sCfoZuBqQmBDgZ3XudpDgL3YMlOBtNwRxchB7BVHyUoGcwBa8kKAUmB3HXArEpUAI5f5AM+/EVzolhgwepOlhTcdorKKHs9grEoNTpFfd2yOi995zeDhnolHOxgLDhT7kXC+TeMlIcFFARDkooG/dwr4BS8T6En66sAnq216K1wQu+IlYBTeEWjSU+XB4fFNAYH0J0Hddo4TrxUP4+m/cyfwIMAIRDjD+sLrvPAAAAAElFTkSuQmCC);\n            background-size: 15px 15px;\n            -webkit-background-size: 15px 15px;\n            background-repeat: no-repeat;\n            background-position: 26px 10px\n        }\n    &amp;lt;/style&amp;gt;\n    &amp;lt;div id=&quot;J_SpeakerPopup&quot;&amp;gt;\n        &amp;lt;div class=&quot;j-tip-text-1&quot;&amp;gt;\n            即将为您下载手机百度\n        &amp;lt;/div&amp;gt;\n        &amp;lt;div class=&quot;j-tip-text-2&quot;&amp;gt;\n            ${text}\n        &amp;lt;/div&amp;gt;\n        &amp;lt;div class=&quot;j-tip-text-3&quot;&amp;gt;\n            &amp;lt;a id=&quot;J_SpeakerDownload&quot; data-href=&quot;${downloadUrl}&quot;&amp;gt;\n                &amp;lt;span class=&quot;j-tip-text-4&quot;&amp;gt;&amp;lt;/span&amp;gt;\n                &amp;lt;span&amp;gt;立即下载&amp;lt;/span&amp;gt;\n            &amp;lt;/a&amp;gt;\n            &amp;lt;a class=&quot;J_SpeakerCancel j-tip-text-5&quot; href=&quot;javascript:;&quot;&amp;gt;\n                &amp;lt;span class=&quot;j-tip-text-6&quot;&amp;gt;以后再说&amp;lt;/span&amp;gt;\n                &amp;lt;span class=&quot;j-tip-text-7&quot;&amp;gt;&amp;lt;/span&amp;gt;\n            &amp;lt;/a&amp;gt;\n        &amp;lt;/div&amp;gt;\n        &amp;lt;div class=&quot;J_SpeakerCancel j-tip-text-8&quot;&amp;gt;\n        &amp;lt;/div&amp;gt;\n    &amp;lt;/div&amp;gt;\n&amp;lt;/div&amp;gt;&#039;,s=t.compile(i)({text:r,downloadUrl:a,maskHeight:&quot;&quot;+($(window).height()+300)+&quot;px&quot;});return $(s).appendTo(&quot;body&quot;),$(&quot;.J_SpeakerCancel, #J_SpeakerDownload&quot;).one(&quot;click&quot;,function(){if($(&quot;#J_SpeakerPopup, #J_SpeakerMask&quot;).remove(),&quot;J_SpeakerDownload&quot;===this.id){var e=$(this).data(&quot;href&quot;);n.resolve(),setTimeout(function(){location.href=e},500)}else n.reject();return!1}),n.promise()}}}),define(&quot;modules/invoke/app/ios&quot;,[&quot;require&quot;],function(){return function(e){e.invoke=function(e){var t=page.comm.browserid,n=page.comm.browserversion,r=[&quot;source_app=&quot;+[t,n].join(&quot;|&quot;),&quot;referer=&quot;+location.href].join(&quot;&amp;amp;&quot;),a={qrcode:&quot;baiduboxapp://imagesearch?caller=wise_search&amp;amp;args=&quot;+encodeURIComponent(r),voice:&quot;baiduboxapp://voicesearch?opennewwindow&amp;amp;caller=wise_search&amp;amp;args=&quot;+encodeURIComponent(r)};return a[e]},e.downloadPannel=function(e){var t=new $.Deferred,n=&quot;安装百度客户端，使用条码、二维码识别！（还有神奇的明星脸 CD封面 图书识别哦~）&quot;,r=&quot;itms-apps://itunes.apple.com/cn/app/shou-ji-bai-du-xiao-shuo-zui/id382201985?pt=328057&amp;amp;ct=pic1-20120226&amp;amp;mt=8&quot;;return&quot;voice&quot;===e&amp;amp;&amp;amp;(n=&quot;让您不用打字，说话就能搜索&quot;,r=&quot;itms-apps://itunes.apple.com/cn/app/shou-ji-bai-du-xiao-shuo-zui/id382201985?pt=328057&amp;amp;ct=voice1-20120226&amp;amp;mt=8&quot;),window.confirm(n)?(t.resolve(),location.href=r):t.reject(),t.promise()}}}),define(&quot;modules/invoke/app/app&quot;,[&quot;require&quot;,&quot;pmd/deps/detect&quot;,&quot;modules/invoke/invokebox&quot;,&quot;modules/invoke/app/ios&quot;,&quot;modules/invoke/app/android&quot;],function(e){var t=e(&quot;pmd/deps/detect&quot;),n=e(&quot;modules/invoke/invokebox&quot;),r=&quot;ios&quot;===t.os.n,a={log:function(e,t,n,r){&quot;function&quot;==typeof n&amp;amp;&amp;amp;(r=n,n={}),page.log.send($.extend({ct:3,cst:2,clk_from:e,clk_info:t},n),r)}},i=new n,s=$(&#039;[data-formposition=&quot;t&quot;]&#039;).add(&#039;[data-formposition=&quot;b&quot;]&#039;);s.find(&quot;.se-input&quot;).on(&quot;focus&quot;,function(){$(this).closest(&quot;.se-form&quot;).addClass(&quot;focus&quot;)}).on(&quot;blur&quot;,function(){$(this).closest(&quot;.se-form&quot;).removeClass(&quot;focus&quot;)}),s.find(&quot;.baiduapp-icon&quot;).on(&quot;click&quot;,function(){var e=$(this).closest(&quot;.callicon-wrap&quot;);e.toggleClass(&quot;open&quot;);var t=$(this).closest(&quot;.se-form&quot;).data(&quot;formposition&quot;);return a.log(t,e.hasClass(&quot;open&quot;)?1:2),!1}),s.find(&quot;.call&quot;).on(&quot;click&quot;,function(){var e=$(this).closest(&quot;.se-form&quot;).data(&quot;formposition&quot;),t=$(this).hasClass(&quot;qrcode&quot;)?&quot;qrcode&quot;:&quot;voice&quot;;a.log(e,&quot;qrcode&quot;===t?3:4),&quot;qrcode&quot;!==t&amp;amp;&amp;amp;&quot;ready&quot;===i.status&amp;amp;&amp;amp;(schemaUrl=a.invoke(t),i.open({showTip:!1,from:&quot;qrcode&quot;===t?&quot;&quot;:&quot;neibu_sousuojieguoye_yuyinsousuo&quot;,channel:&quot;qrcode&quot;===t?&quot;1001608m&quot;:&quot;1019696j&quot;,iosScheme:r?schemaUrl:&quot;&quot;,androidCommand:$.extend({mode:&quot;0&quot;,minver:&quot;6.9.1&quot;},r?{}:schemaUrl),failCallback:function(){a.downloadPannel(t).done(function(){a.log(e,&quot;qrcode&quot;===t?5:6)}),a.log(e,9,{clk_extra:&quot;qrcode&quot;===t?1:2})}}))}),$(function(){var e=document.createElement(&quot;script&quot;);e.src=&quot;//graph.baidu.com/mms/graph/static/resource/sdk/mobile-wise.js?v=&quot;+ +new Date,e.async=!0,e.onload=e.onreadystatechange=function(){BD_MMS.ready(function(){BD_MMS.initGraph({id:s.find(&quot;.call.qrcode&quot;),tn:&quot;wise&quot;,maxSize:8388608,stat:{srcp:&quot;sousuojieguoye&quot;}})})},e.onerror=function(){e.onerror=null,e=null},document.getElementsByTagName(&quot;head&quot;)[0].appendChild(e)});var o=e(&quot;modules/invoke/app/ios&quot;),c=e(&quot;modules/invoke/app/android&quot;);return page&amp;amp;&amp;amp;page.comm&amp;amp;&amp;amp;page.comm.isAndroid?c(a):o(a),a}),require([&quot;modules/invoke/app/app&quot;],function(e){page.App=page.App||{},page.App=$.extend(page.App,e)}),!function(){&quot;use strict&quot;;function e(t,r){function a(e,t){return function(){return e.apply(t,arguments)}}var i;if(r=r||{},this.trackingClick=!1,this.trackingClickStart=0,this.targetElement=null,this.touchStartX=0,this.touchStartY=0,this.lastTouchIdentifier=0,this.touchBoundary=r.touchBoundary||10,this.layer=t,this.tapDelay=r.tapDelay||200,this.tapTimeout=r.tapTimeout||700,!e.notNeeded(t)){for(var s=[&quot;onMouse&quot;,&quot;onClick&quot;,&quot;onTouchStart&quot;,&quot;onTouchMove&quot;,&quot;onTouchEnd&quot;,&quot;onTouchCancel&quot;],o=this,c=0,u=s.length;u&amp;gt;c;c++)o[s[c]]=a(o[s[c]],o);n&amp;amp;&amp;amp;(t.addEventListener(&quot;mouseover&quot;,this.onMouse,!0),t.addEventListener(&quot;mousedown&quot;,this.onMouse,!0),t.addEventListener(&quot;mouseup&quot;,this.onMouse,!0)),t.addEventListener(&quot;click&quot;,this.onClick,!0),t.addEventListener(&quot;touchstart&quot;,this.onTouchStart,!1),t.addEventListener(&quot;touchmove&quot;,this.onTouchMove,!1),t.addEventListener(&quot;touchend&quot;,this.onTouchEnd,!1),t.addEventListener(&quot;touchcancel&quot;,this.onTouchCancel,!1),Event.prototype.stopImmediatePropagation||(t.removeEventListener=function(e,n,r){var a=Node.prototype.removeEventListener;&quot;click&quot;===e?a.call(t,e,n.hijacked||n,r):a.call(t,e,n,r)},t.addEventListener=function(e,n,r){var a=Node.prototype.addEventListener;&quot;click&quot;===e?a.call(t,e,n.hijacked||(n.hijacked=function(e){e.propagationStopped||n(e)}),r):a.call(t,e,n,r)}),&quot;function&quot;==typeof t.onclick&amp;amp;&amp;amp;(i=t.onclick,t.addEventListener(&quot;click&quot;,function(e){i(e)},!1),t.onclick=null)}}var t=navigator.userAgent.indexOf(&quot;Windows Phone&quot;)&amp;gt;=0,n=navigator.userAgent.indexOf(&quot;Android&quot;)&amp;gt;0&amp;amp;&amp;amp;!t,r=/iP(ad|hone|od)/.test(navigator.userAgent)&amp;amp;&amp;amp;!t,a=r&amp;amp;&amp;amp;/OS 4_\d(_\d)?/.test(navigator.userAgent),i=r&amp;amp;&amp;amp;/OS ([6-9]|\d{2})_\d/.test(navigator.userAgent);navigator.userAgent.indexOf(&quot;BB10&quot;)&amp;gt;0,e.prototype.needsClick=function(e){switch(e.nodeName.toLowerCase()){case&quot;button&quot;:case&quot;select&quot;:case&quot;textarea&quot;:if(e.disabled)return!0;break;case&quot;input&quot;:if(r&amp;amp;&amp;amp;&quot;file&quot;===e.type||e.disabled)return!0;break;case&quot;label&quot;:case&quot;iframe&quot;:case&quot;video&quot;:return!0}return/\bneedsclick\b/.test(e.className)},e.prototype.needsFocus=function(e){switch(e.nodeName.toLowerCase()){case&quot;textarea&quot;:return!0;case&quot;select&quot;:return!n;case&quot;input&quot;:switch(e.type){case&quot;button&quot;:case&quot;checkbox&quot;:case&quot;file&quot;:case&quot;image&quot;:case&quot;radio&quot;:case&quot;submit&quot;:return!1}return!e.disabled&amp;amp;&amp;amp;!e.readOnly;default:return/\bneedsfocus\b/.test(e.className)}},e.prototype.sendClick=function(e,t){var n,r;document.activeElement&amp;amp;&amp;amp;document.activeElement!==e&amp;amp;&amp;amp;document.activeElement.blur(),r=t.changedTouches[0],n=document.createEvent(&quot;MouseEvents&quot;),n.initEvent(this.determineEventType(e),!0,!0),n.forwardedTouchEvent=!0,e.dispatchEvent(n)},e.prototype.determineEventType=function(e){return n&amp;amp;&amp;amp;&quot;select&quot;===e.tagName.toLowerCase()?&quot;mousedown&quot;:&quot;click&quot;},e.prototype.focus=function(e){var t;r&amp;amp;&amp;amp;e.setSelectionRange&amp;amp;&amp;amp;0!==e.type.indexOf(&quot;date&quot;)&amp;amp;&amp;amp;&quot;time&quot;!==e.type&amp;amp;&amp;amp;&quot;month&quot;!==e.type?(t=e.value.length,e.setSelectionRange(t,t)):e.focus()},e.prototype.updateScrollParent=function(e){var t,n;if(t=e.fastClickScrollParent,!t||!t.contains(e)){n=e;do{if(n.scrollHeight&amp;gt;n.offsetHeight){t=n,e.fastClickScrollParent=n;break}n=n.parentElement}while(n)}t&amp;amp;&amp;amp;(t.fastClickLastScrollTop=t.scrollTop)},e.prototype.getTargetElementFromEventTarget=function(e){return e.nodeType===Node.TEXT_NODE?e.parentNode:e},e.prototype.onTouchStart=function(e){var t,n,i;if(e.targetTouches.length&amp;gt;1)return!0;if(t=this.getTargetElementFromEventTarget(e.target),n=e.targetTouches[0],r){if(i=window.getSelection(),i.rangeCount&amp;amp;&amp;amp;!i.isCollapsed)return!0;if(!a){if(n.identifier&amp;amp;&amp;amp;n.identifier===this.lastTouchIdentifier)return e.preventDefault(),!1;this.lastTouchIdentifier=n.identifier,this.updateScrollParent(t)}}return this.trackingClick=!0,this.trackingClickStart=e.timeStamp,this.targetElement=t,this.touchStartX=n.pageX,this.touchStartY=n.pageY,e.timeStamp-this.lastClickTime&amp;lt;this.tapDelay&amp;amp;&amp;amp;e.preventDefault(),!0},e.prototype.touchHasMoved=function(e){var t=e.changedTouches[0],n=this.touchBoundary;return Math.abs(t.pageX-this.touchStartX)&amp;gt;n||Math.abs(t.pageY-this.touchStartY)&amp;gt;n?!0:!1},e.prototype.onTouchMove=function(e){return this.trackingClick?((this.targetElement!==this.getTargetElementFromEventTarget(e.target)||this.touchHasMoved(e))&amp;amp;&amp;amp;(this.trackingClick=!1,this.targetElement=null),!0):!0},e.prototype.findControl=function(e){return void 0!==e.control?e.control:e.htmlFor?document.getElementById(e.htmlFor):e.querySelector(&quot;button, input:not([type=hidden]), keygen, meter, output, progress, select, textarea&quot;)},e.prototype.onTouchEnd=function(e){var t,s,o,c,u,d=this.targetElement;if(!this.trackingClick)return!0;if(e.timeStamp-this.lastClickTime&amp;lt;this.tapDelay)return this.cancelNextClick=!0,!0;if(e.timeStamp-this.trackingClickStart&amp;gt;this.tapTimeout)return!0;if(this.cancelNextClick=!1,this.lastClickTime=e.timeStamp,s=this.trackingClickStart,this.trackingClick=!1,this.trackingClickStart=0,i&amp;amp;&amp;amp;(u=e.changedTouches[0],d=document.elementFromPoint(u.pageX-window.pageXOffset,u.pageY-window.pageYOffset)||d,d.fastClickScrollParent=this.targetElement.fastClickScrollParent),o=d.tagName.toLowerCase(),&quot;label&quot;===o){if(t=this.findControl(d)){if(this.focus(d),n)return!1;d=t}}else if(this.needsFocus(d))return e.timeStamp-s&amp;gt;100||r&amp;amp;&amp;amp;window.top!==window&amp;amp;&amp;amp;&quot;input&quot;===o?(this.targetElement=null,!1):(this.focus(d),this.sendClick(d,e),r&amp;amp;&amp;amp;&quot;select&quot;===o||(this.targetElement=null,e.preventDefault()),!1);return r&amp;amp;&amp;amp;!a&amp;amp;&amp;amp;(c=d.fastClickScrollParent,c&amp;amp;&amp;amp;c.fastClickLastScrollTop!==c.scrollTop)?!0:(this.needsClick(d)||(e.preventDefault(),this.sendClick(d,e)),!1)},e.prototype.onTouchCancel=function(){this.trackingClick=!1,this.targetElement=null},e.prototype.onMouse=function(e){return this.targetElement?e.forwardedTouchEvent?!0:!e.cancelable||this.needsClick(this.targetElement)&amp;amp;&amp;amp;!this.cancelNextClick?!0:($(&quot;.se-debug&quot;).append(&quot;&amp;lt;p&amp;gt;stop &quot;+e.target.className+&quot;&amp;lt;/p&amp;gt;&quot;),e.stopImmediatePropagation?e.stopImmediatePropagation():e.propagationStopped=!0,e.stopPropagation(),e.preventDefault(),!1):!0},e.prototype.onClick=function(e){var t;return this.trackingClick?(this.targetElement=null,this.trackingClick=!1,!0):&quot;submit&quot;===e.target.type&amp;amp;&amp;amp;0===e.detail?!0:(t=this.onMouse(e),t||(this.targetElement=null),t)},e.prototype.destroy=function(){var e=this.layer;n&amp;amp;&amp;amp;(e.removeEventListener(&quot;mouseover&quot;,this.onMouse,!0),e.removeEventListener(&quot;mousedown&quot;,this.onMouse,!0),e.removeEventListener(&quot;mouseup&quot;,this.onMouse,!0)),e.removeEventListener(&quot;click&quot;,this.onClick,!0),e.removeEventListener(&quot;touchstart&quot;,this.onTouchStart,!1),e.removeEventListener(&quot;touchmove&quot;,this.onTouchMove,!1),e.removeEventListener(&quot;touchend&quot;,this.onTouchEnd,!1),e.removeEventListener(&quot;touchcancel&quot;,this.onTouchCancel,!1)},e.notNeeded=function(e){return&quot;undefined&quot;==typeof window.ontouchstart?!0:&quot;none&quot;===e.style.touchAction?!0:!1},e.attach=function(t,n){return new e(t,n)},&quot;function&quot;==typeof define&amp;amp;&amp;amp;&quot;object&quot;==typeof define.amd&amp;amp;&amp;amp;define.amd?define(&quot;utils/fastclick&quot;,[&quot;require&quot;],function(){return e}):&quot;undefined&quot;!=typeof module&amp;amp;&amp;amp;module.exports?(module.exports=e.attach,module.exports.FastClick=e):window.FastClick=e}(),define(&quot;modules/fastclick_init&quot;,[&quot;require&quot;,&quot;utils/fastclick&quot;],function(e){function t(){var t=e(&quot;utils/fastclick&quot;),n=$(&quot;#head&quot;).get(0),r=$(&quot;.se-page-copyright&quot;).get(0),a=$(&quot;.se-page-relative&quot;).get(0),i=$(&quot;.se-page-tips&quot;).get(0);n&amp;amp;&amp;amp;t.attach(n),r&amp;amp;&amp;amp;t.attach(r),a&amp;amp;&amp;amp;t.attach(a),i&amp;amp;&amp;amp;t.attach(i)}return{init:t}}),page.on(&quot;afterload&quot;,function(){require([&quot;modules/fastclick_init&quot;],function(e){e.init()})}),define(&quot;modules/tabcontrol&quot;,[&quot;require&quot;,&quot;search/param&quot;,&quot;search/search&quot;],function(e){&quot;use strict&quot;;var t,n,r,a,i,s,o,c,u=e(&quot;search/param&quot;),d=e(&quot;search/search&quot;),l=!0,h=!0,p=&quot;a.se-tabitem&quot;,f=&quot; span.se-tab-tx&quot;,m=&quot;se-tab-cur&quot;,g=&quot;span.se-tab-cur&quot;,_=&quot;se-bearicon &quot;,v=&quot;tab-icon-&quot;,w=&quot;tab-img-search&quot;,b=navigator.userAgent,y=&quot; - 百度&quot;,x={_version:&quot;1.0&quot;,init:function(){this.updateParams(),t.length&amp;amp;&amp;amp;(this.render(),this.bindEvent())},render:function(){k.isAnimation||(l=!1),!$(&quot;.tab-transform-hidden&quot;).length&amp;amp;&amp;amp;$(&#039;&amp;lt;div class=&quot;tab-transform-hidden&quot;&amp;gt;&amp;lt;/div&amp;gt;&#039;).appendTo(n)},updateParams:function(){t=$(&quot;.se-page-hd .se-head-tablink&quot;),n=$(&quot;.se-tablink-scroll-wrapper&quot;),r=n.find(p),a=n.find(p+f),i=n.find(&quot;.se-tablink-scroll-touch&quot;),s=n.find(&quot;.se-tab-lists&quot;),o=$(&quot;#se-form textarea&quot;),c=$(&quot;.searchboxtop .se-bearicon&quot;)},update:function(e){e&amp;amp;&amp;amp;i.empty().append(e).scrollLeft(0)},destory:function(){},bindEvent:function(){var e=this;n.off(&quot;click&quot;,&quot;a&quot;).on(&quot;click&quot;,&quot;a&quot;,function(t){e.updateParams(),S.tabClk(t)}),$(window).off(&quot;tabSwitch&quot;).on(&quot;tabSwitch&quot;,function(){e.updateParams(),e.checkStatusAfterAttach()}),S.fixedGestureScrollLog()},checkStatusAfterAttach:function(){var e=k.matchCurrentTab();if(e){var t=(e.DOM,e.pd,e.log,e.isClkResult,e.matchCurrentShowTab);t||k.switchTab(r.find(g),e.DOM,k.checkTabPosition),k.checkInputStatus()}}},S={tabClk:function(e){var t=$(e.target).closest(&quot;a&quot;),n=t.data(&quot;sflink&quot;),a=&quot;ps&quot;==t.data(&quot;log&quot;),i=r.find(g).closest(p).data(&quot;cst&quot;);return t.find(f).hasClass(m)?!1:(!a&amp;amp;&amp;amp;n&amp;amp;&amp;amp;(e.preventDefault(),e.stopPropagation(),fif.action.redirect(n),k.switchTab(r.find(g),t),k.checkInputStatus()),a&amp;amp;&amp;amp;h&amp;amp;&amp;amp;(e.preventDefault(),e.stopPropagation(),k.resetSearchBoxStatus(),window.__sam_async_type=&quot;loading&quot;,d.submit(new u($.extend({},k.getUrlParam(),{tn:&quot;&quot;,pd:&quot;&quot;}))),k.switchTab(r.find(g),t),k.checkInputStatus()),void page.log.send({ct:t.data(&quot;ct&quot;),cst:t.data(&quot;cst&quot;),module:&quot;&quot;,precst:i}))},fixedGestureScrollLog:function(){var e=!0,t={},n={};i.on(&quot;touchstart&quot;,function(){navigator.control&amp;amp;&amp;amp;navigator.control.gesture&amp;amp;&amp;amp;navigator.control.gesture(!1),e=!1,t=s.offset()}).on(&quot;scroll&quot;,function(){n=s.offset(),!e&amp;amp;&amp;amp;Math.abs(t.left-n.left)&amp;gt;30&amp;amp;&amp;amp;(e=!0,page.log.send({ct:24,cst:100}))}).on(&quot;touchend&quot;,function(){navigator.control&amp;amp;&amp;amp;navigator.control.gesture&amp;amp;&amp;amp;navigator.control.gesture(!1)})}},k={getUrlParam:function(e){for(var e=e||location.href,t={},n=e.substring(e.indexOf(&quot;?&quot;)+1).split(&quot;&amp;amp;&quot;),r=0;r&amp;lt;n.length;r++)if(n[r]){var a=n[r].split(&quot;=&quot;);t[decodeURIComponent(a[0])]=decodeURIComponent(a[1])}return t},matchCurrentTab:function(e){var t=e||this.getUrlParam().pd,n={};return r.length?($.each(r,function(e,r){return t===$(r).data(&quot;pd&quot;)?(n.DOM=$(r),n.pd=t,n.log=$(r).data(&quot;log&quot;),n.isClkResult=!1,!1):void 0}),n.DOM||(n={DOM:r.eq(0),log:&quot;ps&quot;,pd:&quot;&quot;,isClkResult:!0}),n.matchCurrentShowTab=n.DOM.find(f).hasClass(m),n):!1},isAnimation:function(){var e=!0;return b.match(/MQQBrowser/)&amp;amp;&amp;amp;b.match(/OPPO R7/)&amp;amp;&amp;amp;(e=!1),e},fireTab:function(e){e&amp;amp;&amp;amp;(a.removeClass(m),e.find(f).addClass(m))},switchTab:function(e,t,n){if(e.length&amp;amp;&amp;amp;t.length){var r=e.offset().left,i=t.offset().left;if(r!==i)return a.removeClass(m),l?void $(&quot;.tab-transform-hidden&quot;).css({&quot;-webkit-transform&quot;:&quot;translate3d(&quot;+r+&quot;px, 0, 0)&quot;,transform:&quot;translate3d(&quot;+r+&quot;px, 0, 0)&quot;,width:e.width()}).show().animate({&quot;-webkit-transform&quot;:&quot;translate3d(&quot;+i+&quot;px, 0, 0)&quot;,transform:&quot;translate3d(&quot;+i+&quot;px, 0, 0)&quot;},300,&quot;ease&quot;,function(){$(this).hide().css({&quot;-webkit-transform&quot;:&quot;none&quot;,transform:&quot;none&quot;}),t.find(f).addClass(m),n&amp;amp;&amp;amp;n(t)}):(t.find(f).addClass(m),void(n&amp;amp;&amp;amp;n(t)))}},checkTabPosition:function(e){var e=e||r.find(g).closest(p),t=$(window).width(),n=e.offset().left,a=e.width(),o=(e.index()-5)/r.length*s.width();(20&amp;gt;n+a||n+a&amp;gt;t-20)&amp;amp;&amp;amp;i.scrollLeft(o)},resetSearchBoxStatus:function(){var e=$(&quot;.&quot;+w);e.length&amp;amp;&amp;amp;e.remove()},checkInputStatus:function(){var e=this.getUrlParam().pd,t=this.getUrlParam().word.trim();&quot;zbios&quot;!==page.comm.tn&amp;amp;&amp;amp;&quot;bmbadr&quot;!==page.comm.tn&amp;amp;&amp;amp;(c.attr(&quot;class&quot;,_+(e?v+e:&quot;&quot;)),o.val(t),document.title=t+y)}};return x}),require([&quot;modules/tabcontrol&quot;],function(e){page.on(&quot;init&quot;,function(){e.init(),e.checkStatusAfterAttach()}),page.on(&quot;attach&quot;,function(){e.updateParams(),e.checkStatusAfterAttach()})}),define(&quot;modules/headtabs&quot;,[&quot;require&quot;],function(e){function t(){$(&quot;#switchBt&quot;).switchOver({handler:&quot;#head #switchBt&quot;,area:&quot;#head #more&quot;,arr:&quot;#head #arr&quot;,mo_class:&quot;more-show&quot;,arr_class:&quot;arrow-show&quot;})}function n(){/crios/i.test(navigator.userAgent)||$(&quot;.se-page-hd&quot;).on(&quot;click&quot;,&quot;a[data-schema]&quot;,function(){var e=$(&quot;&amp;lt;iframe&amp;gt;&quot;).css(&quot;display&quot;,&quot;none&quot;);e.attr(&quot;src&quot;,$(this).data(&quot;schema&quot;)).appendTo(document.body),setTimeout(function(){e.remove()},5e3),page.on(&quot;stop&quot;,function(){e.remove()})})}function r(){var t=($(window),$(&quot;.se-page-hd-content&quot;)),n=$(&quot;.se-page-hd&quot;),r=$(&quot;.se-page-hd .se-head-tablink&quot;),a=$(&quot;.wa-sigma-stock-fixed&quot;);t.length&amp;amp;&amp;amp;r.length&amp;amp;&amp;amp;(&quot;midway&quot;==page.comm.product||a.length||e([&quot;modules/scroll_ctl&quot;],function(e){e.regist(function(e){var r=e.nowScrollTop,a=e.scrollDirection,i=t.height(),s=t.hasClass(&quot;head-float&quot;);10&amp;gt;=r?(s&amp;amp;&amp;amp;t.removeClass(&quot;head-float&quot;),s&amp;amp;&amp;amp;n.css(&quot;height&quot;,&quot;&quot;)):&quot;down&quot;==a&amp;amp;&amp;amp;s?(t.removeClass(&quot;head-float&quot;),n.css(&quot;height&quot;,&quot;&quot;)):&quot;up&quot;!=a||s||(n.height(i),t.addClass(&quot;head-float&quot;))})}))}return{switchBt:t,mapTab:n,tabFixed:r}}),require([&quot;modules/headtabs&quot;],function(e){page.one(&quot;init&quot;,function(){e.switchBt(),e.mapTab()})}),define(&quot;modules/searchbox&quot;,[&quot;require&quot;],function(e){var t={sugInit:function(t,n){var r=$(t),a=r[0];return a?(a.__sug_instance?a.__sug_instance.reinit({w:n.w,publicArgu:n.publicArgu}):window.$&amp;amp;&amp;amp;$.sug?a.__sug_instance=new $.sug(n):e([&quot;global/sug&quot;],function(e){a.__sug_instance=new e(n)}),a.__sug_instance):!1},addFootBlank:function(e){var t=function(){5==page.comm.browserid&amp;amp;&amp;amp;$(&quot;#foot-blank&quot;).css(&quot;height&quot;,&quot;260px&quot;),e.bind(&quot;touchstart focus&quot;,function(){$(&quot;#foot-blank&quot;).show()}).bind(&quot;blur&quot;,function(){setTimeout(function(){$(&quot;#foot-blank&quot;).hide()},100)})};page?page.one(&quot;load&quot;,t):setTimeout(t,0)}};return t}),require([&quot;modules/searchbox&quot;],function(e){var t=!1,n=!1,r=function(){var r={wrapid:&quot;#se-box2&quot;,inputid:&quot;#kw2&quot;,resetid:&quot;#cross2&quot;,buttonid:&quot;#se-bn2&quot;,needHis:navigator.cookieEnabled&amp;amp;&amp;amp;!!window.localStorage,record:&quot;default_src&quot;,sa:&quot;b&quot;,w:page.comm.pn+&quot;_&quot;+page.comm.rn+&quot;_&quot;,publicArgu:page.comm.prepath.replace(/#/g,&quot;&amp;amp;&quot;)+&quot;&amp;amp;ref=&quot;+page.comm.ref+&quot;&amp;amp;lid=&quot;+page.comm.lid};if(page&amp;amp;&amp;amp;page.comm&amp;amp;&amp;amp;&quot;zbios&quot;!==page.comm.tn&amp;amp;&amp;amp;&quot;bmbadr&quot;!==page.comm.tn){var a=$.extend({},r,{wrapid:&quot;#se-box&quot;,inputid:&quot;#kw&quot;,resetid:&quot;#cross&quot;,buttonid:&quot;#se-bn&quot;,sa:&quot;t&quot;});t=e.sugInit($(&quot;#kw&quot;),a)}n=e.sugInit($(&quot;#kw2&quot;),r),e.addFootBlank($(&quot;#kw2&quot;))};window.page&amp;amp;&amp;amp;page.on?(page.on(&quot;ready&quot;,r),page.on(&quot;attach&quot;,function(e,n){&quot;/sf/vsearch&quot;===n.prev.pathPattern&amp;amp;&amp;amp;(t&amp;amp;&amp;amp;t.attach(),$(&quot;.se-page-hd-content .se-tablink-scroll-touch&quot;).scrollLeft(0))}),page.on(&quot;detach&quot;,function(e,n){&quot;/sf/vsearch&quot;===n.current.pathPattern&amp;amp;&amp;amp;t&amp;amp;&amp;amp;t.detach()})):window.$?$(document).ready(r):setTimeout(r,0)}),!function(){!window.__sam_async||page.ishome||window.page&amp;amp;&amp;amp;page.comm&amp;amp;&amp;amp;page.comm.useNewIs||require([&quot;search/search&quot;],function(e){e.init()}),B.one(&quot;destroy&quot;,function(){$(&quot;.code-to-write&quot;).addClass(&quot;writed&quot;)})}(),define(&quot;modules/BAIDULOC&quot;,[&quot;require&quot;],function(){page.comm.isAndroid&amp;amp;&amp;amp;page.on(&quot;load&quot;,function(){function e(){var e=page.comm.gps,t={html5:!1,&quot;native&quot;:!1};return e.length&amp;amp;&amp;amp;&quot;all&quot;!==e&amp;amp;&amp;amp;(t[e]=!0),t}function t(e,t,n){var r=Date.now(),a=page.cookie(&quot;BAIDUID&quot;)||&quot;&quot;,i=window.page&amp;amp;&amp;amp;page.https?page.https.domain.get(&quot;http://fclick.baidu.com/w.gif&quot;):&quot;http://fclick.baidu.com/w.gif&quot;,s=i+&quot;?&quot;+t+&quot;=&quot;+encodeURIComponent(n)+&quot;&amp;amp;BAIDUID=&quot;+encodeURIComponent(a)+&quot;&amp;amp;tag=&quot;+encodeURIComponent(e)+&quot;&amp;amp;rand=&quot;+r,o=window[r]=new Image;o.onload=o.onerror=o.onabort=function(){o.onload=o.onerror=o.onabort=null,delete window[r]},o.src=s}var n=page.utils.cookie(&quot;BAIDULOC&quot;),r=18e5;if(null!==n&amp;amp;&amp;amp;/(\d+)$/.test(n)&amp;amp;&amp;amp;Date.now()-RegExp.$1&amp;lt;=r){var a=n.split(&quot;_&quot;);return a.forEach(function(e,t){2&amp;gt;=t&amp;amp;&amp;amp;(a[t]=Math.round(e))}),void t(&quot;ecomCookieGps&quot;,&quot;BAIDULOC&quot;,a.join(&quot;_&quot;))}var i=!1,s=e();page.geolocation.getPosition({onlyFromHTML5:s.html5,onlyFromNative:s[&quot;native&quot;],expireTime:r,onSuccess:function(e,n){if(!i){i=!0;var r=&quot;ecomCookieGps&quot;,a=[Math.round(e.x),Math.round(e.y),Math.round(e.accuracy),e.cityCode,(new Date).getTime()].join(&quot;_&quot;);&quot;html5&quot;==n.from?(r=&quot;ecomH5Gps&quot;,page.cookie(&quot;H5LOC&quot;,1,{expires:1728e5,domain:&quot;.baidu.com&quot;,path:&quot;/&quot;})):&quot;native&quot;==n.from&amp;amp;&amp;amp;(r=&quot;ecomGps&quot;),t(r,&quot;BAIDULOC&quot;,a)}},onFail:function(e){e&amp;amp;&amp;amp;4==e.error&amp;amp;&amp;amp;page.cookie(&quot;H5LOC&quot;,null)}})})}),require([&quot;modules/BAIDULOC&quot;]);&lt;/script&gt;&lt;div id=&quot;sfr-app&quot;&gt;&lt;/div&gt;&lt;script&gt;B._fireInit();&lt;/script&gt;&lt;script&gt;try{!function(){function e(e,o,t,n){document.cookie=e+&quot;=&quot;+encodeURIComponent(o)+&quot;;domain=&quot;+t+&quot;;path=/;expires=&quot;+n.toGMTString()+&quot;;&quot;}function o(){e(i=i.lsVersionKey,&quot;&quot;,document.domain,t),e(i.lsSuportKey,&quot;no&quot;,document.domain,t)}var t=new Date,n=t.getTime();if(page&amp;amp;&amp;amp;page.comm&amp;amp;&amp;amp;page.comm.lsConf){var i=page.comm.lsConf,r={},a=[],s=window.localStorage;$(&quot;.code-fr-ls&quot;).each(function(){var e=this,o=e.dataset.version;a.push(o),r[i.lsPrefix+o]=1});try{s&amp;amp;&amp;amp;$(&quot;.code-to-write&quot;).each(function(){var o=this,c=i.lsPrefix+o.dataset.version;r[c]=1,a.push(o.dataset.version);var m=o.textContent||o.innerText;if(s.setItem(c,m),s.getItem(c)!=m)throw new Error(&quot;storage error&quot;);t.setTime(n+6048e5),e(i.lsVersionKey,a.join(&quot;-&quot;),document.domain,t)});for(var c in s)0==c.indexOf(i.lsPrefix)&amp;amp;&amp;amp;1!=r[c]&amp;amp;&amp;amp;s.removeItem(c)}catch(m){o()}}}();;}catch(err){}&lt;/script&gt;&lt;/body&gt;&lt;/html&gt;]">
      <![CDATA[java.lang.AssertionError: expected [a string containing "TesterHome"] but found [<!DOCTYPE html><html xmlns="http://www.w3.org/1999/xhtml"><!--STATUS OK--><head><style data-version="wwwTcss_bd070eb" class="code-to-write" data-key="wwwTcss" type="text/css">@font-face{font-family:sicons;src:url(//m.baidu.com/static/search/iconfont/search_iconfont_128e950d.eot);src:url(//m.baidu.com/static/search/iconfont/search_iconfont_128e950d.eot#iefix) format('embedded-opentype'),url(//m.baidu.com/static/search/iconfont/search_iconfont_128e950d.woff) format('woff'),url(//m.baidu.com/static/search/iconfont/search_iconfont_128e950d.ttf) format('truetype'),url(//m.baidu.com/static/search/iconfont/search_iconfont_128e950d.svg?#iconfont) format('svg');font-weight:400;font-style:normal}@font-face{font-family:alaicons;src:url(//m.baidu.com/static/search/iconfont/iconfont_58af466f.eot);src:url(//m.baidu.com/static/search/iconfont/iconfont_58af466f.eot#iefix) format('embedded-opentype'),url(//m.baidu.com/static/search/iconfont/iconfont_58af466f.woff) format('woff'),url(//m.baidu.com/static/search/iconfont/iconfont_58af466f.ttf) format('truetype'),url(//m.baidu.com/static/search/iconfont/iconfont_58af466f.svg?#iconfont) format('svg');font-weight:400;font-style:normal}[class^=sicon-],[class*=" sicon-"]{font-family:sicons!important;font-style:normal;-webkit-font-smoothing:antialiased;-webkit-text-stroke-width:.2px}[class^=alaicon-],[class*=" alaicon-"]{font-family:alaicons!important;font-style:normal;-webkit-font-smoothing:antialiased;-webkit-text-stroke-width:.2px}*{margin:0;padding:0}body{text-align:center;font-size-adjust:none;-webkit-text-size-adjust:none;font:14px Arial,Helvetica,sans-serif}input[type=search]:focus{background-color:transparent}input[type=search]::-webkit-search-cancel-button{display:none}input,button{border:0;border-radius:0;-webkit-border-radius:0;background-color:transparent;-webkit-appearance:none;-webkit-box-sizing:border-box}.se-page-bd{background-color:#f1f1f1;overflow:hidden}#results{text-align:left;padding:0}#results-top{text-align:left}a{color:#00C;text-decoration:none;-webkit-tap-highlight-color:rgba(23,23,23,.1)}a:visited{color:#606}em{color:#c00;text-decoration:none;font-style:normal}.atext{color:#00C;font-size:120%}.result{-webkit-tap-highlight-color:rgba(0,0,0,0)}.result_title{text-align:left;font-size:120%;word-break:break-all;line-height:20px;padding:6px 6px 8px;margin:0 -6px;display:block}.result_title .result_title_abs{color:#262626;word-break:break-all;font-size:14px;line-height:21px;margin:7px 0 -10px 0}.result .result_snippet,.result .abs{line-height:20px;color:#262626;word-break:break-all;padding:0 0 7px}.result_url{color:#2dbe00}.site,.date,.size{font-size:14px;color:#1f992f}.gray{color:#666}#pinyin{text-align:left;background:#fff;margin:.08rem 0;padding:.1rem .16rem;line-height:18px}#pinyin a{color:#c00}#pinyin a.original-q{color:#00c;word-break:break-all}a.result_title:visited{color:purple}a.result_title:visited .result_title_abs{color:#242424!important}a.result_title:visited .result_title_abs em{color:#c30a00!important}.card-result{border:0!important;padding:0!important}.result,.resitem,.ext-result{padding:5px 10px 9px;margin:6px 0;background:#fff}.result-img-delay{background:#eee url(//m.baidu.com/static/search/sug_logo.png) center no-repeat;background-size:22px auto;-webkit-background-size:22px auto}.rspre,.vc-guide{display:-webkit-box;padding:0 10px}.rspre .rs-title,.rs-link a,.vc-guide .vc-title,.vc-link a{font-size:14px;line-height:40px}.rspre .rs-title{width:60px;color:#262626}.rspre .rs-link,.vc-guide .vc-link{-webkit-box-flex:1;box-flex:1;height:40px;overflow:hidden}.rspre .rs-link a,.vc-guide .vc-link a{color:#00c;margin-left:16px;display:block;float:left}.rspre .rs-link a:first-child,.vc-guide .vc-link a:first-child{margin-left:13px}.result_official{display:inline-block;vertical-align:top;margin-top:3px;text-align:center;background:#7AADF4;height:13px;line-height:13px;font-size:12px;color:#fff;border-radius:1px;-webkit-border-radius:1px;padding:1px 2px}#search-card .se-page-bd .loading,#search-card .se-page-bd .loadedtips{min-height:480px}#search-card .se-page-bd .loading{color:#666;font-size:14px}#search-card .se-page-bd .loading .ico-loading{background:url(//m.baidu.com/static/search/ico-bdlogo.png) left top no-repeat;-webkit-background-size:21px 24px;width:21px;height:24px;margin:145px auto 27px}#search-card .se-page-bd .loading .ico-rotate{border:2px solid #e2e2e2;border-left:2px solid #598edc;width:40px;height:40px;-webkit-border-radius:50em;border-radius:50em;left:-11px;top:-9px;-webkit-animation:rotating 700ms linear infinite}@-webkit-keyframes rotating{0%{-webkit-transform:rotate(0deg)}100%{-webkit-transform:rotate(360deg)}}#search-card .se-page-bd .loadedtips{background:url(//m.baidu.com/static/search/load-bg.jpg) center 112px no-repeat;background-size:63px 51px;-webkit-background-size:63px 51px;padding:173px 0 0}#search-card .se-page-bd .loadedtips .btn{color:#333;border:1px solid #d7d7d7;background:-webkit-gradient(linear,left top,left bottom,from(#f6f6f6),to(#f0f0f0));width:97px;padding:10px 0;margin:10px auto 0;-webkit-box-shadow:0 1px 0 rgba(215,215,215,.3)}.search-page{position:relative}.suggest-div{top:1px!important}.input-hidden{font-family:Arial,Helvetica,sans-serif;border-radius:0;-webkit-border-radius:0;background-color:transparent;-webkit-appearance:none;-webkit-box-sizing:border-box;margin:0;resize:none;padding:7px 39px 7px 6px;text-align:left;font-size:18px;line-height:32px;position:absolute;left:6px;top:0;visibility:hidden;border:1px solid #fff;z-index:-10;height:45px}.input-hidden::-webkit-scrollbar{width:0;background-color:transparent}.adjust-input{margin:0 -74px 0 0;line-height:29px;position:relative;word-break:break-all;word-wrap:nowrap}.adjust-input+.se-inner::before{position:absolute;content:" ";top:0;left:-14px;width:14px;height:37px;z-index:9;background:#fff}.cross,.callicon-wrap{background:#fff}.se-box{position:absolute;width:100%}.result_title_abs_lr{display:-webkit-box;margin:11px 0 -12px 0}.result_title_abs_left{-webkit-box-flex:1;-webkit-line-clamp:3;margin-top:-3px;margin-bottom:3px;line-height:19px;-webkit-box-orient:vertical;overflow:hidden;display:-webkit-box}.result_title_abs_right{width:94px;margin-top:-1px;overflow:hidden}.result_title_abs_right img{height:52px;min-width:84px;margin-left:10px;display:inline-block}.wnor-title-icon{font-size:22px;position:relative;top:2px}.wnor-title-icon-word{color:#1b5fdb}.wnor-title-icon-txt{color:#666}.wnor-title-icon-pdf{color:#c5231f}.wnor-title-icon-excel{color:#0f921b}.wnor-title-icon-ppt{color:#dc6211}.se-page-hd{visibility:hidden}.result-loading{text-align:center;color:#999;margin-top:-39px;z-index:302;position:fixed;width:100%;top:50%}.c-foot-mipicon-wrap{display:inline-block}.c-foot-icon-mip{width:11px;height:15px;top:4px;position:relative}/*!css/pmd.css*/@font-face{font-family:cicons;src:url(//m.baidu.com/se/static/font/cicon_31a5a5e.eot);src:url(//m.baidu.com/se/static/font/cicon_31a5a5e.eot#iefix) format('embedded-opentype'),url(//m.baidu.com/se/static/font/cicon_bd6c4c1.woff) format('woff'),url(//m.baidu.com/se/static/font/cicon_83ba231.ttf) format('truetype'),url(//m.baidu.com/se/static/font/cicon_c5de47f.svg?#cicons) format('svg');font-weight:400;font-style:normal}.c-icon{font-family:cicons!important;font-style:normal;-webkit-font-smoothing:antialiased}html{font-size:100px}@media screen and (max-width:360px){html{font-size:90px!important}}.c-result{padding:0;margin:0;background:0 0;border:0 none}.c-blocka{display:block}.c-title{font:18px/26px Arial,Helvetica,sans-serif}.c-title-nowrap{padding-right:32px;width:100%;position:relative;white-space:nowrap;box-sizing:border-box}.c-title-nowrap .c-text{display:inline-block;vertical-align:middle}.c-title-nowrap .c-title-text{display:inline-block;max-width:100%;white-space:nowrap;overflow:hidden;text-overflow:ellipsis;vertical-align:middle}.c-font-large{font:18px/26px Arial,Helvetica,sans-serif}.c-title-wrap{display:block}.c-title-nowrap{display:none}.c-font-medium{font:16px/24px Arial,Helvetica,sans-serif}@media (min-width:376px){.c-title{display:-webkit-box;-webkit-box-orient:vertical;overflow:hidden;text-overflow:ellipsis;-webkit-line-clamp:1;min-height:26px}.c-title-nowrap{display:block}.c-title-wrap{display:none}}.c-abstract{color:#333}.c-showurl{color:#2a9457;font:14px/22px Arial,Helvetica,sans-serif}.c-gray{color:#999;font:13px/21px Arial,Helvetica,sans-serif}.c-moreinfo{color:#666;text-align:right}.c-foot-icon{display:inline-block;position:relative;top:2px;background:url(//m.baidu.com/static/search/sprite.png) no-repeat;-webkit-background-size:190px 142px;background-size:190px 142px}.c-foot-icon-16{width:16px;height:13px}.c-foot-icon-16-aladdin{display:none;background-position:0 -98px}.c-foot-icon-16-lightapp{background-position:-20px -98px}.c-container{margin:.1rem 0;padding:.1rem .17rem .08rem;background-color:#fff;width:auto;color:#333;font:14px/22px Arial,Helvetica,sans-serif;word-break:break-word;word-wrap:break-word;border:0 none}.c-container-tight{padding:.1rem .17rem .08rem;background-color:#fff;width:auto;color:#333;font:14px/22px Arial,Helvetica,sans-serif;word-break:break-word;word-wrap:break-word;border:0 none}.c-container-tile{margin:0;padding:0}.c-flexbox,.c-row{width:auto;display:-webkit-box;-webkit-box-orient:horizontal;-webkit-box-direction:normal;-webkit-box-pack:justify;-webkit-box-align:stretch;-webkit-box-lines:single;display:-webkit-flex;-webkit-flex-direction:row;-webkit-justify-content:space-between;-webkit-align-items:stretch;-webkit-align-content:flex-start;-webkit-flex-wrap:nowrap}.c-row{margin-right:-1.03092784%;margin-left:-1.03092784%}.c-row-tight{margin-right:-1px;margin-left:0}.c-row-tile{position:relative;margin:0 -.17rem}.c-row-tile .c-row{padding:0 .17rem}.c-row-top{position:relative;margin-top:-.1rem}.c-row-top .c-row:first-child{padding-top:.1rem}.c-row-bottom{position:relative;margin-bottom:-.08rem}.c-row-bottom .c-row:last-child{padding-bottom:.08rem}.c-row *,.c-row-tile *,.c-row-top *,.c-row-bottom *{-webkit-box-sizing:border-box;box-sizing:border-box}.c-span1,.c-span2,.c-span3,.c-span4,.c-span5,.c-span6,.c-span7,.c-span8,.c-span9,.c-span10,.c-span11,.c-span12{position:relative;min-height:1px;padding-right:1.03092784%;padding-left:1.03092784%}.c-row-tight .c-span1,.c-row-tight .c-span2,.c-row-tight .c-span3,.c-row-tight .c-span4,.c-row-tight .c-span5,.c-row-tight .c-span6,.c-row-tight .c-span7,.c-row-tight .c-span8,.c-row-tight .c-span9,.c-row-tight .c-span10,.c-row-tight .c-span11,.c-row-tight .c-span12{padding-right:1px;padding-left:0}.c-span1{width:8.33333333%;-webkit-box-flex:1;-webkit-flex:1 1 auto}.c-span2{width:16.66666667%;-webkit-box-flex:2;-webkit-flex:2 2 auto}.c-span3{width:25%;-webkit-box-flex:3;-webkit-flex:3 3 auto}.c-span4{width:33.33333333%;-webkit-box-flex:4;-webkit-flex:4 4 auto}.c-span5{width:41.66666667%;-webkit-box-flex:5;-webkit-flex:5 5 auto}.c-span6{width:50%;-webkit-box-flex:6;-webkit-flex:6 6 auto}.c-span7{width:58.33333333%;-webkit-box-flex:7;-webkit-flex:7 7 auto}.c-span8{width:66.66666667%;-webkit-box-flex:8;-webkit-flex:8 8 auto}.c-span9{width:75%;-webkit-box-flex:9;-webkit-flex:9 9 auto}.c-span10{width:83.33333333%;-webkit-box-flex:10;-webkit-flex:10 10 auto}.c-span11{width:91.66666667%;-webkit-box-flex:11;-webkit-flex:11 11 auto}.c-span12{width:100%;-webkit-box-flex:12;-webkit-flex:12 12 auto}.c-line-clamp2,.c-line-clamp3,.c-line-clamp4,.c-line-clamp5{display:-webkit-box;-webkit-box-orient:vertical;overflow:hidden;text-overflow:ellipsis;margin-bottom:.04rem}.c-line-clamp2{-webkit-line-clamp:2}.c-line-clamp3{-webkit-line-clamp:3}.c-line-clamp4{-webkit-line-clamp:4}.c-line-clamp5{-webkit-line-clamp:5}.c-line-clamp1{display:block;overflow:hidden;text-overflow:ellipsis;white-space:nowrap}.c-line-top{border-top:1px solid #f1f1f1}.c-line-dotted-top{border-top:1px dotted #f1f1f1}.c-line-bottom{border-bottom:1px solid #f1f1f1}.c-line-dotted-bottom{border-bottom:1px dotted #f1f1f1}.c-color{color:#333}.c-color-gray-a{color:#666}.c-color-gray{color:#999}.c-color-link{color:#00c}.c-color-url{color:#2a9457}.c-color-red{color:#e43}.c-color-red:visited{color:#e43}.c-color-orange{color:#f60}.c-color-orange:visited{color:#f60}.c-gap-top{margin-top:.08rem}.c-gap-right{margin-right:.08rem}.c-gap-bottom{margin-bottom:.08rem}.c-gap-left{margin-left:.08rem}.c-gap-top-small{margin-top:.04rem}.c-gap-right-small{margin-right:.04rem}.c-gap-bottom-small{margin-bottom:.04rem}.c-gap-left-small{margin-left:.04rem}.c-gap-top-large{margin-top:.12rem}.c-gap-right-large{margin-right:.12rem}.c-gap-bottom-large{margin-bottom:.12rem}.c-gap-left-large{margin-left:.12rem}.c-img{position:relative;display:block;width:100%;border:0 none;background:#f7f7f7 url(//m.baidu.com/static/search/image_default.png) center center no-repeat;margin:.04rem 0}.c-img img{width:100%}.c-img .c-img-text{position:absolute;left:0;bottom:0;width:100%;height:16px;background:rgba(51,51,51,.4);font-size:12px;line-height:16px;color:#fff;text-align:center}.c-img-s,.c-img-l,.c-img-w,.c-img-x,.c-img-y,.c-img-z{height:0;overflow:hidden}.c-img-s{padding-bottom:100%}.c-img-l{padding-bottom:133.33333333%}.c-img-w{padding-bottom:56.25%}.c-img-x{padding-bottom:75%}.c-img-y{padding-bottom:66.66666667%}.c-img-z{padding-bottom:40%}.c-table{width:100%;border-collapse:collapse;border-spacing:0}.c-table th{white-space:nowrap}.c-table th,.c-table td{border-bottom:1px solid #f1f1f1;text-align:left;font-weight:400;padding:7px 0}.c-table-hihead th{padding:0;border-bottom:0 none;background-color:#f6f6f6;line-height:37px}.c-table-hihead div{background-color:#f6f6f6}.c-table-hihead th:first-child div{margin-left:-.17rem;padding-left:.17rem}.c-table-hihead th:last-child div{margin-right:-.17rem;padding-right:.17rem}.c-table-noborder th,.c-table-noborder td{border-bottom:0 none}.c-table-abstract th{position:relative;color:#999;padding-top:.04rem;padding-bottom:.1rem}.c-table-abstract th:after{content:'';width:100%;height:0;border-bottom:1px solid #f1f1f1;position:absolute;left:0;top:30px}.c-table-abstract td{padding-top:.02rem;padding-bottom:.02rem}.c-table-abstract th,.c-table-abstract td{border-bottom:0 none;padding-left:1.03092784%;vertical-align:top}.c-table-abstract th:first-of-type,.c-table-abstract td:first-of-type{padding-left:0}.c-table-shaft th{color:#999}.c-table-shaft td,.c-table-shaft th{border-right:1px solid #f1f1f1;text-align:center}.c-table-shaft td:last-child,.c-table-shaft th:last-child{border-right:0}.c-table-shaft tr:last-child td{border-bottom:0}.c-slink{width:auto;display:-webkit-box;-webkit-box-orient:horizontal;-webkit-box-direction:normal;-webkit-box-pack:justify;-webkit-box-align:stretch;-webkit-box-lines:single;display:-webkit-flex;-webkit-flex-direction:row;-webkit-justify-content:space-between;-webkit-align-items:stretch;-webkit-align-content:flex-start;-webkit-flex-wrap:nowrap}.c-slink a,.c-slink .c-slink-elem{position:relative;display:block;-webkit-box-flex:1;-webkit-flex:1 1 auto;width:16.66666667%;height:32px;line-height:32px;padding:0 6px;font-size:14px;text-align:center;text-decoration:none;color:#666;overflow:hidden;text-overflow:ellipsis;white-space:nowrap}.c-slink a:first-child::before,.c-slink .c-slink-elem:first-child::before,.c-slink a::after,.c-slink .c-slink-elem::after{content:"";width:1px;height:10px;background-color:#eee;position:absolute;top:11px;right:0}.c-slink a:first-child::before,.c-slink .c-slink-elem:first-child::before{left:0}.c-slink-strong{margin-bottom:1px}.c-slink-strong:last-child{margin-bottom:0}.c-slink-strong:last-child a,.c-slink-strong:last-child .c-slink-elem{border-bottom:1px solid #eee}.c-slink-strong a,.c-slink-strong .c-slink-elem{height:38px;margin-right:1px;line-height:38px;background-color:#f8f8f8}.c-slink-strong a:last-child,.c-slink-strong .c-slink-elem:last-child{margin-right:0}.c-slink-strong a:first-child::before,.c-slink-strong .c-slink-elem:first-child::before,.c-slink-strong a::after,.c-slink-strong .c-slink-elem::after{display:none}.c-text{display:inline-block;height:14px;padding:0 2px;margin-bottom:2px;text-decoration:none;vertical-align:middle;color:#fff;font-size:10px;line-height:15px;font-style:normal;font-weight:400;overflow:hidden}.c-text-danger{background-color:#f13f40}.c-text-public{background-color:#2b99ff}.c-text-box{display:inline-block;padding:1px;margin-bottom:2px;text-decoration:none;vertical-align:middle;font-size:10px;line-height:11px;height:10px;font-style:normal;font-weight:400;overflow:hidden;-webkit-box-sizing:content-box;box-sizing:content-box}.c-text-box-gray{color:#999;border:1px solid #e3e3e3}.c-text-box-orange{color:#f60;border:1px solid #f3d9c5}.c-text-box-pink{color:#ff4683;border:1px solid #ffc7da}.c-text-box-red{color:#f13f40;border:1px solid #efb9b9}.c-text-box-blue{color:#2b99ff;border:1px solid #b3d4f3}.c-text-box-green{color:#65b12c;border:1px solid #d7efc6}.c-text-box-yellow{color:#faa90e;border:1px solid #feecc9}.c-text-info{display:inline;color:#999;font-style:normal;font-weight:400;font-family:sans-serif}.c-index{display:inline-block;width:17px;height:15px;margin:0 5px 3px 0;text-align:center;vertical-align:middle;color:#999;font-size:14px;line-height:16px;overflow:hidden}.c-index-hot,.c-index-hot1{color:#fff;background-color:#ff2d46}.c-index-hot2{color:#fff;background-color:#ff7f49}.c-index-hot3{color:#fff;background-color:#ffaa3b}.c-btn{display:inline-block;padding:0 9px;width:100%;height:38px;line-height:37px;font-size:14px;font-weight:400;text-decoration:none;text-align:center;color:#333;background-color:#fff;border:1px solid #d9d9d9;border-bottom-color:#bababa;border-radius:3px;vertical-align:middle;overflow:hidden;outline:0;-webkit-tap-highlight-color:rgba(255,0,0,0)}.c-btn:visited{color:#333}.c-btn:active{border-color:#2b99ff}.c-btn .c-icon{position:relative;top:-1px;vertical-align:middle;font-size:10px;margin:0 6px}.c-btn-primary{background-color:#f8f8f8;border-color:#d0d0d0;border-bottom-color:#b2b2b2;-webkit-box-shadow:0 1px 1px 0 #e1e1e1;box-shadow:0 1px 1px 0 #e1e1e1}.c-btn-primary .c-icon{color:#02aaf8}.c-btn-disable{color:#aaa;background-color:#f9f9f9;border-color:#eee}.c-btn-disable:visited{color:#aaa}.c-btn-disable:active{border-color:#eee}.c-btn-disable .c-icon{color:#c8c8c8}.c-input{word-break:normal;word-wrap:normal;-webkit-appearance:none;appearance:none;display:inline-block;padding:0 12px;width:100%;height:38px;vertical-align:middle;line-height:normal;font-size:14px;color:#333;background-color:#fff;border:1px solid #eee;border-color:#ddd #eee #eee #ddd;border-radius:0;overflow:hidden;outline:0}.c-input::-webkit-input-placeholder{color:#999}.c-input:focus{border-color:#2b99ff}.c-input:disabled{color:#999;background-color:#f9f9f9;border-color:#e7e7e7}.c-dropdown{position:relative;background-color:#fff}.c-dropdown::before{font-family:cicons;content:"\e73c";display:inline-block;position:absolute;bottom:0;right:12px;color:#333;font-size:12px;width:12px;height:38px;line-height:38px}.c-dropdown&gt;label{display:block;color:#999;background-color:#fff;width:100%;height:26px}.c-dropdown&gt;select{word-break:normal;word-wrap:normal;position:relative;-webkit-appearance:none;appearance:none;display:inline-block;padding:0 28px 0 12px;width:100%;height:38px;vertical-align:middle;line-height:normal;font-size:14px;color:#333;background-color:transparent;border:1px solid #eee;border-color:#ddd #eee #eee #ddd;border-radius:0;overflow:hidden;outline:0}.c-dropdown-disable{background-color:#f9f9f9}.c-dropdown-disable&gt;label{color:#999}.c-dropdown-disable&gt;select{color:#999;border-color:#e7e7e7}@-webkit-keyframes c-loading-rotation{from{-webkit-transform:rotate(1deg)}to{-webkit-transform:rotate(360deg)}}.c-loading,.c-loading-zbios{text-align:center}.c-loading i{display:block;position:relative;font-size:30px;width:54px;height:54px;line-height:52px;color:#f3f3f3;margin:auto}.c-loading i::before{content:'';display:block;position:absolute;width:50px;height:50px;margin:auto;border-radius:50%;border:2px solid #f3f3f3;border-top-color:#ddd;-webkit-transform-origin:50% 50%;transform-origin:50% 50%;-webkit-animation:c-loading-rotation 1s ease 0s infinite normal;animation:c-loading-rotation 1s ease 0s infinite normal}.c-loading-zbios i{display:block;position:relative;font-size:48px;width:54px;height:54px;line-height:54px;color:#f3f3f3;margin:auto;-webkit-transform-origin:50% 50%;transform-origin:50% 50%;-webkit-animation:c-loading-rotation .5s linear 0s infinite normal;animation:c-loading-rotation .5s linear 0s infinite normal}.c-loading p,.c-loading-zbios p{color:#999;margin-top:8px;text-indent:.5em}.c-tabs{position:relative}.c-tabs-nav{position:relative;min-width:100%;height:38px;padding:0 .17rem;font-size:14px;white-space:nowrap;background-color:#f8f8f8;display:-webkit-box;-webkit-box-orient:horizontal;-webkit-box-direction:normal;-webkit-box-pack:justify;-webkit-box-align:stretch;-webkit-box-lines:single;display:-webkit-flex;-webkit-flex-direction:row;-webkit-justify-content:space-between;-webkit-align-items:stretch;-webkit-align-content:flex-start;-webkit-flex-wrap:nowrap}.c-tabs-nav *{-webkit-box-sizing:border-box;box-sizing:border-box}.c-tabs-nav-li{display:block;-webkit-box-flex:1;-webkit-flex:1 1 auto;width:16.66666667%;list-style:none;text-decoration:none;height:38px;line-height:38px;color:#333;text-align:center;text-overflow:ellipsis;white-space:nowrap;overflow:hidden}.c-tabs-nav .c-tabs-nav-selected{color:#38f;border-bottom:1px solid #38f}.c-tabs-nav-bottom{border-top:1px solid #eee;padding:0}.c-tabs-nav-bottom .c-tabs-nav-li{color:#999}.c-tabs-nav-bottom .c-tabs-nav-icon{display:none}.c-tabs-nav-bottom .c-tabs-nav-selected{position:relative;top:-1px;height:38px;line-height:39px;color:#333;background-color:#fff;border:1px solid #f1f1f1;border-color:#fff #f1f1f1 #38f}.c-tabs-nav-bottom .c-tabs-nav-selected:first-child{margin-left:-1px}.c-tabs-nav-bottom .c-tabs-nav-selected .c-tabs-nav-icon{display:inline-block}.c-tabs-nav-view{position:relative;height:38px;background-color:#f6f6f6;overflow:hidden}.c-tabs-nav-view .c-tabs-nav{display:block}.c-tabs-nav-view .c-tabs-nav .c-tabs-nav-li{display:inline-block;width:auto;padding:0 15px}.c-tabs-nav-toggle{position:absolute;top:0;right:0;z-index:9;display:block;text-align:center;width:38px;height:38px;border-left:1px solid #eee;background-color:#f6f6f6}.c-tabs-nav-toggle::before{display:inline-block;font-family:cicons;content:"\e73c";font-size:12px;color:#333;line-height:36px}.c-tabs-nav-layer{position:absolute;top:0;z-index:8;width:100%;background-color:#f6f6f6;border-bottom:1px solid #eee}.c-tabs-nav-layer p{color:#999;height:39px;line-height:39px;padding:0 15px;border-bottom:1px solid #eee}.c-tabs-nav-layer-ul .c-tabs-nav-li{display:inline-block;width:16.66666667%;padding:0}.c-tabs-nav-layer-ul .c-tabs-nav-selected{color:#38f}.c-tabs2 .c-tabs-view-content{overflow:hidden}.c-tabs2 .c-tabs-content{position:relative;float:left;display:none}.c-tabs2 .c-tabs-selected{display:block}.c-tabs2 .c-tabs-view-content-anim{transition:height .3s cubic-bezier(0.7,0,.3,1);-webkit-transition:height .3s cubic-bezier(0.7,0,.3,1);-ms-transition:height .3s cubic-bezier(0.7,0,.3,1);-moz-transition:height .3s cubic-bezier(0.7,0,.3,1);-o-transition:height .3s cubic-bezier(0.7,0,.3,1);transform:translate3d(0,0,0);-webkit-transform:translate3d(0,0,0);-ms-transition:translate3d(0,0,0);-moz-transition:translate3d(0,0,0);-o-transition:translate3d(0,0,0)}.c-tabs2 .c-tabs-stopanimate{transition:none;-webkit-transition:none;transform:none;-webkit-transform:none;-ms-transition:none;-moz-transition:none;-o-transition:none}.c-tabs2 .c-tabs-tabcontent{transition:transform .3s cubic-bezier(0.7,0,.3,1);-webkit-transition:transform .3s cubic-bezier(0.7,0,.3,1);-ms-transition:transform .3s cubic-bezier(0.7,0,.3,1);-moz-transition:transform .3s cubic-bezier(0.7,0,.3,1);-o-transition:transform .3s cubic-bezier(0.7,0,.3,1);transform:translate3d(0,0,0);-webkit-transform:translate3d(0,0,0);-ms-transition:translate3d(0,0,0);-moz-transition:translate3d(0,0,0);-o-transition:translate3d(0,0,0)}.c-scroll-wrapper,.c-scroll-wrapper-new{position:relative;overflow:hidden}.c-scroll-wrapper-new .c-scroll-touch{padding-left:.17rem;padding-right:.17rem}.c-scroll-parent-gap{padding:0 .11rem 0 .17rem}.c-scroll-parent-gap .c-scroll-element-gap{padding-right:.1rem}.c-scroll-indicator-wrapper{text-align:center;height:6px}.c-scroll-indicator-wrapper .c-scroll-indicator{vertical-align:top}.c-scroll-indicator{display:inline-block;position:relative;height:6px}.c-scroll-indicator .c-scroll-dotty{position:absolute;width:6px;height:6px;border-radius:50%;background-color:#999}.c-scroll-indicator .c-scroll-dotty-now{background-color:#999}.c-scroll-indicator span{display:block;float:left;width:6px;height:6px;border-radius:50%;background-color:#e1e1e1;margin-right:7px}.c-scroll-indicator span:last-child{margin-right:0}.c-scroll-touch{position:relative;overflow-x:auto;-webkit-overflow-scrolling:touch;padding-bottom:30px;margin-top:-30px;-webkit-transform:translateY(30px);transform:translateY(30px)}.c-location-wrap{overflow:hidden;padding:0 15px;background-color:#f7f7f7}.c-location-header-tips{font-size:13px}.c-location-header-btn{padding-top:8px;-webkit-box-flex:0;-webkit-flex:none}.c-location-header-btn div{display:inline-block}.c-location-header-btn-reload:after{content:"";display:inline-block;overflow:hidden;width:1px;height:10px;margin:0 8px;background-color:#ccc}.c-location-header-btn-788{display:none}.c-location-header-btn-in,.c-location-header-btn-reload{color:#333}.c-location-header-btn .c-icon{color:#666;vertical-align:top}.c-location-header-tips{color:#999}.c-location-header-tips-err{color:#c00}.c-location-header-tips-success{color:#38f}.c-location-header-btn-reload-ing .c-location-header-btn-787{display:none}.c-location-header-btn-reload-ing .c-location-header-btn-788{display:inline-block;color:#999;-webkit-animation-name:c_location_rotate;-webkit-animation-duration:1.5s;-webkit-animation-iteration-count:infinite;-webkit-animation-timing-function:linear}.c-location-header-btn-reload-ing{color:#999}@-webkit-keyframes c_location_rotate{from{-webkit-transform:rotate(0deg)}to{-webkit-transform:rotate(360deg)}}@keyframes c_location_rotate{from{transform:rotate(0deg)}to{transform:rotate(360deg)}}.c-location-header-btn-in-active,.c-location-header-btn-in-active .c-icon{color:#38f}.c-location-form{position:relative}.c-location-form .c-input{padding-right:70px}.c-location-input-close{position:absolute;z-index:10;top:1px;right:37px;display:none;width:36px;height:36px;line-height:36px;text-align:center;color:#ddd;font-size:16px}.c-location-form .c-input:focus{border-color:#ddd #eee #eee #ddd;background-color:#fff}.c-location-sub{position:absolute;z-index:10;top:1px;right:1px;width:36px;height:36px;border-left:1px solid #eee;line-height:36px;text-align:center;background-color:#fafafa}.c-location-body{display:none;padding-bottom:14px}.c-location-down{display:none;border:1px solid #eee;border-top:0;background-color:#fff;-webkit-tap-highlight-color:rgba(0,0,0,0)}.c-location-down-tips{height:38px;padding-left:12px;line-height:38px;background-color:#fafafa}.c-location-down-tips-close{padding-right:12px}.c-location-down-tips-close:before{content:"";display:inline-block;width:1px;height:10px;margin-right:8px;background-color:#ddd}.c-location-down li{padding:4px 12px;border-top:1px solid #f1f1f1}.c-navs{position:relative}.c-navs-bar{position:relative;min-width:100%;height:40px;white-space:nowrap;display:-webkit-box;-webkit-box-orient:horizontal;-webkit-box-direction:normal;-webkit-box-pack:justify;-webkit-box-align:stretch;-webkit-box-lines:single;display:-webkit-flex;-webkit-flex-direction:row;-webkit-justify-content:space-between;-webkit-align-items:stretch;-webkit-align-content:flex-start;-webkit-flex-wrap:nowrap}.c-navs .c-row-tile{border-bottom:1px solid #f1f1f1}.c-navs-sub .c-navs-bar{height:38px}.c-navs-bar *{-webkit-box-sizing:border-box;box-sizing:border-box}.c-navs-bar-li{display:block;-webkit-box-flex:1;-webkit-flex:1 1 auto;width:16.66666667%;height:40px;line-height:40px;list-style:none;text-decoration:none;color:#666;text-align:center;font-size:15px;-webkit-tap-highlight-color:transparent;padding:0 17px}.c-navs-sub .c-navs-bar-li{height:38px;line-height:38px}.c-navs-bar-li span{height:100%;display:inline-block;max-width:100%;text-overflow:ellipsis;white-space:nowrap;overflow:hidden}.c-navs-bar .c-navs-bar-selected span{color:#333;font-weight:700;border-bottom:2px solid #333}.c-navs-bar-view{position:relative;overflow:hidden}.c-navs-bar-view .c-navs-bar{display:block}.c-navs-bar-view .c-navs-bar .c-navs-bar-li{display:inline-block;width:auto;padding:0 17px}.c-navs-bar-toggle{position:absolute;top:0;right:0;width:34px;height:40px;background-color:#fff}.c-navs-sub .c-navs-bar-toggle{height:38px}.c-navs-bar-toggle i{width:0;height:0;right:17px;top:17px;border-right:5px solid transparent;border-top:5px solid #999;border-left:5px solid transparent;position:absolute}.c-navs-bar-layer{position:absolute;top:0;z-index:8;width:100%;background-color:#fff;overflow-x:hidden}.c-navs-bar-layer p{color:#999;padding:9px 17px 13px}.c-navs-sub .c-navs-bar-layer p{padding:8px 17px 13px}.c-navs-bar-layer .c-row{margin-bottom:17px}.c-navs-sub .c-navs-bar-toggle i{top:16px}.c-navs-bar-layer .c-navs-bar-toggle i{border-right:5px solid transparent;border-bottom:5px solid #999;border-left:5px solid transparent;border-top:0}.c-navs-bar-layer .c-navs-bar-li{height:33px;line-height:33px;text-align:center;font-size:14px;color:#333;width:33.33333333%;-webkit-box-flex:4;-webkit-flex:4 4 auto;padding-right:1.55367232%;padding-left:1.55367232%}.c-navs-bar-layer .c-span4.c-navs-bar-li span{display:inline-block;width:100%;border:1px solid #f1f1f1;border-bottom:1px solid #f1f1f1}.c-navs-bar-layer .c-span4.c-navs-bar-selected span{border:2px solid #333;line-height:31px}.c-navs-shadow{right:34px;position:absolute;top:0;width:10px;height:40px;background:-webkit-linear-gradient(left,rgba(255,255,255,0),#fff);background:linear-gradient(to right,rgba(255,255,255,0),#fff)}.c-navs-sub .c-navs-shadow{height:38px}.c-navs-bar-mask{position:absolute;z-index:7;top:0;left:0;background:rgba(0,0,0,.65);height:1024px;width:100%}.c-navs-sub .c-navs-bar-li span{border-bottom:0;font-size:14px}.s-group-container{margin-top:.1rem;margin-bottom:.1rem;line-height:22px}.s-cluster-container{margin-top:.1rem;margin-bottom:.1rem;line-height:22px;background:#fff}.s-cluster-content-fold&gt;.c-result:before,.s-cluster-content&gt;.c-result:before,.s-cluster-bar:before{content:'';display:block;margin:0 .16rem;border-top:1px solid #f1f1f1;height:0;overflow:hidden}.s-cluster-bar:before{margin:0}.s-cluster-content-fold&gt;.c-result:first-child:before,.s-cluster-content&gt;.c-result:first-child:before{display:none}.s-cluster-content-fold&gt;.c-result&gt;.c-container,.s-cluster-content&gt;.c-result&gt;.c-container{margin-top:0;margin-bottom:0}.s-cluster-title{height:.45rem;line-height:.45rem;font-weight:400;background:#fff;padding:0 .16rem;font-size:18px}.s-cluster-title i{float:right}.s-cluster-title-link .s-cluster-title{color:#333}.s-cluster-title-arrow{display:inline-block;-moz-transform:rotate(-90deg);-webkit-transform:rotate(-90deg);transform:rotate(-90deg)}.s-cluster-bar{height:.39rem;line-height:.39rem}.s-cluster-showmore,.s-cluster-hidemore{display:block;width:100%;height:100%;text-align:center;color:#666}.s-cluster-hidemore span{transform:rotate(180deg);-ms-transform:rotate(180deg);-moz-transform:rotate(180deg);-webkit-transform:rotate(180deg);display:inline-block}.s-cluster-hidemore{display:none}.s-cluster-bar-show .s-cluster-hidemore{display:block}.s-cluster-bar-show .s-cluster-showmore{display:none}.s-frame .s-frame-shownone{display:none}.s-frame .s-frame-borderbnone{border-bottom:0}.wnor-fanyi{display:none}.wnor-fanyi-btn{position:absolute;right:12px;bottom:0;padding:12px 12px 0}.wnor-fanyi-arrow{display:inline;position:relative}.wnor-fanyi-arrow::before{content:"\e68d";font-size:13px;line-height:16px;position:absolute;right:-16px;top:-1px;color:#666}.wnor-fanyi-arrow-show::before{content:"\e68e"}.wnor-fanyi-loading{text-align:center}.wnor-fanyi-loading-icon{display:inline-block;height:24px;line-height:24px;background:url(//m.baidu.com/static/search/ico_loading.gif) no-repeat;background-size:40px 24px;padding-left:44px}.wnor-fanli-a{float:right;color:#666}.wnor-fanli-strong-wrap{display:none}.wnor-fanli-strong-wrap a{padding:4px inherit}.wnor-fanli-strong-wrap .wnor-fanli-strong-mall{-webkit-align-items:center;-webkit-box-align:center}.wnor-fanli-strong-mall .c-img-w{padding-bottom:33.3%}.wnor-fanli-strong-item-right{display:-webkit-box;-webkit-box-orient:vertical;-webkit-box-direction:normal;-webkit-box-align:stretch;-webkit-box-pack:justify}.wnor-fanli-strong-item-right .c-color-link{-webkit-box-flex:1}.wnor-fanli-strong-item-right .wnor-fanli-strong-item-link{-webkit-box-flex:1;margin-top:15px}.wnor-fanli-strong-item-mallname{width:35%;display:inline-block;color:#999}.wnor-fanli-strong-item .wnor-fanli-strong-text{width:65%;display:inline-block}.wnor-fanli-strong-text{color:#999;text-align:right}.wnor-fanli-strong-rate{color:#f60}.wnor-fanli-strong-goto{color:#999;text-align:right}.wnor-fanli-strong-foot a{padding:0 1.81818182%;color:#666}.fluent-fav-logo{width:18px;height:18px;vertical-align:middle;background-size:18px 18px;overflow:hidden;margin-right:4px;margin-top:-2px;display:inline-block}.fluent-icon{background:url(data:image/png;base64,iVBORw0KGgoAAAANSUhEUgAAAGMAAAAqCAYAAACnbOUxAAAACXBIWXMAAAsTAAALEwEAmpwYAAAKTWlDQ1BQaG90b3Nob3AgSUNDIHByb2ZpbGUAAHjanVN3WJP3Fj7f92UPVkLY8LGXbIEAIiOsCMgQWaIQkgBhhBASQMWFiApWFBURnEhVxILVCkidiOKgKLhnQYqIWotVXDjuH9yntX167+3t+9f7vOec5/zOec8PgBESJpHmomoAOVKFPDrYH49PSMTJvYACFUjgBCAQ5svCZwXFAADwA3l4fnSwP/wBr28AAgBw1S4kEsfh/4O6UCZXACCRAOAiEucLAZBSAMguVMgUAMgYALBTs2QKAJQAAGx5fEIiAKoNAOz0ST4FANipk9wXANiiHKkIAI0BAJkoRyQCQLsAYFWBUiwCwMIAoKxAIi4EwK4BgFm2MkcCgL0FAHaOWJAPQGAAgJlCLMwAIDgCAEMeE80DIEwDoDDSv+CpX3CFuEgBAMDLlc2XS9IzFLiV0Bp38vDg4iHiwmyxQmEXKRBmCeQinJebIxNI5wNMzgwAABr50cH+OD+Q5+bk4eZm52zv9MWi/mvwbyI+IfHf/ryMAgQAEE7P79pf5eXWA3DHAbB1v2upWwDaVgBo3/ldM9sJoFoK0Hr5i3k4/EAenqFQyDwdHAoLC+0lYqG9MOOLPv8z4W/gi372/EAe/tt68ABxmkCZrcCjg/1xYW52rlKO58sEQjFu9+cj/seFf/2OKdHiNLFcLBWK8ViJuFAiTcd5uVKRRCHJleIS6X8y8R+W/QmTdw0ArIZPwE62B7XLbMB+7gECiw5Y0nYAQH7zLYwaC5EAEGc0Mnn3AACTv/mPQCsBAM2XpOMAALzoGFyolBdMxggAAESggSqwQQcMwRSswA6cwR28wBcCYQZEQAwkwDwQQgbkgBwKoRiWQRlUwDrYBLWwAxqgEZrhELTBMTgN5+ASXIHrcBcGYBiewhi8hgkEQcgIE2EhOogRYo7YIs4IF5mOBCJhSDSSgKQg6YgUUSLFyHKkAqlCapFdSCPyLXIUOY1cQPqQ28ggMor8irxHMZSBslED1AJ1QLmoHxqKxqBz0XQ0D12AlqJr0Rq0Hj2AtqKn0UvodXQAfYqOY4DRMQ5mjNlhXIyHRWCJWBomxxZj5Vg1Vo81Yx1YN3YVG8CeYe8IJAKLgBPsCF6EEMJsgpCQR1hMWEOoJewjtBK6CFcJg4Qxwicik6hPtCV6EvnEeGI6sZBYRqwm7iEeIZ4lXicOE1+TSCQOyZLkTgohJZAySQtJa0jbSC2kU6Q+0hBpnEwm65Btyd7kCLKArCCXkbeQD5BPkvvJw+S3FDrFiOJMCaIkUqSUEko1ZT/lBKWfMkKZoKpRzame1AiqiDqfWkltoHZQL1OHqRM0dZolzZsWQ8ukLaPV0JppZ2n3aC/pdLoJ3YMeRZfQl9Jr6Afp5+mD9HcMDYYNg8dIYigZaxl7GacYtxkvmUymBdOXmchUMNcyG5lnmA+Yb1VYKvYqfBWRyhKVOpVWlX6V56pUVXNVP9V5qgtUq1UPq15WfaZGVbNQ46kJ1Bar1akdVbupNq7OUndSj1DPUV+jvl/9gvpjDbKGhUaghkijVGO3xhmNIRbGMmXxWELWclYD6yxrmE1iW7L57Ex2Bfsbdi97TFNDc6pmrGaRZp3mcc0BDsax4PA52ZxKziHODc57LQMtPy2x1mqtZq1+rTfaetq+2mLtcu0W7eva73VwnUCdLJ31Om0693UJuja6UbqFutt1z+o+02PreekJ9cr1Dund0Uf1bfSj9Rfq79bv0R83MDQINpAZbDE4Y/DMkGPoa5hpuNHwhOGoEctoupHEaKPRSaMnuCbuh2fjNXgXPmasbxxirDTeZdxrPGFiaTLbpMSkxeS+Kc2Ua5pmutG003TMzMgs3KzYrMnsjjnVnGueYb7ZvNv8jYWlRZzFSos2i8eW2pZ8ywWWTZb3rJhWPlZ5VvVW16xJ1lzrLOtt1ldsUBtXmwybOpvLtqitm63Edptt3xTiFI8p0in1U27aMez87ArsmuwG7Tn2YfYl9m32zx3MHBId1jt0O3xydHXMdmxwvOuk4TTDqcSpw+lXZxtnoXOd8zUXpkuQyxKXdpcXU22niqdun3rLleUa7rrStdP1o5u7m9yt2W3U3cw9xX2r+00umxvJXcM970H08PdY4nHM452nm6fC85DnL152Xlle+70eT7OcJp7WMG3I28Rb4L3Le2A6Pj1l+s7pAz7GPgKfep+Hvqa+It89viN+1n6Zfgf8nvs7+sv9j/i/4XnyFvFOBWABwQHlAb2BGoGzA2sDHwSZBKUHNQWNBbsGLww+FUIMCQ1ZH3KTb8AX8hv5YzPcZyya0RXKCJ0VWhv6MMwmTB7WEY6GzwjfEH5vpvlM6cy2CIjgR2yIuB9pGZkX+X0UKSoyqi7qUbRTdHF09yzWrORZ+2e9jvGPqYy5O9tqtnJ2Z6xqbFJsY+ybuIC4qriBeIf4RfGXEnQTJAntieTE2MQ9ieNzAudsmjOc5JpUlnRjruXcorkX5unOy553PFk1WZB8OIWYEpeyP+WDIEJQLxhP5aduTR0T8oSbhU9FvqKNolGxt7hKPJLmnVaV9jjdO31D+miGT0Z1xjMJT1IreZEZkrkj801WRNberM/ZcdktOZSclJyjUg1plrQr1zC3KLdPZisrkw3keeZtyhuTh8r35CP5c/PbFWyFTNGjtFKuUA4WTC+oK3hbGFt4uEi9SFrUM99m/ur5IwuCFny9kLBQuLCz2Lh4WfHgIr9FuxYji1MXdy4xXVK6ZHhp8NJ9y2jLspb9UOJYUlXyannc8o5Sg9KlpUMrglc0lamUycturvRauWMVYZVkVe9ql9VbVn8qF5VfrHCsqK74sEa45uJXTl/VfPV5bdra3kq3yu3rSOuk626s91m/r0q9akHV0IbwDa0b8Y3lG19tSt50oXpq9Y7NtM3KzQM1YTXtW8y2rNvyoTaj9nqdf13LVv2tq7e+2Sba1r/dd3vzDoMdFTve75TsvLUreFdrvUV99W7S7oLdjxpiG7q/5n7duEd3T8Wej3ulewf2Re/ranRvbNyvv7+yCW1SNo0eSDpw5ZuAb9qb7Zp3tXBaKg7CQeXBJ9+mfHvjUOihzsPcw83fmX+39QjrSHkr0jq/dawto22gPaG97+iMo50dXh1Hvrf/fu8x42N1xzWPV56gnSg98fnkgpPjp2Snnp1OPz3Umdx590z8mWtdUV29Z0PPnj8XdO5Mt1/3yfPe549d8Lxw9CL3Ytslt0utPa49R35w/eFIr1tv62X3y+1XPK509E3rO9Hv03/6asDVc9f41y5dn3m978bsG7duJt0cuCW69fh29u0XdwruTNxdeo94r/y+2v3qB/oP6n+0/rFlwG3g+GDAYM/DWQ/vDgmHnv6U/9OH4dJHzEfVI0YjjY+dHx8bDRq98mTOk+GnsqcTz8p+Vv9563Or59/94vtLz1j82PAL+YvPv655qfNy76uprzrHI8cfvM55PfGm/K3O233vuO+638e9H5ko/ED+UPPR+mPHp9BP9z7nfP78L/eE8/sl0p8zAAAAIGNIUk0AAHolAACAgwAA+f8AAIDpAAB1MAAA6mAAADqYAAAXb5JfxUYAAAvbSURBVHja7Jt5cFXlGYefkLCE1QQJyKYUtDpqXSsCUsWiaIUqVuuOC1hr1RnFEWtVtIhoqwURtS5Yq6LVKriASlHjVnEFUbGiFVCB1opACISQhaR/5DnjN2fOvbm5uRWm+s6cOSdn+c533uX3vu/vu8mrr69n/zvPYRuVAuBSoAq4kf9zaZGjcfYFpgMH5Xh+7YCJGoTvjJGZbARGA68AdwLdcjRuHfAlsOE7Y2QuHwP9PT4beAvYOQfj5gH5QP233RgdgT2bMNabwA0e9wSOycH8tgDVQG0zxugGDAR6NGOMtkJx361hjB2BD4D3gFnAYRmO98fg+MAczK8CWK5B0sm5wCRgBDAWmArcCrwAvA68CoxrxjxaAw8D7wBnNdGIE4ABzTFGFdDK45HA34BfZzBefnD87xw5TKVVVTrpA1wGPGjCPx7YA/hKx0KnylbWAS8BHYDbgjEbkwnAlcDvMi0dk+QLPftpYFex+zpgJTAjw4nspQFLgnd1Bu4AXm5i9DYWGeOcV5EJ/0PPjwaOAy5Qmc3Ni1GUfA/4LM29vYA/AUP9e2lzjIHwMBz4e1AdXQCU6iFVKqqDij8EGBw8f5DbZhNwGfB5Fvhf4zuGCpclwArhp9TxEVLjzjAduMUtUzkKGGKULQzO1wd6eSfN86cBU3S8Gp1kXHONEVn0COBq4KcqczJwQor73wXOdBJLgXLhqg5Y38i7zlK5n1mZDRIOfqAxbgbeBxY5n1ZWbWMSDJEPzPP+C5po/E7AxcCJFjDrgjyKUV2W8NwuAUTWAtcDT+g05MIYkYJHAt8H/gX0NloOAVoCLwKfmjDbAH/OAgKOBu72XcuAfTTK28BaYDVwcKCYnxh1P9SIF8bGu88I2j+LuTzrvodOMde/e7v/KHb/8cDuwOEa8nyNsDIbuiFTiSbxgVs89O/QYBOA8YZqsUpuLEd0C6DlfqmP+Z7bU8VEhmgvBETyQmysS4GTjeQVWRijS6zPiaTc/cLY/T+3ijsYeGNbaPruDz4iCuE1wCiV9YdGnp8bYP+mwBBRF74xmGufoKF8Qy+M5CThYTIwOwdV3OsapFcAU1dZXQ7x79eAfzbXEKExzhRbf5TFGKe6ATwlHYL4+ZDvGAv8Jc0Y5YERDzDcBwG/AHYw4ha6rwoi+q5gjIEm3ffE/GylNkjYE21mPw94twFC0ogAXdoL0XHp6rUmwdQVlmuRty0F7gGea+T5vuYKgEdMenXB9cuBYZacJ6rQGxLGKVOJ3SwOjot9xFc+u174iSSKoKFi/UbgeeC3Gm2DuWeJnr7Z/JNOdg56rVOcxwLL6y5G3nzLfwLIjKibIg11jvpZZE7clKkxTrMxOcik1V/cfRz4VYoGrovXOwLXmCci/B9gFTTYyYXJLskY9cLZ4UChEfYssBj4q1A0JojEqNL71ET9rIofouKWGEUvAts5l//QwAJ/BDwpW7AmYS5FAb1zoh6/WtSoTKiOeqnoQcJkf2mctUb4IXbimzKFqfkq7jAVHMkxcjL40TsGlUWpXe4dwGPSEa9quFmWn2XAJUG0pMtRi2Jl7lSrt+2CGr+rTSjidqXJfbLnFwBHaogZGudzI+sEvbVU51lswZDUsKEyy4yALQG1ktT9V+gA9wLnqcshlt4rfH+Tq6nn3C5SIQ/TQIsDXOvxG97TUyUP8yOjpP24xpnpJNErL9TLU8lbds8lethUQ78mSO6nGpHVwAOBEaMmrLvv/cRo7yCsXRZ8x0PmtaXAo8BusUZ01xQlbCcjrJdONVvY7K6BV8bK2dbA3sF7sy5tpwC363kA/bT0WK3eM/D0nn7gdCmH2hTV1v2NzGVN4NljzEFdxO6R7o/33teDfFEfKGuRMDfMc9MSCEzsZRYA+1kwhNXb9kGEHKZT9hV+ewhZFSJAvcYYZu/zdKxcbxv0Kc3qMyqD44ttyDb4wlOd6EKVlo4UbGNTtCCD+TyhMfbQM9sHyTGskO5KePZRjTdSZRcDpwth8e7/4ACiimLXto/xWqs1QqERO0fYiiBqiQZ5ioa1nOkBrYINcs76jE5SImFn/QBwhri7d6y6ejSBMp5h+dyYzAhIvsVWeV+q0FeErIcSyMp7rahGBznvWhvF3yS8Z6yOuCLmJDsbLVUaYrDnLjIaSq3YKt16ATsJhZN0kqjAGOF8l+WyAx8jD5TEeo43qT4ThP+e4v0BgcH7CHP3ZLB+MVyvfcxzl5hEhxph78SibprN5XkypajQX+oAVbF37BH0CFcFJSrmhHxzzsxYJ97OZ0uD8z2M3sUWL72F42Krq5ctBHJmjLMNtfKEa51jJVsLk3rYALUymXXJcE7LAm8qNjILTdpxtvRpjTwqlpPm6vFJPNkklfuWHFa8byKWQ0I91cXO72v0RToY5XdO9e+bc0mHDLRMvC3F9Y56USQtLUU3JlDPm7PohvMauT4HODZmiMvF/VEJ9w8PomJ8gP2RHJgC56PyelXsW4+SGa4JvnW4jrM2gcdqljGutEZOgqgSqYp1MSqhKmHcOqMj1zI5gDNssCYKWf+I3dseuMnjmQlVTjFfLy/HHaelCv8yhgo7JXBgg72/2KTeJhfGKLEjvjfF9UG+9P3gXFu3sLzdYFLulYGnx6W6kQgZEaPPn7QPSorkS4WhzfYdcdlPg1VbOYayOTBKJIe6nxe791Yj5BJz0GOZ8lMFCWVodzH7fI31cIpn9wp4o5AY62JCC6Nik81VJ5IXZlJJ1PHXpLi+UHJwvWsg+cDPEu4bEBhgnCxrXE5x/65LBKH0U1dbYoXNV3y9sFVgU7ubOeNGnXCOue4ijzOOjH1UGHJSq9L0B0e4fzs4tyXGfEaySu9o6o/bSmJ5h4RxT7aKOl/vXhW7p7U5Jd+qb1qKsSJW9uOEa92D4gRJ1SH2FIWWti/Z48wPeLqnLKP7CWdzA+q9UWN090X9xMRZCRVE1J32t+NdmpCs478AnBXgaTYwlW7dfL8AyjqmYBP6SlWclIIYnBlUUkmUzRa/bUvAnUHDwtJym9WBjnN0rPKcYvOJnXqpTnFEY8ao1cpXBRicCqujjjmU/BT3z1axTV2P3t39hwnXWorPV1holJsvJphYd6RhUevcoERfnwIKjw2qqNkJFV2J+87qbLTf87HsbpQfjktBCt5njpkXoMozkp2DU+WMzibtEtcBnk+hpDOCTjyTerzMcL3FhHYCjf/8hqASqUwR1Z/5Ma/ZdD2pYcY5h8Kg/p+bpq+5XeNenQCJ7c2FUYFypXA7KgO+LZQX3A6VjjldXUdF0jkFCV4S4frjKbB6OA0/BHgkIRG2DRo9EqqMIunrlXrtHBW6McUHtE/TnFYBv4997CDL3R8HjO5vY8sCcSkPoidV3uotRA200buuiYYIpdRtiuMO1yA7FcTCMfwZ54MJA3ULwviahOu7uE9FHE400Y2nYcXsehoWiI6UcCOBukhXTcXlPWmTESbumTT/R9NrNPx6YeXuHPVIZXy9wjkJaBH3uIineT5F91goYfdSrL+I5E1JvJvSTOIVjd7PJq17CqqFIEqb+i8Bs8mdlJlHK8ni5zdNkLqCWCU0TUiYkKKCWU76Hy0so2FRJxP5JEalJMkSo6OcrSvzvomX5G3j/0ZWKGZ/kcC+bm1poQPn6cB15pU8zzcZHgvYtqWS9D8wzsa4bWlYjm3ncTu39m6FXu/gcetga6POWll91WmUwoCXywvyXLXnqqVUKuTyKoKcsVrOa+W2box00lplFtrslbh1dl/kcedAuW1VaPRcm63okMvtUz6QxVi/rRqjo6zn9sG+iAaWuGuw7aDiW3+Dc6vVsyvk3DZZmldYaETbOnPd2mBbZySUGVV1QV9W900bo0UAC13tlHva3/SmYeUs8uziLFjeJKlxq3WrCRS4weMNgUKj8+XuyzwfLbVGBoh+FFdJdms1//OcUaByI6/t5nEfFd5LpbdsZJx6lVIe7MMP3ywWR+vRFbF9dL48UPzGwKO3uNVuS3DQHGPEYaMLDStiHYJk2MGPLrcbftnmKQrlzYGXRVuV++pA6dV8C+S/AwBtwzZ86x6Q4wAAAABJRU5ErkJggg==) no-repeat;background-size:33px 14px;width:33px;height:14px;vertical-align:middle;overflow:hidden;margin-left:8px;display:inline-block}.wnor-piyao-wrap{margin-top:10px;border-top:1px solid #eee}.wnor-piyao-wrap i{float:right}.c-recomm-wrap{display:none}.c-recomm-cnt{max-height:.52rem;padding-left:.18rem;overflow:hidden;word-break:break-all}.c-recomm-wrap span{position:relative}.c-recomm-wrap i{display:inline-block;font-style:normal;font-size:16px;line-height:16px;height:.16rem;width:0;position:relative;left:-.18rem}.c-recomm-wrap a{display:inline;line-height:.27rem;font-size:13px;color:#00c;word-wrap:break-word;word-break:break-all;border-right:solid 1px #c2c2c2;padding-right:.08rem}.c-recomm-wrap a:nth-child(2){margin-left:0}.c-recomm-wrap a:nth-child(2)::before{display:none}.hint-toprq-tips{text-align:left;color:#666;white-space:nowrap}.hint-toprq-tips span,.hint-toprq-tips a{display:inline-block;white-space:nowrap;vertical-align:top;line-height:14px;font-size:14px}.hint-toprq-tips span{margin-left:.16rem;padding-top:.08rem}.hint-toprq-tips a{padding:.12rem;margin-left:.1rem;background-color:#fff;border-radius:3px;color:#333;padding-bottom:.08rem;padding-top:.08rem}.hint-toprq-tips{background-color:#f1f1f1;padding-top:.11rem;padding-bottom:.02rem;height:.29rem}.hint-toprq-tips a:last-child{margin-right:.16rem}.rs-toprq-wrapper{position:relative;background-color:#f1f1f1;display:none}.hint-toprq-cover{position:absolute;top:.1rem;right:0;width:.29rem;height:.32rem;background-image:linear-gradient(to right,rgba(241,241,241,0),#f1f1f1)}.hint-toprq-item-icon{font-size:14px;width:14px;height:14px;color:#9B9FA4;margin-left:.04rem}.scroll-toprq-wrapper{width:100%;background:#fff;-webkit-box-shadow:0 2px 2px rgba(0,0,0,.1);box-shadow:0 2px 2px rgba(0,0,0,.1);position:fixed;top:0;z-index:99;display:none}.scroll-toprq-wrapper .hint-toprq-tips{margin:14px 21px 13px}.scroll-toprq-wrapper .hint-toprq-tips a{display:inline;line-height:21px}.c-recomm-cluster{border-top:.1rem solid #f1f1f1}.se-relativewords{text-align:left;background-color:#fff;margin:.1rem 0}.se-relativewords .rw-title{font-size:17px;height:41px;line-height:45px;color:#262626;padding:0 .16rem;border-bottom:1px solid #f0f0f0}.se-relativewords .rw-list{padding:.07rem .16rem;font-size:14px}.se-relativewords .rw-item{display:inline-block;width:49%;white-space:nowrap;height:35px;line-height:35px;overflow-x:hidden;text-overflow:ellipsis}.se-relativewords .rw-item:nth-child(2n):before{content:"";border-left:1px solid #dadada;margin-right:8px}.se-relativewords .rw-title-icon{margin-left:3px;font-size:18px;color:#9B9FA4}.new-pagenav{position:relative;height:52px;line-height:52px;margin:.1rem 0;background:#fff}.new-pagenav-left,.new-pagenav-right{width:40%;white-space:nowrap;-webkit-box-flex:1;-webkit-flex:1 1 auto}.new-pagenav-center{-webkit-box-flex:0;-webkit-flex:none}.new-pagenav .c-icon{color:#797979;font-size:13px}.new-pagenav .icon-logo{color:#9b9fa4;font-size:18px}.new-prepage{display:block;text-align:right}.new-prepage .c-icon{margin-right:32%}.new-nextpage{display:block;text-align:left}.new-nextpage .c-icon{margin-left:32%}.new-firstpage{display:inline-block;color:#797979;text-align:right;width:48%}.new-firstpage .c-icon{margin-right:32%}.new-firstpage+.new-prepage{display:inline-block;width:48%}.new-firstpage+.new-prepage .c-icon{margin-right:64%}.new-nextpage-only{position:absolute;display:block;width:100%;color:#333!important;z-index:1}.icon-nextpage{position:absolute;right:25%}.forNoPrefetch{width:100%;text-align:center;letter-spacing:1px}.tagSearch-top-wrapper{position:relative;background-color:#f1f1f1;display:none}.tagSearch-top-tips{background-color:#f1f1f1;padding-top:.12rem;padding-bottom:.02rem;height:29px;text-align:left;color:#666;white-space:nowrap}.tagSearch-top-tips a{padding:0 .12rem;margin-left:.1rem;background-color:#fff;border-radius:3px;color:#333;font-size:14px;height:29px;line-height:29px;display:inline-block;white-space:nowrap;vertical-align:top}.tagSearch-top-tips a:last-child{margin-right:.16rem}.tagSearch-top-item.tagSearch-top-item-select{color:#38f;font-size:14px}.tagSearch-top-item.tagSearch-top-item-select:after{content:"\e61a";margin-left:4px;font-family:cicons!important;font-style:normal;-webkit-font-smoothing:antialiased}.tagSearch-top-toast .b-toast-wrapper{padding:8px 17px;line-height:34px;border-radius:6px}.hint-tagsearch-cover{position:absolute;top:.1rem;right:0;width:.29rem;height:32px;background-image:linear-gradient(to right,rgba(241,241,241,0),#f1f1f1)}#head,#head .logo,#more,.loading .ico-rotate{position:relative}#head .logo,.h-tab,.loading .ico-rotate,.arrow{display:block}#head{font-size:16px}#head .logo{background:url(//m.baidu.com/se/static/img/iphone/pagelogo.png) no-repeat;width:87px;height:28px;background-size:87px 28px;-webkit-background-size:87px 28px;margin-top:9px;margin-right:3px}#h-tabs{color:#666;height:44px;width:100%;padding:0 .17rem;box-sizing:border-box}.h-tab{display:block;color:#666}.tabTx{position:relative;display:inline-block;height:16px;line-height:16px;padding:21px 0 5px;border-bottom:2px solid transparent;width:39px}.cur{color:#38f;border-bottom:2px solid #38f}#mo{padding-bottom:2px;padding-right:0;width:44px;text-align:right}.more-show{color:#38f}.arrow{display:inline-block;position:relative;top:-2px;right:0}.arrow::before{content:"\e68d";font-size:13px;display:inline-block;width:9px;height:16px}.arrow-show::before{content:"\e68e";color:#2d73df}#more{clear:both;display:none;border-top:1px solid #e0e0e0;border-bottom:1px solid #e0e0e0;background:#f9f9f9;-webkit-box-shadow:inset 1px 0 0 #f9f9f9,inset 0 1px 0 #f0f0f0,inset 0 -1px 0 #f0f0f0,inset -1px 0 0 #f9f9f9;padding:16px 0;line-height:22px}.more-links{margin:0 10px;text-align:center}.more-links:last-child{margin-top:19px}.more-links a{display:inline-block;width:25%;color:#666}.se-head-tablink{display:none}.searchboxtop{padding:6px 0}.se-form{position:relative;clear:both;margin-left:.17rem;margin-right:.17rem;background:#fff;height:45px;border:1px solid #d2d2d2;box-sizing:content-box;border-radius:2px;box-shadow:0 2px 0 0 rgba(0,0,0,.03);margin-bottom:2px}.con-wrap{display:box;display:-webkit-box;display:-moz-box}.se-inner{width:82px;position:relative}.se-input,.se-encode{display:block;-webkit-box-flex:1;-moz-box-flex:1;box-flex:1;padding:7px 42px 7px 6px;height:45px;line-height:32px;margin:0;font-size:18px;-webkit-appearance:none;-webkit-box-sizing:border-box;-webkit-tap-highlight-color:rgba(255,255,255,0);background-color:transparent;color:#333;resize:none;overflow:hidden;font-family:Arial,Helvetica,sans-serif;border:0;border-radius:0}.se-bn{display:block;color:#38f;text-align:center;width:82px;height:45px;border-left:1px solid #f1f1f1;letter-spacing:-1px;box-sizing:border-box}.se-bn span{font-weight:700;font-style:normal;font-size:16px}#footer-wrap{padding:.1rem 0 .08rem}.se-bearicon{display:none}</style><script>var actionSta = 1;if (actionSta === 1) {var startTime = Date.now();} else {var endTime = Date.now();}if (actionSta === 1 || (endTime &amp;&amp; (endTime - startTime) &gt; 3000)) {actionSta = actionSta == 1 ? 'start' : 'end';new Image().src = '//hpd.baidu.com/v.gif?tid=365&amp;funcSta=whiteScreenEx&amp;sourceSta=wiseindex&amp;actionSta='+ actionSta + '&amp;logid=3909137074&amp;ssid=0'+ '&amp;ct=1&amp;cst=9&amp;logFrom=mid_news&amp;logInfo=stability';}</script><meta name="referrer" content="always" /><meta charset="utf-8" /><meta name="viewport" content="width=device-width,minimum-scale=1.0,maximum-scale=1.0,user-scalable=no" /><meta http-equiv="x-dns-prefetch-control" content="on" /><link rel="dns-prefetch" href="//m.baidu.com" /><link rel="shortcut icon" href="https://gss0.bdstatic.com/5bd1bjqh_Q23odCf/static/wiseindex/img/favicon.ico" type="image/x-icon" /><link rel="apple-touch-icon-precomposed" href="https://gss0.bdstatic.com/5bd1bjqh_Q23odCf/static/wiseindex/img/screen_icon.png" /><meta name="format-detection" content="telephone=no" /><noscript>&lt;style type="text/css"&gt;#page{display:none;}&lt;/style&gt;&lt;meta http-equiv="refresh" content="0; URL=http://m.baidu.com/?from=844b&amp;amp;vit=fps&amp;amp;pu=sz%401321_480&amp;amp;t_noscript=jump" /&gt;</noscript><title>中文+TesterHome - 百度</title><script type="text/javascript">window.onerror=function(m,b,n,l,k){var f="//hpd.baidu.com/v.gif";var c={tid:"259",ct:"1",cst:"9",logFrom:"mid_news",logInfo:"jsException",r:"l"+(Date.now()),logExtra:{rta:"wise"}};var d={};d.message=m||"";d.url=b||"";d.line=n||"";c.logExtra["excep"]=d;try{c.logExtra=JSON.stringify(c.logExtra)}catch(j){}var g="";for(var h in c){if(c.hasOwnProperty(h)){g+="&amp;"+h+"="+encodeURIComponent(c[h])}}var a=f+"?"+g.slice(1);new Image().src=a};;</script><style type="text/css" id="spa-base-style">#search-card {display: none;}</style><style type="text/css">@font-face {font-family: 'icons';src: url(https://gss0.bdstatic.com/5bd1bjqh_Q23odCf/static/wiseindex/iconfont/iconfont_9c0cdb21.eot);src: url(https://gss0.bdstatic.com/5bd1bjqh_Q23odCf/static/wiseindex/iconfont/iconfont_9c0cdb21.eot#iefix) format('embedded-opentype'),url(https://gss0.bdstatic.com/5bd1bjqh_Q23odCf/static/wiseindex/iconfont/iconfont_11a872b9.woff) format('woff'),url(https://gss0.bdstatic.com/5bd1bjqh_Q23odCf/static/wiseindex/iconfont/iconfont_0b0a971d.ttf) format('truetype'),url(https://gss0.bdstatic.com/5bd1bjqh_Q23odCf/static/wiseindex/iconfont/iconfont_b8b3267e.svg#iconfont) format('svg');font-weight: normal;font-style: normal;}i.ns-focus,i.ns-news,i.ns-novel,i.ns-video,i.ns-life,i.ns-map,i.ns-tieba,i.ns-app,i.ns-image,i.ns-website,i.ns-extend,i.ns-music,i.ns-listen {background: url(https://gss0.bdstatic.com/5bd1bjqh_Q23odCf/static/wiseindex/img/ns_diff_color_v2_3d39b4dd.png) no-repeat;background-size: 22px auto;}</style><script>var url =  location.href;if (url.indexOf('%23') != -1){location.href = url.replace(/%23/g, '#');}url =  location.href;if (url.indexOf('%7C') != -1){location.href = url.replace(/%7C/g, '|');}if (window.location.hash.match(/\&amp;iview\b.*/)) {var style = document.createElement('style');style.id = 'activitystyle';style.innerHTML = '#page {width:100%;position:absolute;top:-99999px;opacity:0;}';document.head.appendChild(style);setTimeout(function(){window.location.replace('');},0);}if (/#\iact/.exec(location.href) &amp;&amp; !(/\&amp;iview\b.*/.exec(location.href))) {var style = document.createElement('style');style.id = 'activitystyle';style.innerHTML = '#page {width:100%;position:absolute;top:-99999px;opacity:0;}';document.head.appendChild(style);}</script><style>body,h1,h2,h3,p,div,ol,ul,input,button{margin:0;padding:0}body{font-size:16px;line-height:1px;text-align:center;-webkit-text-size-adjust:none;max-width:100%;overflow-x:hidden;vertical-align:top;font-family:Arial,Helvetica,sans-serif}ol,ul{list-style:none}a{text-decoration:none;-webkit-tap-highlight-color:rgba(0,0,0,0)}input,button,textarea{border:0;border-radius:0;background:transparent;-webkit-appearance:none;-webkit-box-sizing:border-box;box-sizing:border-box}button{outline:0}.rec-item{text-align:left}html{font-size:100px}@media screen and (max-width:360px){html{font-size:90px;line-height:90px}};</style><style></style><script>window.rain = {stack: [],loadModule: function (moduleName) {window.rain.stack.push(moduleName);},event: {}};!function(v){var w=v.rain.event,h=w.firePool={};w.fire=function(mod,v,w){h[mod]=h[mod]||{},h[mod][v]=h[mod][v]||[],h[mod][v].push(w)}}(window);;</script><script>var actionSta = 2;if (actionSta === 1) {var startTime = Date.now();} else {var endTime = Date.now();}if (actionSta === 1 || (endTime &amp;&amp; (endTime - startTime) &gt; 3000)) {actionSta = actionSta == 1 ? 'start' : 'end';new Image().src = '//hpd.baidu.com/v.gif?tid=365&amp;funcSta=whiteScreenEx&amp;sourceSta=wiseindex&amp;actionSta='+ actionSta + '&amp;logid=3909137074&amp;ssid=0'+ '&amp;ct=1&amp;cst=9&amp;logFrom=mid_news&amp;logInfo=stability';}</script><style>#ujs42{width: 353px;height: 53px;margin: 0 auto;background: url(https://gss0.bdstatic.com/5bd1bjqh_Q23odCf/static/wiseindex/img/bd_activity_bg20170619_353.png);background-size: 353px 53px;-webkit-tap-highlight-color: transparent;background-repeat: no-repeat;opacity: 1;}#ujs42_5 {pointer-events: auto;position: absolute;left: 5px;bottom: 0px;width: 40px;height: 53px;background:url(https://gss0.bdstatic.com/5bd1bjqh_Q23odCf/static/wiseindex/img/wise_backflow_close.png) no-repeat 50% 50%;-webkit-background-size: 18px 18px;background-size: 18px 18px;}.ujs42_wrapper {position: fixed;bottom: 0;left: 0;z-index: 20;width: 100%;height: 53px;background: #1e1c3c;}</style><script data-require-id="wiseindex/superframe_0467623d" src="https://gss0.bdstatic.com/5bd1bjqh_Q23odCf/static/wiseindex/js/superframe_0467623d.js" async=""></script><script type="text/javascript" src="https://hm.baidu.com/hm.js?12423ecbc0e2ca965d84259063d35238" defer="defer"></script><script data-require-id="ecom/wise/home" src="https://m.baidu.com/static/ecom/js/wise/home/nativeAds_6fe5abc.js" async=""></script><script src="//s.bdstatic.com/common/openjs/openBox.js?_v=416235"></script><script type="text/javascript">(function(){window._uid='63A3346FC928A03FE546E7FC530F4D9C:FG=1';var B = window.B || {};B.comm = B.comm || {};B.comm.domLoadingTime = (window.performance &amp;&amp; window.performance.timing &amp;&amp; window.performance.timing.domLoading) ? window.performance.timing.domLoading : new Date().getTime();B.comm.isAndroid = 1;B.comm.isShowCallBaiduApp = 1;B.comm.lsConf={lsSuportKey:'lssp',lsVersionKey:'lsv',lsPrefix:'wise_se_'};window.B = B;window.page = B;})();!function(e,a){function o(e,o,t,n){a.cookie=e+"="+encodeURIComponent(o)+";domain="+t+";path=/;expires="+n.toGMTString()+";"}function t(e,o){var t=a.head||a.getElementsByTagName("head")[0],n=a.createElement("script");n.dataset.version=o,n.appendChild(a.createTextNode(e)),t.appendChild(n)}function n(e,o){var t=a.head||a.getElementsByTagName("head")[0],n=a.createElement("style");n.type="text/css",n.rel="stylesheet",n.dataset.version=o,n.appendChild(a.createTextNode(e)),t.appendChild(n)}function i(){var t=new Date;o(c.lsVersionKey,"",a.domain,t),o(c.lsVersionKey,"",".baidu.com",t),o(c.lsVersionKey,"",".m.baidu.com",t);var n=0;e.navigator.cookieEnabled&amp;&amp;(n=1);var i=e.location.hash.match(/src_(.*)[\||$]/);if(i)e.location.replace("/s?iscookie=1&amp;word="+i[1]);else{var s=e.location.href.replace(/(\/s\?)/,"/s?iscookie="+n+"&amp;");e.location.replace(s)}}function s(a,o){try{var s=e.localStorage,r=s.getItem(c.lsPrefix+a);if(r.length&lt;=100)return void i();"js"==o?t(r,a):"css"==o&amp;&amp;n(r,a)}catch(l){i()}}var c={lsSuportKey:"lssp",lsVersionKey:"lsv",lsPrefix:"wise_se_"};if(page&amp;&amp;page.comm&amp;&amp;page.comm.lsConf){var c=page.comm.lsConf;e.excuteLSCode=s}}(window,document);;if(window.Zepto){window._Zepto=Zepto;}</script><script type="text/javascript" data-version="globalTjs_99d50e7" data-key="globalTjs" class="code-to-write">!function(t){function n(){return e[i]=e[i]||t.apply(this,arguments),e[i]}window.B=window.B||{};var e=B.search=B.search||{},i="eventManager";n.apply(this,[])}(function(){function t(t,n){try{t.apply(this,n)}catch(e){window.console&amp;&amp;console.error&amp;&amp;console.error(e)}}function n(n,e,i,o){var a=this;a.hasEvent(n),"pending"==a.events[n].status&amp;&amp;(i&amp;&amp;(a.events[n].status="fulfilled"),a.callbacks[n].forEach(function(n){(!n.execed||o)&amp;&amp;(n.execed=!0,n.func&amp;&amp;"function"==typeof n.func&amp;&amp;(n.immediate?t(n.func,e):setTimeout(function(){t(n.func,e)},0)))}),a.realize[n]&amp;&amp;a.trigger(a.realize[n]))}var e=function(){this.callbacks={},this.events={},this.realize={ready:"afterready",load:"afterload",destroy:"afterdestroy"}};return e.prototype.hasEvent=function(t){var n=this;return void 0===n.events[t]?(n.callbacks[t]=[],n.events[t]={status:"pending"},!1):!0},e.prototype.on=function(t,n,e,i){var o=this;o.hasEvent(t),o.callbacks[t].push({func:n,once:e||!1,immediate:i===!1?!1:!0}),"fulfilled"==o.events[t].status&amp;&amp;o.fire(t)},e.prototype.one=function(t,n,e){this.on(t,n,!0,e)},e.prototype.dispatch=function(t){n.call(this,t,arguments,!1,!0)},e.prototype.trigger=function(t){n.call(this,t,arguments,!0)},e.prototype.fire=function(n){var e=this;e.callbacks[n].forEach(function(n){n.execed||(n.execed=!0,n.func&amp;&amp;"function"==typeof n.func&amp;&amp;(n.immediate?t(n.func,e.arguments):setTimeout(function(){t(n.func,e.arguments)},0)))})},e.prototype.clone=function(){var t=this,n=new e;n.events=t.events;for(var i in n.events)n.events[i].status="pending";n.callbacks={};for(var o in t.callbacks)n.callbacks[o]=[],t.callbacks[o].forEach(function(t){t.once||n.callbacks[o].push({func:t.func,execed:!1,immediate:t.immediate})});return n},e}),!function(t){function n(){return e[i]=e[i]||t.apply(this,arguments),e[i]}window.B=window.B||{};var e=B.search=B.search||{},i="Search";n.apply(this,[])}(function(){function t(t){return function(){e[t].apply(e,arguments)}}var n=window.B||{},e=new n.search.eventManager,i={on:t("on"),one:t("one"),trigger:t("trigger"),dispatch:t("dispatch"),restoreEvent:function(){e=e.clone()}};if(n.on=i.on,n.one=i.one,n.onload=function(t){n.one("load",t,!1)},n.init=function(t){n.one("init",t)},n._fireReady=function(){i.trigger("ready")},n._fireInit=function(){i.trigger("init")},window.addEventListener("load",function(){i.trigger("load")},!1),document.addEventListener("DOMContentLoaded",function(){i.trigger("DOMContentLoaded")},!1),!window.__sam_async_super&amp;&amp;!window.__sam_async_index){var o=[{status:18,time:6e3},{status:17,time:12e3}];o.forEach(function(t){setTimeout(function(){var n=document.getElementsByClassName("result").length,e=document.getElementsByClassName("se-noresult-tips").length,i=document.getElementsByClassName("se-page-bd").length?1:0;if(!n&amp;&amp;!e){var o=new Date;o.setTime(o.getTime()+3e5),document.cookie="WISEWR="+t.status+"_"+i+";domain=.baidu.com;path=/;expires="+o.toGMTString()+";"}},t.time)})}return i}),!function(){var t=window.A={};t.onload=B.onload,t.list=[],t.log={settings:{API_URL:"//m.baidu.com/tc?",PARAMS:{tcreq4log:1,clk_type:1,vit:"osres",l:1},sPARAMS:{}},send:function(t){var n=+new Date,e="WISE_ALADDIN_LOG_"+n,i=window[e]=new Image;i.onload=i.onerror=i.onabort=function(){i.onload=i.onerror=i.onabort=null,i=null,window[e]=null},i.src=t},init:function(n,e){if(n)for(var i in n)t.log.settings.PARAMS[i]=n[i];if(e)for(var o in e)t.log.settings.sPARAMS[o]=e[o]},list:{}};var n=null;t._setContainer=function(t){Array.isArray(t)&amp;&amp;(t=t[0]),t&amp;&amp;t.tagName&amp;&amp;(n=t)};var e=function(){for(var t=document.getElementsByTagName("script"),n=t[t.length-1];n&amp;&amp;n.getAttribute&amp;&amp;!n.getAttribute("srcid");)n=n.parentNode;return n&amp;&amp;n.getAttribute?n:document.body},i=!1;B.on("destroy",function(){i=!1,n=null,document.body.initIndex=0});var o=function(){var t;return i&amp;&amp;(n=e()),n||(t=e(),t&amp;&amp;(i=!0,n=t)),n};t._alaData=[];var a=function(t,n,e,i){var o;if(t.initIndex?o=i[i.length-1]:(o={container:t,data:{},handlers:[],index:i.length},t.initIndex=i.length+1,i.push(o)),"function"==typeof n)o.handlers.push(n);else if("object"==typeof n)for(var a in n)n.hasOwnProperty(a)&amp;&amp;(o.data[a]=n[a]);else o[n]=e;return o},r=[];t._tmpAlaData=[],t.merge=function(e,i,o,s){var c=null;if(""!=o&amp;&amp;(c=document.querySelector("[srcid='"+i+"'][order='"+o+"']")),c||(c=document.querySelector("[srcid='"+i+"']")),Array.isArray(c)&amp;&amp;(c=c[0]),c&amp;&amp;c.tagName){n=c;var u=a(c,{},null,t._tmpAlaData);u.type=s,""!==s&amp;&amp;(u.subData=[]),r.push(u),1===r.length?t._alaData.push(u):r[r.length-2].subData.push(u),e(),r.pop()}},t.init=t.setup=function(n,e){if(void 0!==n&amp;&amp;null!==n){if(t._initstart)return void("function"==typeof n&amp;&amp;n.call({container:document.body,data:{},srcid:"",log:""}));var i=r.length;if(0===i){var s=o();if(!s)return;a(s,n,e,t._alaData)}else{var c=r[i-1];if(!c||!c.container)return;var u=null;u=1===i?t._alaData:r[i-2].subData,a(c.container,n,e,u)}}};var s=window.Sa={},c=null;s._setContainer=function(t){t&amp;&amp;t.tagName&amp;&amp;(c=t)};var u=function(){return c},d=[],l=function(n,e,i){var r=o();if(r){r.initIndex||a(r,{},null,t._alaData);var s=a(n,e,i,d);if(!s.hasAdded){var c=r.initIndex,u=t._alaData[c-1];!u.santaData&amp;&amp;(u.santaData=[]),u.santaData.push(s),s.hasAdded=!0}}};s.setup=function(t,n){if(t){var e=u();e&amp;&amp;l(e,t,n)}}}(),!function(){window.B=window.B||{};var t=function(t){var n=this;switch(n._point={},n._cost={},n._point.init=n.now(),n._host="//m.baidu.com/speed/static/tj.gif?",n.id=n._point.init,n.option=t||{},n.option.type){case"feed_play":n.strategy={play:{type:"time",point:"play",send:!0}};break;case"mip_play":n.strategy={play:{type:"time",point:"play",send:!0}};break;default:n.monitor=n.option.monitor||{fs:{type:"img",selector:n.option.imgSelector,point:"img"}},n.strategy={net:{type:"time",point:"init"},firstSc:{type:"time",point:"fs",send:!0},imgSc:{type:"time",point:"img",send:n.option.imgSelector?!0:!1}};var e=window.performance&amp;&amp;window.performance.timing&amp;&amp;window.performance.timing.navigationStart;e&amp;&amp;(n._point.st=e)}n._send=[];for(var i in n.strategy)n.strategy[i].send&amp;&amp;n._send.push(i)};t.prototype={p:function(t,n){this._point[t]=n||this.now(),this._check(t)},t:function(t,n){this._cost[t]=n,this._check()},b:function(t){this.p(t)},e:function(t){this.p(t+"_end")},_deal:function(){},now:function(){return(new Date).getTime()},send:function(){var t=this;if(!t.sended){var n=Math.random();if(!(n&gt;=.5&amp;&amp;.52&gt;n))return void(t.sended=!0);var e=t._host+"pagetype=vertical&amp;type="+t.option.type;for(var i in t.strategy){var o=t.strategy[i];"time"==o.type&amp;&amp;t._point[o.point]&amp;&amp;t._point[o.begin||"st"]?t._cost[i]=t._point[o.point]-t._point[o.begin||"st"]:"point"==o.type&amp;&amp;t._point[o.point]&amp;&amp;(e+="&amp;"+i+"="+t._point[o.point])}for(var a in t._cost)e+="&amp;"+a+"="+t._cost[a];if(t.option.ext)for(var a in t.option.ext)e+="&amp;"+a+"="+t.option.ext[a];t.sended=!0;var r=new Image;r.src=e,delete t}},_imgMonitor:function(t){function n(){a--,0==a&amp;&amp;(e.p("img"),clearTimeout(s))}for(var e=this,i=document.querySelectorAll(t.selector),o=i.length,a=0,r=0;o&gt;r;r++)i[r].spdId||i[r].complete||(i[r].spdId=e.id,i[r].addEventListener("load",n),i[r].addEventListener("error",n),a++);if(0==a)e.p("img");else var s=setTimeout(function(){e.p("img")},3e4)},_check:function(t){var n=this,e=t&amp;&amp;n.monitor&amp;&amp;n.monitor[t];if(e&amp;&amp;"img"==e.type&amp;&amp;e.selector&amp;&amp;n._imgMonitor(e),!this.checked){var i=0;for(var o in n._send){var a=n._send[o],r=n.strategy[a];r.done?i++:r.point&amp;&amp;n._point[r.point]?(r.done=!0,i++):r.end&amp;&amp;n._point[r.end+"_end"]?(r.done=!0,i++):n._cost[a]&amp;&amp;(r.done=!0,i++)}i==n._send.length&amp;&amp;(n.checked=!0,n.send())}}},window.SpeedLog=B.SpeedLog=t}(),!function(){document.addEventListener("touchstart",function(){page.comm=page.comm||{},page.comm.enableTotop=!1},!1)}();</script><script type="text/javascript" data-version="routejs_604d86b" data-key="routejs" class="code-to-write">window.B=window.B||{},function(t){var a=function(){function a(t,a){m="virtual",b.routeStatus={action:"push",type:"virtual"};var e=t;if(e)if("base"==t){for(var r in y)d.remove(y[r]);d.set(t,a)}else d.set(t,a)}function e(){m="virtual",b.routeStatus={action:"back",type:"virtual"},history.back()}function r(){}function n(t,a){var e={};"function"==typeof a&amp;&amp;(e.doActivity=a),"object"==typeof a&amp;&amp;(e.doActivity=a.do,e.beforeActivity=a.before,e.afterActivity=a.after,e.destroy=a.destroy,e.ready=a.ready),l.regist(t,e)}function o(t){l.remove(t)}function i(t){var a=t.match(/#(.*)$/),e=a?a[0]:"";return 0===e.indexOf("#%7C")&amp;&amp;(e=e.replace(/%7C/,"|")),e||""}function u(t){var a,e,r=t.split("|"),n={};for(var o in r)a=r[o],""!=a&amp;&amp;(e=a.split("="),2==e.length&amp;&amp;(n[e[0]]=decodeURIComponent(e[1])));return n}function c(t,a,e,r){var n,o,i,u;r.forEach(function(t){var a=t.type;("removed"==a||"modified"==a)&amp;&amp;(o=t.key,u=t.oldValue),("added"==a||"modified"==a)&amp;&amp;(n=t.key,i=t.newValue)}),b.last={path:o||"base",params:u},b.path=n||"base",b.params=i,l.run(b.path,b).then(function(){m="natural",b.routeStatus={action:"history",type:"natural"}}),h.path=b.path,h.params=b.params}function s(){require(["sf/controller"],function(t){l=t})}function p(){if((d=t.hash)&amp;&amp;v!==!0){d.on("change",c);var a=u(i(location.href)),e={last:{path:"",params:""},path:"",params:""};for(var r in a)e.params=a[r],e.path=r,l.run(r,e).then(function(){m="natural"}),h.path=r,h.params=a[r];v=!0}}function f(){var t=u(i(location.href)),a="div.search-page,body div.se-page-hd";for(var e in t)if("act"==e||"base"==e&amp;&amp;"feed"==t[e]){var r=document.createElement("style");r.id="activitystyle",r.innerHTML=a+"{width:100%;position:absolute;top:-99999px;opacity:0;}",document.head.appendChild(r);break}}var d,l,h={},v=!1,y=["act"],m="natural",b={last:{},path:"",params:null,routeStatus:{action:"history",type:"natural"}};return f(),{push:a,replace:r,on:n,init:s,start:p,back:e,current:h,remove:o}};t.route||(t.route=new a)}(B);</script><script type="text/javascript" data-version="activityControllerjs_815cbd9" data-key="activityControllerjs" class="code-to-write">window.page=window.page||{},function(t){function a(){function a(){var t=location.href.match(/#(.*)$/),a=t?t[0]:"";return 0===a.indexOf("#%7C")&amp;&amp;(a=a.replace(/%7C/,"|")),a||""}function e(t){t&amp;&amp;t.last&amp;&amp;"base"===t.last.path&amp;&amp;(v=pageYOffset)}function n(t){var a,e,n=t.last.params,r=t.params;return e=u(r),t.last.path===t.path&amp;&amp;(a=u(n)),i(e,a,!1,t)}function r(t){var a=u(t.params);i(a,null,!0,t)}function i(a,e,n,r){var i=[],s=$.Deferred();for(var c in arguments)arguments[c]&amp;&amp;t.amd.exist(arguments[c].name)&amp;&amp;i.push(arguments[c].name);return i.length&gt;0&amp;&amp;(d={from:{path:r.last?r.last.path:null,params:r.last?u(r.last.params):null},to:{path:r.path,params:u(r.params)},status:r.routeStatus},require(i,function(t,r){var i=t===r;r||(r=t);var u={routeState:y,routeScope:d},c=new o;n?(a&amp;&amp;c.push(t.start,t,a.state,u),a&amp;&amp;c.push(t.resume,t,a.state,u)):i?(e&amp;&amp;c.push(r.destroy,r,e.state,u),a&amp;&amp;c.push(t.create,t,a.state,u)):(e&amp;&amp;c.push(r.stop,r,e.state,u),a&amp;&amp;c.push(t.create,t,a.state,u),e&amp;&amp;c.push(r.destroy,r,e.state,u)),c.push(function(){y="natural",d={}},this),c.excute(s)})),s}function o(){function t(t){return e=$.Deferred(),e.resolve(),$.each(n,function(){var t=this;e=e.then(function(){return t()})}),n=[],e.then(function(){t.resolve()})}function a(t,a){var e=2 in arguments&amp;&amp;Array.prototype.slice.call(arguments,2);"function"==typeof t&amp;&amp;n.push(function(){return t.apply(a,e?e:[])})}var e,n=[];return{push:a,excute:t}}function s(t){var a=t.last?u(t.last.params):null;i(null,a,!1,t)}function u(t){var a=/([^=]+)=?(.*)/,e=t?t.match(a):null;if(e&amp;&amp;e[1]){var n={};return n.name=e[1],n.state=e[2]?$.parseJSON(decodeURIComponent(e[2])):void 0,n}return!1}function c(a){y="virtual",a=a||{};a.silent===!0?!0:!1;if(a.activity)if("base"===a.activity)t.route.push("base");else{var e=a.state;a.activity.indexOf("activity/")&lt;0&amp;&amp;(a.activity="activity/"+a.activity),e=e?a.activity+"="+encodeURIComponent(JSON.stringify(a.state)):a.activity,t.route.push("act",e)}}function p(t){function e(){var a=t.state;a=a?t.activity+"="+encodeURIComponent(JSON.stringify(t.state)):t.activity;var e="|act="+encodeURIComponent(a);return-1===location.href.indexOf("#")&amp;&amp;(e="#"+e),e}function n(t){HASH.mute=!0,window.location.replace(t),setTimeout(function(){HASH.mute=!1},100)}t=t||{};t.silent===!0?!0:!1;if(t.activity){var r=a(),i=r.match(/(.*?)(\|act)\=(.*?)(%3D|$)(.*?)(\||$)(.*?)$/),o=actAfter="";if(null==i){if("base"===t.activity)return;n(window.location.href+e())}else{var s=location.protocol+"//"+location.host+location.pathname+location.search;if(o=i[1],actAfter=i[6]+i[7],"base"===t.activity)s+=o+actAfter;else{if(e()==="|act="+i[3]+"%3D"+i[5])return;s+=o+e()+actAfter}n(s)}}}function f(){(HASH=t.hash)&amp;&amp;h!==!0&amp;&amp;(t.route.init(),t.route.on("act",{before:e,"do":n,ready:r,destroy:s}),t.route.on("base",{"do":function(t){"base"==t.path&amp;&amp;"feed"!=t.params&amp;&amp;$("#activitystyle").remove()},ready:function(){"undefined"!=typeof v&amp;&amp;scrollTo(0,v)},destroy:function(){var t=$('&lt;style id="activitystyle"&gt;div.search-page,div.se-page-hd{width:100%;position:absolute;top:-99999px;opacity:0;}&lt;/style&gt;');$("head").append(t)}}),t.route.start(),h=!0)}function l(){y="virtual",t.route.back()}var v,h=!1,y="natural",d={};return{start:f,pushState:c,replaceState:p,back:l}}t.activity||(t.activity=new a)}(page);</script><style id="show_head" class="se-show-head-style" type="text/css">body .se-page-hd {visibility: visible;}.result-loading {display:none;}</style><style data-version="wwwBcss_9a09ac3" class="code-to-write" data-key="wwwBcss" type="text/css">.inapp-tuneup .inapp-btn-wrap{text-align:left;padding-top:6px;padding-bottom:3px}.inapp-tuneup .inapp-btn-wrap.resitem{padding-top:0;padding-bottom:13px}.inapp-tuneup .inapp-btn{display:inline-block;padding:0 10px;line-height:30px;height:30px;border:1px solid #B5D1FB;border-radius:3px;-webkit-border-radius:3px;background-color:#F2F7FF;color:#00c}.inapp-tuneup .inapp-btn .arr{display:inline-block;height:12px;width:12px;margin:0 6px 0 4px;background-image:url(data:image/png;base64,iVBORw0KGgoAAAANSUhEUgAAABkAAAAZCAYAAADE6YVjAAAArElEQVRIx2OwLr1/GIj/E4kZkDCxeg6TophcS/4PiCU2aAaRgtmAeBMxlpBrATMQryDWJ+RYwAjEc9HMaaa2JRPQzJiIHmeUWtKMpn8u1GdUs6QMTe8KaNwwUMuSLCD+h6RvEzR1MVDLElBwbETSsxeIObGoo9gnrEC8DIiPAzE3IfWUxAkzMRZQagnRmJaWUL1YGbVk1BLClthQyQJrSup4sjDdLDlMY0uOAABl1eMfjr1v5wAAAABJRU5ErkJggg==);background-size:12px 12px;-webkit-background-size:12px 12px;vertical-align:-2px}.inapp-tuneup .icon{width:12px;height:12px;margin:0 3px;vertical-align:-2px}.inapp-tuneup .other{color:#999;font-size:12px;margin-left:10px}.inapp-tuneup .title{color:#00c;font-size:17px;padding-bottom:4px;border-bottom:1px solid #F0F0F0;font-weight:400;padding:12px 10px 8px}.inapp-tuneup .wrap-title{margin:0 -10px}.inapp-tuneup .detail{color:#262626;font-size:14px;padding:9px 0 8px}#foot-blank{height:145px;display:none}.cross{position:absolute;top:0;left:-35px;width:35px;height:39px;bottom:0;display:none;background:url(//m.baidu.com/static/search/clear.png) no-repeat center;z-index:2;-webkit-background-size:16px;background-size:16px}.sug-visit{position:absolute;right:0;top:1px;bottom:1px;width:52px;z-index:1}.visit{padding:0 5px;line-height:18px;font-size:12px;right:7px;top:6px;color:#878787;position:absolute;border:1px solid #c8c8c8;border-radius:2px}.touched{background-color:#eef3fe!important}.suggest-div button{display:block;border:0;width:100%;height:100%;background:none transparent;-webkit-appearance:none;margin:0;font-size:16px;font-weight:700;line-height:22px;position:relative;text-align:left;color:#333;padding:6px 0 6px 5px;-webkit-box-sizing:border-box}.suggest-div .sug-his-graph{height:34px;line-height:20px}.sug-his-graph img{width:22px;height:22px;border:0;display:inline-block;vertical-align:middle}.sug-his-graph .sug-his-graph-kw{display:inline-block;vertical-align:middle}.sug-ent-btn .sug-ent-btn-tip{font-weight:400;font-size:12px;color:#aaa;line-height:14px;padding-top:3px}.suggest-div .direct button{padding:6px 5px}.sug-edit{position:absolute;right:0;top:0;bottom:0;width:52px;background:url(data:image/png;base64,iVBORw0KGgoAAAANSUhEUgAAABYAAAAWCAYAAADEtGw7AAAAAXNSR0IArs4c6QAAAARnQU1BAACxjwv8YQUAAAAgY0hSTQAAeiYAAICEAAD6AAAAgOgAAHUwAADqYAAAOpgAABdwnLpRPAAAAI5JREFUSEtjZCACLF261J6RkbELpPT///9l0dHRB4nQRlgJ0ODny5Yt+w/CIDZhHUSqgBkKo4nURljZqMHwMBohQQFK/ECvnkT3LgX8kyAzGZATPwWGgTMPSiYCGvyEWgYiGfyEAcjxoKaroWZ5EM52QBUjJLkRExajQUH7Qgg5E4HYxMQLUWpgmYiUxA8AOdLMz+iDKvIAAAAASUVORK5CYII=) no-repeat scroll center center #fff;background-size:11px 11px;-webkit-background-size:11px 11px;z-index:1}.sug-del{background-image:url(//m.baidu.com/static/search/sug_del.png)}.suggest-div{position:absolute;z-index:301;left:-1px;top:0;border:1px solid #b4b4b4;border-top:0;width:100%;background:#FFF;border-bottom-left-radius:2px;border-bottom-right-radius:2px;-webkit-border-bottom-left-radius:2px;-webkit-border-bottom-right-radius:2px;box-shadow:0 1px 3px rgba(0,0,0,.2);-webkit-box-shadow:0 1px 3px rgba(0,0,0,.2)}.suggest-close{position:absolute;right:0;bottom:0;text-align:center;color:#666;font-size:14px;line-height:35px;z-index:2;border-left:1px solid #c5c5c5;width:73px;-webkit-tap-highlight-color:rgba(0,0,0,0)}.suggest-close::after{border-left:1px solid #fff;position:absolute;top:0;bottom:0;left:0;content:''}.his,.sug{font-size:16px;line-height:22px;border-bottom:1px solid #f0f0f0;color:#555;word-break:break-all;text-align:left;-webkit-tap-highlight-color:rgba(0,0,0,0);position:relative;padding-right:50px}.sug{color:#878787}.suggest-logo,.brand-bear:before{background:url(//m.baidu.com/static/search/sug_logo.png) no-repeat;position:relative;display:inline-block;content:"";background-size:15px 15px;-webkit-background-size:15px 15px;width:15px;height:15px;top:2px;margin:0 4px 0 0}.suggest-logo{margin:7px 0 0 5px}.suggest-title{display:-webkit-box;height:34px;background:#f7f7f7;border-top:1px solid #d3d3d3;position:relative;top:-1px}.suggest-title .history-clear{color:#666;font-size:14px;line-height:34px;width:85px;height:34px;-webkit-tap-highlight-color:rgba(0,0,0,0)}.history-clear{border-right:1px solid #c5c5c5;padding:0 5px;position:relative}.history-clear::after{content:'';border-right:1px solid #fff;position:absolute;right:0;top:0;bottom:0}.his em,.sug em{font-weight:400;font-style:normal;color:#878787}div.direct{height:50px;padding-right:0}.directIcon{position:relative;margin:0 10px 0 0;float:left;vertical-align:middle}.directText{position:relative}.directText p{overflow:hidden;text-overflow:ellipsis;white-space:nowrap}.directText .title{line-height:22px;font-size:16px;color:#333}.directText .info{font-size:12px;line-height:12px;color:#878787;margin:2px 0}.directText .pre{white-space:pre}.directText .num{font-size:20px}.directText .leftBorder{font-size:12px;margin-left:10px;padding-left:10px;color:#878787;border-left:1px solid #BFBFBF}.directIcon1{margin:0 0 0 -3px}.directIcon1 .icon{position:relative;width:42px;height:42px;top:-2px;background-image:none}.directIcon1 i{font-size:40px;line-height:40px}.directIcon1 .sicon-qing{color:#FFB845}.directIcon1 .sicon-yin,.directIcon1 .sicon-nightyin,.directIcon1 .sicon-xue,.directIcon1 .sicon-nightxue,.directIcon1 .sicon-leidian,.directIcon1 .sicon-nightleidian,.directIcon1 .sicon-yu,.directIcon1 .sicon-nightyu,.directIcon1 .sicon-wu,.directIcon1 .sicon-duoyun{color:#00B7FA}.directIcon1 .sicon-wumai,.directIcon1 .sicon-nightwumai,.directIcon1 .sicon-shachen,.directIcon1 .sicon-nightshachen{color:#BABABA}.directIcon1 .sicon-nightqing,.directIcon1 .sicon-nightduoyun,.directIcon1 .sicon-nightwu{color:#4176AD}.directIcon1 .sicon-yin:before,.directIcon1 .sicon-nightyin:before{content:"\e600"}.directIcon1 .sicon-wumai:before,.directIcon1 .sicon-nightwumai:before{content:"\e637"}.directIcon1 .sicon-leidian:before,.directIcon1 .sicon-nightleidian:before{content:"\e601"}.directIcon1 .sicon-qing:before{content:"\e602"}.directIcon1 .sicon-shachen:before,.directIcon1 .sicon-nightshachen:before{content:"\e603"}.directIcon1 .sicon-wu:before{content:"\e604"}.directIcon1 .sicon-xue:before,.directIcon1 .sicon-nightxue:before{content:"\e605"}.directIcon1 .sicon-duoyun:before{content:"\e606"}.directIcon1 .sicon-yu:before,.directIcon1 .sicon-nightyu:before{content:"\e607"}.directIcon1 .sicon-nightqing:before{content:"\e62c"}.directIcon1 .sicon-nightduoyun:before{content:"\e62d"}.directIcon1 .sicon-nightwu:before{content:"\e62e"}.directText1{margin-left:42px}.directText1 .title{font-size:16px}.directText1 .right{padding:0 5px;line-height:18px;font-size:12px;right:2px;top:10px;color:#878787;position:absolute;border:1px solid #c8c8c8;border-radius:2px}.directIcon2 .icon{position:relative;top:10px;width:16px;height:16px;background-image:none}.directText2{margin-left:25px}.directText2 .info{line-height:14px;color:green}.directIcon3 .icon{position:relative;width:36px;height:36px;top:1px;background-image:none}.directText3{top:1px;margin-left:46px}.directText3 .title span{position:relative;top:-2px;border:1px solid #6FA4EF;border-radius:2px;color:#fff;text-shadow:1px 1px 1px #4F7DBD;background-color:#6FA4EF;padding:0 2px;line-height:18px;font-size:12px;margin-left:5px}.sug.direct.d4{min-height:50px;height:100%}.directText4 .ball{position:relative;float:left;font-size:12px;text-align:center;width:18px;height:18px;line-height:18px;margin:2px 2px 2px 0;color:#fff;border-radius:9px}.directText4 .redball{background:#bd0005}.directText4 .blueball{background:#2e569b}div.direct.d8,div.direct.d9,div.direct.d10,div.direct.d14,div.direct.d15{height:35px}.directText15 em{font-size:12px}.directText15 a{margin-left:1px;background:url(//m.baidu.com/static/index/sugtel.png) no-repeat;background-color:#689AF1;background-size:18px 18px;border-radius:10px;color:#fff;padding:0 5px 0 24px;background-position:1px 1px;margin-right:10px;border:1px solid #689AF1;text-decoration:none}.touched{background-color:#eef3fe!important}.suggest-item-last{border-bottom:0}.animate{-webkit-animation:ChangeColor 300ms linear}@-webkit-keyframes ChangeColor{0%{background:#dae6ff}50%{background:#dae6ff}100%{background:transparent}}.suggest-div button.sugat{padding:6px 0 6px 10px}.suggest-div button.sugat div{position:relative;float:left;top:1px;height:20px;width:20px;margin-right:10px}.sugat img{width:20px;height:20px}.suggest-title .suggest-at{font-size:12px;color:#777;line-height:34px;margin-left:10px}.suggest-title .suggest-at:after{content:"";position:relative;top:2px;left:6px;display:inline-block;width:10px;height:12px;background:url(//m.baidu.com/static/index/sug_at.png) no-repeat;-webkit-background-size:10px 12px;background-size:10px 12px}.suggest-panel.sug-oper{min-height:140px}.suggest-panel.sug-oper .suggest-content{border-right:1px solid #e4e4e4}.suggest-panel .suggest-oper{position:absolute;top:0;right:0;display:none;border-left:1px solid #e4e4e4}.suggest-panel.sug-oper .suggest-oper{display:block}.suggest-panel .sug-oper-btn{width:73px;height:70px;color:#777;font-size:11px;text-align:center;background:no-repeat center 13px;background-color:#fff;-webkit-background-size:24px 24px;background-size:24px 24px;padding-top:40px;-webkit-box-sizing:border-box;box-sizing:border-box;border-bottom:1px solid #f0f0f0}.suggest-panel .suggest-oper .suggest-oper-his{background-image:url(//m.baidu.com/static/index/sug-oper-his.png);border-bottom:1px solid #e2f0ff}.suggest-panel .suggest-oper.sug-active-his .suggest-oper-his{background-image:url(//m.baidu.com/static/index/sug-oper-his-active.png);background-color:#e2f0ff;color:#0078da}.suggest-panel .suggest-oper .suggest-oper-at{background-image:url(//m.baidu.com/static/index/sug-oper-at.png)}.suggest-panel .suggest-oper.sug-active-at .suggest-oper-at{background-image:url(//m.baidu.com/static/index/sug-oper-at-active.png);background-color:#e2f0ff;color:#0078da;border-bottom:1px solid #e2f0ff}.suggest-oper{display:none!important}.suggest-control{width:100%;height:100%;font-size:14px;-webkit-box-sizing:border-box;box-sizing:border-box;padding-right:63px}.suggest-control-more{position:relative;display:inline-block;color:#777;width:60%}.suggest-control-set{display:inline-block;color:#777;width:40%}.suggest-control-set .sicon-setting:before{position:relative;top:1px;content:"\e628";font-size:18px;line-height:18px;color:#b1b1b1;margin-right:4px}.sicon-logo:before{position:relative;top:1px;color:#b1b1b1;content:'\e681';font-size:18px;margin-right:4px}.suggest-control-more a,.suggest-control-more a:visited,.suggest-control-set a,.suggest-control-set a:visited{color:#777;padding:8px;line-height:35px}.suggest-control-more:after{content:"";display:inline-block;position:absolute;right:0;border-left:1px solid #d4d4d4;height:18px;top:9px}.sug-searchicon{display:none}.se-ft-promlink{padding:0 .16rem}.se-ft-promlink .footerlinkout{padding:6px 0}.se-ft-promlink .footerlinkbar{display:block;text-align:left;font-size:14px;color:#262626;height:39px;line-height:39px;border:1px solid #e0e0e0;padding-left:10px;background:#f9f9f9;overflow:hidden}.se-ft-promlink .footerlinkbar .baiduico{position:relative;float:left;background:url(//m.baidu.com/static/search/bdsl.png) no-repeat;background-size:25px 25px;-webkit-background-size:25px 25px;width:25px;height:25px;margin:6px 6px 0 0}.se-ft-promlink .footerlinkbar .linkico{position:relative;float:right;background:url(data:image/png;base64,iVBORw0KGgoAAAANSUhEUgAAAAwAAAAQCAYAAAAiYZ4HAAAAGXRFWHRTb2Z0d2FyZQBBZG9iZSBJbWFnZVJlYWR5ccllPAAAAyRpVFh0WE1MOmNvbS5hZG9iZS54bXAAAAAAADw/eHBhY2tldCBiZWdpbj0i77u/IiBpZD0iVzVNME1wQ2VoaUh6cmVTek5UY3prYzlkIj8+IDx4OnhtcG1ldGEgeG1sbnM6eD0iYWRvYmU6bnM6bWV0YS8iIHg6eG1wdGs9IkFkb2JlIFhNUCBDb3JlIDUuMy1jMDExIDY2LjE0NTY2MSwgMjAxMi8wMi8wNi0xNDo1NjoyNyAgICAgICAgIj4gPHJkZjpSREYgeG1sbnM6cmRmPSJodHRwOi8vd3d3LnczLm9yZy8xOTk5LzAyLzIyLXJkZi1zeW50YXgtbnMjIj4gPHJkZjpEZXNjcmlwdGlvbiByZGY6YWJvdXQ9IiIgeG1sbnM6eG1wPSJodHRwOi8vbnMuYWRvYmUuY29tL3hhcC8xLjAvIiB4bWxuczp4bXBNTT0iaHR0cDovL25zLmFkb2JlLmNvbS94YXAvMS4wL21tLyIgeG1sbnM6c3RSZWY9Imh0dHA6Ly9ucy5hZG9iZS5jb20veGFwLzEuMC9zVHlwZS9SZXNvdXJjZVJlZiMiIHhtcDpDcmVhdG9yVG9vbD0iQWRvYmUgUGhvdG9zaG9wIENTNiAoTWFjaW50b3NoKSIgeG1wTU06SW5zdGFuY2VJRD0ieG1wLmlpZDpBMDQ1OEUzMjRGNTAxMUUzQkNCRkM1MTMyODZCNTM4RSIgeG1wTU06RG9jdW1lbnRJRD0ieG1wLmRpZDpBMDQ1OEUzMzRGNTAxMUUzQkNCRkM1MTMyODZCNTM4RSI+IDx4bXBNTTpEZXJpdmVkRnJvbSBzdFJlZjppbnN0YW5jZUlEPSJ4bXAuaWlkOkEwNDU4RTMwNEY1MDExRTNCQ0JGQzUxMzI4NkI1MzhFIiBzdFJlZjpkb2N1bWVudElEPSJ4bXAuZGlkOkEwNDU4RTMxNEY1MDExRTNCQ0JGQzUxMzI4NkI1MzhFIi8+IDwvcmRmOkRlc2NyaXB0aW9uPiA8L3JkZjpSREY+IDwveDp4bXBtZXRhPiA8P3hwYWNrZXQgZW5kPSJyIj8+AJ3vMQAAAORJREFUeNp8kjEKwkAQRceYIoWIFwh4g1Rp01gJOYVgES+gXkDUA2gR8BKxsEljm8q9gXoAwUpQgn9hgmOymw+vmE8+m52/HaVUTEQZ/fQEQ/AggxxwBDPh9cEFeLaA1h5shO+DM3BtAa0FOIg5BKfaN/8DNAW5mEcgbQuUYAwK4U3AyhbQeoMI3IW3BAmZLsV6gQDcQI+9Hbg61K5Pbe7aAh53MRCe7iozBVzuwBfelrtqXNrh3YfC093MbVtKefeVcu7G2MOad16p4E5KUyCRx3IHEXfS+OeYdyyfd8BdNPQVYABi4ikpkErplwAAAABJRU5ErkJggg==);background-size:6px 9px;-webkit-background-size:6px 8px;width:6px;height:8px;margin:15px 12px 0}.return-link{text-align:center;padding:0}.ft-span{padding:0 18px;color:#555;font-size:13px;line-height:33px;display:inline-block;overflow:hidden}.ft-span.login-bot{max-width:110px;text-overflow:ellipsis}.ft-span.brand-item:after{content:'';display:inline-block;width:1px;background:#ccc;height:13px;left:18px;position:relative;top:2px}.ft-span:last-child:after{display:none}.login-bot .c-icon{position:relative;top:-1px}@media (max-width:359px){.ft-span.login-bot{display:block;margin:0 auto}.ft-span.feedback:after{display:none}}@media (max-width:214px){.ft-span.brand-item:after{display:none}}.se-copyright{padding:1px 0 14px;line-height:18px;font-size:13px;color:#aaa}.se-foot-logo .logo{background:url(//m.baidu.com/se/static/img/iphone/logo.png) no-repeat;width:130px;height:42px;background-size:130px 42px;-webkit-background-size:130px 42px;display:inline-block;margin:14px 0 0}.fankui-result-cover,.fankui-other-cover{position:absolute;top:0;left:0;right:0;bottom:0;z-index:305}.fankui-other-cover{background-color:rgba(255,255,255,.6)}.fankui-results-cover{z-index:150;background-color:rgba(76,76,76,.7)}.fankui-result-button{height:.36rem;width:.36rem;position:absolute;right:.2rem;bottom:.2rem;border-radius:.25rem;-webkit-border-radius:.25rem;background-color:#4794ff;color:#fff;font-size:.2rem}.fankui-title{margin-bottom:.18rem;margin-top:.08rem;text-align:left;font-size:.18rem;white-space:nowrap}.fankui-title-ala{margin-bottom:.1rem}.fankui-dialog{position:absolute;z-index:9999;width:100%;box-sizing:border-box;margin-top:0}.fankui-dialog .fankui-close{text-align:right}.fankui-dialog textarea{height:1.12rem;overflow:hidden;font-family:Arial,Helvetica,sans-serif;box-sizing:border-box;resize:none;padding:.09rem;margin-bottom:.12rem;margin-top:.14rem}.fankui-dialog .fankui-email{height:.38rem;padding:0 .09rem;margin-bottom:.12rem}.fankui-dialog .fankui-button{height:.54rem;margin-bottom:.12rem;float:right;font-size:.25rem;background-color:#ebebeb;color:#aaa;border-left:0;border:0}.fankui-dialog .fankui-preview-con{height:.54rem;display:none;top:0;right:0;position:absolute;background-repeat:no-repeat;background-position:center;background-size:cover;background-image:url(//m.baidu.com/se/static/img/iphone/preview_default.png)}.fankui-dialog .fankui-preview-img{height:.54rem;width:100%}.fankui-dialog .fankui-filename{height:.54rem;font-size:.14rem;color:#999;padding:0 .1rem;margin-bottom:.12rem;line-height:.54rem;text-align:left;margin-right:-.02rem;width:102%;border:1px solid #eee;border-right:0}.fankui-file,.fankui-frame{display:none}.fankui-dialog .fankui-submit{height:.38rem;color:#333}.fankui-select{height:.38rem!important;padding-left:.09rem!important}.fankui-result-con{position:absolute;top:0;left:0;right:0;bottom:0}.fankui-result-toast{width:1.51rem;height:.9rem;margin:auto;position:absolute;top:0;left:0;right:0;bottom:0;background:#333;border-radius:.06rem;z-index:1;padding-top:.18rem;box-sizing:border-box}.fankui-result-toast i{font-size:.3rem;color:#f60}.fankui-result-toast p{margin-top:.05rem;color:#fff}.fankui-header{position:fixed;top:0;height:.5rem;z-index:315;background:#333;color:#fff;width:100%}.fankui-header p{float:left;width:33%;height:.5rem;line-height:.5rem;text-align:left;padding-left:.15rem;box-sizing:border-box;font-size:.16rem;color:#fff}.fankui-header p.fankui-header-second{text-align:center;padding-left:0;padding-right:.2rem;font-size:.18rem}.fankui-header p.fankui-header-third{text-align:right;padding-right:.05rem}.fankui-header p.fankui-header-third i{margin-right:.04rem}.fankui-header-tip,.fankui-result-tip{height:38px;background-color:rgba(0,0,0,.76);color:#fff;box-sizing:border-box;font-size:.14rem}.fankui-header-tip span,.fankui-result-tip span{line-height:38px}.fankui-header-tip{width:3rem;z-index:310;margin-top:.15rem;right:.2rem;position:absolute;border-radius:.04rem 0 .04rem .04rem}.fankui-result-tip{width:2.2rem;border-radius:.04rem .04rem 0;position:absolute;right:75px;bottom:30px;padding-left:.15rem}.fankui-header-tip:before,.fankui-result-tip:before{content:"";width:0;height:0;display:block;position:absolute;top:-8px;right:0;border:4px solid #3d3e40;border-color:transparent #3d3e40 #3d3e40 transparent}.fankui-result-tip:before{border-color:transparent transparent #3d3e40 #3d3e40;right:-8px;top:30px}.fankui-footer{margin-top:.18rem;font-size:.14rem}.fankui-footer{color:#999}.fankui-footer a,.fankui-footer a:visited{color:#666}.fankui-footer .fankui-other{text-align:left}.fankui-footer .fankui-mine{text-align:right}.fankui-footer-ala{margin-top:.08rem;margin-bottom:.06rem}.fankui-popup-mask{background:rgba(0,0,0,.7)!important;position:absolute;top:0;left:0;right:0;bottom:0;z-index:999}.fankui-dialog input,.fankui-dialog textarea{color:#333;font-size:.14rem}.fankui-dialog input:-moz-placeholder,.fankui-dialog textarea:-moz-placeholder{color:#999;font-size:.14rem}.fankui-dialog input::-moz-placeholder,.fankui-dialog textarea::-moz-placeholder{color:#999;font-size:.14rem}.fankui-dialog input:-ms-input-placeholder,.fankui-dialog textarea:-ms-input-placeholder{color:#999;font-size:.14rem}.fankui-dialog input::-webkit-input-placeholder,.fankui-dialog textarea::-webkit-input-placeholder{color:#999;font-size:.14rem}.fankui-radio{margin-top:.11rem;padding-bottom:.11rem;border-bottom:1px solid #eee}.fankui-radio-name{float:left;font-size:.14rem}.fankui-radio-icon{float:right;color:#38f;width:.16rem;height:.16rem;font-size:14px;border:1px solid #ddd;position:relative}.fankui-radio-icon i{display:none;font-size:.1rem;position:absolute;top:-.02rem;left:.025rem}.fankui-radio-container .fankui-radio:last-child{border:0!important;padding-bottom:0}@media only screen and (min-width:568px){.se-page-relative{display:none}.se-page-bd{position:relative;padding-right:32%}.se-page-rcol{-webkit-box-sizing:border-box;position:absolute;overflow:hidden;right:0;top:.1rem;margin-top:-1px;width:32%}.se-reword{text-align:left;margin-bottom:6px;background:#fff;border:1px solid #e0e0e0;margin-right:7px}.se-reword .rw-item{width:100%}.se-reword .rw-item:nth-child(2n):before{content:none}.se-reword .rw-title{font-size:17px;height:41px;line-height:45px;color:#262626;padding:0 10px;border-bottom:1px solid #f0f0f0}.se-reword .rw-list{padding:0 10px;font-size:14px}.se-reword .rw-item{position:relative;display:block;height:48px;line-height:48px;text-overflow:ellipsis;border-bottom:1px solid #f5f5f5;white-space:nowrap;overflow-x:hidden}.se-reword .rw-item:last-child{border-bottom:0}.se-reword .rw-title{background-image:url(//m.baidu.com/tc?tcreq4log=1&amp;ct=22&amp;cst=1)}}@media only screen and (max-width:567px){.se-relativewords{display:block;background-image:url(//m.baidu.com/tc?tcreq4log=1&amp;ct=22&amp;cst=2)}.se-page-rcol{display:none}}.call{-webkit-tap-highlight-color:rgba(0,0,0,0);display:inline-block;position:relative;height:38px;width:51px;top:0;background-color:#f0f0f0;border:1px solid #cdcdcd;text-align:center}.call:first-child{border-right:0}.callicon-wrap{position:absolute;top:0;left:-39px;width:39px;height:100%;z-index:10}.baiduapp-icon{width:39px;height:100%;text-align:left}.baiduappcall-wrap{position:absolute;width:108px;top:53px;left:-19px;height:40px;text-align:left;display:none}.open .baiduappcall-wrap{display:block}.focus .callicon-wrap{display:none}.call.active:before{content:"";position:absolute;width:34px;height:34px;background-color:#dedede;top:2px;left:8px;z-index:1}.baiduapp-icon:after,.call:after{background:url(//m.baidu.com/static/index/promB/mmsicon.png) 1px 0 no-repeat;display:inline-block;content:"";height:20px;margin-top:9px;background-size:33px 19px;overflow:hidden;width:14px}.call:after{position:relative;z-index:2}.qrcode:after{width:22px;background-position:-13px 0;margin-left:3px}.baiduapp-icon:after{margin:13px 0 0}.baiduapp-icon:before{content:"";position:absolute;height:0;width:0;border:4px solid #fff;border-top-color:#717077;top:21px;right:12px}.open .baiduapp-icon:before{border-color:#fff;border-bottom-color:#717077;top:16px}.baiduappcall-wrap:after,.baiduappcall-wrap:before{content:"";position:absolute;top:-3px;left:23px;-webkit-transform:rotate(45deg);border:1px solid #cdcdcd;height:4px;width:4px}.baiduappcall-wrap:after{border:0;top:-1px;left:22px;width:8px;height:8px;background-color:#f0f0f0}</style><script type="text/javascript" data-version="framejs_b0cb0f5" data-key="framejs" class="code-to-write">var Zepto=function(){function t(t){return null==t?String(t):U[V.call(t)]||"object"}function e(e){return"function"==t(e)}function n(t){return null!=t&amp;&amp;t==t.window}function i(t){return null!=t&amp;&amp;t.nodeType==t.DOCUMENT_NODE}function r(e){return"object"==t(e)}function o(t){return r(t)&amp;&amp;!n(t)&amp;&amp;Object.getPrototypeOf(t)==Object.prototype}function a(t){return"number"==typeof t.length}function s(t){return N.call(t,function(t){return null!=t})}function u(t){return t.length&gt;0?E.fn.concat.apply([],t):t}function c(t){return t.replace(/::/g,"/").replace(/([A-Z]+)([A-Z][a-z])/g,"$1_$2").replace(/([a-z\d])([A-Z])/g,"$1_$2").replace(/_/g,"-").toLowerCase()}function l(t){return t in A?A[t]:A[t]=new RegExp("(^|\\s)"+t+"(\\s|$)")}function f(t,e){return"number"!=typeof e||L[c(t)]?e:e+"px"}function h(t){var e,n;return k[t]||(e=M.createElement(t),M.body.appendChild(e),n=getComputedStyle(e,"").getPropertyValue("display"),e.parentNode.removeChild(e),"none"==n&amp;&amp;(n="block"),k[t]=n),k[t]}function p(t){return"children"in t?O.call(t.children):E.map(t.childNodes,function(t){return 1==t.nodeType?t:void 0})}function d(t,e,n){for(T in e)n&amp;&amp;(o(e[T])||G(e[T]))?(o(e[T])&amp;&amp;!o(t[T])&amp;&amp;(t[T]={}),G(e[T])&amp;&amp;!G(t[T])&amp;&amp;(t[T]=[]),d(t[T],e[T],n)):e[T]!==x&amp;&amp;(t[T]=e[T])}function m(t,e){return null==e?E(t):E(t).filter(e)}function g(t,n,i,r){return e(n)?n.call(t,i,r):n}function v(t,e,n){null==n?t.removeAttribute(e):t.setAttribute(e,n)}function y(t,e){var n=t.className||"",i=n&amp;&amp;n.baseVal!==x;return e===x?i?n.baseVal:n:void(i?n.baseVal=e:t.className=e)}function b(t){var e;try{return t?"true"==t||("false"==t?!1:"null"==t?null:/^0/.test(t)||isNaN(e=Number(t))?/^[\[\{]/.test(t)?E.parseJSON(t):t:e):t}catch(n){return t}}function w(t,e){e(t);for(var n=0,i=t.childNodes.length;i&gt;n;n++)w(t.childNodes[n],e)}var x,T,E,S,j,P,C=[],O=C.slice,N=C.filter,M=window.document,k={},A={},L={"column-count":1,columns:1,"font-weight":1,"line-height":1,opacity:1,"z-index":1,zoom:1},_=/^\s*&lt;(\w+|!)[^&gt;]*&gt;/,D=/^&lt;(\w+)\s*\/?&gt;(?:&lt;\/\1&gt;|)$/,F=/&lt;(?!area|br|col|embed|hr|img|input|link|meta|param)(([\w:]+)[^&gt;]*)\/&gt;/gi,Z=/^(?:body|html)$/i,$=/([A-Z])/g,R=["val","css","html","text","data","width","height","offset"],z=["after","prepend","before","append"],W=M.createElement("table"),q=M.createElement("tr"),I={tr:M.createElement("tbody"),tbody:W,thead:W,tfoot:W,td:q,th:q,"*":M.createElement("div")},B=/complete|loaded|interactive/,H=/^[\w-]*$/,U={},V=U.toString,X={},Y=M.createElement("div"),J={tabindex:"tabIndex",readonly:"readOnly","for":"htmlFor","class":"className",maxlength:"maxLength",cellspacing:"cellSpacing",cellpadding:"cellPadding",rowspan:"rowSpan",colspan:"colSpan",usemap:"useMap",frameborder:"frameBorder",contenteditable:"contentEditable"},G=Array.isArray||function(t){return t instanceof Array};return X.matches=function(t,e){if(!e||!t||1!==t.nodeType)return!1;var n=t.webkitMatchesSelector||t.mozMatchesSelector||t.oMatchesSelector||t.matchesSelector;if(n)return n.call(t,e);var i,r=t.parentNode,o=!r;return o&amp;&amp;(r=Y).appendChild(t),i=~X.qsa(r,e).indexOf(t),o&amp;&amp;Y.removeChild(t),i},j=function(t){return t.replace(/-+(.)?/g,function(t,e){return e?e.toUpperCase():""})},P=function(t){return N.call(t,function(e,n){return t.indexOf(e)==n})},X.fragment=function(t,e,n){var i,r,a;return D.test(t)&amp;&amp;(i=E(M.createElement(RegExp.$1))),i||(t.replace&amp;&amp;(t=t.replace(F,"&lt;$1&gt;&lt;/$2&gt;")),e===x&amp;&amp;(e=_.test(t)&amp;&amp;RegExp.$1),e in I||(e="*"),a=I[e],a.innerHTML=""+t,i=E.each(O.call(a.childNodes),function(){a.removeChild(this)})),o(n)&amp;&amp;(r=E(i),E.each(n,function(t,e){R.indexOf(t)&gt;-1?r[t](e):r.attr(t,e)})),i},X.Z=function(t,e){return t=t||[],t.__proto__=E.fn,t.selector=e||"",t},X.isZ=function(t){return t instanceof X.Z},X.init=function(t,n){var i;if(!t)return X.Z();if("string"==typeof t)if(t=t.trim(),"&lt;"==t[0]&amp;&amp;_.test(t))i=X.fragment(t,RegExp.$1,n),t=null;else{if(n!==x)return E(n).find(t);i=X.qsa(M,t)}else{if(e(t))return E(M).ready(t);if(X.isZ(t))return t;if(G(t))i=s(t);else if(r(t))i=[t],t=null;else if(_.test(t))i=X.fragment(t.trim(),RegExp.$1,n),t=null;else{if(n!==x)return E(n).find(t);i=X.qsa(M,t)}}return X.Z(i,t)},E=function(t,e){return X.init(t,e)},E.extend=function(t){var e,n=O.call(arguments,1);return"boolean"==typeof t&amp;&amp;(e=t,t=n.shift()),n.forEach(function(n){d(t,n,e)}),t},X.qsa=function(t,e){var n,r="#"==e[0],o=!r&amp;&amp;"."==e[0],a=r||o?e.slice(1):e,s=H.test(a);return i(t)&amp;&amp;s&amp;&amp;r?(n=t.getElementById(a))?[n]:[]:1!==t.nodeType&amp;&amp;9!==t.nodeType?[]:O.call(s&amp;&amp;!r?o?t.getElementsByClassName(a):t.getElementsByTagName(e):t.querySelectorAll(e))},E.contains=M.documentElement.contains?function(t,e){return t!==e&amp;&amp;t.contains(e)}:function(t,e){for(;e&amp;&amp;(e=e.parentNode);)if(e===t)return!0;return!1},E.type=t,E.isFunction=e,E.isWindow=n,E.isArray=G,E.isPlainObject=o,E.isEmptyObject=function(t){var e;for(e in t)return!1;return!0},E.inArray=function(t,e,n){return C.indexOf.call(e,t,n)},E.camelCase=j,E.trim=function(t){return null==t?"":String.prototype.trim.call(t)},E.uuid=0,E.support={},E.expr={},E.map=function(t,e){var n,i,r,o=[];if(a(t))for(i=0;i&lt;t.length;i++)n=e(t[i],i),null!=n&amp;&amp;o.push(n);else for(r in t)n=e(t[r],r),null!=n&amp;&amp;o.push(n);return u(o)},E.each=function(t,e){var n,i;if(a(t)){for(n=0;n&lt;t.length;n++)if(e.call(t[n],n,t[n])===!1)return t}else for(i in t)if(e.call(t[i],i,t[i])===!1)return t;return t},E.grep=function(t,e){return N.call(t,e)},window.JSON&amp;&amp;(E.parseJSON=JSON.parse),E.each("Boolean Number String Function Array Date RegExp Object Error".split(" "),function(t,e){U["[object "+e+"]"]=e.toLowerCase()}),E.fn={forEach:C.forEach,reduce:C.reduce,push:C.push,sort:C.sort,indexOf:C.indexOf,concat:C.concat,map:function(t){return E(E.map(this,function(e,n){return t.call(e,n,e)}))},slice:function(){return E(O.apply(this,arguments))},ready:function(t){return B.test(M.readyState)&amp;&amp;M.body?t(E):M.addEventListener("DOMContentLoaded",function(){t(E)},!1),this},get:function(t){return t===x?O.call(this):this[t&gt;=0?t:t+this.length]},toArray:function(){return this.get()},size:function(){return this.length},remove:function(){return this.each(function(){null!=this.parentNode&amp;&amp;this.parentNode.removeChild(this)})},each:function(t){return C.every.call(this,function(e,n){return t.call(e,n,e)!==!1}),this},filter:function(t){return e(t)?this.not(this.not(t)):E(N.call(this,function(e){return X.matches(e,t)}))},add:function(t,e){return E(P(this.concat(E(t,e))))},is:function(t){return this.length&gt;0&amp;&amp;X.matches(this[0],t)},not:function(t){var n=[];if(e(t)&amp;&amp;t.call!==x)this.each(function(e){t.call(this,e)||n.push(this)});else{var i="string"==typeof t?this.filter(t):a(t)&amp;&amp;e(t.item)?O.call(t):E(t);this.forEach(function(t){i.indexOf(t)&lt;0&amp;&amp;n.push(t)})}return E(n)},has:function(t){return this.filter(function(){return r(t)?E.contains(this,t):E(this).find(t).size()})},eq:function(t){return-1===t?this.slice(t):this.slice(t,+t+1)},first:function(){var t=this[0];return t&amp;&amp;!r(t)?t:E(t)},last:function(){var t=this[this.length-1];return t&amp;&amp;!r(t)?t:E(t)},find:function(t){var e,n=this;return e=t?"object"==typeof t?E(t).filter(function(){var t=this;return C.some.call(n,function(e){return E.contains(e,t)})}):1==this.length?E(X.qsa(this[0],t)):this.map(function(){return X.qsa(this,t)}):[]},closest:function(t,e){var n=this[0],r=!1;for("object"==typeof t&amp;&amp;(r=E(t));n&amp;&amp;!(r?r.indexOf(n)&gt;=0:X.matches(n,t));)n=n!==e&amp;&amp;!i(n)&amp;&amp;n.parentNode;return E(n)},parents:function(t){for(var e=[],n=this;n.length&gt;0;)n=E.map(n,function(t){return(t=t.parentNode)&amp;&amp;!i(t)&amp;&amp;e.indexOf(t)&lt;0?(e.push(t),t):void 0});return m(e,t)},parent:function(t){return m(P(this.pluck("parentNode")),t)},children:function(t){return m(this.map(function(){return p(this)}),t)},contents:function(){return this.map(function(){return O.call(this.childNodes)})},siblings:function(t){return m(this.map(function(t,e){return N.call(p(e.parentNode),function(t){return t!==e})}),t)},empty:function(){return this.each(function(){this.innerHTML=""})},pluck:function(t){return E.map(this,function(e){return e[t]})},show:function(){return this.each(function(){"none"==this.style.display&amp;&amp;(this.style.display=""),"none"==getComputedStyle(this,"").getPropertyValue("display")&amp;&amp;(this.style.display=h(this.nodeName))})},replaceWith:function(t){return this.before(t).remove()},wrap:function(t){var n=e(t);if(this[0]&amp;&amp;!n)var i=E(t).get(0),r=i.parentNode||this.length&gt;1;return this.each(function(e){E(this).wrapAll(n?t.call(this,e):r?i.cloneNode(!0):i)})},wrapAll:function(t){if(this[0]){E(this[0]).before(t=E(t));for(var e;(e=t.children()).length;)t=e.first();E(t).append(this)}return this},wrapInner:function(t){var n=e(t);return this.each(function(e){var i=E(this),r=i.contents(),o=n?t.call(this,e):t;r.length?r.wrapAll(o):i.append(o)})},unwrap:function(){return this.parent().each(function(){E(this).replaceWith(E(this).children())}),this},clone:function(){return this.map(function(){return this.cloneNode(!0)})},hide:function(){return this.css("display","none")},toggle:function(t){return this.each(function(){var e=E(this);(t===x?"none"==e.css("display"):t)?e.show():e.hide()})},prev:function(t){return E(this.pluck("previousElementSibling")).filter(t||"*")},next:function(t){return E(this.pluck("nextElementSibling")).filter(t||"*")},html:function(t){return 0 in arguments?this.each(function(e){var n=this.innerHTML;E(this).empty().append(g(this,t,e,n))}):0 in this?this[0].innerHTML:null},text:function(t){return 0 in arguments?this.each(function(e){var n=g(this,t,e,this.textContent);this.textContent=null==n?"":""+n}):0 in this?this[0].textContent:null},attr:function(t,e){var n;return"string"!=typeof t||1 in arguments?this.each(function(n){if(1===this.nodeType)if(r(t))for(T in t)v(this,T,t[T]);else v(this,t,g(this,e,n,this.getAttribute(t)))}):this.length&amp;&amp;1===this[0].nodeType?!(n=this[0].getAttribute(t))&amp;&amp;t in this[0]?this[0][t]:n:x},removeAttr:function(t){return this.each(function(){1===this.nodeType&amp;&amp;v(this,t)})},prop:function(t,e){return t=J[t]||t,1 in arguments?this.each(function(n){this[t]=g(this,e,n,this[t])}):this[0]&amp;&amp;this[0][t]},data:function(t,e){var n="data-"+t.replace($,"-$1").toLowerCase(),i=1 in arguments?this.attr(n,e):this.attr(n);return null!==i?b(i):x},val:function(t){return 0 in arguments?this.each(function(e){this.value=g(this,t,e,this.value)}):this[0]&amp;&amp;(this[0].multiple?E(this[0]).find("option").filter(function(){return this.selected}).pluck("value"):this[0].value)},offset:function(t){if(t)return this.each(function(e){var n=E(this),i=g(this,t,e,n.offset()),r=n.offsetParent().offset(),o={top:i.top-r.top,left:i.left-r.left};"static"==n.css("position")&amp;&amp;(o.position="relative"),n.css(o)});if(!this.length)return null;var e=this[0].getBoundingClientRect();return{left:e.left+window.pageXOffset,top:e.top+window.pageYOffset,width:Math.round(e.width),height:Math.round(e.height)}},css:function(e,n){if(arguments.length&lt;2){var i=this[0],r=getComputedStyle(i,"");if(!i)return;if("string"==typeof e)return i.style[j(e)]||r.getPropertyValue(e);if(G(e)){var o={};return E.each(e,function(t,e){o[e]=i.style[j(e)]||r.getPropertyValue(e)}),o}}var a="";if("string"==t(e))n||0===n?a=c(e)+":"+f(e,n):this.each(function(){this.style.removeProperty(c(e))});else for(T in e)e[T]||0===e[T]?a+=c(T)+":"+f(T,e[T])+";":this.each(function(){this.style.removeProperty(c(T))});return this.each(function(){this.style.cssText+=";"+a})},index:function(t){return t?this.indexOf(E(t)[0]):this.parent().children().indexOf(this[0])},hasClass:function(t){return t?C.some.call(this,function(t){return this.test(y(t))},l(t)):!1},addClass:function(t){return t?this.each(function(e){if("className"in this){S=[];var n=y(this),i=g(this,t,e,n);i.split(/\s+/g).forEach(function(t){E(this).hasClass(t)||S.push(t)},this),S.length&amp;&amp;y(this,n+(n?" ":"")+S.join(" "))}}):this},removeClass:function(t){return this.each(function(e){if("className"in this){if(t===x)return y(this,"");S=y(this),g(this,t,e,S).split(/\s+/g).forEach(function(t){S=S.replace(l(t)," ")}),y(this,S.trim())}})},toggleClass:function(t,e){return t?this.each(function(n){var i=E(this),r=g(this,t,n,y(this));r.split(/\s+/g).forEach(function(t){(e===x?!i.hasClass(t):e)?i.addClass(t):i.removeClass(t)})}):this},scrollTop:function(t){if(this.length){var e="scrollTop"in this[0];return t===x?e?this[0].scrollTop:this[0].pageYOffset:this.each(e?function(){this.scrollTop=t}:function(){this.scrollTo(this.scrollX,t)})}},scrollLeft:function(t){if(this.length){var e="scrollLeft"in this[0];return t===x?e?this[0].scrollLeft:this[0].pageXOffset:this.each(e?function(){this.scrollLeft=t}:function(){this.scrollTo(t,this.scrollY)})}},position:function(){if(this.length){var t=this[0],e=this.offsetParent(),n=this.offset(),i=Z.test(e[0].nodeName)?{top:0,left:0}:e.offset();return n.top-=parseFloat(E(t).css("margin-top"))||0,n.left-=parseFloat(E(t).css("margin-left"))||0,i.top+=parseFloat(E(e[0]).css("border-top-width"))||0,i.left+=parseFloat(E(e[0]).css("border-left-width"))||0,{top:n.top-i.top,left:n.left-i.left}}},offsetParent:function(){return this.map(function(){for(var t=this.offsetParent||M.body;t&amp;&amp;!Z.test(t.nodeName)&amp;&amp;"static"==E(t).css("position");)t=t.offsetParent;return t})}},E.fn.detach=E.fn.remove,["width","height"].forEach(function(t){var e=t.replace(/./,function(t){return t[0].toUpperCase()});E.fn[t]=function(r){var o,a=this[0];return r===x?n(a)?a["inner"+e]:i(a)?a.documentElement["scroll"+e]:(o=this.offset())&amp;&amp;o[t]:this.each(function(e){a=E(this),a.css(t,g(this,r,e,a[t]()))})}}),z.forEach(function(e,n){var i=n%2;E.fn[e]=function(){var e,r,o=E.map(arguments,function(n){return e=t(n),"object"==e||"array"==e||null==n?n:X.fragment(n)}),a=this.length&gt;1;return o.length&lt;1?this:this.each(function(t,e){r=i?e:e.parentNode,e=0==n?e.nextSibling:1==n?e.firstChild:2==n?e:null;var s=E.contains(M.documentElement,r);o.forEach(function(t){if(a)t=t.cloneNode(!0);else if(!r)return E(t).remove();r.insertBefore(t,e),s&amp;&amp;w(t,function(t){null==t.nodeName||"SCRIPT"!==t.nodeName.toUpperCase()||t.type&amp;&amp;"text/javascript"!==t.type||t.src||window.eval.call(window,t.innerHTML)})})})},E.fn[i?e+"To":"insert"+(n?"Before":"After")]=function(t){return E(t)[e](this),this}}),X.Z.prototype=E.fn,X.uniq=P,X.deserializeValue=b,E.zepto=X,E}();window.$=window.Zepto=Zepto,function(t){function e(t){return t._zid||(t._zid=h++)}function n(t,n,o,a){if(n=i(n),n.ns)var s=r(n.ns);return(g[e(t)]||[]).filter(function(t){return!(!t||n.e&amp;&amp;t.e!=n.e||n.ns&amp;&amp;!s.test(t.ns)||o&amp;&amp;e(t.fn)!==e(o)||a&amp;&amp;t.sel!=a)})}function i(t){var e=(""+t).split(".");return{e:e[0],ns:e.slice(1).sort().join(" ")}}function r(t){return new RegExp("(?:^| )"+t.replace(" "," .* ?")+"(?: |$)")}function o(t,e){return t.del&amp;&amp;!y&amp;&amp;t.e in b||!!e}function a(t){return w[t]||y&amp;&amp;b[t]||t}function s(n,r,s,u,l,h,p){var d=e(n),m=g[d]||(g[d]=[]);r.split(/\s/).forEach(function(e){if("ready"==e)return t(document).ready(s);var r=i(e);r.fn=s,r.sel=l,r.e in w&amp;&amp;(s=function(e){var n=e.relatedTarget;return!n||n!==this&amp;&amp;!t.contains(this,n)?r.fn.apply(this,arguments):void 0}),r.del=h;var d=h||s;r.proxy=function(e){if(e=c(e),!e.isImmediatePropagationStopped()){e._data=u,e.data=t.extend({},u,e._args);var i=d.apply(n,e._args==f?[e]:[e].concat(e._args));return i===!1&amp;&amp;(e.preventDefault(),e.stopPropagation()),i}},r.i=m.length,m.push(r),"addEventListener"in n&amp;&amp;n.addEventListener(a(r.e),r.proxy,o(r,p))})}function u(t,i,r,s,u){var c=e(t);(i||"").split(/\s/).forEach(function(e){n(t,e,r,s).forEach(function(e){delete g[c][e.i],"removeEventListener"in t&amp;&amp;t.removeEventListener(a(e.e),e.proxy,o(e,u))})})}function c(e,n){return(n||!e.isDefaultPrevented)&amp;&amp;(n||(n=e),t.each(S,function(t,i){var r=n[t];e[t]=function(){return this[i]=x,r&amp;&amp;r.apply(n,arguments)},e[i]=T}),(n.defaultPrevented!==f?n.defaultPrevented:"returnValue"in n?n.returnValue===!1:n.getPreventDefault&amp;&amp;n.getPreventDefault())&amp;&amp;(e.isDefaultPrevented=x)),e}function l(t){var e,n={originalEvent:t};for(e in t)E.test(e)||t[e]===f||(n[e]=t[e]);return c(n,t)}var f,h=1,p=Array.prototype.slice,d=t.isFunction,m=function(t){return"string"==typeof t},g={},v={},y="onfocusin"in window,b={focus:"focusin",blur:"focusout"},w={mouseenter:"mouseover",mouseleave:"mouseout"};v.click=v.mousedown=v.mouseup=v.mousemove="MouseEvents",t.event={add:s,remove:u},t.proxy=function(n,i){var r=2 in arguments&amp;&amp;p.call(arguments,2);if(d(n)){var o=function(){return n.apply(i,r?r.concat(p.call(arguments)):arguments)};return o._zid=e(n),o}if(m(i))return r?(r.unshift(n[i],n),t.proxy.apply(null,r)):t.proxy(n[i],n);throw new TypeError("expected function")},t.fn.bind=function(t,e,n){return this.on(t,e,n)},t.fn.unbind=function(t,e){return this.off(t,e)},t.fn.one=function(t,e,n,i){return this.on(t,e,n,i,1)};var x=function(){return!0},T=function(){return!1},E=/^([A-Z]|returnValue$|layer[XY]$)/,S={preventDefault:"isDefaultPrevented",stopImmediatePropagation:"isImmediatePropagationStopped",stopPropagation:"isPropagationStopped"};t.fn.delegate=function(t,e,n){return this.on(e,t,n)},t.fn.undelegate=function(t,e,n){return this.off(e,t,n)},t.fn.live=function(e,n){return t(document.body).delegate(this.selector,e,n),this},t.fn.die=function(e,n){return t(document.body).undelegate(this.selector,e,n),this},t.fn.on=function(e,n,i,r,o){var a,c,h=this;return e&amp;&amp;!m(e)?(t.each(e,function(t,e){h.on(t,n,i,e,o)}),h):(m(n)||d(r)||r===!1||(r=i,i=n,n=f),(d(i)||i===!1)&amp;&amp;(r=i,i=f),r===!1&amp;&amp;(r=T),h.each(function(f,h){o&amp;&amp;(a=function(t){return u(h,t.type,r),r.apply(this,arguments)}),n&amp;&amp;(c=function(e){var i,o=t(e.target).closest(n,h).get(0);return o&amp;&amp;o!==h?(i=t.extend(l(e),{currentTarget:o,liveFired:h}),(a||r).apply(o,[i].concat(p.call(arguments,1)))):void 0}),s(h,e,r,i,n,c||a)}))},t.fn.off=function(e,n,i){var r=this;return e&amp;&amp;!m(e)?(t.each(e,function(t,e){r.off(t,n,e)}),r):(m(n)||d(i)||i===!1||(i=n,n=f),i===!1&amp;&amp;(i=T),r.each(function(){u(this,e,i,n)}))},t.fn.trigger=function(e,n){return e=m(e)||t.isPlainObject(e)?t.Event(e):c(e),e._args=n,e.data=n,e.forwardedTouchEvent=!0,this.each(function(){"dispatchEvent"in this?this.dispatchEvent(e):t(this).triggerHandler(e,n)})},t.fn.triggerHandler=function(e,i){var r,o;return this.each(function(a,s){r=l(m(e)?t.Event(e):e),r._args=i,r.data=i,r.target=s,t.each(n(s,e.type||e),function(t,e){return o=e.proxy(r),r.isImmediatePropagationStopped()?!1:void 0})}),o},"focusin focusout load resize scroll unload click dblclick mousedown mouseup mousemove mouseover mouseout mouseenter mouseleave change select keydown keypress keyup error".split(" ").forEach(function(e){t.fn[e]=function(t){return t?this.bind(e,t):this.trigger(e)}}),["focus","blur"].forEach(function(e){t.fn[e]=function(t){return t?this.bind(e,t):this.each(function(){try{this[e]()}catch(t){}}),this}}),t.Event=function(t,e){m(t)||(e=t,t=e.type);var n=document.createEvent(v[t]||"Events"),i=!0;if(e)for(var r in e)"bubbles"==r?i=!!e[r]:n[r]=e[r];return n.initEvent(t,i,!0),c(n)}}(Zepto),function(t){function e(e,n,i){var r=t.Event(n);return t(e).trigger(r,i),!r.isDefaultPrevented()}function n(t,n,i,r){return t.global?e(n||y,i,r):void 0}function i(e){e.global&amp;&amp;0===t.active++&amp;&amp;n(e,null,"ajaxStart")}function r(e){e.global&amp;&amp;!--t.active&amp;&amp;n(e,null,"ajaxStop")}function o(t,e){var i=e.context;return e.beforeSend.call(i,t,e)===!1||n(e,i,"ajaxBeforeSend",[t,e])===!1?!1:void n(e,i,"ajaxSend",[t,e])}function a(t,e,i,r){var o=i.context,a="success";i.success.call(o,t,a,e),r&amp;&amp;r.resolveWith(o,[t,a,e]),n(i,o,"ajaxSuccess",[e,i,t]),u(a,e,i)}function s(t,e,i,r,o){var a=r.context;r.error.call(a,i,e,t),o&amp;&amp;o.rejectWith(a,[i,e,t]),n(r,a,"ajaxError",[i,r,t||e]),u(e,i,r)}function u(t,e,i){var o=i.context;i.complete.call(o,e,t),n(i,o,"ajaxComplete",[e,i]),r(i)}function c(){}function l(t){return t&amp;&amp;(t=t.split(";",2)[0]),t&amp;&amp;(t==E?"html":t==T?"json":w.test(t)?"script":x.test(t)&amp;&amp;"xml")||"text"}function f(t,e){return""==e?t:(t+"&amp;"+e).replace(/[&amp;?]{1,2}/,"?")}function h(e){e.processData&amp;&amp;e.data&amp;&amp;"string"!=t.type(e.data)&amp;&amp;(e.data=t.param(e.data,e.traditional)),!e.data||e.type&amp;&amp;"GET"!=e.type.toUpperCase()||(e.url=f(e.url,e.data),e.data=void 0)}function p(e,n,i,r){return t.isFunction(n)&amp;&amp;(r=i,i=n,n=void 0),t.isFunction(i)||(r=i,i=void 0),{url:e,data:n,success:i,dataType:r}}function d(e,n,i,r){var o,a=t.isArray(n),s=t.isPlainObject(n);t.each(n,function(n,u){o=t.type(u),r&amp;&amp;(n=i?r:r+"["+(s||"object"==o||"array"==o?n:"")+"]"),!r&amp;&amp;a?e.add(u.name,u.value):"array"==o||!i&amp;&amp;"object"==o?d(e,u,i,n):e.add(n,u)})}var m,g,v=0,y=window.document,b=/&lt;script\b[^&lt;]*(?:(?!&lt;\/script&gt;)&lt;[^&lt;]*)*&lt;\/script&gt;/gi,w=/^(?:text|application)\/javascript/i,x=/^(?:text|application)\/xml/i,T="application/json",E="text/html",S=/^\s*$/;t.active=0,t.ajaxJSONP=function(e,n){if(!("type"in e))return t.ajax(e);var i,r,u=e.jsonpCallback,c=(t.isFunction(u)?u():u)||"jsonp"+ ++v,l=y.createElement("script"),f=window[c],h=function(e){t(l).triggerHandler("error",e||"abort")},p={abort:h};return n&amp;&amp;n.promise(p),t(l).on("load error",function(o,u){clearTimeout(r),t(l).off().remove(),"error"!=o.type&amp;&amp;i?a(i[0],p,e,n):s(null,u||"error",p,e,n),window[c]=f,i&amp;&amp;t.isFunction(f)&amp;&amp;f(i[0]),f=i=void 0}),o(p,e)===!1?(h("abort"),p):(window[c]=function(){i=arguments},l.src=e.url.replace(/\?(.+)=\?/,"?$1="+c),y.head.appendChild(l),e.timeout&gt;0&amp;&amp;(r=setTimeout(function(){h("timeout")},e.timeout)),p)},t.ajaxSettings={type:"GET",beforeSend:c,success:c,error:c,complete:c,context:null,global:!0,xhr:function(){return new window.XMLHttpRequest},accepts:{script:"text/javascript, application/javascript, application/x-javascript",json:T,xml:"application/xml, text/xml",html:E,text:"text/plain"},crossDomain:!1,timeout:0,processData:!0,cache:!0},t.ajax=function(e){var n=t.extend({},e||{}),r=t.Deferred&amp;&amp;t.Deferred();for(m in t.ajaxSettings)void 0===n[m]&amp;&amp;(n[m]=t.ajaxSettings[m]);i(n),n.crossDomain||(n.crossDomain=/^([\w-]+:)?\/\/([^\/]+)/.test(n.url)&amp;&amp;RegExp.$2!=window.location.host),n.url||(n.url=window.location.toString()),h(n);var u=n.dataType,p=/\?.+=\?/.test(n.url);if(p&amp;&amp;(u="jsonp"),n.cache!==!1&amp;&amp;(e&amp;&amp;e.cache===!0||"script"!=u&amp;&amp;"jsonp"!=u)||(n.url=f(n.url,"_="+Date.now())),"jsonp"==u)return p||(n.url=f(n.url,n.jsonp?n.jsonp+"=?":n.jsonp===!1?"":"callback=?")),t.ajaxJSONP(n,r);var d,v=n.accepts[u],y={},b=function(t,e){y[t.toLowerCase()]=[t,e]},w=/^([\w-]+:)\/\//.test(n.url)?RegExp.$1:window.location.protocol,x=n.xhr(),T=x.setRequestHeader;if(r&amp;&amp;r.promise(x),n.crossDomain||b("X-Requested-With","XMLHttpRequest"),b("Accept",v||"*/*"),(v=n.mimeType||v)&amp;&amp;(v.indexOf(",")&gt;-1&amp;&amp;(v=v.split(",",2)[0]),x.overrideMimeType&amp;&amp;x.overrideMimeType(v)),(n.contentType||n.contentType!==!1&amp;&amp;n.data&amp;&amp;"GET"!=n.type.toUpperCase())&amp;&amp;b("Content-Type",n.contentType||"application/x-www-form-urlencoded"),n.headers)for(g in n.headers)b(g,n.headers[g]);if(x.setRequestHeader=b,x.onreadystatechange=function(){if(4==x.readyState){x.onreadystatechange=c,clearTimeout(d);var e,i=!1;if(x.status&gt;=200&amp;&amp;x.status&lt;300||304==x.status||0==x.status&amp;&amp;"file:"==w){u=u||l(n.mimeType||x.getResponseHeader("content-type")),e=x.responseText;try{"script"==u?(1,eval)(e):"xml"==u?e=x.responseXML:"json"==u&amp;&amp;(e=S.test(e)?null:t.parseJSON(e))}catch(o){i=o}i?s(i,"parsererror",x,n,r):a(e,x,n,r)}else s(x.statusText||null,x.status?"error":"abort",x,n,r)}},o(x,n)===!1)return x.abort(),s(null,"abort",x,n,r),x;if(n.xhrFields)for(g in n.xhrFields)x[g]=n.xhrFields[g];var E="async"in n?n.async:!0;x.open(n.type,n.url,E,n.username,n.password);for(g in y)T.apply(x,y[g]);return n.timeout&gt;0&amp;&amp;(d=setTimeout(function(){x.onreadystatechange=c,x.abort(),s(null,"timeout",x,n,r)},n.timeout)),x.send(n.data?n.data:null),x},t.get=function(){return t.ajax(p.apply(null,arguments))},t.post=function(){var e=p.apply(null,arguments);return e.type="POST",t.ajax(e)},t.getJSON=function(){var e=p.apply(null,arguments);return e.dataType="json",t.ajax(e)},t.fn.load=function(e,n,i){if(!this.length)return this;var r,o=this,a=e.split(/\s/),s=p(e,n,i),u=s.success;return a.length&gt;1&amp;&amp;(s.url=a[0],r=a[1]),s.success=function(e){o.html(r?t("&lt;div&gt;").html(e.replace(b,"")).find(r):e),u&amp;&amp;u.apply(o,arguments)},t.ajax(s),this};var j=encodeURIComponent;t.param=function(t,e){var n=[];return n.add=function(t,e){this.push(j(t)+"="+j(e))},d(n,t,e),n.join("&amp;").replace(/%20/g,"+")}}(Zepto),function(t){t.fn.serializeArray=function(){var e,n,i=[];return t([].slice.call(this.get(0).elements)).each(function(){e=t(this),n=e.attr("type"),"fieldset"!=this.nodeName.toLowerCase()&amp;&amp;!this.disabled&amp;&amp;"submit"!=n&amp;&amp;"reset"!=n&amp;&amp;"button"!=n&amp;&amp;("radio"!=n&amp;&amp;"checkbox"!=n||this.checked)&amp;&amp;i.push({name:e.attr("name"),value:e.val()})}),i},t.fn.serialize=function(){var t=[];return this.serializeArray().forEach(function(e){t.push(encodeURIComponent(e.name)+"="+encodeURIComponent(e.value))}),t.join("&amp;")},t.fn.submit=function(e){if(e)this.bind("submit",e);else if(this.length){var n=t.Event("submit");this.eq(0).trigger(n),n.isDefaultPrevented()||this.get(0).submit()}return this}}(Zepto),function(t){function e(t){var e=this.os={},n=this.browser={},i=t.match(/Web[kK]it[\/]{0,1}([\d.]+)/),r=t.match(/(Android);?[\s\/]+([\d.]+)?/),o=!!t.match(/\(Macintosh\; Intel /),a=t.match(/(iPad).*OS\s([\d_]+)/),s=t.match(/(iPod)(.*OS\s([\d_]+))?/),u=!a&amp;&amp;t.match(/(iPhone\sOS)\s([\d_]+)/),c=t.match(/(webOS|hpwOS)[\s\/]([\d.]+)/),l=t.match(/Windows Phone ([\d.]+)/),f=c&amp;&amp;t.match(/TouchPad/),h=t.match(/Kindle\/([\d.]+)/),p=t.match(/Silk\/([\d._]+)/),d=t.match(/(BlackBerry).*Version\/([\d.]+)/),m=t.match(/(BB10).*Version\/([\d.]+)/),g=t.match(/(RIM\sTablet\sOS)\s([\d.]+)/),v=t.match(/PlayBook/),y=t.match(/Chrome\/([\d.]+)/)||t.match(/CriOS\/([\d.]+)/),b=t.match(/Firefox\/([\d.]+)/),w=t.match(/MSIE\s([\d.]+)/)||t.match(/Trident\/[\d](?=[^\?]+).*rv:([0-9.].)/),x=!y&amp;&amp;t.match(/(iPhone|iPod|iPad).*AppleWebKit(?!.*Safari)/),T=x||t.match(/Version\/([\d.]+)([^S](Safari)|[^M]*(Mobile)[^S]*(Safari))/);(n.webkit=!!i)&amp;&amp;(n.version=i[1]),r&amp;&amp;(e.android=!0,e.version=r[2]),u&amp;&amp;!s&amp;&amp;(e.ios=e.iphone=!0,e.version=u[2].replace(/_/g,".")),a&amp;&amp;(e.ios=e.ipad=!0,e.version=a[2].replace(/_/g,".")),s&amp;&amp;(e.ios=e.ipod=!0,e.version=s[3]?s[3].replace(/_/g,"."):null),l&amp;&amp;(e.wp=!0,e.version=l[1]),c&amp;&amp;(e.webos=!0,e.version=c[2]),f&amp;&amp;(e.touchpad=!0),d&amp;&amp;(e.blackberry=!0,e.version=d[2]),m&amp;&amp;(e.bb10=!0,e.version=m[2]),g&amp;&amp;(e.rimtabletos=!0,e.version=g[2]),v&amp;&amp;(n.playbook=!0),h&amp;&amp;(e.kindle=!0,e.version=h[1]),p&amp;&amp;(n.silk=!0,n.version=p[1]),!p&amp;&amp;e.android&amp;&amp;t.match(/Kindle Fire/)&amp;&amp;(n.silk=!0),y&amp;&amp;(n.chrome=!0,n.version=y[1]),b&amp;&amp;(n.firefox=!0,n.version=b[1]),w&amp;&amp;(n.ie=!0,n.version=w[1]),T&amp;&amp;(o||e.ios)&amp;&amp;(n.safari=!0,o&amp;&amp;(n.version=T[1])),x&amp;&amp;(n.webview=!0),e.tablet=!!(a||v||r&amp;&amp;!t.match(/Mobile/)||b&amp;&amp;t.match(/Tablet/)||w&amp;&amp;!t.match(/Phone/)&amp;&amp;t.match(/Touch/)),e.phone=!(e.tablet||e.ipod||!(r||u||c||d||m||y&amp;&amp;t.match(/Android/)||y&amp;&amp;t.match(/CriOS\/([\d.]+)/)||b&amp;&amp;t.match(/Mobile/)||w&amp;&amp;t.match(/Touch/)))}e.call(t,navigator.userAgent),t.__detect=e}(Zepto),function(t){t.fn.end=function(){return this.prevObject||t()},t.fn.andSelf=function(){return this.add(this.prevObject||t())},"filter,add,not,eq,first,last,find,closest,parents,parent,children,siblings".split(",").forEach(function(e){var n=t.fn[e];t.fn[e]=function(){var t=n.apply(this,arguments);return t.prevObject=this,t}})}(Zepto),function(t){t.Callbacks=function(e){e=t.extend({},e);var n,i,r,o,a,s,u=[],c=!e.once&amp;&amp;[],l=function(t){for(n=e.memory&amp;&amp;t,i=!0,s=o||0,o=0,a=u.length,r=!0;u&amp;&amp;a&gt;s;++s)if(u[s].apply(t[0],t[1])===!1&amp;&amp;e.stopOnFalse){n=!1;break}r=!1,u&amp;&amp;(c?c.length&amp;&amp;l(c.shift()):n?u.length=0:f.disable())},f={add:function(){if(u){var i=u.length,s=function(n){t.each(n,function(t,n){"function"==typeof n?e.unique&amp;&amp;f.has(n)||u.push(n):n&amp;&amp;n.length&amp;&amp;"string"!=typeof n&amp;&amp;s(n)})};s(arguments),r?a=u.length:n&amp;&amp;(o=i,l(n))}return this},remove:function(){return u&amp;&amp;t.each(arguments,function(e,n){for(var i;(i=t.inArray(n,u,i))&gt;-1;)u.splice(i,1),r&amp;&amp;(a&gt;=i&amp;&amp;--a,s&gt;=i&amp;&amp;--s)}),this},has:function(e){return!(!u||!(e?t.inArray(e,u)&gt;-1:u.length))},empty:function(){return a=u.length=0,this},disable:function(){return u=c=n=void 0,this},disabled:function(){return!u},lock:function(){return c=void 0,n||f.disable(),this},locked:function(){return!c},fireWith:function(t,e){return!u||i&amp;&amp;!c||(e=e||[],e=[t,e.slice?e.slice():e],r?c.push(e):l(e)),this},fire:function(){return f.fireWith(this,arguments)},fired:function(){return!!i}};return f}}(Zepto),function(t){function e(n){var i=[["resolve","done",t.Callbacks({once:1,memory:1}),"resolved"],["reject","fail",t.Callbacks({once:1,memory:1}),"rejected"],["notify","progress",t.Callbacks({memory:1})]],r="pending",o={state:function(){return r},always:function(){return a.done(arguments).fail(arguments),this},then:function(){var n=arguments;return e(function(e){t.each(i,function(i,r){var s=t.isFunction(n[i])&amp;&amp;n[i];a[r[1]](function(){var n=s&amp;&amp;s.apply(this,arguments);if(n&amp;&amp;t.isFunction(n.promise))n.promise().done(e.resolve).fail(e.reject).progress(e.notify);else{var i=this===o?e.promise():this,a=s?[n]:arguments;e[r[0]+"With"](i,a)}})}),n=null}).promise()},promise:function(e){return null!=e?t.extend(e,o):o}},a={};return t.each(i,function(t,e){var n=e[2],s=e[3];o[e[1]]=n.add,s&amp;&amp;n.add(function(){r=s},i[1^t][2].disable,i[2][2].lock),a[e[0]]=function(){return a[e[0]+"With"](this===a?o:this,arguments),this},a[e[0]+"With"]=n.fireWith}),o.promise(a),n&amp;&amp;n.call(a,a),a}var n=Array.prototype.slice;t.when=function(i){var r,o,a,s=n.call(arguments),u=s.length,c=0,l=1!==u||i&amp;&amp;t.isFunction(i.promise)?u:0,f=1===l?i:e(),h=function(t,e,i){return function(o){e[t]=this,i[t]=arguments.length&gt;1?n.call(arguments):o,i===r?f.notifyWith(e,i):--l||f.resolveWith(e,i)}};if(u&gt;1)for(r=new Array(u),o=new Array(u),a=new Array(u);u&gt;c;++c)s[c]&amp;&amp;t.isFunction(s[c].promise)?s[c].promise().done(h(c,a,s)).fail(f.reject).progress(h(c,o,r)):--l;return l||f.resolveWith(a,s),f.promise()},t.Deferred=e}(Zepto),function(t){function e(t,e,n,i){return Math.abs(t-e)&gt;=Math.abs(n-i)?t-e&gt;0?"Left":"Right":n-i&gt;0?"Up":"Down"}function n(){l=null,h.last&amp;&amp;(h.el.trigger("longTap"),h={})}function i(){l&amp;&amp;clearTimeout(l),l=null}function r(){s&amp;&amp;clearTimeout(s),u&amp;&amp;clearTimeout(u),c&amp;&amp;clearTimeout(c),l&amp;&amp;clearTimeout(l),s=u=c=l=null,h={}}function o(t){return("touch"==t.pointerType||t.pointerType==t.MSPOINTER_TYPE_TOUCH)&amp;&amp;t.isPrimary}function a(t,e){return t.type=="pointer"+e||t.type.toLowerCase()=="mspointer"+e}var s,u,c,l,f,h={},p=750;t(document).ready(function(){var d,m,g,v,y=0,b=0;"MSGesture"in window&amp;&amp;(f=new MSGesture,f.target=document.body),t(document).bind("MSGestureEnd",function(t){var e=t.velocityX&gt;1?"Right":t.velocityX&lt;-1?"Left":t.velocityY&gt;1?"Down":t.velocityY&lt;-1?"Up":null;e&amp;&amp;(h.el.trigger("swipe"),h.el.trigger("swipe"+e))}).on("touchstart MSPointerDown pointerdown",function(e){(!(v=a(e,"down"))||o(e))&amp;&amp;(g=v?e:e.touches[0],e.touches&amp;&amp;1===e.touches.length&amp;&amp;h.x2&amp;&amp;(h.x2=void 0,h.y2=void 0),d=Date.now(),m=d-(h.last||d),h.el=t("tagName"in g.target?g.target:g.target.parentNode),s&amp;&amp;clearTimeout(s),h.x1=g.pageX,h.y1=g.pageY,m&gt;0&amp;&amp;250&gt;=m&amp;&amp;(h.isDoubleTap=!0),h.last=d,l=setTimeout(n,p),f&amp;&amp;v&amp;&amp;f.addPointer(e.pointerId))}).on("touchmove MSPointerMove pointermove",function(t){(!(v=a(t,"move"))||o(t))&amp;&amp;(g=v?t:t.touches[0],i(),h.x2=g.pageX,h.y2=g.pageY,y+=Math.abs(h.x1-h.x2),b+=Math.abs(h.y1-h.y2))}).on("touchend MSPointerUp pointerup",function(n){(!(v=a(n,"up"))||o(n))&amp;&amp;(i(),h.x2&amp;&amp;Math.abs(h.x1-h.x2)&gt;30||h.y2&amp;&amp;Math.abs(h.y1-h.y2)&gt;30?c=setTimeout(function(){h.el&amp;&amp;(h.el.trigger("swipe"),h.el.trigger("swipe"+e(h.x1,h.x2,h.y1,h.y2))),h={}},0):"last"in h&amp;&amp;(30&gt;y&amp;&amp;30&gt;b?u=setTimeout(function(){var e=t.Event("tap");e.cancelTouch=r,h.el&amp;&amp;h.el.trigger(e),h.isDoubleTap?(h.el&amp;&amp;h.el.trigger("doubleTap"),h={}):s=setTimeout(function(){s=null,h.el&amp;&amp;h.el.trigger("singleTap"),h={}},250)},0):h={}),y=b=0)}).on("touchcancel MSPointerCancel pointercancel",r),t(window).on("scroll",r)}),["swipe","swipeLeft","swipeRight","swipeUp","swipeDown","doubleTap","tap","singleTap","longTap"].forEach(function(e){t.fn[e]=function(t){return this.on(e,t)}})}(Zepto),function(t,e){function n(t){return t.replace(/([a-z])([A-Z])/,"$1-$2").toLowerCase()}function i(t){return r?r+t:t.toLowerCase()}var r,o,a,s,u,c,l,f,h,p,d="",m={Webkit:"webkit",Moz:"",O:"o"},g=document.createElement("div"),v=/^((translate|rotate|scale)(X|Y|Z|3d)?|matrix(3d)?|perspective|skew(X|Y)?)$/i,y={};t.each(m,function(t,n){return g.style[t+"TransitionProperty"]!==e?(d="-"+t.toLowerCase()+"-",r=n,!1):void 0}),o=d+"transform",y[a=d+"transition-property"]=y[s=d+"transition-duration"]=y[c=d+"transition-delay"]=y[u=d+"transition-timing-function"]=y[l=d+"animation-name"]=y[f=d+"animation-duration"]=y[p=d+"animation-delay"]=y[h=d+"animation-timing-function"]="",t.fx={off:r===e&amp;&amp;g.style.transitionProperty===e,speeds:{_default:400,fast:200,slow:600},cssPrefix:d,transitionEnd:i("TransitionEnd"),animationEnd:i("AnimationEnd")},t.fn.animate=function(n,i,r,o,a){return t.isFunction(i)&amp;&amp;(o=i,r=e,i=e),t.isFunction(r)&amp;&amp;(o=r,r=e),t.isPlainObject(i)&amp;&amp;(r=i.easing,o=i.complete,a=i.delay,i=i.duration),i&amp;&amp;(i=("number"==typeof i?i:t.fx.speeds[i]||t.fx.speeds._default)/1e3),a&amp;&amp;(a=parseFloat(a)/1e3),this.anim(n,i,r,o,a)},t.fn.anim=function(i,r,d,m,g){var b,w,x,T={},E="",S=this,j=t.fx.transitionEnd,P=!1;if(r===e&amp;&amp;(r=t.fx.speeds._default/1e3),g===e&amp;&amp;(g=0),t.fx.off&amp;&amp;(r=0),"string"==typeof i)T[l]=i,T[f]=r+"s",T[p]=g+"s",T[h]=d||"linear",j=t.fx.animationEnd;else{w=[];for(b in i)v.test(b)?E+=b+"("+i[b]+") ":(T[b]=i[b],w.push(n(b)));E&amp;&amp;(T[o]=E,w.push(o)),r&gt;0&amp;&amp;"object"==typeof i&amp;&amp;(T[a]=w.join(", "),T[s]=r+"s",T[c]=g+"s",T[u]=d||"linear")}return x=function(e){if("undefined"!=typeof e){if(e.target!==e.currentTarget)return;t(e.target).unbind(j,x)}else t(this).unbind(j,x);P=!0,t(this).css(y),m&amp;&amp;m.call(this)},r&gt;0&amp;&amp;(this.bind(j,x),setTimeout(function(){P||x.call(S)},1e3*(r+g)+25)),this.size()&amp;&amp;this.get(0).clientLeft,this.css(T),0&gt;=r&amp;&amp;setTimeout(function(){S.each(function(){x.call(this)})},0),this},g=null}(Zepto);;!function(n){if(!n.esl||!n.require||n.esl.version!==n.require.version||"2.0.6"!==n.esl.version){var e,r,t;!function(n){function i(n){h(n,H)||(P[n]=1)}function o(n,e){function r(n){0===n.indexOf(".")&amp;&amp;t.push(n)}var t=[];if("string"==typeof n?r(n):F(n,function(n){r(n)}),t.length&gt;0)throw new Error("[REQUIRE_FATAL]Relative ID is not allowed in global require: "+t.join(", "));var i=J.waitSeconds;return i&amp;&amp;n instanceof Array&amp;&amp;(B&amp;&amp;clearTimeout(B),B=setTimeout(a,1e3*i)),G(n,e)}function a(){function n(a,u){if(!o[a]&amp;&amp;!h(a,H)){o[a]=1,h(a,C)||t[a]||(t[a]=1,e.push(a));var f=L[a];f?u&amp;&amp;(t[a]||(t[a]=1,e.push(a)),F(f.depMs,function(e){n(e.absId,e.hard)})):i[a]||(i[a]=1,r.push(a))}}var e=[],r=[],t={},i={},o={};for(var a in P)n(a,1);if(e.length||r.length)throw new Error("[MODULE_TIMEOUT]Hang( "+(e.join(", ")||"none")+" ) Miss( "+(r.join(", ")||"none")+" )")}function u(n){F(K,function(e){c(n,e.deps,e.factory)}),K.length=0}function f(n,e,r){if(null==r&amp;&amp;(null==e?(r=n,n=null):(r=e,e=null,n instanceof Array&amp;&amp;(e=n,n=null))),null!=r){var t=window.opera;if(!n&amp;&amp;document.attachEvent&amp;&amp;(!t||"[object Opera]"!==t.toString())){var i=D();n=i&amp;&amp;i.getAttribute("data-require-id")}n?c(n,e,r):K[0]={deps:e,factory:r}}}function s(){var n=J.config[this.id];return n&amp;&amp;"object"==typeof n?n:{}}function c(n,e,r){L[n]||(L[n]={id:n,depsDec:e,deps:e||["require","exports","module"],factoryDeps:[],factory:r,exports:{},config:s,state:N,require:I(n),depMs:[],depMkv:{},depRs:[]})}function l(n){var e=L[n];if(e&amp;&amp;!h(n,_)){var r=e.deps,t=e.factory,i=0;"function"==typeof t&amp;&amp;(i=Math.min(t.length,r.length),!e.depsDec&amp;&amp;t.toString().replace(/(\/\*([\s\S]*?)\*\/|([^:]|^)\/\/(.*)$)/gm,"").replace(/require\(\s*(['"])([^'"]+)\1\s*\)/g,function(n,e,t){r.push(t)}));var o=[],a=[];F(r,function(r,t){var u,f,s=R(r),c=S(s.mod,n);c&amp;&amp;!Q[c]?(s.res&amp;&amp;(f={id:r,mod:c,res:s.res},a.push(r),e.depRs.push(f)),u=e.depMkv[c],u||(u={id:s.mod,absId:c,hard:i&gt;t},e.depMs.push(u),e.depMkv[c]=u,o.push(c))):u={absId:c},i&gt;t&amp;&amp;e.factoryDeps.push(f||u)}),e.state=_,v(n),x(o),a.length&amp;&amp;e.require(a,function(){F(e.depRs,function(e){e.absId||(e.absId=S(e.id,n))}),p()})}}function p(){for(var n in P)l(n),d(n),g(n)}function d(n){function e(n){if(l(n),!h(n,_))return!1;if(h(n,C)||r[n])return!0;r[n]=1;var t=L[n],i=!0;return F(t.depMs,function(n){return i=e(n.absId)}),i&amp;&amp;F(t.depRs,function(n){return i=!!n.absId}),i&amp;&amp;!h(n,C)&amp;&amp;(t.state=C),i}var r={};e(n)}function v(e){function r(){if(!t&amp;&amp;i.state===C){t=1;var r=1;if(F(i.factoryDeps,function(n){var e=n.absId;return Q[e]?void 0:(g(e),r=h(e,H))}),r){try{var o=i.factory,a="function"==typeof o?o.apply(n,m(i.factoryDeps,{require:i.require,exports:i.exports,module:i})):o;null!=a&amp;&amp;(i.exports=a),i.invokeFactory=null}catch(u){if(/^\[MODULE_MISS\]"([^"]+)/.test(u.message)){var f=i.depMkv[RegExp.$1];return f&amp;&amp;(f.hard=1),void(t=0)}throw u}b(e)}}}var t,i=L[e];i.invokeFactory=r}function h(n,e){return L[n]&amp;&amp;L[n].state&gt;=e}function g(n){var e=L[n];e&amp;&amp;e.invokeFactory&amp;&amp;e.invokeFactory()}function m(n,e){var r=[];return F(n,function(n,t){"object"==typeof n&amp;&amp;(n=n.absId),r[t]=e[n]||L[n].exports}),r}function y(n,e){if(h(n,H))return void e();var r=V[n];r||(r=V[n]=[]),r.push(e)}function b(n){var e=L[n];e.state=H,delete P[n];for(var r=V[n]||[],t=r.length;t--;)r[t]();r.length=0,V[n]=null}function x(e,r,t){function i(){if("function"==typeof r&amp;&amp;!o){var t=1;F(e,function(n){return Q[n]?void 0:t=!!h(n,H)}),t&amp;&amp;(o=1,r.apply(n,m(e,Q)))}}var o=0;F(e,function(n){Q[n]||h(n,H)||(y(n,i),(n.indexOf("!")&gt;0?w:k)(n,t))}),i()}function k(e){function r(){var n=ne[e];$(n||e,t)}function t(){if(i){var r;"function"==typeof i.init&amp;&amp;(r=i.init.apply(n,m(o,Q))),null==r&amp;&amp;i.exports&amp;&amp;(r=n,F(i.exports.split("."),function(n){return r=r[n],!!r})),f(e,o,r||{})}else u(e);p()}if(!W[e]&amp;&amp;!L[e]){W[e]=1;var i=J.shim[e];i instanceof Array&amp;&amp;(J.shim[e]=i={deps:i});var o=i&amp;&amp;(i.deps||[]);o?(F(o,function(n){J.shim[n]||(J.shim[n]={})}),G(o,r)):r()}}function w(n,e){function r(e){a.exports=e||!0,b(n)}function t(t){var i=e?L[e].require:G;t.load(o.res,i,r,s.call({id:n}))}if(!L[n]){var i=ne[n];if(i)return void k(i);var o=R(n),a={id:n,state:_};L[n]=a,r.fromText=function(n,e){new Function(e)(),u(n)},t(G(o.mod))}}function E(n,e){var r=j(n,1,e);return r.sort(z),r}function M(){function n(n){ne[U(n)]=e}J.baseUrl=J.baseUrl.replace(/\/$/,"")+"/",X=E(J.paths),Z=E(J.map,1),F(Z,function(n){n.v=E(n.v)}),Y=[],F(J.packages,function(n){var e=n;"string"==typeof n&amp;&amp;(e={name:n.split("/")[0],location:n,main:"main"}),e.location=e.location||e.name,e.main=(e.main||"main").replace(/\.js$/i,""),e.reg=T(e.name),Y.push(e)}),Y.sort(z),ee=E(J.urlArgs,1),ne={};for(var e in J.bundles)F(J.bundles[e],n)}function q(n,e,r){F(e,function(e){return e.reg.test(n)?(r(e.v,e.k,e),!1):void 0})}function A(n,e){var r=/(\.[a-z0-9]+)$/i,t=/(\?[^#]*)$/,i="",o=n,a="";t.test(n)&amp;&amp;(a=RegExp.$1,n=n.replace(t,"")),r.test(n)&amp;&amp;(i=RegExp.$1,o=n.replace(r,"")),null!=e&amp;&amp;(o=S(o,e));var u,f=o;return q(o,X,function(n,e){f=f.replace(e,n),u=1}),u||q(o,Y,function(n,e,r){f=f.replace(r.name,r.location)}),/^([a-z]{2,10}:\/)?\//i.test(f)||(f=J.baseUrl+f),f+=i+a,q(o,ee,function(n){f+=(f.indexOf("?")&gt;0?"&amp;":"?")+n}),f}function I(n){function e(e,t){if("string"==typeof e){if(!r[e]){var o=S(e,n);if(g(o),!h(o,H))throw new Error('[MODULE_MISS]"'+o+'" is not exists!');r[e]=L[o].exports}return r[e]}if(e instanceof Array){var a=[],u=[];F(e,function(e,r){var t=R(e),o=S(t.mod,n),f=t.res,s=o;if(f){var c=o+"!"+f;0!==f.indexOf(".")&amp;&amp;ne[c]?o=s=c:s=null}u[r]=s,i(o),a.push(o)}),x(a,function(){F(u,function(r,t){null==r&amp;&amp;(r=u[t]=S(e[t],n),i(r))}),x(u,t,n),p()},n),p()}}var r={};return e.toUrl=function(e){return A(e,n||"")},e}function S(n,e){if(!n)return"";e=e||"";var r=R(n);if(!r)return n;var t=r.res,i=O(r.mod,e);if(q(e,Z,function(n){q(i,n,function(n,e){i=i.replace(e,n)})}),i=U(i),t){var o=h(i,H)&amp;&amp;G(i);t=o&amp;&amp;o.normalize?o.normalize(t,function(n){return S(n,e)}):S(t,e),i+="!"+t}return i}function U(n){return F(Y,function(e){var r=e.name;return r===n?(n=r+"/"+e.main,!1):void 0}),n}function O(n,e){if(0===n.indexOf(".")){var r=e.split("/"),t=n.split("/"),i=r.length-1,o=t.length,a=0,u=0;n:for(var f=0;o&gt;f;f++)switch(t[f]){case"..":if(!(i&gt;a))break n;a++,u++;break;case".":u++;break;default:break n}return r.length=i-a,t=t.slice(u),r.concat(t).join("/")}return n}function R(n){var e=n.split("!");return e[0]?{mod:e[0],res:e[1]}:void 0}function j(n,e,r){var t=[];for(var i in n)if(n.hasOwnProperty(i)){var o={k:i,v:n[i]};t.push(o),e&amp;&amp;(o.reg="*"===i&amp;&amp;r?/^/:T(i))}return t}function D(){if(re)return re;if(te&amp;&amp;"interactive"===te.readyState)return te;for(var n=document.getElementsByTagName("script"),e=n.length;e--;){var r=n[e];if("interactive"===r.readyState)return te=r,r}}function $(n,e){function r(){var n=t.readyState;("undefined"==typeof n||/^(loaded|complete)$/.test(n))&amp;&amp;(t.onload=t.onreadystatechange=null,t=null,e())}var t=document.createElement("script");t.setAttribute("data-require-id",n),t.src=A(n+".js"),t.async=!0,t.readyState?t.onreadystatechange=r:t.onload=r,re=t,oe?ie.insertBefore(t,oe):ie.appendChild(t),re=null}function T(n){return new RegExp("^"+n+"(/|$)")}function F(n,e){if(n instanceof Array)for(var r=0,t=n.length;t&gt;r&amp;&amp;e(n[r],r)!==!1;r++);}function z(n,e){var r=n.k||n.name,t=e.k||e.name;return"*"===t?-1:"*"===r?1:t.length-r.length}var B,L={},N=1,_=2,C=3,H=4,P={},Q={require:o,exports:1,module:1},G=I(),J={baseUrl:"./",paths:{},config:{},map:{},packages:[],shim:{},waitSeconds:0,bundles:{},urlArgs:{}};o.version="2.0.6",o.loader="esl",o.toUrl=G.toUrl;var K=[];f.amd={};var V={},W={};o.config=function(n){if(n){for(var e in J){var r=n[e],t=J[e];if(r)if("urlArgs"===e&amp;&amp;"string"==typeof r)J.urlArgs["*"]=r;else if(t instanceof Array)t.push.apply(t,r);else if("object"==typeof t)for(var i in r)t[i]=r[i];else J[e]=r}M()}},M();var X,Y,Z,ne,ee,re,te,ie=document.getElementsByTagName("head")[0],oe=document.getElementsByTagName("base")[0];oe&amp;&amp;(ie=oe.parentNode),e||(e=f,r||(r=o),t=o)}(this),n.define=e,n.require=r,n.esl=t}}(window);;!function(t){function e(t,e){for(var n in e)e.hasOwnProperty(n)&amp;&amp;(t[n]=e[n]);return t}function n(){this.raw=[],this.length=0}function r(){return"___"+P++}function i(t,e){var n=new Function;n.prototype=e.prototype,t.prototype=new n,t.prototype.constructor=t}function o(t){return D[t]}function s(t){return'"'+t.replace(/\x5C/g,"\\\\").replace(/"/g,'\\"').replace(/\x0A/g,"\\n").replace(/\x09/g,"\\t").replace(/\x0D/g,"\\r")+'"'}function a(t){return t.replace(/[\^\[\]\$\(\)\{\}\?\*\.\+]/g,function(t){return"\\"+t})}function p(t){var e=arguments;return t.replace(/\{([0-9]+)\}/g,function(t,n){return e[n-0+1]})}function h(t){return t=t.replace(/^\s*\*/,""),p('gv({0},["{1}"])',s(t),t.replace(/\[['"]?([^'"]+)['"]?\]/g,function(t,e){return"."+e}).split(".").join('","'))}function l(t,e,n,r,i,o){for(var s=n.length,a=t.split(e),p=0,h=[],l=0,c=a.length;c&gt;l;l++){var u=a[l];if(l){var f=1;for(p++;;){var d=u.indexOf(n);if(0&gt;d){h.push(p&gt;1&amp;&amp;f?e:"",u);break}if(p=r?p-1:0,h.push(p&gt;0&amp;&amp;f?e:"",u.slice(0,d),p&gt;0?n:""),u=u.slice(d+s),f=0,0===p)break}0===p&amp;&amp;(i(h.join("")),o(u),h=[])}else u&amp;&amp;o(u)}p&gt;0&amp;&amp;h.length&gt;0&amp;&amp;(o(e),o(h.join("")))}function c(t,e,n){var r,i=[],o=e.options,a="",p="",u="",f="";return n&amp;&amp;(a="ts(",p=")",u=_,f=j,r=o.defaultFilter),l(t,o.variableOpen,o.variableClose,1,function(t){n&amp;&amp;t.indexOf("|")&lt;0&amp;&amp;r&amp;&amp;(t+="|"+r);var o=t.indexOf("|"),s=(o&gt;0?t.slice(0,o):t).replace(/^\s+/,"").replace(/\s+$/,""),l=o&gt;0?t.slice(o+1):"",d=0===s.indexOf("*"),g=[d?"":a,h(s),d?"":p];if(l){l=c(l,e);for(var y=l.split("|"),v=0,m=y.length;m&gt;v;v++){var R=y[v];/^\s*([a-z0-9_-]+)(\((.*)\))?\s*$/i.test(R)&amp;&amp;(g.unshift('fs["'+RegExp.$1+'"]('),RegExp.$3&amp;&amp;g.push(",",RegExp.$3),g.push(")"))}}i.push(u,g.join(""),f)},function(t){i.push(u,n?s(t):t,f)}),i.join("")}function u(t,e){this.value=t,this.engine=e}function f(t,e){this.value=t,this.engine=e,this.children=[],this.cloneProps=[]}function d(t,e){var n=t.stack,r=e?n.find(function(t){return t instanceof e}):n.bottom();if(r){for(var i;(i=n.top())!==r;){if(!i.autoClose)throw new Error(i.type+" must be closed manually: "+i.value);i.autoClose(t)}r.close(t)}return r}function g(t,e){if(!/^\s*([a-z0-9\/_-]+)\s*(\(\s*master\s*=\s*([a-z0-9\/_-]+)\s*\))?\s*/i.test(t))throw new Error("Invalid "+this.type+" syntax: "+t);this.master=RegExp.$3,this.name=RegExp.$1,f.call(this,t,e),this.blocks={}}function y(t,e){if(!/^\s*([a-z0-9\/_-]+)\s*$/i.test(t))throw new Error("Invalid "+this.type+" syntax: "+t);this.name=RegExp.$1,f.call(this,t,e),this.cloneProps=["name"]}function v(t,e){if(!/^\s*([a-z0-9\/_-]+)\s*$/i.test(t))throw new Error("Invalid "+this.type+" syntax: "+t);this.name=RegExp.$1,f.call(this,t,e),this.cloneProps=["name","state","blocks"],this.blocks={}}function m(t,e){if(!/^\s*([a-z0-9_]+)\s*=([\s\S]*)$/i.test(t))throw new Error("Invalid "+this.type+" syntax: "+t);this.name=RegExp.$1,this.expr=RegExp.$2,f.call(this,t,e),this.cloneProps=["name","expr"]}function R(t,e){if(!/^\s*([a-z0-9_-]+)\s*(\(([\s\S]*)\))?\s*$/i.test(t))throw new Error("Invalid "+this.type+" syntax: "+t);this.name=RegExp.$1,this.args=RegExp.$3,f.call(this,t,e),this.cloneProps=["name","args"]}function x(t,e){if(!/^\s*([a-z0-9\/_-]+)\s*(\(([\s\S]*)\))?\s*$/i.test(t))throw new Error("Invalid "+this.type+" syntax: "+t);this.name=RegExp.$1,this.args=RegExp.$3,f.call(this,t,e),this.cloneProps=["name","args"]}function E(t,e){var n=new RegExp(p("^\\s*({0}[\\s\\S]+{1})\\s+as\\s+{0}([0-9a-z_]+){1}\\s*(,\\s*{0}([0-9a-z_]+){1})?\\s*$",a(e.options.variableOpen),a(e.options.variableClose)),"i");if(!n.test(t))throw new Error("Invalid "+this.type+" syntax: "+t);this.list=RegExp.$1,this.item=RegExp.$2,this.index=RegExp.$4,f.call(this,t,e),this.cloneProps=["list","item","index"]}function w(t,e){f.call(this,t,e)}function b(t,e){w.call(this,t,e)}function $(t,e){f.call(this,t,e)}function k(t,e){e.target=t;var n=e.engine,r=t.name;if(n.targets[r])switch(n.options.namingConflict){case"override":n.targets[r]=t,e.targets.push(r);case"ignore":break;default:throw new Error("Target exists: "+r)}else n.targets[r]=t,e.targets.push(r)}function C(t,e){L[t]=e,e.prototype.type=t}function A(t){this.options={commandOpen:"&lt;%",commandClose:"%&gt;",commandSyntax:/^\s*(\/)?([a-z]+)\s*(?::([\s\S]*))?$/,variableOpen:"${",variableClose:"}",defaultFilter:"html",namingConflict:"override"},this.config(t),this.targets={},this.filters=e({},B)}function O(t,e){function r(){var t;if(c.length&gt;0&amp;&amp;(t=c.join(""))){var n=new u(t,e);n.beforeAdd(h),p.top().addChild(n),c=[],e.options.strip&amp;&amp;h.current instanceof f&amp;&amp;(n.value=t.replace(/^[\x20\t\r]*\n/,"")),h.current=n}}var i,o=e.options.commandOpen,s=e.options.commandClose,a=e.options.commandSyntax,p=new n,h={engine:e,targets:[],stack:p,target:null},c=[];return l(t,o,s,0,function(t){var n=a.exec(t);if(n&amp;&amp;(i=L[n[2].toLowerCase()])&amp;&amp;"function"==typeof i){r();var p=h.current;e.options.strip&amp;&amp;p instanceof u&amp;&amp;(p.value=p.value.replace(/\r?\n[\x20\t]*$/,"\n")),n[1]?p=d(h,i):(p=new i(n[3],e),"function"==typeof p.beforeOpen&amp;&amp;p.beforeOpen(h),p.open(h)),h.current=p}else/^\s*\/\//.test(t)||c.push(o,t,s);i=null},function(t){c.push(t)}),r(),d(h),h.targets}n.prototype={push:function(t){this.raw[this.length++]=t},pop:function(){if(this.length&gt;0){var t=this.raw[--this.length];return this.raw.length=this.length,t}},top:function(){return this.raw[this.length-1]},bottom:function(){return this.raw[0]},find:function(t){for(var e=this.length;e--;){var n=this.raw[e];if(t(n))return n}}};var P=178245,D={"&amp;":"&amp;amp;","&lt;":"&amp;lt;","&gt;":"&amp;gt;",'"':"&amp;quot;","'":"&amp;#39;"},B={html:function(t){return t.replace(/[&amp;&lt;&gt;"']/g,o)},url:encodeURIComponent,raw:function(t){return t}},I='var r="";',_="r+=",j=";",z="return r;";"undefined"!=typeof navigator&amp;&amp;/msie\s*([0-9]+)/i.test(navigator.userAgent)&amp;&amp;RegExp.$1-0&lt;8&amp;&amp;(I="var r=[],ri=0;",_="r[ri++]=",z='return r.join("");'),u.prototype={getRendererBody:function(){var t=this.value,e=this.engine.options;return!t||e.strip&amp;&amp;/^\s*$/.test(t)?"":c(t,this.engine,1)},clone:function(){return this}},f.prototype={addChild:function(t){this.children.push(t)},open:function(t){var e=t.stack.top();e&amp;&amp;e.addChild(this),t.stack.push(this)},close:function(t){t.stack.top()===this&amp;&amp;t.stack.pop()},getRendererBody:function(){for(var t=[],e=this.children,n=0;n&lt;e.length;n++)t.push(e[n].getRendererBody());return t.join("")},clone:function(){for(var t=new this.constructor(this.value,this.engine),e=0,n=this.children.length;n&gt;e;e++)t.addChild(this.children[e].clone());for(var e=0,n=this.cloneProps.length;n&gt;e;e++){var r=this.cloneProps[e];t[r]=this[r]}return t}};var S='data=data||{};var v={},fs=engine.filters,hg=typeof data.get=="function",gv=function(n,ps){var p=ps[0],d=v[p];if(d==null){if(hg){return data.get(n);}d=data[p];}for(var i=1,l=ps.length;i&lt;l;i++)if(d!=null)d = d[ps[i]];return d;},ts=function(s){if(typeof s==="string"){return s;}if(s==null){s="";}return ""+s;};';i(g,f),i(y,f),i(v,f),i(m,f),i(R,f),i(x,f),i(E,f),i(w,f),i(b,w),i($,w);var F={READING:1,READED:2,APPLIED:3,READY:4};v.prototype.applyMaster=g.prototype.applyMaster=function(t){function e(t){var r=t.children;if(r instanceof Array)for(var i=0,o=r.length;o&gt;i;i++){var s=r[i];s instanceof y&amp;&amp;n[s.name]&amp;&amp;(s=r[i]=n[s.name]),e(s)}}if(this.state&gt;=F.APPLIED)return 1;var n=this.blocks,r=this.engine.targets[t];return r&amp;&amp;r.applyMaster(r.master)?(this.children=r.clone().children,e(this),this.state=F.APPLIED,1):void 0},g.prototype.isReady=function(){function t(r){for(var i=0,o=r.children.length;o&gt;i;i++){var s=r.children[i];if(s instanceof v){var a=e.targets[s.name];n=n&amp;&amp;a&amp;&amp;a.isReady(e)}else s instanceof f&amp;&amp;t(s)}}if(this.state&gt;=F.READY)return 1;var e=this.engine,n=1;return this.applyMaster(this.master)?(t(this),n&amp;&amp;(this.state=F.READY),n):void 0},g.prototype.getRenderer=function(){if(this.renderer)return this.renderer;if(this.isReady()){var t=new Function("data","engine",[S,I,this.getRendererBody(),z].join("\n")),e=this.engine;return this.renderer=function(n){return t(n,e)},this.renderer}return null},g.prototype.open=function(t){d(t),f.prototype.open.call(this,t),this.state=F.READING,k(this,t)},m.prototype.open=x.prototype.open=function(t){t.stack.top().addChild(this)},y.prototype.open=function(t){f.prototype.open.call(this,t),(t.imp||t.target).blocks[this.name]=this},b.prototype.open=function(t){var e=new $;e.open(t);var n=d(t,w);n.addChild(this),t.stack.push(this)},$.prototype.open=function(t){var e=d(t,w);e.addChild(this),t.stack.push(this)},v.prototype.open=function(t){this.parent=t.stack.top(),this.target=t.target,f.prototype.open.call(this,t),this.state=F.READING,t.imp=this},x.prototype.close=m.prototype.close=function(){},v.prototype.close=function(t){f.prototype.close.call(this,t),this.state=F.READED,t.imp=null},g.prototype.close=function(t){f.prototype.close.call(this,t),this.state=this.master?F.READED:F.APPLIED,t.target=null},v.prototype.autoClose=function(t){var e=this.parent.children;e.push.apply(e,this.children),this.children.length=0;for(var n in this.blocks)this.target.blocks[n]=this.blocks[n];this.blocks={},this.close(t)},x.prototype.beforeOpen=v.prototype.beforeOpen=m.prototype.beforeOpen=E.prototype.beforeOpen=R.prototype.beforeOpen=y.prototype.beforeOpen=w.prototype.beforeOpen=u.prototype.beforeAdd=function(t){if(!t.stack.bottom()){var e=new g(r(),t.engine);e.open(t)}},v.prototype.getRendererBody=function(){return this.applyMaster(this.name),f.prototype.getRendererBody.call(this)},x.prototype.getRendererBody=function(){return p("{0}engine.render({2},{{3}}){1}",_,j,s(this.name),c(this.args,this.engine).replace(/(^|,)\s*([a-z0-9_]+)\s*=/gi,function(t,e,n){return(e||"")+s(n)+":"}))},m.prototype.getRendererBody=function(){return this.expr?p("v[{0}]={1};",s(this.name),c(this.expr,this.engine)):""},w.prototype.getRendererBody=function(){return p("if({0}){{1}}",c(this.value,this.engine),f.prototype.getRendererBody.call(this))},$.prototype.getRendererBody=function(){return p("}else{{0}",f.prototype.getRendererBody.call(this))},E.prototype.getRendererBody=function(){return p('var {0}={1};if({0} instanceof Array)for (var {4}=0,{5}={0}.length;{4}&lt;{5};{4}++){v[{2}]={4};v[{3}]={0}[{4}];{6}}else if(typeof {0}==="object")for(var {4} in {0}){v[{2}]={4};v[{3}]={0}[{4}];{6}}',r(),c(this.list,this.engine),s(this.index||r()),s(this.item),r(),r(),f.prototype.getRendererBody.call(this))},R.prototype.getRendererBody=function(){var t=this.args;return p("{2}fs[{5}]((function(){{0}{4}{1}})(){6}){3}",I,z,_,j,f.prototype.getRendererBody.call(this),s(this.name),t?","+c(t,this.engine):"")};var L={};C("target",g),C("block",y),C("import",v),C("use",x),C("var",m),C("for",E),C("if",w),C("elif",b),C("else",$),C("filter",R),A.prototype.config=function(t){e(this.options,t)},A.prototype.compile=A.prototype.parse=function(t){if(t){var e=O(t,this);if(e.length)return this.targets[e[0]].getRenderer()}return new Function('return ""')},A.prototype.getRenderer=function(t){var e=this.targets[t];return e?e.getRenderer():void 0},A.prototype.render=function(t,e){var n=this.getRenderer(t);return n?n(e):""},A.prototype.addFilter=function(t,e){"function"==typeof e&amp;&amp;(this.filters[t]=e)};var M=new A;M.Engine=A,"object"==typeof exports&amp;&amp;"object"==typeof module?exports=module.exports=M:"function"==typeof define&amp;&amp;define.amd?define("dep/etpl",[],M):t.etpl=M}(this);;!function(A){var B=window.B||{};B.SPA=$.extend(B.SPA?B.SPA:{},{conf:{pid:".search-page",tipsid:".se-page-tips",rtid:"#results-top",rid:".results",npid:".se-page-controller",rsid:".se-page-relative",rpsid:".se-page-rcol",bid:".se-page-ft",copyrightid:".se-page-copyright",tablinkid:"#head",dyMid:"input#commonBase"},operation:!1,CssAttString:"",DealData:function(data,conf,speed){B.ishome||(B.ishome=1);var _self=this,html="",c=conf,inputmark;_self.speed=speed,_self.data=data,_self.pn=c.pn=c.pn?c.pn:0,inputmark=_self.data.inpMark;var base=$("#commonBase"),newBase=$(inputmark).filter("input#commonBase"),keys=inputmark.match(/data-[^=]+/g);if(keys&amp;&amp;keys.forEach(function(e){base.attr(e,newBase.attr(e));var t=e.split("-")[1].trim();B.comm[t]=newBase.attr(e)}),_self.data.inpMark_comm)try{eval(_self.data.inpMark_comm)}catch(e){}switch(c.pn){case 0:try{if("search"===$("body").data("curPage")){var e=document.createEvent("Event");e.initEvent("pageDestroy",!0,!0),window.dispatchEvent(e)}A._initstart=!1,$(_self.conf.tipsid).empty(),$(_self.conf.rtid).empty(),$(_self.conf.rid).empty(),1==B.ishome&amp;&amp;(_self.DealTablink(),$(".spa-index-style").remove()),_self.DealCSS().DealSysTips().DealTopResult().DealADCSS().DealResult().DealCtr().DealRS().DealBtm().DealCopyright().DealJS().DealADJS(),_self.DealInapp(),_self.DealBoxnav(),_self.operation=!0,$("body").data("curPage","search"),2==B.ishome&amp;&amp;($("img[data-imagedelaysrc]").not('[data-imageinvisible="1"]').imageDelayload(),data.cooder_css_top_onlyshow&amp;&amp;($("#show_head").remove(),$("head").append(data.cooder_css_top_onlyshow)),require(["search/search"],function(e){e.trigger("ready"),e.trigger("init")}),B.chgParam(decodeURIComponent(B.comm.query))),B.ishome=2}catch(e){_self.operation=!1}break;default:try{_self.DealSpBar().DealResult(),_self.operation=!0}catch(e){_self.operation=!1}}return _self.operation},execScript:function(script,container){if(script&amp;&amp;script.length&gt;6e4)return void eval(script);var tag=document.createElement("script");container&amp;&amp;"function"==typeof container.size&amp;&amp;(container=container[0]),container=container||document.body,container.appendChild(tag),tag.innerHTML=script},inCHTMl:function(e,t){if(null!==t){var a,r,i=this,n=e,s=t,c="";a=s.match(/&lt;script[\s\S]*?&lt;\/script&gt;/gi),a&amp;&amp;a.forEach(function(e,t){e=e.replace(/(&lt;|&lt;\/)script.*?&gt;/gi,""),a[t]=e}),s=s.replace(/&lt;script[\s\S]*?&lt;\/script&gt;/gi,"");var o=$(s);if(c=o.attr("srcid"),A._setContainer(o,!0),r=a&amp;&amp;a.shift(),c&amp;&amp;r&amp;&amp;-1!=r.indexOf("A.log&amp;&amp;(A.log.list[")){$(n).append(o);try{i.execScript(r,o)}catch(l){}a&amp;&amp;$.each(a,function(e,t){try{i.execScript(t,o)}catch(a){}}),$(window).trigger("resultsComplete")}else if(c&amp;&amp;r){$(n).append(o);try{i.execScript(r,o)}catch(l){}a&amp;&amp;$.each(a,function(e,t){try{i.execScript(t,o)}catch(a){}})}else{$(n).append(o);try{i.execScript(r,o)}catch(l){}a&amp;&amp;$.each(a,function(e,t){try{i.execScript(t,o)}catch(a){}})}}},DealSysTips:function(){var e=this,t=e.data.SysTips,a=$(e.conf.tipsid);return a.html(t?t:""),e},DealSpBar:function(){var e,t=this,a=0;for(var r in t.data)-1!=r.search("Results")&amp;&amp;(a+=1);return e='&lt;div class="sp-rslt-bar"&gt;'+(1+parseInt(t.pn))+"-"+(a+parseInt(t.pn))+"条&lt;/div&gt;",$(t.conf.rid).append(e),t},DealTopResult:function(){var e=this,t=e.data.Top_result;return t?(e.inCHTMl(e.conf.rtid,t),A._setContainer(null)):$(e.conf.rtid).html(""),e},DealResult:function(){var e=this,t=e.pn?e.pn:0;!t&amp;&amp;$(e.conf.rid).empty();var a="";for(var r in e.data)(0==t||"Results_prevRS"!==r)&amp;&amp;(-1!=r.search("Results")&amp;&amp;(a+=e.data[r]),"Results_www_3"===r&amp;&amp;e.speed&amp;&amp;(e.speed.result3=(new Date).getTime()));return e.data.Fold_Result&amp;&amp;(a+=e.data.Fold_Result),e.inCHTMl(e.conf.rid,a),A._setContainer(null),e},DealCtr:function(){var e=this,t=e.data.Html_ctr,a=$(e.conf.npid);return a.html(""),t?(a.show(),a.html(t)):a.hide(),e},DealRS:function(){var e=this,t=e.data.Html_brs,a=$(e.conf.rsid);a.html(""),t?(a.show(),a.html(t)):a.hide();var r=e.data.Html_rrs,i=$(e.conf.rpsid);return i.html(""),r&amp;&amp;i.html(r),e},DealBtm:function(){var e=this,t=e.data.Html_promLink_spr,a=$(e.conf.bid);return t?0===a.children().size()&amp;&amp;(a.show(),a.html(t)):a.hide(),B.search.Search&amp;&amp;B.search.Search.trigger&amp;&amp;B.search.Search.trigger("ready"),$(window).trigger("deal-btm"),e},DealCopyright:function(){var e=this,t=e.data.Html_copyright,a=$(e.conf.copyrightid);return t&amp;&amp;a.html(t),e},DealTablink:function(){{var e=this;e.data.Html_tablink,$(e.conf.tablinkid)}return $("#h-tabs .logo").length||$($("#h-tabs .h-tab")[0]).before($("#head .logo")),$("#h-tabs").addClass("c-flexbox"),e},DealADCSS:function(){var e=this,t=e.data,a=$("#spa-ad-css"),r=t.AD_CSS_1||"",i=t.AD_CSS_2||"",n=t.AD_CSS_BTM||"";return $("#ec_dynamic_js, #ec_dynamic_css, #ec_ls_css, #ec_ls_js, #ec_ls_css_btm").remove(),0==a.length&amp;&amp;(a=$('&lt;div id="spa-ad-css" /&gt;').appendTo("head")),(r||i||n)&amp;&amp;a.html(r+n+i),e},DealADJS:function(){var e=this,t=e.data,a=$("#spa-ad-js");if(0==a.length&amp;&amp;(a=$('&lt;div id="spa-ad-js" /&gt;').appendTo("head")),a.html(""),t.AD_JS)try{a.html(t.AD_JS)}catch(r){}return e},DealCSS:function(){var e=this,t=e.data;""!==e.CssAttString&amp;&amp;(e.CssAttString=e.CssAttString.slice(0,-1),$(e.CssAttString).remove(),e.CssAttString="");for(var a in t)0==a.indexOf("Css_")&amp;&amp;t[a]&amp;&amp;(styles='&lt;style id="'+a+'"&gt;'+t[a]+"&lt;/style&gt;",e.CssAttString+="#"+a+",",$("head").append(styles));return e},DealJS:function(){var e=this,t=e.data;if(e.js_done)return e;e.js_done=!0;for(var a in t)0==a.indexOf("Script_")&amp;&amp;t[a]&amp;&amp;$(e.conf.rid).append(t[a]);return e},DealInapp:function(){var e=this,t=e.data.Html_inapp_spr,a=$("#spa-inapp");t?(0==a.length&amp;&amp;(a=$('&lt;div id="spa-inapp" /&gt;').appendTo("#search-card")),a.html(t)):a.html("")},DealBoxnav:function(){var e=this,t=e.data.Html_boxnav_spr;$("#search-card #appad").remove(),t&amp;&amp;$("#search-card").append(t)}}),window.B=B}(window.A);;define("modules/prefetch/register",["require"],function(){var e={};return e.regObj={conf:[],regist:function(e){var n=this,r=e;return r instanceof Object&amp;&amp;(r.update=r.update?r.update:function(){},n.conf.push(r)),n},update:function(){for(var e=this,n=e.conf.length;n--;)e.conf[n].update();return e},destory:function(){for(var e=this,n=e.conf.length;n--;)"function"==typeof e.conf[n].destory&amp;&amp;e.conf[n].destory();return e}},e}),require(["modules/prefetch/register"],function(e){var n=window.page||(window.page={});n.regObj=e.regObj});;page.amd = {keys: {},addPaths: function(opt) {/*** 参数必须为obj, opt={'a/b':'a/b.js','a/c':'a/c.js'}*/if (typeof opt !== "object") {return;};require.config({paths: opt});$.extend(page.amd.keys, opt);},exist: function(key) {if (key &amp;&amp; typeof page.amd.keys[key] !== "undefined") {return true;};return false;}};require.config({baseUrl: '//m.baidu.com/se'});page.amd.addPaths({'uiamd/apptips/invokeBox': "./static/js/uiamd/apptips/invokeBox_bc9e4c4",'uiamd/apptips/apptips': "./static/js/uiamd/apptips/apptips_e20a552",'uiamd/iscroll/bdscroll': "./static/js/uiamd/iscroll/bdscroll_08bf73c",'uiamd/iscroll/Bscroll': "./static/js/uiamd/iscroll/Bscroll_8941c16",'uiamd/iscroll/iscroll': "./static/js/uiamd/iscroll/iscroll_467cf8b",'uiamd/location/location': "./static/js/uiamd/location/location_94bd998",'uiamd/fav/fav': "./static/js/uiamd/fav/fav_c575b98",'uiamd/tabs/tabs': "./static/js/uiamd/tabs/tabs_fd83a0d",'uiamd/chart/zxt': "./static/js/uiamd/chart/zxt_977cfb3",'uiamd/AddToIndex/AddToIndex': "./static/js/uiamd/AddToIndex/AddToIndex_852753e",'uiamd/share/share': "./static/js/uiamd/share/share_b33c5bf",'uiamd/share/aio': "./static/js/uiamd/share/aio_a5eb6ea",'uiamd/share/bShare': "./static/js/uiamd/share/bShare_82907f4",'uiamd/jplayer/jplayer': "./static/js/uiamd/jplayer/jplayer_98a076e",'uiamd/calendar/calendar': "./static/js/uiamd/calendar/calendar_d874824",'uiamd/ttsvoice/ttsVoice': "./static/js/uiamd/ttsvoice/ttsVoice_eb43db5",'uiamd/afterClick/afterClick': "./static/js/uiamd/afterClick/afterClick_5ee945c",'uiamd/afterClick/aftClick': "./static/js/uiamd/afterClick/aftClick_79ffef4",'uiamd/video/video': "./static/js/uiamd/video/video_5db736b",'uiamd/ttsvoice/ttsVoiceAladdin': "./static/js/uiamd/ttsvoice/ttsVoiceAladdin_82a84d6",'uiamd/swipe/swipe': "./static/js/uiamd/swipe/swipe_6707677"});page.amd.addPaths({'uiamd/scene/infiniteScroll': "./static/js/uiamd/scene/infiniteScroll_181dfb3",'uiamd/newux/base': "./static/js/uiamd/newux/base_343aae1",'uiamd/newux/eventEmitter': "./static/js/uiamd/newux/eventEmitter_1bd5632",'uiamd/newux/showmore': "./static/js/uiamd/newux/showmore_c31e9af"});/* Fusion组件库 */page.amd.addPaths({'fusion/deps/aio': './static/js/fusion/deps/aio_e0b46ac','fusion/deps/detect': './static/js/fusion/deps/detect_d2dad8e','fusion/deps/fusion.best': './static/js/fusion/deps/fusion.best_5bb531c','fusion/deps/fusion': './static/js/fusion/deps/fusion_4f0fdee','fusion/deps/iscroll': './static/js/fusion/deps/iscroll_d8d3456','fusion/deps/naboo': './static/js/fusion/deps/naboo_a0624f6','fusion/deps/spark': './static/js/fusion/deps/spark_10e7396','fusion/deps/cookie': './static/js/fusion/deps/cookie_fd7d6da','fusion/deps/geolocation': './static/js/fusion/deps/geolocation_9caecf3','fusion/deps/etpl': './static/js/fusion/deps/etpl_4827517','fusion/deps/bdetpl': './static/js/fusion/deps/bdetpl_fb9ed8d','fusion/b-tabs/b-tabs': './static/js/fusion/b-tabs/b-tabs_d8c3f28','fusion/b-tabs2/b-tabs2': './static/js/fusion/b-tabs2/b-tabs2_cecdcff','fusion/b-dialog/b-dialog': './static/js/fusion/b-dialog/b-dialog_95d812e','fusion/b-toast/b-toast': './static/js/fusion/b-toast/b-toast_245ba0b','fusion/b-imgfall/b-imgfall': './static/js/fusion/b-imgfall/b-imgfall_820dfbd','fusion/b-lightbox/b-lightbox': './static/js/fusion/b-lightbox/b-lightbox_1e4e862','fusion/b-infinitescroll/b-infinitescroll': './static/js/fusion/b-infinitescroll/b-infinitescroll_c153117','fusion/b-filter/b-filter': './static/js/fusion/b-filter/b-filter_e45bf0e','fusion/b-share/b-share': './static/js/fusion/b-share/b-share_cff6946','fusion/b-popup/b-popup': './static/js/fusion/b-popup/b-popup_63ff762','fusion/b-scroll/b-scroll': './static/js/fusion/b-scroll/b-scroll_4463064','fusion/b-scroll/bdscroll': './static/js/fusion/b-scroll/bdscroll_10fab41','fusion/b-city/b-city': './static/js/fusion/b-city/b-city_4201650','fusion/b-scroll/scroll': './static/js/fusion/b-scroll/scroll_973715e','fusion/b-grouplist/b-grouplist': './static/js/fusion/b-grouplist/b-grouplist_8707b43','fusion/b-tags/b-tags': './static/js/fusion/b-tags/b-tags_aba64f4','fusion/b-player/b-player': './static/js/fusion/b-player/b-player_b1816d4','fusion/b-dropdownmenu/b-dropdownmenu': './static/js/fusion/b-dropdownmenu/b-dropdownmenu_3f3d35f','fusion/b-carousel/b-carousel': './static/js/fusion/b-carousel/b-carousel_0f45d51','fusion/b-navs/b-navs': './static/js/fusion/b-navs/b-navs_2801c90'});/* PMD组件库 */page.amd.addPaths({'pmd/dialog/alert': "./static/pmd/pmd/dialog/alert_1414167",'pmd/dialog/confirm': "./static/pmd/pmd/dialog/confirm_9c0e9e0",'pmd/dialog/dialog': "./static/pmd/pmd/dialog/dialog_ae51119",'pmd/infinitescroll/infiniteScroll': "./static/pmd/pmd/infinitescroll/infiniteScroll_a1aa829",'pmd/popup/popup': "./static/pmd/pmd/popup/popup_625c871",'pmd/popup/filter': "./static/pmd/pmd/popup/filter_3fa4786",'pmd/scroll/bdscroll': "./static/pmd/pmd/scroll/bdscroll_3ca389f",'pmd/scroll/scroll': "./static/pmd/pmd/scroll/scroll_b4c0cc9",'pmd/scroll/scroll2': "./static/pmd/pmd/scroll/scroll2_ab2e3f4",'pmd/scroll/iscroll': "./static/pmd/pmd/scroll/iscroll_43777fc",'pmd/tabs/tabs': "./static/pmd/pmd/tabs/tabs_5ca2d0b",'pmd/toast/toast': "./static/pmd/pmd/toast/toast_c692f90",'pmd/share/share': "./static/pmd/pmd/share/share_cc26fe3",'pmd/player/videoPlayer': "./static/pmd/pmd/player/videoPlayer_2719285",'pmd/player/bdvideoPlayer': "./static/pmd/pmd/player/bdvideoPlayer_c90e358",'pmd/zbImgList/zbImgList': "./static/pmd/pmd/zbImgList/zbImgList_041f7a8",'pmd/deps/aio': "./static/pmd/pmd/deps/aio_50c70c0",'pmd/deps/detect': "./static/pmd/pmd/deps/detect_c8b750a",'pmd/deps/naboo': "./static/pmd/pmd/deps/naboo_310e59a",'pmd/deps/spark': "./static/pmd/pmd/deps/spark_82b7cd9",'pmd/deps/newux': "./static/pmd/pmd/deps/newux_e00d10a"});page.amd.addPaths({'sf/sfview': "./static/js/sf/sfview_f80cf3e",'sf/sflog': "./static/js/sf/sflog_7ff3f16",'sf/route': "./static/js/sf/route_604d86b",'sf/controller': "./static/js/sf/controller_ea3de86",'sf/activity': "./static/js/sf/activity_d7aaa93",'sf/view': "./static/js/sf/view_7deb4f4",'sf/dataBridge': "./static/js/sf/dataBridge_00e96e0",'sf/message': "./static/js/sf/message_181d7b2",'sf/activity/sfActivity': "./static/js/sf/activity/sfActivity_43e573a",'sf/activity/searchActivity': "./static/js/sf/activity/searchActivity_/static/js/sf/activity/searchActivity.js"});page.amd.addPaths({'uiamd/bdbox/base': "./static/js/uiamd/bdbox/base_bae6da8",'uiamd/bdbox/card': "./static/js/uiamd/bdbox/card_97013e6",'uiamd/bdbox/invokevideo': "./static/js/uiamd/bdbox/invokevideo_34b0843",'uiamd/bdbox/log': "./static/js/uiamd/bdbox/log_7a527a6",'uiamd/bdbox/moplus': "./static/js/uiamd/bdbox/moplus_18ecb69",'uiamd/bdbox/o2o': "./static/js/uiamd/bdbox/o2o_0a9f000",'uiamd/bdbox/openapp': "./static/js/uiamd/bdbox/openapp_184e8ca",'uiamd/bdbox/plugin': "./static/js/uiamd/bdbox/plugin_db475d7",'uiamd/bdbox/invoker': "./static/js/uiamd/bdbox/invoker_b05d142",'uiamd/bdbox/wiseAddToIndex': "./static/js/uiamd/bdbox/wiseAddToIndex_2c1f17b",'uiamd/bdbox/videoopen': "./static/js/uiamd/bdbox/videoopen_eea9cb3",'uiamd/bdbox/util': "./static/js/uiamd/bdbox/util_e4c87fb",'uiamd/bdbox/invokeNovel': "./static/js/uiamd/bdbox/invokeNovel_24f4822",'uiamd/bdbox/subscribe': "./static/js/uiamd/bdbox/subscribe_/static/js/uiamd/bdbox/subscribe.js",'uiamd/bdbox/follow': "./static/js/uiamd/bdbox/follow_237243c"});page.amd.addPaths({'uiamd/bdboxinvoke/xsearchBdbox_v2': "./static/js/uiamd/bdboxinvoke/xsearchBdbox_v2_1312efb",'uiamd/bdboxinvoke/xsearchBdbox_v5': "./static/js/uiamd/bdboxinvoke/xsearchBdbox_v5_35b1d9c",'uiamd/bdboxinvoke/xsearchBdboxStart': "./static/js/uiamd/bdboxinvoke/xsearchBdboxStart_fd3153e",'uiamd/bdboxinvoke/xsearchBdboxStart_v5': "./static/js/uiamd/bdboxinvoke/xsearchBdboxStart_v5_0e05c9b",'uiamd/bdboxinvoke/xsearchInvokerMgr_v2': "./static/js/uiamd/bdboxinvoke/xsearchInvokerMgr_v2_1287cef",'uiamd/bdboxinvoke/xsearchInvokerMgr_v4': "./static/js/uiamd/bdboxinvoke/xsearchInvokerMgr_v4_91bf84a",'uiamd/bdboxinvoke/xsearchMgr_v2': "./static/js/uiamd/bdboxinvoke/xsearchMgr_v2_848bc75",'uiamd/bdboxinvoke/xsearchMgr_v4': "./static/js/uiamd/bdboxinvoke/xsearchMgr_v4_15b383a"});page.amd.addPaths({'modules/invoke/app/app': './static/js/modules/invoke/app/app_5728695','modules/invoke/app/banner': './static/js/modules/invoke/app/banner_5fa79ba'});page.amd.addPaths({'modules/feedback/feedback': './static/js/modules/feedback/feedback_b847024','modules/store/store':'./static/js/modules/store/store_a77a8be','modules/share_store/share_store':'./static/js/modules/share_store/share_store_109e9f4','modules/wnor_fanyi/wnor_fanyi': './static/js/modules/wnor_fanyi/wnor_fanyi_04f9f64','modules/activityEgg':'./static/js/modules/activityEgg_f32abb5','modules/psEvent':'./static/js/modules/psEvent_31e8a95','modules/summertips/summertips': "./static/js/modules/summertips/summertips_cbe6a91"});;</script><script type="text/javascript">!function(){function e(){}var t=function(e,t){return function(){return e.apply(t)}},a=window.B||(window.B={}),r=window.B?window.B.SPA:{},o=document.getElementById("commonBase"),n=!!o.getAttribute("data-pagetimer");$(window).on("load",function(){a.windowLoaded=!0}),a.cardStyles=a.cardStyles||$("#index-card style");var s=function(e){var t="http://111.13.12.43/static/tj.gif?pagetype=prefetch&amp;secure="+("https:"===location.protocol?"1":"0"),r={ta_net:"tanet",taspeed:"taspeed",browser:"browser",iphoneid:"iphoneid",lid:"logid",adflag:"adflag",sids:"sids",query:"query"};for(var n in r)t+="&amp;"+n+"="+o.getAttribute("data-"+r[n]);var s={loading:e.loading-e.start,executeCode:e.executeCode-e.start,afterExecuteCode:e.afterExecuteCode-e.start,beforeRender:e.beforeRender-e.start,result3:e.result3-e.start,render:e.render-e.start};for(var n in s)t+="&amp;"+n+"="+s[n];"undefined"!=typeof e.cacheStatus&amp;&amp;(t+="&amp;prefetch="+e.cacheStatus),a&amp;&amp;a.comm&amp;&amp;a.comm.srvt&amp;&amp;(t+="&amp;srvt="+a.comm.srvt),a&amp;&amp;a.comm&amp;&amp;a.comm.cip&amp;&amp;(t+="&amp;cip="+a.comm.cip),t+="&amp;sbfe="+(a&amp;&amp;a.comm&amp;&amp;a.comm.svrbfe||"");var i=(new Date).getTime().toString(),d=window[i]=new Image;d.onload=d.onerror=d.onabort=function(){delete window[i]},d.src=t};$.loadPage=function(t){function o(e,t){regQuery=/(\|src\_)(.*?)(\||$)/,regSa=/(\|sa\_)(.*?)(\||$)/;var a="src"==t?regQuery:regSa,r=a.exec(e);return r&amp;&amp;r.length&gt;2?r[2]:""}var i=this,d=t;$.extend(i,d),i.hashStore(r.lastQuery),$(".se-form").on("submit",function(){}),$(window).on("pageshow",function(e){var t=location.hash,a=/(\|src\_)(.*?)(\||$)/,r="init-baiduSearch-tag";0===t.indexOf("#%7C")&amp;&amp;(t=t.replace(/%7C/g,"|")),t&amp;&amp;(r=a.exec(t)[2]?a.exec(t)[2]:"",e.persisted?setTimeout(function(){$(".se-input").val(decodeURIComponent(r))},0):i.hashStore(r))});var c=location.hash;$(window).on("hashchange",function(){{var t,a,s=location.hash,d=/(\|src\_)(.*?)(\||$)/;d.exec(s)}0===s.indexOf("#%7C")&amp;&amp;(s=s.replace(/%7C/g,"|"));var h=c;0===h.indexOf("#%7C")&amp;&amp;(h=h.replace(/%7C/g,"|"));var l=o(h,"src"),p=o(h,"sa"),t=o(s,"src"),u=o(s,"sa");if(c=s,t!=l||u!=p){if(i.hashStore(t),a=i.hisHash,s&amp;&amp;t){var m=!1;n&amp;&amp;(m={tag:"search",start:(new Date).getTime()}),"index"===$("body").data("curPage")&amp;&amp;$("body").data("curPage","search"),e($(i.chQs).eq(1).offset().top-8),$(".fullscreen &gt; .btn-back").trigger("touchstart"),$(".se-page-tips,.results,.se-relativewords").empty(),$("#search-btm-zone,#pagenav").hide(),$("#index-card").hide(),$("#search-card").show(),$(r.conf.dyMid).attr("data-query",t),$(r.conf.dyMid).data("pn",0),i.pn=0,$("body").trigger("singlePage",[m])}if(!s||-1==s.indexOf("|src_")){return"/"==location.pathname&amp;&amp;window._Zepto&amp;&amp;(window.$=window.Zepto=window._Zepto),void location.reload()}}}),i.html=["",'&lt;div class="loading"&gt;&lt;div class="ico-loading"&gt;&lt;span class="ico-rotate"&gt;&lt;/span&gt;&lt;/div&gt;正在加载，请稍候...&lt;/div&gt;','&lt;div class="loadedtips"&gt;加载失败&lt;div class="btn"&gt;点击刷新&lt;/div&gt;&lt;/div&gt;'],$("body").on("singlePage",function(e,t){e.preventDefault();var r=decodeURIComponent(a.comm.query);a.chgParam(r),$(".se-form").removeClass("focus"),$(".cross").hide(),$("#switchBt").removeClass("more-show").find("#arr").removeClass("arrow-show"),$("#head #more").hide(),$(".callicon-wrap").removeClass("open"),t&amp;&amp;(t.loading=(new Date).getTime()),setTimeout(function(){window.scrollTo(0,0),i.ajaxLoadResult(t)},20)}).on("singleRender",function(e,t,o,n){if(o&amp;&amp;(o.beforeRender=(new Date).getTime()),$(".input-hidden").appendTo("#search-card"),i.showArea(),i.setDOM(0),$("#add2dest").remove(),2==a.ishome){var d=require("search/search");d.trigger("stop"),d.trigger("destroy"),document.getElementById("page").className="",document.getElementById("page-ft").style.display="",document.getElementById("page-copyright").style.display="",document.getElementsByClassName("se-foot-blank")[0].style.display="",$("head&gt;script:not(.code-to-write)").remove(),$("body&gt;script:not([data-key])").remove(),$("head&gt;style:not([data-key]):not([id]):not([data-version]):not([data-for]),#css_onlyanswer").remove(),$("body&gt;style:not([data-key])").remove(),d.restoreEvent()}if(t&amp;&amp;r.DealData(t,i,o)){a.indexStyles.forEach(function(e){$(e).remove()}),a.searchStyles.forEach(function(e){$(e).appendTo("head")}),a.cardStyles&amp;&amp;a.cardStyles.remove(),$('style[data-key="wwwTcss"],style[data-version^="wwwTcss"]').prependTo("head"),$("#search-btm-zone").show();var c=($("#commonBase"),$(".logo").first()),h=c.attr("href"),l=a.comm.spath;l&amp;&amp;c.attr("href",h+"&amp;"+l),o&amp;&amp;(o.render=(new Date).getTime(),s(o))}else $("#search-btm-zone").show(),location.href=(n?n:i.jumpUrl).replace("&amp;at=3","").replace(/&amp;mod=[012]/,"");i.changeRelativeParam(),a.windowLoaded&amp;&amp;$(window).trigger("load")})},$.loadPage.prototype={hideArea:function(){for(var e=this,t=e.tgls.length;t--;)$(e.tgls[t]).hide();return e},showArea:function(){for(var e=this,t=e.tgls.length;t--;)$(e.tgls[t]).show();return e},changeRelativeParam:function(){var e=this;return a.regObj.destory().update(),e},hashOperate:function(e){var t=this,a=location.hash,r=/(\|src\_)(.*?)(\||$)/;return 0===a.indexOf("#%7C")&amp;&amp;(a=a.replace(/%7C/g,"|")),location.hash=a?r.test(a)?a.replace(r,"$1"+e+"$3"):a+"|src_"+e+"|":"#|src_"+e+"|",t},hashStore:function(e){var t=this;return t.hisHash=t.hisHash?t.hisHash:[],t.hisHash.length&gt;=3&amp;&amp;t.hisHash.shift(),void 0!==e&amp;&amp;t.hisHash.push(e),t},ajaxLoadResult:function(o){var n=this,s=$(r.conf.dyMid),i=["sa","rq","ts","dit","ms"],d="&amp;spr=1&amp;at=3&amp;wpo=base&amp;rn=10&amp;word="+s.attr("data-query");n.pn=0;var c=location.hash;0===c.indexOf("#%7C")&amp;&amp;(c=c.replace(/%7C/g,"|"));var h=c.match(/(\|sa_)(.*?)(\||$)/);h&amp;&amp;(h=decodeURIComponent(h[2]),s.attr("data-sa",h));for(var l in i){var p=s.data(i[l]);p&amp;&amp;(d+="&amp;"+i[l]+"="+p)}n.jumpUrl="/s?&amp;"+$(r.conf.dyMid).data("prepath").replace(/#/g,"&amp;")+d;var u=function(){n.setDOM(1).hideArea(),$("#search-btm-zone").hide(),e($(n.chQs).eq(1).offset().top-8)},m=function(e){a.getCode(e,o,v)},f=function(){n.setDOM(2),$(n.hd).one("click",t(n.ajaxLoadResult,n))},g=decodeURIComponent(s.attr("data-query"));u();var v=a.prefetch.search({word:g,params:a.prefetch.buildSearchParams(g,{spr:"1"}),type:"ajax"},m,f);return o&amp;&amp;(o.cacheStatus=v.cacheStatus),n},setDOM:function(e){var t=this,a=$(t.hd);return a.empty().html(t.html[e]),t},update:function(){var e=this;return e.spdStc=parseInt($(r.conf.dyMid).data("pagetimer")),e}}}();;if (typeof $.loadPage !== 'undefined'){B.regObj.regist(new $.loadPage({"tgls":['.se-page-tips','.results','#pagenav','.se-relativewords','.se-ft-promlink','.return-link'],"chLs":['#h-tabs a','.more-links a'],"chQs":'#index-kw,#kw,#kw2',"hd":'.page-load','timeout':30000}));}</script><script src="//s.bdstatic.com/common/openjs/openBox.js?_v=416235"></script><div id="spa-ad-css"><style type="text/css" id="ec_ls_css">/*&lt;![CDATA[*/@font-face{font-family:ecomicons;src:url(//m.baidu.com/static/ecom/iphone_icons/iconfont_9a4732b.eot);src:url(//m.baidu.com/static/ecom/iphone_icons/iconfont_9a4732b.eot#iefix) format("embedded-opentype"),url(//m.baidu.com/static/ecom/iphone_icons/iconfont_1fe9f7a.woff) format("woff"),url(//m.baidu.com/static/ecom/iphone_icons/iconfont_f0823fb.ttf) format("truetype"),url(//m.baidu.com/static/ecom/iphone_icons/iconfont_f0be303.svg?#iconfont) format("svg")}@font-face{font-family:ecomiconsadd;src:url(//m.baidu.com/static/ecom/iphone_icons/font_icons/iconfont_add_10fbec3.eot);src:url(//m.baidu.com/static/ecom/iphone_icons/font_icons/iconfont_add_b6fef5d.woff) format("woff"),url(//m.baidu.com/static/ecom/iphone_icons/font_icons/iconfont_add_3ee5686.ttf) format("truetype"),url(//m.baidu.com/static/ecom/iphone_icons/font_icons/iconfont_add_95839fa.svg) format("svg")}.ec-font-small{font-size:13px}.ec_url{clear:both;white-space:nowrap}.ec_ad_results{position:relative}.ec_resitem{position:relative}.ec_xiaobao{height:28px;padding:1px 0;position:absolute;top:0;right:-7px;z-index:20}.ec_xiaobao a{display:inline-block;width:24px;height:24px;padding:4px 6px 0 0}.ec_urlbtn{display:inline;position:relative;float:right}.ec_tgsk,.ec_tgsk .ec_urlbtn{background:#F5F5F5}.ec_urlline{overflow:hidden;white-space:nowrap}.ec_urlline_blank{width:100%;display:inline-block;padding:2px 0;margin:-2px 0;-webkit-tap-highlight-color:rgba(0,0,0,0)}.c-container.ec_resitem_card{margin:0;background-color:#fffcf8}.ec_guess{padding-bottom:8px;margin-top:-4px;margin-bottom:-4px}.ec_resitem_rs_more_btn_wrap{width:135px}.ec_resitem_rs_more_btn{float:right}.c-container.ec_resitem_rs{color:#666;padding-top:14px}.ec_resitem_rs_keyword{color:#333}.ec_resitem_card.ec_adv_last .c-line-bottom{border:0;padding-bottom:4px}.ec_ad_results .c-line-clamp2,.ec_ad_results .c-line-clamp3{margin-bottom:0}.c-text.ec-bgcolor-yellow{background:#f2ab36}.ec-link-blue{color:#00c}.ec-align-center{text-align:center}.ec_title .c-title{word-break:break-all}@media (min-width:375px){.ec_title .c-title{-webkit-line-clamp:3}.ec_title .c-line-clamp2{-webkit-line-clamp:2}.ec_title .c-line-clamp4{-webkit-line-clamp:4}}.ec_fright{float:right}.ec_hide{display:none}.ec_gap_left_6{margin-left:6px}.ec_wise_ad_card{margin:.06rem 0}.ec_no_gap_left{margin-left:0!important}.ec_no_gap_right{margin-right:0!important}.ec_mengya_container{background-color:#fffcf8;margin-bottom:.08rem}.ec_mengya_container .ec_my_header{color:#666}.ec_mengya_container .ec_mengya_container_header{margin-bottom:0;background-color:#fffcf8}.ec_mengya_container .ec_resitem_card,.ec_mengya_container .ec_mengya_container_header{box-shadow:none}.ec_mengya_container .ec_adv_last{box-shadow:0 1px 0 #e7e7e7}.ec_mengya_line{margin:0 .16rem}.ec-m2-right{margin-right:.15rem}.ec_clearfix:after{visibility:hidden;display:block;font-size:0;content:" ";clear:both;height:0}.ec-hm-hide{display:none}.ec-c-icon .c-icon{font-family:ecomicons!important}.c-container.ec-bazhun-card{margin-top:0;margin-bottom:0}.c-container.ec-bazhun{margin-bottom:-.08rem}.ec-bazhun-card.ec_adv_last .c-line-bottom{border:0}.ec-bazhun-ad{padding-bottom:.04rem;margin-top:-.04rem;margin-bottom:-.04rem}.ec-bazhun-card.ec_adv_last{padding-bottom:0}.c-container.ec-bazhun-mark{margin-top:0;padding-top:0}.ec-bazhun .ec-bazhun-wenda{margin-bottom:.12rem}.ec-bazhun-ad.ec-bazhun-wenda-first{margin-top:0}.ec-bazhun-mark .ec-bzad-no-leftgap{margin-left:0}.ec-discount{text-decoration:line-through;font-style:normal}.ec-text-v-center-o{-webkit-align-items:center}.ec-tap-noshadow{-webkit-tap-highlight-color:rgba(0,0,0,0)}.ec_tg_js {color: #999 !important;}/*]]&gt;*/</style></div><script type="text/javascript" src="//m.baidu.com/static/searchbox/openjs/share.js?v=1.2"></script><script data-require-id="uiamd/bdbox/util" src="//m.baidu.com/se/./static/js/uiamd/bdbox/util_e4c87fb.js" async=""></script><script data-require-id="fusion/deps/naboo" src="//m.baidu.com/se/./static/js/fusion/deps/naboo_a0624f6.js" async=""></script><script data-require-id="fusion/deps/spark" src="//m.baidu.com/se/./static/js/fusion/deps/spark_10e7396.js" async=""></script><script data-require-id="fusion/deps/fusion.best" src="//m.baidu.com/se/./static/js/fusion/deps/fusion.best_5bb531c.js" async=""></script><script data-require-id="pmd/deps/detect" src="//m.baidu.com/se/./static/pmd/pmd/deps/detect_c8b750a.js" async=""></script><script data-require-id="pmd/share/share" src="//m.baidu.com/se/./static/pmd/pmd/share/share_cc26fe3.js" async=""></script><script data-require-id="modules/feedback/feedback" src="//m.baidu.com/se/./static/js/modules/feedback/feedback_b847024.js" async=""></script><script data-require-id="fusion/b-scroll/b-scroll" src="//m.baidu.com/se/./static/js/fusion/b-scroll/b-scroll_4463064.js" async=""></script><script data-require-id="fusion/b-toast/b-toast" src="//m.baidu.com/se/./static/js/fusion/b-toast/b-toast_245ba0b.js" async=""></script><div id="spa-ad-js"><script type="text/javascript" id="ec_ls_js">/*&lt;![CDATA[*//*** @file window.FC.run方法**/;(function () {try {if (!window.FC) {window.FC = {pageScope: {}};}var onion = function () {var args = arguments;return function (next) {return Array.prototype.reduceRight.call(args, function (a,b) {return b(a);}, next);}};var createMiddleWare = function (name, doSomeThingWith) {return function (next) {return function (reqScope, pageScope) {try {doSomeThingWith(reqScope, pageScope, next);} catch (e) {console.error("FC: An exception from middleware", name, ". Exception: ", e);/* 继续执行下面的中间件 */next(reqScope, pageScope);}};};};var reqScope = {};var pageScope = {};var firstMw = createMiddleWare('firstMw', function (reqScope, pageScope, next) {reqScope.__pageScope = {};pageScope.set = function (key, val) {if (key === 'object') {$.extend(reqScope.__pageScope, key);} else {reqScope.__pageScope[key] = val;}$.extend(window.FC.pageScope, reqScope.__pageScope);};pageScope.get = function (key) {return window.FC.pageScope[key];};next(reqScope, pageScope);/* 放到最后保证一定会有run方法 */window.FC.run = function (callback) {try {return callback(reqScope, pageScope);} catch (e) {reqScope.__exceptions = reqScope.__exceptions || [];reqScope.__exceptions.push(e);}};});/* 中间件引用 *//* mwInit 初始化请求相关的smarty变量 */var mwInit = createMiddleWare("init",function(e,r,s){e.imTimeSign="48",e.searchId="945332a276759971",e.container=$&amp;&amp;$(".ec_r_945332a276759971"),e.JDomain="",e.ppimAds="",e.searchIdDecimal="10687942014033828209",e.from="1",s(e,r),window.FC["reqScope_945332a276759971"]=e});;onion(firstMw,mwInit)(function (reqScope, pageScope) {reqScope._mwTail = 1;})(reqScope, pageScope);} catch (e) {/* never get here */}})();(function(win){win.ecom = win.ecom || {};win.ecom.wise = win.ecom.wise || {};ecom.wise.JS_URL = "&amp;sid=945332a276759971&amp;ip=182.18.106.227&amp;st=111001&amp;speed=292&amp;browserid=4&amp;osid=2&amp;tn=2&amp;baiduid=63A3346FC928A03FE546E7FC530F4D9C";ecom.wise.imTimeSign = "48";ecom.wise.adType = "";ecom.wise.mts = [];ecom.wise.asyn_ads_mode = "0";ecom.wise.asyn_ads_url = "{'rset':'ad','adext':'ppads=0&amp;imads=0&amp;adposnum=0&amp;qmdedupinfo='}";win.ecom.wise.PARAMS = {'eid': '116884_102571_108267_413_116297_116336_115653_109814_103569_117227_107320_117288_117270_116810_117348_117328_','baiduid': '63A3346FC928A03FE546E7FC530F4D9C','query': '%D6%D0%CE%C4%2Btesterhome','queryUtf8': '%E4%B8%AD%E6%96%87%2Btesterhome','searchid': '945332a276759971','osid': '2','bwsid': '4','wiseFrom': '844b','ovlid': '10018-dz#10070-0#10083-dz#10316-dz#10337-dz#10608-1#10670-dz#10676-dz#10802-dz#10856-dz#10859-dz#11014-3#11027-dz#11052-1#11058-dz#11063-1#11078-dz#11099-10#11217-dz#11250-1#11272-dz#11319-dz#11345-1#11411-1#11476-dz#11537-dz#11543-dz#11548-1#11555-dz#11649-dz#11679-6#11799-dz#11804-1#11933-2#11962-11#120-202#12006-1#12055-dz#12057-1#12124-dz#122-2#12272-1#12325-dz#12330-dz#12516-dz#12521-dz#12544-dz#12584-dz#12627-dz#12629-1#12654-dz#12699-1#12732-dz#12763-dz#12782-dz#12793-3#12797-dz#12802-dz#12806-1#12841-dz#12847-24#12861-1#12905-dz#12922-dz#12947-dz#12982-dz#13016-1#13021-1#13037-1#13056-1#13122-dz#13124-dz#13156-6#13171-dz#13189-1#13242-2#13255-dz#13265-dz#13267-1#13277-1#247L-dz#247LX-dz#534-dz','netType' : '1'};win.ecom.wise.fclickType = {'AD': 'ad','REQUEST': 'request','OTHER': 'other'};win.ecom.wise.JDomain = '';win.ecom.wise.adNum = '0';win.ecom.wise.adDownNum = '0';win.ecom.wise.adMiddleNum = '0';win.ecom.wise.imglazyLoad = function(src, id){var img = document.getElementById(id);if(img){img.src = src;}};})(window);!function(){window.ecom.wise.global={run:function(n,o){try{o!==!1&amp;&amp;1!==window.ecom.wise.asyn_ads_mode?window.B&amp;&amp;window.B.one?window.B.one("load",function(){n(window.Zepto,window,document,window.ecom.wise,window.ecom.wise.global)}):$(window).one("load",function(){n(window.Zepto,window,document,window.ecom.wise,window.ecom.wise.global)}):n(window.Zepto,window,document,window.ecom.wise,window.ecom.wise.global)}catch(e){this.handleError(e)}},request:function(n,o){if(n){var e=(new Date).getTime(),i=new Image;n+="&amp;rand="+(e+Math.random()),window.ecom.wise.global["--IMAGE"+e]=i,o=o||{};var t=!1;i.onload=i.onerror=i.onabort=function(a){if(!o.charge)if("load"!==a.type){if(!t)return i.src=n,void(t=!0);"error"in o&amp;&amp;o.error()}else"load"in o&amp;&amp;o.load();i.onload=i.onerror=i.onabort=null,window.ecom.wise.global["--IMAGE"+e]=null,i=null},i.src=n}},log:function(n,o){var e=window.ecom.wise.PARAMS,i=[];for(var t in e)e.hasOwnProperty(t)&amp;&amp;i.push(encodeURIComponent(t)+"="+encodeURIComponent(e[t]));for(var t in o)o.hasOwnProperty(t)&amp;&amp;i.push(encodeURIComponent(t)+"="+encodeURIComponent(o[t]));this.request(n+"?"+i.join("&amp;"))},fclick:function(n,o,e){e=e||{},e.type=window.ecom.wise.fclickType[o]||"";var i="https://sp0.baidu.com/-rU_dTmfKgQFm2e88IuM_a/w.gif";e.tag=n;var t={sourceid:"",rank:"",mt:"",xpath:"",type:"",tag:""};for(var a in e)e.hasOwnProperty(a)&amp;&amp;(t[a]=e[a]);this.log(i,t)},adFclick:function(tag,$dom,data){var attrVal=$dom.getAttribute("data-fclick")||"{}",params=eval("("+attrVal+")");for(var key in data)data.hasOwnProperty(key)&amp;&amp;(params[key]=data[key]);this.fclick(tag,"AD",params)},getXPath:function(n,o){for(var e,i,t,a=[];n&amp;&amp;n!==o;)e=n.tagName,i=this.getNodePosition(n),t=1===i?e:e+i,a.unshift(t.toLowerCase()),n=n.parentNode;return a.join("-")},getNodePosition:function(n){for(var o=0,e=n.tagName;n;)n.tagName===e&amp;&amp;o++,n=n.previousSibling;return o},handleError:function(n){var o={url:window.location.href,message:n.message,datetime:(new Date).getTime(),stack:n.stack};this.fclick("wise-js-error","OTHER",o)},addParamsToUrl:function(n,o){if(-1===n.indexOf("baidu.php"))return n;if(-1===n.indexOf("shh=")&amp;&amp;(n=n+"&amp;shh="+location.hostname),-1===n.indexOf("sht=")){var e=location.href.match(/from=([^&amp;/]*)/);e&amp;&amp;(n=n+"&amp;sht="+e[1])}-1===n.indexOf("word=")&amp;&amp;(n=n+"&amp;word="+window.ecom.wise.PARAMS.queryUtf8);var i=window.ecom.wise.asynQuery&amp;&amp;o&amp;&amp;o!==window.ecom.wise.imTimeSign;return i&amp;&amp;(n=n.replace(/&amp;word=[^&amp;]*/,"&amp;word="+window.ecom.wise.asynQuery)),n},chargingRequest:function(n,o){n=this.addParamsToUrl(n,o);var e=window.ecom.wise.ck;if(o||(o=window.ecom.wise.imTimeSign),e){var i=e.addCkOnUrl(n,o);this.request(i,{charge:!0})}else this.request(n)},getUrlByReplaceRcvJDomain:function(n){var o=window.ecom.wise.JDomain;if(""===o)return n;var e=/(url=[^\.]+\.)([^\.]+)(\.[^\.]+)/;return n.replace(e,"$1"+o+"$3")},setLoadingPanel:function(n){$("body").append('&lt;div class="'+n.maskClass+'" &gt;&lt;/div&gt;'),$("body").append('&lt;div class="'+n.loadingClass+'"&gt;&lt;i class="'+n.loadingBlue+'"&gt;&lt;/i&gt;&lt;i class="'+n.loadingRed+'"&gt;&lt;/i&gt;加载中..&lt;/div&gt;'),$("."+n.loadingClass).css({marginTop:n.marginTop}),$("."+n.maskClass).css({height:n.height,display:n.show})},openLoadingPanel:function(){var n={maskClass:"ec_mask",loadingClass:"ec_loading",loadingBlue:"ec_loading_blue",loadingRed:"ec_loading_red",height:Math.max($(window).height(),$("html").height()),marginTop:window.scrollY-60,show:"block",hide:"none"},o=$("."+n.maskClass),e=$("."+n.loadingClass);0===o.length&amp;&amp;0===e.length?this.setLoadingPanel(n):(o.css({display:n.show}),e.css({marginTop:n.marginTop,display:n.show}))},closeLoadingPanel:function(){var n=$(".ec_mask"),o=$(".ec_loading");0&lt;n.length&amp;&amp;0&lt;o.length&amp;&amp;(n.css({display:"none"}),o.css({display:"none"}))},updateImgSrc:function(n){var o=$(n).attr("update-url");o&amp;&amp;(n.src=o,$(n).removeAttr("update-url"))},createScript:function(n,o,e){var i=document.createElement("script"),t=function(){};return i.onerror=o||t,i.onload=e||t,n&amp;&amp;(i.src=n),document.head.appendChild(i),i},deleteNode:function(n){n&amp;&amp;null!==n.parentNode&amp;&amp;n.parentNode.removeChild(n)},runOnce:function(){window.ecom.wise.runOnceList||(window.ecom.wise.runOnceList={});var n=window.ecom.wise.runOnceList,o=Function.prototype.toString,e=Object.prototype.toString;return function(i,t,a,r){if("[object Function]"===e.call(t))if(r!==!1){var s=o.call(t).replace(/\s+/g,"");n[s+(void 0===a?"":a)]||(n[s+(void 0===a?"":a)]=!0,t.call(i))}else n[a]||(n[a]=!0,t.call(i))}}(),addComponent:function(n,o){if(this.components||(this.components={}),!this.components[n]){var e=function(){};this.components[n]=o.call(e)}},getComponent:function(n){return this.components&amp;&amp;this.components[n]?this.components[n]:!1},ajaxJSONP:function(n){var o,e,i=this,t=!1,a=n.timeout||2e3,r=n.url||"",s=n.data||{},c=n.success||null,d=n.error||null,l=[],w="ecomJSONP"+ ++window.ecom.wise.jsonpId,u=null,m=function(){window[w]=null};for(var p in s)s.hasOwnProperty(p)&amp;&amp;l.push(encodeURIComponent(p)+"="+encodeURIComponent(s[p]));l.push("callback="+w),r=(r+"&amp;"+l.join("&amp;")).replace(/[&amp;?]{1,2}/,"?"),window[w]=function(){u=arguments};var h=function(){clearTimeout(o),d instanceof Function&amp;&amp;!t&amp;&amp;(t=!0,d()),i.deleteNode(e)},f=function(){clearTimeout(o),c instanceof Function&amp;&amp;c.apply(c,u),i.deleteNode(e)},e=i.createScript(r,h,f),o=setTimeout(function(){d instanceof Function&amp;&amp;!t&amp;&amp;(t=!0,d()),h=null,m()},a)}}}();window.ecom.wise.global.run(function(){window.ecom.wise.Ck=function(){function n(n){return C=document.body,x=0,b=0,y=0,S=0,O=0,M=0,Y=0,q=0,B=0,N=0,_="none",T=0,X=0,j="none",D=0,H=0,K=0,U=0,z=0,F=0,W=n,e(),{addCkOnUrl:m,clearCount:g,addAdsCk:k}}function e(){C.addEventListener("touchstart",r,!0),C.addEventListener("touchend",o,!0),C.addEventListener("touchmove",i,!0),C.addEventListener("click",u,!0),window.addEventListener("scroll",c,!0),window.B&amp;&amp;window.B.one&amp;&amp;window.B.one("destroy",function(){t()})}function t(){C.removeEventListener("touchstart",r,!0),C.removeEventListener("touchend",o,!0),C.removeEventListener("touchmove",i,!0),C.removeEventListener("click",u,!0),window.removeEventListener("scroll",c,!0)}function r(n){var e=n.touches.item(0);S=parseInt(e.pageX,10),O=parseInt(e.pageY,10),a(),x=l(n),d(n)}function o(n){b=l(n),y=b&gt;x?Math.round(b-x):0,d(n)}function i(n){c(n)}function c(n){I||(I=!0,Y=window.scrollY);var e=window.scrollY,t=Math.abs(e-M),r=s(M,e)||_,o=l(n);f(t,r)&amp;&amp;(o&gt;B&amp;&amp;(B=o),"none"===j&amp;&amp;(j=_,q=o),j!==_&amp;&amp;(w(),q=o,j=_)),M=e}function u(n){D=l(n),H=n.pageX,K=n.pageY,d(n)}function d(n){var e=h(n.target,W);e&amp;&amp;(z=e.offsetWidth,F=e.offsetHeight)}function a(){I&amp;&amp;"none"!==j&amp;&amp;(w(),X=0,I=!1,_="none")}function f(n,e){return"none"===_&amp;&amp;(_=e),e!==_?(_=e,X=0):X+=n,X&gt;G}function s(n,e){return e&gt;n?"up":n&gt;e?"down":!1}function w(){T++,N+=Math.round(B-q),j="none"}function l(n){if(0!==n.timeStamp)return n.timeStamp;var e=new Date;return e.getTime()}function v(n,e){for(var t=0,r=n.length;r&gt;t;t++)if(n[t]===e)return!0;return!1}function h(n,e){for(var t=document.querySelectorAll(e),r=n.parentNode;r&amp;&amp;!v(t,r);)r=r.parentNode;return r}function m(n,e,t){var r=E(n,e,t),o=/&amp;ck=[\w.]*/;return r===!1?n:(-1===n.indexOf("&amp;ck=")?n+="&amp;ck="+r:n=n.replace(o,"&amp;ck="+r),n)}function g(){T=0,N=0}function k(n,e){for(var t,r=n.length-1;r&gt;=0;r--){t=n[r].querySelectorAll("a");for(var o=t.length-1;o&gt;=0;o--){var i=t[o];"A"===i.tagName&amp;&amp;""!==i.href&amp;&amp;-1!==i.href.indexOf("baidu")&amp;&amp;(p(i,e,1),i.addEventListener("touchend",function(){D=0,H=0,K=0,p(this,e)},!0),i.addEventListener("click",function(){p(this,e),g()},!0))}}}function p(n,e,t){n.href=m(n.href,e,t)}function E(n,e,t){if("string"!=typeof n)return!1;if(-1===n.indexOf("baidu.php?url=")&amp;&amp;-1===n.indexOf("link?url="))return!1;if(1===t)return"0.0.0.0.0.0.0.0.0.0.0";var r;if(r=L(n,e,y,S),r===!1)return!1;U=0,D&gt;0&amp;&amp;D&gt;b&amp;&amp;(U=Math.round(D-b));var o=[r,y,S,O,z,F,T,N,U,H,K].join(".");return o}function L(n,e,t,r){var o,i=/\?url\=([^\.]+)\./,c=/link\?url\=([^\&amp;]+)/,u=0;if(o=c.exec(n)||i.exec(n)){var d=t*e%99+9,a=o[1].length;c.exec(n)&amp;&amp;(a=o[1].length&lt;20?o[1].length:20);for(var f=0;d&gt;f;++f)u+=o[1].charCodeAt(r*f%a);return u}return!1}var A,C,x,b,y,S,O,I,M,Y,q,B,N,_,T,X,j,D,H,K,U,W,z,F,G=10;return{getInstance:function(e){return A||(A=n(e)),A}}}},!1),window.ecom.wise.ck=window.ecom.wise.Ck().getInstance(".ec_resitem"),window.ecom.wise.global.addAdsCK=window.ecom.wise.ck.addAdsCk,window.ecom.wise.ck.addAdsCk(document.querySelectorAll(".ec_wise_ad"),window.ecom.wise.imTimeSign);window.ecom.wise.global.run(function(){window.B&amp;&amp;window.B.one&amp;&amp;window.B.one("destroy",function(){window.ecom.wise&amp;&amp;(window.ecom.wise.mts=null,window.ecom.wise.runOnceList={},window.ecom.wise.global.components={})})});window.ecom.wise.global.run(function(e){for(var i=document.querySelectorAll(".ec_wise_ad a"),s=i.length-1;s&gt;=0;s--)i[s].addEventListener("click",function(){"A"===this.tagName&amp;&amp;""!==this.href&amp;&amp;-1!==this.href.indexOf("baidu")&amp;&amp;(this.href=window.ecom.wise.global.addParamsToUrl(this.href,window.imTimeSignAsyn));var i=e(this).closest(".ec_resitem");if(!i||1===i.data("is-clone")){var s="&amp;isClone=1",n=this.href;-1===n.indexOf("&amp;isClone=")?n+=s:n=n.replace(/&amp;isClone=\d/,s),this.href=n}})},!1);window.ecom.wise.global.run(function(e,i){function o(){var w=e(i).width(),c=e(i).height();if(10&gt;w||20&gt;c)return!n&amp;&amp;i.ecom.wise.global.fclick("ecom_msa_tmp_2","OTHER",{width:w,height:c}),n=!0,setTimeout(o,1e3),"bad width or height";clearTimeout(t);var r=[w,c].join("_");i.B&amp;&amp;i.B.cookie&amp;&amp;i.B.cookie("MSA_WH",r,{path:"/",expires:31536e6})}var t,n=!1;window.B&amp;&amp;window.B.one&amp;&amp;window.B.one("destroy",function(){clearTimeout(t)}),o()});!function(e,t){var n=e.ecom.wise||{},r="https://sp0.baidu.com/-rU_dTmfKgQFm2e88IuM_a/w.gif?";n.request=function(t,n){var i=n||{};i.tag=t;var s=[],o=e.ecom.wise.PARAMS;for(var a in o)s.push(encodeURIComponent(a)+"="+encodeURIComponent(o[a]));for(var a in i)s.push(encodeURIComponent(a)+"="+encodeURIComponent(i[a]));this.log(r+s.join("&amp;"))},n.log=function(e){try{n.global.request(e)}catch(t){n.global.handleError(t)}},n.getBodyScrollTop=function(){return $(e).scrollTop()},n.getPatternClass=function(e){return new RegExp("(^|\\s)"+e+"(\\s|$)")},n.getElementsByClassName=function(e,n){if(elem=n||t,elem.getElementsByClassName)return elem.getElementsByClassName(e);var r=[],i=elem.getElementsByTagName("*");for(var s in i)this.getPatternClass(e).test(i[s].className)&amp;&amp;r.push(i[s]);return r},n.getChildrenNode=function(e,t){for(var n=[],r=0;r&lt;e.length;r++)if(e[r]){var i=e[r].getElementsByTagName("*");for(var s in i)if(this.getPatternClass(t).test(i[s].className)){n.push(e[r]);break}}return n},n.computerObj=function(e,t){var n={};for(var r in e)n[r]=e[r];for(var r in t)n[r]=t[r];return n},n.addEvent=function(e,t,n,r){e.addEventListener?e.addEventListener(t,n,r):e.attachEvent?e.attachEvent("on"+t,n):e["on"+t]=n},n.trim=function(e){e=e.replace(/^(\s|\u00A0)+/,"");for(var t=e.length-1;t&gt;=0;t--)if(/\S/.test(e.charAt(t))){e=e.substring(0,t+1);break}return e},n.isEmptyAds=function(e){if(!e)return null;var t=e.indexOf("ppads="),n=e.indexOf("imads=");return-1==t||-1==n?null:0==e.substr(t+6,1)&amp;&amp;0==e.substr(n+6,1)},n.setCooike=function(e,t){var n=10,r=0===e.bottom?"w_"+e.wise+"_1.00":"b_"+e.bottom+"_1.00";document.cookie=r==t?"btm=1; expires="+new Date(parseFloat((new Date).getTime())+1e3*n).toGMTString():"btm=1; expires="+new Date(parseFloat((new Date).getTime())-1).toGMTString()},n.setCooikeRefresh=function(t){var n=t.split("_"),r=n[0],i=n[1];return("t"===r||"w_1_0.00"===t)&amp;&amp;(i=0),"b"===r&amp;&amp;(i=10),"m"===r?"mid ads do not update wpr":void(e.B&amp;&amp;e.B.cookie("wpr",i,{expires:864e5}))},n.getItemTitle=function(e){if(!e)return"";var t=e.innerText,n=t.indexOf("\n"),r=t.substr(0,n);return encodeURIComponent(r)},n.getFTitle=function(e,t,r){var i=n.getItemTitle(e),s=n.getItemTitle(n.wiseItem[r]);return ecom.wise.his_title_ftitle=n.trim(i),ecom.wise.his_title_stitle=n.trim(s),ecom.wise.his_title_ftime=t,"&amp;ftitle="+n.trim(i)+"&amp;ftime="+t+"&amp;stitle="+n.trim(s)+"&amp;furl="+n.getWiseUrl($(".result"))},n.getScrollTitle=function(e,t){var r=e.split(":")[0],i=r.split("_"),s=i[0];if("t"===s)return n.getFTitle(n.wiseItem[1],t,2);var o=parseInt(i[1],10);return 0===parseFloat(i[2])&amp;&amp;o--,o=o&gt;9?9:o,n.getFTitle(n.wiseItem[o],t,9===o?8:o+1)},n.TransferString=function(e){var t=e;try{t=t.replace(/\r\n/g,""),t=t.replace(/\n/g,"")}catch(n){}return t.substring(0,16)},n.parseObj=function(e){var t;try{t=new Function("return ("+e+")")()}catch(n){t=null}return t},n.ifAdsEquals=function(e,t){if(e.length!==t.length)return!1;for(var r=[],i=[],s=0;s&lt;e.length;s++)r.push(n.TransferString(e[s].innerText)),i.push(n.TransferString(t[s].innerText));return r.sort().toString()==i.sort().toString()},n.getWiseUrl=function(e){for(var t="",r=0;r&lt;e.length;r++){var i=n.getItemUrl(e[r]);""!==i&amp;&amp;(t+=":"+i)}return ecom.wise.his_title_furl=t.substr(1),encodeURIComponent(t.substr(1))},n.getItemUrl=function(e){var t=e.innerText.split("\n"),r=t[t.length-1];return 1===t.length?"":(r.split(".").length&lt;3&amp;&amp;(r=t[t.length-2]),r.split(".").length&gt;=3&amp;&amp;-1===r.indexOf("baidu.com")?(r=encodeURIComponent(r).replace(/%C2%A0/gi,"%20"),n.trim(r.split("%20")[0].replace(/\d+k/g,"").split("-")[0])):"")}}(window,document);!function(o){var n=o.ecom.wise||{},e="https://sp0.baidu.com/-rU_dTmfKgQFm2e88IuM_a/w.gif?";n.request=function(n,i){var t,c=[],s=o.ecom.wise.PARAMS,d={eid:!0,ovlid:!0};"ecom_wise_listen_n"===n&amp;&amp;"init"===i.action&amp;&amp;(d={}),i=i||{},i.tag=n;for(t in s)s.hasOwnProperty(t)&amp;&amp;!d[t]&amp;&amp;c.push(encodeURIComponent(t)+"="+encodeURIComponent(s[t]));for(t in i)i.hasOwnProperty(t)&amp;&amp;c.push(encodeURIComponent(t)+"="+encodeURIComponent(i[t]));this.log(e+c.join("&amp;"))}}(window,document);window.B&amp;&amp;window.B.init&amp;&amp;window.B.init(function(){if(window.B.utils&amp;&amp;window.B.utils.pageToTop){var o=new window.B.utils.pageToTop({attrs:[{event:"unload",condition:null},{event:"load",condition:function(){return!($(".result").length&gt;0&amp;&amp;$(window).scrollTop()&lt;$(".result").offset().top)}}]});$(".result a").click(function(){$(window).scrollTop()&gt;$(".result").offset().top&amp;&amp;o.set("unload",!0)})}});var E=window.E||{};if(window.B&amp;&amp;("amd"in E||(E.amd={keys:B.amd.keys,addPaths:function(e){if("object"==typeof e){for(var i in e){if(B.amd.exist(i))return void delete e[i];e[i]="../static/ecom"+e[i]}B.amd.addPaths(e)}}}),E.amd.addPaths({"ec/baseview":"/js/view/baseview_5e7380b","activity/iframe/iframe":"/js/activity/iframe/iframe_5df6e05","activity/gelunbu/ershoufang":"/js/activity/gelunbu/ershoufang_ad7559f","wise/grid_search/ticket_search/crypto":"/js/wise/grid_search/ticket_search/crypto.min_1924384","wise/grid_search/ticket_search/guohang":"/js/wise/grid_search/ticket_search/ticket_search_guohang_list_e5ecf7c","wise/grid_search/ticket_search/xiecheng":"/js/wise/grid_search/ticket_search/ticket_search_xiecheng_list_003c700","wise/grid_search/city/city_list":"/js/wise/grid_search/city/city_list_e9764bb"})),page&amp;&amp;page.amd&amp;&amp;page.amd.addPaths){var addPaths=function(e){if("object"==typeof e){for(var i in e)page.amd.exist(i)?delete e[i]:e[i]="../static/ecom"+e[i];page.amd.addPaths(e)}};addPaths({"ec/ecomSf":"/js/wise/home/ecomSf_a926000","ec/commonAdsFetcher":"/js/wise/home/commonAdsFetcher_2707d4c"})}!function(e){var t=e.ecom||{},n=e.ecom.wise||{},a=".results",r=!1,s=null,i=t.wise.asyn_ads_url,o=-1!==i.indexOf("{")&amp;&amp;-1!==i.indexOf("}"),d=0,l="",c=function(){n.doClone&amp;&amp;n.doClone()};n.getAysnAds=function(a,s,u,p){if(s&gt;d&amp;&amp;(d=s,l=n.getScrollTitle(a,s)),r||!p||n.getBodyScrollTop()&lt;=u)return void c();if(i+=l,r=!0,o){var f=n.parseObj(t.wise.asyn_ads_url);return f.cb=n.dealResultNew,void(e.B&amp;&amp;e.B.asyn&amp;&amp;e.B.asyn(f))}$.ajax({url:i+"&amp;r="+(new Date).getTime().toString().slice(-5,-1),dataType:"json",timeout:1e4,success:function(e){n.dealResult(e)},error:function(){n.request("ecom_wise_aysn_ads",{action:"xmlHTTPError"})}})},n.dealResultNew=function(e){for(var t=e.ads.list,a=null,r=0;r&lt;t.length;r++)2===parseInt(t[r].id,10)&amp;&amp;(a=t[r].html);a&amp;&amp;(n.repaint(a,e.ads.global.js,e.ads.global.css),n.setSearchItem(),c(),n.replaceErs(e.rs),n.showInfoTip())},n.dealResult=function(e){return s=e,0!==s.err_no?void n.request("ecom_wise_aysn_ads",{action:"xmlHTTPExp",errcode:s.err_no}):(n.repaint(s.data.ad_data,s.data.ad_js,s.data.ad_css),n.setSearchItem(),c(),void(s.data&amp;&amp;s.data.ad_data&amp;&amp;n.showInfoTip()))},n.showInfoTip=function(){e.B&amp;&amp;e.B.adHintShow&amp;&amp;e.B.adHintShow()},n.replaceErs=function(t){return t&amp;&amp;t.brs&amp;&amp;t.brs.list&amp;&amp;$.isArray(t.brs.list)?void(e.B.rcmd&amp;&amp;e.B.rcmd&amp;&amp;e.B.rcmd.rs&amp;&amp;e.B.rcmd.rs.update(t.brs.list,function(){},function(){})):""},n.repaint=function(e,t,n){var r=$(0===$("#rest_10").length?a:"#rest_10"),s=document.createElement("div"),i="";n&amp;&amp;(i='&lt;style type="text/css"&gt;'+n+"&lt;/style&gt;"),e&amp;&amp;(i+=e),s.innerHTML=i,r.append(s);var o=document.createElement("script");o.type="text/javascript",o.innerHTML=t,s.appendChild(o)}}(window,document);!function(t,n,i){i.util=i.util||{};var e=i.util;e.exist=function(t,n){if("string"!=typeof t)return!1;for(var i=t.split("."),e=window,o=0,r=i.length;r&gt;o;o++)if(e=e[i[o]],!e)return!1;return"function"==typeof n&amp;&amp;n(e),!0},e.wait=function(t,n){var i,e=this,o=10,r=1e3;i=setInterval(function(){return e.exist(t)?(clearInterval(i),void e.exist(t,n)):0&gt;=o?void clearInterval(i):void o--},r)},e.runSafety=function(t,n){try{"function"==typeof t&amp;&amp;t()}catch(i){"function"==typeof n&amp;&amp;n(i)}}}(window,document,window.ecom||{});!function(e){var o=e.ecom.wise||{};o.setCooikeRefresh=function(o){var i=o.split("_"),t=i[0],n=i[1];return("t"===t||"w_1_0.00"===o)&amp;&amp;(n=0),"b"===t&amp;&amp;(n=10),"m"===t?"mid ads do not update wpr":void e.ecom.util.wait("B.cookie",function(e){e("wpr",n,{expires:864e5})})}}(window,document);!function(win,doc,ecom,B){function init(){wise.setSearchItem(),wise.topAds=initItem.top,wise.delayInit()}var wise=ecom.wise||{},EC_ITEM="ec_resitem",WISE_ITEM="result",EC_AD="ec_wise_ad",isAsyn=!0,hasScroll=!1,initScrollTop=0,url=ecom.wise.asyn_ads_url,rsPos=0,w4Pos=0,w10Pos=0,w10Hit=0,hasRs=!1,wpos=1===parseInt(ecom.wise.PARAMS.osid,10)?1:4,ResItem=function(){this.isAD=!1,this.top=0,this.bottom=0,this.height=0,this.index=0,this.isTop=!0,this.title="",this.sourceId="",this.position=""},InitItemfun=function(){this.adt=0,this.adb=0,this.wst=0,this.top=0,this.wise=0,this.middle=0,this.bottom=0,this.adpos="",this.pbt=-1,this.yxh=-1,this.zoom=0,this.validHeight=0,this.initViewZone="",this.adsHeight="",this.availHeight=screen.availHeight,this.availWidth=screen.availWidth,this.winHeight=$(win).height(),this.winWidth=$(win).width(),this.action="init",this.model="",this.monitor=""},ScrollItemfun=function(){this.startHeight=0,this.startTime=0,this.endHeight=0,this.endTime=0,this.scrollTime=0,this.scrollLen=0,this.scrollInter=0,this.scrolldirect=0,this.stayTime=0,this.startViewZone="",this.endViewZone="",this.adpos="",this.touchStart="",this.touchEnd="",this.action="scroll",this.model="",this.monitor=""},adsArray=[],initItem=new InitItemfun,scrollItem=new ScrollItemfun,topAdsNum=1,midAdsNum=1,wiseNum=1,btmAdsNum=1;wise.getSearchHeight=function(){var t=$("#page-bd");return t.length&gt;0&amp;&amp;t.offset().top||0},wise.getYouXuanHeight=function(){var t=$(".ec_youxuan_card");return t.length&gt;0&amp;&amp;t.height()||0},wise.getIsZoom=function(){var t=$(".result .c-title");return t.length&gt;0&amp;&amp;t.css("font-size")&amp;&amp;parseInt(t.css("font-size"),10)/18||0},wise.getModel=function(){function updateViewTime(){var t=adsArray.length,e=wise.getBodyScrollTop(),i=e+$(win).height();if(scrollInfo.stayTime&gt;3e4){var s={};s[scrollInfo.scrollInter+"_stay"]=scrollInfo.stayTime,extPattern.push(s),scrollInfo.stayTime=250}for(var o=0;t&gt;o;o++){var r=adsArray[o],n=r.position+""+r.index,a=ads[n];a||(a=ads[n]={},a.viewTime=0),i-r.top&gt;=40&amp;&amp;r.top+r.height-e&gt;=40?(a.scrollIn=!0,a.viewTime+=r.top&gt;=e&amp;&amp;r.top+r.height&lt;=i?scrollInfo.scrollTime+scrollInfo.stayTime:scrollInfo.scrollTime):a.scrollIn&amp;&amp;(a.scrollIn=!1,a.viewTime+=scrollInfo.scrollTime+scrollInfo.stayTime)}}function getViewTime(){var t=[];for(var e in ads)ads.hasOwnProperty(e)&amp;&amp;t.push(e+":"+ads[e].viewTime);return t.join("#")}function handleClick(t){var e=$(this),i=$(t.target);"A"!==t.target.tagName&amp;&amp;(i=$(t.target).parents("a")),0!==i.length&amp;&amp;""!==i.attr("href")&amp;&amp;0!==i.attr("href").indexOf("javascript")&amp;&amp;setMonitorInfo(e,i)}function setMonitorInfo(elem,elemA){var href;if(elem.hasClass(".ec_resitem"))direction.push(2);else{direction.push(3);var logData=elem.data("log");ecom.util.runSafety(function(){if(logData){var data=eval("("+logData+")");href=data.mu?data.mu:href}})}var data={info:elem.data("ecom-log-info"),url:href||elemA.attr("href"),t:(new Date).getTime()};localStorage.setItem("ecom_scroll_monitor",JSON.stringify(data))}function init(t){adsArray=$.extend([],t.adsArray),scrollInfo=$.extend({},t.scrollInfo);var e=localStorage.getItem("ecom_scroll_monitor");if(e&amp;&amp;null===history.state){var i=(new Date).getTime();direction.push(4),ecom.util.runSafety(function(){var s=JSON.parse(e);if(!s)return s;var o={i:s.info,ct:s.t,bt:i,t:i-s.t,u:s.info&amp;&amp;("w"===s.info.split("_")[0]?s.url:"")};t.initItem?t.initItem.monitor=JSON.stringify(o):t.scrollInfo.monitor=JSON.stringify(o),localStorage.removeItem("ecom_scroll_monitor")})}return scrollInfo.scrolldirect&amp;&amp;direction.push("T"===scrollInfo.scrolldirect?0:1),updateViewTime(),JSON.stringify({vt:getViewTime(),pt:direction.join(""),ext:extPattern,vsh:$(win).height()-wise.getSearchHeight(),asid:wise.PARAMS.asynsid||"",rd:unique})}var unique=(new Date).getTime(),ads={},direction=[],extPattern=[],scrollInfo,adsArray=[];return $(".ec_resitem").live("click",handleClick),$(".result").live("click",handleClick),init}(),wise.getImItem=function(t,e,i,s){var o=t.length;switch(s){case"t":initItem.top+=o;break;case"w":initItem.wise+=o;break;case"b":initItem.bottom+=o;break;case"m":initItem.middle+=o}for(var r=[],n=0;o&gt;n;n++){var a=new ResItem,l=$(t[n]);a.$elem=l;var m=l.offset();a.isAD=e,a.position=s,a.top=parseInt(m.top,10),a.height=parseInt(m.height,10);var c=l.parent(".ec_ad_results").attr("sourceid");if(e&amp;&amp;(a.sourceId=c?c:"0"),0!==a.height){switch(a.bottom=a.top+a.height,"w"===s&amp;&amp;0===n&amp;&amp;(rsPos=a.top),"w"===s&amp;&amp;window.B&amp;&amp;B.comm&amp;&amp;B.comm.onlyshow&amp;&amp;1===n&amp;&amp;(rsPos=a.top),"w"===s&amp;&amp;n===wpos&amp;&amp;(w4Pos=a.top),"w"===s&amp;&amp;a.top&gt;w10Pos&amp;&amp;(w10Pos=a.top,w10Hit=a.height-20),s){case"t":a.index=topAdsNum++;break;case"w":a.index=wiseNum++;break;case"b":a.index=btmAdsNum++;break;case"m":a.index=midAdsNum++;break;case"p":a.index=1}a.isTop=i,r.push(a)}else switch(s){case"t":initItem.top--;break;case"w":initItem.wise--;break;case"b":initItem.bottom--;break;case"m":initItem.middle--}}return r},wise.setAdsHeight=function(){for(var t=adsArray.length,e=0;t&gt;e;e++){var i=adsArray[e];initItem.adsHeight+="_"+i.position,initItem.adsHeight+=i.index+":"+i.height,i.sourceId&amp;&amp;(initItem.adsHeight+="|"+i.sourceId);var s=[i.position,i.index,i.sourceId].join("_");i.$elem.data("ecom-log-info",s)}},wise.setSearchItem=function(){adsArray=[],initItem=new InitItemfun,topAdsNum=1,wiseNum=1,btmAdsNum=1,midAdsNum=1,wise.wiseItem=this.getElementsByClassName(WISE_ITEM),wise.wiseItem=Array.prototype.slice.call(wise.wiseItem);var t=this.getImItem(wise.wiseItem.slice(0,10),!1,!0,"w");if(wise.wiseItem.length&gt;0){var e=$(wise.wiseItem[0]).offset().top;initItem.wst=e&gt;0?e:0}var i=this.getElementsByClassName(EC_AD),s=this.getChildrenNode(i,EC_ITEM),o=$(s[0]).offset(),r=[];0!==s.length&amp;&amp;(initItem.adt=parseInt(o.top,10),initItem.adb=parseInt(o.top,10)+parseInt(o.height,10));for(var n=0;n&lt;s.length;n++){var a=$(s[n]).offset();parseInt(a.top,10)&lt;rsPos&amp;&amp;parseInt(a.height,10)&gt;0&amp;&amp;(r=this.getImItem(this.getElementsByClassName(EC_ITEM,s[n]),!0,!0,"t"),adsArray=adsArray.concat(r),initItem.adb=parseInt(a.top,10)+parseInt(a.height,10))}for(adsArray=adsArray.concat(t),n=0;n&lt;s.length;n++){parseInt($(s[n]).offset().top,10)&gt;w10Pos&amp;&amp;parseInt($(s[n]).offset().height,10)&gt;0&amp;&amp;(r=this.getImItem(this.getElementsByClassName(EC_ITEM,s[n]),!0,!1,"b"),adsArray=adsArray.concat(r));var l=$(s[n]).offset();parseInt(l.top,10)&gt;rsPos&amp;&amp;parseInt(l.top,10)&lt;w10Pos&amp;&amp;parseInt(l.height,10)&gt;0&amp;&amp;(r=this.getImItem(this.getElementsByClassName(EC_ITEM,s[n]),!0,!1,"m"),adsArray=adsArray.concat(r))}var m=$(".ec_wise_ad .ec_brandAd");m.length&gt;0&amp;&amp;(r=this.getImItem(m,!1,!0,"p"),adsArray=adsArray.concat(r)),adsArray=adsArray.concat(this.getImItem(wise.wiseItem.slice(10),!1,!1,"w")),adsArray.sort(function(t,e){return t.top-e.top}),this.setAdsHeight(),wise.initItem=initItem},wise.calViewZone=function(t,e){var i=adsArray.length;if(0&gt;=i)return"w_0_0.00:w_0_0.00";for(var s=i-1,o=s,r=0;i&gt;r;r++)if(t&lt;adsArray[r].top){o=0===r?0:r-1;break}var n=t-adsArray[o].top;n=0&gt;n?0:n;var a=(n/adsArray[o].height).toFixed(2);isNaN(a)&amp;&amp;(a="0.00"),a=a&gt;1?"1.00":a;for(var l=adsArray[o].position+"_"+adsArray[o].index+"_"+a;i&gt;r;r++)if(e&lt;adsArray[r].top){s=0&gt;r-1?0:r-1;break}n=e-adsArray[s].top,n=0&gt;n?0:n,a=(n/adsArray[s].height).toFixed(2),a=a&gt;1?"1.00":a;var m=adsArray[s].position+"_"+adsArray[s].index+"_"+a;return l+":"+m},wise.moveScroll=function(){hasScroll||(hasScroll=!0,scrollItem.startHeight=scrollItem.endHeight,scrollItem.startTime=(new Date).getTime(),scrollItem.stayTime=scrollItem.startTime-scrollItem.endTime,scrollItem.startViewZone=scrollItem.endViewZone),null!=wise.isEmptyAds(decodeURIComponent(url))&amp;&amp;isAsyn&amp;&amp;Math.abs(wise.getBodyScrollTop()-initScrollTop)&gt;10&amp;&amp;wise.getAysnAds(scrollItem.startViewZone,scrollItem.stayTime,w4Pos,0===initItem.bottom),ecom.wise.rscontent&amp;&amp;!hasRs&amp;&amp;(hasRs=!0,B.rcmd&amp;&amp;B.rcmd.toprq&amp;&amp;B.rcmd.toprq.update&amp;&amp;B.rcmd.toprq.update({word:ecom.wise.rscontent.substr(1).split("_"),from:"ecom"})),clearTimeout(wise.scrollId),wise.scrollId=setTimeout(function(){scrollItem.endHeight=$(win).height()+wise.getBodyScrollTop(),scrollItem.endTime=(new Date).getTime(),scrollItem.scrollInter+=1,scrollItem.scrollTime=scrollItem.endTime-scrollItem.startTime,scrollItem.scrollLen=scrollItem.endHeight-scrollItem.startHeight,scrollItem.scrolldirect=scrollItem.scrollLen&gt;=0?"B":"T",scrollItem.endViewZone=wise.calViewZone(wise.getBodyScrollTop(),scrollItem.endHeight),wise.setAdPos(scrollItem.endViewZone),scrollItem.model=wise.getModel({adsArray:adsArray,scrollInfo:scrollItem}),wise.request("ecom_wise_listen_n",wise.computerObj(scrollItem,{top:initItem.top,wise:initItem.wise,middle:initItem.middle,bottom:initItem.bottom})),wise.setCooike(initItem,scrollItem.endViewZone.split(":")[1]),wise.setCooikeRefresh(scrollItem.endViewZone.split(":")[0]),hasScroll=!1},300)},wise.setAdPos=function(t){var e=t.split(":")[1],i=e.split("_"),s=i[0],o=i[1],r=i[2];if(0===scrollItem.adpos.length)scrollItem.adpos="w"===s?0===initItem.top?"t_0_0.00":"t_"+initItem.top+"_1.00":e;else{var n=scrollItem.adpos.split("_"),a=n[0],l=n[1],m=n[2];if("t"===a){if("m"===s)return;"t"===s?(o&gt;l||o===l&amp;&amp;r&gt;m)&amp;&amp;(scrollItem.adpos=e):"w"===s?o&gt;10?0!==initItem.bottom&amp;&amp;(scrollItem.adpos="t_"+initItem.bottom+"_1.00"):scrollItem.adpos=0===initItem.top?"t_0_0.00":"t_"+initItem.top+"_1.00":scrollItem.adpos=e}else"b"===s?(o&gt;l||o===l&amp;&amp;r&gt;m)&amp;&amp;(scrollItem.adpos=e):"w"===s&amp;&amp;o&gt;10&amp;&amp;0!==initItem.bottom&amp;&amp;(scrollItem.adpos="t_"+initItem.bottom+"_1.00")}},wise.delayInit=function(){function t(t){var e=t.touches[0];scrollItem.touchStart=Math.round(e.clientX)+"_"+Math.round(e.clientY)}function e(t){var e=t.changedTouches[0];scrollItem.touchEnd=Math.round(e.clientX)+"_"+Math.round(e.clientY)}scrollItem.startTime=scrollItem.endTime=(new Date).getTime();var i=scrollItem.startHeight=scrollItem.endHeight=$(win).height()+wise.getBodyScrollTop();if(initScrollTop=wise.getBodyScrollTop(),initItem.initViewZone=wise.calViewZone(wise.getBodyScrollTop(),i),wise.setCooikeRefresh(initItem.initViewZone.split(":")[0]),scrollItem.startViewZone=scrollItem.endViewZone=initItem.initViewZone,initItem.pbt=this.getSearchHeight(),initItem.yxh=this.getYouXuanHeight(),initItem.zoom=this.getIsZoom(),initItem.validHeight=$(win).height()-initItem.pbt,wise.adsArray=adsArray,initItem.model=this.getModel({adsArray:adsArray,scrollInfo:scrollItem,initItem:initItem}),0===initItem.top)initItem.adpos="t_0_0.00";else{var s=initItem.initViewZone.split(":")[1],o=s.substr(0,1);initItem.adpos="t"===o?s:"t_"+initItem.top+"_1.00"}wise.request("ecom_wise_listen_n",initItem),window.B&amp;&amp;B.comm&amp;&amp;B.comm.onlyshow&amp;&amp;0===B.comm.onlyshow.indexOf("3")&amp;&amp;(isAsyn=!1,$(win).one("onlyshowMore",function(){wise.setSearchItem(),isAsyn=!0})),$(win).on("scroll",wise.moveScroll),$(document).on("touchstart",t),$(document).on("touchend touchcancel",e),window.B&amp;&amp;window.B.one&amp;&amp;window.B.one("destroy",function(){$(win).off("scroll",wise.moveScroll),$(document).off("touchstart",t),$(document).off("touchend touchcancel",e)})},init()}(window,document,window.ecom,window.B);window.ecom.wise.global.run(function(e,i,o,c){if(c.getSearchHeight){var t=c.getSearchHeight();i.B&amp;&amp;i.B.cookie&amp;&amp;i.B.cookie("MSA_PBT",t,{path:"/",expires:2592e6})}},!0);window.ecom.wise.global.run(function(o,e,i,n){if(n.getIsZoom){var t=Math.round(1e3*n.getIsZoom());e.B&amp;&amp;e.B.cookie&amp;&amp;e.B.cookie("MSA_ZOOM",t,{path:"/",expires:2592e6})}},!0);ecom.wise.global.run(function(t){var e=0,i=Array.prototype.slice;t.ecom=t.ecom||{},t.ecom.widget=function(e,i,n){var o,r,s,a={},u=e.split(".")[0];e=e.split(".")[1],r=u+"-"+e,n||(n=i,i=t.ecom.Widget),o=t[e]=function(t,e){return this._createWidget?void(arguments.length&amp;&amp;this._createWidget(t,e)):new o(t,e)},t.extend(o,{_proto:t.extend({},n),_childConstructors:[]}),s=new i,s.options=t.ecom.widget.extend({},s.options),t.each(n,function(e,n){return t.isFunction(n)?void(a[e]=function(){var t=function(){return i.prototype[e].apply(this,arguments)},o=function(t){return i.prototype[e].apply(this,t)};return function(){var e,i=this._super,r=this._superApply;return this._super=t,this._superApply=o,e=n.apply(this,arguments),this._super=i,this._superApply=r,e}}()):void(a[e]=n)}),o.prototype=t.ecom.widget.extend(s,a,{constructor:o,namespace:u,widgetName:e,widgetFullName:r}),t.ecom.widget.bridge(e,o)},t.ecom.widget.bridge=function(e,n){function o(e,i){var n=e[p],o=n&amp;&amp;u[n];if(void 0===i)return o||r(e);if(o){if(i in o)return o[i];var s=d(i);if(s in o)return o[s]}return c.call(t(e),i)}function r(e,i,n){var o=e[p]||(e[p]=++t.uuid),r=u[o]||(u[o]=s(e));return void 0!==i&amp;&amp;(r[d(i)]=n),r}function s(e){var i={};return t.each(e.attributes||g,function(e,n){0==n.name.indexOf("data-")&amp;&amp;(i[d(n.name.replace("data-",""))]=t.zepto.deserializeValue(n.value))}),i}var a=n.prototype.widgetFullName||e,u={},c=t.fn.data,d=t.camelCase,p="Zepto"+ +new Date,g=[];t.fn[n.prototype.namespace+"_"+e]=function(e){var s="string"==typeof e,u=i.call(arguments,1),c=this;return e=!s&amp;&amp;u.length?t.ecom.widget.extend.apply(null,[e].concat(u)):e,this.each(s?function(){var i,n=o(this,a);if(n&amp;&amp;t.isFunction(n[e])&amp;&amp;"_"!==e.charAt(0))return i=n[e].apply(n,u),void 0!==i?(c=i,!1):void 0}:function(){r(this,a,new n(e,this))}),c}},t.ecom.widget.extend=function(e){for(var n,o,r=i.call(arguments,1),s=0,a=r.length;a&gt;s;s++)for(n in r[s])o=r[s][n],r[s].hasOwnProperty(n)&amp;&amp;void 0!==o&amp;&amp;(e[n]=t.isPlainObject(o)?t.isPlainObject(e[n])?t.ecom.widget.extend({},e[n],o):t.ecom.widget.extend({},o):o);return e},t.ecom.Widget=function(){},t.ecom.Widget.prototype={widgetName:"widget",options:{selector:{}},getSelf:function(){return this},_createWidget:function(i,n){n=t(n||this.defaultElement||this)[0],this.element=t(n),this.uuid=e++,this.eventNamespace="."+this.widgetName+this.uuid,this.options=t.ecom.widget.extend({},this.options,i);var o=this;t.each(this.options.selector,function(t,e){o[t]=o.element.find(e)}),this.bindings=t(),this._init()},_init:function(){},_on:function(e,i){var n,o=this;i?(e=n=t(e),this.bindings=this.bindings.add(e)):(i=e,e=this.element,n=this.widget()),t.each(i,function(i,n){function r(){return("string"==typeof n?o[n]:n).apply(o,arguments)}"string"!=typeof n&amp;&amp;(r.guid=n.guid=n.guid||r.guid||t.guid++);var s=i.match(/^(\w+)\s*(.*)$/),a=s[1]+o.eventNamespace,u=s[2];u?e.find(u).on(a,r):e.bind(a,r)})}}});/*速度变量初始化*/window.ecom.wise.adType = [];/*遍历上下方广告条数和叠加MT*//*speed*/window.ecom.wise.global.run(function(){var adArr = window.ecom.wise.adType || [],keyArr = [],valArr = [],resArr = [];var CompositeArr = function(arr){this.arr = arr;};/*格式化遍历组合数组*/CompositeArr.prototype.iteration = function(obj){for(var i = 0; i &lt; obj.length; i++){var key = obj[i].split("=")[0];var val = obj[i].split("=")[1];if(!keyArr[key]){keyArr[key] = "true";valArr[key] = key + "=" + val;}else{valArr[key] = valArr[key] + "_" + val;}}for(var k in valArr){resArr.push(valArr[k]);}window.ecom.wise.adType = resArr. join("&amp;");};var contactArr = new CompositeArr(adArr);contactArr.iteration(adArr);});!function(e){$(".ec_youxuan_card, .ec_dx_wrapper").length||e.B&amp;&amp;B.onload(function(){window.B.one("destroy",function(){clearTimeout(window.ecom.wise.adcheckSt)});var e=$(".c-result").length,o=$(".se-noresult-tips").length;0===e&amp;&amp;window.ecom.wise.global.fclick("adblock","AD",{action:"nonature",adNum:window.ecom.wise.adNum+"_"+window.ecom.wise.adDownNum+"_"+window.ecom.wise.adMiddleNum,natureResultNum:e,noResultTip:o}),window.ecom.wise.adcheckSt=setTimeout(function(){var e=0,o=[],i=$('[sourceid="160"] .ec_resitem, [sourceid="111"] .ec_resitem'),c=i.length;c&lt;window.ecom.wise.adNum&amp;&amp;(e=2),0===e&amp;&amp;i.each(function(){o.push($(this).height()),$(this).height()&lt;50&amp;&amp;(e=1)}),0!==e&amp;&amp;(window.ecom.wise.ecomdataup&amp;&amp;(i.remove(),$("#results").prepend(window.ecom.wise.ecomdataup),window.ecom.wise.ck.addAdsCk(document.querySelectorAll(".ec-ad-like-nature"),window.ecom.wise.imTimeSign),window.ecom.wise.global.fclick("adblock","AD",{isBlock:e,height:o.join("_"),adDomNum:c,adNum:window.ecom.wise.adNum,action:"replace"}),$(".ec-ad-like-nature").removeClass("ec-ad-like-nature")),window.ecom.wise.global.fclick("adblock","AD",{isBlock:e,height:o.join("_"),adDomNum:c,adNum:window.ecom.wise.adNum}))},2e3)})}(window,document);/*** @file 异步加载js*//* globals nirvana */(function (win, $) {win.ecom = win.ecom || {};win.ecom.wise = win.ecom.wise || {};ecom.wise.asyn_ads_mode = parseInt('0', 10);ecom.wise.getAsynRs = function (cls) {return $('.ec_wise_asyn'); /*需要判断原始广告中是否含有下方广告*/};ecom.wise.asynQuery = "";if (ecom.wise.asyn_ads_mode === 1) {win.ecom.wise.PARAMS.asynsid = '945332a276759971';win.ecom.wise.imTimeSignAsyn = parseInt('48', 10);if (window.ecom.wise.ck.addAdsCk) {window.ecom.wise.ck.addAdsCk(ecom.wise.getAsynRs('.ec_wise_ad'), win.ecom.wise.imTimeSignAsyn);} else {window.ecom.wise.global.addAdsCK(ecom.wise.getAsynRs('.ec_wise_ad'), win.ecom.wise.imTimeSignAsyn);}}var asynDom =  $(ecom.wise.getAsynRs('.ec_wise_ad')).find('a');asynDom.on('click', function(e) {if (this.tagName === 'A' &amp;&amp; this.href !== '' &amp;&amp; this.href.indexOf('baidu') !== -1) {this.href = window.ecom.wise.global.addParamsToUrl(this.href, win.ecom.wise.imTimeSignAsyn);}})})(window, Zepto);ecom.wise.global.run(function(i){i(".ec_wise_ad").not(".ec-hm-hide").attr("style","display:block !important;visibility: visible !important;"),i(".ec_ad_results").not(".ec_newyouxuan").attr("style","display:block !important;visibility: visible !important;"),i(".ec_resitem").attr("style","display:block !important;visibility: visible !important;")});/*]]&gt;*/</script></div><script data-require-id="modules/invoke/app/banner" src="//m.baidu.com/se/./static/js/modules/invoke/app/banner_5fa79ba.js" async=""></script><script data-require-id="uiamd/bdbox/base" src="//m.baidu.com/se/./static/js/uiamd/bdbox/base_bae6da8.js" async=""></script><script src="//graph.baidu.com/mms/graph/static/resource/sdk/mobile-wise.js?v=1498446123623" async=""></script><script data-require-id="fusion/b-scroll/bdscroll" src="//m.baidu.com/se/./static/js/fusion/b-scroll/bdscroll_10fab41.js" async=""></script><script data-require-id="fusion/b-scroll/scroll" src="//m.baidu.com/se/./static/js/fusion/b-scroll/scroll_973715e.js" async=""></script><script data-require-id="fusion/deps/fusion" src="//m.baidu.com/se/./static/js/fusion/deps/fusion_4f0fdee.js" async=""></script><script src="//graph.baidu.com/mms/graph/static/resource/sdk/v1.9.9/mms-wise.js" async="" charset="UTF-8"></script><style type="text/css">.graph-mms-toast{display:none;position:fixed;left:50%;top:50%;padding:15px 10px;border-radius:4px;background-color:rgba(0,0,0,.85);font-size:14px;color:#fff;-webkit-transform:translate(-50%,-50%);transform:translate(-50%,-50%);z-index:990}.graph-mms-toast.visible{display:block}.graph-mms-loading{padding:50px 10px 15px}.graph-mms-loading:before{content:"";position:absolute;left:50%;top:50%;width:32px;height:32px;margin-left:-16px;margin-top:-31px;border-radius:50%;border:2px solid hsla(0,0%,100%,.5);border-top-color:#ddd;-webkit-animation:loading-rotation 1s ease 0s infinite normal;animation:loading-rotation 1s ease 0s infinite normal}@-webkit-keyframes loading-rotation{0%{-webkit-transform:rotate(1deg);transform:rotate(1deg)}to{-webkit-transform:rotate(1turn);transform:rotate(1turn)}}@keyframes loading-rotation{0%{-webkit-transform:rotate(1deg);transform:rotate(1deg)}to{-webkit-transform:rotate(1turn);transform:rotate(1turn)}}</style><script data-require-id="uiamd/bdbox/follow" src="//m.baidu.com/se/./static/js/uiamd/bdbox/follow_237243c.js" async=""></script><script data-require-id="fusion/deps/iscroll" src="//m.baidu.com/se/./static/js/fusion/deps/iscroll_d8d3456.js" async=""></script><style data-for="pmd/share/share">.c-share-list{overflow:hidden}.c-share-list .c-flexbox:not(:first-of-type){margin-top:12px}.c-share-list .c-share-btn{width:50px;-webkit-box-flex:1;-webkit-flex:1 1 auto;color:#666;text-align:center;font-size:13px;line-height:1}.c-share-list .c-share-btn .c-img{max-width:50px;margin:0 auto;background:#fff;border:1px solid #f0f0f0;border-radius:50%}.c-share-cancel-btn,.c-share-copytip-cancel-btn{width:100%;margin-top:20px;color:#333;font-size:16px;line-height:48px;background:#f8f8f8;border-top:#eaeaea 1px solid}.c-share-wechat-tips{position:fixed;top:0;left:0;z-index:999;width:100%;height:100%;background:rgba(0,0,0,.6) url(//m.baidu.com/se/static/pmd/pmd/share/images/wxtips.png) right 32px top 10px/50% no-repeat}.c-popup-wrapper .c-share-popup-modal{background-color:#f1f1f1}.c-share-popup-modal .c-popup-head{display:none}.c-share-popup-modal .c-popup-content{margin:0 auto;padding-top:20px}.c-share-popup-modal .c-share-list .c-share-btn{width:60px;font-size:11px}.c-share-popup-modal .c-share-list .c-share-btn .c-img{max-width:60px}.c-share-popup-modal .c-share-list .c-flexbox:not(:first-of-type){margin-top:28px}.c-share-copytip-content{padding:0 20px;color:#333;text-align:left}.c-share-copytip-text{font-size:16px;margin-bottom:10px}.c-share-copytip-linkwr{padding:7px 10px;font-size:14px;line-height:21px;border:1px dotted #d9d9d9;word-break:break-all}.c-share-copytip-link:visited,.c-share-copytip-link{color:#333}</style><style data-for="sf25/view/sceneView">#super-frame{font:14px/22px Arial,Helvetica,sans-serif;word-break:break-word;word-wrap:break-word}
.sfa-view{z-index:501;width:100%;min-height:100%;background-color:#f2f2f2;overflow:auto}
.sfa-view .sfa-body{overflow:hidden;text-align:left;padding-top:44px}
.sfa-view .sfa-head{position:fixed;top:0;left:0;z-index:501;width:100%;height:44px;line-height:44px;text-align:center;font-size:18px;background-color:#fff;color:#333;-webkit-user-select:none;user-select:none;-webkit-transform:translate3d(0,0,0);transform:translate3d(0,0,0)}
.sfa-view .sfa-back,.sfa-view .sfa-close{width:50px;height:44px;float:left;text-align:center;padding-left:2px}
.sfa-view .sfa-back i{font-size:21px}
.sfa-view .sfa-close{width:43px}
.sfa-view .sfa-close span,.sfa-view .sfa-back span{font-size:16px;vertical-align:middle}
.sfa-tool .sfa-action-more{overflow:hidden;display:inline-block;font-size:21px;width:44px}
.active .sfa-tool .sfa-action-more:active,.active .sfa-tool .sfa-action-item:active{background:rgba(51,51,51,.4)}
.sfa-action-item .sfa-tool-text{color:#666;font-size:14px;display:block;width:100%;overflow:hidden}
.sfa-view .sfa-tool{min-width:44px;height:44px;float:right;text-align:center;padding-right:4px}
.sfa-head .sfa-tool .sfa-action-item i{font-size:21px}
.sfa-view .sfa-title{width:100%;padding:0 98px;box-sizing:border-box}
.sfa-view .sfa-head-border{border-bottom:1px solid #f1f1f1}
.sfa-view .sfa-title .c-line-clamp1{padding:0 8px}
.active .sfa-head .sfa-back:active{background:rgba(51,51,51,.4)}
.sfa-tool .sfa-action-item{display:inline-block;width:44px;overflow:hidden}
.sfa-head .sfa-action-menus{display:none;float:right;width:auto;background-color:#fff;margin-right:5px;text-align:left;overflow:auto;box-shadow:0 2px 6px #d6d6d6}
.sfa-action-menus .sfa-action-item{color:#666;font-size:16px;line-height:44px;padding:0 17px;border-bottom:1px solid #f1f1f1}
.active .sfa-action-menus .sfa-action-item:active{background:rgba(51,51,51,.4)}
.sfa-action-menus .sfa-action-item .sfa-head-menu-icon{color:#666;font-size:16px;display:block;line-height:44px;width:16px;overflow:hidden;text-align:left}
.sfa-action-menus .sfa-action-item .sfa-tool-text{color:#666;font-size:16px;width:auto}
.sfa-action-menus :last-child{border-bottom:0}
.sfa-head .sfa-action-menus i{float:left;padding-right:14px}
.sfa-head .search-box{display:-webkit-box;display:-webkit-flex;display:flex;background-color:#fff;font-size:14px;padding:5px 10px 6px 17px;box-sizing:border-box;height:100%;width:100%}
.sfa-head .search-box .search-box-input-area{display:-webkit-box;display:-webkit-flex;display:flex;width:100%;box-sizing:border-box;height:34px;line-height:34px;color:#333;margin-right:7px;padding-right:3px;border-radius:16px;background:#f5f5f5}
.sfa-head .search-box .search-box-button-area{width:46px;height:34px;line-height:34px;color:#333}
.active .sfa-head .search-box .search-box-button-area:active{background:rgba(51,51,51,.4)}
.search-box .search-icon{color:#c3c3c3;line-height:35px;padding-right:6px;padding-left:13px;font-size:14px}
.search-box .search-action{line-height:34px;font-size:14px;outline:0}
.search-action-cancel-icon{width:34px;color:#e0e0e0;font-size:14px}
.search-box .search-box-input-container{-webkit-box-flex:1;-webkit-flex:1;flex:1;width:100%;height:100%;box-sizing:border-box;left:0}
.search-box .search-box-input-container input{width:100%;height:100%;font-size:14px;vertical-align:top;outline:0;color:#333}
.search-box-input::-webkit-input-placeholder{vertical-align:top;font-size:14px}
.sfa-view .sfa-loading{position:absolute;top:50%;left:50%;color:#fff;width:161px;height:49px;line-height:49px;margin-top:-24px;margin-left:-80px;border-radius:1px;text-align:center}
.sfa-loading .sfa-loading-icon{display:inline-block;width:37px;height:23px;margin-top:-4px;vertical-align:middle}
.sfa-view .sfa-loading.sfa-loading-tab{width:147px;height:48px;margin-left:-73px}
.sfa-view .sfa-loading .sfa-loading-icon-tab{width:100%;height:100%;overflow:hidden}
.sfa-view .sfa-loading .sfa-loading-tab-bglogo{background:url(//m.baidu.com/se/static/img/iphone/tab_loading__bg_logo.png) no-repeat;background-size:147px 48px;height:48px;width:147px}
.sfa-view .sfa-loading .sfa-loading-tab-toplight{background:url(//m.baidu.com/se/static/img/iphone/tab_loading_light.png) no-repeat;animation:1s marvel infinite;background-size:147px 48px;position:relative;height:48px;width:147px;top:-48px;left:-78px}
@keyframes marvel{0%{left:-78px}
100%{left:73px}}
.sfa-view .sfa-loading i{height:23px;width:23px;background-size:23px;background-repeat:no-repeat;background-image:url(data:image/png;base64,iVBORw0KGgoAAAANSUhEUgAAAEUAAABFCAMAAAArU9sbAAAAllBMVEUAAAA5kv85kv85kv85kv85kv85kv85kv85kv85kv85kv85kv85kv85kv85kv85kv85kv85kv85kv85kv85kv85kv85kv85kv85kv85kv85kv85kv85kv85kv85kv85kv85kv85kv85kv85kv85kv85kv85kv85kv85kv85kv85kv85kv85kv85kv85kv85kv85kv85kv98v3f9AAAAMXRSTlMA+u4H8xwSDeG7KBapjYhP28EE9jfmpJoxItOALLFuQcxrZOrXdnPHVDyVe11aSIN5drPNPgAAAx5JREFUWMOlmOl2qlAMhbcyySCiBUFRUazzVXve/+Vuk2NZTgwHvx+uVjBk2MmJopxRkvvecBn0gqXt+ecZ1DEW8654ZO3lLhTQznZHvKNj70dohrWNRDm9rYZ6Rqsiki/7uBhkiZNkg208LLyL/qGOcCkk39eD9hhm5veEZDirdsS/eRGHby9nY+lRZ1VVmJ200XfLb4mlnbmJEhzpsWegCseWEZfcFXJau3vUkX9xsZy3RvjaboJ6Zt/8vNmbK+zJWGsmKZvF/PJEg3PSb6zuMd0emE/v7hSMMGxmjgf6HI5Sr3FQC9yRsSI1qGBNSX7OnSbpjbUBNRydHo2CDbkygCo5faxoTVfnpKgzpA7XIKEW1F2oM6OeWoExyZUr2hBTJ4xALFq5wkzIGdl40xe9qWlvzsFRph20IyPNUBzp7x9LtGRE7ZcD2LGQW8L19QCLEjRBWw6keuBCxUJrRjTbZliwS+0Zchccf19PaA1/3ofNumnPimMJfl9DtGfA46HLJWpPSGcTqNAmKnCT6r7mGpP+raqG64qxW2uFxoKBcjw6vxYjlJHQiYKophfngliGVeJdgg7LqsgtXy4JsVlRI9beoMmSsM7L9cJDb1OniUAQO+nz63mYYttk/msnnVeo/ms1ydEzLpzjWgxPENH5uad1zqspuNT1ZFNB2M5LibojObxzNN9hO/59WOltfPtcqka4sVyci5pKH1bcTgr9mOzkhvl3f1LkI+BaNeVfxMtsqhWHow3ihxJkoSlWn8UcXCjEr2JrcPVX4TURs2fAv1sa+uSMCQWkmPUrubIFI/06QgXtxNvxQy58+vcAFVjMj/uhFZEKTKhxJiNT7WFIkATVMH396fgYqy7NjHk9PYqAvx/84EMc7rQNPiT8kkF9yKBTfJP73EzvgM/IuoKI3Wq5pW5NiqfyzNhY5cVNdbHe17RHfGuO1MA7Jn1dtrNWk5zo73eJ3Hg2sRgKSZA1G0JMMN4MQscwzUm4//F64oZ+0lCPS26X0k2basHcTEtsLFcWFEj86auJ1IEy5mUbD4NIF3r0bR+3lwov/gPz4J/MfidXggAAAABJRU5ErkJggg==)}
.sfa-view .sfa-loading span{display:inline-block;color:#6b6b6b;font-size:18px;padding-right:3px;vertical-align:middle}
.sfa-view-no-head .sfa-head{display:none}
.sfa-view-no-head .sfa-body{padding-top:0}
.sfa-view-transparent-head .sfa-head{background:-moz-linear-gradient(top,rgba(0,0,0,.3) 0,rgba(0,0,0,.2) 25%,rgba(0,0,0,0) 100%);background:-webkit-linear-gradient(top,rgba(0,0,0,.3) 0,rgba(0,0,0,.2) 25%,rgba(0,0,0,0) 100%);background:linear-gradient(to bottom,rgba(0,0,0,.3) 0,rgba(0,0,0,.2) 25%,rgba(0,0,0,0) 100%);color:#fff;text-shadow:0 0 1px rgba(0,0,0,.4)}
.sfa-view-transparent-head .sfa-body{padding-top:0}
.sfa-results .c-result:first-of-type .c-container:first-of-type{margin-top:0}
.sfa-top-results .c-result .c-container:first-of-type{margin:0;padding:0}</style><style data-for="sf25/view/commonView">#super-frame{font:14px/22px Arial,Helvetica,sans-serif;word-break:break-word;word-wrap:break-word}
.sfa-view{z-index:501;width:100%;min-height:100%;background-color:#f2f2f2;overflow:auto}
.sfa-view .sfa-body{overflow:hidden;text-align:left;padding-top:44px}
.sfa-view .sfa-head{position:fixed;top:0;left:0;z-index:501;width:100%;height:44px;line-height:44px;text-align:center;font-size:18px;background-color:#fff;color:#333;-webkit-user-select:none;user-select:none;-webkit-transform:translate3d(0,0,0);transform:translate3d(0,0,0)}
.sfa-view .sfa-back,.sfa-view .sfa-close{width:50px;height:44px;float:left;text-align:center;padding-left:2px}
.sfa-view .sfa-back i{font-size:21px}
.sfa-view .sfa-close{width:43px}
.sfa-view .sfa-close span,.sfa-view .sfa-back span{font-size:16px;vertical-align:middle}
.sfa-tool .sfa-action-more{overflow:hidden;display:inline-block;font-size:21px;width:44px}
.active .sfa-tool .sfa-action-more:active,.active .sfa-tool .sfa-action-item:active{background:rgba(51,51,51,.4)}
.sfa-action-item .sfa-tool-text{color:#666;font-size:14px;display:block;width:100%;overflow:hidden}
.sfa-view .sfa-tool{min-width:44px;height:44px;float:right;text-align:center;padding-right:4px}
.sfa-head .sfa-tool .sfa-action-item i{font-size:21px}
.sfa-view .sfa-title{width:100%;padding:0 98px;box-sizing:border-box}
.sfa-view .sfa-head-border{border-bottom:1px solid #f1f1f1}
.sfa-view .sfa-title .c-line-clamp1{padding:0 8px}
.active .sfa-head .sfa-back:active{background:rgba(51,51,51,.4)}
.sfa-tool .sfa-action-item{display:inline-block;width:44px;overflow:hidden}
.sfa-head .sfa-action-menus{display:none;float:right;width:auto;background-color:#fff;margin-right:5px;text-align:left;overflow:auto;box-shadow:0 2px 6px #d6d6d6}
.sfa-action-menus .sfa-action-item{color:#666;font-size:16px;line-height:44px;padding:0 17px;border-bottom:1px solid #f1f1f1}
.active .sfa-action-menus .sfa-action-item:active{background:rgba(51,51,51,.4)}
.sfa-action-menus .sfa-action-item .sfa-head-menu-icon{color:#666;font-size:16px;display:block;line-height:44px;width:16px;overflow:hidden;text-align:left}
.sfa-action-menus .sfa-action-item .sfa-tool-text{color:#666;font-size:16px;width:auto}
.sfa-action-menus :last-child{border-bottom:0}
.sfa-head .sfa-action-menus i{float:left;padding-right:14px}
.sfa-head .search-box{display:-webkit-box;display:-webkit-flex;display:flex;background-color:#fff;font-size:14px;padding:5px 10px 6px 17px;box-sizing:border-box;height:100%;width:100%}
.sfa-head .search-box .search-box-input-area{display:-webkit-box;display:-webkit-flex;display:flex;width:100%;box-sizing:border-box;height:34px;line-height:34px;color:#333;margin-right:7px;padding-right:3px;border-radius:16px;background:#f5f5f5}
.sfa-head .search-box .search-box-button-area{width:46px;height:34px;line-height:34px;color:#333}
.active .sfa-head .search-box .search-box-button-area:active{background:rgba(51,51,51,.4)}
.search-box .search-icon{color:#c3c3c3;line-height:35px;padding-right:6px;padding-left:13px;font-size:14px}
.search-box .search-action{line-height:34px;font-size:14px;outline:0}
.search-action-cancel-icon{width:34px;color:#e0e0e0;font-size:14px}
.search-box .search-box-input-container{-webkit-box-flex:1;-webkit-flex:1;flex:1;width:100%;height:100%;box-sizing:border-box;left:0}
.search-box .search-box-input-container input{width:100%;height:100%;font-size:14px;vertical-align:top;outline:0;color:#333}
.search-box-input::-webkit-input-placeholder{vertical-align:top;font-size:14px}
.sfa-view .sfa-loading{position:absolute;top:50%;left:50%;color:#fff;width:161px;height:49px;line-height:49px;margin-top:-24px;margin-left:-80px;border-radius:1px;text-align:center}
.sfa-loading .sfa-loading-icon{display:inline-block;width:37px;height:23px;margin-top:-4px;vertical-align:middle}
.sfa-view .sfa-loading.sfa-loading-tab{width:147px;height:48px;margin-left:-73px}
.sfa-view .sfa-loading .sfa-loading-icon-tab{width:100%;height:100%;overflow:hidden}
.sfa-view .sfa-loading .sfa-loading-tab-bglogo{background:url(//m.baidu.com/se/static/img/iphone/tab_loading__bg_logo.png) no-repeat;background-size:147px 48px;height:48px;width:147px}
.sfa-view .sfa-loading .sfa-loading-tab-toplight{background:url(//m.baidu.com/se/static/img/iphone/tab_loading_light.png) no-repeat;animation:1s marvel infinite;background-size:147px 48px;position:relative;height:48px;width:147px;top:-48px;left:-78px}
@keyframes marvel{0%{left:-78px}
100%{left:73px}}
.sfa-view .sfa-loading i{height:23px;width:23px;background-size:23px;background-repeat:no-repeat;background-image:url(data:image/png;base64,iVBORw0KGgoAAAANSUhEUgAAAEUAAABFCAMAAAArU9sbAAAAllBMVEUAAAA5kv85kv85kv85kv85kv85kv85kv85kv85kv85kv85kv85kv85kv85kv85kv85kv85kv85kv85kv85kv85kv85kv85kv85kv85kv85kv85kv85kv85kv85kv85kv85kv85kv85kv85kv85kv85kv85kv85kv85kv85kv85kv85kv85kv85kv85kv85kv85kv85kv98v3f9AAAAMXRSTlMA+u4H8xwSDeG7KBapjYhP28EE9jfmpJoxItOALLFuQcxrZOrXdnPHVDyVe11aSIN5drPNPgAAAx5JREFUWMOlmOl2qlAMhbcyySCiBUFRUazzVXve/+Vuk2NZTgwHvx+uVjBk2MmJopxRkvvecBn0gqXt+ecZ1DEW8654ZO3lLhTQznZHvKNj70dohrWNRDm9rYZ6Rqsiki/7uBhkiZNkg208LLyL/qGOcCkk39eD9hhm5veEZDirdsS/eRGHby9nY+lRZ1VVmJ200XfLb4mlnbmJEhzpsWegCseWEZfcFXJau3vUkX9xsZy3RvjaboJ6Zt/8vNmbK+zJWGsmKZvF/PJEg3PSb6zuMd0emE/v7hSMMGxmjgf6HI5Sr3FQC9yRsSI1qGBNSX7OnSbpjbUBNRydHo2CDbkygCo5faxoTVfnpKgzpA7XIKEW1F2oM6OeWoExyZUr2hBTJ4xALFq5wkzIGdl40xe9qWlvzsFRph20IyPNUBzp7x9LtGRE7ZcD2LGQW8L19QCLEjRBWw6keuBCxUJrRjTbZliwS+0Zchccf19PaA1/3ofNumnPimMJfl9DtGfA46HLJWpPSGcTqNAmKnCT6r7mGpP+raqG64qxW2uFxoKBcjw6vxYjlJHQiYKophfngliGVeJdgg7LqsgtXy4JsVlRI9beoMmSsM7L9cJDb1OniUAQO+nz63mYYttk/msnnVeo/ms1ydEzLpzjWgxPENH5uad1zqspuNT1ZFNB2M5LibojObxzNN9hO/59WOltfPtcqka4sVyci5pKH1bcTgr9mOzkhvl3f1LkI+BaNeVfxMtsqhWHow3ihxJkoSlWn8UcXCjEr2JrcPVX4TURs2fAv1sa+uSMCQWkmPUrubIFI/06QgXtxNvxQy58+vcAFVjMj/uhFZEKTKhxJiNT7WFIkATVMH396fgYqy7NjHk9PYqAvx/84EMc7rQNPiT8kkF9yKBTfJP73EzvgM/IuoKI3Wq5pW5NiqfyzNhY5cVNdbHe17RHfGuO1MA7Jn1dtrNWk5zo73eJ3Hg2sRgKSZA1G0JMMN4MQscwzUm4//F64oZ+0lCPS26X0k2basHcTEtsLFcWFEj86auJ1IEy5mUbD4NIF3r0bR+3lwov/gPz4J/MfidXggAAAABJRU5ErkJggg==)}
.sfa-view .sfa-loading span{display:inline-block;color:#6b6b6b;font-size:18px;padding-right:3px;vertical-align:middle}
.sfa-view-no-head .sfa-head{display:none}
.sfa-view-no-head .sfa-body{padding-top:0}
.sfa-view-transparent-head .sfa-head{background:-moz-linear-gradient(top,rgba(0,0,0,.3) 0,rgba(0,0,0,.2) 25%,rgba(0,0,0,0) 100%);background:-webkit-linear-gradient(top,rgba(0,0,0,.3) 0,rgba(0,0,0,.2) 25%,rgba(0,0,0,0) 100%);background:linear-gradient(to bottom,rgba(0,0,0,.3) 0,rgba(0,0,0,.2) 25%,rgba(0,0,0,0) 100%);color:#fff;text-shadow:0 0 1px rgba(0,0,0,.4)}
.sfa-view-transparent-head .sfa-body{padding-top:0}
.sfa-results .c-result:first-of-type .c-container:first-of-type{margin-top:0}
.sfa-top-results .c-result .c-container:first-of-type{margin:0;padding:0}</style></head><body data-version="css_page_2@w-740eeff9,css_callapp@w-a80fdabe,css_weather@w-c0958184,css_icon@w-63e5a29a,css_plus@w-bbba1489,css_edit@w-ed8b79ac,css_modal@w-272c0b83,css_widget_sug@w-56cb21bc,css_skin@w-6f64bea2,js_esl@w-994be853,js_zepto@w-24ba472d,js_event@w-9664f247,js_fastclick@,js_utils@,js_smartymonkey@w-12266683,js_index@w-fa4a6a4d,js_banner_ctrl@w-9da8d75b,js_inputlog@w-0b6b36d2,js_bdnow@w-460640be,js_nctips@w-b7673521,js_widget_textinput@w-8ad96c42,js_widget_sug@w-05259e9d,js_mp@w-56323c10,js_hash_lib@w-89615168,js_skinRenderIndex@w-0a3b2c91,js_skinIphone@w-67123582,js_prefetch@w-7b92c25c,js_sug@w-0ead5c37,js_iscroll@w-aa601c6c,js_init@w-f08bf4d9,js_geolocation@w-eb0d6f73,js_login@w-28846d1e,js_tab@w-25d9b241,js_md5@w-b22702d3,js_url@w-807bee51,js_lswrite@w-dd6d905e,js_modal@w-e677b90c,js_thirdparty@w-b065b874,js_superstart@w-a3bad164,js_baiduloc@w-6ac6246c,js_callbaiduapp_android@w-cfe1978f" data-cur-page="search"><script data-lsid="plus_js_head">(function(){var d=window.B||(window.B={});var b=document;if(b.cookie.match(/BAIDUID=([^:]+)/)){d.id=RegExp.$1}d.lsSupport=true;try{localStorage.setItem("_t",1);localStorage.removeItem("_t")}catch(a){d.lsSupport=false}function c(e){var f;while(e.length&gt;0){f=e.shift();if(typeof f==="function"){f()}}}d.init=(function(){var f=false;var e=[];d._fireInit=function(){f=true;c(e)};return function(g){if(f){g()}else{e.push(g)}}})();d.load=(function(){var f=false;var e=[];window.addEventListener("load",function(){f=true;setTimeout(function(){c(e)},0)},false);return function(g){if(f){g()}else{e.push(g)}}})();d.ready=(function(){var e=false;var f=[];b.addEventListener("DOMContentLoaded",function(){e=true;setTimeout(function(){c(f)},0)},false);return function(g){if(e){g()}else{f.push(g)}}})();d.$=function(e){return b.querySelector(e)};d.$$=function(e){return b.querySelectorAll(e)}})();;(function(){var b=decodeURIComponent(location.hash);var c=window.B||(window.B={});if(/\|src_(.*?)\||$/g.test(b)&amp;&amp;RegExp.$1){c._hash=b;c._query=RegExp.$1;var a=document.createTextNode("#index-card{display:none}#search-card{display:block}");c.$("#spa-base-style").appendChild(a)}c.asynJs=[];c.asynLoad=function(d){if(!~c.asynJs.indexOf(d)){c.asynJs.push(d)}}})();;(function(){if(/#+.*?wd=([^&amp;|$]+)/.test(location.href)&amp;&amp;RegExp.$1){var d=RegExp.$1,b=location.search;var a="/s"+b;if(b&amp;&amp;b.indexOf("?")&gt;=0){a+="&amp;"}else{a+="?"}a+="word="+d;location.replace(a);var c=document.createElement("meta");c.setAttribute("http-equiv","refresh");c.setAttribute("content","0;URL="+a);document.head.appendChild(c);document.body.style.display="none"}})();;(function(){if(location.hash.indexOf("iview=skin")&gt;-1){var a=document.createElement("style");a.setAttribute("id","skin-show");a.setAttribute("type","text/css");a.innerHTML="#index-card{display:none;}#page{background-color:#3a3a3a;}";B.$("head").appendChild(a)}})();;</script><div id="page"><div id="index-card" data-lsversion="a84843cb8b103470baidu" style="margin-bottom: 50px; display: none;"><div id="weather"><div class="weather-outline" data-thunder="cst:2;tid:43;logFrom:weather;logInfo:expand;ref:index_iphone;"><div class="icon-weather-default"></div><div class="weather-num">28°</div><div class="weather-status"><p>邯郸</p><p>179 中度污染</p></div><i class="icon-down"></i></div><div class="weather-shield" data-height="248" style="height: 248px"></div></div><div class="skin-container" id="skin-container"></div><div id="header"><div id="userinfo-wrap"><div id="login-wraps"><a id="login" class="icon-login" href="//m.baidu.com/usrprofile?action=home&amp;model=user&amp;ori=index" data-thunder="cst:2;tid:96;logFrom:user;logInfo:avatar;logExtra:{&quot;login&quot;:0};ref:index_iphone;url://m.baidu.com/usrprofile?action=home&amp;model=user&amp;ori=index;"></a><a href="https://act.mbd.baidu.com/act/xiadou/index.html?qd=wiselogin" class="index-banner" data-bgcolor="#ffffff" data-thunder="cst:2;tid:97;logFrom:user;logInfo:text;logExtra:{&quot;login&quot;:0};ref:index_iphone;url:https://act.mbd.baidu.com/act/xiadou/index.html?qd=wiselogin;"><span class="index-banner-text">奇葩问题大集合</span><span class="index-banner-triangle"></span><span class="index-banner-triangle-shadow"></span></a></div></div><div id="skin-wrap"><a id="skin" href="javascript:;" data-skinindex=""><i class="icon-skin"></i></a></div><div id="logo" class="noTapColor use-festival"><img src="https://m.baidu.com/static/index/plus/plus_logo.png" alt="百度一下,你就知道" /></div><form data-formposition="i" class="se-form focus" id="index-form" action="/from=844b/s" method="get" autocomplete="off" style="height: 42px;"><div class="con-wrap"><input type="text" autocomplete="off" autocorrect="off" maxlength="64" id="index-kw" name="word" class="se-input" data-sug="1" style="height: 42px;" /><div class="se-inner"><div id="index-cross" class="cross" style="display: none; height: 42px;"></div><div class="callicon-wrap" style="display: none;"><div class="baiduapp-icon"></div><div class="baiduappcall-wrap"><div class="qrcode call" data-ac="active"></div><input id="ts-image-uploader" type="file" data-role="uploader" accept="image/*" style="display: block; position: absolute; top: 0px; left: 0px; font-size: 80px; z-index: 100; opacity: 0; overflow: hidden; width: 52px; height: 39px;" /><div class="voice call" data-ac="active"></div></div></div><button id="index-bn" class="se-bn" type="submit" style="height: 42px;">百度一下</button></div></div><div id="index-box"><div class="suggest-div" style="display: none;"><div class="suggest-direct" style="display: none;"></div><div class="suggest-panel"><div class="suggest-content"><div class="sug"><button>中文 testerhome</button><div class="sug-edit"></div></div></div><div class="suggest-oper sug-active-his"><div class="suggest-oper-at sug-oper-btn">直达号</div><div class="suggest-oper-his sug-oper-btn">历史记录</div></div></div><div class="suggest-title"><div class="suggest-logo"></div><div class="suggest-control" style="display: none;"><div class="history-clear">清除历史记录</div></div><div class="suggest-at" style="display: none;">直达号</div></div><div class="suggest-close">关闭</div></div></div><input type="hidden" name="ts" value="6122123" /><input type="hidden" name="t_kt" value="0" /><input type="hidden" name="ie" value="utf-8" /><input type="hidden" name="fm_kl" value="021394be2f" /><input type="hidden" name="rsv_iqid" value="3909137074" /><input type="hidden" name="rsv_t" value="9b6epsc9yXZ3svSr7FljDTIU1S5%2BcJ3FeIkyyLNh77yuPKj43nVsNI1PFA" /><input type="hidden" name="sa" value="ib" /><input type="hidden" name="ms" value="1" /><input type="hidden" name="rsv_pq" value="3909137074" /><input type="hidden" name="rsv_sug4" value="8213" /><input type="hidden" name="ss" value="100" /></form><div id="navs"><div id="ns-swipe" class="ns-swipe" style="visibility: visible;"><div class="ns-swipe-wrap" style="width: 0px;"><div class="ns-swipe-item" data-index="0" style="width: 0px; left: 0px; transition: 0ms; -webkit-transition: 0ms; -webkit-transform: translate(0px, 0px);"><a class="ns-item menu-item-0" href="javascript:;" id="" data-thunder="tid:11;ct:1;cst:2;logFrom:navs;logInfo:nav;logExtra:{&quot;pos&quot;:12,&quot;title&quot;:&quot;\u5173\u6ce8&quot;};ref:index_iphone;"><i class="ns-focus ns-icon"></i><span class="ns-text">关注</span></a><a class="ns-item" href="http://m.news.baidu.com/news?fr=mohome&amp;ssid=0&amp;from=844b&amp;uid=&amp;pu=sz%40320_1001%2Cta%40iphone_2_5.0_3_537&amp;bd_page_type=1" data-thunder="tid:11;ct:1;cst:2;logFrom:navs;logInfo:nav;logExtra:{&quot;pos&quot;:1,&quot;title&quot;:&quot;\u65b0\u95fb&quot;};ref:index_iphone;url:http://m.news.baidu.com/news?fr=mohome&amp;ssid=0&amp;from=844b&amp;uid=&amp;pu=sz%40320_1001%2Cta%40iphone_2_5.0_3_537&amp;bd_page_type=1;"><i class="ns-news ns-icon"></i><span class="ns-text">新闻</span></a><a class="ns-item" href="http://dushu.m.baidu.com" data-thunder="tid:11;ct:1;cst:2;logFrom:navs;logInfo:nav;logExtra:{&quot;pos&quot;:2,&quot;title&quot;:&quot;\u5c0f\u8bf4&quot;};ref:index_iphone;url:http://dushu.m.baidu.com;"><i class="ns-novel ns-icon"></i><span class="ns-text">小说</span></a><a class="ns-item" href="https://sv.baidu.com" data-thunder="tid:11;ct:1;cst:2;logFrom:navs;logInfo:nav;logExtra:{&quot;pos&quot;:3,&quot;title&quot;:&quot;\u89c6\u9891&quot;};ref:index_iphone;url:https://sv.baidu.com;"><i class="ns-video ns-icon"></i><span class="ns-text">视频</span></a><a class="ns-item" href="https://m.nuomi.com/?cid=wise_shouye_nuomi" data-thunder="tid:11;ct:1;cst:2;logFrom:navs;logInfo:nav;logExtra:{&quot;pos&quot;:4,&quot;title&quot;:&quot;\u7cef\u7c73&quot;};ref:index_iphone;url:https://m.nuomi.com/?cid=wise_shouye_nuomi;"><i class="ns-life ns-icon"></i><span class="ns-text">糯米</span></a><a class="ns-item" href="http://map.baidu.com/mobile/webapp/index/index?itj=45&amp;wtj=wi&amp;ssid=0&amp;from=844b&amp;uid=&amp;pu=sz%40320_1001%2Cta%40iphone_2_5.0_3_537&amp;bd_page_type=1" data-schema="baidumap://map?src=wise.show.index.nav" data-thunder="tid:11;ct:1;cst:2;logFrom:navs;logInfo:nav;logExtra:{&quot;pos&quot;:5,&quot;title&quot;:&quot;\u5730\u56fe&quot;};ref:index_iphone;url:http://map.baidu.com/mobile/webapp/index/index?itj=45&amp;wtj=wi&amp;ssid=0&amp;from=844b&amp;uid=&amp;pu=sz%40320_1001%2Cta%40iphone_2_5.0_3_537&amp;bd_page_type=1;"><i class="ns-map ns-icon"></i><span class="ns-text">地图</span></a></div><div class="ns-swipe-item" data-index="1" style="width: 0px; left: 0px; transition: 0ms; -webkit-transition: 0ms; -webkit-transform: translate(0px, 0px);"><a class="ns-item" href="http://tieba.baidu.com/?mo_device=1&amp;itj=43&amp;ssid=0&amp;from=844b&amp;uid=&amp;pu=sz%40320_1001%2Cta%40iphone_2_5.0_3_537&amp;bd_page_type=1" data-thunder="tid:11;ct:1;cst:2;logFrom:navs;logInfo:nav;logExtra:{&quot;pos&quot;:7,&quot;title&quot;:&quot;\u8d34\u5427&quot;};ref:index_iphone;url:http://tieba.baidu.com/?mo_device=1&amp;itj=43&amp;ssid=0&amp;from=844b&amp;uid=&amp;pu=sz%40320_1001%2Cta%40iphone_2_5.0_3_537&amp;bd_page_type=1;"><i class="ns-tieba ns-icon"></i><span class="ns-text">贴吧</span></a><a class="ns-item" href="http://mobile.baidu.com/#/?source=wise-index&amp;from=1009556z&amp;ssid=0&amp;from=844b&amp;uid=&amp;pu=sz%40320_1001%2Cta%40iphone_2_5.0_3_537&amp;bd_page_type=1" data-thunder="tid:11;ct:1;cst:2;logFrom:navs;logInfo:nav;logExtra:{&quot;pos&quot;:11,&quot;title&quot;:&quot;\u5e94\u7528&quot;};ref:index_iphone;url:http://mobile.baidu.com/#/?source=wise-index&amp;from=1009556z&amp;ssid=0&amp;from=844b&amp;uid=&amp;pu=sz%40320_1001%2Cta%40iphone_2_5.0_3_537&amp;bd_page_type=1;"><i class="ns-app ns-icon"></i><span class="ns-text">应用</span></a><a class="ns-item" href="http://image.baidu.com/search/wiseindex?tn=wiseindex&amp;wiseps=1&amp;ssid=0&amp;from=844b&amp;uid=&amp;pu=sz%40320_1001%2Cta%40iphone_2_5.0_3_537&amp;bd_page_type=1" data-thunder="tid:11;ct:1;cst:2;logFrom:navs;logInfo:nav;logExtra:{&quot;pos&quot;:8,&quot;title&quot;:&quot;\u56fe\u7247&quot;};ref:index_iphone;url:http://image.baidu.com/search/wiseindex?tn=wiseindex&amp;wiseps=1&amp;ssid=0&amp;from=844b&amp;uid=&amp;pu=sz%40320_1001%2Cta%40iphone_2_5.0_3_537&amp;bd_page_type=1;"><i class="ns-image ns-icon"></i><span class="ns-text">图片</span></a><a class="ns-item" href="http://m.hao123.com/?tn=wisebaidu&amp;ssid=0&amp;from=844b&amp;uid=&amp;pu=sz%40320_1001%2Cta%40iphone_2_5.0_3_537&amp;bd_page_type=1" data-thunder="tid:11;ct:1;cst:2;logFrom:navs;logInfo:nav;logExtra:{&quot;pos&quot;:9,&quot;title&quot;:&quot;\u7f51\u5740&quot;};ref:index_iphone;url:http://m.hao123.com/?tn=wisebaidu&amp;ssid=0&amp;from=844b&amp;uid=&amp;pu=sz%40320_1001%2Cta%40iphone_2_5.0_3_537&amp;bd_page_type=1;"><i class="ns-website ns-icon"></i><span class="ns-text">网址</span></a><a class="ns-item" href="http://e.baidu.com/?refer=205&amp;ssid=0&amp;from=844b&amp;uid=&amp;pu=sz%40320_1001%2Cta%40iphone_2_5.0_3_537&amp;bd_page_type=1" data-thunder="tid:11;ct:1;cst:2;logFrom:navs;logInfo:nav;logExtra:{&quot;pos&quot;:10,&quot;title&quot;:&quot;\u63a8\u5e7f&quot;};ref:index_iphone;url:http://e.baidu.com/?refer=205&amp;ssid=0&amp;from=844b&amp;uid=&amp;pu=sz%40320_1001%2Cta%40iphone_2_5.0_3_537&amp;bd_page_type=1;"><i class="ns-extend ns-icon"></i><span class="ns-text">推广</span></a><a class="ns-item" href="http://music.baidu.com/?fr=baiduwisehome&amp;ssid=0&amp;from=844b&amp;uid=&amp;pu=sz%40320_1001%2Cta%40iphone_2_5.0_3_537&amp;bd_page_type=1" data-thunder="tid:11;ct:1;cst:2;logFrom:navs;logInfo:nav;logExtra:{&quot;pos&quot;:6,&quot;title&quot;:&quot;\u97f3\u4e50&quot;};ref:index_iphone;url:http://music.baidu.com/?fr=baiduwisehome&amp;ssid=0&amp;from=844b&amp;uid=&amp;pu=sz%40320_1001%2Cta%40iphone_2_5.0_3_537&amp;bd_page_type=1;"><i class="ns-music ns-icon"></i><span class="ns-text">音乐</span></a></div><div class="ns-swipe-item" data-index="2" style="width: 0px; left: 0px; transition: 0ms; -webkit-transition: 0ms; -webkit-transform: translate(0px, 0px);"><a class="ns-item" href="https://voice.baidu.com/ting?fr=wiseindex&amp;ssid=0&amp;from=844b&amp;uid=&amp;pu=sz%40320_1001%2Cta%40iphone_2_5.0_3_537&amp;bd_page_type=1" data-thunder="tid:11;ct:1;cst:2;logFrom:navs;logInfo:nav;logExtra:{&quot;pos&quot;:13,&quot;title&quot;:&quot;\u7545\u542c&quot;};ref:index_iphone;url:https://voice.baidu.com/ting?fr=wiseindex&amp;ssid=0&amp;from=844b&amp;uid=&amp;pu=sz%40320_1001%2Cta%40iphone_2_5.0_3_537&amp;bd_page_type=1;"><i class="ns-listen ns-icon"></i><span class="ns-text">畅听</span></a><div class="fix-uc-extra"><i class="ns-icon"></i><span class="ns-text"></span></div><div class="fix-uc-extra"><i class="ns-icon"></i><span class="ns-text"></span></div><div class="fix-uc-extra"><i class="ns-icon"></i><span class="ns-text"></span></div><div class="fix-uc-extra"><i class="ns-icon"></i><span class="ns-text"></span></div><div class="fix-uc-extra"><i class="ns-icon"></i><span class="ns-text"></span></div></div></div><ul class="ns-swipe-menu"><li class="ns-swipe-tab ns-swipe-tab-active"></li><li class="ns-swipe-tab"></li><li class="ns-swipe-tab ns-swipe-tab-mr0"></li></ul></div></div></div><div class="ujs42_wrapper"><div id="ujs42"><div id="ujs42_5"></div></div></div><script>B.init(function(){var w=0;var j="ujs42";var t=$.os.ios?1:2;var H="wiseindex";var F=true;var q="wise_index_banner";var y="1010750s";var r="打开";var b=$(window).width();var A={};var d="baiduboxapp://utils?action=sendIntent&amp;minver=7.4&amp;params=%7B%22intent%22%3A%22intent%3A%23Intent%3Baction%3Dcom.baidu.searchbox.action.HOME%3BS.targetCommand%3D%257B%2522mode%2522%253A%25220%2522%252C%2522intent%2522%253A%2522intent%253A%2523Intent%253Baction%253Dcom.baidu.searchbox.action.HOME%253Bcategory%253Dandroid.intent.category.DEFAULT%253BB.key_switch_to_home%253Dtrue%253Bend%2522%252C%2522min_v%2522%253A%252225165824%2522%257D%3Bend%22%7D&amp;needlog=1&amp;logargs=%7B%22source%22%3A%22other%22%2C%22from%22%3A%22openbox%22%2C%22page%22%3A%22other%22%2C%22type%22%3A%22%22%2C%22value%22%3A%22url%22%2C%22channel%22%3A%22%22%7D";var n="baiduboxapp://apppage?action=openPage&amp;params=%7B%22pageid%22%3A%22homepage%22%7D";var m={"1":{activityName:[],bgColor:[],thresholdTime:[],bgPic:[],invokeOptions:[]},"2":{activityName:["redpacket"],bgColor:["#1e1c3c"],thresholdTime:[{start:Date.parse("2017/06/19 14:00:00"),end:Date.parse("2017/07/18 23:59:59")}],bgPic:[sDomain.staticUrl+"static/wiseindex/img/bd_activity_bg20170619_"],invokeOptions:[{from:"1020236r",channel:"1020236s",url:"https://po.baidu.com/act/wise/raffleindex.html?from=wise",failCallback:function(){location.href="https://po.baidu.com/act/wise/index.html?from=wise"}}]}};for(var v=m[t].thresholdTime.length-1;v&gt;=0;v--){if((+new Date()&gt;m[t].thresholdTime[v].start)&amp;&amp;(+new Date()&lt;m[t].thresholdTime[v].end)){if((m[t].activityName.length===m[t].bgColor.length)&amp;&amp;(m[t].thresholdTime.length===m[t].bgPic.length)&amp;&amp;(m[t].invokeOptions.length===m[t].bgPic.length)){F=false;A.index=v;break}}}if(!!~sSession.sids.indexOf("117173")){F=true;q="1020330e";y="1020330f"}if(!!~sSession.sids.indexOf("117174")){if(parseInt(t,10)===2){m[t].invokeOptions[A.index].from="1020330g";m[t].invokeOptions[A.index].channel="1020330h"}else{q="1020330g";y="1020330h"}}var g={content:"用手机百度搜索更方便"||"下载手机百度APP",dayCount:"7"||15,iphoneUrl:"baiduboxapp://search?word=index"||"baiduboxapp://search?word=index",iosLow8DownUrl:"https://itunes.apple.com/us/app/apple-store/id382201985?pt=328057&amp;ct=sf8-20160307&amp;mt=8"||"https://itunes.apple.com/us/app/apple-store/id382201985?pt=328057&amp;ct=sf8-20160307&amp;mt=8",iosDownUrl:"https://itunes.apple.com/us/app/apple-store/id382201985?pt=328057&amp;ct=sf9-20160307&amp;mt=8"||"https://itunes.apple.com/us/app/apple-store/id382201985?pt=328057&amp;ct=sf9-20160307&amp;mt=8",androidUrl:"baiduboxapp://utils?word=index"||"baiduboxapp://utils?word=index",andDownUrl:"http://dl.ops.baidu.com/baidusearch_AndroidPhone_1010750s.apk"||"http://dl.ops.baidu.com/baidusearch_AndroidPhone_1010750s.apk",ios9Url:"https://boxer.baidu.com/scheme?scheme="+encodeURIComponent("baiduboxapp://search?word=index")};var E="#"+j+"{position:fixed;bottom:0;left:0;z-index:20;width:100%;height:53px;background:#ffffff;opacity:1;border-top: 1px solid #e0e0e0;box-sizing: border-box;}#"+j+"_1{pointer-events:auto;height:53px;box-sizing: border-box;}."+j+"_2{border:none;height:36px;width:36px;position:absolute;bottom:7px;left:46px;background: url(//m.baidu.com/static/search/baiduapp_icon.png) no-repeat;background-size:36px 36px;-webkit-background-size:36px 36px;}."+j+"_3{position:absolute;padding: 11px 0 0 10px;left:84px;color: #333;font-family: 微软雅黑;text-align: left;}."+j+"_4{display:inline-block;height:26px;line-height:26px;width:62px;position:absolute;bottom:12px;right:16px;box-sizing: border-box; z-index:99;border:1px solid #e0e0e0;border-radius:2px;color:#333;font-size:13px;text-align:center;}#"+j+'_5{pointer-events:auto;position:absolute;left:5px;bottom:0px;height:53px;width:40px;background:url("data:image/png;base64,iVBORw0KGgoAAAANSUhEUgAAACgAAAAoCAYAAACM/rhtAAAAGXRFWHRTb2Z0d2FyZQBBZG9iZSBJbWFnZVJlYWR5ccllPAAAA4ZpVFh0WE1MOmNvbS5hZG9iZS54bXAAAAAAADw/eHBhY2tldCBiZWdpbj0i77u/IiBpZD0iVzVNME1wQ2VoaUh6cmVTek5UY3prYzlkIj8+IDx4OnhtcG1ldGEgeG1sbnM6eD0iYWRvYmU6bnM6bWV0YS8iIHg6eG1wdGs9IkFkb2JlIFhNUCBDb3JlIDUuMy1jMDExIDY2LjE0NTY2MSwgMjAxMi8wMi8wNi0xNDo1NjoyNyAgICAgICAgIj4gPHJkZjpSREYgeG1sbnM6cmRmPSJodHRwOi8vd3d3LnczLm9yZy8xOTk5LzAyLzIyLXJkZi1zeW50YXgtbnMjIj4gPHJkZjpEZXNjcmlwdGlvbiByZGY6YWJvdXQ9IiIgeG1sbnM6eG1wTU09Imh0dHA6Ly9ucy5hZG9iZS5jb20veGFwLzEuMC9tbS8iIHhtbG5zOnN0UmVmPSJodHRwOi8vbnMuYWRvYmUuY29tL3hhcC8xLjAvc1R5cGUvUmVzb3VyY2VSZWYjIiB4bWxuczp4bXA9Imh0dHA6Ly9ucy5hZG9iZS5jb20veGFwLzEuMC8iIHhtcE1NOk9yaWdpbmFsRG9jdW1lbnRJRD0ieG1wLmRpZDowOTIwOTVhOS1lMzQyLTQxZGUtYmFkOS05MTJjZjFlOGM5OTEiIHhtcE1NOkRvY3VtZW50SUQ9InhtcC5kaWQ6NjZEMzdGRkNENDUxMTFFNUE3MTU5Nzg3OUFFNTYwQkIiIHhtcE1NOkluc3RhbmNlSUQ9InhtcC5paWQ6NjZEMzdGRkJENDUxMTFFNUE3MTU5Nzg3OUFFNTYwQkIiIHhtcDpDcmVhdG9yVG9vbD0iQWRvYmUgUGhvdG9zaG9wIENDIDIwMTUgKE1hY2ludG9zaCkiPiA8eG1wTU06RGVyaXZlZEZyb20gc3RSZWY6aW5zdGFuY2VJRD0ieG1wLmlpZDo0Njc3Yzg2NS0wNTAzLTRlODktYmRmMi0wOWNmMzJiZjgxY2YiIHN0UmVmOmRvY3VtZW50SUQ9ImFkb2JlOmRvY2lkOnBob3Rvc2hvcDo3MjQwYjY4Yy0xYzM4LTExNzktODU3Zi05Mzg5NjM1Y2UwOTIiLz4gPC9yZGY6RGVzY3JpcHRpb24+IDwvcmRmOlJERj4gPC94OnhtcG1ldGE+IDw/eHBhY2tldCBlbmQ9InIiPz43tZVvAAADD0lEQVR42tSYzasSURTAdSpTE0N5tpM+eCG1CQpcuOtRiCsXiaDr4MH7A5L8CwRXbV5E4FJBbOHKTWvBFkGbSnp97/LZsxzHSdTpnLhT07yZufc6jvoOHGfEO/f+PHfOxz1uRVFcmyyCa8PltHrjdrt5nz0LGgQNgHpBPaCnyG8z0AmoDCqC/gT9xTO5urPuvzdsgDgoBBohYDyCoD3QI1zfCUC0VpRYy46gVb8Sqy4FUCBgW0t+vQ4J6NwOIL6j26DnHPKBEegB6NQMUKA4UMxBOBeZO6Z1VtYwIxDLeVcQSbxkLYEHMOqw5YwsGWUFDDrgECyyRdamAkatZmm32/fS6XSId/VkMhns9/v75XI5ZjEsSmLtv8Cr8+Iw6GWzpzudTjYejz+QJOlDPp/fbTabR6xwjUbjcSAQiA0GgxehUGjPYvhH0O9mXhyxWqhUKj1HOL/ff6VarT5hsaQWThTFLvyxh5RHIsfiDaHF3HqLpgB1ZzQavYdnFLzid7OxAHd7OBy+xbF4TaVSOyxrIIvKJeicgyq4rbi9NEvqLZfNZvdardYPxlc2aOQkzMmfBmkT7j8WrZNcg4ufxzMRCuEQUnUcWZZnNuFQJOB6owe8YZVyWCDH4/EnmG8K99s24FCmMM8rPeBNfQzigazVak99Pt+lP39fkg4ymczugnDEd5WXSyv5cVvRcprq/IzH41nK3NpJZotMoDoEbitaDrb5M1jyImucNJGZEeCEdxaIa+e1DoHbmsvl7vMGcwOZGAHKvHD1en1f762scZLhWHAMULQLxxvMKQesxVIdpivW9MWTFs1Snb6aidEyCpZM4XA4zhrnjII5pQpC63XNqpkezfaVSuURlkysQVi/3cVi8S7lkZ5VPYgf1504i6AlC4XCTiKReEZxjtckUJseO7GSuLqmVsw79UBvdezEAf01wB0adRvM0tEXcqhelYxIl4H52DknJ355BXAyWWvO2x/E5N/F4sRBOImsMTVtp5305tGJaL8ZNTAvLNAaQUf45mQDc70t4E2Vje/y/xZgABJILegYHuZ9AAAAAElFTkSuQmCC") no-repeat 50% 50%;background-size:20px 20px;-webkit-background-size:20px 20px;}.'+j+"_3 p:first-child{font-weight: 800;font-size: 16px;line-height: 16px;}."+j+"_3 p:last-child{color:#999;font-size: 12px;line-height: 20px;}.white-page #"+j+" {display:none!important;}.white-page #"+j+" {display:none!important;}.white-page #index-card{margin-bottom:0!important;}";var s='&lt;div id="'+j+'" style="display: none;"&gt;&lt;div id="'+j+'_1"&gt;';s+='&lt;div class="'+j+'_2"&gt;&lt;/div&gt;&lt;div class="'+j+'_3"&gt;&lt;p&gt;手机百度&lt;/p&gt;';s+="&lt;p&gt;"+g.content+"&lt;/p&gt;";s+='&lt;/div&gt;&lt;a href="javascript:;" class="'+j+'_4"&gt;'+r+"&lt;/a&gt;";s+='&lt;/div&gt;&lt;div id="'+j+'_5"&gt;&lt;/div&gt;&lt;/div&gt;';if(!F){s='&lt;div class="'+j+'_wrapper" style="display: none;"&gt;&lt;div id="'+j+'"&gt;&lt;div id="'+j+'_5"&gt;&lt;/div&gt;&lt;/div&gt;&lt;/div&gt;';var l=53;var z=Math.floor((b-320)/33);var k=((320+33*z&gt;414)||(b&gt;=414))?414:(320+33*z);E="#"+j+"{width: "+Math.min(k,b)+"px;height: "+(l)+"px;margin: 0 auto;background: url("+(m[t].bgPic[A.index]+k+".png")+");background-size: "+Math.min(k,b)+"px "+l+"px;-webkit-tap-highlight-color: transparent;background-repeat: no-repeat;opacity: 1;}#"+j+"_5 {pointer-events: auto;position: absolute;left: 5px;bottom: 0px;width: 40px;height: "+l+"px;background:url("+(sDomain.staticUrl+"static/wiseindex/img/wise_backflow_close.png")+") no-repeat 50% 50%;-webkit-background-size: 18px 18px;background-size: 18px 18px;}."+j+"_wrapper {position: fixed;bottom: 0;left: 0;z-index: 20;width: 100%;height: 53px;background: "+m[t].bgColor[A.index]+";}"}$("head").append("&lt;style&gt;"+E+"&lt;/style&gt;");$("#index-card").children().eq(parseInt(Math.random()*$("#page").children().length,10)).after(s);var x=/iP(ad|hone|od)/.test(navigator.userAgent)&amp;&amp;(/OS (9|10)_\d(_\d)?/).test(navigator.userAgent);var o=/haokan/.test(navigator.userAgent);var p=/sogou/i.test(navigator.userAgent);var e=/opera/i.test(navigator.userAgent);var h=function(){var I=+new Date();var i=0;if(B.ls.enabled){i=B.ls.get("index","fbannerios","lastclosetime")}if(I-i&gt;=1000*60*60*24*g.dayCount){w=1}if(!($.os.ios||$.os.android)||o||p||e){w=0}if((typeof window.sSession.sids==="string")&amp;&amp;window.sSession.sids.indexOf("112073")!==-1){w=0}};var D=function(){h();if(w===1){$("#index-card").css("margin-bottom","50px");if(F){$("#"+j).show()}else{$("."+j+"_wrapper").show()}var i=$.os.ios;var K=$("#commonBase").data("browserid");var J=$("#"+j).parent().attr("id");if(i&amp;&amp;"index-card"!=J&amp;&amp;1==K){$("#"+j).parent().css("display","block!important")}window.B.log.send({ct:21,cst:1,sOS:t,banner:H});var I=document.createElement("script");I.src="//s.bdstatic.com/common/openjs/openBox.js?_v="+Math.floor((new Date()).getTime()/(1000*60*60));$("head").append(I)}};setTimeout(D,0);var a={pClickThrough:function(){$("a").css({"pointer-events":"none"})},upClickThrough:function(){setTimeout(function(){$("a").css({"pointer-events":"auto"})},300)},updataBtmbCss:function(){if(F){$("#"+j).hide()}else{$("."+j+"_wrapper").hide()}$("#index-card").css("margin-bottom","0")},upCloseClicks:function(i){i.preventDefault();i.stopPropagation();a.pClickThrough();a.updataBtmbCss();a.upClickThrough()},upOpenClicks:function(i){i.preventDefault();i.stopPropagation();a.pClickThrough();a.upClickThrough()},updateLocal:function(){var i=+new Date();if(B.ls.enabled){B.ls.set("index","fbannerios","lastclosetime",i)}}};var G="baiduboxapp://apppage?action=openPage&amp;params=%7B%22pageid%22%3A%22homepage%22%7D";var f={mode:"0",intent:"intent:#Intent;action=com.baidu.searchbox.action.HOME;category=android.intent.category.DEFAULT;B.key_switch_to_home=true;end;",min_v:"16787968"};var C=function(i){var I=1000*60*60*24;i.setHours(0);i.setMinutes(0);i.setSeconds(0);i.setMilliseconds(0);return i.getTime()+I};var u=function u(){var M=$.os.ios;var K=G;var J=f;var N=g.iphoneUrl.split("?");var I=N[1].split("=")[1]||"index";var P=g.androidUrl.split("?");var O=P[1].split("=")[1]||"index";if(I!="index"){if(M){K=g.iphoneUrl}else{J={mode:"0",intent:"intent:#Intent;package=com.baidu.searchbox;action=com.baidu.searchbox.action.SEARCH;category=android.intent.category.DEFAULT;S.key_value= "+encodeURIComponent(O)+";end;",min_v:"16787968"}}}var L=window.OpenBox();var i={showTip:false,iosScheme:K,androidCommand:J,from:q,channel:y};if(!F){i=$.extend({showTip:false},m[t].invokeOptions[A.index])}L.open(i)};var c=function c(i){closeFlag=true;a.upCloseClicks(i);a.updateLocal();window.B.log.send({ct:21,cst:2,sOS:t,banner:H})};$("#"+j).on("click",function(i){if($(i.target).prop("id")===(j+"_5")){c(i)}else{if(window.OpenBox){window.B.log.send({ct:21,cst:5,sOS:t,banner:H});if(F){if($(i.target).hasClass(j+"_4")){window.B.log.send({ct:21,cst:3,sOS:t,banner:H})}else{window.B.log.send({ct:21,cst:6,sOS:t,banner:H})}}u()}}});$(".baiduIcon").find("a").on("touchend",function(I){if(window.OpenBox){I.preventDefault();I.stopPropagation();window.B.log.send({ct:21,cst:4,sOS:t,banner:H});var i=window.OpenBox();i.open({showTip:false,iosScheme:G,androidCommand:f,from:"wise_index_wenzilian",channel:"1002024w"})}});B.listen("navs","open",function(){a.updataBtmbCss()})});;</script><script>(function(b){b.B.imgLoadPool={};var a=function(c,d){c=c||"index-card";b.B.imgLoadPool[d]=b.B.imgLoadPool[d]||{};b.B.imgLoadPool[d]["data"]=b.B.imgLoadPool[d]["data"]||[];b.B.imgLoadPool[d].handler=function(g){if(g.target.tagName.toLowerCase()==="img"){var f={logExtra:JSON.stringify({rta:"wise",imgSrc:g.target.src})};b.B.imgLoadPool[d]["data"].push(f)}};document.getElementById(c).addEventListener(d,b.B.imgLoadPool[d].handler,true)};a("index-card","error")})(window);;</script><div class="menu-container" id="menu-container"><ul class="menu-item-wrap" style="width: 411px; transition: 0ms cubic-bezier(0.1, 0.57, 0.1, 1); -webkit-transition: 0ms cubic-bezier(0.1, 0.57, 0.1, 1); transform: translate3d(0px, 0px, 0px);"><li class="menu-item current" id="menu-item-1" data-id="1">推荐<span style="width: 60px; margin-left: -48px;"></span></li><li class="menu-item" id="menu-item-2" data-id="2">视频<span style="width: 60px; margin-left: -48px;"></span></li><li class="menu-item" id="menu-item-3" data-id="3">娱乐<span style="width: 60px; margin-left: -48px;"></span></li><li class="menu-item" id="menu-item-4" data-id="4">体育<span style="width: 60px; margin-left: -48px;"></span></li><li class="menu-item" id="menu-item-5" data-id="5">时尚<span style="width: 60px; margin-left: -48px;"></span></li><li class="menu-item" id="menu-item-6" data-id="6">国际<span style="width: 60px; margin-left: -48px;"></span></li></ul></div><div class="blank-frame" style="min-height: 600px;"><div class="center-content" id="center-content-1"><div class="tab-wrap" data-waterpara="loadeditems:largePic,video,ecomAds;"><div id="tab_news_1" class="tab_news"><div class="tab-news-head"><div class="loading-top" style="display: none;"><div class="s-loading clr"><div class="load-effect"></div><span class="load-text">正在刷新</span></div></div></div><div class="tab-news-content water-container"><div class="news-list-wrapper" data-total="7"><div class="rec-item news-item tpl-2"><a href="https://feed.baidu.com/feed/data/wise/landingpage?s_type=news&amp;nid=4578410200092689875&amp;n_type=0&amp;p_from=2" class="inner-item clr" data-log="logExtra:yc:{&quot;st&quot;:&quot;news&quot;,&quot;isBaijiahao&quot;:0,&quot;extra&quot;:&quot;{\&quot;category\&quot;:-1,\&quot;channel_id\&quot;:1,\&quot;city\&quot;:\&quot;\\u90af\\u90f8\&quot;,\&quot;cs\&quot;:\&quot;1237031517 56415212\&quot;,\&quot;district\&quot;:\&quot;\&quot;,\&quot;fe\&quot;:\&quot;\&quot;,\&quot;final_score\&quot;:2,\&quot;gr_merge_score\&quot;:0.28215475437886,\&quot;gr_pred_score\&quot;:0.63498169183731,\&quot;hha\&quot;:0,\&quot;localname\&quot;:\&quot;\&quot;,\&quot;mark\&quot;:1,\&quot;mark_rec\&quot;:1,\&quot;mthid\&quot;:\&quot;\&quot;,\&quot;new_cat\&quot;:\&quot;\\u56fd\\u5185\&quot;,\&quot;new_sub_cat\&quot;:\&quot;\\u7efc\\u5408\&quot;,\&quot;odus\&quot;:0.0063792336732149,\&quot;pfe\&quot;:\&quot;-1_-1_-1_-1_-1\&quot;,\&quot;predictor_result\&quot;:\&quot;CAEZAAAzyTNN2UA=\&quot;,\&quot;province\&quot;:\&quot;\\u6cb3\\u5317\&quot;,\&quot;rec_src\&quot;:[34],\&quot;score\&quot;:25908.8,\&quot;src_tag\&quot;:\&quot;\&quot;,\&quot;srccat\&quot;:2,\&quot;srcid\&quot;:80003,\&quot;tj_timeliness\&quot;:1,\&quot;type\&quot;:0,\&quot;ua\&quot;:\&quot;0_0_android_5.0_0\&quot;,\&quot;ut\&quot;:\&quot;_5.0_0_\&quot;,\&quot;msrcid\&quot;:80003,\&quot;dispatch_time\&quot;:1498445807}&quot;,&quot;stype&quot;:0,&quot;rid&quot;:&quot;4578410200092689875&quot;,&quot;pos&quot;:1,&quot;picNum&quot;:1,&quot;title&quot;:&quot;\u5171\u9752\u56e2\u6d59\u6c5f\u7701\u59d4\u6210\u7acb\u5a5a\u604b\u4ea4\u53cb\u4e8b\u4e1a\u90e8 5000\u4f59\u4eba\u6765\u76f8\u4eb2&quot;};yc;" data-rid="4578410200092689875" data-pos="1" data-mib="1" data-orilink="http://news.sina.com.cn/o/2017-06-26/doc-ifyhmtrw3944935.shtml"><div class="info-content"><div class="text-content"><h2>共青团浙江省委成立婚恋交友事业部 5000余人来相亲<span class="hotRec hotRec1"></span></h2></div><div class="news-from"><span class="src-net">新浪新闻</span><span class="src-time">09:24</span><span class="src-icon-hot isAndroid">热点</span>            </div></div><div class="pic-content"><div class="news-img-padding"></div><img src="https://ss2.baidu.com/6ONYsjip0QIZ8tyhnq/it/u=1892972813,3103985608&amp;fm=173&amp;s=FC7201C31EA0709EC6AD49B003008016&amp;w=218&amp;h=146&amp;img.JPEG" />        </div></a></div><div class="rec-item" data-itemname="largePic"><div class="news-item tpl-largePic"><a href="https://feed.baidu.com/feed/data/wise/imageland?s_type=picnews&amp;nid=2668110446027880833&amp;n_type=1&amp;p_from=2" class="inner-item" data-log="logExtra:yc:{&quot;st&quot;:&quot;news&quot;,&quot;isBaijiahao&quot;:1,&quot;flow&quot;:4,&quot;extra&quot;:&quot;{\&quot;attention_fea\&quot;:\&quot;\&quot;,\&quot;catid\&quot;:4,\&quot;cb_rank_score\&quot;:0,\&quot;channel_id\&quot;:1,\&quot;city\&quot;:\&quot;\\u90af\\u90f8\&quot;,\&quot;city_code\&quot;:\&quot;\&quot;,\&quot;click\&quot;:1,\&quot;cover\&quot;:[0,4,1],\&quot;coverquality\&quot;:1,\&quot;cs\&quot;:\&quot;132788245 2600277078\&quot;,\&quot;ctr_fea\&quot;:\&quot;\&quot;,\&quot;district\&quot;:\&quot;\&quot;,\&quot;final_score\&quot;:2,\&quot;flag\&quot;:1,\&quot;gif_site\&quot;:\&quot;\&quot;,\&quot;img_num\&quot;:5,\&quot;localname\&quot;:\&quot;\&quot;,\&quot;mark\&quot;:4,\&quot;mark_rec\&quot;:4,\&quot;predictor_result\&quot;:\&quot;CAEZAIAr6e1\\\/8UA=\&quot;,\&quot;province\&quot;:\&quot;\\u6cb3\\u5317\&quot;,\&quot;q_score\&quot;:71678.9,\&quot;rec_att\&quot;:\&quot;\&quot;,\&quot;rec_src\&quot;:[15],\&quot;recall_type\&quot;:0,\&quot;sample_name\&quot;:\&quot;wise_pic_feed\&quot;,\&quot;show\&quot;:5,\&quot;source_id\&quot;:80001,\&quot;src_tag\&quot;:\&quot;\&quot;,\&quot;steplength\&quot;:2,\&quot;sub_cate\&quot;:\&quot;\\u660e\\u661f\\u516b\\u5366\&quot;,\&quot;type\&quot;:0,\&quot;ua\&quot;:\&quot;0_0_android_5.0_0\&quot;,\&quot;ut\&quot;:\&quot;_5.0_0_\&quot;,\&quot;vertical_type\&quot;:1,\&quot;msrcid\&quot;:80001,\&quot;dispatch_time\&quot;:1498445807}&quot;,&quot;stype&quot;:0,&quot;rid&quot;:&quot;2668110446027880833&quot;,&quot;pos&quot;:2,&quot;picNum&quot;:3,&quot;title&quot;:&quot;\u5a31\u4e50\u5708\u5ac1\u7ed9\u201c\u7f6a\u72af\u201d\u76845\u5927\u5973\u661f\uff0c\u6709\u4e00\u4f4d\u5f53\u65f6\u8fd8\u4e0d\u77e5\u60c5&quot;};yc;" data-rid="2668110446027880833" data-pos="2" data-mib="1" data-orilink="http://baijiahao.baidu.com/s?id=1571082500361191"><div class="text-content"><h2>娱乐圈嫁给“罪犯”的5大女星，有一位当时还不知情</h2></div><div class="largepic-content"><div class="largePic-blank"></div><img src="https://ss0.bdstatic.com/9bA1vGfa2gU2pMbfm9GUKT-w/timg?searchbox_feed&amp;quality=120&amp;wh_rate=0&amp;size=f648_364&amp;ref=http%3A%2F%2Fwww.baidu.com&amp;sec=0&amp;di=d2ad723711e7fa0d56e29c48fe5b5589&amp;src=http%3A%2F%2Ft12.baidu.com%2Fit%2Fu%3D3839533985%2C3197528996%26fm%3D175%26s%3D5D3613D51E8F695F1000FD690300D043%26w%3D431%26h%3D242%26img.JPEG" /><div class="pics-icon"><img src="https://gss0.bdstatic.com/5bd1bjqh_Q23odCf/static/wiseindex/img/icon_img.png" /><span>5图</span></div></div><div class="news-from"><span class="src-net">时尚史想</span><span class="src-time">06-24</span><span class="src-icon-rec isAndroid">图集</span></div></a></div></div><div class="rec-item" data-itemname="largePic"><div class="news-item tpl-threePic"><a href="https://feed.baidu.com/feed/data/wise/imageland?s_type=picnews&amp;nid=3389838399850070075&amp;n_type=1&amp;p_from=2" class="inner-item" data-log="logExtra:yc:{&quot;st&quot;:&quot;news&quot;,&quot;isBaijiahao&quot;:1,&quot;flow&quot;:4,&quot;extra&quot;:&quot;{\&quot;attention_fea\&quot;:\&quot;\&quot;,\&quot;catid\&quot;:4,\&quot;cb_rank_score\&quot;:0,\&quot;channel_id\&quot;:1,\&quot;city\&quot;:\&quot;\\u90af\\u90f8\&quot;,\&quot;city_code\&quot;:\&quot;\&quot;,\&quot;click\&quot;:1,\&quot;cover\&quot;:[1,2,5],\&quot;coverquality\&quot;:1,\&quot;cs\&quot;:\&quot;2864289997 790990299\&quot;,\&quot;ctr_fea\&quot;:\&quot;\&quot;,\&quot;district\&quot;:\&quot;\&quot;,\&quot;final_score\&quot;:2,\&quot;flag\&quot;:1,\&quot;gif_site\&quot;:\&quot;\&quot;,\&quot;img_num\&quot;:6,\&quot;localname\&quot;:\&quot;\&quot;,\&quot;mark\&quot;:3,\&quot;mark_rec\&quot;:4,\&quot;predictor_result\&quot;:\&quot;CAEZAIALPO2T8UA=\&quot;,\&quot;province\&quot;:\&quot;\\u6cb3\\u5317\&quot;,\&quot;q_score\&quot;:71998.8,\&quot;rec_att\&quot;:\&quot;\&quot;,\&quot;rec_src\&quot;:[15],\&quot;recall_type\&quot;:0,\&quot;sample_name\&quot;:\&quot;wise_pic_feed\&quot;,\&quot;show\&quot;:5,\&quot;source_id\&quot;:80001,\&quot;src_tag\&quot;:\&quot;\&quot;,\&quot;steplength\&quot;:2,\&quot;sub_cate\&quot;:\&quot;\\u660e\\u661f\\u516b\\u5366\&quot;,\&quot;type\&quot;:0,\&quot;ua\&quot;:\&quot;0_0_android_5.0_0\&quot;,\&quot;ut\&quot;:\&quot;_5.0_0_\&quot;,\&quot;vertical_type\&quot;:1,\&quot;msrcid\&quot;:80001,\&quot;dispatch_time\&quot;:1498445807}&quot;,&quot;stype&quot;:0,&quot;rid&quot;:&quot;3389838399850070075&quot;,&quot;pos&quot;:3,&quot;picNum&quot;:3,&quot;title&quot;:&quot;\u660e\u661f\u4eec\u7684\u82f1\u6587\u540d\u5b57\uff1a\u8d75\u4e3d\u9896\u7684\u6700\u5c34\u5c2c\uff0c\u9648\u4f1f\u9706\u597d\u6d0b\u6c14\uff0c\u4ed6\u6700\u5389\u5bb3\uff01&quot;};yc;" data-rid="3389838399850070075" data-pos="3" data-mib="1" data-orilink="http://baijiahao.baidu.com/s?id=1571064627879501"><div class="text-content"><h2>明星们的英文名字：赵丽颖的最尴尬，陈伟霆好洋气，他最厉害！<span class="hotRec hotRec3"></span></h2></div><div class="pic-content"><div class="img-wrap"><img src="https://ss2.baidu.com/6ONYsjip0QIZ8tyhnq/it/u=2467542164,557261385&amp;fm=175&amp;s=8930C7166FD36BD036C86CCE0300E020&amp;w=218&amp;h=146&amp;img.JPEG" /></div><div class="img-wrap"><img src="https://ss1.baidu.com/6ONXsjip0QIZ8tyhnq/it/u=1370986399,4246221107&amp;fm=173&amp;s=0134E5371F9346D0500869DC03003022&amp;w=218&amp;h=146&amp;img.JPEG" /></div><div class="img-wrap"><img src="https://ss1.baidu.com/6ONXsjip0QIZ8tyhnq/it/u=2067028417,4172843062&amp;fm=175&amp;s=E9011F7028617215494891CF0300E0A3&amp;w=218&amp;h=146&amp;img.PNG" /></div></div><div class="news-from"><span class="src-net">潮流摩登王</span><span class="src-time">06-24</span><span class="src-icon-rec isAndroid">图集</span></div></a></div></div><div class="rec-item" data-itemname="video"><div class="news-item tpl-video tpl-2"><div href="https://m.baidu.com/feed/data/videoland?pd=wise&amp;s_type=video&amp;vid=8363482979264638084&amp;srchid=14cb8c85bd1e55b4" class="inner-item video-small-inner" data-log="logExtra:yc:{&quot;st&quot;:&quot;video&quot;,&quot;source&quot;:&quot;small_video&quot;,&quot;extra&quot;:&quot;{\&quot;category\&quot;:0,\&quot;cb_lr_expid\&quot;:0,\&quot;cb_lr_score\&quot;:0,\&quot;cb_manual_score\&quot;:0,\&quot;channel_id\&quot;:0,\&quot;city\&quot;:\&quot;\\u90af\\u90f8\&quot;,\&quot;click\&quot;:208533,\&quot;coverquality\&quot;:0,\&quot;cs\&quot;:\&quot;\&quot;,\&quot;district\&quot;:\&quot;\&quot;,\&quot;flag\&quot;:1,\&quot;genre\&quot;:0,\&quot;index_expid\&quot;:0,\&quot;label\&quot;:[],\&quot;live_type\&quot;:0,\&quot;mark\&quot;:6,\&quot;mark_rec\&quot;:6,\&quot;mthid\&quot;:\&quot;1553851850589061\&quot;,\&quot;new_cate\&quot;:\&quot;\\u5a31\\u4e50\&quot;,\&quot;new_sub_cate\&quot;:\&quot;\\u5a31\\u4e50\\u5468\\u8fb9\&quot;,\&quot;predictor_result\&quot;:\&quot;CAEZPjlWQoL49kA=\&quot;,\&quot;province\&quot;:\&quot;\\u6cb3\\u5317\&quot;,\&quot;rec_src\&quot;:[9],\&quot;score\&quot;:94088.1,\&quot;show\&quot;:1125379,\&quot;source\&quot;:0,\&quot;srccat\&quot;:0,\&quot;steplength\&quot;:-1,\&quot;top\&quot;:0,\&quot;type\&quot;:0,\&quot;ua\&quot;:\&quot;0_0_android_5.0_0\&quot;,\&quot;ut\&quot;:\&quot;_5.0_0_\&quot;,\&quot;msrcid\&quot;:\&quot;1000\&quot;,\&quot;dispatch_time\&quot;:1498445807}&quot;,&quot;stype&quot;:null,&quot;rid&quot;:&quot;8363482979264638084&quot;,&quot;pos&quot;:4,&quot;picNum&quot;:1,&quot;title&quot;:&quot;\u5c0f\u59e8\u5b50\u8fd9\u7d27\u8eab\u88e4\u7a7f\u7684\uff0c\u8ba9\u4eba\u770b\u4e86\u5b9e\u5728\u662f\u5c34\u5c2c\uff0c\u8fd9\u6837\u7a7f\u771f\u7684\u597d\u5417\uff1f&quot;};yc;" data-rid="8363482979264638084" data-pos="4" data-viewtype="small" data-mib="1"><div class="info-content"><div class="text-content"><h2>小姨子这紧身裤穿的，让人看了实在是尴尬，这样穿真的好吗？</h2></div><div class="news-from"><span class="src-net">米尔的军事</span><span class="src-time">06-21</span>            </div></div><div class="pic-content"><div class="news-img-padding"></div><img src="https://ss0.bdstatic.com/9bA1vGba2gU2pMbfm9GUKT-w/timg?searchbox_feed&amp;size=f218_146&amp;quality=120&amp;wh_rate=0&amp;imgtype=0&amp;ref=http%3A%2F%2Fwww.baidu.com&amp;sec=0&amp;di=453da48822849608c90fe1658accd7ba&amp;src=http%3A%2F%2Fbos.nj.bpc.baidu.com%2Fv1%2Fmediaspot%2F4c0152e1752849fcd8512b96d5976fff.png" /><span class="stime-length"><span class="icon-splay"></span>00:17</span></div></div></div><!--<script id="js_item_video" data-src="https://gss0.bdstatic.com/5bd1bjqh_Q23odCf/static/wiseindex/js/tabs/news/items/video.js">B.asynLoad('js_item_video');</script>--></div><div class="rec-item news-item tpl-1"><a href="https://feed.baidu.com/feed/data/wise/landingpage?s_type=news&amp;nid=10311502593760087091&amp;n_type=0&amp;p_from=2" class="inner-item" data-log="logExtra:yc:{&quot;st&quot;:&quot;news&quot;,&quot;isBaijiahao&quot;:0,&quot;extra&quot;:&quot;{\&quot;category\&quot;:-1,\&quot;channel_id\&quot;:1,\&quot;city\&quot;:\&quot;\\u90af\\u90f8\&quot;,\&quot;cs\&quot;:\&quot;266773599 151622189\&quot;,\&quot;district\&quot;:\&quot;\&quot;,\&quot;fe\&quot;:\&quot;\&quot;,\&quot;final_score\&quot;:2,\&quot;gr_merge_score\&quot;:0.17477677471034,\&quot;gr_pred_score\&quot;:0.30587953329086,\&quot;hha\&quot;:0,\&quot;localname\&quot;:\&quot;\&quot;,\&quot;mark\&quot;:1,\&quot;mark_rec\&quot;:1,\&quot;mthid\&quot;:\&quot;\&quot;,\&quot;new_cat\&quot;:\&quot;\\u79d1\\u6280\&quot;,\&quot;new_sub_cat\&quot;:\&quot;\\u7efc\\u5408\&quot;,\&quot;odus\&quot;:0.010250455699861,\&quot;pfe\&quot;:\&quot;-1_-1_-1_-1_-1\&quot;,\&quot;predictor_result\&quot;:\&quot;CAEZAADz4ZbJ1UA=\&quot;,\&quot;province\&quot;:\&quot;\\u6cb3\\u5317\&quot;,\&quot;rec_src\&quot;:[34],\&quot;score\&quot;:22310.4,\&quot;src_tag\&quot;:\&quot;\&quot;,\&quot;srccat\&quot;:8,\&quot;srcid\&quot;:80003,\&quot;tj_timeliness\&quot;:1,\&quot;type\&quot;:0,\&quot;ua\&quot;:\&quot;0_0_android_5.0_0\&quot;,\&quot;ut\&quot;:\&quot;_5.0_0_\&quot;,\&quot;msrcid\&quot;:80003,\&quot;dispatch_time\&quot;:1498445807}&quot;,&quot;stype&quot;:0,&quot;rid&quot;:&quot;10311502593760087091&quot;,&quot;pos&quot;:5,&quot;picNum&quot;:0,&quot;title&quot;:&quot;\u5317\u4eac\u5730\u94c1\u63a8\u51fa\u201c\u624b\u673a\u4e00\u5361\u901a\u201d \u4eca\u8d77\u8bd5\u70b9\u5237\u624b\u673a\u51fa\u884c&quot;};yc;" data-rid="10311502593760087091" data-pos="5" data-mib="1" data-orilink="http://www.chinanews.com/sh/2017/06-26/8260899.shtml"><div class="text-content"><h2>北京地铁推出“手机一卡通” 今起试点刷手机出行<span class="hotRec hotRec1"></span></h2></div><div class="news-from"><span class="src-net">中国新闻网</span><span class="src-time">01:04</span><span class="src-icon-hot isAndroid">热点</span></div></a></div><div class="rec-item news-item tpl-3"><a href="https://feed.baidu.com/feed/data/wise/landingpage?s_type=news&amp;nid=2635815936797887641&amp;n_type=0&amp;p_from=2" class="inner-item" data-log="logExtra:yc:{&quot;st&quot;:&quot;news&quot;,&quot;isBaijiahao&quot;:0,&quot;extra&quot;:&quot;{\&quot;category\&quot;:-1,\&quot;channel_id\&quot;:1,\&quot;city\&quot;:\&quot;\\u90af\\u90f8\&quot;,\&quot;cs\&quot;:\&quot;409212795 940791591\&quot;,\&quot;district\&quot;:\&quot;\&quot;,\&quot;fe\&quot;:\&quot;\&quot;,\&quot;final_score\&quot;:2,\&quot;gr_merge_score\&quot;:0.16940137910858,\&quot;gr_pred_score\&quot;:0.25662702322006,\&quot;hha\&quot;:0,\&quot;localname\&quot;:\&quot;\&quot;,\&quot;mark\&quot;:1,\&quot;mark_rec\&quot;:1,\&quot;mthid\&quot;:\&quot;\&quot;,\&quot;new_cat\&quot;:\&quot;\\u56fd\\u5185\&quot;,\&quot;new_sub_cat\&quot;:\&quot;\\u4ea4\\u901a\&quot;,\&quot;odus\&quot;:0.028653966262937,\&quot;pfe\&quot;:\&quot;-1_-1_-1_-1_-1\&quot;,\&quot;predictor_result\&quot;:\&quot;CAEZAADrt94r5kA=\&quot;,\&quot;province\&quot;:\&quot;\\u6cb3\\u5317\&quot;,\&quot;rec_src\&quot;:[34],\&quot;score\&quot;:45407,\&quot;src_tag\&quot;:\&quot;\&quot;,\&quot;srccat\&quot;:2,\&quot;srcid\&quot;:80003,\&quot;tj_timeliness\&quot;:1,\&quot;type\&quot;:0,\&quot;ua\&quot;:\&quot;0_0_android_5.0_0\&quot;,\&quot;ut\&quot;:\&quot;_5.0_0_\&quot;,\&quot;msrcid\&quot;:80003,\&quot;dispatch_time\&quot;:1498445807}&quot;,&quot;stype&quot;:0,&quot;rid&quot;:&quot;2635815936797887641&quot;,&quot;pos&quot;:6,&quot;picNum&quot;:3,&quot;title&quot;:&quot;\u7ea2\u706f\u7ba1\u4e0d\u4f4f \u66dd\u5149\u60f9\u4e89\u8bae \u201c\u4e2d\u56fd\u5f0f\u8fc7\u9a6c\u8def\u201d\u6b7b\u7ed3\u600e\u4e48\u89e3&quot;};yc;" data-rid="2635815936797887641" data-pos="6" data-mib="1" data-orilink="http://news.xinhuanet.com/politics/2017-06/26/c_1121207682.htm"><div class="text-content"><h2>红灯管不住 曝光惹争议 “中国式过马路”死结怎么解<span class="hotRec hotRec1"></span></h2></div><div class="pic-content"><div class="img-wrap"><img src="https://ss0.baidu.com/6ONWsjip0QIZ8tyhnq/it/u=1928053890,5958027&amp;fm=173&amp;s=74C24EB94E0240DA7C3DBDF90300F031&amp;w=218&amp;h=146&amp;img.JPEG" /></div><div class="img-wrap"><img src="https://ss2.baidu.com/6ONYsjip0QIZ8tyhnq/it/u=1952623376,4269112503&amp;fm=173&amp;s=A9946195D0C3A0F3C6AC1D0A0300A091&amp;w=218&amp;h=146&amp;img.JPEG" /></div><div class="img-wrap"><img src="https://ss1.baidu.com/6ONXsjip0QIZ8tyhnq/it/u=1820198047,4157234372&amp;fm=173&amp;s=0720F8020A7333BF4120083203008067&amp;w=218&amp;h=146&amp;img.JPEG" /></div>        </div><div class="news-from"><span class="src-net">新华网</span><span class="src-time">07:28</span><span class="src-icon-hot isAndroid">热点</span></div></a></div><div class="rec-item ads-item" data-itemname="ecomAds" style="display: block !important;visibility: visible !important;" data-adf="1" data-pos="7" data-fresh-type="3" data-fresh-count="1"></div></div></div><div class="tab-news-foot"></div><div class="s-loading-frame bottom"><div class="bottom-load-ing"><div class="load-img-wrapper"><img class="load-ing-img" src="https://gss0.bdstatic.com/5bd1bjqh_Q23odCf/static/wiseindex/img/fetch_ing_8_0.png" /></div><span class="load-text">正在加载</span></div><div class="bottom-load-before">上滑加载更多</div></div></div><textarea id="first_rids" style="display:none;">["4578410200092689875","2668110446027880833","3389838399850070075","8363482979264638084","10311502593760087091","2635815936797887641"]</textarea><script data-md5="13b3db50" data-ls4="1"></script><script>window.sSession = window.sSession || {};sSession.tabs = sSession.tabs || {};sSession.tabs['1'] = {listnum: 8, page: 1, sessionid: '14984458067658',preRids: ["4578410200092689875","2668110446027880833","3389838399850070075","8363482979264638084","10311502593760087091","2635815936797887641"]};</script></div></div></div><div class="tab-tools"><div class="tab-refresh" data-thunder="tid:32;cst:2;logFrom:float_tools;logInfo:refresh;ref:index_iphone;"></div><div class="tab-back" data-thunder="tid:31;cst:2;logFrom:float_tools;logInfo:back_to_top;ref:index_iphone;"></div></div><div id="bottom"><ul class="ffz30"><li class="hotIcon"><a href="http://uil.cbs.baidu.com/urlsafe/redirect?rid=100054">百度浏览器，上网提速200%</a></li><li class="baiduIcon"><a href="http://downpack.baidu.com/baidusearch_AndroidPhone_1002024w.apk">手机百度， 6亿用户的极速搜索应用</a></li><li class="hotIcon"><a href="http://e.baidu.com/m2/?refer=209">百度推广，让有需求的客户找到你</a></li></ul><div id="foot"><div><a href="http://ufosdk.baidu.com/?m=Client&amp;a=commonsubmit&amp;appid=517&amp;activityId=1&amp;needEmail=false&amp;bw=63A3346FC928A03FE546E7FC530F4D9C&amp;kw=&amp;tn=iphone&amp;pageid=6" data-stats="10|2|foot|a1_b2"><i class="icon-feedback"></i>用户反馈</a></div><a id="index-copyright" href="https://www.baidu.com/duty/wise/wise_index.html" data-stats="10|2|foot|a2_l1">使用百度前必读 Baidu 京ICP证030173号</a><a class="recordcode" href="http://www.beian.gov.cn/portal/registerSystemInfo?recordcode=11000002000001" target="_blank"><i></i>京公网安备11000002000001号</a></div><div id="admin-bottom">管理我的关注</div></div></div><div id="search-card" style="display: block;"><div id="page-hd" class="se-page-hd"><div id="head"><div id="h-tabs" class="h-tabs-flexbox c-flexbox"><a class="logo" href="/?ref=www_itl&amp;ms=1"></a><a class="h-tab" href="javascript:void(0);"><span class="tabTx cur" id="wy">网页</span></a><a class="h-tab" href="http://map.baidu.com/?newmap=1&amp;ie=utf-8&amp;itj=45&amp;s=s%26wd%3D%E4%B8%AD%E6%96%87%2BTesterHome&amp;ssid=0&amp;from=844b&amp;bd_page_type=1&amp;uid=0&amp;pu=sz@320_1001,ta@iphone_2_5.0_3_537&amp;wtj=ws" data-schema="baidumap://map/place/search?src=wisesearch&amp;query=%E4%B8%AD%E6%96%87%2BTesterHome"><span class="tabTx">地图</span></a><a class="h-tab" href="http://tieba.baidu.com/f?mo_device=1&amp;vit=www_nav&amp;kw=%E4%B8%AD%E6%96%87%2BTesterHome&amp;ssid=0&amp;from=844b&amp;bd_page_type=1&amp;uid=0&amp;pu=sz@320_1001,ta@iphone_2_5.0_3_537"><span class="tabTx">贴吧</span></a><a class="h-tab" href="http://mobile.baidu.com/#/search?w=%E4%B8%AD%E6%96%87%2BTesterHome&amp;source=wise_search&amp;f=outer_search"><span class="tabTx">应用</span></a><a class="h-tab" href="javascript:void(0);" id="switchBt"><span id="mo" class="tabTx more">更多<span id="arr" class="sicon-ar arrow"></span></span></a></div><div id="more"><div class="more-links"><a href="http://m.news.baidu.com/news?fr=searchresult01&amp;ssid=0&amp;from=844b&amp;bd_page_type=1&amp;uid=0&amp;pu=sz@320_1001,ta@iphone_2_5.0_3_537#search/%E4%B8%AD%E6%96%87%2BTesterHome">新闻</a><a href="http://wapiknow.baidu.com/index/?st=3&amp;ref=&amp;word=%E4%B8%AD%E6%96%87%2BTesterHome&amp;ssid=0&amp;from=844b&amp;bd_page_type=1&amp;uid=0&amp;pu=sz@320_1001,ta@iphone_2_5.0_3_537">知道</a><a href="http://wapbaike.baidu.com/search?st=3&amp;ref=&amp;word=%E4%B8%AD%E6%96%87%2BTesterHome&amp;ssid=0&amp;from=844b&amp;bd_page_type=1&amp;uid=0&amp;pu=sz@320_1001,ta@iphone_2_5.0_3_537">百科</a><a href="http://image.baidu.com/search/wiseala?tn=wiseala&amp;iswiseala=1&amp;ie=utf8&amp;wiseps=1&amp;word=%E4%B8%AD%E6%96%87%2BTesterHome">图片</a></div><div class="more-links"><a href="http://m.baidu.com/s?tn=bdx&amp;st=105141&amp;word=%E4%B8%AD%E6%96%87%2BTesterHome&amp;ssid=0&amp;from=844b&amp;bd_page_type=1&amp;uid=0&amp;pu=sz@320_1001,ta@iphone_2_5.0_3_537">小说</a><a href="http://wk.baidu.com/search?ref=&amp;word=%E4%B8%AD%E6%96%87%2BTesterHome&amp;ssid=0&amp;from=844b&amp;bd_page_type=1&amp;uid=0&amp;pu=sz@320_1001,ta@iphone_2_5.0_3_537">文库</a><a href="http://music.baidu.com/s?f=ms&amp;itn=baidump3mobile&amp;rf=mobile&amp;ct=671088640&amp;lf=&amp;rn=20&amp;lm=0&amp;gate=33&amp;ie=utf-8&amp;ref=&amp;key=%E4%B8%AD%E6%96%87%2BTesterHome&amp;ssid=0&amp;from=844b&amp;bd_page_type=1&amp;uid=0&amp;pu=sz@320_1001,ta@iphone_2_5.0_3_537">音乐</a><a href="http://m.video.baidu.com?ie=utf-8&amp;ref=&amp;wtj=ws&amp;ssid=0&amp;from=844b&amp;bd_page_type=1&amp;uid=0&amp;pu=sz@320_1001,ta@iphone_2_5.0_3_537#search=%E4%B8%AD%E6%96%87%2BTesterHome">视频</a></div></div></div><div class="searchboxtop"><form data-formposition="t" class="se-form" id="se-form" action="/from=844b/s" method="get"><div class="con-wrap"><div class="se-bearicon"></div><textarea autocomplete="off" autocorrect="off" maxlength="64" id="kw" name="word" class="se-input adjust-input" data-sug="1"></textarea><div class="se-inner"><div id="cross" class="cross"></div><div class="callicon-wrap" style="display: none;"><div class="baiduapp-icon"></div><div class="baiduappcall-wrap"><div class="qrcode call" data-ac="active"><input type="file" accept="image/*" style="position:absolute;left:0;width:100%;top:0;height:100%;opacity:0;z-index: 10;" /></div><input id="ts-image-uploader" type="file" data-role="uploader" accept="image/*" style="display:none;" /><div class="voice call" data-ac="active"></div></div></div><button id="se-bn" class="se-bn" type="submit"><span>百度一下</span></button></div></div><div id="se-box" class="se-box"><div class="suggest-div" style="display: none; visibility: visible;"><div class="suggest-direct"></div><div class="suggest-panel"><div class="suggest-content"></div><div class="suggest-oper sug-active-his"><div class="suggest-oper-at sug-oper-btn">直达号</div><div class="suggest-oper-his sug-oper-btn">历史记录</div></div></div><div class="suggest-title"><div class="suggest-logo"></div><div class="suggest-control"><div class="history-clear">清除历史记录</div></div><div class="suggest-at">直达号</div></div><div class="suggest-close">关闭</div></div></div><input type="hidden" name="rq" value="" /><input type="hidden" name="ss" value="0" /><input type="hidden" name="ts" value="0" /><input type="hidden" name="t_kt" value="0" /><input type="hidden" name="ms" value="1" /><input type="hidden" name="dit" value="0" /><input type="hidden" name="sa" value="tb" /></form></div></div><div class="search-page"><div id="page-bd" class="se-page-bd"><div class="page-load" id="page-load"></div><div id="page-tips" class="se-page-tips"></div><div id="results-top"></div><div id="results" class="results"><div class="result c-result c-clk-recommend" srcid="www_normal" new_srcid="1599" order="1" tpl="www_normal" data-log="{'fm':'','ensrcid':'www_normal','order':'1','mu':'http://testerhome.com/'}" data-ecom-log-info="w_1_"><div class="c-container"><a href="http://m.baidu.com/from=844b/bd_page_type=1/ssid=0/uid=0/pu=sz%40320_1001%2Cta%40iphone_2_5.0_3_537%2Cusm%401/baiduid=63A3346FC928A03FE546E7FC530F4D9C/w=0_10_/t=iphone/l=3/tc?ref=www_iphone&amp;lid=10687942014033828209&amp;order=1&amp;fm=alop&amp;tj=www_normal_1_0_10_title&amp;vit=osres&amp;m=8&amp;srd=1&amp;cltj=cloud_title&amp;asres=1&amp;nt=wnor&amp;title=TesterHome&amp;dict=32&amp;w_qd=IlPT2AEptyoA_yk66AsbrQRzyw4IRaS54hmQM_&amp;sec=22034&amp;di=0115cda8a41ea18a&amp;bdenc=1&amp;nsrc=IlPT2AEptyoA_yixCFOxXnANedT62v3IEh3CQSlG_jWzmI39h47aUb3" class="c-blocka"><h3 class="c-title c-gap-top-small"><em>TesterHome</em></h3></a><div class="c-row c-abstract c-gap-top-small"><div class="c-span12"><a href="http://m.baidu.com/from=844b/bd_page_type=1/ssid=0/uid=0/pu=sz%40320_1001%2Cta%40iphone_2_5.0_3_537%2Cusm%401/baiduid=63A3346FC928A03FE546E7FC530F4D9C/w=0_10_/t=iphone/l=3/tc?ref=www_iphone&amp;lid=10687942014033828209&amp;order=1&amp;fm=alop&amp;tj=www_normal_1_0_10_title&amp;vit=osres&amp;m=8&amp;srd=1&amp;cltj=cloud_title&amp;asres=1&amp;nt=wnor&amp;title=TesterHome&amp;dict=32&amp;w_qd=IlPT2AEptyoA_yk66AsbrQRzyw4IRaS54hmQM_&amp;sec=22034&amp;di=0115cda8a41ea18a&amp;bdenc=1&amp;nsrc=IlPT2AEptyoA_yixCFOxXnANedT62v3IEh3CQSlG_jWzmI39h47aUb3" class="c-blocka"><p class="c-line-clamp3 c-color"><em>TesterHome</em>软件测试社区,人气最旺的软件测试技术门户,提供软件测试社区交流,测试沙龙。</p></a><div class="c-showurl c-line-clamp1"><span class="c-showurl">testerhome.com</span><span class="c-showurl"></span><span class="koubei-entrance c-gap-left"><a href="http://m.baidu.com/from=844b/bd_page_type=1/ssid=0/uid=0/pu=sz%40320_1001%2Cta%40iphone_2_5.0_3_537%2Cusm%401/baiduid=63A3346FC928A03FE546E7FC530F4D9C/w=0_10_/t=iphone/l=1/tc?ref=www_iphone&amp;lid=10687942014033828209&amp;order=1&amp;fm=alop&amp;dict=32&amp;tj=www_normal_1_0_10_l1&amp;w_qd=IlPT2AEptyoA_yk66AsbrQRzyw4IRaS54hmQM_&amp;sec=22034&amp;di=35339e55d71a1864&amp;bdenc=1&amp;nsrc=IlPT2AEptyoA_yixCFOxCGZb8c3JV3T5AB7OQCxV_8SwnESzbbrgHtkfEFXyAjrIBUjwuSPQpslTxnWjOW1i8RB3qfg8tGdu8Cqqb4Xxhh0RHBANqQZgLgHoWWVrtKnL70xMbM1EEMFIA8-iz_3wsM-wi33JqhVsnvPOrCSmqfnPIlqaV6z98piBNYVIXy_" data-url="https://koubei.baidu.com/m2/mem/db618f744257dc72a7cc89557c144f58?q=%E4%B8%AD%E6%96%87%2BTesterHome&amp;from=ps_wise1" class="koubei-a"><span class="c-gray">评价</span></a></span></div></div></div></div><script>A.merge(function(){A.setup({'index': '5','isSfRec': '','isJump': '','sfUrl': 'https://sp0.baidu.com/5LMDcjW6BwF3otqbppnN2DJv/xinghe.pae.baidu.com/xinghe/data/queryxinghe','keyWord': '中文+TesterHome','sfTitle': '','query' : '',_tcUrl: 'http://m.baidu.com/from=844b/ssid=0/uid=0/bd_page_type=1/pu=sz%40320_1001%2Cta%40iphone_2_5.0_3_537%2Cusm%401/baiduid=63A3346FC928A03FE546E7FC530F4D9C/w=0_10_/t=iphone/l=1/tc?ref=www_iphone&amp;amp;lid=10687942014033828209&amp;amp;order=5&amp;amp;extra=&amp;amp;fm=alop&amp;amp;cyc=&amp;amp;sto=&amp;amp;tj=sigma_celebrity_rela_5_0_10_l13&amp;amp;w_qd=IlPT2AEptyoA_yk66AsbrQRzyw4IRaS54hmQM_&amp;amp;src=',link : '',is_sf:'',isNewUx: ''});A.init(function(){var _this = this;var $container = $(_this.container);var index = _this.data.index;var isSfRec = _this.data.isSfRec;var isJump = _this.data.isJump;var sfTitle =  _this.data.sfTitle;var keyWord = _this.data.keyWord;var link = _this.data.link;var is_sf = _this.data.is_sf;var head = $container.find('h3').eq(0).parent('a');var sfurl = $container.find('.wa-wa-sigma-celebrity-sfurl').attr('data-sf-href');var href = $container.find('.wa-wa-sigma-celebrity-sfurl').attr('href');var query = _this.data.query;var offsetW;var scrollParent = $container.find('.wa-sigma-celebrity-rela-scroller');var scrollOffset;var switchflag = true;var w = $(window).width();var h = $(window).height();var cw = $container.width();var positionX,offsetX;var tcUrlLink = this.makeTcUrl({src: link,});var $bscroll = $container.find('.wa-sigma-celebrity-rela-wrapper-' + index);if($bscroll.length){require(['fusion/b-scroll/b-scroll'], function(){if ($bscroll.get(0) &amp;&amp; $bscroll.get(0).fusion) {var IscrollObj = $bscroll.get(0).fusion.scroll;$(window).resize(function(){w = $(window).width();h = $(window).height();cw = $container.width();IscrollObj &amp;&amp; IscrollObj.refresh &amp;&amp; IscrollObj.refresh();});$bscroll.on('touchstart', function () {positionX = IscrollObj.x;offsetW = scrollParent.width() - cw;scrollOffset = Math.abs(IscrollObj.x);}).on('scrollEnd', function () {if(IscrollObj.directionX == 1 &amp;&amp; offsetW == scrollOffset){_this.sendLog({'type': 'scroll','action': 'endjump','src': encodeURI(link)}, this);/*调起情景页*/if (isSfRec) {$container.find('.wa-wa-sigma-celebrity-sfurl').trigger("click");/*调起星河推荐页*/}else if(isJump){window.location.href = tcUrlLink;}}else{_this.sendLog({'type': 'scroll','action': 'sideslip'}, this);}});}});}});;},"sigma_celebrity_rela", "5","");</script><script>A.merge(function(){A.setup({'index': '11','isSfRec': '','isJump': '','sfUrl': 'https://sp0.baidu.com/5LMDcjW6BwF3otqbppnN2DJv/xinghe.pae.baidu.com/xinghe/data/queryxinghe','keyWord': '中文+TesterHome','sfTitle': '','query' : '',_tcUrl: 'http://m.baidu.com/from=844b/ssid=0/uid=0/bd_page_type=1/pu=sz%40320_1001%2Cta%40iphone_2_5.0_3_537%2Cusm%401/baiduid=63A3346FC928A03FE546E7FC530F4D9C/w=0_10_/t=iphone/l=1/tc?ref=www_iphone&amp;amp;lid=10687942014033828209&amp;amp;order=11&amp;amp;extra=&amp;amp;fm=alop&amp;amp;cyc=&amp;amp;sto=&amp;amp;tj=sigma_celebrity_rela_11_0_10_l9&amp;amp;w_qd=IlPT2AEptyoA_yk66AsbrQRzyw4IRaS54hmQM_&amp;amp;src=',link : '',is_sf:'',isNewUx: ''});A.init(function(){var _this = this;var $container = $(_this.container);var index = _this.data.index;var isSfRec = _this.data.isSfRec;var isJump = _this.data.isJump;var sfTitle =  _this.data.sfTitle;var keyWord = _this.data.keyWord;var link = _this.data.link;var is_sf = _this.data.is_sf;var head = $container.find('h3').eq(0).parent('a');var sfurl = $container.find('.wa-wa-sigma-celebrity-sfurl').attr('data-sf-href');var href = $container.find('.wa-wa-sigma-celebrity-sfurl').attr('href');var query = _this.data.query;var offsetW;var scrollParent = $container.find('.wa-sigma-celebrity-rela-scroller');var scrollOffset;var switchflag = true;var w = $(window).width();var h = $(window).height();var cw = $container.width();var positionX,offsetX;var tcUrlLink = this.makeTcUrl({src: link,});var $bscroll = $container.find('.wa-sigma-celebrity-rela-wrapper-' + index);if($bscroll.length){require(['fusion/b-scroll/b-scroll'], function(){if ($bscroll.get(0) &amp;&amp; $bscroll.get(0).fusion) {var IscrollObj = $bscroll.get(0).fusion.scroll;$(window).resize(function(){w = $(window).width();h = $(window).height();cw = $container.width();IscrollObj &amp;&amp; IscrollObj.refresh &amp;&amp; IscrollObj.refresh();});$bscroll.on('touchstart', function () {positionX = IscrollObj.x;offsetW = scrollParent.width() - cw;scrollOffset = Math.abs(IscrollObj.x);}).on('scrollEnd', function () {if(IscrollObj.directionX == 1 &amp;&amp; offsetW == scrollOffset){_this.sendLog({'type': 'scroll','action': 'endjump','src': encodeURI(link)}, this);/*调起情景页*/if (isSfRec) {$container.find('.wa-wa-sigma-celebrity-sfurl').trigger("click");/*调起星河推荐页*/}else if(isJump){window.location.href = tcUrlLink;}}else{_this.sendLog({'type': 'scroll','action': 'sideslip'}, this);}});}});}});;},"sigma_celebrity_rela", "11","");</script><div class="c-container c-recomm-wrap" style="display: none;"><div class="c-recomm-cnt c-gray"><span class="c-gap-right"><i class="c-icon"></i>大家还搜：</span><a class="c-gap-right" href="http://m.baidu.com/from=844b/ssid=0/uid=0/bd_page_type=1/pu=sz%40320_1001%2Cta%40iphone_2_5.0_3_537%2Cusm%401/baiduid=63A3346FC928A03FE546E7FC530F4D9C/w=0_10_/t=iphone/l=1/tc?lid=10687942014033828209&amp;ref=www_iphone&amp;w_qd=IlPT2AEptyoA_yk66AsbrQRzyw4IRaS54hmQM_&amp;order=1&amp;src=https%3A%2F%2Fm.baidu.com%2Fs%3Fword%3Dmacaca%26ssid%3D0%26from%3D844b%26bd_page_type%3D1%26uid%3D0%26pu%3Dsz%2540320_1001%252Cta%2540iphone_2_5.0_3_537%252Cusm%25401%26baiduid%3D63A3346FC928A03FE546E7FC530F4D9C%26rqid%3D10687942014033828209%26sa%3Dre_dl_cr_9">macaca</a><a class="c-gap-right" href="http://m.baidu.com/from=844b/ssid=0/uid=0/bd_page_type=1/pu=sz%40320_1001%2Cta%40iphone_2_5.0_3_537%2Cusm%401/baiduid=63A3346FC928A03FE546E7FC530F4D9C/w=0_10_/t=iphone/l=1/tc?lid=10687942014033828209&amp;ref=www_iphone&amp;w_qd=IlPT2AEptyoA_yk66AsbrQRzyw4IRaS54hmQM_&amp;order=1&amp;src=https%3A%2F%2Fm.baidu.com%2Fs%3Fword%3Dappium%26ssid%3D0%26from%3D844b%26bd_page_type%3D1%26uid%3D0%26pu%3Dsz%2540320_1001%252Cta%2540iphone_2_5.0_3_537%252Cusm%25401%26baiduid%3D63A3346FC928A03FE546E7FC530F4D9C%26rqid%3D10687942014033828209%26sa%3Dre_dl_cr_9">appium</a><a class="c-gap-right" href="http://m.baidu.com/from=844b/ssid=0/uid=0/bd_page_type=1/pu=sz%40320_1001%2Cta%40iphone_2_5.0_3_537%2Cusm%401/baiduid=63A3346FC928A03FE546E7FC530F4D9C/w=0_10_/t=iphone/l=1/tc?lid=10687942014033828209&amp;ref=www_iphone&amp;w_qd=IlPT2AEptyoA_yk66AsbrQRzyw4IRaS54hmQM_&amp;order=1&amp;src=https%3A%2F%2Fm.baidu.com%2Fs%3Fword%3Dtesterhome%25E5%2588%259B%25E5%25A7%258B%25E4%25BA%25BA%26ssid%3D0%26from%3D844b%26bd_page_type%3D1%26uid%3D0%26pu%3Dsz%2540320_1001%252Cta%2540iphone_2_5.0_3_537%252Cusm%25401%26baiduid%3D63A3346FC928A03FE546E7FC530F4D9C%26rqid%3D10687942014033828209%26sa%3Dre_dl_cr_9">testerhome创始人</a><a class="c-gap-right" href="http://m.baidu.com/from=844b/ssid=0/uid=0/bd_page_type=1/pu=sz%40320_1001%2Cta%40iphone_2_5.0_3_537%2Cusm%401/baiduid=63A3346FC928A03FE546E7FC530F4D9C/w=0_10_/t=iphone/l=1/tc?lid=10687942014033828209&amp;ref=www_iphone&amp;w_qd=IlPT2AEptyoA_yk66AsbrQRzyw4IRaS54hmQM_&amp;order=1&amp;src=https%3A%2F%2Fm.baidu.com%2Fs%3Fword%3D51testing%26ssid%3D0%26from%3D844b%26bd_page_type%3D1%26uid%3D0%26pu%3Dsz%2540320_1001%252Cta%2540iphone_2_5.0_3_537%252Cusm%25401%26baiduid%3D63A3346FC928A03FE546E7FC530F4D9C%26rqid%3D10687942014033828209%26sa%3Dre_dl_cr_9">51testing</a><a class="c-gap-right" href="http://m.baidu.com/from=844b/ssid=0/uid=0/bd_page_type=1/pu=sz%40320_1001%2Cta%40iphone_2_5.0_3_537%2Cusm%401/baiduid=63A3346FC928A03FE546E7FC530F4D9C/w=0_10_/t=iphone/l=1/tc?lid=10687942014033828209&amp;ref=www_iphone&amp;w_qd=IlPT2AEptyoA_yk66AsbrQRzyw4IRaS54hmQM_&amp;order=1&amp;src=https%3A%2F%2Fm.baidu.com%2Fs%3Fword%3Dstf%26ssid%3D0%26from%3D844b%26bd_page_type%3D1%26uid%3D0%26pu%3Dsz%2540320_1001%252Cta%2540iphone_2_5.0_3_537%252Cusm%25401%26baiduid%3D63A3346FC928A03FE546E7FC530F4D9C%26rqid%3D10687942014033828209%26sa%3Dre_dl_cr_9">stf</a><a class="c-gap-right" href="http://m.baidu.com/from=844b/ssid=0/uid=0/bd_page_type=1/pu=sz%40320_1001%2Cta%40iphone_2_5.0_3_537%2Cusm%401/baiduid=63A3346FC928A03FE546E7FC530F4D9C/w=0_10_/t=iphone/l=1/tc?lid=10687942014033828209&amp;ref=www_iphone&amp;w_qd=IlPT2AEptyoA_yk66AsbrQRzyw4IRaS54hmQM_&amp;order=1&amp;src=https%3A%2F%2Fm.baidu.com%2Fs%3Fword%3D%25E6%25B5%258B%25E8%25AF%2595%25E4%25B9%258B%25E5%25AE%25B6%26ssid%3D0%26from%3D844b%26bd_page_type%3D1%26uid%3D0%26pu%3Dsz%2540320_1001%252Cta%2540iphone_2_5.0_3_537%252Cusm%25401%26baiduid%3D63A3346FC928A03FE546E7FC530F4D9C%26rqid%3D10687942014033828209%26sa%3Dre_dl_cr_9">测试之家</a><a class="c-gap-right" href="http://m.baidu.com/from=844b/ssid=0/uid=0/bd_page_type=1/pu=sz%40320_1001%2Cta%40iphone_2_5.0_3_537%2Cusm%401/baiduid=63A3346FC928A03FE546E7FC530F4D9C/w=0_10_/t=iphone/l=1/tc?lid=10687942014033828209&amp;ref=www_iphone&amp;w_qd=IlPT2AEptyoA_yk66AsbrQRzyw4IRaS54hmQM_&amp;order=1&amp;src=https%3A%2F%2Fm.baidu.com%2Fs%3Fword%3Ditpub%26ssid%3D0%26from%3D844b%26bd_page_type%3D1%26uid%3D0%26pu%3Dsz%2540320_1001%252Cta%2540iphone_2_5.0_3_537%252Cusm%25401%26baiduid%3D63A3346FC928A03FE546E7FC530F4D9C%26rqid%3D10687942014033828209%26sa%3Dre_dl_cr_9">itpub</a><a class="c-gap-right" href="http://m.baidu.com/from=844b/ssid=0/uid=0/bd_page_type=1/pu=sz%40320_1001%2Cta%40iphone_2_5.0_3_537%2Cusm%401/baiduid=63A3346FC928A03FE546E7FC530F4D9C/w=0_10_/t=iphone/l=1/tc?lid=10687942014033828209&amp;ref=www_iphone&amp;w_qd=IlPT2AEptyoA_yk66AsbrQRzyw4IRaS54hmQM_&amp;order=1&amp;src=https%3A%2F%2Fm.baidu.com%2Fs%3Fword%3Dtestng%26ssid%3D0%26from%3D844b%26bd_page_type%3D1%26uid%3D0%26pu%3Dsz%2540320_1001%252Cta%2540iphone_2_5.0_3_537%252Cusm%25401%26baiduid%3D63A3346FC928A03FE546E7FC530F4D9C%26rqid%3D10687942014033828209%26sa%3Dre_dl_cr_9">testng</a><a class="c-gap-right" href="http://m.baidu.com/from=844b/ssid=0/uid=0/bd_page_type=1/pu=sz%40320_1001%2Cta%40iphone_2_5.0_3_537%2Cusm%401/baiduid=63A3346FC928A03FE546E7FC530F4D9C/w=0_10_/t=iphone/l=1/tc?lid=10687942014033828209&amp;ref=www_iphone&amp;w_qd=IlPT2AEptyoA_yk66AsbrQRzyw4IRaS54hmQM_&amp;order=1&amp;src=https%3A%2F%2Fm.baidu.com%2Fs%3Fword%3Dselenium%26ssid%3D0%26from%3D844b%26bd_page_type%3D1%26uid%3D0%26pu%3Dsz%2540320_1001%252Cta%2540iphone_2_5.0_3_537%252Cusm%25401%26baiduid%3D63A3346FC928A03FE546E7FC530F4D9C%26rqid%3D10687942014033828209%26sa%3Dre_dl_cr_9">selenium</a></div></div></div><div class="result c-result c-clk-recommend" srcid="www_normal" new_srcid="1599" order="2" tpl="www_normal" data-log="{'fm':'','ensrcid':'www_normal','order':'2','mu':'http://tieba.baidu.com/f?kw=testerhome'}" data-ecom-log-info="w_2_"><div class="c-container"><a href="http://m.baidu.com/from=844b/bd_page_type=1/ssid=0/uid=0/pu=sz%40320_1001%2Cta%40iphone_2_5.0_3_537%2Cusm%401/baiduid=63A3346FC928A03FE546E7FC530F4D9C/w=0_10_/t=iphone/l=1/tc?ref=www_iphone&amp;lid=10687942014033828209&amp;order=2&amp;fm=alop&amp;waplogo=1&amp;tj=www_normal_2_0_10_title&amp;vit=osres&amp;waput=7&amp;cltj=normal_title&amp;asres=1&amp;title=testerhome%E5%90%A7_%E7%99%BE%E5%BA%A6%E8%B4%B4%E5%90%A7&amp;dict=-1&amp;w_qd=IlPT2AEptyoA_yk66AsbrQRzyw4IRaS54hmQM_&amp;sec=22034&amp;di=ee442619b8d86380&amp;bdenc=1&amp;nsrc=IlPT2AEptyoA_yixCFOxXnANedT62v3IEhuYNy5K1De8mVjte4viZQRAZHKgVnCFZpLRsGORdMpDaCf7Oa" data-url="http://tieba.baidu.com/f?kw=testerhome" class="c-blocka"><h3 class="c-title c-gap-top-small"><em>testerhome</em>吧_百度贴吧</h3></a><div class="c-row c-abstract c-gap-top-small"><div class="c-span12"><a href="http://m.baidu.com/from=844b/bd_page_type=1/ssid=0/uid=0/pu=sz%40320_1001%2Cta%40iphone_2_5.0_3_537%2Cusm%401/baiduid=63A3346FC928A03FE546E7FC530F4D9C/w=0_10_/t=iphone/l=1/tc?ref=www_iphone&amp;lid=10687942014033828209&amp;order=2&amp;fm=alop&amp;waplogo=1&amp;tj=www_normal_2_0_10_title&amp;vit=osres&amp;waput=7&amp;cltj=normal_title&amp;asres=1&amp;title=testerhome%E5%90%A7_%E7%99%BE%E5%BA%A6%E8%B4%B4%E5%90%A7&amp;dict=-1&amp;w_qd=IlPT2AEptyoA_yk66AsbrQRzyw4IRaS54hmQM_&amp;sec=22034&amp;di=ee442619b8d86380&amp;bdenc=1&amp;nsrc=IlPT2AEptyoA_yixCFOxXnANedT62v3IEhuYNy5K1De8mVjte4viZQRAZHKgVnCFZpLRsGORdMpDaCf7Oa" data-url="http://tieba.baidu.com/f?kw=testerhome" class="c-blocka"><p class="c-line-clamp3 c-color">亲爱的各位吧友:欢迎来到<em>testerhome</em> 贴吧楼委会 8-24本吧特权礼包  兑换 红色标题 补签卡 经验加速 膜拜...</p></a><div class="c-showurl c-line-clamp1"><span class="c-showurl">tieba.baidu.com</span><span class="c-showurl"> › ...</span></div></div></div></div><div class="c-container c-recomm-wrap" style="display: none;"><div class="c-recomm-cnt c-gray"><span class="c-gap-right"><i class="c-icon"></i>大家还搜：</span><a class="c-gap-right" href="http://m.baidu.com/from=844b/ssid=0/uid=0/bd_page_type=1/pu=sz%40320_1001%2Cta%40iphone_2_5.0_3_537%2Cusm%401/baiduid=63A3346FC928A03FE546E7FC530F4D9C/w=0_10_/t=iphone/l=1/tc?lid=10687942014033828209&amp;ref=www_iphone&amp;w_qd=IlPT2AEptyoA_yk66AsbrQRzyw4IRaS54hmQM_&amp;order=2&amp;src=https%3A%2F%2Fm.baidu.com%2Fs%3Fword%3Dselenium%26ssid%3D0%26from%3D844b%26bd_page_type%3D1%26uid%3D0%26pu%3Dsz%2540320_1001%252Cta%2540iphone_2_5.0_3_537%252Cusm%25401%26baiduid%3D63A3346FC928A03FE546E7FC530F4D9C%26rqid%3D10687942014033828209%26sa%3Dre_dl_cr_11">selenium</a><a class="c-gap-right" href="http://m.baidu.com/from=844b/ssid=0/uid=0/bd_page_type=1/pu=sz%40320_1001%2Cta%40iphone_2_5.0_3_537%2Cusm%401/baiduid=63A3346FC928A03FE546E7FC530F4D9C/w=0_10_/t=iphone/l=1/tc?lid=10687942014033828209&amp;ref=www_iphone&amp;w_qd=IlPT2AEptyoA_yk66AsbrQRzyw4IRaS54hmQM_&amp;order=2&amp;src=https%3A%2F%2Fm.baidu.com%2Fs%3Fword%3D51testing%26ssid%3D0%26from%3D844b%26bd_page_type%3D1%26uid%3D0%26pu%3Dsz%2540320_1001%252Cta%2540iphone_2_5.0_3_537%252Cusm%25401%26baiduid%3D63A3346FC928A03FE546E7FC530F4D9C%26rqid%3D10687942014033828209%26sa%3Dre_dl_cr_11">51testing</a><a class="c-gap-right" href="http://m.baidu.com/from=844b/ssid=0/uid=0/bd_page_type=1/pu=sz%40320_1001%2Cta%40iphone_2_5.0_3_537%2Cusm%401/baiduid=63A3346FC928A03FE546E7FC530F4D9C/w=0_10_/t=iphone/l=1/tc?lid=10687942014033828209&amp;ref=www_iphone&amp;w_qd=IlPT2AEptyoA_yk66AsbrQRzyw4IRaS54hmQM_&amp;order=2&amp;src=https%3A%2F%2Fm.baidu.com%2Fs%3Fword%3Ddocker%26ssid%3D0%26from%3D844b%26bd_page_type%3D1%26uid%3D0%26pu%3Dsz%2540320_1001%252Cta%2540iphone_2_5.0_3_537%252Cusm%25401%26baiduid%3D63A3346FC928A03FE546E7FC530F4D9C%26rqid%3D10687942014033828209%26sa%3Dre_dl_cr_11">docker</a></div></div></div><div class="result c-result c-clk-recommend" srcid="www_normal" new_srcid="1599" order="3" tpl="www_normal" data-log="{'fm':'','ensrcid':'www_normal','order':'3','mu':'http://testerhome.com/wiki/appiumdoccn'}" data-ecom-log-info="w_3_"><div class="c-container"><a href="http://m.baidu.com/from=844b/bd_page_type=1/ssid=0/uid=0/pu=sz%40320_1001%2Cta%40iphone_2_5.0_3_537%2Cusm%401/baiduid=63A3346FC928A03FE546E7FC530F4D9C/w=0_10_/t=iphone/l=3/tc?ref=www_iphone&amp;lid=10687942014033828209&amp;order=3&amp;fm=alop&amp;tj=www_normal_3_0_10_title&amp;vit=osres&amp;m=8&amp;srd=1&amp;cltj=cloud_title&amp;asres=1&amp;title=appium%E4%B8%AD%E6%96%87%E6%96%87%E6%A1%A3%C2%B7TesterHome&amp;dict=32&amp;w_qd=IlPT2AEptyoA_yk66AsbrQRzyw4IRaS54hmQM_&amp;sec=22034&amp;di=54ce36baeb3ace97&amp;bdenc=1&amp;nsrc=IlPT2AEptyoA_yixCFOxXnANedT62v3IEh3CQSlG_jWzmI39h47aUbBxWzj72Sm5IlXdvXODhMBScya" class="c-blocka"><h3 class="c-title c-gap-top-small">appium <em>中文</em>文档 · <em>TesterHome</em></h3></a><div class="c-row c-abstract c-gap-top-small"><div class="c-span12"><a href="http://m.baidu.com/from=844b/bd_page_type=1/ssid=0/uid=0/pu=sz%40320_1001%2Cta%40iphone_2_5.0_3_537%2Cusm%401/baiduid=63A3346FC928A03FE546E7FC530F4D9C/w=0_10_/t=iphone/l=3/tc?ref=www_iphone&amp;lid=10687942014033828209&amp;order=3&amp;fm=alop&amp;tj=www_normal_3_0_10_title&amp;vit=osres&amp;m=8&amp;srd=1&amp;cltj=cloud_title&amp;asres=1&amp;title=appium%E4%B8%AD%E6%96%87%E6%96%87%E6%A1%A3%C2%B7TesterHome&amp;dict=32&amp;w_qd=IlPT2AEptyoA_yk66AsbrQRzyw4IRaS54hmQM_&amp;sec=22034&amp;di=54ce36baeb3ace97&amp;bdenc=1&amp;nsrc=IlPT2AEptyoA_yixCFOxXnANedT62v3IEh3CQSlG_jWzmI39h47aUbBxWzj72Sm5IlXdvXODhMBScya" class="c-blocka"><p class="c-line-clamp3 c-color"><span class="c-gray c-gap-right-small">2015年4月24日 - </span><em>TesterHome</em>软件测试社区,人气最旺的软件测试技术门户,提供软件测试社区交流,测试沙龙。</p></a><div class="c-showurl c-line-clamp1"><span class="c-showurl">testerhome.com</span><span class="c-showurl"> › wiki › appiumdoccn</span></div></div></div></div><div class="c-container c-recomm-wrap" style="display: none;"><div class="c-recomm-cnt c-gray"><span class="c-gap-right"><i class="c-icon"></i>大家还搜：</span><a class="c-gap-right" href="http://m.baidu.com/from=844b/ssid=0/uid=0/bd_page_type=1/pu=sz%40320_1001%2Cta%40iphone_2_5.0_3_537%2Cusm%401/baiduid=63A3346FC928A03FE546E7FC530F4D9C/w=0_10_/t=iphone/l=1/tc?lid=10687942014033828209&amp;ref=www_iphone&amp;w_qd=IlPT2AEptyoA_yk66AsbrQRzyw4IRaS54hmQM_&amp;order=3&amp;src=https%3A%2F%2Fm.baidu.com%2Fs%3Fword%3Dappium%25E6%2595%2599%25E7%25A8%258B%26ssid%3D0%26from%3D844b%26bd_page_type%3D1%26uid%3D0%26pu%3Dsz%2540320_1001%252Cta%2540iphone_2_5.0_3_537%252Cusm%25401%26baiduid%3D63A3346FC928A03FE546E7FC530F4D9C%26rqid%3D10687942014033828209%26sa%3Dre_dl_cr_9">appium教程</a><a class="c-gap-right" href="http://m.baidu.com/from=844b/ssid=0/uid=0/bd_page_type=1/pu=sz%40320_1001%2Cta%40iphone_2_5.0_3_537%2Cusm%401/baiduid=63A3346FC928A03FE546E7FC530F4D9C/w=0_10_/t=iphone/l=1/tc?lid=10687942014033828209&amp;ref=www_iphone&amp;w_qd=IlPT2AEptyoA_yk66AsbrQRzyw4IRaS54hmQM_&amp;order=3&amp;src=https%3A%2F%2Fm.baidu.com%2Fs%3Fword%3Dappium%2520github%26ssid%3D0%26from%3D844b%26bd_page_type%3D1%26uid%3D0%26pu%3Dsz%2540320_1001%252Cta%2540iphone_2_5.0_3_537%252Cusm%25401%26baiduid%3D63A3346FC928A03FE546E7FC530F4D9C%26rqid%3D10687942014033828209%26sa%3Dre_dl_cr_9">appium github</a><a class="c-gap-right" href="http://m.baidu.com/from=844b/ssid=0/uid=0/bd_page_type=1/pu=sz%40320_1001%2Cta%40iphone_2_5.0_3_537%2Cusm%401/baiduid=63A3346FC928A03FE546E7FC530F4D9C/w=0_10_/t=iphone/l=1/tc?lid=10687942014033828209&amp;ref=www_iphone&amp;w_qd=IlPT2AEptyoA_yk66AsbrQRzyw4IRaS54hmQM_&amp;order=3&amp;src=https%3A%2F%2Fm.baidu.com%2Fs%3Fword%3Dappium%2520api%26ssid%3D0%26from%3D844b%26bd_page_type%3D1%26uid%3D0%26pu%3Dsz%2540320_1001%252Cta%2540iphone_2_5.0_3_537%252Cusm%25401%26baiduid%3D63A3346FC928A03FE546E7FC530F4D9C%26rqid%3D10687942014033828209%26sa%3Dre_dl_cr_9">appium api</a><a class="c-gap-right" href="http://m.baidu.com/from=844b/ssid=0/uid=0/bd_page_type=1/pu=sz%40320_1001%2Cta%40iphone_2_5.0_3_537%2Cusm%401/baiduid=63A3346FC928A03FE546E7FC530F4D9C/w=0_10_/t=iphone/l=1/tc?lid=10687942014033828209&amp;ref=www_iphone&amp;w_qd=IlPT2AEptyoA_yk66AsbrQRzyw4IRaS54hmQM_&amp;order=3&amp;src=https%3A%2F%2Fm.baidu.com%2Fs%3Fword%3Dappium%2520api%2520java%26ssid%3D0%26from%3D844b%26bd_page_type%3D1%26uid%3D0%26pu%3Dsz%2540320_1001%252Cta%2540iphone_2_5.0_3_537%252Cusm%25401%26baiduid%3D63A3346FC928A03FE546E7FC530F4D9C%26rqid%3D10687942014033828209%26sa%3Dre_dl_cr_9">appium api java</a><a class="c-gap-right" href="http://m.baidu.com/from=844b/ssid=0/uid=0/bd_page_type=1/pu=sz%40320_1001%2Cta%40iphone_2_5.0_3_537%2Cusm%401/baiduid=63A3346FC928A03FE546E7FC530F4D9C/w=0_10_/t=iphone/l=1/tc?lid=10687942014033828209&amp;ref=www_iphone&amp;w_qd=IlPT2AEptyoA_yk66AsbrQRzyw4IRaS54hmQM_&amp;order=3&amp;src=https%3A%2F%2Fm.baidu.com%2Fs%3Fword%3Dappium%2520%25E7%25AE%2580%25E4%25BB%258B%26ssid%3D0%26from%3D844b%26bd_page_type%3D1%26uid%3D0%26pu%3Dsz%2540320_1001%252Cta%2540iphone_2_5.0_3_537%252Cusm%25401%26baiduid%3D63A3346FC928A03FE546E7FC530F4D9C%26rqid%3D10687942014033828209%26sa%3Dre_dl_cr_9">appium 简介</a><a class="c-gap-right" href="http://m.baidu.com/from=844b/ssid=0/uid=0/bd_page_type=1/pu=sz%40320_1001%2Cta%40iphone_2_5.0_3_537%2Cusm%401/baiduid=63A3346FC928A03FE546E7FC530F4D9C/w=0_10_/t=iphone/l=1/tc?lid=10687942014033828209&amp;ref=www_iphone&amp;w_qd=IlPT2AEptyoA_yk66AsbrQRzyw4IRaS54hmQM_&amp;order=3&amp;src=https%3A%2F%2Fm.baidu.com%2Fs%3Fword%3Dselenium%2520api%26ssid%3D0%26from%3D844b%26bd_page_type%3D1%26uid%3D0%26pu%3Dsz%2540320_1001%252Cta%2540iphone_2_5.0_3_537%252Cusm%25401%26baiduid%3D63A3346FC928A03FE546E7FC530F4D9C%26rqid%3D10687942014033828209%26sa%3Dre_dl_cr_9">selenium api</a></div></div></div><div class="result c-result c-clk-recommend" srcid="www_normal" new_srcid="1599" order="4" tpl="www_normal" data-log="{'fm':'','ensrcid':'www_normal','order':'4','mu':'http://fir.im/p9vs'}" data-ecom-log-info="w_4_"><div class="c-container"><a href="http://m.baidu.com/from=844b/bd_page_type=1/ssid=0/uid=0/pu=sz%40320_1001%2Cta%40iphone_2_5.0_3_537%2Cusm%401/baiduid=63A3346FC928A03FE546E7FC530F4D9C/w=0_10_/t=iphone/l=1/tc?ref=www_iphone&amp;lid=10687942014033828209&amp;order=4&amp;fm=alop&amp;tj=www_normal_4_0_10_title&amp;url_mf_score=4&amp;vit=osres&amp;m=8&amp;cltj=cloud_title&amp;asres=1&amp;nt=wnor&amp;title=TesterHome-fir.im&amp;dict=32&amp;w_qd=IlPT2AEptyoA_yk66AsbrQRzyw4IRaS54hmQM_&amp;sec=22034&amp;di=0b8c793b91a2c518&amp;bdenc=1&amp;nsrc=IlPT2AEptyoA_yixCFOxXnANedT62v3IIBuD_yVNN7iMjZSla_" class="c-blocka"><h3 class="c-title c-gap-top-small"><em>TesterHome</em> - fir.im</h3></a><div class="c-row c-abstract c-gap-top-small"><div class="c-span3"><a href="http://m.baidu.com/from=844b/bd_page_type=1/ssid=0/uid=0/pu=sz%40320_1001%2Cta%40iphone_2_5.0_3_537%2Cusm%401/baiduid=63A3346FC928A03FE546E7FC530F4D9C/w=0_10_/t=iphone/l=1/tc?ref=www_iphone&amp;lid=10687942014033828209&amp;order=4&amp;fm=alop&amp;tj=www_normal_4_0_10_title&amp;url_mf_score=4&amp;vit=osres&amp;m=8&amp;cltj=cloud_title&amp;asres=1&amp;nt=wnor&amp;title=TesterHome-fir.im&amp;dict=32&amp;w_qd=IlPT2AEptyoA_yk66AsbrQRzyw4IRaS54hmQM_&amp;sec=22034&amp;di=0b8c793b91a2c518&amp;bdenc=1&amp;nsrc=IlPT2AEptyoA_yixCFOxXnANedT62v3IIBuD_yVNN7iMjZSla_" class="c-blocka"><div class="c-img c-img-s" style="background-image: none; background-attachment: initial; background-color: initial; background-origin: initial; background-clip: initial; background-position: initial; background-repeat: initial;"><img src="https://ss0.bdstatic.com/9bA1vGfa2gU2pMbfm9GUKT-w/timg?wisealaddin&amp;size=u200_200&amp;quality=80&amp;sec=1498445819&amp;di=2673c10b650f9c4d78595ca662157b83&amp;src=http%3A%2F%2Fi7.baidu.com%2Fit%2Fu%3D3426373194%2C3682006831%26fm%3D78%26s%3D8D00E41354A9C90D3452AED9030080BF" /></div></a></div><div class="c-span9"><a href="http://m.baidu.com/from=844b/bd_page_type=1/ssid=0/uid=0/pu=sz%40320_1001%2Cta%40iphone_2_5.0_3_537%2Cusm%401/baiduid=63A3346FC928A03FE546E7FC530F4D9C/w=0_10_/t=iphone/l=1/tc?ref=www_iphone&amp;lid=10687942014033828209&amp;order=4&amp;fm=alop&amp;tj=www_normal_4_0_10_title&amp;url_mf_score=4&amp;vit=osres&amp;m=8&amp;cltj=cloud_title&amp;asres=1&amp;nt=wnor&amp;title=TesterHome-fir.im&amp;dict=32&amp;w_qd=IlPT2AEptyoA_yk66AsbrQRzyw4IRaS54hmQM_&amp;sec=22034&amp;di=0b8c793b91a2c518&amp;bdenc=1&amp;nsrc=IlPT2AEptyoA_yixCFOxXnANedT62v3IIBuD_yVNN7iMjZSla_" class="c-blocka"><p class="c-line-clamp3 c-color"><span class="c-gray c-gap-right-small">2016年12月31日 - </span><em>TesterHome</em>  Safe Scan the qrcode to downloadOpen the url on your phone: http://fir.im/p9vs...</p></a><div class="c-showurl c-line-clamp1"><span class="c-showurl">fir.im</span><span class="c-showurl"> › p9vs</span></div></div></div></div><div class="c-container c-recomm-wrap" style="display: none;"><div class="c-recomm-cnt c-gray"><span class="c-gap-right"><i class="c-icon"></i>大家还搜：</span><a class="c-gap-right" href="http://m.baidu.com/from=844b/ssid=0/uid=0/bd_page_type=1/pu=sz%40320_1001%2Cta%40iphone_2_5.0_3_537%2Cusm%401/baiduid=63A3346FC928A03FE546E7FC530F4D9C/w=0_10_/t=iphone/l=1/tc?lid=10687942014033828209&amp;ref=www_iphone&amp;w_qd=IlPT2AEptyoA_yk66AsbrQRzyw4IRaS54hmQM_&amp;order=4&amp;src=https%3A%2F%2Fm.baidu.com%2Fs%3Fword%3Dtesterhome%26ssid%3D0%26from%3D844b%26bd_page_type%3D1%26uid%3D0%26pu%3Dsz%2540320_1001%252Cta%2540iphone_2_5.0_3_537%252Cusm%25401%26baiduid%3D63A3346FC928A03FE546E7FC530F4D9C%26rqid%3D10687942014033828209%26sa%3Dre_dl_cr_11">testerhome</a><a class="c-gap-right" href="http://m.baidu.com/from=844b/ssid=0/uid=0/bd_page_type=1/pu=sz%40320_1001%2Cta%40iphone_2_5.0_3_537%2Cusm%401/baiduid=63A3346FC928A03FE546E7FC530F4D9C/w=0_10_/t=iphone/l=1/tc?lid=10687942014033828209&amp;ref=www_iphone&amp;w_qd=IlPT2AEptyoA_yk66AsbrQRzyw4IRaS54hmQM_&amp;order=4&amp;src=https%3A%2F%2Fm.baidu.com%2Fs%3Fword%3Dtesterhome%25E5%2588%259B%25E5%25A7%258B%25E4%25BA%25BA%26ssid%3D0%26from%3D844b%26bd_page_type%3D1%26uid%3D0%26pu%3Dsz%2540320_1001%252Cta%2540iphone_2_5.0_3_537%252Cusm%25401%26baiduid%3D63A3346FC928A03FE546E7FC530F4D9C%26rqid%3D10687942014033828209%26sa%3Dre_dl_cr_11">testerhome创始人</a><a class="c-gap-right" href="http://m.baidu.com/from=844b/ssid=0/uid=0/bd_page_type=1/pu=sz%40320_1001%2Cta%40iphone_2_5.0_3_537%2Cusm%401/baiduid=63A3346FC928A03FE546E7FC530F4D9C/w=0_10_/t=iphone/l=1/tc?lid=10687942014033828209&amp;ref=www_iphone&amp;w_qd=IlPT2AEptyoA_yk66AsbrQRzyw4IRaS54hmQM_&amp;order=4&amp;src=https%3A%2F%2Fm.baidu.com%2Fs%3Fword%3D%25E8%25BD%25AF%25E4%25BB%25B6%25E6%25B5%258B%25E8%25AF%2595%25E7%2599%25BE%25E5%25BA%25A6%25E4%25BA%2591%26ssid%3D0%26from%3D844b%26bd_page_type%3D1%26uid%3D0%26pu%3Dsz%2540320_1001%252Cta%2540iphone_2_5.0_3_537%252Cusm%25401%26baiduid%3D63A3346FC928A03FE546E7FC530F4D9C%26rqid%3D10687942014033828209%26sa%3Dre_dl_cr_11">软件测试百度云</a><a class="c-gap-right" href="http://m.baidu.com/from=844b/ssid=0/uid=0/bd_page_type=1/pu=sz%40320_1001%2Cta%40iphone_2_5.0_3_537%2Cusm%401/baiduid=63A3346FC928A03FE546E7FC530F4D9C/w=0_10_/t=iphone/l=1/tc?lid=10687942014033828209&amp;ref=www_iphone&amp;w_qd=IlPT2AEptyoA_yk66AsbrQRzyw4IRaS54hmQM_&amp;order=4&amp;src=https%3A%2F%2Fm.baidu.com%2Fs%3Fword%3Dpostman%26ssid%3D0%26from%3D844b%26bd_page_type%3D1%26uid%3D0%26pu%3Dsz%2540320_1001%252Cta%2540iphone_2_5.0_3_537%252Cusm%25401%26baiduid%3D63A3346FC928A03FE546E7FC530F4D9C%26rqid%3D10687942014033828209%26sa%3Dre_dl_cr_11">postman</a></div></div></div><div class="result c-result" srcid="sigma_celebrity_rela" new_srcid="28339" order="5" tpl="sigma_celebrity_rela" data-log="{'fm':'alop','ensrcid':'sigma_celebrity_rela','order':'5','mu':''}" data-ecom-log-info="w_5_"><div class="c-container"><div class="c-blocka"><h3 class="c-title c-gap-top-small"><em>中文+TesterHome</em>_相关软件</h3></div><style data-merge="">.wa-sigma-celebrity-f13 { font-size: 20px; vertical-align: top; line-height: 26px;}.wa-sigma-celebrity-f13::before {content: '';display: inline-block;height: 15px;border-left: 1px solid #f1f1f1;}.wa-sigma-celebrity-rela-scroller{white-space:nowrap;}.wa-sigma-celebrity-rela-entity{display:inline-block;vertical-align:top;}.wa-sigma-celebrity-rela-entity:first-child{padding-left:0px;}.wa-sigma-celebrity-rela-name{text-align:center;line-height: 22px; white-space:pre-line;word-break: normal; word-wrap: normal;margin-bottom:2px;}.wa-sigma-celebrity-rela-reason {text-align: center; white-space:pre-line; word-break: normal; word-wrap: normal;font-size:13px;line-height:19px;margin-bottom:0;}.wa-sigma-celebrity-rela-comment {position:relative; height: 21px;margin:0 auto; width: 60px;}.wa-sigma-celebrity-rela-comment .c-icon {display: inline-block; width: 12px; text-align: center;}.wa-sigma-celebrity-rela-comment-graystar {position: absolute; color: #eee;}.wa-sigma-celebrity-rela-comment-redstar {position: absolute; color: #ff0000; white-space: nowrap;overflow: hidden;}.wa-sigma-celebrity-rela-nowrap {white-space:nowrap;}.wa-sigma-celebrity-coverWrap{position:relative;}.wa-sigma-celebrity-cover{width:100%;height:100%;font-size:25px;color:#fff;position:absolute;left:0;top:0;right:0;bottom:0;z-index:2;text-align:center;background:rgba(0,0,0,0.5);overflow:hidden;display:block;}.wa-sigma-celebrity-cover p{font-size:13px;text-align:center;line-height:12px;}.wa-sigma-celebrity-cover-inner{text-align:center;vertical-align:middle;position:absolute;top:50%;left:50%;height:44px;margin-top:-22px;margin-left:-26px;}@media screen and (max-width: 335px) {.wa-sigma-celebrity-rela-comment {width: 50px;}.wa-sigma-celebrity-rela-comment .c-icon {width: 10px;}}</style><b-scroll class="wa-sigma-celebrity-rela-wrapper-5"><div class="c-row-tile c-scroll-wrapper wa-sigma-cere-wrapper-5 c-gap-top-small"><div class="c-scroll-touch"><div class="wa-sigma-celebrity-rela-scroller c-scroll-parent-gap" style="width:            284.90566037736%"><div class="wa-sigma-celebrity-rela-entity c-scroll-element-gap" style="width:8.3333333333333%"><a href="http://m.baidu.com/from=844b/bd_page_type=1/ssid=0/uid=0/pu=sz%40320_1001%2Cta%40iphone_2_5.0_3_537%2Cusm%401/baiduid=63A3346FC928A03FE546E7FC530F4D9C/w=0_10_/t=iphone/l=1/tc?ref=www_iphone&amp;lid=10687942014033828209&amp;order=5&amp;fm=alop&amp;tj=sigma_celebrity_rela_5_0_10_l1&amp;w_qd=IlPT2AEptyoA_yk66AsbrQRzyw4IRaS54hmQM_&amp;sec=22034&amp;di=ccfb3e88985b1001&amp;bdenc=1&amp;nsrc=IlPT2AEptyoA_yixCFOxCGZb8c3JV3T5ABfPNy6R2iv5nk_qva02JcRpX8KgVC4CV5OwdoSOdAoClDPl3mIm7hB0katos7oq7UeagPu3xseLHaBIvtkr2NOHGnQvzfrqyKpOvw1f0g6fRn-dz4Xpwtg_eB_vvQ6CiA8eg8m5qvLmYZT-ZIbJ8I081WoGX8WtDebHccykqyofHprv3gSxJYS_rXITF8NiaA8civJCPwzCingSKsalEAEKCIiYNJ5QXqjmTtTelhXVYpZCmSgnA8R18Gzih0rFFnwgTKe17McwF1LzEqnAFYC2OxBUqgTcO3toX3OEobMa_K" data-url="https://m.baidu.com/from=844b/pu=sz%40320_1001/s?tn=iphone&amp;word=jenkins&amp;sa=re_dl_er_28339_1&amp;euri=1ef42463366a46638c591252f6e8167a&amp;ms=1&amp;rqid=10687942014033828209&amp;oq=%E4%B8%AD%E6%96%87%2BTesterHome" class="c-blocka wa-sigma-celebrity-rela-link"><div class="c-img c-img-s" style="background-image: none; background-attachment: initial; background-color: initial; background-origin: initial; background-clip: initial; background-position: initial; background-repeat: initial;"><img src="https://ss1.baidu.com/6ONXsjip0QIZ8tyhnq/it/u=498671830,1179448266&amp;fm=58" /></div><p class="wa-sigma-celebrity-rela-name c-line-clamp2">jenkins</p><p class="wa-sigma-celebrity-rela-reason c-color-gray c-line-clamp2">开源软件项目</p></a></div><div class="wa-sigma-celebrity-rela-entity c-scroll-element-gap" style="width:8.3333333333333%"><a href="http://m.baidu.com/from=844b/bd_page_type=1/ssid=0/uid=0/pu=sz%40320_1001%2Cta%40iphone_2_5.0_3_537%2Cusm%401/baiduid=63A3346FC928A03FE546E7FC530F4D9C/w=0_10_/t=iphone/l=1/tc?ref=www_iphone&amp;lid=10687942014033828209&amp;order=5&amp;fm=alop&amp;tj=sigma_celebrity_rela_5_0_10_l2&amp;w_qd=IlPT2AEptyoA_yk66AsbrQRzyw4IRaS54hmQM_&amp;sec=22034&amp;di=f686ad5bbdaffb80&amp;bdenc=1&amp;nsrc=IlPT2AEptyoA_yixCFOxCGZb8c3JV3T5ABfPNy6R2iv5nk_qva02JcRpX8KgVC4CV5OwdoSOdAoClDPl3mIm7hB0katos7oq7UeagPu3xseLHaBIvtkr2NOHGnQvzfrqyKpOwwsp1QpoR8-dz4Xpwtg_eB_vvQ6CiA8eg8m5qvLmYpT-ZIbJ8I081WpTWXWwDrzEd17jeHwfHkahMwG6To_4sSFIEXYrvAer8fJCPwzCingSKsalEAEKCIiYNJ5QXqjmTtTelhXVYpZCmSgnA8R18Gzih0rFFnwgTKe17McwF1LzEqnAFYC2OxBUqgTcO3toX3OEobMa_K" data-url="https://m.baidu.com/from=844b/pu=sz%40320_1001/s?tn=iphone&amp;word=fiddler&amp;sa=re_dl_er_28339_2&amp;euri=dcf13b1525e746baaf9b779c10fae0d4&amp;ms=1&amp;rqid=10687942014033828209&amp;oq=%E4%B8%AD%E6%96%87%2BTesterHome" class="c-blocka wa-sigma-celebrity-rela-link"><div class="c-img c-img-s" style="background-image: none; background-attachment: initial; background-color: initial; background-origin: initial; background-clip: initial; background-position: initial; background-repeat: initial;"><img src="https://ss2.baidu.com/6ONYsjip0QIZ8tyhnq/it/u=3221864045,3878123328&amp;fm=58" /></div><p class="wa-sigma-celebrity-rela-name c-line-clamp2">fiddler</p><p class="wa-sigma-celebrity-rela-reason c-color-gray c-line-clamp2">http调试代理工具</p></a></div><div class="wa-sigma-celebrity-rela-entity c-scroll-element-gap" style="width:8.3333333333333%"><a href="http://m.baidu.com/from=844b/bd_page_type=1/ssid=0/uid=0/pu=sz%40320_1001%2Cta%40iphone_2_5.0_3_537%2Cusm%401/baiduid=63A3346FC928A03FE546E7FC530F4D9C/w=0_10_/t=iphone/l=1/tc?ref=www_iphone&amp;lid=10687942014033828209&amp;order=5&amp;fm=alop&amp;tj=sigma_celebrity_rela_5_0_10_l3&amp;w_qd=IlPT2AEptyoA_yk66AsbrQRzyw4IRaS54hmQM_&amp;sec=22034&amp;di=4080963b5cc19f01&amp;bdenc=1&amp;nsrc=IlPT2AEptyoA_yixCFOxCGZb8c3JV3T5ABfPNy6R2iv5nk_qva02JcRpX8KgVC4CV5OwdoSOdAoClDPl3mIm7hB0katos7oq7UeagPu3xseLHaBIvtkr2NOHGnQvzfrqyKpOrQUe1QEoB7scmq38ohcbpR3A6gZfgc72gn_qlvyQYoOiJ-8Ni6iWQFwEWSeuFL8JaReeqS5bIUn93dGwHY_0qSMXZX1wvQjq731R3cSCq8pzK2nlVxg4VFv-NikLZqnnT2valRHUZZN2mCgn386R-8uvwvSDN7ohXAfu63-JNO0yIAnDJpyHKQtZjK04XvxyWgaRhry" data-url="https://m.baidu.com/from=844b/pu=sz%40320_1001/s?tn=iphone&amp;word=xcode&amp;sa=re_dl_er_28339_3&amp;euri=b27c839c48d84d09a88641731ebdafd3&amp;ms=1&amp;rqid=10687942014033828209&amp;oq=%E4%B8%AD%E6%96%87%2BTesterHome" class="c-blocka wa-sigma-celebrity-rela-link"><div class="c-img c-img-s" style="background-image: none; background-attachment: initial; background-color: initial; background-origin: initial; background-clip: initial; background-position: initial; background-repeat: initial;"><img src="https://ss0.baidu.com/6ONWsjip0QIZ8tyhnq/it/u=1816603557,2118951847&amp;fm=58" /></div><p class="wa-sigma-celebrity-rela-name c-line-clamp2">xcode</p><p class="wa-sigma-celebrity-rela-reason c-color-gray c-line-clamp2">苹果公司开发编程软件</p></a></div><div class="wa-sigma-celebrity-rela-entity c-scroll-element-gap" style="width:8.3333333333333%"><a href="http://m.baidu.com/from=844b/bd_page_type=1/ssid=0/uid=0/pu=sz%40320_1001%2Cta%40iphone_2_5.0_3_537%2Cusm%401/baiduid=63A3346FC928A03FE546E7FC530F4D9C/w=0_10_/t=iphone/l=1/tc?ref=www_iphone&amp;lid=10687942014033828209&amp;order=5&amp;fm=alop&amp;tj=sigma_celebrity_rela_5_0_10_l4&amp;w_qd=IlPT2AEptyoA_yk66AsbrQRzyw4IRaS54hmQM_&amp;sec=22034&amp;di=c3279974ca23bd8e&amp;bdenc=1&amp;nsrc=IlPT2AEptyoA_yixCFOxCGZb8c3JV3T5ABfPNy6R2iv5nk_qva02JcRpX8KgVC4CV5OwdoSOdAoClDPl3mIm7hB0katos7oq7UeagPu3xseLHaBIvtkr2NOHGnQvzfrqyKpOtRsi0QVzKH-dz4Xpwtg_eB_vvQ6CiA8eg8m5qvLmZJT-ZIbJ8I081WpZWXPdDurCcMOmrSofTUfsMtPeHI4QqiZJZ8Rebgjb7vJCPwzCingSKsalEAEKCIiYNJ5QXqjmTtTelhXVYpZCmSgnA8R18Gzih0rFFnwgTKe17McwF1LzEqnAFYC2OxBUqgTcO3toX3OEobMa_K" data-url="https://m.baidu.com/from=844b/pu=sz%40320_1001/s?tn=iphone&amp;word=pycharm&amp;sa=re_dl_er_28339_4&amp;euri=bcdd3030800a4ec4a0f06d2f0fd47341&amp;ms=1&amp;rqid=10687942014033828209&amp;oq=%E4%B8%AD%E6%96%87%2BTesterHome" class="c-blocka wa-sigma-celebrity-rela-link"><div class="c-img c-img-s" style="background-image: none; background-attachment: initial; background-color: initial; background-origin: initial; background-clip: initial; background-position: initial; background-repeat: initial;"><img src="https://ss0.baidu.com/6ONWsjip0QIZ8tyhnq/it/u=1460995956,843882077&amp;fm=58" /></div><p class="wa-sigma-celebrity-rela-name c-line-clamp2">pycharm</p><p class="wa-sigma-celebrity-rela-reason c-color-gray c-line-clamp2">Web开发服务应用软件</p></a></div><div class="wa-sigma-celebrity-rela-entity c-scroll-element-gap" style="width:8.3333333333333%"><a href="http://m.baidu.com/from=844b/bd_page_type=1/ssid=0/uid=0/pu=sz%40320_1001%2Cta%40iphone_2_5.0_3_537%2Cusm%401/baiduid=63A3346FC928A03FE546E7FC530F4D9C/w=0_10_/t=iphone/l=1/tc?ref=www_iphone&amp;lid=10687942014033828209&amp;order=5&amp;fm=alop&amp;tj=sigma_celebrity_rela_5_0_10_l5&amp;w_qd=IlPT2AEptyoA_yk66AsbrQRzyw4IRaS54hmQM_&amp;sec=22034&amp;di=5a90b49ab2944639&amp;bdenc=1&amp;nsrc=IlPT2AEptyoA_yixCFOxCGZb8c3JV3T5ABfPNy6R2iv5nk_qva02JcRpX8KgVC4CV5OwdoSOdAoClDPl3mIm7hB0katos7oq7UeagPu3xseLHaBIvtkr2NOHGnQvzfrqyKpOvwsz21EzAygq8rXEdA9VbhevvB2C8sOCgnjQrOa0ZlSyIIKZnWvpQIgHD8CwCbiYaMmirnhsIJadAgLhSoWFqSRCYC1vaBrh80oDL20-nm-oLB8iXxN3YmiENysZW_PaSd8bkBXTZZ-DoiIpAmF_9yKldu09FkpQTKyI7MpEF1_FExXAFYG1Oxopmt4NW3tpM37Pfq" data-url="https://m.baidu.com/from=844b/pu=sz%40320_1001/s?tn=iphone&amp;word=jira&amp;sa=re_dl_er_28339_5&amp;euri=7bf05c16fe86433c82e0aef091d7a1e1&amp;ms=1&amp;rqid=10687942014033828209&amp;oq=%E4%B8%AD%E6%96%87%2BTesterHome" class="c-blocka wa-sigma-celebrity-rela-link"><div class="c-img c-img-s" style="background-image: none; background-attachment: initial; background-color: initial; background-origin: initial; background-clip: initial; background-position: initial; background-repeat: initial;"><img src="https://ss1.baidu.com/6ONXsjip0QIZ8tyhnq/it/u=268380943,3569248002&amp;fm=58" /></div><p class="wa-sigma-celebrity-rela-name c-line-clamp2">jira</p><p class="wa-sigma-celebrity-rela-reason c-color-gray c-line-clamp2">项目与事务跟踪工具</p></a></div><div class="wa-sigma-celebrity-rela-entity c-scroll-element-gap" style="width:8.3333333333333%"><a href="http://m.baidu.com/from=844b/bd_page_type=1/ssid=0/uid=0/pu=sz%40320_1001%2Cta%40iphone_2_5.0_3_537%2Cusm%401/baiduid=63A3346FC928A03FE546E7FC530F4D9C/w=0_10_/t=iphone/l=1/tc?ref=www_iphone&amp;lid=10687942014033828209&amp;order=5&amp;fm=alop&amp;tj=sigma_celebrity_rela_5_0_10_l6&amp;w_qd=IlPT2AEptyoA_yk66AsbrQRzyw4IRaS54hmQM_&amp;sec=22034&amp;di=10b6fdff089adf3a&amp;bdenc=1&amp;nsrc=IlPT2AEptyoA_yixCFOxCGZb8c3JV3T5ABfPNy6R2iv5nk_qva02JcRpX8KgVC4CV5OwdoSOdAoClDPl3mIm7hB0katos7oq7UeagPu3xseLHaBIvtkr2NOHGnQvzfrqyKpOth1j_Q6gMH-dzrS9cg97fd0SbxBwy1z-wyTQf_4mFU3MYFODnV_B2EkJDHLsTbPYcfeltSoiHEyfAdCuGlCAsXQYYCNjvt8djrZD02iHnn-p4salEBwMVFv-Nj9PWOyfIQnvlqHVZpB2nScl3XZ29XnjgOmCG8tMYQe3yaR-F4TzEqn3FTeHOqcjqb3QCL1lDLbJvugJGDoktpcj48ZQ1q" data-url="https://m.baidu.com/from=844b/pu=sz%40320_1001/s?tn=iphone&amp;word=sublime%2520text&amp;sa=re_dl_er_28339_6&amp;euri=78a94dc0766e494aa59ff6ea3e96153e&amp;ms=1&amp;rqid=10687942014033828209&amp;oq=%E4%B8%AD%E6%96%87%2BTesterHome" class="c-blocka wa-sigma-celebrity-rela-link"><div class="c-img c-img-s"><img data-imagedelaysrc="https://ss2.baidu.com/6ONYsjip0QIZ8tyhnq/it/u=2349254699,194092770&amp;fm=58" data-imageinvisible="1" /></div><p class="wa-sigma-celebrity-rela-name c-line-clamp2">sublime text</p><p class="wa-sigma-celebrity-rela-reason c-color-gray c-line-clamp2">PC平台代码编辑器</p></a></div><div class="wa-sigma-celebrity-rela-entity c-scroll-element-gap" style="width:8.3333333333333%"><a href="http://m.baidu.com/from=844b/bd_page_type=1/ssid=0/uid=0/pu=sz%40320_1001%2Cta%40iphone_2_5.0_3_537%2Cusm%401/baiduid=63A3346FC928A03FE546E7FC530F4D9C/w=0_10_/t=iphone/l=1/tc?ref=www_iphone&amp;lid=10687942014033828209&amp;order=5&amp;fm=alop&amp;tj=sigma_celebrity_rela_5_0_10_l7&amp;w_qd=IlPT2AEptyoA_yk66AsbrQRzyw4IRaS54hmQM_&amp;sec=22034&amp;di=f9381efb518998fc&amp;bdenc=1&amp;nsrc=IlPT2AEptyoA_yixCFOxCGZb8c3JV3T5ABfPNy6R2iv5nk_qva02JcRpX8KgVC4CV5OwdoSOdAoClDPl3mIm7hB0katos7oq7UeagPu3xseLHaBIvtkr2NOHGnQvzfrqyKpOxAU-0BBcQSJuy0D8hs-xjgWJ6gV6ghbD8n3rqvyE49LiYFnZ7-mrB6tzWXO-Xuv2csv5qX-tHEafAwLhGYLNenRIFicucAbh9uBZOtPQ8G-pHdq7F1UNIIXZQihdXarcU2bjkBPUZ-JFmSEh3X-_-XD-g3PPYmpL0Afty3-GGO07MgmvJpyGKAtPuB3MLhxyWvKXa2Ic1Tm" data-url="https://m.baidu.com/from=844b/pu=sz%40320_1001/s?tn=iphone&amp;word=activity&amp;sa=re_dl_er_28339_7&amp;euri=cd8c1820f45b4bc1ae53ab4179d91297&amp;ms=1&amp;rqid=10687942014033828209&amp;oq=%E4%B8%AD%E6%96%87%2BTesterHome" class="c-blocka wa-sigma-celebrity-rela-link"><div class="c-img c-img-s"><img data-imagedelaysrc="https://ss1.baidu.com/6ONXsjip0QIZ8tyhnq/it/u=2264983813,961656250&amp;fm=58" data-imageinvisible="1" /></div><p class="wa-sigma-celebrity-rela-name c-line-clamp2">activity</p><p class="wa-sigma-celebrity-rela-reason c-color-gray c-line-clamp2">安卓系统常用组件之一</p></a></div><div class="wa-sigma-celebrity-rela-entity c-scroll-element-gap" style="width:8.3333333333333%"><a href="http://m.baidu.com/from=844b/bd_page_type=1/ssid=0/uid=0/pu=sz%40320_1001%2Cta%40iphone_2_5.0_3_537%2Cusm%401/baiduid=63A3346FC928A03FE546E7FC530F4D9C/w=0_10_/t=iphone/l=1/tc?ref=www_iphone&amp;lid=10687942014033828209&amp;order=5&amp;fm=alop&amp;tj=sigma_celebrity_rela_5_0_10_l8&amp;w_qd=IlPT2AEptyoA_yk66AsbrQRzyw4IRaS54hmQM_&amp;sec=22034&amp;di=38f99c7af95fd176&amp;bdenc=1&amp;nsrc=IlPT2AEptyoA_yixCFOxCGZb8c3JV3T5ABfPNy6R2iv5nk_qva02JcRpX8KgVC4CV5OwdoSOdAoClDPl3mIm7hB0katos7oq7UeagPu3xseLHaBIvtkr2NOHGnQvzfrqyKpOuwM80ANkQX-dz4Xpwtg_eB_vvQ6CiA8eg8m5qvLmWJT-ZIbJ8I081WpSDXKuCLfGdB8-ricfGUbw3t0hGYPNrSMXFnEvvA4hjfJCPwzCingSKsalEAEKCIiYNJ5QXqjmTtTelhXVYpZCmSgnA8R18Gzih0rFFnwgTKe17McwF1LzEqnAFYC2OxBUqgTcO3toX3OEobMa_K" data-url="https://m.baidu.com/from=844b/pu=sz%40320_1001/s?tn=iphone&amp;word=navicat&amp;sa=re_dl_er_28339_8&amp;euri=e7e35e75bc3b41b095e52a5eb7cee82d&amp;ms=1&amp;rqid=10687942014033828209&amp;oq=%E4%B8%AD%E6%96%87%2BTesterHome" class="c-blocka wa-sigma-celebrity-rela-link"><div class="c-img c-img-s"><img data-imagedelaysrc="https://ss1.baidu.com/6ONXsjip0QIZ8tyhnq/it/u=2512792060,208576042&amp;fm=58" data-imageinvisible="1" /></div><p class="wa-sigma-celebrity-rela-name c-line-clamp2">navicat</p><p class="wa-sigma-celebrity-rela-reason c-color-gray c-line-clamp2">便宜的数据库管理工具</p></a></div><div class="wa-sigma-celebrity-rela-entity c-scroll-element-gap" style="width:8.3333333333333%"><a href="http://m.baidu.com/from=844b/bd_page_type=1/ssid=0/uid=0/pu=sz%40320_1001%2Cta%40iphone_2_5.0_3_537%2Cusm%401/baiduid=63A3346FC928A03FE546E7FC530F4D9C/w=0_10_/t=iphone/l=1/tc?ref=www_iphone&amp;lid=10687942014033828209&amp;order=5&amp;fm=alop&amp;tj=sigma_celebrity_rela_5_0_10_l9&amp;w_qd=IlPT2AEptyoA_yk66AsbrQRzyw4IRaS54hmQM_&amp;sec=22034&amp;di=eff045d426257e7f&amp;bdenc=1&amp;nsrc=IlPT2AEptyoA_yixCFOxCGZb8c3JV3T5ABfPNy6R2iv5nk_qva02JcRpX8KgVC4CV5OwdoSOdAoClDPl3mIm7hB0katos7oq7UeagPu3xseLHaBIvtkr2NOHGnQvzfrqyKpOuAsiBwdyKjsf8rS6t2lkdB_Yf21c8svXwyDefLjWIlbiYFnDz5rlZpxSNXPlMreDzc7erngiR-HdA2HhWUPVvXE6FXJcu28c7eNEQ2mIm8-fK2L7DsRPZYjZN8oNXPaxTgrvlh3BJYFCri153XA_pCC9du09In6OYBmJy4c9I43HJRvCIoGBLh2CvQDJXKsoL_O8rf5JRHoS-lcYUTw1Q3KuRCGVPj1YVqSiexHr2Ze" data-url="https://m.baidu.com/from=844b/pu=sz%40320_1001/s?tn=iphone&amp;word=microsoft%2520.net%2520framework&amp;sa=re_dl_er_28339_9&amp;euri=4b2af702098545929e9544dd0a42dc6c&amp;ms=1&amp;rqid=10687942014033828209&amp;oq=%E4%B8%AD%E6%96%87%2BTesterHome" class="c-blocka wa-sigma-celebrity-rela-link"><div class="c-img c-img-s"><img data-imagedelaysrc="https://ss0.baidu.com/6ONWsjip0QIZ8tyhnq/it/u=786004179,3356563243&amp;fm=58" data-imageinvisible="1" /></div><p class="wa-sigma-celebrity-rela-name c-line-clamp2">microsoft .net framework</p><p class="wa-sigma-celebrity-rela-reason c-color-gray c-line-clamp2">新托管代码编程模型</p></a></div><div class="wa-sigma-celebrity-rela-entity c-scroll-element-gap" style="width:8.3333333333333%"><a href="http://m.baidu.com/from=844b/bd_page_type=1/ssid=0/uid=0/pu=sz%40320_1001%2Cta%40iphone_2_5.0_3_537%2Cusm%401/baiduid=63A3346FC928A03FE546E7FC530F4D9C/w=0_10_/t=iphone/l=1/tc?ref=www_iphone&amp;lid=10687942014033828209&amp;order=5&amp;fm=alop&amp;tj=sigma_celebrity_rela_5_0_10_l10&amp;w_qd=IlPT2AEptyoA_yk66AsbrQRzyw4IRaS54hmQM_&amp;sec=22034&amp;di=fb175839f2111a89&amp;bdenc=1&amp;nsrc=IlPT2AEptyoA_yixCFOxCGZb8c3JV3T5ABfPNy6R2iv5nk_qva02JcRpX8KgVC4CV5OwdoSOdAoClDPl3mIm7hB0katos7oq7UeagPu3xseLHaBIvtkr2NOHGnQvzfrqyKpOwgke1gpo1GdefrGlt29Aj20Sb32Py17I6Hmmqfbs2pT-Z6KFi6noMY5SCZPvWMGZvODzb6QdIJfv3vitHJC_riMEU8dvabur7eBI_tLUp8JpKtKnDc2RE98UBSl1XKLdSwusjBKIZ9FDnHtm0nMw-Gzih_4FSilBWqaBz4swJfqDJBz0JImALRBZxwSKJKspHe7DvucDKVpnh8-dYph-MsK5Nj7ZGZtGIO_JnPzn4JgiszmgBq" data-url="https://m.baidu.com/from=844b/pu=sz%40320_1001/s?tn=iphone&amp;word=google%25E7%25BF%25BB%25E8%25AF%2591&amp;sa=re_dl_er_28339_10&amp;euri=d074b7a893194806baab0e2873bb83d1&amp;ms=1&amp;rqid=10687942014033828209&amp;oq=%E4%B8%AD%E6%96%87%2BTesterHome" class="c-blocka wa-sigma-celebrity-rela-link"><div class="c-img c-img-s"><img data-imagedelaysrc="https://ss2.baidu.com/6ONYsjip0QIZ8tyhnq/it/u=2257785476,1921196696&amp;fm=58" data-imageinvisible="1" /></div><p class="wa-sigma-celebrity-rela-name c-line-clamp2">google翻译</p><p class="wa-sigma-celebrity-rela-reason c-color-gray c-line-clamp2">一项免费的翻译服务</p></a></div><div class="wa-sigma-celebrity-rela-entity c-scroll-element-gap" style="width:8.3333333333333%"><a href="http://m.baidu.com/from=844b/bd_page_type=1/ssid=0/uid=0/pu=sz%40320_1001%2Cta%40iphone_2_5.0_3_537%2Cusm%401/baiduid=63A3346FC928A03FE546E7FC530F4D9C/w=0_10_/t=iphone/l=1/tc?ref=www_iphone&amp;lid=10687942014033828209&amp;order=5&amp;fm=alop&amp;tj=sigma_celebrity_rela_5_0_10_l11&amp;w_qd=IlPT2AEptyoA_yk66AsbrQRzyw4IRaS54hmQM_&amp;sec=22034&amp;di=70bff0c56476ff98&amp;bdenc=1&amp;nsrc=IlPT2AEptyoA_yixCFOxCGZb8c3JV3T5ABfPNy6R2iv5nk_qva02JcRpX8KgVC4CV5OwdoSOdAoClDPl3mIm7hB0katos7oq7UeagPu3xseLHaBIvtkr2NOHGnQvzfrqyKpOuBso2gpcRSgu8rSydQpbuP3Sv4xtkODYw6q6s4y_WSr7Y5aCmIqnMIUSCZOvDOKXwhfyrS6uHJ8sAdKsTlCFqiYUFXYtaw3uje6IPsSDmSYpPtzXFtRNZ-rE4n51XBbfS2fikxzYZJZEniAm3H-_8XfkevSCJSANTR8s7M95F1W4Eq7uFTy2Ox2VqgqRCLpZP3OFbb5-FDAuxq" data-url="https://m.baidu.com/from=844b/pu=sz%40320_1001/s?tn=iphone&amp;word=myeclipse&amp;sa=re_dl_er_28339_11&amp;euri=218fcdd0de454010be92fe4fc28ad846&amp;ms=1&amp;rqid=10687942014033828209&amp;oq=%E4%B8%AD%E6%96%87%2BTesterHome" class="c-blocka wa-sigma-celebrity-rela-link"><div class="c-img c-img-s"><img data-imagedelaysrc="https://ss2.baidu.com/6ONYsjip0QIZ8tyhnq/it/u=3352432235,3072922481&amp;fm=58" data-imageinvisible="1" /></div><p class="wa-sigma-celebrity-rela-name c-line-clamp2">myeclipse</p></a></div><div class="wa-sigma-celebrity-rela-entity c-scroll-element-gap" style="width:8.3333333333333%"><a href="http://m.baidu.com/from=844b/bd_page_type=1/ssid=0/uid=0/pu=sz%40320_1001%2Cta%40iphone_2_5.0_3_537%2Cusm%401/baiduid=63A3346FC928A03FE546E7FC530F4D9C/w=0_10_/t=iphone/l=1/tc?ref=www_iphone&amp;lid=10687942014033828209&amp;order=5&amp;fm=alop&amp;tj=sigma_celebrity_rela_5_0_10_l12&amp;w_qd=IlPT2AEptyoA_yk66AsbrQRzyw4IRaS54hmQM_&amp;sec=22034&amp;di=9a3e13b56eb3fba8&amp;bdenc=1&amp;nsrc=IlPT2AEptyoA_yixCFOxCGZb8c3JV3T5ABfPNy6R2iv5nk_qva02JcRpX8KgVC4CV5OwdoSOdAoClDPl3mIm7hB0katos7oq7UeagPu3xseLHaBIvtkr2NOHGnQvzfrqyKpOuQsfAB9oB79Ozq37stFsrsXZcNYs8sb9h7S6rMq2VY4y1FOZnF7lQ5kIPmHcMraRzhbokncjG-f-XNKqCYO3fTMHWDNd8Qbc8O5T_2WFpnw542f7ZxRTWVSCBisKCKyxTNyslx_CU-RH67E53EJ25Hfmw_DNV7pL0BuAyfEzG43JJh83IIaANhpPvQKTCLolVv4XqN-iCWl79ER9BpsYEvWjOj_GFJJYFd_Tb3bk0Y5M6Deo" data-url="https://m.baidu.com/from=844b/pu=sz%40320_1001/s?tn=iphone&amp;word=linux%25E5%2586%2585%25E6%25A0%25B8&amp;sa=re_dl_er_28339_12&amp;euri=1778ca4097ff4eae8883a67f2c51b37b&amp;ms=1&amp;rqid=10687942014033828209&amp;oq=%E4%B8%AD%E6%96%87%2BTesterHome" class="c-blocka wa-sigma-celebrity-rela-link"><div class="c-img c-img-s"><img data-imagedelaysrc="https://ss2.baidu.com/6ONYsjip0QIZ8tyhnq/it/u=1328936894,2466814366&amp;fm=58" data-imageinvisible="1" /></div><p class="wa-sigma-celebrity-rela-name c-line-clamp2">linux内核</p></a></div></div></div></div></b-scroll></div></div><div class="result c-result c-clk-recommend" srcid="www_normal" new_srcid="1599" order="6" tpl="www_normal" data-log="{'fm':'','ensrcid':'www_normal','order':'6','mu':'http://m.weibo.cn/u/3871514412'}" data-ecom-log-info="w_6_"><div class="c-container"><a href="http://m.baidu.com/from=844b/bd_page_type=1/ssid=0/uid=0/pu=sz%40320_1001%2Cta%40iphone_2_5.0_3_537%2Cusm%401/baiduid=63A3346FC928A03FE546E7FC530F4D9C/w=0_10_/t=iphone/l=1/tc?ref=www_iphone&amp;lid=10687942014033828209&amp;order=6&amp;fm=alop&amp;waplogo=1&amp;tj=www_normal_6_0_10_title&amp;vit=osres&amp;waput=7&amp;cltj=normal_title&amp;asres=1&amp;nt=wnor&amp;title=TesterHome%E7%9A%84%E5%BE%AE%E5%8D%9A_%E5%BE%AE%E5%8D%9A&amp;dict=-1&amp;w_qd=IlPT2AEptyoA_yk66AsbrQRzyw4IRaS54hmQM_&amp;sec=22034&amp;di=36a05829aea2ea05&amp;bdenc=1&amp;nsrc=IlPT2AEptyoA_yixCFOxXnANedT62v3IGtiGMCVW0XSxo9jpnOWaUbAtCmSeBSbCV-Sb" class="c-blocka"><h3 class="c-title c-gap-top-small"><em>TesterHome</em>的微博_微博</h3></a><div class="c-row c-abstract c-gap-top-small"><div class="c-span3"><a href="http://m.baidu.com/from=844b/bd_page_type=1/ssid=0/uid=0/pu=sz%40320_1001%2Cta%40iphone_2_5.0_3_537%2Cusm%401/baiduid=63A3346FC928A03FE546E7FC530F4D9C/w=0_10_/t=iphone/l=1/tc?ref=www_iphone&amp;lid=10687942014033828209&amp;order=6&amp;fm=alop&amp;waplogo=1&amp;tj=www_normal_6_0_10_title&amp;vit=osres&amp;waput=7&amp;cltj=normal_title&amp;asres=1&amp;nt=wnor&amp;title=TesterHome%E7%9A%84%E5%BE%AE%E5%8D%9A_%E5%BE%AE%E5%8D%9A&amp;dict=-1&amp;w_qd=IlPT2AEptyoA_yk66AsbrQRzyw4IRaS54hmQM_&amp;sec=22034&amp;di=36a05829aea2ea05&amp;bdenc=1&amp;nsrc=IlPT2AEptyoA_yixCFOxXnANedT62v3IGtiGMCVW0XSxo9jpnOWaUbAtCmSeBSbCV-Sb" class="c-blocka"><div class="c-img c-img-s" style="background-image: none; background-attachment: initial; background-color: initial; background-origin: initial; background-clip: initial; background-position: initial; background-repeat: initial;"><img src="https://ss0.bdstatic.com/9bA1vGfa2gU2pMbfm9GUKT-w/timg?wisealaddin&amp;size=u200_200&amp;quality=80&amp;sec=1498445819&amp;di=c4668723131ca01acad21e463f547f8b&amp;src=http%3A%2F%2Fi8.baidu.com%2Fit%2Fu%3D1541536660%2C3286842523%26fm%3D78%26s%3D59A23C735F2652904A4061F800007022" /></div></a></div><div class="c-span9"><a href="http://m.baidu.com/from=844b/bd_page_type=1/ssid=0/uid=0/pu=sz%40320_1001%2Cta%40iphone_2_5.0_3_537%2Cusm%401/baiduid=63A3346FC928A03FE546E7FC530F4D9C/w=0_10_/t=iphone/l=1/tc?ref=www_iphone&amp;lid=10687942014033828209&amp;order=6&amp;fm=alop&amp;waplogo=1&amp;tj=www_normal_6_0_10_title&amp;vit=osres&amp;waput=7&amp;cltj=normal_title&amp;asres=1&amp;nt=wnor&amp;title=TesterHome%E7%9A%84%E5%BE%AE%E5%8D%9A_%E5%BE%AE%E5%8D%9A&amp;dict=-1&amp;w_qd=IlPT2AEptyoA_yk66AsbrQRzyw4IRaS54hmQM_&amp;sec=22034&amp;di=36a05829aea2ea05&amp;bdenc=1&amp;nsrc=IlPT2AEptyoA_yixCFOxXnANedT62v3IGtiGMCVW0XSxo9jpnOWaUbAtCmSeBSbCV-Sb" class="c-blocka"><p class="c-line-clamp3 c-color"><em>TesterHome</em>,<em>TesterHome</em> www.<em>testerhome</em>.com官方微博。<em>TesterHome</em>的微博主页、个人资料、相册。新浪微博,随时...</p></a><div class="c-showurl c-line-clamp1"><span class="c-showurl">m.weibo.cn</span><span class="c-showurl"> › ...</span></div></div></div></div><div class="c-container c-recomm-wrap" style="display: none;"><div class="c-recomm-cnt c-gray"><span class="c-gap-right"><i class="c-icon"></i>大家还搜：</span><a class="c-gap-right" href="http://m.baidu.com/from=844b/ssid=0/uid=0/bd_page_type=1/pu=sz%40320_1001%2Cta%40iphone_2_5.0_3_537%2Cusm%401/baiduid=63A3346FC928A03FE546E7FC530F4D9C/w=0_10_/t=iphone/l=1/tc?lid=10687942014033828209&amp;ref=www_iphone&amp;w_qd=IlPT2AEptyoA_yk66AsbrQRzyw4IRaS54hmQM_&amp;order=6&amp;src=https%3A%2F%2Fm.baidu.com%2Fs%3Fword%3Dmacaca%2520jenkins%26ssid%3D0%26from%3D844b%26bd_page_type%3D1%26uid%3D0%26pu%3Dsz%2540320_1001%252Cta%2540iphone_2_5.0_3_537%252Cusm%25401%26baiduid%3D63A3346FC928A03FE546E7FC530F4D9C%26rqid%3D10687942014033828209%26sa%3Dre_dl_cr_9">macaca jenkins</a><a class="c-gap-right" href="http://m.baidu.com/from=844b/ssid=0/uid=0/bd_page_type=1/pu=sz%40320_1001%2Cta%40iphone_2_5.0_3_537%2Cusm%401/baiduid=63A3346FC928A03FE546E7FC530F4D9C/w=0_10_/t=iphone/l=1/tc?lid=10687942014033828209&amp;ref=www_iphone&amp;w_qd=IlPT2AEptyoA_yk66AsbrQRzyw4IRaS54hmQM_&amp;order=6&amp;src=https%3A%2F%2Fm.baidu.com%2Fs%3Fword%3Declipse%26ssid%3D0%26from%3D844b%26bd_page_type%3D1%26uid%3D0%26pu%3Dsz%2540320_1001%252Cta%2540iphone_2_5.0_3_537%252Cusm%25401%26baiduid%3D63A3346FC928A03FE546E7FC530F4D9C%26rqid%3D10687942014033828209%26sa%3Dre_dl_cr_9">eclipse</a><a class="c-gap-right" href="http://m.baidu.com/from=844b/ssid=0/uid=0/bd_page_type=1/pu=sz%40320_1001%2Cta%40iphone_2_5.0_3_537%2Cusm%401/baiduid=63A3346FC928A03FE546E7FC530F4D9C/w=0_10_/t=iphone/l=1/tc?lid=10687942014033828209&amp;ref=www_iphone&amp;w_qd=IlPT2AEptyoA_yk66AsbrQRzyw4IRaS54hmQM_&amp;order=6&amp;src=https%3A%2F%2Fm.baidu.com%2Fs%3Fword%3Dgoogle%26ssid%3D0%26from%3D844b%26bd_page_type%3D1%26uid%3D0%26pu%3Dsz%2540320_1001%252Cta%2540iphone_2_5.0_3_537%252Cusm%25401%26baiduid%3D63A3346FC928A03FE546E7FC530F4D9C%26rqid%3D10687942014033828209%26sa%3Dre_dl_cr_9">google</a><a class="c-gap-right" href="http://m.baidu.com/from=844b/ssid=0/uid=0/bd_page_type=1/pu=sz%40320_1001%2Cta%40iphone_2_5.0_3_537%2Cusm%401/baiduid=63A3346FC928A03FE546E7FC530F4D9C/w=0_10_/t=iphone/l=1/tc?lid=10687942014033828209&amp;ref=www_iphone&amp;w_qd=IlPT2AEptyoA_yk66AsbrQRzyw4IRaS54hmQM_&amp;order=6&amp;src=https%3A%2F%2Fm.baidu.com%2Fs%3Fword%3Dmacaca%26ssid%3D0%26from%3D844b%26bd_page_type%3D1%26uid%3D0%26pu%3Dsz%2540320_1001%252Cta%2540iphone_2_5.0_3_537%252Cusm%25401%26baiduid%3D63A3346FC928A03FE546E7FC530F4D9C%26rqid%3D10687942014033828209%26sa%3Dre_dl_cr_9">macaca</a><a class="c-gap-right" href="http://m.baidu.com/from=844b/ssid=0/uid=0/bd_page_type=1/pu=sz%40320_1001%2Cta%40iphone_2_5.0_3_537%2Cusm%401/baiduid=63A3346FC928A03FE546E7FC530F4D9C/w=0_10_/t=iphone/l=1/tc?lid=10687942014033828209&amp;ref=www_iphone&amp;w_qd=IlPT2AEptyoA_yk66AsbrQRzyw4IRaS54hmQM_&amp;order=6&amp;src=https%3A%2F%2Fm.baidu.com%2Fs%3Fword%3Dtesterhome%26ssid%3D0%26from%3D844b%26bd_page_type%3D1%26uid%3D0%26pu%3Dsz%2540320_1001%252Cta%2540iphone_2_5.0_3_537%252Cusm%25401%26baiduid%3D63A3346FC928A03FE546E7FC530F4D9C%26rqid%3D10687942014033828209%26sa%3Dre_dl_cr_9">testerhome</a><a class="c-gap-right" href="http://m.baidu.com/from=844b/ssid=0/uid=0/bd_page_type=1/pu=sz%40320_1001%2Cta%40iphone_2_5.0_3_537%2Cusm%401/baiduid=63A3346FC928A03FE546E7FC530F4D9C/w=0_10_/t=iphone/l=1/tc?lid=10687942014033828209&amp;ref=www_iphone&amp;w_qd=IlPT2AEptyoA_yk66AsbrQRzyw4IRaS54hmQM_&amp;order=6&amp;src=https%3A%2F%2Fm.baidu.com%2Fs%3Fword%3D%25E5%25A4%25A7%25E6%2595%25B0%25E6%258D%25AEdocker%26ssid%3D0%26from%3D844b%26bd_page_type%3D1%26uid%3D0%26pu%3Dsz%2540320_1001%252Cta%2540iphone_2_5.0_3_537%252Cusm%25401%26baiduid%3D63A3346FC928A03FE546E7FC530F4D9C%26rqid%3D10687942014033828209%26sa%3Dre_dl_cr_9">大数据docker</a><a class="c-gap-right" href="http://m.baidu.com/from=844b/ssid=0/uid=0/bd_page_type=1/pu=sz%40320_1001%2Cta%40iphone_2_5.0_3_537%2Cusm%401/baiduid=63A3346FC928A03FE546E7FC530F4D9C/w=0_10_/t=iphone/l=1/tc?lid=10687942014033828209&amp;ref=www_iphone&amp;w_qd=IlPT2AEptyoA_yk66AsbrQRzyw4IRaS54hmQM_&amp;order=6&amp;src=https%3A%2F%2Fm.baidu.com%2Fs%3Fword%3D%25E6%25B5%258F%25E8%25A7%2588%25E5%2599%25A8%25E5%25B7%25A5%25E4%25BD%259C%25E5%258E%259F%25E7%2590%2586%26ssid%3D0%26from%3D844b%26bd_page_type%3D1%26uid%3D0%26pu%3Dsz%2540320_1001%252Cta%2540iphone_2_5.0_3_537%252Cusm%25401%26baiduid%3D63A3346FC928A03FE546E7FC530F4D9C%26rqid%3D10687942014033828209%26sa%3Dre_dl_cr_9">浏览器工作原理</a></div></div></div><div class="result c-result c-clk-recommend" srcid="www_normal" new_srcid="1599" order="7" tpl="www_normal" data-log="{'fm':'','ensrcid':'www_normal','order':'7','mu':'http://m.zhihu.com/question/35372532'}" data-ecom-log-info="w_7_"><div class="c-container"><a href="http://m.baidu.com/from=844b/bd_page_type=1/ssid=0/uid=0/pu=sz%40320_1001%2Cta%40iphone_2_5.0_3_537%2Cusm%401/baiduid=63A3346FC928A03FE546E7FC530F4D9C/w=0_10_/t=iphone/l=1/tc?ref=www_iphone&amp;lid=10687942014033828209&amp;order=7&amp;fm=alop&amp;waplogo=1&amp;tj=www_normal_7_0_10_title&amp;vit=osres&amp;waput=2&amp;cltj=normal_title&amp;asres=1&amp;title=%E5%A4%A7%E5%AE%B6%E6%80%8E%E4%B9%88%E7%9C%8B%E5%BE%85testerhome.com%E8%BF%99%E4%B8%AA%E7%BD%91%E7%AB%99%3F-%E7%9F%A5%E4%B9%8E&amp;dict=-1&amp;w_qd=IlPT2AEptyoA_yk66AsbrQRzyw4IRaS54hmQM_&amp;sec=22034&amp;di=410d6b48db9a0dea&amp;bdenc=1&amp;nsrc=IlPT2AEptyoA_yixCFOxXnANedT62v3IGti0LSVQB8SxokDyqRLuFNFtVjb5LjrIBZKgdzXQtBwD" class="c-blocka"><h3 class="c-title c-gap-top-small">大家怎么看待<em>testerhome</em>.com这个网站? - 知乎</h3></a><div class="c-row c-abstract c-gap-top-small"><div class="c-span12"><a href="http://m.baidu.com/from=844b/bd_page_type=1/ssid=0/uid=0/pu=sz%40320_1001%2Cta%40iphone_2_5.0_3_537%2Cusm%401/baiduid=63A3346FC928A03FE546E7FC530F4D9C/w=0_10_/t=iphone/l=1/tc?ref=www_iphone&amp;lid=10687942014033828209&amp;order=7&amp;fm=alop&amp;waplogo=1&amp;tj=www_normal_7_0_10_title&amp;vit=osres&amp;waput=2&amp;cltj=normal_title&amp;asres=1&amp;title=%E5%A4%A7%E5%AE%B6%E6%80%8E%E4%B9%88%E7%9C%8B%E5%BE%85testerhome.com%E8%BF%99%E4%B8%AA%E7%BD%91%E7%AB%99%3F-%E7%9F%A5%E4%B9%8E&amp;dict=-1&amp;w_qd=IlPT2AEptyoA_yk66AsbrQRzyw4IRaS54hmQM_&amp;sec=22034&amp;di=410d6b48db9a0dea&amp;bdenc=1&amp;nsrc=IlPT2AEptyoA_yixCFOxXnANedT62v3IGti0LSVQB8SxokDyqRLuFNFtVjb5LjrIBZKgdzXQtBwD" class="c-blocka"><p class="c-line-clamp3 c-color"><span class="c-gray c-gap-right-small">2017年4月28日 - </span>2年前,作为新人,注册了<em>testerhome</em>账号,在里面学习测试相关的知识,慢慢的对移动互联网测试有了一个整体的认识...</p></a><div class="c-showurl c-line-clamp1"><span class="c-showurl">m.zhihu.com</span><span class="c-showurl"> › question</span></div></div></div></div><div class="c-container c-recomm-wrap" style="display: none;"><div class="c-recomm-cnt c-gray"><span class="c-gap-right"><i class="c-icon"></i>大家还搜：</span><a class="c-gap-right" href="http://m.baidu.com/from=844b/ssid=0/uid=0/bd_page_type=1/pu=sz%40320_1001%2Cta%40iphone_2_5.0_3_537%2Cusm%401/baiduid=63A3346FC928A03FE546E7FC530F4D9C/w=0_10_/t=iphone/l=1/tc?lid=10687942014033828209&amp;ref=www_iphone&amp;w_qd=IlPT2AEptyoA_yk66AsbrQRzyw4IRaS54hmQM_&amp;order=7&amp;src=https%3A%2F%2Fm.baidu.com%2Fs%3Fword%3Dselenium%26ssid%3D0%26from%3D844b%26bd_page_type%3D1%26uid%3D0%26pu%3Dsz%2540320_1001%252Cta%2540iphone_2_5.0_3_537%252Cusm%25401%26baiduid%3D63A3346FC928A03FE546E7FC530F4D9C%26rqid%3D10687942014033828209%26sa%3Dre_dl_cr_9">selenium</a><a class="c-gap-right" href="http://m.baidu.com/from=844b/ssid=0/uid=0/bd_page_type=1/pu=sz%40320_1001%2Cta%40iphone_2_5.0_3_537%2Cusm%401/baiduid=63A3346FC928A03FE546E7FC530F4D9C/w=0_10_/t=iphone/l=1/tc?lid=10687942014033828209&amp;ref=www_iphone&amp;w_qd=IlPT2AEptyoA_yk66AsbrQRzyw4IRaS54hmQM_&amp;order=7&amp;src=https%3A%2F%2Fm.baidu.com%2Fs%3Fword%3D51testing%26ssid%3D0%26from%3D844b%26bd_page_type%3D1%26uid%3D0%26pu%3Dsz%2540320_1001%252Cta%2540iphone_2_5.0_3_537%252Cusm%25401%26baiduid%3D63A3346FC928A03FE546E7FC530F4D9C%26rqid%3D10687942014033828209%26sa%3Dre_dl_cr_9">51testing</a><a class="c-gap-right" href="http://m.baidu.com/from=844b/ssid=0/uid=0/bd_page_type=1/pu=sz%40320_1001%2Cta%40iphone_2_5.0_3_537%2Cusm%401/baiduid=63A3346FC928A03FE546E7FC530F4D9C/w=0_10_/t=iphone/l=1/tc?lid=10687942014033828209&amp;ref=www_iphone&amp;w_qd=IlPT2AEptyoA_yk66AsbrQRzyw4IRaS54hmQM_&amp;order=7&amp;src=https%3A%2F%2Fm.baidu.com%2Fs%3Fword%3Ddocker%26ssid%3D0%26from%3D844b%26bd_page_type%3D1%26uid%3D0%26pu%3Dsz%2540320_1001%252Cta%2540iphone_2_5.0_3_537%252Cusm%25401%26baiduid%3D63A3346FC928A03FE546E7FC530F4D9C%26rqid%3D10687942014033828209%26sa%3Dre_dl_cr_9">docker</a></div></div></div><div class="result c-result c-clk-recommend" srcid="www_normal" new_srcid="1599" order="8" tpl="www_normal" data-log="{'fm':'','ensrcid':'www_normal','order':'8','mu':'http://testerhome.com/topics/1045'}" data-ecom-log-info="w_8_"><div class="c-container"><a href="http://m.baidu.com/from=844b/bd_page_type=1/ssid=0/uid=0/pu=sz%40320_1001%2Cta%40iphone_2_5.0_3_537%2Cusm%401/baiduid=63A3346FC928A03FE546E7FC530F4D9C/w=0_10_/t=iphone/l=1/tc?ref=www_iphone&amp;lid=10687942014033828209&amp;order=8&amp;fm=alop&amp;waplogo=1&amp;tj=www_normal_8_0_10_title&amp;vit=osres&amp;waput=3&amp;cltj=normal_title&amp;asres=1&amp;title=Appium%E7%AE%80%E6%98%8E%E6%95%99%E7%A8%8B%28%E6%8C%81%E7%BB%AD%E6%9B%B4%E6%96%B0%29%C2%B7TesterHome&amp;dict=-1&amp;w_qd=IlPT2AEptyoA_yk66AsbrQRzyw4IRaS54hmQM_&amp;sec=22034&amp;di=b69dc00b7f1499e3&amp;bdenc=1&amp;nsrc=IlPT2AEptyoA_yixCFOxXnANedT62v3IEh3CQSlG_jWzmI39h47aUbBuXS47M7jTUS3cdDLL" class="c-blocka"><h3 class="c-title c-gap-top-small">Appium 简明教程 (持续更新) · <em>TesterHome</em></h3></a><div class="c-row c-abstract c-gap-top-small"><div class="c-span12"><a href="http://m.baidu.com/from=844b/bd_page_type=1/ssid=0/uid=0/pu=sz%40320_1001%2Cta%40iphone_2_5.0_3_537%2Cusm%401/baiduid=63A3346FC928A03FE546E7FC530F4D9C/w=0_10_/t=iphone/l=1/tc?ref=www_iphone&amp;lid=10687942014033828209&amp;order=8&amp;fm=alop&amp;waplogo=1&amp;tj=www_normal_8_0_10_title&amp;vit=osres&amp;waput=3&amp;cltj=normal_title&amp;asres=1&amp;title=Appium%E7%AE%80%E6%98%8E%E6%95%99%E7%A8%8B%28%E6%8C%81%E7%BB%AD%E6%9B%B4%E6%96%B0%29%C2%B7TesterHome&amp;dict=-1&amp;w_qd=IlPT2AEptyoA_yk66AsbrQRzyw4IRaS54hmQM_&amp;sec=22034&amp;di=b69dc00b7f1499e3&amp;bdenc=1&amp;nsrc=IlPT2AEptyoA_yixCFOxXnANedT62v3IEh3CQSlG_jWzmI39h47aUbBuXS47M7jTUS3cdDLL" class="c-blocka"><p class="c-line-clamp3 c-color"><span class="c-gray c-gap-right-small">2014年6月23日 - </span>应该是第一套<em>中文</em>的appium从入门到精通的系列教程 ...@easonhan007 能放到 <em>testerhome</em> 里面来不,这样回帖...</p></a><div class="c-showurl c-line-clamp1"><span class="c-showurl">testerhome.com</span><span class="c-showurl"> › topics</span></div></div></div></div><div class="c-container c-recomm-wrap" style="display: none;"><div class="c-recomm-cnt c-gray"><span class="c-gap-right"><i class="c-icon"></i>大家还搜：</span><a class="c-gap-right" href="http://m.baidu.com/from=844b/ssid=0/uid=0/bd_page_type=1/pu=sz%40320_1001%2Cta%40iphone_2_5.0_3_537%2Cusm%401/baiduid=63A3346FC928A03FE546E7FC530F4D9C/w=0_10_/t=iphone/l=1/tc?lid=10687942014033828209&amp;ref=www_iphone&amp;w_qd=IlPT2AEptyoA_yk66AsbrQRzyw4IRaS54hmQM_&amp;order=8&amp;src=https%3A%2F%2Fm.baidu.com%2Fs%3Fword%3Dappium%25E6%2595%2599%25E7%25A8%258B%26ssid%3D0%26from%3D844b%26bd_page_type%3D1%26uid%3D0%26pu%3Dsz%2540320_1001%252Cta%2540iphone_2_5.0_3_537%252Cusm%25401%26baiduid%3D63A3346FC928A03FE546E7FC530F4D9C%26rqid%3D10687942014033828209%26sa%3Dre_dl_cr_11">appium教程</a><a class="c-gap-right" href="http://m.baidu.com/from=844b/ssid=0/uid=0/bd_page_type=1/pu=sz%40320_1001%2Cta%40iphone_2_5.0_3_537%2Cusm%401/baiduid=63A3346FC928A03FE546E7FC530F4D9C/w=0_10_/t=iphone/l=1/tc?lid=10687942014033828209&amp;ref=www_iphone&amp;w_qd=IlPT2AEptyoA_yk66AsbrQRzyw4IRaS54hmQM_&amp;order=8&amp;src=https%3A%2F%2Fm.baidu.com%2Fs%3Fword%3Dappium%2520github%26ssid%3D0%26from%3D844b%26bd_page_type%3D1%26uid%3D0%26pu%3Dsz%2540320_1001%252Cta%2540iphone_2_5.0_3_537%252Cusm%25401%26baiduid%3D63A3346FC928A03FE546E7FC530F4D9C%26rqid%3D10687942014033828209%26sa%3Dre_dl_cr_11">appium github</a><a class="c-gap-right" href="http://m.baidu.com/from=844b/ssid=0/uid=0/bd_page_type=1/pu=sz%40320_1001%2Cta%40iphone_2_5.0_3_537%2Cusm%401/baiduid=63A3346FC928A03FE546E7FC530F4D9C/w=0_10_/t=iphone/l=1/tc?lid=10687942014033828209&amp;ref=www_iphone&amp;w_qd=IlPT2AEptyoA_yk66AsbrQRzyw4IRaS54hmQM_&amp;order=8&amp;src=https%3A%2F%2Fm.baidu.com%2Fs%3Fword%3Dappium%2520api%26ssid%3D0%26from%3D844b%26bd_page_type%3D1%26uid%3D0%26pu%3Dsz%2540320_1001%252Cta%2540iphone_2_5.0_3_537%252Cusm%25401%26baiduid%3D63A3346FC928A03FE546E7FC530F4D9C%26rqid%3D10687942014033828209%26sa%3Dre_dl_cr_11">appium api</a><a class="c-gap-right" href="http://m.baidu.com/from=844b/ssid=0/uid=0/bd_page_type=1/pu=sz%40320_1001%2Cta%40iphone_2_5.0_3_537%2Cusm%401/baiduid=63A3346FC928A03FE546E7FC530F4D9C/w=0_10_/t=iphone/l=1/tc?lid=10687942014033828209&amp;ref=www_iphone&amp;w_qd=IlPT2AEptyoA_yk66AsbrQRzyw4IRaS54hmQM_&amp;order=8&amp;src=https%3A%2F%2Fm.baidu.com%2Fs%3Fword%3Dappium%2520api%2520java%26ssid%3D0%26from%3D844b%26bd_page_type%3D1%26uid%3D0%26pu%3Dsz%2540320_1001%252Cta%2540iphone_2_5.0_3_537%252Cusm%25401%26baiduid%3D63A3346FC928A03FE546E7FC530F4D9C%26rqid%3D10687942014033828209%26sa%3Dre_dl_cr_11">appium api java</a><a class="c-gap-right" href="http://m.baidu.com/from=844b/ssid=0/uid=0/bd_page_type=1/pu=sz%40320_1001%2Cta%40iphone_2_5.0_3_537%2Cusm%401/baiduid=63A3346FC928A03FE546E7FC530F4D9C/w=0_10_/t=iphone/l=1/tc?lid=10687942014033828209&amp;ref=www_iphone&amp;w_qd=IlPT2AEptyoA_yk66AsbrQRzyw4IRaS54hmQM_&amp;order=8&amp;src=https%3A%2F%2Fm.baidu.com%2Fs%3Fword%3Dappium%2520%25E7%25AE%2580%25E4%25BB%258B%26ssid%3D0%26from%3D844b%26bd_page_type%3D1%26uid%3D0%26pu%3Dsz%2540320_1001%252Cta%2540iphone_2_5.0_3_537%252Cusm%25401%26baiduid%3D63A3346FC928A03FE546E7FC530F4D9C%26rqid%3D10687942014033828209%26sa%3Dre_dl_cr_11">appium 简介</a><a class="c-gap-right" href="http://m.baidu.com/from=844b/ssid=0/uid=0/bd_page_type=1/pu=sz%40320_1001%2Cta%40iphone_2_5.0_3_537%2Cusm%401/baiduid=63A3346FC928A03FE546E7FC530F4D9C/w=0_10_/t=iphone/l=1/tc?lid=10687942014033828209&amp;ref=www_iphone&amp;w_qd=IlPT2AEptyoA_yk66AsbrQRzyw4IRaS54hmQM_&amp;order=8&amp;src=https%3A%2F%2Fm.baidu.com%2Fs%3Fword%3Dselenium%2520api%26ssid%3D0%26from%3D844b%26bd_page_type%3D1%26uid%3D0%26pu%3Dsz%2540320_1001%252Cta%2540iphone_2_5.0_3_537%252Cusm%25401%26baiduid%3D63A3346FC928A03FE546E7FC530F4D9C%26rqid%3D10687942014033828209%26sa%3Dre_dl_cr_11">selenium api</a></div></div></div><div class="result c-result c-clk-recommend" srcid="www_normal" new_srcid="1599" order="9" tpl="www_normal" data-log="{'fm':'','ensrcid':'www_normal','order':'9','mu':'http://testerhome.com/topics/3144'}" data-ecom-log-info="w_9_"><div class="c-container"><a href="http://m.baidu.com/from=844b/bd_page_type=1/ssid=0/uid=0/pu=sz%40320_1001%2Cta%40iphone_2_5.0_3_537%2Cusm%401/baiduid=63A3346FC928A03FE546E7FC530F4D9C/w=0_10_/t=iphone/l=1/tc?ref=www_iphone&amp;lid=10687942014033828209&amp;order=9&amp;fm=alop&amp;waplogo=1&amp;tj=www_normal_9_0_10_title&amp;vit=osres&amp;waput=3&amp;cltj=normal_title&amp;asres=1&amp;title=%E4%B8%AD%E6%96%87AppiumAPI%E6%96%87%E6%A1%A3%C2%B7TesterHome&amp;dict=-1&amp;w_qd=IlPT2AEptyoA_yk66AsbrQRzyw4IRaS54hmQM_&amp;sec=22034&amp;di=8770d2c02be810b9&amp;bdenc=1&amp;nsrc=IlPT2AEptyoA_yixCFOxXnANedT62v3IEh3CQSlG_jWzmI39h47aUbBuXS47M7jTUS3adTLK" class="c-blocka"><h3 class="c-title c-gap-top-small"><em>中文</em>Appium API 文档 · <em>TesterHome</em></h3></a><div class="c-row c-abstract c-gap-top-small"><div class="c-span12"><a href="http://m.baidu.com/from=844b/bd_page_type=1/ssid=0/uid=0/pu=sz%40320_1001%2Cta%40iphone_2_5.0_3_537%2Cusm%401/baiduid=63A3346FC928A03FE546E7FC530F4D9C/w=0_10_/t=iphone/l=1/tc?ref=www_iphone&amp;lid=10687942014033828209&amp;order=9&amp;fm=alop&amp;waplogo=1&amp;tj=www_normal_9_0_10_title&amp;vit=osres&amp;waput=3&amp;cltj=normal_title&amp;asres=1&amp;title=%E4%B8%AD%E6%96%87AppiumAPI%E6%96%87%E6%A1%A3%C2%B7TesterHome&amp;dict=-1&amp;w_qd=IlPT2AEptyoA_yk66AsbrQRzyw4IRaS54hmQM_&amp;sec=22034&amp;di=8770d2c02be810b9&amp;bdenc=1&amp;nsrc=IlPT2AEptyoA_yixCFOxXnANedT62v3IEh3CQSlG_jWzmI39h47aUbBuXS47M7jTUS3adTLK" class="c-blocka"><p class="c-line-clamp3 c-color"><span class="c-gray c-gap-right-small">2017年4月28日 - </span><em>TesterHome</em>软件测试社区,人气最旺的软件测试技术门户,提供软件测试社区交流,测试沙龙。</p></a><div class="c-showurl c-line-clamp1"><span class="c-showurl">testerhome.com</span><span class="c-showurl"> › topics</span></div></div></div></div><div class="c-container c-recomm-wrap" style="display: none;"><div class="c-recomm-cnt c-gray"><span class="c-gap-right"><i class="c-icon"></i>大家还搜：</span><a class="c-gap-right" href="http://m.baidu.com/from=844b/ssid=0/uid=0/bd_page_type=1/pu=sz%40320_1001%2Cta%40iphone_2_5.0_3_537%2Cusm%401/baiduid=63A3346FC928A03FE546E7FC530F4D9C/w=0_10_/t=iphone/l=1/tc?lid=10687942014033828209&amp;ref=www_iphone&amp;w_qd=IlPT2AEptyoA_yk66AsbrQRzyw4IRaS54hmQM_&amp;order=9&amp;src=https%3A%2F%2Fm.baidu.com%2Fs%3Fword%3Dselendroid%26ssid%3D0%26from%3D844b%26bd_page_type%3D1%26uid%3D0%26pu%3Dsz%2540320_1001%252Cta%2540iphone_2_5.0_3_537%252Cusm%25401%26baiduid%3D63A3346FC928A03FE546E7FC530F4D9C%26rqid%3D10687942014033828209%26sa%3Dre_dl_cr_9">selendroid</a><a class="c-gap-right" href="http://m.baidu.com/from=844b/ssid=0/uid=0/bd_page_type=1/pu=sz%40320_1001%2Cta%40iphone_2_5.0_3_537%2Cusm%401/baiduid=63A3346FC928A03FE546E7FC530F4D9C/w=0_10_/t=iphone/l=1/tc?lid=10687942014033828209&amp;ref=www_iphone&amp;w_qd=IlPT2AEptyoA_yk66AsbrQRzyw4IRaS54hmQM_&amp;order=9&amp;src=https%3A%2F%2Fm.baidu.com%2Fs%3Fword%3Dappium%2520api%26ssid%3D0%26from%3D844b%26bd_page_type%3D1%26uid%3D0%26pu%3Dsz%2540320_1001%252Cta%2540iphone_2_5.0_3_537%252Cusm%25401%26baiduid%3D63A3346FC928A03FE546E7FC530F4D9C%26rqid%3D10687942014033828209%26sa%3Dre_dl_cr_9">appium api</a><a class="c-gap-right" href="http://m.baidu.com/from=844b/ssid=0/uid=0/bd_page_type=1/pu=sz%40320_1001%2Cta%40iphone_2_5.0_3_537%2Cusm%401/baiduid=63A3346FC928A03FE546E7FC530F4D9C/w=0_10_/t=iphone/l=1/tc?lid=10687942014033828209&amp;ref=www_iphone&amp;w_qd=IlPT2AEptyoA_yk66AsbrQRzyw4IRaS54hmQM_&amp;order=9&amp;src=https%3A%2F%2Fm.baidu.com%2Fs%3Fword%3Dappium%2520java%25E6%2595%2599%25E7%25A8%258B%26ssid%3D0%26from%3D844b%26bd_page_type%3D1%26uid%3D0%26pu%3Dsz%2540320_1001%252Cta%2540iphone_2_5.0_3_537%252Cusm%25401%26baiduid%3D63A3346FC928A03FE546E7FC530F4D9C%26rqid%3D10687942014033828209%26sa%3Dre_dl_cr_9">appium java教程</a><a class="c-gap-right" href="http://m.baidu.com/from=844b/ssid=0/uid=0/bd_page_type=1/pu=sz%40320_1001%2Cta%40iphone_2_5.0_3_537%2Cusm%401/baiduid=63A3346FC928A03FE546E7FC530F4D9C/w=0_10_/t=iphone/l=1/tc?lid=10687942014033828209&amp;ref=www_iphone&amp;w_qd=IlPT2AEptyoA_yk66AsbrQRzyw4IRaS54hmQM_&amp;order=9&amp;src=https%3A%2F%2Fm.baidu.com%2Fs%3Fword%3Dappium%2520c%2523%26ssid%3D0%26from%3D844b%26bd_page_type%3D1%26uid%3D0%26pu%3Dsz%2540320_1001%252Cta%2540iphone_2_5.0_3_537%252Cusm%25401%26baiduid%3D63A3346FC928A03FE546E7FC530F4D9C%26rqid%3D10687942014033828209%26sa%3Dre_dl_cr_9">appium c#</a><a class="c-gap-right" href="http://m.baidu.com/from=844b/ssid=0/uid=0/bd_page_type=1/pu=sz%40320_1001%2Cta%40iphone_2_5.0_3_537%2Cusm%401/baiduid=63A3346FC928A03FE546E7FC530F4D9C/w=0_10_/t=iphone/l=1/tc?lid=10687942014033828209&amp;ref=www_iphone&amp;w_qd=IlPT2AEptyoA_yk66AsbrQRzyw4IRaS54hmQM_&amp;order=9&amp;src=https%3A%2F%2Fm.baidu.com%2Fs%3Fword%3Dappium%2520xpath%2520%25E8%25AF%25AD%25E6%25B3%2595%26ssid%3D0%26from%3D844b%26bd_page_type%3D1%26uid%3D0%26pu%3Dsz%2540320_1001%252Cta%2540iphone_2_5.0_3_537%252Cusm%25401%26baiduid%3D63A3346FC928A03FE546E7FC530F4D9C%26rqid%3D10687942014033828209%26sa%3Dre_dl_cr_9">appium xpath 语法</a><a class="c-gap-right" href="http://m.baidu.com/from=844b/ssid=0/uid=0/bd_page_type=1/pu=sz%40320_1001%2Cta%40iphone_2_5.0_3_537%2Cusm%401/baiduid=63A3346FC928A03FE546E7FC530F4D9C/w=0_10_/t=iphone/l=1/tc?lid=10687942014033828209&amp;ref=www_iphone&amp;w_qd=IlPT2AEptyoA_yk66AsbrQRzyw4IRaS54hmQM_&amp;order=9&amp;src=https%3A%2F%2Fm.baidu.com%2Fs%3Fword%3Dappium%25E6%2596%25B9%25E6%25B3%2595%26ssid%3D0%26from%3D844b%26bd_page_type%3D1%26uid%3D0%26pu%3Dsz%2540320_1001%252Cta%2540iphone_2_5.0_3_537%252Cusm%25401%26baiduid%3D63A3346FC928A03FE546E7FC530F4D9C%26rqid%3D10687942014033828209%26sa%3Dre_dl_cr_9">appium方法</a></div></div></div><div class="result c-result c-clk-recommend" srcid="www_normal" new_srcid="1599" order="10" tpl="www_normal" data-log="{'fm':'','ensrcid':'www_normal','order':'10','mu':'http://www.360doc.cn/mip/445909850.html'}" data-ecom-log-info="w_10_"><div class="c-container"><a href="http://m.baidu.com/from=844b/bd_page_type=1/ssid=0/uid=0/pu=sz%40320_1001%2Cta%40iphone_2_5.0_3_537%2Cusm%401/baiduid=63A3346FC928A03FE546E7FC530F4D9C/w=0_10_/t=iphone/l=1/tc?ref=www_iphone&amp;lid=10687942014033828209&amp;order=10&amp;fm=alop&amp;dict=20&amp;tj=www_normal_10_0_10_l1&amp;w_qd=IlPT2AEptyoA_yk66AsbrQRzyw4IRaS54hmQM_&amp;sec=22034&amp;di=0fb5581ee0d75c50&amp;bdenc=1&amp;nsrc=IlPT2AEptyoA_yixCFOxCGZb8c3JV3T5ABfPNy6R2iv5nk_qva02EtAfEVXcL7mSZpLRgYPKx_s2tUXP3lEkzBlBu_RjxmdRfyias_mqysbTSA1PeN9r0xOVLHJhorbakbwd9QoeBwlkKX-dz4Lkwtg_dxaT6g-9nNaDhyDkb_HMDVTiYWfVzZuBMYhcZ8bxGOzHtRLigS9uGyzvB2PgU6KRnXRUQyhv70bqbuFZCuCYrUpzHta7DvF317mYIi510KPr3NfvwRzJ2-BYoiY53XAAijn-gNWZJEtBWhz4maF8F4WJExurJJy1GgtZuN4SW_soL_PJm46-PjEqxldjVTwCFuK9QTWTCptGDOT-uKikOE-jo7TtM0GjkDZfH4HJTd9ZOu6XH8kEvGiAid4ZwZ7xLAC1uwUANtA738mv7Z1M9Zxb_JLqwZKVzIBVujLQ36mc1WGVRh05Pn-gp2TJNsDINwHZCnVMnXymfkTjqZeEYPuIE4A3woBrlkYNNJ7lv_vgJSPlLM4tzdlH-hG1ufyyjD8mo9vmkprKF3PXBalq2UJUvxQs2palfmnq8U5xXw_Lz7H4DHS6mZcgiuTkvJ2Ehh9sF0ZdHu03NMC" data-sf-href="/sf?word=%E4%B8%AD%E6%96%87%2BTesterHome&amp;mod=0&amp;tn=normal&amp;pd=mms_mip&amp;actname=act_sf_mip&amp;title=360doc%E4%B8%AA%E4%BA%BA%E5%9B%BE%E4%B9%A6%E9%A6%86&amp;top=%7B%22sfhs%22%3A4%7D&amp;ext=%7B%22lid%22%3A%2210687942014033828209%22%2C%22url%22%3A%22%252F%252Fmipcache.bdstatic.com%252Fc%252Fwww.360doc.cn%252Fmip%252F445909850.html%22%7D&amp;lid=10687942014033828209&amp;ms=1&amp;frsrcid=1599&amp;frorder=10" data-log="{&quot;c&quot;:&quot;1&quot;,&quot;m&quot;:&quot;1&quot;,&quot;e&quot;:&quot;IlPT2AEptyoA_yixCFOxUWx8qBHE0409Vh_ONmBX0HWzpF8srqSqSQYzCmKf0n3CHkm&quot;}" class="WA_LOG_SF c-blocka" data-sf-options="{&quot;0&quot;:&quot;&quot;,&quot;view&quot;:{&quot;_hold&quot;:2},&quot;mipCustomHash&quot;:&quot;%23word%3D%25E4%25B8%25AD%25E6%2596%2587%252BTesterHome%26lid%3D10687942014033828209%26srcid%3Dwww_normal&quot;,&quot;encUrl&quot;:&quot;IlPT2AEptyoA_yixCFOxCHd8gAfOQa_jJRqY_yxUASqviUS9xP4kHRddHSTcRzXJVZXxu7HEgc1ObS8bAGIi8Bl0t_Rls8N8nyC-&quot;}"><h3 class="c-title c-gap-top-small"><em>TesterHome</em> | 如何做好移动互联网应用测试 ? 社区</h3></a><div class="c-row c-abstract c-gap-top-small"><div class="c-span12"><a href="http://m.baidu.com/from=844b/bd_page_type=1/ssid=0/uid=0/pu=sz%40320_1001%2Cta%40iphone_2_5.0_3_537%2Cusm%401/baiduid=63A3346FC928A03FE546E7FC530F4D9C/w=0_10_/t=iphone/l=1/tc?ref=www_iphone&amp;lid=10687942014033828209&amp;order=10&amp;fm=alop&amp;dict=20&amp;tj=www_normal_10_0_10_l2&amp;w_qd=IlPT2AEptyoA_yk66AsbrQRzyw4IRaS54hmQM_&amp;sec=22034&amp;di=0fb5581ee0d75c50&amp;bdenc=1&amp;nsrc=IlPT2AEptyoA_yixCFOxCGZb8c3JV3T5ABfPNy6R2iv5nk_qva02EtAfEVXcL7mSZpLRgYPKx_s2tUXP3lEkzBlBu_RjxmdRfyias_mqysbTSA1PeN9r0xOVLHJhorbakbwd9QoeBwlkKX-dz4Lkwtg_dxaT6g-9nNaDhyDkb_HMDVTiYWfVzZuBMYhcZ8bxGOzHtRLigS9uGyzvB2PgU6KRnXRUQyhv70bqbuFZCuCYrUpzHta7DvF317mYIi510KPr3NfvwRzJ2-BYoiY53XAAijn-gNWZJEtBWhz4maF8F4WJExurJJy1GgtZuN4SW_soL_PJm46-PjEqxldjVTwCFuK9QTWTCptGDOT-uKikOE-jo7TtM0GjkDZfH4HJTd9ZOu6XH8kEvGiAid4ZwZ7xLAC1uwUANtA738mv7Z1M9Zxb_JLqwZKVzIBVujLQ36mc1WGVRh05Pn-gp2TJNsDINwHZCnVMnXymfkTjqZeEYPuIE4A3woBrlkYNNJ7lv_vgJSPlLM4tzdlH-hG1ufyyjD8mo9vmkprKF3PXBalq2UJUvxQs2palfmnq8U5xXw_Lz7H4DHS6mZcgiuTkvJ2Ehh9sF0ZdHu03NMC" data-sf-href="/sf?word=%E4%B8%AD%E6%96%87%2BTesterHome&amp;mod=0&amp;tn=normal&amp;pd=mms_mip&amp;actname=act_sf_mip&amp;title=360doc%E4%B8%AA%E4%BA%BA%E5%9B%BE%E4%B9%A6%E9%A6%86&amp;top=%7B%22sfhs%22%3A4%7D&amp;ext=%7B%22lid%22%3A%2210687942014033828209%22%2C%22url%22%3A%22%252F%252Fmipcache.bdstatic.com%252Fc%252Fwww.360doc.cn%252Fmip%252F445909850.html%22%7D&amp;lid=10687942014033828209&amp;ms=1&amp;frsrcid=1599&amp;frorder=10" data-log="{&quot;c&quot;:&quot;1&quot;,&quot;m&quot;:&quot;1&quot;,&quot;e&quot;:&quot;IlPT2AEptyoA_yixCFOxUWx8qBHE0409Vh_ONmBX0HWzpF8srqSqSQYzCmKf0n3CHkm&quot;}" class="WA_LOG_SF c-blocka" data-sf-options="{&quot;0&quot;:&quot;&quot;,&quot;view&quot;:{&quot;_hold&quot;:2},&quot;mipCustomHash&quot;:&quot;%23word%3D%25E4%25B8%25AD%25E6%2596%2587%252BTesterHome%26lid%3D10687942014033828209%26srcid%3Dwww_normal&quot;,&quot;encUrl&quot;:&quot;IlPT2AEptyoA_yixCFOxCHd8gAfOQa_jJRqY_yxUASqviUS9xP4kHRddHSTcRzXJVZXxu7HEgc1ObS8bAGIi8Bl0t_Rls8N8nyC-&quot;}"><p class="c-line-clamp3 c-color"><span class="c-gray c-gap-right-small">2015年2月3日 - </span>之前我写过一篇吐槽文章——《面试要求真的不高》,见链接:http://<em>testerhome</em>.com/topics/1486。今天的...</p></a><div class="c-showurl c-line-clamp1"><span class="c-showurl">www.360doc.cn</span><span class="c-showurl"> › mip</span><span class="c-foot-mipicon-wrap c-gap-left"><a href="http://m.baidu.com/from=844b/bd_page_type=1/ssid=0/uid=0/pu=sz%40320_1001%2Cta%40iphone_2_5.0_3_537%2Cusm%401/baiduid=63A3346FC928A03FE546E7FC530F4D9C/w=0_10_/t=iphone/l=1/tc?ref=www_iphone&amp;lid=10687942014033828209&amp;order=10&amp;fm=alop&amp;dict=20&amp;tj=www_normal_10_0_10_l3&amp;w_qd=IlPT2AEptyoA_yk66AsbrQRzyw4IRaS54hmQM_&amp;sec=22034&amp;di=2b644f3e144b15e3&amp;bdenc=1&amp;nsrc=IlPT2AEptyoA_yixCFOxCGZb8c3JV3T5ABfPNy6R2iv5nk_qva02EtAfEVXfNDrJB50-u8CXdcpTtXKhPjNilsEWe0dnpzJ6nzu7w0mbxszVUw1PeMUx4trHDX1AlAmcyKBPg2x5M3Es1GFb8rvCwu-srvXZf2lLy4a2dEC9vPOFVTT6V7q1i7bjB7kCH-H3GOK8h17kaiRdTI8vVc0BGJDqsGM9RTMPbxrm84J1PcSDrV5z_Rf7V4cIDImYNStFFfbrSunblB4MYZ6JmCAo48Z0-nHiee3EGmpKXc447PhEI3_JI1a1Y5fQBsxCv0_LGL1eDLDIf_gc4jk7sFdiAygF" data-sf-href="/sf?pd=gloryweb&amp;actname=introduction&amp;title=%E6%9E%81%E9%80%9F%E6%B5%8F%E8%A7%88%E6%A8%A1%E5%BC%8F&amp;word=%E4%B8%AD%E6%96%87%2BTesterHome&amp;lid=10687942014033828209&amp;ms=1&amp;frsrcid=1599&amp;frorder=10" class="WA_LOG_SF "><svg class="c-foot-icon-mip" xmlns="http://www.w3.org/2000/svg" x="0px" y="0px" width="100%" height="100%" version="1.1" viewBox="0 0 155.9 224.5"><polygon style="fill:#7ACBFF" points="114.5,0 26,0 0,108.5 27.8,108.5 48,49.5 97.8,49.2"/><polygon style="fill:#7ACBFF" points="54.8,59 155.9,59 0,222.5 "/></svg></a></span></div></div></div></div><div class="c-container c-recomm-wrap" style="display: none;"><div class="c-recomm-cnt c-gray"><span class="c-gap-right"><i class="c-icon"></i>大家还搜：</span><a class="c-gap-right" href="http://m.baidu.com/from=844b/ssid=0/uid=0/bd_page_type=1/pu=sz%40320_1001%2Cta%40iphone_2_5.0_3_537%2Cusm%401/baiduid=63A3346FC928A03FE546E7FC530F4D9C/w=0_10_/t=iphone/l=1/tc?lid=10687942014033828209&amp;ref=www_iphone&amp;w_qd=IlPT2AEptyoA_yk66AsbrQRzyw4IRaS54hmQM_&amp;order=10&amp;src=https%3A%2F%2Fm.baidu.com%2Fs%3Fword%3Dtesterhome%26ssid%3D0%26from%3D844b%26bd_page_type%3D1%26uid%3D0%26pu%3Dsz%2540320_1001%252Cta%2540iphone_2_5.0_3_537%252Cusm%25401%26baiduid%3D63A3346FC928A03FE546E7FC530F4D9C%26rqid%3D10687942014033828209%26sa%3Dre_dl_cr_9">testerhome</a><a class="c-gap-right" href="http://m.baidu.com/from=844b/ssid=0/uid=0/bd_page_type=1/pu=sz%40320_1001%2Cta%40iphone_2_5.0_3_537%2Cusm%401/baiduid=63A3346FC928A03FE546E7FC530F4D9C/w=0_10_/t=iphone/l=1/tc?lid=10687942014033828209&amp;ref=www_iphone&amp;w_qd=IlPT2AEptyoA_yk66AsbrQRzyw4IRaS54hmQM_&amp;order=10&amp;src=https%3A%2F%2Fm.baidu.com%2Fs%3Fword%3Dtesterhome%25E5%2588%259B%25E5%25A7%258B%25E4%25BA%25BA%26ssid%3D0%26from%3D844b%26bd_page_type%3D1%26uid%3D0%26pu%3Dsz%2540320_1001%252Cta%2540iphone_2_5.0_3_537%252Cusm%25401%26baiduid%3D63A3346FC928A03FE546E7FC530F4D9C%26rqid%3D10687942014033828209%26sa%3Dre_dl_cr_9">testerhome创始人</a><a class="c-gap-right" href="http://m.baidu.com/from=844b/ssid=0/uid=0/bd_page_type=1/pu=sz%40320_1001%2Cta%40iphone_2_5.0_3_537%2Cusm%401/baiduid=63A3346FC928A03FE546E7FC530F4D9C/w=0_10_/t=iphone/l=1/tc?lid=10687942014033828209&amp;ref=www_iphone&amp;w_qd=IlPT2AEptyoA_yk66AsbrQRzyw4IRaS54hmQM_&amp;order=10&amp;src=https%3A%2F%2Fm.baidu.com%2Fs%3Fword%3D%25E8%25BD%25AF%25E4%25BB%25B6%25E6%25B5%258B%25E8%25AF%2595%25E7%2599%25BE%25E5%25BA%25A6%25E4%25BA%2591%26ssid%3D0%26from%3D844b%26bd_page_type%3D1%26uid%3D0%26pu%3Dsz%2540320_1001%252Cta%2540iphone_2_5.0_3_537%252Cusm%25401%26baiduid%3D63A3346FC928A03FE546E7FC530F4D9C%26rqid%3D10687942014033828209%26sa%3Dre_dl_cr_9">软件测试百度云</a><a class="c-gap-right" href="http://m.baidu.com/from=844b/ssid=0/uid=0/bd_page_type=1/pu=sz%40320_1001%2Cta%40iphone_2_5.0_3_537%2Cusm%401/baiduid=63A3346FC928A03FE546E7FC530F4D9C/w=0_10_/t=iphone/l=1/tc?lid=10687942014033828209&amp;ref=www_iphone&amp;w_qd=IlPT2AEptyoA_yk66AsbrQRzyw4IRaS54hmQM_&amp;order=10&amp;src=https%3A%2F%2Fm.baidu.com%2Fs%3Fword%3Dpostman%26ssid%3D0%26from%3D844b%26bd_page_type%3D1%26uid%3D0%26pu%3Dsz%2540320_1001%252Cta%2540iphone_2_5.0_3_537%252Cusm%25401%26baiduid%3D63A3346FC928A03FE546E7FC530F4D9C%26rqid%3D10687942014033828209%26sa%3Dre_dl_cr_9">postman</a></div></div></div><div class="result c-result" srcid="sigma_celebrity_rela" new_srcid="30420" order="11" tpl="sigma_celebrity_rela" data-log="{'fm':'alop','ensrcid':'sigma_celebrity_rela','order':'11','mu':''}" data-ecom-log-info="w_11_"><div class="c-container"><div class="c-blocka"><h3 class="c-title c-gap-top-small"><em>中文+TesterHome</em>_相关程序设计语言</h3></div><style data-merge="">.wa-sigma-celebrity-f13 { font-size: 20px; vertical-align: top; line-height: 26px;}.wa-sigma-celebrity-f13::before {content: '';display: inline-block;height: 15px;border-left: 1px solid #f1f1f1;}.wa-sigma-celebrity-rela-scroller{white-space:nowrap;}.wa-sigma-celebrity-rela-entity{display:inline-block;vertical-align:top;}.wa-sigma-celebrity-rela-entity:first-child{padding-left:0px;}.wa-sigma-celebrity-rela-name{text-align:center;line-height: 22px; white-space:pre-line;word-break: normal; word-wrap: normal;margin-bottom:2px;}.wa-sigma-celebrity-rela-reason {text-align: center; white-space:pre-line; word-break: normal; word-wrap: normal;font-size:13px;line-height:19px;margin-bottom:0;}.wa-sigma-celebrity-rela-comment {position:relative; height: 21px;margin:0 auto; width: 60px;}.wa-sigma-celebrity-rela-comment .c-icon {display: inline-block; width: 12px; text-align: center;}.wa-sigma-celebrity-rela-comment-graystar {position: absolute; color: #eee;}.wa-sigma-celebrity-rela-comment-redstar {position: absolute; color: #ff0000; white-space: nowrap;overflow: hidden;}.wa-sigma-celebrity-rela-nowrap {white-space:nowrap;}.wa-sigma-celebrity-coverWrap{position:relative;}.wa-sigma-celebrity-cover{width:100%;height:100%;font-size:25px;color:#fff;position:absolute;left:0;top:0;right:0;bottom:0;z-index:2;text-align:center;background:rgba(0,0,0,0.5);overflow:hidden;display:block;}.wa-sigma-celebrity-cover p{font-size:13px;text-align:center;line-height:12px;}.wa-sigma-celebrity-cover-inner{text-align:center;vertical-align:middle;position:absolute;top:50%;left:50%;height:44px;margin-top:-22px;margin-left:-26px;}@media screen and (max-width: 335px) {.wa-sigma-celebrity-rela-comment {width: 50px;}.wa-sigma-celebrity-rela-comment .c-icon {width: 10px;}}</style><b-scroll class="wa-sigma-celebrity-rela-wrapper-11"><div class="c-row-tile c-scroll-wrapper wa-sigma-cere-wrapper-11 c-gap-top-small"><div class="c-scroll-touch"><div class="wa-sigma-celebrity-rela-scroller c-scroll-parent-gap" style="width:            189.93710691824%"><div class="wa-sigma-celebrity-rela-entity c-scroll-element-gap" style="width:12.5%"><a href="http://m.baidu.com/from=844b/bd_page_type=1/ssid=0/uid=0/pu=sz%40320_1001%2Cta%40iphone_2_5.0_3_537%2Cusm%401/baiduid=63A3346FC928A03FE546E7FC530F4D9C/w=0_10_/t=iphone/l=1/tc?ref=www_iphone&amp;lid=10687942014033828209&amp;order=11&amp;fm=alop&amp;tj=sigma_celebrity_rela_11_0_10_l1&amp;w_qd=IlPT2AEptyoA_yk66AsbrQRzyw4IRaS54hmQM_&amp;sec=22034&amp;di=0889b25efdbb47aa&amp;bdenc=1&amp;nsrc=IlPT2AEptyoA_yixCFOxCGZb8c3JV3T5ABfPNy6R2iv5nk_qva02JcRpX8KgVC4CV5OwdoSOdAoClDPl3mIm7hB0katos7oq7UeagPu3xseLHaBIvtkr2NOHGnQvzfrqyKpOtRs-0Qdf1GdhiOOltO5wbuiIxPxsnuCCgXW6q2C1VY46F-bC65rlZogICCLdWOKUcsqkrH5dSZGhMwWxToGEeS2DEXFibdvhzuNG2B_YnE6nPt7pVAACFUmCIyoRWKLdUNnclBTYZpNCoiIh3XZF5HfmrKCZIElB0RaNffElM13SMxbPGYuKNh6CvLTuSPljTPCqhLUi" data-url="https://m.baidu.com/from=844b/pu=sz%40320_1001/s?tn=iphone&amp;word=python&amp;sa=re_dl_er_30420_1&amp;euri=f325de8a216142a9aab5b48aa60c87d2&amp;ms=1&amp;rqid=10687942014033828209&amp;oq=%E4%B8%AD%E6%96%87%2BTesterHome" class="c-blocka wa-sigma-celebrity-rela-link"><div class="c-img c-img-s" style="background-image: none; background-attachment: initial; background-color: initial; background-origin: initial; background-clip: initial; background-position: initial; background-repeat: initial;"><img src="https://ss0.baidu.com/6ONWsjip0QIZ8tyhnq/it/u=3396620748,2448931146&amp;fm=58" /></div><p class="wa-sigma-celebrity-rela-name c-line-clamp2">python</p><p class="wa-sigma-celebrity-rela-reason c-color-gray c-line-clamp2">方便快捷的脚本语言</p></a></div><div class="wa-sigma-celebrity-rela-entity c-scroll-element-gap" style="width:12.5%"><a href="http://m.baidu.com/from=844b/bd_page_type=1/ssid=0/uid=0/pu=sz%40320_1001%2Cta%40iphone_2_5.0_3_537%2Cusm%401/baiduid=63A3346FC928A03FE546E7FC530F4D9C/w=0_10_/t=iphone/l=1/tc?ref=www_iphone&amp;lid=10687942014033828209&amp;order=11&amp;fm=alop&amp;tj=sigma_celebrity_rela_11_0_10_l2&amp;w_qd=IlPT2AEptyoA_yk66AsbrQRzyw4IRaS54hmQM_&amp;sec=22034&amp;di=c86035b9c87b398e&amp;bdenc=1&amp;nsrc=IlPT2AEptyoA_yixCFOxCGZb8c3JV3T5ABfPNy6R2iv5nk_qva02JcRpX8KgVC4CV5OwdoSOdAoClDPl3mIm7hB0katos7oq7UeagPu3xseLHaBIvtkr2NOHGnQvzfrqyKpOtQw6M2Q8RjpuyQ07gvQadeiJqvwe8MeDgVq6vP74FUS-C5aDqonp296WDSStXrjJcMeeqihtTpycB2SwHoS4fXhBFyhgfAndlqRZOeWEindk_BrqYdRM2V7FMSEKZabgS2zelBLTXpR2mCAg0nR3ijj-gNWZNnlB_hKNfM5lN4GSHxbPGIqKL_ozacXOSPpPVuuX" data-url="https://m.baidu.com/from=844b/pu=sz%40320_1001/s?tn=iphone&amp;word=php&amp;sa=re_dl_er_30420_2&amp;euri=b75aa774cf40487cbf4d634217e88686&amp;ms=1&amp;rqid=10687942014033828209&amp;oq=%E4%B8%AD%E6%96%87%2BTesterHome" class="c-blocka wa-sigma-celebrity-rela-link"><div class="c-img c-img-s" style="background-image: none; background-attachment: initial; background-color: initial; background-origin: initial; background-clip: initial; background-position: initial; background-repeat: initial;"><img src="https://ss0.baidu.com/6ONWsjip0QIZ8tyhnq/it/u=4047582057,2297900373&amp;fm=58" /></div><p class="wa-sigma-celebrity-rela-name c-line-clamp2">php</p><p class="wa-sigma-celebrity-rela-reason c-color-gray c-line-clamp2">计算机编程语言</p></a></div><div class="wa-sigma-celebrity-rela-entity c-scroll-element-gap" style="width:12.5%"><a href="http://m.baidu.com/from=844b/bd_page_type=1/ssid=0/uid=0/pu=sz%40320_1001%2Cta%40iphone_2_5.0_3_537%2Cusm%401/baiduid=63A3346FC928A03FE546E7FC530F4D9C/w=0_10_/t=iphone/l=1/tc?ref=www_iphone&amp;lid=10687942014033828209&amp;order=11&amp;fm=alop&amp;tj=sigma_celebrity_rela_11_0_10_l3&amp;w_qd=IlPT2AEptyoA_yk66AsbrQRzyw4IRaS54hmQM_&amp;sec=22034&amp;di=c46a9c6d36575431&amp;bdenc=1&amp;nsrc=IlPT2AEptyoA_yixCFOxCGZb8c3JV3T5ABfPNy6R2iv5nk_qva02JcRpX8KgVC4CV5OwdoSOdAoClDPl3mIm7hB0katos7oq7UeagPu3xseLHaBIvtkr2NOHGnQvzfrqyKpOxc2zQ2Qy1GdhiOOltO5wbuiIxPxsnuCCgXW6q2C_VY46F-bC65rlZo5ICnXdW3bCdsP9rX5bGpb9N2OrH9SAe8gYFyFjuw4dzuNG2B_YnE6nPt7pVAACFUmCIyoRWKLdUNnclBTYZpNCoiIh3XZF5HfmrKCZIElB0RaNffElM13SMxbPGYuKNh6CvLTuSPljTPCqhLUi" data-url="https://m.baidu.com/from=844b/pu=sz%40320_1001/s?tn=iphone&amp;word=c%2523&amp;sa=re_dl_er_30420_3&amp;euri=a30fdd4368b040228f03314c8a639b86&amp;ms=1&amp;rqid=10687942014033828209&amp;oq=%E4%B8%AD%E6%96%87%2BTesterHome" class="c-blocka wa-sigma-celebrity-rela-link"><div class="c-img c-img-s" style="background-image: none; background-attachment: initial; background-color: initial; background-origin: initial; background-clip: initial; background-position: initial; background-repeat: initial;"><img src="https://ss1.baidu.com/6ONXsjip0QIZ8tyhnq/it/u=2442230950,2289865217&amp;fm=58" /></div><p class="wa-sigma-celebrity-rela-name c-line-clamp2">c#</p><p class="wa-sigma-celebrity-rela-reason c-color-gray c-line-clamp2">面向对象高级编程语言</p></a></div><div class="wa-sigma-celebrity-rela-entity c-scroll-element-gap" style="width:12.5%"><a href="http://m.baidu.com/from=844b/bd_page_type=1/ssid=0/uid=0/pu=sz%40320_1001%2Cta%40iphone_2_5.0_3_537%2Cusm%401/baiduid=63A3346FC928A03FE546E7FC530F4D9C/w=0_10_/t=iphone/l=1/tc?ref=www_iphone&amp;lid=10687942014033828209&amp;order=11&amp;fm=alop&amp;tj=sigma_celebrity_rela_11_0_10_l4&amp;w_qd=IlPT2AEptyoA_yk66AsbrQRzyw4IRaS54hmQM_&amp;sec=22034&amp;di=eee062e29c573328&amp;bdenc=1&amp;nsrc=IlPT2AEptyoA_yixCFOxCGZb8c3JV3T5ABfPNy6R2iv5nk_qva02JcRpX8KgVC4CV5OwdoSOdAoClDPl3mIm7hB0katos7oq7UeagPu3xseLHaBIvtkr2NOHGnQvzfrqyKpOvxVoRtByNH-cffTliQ5ipR_S6dAh7M7F8nWmqfnQJU3eV6z9n6e516kGCHWuCueZdR8-rXIjTpjrBNWxT9y1eiJAYyhvaw7ymPJDDNCYnXso_wL8IsIfYFyHLywYWqzeSNnalxLMZJ-Dmic53XAXpGzj6fT-J7oaYAfxe3-FJu_3IAnCJ-yBH0wCf104XgBsVOO" data-url="https://m.baidu.com/from=844b/pu=sz%40320_1001/s?tn=iphone&amp;word=js&amp;sa=re_dl_er_30420_4&amp;euri=10b1512f375d4bc098f07725c90bb9b8&amp;ms=1&amp;rqid=10687942014033828209&amp;oq=%E4%B8%AD%E6%96%87%2BTesterHome" class="c-blocka wa-sigma-celebrity-rela-link"><div class="c-img c-img-s" style="background-image: none; background-attachment: initial; background-color: initial; background-origin: initial; background-clip: initial; background-position: initial; background-repeat: initial;"><img src="https://ss0.baidu.com/6ONWsjip0QIZ8tyhnq/it/u=2779070586,3489688379&amp;fm=58" /></div><p class="wa-sigma-celebrity-rela-name c-line-clamp2">js</p><p class="wa-sigma-celebrity-rela-reason c-color-gray c-line-clamp2">浏览器支持的脚本语言</p></a></div><div class="wa-sigma-celebrity-rela-entity c-scroll-element-gap" style="width:12.5%"><a href="http://m.baidu.com/from=844b/bd_page_type=1/ssid=0/uid=0/pu=sz%40320_1001%2Cta%40iphone_2_5.0_3_537%2Cusm%401/baiduid=63A3346FC928A03FE546E7FC530F4D9C/w=0_10_/t=iphone/l=1/tc?ref=www_iphone&amp;lid=10687942014033828209&amp;order=11&amp;fm=alop&amp;tj=sigma_celebrity_rela_11_0_10_l5&amp;w_qd=IlPT2AEptyoA_yk66AsbrQRzyw4IRaS54hmQM_&amp;sec=22034&amp;di=f4b093f994ec9375&amp;bdenc=1&amp;nsrc=IlPT2AEptyoA_yixCFOxCGZb8c3JV3T5ABfPNy6R2iv5nk_qva02JcRpX8KgVC4CV5OwdoSOdAoClDPl3mIm7hB0katos7oq7UeagPu3xseLHaBIvtkr2NOHGnQvzfrqyKpOg2Z9E2EoB7-jf_37suo1rsXZ82Ms8sa2eGS6rMqEVY4y26aZnFqU15kJDyasGOzI-1mzr8-KGI8uBtuvCYOBnXhUEyML8Brh8tNEL23IqnFzK2bSQ2RNZG8-QicM_aLrSdiLjADSY--FjyIjOCVR-k7itsrYT6ABGbG4z457INiCExrAVUzBBwtYiwX4HLwoH34Dfuwj_WlpcU6dIXoC2vSyQ7WZCkFEY0X6r_ei2Y--mF05Rr3g-8M9XOK-0tsX3_MAE8sEqWbtnt0YrJ75L0KYrAA1TcxqOJrrv5tMfUYaGmKu5EnX76MLbyT04Gmq2zPX2d0uNmRu" data-url="https://m.baidu.com/from=844b/pu=sz%40320_1001/s?tn=iphone&amp;word=%25E5%258F%25AF%25E6%2589%25A9%25E5%25B1%2595%25E6%25A0%2587%25E8%25AE%25B0%25E8%25AF%25AD%25E8%25A8%2580&amp;sa=re_dl_er_30420_5&amp;euri=3e1434a1e6de46338fc3a740a66f1de6&amp;ms=1&amp;rqid=10687942014033828209&amp;oq=%E4%B8%AD%E6%96%87%2BTesterHome" class="c-blocka wa-sigma-celebrity-rela-link"><div class="c-img c-img-s" style="background-image: none; background-attachment: initial; background-color: initial; background-origin: initial; background-clip: initial; background-position: initial; background-repeat: initial;"><img src="https://ss1.baidu.com/6ONXsjip0QIZ8tyhnq/it/u=2648601712,2960200422&amp;fm=58" /></div><p class="wa-sigma-celebrity-rela-name c-line-clamp2">可扩展标记语言</p><p class="wa-sigma-celebrity-rela-reason c-color-gray c-line-clamp2">用于传输和存储数据</p></a></div><div class="wa-sigma-celebrity-rela-entity c-scroll-element-gap" style="width:12.5%"><a href="http://m.baidu.com/from=844b/bd_page_type=1/ssid=0/uid=0/pu=sz%40320_1001%2Cta%40iphone_2_5.0_3_537%2Cusm%401/baiduid=63A3346FC928A03FE546E7FC530F4D9C/w=0_10_/t=iphone/l=1/tc?ref=www_iphone&amp;lid=10687942014033828209&amp;order=11&amp;fm=alop&amp;tj=sigma_celebrity_rela_11_0_10_l6&amp;w_qd=IlPT2AEptyoA_yk66AsbrQRzyw4IRaS54hmQM_&amp;sec=22034&amp;di=5f93a28acf0a5e7c&amp;bdenc=1&amp;nsrc=IlPT2AEptyoA_yixCFOxCGZb8c3JV3T5ABfPNy6R2iv5nk_qva02JcRpX8KgVC4CV5OwdoSOdAoClDPl3mIm7hB0katos7oq7UeagPu3xseLHaBIvtkr2NOHGnQvzfrqyKpOxc2zQ2RD1GdeyASlt2sxat0T8R2sghfR8iT6lvy2ZI484VmZnF78N-xOHyD2DuiSdRyieHghTUz9BgGrSo8QsHMXYyFbvNix83ZH02KYnXsr_MakQcB3Y6bD2nJ2Sa7KSN8gjB0NYpRFmyQp3HNE-8HigeiZIXcHGQe4e3-FJO0-HgmrNJzqKAtOuR3SGqspKhKXaK9i4lUwv-a" data-url="https://m.baidu.com/from=844b/pu=sz%40320_1001/s?tn=iphone&amp;word=c%252B%252B&amp;sa=re_dl_er_30420_6&amp;euri=36c4c4e36ed84f3f8d85bb31dcb617e7&amp;ms=1&amp;rqid=10687942014033828209&amp;oq=%E4%B8%AD%E6%96%87%2BTesterHome" class="c-blocka wa-sigma-celebrity-rela-link"><div class="c-img c-img-s"><img data-imagedelaysrc="https://ss2.baidu.com/6ONYsjip0QIZ8tyhnq/it/u=2860605440,1391886796&amp;fm=58" data-imageinvisible="1" /></div><p class="wa-sigma-celebrity-rela-name c-line-clamp2">c++</p><p class="wa-sigma-celebrity-rela-reason c-color-gray c-line-clamp2">计算机编程语言</p></a></div><div class="wa-sigma-celebrity-rela-entity c-scroll-element-gap" style="width:12.5%"><a href="http://m.baidu.com/from=844b/bd_page_type=1/ssid=0/uid=0/pu=sz%40320_1001%2Cta%40iphone_2_5.0_3_537%2Cusm%401/baiduid=63A3346FC928A03FE546E7FC530F4D9C/w=0_10_/t=iphone/l=1/tc?ref=www_iphone&amp;lid=10687942014033828209&amp;order=11&amp;fm=alop&amp;tj=sigma_celebrity_rela_11_0_10_l7&amp;w_qd=IlPT2AEptyoA_yk66AsbrQRzyw4IRaS54hmQM_&amp;sec=22034&amp;di=ef9d872f3ad8461b&amp;bdenc=1&amp;nsrc=IlPT2AEptyoA_yixCFOxCGZb8c3JV3T5ABfPNy6R2iv5nk_qva02JcRpX8KgVC4CV5OwdoSOdAoClDPl3mIm7hB0katos7oq7UeagPu3xseLHaBIvtkr2NOHGnQvzfrqyKpOg2Z9E21oB79Ne_37stJxrsXZ82Ms8sa16GS6rPOBVY4y26aZnFraYUkJDyarGOzI-1mzr89iLo8uBuKxCYOBnXhUEyML8xrh8tZCL23IqnFzK2bSQ2RNZG8-QicM_aLrSdiLjADSY--FjyIjOCVR-k7itsrYT6ABGbG4z457INiEExrAVUzBBwtYit01TbckILL0f366Pmlic-6cIX6Y2_Di1T8FFEBCFeP6r_ei2Y--mF05Rr3g-8M9XOK-0tsX3_MAE8sEqWbtnt0YrJ75L0KYrAA1TcxqOJrrv5tMfUYaGmKu5EnX76MLbyT04Gmq2zPX2d0uNmRu" data-url="https://m.baidu.com/from=844b/pu=sz%40320_1001/s?tn=iphone&amp;word=%25E7%25BB%2593%25E6%259E%2584%25E5%258C%2596%25E6%259F%25A5%25E8%25AF%25A2%25E8%25AF%25AD%25E8%25A8%2580&amp;sa=re_dl_er_30420_7&amp;euri=dbb17949f562411c9ffebcdb9b8e3276&amp;ms=1&amp;rqid=10687942014033828209&amp;oq=%E4%B8%AD%E6%96%87%2BTesterHome" class="c-blocka wa-sigma-celebrity-rela-link"><div class="c-img c-img-s"><img data-imagedelaysrc="https://ss2.baidu.com/6ONYsjip0QIZ8tyhnq/it/u=2829434339,3362440550&amp;fm=58" data-imageinvisible="1" /></div><p class="wa-sigma-celebrity-rela-name c-line-clamp2">结构化查询语言</p><p class="wa-sigma-celebrity-rela-reason c-color-gray c-line-clamp2">数据库查询和编程语言</p></a></div><div class="wa-sigma-celebrity-rela-entity c-scroll-element-gap" style="width:12.5%"><a href="http://m.baidu.com/from=844b/bd_page_type=1/ssid=0/uid=0/pu=sz%40320_1001%2Cta%40iphone_2_5.0_3_537%2Cusm%401/baiduid=63A3346FC928A03FE546E7FC530F4D9C/w=0_10_/t=iphone/l=1/tc?ref=www_iphone&amp;lid=10687942014033828209&amp;order=11&amp;fm=alop&amp;tj=sigma_celebrity_rela_11_0_10_l8&amp;w_qd=IlPT2AEptyoA_yk66AsbrQRzyw4IRaS54hmQM_&amp;sec=22034&amp;di=ef948880822a40bd&amp;bdenc=1&amp;nsrc=IlPT2AEptyoA_yixCFOxCGZb8c3JV3T5ABfPNy6R2iv5nk_qva02JcRpX8KgVC4CV5OwdoSOdAoClDPl3mIm7hB0katos7oq7UeagPu3xseLHaBIvtkr2NOHGnQvzfrqyKpOtQ1z_MEzAygq8rXEdA9VbhevvB2C8cuJg8HQs3a0ZlSyIIKZnWva265FCyDfXOOYxsqiqChqSUqdMQSqHo4RfXhCZC1uaBrh80oDL20-nm-oLB8iXxN3YmiENysZW_PaSd8bkBXTZZ-DoiIpAmF_9yKldu09FkpQTKyI7MpEF1_FExXAFYG1Oxopmt4NW3tpM37Pfq" data-url="https://m.baidu.com/from=844b/pu=sz%40320_1001/s?tn=iphone&amp;word=perl&amp;sa=re_dl_er_30420_8&amp;euri=851613ba9ef145caafecc226ee87e1d1&amp;ms=1&amp;rqid=10687942014033828209&amp;oq=%E4%B8%AD%E6%96%87%2BTesterHome" class="c-blocka wa-sigma-celebrity-rela-link"><div class="c-img c-img-s"><img data-imagedelaysrc="https://ss0.baidu.com/6ONWsjip0QIZ8tyhnq/it/u=568633668,3565966418&amp;fm=58" data-imageinvisible="1" /></div><p class="wa-sigma-celebrity-rela-name c-line-clamp2">perl</p><p class="wa-sigma-celebrity-rela-reason c-color-gray c-line-clamp2">实用的梦幻脚本语言</p></a></div></div></div></div></b-scroll></div></div></div><div id="page-relative" class="se-page-relative"><div id="relativewords" class="se-relativewords"><div class="rw-title">相关搜索<i class="c-icon rw-title-icon"></i></div><div class="rw-list"><a class="rw-item" href="https://m.baidu.com/from=844b/pu=sz%40320_1001/s?tn=iphone&amp;word=hmovie-moe+-+home&amp;rq=%E4%B8%AD%E6%96%87%2BTesterHome&amp;sa=brs_1&amp;rsf=62030005&amp;pqid=10687942014033828209&amp;ms=1&amp;rqid=10687942014033828209">hmovie-moe - home</a><a class="rw-item" href="https://m.baidu.com/from=844b/pu=sz%40320_1001/s?tn=iphone&amp;word=testerhome%E5%AE%A2%E6%88%B7%E7%AB%AF&amp;rq=%E4%B8%AD%E6%96%87%2BTesterHome&amp;sa=brs_2&amp;rsf=62030006&amp;pqid=10687942014033828209&amp;ms=1&amp;rqid=10687942014033828209">testerhome客户端</a><a class="rw-item" href="https://m.baidu.com/from=844b/pu=sz%40320_1001/s?tn=iphone&amp;word=testerhome%E7%A4%BE%E5%8C%BA&amp;rq=%E4%B8%AD%E6%96%87%2BTesterHome&amp;sa=brs_3&amp;rsf=62030006&amp;pqid=10687942014033828209&amp;ms=1&amp;rqid=10687942014033828209">testerhome社区</a><a class="rw-item" href="https://m.baidu.com/from=844b/pu=sz%40320_1001/s?tn=iphone&amp;word=testerhome%E5%88%9B%E5%A7%8B%E4%BA%BA&amp;rq=%E4%B8%AD%E6%96%87%2BTesterHome&amp;sa=brs_4&amp;rsf=62030006&amp;pqid=10687942014033828209&amp;ms=1&amp;rqid=10687942014033828209">testerhome创始人</a><a class="rw-item" href="https://m.baidu.com/from=844b/pu=sz%40320_1001/s?tn=iphone&amp;word=testerhome%E4%B8%8B%E8%BD%BD&amp;rq=%E4%B8%AD%E6%96%87%2BTesterHome&amp;sa=brs_5&amp;rsf=62030006&amp;pqid=10687942014033828209&amp;ms=1&amp;rqid=10687942014033828209">testerhome下载</a><a class="rw-item" href="https://m.baidu.com/from=844b/pu=sz%40320_1001/s?tn=iphone&amp;word=testerhome+%E5%9F%B9%E8%AE%AD&amp;rq=%E4%B8%AD%E6%96%87%2BTesterHome&amp;sa=brs_6&amp;rsf=62030006&amp;pqid=10687942014033828209&amp;ms=1&amp;rqid=10687942014033828209">testerhome 培训</a><a class="rw-item" href="https://m.baidu.com/from=844b/pu=sz%40320_1001/s?tn=iphone&amp;word=testerhome%E5%A4%A7%E4%BC%9A&amp;rq=%E4%B8%AD%E6%96%87%2BTesterHome&amp;sa=brs_7&amp;rsf=62030006&amp;pqid=10687942014033828209&amp;ms=1&amp;rqid=10687942014033828209">testerhome大会</a><a class="rw-item" href="https://m.baidu.com/from=844b/pu=sz%40320_1001/s?tn=iphone&amp;word=%E5%8C%97%E4%BA%ACtesterhome%E5%9F%B9%E8%AE%AD&amp;rq=%E4%B8%AD%E6%96%87%2BTesterHome&amp;sa=brs_8&amp;rsf=62030006&amp;pqid=10687942014033828209&amp;ms=1&amp;rqid=10687942014033828209">北京testerhome培训</a></div></div></div><div id="page-controller" class="se-page-controller"><div class="new-pagenav c-flexbox"><a class="new-nextpage-only" href="https://m.baidu.com/from=844b/pu=sz%40320_1001/s?tn=iphone&amp;pn=10&amp;usm=1&amp;word=%E4%B8%AD%E6%96%87%2BTesterHome&amp;sa=np&amp;rsv_pq=10687942014033828209&amp;rsv_t=e518gkrzaJ1piirW0KAsZaHziLRW1v5CGhLZJgVPFW1ccrQTqzOKmGgZew&amp;ms=1&amp;rqid=10687942014033828209"> </a><p class="forNoPrefetch"><i class="c-icon c-gap-right icon-logo"></i>下一页<i class="c-icon icon-nextpage"></i></p>                </div></div><div id="page-rcol" class="se-page-rcol"><div id="reword" class="se-reword"><div class="rw-title">相关搜索</div><div class="rw-list"><a class="rw-item" href="https://m.baidu.com/from=844b/pu=sz%40320_1001/s?tn=iphone&amp;word=hmovie-moe+-+home&amp;rq=%E4%B8%AD%E6%96%87%2BTesterHome&amp;sa=rrs_1&amp;rsf=62030005&amp;pqid=10687942014033828209&amp;ms=1&amp;rqid=10687942014033828209">hmovie-moe - home</a><a class="rw-item" href="https://m.baidu.com/from=844b/pu=sz%40320_1001/s?tn=iphone&amp;word=testerhome%E5%AE%A2%E6%88%B7%E7%AB%AF&amp;rq=%E4%B8%AD%E6%96%87%2BTesterHome&amp;sa=rrs_2&amp;rsf=62030006&amp;pqid=10687942014033828209&amp;ms=1&amp;rqid=10687942014033828209">testerhome客户端</a><a class="rw-item" href="https://m.baidu.com/from=844b/pu=sz%40320_1001/s?tn=iphone&amp;word=testerhome%E7%A4%BE%E5%8C%BA&amp;rq=%E4%B8%AD%E6%96%87%2BTesterHome&amp;sa=rrs_3&amp;rsf=62030006&amp;pqid=10687942014033828209&amp;ms=1&amp;rqid=10687942014033828209">testerhome社区</a><a class="rw-item" href="https://m.baidu.com/from=844b/pu=sz%40320_1001/s?tn=iphone&amp;word=testerhome%E5%88%9B%E5%A7%8B%E4%BA%BA&amp;rq=%E4%B8%AD%E6%96%87%2BTesterHome&amp;sa=rrs_4&amp;rsf=62030006&amp;pqid=10687942014033828209&amp;ms=1&amp;rqid=10687942014033828209">testerhome创始人</a><a class="rw-item" href="https://m.baidu.com/from=844b/pu=sz%40320_1001/s?tn=iphone&amp;word=testerhome%E4%B8%8B%E8%BD%BD&amp;rq=%E4%B8%AD%E6%96%87%2BTesterHome&amp;sa=rrs_5&amp;rsf=62030006&amp;pqid=10687942014033828209&amp;ms=1&amp;rqid=10687942014033828209">testerhome下载</a><a class="rw-item" href="https://m.baidu.com/from=844b/pu=sz%40320_1001/s?tn=iphone&amp;word=testerhome+%E5%9F%B9%E8%AE%AD&amp;rq=%E4%B8%AD%E6%96%87%2BTesterHome&amp;sa=rrs_6&amp;rsf=62030006&amp;pqid=10687942014033828209&amp;ms=1&amp;rqid=10687942014033828209">testerhome 培训</a><a class="rw-item" href="https://m.baidu.com/from=844b/pu=sz%40320_1001/s?tn=iphone&amp;word=testerhome%E5%A4%A7%E4%BC%9A&amp;rq=%E4%B8%AD%E6%96%87%2BTesterHome&amp;sa=rrs_7&amp;rsf=62030006&amp;pqid=10687942014033828209&amp;ms=1&amp;rqid=10687942014033828209">testerhome大会</a><a class="rw-item" href="https://m.baidu.com/from=844b/pu=sz%40320_1001/s?tn=iphone&amp;word=%E5%8C%97%E4%BA%ACtesterhome%E5%9F%B9%E8%AE%AD&amp;rq=%E4%B8%AD%E6%96%87%2BTesterHome&amp;sa=rrs_8&amp;rsf=62030006&amp;pqid=10687942014033828209&amp;ms=1&amp;rqid=10687942014033828209">北京testerhome培训</a></div></div></div></div><div id="page-ft" class="se-page-ft"><div id="ft-wrap" class="se-ft-wrap"><div id="footer-wrap"><form data-formposition="b" class="se-form" id="se-form2" action="/from=844b/pu=sz%40320_1001/s" method="get" autocomplete="off"><div class="con-wrap"><div class="se-bearicon"></div><textarea autocomplete="off" autocorrect="off" maxlength="64" id="kw2" name="word" class="se-input adjust-input" data-sug="1">中文+TesterHome</textarea><div class="se-inner"><div id="cross2" class="cross" style="display: none;"></div><div class="callicon-wrap"><div class="baiduapp-icon"></div><div class="baiduappcall-wrap"><div class="qrcode call" data-ac="active"><input type="file" accept="image/*" style="position:absolute;left:0;width:100%;top:0;height:100%;opacity:0;z-index: 10;" /></div><div class="voice call" data-ac="active"></div></div></div><button id="se-bn2" class="se-bn" type="submit"><span>百度一下</span></button></div></div><div id="se-box2" class="se-box"><div class="suggest-div" style="display: none; visibility: visible;"><div class="suggest-direct" style="display: none;"></div><div class="suggest-panel"><div class="suggest-content"></div><div class="suggest-oper sug-active-his"><div class="suggest-oper-at sug-oper-btn">直达号</div><div class="suggest-oper-his sug-oper-btn">历史记录</div></div></div><div class="suggest-title"><div class="suggest-logo"></div><div class="suggest-control" style="display: none;"><div class="history-clear">清除历史记录</div></div><div class="suggest-at">直达号</div></div><div class="suggest-close">关闭</div></div></div><input type="hidden" name="sa" value="bb" /><input type="hidden" name="ts" value="0" /><input type="hidden" name="t_kt" value="0" /><input type="hidden" name="ie" value="utf-8" /><input type="hidden" name="rsv_t" value="e518gkrzaJ1piirW0KAsZaHziLRW1v5CGhLZJgVPFW1ccrQTqzOKmGgZew" /><input type="hidden" name="tn" value="iphone" /><input type="hidden" name="ms" value="1" /><input type="hidden" name="rsv_pq" value="10687942014033828209" /></form></div></div><div class="se-ft-promlink"><style>.hint-ft-questionnaire{padding: 6px 0;}.hint-qnaire-bar{display: block;text-align: left;font-size: 14px;color: #262626;height: 39px;line-height: 39px;border: 1px solid #e0e0e0;padding-left: 10px;background: #f9f9f9;overflow: hidden;}.hint-qnaire-bar .baiduico{position:relative;float: left;background:url('//m.baidu.com/static/search/bdsl.png') no-repeat;background-size:25px 25px;-webkit-background-size:25px 25px;width:25px;height:25px;margin:6px 6px 0 0}.hint-qnaire-bar .linkico{position:relative;float:right;background:url(data:image/png;base64,iVBORw0KGgoAAAANSUhEUgAAAAwAAAAQCAYAAAAiYZ4HAAAAGXRFWHRTb2Z0d2FyZQBBZG9iZSBJbWFnZVJlYWR5ccllPAAAAyRpVFh0WE1MOmNvbS5hZG9iZS54bXAAAAAAADw/eHBhY2tldCBiZWdpbj0i77u/IiBpZD0iVzVNME1wQ2VoaUh6cmVTek5UY3prYzlkIj8+IDx4OnhtcG1ldGEgeG1sbnM6eD0iYWRvYmU6bnM6bWV0YS8iIHg6eG1wdGs9IkFkb2JlIFhNUCBDb3JlIDUuMy1jMDExIDY2LjE0NTY2MSwgMjAxMi8wMi8wNi0xNDo1NjoyNyAgICAgICAgIj4gPHJkZjpSREYgeG1sbnM6cmRmPSJodHRwOi8vd3d3LnczLm9yZy8xOTk5LzAyLzIyLXJkZi1zeW50YXgtbnMjIj4gPHJkZjpEZXNjcmlwdGlvbiByZGY6YWJvdXQ9IiIgeG1sbnM6eG1wPSJodHRwOi8vbnMuYWRvYmUuY29tL3hhcC8xLjAvIiB4bWxuczp4bXBNTT0iaHR0cDovL25zLmFkb2JlLmNvbS94YXAvMS4wL21tLyIgeG1sbnM6c3RSZWY9Imh0dHA6Ly9ucy5hZG9iZS5jb20veGFwLzEuMC9zVHlwZS9SZXNvdXJjZVJlZiMiIHhtcDpDcmVhdG9yVG9vbD0iQWRvYmUgUGhvdG9zaG9wIENTNiAoTWFjaW50b3NoKSIgeG1wTU06SW5zdGFuY2VJRD0ieG1wLmlpZDpBMDQ1OEUzMjRGNTAxMUUzQkNCRkM1MTMyODZCNTM4RSIgeG1wTU06RG9jdW1lbnRJRD0ieG1wLmRpZDpBMDQ1OEUzMzRGNTAxMUUzQkNCRkM1MTMyODZCNTM4RSI+IDx4bXBNTTpEZXJpdmVkRnJvbSBzdFJlZjppbnN0YW5jZUlEPSJ4bXAuaWlkOkEwNDU4RTMwNEY1MDExRTNCQ0JGQzUxMzI4NkI1MzhFIiBzdFJlZjpkb2N1bWVudElEPSJ4bXAuZGlkOkEwNDU4RTMxNEY1MDExRTNCQ0JGQzUxMzI4NkI1MzhFIi8+IDwvcmRmOkRlc2NyaXB0aW9uPiA8L3JkZjpSREY+IDwveDp4bXBtZXRhPiA8P3hwYWNrZXQgZW5kPSJyIj8+AJ3vMQAAAORJREFUeNp8kjEKwkAQRceYIoWIFwh4g1Rp01gJOYVgES+gXkDUA2gR8BKxsEljm8q9gXoAwUpQgn9hgmOymw+vmE8+m52/HaVUTEQZ/fQEQ/AggxxwBDPh9cEFeLaA1h5shO+DM3BtAa0FOIg5BKfaN/8DNAW5mEcgbQuUYAwK4U3AyhbQeoMI3IW3BAmZLsV6gQDcQI+9Hbg61K5Pbe7aAh53MRCe7iozBVzuwBfelrtqXNrh3YfC093MbVtKefeVcu7G2MOad16p4E5KUyCRx3IHEXfS+OeYdyyfd8BdNPQVYABi4ikpkErplwAAAABJRU5ErkJggg==); background-size:6px 9px;-webkit-background-size:6px 8px;width:6px;height:8px;margin:15px 12px 0}</style><div class="hint-ft-questionnaire"><a class="hint-qnaire-bar" href="http://wenjuan.baidu.com/?code=rn64n1&amp;lid=10687942014033828209"><div class="linkico"></div>填问卷，赢大奖</a></div></div></div><div id="page-copyright" class="se-page-copyright" style="margin-bottom: 50px;"><div class="return-link"><a class="ft-span brand-item c-blocka" href="/?from=844b&amp;pu=sz%40320_1001&amp;ms=1">百度首页</a><a class="ft-span feedback brand-item c-blocka">用户反馈</a><a class="ft-span login-bot c-blocka" id="login-bot" href="http://m.baidu.com/from=844b/ssid=0/uid=0/bd_page_type=1/pu=sz%40320_1001%2Cta%40iphone_2_5.0_3_537%2Cusm%401/baiduid=63A3346FC928A03FE546E7FC530F4D9C/w=0_10_/t=iphone/l=1/tc?ref=www_iphone&amp;lid=10687942014033828209&amp;ct=37&amp;cst=1&amp;tj=__0_10_21&amp;w_qd=IlPT2AEptyoA_yk66AsbrQRzyw4IRaS54hmQM_&amp;src=https%3A%2F%2Fwappass.baidu.com%2Fpassport%2F%3Flogin%26tpl%3Dwise%26subpro%3Dwiseresult%26u%3Dhttps%3A%2F%2Fm.baidu.com%2Ffrom%3D844b%2Fpu%3Dsz%2540320_1001%2Fs%3Ftn%3Diphone%26word%3D%2525E4%2525B8%2525AD%2525E6%252596%252587%25252BTesterHome%26ms%3D1%26rqid%3D10687942014033828209">用户登录</a></div><div id="foot-logo" class="se-foot-logo"><a id="logo" class="logo se-logo" href="http://m.baidu.com/from=844b/bd_page_type=1/ssid=0/uid=0/pu=sz%40320_1001%2Cta%40iphone_2_5.0_3_537%2Cusm%401/baiduid=63A3346FC928A03FE546E7FC530F4D9C/w=0_10_/t=iphone/l=1/tc?ref=www_iphone&amp;lid=10687942014033828209&amp;ct=61&amp;cst=1&amp;tj=__0_10_22&amp;w_qd=IlPT2AEptyoA_yk66AsbrQRzyw4IRaS54hmQM_&amp;sec=22034&amp;di=c85425094c4e33c3&amp;bdenc=1&amp;nsrc=IlPT2AEptyoA_yixCFOxCGZb8c3JV3T5ABfPNy6R2iv5nk_qva02ZQNAUDLt2SiyFF0ey8_KfQoDxinc3mNS7AV2qvomfDYq7Enlc4iadhO1T1dRagAW3sOHG5Yr7qma8_ocdPl5RNY51Gdhmuf9wtgAdwTJaeUgy17Hwz0-lrv1VY_DY6uGplzb2lwHCyOxDu82csOorXIuGpquQRHXWJC0nCNEECgxwcmpittF3QjM8VxmIOrkLBAjG9XxFYwQGKeR4wWWrauHADY8vS27KDQdgTiazNbRNCgyDNm"></a></div><div id="copyright" class="se-copyright">Baidu 京ICP证030173号</div>        </div><div id="foot-blank" class="se-foot-blank"></div><style id="banner_call">
    #oyl39 {
        position: fixed;
        bottom: 0;
        left: 0;
        z-index: 20;
        width: 100%;
        height: 52px;
        background: #ffffff;
        opacity: 1;
        border-top: 1px solid #e0e0e0;
    }
    #oyl39_1 {
        pointer-events: auto;
        height: 52px;
        margin-left: 46px;
    }
    .oyl39_2 {
        border: none;
        height: 36px;
        width: 36px;
        position: absolute;
        bottom: 8px;
        left: 46px;
        background: url(//m.baidu.com/static/search/baiduapp_icon.png) no-repeat;
        background-size: 36px 36px;
        -webkit-background-size: 36px 36px;
    }
    .oyl39_3 {
        position: absolute;
        top: 11px;
        left: 94px;
        color: #333333;
        font-family: 微软雅黑;
        text-align: left;
    }
    .oyl39_4, .oyl39_4:visited {
        display: inline-block;
        height: 26px;
        line-height: 26px;
        width: 62px;
        position: absolute;
        bottom: 13px;
        right: 16px;
        border: 1px solid #dddddd;
        border-radius: 2px;
        color: #333333;
        font-size: 12px;
        text-align: center;
        box-sizing: border-box;
    }
    #oyl39_5 {
        pointer-events: auto;
        position: absolute;
        height: 36px;
        width: 36px;
        margin-top: 8px;
        margin-bottom: 8px;
        margin-left: 8px;
        background: url("data:image/png;base64,iVBORw0KGgoAAAANSUhEUgAAACQAAAAkCAMAAADW3miqAAAAWlBMVEUAAADIyMjIyMjIyMjIyMjIyMjIyMjIyMjIyMjIyMjIyMjIyMjIyMjIyMjIyMjIyMjIyMjIyMjIyMjIyMjIyMjIyMjIyMjIyMjIyMjIyMjIyMjIyMjMzMzJyckp+DWuAAAAHHRSTlMAAeqVx9gsK84J+qWbaSEVA1nsNESxRe2GG7Ja/WGWnQAAAQ9JREFUOMuN1O2ugjAMBuAK4ziYG1/K0XPa+79N0XQreTWB/tqyJ+kGbWkbKQY/dd3kQ0z0NYbRibCGiBuHT3NtVBTXXIG0FyPGLu3W9E4NKNdvjKXClEW1zgwqlzPCfeBe+i4woN5vHBrdiWLYNcOKRt3d2lrMVPMsuhxX5FjR6VRLMT+UETuiVA7qlyrmXJWDRFEYFBiWSIEZlBmNQJ5RoWFPE4O6o+Ff6hgUoeEOUfUgugsDsnT6rkf5EpbOgzlXNSpPAY0IqkBRwDCDkkhJ0KCSZD9YZjWq/jJyViorml8mq/aWl6MWHdQZFt1++S4HG2G/pY41Z1FevhrfHx4YFsvn6Fn2h9j/AGBnHD4B8aRi2FatCHAAAAAASUVORK5CYII=") no-repeat;
        background-size: cover;
        background-size: 18px 18px;
        background-position-x: 8px;
        background-position-y: 9px;
    }
    .oyl39_3 p:last-child {
        color: #999;
        font-size: 12px;
        line-height: 20px;
    }
    .oyl39_3 p:first-child {
        color: #333;
        font-size: 16px;
        line-height: 16px;
        font-weight: bold;
    }
</style>
<div id="oyl39">
    <div id="oyl39_5"></div>
    <div id="oyl39_1">
        <div class="oyl39_2"></div>
        <div class="oyl39_3">
            <p>手机百度</p>
            <p>L姓艺人生日突降蛋糕雨</p>
        </div>
        <span class="oyl39_4">打开</span>
    </div>
</div></div><textarea class="input-hidden" style="width: 246px;">中文+TesterHome</textarea><script type="text/javascript">var zbBanner = {switch: '1',startTime: '20170626',endTime: '20170627',name: 'lihongyi0626jieguoye',ios8Up: 'https://itunes.apple.com/app/apple-store/id382201985?pt=328057&amp;ct=n-wise1-20151120&amp;mt=8',ios8Down: 'https://itunes.apple.com/app/apple-store/id382201985?pt=328057&amp;ct=n-wise1-20151120&amp;mt=8',android: 'http://dl.ops.baidu.com/baidusearch_AndroidPhone_1014636j.apk',jump: '1',jumpUrl: 'https://m.baidu.com/s?word=%E6%9D%8E%E5%AE%8F%E6%AF%85',text: 'L姓艺人生日突降蛋糕雨',isSearch: '0',searchUrl: '中文+TesterHome',isAndroid: '1',openBdBox: '1',buttonText: ''};require(['modules/invoke/app/banner', 'utils/storage'], function (banner, storage) {B.on('init', function () {banner(zbBanner, 'oyl39', storage.ls, B.log);});});</script></div><textarea data-lsid="plus_tpl_search" data-tpl="search-card" style="display:none">&lt;style type='text/css' class='spa-index-style'&gt;.se-box{position:absolute;width:100%}#search-card{min-height:480px}#search-card #head,#search-card #head .logo,#search-card #more,#search-card .loading .ico-rotate{position:relative}#search-card #head .logo,#search-card .h-tab,#search-card .loading .ico-rotate,#search-card .arrow{display:block}#search-card .h-tabs-flexbox{width:auto;display:-webkit-box;-webkit-box-orient:horizontal;-webkit-box-direction:normal;-webkit-box-pack:justify;-webkit-box-align:stretch;-webkit-box-lines:single;display:-webkit-flex;-webkit-flex-direction:row;-webkit-justify-content:space-between;-webkit-align-items:stretch;-webkit-align-content:flex-start;-webkit-flex-wrap:nowrap}#search-card .searchboxtop{padding:6px 0}#search-card #head{font-size:16px}#search-card #head .logo{background:url(//m.baidu.com/se/static/img/iphone/pagelogo.png) no-repeat;width:87px;height:28px;-webkit-background-size:87px 28px;background-size:87px 28px;margin-top:9px;margin-right:3px}#search-card #h-tabs{color:#666;height:44px;width:100%;padding:0 16px;box-sizing:border-box}#search-card .h-tab{display:inline-block;color:#666}#search-card .tabTx{position:relative;display:inline-block;height:16px;line-height:16px;padding:21px 0 5px;border-bottom:2px solid transparent;width:39px}#search-card .cur{color:#38f;border-bottom:2px solid #38f}#search-card #mo{padding-bottom:2px;padding-right:0;width:44px;text-align:right}#search-card .more-show{color:#38f}#search-card .arrow{display:inline-block;position:relative;top:-2px;right:0}#search-card .arrow::before{content:"\e68d";font-size:13px;display:inline-block;width:9px;height:16px}#search-card .arrow-show::before{content:"\e68e";color:#2d73df}#search-card #more{clear:both;display:none;border-top:1px solid #e0e0e0;border-bottom:1px solid #e0e0e0;background:#f9f9f9;-webkit-box-shadow:inset 1px 0 0 #f9f9f9,inset 0 1px 0 #f0f0f0,inset 0 -1px 0 #f0f0f0,inset -1px 0 0 #f9f9f9;padding:16px 0}#search-card .more-links{margin:0 10px;text-align:center}#search-card .more-links:last-child{margin-top:19px}#search-card .more-links a{display:inline-block;width:25%;color:#666}#search-card .se-form{position:relative;clear:both;margin-left:16px;margin-right:16px;background:#fff;height:45px;border:1px solid #d2d2d2;box-sizing:content-box;border-radius:2px;box-shadow:0 2px 0 0 rgba(0, 0, 0, .03);margin-bottom:2px}#search-card .con-wrap{display:box;display:-moz-box;display:-webkit-box}#search-card .se-inner{width:82px;position:relative;right:0}#search-card .se-input,#search-card .se-encode{display:block;-webkit-box-flex:1;-moz-box-flex:1;box-flex:1;padding:7px 42px 7px 6px;height:45px;line-height:32px;margin:0;font-size:18px;-webkit-appearance:none;-webkit-box-sizing:border-box;-webkit-tap-highlight-color:rgba(255, 255, 255, 0);background-color:transparent;color:#333;resize:none;overflow:hidden;font-family:Arial, Helvetica, sans-serif;border:0;border-radius:0}#search-card .se-bn{color:#38f;text-align:center;width:81px;height:100%;position:absolute;top:0;right:0;z-index:2;border-left:1px solid #f1f1f1;letter-spacing:-1px;box-sizing:border-box}#search-card .se-bn span{font-weight:bold;font-style:normal;font-size:16px}#search-card #page-bd{background-color:#eee;overflow:hidden}#search-card #page-bd .loading,#search-card #page-bd .loadedtips{min-height:480px}#search-card #page-bd .loading{color:#666;font-size:14px}#search-card #page-bd .loading .ico-loading{background:url(//m.baidu.com/static/search/ico-bdlogo.png) left top no-repeat;background-size:21px 24px;width:21px;height:24px;margin:145px auto 27px}#search-card #page-bd .loading .ico-rotate{border:2px solid #e2e2e2;border-left:2px solid #598edc;width:40px;height:40px;-webkit-border-radius:50em;border-radius:50em;left:-11px;top:-9px;-webkit-animation:rotating 700ms linear infinite}@-webkit-keyframes rotating{0%{-webkit-transform:rotate(0deg)}100%{-webkit-transform:rotate(360deg)}}#search-card #page-bd .loadedtips{background:url(//m.baidu.com/static/search/load-bg.jpg) center 112px no-repeat;background-size:63px 51px;-webkit-background-size:63px 51px;padding:173px 0 0}#search-card #page-bd .loadedtips .btn{color:#333;border:1px solid #d7d7d7;background:-webkit-gradient(linear, left top, left bottom, from(#f6f6f6), to(#f0f0f0));width:97px;padding:10px 0;margin:10px auto 0;-webkit-box-shadow:0 1px 0 rgba(215, 215, 215, .3)}&lt;/style&gt;&lt;div id="page-hd" class="se-page-hd"&gt;&lt;div id="head"&gt;&lt;div id="h-tabs" class="h-tabs-flexbox"&gt;&lt;a class="logo" href="/?ref=www_itl&amp;ms=1"&gt;&lt;/a&gt;&lt;a class="h-tab" href="javascript:void(0);"&gt;&lt;span class="tabTx cur" id="wy"&gt;网页&lt;/span&gt;&lt;/a&gt;&lt;a class="h-tab" href="http://map.baidu.com/?newmap=1&amp;amp;ie=utf-8&amp;amp;itj=45&amp;amp;s=s%26wd%3D&amp;amp;ssid=0&amp;amp;from=844b&amp;amp;bd_page_type=1&amp;amp;uid=0&amp;amp;pu=sz@320_1001,ta@iphone_2_5.0_3_537&amp;wtj=ws" data-schema='baidumap://map/place/search?src=wisesearch&amp;query='&gt;&lt;span class="tabTx"&gt;地图&lt;/span&gt;&lt;/a&gt;&lt;a class="h-tab" href="http://tieba.baidu.com/f?mo_device=1&amp;amp;vit=www_nav&amp;amp;kw=&amp;amp;ssid=0&amp;amp;from=844b&amp;amp;bd_page_type=1&amp;amp;uid=0&amp;amp;pu=sz@320_1001,ta@iphone_2_5.0_3_537"&gt;&lt;span class="tabTx"&gt;贴吧&lt;/span&gt;&lt;/a&gt;&lt;a class="h-tab" href="http://mobile.baidu.com/#/search?w=&amp;source=wise_search&amp;f=outer_search"&gt;&lt;span class="tabTx"&gt;应用&lt;/span&gt;&lt;/a&gt;&lt;a class="h-tab" href="javascript:void(0);" id="switchBt"&gt;&lt;span id="mo" class="tabTx more"&gt;更多&lt;span id="arr" class="sicon-ar arrow"&gt;&lt;/span&gt;&lt;/span&gt;&lt;/a&gt;&lt;/div&gt;&lt;div id="more"&gt;&lt;div class="more-links"&gt;&lt;a href="http://m.news.baidu.com/news?fr=searchresult01&amp;amp;ssid=0&amp;amp;from=844b&amp;amp;bd_page_type=1&amp;amp;uid=0&amp;amp;pu=sz@320_1001,ta@iphone_2_5.0_3_537#search/"&gt;新闻&lt;/a&gt;&lt;a href="http://wapiknow.baidu.com/index/?st=3&amp;amp;ref=&amp;amp;word=&amp;amp;ssid=0&amp;amp;from=844b&amp;amp;bd_page_type=1&amp;amp;uid=0&amp;amp;pu=sz@320_1001,ta@iphone_2_5.0_3_537"&gt;知道&lt;/a&gt;&lt;a href="http://wapbaike.baidu.com/search?st=3&amp;amp;ref=&amp;amp;word=&amp;amp;ssid=0&amp;amp;from=844b&amp;amp;bd_page_type=1&amp;amp;uid=0&amp;amp;pu=sz@320_1001,ta@iphone_2_5.0_3_537"&gt;百科&lt;/a&gt;&lt;a href="http://image.baidu.com/search/wiseala?tn=wiseala&amp;amp;iswiseala=1&amp;amp;ie=utf8&amp;amp;wiseps=1&amp;amp;word="&gt;图片&lt;/a&gt;&lt;/div&gt;&lt;div class="more-links"&gt;&lt;a href="http://m.baidu.com/s?tn=bdx&amp;amp;st=105141&amp;amp;word=&amp;amp;ssid=0&amp;amp;from=844b&amp;amp;bd_page_type=1&amp;amp;uid=0&amp;amp;pu=sz@320_1001,ta@iphone_2_5.0_3_537"&gt;小说&lt;/a&gt;&lt;a href="http://wk.baidu.com/search?ref=&amp;amp;word=&amp;amp;ssid=0&amp;amp;from=844b&amp;amp;bd_page_type=1&amp;amp;uid=0&amp;amp;pu=sz@320_1001,ta@iphone_2_5.0_3_537"&gt;文库&lt;/a&gt;&lt;a href="http://music.baidu.com/s?f=ms&amp;amp;itn=baidump3mobile&amp;amp;rf=mobile&amp;amp;ct=671088640&amp;amp;lf=&amp;amp;rn=20&amp;amp;lm=0&amp;amp;gate=33&amp;amp;ie=utf-8&amp;amp;ref=&amp;amp;key=&amp;amp;ssid=0&amp;amp;from=844b&amp;amp;bd_page_type=1&amp;amp;uid=0&amp;amp;pu=sz@320_1001,ta@iphone_2_5.0_3_537"&gt;音乐&lt;/a&gt;&lt;a href="http://m.video.baidu.com?ie=utf-8&amp;amp;ref=&amp;amp;wtj=ws&amp;amp;ssid=0&amp;amp;from=844b&amp;amp;bd_page_type=1&amp;amp;uid=0&amp;amp;pu=sz@320_1001,ta@iphone_2_5.0_3_537#search="&gt;视频&lt;/a&gt;&lt;/div&gt;&lt;/div&gt;&lt;/div&gt;&lt;div class="searchboxtop"&gt;&lt;form data-formposition="t" class="se-form" id="se-form" action="/from=844b/s" method="get"&gt;&lt;div class="con-wrap"&gt;&lt;div class="se-bearicon"&gt;&lt;/div&gt;&lt;textarea autocomplete="off" autocorrect="off" maxlength="64" id="kw" name="word" class="se-input adjust-input"&gt;&lt;/textarea&gt;&lt;div class="se-inner"&gt;&lt;div id="cross" class="cross"&gt;&lt;/div&gt;&lt;div class="callicon-wrap"&gt;&lt;div class="baiduapp-icon"&gt;&lt;/div&gt;&lt;div class="baiduappcall-wrap"&gt;&lt;div class="qrcode call" data-ac="active"&gt;&lt;/div&gt;&lt;input id="ts-image-uploader" type="file" data-role="uploader" accept="image/*" style="display:none;"&gt;&lt;div class="voice call" data-ac="active"&gt;&lt;/div&gt;&lt;/div&gt;&lt;/div&gt;&lt;button id="se-bn" class="se-bn" type="submit"&gt;&lt;span&gt;百度一下&lt;/span&gt;&lt;/button&gt;&lt;/div&gt;&lt;/div&gt;&lt;div id="se-box" class="se-box"&gt;&lt;/div&gt;&lt;input type="hidden" name="rq" value=""/&gt;&lt;input type="hidden" name="ss" value="0"/&gt;&lt;input type="hidden" name="ts" value="0"/&gt;&lt;input type="hidden" name="t_kt" value="0"/&gt;&lt;input type="hidden" name="ms" value="1"/&gt;&lt;input type="hidden" name="dit" value="0"/&gt;&lt;input type="hidden" name="sa" value="tb"/&gt;&lt;/form&gt;&lt;/div&gt;&lt;/div&gt;&lt;div class="search-page"&gt;&lt;div id="page-bd" class="se-page-bd"&gt;&lt;div class="page-load" id="page-load"&gt;&lt;div class="loading"&gt;&lt;div class="ico-loading"&gt;&lt;span class="ico-rotate"&gt;&lt;/span&gt;&lt;/div&gt;正在加载，请稍候...&lt;/div&gt;&lt;/div&gt;&lt;div id="page-tips" class="se-page-tips"&gt;&lt;/div&gt;&lt;div id="results-top"&gt;&lt;/div&gt;&lt;div id="results" class="results"&gt;&lt;/div&gt;&lt;div id="page-relative" class="se-page-relative"&gt;&lt;/div&gt;&lt;div id="page-controller" class="se-page-controller"&gt;&lt;/div&gt;&lt;div id="page-rcol" class="se-page-rcol"&gt;&lt;/div&gt;&lt;/div&gt;&lt;div id="page-ft" class="se-page-ft"&gt;&lt;/div&gt;&lt;div id="page-copyright" class="se-page-copyright"&gt;&lt;/div&gt;&lt;div id="foot-blank" class="se-foot-blank"&gt;&lt;/div&gt;&lt;/div&gt;</textarea></div><div id="index-view" style="display: none" class="noTapColor"></div><div id="index-modal"></div><input type="hidden" id="commonBase" data-from="844b" data-prepath="ssid=0#from=844b#bd_page_type=1#uid=0#pu=sz%40320_1001%2Cta%40iphone_2_5.0_3_537%2Cusm%401#baiduid=63A3346FC928A03FE546E7FC530F4D9C" data-lid="10687942014033828209" data-sugsid="116884,102571,108267,100183,36,116336,115653,109814,103569,117227,107320,117288,117270,116810,117348,117328,117237,117230,117120,117085,116996,117172,117315,117135,116309,115538,116689,116893,116387,117182,115350,116411,116522,110085,117027" data-hissid="116884,102571,108267,100183,116297,116336,115653,109814,103569,117227,107320,117288,117270,116810,117348,117328,117237,117230,117120,117085,116996,117172,117315,117135,116309,115538,116689,116893,116387,117182,115350,116411,116522,110085,117027" data-ms="1" data-gps="all" data-tanet="1" data-taspeed="292" data-browser="applewebkit" data-browserid="3" data-browserversion="537" data-osid="2" data-iphoneid="" data-spa="1" data-logid="3909137074" data-spd="292" data-sids="116884_102571_108267_100183_116297_116336_115653_109814_103569_117227_107320_117288_117270_116810_117348_117328_117237_117230_117120_117085_116996_117172_117315_117135_116309_115538_116689_116893_116387_117182_115350_116411_116522_110085_117027" data-lsprefix="index_plus_ls_" data-loginorder="after" data-pn="0" data-rn="10" data-ref="www_iphone" data-ss="100" data-ts="0" data-sa="tb" data-query="%E4%B8%AD%E6%96%87%2BTesterHome" data-path="/from=844b/pu=sz%40320_1001" data-prequery="%E4%B8%AD%E6%96%87%2BTesterHome" data-tn="iphone" data-hasnp="1" data-usm="1" data-vit="" data-adflag="0" data-prefetch="1" data-spath="from=844b&amp;pu=sz%40320_1001&amp;ms=1" data-separam="rsv_t=e518gkrzaJ1piirW0KAsZaHziLRW1v5CGhLZJgVPFW1ccrQTqzOKmGgZew&amp;tn=iphone&amp;ms=1" data-nojc="" /><script>(function(b){b.B.fire=function(c,d,e){c=c||"global";a[c]=a[c]||{};a[c][d]=a[c][d]||[];a[c][d].push(e)};var a=b.B.fire.firePool={}})(window);</script><script>(function(a){var b=a.B.$("#commonBase");function c(){try{var j=localStorage.getItem("index_ls_qid");var f=b.getAttribute("data-logid");if(!j){localStorage.setItem("index_ls_qid",f);return}var d=/(\d+)(-(\d+))?$/gi.exec(j);if(d&amp;&amp;d[1]===f){if(d[3]){f=f+"-"+(+d[3]+1)}else{f=f+"-1"}B.fire("inline/detectReload","back",{times:f.substr(f.indexOf("-")+1)})}localStorage.setItem("index_ls_qid",f);b.setAttribute("data-logid",f);b.setAttribute("data-lid",f);window.sSession=window.sSession||{};document.querySelectorAll('[name="rsv_iqid"]')[0].value=f;var g=b.getAttribute("data-prepath").replace(/#qid=(.+)(#|$)/gi,"#qid="+f);b.setAttribute("data-prepath",g)}catch(h){}var i=/plus_lsv=([\w\d]+)(;|$)/.exec(document.cookie);if(i&amp;&amp;i[1]==="fc94d5aeed0595df"){var k=new Date();k.setTime(k.getTime()-1);document.cookie="plus_lsv=null;domain=.baidu.com;expires="+k.toUTCString()}}c()})(window);</script><script>window.sSession = window.sSession || {};window.sSession = {newIndexTplName: 'baidu',curtabId: "1",tabSets: [{id: "0", name:"mine"},{id: "1", name:"news"}],isLogin: "",loginGuide: {show: "",guideTitle: "",guideCard: ""},hasBg: 0,netSwitch: 1,osid: "",browserid: "",netType: "1",isWifi: "1",ssid: "0",pu: "sz%40320_1001%2Cta%40iphone_2_5.0_3_537",from: "844b",sids: "116884_102571_108267_100183_116297_116336_115653_109814_103569_117227_107320_117288_117270_116810_117348_117328_117237_117230_117120_117085_116996_117172_117315_117135_116309_115538_116689_116893_116387_117182_115350_116411_116522_110085_117027",Sid: "[\x22116884\x22,\x22102571\x22,\x22108267\x22,\x22100183\x22,\x22116297\x22,\x22116336\x22,\x22115653\x22,\x22109814\x22,\x22103569\x22,\x22117227\x22,\x22107320\x22,\x22117288\x22,\x22117270\x22,\x22116810\x22,\x22117348\x22,\x22117328\x22,\x22117237\x22,\x22117230\x22,\x22117120\x22,\x22117085\x22,\x22116996\x22,\x22117172\x22,\x22117315\x22,\x22117135\x22,\x22116309\x22,\x22115538\x22,\x22116689\x22,\x22116893\x22,\x22116387\x22,\x22117182\x22,\x22115350\x22,\x22116411\x22,\x22116522\x22,\x22110085\x22,\x22117027\x22,\x22104330\x22]",logid: window.sSession.logid || "3909137074",abnormal: "1",strategy: "emptycookiebaiduid",multitab: "1",tabs: window.sSession.tabs,isFeedserver: "0",feedserverUrl: "https:\/\/feed.baidu.com\/"};var sDomain = {isOrp: 1,ismigratetab: "1",host: 'https:\/\/feed.baidu.com',ssllist: {"t10.baidu.com":"ss0.baidu.com\/6ONWsjip0QIZ8tyhnq","t11.baidu.com":"ss1.baidu.com\/6ONXsjip0QIZ8tyhnq","t12.baidu.com":"ss2.baidu.com\/6ONYsjip0QIZ8tyhnq","1.su.bdimg.com":"ss0.bdstatic.com\/k4oZeXSm1A5BphGlnYG","a.hiphotos.baidu.com":"ss0.baidu.com\/94o3dSag_xI4khGko9WTAnF6hhy","b.hiphotos.baidu.com":"ss1.baidu.com\/9vo3dSag_xI4khGko9WTAnF6hhy","c.hiphotos.baidu.com":"ss3.baidu.com\/9fo3dSag_xI4khGko9WTAnF6hhy","d.hiphotos.baidu.com":"ss0.baidu.com\/-Po3dSag_xI4khGko9WTAnF6hhy","e.hiphotos.baidu.com":"ss1.baidu.com\/-4o3dSag_xI4khGko9WTAnF6hhy","f.hiphotos.baidu.com":"ss2.baidu.com\/-vo3dSag_xI4khGko9WTAnF6hhy","g.hiphotos.baidu.com":"ss3.baidu.com\/-fo3dSag_xI4khGko9WTAnF6hhy","h.hiphotos.baidu.com":"ss0.baidu.com\/7Po3dSag_xI4khGko9WTAnF6hhy","timg01.baidu-img.cn":"ss3.bdstatic.com\/6Ls0a7b-KgQFm2e889WK1HF6hq","bj.bs.baidu.com":"ss0.baidu.com\/9r-1bina2gU2pMbgoY3K","img0.imgtn.bdimg.com":"ss0.bdstatic.com\/70cFvHSh_Q1YnxGkpoWK1HF6hhy","img1.imgtn.bdimg.com":"ss1.bdstatic.com\/70cFvXSh_Q1YnxGkpoWK1HF6hhy","img2.imgtn.bdimg.com":"ss2.bdstatic.com\/70cFvnSh_Q1YnxGkpoWK1HF6hhy","img3.imgtn.bdimg.com":"ss3.bdstatic.com\/70cFv8Sh_Q1YnxGkpoWK1HF6hhy","img4.imgtn.bdimg.com":"ss0.bdstatic.com\/70cFuHSh_Q1YnxGkpoWK1HF6hhy","img5.imgtn.bdimg.com":"ss1.bdstatic.com\/70cFuXSh_Q1YnxGkpoWK1HF6hhy","himg.bdimg.com":"ss1.bdstatic.com\/7Ls0a8Sm1A5BphGlnYG","cdn01.baidu-img.cn":"ss0.bdstatic.com\/9bA1vGfa2gU2pMbfm9GUKT-w","cdn00.baidu-img.cn":"ss0.bdstatic.com\/9bA1vGba2gU2pMbfm9GUKT-w","gedftnj8mkvfefuaefm.exp.bcevod.com":"ss0.bdstatic.com\/-b1Caiqa0d9Bmcmop9aC2jh9h2w8e4_h7sED0YQ_t9iCPK","v1.bdstatic.com":"ss0.bdstatic.com\/6uN1bjq8AAUYm2zgoY3K","bos.box.bdimg.com gss3.bdstatic.com\/9rkZsjib41gCpNKfpU_Y_D3":""},staticUrl: "https:\/\/gss0.bdstatic.com\/5bd1bjqh_Q23odCf\/"};</script><script data-lsid="plus_js_bottom">(function(){var d=window.B||{};var a=false;function b(h){if(h===a){return}a=h;var j=Array.prototype.slice;var f=/(word=|w=|kw=|search-|key=|s=s%26wd%3D|#search\/|#search=)(.*?)(&amp;|$)/i;var e=/(word=)(.*?)(&amp;|$)/;var g=j.call(d.$$(".se-input, se-encode"));g.forEach(function(m,n){var l=m.tagName.toLowerCase();if(l==="input"||l==="textarea"){m.value=h}else{m.innerText=h}});if(h){d.$("title").innerText=h+" - 百度";var k=j.call(d.$$("a.h-tab, .more-links &gt; a"));k.forEach(function(l,m){var o=l.getAttribute("href");if(o){o=o.replace(f,"$1"+encodeURIComponent(h)+"$3");l.setAttribute("href",o);if(l.innerText.trim()==="地图"){var n=l.getAttribute("data-schema").replace(/(query=).*/,"$1");l.setAttribute("data-schema",n+encodeURIComponent(h))}}});var i=j.call(d.$$("#page_copyright .switch-to-utouch, #page_copyright .feedback"));i.forEach(function(m){var l=m.getAttribute("href");l=l.replace(e,"$1"+encodeURIComponent(h)+"$3");m.setAttribute("href",l)})}else{d.$("title").innerText="百度一下"}}var c=d.$("#commonBase").getAttribute("data-query");if(c){b(decodeURIComponent(c))}d.chgParam=b}());;(function(){var g=window.B||{};g.indexStyles=[].slice.call(g.$$(".spa-index-style"));g.searchStyles=[];window.addEventListener("load",function(){g.windowLoaded=true},false);var a=false;var d=false;var c=g.$("#commonBase");var b=!!c.getAttribute("data-pagetimer");function f(j,k,h){var i=h?j+k+"@"+h:j+k+"";return i}function e(i){var h=this,k=i;h.conf={};for(var j in k){h.conf[j]=k[j]}if(b){h.speed={tag:"index",start:(new Date).getTime()}}h.exeCodeQueue=[];h.exeCoderQueue={};h.pubVersion={};switch(h.conf.type){case"index":h.init=h.indexInit;break;case"search":h.init=h.searchInit;break;case"search-newi":h.init=h.searchNewiInit;break}h.init();return h}e.prototype={indexInit:function(){var h=this,j,i;h.prefix=c.getAttribute("data-lsprefix");j=g.$("body").getAttribute("data-version").split(",");j.forEach(function(k,l){i=k.split("@");h.pubVersion[i[0]]=i[1];h.exeCodeQueue.push(i[0])});h.compareVersion();return h},searchInit:function(){var h=this;h.prefix="search_ls_";h.chgVersion=1;g.chgParam(h.conf.query);return h},searchNewiInit:function(){var h=this;h.prefix="search_ls_";h.chgVersion=1;g.chgParam(h.conf.query);return h},compareVersion:function(){var h=this,j="",i;h.chgVersion=0;h.requestStr="";for(var k in h.pubVersion){i=h.pubVersion[k];j=f(h.prefix,k,i);if(g.lsSupport){if(!localStorage.getItem(j)){i=0,h.chgVersion=1}}else{i=0,h.chgVersion=1}h.requestStr+=","+k+"@"+i}h.requestStr=h.requestStr.substr(1);return h},executeCode:function(w){var t=this,r,v,o;switch(t.conf.type){case"index":t.lsCode=w?w:{};break;case"search":if(t.searchJSDone){t.exeCodeQueue=[];break}t.exeCodeQueue=[];t.lsCode=w.lscode?w.lscode:"";if(t.lsCode){for(var k in t.lsCode){t.exeCodeQueue.push(k)}}else{for(var k in localStorage){k.indexOf(t.prefix)==0&amp;&amp;t.exeCodeQueue.push(k)}}break;case"search-newi":if(t.searchJSDone){t.exeCoderQueue={};break}t.exeCoderQueue={top:[],mid:[],btm:[],deal:[]};var q=document.getElementsByClassName("code-to-write");for(n=0;n&lt;q.length;n++){q[n].parentNode.removeChild(q[n])}for(var v in w.html){if(v.indexOf("cooder_")===0){if(v.indexOf("_frame")&gt;-1){t.exeCoderQueue.btm.push(v)}else{if(v.indexOf("_deal")&gt;-1){t.exeCoderQueue.deal.push(v)}else{if(v.indexOf("_top")&gt;-1){t.exeCoderQueue.top.push(v)}else{if(v.indexOf("_btm")&gt;-1){t.exeCoderQueue.btm.push(v)}else{t.exeCoderQueue.mid.push(v)}}}}}}break}if(t.conf.type==="search-newi"){var s=document.createElement("div");t.exeCoderQueue.top.forEach(function(p,j){s.innerHTML+=w.html[p]});t.exeCoderQueue.mid.forEach(function(p,j){s.innerHTML+=w.html[p]});t.exeCoderQueue.btm.forEach(function(p,j){s.innerHTML+=w.html[p]});for(var n=0;n&lt;s.children.length;n++){var h=s.children[n];var m;switch(h.tagName.toLowerCase()){case"script":m=document.createElement("script");m.type="text/javascript";break;case"style":m=document.createElement("style");break;default:continue;break}m.innerHTML=h.innerHTML;var u=h.attributes;for(var l in u){if(u[l].name&amp;&amp;u[l].value&amp;&amp;u[l].value!=="undefined"){m.setAttribute(u[l].name,u[l].value)}}document.head.insertBefore(m,document.head.lastChild)}var x=[];t.exeCoderQueue.deal.forEach(function(j,p){x.push(w.html[j])});window.addEventListener("deal-btm",function(){x.forEach(function(j,p){$("body").append(j)});window.removeEventListener("deal-btm",arguments.callee)},false)}else{t.exeCodeQueue.forEach(function(j,p){if(t.lsCode&amp;&amp;t.lsCode[j]&amp;&amp;t.lsCode[j].data){v=j;r=t.lsCode[j].data}else{if(g.lsSupport){v=f(t.prefix,j,t.pubVersion[j]);r=localStorage.getItem(v)}}if(!r){t.expireCookie({key:"lsv",val:""});location.href=t.redirectURL();return false}else{if(!d||(t.lsCode[j]&amp;&amp;!t.lsCode[j].widget)){var y;if(v.indexOf("js")!=-1){y=document.createElement("script");y.id=t.prefix+j;y.type="text/javascript";if(y.id==="search_ls_js_btm"){window.addEventListener("deal-btm",function(){document.body.appendChild(y);window.removeEventListener("deal-btm",arguments.callee)},false)}else{document.body.appendChild(y)}}if(v.indexOf("css")!=-1){y=document.createElement("style");y.id=t.prefix+j;if(y.id.match(/^index_(?:plus_)?ls/)){g.indexStyles.push(y)}else{g.searchStyles.push(y)}y.type="text/css";if(y.id==="search_ls_css_btm"){window.addEventListener("deal-btm",function(){document.body.appendChild(y);window.removeEventListener("deal-btm",arguments.callee)},false)}else{document.head.appendChild(y)}}y.className=v;y.innerHTML=r}}})}if(b){if(t.conf.type=="index"){PageTimer.combo_code=new Date().getTime()-PageTimer.start}}t.setExecuteTag();return t},setExecuteTag:function(){var h=this;switch(h.conf.type){case"index":d=true;break;case"search":a=true;break;case"search-newi":a=true;break}return h},jsonpRequest:function(q){var n=this,o=q,p;var m;var j=c.getAttribute("data-sids")||"";if(j){j="&amp;sid="+j}if(n.chgVersion){p=document.createElement("script");p.type="text/javascript";switch(n.conf.type){case"index":p.src="?action=static&amp;ms=1&amp;"+(n.prefix=="index_ls_"?"cl=1&amp;":"")+"version="+n.requestStr+"&amp;callback=B.getCode&amp;r="+Math.floor(Math.random()*1000)+j;break;case"search":n.urlParamsUpdate();var h=n.conf.query;var i="/s?word="+encodeURIComponent(h)+"&amp;mod=0&amp;callback=B.getCode&amp;at=3&amp;"+n.urlParam;if(n.conf.sa){i+="&amp;sa="+n.conf.sa}var k=c.getAttribute("data-logid");if(k){i+="&amp;isid="+k}n.jumpURL=p.src=i;break;case"search-newi":n.urlParamsUpdate();var h=n.conf.query;var i="/s?word="+encodeURIComponent(h)+"&amp;mod=0&amp;callback=B.getCode&amp;at=3&amp;"+n.urlParam;if(n.conf.sa){i+="&amp;sa="+n.conf.sa}var k=c.getAttribute("data-logid");if(k){i+="&amp;isid="+k}n.jumpURL=p.src=i;break}if(n.conf.type==="search"&amp;&amp;typeof g.prefetch!=="undefined"){var h=n.conf.query;var l=g.prefetch.search({word:h,params:g.prefetch.buildSearchParams(h,{}),type:"ajax"},function(r){g.getCode(r,n.speed,l)});if(n.speed){n.speed.cacheStatus=l.cacheStatus}n.cacheObj=l}else{if(n.conf.type==="search-newi"&amp;&amp;typeof g.prefetch!=="undefined"){var h=n.conf.query;var l=g.prefetch.search({word:h,params:g.prefetch.buildSearchParams(h,{}),type:"ajax"},function(r){g.getCode(r,n.speed,l)});if(n.speed){n.speed.cacheStatus=l.cacheStatus}n.cacheObj=l}else{n.scLoaded=false;p.onload=function(){clearTimeout(p.scId);n.scLoaded=true};p.onerror=function(){location.href=n.redirectURL()};p.src&amp;&amp;document.body.appendChild(p);p.scId=setTimeout(function(){if(!n.scLoaded){location.href=n.redirectURL()}},30000)}}if(b){}}else{n.executeCode();if(n.conf.type==="index"){n.clearLocal()}}return n},saveCode:function(){var h=this,k,j,i;if(g.lsSupport){switch(h.conf.type){case"index":for(var l in h.lsCode){k=f(h.prefix,l,h.lsCode[l].version);localStorage.setItem(k,h.lsCode[l].data)}break;case"search":for(var l in h.lsCode){k=f(h.prefix,l);!!h.lsCode[l].data&amp;&amp;localStorage.setItem(k,h.lsCode[l].data);j=h.lsCode[l]?h.lsCode[l].version:""}!!j&amp;&amp;h.setCookie({key:"lsv",val:j});break}}return h},setCookie:function(i){var h=this,j=i.key,l=i.val,k=new Date();k.setTime(k.getTime()+7*24*3600*1000);document.cookie=j+"="+l+";domain="+document.domain+";path=/;expires="+k.toGMTString()+";";document.cookie=j+"="+l+";domain=.m.baidu.com;path=/;expires="+k.toGMTString()+";";return h},expireCookie:function(i){var h=this,j=i.key,l=i.val,k=new Date();k.setTime(k.getTime()-1);document.cookie=j+"="+l+";domain="+document.domain+";path=/;expires="+k.toGMTString()+";";document.cookie=j+"="+l+";domain=.m.baidu.com;path=/;expires="+(new Date()).toGMTString()+";";return h},redirectURL:function(){var h=this;return h.jumpURL.replace("&amp;mod=0","").replace("&amp;callback=B.getCode","").replace("&amp;at=3","")},clearLocal:function(){var h=this;var i;if(g.lsSupport){for(var j in localStorage){if(j.indexOf(h.prefix)==0){i=j.replace(h.prefix,"").split("@");!!h.pubVersion[i[0]]&amp;&amp;h.pubVersion[i[0]]!=i[1]&amp;&amp;localStorage.removeItem(j)}}}return h},urlParamsUpdate:function(){var h=this;h.urlParam="";h.urlParam=c.getAttribute("data-prepath").replace(/#/g,"&amp;");h.urlParam+="&amp;rn=10&amp;wpo=base";"from pu ss st sa rq dit ms".split(" ").forEach(function(j){var k=c.getAttribute("data-"+j);if(k&amp;&amp;k!=="0"){h.urlParam+="&amp;"+j+"="+k}});var i=(new Date).getTime().toString();h.urlParam+="&amp;ts="+i.substr(-7);return h}};g.localStore=function(i){var h=i||{};h.type=h.type?h.type:"index";var j=new e(h);g.getCode=function(l,o,k){if(b){if(j.conf.type=="index"){PageTimer.combo_net=new Date().getTime()-PageTimer.start}}switch(j.conf.type){case"index":!!l&amp;&amp;j.executeCode(l).saveCode().clearLocal();break;case"search":try{k=k||j.cacheObj;if(k){var n=k.word,m=k.item;if(m.params.mod==1){g.prefetch.confirm(k)}g.prefetch.isid=k.data.logid}o=o||j.speed;if(o){o.executeCode=(new Date).getTime()}!!l&amp;&amp;!a&amp;&amp;j.executeCode(l).saveCode();if(o){o.afterExecuteCode=(new Date).getTime()}$("body").trigger("singleRender",[l.html,o,j.jumpURL]);j.speed=false;j.jumpURL=""}catch(p){j.expireCookie({key:"lsv",val:""});location.href=j.redirectURL()}break;case"search-newi":try{k=k||j.cacheObj;if(k){var n=k.word,m=k.item;if(m.params.mod==1){g.prefetch.confirm(k)}g.prefetch.isid=k.data.logid}o=o||j.speed;if(o){o.executeCode=(new Date).getTime()}!!l&amp;&amp;!a&amp;&amp;j.executeCode(l).saveCode();if(o){o.afterExecuteCode=(new Date).getTime()}$("body").trigger("singleRender",[l.html,o,j.jumpURL]);j.speed=false;j.jumpURL=""}catch(p){j.expireCookie({key:"lsv",val:""});location.href=j.redirectURL()}break}};j.jsonpRequest();return j};window.B=g}());;(function(){var b=window.B||{};var c=window;function j(){b.$("#search-card").innerHTML=b.$("[data-tpl=search-card]").value;b.$("#se-form").setAttribute("action",b.$("#index-form").getAttribute("action"))}var b=window.B||{};var g=b._hash;var h=b._query;var e=b.$("#commonBase");if(h){j();b.SPA={lastQuery:h};document.body.setAttribute("data-cur-page","search");var f={type:"search-newi",query:h};var i=g.match(/(\|sa_)(.*?)(\||$)/);if(i){i=decodeURIComponent(i[2]);f.sa=i}var a=b.localStore(f);if(e.getAttribute("data-pagetimer")){a.speed.loading=(new Date).getTime();a.speed.cacheStatus=0}e.setAttribute("data-query",encodeURIComponent(h));setTimeout(function(){window.scrollTo(0,38)},0)}else{if(!/inormal|ipassive|iact/.test(location.hash)){if(location.hash.indexOf("iview=skin")&gt;-1){}else{location.hash=""}}document.body.setAttribute("data-cur-page","index");b.ready(function(){e.setAttribute("data-ref","index_iphone");j();b.localStore({type:"index"})});if(!(/#iact=wiseindex/.test(c.location.href))&amp;&amp;!(/#iview=skin/.test(c.location.href))){var d=new Image();d.src="//hpd.baidu.com/v.gif?tid=13&amp;ct=1&amp;cst=1&amp;logFrom=index&amp;logInfo=index&amp;"+e.getAttribute("data-prepath").replace(/#/g,"&amp;")+"&amp;sid="+e.getAttribute("data-sids")+"&amp;logid="+c.sSession.logid+"&amp;ref=index_iphone&amp;r=l"+(+new Date())}}}());;</script><script>!function(v){function b(mod,v,b){v||(mod="global");var g=[];if(k[mod]=k[mod]||{},k[mod][v]=k[mod][v]||[],k[mod][v].push(b),w[mod]&amp;&amp;w[mod][v]){for(var i=0,h=w[mod][v].length;h&gt;i;i++){var y=w[mod][v][i],P=y.callback&amp;&amp;y.callback.call({event:v},b);P&amp;&amp;g.push(P),w[mod][v][i].once&amp;&amp;(w[mod][v]=null)}return g}return null}function g(mod,v,b,g){v?"string"==typeof v&amp;&amp;(v=[v]):mod="global",g=g||{},w[mod]=w[mod]||{};for(var h in v){var y=v[h];if(w[mod][y]=w[mod][y]||[],w[mod][y].push({once:g.once,callback:b}),g.listenpre&amp;&amp;k[mod]&amp;&amp;k[mod][y])for(var i in k[mod][y])b&amp;&amp;b.call({event:y},k[mod][y][i])}}function h(mod,v){v||(mod="global");for(var b=w[mod][v]||{},i=0;i&lt;b.length&amp;&amp;b[i]!==v;i++)w[mod][v].slice(i,1)}var k=v.rain.event.firePool||{},w={};v.define&amp;&amp;define("rain_event",function(require,exports){exports.listen=g,exports.fire=b,exports.unlisten=h}),v.rain.event.listen=g,v.rain.event.unlisten=h,v.rain.event.fire=b}(window);;(function (global) {function rainInit() {define("rain_fileLoader",function(){function h(h,v){var y=document.createElement("script");y.setAttribute("type","text/javascript"),y.setAttribute("src",h),y.setAttribute("defer","defer"),y.onload=v,document.getElementsByTagName("head")[0].appendChild(y)}return{loadJs:h}}),define("rain_kernel",function(require,exports){function h(h,v){this.compName=h,this.moduleId=v}function v(topDom){var h=topDom.on;return topDom.on=function(){h.apply(topDom,arguments)},topDom}function y(){rain.event.listen("rainBase","removeComponent",function(h){M[h.currentId].rainUmount()},{listenpre:!0})}function w(w){function L(v){var y=$('script[data-rain-id="'+v+'"]'),module=y.attr("data-rain-module");M[v]=new h(module,v),require(["rain_fileLoader"],function(h){rain.fileLoader=h,h.loadJs(y.eq(0).attr("data-src"),function(){M[v]&amp;&amp;M[v].rainMount(!0),g[module]&amp;&amp;g[module](v)})})}var N=this;N.rain=N.rain||{};"body"!==w&amp;&amp;(w="#"+w);var topDom=$(w),g={};y(),rain.rainshell=function(h,y){g[h]=function(currentId){y.call(b,b.define,b.require,b.rain,v(topDom),currentId)}},N.rain.stack.forEach(L),N.rain.loadModule=L}var M={},b=window,rain=b.rain,L=rain.event;h.prototype={rainDestroy:function(){L.fire(this.moduleId,"diddestroy")},rainMount:function(){L.fire("rainModule/"+this.compName,"didmount",{moduleId:this.moduleId})},rainUmount:function(){$("#"+this.moduleId).remove(),this.rainDestroy(),L.fire("rainModule/"+this.compName,"didunmount",{moduleId:this.moduleId})}},exports.rain=window.rain,exports.event=rain.event,exports.init=w,exports.LifeCycle=h});;require(['rain_kernel'], function (rk) {rk.init('body');});}window.rain.event.listen('global', 'rainStartEvent', rainInit, {listenpre: 1});})(window);</script>
<script type="text/javascript" src="?action=static&amp;ms=1&amp;version=css_page_2@0,css_callapp@0,css_weather@0,css_icon@0,css_plus@0,css_edit@0,css_modal@0,css_widget_sug@0,css_skin@0,js_esl@0,js_zepto@0,js_event@0,js_fastclick@0,js_utils@0,js_smartymonkey@0,js_index@0,js_banner_ctrl@0,js_inputlog@0,js_bdnow@0,js_nctips@0,js_widget_textinput@0,js_widget_sug@0,js_mp@0,js_hash_lib@0,js_skinRenderIndex@0,js_skinIphone@0,js_prefetch@0,js_sug@0,js_iscroll@0,js_init@0,js_geolocation@0,js_login@0,js_tab@0,js_md5@0,js_url@0,js_lswrite@0,js_modal@0,js_thirdparty@0,js_superstart@0,js_baiduloc@0,js_callbaiduapp_android@0&amp;callback=B.getCode&amp;r=690&amp;sid=116884_102571_108267_100183_116297_116336_115653_109814_103569_117227_107320_117288_117270_116810_117348_117328_117237_117230_117120_117085_116996_117172_117315_117135_116309_115538_116689_116893_116387_117182_115350_116411_116522_110085_117027"></script><script id="index_plus_ls_js_esl" type="text/javascript" class="js_esl">var define;var require;var esl;(function(a){var k={};var r=1;var d=2;var n=3;var l=4;var ab={};function F(af){if(!g(af,l)){ab[af]=1}}var t={require:ac,exports:1,module:1};var Z=P();var G;var j={baseUrl:"./",paths:{},config:{},map:{},packages:[],shim:{},waitSeconds:0,bundles:{},urlArgs:{}};function ac(ai,aj){var ag=[];function af(ak){if(ak.indexOf(".")===0){ag.push(ak)}}if(typeof ai==="string"){af(ai)}else{U(ai,function(ak){af(ak)})}if(ag.length&gt;0){throw new Error("[REQUIRE_FATAL]Relative ID is not allowed in global require: "+ag.join(", "))}var ah=j.waitSeconds;if(ah&amp;&amp;(ai instanceof Array)){if(G){clearTimeout(G)}G=setTimeout(z,ah*1000)}return Z(ai,aj)}ac.version="2.0.6";ac.loader="esl";ac.toUrl=Z.toUrl;function z(){var aj=[];var ak=[];var ah={};var ai={};var ag={};function af(ao,an){if(ag[ao]||g(ao,l)){return}ag[ao]=1;if(!g(ao,n)){if(!ah[ao]){ah[ao]=1;aj.push(ao)}}var am=k[ao];if(!am){if(!ai[ao]){ai[ao]=1;ak.push(ao)}}else{if(an){if(!ah[ao]){ah[ao]=1;aj.push(ao)}U(am.depMs,function(ap){af(ap.absId,ap.hard)})}}}for(var al in ab){af(al,1)}if(aj.length||ak.length){throw new Error("[MODULE_TIMEOUT]Hang( "+(aj.join(", ")||"none")+" ) Miss( "+(ak.join(", ")||"none")+" )")}}var m=[];function S(af){U(m,function(ag){s(af,ag.deps,ag.factory)});m.length=0}function x(aj,ai,ah){if(ah==null){if(ai==null){ah=aj;aj=null}else{ah=ai;ai=null;if(aj instanceof Array){ai=aj;aj=null}}}if(ah==null){return}var af=window.opera;if(!aj&amp;&amp;document.attachEvent&amp;&amp;(!(af&amp;&amp;af.toString()==="[object Opera]"))){var ag=p();aj=ag&amp;&amp;ag.getAttribute("data-require-id")}if(aj){s(aj,ai,ah)}else{m[0]={deps:ai,factory:ah}}}x.amd={};function W(){var af=j.config[this.id];if(af&amp;&amp;typeof af==="object"){return af}return{}}function s(ah,ag,af){if(!k[ah]){k[ah]={id:ah,depsDec:ag,deps:ag||["require","exports","module"],factoryDeps:[],factory:af,exports:{},config:W,state:r,require:P(ah),depMs:[],depMkv:{},depRs:[]}}}function B(al){var ai=k[al];if(!ai||g(al,d)){return}var ak=ai.deps;var ah=ai.factory;var aj=0;if(typeof ah==="function"){aj=Math.min(ah.length,ak.length);!ai.depsDec&amp;&amp;ah.toString().replace(/(\/\*([\s\S]*?)\*\/|([^:]|^)\/\/(.*)$)/mg,"").replace(/require\(\s*(['"])([^'"]+)\1\s*\)/g,function(an,am,ao){ak.push(ao)})}var ag=[];var af=[];U(ak,function(an,am){var aq=O(an);var ap=Y(aq.mod,al);var ar;var ao;if(ap&amp;&amp;!t[ap]){if(aq.res){ao={id:an,mod:ap,res:aq.res};af.push(an);ai.depRs.push(ao)}ar=ai.depMkv[ap];if(!ar){ar={id:aq.mod,absId:ap,hard:am&lt;aj};ai.depMs.push(ar);ai.depMkv[ap]=ar;ag.push(ap)}}else{ar={absId:ap}}if(am&lt;aj){ai.factoryDeps.push(ao||ar)}});ai.state=d;H(al);i(ag);af.length&amp;&amp;ai.require(af,function(){U(ai.depRs,function(am){if(!am.absId){am.absId=Y(am.id,al)}});Q()})}function Q(){for(var af in ab){B(af);v(af);ae(af)}}function v(ah){var af={};ag(ah);function ag(ak){B(ak);if(!g(ak,d)){return false}if(g(ak,n)||af[ak]){return true}af[ak]=1;var ai=k[ak];var aj=true;U(ai.depMs,function(al){return(aj=ag(al.absId))});aj&amp;&amp;U(ai.depRs,function(al){aj=!!al.absId;return aj});if(aj&amp;&amp;!g(ak,n)){ai.state=n}return aj}}function H(ai){var ag=k[ai];var ah;ag.invokeFactory=af;function af(){if(ah||ag.state!==n){return}ah=1;var an=1;U(ag.factoryDeps,function(ap){var ao=ap.absId;if(!t[ao]){ae(ao);return(an=g(ao,l))}});if(an){try{var al=ag.factory;var ak=typeof al==="function"?al.apply(a,X(ag.factoryDeps,{require:ag.require,exports:ag.exports,module:ag})):al;if(ak!=null){ag.exports=ak}ag.invokeFactory=null}catch(am){if(/^\[MODULE_MISS\]"([^"]+)/.test(am.message)){var aj=ag.depMkv[RegExp.$1];aj&amp;&amp;(aj.hard=1);ah=0;return}throw am}u(ai)}}}function g(ag,af){return k[ag]&amp;&amp;k[ag].state&gt;=af}function ae(ag){var af=k[ag];if(af&amp;&amp;af.invokeFactory){af.invokeFactory()}}function X(ag,ah){var af=[];U(ag,function(aj,ai){if(typeof aj==="object"){aj=aj.absId}af[ai]=ah[aj]||k[aj].exports});return af}var N={};function c(ah,ag){if(g(ah,l)){ag();return}var af=N[ah];if(!af){af=N[ah]=[]}af.push(ag)}function u(ai){var ag=k[ai];ag.state=l;delete ab[ai];var ah=N[ai]||[];var af=ah.length;while(af--){ah[af]()}ah.length=0;N[ai]=null}function i(ah,aj,af){var ai=0;U(ah,function(ak){if(!(t[ak]||g(ak,l))){c(ak,ag);(ak.indexOf("!")&gt;0?w:e)(ak,af)}});ag();function ag(){if(typeof aj==="function"&amp;&amp;!ai){var ak=1;U(ah,function(al){if(!t[al]){return(ak=!!g(al,l))}});if(ak){ai=1;aj.apply(a,X(ah,t))}}}}var I={};function e(ah){if(I[ah]||k[ah]){return}I[ah]=1;var aj=j.shim[ah];if(aj instanceof Array){j.shim[ah]=aj={deps:aj}}var ag=aj&amp;&amp;(aj.deps||[]);if(ag){U(ag,function(ak){if(!j.shim[ak]){j.shim[ak]={}}});Z(ag,ai)}else{ai()}function ai(){var ak=M[ah];o(ak||ah,af)}function af(){if(aj){var ak;if(typeof aj.init==="function"){ak=aj.init.apply(a,X(ag,t))}if(ak==null&amp;&amp;aj.exports){ak=a;U(aj.exports.split("."),function(al){ak=ak[al];return !!ak})}x(ah,ag,ak||{})}else{S(ah)}Q()}}function w(af,ai){if(k[af]){return}var ah=M[af];if(ah){e(ah);return}var al=O(af);var ak={id:af,state:d};k[af]=ak;function ag(am){ak.exports=am||true;u(af)}ag.fromText=function(an,am){new Function(am)();S(an)};function aj(am){var an=ai?k[ai].require:Z;am.load(al.res,an,ag,W.call({id:af}))}aj(Z(al.mod))}ac.config=function(ah){if(ah){for(var ai in j){var aj=ah[ai];var ag=j[ai];if(!aj){continue}if(ai==="urlArgs"&amp;&amp;typeof aj==="string"){j.urlArgs["*"]=aj}else{if(ag instanceof Array){ag.push.apply(ag,aj)}else{if(typeof ag==="object"){for(var af in aj){ag[af]=aj[af]}}else{j[ai]=aj}}}}aa()}};aa();var D;var A;var E;var M;var V;function y(ah,af){var ag=L(ah,1,af);ag.sort(h);return ag}function aa(){j.baseUrl=j.baseUrl.replace(/\/$/,"")+"/";D=y(j.paths);E=y(j.map,1);U(E,function(ah){ah.v=y(ah.v)});A=[];U(j.packages,function(ah){var ai=ah;if(typeof ah==="string"){ai={name:ah.split("/")[0],location:ah,main:"main"}}ai.location=ai.location||ai.name;ai.main=(ai.main||"main").replace(/\.js$/i,"");ai.reg=R(ai.name);A.push(ai)});A.sort(h);V=y(j.urlArgs,1);M={};function af(ah){M[ad(ah)]=ag}for(var ag in j.bundles){U(j.bundles[ag],af)}}function T(ag,af,ah){U(af,function(ai){if(ai.reg.test(ag)){ah(ai.v,ai.k,ai);return false}})}function C(af,am){var ai=/(\.[a-z0-9]+)$/i;var an=/(\?[^#]*)$/;var aj="";var ah=af;var ak="";if(an.test(af)){ak=RegExp.$1;af=af.replace(an,"")}if(ai.test(af)){aj=RegExp.$1;ah=af.replace(ai,"")}if(am!=null){ah=Y(ah,am)}var ag=ah;var al;T(ah,D,function(ap,ao){ag=ag.replace(ao,ap);al=1});if(!al){T(ah,A,function(aq,ao,ap){ag=ag.replace(ap.name,ap.location)})}if(!/^([a-z]{2,10}:\/)?\//i.test(ag)){ag=j.baseUrl+ag}ag+=aj+ak;T(ah,V,function(ao){ag+=(ag.indexOf("?")&gt;0?"&amp;":"?")+ao});return ag}function P(af){var ah={};function ag(ak,am){if(typeof ak==="string"){if(!ah[ak]){var aj=Y(ak,af);ae(aj);if(!g(aj,l)){throw new Error('[MODULE_MISS]"'+aj+'" is not exists!')}ah[ak]=k[aj].exports}return ah[ak]}else{if(ak instanceof Array){var ai=[];var al=[];U(ak,function(au,ap){var ar=O(au);var aq=Y(ar.mod,af);var at=ar.res;var an=aq;if(at){var ao=aq+"!"+at;if(at.indexOf(".")!==0&amp;&amp;M[ao]){aq=an=ao}else{an=null}}al[ap]=an;F(aq);ai.push(aq)});i(ai,function(){U(al,function(ao,an){if(ao==null){ao=al[an]=Y(ak[an],af);F(ao)}});i(al,am,af);Q()},af);Q()}}}ag.toUrl=function(ai){return C(ai,af||"")};return ag}function Y(ak,af){if(!ak){return""}af=af||"";var ai=O(ak);if(!ai){return ak}var aj=ai.res;var ah=f(ai.mod,af);T(af,E,function(al){T(ah,al,function(an,am){ah=ah.replace(am,an)})});ah=ad(ah);if(aj){var ag=g(ah,l)&amp;&amp;Z(ah);aj=ag&amp;&amp;ag.normalize?ag.normalize(aj,function(al){return Y(al,af)}):Y(aj,af);ah+="!"+aj}return ah}function ad(af){U(A,function(ag){var ah=ag.name;if(ah===af){af=ah+"/"+ag.main;return false}});return af}function f(ag,am){if(ag.indexOf(".")===0){var an=am.split("/");var al=ag.split("/");var af=an.length-1;var ah=al.length;var aj=0;var ai=0;pathLoop:for(var ak=0;ak&lt;ah;ak++){switch(al[ak]){case"..":if(aj&lt;af){aj++;ai++}else{break pathLoop}break;case".":ai++;break;default:break pathLoop}}an.length=af-aj;al=al.slice(ai);return an.concat(al).join("/")}return ag}function O(ag){var af=ag.split("!");if(af[0]){return{mod:af[0],res:af[1]}}}function L(ak,ai,af){var aj=[];for(var ag in ak){if(ak.hasOwnProperty(ag)){var ah={k:ag,v:ak[ag]};aj.push(ah);if(ai){ah.reg=ag==="*"&amp;&amp;af?/^/:R(ag)}}}return aj}var J;var q;function p(){if(J){return J}else{if(q&amp;&amp;q.readyState==="interactive"){return q}}var af=document.getElementsByTagName("script");var ah=af.length;while(ah--){var ag=af[ah];if(ag.readyState==="interactive"){q=ag;return ag}}}var K=document.getElementsByTagName("head")[0];var b=document.getElementsByTagName("base")[0];if(b){K=b.parentNode}function o(ah,ai){var af=document.createElement("script");af.setAttribute("data-require-id",ah);af.src=C(ah+".js");af.async=true;if(af.readyState){af.onreadystatechange=ag}else{af.onload=ag}function ag(){var aj=af.readyState;if(typeof aj==="undefined"||/^(loaded|complete)$/.test(aj)){af.onload=af.onreadystatechange=null;af=null;ai()}}J=af;b?K.insertBefore(af,b):K.appendChild(af);J=null}function R(af){return new RegExp("^"+af+"(/|$)")}function U(ai,ah){if(ai instanceof Array){for(var ag=0,af=ai.length;ag&lt;af;ag++){if(ah(ai[ag],ag)===false){break}}}}function h(ag,af){var ai=ag.k||ag.name;var ah=af.k||af.name;if(ah==="*"){return -1}if(ai==="*"){return 1}return ah.length-ai.length}if(!define){define=x;if(!require){require=ac}esl=ac}})(this);define("css",{load:function(e,c,d){var b=document.createElement("link");b.setAttribute("rel","stylesheet");b.setAttribute("type","text/css");b.setAttribute("href",c.toUrl(e));var a=document.getElementsByTagName("head")[0]||document.body;a.appendChild(b);a=null;b=null;d(true)}});</script><script id="index_plus_ls_js_zepto" type="text/javascript" class="js_zepto">var Zepto=(function(){var n,u,F,a,N=[],q=N.slice,G=N.filter,h=window.document,K={},O={},W={"column-count":1,columns:1,"font-weight":1,"line-height":1,opacity:1,"z-index":1,zoom:1},y=/^\s*&lt;(\w+|!)[^&gt;]*&gt;/,M=/^&lt;(\w+)\s*\/?&gt;(?:&lt;\/\1&gt;|)$/,k=/&lt;(?!area|br|col|embed|hr|img|input|link|meta|param)(([\w:]+)[^&gt;]*)\/&gt;/ig,I=/^(?:body|html)$/i,p=/([A-Z])/g,E=["val","css","html","text","data","width","height","offset"],z=["after","prepend","before","append"],v=h.createElement("table"),P=h.createElement("tr"),i={tr:h.createElement("tbody"),tbody:v,thead:v,tfoot:v,td:P,th:P,"*":h.createElement("div")},w=/complete|loaded|interactive/,l=/^[\w-]*$/,e={},g=e.toString,d={},U,Q,H=h.createElement("div"),X={tabindex:"tabIndex",readonly:"readOnly","for":"htmlFor","class":"className",maxlength:"maxLength",cellspacing:"cellSpacing",cellpadding:"cellPadding",rowspan:"rowSpan",colspan:"colSpan",usemap:"useMap",frameborder:"frameBorder",contenteditable:"contentEditable"},B=Array.isArray||function(aa){return aa instanceof Array};d.matches=function(ae,aa){if(!aa||!ae||ae.nodeType!==1){return false}var ac=ae.webkitMatchesSelector||ae.mozMatchesSelector||ae.oMatchesSelector||ae.matchesSelector;if(ac){return ac.call(ae,aa)}var ad,af=ae.parentNode,ab=!af;if(ab){(af=H).appendChild(ae)}ad=~d.qsa(af,aa).indexOf(ae);ab&amp;&amp;H.removeChild(ae);return ad};function Z(aa){return aa==null?String(aa):e[g.call(aa)]||"object"}function r(aa){return Z(aa)=="function"}function L(aa){return aa!=null&amp;&amp;aa==aa.window}function x(aa){return aa!=null&amp;&amp;aa.nodeType==aa.DOCUMENT_NODE}function J(aa){return Z(aa)=="object"}function Y(aa){return J(aa)&amp;&amp;!L(aa)&amp;&amp;Object.getPrototypeOf(aa)==Object.prototype}function C(aa){return typeof aa.length=="number"}function V(aa){return G.call(aa,function(ab){return ab!=null})}function D(aa){return aa.length&gt;0?F.fn.concat.apply([],aa):aa}U=function(aa){return aa.replace(/-+(.)?/g,function(ab,ac){return ac?ac.toUpperCase():""})};function o(aa){return aa.replace(/::/g,"/").replace(/([A-Z]+)([A-Z][a-z])/g,"$1_$2").replace(/([a-z\d])([A-Z])/g,"$1_$2").replace(/_/g,"-").toLowerCase()}Q=function(aa){return G.call(aa,function(ac,ab){return aa.indexOf(ac)==ab})};function R(aa){return aa in O?O[aa]:(O[aa]=new RegExp("(^|\\s)"+aa+"(\\s|$)"))}function f(aa,ab){return(typeof ab=="number"&amp;&amp;!W[o(aa)])?ab+"px":ab}function S(ac){var aa,ab;if(!K[ac]){aa=h.createElement(ac);h.body.appendChild(aa);ab=getComputedStyle(aa,"").getPropertyValue("display");aa.parentNode.removeChild(aa);ab=="none"&amp;&amp;(ab="block");K[ac]=ab}return K[ac]}function t(aa){return"children" in aa?q.call(aa.children):F.map(aa.childNodes,function(ab){if(ab.nodeType==1){return ab}})}d.fragment=function(ae,ac,ad){var af,ab,aa;if(M.test(ae)){af=F(h.createElement(RegExp.$1))}if(!af){if(ae.replace){ae=ae.replace(k,"&lt;$1&gt;&lt;/$2&gt;")}if(ac===n){ac=y.test(ae)&amp;&amp;RegExp.$1}if(!(ac in i)){ac="*"}aa=i[ac];aa.innerHTML=""+ae;af=F.each(q.call(aa.childNodes),function(){aa.removeChild(this)})}if(Y(ad)){ab=F(af);F.each(ad,function(ag,ah){if(E.indexOf(ag)&gt;-1){ab[ag](ah)}else{ab.attr(ag,ah)}})}return af};d.Z=function(ab,aa){ab=ab||[];ab.__proto__=F.fn;ab.selector=aa||"";return ab};d.isZ=function(aa){return aa instanceof d.Z};d.init=function(aa,ab){var ac;if(!aa){return d.Z()}else{if(typeof aa=="string"){aa=aa.trim();if(aa[0]=="&lt;"&amp;&amp;y.test(aa)){ac=d.fragment(aa,RegExp.$1,ab),aa=null}else{if(ab!==n){return F(ab).find(aa)}else{ac=d.qsa(h,aa)}}}else{if(r(aa)){return F(h).ready(aa)}else{if(d.isZ(aa)){return aa}else{if(B(aa)){ac=V(aa)}else{if(J(aa)){ac=[aa],aa=null}else{if(y.test(aa)){ac=d.fragment(aa.trim(),RegExp.$1,ab),aa=null}else{if(ab!==n){return F(ab).find(aa)}else{ac=d.qsa(h,aa)}}}}}}}}return d.Z(ac,aa)};F=function(aa,ab){return d.init(aa,ab)};function m(ac,ab,aa){for(u in ab){if(aa&amp;&amp;(Y(ab[u])||B(ab[u]))){if(Y(ab[u])&amp;&amp;!Y(ac[u])){ac[u]={}}if(B(ab[u])&amp;&amp;!B(ac[u])){ac[u]=[]}m(ac[u],ab[u],aa)}else{if(ab[u]!==n){ac[u]=ab[u]}}}}F.extend=function(ac){var aa,ab=q.call(arguments,1);if(typeof ac=="boolean"){aa=ac;ac=ab.shift()}ab.forEach(function(ad){m(ac,ad,aa)});return ac};d.qsa=function(ac,aa){var af,ag=aa[0]=="#",ab=!ag&amp;&amp;aa[0]==".",ad=ag||ab?aa.slice(1):aa,ae=l.test(ad);return(x(ac)&amp;&amp;ae&amp;&amp;ag)?((af=ac.getElementById(ad))?[af]:[]):(ac.nodeType!==1&amp;&amp;ac.nodeType!==9)?[]:q.call(ae&amp;&amp;!ag?ab?ac.getElementsByClassName(ad):ac.getElementsByTagName(aa):ac.querySelectorAll(aa))};function A(ab,aa){return aa==null?F(ab):F(ab).filter(aa)}F.contains=h.documentElement.contains?function(aa,ab){return aa!==ab&amp;&amp;aa.contains(ab)}:function(aa,ab){while(ab&amp;&amp;(ab=ab.parentNode)){if(ab===aa){return true}}return false};function s(ac,ab,aa,ad){return r(ab)?ab.call(ac,aa,ad):ab}function b(ab,aa,ac){ac==null?ab.removeAttribute(aa):ab.setAttribute(aa,ac)}function T(ac,ad){var aa=ac.className||"",ab=aa&amp;&amp;aa.baseVal!==n;if(ad===n){return ab?aa.baseVal:aa}ab?(aa.baseVal=ad):(ac.className=ad)}function j(ab){var aa;try{return ab?ab=="true"||(ab=="false"?false:ab=="null"?null:!/^0/.test(ab)&amp;&amp;!isNaN(aa=Number(ab))?aa:/^[\[\{]/.test(ab)?F.parseJSON(ab):ab):ab}catch(ac){return ab}}F.type=Z;F.isFunction=r;F.isWindow=L;F.isArray=B;F.isPlainObject=Y;F.isEmptyObject=function(ab){var aa;for(aa in ab){return false}return true};F.inArray=function(ab,ac,aa){return N.indexOf.call(ac,ab,aa)};F.camelCase=U;F.trim=function(aa){return aa==null?"":String.prototype.trim.call(aa)};F.uuid=0;F.support={};F.expr={};F.map=function(ae,af){var ad,aa=[],ac,ab;if(C(ae)){for(ac=0;ac&lt;ae.length;ac++){ad=af(ae[ac],ac);if(ad!=null){aa.push(ad)}}}else{for(ab in ae){ad=af(ae[ab],ab);if(ad!=null){aa.push(ad)}}}return D(aa)};F.each=function(ac,ad){var ab,aa;if(C(ac)){for(ab=0;ab&lt;ac.length;ab++){if(ad.call(ac[ab],ab,ac[ab])===false){return ac}}}else{for(aa in ac){if(ad.call(ac[aa],aa,ac[aa])===false){return ac}}}return ac};F.grep=function(aa,ab){return G.call(aa,ab)};if(window.JSON){F.parseJSON=JSON.parse}F.each("Boolean Number String Function Array Date RegExp Object Error".split(" "),function(ab,aa){e["[object "+aa+"]"]=aa.toLowerCase()});F.fn={forEach:N.forEach,reduce:N.reduce,push:N.push,sort:N.sort,indexOf:N.indexOf,concat:N.concat,map:function(aa){return F(F.map(this,function(ac,ab){return aa.call(ac,ab,ac)}))},slice:function(){return F(q.apply(this,arguments))},ready:function(aa){if(w.test(h.readyState)&amp;&amp;h.body){aa(F)}else{h.addEventListener("DOMContentLoaded",function(){aa(F)},false)}return this},get:function(aa){return aa===n?q.call(this):this[aa&gt;=0?aa:aa+this.length]},toArray:function(){return this.get()},size:function(){return this.length},remove:function(){return this.each(function(){if(this.parentNode!=null){this.parentNode.removeChild(this)}})},each:function(aa){N.every.call(this,function(ac,ab){return aa.call(ac,ab,ac)!==false});return this},filter:function(aa){if(r(aa)){return this.not(this.not(aa))}return F(G.call(this,function(ab){return d.matches(ab,aa)}))},add:function(aa,ab){return F(Q(this.concat(F(aa,ab))))},is:function(aa){return this.length&gt;0&amp;&amp;d.matches(this[0],aa)},not:function(aa){var ab=[];if(r(aa)&amp;&amp;aa.call!==n){this.each(function(ad){if(!aa.call(this,ad)){ab.push(this)}})}else{var ac=typeof aa=="string"?this.filter(aa):(C(aa)&amp;&amp;r(aa.item))?q.call(aa):F(aa);this.forEach(function(ad){if(ac.indexOf(ad)&lt;0){ab.push(ad)}})}return F(ab)},has:function(aa){return this.filter(function(){return J(aa)?F.contains(this,aa):F(this).find(aa).size()})},eq:function(aa){return aa===-1?this.slice(aa):this.slice(aa,+aa+1)},first:function(){var aa=this[0];return aa&amp;&amp;!J(aa)?aa:F(aa)},last:function(){var aa=this[this.length-1];return aa&amp;&amp;!J(aa)?aa:F(aa)},find:function(ab){var aa,ac=this;if(!ab){aa=[]}else{if(typeof ab=="object"){aa=F(ab).filter(function(){var ad=this;return N.some.call(ac,function(ae){return F.contains(ae,ad)})})}else{if(this.length==1){aa=F(d.qsa(this[0],ab))}else{aa=this.map(function(){return d.qsa(this,ab)})}}}return aa},closest:function(aa,ab){var ac=this[0],ad=false;if(typeof aa=="object"){ad=F(aa)}while(ac&amp;&amp;!(ad?ad.indexOf(ac)&gt;=0:d.matches(ac,aa))){ac=ac!==ab&amp;&amp;!x(ac)&amp;&amp;ac.parentNode}return F(ac)},parents:function(aa){var ac=[],ab=this;while(ab.length&gt;0){ab=F.map(ab,function(ad){if((ad=ad.parentNode)&amp;&amp;!x(ad)&amp;&amp;ac.indexOf(ad)&lt;0){ac.push(ad);return ad}})}return A(ac,aa)},parent:function(aa){return A(Q(this.pluck("parentNode")),aa)},children:function(aa){return A(this.map(function(){return t(this)}),aa)},contents:function(){return this.map(function(){return q.call(this.childNodes)})},siblings:function(aa){return A(this.map(function(ab,ac){return G.call(t(ac.parentNode),function(ad){return ad!==ac})}),aa)},empty:function(){return this.each(function(){this.innerHTML=""})},pluck:function(aa){return F.map(this,function(ab){return ab[aa]})},show:function(){return this.each(function(){this.style.display=="none"&amp;&amp;(this.style.display="");if(getComputedStyle(this,"").getPropertyValue("display")=="none"){this.style.display=S(this.nodeName)}})},replaceWith:function(aa){return this.before(aa).remove()},wrap:function(aa){var ab=r(aa);if(this[0]&amp;&amp;!ab){var ac=F(aa).get(0),ad=ac.parentNode||this.length&gt;1}return this.each(function(ae){F(this).wrapAll(ab?aa.call(this,ae):ad?ac.cloneNode(true):ac)})},wrapAll:function(aa){if(this[0]){F(this[0]).before(aa=F(aa));var ab;while((ab=aa.children()).length){aa=ab.first()}F(aa).append(this)}return this},wrapInner:function(aa){var ab=r(aa);return this.each(function(ad){var ac=F(this),ae=ac.contents(),af=ab?aa.call(this,ad):aa;ae.length?ae.wrapAll(af):ac.append(af)})},unwrap:function(){this.parent().each(function(){F(this).replaceWith(F(this).children())});return this},clone:function(){return this.map(function(){return this.cloneNode(true)})},hide:function(){return this.css("display","none")},toggle:function(aa){return this.each(function(){var ab=F(this);(aa===n?ab.css("display")=="none":aa)?ab.show():ab.hide()})},prev:function(aa){return F(this.pluck("previousElementSibling")).filter(aa||"*")},next:function(aa){return F(this.pluck("nextElementSibling")).filter(aa||"*")},html:function(aa){return 0 in arguments?this.each(function(ab){var ac=this.innerHTML;F(this).empty().append(s(this,aa,ab,ac))}):(0 in this?this[0].innerHTML:null)},text:function(aa){return 0 in arguments?this.each(function(ab){var ac=s(this,aa,ab,this.textContent);this.textContent=ac==null?"":""+ac}):(0 in this?this[0].textContent:null)},attr:function(ab,ac){var aa;return(typeof ab=="string"&amp;&amp;!(1 in arguments))?(!this.length||this[0].nodeType!==1?n:(!(aa=this[0].getAttribute(ab))&amp;&amp;ab in this[0])?this[0][ab]:aa):this.each(function(ad){if(this.nodeType!==1){return}if(J(ab)){for(u in ab){b(this,u,ab[u])}}else{b(this,ab,s(this,ac,ad,this.getAttribute(ab)))}})},removeAttr:function(aa){return this.each(function(){this.nodeType===1&amp;&amp;b(this,aa)})},prop:function(aa,ab){aa=X[aa]||aa;return(1 in arguments)?this.each(function(ac){this[aa]=s(this,ab,ac,this[aa])}):(this[0]&amp;&amp;this[0][aa])},data:function(aa,ad){var ab="data-"+aa.replace(p,"-$1").toLowerCase();var ac=(1 in arguments)?this.attr(ab,ad):this.attr(ab);return ac!==null?j(ac):n},val:function(aa){return 0 in arguments?this.each(function(ab){this.value=s(this,aa,ab,this.value)}):(this[0]&amp;&amp;(this[0].multiple?F(this[0]).find("option").filter(function(){return this.selected}).pluck("value"):this[0].value))},offset:function(ab){if(ab){return this.each(function(ad){var ag=F(this),af=s(this,ab,ad,ag.offset()),ac=ag.offsetParent().offset(),ae={top:af.top-ac.top,left:af.left-ac.left};if(ag.css("position")=="static"){ae.position="relative"}ag.css(ae)})}if(!this.length){return null}var aa=this[0].getBoundingClientRect();return{left:aa.left+window.pageXOffset,top:aa.top+window.pageYOffset,width:Math.round(aa.width),height:Math.round(aa.height)}},css:function(af,ae){if(arguments.length&lt;2){var ac=this[0],aa=getComputedStyle(ac,"");if(!ac){return}if(typeof af=="string"){return ac.style[U(af)]||aa.getPropertyValue(af)}else{if(B(af)){var ad={};F.each(af,function(ag,ah){ad[ah]=(ac.style[U(ah)]||aa.getPropertyValue(ah))});return ad}}}var ab="";if(Z(af)=="string"){if(!ae&amp;&amp;ae!==0){this.each(function(){this.style.removeProperty(o(af))})}else{ab=o(af)+":"+f(af,ae)}}else{for(u in af){if(!af[u]&amp;&amp;af[u]!==0){this.each(function(){this.style.removeProperty(o(u))})}else{ab+=o(u)+":"+f(u,af[u])+";"}}}return this.each(function(){this.style.cssText+=";"+ab})},index:function(aa){return aa?this.indexOf(F(aa)[0]):this.parent().children().indexOf(this[0])},hasClass:function(aa){if(!aa){return false}return N.some.call(this,function(ab){return this.test(T(ab))},R(aa))},addClass:function(aa){if(!aa){return this}return this.each(function(ab){if(!("className" in this)){return}a=[];var ad=T(this),ac=s(this,aa,ab,ad);ac.split(/\s+/g).forEach(function(ae){if(!F(this).hasClass(ae)){a.push(ae)}},this);a.length&amp;&amp;T(this,ad+(ad?" ":"")+a.join(" "))})},removeClass:function(aa){return this.each(function(ab){if(!("className" in this)){return}if(aa===n){return T(this,"")}a=T(this);s(this,aa,ab,a).split(/\s+/g).forEach(function(ac){a=a.replace(R(ac)," ")});T(this,a.trim())})},toggleClass:function(ab,aa){if(!ab){return this}return this.each(function(ac){var ae=F(this),ad=s(this,ab,ac,T(this));ad.split(/\s+/g).forEach(function(af){(aa===n?!ae.hasClass(af):aa)?ae.addClass(af):ae.removeClass(af)})})},scrollTop:function(ab){if(!this.length){return}var aa="scrollTop" in this[0];if(ab===n){return aa?this[0].scrollTop:this[0].pageYOffset}return this.each(aa?function(){this.scrollTop=ab}:function(){this.scrollTo(this.scrollX,ab)})},scrollLeft:function(ab){if(!this.length){return}var aa="scrollLeft" in this[0];if(ab===n){return aa?this[0].scrollLeft:this[0].pageXOffset}return this.each(aa?function(){this.scrollLeft=ab}:function(){this.scrollTo(ab,this.scrollY)})},position:function(){if(!this.length){return}var ac=this[0],ab=this.offsetParent(),ad=this.offset(),aa=I.test(ab[0].nodeName)?{top:0,left:0}:ab.offset();ad.top-=parseFloat(F(ac).css("margin-top"))||0;ad.left-=parseFloat(F(ac).css("margin-left"))||0;aa.top+=parseFloat(F(ab[0]).css("border-top-width"))||0;aa.left+=parseFloat(F(ab[0]).css("border-left-width"))||0;return{top:ad.top-aa.top,left:ad.left-aa.left}},offsetParent:function(){return this.map(function(){var aa=this.offsetParent||h.body;while(aa&amp;&amp;!I.test(aa.nodeName)&amp;&amp;F(aa).css("position")=="static"){aa=aa.offsetParent}return aa})}};F.fn.detach=F.fn.remove;["width","height"].forEach(function(ab){var aa=ab.replace(/./,function(ac){return ac[0].toUpperCase()});F.fn[ab]=function(ad){var ae,ac=this[0];if(ad===n){return L(ac)?ac["inner"+aa]:x(ac)?ac.documentElement["scroll"+aa]:(ae=this.offset())&amp;&amp;ae[ab]}else{return this.each(function(af){ac=F(this);ac.css(ab,s(this,ad,af,ac[ab]()))})}}});function c(ad,ab){ab(ad);for(var ac=0,aa=ad.childNodes.length;ac&lt;aa;ac++){c(ad.childNodes[ac],ab)}}z.forEach(function(ac,ab){var aa=ab%2;F.fn[ac]=function(){var ad,ae=F.map(arguments,function(ah){ad=Z(ah);return ad=="object"||ad=="array"||ah==null?ah:d.fragment(ah)}),af,ag=this.length&gt;1;if(ae.length&lt;1){return this}return this.each(function(ai,aj){af=aa?aj:aj.parentNode;aj=ab==0?aj.nextSibling:ab==1?aj.firstChild:ab==2?aj:null;var ah=F.contains(h.documentElement,af);ae.forEach(function(ak){if(ag){ak=ak.cloneNode(true)}else{if(!af){return F(ak).remove()}}af.insertBefore(ak,aj);if(ah){c(ak,function(al){if(al.nodeName!=null&amp;&amp;al.nodeName.toUpperCase()==="SCRIPT"&amp;&amp;(!al.type||al.type==="text/javascript")&amp;&amp;!al.src){window["eval"].call(window,al.innerHTML)}})}})})};F.fn[aa?ac+"To":"insert"+(ab?"Before":"After")]=function(ad){F(ad)[ac](this);return this}});d.Z.prototype=F.fn;d.uniq=Q;d.deserializeValue=j;F.zepto=d;return F})();window.$=window.Zepto=Zepto;(function(d){var f=1,h,s=Array.prototype.slice,a=d.isFunction,k=function(z){return typeof z=="string"},r={},o={},g="onfocusin" in window,p={focus:"focusin",blur:"focusout"},w={mouseenter:"mouseover",mouseleave:"mouseout"};o.click=o.mousedown=o.mouseup=o.mousemove="MouseEvents";function b(z){return z._zid||(z._zid=f++)}function l(A,C,B,z){C=q(C);if(C.ns){var D=v(C.ns)}return(r[b(A)]||[]).filter(function(E){return E&amp;&amp;(!C.e||E.e==C.e)&amp;&amp;(!C.ns||D.test(E.ns))&amp;&amp;(!B||b(E.fn)===b(B))&amp;&amp;(!z||E.sel==z)})}function q(z){var A=(""+z).split(".");return{e:A[0],ns:A.slice(1).sort().join(" ")}}function v(z){return new RegExp("(?:^| )"+z.replace(" "," .* ?")+"(?: |$)")}function j(z,A){return z.del&amp;&amp;(!g&amp;&amp;(z.e in p))||!!A}function u(z){return w[z]||(g&amp;&amp;p[z])||z}function n(C,G,D,B,A,H,F){var z=b(C),E=(r[z]||(r[z]=[]));G.split(/\s/).forEach(function(J){if(J=="ready"){return d(document).ready(D)}var I=q(J);I.fn=D;I.sel=A;if(I.e in w){D=function(M){var L=M.relatedTarget;if(!L||(L!==this&amp;&amp;!d.contains(this,L))){return I.fn.apply(this,arguments)}}}I.del=H;var K=H||D;I.proxy=function(M){M=x(M);if(M.isImmediatePropagationStopped()){return}M._data=B;M.data=d.extend({},B,M._args);var L=K.apply(C,M._args==h?[M]:[M].concat(M._args));if(L===false){M.preventDefault(),M.stopPropagation()}return L};I.i=E.length;E.push(I);if("addEventListener" in C){C.addEventListener(u(I.e),I.proxy,j(I,F))}})}function y(C,B,D,z,A){var E=b(C);(B||"").split(/\s/).forEach(function(F){l(C,F,D,z).forEach(function(G){delete r[E][G.i];if("removeEventListener" in C){C.removeEventListener(u(G.e),G.proxy,j(G,A))}})})}d.event={add:n,remove:y};d.proxy=function(C,B){var A=(2 in arguments)&amp;&amp;s.call(arguments,2);if(a(C)){var z=function(){return C.apply(B,A?A.concat(s.call(arguments)):arguments)};z._zid=b(C);return z}else{if(k(B)){if(A){A.unshift(C[B],C);return d.proxy.apply(null,A)}else{return d.proxy(C[B],C)}}else{throw new TypeError("expected function")}}};d.fn.bind=function(z,A,B){return this.on(z,A,B)};d.fn.unbind=function(z,A){return this.off(z,A)};d.fn.one=function(A,z,B,C){return this.on(A,z,B,C,1)};var t=function(){return true},i=function(){return false},e=/^([A-Z]|returnValue$|layer[XY]$)/,m={preventDefault:"isDefaultPrevented",stopImmediatePropagation:"isImmediatePropagationStopped",stopPropagation:"isPropagationStopped"};function x(z,A){if(A||!z.isDefaultPrevented){A||(A=z);d.each(m,function(C,B){var D=A[C];z[C]=function(){this[B]=t;return D&amp;&amp;D.apply(A,arguments)};z[B]=i});if(A.defaultPrevented!==h?A.defaultPrevented:"returnValue" in A?A.returnValue===false:A.getPreventDefault&amp;&amp;A.getPreventDefault()){z.isDefaultPrevented=t}}return z}function c(B){var A,z={originalEvent:B};for(A in B){if(!e.test(A)&amp;&amp;B[A]!==h){z[A]=B[A]}}return x(z,B)}d.fn.delegate=function(z,A,B){return this.on(A,z,B)};d.fn.undelegate=function(z,A,B){return this.off(A,z,B)};d.fn.live=function(z,A){d(document.body).delegate(this.selector,z,A);return this};d.fn.die=function(z,A){d(document.body).undelegate(this.selector,z,A);return this};d.fn.on=function(D,z,E,G,C){var B,A,F=this;if(D&amp;&amp;!k(D)){d.each(D,function(I,H){F.on(I,z,E,H,C)});return F}if(!k(z)&amp;&amp;!a(G)&amp;&amp;G!==false){G=E,E=z,z=h}if(a(E)||E===false){G=E,E=h}if(G===false){G=i}return F.each(function(H,I){if(C){B=function(J){y(I,J.type,G);return G.apply(this,arguments)}}if(z){A=function(L){var J,K=d(L.target).closest(z,I).get(0);if(K&amp;&amp;K!==I){J=d.extend(c(L),{currentTarget:K,liveFired:I});return(B||G).apply(K,[J].concat(s.call(arguments,1)))}}}n(I,D,G,E,z,A||B)})};d.fn.off=function(A,z,C){var B=this;if(A&amp;&amp;!k(A)){d.each(A,function(E,D){B.off(E,z,D)});return B}if(!k(z)&amp;&amp;!a(C)&amp;&amp;C!==false){C=z,z=h}if(C===false){C=i}return B.each(function(){y(this,A,C,z)})};d.fn.trigger=function(A,z){A=(k(A)||d.isPlainObject(A))?d.Event(A):x(A);A._args=z;A.data=z;A.forwardedTouchEvent=true;return this.each(function(){if("dispatchEvent" in this){this.dispatchEvent(A)}else{d(this).triggerHandler(A,z)}})};d.fn.triggerHandler=function(B,A){var C,z;this.each(function(E,D){C=c(k(B)?d.Event(B):B);C._args=A;C.data=A;C.target=D;d.each(l(D,B.type||B),function(F,G){z=G.proxy(C);if(C.isImmediatePropagationStopped()){return false}})});return z};("focusin focusout load resize scroll unload click dblclick mousedown mouseup mousemove mouseover mouseout mouseenter mouseleave change select keydown keypress keyup error").split(" ").forEach(function(z){d.fn[z]=function(A){return A?this.bind(z,A):this.trigger(z)}});["focus","blur"].forEach(function(z){d.fn[z]=function(A){if(A){this.bind(z,A)}else{this.each(function(){try{this[z]()}catch(B){}})}return this}});d.Event=function(C,B){if(!k(C)){B=C,C=B.type}var D=document.createEvent(o[C]||"Events"),z=true;if(B){for(var A in B){(A=="bubbles")?(z=!!B[A]):(D[A]=B[A])}}D.initEvent(C,z,true);return x(D)}})(Zepto);(function($){var jsonpID=0,document=window.document,key,name,rscript=/&lt;script\b[^&lt;]*(?:(?!&lt;\/script&gt;)&lt;[^&lt;]*)*&lt;\/script&gt;/gi,scriptTypeRE=/^(?:text|application)\/javascript/i,xmlTypeRE=/^(?:text|application)\/xml/i,jsonType="application/json",htmlType="text/html",blankRE=/^\s*$/;function triggerAndReturn(context,eventName,data){var event=$.Event(eventName);$(context).trigger(event,data);return !event.isDefaultPrevented()}function triggerGlobal(settings,context,eventName,data){if(settings.global){return triggerAndReturn(context||document,eventName,data)}}$.active=0;function ajaxStart(settings){if(settings.global&amp;&amp;$.active++===0){triggerGlobal(settings,null,"ajaxStart")}}function ajaxStop(settings){if(settings.global&amp;&amp;!(--$.active)){triggerGlobal(settings,null,"ajaxStop")}}function ajaxBeforeSend(xhr,settings){var context=settings.context;if(settings.beforeSend.call(context,xhr,settings)===false||triggerGlobal(settings,context,"ajaxBeforeSend",[xhr,settings])===false){return false}triggerGlobal(settings,context,"ajaxSend",[xhr,settings])}function ajaxSuccess(data,xhr,settings,deferred){var context=settings.context,status="success";settings.success.call(context,data,status,xhr);if(deferred){deferred.resolveWith(context,[data,status,xhr])}triggerGlobal(settings,context,"ajaxSuccess",[xhr,settings,data]);ajaxComplete(status,xhr,settings)}function ajaxError(error,type,xhr,settings,deferred){var context=settings.context;settings.error.call(context,xhr,type,error);if(deferred){deferred.rejectWith(context,[xhr,type,error])}triggerGlobal(settings,context,"ajaxError",[xhr,settings,error||type]);ajaxComplete(type,xhr,settings)}function ajaxComplete(status,xhr,settings){var context=settings.context;settings.complete.call(context,xhr,status);triggerGlobal(settings,context,"ajaxComplete",[xhr,settings]);ajaxStop(settings)}function empty(){}$.ajaxJSONP=function(options,deferred){if(!("type" in options)){return $.ajax(options)}var _callbackName=options.jsonpCallback,callbackName=($.isFunction(_callbackName)?_callbackName():_callbackName)||("jsonp"+(++jsonpID)),script=document.createElement("script"),originalCallback=window[callbackName],responseData,abort=function(errorType){$(script).triggerHandler("error",errorType||"abort")},xhr={abort:abort},abortTimeout;if(deferred){deferred.promise(xhr)}$(script).on("load error",function(e,errorType){clearTimeout(abortTimeout);$(script).off().remove();if(e.type=="error"||!responseData){ajaxError(null,errorType||"error",xhr,options,deferred)}else{ajaxSuccess(responseData[0],xhr,options,deferred)}window[callbackName]=originalCallback;if(responseData&amp;&amp;$.isFunction(originalCallback)){originalCallback(responseData[0])}originalCallback=responseData=undefined});if(ajaxBeforeSend(xhr,options)===false){abort("abort");return xhr}window[callbackName]=function(){responseData=arguments};script.src=options.url.replace(/\?(.+)=\?/,"?$1="+callbackName);document.head.appendChild(script);if(options.timeout&gt;0){abortTimeout=setTimeout(function(){abort("timeout")},options.timeout)}return xhr};$.ajaxSettings={type:"GET",beforeSend:empty,success:empty,error:empty,complete:empty,context:null,global:true,xhr:function(){return new window.XMLHttpRequest()},accepts:{script:"text/javascript, application/javascript, application/x-javascript",json:jsonType,xml:"application/xml, text/xml",html:htmlType,text:"text/plain"},crossDomain:false,timeout:0,processData:true,cache:true};function mimeToDataType(mime){if(mime){mime=mime.split(";",2)[0]}return mime&amp;&amp;(mime==htmlType?"html":mime==jsonType?"json":scriptTypeRE.test(mime)?"script":xmlTypeRE.test(mime)&amp;&amp;"xml")||"text"}function appendQuery(url,query){if(query==""){return url}return(url+"&amp;"+query).replace(/[&amp;?]{1,2}/,"?")}function serializeData(options){if(options.processData&amp;&amp;options.data&amp;&amp;$.type(options.data)!="string"){options.data=$.param(options.data,options.traditional)}if(options.data&amp;&amp;(!options.type||options.type.toUpperCase()=="GET")){options.url=appendQuery(options.url,options.data),options.data=undefined}}$.ajax=function(options){var settings=$.extend({},options||{}),deferred=$.Deferred&amp;&amp;$.Deferred();for(key in $.ajaxSettings){if(settings[key]===undefined){settings[key]=$.ajaxSettings[key]}}ajaxStart(settings);if(!settings.crossDomain){settings.crossDomain=/^([\w-]+:)?\/\/([^\/]+)/.test(settings.url)&amp;&amp;RegExp.$2!=window.location.host}if(!settings.url){settings.url=window.location.toString()}serializeData(settings);var dataType=settings.dataType,hasPlaceholder=/\?.+=\?/.test(settings.url);if(hasPlaceholder){dataType="jsonp"}if(settings.cache===false||((!options||options.cache!==true)&amp;&amp;("script"==dataType||"jsonp"==dataType))){settings.url=appendQuery(settings.url,"_="+Date.now())}if("jsonp"==dataType){if(!hasPlaceholder){settings.url=appendQuery(settings.url,settings.jsonp?(settings.jsonp+"=?"):settings.jsonp===false?"":"callback=?")}return $.ajaxJSONP(settings,deferred)}var mime=settings.accepts[dataType],headers={},setHeader=function(name,value){headers[name.toLowerCase()]=[name,value]},protocol=/^([\w-]+:)\/\//.test(settings.url)?RegExp.$1:window.location.protocol,xhr=settings.xhr(),nativeSetHeader=xhr.setRequestHeader,abortTimeout;if(deferred){deferred.promise(xhr)}if(!settings.crossDomain){setHeader("X-Requested-With","XMLHttpRequest")}setHeader("Accept",mime||"*/*");if(mime=settings.mimeType||mime){if(mime.indexOf(",")&gt;-1){mime=mime.split(",",2)[0]}xhr.overrideMimeType&amp;&amp;xhr.overrideMimeType(mime)}if(settings.contentType||(settings.contentType!==false&amp;&amp;settings.data&amp;&amp;settings.type.toUpperCase()!="GET")){setHeader("Content-Type",settings.contentType||"application/x-www-form-urlencoded")}if(settings.headers){for(name in settings.headers){setHeader(name,settings.headers[name])}}xhr.setRequestHeader=setHeader;xhr.onreadystatechange=function(){if(xhr.readyState==4){xhr.onreadystatechange=empty;clearTimeout(abortTimeout);var result,error=false;if((xhr.status&gt;=200&amp;&amp;xhr.status&lt;300)||xhr.status==304||(xhr.status==0&amp;&amp;protocol=="file:")){dataType=dataType||mimeToDataType(settings.mimeType||xhr.getResponseHeader("content-type"));result=xhr.responseText;try{if(dataType=="script"){(1,eval)(result)}else{if(dataType=="xml"){result=xhr.responseXML}else{if(dataType=="json"){result=blankRE.test(result)?null:$.parseJSON(result)}}}}catch(e){error=e}if(error){ajaxError(error,"parsererror",xhr,settings,deferred)}else{ajaxSuccess(result,xhr,settings,deferred)}}else{ajaxError(xhr.statusText||null,xhr.status?"error":"abort",xhr,settings,deferred)}}};if(ajaxBeforeSend(xhr,settings)===false){xhr.abort();ajaxError(null,"abort",xhr,settings,deferred);return xhr}if(settings.xhrFields){for(name in settings.xhrFields){xhr[name]=settings.xhrFields[name]}}var async="async" in settings?settings.async:true;xhr.open(settings.type,settings.url,async,settings.username,settings.password);for(name in headers){nativeSetHeader.apply(xhr,headers[name])}if(settings.timeout&gt;0){abortTimeout=setTimeout(function(){xhr.onreadystatechange=empty;xhr.abort();ajaxError(null,"timeout",xhr,settings,deferred)},settings.timeout)}xhr.send(settings.data?settings.data:null);return xhr};function parseArguments(url,data,success,dataType){if($.isFunction(data)){dataType=success,success=data,data=undefined}if(!$.isFunction(success)){dataType=success,success=undefined}return{url:url,data:data,success:success,dataType:dataType}}$.get=function(){return $.ajax(parseArguments.apply(null,arguments))};$.post=function(){var options=parseArguments.apply(null,arguments);options.type="POST";return $.ajax(options)};$.getJSON=function(){var options=parseArguments.apply(null,arguments);options.dataType="json";return $.ajax(options)};$.fn.load=function(url,data,success){if(!this.length){return this}var self=this,parts=url.split(/\s/),selector,options=parseArguments(url,data,success),callback=options.success;if(parts.length&gt;1){options.url=parts[0],selector=parts[1]}options.success=function(response){self.html(selector?$("&lt;div&gt;").html(response.replace(rscript,"")).find(selector):response);callback&amp;&amp;callback.apply(self,arguments)};$.ajax(options);return this};var escape=encodeURIComponent;function serialize(params,obj,traditional,scope){var type,array=$.isArray(obj),hash=$.isPlainObject(obj);$.each(obj,function(key,value){type=$.type(value);if(scope){key=traditional?scope:scope+"["+(hash||type=="object"||type=="array"?key:"")+"]"}if(!scope&amp;&amp;array){params.add(value.name,value.value)}else{if(type=="array"||(!traditional&amp;&amp;type=="object")){serialize(params,value,traditional,key)}else{params.add(key,value)}}})}$.param=function(obj,traditional){var params=[];params.add=function(k,v){this.push(escape(k)+"="+escape(v))};serialize(params,obj,traditional);return params.join("&amp;").replace(/%20/g,"+")}})(Zepto);(function(a){a.fn.serializeArray=function(){var d,c,b=[];a([].slice.call(this.get(0).elements)).each(function(){d=a(this);c=d.attr("type");if(this.nodeName.toLowerCase()!="fieldset"&amp;&amp;!this.disabled&amp;&amp;c!="submit"&amp;&amp;c!="reset"&amp;&amp;c!="button"&amp;&amp;((c!="radio"&amp;&amp;c!="checkbox")||this.checked)){b.push({name:d.attr("name"),value:d.val()})}});return b};a.fn.serialize=function(){var b=[];this.serializeArray().forEach(function(c){b.push(encodeURIComponent(c.name)+"="+encodeURIComponent(c.value))});return b.join("&amp;")};a.fn.submit=function(c){if(c){this.bind("submit",c)}else{if(this.length){var b=a.Event("submit");this.eq(0).trigger(b);if(!b.isDefaultPrevented()){this.get(0).submit()}}}return this}})(Zepto);(function(b){function a(v){var l=this.os={},w=this.browser={},d=v.match(/Web[kK]it[\/]{0,1}([\d.]+)/),x=v.match(/(Android);?[\s\/]+([\d.]+)?/),y=!!v.match(/\(Macintosh\; Intel /),p=v.match(/(iPad).*OS\s([\d_]+)/),j=v.match(/(iPod)(.*OS\s([\d_]+))?/),h=!p&amp;&amp;v.match(/(iPhone\sOS)\s([\d_]+)/),c=v.match(/(webOS|hpwOS)[\s\/]([\d.]+)/),f=v.match(/Windows Phone ([\d.]+)/),r=c&amp;&amp;v.match(/TouchPad/),i=v.match(/Kindle\/([\d.]+)/),u=v.match(/Silk\/([\d._]+)/),q=v.match(/(BlackBerry).*Version\/([\d.]+)/),n=v.match(/(BB10).*Version\/([\d.]+)/),e=v.match(/(RIM\sTablet\sOS)\s([\d.]+)/),o=v.match(/PlayBook/),t=v.match(/Chrome\/([\d.]+)/)||v.match(/CriOS\/([\d.]+)/),k=v.match(/Firefox\/([\d.]+)/),s=v.match(/MSIE\s([\d.]+)/)||v.match(/Trident\/[\d](?=[^\?]+).*rv:([0-9.].)/),g=!t&amp;&amp;v.match(/(iPhone|iPod|iPad).*AppleWebKit(?!.*Safari)/),m=g||v.match(/Version\/([\d.]+)([^S](Safari)|[^M]*(Mobile)[^S]*(Safari))/);if(w.webkit=!!d){w.version=d[1]}if(x){l.android=true,l.version=x[2]}if(h&amp;&amp;!j){l.ios=l.iphone=true,l.version=h[2].replace(/_/g,".")}if(p){l.ios=l.ipad=true,l.version=p[2].replace(/_/g,".")}if(j){l.ios=l.ipod=true,l.version=j[3]?j[3].replace(/_/g,"."):null}if(f){l.wp=true,l.version=f[1]}if(c){l.webos=true,l.version=c[2]}if(r){l.touchpad=true}if(q){l.blackberry=true,l.version=q[2]}if(n){l.bb10=true,l.version=n[2]}if(e){l.rimtabletos=true,l.version=e[2]}if(o){w.playbook=true}if(i){l.kindle=true,l.version=i[1]}if(u){w.silk=true,w.version=u[1]}if(!u&amp;&amp;l.android&amp;&amp;v.match(/Kindle Fire/)){w.silk=true}if(t){w.chrome=true,w.version=t[1]}if(k){w.firefox=true,w.version=k[1]}if(s){w.ie=true,w.version=s[1]}if(m&amp;&amp;(y||l.ios)){w.safari=true;if(y){w.version=m[1]}}if(g){w.webview=true}l.tablet=!!(p||o||(x&amp;&amp;!v.match(/Mobile/))||(k&amp;&amp;v.match(/Tablet/))||(s&amp;&amp;!v.match(/Phone/)&amp;&amp;v.match(/Touch/)));l.phone=!!(!l.tablet&amp;&amp;!l.ipod&amp;&amp;(x||h||c||q||n||(t&amp;&amp;v.match(/Android/))||(t&amp;&amp;v.match(/CriOS\/([\d.]+)/))||(k&amp;&amp;v.match(/Mobile/))||(s&amp;&amp;v.match(/Touch/))))}a.call(b,navigator.userAgent);b.__detect=a})(Zepto);(function(a){a.fn.end=function(){return this.prevObject||a()};a.fn.andSelf=function(){return this.add(this.prevObject||a())};"filter,add,not,eq,first,last,find,closest,parents,parent,children,siblings".split(",").forEach(function(c){var b=a.fn[c];a.fn[c]=function(){var d=b.apply(this,arguments);d.prevObject=this;return d}})})(Zepto);(function(a){a.Callbacks=function(l){l=a.extend({},l);var e,b,f,d,g,h,i=[],j=!l.once&amp;&amp;[],c=function(m){e=l.memory&amp;&amp;m;b=true;h=d||0;d=0;g=i.length;f=true;for(;i&amp;&amp;h&lt;g;++h){if(i[h].apply(m[0],m[1])===false&amp;&amp;l.stopOnFalse){e=false;break}}f=false;if(i){if(j){j.length&amp;&amp;c(j.shift())}else{if(e){i.length=0}else{k.disable()}}}},k={add:function(){if(i){var n=i.length,m=function(o){a.each(o,function(q,p){if(typeof p==="function"){if(!l.unique||!k.has(p)){i.push(p)}}else{if(p&amp;&amp;p.length&amp;&amp;typeof p!=="string"){m(p)}}})};m(arguments);if(f){g=i.length}else{if(e){d=n;c(e)}}}return this},remove:function(){if(i){a.each(arguments,function(o,m){var n;while((n=a.inArray(m,i,n))&gt;-1){i.splice(n,1);if(f){if(n&lt;=g){--g}if(n&lt;=h){--h}}}})}return this},has:function(m){return !!(i&amp;&amp;(m?a.inArray(m,i)&gt;-1:i.length))},empty:function(){g=i.length=0;return this},disable:function(){i=j=e=undefined;return this},disabled:function(){return !i},lock:function(){j=undefined;if(!e){k.disable()}return this},locked:function(){return !j},fireWith:function(n,m){if(i&amp;&amp;(!b||j)){m=m||[];m=[n,m.slice?m.slice():m];if(f){j.push(m)}else{c(m)}}return this},fire:function(){return k.fireWith(this,arguments)},fired:function(){return !!b}};return k}})(Zepto);(function(b){var c=Array.prototype.slice;function a(f){var e=[["resolve","done",b.Callbacks({once:1,memory:1}),"resolved"],["reject","fail",b.Callbacks({once:1,memory:1}),"rejected"],["notify","progress",b.Callbacks({memory:1})]],g="pending",h={state:function(){return g},always:function(){d.done(arguments).fail(arguments);return this},then:function(){var i=arguments;return a(function(j){b.each(e,function(l,k){var m=b.isFunction(i[l])&amp;&amp;i[l];d[k[1]](function(){var p=m&amp;&amp;m.apply(this,arguments);if(p&amp;&amp;b.isFunction(p.promise)){p.promise().done(j.resolve).fail(j.reject).progress(j.notify)}else{var o=this===h?j.promise():this,n=m?[p]:arguments;j[k[0]+"With"](o,n)}})});i=null}).promise()},promise:function(i){return i!=null?b.extend(i,h):h}},d={};b.each(e,function(k,j){var m=j[2],l=j[3];h[j[1]]=m.add;if(l){m.add(function(){g=l},e[k^1][2].disable,e[2][2].lock)}d[j[0]]=function(){d[j[0]+"With"](this===d?h:this,arguments);return this};d[j[0]+"With"]=m.fireWith});h.promise(d);if(f){f.call(d,d)}return d}b.when=function(d){var k=c.call(arguments),h=k.length,e=0,g=h!==1||(d&amp;&amp;b.isFunction(d.promise))?h:0,n=g===1?d:a(),m,j,l,f=function(p,o,q){return function(i){o[p]=this;q[p]=arguments.length&gt;1?c.call(arguments):i;if(q===m){n.notifyWith(o,q)}else{if(!(--g)){n.resolveWith(o,q)}}}};if(h&gt;1){m=new Array(h);j=new Array(h);l=new Array(h);for(;e&lt;h;++e){if(k[e]&amp;&amp;b.isFunction(k[e].promise)){k[e].promise().done(f(e,l,k)).fail(n.reject).progress(f(e,j,m))}else{--g}}}if(!g){n.resolveWith(l,k)}return n.promise()};b.Deferred=a})(Zepto);(function(d,f){var n="",s,m={Webkit:"webkit",Moz:"",O:"o"},a=document.createElement("div"),l=/^((translate|rotate|scale)(X|Y|Z|3d)?|matrix(3d)?|perspective|skew(X|Y)?)$/i,j,o,i,k,e,h,r,p,b,q={};function c(t){return t.replace(/([A-Z])/g,"-$1").toLowerCase()}function g(t){return s?s+t:t.toLowerCase()}if(a.style.transform===f){d.each(m,function(u,t){if(a.style[u+"TransitionProperty"]!==f){n="-"+u.toLowerCase()+"-";s=t;return false}})}j=n+"transform";q[o=n+"transition-property"]=q[i=n+"transition-duration"]=q[e=n+"transition-delay"]=q[k=n+"transition-timing-function"]=q[h=n+"animation-name"]=q[r=n+"animation-duration"]=q[b=n+"animation-delay"]=q[p=n+"animation-timing-function"]="";d.fx={off:(s===f&amp;&amp;a.style.transitionProperty===f),speeds:{_default:400,fast:200,slow:600},cssPrefix:n,transitionEnd:g("TransitionEnd"),animationEnd:g("AnimationEnd")};d.fn.animate=function(u,v,w,x,t){if(d.isFunction(v)){x=v,w=f,v=f}if(d.isFunction(w)){x=w,w=f}if(d.isPlainObject(v)){w=v.easing,x=v.complete,t=v.delay,v=v.duration}if(v){v=(typeof v=="number"?v:(d.fx.speeds[v]||d.fx.speeds._default))/1000}if(t){t=parseFloat(t)/1000}return this.anim(u,v,w,x,t)};d.fn.anim=function(B,w,v,D,x){var C,z={},F,A="",y=this,u,E=d.fx.transitionEnd,t=false;if(w===f){w=d.fx.speeds._default/1000}if(x===f){x=0}if(d.fx.off){w=0}if(typeof B=="string"){z[h]=B;z[r]=w+"s";z[b]=x+"s";z[p]=(v||"linear");E=d.fx.animationEnd}else{F=[];for(C in B){if(l.test(C)){A+=C+"("+B[C]+") "}else{z[C]=B[C],F.push(c(C))}}if(A){z[j]=A,F.push(j)}if(w&gt;0&amp;&amp;typeof B==="object"){z[o]=F.join(", ");z[i]=w+"s";z[e]=x+"s";z[k]=(v||"linear")}}u=function(G){if(typeof G!=="undefined"){if(G.target!==G.currentTarget){return}d(G.target).unbind(E,u)}else{d(this).unbind(E,u)}t=true;d(this).css(q);D&amp;&amp;D.call(this)};if(w&gt;0){this.bind(E,u);setTimeout(function(){if(t){return}u.call(y)},((w+x)*1000)+25)}this.size()&amp;&amp;this.get(0).clientLeft;this.css(z);if(w&lt;=0){setTimeout(function(){y.each(function(){u.call(this)})},0)}return this};a=null})(Zepto);</script><script id="index_plus_ls_js_event" type="text/javascript" class="js_event">var baseurlConfig=function(){require.config({baseUrl:window.sDomain.staticUrl+"static"})};baseurlConfig();window.addEventListener("index.start",function(){baseurlConfig()});require.config({packages:[{name:"wiseindex",location:"wiseindex/js"},{name:"wiseindexsamp",location:"wiseindex/sampstatic/js"}],paths:{sfr:"https://gss0.bdstatic.com/5bd1bjqh_Q23odCf/static/itemrep/metaLib/sfr-2.5.11.min_14b4ef5"}});var F={};F._fileMap=function(d){var a={};var c="wiseindex/";for(var b in d){if(d.hasOwnProperty(b)){a[c+b.replace(/(\/js\/)|\.js(\?v=md5)?$/g,"")]=d[b].map(function(e){return c+e})}}require.config({bundles:a})};F._fileMap({"/js/superframe_0467623d.js":["lib/sf/activity","lib/sf/route","lib/sf/controller","lib/sf/activityController"],"/js/newsActivity_f5547038.js":["tabs/news/activity/postmessage","tabs/news/activity/aio","tabs/news/activity/popup","tabs/news/activity/toast","tabs/news/activity/star","tabs/news/activity/share","tabs/news/activity/font","tabs/news/activity/tool","tabs/news/activity/iscroll","tabs/news/activity/bdscroll","tabs/news/activity/slider","tabs/news/activity/newsdetail"],"/js/mineActivity_8c545080.js":["tabs/mine/activity/midmine"],"/js/backflow_fa5078c6.js":["lib/backflow"],"/js/sfOperation_50165f97.js":["tabs/news/sfapp/service/wiseindex","tabs/news/sfapp/service/newsdetail","tabs/news/sfapp/view/newsdetail"],"/js/superframeSamp_208d5ec0.js":["lib/sf/activity","sample/recdetailRevert/lib/sf/route","lib/sf/controller","sample/recdetailRevert/lib/sf/activityController"]});
define("lib/event",function(b,a,d){var h=window;var g=h.B.fire?h.B.fire.firePool:{};var f={};function e(m,n,o){if(!n){m="global"}g[m]=g[m]||{};g[m][n]=g[m][n]||[];g[m][n].push(o);if(f[m]&amp;&amp;f[m][n]){for(var l=0,j=f[m][n].length;l&lt;j;l++){var k=f[m][n][l];k.callback&amp;&amp;k.callback.call({event:n},o);if(f[m][n][l].once){f[m][n]=null}}}}function c(l,k,p,o){if(!k){l="global"}else{if(typeof k==="string"){k=[k]}}o=o||{};f[l]=f[l]||{};for(var m in k){var n=k[m];f[l][n]=f[l][n]||[];f[l][n].push({once:o.once,callback:p});if(o.listenpre&amp;&amp;g[l]&amp;&amp;g[l][n]){for(var j in g[l][n]){p&amp;&amp;p.call({event:n},g[l][n][j])}}}}a.listen=h.B.listen=c;a.fire=h.B.fire=e});require(["lib/event"]);</script><script id="index_plus_ls_js_fastclick" type="text/javascript" class="js_fastclick">(function(){function d(o,k){var p;k=k||{};this.trackingClick=false;this.trackingClickStart=0;this.targetElement=null;this.touchStartX=0;this.touchStartY=0;this.lastTouchIdentifier=0;this.touchBoundary=k.touchBoundary||10;this.layer=o;this.tapDelay=k.tapDelay||200;this.tapTimeout=k.tapTimeout||700;if(d.notNeeded(o)){return}function q(l,i){return function(){return l.apply(i,arguments)}}var j=["onMouse","onClick","onTouchStart","onTouchMove","onTouchEnd","onTouchCancel"];var n=this;for(var m=0,h=j.length;m&lt;h;m++){n[j[m]]=q(n[j[m]],n)}if(b){o.addEventListener("mouseover",this.onMouse,true);o.addEventListener("mousedown",this.onMouse,true);o.addEventListener("mouseup",this.onMouse,true)}o.addEventListener("click",this.onClick,true);o.addEventListener("touchstart",this.onTouchStart,false);o.addEventListener("touchmove",this.onTouchMove,false);o.addEventListener("touchend",this.onTouchEnd,false);o.addEventListener("touchcancel",this.onTouchCancel,false);if(!Event.prototype.stopImmediatePropagation){o.removeEventListener=function(l,s,i){var r=Node.prototype.removeEventListener;if(l==="click"){r.call(o,l,s.hijacked||s,i)}else{r.call(o,l,s,i)}};o.addEventListener=function(r,s,l){var i=Node.prototype.addEventListener;if(r==="click"){i.call(o,r,s.hijacked||(s.hijacked=function(t){if(!t.propagationStopped){s(t)}}),l)}else{i.call(o,r,s,l)}}}if(typeof o.onclick==="function"){p=o.onclick;o.addEventListener("click",function(i){p(i)},false);o.onclick=null}}var c=navigator.userAgent.indexOf("Windows Phone")&gt;=0;var b=navigator.userAgent.indexOf("Android")&gt;0&amp;&amp;!c;var g=/iP(ad|hone|od)/.test(navigator.userAgent)&amp;&amp;!c;var e=g&amp;&amp;(/OS 4_\d(_\d)?/).test(navigator.userAgent);var f=g&amp;&amp;(/OS ([6-9]|\d{2})_\d/).test(navigator.userAgent);var a=navigator.userAgent.indexOf("BB10")&gt;0;d.prototype.needsClick=function(h){switch(h.nodeName.toLowerCase()){case"button":case"select":case"textarea":if(h.disabled){return true}break;case"input":if((g&amp;&amp;h.type==="file")||h.disabled){return true}break;case"label":case"iframe":case"video":return true}return(/\bneedsclick\b/).test(h.className)};d.prototype.needsFocus=function(h){switch(h.nodeName.toLowerCase()){case"textarea":return true;case"select":return !b;case"input":switch(h.type){case"button":case"checkbox":case"file":case"image":case"radio":case"submit":return false}return !h.disabled&amp;&amp;!h.readOnly;default:return(/\bneedsfocus\b/).test(h.className)}};d.prototype.sendClick=function(j,k){var h,l;var i=this;if(document.activeElement&amp;&amp;document.activeElement!==j){document.activeElement.blur()}l=k.changedTouches[0];h=document.createEvent("MouseEvents");h.initEvent(this.determineEventType(j),true,true);h.forwardedTouchEvent=true;j.dispatchEvent(h)};d.prototype.determineEventType=function(h){if(b&amp;&amp;h.tagName.toLowerCase()==="select"){return"mousedown"}return"click"};d.prototype.focus=function(h){var i;if(g&amp;&amp;h.setSelectionRange&amp;&amp;h.type.indexOf("date")!==0&amp;&amp;h.type!=="time"&amp;&amp;h.type!=="month"){i=h.value.length;h.setSelectionRange(i,i)}else{h.focus()}};d.prototype.updateScrollParent=function(i){var j,h;j=i.fastClickScrollParent;if(!j||!j.contains(i)){h=i;do{if(h.scrollHeight&gt;h.offsetHeight){j=h;i.fastClickScrollParent=h;break}h=h.parentElement}while(h)}if(j){j.fastClickLastScrollTop=j.scrollTop}};d.prototype.getTargetElementFromEventTarget=function(h){if(h.nodeType===Node.TEXT_NODE){return h.parentNode}return h};d.prototype.onTouchStart=function(j){var h,k,i;if(j.targetTouches.length&gt;1){return true}h=this.getTargetElementFromEventTarget(j.target);k=j.targetTouches[0];if(g){i=window.getSelection();if(i.rangeCount&amp;&amp;!i.isCollapsed){return true}if(!e){if(k.identifier&amp;&amp;k.identifier===this.lastTouchIdentifier){j.preventDefault();return false}this.lastTouchIdentifier=k.identifier;this.updateScrollParent(h)}}this.trackingClick=true;this.trackingClickStart=j.timeStamp;this.targetElement=h;this.touchStartX=k.pageX;this.touchStartY=k.pageY;if((j.timeStamp-this.lastClickTime)&lt;this.tapDelay){j.preventDefault()}return true};d.prototype.touchHasMoved=function(h){var j=h.changedTouches[0],i=this.touchBoundary;if(Math.abs(j.pageX-this.touchStartX)&gt;i||Math.abs(j.pageY-this.touchStartY)&gt;i){return true}return false};d.prototype.onTouchMove=function(h){if(!this.trackingClick){return true}if(this.targetElement!==this.getTargetElementFromEventTarget(h.target)||this.touchHasMoved(h)){this.trackingClick=false;this.targetElement=null}return true};d.prototype.findControl=function(h){if(h.control!==undefined){return h.control}if(h.htmlFor){return document.getElementById(h.htmlFor)}return h.querySelector("button, input:not([type=hidden]), keygen, meter, output, progress, select, textarea")};d.prototype.onTouchEnd=function(j){var l,k,i,n,m,h=this.targetElement;if(!this.trackingClick){return true}if((j.timeStamp-this.lastClickTime)&lt;this.tapDelay){this.cancelNextClick=true;return true}if((j.timeStamp-this.trackingClickStart)&gt;this.tapTimeout){return true}this.cancelNextClick=false;this.lastClickTime=j.timeStamp;k=this.trackingClickStart;this.trackingClick=false;this.trackingClickStart=0;if(f){m=j.changedTouches[0];h=document.elementFromPoint(m.pageX-window.pageXOffset,m.pageY-window.pageYOffset)||h;h.fastClickScrollParent=this.targetElement.fastClickScrollParent}i=h.tagName.toLowerCase();if(i==="label"){l=this.findControl(h);if(l){this.focus(h);if(b){return false}h=l}}else{if(this.needsFocus(h)){if((j.timeStamp-k)&gt;100||(g&amp;&amp;window.top!==window&amp;&amp;i==="input")){this.targetElement=null;return false}this.focus(h);this.sendClick(h,j);if(!g||i!=="select"){this.targetElement=null;j.preventDefault()}return false}}if(g&amp;&amp;!e){n=h.fastClickScrollParent;if(n&amp;&amp;n.fastClickLastScrollTop!==n.scrollTop){return true}}if(!this.needsClick(h)){j.preventDefault();this.sendClick(h,j)}return false};d.prototype.onTouchCancel=function(h){this.trackingClick=false;this.targetElement=null};d.prototype.onMouse=function(h){if(!this.targetElement){return true}if(h.forwardedTouchEvent){return true}if(!h.cancelable){return true}if(!this.needsClick(this.targetElement)||this.cancelNextClick){$("#debug").append("&lt;p&gt;stop "+h.target.className+"&lt;/p&gt;");if(h.stopImmediatePropagation){h.stopImmediatePropagation()}else{h.propagationStopped=true}h.stopPropagation();h.preventDefault();return false}return true};d.prototype.onClick=function(h){var i;if(this.trackingClick){this.targetElement=null;this.trackingClick=false;return true}if(h.target.type==="submit"&amp;&amp;h.detail===0){return true}i=this.onMouse(h);if(!i){this.targetElement=null}return i};d.prototype.destroy=function(){var h=this.layer;if(b){h.removeEventListener("mouseover",this.onMouse,true);h.removeEventListener("mousedown",this.onMouse,true);h.removeEventListener("mouseup",this.onMouse,true)}h.removeEventListener("click",this.onClick,true);h.removeEventListener("touchstart",this.onTouchStart,false);h.removeEventListener("touchmove",this.onTouchMove,false);h.removeEventListener("touchend",this.onTouchEnd,false);h.removeEventListener("touchcancel",this.onTouchCancel,false)};d.notNeeded=function(i){var h;var k;var j;if(typeof window.ontouchstart==="undefined"){return true}if(i.style.touchAction==="none"){return true}return false};d.attach=function(i,h){return new d(i,h)};B.FastClick=d}());</script><script id="index_plus_ls_js_utils" type="text/javascript" class="js_utils">define("lib/utils",function(){(function(){var e=window;function c(){var g=1;if("orientation" in window){switch(window.orientation){case 90:case -90:g=-1;break;case 0:case 180:g=1;break;default:}}else{g=window.innerHeight&gt;window.innerWidth?1:-1}return g}var f=[];var b="onorientationchange" in window,d=b?"orientationchange":"resize";var a=c();$(window).on(d,function(){var g=c();if(g!==a){a=g;setTimeout(function(){},200)}})})();(function(){function b(e,i){var g=window;var d=$("#commonBase");var h={tcreq4log:1+"&amp;"+d.attr("data-prepath").replace(/#/g,"&amp;"),ct:0,cst:0,ref:d.attr("data-ref")||"",lid:d.attr("data-lid")||"",w:d.attr("data-pn")+"_"+d.attr("data-rn")+"_"+encodeURIComponent(d.attr("data-query")||"")};if(d.attr("data-sids")){h.sid=d.attr("data-sids")}if(g.B.Index.getCardIndex){var f=g.B.Index.getCardIndex(e.clk_from);if(~f){e.card_index=f}}$.extend(h,e);a("//m.baidu.com/tc",h,i)}function a(e,d,l){var k=Date.now(),g=window[k]=new Image(),h="",j=null;g.onload=g.onerror=g.onabort=function(){window[k]=null;if(j){clearTimeout(j);j=null;l()}};d=d||{};d.r=k;for(var f in d){if(d.hasOwnProperty(f)){h+="&amp;"+f+"="+d[f]}}g.src=e+"?"+h.slice(1);if(typeof l==="function"){j=setTimeout(function(){j=null;l()},500)}}var c=window.B||(window.B={});c.log={send:b}})();(function(){var b=window.B||(window.B={});var a=function(e,d){var f=b[e]={};f.enabled=b.lsSupport;if(!f.enabled){f.getObjItem=f.getObj=f.getItem=f.get=f.key=function(){return null};f.setObj=f.setObjItem=f.updateObj=f.updateObjItem=f.setItem=f.set=f.removeItem=f.remove=f.clear=function(){};f.length=function(){return 0};f.keys=function(){return[]};return}var c=window[d];f.getItem=function(g){return c.getItem(g)};f.setItem=function(g,h){c.setItem(g,h)};f.removeItem=function(g){c.removeItem(g)};f.getObjItem=function(g,h){var k=this.getItem(g),j=null;try{j=JSON.parse(k);h&amp;&amp;(j=j[h])}catch(i){j=null}return j};f.getObj=function(k,h,j,i){var g=[k,h,j].join("_");return this.getObjItem(g,i)};f.get=function(j,h,i){var g=[j,h,i].join("_");return f.getItem(g)};f.set=function(k,h,j,i){var g=[k,h,j].join("_");f.setItem(g,i)};f.remove=function(j,h,i){var g=[j,h,i].join("_");f.removeItem(g)};f.setObjItem=function(g,h){this.setItem(g,JSON.stringify(h))};f.setObj=function(i,g,h,j){this.setObjItem([i,g,h].join("_"),j)};f.updateObjItem=function(h,i,g){var j=this.getObjItem(h);if(j!=null){j[i]=g;this.setObjItem(h,j)}};f.updateObj=function(k,h,j,i,g){this.updateObjItem([k,h,j].join("_"),i,g)};f.keys=function(n,k){var m=false,j;if(arguments.length==2){j=[n,k].join("_");m=new RegExp("^"+j)}var l=[];for(var h=0,g=c.length;h&lt;g;++h){j=c.key(h);if(!m||j.match(m)){l.push(j)}}return l};f.clear=function(){c.clear()};f.length=function(){return c.length};f.key=function(g){return c.key(g)}};a("ls","localStorage");a("ss","sessionStorage")})();(function(){var a=window.B||(window.B={});a.tipsInfo={tipsShow:function(f,d,c,b){var e=a.ls.getObjItem("plus_tips_info");if(!e){e={}}if(!e[f]){e[f]={times:0,name:d}}this.detect2Close(f,d,++e[f].times,c,b).done(function(){delete e[f]}).always(function(){a.ls.setObjItem("plus_tips_info",e)})},detect2Close:function(g,d,e,c,b){var f=$.Deferred();if(e&gt;=c){this.sendClose(g,d,b).done(function(h){if(h&amp;&amp;+h.errno===0){f.resolve()}}).fail(function(){f.reject()})}else{f.reject()}return f},sendClose:function(d,c,b){return $.ajaxget({url:"?action=setadstatus",dataType:"json",data:{place:c,child_place:b||"",aid:d}})}}})();B.cookie=function(d,e,c){var b,g,a,f;if(arguments.length==0){return document.cookie}if(arguments.length&gt;1&amp;&amp;String(e)!=="[object Object]"){c=c||{};if(e===null||e===undefined){c.expires=-1}if(typeof c.expires==="number"){b=c.expires;g=c.expires=new Date();g.setTime(g.getTime()+b)}e=String(e);return(document.cookie=[encodeURIComponent(d),"=",c.raw?e:encodeURIComponent(e),c.expires?"; expires="+c.expires.toUTCString():"",c.path?"; path="+c.path:"",c.domain?"; domain="+c.domain:"",c.secure?"; secure":""].join(""))}c=e||{};f=c.raw?function(h){return h}:decodeURIComponent;return(a=new RegExp("(?:^|; )"+encodeURIComponent(d)+"=([^;]*)").exec(document.cookie))?f(a[1]):null}});require(["lib/utils"]);</script><script id="index_plus_ls_js_smartymonkey" type="text/javascript" class="js_smartymonkey">(function(global){var START_END={append:{start:"'+(",end:")+'",endencode:"||'').toString()+'"},split:{start:"';out+=(",end:");out+='",endencode:"||'').toString();out+='"}};var skip=/$^/;var sid=0;function smartyMonkey(options){options=options||{};this.setOpt(options)}smartyMonkey.prototype={constructor:smartyMonkey,setOpt:function(options){options=options||{};var self=this;var lDelimiter=options.lDelimiter||"{%";var rDelimiter=options.rDelimiter||"%}";self.filterMap={count:".length"};self.filterMap=merge(self.filterMap,options.filterMap);var filters=[];for(var i in this.filterMap){filters.push(i)}var defaultRegxs={filters:regx("\\|\\@?("+filters.join("|")+")(?=[^\\{\\%]*?\\%\\})"),smConditional:regx(lDelimiter+"(\\/|(else))?\\s*(if|else)([\\s\\S]*?)"+rDelimiter),smInterpolate:regx(lDelimiter+"\\$([^\\=]+?)(?:\\|@?([^\\&amp;\\|]+))?\\s*?(\\=\\s*[\\$]?([\\s\\S]+?))?"+rDelimiter),smIterate:regx(lDelimiter+"(\\/)?foreach\\s*(?:(?:\\$([\\s\\S]+?)\\s+as\\s+(?:\\$([^\\=\\&gt;]+))?\\s*?(?:\\=\\&gt;)?\\s*?\\$([\\s\\S]*?))|(from=[^\\%]*?))?"+rDelimiter),smLoop:regx(lDelimiter+"(\\/)?for\\s*(?:\\$([\\s\\S]+)\\=\\s*([\\s\\S]+?)\\s*to\\s*([\\s\\S]+?)\\s*)?"+rDelimiter),smComments:/\{\%\*[\s\S]*?\*\%\}/g};var defaultSet={varnames:["it"],strip:true};self.set=merge(defaultSet,options.set);self.regxs=merge(defaultRegxs,options.regxs);self.execFns=merge(self.getDefaultExecFns(self.set),options.execFns)},getDefaultExecFns:function(set){var self=this;var cse=set.append?START_END.append:START_END.split;return{smComments:function(){return""},smInterpolate:function(m,code,escaper,assign,variable){var output=cse.start+unescape(code)+").toString()+'";if(assign){output="';var "+unescape(code+"="+variable)+";out+='"}return output},smConditional:function(m,elseifcase,ifcase,elsecase,code){code=code.replace(/\$/g,"");return elseifcase?(ifcase?(code?"';}else if("+unescape(code)+"){out+='":"';}out+='"):(code?"';}else{out+='":"';}out+='")):(code?"';if("+unescape(code)+"){out+='":"';}else{out+='")},smIterate:function(m,endtag,from,key,value,standerd){var defaultMatch=["",null];var name=null;if(standerd){from=(/from=\$([^\s]*)/g.exec(standerd)||defaultMatch)[1];value=(/item=([^\s]*)/g.exec(standerd)||defaultMatch)[1];key=(/key=([^\s]*)/g.exec(standerd)||defaultMatch)[1];name=(/name=([^\s]*)/g.exec(standerd)||defaultMatch)[1]}if(endtag){return"';} } out+='"}sid+=1;indv=value||"i"+sid;from=unescape(from);return"';var arr"+sid+"="+from+";if(arr"+sid+"){"+(name?"smarty.foreach."+name+"={index: -1};":"")+"var "+indv+","+(key||"key")+"=-1;for("+(key||"key")+" in arr"+sid+"){"+(name?"smarty.foreach."+name+".index++;":"")+value+"=arr"+sid+"["+(key||"key")+"];out+='"},smLoop:function(m,endtag,key,from,to){var str=endtag?("';} out+='"):("';for(var "+key+"="+from.replace("$","")+";"+key+"&lt;="+to.replace("$","")+";"+key+"++){out+='");return str},filters:function(m,escaper){var code="";if(escaper&amp;&amp;self.filterMap[escaper]){if(typeof self.filterMap[escaper]==="function"){code=self.filterMap[escaper](m)}else{code=code+self.filterMap[escaper]}}return code}}},replace:function(str){var regxs=this.regxs;var execFns=this.execFns;for(var reg in regxs){str=str.replace(regxs[reg]||skip,execFns[reg])}return str},compile:function(tmpl,set){var self=this;var set=merge(self.set,set);var str=tmpl;str=("var smarty={foreach: {}};var out='"+(set.strip?str.replace(/(^|\r|\n)\t* +| +\t*(\r|\n|$)/g," ").replace(/\r|\n|\t|\/\*[\s\S]*?\*\//g,""):str).replace(/'|\\/g,"\\$&amp;"));str=self.replace(str);str+="';return out;";return new Function(set.varnames,str)}};var _globals=(function(){return this||(0,eval)("this")}());function create(options){return new smartyMonkey(options)}if(typeof module!=="undefined"&amp;&amp;module.exports){module.exports={create:create}}else{if(typeof define==="function"&amp;&amp;define.amd){define("lib/smartyMonkey",function(){return{create:create}})}else{_globals.smartyMonkey={create:create}}}function unescape(code){return code.replace(/\\('|\\)/g,"$1").replace(/[\r\t\n]/g," ")}function merge(obj1,obj2){for(var i in obj2){obj1[i]=obj2[i]}return obj1}function regx(str,set){return new RegExp(str,set||"g")}})(this);</script><script id="index_plus_ls_js_index" type="text/javascript" class="js_index">define("plugin/swipe",function(){function a(q,f,n){var o=$(n);var y=window;var D=y.document;var g=function(){};var A=function(K,L){setTimeout(K||g,L||0)};var J={addEventListener:!!y.addEventListener,touch:("ontouchstart" in y)||y.DocumentTouch&amp;&amp;D instanceof DocumentTouch,transitions:(function(K){var M=["transitionProperty","WebkitTransition","MozTransition","OTransition","msTransition"];for(var L in M){if(K.style[M[L]]!==undefined){return true}}return false})(D.createElement("swipe"))};if(!q){return}var d=q.children[0];var w,e,v,h;f=f||{};var m=parseInt(f.startSlide,10)||0;var B=f.speed||300;f.continuous=f.continuous!==undefined?f.continuous:true;f.autoRestart=f.autoRestart!==undefined?f.autoRestart:false;function s(){w=d.children;h=w.length;if(w.length&lt;2){f.continuous=false}if(J.transitions&amp;&amp;f.continuous&amp;&amp;w.length&lt;3){d.appendChild(w[0].cloneNode(true));d.appendChild(d.children[1].cloneNode(true));w=d.children}e=new Array(w.length);v=q.getBoundingClientRect().width||q.offsetWidth;d.style.width=(w.length*v*2)+"px";var L=w.length;while(L--){var K=w[L];K.style.width=v+"px";K.setAttribute("data-index",L);if(J.transitions){K.style.left=(L*-v)+"px";u(L,m&gt;L?-v:(m&lt;L?v:0),0)}}if(f.continuous&amp;&amp;J.transitions){u(j(m-1),-v,0);u(j(m+1),v,0)}if(!J.transitions){d.style.left=(m*-v)+"px"}q.style.visibility="visible"}function r(){if(f.continuous){b(m-1)}else{if(m){b(m-1)}}}function t(){if(f.continuous){b(m+1)}else{if(m&lt;w.length-1){b(m+1)}}}function j(K){return(w.length+(K%w.length))%w.length}function C(){var K=m;if(K&gt;=h){K=K-h}return K}function b(O,L){O=typeof O!=="number"?parseInt(O,10):O;if(m===O){return}if(J.transitions){var N=Math.abs(m-O)/(m-O);if(f.continuous){var K=N;N=-e[j(O)]/v;if(N!==K){O=-N*w.length+O}}var M=Math.abs(m-O)-1;while(M--){u(j((O&gt;m?O:m)-M-1),v*N,0)}O=j(O);u(m,v*N,L||B);u(O,0,L||B);if(f.continuous){u(j(O-N),-(v*N),0)}}else{O=j(O);k(m*-v,O*-v,L||B)}m=O;A(f.callback&amp;&amp;f.callback(C(),w[m]))}function u(K,M,L){p(K,M,L);e[K]=M}function p(L,O,N){var K=w[L];var M=K&amp;&amp;K.style;if(!M){return}M.webkitTransitionDuration=M.MozTransitionDuration=M.msTransitionDuration=M.OTransitionDuration=M.transitionDuration=N+"ms";M.webkitTransform="translate("+O+"px,0)";M.msTransform=M.MozTransform=M.OTransform="translateX("+O+"px)"}function k(O,N,K){if(!K){d.style.left=N+"px";return}var M=+new Date();var L=setInterval(function(){var P=+new Date()-M;if(P&gt;K){d.style.left=N+"px";if(I){F()}if(f.transitionEnd){f.transitionEnd.call(event,C(),w[m])}clearInterval(L);return}d.style.left=(((N-O)*(Math.floor((P/K)*100)/100))+O)+"px"},4)}var I=f.auto||0;var E;function F(){E=setTimeout(t,I)}function x(){I=0;clearTimeout(E)}function z(){x();I=f.auto||0;F()}function l(K){return/^mouse/.test(K.type)}var i={};var G={};var H;var c={handleEvent:function(K){switch(K.type){case"mousedown":case"touchstart":this.start(K);break;case"mousemove":case"touchmove":this.move(K);break;case"mouseup":case"mouseleave":case"touchend":A(this.end(K));break;case"webkitTransitionEnd":case"msTransitionEnd":case"oTransitionEnd":case"otransitionend":case"transitionend":A(this.transitionEnd(K));break;case"resize":A(s);break;case"hashchange":A(s);break;case"popstate":A(s,15);break}if(f.stopPropagation){K.stopPropagation()}},start:function(K){var L;if(l(K)){L=K;K.preventDefault()}else{L=K.touches[0]}i={x:L.pageX,y:L.pageY,time:+new Date()};H=undefined;G={};if(l(K)){d.addEventListener("mousemove",this,false);d.addEventListener("mouseup",this,false);d.addEventListener("mouseleave",this,false)}else{d.addEventListener("touchmove",this,false);d.addEventListener("touchend",this,false)}},move:function(K){var L;if(l(K)){L=K}else{if(K.touches.length&gt;1||K.scale&amp;&amp;K.scale!==1){return}if(f.disableScroll){K.preventDefault()}L=K.touches[0]}G={x:L.pageX-i.x,y:L.pageY-i.y};if(typeof H==="undefined"){H=!!(H||Math.abs(G.x)&lt;Math.abs(G.y))}if(!H){K.preventDefault();x();if(f.continuous){p(j(m-1),G.x+e[j(m-1)],0);p(m,G.x+e[m],0);p(j(m+1),G.x+e[j(m+1)],0)}else{G.x=G.x/((!m&amp;&amp;G.x&gt;0||m===w.length-1&amp;&amp;G.x&lt;0)?(Math.abs(G.x)/v+1):1);p(m-1,G.x+e[m-1],0);p(m,G.x+e[m],0);p(m+1,G.x+e[m+1],0)}}},end:function(M){var P=+new Date()-i.time;var L=Number(P)&lt;250&amp;&amp;Math.abs(G.x)&gt;20||Math.abs(G.x)&gt;v/4;var K=!m&amp;&amp;G.x&gt;0||m===w.length-1&amp;&amp;G.x&lt;0;if(f.continuous){K=false}var O=G.x&lt;0;if(!H){if(L&amp;&amp;!K){if(O){if(f.continuous){u(j(m-1),-v,0);u(j(m+2),v,0)}else{u(m-1,-v,0)}u(m,e[m]-v,B);u(j(m+1),e[j(m+1)]-v,B);m=j(m+1)}else{if(f.continuous){u(j(m+1),v,0);u(j(m-2),-v,0)}else{u(m+1,v,0)}u(m,e[m]+v,B);u(j(m-1),e[j(m-1)]+v,B);m=j(m-1)}var N=Math.abs(m%o.length);o.removeClass("ns-swipe-tab-active");o.eq(N).addClass("ns-swipe-tab-active");window.B.thunderLog.send({tid:12,cst:2,logFrom:"navs",logInfo:"slide",logExtra:'{"pos":'+N+"}",ref:"index_iphone"});if(f.callback){f.callback(C(),w[m])}}else{if(f.continuous){u(j(m-1),-v,B);u(m,0,B);u(j(m+1),v,B)}else{u(m-1,-v,B);u(m,0,B);u(m+1,v,B)}}}if(l(M)){d.removeEventListener("mousemove",c,false);d.removeEventListener("mouseup",c,false);d.removeEventListener("mouseleave",c,false)}else{d.removeEventListener("touchmove",c,false);d.removeEventListener("touchend",c,false)}},transitionEnd:function(K){if(parseInt(K.target.getAttribute("data-index"),10)===m){if(I||f.autoRestart){z()}if(f.transitionEnd){f.transitionEnd.call(K,C(),w[m])}}}};s();if(I){F()}if(J.addEventListener){if(J.touch){d.addEventListener("touchstart",c,false)}if(f.draggable){d.addEventListener("mousedown",c,false)}if(J.transitions){d.addEventListener("webkitTransitionEnd",c,false);d.addEventListener("msTransitionEnd",c,false);d.addEventListener("oTransitionEnd",c,false);d.addEventListener("otransitionend",c,false);d.addEventListener("transitionend",c,false)}y.addEventListener("resize",c,false);y.addEventListener("hashchange",c,false);y.addEventListener("popstate",c,false)}else{y.onresize=function(){s()};y.onhashchange=function(){s()}}}return a});;define("start/index",function(){var c=window;var k=$("#commonBase").data("prepath").replace(/#/g,"&amp;");var f=c.B.thunderLog?c.B.thunderLog.send:null;$.ajaxSettings.cache=false;(function e(){var o={data:{}};var n=window.location.search.match(/sid=([^&amp;]*)&amp;*/);o.data.sid=(n&amp;&amp;n[1])||$("#commonBase").data("sids");var p=/(.*?)=(.*?)(&amp;|$)/g;var q;while((q=p.exec(k))&amp;&amp;q[1]){o.data[q[1]]=q[2]}$.extend($,{ajaxget:function(r){var u={type:"GET"};var t=$.extend(true,{},o);var s=$.extend(true,t,u,r);return $.ajax(s)},ajaxpost:function(r){var u={type:"POST"};var t=$.extend(true,{},o);var s=$.extend(true,t,u,r);return $.ajax(s)},ajaxjsonp:function(r){var u={dataType:"jsonp"};var t=$.extend(true,{},o);var s=$.extend(true,t,u,r);return $.ajax(s)}})})();var j={rAF:window.requestAnimationFrame||window.webkitRequestAnimationFrame||function(n){setTimeout(n,1000/60)}};var i=B.Index={$el:$("#index-card"),$view:$("#index-view"),$plus:$("#plus-card"),widget:{},prepath:k,requestPlus:function(n,p){var o=$.extend({ms:1,action:"getplus"},n);return $.ajaxjsonp({url:"?",data:o,timeout:p||8000})},contentWidth:function(o,q){var n=0;if(o){var p=$(document.body);var r=$("&lt;pre&gt;").css({"font-size":q,position:"absolute",top:"-10em"}).text(o);p.prepend(r);n=r.width();r.remove()}return n},timer:function(o,n){if(n==0){j.rAF(o)}else{return setTimeout(o,n)}},scrollToTop:function(){this.timer(function(){window.scrollTo(0,0)});return this},scrollToElement:function(n){if(n.length){this.timer(function(){window.scrollTo(0,n.offset().top-parseInt(n.css("margin-top")))})}return this},scrollAnimate:function(o,r){var q=o;var p=null;var n=function(s){var t=Math.round(s/5);q=q-t;if(q&lt;r){c.clearInterval(p);c.scrollTo(0,r);return false}c.scrollTo(0,q)};p=c.setInterval(function(){n(o)},20)},back:function(){history.back();return this},to:function(n,o){if(o==undefined){o=n,n="iview"}B.hash.set(n,o);return this},avoidPenetration:function(o,n){o.css("pointer-events","none");this.timer(function(){o.css("pointer-events",null)},n||400);return this},updateUserData:function(){},timg:function(s,o){var r=Math.floor(Date.now()/1000)-60;var p="wisetimgkey";var o=$.extend({quality:40,sec:r,di:B.md5(["wisetimgkey",r,s].join(""))},o);var n="http://cdn01.baidu-img.cn/timg?wisealaddin";if(/^https/.test(location.protocol)){n="https://ss0.bdstatic.com/9bA1vGfa2gU2pMbfm9GUKT-w/timg?wisealaddin"}for(var q in o){if(o.hasOwnProperty(q)){n+=("&amp;"+q+"="+window.encodeURIComponent(o[q]))}}n+=("&amp;src="+window.encodeURIComponent(s));return n},timgNodes:function(p,n){var o=B.Index.timg;p.each(function(r){var q=p.eq(r);if(q.data("timg")){q.css("background-image","url("+o(q.data("timg"),n)+")")}})}};B.Index.Animation={riseAsFirst:function(v,p,t){var n=$.Deferred();var u=v.siblings().filter(function(w){if($(this).index()&lt;v.index()){return true}});var r=v.height()+parseInt(v.css("margin-top"));var s=u.eq(0).offset().top-v.offset().top;var q=(p||0.5)+0.02+(v.index()-1)*(t||0.15);var o=null;v.css({"-webkit-transition":"-webkit-transform "+q+"s ease","-webkit-transform":"translate3d(0, "+s+"px, 0)"}).one("webkitTransitionEnd",function(w){clearTimeout(o);if(v.find("iframe").attr("src")){var x=$.grep(v.siblings(),function(y){if($(y).index()&lt;v.index()){return true}});x.reverse().forEach(function(z){var y=$(z);y.find("script").attr("type","rerank/javascript");v.after(y);y.find("script").attr("type",null)})}else{v.find("script").attr("type","animation/javascript");u.eq(0).before(v);v.find("script").attr("type",null)}u.add(v).css({"-webkit-transform":null,"-webkit-transition":null});n.resolve()});o=setTimeout(function(){v.triggerHandler("webkitTransitionEnd");o=null},q*1000);i.timer(function(){u.css({"-webkit-transition":"-webkit-transform "+(p||0.5)+"s ease","-webkit-transform":"translate3d(0, "+r+"px, 0)"})});return n}};["on","off","one","trigger"].forEach(function(n,o){i[n]=function(p,q){i.$el[n](p,q)}});$("#navs").children().eq(5).on("click",function(){if($(this).parent().toggleClass("expand").hasClass("expand")){$(this).data("stats","10|2|navs|a1_b6|1")}else{$(this).data("stats","10|2|navs|a1_b6|0")}});var d=require("plugin/swipe");var g=new d($("#ns-swipe").get(0),{startSlide:0,draggable:true,autoRestart:false,continuous:true,disableScroll:true,stopPropagation:true,speed:300,callback:function(n,o){},transitionEnd:function(n,o){}},".ns-swipe-tab");$("#navs").find(".menu-item-0").on("click",function(){window.location.href="?action=gettab&amp;&amp;tabId=0"});function m(){h();b()}function b(){if(c.sSession.isLogin){l()}else{var n=c.sSession.loginGuide||{};if(+n.show||(B.ls&amp;&amp;B.ls.getItem("search_plus_showlogin"))){var p=+n.show?"a2":"a3";var o="default";var q=n.guideCard||"normal";if(B.ls&amp;&amp;B.ls.getItem("search_plus_showlogin")){B.ls.remove("search","plus","showlogin");o="addItem";q="novel"}i.Login({type:o,plus:q,title:c.sSession.loginGuide.guideTitle,confirmCallback:function(){f&amp;&amp;f({ct:1,cst:2,logFrom:"login",logInfo:p+"_l1",logExtra:"{plus:"+q+"}"});(function(){c.location.href=i.Login.redirectUrl("ipassive="+q)})()},cancelCallback:function(){f&amp;&amp;f({ct:1,cst:2,logFrom:"login",logInfo:p+"_l2",logExtra:"{plus:"+q+"}"})}}).show();if(i.Login.show){f&amp;&amp;f({ct:1,cst:1,logFrom:"login",logInfo:p+"_l1",logExtra:"{plus:"+q+"}"})}}}[$("#logo"),$("#navs")].forEach(function(r){B.FastClick.attach(r.get(0))})}function l(){if(/(ipassive|inormal)=([^|]*)/.test(location.hash)){var o=RegExp.$2;var n=RegExp.$1==="inormal"?2:3;f&amp;&amp;f({ct:1,cst:0,logFrom:o,logInfo:"a1_l"+n})}if(!c.sSession.isLogin&amp;&amp;$(".index-banner").length){f&amp;&amp;f({ct:1,cst:1,logFrom:"banner",logInfo:"a1_l1"})}if($("#userinfo-wraps").find(".red-remind").get(0)){$("#userinfo").on("click",function(q){var p=$(this);q.preventDefault();$.ajaxget({url:"/",dataType:"json",type:"get",data:{action:"setadstatus",place:$("#userinfo-wraps").find(".red-remind").data("name"),aid:$("#userinfo-wraps").find(".red-remind").data("aid")},timeout:8000,success:function(r){if(r&amp;&amp;r.errno==0&amp;&amp;r.data==true){p.parent("#userinfo-wraps").find(".red-remind").hide()}location.href=p.attr("href")},error:function(){location.href=p.attr("href")}})})}}function h(){$(c).on("pageshow",function(n){i.timer(function(){if($(".guide-container").length&amp;&amp;/ucbrowser/i.test(navigator.userAgent)!==-1){B.Index.Modal.hide();$(".guide-container").remove()}},1000)})}var a=$("#sync_card_jspool");window.B.saveCard=function(p,s){var v=$(p);var r=v.data("md5");var n=v.attr("id");var o=v.find("script");var q=-1;var t="";if(s&amp;&amp;~(q=mineSession.synCards.indexOf(n))){o=a.find("script").eq(q)}o.each(function(x,w){t+=w.outerHTML});if(!~q){o.remove()}var u={tpl:v[0].outerHTML,script:t,md5:r};B.ls.setObjItem("plus_card_"+n,u);u.name=n;return u};return{init:m}});require(["start/index"],function(a){a.init()});</script><script id="index_plus_ls_js_banner_ctrl" type="text/javascript" class="js_banner_ctrl">define("operation/banner_ctrl",function(){var b=window;var c=$("#middle_banner");var a=b.B.Index;c.on("click",".banner-close-container",function(f){var d=$(this);$("#menu-container").removeClass("showads").addClass("hideads");$(".blank-frame").addClass("hideads");c.css("opacity",0);$(".blank-frame").one("webkitTransitionEnd",function(g){c.hide();$("#menu-container").removeClass("hideads");$(".blank-frame").removeClass("hideads")});$.ajaxget({url:"/",dataType:"json",type:"get",data:{action:"setadstatus",place:d.data("name"),aid:d.data("aid")},timeout:8000,success:function(e){if(e&amp;&amp;e.errno==0&amp;&amp;e.data==true){}else{}},error:function(){}});b.B.log.send({ct:10,cst:2,clk_from:"promb",clk_info:"a1_b1"})}).on("click",".middle-banner-container",function(f){var d=$(this).attr("href");b.B.log.send({ct:10,cst:2,clk_from:"promb",clk_info:"a1_l1"},function(){b.location.href=d;return false});f.preventDefault()})});B.init(function(){require(["operation/banner_ctrl"])});</script><script id="index_plus_ls_js_inputlog" type="text/javascript" class="js_inputlog">define("log/inputlog",function(){var a=false;var f=false;var i=$('&lt;input type="hidden" name="inputT"&gt;');var e=$('&lt;input type="hidden" name="rsv_sug4"&gt;');var d=$("#index-form");var b=window;if(+b.sSession.abnormal===1){$.ajaxget({url:"?action=exception",data:{errno:2,strategy:b.sSession.strategy}})}$("#index-kw").on("input",function(j){if(!a){a=true;i.val(+new Date());d.append(i)}}).on("focus",function(j){if(!f){f=true;e.val(+new Date());d.append(e)}});var c=false;var h=function(){if(!c){c=true;b.B.thunderLog.send({cst:2,tid:33,logFrom:"page",logInfo:"scroll",ref:"index_iphone"})}else{$(window).unbind("scroll",h)}};$(window).on("scroll",h);$("#index-form").on("submit",function(){i.val(+new Date()-i.val());e.val(+new Date()-e.val())});$("#bottom").on("click","ul li a",function(l){var j=$(this).parents("li").index();var k=this.getAttribute("href");b.B.thunderLog.send({cst:2,logFrom:"foot",logInfo:"a1_l"+j,url:encodeURIComponent(k)},function(){location.href=k});l.preventDefault()});function g(){var o=$(window);var n=false;var j={};var m={};function l(){B.Index.$plus.find(".plus").each(function(p,q){j[$(q).attr("id")]={mid:$(q).offset().top+$(q).height()/2}})}function k(q){for(var p in j){if(!m[p]&amp;&amp;j[p].mid-q&lt;o.height()){m[p]=true}}}o.on("cardloaded",function(){l();k(o.scrollTop())});B.listen("skeleton/tab_manager","scrollEvent0",function(){var p=o.scrollTop();if(!n){l();n=true}k(p);setTimeout(function(){if(o.scrollTop()===p){n=false}},500)});B.listen("skeleton/tab_manager","switchTab",function(p){if(p.toTab==="0"){l();k(o.scrollTop())}});$("body").on("touchend",function(){n=false})}g()});require(["log/inputlog"]);</script><script id="index_plus_ls_js_bdnow" type="text/javascript" class="js_bdnow">define("manager/bdnow",function(){var b=window;var d=(function(){var f=$("#index-card");function e(g){this.$topDom=g;this.prepath=$("#commonBase").data("prepath").replace(/#/g,"&amp;");this.bindEvent();this.msgType=this.$topDom.data("msgtype")}e.prototype={constructor:e,bindEvent:function(){var g=this;var h=b.B.Index;g.$topDom.on("click",".plus-edit",function(i){g.toggleEdit($(this));i.stopPropagation()}).on("click",".expand-tool",function(i){g.toggleExpand.call(g)}).on("click",".plus-edit ul li",function(j){var i=$(this).attr("data-cmd");g[i]&amp;&amp;g[i]();j.stopPropagation()}).on("click",".now-msg-ext",function(j){var i=$(this).attr("href");g.log({clk_info:"a1_l2"},function(){window.location.href=i});j.preventDefault();return false}).on("click",".msg-title-link",function(k){var i=$(this).attr("data-node");var j=$(this).data("type");if(j&amp;&amp;j==="novelnow"){var l=$(this).data("item");h.requestPlus({action:"clickitem",gid:l,plustype:"novel"});g.log({clk_info:"a1_l1",url:i},function(){window.location.href=i})}else{g.log({clk_info:"a1_l1",clk_extra:j,url:i},function(){window.location.href=i})}k.preventDefault();return false}).on("click",".card-check",function(k){var i=$(this).attr("data-plus");var m=$(this).attr("data-tipid");var j=$(this).attr("data-bdurl");if(j){b.B.log.send({ct:10,cst:2,clk_from:"tipscard",clk_info:"a1_l1",url:j},function(){window.location.href=j})}else{var l=$("#admin-view ul li[data-plus = "+i+"]");if($(".plus[id = "+i+"]").length){$("body").scrollTop($("#"+i).offset().top-$("body").offset().top-($(window).height()-$("#"+i).height())/2)}else{l.find("div:first-child").addClass("new");h.to("admin");$("body").scrollTop(l.offset().top-$("body").offset().top+$("body").scrollTop())}b.B.log.send({ct:10,cst:2,clk_from:"tipscard",clk_info:"a1_b1"})}$(this).parent().hide();h.requestPlus({action:"tipsclick",plustype:i,tipid:m})}).on("click",".check-novel",function(j){var i={action:"nowclick",plustype:"novel"};$.ajax({url:"?"+g.prepath,data:i,dataType:"jsonp"});$("body").scrollTop($("#novel").offset().top-$("body").offset().top+$("body").scrollTop()-$("#novel").height()/2);$("#novelnow").hide();j.preventDefault()}).on("click",".bdnow-close-area",function(k){var j=$(this).attr("data-cmd");var i=$(this).attr("data-plus");var l=$(this).attr("data-tipid");g[j]&amp;&amp;g[j]();h.requestPlus({action:"tipsclick",plustype:i,tipid:l});k.stopPropagation()}).on("click",function(i){i.stopPropagation()});$("#index-card").on("click",function(i){g.toggleEdit(g.$topDom.find(".plus-edit"),true)})},toggleExpand:function(){var l="a1_b4";var j=this;var h=j.$topDom.find(".msg-title-link");var m=[];var g=h.length;for(var k=0;k&lt;g;k++){m.push(encodeURIComponent($(h[k]).attr("data-node")))}if(j.$topDom.hasClass("expanded")){j.$topDom.removeClass("expanded");l="a1_b5"}else{j.$topDom.addClass("expanded");B.log.send({ct:10,cst:1,clk_from:"bdnow",clk_info:1,url:m})}j.log({clk_info:l})},toggleEdit:function(i,j){var h=this;var g=1;if(i.hasClass("expand")||j){i.removeClass("expand");g=0}else{i.addClass("expand")}if(!j){h.log({clk_info:"a1_b1",clk_extra:g})}},nomore:function(){var g=this;var i=g.$topDom.attr("data-msgtype");if(i&amp;&amp;i==="novelnow"){var h={action:"nowclose",plustype:"novel"};$.ajax({url:"?"+g.prepath,data:h,dataType:"jsonp"})}if(i&amp;&amp;i==="nowbaidu"){$.ajax({url:"?"+g.prepath,data:{action:"nowclose",plustype:"nowbaidu"},dataType:"jsonp"})}g.$topDom.remove();g.log({clk_info:"a1_b2"});if($("#plus-card").find(".plus").length===0){$("html").addClass("white-page")}},close:function(){var g=this;var i=g.$topDom.attr("data-msgtype");if(i&amp;&amp;i==="novelnow"){var h={action:"nowclick",plustype:"novel"};$.ajax({url:"?"+g.prepath,data:h,dataType:"jsonp"})}g.$topDom.remove();g.log({clk_info:"a1_b3"});if($("#plus-card").find(".plus").length===0){$("html").addClass("white-page")}},log:function(j,g){var i=this;var h=$.extend({ct:10,cst:2,clk_from:i.msgType==="person"?"bdnow":i.msgType},j);B.log.send(h,g)}};return e})();var a={BdNow:d};b.B.BdNowData={initNow:c,BdNow:d,messagePool:a};function c(){var l=$("#index-card");if($("#person").length!=0){var j=$("#person").css("display")}if($("#novelnow").length!==0){var k=$("#novelnow").css("display")}$("#plus-card").before(l.find(".bdnow-message"));l.find(".bdnow-message").each(function(){$("html").removeClass("white-page");var n=$(this);var m;var i=n.attr("data-jstype");n.find(".msg-icon").addClass("shake");if((m=n.find(".now-script"))[0]){window["eval"].call(window,$.trim(m.html()))}if(a[i]){new a[i]($(this))}});var f=l.find(".msg-title-link");var h=[];var e=f.length&gt;2?2:f.length;for(var g=0;g&lt;e;g++){h.push(encodeURIComponent($(f[g]).attr("data-node")))}if(j==="block"){B.log.send({ct:10,cst:1,clk_from:"bdnow",clk_info:0,url:h})}if(k==="block"){B.log.send({ct:10,cst:1,clk_from:"novelnow",clk_info:0})}}});require(["manager/bdnow"]);</script><script id="index_plus_ls_js_nctips" type="text/javascript" class="js_nctips">define("manager/nctips",function(){var d=window;var b=function(e,f){this.$container=e;this.tbm=f;this.bindEvent()};b.prototype={consturctor:b,bindEvent:function(){var e=this;var f=d.B.Index;e.$container.on("click",".newcard-tips",function(k){var j=$(this).attr("data-plus");var l=$(this).attr("data-tipid");var i=$(this).attr("data-bdurl");k.stopPropagation();if(i){f.requestPlus({action:"tipsclick",plustype:j,tipid:l});d.B.log.send({ct:10,cst:2,clk_from:"tipscard",clk_info:"a1_l1",url:i},function(){window.location.href=i})}else{d.B.listen("manager/card_loader","viewloaddone",function(n){var m=n.toview;$("body").scrollTop($("#"+m).offset().top-$("body").offset().top-($(window).height()-$("#"+m).height())/2);e.close()});if(!e.tbm){require(["skeleton/tab_manager"],function(m){e.tbm=m;h()})}else{h()}$(".menu-item").eq(0).click();d.B.log.send({ct:10,cst:2,clk_from:"tipscard",clk_info:"a1_b1"})}function h(){var m=e.tbm.getTab(0);if(m.loaded!==1){if(!m.rendered){m.render(m.name,function(){d.B.listen("skeleton/tab","loadedFirstcreen0",function(){if(d.mineSession.onCards&amp;&amp;~d.mineSession.onCards.indexOf(j)){d.B.fire("skeleton/nctips","toview",{toView:j})}else{d.B.listen("manager/card_loader","adminviewloaded",function(n){e.close(g,j)})}f.requestPlus({action:"tipsclick",plustype:j,tipid:l})})})}else{if(d.mineSession.onCards&amp;&amp;~d.mineSession.onCards.indexOf(j)){d.B.fire("skeleton/nctips","toview",{toView:j})}else{if(d.mineSession.adminLoaded){e.close(g,j)}else{d.B.listen("manager/card_loader","adminviewloaded",function(n){e.close(g,j)})}}}f.requestPlus({action:"tipsclick",plustype:j,tipid:l})}}}).on("click",".newcardtips-close-area",function(j){var i=$(this).attr("data-cmd");var h=$(this).attr("data-plus");var k=$(this).attr("data-tipid");e.close();d.B.log.send({ct:10,cst:2,clk_from:"tipscard",clk_info:"a1_b3"});f.requestPlus({action:"tipsclick",plustype:h,tipid:k});j.stopPropagation()}).on("click",function(h){h.stopPropagation()});function g(h){var i=$("#admin-view ul li[data-plus = "+h+"]");if(i){i.find("div:first-child").addClass("new")}require(["manager/card_loader"],function(j){j.manageShow()})}},close:function(e,g){var f=this;$("#menu-container").removeClass("showads").addClass("hideads");$(".blank-frame").addClass("hideads");f.$container.css("opacity",0);$(".blank-frame").one("webkitTransitionEnd",function(h){f.$container.remove();$("#menu-container").removeClass("hideads");$(".blank-frame").removeClass("hideads");e&amp;&amp;e(g)})}};var a={NCTips:b};d.B.NCTipsData={initNCTips:c,NCTips:b,messagePool:a};function c(f){var e=$("#index-card");e.find(".newcardtips").each(function(){var i=$(this);var h;var g=i.attr("data-jstype");i.find(".msg-icon").addClass("shake");if((h=i.find(".now-script"))[0]){window["eval"].call(window,$.trim(h.html()))}if(a[g]){new a[g]($(this),f)}})}});require(["manager/nctips"]);</script><script id="index_plus_ls_js_widget_textinput" type="text/javascript" class="js_widget_textinput">define("plugin/textinput",function(){var b=B.Index.widget;b.TextInput=function(c){$.extend(this,{$el:null,sug:null,haveClear:true,scrollTop:0},c);this.$wrap=this.$el.parent();this.init()};var a=b.TextInput.prototype;a.init=function(){var c=this;this.$el.on("focus",function(f,d){var g=this.value.trim();c.$el.trigger("input",true);setTimeout(function(){window.scrollTo(0,c.scrollTop);c.$el.get(0).focus()},200);if(!d){c.triggerHandler("widget-textinput-focus",g)}return false}).on("blur",function(f,d){var g=this.value.trim();if(!d){c.triggerHandler("widget-textinput-blur",g)}return false}).on("input",function(f,d){var g=this.value.trim();if(g){c.$wrap.removeClass("warn empty");if(c.sug!==null){c.sug.show(g)}}else{c.$wrap.addClass("empty");c.sug.hide()}if(!d){c.triggerHandler("widget-textinput-input",g)}return false});if(this.haveClear){this.$el.siblings(".clear").on("touchstart",function(g,f){var d=Date.now();$(this).off("touchend").one("touchend",function(h){if(Date.now()-d&lt;=200){c.$el.val("").trigger("input",true);if(!f){c.triggerHandler("widget-textinput-clear","")}}return false})})}delete this.init};["on","off","one","trigger","triggerHandler"].forEach(function(c){a[c]=function(){this.$el[c].apply(this.$el,arguments);return this}})});require(["plugin/textinput"]);
$.extend($,{loadJs:function(b){var a=document.createElement("script");a.setAttribute("type","text/javascript");a.setAttribute("src",b);a.setAttribute("defer","defer");document.getElementsByTagName("head")[0].appendChild(a)}});</script><script id="index_plus_ls_js_widget_sug" type="text/javascript" class="js_widget_sug">define("manager/plus_sug",function(){var c=B.Index.widget;var a=window.baidu||(window.baidu={});c.Sug=function(d){$.extend(this,{number:6,$input:null,_cache:{},url:"http://nssug.baidu.com/su?prod="+(d.url?"":d.prod)+"&amp;wd=",sugClickFn:undefined,itemTpl:"",fillEachSugFn:function(f,e){this.innerText=f}},d);this.init()};var b=c.Sug.prototype;b.init=function(){var d=this,e='&lt;div class="suggest-wrap"&gt;&lt;ul&gt;';while(this.number--){e+="&lt;li&gt;"+this.itemTpl+"&lt;/li&gt;"}e+='&lt;li class="suggest-close"&gt;&lt;span&gt;关闭&lt;/span&gt;&lt;/li&gt;&lt;/ul&gt;&lt;/div&gt;';this.$el=this.$sugWrap=$(e).insertAfter(this.$input);this.$sugList=this.$sugWrap.find("li:not(.suggest-close)");this.$el.on("click","li:not(.suggest-close)",function(g,f){if(d.sugClickFn!==undefined){d.sugClickFn.call(this)}else{d.$input.val($(this).text())}d.hide();if(!f){d.triggerHandler("widget-sug-itemclick",this)}d.$input.attr("disabled",true);setTimeout(function(){d.$input.attr("disabled",null)},50);return false}).on("click",".suggest-close span",function(g,f){d.hide();if(d.closeCallback){d.closeCallback.call(this)}if(!f){d.triggerHandler("widget-suggest-close",this)}return false});delete this.init};b.show=function(g){var e=this,f=$.Deferred(),d=false;f.always(function(){e.hide()}).done(function(h){if(typeof e.execDataFn=="function"){h=e.execDataFn(h);if(h===false){return}}else{if(h&amp;&amp;h.s&amp;&amp;h.s.length&amp;&amp;h.q===e.$input.val().toLowerCase()){h.s=h.s.slice(0,6)}else{return}}h.s.forEach(function(k,j){e.fillEachSugFn.apply(e.$sugList.eq(j).show().get(0),arguments)});e._cache[h.q]=h;e.$sugList.each(function(j,k){if($(k).css("display")!="none"){d=true;return false}});if(d){e.$sugWrap.show();e.triggerHandler("widget-sug-show",this)}if(h&amp;&amp;h.s&amp;&amp;h.s.length&amp;&amp;h.q===e.$input.val().toLowerCase()){h.s=h.s.slice(0,6);h.s.forEach(function(k,j){e.fillEachSugFn.apply(e.$sugList.eq(j).show().get(0),arguments)});e._cache[h.q]=h;e.$sugList.each(function(j,k){if($(k).css("display")!="none"){d=true;return false}});if(d){e.$sugWrap.show();e.triggerHandler("widget-sug-show",this)}}});if(this._cache[g]){f.resolve(this._cache[g])}else{$.ajaxjsonp({url:e.url+window.encodeURIComponent(g||""),timeout:4000}).done(function(h){f.resolve(h||{})});a.sug=function(h){f.resolve(h||{})}}};b.hide=function(){this.$sugList.hide();this.$sugWrap.hide()};b.isShow=function(){if(this.$sugList.css("display")=="none"||this.$sugWrap.css("display")=="none"){return false}return true};["on","one","off","trigger","triggerHandler"].forEach(function(d){b[d]=function(){this.$el[d].apply(this.$el,arguments)}})});require(["manager/plus_sug"]);</script><script id="index_plus_ls_js_mp" type="text/javascript" class="js_mp">!function(G,k){function j(a,c){return B.cleanObj.toString.call(a).slice(8,-1)===c}function A(a){var c=w[a];if(c){return c.exports}throw"module "+a+" is undefined"}function x(v,f){for(var e,h,d=v.split(":"),I=d.pop().split("/"),m=B;e=I.shift();){"bdbox"!==e&amp;&amp;(h=e,I.length&amp;&amp;(m=m[e]=m[e]||{}))}var l=w[v]={exports:{}},p=B.isFunction(f)?f.apply(l,[A,l.exports,l,B]):f;p&amp;&amp;(l.exports=p),m[h]=l.exports}function b(){g.forEach(function(a){a()}),g.length=0,y=!0}function H(c,l,h){if("object"==typeof c){var f,a,d=D(c);if(h=h||c,"array"===d||"arguments"===d||"nodelist"===d){for(f=0,a=c.length;a&gt;f;f++){if(l.call(h,c[f],f,c)===!1){return}}}else{for(f in c){if(c.hasOwnProperty(f)&amp;&amp;l.call(h,c[f],f,c)===!1){return}}}}}function D(a){var c;return null==a?c=String(a):(c=Object.prototype.toString.call(a).toLowerCase(),c=c.substring(8,c.length-1)),c}var C=+new Date,F=(C+"").slice(-3),z=navigator.userAgent,B={isBox:/ baiduboxapp\//i.test(z),isIOS:/(iPhone|iPod|iPad)/.test(z),isAndroid:/(Android);?[\s\/]+([\d.]+)?/.test(z),getId:function(){return F++},emptyArr:[],emptyFn:function(){},cleanObj:{},byId:function(a){return B.isString(a)?k.getElementById(a):a},toArray:function(a){return B.emptyArr.slice.call(a)},$:function(a,c){return c=c&amp;&amp;1===c.nodeType?c:k,B.toArray(c.querySelectorAll(a))}};"Function,String,Array,Number,RegExp".replace(/[^, ]+/g,function(a){B["is"+a]=function(c){return j(c,a)}}),B.isBoolean=function(a){return a===!0||a===!1},B.isObject=function(a){return"object"==typeof a},B.isUndefined=function(a){return void 0===a},B.isWindow=function(a){return null!=a&amp;&amp;a==a.window},B.isPlainObject=function(a){return B.isObject(a)&amp;&amp;!B.isWindow(a)&amp;&amp;Object.getPrototypeOf(a)==Object.prototype};var w={};B.define=x;var q=function(c,m,l){for(var h,a,f=c.split("."),d=l||q;h=f.shift();){"Box"!==h&amp;&amp;(a=h,f.length&amp;&amp;(d=d[h]=d[h]||{}))}return d[a]=m||{},d[a]},g=[],y=!1;if(q.init=function(a){return"function"!=typeof a?this:(y?a():g.push(a),this)},"complete,loaded,interactive".indexOf(k.readyState)&gt;-1&amp;&amp;k.body?b():k.addEventListener("DOMContentLoaded",b,!1),x("common:bdbox/utils/getVersion",function(f,d,c){var a=function(){var l=0;if(G.baiduboxapp_version){l=G.baiduboxapp_version}else{var i,h=navigator.userAgent;(i=/([\d+.]+)_(?:diordna|enohpi)_/.exec(h))?(i=i[1].split("."),l=i.reverse().join(".")):(i=/baiduboxapp\/([\d+.]+)/.exec(h))&amp;&amp;(l=i[1])}return a=function(){return l},l};c.exports=a}),x("common:bdbox/utils/version_compare",function(a,f,d){var c=function(l,u){u+="",l+="";for(var s=l.split("."),p=u.split("."),h=0,m=Math.max(s.length,p.length);m&gt;h;h++){if(s[h]&amp;&amp;!p[h]&amp;&amp;parseInt(s[h])&gt;0||parseInt(s[h])&gt;parseInt(p[h])){return 1}if(p[h]&amp;&amp;!s[h]&amp;&amp;parseInt(p[h])&gt;0||parseInt(s[h])&lt;parseInt(p[h])){return -1}}return 0};d.exports=c}),x("common:bdbox/utils/jsonToQuery",function(a,f,d,c){d.exports=function(e){if(c.isString(e)){return e}var i=[];for(var h in e){i.push(h+"="+e[h])}return i.join("&amp;")}}),x("common:bdbox/io/loadJS",function(n,m,f,l){function h(c,M,I){var R,Q,L,N=k.createElement("script");l.isString(c)?(R=c,l.isFunction(M)&amp;&amp;(I=M,M=null)):(R=c.url,M=c.data,I=c.success,Q=c.error||l.emptyFn,L=c.timeout),l.isObject(M)&amp;&amp;(M=p(M)),M&amp;&amp;(R+=(-1===R.indexOf("?")?"?":"&amp;")+M),R=R.replace(/[&amp;?]{1,2}/,"?");var t;/=\?/.test(R)&amp;&amp;(t="_box_jsonp"+l.getId(),R=R.replace(/=\?/,"="+t));var r=d();L=L||20000,N.type="text/javascript",N.src=R;var a,J=!0,P=function(){t&amp;&amp;delete G[t],a&amp;&amp;clearTimeout(a),N.onload=N.onreadystatechange=N.onerror=null,N=null},O=function(){!N||N.readyState&amp;&amp;!/loaded|complete/.test(N.readyState)||(P(),J&amp;&amp;l.isFunction(I)&amp;&amp;I.apply(null,l.toArray(arguments)),J=!1)},K=function(e){P(),J&amp;&amp;Q(e),J=!1};t&amp;&amp;(G[t]=O),a=setTimeout(function(){P(),J&amp;&amp;Q("timeout"),J=!1},L),N.onload=N.onreadystatechange=N.onerror=O,N.onerror=K,r.appendChild(N)}function d(){return k.head||k.getElementsByTagName("head")[0]||k.documentElement}var p=n("common:bdbox/utils/jsonToQuery");l.emptyFn,f.exports=h}),x("common:bdbox/utils/queryToJson",function(a,d,c){c.exports=function(h){try{h=h?decodeURIComponent(h):""}catch(s){h=""}var p=h.split("?"),m=p[1]?p[1]:p[0],f=m.split("&amp;"),l={};return f.forEach(function(e){e=e.split("="),e[0].length&gt;0&amp;&amp;(l[e[0]]=e[1]||"")}),l}}),x("common:bdbox/extend",function(v,h,f,m){function l(a,r,i){for(var c in r){i&amp;&amp;(d(r[c])||I(r[c]))?(d(r[c])&amp;&amp;!d(a[c])&amp;&amp;(a[c]={}),I(r[c])&amp;&amp;!I(a[c])&amp;&amp;(a[c]=[]),l(a[c],r[c],i)):p(r[c])||(a[c]=r[c])}}var d=m.isPlainObject,I=m.isArray,u=m.isBoolean,p=m.isUndefined;f.exports=function(a){var e,c=m.emptyArr.slice.call(arguments,1);return u(a)&amp;&amp;(e=a,a=c.shift()),c.forEach(function(i){l(a,i,e)}),a}}),x("common:bdbox/utils/ready",function(f,n,m){function d(){h.forEach(function(a){a()}),h.length=0,c=!0}function l(a){"function"==typeof a&amp;&amp;(c?a():h.push(a))}var h=[],c=!1;"complete,loaded,interactive".indexOf(k.readyState)&gt;-1&amp;&amp;k.body?d():k.addEventListener("DOMContentLoaded",d,!1),m.exports=l}),x("common:bdbox/utils/detect",function(h,f,d,a){function c(J){var v={name:"unknown",version:0};this===G||this.os||(this.os=v),J=J||navigator.userAgent;var u={Weibo:/weibo/i,Wechat:/micromessenger\//i,QQ:/QQ\//};for(var m in u){u.hasOwnProperty(m)&amp;&amp;(v["is"+m]=u[m].test(J))}v.isUC=J.match(/UC/)||G.ucweb||G.ucbrowser;var t=J.match(/(Android);?\s+([\d.]+)?/);if(t){return v.android=!0,v.version=t[2],v.name="android",v}var p=J.match(/(iPad).*OS\s([\d_]+)/),l=J.match(/(iPod)(.*OS\s([\d_]+))?/),I=!p&amp;&amp;J.match(/(iPhone\sOS)\s([\d_]+)/);return I&amp;&amp;!l?(v.ios=v.iphone=!0,v.version=I[2].replace(/_/g,"."),v.name="ios",v):p?(v.ios=v.ipad=!0,v.name="ios",v.version=p[2].replace(/_/g,"."),v):l?(v.name="ios",v.ios=v.ipod=!0,v.version=l[3]?l[3].replace(/_/g,"."):null,v):v}c.apply(a),d.exports=c}),x("common:bdbox/schema",function(J,h,n,l){function d(a,u){if(a){if(u=u||l.emptyFn,!l.isBox&amp;&amp;l.isIOS&amp;&amp;p(v.version,"9.0")&gt;=0){return void I(function(){K(a,u)})}var s=Date.now(),c=k.createElement("IFRAME");c.src=a,c.style.position="absolute",c.style.left="-2000px",c.style.top="-1000px",c.style.width="1px",c.style.height="1px",c.style.webkitTransition="all 0.9s",c.style.transition="all 0.9s",k.body.appendChild(c);var i=function(){k.body.removeChild(c),u(Date.now()-s&lt;1500?!0:!1)};c.addEventListener("webkitTransitionEnd",i,!1),c.addEventListener("transitionEnd",i,!1),setTimeout(function(){c.style.left="-1000px"},20)}}function K(a,c){location.href=a,m&amp;&amp;clearTimeout(m),m=setTimeout(function(){c(!0)},1200)}var v=J("common:bdbox/utils/detect")(),p=J("common:bdbox/utils/version_compare"),I=J("common:bdbox/utils/ready"),m=null;n.exports=d}),x("common:bdbox/monitor",function(l,h,f,a){var d=encodeURIComponent,c=function(e,i){e+=e.indexOf("?")&lt;0?"?":"&amp;",this.url=e,this.options=i};c.prototype.report=function(u){u=u||"";var r=new Image(1,1),p=[];if(a.isObject(u)){for(var m in u){p.push(m+"="+d(String(u[m])))}u=p.join("&amp;")}var i="_box_mt"+a.getId();G[i]=r,r.onload=r.onerror=r.onabort=function(){r.onload=r.onerror=r.onabort=null,G[i]=r=null};var t=this.url+u;return a.isFunction(this.options.customHandler)&amp;&amp;(t=this.options.customHandler(t)),r.src=t+"&amp;_rnd="+Math.floor(2147483648*Math.random()),this},c.prototype.main=function(e,i){return e&amp;&amp;a.isFunction(this[e])&amp;&amp;this[e].apply(this,a.toArray(i||[])),this},f.exports=function(e,i){return new c(e,i)}}),x("common:bdbox/clone",function(c,l,h){var f=Object.prototype.toString,a=function(p,u,s){var r=0;for(var m in p){if(p.hasOwnProperty(m)){if(s){u[m]=p[m]}else{if(u(m,p[m],r++)){break}}}}},d=function(e){var i;switch(f.call(e)){case"[object Object]":i={},a(e,function(m,n){i[m]=d(n)});break;case"[object Array]":i=[],e.forEach(function(m){i.push(d(m))});break;default:i=e}return i};h.exports=d}),x("common:bdbox/monitor/pblog",function(V,K,J,Q){var N=V("common:bdbox/monitor"),v=V("common:bdbox/extend"),W=V("common:bdbox/utils/queryToJson"),T=V("common:bdbox/utils/getVersion"),S=V("common:bdbox/clone"),U=W(location.search),P=navigator.userAgent,R="//m.baidu.com/tcbox",M={service:"bdbox",action:"pblog",ctv:2,cen:"uid_ua_ut",data:{appid:"1",dataid:"2",actiontype:"1",actionid:"2",actiondata:{ref:U.ref||"",gmv:U.vmgdb||"",source:U.from||U.ref||"",boxVersion:T(),boxPlatform:P.match(/(iPad|iPhone|iPod)/gim)?"ios":"android"}}},L=encodeURIComponent;U.uid&amp;&amp;U.osname&amp;&amp;["osname","ua","ut","from","cfrom","uid","pkgname"].forEach(function(a){U[a]&amp;&amp;(M[a]=U[a])});var I,O=N(R,{customHandler:function(c){var e=[];if(I){for(var d in I){if(I.hasOwnProperty(d)){var a=I[d];Q.isPlainObject(a)&amp;&amp;(a=JSON.stringify(a)),e.push(d+"="+L(a))}}}return e.length&amp;&amp;(c+=e.join("&amp;")),c}});O.init=function(a,c){Q.isPlainObject(c)&amp;&amp;(M=v(M,c)),M.data.cateid=a},O.pv=function(a,f){I=S(M);var d=I.data;d.actionid="1";var c={};return c.url=a||location.href,f&amp;&amp;(c.u=f),d.actiondata=v(d.actiondata,c),O.report()},O.event=function(e,l,h){if(!e){throw"monitor.tc.event need a evtName"}if(Q.isPlainObject(l)&amp;&amp;!h){var d={evtName:e};for(var f in l){d[f]=l[f]}}else{var d={evtName:e,evtType:l||"",evtTag:h||""}}I=S(M);var c=I.data;return c.actionid="2",c.actiondata=v(c.actiondata,d),O.report()},J.exports=function(){O.main.apply(O,arguments)}}),x("common:bdbox/moplus",function(M,R,Q,Y){var U=M("common:bdbox/utils/jsonToQuery"),O=M("common:bdbox/io/loadJS"),N=M("common:bdbox/utils/version_compare"),ac=M("common:bdbox/monitor/pblog"),aa=M("common:bdbox/schema"),L="com.baidu.searchbox",X="http://127.0.0.1:6259/",Z="http://127.0.0.1:40310/",T="inapp_boxserver",S="https:"===location.protocol,P=500,V=null,K="__moplus_host__",ab={isSendPv:!1,isHit:!1,parseUA:function(){var c,l,h=navigator.userAgent,f={uc:/UCBrowser\/(\S*) \S*/g,bd:/baidubrowser\/(\S*) \(Baidu/g,qq:/MQQBrowser\/(\S*) Mobile/g,chr:/Chrome\/(\S*) Mobile/g,qh:/360 Aphone Browser \((\S*)\)/g,sg:/SogouMobileBrowser\/(\S*)/g,mi:/MiuiBrowser\/(\S*)/g};for(var a in f){var d=f[a].exec(h);if(d){c=a,l=d[1];break}}return c=c?c:"other",l=l?l:"0",{t:c,v:l}},parseHost:function(){return W.curHost===Z?1:0},sendEvt:function(a,f,d,c){this.isHit&amp;&amp;this.send(a,f,d,c)},send:function(v,f,d,l){var h=this.parseUA(),a=h.t,ad=h.v,m=S?0:1,p=this.parseHost();ac("event",[v,{evtType:f||"",brName:a,brVer:ad,isHttp:m,isNew:p,source:d||"",intent:l||""}])},init:function(){this.isHit=Date.now()%100===1,ac("init",[2])}},W=function(a,d,c){this.version="2.0",this.isHttps=S,this.curHost=c||"",this.newHost=Z,this.oldHost=this.isHttps?Z:X,this.MCMDF=d||T,this._infoFuncs=[],this._verFuncs=[],this.minVersion=a?a:0,this.pkgName=L,ab.init()},J=function(a,d){try{sessionStorage.setItem(a,d)}catch(c){}},I=function(a){var d;try{d=sessionStorage.getItem(a)}catch(c){}return d};W.prototype={constructor:W,setMcmdf:function(a){return this.MCMDF=a,this},setHost:function(a){return this.curHost=a,J(K,a),this},getHost:function(){if(this.isHttps){return this.curHost=this.newHost,this.newHost}var a=I(K);return a?(this.curHost=a,this.curHost):void 0},api:function(a,f,e,d){if(!a){throw"Moplus.api need an action"}Y.isFunction(f)&amp;&amp;(d=e,e=f,f={});var c=a+(~a.indexOf("?")?"&amp;":"?")+U(f);return ~c.indexOf("mcmdf")||(c+="&amp;mcmdf="+this.MCMDF),ab.sendEvt("api","send:"+a,this.MCMDF,c),this.request(c,function(h){ab.sendEvt("api",(Y.isPlainObject(h)&amp;&amp;0==h.error?"success:":"fail:")+a,this.MCMDF,c),e(h)},d)},getInfo:function(e,l){if(V){return e(V)}if(this._infoFuncs.push(e),!(this._infoFuncs.length&gt;1)){var h=this,d=function(m,o){!o&amp;&amp;Y.isPlainObject(m)&amp;&amp;(V=m);var a;for(o&amp;&amp;(m={error:33});a=h._infoFuncs.shift();){a(m)}},f="getsearchboxinfo?mcmdf="+this.MCMDF;if(this.getHost()){var c={url:this.curHost+f+"&amp;callback=?",success:d,error:function(){d(null,!0)},timeout:l};O(c)}else{this.request(f,function(a){return 33===a.error?d(null,!0):void d(a)},l)}return this}},getHVersion:function(a,f){this._verFuncs.push(a);var d=this;if(!(this._verFuncs.length&gt;1)){var c=function(e){var h;for(e=d.parseInfo(e);h=d._verFuncs.shift();){h(e)}};return this.getInfo(c,f),this}},parseInfo:function(c,h){c=c||V,h=h||this.minVersion;var f=c.package_infos;if(!f||0===f.length){return !1}var d=L,a={offic:{name:L,version:0},oem:{version:0}};return f.forEach(function(e){var l=e.version_name,i=e.package_name;N(l,h)&gt;=0&amp;&amp;(i===d?1===N(l,a.offic.version)&amp;&amp;(a.offic={version:l,name:L}):1===N(l,a.oem.version)&amp;&amp;(a.oem={version:l,name:i}))}),0===a.oem.version&amp;&amp;0===a.offic.version?!1:0!==a.offic.version?a.offic:0!==a.oem.version?a.oem:void 0},schema:function(c,h){if(!c.intent){throw"schema intent is empty"}c.mcmdf||(c.mcmdf=this.MCMDF);var f=function(){ab.send("schema","success",c.source,c.intent),Y.isFunction(h)&amp;&amp;h({error:0,from:"schema"})},a=function(){ab.send("schema","fail",c.source,c.intent),Y.isFunction(h)&amp;&amp;h({error:20,from:"schema"})},e=c.schema||"";if(c.intent&amp;&amp;!c.schema){var d=c.intent;-1==d.indexOf(L)&amp;&amp;(ab.sendEvt("defaultPKGName","fail",c.source||"",c.intent),c.minver=c.minver?c.minver:"6.9.1")}e||(e="baiduboxapp://utils?action=sendIntent&amp;params="+encodeURIComponent(JSON.stringify(c))+"&amp;minver="+(c.minver?c.minver:"6.9")),aa(e,function(i){i?a():f()})},sendIntent:function(e,m,l){var d={};if(e&amp;&amp;Y.isString(e)){var h,f=this,c=!0;return Y.isPlainObject(l)?(d=l,h=l.source||"",l.needlog?ab.isHit=l.needlog:d.needlog=ab.isHit?1:0,l=l.timeout):Y.isBoolean(l)&amp;&amp;(c=l),d.intent=e,ab.send("sendintent","send",h,e),this.api("sendintent",{intent:encodeURIComponent(e)},function(a){!a||a&amp;&amp;33===a.error||!Y.isPlainObject(a)?(ab.send("sendintent","fail",h,e),c?f.schema(d,m):(a=a||{},a.from="moplus",m(a))):(ab.send("sendintent","success",h,e),m(a))},l)}return this},request:function(ae,h,e){var l,af,v=this,r={timeout:e};Y.isFunction(h)&amp;&amp;!~ae.indexOf("callback=")&amp;&amp;(ae+="&amp;callback=?");var ad=function(a){l="success",Y.isFunction(h)&amp;&amp;h(a)},m=function(){Y.isFunction(h)&amp;&amp;h({error:33})};if(v.getHost()){r.url=v.curHost+ae,r.success=ad,r.error=m,O(r)}else{if(r.url=v.newHost+ae,r.success=function(a){"success"!==l&amp;&amp;(af&amp;&amp;clearTimeout(af),v.setHost(v.newHost),ad(a))},r.error=function(){v.isHttps?(l="error",m()):"error"===l&amp;&amp;m(),l="error"},O(r),!v.isHttps){var p={timeout:e,url:v.oldHost+ae,error:r.error};p.success=function(a){"success"!==l&amp;&amp;("error"===l?(v.setHost(v.oldHost),ad(a)):af=setTimeout(function(){v.setHost(v.oldHost),ad(a)},P))},O(p)}}return this}},Q.exports=function(a,c){return new W(a,c)},Q.exports.Moplus=W}),B.version=B.utils.getVersion(),B.version_compare=B.utils.version_compare,B.each=H,B.type=D,B.canI=function(a,d,c){return B.version_compare(B.version,a)&gt;=0?B.isFunction(d)&amp;&amp;d():B.isFunction(c)&amp;&amp;c(),B},H(B,function(a,c){q[c]=a}),G.Box&amp;&amp;G.Box.$){for(var E in q){G.Box[E]=G.Box[E]||q[E]}}else{G.Box=q}}(window,document);</script><script id="index_plus_ls_js_hash_lib" type="text/javascript" class="js_hash_lib">define("lib/hash_lib",function(){var b=window.B||(window.B={});var m=Object.getOwnPropertyNames;var f=b.hash={mute:true};var d={};var n=$("&lt;div /&gt;");"on off one".split(" ").forEach(function(o){f[o]=function(p,q){n[o](p,q)}});function i(o){return $.extend({},o)}function g(){var o=location.href.match(/#(.*)$/);var p=o?o[0]:"";if(p.indexOf("#%7C")===0){p=decodeURIComponent(p)}return p}function c(){var q=g().replace(/^#*/g,"");var p="";if(q.indexOf("|src_")==0){p=q.split(/\|+/)}else{if(/iact/i.test(q)){p=q.split(/\&amp;+/)}else{p=q.split(/\|+/)}}var o={};p.forEach(function(r){var s=r.match(/([^=]+)(?:=(.*))?/);if(s){o[s[1]]=decodeURIComponent(s[2]||"")}});return o}function a(p){var r=[];for(var o in p){var q=p[o];if(q===""){r.push(o)}else{r.push(o+"="+encodeURIComponent(q))}}if(r[0]&amp;&amp;r[0].indexOf("src_")==0){return"#|"+r.join("|")}else{return"#"+r.join("&amp;")}}function e(o,s){var r=[];var q=m(o),p=m(s);p.forEach(function(v){var t=s[v];if(!(v in o)){r.push({type:"added",key:v,oldValue:null,newValue:t})}else{var u=o[v];if(u!==t){r.push({type:"modified",key:v,oldValue:u,newValue:t})}}});q.forEach(function(u){var t=o[u];if(!(u in s)){r.push({type:"removed",key:u,oldValue:t,newValue:null})}});return r}function k(){var o=c();if(!f.mute){var p=e(d,o);p.forEach(function(q){n.trigger("change:"+q.key,[q.type,q.oldValue,q.newValue])});if(p.length&gt;0){n.trigger("change",[i(d),i(o),p])}}d=o}function j(){$(window).on("hashchange",k)}function l(){$(window).off("hashchange",k)}function h(p,o){var q=a(p);f.mute=!!o;l();location.hash=q;k();setTimeout(j,0);f.mute=false}f.get=function(o){if(arguments.length===0){return i(d)}if(o in d){return d[o]}return null};f.set=function(p,r,o){var q=c(),s={};s[p]=r;if(arguments.length==1){s=p}else{if(arguments.length==2){if(typeof r==="boolean"){s=p;o=r}}}$.extend(q,s);h(q,o)};f.remove=function(p,o){var q=c();if(!(p in q)){return}delete q[p];h(q,o)};d=c();j();f.mute=false});require(["lib/hash_lib"]);</script><script id="index_plus_ls_js_skinRenderIndex" type="text/javascript" class="js_skinRenderIndex">define("tabs/mine/items/skin/skin_renderIndex",function(){var h=B.Index;var e=$("#skin").attr("data-skinindex");var c=function(){return $("body").hasClass("has-background")};var a=function(){h.$el.find("#skin-container").css("background-color","transparent");h.$el.find("#skin-container").css("background-image","none")};var f=function(l){var k=$(".weather-shield");if(l){k.css("background-color",l.color);k.css("background-image","url("+$.url.escapeSSL(l.imgUrl.skinUrl)+")")}else{k.css("background-image","none");k.css("background-color","#f1f1f1")}};var j=function(){if($(".index-banner").get(0)){var l=$(".index-banner");var k=l.attr("data-bgColor");l.css("background",k).css("opacity","1");l.find(".index-banner-triangle").css("border-color","transparent transparent transparent "+k+";").css("opacity","1")}else{return}};var g=function(){if($(".index-banner").get(0)){var k=$(".index-banner");k.css("background","-webkit-linear-gradient(left,rgba(0,0,0,0.2),rgba(0,0,0,0.2))");k.find(".index-banner-triangle").css("border-color","transparent transparent transparent #000;").css("opacity","0.2")}else{return}};var b=function(){_setSkinindex();_removeClass();a();_setClassicalLogo();_removeLink();f()};var d=function(k){var l=k;_addClass();_setSkin(l);_setWhiteLogo();_setLink(l);f(l);_setSkinindex(l)};var i=function(l){var k=l;if(typeof(k)=="object"){k=l.indexSkin;var m=k.skinIndex;if(c()){if(m=="0"){b()}else{if(e==m&amp;&amp;m!=undefined){return}else{d(k)}}}else{if(m=="0"){}else{d(k)}}}};return{init:i}});</script><script id="index_plus_ls_js_skinIphone" type="text/javascript" class="js_skinIphone">define("tabs/mine/items/skin/iphone",function(){var n=B.Index;var m=$("#skin-wrap");var f=m.find("#skin");var g=function(o,p){window.B.thunderLog.send($.extend({cst:2,logFrom:"skin",ref:"index_iphone"},o),p)};var j=(function(){var o=B.Index;var q=o;var p=function(s,r){var t=s;var r=r;o.requestPlus(t).always(function(){if(r){r.alwaysCb&amp;&amp;r.alwaysCb()}}).done(function(v){if(v.errno==0){var u=v.data;if(r&amp;&amp;r.done){r.done.doneCb&amp;&amp;r.done.doneCb(u)}}else{if(r&amp;&amp;r.done){r.done.failCb&amp;&amp;r.done.failCb()}}}).fail(function(){if(r){r.failCb&amp;&amp;r.failCb()}})};return p})();var l=(function(){var o=B.Index;var p=$("#skin-wrap");var q={};q.init=function(s){var r=this;f.css("pointer-events","none");j({action:"getskin",skintype:"SkinView"},{done:{doneCb:function(t){o.$view.append(t);var u=$("#skin-view");var v=$("#index-view");B.hash.on("change:iview",function(z,x,w,y){if(y==="skin"){v.trigger("show",{"$view":u})}else{if(w==="skin"){if(k.status=="show"){k.toIndex();k.status="hide"}}}});if(s){v.show();u.show();if($("#userinfo").length==1&amp;&amp;window.location.hash.indexOf("skinAuto=on")&gt;-1){window.location.hash="iview=skin";if(!$(".skin-auto-switch").hasClass("checked")){j({action:"setskin",skintype:"SkinAuto",status:"on"},{done:{doneCb:function(){$(".skin-auto-switch").addClass("checked");j({action:"getplus"},{done:{doneCb:function(x){var w;$.each(x,function(y){if(x[y].name=="skin"){w=x[y].value;i.setAutoSkin(w);B.ls.setObjItem("index_plus_skin",w.indexSkin);h({text:"自动换肤已开启"})}})}}})}}})}g({logInfo:"auto_skin",tid:101,logExtra:'{"action":"logged"}'})}}r.show();r.addevent();f.css("pointer-events","auto")},failCb:function(){if($("#skin-show").get(0)){$("#skin-show").remove()}$("#skin-view").hide();$("#index-view").hide();$("#index-card").show();window.location.hash="";f.css("pointer-events","auto")}},fail:function(){if($("#skin-show").get(0)){$("#skin-show").remove()}$("#skin-view").hide();$("#index-view").hide();$("#index-card").show();window.location.hash="";f.css("pointer-events","auto")}})};q.addevent=function(){var r=this;b.addevent();e.addevent();k.addevent();a.addevent();o.$view.find("#skin-view .back-arrow").on("click",function(s){s.stopPropagation();g({logInfo:"back",tid:98},function(){location.href="https://m.baidu.com/usrprofile"})})};q.show=function(){o.avoidPenetration(o.$el);$("#skin-view").show();$("#index-view").show();$("#index-card").hide();window.location.hash="iview=skin"};q.hide=function(){o.avoidPenetration(o.$el);$("#skin-view").hide();$("#index-view").hide();$("#index-card").show();window.location.hash=""};return q})();var b=(function(){var o=B.Index;var p={};p.show=function(q){var r=q||$("#skin_menu");r.addClass("skin-menu-show").find("ul").show()};p.hide=function(q){var r=q||$("#skin_menu");r.removeClass("skin-menu-show").find("ul").hide()};p.skinAuto=function(u){var s=this;var v=u||$("#skin_menu").find(".skin-auto-switch");var r=v.hasClass("checked")?"on":"off";var t=v.hasClass("checked")?"关闭":"开启";var q=function(w){var x=w||$("#skin_menu").find(".skin-auto-switch");x.hasClass("checked")?x.removeClass("checked"):x.addClass("checked");r=(r==="on")?"off":"on"};q(v);o.timer(s.hide,500);j({action:"setskin",skintype:"SkinAuto",status:r},{done:{doneCb:function(w){h({text:"自动换肤已"+t});g({logInfo:"auto_skin",tid:101,logExtra:'{"action":'+r+"}"});j({action:"getplus"},{done:{doneCb:function(y){var x;$.each(y,function(z){if(y[z].name=="skin"){x=y[z].value;i.setAutoSkin(x);B.ls.setObjItem("index_plus_skin",x.indexSkin)}})}}})},failCb:function(){h({text:"设置失败"});o.timer(q,600)}},failCb:function(){h({text:"请求超时"});o.timer(q,600)}})};p.setClassical=function(s){var t=s||$("#skin_menu").find(".skin-set");var r=this;var q=function(){t.addClass("skin-has-bg");t.text("重置为经典模式")};if(!(t.hasClass("skin-has-bg"))){return}j({action:"setskin",skintype:"SetSkin",skinIndex:"0"},{done:{doneCb:function(){t.text("已设置为经典模式");o.timer(r.hide,200);i.setClassical();h({text:"已恢复经典模式"});var u={};u.skinIndex="0";B.ls.setObjItem("index_plus_skin",u);g({logInfo:"classic",tid:100});if($(".skin-auto-switch").hasClass("checked")){$(".skin-auto-switch").removeClass("checked");j({action:"setskin",skintype:"SkinAuto",status:"off"})}},failCb:function(){h({text:"设置失败"})}},failCb:function(){h({text:"请求超时"})}})};p.addevent=function(){var r=$("#skin_menu");var q=this;r.on("click",function(s){if($(this).hasClass("skin-menu-show")){q.hide(r);g({logInfo:"menu",tid:99,logExtra:'{"action":"hide"}'})}else{q.show(r);g({logInfo:"menu",tid:99,logExtra:'{"action":"show"}'})}s.stopPropagation()});r.find("ul").on("touchmove",function(s){s.stopPropagation();s.preventDefault()});r.find(".skin-auto-switch").on("click",function(t){if($("#userinfo").length==0){g({logInfo:"auto_skin",tid:101,logExtra:'{"action":"login"}'});var s=$("#login").attr("href");location.href="http://wappass.baidu.com/passport/?login&amp;tpl=wimn&amp;subpro=wimn&amp;regtype=1&amp;u=https://m.baidu.com/"+encodeURIComponent("#iview=skin&amp;skinAuto=on")}else{q.skinAuto($(this));t.stopPropagation()}});r.find(".skin-set").on("click",function(s){q.setClassical($(this));s.stopPropagation()});o.$view.find("#skin-view").on("click touchmove",function(){if(r.hasClass("skin-menu-show")){q.hide();g({logInfo:"menu",tid:99,logExtra:'{"action":"hide"}'})}else{return}})};return p})();var i=(function(){var v=B.Index;var s={};var z=function(){$("body").addClass("has-background")};var u=function(){$("body").removeClass("has-background")};var F=function(I){v.$el.find("#skin-container").css("background-color",I.color);v.$el.find("#skin-container").css("background-image","url("+$.url.escapeSSL(I.imgUrl.skinUrl)+")")};var q=function(){v.$el.find("#skin-container").css("background-color","transparent");v.$el.find("#skin-container").css("background-image","none")};var E=function(){v.$el.find("#logo").find("img").attr("src","//m.baidu.com/static/index/plus/plus_logo.png")};var x=function(){v.$el.find("#logo").find("img").attr("src","//m.baidu.com/static/index/plus/white_logo_shadow.png")};var C=function(){v.$el.find(".skin-link").remove()};var w=function(I){v.$el.find(".skin-link").attr("href",I.resultUrl)};var A=function(I){v.$el.find("#logo").append('&lt;a href="'+I.resultUrl+'" class="skin-link" data-thunder="cst:2;tid:109;logFrom:skin;logInfo:logo;"&gt;&lt;/a&gt;')};var G=function(I){v.$el.find("#index-kw").val(I.query)};var r=function(){if(v.$el.find("#index-kw").val()!=""){v.$el.find("#index-kw").val("")}return};var t=function(){if(v.$view.find(".skin-choose-wrapper").get(0)){v.$view.find(".skin-choose-wrapper").remove()}return};var o=function(I){t();I.find(".skin-img-wrapper").append('&lt;div class="skin-choose-wrapper"&gt;&lt;span id="skin-choose"&gt;&lt;i class="icon-choose"&gt;&lt;/i&gt;已使用&lt;/span&gt;&lt;/div&gt;')};var H=function(){var I=v.$view.find(".skin-set");if(I.hasClass("skin-has-bg")){return}I.addClass("skin-has-bg");I.text("重置为经典模式")};var p=function(){var I=v.$view.find(".skin-set");if(!I.hasClass("skin-has-bg")){return}I.removeClass("skin-has-bg");I.text("已设置为经典模式")};var D=function(I){var K=$(".weather-shield");if(I){K.css("background-color",I.color);K.css("background-image","url("+$.url.escapeSSL(I.imgUrl.skinUrl)+")")}else{K.css("background-image","none");K.css("background-color","#eeeff0")}};var y=function(K){t();var L=K;var I=K.skinIndex;if(!$('[data-skinidx="'+I+'"]').find(".skin-img-wrapper").get(0)){return false}$('[data-skinidx="'+I+'"]').find(".skin-img-wrapper").append('&lt;div class="skin-choose-wrapper"&gt;&lt;span id="skin-choose"&gt;&lt;i class="icon-choose"&gt;&lt;/i&gt;已使用&lt;/span&gt;&lt;/div&gt;')};var J=function(I){var K=I;if(K&amp;&amp;K.skinIndex){f.data("skinindex",K.skinIndex)}else{f.data("skinindex","0")}};s.setClassical=function(){u();q();E();C();r();t();D();p();J()};s.changeSkin=function(I){var K=$.parseJSON(I.find("input").val());F(K);w(K);G(K);o(I);D(K);J(K)};s.setSkin=function(I){var K=$.parseJSON(I.find("input").val());z();F(K);x();A(K);G(K);o(I);H();D(K);J(K)};s.setAutoSkin=function(I){var K=I.indexSkin;if(K.skinIndex=="0"){this.setClassical()}else{z();F(K);x();A(K);G(K);y(K);H();D(K)}};return s})();var e=(function(){var p=B.Index;var o={};o.scrollNav=function(){new B.iScroll("#skin-navWrap",{eventPassthrough:true,scrollX:true,scrollY:false,preventDefault:false,bindToWrapper:true})};o.changeNav=function(t){var u=t;var s=u.index();var r=p.$view.find(".skin-nav");var q=p.$view.find(".skin-list");if(u.hasClass("skin-nav-recom")){return}if(u.attr("data-isLoad")=="false"){j({action:"getskin",skintype:"SkinList",tabId:u.attr("data-id"),pageNum:u.attr("data-page")},{done:{doneCb:function(v){d({wrapper:q.eq(s)},v);window.scrollTo(0,0);setTimeout(function(){var w=r.eq(s).attr("data-page");parseInt(w,10);w++;r.eq(s).attr("data-page",w);r.removeClass("skin-nav-recom").eq(s).addClass("skin-nav-recom");q.removeClass("skin-active").eq(s).addClass("skin-active");q.eq(s).attr("data-hasData",v.hasData);c(q.eq(s).attr("data-hasData"));u.attr("data-isLoad","true")},0)},failCb:function(){h({text:"请求错误"})}},failCb:function(){h({text:"请求超时"})}})}else{window.scrollTo(0,0);setTimeout(function(){r.removeClass("skin-nav-recom").eq(s).addClass("skin-nav-recom");q.removeClass("skin-active").eq(s).addClass("skin-active");c(q.eq(s).attr("data-hasData"))},0)}g({logInfo:"tab",tabId:s+1,tid:102})};o.addevent=function(){var q=this;var r=p.$view.find("#skin-view");q.scrollNav();r.on("click",".skin-nav",function(){q.changeNav($(this))})};return o})();var d=(function(){var p=B.Index;function o(q,r){q.wrapper.append(r.html)}return o})();var k=(function(){var p=B.Index;var q={};q.status="hide";q.dom=null;function u(){return false}function r(x,y,z){var A=z;for(var w=0;w&lt;A.length;w++){if(A.eq(w).attr("data-shit")!=x){continue}if(x.indexOf("Url")&gt;-1){A.eq(w).css("background-image","url("+$.url.escapeSSL(y)+")");var v=JSON.parse(q.dom.find("input").val()).color;A.eq(w).css("background-color",v)}else{A.eq(w).html(y)}}}function s(){p.$view.find(".skin-view-title").css("pointer-events","none !important").addClass("skin-addblur");p.$view.find(".skin-navWrap").css("pointer-events","none !important").addClass("skin-addblur");p.$view.find(".skin-list-wrapper").css("pointer-events","none !important").addClass("skin-addblur");p.$view.find("#skin-bottomTips").css("pointer-events","none !important").addClass("skin-addblur")}function t(){p.$view.find(".skin-view-title").css("pointer-events","none !important").removeClass("skin-addblur");p.$view.find(".skin-navWrap").css("pointer-events","none !important").removeClass("skin-addblur");p.$view.find(".skin-list-wrapper").css("pointer-events","none !important").removeClass("skin-addblur");p.$view.find("#skin-bottomTips").css("pointer-events","none !important").removeClass("skin-addblur")}function o(w,y){var x=w;var z=y;for(var v in x){if(typeof(x[v])==="object"){return arguments.callee(x[v],z)}else{r(v,x[v],z)}}}q.render=function(z){var y=$.parseJSON(z.find("input").val());var x=$("#skin-msgPage");var w=x.find("[data-shit]");var v=x.find("#skin-useBtn");o(y,w);v.removeClass();(z.find("#skin-choose").get(0))?v.addClass("skin-showUsed"):v.addClass("skin-showUse")};q.show=function(y,v){var w=this;var z=y||$("#skin-msgPage");z.css("pointer-events","none !important");var x=v||$("#skin-view");z.addClass("skin-msgpageShow").addClass("skin-addop");x.on("touchmove",u);p.timer(function(){w.status="show";z.css("pointer-events",null)},500)};q.hide=function(y,v){var w=this;var z=y||$("#skin-msgPage");z.css("pointer-events","none !important");var x=v||$("#skin-view");z.addClass("skin-removeop");p.timer(function(){x.off("touchmove",u);z.removeClass("skin-removeop").removeClass("skin-addop").removeClass("skin-msgpageShow");w.status="hide";z.css("pointer-events",null);p.$view.find(".skin-view-title").css("pointer-events",null);p.$view.find(".skin-navWrap").css("pointer-events",null);p.$view.find(".skin-list-wrapper").css("pointer-events",null);p.$view.find("#skin-bottomTips").css("pointer-events",null)},500)};q.clickBtn=function(z){var z=z;if(!(z.hasClass("skin-showUse"))){return}var y=$.parseJSON(this.dom.find("input").val());var v=y.skinIndex;var w=this.dom;var x=this;j({action:"setskin",skintype:"SetSkin",skinIndex:v},{done:{doneCb:function(){if($("body").hasClass("has-background")){i.changeSkin(w)}else{i.setSkin(w)}if($(".skin-auto-switch").hasClass("checked")){$(".skin-auto-switch").removeClass("checked");j({action:"setskin",skintype:"SkinAuto",status:"off"})}y.useNum++;y=JSON.stringify(y);w.find("input").val(y);var C=$(".skin-useNum").find("span").eq(0).text();C=parseInt(C);C++;$(".skin-useNum").find("span").eq(0).text(C);z.removeClass().addClass("skin-showUsed");var A={};y=$.parseJSON(y);A.skinIndex=y.skinIndex;A.resultUrl=y.resultUrl;A.color=y.color;A.imgUrl={};A.imgUrl["skinUrl"]=y.imgUrl["skinUrl"];B.ls.setObjItem("index_plus_skin",A);g({logInfo:"preview_use",tid:106});setTimeout(function(){x.toIndex()},300)},failCb:function(){h({text:"换肤失败"});p.avoidPenetration(z,2500)}},failCb:function(){h({text:"换肤失败"});p.avoidPenetration(z,2500)}})};q.addevent=function(){var y=this;var v=p.$view.find("#skin-list-wrapper");var w=p.$view.find("#skin-msgPage");var z=p.$view.find("#skin-view");var x=p.$view.find(".skin-msgImg");v.on("click",".skin-per",function(){y.dom=$(this);y.render($(this));y.show(w,z);g({logInfo:"image",tabId:$(this).attr("data-clkinfo").split("")[1],tid:108,logExtra:'{"imgIndex":'+$(this).attr("data-skinIdx")+"}"})});w.on("click",function(){y.dom=null;y.hide(w,z);g({logInfo:"preview_around",tid:107})});x.on("touchstart","#skin-useBtn",function(A){y.clickBtn($(this));A.stopPropagation()}).on("click",".skin-msg-close",function(A){y.dom=null;y.hide(w,z);g({logInfo:"preview_close",tid:105});A.stopPropagation()}).on("click",function(A){A.stopPropagation()})};q.toIndex=function(x,v){var y=x||$("#skin-msgPage");var w=v||$("#skin-view");l.hide();w.off("touchmove",u);y.removeClass("skin-removeop").removeClass("skin-addop").removeClass("skin-msgpageShow");this.status="hide";t();y.css("pointer-events",null);p.$view.find(".skin-view-title").css("pointer-events",null);p.$view.find(".skin-navWrap").css("pointer-events",null);p.$view.find(".skin-list-wrapper").css("pointer-events",null);p.$view.find("#skin-bottomTips").css("pointer-events",null)};return q})();var c=(function(){var o=B.Index;var p=function(q){var s=$("#skin-bottomTips");var r=q;switch(r){case"0":s.removeClass("skin-showMore skin-showAdd").addClass("skin-showNo");break;case"1":s.removeClass("skin-showNo skin-showAdd").addClass("skin-showMore");break;default:s.removeClass("skin-showMore skin-showNo").addClass("skin-showAdd");break}};return p})();var a=(function(){var p=B.Index;var q={};q.loading=false;q.lock=false;var o=function(w){var x=w;var v=$(window);var u=v.scrollTop();var t=u+v.height();var r=x.offset().top;var s=r+(x.height()/2);return(s&lt;=t)};q.addSkin=function(){var s=this;if(B.hash.get()["iview"]!="skin"){return false}var u=$("#skin-bottomTips");if(!(o(u))){return false}if(s.loading==true){return false}var t=p.$view.find(".skin-nav-recom");var r=p.$view.find(".skin-active");if(r.attr("data-hasData")=="0"){return false}c();s.loading=true;j({action:"getskin",skintype:"SkinList",tabId:t.attr("data-id"),pageNum:t.attr("data-page")},{done:{doneCb:function(w){var v=t.attr("data-page");parseInt(v,10);v++;t.attr("data-page",v);r.attr("data-hasData",w.hasData);d({wrapper:r},w);c(r.attr("data-hasData"));s.loading=false},failCb:function(){c("1");h({text:"加载失败"});s.loading=false}},failCb:function(){c("1");h({text:"请求超时"});s.loading=false}})};q.addevent=function(){var r=this;var s=$(window);s.on("scroll",r.addSkin)};return q})();var h=(function(){var p=B.Index;function q(r){this.wrapper=r.wrapper||p.$view.find("#skin-view");this.text=r.text||"null"}q.prototype.show=function(){var r=this;r.render();r.wrapper.append(r.$tem);p.timer(function(){$(r.$tem).find(".skin-tips").addClass("skin-tips-opacity")},100);$(r.$tem).find(".skin-tips").one("webkitTransitionEnd",function(){r.remove()})};q.prototype.render=function(){tem='&lt;div class="skin-tips-wrapper"&gt;&lt;div class="skin-tips"&gt;'+this.text+"&lt;/div&gt;&lt;/div&gt;";this.$tem=$(tem)};q.prototype.remove=function(){$(this.$tem).remove()};function o(s){var r=new q(s);r.show()}return o})();return{init:l}});
B.init(function(){var a=$("#skin");var b=B.Index;if(window.location.hash.indexOf("iview=skin")&gt;-1){require(["tabs/mine/items/skin/iphone"],function(c){$("#index-card").css("display","none");!(b.$view.find("#skin-view").get(0))?c.init.init(true):c.init.show()});$("#skin-show").remove()}B.listen("inline/detectReload","back",function(d){var c=B.ls.getObjItem("index_plus_skin");if(c&amp;&amp;c.skinIndex&amp;&amp;a.data("skinindex")!=c.skinIndex){location.reload()}},{listenpre:true});require(["tabs/mine/items/skin/iphone"],function(c){a.on("click",function(){!(b.$view.find("#skin-view").get(0))?c.init.init():c.init.show();B.log.send({ct:10,cst:2,clk_from:"skin",clk_info:"a1_b1"})})})});</script><script id="index_plus_ls_js_prefetch" type="text/javascript" class="js_prefetch">(function(){var c=window.B||{};if(typeof c.prefetch!=="undefined"){return}var a=0,b=false;c.prefetch=(function(){var k=(function(){var n=0,o=1,q=-1,m=function(r){return r};var p=function(r,t){if(!$.isFunction(r)){r=m}if(!$.isFunction(t)){t=m}var s=this;s.ok=r;s.ng=t;s._nexts=[];s.state=n};p.prototype={_addOK:function(r){add(this,this.oks,r,this.args,o)},_addNG:function(r){add(this,this.ngs,r,this.errs,q)},_pushOrFire:function(v){var t=this,u=v.promise,r=v.ok,s=v.ng;if(t.state==o){t._fireNextOK(u,r)}else{if(t.state==q){t._fireNextNG(u,s)}else{t._nexts.push(v)}}},_fireNextOK:function(u,s){var t=this,r=s.call(u,t.okResult);if(r instanceof p){r.then(function(v){u.resolve(v)},function(v){u.reject(v)})}else{u.resolve(r)}},_fireNextNG:function(u,t){var s=this,r=t.call(u,s.ngResult);if(r instanceof p){r.then(function(v){u.resolve(v)},function(v){u.reject(v)})}else{u.reject(r)}},then:function(s,u){var t=this,r=new p();if(!$.isFunction(s)){s=m}if(!$.isFunction(u)){u=m}t._pushOrFire({promise:r,ok:s,ng:u});return r},resolve:function(t){var s=this,r=s._nexts;if(s.state!=n){return}s.state=o;s.okResult=s.ok.call(s,t);while(r.length&gt;0){s._pushOrFire(r.shift())}return s},reject:function(t){var s=this,r=s._nexts;if(s.state!=n){return}s.state=q;s.ngResult=s.ng.call(s,t);while(r.length&gt;0){s._pushOrFire(r.shift())}return s},delay:function(r){return this.then(function(s){var t=new p();setTimeout(function(){t.resolve(s)},r);return t})}};p.when=function(t,r,s){return t.then(r,s)};p.now=new p().resolve();return p})();var d=$("#commonBase");var l=1,g=2,e=-1,h=-2;function f(){}var i=function(){return(new Date).getTime()};var j={cache:{},events:$("&lt;div /&gt;"),cacheLife:20000,isid:d.attr("data-logid"),buildSearchUrl:function(p,r){var m="/s?word="+encodeURIComponent(p)+"&amp;ie=utf-8&amp;tn=iphone&amp;rn=10&amp;wpo=base&amp;"+d.attr("data-prepath").replace(/#/g,"&amp;");for(var o in r){var q=r[o];m+="&amp;"+o+"="+q}var n=d.data("ss");if(n&amp;&amp;n!=="0"&amp;&amp;n!="00"){m+="&amp;ss="+n}return m},buildSearchParams:function(m,o){var p={};var n=i().toString();p.ts=n.substr(-7);"from pu st sa rq dit ms".split(" ").forEach(function(q){var r=d.attr("data-"+q);if(r&amp;&amp;r!=="0"&amp;&amp;r!=="00"){p[q]=r}});p.mod=1;p.rsv_iqid=$('[name="rsv_iqid"]').val()||"";p.isid=j.isid;p=$.extend(p,o);return p},onPrefetchFailed:function(n,m){delete j.cache[n];m.promise.reject(m)},prefetchWord:function(p){var q=p.word,o=j.buildSearchUrl(q,p.params),n;var m=j.getCacheObj(q);if(m&amp;&amp;(m.status===g||m.status===l)){return m}if(p.type==="jsonp"){o+="&amp;callback=?";n="jsonp"}else{if(p.type==="ajax"){n="json"}}m=j.cache[q]={promise:new k(),word:q,item:p,status:l,timestamp:i()};m.promise.cacheObj=m;var r=$.ajax({url:o,dataType:n,timeout:30000,beforeSend:function(){j.events.trigger("beforeSend",p)},success:function(t,s,u){if(t&amp;&amp;t.status&gt;=0){m.successTimestamp=i();m.status=g;m.data=t;m.promise.resolve(m)}else{return j.onPrefetchFailed(q,m)}},error:function(u,t,s){if(m.status===g){return}if(t==="abort"){m.status=h}else{m.status=e}j.onPrefetchFailed(q,m)}});m.xhr=r;return m},abortCurrentRequests:function(p){var q=i();for(var t in j.cache){var o=false,n=j.cache[t];for(var r=0,m=p.length;r&lt;m;++r){var s=p[r];if(s.word===t){if(n.status===g||n.status===l){if(q-n.timestamp&lt;j.cacheLife){o=true;break}else{}}}}if(!o){if(n.status===l){n.xhr.abort()}delete j.cache[t]}}},prefetchWords:function(m){if(m.length==0){return}m.forEach(function(n){});clearTimeout(b);b=setTimeout(function(){j.abortCurrentRequests(m);m.forEach(j.prefetchWord)},a)},getCacheStatus:function(n){if(!n){return 0}if(typeof n==="string"){n=j.cache[n]}if(!n){return 0}if(!n.data){return 0}if(!n.data.html){return 0}if(!n.data.html.Html_copyright){return 0}if(!n.data.html.Ala_Script){return 0}if(!n.data.html.cooder_js_top&amp;&amp;!n.data.lscode){return 0}var o=i();if(o-n.timestamp&lt;j.cacheLife){var m=n.status;if(m===g){if(n.data.html.cooder_js_top){return 4}else{return 2}}if(m===l){return 1}return 0}else{return 0}},getCacheObj:function(m){return j.cache[m]||false},delCacheObj:function(m){if(m&amp;&amp;m.xhr){delete j.cache[m.word];m.xhr.abort()}},search:function(q,o,p){j.abortCurrentRequests([q]);var r=q.word;var m=j.cache[r];var n=0;if(!m||m.status===e||m.status===h){q.params.mod=0;q.params.rsv_iqid=$('[name="rsv_iqid"]').val()||"";m=j.prefetchWord(q);n=0}else{n=(m.status===g?2:1)}m.cacheStatus=n;m.searchTimestamp=i();m.promise.then(function(){setTimeout(function(){o(m.data);var s=i()},0)},p);return m},confirm:function(m){var n=j.buildSearchUrl(m.word,$.extend({},m.item.params,{mod:2,chk:m.data.chk,cqid:m.data.logid,rsv_iqid:$('[name="rsv_iqid"]').val()||"",expt:$('input[name="expt"]').val()||""}));$.ajax({url:n,dataType:"ajax",timeout:30000,success:function(){},error:function(){},complete:function(){delete j.cache[m.word]}})}};return j})()})();</script><script id="index_plus_ls_js_sug" type="text/javascript" class="js_sug">(function(){var commonBase=$("#commonBase"),c_pwd="",config={checkInterval:300,sugNum:6,sugBaseUrl:"//m.baidu.com/su?pre=1&amp;p=3&amp;ie=utf-8&amp;json=1&amp;from=wise_web"+(commonBase.attr("data-sugsid")?("&amp;sugsid="+commonBase.attr("data-sugsid")):"")+"&amp;net="+commonBase.attr("data-tanet")+"&amp;os="+commonBase.attr("data-osid")+"&amp;sp="+commonBase.attr("data-spd"),hisBaseUrl:"//m.baidu.com/his?callback=?&amp;type=3&amp;pic=1"+(commonBase.attr("data-lid")?("&amp;lid="+commonBase.attr("data-lid")):""),hisDeleteUrl:"/user/ajax/history/delete",hisClearUrl:"/user/ajax/history/clear",sugScriptId:"sug",hisStorageNum:6,defSiteIconUrl:"//m.baidu.com/static/index/siteDef.png",defAppIconUrl:"//m.baidu.com/static/index/appDef.png",defAtIconUrl:"//m.baidu.com/static/index/atDef.png",tcUrl:"//m.baidu.com/tc?l=1&amp;",hisMoreUrl:"//m.baidu.com/usrprofile?action=history&amp;u=",hisSetUrl:"//m.baidu.com/usrprofile?action=config&amp;model=user&amp;ori=sug&amp;u=",hisGraphUrl:location.protocol.indexOf("https")===-1?"//graph.baidu.com/resource/$sign$_0.jpg":"//sp0.baidu.com/-aYHfD0a2gU2pMbgoY3K/resource/$sign$_0.jpg",hisGraphHerf:"http://graph.baidu.com/s?src_position=his&amp;"},status={isRequesting:false,isHisRecommend:false,isSuccess:false,sugWinMoved:false,sugClosed:false,isFocus:false,isHissyn:!!commonBase.attr("data-pid"),isGetHis:true,isOpenHis:commonBase.attr("data-upshis")},sugCache={},timeoutCache={},prefetchpromise=0,prefetchpromisetimer=null,hisRecommend=null,sugObj={wrap:"suggest-div",sug:"sug",his:"his",touch:"touched",sugEdit:"sug-edit"},preventEvent=function(e){e.preventDefault&amp;&amp;e.preventDefault();e.stopPropagation&amp;&amp;e.stopPropagation();return false};var sids=commonBase.attr("data-sids");config.preratio=[0.3,0.02];var prewait=true;if(sids.indexOf("103995")&gt;-1){config.preratio=[0.3,0.02];prewait=true}else{if(sids.indexOf("104484")&gt;-1){config.preratio=[0.4,0.02];prewait=true}else{if(sids.indexOf("104485")&gt;-1){config.preratio=[0.35,0.02];prewait=true}else{if(sids.indexOf("106034")&gt;-1){}}}}window.baidu=window.baidu||{};$.sug=function(opt){var me=this;var input=$(opt.inputid);if(input.attr("data-sug")=="1"){return}input.attr("data-sug","1");$.extend(me,{doms:{wrap:$(opt.wrapid),input:$(opt.inputid),reset:$(opt.resetid),bn:$(opt.buttonid)},isUpdate:false,isOperAt:false,lastKw:$(opt.inputid).val()||"",needHis:opt.needHis,record:opt.record,sa:opt.sa,w:opt.w,hisShow:"0",sugShow:"0",recShow:"0",publicArgu:opt.publicArgu,iHeight:opt.iHeight||"60px",dHeight:opt.dHeight||"39px"});me.init()};$.sug.prototype={init:function(){var me=this;me.DOMprepared();me.attchEvent();if(commonBase.data("spa")!=0){me.spa=true}else{me.spa=false}if(!status.isHissyn&amp;&amp;!status.isHisRecommend){me.setHisRecommend()}},update:function(){if(this.isUpdate){if(!status.isHissyn){this.setHisRecommend()}else{var localUrl=encodeURIComponent(location.toString());$(".suggest-control-more a").attr("href",config.hisMoreUrl+localUrl);$(".suggest-control-set a").attr("href",config.hisSetUrl+localUrl)}}this.isUpdate=true},setHisRecommend:function(isRequestHis){var me=this,his=me.getHis("");var pid=commonBase.attr("data-pid");if(status.isHissyn){if(status.isOpenHis==1){if(isRequestHis){me.sendHisRequest(his,pid)}else{me.getSug("")}}else{me.cl();me.hd()}}else{if(!status.isHisRecommend){status.isHisRecommend=true;me.sendHisRequest(his)}else{me.getSug("")}}},sendHisRequest:function(his,pid){var me=this,tmp=[];for(var i=0,len=his.length;i&lt;len;i++){tmp.push({kw:his[i].kw,time:parseInt(his[i].time/1000)})}var hissid=commonBase.attr("data-hissid");$.ajax({type:"GET",url:config.hisBaseUrl+"&amp;net="+commonBase.attr("data-tanet")+(hissid?("&amp;hissid="+hissid):"")+(pid?("&amp;pid="+pid):"")+(tmp.length?("&amp;hisdata="+encodeURIComponent(JSON.stringify(tmp))):""),dataType:"jsonp",success:function(data){if(status.isHissyn){if(data.errno==0&amp;&amp;data.his&amp;&amp;data.his.length&gt;0){hisRecommend={s:data&amp;&amp;data.his};if(data.type&amp;&amp;data.type.length&gt;0){hisRecommend.type=data.type}if(data.src&amp;&amp;data.src.length&gt;0){hisRecommend.src=data.src}if(data.vals&amp;&amp;data.vals.length&gt;0){hisRecommend.vals=data.vals}}else{hisRecommend={s:[]}}status.isGetHis=false;me.getSug("")}else{if(data.errno==0&amp;&amp;data.his&amp;&amp;data.his.length&gt;0){hisRecommend={s:data&amp;&amp;data.his}}else{hisRecommend=null}}},error:function(){if(status.isHissyn){hisRecommend={s:[]};status.isGetHis=false;me.getSug("")}}})},DOMprepared:function(){var me=this;me.sugDiv=$("&lt;div/&gt;").attr("class",sugObj.wrap);me.sugClose=$("&lt;div/&gt;").html("关闭").attr("class","suggest-close");me.sugTitle=$("&lt;div/&gt;").attr("class","suggest-title");me.sugAt=$("&lt;div/&gt;").attr("class","suggest-at").html("直达号");me.sugDirect=$("&lt;div/&gt;").attr("class","suggest-direct");me.sugPanel=$("&lt;div/&gt;").attr("class","suggest-panel");me.sugContent=$("&lt;div/&gt;").attr("class","suggest-content");me.setSugOper();me.sugLogo=$("&lt;div/&gt;").attr("class","suggest-logo");me.sugTitle.append(me.sugLogo).append(me.setHisControl()).append(me.sugAt);me.sugPanel.append(me.sugContent).append(me.sugOper);me.sugDiv.append(me.sugDirect).append(me.sugPanel).append(me.sugTitle).append(me.sugClose);me.doms.wrap.append(me.sugDiv);me.form=me.doms.wrap.parents("form");me.page=me.form.attr("data-formposition")=="i"?"index":"search";me.hd()},setHisControl:function(){var me=this;var hisControl=$("&lt;div&gt;").attr("class","suggest-control");var iconPre=me.getIconPre();var localUrl=encodeURIComponent(location.toString());if(status.isHissyn){var eHisMore=$('&lt;div class="suggest-control-more"&gt;&lt;a href='+config.hisMoreUrl+localUrl+'&gt;&lt;i class="'+iconPre+'logo"&gt;&lt;/i&gt;查看更多历史&lt;/a&gt;&lt;/div&gt;');var eHisSet=$('&lt;div class="suggest-control-set"&gt;&lt;a href='+config.hisSetUrl+localUrl+'&gt;&lt;i class="'+iconPre+'setting"&gt;&lt;/i&gt;设置&lt;/a&gt;&lt;/div&gt;');eHisMore.on("click","a",function(){B.log.send({ct:3,cst:6})});eHisSet.on("click","a",function(){B.log.send({ct:3,cst:7})});hisControl.append(eHisMore).append(eHisSet)}else{me.clear=$("&lt;div/&gt;").attr("class","history-clear").html("清除历史记录");me.clear.bind("click",function(){var text="清除全部查询历史记录？";B.log.send({ct:3,cst:9});if(confirm(text)){me.delHis()}else{me.clear.removeClass(sugObj.touch)}}).bind("touchstart",function(e){$(this).addClass("touched")}).bind("touchend",function(e){me.clearTouchStatus()});hisControl.append(me.clear)}me.hisControl=hisControl;return hisControl},setSugOper:function(){var me=this;var eSugOper=$("&lt;div/&gt;").attr("class","suggest-oper sug-active-his");var eHis=$("&lt;div/&gt;").attr("class","suggest-oper-his sug-oper-btn").text("历史记录");var eAt=$("&lt;div/&gt;").attr("class","suggest-oper-at sug-oper-btn").text("直达号");var input=me.doms.input;me.sugOper=eSugOper;me.sugOperHis=eHis;me.sugOperAt=eAt;eHis.on("touchstart",function(e){if(!me.sugOper.hasClass("sug-active-his")){me.sugOper.removeClass("sug-active-at");me.sugOper.addClass("sug-active-his");var kw="";input.val(kw);input.focus();me.scrollTop();me.autoWrap();B.log.send({ct:3,cst:4})}preventEvent(e)});eAt.on("touchstart",function(e){if(!me.sugOper.hasClass("sug-active-at")){me.sugOper.removeClass("sug-active-his");me.sugOper.addClass("sug-active-at");me.isOperAt=true;var kw="@";input.val(kw);input.focus();me.scrollTop();me.autoWrap();B.log.send({ct:3,cst:5})}preventEvent(e)});eSugOper.append(eAt).append(eHis);return eSugOper},attchEvent:function(){var me=this;var input=me.doms.input;if(input.is(":focus")){status.isFocus=true;me.checkInput();me.focustime=new Date().getTime();delete me.inputtime}var searchVoice=$(".se-inner .callicon-wrap");input.bind("focus",function(){me.focustime=new Date().getTime();delete me.inputtime;status.sugClosed=false;$("."+sugObj.wrap).hide();status.isFocus=true;me.scrollTop();me.checkInput();searchVoice.hide()}).bind("blur",function(){if(!input.val()){searchVoice.show()}status.isFocus=false;status.isGetHis=true;clearTimeout(me.timer)});me.form.bind("submit",function(e){var value=$(this).find(".se-input").val();me.submitProcess(e,value)});me.sugClose.bind("click",function(){status.sugClosed=true;me.hd()}).bind("touchstart",function(e){me.clearTouchStatus();$(this).addClass("touched")}).bind("touchend",function(e){me.clearTouchStatus()});me.doms.reset.bind("touchstart mousedown click",function(e){me.doms.input.val("").focus();$(this).hide();preventEvent(e)});$("body").bind("click",function(e){var target=$(e.target);if(target.hasClass("suggest-panel")||target.hasClass("suggest-title")){return}if(target.hasClass(sugObj.sugEdit)||target.hasClass("sug-oper-btn")){var _input=target.parents("form").find(".se-input");_input.focus();return}if(!status.isFocus){clearTimeout(me.timer);$("."+sugObj.wrap).hide()}});$(window).on("pageshow",function(e){me.clearstatics()});$(me.doms.input).on("input",function(e){if(this.value.indexOf("\n")!=-1||this.value.indexOf("\r")!=-1){me.doms.input.val(me.doms.input.val().replace(/\r|\n/g,""));$("textarea.input-hidden").val(me.doms.input.val());me.form.submit()}})},delHis:function(query,succCb,errCb){var me=this;this.clearLocalHis(query);if($(".his").length===0){me.hd()}if(status.isHissyn){var ajaxObj={type:"POST",dataType:"json",success:function(data,errorType,xhr){if(data&amp;&amp;data.result){succCb&amp;&amp;succCb(data)}else{errCb&amp;&amp;errCb(xhr)}},error:function(xhr,errorType,error){errCb&amp;&amp;errCb(xhr)}};if(query){ajaxObj.url=config.hisDeleteUrl;ajaxObj.data={query:query}}else{ajaxObj.url=config.hisClearUrl}$.ajax(ajaxObj)}},scrollTop:function(){var me=this;setTimeout(function(){window.scrollTo(0,me.form.offset().top-2)},100)},clearTouchStatus:function(){var sugEdits=$("."+sugObj.sugEdit),sugs=$("."+sugObj.sug),hiss=$("."+sugObj.his),classes=sugObj.touch;sugEdits.removeClass(classes);sugs.removeClass(classes);hiss.removeClass(classes);this.sugDirect.removeClass(classes);this.sugClose.removeClass(classes);this.clear&amp;&amp;this.clear.removeClass(classes)},clearstatics:function(){var me=this;me.form.attr("sa").value=me.sa+"b";me.form.attr("ts").value=0;me.setHiddenInput("dit",null);me.setHiddenInput("s_at",null)},submitProcess:function(e,v){var me=this,time,value=v;clearTimeout(prefetchpromisetimer);if(me.form.attr("h_type")&amp;&amp;me.form.attr("h_type").value*1===18&amp;&amp;me.graph_kw){preventEvent(e);B.log.send({ct:3,cst:11,s_sa:me.form.attr("sa").value,s_kw:me.form.attr("h_sign").value,s_type:me.form.attr("h_type").value});var kw=me.graph_kw||"";delete me.graph_kw;var graphUrl=config.hisGraphHerf+"&amp;tn=wise&amp;sign="+me.form.attr("h_sign").value+"&amp;sa="+me.form.attr("sa").value;var underscorePos=kw.indexOf("_");if(underscorePos&gt;=0){graphUrl+="&amp;wd="+encodeURIComponent(kw.slice(underscorePos+1))}location.href=graphUrl;return}if(value){if(me.needHis){me.setHis(value.toLowerCase().trim())}if(me.focustime){me.setHiddenInput("rsv_sug4",new Date().getTime()-me.focustime)}else{me.setHiddenInput("rsv_sug4",null)}if(me.inputtime){me.setHiddenInput("inputT",new Date().getTime()-me.inputtime);delete me.inputtime}else{me.setHiddenInput("inputT",null)}if(B.SPA){B.SPA.lastQuery=encodeURIComponent(value)}else{B.SPA={lastQuery:encodeURIComponent(value)}}me.autoWrap(false);me.doms.input.blur();me.doms.reset.hide();me.hd();time=(new Date()).getTime().toString();me.form.attr("ts").value=time.substring(time.length-7);if(B.kts){var t_kt=Math.round(eval(B.kts.join("+"))/B.kts.length);if(typeof t_kt==="number"&amp;&amp;t_kt&gt;0){me.form.attr("t_kt").value=t_kt}}var from=commonBase.data("from");(typeof from)!=="undefined"&amp;&amp;from.toString().replace(/^(\d+)(\w*)$/,function(match,p1,p2){if(p1){p1=(((parseInt(p1,10)+6791)*107)^9527801).toString();if(p2){p1+=".";for(var i=0,len=p2.length;i&lt;len;i++){p1+=p2[i].charCodeAt(0)}}B.cookie("BDICON",p1)}});if(commonBase.attr("data-query")){me.setHiddenInput("oq",decodeURIComponent(commonBase.attr("data-query")))}status.sugClosed=false;if(window.__sam_async_super&amp;&amp;B.search.Search){"ts sa ss rq".split(" ").forEach(function(key){commonBase.data(key,me.form.find('input[name="'+key+'"]').val());B.comm[key]=me.form.find('input[name="'+key+'"]').val()});if(me.form.find('input[name="dit"]').length&gt;0){commonBase.data("dit",me.form.find('input[name="dit"]').val());B.comm.dit=me.form.find('input[name="dit"]').val()}if(B.search.Search.hasCache({word:value})){preventEvent(e);B.comm.query=encodeURIComponent(value);B.comm.pn=0;B.search.Search.submitIndex({word:value});me.doms.input.blur();me.hd();return}}if(me.spa){"ts sa ss rq".split(" ").forEach(function(key){commonBase.data(key,me.form.find('input[name="'+key+'"]').val())});if(me.form.find('input[name="dit"]').length&gt;0){commonBase.data("dit",me.form.find('input[name="dit"]').val())}var cacheObj=B.prefetch.getCacheObj(value),cacheStatus=B.prefetch.getCacheStatus(cacheObj);var speedTest=!!document.getElementById("commonBase").getAttribute("data-pagetimer");if(cacheObj.status===1&amp;&amp;prefetchpromise===0){prefetchpromise=1;cacheObj.promise.then(function(){if(prefetchpromise==1){prefetchpromise=0;me.submitProcess(e,v)}},function(){if(prefetchpromise==1){prefetchpromise=0;me.submitProcess(e,v)}});prefetchpromisetimer=setTimeout(function(){prefetchpromise=0;B.prefetch.delCacheObj(cacheObj);me.submitProcess(e,v)},3000);preventEvent(e);return}else{if(cacheStatus===2){me.doms.input.blur();$("#page-tips,#results,#relativewords").empty();$("#search-btm-zone,#pagenav").hide();$("#index-card").hide();$("#search-card").show();me.hd();preventEvent(e);var sa=encodeURIComponent(me.form.find('input[name="sa"]').val());cacheObj.item.params.sa=sa;if(me.page=="index"){var hash=location.hash;if(hash.indexOf("#%7C")===0){hash=decodeURIComponent(hash)}location.hash=hash?(hash+"|src_"+encodeURIComponent(value)+"|sa_"+sa):("#|src_"+encodeURIComponent(value)+"|sa_"+sa);B.chgParam(value);commonBase.attr("data-query",encodeURIComponent(value)).attr("data-pn",0);if(typeof $.loadPage==="undefined"){var lsObj=B.localStore({type:"search",query:value});if(speedTest){lsObj.speed.loading=(new Date).getTime()}setTimeout(function(){window.scrollTo(0,0)},0)}}else{var hash=location.hash,originalHash=hash;if(hash.indexOf("#%7C")===0){hash=decodeURIComponent(hash);originalHash=hash}hash=hash.replace(/(\|src\_)(.*?)(\||$)/,"$1"+encodeURIComponent(value)+"$3").replace(/(\|sa_)(.*?)(\||$)/,"$1"+sa+"$3");if(!hash){hash="#|src_"+encodeURIComponent(value)+"|sa_"+sa}var speed=false;if(speedTest){speed={tag:me.page,start:(new Date).getTime()}}if(hash===originalHash){$("body").trigger("singlePage",speed)}else{location.hash=hash}}}else{if(cacheStatus===4){me.doms.input.blur();$("#page-tips,#results,#relativewords").empty();$("#search-btm-zone,#pagenav").hide();$("#index-card").hide();$("#search-card").show();me.hd();preventEvent(e);var sa=encodeURIComponent(me.form.find('input[name="sa"]').val());cacheObj.item.params.sa=sa;if(me.page=="index"){var hash=location.hash;if(hash.indexOf("#%7C")===0){hash=decodeURIComponent(hash)}location.hash=hash?(hash+"|src_"+encodeURIComponent(value)+"|sa_"+sa):("#|src_"+encodeURIComponent(value)+"|sa_"+sa);B.chgParam(value);commonBase.attr("data-query",encodeURIComponent(value)).attr("data-pn",0);if(typeof $.loadPage==="undefined"){var lsObj=B.localStore({type:"search-newi",query:value});if(speedTest){lsObj.speed.loading=(new Date).getTime()}setTimeout(function(){window.scrollTo(0,0)},0)}}}else{}}}}}else{preventEvent(e)}},autoWrap:function(point){var me=this,refh,h,p=point,lines,lineHeight=parseInt(me.doms.input.css("line-height"));if(p==false){me.decreaseHeight();return}me.doms.input.removeClass("adjust-input");if(me.doms.input.val()!==$("textarea.input-hidden").val()){$("textarea.input-hidden").width(me.doms.input.width()+2).empty().text(me.doms.input[0].value)}h=$("textarea.input-hidden")[0].scrollHeight;lines=Math.floor(h/lineHeight)},increaseHeight:function(){var me=this;me.doms.input.css({height:me.iHeight});me.form.css({height:me.iHeight});me.form.find(".se-bn,.cross").css({height:me.iHeight})},decreaseHeight:function(){var me=this;me.doms.input.css({height:me.dHeight});me.form.css({height:me.dHeight});me.form.find(".se-bn,.cross").css({height:me.dHeight})},checkInput:function(){var me=this,kw=(me.doms.input.val().toLowerCase()).trim();me.autoWrap();me.timer=setTimeout(function(){me.checkInput()},config.checkInterval);if(kw!==me.lastKw&amp;&amp;!me.inputtime){me.inputtime=new Date().getTime()}if(status.sugClosed){if(kw!=""){me.doms.reset.show()}else{me.doms.reset.hide()}return}else{if(kw==""&amp;&amp;status.isGetHis&amp;&amp;status.isHissyn){me.lastKw=kw;me.setHisRecommend(true);return}if(kw==me.lastKw&amp;&amp;!status.isRequesting){if(me.sugContent.children().length&gt;0||me.sugDirect.children().length&gt;0){me.sh()}else{me.lastKw=kw;me.getSug(kw,2)}}else{me.lastKw=kw;me.getSug(kw);if(window.__sam_async_super){require(["search/search"],function(Search){Search.prefetchInput({word:kw})})}}}},getSug:function(kw,type){var me=this;if(kw==""){me.doms.reset.hide();me.dataProcess(kw,hisRecommend)}else{me.doms.reset.show();if(sugCache[kw]&amp;&amp;!status.isRequesting){me.dataProcess(kw,sugCache[kw])}else{if(!status.isRequesting&amp;&amp;(!timeoutCache[kw]||timeoutCache[kw]&lt;3)){status.isRequesting=true;me.sendRequest(kw,type)}}}},dataProcess:function(kw,data){var me=this;var sugArr=(data&amp;&amp;data.s)||[];var sugVisit=(data&amp;&amp;data.st)||{};var tmp={},combineData=[];if(me.needHis&amp;&amp;kw==""&amp;&amp;hisRecommend){for(var i=0,len=sugArr.length;i&lt;len;i++){combineData.push(["rec",sugArr[i]])}}else{for(var i=0,len=sugArr.length;i&lt;len;i++){tmp[sugArr[i]]=true;combineData.push(["sug",sugArr[i],sugVisit[i]])}if(me.needHis&amp;&amp;!status.isHissyn){var dataHis=me.getHis(kw);for(var i=0,len=dataHis.length;i&lt;len;i++){if(!tmp[dataHis[i].kw]){combineData.push(["his",dataHis[i].kw])}}}}me.buildDOM(kw,combineData,data);if(me.doms.wrap.find("."+sugObj.his).size()==0){me.hisControl.hide()}else{me.hisControl.show()}if(kw){var expTag=data.exp;if(expTag){me.setHiddenInput("expt",expTag)}else{me.setHiddenInput("expt",null)}}},buildSugDirDOM:function(kw,data){var me=this,input=me.doms.input,rs=(data&amp;&amp;data.rs);if(rs){var sugDirItem=me.getSugDirItem(rs.t,rs.v);if(!sugDirItem){me.sugDirect.hide();return false}me.sugDirect.show();var directDiv=$("&lt;div/&gt;").attr("class","sug direct d"+rs.t);var btn=$("&lt;button/&gt;");directDiv.append(btn);if(sugDirItem.icon){btn.append($("&lt;div/&gt;").attr("class","directIcon directIcon"+rs.t).append(sugDirItem.icon))}var textDiv=$("&lt;div/&gt;").attr("class","directText directText"+rs.t);sugDirItem.title&amp;&amp;textDiv.append(sugDirItem.title);sugDirItem.info&amp;&amp;textDiv.append(sugDirItem.info);btn.append(textDiv);me.sugDirect.append(directDiv);me.bindNormalEvent(directDiv);directDiv.bind("touchstart",function(){this.s=true}).bind("touchend",function(){this.e=true}).bind("click",function(e){if(!status.sugWinMoved&amp;&amp;this.s&amp;&amp;this.e){this.s=false;this.e=false;var type=$(this).attr("class").split("sug direct d")[1];B.log.send({ct:1,cst:4,clk_info:type});var target=e.target;if(target.nodeName==="A"&amp;&amp;target.href&amp;&amp;target.href.indexOf("tel:")===0){preventEvent(e);return}else{me.clearTouchStatus();var value=input.val(),time=(new Date()).getTime(),sa=me.sa+"di_1";me.setHiddenInput("dit",type);me.form.attr("sa").value=sa;if(type==2||type==3){me.setHiddenInput("rq",(!value||(value===(this.innerText||this.textContent)))===data.s[0]?null:value);me.hd();var query="";if(type==2){query=rs.v[2]}else{if(type==3){query=rs.v[1]}}input.val(query);me.setSearchQuery(query,function(){location.href=config.tcUrl+me.publicArgu+"&amp;w="+me.w+encodeURIComponent(query)+"&amp;ct=1&amp;dit="+type+"&amp;cst=1&amp;"+rs.v[0]});preventEvent(e);return false}else{if(type==5){me.setHiddenInput("rq",(!value||(value===(this.innerText||this.textContent)))===rs.v[3]?null:value);input.val(rs.v[3])}else{me.setHiddenInput("rq",(!value||(value===(this.innerText||this.textContent)))===data.s[0]?null:value);rs.p==1&amp;&amp;input.val(data.s[0])}}}}else{input.focus();return false}});B.log.send({ct:1,cst:5,clk_info:rs.t});return directDiv}else{me.sugDirect.hide();return null}},setSearchQuery:function(query,callback){this.setHis(query.toLowerCase().trim());$.ajax({type:"GET",url:"//m.baidu.com/?action=addhis&amp;hissign=wise&amp;hisquery="+encodeURIComponent(query),timeout:500,dataType:"jsonp",success:function(data){callback&amp;&amp;callback();return false},error:function(xhr,errorType,error){callback&amp;&amp;callback();return false}})},getSugDirItem:function(t,v){var me=this;var icon=null;var title=$("&lt;p/&gt;").attr("class","title");var info=$("&lt;p/&gt;").attr("class","info");var sugItemHandler={"1":function(){var tem=v[2].split(/\s+/);var isDay=tem[0].indexOf("低温")===-1;var iconClass=me.getWeather(v[4],isDay);icon=$("&lt;i/&gt;").attr("class",iconClass);title.html('&lt;span class="right"&gt;详情&lt;/span&gt;&lt;b&gt;'+tem[0]+"&lt;/b&gt;");info.html('&lt;span class="pre"&gt;今天 '+v[0]+'&lt;/span&gt;&lt;span class="leftBorder"&gt;'+tem[1]+"&lt;/span&gt;")},"2":function(){icon=$("&lt;img/&gt;").attr("class","icon").attr("src",v[3]||config.defSiteIconUrl);title.html(me.getInnerWrap.call(me,v[2],"em","span",null));info.html(v[1])},"3":function(){icon=$("&lt;img/&gt;").attr("class","icon").attr("src",v[4]||config.defAppIconUrl);title.html("&lt;b&gt;"+v[1]+"&lt;/b&gt;&lt;span&gt;下载&lt;/span&gt;");info.html("版本"+v[2]+'&lt;span class="leftBorder"&gt;'+v[3]+'&lt;/span&gt;&lt;span class="leftBorder"&gt;更新'+v[5]+"&lt;/span&gt;")},"4":function(){var redball=v[0].split(",");var blueball=v[1].split(",");var ballHtml=[],redballLen=v[0]?redball.length:0,blueballLen=v[1]?blueball.length:0,i;for(i=0;i&lt;redballLen;i++){ballHtml.push('&lt;div class="ball redball"&gt;',redball[i],"&lt;/div&gt;")}for(i=0;i&lt;blueballLen;i++){ballHtml.push('&lt;div class="ball blueball"&gt;',blueball[i],"&lt;/div&gt;")}title.html(ballHtml.join(""));info.html(["&lt;b&gt;",v[2],'&lt;/b&gt;&lt;span class="leftBorder"&gt;开奖日期：',v[3],"&lt;/span&gt;"].join(""))},"5":function(){title.html(['&lt;b class="pre"&gt;',v[0]?(v[0]+" "):"",v[1],"&lt;/b&gt;"].join(""));info.html([v[3],'&lt;span class="leftBorder"&gt;',v[2],"&lt;/span&gt;"].join(""))},"6":function(){title.html(['&lt;b class="num"&gt;',v[0],"&lt;/b&gt;"].join(""));info.html([v[1],'&lt;span class="leftBorder"&gt;北京时间',v[2],"&lt;/span&gt;"].join(""))},"7":function(){var num1=v[0].split(",");var num2=v[3].split(",");if(v[0]){title.html(['&lt;b class="pre"&gt;&lt;span class="num"&gt;',num1[0],'&lt;/span&gt; 和 &lt;span class="num"&gt;',num1[1],"&lt;/span&gt;&lt;/b&gt;"].join(""))}else{title.html(["&lt;b&gt;不限行&lt;/b&gt;"].join(""))}if(v[3]){info.html(["&lt;b&gt;今日(",v[1],')&lt;/b&gt;&lt;span class="leftBorder"&gt;明日(',v[2],")",num2[0],"和",num2[1],"&lt;/span&gt;"].join(""))}else{info.html(["&lt;b&gt;今日(",v[1],')&lt;/b&gt;&lt;span class="leftBorder"&gt;明日(',v[2],")不限行&lt;/span&gt;"].join(""))}},"8":function(){title.html(['&lt;b class="num"&gt;',v[0],'&lt;/b&gt;&lt;span class="leftBorder pre"&gt;',v[1]," 邮编&lt;/span&gt;"].join(""))},"9":function(){title.html(['&lt;b class="num"&gt;',v[0],'&lt;/b&gt;&lt;span class="leftBorder pre"&gt;',v[1]," 区号&lt;/span&gt;"].join(""))},"10":function(){title.html(["&lt;b&gt;",v[0],"&lt;/b&gt;"].join(""))},"11":function(){title.html(["&lt;b&gt;",v[0],v[1],"&lt;/b&gt;"].join(""));info.html(["[字义]",v[2]].join(""))},"12":function(){title.html(["&lt;b&gt;",v[0],"&lt;/b&gt;"].join(""));info.html([v[1],v[2]?('&lt;span class="leftBorder pre"&gt;'+v[2]+"&lt;/span&gt;"):""].join(""))},"13":function(){title.html(['&lt;b class="pre"&gt;',v[0],"&lt;/b&gt;"].join(""));info.html(["《",v[1],"》",v[2]?('&lt;span class="leftBorder pre"&gt;'+v[2]+"&lt;/span&gt;"):""].join(""))},"14":function(){title.html(["&lt;b&gt;",v[0],'&lt;/b&gt;&lt;span class="leftBorder pre"&gt;',v[1],"&lt;/span&gt;"].join(""))},"15":function(){title.html(['&lt;a href="tel:',v[0],'"&gt;',v[0],'&lt;/a&gt;&lt;em&gt;官方&lt;/em&gt;&lt;span class="leftBorder pre"&gt;',v[1],"&lt;/span&gt;"].join(""))}};var item=null;if(sugItemHandler[t]){sugItemHandler[t]();item={icon:icon,title:title,info:info}}return item},bindNormalEvent:function(dom){var me=this,classes=sugObj.touch;dom&amp;&amp;dom.bind("touchstart",function(e){me.clearTouchStatus();$(this).addClass(classes);status.sugWinMoved=false}).bind("touchmove",function(e){status.sugWinMoved=true}).bind("touchend",function(e){me.clearTouchStatus()})},preventClickThrough:function(){$("a").css({"pointer-events":"none"})},unpreventClickThrough:function(){setTimeout(function(){$("a").css({"pointer-events":"auto"})},200)},buildPrefetchItem:function(kw,params){var me=this;params=params||{};params.at="3";if(this.page==="index"){}else{params.spr="1"}if(me.focustime){params.rsv_sug4=new Date().getTime()-me.focustime}if(me.inputtime){params.inputT=new Date().getTime()-me.inputtime}return{word:kw,params:B.prefetch.buildSearchParams(kw,params),type:"ajax"}},parsePrefetchQuery:function(kw,combineData){var me=this;var words=[];if(kw!==""){words.push(me.buildPrefetchItem(kw,{sa:me.sa+"b"}))}var prefetchSugCount=0,maxPrefetchSugCount=1;for(var i=0,len=combineData.length;i&lt;len;++i){var item=combineData[i];if(item[0]==="sug"){words.push(me.buildPrefetchItem(item[1],{sa:me.sa+"s_"+(i+1)}));++prefetchSugCount;if(prefetchSugCount&gt;=maxPrefetchSugCount){break}}}return words},newParsePrefetchQuery:function(kw,combineData,pre){var me=this;var words=[];var prefix=pre.shift()*1;if(prewait===false&amp;&amp;prefix&lt;1&amp;&amp;prefix&gt;0){config.preratio=[0.3,0.02];prewait=true}if(kw!==""&amp;&amp;prefix*1&gt;=config.preratio[0]){words.push(me.buildPrefetchItem(kw,{sa:me.sa+"b",pre:prefix}))}for(var i=0,len=combineData.length;i&lt;len;++i){var item=combineData[i];if(item[0]==="sug"){if(prewait===false&amp;&amp;pre[i]&lt;1&amp;&amp;pre[i]&gt;0){config.preratio=[0.3,0.02];prewait=true}if(pre[i]==="1"){words.push(me.buildPrefetchItem(item[1],{sa:me.sa+"s_"+(i+1),pre:pre[i]}))}else{if(pre[i]*1&gt;=config.preratio[1]&amp;&amp;prewait){if(words.length&lt;3){words.push(me.buildPrefetchItem(item[1],{sa:me.sa+"s_"+(i+1),pre:pre[i]}))}}}}}return words},buildDOM:function(kw,combineData,data){var me=this,classes=sugObj.touch,input=me.doms.input,rs=data&amp;&amp;data.rs;me.cl();var len=Math.min(combineData.length,config.sugNum);if(kw==""||kw=="@"){if(len&gt;0&amp;&amp;!me.sugPanel.hasClass("sug-oper")){me.sugPanel.addClass("sug-oper");B.log.send({ct:3,cst:3})}}else{me.sugPanel.removeClass("sug-oper")}if(kw==""){me.isOperAt=false;me.sugOper.removeClass("sug-active-at");me.sugOper.addClass("sug-active-his")}if(kw=="@"){me.sugOper.removeClass("sug-active-his");me.sugOper.addClass("sug-active-at")}var sugDirectItem=me.buildSugDirDOM(kw,data);if(me.spa&amp;&amp;kw.indexOf("@")!==0){if(kw!=me.lastPrefetchWord){if(data&amp;&amp;data.pre){if(!window.__sam_async_super){B.prefetch.prefetchWords(me.newParsePrefetchQuery(me.doms.input.val(),combineData,data.pre))}}else{}me.lastPrefetchWord=kw}}if(len===0&amp;&amp;!sugDirectItem){return me.hd()}var isSugAt=false;var ishisGraph=false;var ishisGraphWithText=false;var isEntSugShow=false;for(var i=0;i&lt;len;i++){if(combineData[i][0]=="his"){me.hisShow="1"}var attr={};if(data&amp;&amp;data.term){attr.term=data.term}if(combineData[i][0]=="sug"){me.sugShow="1"}if(combineData[i][0]=="rec"){me.recShow="1"}var sugItem=$("&lt;div/&gt;").attr("class",(combineData[i][0]=="rec"?"his":combineData[i][0]));var eSugBtn=me.getInnerWrap.call(me,combineData[i][1],"em","button",attr);if(data&amp;&amp;data.g){var gItem=data.g[i];if(gItem&amp;&amp;gItem.t==="e"&amp;&amp;gItem.e){isEntSugShow=true;eSugBtn=me.getEntSugBtn(combineData[i][1],gItem)}}if(data&amp;&amp;data.type&amp;&amp;data.type[i]===18&amp;&amp;data.vals[i].length&gt;0){eSugBtn=me.getHisWrap.call(me,combineData[i][1],{type:data.type[i],val:data.vals[i]});if((combineData[i][1]||"").indexOf("_")&gt;=0){ishisGraphWithText=true}else{ishisGraph=true}}if(combineData[i][2]==null){var sugAt=data&amp;&amp;data.at&amp;&amp;data.at.sug&amp;&amp;data.at.sug[i];if(sugAt&amp;&amp;sugAt[3]){isSugAt=true;var esugAtIcon=$("&lt;img/&gt;").attr({src:sugAt[1]||config.defAtIconUrl});eSugBtn.addClass("sugat");eSugBtn.prepend($("&lt;div&gt;&lt;/div&gt;").append(esugAtIcon))}var eSugAdd=$("&lt;div/&gt;").attr("class",sugObj.sugEdit);if(status.isHissyn&amp;&amp;input.val()===""){eSugAdd.addClass("sug-del")}sugItem.append(eSugBtn).append(eSugAdd);eSugAdd.bind("touchmove",preventEvent).bind("touchend",function(e){me.clearTouchStatus();me.unpreventClickThrough();preventEvent(e)}).bind("touchstart",(function(itemData,_index){return function(e){var item=this;me.preventClickThrough();var kw=$(this).siblings("button").attr("data-query")||itemData[1];me.clearTouchStatus();if(input.val()===""&amp;&amp;$(this).hasClass("sug-del")){me.delHis(kw,function(){var it=$(item);var wrap=it.parent().parent();it.parent().remove();if(wrap.children().length==0){me.hd();input.blur()}});B.log.send({ct:3,cst:8});return}$(this).addClass(classes);input.focus();me.scrollTop();input.addClass("animate");setTimeout(function(){input.removeClass("animate")},400);input.val(kw);me.lastKw=kw;me.doms.reset.show();me.autoWrap();me.sendRequest(kw);B.log.send({ct:3,cst:1});preventEvent(e)}})(combineData[i],i))}else{var eSugVisit=$("&lt;div/&gt;").attr("class","sug-visit");eSugVisit.html("&lt;span class='visit'&gt;访问&lt;/span&gt;");sugItem.append(eSugBtn).append(eSugVisit);eSugVisit.bind("click",(function(itemData){return function(e){me.hd();me.setSearchQuery(itemData[1],function(){location.href=config.tcUrl+me.publicArgu+"&amp;w="+me.w+encodeURIComponent(me.doms.input.val())+"ct=1&amp;cst=2&amp;"+itemData[2]});preventEvent(e);return false}})(combineData[i]))}me.sugContent.append(sugItem);me.bindNormalEvent(sugItem);eSugBtn.bind("touchstart",function(){this.s=true}).bind("touchend",function(){this.e=true}).bind("click",(function(itemData,_index,data){return function(e){if(!status.sugWinMoved&amp;&amp;this.s&amp;&amp;this.e){this.s=false;this.e=false;me.clearTouchStatus();var value=input.val();me.setHiddenInput("rq",(!value||(value===(this.innerText||this.textContent)))?null:value);input.val($(this).attr("data-query")||this.innerText||this.textContent);var atInfo=data&amp;&amp;data.at&amp;&amp;data.at.sug&amp;&amp;data.at.sug[_index];if(atInfo&amp;&amp;atInfo[3]){me.setHiddenInput("s_at",(me.isOperAt?"a2":"a1")+"_b"+(_index+1))}var sa="";switch(itemData[0]){case"sug":sa="s";break;case"his":sa="h";break;case"rec":sa="hr";break}if(data&amp;&amp;data.type&amp;&amp;data.type[_index]===18){me.form.attr("sa").value="kh_"+(_index+1);me.setHiddenInput("h_sign",data.vals[_index][0]);me.setHiddenInput("h_type",data.type[_index]);me.graph_kw=itemData[1]}else{sa=$(this).attr("data-sa")||sa;me.form.attr("sa").value=me.sa+sa+"_"+(_index+1);me.graph_kw=undefined}}else{input.focus();return false}}})(combineData[i],i,data))}if(ishisGraph||ishisGraphWithText){B.log.send({ct:3,cst:12})}if(isSugAt){me.sugLogo.hide();me.sugAt.show()}else{if(status.isHissyn&amp;&amp;kw===""){me.sugLogo.hide()}else{me.sugLogo.show()}me.sugAt.hide();me.setHiddenInput("s_at",null)}if(!status.sugClosed&amp;&amp;status.isFocus){me.sh();var ss=[me.sugShow,me.hisShow,me.recShow].join("");me.setHiddenInput("ss",ss==="000"?null:ss);commonBase.data("ss",ss==="000"?null:ss);me.isEntSugShow=me.isEntSugShow||isEntSugShow;me.ishisGraph=me.ishisGraph||ishisGraph;me.ishisGraphWithText=me.ishisGraphWithText||ishisGraphWithText;if(me.ishisGraph){me.setss(7,1)}if(me.ishisGraphWithText){me.setss(8,1)}if(me.isEntSugShow){me.setss(9,1)}}},getEntSugBtn:function(showText,gItem){var me=this;var text=me.getInnerWrap.call(me,showText,"em","p",{});text.addClass("sug-ent-btn-text");var btn=$('&lt;button class="sug-ent-btn"&gt;').attr("data-query",gItem.e.s);btn.attr("data-sa","es");var tip=$('&lt;p class="sug-ent-btn-tip"&gt;').text(gItem.e.ti);btn.append(text).append(tip);return btn},setHiddenInput:function(name,value){var me=this,ele=me.form.find('input[name="'+name+'"]');if(null===value){ele.size()&amp;&amp;ele.remove()}else{if(ele.size()===0){me.form.append($('&lt;input type="hidden"/&gt;',{name:name,value:value}))}else{ele.val(value)}}},getInnerWrap:function(strSource,sp,iw,iwAttr){iwAttr=iwAttr||{};var lastKw=String(this.lastKw).replace(/(\^|\$|\||\*|\+|\)|\(|\[|\]|\{|\}|\\|\?)/gi,"\\$1");if(lastKw!==""){lastKw=htmlEncode(lastKw);strSource=htmlEncode(strSource);if(strSource.indexOf(lastKw)===-1){if(iwAttr.term&amp;&amp;iwAttr.term.length){for(var i in iwAttr.term){var reg=new RegExp("("+iwAttr.term[i]+")","ig");strSource=strSource.replace(reg,"&lt;"+sp+"&gt;$1&lt;/"+sp+"&gt;")}}}else{var reg=new RegExp("("+lastKw+")","ig");strSource=strSource.replace(reg,"&lt;"+sp+"&gt;$1&lt;/"+sp+"&gt;")}}else{strSource=htmlEncode(strSource)}var innerWrap=$("&lt;"+iw+"/&gt;");iwAttr&amp;&amp;innerWrap.attr(iwAttr);innerWrap.append(strSource);return innerWrap},getHisWrap:function(strSource,opt){var innerWrap=$("&lt;button/&gt;");if(opt.type===18){innerWrap.append('&lt;img src="'+config.hisGraphUrl.replace("$sign$",opt.val[0])+'" /&gt;');var underscorePos=(strSource||"").indexOf("_");if(underscorePos&gt;=0){innerWrap.append($('&lt;div class="c-gap-left sug-his-graph-kw"&gt;').text(strSource.slice(underscorePos+1)))}innerWrap.addClass("sug-his-graph")}return innerWrap},setHis:function(val){try{B.ls.set("search","sug","kw:"+val,JSON.stringify({time:new Date().getTime(),kw:val}));B.ls.set("search","sug","hisUpdated",0)}catch(e){}},getHis:function(kw){var data={},tmp=[],hisData=[];try{if(B.ls.get("search","sug","hisUpdated")=="0"){data=this.reflowHis()}else{var processedCache=B.ls.get("search","sug","processedCache");if(processedCache===null){}else{data=JSON.parse(processedCache)}}for(var key in data){var cp=(key.split("kw:")[1]).toLowerCase();if(cp.indexOf(kw)!=-1&amp;&amp;cp!=kw){tmp.push(JSON.parse(data[key]))}}if(tmp.length==0){return[]}else{tmp.sort(function(a,b){return b.time-a.time});for(var i=tmp.length;i--;){hisData.unshift(tmp[i])}}}catch(e){}hisData.length=Math.min(hisData.length,config.hisStorageNum);return hisData},reflowHis:function(){var cache={};try{B.ls.keys("search","sug").forEach(function(key){if(key.indexOf("search_sug_kw:")==0){cache[key]=B.ls.getItem(key)}});B.ls.set("search","sug","processedCache",JSON.stringify(cache));B.ls.set("search","sug","hisUpdated",1)}catch(e){}return cache},clearLocalHis:function(query){try{var me=this,cache=JSON.parse(B.ls.get("search","sug","processedCache"));if(query){B.ls.removeItem("search_sug_kw:"+query);delete cache["search_sug_kw:"+query];B.ls.set("search","sug","processedCache",JSON.stringify(cache))}else{for(var key in cache){B.ls.removeItem(key)}B.ls.remove("search","sug","processedCache");B.ls.remove("search","sug","hisUpdated");hisRecommend=null;me.cl();me.hd()}}catch(e){}},sendRequest:function(kw,type){var me=this,his,strAt;status.isSuccess=false;if(kw.indexOf("@")===0&amp;&amp;me.needHis){var his=me.getHis("");var atHis=[];for(var i=0,len=his.length;i&lt;len;i++){if(his[i].kw.indexOf(kw.toLowerCase().trim())===0){atHis.push(encodeURIComponent(his[i].kw))}}strAt=atHis.join(",")}var sugCallback=function(data,sta){if(!sta){status.isSuccess=false}if(data&amp;&amp;data.q!==""&amp;&amp;!data.e){sugCache[kw]=data;me.dataProcess(kw,data)}status.isRequesting=false};window.baidu.sug=sugCallback;$.ajax({type:"GET",url:config.sugBaseUrl+"&amp;callback=?&amp;wd="+encodeURIComponent(kw)+(c_pwd?"&amp;pwd="+encodeURIComponent(c_pwd):"")+(type!==undefined?("&amp;sugmode="+type):"")+(strAt?("&amp;at="+strAt):""),timeout:500,dataType:"jsonp",success:sugCallback,error:function(xhr,errorType,error){typeof timeoutCache[kw]==="undefined"?timeoutCache[kw]=1:timeoutCache[kw]++;sugCallback({q:kw,s:[],e:errorType})}});c_pwd=kw},hd:function(){this.sugDiv&amp;&amp;this.sugDiv.hide()},sh:function(){this.sugDiv&amp;&amp;this.sugDiv.show()},cl:function(){this.sugContent&amp;&amp;this.sugContent.html("");this.sugDirect&amp;&amp;this.sugDirect.html("")},getWeather:function(type,isDay){var weaMap=["qing","wu","duoyun","leidian","shachen","xue","yin","yu","wumai"];return this.getIconPre()+(isDay?"":"night")+weaMap[type]},getIconPre:function(){if(this.record==="default_index"){return"icon-"}else{return"sicon-"}},setss:function(index,value){index=index-1;if(index&lt;0){return current}var current=(this.form.attr("ss")&amp;&amp;this.form.attr("ss").value)||"";while(current.length&lt;=index){current=current+"0"}current=""+current.slice(0,index)+value+current.slice(index+1);this.setHiddenInput("ss",current);commonBase.data("ss",current);return current}};function htmlEncode(str){var map={"&amp;":"&amp;amp;","&lt;":"&amp;lt;","&gt;":"&amp;gt;",'"':"&amp;quot;","'":"&amp;#39;"};var mapper=function($0){return map[$0]};return str.replace(/[&amp;&lt;&gt;"']/g,mapper)}function getCurrentRelativeUrl(){return location.pathname+location.search+location.hash}})();</script><script id="index_plus_ls_js_iscroll" type="text/javascript" class="js_iscroll">/*! iScroll v5.1.2 ~ (c) 2008-2014 Matteo Spinelli ~ http://cubiq.org/license */
(function(d,a,c){var f=d.requestAnimationFrame||d.webkitRequestAnimationFrame||d.mozRequestAnimationFrame||d.oRequestAnimationFrame||function(g){d.setTimeout(g,1000/60)};var b=(function(){var k={};var l=a.createElement("div").style;var i=(function(){var p=["t","webkitT","MozT","msT","OT"],n,o=0,m=p.length;for(;o&lt;m;o++){n=p[o]+"ransform";if(n in l){return p[o].substr(0,p[o].length-1)}}return false})();function j(m){if(i===false){return false}if(i===""){return m}return i+m.charAt(0).toUpperCase()+m.substr(1)}k.getTime=Date.now||function g(){return new Date().getTime()};k.extend=function(o,n){for(var m in n){o[m]=n[m]}};k.addEvent=function(p,o,n,m){p.addEventListener(o,n,!!m)};k.removeEvent=function(p,o,n,m){p.removeEventListener(o,n,!!m)};k.prefixPointerEvent=function(m){return d.MSPointerEvent?"MSPointer"+m.charAt(9).toUpperCase()+m.substr(10):m};k.getCssRules=function(n){var m=d.getComputedStyle(n,null);return m};k.getWidth=function(n){var m=this.getCssRules(n);return parseInt(m.width=="auto"?0:m.width)};k.momentum=function(s,o,p,m,t,u){var n=s-o,q=c.abs(n)/p,v,r;u=u===undefined?0.0006:u;v=s+(q*q)/(2*u)*(n&lt;0?-1:1);r=q/u;if(v&lt;m){v=t?m-(t/2.5*(q/8)):m;n=c.abs(v-s);r=n/q}else{if(v&gt;0){v=t?t/2.5*(q/8):0;n=c.abs(s)+v;r=n/q}}return{destination:c.round(v),duration:r}};var h=j("transform");k.extend(k,{hasTransform:h!==false,hasPerspective:j("perspective") in l,hasTouch:"ontouchstart" in d,hasPointer:d.PointerEvent||d.MSPointerEvent,hasTransition:j("transition") in l});k.isBadAndroid=/Android /.test(d.navigator.appVersion)&amp;&amp;!(/Chrome\/\d/.test(d.navigator.appVersion));k.extend(k.style={},{transform:h,transitionTimingFunction:j("transitionTimingFunction"),transitionDuration:j("transitionDuration"),transitionDelay:j("transitionDelay"),transformOrigin:j("transformOrigin")});k.hasClass=function(n,o){var m=new RegExp("(^|\\s)"+o+"(\\s|$)");return m.test(n.className)};k.addClass=function(n,o){if(k.hasClass(n,o)){return}var m=n.className.split(" ");m.push(o);n.className=m.join(" ")};k.removeClass=function(n,o){if(!k.hasClass(n,o)){return}var m=new RegExp("(^|\\s)"+o+"(\\s|$)","g");n.className=n.className.replace(m," ")};k.offset=function(m){var o=-m.offsetLeft,n=-m.offsetTop;while(m=m.offsetParent){o-=m.offsetLeft;n-=m.offsetTop}return{left:o,top:n}};k.preventDefaultException=function(o,n){for(var m in n){if(n[m].test(o[m])){return true}}return false};k.extend(k.eventType={},{touchstart:1,touchmove:1,touchend:1,mousedown:2,mousemove:2,mouseup:2,pointerdown:3,pointermove:3,pointerup:3,MSPointerDown:3,MSPointerMove:3,MSPointerUp:3});k.extend(k.ease={},{quadratic:{style:"cubic-bezier(0.25, 0.46, 0.45, 0.94)",fn:function(m){return m*(2-m)}},circular:{style:"cubic-bezier(0.1, 0.57, 0.1, 1)",fn:function(m){return c.sqrt(1-(--m*m))}},back:{style:"cubic-bezier(0.175, 0.885, 0.32, 1.275)",fn:function(n){var m=4;return(n=n-1)*n*((m+1)*n+m)+1}},bounce:{style:"",fn:function(m){if((m/=1)&lt;(1/2.75)){return 7.5625*m*m}else{if(m&lt;(2/2.75)){return 7.5625*(m-=(1.5/2.75))*m+0.75}else{if(m&lt;(2.5/2.75)){return 7.5625*(m-=(2.25/2.75))*m+0.9375}else{return 7.5625*(m-=(2.625/2.75))*m+0.984375}}}}},elastic:{style:"",fn:function(m){var n=0.22,o=0.4;if(m===0){return 0}if(m==1){return 1}return(o*c.pow(2,-10*m)*c.sin((m-n/4)*(2*c.PI)/n)+1)}}});k.tap=function(o,m){var n=a.createEvent("Event");n.initEvent(m,true,true);n.pageX=o.pageX;n.pageY=o.pageY;o.target.dispatchEvent(n)};k.click=function(o){var n=o.target,m;if(!(/(SELECT|INPUT|TEXTAREA)/i).test(n.tagName)){m=a.createEvent("MouseEvents");m.initMouseEvent("click",true,true,o.view,1,n.screenX,n.screenY,n.clientX,n.clientY,o.ctrlKey,o.altKey,o.shiftKey,o.metaKey,0,null);m._constructed=true;n.dispatchEvent(m)}};return k})();function e(j,g){this.wrapper=typeof j=="string"?a.querySelector(j):j;this.scroller=this.wrapper.children[0];this.scrollerStyle=this.scroller.style;this.options={startX:0,startY:0,scrollY:true,directionLockThreshold:5,momentum:true,bounce:true,bounceTime:600,bounceEasing:"",preventDefault:true,preventDefaultException:{tagName:/^(INPUT|TEXTAREA|BUTTON|SELECT)$/},HWCompositing:true,useTransition:true,useTransform:true};for(var h in g){this.options[h]=g[h]}this.translateZ="";this.options.useTransition=b.hasTransition&amp;&amp;this.options.useTransition;this.options.useTransform=b.hasTransform&amp;&amp;this.options.useTransform;this.options.eventPassthrough=this.options.eventPassthrough===true?"vertical":this.options.eventPassthrough;this.options.preventDefault=!this.options.eventPassthrough&amp;&amp;this.options.preventDefault;this.options.scrollY=this.options.eventPassthrough=="vertical"?false:this.options.scrollY;this.options.scrollX=this.options.eventPassthrough=="horizontal"?false:this.options.scrollX;this.options.freeScroll=this.options.freeScroll&amp;&amp;!this.options.eventPassthrough;this.options.directionLockThreshold=this.options.eventPassthrough?0:this.options.directionLockThreshold;this.options.bounceEasing=typeof this.options.bounceEasing=="string"?b.ease[this.options.bounceEasing]||b.ease.circular:this.options.bounceEasing;this.options.resizePolling=this.options.resizePolling===undefined?60:this.options.resizePolling;if(this.options.tap===true){this.options.tap="tap"}this.x=0;this.y=0;this.directionX=0;this.directionY=0;this._events={};this._init();this.refresh();this.scrollTo(this.options.startX,this.options.startY);this.enable()}e.prototype={version:"5.1.2",_init:function(){this._initEvents()},destroy:function(){this._initEvents(true);this._execEvent("destroy")},_transitionEnd:function(g){if(g.target!=this.scroller||!this.isInTransition){return}this._transitionTime();if(!this.resetPosition(this.options.bounceTime)){this.isInTransition=false;this._execEvent("scrollEnd")}},stop:function(){if(this.options.useTransition&amp;&amp;this.isInTransition){var g=this.getComputedPosition();this.isInTransition=false;this._translate(c.round(g.x),c.round(g.y));this._execEvent("scrollEnd");this._stopScroll=true}else{if(!this.options.useTransition&amp;&amp;this.isAnimating){this.isAnimating=false;this._execEvent("scrollEnd");this._stopScroll=true}}},_start:function(h){if(b.eventType[h.type]!=1){if(h.button!==0){return}}if(!this.enabled||(this.initiated&amp;&amp;b.eventType[h.type]!==this.initiated)){return}if(this.options.preventDefault&amp;&amp;!b.isBadAndroid&amp;&amp;!b.preventDefaultException(h.target,this.options.preventDefaultException)){h.preventDefault()}var g=h.touches?h.touches[0]:h;this.initiated=b.eventType[h.type];this.moved=false;this.distX=0;this.distY=0;this.directionX=0;this.directionY=0;this.directionLocked=0;this._stopScroll=false;this._transitionTime();this.startTime=b.getTime();this.stop();this.startX=this.x;this.startY=this.y;this.absStartX=this.x;this.absStartY=this.y;this.pointX=g.pageX;this.pointY=g.pageY;this._execEvent("beforeScrollStart")},_move:function(l){if(!this.enabled||b.eventType[l.type]!==this.initiated){return}if(this.options.preventDefault){l.preventDefault()}var n=l.touches?l.touches[0]:l,i=n.pageX-this.pointX,h=n.pageY-this.pointY,m=b.getTime(),g,o,k,j;this.pointX=n.pageX;this.pointY=n.pageY;this.distX+=i;this.distY+=h;k=c.abs(this.distX);j=c.abs(this.distY);if(m-this.endTime&gt;300&amp;&amp;(k&lt;10&amp;&amp;j&lt;10)){return}if(!this.directionLocked&amp;&amp;!this.options.freeScroll){if(k&gt;j+this.options.directionLockThreshold){this.directionLocked="h"}else{if(j&gt;=k+this.options.directionLockThreshold){this.directionLocked="v"}else{this.directionLocked="n"}}}if(this.directionLocked=="h"){if(this.options.eventPassthrough=="vertical"){l.preventDefault()}else{if(this.options.eventPassthrough=="horizontal"){this.initiated=false;return}}h=0}else{if(this.directionLocked=="v"){if(this.options.eventPassthrough=="horizontal"){l.preventDefault()}else{if(this.options.eventPassthrough=="vertical"){this.initiated=false;return}}i=0}}i=this.hasHorizontalScroll?i:0;h=this.hasVerticalScroll?h:0;g=this.x+i;o=this.y+h;if(g&gt;0||g&lt;this.maxScrollX){g=this.options.bounce?this.x+i/3:g&gt;0?0:this.maxScrollX}if(o&gt;0||o&lt;this.maxScrollY){o=this.options.bounce?this.y+h/3:o&gt;0?0:this.maxScrollY}this.directionX=i&gt;0?-1:i&lt;0?1:0;this.directionY=h&gt;0?-1:h&lt;0?1:0;if(!this.moved){this._execEvent("scrollStart")}this.moved=true;this._translate(g,o);if(m-this.startTime&gt;300){this.startTime=m;this.startX=this.x;this.startY=this.y}},_end:function(l){if(!this.enabled||b.eventType[l.type]!==this.initiated){return}if(this.options.preventDefault&amp;&amp;!b.preventDefaultException(l.target,this.options.preventDefaultException)){l.preventDefault()}var n=l.changedTouches?l.changedTouches[0]:l,i,h,k=b.getTime()-this.startTime,g=c.round(this.x),q=c.round(this.y),p=c.abs(g-this.startX),o=c.abs(q-this.startY),j=0,m="";this.isInTransition=0;this.initiated=0;this.endTime=b.getTime();if(this.resetPosition(this.options.bounceTime)){return}this.scrollTo(g,q);if(!this.moved){if(this._stopScroll){l.preventDefault();l.stopPropagation();return}if(this.options.tap){b.tap(l,this.options.tap)}if(this.options.click){b.click(l)}this._execEvent("scrollCancel");return}if(this._events.flick&amp;&amp;k&lt;200&amp;&amp;p&lt;100&amp;&amp;o&lt;100){this._execEvent("flick");return}if(this.options.momentum&amp;&amp;k&lt;300){i=this.hasHorizontalScroll?b.momentum(this.x,this.startX,k,this.maxScrollX,this.options.bounce?this.wrapperWidth:0,this.options.deceleration):{destination:g,duration:0};h=this.hasVerticalScroll?b.momentum(this.y,this.startY,k,this.maxScrollY,this.options.bounce?this.wrapperHeight:0,this.options.deceleration):{destination:q,duration:0};g=i.destination;q=h.destination;j=c.max(i.duration,h.duration);this.isInTransition=1}if(g!=this.x||q!=this.y){if(g&gt;0||g&lt;this.maxScrollX||q&gt;0||q&lt;this.maxScrollY){m=b.ease.quadratic}this.scrollTo(g,q,j,m);return}this._execEvent("scrollEnd")},_resize:function(){var g=this;clearTimeout(this.resizeTimeout);this.resizeTimeout=setTimeout(function(){g.refresh()},this.options.resizePolling)},resetPosition:function(h){var g=this.x,i=this.y;h=h||0;if(!this.hasHorizontalScroll||this.x&gt;0){g=0}else{if(this.x&lt;this.maxScrollX){g=this.maxScrollX}}if(!this.hasVerticalScroll||this.y&gt;0){i=0}else{if(this.y&lt;this.maxScrollY){i=this.maxScrollY}}if(g==this.x&amp;&amp;i==this.y){return false}this.scrollTo(g,i,h,this.options.bounceEasing);return true},disable:function(){this.enabled=false},enable:function(){this.enabled=true},refresh:function(){var g=this.wrapper.offsetHeight;this.wrapperWidth=this.wrapper.clientWidth;this.wrapperHeight=this.wrapper.clientHeight;this.scrollerWidth=this.scroller.offsetWidth;this.scrollerHeight=this.scroller.offsetHeight;this.maxScrollX=this.wrapperWidth-this.scrollerWidth;this.maxScrollY=this.wrapperHeight-this.scrollerHeight;this.hasHorizontalScroll=this.options.scrollX&amp;&amp;this.maxScrollX&lt;0;this.hasVerticalScroll=this.options.scrollY&amp;&amp;this.maxScrollY&lt;0;if(!this.hasHorizontalScroll){this.maxScrollX=0;this.scrollerWidth=this.wrapperWidth}if(!this.hasVerticalScroll){this.maxScrollY=0;this.scrollerHeight=this.wrapperHeight}this.endTime=0;this.directionX=0;this.directionY=0;this.wrapperOffset=b.offset(this.wrapper);this._execEvent("refresh");this.stop();this.resetPosition()},on:function(h,g){if(!this._events[h]){this._events[h]=[]}this._events[h].push(g)},off:function(i,h){if(!this._events[i]){return}var g=this._events[i].indexOf(h);if(g&gt;-1){this._events[i].splice(g,1)}},_execEvent:function(j){if(!this._events[j]){return}var h=0,g=this._events[j].length;if(!g){return}for(;h&lt;g;h++){this._events[j][h].apply(this,[].slice.call(arguments,1))}},scrollBy:function(g,j,h,i){g=this.x+g;j=this.y+j;h=h||0;this.scrollTo(g,j,h,i)},scrollTo:function(g,j,h,i){i=i||b.ease.circular;this.isInTransition=this.options.useTransition&amp;&amp;h&gt;0;if(!h||(this.options.useTransition&amp;&amp;i.style)){this._transitionTimingFunction(i.style);this._transitionTime(h);this._translate(g,j)}else{this._animate(g,j,h,i.fn)}},scrollToElement:function(h,i,g,l,k){h=h.nodeType?h:this.scroller.querySelector(h);if(!h){return}var j=b.offset(h);j.left-=this.wrapperOffset.left;j.top-=this.wrapperOffset.top;if(g===true){g=c.round(h.offsetWidth/2-this.wrapper.offsetWidth/2)}if(l===true){l=c.round(h.offsetHeight/2-this.wrapper.offsetHeight/2)}j.left-=g||0;j.top-=l||0;j.left=j.left&gt;0?0:j.left&lt;this.maxScrollX?this.maxScrollX:j.left;j.top=j.top&gt;0?0:j.top&lt;this.maxScrollY?this.maxScrollY:j.top;i=i===undefined||i===null||i==="auto"?c.max(c.abs(this.x-j.left),c.abs(this.y-j.top)):i;this.scrollTo(j.left,j.top,i,k)},_transitionTime:function(g){g=g||0;this.scrollerStyle[b.style.transitionDuration]=g+"ms";if(!g&amp;&amp;b.isBadAndroid){this.scrollerStyle[b.style.transitionDuration]="0.001s"}},_transitionTimingFunction:function(g){this.scrollerStyle[b.style.transitionTimingFunction]=g},_translate:function(g,h){if(this.options.useTransform){this.scrollerStyle[b.style.transform]="translate3d("+g+"px,"+h+"px, 0)"+this.translateZ}else{g=c.round(g);h=c.round(h);this.scrollerStyle.left=g+"px";this.scrollerStyle.top=h+"px"}this.x=g;this.y=h},_initEvents:function(g){var h=g?b.removeEvent:b.addEvent,i=this.options.bindToWrapper?this.wrapper:d;h(d,"orientationchange",this);h(d,"resize",this);if(this.options.click){h(this.wrapper,"click",this,true)}if(!this.options.disableMouse){h(this.wrapper,"mousedown",this);h(i,"mousemove",this);h(i,"mousecancel",this);h(i,"mouseup",this)}if(b.hasPointer&amp;&amp;!this.options.disablePointer){h(this.wrapper,b.prefixPointerEvent("pointerdown"),this);h(i,b.prefixPointerEvent("pointermove"),this);h(i,b.prefixPointerEvent("pointercancel"),this);h(i,b.prefixPointerEvent("pointerup"),this)}if(b.hasTouch&amp;&amp;!this.options.disableTouch){h(this.wrapper,"touchstart",this);h(i,"touchmove",this);h(i,"touchcancel",this);h(i,"touchend",this)}h(this.scroller,"webkitTransitionEnd",this)},getComputedPosition:function(){var h=d.getComputedStyle(this.scroller,null),g,i;if(this.options.useTransform){h=h[b.style.transform].split(")")[0].split(", ");g=+(h[12]||h[4]);i=+(h[13]||h[5])}else{g=+h.left.replace(/[^-\d.]/g,"");i=+h.top.replace(/[^-\d.]/g,"")}return{x:g,y:i}},_animate:function(p,o,j,g){var m=this,l=this.x,k=this.y,h=b.getTime(),n=h+j;function i(){var q=b.getTime(),s,r,t;if(q&gt;=n){m.isAnimating=false;m._translate(p,o);if(!m.resetPosition(m.options.bounceTime)){m._execEvent("scrollEnd")}return}q=(q-h)/j;t=g(q);s=(p-l)*t+l;r=(o-k)*t+k;m._translate(s,r);if(m.isAnimating){f(i)}}this.isAnimating=true;i()},handleEvent:function(g){switch(g.type){case"touchstart":case"pointerdown":case"MSPointerDown":case"mousedown":this._start(g);break;case"touchmove":case"pointermove":case"MSPointerMove":case"mousemove":this._move(g);break;case"touchend":case"pointerup":case"MSPointerUp":case"mouseup":case"touchcancel":case"pointercancel":case"MSPointerCancel":case"mousecancel":this._end(g);break;case"orientationchange":case"resize":this._resize();break;case"transitionend":case"webkitTransitionEnd":case"oTransitionEnd":case"MSTransitionEnd":this._transitionEnd(g);break;case"wheel":case"DOMMouseScroll":case"mousewheel":this._wheel(g);break;case"keydown":this._key(g);break;case"click":if(!g._constructed){g.preventDefault();g.stopPropagation()}break}}};e.utils=b;if(typeof module!="undefined"&amp;&amp;module.exports){module.exports=e}else{d.IScroll=e}B.iScroll=e})(window,document,Math);</script><script id="index_plus_ls_js_init" type="text/javascript" class="js_init">define("start/init",function(){(function(){var b=$("#commonBase");var a=b.data("lsprefix").indexOf("plus")!==-1;new $.sug({wrapid:"#index-box",inputid:"#index-kw",resetid:"#index-cross",buttonid:"#index-bn",needHis:!!B.lsSupport&amp;&amp;!!window.JSON,record:"default_index",sa:"i",w:"0_0_",publicArgu:b.data("prepath").replace(/#/g,"&amp;")+"&amp;ref=index_iphone",iHeight:a?"63px":null,dHeight:a?"42px":null});var d=["ct","cst","clk_from","clk_info","clk_extra","url"];$("#index-card").on("click","[data-schema]",function(g){if(b.data("tanet")===1&amp;&amp;$(this).text()==="地图"){this.href+="&amp;showcvr=1"}else{if(b.data("osid")===1&amp;&amp;(b.data("browser")==="baidubox"||/crios/i.test(navigator.userAgent))){return}var f=$("&lt;iframe&gt;").css("display","none");f.attr("src",$(this).data("schema")).appendTo(document.body);setTimeout(function(){f.remove()},5000)}});$("#index-card, #index-view").on("click","[data-stats]",function(h){var j=this.getAttribute("data-stats").split("|");var g=this.getAttribute("href");var i=null;var f={};$.each(j,function(e,k){if(!!k){f[d[e]]=k}});if(g&amp;&amp;this.tagName.toLowerCase()==="a"){if(/\//g.test(g)&amp;&amp;!$(this).attr("data-nolink")){f.url=encodeURIComponent(g)}h.preventDefault();i=function(){location.href=g}}B.log.send(f,i)});var c=B.cookie("plus_cv");if(!/\:\:/.exec(c)){window.B.cookie("plus_cv",null,{domain:".baidu.com",path:"/"});window.B.cookie("plus_cv",null,{domain:location.hostname,path:"/"})}})();B.load(function(){var a=$("#commonBase").data("token");var c=-1;function b(){if(B.ls.enabled){c=B.ls.get("index","login","loginNum");if(!c){c=0}if(c&lt;3){return true}else{return false}}else{return true}}if(a&amp;&amp;b()){}})});require(["start/init"]);</script><script id="index_plus_ls_js_geolocation" type="text/javascript" class="js_geolocation">define("lib/geolocation",function(){var g="http://api.map.baidu.com/geocoder/v2/",l="http://127.0.0.1:6259/geolocation?timeout=10000&amp;gps=1&amp;mcmdf=inapp_wiselocation",m="http://api.map.baidu.com/?qt=rgc&amp;dis_poi=100&amp;poi_num=10&amp;ie=utf-8&amp;oue=1&amp;res=api",c="http://aladdin.wapmap.baidu.com/plugin",f={autoLoc:{expireTime:0,onlyFromCookie:false,onlyFromHTML5:false,onlyFromNative:false,autoSaveToCookie:true,html5Timeout:8000,nativeTimeout:8000,onSuccess:null,onFail:null},search:{timeout:8000,onSuccess:null,onFail:null}};if(location.protocol.indexOf("https")!=-1){g="https://sp2.baidu.com/9_Q4sjOpB1gCo2Kml5_Y_D3/geocoder/v2/";m="https://sp2.baidu.com/9_Q4sjOpB1gCo2Kml5_Y_D3/?qt=rgc&amp;dis_poi=100&amp;poi_num=10&amp;ie=utf-8&amp;oue=1&amp;res=api";c="https://sp2.baidu.com/90gHaDqh_cgXo1ufo-zN2TxrfQVwcu8e/plugin"}var e=function(s,r,q){typeof s==="function"&amp;&amp;s(r,q)};var h={getPosition:function(t){t=j({},f.autoLoc,t);var w=t.onSuccess,x=t.onFail;var v=t.expireTime;if(v&gt;0||(v===0&amp;&amp;t.onlyFromCookie===true)){var q=p.get();if(q&amp;&amp;(parseInt(Date.now(),10)-q.timestamp&lt;=v||v===0)){e(t.onSuccess,q.output(),{from:"cookie"});return}}if(t.onlyFromCookie===true){e(t.onFail,{error:1});return}var r=this;var u=/android/i.test(navigator.userAgent);var s=function(y){if(u&amp;&amp;!/micromessenger/i.test(navigator.userAgent)){i(function(z){k(z,function(A){if(t.autoSaveToCookie===true){A=r.savePosition(A)}e(t.onSuccess,A,{from:"native"})},function(){e(t.onFail,{error:3})},t.nativeTimeout)},function(){e(t.onFail,{error:3})},t.nativeTimeout)}else{e(t.onFail,y)}};if(t.onlyFromHTML5||!t.onlyFromNative){a(function(y){n(y,function(z){if(t.autoSaveToCookie===true){z=r.savePosition(z)}e(t.onSuccess,z,{from:"html5"})},function(){if(u&amp;&amp;!t.onlyFromHTML5){s({error:2})}else{e(t.onFail,{error:3})}},t.html5Timeout)},function(y){if(u&amp;&amp;!t.onlyFromHTML5){s(y)}else{e(t.onFail,y)}},t.html5Timeout)}else{s({error:2})}},searchAddress:function(q,s,r){r=j({},f.search,r,{addr:q||"",city_code:s||0});d({url:c,data:{ptype:2,addr:q||"",city_code:s||0},timeout:r.timeout,onSuccess:function(w){var D=[];if(w&amp;&amp;w.content){var A=w.current_city.code;var z=[].concat(w.content);for(var x=0;x&lt;z.length;x++){var u=z[x];var v=u.geo.split("|")[2].replace(";","").split(",");var t,C;if(u.city_type!=null){t=C=u.cname}else{t=u.name;C=u.addr}var y=new b(v[0],v[1],200,A,undefined,t,C);D.push(y.output())}}e(r.onSuccess,D)},onFail:function(){e(r.onFail,{error:1})}})},savePosition:function(q){return p.set(q)},clearPosition:function(){return p.remove()},mercatorToAddress:function(q){var r={timeout:8000,onSuccess:null,onFail:null};q=j({},r,q);k({longitude:q.x,latitude:q.y,accuracy:q.accuracy},function(s){s.accuracy=s.accuracy||200;e(q.onSuccess,s)},function(){e(q.onFail,{error:1})},q.timeout)}};function a(s,u,q){if(!navigator.geolocation){e(u,{error:2})}var t=null,r=false;navigator.geolocation.getCurrentPosition(function(v){clearTimeout(t);e(s,v.coords)},function(v){if(r){return}r=true;clearTimeout(t);if(v.code===v.PERMISSION_DENIED){e(u,{error:4})}else{e(u,{error:2})}},{timeout:q,maximumAge:0,enableHighAccuracy:true});t=setTimeout(function(){if(r){return}r=true;clearTimeout(t);e(u,{error:2})},q)}var i=function(r,t,q){var s=null;e(t)};var n=function(r,s,t,q){d({url:g,data:{ak:"5ygSQXEZzZQpF2AHVmp3GpfP",location:r.latitude+","+r.longitude,output:"json",pois:1,ret_coordtype:"mc",coordtype:"wgs84ll"},timeout:q,onSuccess:function(v){if(!v&amp;&amp;v.status!=0&amp;&amp;!v.result&amp;&amp;v.result.cityCode===undefined){if(v.status!=0){}e(t)}else{v=v.result;var u=new b(v.location.lng,v.location.lat,r.accuracy,v.cityCode,Date.now(),v.formatted_address,v.formatted_address,v.addressComponent,v.pois);e(s,u.output())}},onFail:t})};var k=function(r,s,t,q){d({url:m,data:{x:r.longitude,y:r.latitude},timeout:q,onSuccess:function(w){var z=w&amp;&amp;w.content,x=z&amp;&amp;z.address_detail,y=x&amp;&amp;x.city_code,v=z&amp;&amp;z.surround_poi;delete z.address_detail.city_code;if(z&amp;&amp;x&amp;&amp;y){var u=new b(r.longitude,r.latitude,r.accuracy,y,undefined,z.address,z.address,x,v);e(s,u.output())}else{e(t)}},onFail:t})};function b(z,v,r,w,t,q,A,u,s){this.x=parseFloat(z);this.y=parseFloat(v);this.accuracy=parseFloat(r);this.cityCode=parseInt(w,10);this.timestamp=parseInt(t,10)||"";this.name=q||"";this.address=A||"";this.addr=u;this.pois=s;if(this.pois&amp;&amp;this.pois.length){this.pois=this.pois.sort(function(y,x){return parseInt(y.distance)-parseInt(x.distance)})}}b.prototype.getCookieString=function(){return this.x+"_"+this.y+"_"+this.accuracy+"_"+this.cityCode+"_"+this.timestamp};b.prototype.output=function(){return{x:this.x,y:this.y,accuracy:this.accuracy,cityCode:this.cityCode,timestamp:this.timestamp,name:this.name,address:this.address,addr:this.addr||{},pois:this.pois}};b.readFromCookie=function(q){var r=q.split("_");return new b(r[0],r[1],r[2],r[3],r[4])};b.readFromObject=function(q){return new b(q.x,q.y,q.accuracy,q.cityCode,q.timestamp,q.name,q.address,q.addr,q.pois)};var p={domain:".baidu.com",path:"/",key:"BAIDULOC",duration:172800000,get:function(){if(!navigator.cookieEnabled){return false}var q=document.cookie.match(new RegExp(this.key+"=([^;]+);?"));if(q){return b.readFromCookie(q[1])}return false},set:function(q){if(!navigator.cookieEnabled){return false}q=b.readFromObject(q);var r=new Date();r.setTime(r.getTime()+this.duration);q.timestamp=parseInt(Date.now(),10);document.cookie=this.key+"="+q.getCookieString()+";domain="+this.domain+";path="+this.path+";expires="+r.toGMTString();return q.output()},remove:function(){if(!navigator.cookieEnabled){return false}document.cookie=this.key+"=;domain="+this.domain+";path="+this.path+";expires=Thu, 01 Jan 1970 00:00:01 GMT";return true}};var j=function(q){var r=[].slice.call(arguments,1);for(var s=0;s&lt;r.length;s++){for(var t in r[s]){q[t]=r[s][t]}}return q};var o=0;var d=function(y){var s={timeout:8000,data:{},onSuccess:null,onFail:null};y=j({},s,y);var v="geojsonp"+(++o);y.data.callback=v;var w=false;var r=setTimeout(function(){delete window[v];w=true;e(y.onFail)},y.timeout);window[v]=function(z){clearTimeout(r);if(w){return}e(y.onSuccess,z);delete window[v]};var q=y.url+(y.url.indexOf("?")+1?"&amp;":"?");var t=[];for(var x in y.data){t.push(x+"="+encodeURIComponent(y.data[x]))}q+=t.join("&amp;");var u=document.createElement("script");u.onerror=function(){clearTimeout(r);e(y.onFail)};u.type="text/javascript";u.src=q;document.getElementsByTagName("head")[0].appendChild(u)};B.geolocation=h});require(["lib/geolocation"]);</script><script id="index_plus_ls_js_login" type="text/javascript" class="js_login">define("lib/login_api",function(){var e='&lt;div class="guide-container" style="position: fixed"&gt;&lt;div class="guide-line"&gt;&lt;div class="guide-line-l"&gt;&lt;/div&gt;&lt;div class="guide-line-r"&gt;&lt;/div&gt;&lt;/div&gt;';e+='&lt;div class="guide-body"&gt;&lt;h2&gt;&lt;/h2&gt;&lt;p&gt;&lt;/p&gt;&lt;/div&gt;';e+='&lt;div class="guide-options"&gt;&lt;a href="javascript:void(0);" class="login-yes"&gt;确定&lt;/a&gt;&lt;a href="javascript:void(0);" class="login-cancel"&gt;取消&lt;/a&gt;&lt;/div&gt;&lt;/div&gt;';var f=B.ls.getObjItem("index_plus_loginhis","id");var c=B.Index;if(f&amp;&amp;f!=B.id){B.ls.removeItem("index_plus_loginhis")}var d=(function(){return function(g){if(!(this instanceof d)){return new d(g)}var i="",h="登录百度账号，信息不丢失";$.extend(this,g);if($(".guide-container").length){$(".guide-container").remove()}this.template=$(e);if(g.type=="cardhide"){$("#index-modal").after(this.template)}else{$("#index-card").append(this.template)}switch(g.type){case"delItem":case"addItem":if(d.order=="after"){h="登录百度账号，信息不丢失"}else{if(g.plus=="video"){h="登录百度账号，精彩剧集同步追"}else{if(g.plus=="lottery"){h="登录百度账号，开奖结果早知道"}else{h="登录百度账号，海量小说轻松看"}}}this.template.find(".login-yes").text("登录");break;case"passive":h="";i="首页有新的推荐，登录保存";if(g.plus=="novel"){i=i.replace("首页",'"我的小说"')}else{if(g.plus=="video"){i=i.replace("首页",'"我的视频"')}else{if(g.plus=="lottery"){i=i.replace("首页",'"我的彩票"')}}}break;case"cardhide":h="确定关闭"+g.title+"?";i="在“管理我的首页”重新打开";break;default:h=g.title||"";i=g.desc||""}this.template.find("h2").text(h);i&amp;&amp;this.template.find("p").text(i);return this}})();d.isLogin=function(){if($("#userinfo").length){return true}return false};d.order=$("#commonBase").attr("data-loginOrder");d.show=b();d.redirectUrl=function(h){var g=$("#login").attr("href");g=g.replace(/u=([^&amp;]*)$/,"");g+="u="+window.encodeURIComponent(RegExp.$1)+window.encodeURIComponent("#"+h);return g};d.isShow=function(g){if(d.isLogin()){return false}if(g=="before"){if(g==d.order){return true}else{return false}}else{return !!this.show}};var a=(function(){return{touchForbid:function(){$("#index-modal").on("touchstart touchmove",false)},touchFree:function(){$("#index-modal").off("touchstart touchmove",false)}}})();d.prototype.show=function(){var g=this;if(d.show||this.type=="cardhide"||(d.order=="before"&amp;&amp;this.type!="passive")){this.template.show();this.bindEvent();d.order=="before"&amp;&amp;a.touchForbid();if(this.type=="cardhide"||(d.order=="before"&amp;&amp;this.type!="passive")){B.Index.Modal.show();this.template.removeClass("weak").addClass("strong")}else{this.template.removeClass("strong").addClass("weak");this.template.css("display");setTimeout(function(){g.template.addClass("in")},100)}}};function b(){var i=+new Date(),h=0,g=0;h=B.ls.getObjItem("index_plus_loginhis","first");g=B.ls.getObjItem("index_plus_loginhis","times")||0;if($("#userinfo").length){return false}if(!(h&amp;&amp;i-h&lt;604800000&amp;&amp;g&gt;=1)){return true}else{return false}}d.prototype.bindEvent=function(){var g=this;this.template.find(".login-cancel").one("click",function(){c.avoidPenetration(c.$plus);if(g.type!="cardhide"&amp;&amp;(d.order!="before"||g.type=="passive")){var h=parseInt(B.ls.getObjItem("index_plus_loginhis","times"));var i=Date.now();if(isNaN(h)||h&gt;=1){B.ls.setObjItem("index_plus_loginhis",{id:B.id,first:i,times:1})}else{B.ls.updateObjItem("index_plus_loginhis","times",++h)}d.show=b()}if(g.template.hasClass("weak")){g.template.removeClass("in").one("webkitTransitionEnd",function(){g.template.removeClass("in").hide();return false})}else{g.template.hide();B.Index.Modal.hide()}d.order=="before"&amp;&amp;a.touchFree();g.template.remove();g.cancelCallback&amp;&amp;g.cancelCallback({type:g.type});return false}).end().find(".login-yes").one("click",function(h){c.avoidPenetration(c.$plus);if(g.confirmCallback){g.confirmCallback({type:g.type})}else{$("#login").trigger("click")}d.order=="before"&amp;&amp;a.touchFree();B.Index.Modal.hide();g.template.hide();return false})};B.Index.Login=d});require(["lib/login_api"]);</script><script id="index_plus_ls_js_tab" type="text/javascript" class="js_tab">define("skeleton/tab_dao",function(c){var a={contentHtml:function(g,f){return $.ajaxget({url:"/?action=gettab",dataType:"json",data:{tabId:g}}).done(function(h){f&amp;&amp;f(h)})},attentionHtml:function(k,g){var f=window.sDomain;var h=f.isOrp?f.host+"/":"";h+="feed/data/tab/getattentionlist?";var i={url:h,dataType:"json",data:$.extend({ms:1},k)};var j={url:h,data:$.extend({ms:1},k),jsonp:"callback",success:function(l){g&amp;&amp;g(l)}};return f.isOrp?$.ajaxjsonp(j):$.ajaxget(i).done(function(l){g&amp;&amp;g(l)})},videoHtml:function(g,f){return $.ajaxget({url:"feed/data/tab/getvideolist?",dataType:"json",data:$.extend({ms:1},g)}).done(function(h){f&amp;&amp;f(h)})},waterHtml:function(l,g){var f=window.sSession.isFeedserver;var i=window.sSession.feedserverUrl+"feed/api/wise/feedlist?";var h=f==="1"?i:"?action=getwater";var k={url:h,dataType:"json",timeout:10000,data:$.extend({},l)};var j={url:h,data:$.extend({},l),jsonp:"callback",success:function(m){g&amp;&amp;g(m)}};return f==="1"?$.ajaxjsonp(j):$.ajaxget(k).done(function(m){g&amp;&amp;g(m)})}};var e={curmenu:function(g,f){return $.ajaxget({url:"/?action=setcurtab",data:{curTabId:g}}).done(function(h){f&amp;&amp;f(h)})},tabss:function(i,k){var l=i.dom;var h=i.id;var f=l.find("style[data-ls4]");var o=l.find("script[data-ls4]");var p={};var n=f.data("md5");if(f[0]){p.style={content:f[0].outerHTML}}if(o[0]){p.script={content:o[0].outerHTML}}B.ls.setObjItem("plus_tab_"+h,p);var m=B.cookie("plus_cv");var g=new RegExp(h+"::m:([^_-]*)");var j=h+"::m:"+(n||1);if(m){if(g.exec(m)){j=m.replace(g,function(r,q){return j})}else{j=m+"_"+j}}window.B.cookie("plus_cv",null,{expires:7*24*3600*1000,domain:".baidu.com",path:"/",raw:1});window.B.cookie("plus_cv",j,{expires:7*24*3600*1000,domain:location.hostname,path:"/",raw:1});k&amp;&amp;k()},exception:function(g,f){return $.ajaxget({url:"/?action=exception",data:g}).done(f)}};function b(g,h,f){return(a[g]&amp;&amp;a[g](h,f))||false}function d(g,h,f){return(e[g]&amp;&amp;e[g](h,f))||false}return{get:b,set:d}});;define("skeleton/drop",function(g,i,e){var d=$(window);var j=$(document);function a(s,r){var t=this;t.$element=$(s);t.$insertParent=t.$element.find(r.headSelector);t.$moveContent=t.$element.find(r.contentSelector);t.$moveFoot=t.$element.find(r.footSelector);t.$bottomLoad=t.$element.find(".s-loading-frame.bottom");t.$movePageBottom=$("#bottom");t.insertDOM=false;t.loading=false;t.init(r)}a.prototype.init=function(r){var s=this;s.opts=$.extend({},{scrollArea:s.$element,domUp:{domClass:"dropload-up",domRefresh:'&lt;div class="dropload-refresh"&gt;↓ 下拉刷新啦~&lt;/div&gt;',domUpdate:'&lt;div class="dropload-update"&gt;↑ 释放更新啦~&lt;/div&gt;',domLoad:'&lt;div class="dropload-load"&gt;&lt;span class="loading"&gt;&lt;/span&gt;加载中...&lt;/div&gt;'},distance:50,loadUpFn:""},r);if(s.opts.scrollArea==window){s.$scrollArea=d}else{s.$scrollArea=s.opts.scrollArea}s.$element.on("touchstart",function(t){if(!s.loading){k(t);n(t,s)}});s.$element.on("touchmove",function(t){if(!s.loading){k(t,s);o(t,s)}});s.$element.on("touchend",function(){if(!s.loading){b(s)}})};function k(r){if(!r.touches){r.touches=r.originalEvent.touches}}function n(s,r){r._startY=s.touches[0].pageY;if(r.opts.scrollArea==window){r._meHeight=d.height();r._childrenHeight=j.height()}else{r._meHeight=r.$element.height();r._childrenHeight=r.$element.children().height()}r._scrollTop=r.$scrollArea.scrollTop()}var l=function(r){var s=r.backingStorePixelRatio||r.webkitBackingStorePixelRatio||r.mozBackingStorePixelRatio||r.msBackingStorePixelRatio||r.oBackingStorePixelRatio||r.backingStorePixelRatio||1;return(window.devicePixelRatio||1)/s};var c=function(s){var u=$("#load-canvas").get(0);var r=u.getContext("2d");var t=l(r);var v={x:9,y:9,r:8,sAngle:0.37*Math.PI,counterclockwise:false,lineColor:"#406fff",lineWidth:t,canvasWidth:19,lineStartX:15.5,lineShowSpeedDelay:16};v=$.extend({},v,s);u.style.width=v.canvasWidth+"px";u.style.height=v.canvasWidth+"px";u.height=v.canvasWidth*t;u.width=v.canvasWidth*t;r.strokeStyle=v.lineColor;r.lineWidth=v.lineWidth;r.beginPath();r.clearRect(0,0,v.canvasWidth,v.canvasWidth);return{ctx:r,opts:v,ratio:t}};var p=function(t,x,D,s){var w=c(s);var C=w.ctx;var r=w.opts;var A=w.ratio;var v=x/(r.lineStartX+r.lineShowSpeedDelay);var z=r.sAngle+(t-(D))*v;C.arc(r.x*A,r.y*A,r.r*A,r.sAngle,(z&gt;(r.sAngle+x)?(r.sAngle+x):z),r.counterclockwise);if((t-(D+r.lineShowSpeedDelay))&gt;r.lineStartX){var u=(r.canvasWidth-r.lineStartX)/(r.canvasWidth-r.lineStartX);var B=r.lineStartX+((t-(D+r.lineShowSpeedDelay))-r.lineStartX)*u;var y=(B&gt;r.canvasWidth)?r.canvasWidth:B;C.lineTo(y*A,y*A)}C.stroke()};function f(w,t){var s=c(t);var r=s.ctx;var v=s.opts;var u=s.ratio;r.arc(v.x*u,v.y*u,v.r*u,v.sAngle,(v.sAngle+w),v.counterclockwise);r.lineTo(v.canvasWidth*u,v.canvasWidth*u);r.stroke()}function m(w,t){var s=c(t);var r=s.ctx;var v=s.opts;var u=s.ratio;r.arc(v.x*u,v.y*u,v.r*u,v.sAngle,(v.sAngle+w),v.counterclockwise);r.lineTo(v.x*u,v.x*u);setInterval(function(){r.rotate(Math.PI)},500);r.stroke()}function o(v,t){t._curY=v.touches[0].pageY;t._moveY=t._curY-t._startY;if(t._moveY&gt;0){t.direction="down"}else{if(t._moveY&lt;0){t.direction="up"}}var u=Math.abs(t._moveY);if(t.opts.loadUpFn!=""&amp;&amp;t._scrollTop&lt;=0&amp;&amp;t.direction=="down"&amp;&amp;!d.scrollTop()){v.preventDefault();if(!t.insertDOM){t.$insertParent.prepend('&lt;div class="'+t.opts.domUp.domClass+'"&gt;&lt;/div&gt;');t.insertDOM=true}t.$domUp=$("."+t.opts.domUp.domClass);q(t.$domUp);q(t.$moveContent);q(t.$moveFoot);q(t.$bottomLoad);q(t.$movePageBottom);if(u&lt;=t.opts.distance){t._offsetY=u;if(!t.$domUp.find(".load-text")[0]){t.$domUp.html("").append(t.opts.domUp.domRefresh)}var r=9;if(u&gt;=r){p(u,1.9*Math.PI,r)}var s=43;if(u&lt;=s){t.$insertParent.find(".loading-drop").css({clip:"rect("+(s-u)+"px 320px 53px 0)"})}else{t.$insertParent.find(".loading-drop").css({clip:"rect(0px 320px 53px 0)"})}$(".load-text").text("下拉推荐")}else{if(u&gt;t.opts.distance&amp;&amp;u&lt;=t.opts.distance*2){t._offsetY=t.opts.distance+(u-t.opts.distance)*0.5;if(!t.$domUp.find(".load-text")[0]){t.$domUp.html("").append(t.opts.domUp.domUpdate)}f(1.9*Math.PI);$(".load-text").text("松开推荐");t.$insertParent.find(".loading-drop").css({clip:"rect(0px 320px 53px 0)"})}else{t._offsetY=t.opts.distance+t.opts.distance*0.5+(u-t.opts.distance*2)*0.2}}t.$domUp.height(t.opts.tipHeight);t.$insertParent.css({"-webkit-transform":"translate3d(0px, "+t._offsetY+"px, 0px)",transform:"translate3d(0px, "+t._offsetY+"px, 0px)"});t.$moveContent.css({"-webkit-transform":"translate3d(0px, "+(t._offsetY-t.opts.moveInterval)+"px, 0px)",transform:"translate3d(0px, "+(t._offsetY-t.opts.moveInterval)+"px, 0px)"});t.$moveFoot.css({"-webkit-transform":"translate3d(0px, "+(t._offsetY-t.opts.moveInterval)+"px, 0px)",transform:"translate3d(0px, "+(t._offsetY-t.opts.moveInterval)+"px, 0px)"});t.$bottomLoad.css({"-webkit-transform":"translate3d(0px, "+(t._offsetY-t.opts.moveInterval)+"px, 0px)",transform:"translate3d(0px, "+(t._offsetY-t.opts.moveInterval)+"px, 0px)"});t.$movePageBottom.css({"-webkit-transform":"translate3d(0px, "+(t._offsetY-t.opts.moveInterval)+"px, 0px)",transform:"translate3d(0px, "+(t._offsetY-t.opts.moveInterval)+"px, 0px)"})}}function b(r){var s=Math.abs(r._moveY);if(r.insertDOM){if(r.direction=="down"){r.$domResult=r.$domUp;r.domLoad=r.opts.domUp.domLoad}q(r.$domResult,300);q(r.$moveContent,300);q(r.$moveFoot,300);q(r.$bottomLoad,300);q(r.$movePageBottom,300);if(s&gt;r.opts.distance){r.$domResult.height(r.opts.tipHeight);r.$domResult.html("").append(r.domLoad);h(r);r.$insertParent.css({"-webkit-transform":"translate3d(0px, 43px, 0px)",transform:"translate3d(0px, 43px, 0px)"});r.$moveContent.css({"-webkit-transform":"translate3d(0px, "+(r.opts.tipHeight-r.opts.feedItemPaddingTop)+"px, 0px)",transform:"translate3d(0px, "+(r.opts.tipHeight-r.opts.feedItemPaddingTop)+"px, 0px)"});r.$moveFoot.css({"-webkit-transform":"translate3d(0px, "+(r.opts.tipHeight-r.opts.feedItemPaddingTop)+"px, 0px)",transform:"translate3d(0px, "+(r.opts.tipHeight-r.opts.feedItemPaddingTop)+"px, 0px)"});r.$bottomLoad.css({"-webkit-transform":"translate3d(0px, "+(r.opts.tipHeight-r.opts.feedItemPaddingTop)+"px, 0px)",transform:"translate3d(0px, "+(r.opts.tipHeight-r.opts.feedItemPaddingTop)+"px, 0px)"});r.$movePageBottom.css({"-webkit-transform":"translate3d(0px, "+(r.opts.tipHeight-r.opts.feedItemPaddingTop)+"px, 0px)",transform:"translate3d(0px, "+(r.opts.tipHeight-r.opts.feedItemPaddingTop)+"px, 0px)"});m(1.9*Math.PI);$(".load-before-img").hide();$(".load-ing-img").show();r.$insertParent.find(".loading-drop").css({clip:"rect(0px 320px 53px 0)"});$(".load-text").text("正在刷新")}else{r.$domResult.css({height:0,"z-index":-1}).on("webkitTransitionEnd",function(){r.insertDOM=false;$(this).remove()});r.$moveContent.css({"-webkit-transform":"translate3d(0px, 0px, 0px)",transform:"translate3d(0px, 0px, 0px)"});r.$moveFoot.css({"-webkit-transform":"translate3d(0px, 0px, 0px)",transform:"translate3d(0px, 0px, 0px)"}).css({"-webkit-transform":null});r.$bottomLoad.css({"-webkit-transform":"translate3d(0px, 0px, 0px)",transform:"translate3d(0px, 0px, 0px)"});r.$movePageBottom.css({"-webkit-transform":"translate3d(0px, 0px, 0px)",transform:"translate3d(0px, 0px, 0px)"})}r._moveY=0}}function h(r){r.loading=true;if(r.opts.loadUpFn!=""&amp;&amp;r.direction=="down"){r.opts.loadUpFn(r)}}a.prototype.resetload=function(){var r=this;if(!!r.$domResult){r.$domResult.height(0).on("webkitTransitionEnd",function(){r.resetLoadDom()})}};a.prototype.resetLoadDom=function(){var r=this;r.loading=false;r.insertDOM=false;r.$domResult&amp;&amp;r.$domResult.remove();var s={"-webkit-transform":"translate3d(0px, "+(r.opts.tipHeight-r.opts.feedItemPaddingTop)+"px, 0px)",transform:"translate3d(0px, "+(r.opts.tipHeight-r.opts.feedItemPaddingTop)+"px, 0px)"};r.$moveContent.css(s);r.$moveFoot.css(s);r.$bottomLoad.css(s);r.$movePageBottom.css(s)};function q(s,r){if(r===undefined){s.css({"-webkit-transition":"none",transition:"none"})}else{s.css({"-webkit-transition":"all "+r+"ms",transition:"all "+r+"ms"})}}return{drop:a}});;define("wiseindex/lib/tips",function(c,b,d){var h=/android/i.test(navigator.userAgent)&amp;&amp;/ucbrowser/i.test(navigator.userAgent);var f;function a(j,i,k){f={tipHeight:53,feedItemPaddingTop:15,timer:null,$moveContent:$("#"+B.mainDom).find(".tab-news-content"),$moveFoot:$(".tab-news-foot"),$bottomLoad:$(".s-loading-frame.bottom"),$movePageBottom:$("#bottom"),animateTime:1000};var i=i;var k=k?k:"blue";var n=j;var m='&lt;div class="w-tips '+k+'"&gt;&lt;div class="w-tips-wrapper"&gt;&lt;div class="w-tips-inner"&gt;&lt;div class="w-tips-img"&gt;&lt;img src="'+sDomain.staticUrl+'static/wiseindex/img/fetch_finish_8_0.png" /&gt;&lt;/div&gt;&lt;div class="w-tips-text"&gt;'+i+'&lt;/div&gt;&lt;/div&gt;&lt;div class="w-tips-inner-bg"&gt;&lt;div class="w-tips-inner-bg-inner"&gt;&lt;/div&gt;&lt;/div&gt;&lt;/div&gt;&lt;/div&gt;';var l=$(m);e(n,l)}function e(j,m){j.addClass("e-frozen").prepend(m);var l=$(".w-tips");g(l,300);g(f.$moveContent,300);g(f.$moveFoot,300);g(f.$bottomLoad,300);g(f.$movePageBottom,300);var k={"-webkit-transform":"translate3d(0px, 0px, 0px)",transform:"translate3d(0px, 0px, 0px)"};l.css(k);var i={"-webkit-transform":"translate3d(0px, "+(f.tipHeight-f.feedItemPaddingTop)+"px, 0px)",transform:"translate3d(0px, "+(f.tipHeight-f.feedItemPaddingTop)+"px, 0px)"};f.$moveContent.css(i);f.$moveFoot.css(i);f.$bottomLoad.css(i);f.$movePageBottom.css(i);if(h){$(".w-tips-inner-bg-inner").on("webkitAnimationEnd",function(){setTimeout(function(){n()},400)})}else{if(f.timer){clearTimeout(f.timer)}f.timer=setTimeout(function(){n()},f.animateTime)}function n(){function o(){var q=$.Deferred();var p={"-webkit-transform":"translate3d(0px, "+-f.tipHeight+"px, 0px)",transform:"translate3d(0px, "+-f.tipHeight+"px, 0px)"};g(l,300);l.css(p);q.resolve();return q.promise()}$.when(o()).then(function(){var p={"-webkit-transform":"translate3d(0px, 0px, 0px)",transform:"translate3d(0px, 0px, 0px)"};g(f.$moveContent,300);g(f.$moveFoot,300);g(f.$bottomLoad,300);g(f.$movePageBottom,300);f.$moveContent.css(p);f.$moveFoot.css(p);f.$bottomLoad.css(p);f.$movePageBottom.css(p);m.remove();j.removeClass("e-frozen")})}}function g(j,i){if(i===undefined){j.css({"-webkit-transition":"none",transition:"none"})}else{j.css({"-webkit-transition":"all "+i+"ms",transition:"all "+i+"ms"})}}return{tips:a}});;define("skeleton/channel_log",function(h,u,a){var q=window;var o=$(".blank-frame");var f=(".tab-news-content");var n=/iPhone|iPad|iPod/i.test(window.navigator.userAgent);var j=/baidubrowser\/7\.4/i.test(window.navigator.userAgent);var s="";var l=[];var g=false;var e=false;var b=true;var m=null;var t=[];var c=[];var p=0;function d(v){o.on("click",v+" [data-rid]",function(y){var C=null;var A=this;var z="feed_channel_"+B.tabId;var x=A.getAttribute("href");var w={cst:"2",logFrom:"feed_tab",logInfo:"item_a",tabId:B.tabId};if(x&amp;&amp;A.tagName.toLowerCase()==="a"){y.preventDefault();C=function(){if($(A).attr("data-mib")!=="1"){location.href=x}}}if($(this).hasClass("video-small-inner")){C=function(){if($(A).attr("data-mib")!=="1"){location.href=x}}}i(this,C,w)})}function i(C,F,w){var D=$(C).data("orilink")||C.getAttribute("href");var v=$(C).data("log")||$(C).data("elog");var z;var G=C.getAttribute("data-rid");var E=C.getAttribute("data-pos");w=w||{};var x=/(.*?):(.*?);/gi;var H=/(.*?):yc:(.*?);yc;/gi;if(D&amp;&amp;C.tagName.toLowerCase()==="a"&amp;&amp;/\//g.test(D)){w.url=encodeURIComponent(D)}var y=x;if(v.indexOf(":yc:")!==-1){y=H}while((z=y.exec(v))){var A="title,stype,picNum,extra";if(A.indexOf(z[1].trim())!==-1){continue}w[z[1]]=z[2]}q.B.thunderLog.send(w,F)}function r(D){var G=D.find(".tab-news-content [data-rid]");var L=null;var H;var I=t||[];var v=$(window).height();var K=[];var M;var x=/(.*?):(.*?);/gi;var F=/(.*?):yc:(.*?);yc;/gi;var z;var N={};var O;var w;var y=[];if(!(/#iact=wiseindex/.test(q.location.href))&amp;&amp;!(/#iview=skin/.test(q.location.href))&amp;&amp;!(/feed\/data\/feeddetail/.test(q.location.href))){for(var J=0;J&lt;G.length;J++){L=G.eq(J);H=L.attr("data-rid");if($.inArray(H,I)!==-1){continue}if(L.offset().top+L.height()*0.3-$(window).scrollTop()&lt;v){if(K.length&gt;2){break}if($.inArray(H,I)===-1){w=L.attr("data-pos");K.push(H);I.push(H);y.push(w)}M=L.attr("data-log")||L.attr("data-elog");var C=x;if(M.indexOf(":yc:")!==-1){C=F}while((z=C.exec(M))){O=z[1];var E="title,stype,picNum,extra";if(E.indexOf(O.trim())!==-1){continue}if(O==="title"){continue}if(!N[O]){N[O]=[]}N[O].push(z[2])}}}if(K.length!==0){var A={cst:1,logFrom:"feed_tab",logInfo:"item_a",tabId:B.tabId};$.extend(A,l);for(var J in N){A[J]=N[J].join(",")}q.B.thunderLog.send(A);t=I}}}function k(x,w,v){var z=null,y=null;return function(){var C=+new Date(),D=this,A=arguments;if(!y){y=C}var E=C-y;if(v&amp;&amp;E&gt;=v){if(z){clearTimeout(z)}x.apply(D,A);y=C}else{z=setTimeout(function(){x.apply(D,A)},w)}}}return{channelShow:r,warpClk:d,tmpThrottle:k}});;define("wiseindex/lib/thunder/mediaDuration",function(){var b=window;function a(f){var d=this;var e=b.thunderConf||{};if(!e.startTime&amp;&amp;b.performance){e.startTime=b.performance.timing.domLoading}function c(h,g,i){var j=setTimeout(function(){d.send({sessionTime:i});var k=(h+g)&lt;60000?(h+g):60000;c(g,k,i+h)},h)}c(3000,3000,3000)}return{mName:"mediaDuration",mFunc:a}});;define("wiseindex/lib/thunder/imgLoad",function(){var a=window;function b(g,c){var e=this;var f=a.B.imgLoadPool?a.B.imgLoadPool:{};c=c||"index-card";g=g||{};function h(o,k,n){f[o]=f[o]||{};f[o]["data"]=f[o]["data"]||[];$.extend(k,g);if(f[o]["data"].length&gt;0){for(var m=0,j=f[o]["data"].length;m&lt;j;m++){var l=f[o]["data"][m];$.extend(k,f[o]["data"][m]);e.send(k)}f[o]["data"]=null}if(n){k.logExtra=JSON.stringify({imgSrc:n});e.send(k)}}function d(){var i={cst:"9",logInfo:"imgErr",tid:228};h("error",i);document.getElementById(c).removeEventListener("error",a.B.imgLoadPool.error.handler,true);a.B.imgLoadPool.error.handler=function(j){if(j.target.tagName.toLowerCase()==="img"){h("error",i,j.target.src)}};document.getElementById(c).addEventListener("error",a.B.imgLoadPool.error.handler,true)}d()}return{mName:"imgLoad",mFunc:b}});;var thunderPlugins=["wiseindex/lib/thunder/mediaDuration","wiseindex/lib/thunder/imgLoad"];define("wiseindex/lib/thunder/thunder",function(){var c=window;function d(f){var e=this;e.opt=f||{};e.baseParams=e.opt.baseParams||{};e.config(f,true);if(f.autoBind){e.bindLogHook()}}d.prototype={config:function(h,e){var g=this;for(var f in h){g.opt[f]=h[f]}g.baseURL=g.opt.baseURL||"//hpd.baidu.com/v.gif";g.domHook=g.opt.domHook||"data-log";g.mainDom=g.opt.mainDom||"#index-card, #index-view";g.skipPrevent=!!g.opt.skipPrevent;g.logRegx=g.opt.logRegx||"(.*?):(.*?);";g.baseParams=b(g.baseParams,h.baseParams)},send:function(h,n,e){var o=this;o.__sendPreHook&amp;&amp;o.__sendPreHook(h);var f="l"+Date.now();var l=window[f]=new Image();var j="";var g=null;e=e||o.baseURL;l.onload=l.onerror=l.onabort=function(){window[f]=null;if(g){clearTimeout(g);g=null;n&amp;&amp;n();o.__sendAfrHook&amp;&amp;o.__sendAfrHook(h,false)}};h=h||{};h.r=f;var m=o.baseParams;h=b(b({},m),h);for(var k in h){if(h.hasOwnProperty(k)){j+="&amp;"+k+"="+encodeURIComponent(h[k])}}l.src=e+"?"+j.slice(1);if(typeof n==="function"){g=setTimeout(function(){g=null;n()},500)}o.__sendAfrHook&amp;&amp;o.__sendAfrHook(h,true)},bindLogHook:function(e,g){var f=this;e=e?$(e):$(f.mainDom);e&amp;&amp;e.on("click",g||"["+(f.domHook)+"]",function(h){f.hookClick.call(f,this,h)})},hookClick:function(j,m){var o=this;var i=j.getAttribute(o.domHook);var k=j.getAttribute("data-stopskip");var l=j.getAttribute("href");var n=null;var f={};var g=new RegExp(o.logRegx,"g");var h=null;while((h=g.exec(i))){f[h[1]]=h[2]}if(j.tagName.toLowerCase()==="a"&amp;&amp;l&amp;&amp;k){m.preventDefault();n=function(){c.location.href=l}}o.send(f,n)}};function b(g,f){if(!f||!g){return g}for(var e in f){g[e]=f[e]}return g}thunderPlugins.forEach(function(f,e){require([f],function(g){d.prototype[g.mName]=g.mFunc})});var a=null;return{create:function(f,e){return new d(f)},get:function(e){return a||(a=this.create(e))}}});;define("plugin/monitor",function(){var b=window;var d=require("wiseindex/lib/thunder/thunder");var a=d.create({baseParams:{tid:0,funcSta:"stabilityMonitor",sourceSta:"wiseTab0",actionSta:"start",logid:b.sSession.logid,ssid:b.sSession.ssid,logInfo:"stability"}});function c(f){var e=this;e.opt=f;e.exParam={logFrom:"mid_news",ct:1,cst:9}}c.prototype={send:function(){var e=this;a.send($.extend(e.exParam,e.opt))}};return{send:function(e){return new c(e).send()}}});;define("skeleton/tab",["wiseindex/lib/tips","skeleton/channel_log","plugin/monitor"],function(h,d,l){var b=window;var k=require("skeleton/tab_dao");b.channelLog=d;var j=/android/i.test(navigator.userAgent)&amp;&amp;/ucbrowser/i.test(navigator.userAgent);var a='&lt;div class="s-loading-frame top"&gt;&lt;div class="load-img-wrapper"&gt;&lt;canvas class="load-before-img" id="load-canvas" width="19px" height="19px"&gt;&lt;/canvas&gt;&lt;img class="load-ing-img '+(j?"andbugbrow-load-ing-img":"normal-load-ing-img")+'" src="'+sDomain.staticUrl+'static/wiseindex/img/fetch_ing_8_0.png"/&gt;&lt;/div&gt;&lt;span class="load-text"&gt;正在加载&lt;/span&gt;&lt;/div&gt;';var i='&lt;div class="s-loading-frame top"&gt;&lt;div class="load-img-wrapper"&gt;&lt;img class="load-ing-img '+(j?"andbugbrow-load-ing-img":"normal-load-ing-img")+'" style="display:block;" src="'+sDomain.staticUrl+'static/wiseindex/img/fetch_ing_8_0.png"/&gt;&lt;/div&gt;&lt;span class="load-text"&gt;正在加载&lt;/span&gt;&lt;/div&gt;';var f='&lt;a class="rec-refresh" style="color:#0064f0"&gt;点击刷新&lt;/a&gt;';var g='&lt;div class="c-loading-home vhide"&gt;&lt;/div&gt;&lt;div class="c-offline-home hide"&gt;&lt;div class ="icons"&gt;&lt;/div&gt;&lt;p&gt;网络不给力，请稍后重试&lt;/p&gt;&lt;div class="blue-refresh"&gt;&lt;/div&gt;&lt;/div&gt;';var m={tid:365};function e(n){var o=$.extend({ct:1,cst:1,logFrom:"mid_news"},n);b.B.thunderLog.send(o)}function c(o,p){var n=this;n.name="news"||"menu-item";n.id=(""+p)||0;n.loaded=0;n.rendered=false;n.mainDom="center-content-"+p;n.params={};n.menuDom="menu-item-"+p;n.waterLoading=false;n.contentEnd=false;n.repeatNum=0;n.repeatRids=[];n.loadingDomTop=".s-loading-frame.top";n.loadingDomBottom=".s-loading-frame.bottom";n.loadingDom=".s-loading-frame";n.preTop=1;n.sessionData=(b.sSession.tabs&amp;&amp;b.sSession.tabs[""+p])||{};n.pageNum=n.sessionData.page||1;n.$seleLoad=$("#"+n.mainDom+" "+n.loadingDomBottom);n.channellistnum=1}c.prototype={constructor:c,load:function(n){var o=this;if(o.id!=""){if(o.loaded===0){o.loaded=1;k.get("contentHtml",o.id,function(p){o.loaded=2;o.html=p.result.tab.tabTpl;n&amp;&amp;n()}).fail(function(){n&amp;&amp;n(false)})}}},newLoad:function(u,n){var o=this;var t,q,s,p;o.id==2?t="videoHtml":t="attentionHtml";o.id==2?q="wise_feed_videotab":q="wise_feed_attentiontab";if(u=="main"){p=0;s="main"}else{if(u=="top"){p=1;s="top"}else{p=1;s="bottom"}}if(o.id!=""){var r={channel_id:o.id,source:q,direction:s,async:p,startlistnum:o.channellistnum||1};o.waterLoading=true;k.get(t,r,function(v){o.waterLoading=false;if(u=="main"){o.html=v.result.tab.tabTpl}else{if(v.errNo===0&amp;&amp;!o.isRedupRids(v,u,n)){o.html=v.result.tab.tabTpl;if(u==="bottom"){var w={funcSta:"pullDownEx",sourceSta:"wisetab"+o.id,actionSta:"end"};l.send($.extend(m,w))}else{if(u==="top"){var w={funcSta:"pullUpEx",sourceSta:"wisetab"+o.id,actionSta:"end"};l.send($.extend(m,w))}}}}b.channelRids=v.result.tab.rids;o.channellistnum=o.channellistnum+b.channelRids.length;n&amp;&amp;n()}).fail(function(){o.html=[];n&amp;&amp;n(false)})}},downPull:function(){var o=this;var r=$("#"+o.mainDom+" .tab-wrap");var p=(r.data("action")||"").split(";");var q,n;if($.inArray("nopredrag",p)===-1){if(o.contentEnd||o.waterLoading){o.noMore("top");return}else{require(["skeleton/drop"],function(t){var s=new t.drop("#tab_news_"+o.id,{tipHeight:53,feedItemPaddingTop:15,moveInterval:5,headSelector:".tab-"+o.name+"-head",contentSelector:".tab-"+o.name+"-content",footSelector:".tab-"+o.name+"-foot",domUp:{domClass:"loading-drop",domRefresh:a,domUpdate:a,domLoad:a},loadUpFn:function(u){var w={funcSta:"pullUpEx",sourceSta:"wisetab"+o.id,actionSta:"start"};l.send($.extend(m,w));if($.inArray("noprewater",p)===-1){var v=null;if($("#bottom").css("display")=="none"){$("#bottom").show()}v=setTimeout(function(){if(o.id==1){o.appendData("top",function(x){u.resetload()})}else{o.newLoad("top",function(y){var x=$(o.html).find(".rec-item").length;x&gt;0&amp;&amp;o.txtLinkRefresh($("#"+B.mainDom).find(".tab-news-content"));$("#"+B.mainDom).find(".tab-news-content").prepend(o.html);o.channelLogfn($("#"+B.mainDom));$("#tab_news_"+B.tabId).find(".s-loading-frame.top").hide();if(x&gt;0){h.tips($("#tab_news_"+B.tabId),"为您推荐"+x+"条更新")}else{h.tips($("#tab_news_"+B.tabId),"暂时没有更新，休息一下吧")}if(!x){o.contentEnd=true;o.noMore("top")}b.B.thunderLog.send({ct:1,cst:2,logFrom:"feed_tab",logInfo:"refresh_up",tabId:B.tabId});u.resetload()})}},600)}else{u.resetload()}}});window.B.listen("skeleton/tab_manager","switchTab",function(v){var u=v.fromTab;s.resetload()})})}}else{B.fire("skeleton/tab","preBeforeGetWaterData"+id)}},noMore:function(o){var n=this;n.$seleLoad=$("#"+n.mainDom+" "+n.loadingDomBottom);n.$seleLoad.height(40).html("&lt;span&gt;真的拉不出新东西了~&lt;/span&gt;"+f).addClass("bottom-no-more");if(!$("#"+B.mainDom).find(".c-offline-home").hasClass("hide")){$("#"+B.mainDom).find(".c-offline-home").addClass("hide")}$("#"+n.mainDom).find(".s-loading-frame").show()},render:function(r,n){var o=this;if(o.rendering){return}o.rendering=true;var q="center-content-"+o.id;var p='&lt;div class="center-content" id="'+q+'" style="display:none;"&gt;&lt;/div&gt;';if($("#"+o.mainDom+" "+o.loadingDomTop).length&lt;=0){$(".blank-frame").append(p).css({"min-height":"0px"});$("#"+o.mainDom).prepend(a)}o.bindEvent();o.load(function(s){if(s===false){$("#"+o.mainDom+" "+o.loadingDomTop+" .loading-content").html("&lt;span&gt;网络异常，&lt;/span&gt;"+f);return}$("#"+o.mainDom+" "+o.loadingDomTop).remove();$("#"+o.mainDom).append(o.html);o.downPull(o.id);o.rendered=true;o.sessionData=(b.sSession.tabs&amp;&amp;b.sSession.tabs[""+o.id])||{};o.pageNum=o.sessionData.page||1;b.B.fire("skeleton/tab","loadedFirstcreen"+o.id);o.rendering=false});e({logInfo:r});n&amp;&amp;n()},newRender:function(r,n){var o=this;B.mainDom=o.mainDom;if(o.rendering){return}o.rendering=true;var q="center-content-"+o.id;var p='&lt;div class="center-content" id="'+q+'" style="display:none;"&gt;'+g+"&lt;/div&gt;";if($("#"+o.mainDom+" "+o.loadingDomTop).length&lt;=0){$(".blank-frame").append(p);$("#"+o.mainDom).prepend(i);$("#"+o.mainDom).find(".c-loading-home").removeClass("vhide")}o.bindEvent();o.newLoad("main",function(t){if(t===false){$("#"+o.mainDom).find(".c-offline-home").removeClass("hide");$("#"+o.mainDom).find(".s-loading-frame").hide();$("#"+o.mainDom).find(".c-loading-home").addClass("vhide");$("#bottom").hide();$(".blank-frame").on("click",".blue-refresh",function(){B.Index.scrollAnimate($(b).scrollTop(),b.B.tabtop+1);if(+B.tabId===1){b.B.fire("global","loadTop4CurrentCard")}else{b.B.fire("global","loadTop4CurrentCard_channel")}});o.rendering=false;b.B.thunderLog.send({ct:1,cst:9,logFrom:"feed_tab",logInfo:"err_3",pu:b.sSession.pu});return}if(!$("#"+B.mainDom).find(".c-offline-home").hasClass("hide")){$("#"+B.mainDom).find(".c-offline-home").addClass("hide")}$("#"+o.mainDom+" "+o.loadingDomTop).remove();$("#"+o.mainDom).find(".c-loading-home").addClass("vhide");$("#"+o.mainDom).append(o.html);var s=$(o.html).find(".rec-item").length;if(!s){o.contentEnd=true;o.noMore();return}d.warpClk("#"+o.mainDom);o.channelLogfn($("#"+B.mainDom));b.scrollTo(0,b.B.tabtop+1);o.rendered=true;o.sessionData=(b.sSession.tabs&amp;&amp;b.sSession.tabs[""+o.id])||{};o.pageNum=o.sessionData.page||1;b.B.fire("skeleton/tab","loadedFirstcreen"+o.id);o.rendering=false});n&amp;&amp;n()},channelLogfn:function(n){d.channelShow(n)},scrollAnimate:function(o){var q=o;var p=null;var n=function(r){var s=Math.round(r/15);q=q-s;if(q&lt;0){window.clearInterval(p);if(window.sSession.Sid.indexOf("114119")!=-1){setTimeout(function(){window.scrollTo(0,window.B.tabtop+1)},20)}else{window.scrollTo(0,0)}return false}window.scrollTo(0,q)};p=window.setInterval(function(){n(o)},20)},preProccess:function(p){var n=this;var o=$(p);if(n.repeatRids&amp;&amp;n.repeatRids.length){k.set("exception",{errno:5,num:n.repeatRids.length});n.repeatRids.forEach(function(q){o.find('[data-rid="'+q+'"]').parent(".rec-item").remove()})}n.repeatRids=[];return o},reRender:function(n){var o=this;if(o.id==1){o.load(function(p){$("#"+o.mainDom).html(o.html);o.downPull(o.id);o.rendered=true;n&amp;&amp;n()})}else{o.newLoad(function(p){$("#"+o.mainDom).html(o.html);o.channelLogfn($("#"+B.mainDom));o.downPull(o.id);o.rendered=true;n&amp;&amp;n()})}},removeFail:function(){$("#tab_"+this.name+"_fail").remove()},saveTab:function(){var n=this;k.set("tabss",{dom:$("#"+n.mainDom),id:n.id},function(){})},showTabContent:function(r,o){var p=this;var q="center-content-"+p.id;var s=$("#"+p.mainDom);var n="CurTop_"+p.id;if(s.find(".tab-wrap").length==0){if(p.id==1){p.render(r,function(){$("#"+p.mainDom).show()})}else{p.newRender(r,function(){$("#"+p.mainDom).show()})}}else{}if($("#"+p.mainDom).find(".s-loading-frame").hasClass("bottom-no-more")){$("#"+p.mainDom).find(".s-loading-frame").show()}s.show();o&amp;&amp;o.call(p);$("#"+p.menuDom).addClass("current")},hideTabContent:function(n){var o=this;$("#"+o.mainDom).hide();$("#"+o.menuDom).removeClass("current");n&amp;&amp;n.call(o)},hideBottomLoadBefore:function(){var n=this;var o=$.Deferred();var p=$("#"+n.mainDom+" "+n.loadingDomBottom);p.find(".bottom-load-before").hide();o.resolve();return o.promise()},appendData:function(u,p){var x=this;var w=$("#"+x.mainDom+" .water-container");var s=$("#"+x.mainDom+" .tab-wrap");var v=(s.data("action")||"").split(";");var n=null;try{n=sessionStorage.getItem("clickedRids")||""}catch(r){n=""}var y=s.data("waterpara");var t={tabId:x.id,page:x.pageNum,sessionId:x.sessionData.sessionid,crids:n,startlistnum:x.sessionData.listnum||0};var o="";var q=/(.*?):(.*?);/g;while((o=q.exec(y))){t[o[1]]=o[2]}if($("#bottom").css("display")=="none"){$("#bottom").show()}B.fire("skeleton/tab","preGetWaterData"+x.id);x.waterLoading=true;e({tid:631,cst:2,logInfo:"loadwater",logExtra:'{"actionType":"refresh_'+u+'"}'});k.get("waterHtml",t,function(A){x.waterLoading=false;if(A.result.errno===0&amp;&amp;!x.isRedupRids(A,u,p)){var z=x.preProccess(A.result.tab.data);x.sessionData.listnum=x.sessionData.listnum+A.result.tab.rids.length;if(A.result.tab&amp;&amp;A.result.tab.status&amp;&amp;A.result.tab.status.sessionid){x.sessionData.sessionid=A.result.tab.status.sessionid}if($.inArray("noinsert",v)===-1){if(u==="bottom"){w.append(z);$.when(x.hideBottomLoadBefore()).done(function(){x.$seleLoad.find(".bottom-load-ing").show()});if(A.result.tab.status.is_end===1){x.contentEnd=true;x.noMore("bottom")}b.B.fire("skeleton/tab","afrInsertDom"+x.id,A);var C={funcSta:"pullDownEx",sourceSta:"wisetab"+x.id,actionSta:"end"};l.send($.extend(m,C))}}else{b.B.fire("skeleton/tab","getWaterData"+x.id,A)}if($.inArray("nopreinsert",v)===-1){if(u==="top"){!(A.result.tab.status.is_end===1)&amp;&amp;x.txtLinkRefresh(w);w.prepend(z);if(A.result.tab.status.is_end===1){x.contentEnd=true;x.noMore("top")}typeof p==="function"&amp;&amp;p();b.B.fire("skeleton/tab","preInsertDom"+x.id,z);var C={funcSta:"pullUpEx",sourceSta:"wisetab"+x.id,actionSta:"end"};l.send($.extend(m,C))}}else{b.B.fire("skeleton/tab","preGetWaterData"+x.id,A)}b.B.fire("skeleton/tab","insertDom"+x.id);x.pageNum++}else{typeof p==="function"&amp;&amp;p(false);b.B.fire("skeleton/tab","preGetWaterFail"+x.id,{pos:u})}}).fail(function(){x.noMore(u||"bottom");h.tips($("#tab_news_"+B.tabId),"暂时没有更新，休息一下吧");typeof p==="function"&amp;&amp;p()})},isRedupRids:function(s,t,o){var p=this;var q=s.result.tab.rids||[];var n=false;if(!p.sessionData.topRids){p.sessionData.bottomRids=p.sessionData.topRids=p.sessionData.preRids}p.repeatRids=q.filter(function(u){if(p.id==1){return !!~p.sessionData.topRids.indexOf(u)||!!~p.sessionData.bottomRids.indexOf(u)}else{if(b.channelRids){return !!~b.channelRids.indexOf(u)}}});if(p.id==1){p.sessionData[t+"Rids"]=q.concat(p.sessionData[t+"Rids"]).slice(0,50)}if(p.repeatRids.length===q.length){n=true;p.repeatNum++}p.waterLoading=false;var r=$("#"+p.mainDom+" "+p.loadingDomBottom);if(n&amp;&amp;p.repeatNum===1){if(p.id==1){p.appendData("bottom",p.id);$.when(p.hideBottomLoadBefore()).done(function(){r.find(".bottom-load-ing").show()})}else{p.newLoad("bottom",function(u){if($("#bottom").css("display")=="none"){$("#bottom").show()}$("#"+B.mainDom).find(".tab-news-content").append(p.html);p.channelLogfn($("#"+B.mainDom));$.when(p.hideBottomLoadBefore()).done(function(){r.find(".bottom-load-ing").show()})})}}else{if(n&amp;&amp;p.repeatNum===2){p.repeatNum=0;$(p.loadingDom).hide();p.noMore();p.contentEnd=true;k.set("exception",{errno:4})}}if(!n){p.repeatNum=0}return n},jugeLoad:function(u){var o=this;var s=$("#"+o.mainDom+" .tab-wrap");var p=(s.data("action")||"").split(";");var r=$(document).height()-$(b).height()-$(b).scrollTop();var n=parseInt(b.sSession.Sid.indexOf("116287"))===-1?500:800;var q=$("#"+o.mainDom+" "+o.loadingDomBottom);if(r&lt;n&amp;&amp;!o.contentEnd&amp;&amp;!o.waterLoading){var t={funcSta:"pullDownEx",sourceSta:"wisetab"+o.id,actionSta:"start"};l.send($.extend(m,t));if($.inArray("nowater",p)===-1){if(u==1){o.appendData("bottom",u);$.when(o.hideBottomLoadBefore()).done(function(){q.find(".bottom-load-ing").show()})}else{o.newLoad("bottom",function(v){if($("#bottom").css("display")=="none"){$("#bottom").show()}$("#"+B.mainDom).find(".tab-news-content").append(o.html);o.channelLogfn($("#"+B.mainDom));$.when(o.hideBottomLoadBefore()).done(function(){q.find(".bottom-load-ing").show()});if(!($(o.html).find(".rec-item").length)){o.contentEnd=true;o.noMore("bottom")}b.B.thunderLog.send({ct:1,cst:2,logFrom:"feed_tab",logInfo:"refresh_down",tabId:B.tabId})})}}else{b.B.fire("skeleton/tab","beforeGetWaterData"+u)}}},showLoading:function(p){var n=this;var o='&lt;div class="backtool-loading-wrap"&gt;&lt;div class="load-img-wrapper"&gt;&lt;img class="load-ing-img" src="'+sDomain.staticUrl+'static/wiseindex/img/fetch_ing_8_0.png"/&gt;&lt;/div&gt;&lt;span class="load-text"&gt;正在刷新&lt;/span&gt;&lt;/div&gt;';if(p){$(".backtool-loading-wrap").remove()}else{$(".tab-news-head").before(o)}},bindEvent:function(){var n=this;$("#"+this.mainDom).on("click",".rec-refresh",function(){window.location.reload()});b.B.listen("global","loadTop4CurrentCardChannel",function(o){if(!$(".backtool-loading-wrap").length){n.showLoading()}var p=null;if(n.id==B.tabId){p=setTimeout(function(){n.newLoad("top",function(){n.showLoading(true);var q=$(n.html).find(".rec-item").length;q&gt;0&amp;&amp;n.txtLinkRefresh($("#"+B.mainDom).find(".tab-news-content"));$("#"+B.mainDom).find(".tab-news-content").prepend(n.html);n.channelLogfn($("#"+B.mainDom));$("#tab_news_"+B.tabId).find(".s-loading-frame.top").hide();if(q&gt;0){h.tips($("#tab_news_"+B.tabId),"为您推荐"+q+"条更新")}else{h.tips($("#tab_news_"+B.tabId),"暂时没有更新，休息一下吧")}if(!q){n.contentEnd=true;n.noMore("top")}b.B.thunderLog.send({ct:1,cst:2,logFrom:"feed_tab",logInfo:"refresh_up",tabId:B.tabId})})},600)}});$("#"+B.mainDom).on("click",".tab-news-content .txtlink-refresh",function(){location.hash="#"+B.mainDom;location.hash="#";B.Index.scrollAnimate($(b).scrollTop(),b.B.tabtop+1);if(+B.tabId===1){b.B.fire("global","loadTop4CurrentCard")}else{b.B.fire("global","loadTop4CurrentCardChannel",{type:"txtLinkRefreshClk"})}b.B.thunderLog.send({tid:357,ct:1,cst:2,logFrom:"refresh",logInfo:"txtlink",tabId:B.tabId,logExtra:"{}"})});b.B.listen("skeleton/tab_manager","scrollEvent"+n.id,function(){var p=$("#txtLinkRef_"+n.id);var o=p.length&gt;0?p.data("show"):0;if(+o&gt;0&amp;&amp;p.offset().top+p.height()*0.3-$(b).scrollTop()&lt;$(b).height()){p.data("show","0");b.B.thunderLog.send({tid:356,ct:1,cst:1,logFrom:"refresh",logInfo:"txtlink",tabId:B.tabId,logExtra:"{}"})}})},txtLinkRefresh:function(o){var n=this;$("#txtLinkRef_"+n.id).detach();o.prepend('&lt;div class="txtlink-refresh" id="txtLinkRef_'+n.id+'" data-show="1"&gt;上次看到这里 点击刷新&lt;/div&gt;')}};return c});;define("wiseindex/lib/backtools",function(g,s,a){var n=window;var i=$(".tab-tools").eq(0);var m=i.find(".tab-refresh");var r=i.find(".tab-back");var q=0;var k=0;var o=$(".blank-frame");var c=g("plugin/monitor");var d={tid:365};function p(t){f(t&amp;&amp;t.curtabId!=="0");j();l();n.B.listen("skeleton/tab_manager","switchTab",function(u){})}function f(t){if(t){m.show();e()}else{m.hide()}}function l(){var t=0;var u=0;$(window).on("scroll touchstart touchmove",function(){var w=["addClass","removeClass"];var v=$(window).height();q=$(window).scrollTop();if(q&gt;v&amp;&amp;k-q&gt;5){t=0}else{if((k&lt;q||q&lt;v)&amp;&amp;v&gt;=u){t=1}}i[w[t]]("show-tools");if(t===1){m.removeClass("click-tools");r.removeClass("click-tools")}k=q;u=v})}function e(){m.on("click",function(){n.B.Index.avoidPenetration(o,500);var t={funcSta:"pullUpEx",sourceSta:"wisetab"+B.tabId,actionSta:"start"};c.send($.extend(d,t));h($(n).scrollTop());if(B.tabId==1){n.B.fire("global","loadTop4CurrentCard")}else{n.B.fire("global","loadTop4CurrentCardChannel",{type:"refreshClk"})}})}function j(){r.on("click",function(){n.B.Index.avoidPenetration(o,500);$(this).addClass("click-tools");b($(window).scrollTop());n.B.fire("wiseindex/lib/backtools","backTopClick")})}function b(u){var w=u;var v=null;var t=function(x){var y=Math.round(x/15);w=w-y;if(w&lt;0){window.clearInterval(v);window.scrollTo(0,0);return false}window.scrollTo(0,w)};v=window.setInterval(function(){t(u)},20)}function h(u){var w=u;var v=null;var t=function(x){var y=Math.round(x/5);w=w-y;if(w&lt;0){window.clearInterval(v);if(window.sSession.Sid.indexOf("114119")!=-1){window.scrollTo(0,window.B.tabtop+2)}else{n.scrollTo(0,n.B.tabtop+1)}return false}window.scrollTo(0,w)};v=window.setInterval(function(){t(u)},20)}return{init:p}});;define("skeleton/tab_manager",function(){var a=window;var c=require("skeleton/tab");var b=$("#menu-container");var f="menu-item";B.mainDom="center-content-1";var i=require("skeleton/tab_dao");var j=a.navigator;var d=[/ucbrowser/i,/liebao/i];var g=/android/i.test(j.userAgent)&amp;&amp;d.some(function(l){return !!l.test(j.userAgent)});var e=0;var h;function k(){this.pool={};this.curtabId=1;B.tabId=1;var l=this;if(a.sSession.Sid.indexOf("114118")==-1){var m=sDomain.ismigratetab?"https://feed.baidu.com":"";m+="/feed/api/tab/gettabinfo?pd=wise";var n={url:m,data:{ms:1}};var o={url:m,data:{ms:1,cb:"indJsonp"},jsonp:"cb",success:function(p){l.success(p)},error:function(){l.initialize(sSession.tabSets);a.B.thunderLog&amp;&amp;a.B.thunderLog.send({ct:1,cst:9,logFrom:"feed_tab",logInfo:"err_1",pu:window.sSession.pu})}};sDomain.ismigratetab?$.ajaxjsonp(o):$.ajaxget(n).done(function(p){l.success(JSON.parse(p))}).fail(function(p){l.initialize(sSession.tabSets);a.B.thunderLog&amp;&amp;a.B.thunderLog.send({ct:1,cst:9,logFrom:"feed_tab",logInfo:"err_1",pu:window.sSession.pu})})}else{l.initialize(sSession.tabSets)}a.B.NCTipsData&amp;&amp;a.B.NCTipsData.initNCTips(this)}k.prototype={constructor:k,initialize:function(m,s){var t=this;var n=m.length;var l,r;var q=s?s:0;while(n--){this.pool[m[n].id]=new c(m[n].name,m[n].id);if(t.curtabId===m[n].id){l=m[n].name}}r=this.pool[t.curtabId];r.downPull(t.curtabId);r.bindEvent();r.rendered=true;if(a.TABRERENDER||(a.LS2TAB&amp;&amp;a.LS2TAB.fail&amp;&amp;a.LS2TAB.fail.length)){a.TABRERENDER=false;r.reRender(function(){r.removeFail();r.saveTab()})}else{r.saveTab()}var p=[];for(var n=0,o=m.length;n&lt;o;n++){p.push(m[n].name)}l&amp;&amp;a.B.thunderLog&amp;&amp;a.B.thunderLog.send({cst:1,logFrom:"feed_tab",logInfo:l});require(["wiseindex/lib/backtools"],function(u){u.init(t)});if(a.sSession.Sid.indexOf("114118")==-1){b.find(".menu-item-wrap").css("width",q+35);h=new B.iScroll("#menu-container",{eventPassthrough:true,scrollX:true,scrollY:false,preventDefault:false,bindToWrapper:false})}},success:function(r){var p;var l=this;var o=0;p=r&amp;&amp;r.data&amp;&amp;r.data.item;if(p){for(var m=0;m&lt;r.data.item.length;m++){var n=r.data.item[m];b.find(".menu-item-wrap").append('&lt;li class="menu-item" id="menu-item-'+n.id+'" data-id='+n.id+"&gt;"+n.name+"&lt;span&gt;&lt;/span&gt;&lt;/li&gt;");var q=$(b.find(".menu-item")[m]).width();o=o+q;$(b.find(".menu-item span").eq(m)).css({width:q-(m===0?16:0),"margin-left":(m===0?28:12)-q})}}l.initialize(p,o);$(b.find(".menu-item").get(0)).addClass("current");l.bindEvent(o)},getTab:function(l){return this.pool[""+l]},switchTab:function(q,n){var o=this;var m;var l=o.getTab(B.tabId);B.mainDom="center-content-"+q;l.rendered=true;var p=o.getTab(q);l.hideTabContent(function(){p.showTabContent(p.name,function(){if(p.preTop&gt;200){window.scrollTo(0,p.preTop)}else{window.scrollTo(0,window.B.tabtop)}})})},bindEvent:function(n){var m=this;var l=n?n:0;b.on("click","."+f,function(q){var s=$(this).data("id");a.B.thunderLog.send({ct:1,cst:2,logFrom:"feed_tab",logInfo:"tab_icon",tabId:s});q.stopPropagation();m.renderTarTab(s);var r=B.tabId;var p=m.getTab(s);if(r!=s){m.switchTab(s);B.tabId=s;B.fire("skeleton/tab_manager","switchTab",{toTab:s,fromTab:r});if(a.sSession.Sid.indexOf("114118")==-1){h.scrollToElement("#"+f+"-"+s,500,true,true);var o=document.querySelector(".videoOpen");if(o){o.pause()}}}else{if($("#"+B.mainDom+" .tab-wrap").length){location.hash="#"+B.mainDom;location.hash="#";B.Index.scrollAnimate($(a).scrollTop(),a.B.tabtop+1);if(+B.tabId===1){a.B.fire("global","loadTop4CurrentCard")}else{a.B.fire("global","loadTop4CurrentCardChannel",{type:"tabClk"})}a.B.thunderLog.send({tid:355,ct:1,cst:2,logFrom:"refresh",logInfo:"tab",tabId:B.tabId,logExtra:"{}"})}}}).on("touchstart","."+f,function(o){$(".blank-frame").css("pointer-events","none");var q=$(this).data("id");var p=B.tabId;h.enable();if(g){m.renderTarTab(q);if(p!=q){a.B.thunderLog.send({ct:1,cst:2,logFrom:"feed_tab",logInfo:"tab_icon",tabId:q})}}o.stopPropagation()}).on("touchend","."+f,function(o){var q=$(this).data("id");var p=h.getComputedPosition();if(!g){if(p.x&gt;20){h.scrollTo(0,0,500)}if(p.x&lt;0&amp;&amp;p.x&lt;a.screen.width-l-35){setTimeout(function(){h.scrollTo(a.screen.width-l-35,0,500)},100)}if(!e){h.disable()}e=0;o.stopPropagation()}$(".blank-frame").css(" pointer-events","auto")}).on("touchmove","."+f,function(){e=1});if(a.sSession.Sid.indexOf("114118")==-1){$(".blank-frame").on("touchstart",".rec-item",function(){h.disable()}).on("touchend",".rec-item",function(){h.enable()})}m.scrollEvent=function(){var o=m.getTab(B.tabId);if(/\|src_(.*?)/g.test(location.hash)||location.pathname.match(/\/s$/)){return}if(o&amp;&amp;$(a).scrollTop()&gt;o.preTop){o.jugeLoad(B.tabId);o.preTop=$(a).scrollTop()}else{if(o){o.preTop=$(a).scrollTop()}}if(a.sSession.Sid.indexOf("114118")==-1){$(".blank-frame").css({"min-height":"600px"});if($(a).scrollTop()&gt;$(".blank-frame").offset().top-44&amp;&amp;!b.hasClass("showtabs")){setTimeout(function(){b.addClass("showtabs");if(!b.hasClass("showtabs")){a.B.thunderLog.send({ct:1,cst:9,logFrom:"feed_tab",logInfo:"err_1",pu:window.sSession.pu})}},0);if($("#weather").hasClass("expand")){b.addClass("expand")}else{b.removeClass("expand")}a.B.tabtop=$(".blank-frame").offset().top-44;a.B.thunderLog.send({ct:1,cst:1,logFrom:"feed_tab",logInfo:"channel"})}if($(a).scrollTop()&lt;$(".blank-frame").offset().top-44&amp;&amp;b.hasClass("showtabs")){b.removeClass("showtabs");if(b.hasClass("showtabs")){a.B.thunderLog.send({ct:1,cst:9,logFrom:"feed_tab",logInfo:"err_2",pu:window.sSession.pu})}}}B.fire("skeleton/tab_manager","scrollEvent"+B.tabId);if(B.tabId!=1){a.channelLog.tmpThrottle(a.channelLog.channelShow,800,800)($("#"+B.mainDom))}};$(a).on("scroll",m.scrollEvent).on("touchmove",m.scrollEvent);a.B.listen("global","loadTop4CurrentCard",function(){var o=m.pool[B.tabId];var p=null;if(!$(".backtool-loading-wrap").length){o.showLoading()}p=setTimeout(function(){o.appendData("top",function(){o.showLoading(true);if(!$("#"+B.mainDom).find(".c-offline-home").hasClass("hide")){$("#"+B.mainDom).find(".c-offline-home").addClass("hide")}})},600)});a.B.listen("global","loadTop4CurrentCard_channel",function(){a.B.thunderLog.send({ct:1,cst:9,logFrom:"feed_tab",logInfo:"err_3",pu:window.sSession.pu});var o=m.pool[B.tabId];if(!$(".backtool-loading-wrap").length){o.showLoading()}var p=null;if(!$("#tab_news_"+B.tabId).length){o.showLoading(true);m.renderTarTab(B.tabId);$("#"+m.mainDom).show()}else{p=setTimeout(function(){o.newLoad("top",function(){o.showLoading(true)})},600)}})},renderTarTab:function(m){var l=this.getTab(m);if(!l.rendered){if(m==1){l.render("news",function(){B.listen("skeleton/tab","loadedFirstcreen"+m,function(){l.downPull(m);B.fire("skeleton/tab_manager","tarTabRendered"+m)})})}else{l.newRender("news",function(){B.listen("skeleton/tab","loadedFirstcreen"+m,function(){l.downPull(m);B.fire("skeleton/tab_manager","tarTabRendered"+m)})})}}else{B.fire("skeleton/tab_manager","tarTabRendered"+m)}}};return new k()});require(["skeleton/tab_manager"]);</script><script id="index_plus_ls_js_md5" type="text/javascript" class="js_md5">(function(g){function n(s,v){var u=(s&amp;65535)+(v&amp;65535),t=(s&gt;&gt;16)+(v&gt;&gt;16)+(u&gt;&gt;16);return(t&lt;&lt;16)|(u&amp;65535)}function q(s,t){return(s&lt;&lt;t)|(s&gt;&gt;&gt;(32-t))}function c(A,w,v,u,z,y){return n(q(n(n(w,A),n(u,y)),z),v)}function b(w,v,C,A,u,z,y){return c((v&amp;C)|((~v)&amp;A),w,v,u,z,y)}function h(w,v,C,A,u,z,y){return c((v&amp;A)|(C&amp;(~A)),w,v,u,z,y)}function m(w,v,C,A,u,z,y){return c(v^C^A,w,v,u,z,y)}function a(w,v,C,A,u,z,y){return c(C^(v|(~A)),w,v,u,z,y)}function d(E,y){E[y&gt;&gt;5]|=128&lt;&lt;(y%32);E[(((y+64)&gt;&gt;&gt;9)&lt;&lt;4)+14]=y;var u,w,v,t,s,D=1732584193,C=-271733879,A=-1732584194,z=271733878;for(u=0;u&lt;E.length;u+=16){w=D;v=C;t=A;s=z;D=b(D,C,A,z,E[u],7,-680876936);z=b(z,D,C,A,E[u+1],12,-389564586);A=b(A,z,D,C,E[u+2],17,606105819);C=b(C,A,z,D,E[u+3],22,-1044525330);D=b(D,C,A,z,E[u+4],7,-176418897);z=b(z,D,C,A,E[u+5],12,1200080426);A=b(A,z,D,C,E[u+6],17,-1473231341);C=b(C,A,z,D,E[u+7],22,-45705983);D=b(D,C,A,z,E[u+8],7,1770035416);z=b(z,D,C,A,E[u+9],12,-1958414417);A=b(A,z,D,C,E[u+10],17,-42063);C=b(C,A,z,D,E[u+11],22,-1990404162);D=b(D,C,A,z,E[u+12],7,1804603682);z=b(z,D,C,A,E[u+13],12,-40341101);A=b(A,z,D,C,E[u+14],17,-1502002290);C=b(C,A,z,D,E[u+15],22,1236535329);D=h(D,C,A,z,E[u+1],5,-165796510);z=h(z,D,C,A,E[u+6],9,-1069501632);A=h(A,z,D,C,E[u+11],14,643717713);C=h(C,A,z,D,E[u],20,-373897302);D=h(D,C,A,z,E[u+5],5,-701558691);z=h(z,D,C,A,E[u+10],9,38016083);A=h(A,z,D,C,E[u+15],14,-660478335);C=h(C,A,z,D,E[u+4],20,-405537848);D=h(D,C,A,z,E[u+9],5,568446438);z=h(z,D,C,A,E[u+14],9,-1019803690);A=h(A,z,D,C,E[u+3],14,-187363961);C=h(C,A,z,D,E[u+8],20,1163531501);D=h(D,C,A,z,E[u+13],5,-1444681467);z=h(z,D,C,A,E[u+2],9,-51403784);A=h(A,z,D,C,E[u+7],14,1735328473);C=h(C,A,z,D,E[u+12],20,-1926607734);D=m(D,C,A,z,E[u+5],4,-378558);z=m(z,D,C,A,E[u+8],11,-2022574463);A=m(A,z,D,C,E[u+11],16,1839030562);C=m(C,A,z,D,E[u+14],23,-35309556);D=m(D,C,A,z,E[u+1],4,-1530992060);z=m(z,D,C,A,E[u+4],11,1272893353);A=m(A,z,D,C,E[u+7],16,-155497632);C=m(C,A,z,D,E[u+10],23,-1094730640);D=m(D,C,A,z,E[u+13],4,681279174);z=m(z,D,C,A,E[u],11,-358537222);A=m(A,z,D,C,E[u+3],16,-722521979);C=m(C,A,z,D,E[u+6],23,76029189);D=m(D,C,A,z,E[u+9],4,-640364487);z=m(z,D,C,A,E[u+12],11,-421815835);A=m(A,z,D,C,E[u+15],16,530742520);C=m(C,A,z,D,E[u+2],23,-995338651);D=a(D,C,A,z,E[u],6,-198630844);z=a(z,D,C,A,E[u+7],10,1126891415);A=a(A,z,D,C,E[u+14],15,-1416354905);C=a(C,A,z,D,E[u+5],21,-57434055);D=a(D,C,A,z,E[u+12],6,1700485571);z=a(z,D,C,A,E[u+3],10,-1894986606);A=a(A,z,D,C,E[u+10],15,-1051523);C=a(C,A,z,D,E[u+1],21,-2054922799);D=a(D,C,A,z,E[u+8],6,1873313359);z=a(z,D,C,A,E[u+15],10,-30611744);A=a(A,z,D,C,E[u+6],15,-1560198380);C=a(C,A,z,D,E[u+13],21,1309151649);D=a(D,C,A,z,E[u+4],6,-145523070);z=a(z,D,C,A,E[u+11],10,-1120210379);A=a(A,z,D,C,E[u+2],15,718787259);C=a(C,A,z,D,E[u+9],21,-343485551);D=n(D,w);C=n(C,v);A=n(A,t);z=n(z,s)}return[D,C,A,z]}function o(t){var u,s="";for(u=0;u&lt;t.length*32;u+=8){s+=String.fromCharCode((t[u&gt;&gt;5]&gt;&gt;&gt;(u%32))&amp;255)}return s}function i(t){var u,s=[];s[(t.length&gt;&gt;2)-1]=undefined;for(u=0;u&lt;s.length;u+=1){s[u]=0}for(u=0;u&lt;t.length*8;u+=8){s[u&gt;&gt;5]|=(t.charCodeAt(u/8)&amp;255)&lt;&lt;(u%32)}return s}function j(t){return o(d(i(t),t.length*8))}function e(u,x){var t,w=i(u),s=[],v=[],y;s[15]=v[15]=undefined;if(w.length&gt;16){w=d(w,u.length*8)}for(t=0;t&lt;16;t+=1){s[t]=w[t]^909522486;v[t]=w[t]^1549556828}y=d(s.concat(i(x)),512+x.length*8);return o(d(v.concat(y),512+128))}function r(u){var w="0123456789abcdef",t="",s,v;for(v=0;v&lt;u.length;v+=1){s=u.charCodeAt(v);t+=w.charAt((s&gt;&gt;&gt;4)&amp;15)+w.charAt(s&amp;15)}return t}function l(s){return unescape(encodeURIComponent(s))}function p(t){return j(l(t))}function k(t){return r(p(t))}function f(t,u,s){if(!u){if(!s){return k(t)}return p(t)}if(!s){return hex_hmac_md5(u,t)}return raw_hmac_md5(u,t)}B.md5=f}(this));</script><script id="index_plus_ls_js_url" type="text/javascript" class="js_url">define("plugin/url",function(){(function(c){c.extend(c,{url:{}}).extend(c.url,{escapeSSL:a});var b=window.sDomain.ssllist||{};function a(e){if(location.protocol==="http:"||e.indexOf("https:")===0){return e}var f=/^(http[s]?:\/\/)?([^\/]+)(.*)/;var g=e.match(f);var d=b.hasOwnProperty(g[2])&amp;&amp;(b[g[2]]+g[3]);if(!d){new Image().src="/home/page/data/pageserver?errno=7008&amp;errurl="+window.encodeURIComponent(e)+"&amp;_t="+new Date()*1;if(c.browser.chrome){return e}return e.replace(/http:/,"https:")}return"https://"+d}}(Zepto))});require(["plugin/url"]);</script><script id="index_plus_ls_js_lswrite" type="text/javascript" class="js_lswrite">define("start/lsWrite",function(){var a=window.B;if(!a.lsSupport){return}[].slice.call(a.$$("[data-lsid]")).forEach(function(d,b){var c=d.getAttribute("data-lsid");a.ls.setItem(c,/_tpl_/.test(c)?d.value:d.innerHTML)});a.cookie("plus_lsv",a.Index.$el.data("lsversion"),{expires:7*24*3600*1000,domain:window.location.hostname,path:"/"});a.ls.setItem("nindex_ls_version",a.Index.$el.data("lsversion"))});require(["start/lsWrite"]);</script><script id="index_plus_ls_js_modal" type="text/javascript" class="js_modal">define("plugin/modal",function(){$("#index-view").after('&lt;div id="index-modal"&gt;&lt;/div&gt;');var b=$("#index-modal");var a=(function(){var c=0,d="&lt;div class='modal'&gt;&lt;h2&gt;&lt;/h2&gt;&lt;p&gt;&lt;/p&gt;&lt;/div&gt;";return function(e){if(!(this instanceof a)){return new a(e)}this.$template=$(d).addClass(e.type);this.$template.find("p").html(e.desc);return this}})();a.prototype.show=function(){var c=this;setTimeout(function(){b.append(c.$template).data("show",1);c.$template.css("opacity");c.$template.addClass("transition")},100);c.$template.one("webkitTransitionEnd",function(d){c.destroy()})};a.prototype.destroy=function(){this.$template.remove();if(!b.find(".modal").length){b.data("show",null)}};B.Modal=a;B.Index.Modal=function(){if(!(this instanceof B.Index.Modal)){return new B.Index.Modal()}};B.Index.Modal.show=B.Index.Modal.prototype.show=function(){b.data("show",1)};B.Index.Modal.hide=B.Index.Modal.prototype.hide=function(){b.data("show",null)}});require(["plugin/modal"]);</script><script id="index_plus_ls_js_thirdparty" type="text/javascript" class="js_thirdparty">define("wiseindex/thirdparty/afd",function(b,a){function c(){window.B.listen("tabs/news/index","cardinited",function(){var e="//m.baidu.com/static/ecom";window.require.config({paths:{"ec/feedview":e+"/js/view/feedview_459e026","activity/chunhua/chunhuafeed":e+"/js/activity/chunhua/chunhuafeed_916d382","activity/sf1_feed":e+"/js/activity/sf1_feed/feed_f8f33b1"}});if(false&amp;&amp;window.sSession.newIndexTplName==="ecom_exp_2"){var f=location.protocol+"//m.baidu.com/static/ecom/js/wise/home/nativeAds_exp_a7995e2";window.require.config({paths:{"ecom/wise/home":f,"ecom/wise/log":"//m.baidu.com/static/ecom/js/wise/home/ecomAds_log_8ad03be"}});window.require(["ecom/wise/home"],function(h){h.init()})}else{var d=(window.sSession&amp;&amp;window.sSession.sids)||$("#commonBase").data("sids")||"";if(/116179/.exec(d)){var f=location.protocol+"//m.baidu.com/static/ecom/js/wise/home/nativeAds_exp_388394a";window.require.config({paths:{"ecom/wise/home":f}});window.require(["ecom/wise/home"],function(h){h.init()})}else{g()}}function g(){var h=location.protocol+"//m.baidu.com/static/ecom/js/wise/home/nativeAds_6fe5abc";window.require.config({paths:{"ecom/wise/home":h}});window.require(["ecom/wise/home"],function(i){i.init()})}},{listenpre:1})}a.init=c});</script><script id="index_plus_ls_js_superstart" type="text/javascript" class="js_superstart">B.init(function(){var h=$("#weather");var m=$(".weather-shield");var d;var g;var s;var a=h.siblings(":not(.fixed)").add(m);var p=$("#skinSwitch").attr("data-skinUrl");var r=$("#skinSwitch").attr("data-skinColor");var j=B.Index;var o=function(t,u){window.B.thunderLog.send($.extend({logFrom:"weather",ref:"index_iphone"},t),u)};if($("#skinSwitch").attr("data-time")==="on"){m.css("background-color",r);m.css("background-image","url("+p+")")}var k=$("#skin-container");if($("body").hasClass("has-background")){var n=k.css("background-color");var f=k.css("background-image");m.css("background-color",n);m.css("background-image",f)}function c(t){g.removeClass("loading");s.html(s.data("city"));if(t){o({cst:9,tid:48,logInfo:"gps",logExtra:"{status:"+t+"}"})}}function i(t,u){var v=t.addr.city;g.removeClass("loading");if(v){o({cst:0,logInfo:"gps",logExtra:"{status:1}"});v=v.replace(/[省市]$/,"");if(v==s.data("city")){o({cst:0,logInfo:"gps",logExtra:"{status:2}"});return s.html(v)}l().done(function(w){if(!w.errno&amp;&amp;w.data&amp;&amp;w.data[0]&amp;&amp;w.data[0].value){o({cst:0,logInfo:"gps",logExtra:"{status:3}"})}else{c(4)}}).fail(function(){c(3)})}else{c(2)}}function b(){h.addClass("expand");a.css({"-webkit-transition":"-webkit-transform .3s linear","-webkit-transform":"translate3d(0, "+m.data("height")+"px, 0)"}).one("webkitTransitionEnd",function(t){j.timer(function(){d.css("z-index","0");j.$el.css("padding-bottom","1px")})})}function q(){d.css("z-index",null);a.css({"-webkit-transition-timing-function":"ease","-webkit-transform":null}).one("webkitTransitionEnd",function(t){h.removeClass("expand");a.css("-webkit-transition",null);j.$el.css("padding-bottom",null)});o({cst:2,tid:44,logInfo:"fold"})}function l(){var u=$.Deferred();var t=h.find(".weather-detail");$.ajaxget({url:"?action=getweather",dataType:"json"}).done(function(v){m.before(v.result.content);t.remove()}).then(function(v){d=h.find(".weather-detail");g=d.find(".weather-detail-gps span").first();s=g.next().next();u.resolve(v)}).fail(function(){u.reject()});return u}function e(){var t=$(".weather-outline");var u=null;h.on("click",".weather-outline, .icon-weather-toggle",function(v){j.avoidPenetration(j.$el);if(!h.data("inited")){l().then(function(){b();h.data("inited",1)});return}if(!h.hasClass("expand")){b()}else{q()}}).on("click",'[data-action="loc"]',function(v){if(g.hasClass("loading")){return}if(u){clearTimeout(u)}u=setTimeout(function(){u=null;if(g.hasClass("loading")){c(1)}},9000);g.removeClass("fail").addClass("loading");s.html("正在获取定位信息");B.geolocation.getPosition({html5Timeout:4000,moplusTimeout:5000,onSuccess:i,onFail:function(){if(u){clearTimeout(u);c(1)}}});o({cst:2,tid:45,logInfo:"gps"});return false}).on("click",".weather-detail-forecast",function(v){o({cst:2,tid:47,logInfo:"forecast"},function(){window.location.href=h.find(".weather-detail a").attr("href")});return false});$("#logo, #userinfo-wrap").on("click",function(v){if(h.hasClass("expand")&amp;&amp;v.target.parentNode.nodeName!="A"&amp;&amp;v.target.id!="login"&amp;&amp;v.target.id!="userinfo"){q()}})}e()});
define("wiseindex/start/hashView",function(){function a(){var d=window;var c=$("#commonBase").data("prepath").replace(/#/g,"&amp;");var b=$.extend(true,B.Index,{$el:$("#__SF___mine"),$view:$("#index-view"),widget:{},prepath:c});var e=b.$view;B.hash.on("change:iview",function(i,g,f,h){if(h==null){b.$view.trigger("hide")}else{$(".plus.edit .edit-back").trigger("click",1)}B.Index.Modal.hide()});e.on("replace",function(g){var f=g._args;if(f&amp;&amp;f.$view){e.children().hide();f.$view.show();b.avoidPenetration(f.$view)}return false}).on("show",function(g){var f=g.data;if(f&amp;&amp;f.$view){b.$el.data("scrollY",d.pageYOffset).hide();e.add(f.$view).show();b.avoidPenetration(f.$view)}return false}).on("hide",function(h){var g=$(this);b.$el.show();var f=b.$el.data("scrollY");if(f){setTimeout(function(){d.scrollTo(0,f)},0)}b.$el.data("scrollY",null);e.add(e.children()).hide();b.avoidPenetration($("#index-card"));return false}).on("click",".back-arrow, .back-action",function(f){var g=$(this).parents(".view-wrap").attr("id").match(/([^-]*)/)[0];b.back();return false})}return{init:a}});;define("wiseindex/lib/thunder/mediaDuration",function(){var b=window;function a(f){var d=this;var e=b.thunderConf||{};if(!e.startTime&amp;&amp;b.performance){e.startTime=b.performance.timing.domLoading}function c(h,g,i){var j=setTimeout(function(){d.send({sessionTime:i});var k=(h+g)&lt;60000?(h+g):60000;c(g,k,i+h)},h)}c(3000,3000,3000)}return{mName:"mediaDuration",mFunc:a}});;define("wiseindex/lib/thunder/imgLoad",function(){var a=window;function b(g,c){var e=this;var f=a.B.imgLoadPool?a.B.imgLoadPool:{};c=c||"index-card";g=g||{};function h(o,k,n){f[o]=f[o]||{};f[o]["data"]=f[o]["data"]||[];$.extend(k,g);if(f[o]["data"].length&gt;0){for(var m=0,j=f[o]["data"].length;m&lt;j;m++){var l=f[o]["data"][m];$.extend(k,f[o]["data"][m]);e.send(k)}f[o]["data"]=null}if(n){k.logExtra=JSON.stringify({imgSrc:n});e.send(k)}}function d(){var i={cst:"9",logInfo:"imgErr",tid:228};h("error",i);document.getElementById(c).removeEventListener("error",a.B.imgLoadPool.error.handler,true);a.B.imgLoadPool.error.handler=function(j){if(j.target.tagName.toLowerCase()==="img"){h("error",i,j.target.src)}};document.getElementById(c).addEventListener("error",a.B.imgLoadPool.error.handler,true)}d()}return{mName:"imgLoad",mFunc:b}});;var thunderPlugins=["wiseindex/lib/thunder/mediaDuration","wiseindex/lib/thunder/imgLoad"];define("wiseindex/lib/thunder/thunder",function(){var c=window;function d(f){var e=this;e.opt=f||{};e.baseParams=e.opt.baseParams||{};e.config(f,true);if(f.autoBind){e.bindLogHook()}}d.prototype={config:function(h,e){var g=this;for(var f in h){g.opt[f]=h[f]}g.baseURL=g.opt.baseURL||"//hpd.baidu.com/v.gif";g.domHook=g.opt.domHook||"data-log";g.mainDom=g.opt.mainDom||"#index-card, #index-view";g.skipPrevent=!!g.opt.skipPrevent;g.logRegx=g.opt.logRegx||"(.*?):(.*?);";g.baseParams=b(g.baseParams,h.baseParams)},send:function(h,n,e){var o=this;o.__sendPreHook&amp;&amp;o.__sendPreHook(h);var f="l"+Date.now();var l=window[f]=new Image();var j="";var g=null;e=e||o.baseURL;l.onload=l.onerror=l.onabort=function(){window[f]=null;if(g){clearTimeout(g);g=null;n&amp;&amp;n();o.__sendAfrHook&amp;&amp;o.__sendAfrHook(h,false)}};h=h||{};h.r=f;var m=o.baseParams;h=b(b({},m),h);for(var k in h){if(h.hasOwnProperty(k)){j+="&amp;"+k+"="+encodeURIComponent(h[k])}}l.src=e+"?"+j.slice(1);if(typeof n==="function"){g=setTimeout(function(){g=null;n()},500)}o.__sendAfrHook&amp;&amp;o.__sendAfrHook(h,true)},bindLogHook:function(e,g){var f=this;e=e?$(e):$(f.mainDom);e&amp;&amp;e.on("click",g||"["+(f.domHook)+"]",function(h){f.hookClick.call(f,this,h)})},hookClick:function(j,m){var o=this;var i=j.getAttribute(o.domHook);var k=j.getAttribute("data-stopskip");var l=j.getAttribute("href");var n=null;var f={};var g=new RegExp(o.logRegx,"g");var h=null;while((h=g.exec(i))){f[h[1]]=h[2]}if(j.tagName.toLowerCase()==="a"&amp;&amp;l&amp;&amp;k){m.preventDefault();n=function(){c.location.href=l}}o.send(f,n)}};function b(g,f){if(!f||!g){return g}for(var e in f){g[e]=f[e]}return g}thunderPlugins.forEach(function(f,e){require([f],function(g){d.prototype[g.mName]=g.mFunc})});var a=null;return{create:function(f,e){return new d(f)},get:function(e){return a||(a=this.create(e))}}});;define("start/superstart",["wiseindex/start/hashView","wiseindex/thirdparty/afd","wiseindex/lib/thunder/thunder","plugin/swipe"],function(f,h,k,g){var c=window;function l(){f.init();i();b();B._fireInit();h.init();if(window.sSession&amp;&amp;window.sSession.newIndexTplName==="sf"){require(["wiseindex/tabs/news/sfapp/service/newsdetail","wiseindex/tabs/news/sfapp/service/wiseindex"],function(n,o){var m=require("sfr");m.action.regist("/",Object.create(o));m.action.regist("/feed/data/feeddetail",Object.create(n));m.action.start({root:location.pathname})})}else{require(["wiseindex/lib/sf/activityController"],function(m){m.start()})}e();j();a();d()}function b(){window.rain.event.listen("rainModule/afdTuji","loadThunder",function(){return k});window.rain.event.listen("rainModule/afdTuji","loadSwipe",function(){return g});window.rain.event.fire("global","rainStartEvent")}function e(){$(window).on("hashchange, popstate",function(){!/iact/.test(location.hash)&amp;&amp;$("title").text("百度一下");!/\/feed\/data\/feeddetail/.test(location.pathname)&amp;&amp;$("title").text("百度一下")})}function i(){c.B.thunderLog=k.create({baseParams:{logid:c.sSession.logid,ssid:c.sSession.ssid,sid:c.sSession.sids,from:c.sSession.from,pu:c.sSession.pu,ct:1},domHook:"data-thunder",mainDom:"#index-card, #index-view",autoBind:true})}function j(){if(window.B.asynJs.length&gt;0){$.each(B.asynJs,function(m,n){setTimeout(function(){$.loadJs($("#"+n).attr("data-src"))},1)})}B.asynLoad=function(m){if(!~B.asynJs.indexOf(m)){B.asynJs.push(m);$.loadJs($("#"+m).attr("data-src"))}};c._hmt=c._hmt||[];$.loadJs("https://hm.baidu.com/hm.js?12423ecbc0e2ca965d84259063d35238")}function a(){if(sSession.netSwitch&amp;&amp;navigator.connection){nettype=navigator.connection.type;if(nettype==5){B.cookie("net","4g-3",{"max-age":48000,path:"/"})}}}function d(){$(window).add(document).on("unload",function(){window.scrollTo(0,0)})}return{init:l}});$(document).ready(function(){require(["start/superstart"],function(a){a.init()})});B.init(function(){define("wiseindex/lib/tips",function(c,b,d){var h=/android/i.test(navigator.userAgent)&amp;&amp;/ucbrowser/i.test(navigator.userAgent);var f;function a(j,i,k){f={tipHeight:53,feedItemPaddingTop:15,timer:null,$moveContent:$("#"+B.mainDom).find(".tab-news-content"),$moveFoot:$(".tab-news-foot"),$bottomLoad:$(".s-loading-frame.bottom"),$movePageBottom:$("#bottom"),animateTime:1000};var i=i;var k=k?k:"blue";var n=j;var m='&lt;div class="w-tips '+k+'"&gt;&lt;div class="w-tips-wrapper"&gt;&lt;div class="w-tips-inner"&gt;&lt;div class="w-tips-img"&gt;&lt;img src="'+sDomain.staticUrl+'static/wiseindex/img/fetch_finish_8_0.png" /&gt;&lt;/div&gt;&lt;div class="w-tips-text"&gt;'+i+'&lt;/div&gt;&lt;/div&gt;&lt;div class="w-tips-inner-bg"&gt;&lt;div class="w-tips-inner-bg-inner"&gt;&lt;/div&gt;&lt;/div&gt;&lt;/div&gt;&lt;/div&gt;';var l=$(m);e(n,l)}function e(j,m){j.addClass("e-frozen").prepend(m);var l=$(".w-tips");g(l,300);g(f.$moveContent,300);g(f.$moveFoot,300);g(f.$bottomLoad,300);g(f.$movePageBottom,300);var k={"-webkit-transform":"translate3d(0px, 0px, 0px)",transform:"translate3d(0px, 0px, 0px)"};l.css(k);var i={"-webkit-transform":"translate3d(0px, "+(f.tipHeight-f.feedItemPaddingTop)+"px, 0px)",transform:"translate3d(0px, "+(f.tipHeight-f.feedItemPaddingTop)+"px, 0px)"};f.$moveContent.css(i);f.$moveFoot.css(i);f.$bottomLoad.css(i);f.$movePageBottom.css(i);if(h){$(".w-tips-inner-bg-inner").on("webkitAnimationEnd",function(){setTimeout(function(){n()},400)})}else{if(f.timer){clearTimeout(f.timer)}f.timer=setTimeout(function(){n()},f.animateTime)}function n(){function o(){var q=$.Deferred();var p={"-webkit-transform":"translate3d(0px, "+-f.tipHeight+"px, 0px)",transform:"translate3d(0px, "+-f.tipHeight+"px, 0px)"};g(l,300);l.css(p);q.resolve();return q.promise()}$.when(o()).then(function(){var p={"-webkit-transform":"translate3d(0px, 0px, 0px)",transform:"translate3d(0px, 0px, 0px)"};g(f.$moveContent,300);g(f.$moveFoot,300);g(f.$bottomLoad,300);g(f.$movePageBottom,300);f.$moveContent.css(p);f.$moveFoot.css(p);f.$bottomLoad.css(p);f.$movePageBottom.css(p);m.remove();j.removeClass("e-frozen")})}}function g(j,i){if(i===undefined){j.css({"-webkit-transition":"none",transition:"none"})}else{j.css({"-webkit-transition":"all "+i+"ms",transition:"all "+i+"ms"})}}return{tips:a}});;define("tabs/news/hotword",function(e,h,d){var n=B.Index;var c=window;var b=$(".hotword-lists");var i=[];var a=0;var m=6;var g=function(p){c.B.log.send($.extend({ct:10,cst:1,clk_from:"hotword",clk_info:"a2_l1"},p))};function o(){if($("#commonBase").data("sid")){g()}if($.os.android===undefined){$(".hotword-lists").addClass("notAndroid")}try{i=JSON.parse(b.find("textarea").val());i.forEach(function(u,t){u.pos=t%m+1})}catch(r){i=[];$(".hotword-lists a").each(function(t,u){i.push({url:u.getAttribute("href"),title:$(u).find(".title").html(),isHot:$(u).find(".hot").hasClass("hot1")?1:0})})}finally{a=parseInt(i.length/m)}var p=f(1);var s=[];for(var q=0;q&lt;m;q++){s.push('"'+(i[q].isHot?"hot":"normal")+'"')}g();g({cst:4,rec_title:encodeURIComponent("["+p.join(",")+"]"),rec_sn:1,rec_msg:encodeURIComponent("["+s.join(",")+"]")})}function k(q,s,p){var r=null;q.each(function(t,u){r=i[(s-1)*m+t+p];$(u).attr({href:r.url,"data-innerpos":r.pos,"class":"show"});$(u).find(".title").html(r.title);$(u).find(".hot").attr({"class":"hot hot"+r.isHot})})}function f(q){var s=[];var r=$(".hotword-lists a");for(var p=0;p&lt;m;p++){s.push('"'+i[(q-1)*m+p].title+'"')}return s}function l(){var p=b.find(".refresh"),t=b.find(".icon-refresh"),s=$(".hotword-lists li:nth-of-type(-n+2) a"),q=$(".hotword-lists li:nth-of-type(n+3) a"),u=$(".hotword-lists a"),r=null;p.on("click",function(){if(t.hasClass("rotate")){return}if(r){clearTimeout(r);u.removeClass("fade show")}r=setTimeout(function(){t.removeClass("rotate");u.removeClass("fade show");r=null},800);var x=t.data("times");++x&gt;a&amp;&amp;(x=1);t.addClass("rotate").one("webkitAnimationEnd",function(z){t.removeClass("rotate");return false});u.addClass("fade").eq(1).one("webkitTransitionEnd",function(z){k(s,x,0);return false});u.eq(m-1).on("webkitTransitionEnd",function(A){var z=$(this);if(A.propertyName==="opacity"){if(parseInt(z.css("opacity"))==0){k(q,x,2)}else{z.off("webkitTransitionEnd")}}return false});t.data("times",x);var v=f(x);var y=[];for(var w=0;w&lt;m;w++){y.push('"'+(i[(x-1)*m+w].isHot?"hot":"normal")+'"')}g({cst:4,rec_title:encodeURIComponent("["+v.join(",")+"]"),rec_sn:x,rec_msg:encodeURIComponent("["+y.join(",")+"]")})});u.on("click",function(w){var v=$(this);var x=v.find(".title").text()||"";c.B.log.send({ct:10,cst:2,clk_from:"hotword",clk_info:"a2_l"+v.data("innerpos"),rec_title:encodeURIComponent(x),url:encodeURIComponent(v.attr("href")),rec_sn:t.data("times"),rec_msg:v.find(".hot").hasClass("hot1")?"hot":"normal"},function(){c.location.href=v.attr("href");return false});w.preventDefault()})}function j(){o();l()}return{init:j}});;define("tabs/news/hotwordHis",function(c,e,b){var j=B.Index;var a=window;var m=$(".hotword-his");var f=[];var d=function(n){a.B.log.send($.extend({ct:10,cst:1,clk_from:"hotword",clk_info:"a4_l1"},n))};function i(n){n.on("click",".hotword-his a",function(p){var o=$(this);g(o,p)});window.B.listen("tabs/news/index","showLog",function(){k()})}function g(o,n){var p=o.find(".title").text()||"";var q=o.parent().parent().data("pos");a.B.log.send({ct:10,cst:2,clk_from:"hotword",clk_info:"a4_l"+o.data("innerpos"),rec_title:encodeURIComponent(p),url:encodeURIComponent(o.attr("href")),rec_pos:q,rec_msg:o.find(".hot").hasClass("hot1")?"hot":"normal"},function(){a.location.href=o.attr("href");return false});n.preventDefault()}function k(){m=$(".hotword-his");var p=$(window).height();var o=m.length;var q=null;var t;var s=f||[];var n=null;for(var r=0;r&lt;o;r++){q=m.eq(r);t=q.find("[data-pos]").data("pos");if($.inArray(t,s)!==-1){continue}if(q.offset().top+q.height()/2-$(window).scrollTop()&lt;p){if($.inArray(t,s)===-1){s.push(t)}n=h(q);d({rec_title:encodeURIComponent("["+n.titles.join(",")+"]"),rec_pos:t,rec_msg:encodeURIComponent("["+n.hots.join(",")+"]")});f=s}}}function h(t){var q=[];var r=[];var u=t.find("a");var o=u.length;var n=null;for(var p=0;p&lt;o;p++){n=$(u[p]);var s=n.find(".title").text();var v=n.find(".hot").hasClass("hot1")?"hot":"normal";q.push('"'+s+'"');r.push('"'+v+'"')}return{titles:q,hots:r}}function l(n){i(n)}return{init:l}});;define("tabs/news/hotwordTop",function(c,e,b){var i=B.Index;var a=window;var l=$(".hotword-top");var f=[];var d=function(m){a.B.log.send($.extend({ct:10,cst:1,clk_from:"hotword",clk_info:"a5_l1"},m))};function h(m){m.on("click",".hotword-top a",function(o){var n=$(this);g(n,o)});window.B.listen("tabs/news/index","showLog",function(){j()})}function g(n,m){var o=n.data("title")||"";var p=n.data("pos");a.B.log.send({ct:10,cst:2,clk_from:"hotword",clk_info:"a5_l*",rec_title:encodeURIComponent(o),url:encodeURIComponent(n.attr("href")),rec_pos:p},function(){a.location.href=n.attr("href");return false});m.preventDefault()}function j(){l=$(".hotword-top a");var o=$(window).height();var n=l.length;var p=null;var s;var r=f||[];var m=null;for(var q=0;q&lt;n;q++){p=l.eq(q);s=p.data("pos");if($.inArray(s,r)!==-1){continue}if(p.offset().top+p.height()/2-$(window).scrollTop()&lt;o){if($.inArray(s,r)===-1){r.push(s)}d({rec_title:p.data("title"),rec_pos:s});f=r}}}function k(m){h(m)}return{init:k}});;define("wiseindex/plugin/invokeLanding",function(){function a(){var c;var b;B.listen("plugin/invokeLanding","invokeBd",function(e){switch(e.landingType){case"text":b="baiduboxapp://easybrowse?opentype=1&amp;sfrom=feed&amp;openurl="+encodeURIComponent(e.bdLandingHref)+"&amp;isla=0&amp;toolbaricons=%7B%22toolids%22%3A%5B%221%22%2C%222%22%2C%223%22%5D%7D&amp;menumode=2&amp;newbrowser=1";c="1020236g";break;case"image":b="baiduboxapp://common?action=imagecollection&amp;params=%7b%22context%22%3a%7b%22nid%22%3a%22news_"+e.nid+"%22%7d%7d&amp;minver=7.2.5.0&amp;toolbaricons=%7B%22toolids%22%3A%5B%221%22%2C%222%22%2C%223%22%5D%7D&amp;menumode=2";c="1020236k";break;case"video":var f=function(j){var i="baiduboxapp://easybrowse?openurl="+encodeURIComponent(j)+"&amp;opentype=1&amp;isla=0&amp;type=video&amp;page_type=empty&amp;newbrowser=1&amp;sfrom=feed&amp;append=1&amp;minver=6.0.0.0&amp;toolbaricons=%7B%22toolids%22%3A%5B%221%22%2C%222%22%2C%223%22%5D%7D&amp;menumode=2";return i};b=f(e.bdLandingHref);c="1020177b";break;default:b="baiduboxapp://apppage?action=openPage&amp;params=%7B%22pageid%22%3A%22homepage%22%7D";c="";break}var h=function(i){var l={activity:"wiseindex/tabs/news/activity/newsdetail",state:{linkData:{name:"iframe/mib-iframe",id:"feed",index:0,url:i.wiseLandingHref,title:i.title}}};var m=l.activity+"="+encodeURIComponent(JSON.stringify(l.state));var k="iact="+encodeURIComponent(m);if(window.location.href.indexOf("#")===-1){k="#"+k}var j=window.location.protocol+"//"+window.location.host+window.location.pathname+window.location.search+k;return j};var g={showTip:false,failUrl:h(e),iosScheme:b,from:c,channel:""};var d=window.OpenBox(g);d.open()})}return new a()});;define("wiseindex/plugin/TimeUtil",function(){function a(b){var c=1000*60*60*24;b.setHours(0);b.setMinutes(0);b.setSeconds(0);b.setMilliseconds(0);return b.getTime()+c}return{get2thTime:a}});;define("tabs/news/index",["wiseindex/lib/tips","tabs/news/hotword","tabs/news/hotwordHis","tabs/news/hotwordTop","plugin/monitor","wiseindex/plugin/invokeLanding","wiseindex/plugin/TimeUtil"],function(J,r,w,k,I,b,v,u){var d=window;var o=$(".blank-frame");var P=$("#tab_news_"+B.tabId);var C=$("#center-content-1 .tab-wrap");var l=$(".tab-news-content");var H=$("#tab_news .loading-top");var e=P.find(".hotword-lists");var h=d.B.thunderLog;var z=/iPhone|iPad|iPod/i.test(window.navigator.userAgent);var G=/baidubrowser\/7\.4/i.test(window.navigator.userAgent);var p="";var x=navigator.userAgent;var f;var q=false;var t=false;var g=true;var s=null;var m=[];var N=[];var y=0;function L(){setTimeout(function(){window.scrollTo(0,0)},300);A();E();if(e.length){r.init()}w.init(l);k.init(l);P.find("[data-itemname]").each(function(){var T=$(this).data("itemname");if(!~N.indexOf(T)){N.push(T)}});d.B.thunderLog.bindLogHook(P);if(N.length){var S=C.attr("data-waterpara");S=S||"";var Q="loadeditems:"+N.join(",");C.attr("data-waterpara",S+Q+";")}if($.os.android){P.find(".src-icon-hot").addClass("isAndroid");P.find(".src-icon-rec").addClass("isAndroid")}try{h.imgLoad({logFrom:"mid_news"},"index-card")}catch(R){}}function A(){M();F();K();if(window.sSession&amp;&amp;window.sSession.newIndexTplName==="sf"){o.on("click",".tpl-video .video-small-inner",function(U){if(U.target.tagName.toLowerCase()==="a"&amp;&amp;!$(U.target).data("sf-href")){return}var S=$(this);var Q=S.attr("data-rid");var R=S.data("sf-href");try{var T=S.data("sf-options")}catch(U){var T={}}if(+S.attr("data-mib")===1){window.sSession.nid4log=Q;if(!z&amp;&amp;G){window.location.href=S.attr("href")}else{require("sfr").action.redirect(R,null,T)}U.preventDefault()}O(Q)}).on("click",".rec-item a",function(S){var R=$(this);var Q=R.attr("data-rid");window.sSession.nid4log=Q})}else{o.on("click",".rec-item a, .tpl-video .video-small-inner",function(S){var R=$(this);var Q=R.attr("data-rid");if(+R.attr("data-mib")===1&amp;&amp;B.activity){i(R);window.sSession.nid4log=Q;require(["wiseindex/lib/sf/activityController"],function(T){if(!z&amp;&amp;G){window.location.href=R.attr("href")}else{T.pushState({activity:"wiseindex/tabs/news/activity/newsdetail",state:{linkData:{name:"iframe/mib-iframe",id:"feed",index:0,url:R.attr("href"),title:R.find(".src-net").html()}}})}});S.preventDefault()}O(Q)})}}function i(R){var Q=R.parents(".rec-item");var T=Q.data("itemname");var S="wisetab";if(Q.hasClass("news-item")){S+="NormalNews"}else{if(!!T){switch(T){case"largePic":S+="ImageNews";break;case"video":S+="VideoNews";break;case"ecomAds":S+="EcomAds";break;default:S+="UnKnown";break}}}d.B.fire("tabs/news/activity/newsdetail","receiveData",{sta:S});var U={tid:365,funcSta:"hrefFallEx",sourceSta:S,actionSta:"start"};I.send(U)}function E(){a();setTimeout(n,800)}function M(){o.on("click",".rec-item a, .video-small-inner",function(){$(this).addClass("a-visited")})}function F(){o.on("click","[data-click-grey]",function(){$(this).addClass("rain-a-visited")})}function O(R){try{var Q=sessionStorage.getItem("clickedRids")||"";if(!!R){var U=[];!!Q&amp;&amp;(U=Q.split(","));U.indexOf(R)===-1||(U.splice(U.indexOf(R),1));U.unshift(R);U.length&gt;10&amp;&amp;(U.length=10);var S=U.join();sessionStorage.setItem("clickedRids",S)}}catch(T){}}function K(){d.B.listen("skeleton/tab","insertDom1",function(){n()});d.B.listen("skeleton/tab","getWaterData1",function(S){var R=/data-itemname\=\"(.*?)\"/g;var Q=null;var T=S.data.result.tab.data;while((Q=R.exec(T))){if(!~N.indexOf(Q[1])){N.push(Q[1])}}if(N.length){C.attr("data-waterpara","loadeditems:"+N.join(",")+";")}});d.B.listen("skeleton/tab_manager","scrollEvent1",function(){j(n,800,800)()});d.B.listen("skeleton/tab_manager","switchTab",function(Q){if(Q.toTab===1){}});d.B.listen("skeleton/tab",["preInsertDom"+B.tabId],function(Q){P.find(".s-loading-frame.top").hide();J.tips($("#tab_news_"+B.tabId),"为您推荐"+Q.find(".rec-item").length+"条更新")});d.B.listen("skeleton/tab","preGetWaterFail1",function(Q){if(Q.pos==="top"){$(".s-loading-frame.top").hide();J.tips($("#tab_news_"+B.tabId),"暂时没有更新，休息一下吧")}});d.B.listen("skeleton/tab","afrInsertDom1",function(U){var W=C.attr("data-waterpara")||"";var R="";if(N.length){R="loadeditems:"+N.join(",")+";"}var T=U.result.tab.ext_params;var V="";for(var S in T){if(T.hasOwnProperty(S)){V+=S+":"+T[S]+";"}}var Q=V+R;if(T&amp;&amp;Q!==W){C.attr("data-waterpara",Q)}})}function a(){P.on("click","[data-rid]",function(T){var V=null;var U=this;var S=U.getAttribute("href");var Q={cst:"2",logFrom:"mid_news",logInfo:"a2_l*"};if(S&amp;&amp;U.tagName.toLowerCase()==="a"){T.preventDefault();V=function(){if($(U).attr("data-mib")!=="1"){location.href=S}}}if($(this).hasClass("video-small-inner")){V=function(){if($(U).attr("data-mib")!=="1"){location.href=S}}}var R=false;if($(this).data("logtype")&amp;&amp;(($(this).data("logtype").toString().indexOf("2")&lt;0))){R=true}if(!R){D(this,V,Q)}})}function D(W,Z,R){var X=$(W).data("orilink")||W.getAttribute("href");var Q=$(W).data("log")||$(W).data("elog");var U;var aa=W.getAttribute("data-rid");var Y=W.getAttribute("data-pos");R=R||{};var S=/(.*?):(.*?);/gi;var ab=/(.*?):yc:(.*?);yc;/gi;if(X&amp;&amp;W.tagName.toLowerCase()==="a"&amp;&amp;/\//g.test(X)){R.url=encodeURIComponent(X)}var T=S;if(Q.indexOf(":yc:")!==-1){T=ab}while((U=T.exec(Q))){var V="title,stype,picNum,extra";if(V.indexOf(U[1].trim())!==-1){continue}R[U[1]]=U[2]}h.send(R,Z)}function n(X){var aa=l.find("[data-rid]");var af=null;var ab;var ac=m||[];var Q=$(window).height();var ae=[];var ag;var S=/(.*?):(.*?);/gi;var Z=/(.*?):yc:(.*?);yc;/gi;var U;var ah={};var ai;var R;var T=[];if(!(/#iact=wiseindex/.test(d.location.href))&amp;&amp;!(/#iview=skin/.test(d.location.href))&amp;&amp;!(/feed\/data\/feeddetail/.test(d.location.href))){for(var ad=0;ad&lt;aa.length;ad++){af=aa.eq(ad);ab=af.attr("data-rid");if(af.data("logtype")&amp;&amp;((af.data("logtype").toString().indexOf("1")&lt;0))){continue}if($.inArray(ab,ac)!==-1){continue}if(af.offset().top+af.height()*0.3-$(window).scrollTop()&lt;Q){if(ae.length&gt;2){break}if($.inArray(ab,ac)===-1){R=af.attr("data-pos");ae.push(ab);ac.push(ab);T.push(R)}ag=af.attr("data-log")||af.attr("data-elog");var W=S;if(ag.indexOf(":yc:")!==-1){W=Z}while((U=W.exec(ag))){ai=U[1];var Y="title,stype,picNum,extra";if(Y.indexOf(ai.trim())!==-1){continue}if(ai==="title"){continue}if(!ah[ai]){ah[ai]=[]}ah[ai].push(U[2])}}}if(ae.length!==0){var V={cst:1,logFrom:"mid_news",logInfo:"a2_l*"};$.extend(V,X);for(var ad in ah){V[ad]=ah[ad].join(",")}h.send(V);m=ac}B.fire("tabs/news/index","showLog")}}function j(S,R,Q){var U=null,T=null;return function(){var W=+new Date(),X=this,V=arguments;if(!T){T=W}var Y=W-T;if(Q&amp;&amp;Y&gt;=Q){if(U){clearTimeout(U)}S.apply(X,V);T=W}else{U=setTimeout(function(){S.apply(X,V)},R)}}}function c(R){var T=R,S=null;var Q=function(U){var V=Math.round(U/15);T=T-V;if(T&lt;0){window.clearInterval(S);window.scrollTo(0,0);return false}window.scrollTo(0,T)};S=window.setInterval(function(){Q(R)},20)}return{init:L}});require(["tabs/news/index"],function(a){a.init();window.B.fire("tabs/news/index","cardinited",{cardid:1})})});;</script><script id="index_plus_ls_js_baiduloc" type="text/javascript" class="js_baiduloc">define("lib/baiduloc",function(){var d=30*60*1000;if(/(\d+)$/.test(B.cookie("BAIDULOC"))&amp;&amp;Date.now()-RegExp.$1&lt;=d){return}var a=false;var b=e();B.geolocation.getPosition({onlyFromHTML5:b.html5,onlyFromNative:b["native"],expireTime:d,onSuccess:function(f,g){if(a){return}a=true;if(g.from=="html5"){B.cookie("H5LOC",1,{expires:2*24*60*60*1000,domain:".baidu.com",path:"/"})}},onFail:function(f){if(f&amp;&amp;f.error==4){B.cookie("H5LOC",null)}}});var c=window.navigator.userAgent.toLowerCase();if(c.indexOf("android")!==-1&amp;&amp;c.indexOf("micromessenger")!==-1){return}function e(){var f=$("#commonBase").attr("data-gps")||"";var g={html5:false,"native":false};if(f.length&amp;&amp;f!=="all"){g[f]=true}return g}});require(["lib/baiduloc"]);</script><script id="index_plus_ls_js_callbaiduapp_android" type="text/javascript" class="js_callbaiduapp_android">define("lib/callbaiduapp_android",function(){(function(){var s=window.B||{};var t=s.app||(s.app={});var v=navigator.userAgent;var e=v.match(/OS (\d+)_(\d+)_?(\d+)?/);var k=/iP(ad|hone|od)/i.test(v);var h=k&amp;&amp;e&amp;&amp;e[1]&gt;=9;var f=/MicroMessenger/i.test(v);var n=function(){if(window.OpenBox){return}var x=document.createElement("script");x.src="//s.bdstatic.com/common/openjs/openBox.js?_v="+Math.floor((new Date()).getTime()/(1000*60*60));$("head").append(x);var x=document.createElement("script")};var a;n();t.log=function(A,y,x,z){if(typeof x==="function"){z=x;x={}}s.log.send($.extend({ct:3,cst:2,clk_from:A,clk_info:y},x),z)};var l={product:"baiduBoxMode"};var i={buildScheme:function(x){var y=this;var z=y.getSource();return x+"&amp;needlog=1&amp;logargs="+encodeURIComponent(JSON.stringify(h?{from:z}:{source:z}))},getSource:function(){var y=this;var x=["invokeBdBox_"+l.product,y.getUserBdid(),y.getOs()+"_"+y.getOsVersion(),y.getBrowser()];return x.join(",")},getOs:function(){return $.os.ios?"iOS":"android"},getOsVersion:function(){return $.os.version.split(".")[0]},getBrowser:function(){var y="";var x={UCBrowser:"UCBrowser",QQBrowser:"QQBrowser",baidubrowser:"baidubrowser",SogouMobileBrowser:"SogouMobileBrowser"};var z={CriOS:"Chrome",OPiOS:"OPRBrowser","":"Safari"};var A={OPR:"OPRBrowser",MiuiBrowser:"MiuiBrowser",HUAWEI:"HUAWEIBrowser","360 Aphone Browser":"360AphoneBrowser","":"origin"};$.each(x,function(C,B){if(v.indexOf(C)!==-1){y=B;return false}});if(!y){if($.os.ios){$.each(z,function(B,C){if(v.indexOf(B)!==-1){y=C;return false}})}else{$.each(A,function(B,C){if(v.indexOf(B)!==-1){y=C;return false}})}}return y},getUserBdid:function(){var x=document.cookie.split(";");var y="";$.each(x,function(A,B){if(B.split("=")[0].trim()==="BAIDUID"){var z=B.split("=")[1]+"";y=z.substr(z.Length-1).split(":")[0]}});return y}};t.addSource=function(x){return i.buildScheme(x)};var g=$('[data-formposition="i"]');g.find(".se-input").on("focus",function(){$(this).closest(".se-form").addClass("focus")}).end().find(".baiduapp-icon").on("click",function(){var x=$(this).closest(".callicon-wrap").toggleClass("open");var y=$(this).closest(".se-form").data("formposition");t.log(y,x.hasClass("open")?1:2);return false});var b;var w;var r;var p;var d=8*1024*1024;var j=g.find(".call.qrcode");function o(){b=$("#ts-image-uploader");setTimeout(function(){b.css({display:"block",position:"absolute",top:0,left:0,fontSize:"80px",zIndex:100,opacity:0,overflow:"hidden",width:"52px",height:"39px"})});w=document.createElement("div");w.style.cssText="width:40%; background:#000; opacity:0.7;height:110px;border-radius:5px; position:fixed; top:40%; left:30%; z-index:999999;";r=document.createElement("div");r.style.cssText="margin-top:20px; display:inline-block;height:40px; width:40px;background:url(//m.baidu.com/static/search/loading.gif) no-repeat; background-size:40px 40px";p=document.createElement("div");p.style.cssText="text-align:center; font-size:14px; color:#fff; margin-top:10px";p.innerHTML="图片识别中...";w.appendChild(r);w.appendChild(p);b.off("change click");b.one("change",function(){var y=b[0].files[0];if(y.size&amp;&amp;y.size&gt;d){q("图片过大",2000);b.after(b.clone().val(""));b.remove();o();return false}var x=new FormData();x.append("image",y);x.append("tn","wise");document.body.appendChild(w);var z=new XMLHttpRequest();z.abort();z.addEventListener("load",u,false);z.addEventListener("error",m,false);z.open("POST","https://graph.baidu.com/upload");z.send(x)});b.on("click",function(x){j.trigger("click")})}function u(x){document.body.removeChild(w);var y=JSON.parse(x.target.responseText);var z="https://graph.baidu.com";b.after(b.clone().val(""));b.remove();o();if(y.status===0){setTimeout(function(){var A=y.data.url;if(A.indexOf("http")===0){window.location.href=A}else{window.location.href=z+A}},10)}else{q("图片搜索失败",2000)}}function m(x){document.body.removeChild(w);q("上传图片失败",2000);b.after(b.clone().val(""));b.remove();o()}function q(z,y){y=isNaN(y)?3000:y;var x=document.createElement("div");x.innerHTML=z;x.style.cssText="width:60%; min-width:150px; background:#000; opacity:0.7; height:40px; color:#fff; line-height:40px;text-align:center; border-radius:5px; position:fixed; top:40%; left:20%; z-index:999999;";document.body.appendChild(x);setTimeout(function(){var A=0.5;x.style.webkitTransition="-webkit-transform "+A+"s ease-in, opacity "+A+"s ease-in";x.style.opacity="0";setTimeout(function(){document.body.removeChild(x)},A*1000)},y)}o();var c=$('[data-formposition="i"]').find(".call").on("click",function(y){if(c.data("lock")===1){return}var x="voice";var z=$(this).closest(".se-form").data("formposition");if($(this).hasClass("qrcode")){x="qrcode"}t.log(z,x==="qrcode"?3:4);if(x==="qrcode"){return}c.data("lock",1);s.app.invoke(x).always(function(){c.data("lock",null)}).done(function(A){if(window.OpenBox){if(!a){a=window.OpenBox()}a.open({showTip:false,from:x==="qrcode"?"":"neibu_shouye_yuyinsousuo",channel:x==="qrcode"?"1001608m":"1001608l",iosScheme:A,androidCommand:{mode:"0",minver:"6.9.1",intent:A},failCallback:function(){if(x!=="qrcode"){s.app.downloadPannel(x).done(function(){t.log(z,x==="qrcode"?5:6)});t.log(z,9,{clk_extra:x==="qrcode"?1:2})}}})}}).fail(function(){if(x!=="qrcode"){s.app.downloadPannel(x).done(function(){t.log(z,x==="qrcode"?5:6)});t.log(z,9,{clk_extra:x==="qrcode"?1:2})}});return false})})();;var b=window.B||(window.B={});var c=b.app||(b.app={});var f=Box.moplus();var h=$("#commonBase");var d=c.log;var g=0;Date.prototype.format=function(n){var p={"M+":this.getMonth()+1,"d+":this.getDate(),"h+":this.getHours(),"m+":this.getMinutes(),"s+":this.getSeconds(),"q+":Math.floor((this.getMonth()+3)/3),S:this.getMilliseconds()};if(/(y+)/.test(n)){n=n.replace(RegExp.$1,(this.getFullYear()+"").substr(4-RegExp.$1.length))}for(var m in p){if(new RegExp("("+m+")").test(n)){n=n.replace(RegExp.$1,RegExp.$1.length==1?p[m]:("00"+p[m]).substr((""+p[m]).length))}}return n};var e=(new Date()).format("yyyy-MM-dd");c.log=function(p,n,m,o){if(typeof m==="function"){o=m;m={t_mop:g}}else{if(typeof m==="object"){m.t_mop=g}else{m={t_mop:g}}}d.call(c,p,n,m,o)};c.sendSchema=function(u,w,p){var m="";var r=h.data("browserid");var v=[r,h.data("browserversion")].join("|");if(u==="qrcode"){var o=["#Intent","launchFlags=0x20000","component=com.baidu.searchbox/.CodeScannerActivity","S.referer="+encodeURIComponent(location.href),"S.source_app="+encodeURIComponent(v),"end"].join(";");m=["#Intent;action=com.baidu.searchbox.plugin.action.INVOKE","S.package_name=com.baidu.searchbox.godeye","S.method_name=imageSearch","S.params="+JSON.stringify({intent:o}),"end"].join(";")}else{if(u==="voice"){m=["intent:#Intent","package=com.baidu.searchbox","action=com.baidu.searchbox.action.VOICESEARCH","category=android.intent.category.DEFAULT","S.search_source=api_mbaiducom_voice","end"].join(";")}else{if(u==="index"){var n="电视剧";var s=["2016-03-24","2016-03-25","2016-03-26","2016-03-27"];if(s.indexOf(e)&gt;-1){n="综艺"}m=["intent:#Intent","package=com.baidu.searchbox","action=com.baidu.searchbox.action.SEARCH","category=android.intent.category.DEFAULT","S.key_value="+n,"end"].join(";")}else{}}}return m;var q={intent:m,mcmdf:"inapp_boxserver"};var t="baiduboxapp://utils?action=sendIntent&amp;minver=6.9.1&amp;params="+encodeURIComponent(JSON.stringify(q));t=c.addSource(t);a(t,w,p)};c.getVersion=function(){var m=$.Deferred();f.getHVersion(function(n){if(n&amp;&amp;n.version&amp;&amp;n.name.indexOf("com.baidu.searchbox")&gt;-1){m.resolve(n.version)}else{m.reject()}});return m.promise()};c.invoke=function(o){if(["qrcode","voice","index","#Intent;"].indexOf(o)===-1){return}var p=$.Deferred();var n=$.Deferred();if(/^#Intent;/.test(o)){setTimeout(p.resolve,0)}else{c.getVersion().done(function(q){if(parseFloat(q)&lt;4){p.reject()}else{p.resolve(q)}}).fail(p.reject)}p.done(function(q){var r=l(o,q);if(g===0&amp;&amp;parseFloat(q)&lt;=6.4){g=1}else{g=2}b.log.send({ct:0,cst:0,t_mops:g});n.resolve(r)}).fail(function(){n.resolve(c.sendSchema(o))});b.log.send({ct:0,cst:0,t_mops:g});return n.promise();if(o=="index"){return n.promise()}else{var m=$.Deferred();n.done(m.resolve).fail(function(){var q=k();q.done(m.resolve).fail(m.reject)});return m.promise()}};function j(r,q){if(r===q){return 0}var o=r.split(".");var p=q.split(".");var m=Math.max(o.length,p.length);for(var n=0;n&lt;m;n++){o[n]="undefined"===typeof o[n]?0:parseInt(o[n],10);p[n]="undefined"===typeof p[n]?0:parseInt(p[n],10);if(o[n]&gt;p[n]){return 1}if(o[n]&lt;p[n]){return -1}}return 0}c.downloadPannel=function(o){var m=$.Deferred();var q="让您不用打字，说话就能搜索";var p="https://downpack.baidu.com/baidusearch_AndroidPhone_1001608l.apk";if(o==="qrcode"){q="让您扫一扫二维码/条形码就能搜索";p="https://downpack.baidu.com/baidusearch_AndroidPhone_1001608m.apk"}var n={popup:'&lt;div id="J_SpeakerPopup" style="width: 290px; height: auto; background-color: white; position:fixed; top:50%; left:50%;margin-top:-100px; margin-left:-145px; z-index:99; text-align:left; -webkit-border-radius: 2px; "&gt;&lt;div style=" color:#262626; font-size: 15px; line-height: normal; font-family: bold; padding: 20px 0px 7px 16px; "&gt;即将为您下载手机百度&lt;/div&gt;&lt;div style="font-size: 15px; padding:0px 16px 10px; color:#2A8DE8;"&gt;'+q+'&lt;/div&gt;&lt;div style="margin-top:4px;font-size:13px;padding:0px 16px 22px;height: 30px;line-height:29px;"&gt;&lt;a id="J_SpeakerDownload" data-href="'+p+'"style="display:inline-block;text-decoration: none;width:148px;background-color:#9AC4FF;border:1px solid #7da9f2; color:#fff; text-align: center;box-sizing: border-box; "&gt;&lt;span style="display:inline-block;vertical-align:middle;margin-right:5px;width:11px;height:16px;background-repeat:no-repeat;background-image:url(data:image/png;base64,iVBORw0KGgoAAAANSUhEUgAAABYAAAAaCAYAAACzdqxAAAAAGXRFWHRTb2Z0d2FyZQBBZG9iZSBJbWFnZVJlYWR5ccllPAAAANlJREFUeNpi/P//PwNNAMhgAvjwf0xwmJA+RgIu5gfiDzjkBID4Iy6NowaPGow9HVf/pz5YAXKxFtD8Y1DXUQN8AWJnWE6xBOJvVHDpTyB2AgcvUjb0hkqQC/4AcQjMPPQ8HkWBwWnIZmErQDLJMLQC3RxcpVMjCYb2YjMDX9E3jQhDl+LST6gsXorH0I1AzEyuwWxAvAWLoQeAmBOfXmJqEJABJ5EMvQTE/JTWIMhlxgEg5gRiWyB+TUgDIwmVKchQZmiWZaCmwSQBkMH/h5zB36DhR1UAEGAAJuqUH+G98EYAAAAASUVORK5CYII=);background-size:11px 11px;-webkit-background-size:11px 11px;"&gt;&lt;/span&gt;&lt;span&gt;立即下载&lt;/span&gt;&lt;/a&gt;&lt;a class="J_SpeakerCancel" href="javascript:void(0)" style="display: inline-block;text-decoration: none; color: rgb(136, 136, 136); text-align: center; "&gt;&lt;span style="display:inline-block;padding-left:14px;"&gt;以后再说&lt;/span&gt;&lt;span style="display:inline-block;width:7px;height:10px;margin-left:5px;background-repeat:no-repeat;background-image:url(data:image/png;base64,iVBORw0KGgoAAAANSUhEUgAAAA4AAAAUCAYAAAC9BQwsAAAAGXRFWHRTb2Z0d2FyZQBBZG9iZSBJbWFnZVJlYWR5ccllPAAAASJJREFUeNpi/P//PwM5gAVE3Lx5E0QxAvE8IN4IxBvwaVJXV2dggrJBmqYDcQIQrwRid0I2wjT2AHE6lM0GxOuA2J4YjR/RxLmAeBMQmxPS2ATE7WhyfEC8A4j18WkEgSog7keTFwDi3UCsiU8jCBQD8TQ0MVEg3gXEKvg0giI1BxotyEAGarMMLo0wzWlAvARNXAGI9wGxGC6NIPAXiLOA+AOauCo0nnFqBMXlGmjgIANQtJXj0sgKxKuA2A1N/BsQ+wLxKWwamYF4ERD7o4n/AuIAID6MLXBA6XUWEEdg0RQKDVWs0TERiJOwBFI8NPlhTQCtQJyLI1pW4Etyj6EKkUE+loSAoXEGVCFMcyUQTyZYAkDBZGioCgNxB6GMDBBgACgnNUyMEDKwAAAAAElFTkSuQmCC);background-size: 7px 10px;-webkit-background-size:7px 10px;"&gt;&lt;/span&gt;&lt;/a&gt;&lt;/div&gt;&lt;div class="J_SpeakerCancel" style="position:absolute;right:0px;top:0px;width:50px;height:50px;background-image:url(data:image/png;base64,iVBORw0KGgoAAAANSUhEUgAAAB4AAAAeCAYAAAA7MK6iAAAAGXRFWHRTb2Z0d2FyZQBBZG9iZSBJbWFnZVJlYWR5ccllPAAAASVJREFUeNrE17EKgzAQBmB79CGcAk4+RaGLfYxOvpTg1Meoi9CnyCQ4+RKFRrhICEbvLgcN3GCT/F+HeMFL13XFPwZEz6WrtyujaBjMLFPwOjG6alx9lHCDWQ1mlzHs0TraYBRQn1GHuIdfAVoo4Km9NVob3LqaGQEStECjDeH1h5sCfoZuBqQmBDgZ3XudpDgL3YMlOBtNwRxchB7BVHyUoGcwBa8kKAUmB3HXArEpUAI5f5AM+/EVzolhgwepOlhTcdorKKHs9grEoNTpFfd2yOi995zeDhnolHOxgLDhT7kXC+TeMlIcFFARDkooG/dwr4BS8T6En66sAnq216K1wQu+IlYBTeEWjSU+XB4fFNAYH0J0Hddo4TrxUP4+m/cyfwIMAIRDjD+sLrvPAAAAAElFTkSuQmCC);background-size:15px 15px;-webkit-background-size:15px 15px;background-repeat:no-repeat;background-position:26px 10px"&gt;&lt;/div&gt;&lt;/div&gt;',mask:$('&lt;div id="J_SpeakerMask"&gt;&lt;/div&gt;').css({width:"100%",height:$(window).height()+300,background:"rgba(0, 0, 0, 0.3)",position:"fixed",zIndex:90,top:0,left:0})};$(n.mask).append(n.popup).appendTo("body");$(".J_SpeakerCancel, #J_SpeakerDownload").one("click",function(s){$("#J_SpeakerPopup, #J_SpeakerMask").remove();if(this.id==="J_SpeakerDownload"){var r=$(this).data("href");m.resolve();setTimeout(function(){location.href=r},500)}else{m.reject()}return false});return m.promise()};function a(o,q,m){var p=$("&lt;iframe&gt;").css("display","none").attr("src",o);$(document.body).append(p);var n=+new Date;setTimeout(function(){p.remove();if(+new Date-n&lt;500){m()}else{q()}},300)}function i(o,r,m){var q=h.data("browserid");var n=[q,h.data("browserversion")].join("|");var p="";if([9,11].indexOf(q)===-1&amp;&amp;!(/sogou/i.test(navigator.userAgent)&amp;&amp;q===3)){return m()}if(o==="qrcode"){p=["intent:#Intent","package=com.baidu.searchbox","action=com.baidu.searchbox.action.QRCODE","category=android.intent.category.DEFAULT","S.source_app="+encodeURIComponent(n),"S.referer="+encodeURIComponent(location.href),"launchFlags=0x10000000","end"].join(";")}else{if(o==="voice"){p=["intent:#Intent","package=com.baidu.searchbox","action=com.baidu.searchbox.action.VOICESEARCH","category=android.intent.category.DEFAULT","S.search_source=api_mbaiducom_voice","S.source_app="+encodeURIComponent(n),"S.referer="+encodeURIComponent(location.href),"end"].join(";")}else{return m()}}return p;a(p,r,m)}function l(q,n){var p=[h.data("browserid"),h.data("browserversion")].join("|");var r="";if(/^#Intent;/.test(q)){r=q}else{switch(q){case"voice":if(j(n,"6.0")&lt;0){r=["#Intent;action=com.baidu.searchbox.action.VOICESEARCH","package=com.baidu.searchbox","category=android.intent.category.DEFAULT","S.search_source=api_mbaiducom_voice","S.source_app="+encodeURIComponent(p),"S.referer="+encodeURIComponent(location.href),"end"].join(";")}else{var s={actionSource:"wiseMic",inNewWindow:0,source_app:encodeURIComponent(p),referer:encodeURIComponent(location.href)};r=["#Intent;action=com.baidu.searchbox.plugin.action.INVOKE","S.package_name=com.baidu.speechbundle","S.method_name=voiceSearch","S.params="+JSON.stringify(s),"end"].join(";")}break;case"qrcode":if(j(n,"5.3")&gt;0){r=["widgetid://com.baidu.searchbox/-1#Intent","package=com.baidu.searchbox","action=com.baidu.searchbox.action.SEARCHCOMBINE_BARCODE","category=android.intent.category.DEFAULT","S.from=1","S.source_app="+encodeURIComponent(p),"S.referer="+encodeURIComponent(location.href),"launchFlags=0x10000000","end"].join(";")}else{r=["widgetid://com.baidu.searchbox/-1#Intent","package=com.baidu.searchbox","action=com.baidu.searchbox.action.QUICKSEARCH_BARCODE","category=android.intent.category.DEFAULT","S.source_app="+encodeURIComponent(p),"S.referer"+encodeURIComponent(location.href),"launchFlags=0x10000000","end"].join(";")}break;case"index":var o="电视剧";var m=["2016-03-24","2016-03-25","2016-03-26","2016-03-27"];if(m.indexOf(e)&gt;-1){o="综艺"}r=["#Intent;scheme=web","action=com.baidu.searchbox.action.SEARCH","category=android.intent.category.DEFAULT","S.key_value="+o,"end"].join(";");break}}return r}function k(){var p="http://127.0.0.1:40310/getpackageinfo?callback=jsonp&amp;packagename=com.baidu.appsearch&amp;mcmdf=inapp_baiduappsearch";var n="#Intent;action=com.baidu.appsearch.extinvoker.LAUNCH;S.id=com.baidu.searchbox;S.backop=0;S.func=14;B.confirm=false;S.url=http://downpack.baidu.com/baidusearch_AndroidPhone_1010750s.apk;B.downloadapp=true;S.packagename=com.baidu.searchbox;S.filename=手机百度;end";var m="http://127.0.0.1:40310/sendintent?callback=jsonp&amp;mcmdf=inapp_wiselocation&amp;intent="+encodeURIComponent(n);var r=$.ajax({url:p,dataType:"jsonp",timeout:1500});var s=$.Deferred();var q=$.Deferred();r.done(function(v){if(v&amp;&amp;v.error===0){var t=0;for(var u=0;u&lt;v.package_infos.length;u++){var w=v.package_infos[u];if(w.package_name.indexOf("com.baidu.appsearch")&gt;-1&amp;&amp;parseInt(w.version_code,10)&gt;=16785170){t=1;break}}if(t){s.resolve()}}else{s.reject()}}).fail(s.reject);var o=["bdbrowserinvoke://baidu.com?receiver=NpwUNN4SwztMCEjgf5AKzxquSJsdB","action=9pFFju4uAJsdB","username=fpxCoJsUB","packagename=NpwUNN4SwztMCxoTI5EAqCluqJsdB","downloadUrl=9rFIYquOSk_8iV8a04myY95HAz9BhAoQ94F8NNppmk_M8AzQ94x9jNyoxokdNH6lI5me6I96m6kn4L8Dgavj8_uoFNu7LLsGC","iconurl=9rFIYquOSk_8iV8alJXrzNJ1Ajoz4m6U6aSsjfy_x6NfM2usf4EzjIJQAqiFM2aeIJE7jkJgAk_y8x6uNpEYqN42Ak_Y8AzQ94Ftqk44wNAX5BsGC","confirm=AJsiB","downloadapp=mJsiB","appname=q8vJkjO_VtlgRH8rqOSCkli_eaghRBfj6iSTklutVulTRHilA"].join("&amp;");s.done(function(){var v="#Intent;action=com.baidu.searchbox.plugin.action.INVOKE;S.method_name=;S.package_name=com.baidu.appsearch;S.params=;end";var u=$.Deferred();f.sendIntent(v,function(w){if(w&amp;&amp;w.error===0){u.resolve()}else{u.reject()}},1000);var t=$.Deferred();u.fail(function(){var x={intent:v,source:"search-open",mcmdf:"33",needlog:0};var w="baiduboxapp://util?action=sendIntent&amp;params="+encodeURIComponent(JSON.stringify(x))+"&amp;minver=6.9";a(w,t.resolve,t.reject)}).done(q.resolve);t.fail(function(){var w=$.ajax({url:m,dataType:"jsonp",timeout:1500});w.fail(function(){a(o,q.resolve,q.reject)}).done(q.resolve)}).done(q.resolve)}).fail(function(){a(o,q.resolve,q.reject)});return q.promise()}c.assistant=k});require(["lib/callbaiduapp_android"]);</script><script>/*https域名转换工具*/B.https = B.https || {};B.https.domain = (function(){var list = {"fclick.baidu.com":"https://sp0.baidu.com/-rU_dTmfKgQFm2e88IuM_a","sestat.baidu.com":"https://sp1.baidu.com/5b1ZeDe5KgQFm2e88IuM_a","image.baidu.com":"https://sp1.baidu.com/70cHazva2gU2pMbgoY3K","aladdin.wapmap.baidu.com":"https://sp2.baidu.com/90gHaDqh_cgXo1ufo-zN2TxrfQVwcu8e","map.baidu.com":"https://sp1.baidu.com/80MWsjip0QIZ8tyhnq","res.iciba.com":"https://ss3.bdstatic.com/5r1Zsj3n0QQF8tyhnq","snap0.map.bdimg.com":"https://ss0.bdstatic.com/5boHfGba_QUU8t7mm9GUKT-xh_","t10.baidu.com":"https://ss0.baidu.com/6ONWsjip0QIZ8tyhnq","t11.baidu.com":"https://ss1.baidu.com/6ONXsjip0QIZ8tyhnq","t12.baidu.com":"https://ss2.baidu.com/6ONYsjip0QIZ8tyhnq","online0.map.bdimg.com":"https://ss0.bdstatic.com/8bo_dTSlR1gBo1vgoIiO_jowehsv","sensearch.baidu.com":"https://sp1.baidu.com/5b11fzupBgM18t7jm9iCKT-xh_","api.open.baidu.com":"https://sp0.baidu.com/9_Q4sjW91Qh3otqbppnN2DJv","opendata.baidu.com":"https://sp0.baidu.com/8aQDcjqpAAV3otqbppnN2DJv"};    var get = function(url) {var reg = /^(http[s]?:\/\/)?([^\/]+)(.*)/,matches = url.match(reg);/*判断传入参数是域名还是地址，分别做处理*/url = list.hasOwnProperty(matches[2])&amp;&amp;(list[matches[2]] + matches[3]) || url;return url;},set = function(kdomain,vdomain) {list[kdomain] = vdomain;};return {get : get,set : set}})();</script><script data-version="globalBjs_f491cfe" data-key="globalBjs" class="code-to-write">!function(){function e(e,t){var n=e+":",r=document.createElement("test"),i=r.style;return i.cssText=n+t,-1!==i[e].indexOf(t)}if(!e("display","-webkit-flex")||/MQQBrowser/i.test(navigator.userAgent)&amp;&amp;/android/i.test(navigator.userAgent)){var t=".c-flexbox .c-img, .c-row .c-img{-webkit-background-clip:padding-box;background-clip:padding-box;border-top:4px solid transparent;border-bottom:4px solid transparent;}";$("head").append("&lt;style&gt;"+t+"&lt;/style&gt;")}}(),Zepto(function(e){e.fn.imageDelayload=function(){var t=e(this).filter("[data-imagedelaysrc]").add(e(this).find("[data-imagedelaysrc]"));return t.each(function(){this.src=this.getAttribute("data-imagedelaysrc"),this.removeAttribute("data-imagedelaysrc"),this.onload=function(){var t=e(this).closest(".c-img");t.length&amp;&amp;t.css({background:"none"})}})},e("img[data-imagedelaysrc]").not('[data-imageinvisible="1"]').imageDelayload()}),define("log/link-base",["require"],function(){var e=function(){var e=this;e._init()};return $.extend(e.prototype,{_init:function(){var e=this;e.origin=location.origin},_buildParamsString:function(e,t,n){var r="";return $.each(e,function(e,n){r+=t+e+"="+n}),n?r:r.substring(1)},_buildShareTcUrl:function(e,t){var n,r,i,o=this,a=["order","fm","laid","appui","srd","asres","dict","sec","di","bdenc","nsrc","src"],s=[];if(!/^.+\/(tc\?).+/.test(e))return e;n=e.match(/^\w+:\/\/([^\/]+)/),null!=n&amp;&amp;(n=n[0],r=e.match(/l=\w/),null!=r&amp;&amp;(n+="/"+r),n+="/tc?",i=e.split("tc?")[1].split("&amp;"),$.each(i,function(e,t){-1!=a.indexOf(t.split("=")[0])&amp;&amp;s.push(t)}),e=n+s.join("&amp;"));var c=o._buildParamsString(t,"&amp;",!0);return e+=c},getJumpLinkUrl:function(e){var t=this,n="/tc?",r="http://m.baidu.com",i={lid:page.comm.lid,ref:page.comm.ref,w_qd:page.comm.w_qd},o=["nsrc","nt","sto","tj","waplogo","ref","lid","fm","order","dict","src","di","sec","clk_info","l","vipsign","module"];if(e){$.each(o,function(t,n){if(e[n]){var r=e[n];i[n]=encodeURIComponent("object"==typeof r?JSON.stringify(r):r)}});var a={from:page.comm.from||0,ssid:page.comm.ssid||0,uid:page.comm.uid||0,bd_page_type:page.comm.bd_page_type||0,pu:page.comm.pu||0,baiduid:page.comm.baiduid||0,w:page.comm.pn+"_"+page.comm.rn+"_",t:page.comm.abct||0,l:1};return r+=t._buildParamsString(a,"/",!0),r+=n,r+=t._buildParamsString(i,"&amp;",!1)}},getSearchUrl:function(e,t){var n=page.comm.prepath,r="/s?word="+encodeURIComponent(e)+"&amp;"+n.replace(/#/g,"&amp;");r+="&amp;rqid="+page.comm.lid;for(var i in t){var o=t[i];r+="&amp;"+i+"="+o}return r},_getComponentUrl:function(e,t){var n=this;if(!e||"[object Object]"!=Object.prototype.toString.call(e)||!e.url)return"";var r=e.loginfo||{};return t=t||{},"[object Object]"==Object.prototype.toString.call(r)&amp;&amp;(t=$.extend(!0,t,r)),n._buildShareTcUrl(e.url,t)},getShareTcUrl:function(e){var t=this,n={ct:42,cst:0};return t._getComponentUrl(e,n)},getCollectTcUrl:function(e){var t=this,n={ct:43,cst:2};return t._getComponentUrl(e,n)},getSfUrl:function(e){var t=page.comm;return-1==e.search("&amp;word=")&amp;&amp;(e+="&amp;word="+encodeURIComponent(t.query)),-1==e.search("&amp;title=")&amp;&amp;(e+="&amp;title="+encodeURIComponent(t.query)),e.replace(/^https?:\/\/m.baidu.com/,"")+"&amp;lid="+t.lid+"&amp;ms=1"+(t.applid?"&amp;referlid="+t.applid:"")}}),e}),function(){require(["log/link-base"],function(e){page.utils=page.utils||{};var t=new e;page.utils.link=t,page.utils.buildSearchUrl=page.utils.link.getSearchUrl})}(),define("log/tclog",["require"],function(){function e(e,n){var r={tcreq4log:"1&amp;"+page.comm.prepath.replace(/#/g,"&amp;"),ct:0,cst:0,ref:page.comm.ref,lid:page.comm.lid,w:page.comm.pn+"_"+page.comm.rn+"_"+encodeURIComponent(page.comm.query)};page.comm.sid&amp;&amp;(r.sid=page.comm.sid),$.extend(r,e),t("//m.baidu.com/tc",r,n)}function t(e,t,n){var r=Date.now(),i=window[r]=new Image,o="",a=null;i.onload=i.onerror=i.onabort=function(){window[r]=null,a&amp;&amp;(clearTimeout(a),a=null,n())},t=t||{},t.r=r;for(var s in t)t.hasOwnProperty(s)&amp;&amp;(o+="&amp;"+s+"="+t[s]);i.src=e+"?"+o.slice(1),"function"==typeof n&amp;&amp;(a=setTimeout(function(){a=null,n()},500))}function n(e){function n(){var t=this;$.extend(t,e,{pagetype:e.pagetype,actiontype:e.actiontype,timing:0,ta_net:e.ta_net,taspeed:e.taspeed}),-1!=t.pagetype.indexOf("ajax")&amp;&amp;(t.actionstatus=0)}return n.prototype.start=function(){var e=this;return e.timing=(new Date).getTime(),e},n.prototype.stop=function(){var e=this;return e.timing=(new Date).getTime()-e.timing,e},n.prototype.setStatus=function(e){var t=this;return t.actionstatus=e,t},n.prototype.send=function(e){var n=this;return _u=e?e:"http://111.13.12.43/static/tj.gif",t(_u,n),n},new n(e)}return{send:e,spSta:n}}),require(["log/tclog"],function(e){var t=window.page||(window.page={});t.log=e}),define("base/hash/hash_lib",["require"],function(){function e(e){return $.extend({},e)}function t(){var e=location.href.match(/#(.*)$/),t=e?e[0]:"";return 0===t.indexOf("#%7C")&amp;&amp;(t=t.replace(/%7C/g,"|")),t}function n(){var e=t().replace(/^#*/g,""),n=e.split(/\|+/),r={};return n.forEach(function(e){var t=e.match(/([^=]+)(?:=(.*))?/);t&amp;&amp;(r[t[1]]=decodeURIComponent(t[2]||""))}),r}function r(e){var t=[];for(var n in e){var r=e[n];t.push(""===r?n:n+"="+encodeURIComponent(r))}return"#|"+t.join("|")}function i(e,t){var n=[],r=u(e),i=u(t);return i.forEach(function(r){var i=t[r];if(r in e){var o=e[r];o!==i&amp;&amp;n.push({type:"modified",key:r,oldValue:o,newValue:i})}else n.push({type:"added",key:r,oldValue:null,newValue:i})}),r.forEach(function(r){var i=e[r];r in t||n.push({type:"removed",key:r,oldValue:i,newValue:null})}),n}function o(){var t=n();if(!l.mute){var r=i(d,t);r.forEach(function(e){f.trigger("change:"+e.key,[e.type,e.oldValue,e.newValue])}),r.length&gt;0&amp;&amp;f.trigger("change",[e(d),e(t),r])}d=t}function a(){$(window).on("hashchange",o)}function s(){$(window).off("hashchange",o)}function c(e,t){var n=r(e);l.mute=!!t,s(),location.hash=n,o(),setTimeout(a,0),l.mute=!1}var u=Object.getOwnPropertyNames,l={mute:!0},d={},f=$("&lt;div &gt;&lt;/div&gt;");return"on off one".split(" ").forEach(function(e){l[e]=function(t,n){f[e](t,n)}}),l.get=function(t){return 0===arguments.length?e(d):t in d?d[t]:null},l.set=function(e,t,r){var i=n(),o={};o[e]=t,1==arguments.length?o=e:2==arguments.length&amp;&amp;"boolean"==typeof t&amp;&amp;(o=e,r=t),$.extend(i,o),c(i,r)},l.remove=function(e,t){var r=n();e in r&amp;&amp;(delete r[e],c(r,t))},d=n(),a(),l.mute=!1,l}),require(["base/hash/hash_lib"],function(e){page.hash=e}),define("utils/cookie",["require"],function(){return{cookie:function(e,t,n){var r,i,o,a;return 0==arguments.length?document.cookie:arguments.length&gt;1&amp;&amp;"[object Object]"!==String(t)?(n=n||{},(null===t||void 0===t)&amp;&amp;(n.expires=-1),"number"==typeof n.expires&amp;&amp;(r=n.expires,i=n.expires=new Date,i.setTime(i.getTime()+r)),t=String(t),document.cookie=[encodeURIComponent(e),"=",n.raw?t:encodeURIComponent(t),n.expires?"; expires="+n.expires.toUTCString():"",n.path?"; path="+n.path:"",n.domain?"; domain="+n.domain:"",n.secure?"; secure":""].join("")):(n=t||{},a=n.raw?function(e){return e}:decodeURIComponent,(o=new RegExp("(?:^|; )"+encodeURIComponent(e)+"=([^;]*)").exec(document.cookie))?a(o[1]):null)}}}),require(["utils/cookie"],function(e){page.utils=page.utils||{},page.utils.cookie=e.cookie,B.cookie=e.cookie}),define("utils/storage",["require"],function(){var e=function(e){var t={};try{window[e].setItem("_t",1),window[e].removeItem("_t"),t.enabled=!0}catch(n){t.enabled=!1}if(!t.enabled)return t.getObj=t.getObjItem=t.setObj=t.setObjItem=t.getItem=t.get=t.key=function(){return null},t.updateObj=t.updateObjItem=t.setItem=t.set=t.removeItem=t.remove=t.clear=function(){},t.length=function(){return 0},t.keys=function(){return[]},t;var r=window[e];return t.getItem=function(e){return r.getItem(e)},t.setItem=function(e,t){r.setItem(e,t)},t.removeItem=function(e){r.removeItem(e)},t.getObjItem=function(e,t){var n=this.getItem(e),r=null;try{r=JSON.parse(n),t&amp;&amp;(r=r[t])}catch(i){}finally{void 0===r&amp;&amp;(r=null)}return r},t.setObjItem=function(e,t){this.setItem(e,JSON.stringify(t))},t.updateObjItem=function(e,t,n){var r=this.getObjItem(e);r[t]=n,this.setObjItem(e,r)},t.get=function(e,n,r){var i=[e,n,r].join("_");return t.getItem(i)},t.set=function(e,n,r,i){var o=[e,n,r].join("_");t.setItem(o,i)},t.remove=function(e,n,r){var i=[e,n,r].join("_");t.removeItem(i)},t.getObj=function(e,t,n,r){var i=[e,t,n].join("_");return this.getObjItem(i,r)},t.setObj=function(e,t,n,r){this.setObjItem([e,t,n].join("_"),r)},t.updateObj=function(e,t,n,r,i){this.updateObjItem([e,t,n].join("_"),r,i)},t.keys=function(e,t){var n,i=!1;2==arguments.length&amp;&amp;(n=[e,t].join("_"),i=new RegExp("^"+n));for(var o=[],a=0,s=r.length;s&gt;a;++a)n=r.key(a),(!i||n.match(i))&amp;&amp;o.push(n);return o},t.clear=function(){r.clear()},t.length=function(){return r.length},t.key=function(e){return r.key(e)},t};return{ls:e("localStorage"),ss:e("sessionStorage")}}),require(["utils/storage"],function(e){page.utils=page.utils||{},page.utils.ls=e.ls,page.utils.ss=e.ss,B.ls=e.ls,B.ss=e.ss}),define("utils/event_emitter",["require"],function(){function e(){this.events={}}function t(e){s[e]=1}function n(){s={}}function r(e,t){a[t]||(a[t]=[]),a[t].push(e)}function i(){return this.data={},this.listeners={},this.length=0,this}var o=e.prototype,a={},s={};return o.on=function(e,t,n){if("string"==typeof e&amp;&amp;!("function"!=typeof t||n&amp;&amp;n.name&amp;&amp;"string"!=typeof n.name)){n=n||{};var r=this.getEvent(e),i=r.listeners;r.length+=1;var o=n.name||r.length+"";i[o]={fn:t,name:o,doAfter:n.doAfter||"",once:n.once||!1}}},o.one=function(e,t,n){n=n||{},n.once=!0,this.on(e,t,n)},o.off=function(e,t){var n=this.events[e];if(n){var r=n.listeners;if("string"==typeof t)return void(r[t]&amp;&amp;delete r[t]);if("function"==typeof t)for(var i in r)r.hasOwnProperty(i)&amp;&amp;r[i].fn===t&amp;&amp;delete r[i]}},o.exec=function(e,n,r,i){var o;try{if(r.fn.call(n,i||{}),r.once===!0&amp;&amp;this.off(e,r.fn),t(r.name),o=a[r.name]){for(var s=0,c=o.length;c&gt;s;s++)this.exec(e,n,o[s],i);delete a[r.name]}}catch(u){}},o.trigger=function(e,t){var i=this.events[e];if(i){var o=i.listeners,c=null;for(var u in o)o.hasOwnProperty(u)&amp;&amp;(c=o[u],1!==s[c.doAfter]&amp;&amp;c.doAfter&amp;&amp;"string"==typeof c.doAfter?r(c,c.doAfter):this.exec(e,i,c,t));var l;for(u in a)if(a.hasOwnProperty(u)){l=a[u];for(var d=0,f=l.length;f&gt;d;d++)this.exec(e,i,l[d],t);delete a[u]}n()}},o.getEvent=function(e){return void 0===this.events[e]&amp;&amp;(this.events[e]=new i),this.events[e]},i.prototype.getData=function(){return this.data},i.prototype.setData=function(e,t){var n=this.data;return"string"==typeof e&amp;&amp;void 0!==t?void(n[e]=t):void("[object Object]"===String(e)&amp;&amp;(n=$.extend(!0,n,e)))},e}),require(["utils/event_emitter"],function(e){page.event=new e}),define("base/zeptoext/zeptoext",["require"],function(){var e=function(e){$(e.handler).live("touchstart",function(){$("a").css({"pointer-events":"none"}),$(e.area).toggle(),!!e.mo_class&amp;&amp;($(e.handler).toggleClass(e.mo_class),$(e.arr).toggleClass(e.arr_class)),setTimeout(function(){$("a").css({"pointer-events":"auto"})},200)})};return{switchOver:e}}),require(["base/zeptoext/zeptoext"],function(e){$.extend($.fn,e)}),define("base/etpl/bdetpl",["dep/etpl"],function(e){return e.addFilter("linksearch",function(e,t){return e&amp;&amp;page.utils&amp;&amp;page.utils.link.getSearchUrl?(t=t||{},page.utils.link.getSearchUrl(e,t)):""}),e.addFilter("linktc",function(e,t){return e&amp;&amp;page.utils&amp;&amp;page.utils.link&amp;&amp;page.utils.link.getJumpLinkUrl?(t=t||{},t.nsrc||(t.src=e),page.utils.link.getJumpLinkUrl(t)):""}),e.addFilter("https",function(e){return e&amp;&amp;page.https&amp;&amp;page.https.domain&amp;&amp;page.https.domain.get?page.https.domain.get(e):""}),e}),require(["base/etpl/bdetpl"],function(e){page.etpl=e}),!function(){function e(e){var t=this,n='&lt;div id="onlyshow-placeholder"&gt;&lt;div class="loadingbar"&gt;&lt;span class="ico"&gt;&lt;/span&gt;加载中...&lt;/div&gt;&lt;/div&gt;',r=(t.tglDOM.not(t.showDOMQuery),e);$("#onlyshow-loading-tips,#onlyshow-placeholder").remove(),$("body").append(n),window.scrollTo(0,document.body.scrollHeight),setTimeout(function(){t.tglDOM.css({display:"block !important"}),r||t.scrollPage(),$("#onlyshow-placeholder").remove(),$(t.tglDOM).trigger("onlyshowMore"),$("body").css({background:""})},300)}function t(e,n,r){var i=e,o=n,a=r;$("a").css({"pointer-events":"none"}),a&gt;i?(i=i+o&gt;=a?a:i+o,window.scrollTo(0,i),setTimeout(function(){t(i,o,a)},15)):setTimeout(function(){$("a").css({"pointer-events":"auto"})},200)}function n(e){var t=e&gt;&gt;0,n=this,r=3===t||4==t?"none":"block";n.tglDOM.not(n.showDOMQuery).css({display:r+" !important"})}var r=!0;$("body").on("switcherOn",function(){r=!0}),$("body").on("switcherOff",function(){r=!1});var i=function(e,t){function n(e){r&amp;&amp;"bottom"===c&amp;&amp;s.startY&gt;e.touches[0].pageY&amp;&amp;(e.preventDefault(),$(this).on("touchmove",i).one("touchend",o))}function i(e){e.preventDefault(),s.endY=e.touches[0].pageY-s.startY,s.endY&lt;u?(s.endY=s.endY&lt;=d?d:s.endY,$(p.tip).html(h[1])):$(p.tip).html(h[0]),$(this).css({"-webkit-transition-duration":"0","-webkit-transform":"translate3d(0, "+s.endY+"px, 0)"})}function o(){var e=$(this);e.css({"-webkit-transform":"translate3d(0,0,0)","-webkit-transition-duration":"0"}),s.endY&lt;u&amp;&amp;(0==$(p.placeholder).size()&amp;&amp;($(p.tip).remove(),$("body").css({background:"#eee"}).append(f.placeholder),$(p.placeholder)),$(p.placeholder).html(h[2]),setTimeout(function(){window.scrollTo(0,document.body.scrollHeight)},0),setTimeout(function(){$(p.placeholder).remove(),l&amp;&amp;l()},300))}var a=e,s={startX:0,startY:0,endX:0,endY:0},c="top",u=-70,l=t,d=-120,f={tip:'&lt;div id="onlyshow-loading-tips"&gt;&lt;/div&gt;',placeholder:'&lt;div id="onlyshow-placeholder"&gt;&lt;/div&gt;'},p={tip:"#onlyshow-loading-tips",placeholder:"#onlyshow-placeholder"},h=["上拉加载更多","松开加载更多",'&lt;div class="loadingbar"&gt;&lt;span class="ico"&gt;&lt;/span&gt;加载中...&lt;/div&gt;'];a.on("touchstart",function(e){0===$(p.tip).size()&amp;&amp;(a.css({"z-index":2}),$("body").append(f.tip)),c=window.scrollY&gt;=document.body.offsetHeight-window.innerHeight-10?"bottom":"top",s.startX=e.touches[0].pageX,s.startY=e.touches[0].pageY,$(a).one("touchmove",n)}).on("touchend",function(){$(a).off("touchmove",n).off("touchmove",i)})};$.newSigma=function(e){var t=this;1===arguments.length&amp;&amp;(page.comm.sigmaConf=page.comm.sigmaConf||{},$.extend(t,{tglDOM:$(e.tglDOM),tglDOMQuery:e.tglDOM,showDOMQuery:e.showDOM,showDOM:$(e.showDOM),hdWrap:$(e.hdWrap),bdWrap:$(e.bdWrap),execute:1,onlyshow:page.comm.sigmaConf.hideOtherResult===!0&amp;&amp;page.comm.sigmaConf.toolbar===!0?"322":page.comm.sigmaConf.hideOtherResult===!0?"422":"222",isFullScreen:page.comm.sigmaConf.fullScreen&amp;&amp;page.comm.sigmaConf.fullScreen!==!1?1:0,wrapper:e.wrapper||".search-page",tipDOMQuery:e.tipDOM||".se-page-tips",skin:e.skin||!1,barDOMQuery:"#onlyshow-bar",templateHTML:[],templateACTHTML:"",templateTextTHTML:"搜索智能聚合",tabMore:$(e.tabMore),tips:$(e.tips),num:1}),1===t.execute&amp;&amp;t.run())},$.newSigma.prototype={resets:function(){var e=this;return e.templateHTML=[],e.templateACTHTML="",e.onlyshow=page.comm.sigmaConf.hideOtherResult===!0&amp;&amp;page.comm.sigmaConf.toolbar===!0?"322":page.comm.sigmaConf.hideOtherResult===!0?"422":"222",e.isFullScreen=page.comm.sigmaConf.fullScreen&amp;&amp;page.comm.sigmaConf.fullScreen!==!1?1:0,e.showDOM=$(e.showDOMQuery),e.tglDOM=$(e.tglDOMQuery),e.execute=1,e.count=0,e.num=1,e},setParams:function(){var e=this;return e.conf=e.onlyshow.split(""),e},update:function(){var e=this;return e.onlyshow&amp;&amp;1===e.execute&amp;&amp;e.run(),e},run:function(){var e=this;e.setParams().renderPage().attEvent(),e.execute=0},scrollPage:function(){var e=this,n=window.pageYOffset,r=$(".result").eq(e.num).length&amp;&amp;$(".result").eq(e.num).offset().top-6||0,i=10,o=(r-n)/i&gt;&gt;0;t(n+o,o,r)},finLoad:function(){var e=this;$(e.barDOMQuery+" .bar-l span").html(e.templateTextTHTML).off("click"),$(e.barDOMQuery+" section").html(e.templateHTML[3]),$(e.wrapper).off("touchstart touchmove touchend")},unbindEvent:function(){var e=this;$(e.wrapper).off("touchstart touchmove touchend"),e.hdWrap.off("touchend")},attEvent:function(){var e=this,t=e.showDOM.attr("data-share"),n=null;return"0"!==t&amp;&amp;require(["pmd/share/share"],function(r){var i=decodeURIComponent(page.comm.query),o=e.showDOM.attr("srcid")||"",a={url:window.location.origin+"/s?word="+page.comm.query+"&amp;sa=share_sigma_"+o,title:'"'+i+'"的百度搜索结果',content:'您的好友在百度搜索了"'+i+'"，点击查看他搜到的内容。',loginfo:{clk_from:o}};t&amp;&amp;(a=$.extend(a,JSON.parse(t))),n=new r(a)}),e.hdWrap.on("touchstart",function(t){("更多"===t.target.innerText||"SPAN"===t.target.tagName&amp;&amp;""===t.target.innerText)&amp;&amp;e.caculateHeight("tab")}),e.conf[0]&gt;&gt;0===3?$(e.barDOMQuery+" .bar-l span").on("click",function(){e.switchScroll(e.conf[0]),e.finLoad()}):e.conf[0]&gt;&gt;0===4?$(".onlyshow-bar-wapper").on("click",function(){e.switchScroll(e.conf[0]),e.finLoad(),$(this).remove(),page.one("stop",function(){e.destroy()})}):e.finLoad(),$(e.barDOMQuery+" .bar-r .btn-fb").on("click",function(){var e=$(this).attr("data-fb"),t=page.comm.query,n="",r=page.comm.prepath.split("#");r.forEach(function(e){var t=e&amp;&amp;e.split("=");"baiduid"==t[0]&amp;&amp;(n=t[1])}),location.href=e?e:"http://ufosdk.baidu.com/?m=Client&amp;a=postView&amp;appid=517&amp;activityId=2&amp;needEmail=false&amp;u=wise&amp;tn=iphone&amp;kw="+t+"&amp;bw="+n}),$(e.barDOMQuery+" .bar-r .btn-share").on("click",function(e){e.preventDefault(),n&amp;&amp;n.popup()}),e.conf[0]&gt;&gt;0===3&amp;&amp;i($(e.wrapper),function(){page.log.send({ct:2,cst:1,clk_info:"a1_g1",clk_from:e.showDOM.attr("srcid")}),e.switchScroll(e.conf[0],"stuck"),e.finLoad()}),e},renderPage:function(){var e=this;return 0!==e.tabMore.size()&amp;&amp;e.caculateTabHeight(),e.caculateHeight().makeTemplate(),e.isFullScreen?e.fullScreen():e.showDOM.css({"padding-bottom":$(e.barDOMQuery).height()+"px"}),e},fullScreen:function(){var e=this,t=e.hdWrap.height(),n=$(e.barDOMQuery).height(),r=e.showDOM.attr("data-backcolor");0==t&amp;&amp;(t=-91),e.showDOM.css({"min-height":$(window).height()-t-n+"px","padding-bottom":n+"px !important"}),r&amp;&amp;e.showDOM.css({"background-color":r}),e.showDOM.trigger("onlyshowLoaded")},makeTemplate:function(){var e=this,t="";return{share:e.showDOM.attr("data-share"),fb:e.showDOM.attr("data-fb")},e.switchConfState(e.conf[0],1),t=$(e.tipDOMQuery),$(e.tipDOMQuery).remove(),t.prependTo(e.showDOMQuery),e},caculateTabHeight:function(){var e=this;return e.tabMore.css({position:"absolute",display:"block","z-index":"-2",visibility:"hidden"}),e.tabHeight=e.tabMore.height(),e.tabMore.css({position:"static",display:"none",visibility:"visible"}),e},caculateHeight:function(e){var t=this,n=t.hdWrap.height();0!==t.tabMore.size()&amp;&amp;(e&amp;&amp;"none"==t.tabMore.css("display")&amp;&amp;(n=n+t.tabHeight&gt;&gt;0),e&amp;&amp;"block"==t.tabMore.css("display")&amp;&amp;(n=n-t.tabHeight&gt;&gt;0));var r=t.showDOM.find(".c-onlyshow-toppic");if(r.length&gt;0)if("zbios"!==page.comm.tn&amp;&amp;("1"!=page.comm.tabSampling||"1"==page.comm.tabSampling&amp;&amp;page.ishome)){var i=t.tips.height()+n+5;r.css({"padding-top":i+"px","margin-top":"-"+i+"px"})}else 0&gt;=n&amp;&amp;(n=8);return"zbios"!==page.comm.tn&amp;&amp;("1"!=page.comm.tabSampling||"1"==page.comm.tabSampling&amp;&amp;page.ishome)&amp;&amp;t.showDOM.css({"padding-top":n+"px !important"}),t},destroy:function(){var e=this;return e.resets(),e.resetStyle(),e.unbindEvent(),delete page.comm.onlyshow,delete page.comm.sigmaConf,e.execute=1,this},resetStyle:function(){var e=this;return $(e.wrapper).removeClass("skin-default onlyshow"),$("#onlyshow-share-js").remove(),$(e.barDOMQuery).remove(),e.tglDOM.attr("style",""),e.hdWrap.attr("style",""),e.bdWrap.attr("style",""),e.hdWrap.removeClass("skin-default skin-light skin-dark"),e},switchConfState:function(e){var t=this,r=e&gt;&gt;0,i=t.skin;t.runState=null,t.runState=n,t.runState(r,i)},switchScroll:function(t,n){var r=this,i=t&gt;&gt;0,o=n||!1;switch(i){case 2:r.runState=r.scrollPage;break;case 3:r.runState=e}r.runState(o)}}}(),define("modules/foldResult",["require"],function(){function e(e,t){function n(e){"bottom"===a&amp;&amp;o.startY&gt;e.touches[0].pageY&amp;&amp;(e.preventDefault(),$(this).on("touchmove",r).one("touchend",i))}function r(e){e.preventDefault(),o.endY=e.touches[0].pageY-o.startY,o.endY&lt;c&amp;&amp;(o.endY=o.endY&lt;=d?d:o.endY),0==$(p.placeholder).size()&amp;&amp;($("body").css({background:"#f1f1f1"}),$(f.placeholder).insertAfter($(s.foldBar))),$(this).css({"-webkit-transition-duration":"0","-webkit-transform":"translate3d(0, "+o.endY+"px, 0)"})}function i(){var e=$(this);e.css({"-webkit-transform":"translate3d(0,0,0)","-webkit-transition-duration":"0"}),o.endY&lt;c?setTimeout(function(){$(p.placeholder).remove(),l&amp;&amp;l()},300):($(p.placeholder).remove(),$("body").css({background:"#f1f1f1"}))}var o={startY:0,endX:0,endY:0},a="top",c=-30,u=e,l=t,d=-120,f={placeholder:'&lt;div id="foldresult-placeholder" class="c-loading"&gt;&lt;i class="c-icon"&gt;&amp;#xe780&lt;/i&gt;&lt;p&gt;加载中…&lt;/p&gt;&lt;/div&gt;'},p={placeholder:"#foldresult-placeholder"};u.on("touchstart",function(e){a=window.scrollY&gt;=document.body.offsetHeight-window.innerHeight-10?"bottom":"top",o.startY=e.touches[0].pageY,$(u).one("touchmove",n)}).on("touchend",function(){$(u).off("touchmove",n).off("touchmove",r)})}function t(e){$(s.tglDOM).css({display:"none !important"});for(var t=0,n=s.showDOM.length;n&gt;t;t++)$(s.showDOM[t]).css({display:"block !important"});$("body").css({background:"#f1f1f1"}),window.setTimeout(function(){document.body.offsetHeight&lt;window.innerHeight&amp;&amp;$(s.wrapper).css({height:window.innerHeight+"px"}),"undefined"!=typeof e&amp;&amp;e.call()},300)}function n(e){var t=s,n='&lt;div id="foldresult-placeholder" class="c-loading"&gt;&lt;i class="c-icon"&gt;&amp;#xe780&lt;/i&gt;&lt;p&gt;加载中…&lt;/p&gt;&lt;/div&gt;';text="您展开了全部搜索结果";var e=e||0,r=e?0:300;$("#foldresult-placeholder").remove(),$("body").css({background:"#f1f1f1"}),e||$(n).insertAfter($(s.foldBar)),setTimeout(function(){if($(t.tglDOM).css({display:"block !important"}),$(t.foldBar).addClass("fold-tip-after").html(text),$("#foldresult-placeholder").remove(),$(t.tglDOM).trigger("onlyshowMore"),$(s.wrapper).css({height:"auto"}),$("body").css({background:"#f1f1f1"}),navigator.cookieEnabled&amp;&amp;window.sessionStorage){var e="foldResult_"+window.location.href;window.sessionStorage.getItem(e)||window.sessionStorage.setItem(e,1)}},r)}function r(){$(s.foldBar).off("click"),$(s.wrapper).off("touchstart touchmove touchend")}function i(){$(s.foldBar).on("click",function(e){e.preventDefault(),e.stopPropagation(),page.log.send({ct:27,cst:1}),n(),r()})}function o(){$(document.body).height()-($(s.foldBar).offset().top+$(s.foldBar).height())&gt;$(window).height()&amp;&amp;!s.onlyclick&amp;&amp;(s.onlyclick=1,$(s.foldBar).find(".tip").html("点击查看更多搜索结果")),s.onlyclick||e($(s.wrapper),function(){page.log.send({ct:27,cst:2}),n(),r()})}function a(e){if(0!=$(e.foldBar).length){e.onlyclick=e.onlyclick,e.foldPos=e.foldPos-0,e.foldNum=e.foldNum-0;var r=-1==e.foldNum?$(".results .result").length:e.foldPos+e.foldNum;if(e.showDOM=[e.foldBar],$("#results&gt;div.result").each(function(t,n){t&gt;=e.foldPos&amp;&amp;r&gt;t||e.showDOM.push(n)}),$.extend(s,{foldPos:e.foldPos,foldBar:e.foldBar,onlyclick:e.onlyclick,showDOM:e.showDOM,tglDOM:e.tglDOM,wrapper:e.wrapper||$(document.body)}),navigator.cookieEnabled&amp;&amp;window.sessionStorage&amp;&amp;1==window.sessionStorage.getItem("foldResult_"+window.location.href))return void n(1);t(o),i()}}var s={};return a}),require(["modules/foldResult"],function(e){page.on("init",function(){var t={tglDOM:".results &gt; div,.se-page-ft,.se-page-controller,.se-page-copyright",foldPos:page.comm.foldPos,foldNum:page.comm.foldNum,onlyclick:page.comm.onlyclick,foldBar:"#fold-tip"};e(t)})}),!function(){function e(n,r){Array.isArray(n.subData)&amp;&amp;n.subData.forEach(function(n){var i=new t._Aladdin(n.container,n.data,n.handlers,n.type,r,n.subData);e(n,i)})}var t=window.A,n=t.$=window.$;t.scrollComponentName="pmd/scroll/scroll",t.domReady=!1,n(window.document).ready(function(){t.domReady=!0}),t.windowLoaded=!1,n(window).bind("load",function(){t.windowLoaded=!0});var r;t.page=function(){return n(".search-page")},t.pageHide=function(){n(".search-page, .se-page-hd").hide()},t.pageShow=function(){n(".search-page, .se-page-hd").show()};var i=function(e){if(!e)return!1;e=e.replace(/&amp;amp;/g,"&amp;");var t={};return t.query=e.replace(/([^?]+)\?/g,function(e,n){return t.path=n,""}).replace(/#.*/,function(e){return t.hash=e,""}),t.params={},t.query.split("&amp;").forEach(function(e){var n=e.split("=");n[0]&amp;&amp;(t.params[n[0]]=n.length&gt;1?decodeURIComponent(n[1]):"")}),t};t.getAlaOrder=function(e,t){var n={};switch(t){case"group":n.gorder=e;break;case"cluster":n.corder=e;break;default:n.order=e}return n},t.sendLog=function(e,r){var i,o;if(e instanceof t._Aladdin)o=e;else if(!e||!(i=n(e).attr("initIndex")))return;var o=o||t.list[i-1],a=n.extend({srcid:o.container.getAttribute("new_srcid")||o.srcid,tplname:o.tplName,type:"o",t:+new Date},r);delete a.src,a.extra&amp;&amp;(a.extra=(""+a.extra).slice(0,20)),a.title&amp;&amp;(a.title=(""+a.title).slice(0,10));var s={fm:o.log.fm||"alop",clk_info:JSON.stringify(a)},c=o.type,u=t.getAlaOrder(o.order,c);s=n.extend(s,u),c||(s.ala_clk=[o.log.ensrcid,o.order,B.comm.pn,B.comm.rn,"o"].join("_")),r.src&amp;&amp;(s.src=r.src),t.log.send(t.getLogUrl(s))},t.getLogUrl=function(e){var r=t.log.settings;return r.API_URL+n.param(r.PARAMS)+"&amp;"+n.param(e)},t._Aladdin=function(e,n,r,i,o,a){e&amp;&amp;(this.container=e,this.data=n,this.handlers=r,this.tplName=e.getAttribute("tpl"),this.srcid=e.getAttribute("srcid"),this.order=e.getAttribute("order"),this.type=i||"",this.parent=o||null,this._subData=a||null,this.log=t.log.list[this.srcid+"_"+this.order]=new Function("return "+this.container.getAttribute("data-log"))()||t.log.list[this.srcid+"_"+this.order],t.list.push(this))},t._Aladdin.prototype={constructor:t._Aladdin,find:function(e){return n(e,this.container)},_triggerHandlers:function(){this.handlers.forEach(function(e){if("function"==typeof e)try{e.call(this)}catch(t){window.console&amp;&amp;console.warn("error in "+(this.tplName||this.srcid)+":"+t)}},this)},makeMipLinkPrefix:function(e){e=n.extend(!0,{title:"百度",pd:"mms_mip",sfmipoptions:{view:{_hold:2}},tn:"normal",type:1,actname:"act_sf_mip",ltj:"l"},e);var t=e.url,r=/^http:\/\//,i=/^https:\/\//,o="//mipcache.bdstatic.com";if(e.class&amp;&amp;(e.class=' class="'+e.class+'"'),!e.url||!e.nsrc)return"&lt;div"+(e.class||"")+"&gt;";1===+e.type&amp;&amp;(t=r.test(t)?o+"/c/"+t.replace(r,""):i.test(t)?o+"/c/s/"+t.replace(i,""):o+"/c/s/"+t.replace(/^\/\//,""));var a={url:encodeURIComponent(t),lid:window.B.comm.lid};e.hSt&amp;&amp;(a.hSt=e.hSt);var s=["http://m.baidu.com","/sf?word="+window.B.comm.query,"&amp;mod=0","&amp;tn="+e.tn,"&amp;pd="+e.pd,"&amp;actname="+e.actname,"&amp;title="+encodeURIComponent(e.title),"&amp;ext="+encodeURIComponent(JSON.stringify(a))].join("");return"zbios"!==B.comm.tn||"zbios"===B.comm.tn&amp;&amp;B.comm.isAndroid||!e.useStub?this.makeSfLinkPrefix({url:s,"class":"c-blocka",attr:"data-sf-options='"+JSON.stringify(e.sfmipoptions)+"'",is_mip:e.type,cyc:e.cyc,extra:e.extra,ori_url:e.nsrc}):(s=this.makeTcUrl({extra:e.extra,tjType:e.ltj,src:s.replace("tn="+e.tn,"tn=nohead")}),"&lt;a"+(e.class||"")+' href="'+s+'"&gt;')},makeMipLinkSuffix:function(e){return e&amp;&amp;e.url&amp;&amp;e.nsrc?"&lt;/a&gt;":"&lt;/div&gt;"},makeSfLinkPrefix:function(e){e=n.extend({},e);var t=e.url;if(!t)return'&lt;div class="'+(e.class||"")+'"&gt;';/word=/.test(t)||(t+="&amp;word="+window.B.comm.query),/title=/.test(t)||(t+="&amp;title="+window.B.comm.query);var r={};e.cyc&amp;&amp;(r.cyc=e.cyc),e.ori_url&amp;&amp;(r.e=e.ori_url),e.is_mip&amp;&amp;(r.m=e.is_mip);var i=t.replace(/^http(s)?:\/\/m.baidu.com/,"")+"&amp;lid="+window.B.comm.lid+"&amp;ms=1";i+="&amp;frsrcid="+(n(this.container).attr("new_srcid")||n(this.container).attr("srcid")),i+="&amp;frorder="+this.order;var o=[];e.attr&amp;&amp;o.push(e.attr),e.extra&amp;&amp;o.push("data-click='"+JSON.stringify({clk_info:{extra:e.extra}})+"'"),Object.keys(r).length&amp;&amp;o.push("data-log='"+JSON.stringify(r)+"'");var a={tcUrl:this.makeTcUrl({src:location.protocol+"//"+location.host+i,extra:e.extra}),"class":"WA_LOG_SF"+(e.class?" "+e.class:""),attr:o.join(" "),sfUrl:i};return'&lt;a {attr} href="{tcUrl}" data-sf-href="{sfUrl}" class="{class}"&gt;'.replace(/{([^}]+)}/g,function(e,t){return a[t]})},makeSfLinkSuffix:function(e){return e&amp;&amp;e.url?"&lt;/a&gt;":"&lt;/div&gt;"},makeSearchTcUrl:function(e){e=n.extend({sa:"re_"+this.order+"_"+this.srcid,prefix:location.protocol+"//"+location.host},e),"/"===e.prefix.slice(-1)&amp;&amp;(e.prefix=e.prefix.slice(0,-1));var t={sa:e.sa.substr(0,15)};return["st","euri","prese"].forEach(function(n){e[n]&amp;&amp;(t[n]=e[n])}),this.makeTcUrl({src:e.prefix+page.utils.link.getSearchUrl(e.word,t),tjType:e.tjType,tj5:e.tj5})},makeTcUrl:function(e){if(!this._parseTcUrl())throw this.tplName+": makeTcUrl param error";!e&amp;&amp;(e={});var t="l",r=this.srcid+"_"+this.order+"_"+B.comm.pn+"_"+B.comm.rn+"_";if(e.tjType&amp;&amp;(t=e.tjType,delete e.tjType),e.tj5)e.tj=r+e.tj5,delete e.tj5;else{if(!this._tjType[t]){var i={};i[t]=0,this.setTjType(i)}e.tj=r+t+this._tjType[t]++}var o=n.extend({},this._tcUrlObj.params,e);n.each(o,function(e,t){(void 0===t||null===t||""===t)&amp;&amp;delete o[e]}),o.src||o.nsrc||(o.src="");var a=n.param(o);return this._tcUrlObj.path+"?"+a},setTjType:function(e){var t=this._tjType;this._tjType||(t=this._tjType={}),n.each(e,function(e,n){t[e]=+n?+n:1})},_parseTcUrl:function(){if(this._tcUrlObj)return!0;var e=this.data._tcUrl;if(!e)return!1;e=e.replace(/&amp;amp;/g,"&amp;");var t,n=i(e);if(t=n.params.tj){var r,o=t&amp;&amp;t.split("_")[4];if(r=o.match(/(\w+)(\d+)/)){var a={};a[r[1]]=r[2],this.setTjType(a)}}return!this._tjType&amp;&amp;this.setTjType({l:0}),this._tcUrlObj=n,!0},makeTimg:function(e){if(!r||!e.src)throw this.tplName+":makeTimg param error!";var t;if(e.notimg)t=B.https.domain.get(e.src);else{var i=n.extend({},r.params,{size:e.cuttype||void 0,quality:e.size||void 0,src:e.src,di:e.di,sec:e.sec});t=r.path+"?"+n.param(i)}var o={type:e.type||"s",imgattr:e.imgattr||"src",src:t};return'&lt;div class="c-img c-img-${type}"&gt;&lt;img ${imgattr}="${src}"/&gt;&lt;/div&gt;'.replace(/\$\{([^}]+)\}/g,function(e,t){return o[t]||""})},widget:function(e,t){var n=this;if(n.widgetList=n.widgetList||{},"function"==typeof t){var r=new t;r.$el=n.$('[data-id="'+e+'"]'),r.$=function(e){return this.$el.find(e)},r.init(),n.widgetList[e]=r}},sendLog:function(e){t.sendLog(this,e)},getClickInfo:function(){return B&amp;&amp;B.comm&amp;&amp;B.comm.clickInfo},addLogData:function(e,t){var r=n(e);r.attr({srcid:this.srcid||"",initIndex:this.container.initIndex||"",pageIndex:t||null}).addClass("WA_LOG_MIDPAGE")}};var o=function(e,t,n,r){e&amp;&amp;r&amp;&amp;(this.container=e,this.data=t,this.handlers=n,this.parent=r,this.srcid=e.getAttribute("santaid"),this.order=e.getAttribute("order"),!r.santaList&amp;&amp;(r.santaList=[]),r.santaList.push(this))},a=t._Aladdin.prototype;o.prototype={constructor:o,find:a.find,_triggerHandlers:a._triggerHandlers,makeTcUrl:function(e){return this.parent.makeTcUrl(e)},makeTimg:function(e){return this.parent.makeTimg(e)},sendLog:function(e){e.santa_order||(e.santa_order=this.order),this.parent.sendLog(e)}},t._init=function(){B.comm.timgPre&amp;&amp;(r=i(B.comm.timgPre)),t._initstart=!0,t._alaData.forEach(function(n){var r=new t._Aladdin(n.container,n.data,n.handlers,n.type,null,n.subData);Array.isArray(n.santaData)&amp;&amp;n.santaData.forEach(function(e){new o(e.container,e.data,e.handlers,r)}),e(n,r)}),t._tmpAlaData=[],t.list.forEach(function(e){e._triggerHandlers(),e.santaList&amp;&amp;e.santaList.forEach(function(e){e._triggerHandlers()})})},t._ajax={settings:{DOMAIN:"m.baidu.com",API_URL:"//m.baidu.com/openapi?",ERR_URL:"//open.baidu.com/stat/al_e.gif?ajax_err_url=",PARAMS:{tn:"wisexmlnew",dsp:"iphone",ie:"utf-8",oe:"utf-8",format:"json"},TIMEOUT:15e3},jsonpID:1,jsonp:function(e,r){var i=r||{},o=t._ajax.settings,a=document.createElement("script"),s=+new Date,c="wise_aladdin_callback_"+t._ajax.jsonpID++,u=[e,"&amp;",i.cb||"cb","=",c,"&amp;__t=",s].join(""),l=function(){clearTimeout(d),n(a).remove(),window[c]=null,delete window[c]},d=setTimeout(function(){l(),i.timeout&amp;&amp;i.timeout(),t.log.send(o.ERR_URL+u)},i.TIMEOUT||o.TIMEOUT);window[c]=function(e){l(),e&amp;&amp;(0==e.status?i.success&amp;&amp;i.success(e.data):i.error&amp;&amp;i.error(e.status)),i.callback&amp;&amp;i.callback(e)},a.charset=i.oe||o.PARAMS.oe,a.src=u,n("head").append(a)}},t._Aladdin.prototype.$=function(e){return n(e,this.container)},t._Aladdin.prototype.$$=function(e){return this.$(e).first()},t._Aladdin.prototype.jsonp=function(e,n){t._ajax.jsonp(e,n)},t._Aladdin.prototype.ajax=function(e,r,i){var o="object"==typeof e?e:i||{},a=t._ajax.settings,s=n.extend({},a.PARAMS,{query:o.query||e,resource_id:o.resource_id||r},o.params||{}),c=o.url||a.API_URL+n.param(s);n.ajax&amp;&amp;a.DOMAIN===window.document.domain?(c=[c,"&amp;t=",+new Date].join(""),n.ajax({url:c,dataType:s.format,timeout:o.TIMEOUT||a.TIMEOUT,success:function(e){e&amp;&amp;(0==e.status?o.success&amp;&amp;o.success(e.data):o.error&amp;&amp;o.error(e.status))},error:function(e,n){"timeout"===n?o.timeout&amp;&amp;o.timeout():o.error&amp;&amp;o.error(n),t.log.send(a.ERR_URL+c)}})):this.jsonp(c,o)},B.on("stop",function(){t.list=[],t._alaData=[],t._initstart=!1}),B.on("init",function(){t._init()})}(),function(){function e(e,t){if(t=t||function(){},l[e])return void t();l[e]=1;var n=s.createElement("link");n.rel="stylesheet",n.type="text/css",n.href=e,c.appendChild(n),t()}function t(e,t){if(t=t||function(){},l[e])return void t();if(d[e]&amp;&amp;f[e])return void f[e].push(t);d[e]=1;var n=f[e]=f[e]||[];n.push(t);var r=s.createElement("script");r.type="text/javascript",r.src=e,r.charset="utf-8",r.unique=u,r.onload=r.onreadystatechange=function(){if(!this.readyState||"complete"===this.readyState||"loaded"===this.readyState){if(u!=r.unique)return!1;for(;n.length;)try{n.shift()()}catch(t){}d[e]=null,delete d[e],f[e]=null,delete f[e],l[e]=1,r.onload=r.onreadystatechange=null}},c.appendChild(r)}function n(e,t){var n=(new Date).getTime();if(!/http[s]?:\/\//i.test(e)){var r=t||{},i=e.split(/[-\.]/),a=i[0],s=i[1]&gt;0&amp;&amp;i[1]||0,c=r.type||"css"===(i[2]||i[1])&amp;&amp;"css"||"js",u=s&amp;&amp;a+"-"+s||a;e=[o.alaPrefix,r.path||"",a,"/",u,".",c].join("")}return e+=e.indexOf("?")&gt;0?"&amp;":"?",e+="ts="+n}function r(i,o,a){var s="string"==typeof i?i.split(/\s*,\s*/):i;if(s.length&gt;1)if(o)r(s.shift(),function(){s.length&gt;0&amp;&amp;r(s,o,a)},a);else for(;s.length;)r(s.shift(),a);else{var c=n(s[0],a);/\.js$|\?/i.test(c)?t(c,o):e(c,o)}}function i(e,t,n,i){var s=i||{};o.windowLoaded||s.useImmediately?r(e,t,n):a(window).one("load",function(){o.windowLoaded=!0,r(e,t,n)})}var o=window.A,a=o.$,s=window.document,c=s.getElementsByTagName("head")[0],u=(new Date).getTime(),l=o.loaded={},d={},f={};o.ui={},o.alaPrefix="//m.baidu.com/static/ala/",B.on("stop",function(){l=o.loaded={},d={},f={},u=(new Date).getTime()}),o.use=function(e,t,n){i(e,t,{path:"ui/"},n)},o.useUI2=function(e,t,n){i(e,t,{path:"ui2/"},n)},o.js=function(e,t,n){i(e,t,{type:"js"},n)},o.css=function(e,t,n){var r=n||{useImmediately:1};i(e,t,{type:"css"},r)}}(),function(){var e=window.A,t=e.$,n=e.log,r=n.settings,i="m.baidu.com",o=/c_\w+_\d+/i,a="WA_LOG_",s=["TAB","BTN","SF","MSC","OTHER"],c={TAB:"t",BTN:"b",SF:"sf",MSC:"msc",OTHER:"o"},u=function(e,t,n){if(n=n||[],t=t||document,e===t||!e||!t)return n;e.parentNode!=t&amp;&amp;(n=u(e.parentNode,t,n));for(var r=1,i=e.previousSibling;i;)1===i.nodeType&amp;&amp;i.nodeName===e.nodeName&amp;&amp;r++,i=i.previousSibling;return 1===e.nodeType&amp;&amp;n.push(e.nodeName.toLowerCase()+(r&gt;1?r:"")),n},l=function(){return(new Date).getTime()},d=function(e,n){for(var r,i,c=!0,u=[],l="",d=e,f=t(d);c&amp;&amp;d&amp;&amp;d!==n;){if(f.attr("data-nolog")){c=!1;break}(r=f.attr("data-click"))&amp;&amp;(u.push(r),/['"]?sto['"]?:/.test(r)&amp;&amp;o.test(r)&amp;&amp;(l=new Function("return "+r)().sto,i=f)),d=d.parentNode,f=t(d)}if(c){for(var p,h,m,g,d=e,v=s.length;!p&amp;&amp;d&amp;&amp;d!==n;){for(var w=0;v&gt;w;w++)if(t(d).hasClass(a+s[w])){p=s[w],g=d;break}d=d.parentNode}if(p&amp;&amp;(t.each(t("."+a+p,t(n)),function(e,t){return t===g?(h=e+1,!1):void 0}),i&amp;&amp;t.each(t("."+a+p,i),function(e,t){return t===g?(m=e+1,!1):void 0}),h||m))return{isLog:c,type:p,index:h,sto:l,sIndex:m,overrideData:u}}return null},f=function(t,n,r,i,o,a){var s,u=t.getAttribute("initIndex");u&amp;&amp;(s=e.list[u-1])&amp;&amp;(o.ref=0,o.xpath=n,o.t=r,a&amp;&amp;(o.type=c[a]||a.charAt(0).toLowerCase()),i&amp;&amp;(o.title=i),e.sendLog(s.container,o))},p=function(e,n){if(!e)return JSON.stringify(n);try{var r="string"==typeof e?JSON.parse(e):e;return t.extend(r,n),JSON.stringify(r)}catch(i){return e}},h=function(s,h,m,g){var v=s,w=t(h),b=w.attr("srcid"),y=w.attr("order"),x=w.attr("type"),_=b+"_"+y,k=e.getAlaOrder(y,x);if(!n.list[_]){var S=new Function("return "+h.getAttribute("data-log"))();if(!S)return;n.list[_]=S}var $=+new Date,T=d(s,h);if(T&amp;&amp;T.isLog){var A=u(s,g?g.get(0):h).join("-").slice(0,100),O=l();if(w.hasClass(a+"MIDPAGE")){var E={};T.overrideData&amp;&amp;t.each(T.overrideData.reverse(),function(e,n){t.extend(E,new Function("return "+n)())}),f(h,A,O,t(s).text()||"",E,T.type)}else{var C=r.sPARAMS.pn,q=r.sPARAMS.rn,R=r.API_URL+t.param(r.PARAMS)+"&amp;",I=n.list[_],U=[I.ensrcid,I.order,C,q].join("_"),j=new RegExp(U),E={},M=T&amp;&amp;c[T.type]||"o";for(I.fm&amp;&amp;(E.fm=I.fm),E=t.extend(E,k),I.ala_appid&amp;&amp;(E.ala_appid=I.ala_appid),I.waplogo&amp;&amp;(E.waplogo=I.waplogo),T.index&amp;&amp;(E.ala_clk=[U,M+T.index].join("_")),T.sIndex&amp;&amp;(E.sto=""),E.src=I.mu||i;v&amp;&amp;v.nodeName&amp;&amp;"a"!==v.nodeName.toLowerCase()&amp;&amp;v!=h;)v=v.parentNode;var D=t(v),L=D.data("log")||{};L.e&amp;&amp;(delete E.src,E.nsrc=L.e,E.bdenc=1),L.c&amp;&amp;(E.cyc=L.c),I.laid&amp;&amp;(E.laid=I.laid),E.ala_clk_t=t(s).text().slice(0,20),T.overrideData.length&gt;0&amp;&amp;(t.each(T.overrideData.reverse(),function(e,n){E=t.extend(E,new Function("return "+n)())}),E.ala_clk&amp;&amp;!j.test(E.ala_clk)&amp;&amp;1===E.ala_clk.split("_").length&amp;&amp;(E.ala_clk=[U,E.ala_clk].join("_"))),E.sto&amp;&amp;(o.test(E.sto)?T.sIndex&amp;&amp;(E.sto=[E.sto,M+T.sIndex].join("_")):E.sto=[T.sto,E.sto].join("_")),E.sec=$;var P={srcid:w.attr("new_srcid")|b,tplname:w.attr("tpl"),t:O};L.m&amp;&amp;(P.mip=1),g?(P.s_xpath=A,P.s_order=g.attr("order")):P.xpath=A,P.type=M||"o",E.clk_info=p(E.clk_info,P),x&amp;&amp;delete E.ala_clk,B&amp;&amp;B.comm&amp;&amp;B.comm.logInfoList&amp;&amp;(B.comm.logInfoList[m]={logUrl:R,data:E})}}},m=function(e,n,r){for(var i=e,o=t(n);i&amp;&amp;i.nodeName&amp;&amp;"a"!==i.nodeName.toLowerCase()&amp;&amp;i!=n;)i=i.parentNode;if(i&amp;&amp;i.href&amp;&amp;i.href.search(/.baidu.com.*?tc\?/)&gt;-1){var a=i.href.match(/clk_info=([^&amp;#]+)/),s={srcid:o.attr("new_srcid")||o.attr("srcid"),tplname:o.attr("tpl"),t:l()},c=o.attr("sig");c&amp;&amp;(s.sig=c),r?(s.s_xpath=u(e,r.get(0)).join("-").slice(0,100),s.s_order=r.attr("order")):s.xpath=u(e,n).join("-").slice(0,100);var d=encodeURIComponent(p(a&amp;&amp;decodeURIComponent(a[1]),s));B&amp;&amp;B.comm&amp;&amp;(B.comm.clickInfo="&amp;clk_info="+d),a?i.href=i.href.replace(/clk_info=([^&amp;#]+)/,"clk_info="+d):i.href+="&amp;clk_info="+d}return!0};t(window.document.body).bind({touchend:function(e){var n=e.target,r=t(n),i=r.parents("[srcid]")||r;if(n&amp;&amp;i.attr("srcid")&amp;&amp;!i.parents("#super-frame").length){var o="k"+(new Date).getTime()+parseInt(89999*Math.random()+1e4,10),a=t(n).parents("[santaid][order]"),s=!!a.length&amp;&amp;a;window.page&amp;&amp;page.utils&amp;&amp;page.utils.getEventSignature&amp;&amp;"function"==typeof page.utils.getEventSignature&amp;&amp;i.attr("sig",page.utils.getEventSignature(e)),r.attr("data-domkey",o)&amp;&amp;m(n,i.get(0),s)&amp;&amp;h(n,i.get(0),o,s)}}});var g="origin-url",v="href";t(window.document.body).bind({click:function(e){var r=e.target,i=t(r),o=1;r&amp;&amp;i.parents(".result").length&amp;&amp;window._flyflowNative&amp;&amp;window._flyflowNative.exec&amp;&amp;window._flyflowNative.exec("bd_wise","onMessage",JSON.stringify({type:1,searchid:page.comm.lid}),null),window.page&amp;&amp;page.utils&amp;&amp;page.utils.getEventSignature&amp;&amp;"function"==typeof page.utils.getEventSignature&amp;&amp;(o=page.utils.getEventSignature(e));var a=i.attr("data-domkey");if(!a){var s=i.parents("[srcid]")||i;if(r&amp;&amp;s.attr("srcid")&amp;&amp;!s.parents("#super-frame").length){var a="k"+(new Date).getTime()+parseInt(89999*Math.random()+1e4,10),c=t(r).parents("[santaid][order]"),u=!!c.length&amp;&amp;c;i.attr("data-domkey",a)&amp;&amp;m(r,s.get(0),u)&amp;&amp;h(r,s.get(0),a,u)}}var l=""+i.closest("a",".result").data("sf-href"),d=l?decodeURIComponent(l).split("?")[0]:"";if(d=d.slice(0,20),a=i.data("domkey"),B&amp;&amp;B.comm&amp;&amp;B.comm.logInfoList&amp;&amp;B.comm.logInfoList[a]){var f=B.comm.logInfoList[a];f.data&amp;&amp;f.logUrl&amp;&amp;(f.data.clk_info=p(f.data.clk_info,{sig:o,sfpath:d}),n.send(f.logUrl+t.param(f.data)))}var w=i.attr(g),b=i.parents("["+g+"]"),y=i.attr(v),x=i.parents("["+v+"]");if(r&amp;&amp;i.parents(".result").length&amp;&amp;(w||b.length)&amp;&amp;(y||x.length)){var _=w||b.attr(g),k=y||x.attr(v);if(!_||_===k)return;require(["uiamd/bdbox/util"],function(t){var n=t.sendLogByBox(k,_);n&amp;&amp;e.preventDefault()})}}})}(),define("sf/controller",["require"],function(){function e(){function e(){return deferred=$.Deferred(),deferred.resolve(),$.each(n,function(){var e=this;deferred=deferred.then(function(){return e()})}),n=[],deferred}function t(e,t){var r=2 in arguments&amp;&amp;Array.prototype.slice.call(arguments,2);"function"==typeof e&amp;&amp;n.push(function(){return e.apply(t,r?r:[])})}var n=[];return{push:t,excute:e}}function t(e,t){if(r.hasOwnProperty(e)){var n=r[e];n.destroy(t)}}var n={},r={};n.regist=function(e,t){var n=this.create(t);r[e]=n},n.create=function(e){return i(e)},n.run=function(n,i){proxyList=[];var o=new e;if(r.hasOwnProperty(n)){var a=r[n];o.push(a.beforeActivity,a,i),o.push(a.doActivity,a,i),o.push(a.afterActivity,a,i)}return r.hasOwnProperty(n)&amp;&amp;n!==(i.last&amp;&amp;i.last.path)&amp;&amp;o.push(t,this,i.last.path,i),r.hasOwnProperty(n)&amp;&amp;o.push(a.ready,a,i),o.excute()},n.remove=function(e){r.hasOwnProperty(e)&amp;&amp;delete r[e]};var i=function(e){var t={};return t.doActivity=e.doActivity||function(){},t.beforeActivity=e.beforeActivity||function(){},t.afterActivity=e.afterActivity||function(){},t.destroy=e.destroy||function(){},t.ready=e.ready||function(){},t};return n}),page.init(function(){$(document).ready(function(){page&amp;&amp;page.activity&amp;&amp;page.activity.start()})}),define("modules/asyn",["require"],function(){return function(e){var t=e.rset||"",n=e.word?encodeURIComponent(e.word):page.comm.query,r=e.cb&amp;&amp;"function"==typeof e.cb?e.cb:null,i=e.fail&amp;&amp;"function"==typeof e.fail?e.fail:null;if(t&amp;&amp;-1!==$.inArray(t,["ad","rcmd","srcmd"])&amp;&amp;n){var o=["adext"],a="";a+="&amp;platform=wise",a+="&amp;ms=1",a+="&amp;rset="+encodeURIComponent(t),a+="&amp;word="+n,a+="&amp;qid="+encodeURIComponent(page.comm.lid),a+="&amp;rq="+page.comm.query,a+="&amp;from="+encodeURIComponent(page.comm.from),a+="&amp;baiduid="+encodeURIComponent(page.cookie("BAIDUID")),a+="&amp;tn="+encodeURIComponent(page.comm.tn),a+="&amp;clientWidth="+document.body.clientWidth,a+="&amp;t="+encodeURIComponent((new Date).getTime());for(var s="",c=0;4&gt;c;c++)s+=Math.floor(10*Math.random());a+="&amp;r="+s;for(var c=0;c&lt;o.length;c++){var u=o[c];e[u]&amp;&amp;(a+="&amp;"+u+"="+encodeURIComponent(e[u]))}$.ajax({url:"/rec",dataType:"json",data:a,timeout:3e3,success:function(e){if(r){if(e&amp;&amp;0===e.psstatus&amp;&amp;0===e.errcode)return void r(e);i&amp;&amp;e&amp;&amp;i(e)}},error:function(e){i&amp;&amp;e&amp;&amp;i(e)}})}}}),require(["modules/asyn"],function(e){page.asyn=e}),define("modules/coco_ui",["require"],function(){var e={};e.COCO_UI={initdata:[],ui:{},config:{},run:function(t,n,r){return e.COCO_UI[t]?(e.COCO_UI.initdata[r.id]=r,e.COCO_UI.ui[r.id]=new e.COCO_UI[t](n,r),e.COCO_UI.ui[r.id]):void 0},get:function(e,t,n){var r=document.createElement("script");r.src=n?e:"//m.baidu.com/static/search/uibase/"+e,r.onload=t,$("head").append(r)},addStyle:function(e,t){var n=$("body");if(!$("#"+t+"-style").length){var r=document.createElement("style");r.setAttribute("type","text/css"),r.setAttribute("class","sigma-tabs-style"),r.id=t+"-style",r.appendChild(document.createTextNode(e)),n.append(r)}},tplConnect:function(t,n){var r="";return r=t.replace(/\{([\w|\[|\]]+)\}/gi,function(t,r){return void 0!==n[r]?n[r]:void 0!==e.COCO_UI.config[r]?e.COCO_UI.config[r]:t=t.replace(/\w+\[(\w+)\]/gi,function(e,t){return t})})}},e.startup=function(){$(".coco-auto").each(function(){var t=new Function("return "+this.getAttribute("wiseui"))();t.id&amp;&amp;t.type&amp;&amp;e.COCO_UI.run(t.type,this,t)})};var t={};return e.channel={listen:function(e,n){t[e]?t[e].push(n):t[e]=[n]},broadcast:function(e,n){if(e in t){var r=t[e].slice();!function i(){for(var e;e=r.shift();)try{e(n),e=null}finally{e&amp;&amp;i()}}()}}},e}),require(["modules/coco_ui"],function(e){page.COCO_UI=e.COCO_UI,page.coco_channel=e.channel,$(e.startup)}),define("modules/geolocation",["require"],function(){function e(e,t,n){navigator.geolocation||r(t,{error:2});var i=null,o=!1;navigator.geolocation.getCurrentPosition(function(t){clearTimeout(i),r(e,t.coords)},function(e){o||(o=!0,clearTimeout(i),e.code===e.PERMISSION_DENIED?r(t,{error:4}):r(t,{error:2}))},{timeout:n,maximumAge:0,enableHighAccuracy:!0}),i=setTimeout(function(){o||(o=!0,clearTimeout(i),r(t,{error:2}))},n)}function t(e,t,n,o){page.log.send({ct:11,cst:1,clk_from:"sgeo"});var s=0,u=2,l=function(e,t,n,o){a({url:c,data:{ptype:1,xyr:e.longitude+"_"+e.latitude+"_"+e.accuracy,addr:"city|district|street|city_code"},timeout:o,onSuccess:function(a){if(void 0!==a){var c=a.point,d=a.addr;if(c&amp;&amp;d&amp;&amp;d.city_code){var f=new i(c.x,c.y,e.accuracy,d.city_code,void 0,a.address,a.address,d);return r(t,f.output())}}return u&gt;s?(s++,l(e,t,n,o)):r(n)},onFail:n})};l(e,t,n,o)}function n(e,t,n,o){a({url:u,data:{x:e.longitude,y:e.latitude},timeout:o,onSuccess:function(o){var a=o&amp;&amp;o.content,s=a&amp;&amp;a.address_detail,c=s&amp;&amp;s.city_code;if(a&amp;&amp;a.surround_poi,a&amp;&amp;s&amp;&amp;c&amp;&amp;0!==c){var u=new i(e.longitude,e.latitude,e.accuracy,c,void 0,a.address,a.address,{city:s.city,district:s.district,street:s.street,cityCode:c});r(t,u.output())}else r(n)},onFail:n})}function r(e,t,n){"function"==typeof e&amp;&amp;e(t,n)}function i(e,t,n,r,i,o,a,s){this.x=parseFloat(e),this.y=parseFloat(t),this.accuracy=parseFloat(n),this.cityCode=parseInt(r,10),this.timestamp=parseInt(i,10)||"",this.name=o||"",this.address=a||"",this.addr=s||void 0}function o(e){for(var t=[].slice.call(arguments,1),n=0;n&lt;t.length;n++)for(var r in t[n])e[r]=t[n][r];return e}function a(e){var t={timeout:8e3,data:{},onSuccess:null,onFail:null};e=o({},t,e);var n="geojsonp"+ ++f;e.data.callback=n;var i=!1,a=setTimeout(function(){delete window[n],i=!0,r(e.onFail)},e.timeout);window[n]=function(t){clearTimeout(a),i||(r(e.onSuccess,t),delete window[n])};var s=e.url+(e.url.indexOf("?")+1?"&amp;":"?"),c=[];for(var u in e.data)c.push(u+"="+encodeURIComponent(e.data[u]));s+=c.join("&amp;");var l=document.createElement("script");l.onerror=function(){clearTimeout(a),r(e.onFail)},l.type="text/javascript",l.src=s,document.getElementsByTagName("head")[0].appendChild(l)}var s,c="http://aladdin.wapmap.baidu.com/plugin",u="http://api.map.baidu.com/?qt=rgc&amp;dis_poi=100&amp;poi_num=10&amp;ie=utf-8&amp;oue=1&amp;res=api",l={autoLoc:{expireTime:0,onlyFromCookie:!1,onlyFromHTML5:!1,onlyFromNative:!1,autoSaveToCookie:!0,html5Timeout:8e3,nativeTimeout:8e3,onSuccess:null,onFail:null},search:{timeout:8e3,onSuccess:null,onFail:null}};-1!==location.protocol.indexOf("https")&amp;&amp;(c="https://sp2.baidu.com/90gHaDqh_cgXo1ufo-zN2TxrfQVwcu8e/plugin",u="https://sp2.baidu.com/9_Q4sjOpB1gCo2Kml5_Y_D3/?qt=rgc&amp;dis_poi=100&amp;poi_num=10&amp;ie=utf-8&amp;oue=1&amp;res=api");var d={getPosition:function(n){n=o({},l.autoLoc,n);var i=n.expireTime;if(i&gt;0||0===i&amp;&amp;n.onlyFromCookie===!0){var a=s.get();if(a&amp;&amp;(parseInt(Date.now(),10)-a.timestamp&lt;=i||0===i))return void r(n.onSuccess,a.output(),{from:"cookie"})}if(n.onlyFromCookie===!0)return void r(n.onFail,{error:1});var c=this,u=/android/i.test(navigator.userAgent);n.onlyFromHTML5||!n.onlyFromNative?e(function(e){t(e,function(e){n.autoSaveToCookie===!0&amp;&amp;(e=c.savePosition(e)),r(n.onSuccess,e,{from:"html5"})},function(){u&amp;&amp;!n.onlyFromHTML5?r(n.onFail,{error:3}):r(n.onFail,{error:3})},n.html5Timeout)},function(e){u&amp;&amp;!n.onlyFromHTML5?r(n.onFail,{error:3}):r(n.onFail,e)},n.html5Timeout):r(n.onFail,{error:3})},searchAddress:function(e,t,n){n=o({},l.search,n,{addr:e||"",city_code:t||0}),page.log.send({ct:11,cst:1,clk_from:"sgeo"}),a({url:c,data:{ptype:2,addr:e||"",city_code:t||0},timeout:n.timeout,onSuccess:function(e){var t=[];if(e&amp;&amp;e.content)for(var o=e.current_city.code,a=[].concat(e.content),s=0;s&lt;a.length;s++){var c,u,l=a[s],d=l.geo.split("|")[2].replace(";","").split(",");null!=l.city_type?c=u=l.cname:(c=l.name,u=l.addr);var f=new i(d[0],d[1],200,o,void 0,c,u);t.push(f.output())}r(n.onSuccess,t)},onFail:function(){r(n.onFail,{error:1})}})},savePosition:function(e){return s.set(e)},clearPosition:function(){return s.remove()},mercatorToAddress:function(e){var t={timeout:8e3,onSuccess:null,onFail:null};e=o({},t,e),n({longitude:e.x,latitude:e.y,accuracy:e.accuracy},function(t){t.accuracy=t.accuracy||200,r(e.onSuccess,t)},function(){r(e.onFail,{error:1})},e.timeout)}};i.prototype.getCookieString=function(){return this.x+"_"+this.y+"_"+this.accuracy+"_"+this.cityCode+"_"+this.timestamp},i.prototype.output=function(){return{x:this.x,y:this.y,accuracy:this.accuracy,cityCode:this.cityCode,timestamp:this.timestamp,name:this.name,address:this.address,addr:this.addr||{}}},i.readFromCookie=function(e){var t=e.split("_");return new i(t[0],t[1],t[2],t[3],t[4])},i.readFromObject=function(e){return new i(e.x,e.y,e.accuracy,e.cityCode,e.timestamp,e.name,e.address,e.addr)},s={domain:".baidu.com",path:"/",key:"BAIDULOC",duration:1728e5,get:function(){if(!navigator.cookieEnabled)return!1;var e=document.cookie.match(new RegExp(this.key+"=([^;]+);?"));return e?i.readFromCookie(e[1]):!1},set:function(e){if(!navigator.cookieEnabled)return!1;e=i.readFromObject(e);var t=new Date;return t.setTime(t.getTime()+this.duration),e.timestamp=parseInt(Date.now(),10),document.cookie=this.key+"="+e.getCookieString()+";domain="+this.domain+";path="+this.path+";expires="+t.toGMTString(),e.output()},remove:function(){return navigator.cookieEnabled?(document.cookie=this.key+"=;domain="+this.domain+";path="+this.path+";expires=Thu, 01 Jan 1970 00:00:01 GMT",!0):!1}};var f=0;return d}),require(["modules/geolocation"],function(e){page.geolocation=A.geolocation=e}),define("modules/login",["require"],function(){return{isLogin:!(!page.comm.user||!page.comm.user.uid),open:function(){var e=page.utils.link.getJumpLinkUrl({src:page.comm.loginUrl});window.location.href=e+"&amp;eqid="+page.comm.eqid+"&amp;wd="}}}),require(["modules/login"],function(e){page.utils=page.utils||{},page.utils.login=e}),define("modules/pageToTop",["require"],function(){function e(e){e=e||0,$("html").scrollTop(e),$("body").scrollTop(e),$(window).scrollTop(e)}var t=Object.prototype.toString,n=function(e){if(!page.comm.onlyshow){this.opt=$.extend({attrs:[{event:"load",condition:null},{event:"unload",condition:null}]},e),this.init();var t=this;n=function(){return t}}};return $.extend(n.prototype,{init:function(){this.flags={},this._events=[],this.$win=$(window),this.bindEv()},bindEv:function(n){n=n||this.opt.attrs,n="[object Array]"!==t.call(n)?[n]:n;for(var r,i=n.length,o=0,a=this;i&gt;o;o++)r=n[o],this._events.push(r.event),this.$win.on(r.event,function(){if(page.comm.enableTotop!==!1){var t;if(t=$.isFunction(r.condition)?r.condition():!!r.condition,t=a.flags[r.event]||t,!t){if(window.performance&amp;&amp;window.performance.navigation&amp;&amp;2==window.performance.navigation.type)return;e()}}})},set:function(e,t){this.flags[e]=!!t},get:function(e){return!!this.flags[e]},setAll:function(e){for(var t=0,n=this._events.length;n&gt;t;t++)this.flags[this._events[t]]=!!e},getAll:function(){return this.flags}}),n}),require(["modules/pageToTop"],function(e){page.utils=page.utils||{},page.utils.pageToTop=e}),!function(e,t){function n(e,t){return d.cleanObj.toString.call(e).slice(8,-1)===t}function r(e){var t=f[e];if(t)return t.exports;throw"module "+e+" is undefined"}function i(e,t){for(var n,i,o=e.split(":"),a=o.pop().split("/"),s=d;n=a.shift();)"bdbox"!==n&amp;&amp;(i=n,a.length&amp;&amp;(s=s[n]=s[n]||{}));var c=f[e]={exports:{}},u=d.isFunction(t)?t.apply(c,[r,c.exports,c,d]):t;u&amp;&amp;(c.exports=u),s[i]=c.exports}function o(){h.forEach(function(e){e()}),h.length=0,m=!0}function a(e){var t;return null==e?t=String(e):(t=Object.prototype.toString.call(e).toLowerCase(),t=t.substring(8,t.length-1)),t}function s(t){var n=t.success||w,r={imageUrl:"",mediaType:"all",title:"",content:"",linkUrl:location.href},i=t.error||w;return d.isFunction(t.success)&amp;&amp;(n="_xSHARE_SUCCESS_"+d.getId(),e[n]=t.success,r.success=n),d.isFunction(t.error)&amp;&amp;(i="_xSHARE_FAIL_"+d.getId(),e[i]=t.error,r.error=i),d.each(t,function(e,n){"success"!==n&amp;&amp;"error"!==n&amp;&amp;(n in v?n=v[n]:"content"!==n||t.title||(r.title=e),r[n]=e)}),d.isArray(r.mediaType)&amp;&amp;(r.mediaType="all"),e.BoxShareData||(e.BoxShareData={successcallback:n,errorcallback:i,options:r}),r}var c=+new Date,u=(c+"").slice(-3),l=navigator.userAgent,d={isBox:/ baiduboxapp\//i.test(l),isIOS:/(iPhone|iPod|iPad)/.test(l),isAndroid:/(Android);?[\s\/]+([\d.]+)?/.test(l),getId:function(){return u++},emptyArr:[],emptyFn:function(){},cleanObj:{},byId:function(e){return d.isString(e)?t.getElementById(e):e},toArray:function(e){return d.emptyArr.slice.call(e)},$:function(e,n){return n=n&amp;&amp;1===n.nodeType?n:t,d.toArray(n.querySelectorAll(e))}};"Function,String,Array,Number,RegExp".replace(/[^, ]+/g,function(e){d["is"+e]=function(t){return n(t,e)}}),d.isBoolean=function(e){return e===!0||e===!1},d.isObject=function(e){return"object"==typeof e},d.isUndefined=function(e){return void 0===e},d.isWindow=function(e){return null!=e&amp;&amp;e==e.window},d.isPlainObject=function(e){return d.isObject(e)&amp;&amp;!d.isWindow(e)&amp;&amp;Object.getPrototypeOf(e)==Object.prototype};var f={};d.define=i;var p=function(e,t,n){for(var r,i,o=e.split("."),a=n||p;r=o.shift();)"Box"!==r&amp;&amp;(i=r,o.length&amp;&amp;(a=a[r]=a[r]||{}));return a[i]=t||{},a[i]},h=[],m=!1;if(p.init=function(e){return"function"!=typeof e?this:(m?e():h.push(e),this)},"complete,loaded,interactive".indexOf(t.readyState)&gt;-1&amp;&amp;t.body?o():t.addEventListener("DOMContentLoaded",o,!1),i("common:bdbox/utils/getVersion",function(t,n,r){var i=function(){var t=0;if(e.baiduboxapp_version)t=e.baiduboxapp_version;else{var n,r=navigator.userAgent;(n=/([\d+.]+)_(?:diordna|enohpi)_/.exec(r))?(n=n[1].split("."),t=n.reverse().join(".")):(n=/baiduboxapp\/([\d+.]+)/.exec(r))&amp;&amp;(t=n[1])}return i=function(){return t},t};r.exports=i}),i("common:bdbox/utils/version_compare",function(e,t,n){var r=function(e,t){t+="",e+="";for(var n=e.split("."),r=t.split("."),i=0,o=Math.max(n.length,r.length);o&gt;i;i++){if(n[i]&amp;&amp;!r[i]&amp;&amp;parseInt(n[i])&gt;0||parseInt(n[i])&gt;parseInt(r[i]))return 1;if(r[i]&amp;&amp;!n[i]&amp;&amp;parseInt(r[i])&gt;0||parseInt(n[i])&lt;parseInt(r[i]))return-1}return 0};n.exports=r}),i("common:bdbox/ios/invokeApp",function(n,r,i,o){i.exports=function(n,r,i){if(n&amp;&amp;o.isBox){var a=[];if(o.isFunction(r))i=r;else for(var s in r)a.push(s+"="+r[s]);if(o.isFunction(i)){var c="_bdbox_js_"+o.getId();e[c]=function(){i.apply(e,[].slice.call(arguments,0))},a.push("func="+c)}else i&amp;&amp;a.push("func="+i);a="baiduboxapp://"+n+"?"+a.join("&amp;");var u=t.createElement("iframe");u.style.display="none",u.src=a;var l=t.body||t.getElementsByTagName("body")[0];l.appendChild(u),setTimeout(function(){l.removeChild(u),u=null},0)}}}),i("common:bdbox/android/invokeApp",function(t,n,r,i){function o(t,n,r){if(r&amp;&amp;!i.isArray(r)&amp;&amp;(r=Array.prototype.slice.call(arguments,0).slice(2)),e[t]&amp;&amp;e[t][n]){var o=e[t][n].apply(e[t],r);return{error:0,result:o,__from:"js"}}var u=c();if(s(u,4.8)&gt;=0){var l=a(t,n,r);return l=l?JSON.parse(l):{},l.__from="app",l}if("4.7.1"===u||"4.7"==u){var d=a(t,n,r);return{error:0,result:d,__from:"app4.7"}}return{error:200}}function a(t,n,r){if(!i.isBox)return{error:201};if(!i.isAndroid)return{error:202};var o={obj:t,func:n,args:r?r:[]};try{return e.prompt("BdboxApp:"+JSON.stringify(o))}catch(a){return{error:201}}}var s=t("common:bdbox/utils/version_compare"),c=t("common:bdbox/utils/getVersion");r.exports=o}),i("common:bdbox/utils/detect",function(t,n,r,i){function o(t){var n={name:"unknown",version:0};this===e||this.os||(this.os=n),t=t||navigator.userAgent;var r={Weibo:/weibo/i,Wechat:/micromessenger\//i,QQ:/QQ\//};for(var i in r)r.hasOwnProperty(i)&amp;&amp;(n["is"+i]=r[i].test(t));n.isUC=t.match(/UC/)||e.ucweb||e.ucbrowser;var o=t.match(/Windows Phone ([\d.]+)/);if(o)return n.win10=!0,n.version=o[1],n.name="win10",n;var a=t.match(/(Android);?\s+([\d.]+)?/);if(a)return n.android=!0,n.version=a[2],n.name="android",n;var s=t.match(/(iPad).*OS\s([\d_]+)/),c=t.match(/(iPod)(.*OS\s([\d_]+))?/),u=!s&amp;&amp;t.match(/(iPhone\sOS)\s([\d_]+)/);return u&amp;&amp;!c?(n.ios=n.iphone=!0,n.version=u[2].replace(/_/g,"."),n.name="ios",n):s?(n.ios=n.ipad=!0,n.name="ios",n.version=s[2].replace(/_/g,"."),n):c?(n.name="ios",n.ios=n.ipod=!0,n.version=c[3]?c[3].replace(/_/g,"."):null,n):n}o.apply(i),r.exports=o}),i("common:bdbox/each",function(e,t,n){function r(e){var t;return null==e?t=String(e):(t=Object.prototype.toString.call(e).toLowerCase(),t=t.substring(8,t.length-1)),t}n.exports=function(e,t,n){if("object"==typeof e){var i,o,a=r(e);if(n=n||e,"array"===a||"arguments"===a||"nodelist"===a){for(i=0,o=e.length;o&gt;i;i++)if(t.call(n,e[i],i,e)===!1)return}else for(i in e)if(e.hasOwnProperty(i)&amp;&amp;t.call(n,e[i],i,e)===!1)return}}}),i("common:bdbox/client/nativeShare",function(n,r,i,o){function a(t){var n={wechatIcon:location.protocol+"//m.baidu.com/static/search/logo300.png",type:"url",mediaType:"all",linkUrl:location.href,title:c.title,success:"console.log",error:"console.log"};o.each(t||{},function(e,t){n[t]=e}),n.image&amp;&amp;(n.imageUrl=n.image),n.iconUrl&amp;&amp;!n.imageUrl&amp;&amp;"url"===n.type&amp;&amp;(n.imageUrl=n.iconUrl);var r={};["success","error"].forEach(function(t){var i=t;o.isFunction(n[t])&amp;&amp;(i="_xSHARE_SUCCESS_"+o.getId(),e[i]=n[t]),r[t+"callback"]=i,delete n[t]}),r.options=n,r.options.imageUrl&amp;&amp;o.isAndroid&amp;&amp;s(o.version,"6.5")&lt;0&amp;&amp;delete r.options.imageUrl,e.BoxShareData=r;var i=n.wechatIcon;if(/micromessenger\//i.test(navigator.userAgent)&amp;&amp;i&amp;&amp;i.length&gt;20){var a=c.createElement("div");a.id="wa-generalevent-wx-logo",a.style.display="none",a.innerHTML='&lt;img src="'+i+'"/&gt;';var u=c.body.firstChild;u?c.body.insertBefore(a,u):c.body.appendChild(a)}}var s=n("common:bdbox/utils/version_compare"),c=t;i.exports=a}),i("common:bdbox/utils/ready",function(e,n,r){function i(){a.forEach(function(e){e()}),a.length=0,s=!0}function o(e){"function"==typeof e&amp;&amp;(s?e():a.push(e))}var a=[],s=!1;"complete,loaded,interactive".indexOf(t.readyState)&gt;-1&amp;&amp;t.body?i():t.addEventListener("DOMContentLoaded",i,!1),r.exports=o}),d.version=d.utils.getVersion(),d.version_compare=d.utils.version_compare,each=d.each,d.nativeShare=d.client.nativeShare,d.type=a,d.canI=function(e,t,n){return d.version_compare(d.version,e)&gt;=0?d.isFunction(t)&amp;&amp;t():d.isFunction(n)&amp;&amp;n(),d},i("common:bdbox/client/o2o",function(e,t,n,r){var i=e("common:bdbox/android/invokeApp"),o=e("common:bdbox/ios/invokeApp"),a=encodeURIComponent,s=e("common:bdbox/each"),c=r.isAndroid?function(e,t){r.isObject(e)&amp;&amp;(t=e,e=e.url,delete t.url);var n=["S.bdsb_light_start_url="+a(e)];if(r.isObject(t)){var o=t.min_v;delete t.min_v;var c={color:"i.extra_actionbar_color_id",appid:"S.bdsb_wallet_appid"};s(t,function(e,t){"color"===t&amp;&amp;(e=4278190080|parseInt("0x"+e)),t=c[t]||t,n.push(t+"="+e)})}n=n.join(";");var u={intent:"intent:#Intent;"+n+";end",min_v:o&amp;&amp;""!=o?o:"16783629",mode:"0"};t&amp;&amp;t.component&amp;&amp;""!=t.component||(u.class="com.baidu.searchbox.wallet.WalletServiceActivity"),i("Bdbox_android_utils","command",[JSON.stringify(u)])}:function(e,t){r.isObject(e)&amp;&amp;(t=e,e=e.url,delete t.url);var n={openurl:a(e),minver:"5.3.0.0",isla:0,opentype:1,append:0,rbtnstyle:2};if(r.isObject(t)){var i={color:"barcolor"};s(t,function(e,t){t=i[t]||t,n[t]=e})}n.appid&amp;&amp;(n.isla=1),o("easybrowse",n)};n.exports=c}),d.o2o=d.client.o2o,"android"===d.os.name?p("card",{query:function(e,t){if(p.version_compare(p.version,"5.0")&lt;0)return this;var n,r;p.isArray(e)?n=[JSON.stringify(e)]:(r=p.toArray(arguments),t=r.pop(),p.isFunction(t)?n=r:(n=p.toArray(arguments),t=null),n=[JSON.stringify(n)]);var i=p.android.invokeApp("Bdbox_android_card","mquery",n);return i=0===i.error&amp;&amp;i.result?JSON.parse(i.result):!1,p.isFunction(t)&amp;&amp;t(i),i},add:function(t,n){if(p.version_compare(p.version,"5.0")&lt;0)return this;var r,i;p.isString(t)?r=[t]:p.isArray(t)?r=[JSON.stringify(t)]:(i=p.toArray(arguments),n=i.pop(),p.isFunction(n)?r=i:(r=p.toArray(arguments),n=null),r=[JSON.stringify(r)]);var o=null;if(p.version_compare(p.version,"5.5")&gt;=0){var a="";p.isFunction(n)&amp;&amp;(a="__box_card_"+p.getId(),e[a]=function(e){var t=JSON.parse(e),r=!1;for(var i in t){r=t[i].st;break}n(r)}),o=p.android.invokeApp("Bdbox_android_card","madd",r.concat([a,0]))}else o=p.android.invokeApp("Bdbox_android_card","madd",r);return o}}):p("card",{query:function(e,t){if(p.version_compare(p.version,"5.0")&lt;0)return this;var n,r;p.isArray(e)?n=[JSON.stringify(e)]:(r=p.toArray(arguments),t=r.pop(),p.isFunction(t)?n=r:(n=p.toArray(arguments),t=null),n=[JSON.stringify(n)]);var i=function(e){p.isFunction(t)&amp;&amp;t(JSON.parse(e)),i=null};p.ios.invokeApp("cardMquery",{params:encodeURIComponent(n)},i)},add:function(e,t){if(p.version_compare(p.version,"5.0")&lt;0)return this;var n,r;p.isString(e)?n=[e]:p.isArray(e)?n=[JSON.stringify(e)]:(r=p.toArray(arguments),t=r.pop(),p.isFunction(t)?n=r:(n=p.toArray(arguments),t=null),n=[JSON.stringify(n)]);var i=function(e){var n=JSON.parse(e),r=!1;for(var o in n){r=n[o].st;break}p.isFunction(t)&amp;&amp;t(r),i=null};return p.ios.invokeApp("cardMadd",{params:encodeURIComponent(n),gohome:"0"},i),!0}}),i("common:bdbox/utils/jsonToQuery",function(e,t,n,r){n.exports=function(e){if(r.isString(e))return e;var t=[];for(var n in e)t.push(n+"="+e[n]);return t.join("&amp;")}}),i("common:bdbox/io/loadJS",function(n,r,i,o){function a(n,r,i){var a,u,l,d=t.createElement("script");o.isString(n)?(a=n,o.isFunction(r)&amp;&amp;(i=r,r=null)):(a=n.url,r=n.data,i=n.success,u=n.error||o.emptyFn,l=n.timeout),o.isObject(r)&amp;&amp;(r=c(r)),r&amp;&amp;(a+=(-1===a.indexOf("?")?"?":"&amp;")+r),a=a.replace(/[&amp;?]{1,2}/,"?");var f;/=\?/.test(a)&amp;&amp;(f="_box_jsonp"+o.getId(),a=a.replace(/=\?/,"="+f));var p=s();l=l||2e4,d.type="text/javascript",d.src=a;var h,m=!0,g=function(){f&amp;&amp;delete e[f],h&amp;&amp;clearTimeout(h),d.onload=d.onreadystatechange=d.onerror=null,d=null},v=function(){!d||d.readyState&amp;&amp;!/loaded|complete/.test(d.readyState)||(g(),m&amp;&amp;o.isFunction(i)&amp;&amp;i.apply(null,o.toArray(arguments)),m=!1)},w=function(e){g(),m&amp;&amp;u(e),m=!1};f&amp;&amp;(e[f]=v),h=setTimeout(function(){g(),m&amp;&amp;u("timeout"),m=!1},l),d.onload=d.onreadystatechange=d.onerror=v,d.onerror=w,p.appendChild(d)}function s(){return t.head||t.getElementsByTagName("head")[0]||t.documentElement}var c=n("common:bdbox/utils/jsonToQuery");o.emptyFn,i.exports=a}),i("common:bdbox/utils/queryToJson",function(e,t,n){n.exports=function(e){var t=e.split("?"),n=t[1]?t[1]:t[0],r=n.split("&amp;"),i={};return r.forEach(function(e){if(e=e.split("="),e[0].length&gt;0){var t="";try{t=decodeURIComponent(e[1])||""}catch(n){}i[e[0]]=t}}),i}}),i("common:bdbox/extend",function(e,t,n,r){function i(e,t,n){for(var r in t)n&amp;&amp;(o(t[r])||a(t[r]))?(o(t[r])&amp;&amp;!o(e[r])&amp;&amp;(e[r]={}),a(t[r])&amp;&amp;!a(e[r])&amp;&amp;(e[r]=[]),i(e[r],t[r],n)):c(t[r])||(e[r]=t[r])}var o=r.isPlainObject,a=r.isArray,s=r.isBoolean,c=r.isUndefined;n.exports=function(e){var t,n=r.emptyArr.slice.call(arguments,1);return s(e)&amp;&amp;(t=e,e=n.shift()),n.forEach(function(n){i(e,n,t)}),e}}),i("common:bdbox/utils/ready",function(e,n,r){function i(){a.forEach(function(e){e()}),a.length=0,s=!0}function o(e){"function"==typeof e&amp;&amp;(s?e():a.push(e))}var a=[],s=!1;"complete,loaded,interactive".indexOf(t.readyState)&gt;-1&amp;&amp;t.body?i():t.addEventListener("DOMContentLoaded",i,!1),r.exports=o}),i("common:bdbox/utils/detect",function(t,n,r,i){function o(t){var n={name:"unknown",version:0};this===e||this.os||(this.os=n),t=t||navigator.userAgent;var r={Weibo:/weibo/i,Wechat:/micromessenger\//i,QQ:/QQ\//};for(var i in r)r.hasOwnProperty(i)&amp;&amp;(n["is"+i]=r[i].test(t));n.isUC=t.match(/UC/)||e.ucweb||e.ucbrowser;var o=t.match(/Windows Phone ([\d.]+)/);if(o)return n.win10=!0,n.version=o[1],n.name="win10",n;var a=t.match(/(Android);?\s+([\d.]+)?/);if(a)return n.android=!0,n.version=a[2],n.name="android",n;var s=t.match(/(iPad).*OS\s([\d_]+)/),c=t.match(/(iPod)(.*OS\s([\d_]+))?/),u=!s&amp;&amp;t.match(/(iPhone\sOS)\s([\d_]+)/);return u&amp;&amp;!c?(n.ios=n.iphone=!0,n.version=u[2].replace(/_/g,"."),n.name="ios",n):s?(n.ios=n.ipad=!0,n.name="ios",n.version=s[2].replace(/_/g,"."),n):c?(n.name="ios",n.ios=n.ipod=!0,n.version=c[3]?c[3].replace(/_/g,"."):null,n):n}o.apply(i),r.exports=o}),i("common:bdbox/schema",function(e,n,r,i){function o(e,n){if(!e)return void n(!0);if(n=n||i.emptyFn,!i.isBox&amp;&amp;i.isIOS&amp;&amp;c(s.version,"9.0")&gt;=0)return void u(function(){a(e,n)});var r=Date.now(),o=t.createElement("IFRAME");o.src=e,o.style.position="absolute",o.style.left="-2000px",o.style.top="-1000px",o.style.width="1px",o.style.height="1px",o.style.webkitTransition="all 0.9s",o.style.transition="all 0.9s",t.body.appendChild(o);var l=function(){t.body.removeChild(o),n(Date.now()-r&lt;1500?!0:!1)};o.addEventListener("webkitTransitionEnd",l,!1),o.addEventListener("transitionEnd",l,!1),setTimeout(function(){o.style.left="-1000px"},20)}function a(e,t){location.href=e,l&amp;&amp;clearTimeout(l),l=setTimeout(function(){t(!0)},3e3)}var s=e("common:bdbox/utils/detect")(),c=e("common:bdbox/utils/version_compare"),u=e("common:bdbox/utils/ready"),l=null;r.exports=o}),i("common:bdbox/monitor",function(t,n,r,i){var o=encodeURIComponent,a=function(e,t){e+=e.indexOf("?")&lt;0?"?":"&amp;",this.url=e,this.options=t};a.prototype.report=function(t){t=t||"";var n=new Image(1,1),r=[];if(i.isObject(t)){for(var a in t)r.push(a+"="+o(String(t[a])));t=r.join("&amp;")}var s="_box_mt"+i.getId();e[s]=n,n.onload=n.onerror=n.onabort=function(){n.onload=n.onerror=n.onabort=null,e[s]=n=null};var c=this.url+t;return i.isFunction(this.options.customHandler)&amp;&amp;(c=this.options.customHandler(c)),n.src=c+"&amp;_rnd="+Math.floor(2147483648*Math.random()),this},a.prototype.main=function(e,t){return e&amp;&amp;i.isFunction(this[e])&amp;&amp;this[e].apply(this,i.toArray(t||[])),this},r.exports=function(e,t){return new a(e,t)}}),i("common:bdbox/clone",function(e,t,n){var r=Object.prototype.toString,i=function(e,t,n){var r=0;for(var i in e)if(e.hasOwnProperty(i))if(n)t[i]=e[i];else if(t(i,e[i],r++))break},o=function(e){var t;switch(r.call(e)){case"[object Object]":t={},i(e,function(e,n){t[e]=o(n)});break;case"[object Array]":t=[],e.forEach(function(e){t.push(o(e))});break;default:t=e}return t};n.exports=o}),i("common:bdbox/monitor/pblog",function(t,n,r,i){var o=t("common:bdbox/monitor"),a=t("common:bdbox/extend"),s=t("common:bdbox/utils/queryToJson"),c=t("common:bdbox/utils/getVersion"),u=t("common:bdbox/clone"),l=s(location.search),d=navigator.userAgent,f=e.location.protocol;"https:"!=f&amp;&amp;(f="http:");var p=f+"//m.baidu.com/tcbox",h={service:"bdbox",action:"pblog",ctv:2,cen:"uid_ua_ut",data:{appid:"1",dataid:"2",actiontype:"1",actionid:"2",actiondata:{ref:l.ref||"",gmv:l.vmgdb||"",source:l.from||l.ref||"",boxVersion:c(),boxPlatform:d.match(/(iPad|iPhone|iPod)/gim)?"ios":"android"}}},m=encodeURIComponent;l.uid&amp;&amp;l.osname&amp;&amp;["osname","ua","ut","from","cfrom","uid","pkgname"].forEach(function(e){l[e]&amp;&amp;(h[e]=l[e])});var g,v=o(p,{customHandler:function(e){var t=[];if(g)for(var n in g)if(g.hasOwnProperty(n)){var r=g[n];i.isPlainObject(r)&amp;&amp;(r=JSON.stringify(r)),t.push(n+"="+m(r))}return t.length&amp;&amp;(e+=t.join("&amp;")),e}});v.init=function(e,t){i.isPlainObject(t)&amp;&amp;(h=a(h,t)),h.data.cateid=e},v.pv=function(e,t){g=u(h);var n=g.data;n.actionid="1";var r={};return r.url=e||location.href,t&amp;&amp;(r.u=t),n.actiondata=a(n.actiondata,r),v.report()},v.event=function(e,t,n){if(!e)throw"monitor.tc.event need a evtName";if(i.isPlainObject(t)&amp;&amp;!n){var r={evtName:e};for(var o in t)r[o]=t[o]}else var r={evtName:e,evtType:t||"",evtTag:n||""};g=u(h);var s=g.data;return s.actionid="2",s.actiondata=a(s.actiondata,r),v.report()},r.exports=function(){v.main.apply(v,arguments)}}),i("common:bdbox/moplus",function(e,t,n,r){var i=(e("common:bdbox/utils/jsonToQuery"),e("common:bdbox/io/loadJS"),e("common:bdbox/utils/version_compare"),e("common:bdbox/monitor/pblog")),o=e("common:bdbox/schema"),a="com.baidu.searchbox",s="http://127.0.0.1:6259/",c="http://127.0.0.1:40310/",u="inapp_boxserver",l="https:"===location.protocol,d={isSendPv:!1,isHit:!1,parseUA:function(){var e,t,n=navigator.userAgent,r={uc:/UCBrowser\/(\S*) \S*/g,bd:/baidubrowser\/(\S*) \(Baidu/g,qq:/MQQBrowser\/(\S*) Mobile/g,chr:/Chrome\/(\S*) Mobile/g,qh:/360 Aphone Browser \((\S*)\)/g,sg:/SogouMobileBrowser\/(\S*)/g,mi:/MiuiBrowser\/(\S*)/g};for(var i in r){var o=r[i].exec(n);if(o){e=i,t=o[1];break}}return e=e?e:"other",t=t?t:"0",{t:e,v:t}},parseHost:function(){return f.curHost===c?1:0},sendEvt:function(e,t,n,r){this.isHit&amp;&amp;this.send(e,t,n,r)},send:function(e,t,n,r){var o=this.parseUA(),a=o.t,s=o.v,c=l?0:1,u=this.parseHost();i("event",[e,{evtType:t||"",brName:a,brVer:s,isHttp:c,isNew:u,source:n||"",intent:r||""}])},init:function(){this.isHit=Date.now()%100===1,i("init",[2])}},f=function(e,t,n){this.version="2.0",this.isHttps=l,this.curHost=n||"",this.newHost=c,this.oldHost=this.isHttps?c:s,this.MCMDF=t||u,this._infoFuncs=[],this._verFuncs=[],this.minVersion=e?e:0,this.pkgName=a,d.init()};f.prototype={constructor:f,setMcmdf:function(e){return this.MCMDF=e,this},setHost:function(){return this},getHost:function(){},api:function(e,t,n){return n({error:233}),this},getInfo:function(e){return e({error:233}),this},getHVersion:function(e){return e({error:233}),this},parseInfo:function(){return!1},schema:function(e,t){if(!e.intent)throw"schema intent is empty";e.mcmdf||(e.mcmdf=this.MCMDF);var n=function(){d.sendEvt("schema","success",e.source,e.intent),r.isFunction(t)&amp;&amp;t({error:0,from:"schema"})},i=function(){d.sendEvt("schema","fail",e.source,e.intent),r.isFunction(t)&amp;&amp;t({error:20,from:"schema"})},s=e.schema||"";if(e.intent&amp;&amp;!e.schema){var c=e.intent;-1==c.indexOf(a)&amp;&amp;(d.sendEvt("defaultPKGName","fail",e.source||"",e.intent),e.minver=e.minver?e.minver:"6.9.1")}s||(s="baiduboxapp://utils?action=sendIntent&amp;params="+encodeURIComponent(JSON.stringify(e))+"&amp;minver="+(e.minver?e.minver:"6.9")),o(s,function(e){e?i():n()})},sendIntent:function(e,t){return t({error:233}),this},request:function(e,t){return t({error:233}),this}},n.exports=function(e,t){return new f(e,t)},n.exports.Moplus=f}),d.version_compare(d.version,"5.3.5")&gt;=0){var g,v={image:"imageUrl",url:"linkUrl",order:"mediaType"},w="";e[w]=d.emptyFn,d.isAndroid?(g=function(e){if(e.id&amp;&amp;d.byId(e.id)){var t=e.eventType||"touchstart";d.byId(e.id).addEventListener(t,function(){n(e)},!0)}var n=function(t){t=s(t||e);var n=t.error,r=t.success;t.iconUrl&amp;&amp;t.imageUrl&amp;&amp;delete t.imageUrl,d.android.invokeApp("Bdbox_android_utils","callShare",[JSON.stringify(t),r||"console.log",n||"console.log"])};return n},p("share",g)):(g=function(e){if(e.id&amp;&amp;d.byId(e.id)){var t=e.eventType||"touchstart";d.byId(e.id).addEventListener(t,function(){n(e)},!0)}var n=function(t){t=s(t||e);var n=t.error,r=t.success;t.iconUrl&amp;&amp;!t.imageUrl&amp;&amp;(t.imageUrl=t.iconUrl),t=JSON.stringify(t),d.ios.invokeApp("callShare",{options:encodeURIComponent(t),errorcallback:n||"console.log",successcallback:r||"console.log"})};return n},p("share",g))}else{var b=[],y=function(){p._socShare&amp;&amp;p._socShare.init?b.forEach(function(e){p._socShare.init(e)}):setTimeout(y,3e3)};d.io.loadJS("//m.baidu.com/static/searchbox/openjs/share.js?v=1.2",y);var x={source:"client_id",id:"dom_id",image:"pic_url",success:"afterRender"},g=function(e){var t={content:"",client_id:"ZVEpDSsmZ0qxa1gmgDAh1Fje",theme:"native",dom_id:"share",animate:!0,pic_url:"",url:encodeURIComponent(location.href)};return d.isObject(e)&amp;&amp;d.each(e,function(e,n){if(n in x&amp;&amp;(n=x[n]),"order"===n&amp;&amp;d.isArray(e)){var r=[];e.forEach(function(e){"email"===e&amp;&amp;(e="mail"),r.push(e)})}t[n]=e}),delete t.success,delete t.error,delete t.afterRender,"all"===t.order?t.order=["qqdenglu","sinaweibo","renren","kaixin","mail","sms"]:d.isString(t.order)&amp;&amp;(t.order=t.order.split(",")),p._socShare&amp;&amp;p._socShare.init?p._socShare.init(t):b.push(t),function(){p._socShare.ui._shareBtnClickHandler()}};p("share",g)}if(i("common:bdbox/distribute",function(e,t,n,r){var i=e("common:bdbox/schema");e("common:bdbox/utils/detect");var o=e("common:bdbox/each"),a=e("common:bdbox/moplus"),s=r.emptyFn,c={qqDownloadUrl:"http://a.app.qq.com/o/simple.jsp?pkgname=com.baidu.searchbox",androidDownloadUrl:"",iosDownloadUrl:"",iosFailCallback:s,androidFailCallback:s,iosSchema:"",androidSchema:"",androidIntent:"",inBoxCallback:s},u=function(e){var t=this;e&amp;&amp;o(c,function(t,n){e[n]=e[n]||t});var n=this.url=e.url;n&amp;&amp;""!==n?(this.androidIntent="intent://"+n.replace(/^http[s]?:\/\//,"")+"#Intent;scheme=http;action=com.baidu.searchbox.action.VIEW;category=android.intent.category.DEFAULT;end",this.iosSchema="baiduboxapp://easybrowse?openurl="+encodeURIComponent(n)+"&amp;opentype=0&amp;isla=0&amp;append=0&amp;minver=5.3.0.0"):["androidIntent","iosSchema","androidSchema"].forEach(function(n){t[n]=e[n]}),this.options=e,this.fail=function(){if(console.log(r.os.name+" fail"),r.isFunction(e[r.os.name+"FailCallback"])){var t=e[r.os.name+"FailCallback"]();if(r.isBoolean(t)&amp;&amp;!t)return}var n=e[r.os.name+"DownloadUrl"];n&amp;&amp;""!==n&amp;&amp;(location.href=e[r.os.name+"DownloadUrl"])},this.success=function(){return console.log(r.os.name+" success"),r.isFunction(e[r.os.name+"SuccessCallback"])?e[r.os.name+"SuccessCallback"]():void 0}};u.prototype.wechat=function(){var e=this.options;if(r.isFunction(e.wechatCallback)){var t=e.wechatCallback();if(r.isBoolean(t)&amp;&amp;!t)return}e.qqDownloadUrl&amp;&amp;""!==e.qqDownloadUrl&amp;&amp;(location.href=e.qqDownloadUrl)},u.prototype.run=function(){var e=this,t=(e.url,e.options);return r.os.isWechat?e.wechat():r.isBox&amp;&amp;r.isFunction(t.inBoxCallback)?t.inBoxCallback():void this.invoke()},u.prototype.invoke=function(){var e=this;if(r.os.android){var t=a();t.getHVersion(function(n){n?t.sendIntent(e.androidIntent,function(t){0==t.error?e.success():e.fail()},1e3):e.androidSchema?i(e.androidSchema,function(t){t?e.fail():e.success()}):e.fail()})}else i(e.iosSchema,function(t){t?e.fail():e.success()})},n.exports=function(e){return new u(e)}}),each(d,function(e,t){p[t]=e}),e.Box&amp;&amp;e.Box.$)for(var _ in p)e.Box[_]=e.Box[_]||p[_];else e.Box=p}(window,document),define("sf25/components/b-scene-body/b-scene-body",["require","fusion/deps/fusion.best","sfr","sf25/view/sceneRender"],function(e){var t=e("fusion/deps/fusion.best"),n=e("sfr"),r=e("sf25/view/sceneRender"),i={css:"b-scene-body{display:block}\n.sfa-body{font:14px/22px Arial,Helvetica,sans-serif;word-break:break-word;word-wrap:break-word;overflow:hidden;text-align:left}\n.sfa-view b-scene-body.sfa-body{padding-top:0}\n.sfa-body .sfa-results .c-result:first-of-type .c-container:first-of-type{margin-top:0}\n.sfa-body .sfa-top-results .c-result .c-container:first-of-type{margin:0;padding:0}",holdChild:!0,props:{url:{type:String,value:"",onChange:function(){this.getProp("fetch")&amp;&amp;this.fetchResource()}},fetch:{type:Boolean,value:!0}},fetchedResource:null,globals:null,isDOMReady:!1,isSSR:!1};return i.fetchResource=function(e){var t=this.getProp("url");if(!t)return Promise.resolve({});if(!e&amp;&amp;this.fetchedResource&amp;&amp;this.fetchedResource.url===t)return this.fetchedResource.promise;var r=n.http.get(t);return this.fetchedResource={url:t,promise:r},r},i.created=function(){this.globals={},$(this.element).addClass("sfa-body"),$(this.element).children().length&gt;0?(this.isSSR=!0,this.isDOMReady=!0,this.triggerViewEvent("init")):this.getProp("fetch")&amp;&amp;this.fetchResource()},i.attached=function(){},i.getViewEvent=function(){return this.globals.view?this.globals.view:this.isSSR?window.view:!1},i.onViewEvent=function(e,t){var n=this.getViewEvent();return n&amp;&amp;n.on(e,t),n},i.triggerViewEvent=function(e){var t=this.getViewEvent();return t&amp;&amp;t.trigger(e),t},i.showFromCache=function(){this.isDOMReady&amp;&amp;this.triggerViewEvent("start")},i.hideToCache=function(){this.triggerViewEvent("stop")},i.detached=function(){this.$(".sfa-body").children().remove(),this.isDOMReady=!1},i.startRender=function(e){if(this.isSSR)return void this.triggerViewEvent("start");var t=this;this.fetchResource().then(function(n){t.renderBody(n,{options:e}),t.onViewEvent("init",function(){t.isDOMReady=!0,setTimeout(function(){t.triggerViewEvent("start")})}),$(t.element).trigger("rendered")})},i.partialUpdate=function(e,t){$(this.element).attr({url:e}),this.renderBody(null,t),t.view&amp;&amp;t.view.trigger("destroy");var n=this;this.fetchResource().then(function(r){n.renderBody(r,t),$(n.element).trigger("partial-updated",{url:e})})},i.renderBody=function(e,t){t=t||{};var n=this,i=t.container||$(n.element),o=parseInt(Math.random()*(new Date).getTime(),24),a=document.createElement("div");a.setAttribute("id",o),i.html(a),n.globals.container=a,n.globals.createdAt=n.createdAt,e&amp;&amp;e.data&amp;&amp;r(e.data,n.globals,t)},t("b-scene-body",i)}),define("sf25/components/b-scene-header/b-scene-header",["require","fusion/deps/fusion.best","sfr"],function(e){var t=e("fusion/deps/fusion.best"),n=e("sfr"),r={0:"default",1:"none",2:"gray",3:"black",4:"white",5:"blue",10:"tools",11:"medical",12:"edu",13:"game",14:"sport",15:"person",16:"infant",17:"car"},i={css:"b-scene-header{display:block;height:44px}\n.sfa-head{position:fixed;top:0;left:0;z-index:500;width:100%;height:44px;line-height:44px;text-align:center;font-size:20px;background-color:#f8f8f8;color:#333;-webkit-user-select:none;user-select:none;-webkit-transform:translate3d(0,0,0);transform:translate3d(0,0,0)}\n.sfa-head .sfa-back,.sfa-head .sfa-close,.sfa-head .sfa-tool{width:50px;height:44px;float:left;text-align:right}\n.sfa-head .sfa-back i{font-size:22px;padding-right:12px}\n.sfa-head .sfa-close{width:43px}\n.sfa-head .sfa-close span,.sfa-head .sfa-back span{font-size:16px;vertical-align:middle}\n.sfa-head .sfa-tool{float:right;text-align:center}\n.sfa-head .sfa-title .c-line-clamp1{padding:0 8px}\n.sfa-head-style-none{display:none}\n.sfa-head-style-black .sfa-head{background-color:#000;color:#fff}\n.sfa-head-style-gray .sfa-head{background-color:#333;color:#fff}\n.sfa-head-style-white .sfa-head{background-color:#fff;color:#333}\n.sfa-head-style-blue .sfa-head{background-color:#09f;color:#fff}\n.sfa-head-style-tools .sfa-head{background-color:#38F;color:#fff}\n.sfa-head-style-medical .sfa-head{background-color:#029CC6;color:#fff}\n.sfa-head-style-edu .sfa-head{background-color:#02336D;color:#fff}\n.sfa-head-style-game .sfa-head{background-color:#DE3E28;color:#fff}\n.sfa-head-style-sport .sfa-head{background-color:#29002D;color:#fff}\n.sfa-head-style-persion .sfa-head{background-color:#2A2727;color:#fff}\n.sfa-head-style-infant .sfa-head{background-color:#fe9a9c;color:#fff}\n.sfa-head-style-car .sfa-head{background-color:#333444;color:#fff}",tpl:'&lt;div class="sfa-head"&gt;\n    &lt;div class="sfa-back"&gt;&lt;i class="c-icon"&gt;&amp;#xe783&lt;/i&gt;&lt;/div&gt;\n    &lt;div class="sfa-tool"&gt;${toolhtml|raw}&lt;/div&gt;\n    &lt;div class="sfa-title"&gt;\n        &lt;div class="sfa-title-inner c-line-clamp1"&gt;${titlehtml|raw}&lt;/div&gt;\n    &lt;/div&gt;\n&lt;/div&gt;',headClass:"",props:{toolhtml:{type:String,value:"",onChange:function(){this.$(".sfa-tool").html(this.getProp("toolhtml"))}},titlehtml:{type:String,value:"",onChange:function(){this.$(".sfa-title-inner").html(this.getProp("titlehtml"))}},styleid:{type:Number,value:0,onChange:function(){this.updateHeadStyle()}}}};return i.updateHeadStyle=function(){var e=r[this.getProp("styleid")];e&amp;&amp;($(this.element).removeClass(this.headClass),this.headClass="sfa-head-style-"+e,$(this.element).addClass(this.headClass))},i.created=function(){this.updateHeadStyle()},i.attached=function(){this.$(".sfa-back").on("click",function(e){n.action.back(),e.preventDefault()})},i.detached=function(){this.$(".sfa-back").off("click")},t("b-scene-header",i)}),define("sf25/config",["require","sfr"],function(e){function t(e,t,o){return t&amp;&amp;!r()?!1:o&amp;&amp;!i(o)?!1:n(e)}function n(e){var t=a.get(window.page,"comm.superframe")||{};return"0"!==t["sf_"+e+"_enable"]}function r(){return/^(m|www).baidu.com$/.test(location.host)}function i(e){return e===a.get(window.page,"comm.sampleval.WISE_TPL_COMMON_SAMPLE_FLAG")}function o(){if(null!==s)return s;var e="_"+Math.random().toString(36).slice(2),t=document.createElement("script");return t.innerHTML="window."+e+" = !!document.currentScript",document.body.appendChild(t),document.body.removeChild(t),s=window[e],delete window[e],s}var a=e("sfr")._,s=null,c=!!window.view,u={superframe:{loader:{container:c?"sf-app":"www-wise",getRealRequireId:function(e){return c?"sf/app/"+e:e}},action:{root:"/"}},mip:{name:"mip",id:"sf25/service/mipService",enable:!0},search:{name:"search",id:"sf25/service/indexService",enable:!0},marry:{name:"marry",id:"sf25/service/marry/marryService",enable:t("marry",!1),baseUrl:"https://mct.y.nuomi.com/hotshop/salekey/sfmarry/home/index.html"},marryMeitu:{name:"marry-photo",id:"sf25/service/marry/meituService",enable:t("marry",!1),baseUrl:"https://mct.y.nuomi.com/hotshop/salekey/sfmarry/photos/index.html"},novel:{name:"novel",id:"sf25/service/novelService",suspend:function(){return a.get(window,"Box.isIOS")||a.get(window,"Box.isBox")||!1},enable:t("novel",!1,"sf_novel_group_a")},wenku:{name:"wenku",id:"sf25/service/wenku/wenkuService",srcUrl:/^https?:\/\/(?:wk|wenku|wapwenku)\.baidu\.com\/(view\/.*)$/,targetUrl:"/sf_edu_wenku/$1",baseUrl:"https://wk.baidu.com",enable:t("wenku",!1,"sf_wenku_group_b")&amp;&amp;o()},gaokao:{name:"gaokao",id:"sf25/service/wenku/gaokaoService",srcUrl:/^https?:\/\/(?:gaokao|tiku|miti|gk)\.baidu\.com\/(web\/(?:quedetail|singledetail)\/.*)$/,targetUrl:"/sf_edu_gaokao/$1",baseUrl:"https://tiku.baidu.com",enable:t("wenku",!1,"sf_wenku_group_c")},gonglve:{name:"gonglve",id:"sf25/service/wenku/gonglveService",srcUrl:/^https?:\/\/(?:gl|gonglve|gonglue|miji)\.baidu\.com\/(view\/.*)$/,targetUrl:"/sf_edu_gonglve/$1",baseUrl:"https://gl.baidu.com",enable:t("wenku",!1,"sf_wenku_group_a")},yuedu:{name:"yuedu",id:"sf25/service/wenku/yueduService",srcUrl:/^https?:\/\/(?:yd|yuedu)\.baidu\.com\/(?:view|detail|ebook)\/(.*)$/,targetUrl:"/sf_edu_yuedu/ebook/$1",baseUrl:"https://yd.baidu.com",enable:t("wenku",!1,"sf_wenku_group_c")},baike:{name:"baike",id:"sf25/service/baikeService",enable:t("baike",!0),baseUrl:"https://wapbaike.baidu.com"},ecom:{name:"ecom",id:"sf25/service/ecomService",enable:t("ecom"),baseUrl:""},graph:{name:"graph",id:"sf25/service/graphService",enable:t("graph",!0),baseUrl:"https://graph.baidu.com"},image:{name:"image",id:"sf25/service/imageService",enable:t("image",!0),baseUrl:"//image.baidu.com"},kuai:{name:"kuai",id:"sf25/service/kuaiService",enable:t("kuaixing",!0),baseUrl:"//apikuai.baidu.com"},pai:{name:"pai",id:"sf25/service/paiService",srcUrl:/^https?:\/\/p\.baidu\.com\/question\/([a-f0-9]{26})/,targetUrl:"/sf_p/question/$1?top=%7B%22sfhs%22%3A4%7D",enable:t("pai",!1),baseUrl:"//p.baidu.com"},scene:{name:"scene",id:"sf25/service/sceneService",enable:t("scene")},tab:{name:"tab",id:"sf25/service/tabService",enable:t("tab")},tc:{name:"tc",id:"sf25/service/tcdom",enable:t("tc"),baseUrl:location.protocol+"//"+location.host},zhidao:{name:"zhidao",id:"sf25/service/zhidaoService",enable:t("zhidao",!0),baseUrl:"https://zhidao.baidu.com"},headline:{name:"headline",id:"sf25/service/headlineService",enable:!0,baseUrl:"//mib.bdstatic.com"}};return u}),define("iframe-shell/utils/debounce",["require"],function(){return function(e,t){var n;return function(){var r=this,i=arguments,o=function(){n=null,e.apply(r,i)};clearTimeout(n),n=setTimeout(o,t)}}}),define("iframe-shell/viewer",["iframe-shell/utils/debounce"],function(e){var t=function(t){t=t||{},t.target||(t.target=document.body),t.src||(t.src=""),this.config={},this.setConfig(t),this.name="iframe-shell-"+Math.random().toString(36).slice(2);var n=document.createElement("iframe");n.setAttribute("name",this.name),n.setAttribute("data-mip-loader","view"),n.setAttribute("scrolling","yes"),n.setAttribute("sandbox",["allow-top-navigation","allow-popups","allow-scripts","allow-forms","allow-pointer-lock","allow-popups-to-escape-sandbox","allow-same-origin","allow-modals"].join(" ")),this.iframe=n;var r=function(){console.log("resize"),this.render()};return this.resizeLisenter=e(r.bind(this),50),this};return t.prototype={constructor:t,setConfig:function(e){return e=e||{},e.target&amp;&amp;(this.config.target=e.target),e.src&amp;&amp;this.config.src!==e.src&amp;&amp;(this.config.src=e.src,this.srcUpdated=!0),"function"==typeof e.errorHandler&amp;&amp;(this.errorHandler=e.errorHandler),this.config},render:function(){this.config.src&amp;&amp;(this.srcUpdated&amp;&amp;(this.iframe.src=this.config.src,this.srcUpdated=!1),this.iframe.style.height=""+this.config.target.clientHeight+"px")},attach:function(){this._attached||(this._attached=!0,this.iframe.style.display="block",this.inDom()||this.config.target.appendChild(this.iframe),window.addEventListener("resize",this.resizeLisenter),this.iframe.addEventListener("error",this.errorHandler))},inDom:function(){return this.iframe.parentElement===this.config.target},detach:function(e){e&amp;&amp;this.inDom()&amp;&amp;this.config.target.removeChild(this.iframe),this._attached&amp;&amp;(this._attached=!1,this.iframe.style.display="none",window.removeEventListener("resize",this.resizeLisenter),this.iframe.removeEventListener("error",this.errorHandler))},destroy:function(){this.detach(!0),this.iframe=null},errorHandler:function(e){console.error(e)}},t}),function(){function e(){var e=Object.create(n);return e.events={},e}function t(e){this.type=e,this.timeStamp=new Date}var n={};n.on=function(e,t){return this.events.hasOwnProperty(e)?this.events[e].push(t):this.events[e]=[t],this},n.off=function(e,t){return 0===arguments.length?this._offAll():void 0===t?this._offByType(e):this._offByHandler(e,t)},n.trigger=function(e,n){return e instanceof t||(e=new t(e)),this._dispatch(e,n)},n._dispatch=function(e,t){if(this.events.hasOwnProperty(e.type)){t=t||[],t.unshift(e);var n=this.events[e.type]||[];return n.forEach(function(e){return e.apply(null,t)}),this}},n._offByHandler=function(e,t){if(this.events.hasOwnProperty(e)){var n=this.events[e].indexOf(t);return n&gt;-1&amp;&amp;this.events[e].splice(n,1),this}},n._offByType=function(e){return this.events.hasOwnProperty(e)&amp;&amp;delete this.events[e],this},n._offAll=function(){return this.events={},this},e.Event=t,e.mixin=function(t,n){var r=new e;n.map(function(e){t[e]=function(){return r[e].apply(r,arguments)}})},"undefined"!=typeof module&amp;&amp;"undefined"!=typeof module.exports?module.exports=e:"function"==typeof define&amp;&amp;define.amd?define("node_modules/micro-event/dist/micro-event",["require"],function(){return e}):window.Emitter=e}(),define("iframe-shell/utils/event",["node_modules/micro-event/dist/micro-event"],function(e){return function(t){e.mixin(t,["on","off","trigger"])}}),define("iframe-shell/utils/promise",["require"],function(){function e(t){if(!(this instanceof e))throw"Promise must be called with new operator";if("function"!=typeof t)throw"callback not defined";this._handlers=[],this._state="init",this._errors=[],this._results=[],setTimeout(function(){t(this._onFulfilled.bind(this),this._onRejected.bind(this))}.bind(this))}function t(e){return e&amp;&amp;"function"==typeof e.then}return e.prototype.then=function(e){return"fulfilled"===this._state?this._callHandler(e,this._results):this._handlers.push({type:"then",cb:e}),this},e.prototype.catch=function(e){return"rejected"===this._state?this._callHandler(e,this._errors):this._handlers.push({type:"catch",cb:e}),this},e.prototype.finally=function(e){"fulfilled"===this._state?this._callHandler(e,this._results):"rejected"===this._state?this._callHandler(e,this._errors):this._handlers.push({type:"finally",cb:e})},e.resolve=function(n){var r=arguments;return t(n)?n:new e(function(e){return e.apply(null,r)})},e.reject=function(){var t=arguments;return new e(function(e,n){return n.apply(null,t)})},e.all=function(t){var n=t.map(function(){return void 0}),r=0,i="pending";return new e(function(o,a){function s(){"pending"===i&amp;&amp;(i="fulfilled",o(n))}function c(){"pending"===i&amp;&amp;(i="rejected",a.apply(null,arguments))}t.map(e.resolve).forEach(function(e,i){e.then(function(e){n[i]=e,r++,r===t.length&amp;&amp;s()}).catch(c)})})},e.prototype._onFulfilled=function(e){if(t(e))return e.then(this._onFulfilled.bind(this)).catch(this._onRejected.bind(this));this._results=arguments;var n=this._getNextHandler("then");return n?this._callHandler(n,this._results):(n=this._getNextHandler("finally"))?this._callHandler(n,this._results):void(this._state="fulfilled")},e.prototype._onRejected=function(){this._errors=arguments;var e=this._getNextHandler("catch");return e?this._callHandler(e,this._errors):(e=this._getNextHandler("finally"))?this._callHandler(e,this._errors):void(this._state="rejected")},e.prototype._callHandler=function(e,t){var n,r=null;try{n=e.apply(null,t)}catch(i){r=i}r?this._onRejected(r):this._onFulfilled(n)},e.prototype._getNextHandler=function(e){for(var t;(t=this._handlers.shift())&amp;&amp;t.type!==e;);return t?t.cb:null},e}),define("iframe-shell/utils/extend",["require"],function(){var e={}.hasOwnProperty;return function(t,n){for(var r in n)e.call(n,r)&amp;&amp;(t[r]=n[r])}}),define("iframe-shell/messenger",["iframe-shell/utils/event","iframe-shell/utils/promise","iframe-shell/utils/extend"],function(e,t,n){function r(){return(1e3*(new Date).getTime()+Math.ceil(1e3*Math.random())).toString(36)}var i={twoWay:"two-way"},o={request:"PM_REQUEST",response:"PM_RESPONSE"},a={},s=function(t){return e(this),this.targetWindow=t.targetWindow||top,this.targetOrigin=t.targetOrigin||"*",this.sourceOrigins=t.sourceOrigins||["*"],this.timeout=t.timeout||500,this.name=t.name||window.name,this.defers={},this.handlers={},a[this.name]&amp;&amp;console.warn("The old messenger created for target %O will be replaced by the new one.",this.name),a[this.name]=this,s.bindHandler(),this},c=function(e){var t=a[e.data.name];if(t)t.processMessageEvent(e);else for(var n in a)a[n].processMessageEvent(e)};return s.bindHandler=function(){window.removeEventListener("message",c),window.addEventListener("message",c)},s.prototype={processMessageEvent:function(e){for(var t=e.origin||e.originalEvent.origin,r=this,a=!1,s=0;s&lt;r.sourceOrigins.length;s++){var c=r.sourceOrigins[s];if("*"===c){a=!0;break}if(c===t){a=!0;break}}if(!a)return void console.warn("Origin "+t+" is not safe, ignore event",e);var u=e.data;if(!u)return void console.warn("Event data %O is invalid, missing data.",e);if(u.type===i.twoWay){if(!u.sentinel||!u.sessionId)return void console.warn("Event data %O is invalid, missing sentinel or/and sessionId.",u);if(u.sentinel===o.request){var l={};if(r.handlers[u.event])try{l=r.handlers[u.event].call(r,u)}catch(d){l={error:d}}else console.warn("Event "+u.event+" has no handler.");var f=function(e){e=e||{},n(e,{type:i.twoWay,sentinel:o.response,sessionId:u.sessionId,name:r.name}),r.targetWindow.postMessage(e,r.targetOrigin)};l&amp;&amp;"function"==typeof l.then?l.then(function(e){f(e)}).catch(function(e){f({error:e})}):f(l)}else if(u.sentinel===o.response){console.log("response!",u);var p=r.defers[u.sessionId];if(delete r.defers[u.sessionId],!p)return void console.warn("Event session is not found for two-way communication",u.sessionId);clearTimeout(p.timer),u.error?p.reject(u.error):p.resolve(u)}else console.warn("Event sentinel is invalid ",u.sentinel)}else{if(!u||!u.event)return void console.warn("Event data %O is invalid, missing event name.",u);r.trigger(u.event,[u]),r.trigger("recivemessage",[u])}},sendMessage:function(e,a,s){var c=this;return new t(function(t,u){var l={name:c.name,event:e},d=r();s?(n(l,{type:i.twoWay,sentinel:o.request,sessionId:d}),c.defers[d]={resolve:t.bind(this),reject:u.bind(this),timer:setTimeout(function(){delete c.defers[d],u(new Error("timeout"))},c.timeout)}):setTimeout(t,0),n(l,a),c.targetWindow.postMessage(l,c.targetOrigin)})},setHandler:function(e,t){if("function"!=typeof t)throw new Error("Invalid handler for event "+e);this.handlers[e]=t},removeHandler:function(e){this.handlers[e]=void 0},destory:function(){delete a[this.name]}},s.prototype.constructor=s,s}),define("iframe-shell/loader",["iframe-shell/viewer","iframe-shell/messenger","iframe-shell/utils/event","iframe-shell/utils/extend"],function(e,t,n,r){var i="https:"===location.protocol?"https:":"http:",o=function(e){return e=""+e,0===e.indexOf("//")?!0:0===e.indexOf("https://")},a=i+"//mipcache.bdstatic.com/c/",s=function(e){return e=""+e,!!e.match(/^(https?:)?\/\/mipcache\.bdstatic\.com\/c\//)},c=function(e){var t=e.split("//");t.shift();var n=t.join("//");return o(e)?a+"s/"+n:a+n},u=function(t,r){return n(this),this.config=t||{},this.Viewer=r||e,this};return u.prototype={getFinalUrl:function(){var e=this.config.url||"";if(!e)return e;if(s(e))return e;var t=this.config.useMipCache;return t||"https:"!==i||o(e)||(t=!0),t?c(e):e},getRelativeUrl:function(e){var t=this.config.url;if(0===e.indexOf("//")){var n=t.match(/(^.*:)\/\//);n=n?n[1]:location.protocol,e=n+e}return e},getViewerConfig:function(){var e={};return r(e,this.config.viewer||{}),e.src=this.getFinalUrl(),e.errorHandler=this.errorHandler.bind(this),e},getMessageHandlers:function(){return this.messageHandlers?this.messageHandlers:(this.messageHandlers={},this.messageHandlers)},attachMessageHandlers:function(){var e=this.getMessageHandlers();for(var t in e)this.messenger.setHandler(t,e[t]);var n=this;this.allMessageHandler=function(t,r){e[r.event]&amp;&amp;e[r.event](r),n.trigger("mip-"+r.event,[r])},this.messenger.on("recivemessage",this.allMessageHandler)},detachMessageHandlers:function(){var e=this.getMessageHandlers();for(var t in e)this.messenger.removeHandler(t);this.messenger.off("recivemessage",this.allMessageHandler)},errorHandler:function(e){console.log(e)},setConfig:function(e,t){r(this.config,e),t||this.update()},create:function(){this._created||this._destoyed||(this._created=!0,this.trigger("create"),this.viewer=new this.Viewer(this.getViewerConfig()),this.messenger=new t({targetWindow:this.viewer.iframe.contentWindow,name:this.viewer.name}),this.trigger("created"))},attach:function(){this._attached||(this._attached=!0,this.trigger("attach"),this.viewer.attach(),this.attachMessageHandlers(),this.viewer.render(),this.trigger("attached"))},update:function(){this._created&amp;&amp;(this.trigger("update"),this.viewer.setConfig(this.getViewerConfig()),this.viewer.render(),this.trigger("updated"))},detach:function(){this._attached&amp;&amp;(this._attached=!1,this.trigger("detach"),this.detachMessageHandlers(),this.viewer.detach(),this.trigger("detached"))},destroy:function(){this._created&amp;&amp;!this._destoyed&amp;&amp;(this._attached&amp;&amp;this.detach(),this._destoyed=!0,this.trigger("destroy"),this.messenger.destory(),this.viewer.destroy(),this.viewer=null,this.trigger("destroyed"))}},u.prototype.constructor=u,u}),define("sf25/lib/boxLog",["require","uiamd/bdbox/base"],function(e){var t=e("uiamd/bdbox/base");return{start:function(e){try{t.isIOS&amp;&amp;t.ios.invokeApp("utils",{action:"ubcReport",params:encodeURIComponent(JSON.stringify({actionId:"101",value:JSON.stringify({url:e.url,type:"0",errorcode:"0",from:"sf"})})),minver:"7.3.0.0"})}catch(n){}},stop:function(e){try{t.isIOS&amp;&amp;t.ios.invokeApp("utils",{action:"ubcReport",params:encodeURIComponent(JSON.stringify({actionId:"98",value:JSON.stringify({url:e.url,from:"sf"})})),minver:"7.3.0.0"})}catch(n){}}}}),define("sf25/lib/cambrianBar",["require","../../pmd/share/share","uiamd/bdbox/base","sf25/lib/cambrianBarSub"],function(e){function t(e){return String(e).replace(/[^\x00-\xff]/g,"ci").length}function n(e,n,r){return e=String(e),r=r||"",0&gt;n||t(e)&lt;=n?e+r:(e=e.substr(0,n).replace(/([^\x00-\xff])/g,"$1 ").substr(0,n).replace(/[^\x00-\xff]$/,"").replace(/([^\x00-\xff]) /g,"$1"),e+r)}function r(e,t){return e+=e.indexOf("?")&gt;=0?"&amp;":"?",e+$.param(t)}function i(e){_.appid=e,$.ajax({type:"GET",url:w,data:{office_id:e,check_sub:0,homepage_from:"dusite_artdetail_nusub",url:decodeURIComponent(h.originUrl)},dataType:"jsonp",success:function(e){e&amp;&amp;0===e.code&amp;&amp;($.extend(_,e.data),c(),u()),o()},error:function(){o()}})}function o(){k.tool&amp;&amp;k.tool.show()}function a(e){e&amp;&amp;"cambrian"===e.type&amp;&amp;(_.name=e.title,_.avatar=e.logo,s())}function s(){var e=h.view.$sfHead.find(".sfa-title");k.tool=h.view.$sfHead.find(".sfa-tool"),k.tool.hide();var r=navigator.userAgent;r.match(/light/i)&amp;&amp;h.view.$sfHead.find(".sfa-back").hide();var i=_.name;t(i)&gt;12&amp;&amp;(i=n(_.name,10,"..."));var o=['&lt;div class="cambrian-wraper"&gt;','&lt;div class="c-line-clamp1" style="'+S.content+'"&gt;','&lt;a href="javascript:void(0);" class="cambrian-wraper-inner"&gt;','&lt;img class="cambrian-avatar" style="'+S.avatar+'" src="'+_.avatar+'" width=22 height=22 alt=""&gt;','&lt;span class="cambrian-title" style="'+S.nameText+'"&gt;'+i+"&lt;/span&gt;",'&lt;i class="c-icon cambrian-arrow" style="'+S.nameArrow+'"&gt;&amp;#xe732&lt;/i&gt;',"&lt;/a&gt;","&lt;/div&gt;","&lt;/div&gt;"];e.html(o.join("")),$('&lt;style id="cambrianstyle"&gt;'+S.cambrainCss+"&lt;/style&gt;").appendTo("#super-frame .sfa-head"),k.titleEl=e,k.wrapperIn=e.find(".cambrian-wraper-inner"),k.avatar=e.find(".cambrian-avatar"),k.name=e.find(".cambrian-title"),k.arrow=e.find(".cambrian-arrow"),k.arrow.hide()}function c(){k.titleEl||s();var e=_.name;t(e)&gt;12&amp;&amp;(e=n(_.name,10,"...")),k.name.html(e),k.avatar.attr("src",_.avatar),_.homepage&amp;&amp;(k.arrow.css("display","inline-block").show(),k.wrapperIn.attr("href",r(_.homepage,{ct:57,cst:1})))}function u(){var e,t={icon:"&amp;#xe63a",text:"分享",click:function(){page.log.send({ct:57,cst:3,clk_extra:JSON.stringify({a:_.appid,u:h.originUrl})});var e={url:_.article.share_url?r(_.article.share_url,{ct:57,cst:17}):location.href.toString().replace("tn=normal","tn=nohead"),title:_.article.title||"来百度关注"+_.name+"有惊喜",content:"好友给您分享了一篇来自"+_.name+"的文章，点击立即查看精彩内容。",iconUrl:_.article.thumbnail_url&amp;&amp;_.article.thumbnail_url[0]||_.avatar,loginfo:{clk_from:"mms_mip"}},t=new m(e);t.popup()}},n={icon:"&amp;#xe639",text:"查看官方号",click:function(){location.href=r(_.homepage,{ct:57,cst:4})}},i={icon:"&amp;#xe63e",text:"咨询",click:function(){page.log.send({ct:57,cst:5,clk_extra:JSON.stringify({a:_.appid,u:h.originUrl})}),_.is_login?l():d()}};e=_.homepage?g.version_compare(g.getVersion(),y)&gt;=0?[t,n,i]:[t,n]:g.version_compare(g.getVersion(),y)&gt;=0?[t,i]:[t],h.view.setHeadActionIcons(e,{maxIcons:1}),k.tool.on("click",".sfa-action-more",function(){page.log.send({ct:57,cst:2,clk_extra:JSON.stringify({a:_.appid,u:h.originUrl})})})}function l(){g.isIOS?g.ios.invokeApp("invokePlug",{action:"open",params:encodeURIComponent(JSON.stringify({plugin_id:"box.plugin.cambrian",args:"source_app=baiduboxapp&amp;referer=myduzhan&amp;paid="+_.pa_uid+"&amp;title="+_.name+"&amp;method_name=invokeChat"})),minver:y}):g.isAndroid&amp;&amp;g.android.invokeApp("Bdbox_android_plugin","invokePlugin",[JSON.stringify({package_name:"com.baidu.cambrian",method_name:"invokeChat",params:{paid:_.pa_uid,title:_.name}})])}function d(){var e={tpl:"cambrian",third_login:1};g.isIOS?(e.func=T,g.ios.invokeApp("account",{action:"logindialog",params:JSON.stringify(e),minver:"5.5.0.0"},"")):g.isAndroid&amp;&amp;g.android.invokeApp("Bdbox_android_account","loginDialog",[JSON.stringify(e),T])}function f(){a(h.titleExtra),h.loader.on("mip-cambrian-header",function(e,t){i(t.data||"")})}function p(e){var t=new RegExp("(^|_)"+e+"(_|$)");return t.test(page.comm.sids)}var h,m=e("../../pmd/share/share"),g=e("uiamd/bdbox/base"),v=e("sf25/lib/cambrianBarSub"),w="//msite.baidu.com/home/bar",b="116766",y="8.5.0.0",x={},_={},k={},S={content:"height: 44px;margin:0 auto;position:relative;",avatarCon:"display:inline-block;position:relative;overflow:hidden;",avatar:"border-radius:50%;position:relative;top:-1px;vertical-align: middle;",nameCon:"display:inline-block;height:44px;overflow:hidden;",nameText:"overflow:hidden;text-overflow:ellipsis;color:#333;text-decoration:none;vertical-align: middle;margin-left: 10px;",nameArrow:"font-size: 10px;color:#333;margin-left:3px;display:inline-block;-ms-transform:scale(.6);-moz-transform:scale(.6);-webkit-transform:scale(.6);transform:scale(.6);vertical-align:middle;",wrapper:".sfa-title .cambrian-wraper-inner:active{background: rgba(51,51,51,.4);color:#333;}",cambrainCss:".sfa-head .sfa-title,.sfa-head .sfa-back,.sfa-head .sfa-tool,.sfa-head .sfa-action-item{-webkit-tap-highlight-color:transparent;}.sfa-head .sfa-title{padding: 0;}.sfa-title .cambrian-wraper{margin: 0 48px 0 52px;}.sfa-title .cambrian-wraper-inner{display:block;text-decoration: none;color:#333;-webkit-tap-highlight-color:rgba(51,51,51,.4);position: absolute;line-height: normal;top: 50%;left: 50%;-webkit-transform: translate(-50%, -50%);-moz-transform: translate(-50%, -50%);-ms-transform: translate(-50%, -50%);-o-transform: translate(-50%, -50%);transform: translate(-50%, -50%);}"},T="_SF_CAMBRIAN_"+(new Date).getTime()+"_";return window[T]=function(e){0===parseInt(e,10)&amp;&amp;(_.is_login=!0,l())},x.setup=function(e){g.isBox&amp;&amp;(k={},_={},h=e,p(b)?v.setup(h):f())},x}),define("sf25/lib/cambrianBarSub",["require","../../pmd/share/share","uiamd/bdbox/base","uiamd/bdbox/follow"],function(e){function t(e){return String(e).replace(/[^\x00-\xff]/g,"ci").length}function n(e,n,r){return e=String(e),r=r||"",0&gt;n||t(e)&lt;=n?e+r:(e=e.substr(0,n).replace(/([^\x00-\xff])/g,"$1 ").substr(0,n).replace(/[^\x00-\xff]$/,"").replace(/([^\x00-\xff]) /g,"$1"),e+r)}function r(e,t){return e+=e.indexOf("?")&gt;=0?"&amp;":"?",e+$.param(t)}function i(e){b.appid=e,$.ajax({type:"GET",url:g,data:{office_id:e,check_sub:1,homepage_from:"dusite_artdetail_sub",url:decodeURIComponent(f.originUrl)},dataType:"jsonp",success:function(e){e&amp;&amp;0===e.code&amp;&amp;($.extend(b,e.data),c(),u()),o()},error:function(){o()}})}function o(){y.tool&amp;&amp;y.tool.show()}function a(e){e&amp;&amp;"cambrian"===e.type&amp;&amp;(b.name=e.title,b.avatar=e.logo,s())}function s(){var e=f.view.$sfHead.find(".sfa-title");y.tool=f.view.$sfHead.find(".sfa-tool"),y.tool.hide();var r=navigator.userAgent;r.match(/light/i)&amp;&amp;f.view.$sfHead.find(".sfa-back").hide();var i=b.name;t(i)&gt;10&amp;&amp;(i=n(b.name,8,"..."));var o=['&lt;div class="cambrian-wraper"&gt;','&lt;div class="c-line-clamp1" style="'+x.content+'"&gt;','&lt;a class="cambrian-wraper-inner" href="javascript:void(0);"&gt;','&lt;img class="cambrian-avatar" style="'+x.avatar+'" src="'+b.avatar+'" width=22 height=22 alt=""&gt;','&lt;span class="cambrian-title" style="'+x.nameText+'"&gt;'+i+"&lt;/span&gt;","&lt;/a&gt;",'&lt;div class="cambrain-subscribe" style="'+x.subscribe+'"&gt;关注&lt;/div&gt;',"&lt;/div&gt;","&lt;/div&gt;"];e.html(o.join("")),$('&lt;style id="cambrianstyle"&gt;'+x.cambrainCss+"&lt;/style&gt;").appendTo("#super-frame .sfa-head"),y.titleEl=e,y.avatar=e.find(".cambrian-avatar"),y.name=e.find(".cambrian-title"),y.subscribe=e.find(".cambrain-subscribe").hide()}function c(){y.titleEl||s();var e=b.name;t(e)&gt;10&amp;&amp;(e=n(b.name,8,"...")),y.name.html(e),y.avatar.attr("src",b.avatar),b.subscribe&amp;&amp;(y.subscribe.html("已关注"),y.subscribe.addClass("cambrain-subscribe-added")),y.subscribe.show(),b.homepage&amp;&amp;(y.titleEl.find(".cambrian-wraper-inner").attr("href",r(b.homepage,{ct:57,cst:1})),$('&lt;style id="cambrianstyle-active"&gt;'+x.wrapper+"&lt;/style&gt;").appendTo("#super-frame .sfa-head"));var i=new m("cambrian",{onLine:1}),o=function(){b.subscribe?(y.subscribe.removeClass("cambrain-subscribe-added"),y.subscribe.html("关注"),i.toast({type:"tips",text:"已取消关注"})):(y.subscribe.addClass("cambrain-subscribe-added"),y.subscribe.html("已关注"),i.toast({type:"click"})),b.subscribe=!b.subscribe};y.subscribe.on("click",function(){var e={type:"dusite",op_type:b.subscribe?"cancel":"add",sfrom:"dusite",source:"dusite_se_landingpage",third_id:b.appid};page.log.send(b.subscribe?{ct:57,cst:19,clk_extra:JSON.stringify({a:b.appid,u:f.originUrl})}:{ct:57,cst:18,clk_extra:JSON.stringify({a:b.appid,u:f.originUrl})}),i.subscribe(e,o)})}function u(){var e={icon:"&amp;#xe63a",text:"分享",click:function(){page.log.send({ct:57,cst:3,clk_extra:JSON.stringify({a:b.appid,u:f.originUrl})});var e={url:b.article.share_url?r(b.article.share_url,{ct:57,cst:17}):location.href.toString().replace("tn=normal","tn=nohead"),title:b.article.title||"来百度关注"+b.name+"有惊喜",content:"好友给您分享了一篇来自"+b.name+"的文章，点击立即查看精彩内容。",iconUrl:b.article.thumbnail_url&amp;&amp;b.article.thumbnail_url[0]||b.avatar,loginfo:{clk_from:"mms_mip"}},t=new p(e);t.popup()}},t={icon:"&amp;#xe63e",text:"咨询",click:function(){page.log.send({ct:57,cst:5,clk_extra:JSON.stringify({a:b.appid,u:f.originUrl})}),b.is_login?l():d()}},n=[];n=h.version_compare(h.getVersion(),v)&gt;=0?[e,t]:[e],f.view.setHeadActionIcons(n,{maxIcons:1}),y.tool.on("click",".sfa-action-more",function(){page.log.send({ct:57,cst:2,clk_extra:JSON.stringify({a:b.appid,u:f.originUrl})})})}function l(){h.isIOS?h.ios.invokeApp("invokePlug",{action:"open",params:encodeURIComponent(JSON.stringify({plugin_id:"box.plugin.cambrian",args:"source_app=baiduboxapp&amp;referer=myduzhan&amp;paid="+b.pa_uid+"&amp;title="+b.name+"&amp;method_name=invokeChat"})),minver:v}):h.isAndroid&amp;&amp;h.android.invokeApp("Bdbox_android_plugin","invokePlugin",[JSON.stringify({package_name:"com.baidu.cambrian",method_name:"invokeChat",params:{paid:b.pa_uid,title:b.name}})])}function d(){var e={tpl:"cambrian",third_login:1};h.isIOS?(e.func=_,h.ios.invokeApp("account",{action:"logindialog",params:JSON.stringify(e),minver:"5.5.0.0"},"")):h.isAndroid&amp;&amp;h.android.invokeApp("Bdbox_android_account","loginDialog",[JSON.stringify(e),_])}var f,p=e("../../pmd/share/share"),h=e("uiamd/bdbox/base"),m=e("uiamd/bdbox/follow"),g="//msite.baidu.com/home/bar",v="8.5.0.0",w={},b={},y={},x={content:"height: 44px;margin:0 auto;position:relative;",avatar:"border-radius:50%;position:relative;top:-1px;vertical-align: middle;",nameText:"overflow:hidden;text-overflow:ellipsis;color:#333;text-decoration:none;vertical-align: middle;margin-left: 10px;",subscribe:"position:absolute;font-size:12px;-webkit-box-sizing:border-box;-moz-box-sizing:border-box;box-sizing:border-box;text-align:center;line-height:normal;",wrapper:".sfa-title .cambrian-wraper-inner:active{color:#333;}",cambrainCss:".sfa-head .sfa-title,.sfa-head .sfa-back,.sfa-head .sfa-tool,.sfa-head .sfa-action-item{-webkit-tap-highlight-color:transparent;}.sfa-head .sfa-title{padding: 0;}.sfa-title .cambrian-wraper{margin: 0 48px 0 52px;}.sfa-head .cambrian-wraper-inner{display:block;margin: 0 auto;position: absolute;line-height: normal;top: 50%;left: 50%;-webkit-transform: translate(-50%, -50%);-moz-transform: translate(-50%, -50%);-ms-transform: translate(-50%, -50%);-o-transform: translate(-50%, -50%);transform: translate(-50%, -50%);-webkit-tap-highlight-color:rgba(51,51,51,.4);}.sfa-title .cambrian-title{max-width:100px;background:#fff;}.sfa-title .cambrain-subscribe{width:54px;padding:3px 0;top:10px;right:0;color:#333;border: 1px solid #333;}.sfa-title .cambrain-subscribe:active{background:rgba(0, 0, 0, .05);}.sfa-title .cambrain-subscribe-added{color:#999;border:1px solid #999;}@media screen and (max-width: 320px){.sfa-title .cambrian-title{max-width:88px;}.sfa-title .cambrain-subscribe{width:48px;padding:3px 0;}}"},_="_SF_CAMBRIAN_"+(new Date).getTime()+"_";return window[_]=function(e){0===parseInt(e,10)&amp;&amp;(b.is_login=!0,l())},w.setup=function(e){h.isBox&amp;&amp;(y={},b={},f=e,a(f.titleExtra),f.loader.on("mip-cambrian-header",function(e,t){i(t.data||"")}))},w}),define("sf25/lib/mipperflog",["require"],function(){var e=function(e,t){this.baseUrl=page.https.domain.get("http://sestat.baidu.com/mpwb.gif"),this.timing=e,this.duration={},this.params={type:3,fm:"disp"},this.status=0,this.error=0;try{this.clksig=page.utils.getEventSignature(t.event)}catch(n){}};return e.prototype.setErrorCode=function(e){0===e?(this.status=0,this.error=0):(this.status=1,this.error=e)},e.prototype.sendLog=function(){if(!this.logSent){this.logSent=!0,this.clearSendTimeout();var e=$.extend({},this.duration,{status:this.status,error:this.error,sig:this.clksig}),t=$.extend({},this.params,{data:JSON.stringify(e)});t=$.param(t,!0);var n=new Image;n.src=this.baseUrl+"?"+t}},e.prototype.setDuration=function(e,t,n){if(this.timing[t]&amp;&amp;this.timing[n]){var r=this.timing[n]-this.timing[t];return r&gt;1e4||isNaN(r)||1/0===r?!0:(this.duration[e]=r,!0)}return!1},e.prototype.updateTiming=function(e){for(var t in e)this.timing[t]=e[t];var n=!0;n&amp;=this.setDuration("stm","userClickTime","sfMipStartTime"),n&amp;=this.setDuration("dtm","userClickTime","MIPStart"),n&amp;=this.setDuration("atm","userClickTime","MIPPageShow"),n&amp;=this.setDuration("rtm","MIPStart","MIPDomContentLoaded"),n&amp;=this.setDuration("otm","MIPPageShow","MIPFirstScreen"),this.setDuration("ntm","fetchStart","responseEnd"),n&amp;&amp;this.sendLog()},e.prototype.setSendTimeout=function(e){this.clearSendTimeout();var t=this;this.timeoutId=setTimeout(function(){this.mipCanPerf?(t.duration.ltm=t.duration.ltm||Date.now()-this.timing.userClickTime,t.setErrorCode(1),t.sendLog()):t.sendLog()},e)},e.prototype.clearSendTimeout=function(){this.timeoutId&amp;&amp;clearTimeout(this.timeoutId),this.timeoutId=void 0},e}),define("sf25/lib/monitor",["require","sf25/view/viewFactory"],function(e){function t(e){return e?e.service&amp;&amp;e.service.name?e.query&amp;&amp;e.query.actname&amp;&amp;"act_sf_mip"===e.query.actname?"sf-mip":e.service.name:e.pathPattern?e.pathPattern.toString():"":"invalid"}function n(e){var n=t(e);if("scene"===n){var r=o.get(e.url);if(!r||!r.$sfBody)return!1;var i=r.$sfBody.find(".c-result").length,a=r.$sfBody.find(".sfa-noresult-tips").length;return r.$sfBody.height()&lt;50&amp;&amp;!i&amp;&amp;!a?!0:!1}return"tab"===n?e.service.getContainer(e).find("b-scene-body").height()&lt;50:$("#sfr-app .sfa-body").height()&lt;50}function r(e,n){e=e||{},e.svc=t(n),e.query=page&amp;&amp;page.comm&amp;&amp;page.comm.query||"",e.lid=page&amp;&amp;page.comm&amp;&amp;page.comm.lid||"",e.tanet=page&amp;&amp;page.comm&amp;&amp;page.comm.tanet||0,("scene"===e.svc||"tab"===e.svc)&amp;&amp;(e.pd=n&amp;&amp;n.query&amp;&amp;n.query.pd||"invalid",n&amp;&amp;n.query&amp;&amp;n.query.atn&amp;&amp;(e.atn=n.query.atn));var r="type=sfmonitor&amp;terminal=sf";for(var o in e)r+="&amp;"+o+"="+e[o];var a=new Image;a.src=page.https.domain.get(i+"?"+r)}var i="http://sestat.baidu.com/cm.gif",o=e("sf25/view/viewFactory"),a={},s=[],c=[],u=[{type:"timeout3s",time:3e3},{type:"timeoutfirst",time:6e3}];return a.start=function(e){e&amp;&amp;e.options&amp;&amp;void 0!==e.options.id&amp;&amp;(s[e.options.id]||(s[e.options.id]={}),s[e.options.id].startTime=(new Date).getTime(),u.forEach(function(t,i){c[i]||(c[i]=[]),c[i][e.options.id]=setTimeout(function(){n(e)&amp;&amp;r({st:t.type},e)},t.time)}))},a.stop=function(e){if(e&amp;&amp;e.options&amp;&amp;void 0!==e.options.id){s[e.options.id]||(s[e.options.id]={});var t=s[e.options.id].startTime||0;if(n(e)){var i=(new Date).getTime()-t;r({leave:i},e)}delete s[e.options.id],u.forEach(function(t,n){c[n]&amp;&amp;c[n][e.options.id]&amp;&amp;clearTimeout(c[n][e.options.id])})}},a}),define("sf25/lib/scriptLoader",["require"],function(){function e(e){var o=i();if(!o)return console.warn("Unable to find current script."),void r(e);var a=o.getAttribute("data-evaluator-id");if(!a)return console.warn("Unable to find fp, dynamic loaded &lt;script&gt;?",o),void r(e);for(var s=t(a),c=s.pendingScripts,u=0,l=parseInt(o.getAttribute("data-script-index"),10);u&lt;c.length&amp;&amp;c[u].index&lt;=l;)u++;c.splice(u,0,{index:l,fn:e}),setTimeout(n.bind(null,s))}function t(e){return o[e]||(o[e]={lastIndex:-1,fp:window[e],pendingScripts:[]}),o[e]}function n(e){for(var t=e.pendingScripts;t.length&amp;&amp;t[0].index&lt;=e.lastIndex+1;){var n=t.shift();setTimeout(e.fp.bind(window,n.fn)),e.lastIndex=Math.max(n.index,e.lastIndex)}}function r(e){var t=_SF_?_SF_.vw:{},n=_SF_?_SF_.page:{},r=_SF_?_SF_._global_:{};e.call(window,t,n,r)}function i(){if(document.currentScript)return document.currentScript;for(var e=document.getElementsByTagName("script"),t=e.length;t--;){var n=e[t];if("interactive"===n.readyState)return n}return null}var o={};return window._superframeJSLoader=e,{loader:e}}),define("sf25/lib/webbDisp",["require"],function(){function e(e){return e?e.service&amp;&amp;e.service.name?e.service.name:e.pathPattern?e.pathPattern.toString():"":"invalid"}function t(e){return e&amp;&amp;e.options&amp;&amp;e.options.id?r+e.options.id:r+"00"}function n(e){return e.event&amp;&amp;"object"==typeof page&amp;&amp;page.utils&amp;&amp;page.utils.getEventSignature?page.utils.getEventSignature(e.event):void 0}var r=""+Date.now()+Math.round(1e3*Math.random()),i=[];return{start:function(r,o){var a={type:"wp_sf",action:"show",ext:{pd:e(r),sfname:"2.5",applid:t(r)}},s=n(o);s&amp;&amp;(a.ext.sig=s),i.push(s),window.webb&amp;&amp;webb.ia&amp;&amp;webb.ia.send(a)},stop:function(n){var r={type:"wp_sf",action:"close",ext:{pd:e(n),sfname:"2.5",applid:t(n),sig:i.pop()}};window.webb&amp;&amp;webb.ia&amp;&amp;webb.ia.send(r)},domready:function(r,i,o){window.webb&amp;&amp;webb.disp&amp;&amp;webb.disp.set("base_sf25",function(){var a=e(i),s={size:{doc:{w:r.vw&amp;&amp;r.vw.container?$(r.vw.container).width():0,h:r.vw&amp;&amp;r.vw.container?$(r.vw.container).height():0},wind:{w:$(window).width(),h:$(window).height()},scr:{w:screen.width,h:screen.height}},vsb:document.visibilityState?document.visibilityState:0,applid:t(i),sig:n(o)};return a&amp;&amp;(s.pd=a),s.num=1,s}).sendDisp()}}}),define("sf25/resource/sceneResource",["sfr"],function(e){var t=e.resource,n=e.cache,r=n.create("sceneResouce",{limit:20}),i=function(e){return this.url=e,this};return i.prototype.getPage=function(e){return this.queryPromise?e&amp;&amp;new t(this.url).query():(this.resource=new t(this.url),this.queryPromise=this.resource.query()),this.queryPromise},i.getInstance=function(e,t){t=t||"&amp;mod=1",e+=t;var n;return(n=r.get(e))?n:(n=new i(e),r.set(e,n),n)},i}),define("sf25/resource/stream",["require"],function(){function e(){this.buffer=[],this.events={data:null,end:null,readable:null,error:null},this.state=t,this.err=null}var t=1,n=2,r=3;return e.prototype.on=function(e,t){if("function"!=typeof t)throw new Error("callback is not a function:"+t);this.events[e]=t,this.flush()},e.prototype.write=function(e){this.buffer.push(e),this.flush()},e.prototype.error=function(e){this.err=e||new Error("unkown error"),this.flush()},e.prototype.end=function(){this.state===t&amp;&amp;(this.state=n,this.flush())},e.prototype.read=function(){return this.buffer.shift()},e.prototype.flush=function(){if(this.err)return void(this.events.error&amp;&amp;(this.events.error(this.err),this.events.error=null));for(this.buffer.length&amp;&amp;this.events.readable&amp;&amp;(this.events.readable(),this.events.readable=null);this.buffer.length&amp;&amp;this.events.data;)this.events.data(this.read());this.state===n&amp;&amp;this.events.end&amp;&amp;(this.state=r,this.events.end())},e}),define("sf25/resource/template",["sfr","sf25/resource/stream"],function(e,t){function n(e,n){var i,o,a=new t,l=s.createTokenStream(e,n),d="";return l.on("data",function(e){for(d+=e;(i=c.exec(d))&amp;&amp;(o=u.exec(d));){var t=r(i[0]),n=i.index+i[0].length;t.innerHTML=d.slice(n,o.index),d=d.substr(o.index+o[0].length),a.write(t)}}),l.on("end",function(){a.end()}),l.on("error",function(e){a.error(e)}),a}function r(e){for(var t,n=e.replace(/^&lt;template/i,"").replace(new RegExp("&gt;$"),""),r=/([\w-]+)(?:=('[^']*'|"[^"]*"))?/g,i={};t=r.exec(n);){var o=t[1],a=(t[2]||"").slice(1,-1);i[o]=a}return i}function i(e,n){function r(){var e=this.responseText.length;if(s!==e){var t=this.responseText.substring(s,e);s=e,i.write(t)}}n=a.defaultsDeep({xhrFields:{onprogress:r}},n);var i=new t,s=0;return n.url=e,o.ajax(e,n).catch(function(e){throw e.code="EFETCH",e}).then(function(e){r.call(e),i.end()}).catch(function(t){i.error(t),setTimeout(function(){var n="EFETCH"===t.code?"fetch error":"render error";throw console.error(n,e),t})}),i}var o=e.http,a=e._,s={},c=/&lt;template(\s+[^&gt;]*)?&gt;/i,u=/&lt;\/template&gt;/i;return s.rBeginTemplate=c,s.rEndTemplate=u,s.createReadStream=n,s.createTokenStream=i,s.parseTemplateTag=r,s}),define("sf25/service/baikeService",["require","sf25/config","sfr","sf25/service/commonService","sf25/resource/template","sf25/view/commonView"],function(e){var t=e("sf25/config").baike,n=e("sfr").action,r=e("sf25/service/commonService"),i=e("sf25/resource/template"),o=e("sf25/view/commonView"),a=new r;a.name=t.name,a.commonViewOptions={headBackground:"#459df5",headColor:"#fff",headTitle:"百度百科",headHeight:"44px",backHtml:"",customClassName:"wa-bk-polysemy-sf"},a.createView=function(){var e=new o,t=e.prepareRender;return e.prepareRender=function(){t.call(this),this.renderer.clientFunction=function(e){return["function (vw, page, _global_) {","    var require = page.require;","    var define = page.define;",e,"}"].join("\n")}},e},a.createTemplateStream=function(e){var n=t.baseUrl,r="";if(!e.url.match(/^\/sf_bk\//))throw new Error("cant't match PATH: Missed keyword(/^/sf_bk//) in this URL("+e.url+")");if(r=e.url.replace(/^.*\/sf_bk/,n),r.match(/\?/)){var o=r.split("#")[0],a=r.indexOf("#")&gt;0?r.substr(r.indexOf("#")):"";r=o+"&amp;mod=1"+a}else r+="?mod=1";return i.createReadStream(r,{xhrFields:{withCredentials:!0}})},n.regist(/^\/sf_bk\//,a)}),define("sf25/service/commonService",["require","sfr","sf25/view/commonView","sf25/resource/template","sf25/lib/monitor","sf25/lib/webbDisp","sf25/lib/boxLog"],function(e){var t=e("sfr"),n=e("sf25/view/commonView"),r=e("sf25/resource/template"),i=e("sf25/lib/monitor"),o=e("sf25/lib/webbDisp"),a=t.service,s=t.cache,c=s.create("commonViews"),u=e("sf25/lib/boxLog"),l=new a;l.createTemplateStream=function(e){return r.createReadStream(e.url)},l.createView=function(){return new n},l.create=function(e,t,n){i.start(e),u.start(e);var r=c.get(e.url);r||(r=this.createView(e,t,n),c.set(e.url,r));var o=$.extend({},this.commonViewOptions,e.options&amp;&amp;e.options.view);r.renderFrame(o),r.vw.performance.requestStart=Date.now(),r.setTemplateStream(this.createTemplateStream(e,n)),r.enterAnimate=!1;var a=e&amp;&amp;e.options&amp;&amp;e.options.skipAllAnimation,s=e&amp;&amp;e.options&amp;&amp;e.options.src;return a||"history"===s||"back"===s||"sync"===s?e||t||(r.enterAnimate=!0):r.enterAnimate=!0,n&amp;&amp;("function"==typeof n.enterAnimation&amp;&amp;(r.startEnterAnimate=n.enterAnimation),"function"==typeof n.exitAnimation&amp;&amp;(r.startExitAnimate=n.exitAnimation)),r.startEnterAnimate(e,t,n)},l.attach=function(e,t,n){o.start(e,n);var r=c.get(e.url);scrollTo(0,0),r.render().then(function(){return o.domready(r,e,n),r.attach()}).catch(function(t){var n=t.status;if("number"!=typeof n&amp;&amp;(n=t.code||901),console.error("RenderError, redirecting...",t),"sync"!==e.options.src){var r=location.search+(location.search?"&amp;":"?");r+="sfr_fb="+n;var i=location.protocol+"//"+location.host+location.pathname+r+location.hash;location.replace(i)}})},l.update=function(e,t){var n=c.get(e.url);return n.update(e,t)},l.detach=function(e,t,n){i.stop(t),o.stop(t,n),u.stop(t);var r=c.get(t.url);return r.detach()},l.destroy=function(e,t,n){var r=c.get(t.url),i=t&amp;&amp;t.options&amp;&amp;t.options.useDOMCache;r.exitAnimate=!1;var o=e&amp;&amp;e.options&amp;&amp;e.options.skipAllAnimation,a=e&amp;&amp;e.options&amp;&amp;e.options.src;return o||"back"!==a?e||t||(r.exitAnimate=!0):r.exitAnimate=!0,r.startExitAnimate(e,t,n).then(function(){i?r.hideView():(r.removeDom(),c.remove(t.url))})},l.getContainer=function(e){var t=c.get(e.url);return t.$container};var d=function(){};return d.prototype=l,d.prototype.constructor=d,d}),define("sf25/service/ecomService",["require","sf25/service/commonService","sf25/resource/template","sf25/config","sfr","sf25/view/ecomView"],function(e){var t=e("sf25/service/commonService"),n=e("sf25/resource/template"),r=e("sf25/config").ecom,i=e("sfr").action,o=r.baseUrl,a=new t,s=e("sf25/view/ecomView");a.createTemplateStream=function(e){var t=o+e.url+"&amp;mod=1";return n.createReadStream(t)},a.createView=function(){return new s},i.regist("/ecom",a)}),define("sf25/service/graphService",["require","sf25/config","sfr","sf25/service/commonService","sf25/resource/template"],function(e){var t=e("sf25/config").graph,n=e("sfr").action,r=e("sf25/service/commonService"),i=e("sf25/resource/template"),o=new r,a=t.baseUrl;o.commonViewOptions={headBackground:"#efefef",headColor:"#333",headHeight:"0px",backHtml:"",customClassName:"graph-sfa-view"},o.createTemplateStream=function(e){var t=/^\/sf_graph\/sf\/sync\?(.*)$/.exec(e.url),n=a+"/sf/async?"+t[1]+"&amp;mod=1";return i.createReadStream(n,{xhrFields:{withCredentials:!0}})},n.regist(/^\/sf_graph\//,o)}),define("sf25/service/headlineService",["require","sfr","sf25/config","sf25/service/commonService","sf25/view/domRenderView"],function(e){function t(e){var t=i.baseUrl,n=e.replace(/^\/sf\/headline/,"");return t+"/doc/news"+n}function n(e){return e.replace(new RegExp("&amp;","g"),"&amp;amp;").replace(new RegExp('"',"g"),"&amp;quot;").replace(new RegExp("'","g"),"&amp;#39;").replace(new RegExp("&lt;","g"),"&amp;lt;").replace(new RegExp("&gt;","g"),"&amp;gt;")}var r=e("sfr"),i=e("sf25/config").headline,o=r.action,a=e("sf25/service/commonService"),s=e("sf25/view/domRenderView"),c=r.http,u=new a;u.name="headline",u.createTemplateStream=function(e){return c.ajax(t(e.url),{xhrFields:{withCredentials:!1}})},u.create=r._.wrap(u.create,function(e,t,r,i){t.options.view=t.options.view||{};var o=n(t.options.headTitle||t.query.title);return t.options.view.headTitle=o,e.call(this,t,r,i)}),u.createView=function(){return new s},o.regist(/^\/sf\/headline\//,u)}),define("sf25/service/imageService",["require","sf25/config","sfr","sf25/service/commonService","sf25/resource/template","sf25/view/imageView"],function(e){var t=e("sf25/config").image,n=e("sfr").action,r=e("sf25/service/commonService"),i=e("sf25/resource/template"),o=e("sf25/view/imageView"),a=new r;a.name=t.name,a.commonViewOptions={headTitle:"百度图片"},a.createView=function(e){var t=/type=([^&amp;]+)/.exec(e.url),n="detail";return t&amp;&amp;"result"===t[1]&amp;&amp;(n="result"),new o(n)},a.createTemplateStream=function(e){var n=t.baseUrl,r=/type=([^&amp;]+)/.exec(e.url),o=/^\/sf_image\/search.*\?(.*)$/.exec(e.url);return n+=r&amp;&amp;"result"===r[1]?"/search/wiseala?"+o[1]+"&amp;sfmod=1":"/search/wiseala?"+o[1]+"&amp;sfmod=1",i.createReadStream(n,{xhrFields:{withCredentials:!0}})},n.regist(/^\/sf_image\//,a)}),define("sf25/service/indexService",["sfr"],function(e){function t(e,t){return"/.*\\/s$/"===e.pathPattern.toString()&amp;&amp;("/.*\\/s$/"===t.pathPattern.toString()||"/searchframe"===t.path)}function n(e){if("undefined"!=typeof Box&amp;&amp;Box.os&amp;&amp;Box.os.name&amp;&amp;Box[Box.os.name])if("ios"===Box.os.name){var t={type:"text",query:encodeURIComponent(e)};Box.ios.invokeApp("setquery",{params:JSON.stringify(t),minver:"5.5.0.0"},"")}else if("android"===Box.os.name)return}function r(e){return e&amp;&amp;"/"===e.pathPattern?!0:void 0}function i(e){return e&amp;&amp;e.path&amp;&amp;("/s"===e.path||"/searchframe"===e.path||e.path.match(/\/s$/))?!0:void 0}var o,a,s="",c=e.service,u=e.action,l=window.page&amp;&amp;page.comm&amp;&amp;page.comm.useNewIs,d=$(['&lt;style id="activitystyle"&gt;',".search-page,body .se-page-hd{width:100%;position:absolute;top:-99999px;opacity:0;z-index:-1;}","&lt;/style&gt;"].join("")),f=$(['&lt;style id="activitystyle"&gt;',".search-page{width:100%;position:absolute;top:-99999px;opacity:0;z-index:-1;}","&lt;/style&gt;"].join("")),p=new c;p.create=function(e,n){return r(e)&amp;&amp;i(n)?void 0:window.view?(require(["uiamd/bdbox/util"],function(e){e.fullScreen(!1)}),void location.replace(e.url)):void require(["search/search"],function(r){s?(t(e,n)||require(["uiamd/bdbox/util"],function(e){e.fullScreen(!1)}),l||(a&amp;&amp;a.remove(),a=!1),s===e.url?(r.dispatch("resume",{current:e,prev:n}),r.dispatch("attach",{current:e,prev:n}),setTimeout(function(){scrollTo(0,o)})):("/"===n.path?r.indexSearch(e.options.param||e.url):r.search(e.options.param||e.url),s=e.url)):(s=e.url,"/"===n.path&amp;&amp;r.indexSearch(e.options.param||e.url))})},p.attach=function(e){l||(a&amp;&amp;a.remove(),a=!1),e&amp;&amp;e.options&amp;&amp;"sync"!==e.options.src&amp;&amp;n(decodeURIComponent(page.comm.query))},p.detach=function(e,r){t(e,r)===!1&amp;&amp;(require(["search/search"],function(t){t.dispatch("detach",{current:e,prev:r})}),n("")),o=window.scrollY},p.destroy=function(e,n){if(!t(e,n))if(l);else{if(r(e))return void require(["search/search"],function(e){e.recoverIndex()});a="/sf/vsearch"===e.pathPattern?f:d,a.appendTo("head")}};var h=function(){};h.prototype=p,h.prototype.constructor=h;var m=new h,g=new h;g.searchFrame=!0,u.regist(/.*\/s$/,m),u.regist(/.*\/searchframe$/,g),u.exist("/")||(u.regist("/",g),"/"===location.pathname&amp;&amp;u.start({root:location.pathname}))}),define("sf25/service/kuaiService",["require","sf25/config","sfr","sf25/service/commonService","sf25/resource/template"],function(e){var t=e("sf25/config").kuai,n=e("sfr").action,r=e("sf25/service/commonService"),i=e("sf25/resource/template"),o=new r,a=t.baseUrl;o.commonViewOptions={headBackground:"#fff",headColor:"#333",headTitle:"火车票"},o.createTemplateStream=function(e){var t="",n=/^\/sf_kuai\/webapp\/train\/(.*)\.html(.*)$/.exec(e.url);if(n&amp;&amp;n[1]){var r="";n[2]&amp;&amp;(r=n[2].replace(/\?/gi,"&amp;")),t=a+"/cserver/sf/async?pagename="+n[1]+r+"&amp;mod=1"}return i.createReadStream(t,{xhrFields:{withCredentials:!1}})},n.regist(/^\/sf_kuai\//,o)}),define("sf25/service/marry/marryService",["require","sfr","sf25/service/commonService","sf25/view/domRenderView","sf25/utils/require","sf25/config"],function(e){function t(e){return e.replace(new RegExp("&amp;","g"),"&amp;amp;").replace(new RegExp('"',"g"),"&amp;quot;").replace(new RegExp("'","g"),"&amp;#39;").replace(new RegExp("&lt;","g"),"&amp;lt;").replace(new RegExp("&gt;","g"),"&amp;gt;")}var n=e("sfr"),r=n.cache,i=n.action,o=e("sf25/service/commonService"),a=e("sf25/view/domRenderView"),s=(e("sf25/utils/require"),n.http),c=new o,u=e("sf25/config"),l=r.using("commonViews");c.createTemplateStream=function(){return s.ajax(u.marry.baseUrl,{})},c.createView=function(){return new a},c.commonViewOptions={headBackground:"#eb3e3f",headColor:"#fff",headTitle:"婚纱摄影",headHeight:"44px",customClassName:"wa-marry-polysemy-sf"},c.create=n._.wrap(c.create,function(e,n,r,i){n.options.view=n.options.view||{},1===n.options.headStyle&amp;&amp;(n.options.view.customClassName="sfa-view-no-head",n.options.skipAllAnimation=!0);var o=t(n.options.headTitle||n.query.title||"婚纱摄影");return n.options.view.headTitle=o,e.call(this,n,r,i)}),c.attach=n._.wrap(c.attach,function(e,t,n,r){var i=(l.get(t.url),e.call(this,t,n,r));return i}),c.detach=n._.wrap(c.detach,function(e,t,n,r){var i=l.get(n.url);return i.$sfHead.find(".sfa-tool").off("click"),e.call(this,t,n,r)}),c.name=u.marry.name,i.regist(/^\/sf\/marry$/,c)}),define("sf25/service/marry/meituService",["require","sfr","sf25/service/commonService","sf25/view/domRenderView","sf25/utils/require","sf25/config"],function(e){function t(e){return e.replace(new RegExp("&amp;","g"),"&amp;amp;").replace(new RegExp('"',"g"),"&amp;quot;").replace(new RegExp("'","g"),"&amp;#39;").replace(new RegExp("&lt;","g"),"&amp;lt;").replace(new RegExp("&gt;","g"),"&amp;gt;")}var n=e("sfr"),r=n.cache,i=n.action,o=e("sf25/service/commonService"),a=e("sf25/view/domRenderView"),s=(e("sf25/utils/require"),n.http),c=new o,u=r.using("commonViews"),l=e("sf25/config");c.createTemplateStream=function(){return s.ajax(l.marryMeitu.baseUrl,{})},c.createView=function(){return new a},c.commonViewOptions={headBackground:"#eb3e3f",headColor:"#fff",headTitle:"商家相册",headHeight:"44px",customClassName:"wa-meitu-polysemy-sf"},c.create=n._.wrap(c.create,function(e,n,r,i){n.options.view=n.options.view||{},1===n.options.headStyle&amp;&amp;(n.options.view.customClassName="sfa-view-no-head",n.options.skipAllAnimation=!0);var o=t(n.options.headTitle||n.query.title||"商家相册");return n.options.view.headTitle=o,e.call(this,n,r,i)}),c.attach=n._.wrap(c.attach,function(e,t,n,r){var i=(u.get(t.url),e.call(this,t,n,r));return i}),c.detach=n._.wrap(c.detach,function(e,t,n,r){var i=u.get(n.url);return i.$sfHead.find(".sfa-tool").off("click"),e.call(this,t,n,r)}),c.name=l.marryMeitu.name,i.regist("/sf/marry/meitu/:poiId",c)}),define("sf25/service/mipService",["require","sf25/utils/require","sf25/view/ifsView","iframe-shell/loader","sfr","../../pmd/deps/detect","../../pmd/share/share","sf25/lib/mipperflog","sf25/lib/webbDisp","sf25/lib/cambrianBar","sf25/utils/viewLoading","sf25/lib/boxLog"],function(e,t){function n(e,n){t(["uiamd/bdbox/base","uiamd/bdbox/util"],function(t,r){function i(){return t.isIOS&amp;&amp;1===t.version_compare(t.getVersion(),"8.5.0")?!0:t.isAndroid&amp;&amp;t.version_compare(t.getVersion(),"8.6")&gt;=0?!0:!1}t.isBox&amp;&amp;(i()&amp;&amp;e===!0&amp;&amp;(e=!1,n=!0),r.fullScreen(e,n))})}function r(e){t(["uiamd/bdbox/base"],function(t){t.isIOS&amp;&amp;1===t.version_compare(t.getVersion(),"8.5.0")&amp;&amp;t.ios.invokeApp("v5/browser/setfullscreen",{upgrade:0,fullscreen:e?1:0})})}function i(e){if(e&amp;&amp;e.length&lt;8||0!==e.indexOf("http")&amp;&amp;0!==e.indexOf("//"))return e;if(e.match(/^(https?\:)?\/\/mipcache.bdstatic.com/))return e.replace(/^https?\:/,"");var t="//mipcache.bdstatic.com/c/";(0===e.indexOf("//")||0===e.indexOf("https"))&amp;&amp;(t+="s/");var n=e.split("//");return n.shift(),e=n.join("//"),t+e}function o(e){return N[e]=N[e]||{url:e}}function a(e){delete N[e]}function s(){j||(history.state?n(!0):n(!1,!0))}function c(){j||n(!1),r(!1)}function u(e){return e.replace(new RegExp("&amp;","g"),"&amp;amp;").replace(new RegExp('"',"g"),"&amp;quot;").replace(new RegExp("'","g"),"&amp;#39;").replace(new RegExp("&lt;","g"),"&amp;lt;").replace(new RegExp("&gt;","g"),"&amp;gt;")}function l(e,t,n,r){e.logger=new C({userClickTime:n,sfMipStartTime:n},r),e.logger.params.src=w(t.url),e.logger.params.qid=t.lid,e.logger.setSendTimeout(5e3),e.loader.on("mip-performance_update",function(t,n){I.close(e.view.$SceneView),e.mipCanPerf=!0,e.logger.updateTiming(n.data)}),e.loader.on("mip-mippageload",function(){I.close(e.view.$SceneView),e.logger.duration.ltm=Date.now()-n}),setTimeout(function(){I.close(e.view.$SceneView)},5e3)}function d(e){e.loader.on("mip-urljump",function(e,t){location.href=t.data.url}),e.loader.on("mip-mibm-jumplink",function(e,t){g(t)}),e.loader.on("mip-mip_video_jump",v),e.loader.on("mip-loadiframe",m.bind(this,e))}function f(e){e.loader.on("mip-mipscroll",function(t,n){var i=n.data.direct;r(1===i?!0:!1),setTimeout(function(){e.afterResize()})})}function p(e,t,n){e.view=new _,e.view.enterAnimate=!1,t&amp;&amp;t.options&amp;&amp;"history"!==t.options.src&amp;&amp;"back"!==t.options.src&amp;&amp;"sync"!==t.options.src?e.view.enterAnimate=!0:t||n||(e.view.enterAnimate=!0),e.view.viewer=e.loader.viewer,O&amp;&amp;O.os&amp;&amp;"ios"===O.os.n&amp;&amp;e.view.viewer.iframe.setAttribute("scrolling","no")}function h(e){e.view.render(),e.view.renderBody(),$(e.loader.viewer.iframe).css({opacity:0}),e.loader.attach()}function m(e,t,n){var r=n.data,i=4;(r.sfhs||0===r.sfhs)&amp;&amp;(i=parseInt(r.sfhs,10));var o=r.click||{};if("object"!=typeof o)try{o=JSON.parse(o)}catch(a){o={}}var s={view:{_hold:2}},c="redirect";o&amp;&amp;(0===o.anim&amp;&amp;(s.view.useAnimate=!1),1===o.replace&amp;&amp;(c="reset"));var u=B[r.enc];"function"!=typeof u&amp;&amp;(u=B.mip);var l=u(r),d=b(l);if(e.restful&amp;&amp;d)s.lid=e.ext.lid,r.title&amp;&amp;(s.title=r.title),T[c]("/mip"+d,null,s);else{var f={word:e.uri.query.word,mod:0,tn:"normal",pd:"mms_mip",actname:"act_sf_mip",title:r.title,top:JSON.stringify({sfhs:i}),ext:JSON.stringify({url:l,lid:e.ext.lid,hSt:e.ext.hSt}),ms:1};T[c]("/mip",f,s)}}function g(e){n(!1);var t=e.data&amp;&amp;e.data.url;if(t){if(1===e.data.isMipNotFind)return void location.replace(decodeURIComponent(t));if(e.data.custom){var r=e.data.custom;r.sfname="activity/iframe/mip_iframe",r.srcid=e.data.srcid,t+="&amp;clk_info="+encodeURIComponent(JSON.stringify(r))}location.href=t}}function v(e,t){var n={poster:t.data.poster,src:t.data.src},r={pd:"mms_mipvideo",title:"%E8%A7%86%E9%A2%91",actname:"act_mip_video2",ext:encodeURIComponent(JSON.stringify(n))};t.data.url=function(e){var t="http://transcoder.baidu.com/sf?";for(var n in e)e.hasOwnProperty(n)&amp;&amp;(t+=n+"="+e[n]+"&amp;");return t}(r),g(t)}function w(e){return e?e.replace("//mipcache.bdstatic.com/c/s/","https://").replace("//mipcache.bdstatic.com/c/","http://"):""}function b(e){var t="//mipcache.bdstatic.com/";if(0!==e.indexOf(t))return!1;var n=e.slice(t.length),r=encodeURIComponent(n);r=r.replace(/%2F/g,"/");for(var i=0;i&lt;r.length;i++){var o=r.charAt(i),a=r.charAt(i+1);if("/"!==o||"/"===a)for(;"/"===r.charAt(i)&amp;&amp;i&lt;r.length;)r=r.slice(0,i)+"%2F"+r.slice(i+1),i+=3}return"/"+r}function y(e){var t=e.replace(new RegExp("/","g"),"%2F");return decodeURIComponent(t)}function x(e,t){var n=new RegExp("\\?.*"+t+"=([^&amp;]*)(&amp;|$)"),r=n.exec(e);return r?decodeURIComponent(r[1]):""}var _=e("sf25/view/ifsView"),k=e("iframe-shell/loader"),S=e("sfr"),T=S.action,A=S.service,O=e("../../pmd/deps/detect"),E=e("../../pmd/share/share"),C=e("sf25/lib/mipperflog"),q=e("sf25/lib/webbDisp"),R=e("sf25/lib/cambrianBar"),I=e("sf25/utils/viewLoading"),U=e("sf25/lib/boxLog"),j=window.page&amp;&amp;page.comm&amp;&amp;page.comm.actname&amp;&amp;"act_sf_mip"===page.comm.actname,M=!0,D="";try{D=S._.get(page,"comm.sampleval.WISE_TPL_COMMON_SAMPLE_FLAG")}catch(L){}var P=new A;P.name="sf-mip";var N={};P.create=function(e,t,n){U.start(e);var r=Date.now(),i=o(e.url),a={};try{a=JSON.parse(e.query.ext)}catch(c){a.lid=e.options.lid;var h=e.path.replace(/^\/mip/,"").replace(/\?.*$/,"");h=y(h),a.url="//mipcache.bdstatic.com"+h;var m=h.match(/^\/c(?:\/s)?\/([^\/]*)\//);window.page&amp;&amp;page.title?i.title=page.title:e.options.title?i.title=e.options.title:m&amp;&amp;m[1]&amp;&amp;(i.title=m[1]),i.restful=!0}i.ext=a,i.uri=e;var g=e.options.tcUrl||decodeURIComponent(a.url)||"",v="";if(e.options.mipCustomHash)try{v=decodeURIComponent(e.options.mipCustomHash)}catch(c){v=unescape(e.options.mipCustomHash)}if(page&amp;&amp;page.comm){var b=page.comm.eqid||x(document.referrer,"eqid"),_=page.comm.query||x(document.referrer,"word");if(b||_){var S="";b&amp;&amp;(S+="&amp;eqid="+encodeURIComponent(b)),_&amp;&amp;-1===v.indexOf("word=")&amp;&amp;(S+="&amp;word="+encodeURIComponent(_)),v?v+=S:v="#"+S.slice(1)}v&amp;&amp;(g+=v)}M&amp;&amp;((new Image).src=g),i.loader=new k({url:g,useMipCache:!1,viewer:{target:document.createElement("div")}}),i.title=e.query.title||i.title||"";try{i.titleExtra=JSON.parse(i.title),i.title=i.titleExtra.title}catch(c){}i.title=u(i.title),i.afterResize=function(){setTimeout(function(){i.view.resize()},50)},l(i,a,r,n),d(i),f(i),i.loader.create(),p(i,e,t),s();var T=i.view.create($.extend({headTitle:i.title,headStyle:4},e.options));i.originUrl=w(i.ext.url);try{R.setup(i)}catch(c){console.error(c)}return T},P.attach=function(e,t,n){q.start(e,n);var r=o(e.url);h(r),$(window).on("pageshow",s),$(window).on("beforeunload",c),$(window).on("resize",r.afterResize),setTimeout(function(){$(r.loader.viewer.iframe).animate({opacity:1},300,function(){q.domready({vw:{container:r.loader.viewer.iframe}},e,n),r.afterResize()})},50),r.view.attach(e,t),r.view.setHeadActionIcons([{icon:"&amp;#xe642;",click:function(){var e={url:location.href.toString().replace("tn=normal","tn=nohead"),title:r.title||"",content:"",loginfo:{clk_from:"mms_mip"}},t=new E(e);t.popup()}}])},P.detach=function(e,t,n){q.stop(t,n),U.stop(t);var r=o(t.url);return $(window).off("pageshow",s),$(window).off("beforeunload",c),$(window).off("resize",r.afterResize),""+e.pathPattern!="/^\\/mip/"&amp;&amp;c(),r.view.detach(e,t)},P.destroy=function(e,t){var n=o(t.url);return n.view.exitAnimate=!1,e&amp;&amp;e.options&amp;&amp;"back"===e.options.src?n.view.exitAnimate=!0:e||t||(n.view.exitAnimate=!0),n.view.destroy(e,t).then(function(){n.loader.detach(),n.loader.destroy(),a(t.url)})};var B={mip:function(e){var t=e.url||"",n=0===t.indexOf("//")||0===t.indexOf("https");return t&amp;&amp;2!==e.pageType||!n?i(e.url):e.url||""}},F=e("sfr").action;F.regist(/^\/mip/,P)}),define("sf25/service/novelService",["require","sfr","sf25/config","sf25/service/commonService","sf25/view/novelView"],function(e){var t=e("sfr"),n=e("sf25/config").novel,r=t.action,i=e("sf25/service/commonService"),o=e("sf25/view/novelView"),a=t.http,s=new i;s.createTemplateStream=function(e){var t=e.url,n=t.indexOf("#");return n&gt;-1&amp;&amp;(t=t.substr(0,n)),t+=/\?/.test(t)?"&amp;":"?",t+="sfr=true",a.ajax(t)},s.createView=function(){var e=new o,t=e.prepareRender;return e.prepareRender=function(){t.call(this),this.renderer.clientFunction=function(e){return["function (vw, page) {","    var Bdbox = page.Bdbox;","    var require = page.require;","    var define = page.define;",e,"}"].join("\n")}},e},s.create=t._.wrap(s.create,function(e,t,n,r){return t.options.view=t.options.view||{},t.options.view.customClassName="sfa-view-no-head",e.call(this,t,n,r)}),s.name=n.name,r.regist("/tcx",s)}),define("sf25/service/paiService",["require","sf25/config","sfr","sf25/service/commonService","sf25/resource/template"],function(e){var t=e("sf25/config").pai,n=e("sfr").action,r=e("sf25/service/commonService"),i=e("sf25/resource/template"),o=t.baseUrl,a=new r;a.commonViewOptions={customClassName:"zd-sf-p",headTitle:'&lt;p class="&amp;quot;header-title&amp;quot;"&gt;&lt;span class="&amp;quot;logo&amp;quot;"&gt;&lt;/span&gt;&lt;/p&gt;&lt;div class="&amp;quot;share-wrap&amp;quot;"&gt;&lt;/div&gt;',_hold:2,headBackground:"#fff",headColor:"#333"},a.createTemplateStream=function(e){var t=o+"/question/"+e.params.qid+"?mod=1";return i.createReadStream(t,{xhrFields:{withCredentials:!0}})},n.regist("/sf_p/question/:qid",a)}),define("sf25/service/sceneService",["require","sfr","sf25/view/viewFactory","sf25/resource/sceneResource","sf25/lib/monitor","uiamd/bdbox/util","sf25/utils/viewLoading","sf25/lib/boxLog"],function(e){function t(e){return e.event&amp;&amp;"object"==typeof page&amp;&amp;page.utils&amp;&amp;page.utils.getEventSignature?page.utils.getEventSignature(e.event):void 0}var n=e("sfr"),r=n.cache,i=e("sf25/view/viewFactory"),o=e("sf25/resource/sceneResource"),a=e("sf25/lib/monitor"),s=e("uiamd/bdbox/util"),c=e("sf25/utils/viewLoading"),u=e("sf25/lib/boxLog"),l=n.service,d=new l,f=r.create("sceneState",{limit:20});d.name="scene";var p=function(e){var t=f.get(e);return t&amp;&amp;t.scrollY||0},h=function(e,t){var n=f.get(e)||{};n.scrollY=t,f.set(e,n)};d.getResource=function(e,n,r){var i=e.url,a=t(r);return a&amp;&amp;(i+="&amp;sig="+a),o.getInstance(i,"&amp;mod=1")},d.getUpdateResource=function(e,t){return o.getInstance(t.to.url,"&amp;mod=5&amp;p_type=1")},d.create=function(e,t,n){if(a.start(e),u.start(e),e.options&amp;&amp;"sync"===e.options.src)return this.lastSyncPage=e.url,void window.view.trigger("start");if(this.lastSyncPage===e.url)return void window.view.trigger("start");var r=i.create(e.url),o=$.extend({headTitle:e.query.title||e.query.word||"",headStyle:e.query.top?$.parseJSON(e.query.top).sfhs:0},e.options&amp;&amp;e.options.view);r.enterAnimate=!1;var c=e&amp;&amp;e.options&amp;&amp;e.options.src;return o.useAnimate!==!1&amp;&amp;("history"!==c&amp;&amp;"back"!==c&amp;&amp;"sync"!==c?r.enterAnimate=!0:e||t||(r.enterAnimate=!0)),e&amp;&amp;e.query&amp;&amp;e.query.actname&amp;&amp;"act_sf_mip"===e.query.actname&amp;&amp;s.fullScreen(!0),this.getResource(e,t,n).getPage(!0),r.create(o,e,t)},d.attach=function(e,t,n){if((!e.options||"sync"!==e.options.src)&amp;&amp;this.lastSyncPage!==e.url){var r;return this.getResource(e,t,n).getPage().catch(function(t){var n=t.status;if("number"!=typeof n&amp;&amp;(n=t.code||901),console.error("RenderError, redirecting...",t),"sync"!==e.options.src){var r=location.search+(location.search?"&amp;":"?");r+="sfr_fb="+n;var i=location.protocol+"//"+location.host+location.pathname+r+location.hash;location.replace(i)}}).then(function(n){return r=i.get(e.url),r.attach(e,t),r.rendered?!1:(r.rendered=!0,r.renderBody(n,e),!0)}).then(function(t){c.close(r.$SceneView),r.$SceneView.css({position:"static",height:"auto","-webkit-transform":"none",transform:"none"});var n=p(e.url),i=e&amp;&amp;e.options&amp;&amp;e.options.src;"back"!==i&amp;&amp;"history"!==i||!n?scrollTo(0,0):scrollTo(0,n),setTimeout(function(){r.$sfHead.css({"-webkit-transform":"none",transform:"none"})},0);var o=r.globals.view;o&amp;&amp;(t?o.one("domready",function(){o.trigger("start")}):o.trigger("start"))}).catch(function(e){throw console.error(e,e.stack),e})}},d.update=function(e,t){var n=i.get(e.url);return n?(n.renderBody(null,t.extra),c.show(n.$SceneView)):($(t.extra.container).html(""),c.show($("#sfa-page"))),t.extra.view.trigger("destroy"),this.getUpdateResource(e,t).getPage().then(function(e){n?(c.close(n.$SceneView),n.renderBody(e,t.extra)):(c.close($("#sfa-page")),i.proto.renderBody.call({globals:{}},e,t.extra))})},d.detach=function(e,t){h(t.url,window.scrollY),a.stop(t),u.stop(t);var n=i.get(t.url);return n?n.detach(e,t):void 0},d.destroy=function(e,t){var n=i.get(t.url);return n?(n.globals.view&amp;&amp;n.globals.view.trigger("stop"),n.exitAnimate=!1,e&amp;&amp;e.options&amp;&amp;"back"===e.options.src?n.exitAnimate=!0:e||t||(n.exitAnimate=!0),n.exitAnimate&amp;&amp;scrollTo(0,p(e.url)),i.destroy({from:t,to:e})):void(window.view&amp;&amp;window.view.trigger("stop"))};var m=function(){};return m.prototype=d,m.prototype.constructor=m,n.action.regist("/sf",new m),m}),define("sf25/service/tabService",["require","sfr","sf25/view/tabView","sf25/utils/viewManager","sf25/lib/monitor","sf25/utils/tabViewLoading"],function(e){function t(e){return e.event&amp;&amp;"object"==typeof page&amp;&amp;page.utils&amp;&amp;page.utils.getEventSignature?page.utils.getEventSignature(e.event):void 0}var n=e("sfr"),r=n.promise,i=n.cache,o=e("sf25/view/tabView"),a=e("sf25/utils/viewManager"),s=e("sf25/lib/monitor"),c=e("sf25/utils/tabViewLoading"),u=n.service,l=new u,d=i.create("tabState",{limit:20});l.name="tab";var f=new a(o),p=function(e){var t=d.get(e);return t&amp;&amp;t.scrollY||0},h=function(e,t){var n=d.get(e)||{};n.scrollY=t,d.set(e,n)};l.getResourceURL=function(e,n,r){var i=e.url,o=t(r);return o&amp;&amp;(i+="&amp;sig="+o),i+"&amp;mod=1"},l.getUpdateResourceURL=function(e,t){return t.to.url+"&amp;mod=5&amp;p_type=1"},l.create=function(e,t,n){if(e.url!==t.url){s.start(e);var r=f.getOrCreate(e.url),i=$.extend({headTitle:e.query.title||e.query.word||"",headStyle:e.query.top?$.parseJSON(e.query.top).sfhs:0},e.options&amp;&amp;e.options.view);return r.enterAnimate=!1,i.url=this.getResourceURL(e,t,n),$(window).trigger("tabSwitch",e),"/sf"===t.pathPattern&amp;&amp;$("#page-hd").show(),r.create(i,e,t).then(function(){r.$mainView.css({minHeight:$(window).height()-$("#page-hd").height()})})}},l.attach=function(e,t){if(e.url!==t.url){var n;return r.resolve({}).then(function(){n=f.get(e.url),n.attach(e,t)}).then(function(){var t=p(e.url),r=e&amp;&amp;e.options&amp;&amp;e.options.src;"back"!==r&amp;&amp;"history"!==r||!t?scrollTo(0,0):scrollTo(0,t),setTimeout(function(){try{n.$sfHead.css({"-webkit-transform":"none",transform:"none"})}catch(e){}},0)}).catch(function(e){throw console.error(e,e.stack),e})}},l.update=function(e,t){var i,o=e.url,a=f.get(e.url);i=a?a.$mainView:$("#sfa-page"),c.show(i);var s=new r(function(e){a.$sfBody.one("partial-updated",function(){e()})});return t.extra.options={disableFadein:!0},a.$sfBody[0].fusion.partialUpdate(this.getUpdateResourceURL(e,t),t.extra),s.then(function(){c.close(i),n.action.reset(o,null,{slient:!0})})},l.detach=function(e,t){if(e.url!==t.url){h(t.url,window.scrollY),s.stop(t);var n=f.get(t.url);return n.detach(e,t)}},l.destroy=function(e,t){if(e.url!==t.url){var n=f.get(t.url);n.exitAnimate=!1,n.exitAnimate&amp;&amp;scrollTo(0,p(e.url));var r={from:t,to:e},i=t.url;return r.from.options&amp;&amp;(r.from.options.view=r.from.options.view?r.from.options.view:{},r.from.options.view._hold=r.from.query.top&amp;&amp;$.parseJSON(r.from.query.top)._hold?$.parseJSON(r.from.query.top)._hold:r.from.options.view._hold&gt;1?r.from.options.view._hold:1,r.from.options.view._hold=2),r.from.options&amp;&amp;r.from.options.view&amp;&amp;1!==r.from.options.view._hold&amp;&amp;f.remove(i),"/sf"===e.pathPattern&amp;&amp;$("#page-hd").hide(),n&amp;&amp;n.destroy(r.to,r.from)}},l.getContainer=function(e){var t=f.get(e.url);return t.$mainView};var m=function(){};return m.prototype=l,m.prototype.constructor=m,n.action.regist("/sf/vsearch",new m),m}),define("sf25/service/tcdom",["require","sfr","sf25/config","sf25/service/commonService","sf25/view/domRenderView","sf25/utils/require"],function(e){function t(e){return e.replace(new RegExp("&amp;","g"),"&amp;amp;").replace(new RegExp('"',"g"),"&amp;quot;").replace(new RegExp("'","g"),"&amp;#39;").replace(new RegExp("&lt;","g"),"&amp;lt;").replace(new RegExp("&gt;","g"),"&amp;gt;")}var n=e("sfr"),r=e("sf25/config").tc,i=n.cache,o=n.action,a=e("sf25/service/commonService"),s=e("sf25/view/domRenderView"),c=e("sf25/utils/require"),u=n.http,l=new a;l.name="tc";var d=i.using("commonViews");l.createTemplateStream=function(e){return u.ajax(r.baseUrl+e.url,{xhrFields:{withCredentials:!0}})},l.createView=function(){return new s},l.create=n._.wrap(l.create,function(e,n,r,i){n.options.view=n.options.view||{},1===n.options.headStyle&amp;&amp;(n.options.view.customClassName="sfa-view-no-head",n.options.skipAllAnimation=!0);var o=t(n.options.headTitle||n.query.title||"百度转码");return n.options.view.headTitle=o,e.call(this,n,r,i)}),l.attach=n._.wrap(l.attach,function(e,t,n,i){var o=d.get(t.url),a=e.call(this,t,n,i);return o.$sfHead.find(".sfa-tool").html('&lt;i class="c-icon"&gt;&amp;#xe651&lt;/i&gt;'),c(["pmd/share/share"],function(e){o.$sfHead.find(".sfa-tool").click(function(){var n={url:page.utils.link.getShareTcUrl({url:r.baseUrl+t.url,loginfo:{clk_from:"transcoder_sf"}}),title:t.options.view.headTitle||"",content:"",loginfo:{clk_from:"transcoder_sf"}},i=new e(n);i.popup()})}),a}),l.detach=n._.wrap(l.detach,function(e,t,n,r){var i=d.get(n.url);return i.$sfHead.find(".sfa-tool").off("click"),e.call(this,t,n,r)}),o.regist(/.*\/tc$/,l)}),define("sf25/service/tcservice",["require","sf25/utils/require","../../pmd/deps/detect","sf25/config","sfr","sf25/view/ifsView","iframe-shell/loader"],function(e,t){function n(e,n){t(["uiamd/bdbox/util"],function(t){i&amp;&amp;i.os&amp;&amp;"android"===i.os.n&amp;&amp;t.fullScreen(e,n)})}function r(e){return e.replace(new RegExp("&amp;","g"),"&amp;amp;").replace(new RegExp('"',"g"),"&amp;quot;").replace(new RegExp("'","g"),"&amp;#39;").replace(new RegExp("&lt;","g"),"&amp;lt;").replace(new RegExp("&gt;","g"),"&amp;gt;")}var i=e("../../pmd/deps/detect"),o=e("sf25/config").tc,a=e("sfr").action,s=e("sf25/view/ifsView"),c=e("iframe-shell/loader"),u=e("sfr"),l=u.service,d=new l,f={},p=function(e){return f[e]=f[e]||{}},h=function(){n(!1,!0)},m=function(){n(!1)};d.create=function(e){var t=p(e.url);t.url=e.url,t.loader=new c({url:o.baseUrl+e.url,useMipCache:!1,viewer:{target:document.createElement("div")}}),t.title=r(e.options.headTitle||e.query.title||"百度转码"),t.afterResize=function(){setTimeout(function(){t.view.resize()},50)},t.loader.on("mip-mibm-jumplink",function(e,t){n(!1),location.href=t.url}),t.view=new s,t.view.enterAnimate=!1,t.loader.create(),t.view.viewer=t.loader.viewer,setTimeout(function(){t.view.render(),t.view.renderBody(),$(t.loader.viewer.iframe).css({opacity:0}),t.loader.attach(),t.afterResize()});var a={headTitle:t.title,customClassName:"sfc-act-sf-tc-view"};return i&amp;&amp;i.os&amp;&amp;"android"!==i.os.n&amp;&amp;(a.boxNoFullScreen=!0),t.view.create($.extend(a,e.options))},d.attach=function(e,n){var r=p(e.url);h(),window.$(window).on("pageshow",h),window.$(window).on("beforeunload",m),window.$(window).on("resize",r.afterResize),r.view.resize(),setTimeout(function(){$(r.loader.viewer.iframe).animate({opacity:1},300)},50),r.view.attach(e,n),t(["pmd/share/share"],function(e){r.view.$sfHead.find(".sfa-tool").html('&lt;i class="c-icon"&gt;&amp;#xe651&lt;/i&gt;').click(function(){var t={url:page.utils.link.getShareTcUrl({url:o.baseUrl+r.url,loginfo:{clk_from:"transcoder_sf"}}),title:r.title||"",content:"",loginfo:{clk_from:"transcoder_sf"}},n=new e(t);n.popup()})})},d.detach=function(e,t){window.$(window).off("pageshow",h),window.$(window).off("beforeunload",m);var n=p(t.url);return n.loader.detach(),window.$(window).off("resize",n.afterResize),n.view.detach(e,t)},d.destroy=function(e,t){var n=p(t.url);return n.view.exitAnimate=!1,n.loader.destroy(),n.view.destroy()},a.regist(/.*\/tc$/,d)}),define("sf25/service/wenku/gaokaoService",["require","sfr","sf25/service/commonService","sf25/resource/template","sf25/view/commonView","fusion/deps/spark","sf25/config"],function(e){function t(e,t){var n=e+t,r=n.indexOf("#");return r&gt;-1&amp;&amp;(n=n.substr(0,r)),n}function n(e,t){function n(){c.css({"-webkit-transform":"translate3d(100%, 0, 0)",transform:"translate3d(100%, 0, 0)"}).appendTo("body"),s.css3(c[0],{opacity:1,"-webkit-transform":"translate3d(0, 0, 0)",transform:"translate3d(0, 0, 0)"},300,"ease",0,r)}function r(){$.isFunction(t)&amp;&amp;t()}var i=$(window),o=i.width(),a=i.height(),c=$("&lt;div&gt;&lt;/div&gt;").css({display:"block",position:"fixed",left:0,top:0,width:o,height:a,overflow:"hidden",opacity:0,background:"#fff",zIndex:600}),u=$(e.container);u.css("visibility","hidden"),e.once("beforeRender",function(){u.css("visibility","visible"),c.hide()}),$(['&lt;div class="c-container"&gt;','&lt;div class="c-loading"&gt;','&lt;i class="c-icon"&gt;&amp;#xe780&lt;/i&gt;',"&lt;p&gt;加载中…&lt;/p&gt;","&lt;/div&gt;","&lt;/div&gt;"].join("")).css({position:"absolute",left:0,top:100,width:"100%",height:"100%",boxSizing:"border-box"}).appendTo(c),n()}var r=e("sfr"),i=e("sf25/service/commonService"),o=e("sf25/resource/template"),a=e("sf25/view/commonView"),s=e("fusion/deps/spark"),c=e("sf25/config"),u=new i;return u.commonViewOptions={customClassName:"sf-edu-gaokao",headBackground:"transparent",headColor:"transparent",headHeight:"0",headTitle:"",backHtml:""},u.createTemplateStream=function(e){var n=t(c.gaokao.baseUrl,e.url.split("sf_edu_gaokao")[1]);return n+=n.match(/\?/)?"&amp;sf_mod=1":"?sf_mod=1",o.createReadStream(n,{xhrFields:{withCredentials:!0}})},u.createView=function(){var e=new a,t=e.vw;return e.startEnterAnimate=function(){var e=new $.Deferred;return n(t,function(){e.resolve()}),e.promise()},e},u.name=c.gaokao.name,r.action.regist(/^\/sf_edu_gaokao\//,u),u}),define("sf25/service/wenku/gonglveService",["require","sfr","sf25/service/commonService","sf25/resource/template","sf25/view/commonView","fusion/deps/spark","sf25/config"],function(e){function t(e,t){var n=e+t,r=n.indexOf("#");return r&gt;-1&amp;&amp;(n=n.substr(0,r)),n}function n(e,t){function n(){s.css3(p[0],{opacity:1},250,"ease",0,r)}function r(){var e=c/f;p.css({"transform-origin":"50% 50% 0","-webkit-transform-origin":"50% 50% 0"}),s.css3(p[0],{transfrom:"scale(1,"+e+")","-webkit-transform":"scale(1,"+e+")"},250,"ease",0,i)}function i(){d.appendTo(u),$.isFunction(t)&amp;&amp;t()}var o=$(window),a=o.width(),c=o.height(),u=$("&lt;div&gt;&lt;/div&gt;").css({position:"fixed",left:0,top:0,width:a,height:c,zIndex:600}),l=$(e.container);l.css("visibility","hidden"),e.once("beforeRender",function(){l.css("visibility","visible"),u.hide()}),$("&lt;div&gt;&lt;/div&gt;").css({position:"absolute",left:0,top:0,width:"100%",height:"100%",background:"rgba(0,0,0,.2)"}).prependTo(u);var d=$(['&lt;div class="c-container"&gt;','&lt;div class="c-loading"&gt;','&lt;i class="c-icon"&gt;&amp;#xe780&lt;/i&gt;',"&lt;p&gt;加载中…&lt;/p&gt;","&lt;/div&gt;","&lt;/div&gt;"].join("")).css({position:"absolute",left:0,top:100,width:"100%",height:"100%",boxSizing:"border-box"}),f=30,p=$("&lt;div&gt;&lt;/div&gt;").css({position:"absolute",left:0,top:(c-f)/2,width:a,height:f,background:"#fff",opacity:0}).appendTo(u);u.appendTo("body"),n()}var r=e("sfr"),i=e("sf25/service/commonService"),o=e("sf25/resource/template"),a=e("sf25/view/commonView"),s=e("fusion/deps/spark"),c=e("sf25/config"),u=new i;return u.commonViewOptions={customClassName:"sf-edu-gonglve",headBackground:"transparent",headColor:"transparent",headHeight:"0",headTitle:"",backHtml:""},u.createTemplateStream=function(e){var n=t(c.gonglve.baseUrl,e.url.split("sf_edu_gonglve")[1]);return n+=n.match(/\?/)?"&amp;sf_mod=1":"?sf_mod=1",o.createReadStream(n,{xhrFields:{withCredentials:!0}})},u.createView=function(){var e=new a,t=e.vw;return e.startEnterAnimate=function(){var e=new $.Deferred;return n(t,function(){e.resolve()}),e.promise()},e},u.name=c.gonglve.name,r.action.regist(/^\/sf_edu_gonglve\//,u),u}),define("sf25/service/wenku/wenkuService",["require","sfr","sf25/service/commonService","sf25/resource/template","sf25/utils/log","sf25/view/commonView","sf25/config","sf25/utils/viewLoading"],function(e){function t(e,t){var n=e+t,r=n.indexOf("#");return r&gt;-1&amp;&amp;(n=n.substr(0,r)),n}var n=e("sfr"),r=e("sf25/service/commonService"),i=e("sf25/resource/template"),o=e("sf25/utils/log"),a=e("sf25/view/commonView"),s=e("sf25/config"),c=e("sf25/utils/viewLoading"),u=new r;return u.commonViewOptions={customClassName:"sf-edu-wenku",headBackground:"transparent",headColor:"transparent",headHeight:"0",headTitle:"",backHtml:""},u.createTemplateStream=function(e,n){var r=t(s.wenku.baseUrl,e.url.split("sf_edu_wenku")[1]),a="sf_mod=1&amp;sf_lid="+o.getLid()+"&amp;sf_sig="+o.getSig(n&amp;&amp;n.event);return r+=r.match(/\?/)?"&amp;":"?",r+=a,i.createReadStream(r,{xhrFields:{withCredentials:!0}})},u.createView=function(){function e(){c.show(n.$sfBody),n.$container.css("background-color","white"),n.$container.find(".sfa-loading-icon i.c-icon").css({"margin-left":"auto","margin-right":"auto"})}function t(){c.close(n.$sfBody)}var n=new a,r=n.vw,i=n.startEnterAnimate;return n.startEnterAnimate=function(){return e(),r.once("endRender",t),i.apply(n,arguments)},n},u.name=s.wenku.name,n.action.regist(/^\/sf_edu_wenku\//,u),u}),define("sf25/service/wenku/yueduService",["require","sfr","sf25/service/commonService","sf25/resource/template","sf25/view/commonView","fusion/deps/spark","sf25/config"],function(e){function t(e,t){var n=e+t,r=n.indexOf("#");return r&gt;-1&amp;&amp;(n=n.substr(0,r)),n}function n(e,t){function n(){s.css3(p[0],{opacity:1},250,"ease",0,r)}function r(){var e=c/f;p.css({"transform-origin":"50% 50% 0","-webkit-transform-origin":"50% 50% 0"}),s.css3(p[0],{transfrom:"scale(1,"+e+")","-webkit-transform":"scale(1,"+e+")"},250,"ease",0,i)}function i(){d.appendTo(u),$.isFunction(t)&amp;&amp;t()}var o=$(window),a=o.width(),c=o.height(),u=$("&lt;div&gt;&lt;/div&gt;").css({position:"fixed",left:0,top:0,width:a,height:c,zIndex:600}),l=$(e.container);l.css("visibility","hidden"),e.once("beforeRender",function(){l.css("visibility","visible"),u.hide()}),$("&lt;div&gt;&lt;/div&gt;").css({position:"absolute",left:0,top:0,width:"100%",height:"100%",background:"rgba(0,0,0,.2)"}).prependTo(u);var d=$(['&lt;div class="c-container"&gt;','&lt;div class="c-loading"&gt;','&lt;i class="c-icon"&gt;&amp;#xe780&lt;/i&gt;',"&lt;p&gt;加载中…&lt;/p&gt;","&lt;/div&gt;","&lt;/div&gt;"].join("")).css({position:"absolute",left:0,top:100,width:"100%",height:"100%",boxSizing:"border-box"}),f=30,p=$("&lt;div&gt;&lt;/div&gt;").css({position:"absolute",left:0,top:(c-f)/2,width:a,height:f,background:"#fff",opacity:0}).appendTo(u);u.appendTo("body"),n()}var r=e("sfr"),i=e("sf25/service/commonService"),o=e("sf25/resource/template"),a=e("sf25/view/commonView"),s=e("fusion/deps/spark"),c=e("sf25/config"),u=new i;return u.commonViewOptions={customClassName:"sf-edu-yuedu",headBackground:"transparent",headColor:"transparent",headHeight:"0",headTitle:"",backHtml:""},u.createTemplateStream=function(e){var n=t(c.yuedu.baseUrl,e.url.split("sf_edu_yuedu")[1]);return n+=n.match(/\?/)?"&amp;sf_mod=1":"?sf_mod=1",o.createReadStream(n,{xhrFields:{withCredentials:!0}})},u.createView=function(){var e=new a,t=e.vw;return e.startEnterAnimate=function(){var e=new $.Deferred;return n(t,function(){e.resolve()}),e.promise()},e},u.name=c.yuedu.name,r.action.regist(/^\/sf_edu_yuedu\//,u),u}),define("sf25/service/zhidaoService",["require","sf25/config","sfr","sf25/service/commonService","sf25/resource/template"],function(e){var t=e("sf25/config").zhidao,n=e("sfr").action,r=e("sf25/service/commonService"),i=e("sf25/resource/template"),o=t.baseUrl,a=new r;a.name=t.name,a.commonViewOptions={headBackground:"#37b059",headColor:"#fff",headHeight:"50px",backHtml:"",customClassName:"zd-sf-wp"},a.createTemplateStream=function(e){var t="";if(!e.url.match(/^\/sf_zd\//))throw new Error("cant't match PATH: Missed keyword(/^/sf_zd//) in this URL("+e.url+")");return t=e.url.replace(/^.*\/sf_zd/,o),t+=t.match(/\?/)?"&amp;mod=1":"?mod=1",i.createReadStream(t,{xhrFields:{withCredentials:!0}})},n.regist("/sf_zd/question/:qid",a)}),!function(){define("sfr/router/router/URL",["require","sfr/utils/uri/component/Path","sfr/utils/uri/component/Query","sfr/utils/uri/component/Fragment","sfr/router/router/config"],function(e){function t(e,t){t=t||{},e=(e||"").trim()||o.path;var c=a.exec(e);c||console.warn("URI not valid:");var u=this.token=t.token||s,l=t.root||o.root;"/"===l.charAt(l.length-1)&amp;&amp;(l=l.substring(0,l.length-1)),this.root=l,e=e.split("#"),this.fragment=new i(e[1]),e=e[0].split(u);var d=t.base||{};this.path=new n(e[0],d.path),this.query=new r(e[1]);var f=this.path.get();this.outRoot=0===f.indexOf(".."),this.outRoot&amp;&amp;(f=n.resolve(l+"/",f),0===f.indexOf(l)&amp;&amp;(f=f.substring(l.length),this.path.set(f),this.outRoot=!1)),this.outRoot||"/"===f.charAt(0)||this.path.set("/"+f),t.query&amp;&amp;this.query.add(t.query)}var n=e("sfr/utils/uri/component/Path"),r=e("sfr/utils/uri/component/Query"),i=e("sfr/utils/uri/component/Fragment"),o=e("sfr/router/router/config"),a=new RegExp("^(([^:/?#]+):)?(//([^/?#]*))?([^?#]*)(\\?([^#]*))?(#(.*))?"),s="?";return t.prototype.toString=function(){var e=this.root,t=this.path.get();return t=this.outRoot?n.resolve(e+"/",t):e+t,t+this.query.toString(this.token)+this.fragment.toString()},t.prototype.equalPath=function(e){return this.path.get()===e},t.prototype.equal=function(e){return this.query.equal(e.query)&amp;&amp;this.equalPath(e.path.get())},t.prototype.equalWithFragment=function(e){return this.equal(e)&amp;&amp;this.fragment.equal(e.fragment)},t.prototype.getQuery=function(){return this.query.get()},t.prototype.getPath=function(){return this.path.get()},t}),define("sfr/router/router/config",[],{path:"/",root:"",mode:"async"}),define("sfr/router/router/controller",["require","sfr/lang/underscore","sfr/router/router/URL","sfr/router/router/config"],function(e){function t(e,t){n(e,t)||(s(e,t),c=e)}function n(e,t){return c&amp;&amp;e.equal(c)&amp;&amp;!t.force}function r(e){var t=d.root;if("/"===e.charAt(0)&amp;&amp;t)if(0===e.indexOf(t))e=e.replace(t,"");else{var n=t.split("/").slice(1);n=n.map(function(){return".."}),e=n.join("/")+e,c=null}return e}function i(e,t){return e||(e=r(location.pathname)),new l(e,{query:t,base:c})}function o(e,n){if(e=e||{},!u.get(e,"state.disableServiceDispatch")){var o=r(location.pathname);if(location.search.length&gt;1&amp;&amp;(o+=location.search),o=i(o),o.outRoot)return a(o.toString(),!0);var s=n?{src:"sync"}:u.extend({},e.state,{src:"history"});t(o,s)}}function a(e,t){f.dispose(),t?location.replace(e):location.href=e}var s,c,u=e("sfr/lang/underscore"),l=e("sfr/router/router/URL"),d=e("sfr/router/router/config"),f={};return f.init=function(e){window.addEventListener("popstate",o,!1),s=e,o(null,!0)},f.redirect=function(e,r,o){return o=o||{},e=i(e,r),e.outRoot||"page"===d.mode?!n(e,o)&amp;&amp;a(e.toString()):(c.equalWithFragment(e)||o.silent||history.pushState(o,o.title,e.toString()),void t(e,o))},f.reset=function(e,r,o){return o=o||{},e=i(e,r),e.outRoot||"page"===d.mode?!n(e,o)&amp;&amp;a(e.toString()):(o.silent?c=e:t(e,o),void history.replaceState(o,o.title,e.toString()))},f.dispose=function(){window.removeEventListener("popstate",o,!1),c=null},f.ignoreRoot=r,f.createURL=i,f}),define("sfr/router/router",["require","sfr/lang/underscore","sfr/router/router/config","sfr/router/router/controller","sfr/lang/underscore"],function(e){function t(){function e(e){var t=-1;return e=e.toString(),l.some(function(n,r){return n.raw.toString()===e&amp;&amp;(t=r),-1!==t}),t}function t(e,t){for(var n,r={},i=t.params||[],o=e.match(t.path)||[],a=1;a&lt;o.length;a++)n=i[a-1]||"$"+a,r[n]=decodeURIComponent(o[a]);return r}function a(e,r){r=r||{};var o,a=n({},e.getQuery()),c={},u=e.getPath();if(o=s(e),!o)throw new Error("can not find route for: "+u);o.path instanceof RegExp&amp;&amp;o.path.test(u)&amp;&amp;(c=t(u,o));var l={path:u,pathPattern:o.raw,query:a,params:c,url:i.ignoreRoot(e.toString()),originalUrl:e.toString(),options:r},f=[l,d];d=l,o.fn.apply(o.thisArg,f)}function s(e){var t,n,r=e.getPath();return l.some(function(i){return i.path instanceof RegExp?i.path.test(r)&amp;&amp;(t=i):e.equalPath(i.path)&amp;&amp;(t=i),i.path||(n=i),!!t}),t||n}function c(e){var t={params:[]};return t.path=e.replace(/:([^\/]+)/g,function(e,n){return t.params.push(n),"([^/]+)"}),t.path=new RegExp("^"+t.path+"$"),t}var u={},l=[],d={};return u.pathPattern=function(e){e=i.ignoreRoot(e);var t=i.createURL(e),n=s(t);return n?n.raw:null},u.reset=function(e,t,n){i.reset(e,t,n)},u.config=function(e){e=e||{};var t=e.root;t&amp;&amp;"/"===t.charAt(t.length-1)&amp;&amp;(t=e.root=t.substring(0,t.length-1)),t&amp;&amp;"/"!==t.charAt(0)&amp;&amp;(e.root="/"+t),n(r,e)},u.add=function(t,r,i){if(e(t)&gt;=0)throw new Error("path already exist");var a={raw:t,path:t,fn:r,thisArg:i};o.isString(t)&amp;&amp;o.contains(t,":")&amp;&amp;(a=n(a,c(t))),l.push(a)},u.remove=function(t){var n=e(t);n&gt;=0&amp;&amp;l.splice(n,1)},u.exist=function(t){return e(t)&gt;=0},u.clear=function(){l=[]},u.redirect=function(e,t,n){i.redirect(e,t,n)},u.start=function(e){u.config(e),i.init(a)},u.stop=function(){i.dispose(),u.clear(),d={}},u.controller=function(e){var t=i;i=e,o.forOwn(t,function(e,t){i.hasOwnProperty(t)||(i[t]=e)})},u.getState=function(){return d},u.ignoreRoot=i.ignoreRoot,u}var n=e("sfr/lang/underscore").extend,r=e("sfr/router/router/config"),i=e("sfr/router/router/controller"),o=e("sfr/lang/underscore");return t}),define("sfr/utils/di",["require","sfr/lang/assert","sfr/lang/underscore"],function(e){function t(e,t){this.require=t||window.require,this.config=this.normalize(e),this.container=Object.create(null)}var n=e("sfr/lang/assert"),r=e("sfr/lang/underscore");return t.prototype.resolve=function(e){var t=this.config[e];if(n(t,"module declaration not found: "+e),this.container[e]&amp;&amp;t.cache)return this.container[e];switch(void 0===t.value&amp;&amp;t.module&amp;&amp;(t.value=this.require(t.module)),t.type){case"value":return this.container[e]=t.value;case"factory":n("function"==typeof t.value,"entity not injectable: "+t.value);var r=t.args||[];return this.container[e]=this.inject(t.value,r);default:throw new Error("DI type "+t.type+" not recognized")}},t.prototype.inject=function(e,t){var n=t.map(function(e){return this.resolve(e)},this);return e.apply(null,n)},t.prototype.normalize=function(e){return r.forOwn(e,function(e){void 0===e.cache&amp;&amp;(e.cache=!0),void 0===e.type&amp;&amp;(e.type="value")}),e},t}),define("sfr/utils/logger",["require"],function(){function e(){u=c=Date.now()}function t(){var e=Array.prototype.slice.call(arguments);o&amp;&amp;e.unshift("["+n()+"]");var t,r=new Error("logger track").stack||"",i=r.split("\n")[3]||"",a="";t=/at\s+\(?(.*):\d+:\d+\)?$/.exec(i)||[];var s=t[1];t=/([^\/?#]+)([?#]|$)/.exec(s)||[];var c=t[1];a+=c?c+":":"",t=/at ([\w\d.]+)\s*\(/.exec(i)||[];var u=t[1]||"anonymous";return a+=u,e.unshift("["+a+"]"),e}function n(){var e=Date.now(),t=(e-c)/1e3,n=t+"(+"+(e-u)+")";return u=e,n}function r(e,t){var n=new Function("impl","args","impl.apply(console, args);");if(n(e,t),s){var r=new Image,i=t.join(" ").replace(/\s+/g," ").trim();r.src=s+"/sfr/log/"+i}}function i(e,n){return function(){var e=t.apply(null,arguments);r(n,e)}}var o=!!location.search.match(/logger-timming/i),a=location.search.match(/logger-server=([^&amp;]*)/i),s=a?decodeURIComponent(a[1]):!1,c=Date.now(),u=c;return{log:i("log",console.log),debug:i("debug",console.log),info:i("info",console.info),warn:i("warn",console.warn),error:i("error",console.error),reset:e}}),define("sfr/utils/http",["require","sfr/lang/underscore","sfr/lang/promise","sfr/utils/url"],function(e){function t(e){return e instanceof FormData?"multipart/form-data":"application/x-www-form-urlencoded"}function n(e){var t;try{t=s.createXHR()}catch(n){return o.reject(n)}return t.open(e.method,e.url,!0),i.forOwn(e.headers,function(e,n){t.setRequestHeader(n,e)}),i.assign(t,e.xhrFields),new o(function(n,i){t.onreadystatechange=function(){4===t.readyState&amp;&amp;(t=r(t),t.status&gt;=200&amp;&amp;t.status&lt;300?n(t):i(t))},t.send(e.data)})}function r(e){var t=e.getAllResponseHeaders().split("\r\n").filter(i.negate(i.isEmpty)).map(function(e){return i.split(e,/\s*:\s*/)});if(e.responseHeaders=i.fromPairs(t),e.data=e.responseText,"application/json"===e.responseHeaders["Content-Type"])try{e.data=JSON.parse(e.responseText)}catch(n){console.warn("Invalid JSON content with Content-Type: application/json")}return e}var i=e("sfr/lang/underscore"),o=e("sfr/lang/promise"),a=e("sfr/utils/url"),s={};return s.ajax=function(e,r){return"object"==typeof e&amp;&amp;(r=e,e=""),r=i.defaultsDeep(r,{url:e,method:r&amp;&amp;r.type||"GET",headers:{},data:null,jsonp:!1,jsonpCallback:"sf_http_"+Math.random().toString(36).substr(2)}),i.forOwn(r.headers,function(e,t){r.headers[t]=e.toLowerCase(e)}),(r.headers["content-type"]||r.data)&amp;&amp;(r.headers["content-type"]=r.headers["content-type"]||t(r.data)),/application\/json/.test(r.headers["content-type"])?r.data=JSON.stringify(r.data):/form-urlencoded/.test(r.headers["content-type"])&amp;&amp;(r.data=a.param(r.data)),n(r)},s.get=function(e,t){return s.ajax(e,{data:t})},s.post=function(e,t){return s.ajax(e,{method:"POST",data:t})},s.put=function(e,t){return s.ajax(e,{method:"PUT",data:t})},s.delete=function(e,t){return s.ajax(e,{method:"DELETE",data:t})},s.createXHR=function(){var e=!1;if(window.XMLHttpRequest?e=new XMLHttpRequest:window.ActiveXObject&amp;&amp;(e=new ActiveXObject("Microsoft.XMLHTTP")),!e)throw new Error("Cannot create an XHR instance");return e},s}),define("sfr/utils/url",["require","sfr/utils/uri/URI","sfr/lang/underscore","sfr/utils/uri/component/Path","sfr/utils/uri/util/uri-parser"],function(e){function t(e){return new n(e)}var n=e("sfr/utils/uri/URI"),r=e("sfr/lang/underscore"),i=e("sfr/utils/uri/component/Path"),o=e("sfr/utils/uri/util/uri-parser");return t.parse=function(e){return o(e)},t.resolve=function(e,t){return i.resolve(e,t)},t.param=function(e){return r.isObject(e)?r.map(e,function(e,t){return encodeURIComponent(t)+"="+encodeURIComponent(e)}).join("&amp;"):e},t}),define("sfr/utils/cache",["require","sfr/lang/assert","sfr/utils/cache-namespace"],function(e){function t(e){if(!i.hasOwnProperty(e))throw new Error("cache namespace "+e+" undefined");return i[e]}var n=e("sfr/lang/assert"),r=e("sfr/utils/cache-namespace"),i={},o={};return o.create=function(e,t){return n(e,"cannot create namespace with empty name"),n(!i[e],"namespace with "+e+" already created"),i[e]=new r(e,t)},o.using=function(e){return t(e)},o.set=function(e,n,r){return t(e).set(n,r)},o.get=function(e,n){return t(e).get(n)},o.rename=function(e,n,r){return t(e).rename(n,r)},o.remove=function(e,n){return t(e).remove(n)},o.clear=function(e){return 0!==arguments.length?t(e).clear():void(i={})},o.contains=function(e,t){if(0===arguments.length)throw new Error("namespace not specified");return 1===arguments.length?i.hasOwnProperty(e):i.hasOwnProperty(e)?i[e].contains(t):!1},o}),define("sfr/utils/cache-namespace",["require","sfr/lang/underscore"],function(e){function t(){}function n(e,n){this.name=e,this.list=[],this.options=r.assign({limit:3,onRemove:t},n)}var r=e("sfr/lang/underscore");return n.prototype={constructor:n,get:function(e){var t=this.findIndexByKey(e);if(-1===t)return void 0;var n=this.list[t];return this.list.splice(t,1),this.list.push(n),n.value},set:function(e,t){if(this.remove(e),this.list.length===this.options.limit){var n=this.list.shift();this.options.onRemove(n.value,n.key,!0)}return this.list.push({key:e,value:t}),this},contains:function(e){return this.findIndexByKey(e)&gt;-1},rename:function(e,t){if(e===t)return this;this.remove(t);var n=this.findIndexByKey(e);if(-1===n)throw new Error("key not found:"+e);return this.list[n].key=t,this},remove:function(e){var t=this.findIndexByKey(e);if(t&gt;-1){var n=this.list[t];this.options.onRemove(n.value,n.key,!1),this.list.splice(t,1)}return this},clear:function(){return this.list=[],this},findIndexByKey:function(e){return r.findIndex(this.list,function(t){return t.key===e})}},n}),define("sfr/utils/emitter",["require"],function(){function e(){}var t=e.prototype;t._getEvents=function(){return this._events||(this._events={}),this._events},t._getMaxListeners=function(){return isNaN(this.maxListeners)&amp;&amp;(this.maxListeners=10),this.maxListeners},t.on=function(e,t){var n=this._getEvents(),r=this._getMaxListeners();n[e]=n[e]||[];var i=n[e].length;if(i&gt;=r&amp;&amp;0!==r)throw new RangeError("Warning: possible Emitter memory leak detected. "+i+" listeners added.");return n[e].push(t),this},t.once=function(e,t){function n(){r.off(e,n),t.apply(this,arguments)}var r=this;return n.listener=t,this.on(e,n),this},t.off=function(e,t){var n=this._getEvents();if(0===arguments.length)return this._events={},this;var r=n[e];if(!r)return this;if(1===arguments.length)return delete n[e],this;for(var i,o=0;o&lt;r.length;o++)if(i=r[o],i===t||i.listener===t){r.splice(o,1);break}return this},t.emit=function(e){for(var t=this._getEvents(),n=t[e],r=[],i=1;i&lt;arguments.length;i++)r.push(arguments[i]);if(n)for(n=n.slice(0),i=0;i&lt;n.length;i++)try{n[i].apply(this,r)}catch(o){console.error(o)}return this},t.listeners=function(e){var t=this._getEvents();return t[e]||[]},t.setMaxListeners=function(e){return this.maxListeners=e,this};var n=Object.keys(t);return e.mixin=function(e){for(var r,i=0,o=n.length;o&gt;i;i++)r=n[i],e[r]=t[r];return e},e}),define("sfr/lang/underscore",["require","sfr/lang/assert"],function(e){function t(e,t){var n=e;return(t||"").split(".").forEach(function(e){n=n?n[e]:void 0}),n}function n(e){return e=o(e),e.shift(),e}function r(e){return Object.keys(e)}function i(e,t){e=e||{};for(var n in e)if(e.hasOwnProperty(n)&amp;&amp;t(e[n],n,e)===!1)break;return e}function o(e){return e?q.slice.call(e):[]}function a(e){var t=n(arguments);return q.forEach.apply(e||[],t)}function s(e,t){if(h(e)){var r=[];return i(e,function(){r.push(t.apply(null,arguments))}),r}var o=n(arguments);return q.map.apply(e||[],o)}function c(e){var t=n(arguments);return q.slice.apply(e||[],t)}function u(e){var t=n(arguments);return q.splice.apply(e||[],t)}function l(e){var t=n(arguments);return R.split.apply(e||"",t)}function d(e,t,n){for(var r=n||0;r&lt;e.length;r++)if(t(e[r],r,e))return r;return-1}function f(e){return n(arguments).reduce(function(e,t){return e.replace("%s",t)},e)}function p(){return w.apply(null,c(arguments,0).reverse())}function h(e){return"[object Object]"===Object.prototype.toString.call(e)}function m(e){return e instanceof String||"string"==typeof e}function g(e,t,n){return void 0===n&amp;&amp;(n=0),e.indexOf(t,n)&gt;-1}function v(e){return e instanceof RegExp}function w(e){e=null==e?{}:e;var t=c(arguments,1);return a(t,function(t){y(e,t)}),e}function b(e,t){return e?void i(t,function(t,n){return h(t)&amp;&amp;h(e[n])?b(e[n],t):void(e[n]=t)}):e}function y(e,t){return e?(i(t,function(t,n){e[n]=t}),e):e}function x(){var e={},t=c(arguments,0).reverse();return a(t,function(t){b(e,t)}),e}function _(e){var t={};return s(e,function(e){var n=e[0],r=e[1];t[n]=r}),t}function k(e){return e instanceof Array}function S(e){return k(e)?0===e.length:!e}function $(e){return function(){return!e.apply(null,arguments)}}function T(e){return e.bind.apply(e,c(arguments))}function A(e){var t=c(arguments);return t.shift(),function(){var n=c(arguments),r=[n,arguments.length,0].concat(t);return u.apply(null,r),e.apply(null,n)}}function O(e,t){return C("function"==typeof t,"wrapper should be a function"),function(){var n=Array.prototype.slice.call(arguments,0);return n.unshift(e),t.apply(this,n)}}function E(e,t){var n=function(){};n.prototype=t.prototype;var r=e.prototype,i=e.prototype=new n;for(var o in r)r.hasOwnProperty(o)&amp;&amp;(i[o]=r[o]);return e.prototype.constructor=e,e}var C=e("sfr/lang/assert"),q=Array.prototype,R=String.prototype,I={};return I.keysIn=r,I.get=t,I.forOwn=i,I.assign=w,I.merge=w,I.extend=w,I.defaults=p,I.defaultsDeep=x,I.fromPairs=_,I.slice=c,I.splice=u,I.forEach=a,I.map=s,I.toArray=o,I.findIndex=d,I.split=l,I.format=f,I.isArray=k,I.isEmpty=S,I.isString=m,I.isObject=h,I.isRegExp=v,I.inherits=E,I.contains=g,I.partial=T,I.partialRight=A,I.negate=$,I.wrap=O,I}),define("sfr/lang/promise",["require","sfr/lang/assert"],function(e){function t(e){if(!(this instanceof t))throw"Promise must be called with new operator";if("function"!=typeof e)throw"callback not defined";this._state=i,this._result,this._fulfilledCbs=[],this._rejectedCbs=[],this._errorPending=!1;var n=this;setTimeout(function(){n._doResolve(e)},1)}function n(e){u(e._state===a,s);var t;t="function"==typeof window.PromiseRejectionEvent?window.PromiseRejectionEvent:CustomEvent;var n=new t("unhandledrejection",{promise:e,reason:e._result});return n.reason=n.reason||e._result,n}function r(e){return e&amp;&amp;"function"==typeof e.then}var i=0,o=1,a=2,s="cannot make RejectionEvent when promise not rejected",c={longStackTraces:!1},u=e("sfr/lang/assert");return t.prototype._fulfill=function(e){this._result=e,this._state=o,this._flush()},t.prototype._reject=function(e){c.longStackTraces&amp;&amp;e&amp;&amp;(e.stack+="\n"+this._originalStack),this._result=e,this._state=a,this._errorPending=!0,this._flush()},t.prototype._resolve=function(e){r(e)?this._doResolve(e.then.bind(e)):this._fulfill(e)},t.prototype._doResolve=function(e){var t=!1,n=this;try{e(function(e){t||(t=!0,n._resolve(e))},function(e){t||(t=!0,n._reject(e))})}catch(r){if(t)return;t=!0,n._reject(r)}setTimeout(function(){this._checkUnHandledRejection()}.bind(this))},t.prototype._checkUnHandledRejection=function(){if(this._errorPending){var e=n(this);window.dispatchEvent(e)}},t.prototype._flush=function(){if(this._state!==i){var e=this._state===a?this._rejectedCbs:this._fulfilledCbs;e.forEach(function(e){this._state===a&amp;&amp;this._errorPending&amp;&amp;(this._errorPending=!1),"function"==typeof e&amp;&amp;e(this._result)},this),this._rejectedCbs=[],this._fulfilledCbs=[]}},t.prototype._done=function(e,t){this._fulfilledCbs.push(e),this._rejectedCbs.push(t),this._flush()},t.prototype.then=function(e,n){var r,i=this;return new t(function(t,o){i._done(function(n){if("function"==typeof e){try{r=e(n)}catch(i){return o(i)}t(r)}else t(n)},function(e){if("function"==typeof n){try{r=n(e)}catch(i){return o(i)}t(r)}else o(e)})})},t.prototype.catch=function(e){return this.then(function(e){return e},e)},t.prototype.finally=function(e){return this.then(e,e)},t.resolve=function(e){return r(e)?e:new t(function(t){return t(e)})},t.reject=function(e){return new t(function(t,n){n(e)})},t.all=function(e){return new t(function(n,r){function i(){0&gt;=a&amp;&amp;n(o)}var o=e.map(function(){return void 0}),a=e.length;e.map(t.resolve).forEach(function(e,t){e.then(function(e){o[t]=e,a--,i()},r)}),i()})},t.fromCallback=function(e){return new t(function(t){e(function(e){t(e)})})},t.mapSeries=function(e,n){var r=t.resolve("init"),i=[];return e.forEach(function(t,o){r=r.then(function(){return n(t,o,e)}).then(function(e){return i.push(e)})}),r.then(function(){return i})},t}),define("sfr/lang/assert",["require"],function(){function e(e,t){if(!e)throw new Error(t)}return e}),define("sfr/lang/map",["require","sfr/lang/underscore"],function(e){function t(){this.size=0,this._data={}}function n(e){return r.isRegExp(e)?"reg_"+e:r.isString(e)?"str_"+e:"other_"+e}var r=e("sfr/lang/underscore");return t.prototype.set=function(e,t){e=n(e),this._data.hasOwnProperty(e)||(this._data[e]=t,this.size++)},t.prototype.has=function(e){return e=n(e),this._data.hasOwnProperty(e)},t.prototype.delete=function(e){e=n(e),this._data.hasOwnProperty(e)&amp;&amp;(delete this._data[e],this.size--)},t.prototype.get=function(e){return e=n(e),this._data[e]},t.prototype.clear=function(){this.size=0,this._data={}},t}),define("sfr/utils/uri/URI",["require","sfr/utils/uri/util/uri-parser","sfr/utils/uri/component/Scheme","sfr/utils/uri/component/UserName","sfr/utils/uri/component/Password","sfr/utils/uri/component/Host","sfr/utils/uri/component/Port","sfr/utils/uri/component/Path","sfr/utils/uri/component/Query","sfr/utils/uri/component/Fragment"],function(e){function t(e){e=r(e);var t,n=this;Object.keys(i).forEach(function(r){t=i[r],n[r]=new t(e[r])})}function n(e){var t=[],n=e.username.toString(),r=e.password.toString(),i=e.host.toString(),o=e.port.toString();return(n||r)&amp;&amp;t.push(n+":"+r+"@"),t.push(i),t.push(o),t.join("")}var r=e("sfr/utils/uri/util/uri-parser"),i={scheme:e("sfr/utils/uri/component/Scheme"),username:e("sfr/utils/uri/component/UserName"),password:e("sfr/utils/uri/component/Password"),host:e("sfr/utils/uri/component/Host"),port:e("sfr/utils/uri/component/Port"),path:e("sfr/utils/uri/component/Path"),query:e("sfr/utils/uri/component/Query"),fragment:e("sfr/utils/uri/component/Fragment")};return t.prototype.set=function(){var e=0,t={};arguments.length&gt;1&amp;&amp;(t.name=arguments[e++]),t.data=Array.prototype.slice.call(arguments,e);var n=this[t.name];if(n)n.set.apply(n,t.data);else{var o=this,a=r(t.data[0]);Object.keys(i).forEach(function(e){o[e].set(a[e])})}},t.prototype.get=function(){var e={name:arguments[0],data:Array.prototype.slice.call(arguments,1)},t=this[e.name];return t?t.get.apply(t,e.data):void 0},t.prototype.toString=function(e){var t,r=this[e];if(r)t=r.toString();else{t=[];var i=this.scheme.toString();i&amp;&amp;t.push(i+":");var o=n(this);i&amp;&amp;o&amp;&amp;t.push("//"),t.push(o),t.push(this.path.toString()),t.push(this.query.toString()),t.push(this.fragment.toString()),t=t.join("")}return t},t.prototype.equal=function(e){e instanceof t||(e=new t(e));for(var n,r=!0,o=Object.keys(i),a=0;r&amp;&amp;(n=o[a]);a++)r="port"===n?this[n].equal(e[n].get(),this.scheme.get()):this[n].equal(e[n]);return r},t}),define("sfr/utils/uri/component/Abstract",["require"],function(){function e(){var e=Array.prototype.slice.call(arguments);this.set.apply(this,e)}return e.prototype.get=function(){return this.data},e.prototype.set=function(e){this.data=e||""},e.prototype.add=function(e){this.set(e)},e.prototype.remove=function(){this.data=""},e.prototype.toString=function(){return this.data.toString()},e.prototype.equal=function(t){return t instanceof e&amp;&amp;(t=t.get()),this.data==t},e}),define("sfr/utils/uri/component/Fragment",["require","sfr/lang/underscore","sfr/utils/uri/component/Abstract"],function(e){function t(e){r.call(this,e)}var n=e("sfr/lang/underscore").inherits,r=e("sfr/utils/uri/component/Abstract"),i="#";return n(t,r),t.prototype.toString=function(e){return e=e||i,this.data?e+this.data:""},t}),define("sfr/utils/uri/component/Host",["require","sfr/lang/underscore","sfr/utils/uri/component/Abstract"],function(e){function t(e){r.call(this,e)}var n=e("sfr/lang/underscore").inherits,r=e("sfr/utils/uri/component/Abstract");return n(t,r),t.prototype.set=function(e){e=e||"",this.data=e.toLowerCase()},t.prototype.equal=function(e){return e=e instanceof t?e.get():e||"",this.data===e.toLowerCase()},t}),define("sfr/utils/uri/component/Password",["require","sfr/lang/underscore","sfr/utils/uri/component/Abstract"],function(e){function t(e){r.call(this,e)}var n=e("sfr/lang/underscore").inherits,r=e("sfr/utils/uri/component/Abstract");return n(t,r),t}),define("sfr/utils/uri/component/Path",["require","sfr/lang/underscore","sfr/utils/uri/component/Abstract"],function(e){function t(e){return e||(e="/"),e}function n(e){return e=e.split("/"),e.pop(),e.join("/")}function r(e,t){for(var n,r=0,i=e.length-1;n=e[i];i--)"."===n?e.splice(i,1):".."===n?(e.splice(i,1),r++):r&amp;&amp;(e.splice(i,1),r--);if(t)for(;r--&gt;0;)e.unshift("..");return e}function i(e,t){a.call(this,e,t)}var o=e("sfr/lang/underscore").inherits,a=e("sfr/utils/uri/component/Abstract");return i.resolve=function(e,t){if(t=t||"","/"===t.charAt(0))return i.resolve(t);var o="/"===e.charAt(0),a=!1;t?(e=n(e),a="/"===t.charAt(t.length-1)):e.length&gt;1&amp;&amp;(a="/"===e.charAt(e.length-1));var s=e.split("/").concat(t.split("/")).filter(function(e){return!!e});return s=r(s,!o),(o?"/":"")+(s.length&gt;0?s.join("/")+(a?"/":""):"")},o(i,a),i.prototype.set=function(e,t){t instanceof i&amp;&amp;(t=t.get());var n=[e||""];t&amp;&amp;n.unshift(t),this.data=i.resolve.apply(i,n)},i.prototype.equal=function(e){var n=t(this.data);return e=t(e instanceof i?e.get():i.resolve(e||"")),n===e},i.prototype.resolve=function(e,t){e instanceof i&amp;&amp;(e=e.get());var n=[this.data];t?n.unshift(e):n.push(e),this.data=i.resolve.apply(i,n)},i}),define("sfr/utils/uri/component/Port",["require","sfr/lang/underscore","sfr/utils/uri/component/Abstract"],function(e){function t(e){r.call(this,e)}var n=e("sfr/lang/underscore").inherits,r=e("sfr/utils/uri/component/Abstract"),i={ftp:"21",ssh:"22",telnet:"23",http:"80",https:"443",ws:"80",wss:"443"};return n(t,r),t.prototype.equal=function(e,n){var r=this.data||i[n];return e instanceof t&amp;&amp;(e=e.get()),e=e||i[n],r===e},t.prototype.toString=function(){return this.data?":"+this.data:""},t}),define("sfr/utils/uri/component/Query",["require","sfr/lang/underscore","sfr/utils/uri/component/Abstract","sfr/utils/uri/util/parse-query","sfr/utils/uri/util/stringify-query"],function(e){function t(e,t){if(!Array.isArray(e)||!Array.isArray(t))return!1;if(e.length!==t.length)return!1;e=e.slice(0),e=e.slice(0),e.sort(),t.sort();for(var n=!0,r=0,i=e.length;n&amp;&amp;i&gt;r;r++)n=e[r]==t[r];return n}function n(e,n){if(!a.isObject(e)||!a.isObject(n))return!1;var r=Object.keys(e),i=Object.keys(n);if(r.length!==i.length)return!1;for(var o,s,c=!0,u=0;c&amp;&amp;(o=r[u]);u++){if(!n.hasOwnProperty(o)){c=!1;break}s=e[o],c=Array.isArray(s)?t(s,n[o]):s==n[o]}return c}function r(e){return e=Array.isArray(e)?e.map(function(e){return decodeURIComponent(e||"")}):e||a.isString(e)?decodeURIComponent(e):null}function i(e,t,n){var i=n[e];return t=r(t),i?(Array.isArray(i)||(i=[i]),Array.isArray(t)?i=i.concat(t):i.push(t)):i=t,n[e]=i,n}function o(e){e=e||{},s.call(this,e)}var a=e("sfr/lang/underscore"),s=e("sfr/utils/uri/component/Abstract"),c=e("sfr/utils/uri/util/parse-query"),u=e("sfr/utils/uri/util/stringify-query"),l="?";return a.inherits(o,s),o.prototype.set=function(){if(1===arguments.length){var e=arguments[0];if(a.isObject(e)){var t=this.data={};Object.keys(e).forEach(function(n){t[n]=r(e[n])})}else this.data=c(e)}else this.data[arguments[0]]=r(arguments[1])},o.prototype.get=function(e){return e?this.data[e]:a.extend({},this.data)},o.prototype.toString=function(e){e=e||l;var t=u(this.data);return t?e+t:""},o.prototype.equal=function(e){return a.isString(e)?e=c(e):e instanceof o&amp;&amp;(e=e.get()),n(this.data,e)},o.prototype.add=function(e,t){var n=this.data;a.isObject(e)?Object.keys(e).forEach(function(t){i(t,e[t],n)}):i(e,t,n),this.data=n},o.prototype.remove=function(e){e?this.data.hasOwnProperty(e)&amp;&amp;delete this.data[e]:this.data={}},o}),define("sfr/utils/uri/component/Scheme",["require","sfr/lang/underscore","sfr/utils/uri/component/Abstract"],function(e){function t(e){r.call(this,e)}var n=e("sfr/lang/underscore"),r=e("sfr/utils/uri/component/Abstract");return n.inherits(t,r),t.prototype.set=function(e){e=e||"",this.data=e.toLowerCase()},t.prototype.equal=function(e){return e=e instanceof t?e.get():e||"",this.data===e.toLowerCase()},t}),define("sfr/utils/uri/component/UserName",["require","sfr/lang/underscore","sfr/utils/uri/component/Abstract"],function(e){function t(e){r.call(this,e)}var n=e("sfr/lang/underscore"),r=e("sfr/utils/uri/component/Abstract");return n.inherits(t,r),t}),define("sfr/utils/uri/util/parse-query",["require"],function(){function e(e){var t={};e=e.split("&amp;");var n,r;return e.forEach(function(e){e&amp;&amp;(e=e.split("="),n=e[0],r=e.length&gt;=2?decodeURIComponent(e[1]):null,t[n]?(Array.isArray(t[n])||(t[n]=[t[n]]),t[n].push(r)):t[n]=r)}),t}return e}),define("sfr/utils/uri/util/stringify-query",["require"],function(){function e(e){var t,n=[];return Object.keys(e).forEach(function(r){t=e[r],Array.isArray(t)||(t=[t]),t.forEach(function(e){n.push(null===e?r:r+"="+encodeURIComponent(e||""))})}),n.join("&amp;")}return e}),define("sfr/utils/uri/util/uri-parser",["require","sfr/lang/underscore"],function(e){function t(e){var t={},n=["scheme","username","password","host","port","path","query","fragment"];return n.forEach(function(n){t[n]=e[n]||a}),t}function n(e){var t={};return e.replace(/^([^@]+@)?([^:]+)(:\d+)?$/,function(e,n,r,i){n&amp;&amp;(n=n.slice(0,-1),n=n.split(":"),t.username=n[0],t.password=n[1]),t.host=r,i&amp;&amp;(t.port=i.substring(1))}),t}function r(e,t){var r=/[^:]+:\d{2,}(\/|$)/.test(e);return r&amp;&amp;(e=e.split("/"),s(t,n(e.shift())),e.length&gt;0&amp;&amp;(t.path="/"+e.join("/"))),r}function i(e,t){var n=e.indexOf(":"),r=e.indexOf("/");r=r&gt;=0?r:e.length;var i=n&gt;=0&amp;&amp;r&gt;n;return i&amp;&amp;(t.scheme=e.substring(0,n),t.path=e.substring(n+1)),i}function o(e){var t={},o=e.indexOf("#");return o&gt;=0&amp;&amp;(t.fragment=e.substring(o+1),e=e.substring(0,o)),o=e.indexOf("?"),o&gt;=0&amp;&amp;(t.query=e.substring(o+1),e=e.substring(0,o)),o=e.indexOf("://"),o&gt;=0?(t.scheme=e.substring(0,o),e=e.substring(o+3),"file"===t.scheme?t.path=e:(e=e.split("/"),s(t,n(e.shift())),e.length&gt;0&amp;&amp;(t.path="/"+e.join("/"))),t):r(e,t)?t:i(e,t)?t:(e=e.split("/"),t.host=e.shift(),e.length&gt;0&amp;&amp;(t.path="/"+e.join("/")),t)}var a,s=e("sfr/lang/underscore").extend;return function(e){return("string"==typeof e||e instanceof String)&amp;&amp;(e=o(e)),t(e)}}),define("sfr/action",["require","sfr/lang/promise","sfr/lang/assert","sfr/lang/map","sfr/lang/underscore","sfr/utils/url"],function(e){function t(e,t,s,c,u,l){function d(e){return"object"==typeof e&amp;&amp;e.create&amp;&amp;e.attach&amp;&amp;e.detach&amp;&amp;e.destroy&amp;&amp;e.update}function f(){function e(e){return o=e,i=(i+1)%r,a}function t(){var e=i;return n.mapSeries(o,function(t){return"function"==typeof t&amp;&amp;e===i?t():void 0}).catch(function(e){setTimeout(function(){throw e})})}var r=1e4,i=0,o=[],a={reset:e,exec:t};return a}function p(e){var t=a.parse(e);return"sfr"===t.scheme&amp;&amp;"index"===t.host?w:e}function h(e){e=e||window.event;var t=m(e.target||e.srcElement,"A");if(t){var n=t.getAttribute("data-sf-href"),r=t.getAttribute("data-sf-options");if(n){e.preventDefault();try{r=JSON.parse(r)||{}}catch(i){r={}}r.src="hijack";var o={event:e,anchor:t};_.redirect(n,null,r,o)}}}function m(e,t){for(var n=e;null!==n&amp;&amp;n.tagName!==t.toUpperCase();)n=n.parentNode;return n}var g,v,w,b,y,x,_=new l,k={},S=f();return _.init=function(){_.serviceMap=g=new i,v=!1,y="/",w="/",b=!0,x=0},_.getState=function(){return k},_.regist=function(t,n){r(t,"illegal action url"),r(d(n),"illegal service, make sure to extend from sfr/service"),r(!g.has(t),"path already registerd"),e.add(t,this.dispatch),g.set(t,n),_.emit("registered",t,n)},_.unregist=function(t){r(t,"illegal action url"),r(g.has(t),"path not registered"),e.remove(t);var n=g.get(t);g.delete(t),_.emit("unregistered",t,n)},_.dispatch=function(e,t){r(e,"cannot dispatch with options:"+e);var n=g.get(e.pathPattern);e.service=n;var i=g.get(t.pathPattern);t.service=i;var o=k;return k={},v&amp;&amp;(v=!1,e.options.src="back"),e.options&amp;&amp;"sync"===e.options.src?w=e.url||"/":b=!1,c.ensureAttached(),S.reset([function(){return i?i.detach(e,t,o):void 0},function(){return n?n.create(e,t,o):void 0},function(){return i?i.destroy(e,t,o):void 0},function(){return n?n.attach(e,t,o):void 0}]).exec()},_.isIndexPage=function(){return b},_.remove=function(e){return g.delete(e)},_.exist=function(e){return g.has(e)},_.config=function(t){t&amp;&amp;t.root&amp;&amp;(y=t.root),e.config(t)},_.clear=function(){g.clear(),e.clear()},_.redirect=function(n,r,i,s){n=p(n),o.assign(k,s),i=o.assign({},i,{id:x++});try{e.redirect(n,r,i)}catch(c){throw n=a.resolve(y,n),t.replace(n),_.emit("redirect failed",n),c}_.emit("redirected",n)},_.back=function(){v=!0,s.back()},_.reset=function(t,n,r,i){b&amp;&amp;(w=t),o.assign(k,i),e.reset(t,n,r)},_.start=function(t){arguments.length&amp;&amp;_.config(t),document.body.addEventListener("click",h),e.start()},_.stop=function(){document.body.removeEventListener("click",h),e.stop()},_.update=function(r,i,o,a){o=o?o:{},o.hasOwnProperty("silent")||(o.silent=!0);var s=e.ignoreRoot(t.pathname+t.search+t.hash),c=e.ignoreRoot(r),u=(c||"").replace(/\?.*/,""),l=e.pathPattern(r),d=e.getState();if(!g.has(l))throw new Error("service not found:"+u);var f=g.get(l),p={from:{url:s},to:{url:c,path:u},extra:a};return e.reset(r,i,o),n.resolve().then(function(){return f.update(d,p,a)})},_.init(),_}var n=e("sfr/lang/promise"),r=e("sfr/lang/assert"),i=e("sfr/lang/map"),o=e("sfr/lang/underscore"),a=e("sfr/utils/url");return t}),define("sfr/service",["require"],function(){var e=function(){};return e.prototype.create=function(){},e.prototype.attach=function(){},e.prototype.detach=function(){},e.prototype.destroy=function(){},e.prototype.update=function(){},e}),define("sfr/resource",["sfr/utils/http","sfr/lang/underscore"],function(e,t){function n(e){this.url=e}return n.prototype={getUrl:function(e){var n=this.url;return t.forOwn(e,function(e,t){n=n.replace(":"+t,e)}),n=n.replace(/:[a-zA-Z]\w*/g,"")},create:function(t,n){var r=this.getUrl(n);return e.post(r,t)},query:function(t){var n=this.getUrl(t);return e.get(n)},update:function(t,n){var r=this.getUrl(n);return e.put(r,t)},"delete":function(t){var n=this.getUrl(t);return e.delete(n)}},n.prototype.constructor=n,n}),define("sfr/view",["require"],function(){var e=function(){this._init()};return e.prototype={constructor:e,_init:function(){},set:function(){},get:function(){},create:function(){},render:function(){},update:function(){},attach:function(){},detach:function(){},destroy:function(){},on:function(){},off:function(){}},e}),define("sfr/doc",["require"],function(){function e(e){function t(){var t=e.querySelector("#sfr-app");t||e.body.appendChild(n)}var n=e.querySelector("#sfr-app");return n||(n=e.createElement("div"),n.setAttribute("id","sfr-app")),n.ensureAttached=t,n.ensureAttached(),n}return e}),define("sfr/config",["require"],function(){var e={action:{type:"factory",module:"sfr/action",args:["router","location","history","doc","logger","emitter"]},router:{type:"factory",module:"sfr/router/router",args:["logger"]},view:{type:"value",module:"sfr/view"},service:{type:"value",module:"sfr/service"},resource:{type:"value",module:"sfr/resource"},doc:{type:"factory",module:"sfr/doc",args:["document"]},cache:{type:"value",module:"sfr/utils/cache"},http:{type:"value",module:"sfr/utils/http"},url:{type:"value",module:"sfr/utils/url"},di:{type:"value",module:"sfr/utils/di"},emitter:{type:"value",module:"sfr/utils/emitter"},assert:{type:"value",module:"sfr/lang/assert"},_:{type:"value",module:"sfr/lang/underscore"},promise:{type:"value",module:"sfr/lang/promise"},map:{type:"value",module:"sfr/lang/map"},window:{type:"value",value:window},document:{type:"value",value:window.document},location:{type:"value",value:window.location},history:{type:"value",value:window.history},logger:{type:"value",module:"sfr/utils/logger"}};return e}),require(["sfr/utils/di","sfr/config"],function(e,t){var n=Object.keys(t).filter(function(e){return t[e].module}).map(function(e){return t[e].module});define("sfr",n,function(){var n=new e(t);return Object.keys(t).forEach(n.resolve,n),n.container})})}(),define("sf25/start",["require","sf25/utils/animation","sf25/lib/scriptLoader","uiamd/bdbox/util","fusion/deps/naboo","fusion/deps/spark","fusion/deps/fusion.best","../pmd/deps/detect","../pmd/share/share","sf25/lib/cambrianBar","sfr","sf25/config","sf25/utils/log","sf25/utils/require"],function(e){function t(e){var t=r(e);if(t.url){var n=i(t.url);if(n){if(n.enable){if("function"==typeof n.suspend&amp;&amp;n.suspend())return;return o(t.url,t.title,n,e),void e.preventDefault()}if(n.skipTC){var a="sf_lid="+u.getLid()+"&amp;sf_sig="+u.getSig(event),s=t.url.match(/\?/)?"&amp;":"?";location.href=t.url+s+a,e.preventDefault()}}}}function n(e){var t=r(e);if(t.url){var n=i(t.url);n&amp;&amp;n.enable&amp;&amp;(t.$a.hasClass("WA_LOG_SF")||t.$a.addClass("WA_LOG_SF"))}}function r(e){var t=$(e.target).closest("a[data-url]");return{url:t.data("url"),title:t.text(),$a:t}}function i(e){var t;return Object.keys(s).some(function(n){var r=s[n];return r.srcUrl&amp;&amp;r.srcUrl.test(e)?(t=r,!0):void 0}),t}function o(e,t,n,r){var i=e.replace(n.srcUrl,n.targetUrl),o={view:{headTitle:t}},a=$(r.target||r.srcElement).closest("a"),s={event:r,anchor:a.get(0)};c.redirect(i,null,o,s)}e("sf25/utils/animation"),e("sf25/lib/scriptLoader"),e("uiamd/bdbox/util"),e("fusion/deps/naboo"),e("fusion/deps/spark"),e("fusion/deps/fusion.best"),e("../pmd/deps/detect"),e("../pmd/share/share"),e("sf25/lib/cambrianBar");var a=e("sfr"),s=e("sf25/config"),c=a.action,u=e("sf25/utils/log"),l=!1;return function(){if(l)return!1;var r=e("sf25/utils/require"),i=!0;page&amp;&amp;page.comm&amp;&amp;page.comm.superframe&amp;&amp;"0"===page.comm.superframe.sf_enable&amp;&amp;(i=!1);var o=window.fif={};if(o.action=c,i){var a=Object.keys(s);a.forEach(function(e){var t=s[e];return t.enable?void r([t.id]):!1}),c.start(s.superframe.action),window.document.body.addEventListener("touchstart",n),window.document.body.addEventListener("click",t)}return l=!0,!0}}),define("sf25/utils/animation",["require","fusion/deps/naboo","fusion/deps/spark"],function(e){var t=e("fusion/deps/naboo"),n=e("fusion/deps/spark");t.register("enter",function(e,t,r,i,o){$(t).css({display:"block",position:"fixed",top:0,left:0,height:"100%",overflow:"hidden",opacity:0,"-webkit-transform":"translate3d(100%, 0, 0)",transform:"translate3d(100%, 0, 0)"}),n.css3(t,{opacity:1,"-webkit-transform":"translate3d(0, 0, 0)",transform:"translate3d(0, 0, 0)"},r,i,o,function(){e()})}),t.register("exit",function(e,t,r,i,o){$(t).css({position:"fixed",top:0,left:0,height:"100%",overflow:"hidden",opacity:1,"-webkit-transform":"translate3d(0, 0, 0)",transform:"translate3d(0, 0, 0)"}),n.css3(t,{opacity:0,"-webkit-transform":"translate3d(100%, 0, 0)",transform:"translate3d(100%, 0, 0)"},r,i,o,function(){$(t).css({display:"none",overflow:"auto",position:"static","-webkit-transform":"none",transform:"none"}),e()})})}),define("sf25/utils/log",["require","sfr"],function(e){function t(){return r.get(page,"comm.lid")}var n=e("sfr"),r=n._,i=r.get(page,"utils.getEventSignature")||function(){return Math.floor(1e5*Math.random())};return{getLid:t,getSig:i}}),define("sf25/utils/require",["require","sf25/config"],function(e){var t=e("sf25/config").superframe.loader;return function(n,r){var i=n.map(t.getRealRequireId);return e(i,r)}}),define("sf25/utils/searchbox/searchbox",["require"],function(){return{searchClick:function(e,t){return function(){var n='&lt;form class="search-box"&gt;\n    &lt;div class="search-box-input-area"&gt;\n        &lt;div class="search-icon"&gt;&lt;i class="c-icon"&gt;&amp;#xe737&lt;/i&gt;&lt;/div&gt;\n        &lt;div class="search-box-input-container"&gt;\n            &lt;input class="search-box-input" placeholder=${action.placeholder} autocomplete="off" type="text" name="word"&gt;\n        &lt;/div&gt;\n        &lt;div class="search-action-cancel-icon" style="display:none"&gt;&lt;i class="c-icon"&gt;&amp;#xe601&lt;/i&gt;&lt;/div&gt;\n    &lt;/div&gt;\n    &lt;div class="search-box-button-area"&gt;\n        &lt;button class="search-action search-action-cancel"&gt;&lt;span&gt;取消&lt;/span&gt;&lt;/button&gt;\n        &lt;button class="search-action search-action-submit" style="display: none"&gt;&lt;span&gt;搜索&lt;/span&gt;&lt;/button&gt;\n    &lt;/div&gt;\n&lt;/form&gt;\n',r=t.etpl.compile(n),i=r({action:e}),o=t.head,a=o.find(".sfa-back, .sfa-title, .sfa-tool, .sfa-action-menus");a.hide(),o.append(i);var s=o.find(".search-box"),c=s.find(".search-box-input");c.on("focus",function(){o.css("position","absolute"),s.find(".search-action-cancel").hide(),s.find(".search-action-submit").show(),s.find(".search-action-cancel-icon").show(),scrollTo(0,0)}).on("blur",function(){o.css("position","fixed"),setTimeout(function(){s.find(".search-action-submit").hide(),s.find(".search-action-cancel").show(),s.find(".search-action-cancel-icon").hide()},100)}),t.container.on("touchstart",function(){c.blur()}),s.on("submit",function(t){t.preventDefault(),e.submit()}),s.find(".search-action-cancel-icon").on("click",function(t){t.preventDefault(),e.clear&amp;&amp;e.clear(),c.val("")}),s.find(".search-action-cancel").on("click",function(t){t.preventDefault(),e.cancel&amp;&amp;e.cancel(),s.remove(),a.show()})}}}}),define("sf25/utils/tabViewLoading",["require"],function(){function e(e){var t=['&lt;div class="sfa-loading sfa-loading-tab"&gt;',"&lt;style&gt;",".sfa-view {","background-color: #fff;","}","&lt;/style&gt;",'&lt;div class="sfa-loading-icon-tab"&gt;','&lt;span class="sfa-loading-tab-bglogo"&gt;&lt;/span&gt;','&lt;span class="sfa-loading-tab-toplight"&gt;&lt;/span&gt;',"&lt;/div&gt;","&lt;/div&gt;"].join("");e.append(t)}function t(e){e&amp;&amp;e.find(".sfa-loading").remove()}return{show:e,close:t}}),define("sf25/utils/titlebar/titlebar",["require","sf25/utils/searchbox/searchbox"],function(e){function t(e){var t=e.head,r=t.find(".sfa-tool"),i={};return i.init=function(e){r.off().empty(),t.find(".sfa-action-menus").remove(),this.searchAction(e)},i.renderActions=function(t,n,r){r=r||{};var i=e.etpl.compile(t),o=i({actions:n,options:r});return o},i.searchAction=function(t){t.map(function(t){"search"===t.type&amp;&amp;(t.enforce=!0,t.icon="&amp;#xe641;",t.click=n.searchClick(t,e))})},i.setEvents=function(e){for(var n=t.find(".sfa-action-item"),i=0;i&lt;n.length;i++)e[i].click&amp;&amp;"function"==typeof e[i].click&amp;&amp;t.find(n[i]).on("click",e[i].click);r.find(".sfa-action-more").click(function(){t.find(".sfa-action-menus").toggle()}),t.find(".sfa-action-menus").click(function(){setTimeout(function(){t.find(".sfa-action-menus").hide()},10)})},function(e,n){n=n||{},i.init(e);var o='&lt;% if: ${actions.length} &gt; (${options.maxIcons} || 2) %&gt;\n    &lt;%if: ${actions.enforce}%&gt;\n        &lt;div class="sfa-action-item"&gt;&lt;i class="c-icon"&gt;${action.icon|raw}&lt;/i&gt;&lt;/div&gt;\n    &lt;%/if%&gt;\n    &lt;div class="sfa-action-more"&gt;&lt;i class="c-icon"&gt;&amp;#xe63f;&lt;/i&gt;&lt;/div&gt;\n&lt;% else %&gt;\n    &lt;% for: ${actions} as ${action}, ${index} %&gt;\n    &lt;div class="sfa-action-item" data-index=${index}&gt;\n        &lt;% if: ${action.icon} %&gt;\n        &lt;i class="c-icon sfa-head-menu-icon"&gt;${action.icon|raw}&lt;/i&gt;\n        &lt;% else %&gt;\n        &lt;span class="sfa-tool-text"&gt;${action.text}&lt;/span&gt;\n        &lt;% /if %&gt;\n    &lt;/div&gt;\n    &lt;% /for %&gt;\n&lt;% /if %&gt;\n',a=i.renderActions(o,e,n);if(r.append(a),e.length&gt;(n.maxIcons||2)){var s='&lt;div class="sfa-action-menus"&gt;\n    &lt;% for: ${actions} as ${action}, ${index} %&gt;\n    &lt;div class="sfa-action-item" data-index=${index}&gt;\n    &lt;% if: ${action.icon} %&gt;\n        &lt;i class="c-icon sfa-head-menu-icon"&gt;${action.icon|raw}&lt;/i&gt;\n    &lt;%/if%&gt;\n        &lt;span class="sfa-tool-text"&gt;${action.text}&lt;/span&gt;\n    &lt;/div&gt;\n    &lt;% /for %&gt;\n&lt;/div&gt;\n',c=i.renderActions(s,e);t.append(c)}i.setEvents(e)}}var n=e("sf25/utils/searchbox/searchbox");return{setActionIcons:t}}),define("sf25/utils/viewLoading",["require"],function(){function e(e){var t=['&lt;div class="sfa-loading"&gt;','&lt;div class="sfa-loading-icon c-loading-zbios"&gt;&lt;i class="c-icon"&gt;&lt;/i&gt;&lt;/div&gt;',"&lt;span&gt;正在加载&lt;/span&gt;","&lt;/div&gt;"].join("");e.append(t)}function t(e){e&amp;&amp;e.find(".sfa-loading").remove()}return{show:e,close:t}}),define("sf25/utils/viewManager",["require","sfr"],function(e){var t=e("sfr").cache,n=function(e){this.ViewClass=e,this.cache=t.create(Math.random().toString().slice(3),{limit:3,onRemove:function(e,t,n){n&amp;&amp;e.destroy()}})};return n.prototype.getOrCreate=function(e){var t=this.get(e);return t||(t=new this.ViewClass(e),this.cache.set(e,t)),t},n.prototype.get=function(e){return this.cache.get(e)},n.prototype.remove=function(e){return this.cache.remove(e)},n}),define("sf25/view/commonView",["require","sfr","fusion/deps/naboo","sf25/view/render","sf25/window-guard"],function(e){function t(e,t,n,r){e.addEventListener(t,n,r),this.on("detach",function(){e.removeEventListener(t,n,r)})}function n(){var e=t;arguments.length&lt;4&amp;&amp;(e=s.partial(e,window)),e.apply(this,arguments)}var r=e("sfr"),i=e("fusion/deps/naboo"),o=e("sf25/view/render"),a=e("sf25/window-guard"),s=r._,c=r.view,u=r.action,l=r.promise,d=300,f=0,p="ease",h=$('&lt;style data-for="sf25/view/commonView"&gt;&lt;/style&gt;');h.text("#super-frame{font:14px/22px Arial,Helvetica,sans-serif;word-break:break-word;word-wrap:break-word}\n.sfa-view{z-index:501;width:100%;min-height:100%;background-color:#f2f2f2;overflow:auto}\n.sfa-view .sfa-body{overflow:hidden;text-align:left;padding-top:44px}\n.sfa-view .sfa-head{position:fixed;top:0;left:0;z-index:501;width:100%;height:44px;line-height:44px;text-align:center;font-size:18px;background-color:#fff;color:#333;-webkit-user-select:none;user-select:none;-webkit-transform:translate3d(0,0,0);transform:translate3d(0,0,0)}\n.sfa-view .sfa-back,.sfa-view .sfa-close{width:50px;height:44px;float:left;text-align:center;padding-left:2px}\n.sfa-view .sfa-back i{font-size:21px}\n.sfa-view .sfa-close{width:43px}\n.sfa-view .sfa-close span,.sfa-view .sfa-back span{font-size:16px;vertical-align:middle}\n.sfa-tool .sfa-action-more{overflow:hidden;display:inline-block;font-size:21px;width:44px}\n.active .sfa-tool .sfa-action-more:active,.active .sfa-tool .sfa-action-item:active{background:rgba(51,51,51,.4)}\n.sfa-action-item .sfa-tool-text{color:#666;font-size:14px;display:block;width:100%;overflow:hidden}\n.sfa-view .sfa-tool{min-width:44px;height:44px;float:right;text-align:center;padding-right:4px}\n.sfa-head .sfa-tool .sfa-action-item i{font-size:21px}\n.sfa-view .sfa-title{width:100%;padding:0 98px;box-sizing:border-box}\n.sfa-view .sfa-head-border{border-bottom:1px solid #f1f1f1}\n.sfa-view .sfa-title .c-line-clamp1{padding:0 8px}\n.active .sfa-head .sfa-back:active{background:rgba(51,51,51,.4)}\n.sfa-tool .sfa-action-item{display:inline-block;width:44px;overflow:hidden}\n.sfa-head .sfa-action-menus{display:none;float:right;width:auto;background-color:#fff;margin-right:5px;text-align:left;overflow:auto;box-shadow:0 2px 6px #d6d6d6}\n.sfa-action-menus .sfa-action-item{color:#666;font-size:16px;line-height:44px;padding:0 17px;border-bottom:1px solid #f1f1f1}\n.active .sfa-action-menus .sfa-action-item:active{background:rgba(51,51,51,.4)}\n.sfa-action-menus .sfa-action-item .sfa-head-menu-icon{color:#666;font-size:16px;display:block;line-height:44px;width:16px;overflow:hidden;text-align:left}\n.sfa-action-menus .sfa-action-item .sfa-tool-text{color:#666;font-size:16px;width:auto}\n.sfa-action-menus :last-child{border-bottom:0}\n.sfa-head .sfa-action-menus i{float:left;padding-right:14px}\n.sfa-head .search-box{display:-webkit-box;display:-webkit-flex;display:flex;background-color:#fff;font-size:14px;padding:5px 10px 6px 17px;box-sizing:border-box;height:100%;width:100%}\n.sfa-head .search-box .search-box-input-area{display:-webkit-box;display:-webkit-flex;display:flex;width:100%;box-sizing:border-box;height:34px;line-height:34px;color:#333;margin-right:7px;padding-right:3px;border-radius:16px;background:#f5f5f5}\n.sfa-head .search-box .search-box-button-area{width:46px;height:34px;line-height:34px;color:#333}\n.active .sfa-head .search-box .search-box-button-area:active{background:rgba(51,51,51,.4)}\n.search-box .search-icon{color:#c3c3c3;line-height:35px;padding-right:6px;padding-left:13px;font-size:14px}\n.search-box .search-action{line-height:34px;font-size:14px;outline:0}\n.search-action-cancel-icon{width:34px;color:#e0e0e0;font-size:14px}\n.search-box .search-box-input-container{-webkit-box-flex:1;-webkit-flex:1;flex:1;width:100%;height:100%;box-sizing:border-box;left:0}\n.search-box .search-box-input-container input{width:100%;height:100%;font-size:14px;vertical-align:top;outline:0;color:#333}\n.search-box-input::-webkit-input-placeholder{vertical-align:top;font-size:14px}\n.sfa-view .sfa-loading{position:absolute;top:50%;left:50%;color:#fff;width:161px;height:49px;line-height:49px;margin-top:-24px;margin-left:-80px;border-radius:1px;text-align:center}\n.sfa-loading .sfa-loading-icon{display:inline-block;width:37px;height:23px;margin-top:-4px;vertical-align:middle}\n.sfa-view .sfa-loading.sfa-loading-tab{width:147px;height:48px;margin-left:-73px}\n.sfa-view .sfa-loading .sfa-loading-icon-tab{width:100%;height:100%;overflow:hidden}\n.sfa-view .sfa-loading .sfa-loading-tab-bglogo{background:url(//m.baidu.com/se/static/img/iphone/tab_loading__bg_logo.png) no-repeat;background-size:147px 48px;height:48px;width:147px}\n.sfa-view .sfa-loading .sfa-loading-tab-toplight{background:url(//m.baidu.com/se/static/img/iphone/tab_loading_light.png) no-repeat;animation:1s marvel infinite;background-size:147px 48px;position:relative;height:48px;width:147px;top:-48px;left:-78px}\n@keyframes marvel{0%{left:-78px}\n100%{left:73px}}\n.sfa-view .sfa-loading i{height:23px;width:23px;background-size:23px;background-repeat:no-repeat;background-image:url(data:image/png;base64,iVBORw0KGgoAAAANSUhEUgAAAEUAAABFCAMAAAArU9sbAAAAllBMVEUAAAA5kv85kv85kv85kv85kv85kv85kv85kv85kv85kv85kv85kv85kv85kv85kv85kv85kv85kv85kv85kv85kv85kv85kv85kv85kv85kv85kv85kv85kv85kv85kv85kv85kv85kv85kv85kv85kv85kv85kv85kv85kv85kv85kv85kv85kv85kv85kv85kv85kv98v3f9AAAAMXRSTlMA+u4H8xwSDeG7KBapjYhP28EE9jfmpJoxItOALLFuQcxrZOrXdnPHVDyVe11aSIN5drPNPgAAAx5JREFUWMOlmOl2qlAMhbcyySCiBUFRUazzVXve/+Vuk2NZTgwHvx+uVjBk2MmJopxRkvvecBn0gqXt+ecZ1DEW8654ZO3lLhTQznZHvKNj70dohrWNRDm9rYZ6Rqsiki/7uBhkiZNkg208LLyL/qGOcCkk39eD9hhm5veEZDirdsS/eRGHby9nY+lRZ1VVmJ200XfLb4mlnbmJEhzpsWegCseWEZfcFXJau3vUkX9xsZy3RvjaboJ6Zt/8vNmbK+zJWGsmKZvF/PJEg3PSb6zuMd0emE/v7hSMMGxmjgf6HI5Sr3FQC9yRsSI1qGBNSX7OnSbpjbUBNRydHo2CDbkygCo5faxoTVfnpKgzpA7XIKEW1F2oM6OeWoExyZUr2hBTJ4xALFq5wkzIGdl40xe9qWlvzsFRph20IyPNUBzp7x9LtGRE7ZcD2LGQW8L19QCLEjRBWw6keuBCxUJrRjTbZliwS+0Zchccf19PaA1/3ofNumnPimMJfl9DtGfA46HLJWpPSGcTqNAmKnCT6r7mGpP+raqG64qxW2uFxoKBcjw6vxYjlJHQiYKophfngliGVeJdgg7LqsgtXy4JsVlRI9beoMmSsM7L9cJDb1OniUAQO+nz63mYYttk/msnnVeo/ms1ydEzLpzjWgxPENH5uad1zqspuNT1ZFNB2M5LibojObxzNN9hO/59WOltfPtcqka4sVyci5pKH1bcTgr9mOzkhvl3f1LkI+BaNeVfxMtsqhWHow3ihxJkoSlWn8UcXCjEr2JrcPVX4TURs2fAv1sa+uSMCQWkmPUrubIFI/06QgXtxNvxQy58+vcAFVjMj/uhFZEKTKhxJiNT7WFIkATVMH396fgYqy7NjHk9PYqAvx/84EMc7rQNPiT8kkF9yKBTfJP73EzvgM/IuoKI3Wq5pW5NiqfyzNhY5cVNdbHe17RHfGuO1MA7Jn1dtrNWk5zo73eJ3Hg2sRgKSZA1G0JMMN4MQscwzUm4//F64oZ+0lCPS26X0k2basHcTEtsLFcWFEj86auJ1IEy5mUbD4NIF3r0bR+3lwov/gPz4J/MfidXggAAAABJRU5ErkJggg==)}\n.sfa-view .sfa-loading span{display:inline-block;color:#6b6b6b;font-size:18px;padding-right:3px;vertical-align:middle}\n.sfa-view-no-head .sfa-head{display:none}\n.sfa-view-no-head .sfa-body{padding-top:0}\n.sfa-view-transparent-head .sfa-head{background:-moz-linear-gradient(top,rgba(0,0,0,.3) 0,rgba(0,0,0,.2) 25%,rgba(0,0,0,0) 100%);background:-webkit-linear-gradient(top,rgba(0,0,0,.3) 0,rgba(0,0,0,.2) 25%,rgba(0,0,0,0) 100%);background:linear-gradient(to bottom,rgba(0,0,0,.3) 0,rgba(0,0,0,.2) 25%,rgba(0,0,0,0) 100%);color:#fff;text-shadow:0 0 1px rgba(0,0,0,.4)}\n.sfa-view-transparent-head .sfa-body{padding-top:0}\n.sfa-results .c-result:first-of-type .c-container:first-of-type{margin-top:0}\n.sfa-top-results .c-result .c-container:first-of-type{margin:0;padding:0}"),$("head").append(h);var m=function(){c.apply(this,arguments);var e=this,t=Object.create({performance:{}},{head:{writeable:!1,get:function(){return e.$sfHead&amp;&amp;e.$sfHead[0]}},body:{writeable:!1,get:function(){return e.$sfBody&amp;&amp;e.$sfBody[0]}},container:{writeable:!1,get:function(){return e.$container&amp;&amp;e.$container[0]}},render:{writeable:!1,get:function(){return e.renderer}},addEventListener:{writeable:!1,get:function(){return n}}});this.vw=t,r.emitter.mixin(this.vw)},g=function(){};return g.prototype=c.prototype,m.prototype=new g,m.uber=c.prototype,m.prototype.constructor=m,m.prototype.setTemplateStream=function(e){this.ts=e},m.prototype.renderFrame=function(e){if(this.frameRendered)return!1;this.frameRendered=!0;var t='&lt;i class="c-icon"&gt;&amp;#xe750;&lt;/i&gt;';e.hasOwnProperty("backHtml")&amp;&amp;(t=e.backHtml),this.$sfHead=$(['&lt;div class="sfa-head"&gt;','&lt;div class="sfa-back"&gt;'+t+"&lt;/div&gt;",'&lt;div class="sfa-tool"&gt;&lt;/div&gt;','&lt;div class="sfa-title"&gt;','&lt;div class="c-line-clamp1"&gt;'+(e.headTitle||"")+"&lt;/div&gt;","&lt;/div&gt;","&lt;/div&gt;"].join(""));var n={};e.headHeight&amp;&amp;(n.height=e.headHeight),e.headBackground&amp;&amp;(n.background=e.headBackground),e.headColor&amp;&amp;(n.color=e.headColor),this.$sfHead.css(n),this.$sfBody=$('&lt;div class="sfa-body"&gt;'),this.$container=$('&lt;div class="sfa-view"&gt;'),e.customClassName&amp;&amp;this.$container.addClass(e.customClassName),this.$container.append(this.$sfHead).append(this.$sfBody),$(r.doc).append(this.$container)},m.prototype.startEnterAnimate=function(){var e=new $.Deferred;if(this.enterAnimate){var t=this.$container[0];i.enter(t,d,p,f).start(function(){e.resolve()})}else this.$container.css({opacity:1,"-webkit-transform":"none",transform:"none"}).show(),e.resolve();return e.promise()},m.prototype.prepareRender=function(){this.$container.css({position:"static",overflow:"auto",height:"auto","-webkit-transform":"none",transform:"none","min-height":$(window).height()}),this.$container.find(".sfa-back").on("click",function(e){u.back(),e.preventDefault()}),this.renderer||(this.renderer=new o(this.vw)),window._SF_=window._SF_||{},window._SF_._global_=this.renderer.global._global_,window._SF_.page=this.renderer.global.scope,window._SF_.vw=this.vw},m.prototype.renderStream=function(){return console.warn("view.renderStream is deprecated, use view.render() instead."),this.render()},m.prototype.render=function(){if(this.prepareRender(),this.streamRenderPromise)return this.streamRenderPromise;this.guardContext=a.createContext();var e=this;return this.streamRenderPromise=new l(function(t,n){var r=l.resolve();e.ts.on("readable",function(){e.vw.performance.domLoading=Date.now(),e.vw.emit("beforeRender")}),e.ts.on("data",function(t){t.innerHTML+="&lt;rendermark&gt;&lt;/rendermark&gt;",e.vw.body&amp;&amp;(r=e.renderer.render(t).then(function(){void 0===e.vw.performance.firstTemplateLoaded&amp;&amp;(e.vw.performance.firstTemplateLoaded=Date.now())}))}),e.ts.on("end",function(){r.then(function(){e.vw.performance.domInteractive=Date.now(),e.vw.emit("endRender"),t()})}),e.ts.on("error",n)})},m.prototype.attach=function(){var e=this;return new l(function(t){e.vw.emit("attach"),t()})},m.prototype.detach=function(){var e=new $.Deferred;this.$container&amp;&amp;this.$container.find(".sfa-back").off("click"),this.vw.emit("detach"),e.resolve();var t=this;return e.promise().then(function(){var e=a.checkContext(t.guardContext);e.totalChanges&gt;1?console.warn("You have some changes leaved on window!",e):console.log("guard pass")})},m.prototype.startExitAnimate=function(){var e=new $.Deferred;if(this.exitAnimate){var t=this.$container[0];i.exit(t,d,p,f).start(function(){e.resolve()})}else this.$container.css({display:"none",position:"static","-webkit-transform":"none",transform:"none"}),e.resolve();return e.promise()},m.prototype.hideView=function(){this.$container.hide()},m.prototype.removeDom=function(){this.$container.remove(),delete this.$container,delete this.$sfHead,delete this.$sfBody},m}),define("sf25/view/domRenderView",["require","sf25/view/commonView","sfr","sf25/window-guard"],function(e){function t(e,t,n){e.prototype[t]=r.wrap(e.uber[t],n)}var n=e("sf25/view/commonView"),r=e("sfr")._,i=e("sf25/window-guard"),o=window.Zepto,a=function(e){n.apply(this,arguments),this.type=e};return a.prototype=new n,a.uber=n.prototype,a.prototype.constructor=a,a.prototype.setTemplateStream=function(e){this.resourceQueryPromise=e},a.prototype.render=function(){if(this.prepareRender(),this.streamRenderPromise)return this.streamRenderPromise;this.guardContext=i.createContext();var e=this;return this.streamRenderPromise=this.resourceQueryPromise.then(function(t){e.vw.emit("beforeRender");var n=t.data+"&lt;rendermark&gt;&lt;/rendermark&gt;",r=o("&lt;div&gt;").html(n);return r.find("[data-sfr-omit]").remove(),r.find("title, meta").remove(),e.renderer.render({type:"template/body",innerHTML:r.html()})})},t(a,"renderFrame",function(e,t){return e.call(this,t)===!1?!1:void 0}),t(a,"attach",function(e){return this.vw&amp;&amp;this.vw.tc&amp;&amp;(window.tc=this.vw.tc),e.call(this)}),t(a,"detach",function(e){var t=e.call(this);return this.vw.tc=window.tc,delete window.tc,t}),a}),define("sf25/view/ecomView",["require","sf25/view/commonView","sfr"],function(e){var t=e("sf25/view/commonView"),n=e("sfr")._,r=function(){t.apply(this,arguments)};return r.prototype=new t,r.uber=t.prototype,r.prototype.constructor=r,r.prototype.renderFrame=n.wrap(t.prototype.renderFrame,function(e,t){return e.call(this,t)===!1?!1:void(t.noHead&amp;&amp;(this.$sfHead.hide(),this.$sfBody.css({"padding-top":"0"})))}),r}),define("sf25/view/ifsView",["require","sf25/view/sceneView","../../pmd/deps/detect","sf25/utils/titlebar/titlebar"],function(e){function t(e){var t=window.$,n=t(window).height();this.lastHeight=n,e.$SceneView.css("min-height",n+"px");var r=e.$sfHead.height(),i=n-r;e.$sfBody.find(".sfc-act-sf-mip-container-wrapper").height(i),e.viewer.render()}function n(e){(u.android&amp;&amp;!u.android4&amp;&amp;!u.uc&amp;&amp;!u.bdbox||u.android4)&amp;&amp;e.$SceneView.addClass("sfc-act-sf-mip-notransform")}function r(e){u.android4&amp;&amp;e.$SceneView.addClass("sfc-act-sf-mip-nooverflow")}var i=e("sf25/view/sceneView"),o=e("../../pmd/deps/detect"),a=function(){i.apply(this,arguments)},s=function(){};s.prototype=i.prototype,a.prototype=new s,a.prototype.constructor=a,a.prototype._super=i.prototype,a.prototype.render=function(t){if(!(this.$SceneView&amp;&amp;this.$SceneView.length&gt;0)){this._super.render.call(this,t);var i=e("sf25/utils/titlebar/titlebar");this.setHeadActionIcons=i.setActionIcons({etpl:page.etpl,head:this.$sfHead,container:this.$SceneView}),this.$sfBody.html(["&lt;style&gt;.sf-act-mib-frame .sf-head{background-color:#fff;box-shadow:0 1px 3px rgba(0,0,0,.2)}\n.sfc-act-sf-mip-container{display:block;width:100%;height:100%;overflow:hidden;position:relative;-webkit-tap-highlight-color:rgba(0,0,0,0)}\n.sfc-act-sf-mip-container-wrapper{display:block;height:100%;width:100%;border-right:0 solid #ccc;background-color:#fff;font-size:0;line-height:0;-webkit-overflow-scrolling:touch;overflow-y:scroll;z-index:1;-webkit-transform:translate3d(0,0,0);transform:translate3d(0,0,0)}\n.sfc-act-sf-mip-container iframe{background-color:#fff;border:0;width:1px;min-width:100%;height:100%;-webkit-overflow-scrolling:touch;overflow-y:scroll;overflow-x:hidden}\n.sfc-act-sf-mip-loading{position:absolute;top:150px;left:0;width:100%;text-align:center;z-index:2}\n.sfc-act-sf-mip-notransform .sfc-act-sf-mip-container{position:static}\n.sfc-act-sf-mip-notransform .sfc-act-sf-mip-container-wrapper{-webkit-transform:none;transform:none}\n.sfc-act-sf-mip-nooverflow .sfc-act-sf-mip-container-wrapper{overflow-y:hidden}\n.sfc-act-sf-tc-view.sfa-view{background:#e6e6e6}\n.sfc-act-sf-tc-view .sfc-act-sf-mip-container-wrapper{background:#e6e6e6}\n.sfc-act-sf-tc-view .sfc-act-sf-mip-container iframe{background:#e6e6e6}&lt;/style&gt;",'&lt;div class="sfc-act-sf-mip-box"&gt;','&lt;div class="sfc-act-sf-mip-container"&gt;','&lt;div class="sfc-act-sf-mip-container-wrapper"&gt;'].join("")),this.$SceneView.css({background:"#fff"}),n(this),r(this)}},a.prototype.renderBody=function(){this.viewer.setConfig({target:this.$sfBody.find(".sfc-act-sf-mip-container-wrapper")[0]}),t(this)},a.prototype.resize=function(){t(this)};var c=navigator.userAgent,u={iOS:"ios"===o.os.n,android:"android"===o.os.n,android4:/android.*?(\d\.\d)/i.test(c)&amp;&amp;RegExp.$1&lt;=4.5,uc:/UCBrowser/i.test(c),bdbox:/baiduboxapp/i.test(c)};return a}),define("sf25/view/imageView",["require","sf25/view/commonView","sfr","../../pmd/deps/detect"],function(e){var t=e("sf25/view/commonView"),n=e("sfr")._,r=e("../../pmd/deps/detect"),i=function(e){t.apply(this,arguments),this.type=e};return i.prototype=new t,i.uber=t.prototype,i.prototype.constructor=i,i.prototype.renderFrame=n.wrap(t.prototype.renderFrame,function(e,t){return e.call(this,t)===!1?!1:void("detail"===this.type?(this.$container.css({background:"#000"}),this.$sfHead.hide()):"result"===this.type&amp;&amp;this.$sfHead.css({background:"#f7f7f7",color:"#585858"}))}),i.prototype.prepareRender=n.wrap(t.prototype.prepareRender,function(e){e.call(this),"detail"===this.type&amp;&amp;"android"===r.os.n&amp;&amp;"zbios"===r.browser.n&amp;&amp;(this.$container.css({"min-height":"100vh"}),$(window).on("resize",$.proxy(this.resize,this))),this.renderer.clientFunction=function(e){return["function(vw, page, _global_){","  var require = _global_.require;","  var define = _global_.define;",e,"}"].join("\n")}}),i.prototype.resize=function(){this.$container.css({"min-height":$(window).height()})},i.prototype.detach=n.wrap(t.prototype.detach,function(e){e.call(this),$(window).off("resize",$.proxy(this.resize,this))}),i}),define("sf25/view/novelView",["require","sf25/view/commonView","sfr","sf25/window-guard"],function(e){function t(e,t,n){e.prototype[t]=r.wrap(e.uber[t],n)}var n=e("sf25/view/commonView"),r=e("sfr")._,i=e("sf25/window-guard"),o=window.Zepto,a=function(e){n.apply(this,arguments),this.type=e};return a.prototype=new n,a.uber=n.prototype,a.prototype.constructor=a,a.prototype.setTemplateStream=function(e){this.resourceQueryPromise=e},a.prototype.render=function(){if(this.prepareRender(),this.streamRenderPromise)return this.streamRenderPromise;this.guardContext=i.createContext();var e=this;return this.streamRenderPromise=this.resourceQueryPromise.then(function(t){e.vw.emit("beforeRender");var n=t.data+"&lt;rendermark&gt;&lt;/rendermark&gt;",r=o("&lt;div&gt;").html(n);return r.find("[data-sfr-omit]").remove(),r.find("title, meta").remove(),e.renderer.render({type:"template/body","use-loader":!0,innerHTML:r.html()})})},t(a,"renderFrame",function(e,t){return e.call(this,t)===!1?!1:void 0}),t(a,"attach",function(e){return this.vw&amp;&amp;this.vw.tc&amp;&amp;(window.tc=this.vw.tc),e.call(this)}),t(a,"detach",function(e){var t=e.call(this);return this.vw.tc=window.tc,delete window.tc,t}),a}),define("sf25/view/render",["sfr"],function(e){function t(e){this.global={scope:{},virtualWindow:e};var t=this;this.global._global_=Object.create(null,{container:{writeable:!1,get:function(){return t.global.virtualWindow.container}}}),this.queue=u.resolve()}function n(e,t){for(;e.childNodes.length&gt;0;)t.appendChild(e.childNodes[0])}function r(e,n){var r=c.toArray(e).filter(function(e){return d.test(e.rel)});return new u(function(e){function i(){o--,0===o&amp;&amp;e()}var o=r.length;return 0===o?(o=1,i()):void r.forEach(function(e){n.appendChild(e),t.load(e,i)})})}function i(e){var t="sf_closure_eval_"+Math.random().toString(36).substr(2);return window[t]=function(t){t(e.virtualWindow,e.scope,e._global_)},t}function o(e){delete window[e]}function a(e,n){function r(){document.head.removeChild(e),n()}document.head.appendChild(e),e.src?t.load(e,r):r()}function s(e){var t=document.createElement("script");return t.src=e.src,t}var c=e._,u=e.promise,l=/^$|\/(?:java|ecma)script/i,d=/stylesheet/i;return t.prototype.render=function(e){return this.queue=this.queue.catch(function(e){setTimeout(function(){throw e})}).then(function(){return this.renderer(e)}.bind(this))},t.prototype.setRenderer=function(e){this.global.renderer=e},t.prototype.renderer=function(e){var t=this.global.virtualWindow.head,n=this.global.virtualWindow.body;switch(e.type){case"template/head":return this.renderPartial(t,e);case"template/body":return this.renderPartial(n,e);default:return this.renderPartial(n,e)}},t.prototype.renderPartial=function(e,t){var i=t.innerHTML,o=document.createElement("div");o.innerHTML=i;var a=o.querySelectorAll("link"),s=o.querySelectorAll("script");return u.resolve().then(function(){return r(a,e)}).then(function(){return n(o,e)}).then(function(){return this.enforceJS(s,t)}.bind(this))},t.prototype.enforceJS=function(e,t){var n=i(this.global),r=-1,d=c.toArray(e).filter(function(e){return l.test(e.type)}).map(function(e){var i;if(e.src)i=s(e),r++;else{var o=t.hasOwnProperty("use-loader");o&amp;&amp;r++,i=this.wrapScript(e,o?"_superframeJSLoader":n)}return i.setAttribute("data-evaluator-id",n),i.setAttribute("data-script-index",r),i},this);return new u(function(e){function t(){r--,0===r&amp;&amp;(o(n),e())}var r=d.length;return 0===r?(r=1,t()):void d.forEach(function(e){a(e,t)})})},t.prototype.wrapScript=function(e,t){var n=document.createElement("script");return n.text=t+"("+this.clientFunction(e.innerHTML)+");",n},t.prototype.clientFunction=function(e){return"function(vw, page, _global_){"+e+"}"},t.load=function(e,t){var n=!1;e.onload=e.onerror=e.onreadystatechange=function(){var r=e.readyState;if("undefined"==typeof r||/^(loaded|complete)$/.test(r)){if(n)return;n=!0,setTimeout(function(){t(e)})}}},t}),define("sf25/view/sceneRender",["require"],function(){function e(e){var t,n,r,i,o,a,s,c;for(t={},n=e.split('&lt;template id="sf_async_'),i=n.length,r=0;i&gt;r;r++)o=n[r],a=o.indexOf("&gt;"),s=o.lastIndexOf("&lt;/template&gt;"),a&gt;-1&amp;&amp;s&gt;-1&amp;&amp;(c=o.substring(0,a).match(/([^&gt;]*)['|"][^&gt;]*/),c&amp;&amp;c[1]&amp;&amp;(t["sf_async_"+c[1]]=o.substring(a+1,s)));return t}function t(e,t){var n,r,i,o,a,s=[],c=[];for(r=t.length,i=0;r&gt;i;i++)o=t[i],s.push(o[0]),c.push(o[1]);s.push(e);try{n=Function.apply(null,s),a=n.apply(this,c)}catch(u){setTimeout(function(){throw u})}return a}function n(e,t){var n=[];return t&amp;&amp;t.page&amp;&amp;t.view?(n=[["_global_",e],["page",t.page],["view",t.view],["card",e.card]],_SF_._global_=e,_SF_.page=t.page,_SF_.view=t.view,_SF_.card=e.card):(n=[["_global_",e],["page",e.page],["view",e.view],["card",e.card]],_SF_._global_=e,_SF_.page=e.page,_SF_.view=e.view,_SF_.card=e.card),n}function r(e){var t=document.getElementsByTagName("link");if(t&amp;&amp;t.length&gt;0)for(var n=0,r=t.length;r&gt;n;n++)if(t[n].href===e)return!0;return!1}function i(e,t){if(t=t||function(){},r(e))t();else{var n=document.createElement("link");n.href=e,n.type="text/css",n.rel="stylesheet",n.onload=n.onreadystatechange=function(){this.readyState&amp;&amp;"loaded"!==this.readyState&amp;&amp;"complete"!==this.readyState||t()},document.getElementsByTagName("head")[0].appendChild(n)}}function o(e,t){for(var n=0,r=0,o=e.length;o&gt;r;r++)i(e[r],function(){n++,n===e.length&amp;&amp;t&amp;&amp;"function"==typeof t&amp;&amp;t()})}function a(e,t){if(t=t||function(){},r(e))t();else{var n=document.createElement("script");n.src=e,n.type="text/javascript";var i=!1;n.onload=n.onerror=n.onreadystatechange=function(){this.readyState&amp;&amp;"loaded"!==this.readyState&amp;&amp;"complete"!==this.readyState||i||(i=!0,t())},document.getElementsByTagName("head")[0].appendChild(n)}}function s(e,r,i){function o(){0&gt;=l&amp;&amp;s()}function s(){setTimeout(function(){u=n(r,i),e.sf_async_foot_js&amp;&amp;t(e.sf_async_foot_js.replace(/&lt;\/?script&gt;/gi,""),u),setTimeout(function(){var e=new Event("ContainerContentLoaded");r.container&amp;&amp;r.container.dispatchEvent(e)})})}r=r||{};var u=n(r,i),l=0;if(e.sf_async_head_js&amp;&amp;t(e.sf_async_head_js.replace(/&lt;\/?script&gt;/gi,""),u),u=n(r,i),i&amp;&amp;i.options&amp;&amp;1==i.options.vsearch_change&amp;&amp;e.sf_async_searchBox&amp;&amp;c(e.sf_async_searchBox,r,i),e.sf_async_body){r.container&amp;&amp;(r.container.innerHTML+=e.sf_async_body);for(var d=r.container.getElementsByTagName("script"),f=0,p=d.length;p&gt;f;f++){var h=d[f];h.src?(l++,a(h.src,function(){return l--,o(),function(e){e.parentNode.removeChild(e)}})):(u=n(r,i),t(h.innerHTML,u))}i&amp;&amp;i.options&amp;&amp;i.options.disableFadein||$(r.container).css({opacity:0}).animate({opacity:1},200),r&amp;&amp;r.view&amp;&amp;r.view.on("domready",function(){i&amp;&amp;i.state&amp;&amp;i.state.offsetY&amp;&amp;setTimeout(function(){scrollTo(0,i.state.offsetY)},1)})}u=n(r,i),e.sf_async_merge_js&amp;&amp;t(e.sf_async_merge_js.replace(/&lt;\/?script&gt;/gi,""),u),o()}function c(e){var t=$(".se-page-hd-content .se-tablink-scroll-touch"),n=$(".se-page-hd-content .se-tablink-scroll-touch");t.empty(),t.append(e),n.scrollLeft(0)}function u(t,n,r){var i=e(t),a=i.sf_async_css;if(n=n||{},n.container&amp;&amp;(n.container.innerHTML=""),a){var c=a.match(/href=([\'\"])(.*?)\1/gi);if(c.length&amp;&amp;c.length&gt;0){for(var u=0,l=c.length;l&gt;u;u++)c[u]=c[u].replace("href=","").replace(/[\'\"]/g,"");o(c,function(){s(i,n,r)}),a=a.replace(/&lt;link.*?&gt;/gi,"")}n.container&amp;&amp;(n.container.innerHTML+=a)}else s(i,n,r)}return window._SF_={},u}),define("sf25/view/sceneView",["require","sfr","fusion/deps/naboo","../../pmd/deps/detect","sf25/view/sceneRender","sf25/utils/viewLoading"],function(e){var t=e("sfr"),n=e("fusion/deps/naboo"),r=e("../../pmd/deps/detect"),i=e("sf25/view/sceneRender"),o=e("sf25/utils/viewLoading"),a=t.view,s=t.action,c=300,u=0,l="ease",d=$('&lt;style data-for="sf25/view/sceneView"&gt;&lt;/style&gt;');d.text("#super-frame{font:14px/22px Arial,Helvetica,sans-serif;word-break:break-word;word-wrap:break-word}\n.sfa-view{z-index:501;width:100%;min-height:100%;background-color:#f2f2f2;overflow:auto}\n.sfa-view .sfa-body{overflow:hidden;text-align:left;padding-top:44px}\n.sfa-view .sfa-head{position:fixed;top:0;left:0;z-index:501;width:100%;height:44px;line-height:44px;text-align:center;font-size:18px;background-color:#fff;color:#333;-webkit-user-select:none;user-select:none;-webkit-transform:translate3d(0,0,0);transform:translate3d(0,0,0)}\n.sfa-view .sfa-back,.sfa-view .sfa-close{width:50px;height:44px;float:left;text-align:center;padding-left:2px}\n.sfa-view .sfa-back i{font-size:21px}\n.sfa-view .sfa-close{width:43px}\n.sfa-view .sfa-close span,.sfa-view .sfa-back span{font-size:16px;vertical-align:middle}\n.sfa-tool .sfa-action-more{overflow:hidden;display:inline-block;font-size:21px;width:44px}\n.active .sfa-tool .sfa-action-more:active,.active .sfa-tool .sfa-action-item:active{background:rgba(51,51,51,.4)}\n.sfa-action-item .sfa-tool-text{color:#666;font-size:14px;display:block;width:100%;overflow:hidden}\n.sfa-view .sfa-tool{min-width:44px;height:44px;float:right;text-align:center;padding-right:4px}\n.sfa-head .sfa-tool .sfa-action-item i{font-size:21px}\n.sfa-view .sfa-title{width:100%;padding:0 98px;box-sizing:border-box}\n.sfa-view .sfa-head-border{border-bottom:1px solid #f1f1f1}\n.sfa-view .sfa-title .c-line-clamp1{padding:0 8px}\n.active .sfa-head .sfa-back:active{background:rgba(51,51,51,.4)}\n.sfa-tool .sfa-action-item{display:inline-block;width:44px;overflow:hidden}\n.sfa-head .sfa-action-menus{display:none;float:right;width:auto;background-color:#fff;margin-right:5px;text-align:left;overflow:auto;box-shadow:0 2px 6px #d6d6d6}\n.sfa-action-menus .sfa-action-item{color:#666;font-size:16px;line-height:44px;padding:0 17px;border-bottom:1px solid #f1f1f1}\n.active .sfa-action-menus .sfa-action-item:active{background:rgba(51,51,51,.4)}\n.sfa-action-menus .sfa-action-item .sfa-head-menu-icon{color:#666;font-size:16px;display:block;line-height:44px;width:16px;overflow:hidden;text-align:left}\n.sfa-action-menus .sfa-action-item .sfa-tool-text{color:#666;font-size:16px;width:auto}\n.sfa-action-menus :last-child{border-bottom:0}\n.sfa-head .sfa-action-menus i{float:left;padding-right:14px}\n.sfa-head .search-box{display:-webkit-box;display:-webkit-flex;display:flex;background-color:#fff;font-size:14px;padding:5px 10px 6px 17px;box-sizing:border-box;height:100%;width:100%}\n.sfa-head .search-box .search-box-input-area{display:-webkit-box;display:-webkit-flex;display:flex;width:100%;box-sizing:border-box;height:34px;line-height:34px;color:#333;margin-right:7px;padding-right:3px;border-radius:16px;background:#f5f5f5}\n.sfa-head .search-box .search-box-button-area{width:46px;height:34px;line-height:34px;color:#333}\n.active .sfa-head .search-box .search-box-button-area:active{background:rgba(51,51,51,.4)}\n.search-box .search-icon{color:#c3c3c3;line-height:35px;padding-right:6px;padding-left:13px;font-size:14px}\n.search-box .search-action{line-height:34px;font-size:14px;outline:0}\n.search-action-cancel-icon{width:34px;color:#e0e0e0;font-size:14px}\n.search-box .search-box-input-container{-webkit-box-flex:1;-webkit-flex:1;flex:1;width:100%;height:100%;box-sizing:border-box;left:0}\n.search-box .search-box-input-container input{width:100%;height:100%;font-size:14px;vertical-align:top;outline:0;color:#333}\n.search-box-input::-webkit-input-placeholder{vertical-align:top;font-size:14px}\n.sfa-view .sfa-loading{position:absolute;top:50%;left:50%;color:#fff;width:161px;height:49px;line-height:49px;margin-top:-24px;margin-left:-80px;border-radius:1px;text-align:center}\n.sfa-loading .sfa-loading-icon{display:inline-block;width:37px;height:23px;margin-top:-4px;vertical-align:middle}\n.sfa-view .sfa-loading.sfa-loading-tab{width:147px;height:48px;margin-left:-73px}\n.sfa-view .sfa-loading .sfa-loading-icon-tab{width:100%;height:100%;overflow:hidden}\n.sfa-view .sfa-loading .sfa-loading-tab-bglogo{background:url(//m.baidu.com/se/static/img/iphone/tab_loading__bg_logo.png) no-repeat;background-size:147px 48px;height:48px;width:147px}\n.sfa-view .sfa-loading .sfa-loading-tab-toplight{background:url(//m.baidu.com/se/static/img/iphone/tab_loading_light.png) no-repeat;animation:1s marvel infinite;background-size:147px 48px;position:relative;height:48px;width:147px;top:-48px;left:-78px}\n@keyframes marvel{0%{left:-78px}\n100%{left:73px}}\n.sfa-view .sfa-loading i{height:23px;width:23px;background-size:23px;background-repeat:no-repeat;background-image:url(data:image/png;base64,iVBORw0KGgoAAAANSUhEUgAAAEUAAABFCAMAAAArU9sbAAAAllBMVEUAAAA5kv85kv85kv85kv85kv85kv85kv85kv85kv85kv85kv85kv85kv85kv85kv85kv85kv85kv85kv85kv85kv85kv85kv85kv85kv85kv85kv85kv85kv85kv85kv85kv85kv85kv85kv85kv85kv85kv85kv85kv85kv85kv85kv85kv85kv85kv85kv85kv85kv98v3f9AAAAMXRSTlMA+u4H8xwSDeG7KBapjYhP28EE9jfmpJoxItOALLFuQcxrZOrXdnPHVDyVe11aSIN5drPNPgAAAx5JREFUWMOlmOl2qlAMhbcyySCiBUFRUazzVXve/+Vuk2NZTgwHvx+uVjBk2MmJopxRkvvecBn0gqXt+ecZ1DEW8654ZO3lLhTQznZHvKNj70dohrWNRDm9rYZ6Rqsiki/7uBhkiZNkg208LLyL/qGOcCkk39eD9hhm5veEZDirdsS/eRGHby9nY+lRZ1VVmJ200XfLb4mlnbmJEhzpsWegCseWEZfcFXJau3vUkX9xsZy3RvjaboJ6Zt/8vNmbK+zJWGsmKZvF/PJEg3PSb6zuMd0emE/v7hSMMGxmjgf6HI5Sr3FQC9yRsSI1qGBNSX7OnSbpjbUBNRydHo2CDbkygCo5faxoTVfnpKgzpA7XIKEW1F2oM6OeWoExyZUr2hBTJ4xALFq5wkzIGdl40xe9qWlvzsFRph20IyPNUBzp7x9LtGRE7ZcD2LGQW8L19QCLEjRBWw6keuBCxUJrRjTbZliwS+0Zchccf19PaA1/3ofNumnPimMJfl9DtGfA46HLJWpPSGcTqNAmKnCT6r7mGpP+raqG64qxW2uFxoKBcjw6vxYjlJHQiYKophfngliGVeJdgg7LqsgtXy4JsVlRI9beoMmSsM7L9cJDb1OniUAQO+nz63mYYttk/msnnVeo/ms1ydEzLpzjWgxPENH5uad1zqspuNT1ZFNB2M5LibojObxzNN9hO/59WOltfPtcqka4sVyci5pKH1bcTgr9mOzkhvl3f1LkI+BaNeVfxMtsqhWHow3ihxJkoSlWn8UcXCjEr2JrcPVX4TURs2fAv1sa+uSMCQWkmPUrubIFI/06QgXtxNvxQy58+vcAFVjMj/uhFZEKTKhxJiNT7WFIkATVMH396fgYqy7NjHk9PYqAvx/84EMc7rQNPiT8kkF9yKBTfJP73EzvgM/IuoKI3Wq5pW5NiqfyzNhY5cVNdbHe17RHfGuO1MA7Jn1dtrNWk5zo73eJ3Hg2sRgKSZA1G0JMMN4MQscwzUm4//F64oZ+0lCPS26X0k2basHcTEtsLFcWFEj86auJ1IEy5mUbD4NIF3r0bR+3lwov/gPz4J/MfidXggAAAABJRU5ErkJggg==)}\n.sfa-view .sfa-loading span{display:inline-block;color:#6b6b6b;font-size:18px;padding-right:3px;vertical-align:middle}\n.sfa-view-no-head .sfa-head{display:none}\n.sfa-view-no-head .sfa-body{padding-top:0}\n.sfa-view-transparent-head .sfa-head{background:-moz-linear-gradient(top,rgba(0,0,0,.3) 0,rgba(0,0,0,.2) 25%,rgba(0,0,0,0) 100%);background:-webkit-linear-gradient(top,rgba(0,0,0,.3) 0,rgba(0,0,0,.2) 25%,rgba(0,0,0,0) 100%);background:linear-gradient(to bottom,rgba(0,0,0,.3) 0,rgba(0,0,0,.2) 25%,rgba(0,0,0,0) 100%);color:#fff;text-shadow:0 0 1px rgba(0,0,0,.4)}\n.sfa-view-transparent-head .sfa-body{padding-top:0}\n.sfa-results .c-result:first-of-type .c-container:first-of-type{margin-top:0}\n.sfa-top-results .c-result .c-container:first-of-type{margin:0;padding:0}"),$("head").append(d);var f=[];f[0]="sfa-view-default-head",f[1]="sfa-view-no-head",f[6]="sfa-view-transparent-head";var p=function(){a.apply(this,arguments)},h=function(){};return h.prototype=a.prototype,p.prototype=new h,p.uber=a.prototype,p.prototype.constructor=p,p.prototype.create=function(e){var t=new $.Deferred;this.createdAt=Date.now(),this.opts=e,this.globals=this.globals||{},this.$superframe=$("#super-frame"),this.$superframe.length||(this.$superframe=$('&lt;div id="super-frame"&gt;&lt;/div&gt;'),$("body").append(this.$superframe)),this.render(e),this.$superframe.append(this.$SceneView);var r=this;if(this.enterAnimate){var i=this.$SceneView[0];n.enter(i,c,l,u).start(function(){t.resolve(),r.rendered||o.show(r.$SceneView)})}else this.$SceneView.css({opacity:1,"-webkit-transform":"none",transform:"none"}).show(),t.resolve();return t.promise()},p.prototype.render=function(e){var t=this;if(!(t.$SceneView&amp;&amp;t.$SceneView.length&gt;0)){var n=['&lt;div class="sfa-head sfa-head-border"&gt;','&lt;div class="sfa-back"&gt;&lt;i class="c-icon"&gt;&amp;#xe750;&lt;/i&gt;&lt;/div&gt;','&lt;div class="sfa-tool"&gt;'+(e.headTool||"")+"&lt;/div&gt;",'&lt;div class="sfa-title"&gt;','&lt;div class="c-line-clamp1"&gt;'+e.headTitle+"&lt;/div&gt;","&lt;/div&gt;","&lt;/div&gt;"].join(""),i=['&lt;div class="sfa-body"&gt;',"&lt;div&gt;"].join("");t.$SceneView=$("ios"!==r.os.n||"zbios"!==r.browser.n&amp;&amp;"bmbadr"!==r.browser.n?'&lt;div class="sfa-view active"&gt;&lt;/div&gt;':'&lt;div class="sfa-view no-active"&gt;&lt;/div&gt;'),e.headStyle&amp;&amp;t.$SceneView.addClass(f[e.headStyle]),e.customClassName&amp;&amp;t.$SceneView.addClass(e.customClassName),t.$SceneView.css({"min-height":$(window).height()}),t.$sfHead=$(n),t.$sfBody=$(i),t.$SceneView.append(t.$sfHead).append(t.$sfBody),t.$superframe.append(t.$SceneView)}},p.prototype.renderBody=function(e,t){var n=t.container||this.$sfBody,r=parseInt(Math.random()*(new Date).getTime(),24),o=document.createElement("div");o.setAttribute("id",r),n.html(o),e&amp;&amp;e.data&amp;&amp;(this.globals.container=o,this.globals.createdAt=this.createdAt,i(e.data,this.globals,t))},p.prototype.attach=function(){var e=new $.Deferred;return this.$SceneView.find(".sfa-back").on("click",function(e){s.back(),e.preventDefault()}),this.$SceneView.css({position:"static",overflow:"auto",height:"auto","-webkit-transform":"none",transform:"none"}),e.resolve(),e.promise()},p.prototype.detach=function(){var e=new $.Deferred;return this.$SceneView&amp;&amp;this.$SceneView.find(".sfa-back").off("click"),e.resolve(),e.promise()},p.prototype.destroy=function(e,t){if(this.$SceneView){var r=new $.Deferred;if(t&amp;&amp;this.exitAnimate){var i=this.$SceneView[0];n.exit(i,c,l,u).start(function(){r.resolve()})}else this.$SceneView.css({display:"none",position:"static","-webkit-transform":"none",transform:"none"}),r.resolve();var o=this;return r.promise().then(function(){t&amp;&amp;t.options&amp;&amp;t.options.view&amp;&amp;1===t.options.view._hold?o.$SceneView.hide():(o.globals.view&amp;&amp;o.globals.view.trigger("destroy"),o.$SceneView.remove(),o.$SceneView=null,o.$sfHead=null,o.$sfBody=null)})}},p}),define("sf25/view/tabView",["require","sf25/components/b-scene-header/b-scene-header","sf25/components/b-scene-body/b-scene-body","sfr","fusion/deps/naboo","sf25/utils/tabViewLoading"],function(e){e("sf25/components/b-scene-header/b-scene-header"),e("sf25/components/b-scene-body/b-scene-body");var t=e("sfr"),n=e("fusion/deps/naboo"),r=e("sf25/utils/tabViewLoading"),i=t.view,o=300,a=0,s="ease",c=function(){i.apply(this,arguments)},u=function(){};return u.prototype=i.prototype,c.prototype=new u,c.uber=i.prototype,c.prototype.constructor=c,c.prototype.create=function(e,t){var i=new $.Deferred;this.createdAt=Date.now(),this.opts=e,this.globals=this.globals||{},this.$superframe=$("#super-frame"),this.$superframe.length||(this.$superframe=$('&lt;div id="super-frame"&gt;&lt;/div&gt;'),$("body").append(this.$superframe)),this.render(e,t&amp;&amp;t.options&amp;&amp;t.options.src),0===this.$superframe.find(this.$mainView).length&amp;&amp;this.$superframe.append(this.$mainView);var c=this;if(this.enterAnimate){var u=this.$mainView[0];n.enter(u,o,s,a).start(function(){i.resolve()})}else this.$mainView.css({opacity:1,"-webkit-transform":"none",transform:"none"}).show(),i.resolve();return i.promise().then(function(){c.rendered||"sync"===t.options.src||r.show(c.$mainView)})},c.prototype.render=function(e,t){var n=this;n.$mainView&amp;&amp;n.$mainView.length&gt;0||("sync"===t?(n.$mainView=n.$superframe.find("[data-server-rendered]"),n.$sfHead=n.$mainView.find("b-scene-header"),n.$sfBody=n.$mainView.find("b-scene-body")):(n.$mainView=$('&lt;div class="sfa-view"&gt;&lt;/div&gt;'),e.customClassName&amp;&amp;n.$mainView.addClass(e.customClassName),n.$sfHead=$("&lt;b-scene-header&gt;").attr({titlehtml:e.headTitle,toolhtml:e.headTool,styleid:e.headStyle}),n.$sfBody=$("&lt;b-scene-body&gt;").attr({url:e.url}),n.$mainView.append(n.$sfBody),n.$superframe.append(n.$mainView)))},c.prototype.attach=function(e){var t=new $.Deferred,n=this;this.$mainView.css({position:"static",overflow:"auto",height:"auto","-webkit-transform":"none",transform:"none"});var i=this.$sfBody[0];return this.rendered?i.fusionReady=function(){i.fusion.showFromCache()}:(i.fusionReady=function(){i.fusion.startRender(e.options)},this.$sfBody.one("rendered",function(){r.close(n.$mainView)}),this.rendered=!0),t.resolve(),t.promise()},c.prototype.detach=function(){var e=new $.Deferred;return e.resolve(),e.promise()},c.prototype.destroy=function(e,t){if(this.$mainView){var r=new $.Deferred;if(t&amp;&amp;this.exitAnimate){var i=this.$mainView[0];n.exit(i,o,s,a).start(function(){r.resolve()})}else this.$mainView.css({display:"none",position:"static","-webkit-transform":"none",transform:"none"}),r.resolve();var c=this;return r.promise().then(function(){t&amp;&amp;t.options&amp;&amp;t.options.view&amp;&amp;1===t.options.view._hold?(c.$sfBody[0].fusion.hideToCache(),c.$mainView.hide()):(t&amp;&amp;c.$sfBody[0].fusion.hideToCache(),c.$mainView.remove(),c.$mainView=null,c.$sfHead=null,c.$sfBody=null,c.rendered=!1)})}},c}),define("sf25/view/viewFactory",["require","sf25/view/sceneView","sfr"],function(e){function t(e,t){if(t=t||{},"undefined"!=typeof e)return t.key=e,o[e]?o[e]:c.get(e)?(o[e]=c.get(e),o[e]):(o[e]=new a(t),c.set(e,o[e]),o[e]);var n=new a(t);return n}function n(e){return"undefined"!=typeof e?o[e]:!1}function r(e){var t=e.from.url,n=c.get(t);return delete o[t],e.from.options&amp;&amp;(e.from.options.view=e.from.options.view?e.from.options.view:{},e.from.options.view._hold=e.from.query.top&amp;&amp;$.parseJSON(e.from.query.top)._hold?$.parseJSON(e.from.query.top)._hold:e.from.options.view._hold&gt;1?e.from.options.view._hold:1,/android/i.test(window.navigator.userAgent)&amp;&amp;(e.from.options.view._hold=2)),e.from.options&amp;&amp;e.from.options.view&amp;&amp;1!==e.from.options.view._hold&amp;&amp;(c.remove(t),s.remove("sceneResouce",t+"&amp;mod=1")),n&amp;&amp;n.destroy(e.to,e.from)}function i(e,t){o[e]&amp;&amp;(o[t]=o[e],delete o[e]),c.rename(e,t)}var o={},a=e("sf25/view/sceneView"),s=e("sfr").cache,c=s.create("View",{limit:3,onRemove:function(e,t,n){delete o[t],n&amp;&amp;e.destroy()}});return{create:t,get:n,destroy:r,rename:i,proto:a.prototype}}),define("sf25/window-guard",["require"],function(){var e={};return e.createContext=function(){try{var e={};for(var t in window)window.hasOwnProperty(t)&amp;&amp;(e[t]=window[t]);return e}catch(n){return console.error(n),{}}},e.checkContext=function(e){var t={changed:[],added:[],removed:[],totalChanges:0};try{var n;for(n in window)window.hasOwnProperty(n)&amp;&amp;(e.hasOwnProperty(n)||t.added.push({key:n,value:window[n]}));for(n in e)e.hasOwnProperty(n)&amp;&amp;(window.hasOwnProperty(n)||t.removed.push({key:n,value:e[n]}),e[n]!==window[n]&amp;&amp;t.changed.push({key:n,value:window[n],valueBefore:e[n]}));t.totalChanges=t.changed.length+t.added.length+t.removed.length}catch(r){console.error(r)}return t},e.revertChanges=function(e){var t,n;for(t=0;t&lt;e.added.length;t++)n=e.added[t],delete window[n.key];for(t=0;t&lt;e.removed.length;t++)n=e.removed[t],window[n.key]=n.value;for(t=0;t&lt;e.changed.length;t++)n=e.changed[t],window[n.key]=n.valueBefore},e}),require(["sf25/start"],function(e){e()}),window.define("sf/router/router",["sfr/router/router"],function(e){return e}),window.define("sf/action/action",function(){}),window.define("sf/action/sfAction",function(){}),define("modules/invoke/callback",["require"],function(){function e(e,t){return void 0==e?!1:(t=$.extend({name:e,key:"default",callback:"function"==typeof t?t:null,promise:!1},"object"==typeof t?t:{}),n[e]=n[e]||{},n[e][t.key]={callback:t.callback,promise:t.promise},t)}function t(e){return"object"==typeof e&amp;&amp;e.name&amp;&amp;e.key?(delete n[e.name][e.key],!0):!1}var n={};return window.addEventListener("baiduboxapp_callback",function(e){var t=e.callback,r=e.data;if("string"==typeof r&amp;&amp;0==r.indexOf("{")&amp;&amp;window.JSON&amp;&amp;JSON.parse)try{r=JSON.parse(r)}catch(e){}for(var i in n[t]){var o=n[t][i];try{o.callback.call(o,r,e)}catch(e){}}}),{regist:e,unregist:t}}),define("modules/invoke/applink",["require"],function(){return function(){var e=$(this);if(!e.data("applink")){e.data("applink",!0);var t=e.prop("href"),n=e.data("applink-url"),r=["http://applink.baidu.com/?callback=",encodeURIComponent(t),"&amp;url=",encodeURIComponent(n),"&amp;from=wise"].join("");e.prop("href",r)}}}),require(["modules/invoke/applink"],function(e){page.on("afterload",function(){$("#results").on("touchstart","a[data-applink-url]",e),$("#results").on("mousedown","a[data-applink-url]",e)})}),define("modules/invoke/invokebox",["require"],function(){function e(){var e=$.Deferred(),t=+new Date;if(window.OpenBox)return e.resolve(),e.promise();var n=document.createElement("script");n.src="//s.bdstatic.com/common/openjs/openBox.js?_v="+t,n.async=!0,n.onload=n.onreadystatechange=function(){this.readyState&amp;&amp;"loaded"!==this.readyState&amp;&amp;"complete"!==this.readyState?e.reject():(n.onload=n.onreadystatechange=null,n=null,e.resolve())},n.onerror=function(){n.onerror=null,n=null,e.reject()};var r=document.getElementsByTagName("head")[0];return r.appendChild(n),e.promise()}function t(e){this.openBox=null,this.status="",this.readyCallbacks=[],this.opt={},this.opt=$.extend(!0,this.opt,e),this.init()}return t.prototype={constructor:t,init:function(){var t=this,n=t.opt;$.when(e()).then(function(){t.openBox=window.OpenBox(n),t.status="ready",t.doready()},function(){})},open:function(e){e?(this.opt=$.extend(!0,this.opt,e),this.openBox&amp;&amp;this.openBox.open(this.opt)):this.openBox&amp;&amp;this.openBox.open()},doready:function(){var e=this.readyCallbacks.length;if(e){for(var t=0;e&gt;t;t++)this.readyCallbacks[t].call(this);this.readyCallbacks=[]}},ready:function(e){var t=this;"function"==typeof e&amp;&amp;("ready"===t.status?e.call(this):t.readyCallbacks.push(e))}},t}),define("modules/scroll_ctl",["require"],function(){function e(e){"function"==typeof e&amp;&amp;u.push(e)}function t(){l||(u=[],s=lastScrollTop=c.scrollTop(),n(),l=!0)}function n(){c.on("touchmove.scrollfixed scroll.scrollfixed",function(){r()})}function r(){s=c.scrollTop(),lastScrollTop&gt;s?a="up":s&gt;lastScrollTop&amp;&amp;(a="down"),i(s,a),lastScrollTop=s}function i(e,t){for(var n=u.length-1;n&gt;=0;n--)u[n].call(null,{nowScrollTop:e,scrollDirection:t})}function o(){c.off("touchmove.scrollfixed scroll.scrollfixed"),s=lastScrollTop=0,u=[],l=!1}var a,s=lastScrollTop=0,c=$(window),u=[],l=!1;return{regist:e,init:t,destroy:o}}),require(["modules/scroll_ctl"],function(e){page.on("init",function(){e.init()}),page.on("destroy",function(){e.destroy()})}),define("modules/recmmend/aftclk_rcmd/aft_click/afterClick",["require"],function(){function e(){$(".result").each(function(e,r){$(r).on("click",function(r){var o=$(r.target).closest("a");if(o.length){var a=$.trim(o.attr("href"));a&amp;&amp;(/^javascript.*/.test(a)||(window.sessionStorage.setItem(t,e),$.each(n,function(e,t){t&amp;&amp;$.isFunction(t)&amp;&amp;t(i().index,i().click_card)})))}})})}var t="afterClick_"+window.location.href,n=[],r=function(e){e&amp;&amp;$.isFunction(e)&amp;&amp;(e(i().index,i().click_card),n.push(e))},i=function(){if(navigator.cookieEnabled&amp;&amp;window.sessionStorage){var e=window.sessionStorage.getItem(t),n=e?$(".result").eq(e):!1;return{index:e,click_card:n}}return!1};return page.on("afterload",function(){e()}),{afterClick:r}}),define("modules/recmmend/aftclk_rcmd/aft_click/aftClick",["require"],function(){var e="se_after_click_"+window.location.href,t=function(t,r,i){new n({dom_tag:r,onAfclick:t,product_key:i}),e="se_after_click_"+window.location.href},n=function(e){var t=this;t.options=$.extend({dom_tag:"",onAfclick:function(){},product_key:""},e),page&amp;&amp;page.comm&amp;&amp;page.comm.sampleval&amp;&amp;"sam_afterClick_log"===page.comm.sampleval.WISE_TPL_COMMON_SAMPLE_FLAG&amp;&amp;t._tc(),t._init()};return n.prototype={constructor:n,version:"v1.0",_init:function(){var e=this;e._checkParam()&amp;&amp;(e._prepareParam(),e._bindEvent(),e._checkProKey()&amp;&amp;e._doClickEvent("load"))},_tc:function(){$.each($(".c-recomm-wrap a"),function(e,t){var n=page.utils.link.getJumpLinkUrl({src:$(t).attr("href"),order:$(t).closest(".c-result").attr("order")});$(t).attr("href",n)})},_checkParam:function(){var e=this,t=e.options.dom_tag,n=e.options.onAfclick,r=e.options.product_key,i="string"==$.type(t)?$(t):null;return navigator.cookieEnabled&amp;&amp;window.sessionStorage&amp;&amp;t&amp;&amp;"string"==$.type(t)&amp;&amp;i&amp;&amp;n&amp;&amp;$.isFunction(n)&amp;&amp;r&amp;&amp;"string"==$.type(r)?!0:!1},_checkProKey:function(){var t=this,n=t.options.product_key,r=window.sessionStorage.getItem(e);return n!=r?!1:!0},_prepareParam:function(){var e=this;e.$onAfclick=e.options.onAfclick,e.$dom_tag=e.options.dom_tag.replace(/\./g,""),e.$product_key=e.options.product_key,e.$se_afc_tag=e.$product_key+"_"+location.href},_bindEvent:function(){var e=this,t=e.options.dom_tag;$(".results").on("click",t,function(n){var r=$(this),i=$(n.target).closest("a");if(i.length){var o=$.trim(i.attr("href"));if(o&amp;&amp;!/^javascript.*/.test(o)&amp;&amp;("se_afc_ad"!=e.$product_key||e._needAftClick(r))){if("se_afc_normal"==e.$product_key)var a=e.$se_afc_tag,s=$(t).index(r),c={i:a,v:s};if("se_afc_ad"==e.$product_key)var a=e.$se_afc_tag,s=e._getEcCardInfo(r[0]),c={i:a,v:s};e._setStorageIndex(c),e._doClickEvent("click")}}})},_getClickResult:function(){var e=this,t=e.$dom_tag,n="";if(t){var r=window.sessionStorage.getItem(e.$se_afc_tag);return"se_afc_normal"==e.$product_key&amp;&amp;(n=r?$("."+t).eq(r):!1),"se_afc_ad"==e.$product_key&amp;&amp;(n=e._getEcCardInfo(r)),n?{index:r,click_card:n}:!1}return!1},_doClickEvent:function(e){var t=this,e=e||"",n=t._getClickResult(t.$dom_tag);n&amp;&amp;t.$onAfclick(n.index,n.click_card,e)},_setStorageIndex:function(t){var n=this,t=t||{};window.sessionStorage.setItem(t.i,t.v),window.sessionStorage.setItem(e,n.$product_key)},_needAftClick:function(){var e=function(t,n){return t&amp;&amp;!t.hasClass("ec_resitem")&amp;&amp;(t.hasClass(n)||e(t.parent(),n))},t=function(t){return e(t,"ec_vlogo")||e(t,"ec_koubei")||e(t,"ec-vicon")||e(t,"ec_tg")},n=function(e){return t(e)?!1:!0};return n},_getEcCardInfo:function(e){var t=function(e){var t=[],n=function(e){return e.length&lt;=0?[]:$(e[0]).find(".ec_resitem").concat(n(e.slice(1)))};return t=n($(".ec_ad_results").filter(function(){return parseInt($(this).attr("posid"),10)===e&amp;&amp;!$(this).hasClass("ec_newyouxuan")}))},n=function(e,n){return t(n).indexOf(e)},r=function(e){var t=$(e).closest(".ec_ad_results");return t.length&gt;0?parseInt(t.attr("posid"),10):-1},i=function(e){if("string"==typeof e&amp;&amp;/^\d+_\d+$/.test(e))return e=e.split("_"),t(+e[0])[+e[1]];var i=r(e);return i+"_"+n(e,i)};return i(e)},_destroy:function(){}},{afterClick:t}}),define("modules/recmmend/aftclk_rcmd/click_recomm",["require","modules/recmmend/aftclk_rcmd/aft_click/aftClick"],function(e){function t(){var t=n,r=e("modules/recmmend/aftclk_rcmd/aft_click/aftClick");r.afterClick(t,".result","se_afc_normal")}function n(e,t,n){function i(){var e=t.find(".c-recomm-wrap");e.length&amp;&amp;e.children().length?(r(t),n&amp;&amp;"click"==n&amp;&amp;navigator.cookieEnabled&amp;&amp;window.sessionStorage&amp;&amp;page.utils.ss.enabled&amp;&amp;page.utils.ss.setItem(a,e.html())):page.utils.ss.enabled&amp;&amp;page.utils.ss.setItem(a,"")}var a="afterClick_cache_"+window.location.href,s=$(".c-recomm-wrap");if(s.filter(".c-recomm-static"),!e||!t||!t.length)return void o();if(!n||"load"!==n)return void i();try{if(!navigator.cookieEnabled||!page.utils.ss.enabled)return void i();var c=page.utils.ss.getItem(a);if(!c)return void i();if(page.comm.newRec)var u=['&lt;div class="c-recomm-wrap new-ux-recom-wrapper"&gt;',c,"&lt;/div&gt;"].join("");else var u=['&lt;div class="c-container c-recomm-wrap"&gt;',c,"&lt;/div&gt;"].join("");var l=$(u),d=t.find(".c-recomm-wrap");d.remove(),t.append(l),r(t)}catch(f){i()}}function r(e){if(e&amp;&amp;e.length){var t=$(".c-recomm-wrap"),n=e.find(".c-recomm-wrap");n.length&amp;&amp;n.children().length&amp;&amp;(s(e),t.hide(),n.show(),a(n),i(),e.hasClass("c-clk-recommend")||e.addClass("c-clk-recommend"))}}function i(){$(".rs-toprq-wrapper").data("from")&amp;&amp;"voice_guide"==$(".rs-toprq-wrapper").data("from")||$(".rs-toprq-wrapper").hide()}function o(){var e=$(".c-recomm-wrap.c-recomm-static"),t=e.eq(0);e.length&amp;&amp;(t.show(),a(t),i())}function a(e){var t=e.find(".c-recomm-cnt a"),n=e.find(".c-recomm-cnt").offset();if(t&amp;&amp;n)for(var r=n.top,i=0;i&lt;t.length;i++){var o=$(t[i]),a=o.height();if(a&gt;20){var s=o.offset().top-r;if(s&gt;10){o.css("visibility","hidden"),o.prev().css("border","none");break}}i==t.length-1&amp;&amp;o.css("border","none")}}function s(e){if(e&amp;&amp;e.length){var t=e.closest(".s-cluster-content");if(t.length){var n=t.find(".result"),r=n.length;n.index(e[0]),n.eq(r-1),1===r&amp;&amp;e.find(".c-recomm-wrap").addClass("c-recomm-cluster")}}}return{init:t}}),page.on("init",function(){require(["modules/recmmend/aftclk_rcmd/click_recomm"],function(e){e.init()})}),define("modules/recmmend/aftclk_rcmd/click_fanli",["require","modules/recmmend/aftclk_rcmd/aft_click/afterClick"],function(e){function t(){var t=e("modules/recmmend/aftclk_rcmd/aft_click/afterClick");t.afterClick(function(e,t){if(window.sessionStorage&amp;&amp;t){var n,r=$(".wnor-fanli-strong-wrap"),i=t.find(".wnor-fanli-strong-wrap"),o="fanli_"+window.location.href,a=i.find(".c-span3").data("md5"),s=!1,c=!1;try{n=JSON.parse(window.sessionStorage.getItem(o))||{prev:-1,history:{}}}catch(u){}if(n&amp;&amp;n.history)for(item in n.history)if(n.history[item]==a){s=!0;break}a&amp;&amp;n.history[e]&amp;&amp;a==n.history[e]&amp;&amp;(c=!0),!i.length||s&amp;&amp;!c?-1!=n.prev&amp;&amp;(r.hide(),$(".result").eq(n.prev).find(".wnor-fanli-strong-wrap").show(),page.log.send({ct:36,cst:1})):(r.hide(),i.show(),page.log.send({ct:36,cst:1}),n.history[e]=a,n.prev=e,window.sessionStorage.setItem(o,JSON.stringify(n)))}})}return{init:t}}),page.on("init",function(){require(["modules/recmmend/aftclk_rcmd/click_fanli"],function(e){e.init()})}),define("modules/recmmend/aftclk_rcmd/asyn_rcmd",["require"],function(e){function t(e){e&amp;&amp;e.rs&amp;&amp;(1==page.comm.newRec?i(e):o(e),page&amp;&amp;page.comm&amp;&amp;page.comm.sampleval&amp;&amp;"sam_rs_recommend"===page.comm.sampleval.WISE_TPL_COMMON_SAMPLE_FLAG&amp;&amp;r(e),n(e))}function n(t){if(t.rs.ent&amp;&amp;t.rs.ent.length){var n=t.rs.ent;e(["modules/recmmend/aftclk_rcmd/sigma_cele_async"],function(e){e.init(n)})}}function r(t){if(t.rs.brs&amp;&amp;t.rs.brs.list&amp;&amp;t.rs.brs.list.length){var n=t.rs.brs.list;e(["modules/recmmend/rs_rcmd/rs_rcmd"],function(e){e.update(n)})}}function i(e){if(e.rs.rcmd&amp;&amp;e.rs.rcmd.list){var t='&lt;div class="c-recomm-wrap new-ux-recom-wrapper" style="display: none;"&gt;&lt;/div&gt;',n='&lt;b-scroll&gt;&lt;div class="hint-rcmd-title"&gt;&lt;span class="c-gap-left"&gt;大家还搜&lt;i class="c-icon"&gt;&amp;#xe780&lt;/i&gt;&lt;/span&gt;&lt;/div&gt;&lt;div class="c-scroll-wrapper hint-rcmd-tips"&gt;&lt;div class="hint-rcmd-list"&gt;&lt;div class="hint-rcmd-row-container"&gt;&lt;/div&gt;&lt;div class="hint-rcmd-row-container"&gt;&lt;/div&gt;&lt;/div&gt;&lt;/div&gt;&lt;/b-scroll&gt;&lt;div class="hint-rcmd-cover"&gt;&lt;/div&gt;',r="",i=$(".result");$.each(e.rs.rcmd.list,function(e,o){var a="",s="",c=i.eq(o.index),u={sa:o.extern_level?o.extern_level:"re_dl_cr_0"};if("0"!=o.index||!page.comm.sigmaConf){o.up.length&amp;&amp;$.each(o.up,function(e,t){r=page.utils.buildSearchUrl(t,u),r=page.utils.link.getJumpLinkUrl({src:"https://m.baidu.com"+r,order:o.index+1}),a+='&lt;div class="hint-rcmd-item-container"&gt;&lt;a class="c-gap-right" href="'+r+'"&gt;'+t+"&lt;/a&gt;&lt;/div&gt;"}),o.down.length&amp;&amp;$.each(o.down,function(e,t){r=page.utils.buildSearchUrl(t,u),r=page.utils.link.getJumpLinkUrl({src:"https://m.baidu.com"+r,order:o.index+1}),s+='&lt;div class="hint-rcmd-item-container"&gt;&lt;a class="c-gap-right" href="'+r+'"&gt;'+t+"&lt;/a&gt;&lt;/div&gt;"});var l=$(n);a.length&amp;&amp;l.find(".hint-rcmd-list").find(".hint-rcmd-row-container").eq(0).append(a),s.length&amp;&amp;l.find(".hint-rcmd-list").find(".hint-rcmd-row-container").eq(1).append(s);var d=$(t).append(l),f=c.find(".c-recomm-wrap");c.hasClass("c-clk-recommend")||c.addClass("c-clk-recommend"),f.length&amp;&amp;"block"!=f.css("display")?(f.remove(),c.append(d)):f.length||c.append(d)}})}}function o(e){if(e.rs.rcmd&amp;&amp;e.rs.rcmd.list){var t='&lt;div class="c-container c-recomm-wrap" style="display: none;"&gt;&lt;/div&gt;',n='&lt;div class="c-recomm-cnt c-gray"&gt;&lt;/div&gt;',r='&lt;span class="c-gap-right"&gt;&lt;i class="c-icon"&gt;&amp;#xe780&lt;/i&gt;大家还搜：&lt;/span&gt;',i="",o=$(".result");page&amp;&amp;page.comm&amp;&amp;page.comm.sampleval&amp;&amp;"sam_afterclick_update"===page.comm.sampleval.newMainTplName&amp;&amp;(n='&lt;div class="c-recomm-cnt c-gray c-recomm-cnt-sam"&gt;&lt;/div&gt;',r='&lt;span&gt;大家还搜&lt;i class="c-icon c-recomm-i-sam"&gt;&amp;#xe780&lt;/i&gt;&lt;/span&gt;'),$.each(e.rs.rcmd.list,function(e,a){var s="",c=o.eq(a.index),u={sa:a.extern_level?a.extern_level:"re_dl_cr_0"};if("0"!=a.index||!page.comm.sigmaConf){$.each(a.data,function(e,t){i=page.utils.buildSearchUrl(t,u),i=page.utils.link.getJumpLinkUrl({src:"https://m.baidu.com"+i,order:a.index+1}),s+='&lt;a class="c-gap-right" href="'+i+'"&gt;'+t+"&lt;/a&gt;"});var l=$(n).append(r).append(s),d=$(t).append(l),f=c.find(".c-recomm-wrap");c.hasClass("c-clk-recommend")||c.addClass("c-clk-recommend"),f.length&amp;&amp;"block"!=f.css("display")?(f.remove(),c.append(d)):f.length||c.append(d)}})}}function a(){page.comm.rsync_rec_flag&amp;&amp;page.asyn({mod:20,rset:"rcmd",cb:t})}return{init:a}}),page.on("init",function(){require(["modules/recmmend/aftclk_rcmd/asyn_rcmd"],function(e){e.init()})}),define("modules/recmmend/aftclk_rcmd/click_rs",["require"],function(e){function t(){var e=window.sessionStorage.getItem("click_rs_key");s=e?Number(e.split("_")[1])+1:1,4&gt;s&amp;&amp;!$(".se-relativewords").data("renderRs")&amp;&amp;!u&amp;&amp;(u=1,page.asyn({mod:20,rset:"srcmd",cb:n}))}function n(e){u=0,e&amp;&amp;e.rs&amp;&amp;(o+window.innerHeight&gt;$(".se-page-relative").offset().top||r(e))}function r(t){if(t.rs.brs&amp;&amp;t.rs.brs.list&amp;&amp;t.rs.brs.list.length){var n=t.rs.brs.list;$(".se-relativewords").data("renderRs",1),window.sessionStorage.setItem("click_rs_key",decodeURIComponent(page.comm.query)+"_"+s),e(["modules/recmmend/rs_rcmd/rs_rcmd"],function(e){e.update(n)})}}function i(){page&amp;&amp;page.comm&amp;&amp;page.comm.sampleval&amp;&amp;"sam_async_rs"===page.comm.sampleval.WISE_TPL_COMMON_SAMPLE_FLAG&amp;&amp;($(".result").on("click",function(){window.sessionStorage.setItem("click_rs","1")}),e(["modules/scroll_ctl"],function(e){e.regist(function(e){o=e.nowScrollTop,a=e.scrollDirection,1==window.sessionStorage.getItem("click_rs")&amp;&amp;(window.sessionStorage.setItem("click_rs","0"),t()),o&gt;$(".result").eq(5).offset().top&amp;&amp;!c&amp;&amp;(c=1,t())})}))}var o,a,s,c=0,u=0;return{init:i}}),page.on("init",function(){require(["modules/recmmend/aftclk_rcmd/click_rs"],function(e){e.init()})}),define("modules/recmmend/scroll_rcmd/scrollHint",["require"],function(e){function t(){$(".scroll-toprq-wrapper").remove(),$(".rs-toprq-wrapper").remove()}function n(){h=$(".rs-toprq-wrapper"),p=$(".hint-toprq-tips"),p.length&amp;&amp;(g=p.attr("data-dsid")||0,_=0,k=0,S=a(),T=s(),A=o(),v=($(".se-page-tips").length?$(".se-page-tips").offset().top:0)||$("#page-hd").height(),w=$(".se-page-relative").offset().top-y.height(),r(),e(["fusion/b-scroll/b-scroll"]))}function r(){var e=null,t=h.find(".hint-toprq-tips").clone();t.find("a[data-float-href]").each(function(){e=$(this),e.attr("href",e.attr("data-float-href"))}),m=$(".search-page .scroll-toprq-wrapper"),m.length?(m.html("").append(t),i()):(m=$('&lt;div class="scroll-toprq-wrapper"&gt;&lt;/div&gt;'),m.append(t),$(".search-page").prepend(m),i())}function i(){p&amp;&amp;p.length&amp;&amp;("6"==page.comm.browserid&amp;&amp;$("#super-frame").length&amp;&amp;$("#super-frame").children().length||e(["modules/scroll_ctl"],function(e){e.regist(function(e){x=e.nowScrollTop,scrollDirection=e.scrollDirection,("5"==page.comm.browserid||"6"==page.comm.browserid||0!==x)&amp;&amp;(v&gt;=x?("up"==scrollDirection&amp;&amp;setTimeout(function(){c()},0),10&gt;=x&amp;&amp;d()):(u(),x&gt;w?d():"down"==scrollDirection?d():"up"==scrollDirection&amp;&amp;l()))})}))}function o(){return $(".se-results-top").length?!0:!1}function a(){var e=$(".wa-sigma-stock-fixed");return e.length?!0:!1}function s(){return $(".se-page-tips").children().length&gt;1?!0:!1}function c(){A||T||k||h.data("from")&amp;&amp;"voice_guide"==h.data("from")||(k=1,h.show(),$(".c-recomm-wrap").hide(),page.log.send({ct:0,cst:0,t_fqrs:g}))}function u(){k&amp;&amp;(k=0)}function l(){b||_||S||($(".c-recomm-wrap").hide(),m.show(),f(),_=1)}function d(){_&amp;&amp;(m.hide(),_=0)}function f(){page.log.send({ct:0,cst:0,t_frs:g}),f=function(){}}var p,h,m,g,v,w,b=!0,y=$(window),x=0,_=0,k=0,S=!1,T=!1,A=!1;return page.rcmd=page.rcmd||{},page.rcmd.toprq=page.rcmd.toprq||{},page.rcmd.toprq.update=function(e,t,r){if(h.length&amp;&amp;e&amp;&amp;e.word&amp;&amp;e.word.length){var i=e.from?"_"+e.from:"",o=e.word.length,a='&lt;div class="hint-toprq-tips"&gt;',s="",c="";a+="&lt;span&gt;为您推荐：&lt;/span&gt;";for(var u=0;o&gt;u;u++)s=page.utils.link.getSearchUrl(e.word[u],{sa:"fqrs_"+u+i,rq:page.comm.query}),c=page.utils.link.getSearchUrl(e.word[u],{sa:"frs_"+u+i}),a+='&lt;a href="'+s+'" data-float-href="'+c+'"&gt;'+e.word[u]+"&lt;/a&gt;";a+="&lt;/div&gt;",h.html(a),n(),t&amp;&amp;t()}else r&amp;&amp;r()},{init:n,destory:t}}),require(["modules/recmmend/scroll_rcmd/scrollHint"],function(e){page.on("afterload",function(){e.init()}),page.on("afterdestroy",function(){e.destory()})}),define("modules/recmmend/rs_rcmd/rs_rcmd",["require"],function(){function e(e,r,o){t(),i=new n(e,r,o)}function t(){i&amp;&amp;(i.unbindEv(),i=null)}function n(e,t,n){this.isRender=!1,this.data=e,this.succ=t,this.fail=n,this.init()}var r=[],i=null,o=$("#relativewords"),a=o.find(".rw-item"),s=$(window);return n.prototype={constructor:n,init:function(){if(!(this.data&amp;&amp;a&amp;&amp;a.length&amp;&amp;o&amp;&amp;$.isArray(this.data)&amp;&amp;0!==this.data.length))return void this.failFn();for(var e=0;e++;e&lt;a.length)if("a"!==a[e].nodeName.toLocaleLowerCase())return void this.failFn();for(var t=0;t&lt;this.data.length;t++){if(!this.data[t].text||"number"!=typeof this.data[t].index)return void this.failFn();if(this.data[t].url&amp;&amp;!/^http:\/\/|https:\/\//.test(this.data[t].url))return void this.failFn()}this.changeData(this.data)},changeData:function(e){for(var t={},n=!1,i=0,o=0;o&lt;e.length;o++)i=e[o].index,r[i]||(r[i]={}),r[i].text!==e[o].text&amp;&amp;(n=!0,t={sa:"brs_"+(i+1),pos:"asyn_ers_"+(i+1),rsf:e[o].feature},r[i].index=i,r[i].text=e[o].text,r[i].url=e[o].url||B.utils.buildSearchUrl(e[o].text,t));n&amp;&amp;(this.bindEv(),this.isRun()&amp;&amp;this.changeDom(r))},isRun:function(){var e=o.offset().top-s.height(),t=s.scrollTop();return e&gt;t?!0:void 0},changeDom:function(e){for(var t=a.length&lt;e.length?a.length:e.length,n=0;t&gt;n;n++)e[n]&amp;&amp;(a.eq(e[n].index).text(e[n].text),a.eq(e[n].index).prop("href",e[n].url));this.isRender=!0,this.succ&amp;&amp;"function"==typeof this.succ&amp;&amp;this.succ()},bindEv:function(){var e=this;B.onload(function(){s.on("scroll.rsUpdate",function(){!e.isRender&amp;&amp;0!==r.length&amp;&amp;e.isRun()&amp;&amp;e.changeDom(r)})})},unbindEv:function(){s.off("scroll.rsUpdate")},failFn:function(){this.fail&amp;&amp;"function"==typeof this.fail&amp;&amp;this.fail()}},{destroyUpdate:t,update:e}}),require(["modules/recmmend/rs_rcmd/rs_rcmd"],function(e){page.rcmd=page.rcmd||{},page.rcmd.rs=e}),define("modules/recmmend/aftclk_rcmd/sigma_cele_async",["require"],function(){function e(e){var t=$('.c-result[tpl="sigma_celebrity_rela"]').eq(0).find(".c-scroll-wrapper").find(".wa-sigma-celebrity-rela-scroller");$.each(t,function(n,r){$(r).data("index")&amp;&amp;-1!=$(r).data("index").toString().split(",").indexOf(e.toString())&amp;&amp;(t.hide(),$('.c-result[tpl="sigma_celebrity_rela"]').eq(0).find(".c-container").find(".c-row.c-gap-top-small.c-gap-bottom-large").hide(),$(r).show())});var n=$('.c-result[tpl="sigma_celebrity_rela"]').eq(0).find(".c-container &gt;.c-blocka").find(".c-title");$.each(n,function(t,r){$(r).data("index")&amp;&amp;-1!=$(r).data("index").toString().split(",").indexOf(e.toString())&amp;&amp;(n.hide(),$(r).show())})}function t(t){if($('.c-result[tpl="sigma_celebrity_rela"]').eq(0).length){$.each(t,function(e,t){i="";var a=151/636*100*t.card.ents.length+"%";i=i+'&lt;div class="wa-sigma-celebrity-rela-scroller c-scroll-parent-gap" style="width:'+a+'"&gt;',$.each(t.card.ents,function(e,a){n=B.etpl.compile(o);var s=page.utils.buildSearchUrl(a.name)+"&amp;sa="+a.sa;s=page.utils.link.getJumpLinkUrl({src:"https://m.baidu.com"+s}),a.href=s,a.img=page.https.domain.get(a.img),a.width=1/t.card.ents.length*100+"%",r=n(a),i+=r}),i+="&lt;/div&gt;";var s=$(i);if(s.data("index",t.indexes.toString()),s.css("padding-right","0"),s.css("display","none"),$('.c-result[tpl="sigma_celebrity_rela"]').eq(0).find(".c-scroll-wrapper").length)$('.c-result[tpl="sigma_celebrity_rela"]').eq(0).find(".c-scroll-wrapper").append(s);else{var c=$('&lt;b-scroll&gt;&lt;div class="c-row-tile c-scroll-wrapper c-gap-top-small"&gt;&lt;div class="c-scroll-touch"&gt;&lt;/div&gt;&lt;/div&gt;&lt;/b-scroll&gt;');c.find(".c-scroll-touch").append(s),$('.c-result[tpl="sigma_celebrity_rela"]').eq(0).find(".c-container").eq(0).append(c)}i="",i=i+'&lt;h3 class="c-title c-gap-top-small"&gt;&lt;em&gt;'+decodeURIComponent(page.comm.query)+"&lt;/em&gt;_"+t.card.title+"&lt;/h3&gt;";var s=$(i);s.data("index",t.indexes.toString()),s.css("display","none"),$('.c-result[tpl="sigma_celebrity_rela"]').eq(0).find(".c-blocka").append(s)}),$(".results").on("click",".result",function(t){var n=Number($(t.currentTarget).attr("order"))-1;e(n)});var a=Number(window.sessionStorage.getItem("afterClick_"+window.location.href));e(a)}}var n,r,i="",o='&lt;div class="wa-sigma-celebrity-rela-entity c-scroll-element-gap" style="width:${width};"&gt;&lt;a href="${href}" class="c-blocka wa-sigma-celebrity-rela-link"&gt;&lt;div class="c-img c-img-s" style="background: none;"&gt;&lt;img src="${img}"&gt;&lt;/div&gt;&lt;p class="wa-sigma-celebrity-rela-name c-line-clamp2"&gt;${name}&lt;/p&gt;&lt;p class="wa-sigma-celebrity-rela-reason c-color-gray c-line-clamp2"&gt;${type}&lt;/p&gt;&lt;/a&gt;&lt;/div&gt;';return{init:t}}),!function(){var e=function(){return page.comm&amp;&amp;page.comm.sampleval&amp;&amp;page.comm.sampleval.WISE_TPL_COMMON_SAMPLE_FLAG};define("modules/baiduidRecovery",["require","utils/storage"],function(t){var n=t("utils/storage").ls;return function(){var t=n.getItem("BAIDUID");if(t){"baiduid_recovery"===e()&amp;&amp;page.log.send({ct:38,cst:1,lsbi:t,isls:1});var r=new Date;r.setTime(r.getTime()+31536e6),document.cookie="BAIDUID="+t+";domain=.baidu.com;path=/;expires="+r.toGMTString()+";"}else{"baiduid_recovery"===e()&amp;&amp;page.log.send({ct:38,cst:1,lsbi:0,isls:0});var i=new RegExp("(^| )BAIDUID=([^;]*)(;|$)").exec(document.cookie),o=/[A-Fa-f0-9]{32}(:FG=1)?/;if(i&amp;&amp;o.test(i[2])){var a=i[2];n.setItem("BAIDUID",a)}}}})}(),page.on("afterload",function(){$(".search-page").on("click","#results span.wnor-fanyi-btn",function(){var e=this;require(["modules/wnor_fanyi/wnor_fanyi"],function(t){t.btnInit(e)})}).on("click","#results .wnor-fanyi-retry",function(){var e=this;require(["modules/wnor_fanyi/wnor_fanyi"],function(t){t.retryInit(e)})})}),define("sf/dataBridge",["require"],function(){function e(e,t){try{if("object"==typeof t&amp;&amp;(t=JSON.stringify(t)),"string"==typeof t)return n[e]=t,!0}catch(r){}return!1}function t(e){try{return value=JSON.parse(n[e])}catch(t){}return!1}var n={},r={};return r.set=function(t,n){return e(t,n)},r.get=function(e){return t(e)},r}),require(["sf/dataBridge"],function(e){B.dataBridge=e}),define("sf/message",["require"],function(){function e(e,t){t=JSON.stringify(t),n[e]=t}function t(e){try{return value=JSON.parse(n[e]),delete n[e],value}catch(t){}return!1}var n={},r={};return r.send=function(t,n){return e(t,n)},r.receive=function(e){var n=t(e);return n},r}),require(["sf/message"],function(e){B.message=e}),define("log/utils",["require"],function(){return{isObject:function(e){return"object"==typeof e},isString:function(e){return"[object String]"===Object.prototype.toString.call(e)},isArray:function(e){return e.constructor===Array},serialize:function(e){if(!e)return"";var t="",n="";if(this.isObject(e)){for(var r in e)n=e[r],"undefined"!=typeof n&amp;&amp;(this.isObject(n)&amp;&amp;(n=JSON.stringify(n)),t+=r+"="+encodeURIComponent(n)+"&amp;");t=t.substring(0,t.length-1)}else this.isString(e)&amp;&amp;(t=e);return t},extend:function(e,t,n){if(!this.isObject(e)||!this.isObject(t))return e;if(n)for(var r in t)t.hasOwnProperty(r)&amp;&amp;(this.isObject(t[r])&amp;&amp;(e[r]=this.isArray(t[r])?[]:{},arguments.callee(e[r],t[r],n)),e[r]=t[r]);else for(var i in t)t.hasOwnProperty(i)&amp;&amp;(e[i]=t[i]);return e},imgSendLog:function(e){var t="BD_PS_C"+(new Date).getTime(),n=window[t]=new Image;n.onload=function(){n.onload=n.onerror=n.onabort=null,window[t]=null,n=null},n.src=e}}}),define("log/dataStore",["require","log/utils"],function(e){var t=e("log/utils"),n=function(e){e=e||{},this.localStorageKey="search_ls_js_webb",this.data={},this.syncTime=0,this.isFirstSend=!0,t.extend(this,e),this.storageData={data:this.data,logPrefix:this.logPrefix,syncTime:this.syncTime},this.sync(!0)};return t.extend(n.prototype,{pushLogUnit:function(e,t,n,r){var i=this.data;i[e]=i[e]||{};var o=i[e];o[t]||(o[t]=[[],[]]),o[t][r?0:1].push(JSON.stringify(n)),this.sync()},get:function(e){return this.data[e]},eachLogQueues:function(e,n){function r(e){for(var r in i[s])if(i[s].hasOwnProperty(r)){var o={fm:r,qid:s},a={logQueues:i[s][r],historyQid:c};if(e){if(o.type=4,!this.cache.logPrefix)return;t.extend(o,this.cache.logPrefix)}n(o,a)}}if(!e)return!1;var i=this.data,o=Object.keys(i);o.sort(function(t,n){return t===e?1:n===e?1:0});for(var a=0;a&lt;o.length;a++){var s=o[a],c=s!==e;c?(this.isFirstSend&amp;&amp;new Date(this.cache.syncTime).getDate()==(new Date).getDate()&amp;&amp;r.call(this,!0),this.remove(s)):r.call(this)}this.isFirstSend=!1,this.sync()},clear:function(){this.data=[],this.sync()},remove:function(e){delete this.data[e]},sync:function(e){var n=this.localStorageKey;try{if(e){var r=JSON.parse(window.localStorage.getItem(n))||{};r.data&amp;&amp;t.extend(this.data,r.data),delete r.data,r.syncTime=r.syncTime||(new Date).getTime(),this.cache=r}else this.syncTime=this.storageData.syncTime=(new Date).getTime(),window.localStorage.setItem(n,JSON.stringify(this.storageData))}catch(i){(new Image).src="/error"}}}),n}),define("log/webb",["require","log/utils","log/dataStore"],function(e){var t,n=e("log/utils"),r=e("log/dataStore"),i=function(e){if("object"==typeof t)return t;t=this,e=e||{};var r={start:(new Date).getTime(),debug:!1,t:null,cycle:null,MIN_SPEED:2e3,MAX_SPEED:1e4,curSpeed:5e3,stayTime:0,MAX_LEN:2e3,storeLen:-1,MAX_SEND:100,hostEnum:{SESTAT:0},keyMap:{input:0,disp:0,view:0,user:0,ex:0,heart:0},isFirst:!0,sendNum:{},global:window.B||window.page};n.extend(r,e),n.extend(this,r),this.preprocess(),this.bindUnloadLog()};return n.extend(i.prototype,{setCommLog:function(e){var t=e.pd||this.getEnvParma("pd")?"sf_"+this.getEnvParma("pd"):"";t&amp;&amp;(e.pd=t),e.qid=e.qid||this.getDefaultQid(),e.did=e.did||this.getEnvParma("did"),e.q=e.q||this.getEnvParma("query");var n=this.keyMap[e.fm];return n||(n=0),e.host=n,!0},preprocess:function(){n.extend(this,{hostAddr:[this.logHost?this.logHost:this.getDefaultHostAddress()],did:this.did||this.createDid(),qid:this.qid||this.getDefaultQid()}),this.ds=new r({localStorageKey:this.localStorageKey||"search_ls_js_webb",logPrefix:{did:this.did}}),this.qid&amp;&amp;(this.sendNum[this.qid]=0)},bindUnloadLog:function(){var e=this;$(window).bind("unload.webb",function(){e.flushData(2)})},getDefaultHostAddress:function(){var e=this.global;return(e&amp;&amp;e.https&amp;&amp;e.https.domain&amp;&amp;e.https.domain.get?e.https.domain.get("http://sestat.baidu.com"):"http://sestat.baidu.com")+"/mwb.gif?"},getDefaultQid:function(){var e=this.global;return decodeURIComponent(e&amp;&amp;e.comm&amp;&amp;e.comm.lid?e.comm.lid:"")},createDid:function(){for(var e="",t=0;32&gt;t;t++)e+=Math.floor(16*Math.random()).toString(16);return e},flushData:function(e){null!==this.t&amp;&amp;(clearTimeout(this.t),this.t=null);var t=this.fetchData(e);this.startSend(t,!0)},destroy:function(){this.t=null,this.did=this.createDid(),$(window).unbind(".webb")},send:function(e){var t=this.makeLogUrl(e);return t.length&gt;0&amp;&amp;t.length&lt;this.MAX_LEN?(n.imgSendLog(t),!0):void 0},makeLogUrl:function(e){this.setCommLog(e);var t="",r=e.host;return"ex"==e.fm||e.data&amp;&amp;e.qid?(delete e.host,t+=n.serialize(e),t+="&amp;t="+(new Date).getTime(),this.hostAddr[r]+t):""},sendNow:function(e,t,r){if(e&amp;&amp;n.isString(e)&amp;&amp;e in this.keyMap&amp;&amp;t){var i=n.extend({type:3,fm:e,data:[t]},r);this.send(i)}},pushData:function(e,t,r){if(!(e&amp;&amp;n.isString(e)&amp;&amp;e in this.keyMap&amp;&amp;t))return!1;r=r||{};var i=this.getDefaultQid();return i?void this.ds.pushLogUnit(i,e,t,r.highLevel):!1},getEnvParma:function(e){var t=this.global;return this[e]?this[e]:decodeURIComponent(t&amp;&amp;t.comm&amp;&amp;t.comm[e]?t.comm[e]:"")},fetchData:function(e,t){var n=[],r=this;return this.ds.eachLogQueues(this.getDefaultQid(),function(i,o){var a=o.historyQid===!1&amp;&amp;0===e;i.type=i.type||e,r.setCommLog(i);var s=r.getBaseUrlLen(i);t=!(o.historyQid===!0||t!==!0),n=n.concat(r.packLog(s,i,o.logQueues[0],a)),t||(n=n.concat(r.packLog(s,i,o.logQueues[1],a)))}),n},packLog:function(e,t,r,i){for(var o=0,a=[],s=[],c=e;0!==r.length&amp;&amp;o&lt;this.MAX_SEND;){var u=r.shift();i&amp;&amp;o++,c+=u.length+3,0===a.length||a.length&gt;=1&amp;&amp;e&lt;this.MAX_LEN&amp;&amp;c&lt;this.MAX_LEN?a.push(u):(t.data="["+a.join(",")+"]",s.push(t),a=[u],c=e+u.length+3,t=n.extend({},t))}return a.length&gt;0&amp;&amp;(t=n.extend({},t),t.data="["+a.join(",")+"]",s.push(t)),s},getBaseUrlLen:function(e){var t=e.host,r=this.hostAddr[t].length,i=r+(n.serialize(e)+"&amp;t="+(new Date).getTime()).length;return i+6},startSend:function(e,t){var n=this,r=100;if(t)e.forEach(function(e){this.send(e)},this);else var i=setInterval(function(){if(e.length&lt;=0)return void clearInterval(i);var t=e.shift();n.send(t),t.qid in n.sendNum&amp;&amp;(n.sendNum[t.qid]+=1)},r)},startCycle:function(){this.cycle=1;var e=this;this.t=setTimeout(function(){var t=e.fetchData(0),n=t.length;-1===e.storeLen&amp;&amp;(e.storeLen=n),0!==e.storeLen&amp;&amp;n/e.storeLen&gt;=2&amp;&amp;e.curSpeed&gt;e.MIN_SPEED&amp;&amp;(e.curSpeed-=1e3),(0===n||e.storeLen/n&gt;=2)&amp;&amp;e.curSpeed&lt;e.MAX_SPEED&amp;&amp;(e.curSpeed+=1e3),e.startSend(t,!1),e.startCycle()},this.curSpeed)},sendPack:function(e,t,n){this.pushData(e,t,n),null===this.cycle&amp;&amp;this.startCycle()}}),i}),define("log/webb-exception",["require","log/webb"],function(e){var t=e("log/webb"),n=new t;return{keys:{},trigger:function(e,t){return this.keys[e]&amp;&amp;t&amp;&amp;t.st?(t.en=e,this.keys[e].data=t,n.sendNow("ex",t),!0):!1},on:function(e,t){this.keys[e]={option:t}}}}),define("log/webb-ia",["require","log/webb"],function(e){var t,n,r=e("log/webb"),i=(new Date).getTime(),o=0,a=null,s=function(e){e=e||{},t=t||new r(e.env),delete e.env,n=n||{},this.webb=t,this.group=0,this.start=null,this.stayTime=0,this.heartTime=[],this.heartTimer=null,this.scrollTimer=null,this.resizeTimer=null,this.flag=n,this.options={useAll:!1,useFocus:!1,useBlur:!1,useHeart:!1,useVsb:!1},this._init(e)};return $.extend(s.prototype,{send:function(e){e.t||(e.t=(new Date).getTime()),e.o=o,o+=1,e.g=this.group,this._setHistory(e),this.webb.sendPack("view",e)},sendNow:function(e){e.t||(e.t=(new Date).getTime()),e.o=o,o+=1,e.g=this.group,this._setHistory(e),this.webb.sendNow("view",e)},_init:function(e){this.start=i;for(var t in e)this.options[t]=e[t];this.group=this._getRandomNum()||0,this._initEvents()},_getRandomNum:function(){var e=89999*Math.random()+1e4;return e=parseInt(e,10)},_setHistory:function(e){if(e.type){var t=e.type,n=e.action?e.action:"";"w"==t&amp;&amp;n&amp;&amp;(t="w_"+n),a?a[t]?a[t]++:a[t]=1:(a={},a[t]=1)}},_sendFocusLog:function(){var e=this;e.send({type:"w",action:"focus",ext:{vsb:document.visibilityState?document.visibilityState:0}})},_sendBlurLog:function(){var e=this;e.send({type:"w",action:"blur",ext:{vsb:document.visibilityState?document.visibilityState:0}})},_sendVisibilitychangeLog:function(){var e=this;e.send({type:"w",action:"vsb",ext:{vsb:document.visibilityState?document.visibilityState:0}})},_initEvents:function(){var e=this,t=$(window);!e.options.useAll&amp;&amp;!e.options.useFocus||e.flag.focus||(t.bind("focus.webb_ia",function(){e._sendFocusLog()}),e.flag.focus=1),!e.options.useAll&amp;&amp;!e.options.useBlur||e.flag.blur||(t.bind("blur.webb_ia",function(){e._sendBlurLog()}),e.flag.blur=1),!e.options.useAll&amp;&amp;!e.options.useVsb||e.flag.vsb||($(document).bind("visibilitychange.webb_ia",function(){e._sendVisibilitychangeLog()}),e.flag.vsb=1),!e.options.useAll&amp;&amp;!e.options.useResize||e.flag.resize||(t.bind("resize.webb_ia",function(t){e.collectPoint("resize",t)}),e.flag.resize=1),!e.options.useAll&amp;&amp;!e.options.useHeart||e.flag.heart||(e.startHeart(),e.flag.heart=1),!e.options.useAll&amp;&amp;!e.options.useScroll||e.flag.scroll||(t.bind("scroll.webb_ia",function(t){e.collectPoint("scroll",t)}),e.flag.scroll=1)},destroy:function(){$(window).unbind(".webb_ia"),null!==this.heartTimer&amp;&amp;clearTimeout(this.heartTimer),this.heartTimer=null,a=null,o=0,n=null,t.destroy(),t=null},fb:function(){var e,t=this.heartTime.length;return e=0===t||1===t?3e3:this.heartTime[t-1]+this.heartTime[t-2],this.heartTime.push(e),e},sendHeart:function(e){var t=(new Date).getTime(),n=0===e?this.stayTime:t-this.start,r={type:"heart",stay_time:n,t:t};a&amp;&amp;(r.hist=a),this.sendNow(r)},startHeart:function(){var e=this,t=e.fb();e.stayTime+=t,e.heartTimer=setTimeout(function(){e.sendHeart(0),e.startHeart()},t)},collectPoint:function(e){function t(){i[r]=setTimeout(function(){i.send(n(e)),i[r]=null},1e3)}function n(e){if("scroll"===e){var t=$(window),n=t.scrollTop(),r=t.scrollLeft();return{type:"w",action:"scroll",ext:{y:n,x:r}}}return"resize"===e?{type:"w",action:"resize",ext:{w:$(window).width(),h:$(window).height()}}:void 0}var r=e+"Timer",i=this;null===i[r]&amp;&amp;t()}}),s}),define("log/webb-disp",["require","log/utils","log/webb"],function(e){var t=e("log/utils"),n=e("log/webb"),r=function(e){var r={webb:new n,display:{},ExpirationTime:5e3,errCheckList:["base_sf"],currentKey:"",callBacks:{}};t.extend(r,e),t.extend(this,r)};return t.extend(r.prototype,{set:function(e,t){return e&amp;&amp;t?(this.currentKey=e,this.callBacks[e]=t,this.display[e]=t.call(this),this):void 0},sendDisp:function(e){e=e||(new Date).getTime();var t=this.currentKey,n=this;for(var r in this.display){if(n.errCheckList.indexOf(t)&gt;-1){var i=this.display[r].size.doc.h||0;if(50&gt;i){if((new Date).getTime()-e&lt;this.ExpirationTime)setTimeout(function(){n.display[t]=n.callBacks[t].call(this),n.sendDisp(e)},2e3);else{var o={};o[t]={status:"fail"},this.webb.sendNow("disp",o)}return}}var a={};a[r]=this.display[r],a.t=(new Date).getTime(),this.webb.sendNow("disp",a),delete this.display[r]}return this}}),r}),page.on("ready",function(){require(["log/webb-ia"],function(e){window.webb=page.webb=page.webb||{},page.webb.ia=new e({useAll:!0})}),require(["log/webb-disp"],function(e){var t=$(".se-page-bd").find(".result");window.webb=window.webb||{},webb.disp=(new e).set("base",function(){var e={size:{doc:{w:$(document).width(),h:$(document).height()},wind:{w:$(window).width(),h:$(window).height()},scr:{w:screen.width,h:screen.height}},vsb:document.visibilityState?document.visibilityState:0};return e.num=t.length,e}).set("results",function(){var e=[];return t.length&gt;0&amp;&amp;t.each(function(t,n){n=$(n);var r=n.height(),i=n.offset().top;e.push({order:n.attr("order")||0,top:i||0,height:r||0,tpl:n.attr("tpl")||"",srcid:n.attr("srcid")||0,show:"none"==n.css("display")?0:1})}),e}).sendDisp()}),require(["log/webb-exception"],function(e){window.webb=window.webb||{},webb.exception=e,e.on("wiseasync"),e.on("jserr"),e.on("cndmointor"),e.on("base_sf")})}),page.on("stop",function(){webb&amp;&amp;webb.ia&amp;&amp;webb.ia.destroy(),delete webb.ia}),define("log/js-error/ErrorUtils",["require","exports","module"],function(e,t,n){function r(e){if(!e)return[];var t=e.split(/\n\n/)[0].replace(/[\(\)]|\[.*?\]|^\w+:\s.*?\n/g,"").split("\n");return t=C(t,function(e){var t,n,r;e=e.trim(),/(:(\d+)(:(\d+))?)$/.test(e)&amp;&amp;(n=RegExp.$2,r=RegExp.$4,e=e.slice(0,-RegExp.$1.length)),(k.test(e)||/(.*)(@|\s)[^\s]+$/.test(e))&amp;&amp;(e=e.substring(RegExp.$1.length+1),t=/(at)?\s*(.*)([^\s]+|$)/.test(RegExp.$1)?RegExp.$2:"");var i={identifier:t,script:e,line:n,column:r};return m&amp;&amp;m(i),i.text="    at"+(i.identifier?" "+i.identifier+" (":" ")+i.script+(i.line?":"+i.line:"")+(i.column?":"+i.column:"")+(i.identifier?")":""),i})}function i(e){if(!e)return{};if(e._originalError)return e;var t=r(e.stackTrace||e.stack),n=!1;if(e.framesToPop){for(var i,o=e.framesToPop;o&gt;0&amp;&amp;t.length&gt;0;)i=t.shift(),o--,n=!0;x.test(e.message)&amp;&amp;2===e.framesToPop&amp;&amp;i&amp;&amp;y.test(i.script)&amp;&amp;(e.message+=" at "+i.script+(i.line?":"+i.line:"")+(i.column?":"+i.column:"")),delete e.framesToPop}var a={line:e.lineNumber||e.line,column:e.columnNumber||e.column,name:e.name,message:e.message,type:e.type,script:e.fileName||e.sourceURL||e.script,stack:C(t,function(e){return e.text}).join("\n"),stackFrames:t,guard:e.guard,guardList:e.guardList,extra:e.extra,snapshot:e.snapshot};"string"!=typeof a.message&amp;&amp;(a.messageObject=a.message,a.message=String(a.message)),m&amp;&amp;m(a),n&amp;&amp;(delete a.script,delete a.line,delete a.column),t[0]&amp;&amp;(a.script=a.script||t[0].script,a.line=a.line||t[0].line,a.column=a.column||t[0].column),a._originalError=e;for(var s in a)null==a[s]&amp;&amp;delete a[s];return a}function o(e){if(E)return!1;A.length&gt;0&amp;&amp;(e.guard=e.guard||A[0],e.guardList=A.slice()),e=i(e),$.length&gt;T&amp;&amp;$.splice(T/2,1),$.push(e),E=!0;for(var t=0;t&lt;S.length;t++)try{S[t](e)}catch(n){}return E=!1,!0}function a(){return O}function s(e){A.unshift(e),O=!0}function c(){A.shift(),O=0!==A.length}function u(e,t,n,r,a){s(a||v);var u,l=g.nocatch||/nocatch/.test(location.search);if(l){try{u=e.apply(t,n||[])}finally{c()}return u}try{return u=e.apply(t,n||[])}catch(d){var f=i(d);r&amp;&amp;r(f),e&amp;&amp;(f.callee=e.toString().substring(0,100)),n&amp;&amp;(f.args=Array.prototype.slice.call(n).toString().substring(0,100)),f.guard=A[0],f.guardList=A.slice(),o(f)}finally{c()}}function l(e,t,n){function r(){return u(e,n||this,arguments,null,t)}return t=t||e.name||w,r}function d(e,t,n,r,i){i=i||{},i.message=i.message||e,i.script=i.script||t,i.line=i.line||n,i.column=i.column||r,i.guard=b,i.guardList=[b],o(i)}function f(e,t){S.push(e),t||each($,e)}function p(e){m=e}function h(e,t){g[e]=t}var m,g={},v="&lt;anonymous guard&gt;",w="&lt;generated guard&gt;",b="&lt;window.onerror&gt;",y=/^https?:\/\//i,x=/^Type Mismatch for/,_=["Unknown script code","Function code","eval code"],k=new RegExp("(.*?)(\\s)(?:"+_.join("|")+")$"),S=[],$=[],T=50,A=[],O=!1,E=!1,C=function(e,t){return e.map(t)};window.onerror=d;var q={ANONYMOUS_GUARD_TAG:v,GENERATED_GUARD_TAG:w,GLOBAL_ERROR_HANDLER_TAG:b,addListener:f,setSourceResolver:p,applyWithGuard:u,guard:l,history:$,inGuard:a,normalizeError:i,onerror:d,reportError:o,setConfig:h};n.exports=q}),require(["log/js-error/ErrorUtils"],function(e){"use strict";var t=1,n=350,r=.001,i="",o=0,a=window.page&amp;&amp;page.comm&amp;&amp;page.comm.jsErrorReportConf;a&amp;&amp;a.sam&amp;&amp;(i=a.sam),a&amp;&amp;a.reportScale&amp;&amp;(r=a.reportScale),Math.random()&gt;r||e.addListener(function(e){if(!(++o&gt;t)){var r=e._originalError&amp;&amp;e._originalError.reportType||"0",a={st:r,info:[e.name,e.message,e.stack.slice(0,n)].join(":")};i&amp;&amp;(a.sam=i),window.page&amp;&amp;page.webb&amp;&amp;page.webb.exception&amp;&amp;page.webb.exception.trigger("jserr",a)}})}),define("modules/transcode",["require","sfr"],function(e){if($(document).delegate('div[tpl="www_normal"] a,div[tpl="insp_normal"] a',"click",function(t){var n=$(this),r=n.attr("href"),i=!1;if(r.match(/srd=1(.*)?dict=([2-3][0-9]|64|72)/)&amp;&amp;!r.match("h5ad=1")&amp;&amp;(r.match("m.baidu.com")||r.match("www.baidu.com"))&amp;&amp;(!(page&amp;&amp;page.comm&amp;&amp;page.comm.superframe)||"0"!==page.comm.superframe.sf_enable&amp;&amp;"0"!==page.comm.superframe.sf_tc_enable)&amp;&amp;(i=!0)){var o=n.attr("href");o=o.match(/https?:\/\/[^\/]*(.*)/)[1]+"&amp;sfOpen=1";var a=1;e("sfr").action.redirect(o,null,{headStyle:a}),t.preventDefault()}}),"https:"==location.protocol){var t="https://ss0.baidu.com/6ONWsjip0QIZ8tyhnq/ps_default.gif",n=Date.now(),r=window[n]=new Image;r.onload=r.onerror=r.onabort=function(){r.onload=r.onerror=r.onabort=null,r=null},r.src=t}}),require(["modules/transcode"]),define("modules/velocity",["require"],function(){function e(){a.end=+new Date,n(this.src,"success")}function t(){a.end=+new Date,n(this.src,"fail")}function n(e,t){var n="//m.baidu.com",r=[];r.push("time="+(a.end-a.start)),r.push("src="+e),r.push("state="+t),i({url:n,params:r})}function r(n){o=new Image,a.start=+new Date,o.onload=e,o.onerror=t,o.src=n}function i(e){var t=e.url,n=e.params.join("&amp;");$.ajax({headers:{"X-Bd-Bwsc":"result"},type:"get",url:t+"?"+n})}var o,a={start:0,end:0};return{send:r}}),function(){page.on("afterload",function(){var e=Math.random();require(["modules/velocity"],function(t){.01&gt;e&amp;&amp;(t.send("https://spdytest.baidu.com/static/clientcon_test.gif"),t.send("https://spdytest1.baidu.com/static/clientcon_test.gif"))})})}(),define("modules/tclink/tchlog",["require"],function(){function e(){return m=document.body,g=0,v=0,w=0,b=0,y=0,_=0,k=0,S=0,$=0,T=0,A="none",O=0,E=0,C="none",q=124,t(),{getCkValue:d}}function t(){m.addEventListener("touchstart",n,!0),m.addEventListener("touchend",r,!0),m.addEventListener("touchmove",i,!0),window.addEventListener("scroll",a,!0)}function n(e){var t=e.touches.item(0);b=parseInt(t.pageX,10),y=parseInt(t.pageY,10),s(),g=p(e)}function r(e){v=p(e),w=v-g}function i(e){o(e)}function o(e){a(e)}function a(e){x||(x=!0,k=window.scrollY);var t=window.scrollY,n=Math.abs(t-_),r=u(_,t)||A,i=p(e);c(n,r)&amp;&amp;(i&gt;$&amp;&amp;($=i),"none"===C&amp;&amp;(C=A,S=i),C!==A&amp;&amp;(l(),S=i,C=A)),_=t}function s(){x&amp;&amp;"none"!==C&amp;&amp;(l(),E=0,x=!1,A="none")}function c(e,t){return"none"===A&amp;&amp;(A=t),t!==A?(A=t,E=0):E+=e,E&gt;R}function u(e,t){return t&gt;e?"up":e&gt;t?"down":!1}function l(){O++,T+=$-S,C="none"}function d(){var e=q;if(e!==!1){var t=[e,w,b,y,O,T].join(".");return f(),t}return!1}function f(){O=0,T=0}function p(e){if(0!==e.timeStamp)return parseInt(e.timeStamp);var t=new Date;return t.getTime()}var h,m,g,v,w,b,y,x,_,k,S,$,T,A,O,E,C,q,R=10;return{init:function(){h=e()},getTouchValue:function(){return h.getCkValue()}}}),page.on("init",function(){require(["modules/tclink/tchlog"],function(e){e.init(),$(".search-page").on("touchstart","#results .result a, #results-top .result a",function(){var t=$(this),n="&amp;tch="+e.getTouchValue(),r=t.attr("href");if(-1!==r.search(/\/tc\?.*&amp;nsrc=/)){if(-1!==r.search(/&amp;tch=/))var i=r.replace(/&amp;tch=([^&amp;]*)/,n);else var i=r.replace(/&amp;nsrc=/,n+"&amp;nsrc=");t.attr("href",i)}})})}),define("modules/tclink/tc_speed",["require"],function(){return{handleLog:function(){function e(e){var t=+new Date;return e.filter(function(e){return t-e.t&lt;864e5}).filter(function(e){return e.w&lt;14e11})}if(page.ls&amp;&amp;page.ls.enabled){$(document).delegate("a","click",function(){page.ls.setItem("tc_time_start",+new Date)}),page.ls.removeItem("tc_time_start");var t=page.ls.getItem("tc_time_log");if(t&amp;&amp;(page.ls.removeItem("tc_time_log"),!(Math.random()&gt;.008)||page.ls.getItem("test_tc_speed"))){var n=e(JSON.parse(t));n.length&amp;&amp;page.log.send({ct:44,cst:0,clk_info:encodeURIComponent(JSON.stringify(n))})}}}}}),page.init(function(){require(["modules/tclink/tc_speed"],function(e){e.handleLog()})}),define("modules/tclink/process_url",["require"],function(){function e(e,t){var n=e.attr("href"),r=t.prefix,i=page.comm.query,o=n.indexOf("/tc?")&gt;=0;e.attr("sftc"),r&amp;&amp;n&amp;&amp;0==n.indexOf(r)&amp;&amp;(n=n.substring(r.length),1==page.comm._eclipse&amp;&amp;o&amp;&amp;n.indexOf("&amp;eqid")&lt;0&amp;&amp;(1==page.comm._eclipse_w&amp;&amp;(n=n.replace(/\/(w=[0-9]+_[0-9]+_)[^\/]+\//,"/$1/")),n+="&amp;eqid="+page.comm.eqid,e.attr("data-tc-redirect")||(n+="&amp;wd=")),"https:"===location.protocol&amp;&amp;(0==n.indexOf("/baidu.php?")&amp;&amp;(r="https://m.baidu.com"),n.indexOf("/l=1/")&gt;=0&amp;&amp;n.indexOf("/srd=1/")&lt;0&amp;&amp;n.indexOf("&amp;wd=")&lt;0&amp;&amp;!e.attr("data-tc-redirect")&amp;&amp;(n+="&amp;wd="+i),o&amp;&amp;(r="https://m.baidu.com")),e.attr("href",r+n))}function t(){$(".search-page").on("touchstart","a",function(){var t=$(this);t.attr("href")&amp;&amp;e(t,{prefix:"http://m.baidu.com"})})}return{init:t}}),page.on("init",function(){require(["modules/tclink/process_url"],function(e){e.init()})}),define("modules/pager",["require"],function(require){function init(){var setUrlParam=function(url,key,value){var oUrl=url.toString(),reg=eval("/("+key+"=)([^&amp;]*)/gi");if(reg.test(oUrl)){var nUrl=oUrl.replace(reg,key+"="+value);return nUrl}return oUrl+"&amp;"+key+"="+value};$(".se-page-controller").on("touchstart","a",function(){if(window.ecom&amp;&amp;ecom.wise){var e=$(this).attr("href")||"";ecom.wise.PARAMS&amp;&amp;ecom.wise.PARAMS.searchid&amp;&amp;(e=setUrlParam(e,"adid",encodeURIComponent(ecom.wise.PARAMS.searchid))),$(this).attr("href",e)}})}return{init:init}}),page.on("afterload",function(){require(["modules/pager"],function(e){e.init()})}),define("modules/cdnMonitor",["require"],function(){function e(){l=Math.random(),l&gt;=.41&amp;&amp;.49&gt;l&amp;&amp;r()}function t(){l&gt;=.51&amp;&amp;.59&gt;l&amp;&amp;(i(),o(),a(),s()),l&gt;=.41&amp;&amp;.49&gt;l&amp;&amp;setTimeout(c,3e3)}function n(){var e=Math.round(1e3*Math.random())%f.length;if(0!=e||"https:"!=location.protocol){var t=new Image,n=new Image,r=f[e];t.onload=function(){n.src="//www.baidu.com/nocache/fesplg/s.gif?url="+encodeURIComponent(r)+"&amp;time="+((new Date).getTime()-i)+"&amp;suc=1&amp;type=aboard&amp;dev=wise&amp;protocol="+encodeURIComponent(location.protocol)+"&amp;ran="+(new Date).getTime()},t.onerror=function(){n.src="//www.baidu.com/nocache/fesplg/s.gif?url="+encodeURIComponent(r)+"&amp;time=&amp;suc=0&amp;type=aboard&amp;dev=wise&amp;protocol="+encodeURIComponent(location.protocol)+"&amp;ran="+(new Date).getTime()};var i=(new Date).getTime();t.src=r+"?&amp;ran="+(new Date).getTime()}}function r(){var e=$(".se-page-bd .result img");e.forEach(function(e){var t=e.onerror;e.onerror=function(){this.loaderror=!0,t&amp;&amp;t.apply(this)}})}function i(){var e=new Image;e.onload=function(){u("cdntestsuc")},e.onerror=function(){u("cdntesterr")},e.src="//ss0.bdstatic.com/5bd1bjqh_Q23odCf/static/wiseindex/img/w_icon2.png?ran"}function o(){var e=new Image;e.onload=function(){u("cdngsstestsuc")},e.onerror=function(){u("cdngsstesterr")},e.src="//gss0.bdstatic.com/5bd1bjqh_Q23odCf/static/wiseindex/img/w_icon2.png?ran"}function a(){var e=new Image;e.onload=function(){u("cdnidctestsuc")},e.onerror=function(){u("cdnidctesterr")},e.src="//m.baidu.com/logo.gif"}function s(){var e=new Image;e.onload=function(){u("cdnss0bdtestsuc")},e.onerror=function(){u("cdnss0bdtesterr")},e.src="//ss0.baidu.com/5bd1bjqh_Q23odCf/static/wiseindex/img/w_icon2.png?ran"}function c(){var e={},t=0,n={},r=$(".se-page-bd .result img[src]"),i="se-img";r.forEach(function(e){if(e.loaderror===!0){t++;var r=e.src||"",o=r.match(/\/\/([^\/]*)\//);o[1]&amp;&amp;(n[o[1]]=n[o[1]]||0,n[o[1]]++,0==o[1].indexOf("ss")&amp;&amp;(i="se-imgcdnerr"))}}),t&amp;&amp;(e.host=n),e.unload=t,e.total=r.length,u(i,e)}function u(e,t){if(e){if(e.indexOf("suc")&gt;-1){var n=Math.random();if(!(n&gt;=.5&amp;&amp;.6&gt;n))return}t=t||{},t.st=e;var r="&amp;terminal=wise";for(var i in t)r+="&amp;"+i+"="+t[i];var o=new Image;o.src=B.https.domain.get(d+r)}}var l,d="http://sestat.baidu.com/cm.gif?type=cdnmonitor",f=["//103.235.47.121/s.gif","//sptidchk.baidu.com/s.gif","//sptidcsfo.baidu.com/s.gif","//sptidcjp.baidu.com/s.gif","//sptidcsin.baidu.com/s.gif","//sptcdnhkg.baidu.com/nocache/s.gif","//sptcdnhkg.baidu.com/cache/s.gif","//sptcdnsfo.baidu.com/nocache/s.gif","//sptcdnsfo.baidu.com/cache/s.gif","//sptcdnsin.baidu.com/nocache/s.gif","//sptcdnsin.baidu.com/cache/s.gif","//sptcdnhome.baidu.com/r/www/nocache/imgdata/sp613.gif","//sptcdnhome.baidu.com/r/www/cache/sp/az.gif"];return{afterload:t,ready:e,foreignTest:n}}),location.protocol.indexOf("https")&gt;-1&amp;&amp;(page.on("ready",function(){require(["modules/cdnMonitor"],function(e){e.ready()})}),page.on("afterload",function(){require(["modules/cdnMonitor"],function(e){e.afterload()})})),"70"==B.comm.bfe_sample&amp;&amp;page.on("afterload",function(){require(["modules/cdnMonitor"],function(e){e.foreignTest()})}),define("modules/ecomMonitor",["require"],function(){function e(){r=new RegExp("("+i.join("|")+")"),t()}function t(){var e=$("img[src]");o=[],e.forEach(function(e){if(e.src&amp;&amp;e.src.match(r)){var t=new Image;t.st=(new Date).getTime(),t.onload=function(){t.end=(new Date).getTime()},t.onerror=function(){t.end=-1},t.orisrc=e.src,t.src=e.src+"?ran="+t.st,o.push(t)}}),o.length&amp;&amp;setTimeout(n,3e3)}function n(){var e=[];o.forEach(function(t){var n="";n=-1==t.end?"-1":t.end?t.end-t.st:"-2",e.push(t.orisrc+"#"+n)}),e=e.join("##"),B.log.send({ct:58,cst:1,clk_extra:encodeURIComponent(e)})}var r,i=["i1.baidu.com","i2.baidu.com","i3.baidu.com","t1.baidu.com","t2.baidu.com","t3.baidu.com","ss1.baidu.com/73N1bjeh1BF3odCf","ss2.baidu.com/73Z1bjeh1BF3odCf","ss3.baidu.com/73V1bjeh1BF3odCf","ss0.baidu.com/6ON1bjeh1BF3odCf","ss1.baidu.com/6OZ1bjeh1BF3odCf","ss2.baidu.com/6OV1bjeh1BF3odCf"],o=[];return{afterload:e}}),page.on("afterload",function(){ran=Math.random(),ran&gt;=.48&amp;&amp;.49&gt;ran&amp;&amp;require(["modules/ecomMonitor"],function(e){e.afterload()})}),define("modules/commonNetworkTest",["require"],function(){function e(e){var t="//www.baidu.com/nocache/fesplg/s.gif?log_type=hm&amp;type=wise_bbr_test&amp;",n=e.join("&amp;"),r=new Image,i="_HM_LOG_"+(new Date).getTime();r.onload=function(){delete window[i]},window[i]=r,r.src=t+n}var t={};return Math.random(),t.preConnect=function(e){for(var t=0;t&lt;e.length;t++){var n=new Image;n.src=e[t]}},t.runNetworkTest=function(t){function n(){for(var t in r)!function(e){var t="_NETWORK_LOG_"+e+"_"+ +new Date,n=new Image,u=new Date;c[e]=$.Deferred(),s.push(c[e]),n.onload=function(){a.push(e+"_"+o+"="+(new Date-u)),c[e].resolve(),delete window[t]},n.onerror=function(){a.push(e+"_"+o+"="+(new Date-u)),c[e].resolve(),delete window[t]},n.src=r[e]+i[o]+"?type="+e+"&amp;_t="+ +new Date}(t);var n=$.when.apply($,s);n.always(function(){e(a)})}var r=t.testUrlList,i=t.testFileList,o=Math.floor(Math.random()*i.length),a=[],s=[],c={};setTimeout(n,3e3)},t}),page.on("ready",function(){var e=Math.random();e&gt;=.1&amp;&amp;.105&gt;e&amp;&amp;require(["modules/commonNetworkTest"],function(e){e.preConnect(["https://gst0.baidu.com/nocache/zw0.gif","https://gst1.baidu.com/nocache/zw0.gif"]),e.runNetworkTest({testUrlList:{gst0:"https://gst0.baidu.com/nocache/",gst1:"https://gst1.baidu.com/nocache/"},testFileList:["zw10.gif","zw20.gif","zw50.gif","zw100.gif"]})})}),page.one("afterload",function(){$(".feedback").one("click.feedback",function(){require(["modules/feedback/feedback"],function(e){e.init()})})}),require(["modules/feedback/feedback"],function(e){page.comm.feedbackAla=e.alaInit}),define("modules/activityEgg",["require"],function(){function e(){this.container=$(".search-page")}return e.prototype.run=function(){var e=this;e.init&amp;&amp;page.one("init",function(){e.init()}),e.destroy&amp;&amp;page.one("destroy",function(){e.destroy()}),e.attach&amp;&amp;page.one("attach",function(){e.attach()}),e.detach&amp;&amp;page.one("detach",function(){e.detach()})},e}),define("modules/psEvent",["require"],function(){function e(){}return e.prototype.set=function(e,t,n){return e&amp;&amp;t&amp;&amp;n?e[t]?e[t]:(e[t]=n,n):!1},e.prototype.get=function(e,t){return e&amp;&amp;t?e[t]?e[t]:null:!1},e}),require(["modules/psEvent"],function(e){var t=new e;page.utils=page.utils||{},page.utils.getEventSignature=function(e){return e&amp;&amp;page.comm.domLoadingTime?t.set(e,"psSignature",new Date-page.comm.domLoadingTime):0}}),!function(){if(B&amp;&amp;B.comm&amp;&amp;B.comm.sids&amp;&amp;-1!==B.comm.sids.indexOf("108670")){var e='&lt;iframe style="display:none" frameborder=0 width=0 height=0 marginheight=0 marginwidth=0 scrolling=no src="https://mipcache.bdstatic.com/static/prefetch.html"&gt;&lt;/iframe&gt;';$("body").append(e)}}(),define("modules/mip/page",["require"],function(){function e(){clearTimeout(i),i=setTimeout(function(){var e=document.body.scrollTop,n=e+$(window).height();r.filter('[data-sf-mip-preload="0"]').filter(function(){var t=$(this).offset().top;return t&gt;e&amp;&amp;n&gt;t}).each(function(){t.loadDom($(this))})},300)}var t={},n={};t.loadHtml=function(e){if(!n[e]){var t=new $.Deferred,r=new Image;$(r).on("load error",function(){t.resolve(e)}),r.src=e,n[e]=t}return n[e]},t.getStatus=function(e){return n[e]?4===n[e].readyState?2:1:0},t.loadDom=function(e){var n=e.data("sf-href"),r=n.match(/&amp;ext=([^&amp;]+)&amp;/);if(!r)return!1;try{r=JSON.parse(decodeURIComponent(r[1]))}catch(i){return console.warn("ext parse error",i),!1}var o=decodeURIComponent(r.url);if(!o)return!1;e.data("sf-mip-preload",1);var a=t.loadHtml(o);a.always(function(){e.data("sf-mip-preload",2)})},t.isMipDom=function(e){var t=e.data("sf-href");return t?t.indexOf("&amp;pd=mms_mip&amp;actname=act_sf_mip")&gt;0:void 0};var r,i;return t.start=function(n){n.on("afterload",function(){r=$("a[data-sf-href]").filter(function(){return t.isMipDom($(this))}).data("sf-mip-preload",0),$(document).on("scroll",e),e()}),n.on("stop",function(){clearTimeout(i),$(document).off("scroll",e)})},t}),define("modules/mip/entrance",["require","modules/mip/page"],function(e){function t(e){var t=e.attr("data-sf-href")||"";return t.match(new RegExp("^/sf?.*&amp;tn=normal&amp;pd=mms_mip&amp;actname=act_sf_mip"))?t:!1}function n(e,t){try{return decodeURIComponent(e.match(new RegExp("[?&amp;]"+t+"=([^&amp;]+)"))[1])}catch(n){return null}}function r(e){var t="//mipcache.bdstatic.com/";if(0!==e.indexOf(t))return!1;var n=e.slice(t.length),r=encodeURIComponent(n);r=r.replace(/%2F/g,"/");for(var i=0;i&lt;r.length;i++){var o=r.charAt(i),a=r.charAt(i+1);if("/"!==o||"/"===a)for(;"/"===r.charAt(i)&amp;&amp;i&lt;r.length;)r=r.slice(0,i)+"%2F"+r.slice(i+1),i+=3}return"/"+r}function i(e,t){var r=page&amp;&amp;page.comm&amp;&amp;page.comm.sampleval&amp;&amp;page.comm.sampleval.WISE_TPL_COMMON_SAMPLE_FLAG;if("sf-mip-service-tc"===r){var i=t.attr("data-sf-options");try{i=JSON.parse(i)}catch(o){}if(i&amp;&amp;i.encUrl){var a=t.attr("href")||"";"https:"===location.protocol&amp;&amp;(a=a.replace(/^http:/,"https:")),a=a.replace(/nsrc=[^&amp;]+/,"nsrc="+i.encUrl);var s={};try{s=JSON.parse(n(a,"clk_info"))}catch(o){s={}}return s.sig=page.utils.getEventSignature(e),a=a.replace(/clk_info=[^&amp;]+/,"clk_info="+encodeURIComponent(JSON.stringify(s))),i.tcUrl=a,t.attr("data-sf-options",JSON.stringify(i)),!0}}}function o(e,t){var n=page&amp;&amp;page.comm&amp;&amp;page.comm.sampleval&amp;&amp;page.comm.sampleval.WISE_TPL_COMMON_SAMPLE_FLAG;if("sf-mip-service-tc"===n){var r=t.attr("data-sf-href")||"";return r=r.replace(/^\/sf/,"/mip"),t.attr("data-sf-href",r),i(e,t)}}function a(e){var a=$(e.target);a.is("a")||(a=a.closest("a"));var s=t(a);if(!s&amp;&amp;a){var c=a.attr("data-sf-href");return void(c&amp;&amp;c.match(/^\/mip/)&amp;&amp;i(e,a))}if(!o(e,a)){var u=(page&amp;&amp;page.comm&amp;&amp;page.comm.sampleval&amp;&amp;page.comm.sampleval.WISE_TPL_COMMON_SAMPLE_FLAG,a.data("sf-options")),l={};try{l=JSON.parse(n(s,"ext")||"{}")}catch(d){l={}}var f=n(s,"title"),p=decodeURIComponent(l.url),h=r(p);if(h){var m=window.page&amp;&amp;page.comm&amp;&amp;page.comm.superframe&amp;&amp;page.comm.superframe.sf_mip_enable;m=parseInt(m,10),0!==m&amp;&amp;(a.data("sf-href","/mip"+h),u.title=f,u.lid=n(s,"lid"),a.data("sf-options",JSON.stringify(u)))}}}var s=e("modules/mip/page");page.on("init",function(){window.page&amp;&amp;page.comm&amp;&amp;page.comm.sampleval&amp;&amp;page.comm.sampleval.WISE_TPL_COMMON_SAMPLE_FLAG,$("a[data-sf-href]").filter(function(){return s.isMipDom($(this))}).length&gt;0&amp;&amp;((new Image).src="//mipcache.bdstatic.com/static/az.gif?_="+ +new Date),document.body.removeEventListener("click",a,!0),document.body.addEventListener("click",a,!0)})}),require(["modules/mip/entrance"]),page.on("ready",function(){require(["uiamd/bdbox/util"],function(e){e.setSearchIdToBox()})}),define("modules/tagsearch",["require","fusion/b-scroll/b-scroll","fusion/b-toast/b-toast"],function(e){"use strict";var t=(e("fusion/b-scroll/b-scroll"),e("fusion/b-toast/b-toast"),["search","ls","tsearch_guide"]),n="tgs_clk",r={_version:"1.0",init:function(){this.updateParams(),this.checkIsHasData()&amp;&amp;this.bindEvent()},checkIsHasData:function(){return 0!==this.tsSearchWrapper.length&amp;&amp;0!==this.tsSearchItem},updateParams:function(){this.TSITEMSELECTOR="a.tagSearch-top-item",this.TSITEMTARGETSELECTOR="a.tagSearch-top-item.tagSearch-top-item-select",this.TSITEMTARGETCLASSNAME="tagSearch-top-item-select",this.tsSearchWrapper=$("#tagSearch"),this.tsSearchItem=this.tsSearchWrapper.find(".tagSearch-top-item"),this.tsToast=this.tsSearchWrapper.find(".tagSearch-top-toast")},bindEvent:function(){this.tsSearchWrapper.on("click",this.TSITEMSELECTOR,$.proxy(this.clickTagFireSearch,this)),this.noviceBoot()},clickTagFireSearch:function(e){var t=$(e.target),r=t.hasClass(this.TSITEMTARGETCLASSNAME);r?t.removeClass(this.TSITEMTARGETCLASSNAME):t.addClass(this.TSITEMTARGETCLASSNAME);var i=page.utils.link.getSearchUrl(decodeURIComponent(page.comm.query),{sel_tags:encodeURIComponent(this.getCurrentSelectTags()),sa:n});r?t.addClass(this.TSITEMTARGETCLASSNAME):t.removeClass(this.TSITEMTARGETCLASSNAME),location.href=i,e.stopPropagation(),e.preventDefault()},getCurrentSelectTags:function(){var e=$(this.TSITEMTARGETSELECTOR),t=[];return e.length&amp;&amp;$.each(e,function(e,n){t.push($(n).text().trim())}),t.join("|")},noviceBoot:function(){var e=this;e.isAlreadyGuide()||1!==this.tsSearchWrapper.find(this.TSITEMTARGETSELECTOR).length||(this.tsToast.get(0).fusion.open(),this.setAlreadyGuide())},setAlreadyGuide:function(){var e=page.utils.ls;return e.enabled?void e.set(t[0],t[1],t[2],"1"):!1},isAlreadyGuide:function(){var e=page.utils.ls;return e.enabled&amp;&amp;"1"===e.get(t[0],t[1],t[2])?!0:!1}};return r}),require(["modules/tagsearch"],function(e){page.on("init",function(){e.init()})}),page.on("afterload",function(){if(0!==$(".vc-summertips-container").length&amp;&amp;Box.isBox){var e=/sbxiadouqid\=(.*?)(&amp;|$)/.exec(window.location.search);e&amp;&amp;e.length&gt;1&amp;&amp;e[1]&amp;&amp;require(["modules/summertips/summertips"],function(e){e()})}});</script><script data-version="sugjs_361883d" data-key="sugjs" class="code-to-write">define("global/sug",["require","search/search"],function(require){function htmlEncode(e){var s={"&amp;":"&amp;amp;","&lt;":"&amp;lt;","&gt;":"&amp;gt;",'"':"&amp;quot;","'":"&amp;#39;"},t=function(e){return s[e]};return e.replace(/[&amp;&lt;&gt;"']/g,t)}function getCurrentRelativeUrl(){return location.pathname+location.search+location.hash}var samTabmovdown=0;page&amp;&amp;page.comm&amp;&amp;1==page.comm.tabSampling&amp;&amp;(samTabmovdown=1);var samUseNewIs=window.page&amp;&amp;page.comm&amp;&amp;page.comm.useNewIs,commonBase=$("#commonBase"),c_sugsid=B.comm.sugsid,c_tanet=B.comm.tanet,c_osid=B.comm.osid,c_spd=B.comm.spd,c_lid=B.comm.lid,c_pwd="",config={checkInterval:300,sugNum:6,sugBaseUrl:"//m.baidu.com/su?pre=1&amp;p=3&amp;ie=utf-8&amp;json=1&amp;from=wise_web"+(c_sugsid?"&amp;sugsid="+c_sugsid:"")+"&amp;net="+c_tanet+"&amp;os="+c_osid+"&amp;sp="+c_spd,hisBaseUrl:"//m.baidu.com/his?callback=?&amp;type=3&amp;pic=1"+(c_lid?"&amp;lid="+c_lid:""),hisDeleteUrl:"/user/ajax/history/delete",hisClearUrl:"/user/ajax/history/clear",sugScriptId:"sug",hisStorageNum:6,defSiteIconUrl:"//m.baidu.com/static/index/siteDef.png",defAppIconUrl:"//m.baidu.com/static/index/appDef.png",defAtIconUrl:"//m.baidu.com/static/index/atDef.png",tcUrl:"//m.baidu.com/tc?l=1&amp;",hisMoreUrl:"//m.baidu.com/user/history/list?u=",hisSetUrl:"//m.baidu.com/userbox?action=config&amp;model=user&amp;ori=sug&amp;u=",hisGraphUrl:-1===location.protocol.indexOf("https")?"//graph.baidu.com/resource/$sign$_0.jpg":"//sp0.baidu.com/-aYHfD0a2gU2pMbgoY3K/resource/$sign$_0.jpg",hisGraphHerf:"http://graph.baidu.com/s?"},status={isRequesting:!1,isHisRecommend:!1,isSuccess:!1,sugWinMoved:!1,sugClosed:!1,isFocus:!1,isHissyn:B.comm.pid,isGetHis:!0,bearIconShow:!0,isOpenHis:B.comm.upshis},sugCache={},timeoutCache={},prefetchpromise=0,prefetchpromisetimer=null,hisRecommend=null,beforeLeaveQuery=null,sugObj={wrap:"suggest-div",sug:"sug",his:"his",touch:"touched",sugEdit:"sug-edit"},preventEvent=function(e){return e.preventDefault&amp;&amp;e.preventDefault(),e.stopPropagation&amp;&amp;e.stopPropagation(),!1};config.preratio=[.3,.02];var prewait=!0;return window.baidu=window.baidu||{},$.sug=function(e){var s=this,t=$(e.inputid);"1"!=t.attr("data-sug")&amp;&amp;(t.attr("data-sug","1"),$.extend(s,{doms:{wrap:$(e.wrapid),input:$(e.inputid),reset:$(e.resetid),bn:$(e.buttonid)},isUpdate:!1,isOperAt:!1,lastKw:$(e.inputid).val()||"",needHis:e.needHis,record:e.record,sa:e.sa,w:e.w,hisShow:"0",sugShow:"0",recShow:"0",publicArgu:e.publicArgu,iHeight:e.iHeight||"66px",dHeight:e.dHeight||"45px"}),s.init())},$.sug.prototype={reinit:function(e){$.extend(this,e||{})},init:function(){var e=this;e.DOMprepared(),e.attchEvent();B.comm.sids||"";e.spa=0!=B.comm.spa?!0:!1,status.isHissyn||status.isHisRecommend||(B.on?(B.on("afterload",function(){e.setHisRecommend()}),B.on("stop",function(){status.isHisRecommend=!1})):e.setHisRecommend())},update:function(){if(this.isUpdate)if(status.isHissyn){var e=encodeURIComponent(location.toString());$(".suggest-control-more a").attr("href",config.hisMoreUrl+e),$(".suggest-control-set a").attr("href",config.hisSetUrl+e)}else this.setHisRecommend();this.isUpdate=!0},setHisRecommend:function(e){var s=this,t=s.getHis(""),n=B.comm.pid;status.isHissyn?1==status.isOpenHis?e?s.sendHisRequest(t,n):s.getSug(""):(s.cl(),s.hd()):status.isHisRecommend?s.getSug(""):(status.isHisRecommend=!0,s.sendHisRequest(t))},sendHisRequest:function(e,s){for(var t=this,n=[],a=0,i=e.length;i&gt;a;a++)n.push({kw:e[a].kw,time:parseInt(e[a].time/1e3)});var r=B.comm.hissid,o=B.comm.tanet;$.ajax({type:"GET",url:config.hisBaseUrl+"&amp;net="+o+(r?"&amp;hissid="+r:"")+(s?"&amp;pid="+s:"")+(n.length?"&amp;hisdata="+encodeURIComponent(JSON.stringify(n)):""),dataType:"jsonp",success:function(e){status.isHissyn?(0==e.errno&amp;&amp;e.his&amp;&amp;e.his.length&gt;0?(hisRecommend={s:e&amp;&amp;e.his},e.type&amp;&amp;e.type.length&gt;0&amp;&amp;(hisRecommend.type=e.type),e.src&amp;&amp;e.src.length&gt;0&amp;&amp;(hisRecommend.src=e.src),e.vals&amp;&amp;e.vals.length&gt;0&amp;&amp;(hisRecommend.vals=e.vals)):hisRecommend={s:[]},status.isGetHis=!1,t.getSug("")):hisRecommend=0==e.errno&amp;&amp;e.his&amp;&amp;e.his.length&gt;0?{s:e&amp;&amp;e.his}:null},error:function(){status.isHissyn&amp;&amp;(hisRecommend={s:[]},status.isGetHis=!1,t.getSug(""))}})},DOMprepared:function(){var e=this;e.sugDiv=$("&lt;div&gt;&lt;/div&gt;").attr("class",sugObj.wrap),e.sugClose=$("&lt;div&gt;&lt;/div&gt;").html("关闭").attr("class","suggest-close"),e.sugTitle=$("&lt;div&gt;&lt;/div&gt;").attr("class","suggest-title"),e.sugAt=$("&lt;div&gt;&lt;/div&gt;").attr("class","suggest-at").html("直达号"),e.sugDirect=$("&lt;div&gt;&lt;/div&gt;").attr("class","suggest-direct"),e.sugPanel=$("&lt;div&gt;&lt;/div&gt;").attr("class","suggest-panel"),e.sugContent=$("&lt;div&gt;&lt;/div&gt;").attr("class","suggest-content"),e.setSugOper(),e.sugLogo=$("&lt;div&gt;&lt;/div&gt;").attr("class","suggest-logo"),samTabmovdown?e.sugTitle.append(e.setHisControl()).append(e.sugAt):e.sugTitle.append(e.sugLogo).append(e.setHisControl()).append(e.sugAt),e.sugPanel.append(e.sugContent).append(e.sugOper),e.sugDiv.append(e.sugDirect).append(e.sugPanel).append(e.sugTitle).append(e.sugClose),e.doms.wrap.append(e.sugDiv),e.form=e.doms.wrap.parents("form"),e.page="i"==e.form.attr("data-formposition")?"index":"search",e.hd()},setHisControl:function(){var e=this,s=$("&lt;div&gt;").attr("class","suggest-control"),t=e.getIconPre(),n=encodeURIComponent(location.toString());if(status.isHissyn){var a=$('&lt;div class="suggest-control-more"&gt;&lt;a href='+config.hisMoreUrl+n+'&gt;&lt;i class="'+t+'logo"&gt;&lt;/i&gt;查看更多历史&lt;/a&gt;&lt;/div&gt;'),i=$('&lt;div class="suggest-control-set"&gt;&lt;a href='+config.hisSetUrl+n+'&gt;&lt;i class="'+t+'setting"&gt;&lt;/i&gt;设置&lt;/a&gt;&lt;/div&gt;');a.on("click","a",function(){B.log.send({ct:3,cst:6})}).on("touchstart",function(){$(this).addClass("touched")}).on("touchend",function(){$(this).removeClass("touched")}),i.on("click","a",function(){B.log.send({ct:3,cst:7})}).on("touchstart",function(){$(this).addClass("touched")}).on("touchend",function(){$(this).removeClass("touched")}),s.append(a).append(i)}else e.clear=$("&lt;div&gt;&lt;/div&gt;").attr("class","history-clear").html("清除历史记录"),e.clear.bind("click",function(){var s="清除全部查询历史记录？";B.log.send({ct:3,cst:9}),confirm(s)?e.delHis():e.clear.removeClass(sugObj.touch)}).bind("touchstart",function(){$(this).addClass("touched")}).bind("touchend",function(){e.clearTouchStatus()}),s.append(e.clear);return e.hisControl=s,s},setSugOper:function(){var e=this,s=$("&lt;div&gt;&lt;/div&gt;").attr("class","suggest-oper sug-active-his"),t=$("&lt;div&gt;&lt;/div&gt;").attr("class","suggest-oper-his sug-oper-btn").text("历史记录"),n=$("&lt;div&gt;&lt;/div&gt;").attr("class","suggest-oper-at sug-oper-btn").text("直达号"),a=e.doms.input;return e.sugOper=s,e.sugOperHis=t,e.sugOperAt=n,t.on("touchstart",function(s){if(!e.sugOper.hasClass("sug-active-his")){e.sugOper.removeClass("sug-active-at"),e.sugOper.addClass("sug-active-his");var t="";a.val(t),setTimeout(function(){a.focus()},50),e.scrollTop(),e.autoWrap(),B.log.send({ct:3,cst:4})}preventEvent(s)}),n.on("touchstart",function(s){if(!e.sugOper.hasClass("sug-active-at")){e.sugOper.removeClass("sug-active-his"),e.sugOper.addClass("sug-active-at"),e.isOperAt=!0;var t="@";a.val(t),setTimeout(function(){a.focus()},50),e.scrollTop(),e.autoWrap(),B.log.send({ct:3,cst:5})}preventEvent(s)}),s.append(n).append(t),s},attchEvent:function(){var e=this,s=e.doms.input;B.on("leave",function(){beforeLeaveQuery=decodeURIComponent(B.comm.query),s.val(beforeLeaveQuery),clearInterval(e.leavetimer),e.leavetimer=setInterval(function(){s.val()!=beforeLeaveQuery&amp;&amp;(s.val(beforeLeaveQuery),clearInterval(e.leavetimer))},100)}),s.is(":focus")&amp;&amp;(status.isFocus=!0,e.checkInput(),e.focustime=(new Date).getTime(),delete e.inputtime),s.bind("focus",function(){e.focustime=(new Date).getTime(),delete e.inputtime,clearInterval(e.leavetimer),status.sugClosed=!1,$("."+sugObj.wrap).hide(),status.isFocus=!0,e.scrollTop(),e.hideBearIcon(),e.checkInput()}).bind("blur",function(){status.isFocus=!1,status.isGetHis=!0,clearTimeout(e.timer),e.showBearIcon()}),e.form.bind("submit",function(s){var t=$(this).find(".se-input").val();e.form.append($("&lt;input type='hidden' name='rqlang' value= '"+B.comm.actualResultLang+"' /&gt;")),e.submitProcess(s,t)}),e.sugClose.bind("click",function(){status.sugClosed=!0,e.hd()}).bind("touchstart",function(){e.clearTouchStatus(),$(this).addClass("touched")}).bind("touchend",function(){e.clearTouchStatus()}),e.doms.reset.bind("touchstart mousedown click",function(s){e.doms.input.val("").focus(),$(this).hide(),preventEvent(s)}),$("body").bind("click",function(s){var t=$(s.target);if(!t.hasClass("suggest-panel")&amp;&amp;!t.hasClass("suggest-title")){if(t.hasClass(sugObj.sugEdit)||t.hasClass("sug-oper-btn")){var n=t.parents("form").find(".se-input");return void n.focus()}status.isFocus||(clearTimeout(e.timer),$("."+sugObj.wrap).hide())}}),$(window).on("pageshow",function(){e.clearstatics()}),B.on&amp;&amp;(B.on("stop",function(){clearTimeout(e.timer),e.sugDiv.css({visibility:"hidden"})}),B.on("load",function(){clearTimeout(e.timer),e.hd(),e.sugDiv.css({visibility:"visible"}),e.doms.input.blur()})),$(e.doms.input).on("input",function(){(-1!=this.value.indexOf("\n")||-1!=this.value.indexOf("\r"))&amp;&amp;(e.doms.input.val(e.doms.input.val().replace(/\r|\n/g,"")),$("textarea.input-hidden").val(e.doms.input.val()),e.form.append($("&lt;input type='hidden' value='1' name='t_it'/&gt;")),e.form.submit())})},hideBearIcon:function(){status.bearIconShow&amp;&amp;setTimeout(function(){$(".se-form .se-bearicon").hide(),status.bearIconShow=!1},10)},showBearIcon:function(){if(1===samTabmovdown&amp;&amp;!status.bearIconShow){var e="none"===$(".suggest-div").css("display");!status.isFocus&amp;&amp;e&amp;&amp;($(".se-form .se-bearicon").show(),status.bearIconShow=!0)}},delHis:function(e,s,t){var n=this;if(this.clearLocalHis(e),0===$(".his").length&amp;&amp;n.hd(),status.isHissyn){var a={type:"POST",dataType:"json",success:function(e,n,a){e&amp;&amp;e.result?s&amp;&amp;s(e):t&amp;&amp;t(a)},error:function(e){t&amp;&amp;t(e)}};e?(a.url=config.hisDeleteUrl,a.data={query:e}):a.url=config.hisClearUrl,$.ajax(a)}},scrollTop:function(){var e=this;setTimeout(function(){window.scrollTo(0,e.form.offset().top-2)},100)},clearTouchStatus:function(){var e=$("."+sugObj.sugEdit),s=$("."+sugObj.sug),t=$("."+sugObj.his),n=sugObj.touch;e.removeClass(n),s.removeClass(n),t.removeClass(n),this.sugDirect.removeClass(n),this.sugClose.removeClass(n),this.clear&amp;&amp;this.clear.removeClass(n)},clearstatics:function(){var e=this;e.form.attr("sa").value=e.sa+"b",e.form.attr("ts").value=0,e.setHiddenInput("dit",null),e.setHiddenInput("s_at",null)},submitProcess:function(e,v){var me=this,time,value=v;if(clearTimeout(prefetchpromisetimer),me.form.attr("h_type")&amp;&amp;1*me.form.attr("h_type").value===18&amp;&amp;me.graph_kw){preventEvent(e),B.log.send({ct:3,cst:11,s_sa:me.form.attr("sa").value,s_kw:me.form.attr("h_sign").value,s_type:me.form.attr("h_type").value});var kw=me.graph_kw||"";delete me.graph_kw;var graphUrl=config.hisGraphHerf+"&amp;tn=wise&amp;sign="+me.form.attr("h_sign").value+"&amp;sa="+me.form.attr("sa").value,underscorePos=kw.indexOf("_");return underscorePos&gt;=0&amp;&amp;(graphUrl+="&amp;wd="+encodeURIComponent(kw.slice(underscorePos+1))),void(location.href=graphUrl)}if(value){if(me.needHis&amp;&amp;me.setHis(value.toLowerCase().trim()),me.focustime?me.setHiddenInput("rsv_sug4",(new Date).getTime()-me.focustime):me.setHiddenInput("rsv_sug4",null),me.inputtime?(me.setHiddenInput("inputT",(new Date).getTime()-me.inputtime),delete me.inputtime):me.setHiddenInput("inputT",null),B.SPA?B.SPA.lastQuery=encodeURIComponent(value):B.SPA={lastQuery:encodeURIComponent(value)},me.autoWrap(!1),me.doms.input.blur(),me.doms.reset.hide(),me.hd(),time=(new Date).getTime().toString(),me.form.attr("ts").value=time.substring(time.length-7),B.kts){var t_kt=Math.round(eval(B.kts.join("+"))/B.kts.length);"number"==typeof t_kt&amp;&amp;t_kt&gt;0&amp;&amp;(me.form.attr("t_kt").value=t_kt)}var from=B.comm.from;"undefined"!=typeof from&amp;&amp;from.toString().replace(/^(\d+)(\w*)$/,function(e,s,t){if(s){if(s=(107*(parseInt(s,10)+6791)^9527801).toString(),t){s+=".";for(var n=0,a=t.length;a&gt;n;n++)s+=t[n].charCodeAt(0)}B.cookie("BDICON",s)}});var d_query=B.comm.query;if(d_query&amp;&amp;me.setHiddenInput("oq",decodeURIComponent(d_query)),status.sugClosed=!1,window.__sam_async_super&amp;&amp;B.search.Search){if("ts sa ss rq".split(" ").forEach(function(e){commonBase.data(e,me.form.find('input[name="'+e+'"]').val()),B.comm[e]=me.form.find('input[name="'+e+'"]').val()}),me.form.find('input[name="dit"]').length&gt;0&amp;&amp;(commonBase.data("dit",me.form.find('input[name="dit"]').val()),B.comm.dit=me.form.find('input[name="dit"]').val()),B.search.Search.hasCache({word:value}))return preventEvent(e),B.comm.query=encodeURIComponent(value),B.comm.pn=0,B.search.Search.submitForm({word:value}),me.doms.input.blur(),void me.hd()}else if(window.__sam_async||samUseNewIs)"ts sa ss rq".split(" ").forEach(function(e){commonBase.data(e,me.form.find('input[name="'+e+'"]').val()),B.comm[e]=me.form.find('input[name="'+e+'"]').val()}),me.form.find('input[name="dit"]').length&gt;0&amp;&amp;(commonBase.data("dit",me.form.find('input[name="dit"]').val()),B.comm.dit=me.form.find('input[name="dit"]').val()),preventEvent(e),samUseNewIs?require(["instant_search/is"],function(e){e.submit({word:value},!0)}):require(["search/search"],function(e){e.submitForm({word:value})}),me.doms.input.blur(),me.hd(),B.comm.query=encodeURIComponent(value),B.comm.pn=0;else if(me.spa){"ts sa ss rq".split(" ").forEach(function(e){commonBase.data(e,me.form.find('input[name="'+e+'"]').val()),B.comm[e]=me.form.find('input[name="'+e+'"]').val()}),me.form.find('input[name="dit"]').length&gt;0&amp;&amp;(commonBase.data("dit",me.form.find('input[name="dit"]').val()),B.comm.dit=me.form.find('input[name="dit"]').val());var cacheObj=B.prefetch.getCacheObj(value),cacheStatus=B.prefetch.getCacheStatus(cacheObj),speedTest=!!B.comm.pagetimer;if(1===cacheObj.status&amp;&amp;0===prefetchpromise)return prefetchpromise=1,cacheObj.promise.then(function(){1==prefetchpromise&amp;&amp;(prefetchpromise=0,me.submitProcess(e,v))},function(){1==prefetchpromise&amp;&amp;(prefetchpromise=0,me.submitProcess(e,v))}),prefetchpromisetimer=setTimeout(function(){prefetchpromise=0,B.prefetch.delCacheObj(cacheObj),me.submitProcess(e,v)},3e3),void preventEvent(e);if(2===cacheStatus){me.doms.input.blur(),$(".se-page-tips,.results,.se-relativewords").empty(),$("#search-btm-zone,#pagenav").hide(),$("#index-card").hide(),$("#search-card").show(),me.hd(),preventEvent(e);var sa=encodeURIComponent(me.form.find('input[name="sa"]').val());if(cacheObj.item.params.sa=sa,"index"==me.page){var hash=location.hash;if(0===hash.indexOf("#%7C")&amp;&amp;(hash=decodeURIComponent(hash)),location.hash=hash?hash+"|src_"+encodeURIComponent(value)+"|sa_"+sa:"#|src_"+encodeURIComponent(value)+"|sa_"+sa,B.chgParam(value),B.comm.query=encodeURIComponent(value),B.comm.pn=0,"undefined"==typeof $.loadPage){var lsObj=B.localStore({type:"search",query:value});speedTest&amp;&amp;(lsObj.speed.loading=(new Date).getTime()),setTimeout(function(){window.scrollTo(0,0)},0)}}else{var hash=location.hash,originalHash=hash;0===hash.indexOf("#%7C")&amp;&amp;(hash=decodeURIComponent(hash),originalHash=hash),hash=hash.replace(/(\|src\_)(.*?)(\||$)/,"$1"+encodeURIComponent(value)+"$3").replace(/(\|sa_)(.*?)(\||$)/,"$1"+sa+"$3"),hash||(hash="#|src_"+encodeURIComponent(value)+"|sa_"+sa);var speed=!1;speedTest&amp;&amp;(speed={tag:me.page,start:(new Date).getTime()}),hash===originalHash?$("body").trigger("singlePage",speed):location.hash=hash}}else if(4===cacheStatus){me.doms.input.blur(),$(".se-page-tips,.results,.se-relativewords").empty(),$("#search-btm-zone,#pagenav").hide(),$("#index-card").hide(),$("#search-card").show(),me.hd(),preventEvent(e);var sa=encodeURIComponent(me.form.find('input[name="sa"]').val());if(cacheObj.item.params.sa=sa,"index"==me.page){var hash=location.hash;if(0===hash.indexOf("#%7C")&amp;&amp;(hash=decodeURIComponent(hash)),location.hash=hash?hash+"|src_"+encodeURIComponent(value)+"|sa_"+sa:"#|src_"+encodeURIComponent(value)+"|sa_"+sa,B.chgParam(value),B.comm.query=encodeURIComponent(value),B.comm.pn=0,"undefined"==typeof $.loadPage){var lsObj=B.localStore({type:"search-newi",query:value});speedTest&amp;&amp;(lsObj.speed.loading=(new Date).getTime()),setTimeout(function(){window.scrollTo(0,0)},0)}}else{var hash=location.hash,originalHash=hash;0===hash.indexOf("#%7C")&amp;&amp;(hash=decodeURIComponent(hash),originalHash=hash),hash=hash.replace(/(\|src\_)(.*?)(\||$)/,"$1"+encodeURIComponent(value)+"$3").replace(/(\|sa_)(.*?)(\||$)/,"$1"+sa+"$3"),hash||(hash="#|src_"+encodeURIComponent(value)+"|sa_"+sa);var speed=!1;speedTest&amp;&amp;(speed={tag:me.page,start:(new Date).getTime()}),hash===originalHash?$("body").trigger("singlePage",speed):location.hash=hash}}}}else preventEvent(e)},autoWrap:function(e){var s,t,n=this,a=e,i=parseInt(n.doms.input.css("line-height"));return 0==a?void n.decreaseHeight():(n.doms.input.removeClass("adjust-input"),n.doms.input.val()!==$("textarea.input-hidden").val()&amp;&amp;$("textarea.input-hidden").width(n.doms.input.width()+2).empty().text(n.doms.input[0].value),s=$("textarea.input-hidden")[0].scrollHeight,t=Math.floor(s/i),t&gt;1&amp;&amp;n.increaseHeight(),void((""==this.doms.input.val()||1&gt;=t)&amp;&amp;n.decreaseHeight()))},increaseHeight:function(){var e=this;e.doms.input.css({height:e.iHeight}),e.form.css({height:e.iHeight}),e.form.find(".se-bn,.cross").css({height:e.iHeight})},decreaseHeight:function(){var e=this;e.doms.input.css({height:e.dHeight}),e.form.css({height:e.dHeight}),e.form.find(".se-bn,.cross").css({height:e.dHeight})},checkInput:function(){var e=this,s=e.doms.input.val().toLowerCase().trim();return beforeLeaveQuery&amp;&amp;(e.doms.input.val(beforeLeaveQuery),s=beforeLeaveQuery,e.lastKw="",beforeLeaveQuery=null),e.autoWrap(),e.timer=setTimeout(function(){e.checkInput()},config.checkInterval),s===e.lastKw||e.inputtime||(e.inputtime=(new Date).getTime()),status.sugClosed?void(""!=s?e.doms.reset.show():e.doms.reset.hide()):""==s&amp;&amp;status.isGetHis&amp;&amp;status.isHissyn?(e.lastKw=s,void e.setHisRecommend(!0)):void(s!=e.lastKw||status.isRequesting?(e.lastKw=s,e.getSug(s),window.__sam_async_super?require(["search/search"],function(e){e.prefetchInput({word:s})}):samUseNewIs?require(["instant_search/is"],function(e){e.input(s)}):window.__sam_async&amp;&amp;3==window.__sam_async_type&amp;&amp;require(["search/search"],function(e){e.prefetchInput({word:s})})):e.sugContent.children().length&gt;0||e.sugDirect.children().length&gt;0?e.sh():(e.lastKw=s,e.getSug(s,2)))},getSug:function(e,s){var t=this;""==e?(t.doms.reset.hide(),t.dataProcess(e,hisRecommend)):(t.doms.reset.show(),sugCache[e]&amp;&amp;!status.isRequesting?t.dataProcess(e,sugCache[e]):status.isRequesting||timeoutCache[e]&amp;&amp;!(timeoutCache[e]&lt;3)||(status.isRequesting=!0,t.sendRequest(e,s)))},dataProcess:function(e,s){var t=this,n=s&amp;&amp;s.s||[],a=s&amp;&amp;s.st||{},i={},r=[];if(t.needHis&amp;&amp;""==e&amp;&amp;hisRecommend)for(var o=0,u=n.length;u&gt;o;o++)r.push(["rec",n[o]]);else{for(var o=0,u=n.length;u&gt;o;o++)i[n[o]]=!0,r.push(["sug",n[o],a[o]]);if(t.needHis&amp;&amp;!status.isHissyn)for(var c=t.getHis(e),o=0,u=c.length;u&gt;o;o++)i[c[o].kw]||r.push(["his",c[o].kw])}if(t.buildDOM(e,r,s),0==t.doms.wrap.find("."+sugObj.his).size()?t.hisControl.hide():t.hisControl.show(),e){var d=s.exp||t.exp;t.exp=d,d?t.setHiddenInput("expt",d):t.setHiddenInput("expt",null)}},buildSugDirDOM:function(e,s){var t=this,n=t.doms.input,a=s&amp;&amp;s.rs;if(a){var i=t.getSugDirItem(a.t,a.v);if(!i)return t.sugDirect.hide(),!1;t.sugDirect.show();var r=$("&lt;div&gt;&lt;/div&gt;").attr("class","sug direct d"+a.t),o=$("&lt;button&gt;&lt;/button&gt;");r.append(o),i.icon&amp;&amp;o.append($("&lt;div&gt;&lt;/div&gt;").attr("class","directIcon directIcon"+a.t).append(i.icon));var u=$("&lt;div&gt;&lt;/div&gt;").attr("class","directText directText"+a.t);return i.title&amp;&amp;u.append(i.title),i.info&amp;&amp;u.append(i.info),o.append(u),t.sugDirect.append(r),t.bindNormalEvent(r),r.bind("touchstart",function(){this.s=!0}).bind("touchend",function(){this.e=!0}).bind("click",function(e){if(status.sugWinMoved||!this.s||!this.e)return n.focus(),!1;this.s=!1,this.e=!1;var i=$(this).attr("class").split("sug direct d")[1];B.log.send({ct:1,cst:4,clk_info:i});var r=e.target;if("A"===r.nodeName&amp;&amp;r.href&amp;&amp;0===r.href.indexOf("tel:"))return void preventEvent(e);t.clearTouchStatus();var o=n.val(),u=((new Date).getTime(),t.sa+"di_1");if(t.setHiddenInput("dit",i),t.form.attr("sa").value=u,2==i||3==i){t.setHiddenInput("rq",(!o||o===(this.innerText||this.textContent))===s.s[0]?null:o),t.hd();var c="";return 2==i?c=a.v[2]:3==i&amp;&amp;(c=a.v[1]),n.val(c),t.setSearchQuery(c,function(){location.href=config.tcUrl+t.publicArgu+"&amp;w="+t.w+encodeURIComponent(c)+"&amp;ct=1&amp;dit="+i+"&amp;cst=1&amp;"+a.v[0]}),preventEvent(e),!1}5==i?(t.setHiddenInput("rq",(!o||o===(this.innerText||this.textContent))===a.v[3]?null:o),n.val(a.v[3])):(t.setHiddenInput("rq",(!o||o===(this.innerText||this.textContent))===s.s[0]?null:o),1==a.p&amp;&amp;n.val(s.s[0]))}),B.log.send({ct:1,cst:5,clk_info:a.t}),r}return t.sugDirect.hide(),null},setSearchQuery:function(e,s){this.setHis(e.toLowerCase().trim()),$.ajax({type:"GET",url:"//m.baidu.com/?action=addhis&amp;hissign=wise&amp;hisquery="+encodeURIComponent(e),timeout:500,dataType:"jsonp",success:function(){return s&amp;&amp;s(),!1},error:function(){return s&amp;&amp;s(),!1}})},getSugDirItem:function(e,s){var t=this,n=null,a=$("&lt;p&gt;&lt;/p&gt;").attr("class","title"),i=$("&lt;p&gt;&lt;/p&gt;").attr("class","info"),r={1:function(){var e=s[2].split(/\s+/),r=-1===e[0].indexOf("低温"),o=t.getWeather(s[4],r);n=$("&lt;i&gt;&lt;/i&gt;").attr("class",o),a.html('&lt;span class="right"&gt;详情&lt;/span&gt;&lt;b&gt;'+e[0]+"&lt;/b&gt;"),i.html('&lt;span class="pre"&gt;今天 '+s[0]+'&lt;/span&gt;&lt;span class="leftBorder"&gt;'+e[1]+"&lt;/span&gt;")},2:function(){n=$("&lt;img/&gt;").attr("class","icon").attr("src",s[3]||config.defSiteIconUrl),a.html(t.getInnerWrap.call(t,s[2],"em","span",null)),i.html(s[1])},3:function(){n=$("&lt;img/&gt;").attr("class","icon").attr("src",s[4]||config.defAppIconUrl),a.html("&lt;b&gt;"+s[1]+"&lt;/b&gt;&lt;span&gt;下载&lt;/span&gt;"),i.html("版本"+s[2]+'&lt;span class="leftBorder"&gt;'+s[3]+'&lt;/span&gt;&lt;span class="leftBorder"&gt;更新'+s[5]+"&lt;/span&gt;")},4:function(){var e,t=s[0].split(","),n=s[1].split(","),r=[],o=s[0]?t.length:0,u=s[1]?n.length:0;for(e=0;o&gt;e;e++)r.push('&lt;div class="ball redball"&gt;',t[e],"&lt;/div&gt;");for(e=0;u&gt;e;e++)r.push('&lt;div class="ball blueball"&gt;',n[e],"&lt;/div&gt;");a.html(r.join("")),i.html(["&lt;b&gt;",s[2],'&lt;/b&gt;&lt;span class="leftBorder"&gt;开奖日期：',s[3],"&lt;/span&gt;"].join(""))},5:function(){a.html(['&lt;b class="pre"&gt;',s[0]?s[0]+" ":"",s[1],"&lt;/b&gt;"].join("")),i.html([s[3],'&lt;span class="leftBorder"&gt;',s[2],"&lt;/span&gt;"].join(""))},6:function(){a.html(['&lt;b class="num"&gt;',s[0],"&lt;/b&gt;"].join("")),i.html([s[1],'&lt;span class="leftBorder"&gt;北京时间',s[2],"&lt;/span&gt;"].join(""))},7:function(){var e=s[0].split(","),t=s[3].split(",");a.html(s[0]?['&lt;b class="pre"&gt;&lt;span class="num"&gt;',e[0],'&lt;/span&gt; 和 &lt;span class="num"&gt;',e[1],"&lt;/span&gt;&lt;/b&gt;"].join(""):["&lt;b&gt;不限行&lt;/b&gt;"].join("")),i.html(s[3]?["&lt;b&gt;今日(",s[1],')&lt;/b&gt;&lt;span class="leftBorder"&gt;明日(',s[2],")",t[0],"和",t[1],"&lt;/span&gt;"].join(""):["&lt;b&gt;今日(",s[1],')&lt;/b&gt;&lt;span class="leftBorder"&gt;明日(',s[2],")不限行&lt;/span&gt;"].join(""))},8:function(){a.html(['&lt;b class="num"&gt;',s[0],'&lt;/b&gt;&lt;span class="leftBorder pre"&gt;',s[1]," 邮编&lt;/span&gt;"].join(""))},9:function(){a.html(['&lt;b class="num"&gt;',s[0],'&lt;/b&gt;&lt;span class="leftBorder pre"&gt;',s[1]," 区号&lt;/span&gt;"].join(""))},10:function(){a.html(["&lt;b&gt;",s[0],"&lt;/b&gt;"].join(""))},11:function(){a.html(["&lt;b&gt;",s[0],s[1],"&lt;/b&gt;"].join("")),i.html(["[字义]",s[2]].join(""))},12:function(){a.html(["&lt;b&gt;",s[0],"&lt;/b&gt;"].join("")),i.html([s[1],s[2]?'&lt;span class="leftBorder pre"&gt;'+s[2]+"&lt;/span&gt;":""].join(""))},13:function(){a.html(['&lt;b class="pre"&gt;',s[0],"&lt;/b&gt;"].join("")),i.html(["《",s[1],"》",s[2]?'&lt;span class="leftBorder pre"&gt;'+s[2]+"&lt;/span&gt;":""].join(""))},14:function(){a.html(["&lt;b&gt;",s[0],'&lt;/b&gt;&lt;span class="leftBorder pre"&gt;',s[1],"&lt;/span&gt;"].join(""))},15:function(){a.html(['&lt;a href="tel:',s[0],'"&gt;',s[0],'&lt;/a&gt;&lt;em&gt;官方&lt;/em&gt;&lt;span class="leftBorder pre"&gt;',s[1],"&lt;/span&gt;"].join(""))}},o=null;return r[e]&amp;&amp;(r[e](),o={icon:n,title:a,info:i}),o},bindNormalEvent:function(e){var s=this,t=sugObj.touch;e&amp;&amp;e.bind("touchstart",function(){s.clearTouchStatus(),$(this).addClass(t),status.sugWinMoved=!1}).bind("touchmove",function(){status.sugWinMoved=!0}).bind("touchend",function(){s.clearTouchStatus()})},preventClickThrough:function(){$("a").css({"pointer-events":"none"})},unpreventClickThrough:function(){setTimeout(function(){$("a").css({"pointer-events":"auto"})},200)},buildPrefetchItem:function(e,s){return s=s||{},s.at="3","index"===this.page||(s.spr="1"),{word:e,params:B.prefetch.buildSearchParams(e,s),type:"ajax"}},parsePrefetchQuery:function(e,s){var t=this,n=[];""!==e&amp;&amp;n.push(t.buildPrefetchItem(e,{sa:t.sa+"b"}));for(var a=0,i=1,r=0,o=s.length;o&gt;r;++r){var u=s[r];if("sug"===u[0]&amp;&amp;(n.push(t.buildPrefetchItem(u[1],{sa:t.sa+"s_"+(r+1)})),++a,a&gt;=i))break}return n},newParsePrefetchQuery:function(e,s,t){var n=this,a=[],i=1*t.shift();""!==e&amp;&amp;1*i&gt;=config.preratio[0]&amp;&amp;a.push(n.buildPrefetchItem(e,{sa:n.sa+"b",pre:i}));for(var r=0,o=s.length;o&gt;r;++r){var u=s[r];"sug"===u[0]&amp;&amp;("1"===t[r]?a.push(n.buildPrefetchItem(u[1],{sa:n.sa+"s_"+(r+1),pre:t[r]})):1*t[r]&gt;=config.preratio[1]&amp;&amp;prewait&amp;&amp;a.length&lt;3&amp;&amp;a.push(n.buildPrefetchItem(u[1],{sa:n.sa+"s_"+(r+1),pre:t[r]})))}return a},buildDOM:function(e,s,t){{var n=this,a=sugObj.touch,i=n.doms.input;t&amp;&amp;t.rs}n.cl();var r=Math.min(s.length,config.sugNum);""==e||"@"==e?r&gt;0&amp;&amp;!n.sugPanel.hasClass("sug-oper")&amp;&amp;(n.sugPanel.addClass("sug-oper"),B.log.send({ct:3,cst:3})):n.sugPanel.removeClass("sug-oper"),""==e&amp;&amp;(n.isOperAt=!1,n.sugOper.removeClass("sug-active-at"),n.sugOper.addClass("sug-active-his")),"@"==e&amp;&amp;(n.sugOper.removeClass("sug-active-his"),n.sugOper.addClass("sug-active-at"));var o=n.buildSugDirDOM(e,t);if(n.spa&amp;&amp;0!==e.indexOf("@")&amp;&amp;e!=n.lastPrefetchWord&amp;&amp;(t&amp;&amp;t.pre&amp;&amp;(window.__sam_async_super||B.prefetch.prefetchWords(n.newParsePrefetchQuery(n.doms.input.val(),s,t.pre))),n.lastPrefetchWord=e),samUseNewIs);else if(window.__sam_async&amp;&amp;2==window.__sam_async_type&amp;&amp;0!==e.indexOf("@")&amp;&amp;e!=n.lastPrefetchWord){if(t&amp;&amp;t.pre){var u=require("search/search");u.prefetchInputMulti(n.newParsePrefetchQuery(n.doms.input.val(),s,t.pre),e)}n.lastPrefetchWord=e}if(0===r&amp;&amp;!o)return n.hd();for(var c=!1,d=!1,h=!1,l=!1,p=0;r&gt;p;p++){"his"==s[p][0]&amp;&amp;(n.hisShow="1");var m={};t&amp;&amp;t.term&amp;&amp;(m.term=t.term),"sug"==s[p][0]&amp;&amp;(n.sugShow="1"),"rec"==s[p][0]&amp;&amp;(n.recShow="1");var g=$("&lt;div&gt;&lt;/div&gt;").attr("class","rec"==s[p][0]?"his":s[p][0]),f=n.getInnerWrap.call(n,s[p][1],"em","button",m);if(t&amp;&amp;t.g){var v=t.g[p];v&amp;&amp;"e"===v.t&amp;&amp;v.e&amp;&amp;(f=n.getEntSugBtn(s[p][1],v),l=!0)}if(t&amp;&amp;t.type&amp;&amp;18===t.type[p]&amp;&amp;t.vals[p].length&gt;0&amp;&amp;(f=n.getHisWrap.call(n,s[p][1],{type:t.type[p],val:t.vals[p]}),(s[p][1]||"").indexOf("_")&gt;=0?h=!0:d=!0),null==s[p][2]){var b=t&amp;&amp;t.at&amp;&amp;t.at.sug&amp;&amp;t.at.sug[p];if(b&amp;&amp;b[3]){c=!0;var w=$("&lt;img/&gt;").attr({src:b[1]||config.defAtIconUrl});f.addClass("sugat"),f.prepend($("&lt;div&gt;&lt;/div&gt;").append(w))}var C=$("&lt;div&gt;&lt;/div&gt;").attr("class",sugObj.sugEdit),y=$('&lt;div class="sug-searchicon"&gt;&lt;/div&gt;');status.isHissyn&amp;&amp;""===i.val()&amp;&amp;(C.addClass("sug-del"),y.addClass("sug-hisicon")),g.append(f).append(C).append(y),C.bind("touchmove",preventEvent).bind("touchend",function(e){n.clearTouchStatus(),n.unpreventClickThrough(),preventEvent(e)}).bind("touchstart",function(e){return function(s){var t=this;n.preventClickThrough();var r=$(this).siblings("button").attr("data-query")||e[1];return n.clearTouchStatus(),""===i.val()&amp;&amp;$(this).hasClass("sug-del")?(n.delHis(r,function(){var e=$(t),s=e.parent().parent();e.parent().remove(),0==s.children().length&amp;&amp;(n.hd(),i.blur())}),void B.log.send({ct:3,cst:8})):($(this).addClass(a),i.focus(),n.scrollTop(),i.addClass("animate"),setTimeout(function(){i.removeClass("animate")},400),i.val(r),n.lastKw=r,n.doms.reset.show(),n.autoWrap(),n.sendRequest(r),B.log.send({ct:3,cst:1}),void preventEvent(s))}}(s[p],p))}else{var _=$("&lt;div&gt;&lt;/div&gt;").attr("class","sug-visit");_.html("&lt;span class='visit'&gt;访问&lt;/span&gt;"),g.append(f).append(_),_.bind("click",function(e){return function(s){return n.hd(),n.setSearchQuery(e[1],function(){location.href=config.tcUrl+n.publicArgu+"&amp;w="+n.w+encodeURIComponent(n.doms.input.val())+"ct=1&amp;cst=2&amp;"+e[2]}),preventEvent(s),!1}}(s[p]))}n.sugContent.append(g),n.bindNormalEvent(g),f.bind("touchstart",function(){this.s=!0}).bind("touchend",function(){this.e=!0}).bind("click",function(e,s,t){return function(){if(status.sugWinMoved||!this.s||!this.e)return i.focus(),!1;this.s=!1,this.e=!1,n.clearTouchStatus();var a=i.val();n.setHiddenInput("rq",a&amp;&amp;a!==(this.innerText||this.textContent)?a:null),i.val($(this).attr("data-query")||this.innerText||this.textContent);var r=t&amp;&amp;t.at&amp;&amp;t.at.sug&amp;&amp;t.at.sug[s];r&amp;&amp;r[3]&amp;&amp;n.setHiddenInput("s_at",(n.isOperAt?"a2":"a1")+"_b"+(s+1));var o="";switch(e[0]){case"sug":o="s";break;case"his":o="h";break;case"rec":o="hr"}t&amp;&amp;t.type&amp;&amp;18===t.type[s]?(n.form.attr("sa").value="kh_"+(s+1),n.setHiddenInput("h_sign",t.vals[s][0]),n.setHiddenInput("h_type",t.type[s]),n.graph_kw=e[1]):(n.graph_kw=void 0,o=$(this).attr("data-sa")||o,n.form.attr("sa").value=n.sa+o+"_"+(s+1))}}(s[p],p,t))}if((d||h)&amp;&amp;B.log.send({ct:3,cst:12}),c?(n.sugLogo.hide(),n.sugAt.show()):(status.isHissyn&amp;&amp;""===e?n.sugLogo.hide():n.sugLogo.show(),n.sugAt.hide(),n.setHiddenInput("s_at",null)),!status.sugClosed&amp;&amp;status.isFocus){n.sh();var I=[n.sugShow,n.hisShow,n.recShow].join("");n.setHiddenInput("ss","000"===I?null:I),commonBase.data("ss","000"===I?null:I),B.comm.ss="000"===I?null:I,n.isEntSugShow=n.isEntSugShow||l,n.ishisGraph=n.ishisGraph||d,n.ishisGraphWithText=n.ishisGraphWithText||h,n.ishisGraph&amp;&amp;n.setss(7,1),n.ishisGraphWithText&amp;&amp;n.setss(8,1),n.isEntSugShow&amp;&amp;n.setss(9,1)}},getEntSugBtn:function(e,s){var t=this,n=t.getInnerWrap.call(t,e,"em","p",{});n.addClass("sug-ent-btn-text");var a=$('&lt;button class="sug-ent-btn"&gt;').attr("data-query",s.e.s);a.attr("data-sa","es");var i=$('&lt;p class="sug-ent-btn-tip"&gt;').text(s.e.ti);return a.append(n).append(i),a},setHiddenInput:function(e,s){var t=this,n=t.form.find('input[name="'+e+'"]');null===s?n.size()&amp;&amp;n.remove():0===n.size()?t.form.append($('&lt;input type="hidden"/&gt;',{name:e,value:s})):n.val(s)},getInnerWrap:function(e,s,t,n){n=n||{};var a=String(this.lastKw).replace(/(\^|\$|\||\*|\+|\)|\(|\[|\]|\{|\}|\\|\?)/gi,"\\$1");if(""!==a)if(a=htmlEncode(a),e=htmlEncode(e),-1===e.indexOf(a)){if(n.term&amp;&amp;n.term.length)for(var i in n.term){var r=new RegExp("("+n.term[i]+")","ig");e=e.replace(r,"&lt;"+s+"&gt;$1&lt;/"+s+"&gt;")}}else{var r=new RegExp("("+a+")","ig");e=e.replace(r,"&lt;"+s+"&gt;$1&lt;/"+s+"&gt;")}else e=htmlEncode(e);var o=$("&lt;"+t+"/&gt;");return n&amp;&amp;o.attr(n),o.append(e),o},getHisWrap:function(e,s){var t=$("&lt;button&gt;&lt;/button&gt;");if(18===s.type){t.append('&lt;img src="'+config.hisGraphUrl.replace("$sign$",s.val[0])+'" /&gt;');var n=(e||"").indexOf("_");n&gt;=0&amp;&amp;t.append($('&lt;div class="c-gap-left sug-his-graph-kw"&gt;').text(e.slice(n+1))),t.addClass("sug-his-graph")}return t},setHis:function(e){try{B.ls.set("search","sug","kw:"+e,JSON.stringify({time:(new Date).getTime(),kw:e})),B.ls.set("search","sug","hisUpdated",0)}catch(s){}},getHis:function(e){var s={},t=[],n=[];try{if("0"==B.ls.get("search","sug","hisUpdated"))s=this.reflowHis();else{var a=B.ls.get("search","sug","processedCache");null===a||(s=JSON.parse(a))}for(var i in s){var r=i.split("kw:")[1].toLowerCase();-1!=r.indexOf(e)&amp;&amp;r!=e&amp;&amp;t.push(JSON.parse(s[i]))}if(0==t.length)return[];t.sort(function(e,s){return s.time-e.time});for(var o=t.length;o--;)n.unshift(t[o])}catch(u){}return n.length=Math.min(n.length,config.hisStorageNum),n},reflowHis:function(){var e={};try{B.ls.keys("search","sug").forEach(function(s){0==s.indexOf("search_sug_kw:")&amp;&amp;(e[s]=B.ls.getItem(s))}),B.ls.set("search","sug","processedCache",JSON.stringify(e)),B.ls.set("search","sug","hisUpdated",1)}catch(s){}return e},clearLocalHis:function(e){try{var s=this,t=JSON.parse(B.ls.get("search","sug","processedCache"));if(e)B.ls.removeItem("search_sug_kw:"+e),delete t["search_sug_kw:"+e],B.ls.set("search","sug","processedCache",JSON.stringify(t));else{for(var n in t)B.ls.removeItem(n);B.ls.remove("search","sug","processedCache"),B.ls.remove("search","sug","hisUpdated"),hisRecommend=null,s.cl(),s.hd()}}catch(a){}},sendRequest:function(e,s){var t,n,a=this;if(status.isSuccess=!1,0===e.indexOf("@")&amp;&amp;a.needHis){for(var t=a.getHis(""),i=[],r=0,o=t.length;o&gt;r;r++)0===t[r].kw.indexOf(e.toLowerCase().trim())&amp;&amp;i.push(encodeURIComponent(t[r].kw));n=i.join(",")}var u=function(s,t){t||(status.isSuccess=!1),s&amp;&amp;""!==s.q&amp;&amp;!s.e&amp;&amp;(sugCache[e]=s,a.dataProcess(e,s)),status.isRequesting=!1};window.baidu.sug=u,$.ajax({type:"GET",url:config.sugBaseUrl+"&amp;callback=?&amp;wd="+encodeURIComponent(e)+(c_pwd?"&amp;pwd="+encodeURIComponent(c_pwd):"")+(void 0!==s?"&amp;sugmode="+s:"")+(n?"&amp;at="+n:""),timeout:500,dataType:"jsonp",success:u,error:function(s,t){"undefined"==typeof timeoutCache[e]?timeoutCache[e]=1:timeoutCache[e]++,u({q:e,s:[],e:t})}}),c_pwd=e},hd:function(){this.sugDiv&amp;&amp;this.sugDiv.hide(),this.showBearIcon()},sh:function(){this.sugDiv&amp;&amp;this.sugDiv.show()},cl:function(){this.sugContent&amp;&amp;this.sugContent.html(""),this.sugDirect&amp;&amp;this.sugDirect.html("")},getWeather:function(e,s){var t=["qing","wu","duoyun","leidian","shachen","xue","yin","yu","wumai"];return this.getIconPre()+(s?"":"night")+t[e]},getIconPre:function(){return"default_index"===this.record?"icon-":"sicon-"},setss:function(e,s){if(e-=1,0&gt;e)return t;for(var t=this.form.attr("ss")&amp;&amp;this.form.attr("ss").value||"";t.length&lt;=e;)t+="0";return t=""+t.slice(0,e)+s+t.slice(e+1),this.setHiddenInput("ss",t),commonBase.data("ss",t),B.comm.ss=t,t}},$.sug});</script><script data-version="wwwjs_7bbf6c1" data-key="wwwjs" class="code-to-write">define("search/param",["require"],function(){function e(e,t){if(this.params={},!t){var n=n||$(".se-form");if(n.length&gt;1&amp;&amp;(n=n.eq(0)),!n.length)return;index_form_data=n.serializeArray();for(var r=0;r&lt;index_form_data.length;r++)this.p(index_form_data[r].name)||this.p(index_form_data[r].name,index_form_data[r].value)}if("object"==typeof e)for(var a in e)e.hasOwnProperty(a)&amp;&amp;this.p(a,e[a]);this.wdSameName()}function t(e,t,n){n||(n=0);var r=e.length;for(0&gt;n&amp;&amp;(n=r+n);r&gt;n;n++)if(e[n]===t)return n;return-1}var n=["word","pn","nojc","cl","cq","srcid"],r=["word","cl","ct","tn","rn","ie","f","lm","si","gpc","tfflag","usm","z","ch","sts","vit","dsp","trh","trb","tre","la","lo","st","nojc","haobd","rtt","bsst","gvideo","__eis","__eist","oq","fenlei","sid","rsv_idx","rsv_stat","t_samp"],a=["wd"];return e.prototype.clone=function(n){var a=new e(e.clone(this.params));if("object"==typeof n)for(var i in n)n.hasOwnProperty(i)&amp;&amp;t(r,i)&gt;=0&amp;&amp;a.p(i,n[i]);return a},e.prototype.h=function(e){this.header_params=this.header_params||{};for(var t in e)this.header_params[t]=e[t];return this},e.prototype.buildHeaders=function(e){e&amp;&amp;this.setHeader(e);var t={};for(var n in this.header_params)if("object"==typeof this.header_params[n]){var r=[];for(var a in this.header_params[n]){var i=this.header_params[n][a];i instanceof Array&amp;&amp;(i=i.join("|")),r.push(a+"="+i)}t[n]=r.join("&amp;")}else t[n]=this.header_params[n];return t},e.prototype.buildSearchUrl=function(e,t){var n="";return location.pathname&amp;&amp;"/s"!==location.pathname&amp;&amp;!location.pathname.match("^/(from|pu)=")&amp;&amp;(n="/"),(t?location.protocol+"//"+location.host+"/":n)+"s?"+this.buildQueryString(e)},e.prototype.buildSyncSearchUrl=function(e){return location.protocol+"//"+location.host+"/s?"+this.buildQueryString(e).replace(/mod=[0-9]*/,"").replace("async=1","")},e.prototype.buildQueryString=function(t){var n=e.clone(this.params);if("object"==typeof t)for(var r in t)t.hasOwnProperty(r)&amp;&amp;(n[r]=t[r]);var a="";for(param in n)param&amp;&amp;n.hasOwnProperty(param)&amp;&amp;""!==n[param]&amp;&amp;(a+=param+"="+encodeURIComponent(n[param]).replace(/'/g,"%27")+"&amp;");return a.substr(0,a.length-1)},e.prototype.equals=function(t){if(!t||!t.p)return!1;for(var r=0;r&lt;n.length;r++){var a=n[r];if("pn"==a){var i=this.p(a)?this.p(a):"0",s=t.p(a)?t.p(a):"0";if(i!=s)return!1}else if("word"==a){if(e.normalizeWord(this.p(a))!=e.normalizeWord(t.p(a)))return!1}else if(this.p(a)!=t.p(a))return!1}return!0},e.prototype.matchCache=function(t){if(t.realword){for(var r={},a=0;a&lt;n.length;a++)t.param&amp;&amp;t.param.params&amp;&amp;t.param.params[n[a]]&amp;&amp;(r[n[a]]=t.param.params[n[a]]);return r.word=t.realword,this.equals(new e(r,!0))}return this.equals(t.param)},e.prototype.p=function(e,n){return t(a,e)&gt;=0&amp;&amp;(e="word"),void 0===n?this.params[e]:(this.params[e]=n,this)},e.prototype.hashCode=function(){var e=[];if(!this.p("word"))return"";for(var t=0;t&lt;n.length;t++){var r=n[t];e.push("pn"!=r||this.p(r)?this.p(r):"0")}return e.join("	")},e.prototype.filterOtherParams=function(){for(var e in this.params)this.params.hasOwnProperty(e)&amp;&amp;t(r,e)&lt;0&amp;&amp;delete this.params[e]},e.prototype.wdSameName=function(){var e;for(e=0;e&lt;a.length;e++)this.params&amp;&amp;this.params[a[e]]&amp;&amp;(this.params.word=this.params[a[e]],delete this.params[a[e]])},e.parseUrlParams=function(e){var t,n,r,a,i={};e.indexOf("?")&gt;-1?(r=e.split("?"),a=r[1]):a=e,t=a.indexOf("&amp;")&gt;-1?a.split("&amp;"):new Array(a);for(var s=0;s&lt;t.length;s++)try{t[s]=t[s].indexOf("=")&gt;-1?t[s]:t[s]+"=",n=t[s].split("="),i[n[0]]=decodeURIComponent(n[1].replace(/\+/g," "))}catch(o){}return i},e.clone=function(e){if("object"==typeof e){var t={};for(k in e)e.hasOwnProperty(k)&amp;&amp;(t[k]=e[k])}else t=e;return t},e.normalizeWord=function(e){return e=e||"",e.toLowerCase().replace(/\s/g,"")},e}),define("search/cache",["require"],function(){function e(e){this.param=e.param,this.manager=e.manager,this.urlPrefix=e.urlPrefix,this.dataType=e.dataType,this.status=t,this.time={},this.deferred=null,this.timmer=null}var t=0,n=10,r=30,a=35,i=200;return $.extend(e.prototype,{load:function(e){var t=this;if(e=$.extend({dataType:t.dataType||"html",url:t.urlPrefix+t.param.buildQueryString(),headers:{}},e),e.headers["Async-Type"]="xml",e.headers["Cache-Control"]="private",e.reload||t.status!==i){if(t.status===n)return!0;t.time.start=(new Date).getTime(),t.deferred=$.Deferred(),t.status=n;var s=$.ajax(e);t.timmer=setTimeout(function(){clearTimeout(t.timmer),t.status=a,B.cookie("WISEWR","12",{expires:3e3}),t.deferred.reject()},6e4),s.done(function(e){clearTimeout(t.timmer);var n=-1==e.indexOf(decodeURIComponent("%3C!---async_"))&amp;&amp;-1==e.indexOf('&lt;template id="async_')&amp;&amp;!(e.length&lt;150&amp;&amp;e.indexOf('&lt;div id="__status"&gt;')&gt;-1);return n?(B.cookie("WISEWR","11",{expires:3e3}),B.cookie("WISEER","1",{expires:3e5}),t.status=r,void t.deferred.reject()):(t.status=i,t.time.received=(new Date).getTime(),t.html=e,e.indexOf(decodeURIComponent("%3C!---async_status"))&gt;-1&amp;&amp;t.manager&amp;&amp;t.manager.addCache(t),void t.deferred.resolve())}).fail(function(){B.cookie("WISEWR","13",{expires:3e5}),clearTimeout(t.timmer),t.status=r,t.deferred.reject()})}else t.deferred=$.Deferred(),t.deferred.resolve();return t},done:function(e){var t=this;return t.deferred.done(function(){e.apply(t,arguments)}),t},fail:function(e){var t=this;return t.deferred.fail(function(){e.apply(t,arguments)}),t},destroy:function(){return this.xhr&amp;&amp;this.xhr.abort&amp;&amp;this.xhr.abort(),delete this.xhr,delete this.html,self}}),e}),define("search/environment",["require"],function(){function e(){this.updateUserAgent(),this.update(),e.instance=this}function t(e){e=e||"";for(var t=e.split(""),n=new Array;t.length;)n.push(t.pop());return n.join("")}return $.extend(e.prototype,{isBaiduboxapp:!1,isBmbadr:!1,isSearchCraft:!1,isAndroid:!1,isIos:!1,osVersion:!1,deviceVersion:!1,boxVersion:!1,boxPresearch:!1,boxPresid:!1,updateUserAgent:function(){var e,n=this,r=navigator.userAgent||"";r.indexOf("Mac OS")&gt;-1||r.indexOf("iPhone OS")&gt;-1?n.isIos=!0:r.indexOf("Android")&gt;-1&amp;&amp;(n.isAndroid=!0),r.indexOf("baiduboxapp")&gt;-1&amp;&amp;window.Bdbox&amp;&amp;Bdbox.invokeApp&amp;&amp;(n.isBaiduboxapp=!0,n.isIos?(e=r.match("baiduboxapp/([0-9,.]*)"),e&amp;&amp;e[1]&amp;&amp;"0"!==e[1]?n.boxVersion=e[1]:(e=r.match(/([0-9])enohPi/),n.deviceVersion=e&amp;&amp;e[1]||!1,e=r.match("baiduboxapp/([0-9,.,_]*)_"),n.boxVersion=e&amp;&amp;e[1]&amp;&amp;t(e[1]).split("_")[0]||!1)):n.isAndroid&amp;&amp;(e=r.match("baiduboxapp/([0-9,.]*)"),n.boxVersion=e&amp;&amp;e[1]||!1)),r.indexOf("baidubrowser")&gt;-1&amp;&amp;(n.isBmbadr=!0),r.indexOf("SearchCraft")&gt;-1&amp;&amp;(n.isSearchCraft=!0),n.isIos?(e=r.match("iPhone OS ([0-9,_]*) "),n.osVersion=e&amp;&amp;e[1]&amp;&amp;e[1].replace(/_/g,".")||!1):n.isAndroid&amp;&amp;(e=r.match("Android ([0-9,.]*)"),n.osVersion=e&amp;&amp;e[1]||!1)},updatePublicUser:function(e){var t=this;if(e=e&amp;&amp;e.p&amp;&amp;e.p("pu")||e&amp;&amp;e.pu||"string"==typeof e&amp;&amp;e||!1,e&amp;&amp;t.isBaiduboxapp&amp;&amp;t.isIos){var n=e.match(/cut@iPhone([0-9]*)%2C/);t.deviceVersion=n&amp;&amp;n[1]||t.deviceVersion}if(e&amp;&amp;t.isBaiduboxapp&amp;&amp;!t.cuid){var n=e.match(/cuid%40([^%]*)%2C/);if(n){t.cuid=n[1];for(var r=0,a=0;a&lt;t.cuid.length;a++)r+=t.cuid.charCodeAt(a);var i=r%100;i&gt;=35&amp;&amp;39&gt;=i&amp;&amp;(t.cid=i)}}},updateBoxSamp:function(e){var t=this;if(e=e&amp;&amp;e.p&amp;&amp;e.p("t_samp")||e&amp;&amp;e.t_samp||"string"==typeof e&amp;&amp;e||!1){var n=e.match("presearch_([0-9]*)_([0-9]*)");n&amp;&amp;(t.boxPresearch=n[1],t.boxPresid=n[2])}},update:function(e){var t=this,n=location.href;t.updatePublicUser(e||n),t.updateBoxSamp(e||n)}}),e}),define("search/forcePrefetch",["require","search/param","search/log"],function(e){function t(e){v=e.cacheManager,w=e.environment,y=e.getSessionId,b.onResult=e.handler.onResult,b.onSuccess=e.handler.onSuccess,b.onFail=e.handler.onFail,b.onPrefetch=e.handler.onPrefetch}function n(e){g&amp;&amp;clearTimeout(g),++S,e=$.extend({},e,{mod:1,async:1,pre:2,f4s:1,clist:v.getCacheList(),isid:y()});var t=new l(e,!0);f.push(t.p("word")),s(t,e)&amp;&amp;(h.log("forcePrefetch","couldPrefetch"),i(t)?(h.log("forcePrefetch","shouldPrefetchNow"),o(t)):g=setTimeout(function(){h.log("forcePrefetch","in timer"),o(t)},m))}function r(){g&amp;&amp;clearTimeout(g),S=0,p=[],f=[]}function a(e){var t=e.p("word"),n=x[t];return n&amp;&amp;e.matchCache(n)?n:null}function i(e){var t=e.p("word");return w.isAndroid&amp;&amp;S&gt;=1&amp;&amp;8&gt;=S||f.length&gt;=2&amp;&amp;c(f[f.length-2],t)}function s(e,t){var n=e.p("word");return!B.comm.zbiosPrefetchSwitch||6!=w.boxPresid||w.isIos&amp;&amp;t.sa&amp;&amp;!t.sa.match(/ikb|tkb|bkb/)||B.comm.tanet&amp;&amp;(4==B.comm.tanet||2==B.comm.tanet)||0===n.indexOf("@")?!1:n.length&lt;=2?!1:n.length&gt;17?!1:x[n]||v.hasCache(e)?!1:n==B.comm.query||-1!==p.indexOf(n)||f.length&gt;=2&amp;&amp;f[f.length-2].indexOf(n)&gt;-1?!1:!0}function o(e){var t=e.p("word"),n=v.getNewCache(e);b.onPrefetch(n),x[t]=n,p.push(t),h.log("force prefetch:"+t),n.load({beforeSend:function(e){return e.addEventListener("progress",function(){n.html=e.responseText,b.onResult(n)}),!0}}),n.done(function(){delete x[t],b.onResult(n),b.onSuccess(n),n.realword?h.log("got force prefetch:"+t):h.error("got force prefetch but no realword:"+t)}).fail(function(){delete x[t],b.onFail(n)})}function c(e,t){var n=u(e),r=n!==!1&amp;&amp;t.substr(n,e.length);return r&amp;&amp;!/^[a-zA-Z ']+$/.test(r)}function u(e){var t=/[a-zA-Z ']+/.exec(d(e));return t?e.length-t[0].length:!1}function d(e){return e.split("").reverse().join("")}var l=e("search/param"),h=e("search/log"),p=[],f=[],m=2e3,g=null,_=function(){},v=null,w=null,b={onResult:_,onSuccess:_,onFail:_,onPrefetch:_},y=function(){},x={},S=0;return{init:t,input:n,submit:r,getLoading:a}}),define("search/currentState",["require","search/viewmodel/pageViewModel","search/viewmodel/indexViewModel"],function(e){var t=e("search/viewmodel/pageViewModel"),n=e("search/viewmodel/indexViewModel");return{param:null,confirmTime:null,cache:null,pageView:null,prevPath:null,setParam:function(e){this.param=e,this.confirmTime=+new Date},setCache:function(e){this.cache=e,this.pageView="/"!=this.prevPath?new t({cache:e}):new n({cache:e}),this.pageView.start=e.time.start},clearCache:function(){this.cache&amp;&amp;(this.cache.isPreShow=!1),this.cache=null,this.pageView=null}}}),define("search/log",["require"],function(){var e={};return["log","info","error","warn"].forEach(function(t){e[t]=function(){B.ls.getItem("debugAsync")&amp;&amp;console[t].apply(console,arguments)}}),e}),define("search/monitor",["require","search/currentState"],function(e){function t(){return $(".results").hasClass("se-predestroy")||0==$(".result,.se-noresult-tips").length}function n(){return s.cache?s.cache.status:r?r.status:o}var r,a,i=B.search.Search,s=e("search/currentState"),o=1,c=[],u=location.href.indexOf("presearch_1_25")&gt;-1?"1":"",d=[3e3,6e3,1e4,14e3],l=[function(){t()&amp;&amp;window.page&amp;&amp;page.webb&amp;&amp;page.webb.exception&amp;&amp;page.webb.exception.trigger("wiseasync",{st:"timeoutzero",requestStatus:n(),group:u,word:a&amp;&amp;a.p("word")||"",tanet:page.comm.tanet||0})},function(){t()&amp;&amp;window.page&amp;&amp;page.webb&amp;&amp;page.webb.exception&amp;&amp;page.webb.exception.trigger("wiseasync",{st:"timeoutfirst",requestStatus:n(),group:u,word:a&amp;&amp;a.p("word")||"",tanet:page.comm.tanet||0})},function(){t()&amp;&amp;(200!==n()?window.page&amp;&amp;page.webb&amp;&amp;page.webb.exception&amp;&amp;page.webb.exception.trigger("wiseasync",{st:"timeoutsec",requestStatus:n(),group:u,word:a&amp;&amp;a.p("word")||"",tanet:page.comm.tanet||0}):setTimeout(function(){t()&amp;&amp;window.page&amp;&amp;page.webb&amp;&amp;page.webb.exception&amp;&amp;page.webb.exception.trigger("wiseasync",{st:"timeoutsec",requestStatus:n(),group:u,word:a&amp;&amp;a.p("word")||"",tanet:page.comm.tanet||0})},2e3))},function(){t()&amp;&amp;(B.cookie("WISEWR","16",{expires:864e5}),r?(i.invokeApp({state:"50",url:encodeURIComponent(r.redirectUrl)}),i.directUrl(r.param)):a&amp;&amp;(i.invokeApp({state:"50",url:encodeURIComponent(a.buildSyncSearchUrl())}),i.directUrl(a)))}];return{userSearch:function(e){a=e,r=null;for(var t=0;t&lt;d.length;++t)clearTimeout(c[t]),c[t]=setTimeout(l[t],d[t])},addDependedCache:function(e){r=e}}}),define("search/cacheManager",["search/cache"],function(e){function t(e){this.option=e,this.caches=[],t.instance=this}function n(e,t,n){n||(n=0);var r=e.length;for(0&gt;n&amp;&amp;(n=r+n);r&gt;n;n++)if(e[n]===t)return n;return-1}function r(e){"object"==typeof e&amp;&amp;null!=e&amp;&amp;e.destroy()}function a(e,t,n){var r,a;return(a=t.p("word"))?($.grep(e,function(e){return n.loaded&amp;&amp;!e.loaded?!1:void(t.matchCache(e)&amp;&amp;(r=e))}),r?r:null):!1}var i=18e4,s=15;return $.extend(t.prototype,{addCache:function(e){var t=this;if(-1==n(t.caches,e))for(t.caches.unshift(e);t.caches.length&gt;s;)r(t.caches.pop())},deleteCache:function(e){var t=this;r(e),t.caches=$.grep(t.caches,function(t){return t!==e})},getNewCache:function(t){var n=this,r=$.extend(n.option&amp;&amp;n.option.cache,{param:t,manager:n});return new e(r)},hasCache:function(e,t){var n=this;t||(t={});var r=a(n.caches,e,t);return r&amp;&amp;(new Date).getTime()-r.time.received&gt;i&amp;&amp;(this.deleteCache(r),r=null),r},deleteCacheByParam:function(){var e=this;e.caches=$.grep(e.caches,function(e){var t=e.param.equals(e.param);return t&amp;&amp;r(e),!t})},clearCache:function(e){var t=this;t.caches=$.grep(t.caches,function(n,r){return r!==e?(t.destroyCache(r),!1):!0}),t.caches=[]},getCacheList:function(){var e=$.map(this.caches,function(e){return e&amp;&amp;(new Date).getTime()-e.time.received&gt;i?!1:e.querysign});return e=$.grep(e,function(e){return!!e}),e.join("	")}}),t}),define("search/viewmodel",["require"],function(){var e=function(){this.model=[],this.waitdeal=[],this._lazyrender=!1};return e.prototype={_set:function(e){var t=this;t.options=$.extend({templateString:"",splitStartPrefix:decodeURIComponent("%3C!---async_"),splitEndPrefix:decodeURIComponent("%3C!--%2Fasync_"),ableBind:!0},t.options,e),t._dealTemplateData(),t._mergeModel()},_dealTemplateData:function(){var e=this,t=e.options.splitStartPrefix;if(e.options.templateString){var n=e.model.length?e.model[e.model.length-1].end:0,r=e.options.templateString.substring(n).split(t),a=n;for(var i in r){var s=r[i].indexOf("&gt;"),o=r[i].substring(0,s).match(/([^-]*)--/);if(a+=(i&gt;0?t.length:0)+r[i].length,o&amp;&amp;o[1]){var c=r[i].lastIndexOf(e.options.splitEndPrefix+o[1]+"--&gt;");s&gt;-1&amp;&amp;c&gt;-1&amp;&amp;e.model.push({id:o[1],html:r[i].substring(s+1,c),end:a,rendered:!1})}}e.options.html=e.options.templateString,e.options.templateString=""}},_mergeModel:function(){var e=this;e.options.data&amp;&amp;(e.model=e.options.data,delete e.options.data)},_render:function(){for(var e=this,t=0;t&lt;e.model.length;t++)if(0==t&amp;&amp;e.model[t].rendered===!1&amp;&amp;e._proxyAction("before","render",e.model[t],e.options),0==e.model[t].rendered){e.model[t].rendered=!0,e._proxyAction("before","render_"+e.model[t].id,e.model[t],e.options),e._proxyAction("","render_"+e.model[t].id,e.model[t],e.options);var n=e._proxyAction("after","render_"+e.model[t].id,e.model[t],e.options);n&amp;&amp;n.release&amp;&amp;(e._lazyrender=!0)}e.options.allRecieved&amp;&amp;e._proxyAction("after","render",e.model[t],e.options)},_proxyAction:function(e,t){var n=this;e=e?"do"+e+"-":"do",t=t||"";var r=(e+t).replace(/\_/g,"-").replace(/\b(\w)|\s(\w)/g,function(e){return e.toUpperCase()}).replace(/-/g,"").substring(2);if(n[r]){var a=Array.prototype.slice.call(arguments,2);return n._lazyrender?(n._addRunAction(function(){n[r].apply(n,a)}),n._exeuteAction(),!0):n[r].apply(n,a)}return!1},_addRunAction:function(e){var t=this;t._actions=t._actions||[],t._actions.push(e)},_exeuteAction:function(){var e=this;if(!e._exeuteStatus){var t=e._actions.shift();t&amp;&amp;(e._exeuteStatus=!0,setTimeout(function(){t(),e._exeuteStatus=!1,e._exeuteAction.apply(e)},0))}},set:function(e){this._dealing&amp;&amp;this.waitdeal.push(e),this._dealing=!0,this._set(e),this.options.ableBind===!1||this._render(),this._dealing=!1,this.waitdeal.length&gt;0&amp;&amp;(e=this.waitdeal.splice(0,1),this.set(e))},beforeRender:function(){},render:function(){},afterRender:function(){}},e}),define("search/viewmodel/pageViewModel",["require","search/viewmodel"],function(e){function t(e){n.apply(this,arguments),this.cache=e.cache,this.body=$("body"),this.page=$(".search-page"),this.pagebd=$(".se-page-bd"),this.pageft=$(".search-page .se-page-ft"),this.copyright=$(".se-page-copyright"),this.blank=$(".se-foot-blank"),this.headJS="",this.pageHtml="",this.footJs="",this.topResultExist=$(".se-results-top").length,this.pageBdHtmlLazy=""}var n=e("search/viewmodel"),r=B.search.Search;return $.extend(t.prototype,n.prototype,{_html:function(e,t,n){if("string"!=typeof e||(e=$(e),0!=e.length))try{$(e)[t](n)}catch(r){window.console&amp;&amp;console.error&amp;&amp;console.error(r)}},appendTo:function(e,t){this._html(e,"append",t)},before:function(e,t){this._html(e,"before",t)},renderStatus:function(){r.time.head=(new Date).getTime()},clearResult:function(){"loading"==window.__sam_async_type||"loadwait"==window.__sam_async_type||r.deleteResultDom(),this.pagebd[0]&amp;&amp;(this.pagebd[0].style.opacity="")},beforeRender:function(){r.trigger("start")},renderHeadJs0:function(e){this.headJS+=e.html},renderHeadJs1:function(e){this.headJS+=e.html},renderHeadJs2:function(e){this.headJS+=e.html},renderHeadJs3:function(e){this.headJS+=e.html,this.appendTo(this.body,'&lt;div class="se-async-js"&gt;'+this.headJS+"&lt;/div&gt;")},renderPagePre:function(e){this.pageHtml=e.html},renderTopRelation:function(e){$(".se-results-top").length||(this.pageHtml+=e.html)},renderPageBd:function(e){if(r.time.startbd=(new Date).getTime(),this.clearResult(),this.pageHtml+=e.html,"firstpaint"==window.__sam_async_type||"loadwait"==window.__sam_async_type){var t=this.pageHtml.indexOf("&lt;/firstpaint&gt;");if(t&gt;0){var n=this.pageHtml.substring(0,t+"&lt;/firstpaint&gt;".length)+"&lt;/div&gt;&lt;/div&gt;",a=this.pageHtml.substring(t+"&lt;/firstpaint&gt;".length).split("&lt;/div firstpainted&gt;");if(3==a.length)return this.pageBdHtmlLazy=a,void this.before(this.pageft,n)}}this.before(this.pageft,this.pageHtml),r.time.bd=(new Date).getTime()},afterRenderPageBd:function(){return $(".result-loading").hide(),this.pageft[0]&amp;&amp;(this.pageft[0].style.visibility="visible"),this.copyright[0]&amp;&amp;(this.copyright[0].style.visibility="visible"),"firstpaint"==window.__sam_async_type||"loadwait"==window.__sam_async_type?{release:!0}:void(this.topResultExist||scrollTo(0,0))},renderPageVariable:function(e){this.pageBdHtmlLazy&amp;&amp;(this.pageBdHtmlLazy[0]&amp;&amp;$(".results").append(this.pageBdHtmlLazy[0]),this.pageBdHtmlLazy[1]&amp;&amp;$(".se-page-bd").append(this.pageBdHtmlLazy[1])),this.appendTo(this.page,e.html)},renderFootJs0:function(e){this.footJs+=e.html},renderFootJs1:function(e){this.footJs+=e.html},renderFootJs2:function(e){this.footJs+=e.html,this.appendTo(".se-async-js",this.footJs),r.trigger("ready")},renderNewTablink:function(e){e.html&amp;&amp;($(".se-head-tablink").remove(),this.appendTo(".se-page-hd-content",e.html))},afterRender:function(e){var t=this;return this.cache&amp;&amp;this.cache.isPreShow?void r.one("confirmpreshow",function(){t.cache.isPreShow=!1,t.afterRender(e)}):(this.cache.realword&amp;&amp;r.chgParam(this.cache.realword),r.trigger("init"),$("img[data-imagedelaysrc]").not('[data-imageinvisible="1"]').imageDelayload(),r.trigger("load"),r.trigger("DOMContentLoaded"),$(".se-bn").blur(),void(window.Bdbox&amp;&amp;Bdbox.updateKeyword&amp;&amp;Bdbox.updateKeyword(this.cache.realword,!0)))}}),t}),define("search/viewmodel/cacheViewModel",["require","search/viewmodel"],function(require){function cacheViewModel(e){ViewModel.apply(this,arguments),this.cache=e.cache}var ViewModel=require("search/viewmodel"),Search=B.search.Search;return $.extend(cacheViewModel.prototype,ViewModel.prototype,{renderStatus:function(model){var self=this,match=model.html.match(/&lt;\!\-\-({.*})\-\-\&gt;/);if(match[1]){var status=eval("("+match[1]+")");status.realword&amp;&amp;(self.cache.realword=status.realword,self.cache.querysign=status.querysign,self.cache.req=status)}}}),cacheViewModel}),define("search/viewmodel/indexViewModel",["require","search/viewmodel"],function(e){function t(e){n.apply(this,arguments),this.cache=e.cache,this.body=$("body"),this.page=$(".search-page"),this.pageft=$(".search-page .se-page-ft"),this.copyright=$(".se-page-copyright"),this.blank=$(".se-foot-blank"),this.headJS="",this.pageHtml="",this.footJs=""}var n=e("search/viewmodel"),r=B.search.Search;return $.extend(t.prototype,n.prototype,{_html:function(e,t,n){if("string"!=typeof e||(e=$(e),0!=e.length))try{$(e)[t](n)}catch(r){window.console&amp;&amp;console.error&amp;&amp;console.error(r)}},appendTo:function(e,t){this._html(e,"append",t)},before:function(e,t){this._html(e,"before",t)},renderStatus:function(){r.time.head=(new Date).getTime()},clearResult:function(){this.pageft[0]&amp;&amp;(this.pageft[0].style.visibility="hidden"),this.copyright[0]&amp;&amp;(this.copyright[0].style.visibility="hidden"),this.blank[0]&amp;&amp;(this.blank[0].style.display=""),r.deleteResultDom(),this.page[0]&amp;&amp;(this.page[0].style.opacity="")},beforeRender:function(){r.trigger("start"),this.indexPage=$("#page"),this.indexCss=$("style"),this.indexPage.remove(),this.indexCss.remove()},afterRender:function(e,t){var n="",i=t.html.split(a);return i.length&lt;3?void location.reload():(this.clearResult(),this._html("head","append",i[1]),this._html("body","append",i[3]),scrollTo(0,0),r.trigger("ready"),this.cache.realword&amp;&amp;r.chgParam(this.cache.realword),r.trigger("init"),r.trigger("load"),void r.trigger("DOMContentLoaded"))},recoverIndex:function(){}}),t}),define("search/search",["require","search/param","search/cacheManager","search/viewmodel/pageViewModel","search/viewmodel/cacheViewModel","sfr","search/environment","search/log","search/monitor","utils/storage","search/currentState"],function(e){function t(e){var t=e.word||e.p("word")||"";return t=t.replace(/\s/gi,""),-1!==M.indexOf(t)?!1:M.length&amp;&amp;M[M.length-1].indexOf(t)&gt;-1?!1:(M.push(t),M=M.slice(-5),t==B.comm.query?!1:!0)}function n(e){e=e||"";var t=B.comm.lid||"";return e.substr(0,6)+t.substr(-5)+e.substr(-5)+parseInt(99999*Math.random())}var r,a,i=B.search.Search,s=e("search/param"),o=e("search/cacheManager"),c=(e("search/viewmodel/pageViewModel"),e("search/viewmodel/cacheViewModel")),u=e("sfr").action,d=e("search/environment"),l=e("search/log"),h=e("search/monitor"),p="/s?",f=0,m=0,g=0,_=[],v=B.comm.baiduid||"",w="onpopstate"in window,b=0,y=0,x=B.comm.t_samp,S="",k=(e("utils/storage").ls,{}),C=location.pathname.indexOf("searchframe")&gt;-1?100:200,A=null,E=!1,T="";window.__sam_async_type=window.__sam_async_type||"loadwait",B.cookie("WISEWR","",{expires:-1});var I=d.instance||new d;I.cid&amp;&amp;(I.boxPresid&gt;=40||I.boxPresid&lt;30),B.comm.compileCheck=1;var P=new o({cache:{urlPrefix:p}}),R=!1,q=n(v),U={},O=e("search/currentState");$.extend(i,{time:{},beforeSendHanddler:function(e){var t=this;return function(n){return n.addEventListener("progress",function(r){l.log("progress"),t.xhrProgress(r,n,e)}),!0}},xhrProgress:function(e,t,n){n.html=t.responseText,this._handleCacheResult(n)},prefetchZbios:function(e,n){if(B.comm.zbiosPrefetchSwitch&amp;&amp;"prefetoff"!=window.__sam_async_type){if("prefetall"==window.__sam_async_type);else if(I.isIos)return;if(!(0===e.word.indexOf("@")||encodeURIComponent(e.word).length&lt;=2||(I.update(e),16!==n&amp;&amp;I.isIos&amp;&amp;e.sa&amp;&amp;!e.sa.match(/ikb|tkb|bkb/)||B.comm.tanet&amp;&amp;(4==B.comm.tanet||2==B.comm.tanet)))){I.boxPresearch&amp;&amp;25==I.boxPresid?e.sp=10:I.boxPresearch&amp;&amp;26==I.boxPresid?e.sp=11:I.boxPresearch&amp;&amp;28!=I.boxPresid&amp;&amp;(e.sp=9),3==window.__sam_async_type&amp;&amp;(e.sp=9),window.__sam_async_super&amp;&amp;(e.sp=9),e.mod=1,e.async=1,e.pre=2,e.clist=P.getCacheList(),e.isid=q;var r=new s(e,!0);t(r)&amp;&amp;this.prefetch(r,n)}}},prefetchInput:function(e){var n=e.word;if(!n||encodeURIComponent(n).length&lt;=2)return!1;var r=new s({pn:"",word:n,mod:1,async:1,pre:2,clist:P.getCacheList(),isid:q,sp:9,sa:e.sa||$('.se-form input[name="sa"]').val()||""},!0);t(r)&amp;&amp;this.prefetch(r)},prefetchInputMulti:function(e,n){if(t({word:n})){e=e||[];for(var r=P.getCacheList(),a=0;a&lt;e.length;a++){var i=e[a],o=i.word;if(o&amp;&amp;!(encodeURIComponent(o).length&lt;=2)){var c=new s({pn:"",word:o,mod:1,async:1,pre:2,clist:r,isid:q});this.prefetch(c)}}}},prefetch:function(e,t){var n=this;if((!B.comm.sampleval||"async_old"!==B.comm.sampleval.WISE_TPL_COMMON_SAMPLE_FLAG)&amp;&amp;B.comm.prefetchSwitch){var r=e.p("word"),a=e.p("sa")||"";if(!(r.length&gt;14)){var i=P.hasCache(e);k[r]||i||(l.log("prefetch:"+r),f++,i=P.getNewCache(e),k[r]=i,i.load(window.__sam_async_noflow?{}:{beforeSend:n.beforeSendHanddler(i)}),i.done(function(){delete k[r],n._handleCacheResult(i),i.realword?(m++,l.log("got prefetch:"+r),-1==$.inArray(i.querysign,_)&amp;&amp;_.push(i.querysign)):(g++,l.log("got prefetch but no realword:"+r)),(31==I.boxPresid&amp;&amp;16==t||32==I.boxPresid&amp;&amp;a.indexOf("ikb")&gt;-1&amp;&amp;16!=t)&amp;&amp;i.realword&amp;&amp;(!O.confirmTime||i.time.start&gt;O.confirmTime)&amp;&amp;n.preshow(e,i)}).fail(function(){delete k[r],i===O.cache&amp;&amp;(n.invokeApp({state:"50",url:encodeURIComponent(i.redirectUrl)}),n.directUrl(i.param)),delete i}))}}},preshow:function(e,t){var n=this;return O.cache&amp;&amp;O.cache.isPreShowing?void(O.cache.nextPreshow={param:e,cache:t}):(t.isPreShow=!0,t.isPreShowing=!0,O.clearCache(),i.trigger("stop"),i.trigger("destroy"),this.clearResult(),void i.one("afterdestroy",function(){i.restoreEvent(),n._handleCacheResult(t),document.title=(t.realword||t.query)+" - 百度",i.one("afterready",function(){t.isPreShowing=!1,O.cache.nextPreshow&amp;&amp;(n.preshow(O.cache.nextPreshow.param,O.cache.nextPreshow.cache),delete O.cache.nextPreshow)})}))},confirmPreshow:function(e,t){var n=this;O.cache.isPreShow=t.isPreShow=!1,O.cache.redirectUrl=t.redirectUrl=e.buildSyncSearchUrl(),O.isIs=!0,document.title=(t.realword||t.query)+" - 百度",n.invokeApp({state:"20",url:encodeURIComponent(t.redirectUrl)}),i.trigger("confirmpreshow"),window.__sam_async_debug&amp;&amp;setTimeout(function(){$(".se-debug").prepend("预渲染&lt;br&gt;")},500)},cancelPreShow:function(){O.cache.isPreShow?(O.cache.isPreShow=!1,this.search("s"+location.search)):O.cache.isPreShow=!1},submitForm:function(e){var t=e.word||"",n=new s({pn:"",word:t});this.submit(n)},submitIndex:function(e){var t=e.word||"",n=new s({pn:"",word:t});this.submit(n,{prevPath:"/"})},indexSearch:function(e){return $("#page").show(),this.search(e,!1,{prevPath:"/"})},hasCache:function(e){param=new s(e,!0);var t=P.hasCache(param);return!!t},recoverIndex:function(){location.reload(!1)},submitFormTonglan:function(e){e&amp;&amp;"string"==typeof e&amp;&amp;(e=s.parseUrlParams(e)),e.word=decodeURIComponent(e.word),"6"==page.comm.browserid&amp;&amp;(e.tn="zbios");var t=(new Date).getTime().toString(),n=$.extend({},U,e,{pn:"",ts:t.substring(t.length-7),cq:page.comm.topRelation,rqid:page.comm.lid}),r=new s(n,!0);this.submit(r)},submit:function(e,t){if(""==e.p("word").length);else if(this.supportAsync()&amp;&amp;this.supportAsyncSearch(e)){e.p("isid",q),this.pushHistory(0),e.p("mod",0),e.p("async",1),x&amp;&amp;e.p("t_samp",x);var n=[e.buildSearchUrl(),null,{force:!1,silent:!1,param:e}];try{location.pathname.indexOf("searchframe")&gt;-1?u.reset.apply(u,n):u.redirect.apply(u,n)}catch(r){B.cookie("WISEWR","21",{expires:3e3})}this.search(e,!0,t)}else this.directUrl(e)},directUrl:function(e){var t=e;"object"==typeof t&amp;&amp;(t=e.buildSyncSearchUrl());var n=document.getElementsByClassName("se-page-bd")[0];n&amp;&amp;(n.style.opacity=""),this.dispatch("leave"),location.href=e.buildSyncSearchUrl()},supportAsyncSearch:function(e){var t=e.p("word")||"",n=e.p("st")||"";return t&amp;&amp;0!=t.indexOf("@")&amp;&amp;"b"!=n.substring(2,3)&amp;&amp;"n"!=n.substring(3,4)?location.hash&amp;&amp;location.hash.length&gt;5?!1:!0:!1},supportAsync:function(){return w},search:function(e,t,o){var c=this,u=c.time.start=(new Date).getTime();if("string"==typeof e?(e=s.parseUrlParams(e),e=new s(e,!0)):!e.p&amp;&amp;e.params&amp;&amp;(e=new s(e.params,!0)),t)A={param:e,time:u};else{if(A&amp;&amp;A.param&amp;&amp;A.param.equals(e)&amp;&amp;u-A.time&lt;1e3)return void(a=u-A.time);A=!1}h.userSearch(e);var d=e.p("word");if(l.log("search()",d),void 0===e.p("mod")&amp;&amp;e.p("mod",0),void 0===e.p("async")&amp;&amp;e.p("async",1),S){var p=new Date;p.setTime(p.getTime()+31536e6),document.cookie="BAIDUID="+S+";domain=.baidu.com;path=/;expires="+p.toGMTString()+";"}var f=e.p("mmsuse")||!1,m=e.p("pu")||!1,g=e.p("isid");f=f&amp;&amp;(f.match(/dq@[a-zA-Z0-9]/)||f.match(/voiwd/))?!0:!1;var _=O.cache&amp;&amp;e.matchCache(O.cache)&amp;&amp;O.cache.isPreShow;if(f);else if(_)return O.setParam(e),void c.confirmPreshow(e,O.cache);O.prevPath=o&amp;&amp;o.prevPath;var w=P.hasCache(e);if(w)if(m&amp;&amp;m.indexOf("_voice")&amp;&amp;w.param&amp;&amp;w.param.p&amp;&amp;g!=w.param.p("isid"))P.deleteCache(w),w=!1;else if(f)P.deleteCache(w),w=!1;else if(O.cache&amp;&amp;w.time.received==O.cache.time.received){if(u-O.cache.received&lt;500)return;P.deleteCache(w),w=!1}else if(!f&amp;&amp;w&amp;&amp;w.param&amp;&amp;w.param.p){var b=w.param.p("mmsuse")||"";b&amp;&amp;(b.match(/dq@[a-zA-Z0-9]/)||b.match(/voiwd/))&amp;&amp;(P.deleteCache(w),w=!1)}if(E=!!w,"loading"==window.__sam_async_type||"loadwait"==window.__sam_async_type);else{var y=document.getElementsByClassName("se-page-bd")[0];y&amp;&amp;(y.style.opacity=.7)}$(".results").addClass("se-predestroy"),r=null,a=null,T=B.comm.sampleval&amp;&amp;B.comm.sampleval.WISE_TPL_COMMON_SAMPLE_FLAG||"",w||(w=P.getNewCache(e)),O.setParam(e),O.clearCache(),l.log("before cache.load"),e.p("ts")&amp;&amp;(r=(new Date).getTime().toString().substring(6)-1*e.p("ts")),w.load(window.__sam_async_noflow?{}:{beforeSend:c.beforeSendHanddler(w)})&amp;&amp;(h.addDependedCache(w),B.comm.query=encodeURIComponent(d),w.redirectUrl=e.buildSyncSearchUrl(),c.invokeApp({state:"20",url:encodeURIComponent(w.redirectUrl)}),i.trigger("stop"),i.trigger("destroy",{targetParam:e}),this.clearResult(),l.log("destroy"),i.one("afterdestroy",function(){i.restoreEvent(),q=n(v)}),c.time.des=(new Date).getTime(),window.__sam_async_index=!1,Object.keys(k).forEach(function(e){c._handleCacheResult(k[e])}),w.done(function(){c.time.net=c.time.ajax=(new Date).getTime(),c._handleCacheResult(w),w.realword||(c.invokeApp({state:"50",url:encodeURIComponent(w.redirectUrl)}),c.directUrl(w.param))}).fail(function(){B.cookie("WISEWR")||B.cookie("WISEWR","14",{expires:3e3}),c.invokeApp({state:"50",url:encodeURIComponent(w.redirectUrl)}),c.directUrl(w.param)}))},_handleCacheResult:function(e){var t=this;e.realword||t._tryParseStatus(e),l.log("_handleCacheResult",e.param.p("mod"),e.param.p("f4s"),e.param.p("word"),e.realword,e.isPreShow,e.status);var n=O.param&amp;&amp;O.param.p&amp;&amp;O.param.p("mmsuse");if(!n||!n.match(/voiwd/)&amp;&amp;!n.match(/dq@[a-zA-Z0-9]/)||!e.param||1!=e.param.p("mod")){if(!O.cache){var r=0==e.param.p("mod")&amp;&amp;e.param==O.param,a=e.realword&amp;&amp;O.param&amp;&amp;O.param.matchCache(e);(r||a||e.isPreShow)&amp;&amp;(e.redirectUrl=e.param.buildSyncSearchUrl(),O.setCache(e),l.info("used to render:",e.param.p("mod"),e.param.p("f4s"),e.param.p("word"),e.realword,e.isPreShow,e.status))}O.cache===e&amp;&amp;(O.pageView.set({ableBind:!0,templateString:e.html,allRecieved:200==e.status}),l.log("render part:",e.param.p("mod"),e.param.p("f4s"),e.param.p("word"),e.realword,e.isPreShow,e.status,e.html&amp;&amp;e.html.length))}},_tryParseStatus:function(e){var t=new c({cacheManager:P,cache:e});t.set({ableBind:!0,templateString:e.html,allRecieved:200==e.status})},confirmCache:function(e,t){if(e&amp;&amp;e.param&amp;&amp;e.req&amp;&amp;e.confirmed!==!0){l.info("confirmed cache");var n=e.param;n.p("mod",2),n.p("cqid",e.req.lid),n.p("word",e.req.realword),n.p("ps_tm",f),n.p("ps_rs",m),n.p("ps_nw",g),n.p("ps_rt",_.length),n.p("isa",n.p("sa")),n.p("sa",t.p("sa")),$.ajax({datatype:"html",url:p+n.buildQueryString()}),e.confirmed=!0,this.resetLogParam()}},resetLogParam:function(){f=m=g=0,_=[]},setSpeedLogParam:function(e){var t=this;C++,B.comm.ps={mod:O.cache.req&amp;&amp;O.cache.req.mod||"",ps_tm:f,ps_rs:m,ps_nw:g,ps_cost:O.cache.time&amp;&amp;O.cache.time.received-O.cache.time.start,ps_savebd:t.time.net-t.time.startbd,ps_srt:r,ps_rtt:a,ps_sn:C,ps_old_fl:T},e.p("ts")&amp;&amp;(B.comm.ps.net=t.time.head-t.time.start),O&amp;&amp;O.isIs&amp;&amp;(B.comm.ps.net=2),B.comm.ps.mod=1==B.comm.ps.mod?2:B.comm.ps.mod,E&amp;&amp;(B.comm.ps.ps_rmod2=1),window.__sam_async_debug&amp;&amp;$(".se-debug").html((2==B.comm.ps.mod?"PREDICT":"ASYNC")+"&amp;nbsp;&amp;nbsp;&amp;nbsp;&amp;nbsp;&lt;br&gt;NET:"+(B.comm.ps.net&gt;0?B.comm.ps.net:0)+"ms&lt;br&gt;RT:"+(a||0)+"ms&lt;br&gt;SR:"+(r||0)+"ms&lt;br&gt;RD:"+(t.time.net-t.time.startbd)+"ms")},clearResult:function(){var e=this;e.time.clst=(new Date).getTime(),$(".se-input").trigger("blur"),$("#search-btm-zone,.se-pagenav").hide(),$("#index-card").hide(),$("#search-card").show(),$("head&gt;script:not(.code-to-write)").remove(),$("body&gt;script:not([data-key])").remove(),$(".se-foot-blank~*").remove(),$("#searchwordtobox").remove(),$(".se-common-base,.se-async-js").remove(),$(".search-page~div:not([data-for])").remove();var t=document.querySelector(".se-page-hd-content");t&amp;&amp;(t.style.visibility="visible"),e.preDeleteDom=$(".se-zbios-hide,.se-frame-hide,.se-page-bd,body&gt;style:not([data-key]),.se-page-pre-style,.se-predestroy"),("loading"==window.__sam_async_type||"loadwait"==window.__sam_async_type)&amp;&amp;(e.hideBottomDom(),e.displayLoading()),e.time.clend=(new Date).getTime()},hideBottomDom:function(){var e=$(".search-page .se-page-ft"),t=$(".se-page-copyright"),n=$(".se-foot-blank");e[0]&amp;&amp;(e[0].style.visibility="hidden"),t[0]&amp;&amp;(t[0].style.visibility="hidden"),n[0]&amp;&amp;(n[0].style.display="")},displayLoading:function(){var e=this;$(".result-loading").show(),e.preDeleteDom&amp;&amp;(e.preDeleteDom.remove(),e.preDeleteDom=!1)},deleteResultDom:function(){var e=this;e.hideBottomDom(),e.displayLoading()},clearTopRealtion:function(e){!e.params.cq&amp;&amp;$(".se-results-top").length&amp;&amp;$(".se-results-top").remove()},chgParam:function(e){if(e!==R){R=e;var t=Array.prototype.slice,n=/(word=|w=|kw=|search-|key=|s=s%26wd%3D|#search\/|#search=)(.*?)(&amp;|$)/i,r=/(word=)(.*?)(&amp;|$)/,a=t.call($(".se-input, se-encode"));a.forEach(function(t){var n=t.tagName.toLowerCase();"input"===n||"textarea"===n?t.value=e:t.innerText=e}),e?(document.title=e+" - 百度",$("a.h-tab, .more-links &gt; a").forEach(function(t){var r=t.getAttribute("href");if(r){r=r.replace(n,"$1"+encodeURIComponent(e)+"$3"),t.setAttribute("href",r);var a=t.getAttribute("data-schema");if("地图"===t.innerText.trim()&amp;&amp;a){var i=a.replace(/(query=).*/,"$1");t.setAttribute("data-schema",i+encodeURIComponent(e))}}}),$("#page_copyright .switch-to-utouch, #page_copyright .feedback").forEach(function(t){var n=t.getAttribute("href");n=n.replace(r,"$1"+encodeURIComponent(e)+"$3"),t.setAttribute("href",n)})):document.title="百度一下"}},delegateLinkSearch:function(){function e(e,n,r){var a=new s(r,!0);if(t.supportAsyncSearch(a)){var i=a.buildSearchUrl();return t.pushHistory(!1,i),a.p("mod",0),a.p("async",1),a.p("ps_dg",1),B.comm.cid&amp;&amp;a.p("acid",B.comm.cid),u.redirect(i,null,{force:!1,silent:!1,param:a}),!1}e.attr("href",n.buildSearchUrl(r,!0)).attr("target","_self")}var t=this;$(document).delegate("a","click",function(){var t,n=location.protocol+"//"+location.host;return function(){var r=$(this);if(!(r.attr("sync")||r.attr("target")&amp;&amp;"_self"!=r.attr("target"))){var a=$.trim(r.attr("href"));if(a&amp;&amp;0==a.indexOf(n)&amp;&amp;(a=a.substring(n.length)),a&amp;&amp;(t=a.match(/(^|\/)+(s\?.*)/)),a&amp;&amp;t&amp;&amp;t[2]){var o=s.parseUrlParams(t[2]);o.pn||(o.pn=""),o=$.extend({},U,o),o.ts="";var c=e(r,O.param||{},o);return c}i.dispatch("leave")}}}())},pushHistory:function(e,t){if(void 0===e){var t=location.pathname.substring(1)+location.search,n=t.match(/ahp=(\d+)/);e=n?n[1]:0}else"string"==typeof e&amp;&amp;(e=e.split("_")[0]);e=1*e;var r;if(0==e)b++,r=1;else if(e&gt;b){if(b=e,r=1,y==b)return 2}else if(b&gt;e){if(b=e,r=-1,y==b)return-2}else y==b&amp;&amp;(y=-1),r=0;return r},init:function(){var e=this;e.supportAsync()&amp;&amp;(e.pushHistory(),y=b,$("#results&gt;.se-page-ft").length&amp;&amp;($("#results&gt;.se-page-ft,#results&gt;.se-page-ft~*").appendTo(".search-page"),$("#results~style").appendTo("body")),I.isIos&amp;&amp;I.isBaiduboxapp||window.__sam_async&amp;&amp;e.delegateLinkSearch(),B.search.zbios=function(t){return e.zbios(t)},B.search.bmbadr=function(t){return e.bmbadr(t)},window.addEventListener("baiduboxapp_search",function(t){return e.zbios(t.data)}),window.addEventListener("search_baidu",function(t){return e.searchEventHandle(t)}),B.on("init",function(){O.cache&amp;&amp;!O.cache.isPreShow&amp;&amp;(e.setSpeedLogParam(O.param),O.cache.req&amp;&amp;"1"==O.cache.req.mod?e.confirmCache(O.cache,O.param):e.resetLogParam())}),window.__sam_async_debug&amp;&amp;($("head").append('&lt;style class=".se-debug-style"&gt;.se-debug{color:red;position:fixed;top:40px;font-size:12px;left:0;z-index: 9999;text-align:left;background:rgba(255,255,0,0.9);}&lt;/style&gt;'),$("body").prepend('&lt;div class="se-debug"&gt;SYNC-ABLE TO SEARCH&lt;/div&gt;')),I.isBaiduboxapp&amp;&amp;(U=s.parseUrlParams(window.location.href),["word","pn","rn","sa","st","ts","nojc","mmsuse","cq","cki"].forEach(function(e){delete U[e]})),document.cookie.indexOf("WISEER=1")&gt;-1||x.indexOf("presearch_0")&gt;-1||(I.isSearchCraft?(B.on("ready",function(){e.invokeApp({state:"10"})}),window.addEventListener("pageshow",function(t){t.persisted&amp;&amp;e.invokeApp({state:"10"})})):window.__sam_async_debug?e.invokeApp({state:"10"}):(window.__sam_async||I.boxVersion&gt;="9")&amp;&amp;(I.isIos?I.boxVersion&gt;="8.5"||I.deviceVersion&gt;=4?e.invokeApp({state:"10"}):(16==I.boxPresid||17==I.boxPresid)&amp;&amp;e.invokeApp({state:"10"}):e.invokeApp({state:"10"}))),B.on("load",function(){O.cache&amp;&amp;!O.cache.isPreShow&amp;&amp;i.invokeApp({state:"30",url:encodeURIComponent(O.cache.redirectUrl)})}),B.on("afterload",function(){O.cache&amp;&amp;!O.cache.isPreShow&amp;&amp;i.invokeApp({state:"40",url:encodeURIComponent(O.cache.redirectUrl)})}),B.on("afterload",function(){B.comm.query&amp;&amp;0==$(".result,.se-noresult-tips").length?B.cookie("WISEWR","15",{expires:864e5}):B.cookie("WISEWR","",{expires:-1})}))},invokeApp:function(e){window.Bdbox&amp;&amp;Bdbox.invokeApp&amp;&amp;(Bdbox.invokeApp.android?Bdbox.invokeApp("Bdbox_android_searchFrame","asyncPageState",[JSON.stringify(e)]):Bdbox.invokeApp.ios&amp;&amp;Bdbox.invokeApp("searchFrame",{action:"asyncPageState",params:JSON.stringify(e),minver:"7.5.0.0"},"")),I.isBmbadr&amp;&amp;window._flyflowNative&amp;&amp;_flyflowNative.exec("asyncsearch","state",JSON.stringify(e),null),I.isSearchCraft&amp;&amp;(window.Viaduct&amp;&amp;window.Viaduct.postMessage?window.Viaduct.postMessage(JSON.stringify({func:"asyncSearchState",options:e})):console.log("asyncSearchState",e))},searchEventHandle:function(e){var t=this;switch(e.key){case"search_submit":var n=s.parseUrlParams(e.params||"");n.word=e.query;var r=new s(n,!0);t.submit(r);break;case"search_input":var n=s.parseUrlParams(e.params||"");t.prefetchInput($.extend(n,{word:e.query}));break;case"search_cancel":t.cancelPreShow()}},zbios:function(e){var t=this;if(e=e||{},e.type&gt;=0&amp;&amp;e.type&lt;10){if(window.__sam_async_debug&amp;&amp;$(".se-debug").html("ASYNC"),e.word){e.param&amp;&amp;"string"==typeof e.param&amp;&amp;(e.param=s.parseUrlParams(e.param));var n=(new Date).getTime().toString(),r=$.extend({},U,e.param,{pn:"",word:e.word,tn:"zbios",ts:n.substring(n.length-7)});B.comm.cid&amp;&amp;(r.acid=B.comm.cid),e.word&amp;&amp;delete r.cki;var a=new s(r,!0);t.submit(a)}}else if(e.type&gt;=10&amp;&amp;e.type&lt;50&amp;&amp;e.word){e.param&amp;&amp;"string"==typeof e.param&amp;&amp;(e.param=s.parseUrlParams(e.param));var i=$.extend({},U,e.param,{pn:"",tn:"zbios",word:e.word});B.comm.cid&amp;&amp;(i.acid=B.comm.cid),i.word&amp;&amp;delete i.cki,t.prefetchZbios(i,e.type)}else 101==e.type&amp;&amp;t.cancelPreShow()},bmbadr:function(e){var t=this;if(e=e||{},e.type&gt;=0&amp;&amp;e.type&lt;10){if(window.__sam_async_debug&amp;&amp;$(".se-debug").html("ASYNC"),e.word){e.param&amp;&amp;"string"==typeof e.param&amp;&amp;(e.param=s.parseUrlParams(e.param));var n=(new Date).getTime().toString(),r=$.extend({},U,e.param,{pn:"",word:e.word,tn:"bmbadr",ts:n.substring(n.length-7)}),a=new s(r,!0);t.submit(a)}}else if(e.type&gt;=10&amp;&amp;e.word){e.param&amp;&amp;"string"==typeof e.param&amp;&amp;(e.param=s.parseUrlParams(e.param));var i=$.extend({},U,e.param,{pn:"",tn:"bmbadr",word:e.word});t.prefetchZbios(i)}}});var M=[];return i}),define("instant_search/Adapter",["require","exports","module","instant_search/util/derive","instant_search/EventEmitter","instant_search/util/extend","instant_search/urlUtil","instant_search/util/trim","instant_search/util/log","instant_search/supportAsync"],function(e,t,n){"use strict";var r=e("instant_search/util/derive"),a=e("instant_search/EventEmitter"),i=e("instant_search/util/extend"),s=e("instant_search/urlUtil"),o=e("instant_search/util/trim"),c=e("instant_search/util/log"),u=e("instant_search/supportAsync"),d=location.protocol+"//"+location.host;n.exports=r(a,function(e){var t=this;a.call(t),t._environment=e.environment,B.search.zbios=t._onBoxRequest.bind(t),window.addEventListener("baiduboxapp_search",function(e){t._onBoxRequest(e.option)}),$(document).delegate("a","click",function(e){return t._onLinkClick(e,this)})},{_onBoxRequest:function(e){var t=this;if(e=e||{},e.param=e.param||{},c.log("_onBoxRequest",e),"string"==typeof e.param&amp;&amp;(e.param=s.parse(e.param)),e.type&gt;=0&amp;&amp;e.type&lt;10&amp;&amp;e.word){var n=(new Date).getTime().toString();t.emit("submit",i({},e.param,{pn:"",tn:"zbios",word:e.word,ts:n.substring(n.length-7)}))}else if(e.type&gt;=10&amp;&amp;e.type&lt;50&amp;&amp;e.word){var r=i({},e.param,{pn:"",tn:"zbios",word:e.word});t._boxInputEnable(r,e.type)&amp;&amp;t.emit("input",r)}else 101==e.type;t.emit("boxrequest",e)},_onLinkClick:function(e,t){var n,r,a,i=this,c=$(t);return c.attr("target")&amp;&amp;"_self"!==c.attr("target")?void 0:(r=o(c.attr("href")),0===r.indexOf(d)&amp;&amp;(r=r.substring(d.length)),n=r.match(/(^|\/)+(s\?.*)/),n&amp;&amp;(a=s.parse(n[2]),u(a))?(a.pn||(a.pn=""),a.ts="",i.emit("submit",a),!1):void(window.page&amp;&amp;page.search&amp;&amp;page.search.Search&amp;&amp;page.search.Search.trigger("leave")))},_boxInputEnable:function(e,t){var n=this._environment,r=window.page&amp;&amp;page.comm&amp;&amp;page.comm.zbiosPrefetchSwitch,a=n.boxPresid&amp;&amp;n.boxPresid&lt;40&amp;&amp;15!=n.boxPresid&amp;&amp;14!=n.boxPresid,i=16===t;return r||a?n.isIos?(c.warn("Adapter._boxInputEnable 不发起预测","ios"),!1):n.isIos&amp;&amp;!i&amp;&amp;e.sa&amp;&amp;!e.sa.match(/ikb|tkb|bkb/)?(c.warn("Adapter._boxInputEnable 不发起预测","sa",e.sa),!1):!0:(c.warn("Adapter._boxInputEnable 不发起预测","手百降级开关"),!1)}})}),define("instant_search/Cache",["require","exports","module","instant_search/util/derive","instant_search/util/hasOwn","instant_search/util/log"],function(e,t,n){"use strict";var r=e("instant_search/util/derive"),a=(e("instant_search/util/hasOwn"),e("instant_search/util/log"));n.exports=r(Object,function(e){this._map={},this._MAX_TIME=e||0,this._addTimeMap={}},{_map:null,_MAX_TIME:null,_addTimeMap:null,set:function(e,t){this._addTimeMap[e]=+new Date,this._map[e]=t},get:function(e){return this._clearIfExpired(e),this._map[e]},unset:function(e){delete this._addTimeMap[e],delete this._map[e]},getAll:function(){var e=this;return Object.keys(e._map).filter(e._clearIfExpired.bind(e)).map(function(t){return e._map[t]})},_clearIfExpired:function(e){var t=+new Date;return this._MAX_TIME&amp;&amp;t-this._addTimeMap[e]&gt;this._MAX_TIME?(a.warn("缓存过期，清除：",e),this.unset(e),!1):!0}})}),define("instant_search/EventEmitter",["require","exports","module","instant_search/util/derive","instant_search/util/hasOwn"],function(e,t,n){"use strict";var r=e("instant_search/util/derive"),a=e("instant_search/util/hasOwn");n.exports=r(Object,function(){this._listenerMap={}},{_listenerMap:null,on:function(e,t,n){var r,i;r=this._listenerMap,a(r,e)||(r[e]=[]),i=r[e],i.push({callback:t,context:arguments.length&lt;3?this:n})},emit:function(e,t){var n,r,i,s,o,c=!0;if(n=this._listenerMap,!a(n,e))return!0;for(r=n[e],i=r.length,s=0;i&gt;s;s++)o=r[s],c=o.callback.call(o.context,t)===!1?!1:c;return c},off:function(e,t,n){var r=arguments.length;switch(r){case 0:this._listenerMap={};break;case 1:this._listenerMap[e]=null,delete this._listenerMap[e];break;case 2:case 3:default:a(this._listenerMap,e)&amp;&amp;(this._listenerMap[e]=this._listenerMap[e].filter(function(e){return 2==r?e.callback!==t:e.callback!==t||e.context!==n}))}}})}),define("instant_search/EventFifo",["require","exports","module","instant_search/util/derive","instant_search/EventEmitter","instant_search/util/each"],function(e,t,n){"use strict";var r=e("instant_search/util/derive"),a=e("instant_search/EventEmitter"),i=e("instant_search/util/each");n.exports=r(a,function(e){a.call(this),this._initListeners(e),this.reset()},{_eventTarget:null,_listeners:null,_eventBuffer:null,_buffering:!0,_initListeners:function(e){this._listeners={},i(e,function(e){this._listeners[e]=function(t){this._buffering?this._eventBuffer.push({name:e,data:t}):this.emit(e,t)}},this)},reset:function(){null!==this._eventTarget&amp;&amp;null!==this._listeners&amp;&amp;i(this._listeners,function(e,t){this._eventTarget.off(t,e,this)},this),this._eventTarget=null,this._eventBuffer=[],this._buffering=!0},watch:function(e){this.reset(),i(this._listeners,function(t,n){e.on(n,t,this)},this)},flush:function(){for(var e,t,n,r=this._eventBuffer;e=r.length;){for(t=0;e&gt;t;t++)n=r[t],this.emit(n.name,n.data);r.splice(0,e)}this._buffering=!1}})}),define("instant_search/goSync",["require","exports","module"],function(e,t,n){"use strict";n.exports=function(e){window.page&amp;&amp;page.search&amp;&amp;page.search.Search&amp;&amp;page.search.Search.trigger("leave"),location.href=e}}),define("instant_search/is",["require","exports","module","sfr","instant_search/Search","instant_search/util/derive","instant_search/EventEmitter","instant_search/urlUtil","instant_search/util/log","instant_search/util/extend","instant_search/goSync","instant_search/Adapter","instant_search/supportAsync","search/environment","instant_search/TimeRecorder"],function(e,t,n){"use strict";var r=e("sfr"),a=e("instant_search/Search"),i=e("instant_search/util/derive"),s=e("instant_search/EventEmitter"),o=e("instant_search/urlUtil"),c=e("instant_search/util/log"),u=e("instant_search/util/extend"),d=e("instant_search/goSync"),l=e("instant_search/Adapter"),h=e("instant_search/supportAsync"),p=e("search/environment"),f=new p,m=e("instant_search/TimeRecorder"),g=new m,_=function(){var e;return function(){if(e||(e=$(".se-form"),e.length&gt;1&amp;&amp;(e=e.eq(0))),0===e.length)return{};var t={};return e.serializeArray().forEach(function(e){t[e.name]=e.value}),t}}(),v=i(s,function(){var e=this;s.call(e),e._baseTsamp=window.page&amp;&amp;page.comm&amp;&amp;page.comm.t_samp,f.isBaiduboxapp&amp;&amp;(e._baseParam=o.parse(window.location.href),["word","pn","rn","sa","st","ts"].forEach(function(t){delete e._baseParam[t]}))},{_searchModule:null,_searchBeforeSf:null,_baseParam:null,_baseTsamp:null,input:function(e,t){if(c.log("is.input",e,t),this._inputEnable()){var n="string"==typeof e?{word:e}:e;t&amp;&amp;(n=u({},_(),n)),this._searchModule&amp;&amp;this._searchModule.input(u({},n,{word:n.word||"",pn:"",mod:1,async:1,pre:2,sp:9,isid:this._searchModule.getSessionId(),acid:page&amp;&amp;page.comm&amp;&amp;page.comm.cid||""}))}},submit:function(e,t){if(c.log("is.submit",e,t),t&amp;&amp;(e=u({},_(),e)),e=u({},this._baseParam,e,{acid:page&amp;&amp;page.comm&amp;&amp;page.comm.cid||"",t_samp:this._baseTsamp}),!h(e))return void d(o.buildSyncUrl(e));e=u({},this._baseParam,e,{mod:0,async:1,isid:this._searchModule&amp;&amp;this._searchModule.getSessionId()||""});var n=o.buildSearchUrl(e),a=location.pathname.indexOf("/searchframe")&gt;-1;try{a?(c.log("sf.reset to ",n),r.action.reset(n)):(c.log("sf.redirect to ",n),r.action.redirect(n))}catch(i){window.page&amp;&amp;page.cookie&amp;&amp;page.cookie("WISEWR","21_2",{expires:3e3})}this._searchBeforeSf={url:n,time:+new Date},this.search(n,!0)},init:function(e,t,n){if(h()){this._searchModule=new a({root:e,container:t,fromSync:n,environment:f,timeRecorder:g});var r=new l({environment:f});r.on("input",this.input,this),r.on("submit",this.submit,this),r.on("boxrequest",function(e){c.log("update environment",e),f.update(e)},this)}},attach:function(){c.log("attach"),this._searchModule&amp;&amp;this._searchModule.attach()},detach:function(){c.log("detach"),this._searchModule&amp;&amp;this._searchModule.detach()},search:function(e,t){if(g.reset(),g.add("start"),!t){c.log("from sf:",e);var n=this._searchBeforeSf&amp;&amp;o.getSearchSign(this._searchBeforeSf.url)===o.getSearchSign(e),r=this._searchBeforeSf?+new Date-this._searchBeforeSf.time:0;if(this._searchBeforeSf=null,n&amp;&amp;1e3&gt;r)return void c.info("sf来的冗余调用 ",r)}return this._searchModule?void this._searchModule.search(e):void d(o.toSync(e))},_inputEnable:function(){var e=window.page&amp;&amp;page.comm&amp;&amp;page.comm.tanet,t=window.page&amp;&amp;page.comm&amp;&amp;page.comm.prefetchSwitch,n=window.__sam_async_type,r=f.boxPresid&amp;&amp;f.boxPresid&lt;40&amp;&amp;15!=f.boxPresid&amp;&amp;14!=f.boxPresid;return window.B&amp;&amp;B.comm&amp;&amp;B.comm.sampleval&amp;&amp;"async_new"===B.comm.sampleval.WISE_TPL_COMMON_SAMPLE_FLAG?(c.warn("is._inputEnable 不发起预测","新旧异步打平实验中，暂关闭预测，先打平异步"),!1):t||n||r?!e||4!=e&amp;&amp;2!=e?!0:(c.warn("is._inputEnable 不发起预测","tanet",e),!1):(c.warn("is._inputEnable 不发起预测","降级开关"),!1)}});n.exports=new v}),define("instant_search/monitor",["require","exports","module","instant_search/goSync","instant_search/urlUtil"],function(e,t,n){"use strict";function r(){return 0==$(".result,.se-noresult-tips").length}function a(){return o?o.getReqStatus():s?s.getReqStatus():u+"_"+i}var i,s,o,c,u=1,d="new_is",l=e("instant_search/goSync"),h=e("instant_search/urlUtil"),p=[],f=[6e3,12e3,14e3],m=[function(){r()&amp;&amp;window.page&amp;&amp;page.webb&amp;&amp;page.webb.exception&amp;&amp;page.webb.exception.trigger("wiseasync",{st:"timeoutfirst_2",requestStatus:a(),group:d,word:""})},function(){r()&amp;&amp;window.page&amp;&amp;page.webb&amp;&amp;page.webb.exception&amp;&amp;page.webb.exception.trigger("wiseasync",{st:"timeoutsec_2",requestStatus:a(),group:d,word:""})},function(){r()&amp;&amp;(window.page&amp;&amp;page.cookie&amp;&amp;page.cookie("WISEWR","16_2",{expires:864e5}),l(h.toSync(c)))}];n.exports={userSearch:function(e){c=e,s=null,o=null,i=0,this._startMonitor()},setPrefetchStream:function(e){s=e,i=1},setRenderStream:function(e){o=e,i=2},searchPageDetach:function(){this._clearMonitor()},searchPageAttach:function(){var e=location.pathname.indexOf("/searchframe")&gt;-1;e||this._startMonitor()},_startMonitor:function(){this._clearMonitor();for(var e=0;e&lt;f.length;++e)p[e]=setTimeout(m[e],f[e])},_clearMonitor:function(){for(var e=0;e&lt;f.length;++e)clearTimeout(p[e])}}}),define("instant_search/ObjectPool",["require","exports","module","instant_search/util/derive","instant_search/util/unimplementedFunction","instant_search/util/emptyFunction"],function(e,t,n){"use strict";var r=e("instant_search/util/derive"),a=e("instant_search/util/unimplementedFunction"),i=e("instant_search/util/emptyFunction");n.exports=r(Object,function(e){Object.call(this),this._size=arguments.length&gt;0?Number(e):-1,this._pool=[]},{_pool:null,malloc:function(){var e=this._pool;return e.length?e.pop():this.onCreate()},free:function(e){var t=this._pool;-1===this._size||this._size&gt;t.length?t.push(e):this.onDestroy(e)},clean:function(){for(var e,t,n=this.pool;e=n.length;){for(t=0;e&gt;t;t++)this.onDestroy(n[t]);n.splice(0,e)}},onCreate:a,onDestroy:i})}),define("instant_search/Parser",["require","exports","module","instant_search/util/derive","instant_search/EventEmitter","instant_search/util/log","instant_search/ObjectPool"],function(e,t,n){"use strict";var r=e("instant_search/util/derive"),a=e("instant_search/EventEmitter"),i=e("instant_search/util/log"),s=e("instant_search/ObjectPool"),o=decodeURIComponent("%3C!---async_"),c=decodeURIComponent("--%3E"),u=decodeURIComponent("%3C!--/async_"),d=decodeURIComponent("--%3E"),l=decodeURIComponent("%3C!--"),h=decodeURIComponent("--%3E"),p=0,f=1,m=2,g=r(a,function(){a.call(this),this.reset()},{_status:null,_index:0,_input:null,_tagStack:null,_tagInfo:null,reset:function(){this._status=p,this._index=0,this._input="",this._tagStack=[],this._tagInfo=null},start:function(){i.log("parser","start"),this.reset(),this.emit("start")},update:function(e){if(i.log("parser","update",e.length),e)for(this._input=e;this._parse(););},end:function(){i.log("parser","end"),this.emit("end")},"break":function(){i.log("parser","break"),this.emit("fail")},connectRequest:function(e){var t=this;e.on("header",t.start,t),e.on("update",t.update,t),e.on("end",t.end,t),e.on("fail",t.break,t)},_parse:function(){var e,t,n,r=this._index;switch(this._status){case p:if(e=this._find(o,u),!e)return!1;switch(e.value){case o:return this._index=e.index+o.length,this._tagStack.push(this._tagInfo),this._tagInfo={outterStart:e.index},this._status=f,!0;case u:return this._index=e.index+u.length,this._tagInfo.innerEnd=e.index,this._status=m,!0;default:return!1}break;case f:return(e=this._find(c))?(t=this._input.substring(r,e.index),this._index=e.index+c.length,this._tagInfo.tagName=t,this._tagInfo.innerStart=this._index,this._status=p,!0):!1;case m:if(e=this._find(d),!e)return!1;if(t=this._input.substring(r,e.index),t!==this._tagInfo.tagName)throw new Error('unmatch tag"'+t+'", expect "'+n+'"');return this._index=e.index+d.length,this._tagInfo.outterEnd=this._index,this._onBlock(this._tagInfo),this._tagInfo=this._tagStack.pop(),this._status=p,!0;default:return!1}return!1},_find:function(){var e,t,n,r,a=this._index,i=-1,s=!1;for(t=arguments.length,e=0;t&gt;e;e++){if(n=arguments[e],r=this._input.indexOf(n,a),0===r)return{value:n,index:r};r&gt;0&amp;&amp;(-1==i||i&gt;r)&amp;&amp;(i=r,s={value:n,index:r})}return s},_onBlock:function(e){i.log("parser","block",e.tagName),e.content=this._input.substring(e.innerStart,e.innerEnd),e.id=e.tagName,"status"===e.tagName&amp;&amp;(e.json=this._parseJSONBlock(e.content)),this.emit("block",e)},_parseJSONBlock:function(e){var t,n,r;if(t=e.indexOf(l),n=e.lastIndexOf(h),0&gt;t||0&gt;n)return null;if(t+=l.length,t&gt;n)return null;r=e.substring(t,n);try{return JSON.parse(r)}catch(a){try{return new Function("return "+r+";")()}catch(a){return null}}}}),_=new s;_.onCreate=function(){return new g},g.get=function(){return _.malloc()},g.release=function(e){e.reset(),e.off(),_.free(e)},n.exports=g}),define("instant_search/Prefetch",["require","exports","module","instant_search/util/derive","instant_search/util/log","instant_search/EventEmitter","instant_search/Cache","instant_search/Request","instant_search/Parser","instant_search/view/Stream","instant_search/urlUtil"],function(e,t,n){"use strict";var r=e("instant_search/util/derive"),a=e("instant_search/util/log"),i=e("instant_search/EventEmitter"),s=e("instant_search/Cache"),o=e("instant_search/Request"),c=e("instant_search/Parser"),u=e("instant_search/view/Stream"),d=e("instant_search/urlUtil");n.exports=r(i,function(e){i.call(this),this._fetchedStreamCache=new s,this._readyStreamCache=e},{_fetchedStreamCache:null,_readyStreamCache:null,fetch:function(e){var t=this._fetchedStreamCache,n=this._readyStreamCache,r=d.getSearchSign(e);if(this.emit("beforefetch")){var i=new o,s=c.get();s.connectRequest(i);var l=new u;return l.bind(s,i),t.set(r,l),l.on("metaInfo",function(){a.log("预取metaInfo到达，加入缓存",e),n.set(r,l),t.unset(r),l.on("fail",function(){a.log("已加入缓存的预取stream失败，从缓存中取出"),n.unset(r,l)})}),i.get(d.appendParams(e,{mod:0,async:1})),a.log('发送预取"'+e+'"'),l}}})}),define("instant_search/Request",["require","exports","module","instant_search/util/derive","instant_search/util/each","instant_search/util/log","instant_search/EventEmitter","instant_search/util/unimplementedFunction"],function(e,t,n){"use strict";function r(e){var t=[];return i(e,function(e,n){n=encodeURIComponent(n),e=encodeURIComponent(e),t.push(n+"="+e)}),t.join("&amp;")}var a=e("instant_search/util/derive"),i=e("instant_search/util/each"),s=e("instant_search/util/log"),o=e("instant_search/EventEmitter"),c=e("instant_search/util/unimplementedFunction"),u=2,d=3,l=4,h=0,p=10,f=30,m=200,g="get",_="post",v=a(o,function(){o.call(this)},{_xhr:null,_url:null,abort:function(){null!==this._xhr&amp;&amp;(this._xhr.abort(),this.emit("abort"))},request:function(e,t,n){var r=this._xhr;null===r&amp;&amp;(r=this._xhr=new XMLHttpRequest,r.onreadystatechange=this._onreadystatechange.bind(this)),this._url=e,r.open(t,e,!0),r.setRequestHeader("Cache-Control","private"),r.setRequestHeader("Async-Type","xml"),r.send(n)},get:function(e,t){var n=r(t);n.length&gt;0&amp;&amp;(e+=(e.indexOf("?")&lt;0?"?":"&amp;")+n),this.request(e,g,null)},post:c,getUrl:function(){return this._url},getStatus:function(){var e=this._xhr;return e?e.readyState!==l?p:this._isSuccess(e)&amp;&amp;this._resultIsAsyncContent(e)?m:f:h},_onreadystatechange:function(){var e,t=this._xhr;switch(t.readyState){case u:s.log("request","header"),this.emit("header",t.getAllResponseHeaders());break;case d:e=t.responseText,null!==e&amp;&amp;(s.log("request","update",e.length),this.emit("update",e));break;case l:this._isSuccess(t)&amp;&amp;this._resultIsAsyncContent(t)?(e=t.responseText,null!==e&amp;&amp;(s.log("request","done",e.length),this.emit("update",e)),this.emit("end",e)):(this._isSuccess(t)?this._resultIsAsyncContent(t)||(window.page&amp;&amp;page.cookie&amp;&amp;page.cookie("WISEWR","11_2",{expires:3e3}),window.page&amp;&amp;page.cookie&amp;&amp;page.cookie("WISEER","1_2",{expires:3e5})):window.page&amp;&amp;page.cookie&amp;&amp;page.cookie("WISEWR","13_2",{expires:3e5}),s.log("request","fail"),this.emit("fail"))}},_isSuccess:function(e){return e.status&gt;=200&amp;&amp;e.status&lt;300||304==e.status},_resultIsAsyncContent:function(e){var t=e.responseText||"";return t.indexOf(decodeURIComponent("%3C!---async_"))&gt;-1||t.indexOf('&lt;template id="async_')&gt;-1||t.length&lt;150&amp;&amp;t.indexOf('&lt;div id="__status"&gt;')&gt;-1}});v.GET=g,v.POST=_,v.STATUS_DEFAULT=h,v.STATUS_LOADING=p,v.STATUS_LOAD_ERROR=f,v.STATUS_LOAD_SUCCESS=m,n.exports=v}),define("instant_search/Search",["require","exports","module","instant_search/util/derive","instant_search/util/each","instant_search/util/slice","instant_search/util/log","instant_search/EventEmitter","instant_search/view/Stream","instant_search/Cache","instant_search/SessionId","instant_search/Suggest","instant_search/Prefetch","instant_search/view/View","instant_search/urlUtil","instant_search/util/extend","instant_search/goSync","instant_search/monitor"],function(e,t,n){"use strict";var r=e("instant_search/util/derive"),a=e("instant_search/util/each"),i=e("instant_search/util/slice"),s=e("instant_search/util/log"),o=(e("instant_search/EventEmitter"),e("instant_search/view/Stream"),e("instant_search/Cache")),c=e("instant_search/SessionId"),u=e("instant_search/Suggest"),d=e("instant_search/Prefetch"),l=e("instant_search/view/View"),h=e("instant_search/urlUtil"),p=e("instant_search/util/extend"),f=e("instant_search/goSync"),m=e("instant_search/monitor"),g=18e4;n.exports=r(Object,function(e){var t=this,n=e.environment;Object.call(t),t._cache=new o(g),t._view=new l({root:e.root,container:e.container,fromSync:e.fromSync,timeRecorder:e.timeRecorder}),t._suggest=new u(t._cache),t._prefetch=new d(t._cache),t._environment=e.environment,t._timeRecorder=e.timeRecorder,t._sessionId=new c,t._confirmedSearch=new o,t._searchInfo={_url:null,_time:null,update:function(e){this._time=+new Date,this._url=e},getUrl:function(){return this._url},getUpdateTime:function(){return this._time}},t._view.on("afterdestroy",t._sessionId.update,t._sessionId),e.fromSync?t._bindPageStateEvent():t._view.on("framedone",t._bindPageStateEvent,t),window.__sam_async_debug?t._updateBoxState({state:"10"}):-1===document.cookie.indexOf("WISEER=1")&amp;&amp;(n.isIos?n.deviceVersion&gt;=4?t._updateBoxState({state:"10"}):(16==n.boxPresid||17==n.boxPresid)&amp;&amp;t._updateBoxState({state:"10"}):t._updateBoxState({state:"10"}))},{_suggest:null,_prefetch:null,_view:null,_cache:null,_sessionId:null,_timeRecorder:null,_fastFirstStopper:null,_searchInfo:null,_confirmedSearch:null,_prefetchStream:null,_renderedStream:null,input:function(e){var t=this._getCacheList(this._cache);this._suggest.input(p({clist:t},e))},search:function(e){m.userSearch(e);var t,n,r=this,a=r._cache,i=r._view,o=!1,c=h.parse(e),u=h.getSearchSign(e),d=u===h.getSearchSign(r._searchInfo.getUrl()),l=d&amp;&amp;+new Date-r._searchInfo.getUpdateTime()&lt;500;return s.log("search: ",e),l?void s.warn("用户过于频繁发起相同检索，不予响应"):(r._searchInfo.update(e),r._fastFirstStopper&amp;&amp;(r._fastFirstStopper(),r._fastFirstStopper=null,s.log("search","【取消上次fastFirst】")),d&amp;&amp;(s.warn("用户再次发起相同的检索，unset已有缓存"),a.unset(u)),(t=a.get(u))?(o=!0,s.log("命中缓存"),r._goSyncWhenFail(t)):(t=r._suggest.wait(e),n=r._prefetch.fetch(e),r._goSyncWhenFail(n)),i.updateQuery(c.word),r._updateBoxState({state:"20",url:h.toSync(e)}),r._prefetchStream=n,r._renderedStream=null,m.setPrefetchStream(n),i.destroy(),window.__sam_async_index=!1,void(o?r._render(t):(s.log("等待双发"),r._fastFirstStopper=r._fastFirstStream(function(e){s.log("双发命中"+(e===t?"预测":"预取")),e===t&amp;&amp;r._goSyncWhenFail(t),r._render(e),r._fastFirstStopper=null},t,n))))},attach:function(){m.searchPageAttach(),this._view.attach()},detach:function(){m.searchPageDetach(),this._view.detach()},getSessionId:function(){return this._sessionId.get()},_fastFirstStream:function(e){var t,n,r,o=i(arguments,1),c=o.length,u=!1,d=function(){u=!0,a(o,function(e){e.off("metaInfo",l)}),o=null},l=function(){u||(d(),e(this))};for(t=0;c&gt;t;t++)n=o[t],n.getMetaInfo()&amp;&amp;(r=n),n.on("metaInfo",l);return r?(s.error("fastFirst中直接可用，但前面在缓存中未能捞出~"),l.call(r),null):d},_goSyncWhenFail:function(e){var t=this;e.on("fail",function(){var e=h.toSync(t._searchInfo.getUrl());s.error("stream失败，强跳同步!",e),window.page&amp;&amp;page.cookie&amp;&amp;(page.cookie("WISEWR")||page.cookie("WISEWR","14_2",{expires:3e3})),t._updateBoxState({state:"50",url:encodeURIComponent(e)}),f(e)})},_getCacheList:function(e){return e.getAll().map(function(e){return e.getMetaInfo().querysign}).join("	")},_updateBoxState:function(e){s.log("updateBoxState",e),window.Bdbox&amp;&amp;Bdbox.invokeApp&amp;&amp;(Bdbox.invokeApp.android?Bdbox.invokeApp("Bdbox_android_searchFrame","asyncPageState",[JSON.stringify(e)]):Bdbox.invokeApp.ios&amp;&amp;Bdbox.invokeApp("searchFrame",{action:"asyncPageState",params:JSON.stringify(e),minver:"7.5.0.0"},""))},_bindPageStateEvent:function(){var e=this;return window.page&amp;&amp;page.comm&amp;&amp;page.cookie?(page.on("ready",function(){e._searchInfo.getUrl()&amp;&amp;e._updateBoxState({state:"30",url:encodeURIComponent(h.toSync(e._searchInfo.getUrl()))})}),page.on("load",function(){e._searchInfo.getUrl()&amp;&amp;e._updateBoxState({state:"40",url:encodeURIComponent(h.toSync(e._searchInfo.getUrl()))})}),page.on("init",function(){if(e._renderedStream){e._setSpeedLogParam();var t=h.parse(e._renderedStream.getUrl());"1"==t.mod&amp;&amp;e._confirmMod1(e._renderedStream)}}),page.on("afterload",function(){page.comm.query&amp;&amp;0===$(".result,.se-noresult-tips").length?page.cookie("WISEWR","15_2",{expires:864e5}):page.cookie("WISEWR","",{expires:-1})}),void(window.__sam_async_debug&amp;&amp;($("head").append('&lt;style class=".se-debug-style"&gt;.se-debug{color:red;position:fixed;top:40px;font-size:12px;left:0;z-index: 9999;text-align:left;background:rgba(255,255,0,0.9);}&lt;/style&gt;'),$("body").prepend('&lt;div class="se-debug"&gt;SYNC-ABLE TO SEARCH new-is&lt;/div&gt;')))):void s.error("结果页渲染完成但缺少page")},_render:function(e){this._renderedStream=e,m.setRenderStream(e),this._view.render(e)},_confirmMod1:function(e){var t=e.getUrl(),n=h.parse(t),r=h.getSearchSign(t),a=e.getMetaInfo()||{};return this._confirmedSearch.get(r)?void s.log("_confirmMod1 已confirm过，故不再重新confirm"):(s.info("confirm mod1"),n.mod="2",n.cqid=a.lid,n.word=a.realword,n.isa=n.sa,n.sa=h.parse(this._searchInfo.getUrl()).sa,$.ajax({url:"/s?"+h.buildSearchQueryString(n)}),void this._confirmedSearch.set(r,!0))},_setSpeedLogParam:function(){var e=h.parse(this._renderedStream.getUrl()),t=h.parse(this._searchInfo.getUrl());window.B&amp;&amp;B.comm&amp;&amp;(B.comm.ps={mod:1==e.mod?2:e.mod},t.ts&amp;&amp;(B.comm.ps.net=this._timeRecorder.get("head")-this._timeRecorder.get("start")),s.info("speedlog",B.comm.ps)),window.__sam_async_debug&amp;&amp;$(".se-debug").html((2==B.comm.ps.mod?"PREDICT-new-is":"ASYNC-new-is")+"&amp;nbsp;&amp;nbsp;&amp;nbsp;&amp;nbsp;&lt;br&gt;B.comm.ps.net:"+(B.comm.ps.net&gt;0?B.comm.ps.net:0)+"ms")}})}),define("instant_search/SessionId",["require","exports","module","instant_search/util/derive"],function(e,t,n){"use strict";var r=e("instant_search/util/derive");n.exports=r(Object,function(){this.update()},{_sessionId:"",get:function(){return this._sessionId},update:function(){this._sessionId=this._randomId()},_randomId:function(){var e=window.page&amp;&amp;page.comm&amp;&amp;page.comm.baiduid||"",t=window.page&amp;&amp;page.comm&amp;&amp;page.comm.lid||"";return e.substr(0,6)+t.substr(-5)+e.substr(-5)+parseInt(99999*Math.random())}})}),define("instant_search/Suggest",["require","exports","module","instant_search/util/derive","instant_search/EventEmitter","instant_search/Cache","instant_search/Request","instant_search/Parser","instant_search/view/Stream","instant_search/EventFifo","instant_search/util/extend","instant_search/util/log","instant_search/urlUtil","instant_search/SuggestFilter"],function(e,t,n){"use strict";var r=e("instant_search/util/derive"),a=e("instant_search/EventEmitter"),i=e("instant_search/Cache"),s=e("instant_search/Request"),o=e("instant_search/Parser"),c=e("instant_search/view/Stream"),u=e("instant_search/EventFifo"),d=(e("instant_search/util/extend"),e("instant_search/util/log")),l=e("instant_search/urlUtil"),h=e("instant_search/SuggestFilter");n.exports=r(a,function(e){a.call(this),this._streamCache=new i,this._readyStreamCache=e,(new h).bindSuggest(this)},{_streamCache:null,_readyStreamCache:null,input:function(e){var t=this,n=e.word||"",r=l.buildSearchUrl(e);if(t.emit("beforeinput",n)){var a=new s,i=o.get();i.connectRequest(a);var c=new u(["start","block","end","fail"]);c.watch(i),i.on("block",function(e){if("status"===e.id){var r=e.json;d.log('预测结果"'+n+'" -&gt; "'+r.realword+'"'),t._onSuccess(r,c,a)}"sug_predict_err"===e.id&amp;&amp;d.log('预测失败"'+n+'"')}),a.get(r),d.log('发送预测"'+n+'"')}},_onSuccess:function(e,t,n){var r=e.realword,a=this._getStream(l.buildSearchUrl({word:r}));switch(a.getStatus()){case c.STAT_INIT:case c.STAT_WAITING:a.bind(t,n),t.flush();break;case c.STAT_RECEIVING:break;case c.STAT_FINISHED:}},wait:function(e){return this._getStream(e)},_getStream:function(e){var t=this,n=t._streamCache.get(r),r=l.getSearchSign(e);return n||(n=new c,t._streamCache.set(r,n),n.on("metaInfo",function(a){l.normalizeWord(a.realword)!==l.parse(r).word&amp;&amp;d.error("预测中stream的realword不符合预期!"),d.log("预测metaInfo到达，加入缓存",e),t._readyStreamCache.set(r,n),n.on("fail",function(){d.log("已加入缓存的预测stream失败，从缓存中取出"),t._readyStreamCache.unset(r,n)})})),n}})}),define("instant_search/SuggestFilter",["require","exports","module","instant_search/util/derive","instant_search/util/log","instant_search/Cache"],function(e,t,n){"use strict";var r=e("instant_search/util/derive"),a=e("instant_search/util/log");e("instant_search/Cache"),n.exports=r(Object,function(){Object.call(this),this._historyList=[]},{_historyList:null,bindSuggest:function(e){e.on("beforeinput",this._beforeInput,this)},_beforeInput:function(e){var t=this._historyList;if(e=e.replace(/\s/gi,""),!e)return a.warn("SuggestFilter 不发起预测","no prefix",e),!1;if(-1!==t.indexOf(e))return a.warn("SuggestFilter 不发起预测","之前预测过"),!1;var n=t.length&amp;&amp;t[t.length-1];if(n&amp;&amp;n.indexOf(e)&gt;-1)return a.warn("SuggestFilter 不发起预测","被上个词包含"),!1;var r="@"===e[0];return r?(a.warn("SuggestFilter 不发起预测","直达号"),!1):encodeURIComponent(e).length&lt;=2?(a.warn("SuggestFilter 不发起预测","少于3个字母"),!1):e.length&gt;14?(a.warn("SuggestFilter 不发起预测","超长"),!1):window.page&amp;&amp;page.comm&amp;&amp;decodeURIComponent(page.comm.query)===e?(a.warn("SuggestFilter 不发起预测","等于当前query"),!1):(t.push(e),this._historyList=t=t.slice(-50),!0)}})}),define("instant_search/TimeRecorder",["require","exports","module","instant_search/util/derive"],function(e,t,n){"use strict";var r=e("instant_search/util/derive");n.exports=r(Object,function(){this.reset()},{_time:null,add:function(e,t){this._time[e]=t||+new Date},get:function(e){return this._time[e]},reset:function(){this._time={}}})}),define("instant_search/supportAsync",["require","exports","module"],function(e,t,n){"use strict";var r="onpopstate"in window;n.exports=function(e){if(!r)return!1;if(e){var t=e.word||"",n=e.st||"",a=0===t.indexOf("@"),i="b"==n.substring(2,3)||"n"==n.substring(3,4);if(!t||a||i)return!1}return!0}}),define("instant_search/urlUtil",["require","exports","module","instant_search/util/each"],function(e,t,n){"use strict";var r=e("instant_search/util/each"),a=["word","pn","nojc","cl","cq","srcid"],i="wd",s=50,o={},c=[];n.exports={getSearchSign:function(e){var t=this,n=t.parse(e),i=[];return n.pn||(n.pn="0"),r(a,function(e){var r=n[e]||"";"word"===e&amp;&amp;(r=t.normalizeWord(r)),i.push(e+"="+r)}),i.join("&amp;")},parse:function(e){if(e=e||"",o[e])return this._copy(o[e]);var t={},n=e.indexOf("?")+1,a=e.slice(n)||"";return r(a.split("&amp;"),function(e){var n=e.split("="),r=n[0]!==i?n[0]:"word";try{t[r]=decodeURIComponent((n[1]||"").replace(/\+/g," "))}catch(a){}}),o[e]=t,c.push(e),c.length&gt;s&amp;&amp;delete o[c.shift()],this._copy(t)},buildSearchUrl:function(e){return"s?"+this.buildSearchQueryString(e)},buildSyncUrl:function(e){return this.toSync(this.buildSearchUrl(e))},toSync:function(e){return/^(https?:)?\/\/.*\..*/.test(e)?e:(e=e.replace(/^\/(.*\/)?s\?/,"s?"),location.protocol+"//"+location.host+"/"+e.replace(/mod=[0-9]*/,"").replace("async=1",""))},appendParams:function(e,t){var n,a=this.parse(e),i={};return r(t,function(e,t){a.hasOwnProperty(t)||(i[t]=e)}),n=this.buildSearchQueryString(i),e+(n?"&amp;"+n:"")},normalizeWord:function(e){return e.toLowerCase().replace(/\s/g,"")},buildSearchQueryString:function(e){var t=[];return r(e,function(n,r){r&amp;&amp;e.hasOwnProperty(r)&amp;&amp;""!==e[r]&amp;&amp;t.push(r+"="+encodeURIComponent(e[r]).replace(/'/g,"%27"))}),t.join("&amp;")},_copy:function(e){return JSON.parse(JSON.stringify(e))}}}),define("instant_search/util/derive",["require","exports","module","instant_search/util/isFunction","instant_search/util/extend","instant_search/util/each","instant_search/util/hasOwn"],function(e,t,n){"use strict";function r(e,t,n){"object"==typeof t&amp;&amp;(n=t,t=i(n,"constructor")?n.constructor:function(){e.apply(this,arguments)},delete n.constructor);var r,s,o,c,u,d=t;return r=Object.create(e.prototype),n=n||{},c={},a(n,function(e,t){if(s=t.split(" "),1===s.length)r[t]=e;else switch(o=s.shift(),t=s.join(" "),o){case"get":case"set":u=c[t]||{},u[o]=e,c[t]=u}}),Object.defineProperties(r,c),d.prototype=r,r.constructor=d,d}var a=(e("instant_search/util/isFunction"),e("instant_search/util/extend"),e("instant_search/util/each")),i=e("instant_search/util/hasOwn");n.exports=r}),define("instant_search/util/each",["require","exports","module","instant_search/util/isFunction"],function(e,t,n){"use strict";function r(e,t,n){if(e){var r,i=0,s=e.length,o=void 0===s||a(e);if(o){for(r in e)if(t.call(n,e[r],r,e)===!1)break}else for(i=0;s&gt;i&amp;&amp;t.call(n,e[i],i,e)!==!1;i++);return e}}var a=e("instant_search/util/isFunction");n.exports=r}),define("instant_search/util/emptyFunction",["require","exports","module"],function(e,t,n){"use strict";n.exports=new Function}),define("instant_search/util/extend",["require","exports","module","instant_search/util/hasOwn"],function(e,t,n){"use strict";function r(e){var t,n,r,i;for(e=e||{},n=arguments.length,t=1;n&gt;t;t++){r=arguments[t];for(i in r)a(r,i)&amp;&amp;(e[i]=r[i])}return e}var a=e("instant_search/util/hasOwn");n.exports=r}),define("instant_search/util/hasOwn",["require","exports","module"],function(e,t,n){"use strict";var r=Object.prototype.hasOwnProperty;n.exports=function(e,t){return r.call(e,t)}}),define("instant_search/util/isFunction",["require","exports","module","instant_search/util/type"],function(e,t,n){"use strict";function r(e){return"function"===a(e)}var a=e("instant_search/util/type");n.exports=r}),define("instant_search/util/isPlainObject",["require","exports","module","instant_search/util/type"],function(e,t,n){function r(e){return null!=e&amp;&amp;e==e.window}function a(e){return"object"==s(e)}function i(e){return a(e)&amp;&amp;!r(e)&amp;&amp;Object.getPrototypeOf(e)==Object.prototype}var s=e("instant_search/util/type");n.exports=i}),define("instant_search/util/log",["require","exports","module"],function(e,t,n){"use strict";var r={},a=null,i=window.__sam_async_debug&amp;&amp;window.page&amp;&amp;page.comm&amp;&amp;page.comm.useNewIs,s=i;["log","info","error","warn"].forEach(function(e){r[e]=function(){if(i&amp;&amp;(console[e].apply(console,arguments),s)){var t=document.createElement("div");t.style.cssText=["color: "+{log:"black",info:"blue",error:"red",warn:"#adad00"}[e]+";","text-align: left;","border-bottom: 1px dashed;"].join(""),t.textContent=[].slice.call(arguments).map(function(e){return JSON.stringify(e)}).join(", "),a.insertBefore(t,a.childNodes[0])}}}),s&amp;&amp;(a=document.createElement("div"),a.style.cssText=["position: fixed;","bottom: 100px;","left: 0;","width: 100%;","height: 150px;","background-color: rgba(255, 255, 255, 0.8);","border-top: 1px solid;","border-bottom: 1px solid;","border-color: #aaa;","z-index: 10;","overflow: auto;"].join(""),document.body.appendChild(a),a.textContent="is log. fis compile time: __FIS_COMPILE_TIME__"),n.exports=r}),define("instant_search/util/queueApply",["require","exports","module"],function(e,t,n){"use strict";function r(e,t,n){var r,s,o;if(a.push([e,t,n]),!i){for(i=!0;r=a.length;){for(s=0;r&gt;s;s++)o=a[s],o[0].apply(o[1],o[2]);a.splice(0,r)}i=!1}}var a=[],i=!1;n.exports=r}),define("instant_search/util/queueCall",["require","exports","module","instant_search/util/queueApply","instant_search/util/slice"],function(e,t,n){"use strict";function r(e,t){return a(e,t,i(arguments,2))}var a=e("instant_search/util/queueApply"),i=e("instant_search/util/slice");n.exports=r}),define("instant_search/util/slice",["require","exports","module"],function(e,t,n){"use strict";function r(e,t,n){switch(arguments.length){case 0:return[];case 1:return a.call(e);case 2:return a.call(e,t);default:return a.call(e,t,n)}}var a=Array.prototype.slice;n.exports=r}),define("instant_search/util/toCamelCase",["require","exports","module"],function(e,t,n){n.exports=function(e,t){var n=e.replace(/-+(.)?/g,function(e,t){return t?t.toUpperCase():""});return t?n[0].toUpperCase()+n.slice(1):n}}),define("instant_search/util/trim",["require","exports","module"],function(e,t,n){"use strict";function r(e){return null==e?"":String.prototype.trim.call(e)}n.exports=r}),define("instant_search/util/type",["require","exports","module"],function(e,t,n){"use strict";function r(e){return null==e?String(e):c[o.call(e)]||"object"}var a,i,s=["Boolean","Number","String","Function","Array","Date","RegExp","Object"],o=Object.prototype.toString,c={};for(a=s.length;a--;)i=s[a],c["[object "+i+"]"]=i.toLowerCase();n.exports=r}),define("instant_search/util/unimplementedFunction",["require","exports","module"],function(e,t,n){"use strict";n.exports=function(){throw new Error("method is not implemented.")}}),define("instant_search/view/Render",["require","exports","module","instant_search/util/derive","instant_search/EventEmitter","instant_search/util/each","instant_search/util/slice","instant_search/util/log","instant_search/util/emptyFunction"],function(e){"use strict";var t=e("instant_search/util/derive"),n=e("instant_search/EventEmitter"),r=(e("instant_search/util/each"),e("instant_search/util/slice")),a=e("instant_search/util/log"),i=e("instant_search/util/emptyFunction");return t(n,function(e){n.call(this),this._timeRecorder=e},{_rendering:!1,_pageWrapperContent:"",_headJsContent:"",_renderingStream:null,render:function(e,t){var n=this;t=t||i,n._rendering=!0,n._renderingStream=e.stream,n._renderingStream.read(function(r){n._processAction(r,e,function(){n._rendering=!1,n._renderingStream=null,t()})})},cancelRender:function(){this._renderingStream&amp;&amp;this._renderingStream.cancelRead(),this._rendering=!1,this._renderingStream=null},_processAction:function(e,t,n){var r,s,o=this,c=window.B&amp;&amp;B.search&amp;&amp;B.search.Search||{trigger:i,one:i};switch(e.type){case"start":c.trigger("start");break;case"block":r=e.data,a.log("render.block","start",r.id),o._processBlock(r,t.root,t.renderFrame,t.insertPoint),a.log("render.block","end",r.id);break;case"end":a.log("render.end, dispatch event"),c.trigger("ready"),c.trigger("init"),$("img[data-imagedelaysrc]").not('[data-imageinvisible="1"]').imageDelayload(),c.trigger("load"),c.trigger("DOMContentLoaded"),$(".se-bn").blur(),s=t.stream.getMetaInfo()&amp;&amp;t.stream.getMetaInfo().realword||"",window.Bdbox&amp;&amp;Bdbox.updateKeyword&amp;&amp;Bdbox.updateKeyword(s,!0),s||a.error("Bdbox.updateKeyword 未取到realword!"),a.log("render.end, before end callback"),n()}},_processBlock:function(e,t,n,r){switch(e.id){case"status":this._timeRecorder.add("head");break;case"sug_predict_err":break;case"head_js0":case"head_js1":case"head_js2":this._headJsContent+=e.content;break;case"head_js3":this._headJsContent+=e.content,n?this._pageWrapperContent+=this._headJsContent:this._appendHTML(t,this._headJsContent),this._headJsContent="";break;case"frame":n&amp;&amp;this._appendHTML(t,e.content);break;case"frame_pagewrapper":n&amp;&amp;(this._pageWrapperContent+=e.content);break;case"page_variable":n?this._pageWrapperContent+=e.content:this._appendHTML(t,e.content);break;case"page_pre":n?this._pageWrapperContent+=e.content:this._appendHTML(t,e.content,r);break;case"new_tablink":$(".se-head-tablink").remove(),n?this._pageWrapperContent+=e.content:this._appendHTML(document.querySelector(".se-page-hd-content"),e.content);break;case"page_bd":n?this._pageWrapperContent+=e.content:(this._appendHTML(t,e.content,r),this._afterRenderPageBd(t));break;case"frame_pagewrapper_end":n&amp;&amp;(this._pageWrapperContent+=e.content,this._appendHTML(t,this._pageWrapperContent),this._afterRenderPageBd(t),this._pageWrapperContent="");break;case"foot_js0":case"foot_js1":case"foot_js2":this._appendHTML(t,e.content)}},_appendHTML:function(e,t,n){var a=document.createElement("DIV");a.innerHTML=t;var i,s=r(a.getElementsByTagName("script"));if(n)for(e=n.parentNode;a.firstChild;)e.insertBefore(a.firstChild,n);else for(;a.firstChild;)e.appendChild(a.firstChild);for(var o=0;o&lt;s.length;++o)i=s[o].innerHTML,this._executeScript(i)},_executeScript:function(e){var t;try{t=new Function(e),t.call(null)}catch(n){setTimeout(function(){throw n},0)}},_applyStyle:function(e,t){var n=document.createElement("STYLE"),r=document.createTextNode(t);n.appendChild(r),e.appendChild(n)},_afterRenderPageBd:function(e){var t=document.querySelector(".se-page-ft"),n=document.querySelector(".se-page-copyright"),r=e.querySelector(".result-loading");r&amp;&amp;(r.style.display="none"),t&amp;&amp;(t.style.visibility="visible"),n&amp;&amp;(n.style.visibility="visible")}})}),define("instant_search/view/Stream",["require","exports","module","instant_search/util/derive","instant_search/EventEmitter","instant_search/util/each","instant_search/util/log","instant_search/util/emptyFunction","instant_search/Request"],function(e){"use strict";var t=e("instant_search/util/derive"),n=e("instant_search/EventEmitter"),r=e("instant_search/util/each"),a=e("instant_search/util/log"),i=e("instant_search/util/emptyFunction"),s=e("instant_search/Request"),o=0,c=1,u=2,d=3,l=t(n,function(e){n.call(this),this._request=e,this._buffer=[]},{_request:null,_status:o,_processCallback:i,_buffer:null,_source:null,_metaInfo:null,_req:null,getStatus:function(){return this._status},getMetaInfo:function(){return this._metaInfo},getUrl:function(){return this._req&amp;&amp;this._req.getUrl()},getReqStatus:function(){return this._req?this._req.getStatus():s.STATUS_DEFAULT},bind:function(e,t){this.unbind(),this._status=c,this._req=t,e.on("start",this._onStart,this),e.on("block",this._onBlock,this),e.on("end",this._onEnd,this),e.on("fail",this._onFail,this)},unbind:function(){null!==this._source&amp;&amp;(this._source.off("start",this._onStart,this),this._source.off("block",this._onBlock,this),this._source.off("end",this._onEnd,this)),this._status=o},read:function(e){this._processCallback=e,this._replay()},cancelRead:function(){this._processCallback=i},_onStart:function(){a.log("stream","start"),this._status===c&amp;&amp;(this._status=u);var e={type:"start"};this._buffer.push(e),this._processCallback(e)},_onBlock:function(e){a.log("stream","block",e.id);var t={type:"block",data:e};this._buffer.push(t),this._processCallback(t),"status"===e.id&amp;&amp;(this._metaInfo=e.json,this.emit("metaInfo",e.json))},_onEnd:function(){a.log("stream","end"),this._status===u&amp;&amp;(this._status=d);var e={type:"end"};this._buffer.push(e),this._processCallback(e),this.emit("finish")},_onFail:function(){a.log("stream","fail"),this.emit("fail")},_replay:function(){r(this._buffer,function(e){this._processCallback(e)},this)},stringify:function(){return JSON.stringify({})}});return l.STAT_INIT=o,l.STAT_WAITING=c,l.STAT_RECEIVING=u,l.STAT_FINISHED=d,l}),define("instant_search/view/View",["require","exports","module","instant_search/util/derive","instant_search/EventEmitter","instant_search/util/each","instant_search/util/log","instant_search/view/Render","instant_search/util/emptyFunction"],function(e){"use strict";var t=e("instant_search/util/derive"),n=e("instant_search/EventEmitter"),r=(e("instant_search/util/each"),e("instant_search/util/log")),a=e("instant_search/view/Render"),i=e("instant_search/util/emptyFunction"),s=0,o=1,c=2;return t(n,function(e){n.call(this),this._render=new a(e.timeRecorder),this._root=e.root,this._container=e.container,e.fromSync&amp;&amp;this._markFrameDone(),this._afterFrameDone={needDestroy:!1,needRender:!1,renderedStream:null}},{_render:null,_root:null,_container:null,_afterFrameDone:null,_rendering:!1,_frameStatus:s,_insertPoint:null,_lastRenderCanceled:!1,_lastQuery:null,render:function(e){var t=this;switch(t._lastRenderCanceled=!1,t._frameStatus){case s:r.log("render","渲染框架+结果"),t._rendering=!0,t._frameStatus=o,t._render.render({renderFrame:!0,stream:e,root:t._root,insertPoint:t._insertPoint},function(){r.log("render","框架渲染完成"),t._rendering=!1,t._markFrameDone(),t._afterFrameDone.needDestroy&amp;&amp;(r.log("render","框架渲染完，补destroy"),t.destroy()),t._afterFrameDone.needRender&amp;&amp;(r.log("render","框架渲染完，补render"),t.render(t._afterFrameDone.renderedStream))});break;case c:r.log("render","渲染结果"),t._rendering=!0,t._render.render({renderFrame:!1,stream:e,root:t._root,insertPoint:t._insertPoint},function(){r.log("render","内容渲染完成"),t._rendering=!1,t._lastRenderCanceled&amp;&amp;r.error("renderCanceled, but finished still")});break;case o:r.log("render","框架渲染中，等待其完成后进行渲染"),t._afterFrameDone.needRender=!0,t._afterFrameDone.renderedStream=e}},destroy:function(){switch(this._frameStatus){case s:r.log("destroy","无框架，无效destroy");break;case c:r.log("destroy","destroy"),this._rendering&amp;&amp;(r.log("destroy","【取消上次未完成的render】"),this._render.cancelRender(),this._rendering=!1,this._lastRenderCanceled=!0),this._destroyResults();break;case o:r.log("destroy","【框架渲染中，待其完成后进行destroy】"),this._afterFrameDone.needDestroy=!0,this._afterFrameDone.needRender=!1,this._afterFrameDone.renderedStream=null}},updateQuery:function(e){e!==this._lastQuery&amp;&amp;(this._lastQuery=e,document.title=e?e+" - 百度":"百度一下",this._frameStatus===c&amp;&amp;(window.page&amp;&amp;page.comm&amp;&amp;(page.comm.query=encodeURIComponent(e)),$(".se-input").val(e),e&amp;&amp;$("a.h-tab, .more-links&gt;a").forEach(function(t){var n,r=t.getAttribute("href"),a=/([?&amp;]word=|[?&amp;]kw=|[?&amp;]w=|[?&amp;]search-|[?&amp;]key=|[?&amp;]s=s%26wd%3D|#search\/|#search=)(.*?)(&amp;|$)/i,i="地图"===t.innerText.trim();r&amp;&amp;(t.setAttribute("href",r.replace(a,"$1"+encodeURIComponent(e)+"$3")),i&amp;&amp;(n=t.getAttribute("data-schema"),t.setAttribute("data-schema",n.replace(/([?&amp;]query=)(.*?)(&amp;|$)/,"$1"+encodeURIComponent(e)+"$3"))))})))},attach:function(){this._container.appendChild(this._root)},detach:function(){this._container.removeChild(this._root)},_destroyResults:function(){var e=this,t=window.page&amp;&amp;page.search&amp;&amp;page.search.Search||{trigger:i,one:i,restoreEvent:i};t.trigger("stop"),e._destroyDom(),t.trigger("destroy"),t.one("afterdestroy",function(){t.restoreEvent(),e.emit("afterdestroy")})},_destroyDom:function(){var e;(new Date).getTime(),$(".se-input").trigger("blur"),$(".se-page-tips,.results,.se-relativewords").empty(),$("#search-btm-zone,.se-pagenav").hide();var t=document.querySelector(".se-page-ft"),n=document.querySelector(".se-page-copyright"),r=document.querySelector(".se-foot-blank");t&amp;&amp;(t.style.display="",t.style.visibility="hidden"),n&amp;&amp;(n.style.display="",n.style.visibility="hidden"),r&amp;&amp;(r.style.display=""),$(".result-loading").show(),$(".se-page-hd").css({visibility:"visible"}),$(".se-foot-blank~*").remove(),$(".search-page~div").remove(),$(".se-page-bd,.se-page-pre-style,.se-common-base,.se-async-js").remove(),$("head&gt;script:not(.code-to-write)").remove(),$("body&gt;script:not([data-key])").remove(),$("body&gt;style:not([data-key])").remove(),$(".se-zbios-hide,#searchwordtobox").remove(),e=(new Date).getTime()},_markFrameDone:function(){this._frameStatus=c,this._insertPoint=this._root.querySelector(".se-page-ft"),this.emit("framedone")}})}),!function(){var e=window.B||{};if("undefined"==typeof e.prefetch){var t=0,n=!1;e.prefetch=function(){var r=function(){var e=0,t=1,n=-1,r=function(e){return e},a=function(t,n){$.isFunction(t)||(t=r),$.isFunction(n)||(n=r);var a=this;a.ok=t,a.ng=n,a._nexts=[],a.state=e};return a.prototype={_addOK:function(e){add(this,this.oks,e,this.args,t)},_addNG:function(e){add(this,this.ngs,e,this.errs,n)},_pushOrFire:function(e){var r=this,a=e.promise,i=e.ok,s=e.ng;r.state==t?r._fireNextOK(a,i):r.state==n?r._fireNextNG(a,s):r._nexts.push(e)},_fireNextOK:function(e,t){var n=this,r=t.call(e,n.okResult);r instanceof a?r.then(function(t){e.resolve(t)},function(t){e.reject(t)}):e.resolve(r)},_fireNextNG:function(e,t){var n=this,r=t.call(e,n.ngResult);r instanceof a?r.then(function(t){e.resolve(t)},function(t){e.reject(t)}):e.reject(r)},then:function(e,t){var n=this,i=new a;return $.isFunction(e)||(e=r),$.isFunction(t)||(t=r),n._pushOrFire({promise:i,ok:e,ng:t}),i},resolve:function(n){var r=this,a=r._nexts;if(r.state==e){for(r.state=t,r.okResult=r.ok.call(r,n);a.length&gt;0;)r._pushOrFire(a.shift());return r}},reject:function(t){var r=this,a=r._nexts;if(r.state==e){for(r.state=n,r.ngResult=r.ng.call(r,t);a.length&gt;0;)r._pushOrFire(a.shift());return r}},delay:function(e){return this.then(function(t){var n=new a;return setTimeout(function(){n.resolve(t)},e),n})}},a.when=function(e,t,n){return e.then(t,n)},a.now=(new a).resolve(),a}(),a=$("#commonBase"),i=1,s=2,o=-1,c=-2,u=function(){return(new Date).getTime()},d={cache:{},events:$("&lt;div &gt;&lt;/div&gt;"),cacheLife:2e4,isid:a.attr("data-logid"),buildSearchUrl:function(t,n){var r=e.comm.prepath,i="/s?word="+encodeURIComponent(t)+"&amp;ie=utf-8&amp;tn=iphone&amp;rn=10&amp;wpo=base&amp;"+r.replace(/#/g,"&amp;");for(var s in n){var o=n[s];i+="&amp;"+s+"="+o}var c=a.data("ss");return c&amp;&amp;"0"!==c&amp;&amp;"00"!==c&amp;&amp;(i+="&amp;ss="+c),i},buildSearchParams:function(t,n){var r={},i=u().toString();return r.ts=i.substr(-7),"from pu st sa rq dit ms".split(" ").forEach(function(t){if("from"==t||"sa"==t||"ms"==t)var n=e.comm[t];else var n=a.attr("data-"+t);n&amp;&amp;"0"!==n&amp;&amp;"00"!==n&amp;&amp;(r[t]=n)}),r.mod=1,r.isid=d.isid,r=$.extend(r,n)},onPrefetchFailed:function(e,t){delete d.cache[e],t.promise.reject(t)},prefetchWord:function(e){var t,n=e.word,a=d.buildSearchUrl(n,e.params),l=d.getCacheObj(n);if(l&amp;&amp;(l.status===s||l.status===i))return l;"jsonp"===e.type?(a+="&amp;callback=?",t="jsonp"):"ajax"===e.type&amp;&amp;(t="json"),l=d.cache[n]={promise:new r,word:n,item:e,status:i,timestamp:u()},l.promise.cacheObj=l;var h=$.ajax({url:a,dataType:t,timeout:3e4,beforeSend:function(){d.events.trigger("beforeSend",e)},success:function(e){return e&amp;&amp;e.status&gt;=0?(l.successTimestamp=u(),l.status=s,l.data=e,void l.promise.resolve(l)):d.onPrefetchFailed(n,l)},error:function(e,t){l.status!==s&amp;&amp;(l.status="abort"===t?c:o,d.onPrefetchFailed(n,l))}});return l.xhr=h,l},abortCurrentRequests:function(e){var t=u();for(var n in d.cache){for(var r=!1,a=d.cache[n],o=0,c=e.length;c&gt;o;++o){var l=e[o];if(l.word===n&amp;&amp;(a.status===s||a.status===i)&amp;&amp;t-a.timestamp&lt;d.cacheLife){r=!0;break}}r||(a.status===i&amp;&amp;a.xhr.abort(),delete d.cache[n])}},prefetchWords:function(e){0!=e.length&amp;&amp;(e.forEach(function(){}),clearTimeout(n),n=setTimeout(function(){d.abortCurrentRequests(e),e.forEach(d.prefetchWord)},t))},getCacheStatus:function(e){if(!e)return 0;if("string"==typeof e&amp;&amp;(e=d.cache[e]),!e)return 0;if(!e.data)return 0;if(!e.data.html)return 0;if(!e.data.html.Html_copyright)return 0;if(!e.data.html.Ala_Script)return 0;if(!e.data.html.cooder_js_top&amp;&amp;!e.data.lscode)return 0;var t=u();if(t-e.timestamp&lt;d.cacheLife){var n=e.status;return n===s?e.data.html.cooder_js_top?4:2:n===i?1:0}return 0},getCacheObj:function(e){return d.cache[e]||!1},search:function(e,t,n){d.abortCurrentRequests([e]);var r=e.word,a=d.cache[r],i=0;return a&amp;&amp;a.status!==o&amp;&amp;a.status!==c?i=a.status===s?2:1:(e.params.mod=0,a=d.prefetchWord(e),i=0),a.cacheStatus=i,a.searchTimestamp=u(),a.promise.then(function(){setTimeout(function(){t(a.data),u()},0)},n),a},confirm:function(e){var t=d.buildSearchUrl(e.word,$.extend({},e.item.params,{mod:2,chk:e.data.chk,cqid:e.data.logid,rsv_iqid:e.data.logid}));$.ajax({url:t,dataType:"ajax",timeout:3e4,success:function(){},error:function(){},complete:function(){delete d.cache[e.word]}})}};return d}()}}(),define("modules/invoke/app/android",["require","base/etpl/bdetpl"],function(e){var t=e("base/etpl/bdetpl");return function(e){e.invoke=function(e){if(-1!==["qrcode","voice","index","#Intent;"].indexOf(e)){var t=window.page.comm.browserid,n=window.page.comm.browserversion,r=[t,n].join("|"),a="";if("qrcode"===e){var i=["#Intent","launchFlags=0x20000","component=com.baidu.searchbox/.CodeScannerActivity","S.referer="+encodeURIComponent(location.href),"S.source_app="+encodeURIComponent(r),"end"].join(";");a=["#Intent;action=com.baidu.searchbox.plugin.action.INVOKE","S.package_name=com.baidu.searchbox.godeye","S.method_name=imageSearch","S.params="+JSON.stringify({intent:i}),"end"].join(";")}else"voice"===e&amp;&amp;(a=["intent:#Intent","package=com.baidu.searchbox","action=com.baidu.searchbox.action.VOICESEARCH","category=android.intent.category.DEFAULT","S.search_source=api_mbaiducom_voice","end"].join(";"));return{intent:a,mcmdf:"inapp_boxserver"}}},e.downloadPannel=function(e){var n=new $.Deferred,r="让您不用打字，说话就能搜索",a="https://downpack.baidu.com/baidusearch_AndroidPhone_1001608l.apk";"qrcode"===e&amp;&amp;(r="让您扫一扫二维码/条形码就能搜索",a="https://downpack.baidu.com/baidusearch_AndroidPhone_1001608m.apk");var i='&lt;div id="J_SpeakerMask"&gt;\n    &lt;style&gt;\n        #J_SpeakerMask {\n            width: 100%;\n            background: rgba(0, 0, 0, 0.3);\n            position: fixed;\n            z-index: 90;\n            top: 0;\n            left: 0;\n            height: ${maskHeight};\n        }\n        #J_SpeakerPopup {\n            width: 290px;\n            height: auto;\n            background-color: white;\n            position: fixed;\n            top: 50%;\n            left: 50%;\n            margin-top: -100px;\n            margin-left: -145px;\n            z-index: 99;\n            text-align: left;\n            -webkit-border-radius: 2px;\n        }\n        #J_SpeakerPopup .j-tip-text-1 {\n            color:#262626;\n            font-size: 15px;\n            line-height: normal;\n            font-family: bold;\n            padding: 20px 0px 7px 16px; \n        }\n        #J_SpeakerDownload {\n            display: inline-block;\n            text-decoration: none;\n            width: 148px;\n            background-color: #9AC4FF;\n            border:1px solid #7da9f2;\n            color:#fff;\n            text-align: center;\n            box-sizing: border-box;\n        }\n        #J_SpeakerPopup .j-tip-text-2 {\n            font-size: 15px;\n            padding: 0px 16px 10px;\n            color:#2A8DE8;\n        }\n        #J_SpeakerPopup .j-tip-text-3 {\n            margin-top: 4px;\n            font-size: 13px;\n            padding: 0px 16px 22px;\n            height: 30px;\n            line-height: 29px;\n        }\n        #J_SpeakerPopup .j-tip-text-4 {\n            display: inline-block;\n            vertical-align: middle;\n            margin-right: 5px;\n            width: 11px;\n            height: 16px;\n            background-repeat: no-repeat;\n            background-image: url(data:image/png;base64,iVBORw0KGgoAAAANSUhEUgAAABYAAAAaCAYAAACzdqxAAAAAGXRFWHRTb2Z0d2FyZQBBZG9iZSBJbWFnZVJlYWR5ccllPAAAANlJREFUeNpi/P//PwNNAMhgAvjwf0xwmJA+RgIu5gfiDzjkBID4Iy6NowaPGow9HVf/pz5YAXKxFtD8Y1DXUQN8AWJnWE6xBOJvVHDpTyB2AgcvUjb0hkqQC/4AcQjMPPQ8HkWBwWnIZmErQDLJMLQC3RxcpVMjCYb2YjMDX9E3jQhDl+LST6gsXorH0I1AzEyuwWxAvAWLoQeAmBOfXmJqEJABJ5EMvQTE/JTWIMhlxgEg5gRiWyB+TUgDIwmVKchQZmiWZaCmwSQBkMH/h5zB36DhR1UAEGAAJuqUH+G98EYAAAAASUVORK5CYII=);\n            background-size: 11px 11px;\n            -webkit-background-size: 11px 11px;\n        }\n        #J_SpeakerPopup .j-tip-text-5 {\n            display: inline-block;\n            text-decoration: none;\n            color: #888;\n            text-align: center;\n        }\n        #J_SpeakerPopup .j-tip-text-6 {\n            display: inline-block;\n            padding-left: 14px;\n        }\n        #J_SpeakerPopup .j-tip-text-7 {\n            display: inline-block;\n            width: 7px;\n            height: 10px;\n            margin-left: 5px;\n            background-repeat: no-repeat;\n            background-image: url(data:image/png;base64,iVBORw0KGgoAAAANSUhEUgAAAA4AAAAUCAYAAAC9BQwsAAAAGXRFWHRTb2Z0d2FyZQBBZG9iZSBJbWFnZVJlYWR5ccllPAAAASJJREFUeNpi/P//PwM5gAVE3Lx5E0QxAvE8IN4IxBvwaVJXV2dggrJBmqYDcQIQrwRid0I2wjT2AHE6lM0GxOuA2J4YjR/RxLmAeBMQmxPS2ATE7WhyfEC8A4j18WkEgSog7keTFwDi3UCsiU8jCBQD8TQ0MVEg3gXEKvg0giI1BxotyEAGarMMLo0wzWlAvARNXAGI9wGxGC6NIPAXiLOA+AOauCo0nnFqBMXlGmjgIANQtJXj0sgKxKuA2A1N/BsQ+wLxKWwamYF4ERD7o4n/AuIAID6MLXBA6XUWEEdg0RQKDVWs0TERiJOwBFI8NPlhTQCtQJyLI1pW4Etyj6EKkUE+loSAoXEGVCFMcyUQTyZYAkDBZGioCgNxB6GMDBBgACgnNUyMEDKwAAAAAElFTkSuQmCC);\n            background-size: 7px 10px;\n            -webkit-background-size: 7px 10px;\n        }\n        #J_SpeakerPopup .j-tip-text-8 {\n            position: absolute;\n            right: 0px;\n            top: 0px;\n            width: 50px;\n            height: 50px;\n            background-image: url(data:image/png;base64,iVBORw0KGgoAAAANSUhEUgAAAB4AAAAeCAYAAAA7MK6iAAAAGXRFWHRTb2Z0d2FyZQBBZG9iZSBJbWFnZVJlYWR5ccllPAAAASVJREFUeNrE17EKgzAQBmB79CGcAk4+RaGLfYxOvpTg1Meoi9CnyCQ4+RKFRrhICEbvLgcN3GCT/F+HeMFL13XFPwZEz6WrtyujaBjMLFPwOjG6alx9lHCDWQ1mlzHs0TraYBRQn1GHuIdfAVoo4Km9NVob3LqaGQEStECjDeH1h5sCfoZuBqQmBDgZ3XudpDgL3YMlOBtNwRxchB7BVHyUoGcwBa8kKAUmB3HXArEpUAI5f5AM+/EVzolhgwepOlhTcdorKKHs9grEoNTpFfd2yOi995zeDhnolHOxgLDhT7kXC+TeMlIcFFARDkooG/dwr4BS8T6En66sAnq216K1wQu+IlYBTeEWjSU+XB4fFNAYH0J0Hddo4TrxUP4+m/cyfwIMAIRDjD+sLrvPAAAAAElFTkSuQmCC);\n            background-size: 15px 15px;\n            -webkit-background-size: 15px 15px;\n            background-repeat: no-repeat;\n            background-position: 26px 10px\n        }\n    &lt;/style&gt;\n    &lt;div id="J_SpeakerPopup"&gt;\n        &lt;div class="j-tip-text-1"&gt;\n            即将为您下载手机百度\n        &lt;/div&gt;\n        &lt;div class="j-tip-text-2"&gt;\n            ${text}\n        &lt;/div&gt;\n        &lt;div class="j-tip-text-3"&gt;\n            &lt;a id="J_SpeakerDownload" data-href="${downloadUrl}"&gt;\n                &lt;span class="j-tip-text-4"&gt;&lt;/span&gt;\n                &lt;span&gt;立即下载&lt;/span&gt;\n            &lt;/a&gt;\n            &lt;a class="J_SpeakerCancel j-tip-text-5" href="javascript:;"&gt;\n                &lt;span class="j-tip-text-6"&gt;以后再说&lt;/span&gt;\n                &lt;span class="j-tip-text-7"&gt;&lt;/span&gt;\n            &lt;/a&gt;\n        &lt;/div&gt;\n        &lt;div class="J_SpeakerCancel j-tip-text-8"&gt;\n        &lt;/div&gt;\n    &lt;/div&gt;\n&lt;/div&gt;',s=t.compile(i)({text:r,downloadUrl:a,maskHeight:""+($(window).height()+300)+"px"});return $(s).appendTo("body"),$(".J_SpeakerCancel, #J_SpeakerDownload").one("click",function(){if($("#J_SpeakerPopup, #J_SpeakerMask").remove(),"J_SpeakerDownload"===this.id){var e=$(this).data("href");n.resolve(),setTimeout(function(){location.href=e},500)}else n.reject();return!1}),n.promise()}}}),define("modules/invoke/app/ios",["require"],function(){return function(e){e.invoke=function(e){var t=page.comm.browserid,n=page.comm.browserversion,r=["source_app="+[t,n].join("|"),"referer="+location.href].join("&amp;"),a={qrcode:"baiduboxapp://imagesearch?caller=wise_search&amp;args="+encodeURIComponent(r),voice:"baiduboxapp://voicesearch?opennewwindow&amp;caller=wise_search&amp;args="+encodeURIComponent(r)};return a[e]},e.downloadPannel=function(e){var t=new $.Deferred,n="安装百度客户端，使用条码、二维码识别！（还有神奇的明星脸 CD封面 图书识别哦~）",r="itms-apps://itunes.apple.com/cn/app/shou-ji-bai-du-xiao-shuo-zui/id382201985?pt=328057&amp;ct=pic1-20120226&amp;mt=8";return"voice"===e&amp;&amp;(n="让您不用打字，说话就能搜索",r="itms-apps://itunes.apple.com/cn/app/shou-ji-bai-du-xiao-shuo-zui/id382201985?pt=328057&amp;ct=voice1-20120226&amp;mt=8"),window.confirm(n)?(t.resolve(),location.href=r):t.reject(),t.promise()}}}),define("modules/invoke/app/app",["require","pmd/deps/detect","modules/invoke/invokebox","modules/invoke/app/ios","modules/invoke/app/android"],function(e){var t=e("pmd/deps/detect"),n=e("modules/invoke/invokebox"),r="ios"===t.os.n,a={log:function(e,t,n,r){"function"==typeof n&amp;&amp;(r=n,n={}),page.log.send($.extend({ct:3,cst:2,clk_from:e,clk_info:t},n),r)}},i=new n,s=$('[data-formposition="t"]').add('[data-formposition="b"]');s.find(".se-input").on("focus",function(){$(this).closest(".se-form").addClass("focus")}).on("blur",function(){$(this).closest(".se-form").removeClass("focus")}),s.find(".baiduapp-icon").on("click",function(){var e=$(this).closest(".callicon-wrap");e.toggleClass("open");var t=$(this).closest(".se-form").data("formposition");return a.log(t,e.hasClass("open")?1:2),!1}),s.find(".call").on("click",function(){var e=$(this).closest(".se-form").data("formposition"),t=$(this).hasClass("qrcode")?"qrcode":"voice";a.log(e,"qrcode"===t?3:4),"qrcode"!==t&amp;&amp;"ready"===i.status&amp;&amp;(schemaUrl=a.invoke(t),i.open({showTip:!1,from:"qrcode"===t?"":"neibu_sousuojieguoye_yuyinsousuo",channel:"qrcode"===t?"1001608m":"1019696j",iosScheme:r?schemaUrl:"",androidCommand:$.extend({mode:"0",minver:"6.9.1"},r?{}:schemaUrl),failCallback:function(){a.downloadPannel(t).done(function(){a.log(e,"qrcode"===t?5:6)}),a.log(e,9,{clk_extra:"qrcode"===t?1:2})}}))}),$(function(){var e=document.createElement("script");e.src="//graph.baidu.com/mms/graph/static/resource/sdk/mobile-wise.js?v="+ +new Date,e.async=!0,e.onload=e.onreadystatechange=function(){BD_MMS.ready(function(){BD_MMS.initGraph({id:s.find(".call.qrcode"),tn:"wise",maxSize:8388608,stat:{srcp:"sousuojieguoye"}})})},e.onerror=function(){e.onerror=null,e=null},document.getElementsByTagName("head")[0].appendChild(e)});var o=e("modules/invoke/app/ios"),c=e("modules/invoke/app/android");return page&amp;&amp;page.comm&amp;&amp;page.comm.isAndroid?c(a):o(a),a}),require(["modules/invoke/app/app"],function(e){page.App=page.App||{},page.App=$.extend(page.App,e)}),!function(){"use strict";function e(t,r){function a(e,t){return function(){return e.apply(t,arguments)}}var i;if(r=r||{},this.trackingClick=!1,this.trackingClickStart=0,this.targetElement=null,this.touchStartX=0,this.touchStartY=0,this.lastTouchIdentifier=0,this.touchBoundary=r.touchBoundary||10,this.layer=t,this.tapDelay=r.tapDelay||200,this.tapTimeout=r.tapTimeout||700,!e.notNeeded(t)){for(var s=["onMouse","onClick","onTouchStart","onTouchMove","onTouchEnd","onTouchCancel"],o=this,c=0,u=s.length;u&gt;c;c++)o[s[c]]=a(o[s[c]],o);n&amp;&amp;(t.addEventListener("mouseover",this.onMouse,!0),t.addEventListener("mousedown",this.onMouse,!0),t.addEventListener("mouseup",this.onMouse,!0)),t.addEventListener("click",this.onClick,!0),t.addEventListener("touchstart",this.onTouchStart,!1),t.addEventListener("touchmove",this.onTouchMove,!1),t.addEventListener("touchend",this.onTouchEnd,!1),t.addEventListener("touchcancel",this.onTouchCancel,!1),Event.prototype.stopImmediatePropagation||(t.removeEventListener=function(e,n,r){var a=Node.prototype.removeEventListener;"click"===e?a.call(t,e,n.hijacked||n,r):a.call(t,e,n,r)},t.addEventListener=function(e,n,r){var a=Node.prototype.addEventListener;"click"===e?a.call(t,e,n.hijacked||(n.hijacked=function(e){e.propagationStopped||n(e)}),r):a.call(t,e,n,r)}),"function"==typeof t.onclick&amp;&amp;(i=t.onclick,t.addEventListener("click",function(e){i(e)},!1),t.onclick=null)}}var t=navigator.userAgent.indexOf("Windows Phone")&gt;=0,n=navigator.userAgent.indexOf("Android")&gt;0&amp;&amp;!t,r=/iP(ad|hone|od)/.test(navigator.userAgent)&amp;&amp;!t,a=r&amp;&amp;/OS 4_\d(_\d)?/.test(navigator.userAgent),i=r&amp;&amp;/OS ([6-9]|\d{2})_\d/.test(navigator.userAgent);navigator.userAgent.indexOf("BB10")&gt;0,e.prototype.needsClick=function(e){switch(e.nodeName.toLowerCase()){case"button":case"select":case"textarea":if(e.disabled)return!0;break;case"input":if(r&amp;&amp;"file"===e.type||e.disabled)return!0;break;case"label":case"iframe":case"video":return!0}return/\bneedsclick\b/.test(e.className)},e.prototype.needsFocus=function(e){switch(e.nodeName.toLowerCase()){case"textarea":return!0;case"select":return!n;case"input":switch(e.type){case"button":case"checkbox":case"file":case"image":case"radio":case"submit":return!1}return!e.disabled&amp;&amp;!e.readOnly;default:return/\bneedsfocus\b/.test(e.className)}},e.prototype.sendClick=function(e,t){var n,r;document.activeElement&amp;&amp;document.activeElement!==e&amp;&amp;document.activeElement.blur(),r=t.changedTouches[0],n=document.createEvent("MouseEvents"),n.initEvent(this.determineEventType(e),!0,!0),n.forwardedTouchEvent=!0,e.dispatchEvent(n)},e.prototype.determineEventType=function(e){return n&amp;&amp;"select"===e.tagName.toLowerCase()?"mousedown":"click"},e.prototype.focus=function(e){var t;r&amp;&amp;e.setSelectionRange&amp;&amp;0!==e.type.indexOf("date")&amp;&amp;"time"!==e.type&amp;&amp;"month"!==e.type?(t=e.value.length,e.setSelectionRange(t,t)):e.focus()},e.prototype.updateScrollParent=function(e){var t,n;if(t=e.fastClickScrollParent,!t||!t.contains(e)){n=e;do{if(n.scrollHeight&gt;n.offsetHeight){t=n,e.fastClickScrollParent=n;break}n=n.parentElement}while(n)}t&amp;&amp;(t.fastClickLastScrollTop=t.scrollTop)},e.prototype.getTargetElementFromEventTarget=function(e){return e.nodeType===Node.TEXT_NODE?e.parentNode:e},e.prototype.onTouchStart=function(e){var t,n,i;if(e.targetTouches.length&gt;1)return!0;if(t=this.getTargetElementFromEventTarget(e.target),n=e.targetTouches[0],r){if(i=window.getSelection(),i.rangeCount&amp;&amp;!i.isCollapsed)return!0;if(!a){if(n.identifier&amp;&amp;n.identifier===this.lastTouchIdentifier)return e.preventDefault(),!1;this.lastTouchIdentifier=n.identifier,this.updateScrollParent(t)}}return this.trackingClick=!0,this.trackingClickStart=e.timeStamp,this.targetElement=t,this.touchStartX=n.pageX,this.touchStartY=n.pageY,e.timeStamp-this.lastClickTime&lt;this.tapDelay&amp;&amp;e.preventDefault(),!0},e.prototype.touchHasMoved=function(e){var t=e.changedTouches[0],n=this.touchBoundary;return Math.abs(t.pageX-this.touchStartX)&gt;n||Math.abs(t.pageY-this.touchStartY)&gt;n?!0:!1},e.prototype.onTouchMove=function(e){return this.trackingClick?((this.targetElement!==this.getTargetElementFromEventTarget(e.target)||this.touchHasMoved(e))&amp;&amp;(this.trackingClick=!1,this.targetElement=null),!0):!0},e.prototype.findControl=function(e){return void 0!==e.control?e.control:e.htmlFor?document.getElementById(e.htmlFor):e.querySelector("button, input:not([type=hidden]), keygen, meter, output, progress, select, textarea")},e.prototype.onTouchEnd=function(e){var t,s,o,c,u,d=this.targetElement;if(!this.trackingClick)return!0;if(e.timeStamp-this.lastClickTime&lt;this.tapDelay)return this.cancelNextClick=!0,!0;if(e.timeStamp-this.trackingClickStart&gt;this.tapTimeout)return!0;if(this.cancelNextClick=!1,this.lastClickTime=e.timeStamp,s=this.trackingClickStart,this.trackingClick=!1,this.trackingClickStart=0,i&amp;&amp;(u=e.changedTouches[0],d=document.elementFromPoint(u.pageX-window.pageXOffset,u.pageY-window.pageYOffset)||d,d.fastClickScrollParent=this.targetElement.fastClickScrollParent),o=d.tagName.toLowerCase(),"label"===o){if(t=this.findControl(d)){if(this.focus(d),n)return!1;d=t}}else if(this.needsFocus(d))return e.timeStamp-s&gt;100||r&amp;&amp;window.top!==window&amp;&amp;"input"===o?(this.targetElement=null,!1):(this.focus(d),this.sendClick(d,e),r&amp;&amp;"select"===o||(this.targetElement=null,e.preventDefault()),!1);return r&amp;&amp;!a&amp;&amp;(c=d.fastClickScrollParent,c&amp;&amp;c.fastClickLastScrollTop!==c.scrollTop)?!0:(this.needsClick(d)||(e.preventDefault(),this.sendClick(d,e)),!1)},e.prototype.onTouchCancel=function(){this.trackingClick=!1,this.targetElement=null},e.prototype.onMouse=function(e){return this.targetElement?e.forwardedTouchEvent?!0:!e.cancelable||this.needsClick(this.targetElement)&amp;&amp;!this.cancelNextClick?!0:($(".se-debug").append("&lt;p&gt;stop "+e.target.className+"&lt;/p&gt;"),e.stopImmediatePropagation?e.stopImmediatePropagation():e.propagationStopped=!0,e.stopPropagation(),e.preventDefault(),!1):!0},e.prototype.onClick=function(e){var t;return this.trackingClick?(this.targetElement=null,this.trackingClick=!1,!0):"submit"===e.target.type&amp;&amp;0===e.detail?!0:(t=this.onMouse(e),t||(this.targetElement=null),t)},e.prototype.destroy=function(){var e=this.layer;n&amp;&amp;(e.removeEventListener("mouseover",this.onMouse,!0),e.removeEventListener("mousedown",this.onMouse,!0),e.removeEventListener("mouseup",this.onMouse,!0)),e.removeEventListener("click",this.onClick,!0),e.removeEventListener("touchstart",this.onTouchStart,!1),e.removeEventListener("touchmove",this.onTouchMove,!1),e.removeEventListener("touchend",this.onTouchEnd,!1),e.removeEventListener("touchcancel",this.onTouchCancel,!1)},e.notNeeded=function(e){return"undefined"==typeof window.ontouchstart?!0:"none"===e.style.touchAction?!0:!1},e.attach=function(t,n){return new e(t,n)},"function"==typeof define&amp;&amp;"object"==typeof define.amd&amp;&amp;define.amd?define("utils/fastclick",["require"],function(){return e}):"undefined"!=typeof module&amp;&amp;module.exports?(module.exports=e.attach,module.exports.FastClick=e):window.FastClick=e}(),define("modules/fastclick_init",["require","utils/fastclick"],function(e){function t(){var t=e("utils/fastclick"),n=$("#head").get(0),r=$(".se-page-copyright").get(0),a=$(".se-page-relative").get(0),i=$(".se-page-tips").get(0);n&amp;&amp;t.attach(n),r&amp;&amp;t.attach(r),a&amp;&amp;t.attach(a),i&amp;&amp;t.attach(i)}return{init:t}}),page.on("afterload",function(){require(["modules/fastclick_init"],function(e){e.init()})}),define("modules/tabcontrol",["require","search/param","search/search"],function(e){"use strict";var t,n,r,a,i,s,o,c,u=e("search/param"),d=e("search/search"),l=!0,h=!0,p="a.se-tabitem",f=" span.se-tab-tx",m="se-tab-cur",g="span.se-tab-cur",_="se-bearicon ",v="tab-icon-",w="tab-img-search",b=navigator.userAgent,y=" - 百度",x={_version:"1.0",init:function(){this.updateParams(),t.length&amp;&amp;(this.render(),this.bindEvent())},render:function(){k.isAnimation||(l=!1),!$(".tab-transform-hidden").length&amp;&amp;$('&lt;div class="tab-transform-hidden"&gt;&lt;/div&gt;').appendTo(n)},updateParams:function(){t=$(".se-page-hd .se-head-tablink"),n=$(".se-tablink-scroll-wrapper"),r=n.find(p),a=n.find(p+f),i=n.find(".se-tablink-scroll-touch"),s=n.find(".se-tab-lists"),o=$("#se-form textarea"),c=$(".searchboxtop .se-bearicon")},update:function(e){e&amp;&amp;i.empty().append(e).scrollLeft(0)},destory:function(){},bindEvent:function(){var e=this;n.off("click","a").on("click","a",function(t){e.updateParams(),S.tabClk(t)}),$(window).off("tabSwitch").on("tabSwitch",function(){e.updateParams(),e.checkStatusAfterAttach()}),S.fixedGestureScrollLog()},checkStatusAfterAttach:function(){var e=k.matchCurrentTab();if(e){var t=(e.DOM,e.pd,e.log,e.isClkResult,e.matchCurrentShowTab);t||k.switchTab(r.find(g),e.DOM,k.checkTabPosition),k.checkInputStatus()}}},S={tabClk:function(e){var t=$(e.target).closest("a"),n=t.data("sflink"),a="ps"==t.data("log"),i=r.find(g).closest(p).data("cst");return t.find(f).hasClass(m)?!1:(!a&amp;&amp;n&amp;&amp;(e.preventDefault(),e.stopPropagation(),fif.action.redirect(n),k.switchTab(r.find(g),t),k.checkInputStatus()),a&amp;&amp;h&amp;&amp;(e.preventDefault(),e.stopPropagation(),k.resetSearchBoxStatus(),window.__sam_async_type="loading",d.submit(new u($.extend({},k.getUrlParam(),{tn:"",pd:""}))),k.switchTab(r.find(g),t),k.checkInputStatus()),void page.log.send({ct:t.data("ct"),cst:t.data("cst"),module:"",precst:i}))},fixedGestureScrollLog:function(){var e=!0,t={},n={};i.on("touchstart",function(){navigator.control&amp;&amp;navigator.control.gesture&amp;&amp;navigator.control.gesture(!1),e=!1,t=s.offset()}).on("scroll",function(){n=s.offset(),!e&amp;&amp;Math.abs(t.left-n.left)&gt;30&amp;&amp;(e=!0,page.log.send({ct:24,cst:100}))}).on("touchend",function(){navigator.control&amp;&amp;navigator.control.gesture&amp;&amp;navigator.control.gesture(!1)})}},k={getUrlParam:function(e){for(var e=e||location.href,t={},n=e.substring(e.indexOf("?")+1).split("&amp;"),r=0;r&lt;n.length;r++)if(n[r]){var a=n[r].split("=");t[decodeURIComponent(a[0])]=decodeURIComponent(a[1])}return t},matchCurrentTab:function(e){var t=e||this.getUrlParam().pd,n={};return r.length?($.each(r,function(e,r){return t===$(r).data("pd")?(n.DOM=$(r),n.pd=t,n.log=$(r).data("log"),n.isClkResult=!1,!1):void 0}),n.DOM||(n={DOM:r.eq(0),log:"ps",pd:"",isClkResult:!0}),n.matchCurrentShowTab=n.DOM.find(f).hasClass(m),n):!1},isAnimation:function(){var e=!0;return b.match(/MQQBrowser/)&amp;&amp;b.match(/OPPO R7/)&amp;&amp;(e=!1),e},fireTab:function(e){e&amp;&amp;(a.removeClass(m),e.find(f).addClass(m))},switchTab:function(e,t,n){if(e.length&amp;&amp;t.length){var r=e.offset().left,i=t.offset().left;if(r!==i)return a.removeClass(m),l?void $(".tab-transform-hidden").css({"-webkit-transform":"translate3d("+r+"px, 0, 0)",transform:"translate3d("+r+"px, 0, 0)",width:e.width()}).show().animate({"-webkit-transform":"translate3d("+i+"px, 0, 0)",transform:"translate3d("+i+"px, 0, 0)"},300,"ease",function(){$(this).hide().css({"-webkit-transform":"none",transform:"none"}),t.find(f).addClass(m),n&amp;&amp;n(t)}):(t.find(f).addClass(m),void(n&amp;&amp;n(t)))}},checkTabPosition:function(e){var e=e||r.find(g).closest(p),t=$(window).width(),n=e.offset().left,a=e.width(),o=(e.index()-5)/r.length*s.width();(20&gt;n+a||n+a&gt;t-20)&amp;&amp;i.scrollLeft(o)},resetSearchBoxStatus:function(){var e=$("."+w);e.length&amp;&amp;e.remove()},checkInputStatus:function(){var e=this.getUrlParam().pd,t=this.getUrlParam().word.trim();"zbios"!==page.comm.tn&amp;&amp;"bmbadr"!==page.comm.tn&amp;&amp;(c.attr("class",_+(e?v+e:"")),o.val(t),document.title=t+y)}};return x}),require(["modules/tabcontrol"],function(e){page.on("init",function(){e.init(),e.checkStatusAfterAttach()}),page.on("attach",function(){e.updateParams(),e.checkStatusAfterAttach()})}),define("modules/headtabs",["require"],function(e){function t(){$("#switchBt").switchOver({handler:"#head #switchBt",area:"#head #more",arr:"#head #arr",mo_class:"more-show",arr_class:"arrow-show"})}function n(){/crios/i.test(navigator.userAgent)||$(".se-page-hd").on("click","a[data-schema]",function(){var e=$("&lt;iframe&gt;").css("display","none");e.attr("src",$(this).data("schema")).appendTo(document.body),setTimeout(function(){e.remove()},5e3),page.on("stop",function(){e.remove()})})}function r(){var t=($(window),$(".se-page-hd-content")),n=$(".se-page-hd"),r=$(".se-page-hd .se-head-tablink"),a=$(".wa-sigma-stock-fixed");t.length&amp;&amp;r.length&amp;&amp;("midway"==page.comm.product||a.length||e(["modules/scroll_ctl"],function(e){e.regist(function(e){var r=e.nowScrollTop,a=e.scrollDirection,i=t.height(),s=t.hasClass("head-float");10&gt;=r?(s&amp;&amp;t.removeClass("head-float"),s&amp;&amp;n.css("height","")):"down"==a&amp;&amp;s?(t.removeClass("head-float"),n.css("height","")):"up"!=a||s||(n.height(i),t.addClass("head-float"))})}))}return{switchBt:t,mapTab:n,tabFixed:r}}),require(["modules/headtabs"],function(e){page.one("init",function(){e.switchBt(),e.mapTab()})}),define("modules/searchbox",["require"],function(e){var t={sugInit:function(t,n){var r=$(t),a=r[0];return a?(a.__sug_instance?a.__sug_instance.reinit({w:n.w,publicArgu:n.publicArgu}):window.$&amp;&amp;$.sug?a.__sug_instance=new $.sug(n):e(["global/sug"],function(e){a.__sug_instance=new e(n)}),a.__sug_instance):!1},addFootBlank:function(e){var t=function(){5==page.comm.browserid&amp;&amp;$("#foot-blank").css("height","260px"),e.bind("touchstart focus",function(){$("#foot-blank").show()}).bind("blur",function(){setTimeout(function(){$("#foot-blank").hide()},100)})};page?page.one("load",t):setTimeout(t,0)}};return t}),require(["modules/searchbox"],function(e){var t=!1,n=!1,r=function(){var r={wrapid:"#se-box2",inputid:"#kw2",resetid:"#cross2",buttonid:"#se-bn2",needHis:navigator.cookieEnabled&amp;&amp;!!window.localStorage,record:"default_src",sa:"b",w:page.comm.pn+"_"+page.comm.rn+"_",publicArgu:page.comm.prepath.replace(/#/g,"&amp;")+"&amp;ref="+page.comm.ref+"&amp;lid="+page.comm.lid};if(page&amp;&amp;page.comm&amp;&amp;"zbios"!==page.comm.tn&amp;&amp;"bmbadr"!==page.comm.tn){var a=$.extend({},r,{wrapid:"#se-box",inputid:"#kw",resetid:"#cross",buttonid:"#se-bn",sa:"t"});t=e.sugInit($("#kw"),a)}n=e.sugInit($("#kw2"),r),e.addFootBlank($("#kw2"))};window.page&amp;&amp;page.on?(page.on("ready",r),page.on("attach",function(e,n){"/sf/vsearch"===n.prev.pathPattern&amp;&amp;(t&amp;&amp;t.attach(),$(".se-page-hd-content .se-tablink-scroll-touch").scrollLeft(0))}),page.on("detach",function(e,n){"/sf/vsearch"===n.current.pathPattern&amp;&amp;t&amp;&amp;t.detach()})):window.$?$(document).ready(r):setTimeout(r,0)}),!function(){!window.__sam_async||page.ishome||window.page&amp;&amp;page.comm&amp;&amp;page.comm.useNewIs||require(["search/search"],function(e){e.init()}),B.one("destroy",function(){$(".code-to-write").addClass("writed")})}(),define("modules/BAIDULOC",["require"],function(){page.comm.isAndroid&amp;&amp;page.on("load",function(){function e(){var e=page.comm.gps,t={html5:!1,"native":!1};return e.length&amp;&amp;"all"!==e&amp;&amp;(t[e]=!0),t}function t(e,t,n){var r=Date.now(),a=page.cookie("BAIDUID")||"",i=window.page&amp;&amp;page.https?page.https.domain.get("http://fclick.baidu.com/w.gif"):"http://fclick.baidu.com/w.gif",s=i+"?"+t+"="+encodeURIComponent(n)+"&amp;BAIDUID="+encodeURIComponent(a)+"&amp;tag="+encodeURIComponent(e)+"&amp;rand="+r,o=window[r]=new Image;o.onload=o.onerror=o.onabort=function(){o.onload=o.onerror=o.onabort=null,delete window[r]},o.src=s}var n=page.utils.cookie("BAIDULOC"),r=18e5;if(null!==n&amp;&amp;/(\d+)$/.test(n)&amp;&amp;Date.now()-RegExp.$1&lt;=r){var a=n.split("_");return a.forEach(function(e,t){2&gt;=t&amp;&amp;(a[t]=Math.round(e))}),void t("ecomCookieGps","BAIDULOC",a.join("_"))}var i=!1,s=e();page.geolocation.getPosition({onlyFromHTML5:s.html5,onlyFromNative:s["native"],expireTime:r,onSuccess:function(e,n){if(!i){i=!0;var r="ecomCookieGps",a=[Math.round(e.x),Math.round(e.y),Math.round(e.accuracy),e.cityCode,(new Date).getTime()].join("_");"html5"==n.from?(r="ecomH5Gps",page.cookie("H5LOC",1,{expires:1728e5,domain:".baidu.com",path:"/"})):"native"==n.from&amp;&amp;(r="ecomGps"),t(r,"BAIDULOC",a)}},onFail:function(e){e&amp;&amp;4==e.error&amp;&amp;page.cookie("H5LOC",null)}})})}),require(["modules/BAIDULOC"]);</script><div id="sfr-app"></div><script>B._fireInit();</script><script>try{!function(){function e(e,o,t,n){document.cookie=e+"="+encodeURIComponent(o)+";domain="+t+";path=/;expires="+n.toGMTString()+";"}function o(){e(i=i.lsVersionKey,"",document.domain,t),e(i.lsSuportKey,"no",document.domain,t)}var t=new Date,n=t.getTime();if(page&amp;&amp;page.comm&amp;&amp;page.comm.lsConf){var i=page.comm.lsConf,r={},a=[],s=window.localStorage;$(".code-fr-ls").each(function(){var e=this,o=e.dataset.version;a.push(o),r[i.lsPrefix+o]=1});try{s&amp;&amp;$(".code-to-write").each(function(){var o=this,c=i.lsPrefix+o.dataset.version;r[c]=1,a.push(o.dataset.version);var m=o.textContent||o.innerText;if(s.setItem(c,m),s.getItem(c)!=m)throw new Error("storage error");t.setTime(n+6048e5),e(i.lsVersionKey,a.join("-"),document.domain,t)});for(var c in s)0==c.indexOf(i.lsPrefix)&amp;&amp;1!=r[c]&amp;&amp;s.removeItem(c)}catch(m){o()}}}();;}catch(err){}</script></body></html>]
	at org.testng.Assert.fail(Assert.java:94)
	at org.testng.Assert.failNotEquals(Assert.java:494)
	at org.testng.Assert.assertEquals(Assert.java:123)
	at org.testng.Assert.assertEquals(Assert.java:165)
	at macaca.client.AndroidSampleTest.test_case_1(AndroidSampleTest.java:127)
	at sun.reflect.NativeMethodAccessorImpl.invoke0(Native Method)
	at sun.reflect.NativeMethodAccessorImpl.invoke(NativeMethodAccessorImpl.java:62)
	at sun.reflect.DelegatingMethodAccessorImpl.invoke(DelegatingMethodAccessorImpl.java:43)
	at java.lang.reflect.Method.invoke(Method.java:498)
	at org.testng.internal.MethodInvocationHelper.invokeMethod(MethodInvocationHelper.java:84)
	at org.testng.internal.Invoker.invokeMethod(Invoker.java:714)
	at org.testng.internal.Invoker.invokeTestMethod(Invoker.java:901)
	at org.testng.internal.Invoker.invokeTestMethods(Invoker.java:1231)
	at org.testng.internal.TestMethodWorker.invokeTestMethods(TestMethodWorker.java:127)
	at org.testng.internal.TestMethodWorker.run(TestMethodWorker.java:111)
	at org.testng.TestRunner.privateRun(TestRunner.java:767)
	at org.testng.TestRunner.run(TestRunner.java:617)
	at org.testng.SuiteRunner.runTest(SuiteRunner.java:335)
	at org.testng.SuiteRunner.runSequentially(SuiteRunner.java:330)
	at org.testng.SuiteRunner.privateRun(SuiteRunner.java:291)
	at org.testng.SuiteRunner.run(SuiteRunner.java:240)
	at org.testng.SuiteRunnerWorker.runSuite(SuiteRunnerWorker.java:52)
	at org.testng.SuiteRunnerWorker.run(SuiteRunnerWorker.java:86)
	at org.testng.TestNG.runSuitesSequentially(TestNG.java:1224)
	at org.testng.TestNG.runSuitesLocally(TestNG.java:1149)
	at org.testng.TestNG.run(TestNG.java:1057)
	at org.testng.remote.RemoteTestNG.run(RemoteTestNG.java:111)
	at org.testng.remote.RemoteTestNG.initAndRun(RemoteTestNG.java:204)
	at org.testng.remote.RemoteTestNG.main(RemoteTestNG.java:175)
]]>
    </error>
  </testcase> <!-- test_case_1 -->
</testsuite> <!-- macaca.client.AndroidSampleTest -->
